<?xml version="1.0" encoding="UTF-8"?>
<testsuite xmlns:xsi="http://www.w3.org/2001/XMLSchema-instance" xsi:noNamespaceSchemaLocation="https://maven.apache.org/surefire/maven-surefire-plugin/xsd/surefire-test-report.xsd" name="org.apache.hadoop.ozone.container.common.statemachine.commandhandler.TestCloseContainerByPipeline" time="66.475" tests="4" errors="1" skipped="0" failures="0">
  <properties>
    <property name="awt.toolkit" value="sun.awt.X11.XToolkit"/>
    <property name="file.encoding.pkg" value="sun.io"/>
    <property name="java.specification.version" value="1.8"/>
    <property name="sun.cpu.isalist" value=""/>
    <property name="sun.jnu.encoding" value="UTF-8"/>
    <property name="java.class.path" value="/workdir/hadoop-ozone/integration-test/target/test-classes:/workdir/hadoop-ozone/integration-test/target/classes:/home/user/.m2/repository/org/apache/hadoop/hadoop-ozone-common/0.5.0-SNAPSHOT/hadoop-ozone-common-0.5.0-SNAPSHOT.jar:/home/user/.m2/repository/org/apache/commons/commons-compress/1.4.1/commons-compress-1.4.1.jar:/home/user/.m2/repository/org/tukaani/xz/1.0/xz-1.0.jar:/home/user/.m2/repository/org/apache/hadoop/hadoop-common/3.2.0/hadoop-common-3.2.0.jar:/home/user/.m2/repository/org/apache/hadoop/hadoop-hdfs/3.2.0/hadoop-hdfs-3.2.0.jar:/home/user/.m2/repository/org/apache/hadoop/hadoop-hdfs-client/3.2.0/hadoop-hdfs-client-3.2.0.jar:/home/user/.m2/repository/com/fasterxml/jackson/core/jackson-annotations/2.9.9/jackson-annotations-2.9.9.jar:/home/user/.m2/repository/org/apache/hadoop/hadoop-hdds-common/0.5.0-SNAPSHOT/hadoop-hdds-common-0.5.0-SNAPSHOT.jar:/home/user/.m2/repository/javax/annotation/javax.annotation-api/1.2/javax.annotation-api-1.2.jar:/home/user/.m2/repository/org/apache/ratis/ratis-server/0.4.0/ratis-server-0.4.0.jar:/home/user/.m2/repository/org/apache/ratis/ratis-thirdparty-misc/0.2.0/ratis-thirdparty-misc-0.2.0.jar:/home/user/.m2/repository/org/apache/ratis/ratis-proto/0.4.0/ratis-proto-0.4.0.jar:/home/user/.m2/repository/org/apache/ratis/ratis-common/0.4.0/ratis-common-0.4.0.jar:/home/user/.m2/repository/org/apache/ratis/ratis-client/0.4.0/ratis-client-0.4.0.jar:/home/user/.m2/repository/org/apache/ratis/ratis-metrics/0.4.0/ratis-metrics-0.4.0.jar:/home/user/.m2/repository/com/github/joshelser/dropwizard-metrics-hadoop-metrics2-reporter/0.1.2/dropwizard-metrics-hadoop-metrics2-reporter-0.1.2.jar:/home/user/.m2/repository/io/dropwizard/metrics/metrics-jvm/3.2.5/metrics-jvm-3.2.5.jar:/home/user/.m2/repository/io/dropwizard/metrics/metrics-ganglia/3.2.5/metrics-ganglia-3.2.5.jar:/home/user/.m2/repository/info/ganglia/gmetric4j/gmetric4j/1.0.7/gmetric4j-1.0.7.jar:/home/user/.m2/repository/org/apache/ratis/ratis-netty/0.4.0/ratis-netty-0.4.0.jar:/home/user/.m2/repository/org/apache/ratis/ratis-grpc/0.4.0/ratis-grpc-0.4.0.jar:/home/user/.m2/repository/org/rocksdb/rocksdbjni/6.0.1/rocksdbjni-6.0.1.jar:/home/user/.m2/repository/org/apache/logging/log4j/log4j-api/2.11.0/log4j-api-2.11.0.jar:/home/user/.m2/repository/org/apache/logging/log4j/log4j-core/2.11.0/log4j-core-2.11.0.jar:/home/user/.m2/repository/com/lmax/disruptor/3.4.2/disruptor-3.4.2.jar:/home/user/.m2/repository/org/apache/commons/commons-pool2/2.6.0/commons-pool2-2.6.0.jar:/home/user/.m2/repository/org/bouncycastle/bcpkix-jdk15on/1.60/bcpkix-jdk15on-1.60.jar:/home/user/.m2/repository/commons-validator/commons-validator/1.6/commons-validator-1.6.jar:/home/user/.m2/repository/commons-digester/commons-digester/1.8.1/commons-digester-1.8.1.jar:/home/user/.m2/repository/io/jaegertracing/jaeger-client/0.34.0/jaeger-client-0.34.0.jar:/home/user/.m2/repository/io/jaegertracing/jaeger-thrift/0.34.0/jaeger-thrift-0.34.0.jar:/home/user/.m2/repository/org/apache/thrift/libthrift/0.12.0/libthrift-0.12.0.jar:/home/user/.m2/repository/com/squareup/okhttp3/okhttp/3.9.0/okhttp-3.9.0.jar:/home/user/.m2/repository/com/squareup/okio/okio/1.13.0/okio-1.13.0.jar:/home/user/.m2/repository/io/jaegertracing/jaeger-core/0.34.0/jaeger-core-0.34.0.jar:/home/user/.m2/repository/io/jaegertracing/jaeger-tracerresolver/0.34.0/jaeger-tracerresolver-0.34.0.jar:/home/user/.m2/repository/io/opentracing/contrib/opentracing-tracerresolver/0.1.5/opentracing-tracerresolver-0.1.5.jar:/home/user/.m2/repository/io/opentracing/opentracing-util/0.31.0/opentracing-util-0.31.0.jar:/home/user/.m2/repository/io/opentracing/opentracing-api/0.31.0/opentracing-api-0.31.0.jar:/home/user/.m2/repository/io/opentracing/opentracing-noop/0.31.0/opentracing-noop-0.31.0.jar:/home/user/.m2/repository/org/apache/hadoop/hadoop-hdds-server-framework/0.5.0-SNAPSHOT/hadoop-hdds-server-framework-0.5.0-SNAPSHOT.jar:/home/user/.m2/repository/org/apache/hadoop/hadoop-hdds-container-service/0.5.0-SNAPSHOT/hadoop-hdds-container-service-0.5.0-SNAPSHOT.jar:/home/user/.m2/repository/org/apache/hadoop/hadoop-hdds-client/0.5.0-SNAPSHOT/hadoop-hdds-client-0.5.0-SNAPSHOT.jar:/home/user/.m2/repository/org/apache/hadoop/hadoop-hdds-tools/0.5.0-SNAPSHOT/hadoop-hdds-tools-0.5.0-SNAPSHOT.jar:/home/user/.m2/repository/org/apache/hadoop/hadoop-hdds-server-scm/0.5.0-SNAPSHOT/hadoop-hdds-server-scm-0.5.0-SNAPSHOT.jar:/home/user/.m2/repository/org/apache/hadoop/hadoop-hdds-docs/0.5.0-SNAPSHOT/hadoop-hdds-docs-0.5.0-SNAPSHOT.jar:/home/user/.m2/repository/io/dropwizard/metrics/metrics-core/3.2.4/metrics-core-3.2.4.jar:/home/user/.m2/repository/org/hamcrest/hamcrest-all/1.3/hamcrest-all-1.3.jar:/home/user/.m2/repository/org/bouncycastle/bcprov-jdk15on/1.60/bcprov-jdk15on-1.60.jar:/home/user/.m2/repository/info/picocli/picocli/3.9.6/picocli-3.9.6.jar:/home/user/.m2/repository/com/google/protobuf/protobuf-java/2.5.0/protobuf-java-2.5.0.jar:/home/user/.m2/repository/com/google/guava/guava/11.0.2/guava-11.0.2.jar:/home/user/.m2/repository/org/apache/hadoop/hadoop-ozone-ozone-manager/0.5.0-SNAPSHOT/hadoop-ozone-ozone-manager-0.5.0-SNAPSHOT.jar:/home/user/.m2/repository/org/apache/hadoop/hadoop-minikdc/3.2.0/hadoop-minikdc-3.2.0.jar:/home/user/.m2/repository/commons-io/commons-io/2.5/commons-io-2.5.jar:/home/user/.m2/repository/org/apache/kerby/kerb-simplekdc/1.0.1/kerb-simplekdc-1.0.1.jar:/home/user/.m2/repository/org/apache/kerby/kerb-client/1.0.1/kerb-client-1.0.1.jar:/home/user/.m2/repository/org/apache/kerby/kerby-config/1.0.1/kerby-config-1.0.1.jar:/home/user/.m2/repository/org/apache/kerby/kerb-core/1.0.1/kerb-core-1.0.1.jar:/home/user/.m2/repository/org/apache/kerby/kerby-pkix/1.0.1/kerby-pkix-1.0.1.jar:/home/user/.m2/repository/org/apache/kerby/kerby-asn1/1.0.1/kerby-asn1-1.0.1.jar:/home/user/.m2/repository/org/apache/kerby/kerby-util/1.0.1/kerby-util-1.0.1.jar:/home/user/.m2/repository/org/apache/kerby/kerb-common/1.0.1/kerb-common-1.0.1.jar:/home/user/.m2/repository/org/apache/kerby/kerb-crypto/1.0.1/kerb-crypto-1.0.1.jar:/home/user/.m2/repository/org/apache/kerby/kerb-util/1.0.1/kerb-util-1.0.1.jar:/home/user/.m2/repository/org/apache/kerby/token-provider/1.0.1/token-provider-1.0.1.jar:/home/user/.m2/repository/org/apache/kerby/kerb-admin/1.0.1/kerb-admin-1.0.1.jar:/home/user/.m2/repository/org/apache/kerby/kerb-server/1.0.1/kerb-server-1.0.1.jar:/home/user/.m2/repository/org/apache/kerby/kerb-identity/1.0.1/kerb-identity-1.0.1.jar:/home/user/.m2/repository/org/apache/kerby/kerby-xdr/1.0.1/kerby-xdr-1.0.1.jar:/home/user/.m2/repository/org/slf4j/slf4j-log4j12/1.7.25/slf4j-log4j12-1.7.25.jar:/home/user/.m2/repository/org/apache/hadoop/hadoop-ozone-s3gateway/0.5.0-SNAPSHOT/hadoop-ozone-s3gateway-0.5.0-SNAPSHOT.jar:/home/user/.m2/repository/org/jboss/weld/servlet/weld-servlet/2.4.7.Final/weld-servlet-2.4.7.Final.jar:/home/user/.m2/repository/org/glassfish/jersey/containers/jersey-container-servlet-core/2.27/jersey-container-servlet-core-2.27.jar:/home/user/.m2/repository/org/glassfish/hk2/external/javax.inject/2.5.0-b42/javax.inject-2.5.0-b42.jar:/home/user/.m2/repository/org/glassfish/jersey/core/jersey-common/2.27/jersey-common-2.27.jar:/home/user/.m2/repository/org/glassfish/hk2/osgi-resource-locator/1.0.1/osgi-resource-locator-1.0.1.jar:/home/user/.m2/repository/javax/ws/rs/javax.ws.rs-api/2.1/javax.ws.rs-api-2.1.jar:/home/user/.m2/repository/org/glassfish/jersey/ext/cdi/jersey-cdi1x/2.27/jersey-cdi1x-2.27.jar:/home/user/.m2/repository/org/glassfish/jersey/inject/jersey-hk2/2.27/jersey-hk2-2.27.jar:/home/user/.m2/repository/org/glassfish/hk2/hk2-locator/2.5.0-b42/hk2-locator-2.5.0-b42.jar:/home/user/.m2/repository/org/javassist/javassist/3.22.0-CR2/javassist-3.22.0-CR2.jar:/home/user/.m2/repository/org/glassfish/hk2/hk2-api/2.5.0/hk2-api-2.5.0.jar:/home/user/.m2/repository/org/glassfish/hk2/external/jakarta.inject/2.5.0/jakarta.inject-2.5.0.jar:/home/user/.m2/repository/org/glassfish/hk2/hk2-utils/2.5.0/hk2-utils-2.5.0.jar:/home/user/.m2/repository/jakarta/annotation/jakarta.annotation-api/1.3.4/jakarta.annotation-api-1.3.4.jar:/home/user/.m2/repository/org/glassfish/hk2/external/aopalliance-repackaged/2.5.0/aopalliance-repackaged-2.5.0.jar:/home/user/.m2/repository/com/fasterxml/jackson/dataformat/jackson-dataformat-xml/2.9.0/jackson-dataformat-xml-2.9.0.jar:/home/user/.m2/repository/com/fasterxml/jackson/core/jackson-core/2.9.9/jackson-core-2.9.9.jar:/home/user/.m2/repository/com/fasterxml/jackson/module/jackson-module-jaxb-annotations/2.9.9/jackson-module-jaxb-annotations-2.9.9.jar:/home/user/.m2/repository/javax/enterprise/cdi-api/1.2/cdi-api-1.2.jar:/home/user/.m2/repository/javax/el/javax.el-api/3.0.0/javax.el-api-3.0.0.jar:/home/user/.m2/repository/javax/interceptor/javax.interceptor-api/1.2/javax.interceptor-api-1.2.jar:/home/user/.m2/repository/javax/inject/javax.inject/1/javax.inject-1.jar:/home/user/.m2/repository/com/sun/xml/bind/jaxb-impl/2.3.0.1/jaxb-impl-2.3.0.1.jar:/home/user/.m2/repository/com/sun/xml/bind/jaxb-core/2.3.0.1/jaxb-core-2.3.0.1.jar:/home/user/.m2/repository/javax/xml/bind/jaxb-api/2.3.0/jaxb-api-2.3.0.jar:/home/user/.m2/repository/javax/activation/activation/1.1.1/activation-1.1.1.jar:/home/user/.m2/repository/org/apache/hadoop/hadoop-ozone-csi/0.5.0-SNAPSHOT/hadoop-ozone-csi-0.5.0-SNAPSHOT.jar:/home/user/.m2/repository/com/google/protobuf/protobuf-java-util/3.5.1/protobuf-java-util-3.5.1.jar:/home/user/.m2/repository/org/apache/hadoop/hadoop-hdds-config/0.5.0-SNAPSHOT/hadoop-hdds-config-0.5.0-SNAPSHOT.jar:/home/user/.m2/repository/io/grpc/grpc-netty/1.17.1/grpc-netty-1.17.1.jar:/home/user/.m2/repository/io/grpc/grpc-core/1.17.1/grpc-core-1.17.1.jar:/home/user/.m2/repository/io/grpc/grpc-context/1.17.1/grpc-context-1.17.1.jar:/home/user/.m2/repository/com/google/errorprone/error_prone_annotations/2.2.0/error_prone_annotations-2.2.0.jar:/home/user/.m2/repository/org/codehaus/mojo/animal-sniffer-annotations/1.17/animal-sniffer-annotations-1.17.jar:/home/user/.m2/repository/io/opencensus/opencensus-api/0.17.0/opencensus-api-0.17.0.jar:/home/user/.m2/repository/io/opencensus/opencensus-contrib-grpc-metrics/0.17.0/opencensus-contrib-grpc-metrics-0.17.0.jar:/home/user/.m2/repository/io/netty/netty-codec-http2/4.1.30.Final/netty-codec-http2-4.1.30.Final.jar:/home/user/.m2/repository/io/netty/netty-codec-http/4.1.30.Final/netty-codec-http-4.1.30.Final.jar:/home/user/.m2/repository/io/netty/netty-codec/4.1.30.Final/netty-codec-4.1.30.Final.jar:/home/user/.m2/repository/io/netty/netty-handler/4.1.30.Final/netty-handler-4.1.30.Final.jar:/home/user/.m2/repository/io/netty/netty-handler-proxy/4.1.30.Final/netty-handler-proxy-4.1.30.Final.jar:/home/user/.m2/repository/io/netty/netty-codec-socks/4.1.30.Final/netty-codec-socks-4.1.30.Final.jar:/home/user/.m2/repository/io/netty/netty-transport-native-epoll/4.1.30.Final/netty-transport-native-epoll-4.1.30.Final.jar:/home/user/.m2/repository/io/netty/netty-common/4.1.30.Final/netty-common-4.1.30.Final.jar:/home/user/.m2/repository/io/netty/netty-buffer/4.1.30.Final/netty-buffer-4.1.30.Final.jar:/home/user/.m2/repository/io/netty/netty-transport/4.1.30.Final/netty-transport-4.1.30.Final.jar:/home/user/.m2/repository/io/netty/netty-resolver/4.1.30.Final/netty-resolver-4.1.30.Final.jar:/home/user/.m2/repository/io/netty/netty-transport-native-unix-common/4.1.30.Final/netty-transport-native-unix-common-4.1.30.Final.jar:/home/user/.m2/repository/io/grpc/grpc-protobuf/1.17.1/grpc-protobuf-1.17.1.jar:/home/user/.m2/repository/com/google/api/grpc/proto-google-common-protos/1.0.0/proto-google-common-protos-1.0.0.jar:/home/user/.m2/repository/io/grpc/grpc-protobuf-lite/1.17.1/grpc-protobuf-lite-1.17.1.jar:/home/user/.m2/repository/io/grpc/grpc-stub/1.17.1/grpc-stub-1.17.1.jar:/home/user/.m2/repository/org/apache/hadoop/hadoop-ozone-recon/0.5.0-SNAPSHOT/hadoop-ozone-recon-0.5.0-SNAPSHOT.jar:/home/user/.m2/repository/org/apache/hadoop/hadoop-ozone-reconcodegen/0.5.0-SNAPSHOT/hadoop-ozone-reconcodegen-0.5.0-SNAPSHOT.jar:/home/user/.m2/repository/com/google/inject/extensions/guice-multibindings/4.0/guice-multibindings-4.0.jar:/home/user/.m2/repository/com/google/inject/guice/4.0/guice-4.0.jar:/home/user/.m2/repository/aopalliance/aopalliance/1.0/aopalliance-1.0.jar:/home/user/.m2/repository/com/google/inject/extensions/guice-servlet/4.0/guice-servlet-4.0.jar:/home/user/.m2/repository/org/glassfish/jersey/containers/jersey-container-servlet/2.27/jersey-container-servlet-2.27.jar:/home/user/.m2/repository/org/glassfish/hk2/guice-bridge/2.5.0/guice-bridge-2.5.0.jar:/home/user/.m2/repository/org/glassfish/jersey/core/jersey-server/2.27/jersey-server-2.27.jar:/home/user/.m2/repository/org/glassfish/jersey/core/jersey-client/2.27/jersey-client-2.27.jar:/home/user/.m2/repository/org/glassfish/jersey/media/jersey-media-jaxb/2.27/jersey-media-jaxb-2.27.jar:/home/user/.m2/repository/javax/validation/validation-api/1.1.0.Final/validation-api-1.1.0.Final.jar:/home/user/.m2/repository/org/glassfish/jersey/media/jersey-media-json-jackson/2.27/jersey-media-json-jackson-2.27.jar:/home/user/.m2/repository/org/glassfish/jersey/ext/jersey-entity-filtering/2.27/jersey-entity-filtering-2.27.jar:/home/user/.m2/repository/com/google/inject/extensions/guice-assistedinject/4.0/guice-assistedinject-4.0.jar:/home/user/.m2/repository/org/jooq/jooq/3.11.10/jooq-3.11.10.jar:/home/user/.m2/repository/org/jooq/jooq-meta/3.11.10/jooq-meta-3.11.10.jar:/home/user/.m2/repository/org/jooq/jooq-codegen/3.11.10/jooq-codegen-3.11.10.jar:/home/user/.m2/repository/com/jolbox/bonecp/0.8.0.RELEASE/bonecp-0.8.0.RELEASE.jar:/home/user/.m2/repository/org/xerial/sqlite-jdbc/3.25.2/sqlite-jdbc-3.25.2.jar:/home/user/.m2/repository/org/springframework/spring-jdbc/5.1.3.RELEASE/spring-jdbc-5.1.3.RELEASE.jar:/home/user/.m2/repository/org/springframework/spring-beans/5.1.3.RELEASE/spring-beans-5.1.3.RELEASE.jar:/home/user/.m2/repository/org/springframework/spring-core/5.1.3.RELEASE/spring-core-5.1.3.RELEASE.jar:/home/user/.m2/repository/org/springframework/spring-jcl/5.1.3.RELEASE/spring-jcl-5.1.3.RELEASE.jar:/home/user/.m2/repository/org/springframework/spring-tx/5.1.3.RELEASE/spring-tx-5.1.3.RELEASE.jar:/home/user/.m2/repository/org/apache/hadoop/hadoop-ozone-client/0.5.0-SNAPSHOT/hadoop-ozone-client-0.5.0-SNAPSHOT.jar:/home/user/.m2/repository/commons-lang/commons-lang/2.6/commons-lang-2.6.jar:/home/user/.m2/repository/org/apache/hadoop/hadoop-ozone-ozone-manager/0.5.0-SNAPSHOT/hadoop-ozone-ozone-manager-0.5.0-SNAPSHOT-tests.jar:/home/user/.m2/repository/junit/junit/4.11/junit-4.11.jar:/home/user/.m2/repository/org/hamcrest/hamcrest-core/1.3/hamcrest-core-1.3.jar:/home/user/.m2/repository/org/openjdk/jmh/jmh-core/1.19/jmh-core-1.19.jar:/home/user/.m2/repository/net/sf/jopt-simple/jopt-simple/4.6/jopt-simple-4.6.jar:/home/user/.m2/repository/org/apache/commons/commons-math3/3.1.1/commons-math3-3.1.1.jar:/home/user/.m2/repository/org/openjdk/jmh/jmh-generator-annprocess/1.19/jmh-generator-annprocess-1.19.jar:/home/user/.m2/repository/org/mockito/mockito-all/1.8.5/mockito-all-1.8.5.jar:/home/user/.m2/repository/org/apache/hadoop/hadoop-kms/3.2.0/hadoop-kms-3.2.0.jar:/home/user/.m2/repository/org/apache/hadoop/hadoop-auth/3.2.0/hadoop-auth-3.2.0.jar:/home/user/.m2/repository/com/nimbusds/nimbus-jose-jwt/4.41.1/nimbus-jose-jwt-4.41.1.jar:/home/user/.m2/repository/com/github/stephenc/jcip/jcip-annotations/1.0-1/jcip-annotations-1.0-1.jar:/home/user/.m2/repository/net/minidev/json-smart/2.3/json-smart-2.3.jar:/home/user/.m2/repository/net/minidev/accessors-smart/1.2/accessors-smart-1.2.jar:/home/user/.m2/repository/org/ow2/asm/asm/5.0.4/asm-5.0.4.jar:/home/user/.m2/repository/org/apache/curator/curator-framework/2.12.0/curator-framework-2.12.0.jar:/home/user/.m2/repository/com/sun/jersey/jersey-core/1.19/jersey-core-1.19.jar:/home/user/.m2/repository/javax/ws/rs/jsr311-api/1.1.1/jsr311-api-1.1.1.jar:/home/user/.m2/repository/com/sun/jersey/jersey-server/1.19/jersey-server-1.19.jar:/home/user/.m2/repository/javax/servlet/javax.servlet-api/3.1.0/javax.servlet-api-3.1.0.jar:/home/user/.m2/repository/org/eclipse/jetty/jetty-server/9.3.25.v20180904/jetty-server-9.3.25.v20180904.jar:/home/user/.m2/repository/org/eclipse/jetty/jetty-http/9.3.25.v20180904/jetty-http-9.3.25.v20180904.jar:/home/user/.m2/repository/org/eclipse/jetty/jetty-io/9.3.25.v20180904/jetty-io-9.3.25.v20180904.jar:/home/user/.m2/repository/org/eclipse/jetty/jetty-webapp/9.3.25.v20180904/jetty-webapp-9.3.25.v20180904.jar:/home/user/.m2/repository/org/eclipse/jetty/jetty-xml/9.3.25.v20180904/jetty-xml-9.3.25.v20180904.jar:/home/user/.m2/repository/log4j/log4j/1.2.17/log4j-1.2.17.jar:/home/user/.m2/repository/org/slf4j/slf4j-api/1.7.25/slf4j-api-1.7.25.jar:/home/user/.m2/repository/org/slf4j/jul-to-slf4j/1.7.25/jul-to-slf4j-1.7.25.jar:/home/user/.m2/repository/org/eclipse/jetty/jetty-util/9.3.25.v20180904/jetty-util-9.3.25.v20180904.jar:/home/user/.m2/repository/com/fasterxml/jackson/core/jackson-databind/2.9.9/jackson-databind-2.9.9.jar:/home/user/.m2/repository/org/apache/hadoop/hadoop-kms/3.2.0/hadoop-kms-3.2.0-tests.jar:/home/user/.m2/repository/org/apache/hadoop/hadoop-hdds-server-scm/0.5.0-SNAPSHOT/hadoop-hdds-server-scm-0.5.0-SNAPSHOT-tests.jar:/home/user/.m2/repository/org/apache/hadoop/hadoop-hdds-container-service/0.5.0-SNAPSHOT/hadoop-hdds-container-service-0.5.0-SNAPSHOT-tests.jar:/home/user/.m2/repository/org/yaml/snakeyaml/1.16/snakeyaml-1.16.jar:/home/user/.m2/repository/org/apache/hadoop/hadoop-common/3.2.0/hadoop-common-3.2.0-tests.jar:/home/user/.m2/repository/org/apache/hadoop/hadoop-annotations/3.2.0/hadoop-annotations-3.2.0.jar:/usr/lib/jvm/java-1.8-openjdk/jre/../lib/tools.jar:/home/user/.m2/repository/commons-cli/commons-cli/1.2/commons-cli-1.2.jar:/home/user/.m2/repository/org/apache/httpcomponents/httpclient/4.5.2/httpclient-4.5.2.jar:/home/user/.m2/repository/org/apache/httpcomponents/httpcore/4.4.4/httpcore-4.4.4.jar:/home/user/.m2/repository/commons-codec/commons-codec/1.11/commons-codec-1.11.jar:/home/user/.m2/repository/commons-net/commons-net/3.6/commons-net-3.6.jar:/home/user/.m2/repository/commons-collections/commons-collections/3.2.2/commons-collections-3.2.2.jar:/home/user/.m2/repository/org/eclipse/jetty/jetty-servlet/9.3.25.v20180904/jetty-servlet-9.3.25.v20180904.jar:/home/user/.m2/repository/org/eclipse/jetty/jetty-security/9.3.25.v20180904/jetty-security-9.3.25.v20180904.jar:/home/user/.m2/repository/javax/servlet/jsp/jsp-api/2.1/jsp-api-2.1.jar:/home/user/.m2/repository/com/sun/jersey/jersey-servlet/1.19/jersey-servlet-1.19.jar:/home/user/.m2/repository/com/sun/jersey/jersey-json/1.19/jersey-json-1.19.jar:/home/user/.m2/repository/org/codehaus/jettison/jettison/1.1/jettison-1.1.jar:/home/user/.m2/repository/org/codehaus/jackson/jackson-core-asl/1.9.13/jackson-core-asl-1.9.13.jar:/home/user/.m2/repository/org/codehaus/jackson/jackson-mapper-asl/1.9.13/jackson-mapper-asl-1.9.13.jar:/home/user/.m2/repository/org/codehaus/jackson/jackson-jaxrs/1.9.13/jackson-jaxrs-1.9.13.jar:/home/user/.m2/repository/org/codehaus/jackson/jackson-xc/1.9.13/jackson-xc-1.9.13.jar:/home/user/.m2/repository/commons-logging/commons-logging/1.1.3/commons-logging-1.1.3.jar:/home/user/.m2/repository/commons-beanutils/commons-beanutils/1.9.4/commons-beanutils-1.9.4.jar:/home/user/.m2/repository/org/apache/commons/commons-configuration2/2.1.1/commons-configuration2-2.1.1.jar:/home/user/.m2/repository/org/apache/commons/commons-lang3/3.7/commons-lang3-3.7.jar:/home/user/.m2/repository/org/apache/commons/commons-text/1.4/commons-text-1.4.jar:/home/user/.m2/repository/org/apache/avro/avro/1.7.7/avro-1.7.7.jar:/home/user/.m2/repository/com/thoughtworks/paranamer/paranamer/2.3/paranamer-2.3.jar:/home/user/.m2/repository/org/xerial/snappy/snappy-java/1.0.5/snappy-java-1.0.5.jar:/home/user/.m2/repository/com/google/re2j/re2j/1.1/re2j-1.1.jar:/home/user/.m2/repository/com/google/code/gson/gson/2.2.4/gson-2.2.4.jar:/home/user/.m2/repository/com/jcraft/jsch/0.1.54/jsch-0.1.54.jar:/home/user/.m2/repository/org/apache/curator/curator-client/2.12.0/curator-client-2.12.0.jar:/home/user/.m2/repository/org/apache/curator/curator-recipes/2.12.0/curator-recipes-2.12.0.jar:/home/user/.m2/repository/com/google/code/findbugs/jsr305/3.0.0/jsr305-3.0.0.jar:/home/user/.m2/repository/org/apache/htrace/htrace-core4/4.1.0-incubating/htrace-core4-4.1.0-incubating.jar:/home/user/.m2/repository/org/apache/zookeeper/zookeeper/3.4.13/zookeeper-3.4.13.jar:/home/user/.m2/repository/jline/jline/0.9.94/jline-0.9.94.jar:/home/user/.m2/repository/org/apache/yetus/audience-annotations/0.5.0/audience-annotations-0.5.0.jar:/home/user/.m2/repository/org/codehaus/woodstox/stax2-api/3.1.4/stax2-api-3.1.4.jar:/home/user/.m2/repository/com/fasterxml/woodstox/woodstox-core/5.0.3/woodstox-core-5.0.3.jar:/home/user/.m2/repository/dnsjava/dnsjava/2.1.7/dnsjava-2.1.7.jar:/home/user/.m2/repository/org/apache/hadoop/hadoop-hdfs/3.2.0/hadoop-hdfs-3.2.0-tests.jar:/home/user/.m2/repository/org/eclipse/jetty/jetty-util-ajax/9.3.25.v20180904/jetty-util-ajax-9.3.25.v20180904.jar:/home/user/.m2/repository/commons-daemon/commons-daemon/1.0.13/commons-daemon-1.0.13.jar:/home/user/.m2/repository/io/netty/netty/3.10.5.Final/netty-3.10.5.Final.jar:/home/user/.m2/repository/io/netty/netty-all/4.0.52.Final/netty-all-4.0.52.Final.jar:/home/user/.m2/repository/org/fusesource/leveldbjni/leveldbjni-all/1.8/leveldbjni-all-1.8.jar:"/>
    <property name="java.vm.vendor" value="IcedTea"/>
    <property name="sun.arch.data.model" value="64"/>
    <property name="test.build.dir" value="/workdir/hadoop-ozone/integration-test/target/test-dir"/>
    <property name="test.cache.data" value=""/>
    <property name="java.vendor.url" value="https://icedtea.classpath.org"/>
    <property name="user.timezone" value=""/>
    <property name="java.vm.specification.version" value="1.8"/>
    <property name="os.name" value="Linux"/>
    <property name="test.build.data" value="/workdir/hadoop-ozone/integration-test/target/test-dir"/>
    <property name="user.country" value="US"/>
    <property name="sun.java.launcher" value="SUN_STANDARD"/>
    <property name="sun.boot.library.path" value="/usr/lib/jvm/java-1.8-openjdk/jre/lib/amd64"/>
    <property name="sun.java.command" value="/workdir/hadoop-ozone/integration-test/target/surefire/surefirebooter182007062096408212.jar /workdir/hadoop-ozone/integration-test/target/surefire 2019-09-26T09-15-41_457-jvmRun1 surefire524416250689744896tmp surefire_124268244231435489534tmp"/>
    <property name="test" value="!TestMiniChaosOzoneCluster"/>
    <property name="surefire.test.class.path" value="/workdir/hadoop-ozone/integration-test/target/test-classes:/workdir/hadoop-ozone/integration-test/target/classes:/home/user/.m2/repository/org/apache/hadoop/hadoop-ozone-common/0.5.0-SNAPSHOT/hadoop-ozone-common-0.5.0-SNAPSHOT.jar:/home/user/.m2/repository/org/apache/commons/commons-compress/1.4.1/commons-compress-1.4.1.jar:/home/user/.m2/repository/org/tukaani/xz/1.0/xz-1.0.jar:/home/user/.m2/repository/org/apache/hadoop/hadoop-common/3.2.0/hadoop-common-3.2.0.jar:/home/user/.m2/repository/org/apache/hadoop/hadoop-hdfs/3.2.0/hadoop-hdfs-3.2.0.jar:/home/user/.m2/repository/org/apache/hadoop/hadoop-hdfs-client/3.2.0/hadoop-hdfs-client-3.2.0.jar:/home/user/.m2/repository/com/fasterxml/jackson/core/jackson-annotations/2.9.9/jackson-annotations-2.9.9.jar:/home/user/.m2/repository/org/apache/hadoop/hadoop-hdds-common/0.5.0-SNAPSHOT/hadoop-hdds-common-0.5.0-SNAPSHOT.jar:/home/user/.m2/repository/javax/annotation/javax.annotation-api/1.2/javax.annotation-api-1.2.jar:/home/user/.m2/repository/org/apache/ratis/ratis-server/0.4.0/ratis-server-0.4.0.jar:/home/user/.m2/repository/org/apache/ratis/ratis-thirdparty-misc/0.2.0/ratis-thirdparty-misc-0.2.0.jar:/home/user/.m2/repository/org/apache/ratis/ratis-proto/0.4.0/ratis-proto-0.4.0.jar:/home/user/.m2/repository/org/apache/ratis/ratis-common/0.4.0/ratis-common-0.4.0.jar:/home/user/.m2/repository/org/apache/ratis/ratis-client/0.4.0/ratis-client-0.4.0.jar:/home/user/.m2/repository/org/apache/ratis/ratis-metrics/0.4.0/ratis-metrics-0.4.0.jar:/home/user/.m2/repository/com/github/joshelser/dropwizard-metrics-hadoop-metrics2-reporter/0.1.2/dropwizard-metrics-hadoop-metrics2-reporter-0.1.2.jar:/home/user/.m2/repository/io/dropwizard/metrics/metrics-jvm/3.2.5/metrics-jvm-3.2.5.jar:/home/user/.m2/repository/io/dropwizard/metrics/metrics-ganglia/3.2.5/metrics-ganglia-3.2.5.jar:/home/user/.m2/repository/info/ganglia/gmetric4j/gmetric4j/1.0.7/gmetric4j-1.0.7.jar:/home/user/.m2/repository/org/apache/ratis/ratis-netty/0.4.0/ratis-netty-0.4.0.jar:/home/user/.m2/repository/org/apache/ratis/ratis-grpc/0.4.0/ratis-grpc-0.4.0.jar:/home/user/.m2/repository/org/rocksdb/rocksdbjni/6.0.1/rocksdbjni-6.0.1.jar:/home/user/.m2/repository/org/apache/logging/log4j/log4j-api/2.11.0/log4j-api-2.11.0.jar:/home/user/.m2/repository/org/apache/logging/log4j/log4j-core/2.11.0/log4j-core-2.11.0.jar:/home/user/.m2/repository/com/lmax/disruptor/3.4.2/disruptor-3.4.2.jar:/home/user/.m2/repository/org/apache/commons/commons-pool2/2.6.0/commons-pool2-2.6.0.jar:/home/user/.m2/repository/org/bouncycastle/bcpkix-jdk15on/1.60/bcpkix-jdk15on-1.60.jar:/home/user/.m2/repository/commons-validator/commons-validator/1.6/commons-validator-1.6.jar:/home/user/.m2/repository/commons-digester/commons-digester/1.8.1/commons-digester-1.8.1.jar:/home/user/.m2/repository/io/jaegertracing/jaeger-client/0.34.0/jaeger-client-0.34.0.jar:/home/user/.m2/repository/io/jaegertracing/jaeger-thrift/0.34.0/jaeger-thrift-0.34.0.jar:/home/user/.m2/repository/org/apache/thrift/libthrift/0.12.0/libthrift-0.12.0.jar:/home/user/.m2/repository/com/squareup/okhttp3/okhttp/3.9.0/okhttp-3.9.0.jar:/home/user/.m2/repository/com/squareup/okio/okio/1.13.0/okio-1.13.0.jar:/home/user/.m2/repository/io/jaegertracing/jaeger-core/0.34.0/jaeger-core-0.34.0.jar:/home/user/.m2/repository/io/jaegertracing/jaeger-tracerresolver/0.34.0/jaeger-tracerresolver-0.34.0.jar:/home/user/.m2/repository/io/opentracing/contrib/opentracing-tracerresolver/0.1.5/opentracing-tracerresolver-0.1.5.jar:/home/user/.m2/repository/io/opentracing/opentracing-util/0.31.0/opentracing-util-0.31.0.jar:/home/user/.m2/repository/io/opentracing/opentracing-api/0.31.0/opentracing-api-0.31.0.jar:/home/user/.m2/repository/io/opentracing/opentracing-noop/0.31.0/opentracing-noop-0.31.0.jar:/home/user/.m2/repository/org/apache/hadoop/hadoop-hdds-server-framework/0.5.0-SNAPSHOT/hadoop-hdds-server-framework-0.5.0-SNAPSHOT.jar:/home/user/.m2/repository/org/apache/hadoop/hadoop-hdds-container-service/0.5.0-SNAPSHOT/hadoop-hdds-container-service-0.5.0-SNAPSHOT.jar:/home/user/.m2/repository/org/apache/hadoop/hadoop-hdds-client/0.5.0-SNAPSHOT/hadoop-hdds-client-0.5.0-SNAPSHOT.jar:/home/user/.m2/repository/org/apache/hadoop/hadoop-hdds-tools/0.5.0-SNAPSHOT/hadoop-hdds-tools-0.5.0-SNAPSHOT.jar:/home/user/.m2/repository/org/apache/hadoop/hadoop-hdds-server-scm/0.5.0-SNAPSHOT/hadoop-hdds-server-scm-0.5.0-SNAPSHOT.jar:/home/user/.m2/repository/org/apache/hadoop/hadoop-hdds-docs/0.5.0-SNAPSHOT/hadoop-hdds-docs-0.5.0-SNAPSHOT.jar:/home/user/.m2/repository/io/dropwizard/metrics/metrics-core/3.2.4/metrics-core-3.2.4.jar:/home/user/.m2/repository/org/hamcrest/hamcrest-all/1.3/hamcrest-all-1.3.jar:/home/user/.m2/repository/org/bouncycastle/bcprov-jdk15on/1.60/bcprov-jdk15on-1.60.jar:/home/user/.m2/repository/info/picocli/picocli/3.9.6/picocli-3.9.6.jar:/home/user/.m2/repository/com/google/protobuf/protobuf-java/2.5.0/protobuf-java-2.5.0.jar:/home/user/.m2/repository/com/google/guava/guava/11.0.2/guava-11.0.2.jar:/home/user/.m2/repository/org/apache/hadoop/hadoop-ozone-ozone-manager/0.5.0-SNAPSHOT/hadoop-ozone-ozone-manager-0.5.0-SNAPSHOT.jar:/home/user/.m2/repository/org/apache/hadoop/hadoop-minikdc/3.2.0/hadoop-minikdc-3.2.0.jar:/home/user/.m2/repository/commons-io/commons-io/2.5/commons-io-2.5.jar:/home/user/.m2/repository/org/apache/kerby/kerb-simplekdc/1.0.1/kerb-simplekdc-1.0.1.jar:/home/user/.m2/repository/org/apache/kerby/kerb-client/1.0.1/kerb-client-1.0.1.jar:/home/user/.m2/repository/org/apache/kerby/kerby-config/1.0.1/kerby-config-1.0.1.jar:/home/user/.m2/repository/org/apache/kerby/kerb-core/1.0.1/kerb-core-1.0.1.jar:/home/user/.m2/repository/org/apache/kerby/kerby-pkix/1.0.1/kerby-pkix-1.0.1.jar:/home/user/.m2/repository/org/apache/kerby/kerby-asn1/1.0.1/kerby-asn1-1.0.1.jar:/home/user/.m2/repository/org/apache/kerby/kerby-util/1.0.1/kerby-util-1.0.1.jar:/home/user/.m2/repository/org/apache/kerby/kerb-common/1.0.1/kerb-common-1.0.1.jar:/home/user/.m2/repository/org/apache/kerby/kerb-crypto/1.0.1/kerb-crypto-1.0.1.jar:/home/user/.m2/repository/org/apache/kerby/kerb-util/1.0.1/kerb-util-1.0.1.jar:/home/user/.m2/repository/org/apache/kerby/token-provider/1.0.1/token-provider-1.0.1.jar:/home/user/.m2/repository/org/apache/kerby/kerb-admin/1.0.1/kerb-admin-1.0.1.jar:/home/user/.m2/repository/org/apache/kerby/kerb-server/1.0.1/kerb-server-1.0.1.jar:/home/user/.m2/repository/org/apache/kerby/kerb-identity/1.0.1/kerb-identity-1.0.1.jar:/home/user/.m2/repository/org/apache/kerby/kerby-xdr/1.0.1/kerby-xdr-1.0.1.jar:/home/user/.m2/repository/org/slf4j/slf4j-log4j12/1.7.25/slf4j-log4j12-1.7.25.jar:/home/user/.m2/repository/org/apache/hadoop/hadoop-ozone-s3gateway/0.5.0-SNAPSHOT/hadoop-ozone-s3gateway-0.5.0-SNAPSHOT.jar:/home/user/.m2/repository/org/jboss/weld/servlet/weld-servlet/2.4.7.Final/weld-servlet-2.4.7.Final.jar:/home/user/.m2/repository/org/glassfish/jersey/containers/jersey-container-servlet-core/2.27/jersey-container-servlet-core-2.27.jar:/home/user/.m2/repository/org/glassfish/hk2/external/javax.inject/2.5.0-b42/javax.inject-2.5.0-b42.jar:/home/user/.m2/repository/org/glassfish/jersey/core/jersey-common/2.27/jersey-common-2.27.jar:/home/user/.m2/repository/org/glassfish/hk2/osgi-resource-locator/1.0.1/osgi-resource-locator-1.0.1.jar:/home/user/.m2/repository/javax/ws/rs/javax.ws.rs-api/2.1/javax.ws.rs-api-2.1.jar:/home/user/.m2/repository/org/glassfish/jersey/ext/cdi/jersey-cdi1x/2.27/jersey-cdi1x-2.27.jar:/home/user/.m2/repository/org/glassfish/jersey/inject/jersey-hk2/2.27/jersey-hk2-2.27.jar:/home/user/.m2/repository/org/glassfish/hk2/hk2-locator/2.5.0-b42/hk2-locator-2.5.0-b42.jar:/home/user/.m2/repository/org/javassist/javassist/3.22.0-CR2/javassist-3.22.0-CR2.jar:/home/user/.m2/repository/org/glassfish/hk2/hk2-api/2.5.0/hk2-api-2.5.0.jar:/home/user/.m2/repository/org/glassfish/hk2/external/jakarta.inject/2.5.0/jakarta.inject-2.5.0.jar:/home/user/.m2/repository/org/glassfish/hk2/hk2-utils/2.5.0/hk2-utils-2.5.0.jar:/home/user/.m2/repository/jakarta/annotation/jakarta.annotation-api/1.3.4/jakarta.annotation-api-1.3.4.jar:/home/user/.m2/repository/org/glassfish/hk2/external/aopalliance-repackaged/2.5.0/aopalliance-repackaged-2.5.0.jar:/home/user/.m2/repository/com/fasterxml/jackson/dataformat/jackson-dataformat-xml/2.9.0/jackson-dataformat-xml-2.9.0.jar:/home/user/.m2/repository/com/fasterxml/jackson/core/jackson-core/2.9.9/jackson-core-2.9.9.jar:/home/user/.m2/repository/com/fasterxml/jackson/module/jackson-module-jaxb-annotations/2.9.9/jackson-module-jaxb-annotations-2.9.9.jar:/home/user/.m2/repository/javax/enterprise/cdi-api/1.2/cdi-api-1.2.jar:/home/user/.m2/repository/javax/el/javax.el-api/3.0.0/javax.el-api-3.0.0.jar:/home/user/.m2/repository/javax/interceptor/javax.interceptor-api/1.2/javax.interceptor-api-1.2.jar:/home/user/.m2/repository/javax/inject/javax.inject/1/javax.inject-1.jar:/home/user/.m2/repository/com/sun/xml/bind/jaxb-impl/2.3.0.1/jaxb-impl-2.3.0.1.jar:/home/user/.m2/repository/com/sun/xml/bind/jaxb-core/2.3.0.1/jaxb-core-2.3.0.1.jar:/home/user/.m2/repository/javax/xml/bind/jaxb-api/2.3.0/jaxb-api-2.3.0.jar:/home/user/.m2/repository/javax/activation/activation/1.1.1/activation-1.1.1.jar:/home/user/.m2/repository/org/apache/hadoop/hadoop-ozone-csi/0.5.0-SNAPSHOT/hadoop-ozone-csi-0.5.0-SNAPSHOT.jar:/home/user/.m2/repository/com/google/protobuf/protobuf-java-util/3.5.1/protobuf-java-util-3.5.1.jar:/home/user/.m2/repository/org/apache/hadoop/hadoop-hdds-config/0.5.0-SNAPSHOT/hadoop-hdds-config-0.5.0-SNAPSHOT.jar:/home/user/.m2/repository/io/grpc/grpc-netty/1.17.1/grpc-netty-1.17.1.jar:/home/user/.m2/repository/io/grpc/grpc-core/1.17.1/grpc-core-1.17.1.jar:/home/user/.m2/repository/io/grpc/grpc-context/1.17.1/grpc-context-1.17.1.jar:/home/user/.m2/repository/com/google/errorprone/error_prone_annotations/2.2.0/error_prone_annotations-2.2.0.jar:/home/user/.m2/repository/org/codehaus/mojo/animal-sniffer-annotations/1.17/animal-sniffer-annotations-1.17.jar:/home/user/.m2/repository/io/opencensus/opencensus-api/0.17.0/opencensus-api-0.17.0.jar:/home/user/.m2/repository/io/opencensus/opencensus-contrib-grpc-metrics/0.17.0/opencensus-contrib-grpc-metrics-0.17.0.jar:/home/user/.m2/repository/io/netty/netty-codec-http2/4.1.30.Final/netty-codec-http2-4.1.30.Final.jar:/home/user/.m2/repository/io/netty/netty-codec-http/4.1.30.Final/netty-codec-http-4.1.30.Final.jar:/home/user/.m2/repository/io/netty/netty-codec/4.1.30.Final/netty-codec-4.1.30.Final.jar:/home/user/.m2/repository/io/netty/netty-handler/4.1.30.Final/netty-handler-4.1.30.Final.jar:/home/user/.m2/repository/io/netty/netty-handler-proxy/4.1.30.Final/netty-handler-proxy-4.1.30.Final.jar:/home/user/.m2/repository/io/netty/netty-codec-socks/4.1.30.Final/netty-codec-socks-4.1.30.Final.jar:/home/user/.m2/repository/io/netty/netty-transport-native-epoll/4.1.30.Final/netty-transport-native-epoll-4.1.30.Final.jar:/home/user/.m2/repository/io/netty/netty-common/4.1.30.Final/netty-common-4.1.30.Final.jar:/home/user/.m2/repository/io/netty/netty-buffer/4.1.30.Final/netty-buffer-4.1.30.Final.jar:/home/user/.m2/repository/io/netty/netty-transport/4.1.30.Final/netty-transport-4.1.30.Final.jar:/home/user/.m2/repository/io/netty/netty-resolver/4.1.30.Final/netty-resolver-4.1.30.Final.jar:/home/user/.m2/repository/io/netty/netty-transport-native-unix-common/4.1.30.Final/netty-transport-native-unix-common-4.1.30.Final.jar:/home/user/.m2/repository/io/grpc/grpc-protobuf/1.17.1/grpc-protobuf-1.17.1.jar:/home/user/.m2/repository/com/google/api/grpc/proto-google-common-protos/1.0.0/proto-google-common-protos-1.0.0.jar:/home/user/.m2/repository/io/grpc/grpc-protobuf-lite/1.17.1/grpc-protobuf-lite-1.17.1.jar:/home/user/.m2/repository/io/grpc/grpc-stub/1.17.1/grpc-stub-1.17.1.jar:/home/user/.m2/repository/org/apache/hadoop/hadoop-ozone-recon/0.5.0-SNAPSHOT/hadoop-ozone-recon-0.5.0-SNAPSHOT.jar:/home/user/.m2/repository/org/apache/hadoop/hadoop-ozone-reconcodegen/0.5.0-SNAPSHOT/hadoop-ozone-reconcodegen-0.5.0-SNAPSHOT.jar:/home/user/.m2/repository/com/google/inject/extensions/guice-multibindings/4.0/guice-multibindings-4.0.jar:/home/user/.m2/repository/com/google/inject/guice/4.0/guice-4.0.jar:/home/user/.m2/repository/aopalliance/aopalliance/1.0/aopalliance-1.0.jar:/home/user/.m2/repository/com/google/inject/extensions/guice-servlet/4.0/guice-servlet-4.0.jar:/home/user/.m2/repository/org/glassfish/jersey/containers/jersey-container-servlet/2.27/jersey-container-servlet-2.27.jar:/home/user/.m2/repository/org/glassfish/hk2/guice-bridge/2.5.0/guice-bridge-2.5.0.jar:/home/user/.m2/repository/org/glassfish/jersey/core/jersey-server/2.27/jersey-server-2.27.jar:/home/user/.m2/repository/org/glassfish/jersey/core/jersey-client/2.27/jersey-client-2.27.jar:/home/user/.m2/repository/org/glassfish/jersey/media/jersey-media-jaxb/2.27/jersey-media-jaxb-2.27.jar:/home/user/.m2/repository/javax/validation/validation-api/1.1.0.Final/validation-api-1.1.0.Final.jar:/home/user/.m2/repository/org/glassfish/jersey/media/jersey-media-json-jackson/2.27/jersey-media-json-jackson-2.27.jar:/home/user/.m2/repository/org/glassfish/jersey/ext/jersey-entity-filtering/2.27/jersey-entity-filtering-2.27.jar:/home/user/.m2/repository/com/google/inject/extensions/guice-assistedinject/4.0/guice-assistedinject-4.0.jar:/home/user/.m2/repository/org/jooq/jooq/3.11.10/jooq-3.11.10.jar:/home/user/.m2/repository/org/jooq/jooq-meta/3.11.10/jooq-meta-3.11.10.jar:/home/user/.m2/repository/org/jooq/jooq-codegen/3.11.10/jooq-codegen-3.11.10.jar:/home/user/.m2/repository/com/jolbox/bonecp/0.8.0.RELEASE/bonecp-0.8.0.RELEASE.jar:/home/user/.m2/repository/org/xerial/sqlite-jdbc/3.25.2/sqlite-jdbc-3.25.2.jar:/home/user/.m2/repository/org/springframework/spring-jdbc/5.1.3.RELEASE/spring-jdbc-5.1.3.RELEASE.jar:/home/user/.m2/repository/org/springframework/spring-beans/5.1.3.RELEASE/spring-beans-5.1.3.RELEASE.jar:/home/user/.m2/repository/org/springframework/spring-core/5.1.3.RELEASE/spring-core-5.1.3.RELEASE.jar:/home/user/.m2/repository/org/springframework/spring-jcl/5.1.3.RELEASE/spring-jcl-5.1.3.RELEASE.jar:/home/user/.m2/repository/org/springframework/spring-tx/5.1.3.RELEASE/spring-tx-5.1.3.RELEASE.jar:/home/user/.m2/repository/org/apache/hadoop/hadoop-ozone-client/0.5.0-SNAPSHOT/hadoop-ozone-client-0.5.0-SNAPSHOT.jar:/home/user/.m2/repository/commons-lang/commons-lang/2.6/commons-lang-2.6.jar:/home/user/.m2/repository/org/apache/hadoop/hadoop-ozone-ozone-manager/0.5.0-SNAPSHOT/hadoop-ozone-ozone-manager-0.5.0-SNAPSHOT-tests.jar:/home/user/.m2/repository/junit/junit/4.11/junit-4.11.jar:/home/user/.m2/repository/org/hamcrest/hamcrest-core/1.3/hamcrest-core-1.3.jar:/home/user/.m2/repository/org/openjdk/jmh/jmh-core/1.19/jmh-core-1.19.jar:/home/user/.m2/repository/net/sf/jopt-simple/jopt-simple/4.6/jopt-simple-4.6.jar:/home/user/.m2/repository/org/apache/commons/commons-math3/3.1.1/commons-math3-3.1.1.jar:/home/user/.m2/repository/org/openjdk/jmh/jmh-generator-annprocess/1.19/jmh-generator-annprocess-1.19.jar:/home/user/.m2/repository/org/mockito/mockito-all/1.8.5/mockito-all-1.8.5.jar:/home/user/.m2/repository/org/apache/hadoop/hadoop-kms/3.2.0/hadoop-kms-3.2.0.jar:/home/user/.m2/repository/org/apache/hadoop/hadoop-auth/3.2.0/hadoop-auth-3.2.0.jar:/home/user/.m2/repository/com/nimbusds/nimbus-jose-jwt/4.41.1/nimbus-jose-jwt-4.41.1.jar:/home/user/.m2/repository/com/github/stephenc/jcip/jcip-annotations/1.0-1/jcip-annotations-1.0-1.jar:/home/user/.m2/repository/net/minidev/json-smart/2.3/json-smart-2.3.jar:/home/user/.m2/repository/net/minidev/accessors-smart/1.2/accessors-smart-1.2.jar:/home/user/.m2/repository/org/ow2/asm/asm/5.0.4/asm-5.0.4.jar:/home/user/.m2/repository/org/apache/curator/curator-framework/2.12.0/curator-framework-2.12.0.jar:/home/user/.m2/repository/com/sun/jersey/jersey-core/1.19/jersey-core-1.19.jar:/home/user/.m2/repository/javax/ws/rs/jsr311-api/1.1.1/jsr311-api-1.1.1.jar:/home/user/.m2/repository/com/sun/jersey/jersey-server/1.19/jersey-server-1.19.jar:/home/user/.m2/repository/javax/servlet/javax.servlet-api/3.1.0/javax.servlet-api-3.1.0.jar:/home/user/.m2/repository/org/eclipse/jetty/jetty-server/9.3.25.v20180904/jetty-server-9.3.25.v20180904.jar:/home/user/.m2/repository/org/eclipse/jetty/jetty-http/9.3.25.v20180904/jetty-http-9.3.25.v20180904.jar:/home/user/.m2/repository/org/eclipse/jetty/jetty-io/9.3.25.v20180904/jetty-io-9.3.25.v20180904.jar:/home/user/.m2/repository/org/eclipse/jetty/jetty-webapp/9.3.25.v20180904/jetty-webapp-9.3.25.v20180904.jar:/home/user/.m2/repository/org/eclipse/jetty/jetty-xml/9.3.25.v20180904/jetty-xml-9.3.25.v20180904.jar:/home/user/.m2/repository/log4j/log4j/1.2.17/log4j-1.2.17.jar:/home/user/.m2/repository/org/slf4j/slf4j-api/1.7.25/slf4j-api-1.7.25.jar:/home/user/.m2/repository/org/slf4j/jul-to-slf4j/1.7.25/jul-to-slf4j-1.7.25.jar:/home/user/.m2/repository/org/eclipse/jetty/jetty-util/9.3.25.v20180904/jetty-util-9.3.25.v20180904.jar:/home/user/.m2/repository/com/fasterxml/jackson/core/jackson-databind/2.9.9/jackson-databind-2.9.9.jar:/home/user/.m2/repository/org/apache/hadoop/hadoop-kms/3.2.0/hadoop-kms-3.2.0-tests.jar:/home/user/.m2/repository/org/apache/hadoop/hadoop-hdds-server-scm/0.5.0-SNAPSHOT/hadoop-hdds-server-scm-0.5.0-SNAPSHOT-tests.jar:/home/user/.m2/repository/org/apache/hadoop/hadoop-hdds-container-service/0.5.0-SNAPSHOT/hadoop-hdds-container-service-0.5.0-SNAPSHOT-tests.jar:/home/user/.m2/repository/org/yaml/snakeyaml/1.16/snakeyaml-1.16.jar:/home/user/.m2/repository/org/apache/hadoop/hadoop-common/3.2.0/hadoop-common-3.2.0-tests.jar:/home/user/.m2/repository/org/apache/hadoop/hadoop-annotations/3.2.0/hadoop-annotations-3.2.0.jar:/usr/lib/jvm/java-1.8-openjdk/jre/../lib/tools.jar:/home/user/.m2/repository/commons-cli/commons-cli/1.2/commons-cli-1.2.jar:/home/user/.m2/repository/org/apache/httpcomponents/httpclient/4.5.2/httpclient-4.5.2.jar:/home/user/.m2/repository/org/apache/httpcomponents/httpcore/4.4.4/httpcore-4.4.4.jar:/home/user/.m2/repository/commons-codec/commons-codec/1.11/commons-codec-1.11.jar:/home/user/.m2/repository/commons-net/commons-net/3.6/commons-net-3.6.jar:/home/user/.m2/repository/commons-collections/commons-collections/3.2.2/commons-collections-3.2.2.jar:/home/user/.m2/repository/org/eclipse/jetty/jetty-servlet/9.3.25.v20180904/jetty-servlet-9.3.25.v20180904.jar:/home/user/.m2/repository/org/eclipse/jetty/jetty-security/9.3.25.v20180904/jetty-security-9.3.25.v20180904.jar:/home/user/.m2/repository/javax/servlet/jsp/jsp-api/2.1/jsp-api-2.1.jar:/home/user/.m2/repository/com/sun/jersey/jersey-servlet/1.19/jersey-servlet-1.19.jar:/home/user/.m2/repository/com/sun/jersey/jersey-json/1.19/jersey-json-1.19.jar:/home/user/.m2/repository/org/codehaus/jettison/jettison/1.1/jettison-1.1.jar:/home/user/.m2/repository/org/codehaus/jackson/jackson-core-asl/1.9.13/jackson-core-asl-1.9.13.jar:/home/user/.m2/repository/org/codehaus/jackson/jackson-mapper-asl/1.9.13/jackson-mapper-asl-1.9.13.jar:/home/user/.m2/repository/org/codehaus/jackson/jackson-jaxrs/1.9.13/jackson-jaxrs-1.9.13.jar:/home/user/.m2/repository/org/codehaus/jackson/jackson-xc/1.9.13/jackson-xc-1.9.13.jar:/home/user/.m2/repository/commons-logging/commons-logging/1.1.3/commons-logging-1.1.3.jar:/home/user/.m2/repository/commons-beanutils/commons-beanutils/1.9.4/commons-beanutils-1.9.4.jar:/home/user/.m2/repository/org/apache/commons/commons-configuration2/2.1.1/commons-configuration2-2.1.1.jar:/home/user/.m2/repository/org/apache/commons/commons-lang3/3.7/commons-lang3-3.7.jar:/home/user/.m2/repository/org/apache/commons/commons-text/1.4/commons-text-1.4.jar:/home/user/.m2/repository/org/apache/avro/avro/1.7.7/avro-1.7.7.jar:/home/user/.m2/repository/com/thoughtworks/paranamer/paranamer/2.3/paranamer-2.3.jar:/home/user/.m2/repository/org/xerial/snappy/snappy-java/1.0.5/snappy-java-1.0.5.jar:/home/user/.m2/repository/com/google/re2j/re2j/1.1/re2j-1.1.jar:/home/user/.m2/repository/com/google/code/gson/gson/2.2.4/gson-2.2.4.jar:/home/user/.m2/repository/com/jcraft/jsch/0.1.54/jsch-0.1.54.jar:/home/user/.m2/repository/org/apache/curator/curator-client/2.12.0/curator-client-2.12.0.jar:/home/user/.m2/repository/org/apache/curator/curator-recipes/2.12.0/curator-recipes-2.12.0.jar:/home/user/.m2/repository/com/google/code/findbugs/jsr305/3.0.0/jsr305-3.0.0.jar:/home/user/.m2/repository/org/apache/htrace/htrace-core4/4.1.0-incubating/htrace-core4-4.1.0-incubating.jar:/home/user/.m2/repository/org/apache/zookeeper/zookeeper/3.4.13/zookeeper-3.4.13.jar:/home/user/.m2/repository/jline/jline/0.9.94/jline-0.9.94.jar:/home/user/.m2/repository/org/apache/yetus/audience-annotations/0.5.0/audience-annotations-0.5.0.jar:/home/user/.m2/repository/org/codehaus/woodstox/stax2-api/3.1.4/stax2-api-3.1.4.jar:/home/user/.m2/repository/com/fasterxml/woodstox/woodstox-core/5.0.3/woodstox-core-5.0.3.jar:/home/user/.m2/repository/dnsjava/dnsjava/2.1.7/dnsjava-2.1.7.jar:/home/user/.m2/repository/org/apache/hadoop/hadoop-hdfs/3.2.0/hadoop-hdfs-3.2.0-tests.jar:/home/user/.m2/repository/org/eclipse/jetty/jetty-util-ajax/9.3.25.v20180904/jetty-util-ajax-9.3.25.v20180904.jar:/home/user/.m2/repository/commons-daemon/commons-daemon/1.0.13/commons-daemon-1.0.13.jar:/home/user/.m2/repository/io/netty/netty/3.10.5.Final/netty-3.10.5.Final.jar:/home/user/.m2/repository/io/netty/netty-all/4.0.52.Final/netty-all-4.0.52.Final.jar:/home/user/.m2/repository/org/fusesource/leveldbjni/leveldbjni-all/1.8/leveldbjni-all-1.8.jar:"/>
    <property name="sun.cpu.endian" value="little"/>
    <property name="user.home" value="/home/user"/>
    <property name="user.language" value="en"/>
    <property name="java.specification.vendor" value="Oracle Corporation"/>
    <property name="java.home" value="/usr/lib/jvm/java-1.8-openjdk/jre"/>
    <property name="java.security.krb5.conf" value="/workdir/hadoop-ozone/integration-test/target/test-classes/krb5.conf"/>
    <property name="basedir" value="/workdir/hadoop-ozone/integration-test"/>
    <property name="file.separator" value="/"/>
    <property name="line.separator" value="&#10;"/>
    <property name="java.vm.specification.vendor" value="Oracle Corporation"/>
    <property name="java.specification.name" value="Java Platform API Specification"/>
    <property name="java.awt.graphicsenv" value="sun.awt.X11GraphicsEnvironment"/>
    <property name="surefire.real.class.path" value="/workdir/hadoop-ozone/integration-test/target/surefire/surefirebooter182007062096408212.jar"/>
    <property name="hadoop.log.dir" value="/workdir/hadoop-ozone/integration-test/target/log"/>
    <property name="sun.boot.class.path" value="/usr/lib/jvm/java-1.8-openjdk/jre/lib/resources.jar:/usr/lib/jvm/java-1.8-openjdk/jre/lib/rt.jar:/usr/lib/jvm/java-1.8-openjdk/jre/lib/sunrsasign.jar:/usr/lib/jvm/java-1.8-openjdk/jre/lib/jsse.jar:/usr/lib/jvm/java-1.8-openjdk/jre/lib/jce.jar:/usr/lib/jvm/java-1.8-openjdk/jre/lib/charsets.jar:/usr/lib/jvm/java-1.8-openjdk/jre/lib/jfr.jar:/usr/lib/jvm/java-1.8-openjdk/jre/classes"/>
    <property name="sun.management.compiler" value="HotSpot 64-Bit Tiered Compilers"/>
    <property name="java.runtime.version" value="1.8.0_212-b04"/>
    <property name="java.net.preferIPv4Stack" value="true"/>
    <property name="user.name" value="jenkins1000"/>
    <property name="path.separator" value=":"/>
    <property name="java.security.egd" value="file:///dev/urandom"/>
    <property name="os.version" value="3.10.0-957.12.2.el7.x86_64"/>
    <property name="java.endorsed.dirs" value="/usr/lib/jvm/java-1.8-openjdk/jre/lib/endorsed"/>
    <property name="java.runtime.name" value="OpenJDK Runtime Environment"/>
    <property name="file.encoding" value="UTF-8"/>
    <property name="java.vm.name" value="OpenJDK 64-Bit Server VM"/>
    <property name="test.build.webapps" value=""/>
    <property name="localRepository" value="/home/user/.m2/repository"/>
    <property name="java.vendor.url.bug" value="https://icedtea.classpath.org/bugzilla"/>
    <property name="java.io.tmpdir" value="/tmp"/>
    <property name="require.test.libhadoop" value=""/>
    <property name="java.version" value="1.8.0_212"/>
    <property name="user.dir" value="/workdir/hadoop-ozone/integration-test"/>
    <property name="os.arch" value="amd64"/>
    <property name="java.vm.specification.name" value="Java Virtual Machine Specification"/>
    <property name="test.build.classes" value="/workdir/hadoop-ozone/integration-test/target/test-classes"/>
    <property name="java.awt.printerjob" value="sun.print.PSPrinterJob"/>
    <property name="sun.os.patch.level" value="unknown"/>
    <property name="hadoop.tmp.dir" value="/workdir/hadoop-ozone/integration-test/target/tmp"/>
    <property name="java.library.path" value="/usr/lib/jvm/java-1.8-openjdk/jre/lib/amd64/server:/usr/lib/jvm/java-1.8-openjdk/jre/lib/amd64:/usr/lib/jvm/java-1.8-openjdk/jre/../lib/amd64:/workdir/hadoop-ozone/integration-test/target/native/target/usr/local/lib:/workdir/hadoop-ozone/integration-test/../../hadoop-common-project/hadoop-common/target/native/target/usr/local/lib:/usr/java/packages/lib/amd64:/usr/lib64:/lib64:/lib:/usr/lib"/>
    <property name="java.vm.info" value="mixed mode"/>
    <property name="java.vendor" value="IcedTea"/>
    <property name="java.vm.version" value="25.212-b04"/>
    <property name="java.ext.dirs" value="/usr/lib/jvm/java-1.8-openjdk/jre/lib/ext:/usr/java/packages/lib/ext"/>
    <property name="sun.io.unicode.encoding" value="UnicodeLittle"/>
    <property name="java.class.version" value="52.0"/>
  </properties>
  <testcase name="testCloseContainerViaRatis" classname="org.apache.hadoop.ozone.container.common.statemachine.commandhandler.TestCloseContainerByPipeline" time="4.956">
    <error message="Allocated 0 blocks. Requested 1 blocks" type="INTERNAL_ERROR org.apache.hadoop.ozone.om.exceptions.OMException">INTERNAL_ERROR org.apache.hadoop.ozone.om.exceptions.OMException: Allocated 0 blocks. Requested 1 blocks
	at org.apache.hadoop.ozone.om.protocolPB.OzoneManagerProtocolClientSideTranslatorPB.handleError(OzoneManagerProtocolClientSideTranslatorPB.java:732)
	at org.apache.hadoop.ozone.om.protocolPB.OzoneManagerProtocolClientSideTranslatorPB.openKey(OzoneManagerProtocolClientSideTranslatorPB.java:723)
	at sun.reflect.NativeMethodAccessorImpl.invoke0(Native Method)
	at sun.reflect.NativeMethodAccessorImpl.invoke(NativeMethodAccessorImpl.java:62)
	at sun.reflect.DelegatingMethodAccessorImpl.invoke(DelegatingMethodAccessorImpl.java:43)
	at java.lang.reflect.Method.invoke(Method.java:498)
	at org.apache.hadoop.hdds.tracing.TraceAllMethod.invoke(TraceAllMethod.java:66)
	at com.sun.proxy.$Proxy37.openKey(Unknown Source)
	at org.apache.hadoop.ozone.client.rpc.RpcClient.createKey(RpcClient.java:614)
	at org.apache.hadoop.ozone.client.OzoneBucket.createKey(OzoneBucket.java:325)
	at org.apache.hadoop.ozone.container.common.statemachine.commandhandler.TestCloseContainerByPipeline.testCloseContainerViaRatis(TestCloseContainerByPipeline.java:211)
	at sun.reflect.NativeMethodAccessorImpl.invoke0(Native Method)
	at sun.reflect.NativeMethodAccessorImpl.invoke(NativeMethodAccessorImpl.java:62)
	at sun.reflect.DelegatingMethodAccessorImpl.invoke(DelegatingMethodAccessorImpl.java:43)
	at java.lang.reflect.Method.invoke(Method.java:498)
	at org.junit.runners.model.FrameworkMethod$1.runReflectiveCall(FrameworkMethod.java:47)
	at org.junit.internal.runners.model.ReflectiveCallable.run(ReflectiveCallable.java:12)
	at org.junit.runners.model.FrameworkMethod.invokeExplosively(FrameworkMethod.java:44)
	at org.junit.internal.runners.statements.InvokeMethod.evaluate(InvokeMethod.java:17)
	at org.junit.runners.ParentRunner.runLeaf(ParentRunner.java:271)
	at org.junit.runners.BlockJUnit4ClassRunner.runChild(BlockJUnit4ClassRunner.java:70)
	at org.junit.runners.BlockJUnit4ClassRunner.runChild(BlockJUnit4ClassRunner.java:50)
	at org.junit.runners.ParentRunner$3.run(ParentRunner.java:238)
	at org.junit.runners.ParentRunner$1.schedule(ParentRunner.java:63)
	at org.junit.runners.ParentRunner.runChildren(ParentRunner.java:236)
	at org.junit.runners.ParentRunner.access$000(ParentRunner.java:53)
	at org.junit.runners.ParentRunner$2.evaluate(ParentRunner.java:229)
	at org.junit.internal.runners.statements.RunBefores.evaluate(RunBefores.java:26)
	at org.junit.internal.runners.statements.RunAfters.evaluate(RunAfters.java:27)
	at org.junit.runners.ParentRunner.run(ParentRunner.java:309)
	at org.apache.maven.surefire.junit4.JUnit4Provider.execute(JUnit4Provider.java:365)
	at org.apache.maven.surefire.junit4.JUnit4Provider.executeWithRerun(JUnit4Provider.java:273)
	at org.apache.maven.surefire.junit4.JUnit4Provider.executeTestSet(JUnit4Provider.java:238)
	at org.apache.maven.surefire.junit4.JUnit4Provider.invoke(JUnit4Provider.java:159)
	at org.apache.maven.surefire.booter.ForkedBooter.invokeProviderInSameClassLoader(ForkedBooter.java:384)
	at org.apache.maven.surefire.booter.ForkedBooter.runSuitesInProcess(ForkedBooter.java:345)
	at org.apache.maven.surefire.booter.ForkedBooter.execute(ForkedBooter.java:126)
	at org.apache.maven.surefire.booter.ForkedBooter.main(ForkedBooter.java:418)
</error>
    <system-out><![CDATA[2019-09-26 09:20:58,714 [main] WARN  server.ServerUtils (ServerUtils.java:getScmDbDir(145)) - ozone.scm.db.dirs is not configured. We recommend adding this setting. Falling back to ozone.metadata.dirs instead.
2019-09-26 09:20:58,913 [main] WARN  server.ServerUtils (ServerUtils.java:getScmDbDir(145)) - ozone.scm.db.dirs is not configured. We recommend adding this setting. Falling back to ozone.metadata.dirs instead.
2019-09-26 09:20:58,917 [main] WARN  server.ServerUtils (ServerUtils.java:getScmDbDir(145)) - ozone.scm.db.dirs is not configured. We recommend adding this setting. Falling back to ozone.metadata.dirs instead.
2019-09-26 09:20:58,936 [main] INFO  util.log (Log.java:initialized(192)) - Logging initialized @954ms
2019-09-26 09:20:59,186 [main] INFO  db.DBStoreBuilder (DBStoreBuilder.java:addTable(110)) - using custom profile for table: deletedBlocks
2019-09-26 09:20:59,187 [main] INFO  db.DBStoreBuilder (DBStoreBuilder.java:processTables(161)) - Using default column profile:DBProfile.DISK for Table:deletedBlocks
2019-09-26 09:20:59,188 [main] INFO  db.DBStoreBuilder (DBStoreBuilder.java:addTable(110)) - using custom profile for table: validCerts
2019-09-26 09:20:59,188 [main] INFO  db.DBStoreBuilder (DBStoreBuilder.java:processTables(161)) - Using default column profile:DBProfile.DISK for Table:validCerts
2019-09-26 09:20:59,188 [main] INFO  db.DBStoreBuilder (DBStoreBuilder.java:addTable(110)) - using custom profile for table: revokedCerts
2019-09-26 09:20:59,188 [main] INFO  db.DBStoreBuilder (DBStoreBuilder.java:processTables(161)) - Using default column profile:DBProfile.DISK for Table:revokedCerts
2019-09-26 09:20:59,204 [main] INFO  db.DBStoreBuilder (DBStoreBuilder.java:addTable(110)) - using custom profile for table: default
2019-09-26 09:20:59,205 [main] INFO  db.DBStoreBuilder (DBStoreBuilder.java:processTables(167)) - Using default column profile:DBProfile.DISK for Table:default
2019-09-26 09:20:59,206 [main] INFO  db.DBStoreBuilder (DBStoreBuilder.java:getDbProfile(198)) - Using default options. DBProfile.DISK
2019-09-26 09:21:00,484 [main] INFO  net.NodeSchemaLoader (NodeSchemaLoader.java:loadSchemaFromFile(125)) - Loading file from sun.misc.CompoundEnumeration@235834f2
2019-09-26 09:21:00,486 [main] INFO  net.NodeSchemaLoader (NodeSchemaLoader.java:loadSchema(171)) - Loading network topology layer schema file
2019-09-26 09:21:00,557 [main] WARN  server.ServerUtils (ServerUtils.java:sanitizeUserArgs(70)) - ozone.scm.stale.node.interval value = 300000 is larger than max = 100000 based on the key value of ozone.scm.heartbeat.thread.interval, reset to the max value 100000.
2019-09-26 09:21:00,559 [main] WARN  server.ServerUtils (ServerUtils.java:sanitizeUserArgs(70)) - ozone.scm.stale.node.interval value = 300000 is larger than max = 100000 based on the key value of ozone.scm.heartbeat.thread.interval, reset to the max value 100000.
2019-09-26 09:21:00,561 [main] INFO  node.SCMNodeManager (SCMNodeManager.java:<init>(114)) - Entering startup safe mode.
2019-09-26 09:21:00,627 [main] INFO  algorithms.ContainerPlacementPolicyFactory (ContainerPlacementPolicyFactory.java:getPolicy(59)) - Create container placement policy of type org.apache.hadoop.hdds.scm.container.placement.algorithms.SCMContainerPlacementRandom
2019-09-26 09:21:00,642 [main] WARN  server.ServerUtils (ServerUtils.java:getScmDbDir(145)) - ozone.scm.db.dirs is not configured. We recommend adding this setting. Falling back to ozone.metadata.dirs instead.
2019-09-26 09:21:00,797 [main] INFO  pipeline.SCMPipelineManager (SCMPipelineManager.java:initializePipelineState(132)) - No pipeline exists in current db
2019-09-26 09:21:00,800 [main] WARN  server.ServerUtils (ServerUtils.java:getScmDbDir(145)) - ozone.scm.db.dirs is not configured. We recommend adding this setting. Falling back to ozone.metadata.dirs instead.
2019-09-26 09:21:00,929 [main] WARN  events.EventQueue (EventQueue.java:fireEvent(183)) - No event handler registered for event TypedEvent{payloadType=SafeModeStatus, name='SafeModeStatus'}
2019-09-26 09:21:01,310 [main] INFO  ipc.CallQueueManager (CallQueueManager.java:<init>(84)) - Using callQueue: class java.util.concurrent.LinkedBlockingQueue, queueCapacity: 2000, scheduler: class org.apache.hadoop.ipc.DefaultRpcScheduler, ipcBackoff: false.
2019-09-26 09:21:01,340 [Socket Reader #1 for port 42965] INFO  ipc.Server (Server.java:run(1074)) - Starting Socket Reader #1 for port 42965
2019-09-26 09:21:01,495 [main] INFO  ipc.CallQueueManager (CallQueueManager.java:<init>(84)) - Using callQueue: class java.util.concurrent.LinkedBlockingQueue, queueCapacity: 2000, scheduler: class org.apache.hadoop.ipc.DefaultRpcScheduler, ipcBackoff: false.
2019-09-26 09:21:01,496 [Socket Reader #1 for port 42392] INFO  ipc.Server (Server.java:run(1074)) - Starting Socket Reader #1 for port 42392
2019-09-26 09:21:01,504 [main] INFO  ipc.CallQueueManager (CallQueueManager.java:<init>(84)) - Using callQueue: class java.util.concurrent.LinkedBlockingQueue, queueCapacity: 2000, scheduler: class org.apache.hadoop.ipc.DefaultRpcScheduler, ipcBackoff: false.
2019-09-26 09:21:01,504 [Socket Reader #1 for port 42551] INFO  ipc.Server (Server.java:run(1074)) - Starting Socket Reader #1 for port 42551
2019-09-26 09:21:01,524 [main] INFO  hdfs.DFSUtil (DFSUtil.java:httpServerTemplateForNNAndJN(1641)) - Starting Web-server for scm at: http://0.0.0.0:0
2019-09-26 09:21:01,700 [main] INFO  server.AuthenticationFilter (AuthenticationFilter.java:constructSecretProvider(240)) - Unable to initialize FileSignerSecretProvider, falling back to use random secrets.
2019-09-26 09:21:01,710 [main] WARN  http.HttpRequestLog (HttpRequestLog.java:getRequestLog(97)) - Jetty request log can only be enabled using Log4j
2019-09-26 09:21:01,719 [main] INFO  http.HttpServer2 (HttpServer2.java:addGlobalFilter(975)) - Added global filter 'safety' (class=org.apache.hadoop.http.HttpServer2$QuotingInputFilter)
2019-09-26 09:21:01,722 [main] INFO  http.HttpServer2 (HttpServer2.java:addFilter(948)) - Added filter static_user_filter (class=org.apache.hadoop.http.lib.StaticUserWebFilter$StaticUserFilter) to context scm
2019-09-26 09:21:01,722 [main] INFO  http.HttpServer2 (HttpServer2.java:addFilter(958)) - Added filter static_user_filter (class=org.apache.hadoop.http.lib.StaticUserWebFilter$StaticUserFilter) to context static
2019-09-26 09:21:01,722 [main] INFO  http.HttpServer2 (HttpServer2.java:addFilter(958)) - Added filter static_user_filter (class=org.apache.hadoop.http.lib.StaticUserWebFilter$StaticUserFilter) to context logs
2019-09-26 09:21:01,758 [main] INFO  server.StorageContainerManager (StorageContainerManager.java:start(770)) - StorageContainerLocationProtocol RPC server is listening at /0.0.0.0:42551
2019-09-26 09:21:01,841 [main] WARN  impl.MetricsConfig (MetricsConfig.java:loadFirst(134)) - Cannot locate configuration: tried hadoop-metrics2-storagecontainermanager.properties,hadoop-metrics2.properties
2019-09-26 09:21:01,856 [main] INFO  impl.MetricsSystemImpl (MetricsSystemImpl.java:startTimer(374)) - Scheduled Metric snapshot period at 10 second(s).
2019-09-26 09:21:01,857 [main] INFO  impl.MetricsSystemImpl (MetricsSystemImpl.java:start(191)) - StorageContainerManager metrics system started
2019-09-26 09:21:02,088 [main] INFO  server.SCMClientProtocolServer (SCMClientProtocolServer.java:start(151)) - RPC server for Client  is listening at /0.0.0.0:42551
2019-09-26 09:21:02,089 [IPC Server Responder] INFO  ipc.Server (Server.java:run(1314)) - IPC Server Responder: starting
2019-09-26 09:21:02,089 [IPC Server listener on 42551] INFO  ipc.Server (Server.java:run(1153)) - IPC Server listener on 42551: starting
2019-09-26 09:21:02,091 [main] INFO  server.StorageContainerManager (StorageContainerManager.java:start(780)) - ScmBlockLocationProtocol RPC server is listening at /0.0.0.0:42392
2019-09-26 09:21:02,093 [main] INFO  server.SCMBlockProtocolServer (SCMBlockProtocolServer.java:start(146)) - RPC server for Block Protocol is listening at /0.0.0.0:42392
2019-09-26 09:21:02,093 [IPC Server Responder] INFO  ipc.Server (Server.java:run(1314)) - IPC Server Responder: starting
2019-09-26 09:21:02,093 [IPC Server listener on 42392] INFO  ipc.Server (Server.java:run(1153)) - IPC Server listener on 42392: starting
2019-09-26 09:21:02,095 [main] INFO  server.StorageContainerManager (StorageContainerManager.java:start(784)) - ScmDatanodeProtocl RPC server is listening at /0.0.0.0:42965
2019-09-26 09:21:02,096 [main] INFO  server.SCMDatanodeProtocolServer (SCMDatanodeProtocolServer.java:start(191)) - RPC server for DataNodes is listening at /0.0.0.0:42965
2019-09-26 09:21:02,096 [IPC Server Responder] INFO  ipc.Server (Server.java:run(1314)) - IPC Server Responder: starting
2019-09-26 09:21:02,096 [IPC Server listener on 42965] INFO  ipc.Server (Server.java:run(1153)) - IPC Server listener on 42965: starting
2019-09-26 09:21:02,100 [main] INFO  http.HttpServer2 (HttpServer2.java:bindListener(1191)) - Jetty bound to port 34081
2019-09-26 09:21:02,102 [main] INFO  server.Server (Server.java:doStart(351)) - jetty-9.3.25.v20180904, build timestamp: 2018-09-04T21:11:46Z, git hash: 3ce520221d0240229c862b122d2b06c12a625732
2019-09-26 09:21:02,136 [main] INFO  handler.ContextHandler (ContextHandler.java:doStart(781)) - Started o.e.j.s.ServletContextHandler@70a36a66{/logs,file:///workdir/hadoop-ozone/integration-test/target/log,AVAILABLE}
2019-09-26 09:21:02,137 [main] INFO  handler.ContextHandler (ContextHandler.java:doStart(781)) - Started o.e.j.s.ServletContextHandler@732f29af{/static,file:///workdir/hadoop-ozone/integration-test/target/test-classes/webapps/static,AVAILABLE}
2019-09-26 09:21:02,168 [main] INFO  handler.ContextHandler (ContextHandler.java:doStart(781)) - Started o.e.j.w.WebAppContext@7a11c4c7{/,file:///workdir/hadoop-ozone/integration-test/target/test-classes/webapps/scm/,AVAILABLE}{/scm}
2019-09-26 09:21:02,174 [main] INFO  server.AbstractConnector (AbstractConnector.java:doStart(278)) - Started ServerConnector@27e0f2f5{HTTP/1.1,[http/1.1]}{0.0.0.0:34081}
2019-09-26 09:21:02,174 [main] INFO  server.Server (Server.java:doStart(419)) - Started @4192ms
2019-09-26 09:21:02,177 [main] INFO  impl.MetricsSinkAdapter (MetricsSinkAdapter.java:start(204)) - Sink prometheus started
2019-09-26 09:21:02,177 [main] INFO  impl.MetricsSystemImpl (MetricsSystemImpl.java:registerSink(301)) - Registered sink prometheus
2019-09-26 09:21:02,178 [main] INFO  server.BaseHttpServer (BaseHttpServer.java:updateConnectorAddress(215)) - HTTP server of SCM is listening at http://0.0.0.0:34081
2019-09-26 09:21:02,185 [org.apache.hadoop.util.JvmPauseMonitor$Monitor@9573b3b] INFO  util.JvmPauseMonitor (JvmPauseMonitor.java:run(188)) - Starting JVM pause monitor
2019-09-26 09:21:02,188 [main] WARN  server.ServerUtils (ServerUtils.java:getDBPath(222)) - ozone.om.db.dirs is not configured. We recommend adding this setting. Falling back to ozone.metadata.dirs instead.
2019-09-26 09:21:02,380 [main] WARN  server.ServerUtils (ServerUtils.java:getDBPath(222)) - ozone.om.db.dirs is not configured. We recommend adding this setting. Falling back to ozone.metadata.dirs instead.
2019-09-26 09:21:02,381 [main] WARN  server.ServerUtils (ServerUtils.java:getDBPath(222)) - ozone.om.db.dirs is not configured. We recommend adding this setting. Falling back to ozone.metadata.dirs instead.
2019-09-26 09:21:02,382 [main] INFO  om.OzoneManager (OzoneManager.java:setOMNodeDetails(652)) - OM Service ID is not set. Setting it to the default ID: omServiceIdDefault
2019-09-26 09:21:02,382 [main] INFO  om.OzoneManager (OzoneManager.java:setOMNodeDetails(658)) - OM Node ID is not set. Setting it to the OmStorage's OmID: 55b791e0-2c78-4148-ae69-e2f8256e8b11
2019-09-26 09:21:02,383 [main] INFO  om.OzoneManager (OzoneManager.java:loadOMHAConfigs(609)) - Found matching OM address with OMServiceId: null, OMNodeId: null, RPC Address: localhost:0 and Ratis port: 9872
2019-09-26 09:21:03,033 [main] WARN  server.ServerUtils (ServerUtils.java:getDBPath(222)) - ozone.om.db.dirs is not configured. We recommend adding this setting. Falling back to ozone.metadata.dirs instead.
2019-09-26 09:21:03,040 [main] INFO  db.DBStoreBuilder (DBStoreBuilder.java:addTable(110)) - using custom profile for table: userTable
2019-09-26 09:21:03,040 [main] INFO  db.DBStoreBuilder (DBStoreBuilder.java:processTables(161)) - Using default column profile:DBProfile.DISK for Table:userTable
2019-09-26 09:21:03,041 [main] INFO  db.DBStoreBuilder (DBStoreBuilder.java:addTable(110)) - using custom profile for table: volumeTable
2019-09-26 09:21:03,041 [main] INFO  db.DBStoreBuilder (DBStoreBuilder.java:processTables(161)) - Using default column profile:DBProfile.DISK for Table:volumeTable
2019-09-26 09:21:03,041 [main] INFO  db.DBStoreBuilder (DBStoreBuilder.java:addTable(110)) - using custom profile for table: bucketTable
2019-09-26 09:21:03,041 [main] INFO  db.DBStoreBuilder (DBStoreBuilder.java:processTables(161)) - Using default column profile:DBProfile.DISK for Table:bucketTable
2019-09-26 09:21:03,042 [main] INFO  db.DBStoreBuilder (DBStoreBuilder.java:addTable(110)) - using custom profile for table: keyTable
2019-09-26 09:21:03,042 [main] INFO  db.DBStoreBuilder (DBStoreBuilder.java:processTables(161)) - Using default column profile:DBProfile.DISK for Table:keyTable
2019-09-26 09:21:03,042 [main] INFO  db.DBStoreBuilder (DBStoreBuilder.java:addTable(110)) - using custom profile for table: deletedTable
2019-09-26 09:21:03,042 [main] INFO  db.DBStoreBuilder (DBStoreBuilder.java:processTables(161)) - Using default column profile:DBProfile.DISK for Table:deletedTable
2019-09-26 09:21:03,042 [main] INFO  db.DBStoreBuilder (DBStoreBuilder.java:addTable(110)) - using custom profile for table: openKeyTable
2019-09-26 09:21:03,043 [main] INFO  db.DBStoreBuilder (DBStoreBuilder.java:processTables(161)) - Using default column profile:DBProfile.DISK for Table:openKeyTable
2019-09-26 09:21:03,043 [main] INFO  db.DBStoreBuilder (DBStoreBuilder.java:addTable(110)) - using custom profile for table: s3Table
2019-09-26 09:21:03,043 [main] INFO  db.DBStoreBuilder (DBStoreBuilder.java:processTables(161)) - Using default column profile:DBProfile.DISK for Table:s3Table
2019-09-26 09:21:03,043 [main] INFO  db.DBStoreBuilder (DBStoreBuilder.java:addTable(110)) - using custom profile for table: multipartInfoTable
2019-09-26 09:21:03,043 [main] INFO  db.DBStoreBuilder (DBStoreBuilder.java:processTables(161)) - Using default column profile:DBProfile.DISK for Table:multipartInfoTable
2019-09-26 09:21:03,044 [main] INFO  db.DBStoreBuilder (DBStoreBuilder.java:addTable(110)) - using custom profile for table: dTokenTable
2019-09-26 09:21:03,044 [main] INFO  db.DBStoreBuilder (DBStoreBuilder.java:processTables(161)) - Using default column profile:DBProfile.DISK for Table:dTokenTable
2019-09-26 09:21:03,044 [main] INFO  db.DBStoreBuilder (DBStoreBuilder.java:addTable(110)) - using custom profile for table: s3SecretTable
2019-09-26 09:21:03,044 [main] INFO  db.DBStoreBuilder (DBStoreBuilder.java:processTables(161)) - Using default column profile:DBProfile.DISK for Table:s3SecretTable
2019-09-26 09:21:03,044 [main] INFO  db.DBStoreBuilder (DBStoreBuilder.java:addTable(110)) - using custom profile for table: prefixTable
2019-09-26 09:21:03,045 [main] INFO  db.DBStoreBuilder (DBStoreBuilder.java:processTables(161)) - Using default column profile:DBProfile.DISK for Table:prefixTable
2019-09-26 09:21:03,045 [main] INFO  db.DBStoreBuilder (DBStoreBuilder.java:addTable(110)) - using custom profile for table: default
2019-09-26 09:21:03,045 [main] INFO  db.DBStoreBuilder (DBStoreBuilder.java:processTables(167)) - Using default column profile:DBProfile.DISK for Table:default
2019-09-26 09:21:03,045 [main] INFO  db.DBStoreBuilder (DBStoreBuilder.java:getDbProfile(198)) - Using default options. DBProfile.DISK
2019-09-26 09:21:03,594 [main] INFO  ipc.CallQueueManager (CallQueueManager.java:<init>(84)) - Using callQueue: class java.util.concurrent.LinkedBlockingQueue, queueCapacity: 2000, scheduler: class org.apache.hadoop.ipc.DefaultRpcScheduler, ipcBackoff: false.
2019-09-26 09:21:03,595 [Socket Reader #1 for port 34119] INFO  ipc.Server (Server.java:run(1074)) - Starting Socket Reader #1 for port 34119
2019-09-26 09:21:03,616 [main] INFO  om.OzoneManager (OzoneManager.java:start(1243)) - OzoneManager RPC server is listening at localhost/127.0.0.1:34119
2019-09-26 09:21:03,617 [main] INFO  impl.MetricsSystemImpl (MetricsSystemImpl.java:init(158)) - OzoneManager metrics system started (again)
2019-09-26 09:21:03,617 [IPC Server Responder] INFO  ipc.Server (Server.java:run(1314)) - IPC Server Responder: starting
2019-09-26 09:21:03,618 [IPC Server listener on 34119] INFO  ipc.Server (Server.java:run(1153)) - IPC Server listener on 34119: starting
2019-09-26 09:21:03,624 [main] INFO  hdfs.DFSUtil (DFSUtil.java:httpServerTemplateForNNAndJN(1641)) - Starting Web-server for ozoneManager at: http://0.0.0.0:0
2019-09-26 09:21:03,626 [main] INFO  server.AuthenticationFilter (AuthenticationFilter.java:constructSecretProvider(240)) - Unable to initialize FileSignerSecretProvider, falling back to use random secrets.
2019-09-26 09:21:03,626 [main] WARN  http.HttpRequestLog (HttpRequestLog.java:getRequestLog(97)) - Jetty request log can only be enabled using Log4j
2019-09-26 09:21:03,628 [main] INFO  http.HttpServer2 (HttpServer2.java:addGlobalFilter(975)) - Added global filter 'safety' (class=org.apache.hadoop.http.HttpServer2$QuotingInputFilter)
2019-09-26 09:21:03,629 [main] INFO  http.HttpServer2 (HttpServer2.java:addFilter(948)) - Added filter static_user_filter (class=org.apache.hadoop.http.lib.StaticUserWebFilter$StaticUserFilter) to context ozoneManager
2019-09-26 09:21:03,629 [main] INFO  http.HttpServer2 (HttpServer2.java:addFilter(958)) - Added filter static_user_filter (class=org.apache.hadoop.http.lib.StaticUserWebFilter$StaticUserFilter) to context static
2019-09-26 09:21:03,629 [main] INFO  http.HttpServer2 (HttpServer2.java:addFilter(958)) - Added filter static_user_filter (class=org.apache.hadoop.http.lib.StaticUserWebFilter$StaticUserFilter) to context logs
2019-09-26 09:21:03,631 [main] INFO  http.HttpServer2 (HttpServer2.java:bindListener(1191)) - Jetty bound to port 40620
2019-09-26 09:21:03,632 [main] INFO  server.Server (Server.java:doStart(351)) - jetty-9.3.25.v20180904, build timestamp: 2018-09-04T21:11:46Z, git hash: 3ce520221d0240229c862b122d2b06c12a625732
2019-09-26 09:21:03,634 [main] INFO  handler.ContextHandler (ContextHandler.java:doStart(781)) - Started o.e.j.s.ServletContextHandler@30331109{/logs,file:///workdir/hadoop-ozone/integration-test/target/log,AVAILABLE}
2019-09-26 09:21:03,634 [main] INFO  handler.ContextHandler (ContextHandler.java:doStart(781)) - Started o.e.j.s.ServletContextHandler@74fe5966{/static,file:///workdir/hadoop-ozone/integration-test/target/test-classes/webapps/static,AVAILABLE}
2019-09-26 09:21:03,639 [main] INFO  handler.ContextHandler (ContextHandler.java:doStart(781)) - Started o.e.j.w.WebAppContext@3766c667{/,file:///workdir/hadoop-ozone/integration-test/target/test-classes/webapps/ozoneManager/,AVAILABLE}{/ozoneManager}
2019-09-26 09:21:03,640 [main] INFO  server.AbstractConnector (AbstractConnector.java:doStart(278)) - Started ServerConnector@773c0293{HTTP/1.1,[http/1.1]}{0.0.0.0:40620}
2019-09-26 09:21:03,641 [main] INFO  server.Server (Server.java:doStart(419)) - Started @5659ms
2019-09-26 09:21:03,641 [main] WARN  impl.MetricsSystemImpl (MetricsSystemImpl.java:register(276)) - Sink prometheus already exists!
2019-09-26 09:21:03,642 [main] INFO  server.BaseHttpServer (BaseHttpServer.java:updateConnectorAddress(215)) - HTTP server of OZONEMANAGER is listening at http://0.0.0.0:40620
2019-09-26 09:21:03,940 [main] INFO  impl.MetricsSystemImpl (MetricsSystemImpl.java:init(158)) - HddsDatanode metrics system started (again)
2019-09-26 09:21:03,992 [main] INFO  ozone.HddsDatanodeService (HddsDatanodeService.java:start(184)) - HddsDatanodeService host:pr-hdds-1569-wvzgm-824869521 ip:192.168.30.13
2019-09-26 09:21:04,026 [main] INFO  volume.HddsVolume (HddsVolume.java:<init>(176)) - Creating Volume: /workdir/hadoop-ozone/integration-test/target/test-dir/MiniOzoneClusterImpl-078ea463-30a6-4c8a-a8ff-41db0515e22e/datanode-0/data/containers/hdds of  storage type : DISK and capacity : 1482555576320
2019-09-26 09:21:04,028 [main] INFO  volume.VolumeSet (VolumeSet.java:initializeVolumeSet(170)) - Added Volume : /workdir/hadoop-ozone/integration-test/target/test-dir/MiniOzoneClusterImpl-078ea463-30a6-4c8a-a8ff-41db0515e22e/datanode-0/data/containers/hdds to VolumeSet
2019-09-26 09:21:04,031 [main] INFO  volume.ThrottledAsyncChecker (ThrottledAsyncChecker.java:schedule(139)) - Scheduling a check for org.apache.hadoop.ozone.container.common.volume.HddsVolume@4d774249
2019-09-26 09:21:04,051 [main] INFO  volume.HddsVolumeChecker (HddsVolumeChecker.java:checkAllVolumes(202)) - Scheduled health check for volume org.apache.hadoop.ozone.container.common.volume.HddsVolume@4d774249
2019-09-26 09:21:04,167 [main] INFO  impl.RaftServerProxy (ConfUtils.java:logGet(43)) - raft.rpc.type = GRPC (default)
2019-09-26 09:21:04,237 [main] INFO  grpc.GrpcFactory (GrpcFactory.java:checkPooledByteBufAllocatorUseCacheForAllThreads(45)) - PERFORMANCE WARNING: useCacheForAllThreads is true that may cause Netty to create a lot garbage objects and, as a result, trigger GC.
	It is recommended to disable useCacheForAllThreads by setting -Dorg.apache.ratis.thirdparty.io.netty.allocator.useCacheForAllThreads=false in command line.
2019-09-26 09:21:04,243 [main] INFO  grpc.GrpcConfigKeys$Server (ConfUtils.java:logGet(43)) - raft.grpc.server.port = 0 (default)
2019-09-26 09:21:04,244 [main] INFO  server.GrpcService (ConfUtils.java:logGet(43)) - raft.grpc.message.size.max = 33570816 (custom)
2019-09-26 09:21:04,245 [main] INFO  server.RaftServerConfigKeys (ConfUtils.java:logGet(43)) - raft.server.log.appender.buffer.byte-limit = 33554432 (custom)
2019-09-26 09:21:04,246 [main] INFO  server.GrpcService (ConfUtils.java:logGet(43)) - raft.grpc.flow.control.window = 1MB (=1048576) (default)
2019-09-26 09:21:04,247 [main] INFO  server.RaftServerConfigKeys (ConfUtils.java:logGet(43)) - raft.server.rpc.request.timeout = 3000ms (default)
2019-09-26 09:21:04,425 [main] INFO  server.RaftServerConfigKeys (ConfUtils.java:logGet(43)) - raft.server.storage.dir = [/workdir/hadoop-ozone/integration-test/target/test-dir/MiniOzoneClusterImpl-078ea463-30a6-4c8a-a8ff-41db0515e22e/datanode-0/data/ratis] (custom)
2019-09-26 09:21:04,479 [main] INFO  hdfs.DFSUtil (DFSUtil.java:httpServerTemplateForNNAndJN(1641)) - Starting Web-server for hddsDatanode at: http://0.0.0.0:0
2019-09-26 09:21:04,484 [main] INFO  server.AuthenticationFilter (AuthenticationFilter.java:constructSecretProvider(240)) - Unable to initialize FileSignerSecretProvider, falling back to use random secrets.
2019-09-26 09:21:04,486 [main] WARN  http.HttpRequestLog (HttpRequestLog.java:getRequestLog(97)) - Jetty request log can only be enabled using Log4j
2019-09-26 09:21:04,489 [main] INFO  http.HttpServer2 (HttpServer2.java:addGlobalFilter(975)) - Added global filter 'safety' (class=org.apache.hadoop.http.HttpServer2$QuotingInputFilter)
2019-09-26 09:21:04,491 [main] INFO  http.HttpServer2 (HttpServer2.java:addFilter(948)) - Added filter static_user_filter (class=org.apache.hadoop.http.lib.StaticUserWebFilter$StaticUserFilter) to context hddsDatanode
2019-09-26 09:21:04,491 [main] INFO  http.HttpServer2 (HttpServer2.java:addFilter(958)) - Added filter static_user_filter (class=org.apache.hadoop.http.lib.StaticUserWebFilter$StaticUserFilter) to context static
2019-09-26 09:21:04,491 [main] INFO  http.HttpServer2 (HttpServer2.java:addFilter(958)) - Added filter static_user_filter (class=org.apache.hadoop.http.lib.StaticUserWebFilter$StaticUserFilter) to context logs
2019-09-26 09:21:04,493 [main] INFO  http.HttpServer2 (HttpServer2.java:bindListener(1191)) - Jetty bound to port 34962
2019-09-26 09:21:04,494 [main] INFO  server.Server (Server.java:doStart(351)) - jetty-9.3.25.v20180904, build timestamp: 2018-09-04T21:11:46Z, git hash: 3ce520221d0240229c862b122d2b06c12a625732
2019-09-26 09:21:04,499 [main] INFO  handler.ContextHandler (ContextHandler.java:doStart(781)) - Started o.e.j.s.ServletContextHandler@6920614{/logs,file:///workdir/hadoop-ozone/integration-test/target/log,AVAILABLE}
2019-09-26 09:21:04,500 [main] INFO  handler.ContextHandler (ContextHandler.java:doStart(781)) - Started o.e.j.s.ServletContextHandler@5fa23c{/static,jar:file:/home/user/.m2/repository/org/apache/hadoop/hadoop-hdds-container-service/0.5.0-SNAPSHOT/hadoop-hdds-container-service-0.5.0-SNAPSHOT.jar!/webapps/static,AVAILABLE}
2019-09-26 09:21:04,628 [main] INFO  handler.ContextHandler (ContextHandler.java:doStart(781)) - Started o.e.j.w.WebAppContext@54e3658c{/,file:///tmp/jetty-0.0.0.0-34962-hddsDatanode-_-any-4041224872416748792.dir/webapp/,AVAILABLE}{/hddsDatanode}
2019-09-26 09:21:04,629 [main] INFO  server.AbstractConnector (AbstractConnector.java:doStart(278)) - Started ServerConnector@43e9089{HTTP/1.1,[http/1.1]}{0.0.0.0:34962}
2019-09-26 09:21:04,631 [main] INFO  server.Server (Server.java:doStart(419)) - Started @6649ms
2019-09-26 09:21:04,631 [main] WARN  impl.MetricsSystemImpl (MetricsSystemImpl.java:register(276)) - Sink prometheus already exists!
2019-09-26 09:21:04,632 [main] INFO  server.BaseHttpServer (BaseHttpServer.java:updateConnectorAddress(215)) - HTTP server of HDDSDATANODE is listening at http://0.0.0.0:34962
2019-09-26 09:21:04,633 [main] INFO  impl.MetricsSystemImpl (MetricsSystemImpl.java:init(158)) - HddsDatanode metrics system started (again)
2019-09-26 09:21:04,639 [main] INFO  ozone.HddsDatanodeService (HddsDatanodeService.java:start(184)) - HddsDatanodeService host:pr-hdds-1569-wvzgm-824869521 ip:192.168.30.13
2019-09-26 09:21:04,641 [org.apache.hadoop.util.JvmPauseMonitor$Monitor@77cffbd7] INFO  util.JvmPauseMonitor (JvmPauseMonitor.java:run(188)) - Starting JVM pause monitor
2019-09-26 09:21:04,651 [main] INFO  volume.HddsVolume (HddsVolume.java:<init>(176)) - Creating Volume: /workdir/hadoop-ozone/integration-test/target/test-dir/MiniOzoneClusterImpl-078ea463-30a6-4c8a-a8ff-41db0515e22e/datanode-1/data/containers/hdds of  storage type : DISK and capacity : 1482555576320
2019-09-26 09:21:04,651 [main] INFO  volume.VolumeSet (VolumeSet.java:initializeVolumeSet(170)) - Added Volume : /workdir/hadoop-ozone/integration-test/target/test-dir/MiniOzoneClusterImpl-078ea463-30a6-4c8a-a8ff-41db0515e22e/datanode-1/data/containers/hdds to VolumeSet
2019-09-26 09:21:04,651 [main] INFO  volume.ThrottledAsyncChecker (ThrottledAsyncChecker.java:schedule(139)) - Scheduling a check for org.apache.hadoop.ozone.container.common.volume.HddsVolume@68a4dcc6
2019-09-26 09:21:04,652 [main] INFO  volume.HddsVolumeChecker (HddsVolumeChecker.java:checkAllVolumes(202)) - Scheduled health check for volume org.apache.hadoop.ozone.container.common.volume.HddsVolume@68a4dcc6
2019-09-26 09:21:04,666 [main] INFO  impl.RaftServerProxy (ConfUtils.java:logGet(43)) - raft.rpc.type = GRPC (default)
2019-09-26 09:21:04,667 [main] INFO  grpc.GrpcFactory (GrpcFactory.java:checkPooledByteBufAllocatorUseCacheForAllThreads(45)) - PERFORMANCE WARNING: useCacheForAllThreads is true that may cause Netty to create a lot garbage objects and, as a result, trigger GC.
	It is recommended to disable useCacheForAllThreads by setting -Dorg.apache.ratis.thirdparty.io.netty.allocator.useCacheForAllThreads=false in command line.
2019-09-26 09:21:04,667 [main] INFO  grpc.GrpcConfigKeys$Server (ConfUtils.java:logGet(43)) - raft.grpc.server.port = 0 (default)
2019-09-26 09:21:04,667 [main] INFO  server.GrpcService (ConfUtils.java:logGet(43)) - raft.grpc.message.size.max = 33570816 (custom)
2019-09-26 09:21:04,667 [main] INFO  server.RaftServerConfigKeys (ConfUtils.java:logGet(43)) - raft.server.log.appender.buffer.byte-limit = 33554432 (custom)
2019-09-26 09:21:04,668 [main] INFO  server.GrpcService (ConfUtils.java:logGet(43)) - raft.grpc.flow.control.window = 1MB (=1048576) (default)
2019-09-26 09:21:04,668 [main] INFO  server.RaftServerConfigKeys (ConfUtils.java:logGet(43)) - raft.server.rpc.request.timeout = 3000ms (default)
2019-09-26 09:21:04,668 [main] INFO  server.RaftServerConfigKeys (ConfUtils.java:logGet(43)) - raft.server.storage.dir = [/workdir/hadoop-ozone/integration-test/target/test-dir/MiniOzoneClusterImpl-078ea463-30a6-4c8a-a8ff-41db0515e22e/datanode-1/data/ratis] (custom)
2019-09-26 09:21:04,670 [main] INFO  hdfs.DFSUtil (DFSUtil.java:httpServerTemplateForNNAndJN(1641)) - Starting Web-server for hddsDatanode at: http://0.0.0.0:0
2019-09-26 09:21:04,672 [main] INFO  server.AuthenticationFilter (AuthenticationFilter.java:constructSecretProvider(240)) - Unable to initialize FileSignerSecretProvider, falling back to use random secrets.
2019-09-26 09:21:04,674 [main] WARN  http.HttpRequestLog (HttpRequestLog.java:getRequestLog(97)) - Jetty request log can only be enabled using Log4j
2019-09-26 09:21:04,676 [main] INFO  http.HttpServer2 (HttpServer2.java:addGlobalFilter(975)) - Added global filter 'safety' (class=org.apache.hadoop.http.HttpServer2$QuotingInputFilter)
2019-09-26 09:21:04,677 [main] INFO  http.HttpServer2 (HttpServer2.java:addFilter(948)) - Added filter static_user_filter (class=org.apache.hadoop.http.lib.StaticUserWebFilter$StaticUserFilter) to context hddsDatanode
2019-09-26 09:21:04,678 [main] INFO  http.HttpServer2 (HttpServer2.java:addFilter(958)) - Added filter static_user_filter (class=org.apache.hadoop.http.lib.StaticUserWebFilter$StaticUserFilter) to context logs
2019-09-26 09:21:04,678 [main] INFO  http.HttpServer2 (HttpServer2.java:addFilter(958)) - Added filter static_user_filter (class=org.apache.hadoop.http.lib.StaticUserWebFilter$StaticUserFilter) to context static
2019-09-26 09:21:04,680 [main] INFO  http.HttpServer2 (HttpServer2.java:bindListener(1191)) - Jetty bound to port 43573
2019-09-26 09:21:04,680 [main] INFO  server.Server (Server.java:doStart(351)) - jetty-9.3.25.v20180904, build timestamp: 2018-09-04T21:11:46Z, git hash: 3ce520221d0240229c862b122d2b06c12a625732
2019-09-26 09:21:04,683 [main] INFO  handler.ContextHandler (ContextHandler.java:doStart(781)) - Started o.e.j.s.ServletContextHandler@18d910b3{/logs,file:///workdir/hadoop-ozone/integration-test/target/log,AVAILABLE}
2019-09-26 09:21:04,683 [main] INFO  handler.ContextHandler (ContextHandler.java:doStart(781)) - Started o.e.j.s.ServletContextHandler@625d9132{/static,jar:file:/home/user/.m2/repository/org/apache/hadoop/hadoop-hdds-container-service/0.5.0-SNAPSHOT/hadoop-hdds-container-service-0.5.0-SNAPSHOT.jar!/webapps/static,AVAILABLE}
2019-09-26 09:21:04,728 [main] INFO  handler.ContextHandler (ContextHandler.java:doStart(781)) - Started o.e.j.w.WebAppContext@455c1d8c{/,file:///tmp/jetty-0.0.0.0-43573-hddsDatanode-_-any-6150102219219614286.dir/webapp/,AVAILABLE}{/hddsDatanode}
2019-09-26 09:21:04,729 [main] INFO  server.AbstractConnector (AbstractConnector.java:doStart(278)) - Started ServerConnector@a451491{HTTP/1.1,[http/1.1]}{0.0.0.0:43573}
2019-09-26 09:21:04,730 [main] INFO  server.Server (Server.java:doStart(419)) - Started @6747ms
2019-09-26 09:21:04,731 [main] WARN  impl.MetricsSystemImpl (MetricsSystemImpl.java:register(276)) - Sink prometheus already exists!
2019-09-26 09:21:04,732 [main] INFO  server.BaseHttpServer (BaseHttpServer.java:updateConnectorAddress(215)) - HTTP server of HDDSDATANODE is listening at http://0.0.0.0:43573
2019-09-26 09:21:04,732 [main] INFO  impl.MetricsSystemImpl (MetricsSystemImpl.java:init(158)) - HddsDatanode metrics system started (again)
2019-09-26 09:21:04,736 [org.apache.hadoop.util.JvmPauseMonitor$Monitor@3c0b173b] INFO  util.JvmPauseMonitor (JvmPauseMonitor.java:run(188)) - Starting JVM pause monitor
2019-09-26 09:21:04,737 [main] INFO  ozone.HddsDatanodeService (HddsDatanodeService.java:start(184)) - HddsDatanodeService host:pr-hdds-1569-wvzgm-824869521 ip:192.168.30.13
2019-09-26 09:21:04,747 [main] INFO  volume.HddsVolume (HddsVolume.java:<init>(176)) - Creating Volume: /workdir/hadoop-ozone/integration-test/target/test-dir/MiniOzoneClusterImpl-078ea463-30a6-4c8a-a8ff-41db0515e22e/datanode-2/data/containers/hdds of  storage type : DISK and capacity : 1482555576320
2019-09-26 09:21:04,748 [main] INFO  volume.VolumeSet (VolumeSet.java:initializeVolumeSet(170)) - Added Volume : /workdir/hadoop-ozone/integration-test/target/test-dir/MiniOzoneClusterImpl-078ea463-30a6-4c8a-a8ff-41db0515e22e/datanode-2/data/containers/hdds to VolumeSet
2019-09-26 09:21:04,748 [main] INFO  volume.ThrottledAsyncChecker (ThrottledAsyncChecker.java:schedule(139)) - Scheduling a check for org.apache.hadoop.ozone.container.common.volume.HddsVolume@62dbe64e
2019-09-26 09:21:04,749 [main] INFO  volume.HddsVolumeChecker (HddsVolumeChecker.java:checkAllVolumes(202)) - Scheduled health check for volume org.apache.hadoop.ozone.container.common.volume.HddsVolume@62dbe64e
2019-09-26 09:21:04,773 [main] INFO  impl.RaftServerProxy (ConfUtils.java:logGet(43)) - raft.rpc.type = GRPC (default)
2019-09-26 09:21:04,774 [main] INFO  grpc.GrpcFactory (GrpcFactory.java:checkPooledByteBufAllocatorUseCacheForAllThreads(45)) - PERFORMANCE WARNING: useCacheForAllThreads is true that may cause Netty to create a lot garbage objects and, as a result, trigger GC.
	It is recommended to disable useCacheForAllThreads by setting -Dorg.apache.ratis.thirdparty.io.netty.allocator.useCacheForAllThreads=false in command line.
2019-09-26 09:21:04,774 [main] INFO  grpc.GrpcConfigKeys$Server (ConfUtils.java:logGet(43)) - raft.grpc.server.port = 0 (default)
2019-09-26 09:21:04,775 [main] INFO  server.GrpcService (ConfUtils.java:logGet(43)) - raft.grpc.message.size.max = 33570816 (custom)
2019-09-26 09:21:04,775 [main] INFO  server.RaftServerConfigKeys (ConfUtils.java:logGet(43)) - raft.server.log.appender.buffer.byte-limit = 33554432 (custom)
2019-09-26 09:21:04,775 [main] INFO  server.GrpcService (ConfUtils.java:logGet(43)) - raft.grpc.flow.control.window = 1MB (=1048576) (default)
2019-09-26 09:21:04,776 [main] INFO  server.RaftServerConfigKeys (ConfUtils.java:logGet(43)) - raft.server.rpc.request.timeout = 3000ms (default)
2019-09-26 09:21:04,777 [main] INFO  server.RaftServerConfigKeys (ConfUtils.java:logGet(43)) - raft.server.storage.dir = [/workdir/hadoop-ozone/integration-test/target/test-dir/MiniOzoneClusterImpl-078ea463-30a6-4c8a-a8ff-41db0515e22e/datanode-2/data/ratis] (custom)
2019-09-26 09:21:04,777 [Datanode State Machine Thread - 0] INFO  datanode.InitDatanodeState (InitDatanodeState.java:persistContainerDatanodeDetails(140)) - DatanodeDetails is persisted to /workdir/hadoop-ozone/integration-test/target/test-dir/MiniOzoneClusterImpl-078ea463-30a6-4c8a-a8ff-41db0515e22e/datanode-0/meta/datanode.id
2019-09-26 09:21:04,782 [main] INFO  hdfs.DFSUtil (DFSUtil.java:httpServerTemplateForNNAndJN(1641)) - Starting Web-server for hddsDatanode at: http://0.0.0.0:0
2019-09-26 09:21:04,782 [Datanode State Machine Thread - 0] INFO  datanode.InitDatanodeState (InitDatanodeState.java:persistContainerDatanodeDetails(140)) - DatanodeDetails is persisted to /workdir/hadoop-ozone/integration-test/target/test-dir/MiniOzoneClusterImpl-078ea463-30a6-4c8a-a8ff-41db0515e22e/datanode-1/meta/datanode.id
2019-09-26 09:21:04,784 [main] INFO  server.AuthenticationFilter (AuthenticationFilter.java:constructSecretProvider(240)) - Unable to initialize FileSignerSecretProvider, falling back to use random secrets.
2019-09-26 09:21:04,784 [main] WARN  http.HttpRequestLog (HttpRequestLog.java:getRequestLog(97)) - Jetty request log can only be enabled using Log4j
2019-09-26 09:21:04,787 [main] INFO  http.HttpServer2 (HttpServer2.java:addGlobalFilter(975)) - Added global filter 'safety' (class=org.apache.hadoop.http.HttpServer2$QuotingInputFilter)
2019-09-26 09:21:04,787 [main] INFO  http.HttpServer2 (HttpServer2.java:addFilter(948)) - Added filter static_user_filter (class=org.apache.hadoop.http.lib.StaticUserWebFilter$StaticUserFilter) to context hddsDatanode
2019-09-26 09:21:04,788 [main] INFO  http.HttpServer2 (HttpServer2.java:addFilter(958)) - Added filter static_user_filter (class=org.apache.hadoop.http.lib.StaticUserWebFilter$StaticUserFilter) to context logs
2019-09-26 09:21:04,788 [main] INFO  http.HttpServer2 (HttpServer2.java:addFilter(958)) - Added filter static_user_filter (class=org.apache.hadoop.http.lib.StaticUserWebFilter$StaticUserFilter) to context static
2019-09-26 09:21:04,789 [main] INFO  http.HttpServer2 (HttpServer2.java:bindListener(1191)) - Jetty bound to port 46744
2019-09-26 09:21:04,789 [main] INFO  server.Server (Server.java:doStart(351)) - jetty-9.3.25.v20180904, build timestamp: 2018-09-04T21:11:46Z, git hash: 3ce520221d0240229c862b122d2b06c12a625732
2019-09-26 09:21:04,793 [main] INFO  handler.ContextHandler (ContextHandler.java:doStart(781)) - Started o.e.j.s.ServletContextHandler@4b65d9f4{/logs,file:///workdir/hadoop-ozone/integration-test/target/log,AVAILABLE}
2019-09-26 09:21:04,794 [main] INFO  handler.ContextHandler (ContextHandler.java:doStart(781)) - Started o.e.j.s.ServletContextHandler@5fcfde70{/static,jar:file:/home/user/.m2/repository/org/apache/hadoop/hadoop-hdds-container-service/0.5.0-SNAPSHOT/hadoop-hdds-container-service-0.5.0-SNAPSHOT.jar!/webapps/static,AVAILABLE}
2019-09-26 09:21:04,833 [main] INFO  handler.ContextHandler (ContextHandler.java:doStart(781)) - Started o.e.j.w.WebAppContext@75de29c0{/,file:///tmp/jetty-0.0.0.0-46744-hddsDatanode-_-any-3944869863239218485.dir/webapp/,AVAILABLE}{/hddsDatanode}
2019-09-26 09:21:04,833 [main] INFO  server.AbstractConnector (AbstractConnector.java:doStart(278)) - Started ServerConnector@fc807c1{HTTP/1.1,[http/1.1]}{0.0.0.0:46744}
2019-09-26 09:21:04,834 [main] INFO  server.Server (Server.java:doStart(419)) - Started @6852ms
2019-09-26 09:21:04,834 [main] WARN  impl.MetricsSystemImpl (MetricsSystemImpl.java:register(276)) - Sink prometheus already exists!
2019-09-26 09:21:04,835 [main] INFO  server.BaseHttpServer (BaseHttpServer.java:updateConnectorAddress(215)) - HTTP server of HDDSDATANODE is listening at http://0.0.0.0:46744
2019-09-26 09:21:04,836 [main] INFO  impl.MetricsSystemImpl (MetricsSystemImpl.java:init(158)) - HddsDatanode metrics system started (again)
2019-09-26 09:21:04,839 [org.apache.hadoop.util.JvmPauseMonitor$Monitor@4cdec38e] INFO  util.JvmPauseMonitor (JvmPauseMonitor.java:run(188)) - Starting JVM pause monitor
2019-09-26 09:21:04,839 [main] INFO  ozone.HddsDatanodeService (HddsDatanodeService.java:start(184)) - HddsDatanodeService host:pr-hdds-1569-wvzgm-824869521 ip:192.168.30.13
2019-09-26 09:21:04,841 [Datanode State Machine Thread - 0] INFO  datanode.InitDatanodeState (InitDatanodeState.java:persistContainerDatanodeDetails(140)) - DatanodeDetails is persisted to /workdir/hadoop-ozone/integration-test/target/test-dir/MiniOzoneClusterImpl-078ea463-30a6-4c8a-a8ff-41db0515e22e/datanode-2/meta/datanode.id
2019-09-26 09:21:04,846 [main] INFO  volume.HddsVolume (HddsVolume.java:<init>(176)) - Creating Volume: /workdir/hadoop-ozone/integration-test/target/test-dir/MiniOzoneClusterImpl-078ea463-30a6-4c8a-a8ff-41db0515e22e/datanode-3/data/containers/hdds of  storage type : DISK and capacity : 1482555576320
2019-09-26 09:21:04,846 [main] INFO  volume.VolumeSet (VolumeSet.java:initializeVolumeSet(170)) - Added Volume : /workdir/hadoop-ozone/integration-test/target/test-dir/MiniOzoneClusterImpl-078ea463-30a6-4c8a-a8ff-41db0515e22e/datanode-3/data/containers/hdds to VolumeSet
2019-09-26 09:21:04,846 [main] INFO  volume.ThrottledAsyncChecker (ThrottledAsyncChecker.java:schedule(139)) - Scheduling a check for org.apache.hadoop.ozone.container.common.volume.HddsVolume@784abd3e
2019-09-26 09:21:04,847 [main] INFO  volume.HddsVolumeChecker (HddsVolumeChecker.java:checkAllVolumes(202)) - Scheduled health check for volume org.apache.hadoop.ozone.container.common.volume.HddsVolume@784abd3e
2019-09-26 09:21:04,863 [main] INFO  impl.RaftServerProxy (ConfUtils.java:logGet(43)) - raft.rpc.type = GRPC (default)
2019-09-26 09:21:04,863 [main] INFO  grpc.GrpcFactory (GrpcFactory.java:checkPooledByteBufAllocatorUseCacheForAllThreads(45)) - PERFORMANCE WARNING: useCacheForAllThreads is true that may cause Netty to create a lot garbage objects and, as a result, trigger GC.
	It is recommended to disable useCacheForAllThreads by setting -Dorg.apache.ratis.thirdparty.io.netty.allocator.useCacheForAllThreads=false in command line.
2019-09-26 09:21:04,863 [main] INFO  grpc.GrpcConfigKeys$Server (ConfUtils.java:logGet(43)) - raft.grpc.server.port = 0 (default)
2019-09-26 09:21:04,863 [main] INFO  server.GrpcService (ConfUtils.java:logGet(43)) - raft.grpc.message.size.max = 33570816 (custom)
2019-09-26 09:21:04,864 [main] INFO  server.RaftServerConfigKeys (ConfUtils.java:logGet(43)) - raft.server.log.appender.buffer.byte-limit = 33554432 (custom)
2019-09-26 09:21:04,864 [main] INFO  server.GrpcService (ConfUtils.java:logGet(43)) - raft.grpc.flow.control.window = 1MB (=1048576) (default)
2019-09-26 09:21:04,864 [main] INFO  server.RaftServerConfigKeys (ConfUtils.java:logGet(43)) - raft.server.rpc.request.timeout = 3000ms (default)
2019-09-26 09:21:04,865 [main] INFO  server.RaftServerConfigKeys (ConfUtils.java:logGet(43)) - raft.server.storage.dir = [/workdir/hadoop-ozone/integration-test/target/test-dir/MiniOzoneClusterImpl-078ea463-30a6-4c8a-a8ff-41db0515e22e/datanode-3/data/ratis] (custom)
2019-09-26 09:21:04,867 [main] INFO  hdfs.DFSUtil (DFSUtil.java:httpServerTemplateForNNAndJN(1641)) - Starting Web-server for hddsDatanode at: http://0.0.0.0:0
2019-09-26 09:21:04,869 [main] INFO  server.AuthenticationFilter (AuthenticationFilter.java:constructSecretProvider(240)) - Unable to initialize FileSignerSecretProvider, falling back to use random secrets.
2019-09-26 09:21:04,869 [main] WARN  http.HttpRequestLog (HttpRequestLog.java:getRequestLog(97)) - Jetty request log can only be enabled using Log4j
2019-09-26 09:21:04,871 [main] INFO  http.HttpServer2 (HttpServer2.java:addGlobalFilter(975)) - Added global filter 'safety' (class=org.apache.hadoop.http.HttpServer2$QuotingInputFilter)
2019-09-26 09:21:04,872 [main] INFO  http.HttpServer2 (HttpServer2.java:addFilter(948)) - Added filter static_user_filter (class=org.apache.hadoop.http.lib.StaticUserWebFilter$StaticUserFilter) to context hddsDatanode
2019-09-26 09:21:04,872 [main] INFO  http.HttpServer2 (HttpServer2.java:addFilter(958)) - Added filter static_user_filter (class=org.apache.hadoop.http.lib.StaticUserWebFilter$StaticUserFilter) to context static
2019-09-26 09:21:04,872 [main] INFO  http.HttpServer2 (HttpServer2.java:addFilter(958)) - Added filter static_user_filter (class=org.apache.hadoop.http.lib.StaticUserWebFilter$StaticUserFilter) to context logs
2019-09-26 09:21:04,873 [main] INFO  http.HttpServer2 (HttpServer2.java:bindListener(1191)) - Jetty bound to port 44477
2019-09-26 09:21:04,873 [main] INFO  server.Server (Server.java:doStart(351)) - jetty-9.3.25.v20180904, build timestamp: 2018-09-04T21:11:46Z, git hash: 3ce520221d0240229c862b122d2b06c12a625732
2019-09-26 09:21:04,875 [main] INFO  handler.ContextHandler (ContextHandler.java:doStart(781)) - Started o.e.j.s.ServletContextHandler@53b7ce6{/logs,file:///workdir/hadoop-ozone/integration-test/target/log,AVAILABLE}
2019-09-26 09:21:04,876 [main] INFO  handler.ContextHandler (ContextHandler.java:doStart(781)) - Started o.e.j.s.ServletContextHandler@27d33393{/static,jar:file:/home/user/.m2/repository/org/apache/hadoop/hadoop-hdds-container-service/0.5.0-SNAPSHOT/hadoop-hdds-container-service-0.5.0-SNAPSHOT.jar!/webapps/static,AVAILABLE}
2019-09-26 09:21:04,908 [main] INFO  handler.ContextHandler (ContextHandler.java:doStart(781)) - Started o.e.j.w.WebAppContext@1716e8c5{/,file:///tmp/jetty-0.0.0.0-44477-hddsDatanode-_-any-6939221644253893934.dir/webapp/,AVAILABLE}{/hddsDatanode}
2019-09-26 09:21:04,909 [main] INFO  server.AbstractConnector (AbstractConnector.java:doStart(278)) - Started ServerConnector@6573d2f7{HTTP/1.1,[http/1.1]}{0.0.0.0:44477}
2019-09-26 09:21:04,910 [main] INFO  server.Server (Server.java:doStart(419)) - Started @6928ms
2019-09-26 09:21:04,910 [main] WARN  impl.MetricsSystemImpl (MetricsSystemImpl.java:register(276)) - Sink prometheus already exists!
2019-09-26 09:21:04,911 [main] INFO  server.BaseHttpServer (BaseHttpServer.java:updateConnectorAddress(215)) - HTTP server of HDDSDATANODE is listening at http://0.0.0.0:44477
2019-09-26 09:21:04,912 [main] INFO  impl.MetricsSystemImpl (MetricsSystemImpl.java:init(158)) - HddsDatanode metrics system started (again)
2019-09-26 09:21:04,915 [org.apache.hadoop.util.JvmPauseMonitor$Monitor@382d44f0] INFO  util.JvmPauseMonitor (JvmPauseMonitor.java:run(188)) - Starting JVM pause monitor
2019-09-26 09:21:04,916 [main] INFO  ozone.HddsDatanodeService (HddsDatanodeService.java:start(184)) - HddsDatanodeService host:pr-hdds-1569-wvzgm-824869521 ip:192.168.30.13
2019-09-26 09:21:04,917 [Datanode State Machine Thread - 0] INFO  datanode.InitDatanodeState (InitDatanodeState.java:persistContainerDatanodeDetails(140)) - DatanodeDetails is persisted to /workdir/hadoop-ozone/integration-test/target/test-dir/MiniOzoneClusterImpl-078ea463-30a6-4c8a-a8ff-41db0515e22e/datanode-3/meta/datanode.id
2019-09-26 09:21:04,922 [main] INFO  volume.HddsVolume (HddsVolume.java:<init>(176)) - Creating Volume: /workdir/hadoop-ozone/integration-test/target/test-dir/MiniOzoneClusterImpl-078ea463-30a6-4c8a-a8ff-41db0515e22e/datanode-4/data/containers/hdds of  storage type : DISK and capacity : 1482555576320
2019-09-26 09:21:04,923 [main] INFO  volume.VolumeSet (VolumeSet.java:initializeVolumeSet(170)) - Added Volume : /workdir/hadoop-ozone/integration-test/target/test-dir/MiniOzoneClusterImpl-078ea463-30a6-4c8a-a8ff-41db0515e22e/datanode-4/data/containers/hdds to VolumeSet
2019-09-26 09:21:04,923 [main] INFO  volume.ThrottledAsyncChecker (ThrottledAsyncChecker.java:schedule(139)) - Scheduling a check for org.apache.hadoop.ozone.container.common.volume.HddsVolume@1859e2a4
2019-09-26 09:21:04,924 [main] INFO  volume.HddsVolumeChecker (HddsVolumeChecker.java:checkAllVolumes(202)) - Scheduled health check for volume org.apache.hadoop.ozone.container.common.volume.HddsVolume@1859e2a4
2019-09-26 09:21:04,937 [main] INFO  impl.RaftServerProxy (ConfUtils.java:logGet(43)) - raft.rpc.type = GRPC (default)
2019-09-26 09:21:04,937 [main] INFO  grpc.GrpcFactory (GrpcFactory.java:checkPooledByteBufAllocatorUseCacheForAllThreads(45)) - PERFORMANCE WARNING: useCacheForAllThreads is true that may cause Netty to create a lot garbage objects and, as a result, trigger GC.
	It is recommended to disable useCacheForAllThreads by setting -Dorg.apache.ratis.thirdparty.io.netty.allocator.useCacheForAllThreads=false in command line.
2019-09-26 09:21:04,937 [main] INFO  grpc.GrpcConfigKeys$Server (ConfUtils.java:logGet(43)) - raft.grpc.server.port = 0 (default)
2019-09-26 09:21:04,937 [main] INFO  server.GrpcService (ConfUtils.java:logGet(43)) - raft.grpc.message.size.max = 33570816 (custom)
2019-09-26 09:21:04,938 [main] INFO  server.RaftServerConfigKeys (ConfUtils.java:logGet(43)) - raft.server.log.appender.buffer.byte-limit = 33554432 (custom)
2019-09-26 09:21:04,938 [main] INFO  server.GrpcService (ConfUtils.java:logGet(43)) - raft.grpc.flow.control.window = 1MB (=1048576) (default)
2019-09-26 09:21:04,938 [main] INFO  server.RaftServerConfigKeys (ConfUtils.java:logGet(43)) - raft.server.rpc.request.timeout = 3000ms (default)
2019-09-26 09:21:04,939 [main] INFO  server.RaftServerConfigKeys (ConfUtils.java:logGet(43)) - raft.server.storage.dir = [/workdir/hadoop-ozone/integration-test/target/test-dir/MiniOzoneClusterImpl-078ea463-30a6-4c8a-a8ff-41db0515e22e/datanode-4/data/ratis] (custom)
2019-09-26 09:21:04,940 [main] INFO  hdfs.DFSUtil (DFSUtil.java:httpServerTemplateForNNAndJN(1641)) - Starting Web-server for hddsDatanode at: http://0.0.0.0:0
2019-09-26 09:21:04,941 [main] INFO  server.AuthenticationFilter (AuthenticationFilter.java:constructSecretProvider(240)) - Unable to initialize FileSignerSecretProvider, falling back to use random secrets.
2019-09-26 09:21:04,942 [main] WARN  http.HttpRequestLog (HttpRequestLog.java:getRequestLog(97)) - Jetty request log can only be enabled using Log4j
2019-09-26 09:21:04,943 [main] INFO  http.HttpServer2 (HttpServer2.java:addGlobalFilter(975)) - Added global filter 'safety' (class=org.apache.hadoop.http.HttpServer2$QuotingInputFilter)
2019-09-26 09:21:04,943 [main] INFO  http.HttpServer2 (HttpServer2.java:addFilter(948)) - Added filter static_user_filter (class=org.apache.hadoop.http.lib.StaticUserWebFilter$StaticUserFilter) to context hddsDatanode
2019-09-26 09:21:04,944 [main] INFO  http.HttpServer2 (HttpServer2.java:addFilter(958)) - Added filter static_user_filter (class=org.apache.hadoop.http.lib.StaticUserWebFilter$StaticUserFilter) to context static
2019-09-26 09:21:04,944 [main] INFO  http.HttpServer2 (HttpServer2.java:addFilter(958)) - Added filter static_user_filter (class=org.apache.hadoop.http.lib.StaticUserWebFilter$StaticUserFilter) to context logs
2019-09-26 09:21:04,944 [main] INFO  http.HttpServer2 (HttpServer2.java:bindListener(1191)) - Jetty bound to port 45362
2019-09-26 09:21:04,945 [main] INFO  server.Server (Server.java:doStart(351)) - jetty-9.3.25.v20180904, build timestamp: 2018-09-04T21:11:46Z, git hash: 3ce520221d0240229c862b122d2b06c12a625732
2019-09-26 09:21:04,946 [main] INFO  handler.ContextHandler (ContextHandler.java:doStart(781)) - Started o.e.j.s.ServletContextHandler@6c0e13b7{/logs,file:///workdir/hadoop-ozone/integration-test/target/log,AVAILABLE}
2019-09-26 09:21:04,947 [main] INFO  handler.ContextHandler (ContextHandler.java:doStart(781)) - Started o.e.j.s.ServletContextHandler@561b7d53{/static,jar:file:/home/user/.m2/repository/org/apache/hadoop/hadoop-hdds-container-service/0.5.0-SNAPSHOT/hadoop-hdds-container-service-0.5.0-SNAPSHOT.jar!/webapps/static,AVAILABLE}
2019-09-26 09:21:04,971 [main] INFO  handler.ContextHandler (ContextHandler.java:doStart(781)) - Started o.e.j.w.WebAppContext@58ba5b30{/,file:///tmp/jetty-0.0.0.0-45362-hddsDatanode-_-any-2926905212288834158.dir/webapp/,AVAILABLE}{/hddsDatanode}
2019-09-26 09:21:04,972 [main] INFO  server.AbstractConnector (AbstractConnector.java:doStart(278)) - Started ServerConnector@4dba773d{HTTP/1.1,[http/1.1]}{0.0.0.0:45362}
2019-09-26 09:21:04,973 [main] INFO  server.Server (Server.java:doStart(419)) - Started @6991ms
2019-09-26 09:21:04,973 [main] WARN  impl.MetricsSystemImpl (MetricsSystemImpl.java:register(276)) - Sink prometheus already exists!
2019-09-26 09:21:04,974 [main] INFO  server.BaseHttpServer (BaseHttpServer.java:updateConnectorAddress(215)) - HTTP server of HDDSDATANODE is listening at http://0.0.0.0:45362
2019-09-26 09:21:04,974 [main] INFO  impl.MetricsSystemImpl (MetricsSystemImpl.java:init(158)) - HddsDatanode metrics system started (again)
2019-09-26 09:21:04,979 [org.apache.hadoop.util.JvmPauseMonitor$Monitor@4e2151] INFO  util.JvmPauseMonitor (JvmPauseMonitor.java:run(188)) - Starting JVM pause monitor
2019-09-26 09:21:04,979 [main] INFO  ozone.HddsDatanodeService (HddsDatanodeService.java:start(184)) - HddsDatanodeService host:pr-hdds-1569-wvzgm-824869521 ip:192.168.30.13
2019-09-26 09:21:04,983 [Datanode State Machine Thread - 0] INFO  datanode.InitDatanodeState (InitDatanodeState.java:persistContainerDatanodeDetails(140)) - DatanodeDetails is persisted to /workdir/hadoop-ozone/integration-test/target/test-dir/MiniOzoneClusterImpl-078ea463-30a6-4c8a-a8ff-41db0515e22e/datanode-4/meta/datanode.id
2019-09-26 09:21:04,989 [main] INFO  volume.HddsVolume (HddsVolume.java:<init>(176)) - Creating Volume: /workdir/hadoop-ozone/integration-test/target/test-dir/MiniOzoneClusterImpl-078ea463-30a6-4c8a-a8ff-41db0515e22e/datanode-5/data/containers/hdds of  storage type : DISK and capacity : 1482555576320
2019-09-26 09:21:04,989 [main] INFO  volume.VolumeSet (VolumeSet.java:initializeVolumeSet(170)) - Added Volume : /workdir/hadoop-ozone/integration-test/target/test-dir/MiniOzoneClusterImpl-078ea463-30a6-4c8a-a8ff-41db0515e22e/datanode-5/data/containers/hdds to VolumeSet
2019-09-26 09:21:04,989 [main] INFO  volume.ThrottledAsyncChecker (ThrottledAsyncChecker.java:schedule(139)) - Scheduling a check for org.apache.hadoop.ozone.container.common.volume.HddsVolume@ff23ae7
2019-09-26 09:21:04,990 [main] INFO  volume.HddsVolumeChecker (HddsVolumeChecker.java:checkAllVolumes(202)) - Scheduled health check for volume org.apache.hadoop.ozone.container.common.volume.HddsVolume@ff23ae7
2019-09-26 09:21:05,006 [main] INFO  impl.RaftServerProxy (ConfUtils.java:logGet(43)) - raft.rpc.type = GRPC (default)
2019-09-26 09:21:05,007 [main] INFO  grpc.GrpcFactory (GrpcFactory.java:checkPooledByteBufAllocatorUseCacheForAllThreads(45)) - PERFORMANCE WARNING: useCacheForAllThreads is true that may cause Netty to create a lot garbage objects and, as a result, trigger GC.
	It is recommended to disable useCacheForAllThreads by setting -Dorg.apache.ratis.thirdparty.io.netty.allocator.useCacheForAllThreads=false in command line.
2019-09-26 09:21:05,007 [main] INFO  grpc.GrpcConfigKeys$Server (ConfUtils.java:logGet(43)) - raft.grpc.server.port = 0 (default)
2019-09-26 09:21:05,007 [main] INFO  server.GrpcService (ConfUtils.java:logGet(43)) - raft.grpc.message.size.max = 33570816 (custom)
2019-09-26 09:21:05,007 [main] INFO  server.RaftServerConfigKeys (ConfUtils.java:logGet(43)) - raft.server.log.appender.buffer.byte-limit = 33554432 (custom)
2019-09-26 09:21:05,007 [main] INFO  server.GrpcService (ConfUtils.java:logGet(43)) - raft.grpc.flow.control.window = 1MB (=1048576) (default)
2019-09-26 09:21:05,008 [main] INFO  server.RaftServerConfigKeys (ConfUtils.java:logGet(43)) - raft.server.rpc.request.timeout = 3000ms (default)
2019-09-26 09:21:05,008 [main] INFO  server.RaftServerConfigKeys (ConfUtils.java:logGet(43)) - raft.server.storage.dir = [/workdir/hadoop-ozone/integration-test/target/test-dir/MiniOzoneClusterImpl-078ea463-30a6-4c8a-a8ff-41db0515e22e/datanode-5/data/ratis] (custom)
2019-09-26 09:21:05,010 [main] INFO  hdfs.DFSUtil (DFSUtil.java:httpServerTemplateForNNAndJN(1641)) - Starting Web-server for hddsDatanode at: http://0.0.0.0:0
2019-09-26 09:21:05,011 [main] INFO  server.AuthenticationFilter (AuthenticationFilter.java:constructSecretProvider(240)) - Unable to initialize FileSignerSecretProvider, falling back to use random secrets.
2019-09-26 09:21:05,012 [main] WARN  http.HttpRequestLog (HttpRequestLog.java:getRequestLog(97)) - Jetty request log can only be enabled using Log4j
2019-09-26 09:21:05,013 [main] INFO  http.HttpServer2 (HttpServer2.java:addGlobalFilter(975)) - Added global filter 'safety' (class=org.apache.hadoop.http.HttpServer2$QuotingInputFilter)
2019-09-26 09:21:05,014 [main] INFO  http.HttpServer2 (HttpServer2.java:addFilter(948)) - Added filter static_user_filter (class=org.apache.hadoop.http.lib.StaticUserWebFilter$StaticUserFilter) to context hddsDatanode
2019-09-26 09:21:05,014 [main] INFO  http.HttpServer2 (HttpServer2.java:addFilter(958)) - Added filter static_user_filter (class=org.apache.hadoop.http.lib.StaticUserWebFilter$StaticUserFilter) to context logs
2019-09-26 09:21:05,014 [main] INFO  http.HttpServer2 (HttpServer2.java:addFilter(958)) - Added filter static_user_filter (class=org.apache.hadoop.http.lib.StaticUserWebFilter$StaticUserFilter) to context static
2019-09-26 09:21:05,015 [main] INFO  http.HttpServer2 (HttpServer2.java:bindListener(1191)) - Jetty bound to port 46704
2019-09-26 09:21:05,015 [main] INFO  server.Server (Server.java:doStart(351)) - jetty-9.3.25.v20180904, build timestamp: 2018-09-04T21:11:46Z, git hash: 3ce520221d0240229c862b122d2b06c12a625732
2019-09-26 09:21:05,017 [main] INFO  handler.ContextHandler (ContextHandler.java:doStart(781)) - Started o.e.j.s.ServletContextHandler@ccf91df{/logs,file:///workdir/hadoop-ozone/integration-test/target/log,AVAILABLE}
2019-09-26 09:21:05,018 [main] INFO  handler.ContextHandler (ContextHandler.java:doStart(781)) - Started o.e.j.s.ServletContextHandler@51d387d3{/static,jar:file:/home/user/.m2/repository/org/apache/hadoop/hadoop-hdds-container-service/0.5.0-SNAPSHOT/hadoop-hdds-container-service-0.5.0-SNAPSHOT.jar!/webapps/static,AVAILABLE}
2019-09-26 09:21:05,048 [main] INFO  handler.ContextHandler (ContextHandler.java:doStart(781)) - Started o.e.j.w.WebAppContext@3d7fb838{/,file:///tmp/jetty-0.0.0.0-46704-hddsDatanode-_-any-4037392900949291910.dir/webapp/,AVAILABLE}{/hddsDatanode}
2019-09-26 09:21:05,049 [main] INFO  server.AbstractConnector (AbstractConnector.java:doStart(278)) - Started ServerConnector@1c26273d{HTTP/1.1,[http/1.1]}{0.0.0.0:46704}
2019-09-26 09:21:05,050 [main] INFO  server.Server (Server.java:doStart(419)) - Started @7068ms
2019-09-26 09:21:05,050 [main] WARN  impl.MetricsSystemImpl (MetricsSystemImpl.java:register(276)) - Sink prometheus already exists!
2019-09-26 09:21:05,051 [main] INFO  server.BaseHttpServer (BaseHttpServer.java:updateConnectorAddress(215)) - HTTP server of HDDSDATANODE is listening at http://0.0.0.0:46704
2019-09-26 09:21:05,051 [main] INFO  impl.MetricsSystemImpl (MetricsSystemImpl.java:init(158)) - HddsDatanode metrics system started (again)
2019-09-26 09:21:05,055 [main] INFO  ozone.HddsDatanodeService (HddsDatanodeService.java:start(184)) - HddsDatanodeService host:pr-hdds-1569-wvzgm-824869521 ip:192.168.30.13
2019-09-26 09:21:05,055 [org.apache.hadoop.util.JvmPauseMonitor$Monitor@359f5597] INFO  util.JvmPauseMonitor (JvmPauseMonitor.java:run(188)) - Starting JVM pause monitor
2019-09-26 09:21:05,058 [Datanode State Machine Thread - 0] INFO  datanode.InitDatanodeState (InitDatanodeState.java:persistContainerDatanodeDetails(140)) - DatanodeDetails is persisted to /workdir/hadoop-ozone/integration-test/target/test-dir/MiniOzoneClusterImpl-078ea463-30a6-4c8a-a8ff-41db0515e22e/datanode-5/meta/datanode.id
2019-09-26 09:21:05,064 [main] INFO  volume.HddsVolume (HddsVolume.java:<init>(176)) - Creating Volume: /workdir/hadoop-ozone/integration-test/target/test-dir/MiniOzoneClusterImpl-078ea463-30a6-4c8a-a8ff-41db0515e22e/datanode-6/data/containers/hdds of  storage type : DISK and capacity : 1482555576320
2019-09-26 09:21:05,065 [main] INFO  volume.VolumeSet (VolumeSet.java:initializeVolumeSet(170)) - Added Volume : /workdir/hadoop-ozone/integration-test/target/test-dir/MiniOzoneClusterImpl-078ea463-30a6-4c8a-a8ff-41db0515e22e/datanode-6/data/containers/hdds to VolumeSet
2019-09-26 09:21:05,065 [main] INFO  volume.ThrottledAsyncChecker (ThrottledAsyncChecker.java:schedule(139)) - Scheduling a check for org.apache.hadoop.ozone.container.common.volume.HddsVolume@254f906e
2019-09-26 09:21:05,066 [main] INFO  volume.HddsVolumeChecker (HddsVolumeChecker.java:checkAllVolumes(202)) - Scheduled health check for volume org.apache.hadoop.ozone.container.common.volume.HddsVolume@254f906e
2019-09-26 09:21:05,087 [main] INFO  impl.RaftServerProxy (ConfUtils.java:logGet(43)) - raft.rpc.type = GRPC (default)
2019-09-26 09:21:05,087 [main] INFO  grpc.GrpcFactory (GrpcFactory.java:checkPooledByteBufAllocatorUseCacheForAllThreads(45)) - PERFORMANCE WARNING: useCacheForAllThreads is true that may cause Netty to create a lot garbage objects and, as a result, trigger GC.
	It is recommended to disable useCacheForAllThreads by setting -Dorg.apache.ratis.thirdparty.io.netty.allocator.useCacheForAllThreads=false in command line.
2019-09-26 09:21:05,088 [main] INFO  grpc.GrpcConfigKeys$Server (ConfUtils.java:logGet(43)) - raft.grpc.server.port = 0 (default)
2019-09-26 09:21:05,088 [main] INFO  server.GrpcService (ConfUtils.java:logGet(43)) - raft.grpc.message.size.max = 33570816 (custom)
2019-09-26 09:21:05,088 [main] INFO  server.RaftServerConfigKeys (ConfUtils.java:logGet(43)) - raft.server.log.appender.buffer.byte-limit = 33554432 (custom)
2019-09-26 09:21:05,089 [main] INFO  server.GrpcService (ConfUtils.java:logGet(43)) - raft.grpc.flow.control.window = 1MB (=1048576) (default)
2019-09-26 09:21:05,089 [main] INFO  server.RaftServerConfigKeys (ConfUtils.java:logGet(43)) - raft.server.rpc.request.timeout = 3000ms (default)
2019-09-26 09:21:05,090 [main] INFO  server.RaftServerConfigKeys (ConfUtils.java:logGet(43)) - raft.server.storage.dir = [/workdir/hadoop-ozone/integration-test/target/test-dir/MiniOzoneClusterImpl-078ea463-30a6-4c8a-a8ff-41db0515e22e/datanode-6/data/ratis] (custom)
2019-09-26 09:21:05,093 [main] INFO  hdfs.DFSUtil (DFSUtil.java:httpServerTemplateForNNAndJN(1641)) - Starting Web-server for hddsDatanode at: http://0.0.0.0:0
2019-09-26 09:21:05,095 [main] INFO  server.AuthenticationFilter (AuthenticationFilter.java:constructSecretProvider(240)) - Unable to initialize FileSignerSecretProvider, falling back to use random secrets.
2019-09-26 09:21:05,095 [main] WARN  http.HttpRequestLog (HttpRequestLog.java:getRequestLog(97)) - Jetty request log can only be enabled using Log4j
2019-09-26 09:21:05,098 [main] INFO  http.HttpServer2 (HttpServer2.java:addGlobalFilter(975)) - Added global filter 'safety' (class=org.apache.hadoop.http.HttpServer2$QuotingInputFilter)
2019-09-26 09:21:05,099 [main] INFO  http.HttpServer2 (HttpServer2.java:addFilter(948)) - Added filter static_user_filter (class=org.apache.hadoop.http.lib.StaticUserWebFilter$StaticUserFilter) to context hddsDatanode
2019-09-26 09:21:05,099 [main] INFO  http.HttpServer2 (HttpServer2.java:addFilter(958)) - Added filter static_user_filter (class=org.apache.hadoop.http.lib.StaticUserWebFilter$StaticUserFilter) to context static
2019-09-26 09:21:05,099 [main] INFO  http.HttpServer2 (HttpServer2.java:addFilter(958)) - Added filter static_user_filter (class=org.apache.hadoop.http.lib.StaticUserWebFilter$StaticUserFilter) to context logs
2019-09-26 09:21:05,100 [main] INFO  http.HttpServer2 (HttpServer2.java:bindListener(1191)) - Jetty bound to port 37904
2019-09-26 09:21:05,100 [main] INFO  server.Server (Server.java:doStart(351)) - jetty-9.3.25.v20180904, build timestamp: 2018-09-04T21:11:46Z, git hash: 3ce520221d0240229c862b122d2b06c12a625732
2019-09-26 09:21:05,102 [main] INFO  handler.ContextHandler (ContextHandler.java:doStart(781)) - Started o.e.j.s.ServletContextHandler@67514bdd{/logs,file:///workdir/hadoop-ozone/integration-test/target/log,AVAILABLE}
2019-09-26 09:21:05,103 [main] INFO  handler.ContextHandler (ContextHandler.java:doStart(781)) - Started o.e.j.s.ServletContextHandler@7f5538a1{/static,jar:file:/home/user/.m2/repository/org/apache/hadoop/hadoop-hdds-container-service/0.5.0-SNAPSHOT/hadoop-hdds-container-service-0.5.0-SNAPSHOT.jar!/webapps/static,AVAILABLE}
2019-09-26 09:21:05,135 [main] INFO  handler.ContextHandler (ContextHandler.java:doStart(781)) - Started o.e.j.w.WebAppContext@3e3315d9{/,file:///tmp/jetty-0.0.0.0-37904-hddsDatanode-_-any-6707153636905658739.dir/webapp/,AVAILABLE}{/hddsDatanode}
2019-09-26 09:21:05,136 [main] INFO  server.AbstractConnector (AbstractConnector.java:doStart(278)) - Started ServerConnector@64db4967{HTTP/1.1,[http/1.1]}{0.0.0.0:37904}
2019-09-26 09:21:05,137 [main] INFO  server.Server (Server.java:doStart(419)) - Started @7155ms
2019-09-26 09:21:05,137 [main] WARN  impl.MetricsSystemImpl (MetricsSystemImpl.java:register(276)) - Sink prometheus already exists!
2019-09-26 09:21:05,138 [main] INFO  server.BaseHttpServer (BaseHttpServer.java:updateConnectorAddress(215)) - HTTP server of HDDSDATANODE is listening at http://0.0.0.0:37904
2019-09-26 09:21:05,138 [main] INFO  impl.MetricsSystemImpl (MetricsSystemImpl.java:init(158)) - HddsDatanode metrics system started (again)
2019-09-26 09:21:05,142 [main] INFO  ozone.HddsDatanodeService (HddsDatanodeService.java:start(184)) - HddsDatanodeService host:pr-hdds-1569-wvzgm-824869521 ip:192.168.30.13
2019-09-26 09:21:05,143 [org.apache.hadoop.util.JvmPauseMonitor$Monitor@343fbd28] INFO  util.JvmPauseMonitor (JvmPauseMonitor.java:run(188)) - Starting JVM pause monitor
2019-09-26 09:21:05,144 [Datanode State Machine Thread - 0] INFO  datanode.InitDatanodeState (InitDatanodeState.java:persistContainerDatanodeDetails(140)) - DatanodeDetails is persisted to /workdir/hadoop-ozone/integration-test/target/test-dir/MiniOzoneClusterImpl-078ea463-30a6-4c8a-a8ff-41db0515e22e/datanode-6/meta/datanode.id
2019-09-26 09:21:05,149 [main] INFO  volume.HddsVolume (HddsVolume.java:<init>(176)) - Creating Volume: /workdir/hadoop-ozone/integration-test/target/test-dir/MiniOzoneClusterImpl-078ea463-30a6-4c8a-a8ff-41db0515e22e/datanode-7/data/containers/hdds of  storage type : DISK and capacity : 1482555576320
2019-09-26 09:21:05,149 [main] INFO  volume.VolumeSet (VolumeSet.java:initializeVolumeSet(170)) - Added Volume : /workdir/hadoop-ozone/integration-test/target/test-dir/MiniOzoneClusterImpl-078ea463-30a6-4c8a-a8ff-41db0515e22e/datanode-7/data/containers/hdds to VolumeSet
2019-09-26 09:21:05,149 [main] INFO  volume.ThrottledAsyncChecker (ThrottledAsyncChecker.java:schedule(139)) - Scheduling a check for org.apache.hadoop.ozone.container.common.volume.HddsVolume@6d6bbd35
2019-09-26 09:21:05,150 [main] INFO  volume.HddsVolumeChecker (HddsVolumeChecker.java:checkAllVolumes(202)) - Scheduled health check for volume org.apache.hadoop.ozone.container.common.volume.HddsVolume@6d6bbd35
2019-09-26 09:21:05,164 [main] INFO  impl.RaftServerProxy (ConfUtils.java:logGet(43)) - raft.rpc.type = GRPC (default)
2019-09-26 09:21:05,164 [main] INFO  grpc.GrpcFactory (GrpcFactory.java:checkPooledByteBufAllocatorUseCacheForAllThreads(45)) - PERFORMANCE WARNING: useCacheForAllThreads is true that may cause Netty to create a lot garbage objects and, as a result, trigger GC.
	It is recommended to disable useCacheForAllThreads by setting -Dorg.apache.ratis.thirdparty.io.netty.allocator.useCacheForAllThreads=false in command line.
2019-09-26 09:21:05,165 [main] INFO  grpc.GrpcConfigKeys$Server (ConfUtils.java:logGet(43)) - raft.grpc.server.port = 0 (default)
2019-09-26 09:21:05,165 [main] INFO  server.GrpcService (ConfUtils.java:logGet(43)) - raft.grpc.message.size.max = 33570816 (custom)
2019-09-26 09:21:05,165 [main] INFO  server.RaftServerConfigKeys (ConfUtils.java:logGet(43)) - raft.server.log.appender.buffer.byte-limit = 33554432 (custom)
2019-09-26 09:21:05,165 [main] INFO  server.GrpcService (ConfUtils.java:logGet(43)) - raft.grpc.flow.control.window = 1MB (=1048576) (default)
2019-09-26 09:21:05,165 [main] INFO  server.RaftServerConfigKeys (ConfUtils.java:logGet(43)) - raft.server.rpc.request.timeout = 3000ms (default)
2019-09-26 09:21:05,166 [main] INFO  server.RaftServerConfigKeys (ConfUtils.java:logGet(43)) - raft.server.storage.dir = [/workdir/hadoop-ozone/integration-test/target/test-dir/MiniOzoneClusterImpl-078ea463-30a6-4c8a-a8ff-41db0515e22e/datanode-7/data/ratis] (custom)
2019-09-26 09:21:05,167 [main] INFO  hdfs.DFSUtil (DFSUtil.java:httpServerTemplateForNNAndJN(1641)) - Starting Web-server for hddsDatanode at: http://0.0.0.0:0
2019-09-26 09:21:05,169 [main] INFO  server.AuthenticationFilter (AuthenticationFilter.java:constructSecretProvider(240)) - Unable to initialize FileSignerSecretProvider, falling back to use random secrets.
2019-09-26 09:21:05,169 [main] WARN  http.HttpRequestLog (HttpRequestLog.java:getRequestLog(97)) - Jetty request log can only be enabled using Log4j
2019-09-26 09:21:05,171 [main] INFO  http.HttpServer2 (HttpServer2.java:addGlobalFilter(975)) - Added global filter 'safety' (class=org.apache.hadoop.http.HttpServer2$QuotingInputFilter)
2019-09-26 09:21:05,171 [main] INFO  http.HttpServer2 (HttpServer2.java:addFilter(948)) - Added filter static_user_filter (class=org.apache.hadoop.http.lib.StaticUserWebFilter$StaticUserFilter) to context hddsDatanode
2019-09-26 09:21:05,171 [main] INFO  http.HttpServer2 (HttpServer2.java:addFilter(958)) - Added filter static_user_filter (class=org.apache.hadoop.http.lib.StaticUserWebFilter$StaticUserFilter) to context static
2019-09-26 09:21:05,172 [main] INFO  http.HttpServer2 (HttpServer2.java:addFilter(958)) - Added filter static_user_filter (class=org.apache.hadoop.http.lib.StaticUserWebFilter$StaticUserFilter) to context logs
2019-09-26 09:21:05,172 [main] INFO  http.HttpServer2 (HttpServer2.java:bindListener(1191)) - Jetty bound to port 44420
2019-09-26 09:21:05,172 [main] INFO  server.Server (Server.java:doStart(351)) - jetty-9.3.25.v20180904, build timestamp: 2018-09-04T21:11:46Z, git hash: 3ce520221d0240229c862b122d2b06c12a625732
2019-09-26 09:21:05,174 [main] INFO  handler.ContextHandler (ContextHandler.java:doStart(781)) - Started o.e.j.s.ServletContextHandler@7a81065e{/logs,file:///workdir/hadoop-ozone/integration-test/target/log,AVAILABLE}
2019-09-26 09:21:05,175 [main] INFO  handler.ContextHandler (ContextHandler.java:doStart(781)) - Started o.e.j.s.ServletContextHandler@75181b50{/static,jar:file:/home/user/.m2/repository/org/apache/hadoop/hadoop-hdds-container-service/0.5.0-SNAPSHOT/hadoop-hdds-container-service-0.5.0-SNAPSHOT.jar!/webapps/static,AVAILABLE}
2019-09-26 09:21:05,204 [main] INFO  handler.ContextHandler (ContextHandler.java:doStart(781)) - Started o.e.j.w.WebAppContext@2f4e40d7{/,file:///tmp/jetty-0.0.0.0-44420-hddsDatanode-_-any-458199393055309649.dir/webapp/,AVAILABLE}{/hddsDatanode}
2019-09-26 09:21:05,206 [main] INFO  server.AbstractConnector (AbstractConnector.java:doStart(278)) - Started ServerConnector@60e9c3a5{HTTP/1.1,[http/1.1]}{0.0.0.0:44420}
2019-09-26 09:21:05,206 [main] INFO  server.Server (Server.java:doStart(419)) - Started @7224ms
2019-09-26 09:21:05,206 [main] WARN  impl.MetricsSystemImpl (MetricsSystemImpl.java:register(276)) - Sink prometheus already exists!
2019-09-26 09:21:05,207 [main] INFO  server.BaseHttpServer (BaseHttpServer.java:updateConnectorAddress(215)) - HTTP server of HDDSDATANODE is listening at http://0.0.0.0:44420
2019-09-26 09:21:05,207 [main] INFO  impl.MetricsSystemImpl (MetricsSystemImpl.java:init(158)) - HddsDatanode metrics system started (again)
2019-09-26 09:21:05,211 [org.apache.hadoop.util.JvmPauseMonitor$Monitor@d78368d] INFO  util.JvmPauseMonitor (JvmPauseMonitor.java:run(188)) - Starting JVM pause monitor
2019-09-26 09:21:05,212 [main] INFO  ozone.HddsDatanodeService (HddsDatanodeService.java:start(184)) - HddsDatanodeService host:pr-hdds-1569-wvzgm-824869521 ip:192.168.30.13
2019-09-26 09:21:05,213 [Datanode State Machine Thread - 0] INFO  datanode.InitDatanodeState (InitDatanodeState.java:persistContainerDatanodeDetails(140)) - DatanodeDetails is persisted to /workdir/hadoop-ozone/integration-test/target/test-dir/MiniOzoneClusterImpl-078ea463-30a6-4c8a-a8ff-41db0515e22e/datanode-7/meta/datanode.id
2019-09-26 09:21:05,222 [main] INFO  volume.HddsVolume (HddsVolume.java:<init>(176)) - Creating Volume: /workdir/hadoop-ozone/integration-test/target/test-dir/MiniOzoneClusterImpl-078ea463-30a6-4c8a-a8ff-41db0515e22e/datanode-8/data/containers/hdds of  storage type : DISK and capacity : 1482555576320
2019-09-26 09:21:05,222 [main] INFO  volume.VolumeSet (VolumeSet.java:initializeVolumeSet(170)) - Added Volume : /workdir/hadoop-ozone/integration-test/target/test-dir/MiniOzoneClusterImpl-078ea463-30a6-4c8a-a8ff-41db0515e22e/datanode-8/data/containers/hdds to VolumeSet
2019-09-26 09:21:05,223 [main] INFO  volume.ThrottledAsyncChecker (ThrottledAsyncChecker.java:schedule(139)) - Scheduling a check for org.apache.hadoop.ozone.container.common.volume.HddsVolume@3078cac
2019-09-26 09:21:05,223 [main] INFO  volume.HddsVolumeChecker (HddsVolumeChecker.java:checkAllVolumes(202)) - Scheduled health check for volume org.apache.hadoop.ozone.container.common.volume.HddsVolume@3078cac
2019-09-26 09:21:05,242 [main] INFO  impl.RaftServerProxy (ConfUtils.java:logGet(43)) - raft.rpc.type = GRPC (default)
2019-09-26 09:21:05,242 [main] INFO  grpc.GrpcFactory (GrpcFactory.java:checkPooledByteBufAllocatorUseCacheForAllThreads(45)) - PERFORMANCE WARNING: useCacheForAllThreads is true that may cause Netty to create a lot garbage objects and, as a result, trigger GC.
	It is recommended to disable useCacheForAllThreads by setting -Dorg.apache.ratis.thirdparty.io.netty.allocator.useCacheForAllThreads=false in command line.
2019-09-26 09:21:05,242 [main] INFO  grpc.GrpcConfigKeys$Server (ConfUtils.java:logGet(43)) - raft.grpc.server.port = 0 (default)
2019-09-26 09:21:05,242 [main] INFO  server.GrpcService (ConfUtils.java:logGet(43)) - raft.grpc.message.size.max = 33570816 (custom)
2019-09-26 09:21:05,243 [main] INFO  server.RaftServerConfigKeys (ConfUtils.java:logGet(43)) - raft.server.log.appender.buffer.byte-limit = 33554432 (custom)
2019-09-26 09:21:05,243 [main] INFO  server.GrpcService (ConfUtils.java:logGet(43)) - raft.grpc.flow.control.window = 1MB (=1048576) (default)
2019-09-26 09:21:05,243 [main] INFO  server.RaftServerConfigKeys (ConfUtils.java:logGet(43)) - raft.server.rpc.request.timeout = 3000ms (default)
2019-09-26 09:21:05,244 [main] INFO  server.RaftServerConfigKeys (ConfUtils.java:logGet(43)) - raft.server.storage.dir = [/workdir/hadoop-ozone/integration-test/target/test-dir/MiniOzoneClusterImpl-078ea463-30a6-4c8a-a8ff-41db0515e22e/datanode-8/data/ratis] (custom)
2019-09-26 09:21:05,246 [main] INFO  hdfs.DFSUtil (DFSUtil.java:httpServerTemplateForNNAndJN(1641)) - Starting Web-server for hddsDatanode at: http://0.0.0.0:0
2019-09-26 09:21:05,247 [main] INFO  server.AuthenticationFilter (AuthenticationFilter.java:constructSecretProvider(240)) - Unable to initialize FileSignerSecretProvider, falling back to use random secrets.
2019-09-26 09:21:05,248 [main] WARN  http.HttpRequestLog (HttpRequestLog.java:getRequestLog(97)) - Jetty request log can only be enabled using Log4j
2019-09-26 09:21:05,250 [main] INFO  http.HttpServer2 (HttpServer2.java:addGlobalFilter(975)) - Added global filter 'safety' (class=org.apache.hadoop.http.HttpServer2$QuotingInputFilter)
2019-09-26 09:21:05,250 [main] INFO  http.HttpServer2 (HttpServer2.java:addFilter(948)) - Added filter static_user_filter (class=org.apache.hadoop.http.lib.StaticUserWebFilter$StaticUserFilter) to context hddsDatanode
2019-09-26 09:21:05,250 [main] INFO  http.HttpServer2 (HttpServer2.java:addFilter(958)) - Added filter static_user_filter (class=org.apache.hadoop.http.lib.StaticUserWebFilter$StaticUserFilter) to context logs
2019-09-26 09:21:05,251 [main] INFO  http.HttpServer2 (HttpServer2.java:addFilter(958)) - Added filter static_user_filter (class=org.apache.hadoop.http.lib.StaticUserWebFilter$StaticUserFilter) to context static
2019-09-26 09:21:05,252 [main] INFO  http.HttpServer2 (HttpServer2.java:bindListener(1191)) - Jetty bound to port 41574
2019-09-26 09:21:05,252 [main] INFO  server.Server (Server.java:doStart(351)) - jetty-9.3.25.v20180904, build timestamp: 2018-09-04T21:11:46Z, git hash: 3ce520221d0240229c862b122d2b06c12a625732
2019-09-26 09:21:05,253 [main] INFO  handler.ContextHandler (ContextHandler.java:doStart(781)) - Started o.e.j.s.ServletContextHandler@58740366{/logs,file:///workdir/hadoop-ozone/integration-test/target/log,AVAILABLE}
2019-09-26 09:21:05,254 [main] INFO  handler.ContextHandler (ContextHandler.java:doStart(781)) - Started o.e.j.s.ServletContextHandler@2bc426f0{/static,jar:file:/home/user/.m2/repository/org/apache/hadoop/hadoop-hdds-container-service/0.5.0-SNAPSHOT/hadoop-hdds-container-service-0.5.0-SNAPSHOT.jar!/webapps/static,AVAILABLE}
2019-09-26 09:21:05,282 [main] INFO  handler.ContextHandler (ContextHandler.java:doStart(781)) - Started o.e.j.w.WebAppContext@15405bd6{/,file:///tmp/jetty-0.0.0.0-41574-hddsDatanode-_-any-4175588610856341980.dir/webapp/,AVAILABLE}{/hddsDatanode}
2019-09-26 09:21:05,284 [main] INFO  server.AbstractConnector (AbstractConnector.java:doStart(278)) - Started ServerConnector@352ed70d{HTTP/1.1,[http/1.1]}{0.0.0.0:41574}
2019-09-26 09:21:05,284 [main] INFO  server.Server (Server.java:doStart(419)) - Started @7302ms
2019-09-26 09:21:05,285 [main] WARN  impl.MetricsSystemImpl (MetricsSystemImpl.java:register(276)) - Sink prometheus already exists!
2019-09-26 09:21:05,285 [main] INFO  server.BaseHttpServer (BaseHttpServer.java:updateConnectorAddress(215)) - HTTP server of HDDSDATANODE is listening at http://0.0.0.0:41574
2019-09-26 09:21:05,286 [main] INFO  impl.MetricsSystemImpl (MetricsSystemImpl.java:init(158)) - HddsDatanode metrics system started (again)
2019-09-26 09:21:05,290 [org.apache.hadoop.util.JvmPauseMonitor$Monitor@641c97f9] INFO  util.JvmPauseMonitor (JvmPauseMonitor.java:run(188)) - Starting JVM pause monitor
2019-09-26 09:21:05,290 [main] INFO  ozone.HddsDatanodeService (HddsDatanodeService.java:start(184)) - HddsDatanodeService host:pr-hdds-1569-wvzgm-824869521 ip:192.168.30.13
2019-09-26 09:21:05,293 [Datanode State Machine Thread - 0] INFO  datanode.InitDatanodeState (InitDatanodeState.java:persistContainerDatanodeDetails(140)) - DatanodeDetails is persisted to /workdir/hadoop-ozone/integration-test/target/test-dir/MiniOzoneClusterImpl-078ea463-30a6-4c8a-a8ff-41db0515e22e/datanode-8/meta/datanode.id
2019-09-26 09:21:05,298 [main] INFO  volume.HddsVolume (HddsVolume.java:<init>(176)) - Creating Volume: /workdir/hadoop-ozone/integration-test/target/test-dir/MiniOzoneClusterImpl-078ea463-30a6-4c8a-a8ff-41db0515e22e/datanode-9/data/containers/hdds of  storage type : DISK and capacity : 1482555576320
2019-09-26 09:21:05,298 [main] INFO  volume.VolumeSet (VolumeSet.java:initializeVolumeSet(170)) - Added Volume : /workdir/hadoop-ozone/integration-test/target/test-dir/MiniOzoneClusterImpl-078ea463-30a6-4c8a-a8ff-41db0515e22e/datanode-9/data/containers/hdds to VolumeSet
2019-09-26 09:21:05,298 [main] INFO  volume.ThrottledAsyncChecker (ThrottledAsyncChecker.java:schedule(139)) - Scheduling a check for org.apache.hadoop.ozone.container.common.volume.HddsVolume@57562473
2019-09-26 09:21:05,299 [main] INFO  volume.HddsVolumeChecker (HddsVolumeChecker.java:checkAllVolumes(202)) - Scheduled health check for volume org.apache.hadoop.ozone.container.common.volume.HddsVolume@57562473
2019-09-26 09:21:05,314 [main] INFO  impl.RaftServerProxy (ConfUtils.java:logGet(43)) - raft.rpc.type = GRPC (default)
2019-09-26 09:21:05,314 [main] INFO  grpc.GrpcFactory (GrpcFactory.java:checkPooledByteBufAllocatorUseCacheForAllThreads(45)) - PERFORMANCE WARNING: useCacheForAllThreads is true that may cause Netty to create a lot garbage objects and, as a result, trigger GC.
	It is recommended to disable useCacheForAllThreads by setting -Dorg.apache.ratis.thirdparty.io.netty.allocator.useCacheForAllThreads=false in command line.
2019-09-26 09:21:05,314 [main] INFO  grpc.GrpcConfigKeys$Server (ConfUtils.java:logGet(43)) - raft.grpc.server.port = 0 (default)
2019-09-26 09:21:05,314 [main] INFO  server.GrpcService (ConfUtils.java:logGet(43)) - raft.grpc.message.size.max = 33570816 (custom)
2019-09-26 09:21:05,315 [main] INFO  server.RaftServerConfigKeys (ConfUtils.java:logGet(43)) - raft.server.log.appender.buffer.byte-limit = 33554432 (custom)
2019-09-26 09:21:05,315 [main] INFO  server.GrpcService (ConfUtils.java:logGet(43)) - raft.grpc.flow.control.window = 1MB (=1048576) (default)
2019-09-26 09:21:05,315 [main] INFO  server.RaftServerConfigKeys (ConfUtils.java:logGet(43)) - raft.server.rpc.request.timeout = 3000ms (default)
2019-09-26 09:21:05,315 [main] INFO  server.RaftServerConfigKeys (ConfUtils.java:logGet(43)) - raft.server.storage.dir = [/workdir/hadoop-ozone/integration-test/target/test-dir/MiniOzoneClusterImpl-078ea463-30a6-4c8a-a8ff-41db0515e22e/datanode-9/data/ratis] (custom)
2019-09-26 09:21:05,317 [main] INFO  hdfs.DFSUtil (DFSUtil.java:httpServerTemplateForNNAndJN(1641)) - Starting Web-server for hddsDatanode at: http://0.0.0.0:0
2019-09-26 09:21:05,318 [main] INFO  server.AuthenticationFilter (AuthenticationFilter.java:constructSecretProvider(240)) - Unable to initialize FileSignerSecretProvider, falling back to use random secrets.
2019-09-26 09:21:05,319 [main] WARN  http.HttpRequestLog (HttpRequestLog.java:getRequestLog(97)) - Jetty request log can only be enabled using Log4j
2019-09-26 09:21:05,321 [main] INFO  http.HttpServer2 (HttpServer2.java:addGlobalFilter(975)) - Added global filter 'safety' (class=org.apache.hadoop.http.HttpServer2$QuotingInputFilter)
2019-09-26 09:21:05,321 [main] INFO  http.HttpServer2 (HttpServer2.java:addFilter(948)) - Added filter static_user_filter (class=org.apache.hadoop.http.lib.StaticUserWebFilter$StaticUserFilter) to context hddsDatanode
2019-09-26 09:21:05,321 [main] INFO  http.HttpServer2 (HttpServer2.java:addFilter(958)) - Added filter static_user_filter (class=org.apache.hadoop.http.lib.StaticUserWebFilter$StaticUserFilter) to context logs
2019-09-26 09:21:05,321 [main] INFO  http.HttpServer2 (HttpServer2.java:addFilter(958)) - Added filter static_user_filter (class=org.apache.hadoop.http.lib.StaticUserWebFilter$StaticUserFilter) to context static
2019-09-26 09:21:05,322 [main] INFO  http.HttpServer2 (HttpServer2.java:bindListener(1191)) - Jetty bound to port 35470
2019-09-26 09:21:05,322 [main] INFO  server.Server (Server.java:doStart(351)) - jetty-9.3.25.v20180904, build timestamp: 2018-09-04T21:11:46Z, git hash: 3ce520221d0240229c862b122d2b06c12a625732
2019-09-26 09:21:05,324 [main] INFO  handler.ContextHandler (ContextHandler.java:doStart(781)) - Started o.e.j.s.ServletContextHandler@4e49ce2b{/logs,file:///workdir/hadoop-ozone/integration-test/target/log,AVAILABLE}
2019-09-26 09:21:05,325 [main] INFO  handler.ContextHandler (ContextHandler.java:doStart(781)) - Started o.e.j.s.ServletContextHandler@53c6f96d{/static,jar:file:/home/user/.m2/repository/org/apache/hadoop/hadoop-hdds-container-service/0.5.0-SNAPSHOT/hadoop-hdds-container-service-0.5.0-SNAPSHOT.jar!/webapps/static,AVAILABLE}
2019-09-26 09:21:05,353 [main] INFO  handler.ContextHandler (ContextHandler.java:doStart(781)) - Started o.e.j.w.WebAppContext@fe34b86{/,file:///tmp/jetty-0.0.0.0-35470-hddsDatanode-_-any-3068966751153047194.dir/webapp/,AVAILABLE}{/hddsDatanode}
2019-09-26 09:21:05,355 [main] INFO  server.AbstractConnector (AbstractConnector.java:doStart(278)) - Started ServerConnector@3c98781a{HTTP/1.1,[http/1.1]}{0.0.0.0:35470}
2019-09-26 09:21:05,356 [main] INFO  server.Server (Server.java:doStart(419)) - Started @7373ms
2019-09-26 09:21:05,356 [main] WARN  impl.MetricsSystemImpl (MetricsSystemImpl.java:register(276)) - Sink prometheus already exists!
2019-09-26 09:21:05,357 [main] INFO  server.BaseHttpServer (BaseHttpServer.java:updateConnectorAddress(215)) - HTTP server of HDDSDATANODE is listening at http://0.0.0.0:35470
2019-09-26 09:21:05,363 [main] INFO  ozone.MiniOzoneClusterImpl (MiniOzoneClusterImpl.java:lambda$waitForClusterToBeReady$0(147)) - Waiting for cluster to be ready. Got 0 of 10 DN Heartbeats.
2019-09-26 09:21:05,363 [org.apache.hadoop.util.JvmPauseMonitor$Monitor@4d86a94f] INFO  util.JvmPauseMonitor (JvmPauseMonitor.java:run(188)) - Starting JVM pause monitor
2019-09-26 09:21:05,366 [Datanode State Machine Thread - 0] INFO  datanode.InitDatanodeState (InitDatanodeState.java:persistContainerDatanodeDetails(140)) - DatanodeDetails is persisted to /workdir/hadoop-ozone/integration-test/target/test-dir/MiniOzoneClusterImpl-078ea463-30a6-4c8a-a8ff-41db0515e22e/datanode-9/meta/datanode.id
2019-09-26 09:21:06,363 [main] INFO  ozone.MiniOzoneClusterImpl (MiniOzoneClusterImpl.java:lambda$waitForClusterToBeReady$0(147)) - Waiting for cluster to be ready. Got 0 of 10 DN Heartbeats.
2019-09-26 09:21:07,239 [Datanode State Machine Thread - 0] INFO  ozoneimpl.OzoneContainer (OzoneContainer.java:start(217)) - Attempting to start container services.
2019-09-26 09:21:07,241 [Datanode State Machine Thread - 0] INFO  ozoneimpl.OzoneContainer (OzoneContainer.java:start(217)) - Attempting to start container services.
2019-09-26 09:21:07,241 [Datanode State Machine Thread - 0] INFO  ozoneimpl.OzoneContainer (OzoneContainer.java:start(217)) - Attempting to start container services.
2019-09-26 09:21:07,239 [Datanode State Machine Thread - 0] INFO  ozoneimpl.OzoneContainer (OzoneContainer.java:start(217)) - Attempting to start container services.
2019-09-26 09:21:07,239 [Datanode State Machine Thread - 0] INFO  ozoneimpl.OzoneContainer (OzoneContainer.java:start(217)) - Attempting to start container services.
2019-09-26 09:21:07,241 [Datanode State Machine Thread - 0] INFO  ozoneimpl.OzoneContainer (OzoneContainer.java:start(217)) - Attempting to start container services.
2019-09-26 09:21:07,239 [Datanode State Machine Thread - 0] INFO  ozoneimpl.OzoneContainer (OzoneContainer.java:start(217)) - Attempting to start container services.
2019-09-26 09:21:07,239 [Datanode State Machine Thread - 0] INFO  ozoneimpl.OzoneContainer (OzoneContainer.java:start(217)) - Attempting to start container services.
2019-09-26 09:21:07,247 [Datanode State Machine Thread - 0] INFO  ozoneimpl.OzoneContainer (OzoneContainer.java:startContainerScrub(179)) - Background container scanner has been disabled.
2019-09-26 09:21:07,247 [Datanode State Machine Thread - 0] INFO  ozoneimpl.OzoneContainer (OzoneContainer.java:startContainerScrub(179)) - Background container scanner has been disabled.
2019-09-26 09:21:07,247 [Datanode State Machine Thread - 0] INFO  ozoneimpl.OzoneContainer (OzoneContainer.java:startContainerScrub(179)) - Background container scanner has been disabled.
2019-09-26 09:21:07,252 [Datanode State Machine Thread - 0] INFO  ozoneimpl.OzoneContainer (OzoneContainer.java:startContainerScrub(179)) - Background container scanner has been disabled.
2019-09-26 09:21:07,252 [Datanode State Machine Thread - 0] INFO  ozoneimpl.OzoneContainer (OzoneContainer.java:startContainerScrub(179)) - Background container scanner has been disabled.
2019-09-26 09:21:07,252 [Datanode State Machine Thread - 0] INFO  ozoneimpl.OzoneContainer (OzoneContainer.java:startContainerScrub(179)) - Background container scanner has been disabled.
2019-09-26 09:21:07,252 [Datanode State Machine Thread - 0] INFO  ozoneimpl.OzoneContainer (OzoneContainer.java:startContainerScrub(179)) - Background container scanner has been disabled.
2019-09-26 09:21:07,251 [Datanode State Machine Thread - 0] INFO  ratis.XceiverServerRatis (XceiverServerRatis.java:start(411)) - Starting XceiverServerRatis 3750858d-06c8-40e1-8c05-0037147842e2 at port 0
2019-09-26 09:21:07,252 [Datanode State Machine Thread - 0] INFO  ozoneimpl.OzoneContainer (OzoneContainer.java:startContainerScrub(179)) - Background container scanner has been disabled.
2019-09-26 09:21:07,254 [Datanode State Machine Thread - 0] INFO  ratis.XceiverServerRatis (XceiverServerRatis.java:start(411)) - Starting XceiverServerRatis 1b34dbd2-a2d7-46bc-b57d-04f62019dff1 at port 0
2019-09-26 09:21:07,250 [Datanode State Machine Thread - 0] INFO  ratis.XceiverServerRatis (XceiverServerRatis.java:start(411)) - Starting XceiverServerRatis 1dec72e7-0344-4894-a47b-48d961c58f71 at port 0
2019-09-26 09:21:07,254 [Datanode State Machine Thread - 0] INFO  ratis.XceiverServerRatis (XceiverServerRatis.java:start(411)) - Starting XceiverServerRatis 9ce5e10e-717d-4ed3-be0e-b6018052c3d2 at port 0
2019-09-26 09:21:07,254 [Datanode State Machine Thread - 0] INFO  ratis.XceiverServerRatis (XceiverServerRatis.java:start(411)) - Starting XceiverServerRatis 16503525-0504-4dc7-b18b-9a1cb86da45b at port 0
2019-09-26 09:21:07,253 [Datanode State Machine Thread - 0] INFO  ratis.XceiverServerRatis (XceiverServerRatis.java:start(411)) - Starting XceiverServerRatis cdeec377-8f89-4dce-9b26-4d7c58a1953c at port 0
2019-09-26 09:21:07,253 [Datanode State Machine Thread - 0] INFO  ratis.XceiverServerRatis (XceiverServerRatis.java:start(411)) - Starting XceiverServerRatis 3696961a-2fd3-4cbb-be04-5fcc9f82ed1a at port 0
2019-09-26 09:21:07,253 [Datanode State Machine Thread - 0] INFO  ratis.XceiverServerRatis (XceiverServerRatis.java:start(411)) - Starting XceiverServerRatis 5979e283-d20e-4620-920d-03c0cf6ae99c at port 0
2019-09-26 09:21:07,302 [Datanode State Machine Thread - 0] INFO  ozoneimpl.OzoneContainer (OzoneContainer.java:start(217)) - Attempting to start container services.
2019-09-26 09:21:07,302 [Datanode State Machine Thread - 0] INFO  ozoneimpl.OzoneContainer (OzoneContainer.java:startContainerScrub(179)) - Background container scanner has been disabled.
2019-09-26 09:21:07,303 [Datanode State Machine Thread - 0] INFO  ratis.XceiverServerRatis (XceiverServerRatis.java:start(411)) - Starting XceiverServerRatis 45c711e7-a055-41cb-865c-06675942396d at port 0
2019-09-26 09:21:07,349 [Datanode State Machine Thread - 0] INFO  impl.RaftServerProxy (RaftServerProxy.java:lambda$start$3(299)) - 5979e283-d20e-4620-920d-03c0cf6ae99c: start RPC server
2019-09-26 09:21:07,349 [Datanode State Machine Thread - 0] INFO  impl.RaftServerProxy (RaftServerProxy.java:lambda$start$3(299)) - 3696961a-2fd3-4cbb-be04-5fcc9f82ed1a: start RPC server
2019-09-26 09:21:07,349 [Datanode State Machine Thread - 0] INFO  impl.RaftServerProxy (RaftServerProxy.java:lambda$start$3(299)) - 1dec72e7-0344-4894-a47b-48d961c58f71: start RPC server
2019-09-26 09:21:07,349 [Datanode State Machine Thread - 0] INFO  impl.RaftServerProxy (RaftServerProxy.java:lambda$start$3(299)) - 9ce5e10e-717d-4ed3-be0e-b6018052c3d2: start RPC server
2019-09-26 09:21:07,349 [Datanode State Machine Thread - 0] INFO  impl.RaftServerProxy (RaftServerProxy.java:lambda$start$3(299)) - 1b34dbd2-a2d7-46bc-b57d-04f62019dff1: start RPC server
2019-09-26 09:21:07,349 [Datanode State Machine Thread - 0] INFO  impl.RaftServerProxy (RaftServerProxy.java:lambda$start$3(299)) - cdeec377-8f89-4dce-9b26-4d7c58a1953c: start RPC server
2019-09-26 09:21:07,349 [Datanode State Machine Thread - 0] INFO  impl.RaftServerProxy (RaftServerProxy.java:lambda$start$3(299)) - 16503525-0504-4dc7-b18b-9a1cb86da45b: start RPC server
2019-09-26 09:21:07,349 [Datanode State Machine Thread - 0] INFO  impl.RaftServerProxy (RaftServerProxy.java:lambda$start$3(299)) - 45c711e7-a055-41cb-865c-06675942396d: start RPC server
2019-09-26 09:21:07,349 [Datanode State Machine Thread - 0] INFO  impl.RaftServerProxy (RaftServerProxy.java:lambda$start$3(299)) - 3750858d-06c8-40e1-8c05-0037147842e2: start RPC server
2019-09-26 09:21:07,364 [main] INFO  ozone.MiniOzoneClusterImpl (MiniOzoneClusterImpl.java:lambda$waitForClusterToBeReady$0(147)) - Waiting for cluster to be ready. Got 0 of 10 DN Heartbeats.
2019-09-26 09:21:07,380 [Datanode State Machine Thread - 0] INFO  ozoneimpl.OzoneContainer (OzoneContainer.java:start(217)) - Attempting to start container services.
2019-09-26 09:21:07,380 [Datanode State Machine Thread - 0] INFO  ozoneimpl.OzoneContainer (OzoneContainer.java:startContainerScrub(179)) - Background container scanner has been disabled.
2019-09-26 09:21:07,380 [Datanode State Machine Thread - 0] INFO  ratis.XceiverServerRatis (XceiverServerRatis.java:start(411)) - Starting XceiverServerRatis 1676f4ef-d876-44ce-9276-238a11cc43f0 at port 0
2019-09-26 09:21:07,387 [Datanode State Machine Thread - 0] INFO  impl.RaftServerProxy (RaftServerProxy.java:lambda$start$3(299)) - 1676f4ef-d876-44ce-9276-238a11cc43f0: start RPC server
2019-09-26 09:21:07,526 [Datanode State Machine Thread - 0] INFO  server.GrpcService (GrpcService.java:startImpl(158)) - 5979e283-d20e-4620-920d-03c0cf6ae99c: GrpcService started, listening on 0.0.0.0/0.0.0.0:39443
2019-09-26 09:21:07,526 [Datanode State Machine Thread - 0] INFO  server.GrpcService (GrpcService.java:startImpl(158)) - 45c711e7-a055-41cb-865c-06675942396d: GrpcService started, listening on 0.0.0.0/0.0.0.0:38892
2019-09-26 09:21:07,526 [Datanode State Machine Thread - 0] INFO  server.GrpcService (GrpcService.java:startImpl(158)) - cdeec377-8f89-4dce-9b26-4d7c58a1953c: GrpcService started, listening on 0.0.0.0/0.0.0.0:44126
2019-09-26 09:21:07,526 [Datanode State Machine Thread - 0] INFO  server.GrpcService (GrpcService.java:startImpl(158)) - 3696961a-2fd3-4cbb-be04-5fcc9f82ed1a: GrpcService started, listening on 0.0.0.0/0.0.0.0:37562
2019-09-26 09:21:07,543 [Datanode State Machine Thread - 0] INFO  ratis.XceiverServerRatis (XceiverServerRatis.java:start(421)) - XceiverServerRatis 3696961a-2fd3-4cbb-be04-5fcc9f82ed1a is started using port 37562
2019-09-26 09:21:07,526 [Datanode State Machine Thread - 0] INFO  server.GrpcService (GrpcService.java:startImpl(158)) - 1b34dbd2-a2d7-46bc-b57d-04f62019dff1: GrpcService started, listening on 0.0.0.0/0.0.0.0:39221
2019-09-26 09:21:07,541 [Datanode State Machine Thread - 0] INFO  server.GrpcService (GrpcService.java:startImpl(158)) - 9ce5e10e-717d-4ed3-be0e-b6018052c3d2: GrpcService started, listening on 0.0.0.0/0.0.0.0:37649
2019-09-26 09:21:07,541 [Datanode State Machine Thread - 0] INFO  server.GrpcService (GrpcService.java:startImpl(158)) - 1676f4ef-d876-44ce-9276-238a11cc43f0: GrpcService started, listening on 0.0.0.0/0.0.0.0:35157
2019-09-26 09:21:07,541 [Datanode State Machine Thread - 0] INFO  server.GrpcService (GrpcService.java:startImpl(158)) - 3750858d-06c8-40e1-8c05-0037147842e2: GrpcService started, listening on 0.0.0.0/0.0.0.0:41582
2019-09-26 09:21:07,541 [Datanode State Machine Thread - 0] INFO  server.GrpcService (GrpcService.java:startImpl(158)) - 16503525-0504-4dc7-b18b-9a1cb86da45b: GrpcService started, listening on 0.0.0.0/0.0.0.0:41943
2019-09-26 09:21:07,526 [Datanode State Machine Thread - 0] INFO  server.GrpcService (GrpcService.java:startImpl(158)) - 1dec72e7-0344-4894-a47b-48d961c58f71: GrpcService started, listening on 0.0.0.0/0.0.0.0:42556
2019-09-26 09:21:07,544 [Datanode State Machine Thread - 0] INFO  ratis.XceiverServerRatis (XceiverServerRatis.java:start(421)) - XceiverServerRatis 16503525-0504-4dc7-b18b-9a1cb86da45b is started using port 41943
2019-09-26 09:21:07,544 [Datanode State Machine Thread - 0] INFO  ratis.XceiverServerRatis (XceiverServerRatis.java:start(421)) - XceiverServerRatis 3750858d-06c8-40e1-8c05-0037147842e2 is started using port 41582
2019-09-26 09:21:07,547 [Datanode State Machine Thread - 0] INFO  server.XceiverServerGrpc (XceiverServerGrpc.java:start(149)) - XceiverServerGrpc 3696961a-2fd3-4cbb-be04-5fcc9f82ed1a is started using port 38822
2019-09-26 09:21:07,544 [Datanode State Machine Thread - 0] INFO  ratis.XceiverServerRatis (XceiverServerRatis.java:start(421)) - XceiverServerRatis 1676f4ef-d876-44ce-9276-238a11cc43f0 is started using port 35157
2019-09-26 09:21:07,543 [Datanode State Machine Thread - 0] INFO  ratis.XceiverServerRatis (XceiverServerRatis.java:start(421)) - XceiverServerRatis 9ce5e10e-717d-4ed3-be0e-b6018052c3d2 is started using port 37649
2019-09-26 09:21:07,543 [Datanode State Machine Thread - 0] INFO  ratis.XceiverServerRatis (XceiverServerRatis.java:start(421)) - XceiverServerRatis 1b34dbd2-a2d7-46bc-b57d-04f62019dff1 is started using port 39221
2019-09-26 09:21:07,543 [Datanode State Machine Thread - 0] INFO  ratis.XceiverServerRatis (XceiverServerRatis.java:start(421)) - XceiverServerRatis cdeec377-8f89-4dce-9b26-4d7c58a1953c is started using port 44126
2019-09-26 09:21:07,543 [Datanode State Machine Thread - 0] INFO  ratis.XceiverServerRatis (XceiverServerRatis.java:start(421)) - XceiverServerRatis 45c711e7-a055-41cb-865c-06675942396d is started using port 38892
2019-09-26 09:21:07,542 [Datanode State Machine Thread - 0] INFO  ratis.XceiverServerRatis (XceiverServerRatis.java:start(421)) - XceiverServerRatis 5979e283-d20e-4620-920d-03c0cf6ae99c is started using port 39443
2019-09-26 09:21:07,554 [Datanode State Machine Thread - 0] INFO  server.XceiverServerGrpc (XceiverServerGrpc.java:start(149)) - XceiverServerGrpc 3750858d-06c8-40e1-8c05-0037147842e2 is started using port 38166
2019-09-26 09:21:07,553 [Datanode State Machine Thread - 0] INFO  server.XceiverServerGrpc (XceiverServerGrpc.java:start(149)) - XceiverServerGrpc 16503525-0504-4dc7-b18b-9a1cb86da45b is started using port 33779
2019-09-26 09:21:07,547 [Datanode State Machine Thread - 0] INFO  ratis.XceiverServerRatis (XceiverServerRatis.java:start(421)) - XceiverServerRatis 1dec72e7-0344-4894-a47b-48d961c58f71 is started using port 42556
2019-09-26 09:21:07,566 [Datanode State Machine Thread - 0] INFO  server.XceiverServerGrpc (XceiverServerGrpc.java:start(149)) - XceiverServerGrpc 1676f4ef-d876-44ce-9276-238a11cc43f0 is started using port 43229
2019-09-26 09:21:07,565 [Datanode State Machine Thread - 0] INFO  server.XceiverServerGrpc (XceiverServerGrpc.java:start(149)) - XceiverServerGrpc 9ce5e10e-717d-4ed3-be0e-b6018052c3d2 is started using port 40841
2019-09-26 09:21:07,578 [Datanode State Machine Thread - 0] INFO  server.XceiverServerGrpc (XceiverServerGrpc.java:start(149)) - XceiverServerGrpc cdeec377-8f89-4dce-9b26-4d7c58a1953c is started using port 36543
2019-09-26 09:21:07,571 [Datanode State Machine Thread - 0] INFO  server.XceiverServerGrpc (XceiverServerGrpc.java:start(149)) - XceiverServerGrpc 1b34dbd2-a2d7-46bc-b57d-04f62019dff1 is started using port 33758
2019-09-26 09:21:07,590 [Datanode State Machine Thread - 0] INFO  server.XceiverServerGrpc (XceiverServerGrpc.java:start(149)) - XceiverServerGrpc 5979e283-d20e-4620-920d-03c0cf6ae99c is started using port 40235
2019-09-26 09:21:07,590 [Datanode State Machine Thread - 0] INFO  server.XceiverServerGrpc (XceiverServerGrpc.java:start(149)) - XceiverServerGrpc 45c711e7-a055-41cb-865c-06675942396d is started using port 37137
2019-09-26 09:21:07,596 [Datanode State Machine Thread - 0] INFO  server.XceiverServerGrpc (XceiverServerGrpc.java:start(149)) - XceiverServerGrpc 1dec72e7-0344-4894-a47b-48d961c58f71 is started using port 43759
2019-09-26 09:21:08,365 [main] INFO  ozone.MiniOzoneClusterImpl (MiniOzoneClusterImpl.java:lambda$waitForClusterToBeReady$0(147)) - Waiting for cluster to be ready. Got 0 of 10 DN Heartbeats.
2019-09-26 09:21:08,679 [IPC Server handler 5 on 42965] INFO  net.NetworkTopology (NetworkTopologyImpl.java:add(111)) - Added a new node: /default-rack/1dec72e7-0344-4894-a47b-48d961c58f71
2019-09-26 09:21:08,681 [IPC Server handler 5 on 42965] INFO  node.SCMNodeManager (SCMNodeManager.java:register(266)) - Registered Data node : 1dec72e7-0344-4894-a47b-48d961c58f71{ip: 192.168.30.13, host: pr-hdds-1569-wvzgm-824869521, networkLocation: /default-rack, certSerialId: null}
2019-09-26 09:21:08,685 [EventQueue-NodeRegistrationContainerReportForDataNodeSafeModeRule] INFO  safemode.SCMSafeModeManager (DataNodeSafeModeRule.java:process(71)) - SCM in safe mode. 1 DataNodes registered, 1 required.
2019-09-26 09:21:08,685 [EventQueue-NodeRegistrationContainerReportForDataNodeSafeModeRule] INFO  safemode.SCMSafeModeManager (SCMSafeModeManager.java:validateSafeModeExitRules(177)) - ScmSafeModeManager, all rules are successfully validated
2019-09-26 09:21:08,685 [EventQueue-NodeRegistrationContainerReportForDataNodeSafeModeRule] INFO  safemode.SCMSafeModeManager (SCMSafeModeManager.java:exitSafeMode(193)) - SCM exiting safe mode.
2019-09-26 09:21:08,741 [IPC Server handler 4 on 42965] INFO  net.NetworkTopology (NetworkTopologyImpl.java:add(111)) - Added a new node: /default-rack/cdeec377-8f89-4dce-9b26-4d7c58a1953c
2019-09-26 09:21:08,741 [IPC Server handler 4 on 42965] INFO  node.SCMNodeManager (SCMNodeManager.java:register(266)) - Registered Data node : cdeec377-8f89-4dce-9b26-4d7c58a1953c{ip: 192.168.30.13, host: pr-hdds-1569-wvzgm-824869521, networkLocation: /default-rack, certSerialId: null}
2019-09-26 09:21:08,844 [IPC Server handler 6 on 42965] INFO  net.NetworkTopology (NetworkTopologyImpl.java:add(111)) - Added a new node: /default-rack/1b34dbd2-a2d7-46bc-b57d-04f62019dff1
2019-09-26 09:21:08,844 [IPC Server handler 6 on 42965] INFO  node.SCMNodeManager (SCMNodeManager.java:register(266)) - Registered Data node : 1b34dbd2-a2d7-46bc-b57d-04f62019dff1{ip: 192.168.30.13, host: pr-hdds-1569-wvzgm-824869521, networkLocation: /default-rack, certSerialId: null}
2019-09-26 09:21:08,920 [IPC Server handler 7 on 42965] INFO  net.NetworkTopology (NetworkTopologyImpl.java:add(111)) - Added a new node: /default-rack/3696961a-2fd3-4cbb-be04-5fcc9f82ed1a
2019-09-26 09:21:08,920 [IPC Server handler 7 on 42965] INFO  node.SCMNodeManager (SCMNodeManager.java:register(266)) - Registered Data node : 3696961a-2fd3-4cbb-be04-5fcc9f82ed1a{ip: 192.168.30.13, host: pr-hdds-1569-wvzgm-824869521, networkLocation: /default-rack, certSerialId: null}
2019-09-26 09:21:08,985 [IPC Server handler 8 on 42965] INFO  net.NetworkTopology (NetworkTopologyImpl.java:add(111)) - Added a new node: /default-rack/9ce5e10e-717d-4ed3-be0e-b6018052c3d2
2019-09-26 09:21:08,985 [IPC Server handler 8 on 42965] INFO  node.SCMNodeManager (SCMNodeManager.java:register(266)) - Registered Data node : 9ce5e10e-717d-4ed3-be0e-b6018052c3d2{ip: 192.168.30.13, host: pr-hdds-1569-wvzgm-824869521, networkLocation: /default-rack, certSerialId: null}
2019-09-26 09:21:09,086 [IPC Server handler 9 on 42965] INFO  net.NetworkTopology (NetworkTopologyImpl.java:add(111)) - Added a new node: /default-rack/3750858d-06c8-40e1-8c05-0037147842e2
2019-09-26 09:21:09,088 [IPC Server handler 9 on 42965] INFO  node.SCMNodeManager (SCMNodeManager.java:register(266)) - Registered Data node : 3750858d-06c8-40e1-8c05-0037147842e2{ip: 192.168.30.13, host: pr-hdds-1569-wvzgm-824869521, networkLocation: /default-rack, certSerialId: null}
2019-09-26 09:21:09,147 [IPC Server handler 2 on 42965] INFO  net.NetworkTopology (NetworkTopologyImpl.java:add(111)) - Added a new node: /default-rack/5979e283-d20e-4620-920d-03c0cf6ae99c
2019-09-26 09:21:09,147 [IPC Server handler 2 on 42965] INFO  node.SCMNodeManager (SCMNodeManager.java:register(266)) - Registered Data node : 5979e283-d20e-4620-920d-03c0cf6ae99c{ip: 192.168.30.13, host: pr-hdds-1569-wvzgm-824869521, networkLocation: /default-rack, certSerialId: null}
2019-09-26 09:21:09,216 [IPC Server handler 1 on 42965] INFO  net.NetworkTopology (NetworkTopologyImpl.java:add(111)) - Added a new node: /default-rack/16503525-0504-4dc7-b18b-9a1cb86da45b
2019-09-26 09:21:09,217 [IPC Server handler 1 on 42965] INFO  node.SCMNodeManager (SCMNodeManager.java:register(266)) - Registered Data node : 16503525-0504-4dc7-b18b-9a1cb86da45b{ip: 192.168.30.13, host: pr-hdds-1569-wvzgm-824869521, networkLocation: /default-rack, certSerialId: null}
2019-09-26 09:21:09,269 [grpc-default-executor-0] INFO  impl.RaftServerProxy (RaftServerProxy.java:addNew(89)) - 1dec72e7-0344-4894-a47b-48d961c58f71: addNew group-0B538ED47570:[1dec72e7-0344-4894-a47b-48d961c58f71:192.168.30.13:42556] returns group-0B538ED47570:java.util.concurrent.CompletableFuture@4d1902f5[Not completed]
2019-09-26 09:21:09,286 [pool-27-thread-1] INFO  impl.RaftServerImpl (RaftServerImpl.java:<init>(95)) - 1dec72e7-0344-4894-a47b-48d961c58f71: new RaftServerImpl for group-0B538ED47570:[1dec72e7-0344-4894-a47b-48d961c58f71:192.168.30.13:42556] with ContainerStateMachine:uninitialized
2019-09-26 09:21:09,288 [pool-27-thread-1] INFO  server.RaftServerConfigKeys (ConfUtils.java:logGet(43)) - raft.server.rpc.timeout.min = 5s (custom)
2019-09-26 09:21:09,288 [pool-27-thread-1] INFO  server.RaftServerConfigKeys (ConfUtils.java:logGet(43)) - raft.server.rpc.timeout.max = 5200ms (custom)
2019-09-26 09:21:09,288 [pool-27-thread-1] INFO  server.RaftServerConfigKeys (ConfUtils.java:logGet(43)) - raft.server.rpcslowness.timeout = 120s (custom)
2019-09-26 09:21:09,289 [pool-27-thread-1] INFO  server.RaftServerConfigKeys (ConfUtils.java:logGet(43)) - raft.server.sleep.deviation.threshold = 300 (default)
2019-09-26 09:21:09,289 [pool-27-thread-1] INFO  server.RaftServerConfigKeys (ConfUtils.java:logGet(43)) - raft.server.log.appender.install.snapshot.enabled = false (custom)
2019-09-26 09:21:09,305 [IPC Server handler 3 on 42965] INFO  net.NetworkTopology (NetworkTopologyImpl.java:add(111)) - Added a new node: /default-rack/45c711e7-a055-41cb-865c-06675942396d
2019-09-26 09:21:09,305 [IPC Server handler 3 on 42965] INFO  node.SCMNodeManager (SCMNodeManager.java:register(266)) - Registered Data node : 45c711e7-a055-41cb-865c-06675942396d{ip: 192.168.30.13, host: pr-hdds-1569-wvzgm-824869521, networkLocation: /default-rack, certSerialId: null}
2019-09-26 09:21:09,310 [pool-27-thread-1] INFO  impl.RaftServerImpl (ServerState.java:<init>(103)) - 1dec72e7-0344-4894-a47b-48d961c58f71@group-0B538ED47570: ConfigurationManager, init=-1: [1dec72e7-0344-4894-a47b-48d961c58f71:192.168.30.13:42556], old=null, confs=<EMPTY_MAP>
2019-09-26 09:21:09,310 [pool-27-thread-1] INFO  server.RaftServerConfigKeys (ConfUtils.java:logGet(43)) - raft.server.storage.dir = [/workdir/hadoop-ozone/integration-test/target/test-dir/MiniOzoneClusterImpl-078ea463-30a6-4c8a-a8ff-41db0515e22e/datanode-0/data/ratis] (custom)
2019-09-26 09:21:09,318 [pool-27-thread-1] INFO  storage.RaftStorageDirectory (RaftStorageDirectory.java:analyzeStorage(246)) - The storage directory /workdir/hadoop-ozone/integration-test/target/test-dir/MiniOzoneClusterImpl-078ea463-30a6-4c8a-a8ff-41db0515e22e/datanode-0/data/ratis/72152422-239e-44fd-90c9-0b538ed47570 does not exist. Creating ...
2019-09-26 09:21:09,367 [pool-27-thread-1] INFO  storage.RaftStorageDirectory (RaftStorageDirectory.java:tryLock(328)) - Lock on /workdir/hadoop-ozone/integration-test/target/test-dir/MiniOzoneClusterImpl-078ea463-30a6-4c8a-a8ff-41db0515e22e/datanode-0/data/ratis/72152422-239e-44fd-90c9-0b538ed47570/in_use.lock acquired by nodename 11214@pr-hdds-1569-wvzgm-824869521
2019-09-26 09:21:09,368 [main] INFO  ozone.MiniOzoneClusterImpl (MiniOzoneClusterImpl.java:lambda$waitForClusterToBeReady$0(147)) - Waiting for cluster to be ready. Got 9 of 10 DN Heartbeats.
2019-09-26 09:21:09,368 [IPC Server handler 5 on 42965] INFO  net.NetworkTopology (NetworkTopologyImpl.java:add(111)) - Added a new node: /default-rack/1676f4ef-d876-44ce-9276-238a11cc43f0
2019-09-26 09:21:09,369 [IPC Server handler 5 on 42965] INFO  node.SCMNodeManager (SCMNodeManager.java:register(266)) - Registered Data node : 1676f4ef-d876-44ce-9276-238a11cc43f0{ip: 192.168.30.13, host: pr-hdds-1569-wvzgm-824869521, networkLocation: /default-rack, certSerialId: null}
2019-09-26 09:21:09,385 [pool-27-thread-1] INFO  storage.RaftStorage (RaftStorage.java:format(72)) - Storage directory /workdir/hadoop-ozone/integration-test/target/test-dir/MiniOzoneClusterImpl-078ea463-30a6-4c8a-a8ff-41db0515e22e/datanode-0/data/ratis/72152422-239e-44fd-90c9-0b538ed47570 has been successfully formatted.
2019-09-26 09:21:09,388 [pool-27-thread-1] INFO  ratis.ContainerStateMachine (ContainerStateMachine.java:loadSnapshot(230)) - group-0B538ED47570: The snapshot info is null. Setting the last applied indexto:(t:0, i:~)
2019-09-26 09:21:09,389 [pool-27-thread-1] INFO  server.RaftServerConfigKeys (ConfUtils.java:logGet(43)) - raft.server.notification.no-leader.timeout = 120s (custom)
2019-09-26 09:21:09,392 [pool-27-thread-1] INFO  server.RaftServerConfigKeys (ConfUtils.java:logGet(43)) - raft.server.log.use.memory = false (default)
2019-09-26 09:21:09,400 [pool-27-thread-1] INFO  server.RaftServerConfigKeys (ConfUtils.java:logGet(43)) - raft.server.log.purge.gap = 1000000 (custom)
2019-09-26 09:21:09,400 [pool-27-thread-1] INFO  server.RaftServerConfigKeys (ConfUtils.java:logGet(43)) - raft.server.log.appender.buffer.byte-limit = 33554432 (custom)
2019-09-26 09:21:09,404 [pool-27-thread-1] INFO  server.RaftServerConfigKeys (ConfUtils.java:logGet(43)) - raft.server.log.segment.size.max = 1048576 (custom)
2019-09-26 09:21:09,410 [pool-27-thread-1] INFO  server.RaftServerConfigKeys (ConfUtils.java:logGet(43)) - raft.server.log.segment.cache.num.max = 2 (custom)
2019-09-26 09:21:09,418 [pool-27-thread-1] INFO  segmented.SegmentedRaftLogWorker (SegmentedRaftLogWorker.java:<init>(172)) - new 1dec72e7-0344-4894-a47b-48d961c58f71@group-0B538ED47570-SegmentedRaftLogWorker for RaftStorage:Storage Directory /workdir/hadoop-ozone/integration-test/target/test-dir/MiniOzoneClusterImpl-078ea463-30a6-4c8a-a8ff-41db0515e22e/datanode-0/data/ratis/72152422-239e-44fd-90c9-0b538ed47570
2019-09-26 09:21:09,419 [pool-27-thread-1] INFO  impl.MetricsSystemImpl (MetricsSystemImpl.java:init(158)) - ratis metrics system started (again)
2019-09-26 09:21:09,428 [pool-27-thread-1] INFO  metrics.MetricRegistries (MetricRegistriesLoader.java:load(64)) - Loaded MetricRegistries class org.apache.ratis.metrics.impl.MetricRegistriesImpl
2019-09-26 09:21:09,463 [pool-27-thread-1] INFO  server.RaftServerConfigKeys (ConfUtils.java:logGet(43)) - raft.server.log.queue.byte-limit = 2147483647 (custom)
2019-09-26 09:21:09,463 [pool-27-thread-1] INFO  server.RaftServerConfigKeys (ConfUtils.java:logGet(43)) - raft.server.log.queue.element-limit = 1024 (custom)
2019-09-26 09:21:09,467 [pool-27-thread-1] INFO  server.RaftServerConfigKeys (ConfUtils.java:logGet(43)) - raft.server.log.segment.size.max = 1048576 (custom)
2019-09-26 09:21:09,467 [pool-27-thread-1] INFO  server.RaftServerConfigKeys (ConfUtils.java:logGet(43)) - raft.server.log.preallocated.size = 16384 (custom)
2019-09-26 09:21:09,468 [pool-27-thread-1] INFO  server.RaftServerConfigKeys (ConfUtils.java:logGet(43)) - raft.server.log.write.buffer.size = 33554432 (custom)
2019-09-26 09:21:09,468 [pool-27-thread-1] INFO  server.RaftServerConfigKeys (ConfUtils.java:logGet(43)) - raft.server.log.force.sync.num = 128 (default)
2019-09-26 09:21:09,469 [pool-27-thread-1] INFO  server.RaftServerConfigKeys (ConfUtils.java:logGet(43)) - raft.server.log.statemachine.data.sync = true (default)
2019-09-26 09:21:09,470 [pool-27-thread-1] INFO  server.RaftServerConfigKeys (ConfUtils.java:logGet(43)) - raft.server.log.statemachine.data.sync.timeout = 10s (default)
2019-09-26 09:21:09,470 [pool-27-thread-1] INFO  server.RaftServerConfigKeys (ConfUtils.java:logGet(43)) - raft.server.log.statemachine.data.sync.timeout.retry = -1 (default)
2019-09-26 09:21:09,479 [pool-27-thread-1] INFO  server.RaftServerConfigKeys (ConfUtils.java:logGet(43)) - raft.server.log.statemachine.data.caching.enabled = true (custom)
2019-09-26 09:21:09,484 [pool-27-thread-1] INFO  segmented.SegmentedRaftLogWorker (SegmentedRaftLogWorker.java:lambda$new$0(132)) - 1dec72e7-0344-4894-a47b-48d961c58f71@group-0B538ED47570-SegmentedRaftLogWorker: flushIndex: setUnconditionally 0 -> -1
2019-09-26 09:21:09,489 [pool-27-thread-1] INFO  server.RaftServerConfigKeys (ConfUtils.java:logGet(43)) - raft.server.snapshot.auto.trigger.enabled = true (custom)
2019-09-26 09:21:09,490 [pool-27-thread-1] INFO  server.RaftServerConfigKeys (ConfUtils.java:logGet(43)) - raft.server.snapshot.auto.trigger.threshold = 10000 (custom)
2019-09-26 09:21:09,490 [pool-27-thread-1] INFO  server.RaftServerConfigKeys (ConfUtils.java:logGet(43)) - raft.server.snapshot.retention.num.files = 5 (custom)
2019-09-26 09:21:09,491 [pool-27-thread-1] INFO  server.RaftServerConfigKeys (ConfUtils.java:logGet(43)) - raft.server.retrycache.expirytime = 600000ms (custom)
2019-09-26 09:21:09,518 [pool-27-thread-1] INFO  impl.RaftServerImpl (RaftServerImpl.java:start(185)) - 1dec72e7-0344-4894-a47b-48d961c58f71@group-0B538ED47570: start as a follower, conf=-1: [1dec72e7-0344-4894-a47b-48d961c58f71:192.168.30.13:42556], old=null
2019-09-26 09:21:09,519 [pool-27-thread-1] INFO  impl.RaftServerImpl (RaftServerImpl.java:setRole(174)) - 1dec72e7-0344-4894-a47b-48d961c58f71@group-0B538ED47570: changes role from      null to FOLLOWER at term 0 for startAsFollower
2019-09-26 09:21:09,520 [pool-27-thread-1] INFO  impl.RoleInfo (RoleInfo.java:updateAndGet(143)) - 1dec72e7-0344-4894-a47b-48d961c58f71: start FollowerState
2019-09-26 09:21:09,522 [pool-27-thread-1] INFO  util.JmxRegister (JmxRegister.java:tryRegister(44)) - Successfully registered JMX Bean with object name Ratis:service=RaftServer,group=group-0B538ED47570,id=1dec72e7-0344-4894-a47b-48d961c58f71
2019-09-26 09:21:09,588 [RatisPipelineUtilsThread] INFO  pipeline.PipelineStateManager (PipelineStateManager.java:addPipeline(56)) - Created pipeline Pipeline[ Id: 72152422-239e-44fd-90c9-0b538ed47570, Nodes: 1dec72e7-0344-4894-a47b-48d961c58f71{ip: 192.168.30.13, host: pr-hdds-1569-wvzgm-824869521, networkLocation: /default-rack, certSerialId: null}, Type:RATIS, Factor:ONE, State:OPEN]
2019-09-26 09:21:09,615 [grpc-default-executor-0] INFO  impl.RaftServerProxy (RaftServerProxy.java:addNew(89)) - 5979e283-d20e-4620-920d-03c0cf6ae99c: addNew group-82130AA66D27:[5979e283-d20e-4620-920d-03c0cf6ae99c:192.168.30.13:39443] returns group-82130AA66D27:java.util.concurrent.CompletableFuture@3174abb2[Not completed]
2019-09-26 09:21:09,689 [pool-87-thread-1] INFO  impl.RaftServerImpl (RaftServerImpl.java:<init>(95)) - 5979e283-d20e-4620-920d-03c0cf6ae99c: new RaftServerImpl for group-82130AA66D27:[5979e283-d20e-4620-920d-03c0cf6ae99c:192.168.30.13:39443] with ContainerStateMachine:uninitialized
2019-09-26 09:21:09,691 [pool-87-thread-1] INFO  server.RaftServerConfigKeys (ConfUtils.java:logGet(43)) - raft.server.rpc.timeout.min = 5s (custom)
2019-09-26 09:21:09,693 [pool-87-thread-1] INFO  server.RaftServerConfigKeys (ConfUtils.java:logGet(43)) - raft.server.rpc.timeout.max = 5200ms (custom)
2019-09-26 09:21:09,693 [pool-87-thread-1] INFO  server.RaftServerConfigKeys (ConfUtils.java:logGet(43)) - raft.server.rpcslowness.timeout = 120s (custom)
2019-09-26 09:21:09,693 [pool-87-thread-1] INFO  server.RaftServerConfigKeys (ConfUtils.java:logGet(43)) - raft.server.sleep.deviation.threshold = 300 (default)
2019-09-26 09:21:09,693 [pool-87-thread-1] INFO  server.RaftServerConfigKeys (ConfUtils.java:logGet(43)) - raft.server.log.appender.install.snapshot.enabled = false (custom)
2019-09-26 09:21:09,694 [pool-87-thread-1] INFO  impl.RaftServerImpl (ServerState.java:<init>(103)) - 5979e283-d20e-4620-920d-03c0cf6ae99c@group-82130AA66D27: ConfigurationManager, init=-1: [5979e283-d20e-4620-920d-03c0cf6ae99c:192.168.30.13:39443], old=null, confs=<EMPTY_MAP>
2019-09-26 09:21:09,694 [pool-87-thread-1] INFO  server.RaftServerConfigKeys (ConfUtils.java:logGet(43)) - raft.server.storage.dir = [/workdir/hadoop-ozone/integration-test/target/test-dir/MiniOzoneClusterImpl-078ea463-30a6-4c8a-a8ff-41db0515e22e/datanode-6/data/ratis] (custom)
2019-09-26 09:21:09,694 [pool-87-thread-1] INFO  storage.RaftStorageDirectory (RaftStorageDirectory.java:analyzeStorage(246)) - The storage directory /workdir/hadoop-ozone/integration-test/target/test-dir/MiniOzoneClusterImpl-078ea463-30a6-4c8a-a8ff-41db0515e22e/datanode-6/data/ratis/4f8b0e20-d653-4b59-9008-82130aa66d27 does not exist. Creating ...
2019-09-26 09:21:09,699 [pool-87-thread-1] INFO  storage.RaftStorageDirectory (RaftStorageDirectory.java:tryLock(328)) - Lock on /workdir/hadoop-ozone/integration-test/target/test-dir/MiniOzoneClusterImpl-078ea463-30a6-4c8a-a8ff-41db0515e22e/datanode-6/data/ratis/4f8b0e20-d653-4b59-9008-82130aa66d27/in_use.lock acquired by nodename 11214@pr-hdds-1569-wvzgm-824869521
2019-09-26 09:21:09,703 [pool-87-thread-1] INFO  storage.RaftStorage (RaftStorage.java:format(72)) - Storage directory /workdir/hadoop-ozone/integration-test/target/test-dir/MiniOzoneClusterImpl-078ea463-30a6-4c8a-a8ff-41db0515e22e/datanode-6/data/ratis/4f8b0e20-d653-4b59-9008-82130aa66d27 has been successfully formatted.
2019-09-26 09:21:09,705 [pool-87-thread-1] INFO  ratis.ContainerStateMachine (ContainerStateMachine.java:loadSnapshot(230)) - group-82130AA66D27: The snapshot info is null. Setting the last applied indexto:(t:0, i:~)
2019-09-26 09:21:09,707 [pool-87-thread-1] INFO  server.RaftServerConfigKeys (ConfUtils.java:logGet(43)) - raft.server.notification.no-leader.timeout = 120s (custom)
2019-09-26 09:21:09,707 [pool-87-thread-1] INFO  server.RaftServerConfigKeys (ConfUtils.java:logGet(43)) - raft.server.log.use.memory = false (default)
2019-09-26 09:21:09,707 [pool-87-thread-1] INFO  server.RaftServerConfigKeys (ConfUtils.java:logGet(43)) - raft.server.log.purge.gap = 1000000 (custom)
2019-09-26 09:21:09,707 [pool-87-thread-1] INFO  server.RaftServerConfigKeys (ConfUtils.java:logGet(43)) - raft.server.log.appender.buffer.byte-limit = 33554432 (custom)
2019-09-26 09:21:09,707 [pool-87-thread-1] INFO  server.RaftServerConfigKeys (ConfUtils.java:logGet(43)) - raft.server.log.segment.size.max = 1048576 (custom)
2019-09-26 09:21:09,708 [pool-87-thread-1] INFO  server.RaftServerConfigKeys (ConfUtils.java:logGet(43)) - raft.server.log.segment.cache.num.max = 2 (custom)
2019-09-26 09:21:09,708 [pool-87-thread-1] INFO  segmented.SegmentedRaftLogWorker (SegmentedRaftLogWorker.java:<init>(172)) - new 5979e283-d20e-4620-920d-03c0cf6ae99c@group-82130AA66D27-SegmentedRaftLogWorker for RaftStorage:Storage Directory /workdir/hadoop-ozone/integration-test/target/test-dir/MiniOzoneClusterImpl-078ea463-30a6-4c8a-a8ff-41db0515e22e/datanode-6/data/ratis/4f8b0e20-d653-4b59-9008-82130aa66d27
2019-09-26 09:21:09,713 [pool-87-thread-1] INFO  server.RaftServerConfigKeys (ConfUtils.java:logGet(43)) - raft.server.log.queue.byte-limit = 2147483647 (custom)
2019-09-26 09:21:09,714 [pool-87-thread-1] INFO  server.RaftServerConfigKeys (ConfUtils.java:logGet(43)) - raft.server.log.queue.element-limit = 1024 (custom)
2019-09-26 09:21:09,714 [pool-87-thread-1] INFO  server.RaftServerConfigKeys (ConfUtils.java:logGet(43)) - raft.server.log.segment.size.max = 1048576 (custom)
2019-09-26 09:21:09,714 [pool-87-thread-1] INFO  server.RaftServerConfigKeys (ConfUtils.java:logGet(43)) - raft.server.log.preallocated.size = 16384 (custom)
2019-09-26 09:21:09,714 [pool-87-thread-1] INFO  server.RaftServerConfigKeys (ConfUtils.java:logGet(43)) - raft.server.log.write.buffer.size = 33554432 (custom)
2019-09-26 09:21:09,714 [pool-87-thread-1] INFO  server.RaftServerConfigKeys (ConfUtils.java:logGet(43)) - raft.server.log.force.sync.num = 128 (default)
2019-09-26 09:21:09,714 [pool-87-thread-1] INFO  server.RaftServerConfigKeys (ConfUtils.java:logGet(43)) - raft.server.log.statemachine.data.sync = true (default)
2019-09-26 09:21:09,714 [pool-87-thread-1] INFO  server.RaftServerConfigKeys (ConfUtils.java:logGet(43)) - raft.server.log.statemachine.data.sync.timeout = 10s (default)
2019-09-26 09:21:09,714 [pool-87-thread-1] INFO  server.RaftServerConfigKeys (ConfUtils.java:logGet(43)) - raft.server.log.statemachine.data.sync.timeout.retry = -1 (default)
2019-09-26 09:21:09,715 [pool-87-thread-1] INFO  server.RaftServerConfigKeys (ConfUtils.java:logGet(43)) - raft.server.log.statemachine.data.caching.enabled = true (custom)
2019-09-26 09:21:09,715 [pool-87-thread-1] INFO  segmented.SegmentedRaftLogWorker (SegmentedRaftLogWorker.java:lambda$new$0(132)) - 5979e283-d20e-4620-920d-03c0cf6ae99c@group-82130AA66D27-SegmentedRaftLogWorker: flushIndex: setUnconditionally 0 -> -1
2019-09-26 09:21:09,715 [pool-87-thread-1] INFO  server.RaftServerConfigKeys (ConfUtils.java:logGet(43)) - raft.server.snapshot.auto.trigger.enabled = true (custom)
2019-09-26 09:21:09,715 [pool-87-thread-1] INFO  server.RaftServerConfigKeys (ConfUtils.java:logGet(43)) - raft.server.snapshot.auto.trigger.threshold = 10000 (custom)
2019-09-26 09:21:09,715 [pool-87-thread-1] INFO  server.RaftServerConfigKeys (ConfUtils.java:logGet(43)) - raft.server.snapshot.retention.num.files = 5 (custom)
2019-09-26 09:21:09,716 [pool-87-thread-1] INFO  server.RaftServerConfigKeys (ConfUtils.java:logGet(43)) - raft.server.retrycache.expirytime = 600000ms (custom)
2019-09-26 09:21:09,720 [pool-87-thread-1] INFO  impl.RaftServerImpl (RaftServerImpl.java:start(185)) - 5979e283-d20e-4620-920d-03c0cf6ae99c@group-82130AA66D27: start as a follower, conf=-1: [5979e283-d20e-4620-920d-03c0cf6ae99c:192.168.30.13:39443], old=null
2019-09-26 09:21:09,720 [pool-87-thread-1] INFO  impl.RaftServerImpl (RaftServerImpl.java:setRole(174)) - 5979e283-d20e-4620-920d-03c0cf6ae99c@group-82130AA66D27: changes role from      null to FOLLOWER at term 0 for startAsFollower
2019-09-26 09:21:09,720 [pool-87-thread-1] INFO  impl.RoleInfo (RoleInfo.java:updateAndGet(143)) - 5979e283-d20e-4620-920d-03c0cf6ae99c: start FollowerState
2019-09-26 09:21:09,722 [pool-87-thread-1] INFO  util.JmxRegister (JmxRegister.java:tryRegister(44)) - Successfully registered JMX Bean with object name Ratis:service=RaftServer,group=group-82130AA66D27,id=5979e283-d20e-4620-920d-03c0cf6ae99c
2019-09-26 09:21:09,739 [RatisPipelineUtilsThread] INFO  pipeline.PipelineStateManager (PipelineStateManager.java:addPipeline(56)) - Created pipeline Pipeline[ Id: 4f8b0e20-d653-4b59-9008-82130aa66d27, Nodes: 5979e283-d20e-4620-920d-03c0cf6ae99c{ip: 192.168.30.13, host: pr-hdds-1569-wvzgm-824869521, networkLocation: /default-rack, certSerialId: null}, Type:RATIS, Factor:ONE, State:OPEN]
2019-09-26 09:21:09,762 [grpc-default-executor-0] INFO  impl.RaftServerProxy (RaftServerProxy.java:addNew(89)) - 5979e283-d20e-4620-920d-03c0cf6ae99c: addNew group-F1F68242DD47:[5979e283-d20e-4620-920d-03c0cf6ae99c:192.168.30.13:39443] returns group-F1F68242DD47:java.util.concurrent.CompletableFuture@690ba2b6[Not completed]
2019-09-26 09:21:09,764 [pool-87-thread-1] INFO  impl.RaftServerImpl (RaftServerImpl.java:<init>(95)) - 5979e283-d20e-4620-920d-03c0cf6ae99c: new RaftServerImpl for group-F1F68242DD47:[5979e283-d20e-4620-920d-03c0cf6ae99c:192.168.30.13:39443] with ContainerStateMachine:uninitialized
2019-09-26 09:21:09,764 [pool-87-thread-1] INFO  server.RaftServerConfigKeys (ConfUtils.java:logGet(43)) - raft.server.rpc.timeout.min = 5s (custom)
2019-09-26 09:21:09,764 [pool-87-thread-1] INFO  server.RaftServerConfigKeys (ConfUtils.java:logGet(43)) - raft.server.rpc.timeout.max = 5200ms (custom)
2019-09-26 09:21:09,764 [pool-87-thread-1] INFO  server.RaftServerConfigKeys (ConfUtils.java:logGet(43)) - raft.server.rpcslowness.timeout = 120s (custom)
2019-09-26 09:21:09,764 [pool-87-thread-1] INFO  server.RaftServerConfigKeys (ConfUtils.java:logGet(43)) - raft.server.sleep.deviation.threshold = 300 (default)
2019-09-26 09:21:09,764 [pool-87-thread-1] INFO  server.RaftServerConfigKeys (ConfUtils.java:logGet(43)) - raft.server.log.appender.install.snapshot.enabled = false (custom)
2019-09-26 09:21:09,765 [pool-87-thread-1] INFO  impl.RaftServerImpl (ServerState.java:<init>(103)) - 5979e283-d20e-4620-920d-03c0cf6ae99c@group-F1F68242DD47: ConfigurationManager, init=-1: [5979e283-d20e-4620-920d-03c0cf6ae99c:192.168.30.13:39443], old=null, confs=<EMPTY_MAP>
2019-09-26 09:21:09,765 [pool-87-thread-1] INFO  server.RaftServerConfigKeys (ConfUtils.java:logGet(43)) - raft.server.storage.dir = [/workdir/hadoop-ozone/integration-test/target/test-dir/MiniOzoneClusterImpl-078ea463-30a6-4c8a-a8ff-41db0515e22e/datanode-6/data/ratis] (custom)
2019-09-26 09:21:09,765 [pool-87-thread-1] INFO  storage.RaftStorageDirectory (RaftStorageDirectory.java:analyzeStorage(246)) - The storage directory /workdir/hadoop-ozone/integration-test/target/test-dir/MiniOzoneClusterImpl-078ea463-30a6-4c8a-a8ff-41db0515e22e/datanode-6/data/ratis/c33bf63a-ee5e-4844-b243-f1f68242dd47 does not exist. Creating ...
2019-09-26 09:21:09,777 [pool-87-thread-1] INFO  storage.RaftStorageDirectory (RaftStorageDirectory.java:tryLock(328)) - Lock on /workdir/hadoop-ozone/integration-test/target/test-dir/MiniOzoneClusterImpl-078ea463-30a6-4c8a-a8ff-41db0515e22e/datanode-6/data/ratis/c33bf63a-ee5e-4844-b243-f1f68242dd47/in_use.lock acquired by nodename 11214@pr-hdds-1569-wvzgm-824869521
2019-09-26 09:21:09,791 [pool-87-thread-1] INFO  storage.RaftStorage (RaftStorage.java:format(72)) - Storage directory /workdir/hadoop-ozone/integration-test/target/test-dir/MiniOzoneClusterImpl-078ea463-30a6-4c8a-a8ff-41db0515e22e/datanode-6/data/ratis/c33bf63a-ee5e-4844-b243-f1f68242dd47 has been successfully formatted.
2019-09-26 09:21:09,791 [pool-87-thread-1] INFO  ratis.ContainerStateMachine (ContainerStateMachine.java:loadSnapshot(230)) - group-F1F68242DD47: The snapshot info is null. Setting the last applied indexto:(t:0, i:~)
2019-09-26 09:21:09,791 [pool-87-thread-1] INFO  server.RaftServerConfigKeys (ConfUtils.java:logGet(43)) - raft.server.notification.no-leader.timeout = 120s (custom)
2019-09-26 09:21:09,791 [pool-87-thread-1] INFO  server.RaftServerConfigKeys (ConfUtils.java:logGet(43)) - raft.server.log.use.memory = false (default)
2019-09-26 09:21:09,791 [pool-87-thread-1] INFO  server.RaftServerConfigKeys (ConfUtils.java:logGet(43)) - raft.server.log.purge.gap = 1000000 (custom)
2019-09-26 09:21:09,791 [pool-87-thread-1] INFO  server.RaftServerConfigKeys (ConfUtils.java:logGet(43)) - raft.server.log.appender.buffer.byte-limit = 33554432 (custom)
2019-09-26 09:21:09,792 [pool-87-thread-1] INFO  server.RaftServerConfigKeys (ConfUtils.java:logGet(43)) - raft.server.log.segment.size.max = 1048576 (custom)
2019-09-26 09:21:09,792 [pool-87-thread-1] INFO  server.RaftServerConfigKeys (ConfUtils.java:logGet(43)) - raft.server.log.segment.cache.num.max = 2 (custom)
2019-09-26 09:21:09,792 [pool-87-thread-1] INFO  segmented.SegmentedRaftLogWorker (SegmentedRaftLogWorker.java:<init>(172)) - new 5979e283-d20e-4620-920d-03c0cf6ae99c@group-F1F68242DD47-SegmentedRaftLogWorker for RaftStorage:Storage Directory /workdir/hadoop-ozone/integration-test/target/test-dir/MiniOzoneClusterImpl-078ea463-30a6-4c8a-a8ff-41db0515e22e/datanode-6/data/ratis/c33bf63a-ee5e-4844-b243-f1f68242dd47
2019-09-26 09:21:09,792 [pool-87-thread-1] INFO  server.RaftServerConfigKeys (ConfUtils.java:logGet(43)) - raft.server.log.queue.byte-limit = 2147483647 (custom)
2019-09-26 09:21:09,792 [pool-87-thread-1] INFO  server.RaftServerConfigKeys (ConfUtils.java:logGet(43)) - raft.server.log.queue.element-limit = 1024 (custom)
2019-09-26 09:21:09,792 [pool-87-thread-1] INFO  server.RaftServerConfigKeys (ConfUtils.java:logGet(43)) - raft.server.log.segment.size.max = 1048576 (custom)
2019-09-26 09:21:09,792 [pool-87-thread-1] INFO  server.RaftServerConfigKeys (ConfUtils.java:logGet(43)) - raft.server.log.preallocated.size = 16384 (custom)
2019-09-26 09:21:09,793 [pool-87-thread-1] INFO  server.RaftServerConfigKeys (ConfUtils.java:logGet(43)) - raft.server.log.write.buffer.size = 33554432 (custom)
2019-09-26 09:21:09,793 [pool-87-thread-1] INFO  server.RaftServerConfigKeys (ConfUtils.java:logGet(43)) - raft.server.log.force.sync.num = 128 (default)
2019-09-26 09:21:09,793 [pool-87-thread-1] INFO  server.RaftServerConfigKeys (ConfUtils.java:logGet(43)) - raft.server.log.statemachine.data.sync = true (default)
2019-09-26 09:21:09,793 [pool-87-thread-1] INFO  server.RaftServerConfigKeys (ConfUtils.java:logGet(43)) - raft.server.log.statemachine.data.sync.timeout = 10s (default)
2019-09-26 09:21:09,793 [pool-87-thread-1] INFO  server.RaftServerConfigKeys (ConfUtils.java:logGet(43)) - raft.server.log.statemachine.data.sync.timeout.retry = -1 (default)
2019-09-26 09:21:09,793 [pool-87-thread-1] INFO  server.RaftServerConfigKeys (ConfUtils.java:logGet(43)) - raft.server.log.statemachine.data.caching.enabled = true (custom)
2019-09-26 09:21:09,794 [pool-87-thread-1] INFO  segmented.SegmentedRaftLogWorker (SegmentedRaftLogWorker.java:lambda$new$0(132)) - 5979e283-d20e-4620-920d-03c0cf6ae99c@group-F1F68242DD47-SegmentedRaftLogWorker: flushIndex: setUnconditionally 0 -> -1
2019-09-26 09:21:09,794 [pool-87-thread-1] INFO  server.RaftServerConfigKeys (ConfUtils.java:logGet(43)) - raft.server.snapshot.auto.trigger.enabled = true (custom)
2019-09-26 09:21:09,794 [pool-87-thread-1] INFO  server.RaftServerConfigKeys (ConfUtils.java:logGet(43)) - raft.server.snapshot.auto.trigger.threshold = 10000 (custom)
2019-09-26 09:21:09,794 [pool-87-thread-1] INFO  server.RaftServerConfigKeys (ConfUtils.java:logGet(43)) - raft.server.snapshot.retention.num.files = 5 (custom)
2019-09-26 09:21:09,794 [pool-87-thread-1] INFO  server.RaftServerConfigKeys (ConfUtils.java:logGet(43)) - raft.server.retrycache.expirytime = 600000ms (custom)
2019-09-26 09:21:09,798 [pool-87-thread-1] INFO  impl.RaftServerImpl (RaftServerImpl.java:start(185)) - 5979e283-d20e-4620-920d-03c0cf6ae99c@group-F1F68242DD47: start as a follower, conf=-1: [5979e283-d20e-4620-920d-03c0cf6ae99c:192.168.30.13:39443], old=null
2019-09-26 09:21:09,798 [pool-87-thread-1] INFO  impl.RaftServerImpl (RaftServerImpl.java:setRole(174)) - 5979e283-d20e-4620-920d-03c0cf6ae99c@group-F1F68242DD47: changes role from      null to FOLLOWER at term 0 for startAsFollower
2019-09-26 09:21:09,799 [pool-87-thread-1] INFO  impl.RoleInfo (RoleInfo.java:updateAndGet(143)) - 5979e283-d20e-4620-920d-03c0cf6ae99c: start FollowerState
2019-09-26 09:21:09,799 [pool-87-thread-1] INFO  util.JmxRegister (JmxRegister.java:tryRegister(44)) - Successfully registered JMX Bean with object name Ratis:service=RaftServer,group=group-F1F68242DD47,id=5979e283-d20e-4620-920d-03c0cf6ae99c
2019-09-26 09:21:09,818 [RatisPipelineUtilsThread] INFO  pipeline.PipelineStateManager (PipelineStateManager.java:addPipeline(56)) - Created pipeline Pipeline[ Id: c33bf63a-ee5e-4844-b243-f1f68242dd47, Nodes: 5979e283-d20e-4620-920d-03c0cf6ae99c{ip: 192.168.30.13, host: pr-hdds-1569-wvzgm-824869521, networkLocation: /default-rack, certSerialId: null}, Type:RATIS, Factor:ONE, State:OPEN]
2019-09-26 09:21:09,845 [grpc-default-executor-0] INFO  impl.RaftServerProxy (RaftServerProxy.java:addNew(89)) - cdeec377-8f89-4dce-9b26-4d7c58a1953c: addNew group-6C124EDC7595:[cdeec377-8f89-4dce-9b26-4d7c58a1953c:192.168.30.13:44126] returns group-6C124EDC7595:java.util.concurrent.CompletableFuture@7e2564cd[Not completed]
2019-09-26 09:21:09,902 [pool-37-thread-1] INFO  impl.RaftServerImpl (RaftServerImpl.java:<init>(95)) - cdeec377-8f89-4dce-9b26-4d7c58a1953c: new RaftServerImpl for group-6C124EDC7595:[cdeec377-8f89-4dce-9b26-4d7c58a1953c:192.168.30.13:44126] with ContainerStateMachine:uninitialized
2019-09-26 09:21:09,902 [pool-37-thread-1] INFO  server.RaftServerConfigKeys (ConfUtils.java:logGet(43)) - raft.server.rpc.timeout.min = 5s (custom)
2019-09-26 09:21:09,902 [pool-37-thread-1] INFO  server.RaftServerConfigKeys (ConfUtils.java:logGet(43)) - raft.server.rpc.timeout.max = 5200ms (custom)
2019-09-26 09:21:09,902 [pool-37-thread-1] INFO  server.RaftServerConfigKeys (ConfUtils.java:logGet(43)) - raft.server.rpcslowness.timeout = 120s (custom)
2019-09-26 09:21:09,903 [pool-37-thread-1] INFO  server.RaftServerConfigKeys (ConfUtils.java:logGet(43)) - raft.server.sleep.deviation.threshold = 300 (default)
2019-09-26 09:21:09,903 [pool-37-thread-1] INFO  server.RaftServerConfigKeys (ConfUtils.java:logGet(43)) - raft.server.log.appender.install.snapshot.enabled = false (custom)
2019-09-26 09:21:09,903 [pool-37-thread-1] INFO  impl.RaftServerImpl (ServerState.java:<init>(103)) - cdeec377-8f89-4dce-9b26-4d7c58a1953c@group-6C124EDC7595: ConfigurationManager, init=-1: [cdeec377-8f89-4dce-9b26-4d7c58a1953c:192.168.30.13:44126], old=null, confs=<EMPTY_MAP>
2019-09-26 09:21:09,903 [pool-37-thread-1] INFO  server.RaftServerConfigKeys (ConfUtils.java:logGet(43)) - raft.server.storage.dir = [/workdir/hadoop-ozone/integration-test/target/test-dir/MiniOzoneClusterImpl-078ea463-30a6-4c8a-a8ff-41db0515e22e/datanode-1/data/ratis] (custom)
2019-09-26 09:21:09,904 [pool-37-thread-1] INFO  storage.RaftStorageDirectory (RaftStorageDirectory.java:analyzeStorage(246)) - The storage directory /workdir/hadoop-ozone/integration-test/target/test-dir/MiniOzoneClusterImpl-078ea463-30a6-4c8a-a8ff-41db0515e22e/datanode-1/data/ratis/fa158437-1b8a-4cb9-b515-6c124edc7595 does not exist. Creating ...
2019-09-26 09:21:09,917 [pool-37-thread-1] INFO  storage.RaftStorageDirectory (RaftStorageDirectory.java:tryLock(328)) - Lock on /workdir/hadoop-ozone/integration-test/target/test-dir/MiniOzoneClusterImpl-078ea463-30a6-4c8a-a8ff-41db0515e22e/datanode-1/data/ratis/fa158437-1b8a-4cb9-b515-6c124edc7595/in_use.lock acquired by nodename 11214@pr-hdds-1569-wvzgm-824869521
2019-09-26 09:21:09,930 [pool-37-thread-1] INFO  storage.RaftStorage (RaftStorage.java:format(72)) - Storage directory /workdir/hadoop-ozone/integration-test/target/test-dir/MiniOzoneClusterImpl-078ea463-30a6-4c8a-a8ff-41db0515e22e/datanode-1/data/ratis/fa158437-1b8a-4cb9-b515-6c124edc7595 has been successfully formatted.
2019-09-26 09:21:09,931 [pool-37-thread-1] INFO  ratis.ContainerStateMachine (ContainerStateMachine.java:loadSnapshot(230)) - group-6C124EDC7595: The snapshot info is null. Setting the last applied indexto:(t:0, i:~)
2019-09-26 09:21:09,931 [pool-37-thread-1] INFO  server.RaftServerConfigKeys (ConfUtils.java:logGet(43)) - raft.server.notification.no-leader.timeout = 120s (custom)
2019-09-26 09:21:09,931 [pool-37-thread-1] INFO  server.RaftServerConfigKeys (ConfUtils.java:logGet(43)) - raft.server.log.use.memory = false (default)
2019-09-26 09:21:09,931 [pool-37-thread-1] INFO  server.RaftServerConfigKeys (ConfUtils.java:logGet(43)) - raft.server.log.purge.gap = 1000000 (custom)
2019-09-26 09:21:09,931 [pool-37-thread-1] INFO  server.RaftServerConfigKeys (ConfUtils.java:logGet(43)) - raft.server.log.appender.buffer.byte-limit = 33554432 (custom)
2019-09-26 09:21:09,931 [pool-37-thread-1] INFO  server.RaftServerConfigKeys (ConfUtils.java:logGet(43)) - raft.server.log.segment.size.max = 1048576 (custom)
2019-09-26 09:21:09,931 [pool-37-thread-1] INFO  server.RaftServerConfigKeys (ConfUtils.java:logGet(43)) - raft.server.log.segment.cache.num.max = 2 (custom)
2019-09-26 09:21:09,931 [pool-37-thread-1] INFO  segmented.SegmentedRaftLogWorker (SegmentedRaftLogWorker.java:<init>(172)) - new cdeec377-8f89-4dce-9b26-4d7c58a1953c@group-6C124EDC7595-SegmentedRaftLogWorker for RaftStorage:Storage Directory /workdir/hadoop-ozone/integration-test/target/test-dir/MiniOzoneClusterImpl-078ea463-30a6-4c8a-a8ff-41db0515e22e/datanode-1/data/ratis/fa158437-1b8a-4cb9-b515-6c124edc7595
2019-09-26 09:21:09,965 [pool-37-thread-1] INFO  server.RaftServerConfigKeys (ConfUtils.java:logGet(43)) - raft.server.log.queue.byte-limit = 2147483647 (custom)
2019-09-26 09:21:09,965 [pool-37-thread-1] INFO  server.RaftServerConfigKeys (ConfUtils.java:logGet(43)) - raft.server.log.queue.element-limit = 1024 (custom)
2019-09-26 09:21:09,965 [pool-37-thread-1] INFO  server.RaftServerConfigKeys (ConfUtils.java:logGet(43)) - raft.server.log.segment.size.max = 1048576 (custom)
2019-09-26 09:21:09,965 [pool-37-thread-1] INFO  server.RaftServerConfigKeys (ConfUtils.java:logGet(43)) - raft.server.log.preallocated.size = 16384 (custom)
2019-09-26 09:21:09,965 [pool-37-thread-1] INFO  server.RaftServerConfigKeys (ConfUtils.java:logGet(43)) - raft.server.log.write.buffer.size = 33554432 (custom)
2019-09-26 09:21:09,965 [pool-37-thread-1] INFO  server.RaftServerConfigKeys (ConfUtils.java:logGet(43)) - raft.server.log.force.sync.num = 128 (default)
2019-09-26 09:21:09,965 [pool-37-thread-1] INFO  server.RaftServerConfigKeys (ConfUtils.java:logGet(43)) - raft.server.log.statemachine.data.sync = true (default)
2019-09-26 09:21:09,966 [pool-37-thread-1] INFO  server.RaftServerConfigKeys (ConfUtils.java:logGet(43)) - raft.server.log.statemachine.data.sync.timeout = 10s (default)
2019-09-26 09:21:09,966 [pool-37-thread-1] INFO  server.RaftServerConfigKeys (ConfUtils.java:logGet(43)) - raft.server.log.statemachine.data.sync.timeout.retry = -1 (default)
2019-09-26 09:21:09,966 [pool-37-thread-1] INFO  server.RaftServerConfigKeys (ConfUtils.java:logGet(43)) - raft.server.log.statemachine.data.caching.enabled = true (custom)
2019-09-26 09:21:09,966 [pool-37-thread-1] INFO  segmented.SegmentedRaftLogWorker (SegmentedRaftLogWorker.java:lambda$new$0(132)) - cdeec377-8f89-4dce-9b26-4d7c58a1953c@group-6C124EDC7595-SegmentedRaftLogWorker: flushIndex: setUnconditionally 0 -> -1
2019-09-26 09:21:09,966 [pool-37-thread-1] INFO  server.RaftServerConfigKeys (ConfUtils.java:logGet(43)) - raft.server.snapshot.auto.trigger.enabled = true (custom)
2019-09-26 09:21:09,967 [pool-37-thread-1] INFO  server.RaftServerConfigKeys (ConfUtils.java:logGet(43)) - raft.server.snapshot.auto.trigger.threshold = 10000 (custom)
2019-09-26 09:21:09,967 [pool-37-thread-1] INFO  server.RaftServerConfigKeys (ConfUtils.java:logGet(43)) - raft.server.snapshot.retention.num.files = 5 (custom)
2019-09-26 09:21:09,967 [pool-37-thread-1] INFO  server.RaftServerConfigKeys (ConfUtils.java:logGet(43)) - raft.server.retrycache.expirytime = 600000ms (custom)
2019-09-26 09:21:09,970 [pool-37-thread-1] INFO  impl.RaftServerImpl (RaftServerImpl.java:start(185)) - cdeec377-8f89-4dce-9b26-4d7c58a1953c@group-6C124EDC7595: start as a follower, conf=-1: [cdeec377-8f89-4dce-9b26-4d7c58a1953c:192.168.30.13:44126], old=null
2019-09-26 09:21:09,970 [pool-37-thread-1] INFO  impl.RaftServerImpl (RaftServerImpl.java:setRole(174)) - cdeec377-8f89-4dce-9b26-4d7c58a1953c@group-6C124EDC7595: changes role from      null to FOLLOWER at term 0 for startAsFollower
2019-09-26 09:21:09,970 [pool-37-thread-1] INFO  impl.RoleInfo (RoleInfo.java:updateAndGet(143)) - cdeec377-8f89-4dce-9b26-4d7c58a1953c: start FollowerState
2019-09-26 09:21:09,971 [pool-37-thread-1] INFO  util.JmxRegister (JmxRegister.java:tryRegister(44)) - Successfully registered JMX Bean with object name Ratis:service=RaftServer,group=group-6C124EDC7595,id=cdeec377-8f89-4dce-9b26-4d7c58a1953c
2019-09-26 09:21:09,989 [RatisPipelineUtilsThread] INFO  pipeline.PipelineStateManager (PipelineStateManager.java:addPipeline(56)) - Created pipeline Pipeline[ Id: fa158437-1b8a-4cb9-b515-6c124edc7595, Nodes: cdeec377-8f89-4dce-9b26-4d7c58a1953c{ip: 192.168.30.13, host: pr-hdds-1569-wvzgm-824869521, networkLocation: /default-rack, certSerialId: null}, Type:RATIS, Factor:ONE, State:OPEN]
2019-09-26 09:21:10,003 [grpc-default-executor-0] INFO  impl.RaftServerProxy (RaftServerProxy.java:addNew(89)) - cdeec377-8f89-4dce-9b26-4d7c58a1953c: addNew group-91BE717C91B0:[cdeec377-8f89-4dce-9b26-4d7c58a1953c:192.168.30.13:44126] returns group-91BE717C91B0:java.util.concurrent.CompletableFuture@40475f1b[Not completed]
2019-09-26 09:21:10,004 [pool-37-thread-1] INFO  impl.RaftServerImpl (RaftServerImpl.java:<init>(95)) - cdeec377-8f89-4dce-9b26-4d7c58a1953c: new RaftServerImpl for group-91BE717C91B0:[cdeec377-8f89-4dce-9b26-4d7c58a1953c:192.168.30.13:44126] with ContainerStateMachine:uninitialized
2019-09-26 09:21:10,004 [pool-37-thread-1] INFO  server.RaftServerConfigKeys (ConfUtils.java:logGet(43)) - raft.server.rpc.timeout.min = 5s (custom)
2019-09-26 09:21:10,004 [pool-37-thread-1] INFO  server.RaftServerConfigKeys (ConfUtils.java:logGet(43)) - raft.server.rpc.timeout.max = 5200ms (custom)
2019-09-26 09:21:10,004 [pool-37-thread-1] INFO  server.RaftServerConfigKeys (ConfUtils.java:logGet(43)) - raft.server.rpcslowness.timeout = 120s (custom)
2019-09-26 09:21:10,004 [pool-37-thread-1] INFO  server.RaftServerConfigKeys (ConfUtils.java:logGet(43)) - raft.server.sleep.deviation.threshold = 300 (default)
2019-09-26 09:21:10,005 [pool-37-thread-1] INFO  server.RaftServerConfigKeys (ConfUtils.java:logGet(43)) - raft.server.log.appender.install.snapshot.enabled = false (custom)
2019-09-26 09:21:10,005 [pool-37-thread-1] INFO  impl.RaftServerImpl (ServerState.java:<init>(103)) - cdeec377-8f89-4dce-9b26-4d7c58a1953c@group-91BE717C91B0: ConfigurationManager, init=-1: [cdeec377-8f89-4dce-9b26-4d7c58a1953c:192.168.30.13:44126], old=null, confs=<EMPTY_MAP>
2019-09-26 09:21:10,005 [pool-37-thread-1] INFO  server.RaftServerConfigKeys (ConfUtils.java:logGet(43)) - raft.server.storage.dir = [/workdir/hadoop-ozone/integration-test/target/test-dir/MiniOzoneClusterImpl-078ea463-30a6-4c8a-a8ff-41db0515e22e/datanode-1/data/ratis] (custom)
2019-09-26 09:21:10,005 [pool-37-thread-1] INFO  storage.RaftStorageDirectory (RaftStorageDirectory.java:analyzeStorage(246)) - The storage directory /workdir/hadoop-ozone/integration-test/target/test-dir/MiniOzoneClusterImpl-078ea463-30a6-4c8a-a8ff-41db0515e22e/datanode-1/data/ratis/bb60b4b0-c3df-46b6-8029-91be717c91b0 does not exist. Creating ...
2019-09-26 09:21:10,018 [pool-37-thread-1] INFO  storage.RaftStorageDirectory (RaftStorageDirectory.java:tryLock(328)) - Lock on /workdir/hadoop-ozone/integration-test/target/test-dir/MiniOzoneClusterImpl-078ea463-30a6-4c8a-a8ff-41db0515e22e/datanode-1/data/ratis/bb60b4b0-c3df-46b6-8029-91be717c91b0/in_use.lock acquired by nodename 11214@pr-hdds-1569-wvzgm-824869521
2019-09-26 09:21:10,030 [pool-37-thread-1] INFO  storage.RaftStorage (RaftStorage.java:format(72)) - Storage directory /workdir/hadoop-ozone/integration-test/target/test-dir/MiniOzoneClusterImpl-078ea463-30a6-4c8a-a8ff-41db0515e22e/datanode-1/data/ratis/bb60b4b0-c3df-46b6-8029-91be717c91b0 has been successfully formatted.
2019-09-26 09:21:10,031 [pool-37-thread-1] INFO  ratis.ContainerStateMachine (ContainerStateMachine.java:loadSnapshot(230)) - group-91BE717C91B0: The snapshot info is null. Setting the last applied indexto:(t:0, i:~)
2019-09-26 09:21:10,031 [pool-37-thread-1] INFO  server.RaftServerConfigKeys (ConfUtils.java:logGet(43)) - raft.server.notification.no-leader.timeout = 120s (custom)
2019-09-26 09:21:10,031 [pool-37-thread-1] INFO  server.RaftServerConfigKeys (ConfUtils.java:logGet(43)) - raft.server.log.use.memory = false (default)
2019-09-26 09:21:10,031 [pool-37-thread-1] INFO  server.RaftServerConfigKeys (ConfUtils.java:logGet(43)) - raft.server.log.purge.gap = 1000000 (custom)
2019-09-26 09:21:10,031 [pool-37-thread-1] INFO  server.RaftServerConfigKeys (ConfUtils.java:logGet(43)) - raft.server.log.appender.buffer.byte-limit = 33554432 (custom)
2019-09-26 09:21:10,031 [pool-37-thread-1] INFO  server.RaftServerConfigKeys (ConfUtils.java:logGet(43)) - raft.server.log.segment.size.max = 1048576 (custom)
2019-09-26 09:21:10,031 [pool-37-thread-1] INFO  server.RaftServerConfigKeys (ConfUtils.java:logGet(43)) - raft.server.log.segment.cache.num.max = 2 (custom)
2019-09-26 09:21:10,031 [pool-37-thread-1] INFO  segmented.SegmentedRaftLogWorker (SegmentedRaftLogWorker.java:<init>(172)) - new cdeec377-8f89-4dce-9b26-4d7c58a1953c@group-91BE717C91B0-SegmentedRaftLogWorker for RaftStorage:Storage Directory /workdir/hadoop-ozone/integration-test/target/test-dir/MiniOzoneClusterImpl-078ea463-30a6-4c8a-a8ff-41db0515e22e/datanode-1/data/ratis/bb60b4b0-c3df-46b6-8029-91be717c91b0
2019-09-26 09:21:10,031 [pool-37-thread-1] INFO  server.RaftServerConfigKeys (ConfUtils.java:logGet(43)) - raft.server.log.queue.byte-limit = 2147483647 (custom)
2019-09-26 09:21:10,032 [pool-37-thread-1] INFO  server.RaftServerConfigKeys (ConfUtils.java:logGet(43)) - raft.server.log.queue.element-limit = 1024 (custom)
2019-09-26 09:21:10,032 [pool-37-thread-1] INFO  server.RaftServerConfigKeys (ConfUtils.java:logGet(43)) - raft.server.log.segment.size.max = 1048576 (custom)
2019-09-26 09:21:10,032 [pool-37-thread-1] INFO  server.RaftServerConfigKeys (ConfUtils.java:logGet(43)) - raft.server.log.preallocated.size = 16384 (custom)
2019-09-26 09:21:10,032 [pool-37-thread-1] INFO  server.RaftServerConfigKeys (ConfUtils.java:logGet(43)) - raft.server.log.write.buffer.size = 33554432 (custom)
2019-09-26 09:21:10,032 [pool-37-thread-1] INFO  server.RaftServerConfigKeys (ConfUtils.java:logGet(43)) - raft.server.log.force.sync.num = 128 (default)
2019-09-26 09:21:10,032 [pool-37-thread-1] INFO  server.RaftServerConfigKeys (ConfUtils.java:logGet(43)) - raft.server.log.statemachine.data.sync = true (default)
2019-09-26 09:21:10,032 [pool-37-thread-1] INFO  server.RaftServerConfigKeys (ConfUtils.java:logGet(43)) - raft.server.log.statemachine.data.sync.timeout = 10s (default)
2019-09-26 09:21:10,032 [pool-37-thread-1] INFO  server.RaftServerConfigKeys (ConfUtils.java:logGet(43)) - raft.server.log.statemachine.data.sync.timeout.retry = -1 (default)
2019-09-26 09:21:10,032 [pool-37-thread-1] INFO  server.RaftServerConfigKeys (ConfUtils.java:logGet(43)) - raft.server.log.statemachine.data.caching.enabled = true (custom)
2019-09-26 09:21:10,033 [pool-37-thread-1] INFO  segmented.SegmentedRaftLogWorker (SegmentedRaftLogWorker.java:lambda$new$0(132)) - cdeec377-8f89-4dce-9b26-4d7c58a1953c@group-91BE717C91B0-SegmentedRaftLogWorker: flushIndex: setUnconditionally 0 -> -1
2019-09-26 09:21:10,033 [pool-37-thread-1] INFO  server.RaftServerConfigKeys (ConfUtils.java:logGet(43)) - raft.server.snapshot.auto.trigger.enabled = true (custom)
2019-09-26 09:21:10,033 [pool-37-thread-1] INFO  server.RaftServerConfigKeys (ConfUtils.java:logGet(43)) - raft.server.snapshot.auto.trigger.threshold = 10000 (custom)
2019-09-26 09:21:10,033 [pool-37-thread-1] INFO  server.RaftServerConfigKeys (ConfUtils.java:logGet(43)) - raft.server.snapshot.retention.num.files = 5 (custom)
2019-09-26 09:21:10,033 [pool-37-thread-1] INFO  server.RaftServerConfigKeys (ConfUtils.java:logGet(43)) - raft.server.retrycache.expirytime = 600000ms (custom)
2019-09-26 09:21:10,037 [pool-37-thread-1] INFO  impl.RaftServerImpl (RaftServerImpl.java:start(185)) - cdeec377-8f89-4dce-9b26-4d7c58a1953c@group-91BE717C91B0: start as a follower, conf=-1: [cdeec377-8f89-4dce-9b26-4d7c58a1953c:192.168.30.13:44126], old=null
2019-09-26 09:21:10,037 [pool-37-thread-1] INFO  impl.RaftServerImpl (RaftServerImpl.java:setRole(174)) - cdeec377-8f89-4dce-9b26-4d7c58a1953c@group-91BE717C91B0: changes role from      null to FOLLOWER at term 0 for startAsFollower
2019-09-26 09:21:10,037 [pool-37-thread-1] INFO  impl.RoleInfo (RoleInfo.java:updateAndGet(143)) - cdeec377-8f89-4dce-9b26-4d7c58a1953c: start FollowerState
2019-09-26 09:21:10,037 [pool-37-thread-1] INFO  util.JmxRegister (JmxRegister.java:tryRegister(44)) - Successfully registered JMX Bean with object name Ratis:service=RaftServer,group=group-91BE717C91B0,id=cdeec377-8f89-4dce-9b26-4d7c58a1953c
2019-09-26 09:21:10,049 [RatisPipelineUtilsThread] INFO  pipeline.PipelineStateManager (PipelineStateManager.java:addPipeline(56)) - Created pipeline Pipeline[ Id: bb60b4b0-c3df-46b6-8029-91be717c91b0, Nodes: cdeec377-8f89-4dce-9b26-4d7c58a1953c{ip: 192.168.30.13, host: pr-hdds-1569-wvzgm-824869521, networkLocation: /default-rack, certSerialId: null}, Type:RATIS, Factor:ONE, State:OPEN]
2019-09-26 09:21:10,064 [grpc-default-executor-0] INFO  impl.RaftServerProxy (RaftServerProxy.java:addNew(89)) - 1676f4ef-d876-44ce-9276-238a11cc43f0: addNew group-F7301453D26D:[1676f4ef-d876-44ce-9276-238a11cc43f0:192.168.30.13:35157] returns group-F7301453D26D:java.util.concurrent.CompletableFuture@52d3a226[Not completed]
2019-09-26 09:21:10,069 [pool-117-thread-1] INFO  impl.RaftServerImpl (RaftServerImpl.java:<init>(95)) - 1676f4ef-d876-44ce-9276-238a11cc43f0: new RaftServerImpl for group-F7301453D26D:[1676f4ef-d876-44ce-9276-238a11cc43f0:192.168.30.13:35157] with ContainerStateMachine:uninitialized
2019-09-26 09:21:10,070 [pool-117-thread-1] INFO  server.RaftServerConfigKeys (ConfUtils.java:logGet(43)) - raft.server.rpc.timeout.min = 5s (custom)
2019-09-26 09:21:10,070 [pool-117-thread-1] INFO  server.RaftServerConfigKeys (ConfUtils.java:logGet(43)) - raft.server.rpc.timeout.max = 5200ms (custom)
2019-09-26 09:21:10,070 [pool-117-thread-1] INFO  server.RaftServerConfigKeys (ConfUtils.java:logGet(43)) - raft.server.rpcslowness.timeout = 120s (custom)
2019-09-26 09:21:10,070 [pool-117-thread-1] INFO  server.RaftServerConfigKeys (ConfUtils.java:logGet(43)) - raft.server.sleep.deviation.threshold = 300 (default)
2019-09-26 09:21:10,070 [pool-117-thread-1] INFO  server.RaftServerConfigKeys (ConfUtils.java:logGet(43)) - raft.server.log.appender.install.snapshot.enabled = false (custom)
2019-09-26 09:21:10,071 [pool-117-thread-1] INFO  impl.RaftServerImpl (ServerState.java:<init>(103)) - 1676f4ef-d876-44ce-9276-238a11cc43f0@group-F7301453D26D: ConfigurationManager, init=-1: [1676f4ef-d876-44ce-9276-238a11cc43f0:192.168.30.13:35157], old=null, confs=<EMPTY_MAP>
2019-09-26 09:21:10,071 [pool-117-thread-1] INFO  server.RaftServerConfigKeys (ConfUtils.java:logGet(43)) - raft.server.storage.dir = [/workdir/hadoop-ozone/integration-test/target/test-dir/MiniOzoneClusterImpl-078ea463-30a6-4c8a-a8ff-41db0515e22e/datanode-9/data/ratis] (custom)
2019-09-26 09:21:10,071 [pool-117-thread-1] INFO  storage.RaftStorageDirectory (RaftStorageDirectory.java:analyzeStorage(246)) - The storage directory /workdir/hadoop-ozone/integration-test/target/test-dir/MiniOzoneClusterImpl-078ea463-30a6-4c8a-a8ff-41db0515e22e/datanode-9/data/ratis/db3c44f5-1bf1-4283-996e-f7301453d26d does not exist. Creating ...
2019-09-26 09:21:10,084 [pool-117-thread-1] INFO  storage.RaftStorageDirectory (RaftStorageDirectory.java:tryLock(328)) - Lock on /workdir/hadoop-ozone/integration-test/target/test-dir/MiniOzoneClusterImpl-078ea463-30a6-4c8a-a8ff-41db0515e22e/datanode-9/data/ratis/db3c44f5-1bf1-4283-996e-f7301453d26d/in_use.lock acquired by nodename 11214@pr-hdds-1569-wvzgm-824869521
2019-09-26 09:21:10,098 [pool-117-thread-1] INFO  storage.RaftStorage (RaftStorage.java:format(72)) - Storage directory /workdir/hadoop-ozone/integration-test/target/test-dir/MiniOzoneClusterImpl-078ea463-30a6-4c8a-a8ff-41db0515e22e/datanode-9/data/ratis/db3c44f5-1bf1-4283-996e-f7301453d26d has been successfully formatted.
2019-09-26 09:21:10,098 [pool-117-thread-1] INFO  ratis.ContainerStateMachine (ContainerStateMachine.java:loadSnapshot(230)) - group-F7301453D26D: The snapshot info is null. Setting the last applied indexto:(t:0, i:~)
2019-09-26 09:21:10,098 [pool-117-thread-1] INFO  server.RaftServerConfigKeys (ConfUtils.java:logGet(43)) - raft.server.notification.no-leader.timeout = 120s (custom)
2019-09-26 09:21:10,098 [pool-117-thread-1] INFO  server.RaftServerConfigKeys (ConfUtils.java:logGet(43)) - raft.server.log.use.memory = false (default)
2019-09-26 09:21:10,099 [pool-117-thread-1] INFO  server.RaftServerConfigKeys (ConfUtils.java:logGet(43)) - raft.server.log.purge.gap = 1000000 (custom)
2019-09-26 09:21:10,099 [pool-117-thread-1] INFO  server.RaftServerConfigKeys (ConfUtils.java:logGet(43)) - raft.server.log.appender.buffer.byte-limit = 33554432 (custom)
2019-09-26 09:21:10,099 [pool-117-thread-1] INFO  server.RaftServerConfigKeys (ConfUtils.java:logGet(43)) - raft.server.log.segment.size.max = 1048576 (custom)
2019-09-26 09:21:10,099 [pool-117-thread-1] INFO  server.RaftServerConfigKeys (ConfUtils.java:logGet(43)) - raft.server.log.segment.cache.num.max = 2 (custom)
2019-09-26 09:21:10,099 [pool-117-thread-1] INFO  segmented.SegmentedRaftLogWorker (SegmentedRaftLogWorker.java:<init>(172)) - new 1676f4ef-d876-44ce-9276-238a11cc43f0@group-F7301453D26D-SegmentedRaftLogWorker for RaftStorage:Storage Directory /workdir/hadoop-ozone/integration-test/target/test-dir/MiniOzoneClusterImpl-078ea463-30a6-4c8a-a8ff-41db0515e22e/datanode-9/data/ratis/db3c44f5-1bf1-4283-996e-f7301453d26d
2019-09-26 09:21:10,103 [pool-117-thread-1] INFO  server.RaftServerConfigKeys (ConfUtils.java:logGet(43)) - raft.server.log.queue.byte-limit = 2147483647 (custom)
2019-09-26 09:21:10,103 [pool-117-thread-1] INFO  server.RaftServerConfigKeys (ConfUtils.java:logGet(43)) - raft.server.log.queue.element-limit = 1024 (custom)
2019-09-26 09:21:10,104 [pool-117-thread-1] INFO  server.RaftServerConfigKeys (ConfUtils.java:logGet(43)) - raft.server.log.segment.size.max = 1048576 (custom)
2019-09-26 09:21:10,104 [pool-117-thread-1] INFO  server.RaftServerConfigKeys (ConfUtils.java:logGet(43)) - raft.server.log.preallocated.size = 16384 (custom)
2019-09-26 09:21:10,104 [pool-117-thread-1] INFO  server.RaftServerConfigKeys (ConfUtils.java:logGet(43)) - raft.server.log.write.buffer.size = 33554432 (custom)
2019-09-26 09:21:10,104 [pool-117-thread-1] INFO  server.RaftServerConfigKeys (ConfUtils.java:logGet(43)) - raft.server.log.force.sync.num = 128 (default)
2019-09-26 09:21:10,104 [pool-117-thread-1] INFO  server.RaftServerConfigKeys (ConfUtils.java:logGet(43)) - raft.server.log.statemachine.data.sync = true (default)
2019-09-26 09:21:10,104 [pool-117-thread-1] INFO  server.RaftServerConfigKeys (ConfUtils.java:logGet(43)) - raft.server.log.statemachine.data.sync.timeout = 10s (default)
2019-09-26 09:21:10,105 [pool-117-thread-1] INFO  server.RaftServerConfigKeys (ConfUtils.java:logGet(43)) - raft.server.log.statemachine.data.sync.timeout.retry = -1 (default)
2019-09-26 09:21:10,105 [pool-117-thread-1] INFO  server.RaftServerConfigKeys (ConfUtils.java:logGet(43)) - raft.server.log.statemachine.data.caching.enabled = true (custom)
2019-09-26 09:21:10,105 [pool-117-thread-1] INFO  segmented.SegmentedRaftLogWorker (SegmentedRaftLogWorker.java:lambda$new$0(132)) - 1676f4ef-d876-44ce-9276-238a11cc43f0@group-F7301453D26D-SegmentedRaftLogWorker: flushIndex: setUnconditionally 0 -> -1
2019-09-26 09:21:10,106 [pool-117-thread-1] INFO  server.RaftServerConfigKeys (ConfUtils.java:logGet(43)) - raft.server.snapshot.auto.trigger.enabled = true (custom)
2019-09-26 09:21:10,106 [pool-117-thread-1] INFO  server.RaftServerConfigKeys (ConfUtils.java:logGet(43)) - raft.server.snapshot.auto.trigger.threshold = 10000 (custom)
2019-09-26 09:21:10,106 [pool-117-thread-1] INFO  server.RaftServerConfigKeys (ConfUtils.java:logGet(43)) - raft.server.snapshot.retention.num.files = 5 (custom)
2019-09-26 09:21:10,107 [pool-117-thread-1] INFO  server.RaftServerConfigKeys (ConfUtils.java:logGet(43)) - raft.server.retrycache.expirytime = 600000ms (custom)
2019-09-26 09:21:10,110 [pool-117-thread-1] INFO  impl.RaftServerImpl (RaftServerImpl.java:start(185)) - 1676f4ef-d876-44ce-9276-238a11cc43f0@group-F7301453D26D: start as a follower, conf=-1: [1676f4ef-d876-44ce-9276-238a11cc43f0:192.168.30.13:35157], old=null
2019-09-26 09:21:10,110 [pool-117-thread-1] INFO  impl.RaftServerImpl (RaftServerImpl.java:setRole(174)) - 1676f4ef-d876-44ce-9276-238a11cc43f0@group-F7301453D26D: changes role from      null to FOLLOWER at term 0 for startAsFollower
2019-09-26 09:21:10,110 [pool-117-thread-1] INFO  impl.RoleInfo (RoleInfo.java:updateAndGet(143)) - 1676f4ef-d876-44ce-9276-238a11cc43f0: start FollowerState
2019-09-26 09:21:10,110 [pool-117-thread-1] INFO  util.JmxRegister (JmxRegister.java:tryRegister(44)) - Successfully registered JMX Bean with object name Ratis:service=RaftServer,group=group-F7301453D26D,id=1676f4ef-d876-44ce-9276-238a11cc43f0
2019-09-26 09:21:10,123 [RatisPipelineUtilsThread] INFO  pipeline.PipelineStateManager (PipelineStateManager.java:addPipeline(56)) - Created pipeline Pipeline[ Id: db3c44f5-1bf1-4283-996e-f7301453d26d, Nodes: 1676f4ef-d876-44ce-9276-238a11cc43f0{ip: 192.168.30.13, host: pr-hdds-1569-wvzgm-824869521, networkLocation: /default-rack, certSerialId: null}, Type:RATIS, Factor:ONE, State:OPEN]
2019-09-26 09:21:10,138 [grpc-default-executor-0] INFO  impl.RaftServerProxy (RaftServerProxy.java:addNew(89)) - 9ce5e10e-717d-4ed3-be0e-b6018052c3d2: addNew group-B47B8FA9679F:[9ce5e10e-717d-4ed3-be0e-b6018052c3d2:192.168.30.13:37649] returns group-B47B8FA9679F:java.util.concurrent.CompletableFuture@4d6d9f3a[Not completed]
2019-09-26 09:21:10,143 [pool-67-thread-1] INFO  impl.RaftServerImpl (RaftServerImpl.java:<init>(95)) - 9ce5e10e-717d-4ed3-be0e-b6018052c3d2: new RaftServerImpl for group-B47B8FA9679F:[9ce5e10e-717d-4ed3-be0e-b6018052c3d2:192.168.30.13:37649] with ContainerStateMachine:uninitialized
2019-09-26 09:21:10,144 [pool-67-thread-1] INFO  server.RaftServerConfigKeys (ConfUtils.java:logGet(43)) - raft.server.rpc.timeout.min = 5s (custom)
2019-09-26 09:21:10,144 [pool-67-thread-1] INFO  server.RaftServerConfigKeys (ConfUtils.java:logGet(43)) - raft.server.rpc.timeout.max = 5200ms (custom)
2019-09-26 09:21:10,144 [pool-67-thread-1] INFO  server.RaftServerConfigKeys (ConfUtils.java:logGet(43)) - raft.server.rpcslowness.timeout = 120s (custom)
2019-09-26 09:21:10,144 [pool-67-thread-1] INFO  server.RaftServerConfigKeys (ConfUtils.java:logGet(43)) - raft.server.sleep.deviation.threshold = 300 (default)
2019-09-26 09:21:10,145 [pool-67-thread-1] INFO  server.RaftServerConfigKeys (ConfUtils.java:logGet(43)) - raft.server.log.appender.install.snapshot.enabled = false (custom)
2019-09-26 09:21:10,145 [pool-67-thread-1] INFO  impl.RaftServerImpl (ServerState.java:<init>(103)) - 9ce5e10e-717d-4ed3-be0e-b6018052c3d2@group-B47B8FA9679F: ConfigurationManager, init=-1: [9ce5e10e-717d-4ed3-be0e-b6018052c3d2:192.168.30.13:37649], old=null, confs=<EMPTY_MAP>
2019-09-26 09:21:10,145 [pool-67-thread-1] INFO  server.RaftServerConfigKeys (ConfUtils.java:logGet(43)) - raft.server.storage.dir = [/workdir/hadoop-ozone/integration-test/target/test-dir/MiniOzoneClusterImpl-078ea463-30a6-4c8a-a8ff-41db0515e22e/datanode-4/data/ratis] (custom)
2019-09-26 09:21:10,146 [pool-67-thread-1] INFO  storage.RaftStorageDirectory (RaftStorageDirectory.java:analyzeStorage(246)) - The storage directory /workdir/hadoop-ozone/integration-test/target/test-dir/MiniOzoneClusterImpl-078ea463-30a6-4c8a-a8ff-41db0515e22e/datanode-4/data/ratis/02b47388-7d03-477c-95e2-b47b8fa9679f does not exist. Creating ...
2019-09-26 09:21:10,368 [main] INFO  ozone.MiniOzoneClusterImpl (MiniOzoneClusterImpl.java:lambda$waitForClusterToBeReady$0(147)) - Cluster is ready. Got 10 of 10 DN Heartbeats.
2019-09-26 09:21:10,482 [pool-67-thread-1] INFO  storage.RaftStorageDirectory (RaftStorageDirectory.java:tryLock(328)) - Lock on /workdir/hadoop-ozone/integration-test/target/test-dir/MiniOzoneClusterImpl-078ea463-30a6-4c8a-a8ff-41db0515e22e/datanode-4/data/ratis/02b47388-7d03-477c-95e2-b47b8fa9679f/in_use.lock acquired by nodename 11214@pr-hdds-1569-wvzgm-824869521
2019-09-26 09:21:10,494 [pool-67-thread-1] INFO  storage.RaftStorage (RaftStorage.java:format(72)) - Storage directory /workdir/hadoop-ozone/integration-test/target/test-dir/MiniOzoneClusterImpl-078ea463-30a6-4c8a-a8ff-41db0515e22e/datanode-4/data/ratis/02b47388-7d03-477c-95e2-b47b8fa9679f has been successfully formatted.
2019-09-26 09:21:10,494 [pool-67-thread-1] INFO  ratis.ContainerStateMachine (ContainerStateMachine.java:loadSnapshot(230)) - group-B47B8FA9679F: The snapshot info is null. Setting the last applied indexto:(t:0, i:~)
2019-09-26 09:21:10,495 [pool-67-thread-1] INFO  server.RaftServerConfigKeys (ConfUtils.java:logGet(43)) - raft.server.notification.no-leader.timeout = 120s (custom)
2019-09-26 09:21:10,495 [pool-67-thread-1] INFO  server.RaftServerConfigKeys (ConfUtils.java:logGet(43)) - raft.server.log.use.memory = false (default)
2019-09-26 09:21:10,495 [pool-67-thread-1] INFO  server.RaftServerConfigKeys (ConfUtils.java:logGet(43)) - raft.server.log.purge.gap = 1000000 (custom)
2019-09-26 09:21:10,495 [pool-67-thread-1] INFO  server.RaftServerConfigKeys (ConfUtils.java:logGet(43)) - raft.server.log.appender.buffer.byte-limit = 33554432 (custom)
2019-09-26 09:21:10,495 [pool-67-thread-1] INFO  server.RaftServerConfigKeys (ConfUtils.java:logGet(43)) - raft.server.log.segment.size.max = 1048576 (custom)
2019-09-26 09:21:10,496 [pool-67-thread-1] INFO  server.RaftServerConfigKeys (ConfUtils.java:logGet(43)) - raft.server.log.segment.cache.num.max = 2 (custom)
2019-09-26 09:21:10,496 [pool-67-thread-1] INFO  segmented.SegmentedRaftLogWorker (SegmentedRaftLogWorker.java:<init>(172)) - new 9ce5e10e-717d-4ed3-be0e-b6018052c3d2@group-B47B8FA9679F-SegmentedRaftLogWorker for RaftStorage:Storage Directory /workdir/hadoop-ozone/integration-test/target/test-dir/MiniOzoneClusterImpl-078ea463-30a6-4c8a-a8ff-41db0515e22e/datanode-4/data/ratis/02b47388-7d03-477c-95e2-b47b8fa9679f
2019-09-26 09:21:10,500 [pool-67-thread-1] INFO  server.RaftServerConfigKeys (ConfUtils.java:logGet(43)) - raft.server.log.queue.byte-limit = 2147483647 (custom)
2019-09-26 09:21:10,500 [pool-67-thread-1] INFO  server.RaftServerConfigKeys (ConfUtils.java:logGet(43)) - raft.server.log.queue.element-limit = 1024 (custom)
2019-09-26 09:21:10,500 [pool-67-thread-1] INFO  server.RaftServerConfigKeys (ConfUtils.java:logGet(43)) - raft.server.log.segment.size.max = 1048576 (custom)
2019-09-26 09:21:10,501 [pool-67-thread-1] INFO  server.RaftServerConfigKeys (ConfUtils.java:logGet(43)) - raft.server.log.preallocated.size = 16384 (custom)
2019-09-26 09:21:10,501 [pool-67-thread-1] INFO  server.RaftServerConfigKeys (ConfUtils.java:logGet(43)) - raft.server.log.write.buffer.size = 33554432 (custom)
2019-09-26 09:21:10,501 [pool-67-thread-1] INFO  server.RaftServerConfigKeys (ConfUtils.java:logGet(43)) - raft.server.log.force.sync.num = 128 (default)
2019-09-26 09:21:10,501 [pool-67-thread-1] INFO  server.RaftServerConfigKeys (ConfUtils.java:logGet(43)) - raft.server.log.statemachine.data.sync = true (default)
2019-09-26 09:21:10,501 [pool-67-thread-1] INFO  server.RaftServerConfigKeys (ConfUtils.java:logGet(43)) - raft.server.log.statemachine.data.sync.timeout = 10s (default)
2019-09-26 09:21:10,501 [pool-67-thread-1] INFO  server.RaftServerConfigKeys (ConfUtils.java:logGet(43)) - raft.server.log.statemachine.data.sync.timeout.retry = -1 (default)
2019-09-26 09:21:10,502 [pool-67-thread-1] INFO  server.RaftServerConfigKeys (ConfUtils.java:logGet(43)) - raft.server.log.statemachine.data.caching.enabled = true (custom)
2019-09-26 09:21:10,502 [pool-67-thread-1] INFO  segmented.SegmentedRaftLogWorker (SegmentedRaftLogWorker.java:lambda$new$0(132)) - 9ce5e10e-717d-4ed3-be0e-b6018052c3d2@group-B47B8FA9679F-SegmentedRaftLogWorker: flushIndex: setUnconditionally 0 -> -1
2019-09-26 09:21:10,503 [pool-67-thread-1] INFO  server.RaftServerConfigKeys (ConfUtils.java:logGet(43)) - raft.server.snapshot.auto.trigger.enabled = true (custom)
2019-09-26 09:21:10,503 [pool-67-thread-1] INFO  server.RaftServerConfigKeys (ConfUtils.java:logGet(43)) - raft.server.snapshot.auto.trigger.threshold = 10000 (custom)
2019-09-26 09:21:10,503 [pool-67-thread-1] INFO  server.RaftServerConfigKeys (ConfUtils.java:logGet(43)) - raft.server.snapshot.retention.num.files = 5 (custom)
2019-09-26 09:21:10,503 [pool-67-thread-1] INFO  server.RaftServerConfigKeys (ConfUtils.java:logGet(43)) - raft.server.retrycache.expirytime = 600000ms (custom)
2019-09-26 09:21:10,507 [pool-67-thread-1] INFO  impl.RaftServerImpl (RaftServerImpl.java:start(185)) - 9ce5e10e-717d-4ed3-be0e-b6018052c3d2@group-B47B8FA9679F: start as a follower, conf=-1: [9ce5e10e-717d-4ed3-be0e-b6018052c3d2:192.168.30.13:37649], old=null
2019-09-26 09:21:10,507 [pool-67-thread-1] INFO  impl.RaftServerImpl (RaftServerImpl.java:setRole(174)) - 9ce5e10e-717d-4ed3-be0e-b6018052c3d2@group-B47B8FA9679F: changes role from      null to FOLLOWER at term 0 for startAsFollower
2019-09-26 09:21:10,507 [pool-67-thread-1] INFO  impl.RoleInfo (RoleInfo.java:updateAndGet(143)) - 9ce5e10e-717d-4ed3-be0e-b6018052c3d2: start FollowerState
2019-09-26 09:21:10,508 [pool-67-thread-1] INFO  util.JmxRegister (JmxRegister.java:tryRegister(44)) - Successfully registered JMX Bean with object name Ratis:service=RaftServer,group=group-B47B8FA9679F,id=9ce5e10e-717d-4ed3-be0e-b6018052c3d2
2019-09-26 09:21:10,536 [RatisPipelineUtilsThread] INFO  pipeline.PipelineStateManager (PipelineStateManager.java:addPipeline(56)) - Created pipeline Pipeline[ Id: 02b47388-7d03-477c-95e2-b47b8fa9679f, Nodes: 9ce5e10e-717d-4ed3-be0e-b6018052c3d2{ip: 192.168.30.13, host: pr-hdds-1569-wvzgm-824869521, networkLocation: /default-rack, certSerialId: null}, Type:RATIS, Factor:ONE, State:OPEN]
2019-09-26 09:21:10,626 [grpc-default-executor-0] INFO  impl.RaftServerProxy (RaftServerProxy.java:addNew(89)) - 5979e283-d20e-4620-920d-03c0cf6ae99c: addNew group-A086D9588F76:[5979e283-d20e-4620-920d-03c0cf6ae99c:192.168.30.13:39443] returns group-A086D9588F76:java.util.concurrent.CompletableFuture@1eed571f[Not completed]
2019-09-26 09:21:10,675 [pool-87-thread-1] INFO  impl.RaftServerImpl (RaftServerImpl.java:<init>(95)) - 5979e283-d20e-4620-920d-03c0cf6ae99c: new RaftServerImpl for group-A086D9588F76:[5979e283-d20e-4620-920d-03c0cf6ae99c:192.168.30.13:39443] with ContainerStateMachine:uninitialized
2019-09-26 09:21:10,675 [pool-87-thread-1] INFO  server.RaftServerConfigKeys (ConfUtils.java:logGet(43)) - raft.server.rpc.timeout.min = 5s (custom)
2019-09-26 09:21:10,675 [pool-87-thread-1] INFO  server.RaftServerConfigKeys (ConfUtils.java:logGet(43)) - raft.server.rpc.timeout.max = 5200ms (custom)
2019-09-26 09:21:10,676 [pool-87-thread-1] INFO  server.RaftServerConfigKeys (ConfUtils.java:logGet(43)) - raft.server.rpcslowness.timeout = 120s (custom)
2019-09-26 09:21:10,676 [pool-87-thread-1] INFO  server.RaftServerConfigKeys (ConfUtils.java:logGet(43)) - raft.server.sleep.deviation.threshold = 300 (default)
2019-09-26 09:21:10,676 [pool-87-thread-1] INFO  server.RaftServerConfigKeys (ConfUtils.java:logGet(43)) - raft.server.log.appender.install.snapshot.enabled = false (custom)
2019-09-26 09:21:10,676 [pool-87-thread-1] INFO  impl.RaftServerImpl (ServerState.java:<init>(103)) - 5979e283-d20e-4620-920d-03c0cf6ae99c@group-A086D9588F76: ConfigurationManager, init=-1: [5979e283-d20e-4620-920d-03c0cf6ae99c:192.168.30.13:39443], old=null, confs=<EMPTY_MAP>
2019-09-26 09:21:10,676 [pool-87-thread-1] INFO  server.RaftServerConfigKeys (ConfUtils.java:logGet(43)) - raft.server.storage.dir = [/workdir/hadoop-ozone/integration-test/target/test-dir/MiniOzoneClusterImpl-078ea463-30a6-4c8a-a8ff-41db0515e22e/datanode-6/data/ratis] (custom)
2019-09-26 09:21:10,676 [pool-87-thread-1] INFO  storage.RaftStorageDirectory (RaftStorageDirectory.java:analyzeStorage(246)) - The storage directory /workdir/hadoop-ozone/integration-test/target/test-dir/MiniOzoneClusterImpl-078ea463-30a6-4c8a-a8ff-41db0515e22e/datanode-6/data/ratis/74fe80a9-1f6c-4918-b64c-a086d9588f76 does not exist. Creating ...
2019-09-26 09:21:10,690 [pool-87-thread-1] INFO  storage.RaftStorageDirectory (RaftStorageDirectory.java:tryLock(328)) - Lock on /workdir/hadoop-ozone/integration-test/target/test-dir/MiniOzoneClusterImpl-078ea463-30a6-4c8a-a8ff-41db0515e22e/datanode-6/data/ratis/74fe80a9-1f6c-4918-b64c-a086d9588f76/in_use.lock acquired by nodename 11214@pr-hdds-1569-wvzgm-824869521
2019-09-26 09:21:10,711 [pool-87-thread-1] INFO  storage.RaftStorage (RaftStorage.java:format(72)) - Storage directory /workdir/hadoop-ozone/integration-test/target/test-dir/MiniOzoneClusterImpl-078ea463-30a6-4c8a-a8ff-41db0515e22e/datanode-6/data/ratis/74fe80a9-1f6c-4918-b64c-a086d9588f76 has been successfully formatted.
2019-09-26 09:21:10,711 [pool-87-thread-1] INFO  ratis.ContainerStateMachine (ContainerStateMachine.java:loadSnapshot(230)) - group-A086D9588F76: The snapshot info is null. Setting the last applied indexto:(t:0, i:~)
2019-09-26 09:21:10,711 [pool-87-thread-1] INFO  server.RaftServerConfigKeys (ConfUtils.java:logGet(43)) - raft.server.notification.no-leader.timeout = 120s (custom)
2019-09-26 09:21:10,712 [pool-87-thread-1] INFO  server.RaftServerConfigKeys (ConfUtils.java:logGet(43)) - raft.server.log.use.memory = false (default)
2019-09-26 09:21:10,712 [pool-87-thread-1] INFO  server.RaftServerConfigKeys (ConfUtils.java:logGet(43)) - raft.server.log.purge.gap = 1000000 (custom)
2019-09-26 09:21:10,712 [pool-87-thread-1] INFO  server.RaftServerConfigKeys (ConfUtils.java:logGet(43)) - raft.server.log.appender.buffer.byte-limit = 33554432 (custom)
2019-09-26 09:21:10,712 [pool-87-thread-1] INFO  server.RaftServerConfigKeys (ConfUtils.java:logGet(43)) - raft.server.log.segment.size.max = 1048576 (custom)
2019-09-26 09:21:10,712 [pool-87-thread-1] INFO  server.RaftServerConfigKeys (ConfUtils.java:logGet(43)) - raft.server.log.segment.cache.num.max = 2 (custom)
2019-09-26 09:21:10,712 [pool-87-thread-1] INFO  segmented.SegmentedRaftLogWorker (SegmentedRaftLogWorker.java:<init>(172)) - new 5979e283-d20e-4620-920d-03c0cf6ae99c@group-A086D9588F76-SegmentedRaftLogWorker for RaftStorage:Storage Directory /workdir/hadoop-ozone/integration-test/target/test-dir/MiniOzoneClusterImpl-078ea463-30a6-4c8a-a8ff-41db0515e22e/datanode-6/data/ratis/74fe80a9-1f6c-4918-b64c-a086d9588f76
2019-09-26 09:21:10,713 [pool-87-thread-1] INFO  server.RaftServerConfigKeys (ConfUtils.java:logGet(43)) - raft.server.log.queue.byte-limit = 2147483647 (custom)
2019-09-26 09:21:10,713 [pool-87-thread-1] INFO  server.RaftServerConfigKeys (ConfUtils.java:logGet(43)) - raft.server.log.queue.element-limit = 1024 (custom)
2019-09-26 09:21:10,713 [pool-87-thread-1] INFO  server.RaftServerConfigKeys (ConfUtils.java:logGet(43)) - raft.server.log.segment.size.max = 1048576 (custom)
2019-09-26 09:21:10,713 [pool-87-thread-1] INFO  server.RaftServerConfigKeys (ConfUtils.java:logGet(43)) - raft.server.log.preallocated.size = 16384 (custom)
2019-09-26 09:21:10,713 [pool-87-thread-1] INFO  server.RaftServerConfigKeys (ConfUtils.java:logGet(43)) - raft.server.log.write.buffer.size = 33554432 (custom)
2019-09-26 09:21:10,713 [pool-87-thread-1] INFO  server.RaftServerConfigKeys (ConfUtils.java:logGet(43)) - raft.server.log.force.sync.num = 128 (default)
2019-09-26 09:21:10,714 [pool-87-thread-1] INFO  server.RaftServerConfigKeys (ConfUtils.java:logGet(43)) - raft.server.log.statemachine.data.sync = true (default)
2019-09-26 09:21:10,714 [pool-87-thread-1] INFO  server.RaftServerConfigKeys (ConfUtils.java:logGet(43)) - raft.server.log.statemachine.data.sync.timeout = 10s (default)
2019-09-26 09:21:10,714 [pool-87-thread-1] INFO  server.RaftServerConfigKeys (ConfUtils.java:logGet(43)) - raft.server.log.statemachine.data.sync.timeout.retry = -1 (default)
2019-09-26 09:21:10,714 [pool-87-thread-1] INFO  server.RaftServerConfigKeys (ConfUtils.java:logGet(43)) - raft.server.log.statemachine.data.caching.enabled = true (custom)
2019-09-26 09:21:10,715 [pool-87-thread-1] INFO  segmented.SegmentedRaftLogWorker (SegmentedRaftLogWorker.java:lambda$new$0(132)) - 5979e283-d20e-4620-920d-03c0cf6ae99c@group-A086D9588F76-SegmentedRaftLogWorker: flushIndex: setUnconditionally 0 -> -1
2019-09-26 09:21:10,715 [pool-87-thread-1] INFO  server.RaftServerConfigKeys (ConfUtils.java:logGet(43)) - raft.server.snapshot.auto.trigger.enabled = true (custom)
2019-09-26 09:21:10,715 [pool-87-thread-1] INFO  server.RaftServerConfigKeys (ConfUtils.java:logGet(43)) - raft.server.snapshot.auto.trigger.threshold = 10000 (custom)
2019-09-26 09:21:10,715 [pool-87-thread-1] INFO  server.RaftServerConfigKeys (ConfUtils.java:logGet(43)) - raft.server.snapshot.retention.num.files = 5 (custom)
2019-09-26 09:21:10,715 [pool-87-thread-1] INFO  server.RaftServerConfigKeys (ConfUtils.java:logGet(43)) - raft.server.retrycache.expirytime = 600000ms (custom)
2019-09-26 09:21:10,718 [pool-87-thread-1] INFO  impl.RaftServerImpl (RaftServerImpl.java:start(185)) - 5979e283-d20e-4620-920d-03c0cf6ae99c@group-A086D9588F76: start as a follower, conf=-1: [5979e283-d20e-4620-920d-03c0cf6ae99c:192.168.30.13:39443], old=null
2019-09-26 09:21:10,718 [pool-87-thread-1] INFO  impl.RaftServerImpl (RaftServerImpl.java:setRole(174)) - 5979e283-d20e-4620-920d-03c0cf6ae99c@group-A086D9588F76: changes role from      null to FOLLOWER at term 0 for startAsFollower
2019-09-26 09:21:10,719 [pool-87-thread-1] INFO  impl.RoleInfo (RoleInfo.java:updateAndGet(143)) - 5979e283-d20e-4620-920d-03c0cf6ae99c: start FollowerState
2019-09-26 09:21:10,719 [pool-87-thread-1] INFO  util.JmxRegister (JmxRegister.java:tryRegister(44)) - Successfully registered JMX Bean with object name Ratis:service=RaftServer,group=group-A086D9588F76,id=5979e283-d20e-4620-920d-03c0cf6ae99c
2019-09-26 09:21:10,735 [RatisPipelineUtilsThread] INFO  pipeline.PipelineStateManager (PipelineStateManager.java:addPipeline(56)) - Created pipeline Pipeline[ Id: 74fe80a9-1f6c-4918-b64c-a086d9588f76, Nodes: 5979e283-d20e-4620-920d-03c0cf6ae99c{ip: 192.168.30.13, host: pr-hdds-1569-wvzgm-824869521, networkLocation: /default-rack, certSerialId: null}, Type:RATIS, Factor:ONE, State:OPEN]
2019-09-26 09:21:10,758 [grpc-default-executor-0] INFO  impl.RaftServerProxy (RaftServerProxy.java:addNew(89)) - 1676f4ef-d876-44ce-9276-238a11cc43f0: addNew group-1B5C219959B2:[1676f4ef-d876-44ce-9276-238a11cc43f0:192.168.30.13:35157] returns group-1B5C219959B2:java.util.concurrent.CompletableFuture@188da4b1[Not completed]
2019-09-26 09:21:10,759 [pool-117-thread-1] INFO  impl.RaftServerImpl (RaftServerImpl.java:<init>(95)) - 1676f4ef-d876-44ce-9276-238a11cc43f0: new RaftServerImpl for group-1B5C219959B2:[1676f4ef-d876-44ce-9276-238a11cc43f0:192.168.30.13:35157] with ContainerStateMachine:uninitialized
2019-09-26 09:21:10,759 [pool-117-thread-1] INFO  server.RaftServerConfigKeys (ConfUtils.java:logGet(43)) - raft.server.rpc.timeout.min = 5s (custom)
2019-09-26 09:21:10,759 [pool-117-thread-1] INFO  server.RaftServerConfigKeys (ConfUtils.java:logGet(43)) - raft.server.rpc.timeout.max = 5200ms (custom)
2019-09-26 09:21:10,759 [pool-117-thread-1] INFO  server.RaftServerConfigKeys (ConfUtils.java:logGet(43)) - raft.server.rpcslowness.timeout = 120s (custom)
2019-09-26 09:21:10,759 [pool-117-thread-1] INFO  server.RaftServerConfigKeys (ConfUtils.java:logGet(43)) - raft.server.sleep.deviation.threshold = 300 (default)
2019-09-26 09:21:10,759 [pool-117-thread-1] INFO  server.RaftServerConfigKeys (ConfUtils.java:logGet(43)) - raft.server.log.appender.install.snapshot.enabled = false (custom)
2019-09-26 09:21:10,760 [pool-117-thread-1] INFO  impl.RaftServerImpl (ServerState.java:<init>(103)) - 1676f4ef-d876-44ce-9276-238a11cc43f0@group-1B5C219959B2: ConfigurationManager, init=-1: [1676f4ef-d876-44ce-9276-238a11cc43f0:192.168.30.13:35157], old=null, confs=<EMPTY_MAP>
2019-09-26 09:21:10,760 [pool-117-thread-1] INFO  server.RaftServerConfigKeys (ConfUtils.java:logGet(43)) - raft.server.storage.dir = [/workdir/hadoop-ozone/integration-test/target/test-dir/MiniOzoneClusterImpl-078ea463-30a6-4c8a-a8ff-41db0515e22e/datanode-9/data/ratis] (custom)
2019-09-26 09:21:10,760 [pool-117-thread-1] INFO  storage.RaftStorageDirectory (RaftStorageDirectory.java:analyzeStorage(246)) - The storage directory /workdir/hadoop-ozone/integration-test/target/test-dir/MiniOzoneClusterImpl-078ea463-30a6-4c8a-a8ff-41db0515e22e/datanode-9/data/ratis/ae14a88d-b058-4dac-8354-1b5c219959b2 does not exist. Creating ...
2019-09-26 09:21:10,787 [pool-117-thread-1] INFO  storage.RaftStorageDirectory (RaftStorageDirectory.java:tryLock(328)) - Lock on /workdir/hadoop-ozone/integration-test/target/test-dir/MiniOzoneClusterImpl-078ea463-30a6-4c8a-a8ff-41db0515e22e/datanode-9/data/ratis/ae14a88d-b058-4dac-8354-1b5c219959b2/in_use.lock acquired by nodename 11214@pr-hdds-1569-wvzgm-824869521
2019-09-26 09:21:10,804 [pool-117-thread-1] INFO  storage.RaftStorage (RaftStorage.java:format(72)) - Storage directory /workdir/hadoop-ozone/integration-test/target/test-dir/MiniOzoneClusterImpl-078ea463-30a6-4c8a-a8ff-41db0515e22e/datanode-9/data/ratis/ae14a88d-b058-4dac-8354-1b5c219959b2 has been successfully formatted.
2019-09-26 09:21:10,805 [pool-117-thread-1] INFO  ratis.ContainerStateMachine (ContainerStateMachine.java:loadSnapshot(230)) - group-1B5C219959B2: The snapshot info is null. Setting the last applied indexto:(t:0, i:~)
2019-09-26 09:21:10,805 [pool-117-thread-1] INFO  server.RaftServerConfigKeys (ConfUtils.java:logGet(43)) - raft.server.notification.no-leader.timeout = 120s (custom)
2019-09-26 09:21:10,805 [pool-117-thread-1] INFO  server.RaftServerConfigKeys (ConfUtils.java:logGet(43)) - raft.server.log.use.memory = false (default)
2019-09-26 09:21:10,805 [pool-117-thread-1] INFO  server.RaftServerConfigKeys (ConfUtils.java:logGet(43)) - raft.server.log.purge.gap = 1000000 (custom)
2019-09-26 09:21:10,805 [pool-117-thread-1] INFO  server.RaftServerConfigKeys (ConfUtils.java:logGet(43)) - raft.server.log.appender.buffer.byte-limit = 33554432 (custom)
2019-09-26 09:21:10,806 [pool-117-thread-1] INFO  server.RaftServerConfigKeys (ConfUtils.java:logGet(43)) - raft.server.log.segment.size.max = 1048576 (custom)
2019-09-26 09:21:10,806 [pool-117-thread-1] INFO  server.RaftServerConfigKeys (ConfUtils.java:logGet(43)) - raft.server.log.segment.cache.num.max = 2 (custom)
2019-09-26 09:21:10,806 [pool-117-thread-1] INFO  segmented.SegmentedRaftLogWorker (SegmentedRaftLogWorker.java:<init>(172)) - new 1676f4ef-d876-44ce-9276-238a11cc43f0@group-1B5C219959B2-SegmentedRaftLogWorker for RaftStorage:Storage Directory /workdir/hadoop-ozone/integration-test/target/test-dir/MiniOzoneClusterImpl-078ea463-30a6-4c8a-a8ff-41db0515e22e/datanode-9/data/ratis/ae14a88d-b058-4dac-8354-1b5c219959b2
2019-09-26 09:21:10,806 [pool-117-thread-1] INFO  server.RaftServerConfigKeys (ConfUtils.java:logGet(43)) - raft.server.log.queue.byte-limit = 2147483647 (custom)
2019-09-26 09:21:10,806 [pool-117-thread-1] INFO  server.RaftServerConfigKeys (ConfUtils.java:logGet(43)) - raft.server.log.queue.element-limit = 1024 (custom)
2019-09-26 09:21:10,806 [pool-117-thread-1] INFO  server.RaftServerConfigKeys (ConfUtils.java:logGet(43)) - raft.server.log.segment.size.max = 1048576 (custom)
2019-09-26 09:21:10,807 [pool-117-thread-1] INFO  server.RaftServerConfigKeys (ConfUtils.java:logGet(43)) - raft.server.log.preallocated.size = 16384 (custom)
2019-09-26 09:21:10,807 [pool-117-thread-1] INFO  server.RaftServerConfigKeys (ConfUtils.java:logGet(43)) - raft.server.log.write.buffer.size = 33554432 (custom)
2019-09-26 09:21:10,807 [pool-117-thread-1] INFO  server.RaftServerConfigKeys (ConfUtils.java:logGet(43)) - raft.server.log.force.sync.num = 128 (default)
2019-09-26 09:21:10,807 [pool-117-thread-1] INFO  server.RaftServerConfigKeys (ConfUtils.java:logGet(43)) - raft.server.log.statemachine.data.sync = true (default)
2019-09-26 09:21:10,807 [pool-117-thread-1] INFO  server.RaftServerConfigKeys (ConfUtils.java:logGet(43)) - raft.server.log.statemachine.data.sync.timeout = 10s (default)
2019-09-26 09:21:10,807 [pool-117-thread-1] INFO  server.RaftServerConfigKeys (ConfUtils.java:logGet(43)) - raft.server.log.statemachine.data.sync.timeout.retry = -1 (default)
2019-09-26 09:21:10,808 [pool-117-thread-1] INFO  server.RaftServerConfigKeys (ConfUtils.java:logGet(43)) - raft.server.log.statemachine.data.caching.enabled = true (custom)
2019-09-26 09:21:10,808 [pool-117-thread-1] INFO  segmented.SegmentedRaftLogWorker (SegmentedRaftLogWorker.java:lambda$new$0(132)) - 1676f4ef-d876-44ce-9276-238a11cc43f0@group-1B5C219959B2-SegmentedRaftLogWorker: flushIndex: setUnconditionally 0 -> -1
2019-09-26 09:21:10,808 [pool-117-thread-1] INFO  server.RaftServerConfigKeys (ConfUtils.java:logGet(43)) - raft.server.snapshot.auto.trigger.enabled = true (custom)
2019-09-26 09:21:10,809 [pool-117-thread-1] INFO  server.RaftServerConfigKeys (ConfUtils.java:logGet(43)) - raft.server.snapshot.auto.trigger.threshold = 10000 (custom)
2019-09-26 09:21:10,809 [pool-117-thread-1] INFO  server.RaftServerConfigKeys (ConfUtils.java:logGet(43)) - raft.server.snapshot.retention.num.files = 5 (custom)
2019-09-26 09:21:10,809 [pool-117-thread-1] INFO  server.RaftServerConfigKeys (ConfUtils.java:logGet(43)) - raft.server.retrycache.expirytime = 600000ms (custom)
2019-09-26 09:21:10,813 [pool-117-thread-1] INFO  impl.RaftServerImpl (RaftServerImpl.java:start(185)) - 1676f4ef-d876-44ce-9276-238a11cc43f0@group-1B5C219959B2: start as a follower, conf=-1: [1676f4ef-d876-44ce-9276-238a11cc43f0:192.168.30.13:35157], old=null
2019-09-26 09:21:10,814 [pool-117-thread-1] INFO  impl.RaftServerImpl (RaftServerImpl.java:setRole(174)) - 1676f4ef-d876-44ce-9276-238a11cc43f0@group-1B5C219959B2: changes role from      null to FOLLOWER at term 0 for startAsFollower
2019-09-26 09:21:10,814 [pool-117-thread-1] INFO  impl.RoleInfo (RoleInfo.java:updateAndGet(143)) - 1676f4ef-d876-44ce-9276-238a11cc43f0: start FollowerState
2019-09-26 09:21:10,814 [pool-117-thread-1] INFO  util.JmxRegister (JmxRegister.java:tryRegister(44)) - Successfully registered JMX Bean with object name Ratis:service=RaftServer,group=group-1B5C219959B2,id=1676f4ef-d876-44ce-9276-238a11cc43f0
2019-09-26 09:21:10,829 [RatisPipelineUtilsThread] INFO  pipeline.PipelineStateManager (PipelineStateManager.java:addPipeline(56)) - Created pipeline Pipeline[ Id: ae14a88d-b058-4dac-8354-1b5c219959b2, Nodes: 1676f4ef-d876-44ce-9276-238a11cc43f0{ip: 192.168.30.13, host: pr-hdds-1569-wvzgm-824869521, networkLocation: /default-rack, certSerialId: null}, Type:RATIS, Factor:ONE, State:OPEN]
2019-09-26 09:21:10,855 [grpc-default-executor-0] INFO  impl.RaftServerProxy (RaftServerProxy.java:addNew(89)) - 1dec72e7-0344-4894-a47b-48d961c58f71: addNew group-733E71B33681:[1dec72e7-0344-4894-a47b-48d961c58f71:192.168.30.13:42556] returns group-733E71B33681:java.util.concurrent.CompletableFuture@68f9d176[Not completed]
2019-09-26 09:21:10,856 [pool-27-thread-1] INFO  impl.RaftServerImpl (RaftServerImpl.java:<init>(95)) - 1dec72e7-0344-4894-a47b-48d961c58f71: new RaftServerImpl for group-733E71B33681:[1dec72e7-0344-4894-a47b-48d961c58f71:192.168.30.13:42556] with ContainerStateMachine:uninitialized
2019-09-26 09:21:10,857 [pool-27-thread-1] INFO  server.RaftServerConfigKeys (ConfUtils.java:logGet(43)) - raft.server.rpc.timeout.min = 5s (custom)
2019-09-26 09:21:10,857 [pool-27-thread-1] INFO  server.RaftServerConfigKeys (ConfUtils.java:logGet(43)) - raft.server.rpc.timeout.max = 5200ms (custom)
2019-09-26 09:21:10,857 [pool-27-thread-1] INFO  server.RaftServerConfigKeys (ConfUtils.java:logGet(43)) - raft.server.rpcslowness.timeout = 120s (custom)
2019-09-26 09:21:10,857 [pool-27-thread-1] INFO  server.RaftServerConfigKeys (ConfUtils.java:logGet(43)) - raft.server.sleep.deviation.threshold = 300 (default)
2019-09-26 09:21:10,857 [pool-27-thread-1] INFO  server.RaftServerConfigKeys (ConfUtils.java:logGet(43)) - raft.server.log.appender.install.snapshot.enabled = false (custom)
2019-09-26 09:21:10,857 [pool-27-thread-1] INFO  impl.RaftServerImpl (ServerState.java:<init>(103)) - 1dec72e7-0344-4894-a47b-48d961c58f71@group-733E71B33681: ConfigurationManager, init=-1: [1dec72e7-0344-4894-a47b-48d961c58f71:192.168.30.13:42556], old=null, confs=<EMPTY_MAP>
2019-09-26 09:21:10,858 [pool-27-thread-1] INFO  server.RaftServerConfigKeys (ConfUtils.java:logGet(43)) - raft.server.storage.dir = [/workdir/hadoop-ozone/integration-test/target/test-dir/MiniOzoneClusterImpl-078ea463-30a6-4c8a-a8ff-41db0515e22e/datanode-0/data/ratis] (custom)
2019-09-26 09:21:10,858 [pool-27-thread-1] INFO  storage.RaftStorageDirectory (RaftStorageDirectory.java:analyzeStorage(246)) - The storage directory /workdir/hadoop-ozone/integration-test/target/test-dir/MiniOzoneClusterImpl-078ea463-30a6-4c8a-a8ff-41db0515e22e/datanode-0/data/ratis/9521504a-8018-400d-9bdd-733e71b33681 does not exist. Creating ...
2019-09-26 09:21:10,864 [pool-27-thread-1] INFO  storage.RaftStorageDirectory (RaftStorageDirectory.java:tryLock(328)) - Lock on /workdir/hadoop-ozone/integration-test/target/test-dir/MiniOzoneClusterImpl-078ea463-30a6-4c8a-a8ff-41db0515e22e/datanode-0/data/ratis/9521504a-8018-400d-9bdd-733e71b33681/in_use.lock acquired by nodename 11214@pr-hdds-1569-wvzgm-824869521
2019-09-26 09:21:10,878 [pool-27-thread-1] INFO  storage.RaftStorage (RaftStorage.java:format(72)) - Storage directory /workdir/hadoop-ozone/integration-test/target/test-dir/MiniOzoneClusterImpl-078ea463-30a6-4c8a-a8ff-41db0515e22e/datanode-0/data/ratis/9521504a-8018-400d-9bdd-733e71b33681 has been successfully formatted.
2019-09-26 09:21:10,878 [pool-27-thread-1] INFO  ratis.ContainerStateMachine (ContainerStateMachine.java:loadSnapshot(230)) - group-733E71B33681: The snapshot info is null. Setting the last applied indexto:(t:0, i:~)
2019-09-26 09:21:10,878 [pool-27-thread-1] INFO  server.RaftServerConfigKeys (ConfUtils.java:logGet(43)) - raft.server.notification.no-leader.timeout = 120s (custom)
2019-09-26 09:21:10,878 [pool-27-thread-1] INFO  server.RaftServerConfigKeys (ConfUtils.java:logGet(43)) - raft.server.log.use.memory = false (default)
2019-09-26 09:21:10,878 [pool-27-thread-1] INFO  server.RaftServerConfigKeys (ConfUtils.java:logGet(43)) - raft.server.log.purge.gap = 1000000 (custom)
2019-09-26 09:21:10,879 [pool-27-thread-1] INFO  server.RaftServerConfigKeys (ConfUtils.java:logGet(43)) - raft.server.log.appender.buffer.byte-limit = 33554432 (custom)
2019-09-26 09:21:10,879 [pool-27-thread-1] INFO  server.RaftServerConfigKeys (ConfUtils.java:logGet(43)) - raft.server.log.segment.size.max = 1048576 (custom)
2019-09-26 09:21:10,879 [pool-27-thread-1] INFO  server.RaftServerConfigKeys (ConfUtils.java:logGet(43)) - raft.server.log.segment.cache.num.max = 2 (custom)
2019-09-26 09:21:10,879 [pool-27-thread-1] INFO  segmented.SegmentedRaftLogWorker (SegmentedRaftLogWorker.java:<init>(172)) - new 1dec72e7-0344-4894-a47b-48d961c58f71@group-733E71B33681-SegmentedRaftLogWorker for RaftStorage:Storage Directory /workdir/hadoop-ozone/integration-test/target/test-dir/MiniOzoneClusterImpl-078ea463-30a6-4c8a-a8ff-41db0515e22e/datanode-0/data/ratis/9521504a-8018-400d-9bdd-733e71b33681
2019-09-26 09:21:10,879 [pool-27-thread-1] INFO  server.RaftServerConfigKeys (ConfUtils.java:logGet(43)) - raft.server.log.queue.byte-limit = 2147483647 (custom)
2019-09-26 09:21:10,879 [pool-27-thread-1] INFO  server.RaftServerConfigKeys (ConfUtils.java:logGet(43)) - raft.server.log.queue.element-limit = 1024 (custom)
2019-09-26 09:21:10,879 [pool-27-thread-1] INFO  server.RaftServerConfigKeys (ConfUtils.java:logGet(43)) - raft.server.log.segment.size.max = 1048576 (custom)
2019-09-26 09:21:10,879 [pool-27-thread-1] INFO  server.RaftServerConfigKeys (ConfUtils.java:logGet(43)) - raft.server.log.preallocated.size = 16384 (custom)
2019-09-26 09:21:10,879 [pool-27-thread-1] INFO  server.RaftServerConfigKeys (ConfUtils.java:logGet(43)) - raft.server.log.write.buffer.size = 33554432 (custom)
2019-09-26 09:21:10,879 [pool-27-thread-1] INFO  server.RaftServerConfigKeys (ConfUtils.java:logGet(43)) - raft.server.log.force.sync.num = 128 (default)
2019-09-26 09:21:10,880 [pool-27-thread-1] INFO  server.RaftServerConfigKeys (ConfUtils.java:logGet(43)) - raft.server.log.statemachine.data.sync = true (default)
2019-09-26 09:21:10,880 [pool-27-thread-1] INFO  server.RaftServerConfigKeys (ConfUtils.java:logGet(43)) - raft.server.log.statemachine.data.sync.timeout = 10s (default)
2019-09-26 09:21:10,880 [pool-27-thread-1] INFO  server.RaftServerConfigKeys (ConfUtils.java:logGet(43)) - raft.server.log.statemachine.data.sync.timeout.retry = -1 (default)
2019-09-26 09:21:10,880 [pool-27-thread-1] INFO  server.RaftServerConfigKeys (ConfUtils.java:logGet(43)) - raft.server.log.statemachine.data.caching.enabled = true (custom)
2019-09-26 09:21:10,880 [pool-27-thread-1] INFO  segmented.SegmentedRaftLogWorker (SegmentedRaftLogWorker.java:lambda$new$0(132)) - 1dec72e7-0344-4894-a47b-48d961c58f71@group-733E71B33681-SegmentedRaftLogWorker: flushIndex: setUnconditionally 0 -> -1
2019-09-26 09:21:10,880 [pool-27-thread-1] INFO  server.RaftServerConfigKeys (ConfUtils.java:logGet(43)) - raft.server.snapshot.auto.trigger.enabled = true (custom)
2019-09-26 09:21:10,881 [pool-27-thread-1] INFO  server.RaftServerConfigKeys (ConfUtils.java:logGet(43)) - raft.server.snapshot.auto.trigger.threshold = 10000 (custom)
2019-09-26 09:21:10,881 [pool-27-thread-1] INFO  server.RaftServerConfigKeys (ConfUtils.java:logGet(43)) - raft.server.snapshot.retention.num.files = 5 (custom)
2019-09-26 09:21:10,881 [pool-27-thread-1] INFO  server.RaftServerConfigKeys (ConfUtils.java:logGet(43)) - raft.server.retrycache.expirytime = 600000ms (custom)
2019-09-26 09:21:10,883 [pool-27-thread-1] INFO  impl.RaftServerImpl (RaftServerImpl.java:start(185)) - 1dec72e7-0344-4894-a47b-48d961c58f71@group-733E71B33681: start as a follower, conf=-1: [1dec72e7-0344-4894-a47b-48d961c58f71:192.168.30.13:42556], old=null
2019-09-26 09:21:10,883 [pool-27-thread-1] INFO  impl.RaftServerImpl (RaftServerImpl.java:setRole(174)) - 1dec72e7-0344-4894-a47b-48d961c58f71@group-733E71B33681: changes role from      null to FOLLOWER at term 0 for startAsFollower
2019-09-26 09:21:10,883 [pool-27-thread-1] INFO  impl.RoleInfo (RoleInfo.java:updateAndGet(143)) - 1dec72e7-0344-4894-a47b-48d961c58f71: start FollowerState
2019-09-26 09:21:10,884 [pool-27-thread-1] INFO  util.JmxRegister (JmxRegister.java:tryRegister(44)) - Successfully registered JMX Bean with object name Ratis:service=RaftServer,group=group-733E71B33681,id=1dec72e7-0344-4894-a47b-48d961c58f71
2019-09-26 09:21:10,896 [RatisPipelineUtilsThread] INFO  pipeline.PipelineStateManager (PipelineStateManager.java:addPipeline(56)) - Created pipeline Pipeline[ Id: 9521504a-8018-400d-9bdd-733e71b33681, Nodes: 1dec72e7-0344-4894-a47b-48d961c58f71{ip: 192.168.30.13, host: pr-hdds-1569-wvzgm-824869521, networkLocation: /default-rack, certSerialId: null}, Type:RATIS, Factor:ONE, State:OPEN]
2019-09-26 09:21:10,910 [grpc-default-executor-0] INFO  impl.RaftServerProxy (RaftServerProxy.java:addNew(89)) - 3750858d-06c8-40e1-8c05-0037147842e2: addNew group-36F01EEC1963:[3750858d-06c8-40e1-8c05-0037147842e2:192.168.30.13:41582] returns group-36F01EEC1963:java.util.concurrent.CompletableFuture@3a669351[Not completed]
2019-09-26 09:21:10,914 [pool-77-thread-1] INFO  impl.RaftServerImpl (RaftServerImpl.java:<init>(95)) - 3750858d-06c8-40e1-8c05-0037147842e2: new RaftServerImpl for group-36F01EEC1963:[3750858d-06c8-40e1-8c05-0037147842e2:192.168.30.13:41582] with ContainerStateMachine:uninitialized
2019-09-26 09:21:10,914 [pool-77-thread-1] INFO  server.RaftServerConfigKeys (ConfUtils.java:logGet(43)) - raft.server.rpc.timeout.min = 5s (custom)
2019-09-26 09:21:10,915 [pool-77-thread-1] INFO  server.RaftServerConfigKeys (ConfUtils.java:logGet(43)) - raft.server.rpc.timeout.max = 5200ms (custom)
2019-09-26 09:21:10,915 [pool-77-thread-1] INFO  server.RaftServerConfigKeys (ConfUtils.java:logGet(43)) - raft.server.rpcslowness.timeout = 120s (custom)
2019-09-26 09:21:10,915 [pool-77-thread-1] INFO  server.RaftServerConfigKeys (ConfUtils.java:logGet(43)) - raft.server.sleep.deviation.threshold = 300 (default)
2019-09-26 09:21:10,915 [pool-77-thread-1] INFO  server.RaftServerConfigKeys (ConfUtils.java:logGet(43)) - raft.server.log.appender.install.snapshot.enabled = false (custom)
2019-09-26 09:21:10,915 [pool-77-thread-1] INFO  impl.RaftServerImpl (ServerState.java:<init>(103)) - 3750858d-06c8-40e1-8c05-0037147842e2@group-36F01EEC1963: ConfigurationManager, init=-1: [3750858d-06c8-40e1-8c05-0037147842e2:192.168.30.13:41582], old=null, confs=<EMPTY_MAP>
2019-09-26 09:21:10,915 [pool-77-thread-1] INFO  server.RaftServerConfigKeys (ConfUtils.java:logGet(43)) - raft.server.storage.dir = [/workdir/hadoop-ozone/integration-test/target/test-dir/MiniOzoneClusterImpl-078ea463-30a6-4c8a-a8ff-41db0515e22e/datanode-5/data/ratis] (custom)
2019-09-26 09:21:10,917 [pool-77-thread-1] INFO  storage.RaftStorageDirectory (RaftStorageDirectory.java:analyzeStorage(246)) - The storage directory /workdir/hadoop-ozone/integration-test/target/test-dir/MiniOzoneClusterImpl-078ea463-30a6-4c8a-a8ff-41db0515e22e/datanode-5/data/ratis/c2539d67-c10f-4fe7-a3c6-36f01eec1963 does not exist. Creating ...
2019-09-26 09:21:10,940 [pool-77-thread-1] INFO  storage.RaftStorageDirectory (RaftStorageDirectory.java:tryLock(328)) - Lock on /workdir/hadoop-ozone/integration-test/target/test-dir/MiniOzoneClusterImpl-078ea463-30a6-4c8a-a8ff-41db0515e22e/datanode-5/data/ratis/c2539d67-c10f-4fe7-a3c6-36f01eec1963/in_use.lock acquired by nodename 11214@pr-hdds-1569-wvzgm-824869521
2019-09-26 09:21:10,951 [pool-77-thread-1] INFO  storage.RaftStorage (RaftStorage.java:format(72)) - Storage directory /workdir/hadoop-ozone/integration-test/target/test-dir/MiniOzoneClusterImpl-078ea463-30a6-4c8a-a8ff-41db0515e22e/datanode-5/data/ratis/c2539d67-c10f-4fe7-a3c6-36f01eec1963 has been successfully formatted.
2019-09-26 09:21:10,951 [pool-77-thread-1] INFO  ratis.ContainerStateMachine (ContainerStateMachine.java:loadSnapshot(230)) - group-36F01EEC1963: The snapshot info is null. Setting the last applied indexto:(t:0, i:~)
2019-09-26 09:21:10,951 [pool-77-thread-1] INFO  server.RaftServerConfigKeys (ConfUtils.java:logGet(43)) - raft.server.notification.no-leader.timeout = 120s (custom)
2019-09-26 09:21:10,951 [pool-77-thread-1] INFO  server.RaftServerConfigKeys (ConfUtils.java:logGet(43)) - raft.server.log.use.memory = false (default)
2019-09-26 09:21:10,951 [pool-77-thread-1] INFO  server.RaftServerConfigKeys (ConfUtils.java:logGet(43)) - raft.server.log.purge.gap = 1000000 (custom)
2019-09-26 09:21:10,951 [pool-77-thread-1] INFO  server.RaftServerConfigKeys (ConfUtils.java:logGet(43)) - raft.server.log.appender.buffer.byte-limit = 33554432 (custom)
2019-09-26 09:21:10,951 [pool-77-thread-1] INFO  server.RaftServerConfigKeys (ConfUtils.java:logGet(43)) - raft.server.log.segment.size.max = 1048576 (custom)
2019-09-26 09:21:10,952 [pool-77-thread-1] INFO  server.RaftServerConfigKeys (ConfUtils.java:logGet(43)) - raft.server.log.segment.cache.num.max = 2 (custom)
2019-09-26 09:21:10,952 [pool-77-thread-1] INFO  segmented.SegmentedRaftLogWorker (SegmentedRaftLogWorker.java:<init>(172)) - new 3750858d-06c8-40e1-8c05-0037147842e2@group-36F01EEC1963-SegmentedRaftLogWorker for RaftStorage:Storage Directory /workdir/hadoop-ozone/integration-test/target/test-dir/MiniOzoneClusterImpl-078ea463-30a6-4c8a-a8ff-41db0515e22e/datanode-5/data/ratis/c2539d67-c10f-4fe7-a3c6-36f01eec1963
2019-09-26 09:21:10,954 [pool-77-thread-1] INFO  server.RaftServerConfigKeys (ConfUtils.java:logGet(43)) - raft.server.log.queue.byte-limit = 2147483647 (custom)
2019-09-26 09:21:10,954 [pool-77-thread-1] INFO  server.RaftServerConfigKeys (ConfUtils.java:logGet(43)) - raft.server.log.queue.element-limit = 1024 (custom)
2019-09-26 09:21:10,954 [pool-77-thread-1] INFO  server.RaftServerConfigKeys (ConfUtils.java:logGet(43)) - raft.server.log.segment.size.max = 1048576 (custom)
2019-09-26 09:21:10,954 [pool-77-thread-1] INFO  server.RaftServerConfigKeys (ConfUtils.java:logGet(43)) - raft.server.log.preallocated.size = 16384 (custom)
2019-09-26 09:21:10,954 [pool-77-thread-1] INFO  server.RaftServerConfigKeys (ConfUtils.java:logGet(43)) - raft.server.log.write.buffer.size = 33554432 (custom)
2019-09-26 09:21:10,954 [pool-77-thread-1] INFO  server.RaftServerConfigKeys (ConfUtils.java:logGet(43)) - raft.server.log.force.sync.num = 128 (default)
2019-09-26 09:21:10,955 [pool-77-thread-1] INFO  server.RaftServerConfigKeys (ConfUtils.java:logGet(43)) - raft.server.log.statemachine.data.sync = true (default)
2019-09-26 09:21:10,955 [pool-77-thread-1] INFO  server.RaftServerConfigKeys (ConfUtils.java:logGet(43)) - raft.server.log.statemachine.data.sync.timeout = 10s (default)
2019-09-26 09:21:10,955 [pool-77-thread-1] INFO  server.RaftServerConfigKeys (ConfUtils.java:logGet(43)) - raft.server.log.statemachine.data.sync.timeout.retry = -1 (default)
2019-09-26 09:21:10,955 [pool-77-thread-1] INFO  server.RaftServerConfigKeys (ConfUtils.java:logGet(43)) - raft.server.log.statemachine.data.caching.enabled = true (custom)
2019-09-26 09:21:10,955 [pool-77-thread-1] INFO  segmented.SegmentedRaftLogWorker (SegmentedRaftLogWorker.java:lambda$new$0(132)) - 3750858d-06c8-40e1-8c05-0037147842e2@group-36F01EEC1963-SegmentedRaftLogWorker: flushIndex: setUnconditionally 0 -> -1
2019-09-26 09:21:10,956 [pool-77-thread-1] INFO  server.RaftServerConfigKeys (ConfUtils.java:logGet(43)) - raft.server.snapshot.auto.trigger.enabled = true (custom)
2019-09-26 09:21:10,956 [pool-77-thread-1] INFO  server.RaftServerConfigKeys (ConfUtils.java:logGet(43)) - raft.server.snapshot.auto.trigger.threshold = 10000 (custom)
2019-09-26 09:21:10,956 [pool-77-thread-1] INFO  server.RaftServerConfigKeys (ConfUtils.java:logGet(43)) - raft.server.snapshot.retention.num.files = 5 (custom)
2019-09-26 09:21:10,956 [pool-77-thread-1] INFO  server.RaftServerConfigKeys (ConfUtils.java:logGet(43)) - raft.server.retrycache.expirytime = 600000ms (custom)
2019-09-26 09:21:10,960 [pool-77-thread-1] INFO  impl.RaftServerImpl (RaftServerImpl.java:start(185)) - 3750858d-06c8-40e1-8c05-0037147842e2@group-36F01EEC1963: start as a follower, conf=-1: [3750858d-06c8-40e1-8c05-0037147842e2:192.168.30.13:41582], old=null
2019-09-26 09:21:10,960 [pool-77-thread-1] INFO  impl.RaftServerImpl (RaftServerImpl.java:setRole(174)) - 3750858d-06c8-40e1-8c05-0037147842e2@group-36F01EEC1963: changes role from      null to FOLLOWER at term 0 for startAsFollower
2019-09-26 09:21:10,960 [pool-77-thread-1] INFO  impl.RoleInfo (RoleInfo.java:updateAndGet(143)) - 3750858d-06c8-40e1-8c05-0037147842e2: start FollowerState
2019-09-26 09:21:10,963 [pool-77-thread-1] INFO  util.JmxRegister (JmxRegister.java:tryRegister(44)) - Successfully registered JMX Bean with object name Ratis:service=RaftServer,group=group-36F01EEC1963,id=3750858d-06c8-40e1-8c05-0037147842e2
2019-09-26 09:21:10,986 [RatisPipelineUtilsThread] INFO  pipeline.PipelineStateManager (PipelineStateManager.java:addPipeline(56)) - Created pipeline Pipeline[ Id: c2539d67-c10f-4fe7-a3c6-36f01eec1963, Nodes: 3750858d-06c8-40e1-8c05-0037147842e2{ip: 192.168.30.13, host: pr-hdds-1569-wvzgm-824869521, networkLocation: /default-rack, certSerialId: null}, Type:RATIS, Factor:ONE, State:OPEN]
2019-09-26 09:21:10,999 [grpc-default-executor-0] INFO  impl.RaftServerProxy (RaftServerProxy.java:addNew(89)) - 16503525-0504-4dc7-b18b-9a1cb86da45b: addNew group-908C96B7C08F:[16503525-0504-4dc7-b18b-9a1cb86da45b:192.168.30.13:41943] returns group-908C96B7C08F:java.util.concurrent.CompletableFuture@5c0644c[Not completed]
2019-09-26 09:21:11,004 [pool-97-thread-1] INFO  impl.RaftServerImpl (RaftServerImpl.java:<init>(95)) - 16503525-0504-4dc7-b18b-9a1cb86da45b: new RaftServerImpl for group-908C96B7C08F:[16503525-0504-4dc7-b18b-9a1cb86da45b:192.168.30.13:41943] with ContainerStateMachine:uninitialized
2019-09-26 09:21:11,004 [pool-97-thread-1] INFO  server.RaftServerConfigKeys (ConfUtils.java:logGet(43)) - raft.server.rpc.timeout.min = 5s (custom)
2019-09-26 09:21:11,004 [pool-97-thread-1] INFO  server.RaftServerConfigKeys (ConfUtils.java:logGet(43)) - raft.server.rpc.timeout.max = 5200ms (custom)
2019-09-26 09:21:11,004 [pool-97-thread-1] INFO  server.RaftServerConfigKeys (ConfUtils.java:logGet(43)) - raft.server.rpcslowness.timeout = 120s (custom)
2019-09-26 09:21:11,007 [pool-97-thread-1] INFO  server.RaftServerConfigKeys (ConfUtils.java:logGet(43)) - raft.server.sleep.deviation.threshold = 300 (default)
2019-09-26 09:21:11,007 [pool-97-thread-1] INFO  server.RaftServerConfigKeys (ConfUtils.java:logGet(43)) - raft.server.log.appender.install.snapshot.enabled = false (custom)
2019-09-26 09:21:11,007 [pool-97-thread-1] INFO  impl.RaftServerImpl (ServerState.java:<init>(103)) - 16503525-0504-4dc7-b18b-9a1cb86da45b@group-908C96B7C08F: ConfigurationManager, init=-1: [16503525-0504-4dc7-b18b-9a1cb86da45b:192.168.30.13:41943], old=null, confs=<EMPTY_MAP>
2019-09-26 09:21:11,007 [pool-97-thread-1] INFO  server.RaftServerConfigKeys (ConfUtils.java:logGet(43)) - raft.server.storage.dir = [/workdir/hadoop-ozone/integration-test/target/test-dir/MiniOzoneClusterImpl-078ea463-30a6-4c8a-a8ff-41db0515e22e/datanode-7/data/ratis] (custom)
2019-09-26 09:21:11,008 [pool-97-thread-1] INFO  storage.RaftStorageDirectory (RaftStorageDirectory.java:analyzeStorage(246)) - The storage directory /workdir/hadoop-ozone/integration-test/target/test-dir/MiniOzoneClusterImpl-078ea463-30a6-4c8a-a8ff-41db0515e22e/datanode-7/data/ratis/91f559ff-75f6-409e-bba8-908c96b7c08f does not exist. Creating ...
2019-09-26 09:21:11,015 [pool-97-thread-1] INFO  storage.RaftStorageDirectory (RaftStorageDirectory.java:tryLock(328)) - Lock on /workdir/hadoop-ozone/integration-test/target/test-dir/MiniOzoneClusterImpl-078ea463-30a6-4c8a-a8ff-41db0515e22e/datanode-7/data/ratis/91f559ff-75f6-409e-bba8-908c96b7c08f/in_use.lock acquired by nodename 11214@pr-hdds-1569-wvzgm-824869521
2019-09-26 09:21:11,028 [pool-97-thread-1] INFO  storage.RaftStorage (RaftStorage.java:format(72)) - Storage directory /workdir/hadoop-ozone/integration-test/target/test-dir/MiniOzoneClusterImpl-078ea463-30a6-4c8a-a8ff-41db0515e22e/datanode-7/data/ratis/91f559ff-75f6-409e-bba8-908c96b7c08f has been successfully formatted.
2019-09-26 09:21:11,029 [pool-97-thread-1] INFO  ratis.ContainerStateMachine (ContainerStateMachine.java:loadSnapshot(230)) - group-908C96B7C08F: The snapshot info is null. Setting the last applied indexto:(t:0, i:~)
2019-09-26 09:21:11,029 [pool-97-thread-1] INFO  server.RaftServerConfigKeys (ConfUtils.java:logGet(43)) - raft.server.notification.no-leader.timeout = 120s (custom)
2019-09-26 09:21:11,029 [pool-97-thread-1] INFO  server.RaftServerConfigKeys (ConfUtils.java:logGet(43)) - raft.server.log.use.memory = false (default)
2019-09-26 09:21:11,029 [pool-97-thread-1] INFO  server.RaftServerConfigKeys (ConfUtils.java:logGet(43)) - raft.server.log.purge.gap = 1000000 (custom)
2019-09-26 09:21:11,029 [pool-97-thread-1] INFO  server.RaftServerConfigKeys (ConfUtils.java:logGet(43)) - raft.server.log.appender.buffer.byte-limit = 33554432 (custom)
2019-09-26 09:21:11,029 [pool-97-thread-1] INFO  server.RaftServerConfigKeys (ConfUtils.java:logGet(43)) - raft.server.log.segment.size.max = 1048576 (custom)
2019-09-26 09:21:11,029 [pool-97-thread-1] INFO  server.RaftServerConfigKeys (ConfUtils.java:logGet(43)) - raft.server.log.segment.cache.num.max = 2 (custom)
2019-09-26 09:21:11,029 [pool-97-thread-1] INFO  segmented.SegmentedRaftLogWorker (SegmentedRaftLogWorker.java:<init>(172)) - new 16503525-0504-4dc7-b18b-9a1cb86da45b@group-908C96B7C08F-SegmentedRaftLogWorker for RaftStorage:Storage Directory /workdir/hadoop-ozone/integration-test/target/test-dir/MiniOzoneClusterImpl-078ea463-30a6-4c8a-a8ff-41db0515e22e/datanode-7/data/ratis/91f559ff-75f6-409e-bba8-908c96b7c08f
2019-09-26 09:21:11,032 [pool-97-thread-1] INFO  server.RaftServerConfigKeys (ConfUtils.java:logGet(43)) - raft.server.log.queue.byte-limit = 2147483647 (custom)
2019-09-26 09:21:11,032 [pool-97-thread-1] INFO  server.RaftServerConfigKeys (ConfUtils.java:logGet(43)) - raft.server.log.queue.element-limit = 1024 (custom)
2019-09-26 09:21:11,032 [pool-97-thread-1] INFO  server.RaftServerConfigKeys (ConfUtils.java:logGet(43)) - raft.server.log.segment.size.max = 1048576 (custom)
2019-09-26 09:21:11,032 [pool-97-thread-1] INFO  server.RaftServerConfigKeys (ConfUtils.java:logGet(43)) - raft.server.log.preallocated.size = 16384 (custom)
2019-09-26 09:21:11,032 [pool-97-thread-1] INFO  server.RaftServerConfigKeys (ConfUtils.java:logGet(43)) - raft.server.log.write.buffer.size = 33554432 (custom)
2019-09-26 09:21:11,032 [pool-97-thread-1] INFO  server.RaftServerConfigKeys (ConfUtils.java:logGet(43)) - raft.server.log.force.sync.num = 128 (default)
2019-09-26 09:21:11,032 [pool-97-thread-1] INFO  server.RaftServerConfigKeys (ConfUtils.java:logGet(43)) - raft.server.log.statemachine.data.sync = true (default)
2019-09-26 09:21:11,032 [pool-97-thread-1] INFO  server.RaftServerConfigKeys (ConfUtils.java:logGet(43)) - raft.server.log.statemachine.data.sync.timeout = 10s (default)
2019-09-26 09:21:11,032 [pool-97-thread-1] INFO  server.RaftServerConfigKeys (ConfUtils.java:logGet(43)) - raft.server.log.statemachine.data.sync.timeout.retry = -1 (default)
2019-09-26 09:21:11,033 [pool-97-thread-1] INFO  server.RaftServerConfigKeys (ConfUtils.java:logGet(43)) - raft.server.log.statemachine.data.caching.enabled = true (custom)
2019-09-26 09:21:11,033 [pool-97-thread-1] INFO  segmented.SegmentedRaftLogWorker (SegmentedRaftLogWorker.java:lambda$new$0(132)) - 16503525-0504-4dc7-b18b-9a1cb86da45b@group-908C96B7C08F-SegmentedRaftLogWorker: flushIndex: setUnconditionally 0 -> -1
2019-09-26 09:21:11,033 [pool-97-thread-1] INFO  server.RaftServerConfigKeys (ConfUtils.java:logGet(43)) - raft.server.snapshot.auto.trigger.enabled = true (custom)
2019-09-26 09:21:11,033 [pool-97-thread-1] INFO  server.RaftServerConfigKeys (ConfUtils.java:logGet(43)) - raft.server.snapshot.auto.trigger.threshold = 10000 (custom)
2019-09-26 09:21:11,033 [pool-97-thread-1] INFO  server.RaftServerConfigKeys (ConfUtils.java:logGet(43)) - raft.server.snapshot.retention.num.files = 5 (custom)
2019-09-26 09:21:11,034 [pool-97-thread-1] INFO  server.RaftServerConfigKeys (ConfUtils.java:logGet(43)) - raft.server.retrycache.expirytime = 600000ms (custom)
2019-09-26 09:21:11,035 [pool-97-thread-1] INFO  impl.RaftServerImpl (RaftServerImpl.java:start(185)) - 16503525-0504-4dc7-b18b-9a1cb86da45b@group-908C96B7C08F: start as a follower, conf=-1: [16503525-0504-4dc7-b18b-9a1cb86da45b:192.168.30.13:41943], old=null
2019-09-26 09:21:11,036 [pool-97-thread-1] INFO  impl.RaftServerImpl (RaftServerImpl.java:setRole(174)) - 16503525-0504-4dc7-b18b-9a1cb86da45b@group-908C96B7C08F: changes role from      null to FOLLOWER at term 0 for startAsFollower
2019-09-26 09:21:11,036 [pool-97-thread-1] INFO  impl.RoleInfo (RoleInfo.java:updateAndGet(143)) - 16503525-0504-4dc7-b18b-9a1cb86da45b: start FollowerState
2019-09-26 09:21:11,036 [pool-97-thread-1] INFO  util.JmxRegister (JmxRegister.java:tryRegister(44)) - Successfully registered JMX Bean with object name Ratis:service=RaftServer,group=group-908C96B7C08F,id=16503525-0504-4dc7-b18b-9a1cb86da45b
2019-09-26 09:21:11,048 [RatisPipelineUtilsThread] INFO  pipeline.PipelineStateManager (PipelineStateManager.java:addPipeline(56)) - Created pipeline Pipeline[ Id: 91f559ff-75f6-409e-bba8-908c96b7c08f, Nodes: 16503525-0504-4dc7-b18b-9a1cb86da45b{ip: 192.168.30.13, host: pr-hdds-1569-wvzgm-824869521, networkLocation: /default-rack, certSerialId: null}, Type:RATIS, Factor:ONE, State:OPEN]
2019-09-26 09:21:11,059 [grpc-default-executor-0] INFO  impl.RaftServerProxy (RaftServerProxy.java:addNew(89)) - cdeec377-8f89-4dce-9b26-4d7c58a1953c: addNew group-D5B8F2FE0EDF:[cdeec377-8f89-4dce-9b26-4d7c58a1953c:192.168.30.13:44126] returns group-D5B8F2FE0EDF:java.util.concurrent.CompletableFuture@3b0df05[Not completed]
2019-09-26 09:21:11,060 [pool-37-thread-1] INFO  impl.RaftServerImpl (RaftServerImpl.java:<init>(95)) - cdeec377-8f89-4dce-9b26-4d7c58a1953c: new RaftServerImpl for group-D5B8F2FE0EDF:[cdeec377-8f89-4dce-9b26-4d7c58a1953c:192.168.30.13:44126] with ContainerStateMachine:uninitialized
2019-09-26 09:21:11,060 [pool-37-thread-1] INFO  server.RaftServerConfigKeys (ConfUtils.java:logGet(43)) - raft.server.rpc.timeout.min = 5s (custom)
2019-09-26 09:21:11,060 [pool-37-thread-1] INFO  server.RaftServerConfigKeys (ConfUtils.java:logGet(43)) - raft.server.rpc.timeout.max = 5200ms (custom)
2019-09-26 09:21:11,060 [pool-37-thread-1] INFO  server.RaftServerConfigKeys (ConfUtils.java:logGet(43)) - raft.server.rpcslowness.timeout = 120s (custom)
2019-09-26 09:21:11,060 [pool-37-thread-1] INFO  server.RaftServerConfigKeys (ConfUtils.java:logGet(43)) - raft.server.sleep.deviation.threshold = 300 (default)
2019-09-26 09:21:11,060 [pool-37-thread-1] INFO  server.RaftServerConfigKeys (ConfUtils.java:logGet(43)) - raft.server.log.appender.install.snapshot.enabled = false (custom)
2019-09-26 09:21:11,060 [pool-37-thread-1] INFO  impl.RaftServerImpl (ServerState.java:<init>(103)) - cdeec377-8f89-4dce-9b26-4d7c58a1953c@group-D5B8F2FE0EDF: ConfigurationManager, init=-1: [cdeec377-8f89-4dce-9b26-4d7c58a1953c:192.168.30.13:44126], old=null, confs=<EMPTY_MAP>
2019-09-26 09:21:11,061 [pool-37-thread-1] INFO  server.RaftServerConfigKeys (ConfUtils.java:logGet(43)) - raft.server.storage.dir = [/workdir/hadoop-ozone/integration-test/target/test-dir/MiniOzoneClusterImpl-078ea463-30a6-4c8a-a8ff-41db0515e22e/datanode-1/data/ratis] (custom)
2019-09-26 09:21:11,061 [pool-37-thread-1] INFO  storage.RaftStorageDirectory (RaftStorageDirectory.java:analyzeStorage(246)) - The storage directory /workdir/hadoop-ozone/integration-test/target/test-dir/MiniOzoneClusterImpl-078ea463-30a6-4c8a-a8ff-41db0515e22e/datanode-1/data/ratis/66e0b692-3524-46ef-b84c-d5b8f2fe0edf does not exist. Creating ...
2019-09-26 09:21:11,070 [pool-37-thread-1] INFO  storage.RaftStorageDirectory (RaftStorageDirectory.java:tryLock(328)) - Lock on /workdir/hadoop-ozone/integration-test/target/test-dir/MiniOzoneClusterImpl-078ea463-30a6-4c8a-a8ff-41db0515e22e/datanode-1/data/ratis/66e0b692-3524-46ef-b84c-d5b8f2fe0edf/in_use.lock acquired by nodename 11214@pr-hdds-1569-wvzgm-824869521
2019-09-26 09:21:11,090 [main] INFO  rpc.RpcClient (RpcClient.java:createVolume(276)) - Creating Volume: test, with jenkins1000 as owner.
2019-09-26 09:21:11,092 [pool-37-thread-1] INFO  storage.RaftStorage (RaftStorage.java:format(72)) - Storage directory /workdir/hadoop-ozone/integration-test/target/test-dir/MiniOzoneClusterImpl-078ea463-30a6-4c8a-a8ff-41db0515e22e/datanode-1/data/ratis/66e0b692-3524-46ef-b84c-d5b8f2fe0edf has been successfully formatted.
2019-09-26 09:21:11,092 [pool-37-thread-1] INFO  ratis.ContainerStateMachine (ContainerStateMachine.java:loadSnapshot(230)) - group-D5B8F2FE0EDF: The snapshot info is null. Setting the last applied indexto:(t:0, i:~)
2019-09-26 09:21:11,093 [pool-37-thread-1] INFO  server.RaftServerConfigKeys (ConfUtils.java:logGet(43)) - raft.server.notification.no-leader.timeout = 120s (custom)
2019-09-26 09:21:11,093 [pool-37-thread-1] INFO  server.RaftServerConfigKeys (ConfUtils.java:logGet(43)) - raft.server.log.use.memory = false (default)
2019-09-26 09:21:11,093 [pool-37-thread-1] INFO  server.RaftServerConfigKeys (ConfUtils.java:logGet(43)) - raft.server.log.purge.gap = 1000000 (custom)
2019-09-26 09:21:11,093 [pool-37-thread-1] INFO  server.RaftServerConfigKeys (ConfUtils.java:logGet(43)) - raft.server.log.appender.buffer.byte-limit = 33554432 (custom)
2019-09-26 09:21:11,093 [pool-37-thread-1] INFO  server.RaftServerConfigKeys (ConfUtils.java:logGet(43)) - raft.server.log.segment.size.max = 1048576 (custom)
2019-09-26 09:21:11,093 [pool-37-thread-1] INFO  server.RaftServerConfigKeys (ConfUtils.java:logGet(43)) - raft.server.log.segment.cache.num.max = 2 (custom)
2019-09-26 09:21:11,093 [pool-37-thread-1] INFO  segmented.SegmentedRaftLogWorker (SegmentedRaftLogWorker.java:<init>(172)) - new cdeec377-8f89-4dce-9b26-4d7c58a1953c@group-D5B8F2FE0EDF-SegmentedRaftLogWorker for RaftStorage:Storage Directory /workdir/hadoop-ozone/integration-test/target/test-dir/MiniOzoneClusterImpl-078ea463-30a6-4c8a-a8ff-41db0515e22e/datanode-1/data/ratis/66e0b692-3524-46ef-b84c-d5b8f2fe0edf
2019-09-26 09:21:11,093 [pool-37-thread-1] INFO  server.RaftServerConfigKeys (ConfUtils.java:logGet(43)) - raft.server.log.queue.byte-limit = 2147483647 (custom)
2019-09-26 09:21:11,093 [pool-37-thread-1] INFO  server.RaftServerConfigKeys (ConfUtils.java:logGet(43)) - raft.server.log.queue.element-limit = 1024 (custom)
2019-09-26 09:21:11,094 [pool-37-thread-1] INFO  server.RaftServerConfigKeys (ConfUtils.java:logGet(43)) - raft.server.log.segment.size.max = 1048576 (custom)
2019-09-26 09:21:11,094 [pool-37-thread-1] INFO  server.RaftServerConfigKeys (ConfUtils.java:logGet(43)) - raft.server.log.preallocated.size = 16384 (custom)
2019-09-26 09:21:11,094 [pool-37-thread-1] INFO  server.RaftServerConfigKeys (ConfUtils.java:logGet(43)) - raft.server.log.write.buffer.size = 33554432 (custom)
2019-09-26 09:21:11,094 [pool-37-thread-1] INFO  server.RaftServerConfigKeys (ConfUtils.java:logGet(43)) - raft.server.log.force.sync.num = 128 (default)
2019-09-26 09:21:11,094 [pool-37-thread-1] INFO  server.RaftServerConfigKeys (ConfUtils.java:logGet(43)) - raft.server.log.statemachine.data.sync = true (default)
2019-09-26 09:21:11,094 [pool-37-thread-1] INFO  server.RaftServerConfigKeys (ConfUtils.java:logGet(43)) - raft.server.log.statemachine.data.sync.timeout = 10s (default)
2019-09-26 09:21:11,094 [pool-37-thread-1] INFO  server.RaftServerConfigKeys (ConfUtils.java:logGet(43)) - raft.server.log.statemachine.data.sync.timeout.retry = -1 (default)
2019-09-26 09:21:11,094 [pool-37-thread-1] INFO  server.RaftServerConfigKeys (ConfUtils.java:logGet(43)) - raft.server.log.statemachine.data.caching.enabled = true (custom)
2019-09-26 09:21:11,098 [pool-37-thread-1] INFO  segmented.SegmentedRaftLogWorker (SegmentedRaftLogWorker.java:lambda$new$0(132)) - cdeec377-8f89-4dce-9b26-4d7c58a1953c@group-D5B8F2FE0EDF-SegmentedRaftLogWorker: flushIndex: setUnconditionally 0 -> -1
2019-09-26 09:21:11,098 [pool-37-thread-1] INFO  server.RaftServerConfigKeys (ConfUtils.java:logGet(43)) - raft.server.snapshot.auto.trigger.enabled = true (custom)
2019-09-26 09:21:11,098 [pool-37-thread-1] INFO  server.RaftServerConfigKeys (ConfUtils.java:logGet(43)) - raft.server.snapshot.auto.trigger.threshold = 10000 (custom)
2019-09-26 09:21:11,098 [pool-37-thread-1] INFO  server.RaftServerConfigKeys (ConfUtils.java:logGet(43)) - raft.server.snapshot.retention.num.files = 5 (custom)
2019-09-26 09:21:11,099 [pool-37-thread-1] INFO  server.RaftServerConfigKeys (ConfUtils.java:logGet(43)) - raft.server.retrycache.expirytime = 600000ms (custom)
2019-09-26 09:21:11,101 [pool-37-thread-1] INFO  impl.RaftServerImpl (RaftServerImpl.java:start(185)) - cdeec377-8f89-4dce-9b26-4d7c58a1953c@group-D5B8F2FE0EDF: start as a follower, conf=-1: [cdeec377-8f89-4dce-9b26-4d7c58a1953c:192.168.30.13:44126], old=null
2019-09-26 09:21:11,101 [pool-37-thread-1] INFO  impl.RaftServerImpl (RaftServerImpl.java:setRole(174)) - cdeec377-8f89-4dce-9b26-4d7c58a1953c@group-D5B8F2FE0EDF: changes role from      null to FOLLOWER at term 0 for startAsFollower
2019-09-26 09:21:11,101 [pool-37-thread-1] INFO  impl.RoleInfo (RoleInfo.java:updateAndGet(143)) - cdeec377-8f89-4dce-9b26-4d7c58a1953c: start FollowerState
2019-09-26 09:21:11,101 [pool-37-thread-1] INFO  util.JmxRegister (JmxRegister.java:tryRegister(44)) - Successfully registered JMX Bean with object name Ratis:service=RaftServer,group=group-D5B8F2FE0EDF,id=cdeec377-8f89-4dce-9b26-4d7c58a1953c
2019-09-26 09:21:11,111 [RatisPipelineUtilsThread] INFO  pipeline.PipelineStateManager (PipelineStateManager.java:addPipeline(56)) - Created pipeline Pipeline[ Id: 66e0b692-3524-46ef-b84c-d5b8f2fe0edf, Nodes: cdeec377-8f89-4dce-9b26-4d7c58a1953c{ip: 192.168.30.13, host: pr-hdds-1569-wvzgm-824869521, networkLocation: /default-rack, certSerialId: null}, Type:RATIS, Factor:ONE, State:OPEN]
2019-09-26 09:21:11,122 [grpc-default-executor-0] INFO  impl.RaftServerProxy (RaftServerProxy.java:addNew(89)) - 45c711e7-a055-41cb-865c-06675942396d: addNew group-ACDFDCF2A786:[45c711e7-a055-41cb-865c-06675942396d:192.168.30.13:38892] returns group-ACDFDCF2A786:java.util.concurrent.CompletableFuture@7da11f07[Not completed]
2019-09-26 09:21:11,127 [pool-107-thread-1] INFO  impl.RaftServerImpl (RaftServerImpl.java:<init>(95)) - 45c711e7-a055-41cb-865c-06675942396d: new RaftServerImpl for group-ACDFDCF2A786:[45c711e7-a055-41cb-865c-06675942396d:192.168.30.13:38892] with ContainerStateMachine:uninitialized
2019-09-26 09:21:11,127 [pool-107-thread-1] INFO  server.RaftServerConfigKeys (ConfUtils.java:logGet(43)) - raft.server.rpc.timeout.min = 5s (custom)
2019-09-26 09:21:11,127 [pool-107-thread-1] INFO  server.RaftServerConfigKeys (ConfUtils.java:logGet(43)) - raft.server.rpc.timeout.max = 5200ms (custom)
2019-09-26 09:21:11,127 [pool-107-thread-1] INFO  server.RaftServerConfigKeys (ConfUtils.java:logGet(43)) - raft.server.rpcslowness.timeout = 120s (custom)
2019-09-26 09:21:11,127 [pool-107-thread-1] INFO  server.RaftServerConfigKeys (ConfUtils.java:logGet(43)) - raft.server.sleep.deviation.threshold = 300 (default)
2019-09-26 09:21:11,127 [pool-107-thread-1] INFO  server.RaftServerConfigKeys (ConfUtils.java:logGet(43)) - raft.server.log.appender.install.snapshot.enabled = false (custom)
2019-09-26 09:21:11,127 [pool-107-thread-1] INFO  impl.RaftServerImpl (ServerState.java:<init>(103)) - 45c711e7-a055-41cb-865c-06675942396d@group-ACDFDCF2A786: ConfigurationManager, init=-1: [45c711e7-a055-41cb-865c-06675942396d:192.168.30.13:38892], old=null, confs=<EMPTY_MAP>
2019-09-26 09:21:11,127 [pool-107-thread-1] INFO  server.RaftServerConfigKeys (ConfUtils.java:logGet(43)) - raft.server.storage.dir = [/workdir/hadoop-ozone/integration-test/target/test-dir/MiniOzoneClusterImpl-078ea463-30a6-4c8a-a8ff-41db0515e22e/datanode-8/data/ratis] (custom)
2019-09-26 09:21:11,128 [pool-107-thread-1] INFO  storage.RaftStorageDirectory (RaftStorageDirectory.java:analyzeStorage(246)) - The storage directory /workdir/hadoop-ozone/integration-test/target/test-dir/MiniOzoneClusterImpl-078ea463-30a6-4c8a-a8ff-41db0515e22e/datanode-8/data/ratis/598a5546-d2ee-418a-96de-acdfdcf2a786 does not exist. Creating ...
2019-09-26 09:21:11,136 [pool-107-thread-1] INFO  storage.RaftStorageDirectory (RaftStorageDirectory.java:tryLock(328)) - Lock on /workdir/hadoop-ozone/integration-test/target/test-dir/MiniOzoneClusterImpl-078ea463-30a6-4c8a-a8ff-41db0515e22e/datanode-8/data/ratis/598a5546-d2ee-418a-96de-acdfdcf2a786/in_use.lock acquired by nodename 11214@pr-hdds-1569-wvzgm-824869521
2019-09-26 09:21:11,157 [pool-107-thread-1] INFO  storage.RaftStorage (RaftStorage.java:format(72)) - Storage directory /workdir/hadoop-ozone/integration-test/target/test-dir/MiniOzoneClusterImpl-078ea463-30a6-4c8a-a8ff-41db0515e22e/datanode-8/data/ratis/598a5546-d2ee-418a-96de-acdfdcf2a786 has been successfully formatted.
2019-09-26 09:21:11,158 [pool-107-thread-1] INFO  ratis.ContainerStateMachine (ContainerStateMachine.java:loadSnapshot(230)) - group-ACDFDCF2A786: The snapshot info is null. Setting the last applied indexto:(t:0, i:~)
2019-09-26 09:21:11,158 [pool-107-thread-1] INFO  server.RaftServerConfigKeys (ConfUtils.java:logGet(43)) - raft.server.notification.no-leader.timeout = 120s (custom)
2019-09-26 09:21:11,158 [pool-107-thread-1] INFO  server.RaftServerConfigKeys (ConfUtils.java:logGet(43)) - raft.server.log.use.memory = false (default)
2019-09-26 09:21:11,158 [pool-107-thread-1] INFO  server.RaftServerConfigKeys (ConfUtils.java:logGet(43)) - raft.server.log.purge.gap = 1000000 (custom)
2019-09-26 09:21:11,158 [pool-107-thread-1] INFO  server.RaftServerConfigKeys (ConfUtils.java:logGet(43)) - raft.server.log.appender.buffer.byte-limit = 33554432 (custom)
2019-09-26 09:21:11,158 [pool-107-thread-1] INFO  server.RaftServerConfigKeys (ConfUtils.java:logGet(43)) - raft.server.log.segment.size.max = 1048576 (custom)
2019-09-26 09:21:11,158 [pool-107-thread-1] INFO  server.RaftServerConfigKeys (ConfUtils.java:logGet(43)) - raft.server.log.segment.cache.num.max = 2 (custom)
2019-09-26 09:21:11,159 [pool-107-thread-1] INFO  segmented.SegmentedRaftLogWorker (SegmentedRaftLogWorker.java:<init>(172)) - new 45c711e7-a055-41cb-865c-06675942396d@group-ACDFDCF2A786-SegmentedRaftLogWorker for RaftStorage:Storage Directory /workdir/hadoop-ozone/integration-test/target/test-dir/MiniOzoneClusterImpl-078ea463-30a6-4c8a-a8ff-41db0515e22e/datanode-8/data/ratis/598a5546-d2ee-418a-96de-acdfdcf2a786
2019-09-26 09:21:11,161 [pool-107-thread-1] INFO  server.RaftServerConfigKeys (ConfUtils.java:logGet(43)) - raft.server.log.queue.byte-limit = 2147483647 (custom)
2019-09-26 09:21:11,161 [pool-107-thread-1] INFO  server.RaftServerConfigKeys (ConfUtils.java:logGet(43)) - raft.server.log.queue.element-limit = 1024 (custom)
2019-09-26 09:21:11,161 [pool-107-thread-1] INFO  server.RaftServerConfigKeys (ConfUtils.java:logGet(43)) - raft.server.log.segment.size.max = 1048576 (custom)
2019-09-26 09:21:11,161 [pool-107-thread-1] INFO  server.RaftServerConfigKeys (ConfUtils.java:logGet(43)) - raft.server.log.preallocated.size = 16384 (custom)
2019-09-26 09:21:11,161 [pool-107-thread-1] INFO  server.RaftServerConfigKeys (ConfUtils.java:logGet(43)) - raft.server.log.write.buffer.size = 33554432 (custom)
2019-09-26 09:21:11,161 [pool-107-thread-1] INFO  server.RaftServerConfigKeys (ConfUtils.java:logGet(43)) - raft.server.log.force.sync.num = 128 (default)
2019-09-26 09:21:11,161 [pool-107-thread-1] INFO  server.RaftServerConfigKeys (ConfUtils.java:logGet(43)) - raft.server.log.statemachine.data.sync = true (default)
2019-09-26 09:21:11,162 [pool-107-thread-1] INFO  server.RaftServerConfigKeys (ConfUtils.java:logGet(43)) - raft.server.log.statemachine.data.sync.timeout = 10s (default)
2019-09-26 09:21:11,162 [pool-107-thread-1] INFO  server.RaftServerConfigKeys (ConfUtils.java:logGet(43)) - raft.server.log.statemachine.data.sync.timeout.retry = -1 (default)
2019-09-26 09:21:11,162 [pool-107-thread-1] INFO  server.RaftServerConfigKeys (ConfUtils.java:logGet(43)) - raft.server.log.statemachine.data.caching.enabled = true (custom)
2019-09-26 09:21:11,162 [pool-107-thread-1] INFO  segmented.SegmentedRaftLogWorker (SegmentedRaftLogWorker.java:lambda$new$0(132)) - 45c711e7-a055-41cb-865c-06675942396d@group-ACDFDCF2A786-SegmentedRaftLogWorker: flushIndex: setUnconditionally 0 -> -1
2019-09-26 09:21:11,162 [pool-107-thread-1] INFO  server.RaftServerConfigKeys (ConfUtils.java:logGet(43)) - raft.server.snapshot.auto.trigger.enabled = true (custom)
2019-09-26 09:21:11,163 [pool-107-thread-1] INFO  server.RaftServerConfigKeys (ConfUtils.java:logGet(43)) - raft.server.snapshot.auto.trigger.threshold = 10000 (custom)
2019-09-26 09:21:11,163 [pool-107-thread-1] INFO  server.RaftServerConfigKeys (ConfUtils.java:logGet(43)) - raft.server.snapshot.retention.num.files = 5 (custom)
2019-09-26 09:21:11,163 [pool-107-thread-1] INFO  server.RaftServerConfigKeys (ConfUtils.java:logGet(43)) - raft.server.retrycache.expirytime = 600000ms (custom)
2019-09-26 09:21:11,165 [pool-107-thread-1] INFO  impl.RaftServerImpl (RaftServerImpl.java:start(185)) - 45c711e7-a055-41cb-865c-06675942396d@group-ACDFDCF2A786: start as a follower, conf=-1: [45c711e7-a055-41cb-865c-06675942396d:192.168.30.13:38892], old=null
2019-09-26 09:21:11,165 [pool-107-thread-1] INFO  impl.RaftServerImpl (RaftServerImpl.java:setRole(174)) - 45c711e7-a055-41cb-865c-06675942396d@group-ACDFDCF2A786: changes role from      null to FOLLOWER at term 0 for startAsFollower
2019-09-26 09:21:11,165 [pool-107-thread-1] INFO  impl.RoleInfo (RoleInfo.java:updateAndGet(143)) - 45c711e7-a055-41cb-865c-06675942396d: start FollowerState
2019-09-26 09:21:11,165 [pool-107-thread-1] INFO  util.JmxRegister (JmxRegister.java:tryRegister(44)) - Successfully registered JMX Bean with object name Ratis:service=RaftServer,group=group-ACDFDCF2A786,id=45c711e7-a055-41cb-865c-06675942396d
2019-09-26 09:21:11,181 [RatisPipelineUtilsThread] INFO  pipeline.PipelineStateManager (PipelineStateManager.java:addPipeline(56)) - Created pipeline Pipeline[ Id: 598a5546-d2ee-418a-96de-acdfdcf2a786, Nodes: 45c711e7-a055-41cb-865c-06675942396d{ip: 192.168.30.13, host: pr-hdds-1569-wvzgm-824869521, networkLocation: /default-rack, certSerialId: null}, Type:RATIS, Factor:ONE, State:OPEN]
2019-09-26 09:21:11,195 [grpc-default-executor-0] INFO  impl.RaftServerProxy (RaftServerProxy.java:addNew(89)) - 3696961a-2fd3-4cbb-be04-5fcc9f82ed1a: addNew group-B09579914A60:[3696961a-2fd3-4cbb-be04-5fcc9f82ed1a:192.168.30.13:37562] returns group-B09579914A60:java.util.concurrent.CompletableFuture@59ff4eef[Not completed]
2019-09-26 09:21:11,199 [pool-57-thread-1] INFO  impl.RaftServerImpl (RaftServerImpl.java:<init>(95)) - 3696961a-2fd3-4cbb-be04-5fcc9f82ed1a: new RaftServerImpl for group-B09579914A60:[3696961a-2fd3-4cbb-be04-5fcc9f82ed1a:192.168.30.13:37562] with ContainerStateMachine:uninitialized
2019-09-26 09:21:11,199 [pool-57-thread-1] INFO  server.RaftServerConfigKeys (ConfUtils.java:logGet(43)) - raft.server.rpc.timeout.min = 5s (custom)
2019-09-26 09:21:11,199 [pool-57-thread-1] INFO  server.RaftServerConfigKeys (ConfUtils.java:logGet(43)) - raft.server.rpc.timeout.max = 5200ms (custom)
2019-09-26 09:21:11,200 [pool-57-thread-1] INFO  server.RaftServerConfigKeys (ConfUtils.java:logGet(43)) - raft.server.rpcslowness.timeout = 120s (custom)
2019-09-26 09:21:11,200 [pool-57-thread-1] INFO  server.RaftServerConfigKeys (ConfUtils.java:logGet(43)) - raft.server.sleep.deviation.threshold = 300 (default)
2019-09-26 09:21:11,200 [pool-57-thread-1] INFO  server.RaftServerConfigKeys (ConfUtils.java:logGet(43)) - raft.server.log.appender.install.snapshot.enabled = false (custom)
2019-09-26 09:21:11,200 [pool-57-thread-1] INFO  impl.RaftServerImpl (ServerState.java:<init>(103)) - 3696961a-2fd3-4cbb-be04-5fcc9f82ed1a@group-B09579914A60: ConfigurationManager, init=-1: [3696961a-2fd3-4cbb-be04-5fcc9f82ed1a:192.168.30.13:37562], old=null, confs=<EMPTY_MAP>
2019-09-26 09:21:11,200 [pool-57-thread-1] INFO  server.RaftServerConfigKeys (ConfUtils.java:logGet(43)) - raft.server.storage.dir = [/workdir/hadoop-ozone/integration-test/target/test-dir/MiniOzoneClusterImpl-078ea463-30a6-4c8a-a8ff-41db0515e22e/datanode-3/data/ratis] (custom)
2019-09-26 09:21:11,201 [pool-57-thread-1] INFO  storage.RaftStorageDirectory (RaftStorageDirectory.java:analyzeStorage(246)) - The storage directory /workdir/hadoop-ozone/integration-test/target/test-dir/MiniOzoneClusterImpl-078ea463-30a6-4c8a-a8ff-41db0515e22e/datanode-3/data/ratis/9f10d4eb-c385-4835-8cf6-b09579914a60 does not exist. Creating ...
2019-09-26 09:21:11,207 [IPC Server handler 1 on 34119] INFO  volume.OMVolumeCreateRequest (OMVolumeCreateRequest.java:validateAndUpdateCache(189)) - created volume:test for user:jenkins1000
2019-09-26 09:21:11,215 [pool-57-thread-1] INFO  storage.RaftStorageDirectory (RaftStorageDirectory.java:tryLock(328)) - Lock on /workdir/hadoop-ozone/integration-test/target/test-dir/MiniOzoneClusterImpl-078ea463-30a6-4c8a-a8ff-41db0515e22e/datanode-3/data/ratis/9f10d4eb-c385-4835-8cf6-b09579914a60/in_use.lock acquired by nodename 11214@pr-hdds-1569-wvzgm-824869521
2019-09-26 09:21:11,224 [pool-57-thread-1] INFO  storage.RaftStorage (RaftStorage.java:format(72)) - Storage directory /workdir/hadoop-ozone/integration-test/target/test-dir/MiniOzoneClusterImpl-078ea463-30a6-4c8a-a8ff-41db0515e22e/datanode-3/data/ratis/9f10d4eb-c385-4835-8cf6-b09579914a60 has been successfully formatted.
2019-09-26 09:21:11,224 [pool-57-thread-1] INFO  ratis.ContainerStateMachine (ContainerStateMachine.java:loadSnapshot(230)) - group-B09579914A60: The snapshot info is null. Setting the last applied indexto:(t:0, i:~)
2019-09-26 09:21:11,224 [pool-57-thread-1] INFO  server.RaftServerConfigKeys (ConfUtils.java:logGet(43)) - raft.server.notification.no-leader.timeout = 120s (custom)
2019-09-26 09:21:11,224 [pool-57-thread-1] INFO  server.RaftServerConfigKeys (ConfUtils.java:logGet(43)) - raft.server.log.use.memory = false (default)
2019-09-26 09:21:11,225 [pool-57-thread-1] INFO  server.RaftServerConfigKeys (ConfUtils.java:logGet(43)) - raft.server.log.purge.gap = 1000000 (custom)
2019-09-26 09:21:11,225 [pool-57-thread-1] INFO  server.RaftServerConfigKeys (ConfUtils.java:logGet(43)) - raft.server.log.appender.buffer.byte-limit = 33554432 (custom)
2019-09-26 09:21:11,230 [pool-57-thread-1] INFO  server.RaftServerConfigKeys (ConfUtils.java:logGet(43)) - raft.server.log.segment.size.max = 1048576 (custom)
2019-09-26 09:21:11,230 [pool-57-thread-1] INFO  server.RaftServerConfigKeys (ConfUtils.java:logGet(43)) - raft.server.log.segment.cache.num.max = 2 (custom)
2019-09-26 09:21:11,230 [pool-57-thread-1] INFO  segmented.SegmentedRaftLogWorker (SegmentedRaftLogWorker.java:<init>(172)) - new 3696961a-2fd3-4cbb-be04-5fcc9f82ed1a@group-B09579914A60-SegmentedRaftLogWorker for RaftStorage:Storage Directory /workdir/hadoop-ozone/integration-test/target/test-dir/MiniOzoneClusterImpl-078ea463-30a6-4c8a-a8ff-41db0515e22e/datanode-3/data/ratis/9f10d4eb-c385-4835-8cf6-b09579914a60
2019-09-26 09:21:11,240 [pool-57-thread-1] INFO  server.RaftServerConfigKeys (ConfUtils.java:logGet(43)) - raft.server.log.queue.byte-limit = 2147483647 (custom)
2019-09-26 09:21:11,240 [pool-57-thread-1] INFO  server.RaftServerConfigKeys (ConfUtils.java:logGet(43)) - raft.server.log.queue.element-limit = 1024 (custom)
2019-09-26 09:21:11,240 [pool-57-thread-1] INFO  server.RaftServerConfigKeys (ConfUtils.java:logGet(43)) - raft.server.log.segment.size.max = 1048576 (custom)
2019-09-26 09:21:11,240 [pool-57-thread-1] INFO  server.RaftServerConfigKeys (ConfUtils.java:logGet(43)) - raft.server.log.preallocated.size = 16384 (custom)
2019-09-26 09:21:11,240 [pool-57-thread-1] INFO  server.RaftServerConfigKeys (ConfUtils.java:logGet(43)) - raft.server.log.write.buffer.size = 33554432 (custom)
2019-09-26 09:21:11,241 [pool-57-thread-1] INFO  server.RaftServerConfigKeys (ConfUtils.java:logGet(43)) - raft.server.log.force.sync.num = 128 (default)
2019-09-26 09:21:11,241 [pool-57-thread-1] INFO  server.RaftServerConfigKeys (ConfUtils.java:logGet(43)) - raft.server.log.statemachine.data.sync = true (default)
2019-09-26 09:21:11,241 [pool-57-thread-1] INFO  server.RaftServerConfigKeys (ConfUtils.java:logGet(43)) - raft.server.log.statemachine.data.sync.timeout = 10s (default)
2019-09-26 09:21:11,241 [pool-57-thread-1] INFO  server.RaftServerConfigKeys (ConfUtils.java:logGet(43)) - raft.server.log.statemachine.data.sync.timeout.retry = -1 (default)
2019-09-26 09:21:11,241 [pool-57-thread-1] INFO  server.RaftServerConfigKeys (ConfUtils.java:logGet(43)) - raft.server.log.statemachine.data.caching.enabled = true (custom)
2019-09-26 09:21:11,241 [pool-57-thread-1] INFO  segmented.SegmentedRaftLogWorker (SegmentedRaftLogWorker.java:lambda$new$0(132)) - 3696961a-2fd3-4cbb-be04-5fcc9f82ed1a@group-B09579914A60-SegmentedRaftLogWorker: flushIndex: setUnconditionally 0 -> -1
2019-09-26 09:21:11,242 [pool-57-thread-1] INFO  server.RaftServerConfigKeys (ConfUtils.java:logGet(43)) - raft.server.snapshot.auto.trigger.enabled = true (custom)
2019-09-26 09:21:11,242 [pool-57-thread-1] INFO  server.RaftServerConfigKeys (ConfUtils.java:logGet(43)) - raft.server.snapshot.auto.trigger.threshold = 10000 (custom)
2019-09-26 09:21:11,242 [pool-57-thread-1] INFO  server.RaftServerConfigKeys (ConfUtils.java:logGet(43)) - raft.server.snapshot.retention.num.files = 5 (custom)
2019-09-26 09:21:11,242 [pool-57-thread-1] INFO  server.RaftServerConfigKeys (ConfUtils.java:logGet(43)) - raft.server.retrycache.expirytime = 600000ms (custom)
2019-09-26 09:21:11,244 [pool-57-thread-1] INFO  impl.RaftServerImpl (RaftServerImpl.java:start(185)) - 3696961a-2fd3-4cbb-be04-5fcc9f82ed1a@group-B09579914A60: start as a follower, conf=-1: [3696961a-2fd3-4cbb-be04-5fcc9f82ed1a:192.168.30.13:37562], old=null
2019-09-26 09:21:11,244 [pool-57-thread-1] INFO  impl.RaftServerImpl (RaftServerImpl.java:setRole(174)) - 3696961a-2fd3-4cbb-be04-5fcc9f82ed1a@group-B09579914A60: changes role from      null to FOLLOWER at term 0 for startAsFollower
2019-09-26 09:21:11,244 [pool-57-thread-1] INFO  impl.RoleInfo (RoleInfo.java:updateAndGet(143)) - 3696961a-2fd3-4cbb-be04-5fcc9f82ed1a: start FollowerState
2019-09-26 09:21:11,245 [main] INFO  rpc.RpcClient (RpcClient.java:createBucket(415)) - Creating Bucket: test/test, with Versioning false and Storage Type set to DISK and Encryption set to false 
2019-09-26 09:21:11,245 [pool-57-thread-1] INFO  util.JmxRegister (JmxRegister.java:tryRegister(44)) - Successfully registered JMX Bean with object name Ratis:service=RaftServer,group=group-B09579914A60,id=3696961a-2fd3-4cbb-be04-5fcc9f82ed1a
2019-09-26 09:21:11,251 [RatisPipelineUtilsThread] INFO  pipeline.PipelineStateManager (PipelineStateManager.java:addPipeline(56)) - Created pipeline Pipeline[ Id: 9f10d4eb-c385-4835-8cf6-b09579914a60, Nodes: 3696961a-2fd3-4cbb-be04-5fcc9f82ed1a{ip: 192.168.30.13, host: pr-hdds-1569-wvzgm-824869521, networkLocation: /default-rack, certSerialId: null}, Type:RATIS, Factor:ONE, State:OPEN]
2019-09-26 09:21:11,549 [grpc-default-executor-0] INFO  impl.RaftServerProxy (RaftServerProxy.java:addNew(89)) - 45c711e7-a055-41cb-865c-06675942396d: addNew group-00C0085EAE1B:[45c711e7-a055-41cb-865c-06675942396d:192.168.30.13:38892] returns group-00C0085EAE1B:java.util.concurrent.CompletableFuture@723b1709[Not completed]
2019-09-26 09:21:11,552 [pool-107-thread-1] INFO  impl.RaftServerImpl (RaftServerImpl.java:<init>(95)) - 45c711e7-a055-41cb-865c-06675942396d: new RaftServerImpl for group-00C0085EAE1B:[45c711e7-a055-41cb-865c-06675942396d:192.168.30.13:38892] with ContainerStateMachine:uninitialized
2019-09-26 09:21:11,552 [pool-107-thread-1] INFO  server.RaftServerConfigKeys (ConfUtils.java:logGet(43)) - raft.server.rpc.timeout.min = 5s (custom)
2019-09-26 09:21:11,552 [pool-107-thread-1] INFO  server.RaftServerConfigKeys (ConfUtils.java:logGet(43)) - raft.server.rpc.timeout.max = 5200ms (custom)
2019-09-26 09:21:11,552 [pool-107-thread-1] INFO  server.RaftServerConfigKeys (ConfUtils.java:logGet(43)) - raft.server.rpcslowness.timeout = 120s (custom)
2019-09-26 09:21:11,552 [pool-107-thread-1] INFO  server.RaftServerConfigKeys (ConfUtils.java:logGet(43)) - raft.server.sleep.deviation.threshold = 300 (default)
2019-09-26 09:21:11,552 [pool-107-thread-1] INFO  server.RaftServerConfigKeys (ConfUtils.java:logGet(43)) - raft.server.log.appender.install.snapshot.enabled = false (custom)
2019-09-26 09:21:11,552 [pool-107-thread-1] INFO  impl.RaftServerImpl (ServerState.java:<init>(103)) - 45c711e7-a055-41cb-865c-06675942396d@group-00C0085EAE1B: ConfigurationManager, init=-1: [45c711e7-a055-41cb-865c-06675942396d:192.168.30.13:38892], old=null, confs=<EMPTY_MAP>
2019-09-26 09:21:11,553 [pool-107-thread-1] INFO  server.RaftServerConfigKeys (ConfUtils.java:logGet(43)) - raft.server.storage.dir = [/workdir/hadoop-ozone/integration-test/target/test-dir/MiniOzoneClusterImpl-078ea463-30a6-4c8a-a8ff-41db0515e22e/datanode-8/data/ratis] (custom)
2019-09-26 09:21:11,553 [pool-107-thread-1] INFO  storage.RaftStorageDirectory (RaftStorageDirectory.java:analyzeStorage(246)) - The storage directory /workdir/hadoop-ozone/integration-test/target/test-dir/MiniOzoneClusterImpl-078ea463-30a6-4c8a-a8ff-41db0515e22e/datanode-8/data/ratis/aea1b71f-b978-4b7a-b849-00c0085eae1b does not exist. Creating ...
2019-09-26 09:21:11,562 [pool-107-thread-1] INFO  storage.RaftStorageDirectory (RaftStorageDirectory.java:tryLock(328)) - Lock on /workdir/hadoop-ozone/integration-test/target/test-dir/MiniOzoneClusterImpl-078ea463-30a6-4c8a-a8ff-41db0515e22e/datanode-8/data/ratis/aea1b71f-b978-4b7a-b849-00c0085eae1b/in_use.lock acquired by nodename 11214@pr-hdds-1569-wvzgm-824869521
2019-09-26 09:21:11,569 [pool-107-thread-1] INFO  storage.RaftStorage (RaftStorage.java:format(72)) - Storage directory /workdir/hadoop-ozone/integration-test/target/test-dir/MiniOzoneClusterImpl-078ea463-30a6-4c8a-a8ff-41db0515e22e/datanode-8/data/ratis/aea1b71f-b978-4b7a-b849-00c0085eae1b has been successfully formatted.
2019-09-26 09:21:11,570 [pool-107-thread-1] INFO  ratis.ContainerStateMachine (ContainerStateMachine.java:loadSnapshot(230)) - group-00C0085EAE1B: The snapshot info is null. Setting the last applied indexto:(t:0, i:~)
2019-09-26 09:21:11,570 [pool-107-thread-1] INFO  server.RaftServerConfigKeys (ConfUtils.java:logGet(43)) - raft.server.notification.no-leader.timeout = 120s (custom)
2019-09-26 09:21:11,570 [pool-107-thread-1] INFO  server.RaftServerConfigKeys (ConfUtils.java:logGet(43)) - raft.server.log.use.memory = false (default)
2019-09-26 09:21:11,570 [pool-107-thread-1] INFO  server.RaftServerConfigKeys (ConfUtils.java:logGet(43)) - raft.server.log.purge.gap = 1000000 (custom)
2019-09-26 09:21:11,570 [pool-107-thread-1] INFO  server.RaftServerConfigKeys (ConfUtils.java:logGet(43)) - raft.server.log.appender.buffer.byte-limit = 33554432 (custom)
2019-09-26 09:21:11,570 [pool-107-thread-1] INFO  server.RaftServerConfigKeys (ConfUtils.java:logGet(43)) - raft.server.log.segment.size.max = 1048576 (custom)
2019-09-26 09:21:11,570 [pool-107-thread-1] INFO  server.RaftServerConfigKeys (ConfUtils.java:logGet(43)) - raft.server.log.segment.cache.num.max = 2 (custom)
2019-09-26 09:21:11,570 [pool-107-thread-1] INFO  segmented.SegmentedRaftLogWorker (SegmentedRaftLogWorker.java:<init>(172)) - new 45c711e7-a055-41cb-865c-06675942396d@group-00C0085EAE1B-SegmentedRaftLogWorker for RaftStorage:Storage Directory /workdir/hadoop-ozone/integration-test/target/test-dir/MiniOzoneClusterImpl-078ea463-30a6-4c8a-a8ff-41db0515e22e/datanode-8/data/ratis/aea1b71f-b978-4b7a-b849-00c0085eae1b
2019-09-26 09:21:11,571 [pool-107-thread-1] INFO  server.RaftServerConfigKeys (ConfUtils.java:logGet(43)) - raft.server.log.queue.byte-limit = 2147483647 (custom)
2019-09-26 09:21:11,571 [pool-107-thread-1] INFO  server.RaftServerConfigKeys (ConfUtils.java:logGet(43)) - raft.server.log.queue.element-limit = 1024 (custom)
2019-09-26 09:21:11,571 [pool-107-thread-1] INFO  server.RaftServerConfigKeys (ConfUtils.java:logGet(43)) - raft.server.log.segment.size.max = 1048576 (custom)
2019-09-26 09:21:11,571 [pool-107-thread-1] INFO  server.RaftServerConfigKeys (ConfUtils.java:logGet(43)) - raft.server.log.preallocated.size = 16384 (custom)
2019-09-26 09:21:11,571 [pool-107-thread-1] INFO  server.RaftServerConfigKeys (ConfUtils.java:logGet(43)) - raft.server.log.write.buffer.size = 33554432 (custom)
2019-09-26 09:21:11,571 [pool-107-thread-1] INFO  server.RaftServerConfigKeys (ConfUtils.java:logGet(43)) - raft.server.log.force.sync.num = 128 (default)
2019-09-26 09:21:11,571 [pool-107-thread-1] INFO  server.RaftServerConfigKeys (ConfUtils.java:logGet(43)) - raft.server.log.statemachine.data.sync = true (default)
2019-09-26 09:21:11,571 [pool-107-thread-1] INFO  server.RaftServerConfigKeys (ConfUtils.java:logGet(43)) - raft.server.log.statemachine.data.sync.timeout = 10s (default)
2019-09-26 09:21:11,571 [pool-107-thread-1] INFO  server.RaftServerConfigKeys (ConfUtils.java:logGet(43)) - raft.server.log.statemachine.data.sync.timeout.retry = -1 (default)
2019-09-26 09:21:11,572 [pool-107-thread-1] INFO  server.RaftServerConfigKeys (ConfUtils.java:logGet(43)) - raft.server.log.statemachine.data.caching.enabled = true (custom)
2019-09-26 09:21:11,572 [pool-107-thread-1] INFO  segmented.SegmentedRaftLogWorker (SegmentedRaftLogWorker.java:lambda$new$0(132)) - 45c711e7-a055-41cb-865c-06675942396d@group-00C0085EAE1B-SegmentedRaftLogWorker: flushIndex: setUnconditionally 0 -> -1
2019-09-26 09:21:11,572 [pool-107-thread-1] INFO  server.RaftServerConfigKeys (ConfUtils.java:logGet(43)) - raft.server.snapshot.auto.trigger.enabled = true (custom)
2019-09-26 09:21:11,572 [pool-107-thread-1] INFO  server.RaftServerConfigKeys (ConfUtils.java:logGet(43)) - raft.server.snapshot.auto.trigger.threshold = 10000 (custom)
2019-09-26 09:21:11,572 [pool-107-thread-1] INFO  server.RaftServerConfigKeys (ConfUtils.java:logGet(43)) - raft.server.snapshot.retention.num.files = 5 (custom)
2019-09-26 09:21:11,573 [pool-107-thread-1] INFO  server.RaftServerConfigKeys (ConfUtils.java:logGet(43)) - raft.server.retrycache.expirytime = 600000ms (custom)
2019-09-26 09:21:11,575 [pool-107-thread-1] INFO  impl.RaftServerImpl (RaftServerImpl.java:start(185)) - 45c711e7-a055-41cb-865c-06675942396d@group-00C0085EAE1B: start as a follower, conf=-1: [45c711e7-a055-41cb-865c-06675942396d:192.168.30.13:38892], old=null
2019-09-26 09:21:11,575 [pool-107-thread-1] INFO  impl.RaftServerImpl (RaftServerImpl.java:setRole(174)) - 45c711e7-a055-41cb-865c-06675942396d@group-00C0085EAE1B: changes role from      null to FOLLOWER at term 0 for startAsFollower
2019-09-26 09:21:11,575 [pool-107-thread-1] INFO  impl.RoleInfo (RoleInfo.java:updateAndGet(143)) - 45c711e7-a055-41cb-865c-06675942396d: start FollowerState
2019-09-26 09:21:11,576 [pool-107-thread-1] INFO  util.JmxRegister (JmxRegister.java:tryRegister(44)) - Successfully registered JMX Bean with object name Ratis:service=RaftServer,group=group-00C0085EAE1B,id=45c711e7-a055-41cb-865c-06675942396d
2019-09-26 09:21:11,582 [RatisPipelineUtilsThread] INFO  pipeline.PipelineStateManager (PipelineStateManager.java:addPipeline(56)) - Created pipeline Pipeline[ Id: aea1b71f-b978-4b7a-b849-00c0085eae1b, Nodes: 45c711e7-a055-41cb-865c-06675942396d{ip: 192.168.30.13, host: pr-hdds-1569-wvzgm-824869521, networkLocation: /default-rack, certSerialId: null}, Type:RATIS, Factor:ONE, State:OPEN]
2019-09-26 09:21:11,615 [grpc-default-executor-0] INFO  impl.RaftServerProxy (RaftServerProxy.java:addNew(89)) - 1dec72e7-0344-4894-a47b-48d961c58f71: addNew group-18A5AA6DBE8D:[1dec72e7-0344-4894-a47b-48d961c58f71:192.168.30.13:42556] returns group-18A5AA6DBE8D:java.util.concurrent.CompletableFuture@3657ed16[Not completed]
2019-09-26 09:21:11,616 [pool-27-thread-1] INFO  impl.RaftServerImpl (RaftServerImpl.java:<init>(95)) - 1dec72e7-0344-4894-a47b-48d961c58f71: new RaftServerImpl for group-18A5AA6DBE8D:[1dec72e7-0344-4894-a47b-48d961c58f71:192.168.30.13:42556] with ContainerStateMachine:uninitialized
2019-09-26 09:21:11,616 [pool-27-thread-1] INFO  server.RaftServerConfigKeys (ConfUtils.java:logGet(43)) - raft.server.rpc.timeout.min = 5s (custom)
2019-09-26 09:21:11,617 [pool-27-thread-1] INFO  server.RaftServerConfigKeys (ConfUtils.java:logGet(43)) - raft.server.rpc.timeout.max = 5200ms (custom)
2019-09-26 09:21:11,617 [pool-27-thread-1] INFO  server.RaftServerConfigKeys (ConfUtils.java:logGet(43)) - raft.server.rpcslowness.timeout = 120s (custom)
2019-09-26 09:21:11,617 [pool-27-thread-1] INFO  server.RaftServerConfigKeys (ConfUtils.java:logGet(43)) - raft.server.sleep.deviation.threshold = 300 (default)
2019-09-26 09:21:11,617 [pool-27-thread-1] INFO  server.RaftServerConfigKeys (ConfUtils.java:logGet(43)) - raft.server.log.appender.install.snapshot.enabled = false (custom)
2019-09-26 09:21:11,617 [pool-27-thread-1] INFO  impl.RaftServerImpl (ServerState.java:<init>(103)) - 1dec72e7-0344-4894-a47b-48d961c58f71@group-18A5AA6DBE8D: ConfigurationManager, init=-1: [1dec72e7-0344-4894-a47b-48d961c58f71:192.168.30.13:42556], old=null, confs=<EMPTY_MAP>
2019-09-26 09:21:11,617 [pool-27-thread-1] INFO  server.RaftServerConfigKeys (ConfUtils.java:logGet(43)) - raft.server.storage.dir = [/workdir/hadoop-ozone/integration-test/target/test-dir/MiniOzoneClusterImpl-078ea463-30a6-4c8a-a8ff-41db0515e22e/datanode-0/data/ratis] (custom)
2019-09-26 09:21:11,618 [pool-27-thread-1] INFO  storage.RaftStorageDirectory (RaftStorageDirectory.java:analyzeStorage(246)) - The storage directory /workdir/hadoop-ozone/integration-test/target/test-dir/MiniOzoneClusterImpl-078ea463-30a6-4c8a-a8ff-41db0515e22e/datanode-0/data/ratis/251fff75-f143-4cb0-9fdc-18a5aa6dbe8d does not exist. Creating ...
2019-09-26 09:21:11,623 [pool-27-thread-1] INFO  storage.RaftStorageDirectory (RaftStorageDirectory.java:tryLock(328)) - Lock on /workdir/hadoop-ozone/integration-test/target/test-dir/MiniOzoneClusterImpl-078ea463-30a6-4c8a-a8ff-41db0515e22e/datanode-0/data/ratis/251fff75-f143-4cb0-9fdc-18a5aa6dbe8d/in_use.lock acquired by nodename 11214@pr-hdds-1569-wvzgm-824869521
2019-09-26 09:21:11,649 [pool-27-thread-1] INFO  storage.RaftStorage (RaftStorage.java:format(72)) - Storage directory /workdir/hadoop-ozone/integration-test/target/test-dir/MiniOzoneClusterImpl-078ea463-30a6-4c8a-a8ff-41db0515e22e/datanode-0/data/ratis/251fff75-f143-4cb0-9fdc-18a5aa6dbe8d has been successfully formatted.
2019-09-26 09:21:11,649 [pool-27-thread-1] INFO  ratis.ContainerStateMachine (ContainerStateMachine.java:loadSnapshot(230)) - group-18A5AA6DBE8D: The snapshot info is null. Setting the last applied indexto:(t:0, i:~)
2019-09-26 09:21:11,650 [pool-27-thread-1] INFO  server.RaftServerConfigKeys (ConfUtils.java:logGet(43)) - raft.server.notification.no-leader.timeout = 120s (custom)
2019-09-26 09:21:11,650 [pool-27-thread-1] INFO  server.RaftServerConfigKeys (ConfUtils.java:logGet(43)) - raft.server.log.use.memory = false (default)
2019-09-26 09:21:11,650 [pool-27-thread-1] INFO  server.RaftServerConfigKeys (ConfUtils.java:logGet(43)) - raft.server.log.purge.gap = 1000000 (custom)
2019-09-26 09:21:11,650 [pool-27-thread-1] INFO  server.RaftServerConfigKeys (ConfUtils.java:logGet(43)) - raft.server.log.appender.buffer.byte-limit = 33554432 (custom)
2019-09-26 09:21:11,650 [pool-27-thread-1] INFO  server.RaftServerConfigKeys (ConfUtils.java:logGet(43)) - raft.server.log.segment.size.max = 1048576 (custom)
2019-09-26 09:21:11,651 [pool-27-thread-1] INFO  server.RaftServerConfigKeys (ConfUtils.java:logGet(43)) - raft.server.log.segment.cache.num.max = 2 (custom)
2019-09-26 09:21:11,651 [pool-27-thread-1] INFO  segmented.SegmentedRaftLogWorker (SegmentedRaftLogWorker.java:<init>(172)) - new 1dec72e7-0344-4894-a47b-48d961c58f71@group-18A5AA6DBE8D-SegmentedRaftLogWorker for RaftStorage:Storage Directory /workdir/hadoop-ozone/integration-test/target/test-dir/MiniOzoneClusterImpl-078ea463-30a6-4c8a-a8ff-41db0515e22e/datanode-0/data/ratis/251fff75-f143-4cb0-9fdc-18a5aa6dbe8d
2019-09-26 09:21:11,651 [pool-27-thread-1] INFO  server.RaftServerConfigKeys (ConfUtils.java:logGet(43)) - raft.server.log.queue.byte-limit = 2147483647 (custom)
2019-09-26 09:21:11,651 [pool-27-thread-1] INFO  server.RaftServerConfigKeys (ConfUtils.java:logGet(43)) - raft.server.log.queue.element-limit = 1024 (custom)
2019-09-26 09:21:11,651 [pool-27-thread-1] INFO  server.RaftServerConfigKeys (ConfUtils.java:logGet(43)) - raft.server.log.segment.size.max = 1048576 (custom)
2019-09-26 09:21:11,651 [pool-27-thread-1] INFO  server.RaftServerConfigKeys (ConfUtils.java:logGet(43)) - raft.server.log.preallocated.size = 16384 (custom)
2019-09-26 09:21:11,652 [pool-27-thread-1] INFO  server.RaftServerConfigKeys (ConfUtils.java:logGet(43)) - raft.server.log.write.buffer.size = 33554432 (custom)
2019-09-26 09:21:11,652 [pool-27-thread-1] INFO  server.RaftServerConfigKeys (ConfUtils.java:logGet(43)) - raft.server.log.force.sync.num = 128 (default)
2019-09-26 09:21:11,652 [pool-27-thread-1] INFO  server.RaftServerConfigKeys (ConfUtils.java:logGet(43)) - raft.server.log.statemachine.data.sync = true (default)
2019-09-26 09:21:11,652 [pool-27-thread-1] INFO  server.RaftServerConfigKeys (ConfUtils.java:logGet(43)) - raft.server.log.statemachine.data.sync.timeout = 10s (default)
2019-09-26 09:21:11,652 [pool-27-thread-1] INFO  server.RaftServerConfigKeys (ConfUtils.java:logGet(43)) - raft.server.log.statemachine.data.sync.timeout.retry = -1 (default)
2019-09-26 09:21:11,653 [pool-27-thread-1] INFO  server.RaftServerConfigKeys (ConfUtils.java:logGet(43)) - raft.server.log.statemachine.data.caching.enabled = true (custom)
2019-09-26 09:21:11,653 [pool-27-thread-1] INFO  segmented.SegmentedRaftLogWorker (SegmentedRaftLogWorker.java:lambda$new$0(132)) - 1dec72e7-0344-4894-a47b-48d961c58f71@group-18A5AA6DBE8D-SegmentedRaftLogWorker: flushIndex: setUnconditionally 0 -> -1
2019-09-26 09:21:11,653 [pool-27-thread-1] INFO  server.RaftServerConfigKeys (ConfUtils.java:logGet(43)) - raft.server.snapshot.auto.trigger.enabled = true (custom)
2019-09-26 09:21:11,654 [pool-27-thread-1] INFO  server.RaftServerConfigKeys (ConfUtils.java:logGet(43)) - raft.server.snapshot.auto.trigger.threshold = 10000 (custom)
2019-09-26 09:21:11,654 [pool-27-thread-1] INFO  server.RaftServerConfigKeys (ConfUtils.java:logGet(43)) - raft.server.snapshot.retention.num.files = 5 (custom)
2019-09-26 09:21:11,654 [pool-27-thread-1] INFO  server.RaftServerConfigKeys (ConfUtils.java:logGet(43)) - raft.server.retrycache.expirytime = 600000ms (custom)
2019-09-26 09:21:11,657 [pool-27-thread-1] INFO  impl.RaftServerImpl (RaftServerImpl.java:start(185)) - 1dec72e7-0344-4894-a47b-48d961c58f71@group-18A5AA6DBE8D: start as a follower, conf=-1: [1dec72e7-0344-4894-a47b-48d961c58f71:192.168.30.13:42556], old=null
2019-09-26 09:21:11,657 [pool-27-thread-1] INFO  impl.RaftServerImpl (RaftServerImpl.java:setRole(174)) - 1dec72e7-0344-4894-a47b-48d961c58f71@group-18A5AA6DBE8D: changes role from      null to FOLLOWER at term 0 for startAsFollower
2019-09-26 09:21:11,657 [pool-27-thread-1] INFO  impl.RoleInfo (RoleInfo.java:updateAndGet(143)) - 1dec72e7-0344-4894-a47b-48d961c58f71: start FollowerState
2019-09-26 09:21:11,658 [pool-27-thread-1] INFO  util.JmxRegister (JmxRegister.java:tryRegister(44)) - Successfully registered JMX Bean with object name Ratis:service=RaftServer,group=group-18A5AA6DBE8D,id=1dec72e7-0344-4894-a47b-48d961c58f71
2019-09-26 09:21:11,665 [RatisPipelineUtilsThread] INFO  pipeline.PipelineStateManager (PipelineStateManager.java:addPipeline(56)) - Created pipeline Pipeline[ Id: 251fff75-f143-4cb0-9fdc-18a5aa6dbe8d, Nodes: 1dec72e7-0344-4894-a47b-48d961c58f71{ip: 192.168.30.13, host: pr-hdds-1569-wvzgm-824869521, networkLocation: /default-rack, certSerialId: null}, Type:RATIS, Factor:ONE, State:OPEN]
2019-09-26 09:21:11,676 [grpc-default-executor-0] INFO  impl.RaftServerProxy (RaftServerProxy.java:addNew(89)) - 45c711e7-a055-41cb-865c-06675942396d: addNew group-002E01A9E4EE:[45c711e7-a055-41cb-865c-06675942396d:192.168.30.13:38892] returns group-002E01A9E4EE:java.util.concurrent.CompletableFuture@48a5970a[Not completed]
2019-09-26 09:21:11,678 [pool-107-thread-1] INFO  impl.RaftServerImpl (RaftServerImpl.java:<init>(95)) - 45c711e7-a055-41cb-865c-06675942396d: new RaftServerImpl for group-002E01A9E4EE:[45c711e7-a055-41cb-865c-06675942396d:192.168.30.13:38892] with ContainerStateMachine:uninitialized
2019-09-26 09:21:11,678 [pool-107-thread-1] INFO  server.RaftServerConfigKeys (ConfUtils.java:logGet(43)) - raft.server.rpc.timeout.min = 5s (custom)
2019-09-26 09:21:11,678 [pool-107-thread-1] INFO  server.RaftServerConfigKeys (ConfUtils.java:logGet(43)) - raft.server.rpc.timeout.max = 5200ms (custom)
2019-09-26 09:21:11,678 [pool-107-thread-1] INFO  server.RaftServerConfigKeys (ConfUtils.java:logGet(43)) - raft.server.rpcslowness.timeout = 120s (custom)
2019-09-26 09:21:11,678 [pool-107-thread-1] INFO  server.RaftServerConfigKeys (ConfUtils.java:logGet(43)) - raft.server.sleep.deviation.threshold = 300 (default)
2019-09-26 09:21:11,679 [pool-107-thread-1] INFO  server.RaftServerConfigKeys (ConfUtils.java:logGet(43)) - raft.server.log.appender.install.snapshot.enabled = false (custom)
2019-09-26 09:21:11,679 [pool-107-thread-1] INFO  impl.RaftServerImpl (ServerState.java:<init>(103)) - 45c711e7-a055-41cb-865c-06675942396d@group-002E01A9E4EE: ConfigurationManager, init=-1: [45c711e7-a055-41cb-865c-06675942396d:192.168.30.13:38892], old=null, confs=<EMPTY_MAP>
2019-09-26 09:21:11,679 [pool-107-thread-1] INFO  server.RaftServerConfigKeys (ConfUtils.java:logGet(43)) - raft.server.storage.dir = [/workdir/hadoop-ozone/integration-test/target/test-dir/MiniOzoneClusterImpl-078ea463-30a6-4c8a-a8ff-41db0515e22e/datanode-8/data/ratis] (custom)
2019-09-26 09:21:11,680 [pool-107-thread-1] INFO  storage.RaftStorageDirectory (RaftStorageDirectory.java:analyzeStorage(246)) - The storage directory /workdir/hadoop-ozone/integration-test/target/test-dir/MiniOzoneClusterImpl-078ea463-30a6-4c8a-a8ff-41db0515e22e/datanode-8/data/ratis/f5136d01-b7be-44e1-9b52-002e01a9e4ee does not exist. Creating ...
2019-09-26 09:21:11,690 [Thread-283] INFO  container.ReplicationManager (ReplicationManager.java:start(163)) - Starting Replication Monitor Thread.
2019-09-26 09:21:11,691 [ReplicationMonitor] INFO  container.ReplicationManager (ReplicationManager.java:run(226)) - Replication Monitor Thread took 0 milliseconds for processing 0 containers.
2019-09-26 09:21:11,696 [pool-107-thread-1] INFO  storage.RaftStorageDirectory (RaftStorageDirectory.java:tryLock(328)) - Lock on /workdir/hadoop-ozone/integration-test/target/test-dir/MiniOzoneClusterImpl-078ea463-30a6-4c8a-a8ff-41db0515e22e/datanode-8/data/ratis/f5136d01-b7be-44e1-9b52-002e01a9e4ee/in_use.lock acquired by nodename 11214@pr-hdds-1569-wvzgm-824869521
2019-09-26 09:21:11,713 [pool-107-thread-1] INFO  storage.RaftStorage (RaftStorage.java:format(72)) - Storage directory /workdir/hadoop-ozone/integration-test/target/test-dir/MiniOzoneClusterImpl-078ea463-30a6-4c8a-a8ff-41db0515e22e/datanode-8/data/ratis/f5136d01-b7be-44e1-9b52-002e01a9e4ee has been successfully formatted.
2019-09-26 09:21:11,713 [pool-107-thread-1] INFO  ratis.ContainerStateMachine (ContainerStateMachine.java:loadSnapshot(230)) - group-002E01A9E4EE: The snapshot info is null. Setting the last applied indexto:(t:0, i:~)
2019-09-26 09:21:11,714 [pool-107-thread-1] INFO  server.RaftServerConfigKeys (ConfUtils.java:logGet(43)) - raft.server.notification.no-leader.timeout = 120s (custom)
2019-09-26 09:21:11,714 [pool-107-thread-1] INFO  server.RaftServerConfigKeys (ConfUtils.java:logGet(43)) - raft.server.log.use.memory = false (default)
2019-09-26 09:21:11,714 [pool-107-thread-1] INFO  server.RaftServerConfigKeys (ConfUtils.java:logGet(43)) - raft.server.log.purge.gap = 1000000 (custom)
2019-09-26 09:21:11,714 [pool-107-thread-1] INFO  server.RaftServerConfigKeys (ConfUtils.java:logGet(43)) - raft.server.log.appender.buffer.byte-limit = 33554432 (custom)
2019-09-26 09:21:11,714 [pool-107-thread-1] INFO  server.RaftServerConfigKeys (ConfUtils.java:logGet(43)) - raft.server.log.segment.size.max = 1048576 (custom)
2019-09-26 09:21:11,714 [pool-107-thread-1] INFO  server.RaftServerConfigKeys (ConfUtils.java:logGet(43)) - raft.server.log.segment.cache.num.max = 2 (custom)
2019-09-26 09:21:11,715 [pool-107-thread-1] INFO  segmented.SegmentedRaftLogWorker (SegmentedRaftLogWorker.java:<init>(172)) - new 45c711e7-a055-41cb-865c-06675942396d@group-002E01A9E4EE-SegmentedRaftLogWorker for RaftStorage:Storage Directory /workdir/hadoop-ozone/integration-test/target/test-dir/MiniOzoneClusterImpl-078ea463-30a6-4c8a-a8ff-41db0515e22e/datanode-8/data/ratis/f5136d01-b7be-44e1-9b52-002e01a9e4ee
2019-09-26 09:21:11,715 [pool-107-thread-1] INFO  server.RaftServerConfigKeys (ConfUtils.java:logGet(43)) - raft.server.log.queue.byte-limit = 2147483647 (custom)
2019-09-26 09:21:11,715 [pool-107-thread-1] INFO  server.RaftServerConfigKeys (ConfUtils.java:logGet(43)) - raft.server.log.queue.element-limit = 1024 (custom)
2019-09-26 09:21:11,715 [pool-107-thread-1] INFO  server.RaftServerConfigKeys (ConfUtils.java:logGet(43)) - raft.server.log.segment.size.max = 1048576 (custom)
2019-09-26 09:21:11,715 [pool-107-thread-1] INFO  server.RaftServerConfigKeys (ConfUtils.java:logGet(43)) - raft.server.log.preallocated.size = 16384 (custom)
2019-09-26 09:21:11,715 [pool-107-thread-1] INFO  server.RaftServerConfigKeys (ConfUtils.java:logGet(43)) - raft.server.log.write.buffer.size = 33554432 (custom)
2019-09-26 09:21:11,715 [pool-107-thread-1] INFO  server.RaftServerConfigKeys (ConfUtils.java:logGet(43)) - raft.server.log.force.sync.num = 128 (default)
2019-09-26 09:21:11,716 [pool-107-thread-1] INFO  server.RaftServerConfigKeys (ConfUtils.java:logGet(43)) - raft.server.log.statemachine.data.sync = true (default)
2019-09-26 09:21:11,716 [pool-107-thread-1] INFO  server.RaftServerConfigKeys (ConfUtils.java:logGet(43)) - raft.server.log.statemachine.data.sync.timeout = 10s (default)
2019-09-26 09:21:11,716 [pool-107-thread-1] INFO  server.RaftServerConfigKeys (ConfUtils.java:logGet(43)) - raft.server.log.statemachine.data.sync.timeout.retry = -1 (default)
2019-09-26 09:21:11,716 [pool-107-thread-1] INFO  server.RaftServerConfigKeys (ConfUtils.java:logGet(43)) - raft.server.log.statemachine.data.caching.enabled = true (custom)
2019-09-26 09:21:11,716 [pool-107-thread-1] INFO  segmented.SegmentedRaftLogWorker (SegmentedRaftLogWorker.java:lambda$new$0(132)) - 45c711e7-a055-41cb-865c-06675942396d@group-002E01A9E4EE-SegmentedRaftLogWorker: flushIndex: setUnconditionally 0 -> -1
2019-09-26 09:21:11,717 [pool-107-thread-1] INFO  server.RaftServerConfigKeys (ConfUtils.java:logGet(43)) - raft.server.snapshot.auto.trigger.enabled = true (custom)
2019-09-26 09:21:11,717 [pool-107-thread-1] INFO  server.RaftServerConfigKeys (ConfUtils.java:logGet(43)) - raft.server.snapshot.auto.trigger.threshold = 10000 (custom)
2019-09-26 09:21:11,717 [pool-107-thread-1] INFO  server.RaftServerConfigKeys (ConfUtils.java:logGet(43)) - raft.server.snapshot.retention.num.files = 5 (custom)
2019-09-26 09:21:11,717 [pool-107-thread-1] INFO  server.RaftServerConfigKeys (ConfUtils.java:logGet(43)) - raft.server.retrycache.expirytime = 600000ms (custom)
2019-09-26 09:21:11,720 [pool-107-thread-1] INFO  impl.RaftServerImpl (RaftServerImpl.java:start(185)) - 45c711e7-a055-41cb-865c-06675942396d@group-002E01A9E4EE: start as a follower, conf=-1: [45c711e7-a055-41cb-865c-06675942396d:192.168.30.13:38892], old=null
2019-09-26 09:21:11,720 [pool-107-thread-1] INFO  impl.RaftServerImpl (RaftServerImpl.java:setRole(174)) - 45c711e7-a055-41cb-865c-06675942396d@group-002E01A9E4EE: changes role from      null to FOLLOWER at term 0 for startAsFollower
2019-09-26 09:21:11,720 [pool-107-thread-1] INFO  impl.RoleInfo (RoleInfo.java:updateAndGet(143)) - 45c711e7-a055-41cb-865c-06675942396d: start FollowerState
2019-09-26 09:21:11,721 [pool-107-thread-1] INFO  util.JmxRegister (JmxRegister.java:tryRegister(44)) - Successfully registered JMX Bean with object name Ratis:service=RaftServer,group=group-002E01A9E4EE,id=45c711e7-a055-41cb-865c-06675942396d
2019-09-26 09:21:11,728 [RatisPipelineUtilsThread] INFO  pipeline.PipelineStateManager (PipelineStateManager.java:addPipeline(56)) - Created pipeline Pipeline[ Id: f5136d01-b7be-44e1-9b52-002e01a9e4ee, Nodes: 45c711e7-a055-41cb-865c-06675942396d{ip: 192.168.30.13, host: pr-hdds-1569-wvzgm-824869521, networkLocation: /default-rack, certSerialId: null}, Type:RATIS, Factor:ONE, State:OPEN]
2019-09-26 09:21:11,747 [grpc-default-executor-0] INFO  impl.RaftServerProxy (RaftServerProxy.java:addNew(89)) - 1b34dbd2-a2d7-46bc-b57d-04f62019dff1: addNew group-6EE798E26BA2:[1b34dbd2-a2d7-46bc-b57d-04f62019dff1:192.168.30.13:39221] returns group-6EE798E26BA2:java.util.concurrent.CompletableFuture@17039242[Not completed]
2019-09-26 09:21:11,759 [pool-47-thread-1] INFO  impl.RaftServerImpl (RaftServerImpl.java:<init>(95)) - 1b34dbd2-a2d7-46bc-b57d-04f62019dff1: new RaftServerImpl for group-6EE798E26BA2:[1b34dbd2-a2d7-46bc-b57d-04f62019dff1:192.168.30.13:39221] with ContainerStateMachine:uninitialized
2019-09-26 09:21:11,759 [pool-47-thread-1] INFO  server.RaftServerConfigKeys (ConfUtils.java:logGet(43)) - raft.server.rpc.timeout.min = 5s (custom)
2019-09-26 09:21:11,759 [pool-47-thread-1] INFO  server.RaftServerConfigKeys (ConfUtils.java:logGet(43)) - raft.server.rpc.timeout.max = 5200ms (custom)
2019-09-26 09:21:11,759 [pool-47-thread-1] INFO  server.RaftServerConfigKeys (ConfUtils.java:logGet(43)) - raft.server.rpcslowness.timeout = 120s (custom)
2019-09-26 09:21:11,759 [pool-47-thread-1] INFO  server.RaftServerConfigKeys (ConfUtils.java:logGet(43)) - raft.server.sleep.deviation.threshold = 300 (default)
2019-09-26 09:21:11,759 [pool-47-thread-1] INFO  server.RaftServerConfigKeys (ConfUtils.java:logGet(43)) - raft.server.log.appender.install.snapshot.enabled = false (custom)
2019-09-26 09:21:11,760 [pool-47-thread-1] INFO  impl.RaftServerImpl (ServerState.java:<init>(103)) - 1b34dbd2-a2d7-46bc-b57d-04f62019dff1@group-6EE798E26BA2: ConfigurationManager, init=-1: [1b34dbd2-a2d7-46bc-b57d-04f62019dff1:192.168.30.13:39221], old=null, confs=<EMPTY_MAP>
2019-09-26 09:21:11,760 [pool-47-thread-1] INFO  server.RaftServerConfigKeys (ConfUtils.java:logGet(43)) - raft.server.storage.dir = [/workdir/hadoop-ozone/integration-test/target/test-dir/MiniOzoneClusterImpl-078ea463-30a6-4c8a-a8ff-41db0515e22e/datanode-2/data/ratis] (custom)
2019-09-26 09:21:11,760 [pool-47-thread-1] INFO  storage.RaftStorageDirectory (RaftStorageDirectory.java:analyzeStorage(246)) - The storage directory /workdir/hadoop-ozone/integration-test/target/test-dir/MiniOzoneClusterImpl-078ea463-30a6-4c8a-a8ff-41db0515e22e/datanode-2/data/ratis/420e639c-37d5-4435-bb11-6ee798e26ba2 does not exist. Creating ...
2019-09-26 09:21:11,774 [pool-47-thread-1] INFO  storage.RaftStorageDirectory (RaftStorageDirectory.java:tryLock(328)) - Lock on /workdir/hadoop-ozone/integration-test/target/test-dir/MiniOzoneClusterImpl-078ea463-30a6-4c8a-a8ff-41db0515e22e/datanode-2/data/ratis/420e639c-37d5-4435-bb11-6ee798e26ba2/in_use.lock acquired by nodename 11214@pr-hdds-1569-wvzgm-824869521
2019-09-26 09:21:11,786 [pool-47-thread-1] INFO  storage.RaftStorage (RaftStorage.java:format(72)) - Storage directory /workdir/hadoop-ozone/integration-test/target/test-dir/MiniOzoneClusterImpl-078ea463-30a6-4c8a-a8ff-41db0515e22e/datanode-2/data/ratis/420e639c-37d5-4435-bb11-6ee798e26ba2 has been successfully formatted.
2019-09-26 09:21:11,786 [pool-47-thread-1] INFO  ratis.ContainerStateMachine (ContainerStateMachine.java:loadSnapshot(230)) - group-6EE798E26BA2: The snapshot info is null. Setting the last applied indexto:(t:0, i:~)
2019-09-26 09:21:11,787 [pool-47-thread-1] INFO  server.RaftServerConfigKeys (ConfUtils.java:logGet(43)) - raft.server.notification.no-leader.timeout = 120s (custom)
2019-09-26 09:21:11,787 [pool-47-thread-1] INFO  server.RaftServerConfigKeys (ConfUtils.java:logGet(43)) - raft.server.log.use.memory = false (default)
2019-09-26 09:21:11,787 [pool-47-thread-1] INFO  server.RaftServerConfigKeys (ConfUtils.java:logGet(43)) - raft.server.log.purge.gap = 1000000 (custom)
2019-09-26 09:21:11,787 [pool-47-thread-1] INFO  server.RaftServerConfigKeys (ConfUtils.java:logGet(43)) - raft.server.log.appender.buffer.byte-limit = 33554432 (custom)
2019-09-26 09:21:11,787 [pool-47-thread-1] INFO  server.RaftServerConfigKeys (ConfUtils.java:logGet(43)) - raft.server.log.segment.size.max = 1048576 (custom)
2019-09-26 09:21:11,787 [pool-47-thread-1] INFO  server.RaftServerConfigKeys (ConfUtils.java:logGet(43)) - raft.server.log.segment.cache.num.max = 2 (custom)
2019-09-26 09:21:11,787 [pool-47-thread-1] INFO  segmented.SegmentedRaftLogWorker (SegmentedRaftLogWorker.java:<init>(172)) - new 1b34dbd2-a2d7-46bc-b57d-04f62019dff1@group-6EE798E26BA2-SegmentedRaftLogWorker for RaftStorage:Storage Directory /workdir/hadoop-ozone/integration-test/target/test-dir/MiniOzoneClusterImpl-078ea463-30a6-4c8a-a8ff-41db0515e22e/datanode-2/data/ratis/420e639c-37d5-4435-bb11-6ee798e26ba2
2019-09-26 09:21:11,790 [pool-47-thread-1] INFO  server.RaftServerConfigKeys (ConfUtils.java:logGet(43)) - raft.server.log.queue.byte-limit = 2147483647 (custom)
2019-09-26 09:21:11,790 [pool-47-thread-1] INFO  server.RaftServerConfigKeys (ConfUtils.java:logGet(43)) - raft.server.log.queue.element-limit = 1024 (custom)
2019-09-26 09:21:11,790 [pool-47-thread-1] INFO  server.RaftServerConfigKeys (ConfUtils.java:logGet(43)) - raft.server.log.segment.size.max = 1048576 (custom)
2019-09-26 09:21:11,791 [pool-47-thread-1] INFO  server.RaftServerConfigKeys (ConfUtils.java:logGet(43)) - raft.server.log.preallocated.size = 16384 (custom)
2019-09-26 09:21:11,791 [pool-47-thread-1] INFO  server.RaftServerConfigKeys (ConfUtils.java:logGet(43)) - raft.server.log.write.buffer.size = 33554432 (custom)
2019-09-26 09:21:11,791 [pool-47-thread-1] INFO  server.RaftServerConfigKeys (ConfUtils.java:logGet(43)) - raft.server.log.force.sync.num = 128 (default)
2019-09-26 09:21:11,791 [pool-47-thread-1] INFO  server.RaftServerConfigKeys (ConfUtils.java:logGet(43)) - raft.server.log.statemachine.data.sync = true (default)
2019-09-26 09:21:11,791 [pool-47-thread-1] INFO  server.RaftServerConfigKeys (ConfUtils.java:logGet(43)) - raft.server.log.statemachine.data.sync.timeout = 10s (default)
2019-09-26 09:21:11,791 [pool-47-thread-1] INFO  server.RaftServerConfigKeys (ConfUtils.java:logGet(43)) - raft.server.log.statemachine.data.sync.timeout.retry = -1 (default)
2019-09-26 09:21:11,791 [pool-47-thread-1] INFO  server.RaftServerConfigKeys (ConfUtils.java:logGet(43)) - raft.server.log.statemachine.data.caching.enabled = true (custom)
2019-09-26 09:21:11,792 [pool-47-thread-1] INFO  segmented.SegmentedRaftLogWorker (SegmentedRaftLogWorker.java:lambda$new$0(132)) - 1b34dbd2-a2d7-46bc-b57d-04f62019dff1@group-6EE798E26BA2-SegmentedRaftLogWorker: flushIndex: setUnconditionally 0 -> -1
2019-09-26 09:21:11,792 [pool-47-thread-1] INFO  server.RaftServerConfigKeys (ConfUtils.java:logGet(43)) - raft.server.snapshot.auto.trigger.enabled = true (custom)
2019-09-26 09:21:11,792 [pool-47-thread-1] INFO  server.RaftServerConfigKeys (ConfUtils.java:logGet(43)) - raft.server.snapshot.auto.trigger.threshold = 10000 (custom)
2019-09-26 09:21:11,792 [pool-47-thread-1] INFO  server.RaftServerConfigKeys (ConfUtils.java:logGet(43)) - raft.server.snapshot.retention.num.files = 5 (custom)
2019-09-26 09:21:11,793 [pool-47-thread-1] INFO  server.RaftServerConfigKeys (ConfUtils.java:logGet(43)) - raft.server.retrycache.expirytime = 600000ms (custom)
2019-09-26 09:21:11,795 [pool-47-thread-1] INFO  impl.RaftServerImpl (RaftServerImpl.java:start(185)) - 1b34dbd2-a2d7-46bc-b57d-04f62019dff1@group-6EE798E26BA2: start as a follower, conf=-1: [1b34dbd2-a2d7-46bc-b57d-04f62019dff1:192.168.30.13:39221], old=null
2019-09-26 09:21:11,795 [pool-47-thread-1] INFO  impl.RaftServerImpl (RaftServerImpl.java:setRole(174)) - 1b34dbd2-a2d7-46bc-b57d-04f62019dff1@group-6EE798E26BA2: changes role from      null to FOLLOWER at term 0 for startAsFollower
2019-09-26 09:21:11,795 [pool-47-thread-1] INFO  impl.RoleInfo (RoleInfo.java:updateAndGet(143)) - 1b34dbd2-a2d7-46bc-b57d-04f62019dff1: start FollowerState
2019-09-26 09:21:11,796 [pool-47-thread-1] INFO  util.JmxRegister (JmxRegister.java:tryRegister(44)) - Successfully registered JMX Bean with object name Ratis:service=RaftServer,group=group-6EE798E26BA2,id=1b34dbd2-a2d7-46bc-b57d-04f62019dff1
2019-09-26 09:21:11,803 [RatisPipelineUtilsThread] INFO  pipeline.PipelineStateManager (PipelineStateManager.java:addPipeline(56)) - Created pipeline Pipeline[ Id: 420e639c-37d5-4435-bb11-6ee798e26ba2, Nodes: 1b34dbd2-a2d7-46bc-b57d-04f62019dff1{ip: 192.168.30.13, host: pr-hdds-1569-wvzgm-824869521, networkLocation: /default-rack, certSerialId: null}, Type:RATIS, Factor:ONE, State:OPEN]
2019-09-26 09:21:11,837 [grpc-default-executor-0] INFO  impl.RaftServerProxy (RaftServerProxy.java:addNew(89)) - 1dec72e7-0344-4894-a47b-48d961c58f71: addNew group-6A7F3ABA619B:[1dec72e7-0344-4894-a47b-48d961c58f71:192.168.30.13:42556] returns group-6A7F3ABA619B:java.util.concurrent.CompletableFuture@66be179f[Not completed]
2019-09-26 09:21:11,839 [pool-27-thread-1] INFO  impl.RaftServerImpl (RaftServerImpl.java:<init>(95)) - 1dec72e7-0344-4894-a47b-48d961c58f71: new RaftServerImpl for group-6A7F3ABA619B:[1dec72e7-0344-4894-a47b-48d961c58f71:192.168.30.13:42556] with ContainerStateMachine:uninitialized
2019-09-26 09:21:11,839 [pool-27-thread-1] INFO  server.RaftServerConfigKeys (ConfUtils.java:logGet(43)) - raft.server.rpc.timeout.min = 5s (custom)
2019-09-26 09:21:11,839 [pool-27-thread-1] INFO  server.RaftServerConfigKeys (ConfUtils.java:logGet(43)) - raft.server.rpc.timeout.max = 5200ms (custom)
2019-09-26 09:21:11,840 [pool-27-thread-1] INFO  server.RaftServerConfigKeys (ConfUtils.java:logGet(43)) - raft.server.rpcslowness.timeout = 120s (custom)
2019-09-26 09:21:11,840 [pool-27-thread-1] INFO  server.RaftServerConfigKeys (ConfUtils.java:logGet(43)) - raft.server.sleep.deviation.threshold = 300 (default)
2019-09-26 09:21:11,840 [pool-27-thread-1] INFO  server.RaftServerConfigKeys (ConfUtils.java:logGet(43)) - raft.server.log.appender.install.snapshot.enabled = false (custom)
2019-09-26 09:21:11,840 [pool-27-thread-1] INFO  impl.RaftServerImpl (ServerState.java:<init>(103)) - 1dec72e7-0344-4894-a47b-48d961c58f71@group-6A7F3ABA619B: ConfigurationManager, init=-1: [1dec72e7-0344-4894-a47b-48d961c58f71:192.168.30.13:42556], old=null, confs=<EMPTY_MAP>
2019-09-26 09:21:11,840 [pool-27-thread-1] INFO  server.RaftServerConfigKeys (ConfUtils.java:logGet(43)) - raft.server.storage.dir = [/workdir/hadoop-ozone/integration-test/target/test-dir/MiniOzoneClusterImpl-078ea463-30a6-4c8a-a8ff-41db0515e22e/datanode-0/data/ratis] (custom)
2019-09-26 09:21:11,841 [pool-27-thread-1] INFO  storage.RaftStorageDirectory (RaftStorageDirectory.java:analyzeStorage(246)) - The storage directory /workdir/hadoop-ozone/integration-test/target/test-dir/MiniOzoneClusterImpl-078ea463-30a6-4c8a-a8ff-41db0515e22e/datanode-0/data/ratis/1cbb1d5a-70a2-4384-83f5-6a7f3aba619b does not exist. Creating ...
2019-09-26 09:21:11,854 [pool-27-thread-1] INFO  storage.RaftStorageDirectory (RaftStorageDirectory.java:tryLock(328)) - Lock on /workdir/hadoop-ozone/integration-test/target/test-dir/MiniOzoneClusterImpl-078ea463-30a6-4c8a-a8ff-41db0515e22e/datanode-0/data/ratis/1cbb1d5a-70a2-4384-83f5-6a7f3aba619b/in_use.lock acquired by nodename 11214@pr-hdds-1569-wvzgm-824869521
2019-09-26 09:21:11,897 [pool-27-thread-1] INFO  storage.RaftStorage (RaftStorage.java:format(72)) - Storage directory /workdir/hadoop-ozone/integration-test/target/test-dir/MiniOzoneClusterImpl-078ea463-30a6-4c8a-a8ff-41db0515e22e/datanode-0/data/ratis/1cbb1d5a-70a2-4384-83f5-6a7f3aba619b has been successfully formatted.
2019-09-26 09:21:11,897 [pool-27-thread-1] INFO  ratis.ContainerStateMachine (ContainerStateMachine.java:loadSnapshot(230)) - group-6A7F3ABA619B: The snapshot info is null. Setting the last applied indexto:(t:0, i:~)
2019-09-26 09:21:11,898 [pool-27-thread-1] INFO  server.RaftServerConfigKeys (ConfUtils.java:logGet(43)) - raft.server.notification.no-leader.timeout = 120s (custom)
2019-09-26 09:21:11,898 [pool-27-thread-1] INFO  server.RaftServerConfigKeys (ConfUtils.java:logGet(43)) - raft.server.log.use.memory = false (default)
2019-09-26 09:21:11,898 [pool-27-thread-1] INFO  server.RaftServerConfigKeys (ConfUtils.java:logGet(43)) - raft.server.log.purge.gap = 1000000 (custom)
2019-09-26 09:21:11,898 [pool-27-thread-1] INFO  server.RaftServerConfigKeys (ConfUtils.java:logGet(43)) - raft.server.log.appender.buffer.byte-limit = 33554432 (custom)
2019-09-26 09:21:11,898 [pool-27-thread-1] INFO  server.RaftServerConfigKeys (ConfUtils.java:logGet(43)) - raft.server.log.segment.size.max = 1048576 (custom)
2019-09-26 09:21:11,899 [pool-27-thread-1] INFO  server.RaftServerConfigKeys (ConfUtils.java:logGet(43)) - raft.server.log.segment.cache.num.max = 2 (custom)
2019-09-26 09:21:11,899 [pool-27-thread-1] INFO  segmented.SegmentedRaftLogWorker (SegmentedRaftLogWorker.java:<init>(172)) - new 1dec72e7-0344-4894-a47b-48d961c58f71@group-6A7F3ABA619B-SegmentedRaftLogWorker for RaftStorage:Storage Directory /workdir/hadoop-ozone/integration-test/target/test-dir/MiniOzoneClusterImpl-078ea463-30a6-4c8a-a8ff-41db0515e22e/datanode-0/data/ratis/1cbb1d5a-70a2-4384-83f5-6a7f3aba619b
2019-09-26 09:21:11,899 [pool-27-thread-1] INFO  server.RaftServerConfigKeys (ConfUtils.java:logGet(43)) - raft.server.log.queue.byte-limit = 2147483647 (custom)
2019-09-26 09:21:11,899 [pool-27-thread-1] INFO  server.RaftServerConfigKeys (ConfUtils.java:logGet(43)) - raft.server.log.queue.element-limit = 1024 (custom)
2019-09-26 09:21:11,899 [pool-27-thread-1] INFO  server.RaftServerConfigKeys (ConfUtils.java:logGet(43)) - raft.server.log.segment.size.max = 1048576 (custom)
2019-09-26 09:21:11,899 [pool-27-thread-1] INFO  server.RaftServerConfigKeys (ConfUtils.java:logGet(43)) - raft.server.log.preallocated.size = 16384 (custom)
2019-09-26 09:21:11,900 [pool-27-thread-1] INFO  server.RaftServerConfigKeys (ConfUtils.java:logGet(43)) - raft.server.log.write.buffer.size = 33554432 (custom)
2019-09-26 09:21:11,900 [pool-27-thread-1] INFO  server.RaftServerConfigKeys (ConfUtils.java:logGet(43)) - raft.server.log.force.sync.num = 128 (default)
2019-09-26 09:21:11,900 [pool-27-thread-1] INFO  server.RaftServerConfigKeys (ConfUtils.java:logGet(43)) - raft.server.log.statemachine.data.sync = true (default)
2019-09-26 09:21:11,900 [pool-27-thread-1] INFO  server.RaftServerConfigKeys (ConfUtils.java:logGet(43)) - raft.server.log.statemachine.data.sync.timeout = 10s (default)
2019-09-26 09:21:11,900 [pool-27-thread-1] INFO  server.RaftServerConfigKeys (ConfUtils.java:logGet(43)) - raft.server.log.statemachine.data.sync.timeout.retry = -1 (default)
2019-09-26 09:21:11,901 [pool-27-thread-1] INFO  server.RaftServerConfigKeys (ConfUtils.java:logGet(43)) - raft.server.log.statemachine.data.caching.enabled = true (custom)
2019-09-26 09:21:11,901 [pool-27-thread-1] INFO  segmented.SegmentedRaftLogWorker (SegmentedRaftLogWorker.java:lambda$new$0(132)) - 1dec72e7-0344-4894-a47b-48d961c58f71@group-6A7F3ABA619B-SegmentedRaftLogWorker: flushIndex: setUnconditionally 0 -> -1
2019-09-26 09:21:11,901 [pool-27-thread-1] INFO  server.RaftServerConfigKeys (ConfUtils.java:logGet(43)) - raft.server.snapshot.auto.trigger.enabled = true (custom)
2019-09-26 09:21:11,902 [pool-27-thread-1] INFO  server.RaftServerConfigKeys (ConfUtils.java:logGet(43)) - raft.server.snapshot.auto.trigger.threshold = 10000 (custom)
2019-09-26 09:21:11,902 [pool-27-thread-1] INFO  server.RaftServerConfigKeys (ConfUtils.java:logGet(43)) - raft.server.snapshot.retention.num.files = 5 (custom)
2019-09-26 09:21:11,902 [pool-27-thread-1] INFO  server.RaftServerConfigKeys (ConfUtils.java:logGet(43)) - raft.server.retrycache.expirytime = 600000ms (custom)
2019-09-26 09:21:12,239 [pool-27-thread-1] INFO  impl.RaftServerImpl (RaftServerImpl.java:start(185)) - 1dec72e7-0344-4894-a47b-48d961c58f71@group-6A7F3ABA619B: start as a follower, conf=-1: [1dec72e7-0344-4894-a47b-48d961c58f71:192.168.30.13:42556], old=null
2019-09-26 09:21:12,239 [pool-27-thread-1] INFO  impl.RaftServerImpl (RaftServerImpl.java:setRole(174)) - 1dec72e7-0344-4894-a47b-48d961c58f71@group-6A7F3ABA619B: changes role from      null to FOLLOWER at term 0 for startAsFollower
2019-09-26 09:21:12,240 [pool-27-thread-1] INFO  impl.RoleInfo (RoleInfo.java:updateAndGet(143)) - 1dec72e7-0344-4894-a47b-48d961c58f71: start FollowerState
2019-09-26 09:21:12,249 [pool-27-thread-1] INFO  util.JmxRegister (JmxRegister.java:tryRegister(44)) - Successfully registered JMX Bean with object name Ratis:service=RaftServer,group=group-6A7F3ABA619B,id=1dec72e7-0344-4894-a47b-48d961c58f71
2019-09-26 09:21:12,272 [RatisPipelineUtilsThread] INFO  pipeline.PipelineStateManager (PipelineStateManager.java:addPipeline(56)) - Created pipeline Pipeline[ Id: 1cbb1d5a-70a2-4384-83f5-6a7f3aba619b, Nodes: 1dec72e7-0344-4894-a47b-48d961c58f71{ip: 192.168.30.13, host: pr-hdds-1569-wvzgm-824869521, networkLocation: /default-rack, certSerialId: null}, Type:RATIS, Factor:ONE, State:OPEN]
2019-09-26 09:21:12,285 [grpc-default-executor-0] INFO  impl.RaftServerProxy (RaftServerProxy.java:addNew(89)) - 3696961a-2fd3-4cbb-be04-5fcc9f82ed1a: addNew group-2DCA2FDB6251:[3696961a-2fd3-4cbb-be04-5fcc9f82ed1a:192.168.30.13:37562] returns group-2DCA2FDB6251:java.util.concurrent.CompletableFuture@4260419a[Not completed]
2019-09-26 09:21:12,286 [pool-57-thread-1] INFO  impl.RaftServerImpl (RaftServerImpl.java:<init>(95)) - 3696961a-2fd3-4cbb-be04-5fcc9f82ed1a: new RaftServerImpl for group-2DCA2FDB6251:[3696961a-2fd3-4cbb-be04-5fcc9f82ed1a:192.168.30.13:37562] with ContainerStateMachine:uninitialized
2019-09-26 09:21:12,287 [pool-57-thread-1] INFO  server.RaftServerConfigKeys (ConfUtils.java:logGet(43)) - raft.server.rpc.timeout.min = 5s (custom)
2019-09-26 09:21:12,287 [pool-57-thread-1] INFO  server.RaftServerConfigKeys (ConfUtils.java:logGet(43)) - raft.server.rpc.timeout.max = 5200ms (custom)
2019-09-26 09:21:12,287 [pool-57-thread-1] INFO  server.RaftServerConfigKeys (ConfUtils.java:logGet(43)) - raft.server.rpcslowness.timeout = 120s (custom)
2019-09-26 09:21:12,287 [pool-57-thread-1] INFO  server.RaftServerConfigKeys (ConfUtils.java:logGet(43)) - raft.server.sleep.deviation.threshold = 300 (default)
2019-09-26 09:21:12,287 [pool-57-thread-1] INFO  server.RaftServerConfigKeys (ConfUtils.java:logGet(43)) - raft.server.log.appender.install.snapshot.enabled = false (custom)
2019-09-26 09:21:12,287 [pool-57-thread-1] INFO  impl.RaftServerImpl (ServerState.java:<init>(103)) - 3696961a-2fd3-4cbb-be04-5fcc9f82ed1a@group-2DCA2FDB6251: ConfigurationManager, init=-1: [3696961a-2fd3-4cbb-be04-5fcc9f82ed1a:192.168.30.13:37562], old=null, confs=<EMPTY_MAP>
2019-09-26 09:21:12,288 [pool-57-thread-1] INFO  server.RaftServerConfigKeys (ConfUtils.java:logGet(43)) - raft.server.storage.dir = [/workdir/hadoop-ozone/integration-test/target/test-dir/MiniOzoneClusterImpl-078ea463-30a6-4c8a-a8ff-41db0515e22e/datanode-3/data/ratis] (custom)
2019-09-26 09:21:12,288 [pool-57-thread-1] INFO  storage.RaftStorageDirectory (RaftStorageDirectory.java:analyzeStorage(246)) - The storage directory /workdir/hadoop-ozone/integration-test/target/test-dir/MiniOzoneClusterImpl-078ea463-30a6-4c8a-a8ff-41db0515e22e/datanode-3/data/ratis/687f95ba-89b7-47f0-a6b9-2dca2fdb6251 does not exist. Creating ...
2019-09-26 09:21:13,660 [pool-57-thread-1] INFO  storage.RaftStorageDirectory (RaftStorageDirectory.java:tryLock(328)) - Lock on /workdir/hadoop-ozone/integration-test/target/test-dir/MiniOzoneClusterImpl-078ea463-30a6-4c8a-a8ff-41db0515e22e/datanode-3/data/ratis/687f95ba-89b7-47f0-a6b9-2dca2fdb6251/in_use.lock acquired by nodename 11214@pr-hdds-1569-wvzgm-824869521
2019-09-26 09:21:13,679 [pool-57-thread-1] INFO  storage.RaftStorage (RaftStorage.java:format(72)) - Storage directory /workdir/hadoop-ozone/integration-test/target/test-dir/MiniOzoneClusterImpl-078ea463-30a6-4c8a-a8ff-41db0515e22e/datanode-3/data/ratis/687f95ba-89b7-47f0-a6b9-2dca2fdb6251 has been successfully formatted.
2019-09-26 09:21:13,679 [pool-57-thread-1] INFO  ratis.ContainerStateMachine (ContainerStateMachine.java:loadSnapshot(230)) - group-2DCA2FDB6251: The snapshot info is null. Setting the last applied indexto:(t:0, i:~)
2019-09-26 09:21:13,680 [pool-57-thread-1] INFO  server.RaftServerConfigKeys (ConfUtils.java:logGet(43)) - raft.server.notification.no-leader.timeout = 120s (custom)
2019-09-26 09:21:13,680 [pool-57-thread-1] INFO  server.RaftServerConfigKeys (ConfUtils.java:logGet(43)) - raft.server.log.use.memory = false (default)
2019-09-26 09:21:13,680 [pool-57-thread-1] INFO  server.RaftServerConfigKeys (ConfUtils.java:logGet(43)) - raft.server.log.purge.gap = 1000000 (custom)
2019-09-26 09:21:13,680 [pool-57-thread-1] INFO  server.RaftServerConfigKeys (ConfUtils.java:logGet(43)) - raft.server.log.appender.buffer.byte-limit = 33554432 (custom)
2019-09-26 09:21:13,681 [pool-57-thread-1] INFO  server.RaftServerConfigKeys (ConfUtils.java:logGet(43)) - raft.server.log.segment.size.max = 1048576 (custom)
2019-09-26 09:21:13,681 [pool-57-thread-1] INFO  server.RaftServerConfigKeys (ConfUtils.java:logGet(43)) - raft.server.log.segment.cache.num.max = 2 (custom)
2019-09-26 09:21:13,681 [pool-57-thread-1] INFO  segmented.SegmentedRaftLogWorker (SegmentedRaftLogWorker.java:<init>(172)) - new 3696961a-2fd3-4cbb-be04-5fcc9f82ed1a@group-2DCA2FDB6251-SegmentedRaftLogWorker for RaftStorage:Storage Directory /workdir/hadoop-ozone/integration-test/target/test-dir/MiniOzoneClusterImpl-078ea463-30a6-4c8a-a8ff-41db0515e22e/datanode-3/data/ratis/687f95ba-89b7-47f0-a6b9-2dca2fdb6251
2019-09-26 09:21:13,681 [pool-57-thread-1] INFO  server.RaftServerConfigKeys (ConfUtils.java:logGet(43)) - raft.server.log.queue.byte-limit = 2147483647 (custom)
2019-09-26 09:21:13,681 [pool-57-thread-1] INFO  server.RaftServerConfigKeys (ConfUtils.java:logGet(43)) - raft.server.log.queue.element-limit = 1024 (custom)
2019-09-26 09:21:13,682 [pool-57-thread-1] INFO  server.RaftServerConfigKeys (ConfUtils.java:logGet(43)) - raft.server.log.segment.size.max = 1048576 (custom)
2019-09-26 09:21:13,682 [pool-57-thread-1] INFO  server.RaftServerConfigKeys (ConfUtils.java:logGet(43)) - raft.server.log.preallocated.size = 16384 (custom)
2019-09-26 09:21:13,682 [pool-57-thread-1] INFO  server.RaftServerConfigKeys (ConfUtils.java:logGet(43)) - raft.server.log.write.buffer.size = 33554432 (custom)
2019-09-26 09:21:13,682 [pool-57-thread-1] INFO  server.RaftServerConfigKeys (ConfUtils.java:logGet(43)) - raft.server.log.force.sync.num = 128 (default)
2019-09-26 09:21:13,682 [pool-57-thread-1] INFO  server.RaftServerConfigKeys (ConfUtils.java:logGet(43)) - raft.server.log.statemachine.data.sync = true (default)
2019-09-26 09:21:13,683 [pool-57-thread-1] INFO  server.RaftServerConfigKeys (ConfUtils.java:logGet(43)) - raft.server.log.statemachine.data.sync.timeout = 10s (default)
2019-09-26 09:21:13,683 [pool-57-thread-1] INFO  server.RaftServerConfigKeys (ConfUtils.java:logGet(43)) - raft.server.log.statemachine.data.sync.timeout.retry = -1 (default)
2019-09-26 09:21:13,683 [pool-57-thread-1] INFO  server.RaftServerConfigKeys (ConfUtils.java:logGet(43)) - raft.server.log.statemachine.data.caching.enabled = true (custom)
2019-09-26 09:21:13,683 [pool-57-thread-1] INFO  segmented.SegmentedRaftLogWorker (SegmentedRaftLogWorker.java:lambda$new$0(132)) - 3696961a-2fd3-4cbb-be04-5fcc9f82ed1a@group-2DCA2FDB6251-SegmentedRaftLogWorker: flushIndex: setUnconditionally 0 -> -1
2019-09-26 09:21:13,684 [pool-57-thread-1] INFO  server.RaftServerConfigKeys (ConfUtils.java:logGet(43)) - raft.server.snapshot.auto.trigger.enabled = true (custom)
2019-09-26 09:21:13,684 [pool-57-thread-1] INFO  server.RaftServerConfigKeys (ConfUtils.java:logGet(43)) - raft.server.snapshot.auto.trigger.threshold = 10000 (custom)
2019-09-26 09:21:13,684 [pool-57-thread-1] INFO  server.RaftServerConfigKeys (ConfUtils.java:logGet(43)) - raft.server.snapshot.retention.num.files = 5 (custom)
2019-09-26 09:21:13,684 [pool-57-thread-1] INFO  server.RaftServerConfigKeys (ConfUtils.java:logGet(43)) - raft.server.retrycache.expirytime = 600000ms (custom)
2019-09-26 09:21:13,688 [pool-57-thread-1] INFO  impl.RaftServerImpl (RaftServerImpl.java:start(185)) - 3696961a-2fd3-4cbb-be04-5fcc9f82ed1a@group-2DCA2FDB6251: start as a follower, conf=-1: [3696961a-2fd3-4cbb-be04-5fcc9f82ed1a:192.168.30.13:37562], old=null
2019-09-26 09:21:13,688 [pool-57-thread-1] INFO  impl.RaftServerImpl (RaftServerImpl.java:setRole(174)) - 3696961a-2fd3-4cbb-be04-5fcc9f82ed1a@group-2DCA2FDB6251: changes role from      null to FOLLOWER at term 0 for startAsFollower
2019-09-26 09:21:13,689 [pool-57-thread-1] INFO  impl.RoleInfo (RoleInfo.java:updateAndGet(143)) - 3696961a-2fd3-4cbb-be04-5fcc9f82ed1a: start FollowerState
2019-09-26 09:21:13,689 [pool-57-thread-1] INFO  util.JmxRegister (JmxRegister.java:tryRegister(44)) - Successfully registered JMX Bean with object name Ratis:service=RaftServer,group=group-2DCA2FDB6251,id=3696961a-2fd3-4cbb-be04-5fcc9f82ed1a
2019-09-26 09:21:13,696 [RatisPipelineUtilsThread] INFO  pipeline.PipelineStateManager (PipelineStateManager.java:addPipeline(56)) - Created pipeline Pipeline[ Id: 687f95ba-89b7-47f0-a6b9-2dca2fdb6251, Nodes: 3696961a-2fd3-4cbb-be04-5fcc9f82ed1a{ip: 192.168.30.13, host: pr-hdds-1569-wvzgm-824869521, networkLocation: /default-rack, certSerialId: null}, Type:RATIS, Factor:ONE, State:OPEN]
2019-09-26 09:21:13,709 [grpc-default-executor-0] INFO  impl.RaftServerProxy (RaftServerProxy.java:addNew(89)) - 1dec72e7-0344-4894-a47b-48d961c58f71: addNew group-03D7D9C076C2:[1dec72e7-0344-4894-a47b-48d961c58f71:192.168.30.13:42556] returns group-03D7D9C076C2:java.util.concurrent.CompletableFuture@757c3386[Not completed]
2019-09-26 09:21:13,710 [pool-27-thread-1] INFO  impl.RaftServerImpl (RaftServerImpl.java:<init>(95)) - 1dec72e7-0344-4894-a47b-48d961c58f71: new RaftServerImpl for group-03D7D9C076C2:[1dec72e7-0344-4894-a47b-48d961c58f71:192.168.30.13:42556] with ContainerStateMachine:uninitialized
2019-09-26 09:21:13,711 [pool-27-thread-1] INFO  server.RaftServerConfigKeys (ConfUtils.java:logGet(43)) - raft.server.rpc.timeout.min = 5s (custom)
2019-09-26 09:21:13,711 [pool-27-thread-1] INFO  server.RaftServerConfigKeys (ConfUtils.java:logGet(43)) - raft.server.rpc.timeout.max = 5200ms (custom)
2019-09-26 09:21:13,711 [pool-27-thread-1] INFO  server.RaftServerConfigKeys (ConfUtils.java:logGet(43)) - raft.server.rpcslowness.timeout = 120s (custom)
2019-09-26 09:21:13,711 [pool-27-thread-1] INFO  server.RaftServerConfigKeys (ConfUtils.java:logGet(43)) - raft.server.sleep.deviation.threshold = 300 (default)
2019-09-26 09:21:13,711 [pool-27-thread-1] INFO  server.RaftServerConfigKeys (ConfUtils.java:logGet(43)) - raft.server.log.appender.install.snapshot.enabled = false (custom)
2019-09-26 09:21:13,711 [pool-27-thread-1] INFO  impl.RaftServerImpl (ServerState.java:<init>(103)) - 1dec72e7-0344-4894-a47b-48d961c58f71@group-03D7D9C076C2: ConfigurationManager, init=-1: [1dec72e7-0344-4894-a47b-48d961c58f71:192.168.30.13:42556], old=null, confs=<EMPTY_MAP>
2019-09-26 09:21:13,711 [pool-27-thread-1] INFO  server.RaftServerConfigKeys (ConfUtils.java:logGet(43)) - raft.server.storage.dir = [/workdir/hadoop-ozone/integration-test/target/test-dir/MiniOzoneClusterImpl-078ea463-30a6-4c8a-a8ff-41db0515e22e/datanode-0/data/ratis] (custom)
2019-09-26 09:21:13,712 [pool-27-thread-1] INFO  storage.RaftStorageDirectory (RaftStorageDirectory.java:analyzeStorage(246)) - The storage directory /workdir/hadoop-ozone/integration-test/target/test-dir/MiniOzoneClusterImpl-078ea463-30a6-4c8a-a8ff-41db0515e22e/datanode-0/data/ratis/b0bf7abe-4659-4390-854a-03d7d9c076c2 does not exist. Creating ...
2019-09-26 09:21:13,727 [pool-27-thread-1] INFO  storage.RaftStorageDirectory (RaftStorageDirectory.java:tryLock(328)) - Lock on /workdir/hadoop-ozone/integration-test/target/test-dir/MiniOzoneClusterImpl-078ea463-30a6-4c8a-a8ff-41db0515e22e/datanode-0/data/ratis/b0bf7abe-4659-4390-854a-03d7d9c076c2/in_use.lock acquired by nodename 11214@pr-hdds-1569-wvzgm-824869521
2019-09-26 09:21:13,734 [pool-27-thread-1] INFO  storage.RaftStorage (RaftStorage.java:format(72)) - Storage directory /workdir/hadoop-ozone/integration-test/target/test-dir/MiniOzoneClusterImpl-078ea463-30a6-4c8a-a8ff-41db0515e22e/datanode-0/data/ratis/b0bf7abe-4659-4390-854a-03d7d9c076c2 has been successfully formatted.
2019-09-26 09:21:13,735 [pool-27-thread-1] INFO  ratis.ContainerStateMachine (ContainerStateMachine.java:loadSnapshot(230)) - group-03D7D9C076C2: The snapshot info is null. Setting the last applied indexto:(t:0, i:~)
2019-09-26 09:21:13,735 [pool-27-thread-1] INFO  server.RaftServerConfigKeys (ConfUtils.java:logGet(43)) - raft.server.notification.no-leader.timeout = 120s (custom)
2019-09-26 09:21:13,735 [pool-27-thread-1] INFO  server.RaftServerConfigKeys (ConfUtils.java:logGet(43)) - raft.server.log.use.memory = false (default)
2019-09-26 09:21:13,735 [pool-27-thread-1] INFO  server.RaftServerConfigKeys (ConfUtils.java:logGet(43)) - raft.server.log.purge.gap = 1000000 (custom)
2019-09-26 09:21:13,735 [pool-27-thread-1] INFO  server.RaftServerConfigKeys (ConfUtils.java:logGet(43)) - raft.server.log.appender.buffer.byte-limit = 33554432 (custom)
2019-09-26 09:21:13,735 [pool-27-thread-1] INFO  server.RaftServerConfigKeys (ConfUtils.java:logGet(43)) - raft.server.log.segment.size.max = 1048576 (custom)
2019-09-26 09:21:13,736 [pool-27-thread-1] INFO  server.RaftServerConfigKeys (ConfUtils.java:logGet(43)) - raft.server.log.segment.cache.num.max = 2 (custom)
2019-09-26 09:21:13,736 [pool-27-thread-1] INFO  segmented.SegmentedRaftLogWorker (SegmentedRaftLogWorker.java:<init>(172)) - new 1dec72e7-0344-4894-a47b-48d961c58f71@group-03D7D9C076C2-SegmentedRaftLogWorker for RaftStorage:Storage Directory /workdir/hadoop-ozone/integration-test/target/test-dir/MiniOzoneClusterImpl-078ea463-30a6-4c8a-a8ff-41db0515e22e/datanode-0/data/ratis/b0bf7abe-4659-4390-854a-03d7d9c076c2
2019-09-26 09:21:13,736 [pool-27-thread-1] INFO  server.RaftServerConfigKeys (ConfUtils.java:logGet(43)) - raft.server.log.queue.byte-limit = 2147483647 (custom)
2019-09-26 09:21:13,736 [pool-27-thread-1] INFO  server.RaftServerConfigKeys (ConfUtils.java:logGet(43)) - raft.server.log.queue.element-limit = 1024 (custom)
2019-09-26 09:21:13,736 [pool-27-thread-1] INFO  server.RaftServerConfigKeys (ConfUtils.java:logGet(43)) - raft.server.log.segment.size.max = 1048576 (custom)
2019-09-26 09:21:13,736 [pool-27-thread-1] INFO  server.RaftServerConfigKeys (ConfUtils.java:logGet(43)) - raft.server.log.preallocated.size = 16384 (custom)
2019-09-26 09:21:13,736 [pool-27-thread-1] INFO  server.RaftServerConfigKeys (ConfUtils.java:logGet(43)) - raft.server.log.write.buffer.size = 33554432 (custom)
2019-09-26 09:21:13,737 [pool-27-thread-1] INFO  server.RaftServerConfigKeys (ConfUtils.java:logGet(43)) - raft.server.log.force.sync.num = 128 (default)
2019-09-26 09:21:13,737 [pool-27-thread-1] INFO  server.RaftServerConfigKeys (ConfUtils.java:logGet(43)) - raft.server.log.statemachine.data.sync = true (default)
2019-09-26 09:21:13,737 [pool-27-thread-1] INFO  server.RaftServerConfigKeys (ConfUtils.java:logGet(43)) - raft.server.log.statemachine.data.sync.timeout = 10s (default)
2019-09-26 09:21:13,737 [pool-27-thread-1] INFO  server.RaftServerConfigKeys (ConfUtils.java:logGet(43)) - raft.server.log.statemachine.data.sync.timeout.retry = -1 (default)
2019-09-26 09:21:13,737 [pool-27-thread-1] INFO  server.RaftServerConfigKeys (ConfUtils.java:logGet(43)) - raft.server.log.statemachine.data.caching.enabled = true (custom)
2019-09-26 09:21:13,738 [pool-27-thread-1] INFO  segmented.SegmentedRaftLogWorker (SegmentedRaftLogWorker.java:lambda$new$0(132)) - 1dec72e7-0344-4894-a47b-48d961c58f71@group-03D7D9C076C2-SegmentedRaftLogWorker: flushIndex: setUnconditionally 0 -> -1
2019-09-26 09:21:13,738 [pool-27-thread-1] INFO  server.RaftServerConfigKeys (ConfUtils.java:logGet(43)) - raft.server.snapshot.auto.trigger.enabled = true (custom)
2019-09-26 09:21:13,738 [pool-27-thread-1] INFO  server.RaftServerConfigKeys (ConfUtils.java:logGet(43)) - raft.server.snapshot.auto.trigger.threshold = 10000 (custom)
2019-09-26 09:21:13,738 [pool-27-thread-1] INFO  server.RaftServerConfigKeys (ConfUtils.java:logGet(43)) - raft.server.snapshot.retention.num.files = 5 (custom)
2019-09-26 09:21:13,739 [pool-27-thread-1] INFO  server.RaftServerConfigKeys (ConfUtils.java:logGet(43)) - raft.server.retrycache.expirytime = 600000ms (custom)
2019-09-26 09:21:13,742 [pool-27-thread-1] INFO  impl.RaftServerImpl (RaftServerImpl.java:start(185)) - 1dec72e7-0344-4894-a47b-48d961c58f71@group-03D7D9C076C2: start as a follower, conf=-1: [1dec72e7-0344-4894-a47b-48d961c58f71:192.168.30.13:42556], old=null
2019-09-26 09:21:13,742 [pool-27-thread-1] INFO  impl.RaftServerImpl (RaftServerImpl.java:setRole(174)) - 1dec72e7-0344-4894-a47b-48d961c58f71@group-03D7D9C076C2: changes role from      null to FOLLOWER at term 0 for startAsFollower
2019-09-26 09:21:13,742 [pool-27-thread-1] INFO  impl.RoleInfo (RoleInfo.java:updateAndGet(143)) - 1dec72e7-0344-4894-a47b-48d961c58f71: start FollowerState
2019-09-26 09:21:13,743 [pool-27-thread-1] INFO  util.JmxRegister (JmxRegister.java:tryRegister(44)) - Successfully registered JMX Bean with object name Ratis:service=RaftServer,group=group-03D7D9C076C2,id=1dec72e7-0344-4894-a47b-48d961c58f71
2019-09-26 09:21:13,750 [RatisPipelineUtilsThread] INFO  pipeline.PipelineStateManager (PipelineStateManager.java:addPipeline(56)) - Created pipeline Pipeline[ Id: b0bf7abe-4659-4390-854a-03d7d9c076c2, Nodes: 1dec72e7-0344-4894-a47b-48d961c58f71{ip: 192.168.30.13, host: pr-hdds-1569-wvzgm-824869521, networkLocation: /default-rack, certSerialId: null}, Type:RATIS, Factor:ONE, State:OPEN]
2019-09-26 09:21:13,762 [grpc-default-executor-0] INFO  impl.RaftServerProxy (RaftServerProxy.java:addNew(89)) - cdeec377-8f89-4dce-9b26-4d7c58a1953c: addNew group-48263E137344:[cdeec377-8f89-4dce-9b26-4d7c58a1953c:192.168.30.13:44126] returns group-48263E137344:java.util.concurrent.CompletableFuture@2e6a0ffc[Not completed]
2019-09-26 09:21:13,764 [pool-37-thread-1] INFO  impl.RaftServerImpl (RaftServerImpl.java:<init>(95)) - cdeec377-8f89-4dce-9b26-4d7c58a1953c: new RaftServerImpl for group-48263E137344:[cdeec377-8f89-4dce-9b26-4d7c58a1953c:192.168.30.13:44126] with ContainerStateMachine:uninitialized
2019-09-26 09:21:13,764 [pool-37-thread-1] INFO  server.RaftServerConfigKeys (ConfUtils.java:logGet(43)) - raft.server.rpc.timeout.min = 5s (custom)
2019-09-26 09:21:13,764 [pool-37-thread-1] INFO  server.RaftServerConfigKeys (ConfUtils.java:logGet(43)) - raft.server.rpc.timeout.max = 5200ms (custom)
2019-09-26 09:21:13,764 [pool-37-thread-1] INFO  server.RaftServerConfigKeys (ConfUtils.java:logGet(43)) - raft.server.rpcslowness.timeout = 120s (custom)
2019-09-26 09:21:13,764 [pool-37-thread-1] INFO  server.RaftServerConfigKeys (ConfUtils.java:logGet(43)) - raft.server.sleep.deviation.threshold = 300 (default)
2019-09-26 09:21:13,765 [pool-37-thread-1] INFO  server.RaftServerConfigKeys (ConfUtils.java:logGet(43)) - raft.server.log.appender.install.snapshot.enabled = false (custom)
2019-09-26 09:21:13,765 [pool-37-thread-1] INFO  impl.RaftServerImpl (ServerState.java:<init>(103)) - cdeec377-8f89-4dce-9b26-4d7c58a1953c@group-48263E137344: ConfigurationManager, init=-1: [cdeec377-8f89-4dce-9b26-4d7c58a1953c:192.168.30.13:44126], old=null, confs=<EMPTY_MAP>
2019-09-26 09:21:13,765 [pool-37-thread-1] INFO  server.RaftServerConfigKeys (ConfUtils.java:logGet(43)) - raft.server.storage.dir = [/workdir/hadoop-ozone/integration-test/target/test-dir/MiniOzoneClusterImpl-078ea463-30a6-4c8a-a8ff-41db0515e22e/datanode-1/data/ratis] (custom)
2019-09-26 09:21:13,766 [pool-37-thread-1] INFO  storage.RaftStorageDirectory (RaftStorageDirectory.java:analyzeStorage(246)) - The storage directory /workdir/hadoop-ozone/integration-test/target/test-dir/MiniOzoneClusterImpl-078ea463-30a6-4c8a-a8ff-41db0515e22e/datanode-1/data/ratis/9354d12c-2890-459b-9c43-48263e137344 does not exist. Creating ...
2019-09-26 09:21:13,775 [pool-37-thread-1] INFO  storage.RaftStorageDirectory (RaftStorageDirectory.java:tryLock(328)) - Lock on /workdir/hadoop-ozone/integration-test/target/test-dir/MiniOzoneClusterImpl-078ea463-30a6-4c8a-a8ff-41db0515e22e/datanode-1/data/ratis/9354d12c-2890-459b-9c43-48263e137344/in_use.lock acquired by nodename 11214@pr-hdds-1569-wvzgm-824869521
2019-09-26 09:21:13,799 [pool-37-thread-1] INFO  storage.RaftStorage (RaftStorage.java:format(72)) - Storage directory /workdir/hadoop-ozone/integration-test/target/test-dir/MiniOzoneClusterImpl-078ea463-30a6-4c8a-a8ff-41db0515e22e/datanode-1/data/ratis/9354d12c-2890-459b-9c43-48263e137344 has been successfully formatted.
2019-09-26 09:21:13,799 [pool-37-thread-1] INFO  ratis.ContainerStateMachine (ContainerStateMachine.java:loadSnapshot(230)) - group-48263E137344: The snapshot info is null. Setting the last applied indexto:(t:0, i:~)
2019-09-26 09:21:13,799 [pool-37-thread-1] INFO  server.RaftServerConfigKeys (ConfUtils.java:logGet(43)) - raft.server.notification.no-leader.timeout = 120s (custom)
2019-09-26 09:21:13,800 [pool-37-thread-1] INFO  server.RaftServerConfigKeys (ConfUtils.java:logGet(43)) - raft.server.log.use.memory = false (default)
2019-09-26 09:21:13,800 [pool-37-thread-1] INFO  server.RaftServerConfigKeys (ConfUtils.java:logGet(43)) - raft.server.log.purge.gap = 1000000 (custom)
2019-09-26 09:21:13,800 [pool-37-thread-1] INFO  server.RaftServerConfigKeys (ConfUtils.java:logGet(43)) - raft.server.log.appender.buffer.byte-limit = 33554432 (custom)
2019-09-26 09:21:13,800 [pool-37-thread-1] INFO  server.RaftServerConfigKeys (ConfUtils.java:logGet(43)) - raft.server.log.segment.size.max = 1048576 (custom)
2019-09-26 09:21:13,800 [pool-37-thread-1] INFO  server.RaftServerConfigKeys (ConfUtils.java:logGet(43)) - raft.server.log.segment.cache.num.max = 2 (custom)
2019-09-26 09:21:13,801 [pool-37-thread-1] INFO  segmented.SegmentedRaftLogWorker (SegmentedRaftLogWorker.java:<init>(172)) - new cdeec377-8f89-4dce-9b26-4d7c58a1953c@group-48263E137344-SegmentedRaftLogWorker for RaftStorage:Storage Directory /workdir/hadoop-ozone/integration-test/target/test-dir/MiniOzoneClusterImpl-078ea463-30a6-4c8a-a8ff-41db0515e22e/datanode-1/data/ratis/9354d12c-2890-459b-9c43-48263e137344
2019-09-26 09:21:13,801 [pool-37-thread-1] INFO  server.RaftServerConfigKeys (ConfUtils.java:logGet(43)) - raft.server.log.queue.byte-limit = 2147483647 (custom)
2019-09-26 09:21:13,801 [pool-37-thread-1] INFO  server.RaftServerConfigKeys (ConfUtils.java:logGet(43)) - raft.server.log.queue.element-limit = 1024 (custom)
2019-09-26 09:21:13,801 [pool-37-thread-1] INFO  server.RaftServerConfigKeys (ConfUtils.java:logGet(43)) - raft.server.log.segment.size.max = 1048576 (custom)
2019-09-26 09:21:13,801 [pool-37-thread-1] INFO  server.RaftServerConfigKeys (ConfUtils.java:logGet(43)) - raft.server.log.preallocated.size = 16384 (custom)
2019-09-26 09:21:13,801 [pool-37-thread-1] INFO  server.RaftServerConfigKeys (ConfUtils.java:logGet(43)) - raft.server.log.write.buffer.size = 33554432 (custom)
2019-09-26 09:21:13,802 [pool-37-thread-1] INFO  server.RaftServerConfigKeys (ConfUtils.java:logGet(43)) - raft.server.log.force.sync.num = 128 (default)
2019-09-26 09:21:13,802 [pool-37-thread-1] INFO  server.RaftServerConfigKeys (ConfUtils.java:logGet(43)) - raft.server.log.statemachine.data.sync = true (default)
2019-09-26 09:21:13,802 [pool-37-thread-1] INFO  server.RaftServerConfigKeys (ConfUtils.java:logGet(43)) - raft.server.log.statemachine.data.sync.timeout = 10s (default)
2019-09-26 09:21:13,802 [pool-37-thread-1] INFO  server.RaftServerConfigKeys (ConfUtils.java:logGet(43)) - raft.server.log.statemachine.data.sync.timeout.retry = -1 (default)
2019-09-26 09:21:13,802 [pool-37-thread-1] INFO  server.RaftServerConfigKeys (ConfUtils.java:logGet(43)) - raft.server.log.statemachine.data.caching.enabled = true (custom)
2019-09-26 09:21:13,803 [pool-37-thread-1] INFO  segmented.SegmentedRaftLogWorker (SegmentedRaftLogWorker.java:lambda$new$0(132)) - cdeec377-8f89-4dce-9b26-4d7c58a1953c@group-48263E137344-SegmentedRaftLogWorker: flushIndex: setUnconditionally 0 -> -1
2019-09-26 09:21:13,803 [pool-37-thread-1] INFO  server.RaftServerConfigKeys (ConfUtils.java:logGet(43)) - raft.server.snapshot.auto.trigger.enabled = true (custom)
2019-09-26 09:21:13,803 [pool-37-thread-1] INFO  server.RaftServerConfigKeys (ConfUtils.java:logGet(43)) - raft.server.snapshot.auto.trigger.threshold = 10000 (custom)
2019-09-26 09:21:13,804 [pool-37-thread-1] INFO  server.RaftServerConfigKeys (ConfUtils.java:logGet(43)) - raft.server.snapshot.retention.num.files = 5 (custom)
2019-09-26 09:21:13,804 [pool-37-thread-1] INFO  server.RaftServerConfigKeys (ConfUtils.java:logGet(43)) - raft.server.retrycache.expirytime = 600000ms (custom)
2019-09-26 09:21:13,807 [pool-37-thread-1] INFO  impl.RaftServerImpl (RaftServerImpl.java:start(185)) - cdeec377-8f89-4dce-9b26-4d7c58a1953c@group-48263E137344: start as a follower, conf=-1: [cdeec377-8f89-4dce-9b26-4d7c58a1953c:192.168.30.13:44126], old=null
2019-09-26 09:21:13,807 [pool-37-thread-1] INFO  impl.RaftServerImpl (RaftServerImpl.java:setRole(174)) - cdeec377-8f89-4dce-9b26-4d7c58a1953c@group-48263E137344: changes role from      null to FOLLOWER at term 0 for startAsFollower
2019-09-26 09:21:13,807 [pool-37-thread-1] INFO  impl.RoleInfo (RoleInfo.java:updateAndGet(143)) - cdeec377-8f89-4dce-9b26-4d7c58a1953c: start FollowerState
2019-09-26 09:21:13,808 [pool-37-thread-1] INFO  util.JmxRegister (JmxRegister.java:tryRegister(44)) - Successfully registered JMX Bean with object name Ratis:service=RaftServer,group=group-48263E137344,id=cdeec377-8f89-4dce-9b26-4d7c58a1953c
2019-09-26 09:21:13,815 [RatisPipelineUtilsThread] INFO  pipeline.PipelineStateManager (PipelineStateManager.java:addPipeline(56)) - Created pipeline Pipeline[ Id: 9354d12c-2890-459b-9c43-48263e137344, Nodes: cdeec377-8f89-4dce-9b26-4d7c58a1953c{ip: 192.168.30.13, host: pr-hdds-1569-wvzgm-824869521, networkLocation: /default-rack, certSerialId: null}, Type:RATIS, Factor:ONE, State:OPEN]
2019-09-26 09:21:13,829 [grpc-default-executor-0] INFO  impl.RaftServerProxy (RaftServerProxy.java:addNew(89)) - 3696961a-2fd3-4cbb-be04-5fcc9f82ed1a: addNew group-E59BA6E2E671:[3696961a-2fd3-4cbb-be04-5fcc9f82ed1a:192.168.30.13:37562] returns group-E59BA6E2E671:java.util.concurrent.CompletableFuture@1f479ec3[Not completed]
2019-09-26 09:21:13,830 [pool-57-thread-1] INFO  impl.RaftServerImpl (RaftServerImpl.java:<init>(95)) - 3696961a-2fd3-4cbb-be04-5fcc9f82ed1a: new RaftServerImpl for group-E59BA6E2E671:[3696961a-2fd3-4cbb-be04-5fcc9f82ed1a:192.168.30.13:37562] with ContainerStateMachine:uninitialized
2019-09-26 09:21:13,831 [pool-57-thread-1] INFO  server.RaftServerConfigKeys (ConfUtils.java:logGet(43)) - raft.server.rpc.timeout.min = 5s (custom)
2019-09-26 09:21:13,831 [pool-57-thread-1] INFO  server.RaftServerConfigKeys (ConfUtils.java:logGet(43)) - raft.server.rpc.timeout.max = 5200ms (custom)
2019-09-26 09:21:13,831 [pool-57-thread-1] INFO  server.RaftServerConfigKeys (ConfUtils.java:logGet(43)) - raft.server.rpcslowness.timeout = 120s (custom)
2019-09-26 09:21:13,831 [pool-57-thread-1] INFO  server.RaftServerConfigKeys (ConfUtils.java:logGet(43)) - raft.server.sleep.deviation.threshold = 300 (default)
2019-09-26 09:21:13,831 [pool-57-thread-1] INFO  server.RaftServerConfigKeys (ConfUtils.java:logGet(43)) - raft.server.log.appender.install.snapshot.enabled = false (custom)
2019-09-26 09:21:13,831 [pool-57-thread-1] INFO  impl.RaftServerImpl (ServerState.java:<init>(103)) - 3696961a-2fd3-4cbb-be04-5fcc9f82ed1a@group-E59BA6E2E671: ConfigurationManager, init=-1: [3696961a-2fd3-4cbb-be04-5fcc9f82ed1a:192.168.30.13:37562], old=null, confs=<EMPTY_MAP>
2019-09-26 09:21:13,831 [pool-57-thread-1] INFO  server.RaftServerConfigKeys (ConfUtils.java:logGet(43)) - raft.server.storage.dir = [/workdir/hadoop-ozone/integration-test/target/test-dir/MiniOzoneClusterImpl-078ea463-30a6-4c8a-a8ff-41db0515e22e/datanode-3/data/ratis] (custom)
2019-09-26 09:21:13,831 [pool-57-thread-1] INFO  storage.RaftStorageDirectory (RaftStorageDirectory.java:analyzeStorage(246)) - The storage directory /workdir/hadoop-ozone/integration-test/target/test-dir/MiniOzoneClusterImpl-078ea463-30a6-4c8a-a8ff-41db0515e22e/datanode-3/data/ratis/44bafb52-1ac2-4fd2-9e9e-e59ba6e2e671 does not exist. Creating ...
2019-09-26 09:21:13,844 [pool-57-thread-1] INFO  storage.RaftStorageDirectory (RaftStorageDirectory.java:tryLock(328)) - Lock on /workdir/hadoop-ozone/integration-test/target/test-dir/MiniOzoneClusterImpl-078ea463-30a6-4c8a-a8ff-41db0515e22e/datanode-3/data/ratis/44bafb52-1ac2-4fd2-9e9e-e59ba6e2e671/in_use.lock acquired by nodename 11214@pr-hdds-1569-wvzgm-824869521
2019-09-26 09:21:13,857 [pool-57-thread-1] INFO  storage.RaftStorage (RaftStorage.java:format(72)) - Storage directory /workdir/hadoop-ozone/integration-test/target/test-dir/MiniOzoneClusterImpl-078ea463-30a6-4c8a-a8ff-41db0515e22e/datanode-3/data/ratis/44bafb52-1ac2-4fd2-9e9e-e59ba6e2e671 has been successfully formatted.
2019-09-26 09:21:13,857 [pool-57-thread-1] INFO  ratis.ContainerStateMachine (ContainerStateMachine.java:loadSnapshot(230)) - group-E59BA6E2E671: The snapshot info is null. Setting the last applied indexto:(t:0, i:~)
2019-09-26 09:21:13,857 [pool-57-thread-1] INFO  server.RaftServerConfigKeys (ConfUtils.java:logGet(43)) - raft.server.notification.no-leader.timeout = 120s (custom)
2019-09-26 09:21:13,858 [pool-57-thread-1] INFO  server.RaftServerConfigKeys (ConfUtils.java:logGet(43)) - raft.server.log.use.memory = false (default)
2019-09-26 09:21:13,858 [pool-57-thread-1] INFO  server.RaftServerConfigKeys (ConfUtils.java:logGet(43)) - raft.server.log.purge.gap = 1000000 (custom)
2019-09-26 09:21:13,858 [pool-57-thread-1] INFO  server.RaftServerConfigKeys (ConfUtils.java:logGet(43)) - raft.server.log.appender.buffer.byte-limit = 33554432 (custom)
2019-09-26 09:21:13,858 [pool-57-thread-1] INFO  server.RaftServerConfigKeys (ConfUtils.java:logGet(43)) - raft.server.log.segment.size.max = 1048576 (custom)
2019-09-26 09:21:13,858 [pool-57-thread-1] INFO  server.RaftServerConfigKeys (ConfUtils.java:logGet(43)) - raft.server.log.segment.cache.num.max = 2 (custom)
2019-09-26 09:21:13,858 [pool-57-thread-1] INFO  segmented.SegmentedRaftLogWorker (SegmentedRaftLogWorker.java:<init>(172)) - new 3696961a-2fd3-4cbb-be04-5fcc9f82ed1a@group-E59BA6E2E671-SegmentedRaftLogWorker for RaftStorage:Storage Directory /workdir/hadoop-ozone/integration-test/target/test-dir/MiniOzoneClusterImpl-078ea463-30a6-4c8a-a8ff-41db0515e22e/datanode-3/data/ratis/44bafb52-1ac2-4fd2-9e9e-e59ba6e2e671
2019-09-26 09:21:13,858 [pool-57-thread-1] INFO  server.RaftServerConfigKeys (ConfUtils.java:logGet(43)) - raft.server.log.queue.byte-limit = 2147483647 (custom)
2019-09-26 09:21:13,858 [pool-57-thread-1] INFO  server.RaftServerConfigKeys (ConfUtils.java:logGet(43)) - raft.server.log.queue.element-limit = 1024 (custom)
2019-09-26 09:21:13,858 [pool-57-thread-1] INFO  server.RaftServerConfigKeys (ConfUtils.java:logGet(43)) - raft.server.log.segment.size.max = 1048576 (custom)
2019-09-26 09:21:13,858 [pool-57-thread-1] INFO  server.RaftServerConfigKeys (ConfUtils.java:logGet(43)) - raft.server.log.preallocated.size = 16384 (custom)
2019-09-26 09:21:13,858 [pool-57-thread-1] INFO  server.RaftServerConfigKeys (ConfUtils.java:logGet(43)) - raft.server.log.write.buffer.size = 33554432 (custom)
2019-09-26 09:21:13,859 [pool-57-thread-1] INFO  server.RaftServerConfigKeys (ConfUtils.java:logGet(43)) - raft.server.log.force.sync.num = 128 (default)
2019-09-26 09:21:13,859 [pool-57-thread-1] INFO  server.RaftServerConfigKeys (ConfUtils.java:logGet(43)) - raft.server.log.statemachine.data.sync = true (default)
2019-09-26 09:21:13,859 [pool-57-thread-1] INFO  server.RaftServerConfigKeys (ConfUtils.java:logGet(43)) - raft.server.log.statemachine.data.sync.timeout = 10s (default)
2019-09-26 09:21:13,859 [pool-57-thread-1] INFO  server.RaftServerConfigKeys (ConfUtils.java:logGet(43)) - raft.server.log.statemachine.data.sync.timeout.retry = -1 (default)
2019-09-26 09:21:13,859 [pool-57-thread-1] INFO  server.RaftServerConfigKeys (ConfUtils.java:logGet(43)) - raft.server.log.statemachine.data.caching.enabled = true (custom)
2019-09-26 09:21:13,859 [pool-57-thread-1] INFO  segmented.SegmentedRaftLogWorker (SegmentedRaftLogWorker.java:lambda$new$0(132)) - 3696961a-2fd3-4cbb-be04-5fcc9f82ed1a@group-E59BA6E2E671-SegmentedRaftLogWorker: flushIndex: setUnconditionally 0 -> -1
2019-09-26 09:21:13,859 [pool-57-thread-1] INFO  server.RaftServerConfigKeys (ConfUtils.java:logGet(43)) - raft.server.snapshot.auto.trigger.enabled = true (custom)
2019-09-26 09:21:13,860 [pool-57-thread-1] INFO  server.RaftServerConfigKeys (ConfUtils.java:logGet(43)) - raft.server.snapshot.auto.trigger.threshold = 10000 (custom)
2019-09-26 09:21:13,860 [pool-57-thread-1] INFO  server.RaftServerConfigKeys (ConfUtils.java:logGet(43)) - raft.server.snapshot.retention.num.files = 5 (custom)
2019-09-26 09:21:13,860 [pool-57-thread-1] INFO  server.RaftServerConfigKeys (ConfUtils.java:logGet(43)) - raft.server.retrycache.expirytime = 600000ms (custom)
2019-09-26 09:21:13,862 [pool-57-thread-1] INFO  impl.RaftServerImpl (RaftServerImpl.java:start(185)) - 3696961a-2fd3-4cbb-be04-5fcc9f82ed1a@group-E59BA6E2E671: start as a follower, conf=-1: [3696961a-2fd3-4cbb-be04-5fcc9f82ed1a:192.168.30.13:37562], old=null
2019-09-26 09:21:13,862 [pool-57-thread-1] INFO  impl.RaftServerImpl (RaftServerImpl.java:setRole(174)) - 3696961a-2fd3-4cbb-be04-5fcc9f82ed1a@group-E59BA6E2E671: changes role from      null to FOLLOWER at term 0 for startAsFollower
2019-09-26 09:21:13,862 [pool-57-thread-1] INFO  impl.RoleInfo (RoleInfo.java:updateAndGet(143)) - 3696961a-2fd3-4cbb-be04-5fcc9f82ed1a: start FollowerState
2019-09-26 09:21:13,862 [pool-57-thread-1] INFO  util.JmxRegister (JmxRegister.java:tryRegister(44)) - Successfully registered JMX Bean with object name Ratis:service=RaftServer,group=group-E59BA6E2E671,id=3696961a-2fd3-4cbb-be04-5fcc9f82ed1a
2019-09-26 09:21:13,870 [RatisPipelineUtilsThread] INFO  pipeline.PipelineStateManager (PipelineStateManager.java:addPipeline(56)) - Created pipeline Pipeline[ Id: 44bafb52-1ac2-4fd2-9e9e-e59ba6e2e671, Nodes: 3696961a-2fd3-4cbb-be04-5fcc9f82ed1a{ip: 192.168.30.13, host: pr-hdds-1569-wvzgm-824869521, networkLocation: /default-rack, certSerialId: null}, Type:RATIS, Factor:ONE, State:OPEN]
2019-09-26 09:21:13,884 [grpc-default-executor-0] INFO  impl.RaftServerProxy (RaftServerProxy.java:addNew(89)) - 9ce5e10e-717d-4ed3-be0e-b6018052c3d2: addNew group-8B582E0ADDFB:[9ce5e10e-717d-4ed3-be0e-b6018052c3d2:192.168.30.13:37649] returns group-8B582E0ADDFB:java.util.concurrent.CompletableFuture@38cad754[Not completed]
2019-09-26 09:21:13,885 [pool-67-thread-1] INFO  impl.RaftServerImpl (RaftServerImpl.java:<init>(95)) - 9ce5e10e-717d-4ed3-be0e-b6018052c3d2: new RaftServerImpl for group-8B582E0ADDFB:[9ce5e10e-717d-4ed3-be0e-b6018052c3d2:192.168.30.13:37649] with ContainerStateMachine:uninitialized
2019-09-26 09:21:13,885 [pool-67-thread-1] INFO  server.RaftServerConfigKeys (ConfUtils.java:logGet(43)) - raft.server.rpc.timeout.min = 5s (custom)
2019-09-26 09:21:13,885 [pool-67-thread-1] INFO  server.RaftServerConfigKeys (ConfUtils.java:logGet(43)) - raft.server.rpc.timeout.max = 5200ms (custom)
2019-09-26 09:21:13,886 [pool-67-thread-1] INFO  server.RaftServerConfigKeys (ConfUtils.java:logGet(43)) - raft.server.rpcslowness.timeout = 120s (custom)
2019-09-26 09:21:13,886 [pool-67-thread-1] INFO  server.RaftServerConfigKeys (ConfUtils.java:logGet(43)) - raft.server.sleep.deviation.threshold = 300 (default)
2019-09-26 09:21:13,886 [pool-67-thread-1] INFO  server.RaftServerConfigKeys (ConfUtils.java:logGet(43)) - raft.server.log.appender.install.snapshot.enabled = false (custom)
2019-09-26 09:21:13,886 [pool-67-thread-1] INFO  impl.RaftServerImpl (ServerState.java:<init>(103)) - 9ce5e10e-717d-4ed3-be0e-b6018052c3d2@group-8B582E0ADDFB: ConfigurationManager, init=-1: [9ce5e10e-717d-4ed3-be0e-b6018052c3d2:192.168.30.13:37649], old=null, confs=<EMPTY_MAP>
2019-09-26 09:21:13,886 [pool-67-thread-1] INFO  server.RaftServerConfigKeys (ConfUtils.java:logGet(43)) - raft.server.storage.dir = [/workdir/hadoop-ozone/integration-test/target/test-dir/MiniOzoneClusterImpl-078ea463-30a6-4c8a-a8ff-41db0515e22e/datanode-4/data/ratis] (custom)
2019-09-26 09:21:13,887 [pool-67-thread-1] INFO  storage.RaftStorageDirectory (RaftStorageDirectory.java:analyzeStorage(246)) - The storage directory /workdir/hadoop-ozone/integration-test/target/test-dir/MiniOzoneClusterImpl-078ea463-30a6-4c8a-a8ff-41db0515e22e/datanode-4/data/ratis/67ccecb6-2336-48ad-8f88-8b582e0addfb does not exist. Creating ...
2019-09-26 09:21:14,002 [pool-67-thread-1] INFO  storage.RaftStorageDirectory (RaftStorageDirectory.java:tryLock(328)) - Lock on /workdir/hadoop-ozone/integration-test/target/test-dir/MiniOzoneClusterImpl-078ea463-30a6-4c8a-a8ff-41db0515e22e/datanode-4/data/ratis/67ccecb6-2336-48ad-8f88-8b582e0addfb/in_use.lock acquired by nodename 11214@pr-hdds-1569-wvzgm-824869521
2019-09-26 09:21:14,012 [pool-67-thread-1] INFO  storage.RaftStorage (RaftStorage.java:format(72)) - Storage directory /workdir/hadoop-ozone/integration-test/target/test-dir/MiniOzoneClusterImpl-078ea463-30a6-4c8a-a8ff-41db0515e22e/datanode-4/data/ratis/67ccecb6-2336-48ad-8f88-8b582e0addfb has been successfully formatted.
2019-09-26 09:21:14,013 [pool-67-thread-1] INFO  ratis.ContainerStateMachine (ContainerStateMachine.java:loadSnapshot(230)) - group-8B582E0ADDFB: The snapshot info is null. Setting the last applied indexto:(t:0, i:~)
2019-09-26 09:21:14,013 [pool-67-thread-1] INFO  server.RaftServerConfigKeys (ConfUtils.java:logGet(43)) - raft.server.notification.no-leader.timeout = 120s (custom)
2019-09-26 09:21:14,013 [pool-67-thread-1] INFO  server.RaftServerConfigKeys (ConfUtils.java:logGet(43)) - raft.server.log.use.memory = false (default)
2019-09-26 09:21:14,013 [pool-67-thread-1] INFO  server.RaftServerConfigKeys (ConfUtils.java:logGet(43)) - raft.server.log.purge.gap = 1000000 (custom)
2019-09-26 09:21:14,014 [pool-67-thread-1] INFO  server.RaftServerConfigKeys (ConfUtils.java:logGet(43)) - raft.server.log.appender.buffer.byte-limit = 33554432 (custom)
2019-09-26 09:21:14,014 [pool-67-thread-1] INFO  server.RaftServerConfigKeys (ConfUtils.java:logGet(43)) - raft.server.log.segment.size.max = 1048576 (custom)
2019-09-26 09:21:14,014 [pool-67-thread-1] INFO  server.RaftServerConfigKeys (ConfUtils.java:logGet(43)) - raft.server.log.segment.cache.num.max = 2 (custom)
2019-09-26 09:21:14,014 [pool-67-thread-1] INFO  segmented.SegmentedRaftLogWorker (SegmentedRaftLogWorker.java:<init>(172)) - new 9ce5e10e-717d-4ed3-be0e-b6018052c3d2@group-8B582E0ADDFB-SegmentedRaftLogWorker for RaftStorage:Storage Directory /workdir/hadoop-ozone/integration-test/target/test-dir/MiniOzoneClusterImpl-078ea463-30a6-4c8a-a8ff-41db0515e22e/datanode-4/data/ratis/67ccecb6-2336-48ad-8f88-8b582e0addfb
2019-09-26 09:21:14,014 [pool-67-thread-1] INFO  server.RaftServerConfigKeys (ConfUtils.java:logGet(43)) - raft.server.log.queue.byte-limit = 2147483647 (custom)
2019-09-26 09:21:14,014 [pool-67-thread-1] INFO  server.RaftServerConfigKeys (ConfUtils.java:logGet(43)) - raft.server.log.queue.element-limit = 1024 (custom)
2019-09-26 09:21:14,015 [pool-67-thread-1] INFO  server.RaftServerConfigKeys (ConfUtils.java:logGet(43)) - raft.server.log.segment.size.max = 1048576 (custom)
2019-09-26 09:21:14,015 [pool-67-thread-1] INFO  server.RaftServerConfigKeys (ConfUtils.java:logGet(43)) - raft.server.log.preallocated.size = 16384 (custom)
2019-09-26 09:21:14,015 [pool-67-thread-1] INFO  server.RaftServerConfigKeys (ConfUtils.java:logGet(43)) - raft.server.log.write.buffer.size = 33554432 (custom)
2019-09-26 09:21:14,015 [pool-67-thread-1] INFO  server.RaftServerConfigKeys (ConfUtils.java:logGet(43)) - raft.server.log.force.sync.num = 128 (default)
2019-09-26 09:21:14,015 [pool-67-thread-1] INFO  server.RaftServerConfigKeys (ConfUtils.java:logGet(43)) - raft.server.log.statemachine.data.sync = true (default)
2019-09-26 09:21:14,015 [pool-67-thread-1] INFO  server.RaftServerConfigKeys (ConfUtils.java:logGet(43)) - raft.server.log.statemachine.data.sync.timeout = 10s (default)
2019-09-26 09:21:14,016 [pool-67-thread-1] INFO  server.RaftServerConfigKeys (ConfUtils.java:logGet(43)) - raft.server.log.statemachine.data.sync.timeout.retry = -1 (default)
2019-09-26 09:21:14,016 [pool-67-thread-1] INFO  server.RaftServerConfigKeys (ConfUtils.java:logGet(43)) - raft.server.log.statemachine.data.caching.enabled = true (custom)
2019-09-26 09:21:14,016 [pool-67-thread-1] INFO  segmented.SegmentedRaftLogWorker (SegmentedRaftLogWorker.java:lambda$new$0(132)) - 9ce5e10e-717d-4ed3-be0e-b6018052c3d2@group-8B582E0ADDFB-SegmentedRaftLogWorker: flushIndex: setUnconditionally 0 -> -1
2019-09-26 09:21:14,017 [pool-67-thread-1] INFO  server.RaftServerConfigKeys (ConfUtils.java:logGet(43)) - raft.server.snapshot.auto.trigger.enabled = true (custom)
2019-09-26 09:21:14,017 [pool-67-thread-1] INFO  server.RaftServerConfigKeys (ConfUtils.java:logGet(43)) - raft.server.snapshot.auto.trigger.threshold = 10000 (custom)
2019-09-26 09:21:14,017 [pool-67-thread-1] INFO  server.RaftServerConfigKeys (ConfUtils.java:logGet(43)) - raft.server.snapshot.retention.num.files = 5 (custom)
2019-09-26 09:21:14,017 [pool-67-thread-1] INFO  server.RaftServerConfigKeys (ConfUtils.java:logGet(43)) - raft.server.retrycache.expirytime = 600000ms (custom)
2019-09-26 09:21:14,021 [pool-67-thread-1] INFO  impl.RaftServerImpl (RaftServerImpl.java:start(185)) - 9ce5e10e-717d-4ed3-be0e-b6018052c3d2@group-8B582E0ADDFB: start as a follower, conf=-1: [9ce5e10e-717d-4ed3-be0e-b6018052c3d2:192.168.30.13:37649], old=null
2019-09-26 09:21:14,021 [pool-67-thread-1] INFO  impl.RaftServerImpl (RaftServerImpl.java:setRole(174)) - 9ce5e10e-717d-4ed3-be0e-b6018052c3d2@group-8B582E0ADDFB: changes role from      null to FOLLOWER at term 0 for startAsFollower
2019-09-26 09:21:14,021 [pool-67-thread-1] INFO  impl.RoleInfo (RoleInfo.java:updateAndGet(143)) - 9ce5e10e-717d-4ed3-be0e-b6018052c3d2: start FollowerState
2019-09-26 09:21:14,022 [pool-67-thread-1] INFO  util.JmxRegister (JmxRegister.java:tryRegister(44)) - Successfully registered JMX Bean with object name Ratis:service=RaftServer,group=group-8B582E0ADDFB,id=9ce5e10e-717d-4ed3-be0e-b6018052c3d2
2019-09-26 09:21:14,029 [RatisPipelineUtilsThread] INFO  pipeline.PipelineStateManager (PipelineStateManager.java:addPipeline(56)) - Created pipeline Pipeline[ Id: 67ccecb6-2336-48ad-8f88-8b582e0addfb, Nodes: 9ce5e10e-717d-4ed3-be0e-b6018052c3d2{ip: 192.168.30.13, host: pr-hdds-1569-wvzgm-824869521, networkLocation: /default-rack, certSerialId: null}, Type:RATIS, Factor:ONE, State:OPEN]
2019-09-26 09:21:14,042 [grpc-default-executor-0] INFO  impl.RaftServerProxy (RaftServerProxy.java:addNew(89)) - 3696961a-2fd3-4cbb-be04-5fcc9f82ed1a: addNew group-639FFFF42E45:[3696961a-2fd3-4cbb-be04-5fcc9f82ed1a:192.168.30.13:37562] returns group-639FFFF42E45:java.util.concurrent.CompletableFuture@b9a5c45[Not completed]
2019-09-26 09:21:14,043 [pool-57-thread-1] INFO  impl.RaftServerImpl (RaftServerImpl.java:<init>(95)) - 3696961a-2fd3-4cbb-be04-5fcc9f82ed1a: new RaftServerImpl for group-639FFFF42E45:[3696961a-2fd3-4cbb-be04-5fcc9f82ed1a:192.168.30.13:37562] with ContainerStateMachine:uninitialized
2019-09-26 09:21:14,044 [pool-57-thread-1] INFO  server.RaftServerConfigKeys (ConfUtils.java:logGet(43)) - raft.server.rpc.timeout.min = 5s (custom)
2019-09-26 09:21:14,044 [pool-57-thread-1] INFO  server.RaftServerConfigKeys (ConfUtils.java:logGet(43)) - raft.server.rpc.timeout.max = 5200ms (custom)
2019-09-26 09:21:14,044 [pool-57-thread-1] INFO  server.RaftServerConfigKeys (ConfUtils.java:logGet(43)) - raft.server.rpcslowness.timeout = 120s (custom)
2019-09-26 09:21:14,044 [pool-57-thread-1] INFO  server.RaftServerConfigKeys (ConfUtils.java:logGet(43)) - raft.server.sleep.deviation.threshold = 300 (default)
2019-09-26 09:21:14,044 [pool-57-thread-1] INFO  server.RaftServerConfigKeys (ConfUtils.java:logGet(43)) - raft.server.log.appender.install.snapshot.enabled = false (custom)
2019-09-26 09:21:14,044 [pool-57-thread-1] INFO  impl.RaftServerImpl (ServerState.java:<init>(103)) - 3696961a-2fd3-4cbb-be04-5fcc9f82ed1a@group-639FFFF42E45: ConfigurationManager, init=-1: [3696961a-2fd3-4cbb-be04-5fcc9f82ed1a:192.168.30.13:37562], old=null, confs=<EMPTY_MAP>
2019-09-26 09:21:14,045 [pool-57-thread-1] INFO  server.RaftServerConfigKeys (ConfUtils.java:logGet(43)) - raft.server.storage.dir = [/workdir/hadoop-ozone/integration-test/target/test-dir/MiniOzoneClusterImpl-078ea463-30a6-4c8a-a8ff-41db0515e22e/datanode-3/data/ratis] (custom)
2019-09-26 09:21:14,045 [pool-57-thread-1] INFO  storage.RaftStorageDirectory (RaftStorageDirectory.java:analyzeStorage(246)) - The storage directory /workdir/hadoop-ozone/integration-test/target/test-dir/MiniOzoneClusterImpl-078ea463-30a6-4c8a-a8ff-41db0515e22e/datanode-3/data/ratis/a8ee58c0-c019-46d3-a8ec-639ffff42e45 does not exist. Creating ...
2019-09-26 09:21:14,055 [pool-57-thread-1] INFO  storage.RaftStorageDirectory (RaftStorageDirectory.java:tryLock(328)) - Lock on /workdir/hadoop-ozone/integration-test/target/test-dir/MiniOzoneClusterImpl-078ea463-30a6-4c8a-a8ff-41db0515e22e/datanode-3/data/ratis/a8ee58c0-c019-46d3-a8ec-639ffff42e45/in_use.lock acquired by nodename 11214@pr-hdds-1569-wvzgm-824869521
2019-09-26 09:21:14,068 [pool-57-thread-1] INFO  storage.RaftStorage (RaftStorage.java:format(72)) - Storage directory /workdir/hadoop-ozone/integration-test/target/test-dir/MiniOzoneClusterImpl-078ea463-30a6-4c8a-a8ff-41db0515e22e/datanode-3/data/ratis/a8ee58c0-c019-46d3-a8ec-639ffff42e45 has been successfully formatted.
2019-09-26 09:21:14,068 [pool-57-thread-1] INFO  ratis.ContainerStateMachine (ContainerStateMachine.java:loadSnapshot(230)) - group-639FFFF42E45: The snapshot info is null. Setting the last applied indexto:(t:0, i:~)
2019-09-26 09:21:14,068 [pool-57-thread-1] INFO  server.RaftServerConfigKeys (ConfUtils.java:logGet(43)) - raft.server.notification.no-leader.timeout = 120s (custom)
2019-09-26 09:21:14,068 [pool-57-thread-1] INFO  server.RaftServerConfigKeys (ConfUtils.java:logGet(43)) - raft.server.log.use.memory = false (default)
2019-09-26 09:21:14,068 [pool-57-thread-1] INFO  server.RaftServerConfigKeys (ConfUtils.java:logGet(43)) - raft.server.log.purge.gap = 1000000 (custom)
2019-09-26 09:21:14,069 [pool-57-thread-1] INFO  server.RaftServerConfigKeys (ConfUtils.java:logGet(43)) - raft.server.log.appender.buffer.byte-limit = 33554432 (custom)
2019-09-26 09:21:14,069 [pool-57-thread-1] INFO  server.RaftServerConfigKeys (ConfUtils.java:logGet(43)) - raft.server.log.segment.size.max = 1048576 (custom)
2019-09-26 09:21:14,069 [pool-57-thread-1] INFO  server.RaftServerConfigKeys (ConfUtils.java:logGet(43)) - raft.server.log.segment.cache.num.max = 2 (custom)
2019-09-26 09:21:14,069 [pool-57-thread-1] INFO  segmented.SegmentedRaftLogWorker (SegmentedRaftLogWorker.java:<init>(172)) - new 3696961a-2fd3-4cbb-be04-5fcc9f82ed1a@group-639FFFF42E45-SegmentedRaftLogWorker for RaftStorage:Storage Directory /workdir/hadoop-ozone/integration-test/target/test-dir/MiniOzoneClusterImpl-078ea463-30a6-4c8a-a8ff-41db0515e22e/datanode-3/data/ratis/a8ee58c0-c019-46d3-a8ec-639ffff42e45
2019-09-26 09:21:14,069 [pool-57-thread-1] INFO  server.RaftServerConfigKeys (ConfUtils.java:logGet(43)) - raft.server.log.queue.byte-limit = 2147483647 (custom)
2019-09-26 09:21:14,069 [pool-57-thread-1] INFO  server.RaftServerConfigKeys (ConfUtils.java:logGet(43)) - raft.server.log.queue.element-limit = 1024 (custom)
2019-09-26 09:21:14,069 [pool-57-thread-1] INFO  server.RaftServerConfigKeys (ConfUtils.java:logGet(43)) - raft.server.log.segment.size.max = 1048576 (custom)
2019-09-26 09:21:14,070 [pool-57-thread-1] INFO  server.RaftServerConfigKeys (ConfUtils.java:logGet(43)) - raft.server.log.preallocated.size = 16384 (custom)
2019-09-26 09:21:14,070 [pool-57-thread-1] INFO  server.RaftServerConfigKeys (ConfUtils.java:logGet(43)) - raft.server.log.write.buffer.size = 33554432 (custom)
2019-09-26 09:21:14,070 [pool-57-thread-1] INFO  server.RaftServerConfigKeys (ConfUtils.java:logGet(43)) - raft.server.log.force.sync.num = 128 (default)
2019-09-26 09:21:14,070 [pool-57-thread-1] INFO  server.RaftServerConfigKeys (ConfUtils.java:logGet(43)) - raft.server.log.statemachine.data.sync = true (default)
2019-09-26 09:21:14,070 [pool-57-thread-1] INFO  server.RaftServerConfigKeys (ConfUtils.java:logGet(43)) - raft.server.log.statemachine.data.sync.timeout = 10s (default)
2019-09-26 09:21:14,070 [pool-57-thread-1] INFO  server.RaftServerConfigKeys (ConfUtils.java:logGet(43)) - raft.server.log.statemachine.data.sync.timeout.retry = -1 (default)
2019-09-26 09:21:14,070 [pool-57-thread-1] INFO  server.RaftServerConfigKeys (ConfUtils.java:logGet(43)) - raft.server.log.statemachine.data.caching.enabled = true (custom)
2019-09-26 09:21:14,071 [pool-57-thread-1] INFO  segmented.SegmentedRaftLogWorker (SegmentedRaftLogWorker.java:lambda$new$0(132)) - 3696961a-2fd3-4cbb-be04-5fcc9f82ed1a@group-639FFFF42E45-SegmentedRaftLogWorker: flushIndex: setUnconditionally 0 -> -1
2019-09-26 09:21:14,071 [pool-57-thread-1] INFO  server.RaftServerConfigKeys (ConfUtils.java:logGet(43)) - raft.server.snapshot.auto.trigger.enabled = true (custom)
2019-09-26 09:21:14,071 [pool-57-thread-1] INFO  server.RaftServerConfigKeys (ConfUtils.java:logGet(43)) - raft.server.snapshot.auto.trigger.threshold = 10000 (custom)
2019-09-26 09:21:14,071 [pool-57-thread-1] INFO  server.RaftServerConfigKeys (ConfUtils.java:logGet(43)) - raft.server.snapshot.retention.num.files = 5 (custom)
2019-09-26 09:21:14,072 [pool-57-thread-1] INFO  server.RaftServerConfigKeys (ConfUtils.java:logGet(43)) - raft.server.retrycache.expirytime = 600000ms (custom)
2019-09-26 09:21:14,075 [pool-57-thread-1] INFO  impl.RaftServerImpl (RaftServerImpl.java:start(185)) - 3696961a-2fd3-4cbb-be04-5fcc9f82ed1a@group-639FFFF42E45: start as a follower, conf=-1: [3696961a-2fd3-4cbb-be04-5fcc9f82ed1a:192.168.30.13:37562], old=null
2019-09-26 09:21:14,075 [pool-57-thread-1] INFO  impl.RaftServerImpl (RaftServerImpl.java:setRole(174)) - 3696961a-2fd3-4cbb-be04-5fcc9f82ed1a@group-639FFFF42E45: changes role from      null to FOLLOWER at term 0 for startAsFollower
2019-09-26 09:21:14,075 [pool-57-thread-1] INFO  impl.RoleInfo (RoleInfo.java:updateAndGet(143)) - 3696961a-2fd3-4cbb-be04-5fcc9f82ed1a: start FollowerState
2019-09-26 09:21:14,075 [pool-57-thread-1] INFO  util.JmxRegister (JmxRegister.java:tryRegister(44)) - Successfully registered JMX Bean with object name Ratis:service=RaftServer,group=group-639FFFF42E45,id=3696961a-2fd3-4cbb-be04-5fcc9f82ed1a
2019-09-26 09:21:14,084 [RatisPipelineUtilsThread] INFO  pipeline.PipelineStateManager (PipelineStateManager.java:addPipeline(56)) - Created pipeline Pipeline[ Id: a8ee58c0-c019-46d3-a8ec-639ffff42e45, Nodes: 3696961a-2fd3-4cbb-be04-5fcc9f82ed1a{ip: 192.168.30.13, host: pr-hdds-1569-wvzgm-824869521, networkLocation: /default-rack, certSerialId: null}, Type:RATIS, Factor:ONE, State:OPEN]
2019-09-26 09:21:14,097 [grpc-default-executor-0] INFO  impl.RaftServerProxy (RaftServerProxy.java:addNew(89)) - 3750858d-06c8-40e1-8c05-0037147842e2: addNew group-3EAE41C28FD1:[3750858d-06c8-40e1-8c05-0037147842e2:192.168.30.13:41582] returns group-3EAE41C28FD1:java.util.concurrent.CompletableFuture@2ac6e220[Not completed]
2019-09-26 09:21:14,098 [pool-77-thread-1] INFO  impl.RaftServerImpl (RaftServerImpl.java:<init>(95)) - 3750858d-06c8-40e1-8c05-0037147842e2: new RaftServerImpl for group-3EAE41C28FD1:[3750858d-06c8-40e1-8c05-0037147842e2:192.168.30.13:41582] with ContainerStateMachine:uninitialized
2019-09-26 09:21:14,098 [pool-77-thread-1] INFO  server.RaftServerConfigKeys (ConfUtils.java:logGet(43)) - raft.server.rpc.timeout.min = 5s (custom)
2019-09-26 09:21:14,098 [pool-77-thread-1] INFO  server.RaftServerConfigKeys (ConfUtils.java:logGet(43)) - raft.server.rpc.timeout.max = 5200ms (custom)
2019-09-26 09:21:14,098 [pool-77-thread-1] INFO  server.RaftServerConfigKeys (ConfUtils.java:logGet(43)) - raft.server.rpcslowness.timeout = 120s (custom)
2019-09-26 09:21:14,099 [pool-77-thread-1] INFO  server.RaftServerConfigKeys (ConfUtils.java:logGet(43)) - raft.server.sleep.deviation.threshold = 300 (default)
2019-09-26 09:21:14,099 [pool-77-thread-1] INFO  server.RaftServerConfigKeys (ConfUtils.java:logGet(43)) - raft.server.log.appender.install.snapshot.enabled = false (custom)
2019-09-26 09:21:14,099 [pool-77-thread-1] INFO  impl.RaftServerImpl (ServerState.java:<init>(103)) - 3750858d-06c8-40e1-8c05-0037147842e2@group-3EAE41C28FD1: ConfigurationManager, init=-1: [3750858d-06c8-40e1-8c05-0037147842e2:192.168.30.13:41582], old=null, confs=<EMPTY_MAP>
2019-09-26 09:21:14,099 [pool-77-thread-1] INFO  server.RaftServerConfigKeys (ConfUtils.java:logGet(43)) - raft.server.storage.dir = [/workdir/hadoop-ozone/integration-test/target/test-dir/MiniOzoneClusterImpl-078ea463-30a6-4c8a-a8ff-41db0515e22e/datanode-5/data/ratis] (custom)
2019-09-26 09:21:14,099 [pool-77-thread-1] INFO  storage.RaftStorageDirectory (RaftStorageDirectory.java:analyzeStorage(246)) - The storage directory /workdir/hadoop-ozone/integration-test/target/test-dir/MiniOzoneClusterImpl-078ea463-30a6-4c8a-a8ff-41db0515e22e/datanode-5/data/ratis/a100eab2-4875-4c0c-92c6-3eae41c28fd1 does not exist. Creating ...
2019-09-26 09:21:14,114 [pool-77-thread-1] INFO  storage.RaftStorageDirectory (RaftStorageDirectory.java:tryLock(328)) - Lock on /workdir/hadoop-ozone/integration-test/target/test-dir/MiniOzoneClusterImpl-078ea463-30a6-4c8a-a8ff-41db0515e22e/datanode-5/data/ratis/a100eab2-4875-4c0c-92c6-3eae41c28fd1/in_use.lock acquired by nodename 11214@pr-hdds-1569-wvzgm-824869521
2019-09-26 09:21:14,132 [pool-77-thread-1] INFO  storage.RaftStorage (RaftStorage.java:format(72)) - Storage directory /workdir/hadoop-ozone/integration-test/target/test-dir/MiniOzoneClusterImpl-078ea463-30a6-4c8a-a8ff-41db0515e22e/datanode-5/data/ratis/a100eab2-4875-4c0c-92c6-3eae41c28fd1 has been successfully formatted.
2019-09-26 09:21:14,133 [pool-77-thread-1] INFO  ratis.ContainerStateMachine (ContainerStateMachine.java:loadSnapshot(230)) - group-3EAE41C28FD1: The snapshot info is null. Setting the last applied indexto:(t:0, i:~)
2019-09-26 09:21:14,133 [pool-77-thread-1] INFO  server.RaftServerConfigKeys (ConfUtils.java:logGet(43)) - raft.server.notification.no-leader.timeout = 120s (custom)
2019-09-26 09:21:14,133 [pool-77-thread-1] INFO  server.RaftServerConfigKeys (ConfUtils.java:logGet(43)) - raft.server.log.use.memory = false (default)
2019-09-26 09:21:14,134 [pool-77-thread-1] INFO  server.RaftServerConfigKeys (ConfUtils.java:logGet(43)) - raft.server.log.purge.gap = 1000000 (custom)
2019-09-26 09:21:14,134 [pool-77-thread-1] INFO  server.RaftServerConfigKeys (ConfUtils.java:logGet(43)) - raft.server.log.appender.buffer.byte-limit = 33554432 (custom)
2019-09-26 09:21:14,134 [pool-77-thread-1] INFO  server.RaftServerConfigKeys (ConfUtils.java:logGet(43)) - raft.server.log.segment.size.max = 1048576 (custom)
2019-09-26 09:21:14,134 [pool-77-thread-1] INFO  server.RaftServerConfigKeys (ConfUtils.java:logGet(43)) - raft.server.log.segment.cache.num.max = 2 (custom)
2019-09-26 09:21:14,134 [pool-77-thread-1] INFO  segmented.SegmentedRaftLogWorker (SegmentedRaftLogWorker.java:<init>(172)) - new 3750858d-06c8-40e1-8c05-0037147842e2@group-3EAE41C28FD1-SegmentedRaftLogWorker for RaftStorage:Storage Directory /workdir/hadoop-ozone/integration-test/target/test-dir/MiniOzoneClusterImpl-078ea463-30a6-4c8a-a8ff-41db0515e22e/datanode-5/data/ratis/a100eab2-4875-4c0c-92c6-3eae41c28fd1
2019-09-26 09:21:14,134 [pool-77-thread-1] INFO  server.RaftServerConfigKeys (ConfUtils.java:logGet(43)) - raft.server.log.queue.byte-limit = 2147483647 (custom)
2019-09-26 09:21:14,135 [pool-77-thread-1] INFO  server.RaftServerConfigKeys (ConfUtils.java:logGet(43)) - raft.server.log.queue.element-limit = 1024 (custom)
2019-09-26 09:21:14,135 [pool-77-thread-1] INFO  server.RaftServerConfigKeys (ConfUtils.java:logGet(43)) - raft.server.log.segment.size.max = 1048576 (custom)
2019-09-26 09:21:14,135 [pool-77-thread-1] INFO  server.RaftServerConfigKeys (ConfUtils.java:logGet(43)) - raft.server.log.preallocated.size = 16384 (custom)
2019-09-26 09:21:14,135 [pool-77-thread-1] INFO  server.RaftServerConfigKeys (ConfUtils.java:logGet(43)) - raft.server.log.write.buffer.size = 33554432 (custom)
2019-09-26 09:21:14,135 [pool-77-thread-1] INFO  server.RaftServerConfigKeys (ConfUtils.java:logGet(43)) - raft.server.log.force.sync.num = 128 (default)
2019-09-26 09:21:14,136 [pool-77-thread-1] INFO  server.RaftServerConfigKeys (ConfUtils.java:logGet(43)) - raft.server.log.statemachine.data.sync = true (default)
2019-09-26 09:21:14,136 [pool-77-thread-1] INFO  server.RaftServerConfigKeys (ConfUtils.java:logGet(43)) - raft.server.log.statemachine.data.sync.timeout = 10s (default)
2019-09-26 09:21:14,136 [pool-77-thread-1] INFO  server.RaftServerConfigKeys (ConfUtils.java:logGet(43)) - raft.server.log.statemachine.data.sync.timeout.retry = -1 (default)
2019-09-26 09:21:14,136 [pool-77-thread-1] INFO  server.RaftServerConfigKeys (ConfUtils.java:logGet(43)) - raft.server.log.statemachine.data.caching.enabled = true (custom)
2019-09-26 09:21:14,137 [pool-77-thread-1] INFO  segmented.SegmentedRaftLogWorker (SegmentedRaftLogWorker.java:lambda$new$0(132)) - 3750858d-06c8-40e1-8c05-0037147842e2@group-3EAE41C28FD1-SegmentedRaftLogWorker: flushIndex: setUnconditionally 0 -> -1
2019-09-26 09:21:14,137 [pool-77-thread-1] INFO  server.RaftServerConfigKeys (ConfUtils.java:logGet(43)) - raft.server.snapshot.auto.trigger.enabled = true (custom)
2019-09-26 09:21:14,137 [pool-77-thread-1] INFO  server.RaftServerConfigKeys (ConfUtils.java:logGet(43)) - raft.server.snapshot.auto.trigger.threshold = 10000 (custom)
2019-09-26 09:21:14,137 [pool-77-thread-1] INFO  server.RaftServerConfigKeys (ConfUtils.java:logGet(43)) - raft.server.snapshot.retention.num.files = 5 (custom)
2019-09-26 09:21:14,138 [pool-77-thread-1] INFO  server.RaftServerConfigKeys (ConfUtils.java:logGet(43)) - raft.server.retrycache.expirytime = 600000ms (custom)
2019-09-26 09:21:14,142 [pool-77-thread-1] INFO  impl.RaftServerImpl (RaftServerImpl.java:start(185)) - 3750858d-06c8-40e1-8c05-0037147842e2@group-3EAE41C28FD1: start as a follower, conf=-1: [3750858d-06c8-40e1-8c05-0037147842e2:192.168.30.13:41582], old=null
2019-09-26 09:21:14,142 [pool-77-thread-1] INFO  impl.RaftServerImpl (RaftServerImpl.java:setRole(174)) - 3750858d-06c8-40e1-8c05-0037147842e2@group-3EAE41C28FD1: changes role from      null to FOLLOWER at term 0 for startAsFollower
2019-09-26 09:21:14,142 [pool-77-thread-1] INFO  impl.RoleInfo (RoleInfo.java:updateAndGet(143)) - 3750858d-06c8-40e1-8c05-0037147842e2: start FollowerState
2019-09-26 09:21:14,143 [pool-77-thread-1] INFO  util.JmxRegister (JmxRegister.java:tryRegister(44)) - Successfully registered JMX Bean with object name Ratis:service=RaftServer,group=group-3EAE41C28FD1,id=3750858d-06c8-40e1-8c05-0037147842e2
2019-09-26 09:21:14,151 [RatisPipelineUtilsThread] INFO  pipeline.PipelineStateManager (PipelineStateManager.java:addPipeline(56)) - Created pipeline Pipeline[ Id: a100eab2-4875-4c0c-92c6-3eae41c28fd1, Nodes: 3750858d-06c8-40e1-8c05-0037147842e2{ip: 192.168.30.13, host: pr-hdds-1569-wvzgm-824869521, networkLocation: /default-rack, certSerialId: null}, Type:RATIS, Factor:ONE, State:OPEN]
2019-09-26 09:21:14,166 [grpc-default-executor-0] INFO  impl.RaftServerProxy (RaftServerProxy.java:addNew(89)) - 1dec72e7-0344-4894-a47b-48d961c58f71: addNew group-CD888B13928D:[1dec72e7-0344-4894-a47b-48d961c58f71:192.168.30.13:42556] returns group-CD888B13928D:java.util.concurrent.CompletableFuture@18f47d84[Not completed]
2019-09-26 09:21:14,168 [pool-27-thread-1] INFO  impl.RaftServerImpl (RaftServerImpl.java:<init>(95)) - 1dec72e7-0344-4894-a47b-48d961c58f71: new RaftServerImpl for group-CD888B13928D:[1dec72e7-0344-4894-a47b-48d961c58f71:192.168.30.13:42556] with ContainerStateMachine:uninitialized
2019-09-26 09:21:14,168 [pool-27-thread-1] INFO  server.RaftServerConfigKeys (ConfUtils.java:logGet(43)) - raft.server.rpc.timeout.min = 5s (custom)
2019-09-26 09:21:14,168 [pool-27-thread-1] INFO  server.RaftServerConfigKeys (ConfUtils.java:logGet(43)) - raft.server.rpc.timeout.max = 5200ms (custom)
2019-09-26 09:21:14,168 [pool-27-thread-1] INFO  server.RaftServerConfigKeys (ConfUtils.java:logGet(43)) - raft.server.rpcslowness.timeout = 120s (custom)
2019-09-26 09:21:14,169 [pool-27-thread-1] INFO  server.RaftServerConfigKeys (ConfUtils.java:logGet(43)) - raft.server.sleep.deviation.threshold = 300 (default)
2019-09-26 09:21:14,169 [pool-27-thread-1] INFO  server.RaftServerConfigKeys (ConfUtils.java:logGet(43)) - raft.server.log.appender.install.snapshot.enabled = false (custom)
2019-09-26 09:21:14,169 [pool-27-thread-1] INFO  impl.RaftServerImpl (ServerState.java:<init>(103)) - 1dec72e7-0344-4894-a47b-48d961c58f71@group-CD888B13928D: ConfigurationManager, init=-1: [1dec72e7-0344-4894-a47b-48d961c58f71:192.168.30.13:42556], old=null, confs=<EMPTY_MAP>
2019-09-26 09:21:14,169 [pool-27-thread-1] INFO  server.RaftServerConfigKeys (ConfUtils.java:logGet(43)) - raft.server.storage.dir = [/workdir/hadoop-ozone/integration-test/target/test-dir/MiniOzoneClusterImpl-078ea463-30a6-4c8a-a8ff-41db0515e22e/datanode-0/data/ratis] (custom)
2019-09-26 09:21:14,170 [pool-27-thread-1] INFO  storage.RaftStorageDirectory (RaftStorageDirectory.java:analyzeStorage(246)) - The storage directory /workdir/hadoop-ozone/integration-test/target/test-dir/MiniOzoneClusterImpl-078ea463-30a6-4c8a-a8ff-41db0515e22e/datanode-0/data/ratis/4e6a36e3-0a2e-4f0b-99f1-cd888b13928d does not exist. Creating ...
2019-09-26 09:21:14,183 [pool-27-thread-1] INFO  storage.RaftStorageDirectory (RaftStorageDirectory.java:tryLock(328)) - Lock on /workdir/hadoop-ozone/integration-test/target/test-dir/MiniOzoneClusterImpl-078ea463-30a6-4c8a-a8ff-41db0515e22e/datanode-0/data/ratis/4e6a36e3-0a2e-4f0b-99f1-cd888b13928d/in_use.lock acquired by nodename 11214@pr-hdds-1569-wvzgm-824869521
2019-09-26 09:21:14,196 [pool-27-thread-1] INFO  storage.RaftStorage (RaftStorage.java:format(72)) - Storage directory /workdir/hadoop-ozone/integration-test/target/test-dir/MiniOzoneClusterImpl-078ea463-30a6-4c8a-a8ff-41db0515e22e/datanode-0/data/ratis/4e6a36e3-0a2e-4f0b-99f1-cd888b13928d has been successfully formatted.
2019-09-26 09:21:14,197 [pool-27-thread-1] INFO  ratis.ContainerStateMachine (ContainerStateMachine.java:loadSnapshot(230)) - group-CD888B13928D: The snapshot info is null. Setting the last applied indexto:(t:0, i:~)
2019-09-26 09:21:14,197 [pool-27-thread-1] INFO  server.RaftServerConfigKeys (ConfUtils.java:logGet(43)) - raft.server.notification.no-leader.timeout = 120s (custom)
2019-09-26 09:21:14,197 [pool-27-thread-1] INFO  server.RaftServerConfigKeys (ConfUtils.java:logGet(43)) - raft.server.log.use.memory = false (default)
2019-09-26 09:21:14,197 [pool-27-thread-1] INFO  server.RaftServerConfigKeys (ConfUtils.java:logGet(43)) - raft.server.log.purge.gap = 1000000 (custom)
2019-09-26 09:21:14,197 [pool-27-thread-1] INFO  server.RaftServerConfigKeys (ConfUtils.java:logGet(43)) - raft.server.log.appender.buffer.byte-limit = 33554432 (custom)
2019-09-26 09:21:14,198 [pool-27-thread-1] INFO  server.RaftServerConfigKeys (ConfUtils.java:logGet(43)) - raft.server.log.segment.size.max = 1048576 (custom)
2019-09-26 09:21:14,198 [pool-27-thread-1] INFO  server.RaftServerConfigKeys (ConfUtils.java:logGet(43)) - raft.server.log.segment.cache.num.max = 2 (custom)
2019-09-26 09:21:14,198 [pool-27-thread-1] INFO  segmented.SegmentedRaftLogWorker (SegmentedRaftLogWorker.java:<init>(172)) - new 1dec72e7-0344-4894-a47b-48d961c58f71@group-CD888B13928D-SegmentedRaftLogWorker for RaftStorage:Storage Directory /workdir/hadoop-ozone/integration-test/target/test-dir/MiniOzoneClusterImpl-078ea463-30a6-4c8a-a8ff-41db0515e22e/datanode-0/data/ratis/4e6a36e3-0a2e-4f0b-99f1-cd888b13928d
2019-09-26 09:21:14,198 [pool-27-thread-1] INFO  server.RaftServerConfigKeys (ConfUtils.java:logGet(43)) - raft.server.log.queue.byte-limit = 2147483647 (custom)
2019-09-26 09:21:14,198 [pool-27-thread-1] INFO  server.RaftServerConfigKeys (ConfUtils.java:logGet(43)) - raft.server.log.queue.element-limit = 1024 (custom)
2019-09-26 09:21:14,198 [pool-27-thread-1] INFO  server.RaftServerConfigKeys (ConfUtils.java:logGet(43)) - raft.server.log.segment.size.max = 1048576 (custom)
2019-09-26 09:21:14,198 [pool-27-thread-1] INFO  server.RaftServerConfigKeys (ConfUtils.java:logGet(43)) - raft.server.log.preallocated.size = 16384 (custom)
2019-09-26 09:21:14,199 [pool-27-thread-1] INFO  server.RaftServerConfigKeys (ConfUtils.java:logGet(43)) - raft.server.log.write.buffer.size = 33554432 (custom)
2019-09-26 09:21:14,199 [pool-27-thread-1] INFO  server.RaftServerConfigKeys (ConfUtils.java:logGet(43)) - raft.server.log.force.sync.num = 128 (default)
2019-09-26 09:21:14,199 [pool-27-thread-1] INFO  server.RaftServerConfigKeys (ConfUtils.java:logGet(43)) - raft.server.log.statemachine.data.sync = true (default)
2019-09-26 09:21:14,199 [pool-27-thread-1] INFO  server.RaftServerConfigKeys (ConfUtils.java:logGet(43)) - raft.server.log.statemachine.data.sync.timeout = 10s (default)
2019-09-26 09:21:14,199 [pool-27-thread-1] INFO  server.RaftServerConfigKeys (ConfUtils.java:logGet(43)) - raft.server.log.statemachine.data.sync.timeout.retry = -1 (default)
2019-09-26 09:21:14,199 [pool-27-thread-1] INFO  server.RaftServerConfigKeys (ConfUtils.java:logGet(43)) - raft.server.log.statemachine.data.caching.enabled = true (custom)
2019-09-26 09:21:14,200 [pool-27-thread-1] INFO  segmented.SegmentedRaftLogWorker (SegmentedRaftLogWorker.java:lambda$new$0(132)) - 1dec72e7-0344-4894-a47b-48d961c58f71@group-CD888B13928D-SegmentedRaftLogWorker: flushIndex: setUnconditionally 0 -> -1
2019-09-26 09:21:14,200 [pool-27-thread-1] INFO  server.RaftServerConfigKeys (ConfUtils.java:logGet(43)) - raft.server.snapshot.auto.trigger.enabled = true (custom)
2019-09-26 09:21:14,200 [pool-27-thread-1] INFO  server.RaftServerConfigKeys (ConfUtils.java:logGet(43)) - raft.server.snapshot.auto.trigger.threshold = 10000 (custom)
2019-09-26 09:21:14,201 [pool-27-thread-1] INFO  server.RaftServerConfigKeys (ConfUtils.java:logGet(43)) - raft.server.snapshot.retention.num.files = 5 (custom)
2019-09-26 09:21:14,201 [pool-27-thread-1] INFO  server.RaftServerConfigKeys (ConfUtils.java:logGet(43)) - raft.server.retrycache.expirytime = 600000ms (custom)
2019-09-26 09:21:14,204 [pool-27-thread-1] INFO  impl.RaftServerImpl (RaftServerImpl.java:start(185)) - 1dec72e7-0344-4894-a47b-48d961c58f71@group-CD888B13928D: start as a follower, conf=-1: [1dec72e7-0344-4894-a47b-48d961c58f71:192.168.30.13:42556], old=null
2019-09-26 09:21:14,204 [pool-27-thread-1] INFO  impl.RaftServerImpl (RaftServerImpl.java:setRole(174)) - 1dec72e7-0344-4894-a47b-48d961c58f71@group-CD888B13928D: changes role from      null to FOLLOWER at term 0 for startAsFollower
2019-09-26 09:21:14,204 [pool-27-thread-1] INFO  impl.RoleInfo (RoleInfo.java:updateAndGet(143)) - 1dec72e7-0344-4894-a47b-48d961c58f71: start FollowerState
2019-09-26 09:21:14,205 [pool-27-thread-1] INFO  util.JmxRegister (JmxRegister.java:tryRegister(44)) - Successfully registered JMX Bean with object name Ratis:service=RaftServer,group=group-CD888B13928D,id=1dec72e7-0344-4894-a47b-48d961c58f71
2019-09-26 09:21:14,213 [RatisPipelineUtilsThread] INFO  pipeline.PipelineStateManager (PipelineStateManager.java:addPipeline(56)) - Created pipeline Pipeline[ Id: 4e6a36e3-0a2e-4f0b-99f1-cd888b13928d, Nodes: 1dec72e7-0344-4894-a47b-48d961c58f71{ip: 192.168.30.13, host: pr-hdds-1569-wvzgm-824869521, networkLocation: /default-rack, certSerialId: null}, Type:RATIS, Factor:ONE, State:OPEN]
2019-09-26 09:21:14,213 [RatisPipelineUtilsThread] INFO  pipeline.PipelinePlacementPolicy (PipelinePlacementPolicy.java:meetCriteria(91)) - Pipeline Placement: can't place more pipeline on heavy datanode： 1dec72e7-0344-4894-a47b-48d961c58f71 Heaviness: 6 limit: 5
2019-09-26 09:21:14,227 [grpc-default-executor-0] INFO  impl.RaftServerProxy (RaftServerProxy.java:addNew(89)) - 45c711e7-a055-41cb-865c-06675942396d: addNew group-9DE08B051640:[45c711e7-a055-41cb-865c-06675942396d:192.168.30.13:38892] returns group-9DE08B051640:java.util.concurrent.CompletableFuture@6894185[Not completed]
2019-09-26 09:21:14,229 [pool-107-thread-1] INFO  impl.RaftServerImpl (RaftServerImpl.java:<init>(95)) - 45c711e7-a055-41cb-865c-06675942396d: new RaftServerImpl for group-9DE08B051640:[45c711e7-a055-41cb-865c-06675942396d:192.168.30.13:38892] with ContainerStateMachine:uninitialized
2019-09-26 09:21:14,230 [pool-107-thread-1] INFO  server.RaftServerConfigKeys (ConfUtils.java:logGet(43)) - raft.server.rpc.timeout.min = 5s (custom)
2019-09-26 09:21:14,230 [pool-107-thread-1] INFO  server.RaftServerConfigKeys (ConfUtils.java:logGet(43)) - raft.server.rpc.timeout.max = 5200ms (custom)
2019-09-26 09:21:14,230 [pool-107-thread-1] INFO  server.RaftServerConfigKeys (ConfUtils.java:logGet(43)) - raft.server.rpcslowness.timeout = 120s (custom)
2019-09-26 09:21:14,230 [pool-107-thread-1] INFO  server.RaftServerConfigKeys (ConfUtils.java:logGet(43)) - raft.server.sleep.deviation.threshold = 300 (default)
2019-09-26 09:21:14,230 [pool-107-thread-1] INFO  server.RaftServerConfigKeys (ConfUtils.java:logGet(43)) - raft.server.log.appender.install.snapshot.enabled = false (custom)
2019-09-26 09:21:14,231 [pool-107-thread-1] INFO  impl.RaftServerImpl (ServerState.java:<init>(103)) - 45c711e7-a055-41cb-865c-06675942396d@group-9DE08B051640: ConfigurationManager, init=-1: [45c711e7-a055-41cb-865c-06675942396d:192.168.30.13:38892], old=null, confs=<EMPTY_MAP>
2019-09-26 09:21:14,231 [pool-107-thread-1] INFO  server.RaftServerConfigKeys (ConfUtils.java:logGet(43)) - raft.server.storage.dir = [/workdir/hadoop-ozone/integration-test/target/test-dir/MiniOzoneClusterImpl-078ea463-30a6-4c8a-a8ff-41db0515e22e/datanode-8/data/ratis] (custom)
2019-09-26 09:21:14,231 [pool-107-thread-1] INFO  storage.RaftStorageDirectory (RaftStorageDirectory.java:analyzeStorage(246)) - The storage directory /workdir/hadoop-ozone/integration-test/target/test-dir/MiniOzoneClusterImpl-078ea463-30a6-4c8a-a8ff-41db0515e22e/datanode-8/data/ratis/224c51e6-5c53-4011-a64c-9de08b051640 does not exist. Creating ...
2019-09-26 09:21:14,245 [pool-107-thread-1] INFO  storage.RaftStorageDirectory (RaftStorageDirectory.java:tryLock(328)) - Lock on /workdir/hadoop-ozone/integration-test/target/test-dir/MiniOzoneClusterImpl-078ea463-30a6-4c8a-a8ff-41db0515e22e/datanode-8/data/ratis/224c51e6-5c53-4011-a64c-9de08b051640/in_use.lock acquired by nodename 11214@pr-hdds-1569-wvzgm-824869521
2019-09-26 09:21:14,258 [pool-107-thread-1] INFO  storage.RaftStorage (RaftStorage.java:format(72)) - Storage directory /workdir/hadoop-ozone/integration-test/target/test-dir/MiniOzoneClusterImpl-078ea463-30a6-4c8a-a8ff-41db0515e22e/datanode-8/data/ratis/224c51e6-5c53-4011-a64c-9de08b051640 has been successfully formatted.
2019-09-26 09:21:14,258 [pool-107-thread-1] INFO  ratis.ContainerStateMachine (ContainerStateMachine.java:loadSnapshot(230)) - group-9DE08B051640: The snapshot info is null. Setting the last applied indexto:(t:0, i:~)
2019-09-26 09:21:14,259 [pool-107-thread-1] INFO  server.RaftServerConfigKeys (ConfUtils.java:logGet(43)) - raft.server.notification.no-leader.timeout = 120s (custom)
2019-09-26 09:21:14,259 [pool-107-thread-1] INFO  server.RaftServerConfigKeys (ConfUtils.java:logGet(43)) - raft.server.log.use.memory = false (default)
2019-09-26 09:21:14,259 [pool-107-thread-1] INFO  server.RaftServerConfigKeys (ConfUtils.java:logGet(43)) - raft.server.log.purge.gap = 1000000 (custom)
2019-09-26 09:21:14,259 [pool-107-thread-1] INFO  server.RaftServerConfigKeys (ConfUtils.java:logGet(43)) - raft.server.log.appender.buffer.byte-limit = 33554432 (custom)
2019-09-26 09:21:14,260 [pool-107-thread-1] INFO  server.RaftServerConfigKeys (ConfUtils.java:logGet(43)) - raft.server.log.segment.size.max = 1048576 (custom)
2019-09-26 09:21:14,260 [pool-107-thread-1] INFO  server.RaftServerConfigKeys (ConfUtils.java:logGet(43)) - raft.server.log.segment.cache.num.max = 2 (custom)
2019-09-26 09:21:14,260 [pool-107-thread-1] INFO  segmented.SegmentedRaftLogWorker (SegmentedRaftLogWorker.java:<init>(172)) - new 45c711e7-a055-41cb-865c-06675942396d@group-9DE08B051640-SegmentedRaftLogWorker for RaftStorage:Storage Directory /workdir/hadoop-ozone/integration-test/target/test-dir/MiniOzoneClusterImpl-078ea463-30a6-4c8a-a8ff-41db0515e22e/datanode-8/data/ratis/224c51e6-5c53-4011-a64c-9de08b051640
2019-09-26 09:21:14,260 [pool-107-thread-1] INFO  server.RaftServerConfigKeys (ConfUtils.java:logGet(43)) - raft.server.log.queue.byte-limit = 2147483647 (custom)
2019-09-26 09:21:14,260 [pool-107-thread-1] INFO  server.RaftServerConfigKeys (ConfUtils.java:logGet(43)) - raft.server.log.queue.element-limit = 1024 (custom)
2019-09-26 09:21:14,260 [pool-107-thread-1] INFO  server.RaftServerConfigKeys (ConfUtils.java:logGet(43)) - raft.server.log.segment.size.max = 1048576 (custom)
2019-09-26 09:21:14,261 [pool-107-thread-1] INFO  server.RaftServerConfigKeys (ConfUtils.java:logGet(43)) - raft.server.log.preallocated.size = 16384 (custom)
2019-09-26 09:21:14,261 [pool-107-thread-1] INFO  server.RaftServerConfigKeys (ConfUtils.java:logGet(43)) - raft.server.log.write.buffer.size = 33554432 (custom)
2019-09-26 09:21:14,261 [pool-107-thread-1] INFO  server.RaftServerConfigKeys (ConfUtils.java:logGet(43)) - raft.server.log.force.sync.num = 128 (default)
2019-09-26 09:21:14,261 [pool-107-thread-1] INFO  server.RaftServerConfigKeys (ConfUtils.java:logGet(43)) - raft.server.log.statemachine.data.sync = true (default)
2019-09-26 09:21:14,261 [pool-107-thread-1] INFO  server.RaftServerConfigKeys (ConfUtils.java:logGet(43)) - raft.server.log.statemachine.data.sync.timeout = 10s (default)
2019-09-26 09:21:14,261 [pool-107-thread-1] INFO  server.RaftServerConfigKeys (ConfUtils.java:logGet(43)) - raft.server.log.statemachine.data.sync.timeout.retry = -1 (default)
2019-09-26 09:21:14,262 [pool-107-thread-1] INFO  server.RaftServerConfigKeys (ConfUtils.java:logGet(43)) - raft.server.log.statemachine.data.caching.enabled = true (custom)
2019-09-26 09:21:14,262 [pool-107-thread-1] INFO  segmented.SegmentedRaftLogWorker (SegmentedRaftLogWorker.java:lambda$new$0(132)) - 45c711e7-a055-41cb-865c-06675942396d@group-9DE08B051640-SegmentedRaftLogWorker: flushIndex: setUnconditionally 0 -> -1
2019-09-26 09:21:14,263 [pool-107-thread-1] INFO  server.RaftServerConfigKeys (ConfUtils.java:logGet(43)) - raft.server.snapshot.auto.trigger.enabled = true (custom)
2019-09-26 09:21:14,263 [pool-107-thread-1] INFO  server.RaftServerConfigKeys (ConfUtils.java:logGet(43)) - raft.server.snapshot.auto.trigger.threshold = 10000 (custom)
2019-09-26 09:21:14,263 [pool-107-thread-1] INFO  server.RaftServerConfigKeys (ConfUtils.java:logGet(43)) - raft.server.snapshot.retention.num.files = 5 (custom)
2019-09-26 09:21:14,263 [pool-107-thread-1] INFO  server.RaftServerConfigKeys (ConfUtils.java:logGet(43)) - raft.server.retrycache.expirytime = 600000ms (custom)
2019-09-26 09:21:14,268 [pool-107-thread-1] INFO  impl.RaftServerImpl (RaftServerImpl.java:start(185)) - 45c711e7-a055-41cb-865c-06675942396d@group-9DE08B051640: start as a follower, conf=-1: [45c711e7-a055-41cb-865c-06675942396d:192.168.30.13:38892], old=null
2019-09-26 09:21:14,268 [pool-107-thread-1] INFO  impl.RaftServerImpl (RaftServerImpl.java:setRole(174)) - 45c711e7-a055-41cb-865c-06675942396d@group-9DE08B051640: changes role from      null to FOLLOWER at term 0 for startAsFollower
2019-09-26 09:21:14,268 [pool-107-thread-1] INFO  impl.RoleInfo (RoleInfo.java:updateAndGet(143)) - 45c711e7-a055-41cb-865c-06675942396d: start FollowerState
2019-09-26 09:21:14,269 [pool-107-thread-1] INFO  util.JmxRegister (JmxRegister.java:tryRegister(44)) - Successfully registered JMX Bean with object name Ratis:service=RaftServer,group=group-9DE08B051640,id=45c711e7-a055-41cb-865c-06675942396d
2019-09-26 09:21:14,278 [RatisPipelineUtilsThread] INFO  pipeline.PipelineStateManager (PipelineStateManager.java:addPipeline(56)) - Created pipeline Pipeline[ Id: 224c51e6-5c53-4011-a64c-9de08b051640, Nodes: 45c711e7-a055-41cb-865c-06675942396d{ip: 192.168.30.13, host: pr-hdds-1569-wvzgm-824869521, networkLocation: /default-rack, certSerialId: null}, Type:RATIS, Factor:ONE, State:OPEN]
2019-09-26 09:21:14,279 [RatisPipelineUtilsThread] INFO  pipeline.PipelinePlacementPolicy (PipelinePlacementPolicy.java:meetCriteria(91)) - Pipeline Placement: can't place more pipeline on heavy datanode： 1dec72e7-0344-4894-a47b-48d961c58f71 Heaviness: 6 limit: 5
2019-09-26 09:21:14,297 [grpc-default-executor-0] INFO  impl.RaftServerProxy (RaftServerProxy.java:addNew(89)) - cdeec377-8f89-4dce-9b26-4d7c58a1953c: addNew group-295285AEBA50:[cdeec377-8f89-4dce-9b26-4d7c58a1953c:192.168.30.13:44126] returns group-295285AEBA50:java.util.concurrent.CompletableFuture@57d9010c[Not completed]
2019-09-26 09:21:14,298 [pool-37-thread-1] INFO  impl.RaftServerImpl (RaftServerImpl.java:<init>(95)) - cdeec377-8f89-4dce-9b26-4d7c58a1953c: new RaftServerImpl for group-295285AEBA50:[cdeec377-8f89-4dce-9b26-4d7c58a1953c:192.168.30.13:44126] with ContainerStateMachine:uninitialized
2019-09-26 09:21:14,298 [pool-37-thread-1] INFO  server.RaftServerConfigKeys (ConfUtils.java:logGet(43)) - raft.server.rpc.timeout.min = 5s (custom)
2019-09-26 09:21:14,298 [pool-37-thread-1] INFO  server.RaftServerConfigKeys (ConfUtils.java:logGet(43)) - raft.server.rpc.timeout.max = 5200ms (custom)
2019-09-26 09:21:14,299 [pool-37-thread-1] INFO  server.RaftServerConfigKeys (ConfUtils.java:logGet(43)) - raft.server.rpcslowness.timeout = 120s (custom)
2019-09-26 09:21:14,299 [pool-37-thread-1] INFO  server.RaftServerConfigKeys (ConfUtils.java:logGet(43)) - raft.server.sleep.deviation.threshold = 300 (default)
2019-09-26 09:21:14,299 [pool-37-thread-1] INFO  server.RaftServerConfigKeys (ConfUtils.java:logGet(43)) - raft.server.log.appender.install.snapshot.enabled = false (custom)
2019-09-26 09:21:14,299 [pool-37-thread-1] INFO  impl.RaftServerImpl (ServerState.java:<init>(103)) - cdeec377-8f89-4dce-9b26-4d7c58a1953c@group-295285AEBA50: ConfigurationManager, init=-1: [cdeec377-8f89-4dce-9b26-4d7c58a1953c:192.168.30.13:44126], old=null, confs=<EMPTY_MAP>
2019-09-26 09:21:14,299 [pool-37-thread-1] INFO  server.RaftServerConfigKeys (ConfUtils.java:logGet(43)) - raft.server.storage.dir = [/workdir/hadoop-ozone/integration-test/target/test-dir/MiniOzoneClusterImpl-078ea463-30a6-4c8a-a8ff-41db0515e22e/datanode-1/data/ratis] (custom)
2019-09-26 09:21:14,300 [pool-37-thread-1] INFO  storage.RaftStorageDirectory (RaftStorageDirectory.java:analyzeStorage(246)) - The storage directory /workdir/hadoop-ozone/integration-test/target/test-dir/MiniOzoneClusterImpl-078ea463-30a6-4c8a-a8ff-41db0515e22e/datanode-1/data/ratis/107a033b-4b53-4cc5-8a9b-295285aeba50 does not exist. Creating ...
2019-09-26 09:21:14,313 [pool-37-thread-1] INFO  storage.RaftStorageDirectory (RaftStorageDirectory.java:tryLock(328)) - Lock on /workdir/hadoop-ozone/integration-test/target/test-dir/MiniOzoneClusterImpl-078ea463-30a6-4c8a-a8ff-41db0515e22e/datanode-1/data/ratis/107a033b-4b53-4cc5-8a9b-295285aeba50/in_use.lock acquired by nodename 11214@pr-hdds-1569-wvzgm-824869521
2019-09-26 09:21:14,329 [pool-37-thread-1] INFO  storage.RaftStorage (RaftStorage.java:format(72)) - Storage directory /workdir/hadoop-ozone/integration-test/target/test-dir/MiniOzoneClusterImpl-078ea463-30a6-4c8a-a8ff-41db0515e22e/datanode-1/data/ratis/107a033b-4b53-4cc5-8a9b-295285aeba50 has been successfully formatted.
2019-09-26 09:21:14,329 [pool-37-thread-1] INFO  ratis.ContainerStateMachine (ContainerStateMachine.java:loadSnapshot(230)) - group-295285AEBA50: The snapshot info is null. Setting the last applied indexto:(t:0, i:~)
2019-09-26 09:21:14,329 [pool-37-thread-1] INFO  server.RaftServerConfigKeys (ConfUtils.java:logGet(43)) - raft.server.notification.no-leader.timeout = 120s (custom)
2019-09-26 09:21:14,329 [pool-37-thread-1] INFO  server.RaftServerConfigKeys (ConfUtils.java:logGet(43)) - raft.server.log.use.memory = false (default)
2019-09-26 09:21:14,330 [pool-37-thread-1] INFO  server.RaftServerConfigKeys (ConfUtils.java:logGet(43)) - raft.server.log.purge.gap = 1000000 (custom)
2019-09-26 09:21:14,330 [pool-37-thread-1] INFO  server.RaftServerConfigKeys (ConfUtils.java:logGet(43)) - raft.server.log.appender.buffer.byte-limit = 33554432 (custom)
2019-09-26 09:21:14,330 [pool-37-thread-1] INFO  server.RaftServerConfigKeys (ConfUtils.java:logGet(43)) - raft.server.log.segment.size.max = 1048576 (custom)
2019-09-26 09:21:14,330 [pool-37-thread-1] INFO  server.RaftServerConfigKeys (ConfUtils.java:logGet(43)) - raft.server.log.segment.cache.num.max = 2 (custom)
2019-09-26 09:21:14,330 [pool-37-thread-1] INFO  segmented.SegmentedRaftLogWorker (SegmentedRaftLogWorker.java:<init>(172)) - new cdeec377-8f89-4dce-9b26-4d7c58a1953c@group-295285AEBA50-SegmentedRaftLogWorker for RaftStorage:Storage Directory /workdir/hadoop-ozone/integration-test/target/test-dir/MiniOzoneClusterImpl-078ea463-30a6-4c8a-a8ff-41db0515e22e/datanode-1/data/ratis/107a033b-4b53-4cc5-8a9b-295285aeba50
2019-09-26 09:21:14,330 [pool-37-thread-1] INFO  server.RaftServerConfigKeys (ConfUtils.java:logGet(43)) - raft.server.log.queue.byte-limit = 2147483647 (custom)
2019-09-26 09:21:14,331 [pool-37-thread-1] INFO  server.RaftServerConfigKeys (ConfUtils.java:logGet(43)) - raft.server.log.queue.element-limit = 1024 (custom)
2019-09-26 09:21:14,331 [pool-37-thread-1] INFO  server.RaftServerConfigKeys (ConfUtils.java:logGet(43)) - raft.server.log.segment.size.max = 1048576 (custom)
2019-09-26 09:21:14,331 [pool-37-thread-1] INFO  server.RaftServerConfigKeys (ConfUtils.java:logGet(43)) - raft.server.log.preallocated.size = 16384 (custom)
2019-09-26 09:21:14,331 [pool-37-thread-1] INFO  server.RaftServerConfigKeys (ConfUtils.java:logGet(43)) - raft.server.log.write.buffer.size = 33554432 (custom)
2019-09-26 09:21:14,331 [pool-37-thread-1] INFO  server.RaftServerConfigKeys (ConfUtils.java:logGet(43)) - raft.server.log.force.sync.num = 128 (default)
2019-09-26 09:21:14,331 [pool-37-thread-1] INFO  server.RaftServerConfigKeys (ConfUtils.java:logGet(43)) - raft.server.log.statemachine.data.sync = true (default)
2019-09-26 09:21:14,332 [pool-37-thread-1] INFO  server.RaftServerConfigKeys (ConfUtils.java:logGet(43)) - raft.server.log.statemachine.data.sync.timeout = 10s (default)
2019-09-26 09:21:14,332 [pool-37-thread-1] INFO  server.RaftServerConfigKeys (ConfUtils.java:logGet(43)) - raft.server.log.statemachine.data.sync.timeout.retry = -1 (default)
2019-09-26 09:21:14,332 [pool-37-thread-1] INFO  server.RaftServerConfigKeys (ConfUtils.java:logGet(43)) - raft.server.log.statemachine.data.caching.enabled = true (custom)
2019-09-26 09:21:14,332 [pool-37-thread-1] INFO  segmented.SegmentedRaftLogWorker (SegmentedRaftLogWorker.java:lambda$new$0(132)) - cdeec377-8f89-4dce-9b26-4d7c58a1953c@group-295285AEBA50-SegmentedRaftLogWorker: flushIndex: setUnconditionally 0 -> -1
2019-09-26 09:21:14,333 [pool-37-thread-1] INFO  server.RaftServerConfigKeys (ConfUtils.java:logGet(43)) - raft.server.snapshot.auto.trigger.enabled = true (custom)
2019-09-26 09:21:14,333 [pool-37-thread-1] INFO  server.RaftServerConfigKeys (ConfUtils.java:logGet(43)) - raft.server.snapshot.auto.trigger.threshold = 10000 (custom)
2019-09-26 09:21:14,333 [pool-37-thread-1] INFO  server.RaftServerConfigKeys (ConfUtils.java:logGet(43)) - raft.server.snapshot.retention.num.files = 5 (custom)
2019-09-26 09:21:14,333 [pool-37-thread-1] INFO  server.RaftServerConfigKeys (ConfUtils.java:logGet(43)) - raft.server.retrycache.expirytime = 600000ms (custom)
2019-09-26 09:21:14,336 [pool-37-thread-1] INFO  impl.RaftServerImpl (RaftServerImpl.java:start(185)) - cdeec377-8f89-4dce-9b26-4d7c58a1953c@group-295285AEBA50: start as a follower, conf=-1: [cdeec377-8f89-4dce-9b26-4d7c58a1953c:192.168.30.13:44126], old=null
2019-09-26 09:21:14,336 [pool-37-thread-1] INFO  impl.RaftServerImpl (RaftServerImpl.java:setRole(174)) - cdeec377-8f89-4dce-9b26-4d7c58a1953c@group-295285AEBA50: changes role from      null to FOLLOWER at term 0 for startAsFollower
2019-09-26 09:21:14,337 [pool-37-thread-1] INFO  impl.RoleInfo (RoleInfo.java:updateAndGet(143)) - cdeec377-8f89-4dce-9b26-4d7c58a1953c: start FollowerState
2019-09-26 09:21:14,337 [pool-37-thread-1] INFO  util.JmxRegister (JmxRegister.java:tryRegister(44)) - Successfully registered JMX Bean with object name Ratis:service=RaftServer,group=group-295285AEBA50,id=cdeec377-8f89-4dce-9b26-4d7c58a1953c
2019-09-26 09:21:14,345 [RatisPipelineUtilsThread] INFO  pipeline.PipelineStateManager (PipelineStateManager.java:addPipeline(56)) - Created pipeline Pipeline[ Id: 107a033b-4b53-4cc5-8a9b-295285aeba50, Nodes: cdeec377-8f89-4dce-9b26-4d7c58a1953c{ip: 192.168.30.13, host: pr-hdds-1569-wvzgm-824869521, networkLocation: /default-rack, certSerialId: null}, Type:RATIS, Factor:ONE, State:OPEN]
2019-09-26 09:21:14,345 [RatisPipelineUtilsThread] INFO  pipeline.PipelinePlacementPolicy (PipelinePlacementPolicy.java:meetCriteria(91)) - Pipeline Placement: can't place more pipeline on heavy datanode： 1dec72e7-0344-4894-a47b-48d961c58f71 Heaviness: 6 limit: 5
2019-09-26 09:21:14,359 [grpc-default-executor-0] INFO  impl.RaftServerProxy (RaftServerProxy.java:addNew(89)) - 45c711e7-a055-41cb-865c-06675942396d: addNew group-DD203E8EC292:[45c711e7-a055-41cb-865c-06675942396d:192.168.30.13:38892] returns group-DD203E8EC292:java.util.concurrent.CompletableFuture@1b6a984f[Not completed]
2019-09-26 09:21:14,360 [pool-107-thread-1] INFO  impl.RaftServerImpl (RaftServerImpl.java:<init>(95)) - 45c711e7-a055-41cb-865c-06675942396d: new RaftServerImpl for group-DD203E8EC292:[45c711e7-a055-41cb-865c-06675942396d:192.168.30.13:38892] with ContainerStateMachine:uninitialized
2019-09-26 09:21:14,360 [pool-107-thread-1] INFO  server.RaftServerConfigKeys (ConfUtils.java:logGet(43)) - raft.server.rpc.timeout.min = 5s (custom)
2019-09-26 09:21:14,360 [pool-107-thread-1] INFO  server.RaftServerConfigKeys (ConfUtils.java:logGet(43)) - raft.server.rpc.timeout.max = 5200ms (custom)
2019-09-26 09:21:14,360 [pool-107-thread-1] INFO  server.RaftServerConfigKeys (ConfUtils.java:logGet(43)) - raft.server.rpcslowness.timeout = 120s (custom)
2019-09-26 09:21:14,360 [pool-107-thread-1] INFO  server.RaftServerConfigKeys (ConfUtils.java:logGet(43)) - raft.server.sleep.deviation.threshold = 300 (default)
2019-09-26 09:21:14,363 [pool-107-thread-1] INFO  server.RaftServerConfigKeys (ConfUtils.java:logGet(43)) - raft.server.log.appender.install.snapshot.enabled = false (custom)
2019-09-26 09:21:14,364 [pool-107-thread-1] INFO  impl.RaftServerImpl (ServerState.java:<init>(103)) - 45c711e7-a055-41cb-865c-06675942396d@group-DD203E8EC292: ConfigurationManager, init=-1: [45c711e7-a055-41cb-865c-06675942396d:192.168.30.13:38892], old=null, confs=<EMPTY_MAP>
2019-09-26 09:21:14,364 [pool-107-thread-1] INFO  server.RaftServerConfigKeys (ConfUtils.java:logGet(43)) - raft.server.storage.dir = [/workdir/hadoop-ozone/integration-test/target/test-dir/MiniOzoneClusterImpl-078ea463-30a6-4c8a-a8ff-41db0515e22e/datanode-8/data/ratis] (custom)
2019-09-26 09:21:14,364 [pool-107-thread-1] INFO  storage.RaftStorageDirectory (RaftStorageDirectory.java:analyzeStorage(246)) - The storage directory /workdir/hadoop-ozone/integration-test/target/test-dir/MiniOzoneClusterImpl-078ea463-30a6-4c8a-a8ff-41db0515e22e/datanode-8/data/ratis/06ecbab4-f754-41ab-9ff1-dd203e8ec292 does not exist. Creating ...
2019-09-26 09:21:14,377 [pool-107-thread-1] INFO  storage.RaftStorageDirectory (RaftStorageDirectory.java:tryLock(328)) - Lock on /workdir/hadoop-ozone/integration-test/target/test-dir/MiniOzoneClusterImpl-078ea463-30a6-4c8a-a8ff-41db0515e22e/datanode-8/data/ratis/06ecbab4-f754-41ab-9ff1-dd203e8ec292/in_use.lock acquired by nodename 11214@pr-hdds-1569-wvzgm-824869521
2019-09-26 09:21:14,390 [pool-107-thread-1] INFO  storage.RaftStorage (RaftStorage.java:format(72)) - Storage directory /workdir/hadoop-ozone/integration-test/target/test-dir/MiniOzoneClusterImpl-078ea463-30a6-4c8a-a8ff-41db0515e22e/datanode-8/data/ratis/06ecbab4-f754-41ab-9ff1-dd203e8ec292 has been successfully formatted.
2019-09-26 09:21:14,390 [pool-107-thread-1] INFO  ratis.ContainerStateMachine (ContainerStateMachine.java:loadSnapshot(230)) - group-DD203E8EC292: The snapshot info is null. Setting the last applied indexto:(t:0, i:~)
2019-09-26 09:21:14,391 [pool-107-thread-1] INFO  server.RaftServerConfigKeys (ConfUtils.java:logGet(43)) - raft.server.notification.no-leader.timeout = 120s (custom)
2019-09-26 09:21:14,391 [pool-107-thread-1] INFO  server.RaftServerConfigKeys (ConfUtils.java:logGet(43)) - raft.server.log.use.memory = false (default)
2019-09-26 09:21:14,391 [pool-107-thread-1] INFO  server.RaftServerConfigKeys (ConfUtils.java:logGet(43)) - raft.server.log.purge.gap = 1000000 (custom)
2019-09-26 09:21:14,391 [pool-107-thread-1] INFO  server.RaftServerConfigKeys (ConfUtils.java:logGet(43)) - raft.server.log.appender.buffer.byte-limit = 33554432 (custom)
2019-09-26 09:21:14,391 [pool-107-thread-1] INFO  server.RaftServerConfigKeys (ConfUtils.java:logGet(43)) - raft.server.log.segment.size.max = 1048576 (custom)
2019-09-26 09:21:14,391 [pool-107-thread-1] INFO  server.RaftServerConfigKeys (ConfUtils.java:logGet(43)) - raft.server.log.segment.cache.num.max = 2 (custom)
2019-09-26 09:21:14,391 [pool-107-thread-1] INFO  segmented.SegmentedRaftLogWorker (SegmentedRaftLogWorker.java:<init>(172)) - new 45c711e7-a055-41cb-865c-06675942396d@group-DD203E8EC292-SegmentedRaftLogWorker for RaftStorage:Storage Directory /workdir/hadoop-ozone/integration-test/target/test-dir/MiniOzoneClusterImpl-078ea463-30a6-4c8a-a8ff-41db0515e22e/datanode-8/data/ratis/06ecbab4-f754-41ab-9ff1-dd203e8ec292
2019-09-26 09:21:14,391 [pool-107-thread-1] INFO  server.RaftServerConfigKeys (ConfUtils.java:logGet(43)) - raft.server.log.queue.byte-limit = 2147483647 (custom)
2019-09-26 09:21:14,392 [pool-107-thread-1] INFO  server.RaftServerConfigKeys (ConfUtils.java:logGet(43)) - raft.server.log.queue.element-limit = 1024 (custom)
2019-09-26 09:21:14,392 [pool-107-thread-1] INFO  server.RaftServerConfigKeys (ConfUtils.java:logGet(43)) - raft.server.log.segment.size.max = 1048576 (custom)
2019-09-26 09:21:14,392 [pool-107-thread-1] INFO  server.RaftServerConfigKeys (ConfUtils.java:logGet(43)) - raft.server.log.preallocated.size = 16384 (custom)
2019-09-26 09:21:14,392 [pool-107-thread-1] INFO  server.RaftServerConfigKeys (ConfUtils.java:logGet(43)) - raft.server.log.write.buffer.size = 33554432 (custom)
2019-09-26 09:21:14,392 [pool-107-thread-1] INFO  server.RaftServerConfigKeys (ConfUtils.java:logGet(43)) - raft.server.log.force.sync.num = 128 (default)
2019-09-26 09:21:14,392 [pool-107-thread-1] INFO  server.RaftServerConfigKeys (ConfUtils.java:logGet(43)) - raft.server.log.statemachine.data.sync = true (default)
2019-09-26 09:21:14,392 [pool-107-thread-1] INFO  server.RaftServerConfigKeys (ConfUtils.java:logGet(43)) - raft.server.log.statemachine.data.sync.timeout = 10s (default)
2019-09-26 09:21:14,392 [pool-107-thread-1] INFO  server.RaftServerConfigKeys (ConfUtils.java:logGet(43)) - raft.server.log.statemachine.data.sync.timeout.retry = -1 (default)
2019-09-26 09:21:14,393 [pool-107-thread-1] INFO  server.RaftServerConfigKeys (ConfUtils.java:logGet(43)) - raft.server.log.statemachine.data.caching.enabled = true (custom)
2019-09-26 09:21:14,393 [pool-107-thread-1] INFO  segmented.SegmentedRaftLogWorker (SegmentedRaftLogWorker.java:lambda$new$0(132)) - 45c711e7-a055-41cb-865c-06675942396d@group-DD203E8EC292-SegmentedRaftLogWorker: flushIndex: setUnconditionally 0 -> -1
2019-09-26 09:21:14,393 [pool-107-thread-1] INFO  server.RaftServerConfigKeys (ConfUtils.java:logGet(43)) - raft.server.snapshot.auto.trigger.enabled = true (custom)
2019-09-26 09:21:14,393 [pool-107-thread-1] INFO  server.RaftServerConfigKeys (ConfUtils.java:logGet(43)) - raft.server.snapshot.auto.trigger.threshold = 10000 (custom)
2019-09-26 09:21:14,393 [pool-107-thread-1] INFO  server.RaftServerConfigKeys (ConfUtils.java:logGet(43)) - raft.server.snapshot.retention.num.files = 5 (custom)
2019-09-26 09:21:14,394 [pool-107-thread-1] INFO  server.RaftServerConfigKeys (ConfUtils.java:logGet(43)) - raft.server.retrycache.expirytime = 600000ms (custom)
2019-09-26 09:21:14,396 [pool-107-thread-1] INFO  impl.RaftServerImpl (RaftServerImpl.java:start(185)) - 45c711e7-a055-41cb-865c-06675942396d@group-DD203E8EC292: start as a follower, conf=-1: [45c711e7-a055-41cb-865c-06675942396d:192.168.30.13:38892], old=null
2019-09-26 09:21:14,396 [pool-107-thread-1] INFO  impl.RaftServerImpl (RaftServerImpl.java:setRole(174)) - 45c711e7-a055-41cb-865c-06675942396d@group-DD203E8EC292: changes role from      null to FOLLOWER at term 0 for startAsFollower
2019-09-26 09:21:14,396 [pool-107-thread-1] INFO  impl.RoleInfo (RoleInfo.java:updateAndGet(143)) - 45c711e7-a055-41cb-865c-06675942396d: start FollowerState
2019-09-26 09:21:14,396 [pool-107-thread-1] INFO  util.JmxRegister (JmxRegister.java:tryRegister(44)) - Successfully registered JMX Bean with object name Ratis:service=RaftServer,group=group-DD203E8EC292,id=45c711e7-a055-41cb-865c-06675942396d
2019-09-26 09:21:14,403 [RatisPipelineUtilsThread] INFO  pipeline.PipelineStateManager (PipelineStateManager.java:addPipeline(56)) - Created pipeline Pipeline[ Id: 06ecbab4-f754-41ab-9ff1-dd203e8ec292, Nodes: 45c711e7-a055-41cb-865c-06675942396d{ip: 192.168.30.13, host: pr-hdds-1569-wvzgm-824869521, networkLocation: /default-rack, certSerialId: null}, Type:RATIS, Factor:ONE, State:OPEN]
2019-09-26 09:21:14,403 [RatisPipelineUtilsThread] INFO  pipeline.PipelinePlacementPolicy (PipelinePlacementPolicy.java:meetCriteria(91)) - Pipeline Placement: can't place more pipeline on heavy datanode： 1dec72e7-0344-4894-a47b-48d961c58f71 Heaviness: 6 limit: 5
2019-09-26 09:21:14,414 [grpc-default-executor-0] INFO  impl.RaftServerProxy (RaftServerProxy.java:addNew(89)) - 1b34dbd2-a2d7-46bc-b57d-04f62019dff1: addNew group-7DB3F2AB76A7:[1b34dbd2-a2d7-46bc-b57d-04f62019dff1:192.168.30.13:39221] returns group-7DB3F2AB76A7:java.util.concurrent.CompletableFuture@3aaa16a0[Not completed]
2019-09-26 09:21:14,416 [pool-47-thread-1] INFO  impl.RaftServerImpl (RaftServerImpl.java:<init>(95)) - 1b34dbd2-a2d7-46bc-b57d-04f62019dff1: new RaftServerImpl for group-7DB3F2AB76A7:[1b34dbd2-a2d7-46bc-b57d-04f62019dff1:192.168.30.13:39221] with ContainerStateMachine:uninitialized
2019-09-26 09:21:14,416 [pool-47-thread-1] INFO  server.RaftServerConfigKeys (ConfUtils.java:logGet(43)) - raft.server.rpc.timeout.min = 5s (custom)
2019-09-26 09:21:14,416 [pool-47-thread-1] INFO  server.RaftServerConfigKeys (ConfUtils.java:logGet(43)) - raft.server.rpc.timeout.max = 5200ms (custom)
2019-09-26 09:21:14,416 [pool-47-thread-1] INFO  server.RaftServerConfigKeys (ConfUtils.java:logGet(43)) - raft.server.rpcslowness.timeout = 120s (custom)
2019-09-26 09:21:14,416 [pool-47-thread-1] INFO  server.RaftServerConfigKeys (ConfUtils.java:logGet(43)) - raft.server.sleep.deviation.threshold = 300 (default)
2019-09-26 09:21:14,416 [pool-47-thread-1] INFO  server.RaftServerConfigKeys (ConfUtils.java:logGet(43)) - raft.server.log.appender.install.snapshot.enabled = false (custom)
2019-09-26 09:21:14,417 [pool-47-thread-1] INFO  impl.RaftServerImpl (ServerState.java:<init>(103)) - 1b34dbd2-a2d7-46bc-b57d-04f62019dff1@group-7DB3F2AB76A7: ConfigurationManager, init=-1: [1b34dbd2-a2d7-46bc-b57d-04f62019dff1:192.168.30.13:39221], old=null, confs=<EMPTY_MAP>
2019-09-26 09:21:14,417 [pool-47-thread-1] INFO  server.RaftServerConfigKeys (ConfUtils.java:logGet(43)) - raft.server.storage.dir = [/workdir/hadoop-ozone/integration-test/target/test-dir/MiniOzoneClusterImpl-078ea463-30a6-4c8a-a8ff-41db0515e22e/datanode-2/data/ratis] (custom)
2019-09-26 09:21:14,417 [pool-47-thread-1] INFO  storage.RaftStorageDirectory (RaftStorageDirectory.java:analyzeStorage(246)) - The storage directory /workdir/hadoop-ozone/integration-test/target/test-dir/MiniOzoneClusterImpl-078ea463-30a6-4c8a-a8ff-41db0515e22e/datanode-2/data/ratis/e5a69db0-a5ec-414a-9eb2-7db3f2ab76a7 does not exist. Creating ...
2019-09-26 09:21:14,431 [pool-47-thread-1] INFO  storage.RaftStorageDirectory (RaftStorageDirectory.java:tryLock(328)) - Lock on /workdir/hadoop-ozone/integration-test/target/test-dir/MiniOzoneClusterImpl-078ea463-30a6-4c8a-a8ff-41db0515e22e/datanode-2/data/ratis/e5a69db0-a5ec-414a-9eb2-7db3f2ab76a7/in_use.lock acquired by nodename 11214@pr-hdds-1569-wvzgm-824869521
2019-09-26 09:21:14,444 [pool-47-thread-1] INFO  storage.RaftStorage (RaftStorage.java:format(72)) - Storage directory /workdir/hadoop-ozone/integration-test/target/test-dir/MiniOzoneClusterImpl-078ea463-30a6-4c8a-a8ff-41db0515e22e/datanode-2/data/ratis/e5a69db0-a5ec-414a-9eb2-7db3f2ab76a7 has been successfully formatted.
2019-09-26 09:21:14,444 [pool-47-thread-1] INFO  ratis.ContainerStateMachine (ContainerStateMachine.java:loadSnapshot(230)) - group-7DB3F2AB76A7: The snapshot info is null. Setting the last applied indexto:(t:0, i:~)
2019-09-26 09:21:14,445 [pool-47-thread-1] INFO  server.RaftServerConfigKeys (ConfUtils.java:logGet(43)) - raft.server.notification.no-leader.timeout = 120s (custom)
2019-09-26 09:21:14,445 [pool-47-thread-1] INFO  server.RaftServerConfigKeys (ConfUtils.java:logGet(43)) - raft.server.log.use.memory = false (default)
2019-09-26 09:21:14,445 [pool-47-thread-1] INFO  server.RaftServerConfigKeys (ConfUtils.java:logGet(43)) - raft.server.log.purge.gap = 1000000 (custom)
2019-09-26 09:21:14,445 [pool-47-thread-1] INFO  server.RaftServerConfigKeys (ConfUtils.java:logGet(43)) - raft.server.log.appender.buffer.byte-limit = 33554432 (custom)
2019-09-26 09:21:14,445 [pool-47-thread-1] INFO  server.RaftServerConfigKeys (ConfUtils.java:logGet(43)) - raft.server.log.segment.size.max = 1048576 (custom)
2019-09-26 09:21:14,446 [pool-47-thread-1] INFO  server.RaftServerConfigKeys (ConfUtils.java:logGet(43)) - raft.server.log.segment.cache.num.max = 2 (custom)
2019-09-26 09:21:14,446 [pool-47-thread-1] INFO  segmented.SegmentedRaftLogWorker (SegmentedRaftLogWorker.java:<init>(172)) - new 1b34dbd2-a2d7-46bc-b57d-04f62019dff1@group-7DB3F2AB76A7-SegmentedRaftLogWorker for RaftStorage:Storage Directory /workdir/hadoop-ozone/integration-test/target/test-dir/MiniOzoneClusterImpl-078ea463-30a6-4c8a-a8ff-41db0515e22e/datanode-2/data/ratis/e5a69db0-a5ec-414a-9eb2-7db3f2ab76a7
2019-09-26 09:21:14,446 [pool-47-thread-1] INFO  server.RaftServerConfigKeys (ConfUtils.java:logGet(43)) - raft.server.log.queue.byte-limit = 2147483647 (custom)
2019-09-26 09:21:14,446 [pool-47-thread-1] INFO  server.RaftServerConfigKeys (ConfUtils.java:logGet(43)) - raft.server.log.queue.element-limit = 1024 (custom)
2019-09-26 09:21:14,446 [pool-47-thread-1] INFO  server.RaftServerConfigKeys (ConfUtils.java:logGet(43)) - raft.server.log.segment.size.max = 1048576 (custom)
2019-09-26 09:21:14,446 [pool-47-thread-1] INFO  server.RaftServerConfigKeys (ConfUtils.java:logGet(43)) - raft.server.log.preallocated.size = 16384 (custom)
2019-09-26 09:21:14,446 [pool-47-thread-1] INFO  server.RaftServerConfigKeys (ConfUtils.java:logGet(43)) - raft.server.log.write.buffer.size = 33554432 (custom)
2019-09-26 09:21:14,447 [pool-47-thread-1] INFO  server.RaftServerConfigKeys (ConfUtils.java:logGet(43)) - raft.server.log.force.sync.num = 128 (default)
2019-09-26 09:21:14,447 [pool-47-thread-1] INFO  server.RaftServerConfigKeys (ConfUtils.java:logGet(43)) - raft.server.log.statemachine.data.sync = true (default)
2019-09-26 09:21:14,447 [pool-47-thread-1] INFO  server.RaftServerConfigKeys (ConfUtils.java:logGet(43)) - raft.server.log.statemachine.data.sync.timeout = 10s (default)
2019-09-26 09:21:14,447 [pool-47-thread-1] INFO  server.RaftServerConfigKeys (ConfUtils.java:logGet(43)) - raft.server.log.statemachine.data.sync.timeout.retry = -1 (default)
2019-09-26 09:21:14,447 [pool-47-thread-1] INFO  server.RaftServerConfigKeys (ConfUtils.java:logGet(43)) - raft.server.log.statemachine.data.caching.enabled = true (custom)
2019-09-26 09:21:14,448 [pool-47-thread-1] INFO  segmented.SegmentedRaftLogWorker (SegmentedRaftLogWorker.java:lambda$new$0(132)) - 1b34dbd2-a2d7-46bc-b57d-04f62019dff1@group-7DB3F2AB76A7-SegmentedRaftLogWorker: flushIndex: setUnconditionally 0 -> -1
2019-09-26 09:21:14,448 [pool-47-thread-1] INFO  server.RaftServerConfigKeys (ConfUtils.java:logGet(43)) - raft.server.snapshot.auto.trigger.enabled = true (custom)
2019-09-26 09:21:14,448 [pool-47-thread-1] INFO  server.RaftServerConfigKeys (ConfUtils.java:logGet(43)) - raft.server.snapshot.auto.trigger.threshold = 10000 (custom)
2019-09-26 09:21:14,448 [pool-47-thread-1] INFO  server.RaftServerConfigKeys (ConfUtils.java:logGet(43)) - raft.server.snapshot.retention.num.files = 5 (custom)
2019-09-26 09:21:14,448 [pool-47-thread-1] INFO  server.RaftServerConfigKeys (ConfUtils.java:logGet(43)) - raft.server.retrycache.expirytime = 600000ms (custom)
2019-09-26 09:21:14,452 [pool-47-thread-1] INFO  impl.RaftServerImpl (RaftServerImpl.java:start(185)) - 1b34dbd2-a2d7-46bc-b57d-04f62019dff1@group-7DB3F2AB76A7: start as a follower, conf=-1: [1b34dbd2-a2d7-46bc-b57d-04f62019dff1:192.168.30.13:39221], old=null
2019-09-26 09:21:14,452 [pool-47-thread-1] INFO  impl.RaftServerImpl (RaftServerImpl.java:setRole(174)) - 1b34dbd2-a2d7-46bc-b57d-04f62019dff1@group-7DB3F2AB76A7: changes role from      null to FOLLOWER at term 0 for startAsFollower
2019-09-26 09:21:14,452 [pool-47-thread-1] INFO  impl.RoleInfo (RoleInfo.java:updateAndGet(143)) - 1b34dbd2-a2d7-46bc-b57d-04f62019dff1: start FollowerState
2019-09-26 09:21:14,452 [pool-47-thread-1] INFO  util.JmxRegister (JmxRegister.java:tryRegister(44)) - Successfully registered JMX Bean with object name Ratis:service=RaftServer,group=group-7DB3F2AB76A7,id=1b34dbd2-a2d7-46bc-b57d-04f62019dff1
2019-09-26 09:21:14,460 [RatisPipelineUtilsThread] INFO  pipeline.PipelineStateManager (PipelineStateManager.java:addPipeline(56)) - Created pipeline Pipeline[ Id: e5a69db0-a5ec-414a-9eb2-7db3f2ab76a7, Nodes: 1b34dbd2-a2d7-46bc-b57d-04f62019dff1{ip: 192.168.30.13, host: pr-hdds-1569-wvzgm-824869521, networkLocation: /default-rack, certSerialId: null}, Type:RATIS, Factor:ONE, State:OPEN]
2019-09-26 09:21:14,461 [RatisPipelineUtilsThread] INFO  pipeline.PipelinePlacementPolicy (PipelinePlacementPolicy.java:meetCriteria(91)) - Pipeline Placement: can't place more pipeline on heavy datanode： 1dec72e7-0344-4894-a47b-48d961c58f71 Heaviness: 6 limit: 5
2019-09-26 09:21:14,474 [grpc-default-executor-0] INFO  impl.RaftServerProxy (RaftServerProxy.java:addNew(89)) - 3750858d-06c8-40e1-8c05-0037147842e2: addNew group-24D8E89097A2:[3750858d-06c8-40e1-8c05-0037147842e2:192.168.30.13:41582] returns group-24D8E89097A2:java.util.concurrent.CompletableFuture@3950c01d[Not completed]
2019-09-26 09:21:14,475 [pool-77-thread-1] INFO  impl.RaftServerImpl (RaftServerImpl.java:<init>(95)) - 3750858d-06c8-40e1-8c05-0037147842e2: new RaftServerImpl for group-24D8E89097A2:[3750858d-06c8-40e1-8c05-0037147842e2:192.168.30.13:41582] with ContainerStateMachine:uninitialized
2019-09-26 09:21:14,476 [pool-77-thread-1] INFO  server.RaftServerConfigKeys (ConfUtils.java:logGet(43)) - raft.server.rpc.timeout.min = 5s (custom)
2019-09-26 09:21:14,476 [pool-77-thread-1] INFO  server.RaftServerConfigKeys (ConfUtils.java:logGet(43)) - raft.server.rpc.timeout.max = 5200ms (custom)
2019-09-26 09:21:14,476 [pool-77-thread-1] INFO  server.RaftServerConfigKeys (ConfUtils.java:logGet(43)) - raft.server.rpcslowness.timeout = 120s (custom)
2019-09-26 09:21:14,476 [pool-77-thread-1] INFO  server.RaftServerConfigKeys (ConfUtils.java:logGet(43)) - raft.server.sleep.deviation.threshold = 300 (default)
2019-09-26 09:21:14,476 [pool-77-thread-1] INFO  server.RaftServerConfigKeys (ConfUtils.java:logGet(43)) - raft.server.log.appender.install.snapshot.enabled = false (custom)
2019-09-26 09:21:14,477 [pool-77-thread-1] INFO  impl.RaftServerImpl (ServerState.java:<init>(103)) - 3750858d-06c8-40e1-8c05-0037147842e2@group-24D8E89097A2: ConfigurationManager, init=-1: [3750858d-06c8-40e1-8c05-0037147842e2:192.168.30.13:41582], old=null, confs=<EMPTY_MAP>
2019-09-26 09:21:14,477 [pool-77-thread-1] INFO  server.RaftServerConfigKeys (ConfUtils.java:logGet(43)) - raft.server.storage.dir = [/workdir/hadoop-ozone/integration-test/target/test-dir/MiniOzoneClusterImpl-078ea463-30a6-4c8a-a8ff-41db0515e22e/datanode-5/data/ratis] (custom)
2019-09-26 09:21:14,477 [pool-77-thread-1] INFO  storage.RaftStorageDirectory (RaftStorageDirectory.java:analyzeStorage(246)) - The storage directory /workdir/hadoop-ozone/integration-test/target/test-dir/MiniOzoneClusterImpl-078ea463-30a6-4c8a-a8ff-41db0515e22e/datanode-5/data/ratis/c5840340-96b5-4961-9fbf-24d8e89097a2 does not exist. Creating ...
2019-09-26 09:21:14,490 [pool-77-thread-1] INFO  storage.RaftStorageDirectory (RaftStorageDirectory.java:tryLock(328)) - Lock on /workdir/hadoop-ozone/integration-test/target/test-dir/MiniOzoneClusterImpl-078ea463-30a6-4c8a-a8ff-41db0515e22e/datanode-5/data/ratis/c5840340-96b5-4961-9fbf-24d8e89097a2/in_use.lock acquired by nodename 11214@pr-hdds-1569-wvzgm-824869521
2019-09-26 09:21:14,504 [pool-77-thread-1] INFO  storage.RaftStorage (RaftStorage.java:format(72)) - Storage directory /workdir/hadoop-ozone/integration-test/target/test-dir/MiniOzoneClusterImpl-078ea463-30a6-4c8a-a8ff-41db0515e22e/datanode-5/data/ratis/c5840340-96b5-4961-9fbf-24d8e89097a2 has been successfully formatted.
2019-09-26 09:21:14,504 [pool-77-thread-1] INFO  ratis.ContainerStateMachine (ContainerStateMachine.java:loadSnapshot(230)) - group-24D8E89097A2: The snapshot info is null. Setting the last applied indexto:(t:0, i:~)
2019-09-26 09:21:14,504 [pool-77-thread-1] INFO  server.RaftServerConfigKeys (ConfUtils.java:logGet(43)) - raft.server.notification.no-leader.timeout = 120s (custom)
2019-09-26 09:21:14,504 [pool-77-thread-1] INFO  server.RaftServerConfigKeys (ConfUtils.java:logGet(43)) - raft.server.log.use.memory = false (default)
2019-09-26 09:21:14,504 [pool-77-thread-1] INFO  server.RaftServerConfigKeys (ConfUtils.java:logGet(43)) - raft.server.log.purge.gap = 1000000 (custom)
2019-09-26 09:21:14,505 [pool-77-thread-1] INFO  server.RaftServerConfigKeys (ConfUtils.java:logGet(43)) - raft.server.log.appender.buffer.byte-limit = 33554432 (custom)
2019-09-26 09:21:14,505 [pool-77-thread-1] INFO  server.RaftServerConfigKeys (ConfUtils.java:logGet(43)) - raft.server.log.segment.size.max = 1048576 (custom)
2019-09-26 09:21:14,505 [pool-77-thread-1] INFO  server.RaftServerConfigKeys (ConfUtils.java:logGet(43)) - raft.server.log.segment.cache.num.max = 2 (custom)
2019-09-26 09:21:14,505 [pool-77-thread-1] INFO  segmented.SegmentedRaftLogWorker (SegmentedRaftLogWorker.java:<init>(172)) - new 3750858d-06c8-40e1-8c05-0037147842e2@group-24D8E89097A2-SegmentedRaftLogWorker for RaftStorage:Storage Directory /workdir/hadoop-ozone/integration-test/target/test-dir/MiniOzoneClusterImpl-078ea463-30a6-4c8a-a8ff-41db0515e22e/datanode-5/data/ratis/c5840340-96b5-4961-9fbf-24d8e89097a2
2019-09-26 09:21:14,505 [pool-77-thread-1] INFO  server.RaftServerConfigKeys (ConfUtils.java:logGet(43)) - raft.server.log.queue.byte-limit = 2147483647 (custom)
2019-09-26 09:21:14,506 [pool-77-thread-1] INFO  server.RaftServerConfigKeys (ConfUtils.java:logGet(43)) - raft.server.log.queue.element-limit = 1024 (custom)
2019-09-26 09:21:14,506 [pool-77-thread-1] INFO  server.RaftServerConfigKeys (ConfUtils.java:logGet(43)) - raft.server.log.segment.size.max = 1048576 (custom)
2019-09-26 09:21:14,506 [pool-77-thread-1] INFO  server.RaftServerConfigKeys (ConfUtils.java:logGet(43)) - raft.server.log.preallocated.size = 16384 (custom)
2019-09-26 09:21:14,506 [pool-77-thread-1] INFO  server.RaftServerConfigKeys (ConfUtils.java:logGet(43)) - raft.server.log.write.buffer.size = 33554432 (custom)
2019-09-26 09:21:14,506 [pool-77-thread-1] INFO  server.RaftServerConfigKeys (ConfUtils.java:logGet(43)) - raft.server.log.force.sync.num = 128 (default)
2019-09-26 09:21:14,506 [pool-77-thread-1] INFO  server.RaftServerConfigKeys (ConfUtils.java:logGet(43)) - raft.server.log.statemachine.data.sync = true (default)
2019-09-26 09:21:14,506 [pool-77-thread-1] INFO  server.RaftServerConfigKeys (ConfUtils.java:logGet(43)) - raft.server.log.statemachine.data.sync.timeout = 10s (default)
2019-09-26 09:21:14,507 [pool-77-thread-1] INFO  server.RaftServerConfigKeys (ConfUtils.java:logGet(43)) - raft.server.log.statemachine.data.sync.timeout.retry = -1 (default)
2019-09-26 09:21:14,507 [pool-77-thread-1] INFO  server.RaftServerConfigKeys (ConfUtils.java:logGet(43)) - raft.server.log.statemachine.data.caching.enabled = true (custom)
2019-09-26 09:21:14,507 [pool-77-thread-1] INFO  segmented.SegmentedRaftLogWorker (SegmentedRaftLogWorker.java:lambda$new$0(132)) - 3750858d-06c8-40e1-8c05-0037147842e2@group-24D8E89097A2-SegmentedRaftLogWorker: flushIndex: setUnconditionally 0 -> -1
2019-09-26 09:21:14,508 [pool-77-thread-1] INFO  server.RaftServerConfigKeys (ConfUtils.java:logGet(43)) - raft.server.snapshot.auto.trigger.enabled = true (custom)
2019-09-26 09:21:14,508 [pool-77-thread-1] INFO  server.RaftServerConfigKeys (ConfUtils.java:logGet(43)) - raft.server.snapshot.auto.trigger.threshold = 10000 (custom)
2019-09-26 09:21:14,508 [pool-77-thread-1] INFO  server.RaftServerConfigKeys (ConfUtils.java:logGet(43)) - raft.server.snapshot.retention.num.files = 5 (custom)
2019-09-26 09:21:14,508 [pool-77-thread-1] INFO  server.RaftServerConfigKeys (ConfUtils.java:logGet(43)) - raft.server.retrycache.expirytime = 600000ms (custom)
2019-09-26 09:21:14,512 [pool-77-thread-1] INFO  impl.RaftServerImpl (RaftServerImpl.java:start(185)) - 3750858d-06c8-40e1-8c05-0037147842e2@group-24D8E89097A2: start as a follower, conf=-1: [3750858d-06c8-40e1-8c05-0037147842e2:192.168.30.13:41582], old=null
2019-09-26 09:21:14,512 [pool-77-thread-1] INFO  impl.RaftServerImpl (RaftServerImpl.java:setRole(174)) - 3750858d-06c8-40e1-8c05-0037147842e2@group-24D8E89097A2: changes role from      null to FOLLOWER at term 0 for startAsFollower
2019-09-26 09:21:14,512 [pool-77-thread-1] INFO  impl.RoleInfo (RoleInfo.java:updateAndGet(143)) - 3750858d-06c8-40e1-8c05-0037147842e2: start FollowerState
2019-09-26 09:21:14,513 [pool-77-thread-1] INFO  util.JmxRegister (JmxRegister.java:tryRegister(44)) - Successfully registered JMX Bean with object name Ratis:service=RaftServer,group=group-24D8E89097A2,id=3750858d-06c8-40e1-8c05-0037147842e2
2019-09-26 09:21:14,522 [RatisPipelineUtilsThread] INFO  pipeline.PipelineStateManager (PipelineStateManager.java:addPipeline(56)) - Created pipeline Pipeline[ Id: c5840340-96b5-4961-9fbf-24d8e89097a2, Nodes: 3750858d-06c8-40e1-8c05-0037147842e2{ip: 192.168.30.13, host: pr-hdds-1569-wvzgm-824869521, networkLocation: /default-rack, certSerialId: null}, Type:RATIS, Factor:ONE, State:OPEN]
2019-09-26 09:21:14,522 [RatisPipelineUtilsThread] INFO  pipeline.PipelinePlacementPolicy (PipelinePlacementPolicy.java:meetCriteria(91)) - Pipeline Placement: can't place more pipeline on heavy datanode： 1dec72e7-0344-4894-a47b-48d961c58f71 Heaviness: 6 limit: 5
2019-09-26 09:21:14,533 [grpc-default-executor-0] INFO  impl.RaftServerProxy (RaftServerProxy.java:addNew(89)) - 9ce5e10e-717d-4ed3-be0e-b6018052c3d2: addNew group-8AAD684651F0:[9ce5e10e-717d-4ed3-be0e-b6018052c3d2:192.168.30.13:37649] returns group-8AAD684651F0:java.util.concurrent.CompletableFuture@5352146e[Not completed]
2019-09-26 09:21:14,534 [pool-67-thread-1] INFO  impl.RaftServerImpl (RaftServerImpl.java:<init>(95)) - 9ce5e10e-717d-4ed3-be0e-b6018052c3d2: new RaftServerImpl for group-8AAD684651F0:[9ce5e10e-717d-4ed3-be0e-b6018052c3d2:192.168.30.13:37649] with ContainerStateMachine:uninitialized
2019-09-26 09:21:14,534 [pool-67-thread-1] INFO  server.RaftServerConfigKeys (ConfUtils.java:logGet(43)) - raft.server.rpc.timeout.min = 5s (custom)
2019-09-26 09:21:14,534 [pool-67-thread-1] INFO  server.RaftServerConfigKeys (ConfUtils.java:logGet(43)) - raft.server.rpc.timeout.max = 5200ms (custom)
2019-09-26 09:21:14,534 [pool-67-thread-1] INFO  server.RaftServerConfigKeys (ConfUtils.java:logGet(43)) - raft.server.rpcslowness.timeout = 120s (custom)
2019-09-26 09:21:14,534 [pool-67-thread-1] INFO  server.RaftServerConfigKeys (ConfUtils.java:logGet(43)) - raft.server.sleep.deviation.threshold = 300 (default)
2019-09-26 09:21:14,535 [pool-67-thread-1] INFO  server.RaftServerConfigKeys (ConfUtils.java:logGet(43)) - raft.server.log.appender.install.snapshot.enabled = false (custom)
2019-09-26 09:21:14,535 [pool-67-thread-1] INFO  impl.RaftServerImpl (ServerState.java:<init>(103)) - 9ce5e10e-717d-4ed3-be0e-b6018052c3d2@group-8AAD684651F0: ConfigurationManager, init=-1: [9ce5e10e-717d-4ed3-be0e-b6018052c3d2:192.168.30.13:37649], old=null, confs=<EMPTY_MAP>
2019-09-26 09:21:14,535 [pool-67-thread-1] INFO  server.RaftServerConfigKeys (ConfUtils.java:logGet(43)) - raft.server.storage.dir = [/workdir/hadoop-ozone/integration-test/target/test-dir/MiniOzoneClusterImpl-078ea463-30a6-4c8a-a8ff-41db0515e22e/datanode-4/data/ratis] (custom)
2019-09-26 09:21:14,535 [pool-67-thread-1] INFO  storage.RaftStorageDirectory (RaftStorageDirectory.java:analyzeStorage(246)) - The storage directory /workdir/hadoop-ozone/integration-test/target/test-dir/MiniOzoneClusterImpl-078ea463-30a6-4c8a-a8ff-41db0515e22e/datanode-4/data/ratis/cb1dddc8-9738-4101-a15a-8aad684651f0 does not exist. Creating ...
2019-09-26 09:21:14,548 [pool-67-thread-1] INFO  storage.RaftStorageDirectory (RaftStorageDirectory.java:tryLock(328)) - Lock on /workdir/hadoop-ozone/integration-test/target/test-dir/MiniOzoneClusterImpl-078ea463-30a6-4c8a-a8ff-41db0515e22e/datanode-4/data/ratis/cb1dddc8-9738-4101-a15a-8aad684651f0/in_use.lock acquired by nodename 11214@pr-hdds-1569-wvzgm-824869521
2019-09-26 09:21:14,562 [pool-67-thread-1] INFO  storage.RaftStorage (RaftStorage.java:format(72)) - Storage directory /workdir/hadoop-ozone/integration-test/target/test-dir/MiniOzoneClusterImpl-078ea463-30a6-4c8a-a8ff-41db0515e22e/datanode-4/data/ratis/cb1dddc8-9738-4101-a15a-8aad684651f0 has been successfully formatted.
2019-09-26 09:21:14,562 [pool-67-thread-1] INFO  ratis.ContainerStateMachine (ContainerStateMachine.java:loadSnapshot(230)) - group-8AAD684651F0: The snapshot info is null. Setting the last applied indexto:(t:0, i:~)
2019-09-26 09:21:14,562 [pool-67-thread-1] INFO  server.RaftServerConfigKeys (ConfUtils.java:logGet(43)) - raft.server.notification.no-leader.timeout = 120s (custom)
2019-09-26 09:21:14,563 [pool-67-thread-1] INFO  server.RaftServerConfigKeys (ConfUtils.java:logGet(43)) - raft.server.log.use.memory = false (default)
2019-09-26 09:21:14,563 [pool-67-thread-1] INFO  server.RaftServerConfigKeys (ConfUtils.java:logGet(43)) - raft.server.log.purge.gap = 1000000 (custom)
2019-09-26 09:21:14,563 [pool-67-thread-1] INFO  server.RaftServerConfigKeys (ConfUtils.java:logGet(43)) - raft.server.log.appender.buffer.byte-limit = 33554432 (custom)
2019-09-26 09:21:14,563 [pool-67-thread-1] INFO  server.RaftServerConfigKeys (ConfUtils.java:logGet(43)) - raft.server.log.segment.size.max = 1048576 (custom)
2019-09-26 09:21:14,563 [pool-67-thread-1] INFO  server.RaftServerConfigKeys (ConfUtils.java:logGet(43)) - raft.server.log.segment.cache.num.max = 2 (custom)
2019-09-26 09:21:14,563 [pool-67-thread-1] INFO  segmented.SegmentedRaftLogWorker (SegmentedRaftLogWorker.java:<init>(172)) - new 9ce5e10e-717d-4ed3-be0e-b6018052c3d2@group-8AAD684651F0-SegmentedRaftLogWorker for RaftStorage:Storage Directory /workdir/hadoop-ozone/integration-test/target/test-dir/MiniOzoneClusterImpl-078ea463-30a6-4c8a-a8ff-41db0515e22e/datanode-4/data/ratis/cb1dddc8-9738-4101-a15a-8aad684651f0
2019-09-26 09:21:14,564 [pool-67-thread-1] INFO  server.RaftServerConfigKeys (ConfUtils.java:logGet(43)) - raft.server.log.queue.byte-limit = 2147483647 (custom)
2019-09-26 09:21:14,564 [pool-67-thread-1] INFO  server.RaftServerConfigKeys (ConfUtils.java:logGet(43)) - raft.server.log.queue.element-limit = 1024 (custom)
2019-09-26 09:21:14,564 [pool-67-thread-1] INFO  server.RaftServerConfigKeys (ConfUtils.java:logGet(43)) - raft.server.log.segment.size.max = 1048576 (custom)
2019-09-26 09:21:14,564 [pool-67-thread-1] INFO  server.RaftServerConfigKeys (ConfUtils.java:logGet(43)) - raft.server.log.preallocated.size = 16384 (custom)
2019-09-26 09:21:14,564 [pool-67-thread-1] INFO  server.RaftServerConfigKeys (ConfUtils.java:logGet(43)) - raft.server.log.write.buffer.size = 33554432 (custom)
2019-09-26 09:21:14,564 [pool-67-thread-1] INFO  server.RaftServerConfigKeys (ConfUtils.java:logGet(43)) - raft.server.log.force.sync.num = 128 (default)
2019-09-26 09:21:14,564 [pool-67-thread-1] INFO  server.RaftServerConfigKeys (ConfUtils.java:logGet(43)) - raft.server.log.statemachine.data.sync = true (default)
2019-09-26 09:21:14,565 [pool-67-thread-1] INFO  server.RaftServerConfigKeys (ConfUtils.java:logGet(43)) - raft.server.log.statemachine.data.sync.timeout = 10s (default)
2019-09-26 09:21:14,565 [pool-67-thread-1] INFO  server.RaftServerConfigKeys (ConfUtils.java:logGet(43)) - raft.server.log.statemachine.data.sync.timeout.retry = -1 (default)
2019-09-26 09:21:14,565 [pool-67-thread-1] INFO  server.RaftServerConfigKeys (ConfUtils.java:logGet(43)) - raft.server.log.statemachine.data.caching.enabled = true (custom)
2019-09-26 09:21:14,565 [pool-67-thread-1] INFO  segmented.SegmentedRaftLogWorker (SegmentedRaftLogWorker.java:lambda$new$0(132)) - 9ce5e10e-717d-4ed3-be0e-b6018052c3d2@group-8AAD684651F0-SegmentedRaftLogWorker: flushIndex: setUnconditionally 0 -> -1
2019-09-26 09:21:14,566 [pool-67-thread-1] INFO  server.RaftServerConfigKeys (ConfUtils.java:logGet(43)) - raft.server.snapshot.auto.trigger.enabled = true (custom)
2019-09-26 09:21:14,566 [pool-67-thread-1] INFO  server.RaftServerConfigKeys (ConfUtils.java:logGet(43)) - raft.server.snapshot.auto.trigger.threshold = 10000 (custom)
2019-09-26 09:21:14,566 [pool-67-thread-1] INFO  server.RaftServerConfigKeys (ConfUtils.java:logGet(43)) - raft.server.snapshot.retention.num.files = 5 (custom)
2019-09-26 09:21:14,566 [pool-67-thread-1] INFO  server.RaftServerConfigKeys (ConfUtils.java:logGet(43)) - raft.server.retrycache.expirytime = 600000ms (custom)
2019-09-26 09:21:14,569 [pool-67-thread-1] INFO  impl.RaftServerImpl (RaftServerImpl.java:start(185)) - 9ce5e10e-717d-4ed3-be0e-b6018052c3d2@group-8AAD684651F0: start as a follower, conf=-1: [9ce5e10e-717d-4ed3-be0e-b6018052c3d2:192.168.30.13:37649], old=null
2019-09-26 09:21:14,569 [pool-67-thread-1] INFO  impl.RaftServerImpl (RaftServerImpl.java:setRole(174)) - 9ce5e10e-717d-4ed3-be0e-b6018052c3d2@group-8AAD684651F0: changes role from      null to FOLLOWER at term 0 for startAsFollower
2019-09-26 09:21:14,569 [pool-67-thread-1] INFO  impl.RoleInfo (RoleInfo.java:updateAndGet(143)) - 9ce5e10e-717d-4ed3-be0e-b6018052c3d2: start FollowerState
2019-09-26 09:21:14,570 [pool-67-thread-1] INFO  util.JmxRegister (JmxRegister.java:tryRegister(44)) - Successfully registered JMX Bean with object name Ratis:service=RaftServer,group=group-8AAD684651F0,id=9ce5e10e-717d-4ed3-be0e-b6018052c3d2
2019-09-26 09:21:14,579 [RatisPipelineUtilsThread] INFO  pipeline.PipelineStateManager (PipelineStateManager.java:addPipeline(56)) - Created pipeline Pipeline[ Id: cb1dddc8-9738-4101-a15a-8aad684651f0, Nodes: 9ce5e10e-717d-4ed3-be0e-b6018052c3d2{ip: 192.168.30.13, host: pr-hdds-1569-wvzgm-824869521, networkLocation: /default-rack, certSerialId: null}, Type:RATIS, Factor:ONE, State:OPEN]
2019-09-26 09:21:14,579 [RatisPipelineUtilsThread] INFO  pipeline.PipelinePlacementPolicy (PipelinePlacementPolicy.java:meetCriteria(91)) - Pipeline Placement: can't place more pipeline on heavy datanode： 1dec72e7-0344-4894-a47b-48d961c58f71 Heaviness: 6 limit: 5
2019-09-26 09:21:14,584 [Thread-285] INFO  impl.FollowerState (FollowerState.java:run(106)) - 1dec72e7-0344-4894-a47b-48d961c58f71:group-0B538ED47570 changes to CANDIDATE, lastRpcTime:5064, electionTimeout:5064ms
2019-09-26 09:21:14,589 [Thread-285] INFO  impl.RoleInfo (RoleInfo.java:shutdownFollowerState(121)) - 1dec72e7-0344-4894-a47b-48d961c58f71: shutdown FollowerState
2019-09-26 09:21:14,589 [Thread-285] INFO  impl.RaftServerImpl (RaftServerImpl.java:setRole(174)) - 1dec72e7-0344-4894-a47b-48d961c58f71@group-0B538ED47570: changes role from  FOLLOWER to CANDIDATE at term 0 for changeToCandidate
2019-09-26 09:21:14,593 [grpc-default-executor-0] INFO  impl.RaftServerProxy (RaftServerProxy.java:addNew(89)) - 1b34dbd2-a2d7-46bc-b57d-04f62019dff1: addNew group-AB40A1E591F3:[1b34dbd2-a2d7-46bc-b57d-04f62019dff1:192.168.30.13:39221] returns group-AB40A1E591F3:java.util.concurrent.CompletableFuture@26f357d0[Not completed]
2019-09-26 09:21:14,594 [pool-47-thread-1] INFO  impl.RaftServerImpl (RaftServerImpl.java:<init>(95)) - 1b34dbd2-a2d7-46bc-b57d-04f62019dff1: new RaftServerImpl for group-AB40A1E591F3:[1b34dbd2-a2d7-46bc-b57d-04f62019dff1:192.168.30.13:39221] with ContainerStateMachine:uninitialized
2019-09-26 09:21:14,595 [pool-47-thread-1] INFO  server.RaftServerConfigKeys (ConfUtils.java:logGet(43)) - raft.server.rpc.timeout.min = 5s (custom)
2019-09-26 09:21:14,595 [pool-47-thread-1] INFO  server.RaftServerConfigKeys (ConfUtils.java:logGet(43)) - raft.server.rpc.timeout.max = 5200ms (custom)
2019-09-26 09:21:14,595 [pool-47-thread-1] INFO  server.RaftServerConfigKeys (ConfUtils.java:logGet(43)) - raft.server.rpcslowness.timeout = 120s (custom)
2019-09-26 09:21:14,595 [pool-47-thread-1] INFO  server.RaftServerConfigKeys (ConfUtils.java:logGet(43)) - raft.server.sleep.deviation.threshold = 300 (default)
2019-09-26 09:21:14,595 [pool-47-thread-1] INFO  server.RaftServerConfigKeys (ConfUtils.java:logGet(43)) - raft.server.log.appender.install.snapshot.enabled = false (custom)
2019-09-26 09:21:14,595 [pool-47-thread-1] INFO  impl.RaftServerImpl (ServerState.java:<init>(103)) - 1b34dbd2-a2d7-46bc-b57d-04f62019dff1@group-AB40A1E591F3: ConfigurationManager, init=-1: [1b34dbd2-a2d7-46bc-b57d-04f62019dff1:192.168.30.13:39221], old=null, confs=<EMPTY_MAP>
2019-09-26 09:21:14,595 [pool-47-thread-1] INFO  server.RaftServerConfigKeys (ConfUtils.java:logGet(43)) - raft.server.storage.dir = [/workdir/hadoop-ozone/integration-test/target/test-dir/MiniOzoneClusterImpl-078ea463-30a6-4c8a-a8ff-41db0515e22e/datanode-2/data/ratis] (custom)
2019-09-26 09:21:14,595 [pool-47-thread-1] INFO  storage.RaftStorageDirectory (RaftStorageDirectory.java:analyzeStorage(246)) - The storage directory /workdir/hadoop-ozone/integration-test/target/test-dir/MiniOzoneClusterImpl-078ea463-30a6-4c8a-a8ff-41db0515e22e/datanode-2/data/ratis/7a410b6d-8e33-4b31-8eca-ab40a1e591f3 does not exist. Creating ...
2019-09-26 09:21:14,599 [pool-47-thread-1] INFO  storage.RaftStorageDirectory (RaftStorageDirectory.java:tryLock(328)) - Lock on /workdir/hadoop-ozone/integration-test/target/test-dir/MiniOzoneClusterImpl-078ea463-30a6-4c8a-a8ff-41db0515e22e/datanode-2/data/ratis/7a410b6d-8e33-4b31-8eca-ab40a1e591f3/in_use.lock acquired by nodename 11214@pr-hdds-1569-wvzgm-824869521
2019-09-26 09:21:14,601 [Thread-285] INFO  impl.RoleInfo (RoleInfo.java:updateAndGet(143)) - 1dec72e7-0344-4894-a47b-48d961c58f71: start LeaderElection
2019-09-26 09:21:14,621 [pool-47-thread-1] INFO  storage.RaftStorage (RaftStorage.java:format(72)) - Storage directory /workdir/hadoop-ozone/integration-test/target/test-dir/MiniOzoneClusterImpl-078ea463-30a6-4c8a-a8ff-41db0515e22e/datanode-2/data/ratis/7a410b6d-8e33-4b31-8eca-ab40a1e591f3 has been successfully formatted.
2019-09-26 09:21:14,621 [1dec72e7-0344-4894-a47b-48d961c58f71@group-0B538ED47570:LeaderElection1] INFO  impl.LeaderElection (LeaderElection.java:askForVotes(182)) - 1dec72e7-0344-4894-a47b-48d961c58f71@group-0B538ED47570:LeaderElection1: begin an election at term 1 for -1: [1dec72e7-0344-4894-a47b-48d961c58f71:192.168.30.13:42556], old=null
2019-09-26 09:21:14,621 [pool-47-thread-1] INFO  ratis.ContainerStateMachine (ContainerStateMachine.java:loadSnapshot(230)) - group-AB40A1E591F3: The snapshot info is null. Setting the last applied indexto:(t:0, i:~)
2019-09-26 09:21:14,621 [pool-47-thread-1] INFO  server.RaftServerConfigKeys (ConfUtils.java:logGet(43)) - raft.server.notification.no-leader.timeout = 120s (custom)
2019-09-26 09:21:14,622 [pool-47-thread-1] INFO  server.RaftServerConfigKeys (ConfUtils.java:logGet(43)) - raft.server.log.use.memory = false (default)
2019-09-26 09:21:14,622 [pool-47-thread-1] INFO  server.RaftServerConfigKeys (ConfUtils.java:logGet(43)) - raft.server.log.purge.gap = 1000000 (custom)
2019-09-26 09:21:14,622 [pool-47-thread-1] INFO  server.RaftServerConfigKeys (ConfUtils.java:logGet(43)) - raft.server.log.appender.buffer.byte-limit = 33554432 (custom)
2019-09-26 09:21:14,622 [pool-47-thread-1] INFO  server.RaftServerConfigKeys (ConfUtils.java:logGet(43)) - raft.server.log.segment.size.max = 1048576 (custom)
2019-09-26 09:21:14,622 [pool-47-thread-1] INFO  server.RaftServerConfigKeys (ConfUtils.java:logGet(43)) - raft.server.log.segment.cache.num.max = 2 (custom)
2019-09-26 09:21:14,622 [pool-47-thread-1] INFO  segmented.SegmentedRaftLogWorker (SegmentedRaftLogWorker.java:<init>(172)) - new 1b34dbd2-a2d7-46bc-b57d-04f62019dff1@group-AB40A1E591F3-SegmentedRaftLogWorker for RaftStorage:Storage Directory /workdir/hadoop-ozone/integration-test/target/test-dir/MiniOzoneClusterImpl-078ea463-30a6-4c8a-a8ff-41db0515e22e/datanode-2/data/ratis/7a410b6d-8e33-4b31-8eca-ab40a1e591f3
2019-09-26 09:21:14,623 [pool-47-thread-1] INFO  server.RaftServerConfigKeys (ConfUtils.java:logGet(43)) - raft.server.log.queue.byte-limit = 2147483647 (custom)
2019-09-26 09:21:14,623 [pool-47-thread-1] INFO  server.RaftServerConfigKeys (ConfUtils.java:logGet(43)) - raft.server.log.queue.element-limit = 1024 (custom)
2019-09-26 09:21:14,623 [pool-47-thread-1] INFO  server.RaftServerConfigKeys (ConfUtils.java:logGet(43)) - raft.server.log.segment.size.max = 1048576 (custom)
2019-09-26 09:21:14,623 [1dec72e7-0344-4894-a47b-48d961c58f71@group-0B538ED47570:LeaderElection1] INFO  impl.RoleInfo (RoleInfo.java:shutdownLeaderElection(134)) - 1dec72e7-0344-4894-a47b-48d961c58f71: shutdown LeaderElection
2019-09-26 09:21:14,623 [pool-47-thread-1] INFO  server.RaftServerConfigKeys (ConfUtils.java:logGet(43)) - raft.server.log.preallocated.size = 16384 (custom)
2019-09-26 09:21:14,623 [pool-47-thread-1] INFO  server.RaftServerConfigKeys (ConfUtils.java:logGet(43)) - raft.server.log.write.buffer.size = 33554432 (custom)
2019-09-26 09:21:14,623 [pool-47-thread-1] INFO  server.RaftServerConfigKeys (ConfUtils.java:logGet(43)) - raft.server.log.force.sync.num = 128 (default)
2019-09-26 09:21:14,624 [pool-47-thread-1] INFO  server.RaftServerConfigKeys (ConfUtils.java:logGet(43)) - raft.server.log.statemachine.data.sync = true (default)
2019-09-26 09:21:14,624 [1dec72e7-0344-4894-a47b-48d961c58f71@group-0B538ED47570:LeaderElection1] INFO  impl.RaftServerImpl (RaftServerImpl.java:setRole(174)) - 1dec72e7-0344-4894-a47b-48d961c58f71@group-0B538ED47570: changes role from CANDIDATE to LEADER at term 1 for changeToLeader
2019-09-26 09:21:14,624 [pool-47-thread-1] INFO  server.RaftServerConfigKeys (ConfUtils.java:logGet(43)) - raft.server.log.statemachine.data.sync.timeout = 10s (default)
2019-09-26 09:21:14,624 [1dec72e7-0344-4894-a47b-48d961c58f71@group-0B538ED47570:LeaderElection1] INFO  impl.RaftServerImpl (ServerState.java:setLeader(253)) - 1dec72e7-0344-4894-a47b-48d961c58f71@group-0B538ED47570: change Leader from null to 1dec72e7-0344-4894-a47b-48d961c58f71 at term 1 for becomeLeader, leader elected after 5235ms
2019-09-26 09:21:14,624 [pool-47-thread-1] INFO  server.RaftServerConfigKeys (ConfUtils.java:logGet(43)) - raft.server.log.statemachine.data.sync.timeout.retry = -1 (default)
2019-09-26 09:21:14,624 [pool-47-thread-1] INFO  server.RaftServerConfigKeys (ConfUtils.java:logGet(43)) - raft.server.log.statemachine.data.caching.enabled = true (custom)
2019-09-26 09:21:14,625 [pool-47-thread-1] INFO  segmented.SegmentedRaftLogWorker (SegmentedRaftLogWorker.java:lambda$new$0(132)) - 1b34dbd2-a2d7-46bc-b57d-04f62019dff1@group-AB40A1E591F3-SegmentedRaftLogWorker: flushIndex: setUnconditionally 0 -> -1
2019-09-26 09:21:14,625 [pool-47-thread-1] INFO  server.RaftServerConfigKeys (ConfUtils.java:logGet(43)) - raft.server.snapshot.auto.trigger.enabled = true (custom)
2019-09-26 09:21:14,625 [pool-47-thread-1] INFO  server.RaftServerConfigKeys (ConfUtils.java:logGet(43)) - raft.server.snapshot.auto.trigger.threshold = 10000 (custom)
2019-09-26 09:21:14,625 [pool-47-thread-1] INFO  server.RaftServerConfigKeys (ConfUtils.java:logGet(43)) - raft.server.snapshot.retention.num.files = 5 (custom)
2019-09-26 09:21:14,626 [pool-47-thread-1] INFO  server.RaftServerConfigKeys (ConfUtils.java:logGet(43)) - raft.server.retrycache.expirytime = 600000ms (custom)
2019-09-26 09:21:14,629 [pool-47-thread-1] INFO  impl.RaftServerImpl (RaftServerImpl.java:start(185)) - 1b34dbd2-a2d7-46bc-b57d-04f62019dff1@group-AB40A1E591F3: start as a follower, conf=-1: [1b34dbd2-a2d7-46bc-b57d-04f62019dff1:192.168.30.13:39221], old=null
2019-09-26 09:21:14,629 [pool-47-thread-1] INFO  impl.RaftServerImpl (RaftServerImpl.java:setRole(174)) - 1b34dbd2-a2d7-46bc-b57d-04f62019dff1@group-AB40A1E591F3: changes role from      null to FOLLOWER at term 0 for startAsFollower
2019-09-26 09:21:14,629 [pool-47-thread-1] INFO  impl.RoleInfo (RoleInfo.java:updateAndGet(143)) - 1b34dbd2-a2d7-46bc-b57d-04f62019dff1: start FollowerState
2019-09-26 09:21:14,629 [pool-47-thread-1] INFO  util.JmxRegister (JmxRegister.java:tryRegister(44)) - Successfully registered JMX Bean with object name Ratis:service=RaftServer,group=group-AB40A1E591F3,id=1b34dbd2-a2d7-46bc-b57d-04f62019dff1
2019-09-26 09:21:14,632 [1dec72e7-0344-4894-a47b-48d961c58f71@group-0B538ED47570:LeaderElection1] INFO  server.RaftServerConfigKeys (ConfUtils.java:logGet(43)) - raft.server.staging.catchup.gap = 1000 (default)
2019-09-26 09:21:14,636 [1dec72e7-0344-4894-a47b-48d961c58f71@group-0B538ED47570:LeaderElection1] INFO  server.RaftServerConfigKeys (ConfUtils.java:logGet(43)) - raft.server.rpc.sleep.time = 25ms (default)
2019-09-26 09:21:14,637 [RatisPipelineUtilsThread] INFO  pipeline.PipelineStateManager (PipelineStateManager.java:addPipeline(56)) - Created pipeline Pipeline[ Id: 7a410b6d-8e33-4b31-8eca-ab40a1e591f3, Nodes: 1b34dbd2-a2d7-46bc-b57d-04f62019dff1{ip: 192.168.30.13, host: pr-hdds-1569-wvzgm-824869521, networkLocation: /default-rack, certSerialId: null}, Type:RATIS, Factor:ONE, State:OPEN]
2019-09-26 09:21:14,637 [RatisPipelineUtilsThread] INFO  pipeline.PipelinePlacementPolicy (PipelinePlacementPolicy.java:meetCriteria(91)) - Pipeline Placement: can't place more pipeline on heavy datanode： 1dec72e7-0344-4894-a47b-48d961c58f71 Heaviness: 6 limit: 5
2019-09-26 09:21:14,644 [1dec72e7-0344-4894-a47b-48d961c58f71@group-0B538ED47570:LeaderElection1] INFO  server.RaftServerConfigKeys (ConfUtils.java:logGet(43)) - raft.server.write.element-limit = 4096 (default)
2019-09-26 09:21:14,648 [1dec72e7-0344-4894-a47b-48d961c58f71@group-0B538ED47570:LeaderElection1] INFO  server.RaftServerConfigKeys (ConfUtils.java:logGet(43)) - raft.server.watch.timeout = 10s (default)
2019-09-26 09:21:14,648 [1dec72e7-0344-4894-a47b-48d961c58f71@group-0B538ED47570:LeaderElection1] INFO  server.RaftServerConfigKeys (ConfUtils.java:logGet(43)) - raft.server.watch.timeout.denomination = 1s (default)
2019-09-26 09:21:14,652 [1dec72e7-0344-4894-a47b-48d961c58f71@group-0B538ED47570:LeaderElection1] INFO  server.RaftServerConfigKeys (ConfUtils.java:logGet(43)) - raft.server.watch.element-limit = 65536 (default)
2019-09-26 09:21:14,652 [grpc-default-executor-0] INFO  impl.RaftServerProxy (RaftServerProxy.java:addNew(89)) - 3750858d-06c8-40e1-8c05-0037147842e2: addNew group-74813DF765FA:[3750858d-06c8-40e1-8c05-0037147842e2:192.168.30.13:41582] returns group-74813DF765FA:java.util.concurrent.CompletableFuture@6430c8e2[Not completed]
2019-09-26 09:21:14,654 [pool-77-thread-1] INFO  impl.RaftServerImpl (RaftServerImpl.java:<init>(95)) - 3750858d-06c8-40e1-8c05-0037147842e2: new RaftServerImpl for group-74813DF765FA:[3750858d-06c8-40e1-8c05-0037147842e2:192.168.30.13:41582] with ContainerStateMachine:uninitialized
2019-09-26 09:21:14,654 [pool-77-thread-1] INFO  server.RaftServerConfigKeys (ConfUtils.java:logGet(43)) - raft.server.rpc.timeout.min = 5s (custom)
2019-09-26 09:21:14,654 [pool-77-thread-1] INFO  server.RaftServerConfigKeys (ConfUtils.java:logGet(43)) - raft.server.rpc.timeout.max = 5200ms (custom)
2019-09-26 09:21:14,654 [pool-77-thread-1] INFO  server.RaftServerConfigKeys (ConfUtils.java:logGet(43)) - raft.server.rpcslowness.timeout = 120s (custom)
2019-09-26 09:21:14,655 [pool-77-thread-1] INFO  server.RaftServerConfigKeys (ConfUtils.java:logGet(43)) - raft.server.sleep.deviation.threshold = 300 (default)
2019-09-26 09:21:14,655 [pool-77-thread-1] INFO  server.RaftServerConfigKeys (ConfUtils.java:logGet(43)) - raft.server.log.appender.install.snapshot.enabled = false (custom)
2019-09-26 09:21:14,655 [pool-77-thread-1] INFO  impl.RaftServerImpl (ServerState.java:<init>(103)) - 3750858d-06c8-40e1-8c05-0037147842e2@group-74813DF765FA: ConfigurationManager, init=-1: [3750858d-06c8-40e1-8c05-0037147842e2:192.168.30.13:41582], old=null, confs=<EMPTY_MAP>
2019-09-26 09:21:14,655 [pool-77-thread-1] INFO  server.RaftServerConfigKeys (ConfUtils.java:logGet(43)) - raft.server.storage.dir = [/workdir/hadoop-ozone/integration-test/target/test-dir/MiniOzoneClusterImpl-078ea463-30a6-4c8a-a8ff-41db0515e22e/datanode-5/data/ratis] (custom)
2019-09-26 09:21:14,656 [pool-77-thread-1] INFO  storage.RaftStorageDirectory (RaftStorageDirectory.java:analyzeStorage(246)) - The storage directory /workdir/hadoop-ozone/integration-test/target/test-dir/MiniOzoneClusterImpl-078ea463-30a6-4c8a-a8ff-41db0515e22e/datanode-5/data/ratis/26c94d29-bcbf-4669-9a2b-74813df765fa does not exist. Creating ...
2019-09-26 09:21:14,667 [1dec72e7-0344-4894-a47b-48d961c58f71@group-0B538ED47570:LeaderElection1] INFO  impl.RoleInfo (RoleInfo.java:updateAndGet(143)) - 1dec72e7-0344-4894-a47b-48d961c58f71: start LeaderState
2019-09-26 09:21:14,669 [pool-77-thread-1] INFO  storage.RaftStorageDirectory (RaftStorageDirectory.java:tryLock(328)) - Lock on /workdir/hadoop-ozone/integration-test/target/test-dir/MiniOzoneClusterImpl-078ea463-30a6-4c8a-a8ff-41db0515e22e/datanode-5/data/ratis/26c94d29-bcbf-4669-9a2b-74813df765fa/in_use.lock acquired by nodename 11214@pr-hdds-1569-wvzgm-824869521
2019-09-26 09:21:14,688 [pool-77-thread-1] INFO  storage.RaftStorage (RaftStorage.java:format(72)) - Storage directory /workdir/hadoop-ozone/integration-test/target/test-dir/MiniOzoneClusterImpl-078ea463-30a6-4c8a-a8ff-41db0515e22e/datanode-5/data/ratis/26c94d29-bcbf-4669-9a2b-74813df765fa has been successfully formatted.
2019-09-26 09:21:14,688 [pool-77-thread-1] INFO  ratis.ContainerStateMachine (ContainerStateMachine.java:loadSnapshot(230)) - group-74813DF765FA: The snapshot info is null. Setting the last applied indexto:(t:0, i:~)
2019-09-26 09:21:14,688 [pool-77-thread-1] INFO  server.RaftServerConfigKeys (ConfUtils.java:logGet(43)) - raft.server.notification.no-leader.timeout = 120s (custom)
2019-09-26 09:21:14,689 [pool-77-thread-1] INFO  server.RaftServerConfigKeys (ConfUtils.java:logGet(43)) - raft.server.log.use.memory = false (default)
2019-09-26 09:21:14,689 [pool-77-thread-1] INFO  server.RaftServerConfigKeys (ConfUtils.java:logGet(43)) - raft.server.log.purge.gap = 1000000 (custom)
2019-09-26 09:21:14,689 [pool-77-thread-1] INFO  server.RaftServerConfigKeys (ConfUtils.java:logGet(43)) - raft.server.log.appender.buffer.byte-limit = 33554432 (custom)
2019-09-26 09:21:14,689 [pool-77-thread-1] INFO  server.RaftServerConfigKeys (ConfUtils.java:logGet(43)) - raft.server.log.segment.size.max = 1048576 (custom)
2019-09-26 09:21:14,689 [pool-77-thread-1] INFO  server.RaftServerConfigKeys (ConfUtils.java:logGet(43)) - raft.server.log.segment.cache.num.max = 2 (custom)
2019-09-26 09:21:14,689 [pool-77-thread-1] INFO  segmented.SegmentedRaftLogWorker (SegmentedRaftLogWorker.java:<init>(172)) - new 3750858d-06c8-40e1-8c05-0037147842e2@group-74813DF765FA-SegmentedRaftLogWorker for RaftStorage:Storage Directory /workdir/hadoop-ozone/integration-test/target/test-dir/MiniOzoneClusterImpl-078ea463-30a6-4c8a-a8ff-41db0515e22e/datanode-5/data/ratis/26c94d29-bcbf-4669-9a2b-74813df765fa
2019-09-26 09:21:14,690 [pool-77-thread-1] INFO  server.RaftServerConfigKeys (ConfUtils.java:logGet(43)) - raft.server.log.queue.byte-limit = 2147483647 (custom)
2019-09-26 09:21:14,690 [pool-77-thread-1] INFO  server.RaftServerConfigKeys (ConfUtils.java:logGet(43)) - raft.server.log.queue.element-limit = 1024 (custom)
2019-09-26 09:21:14,690 [pool-77-thread-1] INFO  server.RaftServerConfigKeys (ConfUtils.java:logGet(43)) - raft.server.log.segment.size.max = 1048576 (custom)
2019-09-26 09:21:14,690 [pool-77-thread-1] INFO  server.RaftServerConfigKeys (ConfUtils.java:logGet(43)) - raft.server.log.preallocated.size = 16384 (custom)
2019-09-26 09:21:14,690 [pool-77-thread-1] INFO  server.RaftServerConfigKeys (ConfUtils.java:logGet(43)) - raft.server.log.write.buffer.size = 33554432 (custom)
2019-09-26 09:21:14,690 [pool-77-thread-1] INFO  server.RaftServerConfigKeys (ConfUtils.java:logGet(43)) - raft.server.log.force.sync.num = 128 (default)
2019-09-26 09:21:14,691 [pool-77-thread-1] INFO  server.RaftServerConfigKeys (ConfUtils.java:logGet(43)) - raft.server.log.statemachine.data.sync = true (default)
2019-09-26 09:21:14,691 [pool-77-thread-1] INFO  server.RaftServerConfigKeys (ConfUtils.java:logGet(43)) - raft.server.log.statemachine.data.sync.timeout = 10s (default)
2019-09-26 09:21:14,691 [pool-77-thread-1] INFO  server.RaftServerConfigKeys (ConfUtils.java:logGet(43)) - raft.server.log.statemachine.data.sync.timeout.retry = -1 (default)
2019-09-26 09:21:14,691 [pool-77-thread-1] INFO  server.RaftServerConfigKeys (ConfUtils.java:logGet(43)) - raft.server.log.statemachine.data.caching.enabled = true (custom)
2019-09-26 09:21:14,692 [pool-77-thread-1] INFO  segmented.SegmentedRaftLogWorker (SegmentedRaftLogWorker.java:lambda$new$0(132)) - 3750858d-06c8-40e1-8c05-0037147842e2@group-74813DF765FA-SegmentedRaftLogWorker: flushIndex: setUnconditionally 0 -> -1
2019-09-26 09:21:14,692 [pool-77-thread-1] INFO  server.RaftServerConfigKeys (ConfUtils.java:logGet(43)) - raft.server.snapshot.auto.trigger.enabled = true (custom)
2019-09-26 09:21:14,692 [pool-77-thread-1] INFO  server.RaftServerConfigKeys (ConfUtils.java:logGet(43)) - raft.server.snapshot.auto.trigger.threshold = 10000 (custom)
2019-09-26 09:21:14,692 [pool-77-thread-1] INFO  server.RaftServerConfigKeys (ConfUtils.java:logGet(43)) - raft.server.snapshot.retention.num.files = 5 (custom)
2019-09-26 09:21:14,693 [pool-77-thread-1] INFO  server.RaftServerConfigKeys (ConfUtils.java:logGet(43)) - raft.server.retrycache.expirytime = 600000ms (custom)
2019-09-26 09:21:14,701 [pool-77-thread-1] INFO  impl.RaftServerImpl (RaftServerImpl.java:start(185)) - 3750858d-06c8-40e1-8c05-0037147842e2@group-74813DF765FA: start as a follower, conf=-1: [3750858d-06c8-40e1-8c05-0037147842e2:192.168.30.13:41582], old=null
2019-09-26 09:21:14,701 [pool-77-thread-1] INFO  impl.RaftServerImpl (RaftServerImpl.java:setRole(174)) - 3750858d-06c8-40e1-8c05-0037147842e2@group-74813DF765FA: changes role from      null to FOLLOWER at term 0 for startAsFollower
2019-09-26 09:21:14,701 [pool-77-thread-1] INFO  impl.RoleInfo (RoleInfo.java:updateAndGet(143)) - 3750858d-06c8-40e1-8c05-0037147842e2: start FollowerState
2019-09-26 09:21:14,701 [pool-77-thread-1] INFO  util.JmxRegister (JmxRegister.java:tryRegister(44)) - Successfully registered JMX Bean with object name Ratis:service=RaftServer,group=group-74813DF765FA,id=3750858d-06c8-40e1-8c05-0037147842e2
2019-09-26 09:21:14,702 [1dec72e7-0344-4894-a47b-48d961c58f71@group-0B538ED47570:LeaderElection1] INFO  segmented.SegmentedRaftLogWorker (SegmentedRaftLogWorker.java:startLogSegment(380)) - 1dec72e7-0344-4894-a47b-48d961c58f71@group-0B538ED47570-SegmentedRaftLogWorker: Starting segment from index:0
2019-09-26 09:21:14,709 [RatisPipelineUtilsThread] INFO  pipeline.PipelineStateManager (PipelineStateManager.java:addPipeline(56)) - Created pipeline Pipeline[ Id: 26c94d29-bcbf-4669-9a2b-74813df765fa, Nodes: 3750858d-06c8-40e1-8c05-0037147842e2{ip: 192.168.30.13, host: pr-hdds-1569-wvzgm-824869521, networkLocation: /default-rack, certSerialId: null}, Type:RATIS, Factor:ONE, State:OPEN]
2019-09-26 09:21:14,709 [RatisPipelineUtilsThread] INFO  pipeline.PipelinePlacementPolicy (PipelinePlacementPolicy.java:meetCriteria(91)) - Pipeline Placement: can't place more pipeline on heavy datanode： 1dec72e7-0344-4894-a47b-48d961c58f71 Heaviness: 6 limit: 5
2019-09-26 09:21:14,722 [1dec72e7-0344-4894-a47b-48d961c58f71@group-0B538ED47570:LeaderElection1] INFO  impl.RaftServerImpl (ServerState.java:setRaftConf(354)) - 1dec72e7-0344-4894-a47b-48d961c58f71@group-0B538ED47570: set configuration 0: [1dec72e7-0344-4894-a47b-48d961c58f71:192.168.30.13:42556], old=null at 0
2019-09-26 09:21:14,722 [grpc-default-executor-0] INFO  impl.RaftServerProxy (RaftServerProxy.java:addNew(89)) - cdeec377-8f89-4dce-9b26-4d7c58a1953c: addNew group-A4B05030DC28:[cdeec377-8f89-4dce-9b26-4d7c58a1953c:192.168.30.13:44126] returns group-A4B05030DC28:java.util.concurrent.CompletableFuture@2043ab3f[Not completed]
2019-09-26 09:21:14,722 [Thread-288] INFO  impl.FollowerState (FollowerState.java:run(106)) - 5979e283-d20e-4620-920d-03c0cf6ae99c:group-82130AA66D27 changes to CANDIDATE, lastRpcTime:5002, electionTimeout:5000ms
2019-09-26 09:21:14,725 [Thread-288] INFO  impl.RoleInfo (RoleInfo.java:shutdownFollowerState(121)) - 5979e283-d20e-4620-920d-03c0cf6ae99c: shutdown FollowerState
2019-09-26 09:21:14,725 [Thread-288] INFO  impl.RaftServerImpl (RaftServerImpl.java:setRole(174)) - 5979e283-d20e-4620-920d-03c0cf6ae99c@group-82130AA66D27: changes role from  FOLLOWER to CANDIDATE at term 0 for changeToCandidate
2019-09-26 09:21:14,725 [Thread-288] INFO  impl.RoleInfo (RoleInfo.java:updateAndGet(143)) - 5979e283-d20e-4620-920d-03c0cf6ae99c: start LeaderElection
2019-09-26 09:21:14,730 [pool-37-thread-1] INFO  impl.RaftServerImpl (RaftServerImpl.java:<init>(95)) - cdeec377-8f89-4dce-9b26-4d7c58a1953c: new RaftServerImpl for group-A4B05030DC28:[cdeec377-8f89-4dce-9b26-4d7c58a1953c:192.168.30.13:44126] with ContainerStateMachine:uninitialized
2019-09-26 09:21:14,730 [pool-37-thread-1] INFO  server.RaftServerConfigKeys (ConfUtils.java:logGet(43)) - raft.server.rpc.timeout.min = 5s (custom)
2019-09-26 09:21:14,730 [pool-37-thread-1] INFO  server.RaftServerConfigKeys (ConfUtils.java:logGet(43)) - raft.server.rpc.timeout.max = 5200ms (custom)
2019-09-26 09:21:14,730 [pool-37-thread-1] INFO  server.RaftServerConfigKeys (ConfUtils.java:logGet(43)) - raft.server.rpcslowness.timeout = 120s (custom)
2019-09-26 09:21:14,730 [pool-37-thread-1] INFO  server.RaftServerConfigKeys (ConfUtils.java:logGet(43)) - raft.server.sleep.deviation.threshold = 300 (default)
2019-09-26 09:21:14,731 [pool-37-thread-1] INFO  server.RaftServerConfigKeys (ConfUtils.java:logGet(43)) - raft.server.log.appender.install.snapshot.enabled = false (custom)
2019-09-26 09:21:14,731 [pool-37-thread-1] INFO  impl.RaftServerImpl (ServerState.java:<init>(103)) - cdeec377-8f89-4dce-9b26-4d7c58a1953c@group-A4B05030DC28: ConfigurationManager, init=-1: [cdeec377-8f89-4dce-9b26-4d7c58a1953c:192.168.30.13:44126], old=null, confs=<EMPTY_MAP>
2019-09-26 09:21:14,731 [pool-37-thread-1] INFO  server.RaftServerConfigKeys (ConfUtils.java:logGet(43)) - raft.server.storage.dir = [/workdir/hadoop-ozone/integration-test/target/test-dir/MiniOzoneClusterImpl-078ea463-30a6-4c8a-a8ff-41db0515e22e/datanode-1/data/ratis] (custom)
2019-09-26 09:21:14,731 [pool-37-thread-1] INFO  storage.RaftStorageDirectory (RaftStorageDirectory.java:analyzeStorage(246)) - The storage directory /workdir/hadoop-ozone/integration-test/target/test-dir/MiniOzoneClusterImpl-078ea463-30a6-4c8a-a8ff-41db0515e22e/datanode-1/data/ratis/dabac211-5311-48bd-987e-a4b05030dc28 does not exist. Creating ...
2019-09-26 09:21:14,744 [pool-37-thread-1] INFO  storage.RaftStorageDirectory (RaftStorageDirectory.java:tryLock(328)) - Lock on /workdir/hadoop-ozone/integration-test/target/test-dir/MiniOzoneClusterImpl-078ea463-30a6-4c8a-a8ff-41db0515e22e/datanode-1/data/ratis/dabac211-5311-48bd-987e-a4b05030dc28/in_use.lock acquired by nodename 11214@pr-hdds-1569-wvzgm-824869521
2019-09-26 09:21:14,744 [5979e283-d20e-4620-920d-03c0cf6ae99c@group-82130AA66D27:LeaderElection2] INFO  impl.LeaderElection (LeaderElection.java:askForVotes(182)) - 5979e283-d20e-4620-920d-03c0cf6ae99c@group-82130AA66D27:LeaderElection2: begin an election at term 1 for -1: [5979e283-d20e-4620-920d-03c0cf6ae99c:192.168.30.13:39443], old=null
2019-09-26 09:21:14,747 [5979e283-d20e-4620-920d-03c0cf6ae99c@group-82130AA66D27:LeaderElection2] INFO  impl.RoleInfo (RoleInfo.java:shutdownLeaderElection(134)) - 5979e283-d20e-4620-920d-03c0cf6ae99c: shutdown LeaderElection
2019-09-26 09:21:14,747 [5979e283-d20e-4620-920d-03c0cf6ae99c@group-82130AA66D27:LeaderElection2] INFO  impl.RaftServerImpl (RaftServerImpl.java:setRole(174)) - 5979e283-d20e-4620-920d-03c0cf6ae99c@group-82130AA66D27: changes role from CANDIDATE to LEADER at term 1 for changeToLeader
2019-09-26 09:21:14,747 [5979e283-d20e-4620-920d-03c0cf6ae99c@group-82130AA66D27:LeaderElection2] INFO  impl.RaftServerImpl (ServerState.java:setLeader(253)) - 5979e283-d20e-4620-920d-03c0cf6ae99c@group-82130AA66D27: change Leader from null to 5979e283-d20e-4620-920d-03c0cf6ae99c at term 1 for becomeLeader, leader elected after 5040ms
2019-09-26 09:21:14,747 [5979e283-d20e-4620-920d-03c0cf6ae99c@group-82130AA66D27:LeaderElection2] INFO  server.RaftServerConfigKeys (ConfUtils.java:logGet(43)) - raft.server.staging.catchup.gap = 1000 (default)
2019-09-26 09:21:14,748 [5979e283-d20e-4620-920d-03c0cf6ae99c@group-82130AA66D27:LeaderElection2] INFO  server.RaftServerConfigKeys (ConfUtils.java:logGet(43)) - raft.server.rpc.sleep.time = 25ms (default)
2019-09-26 09:21:14,748 [5979e283-d20e-4620-920d-03c0cf6ae99c@group-82130AA66D27:LeaderElection2] INFO  server.RaftServerConfigKeys (ConfUtils.java:logGet(43)) - raft.server.write.element-limit = 4096 (default)
2019-09-26 09:21:14,748 [5979e283-d20e-4620-920d-03c0cf6ae99c@group-82130AA66D27:LeaderElection2] INFO  server.RaftServerConfigKeys (ConfUtils.java:logGet(43)) - raft.server.watch.timeout = 10s (default)
2019-09-26 09:21:14,748 [5979e283-d20e-4620-920d-03c0cf6ae99c@group-82130AA66D27:LeaderElection2] INFO  server.RaftServerConfigKeys (ConfUtils.java:logGet(43)) - raft.server.watch.timeout.denomination = 1s (default)
2019-09-26 09:21:14,748 [5979e283-d20e-4620-920d-03c0cf6ae99c@group-82130AA66D27:LeaderElection2] INFO  server.RaftServerConfigKeys (ConfUtils.java:logGet(43)) - raft.server.watch.element-limit = 65536 (default)
2019-09-26 09:21:14,751 [5979e283-d20e-4620-920d-03c0cf6ae99c@group-82130AA66D27:LeaderElection2] INFO  impl.RoleInfo (RoleInfo.java:updateAndGet(143)) - 5979e283-d20e-4620-920d-03c0cf6ae99c: start LeaderState
2019-09-26 09:21:14,751 [5979e283-d20e-4620-920d-03c0cf6ae99c@group-82130AA66D27:LeaderElection2] INFO  segmented.SegmentedRaftLogWorker (SegmentedRaftLogWorker.java:startLogSegment(380)) - 5979e283-d20e-4620-920d-03c0cf6ae99c@group-82130AA66D27-SegmentedRaftLogWorker: Starting segment from index:0
2019-09-26 09:21:14,751 [5979e283-d20e-4620-920d-03c0cf6ae99c@group-82130AA66D27:LeaderElection2] INFO  impl.RaftServerImpl (ServerState.java:setRaftConf(354)) - 5979e283-d20e-4620-920d-03c0cf6ae99c@group-82130AA66D27: set configuration 0: [5979e283-d20e-4620-920d-03c0cf6ae99c:192.168.30.13:39443], old=null at 0
2019-09-26 09:21:14,760 [pool-37-thread-1] INFO  storage.RaftStorage (RaftStorage.java:format(72)) - Storage directory /workdir/hadoop-ozone/integration-test/target/test-dir/MiniOzoneClusterImpl-078ea463-30a6-4c8a-a8ff-41db0515e22e/datanode-1/data/ratis/dabac211-5311-48bd-987e-a4b05030dc28 has been successfully formatted.
2019-09-26 09:21:14,761 [pool-37-thread-1] INFO  ratis.ContainerStateMachine (ContainerStateMachine.java:loadSnapshot(230)) - group-A4B05030DC28: The snapshot info is null. Setting the last applied indexto:(t:0, i:~)
2019-09-26 09:21:14,761 [pool-37-thread-1] INFO  server.RaftServerConfigKeys (ConfUtils.java:logGet(43)) - raft.server.notification.no-leader.timeout = 120s (custom)
2019-09-26 09:21:14,761 [pool-37-thread-1] INFO  server.RaftServerConfigKeys (ConfUtils.java:logGet(43)) - raft.server.log.use.memory = false (default)
2019-09-26 09:21:14,761 [pool-37-thread-1] INFO  server.RaftServerConfigKeys (ConfUtils.java:logGet(43)) - raft.server.log.purge.gap = 1000000 (custom)
2019-09-26 09:21:14,761 [pool-37-thread-1] INFO  server.RaftServerConfigKeys (ConfUtils.java:logGet(43)) - raft.server.log.appender.buffer.byte-limit = 33554432 (custom)
2019-09-26 09:21:14,762 [pool-37-thread-1] INFO  server.RaftServerConfigKeys (ConfUtils.java:logGet(43)) - raft.server.log.segment.size.max = 1048576 (custom)
2019-09-26 09:21:14,762 [pool-37-thread-1] INFO  server.RaftServerConfigKeys (ConfUtils.java:logGet(43)) - raft.server.log.segment.cache.num.max = 2 (custom)
2019-09-26 09:21:14,762 [pool-37-thread-1] INFO  segmented.SegmentedRaftLogWorker (SegmentedRaftLogWorker.java:<init>(172)) - new cdeec377-8f89-4dce-9b26-4d7c58a1953c@group-A4B05030DC28-SegmentedRaftLogWorker for RaftStorage:Storage Directory /workdir/hadoop-ozone/integration-test/target/test-dir/MiniOzoneClusterImpl-078ea463-30a6-4c8a-a8ff-41db0515e22e/datanode-1/data/ratis/dabac211-5311-48bd-987e-a4b05030dc28
2019-09-26 09:21:14,762 [pool-37-thread-1] INFO  server.RaftServerConfigKeys (ConfUtils.java:logGet(43)) - raft.server.log.queue.byte-limit = 2147483647 (custom)
2019-09-26 09:21:14,762 [pool-37-thread-1] INFO  server.RaftServerConfigKeys (ConfUtils.java:logGet(43)) - raft.server.log.queue.element-limit = 1024 (custom)
2019-09-26 09:21:14,762 [pool-37-thread-1] INFO  server.RaftServerConfigKeys (ConfUtils.java:logGet(43)) - raft.server.log.segment.size.max = 1048576 (custom)
2019-09-26 09:21:14,763 [pool-37-thread-1] INFO  server.RaftServerConfigKeys (ConfUtils.java:logGet(43)) - raft.server.log.preallocated.size = 16384 (custom)
2019-09-26 09:21:14,763 [pool-37-thread-1] INFO  server.RaftServerConfigKeys (ConfUtils.java:logGet(43)) - raft.server.log.write.buffer.size = 33554432 (custom)
2019-09-26 09:21:14,763 [pool-37-thread-1] INFO  server.RaftServerConfigKeys (ConfUtils.java:logGet(43)) - raft.server.log.force.sync.num = 128 (default)
2019-09-26 09:21:14,763 [pool-37-thread-1] INFO  server.RaftServerConfigKeys (ConfUtils.java:logGet(43)) - raft.server.log.statemachine.data.sync = true (default)
2019-09-26 09:21:14,763 [pool-37-thread-1] INFO  server.RaftServerConfigKeys (ConfUtils.java:logGet(43)) - raft.server.log.statemachine.data.sync.timeout = 10s (default)
2019-09-26 09:21:14,763 [pool-37-thread-1] INFO  server.RaftServerConfigKeys (ConfUtils.java:logGet(43)) - raft.server.log.statemachine.data.sync.timeout.retry = -1 (default)
2019-09-26 09:21:14,764 [pool-37-thread-1] INFO  server.RaftServerConfigKeys (ConfUtils.java:logGet(43)) - raft.server.log.statemachine.data.caching.enabled = true (custom)
2019-09-26 09:21:14,764 [pool-37-thread-1] INFO  segmented.SegmentedRaftLogWorker (SegmentedRaftLogWorker.java:lambda$new$0(132)) - cdeec377-8f89-4dce-9b26-4d7c58a1953c@group-A4B05030DC28-SegmentedRaftLogWorker: flushIndex: setUnconditionally 0 -> -1
2019-09-26 09:21:14,764 [pool-37-thread-1] INFO  server.RaftServerConfigKeys (ConfUtils.java:logGet(43)) - raft.server.snapshot.auto.trigger.enabled = true (custom)
2019-09-26 09:21:14,776 [pool-37-thread-1] INFO  server.RaftServerConfigKeys (ConfUtils.java:logGet(43)) - raft.server.snapshot.auto.trigger.threshold = 10000 (custom)
2019-09-26 09:21:14,776 [pool-37-thread-1] INFO  server.RaftServerConfigKeys (ConfUtils.java:logGet(43)) - raft.server.snapshot.retention.num.files = 5 (custom)
2019-09-26 09:21:14,777 [pool-37-thread-1] INFO  server.RaftServerConfigKeys (ConfUtils.java:logGet(43)) - raft.server.retrycache.expirytime = 600000ms (custom)
2019-09-26 09:21:14,780 [pool-37-thread-1] INFO  impl.RaftServerImpl (RaftServerImpl.java:start(185)) - cdeec377-8f89-4dce-9b26-4d7c58a1953c@group-A4B05030DC28: start as a follower, conf=-1: [cdeec377-8f89-4dce-9b26-4d7c58a1953c:192.168.30.13:44126], old=null
2019-09-26 09:21:14,780 [pool-37-thread-1] INFO  impl.RaftServerImpl (RaftServerImpl.java:setRole(174)) - cdeec377-8f89-4dce-9b26-4d7c58a1953c@group-A4B05030DC28: changes role from      null to FOLLOWER at term 0 for startAsFollower
2019-09-26 09:21:14,780 [pool-37-thread-1] INFO  impl.RoleInfo (RoleInfo.java:updateAndGet(143)) - cdeec377-8f89-4dce-9b26-4d7c58a1953c: start FollowerState
2019-09-26 09:21:14,781 [pool-37-thread-1] INFO  util.JmxRegister (JmxRegister.java:tryRegister(44)) - Successfully registered JMX Bean with object name Ratis:service=RaftServer,group=group-A4B05030DC28,id=cdeec377-8f89-4dce-9b26-4d7c58a1953c
2019-09-26 09:21:14,788 [RatisPipelineUtilsThread] INFO  pipeline.PipelineStateManager (PipelineStateManager.java:addPipeline(56)) - Created pipeline Pipeline[ Id: dabac211-5311-48bd-987e-a4b05030dc28, Nodes: cdeec377-8f89-4dce-9b26-4d7c58a1953c{ip: 192.168.30.13, host: pr-hdds-1569-wvzgm-824869521, networkLocation: /default-rack, certSerialId: null}, Type:RATIS, Factor:ONE, State:OPEN]
2019-09-26 09:21:14,788 [RatisPipelineUtilsThread] INFO  pipeline.PipelinePlacementPolicy (PipelinePlacementPolicy.java:meetCriteria(91)) - Pipeline Placement: can't place more pipeline on heavy datanode： cdeec377-8f89-4dce-9b26-4d7c58a1953c Heaviness: 6 limit: 5
2019-09-26 09:21:14,788 [RatisPipelineUtilsThread] INFO  pipeline.PipelinePlacementPolicy (PipelinePlacementPolicy.java:meetCriteria(91)) - Pipeline Placement: can't place more pipeline on heavy datanode： 1dec72e7-0344-4894-a47b-48d961c58f71 Heaviness: 6 limit: 5
2019-09-26 09:21:14,799 [grpc-default-executor-0] INFO  impl.RaftServerProxy (RaftServerProxy.java:addNew(89)) - 5979e283-d20e-4620-920d-03c0cf6ae99c: addNew group-618CAA48B95D:[5979e283-d20e-4620-920d-03c0cf6ae99c:192.168.30.13:39443] returns group-618CAA48B95D:java.util.concurrent.CompletableFuture@77a9d1ab[Not completed]
2019-09-26 09:21:14,800 [pool-87-thread-1] INFO  impl.RaftServerImpl (RaftServerImpl.java:<init>(95)) - 5979e283-d20e-4620-920d-03c0cf6ae99c: new RaftServerImpl for group-618CAA48B95D:[5979e283-d20e-4620-920d-03c0cf6ae99c:192.168.30.13:39443] with ContainerStateMachine:uninitialized
2019-09-26 09:21:14,800 [pool-87-thread-1] INFO  server.RaftServerConfigKeys (ConfUtils.java:logGet(43)) - raft.server.rpc.timeout.min = 5s (custom)
2019-09-26 09:21:14,801 [pool-87-thread-1] INFO  server.RaftServerConfigKeys (ConfUtils.java:logGet(43)) - raft.server.rpc.timeout.max = 5200ms (custom)
2019-09-26 09:21:14,801 [pool-87-thread-1] INFO  server.RaftServerConfigKeys (ConfUtils.java:logGet(43)) - raft.server.rpcslowness.timeout = 120s (custom)
2019-09-26 09:21:14,801 [pool-87-thread-1] INFO  server.RaftServerConfigKeys (ConfUtils.java:logGet(43)) - raft.server.sleep.deviation.threshold = 300 (default)
2019-09-26 09:21:14,801 [pool-87-thread-1] INFO  server.RaftServerConfigKeys (ConfUtils.java:logGet(43)) - raft.server.log.appender.install.snapshot.enabled = false (custom)
2019-09-26 09:21:14,801 [pool-87-thread-1] INFO  impl.RaftServerImpl (ServerState.java:<init>(103)) - 5979e283-d20e-4620-920d-03c0cf6ae99c@group-618CAA48B95D: ConfigurationManager, init=-1: [5979e283-d20e-4620-920d-03c0cf6ae99c:192.168.30.13:39443], old=null, confs=<EMPTY_MAP>
2019-09-26 09:21:14,801 [pool-87-thread-1] INFO  server.RaftServerConfigKeys (ConfUtils.java:logGet(43)) - raft.server.storage.dir = [/workdir/hadoop-ozone/integration-test/target/test-dir/MiniOzoneClusterImpl-078ea463-30a6-4c8a-a8ff-41db0515e22e/datanode-6/data/ratis] (custom)
2019-09-26 09:21:14,801 [pool-87-thread-1] INFO  storage.RaftStorageDirectory (RaftStorageDirectory.java:analyzeStorage(246)) - The storage directory /workdir/hadoop-ozone/integration-test/target/test-dir/MiniOzoneClusterImpl-078ea463-30a6-4c8a-a8ff-41db0515e22e/datanode-6/data/ratis/d239c4ad-4e29-469c-9ab9-618caa48b95d does not exist. Creating ...
2019-09-26 09:21:14,814 [pool-87-thread-1] INFO  storage.RaftStorageDirectory (RaftStorageDirectory.java:tryLock(328)) - Lock on /workdir/hadoop-ozone/integration-test/target/test-dir/MiniOzoneClusterImpl-078ea463-30a6-4c8a-a8ff-41db0515e22e/datanode-6/data/ratis/d239c4ad-4e29-469c-9ab9-618caa48b95d/in_use.lock acquired by nodename 11214@pr-hdds-1569-wvzgm-824869521
2019-09-26 09:21:14,827 [pool-87-thread-1] INFO  storage.RaftStorage (RaftStorage.java:format(72)) - Storage directory /workdir/hadoop-ozone/integration-test/target/test-dir/MiniOzoneClusterImpl-078ea463-30a6-4c8a-a8ff-41db0515e22e/datanode-6/data/ratis/d239c4ad-4e29-469c-9ab9-618caa48b95d has been successfully formatted.
2019-09-26 09:21:14,828 [pool-87-thread-1] INFO  ratis.ContainerStateMachine (ContainerStateMachine.java:loadSnapshot(230)) - group-618CAA48B95D: The snapshot info is null. Setting the last applied indexto:(t:0, i:~)
2019-09-26 09:21:14,828 [pool-87-thread-1] INFO  server.RaftServerConfigKeys (ConfUtils.java:logGet(43)) - raft.server.notification.no-leader.timeout = 120s (custom)
2019-09-26 09:21:14,828 [pool-87-thread-1] INFO  server.RaftServerConfigKeys (ConfUtils.java:logGet(43)) - raft.server.log.use.memory = false (default)
2019-09-26 09:21:14,828 [pool-87-thread-1] INFO  server.RaftServerConfigKeys (ConfUtils.java:logGet(43)) - raft.server.log.purge.gap = 1000000 (custom)
2019-09-26 09:21:14,828 [pool-87-thread-1] INFO  server.RaftServerConfigKeys (ConfUtils.java:logGet(43)) - raft.server.log.appender.buffer.byte-limit = 33554432 (custom)
2019-09-26 09:21:14,828 [pool-87-thread-1] INFO  server.RaftServerConfigKeys (ConfUtils.java:logGet(43)) - raft.server.log.segment.size.max = 1048576 (custom)
2019-09-26 09:21:14,828 [pool-87-thread-1] INFO  server.RaftServerConfigKeys (ConfUtils.java:logGet(43)) - raft.server.log.segment.cache.num.max = 2 (custom)
2019-09-26 09:21:14,828 [pool-87-thread-1] INFO  segmented.SegmentedRaftLogWorker (SegmentedRaftLogWorker.java:<init>(172)) - new 5979e283-d20e-4620-920d-03c0cf6ae99c@group-618CAA48B95D-SegmentedRaftLogWorker for RaftStorage:Storage Directory /workdir/hadoop-ozone/integration-test/target/test-dir/MiniOzoneClusterImpl-078ea463-30a6-4c8a-a8ff-41db0515e22e/datanode-6/data/ratis/d239c4ad-4e29-469c-9ab9-618caa48b95d
2019-09-26 09:21:14,828 [pool-87-thread-1] INFO  server.RaftServerConfigKeys (ConfUtils.java:logGet(43)) - raft.server.log.queue.byte-limit = 2147483647 (custom)
2019-09-26 09:21:14,828 [pool-87-thread-1] INFO  server.RaftServerConfigKeys (ConfUtils.java:logGet(43)) - raft.server.log.queue.element-limit = 1024 (custom)
2019-09-26 09:21:14,829 [pool-87-thread-1] INFO  server.RaftServerConfigKeys (ConfUtils.java:logGet(43)) - raft.server.log.segment.size.max = 1048576 (custom)
2019-09-26 09:21:14,829 [pool-87-thread-1] INFO  server.RaftServerConfigKeys (ConfUtils.java:logGet(43)) - raft.server.log.preallocated.size = 16384 (custom)
2019-09-26 09:21:14,829 [pool-87-thread-1] INFO  server.RaftServerConfigKeys (ConfUtils.java:logGet(43)) - raft.server.log.write.buffer.size = 33554432 (custom)
2019-09-26 09:21:14,829 [pool-87-thread-1] INFO  server.RaftServerConfigKeys (ConfUtils.java:logGet(43)) - raft.server.log.force.sync.num = 128 (default)
2019-09-26 09:21:14,829 [pool-87-thread-1] INFO  server.RaftServerConfigKeys (ConfUtils.java:logGet(43)) - raft.server.log.statemachine.data.sync = true (default)
2019-09-26 09:21:14,829 [pool-87-thread-1] INFO  server.RaftServerConfigKeys (ConfUtils.java:logGet(43)) - raft.server.log.statemachine.data.sync.timeout = 10s (default)
2019-09-26 09:21:14,829 [pool-87-thread-1] INFO  server.RaftServerConfigKeys (ConfUtils.java:logGet(43)) - raft.server.log.statemachine.data.sync.timeout.retry = -1 (default)
2019-09-26 09:21:14,829 [pool-87-thread-1] INFO  server.RaftServerConfigKeys (ConfUtils.java:logGet(43)) - raft.server.log.statemachine.data.caching.enabled = true (custom)
2019-09-26 09:21:14,829 [pool-87-thread-1] INFO  segmented.SegmentedRaftLogWorker (SegmentedRaftLogWorker.java:lambda$new$0(132)) - 5979e283-d20e-4620-920d-03c0cf6ae99c@group-618CAA48B95D-SegmentedRaftLogWorker: flushIndex: setUnconditionally 0 -> -1
2019-09-26 09:21:14,830 [pool-87-thread-1] INFO  server.RaftServerConfigKeys (ConfUtils.java:logGet(43)) - raft.server.snapshot.auto.trigger.enabled = true (custom)
2019-09-26 09:21:14,830 [pool-87-thread-1] INFO  server.RaftServerConfigKeys (ConfUtils.java:logGet(43)) - raft.server.snapshot.auto.trigger.threshold = 10000 (custom)
2019-09-26 09:21:14,830 [pool-87-thread-1] INFO  server.RaftServerConfigKeys (ConfUtils.java:logGet(43)) - raft.server.snapshot.retention.num.files = 5 (custom)
2019-09-26 09:21:14,830 [pool-87-thread-1] INFO  server.RaftServerConfigKeys (ConfUtils.java:logGet(43)) - raft.server.retrycache.expirytime = 600000ms (custom)
2019-09-26 09:21:14,832 [pool-87-thread-1] INFO  impl.RaftServerImpl (RaftServerImpl.java:start(185)) - 5979e283-d20e-4620-920d-03c0cf6ae99c@group-618CAA48B95D: start as a follower, conf=-1: [5979e283-d20e-4620-920d-03c0cf6ae99c:192.168.30.13:39443], old=null
2019-09-26 09:21:14,832 [pool-87-thread-1] INFO  impl.RaftServerImpl (RaftServerImpl.java:setRole(174)) - 5979e283-d20e-4620-920d-03c0cf6ae99c@group-618CAA48B95D: changes role from      null to FOLLOWER at term 0 for startAsFollower
2019-09-26 09:21:14,832 [pool-87-thread-1] INFO  impl.RoleInfo (RoleInfo.java:updateAndGet(143)) - 5979e283-d20e-4620-920d-03c0cf6ae99c: start FollowerState
2019-09-26 09:21:14,832 [pool-87-thread-1] INFO  util.JmxRegister (JmxRegister.java:tryRegister(44)) - Successfully registered JMX Bean with object name Ratis:service=RaftServer,group=group-618CAA48B95D,id=5979e283-d20e-4620-920d-03c0cf6ae99c
2019-09-26 09:21:14,838 [RatisPipelineUtilsThread] INFO  pipeline.PipelineStateManager (PipelineStateManager.java:addPipeline(56)) - Created pipeline Pipeline[ Id: d239c4ad-4e29-469c-9ab9-618caa48b95d, Nodes: 5979e283-d20e-4620-920d-03c0cf6ae99c{ip: 192.168.30.13, host: pr-hdds-1569-wvzgm-824869521, networkLocation: /default-rack, certSerialId: null}, Type:RATIS, Factor:ONE, State:OPEN]
2019-09-26 09:21:14,839 [RatisPipelineUtilsThread] INFO  pipeline.PipelinePlacementPolicy (PipelinePlacementPolicy.java:meetCriteria(91)) - Pipeline Placement: can't place more pipeline on heavy datanode： cdeec377-8f89-4dce-9b26-4d7c58a1953c Heaviness: 6 limit: 5
2019-09-26 09:21:14,839 [RatisPipelineUtilsThread] INFO  pipeline.PipelinePlacementPolicy (PipelinePlacementPolicy.java:meetCriteria(91)) - Pipeline Placement: can't place more pipeline on heavy datanode： 1dec72e7-0344-4894-a47b-48d961c58f71 Heaviness: 6 limit: 5
2019-09-26 09:21:14,855 [grpc-default-executor-0] INFO  impl.RaftServerProxy (RaftServerProxy.java:addNew(89)) - 1b34dbd2-a2d7-46bc-b57d-04f62019dff1: addNew group-0E8FD9C0D1FC:[1b34dbd2-a2d7-46bc-b57d-04f62019dff1:192.168.30.13:39221] returns group-0E8FD9C0D1FC:java.util.concurrent.CompletableFuture@47246c8e[Not completed]
2019-09-26 09:21:14,857 [pool-47-thread-1] INFO  impl.RaftServerImpl (RaftServerImpl.java:<init>(95)) - 1b34dbd2-a2d7-46bc-b57d-04f62019dff1: new RaftServerImpl for group-0E8FD9C0D1FC:[1b34dbd2-a2d7-46bc-b57d-04f62019dff1:192.168.30.13:39221] with ContainerStateMachine:uninitialized
2019-09-26 09:21:14,857 [pool-47-thread-1] INFO  server.RaftServerConfigKeys (ConfUtils.java:logGet(43)) - raft.server.rpc.timeout.min = 5s (custom)
2019-09-26 09:21:14,857 [pool-47-thread-1] INFO  server.RaftServerConfigKeys (ConfUtils.java:logGet(43)) - raft.server.rpc.timeout.max = 5200ms (custom)
2019-09-26 09:21:14,857 [pool-47-thread-1] INFO  server.RaftServerConfigKeys (ConfUtils.java:logGet(43)) - raft.server.rpcslowness.timeout = 120s (custom)
2019-09-26 09:21:14,857 [pool-47-thread-1] INFO  server.RaftServerConfigKeys (ConfUtils.java:logGet(43)) - raft.server.sleep.deviation.threshold = 300 (default)
2019-09-26 09:21:14,857 [pool-47-thread-1] INFO  server.RaftServerConfigKeys (ConfUtils.java:logGet(43)) - raft.server.log.appender.install.snapshot.enabled = false (custom)
2019-09-26 09:21:14,857 [pool-47-thread-1] INFO  impl.RaftServerImpl (ServerState.java:<init>(103)) - 1b34dbd2-a2d7-46bc-b57d-04f62019dff1@group-0E8FD9C0D1FC: ConfigurationManager, init=-1: [1b34dbd2-a2d7-46bc-b57d-04f62019dff1:192.168.30.13:39221], old=null, confs=<EMPTY_MAP>
2019-09-26 09:21:14,858 [pool-47-thread-1] INFO  server.RaftServerConfigKeys (ConfUtils.java:logGet(43)) - raft.server.storage.dir = [/workdir/hadoop-ozone/integration-test/target/test-dir/MiniOzoneClusterImpl-078ea463-30a6-4c8a-a8ff-41db0515e22e/datanode-2/data/ratis] (custom)
2019-09-26 09:21:14,858 [pool-47-thread-1] INFO  storage.RaftStorageDirectory (RaftStorageDirectory.java:analyzeStorage(246)) - The storage directory /workdir/hadoop-ozone/integration-test/target/test-dir/MiniOzoneClusterImpl-078ea463-30a6-4c8a-a8ff-41db0515e22e/datanode-2/data/ratis/7ad7e316-387c-4716-9899-0e8fd9c0d1fc does not exist. Creating ...
2019-09-26 09:21:14,878 [pool-47-thread-1] INFO  storage.RaftStorageDirectory (RaftStorageDirectory.java:tryLock(328)) - Lock on /workdir/hadoop-ozone/integration-test/target/test-dir/MiniOzoneClusterImpl-078ea463-30a6-4c8a-a8ff-41db0515e22e/datanode-2/data/ratis/7ad7e316-387c-4716-9899-0e8fd9c0d1fc/in_use.lock acquired by nodename 11214@pr-hdds-1569-wvzgm-824869521
2019-09-26 09:21:14,892 [pool-47-thread-1] INFO  storage.RaftStorage (RaftStorage.java:format(72)) - Storage directory /workdir/hadoop-ozone/integration-test/target/test-dir/MiniOzoneClusterImpl-078ea463-30a6-4c8a-a8ff-41db0515e22e/datanode-2/data/ratis/7ad7e316-387c-4716-9899-0e8fd9c0d1fc has been successfully formatted.
2019-09-26 09:21:14,892 [pool-47-thread-1] INFO  ratis.ContainerStateMachine (ContainerStateMachine.java:loadSnapshot(230)) - group-0E8FD9C0D1FC: The snapshot info is null. Setting the last applied indexto:(t:0, i:~)
2019-09-26 09:21:14,892 [pool-47-thread-1] INFO  server.RaftServerConfigKeys (ConfUtils.java:logGet(43)) - raft.server.notification.no-leader.timeout = 120s (custom)
2019-09-26 09:21:14,892 [pool-47-thread-1] INFO  server.RaftServerConfigKeys (ConfUtils.java:logGet(43)) - raft.server.log.use.memory = false (default)
2019-09-26 09:21:14,892 [pool-47-thread-1] INFO  server.RaftServerConfigKeys (ConfUtils.java:logGet(43)) - raft.server.log.purge.gap = 1000000 (custom)
2019-09-26 09:21:14,892 [pool-47-thread-1] INFO  server.RaftServerConfigKeys (ConfUtils.java:logGet(43)) - raft.server.log.appender.buffer.byte-limit = 33554432 (custom)
2019-09-26 09:21:14,893 [pool-47-thread-1] INFO  server.RaftServerConfigKeys (ConfUtils.java:logGet(43)) - raft.server.log.segment.size.max = 1048576 (custom)
2019-09-26 09:21:14,893 [pool-47-thread-1] INFO  server.RaftServerConfigKeys (ConfUtils.java:logGet(43)) - raft.server.log.segment.cache.num.max = 2 (custom)
2019-09-26 09:21:14,893 [pool-47-thread-1] INFO  segmented.SegmentedRaftLogWorker (SegmentedRaftLogWorker.java:<init>(172)) - new 1b34dbd2-a2d7-46bc-b57d-04f62019dff1@group-0E8FD9C0D1FC-SegmentedRaftLogWorker for RaftStorage:Storage Directory /workdir/hadoop-ozone/integration-test/target/test-dir/MiniOzoneClusterImpl-078ea463-30a6-4c8a-a8ff-41db0515e22e/datanode-2/data/ratis/7ad7e316-387c-4716-9899-0e8fd9c0d1fc
2019-09-26 09:21:14,893 [pool-47-thread-1] INFO  server.RaftServerConfigKeys (ConfUtils.java:logGet(43)) - raft.server.log.queue.byte-limit = 2147483647 (custom)
2019-09-26 09:21:14,893 [pool-47-thread-1] INFO  server.RaftServerConfigKeys (ConfUtils.java:logGet(43)) - raft.server.log.queue.element-limit = 1024 (custom)
2019-09-26 09:21:14,893 [pool-47-thread-1] INFO  server.RaftServerConfigKeys (ConfUtils.java:logGet(43)) - raft.server.log.segment.size.max = 1048576 (custom)
2019-09-26 09:21:14,893 [pool-47-thread-1] INFO  server.RaftServerConfigKeys (ConfUtils.java:logGet(43)) - raft.server.log.preallocated.size = 16384 (custom)
2019-09-26 09:21:14,894 [pool-47-thread-1] INFO  server.RaftServerConfigKeys (ConfUtils.java:logGet(43)) - raft.server.log.write.buffer.size = 33554432 (custom)
2019-09-26 09:21:14,894 [pool-47-thread-1] INFO  server.RaftServerConfigKeys (ConfUtils.java:logGet(43)) - raft.server.log.force.sync.num = 128 (default)
2019-09-26 09:21:14,894 [pool-47-thread-1] INFO  server.RaftServerConfigKeys (ConfUtils.java:logGet(43)) - raft.server.log.statemachine.data.sync = true (default)
2019-09-26 09:21:14,894 [pool-47-thread-1] INFO  server.RaftServerConfigKeys (ConfUtils.java:logGet(43)) - raft.server.log.statemachine.data.sync.timeout = 10s (default)
2019-09-26 09:21:14,894 [pool-47-thread-1] INFO  server.RaftServerConfigKeys (ConfUtils.java:logGet(43)) - raft.server.log.statemachine.data.sync.timeout.retry = -1 (default)
2019-09-26 09:21:14,894 [pool-47-thread-1] INFO  server.RaftServerConfigKeys (ConfUtils.java:logGet(43)) - raft.server.log.statemachine.data.caching.enabled = true (custom)
2019-09-26 09:21:14,895 [pool-47-thread-1] INFO  segmented.SegmentedRaftLogWorker (SegmentedRaftLogWorker.java:lambda$new$0(132)) - 1b34dbd2-a2d7-46bc-b57d-04f62019dff1@group-0E8FD9C0D1FC-SegmentedRaftLogWorker: flushIndex: setUnconditionally 0 -> -1
2019-09-26 09:21:14,895 [pool-47-thread-1] INFO  server.RaftServerConfigKeys (ConfUtils.java:logGet(43)) - raft.server.snapshot.auto.trigger.enabled = true (custom)
2019-09-26 09:21:14,895 [pool-47-thread-1] INFO  server.RaftServerConfigKeys (ConfUtils.java:logGet(43)) - raft.server.snapshot.auto.trigger.threshold = 10000 (custom)
2019-09-26 09:21:14,895 [pool-47-thread-1] INFO  server.RaftServerConfigKeys (ConfUtils.java:logGet(43)) - raft.server.snapshot.retention.num.files = 5 (custom)
2019-09-26 09:21:14,895 [pool-47-thread-1] INFO  server.RaftServerConfigKeys (ConfUtils.java:logGet(43)) - raft.server.retrycache.expirytime = 600000ms (custom)
2019-09-26 09:21:14,898 [pool-47-thread-1] INFO  impl.RaftServerImpl (RaftServerImpl.java:start(185)) - 1b34dbd2-a2d7-46bc-b57d-04f62019dff1@group-0E8FD9C0D1FC: start as a follower, conf=-1: [1b34dbd2-a2d7-46bc-b57d-04f62019dff1:192.168.30.13:39221], old=null
2019-09-26 09:21:14,898 [pool-47-thread-1] INFO  impl.RaftServerImpl (RaftServerImpl.java:setRole(174)) - 1b34dbd2-a2d7-46bc-b57d-04f62019dff1@group-0E8FD9C0D1FC: changes role from      null to FOLLOWER at term 0 for startAsFollower
2019-09-26 09:21:14,898 [pool-47-thread-1] INFO  impl.RoleInfo (RoleInfo.java:updateAndGet(143)) - 1b34dbd2-a2d7-46bc-b57d-04f62019dff1: start FollowerState
2019-09-26 09:21:14,898 [pool-47-thread-1] INFO  util.JmxRegister (JmxRegister.java:tryRegister(44)) - Successfully registered JMX Bean with object name Ratis:service=RaftServer,group=group-0E8FD9C0D1FC,id=1b34dbd2-a2d7-46bc-b57d-04f62019dff1
2019-09-26 09:21:14,905 [RatisPipelineUtilsThread] INFO  pipeline.PipelineStateManager (PipelineStateManager.java:addPipeline(56)) - Created pipeline Pipeline[ Id: 7ad7e316-387c-4716-9899-0e8fd9c0d1fc, Nodes: 1b34dbd2-a2d7-46bc-b57d-04f62019dff1{ip: 192.168.30.13, host: pr-hdds-1569-wvzgm-824869521, networkLocation: /default-rack, certSerialId: null}, Type:RATIS, Factor:ONE, State:OPEN]
2019-09-26 09:21:14,905 [RatisPipelineUtilsThread] INFO  pipeline.PipelinePlacementPolicy (PipelinePlacementPolicy.java:meetCriteria(91)) - Pipeline Placement: can't place more pipeline on heavy datanode： cdeec377-8f89-4dce-9b26-4d7c58a1953c Heaviness: 6 limit: 5
2019-09-26 09:21:14,905 [RatisPipelineUtilsThread] INFO  pipeline.PipelinePlacementPolicy (PipelinePlacementPolicy.java:meetCriteria(91)) - Pipeline Placement: can't place more pipeline on heavy datanode： 1dec72e7-0344-4894-a47b-48d961c58f71 Heaviness: 6 limit: 5
2019-09-26 09:21:14,927 [Thread-291] INFO  impl.FollowerState (FollowerState.java:run(106)) - 5979e283-d20e-4620-920d-03c0cf6ae99c:group-F1F68242DD47 changes to CANDIDATE, lastRpcTime:5128, electionTimeout:5121ms
2019-09-26 09:21:14,927 [Thread-291] INFO  impl.RoleInfo (RoleInfo.java:shutdownFollowerState(121)) - 5979e283-d20e-4620-920d-03c0cf6ae99c: shutdown FollowerState
2019-09-26 09:21:14,927 [Thread-291] INFO  impl.RaftServerImpl (RaftServerImpl.java:setRole(174)) - 5979e283-d20e-4620-920d-03c0cf6ae99c@group-F1F68242DD47: changes role from  FOLLOWER to CANDIDATE at term 0 for changeToCandidate
2019-09-26 09:21:14,928 [grpc-default-executor-0] INFO  impl.RaftServerProxy (RaftServerProxy.java:addNew(89)) - 1b34dbd2-a2d7-46bc-b57d-04f62019dff1: addNew group-8D7CD98D8EEA:[1b34dbd2-a2d7-46bc-b57d-04f62019dff1:192.168.30.13:39221] returns group-8D7CD98D8EEA:java.util.concurrent.CompletableFuture@892ce13[Not completed]
2019-09-26 09:21:14,928 [Thread-291] INFO  impl.RoleInfo (RoleInfo.java:updateAndGet(143)) - 5979e283-d20e-4620-920d-03c0cf6ae99c: start LeaderElection
2019-09-26 09:21:14,970 [pool-47-thread-1] INFO  impl.RaftServerImpl (RaftServerImpl.java:<init>(95)) - 1b34dbd2-a2d7-46bc-b57d-04f62019dff1: new RaftServerImpl for group-8D7CD98D8EEA:[1b34dbd2-a2d7-46bc-b57d-04f62019dff1:192.168.30.13:39221] with ContainerStateMachine:uninitialized
2019-09-26 09:21:14,970 [pool-47-thread-1] INFO  server.RaftServerConfigKeys (ConfUtils.java:logGet(43)) - raft.server.rpc.timeout.min = 5s (custom)
2019-09-26 09:21:14,970 [pool-47-thread-1] INFO  server.RaftServerConfigKeys (ConfUtils.java:logGet(43)) - raft.server.rpc.timeout.max = 5200ms (custom)
2019-09-26 09:21:14,970 [pool-47-thread-1] INFO  server.RaftServerConfigKeys (ConfUtils.java:logGet(43)) - raft.server.rpcslowness.timeout = 120s (custom)
2019-09-26 09:21:14,970 [pool-47-thread-1] INFO  server.RaftServerConfigKeys (ConfUtils.java:logGet(43)) - raft.server.sleep.deviation.threshold = 300 (default)
2019-09-26 09:21:14,970 [pool-47-thread-1] INFO  server.RaftServerConfigKeys (ConfUtils.java:logGet(43)) - raft.server.log.appender.install.snapshot.enabled = false (custom)
2019-09-26 09:21:14,971 [pool-47-thread-1] INFO  impl.RaftServerImpl (ServerState.java:<init>(103)) - 1b34dbd2-a2d7-46bc-b57d-04f62019dff1@group-8D7CD98D8EEA: ConfigurationManager, init=-1: [1b34dbd2-a2d7-46bc-b57d-04f62019dff1:192.168.30.13:39221], old=null, confs=<EMPTY_MAP>
2019-09-26 09:21:14,971 [pool-47-thread-1] INFO  server.RaftServerConfigKeys (ConfUtils.java:logGet(43)) - raft.server.storage.dir = [/workdir/hadoop-ozone/integration-test/target/test-dir/MiniOzoneClusterImpl-078ea463-30a6-4c8a-a8ff-41db0515e22e/datanode-2/data/ratis] (custom)
2019-09-26 09:21:14,971 [pool-47-thread-1] INFO  storage.RaftStorageDirectory (RaftStorageDirectory.java:analyzeStorage(246)) - The storage directory /workdir/hadoop-ozone/integration-test/target/test-dir/MiniOzoneClusterImpl-078ea463-30a6-4c8a-a8ff-41db0515e22e/datanode-2/data/ratis/c8e92ca3-dba3-426e-af69-8d7cd98d8eea does not exist. Creating ...
2019-09-26 09:21:14,983 [pool-47-thread-1] INFO  storage.RaftStorageDirectory (RaftStorageDirectory.java:tryLock(328)) - Lock on /workdir/hadoop-ozone/integration-test/target/test-dir/MiniOzoneClusterImpl-078ea463-30a6-4c8a-a8ff-41db0515e22e/datanode-2/data/ratis/c8e92ca3-dba3-426e-af69-8d7cd98d8eea/in_use.lock acquired by nodename 11214@pr-hdds-1569-wvzgm-824869521
2019-09-26 09:21:14,983 [5979e283-d20e-4620-920d-03c0cf6ae99c@group-82130AA66D27-SegmentedRaftLogWorker] INFO  segmented.SegmentedRaftLogWorker (SegmentedRaftLogWorker.java:execute(569)) - 5979e283-d20e-4620-920d-03c0cf6ae99c@group-82130AA66D27-SegmentedRaftLogWorker: created new log segment /workdir/hadoop-ozone/integration-test/target/test-dir/MiniOzoneClusterImpl-078ea463-30a6-4c8a-a8ff-41db0515e22e/datanode-6/data/ratis/4f8b0e20-d653-4b59-9008-82130aa66d27/current/log_inprogress_0
2019-09-26 09:21:14,983 [5979e283-d20e-4620-920d-03c0cf6ae99c@group-F1F68242DD47:LeaderElection3] INFO  impl.LeaderElection (LeaderElection.java:askForVotes(182)) - 5979e283-d20e-4620-920d-03c0cf6ae99c@group-F1F68242DD47:LeaderElection3: begin an election at term 1 for -1: [5979e283-d20e-4620-920d-03c0cf6ae99c:192.168.30.13:39443], old=null
2019-09-26 09:21:14,983 [1dec72e7-0344-4894-a47b-48d961c58f71@group-0B538ED47570-SegmentedRaftLogWorker] INFO  segmented.SegmentedRaftLogWorker (SegmentedRaftLogWorker.java:execute(569)) - 1dec72e7-0344-4894-a47b-48d961c58f71@group-0B538ED47570-SegmentedRaftLogWorker: created new log segment /workdir/hadoop-ozone/integration-test/target/test-dir/MiniOzoneClusterImpl-078ea463-30a6-4c8a-a8ff-41db0515e22e/datanode-0/data/ratis/72152422-239e-44fd-90c9-0b538ed47570/current/log_inprogress_0
2019-09-26 09:21:14,983 [5979e283-d20e-4620-920d-03c0cf6ae99c@group-F1F68242DD47:LeaderElection3] INFO  impl.RoleInfo (RoleInfo.java:shutdownLeaderElection(134)) - 5979e283-d20e-4620-920d-03c0cf6ae99c: shutdown LeaderElection
2019-09-26 09:21:14,984 [5979e283-d20e-4620-920d-03c0cf6ae99c@group-F1F68242DD47:LeaderElection3] INFO  impl.RaftServerImpl (RaftServerImpl.java:setRole(174)) - 5979e283-d20e-4620-920d-03c0cf6ae99c@group-F1F68242DD47: changes role from CANDIDATE to LEADER at term 1 for changeToLeader
2019-09-26 09:21:14,984 [5979e283-d20e-4620-920d-03c0cf6ae99c@group-F1F68242DD47:LeaderElection3] INFO  impl.RaftServerImpl (ServerState.java:setLeader(253)) - 5979e283-d20e-4620-920d-03c0cf6ae99c@group-F1F68242DD47: change Leader from null to 5979e283-d20e-4620-920d-03c0cf6ae99c at term 1 for becomeLeader, leader elected after 5192ms
2019-09-26 09:21:14,984 [5979e283-d20e-4620-920d-03c0cf6ae99c@group-F1F68242DD47:LeaderElection3] INFO  server.RaftServerConfigKeys (ConfUtils.java:logGet(43)) - raft.server.staging.catchup.gap = 1000 (default)
2019-09-26 09:21:14,984 [5979e283-d20e-4620-920d-03c0cf6ae99c@group-F1F68242DD47:LeaderElection3] INFO  server.RaftServerConfigKeys (ConfUtils.java:logGet(43)) - raft.server.rpc.sleep.time = 25ms (default)
2019-09-26 09:21:14,984 [5979e283-d20e-4620-920d-03c0cf6ae99c@group-F1F68242DD47:LeaderElection3] INFO  server.RaftServerConfigKeys (ConfUtils.java:logGet(43)) - raft.server.write.element-limit = 4096 (default)
2019-09-26 09:21:14,984 [5979e283-d20e-4620-920d-03c0cf6ae99c@group-F1F68242DD47:LeaderElection3] INFO  server.RaftServerConfigKeys (ConfUtils.java:logGet(43)) - raft.server.watch.timeout = 10s (default)
2019-09-26 09:21:14,984 [5979e283-d20e-4620-920d-03c0cf6ae99c@group-F1F68242DD47:LeaderElection3] INFO  server.RaftServerConfigKeys (ConfUtils.java:logGet(43)) - raft.server.watch.timeout.denomination = 1s (default)
2019-09-26 09:21:14,985 [5979e283-d20e-4620-920d-03c0cf6ae99c@group-F1F68242DD47:LeaderElection3] INFO  server.RaftServerConfigKeys (ConfUtils.java:logGet(43)) - raft.server.watch.element-limit = 65536 (default)
2019-09-26 09:21:14,988 [5979e283-d20e-4620-920d-03c0cf6ae99c@group-F1F68242DD47:LeaderElection3] INFO  impl.RoleInfo (RoleInfo.java:updateAndGet(143)) - 5979e283-d20e-4620-920d-03c0cf6ae99c: start LeaderState
2019-09-26 09:21:14,988 [5979e283-d20e-4620-920d-03c0cf6ae99c@group-F1F68242DD47:LeaderElection3] INFO  segmented.SegmentedRaftLogWorker (SegmentedRaftLogWorker.java:startLogSegment(380)) - 5979e283-d20e-4620-920d-03c0cf6ae99c@group-F1F68242DD47-SegmentedRaftLogWorker: Starting segment from index:0
2019-09-26 09:21:14,989 [5979e283-d20e-4620-920d-03c0cf6ae99c@group-F1F68242DD47:LeaderElection3] INFO  impl.RaftServerImpl (ServerState.java:setRaftConf(354)) - 5979e283-d20e-4620-920d-03c0cf6ae99c@group-F1F68242DD47: set configuration 0: [5979e283-d20e-4620-920d-03c0cf6ae99c:192.168.30.13:39443], old=null at 0
2019-09-26 09:21:15,015 [pool-47-thread-1] INFO  storage.RaftStorage (RaftStorage.java:format(72)) - Storage directory /workdir/hadoop-ozone/integration-test/target/test-dir/MiniOzoneClusterImpl-078ea463-30a6-4c8a-a8ff-41db0515e22e/datanode-2/data/ratis/c8e92ca3-dba3-426e-af69-8d7cd98d8eea has been successfully formatted.
2019-09-26 09:21:15,015 [Thread-294] INFO  impl.FollowerState (FollowerState.java:run(106)) - cdeec377-8f89-4dce-9b26-4d7c58a1953c:group-6C124EDC7595 changes to CANDIDATE, lastRpcTime:5044, electionTimeout:5019ms
2019-09-26 09:21:15,015 [pool-47-thread-1] INFO  ratis.ContainerStateMachine (ContainerStateMachine.java:loadSnapshot(230)) - group-8D7CD98D8EEA: The snapshot info is null. Setting the last applied indexto:(t:0, i:~)
2019-09-26 09:21:15,015 [Thread-294] INFO  impl.RoleInfo (RoleInfo.java:shutdownFollowerState(121)) - cdeec377-8f89-4dce-9b26-4d7c58a1953c: shutdown FollowerState
2019-09-26 09:21:15,015 [pool-47-thread-1] INFO  server.RaftServerConfigKeys (ConfUtils.java:logGet(43)) - raft.server.notification.no-leader.timeout = 120s (custom)
2019-09-26 09:21:15,015 [Thread-294] INFO  impl.RaftServerImpl (RaftServerImpl.java:setRole(174)) - cdeec377-8f89-4dce-9b26-4d7c58a1953c@group-6C124EDC7595: changes role from  FOLLOWER to CANDIDATE at term 0 for changeToCandidate
2019-09-26 09:21:15,016 [pool-47-thread-1] INFO  server.RaftServerConfigKeys (ConfUtils.java:logGet(43)) - raft.server.log.use.memory = false (default)
2019-09-26 09:21:15,016 [Thread-294] INFO  impl.RoleInfo (RoleInfo.java:updateAndGet(143)) - cdeec377-8f89-4dce-9b26-4d7c58a1953c: start LeaderElection
2019-09-26 09:21:15,016 [pool-47-thread-1] INFO  server.RaftServerConfigKeys (ConfUtils.java:logGet(43)) - raft.server.log.purge.gap = 1000000 (custom)
2019-09-26 09:21:15,016 [pool-47-thread-1] INFO  server.RaftServerConfigKeys (ConfUtils.java:logGet(43)) - raft.server.log.appender.buffer.byte-limit = 33554432 (custom)
2019-09-26 09:21:15,025 [pool-47-thread-1] INFO  server.RaftServerConfigKeys (ConfUtils.java:logGet(43)) - raft.server.log.segment.size.max = 1048576 (custom)
2019-09-26 09:21:15,025 [pool-47-thread-1] INFO  server.RaftServerConfigKeys (ConfUtils.java:logGet(43)) - raft.server.log.segment.cache.num.max = 2 (custom)
2019-09-26 09:21:15,025 [pool-47-thread-1] INFO  segmented.SegmentedRaftLogWorker (SegmentedRaftLogWorker.java:<init>(172)) - new 1b34dbd2-a2d7-46bc-b57d-04f62019dff1@group-8D7CD98D8EEA-SegmentedRaftLogWorker for RaftStorage:Storage Directory /workdir/hadoop-ozone/integration-test/target/test-dir/MiniOzoneClusterImpl-078ea463-30a6-4c8a-a8ff-41db0515e22e/datanode-2/data/ratis/c8e92ca3-dba3-426e-af69-8d7cd98d8eea
2019-09-26 09:21:15,025 [pool-47-thread-1] INFO  server.RaftServerConfigKeys (ConfUtils.java:logGet(43)) - raft.server.log.queue.byte-limit = 2147483647 (custom)
2019-09-26 09:21:15,026 [pool-47-thread-1] INFO  server.RaftServerConfigKeys (ConfUtils.java:logGet(43)) - raft.server.log.queue.element-limit = 1024 (custom)
2019-09-26 09:21:15,026 [pool-47-thread-1] INFO  server.RaftServerConfigKeys (ConfUtils.java:logGet(43)) - raft.server.log.segment.size.max = 1048576 (custom)
2019-09-26 09:21:15,026 [pool-47-thread-1] INFO  server.RaftServerConfigKeys (ConfUtils.java:logGet(43)) - raft.server.log.preallocated.size = 16384 (custom)
2019-09-26 09:21:15,026 [pool-47-thread-1] INFO  server.RaftServerConfigKeys (ConfUtils.java:logGet(43)) - raft.server.log.write.buffer.size = 33554432 (custom)
2019-09-26 09:21:15,026 [pool-47-thread-1] INFO  server.RaftServerConfigKeys (ConfUtils.java:logGet(43)) - raft.server.log.force.sync.num = 128 (default)
2019-09-26 09:21:15,026 [pool-47-thread-1] INFO  server.RaftServerConfigKeys (ConfUtils.java:logGet(43)) - raft.server.log.statemachine.data.sync = true (default)
2019-09-26 09:21:15,027 [pool-47-thread-1] INFO  server.RaftServerConfigKeys (ConfUtils.java:logGet(43)) - raft.server.log.statemachine.data.sync.timeout = 10s (default)
2019-09-26 09:21:15,027 [pool-47-thread-1] INFO  server.RaftServerConfigKeys (ConfUtils.java:logGet(43)) - raft.server.log.statemachine.data.sync.timeout.retry = -1 (default)
2019-09-26 09:21:15,027 [pool-47-thread-1] INFO  server.RaftServerConfigKeys (ConfUtils.java:logGet(43)) - raft.server.log.statemachine.data.caching.enabled = true (custom)
2019-09-26 09:21:15,027 [pool-47-thread-1] INFO  segmented.SegmentedRaftLogWorker (SegmentedRaftLogWorker.java:lambda$new$0(132)) - 1b34dbd2-a2d7-46bc-b57d-04f62019dff1@group-8D7CD98D8EEA-SegmentedRaftLogWorker: flushIndex: setUnconditionally 0 -> -1
2019-09-26 09:21:15,028 [5979e283-d20e-4620-920d-03c0cf6ae99c@group-F1F68242DD47-SegmentedRaftLogWorker] INFO  segmented.SegmentedRaftLogWorker (SegmentedRaftLogWorker.java:execute(569)) - 5979e283-d20e-4620-920d-03c0cf6ae99c@group-F1F68242DD47-SegmentedRaftLogWorker: created new log segment /workdir/hadoop-ozone/integration-test/target/test-dir/MiniOzoneClusterImpl-078ea463-30a6-4c8a-a8ff-41db0515e22e/datanode-6/data/ratis/c33bf63a-ee5e-4844-b243-f1f68242dd47/current/log_inprogress_0
2019-09-26 09:21:15,028 [pool-47-thread-1] INFO  server.RaftServerConfigKeys (ConfUtils.java:logGet(43)) - raft.server.snapshot.auto.trigger.enabled = true (custom)
2019-09-26 09:21:15,028 [pool-47-thread-1] INFO  server.RaftServerConfigKeys (ConfUtils.java:logGet(43)) - raft.server.snapshot.auto.trigger.threshold = 10000 (custom)
2019-09-26 09:21:15,028 [pool-47-thread-1] INFO  server.RaftServerConfigKeys (ConfUtils.java:logGet(43)) - raft.server.snapshot.retention.num.files = 5 (custom)
2019-09-26 09:21:15,029 [pool-47-thread-1] INFO  server.RaftServerConfigKeys (ConfUtils.java:logGet(43)) - raft.server.retrycache.expirytime = 600000ms (custom)
2019-09-26 09:21:15,029 [cdeec377-8f89-4dce-9b26-4d7c58a1953c@group-6C124EDC7595:LeaderElection4] INFO  impl.LeaderElection (LeaderElection.java:askForVotes(182)) - cdeec377-8f89-4dce-9b26-4d7c58a1953c@group-6C124EDC7595:LeaderElection4: begin an election at term 1 for -1: [cdeec377-8f89-4dce-9b26-4d7c58a1953c:192.168.30.13:44126], old=null
2019-09-26 09:21:15,029 [cdeec377-8f89-4dce-9b26-4d7c58a1953c@group-6C124EDC7595:LeaderElection4] INFO  impl.RoleInfo (RoleInfo.java:shutdownLeaderElection(134)) - cdeec377-8f89-4dce-9b26-4d7c58a1953c: shutdown LeaderElection
2019-09-26 09:21:15,030 [cdeec377-8f89-4dce-9b26-4d7c58a1953c@group-6C124EDC7595:LeaderElection4] INFO  impl.RaftServerImpl (RaftServerImpl.java:setRole(174)) - cdeec377-8f89-4dce-9b26-4d7c58a1953c@group-6C124EDC7595: changes role from CANDIDATE to LEADER at term 1 for changeToLeader
2019-09-26 09:21:15,030 [cdeec377-8f89-4dce-9b26-4d7c58a1953c@group-6C124EDC7595:LeaderElection4] INFO  impl.RaftServerImpl (ServerState.java:setLeader(253)) - cdeec377-8f89-4dce-9b26-4d7c58a1953c@group-6C124EDC7595: change Leader from null to cdeec377-8f89-4dce-9b26-4d7c58a1953c at term 1 for becomeLeader, leader elected after 5099ms
2019-09-26 09:21:15,030 [cdeec377-8f89-4dce-9b26-4d7c58a1953c@group-6C124EDC7595:LeaderElection4] INFO  server.RaftServerConfigKeys (ConfUtils.java:logGet(43)) - raft.server.staging.catchup.gap = 1000 (default)
2019-09-26 09:21:15,030 [cdeec377-8f89-4dce-9b26-4d7c58a1953c@group-6C124EDC7595:LeaderElection4] INFO  server.RaftServerConfigKeys (ConfUtils.java:logGet(43)) - raft.server.rpc.sleep.time = 25ms (default)
2019-09-26 09:21:15,031 [cdeec377-8f89-4dce-9b26-4d7c58a1953c@group-6C124EDC7595:LeaderElection4] INFO  server.RaftServerConfigKeys (ConfUtils.java:logGet(43)) - raft.server.write.element-limit = 4096 (default)
2019-09-26 09:21:15,031 [cdeec377-8f89-4dce-9b26-4d7c58a1953c@group-6C124EDC7595:LeaderElection4] INFO  server.RaftServerConfigKeys (ConfUtils.java:logGet(43)) - raft.server.watch.timeout = 10s (default)
2019-09-26 09:21:15,031 [cdeec377-8f89-4dce-9b26-4d7c58a1953c@group-6C124EDC7595:LeaderElection4] INFO  server.RaftServerConfigKeys (ConfUtils.java:logGet(43)) - raft.server.watch.timeout.denomination = 1s (default)
2019-09-26 09:21:15,031 [cdeec377-8f89-4dce-9b26-4d7c58a1953c@group-6C124EDC7595:LeaderElection4] INFO  server.RaftServerConfigKeys (ConfUtils.java:logGet(43)) - raft.server.watch.element-limit = 65536 (default)
2019-09-26 09:21:15,034 [pool-47-thread-1] INFO  impl.RaftServerImpl (RaftServerImpl.java:start(185)) - 1b34dbd2-a2d7-46bc-b57d-04f62019dff1@group-8D7CD98D8EEA: start as a follower, conf=-1: [1b34dbd2-a2d7-46bc-b57d-04f62019dff1:192.168.30.13:39221], old=null
2019-09-26 09:21:15,035 [pool-47-thread-1] INFO  impl.RaftServerImpl (RaftServerImpl.java:setRole(174)) - 1b34dbd2-a2d7-46bc-b57d-04f62019dff1@group-8D7CD98D8EEA: changes role from      null to FOLLOWER at term 0 for startAsFollower
2019-09-26 09:21:15,035 [pool-47-thread-1] INFO  impl.RoleInfo (RoleInfo.java:updateAndGet(143)) - 1b34dbd2-a2d7-46bc-b57d-04f62019dff1: start FollowerState
2019-09-26 09:21:15,046 [pool-47-thread-1] INFO  util.JmxRegister (JmxRegister.java:tryRegister(44)) - Successfully registered JMX Bean with object name Ratis:service=RaftServer,group=group-8D7CD98D8EEA,id=1b34dbd2-a2d7-46bc-b57d-04f62019dff1
2019-09-26 09:21:15,046 [cdeec377-8f89-4dce-9b26-4d7c58a1953c@group-6C124EDC7595:LeaderElection4] INFO  impl.RoleInfo (RoleInfo.java:updateAndGet(143)) - cdeec377-8f89-4dce-9b26-4d7c58a1953c: start LeaderState
2019-09-26 09:21:15,057 [cdeec377-8f89-4dce-9b26-4d7c58a1953c@group-6C124EDC7595:LeaderElection4] INFO  segmented.SegmentedRaftLogWorker (SegmentedRaftLogWorker.java:startLogSegment(380)) - cdeec377-8f89-4dce-9b26-4d7c58a1953c@group-6C124EDC7595-SegmentedRaftLogWorker: Starting segment from index:0
2019-09-26 09:21:15,058 [cdeec377-8f89-4dce-9b26-4d7c58a1953c@group-6C124EDC7595:LeaderElection4] INFO  impl.RaftServerImpl (ServerState.java:setRaftConf(354)) - cdeec377-8f89-4dce-9b26-4d7c58a1953c@group-6C124EDC7595: set configuration 0: [cdeec377-8f89-4dce-9b26-4d7c58a1953c:192.168.30.13:44126], old=null at 0
2019-09-26 09:21:15,095 [Thread-297] INFO  impl.FollowerState (FollowerState.java:run(106)) - cdeec377-8f89-4dce-9b26-4d7c58a1953c:group-91BE717C91B0 changes to CANDIDATE, lastRpcTime:5058, electionTimeout:5034ms
2019-09-26 09:21:15,096 [Thread-297] INFO  impl.RoleInfo (RoleInfo.java:shutdownFollowerState(121)) - cdeec377-8f89-4dce-9b26-4d7c58a1953c: shutdown FollowerState
2019-09-26 09:21:15,096 [Thread-297] INFO  impl.RaftServerImpl (RaftServerImpl.java:setRole(174)) - cdeec377-8f89-4dce-9b26-4d7c58a1953c@group-91BE717C91B0: changes role from  FOLLOWER to CANDIDATE at term 0 for changeToCandidate
2019-09-26 09:21:15,109 [cdeec377-8f89-4dce-9b26-4d7c58a1953c@group-6C124EDC7595-SegmentedRaftLogWorker] INFO  segmented.SegmentedRaftLogWorker (SegmentedRaftLogWorker.java:execute(569)) - cdeec377-8f89-4dce-9b26-4d7c58a1953c@group-6C124EDC7595-SegmentedRaftLogWorker: created new log segment /workdir/hadoop-ozone/integration-test/target/test-dir/MiniOzoneClusterImpl-078ea463-30a6-4c8a-a8ff-41db0515e22e/datanode-1/data/ratis/fa158437-1b8a-4cb9-b515-6c124edc7595/current/log_inprogress_0
2019-09-26 09:21:15,110 [Thread-297] INFO  impl.RoleInfo (RoleInfo.java:updateAndGet(143)) - cdeec377-8f89-4dce-9b26-4d7c58a1953c: start LeaderElection
2019-09-26 09:21:15,117 [RatisPipelineUtilsThread] INFO  pipeline.PipelineStateManager (PipelineStateManager.java:addPipeline(56)) - Created pipeline Pipeline[ Id: c8e92ca3-dba3-426e-af69-8d7cd98d8eea, Nodes: 1b34dbd2-a2d7-46bc-b57d-04f62019dff1{ip: 192.168.30.13, host: pr-hdds-1569-wvzgm-824869521, networkLocation: /default-rack, certSerialId: null}, Type:RATIS, Factor:ONE, State:OPEN]
2019-09-26 09:21:15,118 [RatisPipelineUtilsThread] INFO  pipeline.PipelinePlacementPolicy (PipelinePlacementPolicy.java:meetCriteria(91)) - Pipeline Placement: can't place more pipeline on heavy datanode： cdeec377-8f89-4dce-9b26-4d7c58a1953c Heaviness: 6 limit: 5
2019-09-26 09:21:15,118 [RatisPipelineUtilsThread] INFO  pipeline.PipelinePlacementPolicy (PipelinePlacementPolicy.java:meetCriteria(91)) - Pipeline Placement: can't place more pipeline on heavy datanode： 1dec72e7-0344-4894-a47b-48d961c58f71 Heaviness: 6 limit: 5
2019-09-26 09:21:15,124 [grpc-default-executor-0] INFO  impl.RaftServerProxy (RaftServerProxy.java:addNew(89)) - 9ce5e10e-717d-4ed3-be0e-b6018052c3d2: addNew group-E604AE11CB11:[9ce5e10e-717d-4ed3-be0e-b6018052c3d2:192.168.30.13:37649] returns group-E604AE11CB11:java.util.concurrent.CompletableFuture@f83f27f[Not completed]
2019-09-26 09:21:15,126 [pool-67-thread-1] INFO  impl.RaftServerImpl (RaftServerImpl.java:<init>(95)) - 9ce5e10e-717d-4ed3-be0e-b6018052c3d2: new RaftServerImpl for group-E604AE11CB11:[9ce5e10e-717d-4ed3-be0e-b6018052c3d2:192.168.30.13:37649] with ContainerStateMachine:uninitialized
2019-09-26 09:21:15,126 [pool-67-thread-1] INFO  server.RaftServerConfigKeys (ConfUtils.java:logGet(43)) - raft.server.rpc.timeout.min = 5s (custom)
2019-09-26 09:21:15,126 [pool-67-thread-1] INFO  server.RaftServerConfigKeys (ConfUtils.java:logGet(43)) - raft.server.rpc.timeout.max = 5200ms (custom)
2019-09-26 09:21:15,126 [pool-67-thread-1] INFO  server.RaftServerConfigKeys (ConfUtils.java:logGet(43)) - raft.server.rpcslowness.timeout = 120s (custom)
2019-09-26 09:21:15,126 [pool-67-thread-1] INFO  server.RaftServerConfigKeys (ConfUtils.java:logGet(43)) - raft.server.sleep.deviation.threshold = 300 (default)
2019-09-26 09:21:15,126 [cdeec377-8f89-4dce-9b26-4d7c58a1953c@group-91BE717C91B0:LeaderElection5] INFO  impl.LeaderElection (LeaderElection.java:askForVotes(182)) - cdeec377-8f89-4dce-9b26-4d7c58a1953c@group-91BE717C91B0:LeaderElection5: begin an election at term 1 for -1: [cdeec377-8f89-4dce-9b26-4d7c58a1953c:192.168.30.13:44126], old=null
2019-09-26 09:21:15,126 [pool-67-thread-1] INFO  server.RaftServerConfigKeys (ConfUtils.java:logGet(43)) - raft.server.log.appender.install.snapshot.enabled = false (custom)
2019-09-26 09:21:15,127 [cdeec377-8f89-4dce-9b26-4d7c58a1953c@group-91BE717C91B0:LeaderElection5] INFO  impl.RoleInfo (RoleInfo.java:shutdownLeaderElection(134)) - cdeec377-8f89-4dce-9b26-4d7c58a1953c: shutdown LeaderElection
2019-09-26 09:21:15,127 [pool-67-thread-1] INFO  impl.RaftServerImpl (ServerState.java:<init>(103)) - 9ce5e10e-717d-4ed3-be0e-b6018052c3d2@group-E604AE11CB11: ConfigurationManager, init=-1: [9ce5e10e-717d-4ed3-be0e-b6018052c3d2:192.168.30.13:37649], old=null, confs=<EMPTY_MAP>
2019-09-26 09:21:15,127 [cdeec377-8f89-4dce-9b26-4d7c58a1953c@group-91BE717C91B0:LeaderElection5] INFO  impl.RaftServerImpl (RaftServerImpl.java:setRole(174)) - cdeec377-8f89-4dce-9b26-4d7c58a1953c@group-91BE717C91B0: changes role from CANDIDATE to LEADER at term 1 for changeToLeader
2019-09-26 09:21:15,127 [pool-67-thread-1] INFO  server.RaftServerConfigKeys (ConfUtils.java:logGet(43)) - raft.server.storage.dir = [/workdir/hadoop-ozone/integration-test/target/test-dir/MiniOzoneClusterImpl-078ea463-30a6-4c8a-a8ff-41db0515e22e/datanode-4/data/ratis] (custom)
2019-09-26 09:21:15,127 [cdeec377-8f89-4dce-9b26-4d7c58a1953c@group-91BE717C91B0:LeaderElection5] INFO  impl.RaftServerImpl (ServerState.java:setLeader(253)) - cdeec377-8f89-4dce-9b26-4d7c58a1953c@group-91BE717C91B0: change Leader from null to cdeec377-8f89-4dce-9b26-4d7c58a1953c at term 1 for becomeLeader, leader elected after 5096ms
2019-09-26 09:21:15,127 [cdeec377-8f89-4dce-9b26-4d7c58a1953c@group-91BE717C91B0:LeaderElection5] INFO  server.RaftServerConfigKeys (ConfUtils.java:logGet(43)) - raft.server.staging.catchup.gap = 1000 (default)
2019-09-26 09:21:15,127 [pool-67-thread-1] INFO  storage.RaftStorageDirectory (RaftStorageDirectory.java:analyzeStorage(246)) - The storage directory /workdir/hadoop-ozone/integration-test/target/test-dir/MiniOzoneClusterImpl-078ea463-30a6-4c8a-a8ff-41db0515e22e/datanode-4/data/ratis/5f4fc63f-3c36-4de0-9e33-e604ae11cb11 does not exist. Creating ...
2019-09-26 09:21:15,127 [cdeec377-8f89-4dce-9b26-4d7c58a1953c@group-91BE717C91B0:LeaderElection5] INFO  server.RaftServerConfigKeys (ConfUtils.java:logGet(43)) - raft.server.rpc.sleep.time = 25ms (default)
2019-09-26 09:21:15,128 [cdeec377-8f89-4dce-9b26-4d7c58a1953c@group-91BE717C91B0:LeaderElection5] INFO  server.RaftServerConfigKeys (ConfUtils.java:logGet(43)) - raft.server.write.element-limit = 4096 (default)
2019-09-26 09:21:15,128 [cdeec377-8f89-4dce-9b26-4d7c58a1953c@group-91BE717C91B0:LeaderElection5] INFO  server.RaftServerConfigKeys (ConfUtils.java:logGet(43)) - raft.server.watch.timeout = 10s (default)
2019-09-26 09:21:15,128 [cdeec377-8f89-4dce-9b26-4d7c58a1953c@group-91BE717C91B0:LeaderElection5] INFO  server.RaftServerConfigKeys (ConfUtils.java:logGet(43)) - raft.server.watch.timeout.denomination = 1s (default)
2019-09-26 09:21:15,128 [cdeec377-8f89-4dce-9b26-4d7c58a1953c@group-91BE717C91B0:LeaderElection5] INFO  server.RaftServerConfigKeys (ConfUtils.java:logGet(43)) - raft.server.watch.element-limit = 65536 (default)
2019-09-26 09:21:15,131 [cdeec377-8f89-4dce-9b26-4d7c58a1953c@group-91BE717C91B0:LeaderElection5] INFO  impl.RoleInfo (RoleInfo.java:updateAndGet(143)) - cdeec377-8f89-4dce-9b26-4d7c58a1953c: start LeaderState
2019-09-26 09:21:15,131 [cdeec377-8f89-4dce-9b26-4d7c58a1953c@group-91BE717C91B0:LeaderElection5] INFO  segmented.SegmentedRaftLogWorker (SegmentedRaftLogWorker.java:startLogSegment(380)) - cdeec377-8f89-4dce-9b26-4d7c58a1953c@group-91BE717C91B0-SegmentedRaftLogWorker: Starting segment from index:0
2019-09-26 09:21:15,131 [cdeec377-8f89-4dce-9b26-4d7c58a1953c@group-91BE717C91B0:LeaderElection5] INFO  impl.RaftServerImpl (ServerState.java:setRaftConf(354)) - cdeec377-8f89-4dce-9b26-4d7c58a1953c@group-91BE717C91B0: set configuration 0: [cdeec377-8f89-4dce-9b26-4d7c58a1953c:192.168.30.13:44126], old=null at 0
2019-09-26 09:21:15,161 [pool-67-thread-1] INFO  storage.RaftStorageDirectory (RaftStorageDirectory.java:tryLock(328)) - Lock on /workdir/hadoop-ozone/integration-test/target/test-dir/MiniOzoneClusterImpl-078ea463-30a6-4c8a-a8ff-41db0515e22e/datanode-4/data/ratis/5f4fc63f-3c36-4de0-9e33-e604ae11cb11/in_use.lock acquired by nodename 11214@pr-hdds-1569-wvzgm-824869521
2019-09-26 09:21:15,174 [cdeec377-8f89-4dce-9b26-4d7c58a1953c@group-91BE717C91B0-SegmentedRaftLogWorker] INFO  segmented.SegmentedRaftLogWorker (SegmentedRaftLogWorker.java:execute(569)) - cdeec377-8f89-4dce-9b26-4d7c58a1953c@group-91BE717C91B0-SegmentedRaftLogWorker: created new log segment /workdir/hadoop-ozone/integration-test/target/test-dir/MiniOzoneClusterImpl-078ea463-30a6-4c8a-a8ff-41db0515e22e/datanode-1/data/ratis/bb60b4b0-c3df-46b6-8029-91be717c91b0/current/log_inprogress_0
2019-09-26 09:21:15,174 [pool-67-thread-1] INFO  storage.RaftStorage (RaftStorage.java:format(72)) - Storage directory /workdir/hadoop-ozone/integration-test/target/test-dir/MiniOzoneClusterImpl-078ea463-30a6-4c8a-a8ff-41db0515e22e/datanode-4/data/ratis/5f4fc63f-3c36-4de0-9e33-e604ae11cb11 has been successfully formatted.
2019-09-26 09:21:15,175 [pool-67-thread-1] INFO  ratis.ContainerStateMachine (ContainerStateMachine.java:loadSnapshot(230)) - group-E604AE11CB11: The snapshot info is null. Setting the last applied indexto:(t:0, i:~)
2019-09-26 09:21:15,175 [pool-67-thread-1] INFO  server.RaftServerConfigKeys (ConfUtils.java:logGet(43)) - raft.server.notification.no-leader.timeout = 120s (custom)
2019-09-26 09:21:15,175 [pool-67-thread-1] INFO  server.RaftServerConfigKeys (ConfUtils.java:logGet(43)) - raft.server.log.use.memory = false (default)
2019-09-26 09:21:15,175 [pool-67-thread-1] INFO  server.RaftServerConfigKeys (ConfUtils.java:logGet(43)) - raft.server.log.purge.gap = 1000000 (custom)
2019-09-26 09:21:15,176 [pool-67-thread-1] INFO  server.RaftServerConfigKeys (ConfUtils.java:logGet(43)) - raft.server.log.appender.buffer.byte-limit = 33554432 (custom)
2019-09-26 09:21:15,176 [pool-67-thread-1] INFO  server.RaftServerConfigKeys (ConfUtils.java:logGet(43)) - raft.server.log.segment.size.max = 1048576 (custom)
2019-09-26 09:21:15,176 [pool-67-thread-1] INFO  server.RaftServerConfigKeys (ConfUtils.java:logGet(43)) - raft.server.log.segment.cache.num.max = 2 (custom)
2019-09-26 09:21:15,176 [pool-67-thread-1] INFO  segmented.SegmentedRaftLogWorker (SegmentedRaftLogWorker.java:<init>(172)) - new 9ce5e10e-717d-4ed3-be0e-b6018052c3d2@group-E604AE11CB11-SegmentedRaftLogWorker for RaftStorage:Storage Directory /workdir/hadoop-ozone/integration-test/target/test-dir/MiniOzoneClusterImpl-078ea463-30a6-4c8a-a8ff-41db0515e22e/datanode-4/data/ratis/5f4fc63f-3c36-4de0-9e33-e604ae11cb11
2019-09-26 09:21:15,176 [pool-67-thread-1] INFO  server.RaftServerConfigKeys (ConfUtils.java:logGet(43)) - raft.server.log.queue.byte-limit = 2147483647 (custom)
2019-09-26 09:21:15,176 [pool-67-thread-1] INFO  server.RaftServerConfigKeys (ConfUtils.java:logGet(43)) - raft.server.log.queue.element-limit = 1024 (custom)
2019-09-26 09:21:15,177 [pool-67-thread-1] INFO  server.RaftServerConfigKeys (ConfUtils.java:logGet(43)) - raft.server.log.segment.size.max = 1048576 (custom)
2019-09-26 09:21:15,177 [pool-67-thread-1] INFO  server.RaftServerConfigKeys (ConfUtils.java:logGet(43)) - raft.server.log.preallocated.size = 16384 (custom)
2019-09-26 09:21:15,177 [pool-67-thread-1] INFO  server.RaftServerConfigKeys (ConfUtils.java:logGet(43)) - raft.server.log.write.buffer.size = 33554432 (custom)
2019-09-26 09:21:15,177 [pool-67-thread-1] INFO  server.RaftServerConfigKeys (ConfUtils.java:logGet(43)) - raft.server.log.force.sync.num = 128 (default)
2019-09-26 09:21:15,177 [pool-67-thread-1] INFO  server.RaftServerConfigKeys (ConfUtils.java:logGet(43)) - raft.server.log.statemachine.data.sync = true (default)
2019-09-26 09:21:15,177 [pool-67-thread-1] INFO  server.RaftServerConfigKeys (ConfUtils.java:logGet(43)) - raft.server.log.statemachine.data.sync.timeout = 10s (default)
2019-09-26 09:21:15,178 [pool-67-thread-1] INFO  server.RaftServerConfigKeys (ConfUtils.java:logGet(43)) - raft.server.log.statemachine.data.sync.timeout.retry = -1 (default)
2019-09-26 09:21:15,178 [pool-67-thread-1] INFO  server.RaftServerConfigKeys (ConfUtils.java:logGet(43)) - raft.server.log.statemachine.data.caching.enabled = true (custom)
2019-09-26 09:21:15,178 [pool-67-thread-1] INFO  segmented.SegmentedRaftLogWorker (SegmentedRaftLogWorker.java:lambda$new$0(132)) - 9ce5e10e-717d-4ed3-be0e-b6018052c3d2@group-E604AE11CB11-SegmentedRaftLogWorker: flushIndex: setUnconditionally 0 -> -1
2019-09-26 09:21:15,179 [pool-67-thread-1] INFO  server.RaftServerConfigKeys (ConfUtils.java:logGet(43)) - raft.server.snapshot.auto.trigger.enabled = true (custom)
2019-09-26 09:21:15,179 [pool-67-thread-1] INFO  server.RaftServerConfigKeys (ConfUtils.java:logGet(43)) - raft.server.snapshot.auto.trigger.threshold = 10000 (custom)
2019-09-26 09:21:15,179 [pool-67-thread-1] INFO  server.RaftServerConfigKeys (ConfUtils.java:logGet(43)) - raft.server.snapshot.retention.num.files = 5 (custom)
2019-09-26 09:21:15,179 [pool-67-thread-1] INFO  server.RaftServerConfigKeys (ConfUtils.java:logGet(43)) - raft.server.retrycache.expirytime = 600000ms (custom)
2019-09-26 09:21:15,182 [pool-67-thread-1] INFO  impl.RaftServerImpl (RaftServerImpl.java:start(185)) - 9ce5e10e-717d-4ed3-be0e-b6018052c3d2@group-E604AE11CB11: start as a follower, conf=-1: [9ce5e10e-717d-4ed3-be0e-b6018052c3d2:192.168.30.13:37649], old=null
2019-09-26 09:21:15,182 [pool-67-thread-1] INFO  impl.RaftServerImpl (RaftServerImpl.java:setRole(174)) - 9ce5e10e-717d-4ed3-be0e-b6018052c3d2@group-E604AE11CB11: changes role from      null to FOLLOWER at term 0 for startAsFollower
2019-09-26 09:21:15,183 [pool-67-thread-1] INFO  impl.RoleInfo (RoleInfo.java:updateAndGet(143)) - 9ce5e10e-717d-4ed3-be0e-b6018052c3d2: start FollowerState
2019-09-26 09:21:15,183 [pool-67-thread-1] INFO  util.JmxRegister (JmxRegister.java:tryRegister(44)) - Successfully registered JMX Bean with object name Ratis:service=RaftServer,group=group-E604AE11CB11,id=9ce5e10e-717d-4ed3-be0e-b6018052c3d2
2019-09-26 09:21:15,186 [RatisPipelineUtilsThread] INFO  pipeline.PipelineStateManager (PipelineStateManager.java:addPipeline(56)) - Created pipeline Pipeline[ Id: 5f4fc63f-3c36-4de0-9e33-e604ae11cb11, Nodes: 9ce5e10e-717d-4ed3-be0e-b6018052c3d2{ip: 192.168.30.13, host: pr-hdds-1569-wvzgm-824869521, networkLocation: /default-rack, certSerialId: null}, Type:RATIS, Factor:ONE, State:OPEN]
2019-09-26 09:21:15,186 [RatisPipelineUtilsThread] INFO  pipeline.PipelinePlacementPolicy (PipelinePlacementPolicy.java:meetCriteria(91)) - Pipeline Placement: can't place more pipeline on heavy datanode： cdeec377-8f89-4dce-9b26-4d7c58a1953c Heaviness: 6 limit: 5
2019-09-26 09:21:15,186 [RatisPipelineUtilsThread] INFO  pipeline.PipelinePlacementPolicy (PipelinePlacementPolicy.java:meetCriteria(91)) - Pipeline Placement: can't place more pipeline on heavy datanode： 1dec72e7-0344-4894-a47b-48d961c58f71 Heaviness: 6 limit: 5
2019-09-26 09:21:15,193 [grpc-default-executor-0] INFO  impl.RaftServerProxy (RaftServerProxy.java:addNew(89)) - 16503525-0504-4dc7-b18b-9a1cb86da45b: addNew group-AC98484F7537:[16503525-0504-4dc7-b18b-9a1cb86da45b:192.168.30.13:41943] returns group-AC98484F7537:java.util.concurrent.CompletableFuture@5b920d12[Not completed]
2019-09-26 09:21:15,195 [pool-97-thread-1] INFO  impl.RaftServerImpl (RaftServerImpl.java:<init>(95)) - 16503525-0504-4dc7-b18b-9a1cb86da45b: new RaftServerImpl for group-AC98484F7537:[16503525-0504-4dc7-b18b-9a1cb86da45b:192.168.30.13:41943] with ContainerStateMachine:uninitialized
2019-09-26 09:21:15,195 [pool-97-thread-1] INFO  server.RaftServerConfigKeys (ConfUtils.java:logGet(43)) - raft.server.rpc.timeout.min = 5s (custom)
2019-09-26 09:21:15,195 [pool-97-thread-1] INFO  server.RaftServerConfigKeys (ConfUtils.java:logGet(43)) - raft.server.rpc.timeout.max = 5200ms (custom)
2019-09-26 09:21:15,195 [pool-97-thread-1] INFO  server.RaftServerConfigKeys (ConfUtils.java:logGet(43)) - raft.server.rpcslowness.timeout = 120s (custom)
2019-09-26 09:21:15,195 [pool-97-thread-1] INFO  server.RaftServerConfigKeys (ConfUtils.java:logGet(43)) - raft.server.sleep.deviation.threshold = 300 (default)
2019-09-26 09:21:15,195 [pool-97-thread-1] INFO  server.RaftServerConfigKeys (ConfUtils.java:logGet(43)) - raft.server.log.appender.install.snapshot.enabled = false (custom)
2019-09-26 09:21:15,195 [pool-97-thread-1] INFO  impl.RaftServerImpl (ServerState.java:<init>(103)) - 16503525-0504-4dc7-b18b-9a1cb86da45b@group-AC98484F7537: ConfigurationManager, init=-1: [16503525-0504-4dc7-b18b-9a1cb86da45b:192.168.30.13:41943], old=null, confs=<EMPTY_MAP>
2019-09-26 09:21:15,195 [pool-97-thread-1] INFO  server.RaftServerConfigKeys (ConfUtils.java:logGet(43)) - raft.server.storage.dir = [/workdir/hadoop-ozone/integration-test/target/test-dir/MiniOzoneClusterImpl-078ea463-30a6-4c8a-a8ff-41db0515e22e/datanode-7/data/ratis] (custom)
2019-09-26 09:21:15,196 [pool-97-thread-1] INFO  storage.RaftStorageDirectory (RaftStorageDirectory.java:analyzeStorage(246)) - The storage directory /workdir/hadoop-ozone/integration-test/target/test-dir/MiniOzoneClusterImpl-078ea463-30a6-4c8a-a8ff-41db0515e22e/datanode-7/data/ratis/f86060f9-e8c4-44a8-9b4a-ac98484f7537 does not exist. Creating ...
2019-09-26 09:21:15,208 [pool-97-thread-1] INFO  storage.RaftStorageDirectory (RaftStorageDirectory.java:tryLock(328)) - Lock on /workdir/hadoop-ozone/integration-test/target/test-dir/MiniOzoneClusterImpl-078ea463-30a6-4c8a-a8ff-41db0515e22e/datanode-7/data/ratis/f86060f9-e8c4-44a8-9b4a-ac98484f7537/in_use.lock acquired by nodename 11214@pr-hdds-1569-wvzgm-824869521
2019-09-26 09:21:15,222 [pool-97-thread-1] INFO  storage.RaftStorage (RaftStorage.java:format(72)) - Storage directory /workdir/hadoop-ozone/integration-test/target/test-dir/MiniOzoneClusterImpl-078ea463-30a6-4c8a-a8ff-41db0515e22e/datanode-7/data/ratis/f86060f9-e8c4-44a8-9b4a-ac98484f7537 has been successfully formatted.
2019-09-26 09:21:15,222 [pool-97-thread-1] INFO  ratis.ContainerStateMachine (ContainerStateMachine.java:loadSnapshot(230)) - group-AC98484F7537: The snapshot info is null. Setting the last applied indexto:(t:0, i:~)
2019-09-26 09:21:15,222 [pool-97-thread-1] INFO  server.RaftServerConfigKeys (ConfUtils.java:logGet(43)) - raft.server.notification.no-leader.timeout = 120s (custom)
2019-09-26 09:21:15,223 [pool-97-thread-1] INFO  server.RaftServerConfigKeys (ConfUtils.java:logGet(43)) - raft.server.log.use.memory = false (default)
2019-09-26 09:21:15,223 [pool-97-thread-1] INFO  server.RaftServerConfigKeys (ConfUtils.java:logGet(43)) - raft.server.log.purge.gap = 1000000 (custom)
2019-09-26 09:21:15,223 [pool-97-thread-1] INFO  server.RaftServerConfigKeys (ConfUtils.java:logGet(43)) - raft.server.log.appender.buffer.byte-limit = 33554432 (custom)
2019-09-26 09:21:15,223 [pool-97-thread-1] INFO  server.RaftServerConfigKeys (ConfUtils.java:logGet(43)) - raft.server.log.segment.size.max = 1048576 (custom)
2019-09-26 09:21:15,223 [pool-97-thread-1] INFO  server.RaftServerConfigKeys (ConfUtils.java:logGet(43)) - raft.server.log.segment.cache.num.max = 2 (custom)
2019-09-26 09:21:15,223 [pool-97-thread-1] INFO  segmented.SegmentedRaftLogWorker (SegmentedRaftLogWorker.java:<init>(172)) - new 16503525-0504-4dc7-b18b-9a1cb86da45b@group-AC98484F7537-SegmentedRaftLogWorker for RaftStorage:Storage Directory /workdir/hadoop-ozone/integration-test/target/test-dir/MiniOzoneClusterImpl-078ea463-30a6-4c8a-a8ff-41db0515e22e/datanode-7/data/ratis/f86060f9-e8c4-44a8-9b4a-ac98484f7537
2019-09-26 09:21:15,223 [pool-97-thread-1] INFO  server.RaftServerConfigKeys (ConfUtils.java:logGet(43)) - raft.server.log.queue.byte-limit = 2147483647 (custom)
2019-09-26 09:21:15,223 [pool-97-thread-1] INFO  server.RaftServerConfigKeys (ConfUtils.java:logGet(43)) - raft.server.log.queue.element-limit = 1024 (custom)
2019-09-26 09:21:15,224 [pool-97-thread-1] INFO  server.RaftServerConfigKeys (ConfUtils.java:logGet(43)) - raft.server.log.segment.size.max = 1048576 (custom)
2019-09-26 09:21:15,224 [pool-97-thread-1] INFO  server.RaftServerConfigKeys (ConfUtils.java:logGet(43)) - raft.server.log.preallocated.size = 16384 (custom)
2019-09-26 09:21:15,224 [pool-97-thread-1] INFO  server.RaftServerConfigKeys (ConfUtils.java:logGet(43)) - raft.server.log.write.buffer.size = 33554432 (custom)
2019-09-26 09:21:15,224 [pool-97-thread-1] INFO  server.RaftServerConfigKeys (ConfUtils.java:logGet(43)) - raft.server.log.force.sync.num = 128 (default)
2019-09-26 09:21:15,224 [pool-97-thread-1] INFO  server.RaftServerConfigKeys (ConfUtils.java:logGet(43)) - raft.server.log.statemachine.data.sync = true (default)
2019-09-26 09:21:15,224 [pool-97-thread-1] INFO  server.RaftServerConfigKeys (ConfUtils.java:logGet(43)) - raft.server.log.statemachine.data.sync.timeout = 10s (default)
2019-09-26 09:21:15,224 [pool-97-thread-1] INFO  server.RaftServerConfigKeys (ConfUtils.java:logGet(43)) - raft.server.log.statemachine.data.sync.timeout.retry = -1 (default)
2019-09-26 09:21:15,225 [pool-97-thread-1] INFO  server.RaftServerConfigKeys (ConfUtils.java:logGet(43)) - raft.server.log.statemachine.data.caching.enabled = true (custom)
2019-09-26 09:21:15,225 [pool-97-thread-1] INFO  segmented.SegmentedRaftLogWorker (SegmentedRaftLogWorker.java:lambda$new$0(132)) - 16503525-0504-4dc7-b18b-9a1cb86da45b@group-AC98484F7537-SegmentedRaftLogWorker: flushIndex: setUnconditionally 0 -> -1
2019-09-26 09:21:15,225 [pool-97-thread-1] INFO  server.RaftServerConfigKeys (ConfUtils.java:logGet(43)) - raft.server.snapshot.auto.trigger.enabled = true (custom)
2019-09-26 09:21:15,225 [pool-97-thread-1] INFO  server.RaftServerConfigKeys (ConfUtils.java:logGet(43)) - raft.server.snapshot.auto.trigger.threshold = 10000 (custom)
2019-09-26 09:21:15,225 [pool-97-thread-1] INFO  server.RaftServerConfigKeys (ConfUtils.java:logGet(43)) - raft.server.snapshot.retention.num.files = 5 (custom)
2019-09-26 09:21:15,225 [pool-97-thread-1] INFO  server.RaftServerConfigKeys (ConfUtils.java:logGet(43)) - raft.server.retrycache.expirytime = 600000ms (custom)
2019-09-26 09:21:15,228 [pool-97-thread-1] INFO  impl.RaftServerImpl (RaftServerImpl.java:start(185)) - 16503525-0504-4dc7-b18b-9a1cb86da45b@group-AC98484F7537: start as a follower, conf=-1: [16503525-0504-4dc7-b18b-9a1cb86da45b:192.168.30.13:41943], old=null
2019-09-26 09:21:15,228 [pool-97-thread-1] INFO  impl.RaftServerImpl (RaftServerImpl.java:setRole(174)) - 16503525-0504-4dc7-b18b-9a1cb86da45b@group-AC98484F7537: changes role from      null to FOLLOWER at term 0 for startAsFollower
2019-09-26 09:21:15,228 [pool-97-thread-1] INFO  impl.RoleInfo (RoleInfo.java:updateAndGet(143)) - 16503525-0504-4dc7-b18b-9a1cb86da45b: start FollowerState
2019-09-26 09:21:15,229 [pool-97-thread-1] INFO  util.JmxRegister (JmxRegister.java:tryRegister(44)) - Successfully registered JMX Bean with object name Ratis:service=RaftServer,group=group-AC98484F7537,id=16503525-0504-4dc7-b18b-9a1cb86da45b
2019-09-26 09:21:15,231 [RatisPipelineUtilsThread] INFO  pipeline.PipelineStateManager (PipelineStateManager.java:addPipeline(56)) - Created pipeline Pipeline[ Id: f86060f9-e8c4-44a8-9b4a-ac98484f7537, Nodes: 16503525-0504-4dc7-b18b-9a1cb86da45b{ip: 192.168.30.13, host: pr-hdds-1569-wvzgm-824869521, networkLocation: /default-rack, certSerialId: null}, Type:RATIS, Factor:ONE, State:OPEN]
2019-09-26 09:21:15,232 [RatisPipelineUtilsThread] INFO  pipeline.PipelinePlacementPolicy (PipelinePlacementPolicy.java:meetCriteria(91)) - Pipeline Placement: can't place more pipeline on heavy datanode： cdeec377-8f89-4dce-9b26-4d7c58a1953c Heaviness: 6 limit: 5
2019-09-26 09:21:15,232 [RatisPipelineUtilsThread] INFO  pipeline.PipelinePlacementPolicy (PipelinePlacementPolicy.java:meetCriteria(91)) - Pipeline Placement: can't place more pipeline on heavy datanode： 1dec72e7-0344-4894-a47b-48d961c58f71 Heaviness: 6 limit: 5
2019-09-26 09:21:15,238 [grpc-default-executor-0] INFO  impl.RaftServerProxy (RaftServerProxy.java:addNew(89)) - 3696961a-2fd3-4cbb-be04-5fcc9f82ed1a: addNew group-31E1F71F2764:[3696961a-2fd3-4cbb-be04-5fcc9f82ed1a:192.168.30.13:37562] returns group-31E1F71F2764:java.util.concurrent.CompletableFuture@1dff4d58[Not completed]
2019-09-26 09:21:15,240 [pool-57-thread-1] INFO  impl.RaftServerImpl (RaftServerImpl.java:<init>(95)) - 3696961a-2fd3-4cbb-be04-5fcc9f82ed1a: new RaftServerImpl for group-31E1F71F2764:[3696961a-2fd3-4cbb-be04-5fcc9f82ed1a:192.168.30.13:37562] with ContainerStateMachine:uninitialized
2019-09-26 09:21:15,240 [pool-57-thread-1] INFO  server.RaftServerConfigKeys (ConfUtils.java:logGet(43)) - raft.server.rpc.timeout.min = 5s (custom)
2019-09-26 09:21:15,240 [pool-57-thread-1] INFO  server.RaftServerConfigKeys (ConfUtils.java:logGet(43)) - raft.server.rpc.timeout.max = 5200ms (custom)
2019-09-26 09:21:15,240 [pool-57-thread-1] INFO  server.RaftServerConfigKeys (ConfUtils.java:logGet(43)) - raft.server.rpcslowness.timeout = 120s (custom)
2019-09-26 09:21:15,240 [pool-57-thread-1] INFO  server.RaftServerConfigKeys (ConfUtils.java:logGet(43)) - raft.server.sleep.deviation.threshold = 300 (default)
2019-09-26 09:21:15,240 [pool-57-thread-1] INFO  server.RaftServerConfigKeys (ConfUtils.java:logGet(43)) - raft.server.log.appender.install.snapshot.enabled = false (custom)
2019-09-26 09:21:15,241 [pool-57-thread-1] INFO  impl.RaftServerImpl (ServerState.java:<init>(103)) - 3696961a-2fd3-4cbb-be04-5fcc9f82ed1a@group-31E1F71F2764: ConfigurationManager, init=-1: [3696961a-2fd3-4cbb-be04-5fcc9f82ed1a:192.168.30.13:37562], old=null, confs=<EMPTY_MAP>
2019-09-26 09:21:15,241 [pool-57-thread-1] INFO  server.RaftServerConfigKeys (ConfUtils.java:logGet(43)) - raft.server.storage.dir = [/workdir/hadoop-ozone/integration-test/target/test-dir/MiniOzoneClusterImpl-078ea463-30a6-4c8a-a8ff-41db0515e22e/datanode-3/data/ratis] (custom)
2019-09-26 09:21:15,241 [pool-57-thread-1] INFO  storage.RaftStorageDirectory (RaftStorageDirectory.java:analyzeStorage(246)) - The storage directory /workdir/hadoop-ozone/integration-test/target/test-dir/MiniOzoneClusterImpl-078ea463-30a6-4c8a-a8ff-41db0515e22e/datanode-3/data/ratis/49166bc2-ca91-4c22-998c-31e1f71f2764 does not exist. Creating ...
2019-09-26 09:21:15,253 [Thread-300] INFO  impl.FollowerState (FollowerState.java:run(106)) - 1676f4ef-d876-44ce-9276-238a11cc43f0:group-F7301453D26D changes to CANDIDATE, lastRpcTime:5143, electionTimeout:5143ms
2019-09-26 09:21:15,254 [Thread-300] INFO  impl.RoleInfo (RoleInfo.java:shutdownFollowerState(121)) - 1676f4ef-d876-44ce-9276-238a11cc43f0: shutdown FollowerState
2019-09-26 09:21:15,254 [Thread-300] INFO  impl.RaftServerImpl (RaftServerImpl.java:setRole(174)) - 1676f4ef-d876-44ce-9276-238a11cc43f0@group-F7301453D26D: changes role from  FOLLOWER to CANDIDATE at term 0 for changeToCandidate
2019-09-26 09:21:15,254 [pool-57-thread-1] INFO  storage.RaftStorageDirectory (RaftStorageDirectory.java:tryLock(328)) - Lock on /workdir/hadoop-ozone/integration-test/target/test-dir/MiniOzoneClusterImpl-078ea463-30a6-4c8a-a8ff-41db0515e22e/datanode-3/data/ratis/49166bc2-ca91-4c22-998c-31e1f71f2764/in_use.lock acquired by nodename 11214@pr-hdds-1569-wvzgm-824869521
2019-09-26 09:21:15,254 [Thread-300] INFO  impl.RoleInfo (RoleInfo.java:updateAndGet(143)) - 1676f4ef-d876-44ce-9276-238a11cc43f0: start LeaderElection
2019-09-26 09:21:15,278 [pool-57-thread-1] INFO  storage.RaftStorage (RaftStorage.java:format(72)) - Storage directory /workdir/hadoop-ozone/integration-test/target/test-dir/MiniOzoneClusterImpl-078ea463-30a6-4c8a-a8ff-41db0515e22e/datanode-3/data/ratis/49166bc2-ca91-4c22-998c-31e1f71f2764 has been successfully formatted.
2019-09-26 09:21:15,278 [1676f4ef-d876-44ce-9276-238a11cc43f0@group-F7301453D26D:LeaderElection6] INFO  impl.LeaderElection (LeaderElection.java:askForVotes(182)) - 1676f4ef-d876-44ce-9276-238a11cc43f0@group-F7301453D26D:LeaderElection6: begin an election at term 1 for -1: [1676f4ef-d876-44ce-9276-238a11cc43f0:192.168.30.13:35157], old=null
2019-09-26 09:21:15,278 [pool-57-thread-1] INFO  ratis.ContainerStateMachine (ContainerStateMachine.java:loadSnapshot(230)) - group-31E1F71F2764: The snapshot info is null. Setting the last applied indexto:(t:0, i:~)
2019-09-26 09:21:15,278 [1676f4ef-d876-44ce-9276-238a11cc43f0@group-F7301453D26D:LeaderElection6] INFO  impl.RoleInfo (RoleInfo.java:shutdownLeaderElection(134)) - 1676f4ef-d876-44ce-9276-238a11cc43f0: shutdown LeaderElection
2019-09-26 09:21:15,278 [pool-57-thread-1] INFO  server.RaftServerConfigKeys (ConfUtils.java:logGet(43)) - raft.server.notification.no-leader.timeout = 120s (custom)
2019-09-26 09:21:15,278 [1676f4ef-d876-44ce-9276-238a11cc43f0@group-F7301453D26D:LeaderElection6] INFO  impl.RaftServerImpl (RaftServerImpl.java:setRole(174)) - 1676f4ef-d876-44ce-9276-238a11cc43f0@group-F7301453D26D: changes role from CANDIDATE to LEADER at term 1 for changeToLeader
2019-09-26 09:21:15,278 [pool-57-thread-1] INFO  server.RaftServerConfigKeys (ConfUtils.java:logGet(43)) - raft.server.log.use.memory = false (default)
2019-09-26 09:21:15,278 [1676f4ef-d876-44ce-9276-238a11cc43f0@group-F7301453D26D:LeaderElection6] INFO  impl.RaftServerImpl (ServerState.java:setLeader(253)) - 1676f4ef-d876-44ce-9276-238a11cc43f0@group-F7301453D26D: change Leader from null to 1676f4ef-d876-44ce-9276-238a11cc43f0 at term 1 for becomeLeader, leader elected after 5180ms
2019-09-26 09:21:15,279 [pool-57-thread-1] INFO  server.RaftServerConfigKeys (ConfUtils.java:logGet(43)) - raft.server.log.purge.gap = 1000000 (custom)
2019-09-26 09:21:15,279 [1676f4ef-d876-44ce-9276-238a11cc43f0@group-F7301453D26D:LeaderElection6] INFO  server.RaftServerConfigKeys (ConfUtils.java:logGet(43)) - raft.server.staging.catchup.gap = 1000 (default)
2019-09-26 09:21:15,279 [pool-57-thread-1] INFO  server.RaftServerConfigKeys (ConfUtils.java:logGet(43)) - raft.server.log.appender.buffer.byte-limit = 33554432 (custom)
2019-09-26 09:21:15,279 [1676f4ef-d876-44ce-9276-238a11cc43f0@group-F7301453D26D:LeaderElection6] INFO  server.RaftServerConfigKeys (ConfUtils.java:logGet(43)) - raft.server.rpc.sleep.time = 25ms (default)
2019-09-26 09:21:15,279 [pool-57-thread-1] INFO  server.RaftServerConfigKeys (ConfUtils.java:logGet(43)) - raft.server.log.segment.size.max = 1048576 (custom)
2019-09-26 09:21:15,279 [1676f4ef-d876-44ce-9276-238a11cc43f0@group-F7301453D26D:LeaderElection6] INFO  server.RaftServerConfigKeys (ConfUtils.java:logGet(43)) - raft.server.write.element-limit = 4096 (default)
2019-09-26 09:21:15,279 [pool-57-thread-1] INFO  server.RaftServerConfigKeys (ConfUtils.java:logGet(43)) - raft.server.log.segment.cache.num.max = 2 (custom)
2019-09-26 09:21:15,279 [1676f4ef-d876-44ce-9276-238a11cc43f0@group-F7301453D26D:LeaderElection6] INFO  server.RaftServerConfigKeys (ConfUtils.java:logGet(43)) - raft.server.watch.timeout = 10s (default)
2019-09-26 09:21:15,280 [pool-57-thread-1] INFO  segmented.SegmentedRaftLogWorker (SegmentedRaftLogWorker.java:<init>(172)) - new 3696961a-2fd3-4cbb-be04-5fcc9f82ed1a@group-31E1F71F2764-SegmentedRaftLogWorker for RaftStorage:Storage Directory /workdir/hadoop-ozone/integration-test/target/test-dir/MiniOzoneClusterImpl-078ea463-30a6-4c8a-a8ff-41db0515e22e/datanode-3/data/ratis/49166bc2-ca91-4c22-998c-31e1f71f2764
2019-09-26 09:21:15,280 [1676f4ef-d876-44ce-9276-238a11cc43f0@group-F7301453D26D:LeaderElection6] INFO  server.RaftServerConfigKeys (ConfUtils.java:logGet(43)) - raft.server.watch.timeout.denomination = 1s (default)
2019-09-26 09:21:15,280 [pool-57-thread-1] INFO  server.RaftServerConfigKeys (ConfUtils.java:logGet(43)) - raft.server.log.queue.byte-limit = 2147483647 (custom)
2019-09-26 09:21:15,280 [1676f4ef-d876-44ce-9276-238a11cc43f0@group-F7301453D26D:LeaderElection6] INFO  server.RaftServerConfigKeys (ConfUtils.java:logGet(43)) - raft.server.watch.element-limit = 65536 (default)
2019-09-26 09:21:15,280 [pool-57-thread-1] INFO  server.RaftServerConfigKeys (ConfUtils.java:logGet(43)) - raft.server.log.queue.element-limit = 1024 (custom)
2019-09-26 09:21:15,280 [pool-57-thread-1] INFO  server.RaftServerConfigKeys (ConfUtils.java:logGet(43)) - raft.server.log.segment.size.max = 1048576 (custom)
2019-09-26 09:21:15,280 [pool-57-thread-1] INFO  server.RaftServerConfigKeys (ConfUtils.java:logGet(43)) - raft.server.log.preallocated.size = 16384 (custom)
2019-09-26 09:21:15,280 [pool-57-thread-1] INFO  server.RaftServerConfigKeys (ConfUtils.java:logGet(43)) - raft.server.log.write.buffer.size = 33554432 (custom)
2019-09-26 09:21:15,281 [pool-57-thread-1] INFO  server.RaftServerConfigKeys (ConfUtils.java:logGet(43)) - raft.server.log.force.sync.num = 128 (default)
2019-09-26 09:21:15,281 [pool-57-thread-1] INFO  server.RaftServerConfigKeys (ConfUtils.java:logGet(43)) - raft.server.log.statemachine.data.sync = true (default)
2019-09-26 09:21:15,281 [pool-57-thread-1] INFO  server.RaftServerConfigKeys (ConfUtils.java:logGet(43)) - raft.server.log.statemachine.data.sync.timeout = 10s (default)
2019-09-26 09:21:15,281 [pool-57-thread-1] INFO  server.RaftServerConfigKeys (ConfUtils.java:logGet(43)) - raft.server.log.statemachine.data.sync.timeout.retry = -1 (default)
2019-09-26 09:21:15,281 [pool-57-thread-1] INFO  server.RaftServerConfigKeys (ConfUtils.java:logGet(43)) - raft.server.log.statemachine.data.caching.enabled = true (custom)
2019-09-26 09:21:15,281 [pool-57-thread-1] INFO  segmented.SegmentedRaftLogWorker (SegmentedRaftLogWorker.java:lambda$new$0(132)) - 3696961a-2fd3-4cbb-be04-5fcc9f82ed1a@group-31E1F71F2764-SegmentedRaftLogWorker: flushIndex: setUnconditionally 0 -> -1
2019-09-26 09:21:15,282 [pool-57-thread-1] INFO  server.RaftServerConfigKeys (ConfUtils.java:logGet(43)) - raft.server.snapshot.auto.trigger.enabled = true (custom)
2019-09-26 09:21:15,282 [pool-57-thread-1] INFO  server.RaftServerConfigKeys (ConfUtils.java:logGet(43)) - raft.server.snapshot.auto.trigger.threshold = 10000 (custom)
2019-09-26 09:21:15,282 [pool-57-thread-1] INFO  server.RaftServerConfigKeys (ConfUtils.java:logGet(43)) - raft.server.snapshot.retention.num.files = 5 (custom)
2019-09-26 09:21:15,282 [pool-57-thread-1] INFO  server.RaftServerConfigKeys (ConfUtils.java:logGet(43)) - raft.server.retrycache.expirytime = 600000ms (custom)
2019-09-26 09:21:15,283 [1676f4ef-d876-44ce-9276-238a11cc43f0@group-F7301453D26D:LeaderElection6] INFO  impl.RoleInfo (RoleInfo.java:updateAndGet(143)) - 1676f4ef-d876-44ce-9276-238a11cc43f0: start LeaderState
2019-09-26 09:21:15,283 [1676f4ef-d876-44ce-9276-238a11cc43f0@group-F7301453D26D:LeaderElection6] INFO  segmented.SegmentedRaftLogWorker (SegmentedRaftLogWorker.java:startLogSegment(380)) - 1676f4ef-d876-44ce-9276-238a11cc43f0@group-F7301453D26D-SegmentedRaftLogWorker: Starting segment from index:0
2019-09-26 09:21:15,284 [1676f4ef-d876-44ce-9276-238a11cc43f0@group-F7301453D26D:LeaderElection6] INFO  impl.RaftServerImpl (ServerState.java:setRaftConf(354)) - 1676f4ef-d876-44ce-9276-238a11cc43f0@group-F7301453D26D: set configuration 0: [1676f4ef-d876-44ce-9276-238a11cc43f0:192.168.30.13:35157], old=null at 0
2019-09-26 09:21:15,284 [pool-57-thread-1] INFO  impl.RaftServerImpl (RaftServerImpl.java:start(185)) - 3696961a-2fd3-4cbb-be04-5fcc9f82ed1a@group-31E1F71F2764: start as a follower, conf=-1: [3696961a-2fd3-4cbb-be04-5fcc9f82ed1a:192.168.30.13:37562], old=null
2019-09-26 09:21:15,316 [pool-57-thread-1] INFO  impl.RaftServerImpl (RaftServerImpl.java:setRole(174)) - 3696961a-2fd3-4cbb-be04-5fcc9f82ed1a@group-31E1F71F2764: changes role from      null to FOLLOWER at term 0 for startAsFollower
2019-09-26 09:21:15,316 [pool-57-thread-1] INFO  impl.RoleInfo (RoleInfo.java:updateAndGet(143)) - 3696961a-2fd3-4cbb-be04-5fcc9f82ed1a: start FollowerState
2019-09-26 09:21:15,317 [pool-57-thread-1] INFO  util.JmxRegister (JmxRegister.java:tryRegister(44)) - Successfully registered JMX Bean with object name Ratis:service=RaftServer,group=group-31E1F71F2764,id=3696961a-2fd3-4cbb-be04-5fcc9f82ed1a
2019-09-26 09:21:15,320 [RatisPipelineUtilsThread] INFO  pipeline.PipelineStateManager (PipelineStateManager.java:addPipeline(56)) - Created pipeline Pipeline[ Id: 49166bc2-ca91-4c22-998c-31e1f71f2764, Nodes: 3696961a-2fd3-4cbb-be04-5fcc9f82ed1a{ip: 192.168.30.13, host: pr-hdds-1569-wvzgm-824869521, networkLocation: /default-rack, certSerialId: null}, Type:RATIS, Factor:ONE, State:OPEN]
2019-09-26 09:21:15,321 [RatisPipelineUtilsThread] INFO  pipeline.PipelinePlacementPolicy (PipelinePlacementPolicy.java:meetCriteria(91)) - Pipeline Placement: can't place more pipeline on heavy datanode： cdeec377-8f89-4dce-9b26-4d7c58a1953c Heaviness: 6 limit: 5
2019-09-26 09:21:15,321 [RatisPipelineUtilsThread] INFO  pipeline.PipelinePlacementPolicy (PipelinePlacementPolicy.java:meetCriteria(91)) - Pipeline Placement: can't place more pipeline on heavy datanode： 1dec72e7-0344-4894-a47b-48d961c58f71 Heaviness: 6 limit: 5
2019-09-26 09:21:15,326 [grpc-default-executor-0] INFO  impl.RaftServerProxy (RaftServerProxy.java:addNew(89)) - 45c711e7-a055-41cb-865c-06675942396d: addNew group-D777741229BF:[45c711e7-a055-41cb-865c-06675942396d:192.168.30.13:38892] returns group-D777741229BF:java.util.concurrent.CompletableFuture@661fac56[Not completed]
2019-09-26 09:21:15,327 [pool-107-thread-1] INFO  impl.RaftServerImpl (RaftServerImpl.java:<init>(95)) - 45c711e7-a055-41cb-865c-06675942396d: new RaftServerImpl for group-D777741229BF:[45c711e7-a055-41cb-865c-06675942396d:192.168.30.13:38892] with ContainerStateMachine:uninitialized
2019-09-26 09:21:15,328 [pool-107-thread-1] INFO  server.RaftServerConfigKeys (ConfUtils.java:logGet(43)) - raft.server.rpc.timeout.min = 5s (custom)
2019-09-26 09:21:15,328 [pool-107-thread-1] INFO  server.RaftServerConfigKeys (ConfUtils.java:logGet(43)) - raft.server.rpc.timeout.max = 5200ms (custom)
2019-09-26 09:21:15,328 [pool-107-thread-1] INFO  server.RaftServerConfigKeys (ConfUtils.java:logGet(43)) - raft.server.rpcslowness.timeout = 120s (custom)
2019-09-26 09:21:15,328 [pool-107-thread-1] INFO  server.RaftServerConfigKeys (ConfUtils.java:logGet(43)) - raft.server.sleep.deviation.threshold = 300 (default)
2019-09-26 09:21:15,328 [pool-107-thread-1] INFO  server.RaftServerConfigKeys (ConfUtils.java:logGet(43)) - raft.server.log.appender.install.snapshot.enabled = false (custom)
2019-09-26 09:21:15,328 [pool-107-thread-1] INFO  impl.RaftServerImpl (ServerState.java:<init>(103)) - 45c711e7-a055-41cb-865c-06675942396d@group-D777741229BF: ConfigurationManager, init=-1: [45c711e7-a055-41cb-865c-06675942396d:192.168.30.13:38892], old=null, confs=<EMPTY_MAP>
2019-09-26 09:21:15,328 [pool-107-thread-1] INFO  server.RaftServerConfigKeys (ConfUtils.java:logGet(43)) - raft.server.storage.dir = [/workdir/hadoop-ozone/integration-test/target/test-dir/MiniOzoneClusterImpl-078ea463-30a6-4c8a-a8ff-41db0515e22e/datanode-8/data/ratis] (custom)
2019-09-26 09:21:15,329 [1676f4ef-d876-44ce-9276-238a11cc43f0@group-F7301453D26D-SegmentedRaftLogWorker] INFO  segmented.SegmentedRaftLogWorker (SegmentedRaftLogWorker.java:execute(569)) - 1676f4ef-d876-44ce-9276-238a11cc43f0@group-F7301453D26D-SegmentedRaftLogWorker: created new log segment /workdir/hadoop-ozone/integration-test/target/test-dir/MiniOzoneClusterImpl-078ea463-30a6-4c8a-a8ff-41db0515e22e/datanode-9/data/ratis/db3c44f5-1bf1-4283-996e-f7301453d26d/current/log_inprogress_0
2019-09-26 09:21:15,329 [pool-107-thread-1] INFO  storage.RaftStorageDirectory (RaftStorageDirectory.java:analyzeStorage(246)) - The storage directory /workdir/hadoop-ozone/integration-test/target/test-dir/MiniOzoneClusterImpl-078ea463-30a6-4c8a-a8ff-41db0515e22e/datanode-8/data/ratis/ee05e3a2-ec24-46e3-8712-d777741229bf does not exist. Creating ...
2019-09-26 09:21:15,332 [pool-107-thread-1] INFO  storage.RaftStorageDirectory (RaftStorageDirectory.java:tryLock(328)) - Lock on /workdir/hadoop-ozone/integration-test/target/test-dir/MiniOzoneClusterImpl-078ea463-30a6-4c8a-a8ff-41db0515e22e/datanode-8/data/ratis/ee05e3a2-ec24-46e3-8712-d777741229bf/in_use.lock acquired by nodename 11214@pr-hdds-1569-wvzgm-824869521
2019-09-26 09:21:15,345 [pool-107-thread-1] INFO  storage.RaftStorage (RaftStorage.java:format(72)) - Storage directory /workdir/hadoop-ozone/integration-test/target/test-dir/MiniOzoneClusterImpl-078ea463-30a6-4c8a-a8ff-41db0515e22e/datanode-8/data/ratis/ee05e3a2-ec24-46e3-8712-d777741229bf has been successfully formatted.
2019-09-26 09:21:15,346 [pool-107-thread-1] INFO  ratis.ContainerStateMachine (ContainerStateMachine.java:loadSnapshot(230)) - group-D777741229BF: The snapshot info is null. Setting the last applied indexto:(t:0, i:~)
2019-09-26 09:21:15,346 [pool-107-thread-1] INFO  server.RaftServerConfigKeys (ConfUtils.java:logGet(43)) - raft.server.notification.no-leader.timeout = 120s (custom)
2019-09-26 09:21:15,346 [pool-107-thread-1] INFO  server.RaftServerConfigKeys (ConfUtils.java:logGet(43)) - raft.server.log.use.memory = false (default)
2019-09-26 09:21:15,346 [pool-107-thread-1] INFO  server.RaftServerConfigKeys (ConfUtils.java:logGet(43)) - raft.server.log.purge.gap = 1000000 (custom)
2019-09-26 09:21:15,346 [pool-107-thread-1] INFO  server.RaftServerConfigKeys (ConfUtils.java:logGet(43)) - raft.server.log.appender.buffer.byte-limit = 33554432 (custom)
2019-09-26 09:21:15,346 [pool-107-thread-1] INFO  server.RaftServerConfigKeys (ConfUtils.java:logGet(43)) - raft.server.log.segment.size.max = 1048576 (custom)
2019-09-26 09:21:15,346 [pool-107-thread-1] INFO  server.RaftServerConfigKeys (ConfUtils.java:logGet(43)) - raft.server.log.segment.cache.num.max = 2 (custom)
2019-09-26 09:21:15,347 [pool-107-thread-1] INFO  segmented.SegmentedRaftLogWorker (SegmentedRaftLogWorker.java:<init>(172)) - new 45c711e7-a055-41cb-865c-06675942396d@group-D777741229BF-SegmentedRaftLogWorker for RaftStorage:Storage Directory /workdir/hadoop-ozone/integration-test/target/test-dir/MiniOzoneClusterImpl-078ea463-30a6-4c8a-a8ff-41db0515e22e/datanode-8/data/ratis/ee05e3a2-ec24-46e3-8712-d777741229bf
2019-09-26 09:21:15,347 [pool-107-thread-1] INFO  server.RaftServerConfigKeys (ConfUtils.java:logGet(43)) - raft.server.log.queue.byte-limit = 2147483647 (custom)
2019-09-26 09:21:15,347 [pool-107-thread-1] INFO  server.RaftServerConfigKeys (ConfUtils.java:logGet(43)) - raft.server.log.queue.element-limit = 1024 (custom)
2019-09-26 09:21:15,347 [pool-107-thread-1] INFO  server.RaftServerConfigKeys (ConfUtils.java:logGet(43)) - raft.server.log.segment.size.max = 1048576 (custom)
2019-09-26 09:21:15,347 [pool-107-thread-1] INFO  server.RaftServerConfigKeys (ConfUtils.java:logGet(43)) - raft.server.log.preallocated.size = 16384 (custom)
2019-09-26 09:21:15,347 [pool-107-thread-1] INFO  server.RaftServerConfigKeys (ConfUtils.java:logGet(43)) - raft.server.log.write.buffer.size = 33554432 (custom)
2019-09-26 09:21:15,347 [pool-107-thread-1] INFO  server.RaftServerConfigKeys (ConfUtils.java:logGet(43)) - raft.server.log.force.sync.num = 128 (default)
2019-09-26 09:21:15,347 [pool-107-thread-1] INFO  server.RaftServerConfigKeys (ConfUtils.java:logGet(43)) - raft.server.log.statemachine.data.sync = true (default)
2019-09-26 09:21:15,347 [pool-107-thread-1] INFO  server.RaftServerConfigKeys (ConfUtils.java:logGet(43)) - raft.server.log.statemachine.data.sync.timeout = 10s (default)
2019-09-26 09:21:15,347 [pool-107-thread-1] INFO  server.RaftServerConfigKeys (ConfUtils.java:logGet(43)) - raft.server.log.statemachine.data.sync.timeout.retry = -1 (default)
2019-09-26 09:21:15,348 [pool-107-thread-1] INFO  server.RaftServerConfigKeys (ConfUtils.java:logGet(43)) - raft.server.log.statemachine.data.caching.enabled = true (custom)
2019-09-26 09:21:15,348 [pool-107-thread-1] INFO  segmented.SegmentedRaftLogWorker (SegmentedRaftLogWorker.java:lambda$new$0(132)) - 45c711e7-a055-41cb-865c-06675942396d@group-D777741229BF-SegmentedRaftLogWorker: flushIndex: setUnconditionally 0 -> -1
2019-09-26 09:21:15,348 [pool-107-thread-1] INFO  server.RaftServerConfigKeys (ConfUtils.java:logGet(43)) - raft.server.snapshot.auto.trigger.enabled = true (custom)
2019-09-26 09:21:15,348 [pool-107-thread-1] INFO  server.RaftServerConfigKeys (ConfUtils.java:logGet(43)) - raft.server.snapshot.auto.trigger.threshold = 10000 (custom)
2019-09-26 09:21:15,348 [pool-107-thread-1] INFO  server.RaftServerConfigKeys (ConfUtils.java:logGet(43)) - raft.server.snapshot.retention.num.files = 5 (custom)
2019-09-26 09:21:15,348 [pool-107-thread-1] INFO  server.RaftServerConfigKeys (ConfUtils.java:logGet(43)) - raft.server.retrycache.expirytime = 600000ms (custom)
2019-09-26 09:21:15,351 [pool-107-thread-1] INFO  impl.RaftServerImpl (RaftServerImpl.java:start(185)) - 45c711e7-a055-41cb-865c-06675942396d@group-D777741229BF: start as a follower, conf=-1: [45c711e7-a055-41cb-865c-06675942396d:192.168.30.13:38892], old=null
2019-09-26 09:21:15,351 [pool-107-thread-1] INFO  impl.RaftServerImpl (RaftServerImpl.java:setRole(174)) - 45c711e7-a055-41cb-865c-06675942396d@group-D777741229BF: changes role from      null to FOLLOWER at term 0 for startAsFollower
2019-09-26 09:21:15,351 [pool-107-thread-1] INFO  impl.RoleInfo (RoleInfo.java:updateAndGet(143)) - 45c711e7-a055-41cb-865c-06675942396d: start FollowerState
2019-09-26 09:21:15,351 [pool-107-thread-1] INFO  util.JmxRegister (JmxRegister.java:tryRegister(44)) - Successfully registered JMX Bean with object name Ratis:service=RaftServer,group=group-D777741229BF,id=45c711e7-a055-41cb-865c-06675942396d
2019-09-26 09:21:15,354 [RatisPipelineUtilsThread] INFO  pipeline.PipelineStateManager (PipelineStateManager.java:addPipeline(56)) - Created pipeline Pipeline[ Id: ee05e3a2-ec24-46e3-8712-d777741229bf, Nodes: 45c711e7-a055-41cb-865c-06675942396d{ip: 192.168.30.13, host: pr-hdds-1569-wvzgm-824869521, networkLocation: /default-rack, certSerialId: null}, Type:RATIS, Factor:ONE, State:OPEN]
2019-09-26 09:21:15,355 [RatisPipelineUtilsThread] INFO  pipeline.PipelinePlacementPolicy (PipelinePlacementPolicy.java:meetCriteria(91)) - Pipeline Placement: can't place more pipeline on heavy datanode： cdeec377-8f89-4dce-9b26-4d7c58a1953c Heaviness: 6 limit: 5
2019-09-26 09:21:15,355 [RatisPipelineUtilsThread] INFO  pipeline.PipelinePlacementPolicy (PipelinePlacementPolicy.java:meetCriteria(91)) - Pipeline Placement: can't place more pipeline on heavy datanode： 45c711e7-a055-41cb-865c-06675942396d Heaviness: 6 limit: 5
2019-09-26 09:21:15,355 [RatisPipelineUtilsThread] INFO  pipeline.PipelinePlacementPolicy (PipelinePlacementPolicy.java:meetCriteria(91)) - Pipeline Placement: can't place more pipeline on heavy datanode： 1dec72e7-0344-4894-a47b-48d961c58f71 Heaviness: 6 limit: 5
2019-09-26 09:21:15,360 [grpc-default-executor-0] INFO  impl.RaftServerProxy (RaftServerProxy.java:addNew(89)) - 16503525-0504-4dc7-b18b-9a1cb86da45b: addNew group-6128B25BD9D0:[16503525-0504-4dc7-b18b-9a1cb86da45b:192.168.30.13:41943] returns group-6128B25BD9D0:java.util.concurrent.CompletableFuture@7651a7b0[Not completed]
2019-09-26 09:21:15,361 [pool-97-thread-1] INFO  impl.RaftServerImpl (RaftServerImpl.java:<init>(95)) - 16503525-0504-4dc7-b18b-9a1cb86da45b: new RaftServerImpl for group-6128B25BD9D0:[16503525-0504-4dc7-b18b-9a1cb86da45b:192.168.30.13:41943] with ContainerStateMachine:uninitialized
2019-09-26 09:21:15,361 [pool-97-thread-1] INFO  server.RaftServerConfigKeys (ConfUtils.java:logGet(43)) - raft.server.rpc.timeout.min = 5s (custom)
2019-09-26 09:21:15,361 [pool-97-thread-1] INFO  server.RaftServerConfigKeys (ConfUtils.java:logGet(43)) - raft.server.rpc.timeout.max = 5200ms (custom)
2019-09-26 09:21:15,361 [pool-97-thread-1] INFO  server.RaftServerConfigKeys (ConfUtils.java:logGet(43)) - raft.server.rpcslowness.timeout = 120s (custom)
2019-09-26 09:21:15,361 [pool-97-thread-1] INFO  server.RaftServerConfigKeys (ConfUtils.java:logGet(43)) - raft.server.sleep.deviation.threshold = 300 (default)
2019-09-26 09:21:15,362 [pool-97-thread-1] INFO  server.RaftServerConfigKeys (ConfUtils.java:logGet(43)) - raft.server.log.appender.install.snapshot.enabled = false (custom)
2019-09-26 09:21:15,362 [pool-97-thread-1] INFO  impl.RaftServerImpl (ServerState.java:<init>(103)) - 16503525-0504-4dc7-b18b-9a1cb86da45b@group-6128B25BD9D0: ConfigurationManager, init=-1: [16503525-0504-4dc7-b18b-9a1cb86da45b:192.168.30.13:41943], old=null, confs=<EMPTY_MAP>
2019-09-26 09:21:15,362 [pool-97-thread-1] INFO  server.RaftServerConfigKeys (ConfUtils.java:logGet(43)) - raft.server.storage.dir = [/workdir/hadoop-ozone/integration-test/target/test-dir/MiniOzoneClusterImpl-078ea463-30a6-4c8a-a8ff-41db0515e22e/datanode-7/data/ratis] (custom)
2019-09-26 09:21:15,362 [pool-97-thread-1] INFO  storage.RaftStorageDirectory (RaftStorageDirectory.java:analyzeStorage(246)) - The storage directory /workdir/hadoop-ozone/integration-test/target/test-dir/MiniOzoneClusterImpl-078ea463-30a6-4c8a-a8ff-41db0515e22e/datanode-7/data/ratis/8b2345b8-fe7c-4fda-a977-6128b25bd9d0 does not exist. Creating ...
2019-09-26 09:21:15,375 [pool-97-thread-1] INFO  storage.RaftStorageDirectory (RaftStorageDirectory.java:tryLock(328)) - Lock on /workdir/hadoop-ozone/integration-test/target/test-dir/MiniOzoneClusterImpl-078ea463-30a6-4c8a-a8ff-41db0515e22e/datanode-7/data/ratis/8b2345b8-fe7c-4fda-a977-6128b25bd9d0/in_use.lock acquired by nodename 11214@pr-hdds-1569-wvzgm-824869521
2019-09-26 09:21:15,388 [pool-97-thread-1] INFO  storage.RaftStorage (RaftStorage.java:format(72)) - Storage directory /workdir/hadoop-ozone/integration-test/target/test-dir/MiniOzoneClusterImpl-078ea463-30a6-4c8a-a8ff-41db0515e22e/datanode-7/data/ratis/8b2345b8-fe7c-4fda-a977-6128b25bd9d0 has been successfully formatted.
2019-09-26 09:21:15,389 [pool-97-thread-1] INFO  ratis.ContainerStateMachine (ContainerStateMachine.java:loadSnapshot(230)) - group-6128B25BD9D0: The snapshot info is null. Setting the last applied indexto:(t:0, i:~)
2019-09-26 09:21:15,389 [pool-97-thread-1] INFO  server.RaftServerConfigKeys (ConfUtils.java:logGet(43)) - raft.server.notification.no-leader.timeout = 120s (custom)
2019-09-26 09:21:15,389 [pool-97-thread-1] INFO  server.RaftServerConfigKeys (ConfUtils.java:logGet(43)) - raft.server.log.use.memory = false (default)
2019-09-26 09:21:15,389 [pool-97-thread-1] INFO  server.RaftServerConfigKeys (ConfUtils.java:logGet(43)) - raft.server.log.purge.gap = 1000000 (custom)
2019-09-26 09:21:15,389 [pool-97-thread-1] INFO  server.RaftServerConfigKeys (ConfUtils.java:logGet(43)) - raft.server.log.appender.buffer.byte-limit = 33554432 (custom)
2019-09-26 09:21:15,389 [pool-97-thread-1] INFO  server.RaftServerConfigKeys (ConfUtils.java:logGet(43)) - raft.server.log.segment.size.max = 1048576 (custom)
2019-09-26 09:21:15,390 [pool-97-thread-1] INFO  server.RaftServerConfigKeys (ConfUtils.java:logGet(43)) - raft.server.log.segment.cache.num.max = 2 (custom)
2019-09-26 09:21:15,390 [pool-97-thread-1] INFO  segmented.SegmentedRaftLogWorker (SegmentedRaftLogWorker.java:<init>(172)) - new 16503525-0504-4dc7-b18b-9a1cb86da45b@group-6128B25BD9D0-SegmentedRaftLogWorker for RaftStorage:Storage Directory /workdir/hadoop-ozone/integration-test/target/test-dir/MiniOzoneClusterImpl-078ea463-30a6-4c8a-a8ff-41db0515e22e/datanode-7/data/ratis/8b2345b8-fe7c-4fda-a977-6128b25bd9d0
2019-09-26 09:21:15,390 [pool-97-thread-1] INFO  server.RaftServerConfigKeys (ConfUtils.java:logGet(43)) - raft.server.log.queue.byte-limit = 2147483647 (custom)
2019-09-26 09:21:15,390 [pool-97-thread-1] INFO  server.RaftServerConfigKeys (ConfUtils.java:logGet(43)) - raft.server.log.queue.element-limit = 1024 (custom)
2019-09-26 09:21:15,390 [pool-97-thread-1] INFO  server.RaftServerConfigKeys (ConfUtils.java:logGet(43)) - raft.server.log.segment.size.max = 1048576 (custom)
2019-09-26 09:21:15,390 [pool-97-thread-1] INFO  server.RaftServerConfigKeys (ConfUtils.java:logGet(43)) - raft.server.log.preallocated.size = 16384 (custom)
2019-09-26 09:21:15,390 [pool-97-thread-1] INFO  server.RaftServerConfigKeys (ConfUtils.java:logGet(43)) - raft.server.log.write.buffer.size = 33554432 (custom)
2019-09-26 09:21:15,390 [pool-97-thread-1] INFO  server.RaftServerConfigKeys (ConfUtils.java:logGet(43)) - raft.server.log.force.sync.num = 128 (default)
2019-09-26 09:21:15,390 [pool-97-thread-1] INFO  server.RaftServerConfigKeys (ConfUtils.java:logGet(43)) - raft.server.log.statemachine.data.sync = true (default)
2019-09-26 09:21:15,390 [pool-97-thread-1] INFO  server.RaftServerConfigKeys (ConfUtils.java:logGet(43)) - raft.server.log.statemachine.data.sync.timeout = 10s (default)
2019-09-26 09:21:15,391 [pool-97-thread-1] INFO  server.RaftServerConfigKeys (ConfUtils.java:logGet(43)) - raft.server.log.statemachine.data.sync.timeout.retry = -1 (default)
2019-09-26 09:21:15,391 [pool-97-thread-1] INFO  server.RaftServerConfigKeys (ConfUtils.java:logGet(43)) - raft.server.log.statemachine.data.caching.enabled = true (custom)
2019-09-26 09:21:15,391 [pool-97-thread-1] INFO  segmented.SegmentedRaftLogWorker (SegmentedRaftLogWorker.java:lambda$new$0(132)) - 16503525-0504-4dc7-b18b-9a1cb86da45b@group-6128B25BD9D0-SegmentedRaftLogWorker: flushIndex: setUnconditionally 0 -> -1
2019-09-26 09:21:15,391 [pool-97-thread-1] INFO  server.RaftServerConfigKeys (ConfUtils.java:logGet(43)) - raft.server.snapshot.auto.trigger.enabled = true (custom)
2019-09-26 09:21:15,391 [pool-97-thread-1] INFO  server.RaftServerConfigKeys (ConfUtils.java:logGet(43)) - raft.server.snapshot.auto.trigger.threshold = 10000 (custom)
2019-09-26 09:21:15,391 [pool-97-thread-1] INFO  server.RaftServerConfigKeys (ConfUtils.java:logGet(43)) - raft.server.snapshot.retention.num.files = 5 (custom)
2019-09-26 09:21:15,392 [pool-97-thread-1] INFO  server.RaftServerConfigKeys (ConfUtils.java:logGet(43)) - raft.server.retrycache.expirytime = 600000ms (custom)
2019-09-26 09:21:15,394 [pool-97-thread-1] INFO  impl.RaftServerImpl (RaftServerImpl.java:start(185)) - 16503525-0504-4dc7-b18b-9a1cb86da45b@group-6128B25BD9D0: start as a follower, conf=-1: [16503525-0504-4dc7-b18b-9a1cb86da45b:192.168.30.13:41943], old=null
2019-09-26 09:21:15,394 [pool-97-thread-1] INFO  impl.RaftServerImpl (RaftServerImpl.java:setRole(174)) - 16503525-0504-4dc7-b18b-9a1cb86da45b@group-6128B25BD9D0: changes role from      null to FOLLOWER at term 0 for startAsFollower
2019-09-26 09:21:15,394 [pool-97-thread-1] INFO  impl.RoleInfo (RoleInfo.java:updateAndGet(143)) - 16503525-0504-4dc7-b18b-9a1cb86da45b: start FollowerState
2019-09-26 09:21:15,394 [pool-97-thread-1] INFO  util.JmxRegister (JmxRegister.java:tryRegister(44)) - Successfully registered JMX Bean with object name Ratis:service=RaftServer,group=group-6128B25BD9D0,id=16503525-0504-4dc7-b18b-9a1cb86da45b
2019-09-26 09:21:15,398 [RatisPipelineUtilsThread] INFO  pipeline.PipelineStateManager (PipelineStateManager.java:addPipeline(56)) - Created pipeline Pipeline[ Id: 8b2345b8-fe7c-4fda-a977-6128b25bd9d0, Nodes: 16503525-0504-4dc7-b18b-9a1cb86da45b{ip: 192.168.30.13, host: pr-hdds-1569-wvzgm-824869521, networkLocation: /default-rack, certSerialId: null}, Type:RATIS, Factor:ONE, State:OPEN]
2019-09-26 09:21:15,399 [RatisPipelineUtilsThread] INFO  pipeline.PipelinePlacementPolicy (PipelinePlacementPolicy.java:meetCriteria(91)) - Pipeline Placement: can't place more pipeline on heavy datanode： cdeec377-8f89-4dce-9b26-4d7c58a1953c Heaviness: 6 limit: 5
2019-09-26 09:21:15,399 [RatisPipelineUtilsThread] INFO  pipeline.PipelinePlacementPolicy (PipelinePlacementPolicy.java:meetCriteria(91)) - Pipeline Placement: can't place more pipeline on heavy datanode： 45c711e7-a055-41cb-865c-06675942396d Heaviness: 6 limit: 5
2019-09-26 09:21:15,399 [RatisPipelineUtilsThread] INFO  pipeline.PipelinePlacementPolicy (PipelinePlacementPolicy.java:meetCriteria(91)) - Pipeline Placement: can't place more pipeline on heavy datanode： 1dec72e7-0344-4894-a47b-48d961c58f71 Heaviness: 6 limit: 5
2019-09-26 09:21:15,407 [grpc-default-executor-0] INFO  impl.RaftServerProxy (RaftServerProxy.java:addNew(89)) - 3750858d-06c8-40e1-8c05-0037147842e2: addNew group-5E018D13E389:[3750858d-06c8-40e1-8c05-0037147842e2:192.168.30.13:41582] returns group-5E018D13E389:java.util.concurrent.CompletableFuture@3631bec8[Not completed]
2019-09-26 09:21:15,409 [pool-77-thread-1] INFO  impl.RaftServerImpl (RaftServerImpl.java:<init>(95)) - 3750858d-06c8-40e1-8c05-0037147842e2: new RaftServerImpl for group-5E018D13E389:[3750858d-06c8-40e1-8c05-0037147842e2:192.168.30.13:41582] with ContainerStateMachine:uninitialized
2019-09-26 09:21:15,409 [pool-77-thread-1] INFO  server.RaftServerConfigKeys (ConfUtils.java:logGet(43)) - raft.server.rpc.timeout.min = 5s (custom)
2019-09-26 09:21:15,409 [pool-77-thread-1] INFO  server.RaftServerConfigKeys (ConfUtils.java:logGet(43)) - raft.server.rpc.timeout.max = 5200ms (custom)
2019-09-26 09:21:15,409 [pool-77-thread-1] INFO  server.RaftServerConfigKeys (ConfUtils.java:logGet(43)) - raft.server.rpcslowness.timeout = 120s (custom)
2019-09-26 09:21:15,409 [pool-77-thread-1] INFO  server.RaftServerConfigKeys (ConfUtils.java:logGet(43)) - raft.server.sleep.deviation.threshold = 300 (default)
2019-09-26 09:21:15,409 [pool-77-thread-1] INFO  server.RaftServerConfigKeys (ConfUtils.java:logGet(43)) - raft.server.log.appender.install.snapshot.enabled = false (custom)
2019-09-26 09:21:15,410 [pool-77-thread-1] INFO  impl.RaftServerImpl (ServerState.java:<init>(103)) - 3750858d-06c8-40e1-8c05-0037147842e2@group-5E018D13E389: ConfigurationManager, init=-1: [3750858d-06c8-40e1-8c05-0037147842e2:192.168.30.13:41582], old=null, confs=<EMPTY_MAP>
2019-09-26 09:21:15,410 [pool-77-thread-1] INFO  server.RaftServerConfigKeys (ConfUtils.java:logGet(43)) - raft.server.storage.dir = [/workdir/hadoop-ozone/integration-test/target/test-dir/MiniOzoneClusterImpl-078ea463-30a6-4c8a-a8ff-41db0515e22e/datanode-5/data/ratis] (custom)
2019-09-26 09:21:15,410 [pool-77-thread-1] INFO  storage.RaftStorageDirectory (RaftStorageDirectory.java:analyzeStorage(246)) - The storage directory /workdir/hadoop-ozone/integration-test/target/test-dir/MiniOzoneClusterImpl-078ea463-30a6-4c8a-a8ff-41db0515e22e/datanode-5/data/ratis/4a12426f-ae59-4b5e-bfb5-5e018d13e389 does not exist. Creating ...
2019-09-26 09:21:15,455 [pool-77-thread-1] INFO  storage.RaftStorageDirectory (RaftStorageDirectory.java:tryLock(328)) - Lock on /workdir/hadoop-ozone/integration-test/target/test-dir/MiniOzoneClusterImpl-078ea463-30a6-4c8a-a8ff-41db0515e22e/datanode-5/data/ratis/4a12426f-ae59-4b5e-bfb5-5e018d13e389/in_use.lock acquired by nodename 11214@pr-hdds-1569-wvzgm-824869521
2019-09-26 09:21:15,464 [pool-77-thread-1] INFO  storage.RaftStorage (RaftStorage.java:format(72)) - Storage directory /workdir/hadoop-ozone/integration-test/target/test-dir/MiniOzoneClusterImpl-078ea463-30a6-4c8a-a8ff-41db0515e22e/datanode-5/data/ratis/4a12426f-ae59-4b5e-bfb5-5e018d13e389 has been successfully formatted.
2019-09-26 09:21:15,464 [pool-77-thread-1] INFO  ratis.ContainerStateMachine (ContainerStateMachine.java:loadSnapshot(230)) - group-5E018D13E389: The snapshot info is null. Setting the last applied indexto:(t:0, i:~)
2019-09-26 09:21:15,465 [pool-77-thread-1] INFO  server.RaftServerConfigKeys (ConfUtils.java:logGet(43)) - raft.server.notification.no-leader.timeout = 120s (custom)
2019-09-26 09:21:15,465 [pool-77-thread-1] INFO  server.RaftServerConfigKeys (ConfUtils.java:logGet(43)) - raft.server.log.use.memory = false (default)
2019-09-26 09:21:15,465 [pool-77-thread-1] INFO  server.RaftServerConfigKeys (ConfUtils.java:logGet(43)) - raft.server.log.purge.gap = 1000000 (custom)
2019-09-26 09:21:15,465 [pool-77-thread-1] INFO  server.RaftServerConfigKeys (ConfUtils.java:logGet(43)) - raft.server.log.appender.buffer.byte-limit = 33554432 (custom)
2019-09-26 09:21:15,465 [pool-77-thread-1] INFO  server.RaftServerConfigKeys (ConfUtils.java:logGet(43)) - raft.server.log.segment.size.max = 1048576 (custom)
2019-09-26 09:21:15,466 [pool-77-thread-1] INFO  server.RaftServerConfigKeys (ConfUtils.java:logGet(43)) - raft.server.log.segment.cache.num.max = 2 (custom)
2019-09-26 09:21:15,466 [pool-77-thread-1] INFO  segmented.SegmentedRaftLogWorker (SegmentedRaftLogWorker.java:<init>(172)) - new 3750858d-06c8-40e1-8c05-0037147842e2@group-5E018D13E389-SegmentedRaftLogWorker for RaftStorage:Storage Directory /workdir/hadoop-ozone/integration-test/target/test-dir/MiniOzoneClusterImpl-078ea463-30a6-4c8a-a8ff-41db0515e22e/datanode-5/data/ratis/4a12426f-ae59-4b5e-bfb5-5e018d13e389
2019-09-26 09:21:15,466 [pool-77-thread-1] INFO  server.RaftServerConfigKeys (ConfUtils.java:logGet(43)) - raft.server.log.queue.byte-limit = 2147483647 (custom)
2019-09-26 09:21:15,466 [pool-77-thread-1] INFO  server.RaftServerConfigKeys (ConfUtils.java:logGet(43)) - raft.server.log.queue.element-limit = 1024 (custom)
2019-09-26 09:21:15,466 [pool-77-thread-1] INFO  server.RaftServerConfigKeys (ConfUtils.java:logGet(43)) - raft.server.log.segment.size.max = 1048576 (custom)
2019-09-26 09:21:15,467 [pool-77-thread-1] INFO  server.RaftServerConfigKeys (ConfUtils.java:logGet(43)) - raft.server.log.preallocated.size = 16384 (custom)
2019-09-26 09:21:15,467 [pool-77-thread-1] INFO  server.RaftServerConfigKeys (ConfUtils.java:logGet(43)) - raft.server.log.write.buffer.size = 33554432 (custom)
2019-09-26 09:21:15,467 [pool-77-thread-1] INFO  server.RaftServerConfigKeys (ConfUtils.java:logGet(43)) - raft.server.log.force.sync.num = 128 (default)
2019-09-26 09:21:15,467 [pool-77-thread-1] INFO  server.RaftServerConfigKeys (ConfUtils.java:logGet(43)) - raft.server.log.statemachine.data.sync = true (default)
2019-09-26 09:21:15,467 [pool-77-thread-1] INFO  server.RaftServerConfigKeys (ConfUtils.java:logGet(43)) - raft.server.log.statemachine.data.sync.timeout = 10s (default)
2019-09-26 09:21:15,467 [pool-77-thread-1] INFO  server.RaftServerConfigKeys (ConfUtils.java:logGet(43)) - raft.server.log.statemachine.data.sync.timeout.retry = -1 (default)
2019-09-26 09:21:15,468 [pool-77-thread-1] INFO  server.RaftServerConfigKeys (ConfUtils.java:logGet(43)) - raft.server.log.statemachine.data.caching.enabled = true (custom)
2019-09-26 09:21:15,468 [pool-77-thread-1] INFO  segmented.SegmentedRaftLogWorker (SegmentedRaftLogWorker.java:lambda$new$0(132)) - 3750858d-06c8-40e1-8c05-0037147842e2@group-5E018D13E389-SegmentedRaftLogWorker: flushIndex: setUnconditionally 0 -> -1
2019-09-26 09:21:15,469 [pool-77-thread-1] INFO  server.RaftServerConfigKeys (ConfUtils.java:logGet(43)) - raft.server.snapshot.auto.trigger.enabled = true (custom)
2019-09-26 09:21:15,469 [pool-77-thread-1] INFO  server.RaftServerConfigKeys (ConfUtils.java:logGet(43)) - raft.server.snapshot.auto.trigger.threshold = 10000 (custom)
2019-09-26 09:21:15,469 [pool-77-thread-1] INFO  server.RaftServerConfigKeys (ConfUtils.java:logGet(43)) - raft.server.snapshot.retention.num.files = 5 (custom)
2019-09-26 09:21:15,469 [pool-77-thread-1] INFO  server.RaftServerConfigKeys (ConfUtils.java:logGet(43)) - raft.server.retrycache.expirytime = 600000ms (custom)
2019-09-26 09:21:15,473 [pool-77-thread-1] INFO  impl.RaftServerImpl (RaftServerImpl.java:start(185)) - 3750858d-06c8-40e1-8c05-0037147842e2@group-5E018D13E389: start as a follower, conf=-1: [3750858d-06c8-40e1-8c05-0037147842e2:192.168.30.13:41582], old=null
2019-09-26 09:21:15,474 [pool-77-thread-1] INFO  impl.RaftServerImpl (RaftServerImpl.java:setRole(174)) - 3750858d-06c8-40e1-8c05-0037147842e2@group-5E018D13E389: changes role from      null to FOLLOWER at term 0 for startAsFollower
2019-09-26 09:21:15,474 [pool-77-thread-1] INFO  impl.RoleInfo (RoleInfo.java:updateAndGet(143)) - 3750858d-06c8-40e1-8c05-0037147842e2: start FollowerState
2019-09-26 09:21:15,474 [pool-77-thread-1] INFO  util.JmxRegister (JmxRegister.java:tryRegister(44)) - Successfully registered JMX Bean with object name Ratis:service=RaftServer,group=group-5E018D13E389,id=3750858d-06c8-40e1-8c05-0037147842e2
2019-09-26 09:21:15,478 [RatisPipelineUtilsThread] INFO  pipeline.PipelineStateManager (PipelineStateManager.java:addPipeline(56)) - Created pipeline Pipeline[ Id: 4a12426f-ae59-4b5e-bfb5-5e018d13e389, Nodes: 3750858d-06c8-40e1-8c05-0037147842e2{ip: 192.168.30.13, host: pr-hdds-1569-wvzgm-824869521, networkLocation: /default-rack, certSerialId: null}, Type:RATIS, Factor:ONE, State:OPEN]
2019-09-26 09:21:15,478 [RatisPipelineUtilsThread] INFO  pipeline.PipelinePlacementPolicy (PipelinePlacementPolicy.java:meetCriteria(91)) - Pipeline Placement: can't place more pipeline on heavy datanode： cdeec377-8f89-4dce-9b26-4d7c58a1953c Heaviness: 6 limit: 5
2019-09-26 09:21:15,478 [RatisPipelineUtilsThread] INFO  pipeline.PipelinePlacementPolicy (PipelinePlacementPolicy.java:meetCriteria(91)) - Pipeline Placement: can't place more pipeline on heavy datanode： 45c711e7-a055-41cb-865c-06675942396d Heaviness: 6 limit: 5
2019-09-26 09:21:15,479 [RatisPipelineUtilsThread] INFO  pipeline.PipelinePlacementPolicy (PipelinePlacementPolicy.java:meetCriteria(91)) - Pipeline Placement: can't place more pipeline on heavy datanode： 1dec72e7-0344-4894-a47b-48d961c58f71 Heaviness: 6 limit: 5
2019-09-26 09:21:15,485 [grpc-default-executor-0] INFO  impl.RaftServerProxy (RaftServerProxy.java:addNew(89)) - 5979e283-d20e-4620-920d-03c0cf6ae99c: addNew group-C9D67B0D3931:[5979e283-d20e-4620-920d-03c0cf6ae99c:192.168.30.13:39443] returns group-C9D67B0D3931:java.util.concurrent.CompletableFuture@41630823[Not completed]
2019-09-26 09:21:15,487 [pool-87-thread-1] INFO  impl.RaftServerImpl (RaftServerImpl.java:<init>(95)) - 5979e283-d20e-4620-920d-03c0cf6ae99c: new RaftServerImpl for group-C9D67B0D3931:[5979e283-d20e-4620-920d-03c0cf6ae99c:192.168.30.13:39443] with ContainerStateMachine:uninitialized
2019-09-26 09:21:15,487 [pool-87-thread-1] INFO  server.RaftServerConfigKeys (ConfUtils.java:logGet(43)) - raft.server.rpc.timeout.min = 5s (custom)
2019-09-26 09:21:15,487 [pool-87-thread-1] INFO  server.RaftServerConfigKeys (ConfUtils.java:logGet(43)) - raft.server.rpc.timeout.max = 5200ms (custom)
2019-09-26 09:21:15,487 [pool-87-thread-1] INFO  server.RaftServerConfigKeys (ConfUtils.java:logGet(43)) - raft.server.rpcslowness.timeout = 120s (custom)
2019-09-26 09:21:15,487 [pool-87-thread-1] INFO  server.RaftServerConfigKeys (ConfUtils.java:logGet(43)) - raft.server.sleep.deviation.threshold = 300 (default)
2019-09-26 09:21:15,488 [pool-87-thread-1] INFO  server.RaftServerConfigKeys (ConfUtils.java:logGet(43)) - raft.server.log.appender.install.snapshot.enabled = false (custom)
2019-09-26 09:21:15,488 [pool-87-thread-1] INFO  impl.RaftServerImpl (ServerState.java:<init>(103)) - 5979e283-d20e-4620-920d-03c0cf6ae99c@group-C9D67B0D3931: ConfigurationManager, init=-1: [5979e283-d20e-4620-920d-03c0cf6ae99c:192.168.30.13:39443], old=null, confs=<EMPTY_MAP>
2019-09-26 09:21:15,488 [pool-87-thread-1] INFO  server.RaftServerConfigKeys (ConfUtils.java:logGet(43)) - raft.server.storage.dir = [/workdir/hadoop-ozone/integration-test/target/test-dir/MiniOzoneClusterImpl-078ea463-30a6-4c8a-a8ff-41db0515e22e/datanode-6/data/ratis] (custom)
2019-09-26 09:21:15,488 [pool-87-thread-1] INFO  storage.RaftStorageDirectory (RaftStorageDirectory.java:analyzeStorage(246)) - The storage directory /workdir/hadoop-ozone/integration-test/target/test-dir/MiniOzoneClusterImpl-078ea463-30a6-4c8a-a8ff-41db0515e22e/datanode-6/data/ratis/ffd79966-d587-4100-8f79-c9d67b0d3931 does not exist. Creating ...
2019-09-26 09:21:15,508 [Thread-303] INFO  impl.FollowerState (FollowerState.java:run(106)) - 9ce5e10e-717d-4ed3-be0e-b6018052c3d2:group-B47B8FA9679F changes to CANDIDATE, lastRpcTime:5000, electionTimeout:5000ms
2019-09-26 09:21:15,508 [Thread-303] INFO  impl.RoleInfo (RoleInfo.java:shutdownFollowerState(121)) - 9ce5e10e-717d-4ed3-be0e-b6018052c3d2: shutdown FollowerState
2019-09-26 09:21:15,508 [Thread-303] INFO  impl.RaftServerImpl (RaftServerImpl.java:setRole(174)) - 9ce5e10e-717d-4ed3-be0e-b6018052c3d2@group-B47B8FA9679F: changes role from  FOLLOWER to CANDIDATE at term 0 for changeToCandidate
2019-09-26 09:21:15,509 [Thread-303] INFO  impl.RoleInfo (RoleInfo.java:updateAndGet(143)) - 9ce5e10e-717d-4ed3-be0e-b6018052c3d2: start LeaderElection
2019-09-26 09:21:15,517 [pool-87-thread-1] INFO  storage.RaftStorageDirectory (RaftStorageDirectory.java:tryLock(328)) - Lock on /workdir/hadoop-ozone/integration-test/target/test-dir/MiniOzoneClusterImpl-078ea463-30a6-4c8a-a8ff-41db0515e22e/datanode-6/data/ratis/ffd79966-d587-4100-8f79-c9d67b0d3931/in_use.lock acquired by nodename 11214@pr-hdds-1569-wvzgm-824869521
2019-09-26 09:21:15,527 [pool-87-thread-1] INFO  storage.RaftStorage (RaftStorage.java:format(72)) - Storage directory /workdir/hadoop-ozone/integration-test/target/test-dir/MiniOzoneClusterImpl-078ea463-30a6-4c8a-a8ff-41db0515e22e/datanode-6/data/ratis/ffd79966-d587-4100-8f79-c9d67b0d3931 has been successfully formatted.
2019-09-26 09:21:15,527 [9ce5e10e-717d-4ed3-be0e-b6018052c3d2@group-B47B8FA9679F:LeaderElection7] INFO  impl.LeaderElection (LeaderElection.java:askForVotes(182)) - 9ce5e10e-717d-4ed3-be0e-b6018052c3d2@group-B47B8FA9679F:LeaderElection7: begin an election at term 1 for -1: [9ce5e10e-717d-4ed3-be0e-b6018052c3d2:192.168.30.13:37649], old=null
2019-09-26 09:21:15,527 [9ce5e10e-717d-4ed3-be0e-b6018052c3d2@group-B47B8FA9679F:LeaderElection7] INFO  impl.RoleInfo (RoleInfo.java:shutdownLeaderElection(134)) - 9ce5e10e-717d-4ed3-be0e-b6018052c3d2: shutdown LeaderElection
2019-09-26 09:21:15,527 [pool-87-thread-1] INFO  ratis.ContainerStateMachine (ContainerStateMachine.java:loadSnapshot(230)) - group-C9D67B0D3931: The snapshot info is null. Setting the last applied indexto:(t:0, i:~)
2019-09-26 09:21:15,527 [9ce5e10e-717d-4ed3-be0e-b6018052c3d2@group-B47B8FA9679F:LeaderElection7] INFO  impl.RaftServerImpl (RaftServerImpl.java:setRole(174)) - 9ce5e10e-717d-4ed3-be0e-b6018052c3d2@group-B47B8FA9679F: changes role from CANDIDATE to LEADER at term 1 for changeToLeader
2019-09-26 09:21:15,527 [pool-87-thread-1] INFO  server.RaftServerConfigKeys (ConfUtils.java:logGet(43)) - raft.server.notification.no-leader.timeout = 120s (custom)
2019-09-26 09:21:15,527 [9ce5e10e-717d-4ed3-be0e-b6018052c3d2@group-B47B8FA9679F:LeaderElection7] INFO  impl.RaftServerImpl (ServerState.java:setLeader(253)) - 9ce5e10e-717d-4ed3-be0e-b6018052c3d2@group-B47B8FA9679F: change Leader from null to 9ce5e10e-717d-4ed3-be0e-b6018052c3d2 at term 1 for becomeLeader, leader elected after 5032ms
2019-09-26 09:21:15,527 [pool-87-thread-1] INFO  server.RaftServerConfigKeys (ConfUtils.java:logGet(43)) - raft.server.log.use.memory = false (default)
2019-09-26 09:21:15,527 [9ce5e10e-717d-4ed3-be0e-b6018052c3d2@group-B47B8FA9679F:LeaderElection7] INFO  server.RaftServerConfigKeys (ConfUtils.java:logGet(43)) - raft.server.staging.catchup.gap = 1000 (default)
2019-09-26 09:21:15,528 [pool-87-thread-1] INFO  server.RaftServerConfigKeys (ConfUtils.java:logGet(43)) - raft.server.log.purge.gap = 1000000 (custom)
2019-09-26 09:21:15,528 [9ce5e10e-717d-4ed3-be0e-b6018052c3d2@group-B47B8FA9679F:LeaderElection7] INFO  server.RaftServerConfigKeys (ConfUtils.java:logGet(43)) - raft.server.rpc.sleep.time = 25ms (default)
2019-09-26 09:21:15,528 [pool-87-thread-1] INFO  server.RaftServerConfigKeys (ConfUtils.java:logGet(43)) - raft.server.log.appender.buffer.byte-limit = 33554432 (custom)
2019-09-26 09:21:15,528 [9ce5e10e-717d-4ed3-be0e-b6018052c3d2@group-B47B8FA9679F:LeaderElection7] INFO  server.RaftServerConfigKeys (ConfUtils.java:logGet(43)) - raft.server.write.element-limit = 4096 (default)
2019-09-26 09:21:15,528 [pool-87-thread-1] INFO  server.RaftServerConfigKeys (ConfUtils.java:logGet(43)) - raft.server.log.segment.size.max = 1048576 (custom)
2019-09-26 09:21:15,528 [9ce5e10e-717d-4ed3-be0e-b6018052c3d2@group-B47B8FA9679F:LeaderElection7] INFO  server.RaftServerConfigKeys (ConfUtils.java:logGet(43)) - raft.server.watch.timeout = 10s (default)
2019-09-26 09:21:15,528 [pool-87-thread-1] INFO  server.RaftServerConfigKeys (ConfUtils.java:logGet(43)) - raft.server.log.segment.cache.num.max = 2 (custom)
2019-09-26 09:21:15,528 [9ce5e10e-717d-4ed3-be0e-b6018052c3d2@group-B47B8FA9679F:LeaderElection7] INFO  server.RaftServerConfigKeys (ConfUtils.java:logGet(43)) - raft.server.watch.timeout.denomination = 1s (default)
2019-09-26 09:21:15,528 [pool-87-thread-1] INFO  segmented.SegmentedRaftLogWorker (SegmentedRaftLogWorker.java:<init>(172)) - new 5979e283-d20e-4620-920d-03c0cf6ae99c@group-C9D67B0D3931-SegmentedRaftLogWorker for RaftStorage:Storage Directory /workdir/hadoop-ozone/integration-test/target/test-dir/MiniOzoneClusterImpl-078ea463-30a6-4c8a-a8ff-41db0515e22e/datanode-6/data/ratis/ffd79966-d587-4100-8f79-c9d67b0d3931
2019-09-26 09:21:15,528 [9ce5e10e-717d-4ed3-be0e-b6018052c3d2@group-B47B8FA9679F:LeaderElection7] INFO  server.RaftServerConfigKeys (ConfUtils.java:logGet(43)) - raft.server.watch.element-limit = 65536 (default)
2019-09-26 09:21:15,529 [pool-87-thread-1] INFO  server.RaftServerConfigKeys (ConfUtils.java:logGet(43)) - raft.server.log.queue.byte-limit = 2147483647 (custom)
2019-09-26 09:21:15,529 [pool-87-thread-1] INFO  server.RaftServerConfigKeys (ConfUtils.java:logGet(43)) - raft.server.log.queue.element-limit = 1024 (custom)
2019-09-26 09:21:15,529 [pool-87-thread-1] INFO  server.RaftServerConfigKeys (ConfUtils.java:logGet(43)) - raft.server.log.segment.size.max = 1048576 (custom)
2019-09-26 09:21:15,529 [pool-87-thread-1] INFO  server.RaftServerConfigKeys (ConfUtils.java:logGet(43)) - raft.server.log.preallocated.size = 16384 (custom)
2019-09-26 09:21:15,529 [pool-87-thread-1] INFO  server.RaftServerConfigKeys (ConfUtils.java:logGet(43)) - raft.server.log.write.buffer.size = 33554432 (custom)
2019-09-26 09:21:15,529 [pool-87-thread-1] INFO  server.RaftServerConfigKeys (ConfUtils.java:logGet(43)) - raft.server.log.force.sync.num = 128 (default)
2019-09-26 09:21:15,530 [pool-87-thread-1] INFO  server.RaftServerConfigKeys (ConfUtils.java:logGet(43)) - raft.server.log.statemachine.data.sync = true (default)
2019-09-26 09:21:15,530 [pool-87-thread-1] INFO  server.RaftServerConfigKeys (ConfUtils.java:logGet(43)) - raft.server.log.statemachine.data.sync.timeout = 10s (default)
2019-09-26 09:21:15,530 [pool-87-thread-1] INFO  server.RaftServerConfigKeys (ConfUtils.java:logGet(43)) - raft.server.log.statemachine.data.sync.timeout.retry = -1 (default)
2019-09-26 09:21:15,530 [pool-87-thread-1] INFO  server.RaftServerConfigKeys (ConfUtils.java:logGet(43)) - raft.server.log.statemachine.data.caching.enabled = true (custom)
2019-09-26 09:21:15,530 [pool-87-thread-1] INFO  segmented.SegmentedRaftLogWorker (SegmentedRaftLogWorker.java:lambda$new$0(132)) - 5979e283-d20e-4620-920d-03c0cf6ae99c@group-C9D67B0D3931-SegmentedRaftLogWorker: flushIndex: setUnconditionally 0 -> -1
2019-09-26 09:21:15,531 [9ce5e10e-717d-4ed3-be0e-b6018052c3d2@group-B47B8FA9679F:LeaderElection7] INFO  impl.RoleInfo (RoleInfo.java:updateAndGet(143)) - 9ce5e10e-717d-4ed3-be0e-b6018052c3d2: start LeaderState
2019-09-26 09:21:15,531 [pool-87-thread-1] INFO  server.RaftServerConfigKeys (ConfUtils.java:logGet(43)) - raft.server.snapshot.auto.trigger.enabled = true (custom)
2019-09-26 09:21:15,531 [9ce5e10e-717d-4ed3-be0e-b6018052c3d2@group-B47B8FA9679F:LeaderElection7] INFO  segmented.SegmentedRaftLogWorker (SegmentedRaftLogWorker.java:startLogSegment(380)) - 9ce5e10e-717d-4ed3-be0e-b6018052c3d2@group-B47B8FA9679F-SegmentedRaftLogWorker: Starting segment from index:0
2019-09-26 09:21:15,531 [pool-87-thread-1] INFO  server.RaftServerConfigKeys (ConfUtils.java:logGet(43)) - raft.server.snapshot.auto.trigger.threshold = 10000 (custom)
2019-09-26 09:21:15,531 [pool-87-thread-1] INFO  server.RaftServerConfigKeys (ConfUtils.java:logGet(43)) - raft.server.snapshot.retention.num.files = 5 (custom)
2019-09-26 09:21:15,531 [9ce5e10e-717d-4ed3-be0e-b6018052c3d2@group-B47B8FA9679F:LeaderElection7] INFO  impl.RaftServerImpl (ServerState.java:setRaftConf(354)) - 9ce5e10e-717d-4ed3-be0e-b6018052c3d2@group-B47B8FA9679F: set configuration 0: [9ce5e10e-717d-4ed3-be0e-b6018052c3d2:192.168.30.13:37649], old=null at 0
2019-09-26 09:21:15,531 [pool-87-thread-1] INFO  server.RaftServerConfigKeys (ConfUtils.java:logGet(43)) - raft.server.retrycache.expirytime = 600000ms (custom)
2019-09-26 09:21:15,568 [pool-87-thread-1] INFO  impl.RaftServerImpl (RaftServerImpl.java:start(185)) - 5979e283-d20e-4620-920d-03c0cf6ae99c@group-C9D67B0D3931: start as a follower, conf=-1: [5979e283-d20e-4620-920d-03c0cf6ae99c:192.168.30.13:39443], old=null
2019-09-26 09:21:15,568 [pool-87-thread-1] INFO  impl.RaftServerImpl (RaftServerImpl.java:setRole(174)) - 5979e283-d20e-4620-920d-03c0cf6ae99c@group-C9D67B0D3931: changes role from      null to FOLLOWER at term 0 for startAsFollower
2019-09-26 09:21:15,568 [pool-87-thread-1] INFO  impl.RoleInfo (RoleInfo.java:updateAndGet(143)) - 5979e283-d20e-4620-920d-03c0cf6ae99c: start FollowerState
2019-09-26 09:21:15,568 [pool-87-thread-1] INFO  util.JmxRegister (JmxRegister.java:tryRegister(44)) - Successfully registered JMX Bean with object name Ratis:service=RaftServer,group=group-C9D67B0D3931,id=5979e283-d20e-4620-920d-03c0cf6ae99c
2019-09-26 09:21:15,572 [RatisPipelineUtilsThread] INFO  pipeline.PipelineStateManager (PipelineStateManager.java:addPipeline(56)) - Created pipeline Pipeline[ Id: ffd79966-d587-4100-8f79-c9d67b0d3931, Nodes: 5979e283-d20e-4620-920d-03c0cf6ae99c{ip: 192.168.30.13, host: pr-hdds-1569-wvzgm-824869521, networkLocation: /default-rack, certSerialId: null}, Type:RATIS, Factor:ONE, State:OPEN]
2019-09-26 09:21:15,572 [RatisPipelineUtilsThread] INFO  pipeline.PipelinePlacementPolicy (PipelinePlacementPolicy.java:meetCriteria(91)) - Pipeline Placement: can't place more pipeline on heavy datanode： cdeec377-8f89-4dce-9b26-4d7c58a1953c Heaviness: 6 limit: 5
2019-09-26 09:21:15,572 [RatisPipelineUtilsThread] INFO  pipeline.PipelinePlacementPolicy (PipelinePlacementPolicy.java:meetCriteria(91)) - Pipeline Placement: can't place more pipeline on heavy datanode： 45c711e7-a055-41cb-865c-06675942396d Heaviness: 6 limit: 5
2019-09-26 09:21:15,572 [RatisPipelineUtilsThread] INFO  pipeline.PipelinePlacementPolicy (PipelinePlacementPolicy.java:meetCriteria(91)) - Pipeline Placement: can't place more pipeline on heavy datanode： 1dec72e7-0344-4894-a47b-48d961c58f71 Heaviness: 6 limit: 5
2019-09-26 09:21:15,578 [grpc-default-executor-0] INFO  impl.RaftServerProxy (RaftServerProxy.java:addNew(89)) - 3696961a-2fd3-4cbb-be04-5fcc9f82ed1a: addNew group-AC18926A6C02:[3696961a-2fd3-4cbb-be04-5fcc9f82ed1a:192.168.30.13:37562] returns group-AC18926A6C02:java.util.concurrent.CompletableFuture@690a3fc5[Not completed]
2019-09-26 09:21:15,580 [pool-57-thread-1] INFO  impl.RaftServerImpl (RaftServerImpl.java:<init>(95)) - 3696961a-2fd3-4cbb-be04-5fcc9f82ed1a: new RaftServerImpl for group-AC18926A6C02:[3696961a-2fd3-4cbb-be04-5fcc9f82ed1a:192.168.30.13:37562] with ContainerStateMachine:uninitialized
2019-09-26 09:21:15,580 [pool-57-thread-1] INFO  server.RaftServerConfigKeys (ConfUtils.java:logGet(43)) - raft.server.rpc.timeout.min = 5s (custom)
2019-09-26 09:21:15,580 [9ce5e10e-717d-4ed3-be0e-b6018052c3d2@group-B47B8FA9679F-SegmentedRaftLogWorker] INFO  segmented.SegmentedRaftLogWorker (SegmentedRaftLogWorker.java:execute(569)) - 9ce5e10e-717d-4ed3-be0e-b6018052c3d2@group-B47B8FA9679F-SegmentedRaftLogWorker: created new log segment /workdir/hadoop-ozone/integration-test/target/test-dir/MiniOzoneClusterImpl-078ea463-30a6-4c8a-a8ff-41db0515e22e/datanode-4/data/ratis/02b47388-7d03-477c-95e2-b47b8fa9679f/current/log_inprogress_0
2019-09-26 09:21:15,580 [pool-57-thread-1] INFO  server.RaftServerConfigKeys (ConfUtils.java:logGet(43)) - raft.server.rpc.timeout.max = 5200ms (custom)
2019-09-26 09:21:15,580 [pool-57-thread-1] INFO  server.RaftServerConfigKeys (ConfUtils.java:logGet(43)) - raft.server.rpcslowness.timeout = 120s (custom)
2019-09-26 09:21:15,580 [pool-57-thread-1] INFO  server.RaftServerConfigKeys (ConfUtils.java:logGet(43)) - raft.server.sleep.deviation.threshold = 300 (default)
2019-09-26 09:21:15,581 [pool-57-thread-1] INFO  server.RaftServerConfigKeys (ConfUtils.java:logGet(43)) - raft.server.log.appender.install.snapshot.enabled = false (custom)
2019-09-26 09:21:15,581 [pool-57-thread-1] INFO  impl.RaftServerImpl (ServerState.java:<init>(103)) - 3696961a-2fd3-4cbb-be04-5fcc9f82ed1a@group-AC18926A6C02: ConfigurationManager, init=-1: [3696961a-2fd3-4cbb-be04-5fcc9f82ed1a:192.168.30.13:37562], old=null, confs=<EMPTY_MAP>
2019-09-26 09:21:15,581 [pool-57-thread-1] INFO  server.RaftServerConfigKeys (ConfUtils.java:logGet(43)) - raft.server.storage.dir = [/workdir/hadoop-ozone/integration-test/target/test-dir/MiniOzoneClusterImpl-078ea463-30a6-4c8a-a8ff-41db0515e22e/datanode-3/data/ratis] (custom)
2019-09-26 09:21:15,581 [pool-57-thread-1] INFO  storage.RaftStorageDirectory (RaftStorageDirectory.java:analyzeStorage(246)) - The storage directory /workdir/hadoop-ozone/integration-test/target/test-dir/MiniOzoneClusterImpl-078ea463-30a6-4c8a-a8ff-41db0515e22e/datanode-3/data/ratis/7c89b6e4-288b-495e-b12d-ac18926a6c02 does not exist. Creating ...
2019-09-26 09:21:15,593 [pool-57-thread-1] INFO  storage.RaftStorageDirectory (RaftStorageDirectory.java:tryLock(328)) - Lock on /workdir/hadoop-ozone/integration-test/target/test-dir/MiniOzoneClusterImpl-078ea463-30a6-4c8a-a8ff-41db0515e22e/datanode-3/data/ratis/7c89b6e4-288b-495e-b12d-ac18926a6c02/in_use.lock acquired by nodename 11214@pr-hdds-1569-wvzgm-824869521
2019-09-26 09:21:15,606 [pool-57-thread-1] INFO  storage.RaftStorage (RaftStorage.java:format(72)) - Storage directory /workdir/hadoop-ozone/integration-test/target/test-dir/MiniOzoneClusterImpl-078ea463-30a6-4c8a-a8ff-41db0515e22e/datanode-3/data/ratis/7c89b6e4-288b-495e-b12d-ac18926a6c02 has been successfully formatted.
2019-09-26 09:21:15,607 [pool-57-thread-1] INFO  ratis.ContainerStateMachine (ContainerStateMachine.java:loadSnapshot(230)) - group-AC18926A6C02: The snapshot info is null. Setting the last applied indexto:(t:0, i:~)
2019-09-26 09:21:15,607 [pool-57-thread-1] INFO  server.RaftServerConfigKeys (ConfUtils.java:logGet(43)) - raft.server.notification.no-leader.timeout = 120s (custom)
2019-09-26 09:21:15,607 [pool-57-thread-1] INFO  server.RaftServerConfigKeys (ConfUtils.java:logGet(43)) - raft.server.log.use.memory = false (default)
2019-09-26 09:21:15,607 [pool-57-thread-1] INFO  server.RaftServerConfigKeys (ConfUtils.java:logGet(43)) - raft.server.log.purge.gap = 1000000 (custom)
2019-09-26 09:21:15,607 [pool-57-thread-1] INFO  server.RaftServerConfigKeys (ConfUtils.java:logGet(43)) - raft.server.log.appender.buffer.byte-limit = 33554432 (custom)
2019-09-26 09:21:15,607 [pool-57-thread-1] INFO  server.RaftServerConfigKeys (ConfUtils.java:logGet(43)) - raft.server.log.segment.size.max = 1048576 (custom)
2019-09-26 09:21:15,607 [pool-57-thread-1] INFO  server.RaftServerConfigKeys (ConfUtils.java:logGet(43)) - raft.server.log.segment.cache.num.max = 2 (custom)
2019-09-26 09:21:15,608 [pool-57-thread-1] INFO  segmented.SegmentedRaftLogWorker (SegmentedRaftLogWorker.java:<init>(172)) - new 3696961a-2fd3-4cbb-be04-5fcc9f82ed1a@group-AC18926A6C02-SegmentedRaftLogWorker for RaftStorage:Storage Directory /workdir/hadoop-ozone/integration-test/target/test-dir/MiniOzoneClusterImpl-078ea463-30a6-4c8a-a8ff-41db0515e22e/datanode-3/data/ratis/7c89b6e4-288b-495e-b12d-ac18926a6c02
2019-09-26 09:21:15,608 [pool-57-thread-1] INFO  server.RaftServerConfigKeys (ConfUtils.java:logGet(43)) - raft.server.log.queue.byte-limit = 2147483647 (custom)
2019-09-26 09:21:15,608 [pool-57-thread-1] INFO  server.RaftServerConfigKeys (ConfUtils.java:logGet(43)) - raft.server.log.queue.element-limit = 1024 (custom)
2019-09-26 09:21:15,608 [pool-57-thread-1] INFO  server.RaftServerConfigKeys (ConfUtils.java:logGet(43)) - raft.server.log.segment.size.max = 1048576 (custom)
2019-09-26 09:21:15,608 [pool-57-thread-1] INFO  server.RaftServerConfigKeys (ConfUtils.java:logGet(43)) - raft.server.log.preallocated.size = 16384 (custom)
2019-09-26 09:21:15,608 [pool-57-thread-1] INFO  server.RaftServerConfigKeys (ConfUtils.java:logGet(43)) - raft.server.log.write.buffer.size = 33554432 (custom)
2019-09-26 09:21:15,608 [pool-57-thread-1] INFO  server.RaftServerConfigKeys (ConfUtils.java:logGet(43)) - raft.server.log.force.sync.num = 128 (default)
2019-09-26 09:21:15,608 [pool-57-thread-1] INFO  server.RaftServerConfigKeys (ConfUtils.java:logGet(43)) - raft.server.log.statemachine.data.sync = true (default)
2019-09-26 09:21:15,608 [pool-57-thread-1] INFO  server.RaftServerConfigKeys (ConfUtils.java:logGet(43)) - raft.server.log.statemachine.data.sync.timeout = 10s (default)
2019-09-26 09:21:15,609 [pool-57-thread-1] INFO  server.RaftServerConfigKeys (ConfUtils.java:logGet(43)) - raft.server.log.statemachine.data.sync.timeout.retry = -1 (default)
2019-09-26 09:21:15,609 [pool-57-thread-1] INFO  server.RaftServerConfigKeys (ConfUtils.java:logGet(43)) - raft.server.log.statemachine.data.caching.enabled = true (custom)
2019-09-26 09:21:15,609 [pool-57-thread-1] INFO  segmented.SegmentedRaftLogWorker (SegmentedRaftLogWorker.java:lambda$new$0(132)) - 3696961a-2fd3-4cbb-be04-5fcc9f82ed1a@group-AC18926A6C02-SegmentedRaftLogWorker: flushIndex: setUnconditionally 0 -> -1
2019-09-26 09:21:15,609 [pool-57-thread-1] INFO  server.RaftServerConfigKeys (ConfUtils.java:logGet(43)) - raft.server.snapshot.auto.trigger.enabled = true (custom)
2019-09-26 09:21:15,609 [pool-57-thread-1] INFO  server.RaftServerConfigKeys (ConfUtils.java:logGet(43)) - raft.server.snapshot.auto.trigger.threshold = 10000 (custom)
2019-09-26 09:21:15,609 [pool-57-thread-1] INFO  server.RaftServerConfigKeys (ConfUtils.java:logGet(43)) - raft.server.snapshot.retention.num.files = 5 (custom)
2019-09-26 09:21:15,610 [pool-57-thread-1] INFO  server.RaftServerConfigKeys (ConfUtils.java:logGet(43)) - raft.server.retrycache.expirytime = 600000ms (custom)
2019-09-26 09:21:15,612 [pool-57-thread-1] INFO  impl.RaftServerImpl (RaftServerImpl.java:start(185)) - 3696961a-2fd3-4cbb-be04-5fcc9f82ed1a@group-AC18926A6C02: start as a follower, conf=-1: [3696961a-2fd3-4cbb-be04-5fcc9f82ed1a:192.168.30.13:37562], old=null
2019-09-26 09:21:15,612 [pool-57-thread-1] INFO  impl.RaftServerImpl (RaftServerImpl.java:setRole(174)) - 3696961a-2fd3-4cbb-be04-5fcc9f82ed1a@group-AC18926A6C02: changes role from      null to FOLLOWER at term 0 for startAsFollower
2019-09-26 09:21:15,612 [pool-57-thread-1] INFO  impl.RoleInfo (RoleInfo.java:updateAndGet(143)) - 3696961a-2fd3-4cbb-be04-5fcc9f82ed1a: start FollowerState
2019-09-26 09:21:15,613 [pool-57-thread-1] INFO  util.JmxRegister (JmxRegister.java:tryRegister(44)) - Successfully registered JMX Bean with object name Ratis:service=RaftServer,group=group-AC18926A6C02,id=3696961a-2fd3-4cbb-be04-5fcc9f82ed1a
2019-09-26 09:21:15,616 [RatisPipelineUtilsThread] INFO  pipeline.PipelineStateManager (PipelineStateManager.java:addPipeline(56)) - Created pipeline Pipeline[ Id: 7c89b6e4-288b-495e-b12d-ac18926a6c02, Nodes: 3696961a-2fd3-4cbb-be04-5fcc9f82ed1a{ip: 192.168.30.13, host: pr-hdds-1569-wvzgm-824869521, networkLocation: /default-rack, certSerialId: null}, Type:RATIS, Factor:ONE, State:OPEN]
2019-09-26 09:21:15,617 [RatisPipelineUtilsThread] INFO  pipeline.PipelinePlacementPolicy (PipelinePlacementPolicy.java:meetCriteria(91)) - Pipeline Placement: can't place more pipeline on heavy datanode： 3696961a-2fd3-4cbb-be04-5fcc9f82ed1a Heaviness: 6 limit: 5
2019-09-26 09:21:15,617 [RatisPipelineUtilsThread] INFO  pipeline.PipelinePlacementPolicy (PipelinePlacementPolicy.java:meetCriteria(91)) - Pipeline Placement: can't place more pipeline on heavy datanode： cdeec377-8f89-4dce-9b26-4d7c58a1953c Heaviness: 6 limit: 5
2019-09-26 09:21:15,617 [RatisPipelineUtilsThread] INFO  pipeline.PipelinePlacementPolicy (PipelinePlacementPolicy.java:meetCriteria(91)) - Pipeline Placement: can't place more pipeline on heavy datanode： 45c711e7-a055-41cb-865c-06675942396d Heaviness: 6 limit: 5
2019-09-26 09:21:15,617 [RatisPipelineUtilsThread] INFO  pipeline.PipelinePlacementPolicy (PipelinePlacementPolicy.java:meetCriteria(91)) - Pipeline Placement: can't place more pipeline on heavy datanode： 1dec72e7-0344-4894-a47b-48d961c58f71 Heaviness: 6 limit: 5
2019-09-26 09:21:15,624 [grpc-default-executor-0] INFO  impl.RaftServerProxy (RaftServerProxy.java:addNew(89)) - 16503525-0504-4dc7-b18b-9a1cb86da45b: addNew group-D3B89A9A9F1C:[16503525-0504-4dc7-b18b-9a1cb86da45b:192.168.30.13:41943] returns group-D3B89A9A9F1C:java.util.concurrent.CompletableFuture@283a5911[Not completed]
2019-09-26 09:21:15,625 [pool-97-thread-1] INFO  impl.RaftServerImpl (RaftServerImpl.java:<init>(95)) - 16503525-0504-4dc7-b18b-9a1cb86da45b: new RaftServerImpl for group-D3B89A9A9F1C:[16503525-0504-4dc7-b18b-9a1cb86da45b:192.168.30.13:41943] with ContainerStateMachine:uninitialized
2019-09-26 09:21:15,625 [pool-97-thread-1] INFO  server.RaftServerConfigKeys (ConfUtils.java:logGet(43)) - raft.server.rpc.timeout.min = 5s (custom)
2019-09-26 09:21:15,626 [pool-97-thread-1] INFO  server.RaftServerConfigKeys (ConfUtils.java:logGet(43)) - raft.server.rpc.timeout.max = 5200ms (custom)
2019-09-26 09:21:15,626 [pool-97-thread-1] INFO  server.RaftServerConfigKeys (ConfUtils.java:logGet(43)) - raft.server.rpcslowness.timeout = 120s (custom)
2019-09-26 09:21:15,626 [pool-97-thread-1] INFO  server.RaftServerConfigKeys (ConfUtils.java:logGet(43)) - raft.server.sleep.deviation.threshold = 300 (default)
2019-09-26 09:21:15,626 [pool-97-thread-1] INFO  server.RaftServerConfigKeys (ConfUtils.java:logGet(43)) - raft.server.log.appender.install.snapshot.enabled = false (custom)
2019-09-26 09:21:15,626 [pool-97-thread-1] INFO  impl.RaftServerImpl (ServerState.java:<init>(103)) - 16503525-0504-4dc7-b18b-9a1cb86da45b@group-D3B89A9A9F1C: ConfigurationManager, init=-1: [16503525-0504-4dc7-b18b-9a1cb86da45b:192.168.30.13:41943], old=null, confs=<EMPTY_MAP>
2019-09-26 09:21:15,626 [pool-97-thread-1] INFO  server.RaftServerConfigKeys (ConfUtils.java:logGet(43)) - raft.server.storage.dir = [/workdir/hadoop-ozone/integration-test/target/test-dir/MiniOzoneClusterImpl-078ea463-30a6-4c8a-a8ff-41db0515e22e/datanode-7/data/ratis] (custom)
2019-09-26 09:21:15,626 [pool-97-thread-1] INFO  storage.RaftStorageDirectory (RaftStorageDirectory.java:analyzeStorage(246)) - The storage directory /workdir/hadoop-ozone/integration-test/target/test-dir/MiniOzoneClusterImpl-078ea463-30a6-4c8a-a8ff-41db0515e22e/datanode-7/data/ratis/3149a098-f0d0-437e-893f-d3b89a9a9f1c does not exist. Creating ...
2019-09-26 09:21:15,647 [pool-97-thread-1] INFO  storage.RaftStorageDirectory (RaftStorageDirectory.java:tryLock(328)) - Lock on /workdir/hadoop-ozone/integration-test/target/test-dir/MiniOzoneClusterImpl-078ea463-30a6-4c8a-a8ff-41db0515e22e/datanode-7/data/ratis/3149a098-f0d0-437e-893f-d3b89a9a9f1c/in_use.lock acquired by nodename 11214@pr-hdds-1569-wvzgm-824869521
2019-09-26 09:21:15,658 [pool-97-thread-1] INFO  storage.RaftStorage (RaftStorage.java:format(72)) - Storage directory /workdir/hadoop-ozone/integration-test/target/test-dir/MiniOzoneClusterImpl-078ea463-30a6-4c8a-a8ff-41db0515e22e/datanode-7/data/ratis/3149a098-f0d0-437e-893f-d3b89a9a9f1c has been successfully formatted.
2019-09-26 09:21:15,659 [pool-97-thread-1] INFO  ratis.ContainerStateMachine (ContainerStateMachine.java:loadSnapshot(230)) - group-D3B89A9A9F1C: The snapshot info is null. Setting the last applied indexto:(t:0, i:~)
2019-09-26 09:21:15,659 [pool-97-thread-1] INFO  server.RaftServerConfigKeys (ConfUtils.java:logGet(43)) - raft.server.notification.no-leader.timeout = 120s (custom)
2019-09-26 09:21:15,659 [pool-97-thread-1] INFO  server.RaftServerConfigKeys (ConfUtils.java:logGet(43)) - raft.server.log.use.memory = false (default)
2019-09-26 09:21:15,659 [pool-97-thread-1] INFO  server.RaftServerConfigKeys (ConfUtils.java:logGet(43)) - raft.server.log.purge.gap = 1000000 (custom)
2019-09-26 09:21:15,659 [pool-97-thread-1] INFO  server.RaftServerConfigKeys (ConfUtils.java:logGet(43)) - raft.server.log.appender.buffer.byte-limit = 33554432 (custom)
2019-09-26 09:21:15,660 [pool-97-thread-1] INFO  server.RaftServerConfigKeys (ConfUtils.java:logGet(43)) - raft.server.log.segment.size.max = 1048576 (custom)
2019-09-26 09:21:15,660 [pool-97-thread-1] INFO  server.RaftServerConfigKeys (ConfUtils.java:logGet(43)) - raft.server.log.segment.cache.num.max = 2 (custom)
2019-09-26 09:21:15,660 [pool-97-thread-1] INFO  segmented.SegmentedRaftLogWorker (SegmentedRaftLogWorker.java:<init>(172)) - new 16503525-0504-4dc7-b18b-9a1cb86da45b@group-D3B89A9A9F1C-SegmentedRaftLogWorker for RaftStorage:Storage Directory /workdir/hadoop-ozone/integration-test/target/test-dir/MiniOzoneClusterImpl-078ea463-30a6-4c8a-a8ff-41db0515e22e/datanode-7/data/ratis/3149a098-f0d0-437e-893f-d3b89a9a9f1c
2019-09-26 09:21:15,660 [pool-97-thread-1] INFO  server.RaftServerConfigKeys (ConfUtils.java:logGet(43)) - raft.server.log.queue.byte-limit = 2147483647 (custom)
2019-09-26 09:21:15,660 [pool-97-thread-1] INFO  server.RaftServerConfigKeys (ConfUtils.java:logGet(43)) - raft.server.log.queue.element-limit = 1024 (custom)
2019-09-26 09:21:15,660 [pool-97-thread-1] INFO  server.RaftServerConfigKeys (ConfUtils.java:logGet(43)) - raft.server.log.segment.size.max = 1048576 (custom)
2019-09-26 09:21:15,661 [pool-97-thread-1] INFO  server.RaftServerConfigKeys (ConfUtils.java:logGet(43)) - raft.server.log.preallocated.size = 16384 (custom)
2019-09-26 09:21:15,661 [pool-97-thread-1] INFO  server.RaftServerConfigKeys (ConfUtils.java:logGet(43)) - raft.server.log.write.buffer.size = 33554432 (custom)
2019-09-26 09:21:15,661 [pool-97-thread-1] INFO  server.RaftServerConfigKeys (ConfUtils.java:logGet(43)) - raft.server.log.force.sync.num = 128 (default)
2019-09-26 09:21:15,661 [pool-97-thread-1] INFO  server.RaftServerConfigKeys (ConfUtils.java:logGet(43)) - raft.server.log.statemachine.data.sync = true (default)
2019-09-26 09:21:15,661 [pool-97-thread-1] INFO  server.RaftServerConfigKeys (ConfUtils.java:logGet(43)) - raft.server.log.statemachine.data.sync.timeout = 10s (default)
2019-09-26 09:21:15,661 [pool-97-thread-1] INFO  server.RaftServerConfigKeys (ConfUtils.java:logGet(43)) - raft.server.log.statemachine.data.sync.timeout.retry = -1 (default)
2019-09-26 09:21:15,662 [pool-97-thread-1] INFO  server.RaftServerConfigKeys (ConfUtils.java:logGet(43)) - raft.server.log.statemachine.data.caching.enabled = true (custom)
2019-09-26 09:21:15,662 [pool-97-thread-1] INFO  segmented.SegmentedRaftLogWorker (SegmentedRaftLogWorker.java:lambda$new$0(132)) - 16503525-0504-4dc7-b18b-9a1cb86da45b@group-D3B89A9A9F1C-SegmentedRaftLogWorker: flushIndex: setUnconditionally 0 -> -1
2019-09-26 09:21:15,662 [pool-97-thread-1] INFO  server.RaftServerConfigKeys (ConfUtils.java:logGet(43)) - raft.server.snapshot.auto.trigger.enabled = true (custom)
2019-09-26 09:21:15,663 [pool-97-thread-1] INFO  server.RaftServerConfigKeys (ConfUtils.java:logGet(43)) - raft.server.snapshot.auto.trigger.threshold = 10000 (custom)
2019-09-26 09:21:15,663 [pool-97-thread-1] INFO  server.RaftServerConfigKeys (ConfUtils.java:logGet(43)) - raft.server.snapshot.retention.num.files = 5 (custom)
2019-09-26 09:21:15,663 [pool-97-thread-1] INFO  server.RaftServerConfigKeys (ConfUtils.java:logGet(43)) - raft.server.retrycache.expirytime = 600000ms (custom)
2019-09-26 09:21:15,666 [pool-97-thread-1] INFO  impl.RaftServerImpl (RaftServerImpl.java:start(185)) - 16503525-0504-4dc7-b18b-9a1cb86da45b@group-D3B89A9A9F1C: start as a follower, conf=-1: [16503525-0504-4dc7-b18b-9a1cb86da45b:192.168.30.13:41943], old=null
2019-09-26 09:21:15,667 [pool-97-thread-1] INFO  impl.RaftServerImpl (RaftServerImpl.java:setRole(174)) - 16503525-0504-4dc7-b18b-9a1cb86da45b@group-D3B89A9A9F1C: changes role from      null to FOLLOWER at term 0 for startAsFollower
2019-09-26 09:21:15,667 [pool-97-thread-1] INFO  impl.RoleInfo (RoleInfo.java:updateAndGet(143)) - 16503525-0504-4dc7-b18b-9a1cb86da45b: start FollowerState
2019-09-26 09:21:15,667 [pool-97-thread-1] INFO  util.JmxRegister (JmxRegister.java:tryRegister(44)) - Successfully registered JMX Bean with object name Ratis:service=RaftServer,group=group-D3B89A9A9F1C,id=16503525-0504-4dc7-b18b-9a1cb86da45b
2019-09-26 09:21:15,671 [RatisPipelineUtilsThread] INFO  pipeline.PipelineStateManager (PipelineStateManager.java:addPipeline(56)) - Created pipeline Pipeline[ Id: 3149a098-f0d0-437e-893f-d3b89a9a9f1c, Nodes: 16503525-0504-4dc7-b18b-9a1cb86da45b{ip: 192.168.30.13, host: pr-hdds-1569-wvzgm-824869521, networkLocation: /default-rack, certSerialId: null}, Type:RATIS, Factor:ONE, State:OPEN]
2019-09-26 09:21:15,671 [RatisPipelineUtilsThread] INFO  pipeline.PipelinePlacementPolicy (PipelinePlacementPolicy.java:meetCriteria(91)) - Pipeline Placement: can't place more pipeline on heavy datanode： 3696961a-2fd3-4cbb-be04-5fcc9f82ed1a Heaviness: 6 limit: 5
2019-09-26 09:21:15,672 [RatisPipelineUtilsThread] INFO  pipeline.PipelinePlacementPolicy (PipelinePlacementPolicy.java:meetCriteria(91)) - Pipeline Placement: can't place more pipeline on heavy datanode： cdeec377-8f89-4dce-9b26-4d7c58a1953c Heaviness: 6 limit: 5
2019-09-26 09:21:15,672 [RatisPipelineUtilsThread] INFO  pipeline.PipelinePlacementPolicy (PipelinePlacementPolicy.java:meetCriteria(91)) - Pipeline Placement: can't place more pipeline on heavy datanode： 45c711e7-a055-41cb-865c-06675942396d Heaviness: 6 limit: 5
2019-09-26 09:21:15,672 [RatisPipelineUtilsThread] INFO  pipeline.PipelinePlacementPolicy (PipelinePlacementPolicy.java:meetCriteria(91)) - Pipeline Placement: can't place more pipeline on heavy datanode： 1dec72e7-0344-4894-a47b-48d961c58f71 Heaviness: 6 limit: 5
2019-09-26 09:21:15,679 [grpc-default-executor-0] INFO  impl.RaftServerProxy (RaftServerProxy.java:addNew(89)) - 9ce5e10e-717d-4ed3-be0e-b6018052c3d2: addNew group-19CCF343BF46:[9ce5e10e-717d-4ed3-be0e-b6018052c3d2:192.168.30.13:37649] returns group-19CCF343BF46:java.util.concurrent.CompletableFuture@7207d1d4[Not completed]
2019-09-26 09:21:15,680 [pool-67-thread-1] INFO  impl.RaftServerImpl (RaftServerImpl.java:<init>(95)) - 9ce5e10e-717d-4ed3-be0e-b6018052c3d2: new RaftServerImpl for group-19CCF343BF46:[9ce5e10e-717d-4ed3-be0e-b6018052c3d2:192.168.30.13:37649] with ContainerStateMachine:uninitialized
2019-09-26 09:21:15,680 [pool-67-thread-1] INFO  server.RaftServerConfigKeys (ConfUtils.java:logGet(43)) - raft.server.rpc.timeout.min = 5s (custom)
2019-09-26 09:21:15,681 [pool-67-thread-1] INFO  server.RaftServerConfigKeys (ConfUtils.java:logGet(43)) - raft.server.rpc.timeout.max = 5200ms (custom)
2019-09-26 09:21:15,681 [pool-67-thread-1] INFO  server.RaftServerConfigKeys (ConfUtils.java:logGet(43)) - raft.server.rpcslowness.timeout = 120s (custom)
2019-09-26 09:21:15,681 [pool-67-thread-1] INFO  server.RaftServerConfigKeys (ConfUtils.java:logGet(43)) - raft.server.sleep.deviation.threshold = 300 (default)
2019-09-26 09:21:15,681 [pool-67-thread-1] INFO  server.RaftServerConfigKeys (ConfUtils.java:logGet(43)) - raft.server.log.appender.install.snapshot.enabled = false (custom)
2019-09-26 09:21:15,681 [pool-67-thread-1] INFO  impl.RaftServerImpl (ServerState.java:<init>(103)) - 9ce5e10e-717d-4ed3-be0e-b6018052c3d2@group-19CCF343BF46: ConfigurationManager, init=-1: [9ce5e10e-717d-4ed3-be0e-b6018052c3d2:192.168.30.13:37649], old=null, confs=<EMPTY_MAP>
2019-09-26 09:21:15,682 [pool-67-thread-1] INFO  server.RaftServerConfigKeys (ConfUtils.java:logGet(43)) - raft.server.storage.dir = [/workdir/hadoop-ozone/integration-test/target/test-dir/MiniOzoneClusterImpl-078ea463-30a6-4c8a-a8ff-41db0515e22e/datanode-4/data/ratis] (custom)
2019-09-26 09:21:15,682 [pool-67-thread-1] INFO  storage.RaftStorageDirectory (RaftStorageDirectory.java:analyzeStorage(246)) - The storage directory /workdir/hadoop-ozone/integration-test/target/test-dir/MiniOzoneClusterImpl-078ea463-30a6-4c8a-a8ff-41db0515e22e/datanode-4/data/ratis/bdd417de-5e74-413b-a745-19ccf343bf46 does not exist. Creating ...
2019-09-26 09:21:15,691 [pool-67-thread-1] INFO  storage.RaftStorageDirectory (RaftStorageDirectory.java:tryLock(328)) - Lock on /workdir/hadoop-ozone/integration-test/target/test-dir/MiniOzoneClusterImpl-078ea463-30a6-4c8a-a8ff-41db0515e22e/datanode-4/data/ratis/bdd417de-5e74-413b-a745-19ccf343bf46/in_use.lock acquired by nodename 11214@pr-hdds-1569-wvzgm-824869521
2019-09-26 09:21:15,711 [pool-67-thread-1] INFO  storage.RaftStorage (RaftStorage.java:format(72)) - Storage directory /workdir/hadoop-ozone/integration-test/target/test-dir/MiniOzoneClusterImpl-078ea463-30a6-4c8a-a8ff-41db0515e22e/datanode-4/data/ratis/bdd417de-5e74-413b-a745-19ccf343bf46 has been successfully formatted.
2019-09-26 09:21:15,712 [pool-67-thread-1] INFO  ratis.ContainerStateMachine (ContainerStateMachine.java:loadSnapshot(230)) - group-19CCF343BF46: The snapshot info is null. Setting the last applied indexto:(t:0, i:~)
2019-09-26 09:21:15,712 [pool-67-thread-1] INFO  server.RaftServerConfigKeys (ConfUtils.java:logGet(43)) - raft.server.notification.no-leader.timeout = 120s (custom)
2019-09-26 09:21:15,712 [pool-67-thread-1] INFO  server.RaftServerConfigKeys (ConfUtils.java:logGet(43)) - raft.server.log.use.memory = false (default)
2019-09-26 09:21:15,712 [pool-67-thread-1] INFO  server.RaftServerConfigKeys (ConfUtils.java:logGet(43)) - raft.server.log.purge.gap = 1000000 (custom)
2019-09-26 09:21:15,712 [pool-67-thread-1] INFO  server.RaftServerConfigKeys (ConfUtils.java:logGet(43)) - raft.server.log.appender.buffer.byte-limit = 33554432 (custom)
2019-09-26 09:21:15,712 [pool-67-thread-1] INFO  server.RaftServerConfigKeys (ConfUtils.java:logGet(43)) - raft.server.log.segment.size.max = 1048576 (custom)
2019-09-26 09:21:15,712 [pool-67-thread-1] INFO  server.RaftServerConfigKeys (ConfUtils.java:logGet(43)) - raft.server.log.segment.cache.num.max = 2 (custom)
2019-09-26 09:21:15,712 [pool-67-thread-1] INFO  segmented.SegmentedRaftLogWorker (SegmentedRaftLogWorker.java:<init>(172)) - new 9ce5e10e-717d-4ed3-be0e-b6018052c3d2@group-19CCF343BF46-SegmentedRaftLogWorker for RaftStorage:Storage Directory /workdir/hadoop-ozone/integration-test/target/test-dir/MiniOzoneClusterImpl-078ea463-30a6-4c8a-a8ff-41db0515e22e/datanode-4/data/ratis/bdd417de-5e74-413b-a745-19ccf343bf46
2019-09-26 09:21:15,712 [pool-67-thread-1] INFO  server.RaftServerConfigKeys (ConfUtils.java:logGet(43)) - raft.server.log.queue.byte-limit = 2147483647 (custom)
2019-09-26 09:21:15,713 [pool-67-thread-1] INFO  server.RaftServerConfigKeys (ConfUtils.java:logGet(43)) - raft.server.log.queue.element-limit = 1024 (custom)
2019-09-26 09:21:15,713 [pool-67-thread-1] INFO  server.RaftServerConfigKeys (ConfUtils.java:logGet(43)) - raft.server.log.segment.size.max = 1048576 (custom)
2019-09-26 09:21:15,713 [pool-67-thread-1] INFO  server.RaftServerConfigKeys (ConfUtils.java:logGet(43)) - raft.server.log.preallocated.size = 16384 (custom)
2019-09-26 09:21:15,713 [pool-67-thread-1] INFO  server.RaftServerConfigKeys (ConfUtils.java:logGet(43)) - raft.server.log.write.buffer.size = 33554432 (custom)
2019-09-26 09:21:15,713 [pool-67-thread-1] INFO  server.RaftServerConfigKeys (ConfUtils.java:logGet(43)) - raft.server.log.force.sync.num = 128 (default)
2019-09-26 09:21:15,713 [pool-67-thread-1] INFO  server.RaftServerConfigKeys (ConfUtils.java:logGet(43)) - raft.server.log.statemachine.data.sync = true (default)
2019-09-26 09:21:15,713 [pool-67-thread-1] INFO  server.RaftServerConfigKeys (ConfUtils.java:logGet(43)) - raft.server.log.statemachine.data.sync.timeout = 10s (default)
2019-09-26 09:21:15,713 [pool-67-thread-1] INFO  server.RaftServerConfigKeys (ConfUtils.java:logGet(43)) - raft.server.log.statemachine.data.sync.timeout.retry = -1 (default)
2019-09-26 09:21:15,713 [pool-67-thread-1] INFO  server.RaftServerConfigKeys (ConfUtils.java:logGet(43)) - raft.server.log.statemachine.data.caching.enabled = true (custom)
2019-09-26 09:21:15,714 [pool-67-thread-1] INFO  segmented.SegmentedRaftLogWorker (SegmentedRaftLogWorker.java:lambda$new$0(132)) - 9ce5e10e-717d-4ed3-be0e-b6018052c3d2@group-19CCF343BF46-SegmentedRaftLogWorker: flushIndex: setUnconditionally 0 -> -1
2019-09-26 09:21:15,714 [pool-67-thread-1] INFO  server.RaftServerConfigKeys (ConfUtils.java:logGet(43)) - raft.server.snapshot.auto.trigger.enabled = true (custom)
2019-09-26 09:21:15,714 [pool-67-thread-1] INFO  server.RaftServerConfigKeys (ConfUtils.java:logGet(43)) - raft.server.snapshot.auto.trigger.threshold = 10000 (custom)
2019-09-26 09:21:15,714 [pool-67-thread-1] INFO  server.RaftServerConfigKeys (ConfUtils.java:logGet(43)) - raft.server.snapshot.retention.num.files = 5 (custom)
2019-09-26 09:21:15,714 [pool-67-thread-1] INFO  server.RaftServerConfigKeys (ConfUtils.java:logGet(43)) - raft.server.retrycache.expirytime = 600000ms (custom)
2019-09-26 09:21:15,716 [pool-67-thread-1] INFO  impl.RaftServerImpl (RaftServerImpl.java:start(185)) - 9ce5e10e-717d-4ed3-be0e-b6018052c3d2@group-19CCF343BF46: start as a follower, conf=-1: [9ce5e10e-717d-4ed3-be0e-b6018052c3d2:192.168.30.13:37649], old=null
2019-09-26 09:21:15,717 [pool-67-thread-1] INFO  impl.RaftServerImpl (RaftServerImpl.java:setRole(174)) - 9ce5e10e-717d-4ed3-be0e-b6018052c3d2@group-19CCF343BF46: changes role from      null to FOLLOWER at term 0 for startAsFollower
2019-09-26 09:21:15,717 [pool-67-thread-1] INFO  impl.RoleInfo (RoleInfo.java:updateAndGet(143)) - 9ce5e10e-717d-4ed3-be0e-b6018052c3d2: start FollowerState
2019-09-26 09:21:15,717 [pool-67-thread-1] INFO  util.JmxRegister (JmxRegister.java:tryRegister(44)) - Successfully registered JMX Bean with object name Ratis:service=RaftServer,group=group-19CCF343BF46,id=9ce5e10e-717d-4ed3-be0e-b6018052c3d2
2019-09-26 09:21:15,720 [RatisPipelineUtilsThread] INFO  pipeline.PipelineStateManager (PipelineStateManager.java:addPipeline(56)) - Created pipeline Pipeline[ Id: bdd417de-5e74-413b-a745-19ccf343bf46, Nodes: 9ce5e10e-717d-4ed3-be0e-b6018052c3d2{ip: 192.168.30.13, host: pr-hdds-1569-wvzgm-824869521, networkLocation: /default-rack, certSerialId: null}, Type:RATIS, Factor:ONE, State:OPEN]
2019-09-26 09:21:15,720 [RatisPipelineUtilsThread] INFO  pipeline.PipelinePlacementPolicy (PipelinePlacementPolicy.java:meetCriteria(91)) - Pipeline Placement: can't place more pipeline on heavy datanode： 3696961a-2fd3-4cbb-be04-5fcc9f82ed1a Heaviness: 6 limit: 5
2019-09-26 09:21:15,721 [RatisPipelineUtilsThread] INFO  pipeline.PipelinePlacementPolicy (PipelinePlacementPolicy.java:meetCriteria(91)) - Pipeline Placement: can't place more pipeline on heavy datanode： cdeec377-8f89-4dce-9b26-4d7c58a1953c Heaviness: 6 limit: 5
2019-09-26 09:21:15,721 [RatisPipelineUtilsThread] INFO  pipeline.PipelinePlacementPolicy (PipelinePlacementPolicy.java:meetCriteria(91)) - Pipeline Placement: can't place more pipeline on heavy datanode： 45c711e7-a055-41cb-865c-06675942396d Heaviness: 6 limit: 5
2019-09-26 09:21:15,721 [RatisPipelineUtilsThread] INFO  pipeline.PipelinePlacementPolicy (PipelinePlacementPolicy.java:meetCriteria(91)) - Pipeline Placement: can't place more pipeline on heavy datanode： 1dec72e7-0344-4894-a47b-48d961c58f71 Heaviness: 6 limit: 5
2019-09-26 09:21:15,728 [grpc-default-executor-0] INFO  impl.RaftServerProxy (RaftServerProxy.java:addNew(89)) - 3750858d-06c8-40e1-8c05-0037147842e2: addNew group-A8203F2E0578:[3750858d-06c8-40e1-8c05-0037147842e2:192.168.30.13:41582] returns group-A8203F2E0578:java.util.concurrent.CompletableFuture@721ca169[Not completed]
2019-09-26 09:21:15,730 [pool-77-thread-1] INFO  impl.RaftServerImpl (RaftServerImpl.java:<init>(95)) - 3750858d-06c8-40e1-8c05-0037147842e2: new RaftServerImpl for group-A8203F2E0578:[3750858d-06c8-40e1-8c05-0037147842e2:192.168.30.13:41582] with ContainerStateMachine:uninitialized
2019-09-26 09:21:15,730 [pool-77-thread-1] INFO  server.RaftServerConfigKeys (ConfUtils.java:logGet(43)) - raft.server.rpc.timeout.min = 5s (custom)
2019-09-26 09:21:15,730 [pool-77-thread-1] INFO  server.RaftServerConfigKeys (ConfUtils.java:logGet(43)) - raft.server.rpc.timeout.max = 5200ms (custom)
2019-09-26 09:21:15,730 [pool-77-thread-1] INFO  server.RaftServerConfigKeys (ConfUtils.java:logGet(43)) - raft.server.rpcslowness.timeout = 120s (custom)
2019-09-26 09:21:15,730 [pool-77-thread-1] INFO  server.RaftServerConfigKeys (ConfUtils.java:logGet(43)) - raft.server.sleep.deviation.threshold = 300 (default)
2019-09-26 09:21:15,731 [pool-77-thread-1] INFO  server.RaftServerConfigKeys (ConfUtils.java:logGet(43)) - raft.server.log.appender.install.snapshot.enabled = false (custom)
2019-09-26 09:21:15,731 [pool-77-thread-1] INFO  impl.RaftServerImpl (ServerState.java:<init>(103)) - 3750858d-06c8-40e1-8c05-0037147842e2@group-A8203F2E0578: ConfigurationManager, init=-1: [3750858d-06c8-40e1-8c05-0037147842e2:192.168.30.13:41582], old=null, confs=<EMPTY_MAP>
2019-09-26 09:21:15,731 [pool-77-thread-1] INFO  server.RaftServerConfigKeys (ConfUtils.java:logGet(43)) - raft.server.storage.dir = [/workdir/hadoop-ozone/integration-test/target/test-dir/MiniOzoneClusterImpl-078ea463-30a6-4c8a-a8ff-41db0515e22e/datanode-5/data/ratis] (custom)
2019-09-26 09:21:15,732 [pool-77-thread-1] INFO  storage.RaftStorageDirectory (RaftStorageDirectory.java:analyzeStorage(246)) - The storage directory /workdir/hadoop-ozone/integration-test/target/test-dir/MiniOzoneClusterImpl-078ea463-30a6-4c8a-a8ff-41db0515e22e/datanode-5/data/ratis/51d38ce1-d5b4-4ec9-8a0c-a8203f2e0578 does not exist. Creating ...
2019-09-26 09:21:15,737 [pool-77-thread-1] INFO  storage.RaftStorageDirectory (RaftStorageDirectory.java:tryLock(328)) - Lock on /workdir/hadoop-ozone/integration-test/target/test-dir/MiniOzoneClusterImpl-078ea463-30a6-4c8a-a8ff-41db0515e22e/datanode-5/data/ratis/51d38ce1-d5b4-4ec9-8a0c-a8203f2e0578/in_use.lock acquired by nodename 11214@pr-hdds-1569-wvzgm-824869521
2019-09-26 09:21:15,747 [pool-77-thread-1] INFO  storage.RaftStorage (RaftStorage.java:format(72)) - Storage directory /workdir/hadoop-ozone/integration-test/target/test-dir/MiniOzoneClusterImpl-078ea463-30a6-4c8a-a8ff-41db0515e22e/datanode-5/data/ratis/51d38ce1-d5b4-4ec9-8a0c-a8203f2e0578 has been successfully formatted.
2019-09-26 09:21:15,747 [pool-77-thread-1] INFO  ratis.ContainerStateMachine (ContainerStateMachine.java:loadSnapshot(230)) - group-A8203F2E0578: The snapshot info is null. Setting the last applied indexto:(t:0, i:~)
2019-09-26 09:21:15,748 [pool-77-thread-1] INFO  server.RaftServerConfigKeys (ConfUtils.java:logGet(43)) - raft.server.notification.no-leader.timeout = 120s (custom)
2019-09-26 09:21:15,748 [pool-77-thread-1] INFO  server.RaftServerConfigKeys (ConfUtils.java:logGet(43)) - raft.server.log.use.memory = false (default)
2019-09-26 09:21:15,748 [pool-77-thread-1] INFO  server.RaftServerConfigKeys (ConfUtils.java:logGet(43)) - raft.server.log.purge.gap = 1000000 (custom)
2019-09-26 09:21:15,748 [pool-77-thread-1] INFO  server.RaftServerConfigKeys (ConfUtils.java:logGet(43)) - raft.server.log.appender.buffer.byte-limit = 33554432 (custom)
2019-09-26 09:21:15,748 [pool-77-thread-1] INFO  server.RaftServerConfigKeys (ConfUtils.java:logGet(43)) - raft.server.log.segment.size.max = 1048576 (custom)
2019-09-26 09:21:15,749 [pool-77-thread-1] INFO  server.RaftServerConfigKeys (ConfUtils.java:logGet(43)) - raft.server.log.segment.cache.num.max = 2 (custom)
2019-09-26 09:21:15,749 [pool-77-thread-1] INFO  segmented.SegmentedRaftLogWorker (SegmentedRaftLogWorker.java:<init>(172)) - new 3750858d-06c8-40e1-8c05-0037147842e2@group-A8203F2E0578-SegmentedRaftLogWorker for RaftStorage:Storage Directory /workdir/hadoop-ozone/integration-test/target/test-dir/MiniOzoneClusterImpl-078ea463-30a6-4c8a-a8ff-41db0515e22e/datanode-5/data/ratis/51d38ce1-d5b4-4ec9-8a0c-a8203f2e0578
2019-09-26 09:21:15,749 [pool-77-thread-1] INFO  server.RaftServerConfigKeys (ConfUtils.java:logGet(43)) - raft.server.log.queue.byte-limit = 2147483647 (custom)
2019-09-26 09:21:15,749 [pool-77-thread-1] INFO  server.RaftServerConfigKeys (ConfUtils.java:logGet(43)) - raft.server.log.queue.element-limit = 1024 (custom)
2019-09-26 09:21:15,749 [pool-77-thread-1] INFO  server.RaftServerConfigKeys (ConfUtils.java:logGet(43)) - raft.server.log.segment.size.max = 1048576 (custom)
2019-09-26 09:21:15,750 [pool-77-thread-1] INFO  server.RaftServerConfigKeys (ConfUtils.java:logGet(43)) - raft.server.log.preallocated.size = 16384 (custom)
2019-09-26 09:21:15,750 [pool-77-thread-1] INFO  server.RaftServerConfigKeys (ConfUtils.java:logGet(43)) - raft.server.log.write.buffer.size = 33554432 (custom)
2019-09-26 09:21:15,750 [pool-77-thread-1] INFO  server.RaftServerConfigKeys (ConfUtils.java:logGet(43)) - raft.server.log.force.sync.num = 128 (default)
2019-09-26 09:21:15,750 [pool-77-thread-1] INFO  server.RaftServerConfigKeys (ConfUtils.java:logGet(43)) - raft.server.log.statemachine.data.sync = true (default)
2019-09-26 09:21:15,750 [pool-77-thread-1] INFO  server.RaftServerConfigKeys (ConfUtils.java:logGet(43)) - raft.server.log.statemachine.data.sync.timeout = 10s (default)
2019-09-26 09:21:15,750 [pool-77-thread-1] INFO  server.RaftServerConfigKeys (ConfUtils.java:logGet(43)) - raft.server.log.statemachine.data.sync.timeout.retry = -1 (default)
2019-09-26 09:21:15,751 [pool-77-thread-1] INFO  server.RaftServerConfigKeys (ConfUtils.java:logGet(43)) - raft.server.log.statemachine.data.caching.enabled = true (custom)
2019-09-26 09:21:15,751 [pool-77-thread-1] INFO  segmented.SegmentedRaftLogWorker (SegmentedRaftLogWorker.java:lambda$new$0(132)) - 3750858d-06c8-40e1-8c05-0037147842e2@group-A8203F2E0578-SegmentedRaftLogWorker: flushIndex: setUnconditionally 0 -> -1
2019-09-26 09:21:15,752 [pool-77-thread-1] INFO  server.RaftServerConfigKeys (ConfUtils.java:logGet(43)) - raft.server.snapshot.auto.trigger.enabled = true (custom)
2019-09-26 09:21:15,752 [pool-77-thread-1] INFO  server.RaftServerConfigKeys (ConfUtils.java:logGet(43)) - raft.server.snapshot.auto.trigger.threshold = 10000 (custom)
2019-09-26 09:21:15,752 [pool-77-thread-1] INFO  server.RaftServerConfigKeys (ConfUtils.java:logGet(43)) - raft.server.snapshot.retention.num.files = 5 (custom)
2019-09-26 09:21:15,752 [pool-77-thread-1] INFO  server.RaftServerConfigKeys (ConfUtils.java:logGet(43)) - raft.server.retrycache.expirytime = 600000ms (custom)
2019-09-26 09:21:15,756 [pool-77-thread-1] INFO  impl.RaftServerImpl (RaftServerImpl.java:start(185)) - 3750858d-06c8-40e1-8c05-0037147842e2@group-A8203F2E0578: start as a follower, conf=-1: [3750858d-06c8-40e1-8c05-0037147842e2:192.168.30.13:41582], old=null
2019-09-26 09:21:15,756 [pool-77-thread-1] INFO  impl.RaftServerImpl (RaftServerImpl.java:setRole(174)) - 3750858d-06c8-40e1-8c05-0037147842e2@group-A8203F2E0578: changes role from      null to FOLLOWER at term 0 for startAsFollower
2019-09-26 09:21:15,756 [pool-77-thread-1] INFO  impl.RoleInfo (RoleInfo.java:updateAndGet(143)) - 3750858d-06c8-40e1-8c05-0037147842e2: start FollowerState
2019-09-26 09:21:15,757 [pool-77-thread-1] INFO  util.JmxRegister (JmxRegister.java:tryRegister(44)) - Successfully registered JMX Bean with object name Ratis:service=RaftServer,group=group-A8203F2E0578,id=3750858d-06c8-40e1-8c05-0037147842e2
2019-09-26 09:21:15,760 [RatisPipelineUtilsThread] INFO  pipeline.PipelineStateManager (PipelineStateManager.java:addPipeline(56)) - Created pipeline Pipeline[ Id: 51d38ce1-d5b4-4ec9-8a0c-a8203f2e0578, Nodes: 3750858d-06c8-40e1-8c05-0037147842e2{ip: 192.168.30.13, host: pr-hdds-1569-wvzgm-824869521, networkLocation: /default-rack, certSerialId: null}, Type:RATIS, Factor:ONE, State:OPEN]
2019-09-26 09:21:15,760 [RatisPipelineUtilsThread] INFO  pipeline.PipelinePlacementPolicy (PipelinePlacementPolicy.java:meetCriteria(91)) - Pipeline Placement: can't place more pipeline on heavy datanode： 3696961a-2fd3-4cbb-be04-5fcc9f82ed1a Heaviness: 6 limit: 5
2019-09-26 09:21:15,760 [RatisPipelineUtilsThread] INFO  pipeline.PipelinePlacementPolicy (PipelinePlacementPolicy.java:meetCriteria(91)) - Pipeline Placement: can't place more pipeline on heavy datanode： cdeec377-8f89-4dce-9b26-4d7c58a1953c Heaviness: 6 limit: 5
2019-09-26 09:21:15,761 [RatisPipelineUtilsThread] INFO  pipeline.PipelinePlacementPolicy (PipelinePlacementPolicy.java:meetCriteria(91)) - Pipeline Placement: can't place more pipeline on heavy datanode： 45c711e7-a055-41cb-865c-06675942396d Heaviness: 6 limit: 5
2019-09-26 09:21:15,761 [RatisPipelineUtilsThread] INFO  pipeline.PipelinePlacementPolicy (PipelinePlacementPolicy.java:meetCriteria(91)) - Pipeline Placement: can't place more pipeline on heavy datanode： 3750858d-06c8-40e1-8c05-0037147842e2 Heaviness: 6 limit: 5
2019-09-26 09:21:15,761 [RatisPipelineUtilsThread] INFO  pipeline.PipelinePlacementPolicy (PipelinePlacementPolicy.java:meetCriteria(91)) - Pipeline Placement: can't place more pipeline on heavy datanode： 1dec72e7-0344-4894-a47b-48d961c58f71 Heaviness: 6 limit: 5
2019-09-26 09:21:15,767 [Thread-306] INFO  impl.FollowerState (FollowerState.java:run(106)) - 5979e283-d20e-4620-920d-03c0cf6ae99c:group-A086D9588F76 changes to CANDIDATE, lastRpcTime:5048, electionTimeout:5048ms
2019-09-26 09:21:15,767 [Thread-306] INFO  impl.RoleInfo (RoleInfo.java:shutdownFollowerState(121)) - 5979e283-d20e-4620-920d-03c0cf6ae99c: shutdown FollowerState
2019-09-26 09:21:15,768 [Thread-306] INFO  impl.RaftServerImpl (RaftServerImpl.java:setRole(174)) - 5979e283-d20e-4620-920d-03c0cf6ae99c@group-A086D9588F76: changes role from  FOLLOWER to CANDIDATE at term 0 for changeToCandidate
2019-09-26 09:21:15,768 [grpc-default-executor-0] INFO  impl.RaftServerProxy (RaftServerProxy.java:addNew(89)) - 16503525-0504-4dc7-b18b-9a1cb86da45b: addNew group-7D07E79CF3BF:[16503525-0504-4dc7-b18b-9a1cb86da45b:192.168.30.13:41943] returns group-7D07E79CF3BF:java.util.concurrent.CompletableFuture@2ddb8930[Not completed]
2019-09-26 09:21:15,768 [Thread-306] INFO  impl.RoleInfo (RoleInfo.java:updateAndGet(143)) - 5979e283-d20e-4620-920d-03c0cf6ae99c: start LeaderElection
2019-09-26 09:21:15,776 [pool-97-thread-1] INFO  impl.RaftServerImpl (RaftServerImpl.java:<init>(95)) - 16503525-0504-4dc7-b18b-9a1cb86da45b: new RaftServerImpl for group-7D07E79CF3BF:[16503525-0504-4dc7-b18b-9a1cb86da45b:192.168.30.13:41943] with ContainerStateMachine:uninitialized
2019-09-26 09:21:15,776 [pool-97-thread-1] INFO  server.RaftServerConfigKeys (ConfUtils.java:logGet(43)) - raft.server.rpc.timeout.min = 5s (custom)
2019-09-26 09:21:15,776 [pool-97-thread-1] INFO  server.RaftServerConfigKeys (ConfUtils.java:logGet(43)) - raft.server.rpc.timeout.max = 5200ms (custom)
2019-09-26 09:21:15,776 [pool-97-thread-1] INFO  server.RaftServerConfigKeys (ConfUtils.java:logGet(43)) - raft.server.rpcslowness.timeout = 120s (custom)
2019-09-26 09:21:15,777 [pool-97-thread-1] INFO  server.RaftServerConfigKeys (ConfUtils.java:logGet(43)) - raft.server.sleep.deviation.threshold = 300 (default)
2019-09-26 09:21:15,777 [pool-97-thread-1] INFO  server.RaftServerConfigKeys (ConfUtils.java:logGet(43)) - raft.server.log.appender.install.snapshot.enabled = false (custom)
2019-09-26 09:21:15,777 [pool-97-thread-1] INFO  impl.RaftServerImpl (ServerState.java:<init>(103)) - 16503525-0504-4dc7-b18b-9a1cb86da45b@group-7D07E79CF3BF: ConfigurationManager, init=-1: [16503525-0504-4dc7-b18b-9a1cb86da45b:192.168.30.13:41943], old=null, confs=<EMPTY_MAP>
2019-09-26 09:21:15,777 [pool-97-thread-1] INFO  server.RaftServerConfigKeys (ConfUtils.java:logGet(43)) - raft.server.storage.dir = [/workdir/hadoop-ozone/integration-test/target/test-dir/MiniOzoneClusterImpl-078ea463-30a6-4c8a-a8ff-41db0515e22e/datanode-7/data/ratis] (custom)
2019-09-26 09:21:15,778 [pool-97-thread-1] INFO  storage.RaftStorageDirectory (RaftStorageDirectory.java:analyzeStorage(246)) - The storage directory /workdir/hadoop-ozone/integration-test/target/test-dir/MiniOzoneClusterImpl-078ea463-30a6-4c8a-a8ff-41db0515e22e/datanode-7/data/ratis/04ace2ca-92e7-47ed-8ac2-7d07e79cf3bf does not exist. Creating ...
2019-09-26 09:21:15,788 [pool-97-thread-1] INFO  storage.RaftStorageDirectory (RaftStorageDirectory.java:tryLock(328)) - Lock on /workdir/hadoop-ozone/integration-test/target/test-dir/MiniOzoneClusterImpl-078ea463-30a6-4c8a-a8ff-41db0515e22e/datanode-7/data/ratis/04ace2ca-92e7-47ed-8ac2-7d07e79cf3bf/in_use.lock acquired by nodename 11214@pr-hdds-1569-wvzgm-824869521
2019-09-26 09:21:15,788 [5979e283-d20e-4620-920d-03c0cf6ae99c@group-A086D9588F76:LeaderElection8] INFO  impl.LeaderElection (LeaderElection.java:askForVotes(182)) - 5979e283-d20e-4620-920d-03c0cf6ae99c@group-A086D9588F76:LeaderElection8: begin an election at term 1 for -1: [5979e283-d20e-4620-920d-03c0cf6ae99c:192.168.30.13:39443], old=null
2019-09-26 09:21:15,788 [5979e283-d20e-4620-920d-03c0cf6ae99c@group-A086D9588F76:LeaderElection8] INFO  impl.RoleInfo (RoleInfo.java:shutdownLeaderElection(134)) - 5979e283-d20e-4620-920d-03c0cf6ae99c: shutdown LeaderElection
2019-09-26 09:21:15,788 [5979e283-d20e-4620-920d-03c0cf6ae99c@group-A086D9588F76:LeaderElection8] INFO  impl.RaftServerImpl (RaftServerImpl.java:setRole(174)) - 5979e283-d20e-4620-920d-03c0cf6ae99c@group-A086D9588F76: changes role from CANDIDATE to LEADER at term 1 for changeToLeader
2019-09-26 09:21:15,788 [5979e283-d20e-4620-920d-03c0cf6ae99c@group-A086D9588F76:LeaderElection8] INFO  impl.RaftServerImpl (ServerState.java:setLeader(253)) - 5979e283-d20e-4620-920d-03c0cf6ae99c@group-A086D9588F76: change Leader from null to 5979e283-d20e-4620-920d-03c0cf6ae99c at term 1 for becomeLeader, leader elected after 5076ms
2019-09-26 09:21:15,788 [5979e283-d20e-4620-920d-03c0cf6ae99c@group-A086D9588F76:LeaderElection8] INFO  server.RaftServerConfigKeys (ConfUtils.java:logGet(43)) - raft.server.staging.catchup.gap = 1000 (default)
2019-09-26 09:21:15,788 [5979e283-d20e-4620-920d-03c0cf6ae99c@group-A086D9588F76:LeaderElection8] INFO  server.RaftServerConfigKeys (ConfUtils.java:logGet(43)) - raft.server.rpc.sleep.time = 25ms (default)
2019-09-26 09:21:15,789 [5979e283-d20e-4620-920d-03c0cf6ae99c@group-A086D9588F76:LeaderElection8] INFO  server.RaftServerConfigKeys (ConfUtils.java:logGet(43)) - raft.server.write.element-limit = 4096 (default)
2019-09-26 09:21:15,789 [5979e283-d20e-4620-920d-03c0cf6ae99c@group-A086D9588F76:LeaderElection8] INFO  server.RaftServerConfigKeys (ConfUtils.java:logGet(43)) - raft.server.watch.timeout = 10s (default)
2019-09-26 09:21:15,789 [5979e283-d20e-4620-920d-03c0cf6ae99c@group-A086D9588F76:LeaderElection8] INFO  server.RaftServerConfigKeys (ConfUtils.java:logGet(43)) - raft.server.watch.timeout.denomination = 1s (default)
2019-09-26 09:21:15,789 [5979e283-d20e-4620-920d-03c0cf6ae99c@group-A086D9588F76:LeaderElection8] INFO  server.RaftServerConfigKeys (ConfUtils.java:logGet(43)) - raft.server.watch.element-limit = 65536 (default)
2019-09-26 09:21:15,791 [5979e283-d20e-4620-920d-03c0cf6ae99c@group-A086D9588F76:LeaderElection8] INFO  impl.RoleInfo (RoleInfo.java:updateAndGet(143)) - 5979e283-d20e-4620-920d-03c0cf6ae99c: start LeaderState
2019-09-26 09:21:15,791 [5979e283-d20e-4620-920d-03c0cf6ae99c@group-A086D9588F76:LeaderElection8] INFO  segmented.SegmentedRaftLogWorker (SegmentedRaftLogWorker.java:startLogSegment(380)) - 5979e283-d20e-4620-920d-03c0cf6ae99c@group-A086D9588F76-SegmentedRaftLogWorker: Starting segment from index:0
2019-09-26 09:21:15,792 [5979e283-d20e-4620-920d-03c0cf6ae99c@group-A086D9588F76:LeaderElection8] INFO  impl.RaftServerImpl (ServerState.java:setRaftConf(354)) - 5979e283-d20e-4620-920d-03c0cf6ae99c@group-A086D9588F76: set configuration 0: [5979e283-d20e-4620-920d-03c0cf6ae99c:192.168.30.13:39443], old=null at 0
2019-09-26 09:21:15,827 [pool-97-thread-1] INFO  storage.RaftStorage (RaftStorage.java:format(72)) - Storage directory /workdir/hadoop-ozone/integration-test/target/test-dir/MiniOzoneClusterImpl-078ea463-30a6-4c8a-a8ff-41db0515e22e/datanode-7/data/ratis/04ace2ca-92e7-47ed-8ac2-7d07e79cf3bf has been successfully formatted.
2019-09-26 09:21:15,828 [pool-97-thread-1] INFO  ratis.ContainerStateMachine (ContainerStateMachine.java:loadSnapshot(230)) - group-7D07E79CF3BF: The snapshot info is null. Setting the last applied indexto:(t:0, i:~)
2019-09-26 09:21:15,828 [pool-97-thread-1] INFO  server.RaftServerConfigKeys (ConfUtils.java:logGet(43)) - raft.server.notification.no-leader.timeout = 120s (custom)
2019-09-26 09:21:15,828 [pool-97-thread-1] INFO  server.RaftServerConfigKeys (ConfUtils.java:logGet(43)) - raft.server.log.use.memory = false (default)
2019-09-26 09:21:15,828 [pool-97-thread-1] INFO  server.RaftServerConfigKeys (ConfUtils.java:logGet(43)) - raft.server.log.purge.gap = 1000000 (custom)
2019-09-26 09:21:15,828 [pool-97-thread-1] INFO  server.RaftServerConfigKeys (ConfUtils.java:logGet(43)) - raft.server.log.appender.buffer.byte-limit = 33554432 (custom)
2019-09-26 09:21:15,829 [pool-97-thread-1] INFO  server.RaftServerConfigKeys (ConfUtils.java:logGet(43)) - raft.server.log.segment.size.max = 1048576 (custom)
2019-09-26 09:21:15,829 [pool-97-thread-1] INFO  server.RaftServerConfigKeys (ConfUtils.java:logGet(43)) - raft.server.log.segment.cache.num.max = 2 (custom)
2019-09-26 09:21:15,829 [pool-97-thread-1] INFO  segmented.SegmentedRaftLogWorker (SegmentedRaftLogWorker.java:<init>(172)) - new 16503525-0504-4dc7-b18b-9a1cb86da45b@group-7D07E79CF3BF-SegmentedRaftLogWorker for RaftStorage:Storage Directory /workdir/hadoop-ozone/integration-test/target/test-dir/MiniOzoneClusterImpl-078ea463-30a6-4c8a-a8ff-41db0515e22e/datanode-7/data/ratis/04ace2ca-92e7-47ed-8ac2-7d07e79cf3bf
2019-09-26 09:21:15,829 [pool-97-thread-1] INFO  server.RaftServerConfigKeys (ConfUtils.java:logGet(43)) - raft.server.log.queue.byte-limit = 2147483647 (custom)
2019-09-26 09:21:15,829 [pool-97-thread-1] INFO  server.RaftServerConfigKeys (ConfUtils.java:logGet(43)) - raft.server.log.queue.element-limit = 1024 (custom)
2019-09-26 09:21:15,829 [pool-97-thread-1] INFO  server.RaftServerConfigKeys (ConfUtils.java:logGet(43)) - raft.server.log.segment.size.max = 1048576 (custom)
2019-09-26 09:21:15,829 [pool-97-thread-1] INFO  server.RaftServerConfigKeys (ConfUtils.java:logGet(43)) - raft.server.log.preallocated.size = 16384 (custom)
2019-09-26 09:21:15,830 [pool-97-thread-1] INFO  server.RaftServerConfigKeys (ConfUtils.java:logGet(43)) - raft.server.log.write.buffer.size = 33554432 (custom)
2019-09-26 09:21:15,830 [pool-97-thread-1] INFO  server.RaftServerConfigKeys (ConfUtils.java:logGet(43)) - raft.server.log.force.sync.num = 128 (default)
2019-09-26 09:21:15,830 [pool-97-thread-1] INFO  server.RaftServerConfigKeys (ConfUtils.java:logGet(43)) - raft.server.log.statemachine.data.sync = true (default)
2019-09-26 09:21:15,830 [pool-97-thread-1] INFO  server.RaftServerConfigKeys (ConfUtils.java:logGet(43)) - raft.server.log.statemachine.data.sync.timeout = 10s (default)
2019-09-26 09:21:15,830 [pool-97-thread-1] INFO  server.RaftServerConfigKeys (ConfUtils.java:logGet(43)) - raft.server.log.statemachine.data.sync.timeout.retry = -1 (default)
2019-09-26 09:21:15,830 [pool-97-thread-1] INFO  server.RaftServerConfigKeys (ConfUtils.java:logGet(43)) - raft.server.log.statemachine.data.caching.enabled = true (custom)
2019-09-26 09:21:15,831 [pool-97-thread-1] INFO  segmented.SegmentedRaftLogWorker (SegmentedRaftLogWorker.java:lambda$new$0(132)) - 16503525-0504-4dc7-b18b-9a1cb86da45b@group-7D07E79CF3BF-SegmentedRaftLogWorker: flushIndex: setUnconditionally 0 -> -1
2019-09-26 09:21:15,831 [pool-97-thread-1] INFO  server.RaftServerConfigKeys (ConfUtils.java:logGet(43)) - raft.server.snapshot.auto.trigger.enabled = true (custom)
2019-09-26 09:21:15,831 [pool-97-thread-1] INFO  server.RaftServerConfigKeys (ConfUtils.java:logGet(43)) - raft.server.snapshot.auto.trigger.threshold = 10000 (custom)
2019-09-26 09:21:15,831 [pool-97-thread-1] INFO  server.RaftServerConfigKeys (ConfUtils.java:logGet(43)) - raft.server.snapshot.retention.num.files = 5 (custom)
2019-09-26 09:21:15,832 [pool-97-thread-1] INFO  server.RaftServerConfigKeys (ConfUtils.java:logGet(43)) - raft.server.retrycache.expirytime = 600000ms (custom)
2019-09-26 09:21:15,835 [pool-97-thread-1] INFO  impl.RaftServerImpl (RaftServerImpl.java:start(185)) - 16503525-0504-4dc7-b18b-9a1cb86da45b@group-7D07E79CF3BF: start as a follower, conf=-1: [16503525-0504-4dc7-b18b-9a1cb86da45b:192.168.30.13:41943], old=null
2019-09-26 09:21:15,835 [pool-97-thread-1] INFO  impl.RaftServerImpl (RaftServerImpl.java:setRole(174)) - 16503525-0504-4dc7-b18b-9a1cb86da45b@group-7D07E79CF3BF: changes role from      null to FOLLOWER at term 0 for startAsFollower
2019-09-26 09:21:15,835 [pool-97-thread-1] INFO  impl.RoleInfo (RoleInfo.java:updateAndGet(143)) - 16503525-0504-4dc7-b18b-9a1cb86da45b: start FollowerState
2019-09-26 09:21:15,836 [pool-97-thread-1] INFO  util.JmxRegister (JmxRegister.java:tryRegister(44)) - Successfully registered JMX Bean with object name Ratis:service=RaftServer,group=group-7D07E79CF3BF,id=16503525-0504-4dc7-b18b-9a1cb86da45b
2019-09-26 09:21:15,839 [RatisPipelineUtilsThread] INFO  pipeline.PipelineStateManager (PipelineStateManager.java:addPipeline(56)) - Created pipeline Pipeline[ Id: 04ace2ca-92e7-47ed-8ac2-7d07e79cf3bf, Nodes: 16503525-0504-4dc7-b18b-9a1cb86da45b{ip: 192.168.30.13, host: pr-hdds-1569-wvzgm-824869521, networkLocation: /default-rack, certSerialId: null}, Type:RATIS, Factor:ONE, State:OPEN]
2019-09-26 09:21:15,839 [RatisPipelineUtilsThread] INFO  pipeline.PipelinePlacementPolicy (PipelinePlacementPolicy.java:meetCriteria(91)) - Pipeline Placement: can't place more pipeline on heavy datanode： 3696961a-2fd3-4cbb-be04-5fcc9f82ed1a Heaviness: 6 limit: 5
2019-09-26 09:21:15,839 [5979e283-d20e-4620-920d-03c0cf6ae99c@group-A086D9588F76-SegmentedRaftLogWorker] INFO  segmented.SegmentedRaftLogWorker (SegmentedRaftLogWorker.java:execute(569)) - 5979e283-d20e-4620-920d-03c0cf6ae99c@group-A086D9588F76-SegmentedRaftLogWorker: created new log segment /workdir/hadoop-ozone/integration-test/target/test-dir/MiniOzoneClusterImpl-078ea463-30a6-4c8a-a8ff-41db0515e22e/datanode-6/data/ratis/74fe80a9-1f6c-4918-b64c-a086d9588f76/current/log_inprogress_0
2019-09-26 09:21:15,839 [RatisPipelineUtilsThread] INFO  pipeline.PipelinePlacementPolicy (PipelinePlacementPolicy.java:meetCriteria(91)) - Pipeline Placement: can't place more pipeline on heavy datanode： cdeec377-8f89-4dce-9b26-4d7c58a1953c Heaviness: 6 limit: 5
2019-09-26 09:21:15,840 [RatisPipelineUtilsThread] INFO  pipeline.PipelinePlacementPolicy (PipelinePlacementPolicy.java:meetCriteria(91)) - Pipeline Placement: can't place more pipeline on heavy datanode： 45c711e7-a055-41cb-865c-06675942396d Heaviness: 6 limit: 5
2019-09-26 09:21:15,840 [RatisPipelineUtilsThread] INFO  pipeline.PipelinePlacementPolicy (PipelinePlacementPolicy.java:meetCriteria(91)) - Pipeline Placement: can't place more pipeline on heavy datanode： 3750858d-06c8-40e1-8c05-0037147842e2 Heaviness: 6 limit: 5
2019-09-26 09:21:15,840 [RatisPipelineUtilsThread] INFO  pipeline.PipelinePlacementPolicy (PipelinePlacementPolicy.java:meetCriteria(91)) - Pipeline Placement: can't place more pipeline on heavy datanode： 1dec72e7-0344-4894-a47b-48d961c58f71 Heaviness: 6 limit: 5
2019-09-26 09:21:15,846 [grpc-default-executor-0] INFO  impl.RaftServerProxy (RaftServerProxy.java:addNew(89)) - 16503525-0504-4dc7-b18b-9a1cb86da45b: addNew group-84B91A0FC7BD:[16503525-0504-4dc7-b18b-9a1cb86da45b:192.168.30.13:41943] returns group-84B91A0FC7BD:java.util.concurrent.CompletableFuture@167eb054[Not completed]
2019-09-26 09:21:15,848 [pool-97-thread-1] INFO  impl.RaftServerImpl (RaftServerImpl.java:<init>(95)) - 16503525-0504-4dc7-b18b-9a1cb86da45b: new RaftServerImpl for group-84B91A0FC7BD:[16503525-0504-4dc7-b18b-9a1cb86da45b:192.168.30.13:41943] with ContainerStateMachine:uninitialized
2019-09-26 09:21:15,848 [pool-97-thread-1] INFO  server.RaftServerConfigKeys (ConfUtils.java:logGet(43)) - raft.server.rpc.timeout.min = 5s (custom)
2019-09-26 09:21:15,848 [pool-97-thread-1] INFO  server.RaftServerConfigKeys (ConfUtils.java:logGet(43)) - raft.server.rpc.timeout.max = 5200ms (custom)
2019-09-26 09:21:15,848 [pool-97-thread-1] INFO  server.RaftServerConfigKeys (ConfUtils.java:logGet(43)) - raft.server.rpcslowness.timeout = 120s (custom)
2019-09-26 09:21:15,848 [pool-97-thread-1] INFO  server.RaftServerConfigKeys (ConfUtils.java:logGet(43)) - raft.server.sleep.deviation.threshold = 300 (default)
2019-09-26 09:21:15,849 [pool-97-thread-1] INFO  server.RaftServerConfigKeys (ConfUtils.java:logGet(43)) - raft.server.log.appender.install.snapshot.enabled = false (custom)
2019-09-26 09:21:15,849 [pool-97-thread-1] INFO  impl.RaftServerImpl (ServerState.java:<init>(103)) - 16503525-0504-4dc7-b18b-9a1cb86da45b@group-84B91A0FC7BD: ConfigurationManager, init=-1: [16503525-0504-4dc7-b18b-9a1cb86da45b:192.168.30.13:41943], old=null, confs=<EMPTY_MAP>
2019-09-26 09:21:15,849 [pool-97-thread-1] INFO  server.RaftServerConfigKeys (ConfUtils.java:logGet(43)) - raft.server.storage.dir = [/workdir/hadoop-ozone/integration-test/target/test-dir/MiniOzoneClusterImpl-078ea463-30a6-4c8a-a8ff-41db0515e22e/datanode-7/data/ratis] (custom)
2019-09-26 09:21:15,850 [pool-97-thread-1] INFO  storage.RaftStorageDirectory (RaftStorageDirectory.java:analyzeStorage(246)) - The storage directory /workdir/hadoop-ozone/integration-test/target/test-dir/MiniOzoneClusterImpl-078ea463-30a6-4c8a-a8ff-41db0515e22e/datanode-7/data/ratis/2099bbc4-5d23-4b38-b5ca-84b91a0fc7bd does not exist. Creating ...
2019-09-26 09:21:15,863 [pool-97-thread-1] INFO  storage.RaftStorageDirectory (RaftStorageDirectory.java:tryLock(328)) - Lock on /workdir/hadoop-ozone/integration-test/target/test-dir/MiniOzoneClusterImpl-078ea463-30a6-4c8a-a8ff-41db0515e22e/datanode-7/data/ratis/2099bbc4-5d23-4b38-b5ca-84b91a0fc7bd/in_use.lock acquired by nodename 11214@pr-hdds-1569-wvzgm-824869521
2019-09-26 09:21:15,877 [pool-97-thread-1] INFO  storage.RaftStorage (RaftStorage.java:format(72)) - Storage directory /workdir/hadoop-ozone/integration-test/target/test-dir/MiniOzoneClusterImpl-078ea463-30a6-4c8a-a8ff-41db0515e22e/datanode-7/data/ratis/2099bbc4-5d23-4b38-b5ca-84b91a0fc7bd has been successfully formatted.
2019-09-26 09:21:15,878 [pool-97-thread-1] INFO  ratis.ContainerStateMachine (ContainerStateMachine.java:loadSnapshot(230)) - group-84B91A0FC7BD: The snapshot info is null. Setting the last applied indexto:(t:0, i:~)
2019-09-26 09:21:15,878 [pool-97-thread-1] INFO  server.RaftServerConfigKeys (ConfUtils.java:logGet(43)) - raft.server.notification.no-leader.timeout = 120s (custom)
2019-09-26 09:21:15,878 [pool-97-thread-1] INFO  server.RaftServerConfigKeys (ConfUtils.java:logGet(43)) - raft.server.log.use.memory = false (default)
2019-09-26 09:21:15,878 [pool-97-thread-1] INFO  server.RaftServerConfigKeys (ConfUtils.java:logGet(43)) - raft.server.log.purge.gap = 1000000 (custom)
2019-09-26 09:21:15,878 [pool-97-thread-1] INFO  server.RaftServerConfigKeys (ConfUtils.java:logGet(43)) - raft.server.log.appender.buffer.byte-limit = 33554432 (custom)
2019-09-26 09:21:15,878 [pool-97-thread-1] INFO  server.RaftServerConfigKeys (ConfUtils.java:logGet(43)) - raft.server.log.segment.size.max = 1048576 (custom)
2019-09-26 09:21:15,879 [pool-97-thread-1] INFO  server.RaftServerConfigKeys (ConfUtils.java:logGet(43)) - raft.server.log.segment.cache.num.max = 2 (custom)
2019-09-26 09:21:15,879 [pool-97-thread-1] INFO  segmented.SegmentedRaftLogWorker (SegmentedRaftLogWorker.java:<init>(172)) - new 16503525-0504-4dc7-b18b-9a1cb86da45b@group-84B91A0FC7BD-SegmentedRaftLogWorker for RaftStorage:Storage Directory /workdir/hadoop-ozone/integration-test/target/test-dir/MiniOzoneClusterImpl-078ea463-30a6-4c8a-a8ff-41db0515e22e/datanode-7/data/ratis/2099bbc4-5d23-4b38-b5ca-84b91a0fc7bd
2019-09-26 09:21:15,879 [pool-97-thread-1] INFO  server.RaftServerConfigKeys (ConfUtils.java:logGet(43)) - raft.server.log.queue.byte-limit = 2147483647 (custom)
2019-09-26 09:21:15,879 [pool-97-thread-1] INFO  server.RaftServerConfigKeys (ConfUtils.java:logGet(43)) - raft.server.log.queue.element-limit = 1024 (custom)
2019-09-26 09:21:15,879 [pool-97-thread-1] INFO  server.RaftServerConfigKeys (ConfUtils.java:logGet(43)) - raft.server.log.segment.size.max = 1048576 (custom)
2019-09-26 09:21:15,880 [pool-97-thread-1] INFO  server.RaftServerConfigKeys (ConfUtils.java:logGet(43)) - raft.server.log.preallocated.size = 16384 (custom)
2019-09-26 09:21:15,880 [pool-97-thread-1] INFO  server.RaftServerConfigKeys (ConfUtils.java:logGet(43)) - raft.server.log.write.buffer.size = 33554432 (custom)
2019-09-26 09:21:15,880 [pool-97-thread-1] INFO  server.RaftServerConfigKeys (ConfUtils.java:logGet(43)) - raft.server.log.force.sync.num = 128 (default)
2019-09-26 09:21:15,880 [pool-97-thread-1] INFO  server.RaftServerConfigKeys (ConfUtils.java:logGet(43)) - raft.server.log.statemachine.data.sync = true (default)
2019-09-26 09:21:15,880 [pool-97-thread-1] INFO  server.RaftServerConfigKeys (ConfUtils.java:logGet(43)) - raft.server.log.statemachine.data.sync.timeout = 10s (default)
2019-09-26 09:21:15,880 [pool-97-thread-1] INFO  server.RaftServerConfigKeys (ConfUtils.java:logGet(43)) - raft.server.log.statemachine.data.sync.timeout.retry = -1 (default)
2019-09-26 09:21:15,881 [pool-97-thread-1] INFO  server.RaftServerConfigKeys (ConfUtils.java:logGet(43)) - raft.server.log.statemachine.data.caching.enabled = true (custom)
2019-09-26 09:21:15,881 [Thread-310] INFO  impl.FollowerState (FollowerState.java:run(106)) - 1676f4ef-d876-44ce-9276-238a11cc43f0:group-1B5C219959B2 changes to CANDIDATE, lastRpcTime:5066, electionTimeout:5066ms
2019-09-26 09:21:15,881 [pool-97-thread-1] INFO  segmented.SegmentedRaftLogWorker (SegmentedRaftLogWorker.java:lambda$new$0(132)) - 16503525-0504-4dc7-b18b-9a1cb86da45b@group-84B91A0FC7BD-SegmentedRaftLogWorker: flushIndex: setUnconditionally 0 -> -1
2019-09-26 09:21:15,881 [Thread-310] INFO  impl.RoleInfo (RoleInfo.java:shutdownFollowerState(121)) - 1676f4ef-d876-44ce-9276-238a11cc43f0: shutdown FollowerState
2019-09-26 09:21:15,882 [Thread-310] INFO  impl.RaftServerImpl (RaftServerImpl.java:setRole(174)) - 1676f4ef-d876-44ce-9276-238a11cc43f0@group-1B5C219959B2: changes role from  FOLLOWER to CANDIDATE at term 0 for changeToCandidate
2019-09-26 09:21:15,882 [pool-97-thread-1] INFO  server.RaftServerConfigKeys (ConfUtils.java:logGet(43)) - raft.server.snapshot.auto.trigger.enabled = true (custom)
2019-09-26 09:21:15,882 [Thread-310] INFO  impl.RoleInfo (RoleInfo.java:updateAndGet(143)) - 1676f4ef-d876-44ce-9276-238a11cc43f0: start LeaderElection
2019-09-26 09:21:15,882 [pool-97-thread-1] INFO  server.RaftServerConfigKeys (ConfUtils.java:logGet(43)) - raft.server.snapshot.auto.trigger.threshold = 10000 (custom)
2019-09-26 09:21:15,882 [pool-97-thread-1] INFO  server.RaftServerConfigKeys (ConfUtils.java:logGet(43)) - raft.server.snapshot.retention.num.files = 5 (custom)
2019-09-26 09:21:15,882 [pool-97-thread-1] INFO  server.RaftServerConfigKeys (ConfUtils.java:logGet(43)) - raft.server.retrycache.expirytime = 600000ms (custom)
2019-09-26 09:21:15,894 [pool-97-thread-1] INFO  impl.RaftServerImpl (RaftServerImpl.java:start(185)) - 16503525-0504-4dc7-b18b-9a1cb86da45b@group-84B91A0FC7BD: start as a follower, conf=-1: [16503525-0504-4dc7-b18b-9a1cb86da45b:192.168.30.13:41943], old=null
2019-09-26 09:21:15,894 [pool-97-thread-1] INFO  impl.RaftServerImpl (RaftServerImpl.java:setRole(174)) - 16503525-0504-4dc7-b18b-9a1cb86da45b@group-84B91A0FC7BD: changes role from      null to FOLLOWER at term 0 for startAsFollower
2019-09-26 09:21:15,894 [pool-97-thread-1] INFO  impl.RoleInfo (RoleInfo.java:updateAndGet(143)) - 16503525-0504-4dc7-b18b-9a1cb86da45b: start FollowerState
2019-09-26 09:21:15,894 [pool-97-thread-1] INFO  util.JmxRegister (JmxRegister.java:tryRegister(44)) - Successfully registered JMX Bean with object name Ratis:service=RaftServer,group=group-84B91A0FC7BD,id=16503525-0504-4dc7-b18b-9a1cb86da45b
2019-09-26 09:21:15,899 [RatisPipelineUtilsThread] INFO  pipeline.PipelineStateManager (PipelineStateManager.java:addPipeline(56)) - Created pipeline Pipeline[ Id: 2099bbc4-5d23-4b38-b5ca-84b91a0fc7bd, Nodes: 16503525-0504-4dc7-b18b-9a1cb86da45b{ip: 192.168.30.13, host: pr-hdds-1569-wvzgm-824869521, networkLocation: /default-rack, certSerialId: null}, Type:RATIS, Factor:ONE, State:OPEN]
2019-09-26 09:21:15,899 [RatisPipelineUtilsThread] INFO  pipeline.PipelinePlacementPolicy (PipelinePlacementPolicy.java:meetCriteria(91)) - Pipeline Placement: can't place more pipeline on heavy datanode： 3696961a-2fd3-4cbb-be04-5fcc9f82ed1a Heaviness: 6 limit: 5
2019-09-26 09:21:15,899 [RatisPipelineUtilsThread] INFO  pipeline.PipelinePlacementPolicy (PipelinePlacementPolicy.java:meetCriteria(91)) - Pipeline Placement: can't place more pipeline on heavy datanode： 16503525-0504-4dc7-b18b-9a1cb86da45b Heaviness: 6 limit: 5
2019-09-26 09:21:15,900 [RatisPipelineUtilsThread] INFO  pipeline.PipelinePlacementPolicy (PipelinePlacementPolicy.java:meetCriteria(91)) - Pipeline Placement: can't place more pipeline on heavy datanode： cdeec377-8f89-4dce-9b26-4d7c58a1953c Heaviness: 6 limit: 5
2019-09-26 09:21:15,900 [RatisPipelineUtilsThread] INFO  pipeline.PipelinePlacementPolicy (PipelinePlacementPolicy.java:meetCriteria(91)) - Pipeline Placement: can't place more pipeline on heavy datanode： 45c711e7-a055-41cb-865c-06675942396d Heaviness: 6 limit: 5
2019-09-26 09:21:15,900 [RatisPipelineUtilsThread] INFO  pipeline.PipelinePlacementPolicy (PipelinePlacementPolicy.java:meetCriteria(91)) - Pipeline Placement: can't place more pipeline on heavy datanode： 3750858d-06c8-40e1-8c05-0037147842e2 Heaviness: 6 limit: 5
2019-09-26 09:21:15,900 [RatisPipelineUtilsThread] INFO  pipeline.PipelinePlacementPolicy (PipelinePlacementPolicy.java:meetCriteria(91)) - Pipeline Placement: can't place more pipeline on heavy datanode： 1dec72e7-0344-4894-a47b-48d961c58f71 Heaviness: 6 limit: 5
2019-09-26 09:21:15,904 [1676f4ef-d876-44ce-9276-238a11cc43f0@group-1B5C219959B2:LeaderElection9] INFO  impl.LeaderElection (LeaderElection.java:askForVotes(182)) - 1676f4ef-d876-44ce-9276-238a11cc43f0@group-1B5C219959B2:LeaderElection9: begin an election at term 1 for -1: [1676f4ef-d876-44ce-9276-238a11cc43f0:192.168.30.13:35157], old=null
2019-09-26 09:21:15,904 [1676f4ef-d876-44ce-9276-238a11cc43f0@group-1B5C219959B2:LeaderElection9] INFO  impl.RoleInfo (RoleInfo.java:shutdownLeaderElection(134)) - 1676f4ef-d876-44ce-9276-238a11cc43f0: shutdown LeaderElection
2019-09-26 09:21:15,905 [1676f4ef-d876-44ce-9276-238a11cc43f0@group-1B5C219959B2:LeaderElection9] INFO  impl.RaftServerImpl (RaftServerImpl.java:setRole(174)) - 1676f4ef-d876-44ce-9276-238a11cc43f0@group-1B5C219959B2: changes role from CANDIDATE to LEADER at term 1 for changeToLeader
2019-09-26 09:21:15,905 [1676f4ef-d876-44ce-9276-238a11cc43f0@group-1B5C219959B2:LeaderElection9] INFO  impl.RaftServerImpl (ServerState.java:setLeader(253)) - 1676f4ef-d876-44ce-9276-238a11cc43f0@group-1B5C219959B2: change Leader from null to 1676f4ef-d876-44ce-9276-238a11cc43f0 at term 1 for becomeLeader, leader elected after 5099ms
2019-09-26 09:21:15,905 [1676f4ef-d876-44ce-9276-238a11cc43f0@group-1B5C219959B2:LeaderElection9] INFO  server.RaftServerConfigKeys (ConfUtils.java:logGet(43)) - raft.server.staging.catchup.gap = 1000 (default)
2019-09-26 09:21:15,905 [1676f4ef-d876-44ce-9276-238a11cc43f0@group-1B5C219959B2:LeaderElection9] INFO  server.RaftServerConfigKeys (ConfUtils.java:logGet(43)) - raft.server.rpc.sleep.time = 25ms (default)
2019-09-26 09:21:15,905 [1676f4ef-d876-44ce-9276-238a11cc43f0@group-1B5C219959B2:LeaderElection9] INFO  server.RaftServerConfigKeys (ConfUtils.java:logGet(43)) - raft.server.write.element-limit = 4096 (default)
2019-09-26 09:21:15,905 [1676f4ef-d876-44ce-9276-238a11cc43f0@group-1B5C219959B2:LeaderElection9] INFO  server.RaftServerConfigKeys (ConfUtils.java:logGet(43)) - raft.server.watch.timeout = 10s (default)
2019-09-26 09:21:15,905 [1676f4ef-d876-44ce-9276-238a11cc43f0@group-1B5C219959B2:LeaderElection9] INFO  server.RaftServerConfigKeys (ConfUtils.java:logGet(43)) - raft.server.watch.timeout.denomination = 1s (default)
2019-09-26 09:21:15,905 [1676f4ef-d876-44ce-9276-238a11cc43f0@group-1B5C219959B2:LeaderElection9] INFO  server.RaftServerConfigKeys (ConfUtils.java:logGet(43)) - raft.server.watch.element-limit = 65536 (default)
2019-09-26 09:21:15,908 [grpc-default-executor-0] INFO  impl.RaftServerProxy (RaftServerProxy.java:addNew(89)) - 9ce5e10e-717d-4ed3-be0e-b6018052c3d2: addNew group-2B585FA7C670:[9ce5e10e-717d-4ed3-be0e-b6018052c3d2:192.168.30.13:37649] returns group-2B585FA7C670:java.util.concurrent.CompletableFuture@75fc874a[Not completed]
2019-09-26 09:21:15,908 [1676f4ef-d876-44ce-9276-238a11cc43f0@group-1B5C219959B2:LeaderElection9] INFO  impl.RoleInfo (RoleInfo.java:updateAndGet(143)) - 1676f4ef-d876-44ce-9276-238a11cc43f0: start LeaderState
2019-09-26 09:21:15,909 [1676f4ef-d876-44ce-9276-238a11cc43f0@group-1B5C219959B2:LeaderElection9] INFO  segmented.SegmentedRaftLogWorker (SegmentedRaftLogWorker.java:startLogSegment(380)) - 1676f4ef-d876-44ce-9276-238a11cc43f0@group-1B5C219959B2-SegmentedRaftLogWorker: Starting segment from index:0
2019-09-26 09:21:15,909 [1676f4ef-d876-44ce-9276-238a11cc43f0@group-1B5C219959B2:LeaderElection9] INFO  impl.RaftServerImpl (ServerState.java:setRaftConf(354)) - 1676f4ef-d876-44ce-9276-238a11cc43f0@group-1B5C219959B2: set configuration 0: [1676f4ef-d876-44ce-9276-238a11cc43f0:192.168.30.13:35157], old=null at 0
2019-09-26 09:21:15,942 [pool-67-thread-1] INFO  impl.RaftServerImpl (RaftServerImpl.java:<init>(95)) - 9ce5e10e-717d-4ed3-be0e-b6018052c3d2: new RaftServerImpl for group-2B585FA7C670:[9ce5e10e-717d-4ed3-be0e-b6018052c3d2:192.168.30.13:37649] with ContainerStateMachine:uninitialized
2019-09-26 09:21:15,942 [pool-67-thread-1] INFO  server.RaftServerConfigKeys (ConfUtils.java:logGet(43)) - raft.server.rpc.timeout.min = 5s (custom)
2019-09-26 09:21:15,942 [pool-67-thread-1] INFO  server.RaftServerConfigKeys (ConfUtils.java:logGet(43)) - raft.server.rpc.timeout.max = 5200ms (custom)
2019-09-26 09:21:15,942 [pool-67-thread-1] INFO  server.RaftServerConfigKeys (ConfUtils.java:logGet(43)) - raft.server.rpcslowness.timeout = 120s (custom)
2019-09-26 09:21:15,942 [pool-67-thread-1] INFO  server.RaftServerConfigKeys (ConfUtils.java:logGet(43)) - raft.server.sleep.deviation.threshold = 300 (default)
2019-09-26 09:21:15,942 [pool-67-thread-1] INFO  server.RaftServerConfigKeys (ConfUtils.java:logGet(43)) - raft.server.log.appender.install.snapshot.enabled = false (custom)
2019-09-26 09:21:15,943 [pool-67-thread-1] INFO  impl.RaftServerImpl (ServerState.java:<init>(103)) - 9ce5e10e-717d-4ed3-be0e-b6018052c3d2@group-2B585FA7C670: ConfigurationManager, init=-1: [9ce5e10e-717d-4ed3-be0e-b6018052c3d2:192.168.30.13:37649], old=null, confs=<EMPTY_MAP>
2019-09-26 09:21:15,943 [pool-67-thread-1] INFO  server.RaftServerConfigKeys (ConfUtils.java:logGet(43)) - raft.server.storage.dir = [/workdir/hadoop-ozone/integration-test/target/test-dir/MiniOzoneClusterImpl-078ea463-30a6-4c8a-a8ff-41db0515e22e/datanode-4/data/ratis] (custom)
2019-09-26 09:21:15,943 [pool-67-thread-1] INFO  storage.RaftStorageDirectory (RaftStorageDirectory.java:analyzeStorage(246)) - The storage directory /workdir/hadoop-ozone/integration-test/target/test-dir/MiniOzoneClusterImpl-078ea463-30a6-4c8a-a8ff-41db0515e22e/datanode-4/data/ratis/0154d61a-c625-4512-b0a3-2b585fa7c670 does not exist. Creating ...
2019-09-26 09:21:15,954 [pool-67-thread-1] INFO  storage.RaftStorageDirectory (RaftStorageDirectory.java:tryLock(328)) - Lock on /workdir/hadoop-ozone/integration-test/target/test-dir/MiniOzoneClusterImpl-078ea463-30a6-4c8a-a8ff-41db0515e22e/datanode-4/data/ratis/0154d61a-c625-4512-b0a3-2b585fa7c670/in_use.lock acquired by nodename 11214@pr-hdds-1569-wvzgm-824869521
2019-09-26 09:21:15,954 [1676f4ef-d876-44ce-9276-238a11cc43f0@group-1B5C219959B2-SegmentedRaftLogWorker] INFO  segmented.SegmentedRaftLogWorker (SegmentedRaftLogWorker.java:execute(569)) - 1676f4ef-d876-44ce-9276-238a11cc43f0@group-1B5C219959B2-SegmentedRaftLogWorker: created new log segment /workdir/hadoop-ozone/integration-test/target/test-dir/MiniOzoneClusterImpl-078ea463-30a6-4c8a-a8ff-41db0515e22e/datanode-9/data/ratis/ae14a88d-b058-4dac-8354-1b5c219959b2/current/log_inprogress_0
2019-09-26 09:21:15,968 [pool-67-thread-1] INFO  storage.RaftStorage (RaftStorage.java:format(72)) - Storage directory /workdir/hadoop-ozone/integration-test/target/test-dir/MiniOzoneClusterImpl-078ea463-30a6-4c8a-a8ff-41db0515e22e/datanode-4/data/ratis/0154d61a-c625-4512-b0a3-2b585fa7c670 has been successfully formatted.
2019-09-26 09:21:15,968 [pool-67-thread-1] INFO  ratis.ContainerStateMachine (ContainerStateMachine.java:loadSnapshot(230)) - group-2B585FA7C670: The snapshot info is null. Setting the last applied indexto:(t:0, i:~)
2019-09-26 09:21:15,968 [pool-67-thread-1] INFO  server.RaftServerConfigKeys (ConfUtils.java:logGet(43)) - raft.server.notification.no-leader.timeout = 120s (custom)
2019-09-26 09:21:15,968 [pool-67-thread-1] INFO  server.RaftServerConfigKeys (ConfUtils.java:logGet(43)) - raft.server.log.use.memory = false (default)
2019-09-26 09:21:15,969 [pool-67-thread-1] INFO  server.RaftServerConfigKeys (ConfUtils.java:logGet(43)) - raft.server.log.purge.gap = 1000000 (custom)
2019-09-26 09:21:15,969 [pool-67-thread-1] INFO  server.RaftServerConfigKeys (ConfUtils.java:logGet(43)) - raft.server.log.appender.buffer.byte-limit = 33554432 (custom)
2019-09-26 09:21:15,969 [pool-67-thread-1] INFO  server.RaftServerConfigKeys (ConfUtils.java:logGet(43)) - raft.server.log.segment.size.max = 1048576 (custom)
2019-09-26 09:21:15,969 [pool-67-thread-1] INFO  server.RaftServerConfigKeys (ConfUtils.java:logGet(43)) - raft.server.log.segment.cache.num.max = 2 (custom)
2019-09-26 09:21:15,969 [pool-67-thread-1] INFO  segmented.SegmentedRaftLogWorker (SegmentedRaftLogWorker.java:<init>(172)) - new 9ce5e10e-717d-4ed3-be0e-b6018052c3d2@group-2B585FA7C670-SegmentedRaftLogWorker for RaftStorage:Storage Directory /workdir/hadoop-ozone/integration-test/target/test-dir/MiniOzoneClusterImpl-078ea463-30a6-4c8a-a8ff-41db0515e22e/datanode-4/data/ratis/0154d61a-c625-4512-b0a3-2b585fa7c670
2019-09-26 09:21:15,969 [pool-67-thread-1] INFO  server.RaftServerConfigKeys (ConfUtils.java:logGet(43)) - raft.server.log.queue.byte-limit = 2147483647 (custom)
2019-09-26 09:21:15,969 [pool-67-thread-1] INFO  server.RaftServerConfigKeys (ConfUtils.java:logGet(43)) - raft.server.log.queue.element-limit = 1024 (custom)
2019-09-26 09:21:15,970 [pool-67-thread-1] INFO  server.RaftServerConfigKeys (ConfUtils.java:logGet(43)) - raft.server.log.segment.size.max = 1048576 (custom)
2019-09-26 09:21:15,970 [pool-67-thread-1] INFO  server.RaftServerConfigKeys (ConfUtils.java:logGet(43)) - raft.server.log.preallocated.size = 16384 (custom)
2019-09-26 09:21:15,970 [pool-67-thread-1] INFO  server.RaftServerConfigKeys (ConfUtils.java:logGet(43)) - raft.server.log.write.buffer.size = 33554432 (custom)
2019-09-26 09:21:15,970 [pool-67-thread-1] INFO  server.RaftServerConfigKeys (ConfUtils.java:logGet(43)) - raft.server.log.force.sync.num = 128 (default)
2019-09-26 09:21:15,970 [pool-67-thread-1] INFO  server.RaftServerConfigKeys (ConfUtils.java:logGet(43)) - raft.server.log.statemachine.data.sync = true (default)
2019-09-26 09:21:15,970 [pool-67-thread-1] INFO  server.RaftServerConfigKeys (ConfUtils.java:logGet(43)) - raft.server.log.statemachine.data.sync.timeout = 10s (default)
2019-09-26 09:21:15,970 [pool-67-thread-1] INFO  server.RaftServerConfigKeys (ConfUtils.java:logGet(43)) - raft.server.log.statemachine.data.sync.timeout.retry = -1 (default)
2019-09-26 09:21:15,971 [pool-67-thread-1] INFO  server.RaftServerConfigKeys (ConfUtils.java:logGet(43)) - raft.server.log.statemachine.data.caching.enabled = true (custom)
2019-09-26 09:21:15,971 [pool-67-thread-1] INFO  segmented.SegmentedRaftLogWorker (SegmentedRaftLogWorker.java:lambda$new$0(132)) - 9ce5e10e-717d-4ed3-be0e-b6018052c3d2@group-2B585FA7C670-SegmentedRaftLogWorker: flushIndex: setUnconditionally 0 -> -1
2019-09-26 09:21:15,972 [pool-67-thread-1] INFO  server.RaftServerConfigKeys (ConfUtils.java:logGet(43)) - raft.server.snapshot.auto.trigger.enabled = true (custom)
2019-09-26 09:21:15,972 [pool-67-thread-1] INFO  server.RaftServerConfigKeys (ConfUtils.java:logGet(43)) - raft.server.snapshot.auto.trigger.threshold = 10000 (custom)
2019-09-26 09:21:15,972 [pool-67-thread-1] INFO  server.RaftServerConfigKeys (ConfUtils.java:logGet(43)) - raft.server.snapshot.retention.num.files = 5 (custom)
2019-09-26 09:21:15,972 [pool-67-thread-1] INFO  server.RaftServerConfigKeys (ConfUtils.java:logGet(43)) - raft.server.retrycache.expirytime = 600000ms (custom)
2019-09-26 09:21:15,975 [pool-67-thread-1] INFO  impl.RaftServerImpl (RaftServerImpl.java:start(185)) - 9ce5e10e-717d-4ed3-be0e-b6018052c3d2@group-2B585FA7C670: start as a follower, conf=-1: [9ce5e10e-717d-4ed3-be0e-b6018052c3d2:192.168.30.13:37649], old=null
2019-09-26 09:21:15,975 [pool-67-thread-1] INFO  impl.RaftServerImpl (RaftServerImpl.java:setRole(174)) - 9ce5e10e-717d-4ed3-be0e-b6018052c3d2@group-2B585FA7C670: changes role from      null to FOLLOWER at term 0 for startAsFollower
2019-09-26 09:21:15,976 [pool-67-thread-1] INFO  impl.RoleInfo (RoleInfo.java:updateAndGet(143)) - 9ce5e10e-717d-4ed3-be0e-b6018052c3d2: start FollowerState
2019-09-26 09:21:15,976 [pool-67-thread-1] INFO  util.JmxRegister (JmxRegister.java:tryRegister(44)) - Successfully registered JMX Bean with object name Ratis:service=RaftServer,group=group-2B585FA7C670,id=9ce5e10e-717d-4ed3-be0e-b6018052c3d2
2019-09-26 09:21:15,978 [Thread-313] INFO  impl.FollowerState (FollowerState.java:run(106)) - 1dec72e7-0344-4894-a47b-48d961c58f71:group-733E71B33681 changes to CANDIDATE, lastRpcTime:5094, electionTimeout:5094ms
2019-09-26 09:21:15,978 [Thread-313] INFO  impl.RoleInfo (RoleInfo.java:shutdownFollowerState(121)) - 1dec72e7-0344-4894-a47b-48d961c58f71: shutdown FollowerState
2019-09-26 09:21:15,978 [Thread-313] INFO  impl.RaftServerImpl (RaftServerImpl.java:setRole(174)) - 1dec72e7-0344-4894-a47b-48d961c58f71@group-733E71B33681: changes role from  FOLLOWER to CANDIDATE at term 0 for changeToCandidate
2019-09-26 09:21:15,978 [Thread-313] INFO  impl.RoleInfo (RoleInfo.java:updateAndGet(143)) - 1dec72e7-0344-4894-a47b-48d961c58f71: start LeaderElection
2019-09-26 09:21:15,989 [RatisPipelineUtilsThread] INFO  pipeline.PipelineStateManager (PipelineStateManager.java:addPipeline(56)) - Created pipeline Pipeline[ Id: 0154d61a-c625-4512-b0a3-2b585fa7c670, Nodes: 9ce5e10e-717d-4ed3-be0e-b6018052c3d2{ip: 192.168.30.13, host: pr-hdds-1569-wvzgm-824869521, networkLocation: /default-rack, certSerialId: null}, Type:RATIS, Factor:ONE, State:OPEN]
2019-09-26 09:21:15,990 [RatisPipelineUtilsThread] INFO  pipeline.PipelinePlacementPolicy (PipelinePlacementPolicy.java:meetCriteria(91)) - Pipeline Placement: can't place more pipeline on heavy datanode： 3696961a-2fd3-4cbb-be04-5fcc9f82ed1a Heaviness: 6 limit: 5
2019-09-26 09:21:15,990 [RatisPipelineUtilsThread] INFO  pipeline.PipelinePlacementPolicy (PipelinePlacementPolicy.java:meetCriteria(91)) - Pipeline Placement: can't place more pipeline on heavy datanode： 16503525-0504-4dc7-b18b-9a1cb86da45b Heaviness: 6 limit: 5
2019-09-26 09:21:15,990 [RatisPipelineUtilsThread] INFO  pipeline.PipelinePlacementPolicy (PipelinePlacementPolicy.java:meetCriteria(91)) - Pipeline Placement: can't place more pipeline on heavy datanode： cdeec377-8f89-4dce-9b26-4d7c58a1953c Heaviness: 6 limit: 5
2019-09-26 09:21:15,990 [RatisPipelineUtilsThread] INFO  pipeline.PipelinePlacementPolicy (PipelinePlacementPolicy.java:meetCriteria(91)) - Pipeline Placement: can't place more pipeline on heavy datanode： 9ce5e10e-717d-4ed3-be0e-b6018052c3d2 Heaviness: 6 limit: 5
2019-09-26 09:21:15,990 [RatisPipelineUtilsThread] INFO  pipeline.PipelinePlacementPolicy (PipelinePlacementPolicy.java:meetCriteria(91)) - Pipeline Placement: can't place more pipeline on heavy datanode： 45c711e7-a055-41cb-865c-06675942396d Heaviness: 6 limit: 5
2019-09-26 09:21:15,990 [RatisPipelineUtilsThread] INFO  pipeline.PipelinePlacementPolicy (PipelinePlacementPolicy.java:meetCriteria(91)) - Pipeline Placement: can't place more pipeline on heavy datanode： 3750858d-06c8-40e1-8c05-0037147842e2 Heaviness: 6 limit: 5
2019-09-26 09:21:15,991 [RatisPipelineUtilsThread] INFO  pipeline.PipelinePlacementPolicy (PipelinePlacementPolicy.java:meetCriteria(91)) - Pipeline Placement: can't place more pipeline on heavy datanode： 1dec72e7-0344-4894-a47b-48d961c58f71 Heaviness: 6 limit: 5
2019-09-26 09:21:15,994 [Thread-316] INFO  impl.FollowerState (FollowerState.java:run(106)) - 3750858d-06c8-40e1-8c05-0037147842e2:group-36F01EEC1963 changes to CANDIDATE, lastRpcTime:5033, electionTimeout:5033ms
2019-09-26 09:21:15,994 [Thread-316] INFO  impl.RoleInfo (RoleInfo.java:shutdownFollowerState(121)) - 3750858d-06c8-40e1-8c05-0037147842e2: shutdown FollowerState
2019-09-26 09:21:15,994 [Thread-316] INFO  impl.RaftServerImpl (RaftServerImpl.java:setRole(174)) - 3750858d-06c8-40e1-8c05-0037147842e2@group-36F01EEC1963: changes role from  FOLLOWER to CANDIDATE at term 0 for changeToCandidate
2019-09-26 09:21:15,994 [Thread-316] INFO  impl.RoleInfo (RoleInfo.java:updateAndGet(143)) - 3750858d-06c8-40e1-8c05-0037147842e2: start LeaderElection
2019-09-26 09:21:16,003 [1dec72e7-0344-4894-a47b-48d961c58f71@group-733E71B33681:LeaderElection10] INFO  impl.LeaderElection (LeaderElection.java:askForVotes(182)) - 1dec72e7-0344-4894-a47b-48d961c58f71@group-733E71B33681:LeaderElection10: begin an election at term 1 for -1: [1dec72e7-0344-4894-a47b-48d961c58f71:192.168.30.13:42556], old=null
2019-09-26 09:21:16,003 [1dec72e7-0344-4894-a47b-48d961c58f71@group-733E71B33681:LeaderElection10] INFO  impl.RoleInfo (RoleInfo.java:shutdownLeaderElection(134)) - 1dec72e7-0344-4894-a47b-48d961c58f71: shutdown LeaderElection
2019-09-26 09:21:16,003 [1dec72e7-0344-4894-a47b-48d961c58f71@group-733E71B33681:LeaderElection10] INFO  impl.RaftServerImpl (RaftServerImpl.java:setRole(174)) - 1dec72e7-0344-4894-a47b-48d961c58f71@group-733E71B33681: changes role from CANDIDATE to LEADER at term 1 for changeToLeader
2019-09-26 09:21:16,004 [1dec72e7-0344-4894-a47b-48d961c58f71@group-733E71B33681:LeaderElection10] INFO  impl.RaftServerImpl (ServerState.java:setLeader(253)) - 1dec72e7-0344-4894-a47b-48d961c58f71@group-733E71B33681: change Leader from null to 1dec72e7-0344-4894-a47b-48d961c58f71 at term 1 for becomeLeader, leader elected after 5125ms
2019-09-26 09:21:16,004 [1dec72e7-0344-4894-a47b-48d961c58f71@group-733E71B33681:LeaderElection10] INFO  server.RaftServerConfigKeys (ConfUtils.java:logGet(43)) - raft.server.staging.catchup.gap = 1000 (default)
2019-09-26 09:21:16,004 [1dec72e7-0344-4894-a47b-48d961c58f71@group-733E71B33681:LeaderElection10] INFO  server.RaftServerConfigKeys (ConfUtils.java:logGet(43)) - raft.server.rpc.sleep.time = 25ms (default)
2019-09-26 09:21:16,004 [1dec72e7-0344-4894-a47b-48d961c58f71@group-733E71B33681:LeaderElection10] INFO  server.RaftServerConfigKeys (ConfUtils.java:logGet(43)) - raft.server.write.element-limit = 4096 (default)
2019-09-26 09:21:16,004 [1dec72e7-0344-4894-a47b-48d961c58f71@group-733E71B33681:LeaderElection10] INFO  server.RaftServerConfigKeys (ConfUtils.java:logGet(43)) - raft.server.watch.timeout = 10s (default)
2019-09-26 09:21:16,004 [1dec72e7-0344-4894-a47b-48d961c58f71@group-733E71B33681:LeaderElection10] INFO  server.RaftServerConfigKeys (ConfUtils.java:logGet(43)) - raft.server.watch.timeout.denomination = 1s (default)
2019-09-26 09:21:16,005 [grpc-default-executor-0] INFO  impl.RaftServerProxy (RaftServerProxy.java:addNew(89)) - 1b34dbd2-a2d7-46bc-b57d-04f62019dff1: addNew group-62834B5132C6:[1b34dbd2-a2d7-46bc-b57d-04f62019dff1:192.168.30.13:39221] returns group-62834B5132C6:java.util.concurrent.CompletableFuture@6519ea1c[Not completed]
2019-09-26 09:21:16,005 [1dec72e7-0344-4894-a47b-48d961c58f71@group-733E71B33681:LeaderElection10] INFO  server.RaftServerConfigKeys (ConfUtils.java:logGet(43)) - raft.server.watch.element-limit = 65536 (default)
2019-09-26 09:21:16,006 [pool-47-thread-1] INFO  impl.RaftServerImpl (RaftServerImpl.java:<init>(95)) - 1b34dbd2-a2d7-46bc-b57d-04f62019dff1: new RaftServerImpl for group-62834B5132C6:[1b34dbd2-a2d7-46bc-b57d-04f62019dff1:192.168.30.13:39221] with ContainerStateMachine:uninitialized
2019-09-26 09:21:16,006 [pool-47-thread-1] INFO  server.RaftServerConfigKeys (ConfUtils.java:logGet(43)) - raft.server.rpc.timeout.min = 5s (custom)
2019-09-26 09:21:16,006 [pool-47-thread-1] INFO  server.RaftServerConfigKeys (ConfUtils.java:logGet(43)) - raft.server.rpc.timeout.max = 5200ms (custom)
2019-09-26 09:21:16,006 [pool-47-thread-1] INFO  server.RaftServerConfigKeys (ConfUtils.java:logGet(43)) - raft.server.rpcslowness.timeout = 120s (custom)
2019-09-26 09:21:16,006 [pool-47-thread-1] INFO  server.RaftServerConfigKeys (ConfUtils.java:logGet(43)) - raft.server.sleep.deviation.threshold = 300 (default)
2019-09-26 09:21:16,006 [pool-47-thread-1] INFO  server.RaftServerConfigKeys (ConfUtils.java:logGet(43)) - raft.server.log.appender.install.snapshot.enabled = false (custom)
2019-09-26 09:21:16,006 [pool-47-thread-1] INFO  impl.RaftServerImpl (ServerState.java:<init>(103)) - 1b34dbd2-a2d7-46bc-b57d-04f62019dff1@group-62834B5132C6: ConfigurationManager, init=-1: [1b34dbd2-a2d7-46bc-b57d-04f62019dff1:192.168.30.13:39221], old=null, confs=<EMPTY_MAP>
2019-09-26 09:21:16,006 [pool-47-thread-1] INFO  server.RaftServerConfigKeys (ConfUtils.java:logGet(43)) - raft.server.storage.dir = [/workdir/hadoop-ozone/integration-test/target/test-dir/MiniOzoneClusterImpl-078ea463-30a6-4c8a-a8ff-41db0515e22e/datanode-2/data/ratis] (custom)
2019-09-26 09:21:16,007 [pool-47-thread-1] INFO  storage.RaftStorageDirectory (RaftStorageDirectory.java:analyzeStorage(246)) - The storage directory /workdir/hadoop-ozone/integration-test/target/test-dir/MiniOzoneClusterImpl-078ea463-30a6-4c8a-a8ff-41db0515e22e/datanode-2/data/ratis/27aa5216-be25-4257-8ba6-62834b5132c6 does not exist. Creating ...
2019-09-26 09:21:16,008 [1dec72e7-0344-4894-a47b-48d961c58f71@group-733E71B33681:LeaderElection10] INFO  impl.RoleInfo (RoleInfo.java:updateAndGet(143)) - 1dec72e7-0344-4894-a47b-48d961c58f71: start LeaderState
2019-09-26 09:21:16,009 [1dec72e7-0344-4894-a47b-48d961c58f71@group-733E71B33681:LeaderElection10] INFO  segmented.SegmentedRaftLogWorker (SegmentedRaftLogWorker.java:startLogSegment(380)) - 1dec72e7-0344-4894-a47b-48d961c58f71@group-733E71B33681-SegmentedRaftLogWorker: Starting segment from index:0
2019-09-26 09:21:16,009 [1dec72e7-0344-4894-a47b-48d961c58f71@group-733E71B33681:LeaderElection10] INFO  impl.RaftServerImpl (ServerState.java:setRaftConf(354)) - 1dec72e7-0344-4894-a47b-48d961c58f71@group-733E71B33681: set configuration 0: [1dec72e7-0344-4894-a47b-48d961c58f71:192.168.30.13:42556], old=null at 0
2019-09-26 09:21:16,043 [pool-47-thread-1] INFO  storage.RaftStorageDirectory (RaftStorageDirectory.java:tryLock(328)) - Lock on /workdir/hadoop-ozone/integration-test/target/test-dir/MiniOzoneClusterImpl-078ea463-30a6-4c8a-a8ff-41db0515e22e/datanode-2/data/ratis/27aa5216-be25-4257-8ba6-62834b5132c6/in_use.lock acquired by nodename 11214@pr-hdds-1569-wvzgm-824869521
2019-09-26 09:21:16,043 [3750858d-06c8-40e1-8c05-0037147842e2@group-36F01EEC1963:LeaderElection11] INFO  impl.LeaderElection (LeaderElection.java:askForVotes(182)) - 3750858d-06c8-40e1-8c05-0037147842e2@group-36F01EEC1963:LeaderElection11: begin an election at term 1 for -1: [3750858d-06c8-40e1-8c05-0037147842e2:192.168.30.13:41582], old=null
2019-09-26 09:21:16,044 [3750858d-06c8-40e1-8c05-0037147842e2@group-36F01EEC1963:LeaderElection11] INFO  impl.RoleInfo (RoleInfo.java:shutdownLeaderElection(134)) - 3750858d-06c8-40e1-8c05-0037147842e2: shutdown LeaderElection
2019-09-26 09:21:16,044 [3750858d-06c8-40e1-8c05-0037147842e2@group-36F01EEC1963:LeaderElection11] INFO  impl.RaftServerImpl (RaftServerImpl.java:setRole(174)) - 3750858d-06c8-40e1-8c05-0037147842e2@group-36F01EEC1963: changes role from CANDIDATE to LEADER at term 1 for changeToLeader
2019-09-26 09:21:16,044 [3750858d-06c8-40e1-8c05-0037147842e2@group-36F01EEC1963:LeaderElection11] INFO  impl.RaftServerImpl (ServerState.java:setLeader(253)) - 3750858d-06c8-40e1-8c05-0037147842e2@group-36F01EEC1963: change Leader from null to 3750858d-06c8-40e1-8c05-0037147842e2 at term 1 for becomeLeader, leader elected after 5093ms
2019-09-26 09:21:16,044 [3750858d-06c8-40e1-8c05-0037147842e2@group-36F01EEC1963:LeaderElection11] INFO  server.RaftServerConfigKeys (ConfUtils.java:logGet(43)) - raft.server.staging.catchup.gap = 1000 (default)
2019-09-26 09:21:16,045 [3750858d-06c8-40e1-8c05-0037147842e2@group-36F01EEC1963:LeaderElection11] INFO  server.RaftServerConfigKeys (ConfUtils.java:logGet(43)) - raft.server.rpc.sleep.time = 25ms (default)
2019-09-26 09:21:16,045 [3750858d-06c8-40e1-8c05-0037147842e2@group-36F01EEC1963:LeaderElection11] INFO  server.RaftServerConfigKeys (ConfUtils.java:logGet(43)) - raft.server.write.element-limit = 4096 (default)
2019-09-26 09:21:16,045 [3750858d-06c8-40e1-8c05-0037147842e2@group-36F01EEC1963:LeaderElection11] INFO  server.RaftServerConfigKeys (ConfUtils.java:logGet(43)) - raft.server.watch.timeout = 10s (default)
2019-09-26 09:21:16,045 [3750858d-06c8-40e1-8c05-0037147842e2@group-36F01EEC1963:LeaderElection11] INFO  server.RaftServerConfigKeys (ConfUtils.java:logGet(43)) - raft.server.watch.timeout.denomination = 1s (default)
2019-09-26 09:21:16,045 [3750858d-06c8-40e1-8c05-0037147842e2@group-36F01EEC1963:LeaderElection11] INFO  server.RaftServerConfigKeys (ConfUtils.java:logGet(43)) - raft.server.watch.element-limit = 65536 (default)
2019-09-26 09:21:16,050 [3750858d-06c8-40e1-8c05-0037147842e2@group-36F01EEC1963:LeaderElection11] INFO  impl.RoleInfo (RoleInfo.java:updateAndGet(143)) - 3750858d-06c8-40e1-8c05-0037147842e2: start LeaderState
2019-09-26 09:21:16,050 [3750858d-06c8-40e1-8c05-0037147842e2@group-36F01EEC1963:LeaderElection11] INFO  segmented.SegmentedRaftLogWorker (SegmentedRaftLogWorker.java:startLogSegment(380)) - 3750858d-06c8-40e1-8c05-0037147842e2@group-36F01EEC1963-SegmentedRaftLogWorker: Starting segment from index:0
2019-09-26 09:21:16,051 [3750858d-06c8-40e1-8c05-0037147842e2@group-36F01EEC1963:LeaderElection11] INFO  impl.RaftServerImpl (ServerState.java:setRaftConf(354)) - 3750858d-06c8-40e1-8c05-0037147842e2@group-36F01EEC1963: set configuration 0: [3750858d-06c8-40e1-8c05-0037147842e2:192.168.30.13:41582], old=null at 0
2019-09-26 09:21:16,088 [1dec72e7-0344-4894-a47b-48d961c58f71@group-733E71B33681-SegmentedRaftLogWorker] INFO  segmented.SegmentedRaftLogWorker (SegmentedRaftLogWorker.java:execute(569)) - 1dec72e7-0344-4894-a47b-48d961c58f71@group-733E71B33681-SegmentedRaftLogWorker: created new log segment /workdir/hadoop-ozone/integration-test/target/test-dir/MiniOzoneClusterImpl-078ea463-30a6-4c8a-a8ff-41db0515e22e/datanode-0/data/ratis/9521504a-8018-400d-9bdd-733e71b33681/current/log_inprogress_0
2019-09-26 09:21:16,088 [pool-47-thread-1] INFO  storage.RaftStorage (RaftStorage.java:format(72)) - Storage directory /workdir/hadoop-ozone/integration-test/target/test-dir/MiniOzoneClusterImpl-078ea463-30a6-4c8a-a8ff-41db0515e22e/datanode-2/data/ratis/27aa5216-be25-4257-8ba6-62834b5132c6 has been successfully formatted.
2019-09-26 09:21:16,089 [pool-47-thread-1] INFO  ratis.ContainerStateMachine (ContainerStateMachine.java:loadSnapshot(230)) - group-62834B5132C6: The snapshot info is null. Setting the last applied indexto:(t:0, i:~)
2019-09-26 09:21:16,089 [pool-47-thread-1] INFO  server.RaftServerConfigKeys (ConfUtils.java:logGet(43)) - raft.server.notification.no-leader.timeout = 120s (custom)
2019-09-26 09:21:16,089 [pool-47-thread-1] INFO  server.RaftServerConfigKeys (ConfUtils.java:logGet(43)) - raft.server.log.use.memory = false (default)
2019-09-26 09:21:16,089 [pool-47-thread-1] INFO  server.RaftServerConfigKeys (ConfUtils.java:logGet(43)) - raft.server.log.purge.gap = 1000000 (custom)
2019-09-26 09:21:16,089 [pool-47-thread-1] INFO  server.RaftServerConfigKeys (ConfUtils.java:logGet(43)) - raft.server.log.appender.buffer.byte-limit = 33554432 (custom)
2019-09-26 09:21:16,090 [pool-47-thread-1] INFO  server.RaftServerConfigKeys (ConfUtils.java:logGet(43)) - raft.server.log.segment.size.max = 1048576 (custom)
2019-09-26 09:21:16,090 [pool-47-thread-1] INFO  server.RaftServerConfigKeys (ConfUtils.java:logGet(43)) - raft.server.log.segment.cache.num.max = 2 (custom)
2019-09-26 09:21:16,090 [pool-47-thread-1] INFO  segmented.SegmentedRaftLogWorker (SegmentedRaftLogWorker.java:<init>(172)) - new 1b34dbd2-a2d7-46bc-b57d-04f62019dff1@group-62834B5132C6-SegmentedRaftLogWorker for RaftStorage:Storage Directory /workdir/hadoop-ozone/integration-test/target/test-dir/MiniOzoneClusterImpl-078ea463-30a6-4c8a-a8ff-41db0515e22e/datanode-2/data/ratis/27aa5216-be25-4257-8ba6-62834b5132c6
2019-09-26 09:21:16,090 [pool-47-thread-1] INFO  server.RaftServerConfigKeys (ConfUtils.java:logGet(43)) - raft.server.log.queue.byte-limit = 2147483647 (custom)
2019-09-26 09:21:16,090 [pool-47-thread-1] INFO  server.RaftServerConfigKeys (ConfUtils.java:logGet(43)) - raft.server.log.queue.element-limit = 1024 (custom)
2019-09-26 09:21:16,090 [pool-47-thread-1] INFO  server.RaftServerConfigKeys (ConfUtils.java:logGet(43)) - raft.server.log.segment.size.max = 1048576 (custom)
2019-09-26 09:21:16,091 [pool-47-thread-1] INFO  server.RaftServerConfigKeys (ConfUtils.java:logGet(43)) - raft.server.log.preallocated.size = 16384 (custom)
2019-09-26 09:21:16,091 [pool-47-thread-1] INFO  server.RaftServerConfigKeys (ConfUtils.java:logGet(43)) - raft.server.log.write.buffer.size = 33554432 (custom)
2019-09-26 09:21:16,091 [pool-47-thread-1] INFO  server.RaftServerConfigKeys (ConfUtils.java:logGet(43)) - raft.server.log.force.sync.num = 128 (default)
2019-09-26 09:21:16,091 [pool-47-thread-1] INFO  server.RaftServerConfigKeys (ConfUtils.java:logGet(43)) - raft.server.log.statemachine.data.sync = true (default)
2019-09-26 09:21:16,091 [pool-47-thread-1] INFO  server.RaftServerConfigKeys (ConfUtils.java:logGet(43)) - raft.server.log.statemachine.data.sync.timeout = 10s (default)
2019-09-26 09:21:16,091 [pool-47-thread-1] INFO  server.RaftServerConfigKeys (ConfUtils.java:logGet(43)) - raft.server.log.statemachine.data.sync.timeout.retry = -1 (default)
2019-09-26 09:21:16,092 [pool-47-thread-1] INFO  server.RaftServerConfigKeys (ConfUtils.java:logGet(43)) - raft.server.log.statemachine.data.caching.enabled = true (custom)
2019-09-26 09:21:16,092 [pool-47-thread-1] INFO  segmented.SegmentedRaftLogWorker (SegmentedRaftLogWorker.java:lambda$new$0(132)) - 1b34dbd2-a2d7-46bc-b57d-04f62019dff1@group-62834B5132C6-SegmentedRaftLogWorker: flushIndex: setUnconditionally 0 -> -1
2019-09-26 09:21:16,092 [pool-47-thread-1] INFO  server.RaftServerConfigKeys (ConfUtils.java:logGet(43)) - raft.server.snapshot.auto.trigger.enabled = true (custom)
2019-09-26 09:21:16,093 [pool-47-thread-1] INFO  server.RaftServerConfigKeys (ConfUtils.java:logGet(43)) - raft.server.snapshot.auto.trigger.threshold = 10000 (custom)
2019-09-26 09:21:16,093 [pool-47-thread-1] INFO  server.RaftServerConfigKeys (ConfUtils.java:logGet(43)) - raft.server.snapshot.retention.num.files = 5 (custom)
2019-09-26 09:21:16,093 [pool-47-thread-1] INFO  server.RaftServerConfigKeys (ConfUtils.java:logGet(43)) - raft.server.retrycache.expirytime = 600000ms (custom)
2019-09-26 09:21:16,095 [Thread-320] INFO  impl.FollowerState (FollowerState.java:run(106)) - 16503525-0504-4dc7-b18b-9a1cb86da45b:group-908C96B7C08F changes to CANDIDATE, lastRpcTime:5059, electionTimeout:5059ms
2019-09-26 09:21:16,095 [Thread-320] INFO  impl.RoleInfo (RoleInfo.java:shutdownFollowerState(121)) - 16503525-0504-4dc7-b18b-9a1cb86da45b: shutdown FollowerState
2019-09-26 09:21:16,096 [Thread-320] INFO  impl.RaftServerImpl (RaftServerImpl.java:setRole(174)) - 16503525-0504-4dc7-b18b-9a1cb86da45b@group-908C96B7C08F: changes role from  FOLLOWER to CANDIDATE at term 0 for changeToCandidate
2019-09-26 09:21:16,096 [Thread-320] INFO  impl.RoleInfo (RoleInfo.java:updateAndGet(143)) - 16503525-0504-4dc7-b18b-9a1cb86da45b: start LeaderElection
2019-09-26 09:21:16,096 [pool-47-thread-1] INFO  impl.RaftServerImpl (RaftServerImpl.java:start(185)) - 1b34dbd2-a2d7-46bc-b57d-04f62019dff1@group-62834B5132C6: start as a follower, conf=-1: [1b34dbd2-a2d7-46bc-b57d-04f62019dff1:192.168.30.13:39221], old=null
2019-09-26 09:21:16,102 [3750858d-06c8-40e1-8c05-0037147842e2@group-36F01EEC1963-SegmentedRaftLogWorker] INFO  segmented.SegmentedRaftLogWorker (SegmentedRaftLogWorker.java:execute(569)) - 3750858d-06c8-40e1-8c05-0037147842e2@group-36F01EEC1963-SegmentedRaftLogWorker: created new log segment /workdir/hadoop-ozone/integration-test/target/test-dir/MiniOzoneClusterImpl-078ea463-30a6-4c8a-a8ff-41db0515e22e/datanode-5/data/ratis/c2539d67-c10f-4fe7-a3c6-36f01eec1963/current/log_inprogress_0
2019-09-26 09:21:16,103 [pool-47-thread-1] INFO  impl.RaftServerImpl (RaftServerImpl.java:setRole(174)) - 1b34dbd2-a2d7-46bc-b57d-04f62019dff1@group-62834B5132C6: changes role from      null to FOLLOWER at term 0 for startAsFollower
2019-09-26 09:21:16,103 [pool-47-thread-1] INFO  impl.RoleInfo (RoleInfo.java:updateAndGet(143)) - 1b34dbd2-a2d7-46bc-b57d-04f62019dff1: start FollowerState
2019-09-26 09:21:16,103 [pool-47-thread-1] INFO  util.JmxRegister (JmxRegister.java:tryRegister(44)) - Successfully registered JMX Bean with object name Ratis:service=RaftServer,group=group-62834B5132C6,id=1b34dbd2-a2d7-46bc-b57d-04f62019dff1
2019-09-26 09:21:16,106 [RatisPipelineUtilsThread] INFO  pipeline.PipelineStateManager (PipelineStateManager.java:addPipeline(56)) - Created pipeline Pipeline[ Id: 27aa5216-be25-4257-8ba6-62834b5132c6, Nodes: 1b34dbd2-a2d7-46bc-b57d-04f62019dff1{ip: 192.168.30.13, host: pr-hdds-1569-wvzgm-824869521, networkLocation: /default-rack, certSerialId: null}, Type:RATIS, Factor:ONE, State:OPEN]
2019-09-26 09:21:16,107 [RatisPipelineUtilsThread] INFO  pipeline.PipelinePlacementPolicy (PipelinePlacementPolicy.java:meetCriteria(91)) - Pipeline Placement: can't place more pipeline on heavy datanode： 3696961a-2fd3-4cbb-be04-5fcc9f82ed1a Heaviness: 6 limit: 5
2019-09-26 09:21:16,107 [RatisPipelineUtilsThread] INFO  pipeline.PipelinePlacementPolicy (PipelinePlacementPolicy.java:meetCriteria(91)) - Pipeline Placement: can't place more pipeline on heavy datanode： 16503525-0504-4dc7-b18b-9a1cb86da45b Heaviness: 6 limit: 5
2019-09-26 09:21:16,107 [RatisPipelineUtilsThread] INFO  pipeline.PipelinePlacementPolicy (PipelinePlacementPolicy.java:meetCriteria(91)) - Pipeline Placement: can't place more pipeline on heavy datanode： cdeec377-8f89-4dce-9b26-4d7c58a1953c Heaviness: 6 limit: 5
2019-09-26 09:21:16,107 [RatisPipelineUtilsThread] INFO  pipeline.PipelinePlacementPolicy (PipelinePlacementPolicy.java:meetCriteria(91)) - Pipeline Placement: can't place more pipeline on heavy datanode： 9ce5e10e-717d-4ed3-be0e-b6018052c3d2 Heaviness: 6 limit: 5
2019-09-26 09:21:16,107 [RatisPipelineUtilsThread] INFO  pipeline.PipelinePlacementPolicy (PipelinePlacementPolicy.java:meetCriteria(91)) - Pipeline Placement: can't place more pipeline on heavy datanode： 45c711e7-a055-41cb-865c-06675942396d Heaviness: 6 limit: 5
2019-09-26 09:21:16,107 [RatisPipelineUtilsThread] INFO  pipeline.PipelinePlacementPolicy (PipelinePlacementPolicy.java:meetCriteria(91)) - Pipeline Placement: can't place more pipeline on heavy datanode： 3750858d-06c8-40e1-8c05-0037147842e2 Heaviness: 6 limit: 5
2019-09-26 09:21:16,108 [RatisPipelineUtilsThread] INFO  pipeline.PipelinePlacementPolicy (PipelinePlacementPolicy.java:meetCriteria(91)) - Pipeline Placement: can't place more pipeline on heavy datanode： 1dec72e7-0344-4894-a47b-48d961c58f71 Heaviness: 6 limit: 5
2019-09-26 09:21:16,108 [RatisPipelineUtilsThread] INFO  pipeline.PipelinePlacementPolicy (PipelinePlacementPolicy.java:meetCriteria(91)) - Pipeline Placement: can't place more pipeline on heavy datanode： 1b34dbd2-a2d7-46bc-b57d-04f62019dff1 Heaviness: 6 limit: 5
2019-09-26 09:21:16,113 [grpc-default-executor-0] INFO  impl.RaftServerProxy (RaftServerProxy.java:addNew(89)) - 5979e283-d20e-4620-920d-03c0cf6ae99c: addNew group-DF8100F17D08:[5979e283-d20e-4620-920d-03c0cf6ae99c:192.168.30.13:39443] returns group-DF8100F17D08:java.util.concurrent.CompletableFuture@84a806d[Not completed]
2019-09-26 09:21:16,115 [pool-87-thread-1] INFO  impl.RaftServerImpl (RaftServerImpl.java:<init>(95)) - 5979e283-d20e-4620-920d-03c0cf6ae99c: new RaftServerImpl for group-DF8100F17D08:[5979e283-d20e-4620-920d-03c0cf6ae99c:192.168.30.13:39443] with ContainerStateMachine:uninitialized
2019-09-26 09:21:16,115 [pool-87-thread-1] INFO  server.RaftServerConfigKeys (ConfUtils.java:logGet(43)) - raft.server.rpc.timeout.min = 5s (custom)
2019-09-26 09:21:16,115 [pool-87-thread-1] INFO  server.RaftServerConfigKeys (ConfUtils.java:logGet(43)) - raft.server.rpc.timeout.max = 5200ms (custom)
2019-09-26 09:21:16,115 [pool-87-thread-1] INFO  server.RaftServerConfigKeys (ConfUtils.java:logGet(43)) - raft.server.rpcslowness.timeout = 120s (custom)
2019-09-26 09:21:16,115 [pool-87-thread-1] INFO  server.RaftServerConfigKeys (ConfUtils.java:logGet(43)) - raft.server.sleep.deviation.threshold = 300 (default)
2019-09-26 09:21:16,115 [pool-87-thread-1] INFO  server.RaftServerConfigKeys (ConfUtils.java:logGet(43)) - raft.server.log.appender.install.snapshot.enabled = false (custom)
2019-09-26 09:21:16,116 [pool-87-thread-1] INFO  impl.RaftServerImpl (ServerState.java:<init>(103)) - 5979e283-d20e-4620-920d-03c0cf6ae99c@group-DF8100F17D08: ConfigurationManager, init=-1: [5979e283-d20e-4620-920d-03c0cf6ae99c:192.168.30.13:39443], old=null, confs=<EMPTY_MAP>
2019-09-26 09:21:16,116 [16503525-0504-4dc7-b18b-9a1cb86da45b@group-908C96B7C08F:LeaderElection12] INFO  impl.LeaderElection (LeaderElection.java:askForVotes(182)) - 16503525-0504-4dc7-b18b-9a1cb86da45b@group-908C96B7C08F:LeaderElection12: begin an election at term 1 for -1: [16503525-0504-4dc7-b18b-9a1cb86da45b:192.168.30.13:41943], old=null
2019-09-26 09:21:16,116 [pool-87-thread-1] INFO  server.RaftServerConfigKeys (ConfUtils.java:logGet(43)) - raft.server.storage.dir = [/workdir/hadoop-ozone/integration-test/target/test-dir/MiniOzoneClusterImpl-078ea463-30a6-4c8a-a8ff-41db0515e22e/datanode-6/data/ratis] (custom)
2019-09-26 09:21:16,116 [16503525-0504-4dc7-b18b-9a1cb86da45b@group-908C96B7C08F:LeaderElection12] INFO  impl.RoleInfo (RoleInfo.java:shutdownLeaderElection(134)) - 16503525-0504-4dc7-b18b-9a1cb86da45b: shutdown LeaderElection
2019-09-26 09:21:16,116 [16503525-0504-4dc7-b18b-9a1cb86da45b@group-908C96B7C08F:LeaderElection12] INFO  impl.RaftServerImpl (RaftServerImpl.java:setRole(174)) - 16503525-0504-4dc7-b18b-9a1cb86da45b@group-908C96B7C08F: changes role from CANDIDATE to LEADER at term 1 for changeToLeader
2019-09-26 09:21:16,116 [16503525-0504-4dc7-b18b-9a1cb86da45b@group-908C96B7C08F:LeaderElection12] INFO  impl.RaftServerImpl (ServerState.java:setLeader(253)) - 16503525-0504-4dc7-b18b-9a1cb86da45b@group-908C96B7C08F: change Leader from null to 16503525-0504-4dc7-b18b-9a1cb86da45b at term 1 for becomeLeader, leader elected after 5087ms
2019-09-26 09:21:16,116 [pool-87-thread-1] INFO  storage.RaftStorageDirectory (RaftStorageDirectory.java:analyzeStorage(246)) - The storage directory /workdir/hadoop-ozone/integration-test/target/test-dir/MiniOzoneClusterImpl-078ea463-30a6-4c8a-a8ff-41db0515e22e/datanode-6/data/ratis/286fd052-d371-4ebb-9713-df8100f17d08 does not exist. Creating ...
2019-09-26 09:21:16,117 [16503525-0504-4dc7-b18b-9a1cb86da45b@group-908C96B7C08F:LeaderElection12] INFO  server.RaftServerConfigKeys (ConfUtils.java:logGet(43)) - raft.server.staging.catchup.gap = 1000 (default)
2019-09-26 09:21:16,117 [16503525-0504-4dc7-b18b-9a1cb86da45b@group-908C96B7C08F:LeaderElection12] INFO  server.RaftServerConfigKeys (ConfUtils.java:logGet(43)) - raft.server.rpc.sleep.time = 25ms (default)
2019-09-26 09:21:16,117 [16503525-0504-4dc7-b18b-9a1cb86da45b@group-908C96B7C08F:LeaderElection12] INFO  server.RaftServerConfigKeys (ConfUtils.java:logGet(43)) - raft.server.write.element-limit = 4096 (default)
2019-09-26 09:21:16,117 [16503525-0504-4dc7-b18b-9a1cb86da45b@group-908C96B7C08F:LeaderElection12] INFO  server.RaftServerConfigKeys (ConfUtils.java:logGet(43)) - raft.server.watch.timeout = 10s (default)
2019-09-26 09:21:16,117 [16503525-0504-4dc7-b18b-9a1cb86da45b@group-908C96B7C08F:LeaderElection12] INFO  server.RaftServerConfigKeys (ConfUtils.java:logGet(43)) - raft.server.watch.timeout.denomination = 1s (default)
2019-09-26 09:21:16,117 [16503525-0504-4dc7-b18b-9a1cb86da45b@group-908C96B7C08F:LeaderElection12] INFO  server.RaftServerConfigKeys (ConfUtils.java:logGet(43)) - raft.server.watch.element-limit = 65536 (default)
2019-09-26 09:21:16,120 [16503525-0504-4dc7-b18b-9a1cb86da45b@group-908C96B7C08F:LeaderElection12] INFO  impl.RoleInfo (RoleInfo.java:updateAndGet(143)) - 16503525-0504-4dc7-b18b-9a1cb86da45b: start LeaderState
2019-09-26 09:21:16,120 [16503525-0504-4dc7-b18b-9a1cb86da45b@group-908C96B7C08F:LeaderElection12] INFO  segmented.SegmentedRaftLogWorker (SegmentedRaftLogWorker.java:startLogSegment(380)) - 16503525-0504-4dc7-b18b-9a1cb86da45b@group-908C96B7C08F-SegmentedRaftLogWorker: Starting segment from index:0
2019-09-26 09:21:16,120 [16503525-0504-4dc7-b18b-9a1cb86da45b@group-908C96B7C08F:LeaderElection12] INFO  impl.RaftServerImpl (ServerState.java:setRaftConf(354)) - 16503525-0504-4dc7-b18b-9a1cb86da45b@group-908C96B7C08F: set configuration 0: [16503525-0504-4dc7-b18b-9a1cb86da45b:192.168.30.13:41943], old=null at 0
2019-09-26 09:21:16,155 [pool-87-thread-1] INFO  storage.RaftStorageDirectory (RaftStorageDirectory.java:tryLock(328)) - Lock on /workdir/hadoop-ozone/integration-test/target/test-dir/MiniOzoneClusterImpl-078ea463-30a6-4c8a-a8ff-41db0515e22e/datanode-6/data/ratis/286fd052-d371-4ebb-9713-df8100f17d08/in_use.lock acquired by nodename 11214@pr-hdds-1569-wvzgm-824869521
2019-09-26 09:21:16,168 [16503525-0504-4dc7-b18b-9a1cb86da45b@group-908C96B7C08F-SegmentedRaftLogWorker] INFO  segmented.SegmentedRaftLogWorker (SegmentedRaftLogWorker.java:execute(569)) - 16503525-0504-4dc7-b18b-9a1cb86da45b@group-908C96B7C08F-SegmentedRaftLogWorker: created new log segment /workdir/hadoop-ozone/integration-test/target/test-dir/MiniOzoneClusterImpl-078ea463-30a6-4c8a-a8ff-41db0515e22e/datanode-7/data/ratis/91f559ff-75f6-409e-bba8-908c96b7c08f/current/log_inprogress_0
2019-09-26 09:21:16,168 [pool-87-thread-1] INFO  storage.RaftStorage (RaftStorage.java:format(72)) - Storage directory /workdir/hadoop-ozone/integration-test/target/test-dir/MiniOzoneClusterImpl-078ea463-30a6-4c8a-a8ff-41db0515e22e/datanode-6/data/ratis/286fd052-d371-4ebb-9713-df8100f17d08 has been successfully formatted.
2019-09-26 09:21:16,168 [pool-87-thread-1] INFO  ratis.ContainerStateMachine (ContainerStateMachine.java:loadSnapshot(230)) - group-DF8100F17D08: The snapshot info is null. Setting the last applied indexto:(t:0, i:~)
2019-09-26 09:21:16,168 [pool-87-thread-1] INFO  server.RaftServerConfigKeys (ConfUtils.java:logGet(43)) - raft.server.notification.no-leader.timeout = 120s (custom)
2019-09-26 09:21:16,169 [pool-87-thread-1] INFO  server.RaftServerConfigKeys (ConfUtils.java:logGet(43)) - raft.server.log.use.memory = false (default)
2019-09-26 09:21:16,169 [pool-87-thread-1] INFO  server.RaftServerConfigKeys (ConfUtils.java:logGet(43)) - raft.server.log.purge.gap = 1000000 (custom)
2019-09-26 09:21:16,169 [pool-87-thread-1] INFO  server.RaftServerConfigKeys (ConfUtils.java:logGet(43)) - raft.server.log.appender.buffer.byte-limit = 33554432 (custom)
2019-09-26 09:21:16,169 [pool-87-thread-1] INFO  server.RaftServerConfigKeys (ConfUtils.java:logGet(43)) - raft.server.log.segment.size.max = 1048576 (custom)
2019-09-26 09:21:16,169 [pool-87-thread-1] INFO  server.RaftServerConfigKeys (ConfUtils.java:logGet(43)) - raft.server.log.segment.cache.num.max = 2 (custom)
2019-09-26 09:21:16,170 [pool-87-thread-1] INFO  segmented.SegmentedRaftLogWorker (SegmentedRaftLogWorker.java:<init>(172)) - new 5979e283-d20e-4620-920d-03c0cf6ae99c@group-DF8100F17D08-SegmentedRaftLogWorker for RaftStorage:Storage Directory /workdir/hadoop-ozone/integration-test/target/test-dir/MiniOzoneClusterImpl-078ea463-30a6-4c8a-a8ff-41db0515e22e/datanode-6/data/ratis/286fd052-d371-4ebb-9713-df8100f17d08
2019-09-26 09:21:16,170 [pool-87-thread-1] INFO  server.RaftServerConfigKeys (ConfUtils.java:logGet(43)) - raft.server.log.queue.byte-limit = 2147483647 (custom)
2019-09-26 09:21:16,170 [pool-87-thread-1] INFO  server.RaftServerConfigKeys (ConfUtils.java:logGet(43)) - raft.server.log.queue.element-limit = 1024 (custom)
2019-09-26 09:21:16,170 [pool-87-thread-1] INFO  server.RaftServerConfigKeys (ConfUtils.java:logGet(43)) - raft.server.log.segment.size.max = 1048576 (custom)
2019-09-26 09:21:16,170 [pool-87-thread-1] INFO  server.RaftServerConfigKeys (ConfUtils.java:logGet(43)) - raft.server.log.preallocated.size = 16384 (custom)
2019-09-26 09:21:16,171 [pool-87-thread-1] INFO  server.RaftServerConfigKeys (ConfUtils.java:logGet(43)) - raft.server.log.write.buffer.size = 33554432 (custom)
2019-09-26 09:21:16,171 [pool-87-thread-1] INFO  server.RaftServerConfigKeys (ConfUtils.java:logGet(43)) - raft.server.log.force.sync.num = 128 (default)
2019-09-26 09:21:16,171 [pool-87-thread-1] INFO  server.RaftServerConfigKeys (ConfUtils.java:logGet(43)) - raft.server.log.statemachine.data.sync = true (default)
2019-09-26 09:21:16,171 [pool-87-thread-1] INFO  server.RaftServerConfigKeys (ConfUtils.java:logGet(43)) - raft.server.log.statemachine.data.sync.timeout = 10s (default)
2019-09-26 09:21:16,171 [pool-87-thread-1] INFO  server.RaftServerConfigKeys (ConfUtils.java:logGet(43)) - raft.server.log.statemachine.data.sync.timeout.retry = -1 (default)
2019-09-26 09:21:16,171 [pool-87-thread-1] INFO  server.RaftServerConfigKeys (ConfUtils.java:logGet(43)) - raft.server.log.statemachine.data.caching.enabled = true (custom)
2019-09-26 09:21:16,172 [pool-87-thread-1] INFO  segmented.SegmentedRaftLogWorker (SegmentedRaftLogWorker.java:lambda$new$0(132)) - 5979e283-d20e-4620-920d-03c0cf6ae99c@group-DF8100F17D08-SegmentedRaftLogWorker: flushIndex: setUnconditionally 0 -> -1
2019-09-26 09:21:16,172 [pool-87-thread-1] INFO  server.RaftServerConfigKeys (ConfUtils.java:logGet(43)) - raft.server.snapshot.auto.trigger.enabled = true (custom)
2019-09-26 09:21:16,172 [pool-87-thread-1] INFO  server.RaftServerConfigKeys (ConfUtils.java:logGet(43)) - raft.server.snapshot.auto.trigger.threshold = 10000 (custom)
2019-09-26 09:21:16,173 [pool-87-thread-1] INFO  server.RaftServerConfigKeys (ConfUtils.java:logGet(43)) - raft.server.snapshot.retention.num.files = 5 (custom)
2019-09-26 09:21:16,173 [pool-87-thread-1] INFO  server.RaftServerConfigKeys (ConfUtils.java:logGet(43)) - raft.server.retrycache.expirytime = 600000ms (custom)
2019-09-26 09:21:16,176 [pool-87-thread-1] INFO  impl.RaftServerImpl (RaftServerImpl.java:start(185)) - 5979e283-d20e-4620-920d-03c0cf6ae99c@group-DF8100F17D08: start as a follower, conf=-1: [5979e283-d20e-4620-920d-03c0cf6ae99c:192.168.30.13:39443], old=null
2019-09-26 09:21:16,176 [pool-87-thread-1] INFO  impl.RaftServerImpl (RaftServerImpl.java:setRole(174)) - 5979e283-d20e-4620-920d-03c0cf6ae99c@group-DF8100F17D08: changes role from      null to FOLLOWER at term 0 for startAsFollower
2019-09-26 09:21:16,177 [pool-87-thread-1] INFO  impl.RoleInfo (RoleInfo.java:updateAndGet(143)) - 5979e283-d20e-4620-920d-03c0cf6ae99c: start FollowerState
2019-09-26 09:21:16,177 [pool-87-thread-1] INFO  util.JmxRegister (JmxRegister.java:tryRegister(44)) - Successfully registered JMX Bean with object name Ratis:service=RaftServer,group=group-DF8100F17D08,id=5979e283-d20e-4620-920d-03c0cf6ae99c
2019-09-26 09:21:16,180 [RatisPipelineUtilsThread] INFO  pipeline.PipelineStateManager (PipelineStateManager.java:addPipeline(56)) - Created pipeline Pipeline[ Id: 286fd052-d371-4ebb-9713-df8100f17d08, Nodes: 5979e283-d20e-4620-920d-03c0cf6ae99c{ip: 192.168.30.13, host: pr-hdds-1569-wvzgm-824869521, networkLocation: /default-rack, certSerialId: null}, Type:RATIS, Factor:ONE, State:OPEN]
2019-09-26 09:21:16,180 [RatisPipelineUtilsThread] INFO  pipeline.PipelinePlacementPolicy (PipelinePlacementPolicy.java:meetCriteria(91)) - Pipeline Placement: can't place more pipeline on heavy datanode： 3696961a-2fd3-4cbb-be04-5fcc9f82ed1a Heaviness: 6 limit: 5
2019-09-26 09:21:16,180 [RatisPipelineUtilsThread] INFO  pipeline.PipelinePlacementPolicy (PipelinePlacementPolicy.java:meetCriteria(91)) - Pipeline Placement: can't place more pipeline on heavy datanode： 16503525-0504-4dc7-b18b-9a1cb86da45b Heaviness: 6 limit: 5
2019-09-26 09:21:16,181 [RatisPipelineUtilsThread] INFO  pipeline.PipelinePlacementPolicy (PipelinePlacementPolicy.java:meetCriteria(91)) - Pipeline Placement: can't place more pipeline on heavy datanode： cdeec377-8f89-4dce-9b26-4d7c58a1953c Heaviness: 6 limit: 5
2019-09-26 09:21:16,181 [RatisPipelineUtilsThread] INFO  pipeline.PipelinePlacementPolicy (PipelinePlacementPolicy.java:meetCriteria(91)) - Pipeline Placement: can't place more pipeline on heavy datanode： 9ce5e10e-717d-4ed3-be0e-b6018052c3d2 Heaviness: 6 limit: 5
2019-09-26 09:21:16,181 [RatisPipelineUtilsThread] INFO  pipeline.PipelinePlacementPolicy (PipelinePlacementPolicy.java:meetCriteria(91)) - Pipeline Placement: can't place more pipeline on heavy datanode： 45c711e7-a055-41cb-865c-06675942396d Heaviness: 6 limit: 5
2019-09-26 09:21:16,181 [RatisPipelineUtilsThread] INFO  pipeline.PipelinePlacementPolicy (PipelinePlacementPolicy.java:meetCriteria(91)) - Pipeline Placement: can't place more pipeline on heavy datanode： 3750858d-06c8-40e1-8c05-0037147842e2 Heaviness: 6 limit: 5
2019-09-26 09:21:16,181 [RatisPipelineUtilsThread] INFO  pipeline.PipelinePlacementPolicy (PipelinePlacementPolicy.java:meetCriteria(91)) - Pipeline Placement: can't place more pipeline on heavy datanode： 1dec72e7-0344-4894-a47b-48d961c58f71 Heaviness: 6 limit: 5
2019-09-26 09:21:16,181 [RatisPipelineUtilsThread] INFO  pipeline.PipelinePlacementPolicy (PipelinePlacementPolicy.java:meetCriteria(91)) - Pipeline Placement: can't place more pipeline on heavy datanode： 1b34dbd2-a2d7-46bc-b57d-04f62019dff1 Heaviness: 6 limit: 5
2019-09-26 09:21:16,181 [RatisPipelineUtilsThread] INFO  pipeline.PipelinePlacementPolicy (PipelinePlacementPolicy.java:meetCriteria(91)) - Pipeline Placement: can't place more pipeline on heavy datanode： 5979e283-d20e-4620-920d-03c0cf6ae99c Heaviness: 6 limit: 5
2019-09-26 09:21:16,187 [grpc-default-executor-0] INFO  impl.RaftServerProxy (RaftServerProxy.java:addNew(89)) - 1676f4ef-d876-44ce-9276-238a11cc43f0: addNew group-C3C5D0CC4186:[1676f4ef-d876-44ce-9276-238a11cc43f0:192.168.30.13:35157] returns group-C3C5D0CC4186:java.util.concurrent.CompletableFuture@14adb1f5[Not completed]
2019-09-26 09:21:16,188 [pool-117-thread-1] INFO  impl.RaftServerImpl (RaftServerImpl.java:<init>(95)) - 1676f4ef-d876-44ce-9276-238a11cc43f0: new RaftServerImpl for group-C3C5D0CC4186:[1676f4ef-d876-44ce-9276-238a11cc43f0:192.168.30.13:35157] with ContainerStateMachine:uninitialized
2019-09-26 09:21:16,189 [pool-117-thread-1] INFO  server.RaftServerConfigKeys (ConfUtils.java:logGet(43)) - raft.server.rpc.timeout.min = 5s (custom)
2019-09-26 09:21:16,189 [pool-117-thread-1] INFO  server.RaftServerConfigKeys (ConfUtils.java:logGet(43)) - raft.server.rpc.timeout.max = 5200ms (custom)
2019-09-26 09:21:16,189 [pool-117-thread-1] INFO  server.RaftServerConfigKeys (ConfUtils.java:logGet(43)) - raft.server.rpcslowness.timeout = 120s (custom)
2019-09-26 09:21:16,189 [pool-117-thread-1] INFO  server.RaftServerConfigKeys (ConfUtils.java:logGet(43)) - raft.server.sleep.deviation.threshold = 300 (default)
2019-09-26 09:21:16,189 [pool-117-thread-1] INFO  server.RaftServerConfigKeys (ConfUtils.java:logGet(43)) - raft.server.log.appender.install.snapshot.enabled = false (custom)
2019-09-26 09:21:16,189 [pool-117-thread-1] INFO  impl.RaftServerImpl (ServerState.java:<init>(103)) - 1676f4ef-d876-44ce-9276-238a11cc43f0@group-C3C5D0CC4186: ConfigurationManager, init=-1: [1676f4ef-d876-44ce-9276-238a11cc43f0:192.168.30.13:35157], old=null, confs=<EMPTY_MAP>
2019-09-26 09:21:16,190 [pool-117-thread-1] INFO  server.RaftServerConfigKeys (ConfUtils.java:logGet(43)) - raft.server.storage.dir = [/workdir/hadoop-ozone/integration-test/target/test-dir/MiniOzoneClusterImpl-078ea463-30a6-4c8a-a8ff-41db0515e22e/datanode-9/data/ratis] (custom)
2019-09-26 09:21:16,190 [pool-117-thread-1] INFO  storage.RaftStorageDirectory (RaftStorageDirectory.java:analyzeStorage(246)) - The storage directory /workdir/hadoop-ozone/integration-test/target/test-dir/MiniOzoneClusterImpl-078ea463-30a6-4c8a-a8ff-41db0515e22e/datanode-9/data/ratis/1a781184-fe3f-416d-8f86-c3c5d0cc4186 does not exist. Creating ...
2019-09-26 09:21:16,201 [pool-117-thread-1] INFO  storage.RaftStorageDirectory (RaftStorageDirectory.java:tryLock(328)) - Lock on /workdir/hadoop-ozone/integration-test/target/test-dir/MiniOzoneClusterImpl-078ea463-30a6-4c8a-a8ff-41db0515e22e/datanode-9/data/ratis/1a781184-fe3f-416d-8f86-c3c5d0cc4186/in_use.lock acquired by nodename 11214@pr-hdds-1569-wvzgm-824869521
2019-09-26 09:21:16,207 [Thread-324] INFO  impl.FollowerState (FollowerState.java:run(106)) - cdeec377-8f89-4dce-9b26-4d7c58a1953c:group-D5B8F2FE0EDF changes to CANDIDATE, lastRpcTime:5106, electionTimeout:5106ms
2019-09-26 09:21:16,208 [Thread-324] INFO  impl.RoleInfo (RoleInfo.java:shutdownFollowerState(121)) - cdeec377-8f89-4dce-9b26-4d7c58a1953c: shutdown FollowerState
2019-09-26 09:21:16,208 [Thread-324] INFO  impl.RaftServerImpl (RaftServerImpl.java:setRole(174)) - cdeec377-8f89-4dce-9b26-4d7c58a1953c@group-D5B8F2FE0EDF: changes role from  FOLLOWER to CANDIDATE at term 0 for changeToCandidate
2019-09-26 09:21:16,208 [Thread-324] INFO  impl.RoleInfo (RoleInfo.java:updateAndGet(143)) - cdeec377-8f89-4dce-9b26-4d7c58a1953c: start LeaderElection
2019-09-26 09:21:16,216 [pool-117-thread-1] INFO  storage.RaftStorage (RaftStorage.java:format(72)) - Storage directory /workdir/hadoop-ozone/integration-test/target/test-dir/MiniOzoneClusterImpl-078ea463-30a6-4c8a-a8ff-41db0515e22e/datanode-9/data/ratis/1a781184-fe3f-416d-8f86-c3c5d0cc4186 has been successfully formatted.
2019-09-26 09:21:16,216 [pool-117-thread-1] INFO  ratis.ContainerStateMachine (ContainerStateMachine.java:loadSnapshot(230)) - group-C3C5D0CC4186: The snapshot info is null. Setting the last applied indexto:(t:0, i:~)
2019-09-26 09:21:16,216 [pool-117-thread-1] INFO  server.RaftServerConfigKeys (ConfUtils.java:logGet(43)) - raft.server.notification.no-leader.timeout = 120s (custom)
2019-09-26 09:21:16,217 [pool-117-thread-1] INFO  server.RaftServerConfigKeys (ConfUtils.java:logGet(43)) - raft.server.log.use.memory = false (default)
2019-09-26 09:21:16,217 [pool-117-thread-1] INFO  server.RaftServerConfigKeys (ConfUtils.java:logGet(43)) - raft.server.log.purge.gap = 1000000 (custom)
2019-09-26 09:21:16,217 [pool-117-thread-1] INFO  server.RaftServerConfigKeys (ConfUtils.java:logGet(43)) - raft.server.log.appender.buffer.byte-limit = 33554432 (custom)
2019-09-26 09:21:16,217 [pool-117-thread-1] INFO  server.RaftServerConfigKeys (ConfUtils.java:logGet(43)) - raft.server.log.segment.size.max = 1048576 (custom)
2019-09-26 09:21:16,217 [pool-117-thread-1] INFO  server.RaftServerConfigKeys (ConfUtils.java:logGet(43)) - raft.server.log.segment.cache.num.max = 2 (custom)
2019-09-26 09:21:16,217 [pool-117-thread-1] INFO  segmented.SegmentedRaftLogWorker (SegmentedRaftLogWorker.java:<init>(172)) - new 1676f4ef-d876-44ce-9276-238a11cc43f0@group-C3C5D0CC4186-SegmentedRaftLogWorker for RaftStorage:Storage Directory /workdir/hadoop-ozone/integration-test/target/test-dir/MiniOzoneClusterImpl-078ea463-30a6-4c8a-a8ff-41db0515e22e/datanode-9/data/ratis/1a781184-fe3f-416d-8f86-c3c5d0cc4186
2019-09-26 09:21:16,218 [pool-117-thread-1] INFO  server.RaftServerConfigKeys (ConfUtils.java:logGet(43)) - raft.server.log.queue.byte-limit = 2147483647 (custom)
2019-09-26 09:21:16,218 [pool-117-thread-1] INFO  server.RaftServerConfigKeys (ConfUtils.java:logGet(43)) - raft.server.log.queue.element-limit = 1024 (custom)
2019-09-26 09:21:16,218 [pool-117-thread-1] INFO  server.RaftServerConfigKeys (ConfUtils.java:logGet(43)) - raft.server.log.segment.size.max = 1048576 (custom)
2019-09-26 09:21:16,218 [pool-117-thread-1] INFO  server.RaftServerConfigKeys (ConfUtils.java:logGet(43)) - raft.server.log.preallocated.size = 16384 (custom)
2019-09-26 09:21:16,218 [pool-117-thread-1] INFO  server.RaftServerConfigKeys (ConfUtils.java:logGet(43)) - raft.server.log.write.buffer.size = 33554432 (custom)
2019-09-26 09:21:16,218 [pool-117-thread-1] INFO  server.RaftServerConfigKeys (ConfUtils.java:logGet(43)) - raft.server.log.force.sync.num = 128 (default)
2019-09-26 09:21:16,218 [pool-117-thread-1] INFO  server.RaftServerConfigKeys (ConfUtils.java:logGet(43)) - raft.server.log.statemachine.data.sync = true (default)
2019-09-26 09:21:16,219 [pool-117-thread-1] INFO  server.RaftServerConfigKeys (ConfUtils.java:logGet(43)) - raft.server.log.statemachine.data.sync.timeout = 10s (default)
2019-09-26 09:21:16,219 [pool-117-thread-1] INFO  server.RaftServerConfigKeys (ConfUtils.java:logGet(43)) - raft.server.log.statemachine.data.sync.timeout.retry = -1 (default)
2019-09-26 09:21:16,219 [pool-117-thread-1] INFO  server.RaftServerConfigKeys (ConfUtils.java:logGet(43)) - raft.server.log.statemachine.data.caching.enabled = true (custom)
2019-09-26 09:21:16,219 [pool-117-thread-1] INFO  segmented.SegmentedRaftLogWorker (SegmentedRaftLogWorker.java:lambda$new$0(132)) - 1676f4ef-d876-44ce-9276-238a11cc43f0@group-C3C5D0CC4186-SegmentedRaftLogWorker: flushIndex: setUnconditionally 0 -> -1
2019-09-26 09:21:16,220 [pool-117-thread-1] INFO  server.RaftServerConfigKeys (ConfUtils.java:logGet(43)) - raft.server.snapshot.auto.trigger.enabled = true (custom)
2019-09-26 09:21:16,220 [pool-117-thread-1] INFO  server.RaftServerConfigKeys (ConfUtils.java:logGet(43)) - raft.server.snapshot.auto.trigger.threshold = 10000 (custom)
2019-09-26 09:21:16,220 [pool-117-thread-1] INFO  server.RaftServerConfigKeys (ConfUtils.java:logGet(43)) - raft.server.snapshot.retention.num.files = 5 (custom)
2019-09-26 09:21:16,220 [pool-117-thread-1] INFO  server.RaftServerConfigKeys (ConfUtils.java:logGet(43)) - raft.server.retrycache.expirytime = 600000ms (custom)
2019-09-26 09:21:16,223 [pool-117-thread-1] INFO  impl.RaftServerImpl (RaftServerImpl.java:start(185)) - 1676f4ef-d876-44ce-9276-238a11cc43f0@group-C3C5D0CC4186: start as a follower, conf=-1: [1676f4ef-d876-44ce-9276-238a11cc43f0:192.168.30.13:35157], old=null
2019-09-26 09:21:16,223 [pool-117-thread-1] INFO  impl.RaftServerImpl (RaftServerImpl.java:setRole(174)) - 1676f4ef-d876-44ce-9276-238a11cc43f0@group-C3C5D0CC4186: changes role from      null to FOLLOWER at term 0 for startAsFollower
2019-09-26 09:21:16,224 [pool-117-thread-1] INFO  impl.RoleInfo (RoleInfo.java:updateAndGet(143)) - 1676f4ef-d876-44ce-9276-238a11cc43f0: start FollowerState
2019-09-26 09:21:16,224 [pool-117-thread-1] INFO  util.JmxRegister (JmxRegister.java:tryRegister(44)) - Successfully registered JMX Bean with object name Ratis:service=RaftServer,group=group-C3C5D0CC4186,id=1676f4ef-d876-44ce-9276-238a11cc43f0
2019-09-26 09:21:16,227 [RatisPipelineUtilsThread] INFO  pipeline.PipelineStateManager (PipelineStateManager.java:addPipeline(56)) - Created pipeline Pipeline[ Id: 1a781184-fe3f-416d-8f86-c3c5d0cc4186, Nodes: 1676f4ef-d876-44ce-9276-238a11cc43f0{ip: 192.168.30.13, host: pr-hdds-1569-wvzgm-824869521, networkLocation: /default-rack, certSerialId: null}, Type:RATIS, Factor:ONE, State:OPEN]
2019-09-26 09:21:16,228 [RatisPipelineUtilsThread] INFO  pipeline.PipelinePlacementPolicy (PipelinePlacementPolicy.java:meetCriteria(91)) - Pipeline Placement: can't place more pipeline on heavy datanode： 3696961a-2fd3-4cbb-be04-5fcc9f82ed1a Heaviness: 6 limit: 5
2019-09-26 09:21:16,228 [RatisPipelineUtilsThread] INFO  pipeline.PipelinePlacementPolicy (PipelinePlacementPolicy.java:meetCriteria(91)) - Pipeline Placement: can't place more pipeline on heavy datanode： 16503525-0504-4dc7-b18b-9a1cb86da45b Heaviness: 6 limit: 5
2019-09-26 09:21:16,228 [RatisPipelineUtilsThread] INFO  pipeline.PipelinePlacementPolicy (PipelinePlacementPolicy.java:meetCriteria(91)) - Pipeline Placement: can't place more pipeline on heavy datanode： cdeec377-8f89-4dce-9b26-4d7c58a1953c Heaviness: 6 limit: 5
2019-09-26 09:21:16,228 [RatisPipelineUtilsThread] INFO  pipeline.PipelinePlacementPolicy (PipelinePlacementPolicy.java:meetCriteria(91)) - Pipeline Placement: can't place more pipeline on heavy datanode： 9ce5e10e-717d-4ed3-be0e-b6018052c3d2 Heaviness: 6 limit: 5
2019-09-26 09:21:16,228 [RatisPipelineUtilsThread] INFO  pipeline.PipelinePlacementPolicy (PipelinePlacementPolicy.java:meetCriteria(91)) - Pipeline Placement: can't place more pipeline on heavy datanode： 45c711e7-a055-41cb-865c-06675942396d Heaviness: 6 limit: 5
2019-09-26 09:21:16,229 [RatisPipelineUtilsThread] INFO  pipeline.PipelinePlacementPolicy (PipelinePlacementPolicy.java:meetCriteria(91)) - Pipeline Placement: can't place more pipeline on heavy datanode： 3750858d-06c8-40e1-8c05-0037147842e2 Heaviness: 6 limit: 5
2019-09-26 09:21:16,229 [RatisPipelineUtilsThread] INFO  pipeline.PipelinePlacementPolicy (PipelinePlacementPolicy.java:meetCriteria(91)) - Pipeline Placement: can't place more pipeline on heavy datanode： 1dec72e7-0344-4894-a47b-48d961c58f71 Heaviness: 6 limit: 5
2019-09-26 09:21:16,229 [RatisPipelineUtilsThread] INFO  pipeline.PipelinePlacementPolicy (PipelinePlacementPolicy.java:meetCriteria(91)) - Pipeline Placement: can't place more pipeline on heavy datanode： 1b34dbd2-a2d7-46bc-b57d-04f62019dff1 Heaviness: 6 limit: 5
2019-09-26 09:21:16,229 [cdeec377-8f89-4dce-9b26-4d7c58a1953c@group-D5B8F2FE0EDF:LeaderElection13] INFO  impl.LeaderElection (LeaderElection.java:askForVotes(182)) - cdeec377-8f89-4dce-9b26-4d7c58a1953c@group-D5B8F2FE0EDF:LeaderElection13: begin an election at term 1 for -1: [cdeec377-8f89-4dce-9b26-4d7c58a1953c:192.168.30.13:44126], old=null
2019-09-26 09:21:16,229 [RatisPipelineUtilsThread] INFO  pipeline.PipelinePlacementPolicy (PipelinePlacementPolicy.java:meetCriteria(91)) - Pipeline Placement: can't place more pipeline on heavy datanode： 5979e283-d20e-4620-920d-03c0cf6ae99c Heaviness: 6 limit: 5
2019-09-26 09:21:16,229 [cdeec377-8f89-4dce-9b26-4d7c58a1953c@group-D5B8F2FE0EDF:LeaderElection13] INFO  impl.RoleInfo (RoleInfo.java:shutdownLeaderElection(134)) - cdeec377-8f89-4dce-9b26-4d7c58a1953c: shutdown LeaderElection
2019-09-26 09:21:16,230 [cdeec377-8f89-4dce-9b26-4d7c58a1953c@group-D5B8F2FE0EDF:LeaderElection13] INFO  impl.RaftServerImpl (RaftServerImpl.java:setRole(174)) - cdeec377-8f89-4dce-9b26-4d7c58a1953c@group-D5B8F2FE0EDF: changes role from CANDIDATE to LEADER at term 1 for changeToLeader
2019-09-26 09:21:16,230 [cdeec377-8f89-4dce-9b26-4d7c58a1953c@group-D5B8F2FE0EDF:LeaderElection13] INFO  impl.RaftServerImpl (ServerState.java:setLeader(253)) - cdeec377-8f89-4dce-9b26-4d7c58a1953c@group-D5B8F2FE0EDF: change Leader from null to cdeec377-8f89-4dce-9b26-4d7c58a1953c at term 1 for becomeLeader, leader elected after 5137ms
2019-09-26 09:21:16,230 [cdeec377-8f89-4dce-9b26-4d7c58a1953c@group-D5B8F2FE0EDF:LeaderElection13] INFO  server.RaftServerConfigKeys (ConfUtils.java:logGet(43)) - raft.server.staging.catchup.gap = 1000 (default)
2019-09-26 09:21:16,230 [cdeec377-8f89-4dce-9b26-4d7c58a1953c@group-D5B8F2FE0EDF:LeaderElection13] INFO  server.RaftServerConfigKeys (ConfUtils.java:logGet(43)) - raft.server.rpc.sleep.time = 25ms (default)
2019-09-26 09:21:16,230 [cdeec377-8f89-4dce-9b26-4d7c58a1953c@group-D5B8F2FE0EDF:LeaderElection13] INFO  server.RaftServerConfigKeys (ConfUtils.java:logGet(43)) - raft.server.write.element-limit = 4096 (default)
2019-09-26 09:21:16,230 [cdeec377-8f89-4dce-9b26-4d7c58a1953c@group-D5B8F2FE0EDF:LeaderElection13] INFO  server.RaftServerConfigKeys (ConfUtils.java:logGet(43)) - raft.server.watch.timeout = 10s (default)
2019-09-26 09:21:16,231 [cdeec377-8f89-4dce-9b26-4d7c58a1953c@group-D5B8F2FE0EDF:LeaderElection13] INFO  server.RaftServerConfigKeys (ConfUtils.java:logGet(43)) - raft.server.watch.timeout.denomination = 1s (default)
2019-09-26 09:21:16,231 [cdeec377-8f89-4dce-9b26-4d7c58a1953c@group-D5B8F2FE0EDF:LeaderElection13] INFO  server.RaftServerConfigKeys (ConfUtils.java:logGet(43)) - raft.server.watch.element-limit = 65536 (default)
2019-09-26 09:21:16,233 [cdeec377-8f89-4dce-9b26-4d7c58a1953c@group-D5B8F2FE0EDF:LeaderElection13] INFO  impl.RoleInfo (RoleInfo.java:updateAndGet(143)) - cdeec377-8f89-4dce-9b26-4d7c58a1953c: start LeaderState
2019-09-26 09:21:16,234 [cdeec377-8f89-4dce-9b26-4d7c58a1953c@group-D5B8F2FE0EDF:LeaderElection13] INFO  segmented.SegmentedRaftLogWorker (SegmentedRaftLogWorker.java:startLogSegment(380)) - cdeec377-8f89-4dce-9b26-4d7c58a1953c@group-D5B8F2FE0EDF-SegmentedRaftLogWorker: Starting segment from index:0
2019-09-26 09:21:16,234 [cdeec377-8f89-4dce-9b26-4d7c58a1953c@group-D5B8F2FE0EDF:LeaderElection13] INFO  impl.RaftServerImpl (ServerState.java:setRaftConf(354)) - cdeec377-8f89-4dce-9b26-4d7c58a1953c@group-D5B8F2FE0EDF: set configuration 0: [cdeec377-8f89-4dce-9b26-4d7c58a1953c:192.168.30.13:44126], old=null at 0
2019-09-26 09:21:16,272 [Thread-327] INFO  impl.FollowerState (FollowerState.java:run(106)) - 45c711e7-a055-41cb-865c-06675942396d:group-ACDFDCF2A786 changes to CANDIDATE, lastRpcTime:5107, electionTimeout:5076ms
2019-09-26 09:21:16,272 [Thread-327] INFO  impl.RoleInfo (RoleInfo.java:shutdownFollowerState(121)) - 45c711e7-a055-41cb-865c-06675942396d: shutdown FollowerState
2019-09-26 09:21:16,273 [Thread-327] INFO  impl.RaftServerImpl (RaftServerImpl.java:setRole(174)) - 45c711e7-a055-41cb-865c-06675942396d@group-ACDFDCF2A786: changes role from  FOLLOWER to CANDIDATE at term 0 for changeToCandidate
2019-09-26 09:21:16,273 [grpc-default-executor-0] INFO  impl.RaftServerProxy (RaftServerProxy.java:addNew(89)) - 1676f4ef-d876-44ce-9276-238a11cc43f0: addNew group-BDE222D465FF:[1676f4ef-d876-44ce-9276-238a11cc43f0:192.168.30.13:35157] returns group-BDE222D465FF:java.util.concurrent.CompletableFuture@3dc60f16[Not completed]
2019-09-26 09:21:16,273 [Thread-327] INFO  impl.RoleInfo (RoleInfo.java:updateAndGet(143)) - 45c711e7-a055-41cb-865c-06675942396d: start LeaderElection
2019-09-26 09:21:16,280 [pool-117-thread-1] INFO  impl.RaftServerImpl (RaftServerImpl.java:<init>(95)) - 1676f4ef-d876-44ce-9276-238a11cc43f0: new RaftServerImpl for group-BDE222D465FF:[1676f4ef-d876-44ce-9276-238a11cc43f0:192.168.30.13:35157] with ContainerStateMachine:uninitialized
2019-09-26 09:21:16,280 [pool-117-thread-1] INFO  server.RaftServerConfigKeys (ConfUtils.java:logGet(43)) - raft.server.rpc.timeout.min = 5s (custom)
2019-09-26 09:21:16,280 [pool-117-thread-1] INFO  server.RaftServerConfigKeys (ConfUtils.java:logGet(43)) - raft.server.rpc.timeout.max = 5200ms (custom)
2019-09-26 09:21:16,281 [pool-117-thread-1] INFO  server.RaftServerConfigKeys (ConfUtils.java:logGet(43)) - raft.server.rpcslowness.timeout = 120s (custom)
2019-09-26 09:21:16,281 [pool-117-thread-1] INFO  server.RaftServerConfigKeys (ConfUtils.java:logGet(43)) - raft.server.sleep.deviation.threshold = 300 (default)
2019-09-26 09:21:16,281 [pool-117-thread-1] INFO  server.RaftServerConfigKeys (ConfUtils.java:logGet(43)) - raft.server.log.appender.install.snapshot.enabled = false (custom)
2019-09-26 09:21:16,281 [pool-117-thread-1] INFO  impl.RaftServerImpl (ServerState.java:<init>(103)) - 1676f4ef-d876-44ce-9276-238a11cc43f0@group-BDE222D465FF: ConfigurationManager, init=-1: [1676f4ef-d876-44ce-9276-238a11cc43f0:192.168.30.13:35157], old=null, confs=<EMPTY_MAP>
2019-09-26 09:21:16,281 [pool-117-thread-1] INFO  server.RaftServerConfigKeys (ConfUtils.java:logGet(43)) - raft.server.storage.dir = [/workdir/hadoop-ozone/integration-test/target/test-dir/MiniOzoneClusterImpl-078ea463-30a6-4c8a-a8ff-41db0515e22e/datanode-9/data/ratis] (custom)
2019-09-26 09:21:16,282 [pool-117-thread-1] INFO  storage.RaftStorageDirectory (RaftStorageDirectory.java:analyzeStorage(246)) - The storage directory /workdir/hadoop-ozone/integration-test/target/test-dir/MiniOzoneClusterImpl-078ea463-30a6-4c8a-a8ff-41db0515e22e/datanode-9/data/ratis/8920a8d4-7b11-4890-884a-bde222d465ff does not exist. Creating ...
2019-09-26 09:21:16,285 [pool-117-thread-1] INFO  storage.RaftStorageDirectory (RaftStorageDirectory.java:tryLock(328)) - Lock on /workdir/hadoop-ozone/integration-test/target/test-dir/MiniOzoneClusterImpl-078ea463-30a6-4c8a-a8ff-41db0515e22e/datanode-9/data/ratis/8920a8d4-7b11-4890-884a-bde222d465ff/in_use.lock acquired by nodename 11214@pr-hdds-1569-wvzgm-824869521
2019-09-26 09:21:16,285 [45c711e7-a055-41cb-865c-06675942396d@group-ACDFDCF2A786:LeaderElection14] INFO  impl.LeaderElection (LeaderElection.java:askForVotes(182)) - 45c711e7-a055-41cb-865c-06675942396d@group-ACDFDCF2A786:LeaderElection14: begin an election at term 1 for -1: [45c711e7-a055-41cb-865c-06675942396d:192.168.30.13:38892], old=null
2019-09-26 09:21:16,285 [cdeec377-8f89-4dce-9b26-4d7c58a1953c@group-D5B8F2FE0EDF-SegmentedRaftLogWorker] INFO  segmented.SegmentedRaftLogWorker (SegmentedRaftLogWorker.java:execute(569)) - cdeec377-8f89-4dce-9b26-4d7c58a1953c@group-D5B8F2FE0EDF-SegmentedRaftLogWorker: created new log segment /workdir/hadoop-ozone/integration-test/target/test-dir/MiniOzoneClusterImpl-078ea463-30a6-4c8a-a8ff-41db0515e22e/datanode-1/data/ratis/66e0b692-3524-46ef-b84c-d5b8f2fe0edf/current/log_inprogress_0
2019-09-26 09:21:16,285 [45c711e7-a055-41cb-865c-06675942396d@group-ACDFDCF2A786:LeaderElection14] INFO  impl.RoleInfo (RoleInfo.java:shutdownLeaderElection(134)) - 45c711e7-a055-41cb-865c-06675942396d: shutdown LeaderElection
2019-09-26 09:21:16,286 [45c711e7-a055-41cb-865c-06675942396d@group-ACDFDCF2A786:LeaderElection14] INFO  impl.RaftServerImpl (RaftServerImpl.java:setRole(174)) - 45c711e7-a055-41cb-865c-06675942396d@group-ACDFDCF2A786: changes role from CANDIDATE to LEADER at term 1 for changeToLeader
2019-09-26 09:21:16,286 [45c711e7-a055-41cb-865c-06675942396d@group-ACDFDCF2A786:LeaderElection14] INFO  impl.RaftServerImpl (ServerState.java:setLeader(253)) - 45c711e7-a055-41cb-865c-06675942396d@group-ACDFDCF2A786: change Leader from null to 45c711e7-a055-41cb-865c-06675942396d at term 1 for becomeLeader, leader elected after 5127ms
2019-09-26 09:21:16,286 [45c711e7-a055-41cb-865c-06675942396d@group-ACDFDCF2A786:LeaderElection14] INFO  server.RaftServerConfigKeys (ConfUtils.java:logGet(43)) - raft.server.staging.catchup.gap = 1000 (default)
2019-09-26 09:21:16,286 [45c711e7-a055-41cb-865c-06675942396d@group-ACDFDCF2A786:LeaderElection14] INFO  server.RaftServerConfigKeys (ConfUtils.java:logGet(43)) - raft.server.rpc.sleep.time = 25ms (default)
2019-09-26 09:21:16,286 [45c711e7-a055-41cb-865c-06675942396d@group-ACDFDCF2A786:LeaderElection14] INFO  server.RaftServerConfigKeys (ConfUtils.java:logGet(43)) - raft.server.write.element-limit = 4096 (default)
2019-09-26 09:21:16,287 [45c711e7-a055-41cb-865c-06675942396d@group-ACDFDCF2A786:LeaderElection14] INFO  server.RaftServerConfigKeys (ConfUtils.java:logGet(43)) - raft.server.watch.timeout = 10s (default)
2019-09-26 09:21:16,287 [45c711e7-a055-41cb-865c-06675942396d@group-ACDFDCF2A786:LeaderElection14] INFO  server.RaftServerConfigKeys (ConfUtils.java:logGet(43)) - raft.server.watch.timeout.denomination = 1s (default)
2019-09-26 09:21:16,287 [45c711e7-a055-41cb-865c-06675942396d@group-ACDFDCF2A786:LeaderElection14] INFO  server.RaftServerConfigKeys (ConfUtils.java:logGet(43)) - raft.server.watch.element-limit = 65536 (default)
2019-09-26 09:21:16,290 [45c711e7-a055-41cb-865c-06675942396d@group-ACDFDCF2A786:LeaderElection14] INFO  impl.RoleInfo (RoleInfo.java:updateAndGet(143)) - 45c711e7-a055-41cb-865c-06675942396d: start LeaderState
2019-09-26 09:21:16,291 [45c711e7-a055-41cb-865c-06675942396d@group-ACDFDCF2A786:LeaderElection14] INFO  segmented.SegmentedRaftLogWorker (SegmentedRaftLogWorker.java:startLogSegment(380)) - 45c711e7-a055-41cb-865c-06675942396d@group-ACDFDCF2A786-SegmentedRaftLogWorker: Starting segment from index:0
2019-09-26 09:21:16,291 [45c711e7-a055-41cb-865c-06675942396d@group-ACDFDCF2A786:LeaderElection14] INFO  impl.RaftServerImpl (ServerState.java:setRaftConf(354)) - 45c711e7-a055-41cb-865c-06675942396d@group-ACDFDCF2A786: set configuration 0: [45c711e7-a055-41cb-865c-06675942396d:192.168.30.13:38892], old=null at 0
2019-09-26 09:21:16,328 [Thread-330] INFO  impl.FollowerState (FollowerState.java:run(106)) - 3696961a-2fd3-4cbb-be04-5fcc9f82ed1a:group-B09579914A60 changes to CANDIDATE, lastRpcTime:5083, electionTimeout:5076ms
2019-09-26 09:21:16,328 [pool-117-thread-1] INFO  storage.RaftStorage (RaftStorage.java:format(72)) - Storage directory /workdir/hadoop-ozone/integration-test/target/test-dir/MiniOzoneClusterImpl-078ea463-30a6-4c8a-a8ff-41db0515e22e/datanode-9/data/ratis/8920a8d4-7b11-4890-884a-bde222d465ff has been successfully formatted.
2019-09-26 09:21:16,329 [Thread-330] INFO  impl.RoleInfo (RoleInfo.java:shutdownFollowerState(121)) - 3696961a-2fd3-4cbb-be04-5fcc9f82ed1a: shutdown FollowerState
2019-09-26 09:21:16,329 [Thread-330] INFO  impl.RaftServerImpl (RaftServerImpl.java:setRole(174)) - 3696961a-2fd3-4cbb-be04-5fcc9f82ed1a@group-B09579914A60: changes role from  FOLLOWER to CANDIDATE at term 0 for changeToCandidate
2019-09-26 09:21:16,329 [pool-117-thread-1] INFO  ratis.ContainerStateMachine (ContainerStateMachine.java:loadSnapshot(230)) - group-BDE222D465FF: The snapshot info is null. Setting the last applied indexto:(t:0, i:~)
2019-09-26 09:21:16,329 [Thread-330] INFO  impl.RoleInfo (RoleInfo.java:updateAndGet(143)) - 3696961a-2fd3-4cbb-be04-5fcc9f82ed1a: start LeaderElection
2019-09-26 09:21:16,329 [pool-117-thread-1] INFO  server.RaftServerConfigKeys (ConfUtils.java:logGet(43)) - raft.server.notification.no-leader.timeout = 120s (custom)
2019-09-26 09:21:16,329 [pool-117-thread-1] INFO  server.RaftServerConfigKeys (ConfUtils.java:logGet(43)) - raft.server.log.use.memory = false (default)
2019-09-26 09:21:16,333 [pool-117-thread-1] INFO  server.RaftServerConfigKeys (ConfUtils.java:logGet(43)) - raft.server.log.purge.gap = 1000000 (custom)
2019-09-26 09:21:16,337 [pool-117-thread-1] INFO  server.RaftServerConfigKeys (ConfUtils.java:logGet(43)) - raft.server.log.appender.buffer.byte-limit = 33554432 (custom)
2019-09-26 09:21:16,338 [pool-117-thread-1] INFO  server.RaftServerConfigKeys (ConfUtils.java:logGet(43)) - raft.server.log.segment.size.max = 1048576 (custom)
2019-09-26 09:21:16,338 [pool-117-thread-1] INFO  server.RaftServerConfigKeys (ConfUtils.java:logGet(43)) - raft.server.log.segment.cache.num.max = 2 (custom)
2019-09-26 09:21:16,338 [pool-117-thread-1] INFO  segmented.SegmentedRaftLogWorker (SegmentedRaftLogWorker.java:<init>(172)) - new 1676f4ef-d876-44ce-9276-238a11cc43f0@group-BDE222D465FF-SegmentedRaftLogWorker for RaftStorage:Storage Directory /workdir/hadoop-ozone/integration-test/target/test-dir/MiniOzoneClusterImpl-078ea463-30a6-4c8a-a8ff-41db0515e22e/datanode-9/data/ratis/8920a8d4-7b11-4890-884a-bde222d465ff
2019-09-26 09:21:16,338 [pool-117-thread-1] INFO  server.RaftServerConfigKeys (ConfUtils.java:logGet(43)) - raft.server.log.queue.byte-limit = 2147483647 (custom)
2019-09-26 09:21:16,338 [pool-117-thread-1] INFO  server.RaftServerConfigKeys (ConfUtils.java:logGet(43)) - raft.server.log.queue.element-limit = 1024 (custom)
2019-09-26 09:21:16,338 [pool-117-thread-1] INFO  server.RaftServerConfigKeys (ConfUtils.java:logGet(43)) - raft.server.log.segment.size.max = 1048576 (custom)
2019-09-26 09:21:16,338 [pool-117-thread-1] INFO  server.RaftServerConfigKeys (ConfUtils.java:logGet(43)) - raft.server.log.preallocated.size = 16384 (custom)
2019-09-26 09:21:16,339 [pool-117-thread-1] INFO  server.RaftServerConfigKeys (ConfUtils.java:logGet(43)) - raft.server.log.write.buffer.size = 33554432 (custom)
2019-09-26 09:21:16,339 [pool-117-thread-1] INFO  server.RaftServerConfigKeys (ConfUtils.java:logGet(43)) - raft.server.log.force.sync.num = 128 (default)
2019-09-26 09:21:16,339 [pool-117-thread-1] INFO  server.RaftServerConfigKeys (ConfUtils.java:logGet(43)) - raft.server.log.statemachine.data.sync = true (default)
2019-09-26 09:21:16,339 [pool-117-thread-1] INFO  server.RaftServerConfigKeys (ConfUtils.java:logGet(43)) - raft.server.log.statemachine.data.sync.timeout = 10s (default)
2019-09-26 09:21:16,339 [pool-117-thread-1] INFO  server.RaftServerConfigKeys (ConfUtils.java:logGet(43)) - raft.server.log.statemachine.data.sync.timeout.retry = -1 (default)
2019-09-26 09:21:16,339 [pool-117-thread-1] INFO  server.RaftServerConfigKeys (ConfUtils.java:logGet(43)) - raft.server.log.statemachine.data.caching.enabled = true (custom)
2019-09-26 09:21:16,341 [pool-117-thread-1] INFO  segmented.SegmentedRaftLogWorker (SegmentedRaftLogWorker.java:lambda$new$0(132)) - 1676f4ef-d876-44ce-9276-238a11cc43f0@group-BDE222D465FF-SegmentedRaftLogWorker: flushIndex: setUnconditionally 0 -> -1
2019-09-26 09:21:16,341 [pool-117-thread-1] INFO  server.RaftServerConfigKeys (ConfUtils.java:logGet(43)) - raft.server.snapshot.auto.trigger.enabled = true (custom)
2019-09-26 09:21:16,341 [45c711e7-a055-41cb-865c-06675942396d@group-ACDFDCF2A786-SegmentedRaftLogWorker] INFO  segmented.SegmentedRaftLogWorker (SegmentedRaftLogWorker.java:execute(569)) - 45c711e7-a055-41cb-865c-06675942396d@group-ACDFDCF2A786-SegmentedRaftLogWorker: created new log segment /workdir/hadoop-ozone/integration-test/target/test-dir/MiniOzoneClusterImpl-078ea463-30a6-4c8a-a8ff-41db0515e22e/datanode-8/data/ratis/598a5546-d2ee-418a-96de-acdfdcf2a786/current/log_inprogress_0
2019-09-26 09:21:16,341 [pool-117-thread-1] INFO  server.RaftServerConfigKeys (ConfUtils.java:logGet(43)) - raft.server.snapshot.auto.trigger.threshold = 10000 (custom)
2019-09-26 09:21:16,341 [3696961a-2fd3-4cbb-be04-5fcc9f82ed1a@group-B09579914A60:LeaderElection15] INFO  impl.LeaderElection (LeaderElection.java:askForVotes(182)) - 3696961a-2fd3-4cbb-be04-5fcc9f82ed1a@group-B09579914A60:LeaderElection15: begin an election at term 1 for -1: [3696961a-2fd3-4cbb-be04-5fcc9f82ed1a:192.168.30.13:37562], old=null
2019-09-26 09:21:16,342 [pool-117-thread-1] INFO  server.RaftServerConfigKeys (ConfUtils.java:logGet(43)) - raft.server.snapshot.retention.num.files = 5 (custom)
2019-09-26 09:21:16,342 [3696961a-2fd3-4cbb-be04-5fcc9f82ed1a@group-B09579914A60:LeaderElection15] INFO  impl.RoleInfo (RoleInfo.java:shutdownLeaderElection(134)) - 3696961a-2fd3-4cbb-be04-5fcc9f82ed1a: shutdown LeaderElection
2019-09-26 09:21:16,342 [pool-117-thread-1] INFO  server.RaftServerConfigKeys (ConfUtils.java:logGet(43)) - raft.server.retrycache.expirytime = 600000ms (custom)
2019-09-26 09:21:16,342 [3696961a-2fd3-4cbb-be04-5fcc9f82ed1a@group-B09579914A60:LeaderElection15] INFO  impl.RaftServerImpl (RaftServerImpl.java:setRole(174)) - 3696961a-2fd3-4cbb-be04-5fcc9f82ed1a@group-B09579914A60: changes role from CANDIDATE to LEADER at term 1 for changeToLeader
2019-09-26 09:21:16,342 [3696961a-2fd3-4cbb-be04-5fcc9f82ed1a@group-B09579914A60:LeaderElection15] INFO  impl.RaftServerImpl (ServerState.java:setLeader(253)) - 3696961a-2fd3-4cbb-be04-5fcc9f82ed1a@group-B09579914A60: change Leader from null to 3696961a-2fd3-4cbb-be04-5fcc9f82ed1a at term 1 for becomeLeader, leader elected after 5117ms
2019-09-26 09:21:16,342 [3696961a-2fd3-4cbb-be04-5fcc9f82ed1a@group-B09579914A60:LeaderElection15] INFO  server.RaftServerConfigKeys (ConfUtils.java:logGet(43)) - raft.server.staging.catchup.gap = 1000 (default)
2019-09-26 09:21:16,342 [3696961a-2fd3-4cbb-be04-5fcc9f82ed1a@group-B09579914A60:LeaderElection15] INFO  server.RaftServerConfigKeys (ConfUtils.java:logGet(43)) - raft.server.rpc.sleep.time = 25ms (default)
2019-09-26 09:21:16,343 [3696961a-2fd3-4cbb-be04-5fcc9f82ed1a@group-B09579914A60:LeaderElection15] INFO  server.RaftServerConfigKeys (ConfUtils.java:logGet(43)) - raft.server.write.element-limit = 4096 (default)
2019-09-26 09:21:16,343 [3696961a-2fd3-4cbb-be04-5fcc9f82ed1a@group-B09579914A60:LeaderElection15] INFO  server.RaftServerConfigKeys (ConfUtils.java:logGet(43)) - raft.server.watch.timeout = 10s (default)
2019-09-26 09:21:16,343 [3696961a-2fd3-4cbb-be04-5fcc9f82ed1a@group-B09579914A60:LeaderElection15] INFO  server.RaftServerConfigKeys (ConfUtils.java:logGet(43)) - raft.server.watch.timeout.denomination = 1s (default)
2019-09-26 09:21:16,343 [3696961a-2fd3-4cbb-be04-5fcc9f82ed1a@group-B09579914A60:LeaderElection15] INFO  server.RaftServerConfigKeys (ConfUtils.java:logGet(43)) - raft.server.watch.element-limit = 65536 (default)
2019-09-26 09:21:16,346 [pool-117-thread-1] INFO  impl.RaftServerImpl (RaftServerImpl.java:start(185)) - 1676f4ef-d876-44ce-9276-238a11cc43f0@group-BDE222D465FF: start as a follower, conf=-1: [1676f4ef-d876-44ce-9276-238a11cc43f0:192.168.30.13:35157], old=null
2019-09-26 09:21:16,346 [pool-117-thread-1] INFO  impl.RaftServerImpl (RaftServerImpl.java:setRole(174)) - 1676f4ef-d876-44ce-9276-238a11cc43f0@group-BDE222D465FF: changes role from      null to FOLLOWER at term 0 for startAsFollower
2019-09-26 09:21:16,346 [pool-117-thread-1] INFO  impl.RoleInfo (RoleInfo.java:updateAndGet(143)) - 1676f4ef-d876-44ce-9276-238a11cc43f0: start FollowerState
2019-09-26 09:21:16,346 [3696961a-2fd3-4cbb-be04-5fcc9f82ed1a@group-B09579914A60:LeaderElection15] INFO  impl.RoleInfo (RoleInfo.java:updateAndGet(143)) - 3696961a-2fd3-4cbb-be04-5fcc9f82ed1a: start LeaderState
2019-09-26 09:21:16,346 [pool-117-thread-1] INFO  util.JmxRegister (JmxRegister.java:tryRegister(44)) - Successfully registered JMX Bean with object name Ratis:service=RaftServer,group=group-BDE222D465FF,id=1676f4ef-d876-44ce-9276-238a11cc43f0
2019-09-26 09:21:16,346 [3696961a-2fd3-4cbb-be04-5fcc9f82ed1a@group-B09579914A60:LeaderElection15] INFO  segmented.SegmentedRaftLogWorker (SegmentedRaftLogWorker.java:startLogSegment(380)) - 3696961a-2fd3-4cbb-be04-5fcc9f82ed1a@group-B09579914A60-SegmentedRaftLogWorker: Starting segment from index:0
2019-09-26 09:21:16,347 [3696961a-2fd3-4cbb-be04-5fcc9f82ed1a@group-B09579914A60:LeaderElection15] INFO  impl.RaftServerImpl (ServerState.java:setRaftConf(354)) - 3696961a-2fd3-4cbb-be04-5fcc9f82ed1a@group-B09579914A60: set configuration 0: [3696961a-2fd3-4cbb-be04-5fcc9f82ed1a:192.168.30.13:37562], old=null at 0
2019-09-26 09:21:16,384 [RatisPipelineUtilsThread] INFO  pipeline.PipelineStateManager (PipelineStateManager.java:addPipeline(56)) - Created pipeline Pipeline[ Id: 8920a8d4-7b11-4890-884a-bde222d465ff, Nodes: 1676f4ef-d876-44ce-9276-238a11cc43f0{ip: 192.168.30.13, host: pr-hdds-1569-wvzgm-824869521, networkLocation: /default-rack, certSerialId: null}, Type:RATIS, Factor:ONE, State:OPEN]
2019-09-26 09:21:16,385 [RatisPipelineUtilsThread] INFO  pipeline.PipelinePlacementPolicy (PipelinePlacementPolicy.java:meetCriteria(91)) - Pipeline Placement: can't place more pipeline on heavy datanode： 3696961a-2fd3-4cbb-be04-5fcc9f82ed1a Heaviness: 6 limit: 5
2019-09-26 09:21:16,385 [RatisPipelineUtilsThread] INFO  pipeline.PipelinePlacementPolicy (PipelinePlacementPolicy.java:meetCriteria(91)) - Pipeline Placement: can't place more pipeline on heavy datanode： 16503525-0504-4dc7-b18b-9a1cb86da45b Heaviness: 6 limit: 5
2019-09-26 09:21:16,385 [RatisPipelineUtilsThread] INFO  pipeline.PipelinePlacementPolicy (PipelinePlacementPolicy.java:meetCriteria(91)) - Pipeline Placement: can't place more pipeline on heavy datanode： cdeec377-8f89-4dce-9b26-4d7c58a1953c Heaviness: 6 limit: 5
2019-09-26 09:21:16,385 [RatisPipelineUtilsThread] INFO  pipeline.PipelinePlacementPolicy (PipelinePlacementPolicy.java:meetCriteria(91)) - Pipeline Placement: can't place more pipeline on heavy datanode： 9ce5e10e-717d-4ed3-be0e-b6018052c3d2 Heaviness: 6 limit: 5
2019-09-26 09:21:16,385 [RatisPipelineUtilsThread] INFO  pipeline.PipelinePlacementPolicy (PipelinePlacementPolicy.java:meetCriteria(91)) - Pipeline Placement: can't place more pipeline on heavy datanode： 45c711e7-a055-41cb-865c-06675942396d Heaviness: 6 limit: 5
2019-09-26 09:21:16,386 [RatisPipelineUtilsThread] INFO  pipeline.PipelinePlacementPolicy (PipelinePlacementPolicy.java:meetCriteria(91)) - Pipeline Placement: can't place more pipeline on heavy datanode： 3750858d-06c8-40e1-8c05-0037147842e2 Heaviness: 6 limit: 5
2019-09-26 09:21:16,386 [RatisPipelineUtilsThread] INFO  pipeline.PipelinePlacementPolicy (PipelinePlacementPolicy.java:meetCriteria(91)) - Pipeline Placement: can't place more pipeline on heavy datanode： 1dec72e7-0344-4894-a47b-48d961c58f71 Heaviness: 6 limit: 5
2019-09-26 09:21:16,386 [RatisPipelineUtilsThread] INFO  pipeline.PipelinePlacementPolicy (PipelinePlacementPolicy.java:meetCriteria(91)) - Pipeline Placement: can't place more pipeline on heavy datanode： 1b34dbd2-a2d7-46bc-b57d-04f62019dff1 Heaviness: 6 limit: 5
2019-09-26 09:21:16,386 [RatisPipelineUtilsThread] INFO  pipeline.PipelinePlacementPolicy (PipelinePlacementPolicy.java:meetCriteria(91)) - Pipeline Placement: can't place more pipeline on heavy datanode： 5979e283-d20e-4620-920d-03c0cf6ae99c Heaviness: 6 limit: 5
2019-09-26 09:21:16,392 [grpc-default-executor-0] INFO  impl.RaftServerProxy (RaftServerProxy.java:addNew(89)) - 1676f4ef-d876-44ce-9276-238a11cc43f0: addNew group-8240320E499E:[1676f4ef-d876-44ce-9276-238a11cc43f0:192.168.30.13:35157] returns group-8240320E499E:java.util.concurrent.CompletableFuture@d33ff50[Not completed]
2019-09-26 09:21:16,393 [pool-117-thread-1] INFO  impl.RaftServerImpl (RaftServerImpl.java:<init>(95)) - 1676f4ef-d876-44ce-9276-238a11cc43f0: new RaftServerImpl for group-8240320E499E:[1676f4ef-d876-44ce-9276-238a11cc43f0:192.168.30.13:35157] with ContainerStateMachine:uninitialized
2019-09-26 09:21:16,393 [pool-117-thread-1] INFO  server.RaftServerConfigKeys (ConfUtils.java:logGet(43)) - raft.server.rpc.timeout.min = 5s (custom)
2019-09-26 09:21:16,394 [pool-117-thread-1] INFO  server.RaftServerConfigKeys (ConfUtils.java:logGet(43)) - raft.server.rpc.timeout.max = 5200ms (custom)
2019-09-26 09:21:16,394 [pool-117-thread-1] INFO  server.RaftServerConfigKeys (ConfUtils.java:logGet(43)) - raft.server.rpcslowness.timeout = 120s (custom)
2019-09-26 09:21:16,394 [pool-117-thread-1] INFO  server.RaftServerConfigKeys (ConfUtils.java:logGet(43)) - raft.server.sleep.deviation.threshold = 300 (default)
2019-09-26 09:21:16,394 [pool-117-thread-1] INFO  server.RaftServerConfigKeys (ConfUtils.java:logGet(43)) - raft.server.log.appender.install.snapshot.enabled = false (custom)
2019-09-26 09:21:16,394 [pool-117-thread-1] INFO  impl.RaftServerImpl (ServerState.java:<init>(103)) - 1676f4ef-d876-44ce-9276-238a11cc43f0@group-8240320E499E: ConfigurationManager, init=-1: [1676f4ef-d876-44ce-9276-238a11cc43f0:192.168.30.13:35157], old=null, confs=<EMPTY_MAP>
2019-09-26 09:21:16,394 [pool-117-thread-1] INFO  server.RaftServerConfigKeys (ConfUtils.java:logGet(43)) - raft.server.storage.dir = [/workdir/hadoop-ozone/integration-test/target/test-dir/MiniOzoneClusterImpl-078ea463-30a6-4c8a-a8ff-41db0515e22e/datanode-9/data/ratis] (custom)
2019-09-26 09:21:16,395 [pool-117-thread-1] INFO  storage.RaftStorageDirectory (RaftStorageDirectory.java:analyzeStorage(246)) - The storage directory /workdir/hadoop-ozone/integration-test/target/test-dir/MiniOzoneClusterImpl-078ea463-30a6-4c8a-a8ff-41db0515e22e/datanode-9/data/ratis/8eb26413-a919-43a5-895e-8240320e499e does not exist. Creating ...
2019-09-26 09:21:16,395 [3696961a-2fd3-4cbb-be04-5fcc9f82ed1a@group-B09579914A60-SegmentedRaftLogWorker] INFO  segmented.SegmentedRaftLogWorker (SegmentedRaftLogWorker.java:execute(569)) - 3696961a-2fd3-4cbb-be04-5fcc9f82ed1a@group-B09579914A60-SegmentedRaftLogWorker: created new log segment /workdir/hadoop-ozone/integration-test/target/test-dir/MiniOzoneClusterImpl-078ea463-30a6-4c8a-a8ff-41db0515e22e/datanode-3/data/ratis/9f10d4eb-c385-4835-8cf6-b09579914a60/current/log_inprogress_0
2019-09-26 09:21:16,398 [pool-117-thread-1] INFO  storage.RaftStorageDirectory (RaftStorageDirectory.java:tryLock(328)) - Lock on /workdir/hadoop-ozone/integration-test/target/test-dir/MiniOzoneClusterImpl-078ea463-30a6-4c8a-a8ff-41db0515e22e/datanode-9/data/ratis/8eb26413-a919-43a5-895e-8240320e499e/in_use.lock acquired by nodename 11214@pr-hdds-1569-wvzgm-824869521
2019-09-26 09:21:16,412 [pool-117-thread-1] INFO  storage.RaftStorage (RaftStorage.java:format(72)) - Storage directory /workdir/hadoop-ozone/integration-test/target/test-dir/MiniOzoneClusterImpl-078ea463-30a6-4c8a-a8ff-41db0515e22e/datanode-9/data/ratis/8eb26413-a919-43a5-895e-8240320e499e has been successfully formatted.
2019-09-26 09:21:16,413 [pool-117-thread-1] INFO  ratis.ContainerStateMachine (ContainerStateMachine.java:loadSnapshot(230)) - group-8240320E499E: The snapshot info is null. Setting the last applied indexto:(t:0, i:~)
2019-09-26 09:21:16,413 [pool-117-thread-1] INFO  server.RaftServerConfigKeys (ConfUtils.java:logGet(43)) - raft.server.notification.no-leader.timeout = 120s (custom)
2019-09-26 09:21:16,413 [pool-117-thread-1] INFO  server.RaftServerConfigKeys (ConfUtils.java:logGet(43)) - raft.server.log.use.memory = false (default)
2019-09-26 09:21:16,413 [pool-117-thread-1] INFO  server.RaftServerConfigKeys (ConfUtils.java:logGet(43)) - raft.server.log.purge.gap = 1000000 (custom)
2019-09-26 09:21:16,413 [pool-117-thread-1] INFO  server.RaftServerConfigKeys (ConfUtils.java:logGet(43)) - raft.server.log.appender.buffer.byte-limit = 33554432 (custom)
2019-09-26 09:21:16,414 [pool-117-thread-1] INFO  server.RaftServerConfigKeys (ConfUtils.java:logGet(43)) - raft.server.log.segment.size.max = 1048576 (custom)
2019-09-26 09:21:16,414 [pool-117-thread-1] INFO  server.RaftServerConfigKeys (ConfUtils.java:logGet(43)) - raft.server.log.segment.cache.num.max = 2 (custom)
2019-09-26 09:21:16,414 [pool-117-thread-1] INFO  segmented.SegmentedRaftLogWorker (SegmentedRaftLogWorker.java:<init>(172)) - new 1676f4ef-d876-44ce-9276-238a11cc43f0@group-8240320E499E-SegmentedRaftLogWorker for RaftStorage:Storage Directory /workdir/hadoop-ozone/integration-test/target/test-dir/MiniOzoneClusterImpl-078ea463-30a6-4c8a-a8ff-41db0515e22e/datanode-9/data/ratis/8eb26413-a919-43a5-895e-8240320e499e
2019-09-26 09:21:16,414 [pool-117-thread-1] INFO  server.RaftServerConfigKeys (ConfUtils.java:logGet(43)) - raft.server.log.queue.byte-limit = 2147483647 (custom)
2019-09-26 09:21:16,414 [pool-117-thread-1] INFO  server.RaftServerConfigKeys (ConfUtils.java:logGet(43)) - raft.server.log.queue.element-limit = 1024 (custom)
2019-09-26 09:21:16,414 [pool-117-thread-1] INFO  server.RaftServerConfigKeys (ConfUtils.java:logGet(43)) - raft.server.log.segment.size.max = 1048576 (custom)
2019-09-26 09:21:16,415 [pool-117-thread-1] INFO  server.RaftServerConfigKeys (ConfUtils.java:logGet(43)) - raft.server.log.preallocated.size = 16384 (custom)
2019-09-26 09:21:16,415 [pool-117-thread-1] INFO  server.RaftServerConfigKeys (ConfUtils.java:logGet(43)) - raft.server.log.write.buffer.size = 33554432 (custom)
2019-09-26 09:21:16,415 [pool-117-thread-1] INFO  server.RaftServerConfigKeys (ConfUtils.java:logGet(43)) - raft.server.log.force.sync.num = 128 (default)
2019-09-26 09:21:16,415 [pool-117-thread-1] INFO  server.RaftServerConfigKeys (ConfUtils.java:logGet(43)) - raft.server.log.statemachine.data.sync = true (default)
2019-09-26 09:21:16,415 [pool-117-thread-1] INFO  server.RaftServerConfigKeys (ConfUtils.java:logGet(43)) - raft.server.log.statemachine.data.sync.timeout = 10s (default)
2019-09-26 09:21:16,415 [pool-117-thread-1] INFO  server.RaftServerConfigKeys (ConfUtils.java:logGet(43)) - raft.server.log.statemachine.data.sync.timeout.retry = -1 (default)
2019-09-26 09:21:16,416 [pool-117-thread-1] INFO  server.RaftServerConfigKeys (ConfUtils.java:logGet(43)) - raft.server.log.statemachine.data.caching.enabled = true (custom)
2019-09-26 09:21:16,416 [pool-117-thread-1] INFO  segmented.SegmentedRaftLogWorker (SegmentedRaftLogWorker.java:lambda$new$0(132)) - 1676f4ef-d876-44ce-9276-238a11cc43f0@group-8240320E499E-SegmentedRaftLogWorker: flushIndex: setUnconditionally 0 -> -1
2019-09-26 09:21:16,416 [pool-117-thread-1] INFO  server.RaftServerConfigKeys (ConfUtils.java:logGet(43)) - raft.server.snapshot.auto.trigger.enabled = true (custom)
2019-09-26 09:21:16,416 [pool-117-thread-1] INFO  server.RaftServerConfigKeys (ConfUtils.java:logGet(43)) - raft.server.snapshot.auto.trigger.threshold = 10000 (custom)
2019-09-26 09:21:16,417 [pool-117-thread-1] INFO  server.RaftServerConfigKeys (ConfUtils.java:logGet(43)) - raft.server.snapshot.retention.num.files = 5 (custom)
2019-09-26 09:21:16,417 [pool-117-thread-1] INFO  server.RaftServerConfigKeys (ConfUtils.java:logGet(43)) - raft.server.retrycache.expirytime = 600000ms (custom)
2019-09-26 09:21:16,420 [pool-117-thread-1] INFO  impl.RaftServerImpl (RaftServerImpl.java:start(185)) - 1676f4ef-d876-44ce-9276-238a11cc43f0@group-8240320E499E: start as a follower, conf=-1: [1676f4ef-d876-44ce-9276-238a11cc43f0:192.168.30.13:35157], old=null
2019-09-26 09:21:16,420 [pool-117-thread-1] INFO  impl.RaftServerImpl (RaftServerImpl.java:setRole(174)) - 1676f4ef-d876-44ce-9276-238a11cc43f0@group-8240320E499E: changes role from      null to FOLLOWER at term 0 for startAsFollower
2019-09-26 09:21:16,420 [pool-117-thread-1] INFO  impl.RoleInfo (RoleInfo.java:updateAndGet(143)) - 1676f4ef-d876-44ce-9276-238a11cc43f0: start FollowerState
2019-09-26 09:21:16,421 [pool-117-thread-1] INFO  util.JmxRegister (JmxRegister.java:tryRegister(44)) - Successfully registered JMX Bean with object name Ratis:service=RaftServer,group=group-8240320E499E,id=1676f4ef-d876-44ce-9276-238a11cc43f0
2019-09-26 09:21:16,424 [RatisPipelineUtilsThread] INFO  pipeline.PipelineStateManager (PipelineStateManager.java:addPipeline(56)) - Created pipeline Pipeline[ Id: 8eb26413-a919-43a5-895e-8240320e499e, Nodes: 1676f4ef-d876-44ce-9276-238a11cc43f0{ip: 192.168.30.13, host: pr-hdds-1569-wvzgm-824869521, networkLocation: /default-rack, certSerialId: null}, Type:RATIS, Factor:ONE, State:OPEN]
2019-09-26 09:21:16,424 [RatisPipelineUtilsThread] INFO  pipeline.PipelinePlacementPolicy (PipelinePlacementPolicy.java:meetCriteria(91)) - Pipeline Placement: can't place more pipeline on heavy datanode： 3696961a-2fd3-4cbb-be04-5fcc9f82ed1a Heaviness: 6 limit: 5
2019-09-26 09:21:16,424 [RatisPipelineUtilsThread] INFO  pipeline.PipelinePlacementPolicy (PipelinePlacementPolicy.java:meetCriteria(91)) - Pipeline Placement: can't place more pipeline on heavy datanode： 16503525-0504-4dc7-b18b-9a1cb86da45b Heaviness: 6 limit: 5
2019-09-26 09:21:16,425 [RatisPipelineUtilsThread] INFO  pipeline.PipelinePlacementPolicy (PipelinePlacementPolicy.java:meetCriteria(91)) - Pipeline Placement: can't place more pipeline on heavy datanode： cdeec377-8f89-4dce-9b26-4d7c58a1953c Heaviness: 6 limit: 5
2019-09-26 09:21:16,425 [RatisPipelineUtilsThread] INFO  pipeline.PipelinePlacementPolicy (PipelinePlacementPolicy.java:meetCriteria(91)) - Pipeline Placement: can't place more pipeline on heavy datanode： 9ce5e10e-717d-4ed3-be0e-b6018052c3d2 Heaviness: 6 limit: 5
2019-09-26 09:21:16,425 [RatisPipelineUtilsThread] INFO  pipeline.PipelinePlacementPolicy (PipelinePlacementPolicy.java:meetCriteria(91)) - Pipeline Placement: can't place more pipeline on heavy datanode： 45c711e7-a055-41cb-865c-06675942396d Heaviness: 6 limit: 5
2019-09-26 09:21:16,425 [RatisPipelineUtilsThread] INFO  pipeline.PipelinePlacementPolicy (PipelinePlacementPolicy.java:meetCriteria(91)) - Pipeline Placement: can't place more pipeline on heavy datanode： 3750858d-06c8-40e1-8c05-0037147842e2 Heaviness: 6 limit: 5
2019-09-26 09:21:16,425 [RatisPipelineUtilsThread] INFO  pipeline.PipelinePlacementPolicy (PipelinePlacementPolicy.java:meetCriteria(91)) - Pipeline Placement: can't place more pipeline on heavy datanode： 1dec72e7-0344-4894-a47b-48d961c58f71 Heaviness: 6 limit: 5
2019-09-26 09:21:16,426 [RatisPipelineUtilsThread] INFO  pipeline.PipelinePlacementPolicy (PipelinePlacementPolicy.java:meetCriteria(91)) - Pipeline Placement: can't place more pipeline on heavy datanode： 1b34dbd2-a2d7-46bc-b57d-04f62019dff1 Heaviness: 6 limit: 5
2019-09-26 09:21:16,426 [RatisPipelineUtilsThread] INFO  pipeline.PipelinePlacementPolicy (PipelinePlacementPolicy.java:meetCriteria(91)) - Pipeline Placement: can't place more pipeline on heavy datanode： 5979e283-d20e-4620-920d-03c0cf6ae99c Heaviness: 6 limit: 5
2019-09-26 09:21:16,432 [grpc-default-executor-0] INFO  impl.RaftServerProxy (RaftServerProxy.java:addNew(89)) - 1676f4ef-d876-44ce-9276-238a11cc43f0: addNew group-53F4B0348665:[1676f4ef-d876-44ce-9276-238a11cc43f0:192.168.30.13:35157] returns group-53F4B0348665:java.util.concurrent.CompletableFuture@7cbacd3d[Not completed]
2019-09-26 09:21:16,433 [pool-117-thread-1] INFO  impl.RaftServerImpl (RaftServerImpl.java:<init>(95)) - 1676f4ef-d876-44ce-9276-238a11cc43f0: new RaftServerImpl for group-53F4B0348665:[1676f4ef-d876-44ce-9276-238a11cc43f0:192.168.30.13:35157] with ContainerStateMachine:uninitialized
2019-09-26 09:21:16,434 [pool-117-thread-1] INFO  server.RaftServerConfigKeys (ConfUtils.java:logGet(43)) - raft.server.rpc.timeout.min = 5s (custom)
2019-09-26 09:21:16,434 [pool-117-thread-1] INFO  server.RaftServerConfigKeys (ConfUtils.java:logGet(43)) - raft.server.rpc.timeout.max = 5200ms (custom)
2019-09-26 09:21:16,434 [pool-117-thread-1] INFO  server.RaftServerConfigKeys (ConfUtils.java:logGet(43)) - raft.server.rpcslowness.timeout = 120s (custom)
2019-09-26 09:21:16,434 [pool-117-thread-1] INFO  server.RaftServerConfigKeys (ConfUtils.java:logGet(43)) - raft.server.sleep.deviation.threshold = 300 (default)
2019-09-26 09:21:16,434 [pool-117-thread-1] INFO  server.RaftServerConfigKeys (ConfUtils.java:logGet(43)) - raft.server.log.appender.install.snapshot.enabled = false (custom)
2019-09-26 09:21:16,434 [pool-117-thread-1] INFO  impl.RaftServerImpl (ServerState.java:<init>(103)) - 1676f4ef-d876-44ce-9276-238a11cc43f0@group-53F4B0348665: ConfigurationManager, init=-1: [1676f4ef-d876-44ce-9276-238a11cc43f0:192.168.30.13:35157], old=null, confs=<EMPTY_MAP>
2019-09-26 09:21:16,434 [pool-117-thread-1] INFO  server.RaftServerConfigKeys (ConfUtils.java:logGet(43)) - raft.server.storage.dir = [/workdir/hadoop-ozone/integration-test/target/test-dir/MiniOzoneClusterImpl-078ea463-30a6-4c8a-a8ff-41db0515e22e/datanode-9/data/ratis] (custom)
2019-09-26 09:21:16,435 [pool-117-thread-1] INFO  storage.RaftStorageDirectory (RaftStorageDirectory.java:analyzeStorage(246)) - The storage directory /workdir/hadoop-ozone/integration-test/target/test-dir/MiniOzoneClusterImpl-078ea463-30a6-4c8a-a8ff-41db0515e22e/datanode-9/data/ratis/44b1cba3-785c-4e8f-bb4f-53f4b0348665 does not exist. Creating ...
2019-09-26 09:21:16,449 [pool-117-thread-1] INFO  storage.RaftStorageDirectory (RaftStorageDirectory.java:tryLock(328)) - Lock on /workdir/hadoop-ozone/integration-test/target/test-dir/MiniOzoneClusterImpl-078ea463-30a6-4c8a-a8ff-41db0515e22e/datanode-9/data/ratis/44b1cba3-785c-4e8f-bb4f-53f4b0348665/in_use.lock acquired by nodename 11214@pr-hdds-1569-wvzgm-824869521
2019-09-26 09:21:16,462 [pool-117-thread-1] INFO  storage.RaftStorage (RaftStorage.java:format(72)) - Storage directory /workdir/hadoop-ozone/integration-test/target/test-dir/MiniOzoneClusterImpl-078ea463-30a6-4c8a-a8ff-41db0515e22e/datanode-9/data/ratis/44b1cba3-785c-4e8f-bb4f-53f4b0348665 has been successfully formatted.
2019-09-26 09:21:16,463 [pool-117-thread-1] INFO  ratis.ContainerStateMachine (ContainerStateMachine.java:loadSnapshot(230)) - group-53F4B0348665: The snapshot info is null. Setting the last applied indexto:(t:0, i:~)
2019-09-26 09:21:16,463 [pool-117-thread-1] INFO  server.RaftServerConfigKeys (ConfUtils.java:logGet(43)) - raft.server.notification.no-leader.timeout = 120s (custom)
2019-09-26 09:21:16,463 [pool-117-thread-1] INFO  server.RaftServerConfigKeys (ConfUtils.java:logGet(43)) - raft.server.log.use.memory = false (default)
2019-09-26 09:21:16,463 [pool-117-thread-1] INFO  server.RaftServerConfigKeys (ConfUtils.java:logGet(43)) - raft.server.log.purge.gap = 1000000 (custom)
2019-09-26 09:21:16,463 [pool-117-thread-1] INFO  server.RaftServerConfigKeys (ConfUtils.java:logGet(43)) - raft.server.log.appender.buffer.byte-limit = 33554432 (custom)
2019-09-26 09:21:16,463 [pool-117-thread-1] INFO  server.RaftServerConfigKeys (ConfUtils.java:logGet(43)) - raft.server.log.segment.size.max = 1048576 (custom)
2019-09-26 09:21:16,463 [pool-117-thread-1] INFO  server.RaftServerConfigKeys (ConfUtils.java:logGet(43)) - raft.server.log.segment.cache.num.max = 2 (custom)
2019-09-26 09:21:16,464 [pool-117-thread-1] INFO  segmented.SegmentedRaftLogWorker (SegmentedRaftLogWorker.java:<init>(172)) - new 1676f4ef-d876-44ce-9276-238a11cc43f0@group-53F4B0348665-SegmentedRaftLogWorker for RaftStorage:Storage Directory /workdir/hadoop-ozone/integration-test/target/test-dir/MiniOzoneClusterImpl-078ea463-30a6-4c8a-a8ff-41db0515e22e/datanode-9/data/ratis/44b1cba3-785c-4e8f-bb4f-53f4b0348665
2019-09-26 09:21:16,464 [pool-117-thread-1] INFO  server.RaftServerConfigKeys (ConfUtils.java:logGet(43)) - raft.server.log.queue.byte-limit = 2147483647 (custom)
2019-09-26 09:21:16,464 [pool-117-thread-1] INFO  server.RaftServerConfigKeys (ConfUtils.java:logGet(43)) - raft.server.log.queue.element-limit = 1024 (custom)
2019-09-26 09:21:16,464 [pool-117-thread-1] INFO  server.RaftServerConfigKeys (ConfUtils.java:logGet(43)) - raft.server.log.segment.size.max = 1048576 (custom)
2019-09-26 09:21:16,464 [pool-117-thread-1] INFO  server.RaftServerConfigKeys (ConfUtils.java:logGet(43)) - raft.server.log.preallocated.size = 16384 (custom)
2019-09-26 09:21:16,464 [pool-117-thread-1] INFO  server.RaftServerConfigKeys (ConfUtils.java:logGet(43)) - raft.server.log.write.buffer.size = 33554432 (custom)
2019-09-26 09:21:16,465 [pool-117-thread-1] INFO  server.RaftServerConfigKeys (ConfUtils.java:logGet(43)) - raft.server.log.force.sync.num = 128 (default)
2019-09-26 09:21:16,465 [pool-117-thread-1] INFO  server.RaftServerConfigKeys (ConfUtils.java:logGet(43)) - raft.server.log.statemachine.data.sync = true (default)
2019-09-26 09:21:16,465 [pool-117-thread-1] INFO  server.RaftServerConfigKeys (ConfUtils.java:logGet(43)) - raft.server.log.statemachine.data.sync.timeout = 10s (default)
2019-09-26 09:21:16,465 [pool-117-thread-1] INFO  server.RaftServerConfigKeys (ConfUtils.java:logGet(43)) - raft.server.log.statemachine.data.sync.timeout.retry = -1 (default)
2019-09-26 09:21:16,465 [pool-117-thread-1] INFO  server.RaftServerConfigKeys (ConfUtils.java:logGet(43)) - raft.server.log.statemachine.data.caching.enabled = true (custom)
2019-09-26 09:21:16,465 [pool-117-thread-1] INFO  segmented.SegmentedRaftLogWorker (SegmentedRaftLogWorker.java:lambda$new$0(132)) - 1676f4ef-d876-44ce-9276-238a11cc43f0@group-53F4B0348665-SegmentedRaftLogWorker: flushIndex: setUnconditionally 0 -> -1
2019-09-26 09:21:16,466 [pool-117-thread-1] INFO  server.RaftServerConfigKeys (ConfUtils.java:logGet(43)) - raft.server.snapshot.auto.trigger.enabled = true (custom)
2019-09-26 09:21:16,466 [pool-117-thread-1] INFO  server.RaftServerConfigKeys (ConfUtils.java:logGet(43)) - raft.server.snapshot.auto.trigger.threshold = 10000 (custom)
2019-09-26 09:21:16,466 [pool-117-thread-1] INFO  server.RaftServerConfigKeys (ConfUtils.java:logGet(43)) - raft.server.snapshot.retention.num.files = 5 (custom)
2019-09-26 09:21:16,466 [pool-117-thread-1] INFO  server.RaftServerConfigKeys (ConfUtils.java:logGet(43)) - raft.server.retrycache.expirytime = 600000ms (custom)
2019-09-26 09:21:16,469 [pool-117-thread-1] INFO  impl.RaftServerImpl (RaftServerImpl.java:start(185)) - 1676f4ef-d876-44ce-9276-238a11cc43f0@group-53F4B0348665: start as a follower, conf=-1: [1676f4ef-d876-44ce-9276-238a11cc43f0:192.168.30.13:35157], old=null
2019-09-26 09:21:16,469 [pool-117-thread-1] INFO  impl.RaftServerImpl (RaftServerImpl.java:setRole(174)) - 1676f4ef-d876-44ce-9276-238a11cc43f0@group-53F4B0348665: changes role from      null to FOLLOWER at term 0 for startAsFollower
2019-09-26 09:21:16,469 [pool-117-thread-1] INFO  impl.RoleInfo (RoleInfo.java:updateAndGet(143)) - 1676f4ef-d876-44ce-9276-238a11cc43f0: start FollowerState
2019-09-26 09:21:16,470 [pool-117-thread-1] INFO  util.JmxRegister (JmxRegister.java:tryRegister(44)) - Successfully registered JMX Bean with object name Ratis:service=RaftServer,group=group-53F4B0348665,id=1676f4ef-d876-44ce-9276-238a11cc43f0
2019-09-26 09:21:16,473 [RatisPipelineUtilsThread] INFO  pipeline.PipelineStateManager (PipelineStateManager.java:addPipeline(56)) - Created pipeline Pipeline[ Id: 44b1cba3-785c-4e8f-bb4f-53f4b0348665, Nodes: 1676f4ef-d876-44ce-9276-238a11cc43f0{ip: 192.168.30.13, host: pr-hdds-1569-wvzgm-824869521, networkLocation: /default-rack, certSerialId: null}, Type:RATIS, Factor:ONE, State:OPEN]
2019-09-26 09:21:16,473 [RatisPipelineUtilsThread] INFO  pipeline.PipelinePlacementPolicy (PipelinePlacementPolicy.java:meetCriteria(91)) - Pipeline Placement: can't place more pipeline on heavy datanode： 1676f4ef-d876-44ce-9276-238a11cc43f0 Heaviness: 6 limit: 5
2019-09-26 09:21:16,473 [RatisPipelineUtilsThread] INFO  pipeline.PipelinePlacementPolicy (PipelinePlacementPolicy.java:meetCriteria(91)) - Pipeline Placement: can't place more pipeline on heavy datanode： 3696961a-2fd3-4cbb-be04-5fcc9f82ed1a Heaviness: 6 limit: 5
2019-09-26 09:21:16,474 [RatisPipelineUtilsThread] INFO  pipeline.PipelinePlacementPolicy (PipelinePlacementPolicy.java:meetCriteria(91)) - Pipeline Placement: can't place more pipeline on heavy datanode： 16503525-0504-4dc7-b18b-9a1cb86da45b Heaviness: 6 limit: 5
2019-09-26 09:21:16,474 [RatisPipelineUtilsThread] INFO  pipeline.PipelinePlacementPolicy (PipelinePlacementPolicy.java:meetCriteria(91)) - Pipeline Placement: can't place more pipeline on heavy datanode： cdeec377-8f89-4dce-9b26-4d7c58a1953c Heaviness: 6 limit: 5
2019-09-26 09:21:16,474 [RatisPipelineUtilsThread] INFO  pipeline.PipelinePlacementPolicy (PipelinePlacementPolicy.java:meetCriteria(91)) - Pipeline Placement: can't place more pipeline on heavy datanode： 9ce5e10e-717d-4ed3-be0e-b6018052c3d2 Heaviness: 6 limit: 5
2019-09-26 09:21:16,474 [RatisPipelineUtilsThread] INFO  pipeline.PipelinePlacementPolicy (PipelinePlacementPolicy.java:meetCriteria(91)) - Pipeline Placement: can't place more pipeline on heavy datanode： 45c711e7-a055-41cb-865c-06675942396d Heaviness: 6 limit: 5
2019-09-26 09:21:16,474 [RatisPipelineUtilsThread] INFO  pipeline.PipelinePlacementPolicy (PipelinePlacementPolicy.java:meetCriteria(91)) - Pipeline Placement: can't place more pipeline on heavy datanode： 3750858d-06c8-40e1-8c05-0037147842e2 Heaviness: 6 limit: 5
2019-09-26 09:21:16,475 [RatisPipelineUtilsThread] INFO  pipeline.PipelinePlacementPolicy (PipelinePlacementPolicy.java:meetCriteria(91)) - Pipeline Placement: can't place more pipeline on heavy datanode： 1dec72e7-0344-4894-a47b-48d961c58f71 Heaviness: 6 limit: 5
2019-09-26 09:21:16,475 [RatisPipelineUtilsThread] INFO  pipeline.PipelinePlacementPolicy (PipelinePlacementPolicy.java:meetCriteria(91)) - Pipeline Placement: can't place more pipeline on heavy datanode： 1b34dbd2-a2d7-46bc-b57d-04f62019dff1 Heaviness: 6 limit: 5
2019-09-26 09:21:16,475 [RatisPipelineUtilsThread] INFO  pipeline.PipelinePlacementPolicy (PipelinePlacementPolicy.java:meetCriteria(91)) - Pipeline Placement: can't place more pipeline on heavy datanode： 5979e283-d20e-4620-920d-03c0cf6ae99c Heaviness: 6 limit: 5
2019-09-26 09:21:16,475 [RatisPipelineUtilsThread] ERROR pipeline.PipelinePlacementPolicy (PipelinePlacementPolicy.java:filterViableNodes(148)) - Unable to find enough nodes that meet the criteria that cannot engage in more than 5 pipelines. Nodes required: 1 Found: 0, healthy nodes count inNodeManager: 10.
2019-09-26 09:21:16,478 [RatisPipelineUtilsThread] ERROR pipeline.SCMPipelineManager (SCMPipelineManager.java:createPipeline(167)) - Pipeline creation failed.
org.apache.hadoop.hdds.scm.exceptions.SCMException: Unable to find enough nodes that meet the criteria that cannot engage in more than 5 pipelines. Nodes required: 1 Found: 0, healthy nodes count inNodeManager: 10.
	at org.apache.hadoop.hdds.scm.pipeline.PipelinePlacementPolicy.filterViableNodes(PipelinePlacementPolicy.java:149)
	at org.apache.hadoop.hdds.scm.pipeline.PipelinePlacementPolicy.chooseDatanodes(PipelinePlacementPolicy.java:172)
	at org.apache.hadoop.hdds.scm.pipeline.RatisPipelineProvider.create(RatisPipelineProvider.java:93)
	at org.apache.hadoop.hdds.scm.pipeline.PipelineFactory.create(PipelineFactory.java:58)
	at org.apache.hadoop.hdds.scm.pipeline.SCMPipelineManager.createPipeline(SCMPipelineManager.java:155)
	at org.apache.hadoop.hdds.scm.pipeline.BackgroundPipelineCreator.createPipelines(BackgroundPipelineCreator.java:99)
	at java.util.concurrent.Executors$RunnableAdapter.call(Executors.java:511)
	at java.util.concurrent.FutureTask.run(FutureTask.java:266)
	at java.util.concurrent.ScheduledThreadPoolExecutor$ScheduledFutureTask.access$201(ScheduledThreadPoolExecutor.java:180)
	at java.util.concurrent.ScheduledThreadPoolExecutor$ScheduledFutureTask.run(ScheduledThreadPoolExecutor.java:293)
	at java.util.concurrent.ThreadPoolExecutor.runWorker(ThreadPoolExecutor.java:1149)
	at java.util.concurrent.ThreadPoolExecutor$Worker.run(ThreadPoolExecutor.java:624)
	at java.lang.Thread.run(Thread.java:748)
2019-09-26 09:21:16,480 [RatisPipelineUtilsThread] INFO  pipeline.PipelinePlacementPolicy (PipelinePlacementPolicy.java:meetCriteria(91)) - Pipeline Placement: can't place more pipeline on heavy datanode： 1676f4ef-d876-44ce-9276-238a11cc43f0 Heaviness: 6 limit: 5
2019-09-26 09:21:16,480 [RatisPipelineUtilsThread] INFO  pipeline.PipelinePlacementPolicy (PipelinePlacementPolicy.java:meetCriteria(91)) - Pipeline Placement: can't place more pipeline on heavy datanode： 3696961a-2fd3-4cbb-be04-5fcc9f82ed1a Heaviness: 6 limit: 5
2019-09-26 09:21:16,480 [RatisPipelineUtilsThread] INFO  pipeline.PipelinePlacementPolicy (PipelinePlacementPolicy.java:meetCriteria(91)) - Pipeline Placement: can't place more pipeline on heavy datanode： 16503525-0504-4dc7-b18b-9a1cb86da45b Heaviness: 6 limit: 5
2019-09-26 09:21:16,480 [RatisPipelineUtilsThread] INFO  pipeline.PipelinePlacementPolicy (PipelinePlacementPolicy.java:meetCriteria(91)) - Pipeline Placement: can't place more pipeline on heavy datanode： cdeec377-8f89-4dce-9b26-4d7c58a1953c Heaviness: 6 limit: 5
2019-09-26 09:21:16,480 [RatisPipelineUtilsThread] INFO  pipeline.PipelinePlacementPolicy (PipelinePlacementPolicy.java:meetCriteria(91)) - Pipeline Placement: can't place more pipeline on heavy datanode： 9ce5e10e-717d-4ed3-be0e-b6018052c3d2 Heaviness: 6 limit: 5
2019-09-26 09:21:16,480 [RatisPipelineUtilsThread] INFO  pipeline.PipelinePlacementPolicy (PipelinePlacementPolicy.java:meetCriteria(91)) - Pipeline Placement: can't place more pipeline on heavy datanode： 45c711e7-a055-41cb-865c-06675942396d Heaviness: 6 limit: 5
2019-09-26 09:21:16,480 [RatisPipelineUtilsThread] INFO  pipeline.PipelinePlacementPolicy (PipelinePlacementPolicy.java:meetCriteria(91)) - Pipeline Placement: can't place more pipeline on heavy datanode： 3750858d-06c8-40e1-8c05-0037147842e2 Heaviness: 6 limit: 5
2019-09-26 09:21:16,481 [RatisPipelineUtilsThread] INFO  pipeline.PipelinePlacementPolicy (PipelinePlacementPolicy.java:meetCriteria(91)) - Pipeline Placement: can't place more pipeline on heavy datanode： 1dec72e7-0344-4894-a47b-48d961c58f71 Heaviness: 6 limit: 5
2019-09-26 09:21:16,481 [RatisPipelineUtilsThread] INFO  pipeline.PipelinePlacementPolicy (PipelinePlacementPolicy.java:meetCriteria(91)) - Pipeline Placement: can't place more pipeline on heavy datanode： 1b34dbd2-a2d7-46bc-b57d-04f62019dff1 Heaviness: 6 limit: 5
2019-09-26 09:21:16,481 [RatisPipelineUtilsThread] INFO  pipeline.PipelinePlacementPolicy (PipelinePlacementPolicy.java:meetCriteria(91)) - Pipeline Placement: can't place more pipeline on heavy datanode： 5979e283-d20e-4620-920d-03c0cf6ae99c Heaviness: 6 limit: 5
2019-09-26 09:21:16,481 [RatisPipelineUtilsThread] ERROR pipeline.PipelinePlacementPolicy (PipelinePlacementPolicy.java:filterViableNodes(148)) - Unable to find enough nodes that meet the criteria that cannot engage in more than 5 pipelines. Nodes required: 3 Found: 0, healthy nodes count inNodeManager: 10.
2019-09-26 09:21:16,481 [RatisPipelineUtilsThread] ERROR pipeline.SCMPipelineManager (SCMPipelineManager.java:createPipeline(167)) - Pipeline creation failed.
org.apache.hadoop.hdds.scm.exceptions.SCMException: Unable to find enough nodes that meet the criteria that cannot engage in more than 5 pipelines. Nodes required: 3 Found: 0, healthy nodes count inNodeManager: 10.
	at org.apache.hadoop.hdds.scm.pipeline.PipelinePlacementPolicy.filterViableNodes(PipelinePlacementPolicy.java:149)
	at org.apache.hadoop.hdds.scm.pipeline.PipelinePlacementPolicy.chooseDatanodes(PipelinePlacementPolicy.java:172)
	at org.apache.hadoop.hdds.scm.pipeline.RatisPipelineProvider.create(RatisPipelineProvider.java:93)
	at org.apache.hadoop.hdds.scm.pipeline.PipelineFactory.create(PipelineFactory.java:58)
	at org.apache.hadoop.hdds.scm.pipeline.SCMPipelineManager.createPipeline(SCMPipelineManager.java:155)
	at org.apache.hadoop.hdds.scm.pipeline.BackgroundPipelineCreator.createPipelines(BackgroundPipelineCreator.java:99)
	at java.util.concurrent.Executors$RunnableAdapter.call(Executors.java:511)
	at java.util.concurrent.FutureTask.run(FutureTask.java:266)
	at java.util.concurrent.ScheduledThreadPoolExecutor$ScheduledFutureTask.access$201(ScheduledThreadPoolExecutor.java:180)
	at java.util.concurrent.ScheduledThreadPoolExecutor$ScheduledFutureTask.run(ScheduledThreadPoolExecutor.java:293)
	at java.util.concurrent.ThreadPoolExecutor.runWorker(ThreadPoolExecutor.java:1149)
	at java.util.concurrent.ThreadPoolExecutor$Worker.run(ThreadPoolExecutor.java:624)
	at java.lang.Thread.run(Thread.java:748)
2019-09-26 09:21:16,483 [RatisPipelineUtilsThread] INFO  pipeline.PipelinePlacementPolicy (PipelinePlacementPolicy.java:meetCriteria(91)) - Pipeline Placement: can't place more pipeline on heavy datanode： 1676f4ef-d876-44ce-9276-238a11cc43f0 Heaviness: 6 limit: 5
2019-09-26 09:21:16,483 [RatisPipelineUtilsThread] INFO  pipeline.PipelinePlacementPolicy (PipelinePlacementPolicy.java:meetCriteria(91)) - Pipeline Placement: can't place more pipeline on heavy datanode： 3696961a-2fd3-4cbb-be04-5fcc9f82ed1a Heaviness: 6 limit: 5
2019-09-26 09:21:16,483 [RatisPipelineUtilsThread] INFO  pipeline.PipelinePlacementPolicy (PipelinePlacementPolicy.java:meetCriteria(91)) - Pipeline Placement: can't place more pipeline on heavy datanode： 16503525-0504-4dc7-b18b-9a1cb86da45b Heaviness: 6 limit: 5
2019-09-26 09:21:16,483 [RatisPipelineUtilsThread] INFO  pipeline.PipelinePlacementPolicy (PipelinePlacementPolicy.java:meetCriteria(91)) - Pipeline Placement: can't place more pipeline on heavy datanode： cdeec377-8f89-4dce-9b26-4d7c58a1953c Heaviness: 6 limit: 5
2019-09-26 09:21:16,483 [RatisPipelineUtilsThread] INFO  pipeline.PipelinePlacementPolicy (PipelinePlacementPolicy.java:meetCriteria(91)) - Pipeline Placement: can't place more pipeline on heavy datanode： 9ce5e10e-717d-4ed3-be0e-b6018052c3d2 Heaviness: 6 limit: 5
2019-09-26 09:21:16,483 [RatisPipelineUtilsThread] INFO  pipeline.PipelinePlacementPolicy (PipelinePlacementPolicy.java:meetCriteria(91)) - Pipeline Placement: can't place more pipeline on heavy datanode： 45c711e7-a055-41cb-865c-06675942396d Heaviness: 6 limit: 5
2019-09-26 09:21:16,483 [RatisPipelineUtilsThread] INFO  pipeline.PipelinePlacementPolicy (PipelinePlacementPolicy.java:meetCriteria(91)) - Pipeline Placement: can't place more pipeline on heavy datanode： 3750858d-06c8-40e1-8c05-0037147842e2 Heaviness: 6 limit: 5
2019-09-26 09:21:16,483 [RatisPipelineUtilsThread] INFO  pipeline.PipelinePlacementPolicy (PipelinePlacementPolicy.java:meetCriteria(91)) - Pipeline Placement: can't place more pipeline on heavy datanode： 1dec72e7-0344-4894-a47b-48d961c58f71 Heaviness: 6 limit: 5
2019-09-26 09:21:16,483 [RatisPipelineUtilsThread] INFO  pipeline.PipelinePlacementPolicy (PipelinePlacementPolicy.java:meetCriteria(91)) - Pipeline Placement: can't place more pipeline on heavy datanode： 1b34dbd2-a2d7-46bc-b57d-04f62019dff1 Heaviness: 6 limit: 5
2019-09-26 09:21:16,483 [RatisPipelineUtilsThread] INFO  pipeline.PipelinePlacementPolicy (PipelinePlacementPolicy.java:meetCriteria(91)) - Pipeline Placement: can't place more pipeline on heavy datanode： 5979e283-d20e-4620-920d-03c0cf6ae99c Heaviness: 6 limit: 5
2019-09-26 09:21:16,484 [RatisPipelineUtilsThread] ERROR pipeline.PipelinePlacementPolicy (PipelinePlacementPolicy.java:filterViableNodes(148)) - Unable to find enough nodes that meet the criteria that cannot engage in more than 5 pipelines. Nodes required: 1 Found: 0, healthy nodes count inNodeManager: 10.
2019-09-26 09:21:16,484 [RatisPipelineUtilsThread] ERROR pipeline.SCMPipelineManager (SCMPipelineManager.java:createPipeline(167)) - Pipeline creation failed.
org.apache.hadoop.hdds.scm.exceptions.SCMException: Unable to find enough nodes that meet the criteria that cannot engage in more than 5 pipelines. Nodes required: 1 Found: 0, healthy nodes count inNodeManager: 10.
	at org.apache.hadoop.hdds.scm.pipeline.PipelinePlacementPolicy.filterViableNodes(PipelinePlacementPolicy.java:149)
	at org.apache.hadoop.hdds.scm.pipeline.PipelinePlacementPolicy.chooseDatanodes(PipelinePlacementPolicy.java:172)
	at org.apache.hadoop.hdds.scm.pipeline.RatisPipelineProvider.create(RatisPipelineProvider.java:93)
	at org.apache.hadoop.hdds.scm.pipeline.PipelineFactory.create(PipelineFactory.java:58)
	at org.apache.hadoop.hdds.scm.pipeline.SCMPipelineManager.createPipeline(SCMPipelineManager.java:155)
	at org.apache.hadoop.hdds.scm.pipeline.BackgroundPipelineCreator.createPipelines(BackgroundPipelineCreator.java:99)
	at org.apache.hadoop.hdds.scm.pipeline.BackgroundPipelineCreator.lambda$startFixedIntervalPipelineCreator$0(BackgroundPipelineCreator.java:70)
	at java.util.concurrent.Executors$RunnableAdapter.call(Executors.java:511)
	at java.util.concurrent.FutureTask.runAndReset(FutureTask.java:308)
	at java.util.concurrent.ScheduledThreadPoolExecutor$ScheduledFutureTask.access$301(ScheduledThreadPoolExecutor.java:180)
	at java.util.concurrent.ScheduledThreadPoolExecutor$ScheduledFutureTask.run(ScheduledThreadPoolExecutor.java:294)
	at java.util.concurrent.ThreadPoolExecutor.runWorker(ThreadPoolExecutor.java:1149)
	at java.util.concurrent.ThreadPoolExecutor$Worker.run(ThreadPoolExecutor.java:624)
	at java.lang.Thread.run(Thread.java:748)
2019-09-26 09:21:16,484 [RatisPipelineUtilsThread] INFO  pipeline.PipelinePlacementPolicy (PipelinePlacementPolicy.java:meetCriteria(91)) - Pipeline Placement: can't place more pipeline on heavy datanode： 1676f4ef-d876-44ce-9276-238a11cc43f0 Heaviness: 6 limit: 5
2019-09-26 09:21:16,484 [RatisPipelineUtilsThread] INFO  pipeline.PipelinePlacementPolicy (PipelinePlacementPolicy.java:meetCriteria(91)) - Pipeline Placement: can't place more pipeline on heavy datanode： 3696961a-2fd3-4cbb-be04-5fcc9f82ed1a Heaviness: 6 limit: 5
2019-09-26 09:21:16,484 [RatisPipelineUtilsThread] INFO  pipeline.PipelinePlacementPolicy (PipelinePlacementPolicy.java:meetCriteria(91)) - Pipeline Placement: can't place more pipeline on heavy datanode： 16503525-0504-4dc7-b18b-9a1cb86da45b Heaviness: 6 limit: 5
2019-09-26 09:21:16,484 [RatisPipelineUtilsThread] INFO  pipeline.PipelinePlacementPolicy (PipelinePlacementPolicy.java:meetCriteria(91)) - Pipeline Placement: can't place more pipeline on heavy datanode： cdeec377-8f89-4dce-9b26-4d7c58a1953c Heaviness: 6 limit: 5
2019-09-26 09:21:16,484 [RatisPipelineUtilsThread] INFO  pipeline.PipelinePlacementPolicy (PipelinePlacementPolicy.java:meetCriteria(91)) - Pipeline Placement: can't place more pipeline on heavy datanode： 9ce5e10e-717d-4ed3-be0e-b6018052c3d2 Heaviness: 6 limit: 5
2019-09-26 09:21:16,485 [RatisPipelineUtilsThread] INFO  pipeline.PipelinePlacementPolicy (PipelinePlacementPolicy.java:meetCriteria(91)) - Pipeline Placement: can't place more pipeline on heavy datanode： 45c711e7-a055-41cb-865c-06675942396d Heaviness: 6 limit: 5
2019-09-26 09:21:16,485 [RatisPipelineUtilsThread] INFO  pipeline.PipelinePlacementPolicy (PipelinePlacementPolicy.java:meetCriteria(91)) - Pipeline Placement: can't place more pipeline on heavy datanode： 3750858d-06c8-40e1-8c05-0037147842e2 Heaviness: 6 limit: 5
2019-09-26 09:21:16,485 [RatisPipelineUtilsThread] INFO  pipeline.PipelinePlacementPolicy (PipelinePlacementPolicy.java:meetCriteria(91)) - Pipeline Placement: can't place more pipeline on heavy datanode： 1dec72e7-0344-4894-a47b-48d961c58f71 Heaviness: 6 limit: 5
2019-09-26 09:21:16,485 [RatisPipelineUtilsThread] INFO  pipeline.PipelinePlacementPolicy (PipelinePlacementPolicy.java:meetCriteria(91)) - Pipeline Placement: can't place more pipeline on heavy datanode： 1b34dbd2-a2d7-46bc-b57d-04f62019dff1 Heaviness: 6 limit: 5
2019-09-26 09:21:16,485 [RatisPipelineUtilsThread] INFO  pipeline.PipelinePlacementPolicy (PipelinePlacementPolicy.java:meetCriteria(91)) - Pipeline Placement: can't place more pipeline on heavy datanode： 5979e283-d20e-4620-920d-03c0cf6ae99c Heaviness: 6 limit: 5
2019-09-26 09:21:16,485 [RatisPipelineUtilsThread] ERROR pipeline.PipelinePlacementPolicy (PipelinePlacementPolicy.java:filterViableNodes(148)) - Unable to find enough nodes that meet the criteria that cannot engage in more than 5 pipelines. Nodes required: 3 Found: 0, healthy nodes count inNodeManager: 10.
2019-09-26 09:21:16,485 [RatisPipelineUtilsThread] ERROR pipeline.SCMPipelineManager (SCMPipelineManager.java:createPipeline(167)) - Pipeline creation failed.
org.apache.hadoop.hdds.scm.exceptions.SCMException: Unable to find enough nodes that meet the criteria that cannot engage in more than 5 pipelines. Nodes required: 3 Found: 0, healthy nodes count inNodeManager: 10.
	at org.apache.hadoop.hdds.scm.pipeline.PipelinePlacementPolicy.filterViableNodes(PipelinePlacementPolicy.java:149)
	at org.apache.hadoop.hdds.scm.pipeline.PipelinePlacementPolicy.chooseDatanodes(PipelinePlacementPolicy.java:172)
	at org.apache.hadoop.hdds.scm.pipeline.RatisPipelineProvider.create(RatisPipelineProvider.java:93)
	at org.apache.hadoop.hdds.scm.pipeline.PipelineFactory.create(PipelineFactory.java:58)
	at org.apache.hadoop.hdds.scm.pipeline.SCMPipelineManager.createPipeline(SCMPipelineManager.java:155)
	at org.apache.hadoop.hdds.scm.pipeline.BackgroundPipelineCreator.createPipelines(BackgroundPipelineCreator.java:99)
	at org.apache.hadoop.hdds.scm.pipeline.BackgroundPipelineCreator.lambda$startFixedIntervalPipelineCreator$0(BackgroundPipelineCreator.java:70)
	at java.util.concurrent.Executors$RunnableAdapter.call(Executors.java:511)
	at java.util.concurrent.FutureTask.runAndReset(FutureTask.java:308)
	at java.util.concurrent.ScheduledThreadPoolExecutor$ScheduledFutureTask.access$301(ScheduledThreadPoolExecutor.java:180)
	at java.util.concurrent.ScheduledThreadPoolExecutor$ScheduledFutureTask.run(ScheduledThreadPoolExecutor.java:294)
	at java.util.concurrent.ThreadPoolExecutor.runWorker(ThreadPoolExecutor.java:1149)
	at java.util.concurrent.ThreadPoolExecutor$Worker.run(ThreadPoolExecutor.java:624)
	at java.lang.Thread.run(Thread.java:748)
2019-09-26 09:21:16,486 [IPC Server handler 0 on 42392] INFO  pipeline.PipelinePlacementPolicy (PipelinePlacementPolicy.java:meetCriteria(91)) - Pipeline Placement: can't place more pipeline on heavy datanode： 1676f4ef-d876-44ce-9276-238a11cc43f0 Heaviness: 6 limit: 5
2019-09-26 09:21:16,486 [IPC Server handler 0 on 42392] INFO  pipeline.PipelinePlacementPolicy (PipelinePlacementPolicy.java:meetCriteria(91)) - Pipeline Placement: can't place more pipeline on heavy datanode： 3696961a-2fd3-4cbb-be04-5fcc9f82ed1a Heaviness: 6 limit: 5
2019-09-26 09:21:16,486 [IPC Server handler 0 on 42392] INFO  pipeline.PipelinePlacementPolicy (PipelinePlacementPolicy.java:meetCriteria(91)) - Pipeline Placement: can't place more pipeline on heavy datanode： 16503525-0504-4dc7-b18b-9a1cb86da45b Heaviness: 6 limit: 5
2019-09-26 09:21:16,486 [IPC Server handler 0 on 42392] INFO  pipeline.PipelinePlacementPolicy (PipelinePlacementPolicy.java:meetCriteria(91)) - Pipeline Placement: can't place more pipeline on heavy datanode： cdeec377-8f89-4dce-9b26-4d7c58a1953c Heaviness: 6 limit: 5
2019-09-26 09:21:16,486 [IPC Server handler 0 on 42392] INFO  pipeline.PipelinePlacementPolicy (PipelinePlacementPolicy.java:meetCriteria(91)) - Pipeline Placement: can't place more pipeline on heavy datanode： 9ce5e10e-717d-4ed3-be0e-b6018052c3d2 Heaviness: 6 limit: 5
2019-09-26 09:21:16,486 [IPC Server handler 0 on 42392] INFO  pipeline.PipelinePlacementPolicy (PipelinePlacementPolicy.java:meetCriteria(91)) - Pipeline Placement: can't place more pipeline on heavy datanode： 45c711e7-a055-41cb-865c-06675942396d Heaviness: 6 limit: 5
2019-09-26 09:21:16,487 [IPC Server handler 0 on 42392] INFO  pipeline.PipelinePlacementPolicy (PipelinePlacementPolicy.java:meetCriteria(91)) - Pipeline Placement: can't place more pipeline on heavy datanode： 3750858d-06c8-40e1-8c05-0037147842e2 Heaviness: 6 limit: 5
2019-09-26 09:21:16,487 [IPC Server handler 0 on 42392] INFO  pipeline.PipelinePlacementPolicy (PipelinePlacementPolicy.java:meetCriteria(91)) - Pipeline Placement: can't place more pipeline on heavy datanode： 1dec72e7-0344-4894-a47b-48d961c58f71 Heaviness: 6 limit: 5
2019-09-26 09:21:16,487 [IPC Server handler 0 on 42392] INFO  pipeline.PipelinePlacementPolicy (PipelinePlacementPolicy.java:meetCriteria(91)) - Pipeline Placement: can't place more pipeline on heavy datanode： 1b34dbd2-a2d7-46bc-b57d-04f62019dff1 Heaviness: 6 limit: 5
2019-09-26 09:21:16,487 [IPC Server handler 0 on 42392] INFO  pipeline.PipelinePlacementPolicy (PipelinePlacementPolicy.java:meetCriteria(91)) - Pipeline Placement: can't place more pipeline on heavy datanode： 5979e283-d20e-4620-920d-03c0cf6ae99c Heaviness: 6 limit: 5
2019-09-26 09:21:16,487 [IPC Server handler 0 on 42392] ERROR pipeline.PipelinePlacementPolicy (PipelinePlacementPolicy.java:filterViableNodes(148)) - Unable to find enough nodes that meet the criteria that cannot engage in more than 5 pipelines. Nodes required: 3 Found: 0, healthy nodes count inNodeManager: 10.
2019-09-26 09:21:16,487 [IPC Server handler 0 on 42392] ERROR pipeline.SCMPipelineManager (SCMPipelineManager.java:createPipeline(167)) - Pipeline creation failed.
org.apache.hadoop.hdds.scm.exceptions.SCMException: Unable to find enough nodes that meet the criteria that cannot engage in more than 5 pipelines. Nodes required: 3 Found: 0, healthy nodes count inNodeManager: 10.
	at org.apache.hadoop.hdds.scm.pipeline.PipelinePlacementPolicy.filterViableNodes(PipelinePlacementPolicy.java:149)
	at org.apache.hadoop.hdds.scm.pipeline.PipelinePlacementPolicy.chooseDatanodes(PipelinePlacementPolicy.java:172)
	at org.apache.hadoop.hdds.scm.pipeline.RatisPipelineProvider.create(RatisPipelineProvider.java:93)
	at org.apache.hadoop.hdds.scm.pipeline.PipelineFactory.create(PipelineFactory.java:58)
	at org.apache.hadoop.hdds.scm.pipeline.SCMPipelineManager.createPipeline(SCMPipelineManager.java:155)
	at org.apache.hadoop.hdds.scm.block.BlockManagerImpl.allocateBlock(BlockManagerImpl.java:190)
	at org.apache.hadoop.hdds.scm.server.SCMBlockProtocolServer.allocateBlock(SCMBlockProtocolServer.java:182)
	at org.apache.hadoop.ozone.protocolPB.ScmBlockLocationProtocolServerSideTranslatorPB.allocateScmBlock(ScmBlockLocationProtocolServerSideTranslatorPB.java:183)
	at org.apache.hadoop.ozone.protocolPB.ScmBlockLocationProtocolServerSideTranslatorPB.processMessage(ScmBlockLocationProtocolServerSideTranslatorPB.java:141)
	at org.apache.hadoop.ozone.protocolPB.ScmBlockLocationProtocolServerSideTranslatorPB.send(ScmBlockLocationProtocolServerSideTranslatorPB.java:116)
	at org.apache.hadoop.hdds.protocol.proto.ScmBlockLocationProtocolProtos$ScmBlockLocationProtocolService$2.callBlockingMethod(ScmBlockLocationProtocolProtos.java:13157)
	at org.apache.hadoop.ipc.ProtobufRpcEngine$Server$ProtoBufRpcInvoker.call(ProtobufRpcEngine.java:524)
	at org.apache.hadoop.ipc.RPC$Server.call(RPC.java:1025)
	at org.apache.hadoop.ipc.Server$RpcCall.run(Server.java:876)
	at org.apache.hadoop.ipc.Server$RpcCall.run(Server.java:822)
	at java.security.AccessController.doPrivileged(Native Method)
	at javax.security.auth.Subject.doAs(Subject.java:422)
	at org.apache.hadoop.security.UserGroupInformation.doAs(UserGroupInformation.java:1730)
	at org.apache.hadoop.ipc.Server$Handler.run(Server.java:2682)
2019-09-26 09:21:16,488 [IPC Server handler 0 on 42392] WARN  block.BlockManagerImpl (BlockManagerImpl.java:allocateBlock(192)) - Pipeline creation failed for type:RATIS factor:THREE. Retrying get pipelines call once.
org.apache.hadoop.hdds.scm.exceptions.SCMException: Unable to find enough nodes that meet the criteria that cannot engage in more than 5 pipelines. Nodes required: 3 Found: 0, healthy nodes count inNodeManager: 10.
	at org.apache.hadoop.hdds.scm.pipeline.PipelinePlacementPolicy.filterViableNodes(PipelinePlacementPolicy.java:149)
	at org.apache.hadoop.hdds.scm.pipeline.PipelinePlacementPolicy.chooseDatanodes(PipelinePlacementPolicy.java:172)
	at org.apache.hadoop.hdds.scm.pipeline.RatisPipelineProvider.create(RatisPipelineProvider.java:93)
	at org.apache.hadoop.hdds.scm.pipeline.PipelineFactory.create(PipelineFactory.java:58)
	at org.apache.hadoop.hdds.scm.pipeline.SCMPipelineManager.createPipeline(SCMPipelineManager.java:155)
	at org.apache.hadoop.hdds.scm.block.BlockManagerImpl.allocateBlock(BlockManagerImpl.java:190)
	at org.apache.hadoop.hdds.scm.server.SCMBlockProtocolServer.allocateBlock(SCMBlockProtocolServer.java:182)
	at org.apache.hadoop.ozone.protocolPB.ScmBlockLocationProtocolServerSideTranslatorPB.allocateScmBlock(ScmBlockLocationProtocolServerSideTranslatorPB.java:183)
	at org.apache.hadoop.ozone.protocolPB.ScmBlockLocationProtocolServerSideTranslatorPB.processMessage(ScmBlockLocationProtocolServerSideTranslatorPB.java:141)
	at org.apache.hadoop.ozone.protocolPB.ScmBlockLocationProtocolServerSideTranslatorPB.send(ScmBlockLocationProtocolServerSideTranslatorPB.java:116)
	at org.apache.hadoop.hdds.protocol.proto.ScmBlockLocationProtocolProtos$ScmBlockLocationProtocolService$2.callBlockingMethod(ScmBlockLocationProtocolProtos.java:13157)
	at org.apache.hadoop.ipc.ProtobufRpcEngine$Server$ProtoBufRpcInvoker.call(ProtobufRpcEngine.java:524)
	at org.apache.hadoop.ipc.RPC$Server.call(RPC.java:1025)
	at org.apache.hadoop.ipc.Server$RpcCall.run(Server.java:876)
	at org.apache.hadoop.ipc.Server$RpcCall.run(Server.java:822)
	at java.security.AccessController.doPrivileged(Native Method)
	at javax.security.auth.Subject.doAs(Subject.java:422)
	at org.apache.hadoop.security.UserGroupInformation.doAs(UserGroupInformation.java:1730)
	at org.apache.hadoop.ipc.Server$Handler.run(Server.java:2682)
2019-09-26 09:21:16,489 [IPC Server handler 0 on 42392] INFO  block.BlockManagerImpl (BlockManagerImpl.java:allocateBlock(198)) - Could not find available pipeline of type:RATIS and factor:THREE even after retrying
2019-09-26 09:21:16,489 [IPC Server handler 0 on 42392] ERROR block.BlockManagerImpl (BlockManagerImpl.java:allocateBlock(222)) - Unable to allocate a block for the size: 4194304, type: RATIS, factor: THREE
]]></system-out>
    <system-err><![CDATA[ERROR StatusLogger No Log4j 2 configuration file found. Using default configuration (logging only errors to the console), or user programmatically provided configurations. Set system property 'log4j2.debug' to show Log4j 2 internal initialization logging. See https://logging.apache.org/log4j/2.x/manual/configuration.html for instructions on how to configure Log4j 2
]]></system-err>
  </testcase>
  <testcase name="testCloseContainerViaStandAlone" classname="org.apache.hadoop.ozone.container.common.statemachine.commandhandler.TestCloseContainerByPipeline" time="16.853"/>
  <testcase name="testQuasiCloseTransitionViaRatis" classname="org.apache.hadoop.ozone.container.common.statemachine.commandhandler.TestCloseContainerByPipeline" time="3.327"/>
  <testcase name="testIfCloseContainerCommandHandlerIsInvoked" classname="org.apache.hadoop.ozone.container.common.statemachine.commandhandler.TestCloseContainerByPipeline" time="2.302"/>
</testsuite>