<?xml version="1.0" encoding="UTF-8"?>
<testsuite xmlns:xsi="http://www.w3.org/2001/XMLSchema-instance" xsi:noNamespaceSchemaLocation="https://maven.apache.org/surefire/maven-surefire-plugin/xsd/surefire-test-report.xsd" name="org.apache.hadoop.ozone.client.rpc.TestBlockOutputStreamWithFailures" time="639.03" tests="8" errors="5" skipped="0" failures="0">
  <properties>
    <property name="awt.toolkit" value="sun.awt.X11.XToolkit"/>
    <property name="file.encoding.pkg" value="sun.io"/>
    <property name="java.specification.version" value="1.8"/>
    <property name="sun.cpu.isalist" value=""/>
    <property name="sun.jnu.encoding" value="UTF-8"/>
    <property name="java.class.path" value="/workdir/hadoop-ozone/integration-test/target/test-classes:/workdir/hadoop-ozone/integration-test/target/classes:/home/user/.m2/repository/org/apache/hadoop/hadoop-ozone-common/0.5.0-SNAPSHOT/hadoop-ozone-common-0.5.0-SNAPSHOT.jar:/home/user/.m2/repository/org/apache/commons/commons-compress/1.4.1/commons-compress-1.4.1.jar:/home/user/.m2/repository/org/tukaani/xz/1.0/xz-1.0.jar:/home/user/.m2/repository/org/apache/hadoop/hadoop-common/3.2.0/hadoop-common-3.2.0.jar:/home/user/.m2/repository/org/apache/hadoop/hadoop-hdfs/3.2.0/hadoop-hdfs-3.2.0.jar:/home/user/.m2/repository/org/apache/hadoop/hadoop-hdfs-client/3.2.0/hadoop-hdfs-client-3.2.0.jar:/home/user/.m2/repository/com/fasterxml/jackson/core/jackson-annotations/2.9.9/jackson-annotations-2.9.9.jar:/home/user/.m2/repository/org/apache/hadoop/hadoop-hdds-common/0.5.0-SNAPSHOT/hadoop-hdds-common-0.5.0-SNAPSHOT.jar:/home/user/.m2/repository/javax/annotation/javax.annotation-api/1.2/javax.annotation-api-1.2.jar:/home/user/.m2/repository/org/apache/ratis/ratis-server/0.4.0/ratis-server-0.4.0.jar:/home/user/.m2/repository/org/apache/ratis/ratis-thirdparty-misc/0.2.0/ratis-thirdparty-misc-0.2.0.jar:/home/user/.m2/repository/org/apache/ratis/ratis-proto/0.4.0/ratis-proto-0.4.0.jar:/home/user/.m2/repository/org/apache/ratis/ratis-common/0.4.0/ratis-common-0.4.0.jar:/home/user/.m2/repository/org/apache/ratis/ratis-client/0.4.0/ratis-client-0.4.0.jar:/home/user/.m2/repository/org/apache/ratis/ratis-metrics/0.4.0/ratis-metrics-0.4.0.jar:/home/user/.m2/repository/com/github/joshelser/dropwizard-metrics-hadoop-metrics2-reporter/0.1.2/dropwizard-metrics-hadoop-metrics2-reporter-0.1.2.jar:/home/user/.m2/repository/io/dropwizard/metrics/metrics-jvm/3.2.5/metrics-jvm-3.2.5.jar:/home/user/.m2/repository/io/dropwizard/metrics/metrics-ganglia/3.2.5/metrics-ganglia-3.2.5.jar:/home/user/.m2/repository/info/ganglia/gmetric4j/gmetric4j/1.0.7/gmetric4j-1.0.7.jar:/home/user/.m2/repository/org/apache/ratis/ratis-netty/0.4.0/ratis-netty-0.4.0.jar:/home/user/.m2/repository/org/apache/ratis/ratis-grpc/0.4.0/ratis-grpc-0.4.0.jar:/home/user/.m2/repository/org/rocksdb/rocksdbjni/6.0.1/rocksdbjni-6.0.1.jar:/home/user/.m2/repository/org/apache/logging/log4j/log4j-api/2.11.0/log4j-api-2.11.0.jar:/home/user/.m2/repository/org/apache/logging/log4j/log4j-core/2.11.0/log4j-core-2.11.0.jar:/home/user/.m2/repository/com/lmax/disruptor/3.4.2/disruptor-3.4.2.jar:/home/user/.m2/repository/org/apache/commons/commons-pool2/2.6.0/commons-pool2-2.6.0.jar:/home/user/.m2/repository/org/bouncycastle/bcpkix-jdk15on/1.60/bcpkix-jdk15on-1.60.jar:/home/user/.m2/repository/commons-validator/commons-validator/1.6/commons-validator-1.6.jar:/home/user/.m2/repository/commons-digester/commons-digester/1.8.1/commons-digester-1.8.1.jar:/home/user/.m2/repository/io/jaegertracing/jaeger-client/0.34.0/jaeger-client-0.34.0.jar:/home/user/.m2/repository/io/jaegertracing/jaeger-thrift/0.34.0/jaeger-thrift-0.34.0.jar:/home/user/.m2/repository/org/apache/thrift/libthrift/0.12.0/libthrift-0.12.0.jar:/home/user/.m2/repository/com/squareup/okhttp3/okhttp/3.9.0/okhttp-3.9.0.jar:/home/user/.m2/repository/com/squareup/okio/okio/1.13.0/okio-1.13.0.jar:/home/user/.m2/repository/io/jaegertracing/jaeger-core/0.34.0/jaeger-core-0.34.0.jar:/home/user/.m2/repository/io/jaegertracing/jaeger-tracerresolver/0.34.0/jaeger-tracerresolver-0.34.0.jar:/home/user/.m2/repository/io/opentracing/contrib/opentracing-tracerresolver/0.1.5/opentracing-tracerresolver-0.1.5.jar:/home/user/.m2/repository/io/opentracing/opentracing-util/0.31.0/opentracing-util-0.31.0.jar:/home/user/.m2/repository/io/opentracing/opentracing-api/0.31.0/opentracing-api-0.31.0.jar:/home/user/.m2/repository/io/opentracing/opentracing-noop/0.31.0/opentracing-noop-0.31.0.jar:/home/user/.m2/repository/org/apache/hadoop/hadoop-hdds-server-framework/0.5.0-SNAPSHOT/hadoop-hdds-server-framework-0.5.0-SNAPSHOT.jar:/home/user/.m2/repository/org/apache/hadoop/hadoop-hdds-container-service/0.5.0-SNAPSHOT/hadoop-hdds-container-service-0.5.0-SNAPSHOT.jar:/home/user/.m2/repository/org/apache/hadoop/hadoop-hdds-client/0.5.0-SNAPSHOT/hadoop-hdds-client-0.5.0-SNAPSHOT.jar:/home/user/.m2/repository/org/apache/hadoop/hadoop-hdds-tools/0.5.0-SNAPSHOT/hadoop-hdds-tools-0.5.0-SNAPSHOT.jar:/home/user/.m2/repository/org/apache/hadoop/hadoop-hdds-server-scm/0.5.0-SNAPSHOT/hadoop-hdds-server-scm-0.5.0-SNAPSHOT.jar:/home/user/.m2/repository/org/apache/hadoop/hadoop-hdds-docs/0.5.0-SNAPSHOT/hadoop-hdds-docs-0.5.0-SNAPSHOT.jar:/home/user/.m2/repository/io/dropwizard/metrics/metrics-core/3.2.4/metrics-core-3.2.4.jar:/home/user/.m2/repository/org/hamcrest/hamcrest-all/1.3/hamcrest-all-1.3.jar:/home/user/.m2/repository/org/bouncycastle/bcprov-jdk15on/1.60/bcprov-jdk15on-1.60.jar:/home/user/.m2/repository/info/picocli/picocli/3.9.6/picocli-3.9.6.jar:/home/user/.m2/repository/com/google/protobuf/protobuf-java/2.5.0/protobuf-java-2.5.0.jar:/home/user/.m2/repository/com/google/guava/guava/11.0.2/guava-11.0.2.jar:/home/user/.m2/repository/org/apache/hadoop/hadoop-ozone-ozone-manager/0.5.0-SNAPSHOT/hadoop-ozone-ozone-manager-0.5.0-SNAPSHOT.jar:/home/user/.m2/repository/org/apache/hadoop/hadoop-minikdc/3.2.0/hadoop-minikdc-3.2.0.jar:/home/user/.m2/repository/commons-io/commons-io/2.5/commons-io-2.5.jar:/home/user/.m2/repository/org/apache/kerby/kerb-simplekdc/1.0.1/kerb-simplekdc-1.0.1.jar:/home/user/.m2/repository/org/apache/kerby/kerb-client/1.0.1/kerb-client-1.0.1.jar:/home/user/.m2/repository/org/apache/kerby/kerby-config/1.0.1/kerby-config-1.0.1.jar:/home/user/.m2/repository/org/apache/kerby/kerb-core/1.0.1/kerb-core-1.0.1.jar:/home/user/.m2/repository/org/apache/kerby/kerby-pkix/1.0.1/kerby-pkix-1.0.1.jar:/home/user/.m2/repository/org/apache/kerby/kerby-asn1/1.0.1/kerby-asn1-1.0.1.jar:/home/user/.m2/repository/org/apache/kerby/kerby-util/1.0.1/kerby-util-1.0.1.jar:/home/user/.m2/repository/org/apache/kerby/kerb-common/1.0.1/kerb-common-1.0.1.jar:/home/user/.m2/repository/org/apache/kerby/kerb-crypto/1.0.1/kerb-crypto-1.0.1.jar:/home/user/.m2/repository/org/apache/kerby/kerb-util/1.0.1/kerb-util-1.0.1.jar:/home/user/.m2/repository/org/apache/kerby/token-provider/1.0.1/token-provider-1.0.1.jar:/home/user/.m2/repository/org/apache/kerby/kerb-admin/1.0.1/kerb-admin-1.0.1.jar:/home/user/.m2/repository/org/apache/kerby/kerb-server/1.0.1/kerb-server-1.0.1.jar:/home/user/.m2/repository/org/apache/kerby/kerb-identity/1.0.1/kerb-identity-1.0.1.jar:/home/user/.m2/repository/org/apache/kerby/kerby-xdr/1.0.1/kerby-xdr-1.0.1.jar:/home/user/.m2/repository/org/slf4j/slf4j-log4j12/1.7.25/slf4j-log4j12-1.7.25.jar:/home/user/.m2/repository/org/apache/hadoop/hadoop-ozone-s3gateway/0.5.0-SNAPSHOT/hadoop-ozone-s3gateway-0.5.0-SNAPSHOT.jar:/home/user/.m2/repository/org/jboss/weld/servlet/weld-servlet/2.4.7.Final/weld-servlet-2.4.7.Final.jar:/home/user/.m2/repository/org/glassfish/jersey/containers/jersey-container-servlet-core/2.27/jersey-container-servlet-core-2.27.jar:/home/user/.m2/repository/org/glassfish/hk2/external/javax.inject/2.5.0-b42/javax.inject-2.5.0-b42.jar:/home/user/.m2/repository/org/glassfish/jersey/core/jersey-common/2.27/jersey-common-2.27.jar:/home/user/.m2/repository/org/glassfish/hk2/osgi-resource-locator/1.0.1/osgi-resource-locator-1.0.1.jar:/home/user/.m2/repository/javax/ws/rs/javax.ws.rs-api/2.1/javax.ws.rs-api-2.1.jar:/home/user/.m2/repository/org/glassfish/jersey/ext/cdi/jersey-cdi1x/2.27/jersey-cdi1x-2.27.jar:/home/user/.m2/repository/org/glassfish/jersey/inject/jersey-hk2/2.27/jersey-hk2-2.27.jar:/home/user/.m2/repository/org/glassfish/hk2/hk2-locator/2.5.0-b42/hk2-locator-2.5.0-b42.jar:/home/user/.m2/repository/org/javassist/javassist/3.22.0-CR2/javassist-3.22.0-CR2.jar:/home/user/.m2/repository/org/glassfish/hk2/hk2-api/2.5.0/hk2-api-2.5.0.jar:/home/user/.m2/repository/org/glassfish/hk2/external/jakarta.inject/2.5.0/jakarta.inject-2.5.0.jar:/home/user/.m2/repository/org/glassfish/hk2/hk2-utils/2.5.0/hk2-utils-2.5.0.jar:/home/user/.m2/repository/jakarta/annotation/jakarta.annotation-api/1.3.4/jakarta.annotation-api-1.3.4.jar:/home/user/.m2/repository/org/glassfish/hk2/external/aopalliance-repackaged/2.5.0/aopalliance-repackaged-2.5.0.jar:/home/user/.m2/repository/com/fasterxml/jackson/dataformat/jackson-dataformat-xml/2.9.0/jackson-dataformat-xml-2.9.0.jar:/home/user/.m2/repository/com/fasterxml/jackson/core/jackson-core/2.9.9/jackson-core-2.9.9.jar:/home/user/.m2/repository/com/fasterxml/jackson/module/jackson-module-jaxb-annotations/2.9.9/jackson-module-jaxb-annotations-2.9.9.jar:/home/user/.m2/repository/javax/enterprise/cdi-api/1.2/cdi-api-1.2.jar:/home/user/.m2/repository/javax/el/javax.el-api/3.0.0/javax.el-api-3.0.0.jar:/home/user/.m2/repository/javax/interceptor/javax.interceptor-api/1.2/javax.interceptor-api-1.2.jar:/home/user/.m2/repository/javax/inject/javax.inject/1/javax.inject-1.jar:/home/user/.m2/repository/com/sun/xml/bind/jaxb-impl/2.3.0.1/jaxb-impl-2.3.0.1.jar:/home/user/.m2/repository/com/sun/xml/bind/jaxb-core/2.3.0.1/jaxb-core-2.3.0.1.jar:/home/user/.m2/repository/javax/xml/bind/jaxb-api/2.3.0/jaxb-api-2.3.0.jar:/home/user/.m2/repository/javax/activation/activation/1.1.1/activation-1.1.1.jar:/home/user/.m2/repository/org/apache/hadoop/hadoop-ozone-csi/0.5.0-SNAPSHOT/hadoop-ozone-csi-0.5.0-SNAPSHOT.jar:/home/user/.m2/repository/com/google/protobuf/protobuf-java-util/3.5.1/protobuf-java-util-3.5.1.jar:/home/user/.m2/repository/org/apache/hadoop/hadoop-hdds-config/0.5.0-SNAPSHOT/hadoop-hdds-config-0.5.0-SNAPSHOT.jar:/home/user/.m2/repository/io/grpc/grpc-netty/1.17.1/grpc-netty-1.17.1.jar:/home/user/.m2/repository/io/grpc/grpc-core/1.17.1/grpc-core-1.17.1.jar:/home/user/.m2/repository/io/grpc/grpc-context/1.17.1/grpc-context-1.17.1.jar:/home/user/.m2/repository/com/google/errorprone/error_prone_annotations/2.2.0/error_prone_annotations-2.2.0.jar:/home/user/.m2/repository/org/codehaus/mojo/animal-sniffer-annotations/1.17/animal-sniffer-annotations-1.17.jar:/home/user/.m2/repository/io/opencensus/opencensus-api/0.17.0/opencensus-api-0.17.0.jar:/home/user/.m2/repository/io/opencensus/opencensus-contrib-grpc-metrics/0.17.0/opencensus-contrib-grpc-metrics-0.17.0.jar:/home/user/.m2/repository/io/netty/netty-codec-http2/4.1.30.Final/netty-codec-http2-4.1.30.Final.jar:/home/user/.m2/repository/io/netty/netty-codec-http/4.1.30.Final/netty-codec-http-4.1.30.Final.jar:/home/user/.m2/repository/io/netty/netty-codec/4.1.30.Final/netty-codec-4.1.30.Final.jar:/home/user/.m2/repository/io/netty/netty-handler/4.1.30.Final/netty-handler-4.1.30.Final.jar:/home/user/.m2/repository/io/netty/netty-handler-proxy/4.1.30.Final/netty-handler-proxy-4.1.30.Final.jar:/home/user/.m2/repository/io/netty/netty-codec-socks/4.1.30.Final/netty-codec-socks-4.1.30.Final.jar:/home/user/.m2/repository/io/netty/netty-transport-native-epoll/4.1.30.Final/netty-transport-native-epoll-4.1.30.Final.jar:/home/user/.m2/repository/io/netty/netty-common/4.1.30.Final/netty-common-4.1.30.Final.jar:/home/user/.m2/repository/io/netty/netty-buffer/4.1.30.Final/netty-buffer-4.1.30.Final.jar:/home/user/.m2/repository/io/netty/netty-transport/4.1.30.Final/netty-transport-4.1.30.Final.jar:/home/user/.m2/repository/io/netty/netty-resolver/4.1.30.Final/netty-resolver-4.1.30.Final.jar:/home/user/.m2/repository/io/netty/netty-transport-native-unix-common/4.1.30.Final/netty-transport-native-unix-common-4.1.30.Final.jar:/home/user/.m2/repository/io/grpc/grpc-protobuf/1.17.1/grpc-protobuf-1.17.1.jar:/home/user/.m2/repository/com/google/api/grpc/proto-google-common-protos/1.0.0/proto-google-common-protos-1.0.0.jar:/home/user/.m2/repository/io/grpc/grpc-protobuf-lite/1.17.1/grpc-protobuf-lite-1.17.1.jar:/home/user/.m2/repository/io/grpc/grpc-stub/1.17.1/grpc-stub-1.17.1.jar:/home/user/.m2/repository/org/apache/hadoop/hadoop-ozone-recon/0.5.0-SNAPSHOT/hadoop-ozone-recon-0.5.0-SNAPSHOT.jar:/home/user/.m2/repository/org/apache/hadoop/hadoop-ozone-reconcodegen/0.5.0-SNAPSHOT/hadoop-ozone-reconcodegen-0.5.0-SNAPSHOT.jar:/home/user/.m2/repository/com/google/inject/extensions/guice-multibindings/4.0/guice-multibindings-4.0.jar:/home/user/.m2/repository/com/google/inject/guice/4.0/guice-4.0.jar:/home/user/.m2/repository/aopalliance/aopalliance/1.0/aopalliance-1.0.jar:/home/user/.m2/repository/com/google/inject/extensions/guice-servlet/4.0/guice-servlet-4.0.jar:/home/user/.m2/repository/org/glassfish/jersey/containers/jersey-container-servlet/2.27/jersey-container-servlet-2.27.jar:/home/user/.m2/repository/org/glassfish/hk2/guice-bridge/2.5.0/guice-bridge-2.5.0.jar:/home/user/.m2/repository/org/glassfish/jersey/core/jersey-server/2.27/jersey-server-2.27.jar:/home/user/.m2/repository/org/glassfish/jersey/core/jersey-client/2.27/jersey-client-2.27.jar:/home/user/.m2/repository/org/glassfish/jersey/media/jersey-media-jaxb/2.27/jersey-media-jaxb-2.27.jar:/home/user/.m2/repository/javax/validation/validation-api/1.1.0.Final/validation-api-1.1.0.Final.jar:/home/user/.m2/repository/org/glassfish/jersey/media/jersey-media-json-jackson/2.27/jersey-media-json-jackson-2.27.jar:/home/user/.m2/repository/org/glassfish/jersey/ext/jersey-entity-filtering/2.27/jersey-entity-filtering-2.27.jar:/home/user/.m2/repository/com/google/inject/extensions/guice-assistedinject/4.0/guice-assistedinject-4.0.jar:/home/user/.m2/repository/org/jooq/jooq/3.11.10/jooq-3.11.10.jar:/home/user/.m2/repository/org/jooq/jooq-meta/3.11.10/jooq-meta-3.11.10.jar:/home/user/.m2/repository/org/jooq/jooq-codegen/3.11.10/jooq-codegen-3.11.10.jar:/home/user/.m2/repository/com/jolbox/bonecp/0.8.0.RELEASE/bonecp-0.8.0.RELEASE.jar:/home/user/.m2/repository/org/xerial/sqlite-jdbc/3.25.2/sqlite-jdbc-3.25.2.jar:/home/user/.m2/repository/org/springframework/spring-jdbc/5.1.3.RELEASE/spring-jdbc-5.1.3.RELEASE.jar:/home/user/.m2/repository/org/springframework/spring-beans/5.1.3.RELEASE/spring-beans-5.1.3.RELEASE.jar:/home/user/.m2/repository/org/springframework/spring-core/5.1.3.RELEASE/spring-core-5.1.3.RELEASE.jar:/home/user/.m2/repository/org/springframework/spring-jcl/5.1.3.RELEASE/spring-jcl-5.1.3.RELEASE.jar:/home/user/.m2/repository/org/springframework/spring-tx/5.1.3.RELEASE/spring-tx-5.1.3.RELEASE.jar:/home/user/.m2/repository/org/apache/hadoop/hadoop-ozone-client/0.5.0-SNAPSHOT/hadoop-ozone-client-0.5.0-SNAPSHOT.jar:/home/user/.m2/repository/commons-lang/commons-lang/2.6/commons-lang-2.6.jar:/home/user/.m2/repository/org/apache/hadoop/hadoop-ozone-ozone-manager/0.5.0-SNAPSHOT/hadoop-ozone-ozone-manager-0.5.0-SNAPSHOT-tests.jar:/home/user/.m2/repository/junit/junit/4.11/junit-4.11.jar:/home/user/.m2/repository/org/hamcrest/hamcrest-core/1.3/hamcrest-core-1.3.jar:/home/user/.m2/repository/org/openjdk/jmh/jmh-core/1.19/jmh-core-1.19.jar:/home/user/.m2/repository/net/sf/jopt-simple/jopt-simple/4.6/jopt-simple-4.6.jar:/home/user/.m2/repository/org/apache/commons/commons-math3/3.1.1/commons-math3-3.1.1.jar:/home/user/.m2/repository/org/openjdk/jmh/jmh-generator-annprocess/1.19/jmh-generator-annprocess-1.19.jar:/home/user/.m2/repository/org/mockito/mockito-all/1.8.5/mockito-all-1.8.5.jar:/home/user/.m2/repository/org/apache/hadoop/hadoop-kms/3.2.0/hadoop-kms-3.2.0.jar:/home/user/.m2/repository/org/apache/hadoop/hadoop-auth/3.2.0/hadoop-auth-3.2.0.jar:/home/user/.m2/repository/com/nimbusds/nimbus-jose-jwt/4.41.1/nimbus-jose-jwt-4.41.1.jar:/home/user/.m2/repository/com/github/stephenc/jcip/jcip-annotations/1.0-1/jcip-annotations-1.0-1.jar:/home/user/.m2/repository/net/minidev/json-smart/2.3/json-smart-2.3.jar:/home/user/.m2/repository/net/minidev/accessors-smart/1.2/accessors-smart-1.2.jar:/home/user/.m2/repository/org/ow2/asm/asm/5.0.4/asm-5.0.4.jar:/home/user/.m2/repository/org/apache/curator/curator-framework/2.12.0/curator-framework-2.12.0.jar:/home/user/.m2/repository/com/sun/jersey/jersey-core/1.19/jersey-core-1.19.jar:/home/user/.m2/repository/javax/ws/rs/jsr311-api/1.1.1/jsr311-api-1.1.1.jar:/home/user/.m2/repository/com/sun/jersey/jersey-server/1.19/jersey-server-1.19.jar:/home/user/.m2/repository/javax/servlet/javax.servlet-api/3.1.0/javax.servlet-api-3.1.0.jar:/home/user/.m2/repository/org/eclipse/jetty/jetty-server/9.3.25.v20180904/jetty-server-9.3.25.v20180904.jar:/home/user/.m2/repository/org/eclipse/jetty/jetty-http/9.3.25.v20180904/jetty-http-9.3.25.v20180904.jar:/home/user/.m2/repository/org/eclipse/jetty/jetty-io/9.3.25.v20180904/jetty-io-9.3.25.v20180904.jar:/home/user/.m2/repository/org/eclipse/jetty/jetty-webapp/9.3.25.v20180904/jetty-webapp-9.3.25.v20180904.jar:/home/user/.m2/repository/org/eclipse/jetty/jetty-xml/9.3.25.v20180904/jetty-xml-9.3.25.v20180904.jar:/home/user/.m2/repository/log4j/log4j/1.2.17/log4j-1.2.17.jar:/home/user/.m2/repository/org/slf4j/slf4j-api/1.7.25/slf4j-api-1.7.25.jar:/home/user/.m2/repository/org/slf4j/jul-to-slf4j/1.7.25/jul-to-slf4j-1.7.25.jar:/home/user/.m2/repository/org/eclipse/jetty/jetty-util/9.3.25.v20180904/jetty-util-9.3.25.v20180904.jar:/home/user/.m2/repository/com/fasterxml/jackson/core/jackson-databind/2.9.9/jackson-databind-2.9.9.jar:/home/user/.m2/repository/org/apache/hadoop/hadoop-kms/3.2.0/hadoop-kms-3.2.0-tests.jar:/home/user/.m2/repository/org/apache/hadoop/hadoop-hdds-server-scm/0.5.0-SNAPSHOT/hadoop-hdds-server-scm-0.5.0-SNAPSHOT-tests.jar:/home/user/.m2/repository/org/apache/hadoop/hadoop-hdds-container-service/0.5.0-SNAPSHOT/hadoop-hdds-container-service-0.5.0-SNAPSHOT-tests.jar:/home/user/.m2/repository/org/yaml/snakeyaml/1.16/snakeyaml-1.16.jar:/home/user/.m2/repository/org/apache/hadoop/hadoop-common/3.2.0/hadoop-common-3.2.0-tests.jar:/home/user/.m2/repository/org/apache/hadoop/hadoop-annotations/3.2.0/hadoop-annotations-3.2.0.jar:/usr/lib/jvm/java-1.8-openjdk/jre/../lib/tools.jar:/home/user/.m2/repository/commons-cli/commons-cli/1.2/commons-cli-1.2.jar:/home/user/.m2/repository/org/apache/httpcomponents/httpclient/4.5.2/httpclient-4.5.2.jar:/home/user/.m2/repository/org/apache/httpcomponents/httpcore/4.4.4/httpcore-4.4.4.jar:/home/user/.m2/repository/commons-codec/commons-codec/1.11/commons-codec-1.11.jar:/home/user/.m2/repository/commons-net/commons-net/3.6/commons-net-3.6.jar:/home/user/.m2/repository/commons-collections/commons-collections/3.2.2/commons-collections-3.2.2.jar:/home/user/.m2/repository/org/eclipse/jetty/jetty-servlet/9.3.25.v20180904/jetty-servlet-9.3.25.v20180904.jar:/home/user/.m2/repository/org/eclipse/jetty/jetty-security/9.3.25.v20180904/jetty-security-9.3.25.v20180904.jar:/home/user/.m2/repository/javax/servlet/jsp/jsp-api/2.1/jsp-api-2.1.jar:/home/user/.m2/repository/com/sun/jersey/jersey-servlet/1.19/jersey-servlet-1.19.jar:/home/user/.m2/repository/com/sun/jersey/jersey-json/1.19/jersey-json-1.19.jar:/home/user/.m2/repository/org/codehaus/jettison/jettison/1.1/jettison-1.1.jar:/home/user/.m2/repository/org/codehaus/jackson/jackson-core-asl/1.9.13/jackson-core-asl-1.9.13.jar:/home/user/.m2/repository/org/codehaus/jackson/jackson-mapper-asl/1.9.13/jackson-mapper-asl-1.9.13.jar:/home/user/.m2/repository/org/codehaus/jackson/jackson-jaxrs/1.9.13/jackson-jaxrs-1.9.13.jar:/home/user/.m2/repository/org/codehaus/jackson/jackson-xc/1.9.13/jackson-xc-1.9.13.jar:/home/user/.m2/repository/commons-logging/commons-logging/1.1.3/commons-logging-1.1.3.jar:/home/user/.m2/repository/commons-beanutils/commons-beanutils/1.9.4/commons-beanutils-1.9.4.jar:/home/user/.m2/repository/org/apache/commons/commons-configuration2/2.1.1/commons-configuration2-2.1.1.jar:/home/user/.m2/repository/org/apache/commons/commons-lang3/3.7/commons-lang3-3.7.jar:/home/user/.m2/repository/org/apache/commons/commons-text/1.4/commons-text-1.4.jar:/home/user/.m2/repository/org/apache/avro/avro/1.7.7/avro-1.7.7.jar:/home/user/.m2/repository/com/thoughtworks/paranamer/paranamer/2.3/paranamer-2.3.jar:/home/user/.m2/repository/org/xerial/snappy/snappy-java/1.0.5/snappy-java-1.0.5.jar:/home/user/.m2/repository/com/google/re2j/re2j/1.1/re2j-1.1.jar:/home/user/.m2/repository/com/google/code/gson/gson/2.2.4/gson-2.2.4.jar:/home/user/.m2/repository/com/jcraft/jsch/0.1.54/jsch-0.1.54.jar:/home/user/.m2/repository/org/apache/curator/curator-client/2.12.0/curator-client-2.12.0.jar:/home/user/.m2/repository/org/apache/curator/curator-recipes/2.12.0/curator-recipes-2.12.0.jar:/home/user/.m2/repository/com/google/code/findbugs/jsr305/3.0.0/jsr305-3.0.0.jar:/home/user/.m2/repository/org/apache/htrace/htrace-core4/4.1.0-incubating/htrace-core4-4.1.0-incubating.jar:/home/user/.m2/repository/org/apache/zookeeper/zookeeper/3.4.13/zookeeper-3.4.13.jar:/home/user/.m2/repository/jline/jline/0.9.94/jline-0.9.94.jar:/home/user/.m2/repository/org/apache/yetus/audience-annotations/0.5.0/audience-annotations-0.5.0.jar:/home/user/.m2/repository/org/codehaus/woodstox/stax2-api/3.1.4/stax2-api-3.1.4.jar:/home/user/.m2/repository/com/fasterxml/woodstox/woodstox-core/5.0.3/woodstox-core-5.0.3.jar:/home/user/.m2/repository/dnsjava/dnsjava/2.1.7/dnsjava-2.1.7.jar:/home/user/.m2/repository/org/apache/hadoop/hadoop-hdfs/3.2.0/hadoop-hdfs-3.2.0-tests.jar:/home/user/.m2/repository/org/eclipse/jetty/jetty-util-ajax/9.3.25.v20180904/jetty-util-ajax-9.3.25.v20180904.jar:/home/user/.m2/repository/commons-daemon/commons-daemon/1.0.13/commons-daemon-1.0.13.jar:/home/user/.m2/repository/io/netty/netty/3.10.5.Final/netty-3.10.5.Final.jar:/home/user/.m2/repository/io/netty/netty-all/4.0.52.Final/netty-all-4.0.52.Final.jar:/home/user/.m2/repository/org/fusesource/leveldbjni/leveldbjni-all/1.8/leveldbjni-all-1.8.jar:"/>
    <property name="java.vm.vendor" value="IcedTea"/>
    <property name="sun.arch.data.model" value="64"/>
    <property name="test.build.dir" value="/workdir/hadoop-ozone/integration-test/target/test-dir"/>
    <property name="test.cache.data" value=""/>
    <property name="java.vendor.url" value="https://icedtea.classpath.org"/>
    <property name="user.timezone" value=""/>
    <property name="java.vm.specification.version" value="1.8"/>
    <property name="os.name" value="Linux"/>
    <property name="test.build.data" value="/workdir/hadoop-ozone/integration-test/target/test-dir"/>
    <property name="user.country" value="US"/>
    <property name="sun.java.launcher" value="SUN_STANDARD"/>
    <property name="sun.boot.library.path" value="/usr/lib/jvm/java-1.8-openjdk/jre/lib/amd64"/>
    <property name="sun.java.command" value="/workdir/hadoop-ozone/integration-test/target/surefire/surefirebooter6488751441231579538.jar /workdir/hadoop-ozone/integration-test/target/surefire 2019-09-26T09-15-41_457-jvmRun1 surefire6021291217463585550tmp surefire_55792025276407856850tmp"/>
    <property name="test" value="!TestMiniChaosOzoneCluster"/>
    <property name="surefire.test.class.path" value="/workdir/hadoop-ozone/integration-test/target/test-classes:/workdir/hadoop-ozone/integration-test/target/classes:/home/user/.m2/repository/org/apache/hadoop/hadoop-ozone-common/0.5.0-SNAPSHOT/hadoop-ozone-common-0.5.0-SNAPSHOT.jar:/home/user/.m2/repository/org/apache/commons/commons-compress/1.4.1/commons-compress-1.4.1.jar:/home/user/.m2/repository/org/tukaani/xz/1.0/xz-1.0.jar:/home/user/.m2/repository/org/apache/hadoop/hadoop-common/3.2.0/hadoop-common-3.2.0.jar:/home/user/.m2/repository/org/apache/hadoop/hadoop-hdfs/3.2.0/hadoop-hdfs-3.2.0.jar:/home/user/.m2/repository/org/apache/hadoop/hadoop-hdfs-client/3.2.0/hadoop-hdfs-client-3.2.0.jar:/home/user/.m2/repository/com/fasterxml/jackson/core/jackson-annotations/2.9.9/jackson-annotations-2.9.9.jar:/home/user/.m2/repository/org/apache/hadoop/hadoop-hdds-common/0.5.0-SNAPSHOT/hadoop-hdds-common-0.5.0-SNAPSHOT.jar:/home/user/.m2/repository/javax/annotation/javax.annotation-api/1.2/javax.annotation-api-1.2.jar:/home/user/.m2/repository/org/apache/ratis/ratis-server/0.4.0/ratis-server-0.4.0.jar:/home/user/.m2/repository/org/apache/ratis/ratis-thirdparty-misc/0.2.0/ratis-thirdparty-misc-0.2.0.jar:/home/user/.m2/repository/org/apache/ratis/ratis-proto/0.4.0/ratis-proto-0.4.0.jar:/home/user/.m2/repository/org/apache/ratis/ratis-common/0.4.0/ratis-common-0.4.0.jar:/home/user/.m2/repository/org/apache/ratis/ratis-client/0.4.0/ratis-client-0.4.0.jar:/home/user/.m2/repository/org/apache/ratis/ratis-metrics/0.4.0/ratis-metrics-0.4.0.jar:/home/user/.m2/repository/com/github/joshelser/dropwizard-metrics-hadoop-metrics2-reporter/0.1.2/dropwizard-metrics-hadoop-metrics2-reporter-0.1.2.jar:/home/user/.m2/repository/io/dropwizard/metrics/metrics-jvm/3.2.5/metrics-jvm-3.2.5.jar:/home/user/.m2/repository/io/dropwizard/metrics/metrics-ganglia/3.2.5/metrics-ganglia-3.2.5.jar:/home/user/.m2/repository/info/ganglia/gmetric4j/gmetric4j/1.0.7/gmetric4j-1.0.7.jar:/home/user/.m2/repository/org/apache/ratis/ratis-netty/0.4.0/ratis-netty-0.4.0.jar:/home/user/.m2/repository/org/apache/ratis/ratis-grpc/0.4.0/ratis-grpc-0.4.0.jar:/home/user/.m2/repository/org/rocksdb/rocksdbjni/6.0.1/rocksdbjni-6.0.1.jar:/home/user/.m2/repository/org/apache/logging/log4j/log4j-api/2.11.0/log4j-api-2.11.0.jar:/home/user/.m2/repository/org/apache/logging/log4j/log4j-core/2.11.0/log4j-core-2.11.0.jar:/home/user/.m2/repository/com/lmax/disruptor/3.4.2/disruptor-3.4.2.jar:/home/user/.m2/repository/org/apache/commons/commons-pool2/2.6.0/commons-pool2-2.6.0.jar:/home/user/.m2/repository/org/bouncycastle/bcpkix-jdk15on/1.60/bcpkix-jdk15on-1.60.jar:/home/user/.m2/repository/commons-validator/commons-validator/1.6/commons-validator-1.6.jar:/home/user/.m2/repository/commons-digester/commons-digester/1.8.1/commons-digester-1.8.1.jar:/home/user/.m2/repository/io/jaegertracing/jaeger-client/0.34.0/jaeger-client-0.34.0.jar:/home/user/.m2/repository/io/jaegertracing/jaeger-thrift/0.34.0/jaeger-thrift-0.34.0.jar:/home/user/.m2/repository/org/apache/thrift/libthrift/0.12.0/libthrift-0.12.0.jar:/home/user/.m2/repository/com/squareup/okhttp3/okhttp/3.9.0/okhttp-3.9.0.jar:/home/user/.m2/repository/com/squareup/okio/okio/1.13.0/okio-1.13.0.jar:/home/user/.m2/repository/io/jaegertracing/jaeger-core/0.34.0/jaeger-core-0.34.0.jar:/home/user/.m2/repository/io/jaegertracing/jaeger-tracerresolver/0.34.0/jaeger-tracerresolver-0.34.0.jar:/home/user/.m2/repository/io/opentracing/contrib/opentracing-tracerresolver/0.1.5/opentracing-tracerresolver-0.1.5.jar:/home/user/.m2/repository/io/opentracing/opentracing-util/0.31.0/opentracing-util-0.31.0.jar:/home/user/.m2/repository/io/opentracing/opentracing-api/0.31.0/opentracing-api-0.31.0.jar:/home/user/.m2/repository/io/opentracing/opentracing-noop/0.31.0/opentracing-noop-0.31.0.jar:/home/user/.m2/repository/org/apache/hadoop/hadoop-hdds-server-framework/0.5.0-SNAPSHOT/hadoop-hdds-server-framework-0.5.0-SNAPSHOT.jar:/home/user/.m2/repository/org/apache/hadoop/hadoop-hdds-container-service/0.5.0-SNAPSHOT/hadoop-hdds-container-service-0.5.0-SNAPSHOT.jar:/home/user/.m2/repository/org/apache/hadoop/hadoop-hdds-client/0.5.0-SNAPSHOT/hadoop-hdds-client-0.5.0-SNAPSHOT.jar:/home/user/.m2/repository/org/apache/hadoop/hadoop-hdds-tools/0.5.0-SNAPSHOT/hadoop-hdds-tools-0.5.0-SNAPSHOT.jar:/home/user/.m2/repository/org/apache/hadoop/hadoop-hdds-server-scm/0.5.0-SNAPSHOT/hadoop-hdds-server-scm-0.5.0-SNAPSHOT.jar:/home/user/.m2/repository/org/apache/hadoop/hadoop-hdds-docs/0.5.0-SNAPSHOT/hadoop-hdds-docs-0.5.0-SNAPSHOT.jar:/home/user/.m2/repository/io/dropwizard/metrics/metrics-core/3.2.4/metrics-core-3.2.4.jar:/home/user/.m2/repository/org/hamcrest/hamcrest-all/1.3/hamcrest-all-1.3.jar:/home/user/.m2/repository/org/bouncycastle/bcprov-jdk15on/1.60/bcprov-jdk15on-1.60.jar:/home/user/.m2/repository/info/picocli/picocli/3.9.6/picocli-3.9.6.jar:/home/user/.m2/repository/com/google/protobuf/protobuf-java/2.5.0/protobuf-java-2.5.0.jar:/home/user/.m2/repository/com/google/guava/guava/11.0.2/guava-11.0.2.jar:/home/user/.m2/repository/org/apache/hadoop/hadoop-ozone-ozone-manager/0.5.0-SNAPSHOT/hadoop-ozone-ozone-manager-0.5.0-SNAPSHOT.jar:/home/user/.m2/repository/org/apache/hadoop/hadoop-minikdc/3.2.0/hadoop-minikdc-3.2.0.jar:/home/user/.m2/repository/commons-io/commons-io/2.5/commons-io-2.5.jar:/home/user/.m2/repository/org/apache/kerby/kerb-simplekdc/1.0.1/kerb-simplekdc-1.0.1.jar:/home/user/.m2/repository/org/apache/kerby/kerb-client/1.0.1/kerb-client-1.0.1.jar:/home/user/.m2/repository/org/apache/kerby/kerby-config/1.0.1/kerby-config-1.0.1.jar:/home/user/.m2/repository/org/apache/kerby/kerb-core/1.0.1/kerb-core-1.0.1.jar:/home/user/.m2/repository/org/apache/kerby/kerby-pkix/1.0.1/kerby-pkix-1.0.1.jar:/home/user/.m2/repository/org/apache/kerby/kerby-asn1/1.0.1/kerby-asn1-1.0.1.jar:/home/user/.m2/repository/org/apache/kerby/kerby-util/1.0.1/kerby-util-1.0.1.jar:/home/user/.m2/repository/org/apache/kerby/kerb-common/1.0.1/kerb-common-1.0.1.jar:/home/user/.m2/repository/org/apache/kerby/kerb-crypto/1.0.1/kerb-crypto-1.0.1.jar:/home/user/.m2/repository/org/apache/kerby/kerb-util/1.0.1/kerb-util-1.0.1.jar:/home/user/.m2/repository/org/apache/kerby/token-provider/1.0.1/token-provider-1.0.1.jar:/home/user/.m2/repository/org/apache/kerby/kerb-admin/1.0.1/kerb-admin-1.0.1.jar:/home/user/.m2/repository/org/apache/kerby/kerb-server/1.0.1/kerb-server-1.0.1.jar:/home/user/.m2/repository/org/apache/kerby/kerb-identity/1.0.1/kerb-identity-1.0.1.jar:/home/user/.m2/repository/org/apache/kerby/kerby-xdr/1.0.1/kerby-xdr-1.0.1.jar:/home/user/.m2/repository/org/slf4j/slf4j-log4j12/1.7.25/slf4j-log4j12-1.7.25.jar:/home/user/.m2/repository/org/apache/hadoop/hadoop-ozone-s3gateway/0.5.0-SNAPSHOT/hadoop-ozone-s3gateway-0.5.0-SNAPSHOT.jar:/home/user/.m2/repository/org/jboss/weld/servlet/weld-servlet/2.4.7.Final/weld-servlet-2.4.7.Final.jar:/home/user/.m2/repository/org/glassfish/jersey/containers/jersey-container-servlet-core/2.27/jersey-container-servlet-core-2.27.jar:/home/user/.m2/repository/org/glassfish/hk2/external/javax.inject/2.5.0-b42/javax.inject-2.5.0-b42.jar:/home/user/.m2/repository/org/glassfish/jersey/core/jersey-common/2.27/jersey-common-2.27.jar:/home/user/.m2/repository/org/glassfish/hk2/osgi-resource-locator/1.0.1/osgi-resource-locator-1.0.1.jar:/home/user/.m2/repository/javax/ws/rs/javax.ws.rs-api/2.1/javax.ws.rs-api-2.1.jar:/home/user/.m2/repository/org/glassfish/jersey/ext/cdi/jersey-cdi1x/2.27/jersey-cdi1x-2.27.jar:/home/user/.m2/repository/org/glassfish/jersey/inject/jersey-hk2/2.27/jersey-hk2-2.27.jar:/home/user/.m2/repository/org/glassfish/hk2/hk2-locator/2.5.0-b42/hk2-locator-2.5.0-b42.jar:/home/user/.m2/repository/org/javassist/javassist/3.22.0-CR2/javassist-3.22.0-CR2.jar:/home/user/.m2/repository/org/glassfish/hk2/hk2-api/2.5.0/hk2-api-2.5.0.jar:/home/user/.m2/repository/org/glassfish/hk2/external/jakarta.inject/2.5.0/jakarta.inject-2.5.0.jar:/home/user/.m2/repository/org/glassfish/hk2/hk2-utils/2.5.0/hk2-utils-2.5.0.jar:/home/user/.m2/repository/jakarta/annotation/jakarta.annotation-api/1.3.4/jakarta.annotation-api-1.3.4.jar:/home/user/.m2/repository/org/glassfish/hk2/external/aopalliance-repackaged/2.5.0/aopalliance-repackaged-2.5.0.jar:/home/user/.m2/repository/com/fasterxml/jackson/dataformat/jackson-dataformat-xml/2.9.0/jackson-dataformat-xml-2.9.0.jar:/home/user/.m2/repository/com/fasterxml/jackson/core/jackson-core/2.9.9/jackson-core-2.9.9.jar:/home/user/.m2/repository/com/fasterxml/jackson/module/jackson-module-jaxb-annotations/2.9.9/jackson-module-jaxb-annotations-2.9.9.jar:/home/user/.m2/repository/javax/enterprise/cdi-api/1.2/cdi-api-1.2.jar:/home/user/.m2/repository/javax/el/javax.el-api/3.0.0/javax.el-api-3.0.0.jar:/home/user/.m2/repository/javax/interceptor/javax.interceptor-api/1.2/javax.interceptor-api-1.2.jar:/home/user/.m2/repository/javax/inject/javax.inject/1/javax.inject-1.jar:/home/user/.m2/repository/com/sun/xml/bind/jaxb-impl/2.3.0.1/jaxb-impl-2.3.0.1.jar:/home/user/.m2/repository/com/sun/xml/bind/jaxb-core/2.3.0.1/jaxb-core-2.3.0.1.jar:/home/user/.m2/repository/javax/xml/bind/jaxb-api/2.3.0/jaxb-api-2.3.0.jar:/home/user/.m2/repository/javax/activation/activation/1.1.1/activation-1.1.1.jar:/home/user/.m2/repository/org/apache/hadoop/hadoop-ozone-csi/0.5.0-SNAPSHOT/hadoop-ozone-csi-0.5.0-SNAPSHOT.jar:/home/user/.m2/repository/com/google/protobuf/protobuf-java-util/3.5.1/protobuf-java-util-3.5.1.jar:/home/user/.m2/repository/org/apache/hadoop/hadoop-hdds-config/0.5.0-SNAPSHOT/hadoop-hdds-config-0.5.0-SNAPSHOT.jar:/home/user/.m2/repository/io/grpc/grpc-netty/1.17.1/grpc-netty-1.17.1.jar:/home/user/.m2/repository/io/grpc/grpc-core/1.17.1/grpc-core-1.17.1.jar:/home/user/.m2/repository/io/grpc/grpc-context/1.17.1/grpc-context-1.17.1.jar:/home/user/.m2/repository/com/google/errorprone/error_prone_annotations/2.2.0/error_prone_annotations-2.2.0.jar:/home/user/.m2/repository/org/codehaus/mojo/animal-sniffer-annotations/1.17/animal-sniffer-annotations-1.17.jar:/home/user/.m2/repository/io/opencensus/opencensus-api/0.17.0/opencensus-api-0.17.0.jar:/home/user/.m2/repository/io/opencensus/opencensus-contrib-grpc-metrics/0.17.0/opencensus-contrib-grpc-metrics-0.17.0.jar:/home/user/.m2/repository/io/netty/netty-codec-http2/4.1.30.Final/netty-codec-http2-4.1.30.Final.jar:/home/user/.m2/repository/io/netty/netty-codec-http/4.1.30.Final/netty-codec-http-4.1.30.Final.jar:/home/user/.m2/repository/io/netty/netty-codec/4.1.30.Final/netty-codec-4.1.30.Final.jar:/home/user/.m2/repository/io/netty/netty-handler/4.1.30.Final/netty-handler-4.1.30.Final.jar:/home/user/.m2/repository/io/netty/netty-handler-proxy/4.1.30.Final/netty-handler-proxy-4.1.30.Final.jar:/home/user/.m2/repository/io/netty/netty-codec-socks/4.1.30.Final/netty-codec-socks-4.1.30.Final.jar:/home/user/.m2/repository/io/netty/netty-transport-native-epoll/4.1.30.Final/netty-transport-native-epoll-4.1.30.Final.jar:/home/user/.m2/repository/io/netty/netty-common/4.1.30.Final/netty-common-4.1.30.Final.jar:/home/user/.m2/repository/io/netty/netty-buffer/4.1.30.Final/netty-buffer-4.1.30.Final.jar:/home/user/.m2/repository/io/netty/netty-transport/4.1.30.Final/netty-transport-4.1.30.Final.jar:/home/user/.m2/repository/io/netty/netty-resolver/4.1.30.Final/netty-resolver-4.1.30.Final.jar:/home/user/.m2/repository/io/netty/netty-transport-native-unix-common/4.1.30.Final/netty-transport-native-unix-common-4.1.30.Final.jar:/home/user/.m2/repository/io/grpc/grpc-protobuf/1.17.1/grpc-protobuf-1.17.1.jar:/home/user/.m2/repository/com/google/api/grpc/proto-google-common-protos/1.0.0/proto-google-common-protos-1.0.0.jar:/home/user/.m2/repository/io/grpc/grpc-protobuf-lite/1.17.1/grpc-protobuf-lite-1.17.1.jar:/home/user/.m2/repository/io/grpc/grpc-stub/1.17.1/grpc-stub-1.17.1.jar:/home/user/.m2/repository/org/apache/hadoop/hadoop-ozone-recon/0.5.0-SNAPSHOT/hadoop-ozone-recon-0.5.0-SNAPSHOT.jar:/home/user/.m2/repository/org/apache/hadoop/hadoop-ozone-reconcodegen/0.5.0-SNAPSHOT/hadoop-ozone-reconcodegen-0.5.0-SNAPSHOT.jar:/home/user/.m2/repository/com/google/inject/extensions/guice-multibindings/4.0/guice-multibindings-4.0.jar:/home/user/.m2/repository/com/google/inject/guice/4.0/guice-4.0.jar:/home/user/.m2/repository/aopalliance/aopalliance/1.0/aopalliance-1.0.jar:/home/user/.m2/repository/com/google/inject/extensions/guice-servlet/4.0/guice-servlet-4.0.jar:/home/user/.m2/repository/org/glassfish/jersey/containers/jersey-container-servlet/2.27/jersey-container-servlet-2.27.jar:/home/user/.m2/repository/org/glassfish/hk2/guice-bridge/2.5.0/guice-bridge-2.5.0.jar:/home/user/.m2/repository/org/glassfish/jersey/core/jersey-server/2.27/jersey-server-2.27.jar:/home/user/.m2/repository/org/glassfish/jersey/core/jersey-client/2.27/jersey-client-2.27.jar:/home/user/.m2/repository/org/glassfish/jersey/media/jersey-media-jaxb/2.27/jersey-media-jaxb-2.27.jar:/home/user/.m2/repository/javax/validation/validation-api/1.1.0.Final/validation-api-1.1.0.Final.jar:/home/user/.m2/repository/org/glassfish/jersey/media/jersey-media-json-jackson/2.27/jersey-media-json-jackson-2.27.jar:/home/user/.m2/repository/org/glassfish/jersey/ext/jersey-entity-filtering/2.27/jersey-entity-filtering-2.27.jar:/home/user/.m2/repository/com/google/inject/extensions/guice-assistedinject/4.0/guice-assistedinject-4.0.jar:/home/user/.m2/repository/org/jooq/jooq/3.11.10/jooq-3.11.10.jar:/home/user/.m2/repository/org/jooq/jooq-meta/3.11.10/jooq-meta-3.11.10.jar:/home/user/.m2/repository/org/jooq/jooq-codegen/3.11.10/jooq-codegen-3.11.10.jar:/home/user/.m2/repository/com/jolbox/bonecp/0.8.0.RELEASE/bonecp-0.8.0.RELEASE.jar:/home/user/.m2/repository/org/xerial/sqlite-jdbc/3.25.2/sqlite-jdbc-3.25.2.jar:/home/user/.m2/repository/org/springframework/spring-jdbc/5.1.3.RELEASE/spring-jdbc-5.1.3.RELEASE.jar:/home/user/.m2/repository/org/springframework/spring-beans/5.1.3.RELEASE/spring-beans-5.1.3.RELEASE.jar:/home/user/.m2/repository/org/springframework/spring-core/5.1.3.RELEASE/spring-core-5.1.3.RELEASE.jar:/home/user/.m2/repository/org/springframework/spring-jcl/5.1.3.RELEASE/spring-jcl-5.1.3.RELEASE.jar:/home/user/.m2/repository/org/springframework/spring-tx/5.1.3.RELEASE/spring-tx-5.1.3.RELEASE.jar:/home/user/.m2/repository/org/apache/hadoop/hadoop-ozone-client/0.5.0-SNAPSHOT/hadoop-ozone-client-0.5.0-SNAPSHOT.jar:/home/user/.m2/repository/commons-lang/commons-lang/2.6/commons-lang-2.6.jar:/home/user/.m2/repository/org/apache/hadoop/hadoop-ozone-ozone-manager/0.5.0-SNAPSHOT/hadoop-ozone-ozone-manager-0.5.0-SNAPSHOT-tests.jar:/home/user/.m2/repository/junit/junit/4.11/junit-4.11.jar:/home/user/.m2/repository/org/hamcrest/hamcrest-core/1.3/hamcrest-core-1.3.jar:/home/user/.m2/repository/org/openjdk/jmh/jmh-core/1.19/jmh-core-1.19.jar:/home/user/.m2/repository/net/sf/jopt-simple/jopt-simple/4.6/jopt-simple-4.6.jar:/home/user/.m2/repository/org/apache/commons/commons-math3/3.1.1/commons-math3-3.1.1.jar:/home/user/.m2/repository/org/openjdk/jmh/jmh-generator-annprocess/1.19/jmh-generator-annprocess-1.19.jar:/home/user/.m2/repository/org/mockito/mockito-all/1.8.5/mockito-all-1.8.5.jar:/home/user/.m2/repository/org/apache/hadoop/hadoop-kms/3.2.0/hadoop-kms-3.2.0.jar:/home/user/.m2/repository/org/apache/hadoop/hadoop-auth/3.2.0/hadoop-auth-3.2.0.jar:/home/user/.m2/repository/com/nimbusds/nimbus-jose-jwt/4.41.1/nimbus-jose-jwt-4.41.1.jar:/home/user/.m2/repository/com/github/stephenc/jcip/jcip-annotations/1.0-1/jcip-annotations-1.0-1.jar:/home/user/.m2/repository/net/minidev/json-smart/2.3/json-smart-2.3.jar:/home/user/.m2/repository/net/minidev/accessors-smart/1.2/accessors-smart-1.2.jar:/home/user/.m2/repository/org/ow2/asm/asm/5.0.4/asm-5.0.4.jar:/home/user/.m2/repository/org/apache/curator/curator-framework/2.12.0/curator-framework-2.12.0.jar:/home/user/.m2/repository/com/sun/jersey/jersey-core/1.19/jersey-core-1.19.jar:/home/user/.m2/repository/javax/ws/rs/jsr311-api/1.1.1/jsr311-api-1.1.1.jar:/home/user/.m2/repository/com/sun/jersey/jersey-server/1.19/jersey-server-1.19.jar:/home/user/.m2/repository/javax/servlet/javax.servlet-api/3.1.0/javax.servlet-api-3.1.0.jar:/home/user/.m2/repository/org/eclipse/jetty/jetty-server/9.3.25.v20180904/jetty-server-9.3.25.v20180904.jar:/home/user/.m2/repository/org/eclipse/jetty/jetty-http/9.3.25.v20180904/jetty-http-9.3.25.v20180904.jar:/home/user/.m2/repository/org/eclipse/jetty/jetty-io/9.3.25.v20180904/jetty-io-9.3.25.v20180904.jar:/home/user/.m2/repository/org/eclipse/jetty/jetty-webapp/9.3.25.v20180904/jetty-webapp-9.3.25.v20180904.jar:/home/user/.m2/repository/org/eclipse/jetty/jetty-xml/9.3.25.v20180904/jetty-xml-9.3.25.v20180904.jar:/home/user/.m2/repository/log4j/log4j/1.2.17/log4j-1.2.17.jar:/home/user/.m2/repository/org/slf4j/slf4j-api/1.7.25/slf4j-api-1.7.25.jar:/home/user/.m2/repository/org/slf4j/jul-to-slf4j/1.7.25/jul-to-slf4j-1.7.25.jar:/home/user/.m2/repository/org/eclipse/jetty/jetty-util/9.3.25.v20180904/jetty-util-9.3.25.v20180904.jar:/home/user/.m2/repository/com/fasterxml/jackson/core/jackson-databind/2.9.9/jackson-databind-2.9.9.jar:/home/user/.m2/repository/org/apache/hadoop/hadoop-kms/3.2.0/hadoop-kms-3.2.0-tests.jar:/home/user/.m2/repository/org/apache/hadoop/hadoop-hdds-server-scm/0.5.0-SNAPSHOT/hadoop-hdds-server-scm-0.5.0-SNAPSHOT-tests.jar:/home/user/.m2/repository/org/apache/hadoop/hadoop-hdds-container-service/0.5.0-SNAPSHOT/hadoop-hdds-container-service-0.5.0-SNAPSHOT-tests.jar:/home/user/.m2/repository/org/yaml/snakeyaml/1.16/snakeyaml-1.16.jar:/home/user/.m2/repository/org/apache/hadoop/hadoop-common/3.2.0/hadoop-common-3.2.0-tests.jar:/home/user/.m2/repository/org/apache/hadoop/hadoop-annotations/3.2.0/hadoop-annotations-3.2.0.jar:/usr/lib/jvm/java-1.8-openjdk/jre/../lib/tools.jar:/home/user/.m2/repository/commons-cli/commons-cli/1.2/commons-cli-1.2.jar:/home/user/.m2/repository/org/apache/httpcomponents/httpclient/4.5.2/httpclient-4.5.2.jar:/home/user/.m2/repository/org/apache/httpcomponents/httpcore/4.4.4/httpcore-4.4.4.jar:/home/user/.m2/repository/commons-codec/commons-codec/1.11/commons-codec-1.11.jar:/home/user/.m2/repository/commons-net/commons-net/3.6/commons-net-3.6.jar:/home/user/.m2/repository/commons-collections/commons-collections/3.2.2/commons-collections-3.2.2.jar:/home/user/.m2/repository/org/eclipse/jetty/jetty-servlet/9.3.25.v20180904/jetty-servlet-9.3.25.v20180904.jar:/home/user/.m2/repository/org/eclipse/jetty/jetty-security/9.3.25.v20180904/jetty-security-9.3.25.v20180904.jar:/home/user/.m2/repository/javax/servlet/jsp/jsp-api/2.1/jsp-api-2.1.jar:/home/user/.m2/repository/com/sun/jersey/jersey-servlet/1.19/jersey-servlet-1.19.jar:/home/user/.m2/repository/com/sun/jersey/jersey-json/1.19/jersey-json-1.19.jar:/home/user/.m2/repository/org/codehaus/jettison/jettison/1.1/jettison-1.1.jar:/home/user/.m2/repository/org/codehaus/jackson/jackson-core-asl/1.9.13/jackson-core-asl-1.9.13.jar:/home/user/.m2/repository/org/codehaus/jackson/jackson-mapper-asl/1.9.13/jackson-mapper-asl-1.9.13.jar:/home/user/.m2/repository/org/codehaus/jackson/jackson-jaxrs/1.9.13/jackson-jaxrs-1.9.13.jar:/home/user/.m2/repository/org/codehaus/jackson/jackson-xc/1.9.13/jackson-xc-1.9.13.jar:/home/user/.m2/repository/commons-logging/commons-logging/1.1.3/commons-logging-1.1.3.jar:/home/user/.m2/repository/commons-beanutils/commons-beanutils/1.9.4/commons-beanutils-1.9.4.jar:/home/user/.m2/repository/org/apache/commons/commons-configuration2/2.1.1/commons-configuration2-2.1.1.jar:/home/user/.m2/repository/org/apache/commons/commons-lang3/3.7/commons-lang3-3.7.jar:/home/user/.m2/repository/org/apache/commons/commons-text/1.4/commons-text-1.4.jar:/home/user/.m2/repository/org/apache/avro/avro/1.7.7/avro-1.7.7.jar:/home/user/.m2/repository/com/thoughtworks/paranamer/paranamer/2.3/paranamer-2.3.jar:/home/user/.m2/repository/org/xerial/snappy/snappy-java/1.0.5/snappy-java-1.0.5.jar:/home/user/.m2/repository/com/google/re2j/re2j/1.1/re2j-1.1.jar:/home/user/.m2/repository/com/google/code/gson/gson/2.2.4/gson-2.2.4.jar:/home/user/.m2/repository/com/jcraft/jsch/0.1.54/jsch-0.1.54.jar:/home/user/.m2/repository/org/apache/curator/curator-client/2.12.0/curator-client-2.12.0.jar:/home/user/.m2/repository/org/apache/curator/curator-recipes/2.12.0/curator-recipes-2.12.0.jar:/home/user/.m2/repository/com/google/code/findbugs/jsr305/3.0.0/jsr305-3.0.0.jar:/home/user/.m2/repository/org/apache/htrace/htrace-core4/4.1.0-incubating/htrace-core4-4.1.0-incubating.jar:/home/user/.m2/repository/org/apache/zookeeper/zookeeper/3.4.13/zookeeper-3.4.13.jar:/home/user/.m2/repository/jline/jline/0.9.94/jline-0.9.94.jar:/home/user/.m2/repository/org/apache/yetus/audience-annotations/0.5.0/audience-annotations-0.5.0.jar:/home/user/.m2/repository/org/codehaus/woodstox/stax2-api/3.1.4/stax2-api-3.1.4.jar:/home/user/.m2/repository/com/fasterxml/woodstox/woodstox-core/5.0.3/woodstox-core-5.0.3.jar:/home/user/.m2/repository/dnsjava/dnsjava/2.1.7/dnsjava-2.1.7.jar:/home/user/.m2/repository/org/apache/hadoop/hadoop-hdfs/3.2.0/hadoop-hdfs-3.2.0-tests.jar:/home/user/.m2/repository/org/eclipse/jetty/jetty-util-ajax/9.3.25.v20180904/jetty-util-ajax-9.3.25.v20180904.jar:/home/user/.m2/repository/commons-daemon/commons-daemon/1.0.13/commons-daemon-1.0.13.jar:/home/user/.m2/repository/io/netty/netty/3.10.5.Final/netty-3.10.5.Final.jar:/home/user/.m2/repository/io/netty/netty-all/4.0.52.Final/netty-all-4.0.52.Final.jar:/home/user/.m2/repository/org/fusesource/leveldbjni/leveldbjni-all/1.8/leveldbjni-all-1.8.jar:"/>
    <property name="sun.cpu.endian" value="little"/>
    <property name="user.home" value="/home/user"/>
    <property name="user.language" value="en"/>
    <property name="java.specification.vendor" value="Oracle Corporation"/>
    <property name="java.home" value="/usr/lib/jvm/java-1.8-openjdk/jre"/>
    <property name="java.security.krb5.conf" value="/workdir/hadoop-ozone/integration-test/target/test-classes/krb5.conf"/>
    <property name="basedir" value="/workdir/hadoop-ozone/integration-test"/>
    <property name="file.separator" value="/"/>
    <property name="line.separator" value="&#10;"/>
    <property name="java.vm.specification.vendor" value="Oracle Corporation"/>
    <property name="java.specification.name" value="Java Platform API Specification"/>
    <property name="java.awt.graphicsenv" value="sun.awt.X11GraphicsEnvironment"/>
    <property name="surefire.real.class.path" value="/workdir/hadoop-ozone/integration-test/target/surefire/surefirebooter6488751441231579538.jar"/>
    <property name="hadoop.log.dir" value="/workdir/hadoop-ozone/integration-test/target/log"/>
    <property name="sun.boot.class.path" value="/usr/lib/jvm/java-1.8-openjdk/jre/lib/resources.jar:/usr/lib/jvm/java-1.8-openjdk/jre/lib/rt.jar:/usr/lib/jvm/java-1.8-openjdk/jre/lib/sunrsasign.jar:/usr/lib/jvm/java-1.8-openjdk/jre/lib/jsse.jar:/usr/lib/jvm/java-1.8-openjdk/jre/lib/jce.jar:/usr/lib/jvm/java-1.8-openjdk/jre/lib/charsets.jar:/usr/lib/jvm/java-1.8-openjdk/jre/lib/jfr.jar:/usr/lib/jvm/java-1.8-openjdk/jre/classes"/>
    <property name="sun.management.compiler" value="HotSpot 64-Bit Tiered Compilers"/>
    <property name="java.runtime.version" value="1.8.0_212-b04"/>
    <property name="java.net.preferIPv4Stack" value="true"/>
    <property name="user.name" value="jenkins1000"/>
    <property name="path.separator" value=":"/>
    <property name="java.security.egd" value="file:///dev/urandom"/>
    <property name="os.version" value="3.10.0-957.12.2.el7.x86_64"/>
    <property name="java.endorsed.dirs" value="/usr/lib/jvm/java-1.8-openjdk/jre/lib/endorsed"/>
    <property name="java.runtime.name" value="OpenJDK Runtime Environment"/>
    <property name="file.encoding" value="UTF-8"/>
    <property name="java.vm.name" value="OpenJDK 64-Bit Server VM"/>
    <property name="test.build.webapps" value=""/>
    <property name="localRepository" value="/home/user/.m2/repository"/>
    <property name="java.vendor.url.bug" value="https://icedtea.classpath.org/bugzilla"/>
    <property name="java.io.tmpdir" value="/tmp"/>
    <property name="require.test.libhadoop" value=""/>
    <property name="java.version" value="1.8.0_212"/>
    <property name="user.dir" value="/workdir/hadoop-ozone/integration-test"/>
    <property name="os.arch" value="amd64"/>
    <property name="java.vm.specification.name" value="Java Virtual Machine Specification"/>
    <property name="test.build.classes" value="/workdir/hadoop-ozone/integration-test/target/test-classes"/>
    <property name="java.awt.printerjob" value="sun.print.PSPrinterJob"/>
    <property name="sun.os.patch.level" value="unknown"/>
    <property name="hadoop.tmp.dir" value="/workdir/hadoop-ozone/integration-test/target/tmp"/>
    <property name="java.library.path" value="/usr/lib/jvm/java-1.8-openjdk/jre/lib/amd64/server:/usr/lib/jvm/java-1.8-openjdk/jre/lib/amd64:/usr/lib/jvm/java-1.8-openjdk/jre/../lib/amd64:/workdir/hadoop-ozone/integration-test/target/native/target/usr/local/lib:/workdir/hadoop-ozone/integration-test/../../hadoop-common-project/hadoop-common/target/native/target/usr/local/lib:/usr/java/packages/lib/amd64:/usr/lib64:/lib64:/lib:/usr/lib"/>
    <property name="java.vm.info" value="mixed mode"/>
    <property name="java.vendor" value="IcedTea"/>
    <property name="java.vm.version" value="25.212-b04"/>
    <property name="java.ext.dirs" value="/usr/lib/jvm/java-1.8-openjdk/jre/lib/ext:/usr/java/packages/lib/ext"/>
    <property name="sun.io.unicode.encoding" value="UnicodeLittle"/>
    <property name="java.class.version" value="52.0"/>
  </properties>
  <testcase name="test2DatanodesFailure" classname="org.apache.hadoop.ozone.client.rpc.TestBlockOutputStreamWithFailures" time="33.008">
    <error message="Allocated 0 blocks. Requested 1 blocks" type="INTERNAL_ERROR org.apache.hadoop.ozone.om.exceptions.OMException">INTERNAL_ERROR org.apache.hadoop.ozone.om.exceptions.OMException: Allocated 0 blocks. Requested 1 blocks
	at org.apache.hadoop.ozone.om.protocolPB.OzoneManagerProtocolClientSideTranslatorPB.handleError(OzoneManagerProtocolClientSideTranslatorPB.java:732)
	at org.apache.hadoop.ozone.om.protocolPB.OzoneManagerProtocolClientSideTranslatorPB.openKey(OzoneManagerProtocolClientSideTranslatorPB.java:723)
	at sun.reflect.NativeMethodAccessorImpl.invoke0(Native Method)
	at sun.reflect.NativeMethodAccessorImpl.invoke(NativeMethodAccessorImpl.java:62)
	at sun.reflect.DelegatingMethodAccessorImpl.invoke(DelegatingMethodAccessorImpl.java:43)
	at java.lang.reflect.Method.invoke(Method.java:498)
	at org.apache.hadoop.hdds.tracing.TraceAllMethod.invoke(TraceAllMethod.java:66)
	at com.sun.proxy.$Proxy37.openKey(Unknown Source)
	at org.apache.hadoop.ozone.client.rpc.RpcClient.createKey(RpcClient.java:614)
	at org.apache.hadoop.ozone.client.OzoneBucket.createKey(OzoneBucket.java:325)
	at org.apache.hadoop.ozone.container.ContainerTestHelper.createKey(ContainerTestHelper.java:704)
	at org.apache.hadoop.ozone.client.rpc.TestBlockOutputStreamWithFailures.createKey(TestBlockOutputStreamWithFailures.java:1210)
	at org.apache.hadoop.ozone.client.rpc.TestBlockOutputStreamWithFailures.createKey(TestBlockOutputStreamWithFailures.java:1204)
	at org.apache.hadoop.ozone.client.rpc.TestBlockOutputStreamWithFailures.test2DatanodesFailure(TestBlockOutputStreamWithFailures.java:410)
	at sun.reflect.NativeMethodAccessorImpl.invoke0(Native Method)
	at sun.reflect.NativeMethodAccessorImpl.invoke(NativeMethodAccessorImpl.java:62)
	at sun.reflect.DelegatingMethodAccessorImpl.invoke(DelegatingMethodAccessorImpl.java:43)
	at java.lang.reflect.Method.invoke(Method.java:498)
	at org.junit.runners.model.FrameworkMethod$1.runReflectiveCall(FrameworkMethod.java:47)
	at org.junit.internal.runners.model.ReflectiveCallable.run(ReflectiveCallable.java:12)
	at org.junit.runners.model.FrameworkMethod.invokeExplosively(FrameworkMethod.java:44)
	at org.junit.internal.runners.statements.InvokeMethod.evaluate(InvokeMethod.java:17)
	at org.junit.internal.runners.statements.RunBefores.evaluate(RunBefores.java:26)
	at org.junit.internal.runners.statements.RunAfters.evaluate(RunAfters.java:27)
	at org.junit.runners.ParentRunner.runLeaf(ParentRunner.java:271)
	at org.junit.runners.BlockJUnit4ClassRunner.runChild(BlockJUnit4ClassRunner.java:70)
	at org.junit.runners.BlockJUnit4ClassRunner.runChild(BlockJUnit4ClassRunner.java:50)
	at org.junit.runners.ParentRunner$3.run(ParentRunner.java:238)
	at org.junit.runners.ParentRunner$1.schedule(ParentRunner.java:63)
	at org.junit.runners.ParentRunner.runChildren(ParentRunner.java:236)
	at org.junit.runners.ParentRunner.access$000(ParentRunner.java:53)
	at org.junit.runners.ParentRunner$2.evaluate(ParentRunner.java:229)
	at org.junit.runners.ParentRunner.run(ParentRunner.java:309)
	at org.apache.maven.surefire.junit4.JUnit4Provider.execute(JUnit4Provider.java:365)
	at org.apache.maven.surefire.junit4.JUnit4Provider.executeWithRerun(JUnit4Provider.java:273)
	at org.apache.maven.surefire.junit4.JUnit4Provider.executeTestSet(JUnit4Provider.java:238)
	at org.apache.maven.surefire.junit4.JUnit4Provider.invoke(JUnit4Provider.java:159)
	at org.apache.maven.surefire.booter.ForkedBooter.invokeProviderInSameClassLoader(ForkedBooter.java:384)
	at org.apache.maven.surefire.booter.ForkedBooter.runSuitesInProcess(ForkedBooter.java:345)
	at org.apache.maven.surefire.booter.ForkedBooter.execute(ForkedBooter.java:126)
	at org.apache.maven.surefire.booter.ForkedBooter.main(ForkedBooter.java:418)
</error>
    <system-out><![CDATA[2019-09-26 09:57:05,843 [main] WARN  server.ServerUtils (ServerUtils.java:getScmDbDir(145)) - ozone.scm.db.dirs is not configured. We recommend adding this setting. Falling back to ozone.metadata.dirs instead.
2019-09-26 09:57:05,943 [main] WARN  server.ServerUtils (ServerUtils.java:getScmDbDir(145)) - ozone.scm.db.dirs is not configured. We recommend adding this setting. Falling back to ozone.metadata.dirs instead.
2019-09-26 09:57:05,947 [main] WARN  server.ServerUtils (ServerUtils.java:getScmDbDir(145)) - ozone.scm.db.dirs is not configured. We recommend adding this setting. Falling back to ozone.metadata.dirs instead.
2019-09-26 09:57:05,965 [main] INFO  util.log (Log.java:initialized(192)) - Logging initialized @879ms
2019-09-26 09:57:06,068 [main] INFO  db.DBStoreBuilder (DBStoreBuilder.java:addTable(110)) - using custom profile for table: deletedBlocks
2019-09-26 09:57:06,068 [main] INFO  db.DBStoreBuilder (DBStoreBuilder.java:processTables(161)) - Using default column profile:DBProfile.DISK for Table:deletedBlocks
2019-09-26 09:57:06,068 [main] INFO  db.DBStoreBuilder (DBStoreBuilder.java:addTable(110)) - using custom profile for table: validCerts
2019-09-26 09:57:06,069 [main] INFO  db.DBStoreBuilder (DBStoreBuilder.java:processTables(161)) - Using default column profile:DBProfile.DISK for Table:validCerts
2019-09-26 09:57:06,069 [main] INFO  db.DBStoreBuilder (DBStoreBuilder.java:addTable(110)) - using custom profile for table: revokedCerts
2019-09-26 09:57:06,069 [main] INFO  db.DBStoreBuilder (DBStoreBuilder.java:processTables(161)) - Using default column profile:DBProfile.DISK for Table:revokedCerts
2019-09-26 09:57:06,082 [main] INFO  db.DBStoreBuilder (DBStoreBuilder.java:addTable(110)) - using custom profile for table: default
2019-09-26 09:57:06,082 [main] INFO  db.DBStoreBuilder (DBStoreBuilder.java:processTables(167)) - Using default column profile:DBProfile.DISK for Table:default
2019-09-26 09:57:06,084 [main] INFO  db.DBStoreBuilder (DBStoreBuilder.java:getDbProfile(198)) - Using default options. DBProfile.DISK
2019-09-26 09:57:06,322 [main] INFO  net.NodeSchemaLoader (NodeSchemaLoader.java:loadSchemaFromFile(125)) - Loading file from sun.misc.CompoundEnumeration@71d44a3
2019-09-26 09:57:06,324 [main] INFO  net.NodeSchemaLoader (NodeSchemaLoader.java:loadSchema(171)) - Loading network topology layer schema file
2019-09-26 09:57:06,401 [main] INFO  node.SCMNodeManager (SCMNodeManager.java:<init>(114)) - Entering startup safe mode.
2019-09-26 09:57:06,477 [main] INFO  algorithms.ContainerPlacementPolicyFactory (ContainerPlacementPolicyFactory.java:getPolicy(59)) - Create container placement policy of type org.apache.hadoop.hdds.scm.container.placement.algorithms.SCMContainerPlacementRandom
2019-09-26 09:57:06,494 [main] WARN  server.ServerUtils (ServerUtils.java:getScmDbDir(145)) - ozone.scm.db.dirs is not configured. We recommend adding this setting. Falling back to ozone.metadata.dirs instead.
2019-09-26 09:57:06,555 [main] INFO  pipeline.SCMPipelineManager (SCMPipelineManager.java:initializePipelineState(132)) - No pipeline exists in current db
2019-09-26 09:57:06,557 [main] WARN  server.ServerUtils (ServerUtils.java:getScmDbDir(145)) - ozone.scm.db.dirs is not configured. We recommend adding this setting. Falling back to ozone.metadata.dirs instead.
2019-09-26 09:57:06,684 [main] WARN  events.EventQueue (EventQueue.java:fireEvent(183)) - No event handler registered for event TypedEvent{payloadType=SafeModeStatus, name='SafeModeStatus'}
2019-09-26 09:57:07,056 [main] INFO  ipc.CallQueueManager (CallQueueManager.java:<init>(84)) - Using callQueue: class java.util.concurrent.LinkedBlockingQueue, queueCapacity: 2000, scheduler: class org.apache.hadoop.ipc.DefaultRpcScheduler, ipcBackoff: false.
2019-09-26 09:57:07,085 [Socket Reader #1 for port 38554] INFO  ipc.Server (Server.java:run(1074)) - Starting Socket Reader #1 for port 38554
2019-09-26 09:57:07,217 [main] INFO  ipc.CallQueueManager (CallQueueManager.java:<init>(84)) - Using callQueue: class java.util.concurrent.LinkedBlockingQueue, queueCapacity: 2000, scheduler: class org.apache.hadoop.ipc.DefaultRpcScheduler, ipcBackoff: false.
2019-09-26 09:57:07,218 [Socket Reader #1 for port 40171] INFO  ipc.Server (Server.java:run(1074)) - Starting Socket Reader #1 for port 40171
2019-09-26 09:57:07,225 [main] INFO  ipc.CallQueueManager (CallQueueManager.java:<init>(84)) - Using callQueue: class java.util.concurrent.LinkedBlockingQueue, queueCapacity: 2000, scheduler: class org.apache.hadoop.ipc.DefaultRpcScheduler, ipcBackoff: false.
2019-09-26 09:57:07,226 [Socket Reader #1 for port 37745] INFO  ipc.Server (Server.java:run(1074)) - Starting Socket Reader #1 for port 37745
2019-09-26 09:57:07,247 [main] INFO  hdfs.DFSUtil (DFSUtil.java:httpServerTemplateForNNAndJN(1641)) - Starting Web-server for scm at: http://0.0.0.0:0
2019-09-26 09:57:07,382 [main] INFO  server.AuthenticationFilter (AuthenticationFilter.java:constructSecretProvider(240)) - Unable to initialize FileSignerSecretProvider, falling back to use random secrets.
2019-09-26 09:57:07,389 [main] WARN  http.HttpRequestLog (HttpRequestLog.java:getRequestLog(97)) - Jetty request log can only be enabled using Log4j
2019-09-26 09:57:07,395 [main] INFO  http.HttpServer2 (HttpServer2.java:addGlobalFilter(975)) - Added global filter 'safety' (class=org.apache.hadoop.http.HttpServer2$QuotingInputFilter)
2019-09-26 09:57:07,398 [main] INFO  http.HttpServer2 (HttpServer2.java:addFilter(948)) - Added filter static_user_filter (class=org.apache.hadoop.http.lib.StaticUserWebFilter$StaticUserFilter) to context scm
2019-09-26 09:57:07,398 [main] INFO  http.HttpServer2 (HttpServer2.java:addFilter(958)) - Added filter static_user_filter (class=org.apache.hadoop.http.lib.StaticUserWebFilter$StaticUserFilter) to context logs
2019-09-26 09:57:07,399 [main] INFO  http.HttpServer2 (HttpServer2.java:addFilter(958)) - Added filter static_user_filter (class=org.apache.hadoop.http.lib.StaticUserWebFilter$StaticUserFilter) to context static
2019-09-26 09:57:07,424 [main] INFO  server.StorageContainerManager (StorageContainerManager.java:start(770)) - StorageContainerLocationProtocol RPC server is listening at /0.0.0.0:37745
2019-09-26 09:57:07,480 [main] WARN  impl.MetricsConfig (MetricsConfig.java:loadFirst(134)) - Cannot locate configuration: tried hadoop-metrics2-storagecontainermanager.properties,hadoop-metrics2.properties
2019-09-26 09:57:07,492 [main] INFO  impl.MetricsSystemImpl (MetricsSystemImpl.java:startTimer(374)) - Scheduled Metric snapshot period at 10 second(s).
2019-09-26 09:57:07,493 [main] INFO  impl.MetricsSystemImpl (MetricsSystemImpl.java:start(191)) - StorageContainerManager metrics system started
2019-09-26 09:57:07,702 [main] INFO  server.SCMClientProtocolServer (SCMClientProtocolServer.java:start(151)) - RPC server for Client  is listening at /0.0.0.0:37745
2019-09-26 09:57:07,702 [IPC Server Responder] INFO  ipc.Server (Server.java:run(1314)) - IPC Server Responder: starting
2019-09-26 09:57:07,702 [IPC Server listener on 37745] INFO  ipc.Server (Server.java:run(1153)) - IPC Server listener on 37745: starting
2019-09-26 09:57:07,705 [main] INFO  server.StorageContainerManager (StorageContainerManager.java:start(780)) - ScmBlockLocationProtocol RPC server is listening at /0.0.0.0:40171
2019-09-26 09:57:07,707 [main] INFO  server.SCMBlockProtocolServer (SCMBlockProtocolServer.java:start(146)) - RPC server for Block Protocol is listening at /0.0.0.0:40171
2019-09-26 09:57:07,707 [IPC Server Responder] INFO  ipc.Server (Server.java:run(1314)) - IPC Server Responder: starting
2019-09-26 09:57:07,707 [IPC Server listener on 40171] INFO  ipc.Server (Server.java:run(1153)) - IPC Server listener on 40171: starting
2019-09-26 09:57:07,709 [main] INFO  server.StorageContainerManager (StorageContainerManager.java:start(784)) - ScmDatanodeProtocl RPC server is listening at /0.0.0.0:38554
2019-09-26 09:57:07,709 [main] INFO  server.SCMDatanodeProtocolServer (SCMDatanodeProtocolServer.java:start(191)) - RPC server for DataNodes is listening at /0.0.0.0:38554
2019-09-26 09:57:07,710 [IPC Server Responder] INFO  ipc.Server (Server.java:run(1314)) - IPC Server Responder: starting
2019-09-26 09:57:07,710 [IPC Server listener on 38554] INFO  ipc.Server (Server.java:run(1153)) - IPC Server listener on 38554: starting
2019-09-26 09:57:07,714 [main] INFO  http.HttpServer2 (HttpServer2.java:bindListener(1191)) - Jetty bound to port 34395
2019-09-26 09:57:07,715 [main] INFO  server.Server (Server.java:doStart(351)) - jetty-9.3.25.v20180904, build timestamp: 2018-09-04T21:11:46Z, git hash: 3ce520221d0240229c862b122d2b06c12a625732
2019-09-26 09:57:07,749 [main] INFO  handler.ContextHandler (ContextHandler.java:doStart(781)) - Started o.e.j.s.ServletContextHandler@4fce136b{/logs,file:///workdir/hadoop-ozone/integration-test/target/log,AVAILABLE}
2019-09-26 09:57:07,750 [main] INFO  handler.ContextHandler (ContextHandler.java:doStart(781)) - Started o.e.j.s.ServletContextHandler@43b6123e{/static,file:///workdir/hadoop-ozone/integration-test/target/test-classes/webapps/static,AVAILABLE}
2019-09-26 09:57:07,779 [main] INFO  handler.ContextHandler (ContextHandler.java:doStart(781)) - Started o.e.j.w.WebAppContext@6db66836{/,file:///workdir/hadoop-ozone/integration-test/target/test-classes/webapps/scm/,AVAILABLE}{/scm}
2019-09-26 09:57:07,784 [main] INFO  server.AbstractConnector (AbstractConnector.java:doStart(278)) - Started ServerConnector@1ee4730{HTTP/1.1,[http/1.1]}{0.0.0.0:34395}
2019-09-26 09:57:07,784 [main] INFO  server.Server (Server.java:doStart(419)) - Started @2698ms
2019-09-26 09:57:07,786 [main] INFO  impl.MetricsSinkAdapter (MetricsSinkAdapter.java:start(204)) - Sink prometheus started
2019-09-26 09:57:07,786 [main] INFO  impl.MetricsSystemImpl (MetricsSystemImpl.java:registerSink(301)) - Registered sink prometheus
2019-09-26 09:57:07,787 [main] INFO  server.BaseHttpServer (BaseHttpServer.java:updateConnectorAddress(215)) - HTTP server of SCM is listening at http://0.0.0.0:34395
2019-09-26 09:57:07,792 [org.apache.hadoop.util.JvmPauseMonitor$Monitor@51f49060] INFO  util.JvmPauseMonitor (JvmPauseMonitor.java:run(188)) - Starting JVM pause monitor
2019-09-26 09:57:07,794 [main] WARN  server.ServerUtils (ServerUtils.java:getDBPath(222)) - ozone.om.db.dirs is not configured. We recommend adding this setting. Falling back to ozone.metadata.dirs instead.
2019-09-26 09:57:07,888 [main] WARN  server.ServerUtils (ServerUtils.java:getDBPath(222)) - ozone.om.db.dirs is not configured. We recommend adding this setting. Falling back to ozone.metadata.dirs instead.
2019-09-26 09:57:07,888 [main] WARN  server.ServerUtils (ServerUtils.java:getDBPath(222)) - ozone.om.db.dirs is not configured. We recommend adding this setting. Falling back to ozone.metadata.dirs instead.
2019-09-26 09:57:07,889 [main] INFO  om.OzoneManager (OzoneManager.java:setOMNodeDetails(652)) - OM Service ID is not set. Setting it to the default ID: omServiceIdDefault
2019-09-26 09:57:07,890 [main] INFO  om.OzoneManager (OzoneManager.java:setOMNodeDetails(658)) - OM Node ID is not set. Setting it to the OmStorage's OmID: 121cb1cd-01eb-4f6c-8a74-7aba81e880a6
2019-09-26 09:57:07,891 [main] INFO  om.OzoneManager (OzoneManager.java:loadOMHAConfigs(609)) - Found matching OM address with OMServiceId: null, OMNodeId: null, RPC Address: localhost:0 and Ratis port: 9872
2019-09-26 09:57:08,565 [main] WARN  server.ServerUtils (ServerUtils.java:getDBPath(222)) - ozone.om.db.dirs is not configured. We recommend adding this setting. Falling back to ozone.metadata.dirs instead.
2019-09-26 09:57:08,572 [main] INFO  db.DBStoreBuilder (DBStoreBuilder.java:addTable(110)) - using custom profile for table: userTable
2019-09-26 09:57:08,572 [main] INFO  db.DBStoreBuilder (DBStoreBuilder.java:processTables(161)) - Using default column profile:DBProfile.DISK for Table:userTable
2019-09-26 09:57:08,572 [main] INFO  db.DBStoreBuilder (DBStoreBuilder.java:addTable(110)) - using custom profile for table: volumeTable
2019-09-26 09:57:08,572 [main] INFO  db.DBStoreBuilder (DBStoreBuilder.java:processTables(161)) - Using default column profile:DBProfile.DISK for Table:volumeTable
2019-09-26 09:57:08,573 [main] INFO  db.DBStoreBuilder (DBStoreBuilder.java:addTable(110)) - using custom profile for table: bucketTable
2019-09-26 09:57:08,573 [main] INFO  db.DBStoreBuilder (DBStoreBuilder.java:processTables(161)) - Using default column profile:DBProfile.DISK for Table:bucketTable
2019-09-26 09:57:08,573 [main] INFO  db.DBStoreBuilder (DBStoreBuilder.java:addTable(110)) - using custom profile for table: keyTable
2019-09-26 09:57:08,573 [main] INFO  db.DBStoreBuilder (DBStoreBuilder.java:processTables(161)) - Using default column profile:DBProfile.DISK for Table:keyTable
2019-09-26 09:57:08,573 [main] INFO  db.DBStoreBuilder (DBStoreBuilder.java:addTable(110)) - using custom profile for table: deletedTable
2019-09-26 09:57:08,574 [main] INFO  db.DBStoreBuilder (DBStoreBuilder.java:processTables(161)) - Using default column profile:DBProfile.DISK for Table:deletedTable
2019-09-26 09:57:08,574 [main] INFO  db.DBStoreBuilder (DBStoreBuilder.java:addTable(110)) - using custom profile for table: openKeyTable
2019-09-26 09:57:08,574 [main] INFO  db.DBStoreBuilder (DBStoreBuilder.java:processTables(161)) - Using default column profile:DBProfile.DISK for Table:openKeyTable
2019-09-26 09:57:08,574 [main] INFO  db.DBStoreBuilder (DBStoreBuilder.java:addTable(110)) - using custom profile for table: s3Table
2019-09-26 09:57:08,575 [main] INFO  db.DBStoreBuilder (DBStoreBuilder.java:processTables(161)) - Using default column profile:DBProfile.DISK for Table:s3Table
2019-09-26 09:57:08,575 [main] INFO  db.DBStoreBuilder (DBStoreBuilder.java:addTable(110)) - using custom profile for table: multipartInfoTable
2019-09-26 09:57:08,575 [main] INFO  db.DBStoreBuilder (DBStoreBuilder.java:processTables(161)) - Using default column profile:DBProfile.DISK for Table:multipartInfoTable
2019-09-26 09:57:08,575 [main] INFO  db.DBStoreBuilder (DBStoreBuilder.java:addTable(110)) - using custom profile for table: dTokenTable
2019-09-26 09:57:08,576 [main] INFO  db.DBStoreBuilder (DBStoreBuilder.java:processTables(161)) - Using default column profile:DBProfile.DISK for Table:dTokenTable
2019-09-26 09:57:08,576 [main] INFO  db.DBStoreBuilder (DBStoreBuilder.java:addTable(110)) - using custom profile for table: s3SecretTable
2019-09-26 09:57:08,576 [main] INFO  db.DBStoreBuilder (DBStoreBuilder.java:processTables(161)) - Using default column profile:DBProfile.DISK for Table:s3SecretTable
2019-09-26 09:57:08,576 [main] INFO  db.DBStoreBuilder (DBStoreBuilder.java:addTable(110)) - using custom profile for table: prefixTable
2019-09-26 09:57:08,577 [main] INFO  db.DBStoreBuilder (DBStoreBuilder.java:processTables(161)) - Using default column profile:DBProfile.DISK for Table:prefixTable
2019-09-26 09:57:08,577 [main] INFO  db.DBStoreBuilder (DBStoreBuilder.java:addTable(110)) - using custom profile for table: default
2019-09-26 09:57:08,577 [main] INFO  db.DBStoreBuilder (DBStoreBuilder.java:processTables(167)) - Using default column profile:DBProfile.DISK for Table:default
2019-09-26 09:57:08,577 [main] INFO  db.DBStoreBuilder (DBStoreBuilder.java:getDbProfile(198)) - Using default options. DBProfile.DISK
2019-09-26 09:57:09,202 [main] INFO  ipc.CallQueueManager (CallQueueManager.java:<init>(84)) - Using callQueue: class java.util.concurrent.LinkedBlockingQueue, queueCapacity: 2000, scheduler: class org.apache.hadoop.ipc.DefaultRpcScheduler, ipcBackoff: false.
2019-09-26 09:57:09,204 [Socket Reader #1 for port 45450] INFO  ipc.Server (Server.java:run(1074)) - Starting Socket Reader #1 for port 45450
2019-09-26 09:57:09,226 [main] INFO  om.OzoneManager (OzoneManager.java:start(1243)) - OzoneManager RPC server is listening at localhost/127.0.0.1:45450
2019-09-26 09:57:09,227 [main] INFO  impl.MetricsSystemImpl (MetricsSystemImpl.java:init(158)) - OzoneManager metrics system started (again)
2019-09-26 09:57:09,228 [IPC Server Responder] INFO  ipc.Server (Server.java:run(1314)) - IPC Server Responder: starting
2019-09-26 09:57:09,228 [IPC Server listener on 45450] INFO  ipc.Server (Server.java:run(1153)) - IPC Server listener on 45450: starting
2019-09-26 09:57:09,233 [main] INFO  hdfs.DFSUtil (DFSUtil.java:httpServerTemplateForNNAndJN(1641)) - Starting Web-server for ozoneManager at: http://0.0.0.0:0
2019-09-26 09:57:09,235 [main] INFO  server.AuthenticationFilter (AuthenticationFilter.java:constructSecretProvider(240)) - Unable to initialize FileSignerSecretProvider, falling back to use random secrets.
2019-09-26 09:57:09,236 [main] WARN  http.HttpRequestLog (HttpRequestLog.java:getRequestLog(97)) - Jetty request log can only be enabled using Log4j
2019-09-26 09:57:09,238 [main] INFO  http.HttpServer2 (HttpServer2.java:addGlobalFilter(975)) - Added global filter 'safety' (class=org.apache.hadoop.http.HttpServer2$QuotingInputFilter)
2019-09-26 09:57:09,239 [main] INFO  http.HttpServer2 (HttpServer2.java:addFilter(948)) - Added filter static_user_filter (class=org.apache.hadoop.http.lib.StaticUserWebFilter$StaticUserFilter) to context ozoneManager
2019-09-26 09:57:09,239 [main] INFO  http.HttpServer2 (HttpServer2.java:addFilter(958)) - Added filter static_user_filter (class=org.apache.hadoop.http.lib.StaticUserWebFilter$StaticUserFilter) to context static
2019-09-26 09:57:09,239 [main] INFO  http.HttpServer2 (HttpServer2.java:addFilter(958)) - Added filter static_user_filter (class=org.apache.hadoop.http.lib.StaticUserWebFilter$StaticUserFilter) to context logs
2019-09-26 09:57:09,241 [main] INFO  http.HttpServer2 (HttpServer2.java:bindListener(1191)) - Jetty bound to port 38692
2019-09-26 09:57:09,241 [main] INFO  server.Server (Server.java:doStart(351)) - jetty-9.3.25.v20180904, build timestamp: 2018-09-04T21:11:46Z, git hash: 3ce520221d0240229c862b122d2b06c12a625732
2019-09-26 09:57:09,243 [main] INFO  handler.ContextHandler (ContextHandler.java:doStart(781)) - Started o.e.j.s.ServletContextHandler@20ed3303{/logs,file:///workdir/hadoop-ozone/integration-test/target/log,AVAILABLE}
2019-09-26 09:57:09,244 [main] INFO  handler.ContextHandler (ContextHandler.java:doStart(781)) - Started o.e.j.s.ServletContextHandler@3a627c80{/static,file:///workdir/hadoop-ozone/integration-test/target/test-classes/webapps/static,AVAILABLE}
2019-09-26 09:57:09,249 [main] INFO  handler.ContextHandler (ContextHandler.java:doStart(781)) - Started o.e.j.w.WebAppContext@415156bf{/,file:///workdir/hadoop-ozone/integration-test/target/test-classes/webapps/ozoneManager/,AVAILABLE}{/ozoneManager}
2019-09-26 09:57:09,250 [main] INFO  server.AbstractConnector (AbstractConnector.java:doStart(278)) - Started ServerConnector@393881f0{HTTP/1.1,[http/1.1]}{0.0.0.0:38692}
2019-09-26 09:57:09,251 [main] INFO  server.Server (Server.java:doStart(419)) - Started @4165ms
2019-09-26 09:57:09,251 [main] WARN  impl.MetricsSystemImpl (MetricsSystemImpl.java:register(276)) - Sink prometheus already exists!
2019-09-26 09:57:09,253 [main] INFO  server.BaseHttpServer (BaseHttpServer.java:updateConnectorAddress(215)) - HTTP server of OZONEMANAGER is listening at http://0.0.0.0:38692
2019-09-26 09:57:09,571 [main] INFO  impl.MetricsSystemImpl (MetricsSystemImpl.java:init(158)) - HddsDatanode metrics system started (again)
2019-09-26 09:57:09,649 [main] INFO  ozone.HddsDatanodeService (HddsDatanodeService.java:start(184)) - HddsDatanodeService host:pr-hdds-1569-wvzgm-824869521 ip:192.168.30.13
2019-09-26 09:57:09,683 [main] INFO  volume.HddsVolume (HddsVolume.java:<init>(176)) - Creating Volume: /workdir/hadoop-ozone/integration-test/target/test-dir/MiniOzoneClusterImpl-02a89373-ff67-4b13-ad11-60194c127517/datanode-0/data/containers/hdds of  storage type : DISK and capacity : 1482555576320
2019-09-26 09:57:09,686 [main] INFO  volume.VolumeSet (VolumeSet.java:initializeVolumeSet(170)) - Added Volume : /workdir/hadoop-ozone/integration-test/target/test-dir/MiniOzoneClusterImpl-02a89373-ff67-4b13-ad11-60194c127517/datanode-0/data/containers/hdds to VolumeSet
2019-09-26 09:57:09,689 [main] INFO  volume.ThrottledAsyncChecker (ThrottledAsyncChecker.java:schedule(139)) - Scheduling a check for org.apache.hadoop.ozone.container.common.volume.HddsVolume@59496961
2019-09-26 09:57:09,713 [main] INFO  volume.HddsVolumeChecker (HddsVolumeChecker.java:checkAllVolumes(202)) - Scheduled health check for volume org.apache.hadoop.ozone.container.common.volume.HddsVolume@59496961
2019-09-26 09:57:09,862 [main] INFO  impl.RaftServerProxy (ConfUtils.java:logGet(43)) - raft.rpc.type = GRPC (default)
2019-09-26 09:57:09,955 [main] INFO  grpc.GrpcFactory (GrpcFactory.java:checkPooledByteBufAllocatorUseCacheForAllThreads(45)) - PERFORMANCE WARNING: useCacheForAllThreads is true that may cause Netty to create a lot garbage objects and, as a result, trigger GC.
	It is recommended to disable useCacheForAllThreads by setting -Dorg.apache.ratis.thirdparty.io.netty.allocator.useCacheForAllThreads=false in command line.
2019-09-26 09:57:09,961 [main] INFO  grpc.GrpcConfigKeys$Server (ConfUtils.java:logGet(43)) - raft.grpc.server.port = 0 (default)
2019-09-26 09:57:09,962 [main] INFO  server.GrpcService (ConfUtils.java:logGet(43)) - raft.grpc.message.size.max = 33570816 (custom)
2019-09-26 09:57:09,963 [main] INFO  server.RaftServerConfigKeys (ConfUtils.java:logGet(43)) - raft.server.log.appender.buffer.byte-limit = 33554432 (custom)
2019-09-26 09:57:09,964 [main] INFO  server.GrpcService (ConfUtils.java:logGet(43)) - raft.grpc.flow.control.window = 1MB (=1048576) (default)
2019-09-26 09:57:09,965 [main] INFO  server.RaftServerConfigKeys (ConfUtils.java:logGet(43)) - raft.server.rpc.request.timeout = 3000ms (default)
2019-09-26 09:57:10,139 [main] INFO  server.RaftServerConfigKeys (ConfUtils.java:logGet(43)) - raft.server.storage.dir = [/workdir/hadoop-ozone/integration-test/target/test-dir/MiniOzoneClusterImpl-02a89373-ff67-4b13-ad11-60194c127517/datanode-0/data/ratis] (custom)
2019-09-26 09:57:10,208 [main] INFO  hdfs.DFSUtil (DFSUtil.java:httpServerTemplateForNNAndJN(1641)) - Starting Web-server for hddsDatanode at: http://0.0.0.0:0
2019-09-26 09:57:10,213 [main] INFO  server.AuthenticationFilter (AuthenticationFilter.java:constructSecretProvider(240)) - Unable to initialize FileSignerSecretProvider, falling back to use random secrets.
2019-09-26 09:57:10,214 [main] WARN  http.HttpRequestLog (HttpRequestLog.java:getRequestLog(97)) - Jetty request log can only be enabled using Log4j
2019-09-26 09:57:10,217 [main] INFO  http.HttpServer2 (HttpServer2.java:addGlobalFilter(975)) - Added global filter 'safety' (class=org.apache.hadoop.http.HttpServer2$QuotingInputFilter)
2019-09-26 09:57:10,218 [main] INFO  http.HttpServer2 (HttpServer2.java:addFilter(948)) - Added filter static_user_filter (class=org.apache.hadoop.http.lib.StaticUserWebFilter$StaticUserFilter) to context hddsDatanode
2019-09-26 09:57:10,219 [main] INFO  http.HttpServer2 (HttpServer2.java:addFilter(958)) - Added filter static_user_filter (class=org.apache.hadoop.http.lib.StaticUserWebFilter$StaticUserFilter) to context logs
2019-09-26 09:57:10,219 [main] INFO  http.HttpServer2 (HttpServer2.java:addFilter(958)) - Added filter static_user_filter (class=org.apache.hadoop.http.lib.StaticUserWebFilter$StaticUserFilter) to context static
2019-09-26 09:57:10,221 [main] INFO  http.HttpServer2 (HttpServer2.java:bindListener(1191)) - Jetty bound to port 34191
2019-09-26 09:57:10,221 [main] INFO  server.Server (Server.java:doStart(351)) - jetty-9.3.25.v20180904, build timestamp: 2018-09-04T21:11:46Z, git hash: 3ce520221d0240229c862b122d2b06c12a625732
2019-09-26 09:57:10,224 [main] INFO  handler.ContextHandler (ContextHandler.java:doStart(781)) - Started o.e.j.s.ServletContextHandler@43045f9f{/logs,file:///workdir/hadoop-ozone/integration-test/target/log,AVAILABLE}
2019-09-26 09:57:10,225 [main] INFO  handler.ContextHandler (ContextHandler.java:doStart(781)) - Started o.e.j.s.ServletContextHandler@6403e24c{/static,jar:file:/home/user/.m2/repository/org/apache/hadoop/hadoop-hdds-container-service/0.5.0-SNAPSHOT/hadoop-hdds-container-service-0.5.0-SNAPSHOT.jar!/webapps/static,AVAILABLE}
2019-09-26 09:57:10,275 [main] INFO  handler.ContextHandler (ContextHandler.java:doStart(781)) - Started o.e.j.w.WebAppContext@5df778c3{/,file:///tmp/jetty-0.0.0.0-34191-hddsDatanode-_-any-3852445071418033928.dir/webapp/,AVAILABLE}{/hddsDatanode}
2019-09-26 09:57:10,276 [main] INFO  server.AbstractConnector (AbstractConnector.java:doStart(278)) - Started ServerConnector@895416d{HTTP/1.1,[http/1.1]}{0.0.0.0:34191}
2019-09-26 09:57:10,277 [main] INFO  server.Server (Server.java:doStart(419)) - Started @5191ms
2019-09-26 09:57:10,278 [main] WARN  impl.MetricsSystemImpl (MetricsSystemImpl.java:register(276)) - Sink prometheus already exists!
2019-09-26 09:57:10,279 [main] INFO  server.BaseHttpServer (BaseHttpServer.java:updateConnectorAddress(215)) - HTTP server of HDDSDATANODE is listening at http://0.0.0.0:34191
2019-09-26 09:57:10,281 [main] INFO  impl.MetricsSystemImpl (MetricsSystemImpl.java:init(158)) - HddsDatanode metrics system started (again)
2019-09-26 09:57:10,287 [main] INFO  ozone.HddsDatanodeService (HddsDatanodeService.java:start(184)) - HddsDatanodeService host:pr-hdds-1569-wvzgm-824869521 ip:192.168.30.13
2019-09-26 09:57:10,287 [org.apache.hadoop.util.JvmPauseMonitor$Monitor@203ea9d5] INFO  util.JvmPauseMonitor (JvmPauseMonitor.java:run(188)) - Starting JVM pause monitor
2019-09-26 09:57:10,299 [main] INFO  volume.HddsVolume (HddsVolume.java:<init>(176)) - Creating Volume: /workdir/hadoop-ozone/integration-test/target/test-dir/MiniOzoneClusterImpl-02a89373-ff67-4b13-ad11-60194c127517/datanode-1/data/containers/hdds of  storage type : DISK and capacity : 1482555576320
2019-09-26 09:57:10,300 [main] INFO  volume.VolumeSet (VolumeSet.java:initializeVolumeSet(170)) - Added Volume : /workdir/hadoop-ozone/integration-test/target/test-dir/MiniOzoneClusterImpl-02a89373-ff67-4b13-ad11-60194c127517/datanode-1/data/containers/hdds to VolumeSet
2019-09-26 09:57:10,300 [main] INFO  volume.ThrottledAsyncChecker (ThrottledAsyncChecker.java:schedule(139)) - Scheduling a check for org.apache.hadoop.ozone.container.common.volume.HddsVolume@55e42449
2019-09-26 09:57:10,301 [main] INFO  volume.HddsVolumeChecker (HddsVolumeChecker.java:checkAllVolumes(202)) - Scheduled health check for volume org.apache.hadoop.ozone.container.common.volume.HddsVolume@55e42449
2019-09-26 09:57:10,326 [main] INFO  impl.RaftServerProxy (ConfUtils.java:logGet(43)) - raft.rpc.type = GRPC (default)
2019-09-26 09:57:10,326 [main] INFO  grpc.GrpcFactory (GrpcFactory.java:checkPooledByteBufAllocatorUseCacheForAllThreads(45)) - PERFORMANCE WARNING: useCacheForAllThreads is true that may cause Netty to create a lot garbage objects and, as a result, trigger GC.
	It is recommended to disable useCacheForAllThreads by setting -Dorg.apache.ratis.thirdparty.io.netty.allocator.useCacheForAllThreads=false in command line.
2019-09-26 09:57:10,327 [main] INFO  grpc.GrpcConfigKeys$Server (ConfUtils.java:logGet(43)) - raft.grpc.server.port = 0 (default)
2019-09-26 09:57:10,327 [main] INFO  server.GrpcService (ConfUtils.java:logGet(43)) - raft.grpc.message.size.max = 33570816 (custom)
2019-09-26 09:57:10,328 [main] INFO  server.RaftServerConfigKeys (ConfUtils.java:logGet(43)) - raft.server.log.appender.buffer.byte-limit = 33554432 (custom)
2019-09-26 09:57:10,328 [main] INFO  server.GrpcService (ConfUtils.java:logGet(43)) - raft.grpc.flow.control.window = 1MB (=1048576) (default)
2019-09-26 09:57:10,329 [main] INFO  server.RaftServerConfigKeys (ConfUtils.java:logGet(43)) - raft.server.rpc.request.timeout = 3000ms (default)
2019-09-26 09:57:10,329 [main] INFO  server.RaftServerConfigKeys (ConfUtils.java:logGet(43)) - raft.server.storage.dir = [/workdir/hadoop-ozone/integration-test/target/test-dir/MiniOzoneClusterImpl-02a89373-ff67-4b13-ad11-60194c127517/datanode-1/data/ratis] (custom)
2019-09-26 09:57:10,332 [main] INFO  hdfs.DFSUtil (DFSUtil.java:httpServerTemplateForNNAndJN(1641)) - Starting Web-server for hddsDatanode at: http://0.0.0.0:0
2019-09-26 09:57:10,334 [main] INFO  server.AuthenticationFilter (AuthenticationFilter.java:constructSecretProvider(240)) - Unable to initialize FileSignerSecretProvider, falling back to use random secrets.
2019-09-26 09:57:10,335 [main] WARN  http.HttpRequestLog (HttpRequestLog.java:getRequestLog(97)) - Jetty request log can only be enabled using Log4j
2019-09-26 09:57:10,337 [main] INFO  http.HttpServer2 (HttpServer2.java:addGlobalFilter(975)) - Added global filter 'safety' (class=org.apache.hadoop.http.HttpServer2$QuotingInputFilter)
2019-09-26 09:57:10,338 [main] INFO  http.HttpServer2 (HttpServer2.java:addFilter(948)) - Added filter static_user_filter (class=org.apache.hadoop.http.lib.StaticUserWebFilter$StaticUserFilter) to context hddsDatanode
2019-09-26 09:57:10,338 [main] INFO  http.HttpServer2 (HttpServer2.java:addFilter(958)) - Added filter static_user_filter (class=org.apache.hadoop.http.lib.StaticUserWebFilter$StaticUserFilter) to context logs
2019-09-26 09:57:10,338 [main] INFO  http.HttpServer2 (HttpServer2.java:addFilter(958)) - Added filter static_user_filter (class=org.apache.hadoop.http.lib.StaticUserWebFilter$StaticUserFilter) to context static
2019-09-26 09:57:10,339 [main] INFO  http.HttpServer2 (HttpServer2.java:bindListener(1191)) - Jetty bound to port 41665
2019-09-26 09:57:10,340 [main] INFO  server.Server (Server.java:doStart(351)) - jetty-9.3.25.v20180904, build timestamp: 2018-09-04T21:11:46Z, git hash: 3ce520221d0240229c862b122d2b06c12a625732
2019-09-26 09:57:10,344 [main] INFO  handler.ContextHandler (ContextHandler.java:doStart(781)) - Started o.e.j.s.ServletContextHandler@c27a3a2{/logs,file:///workdir/hadoop-ozone/integration-test/target/log,AVAILABLE}
2019-09-26 09:57:10,345 [main] INFO  handler.ContextHandler (ContextHandler.java:doStart(781)) - Started o.e.j.s.ServletContextHandler@1a2bcd56{/static,jar:file:/home/user/.m2/repository/org/apache/hadoop/hadoop-hdds-container-service/0.5.0-SNAPSHOT/hadoop-hdds-container-service-0.5.0-SNAPSHOT.jar!/webapps/static,AVAILABLE}
2019-09-26 09:57:10,379 [main] INFO  handler.ContextHandler (ContextHandler.java:doStart(781)) - Started o.e.j.w.WebAppContext@52d97ab6{/,file:///tmp/jetty-0.0.0.0-41665-hddsDatanode-_-any-65038356991271026.dir/webapp/,AVAILABLE}{/hddsDatanode}
2019-09-26 09:57:10,379 [main] INFO  server.AbstractConnector (AbstractConnector.java:doStart(278)) - Started ServerConnector@4da6d664{HTTP/1.1,[http/1.1]}{0.0.0.0:41665}
2019-09-26 09:57:10,380 [main] INFO  server.Server (Server.java:doStart(419)) - Started @5294ms
2019-09-26 09:57:10,382 [main] WARN  impl.MetricsSystemImpl (MetricsSystemImpl.java:register(276)) - Sink prometheus already exists!
2019-09-26 09:57:10,382 [main] INFO  server.BaseHttpServer (BaseHttpServer.java:updateConnectorAddress(215)) - HTTP server of HDDSDATANODE is listening at http://0.0.0.0:41665
2019-09-26 09:57:10,383 [main] INFO  impl.MetricsSystemImpl (MetricsSystemImpl.java:init(158)) - HddsDatanode metrics system started (again)
2019-09-26 09:57:10,386 [main] INFO  ozone.HddsDatanodeService (HddsDatanodeService.java:start(184)) - HddsDatanodeService host:pr-hdds-1569-wvzgm-824869521 ip:192.168.30.13
2019-09-26 09:57:10,386 [org.apache.hadoop.util.JvmPauseMonitor$Monitor@3ea427ff] INFO  util.JvmPauseMonitor (JvmPauseMonitor.java:run(188)) - Starting JVM pause monitor
2019-09-26 09:57:10,395 [main] INFO  volume.HddsVolume (HddsVolume.java:<init>(176)) - Creating Volume: /workdir/hadoop-ozone/integration-test/target/test-dir/MiniOzoneClusterImpl-02a89373-ff67-4b13-ad11-60194c127517/datanode-2/data/containers/hdds of  storage type : DISK and capacity : 1482555576320
2019-09-26 09:57:10,395 [main] INFO  volume.VolumeSet (VolumeSet.java:initializeVolumeSet(170)) - Added Volume : /workdir/hadoop-ozone/integration-test/target/test-dir/MiniOzoneClusterImpl-02a89373-ff67-4b13-ad11-60194c127517/datanode-2/data/containers/hdds to VolumeSet
2019-09-26 09:57:10,396 [main] INFO  volume.ThrottledAsyncChecker (ThrottledAsyncChecker.java:schedule(139)) - Scheduling a check for org.apache.hadoop.ozone.container.common.volume.HddsVolume@50850539
2019-09-26 09:57:10,396 [main] INFO  volume.HddsVolumeChecker (HddsVolumeChecker.java:checkAllVolumes(202)) - Scheduled health check for volume org.apache.hadoop.ozone.container.common.volume.HddsVolume@50850539
2019-09-26 09:57:10,412 [main] INFO  impl.RaftServerProxy (ConfUtils.java:logGet(43)) - raft.rpc.type = GRPC (default)
2019-09-26 09:57:10,412 [main] INFO  grpc.GrpcFactory (GrpcFactory.java:checkPooledByteBufAllocatorUseCacheForAllThreads(45)) - PERFORMANCE WARNING: useCacheForAllThreads is true that may cause Netty to create a lot garbage objects and, as a result, trigger GC.
	It is recommended to disable useCacheForAllThreads by setting -Dorg.apache.ratis.thirdparty.io.netty.allocator.useCacheForAllThreads=false in command line.
2019-09-26 09:57:10,412 [main] INFO  grpc.GrpcConfigKeys$Server (ConfUtils.java:logGet(43)) - raft.grpc.server.port = 0 (default)
2019-09-26 09:57:10,412 [main] INFO  server.GrpcService (ConfUtils.java:logGet(43)) - raft.grpc.message.size.max = 33570816 (custom)
2019-09-26 09:57:10,413 [main] INFO  server.RaftServerConfigKeys (ConfUtils.java:logGet(43)) - raft.server.log.appender.buffer.byte-limit = 33554432 (custom)
2019-09-26 09:57:10,413 [main] INFO  server.GrpcService (ConfUtils.java:logGet(43)) - raft.grpc.flow.control.window = 1MB (=1048576) (default)
2019-09-26 09:57:10,413 [main] INFO  server.RaftServerConfigKeys (ConfUtils.java:logGet(43)) - raft.server.rpc.request.timeout = 3000ms (default)
2019-09-26 09:57:10,414 [main] INFO  server.RaftServerConfigKeys (ConfUtils.java:logGet(43)) - raft.server.storage.dir = [/workdir/hadoop-ozone/integration-test/target/test-dir/MiniOzoneClusterImpl-02a89373-ff67-4b13-ad11-60194c127517/datanode-2/data/ratis] (custom)
2019-09-26 09:57:10,416 [Datanode State Machine Thread - 0] INFO  datanode.InitDatanodeState (InitDatanodeState.java:persistContainerDatanodeDetails(140)) - DatanodeDetails is persisted to /workdir/hadoop-ozone/integration-test/target/test-dir/MiniOzoneClusterImpl-02a89373-ff67-4b13-ad11-60194c127517/datanode-0/meta/datanode.id
2019-09-26 09:57:10,416 [main] INFO  hdfs.DFSUtil (DFSUtil.java:httpServerTemplateForNNAndJN(1641)) - Starting Web-server for hddsDatanode at: http://0.0.0.0:0
2019-09-26 09:57:10,420 [main] INFO  server.AuthenticationFilter (AuthenticationFilter.java:constructSecretProvider(240)) - Unable to initialize FileSignerSecretProvider, falling back to use random secrets.
2019-09-26 09:57:10,420 [main] WARN  http.HttpRequestLog (HttpRequestLog.java:getRequestLog(97)) - Jetty request log can only be enabled using Log4j
2019-09-26 09:57:10,421 [Datanode State Machine Thread - 0] INFO  datanode.InitDatanodeState (InitDatanodeState.java:persistContainerDatanodeDetails(140)) - DatanodeDetails is persisted to /workdir/hadoop-ozone/integration-test/target/test-dir/MiniOzoneClusterImpl-02a89373-ff67-4b13-ad11-60194c127517/datanode-1/meta/datanode.id
2019-09-26 09:57:10,422 [main] INFO  http.HttpServer2 (HttpServer2.java:addGlobalFilter(975)) - Added global filter 'safety' (class=org.apache.hadoop.http.HttpServer2$QuotingInputFilter)
2019-09-26 09:57:10,423 [main] INFO  http.HttpServer2 (HttpServer2.java:addFilter(948)) - Added filter static_user_filter (class=org.apache.hadoop.http.lib.StaticUserWebFilter$StaticUserFilter) to context hddsDatanode
2019-09-26 09:57:10,423 [main] INFO  http.HttpServer2 (HttpServer2.java:addFilter(958)) - Added filter static_user_filter (class=org.apache.hadoop.http.lib.StaticUserWebFilter$StaticUserFilter) to context logs
2019-09-26 09:57:10,424 [main] INFO  http.HttpServer2 (HttpServer2.java:addFilter(958)) - Added filter static_user_filter (class=org.apache.hadoop.http.lib.StaticUserWebFilter$StaticUserFilter) to context static
2019-09-26 09:57:10,424 [main] INFO  http.HttpServer2 (HttpServer2.java:bindListener(1191)) - Jetty bound to port 38030
2019-09-26 09:57:10,424 [main] INFO  server.Server (Server.java:doStart(351)) - jetty-9.3.25.v20180904, build timestamp: 2018-09-04T21:11:46Z, git hash: 3ce520221d0240229c862b122d2b06c12a625732
2019-09-26 09:57:10,426 [main] INFO  handler.ContextHandler (ContextHandler.java:doStart(781)) - Started o.e.j.s.ServletContextHandler@726aa968{/logs,file:///workdir/hadoop-ozone/integration-test/target/log,AVAILABLE}
2019-09-26 09:57:10,427 [main] INFO  handler.ContextHandler (ContextHandler.java:doStart(781)) - Started o.e.j.s.ServletContextHandler@712cfb63{/static,jar:file:/home/user/.m2/repository/org/apache/hadoop/hadoop-hdds-container-service/0.5.0-SNAPSHOT/hadoop-hdds-container-service-0.5.0-SNAPSHOT.jar!/webapps/static,AVAILABLE}
2019-09-26 09:57:10,456 [main] INFO  handler.ContextHandler (ContextHandler.java:doStart(781)) - Started o.e.j.w.WebAppContext@7ecec90d{/,file:///tmp/jetty-0.0.0.0-38030-hddsDatanode-_-any-848215054470133863.dir/webapp/,AVAILABLE}{/hddsDatanode}
2019-09-26 09:57:10,456 [main] INFO  server.AbstractConnector (AbstractConnector.java:doStart(278)) - Started ServerConnector@588f63c{HTTP/1.1,[http/1.1]}{0.0.0.0:38030}
2019-09-26 09:57:10,457 [main] INFO  server.Server (Server.java:doStart(419)) - Started @5371ms
2019-09-26 09:57:10,459 [main] WARN  impl.MetricsSystemImpl (MetricsSystemImpl.java:register(276)) - Sink prometheus already exists!
2019-09-26 09:57:10,460 [main] INFO  server.BaseHttpServer (BaseHttpServer.java:updateConnectorAddress(215)) - HTTP server of HDDSDATANODE is listening at http://0.0.0.0:38030
2019-09-26 09:57:10,460 [main] INFO  impl.MetricsSystemImpl (MetricsSystemImpl.java:init(158)) - HddsDatanode metrics system started (again)
2019-09-26 09:57:10,463 [main] INFO  ozone.HddsDatanodeService (HddsDatanodeService.java:start(184)) - HddsDatanodeService host:pr-hdds-1569-wvzgm-824869521 ip:192.168.30.13
2019-09-26 09:57:10,463 [org.apache.hadoop.util.JvmPauseMonitor$Monitor@1f3e1d4] INFO  util.JvmPauseMonitor (JvmPauseMonitor.java:run(188)) - Starting JVM pause monitor
2019-09-26 09:57:10,465 [Datanode State Machine Thread - 0] INFO  datanode.InitDatanodeState (InitDatanodeState.java:persistContainerDatanodeDetails(140)) - DatanodeDetails is persisted to /workdir/hadoop-ozone/integration-test/target/test-dir/MiniOzoneClusterImpl-02a89373-ff67-4b13-ad11-60194c127517/datanode-2/meta/datanode.id
2019-09-26 09:57:10,471 [main] INFO  volume.HddsVolume (HddsVolume.java:<init>(176)) - Creating Volume: /workdir/hadoop-ozone/integration-test/target/test-dir/MiniOzoneClusterImpl-02a89373-ff67-4b13-ad11-60194c127517/datanode-3/data/containers/hdds of  storage type : DISK and capacity : 1482555576320
2019-09-26 09:57:10,472 [main] INFO  volume.VolumeSet (VolumeSet.java:initializeVolumeSet(170)) - Added Volume : /workdir/hadoop-ozone/integration-test/target/test-dir/MiniOzoneClusterImpl-02a89373-ff67-4b13-ad11-60194c127517/datanode-3/data/containers/hdds to VolumeSet
2019-09-26 09:57:10,472 [main] INFO  volume.ThrottledAsyncChecker (ThrottledAsyncChecker.java:schedule(139)) - Scheduling a check for org.apache.hadoop.ozone.container.common.volume.HddsVolume@7efb53af
2019-09-26 09:57:10,473 [main] INFO  volume.HddsVolumeChecker (HddsVolumeChecker.java:checkAllVolumes(202)) - Scheduled health check for volume org.apache.hadoop.ozone.container.common.volume.HddsVolume@7efb53af
2019-09-26 09:57:10,487 [main] INFO  impl.RaftServerProxy (ConfUtils.java:logGet(43)) - raft.rpc.type = GRPC (default)
2019-09-26 09:57:10,487 [main] INFO  grpc.GrpcFactory (GrpcFactory.java:checkPooledByteBufAllocatorUseCacheForAllThreads(45)) - PERFORMANCE WARNING: useCacheForAllThreads is true that may cause Netty to create a lot garbage objects and, as a result, trigger GC.
	It is recommended to disable useCacheForAllThreads by setting -Dorg.apache.ratis.thirdparty.io.netty.allocator.useCacheForAllThreads=false in command line.
2019-09-26 09:57:10,488 [main] INFO  grpc.GrpcConfigKeys$Server (ConfUtils.java:logGet(43)) - raft.grpc.server.port = 0 (default)
2019-09-26 09:57:10,488 [main] INFO  server.GrpcService (ConfUtils.java:logGet(43)) - raft.grpc.message.size.max = 33570816 (custom)
2019-09-26 09:57:10,488 [main] INFO  server.RaftServerConfigKeys (ConfUtils.java:logGet(43)) - raft.server.log.appender.buffer.byte-limit = 33554432 (custom)
2019-09-26 09:57:10,489 [main] INFO  server.GrpcService (ConfUtils.java:logGet(43)) - raft.grpc.flow.control.window = 1MB (=1048576) (default)
2019-09-26 09:57:10,489 [main] INFO  server.RaftServerConfigKeys (ConfUtils.java:logGet(43)) - raft.server.rpc.request.timeout = 3000ms (default)
2019-09-26 09:57:10,490 [main] INFO  server.RaftServerConfigKeys (ConfUtils.java:logGet(43)) - raft.server.storage.dir = [/workdir/hadoop-ozone/integration-test/target/test-dir/MiniOzoneClusterImpl-02a89373-ff67-4b13-ad11-60194c127517/datanode-3/data/ratis] (custom)
2019-09-26 09:57:10,492 [main] INFO  hdfs.DFSUtil (DFSUtil.java:httpServerTemplateForNNAndJN(1641)) - Starting Web-server for hddsDatanode at: http://0.0.0.0:0
2019-09-26 09:57:10,493 [main] INFO  server.AuthenticationFilter (AuthenticationFilter.java:constructSecretProvider(240)) - Unable to initialize FileSignerSecretProvider, falling back to use random secrets.
2019-09-26 09:57:10,494 [main] WARN  http.HttpRequestLog (HttpRequestLog.java:getRequestLog(97)) - Jetty request log can only be enabled using Log4j
2019-09-26 09:57:10,495 [main] INFO  http.HttpServer2 (HttpServer2.java:addGlobalFilter(975)) - Added global filter 'safety' (class=org.apache.hadoop.http.HttpServer2$QuotingInputFilter)
2019-09-26 09:57:10,496 [main] INFO  http.HttpServer2 (HttpServer2.java:addFilter(948)) - Added filter static_user_filter (class=org.apache.hadoop.http.lib.StaticUserWebFilter$StaticUserFilter) to context hddsDatanode
2019-09-26 09:57:10,496 [main] INFO  http.HttpServer2 (HttpServer2.java:addFilter(958)) - Added filter static_user_filter (class=org.apache.hadoop.http.lib.StaticUserWebFilter$StaticUserFilter) to context logs
2019-09-26 09:57:10,496 [main] INFO  http.HttpServer2 (HttpServer2.java:addFilter(958)) - Added filter static_user_filter (class=org.apache.hadoop.http.lib.StaticUserWebFilter$StaticUserFilter) to context static
2019-09-26 09:57:10,497 [main] INFO  http.HttpServer2 (HttpServer2.java:bindListener(1191)) - Jetty bound to port 45588
2019-09-26 09:57:10,497 [main] INFO  server.Server (Server.java:doStart(351)) - jetty-9.3.25.v20180904, build timestamp: 2018-09-04T21:11:46Z, git hash: 3ce520221d0240229c862b122d2b06c12a625732
2019-09-26 09:57:10,502 [main] INFO  handler.ContextHandler (ContextHandler.java:doStart(781)) - Started o.e.j.s.ServletContextHandler@72f9f27c{/logs,file:///workdir/hadoop-ozone/integration-test/target/log,AVAILABLE}
2019-09-26 09:57:10,502 [main] INFO  handler.ContextHandler (ContextHandler.java:doStart(781)) - Started o.e.j.s.ServletContextHandler@762637be{/static,jar:file:/home/user/.m2/repository/org/apache/hadoop/hadoop-hdds-container-service/0.5.0-SNAPSHOT/hadoop-hdds-container-service-0.5.0-SNAPSHOT.jar!/webapps/static,AVAILABLE}
2019-09-26 09:57:10,531 [main] INFO  handler.ContextHandler (ContextHandler.java:doStart(781)) - Started o.e.j.w.WebAppContext@715b886f{/,file:///tmp/jetty-0.0.0.0-45588-hddsDatanode-_-any-6387245225518322525.dir/webapp/,AVAILABLE}{/hddsDatanode}
2019-09-26 09:57:10,532 [main] INFO  server.AbstractConnector (AbstractConnector.java:doStart(278)) - Started ServerConnector@7fb29ca9{HTTP/1.1,[http/1.1]}{0.0.0.0:45588}
2019-09-26 09:57:10,533 [main] INFO  server.Server (Server.java:doStart(419)) - Started @5447ms
2019-09-26 09:57:10,534 [main] WARN  impl.MetricsSystemImpl (MetricsSystemImpl.java:register(276)) - Sink prometheus already exists!
2019-09-26 09:57:10,535 [main] INFO  server.BaseHttpServer (BaseHttpServer.java:updateConnectorAddress(215)) - HTTP server of HDDSDATANODE is listening at http://0.0.0.0:45588
2019-09-26 09:57:10,535 [main] INFO  impl.MetricsSystemImpl (MetricsSystemImpl.java:init(158)) - HddsDatanode metrics system started (again)
2019-09-26 09:57:10,537 [org.apache.hadoop.util.JvmPauseMonitor$Monitor@63dc61a6] INFO  util.JvmPauseMonitor (JvmPauseMonitor.java:run(188)) - Starting JVM pause monitor
2019-09-26 09:57:10,543 [main] INFO  ozone.HddsDatanodeService (HddsDatanodeService.java:start(184)) - HddsDatanodeService host:pr-hdds-1569-wvzgm-824869521 ip:192.168.30.13
2019-09-26 09:57:10,545 [Datanode State Machine Thread - 0] INFO  datanode.InitDatanodeState (InitDatanodeState.java:persistContainerDatanodeDetails(140)) - DatanodeDetails is persisted to /workdir/hadoop-ozone/integration-test/target/test-dir/MiniOzoneClusterImpl-02a89373-ff67-4b13-ad11-60194c127517/datanode-3/meta/datanode.id
2019-09-26 09:57:10,552 [main] INFO  volume.HddsVolume (HddsVolume.java:<init>(176)) - Creating Volume: /workdir/hadoop-ozone/integration-test/target/test-dir/MiniOzoneClusterImpl-02a89373-ff67-4b13-ad11-60194c127517/datanode-4/data/containers/hdds of  storage type : DISK and capacity : 1482555576320
2019-09-26 09:57:10,552 [main] INFO  volume.VolumeSet (VolumeSet.java:initializeVolumeSet(170)) - Added Volume : /workdir/hadoop-ozone/integration-test/target/test-dir/MiniOzoneClusterImpl-02a89373-ff67-4b13-ad11-60194c127517/datanode-4/data/containers/hdds to VolumeSet
2019-09-26 09:57:10,552 [main] INFO  volume.ThrottledAsyncChecker (ThrottledAsyncChecker.java:schedule(139)) - Scheduling a check for org.apache.hadoop.ozone.container.common.volume.HddsVolume@5d2828c9
2019-09-26 09:57:10,553 [main] INFO  volume.HddsVolumeChecker (HddsVolumeChecker.java:checkAllVolumes(202)) - Scheduled health check for volume org.apache.hadoop.ozone.container.common.volume.HddsVolume@5d2828c9
2019-09-26 09:57:10,571 [main] INFO  impl.RaftServerProxy (ConfUtils.java:logGet(43)) - raft.rpc.type = GRPC (default)
2019-09-26 09:57:10,571 [main] INFO  grpc.GrpcFactory (GrpcFactory.java:checkPooledByteBufAllocatorUseCacheForAllThreads(45)) - PERFORMANCE WARNING: useCacheForAllThreads is true that may cause Netty to create a lot garbage objects and, as a result, trigger GC.
	It is recommended to disable useCacheForAllThreads by setting -Dorg.apache.ratis.thirdparty.io.netty.allocator.useCacheForAllThreads=false in command line.
2019-09-26 09:57:10,571 [main] INFO  grpc.GrpcConfigKeys$Server (ConfUtils.java:logGet(43)) - raft.grpc.server.port = 0 (default)
2019-09-26 09:57:10,572 [main] INFO  server.GrpcService (ConfUtils.java:logGet(43)) - raft.grpc.message.size.max = 33570816 (custom)
2019-09-26 09:57:10,572 [main] INFO  server.RaftServerConfigKeys (ConfUtils.java:logGet(43)) - raft.server.log.appender.buffer.byte-limit = 33554432 (custom)
2019-09-26 09:57:10,572 [main] INFO  server.GrpcService (ConfUtils.java:logGet(43)) - raft.grpc.flow.control.window = 1MB (=1048576) (default)
2019-09-26 09:57:10,573 [main] INFO  server.RaftServerConfigKeys (ConfUtils.java:logGet(43)) - raft.server.rpc.request.timeout = 3000ms (default)
2019-09-26 09:57:10,573 [main] INFO  server.RaftServerConfigKeys (ConfUtils.java:logGet(43)) - raft.server.storage.dir = [/workdir/hadoop-ozone/integration-test/target/test-dir/MiniOzoneClusterImpl-02a89373-ff67-4b13-ad11-60194c127517/datanode-4/data/ratis] (custom)
2019-09-26 09:57:10,575 [main] INFO  hdfs.DFSUtil (DFSUtil.java:httpServerTemplateForNNAndJN(1641)) - Starting Web-server for hddsDatanode at: http://0.0.0.0:0
2019-09-26 09:57:10,577 [main] INFO  server.AuthenticationFilter (AuthenticationFilter.java:constructSecretProvider(240)) - Unable to initialize FileSignerSecretProvider, falling back to use random secrets.
2019-09-26 09:57:10,577 [main] WARN  http.HttpRequestLog (HttpRequestLog.java:getRequestLog(97)) - Jetty request log can only be enabled using Log4j
2019-09-26 09:57:10,579 [main] INFO  http.HttpServer2 (HttpServer2.java:addGlobalFilter(975)) - Added global filter 'safety' (class=org.apache.hadoop.http.HttpServer2$QuotingInputFilter)
2019-09-26 09:57:10,580 [main] INFO  http.HttpServer2 (HttpServer2.java:addFilter(948)) - Added filter static_user_filter (class=org.apache.hadoop.http.lib.StaticUserWebFilter$StaticUserFilter) to context hddsDatanode
2019-09-26 09:57:10,580 [main] INFO  http.HttpServer2 (HttpServer2.java:addFilter(958)) - Added filter static_user_filter (class=org.apache.hadoop.http.lib.StaticUserWebFilter$StaticUserFilter) to context static
2019-09-26 09:57:10,580 [main] INFO  http.HttpServer2 (HttpServer2.java:addFilter(958)) - Added filter static_user_filter (class=org.apache.hadoop.http.lib.StaticUserWebFilter$StaticUserFilter) to context logs
2019-09-26 09:57:10,581 [main] INFO  http.HttpServer2 (HttpServer2.java:bindListener(1191)) - Jetty bound to port 42882
2019-09-26 09:57:10,581 [main] INFO  server.Server (Server.java:doStart(351)) - jetty-9.3.25.v20180904, build timestamp: 2018-09-04T21:11:46Z, git hash: 3ce520221d0240229c862b122d2b06c12a625732
2019-09-26 09:57:10,583 [main] INFO  handler.ContextHandler (ContextHandler.java:doStart(781)) - Started o.e.j.s.ServletContextHandler@6f94fb9d{/logs,file:///workdir/hadoop-ozone/integration-test/target/log,AVAILABLE}
2019-09-26 09:57:10,584 [main] INFO  handler.ContextHandler (ContextHandler.java:doStart(781)) - Started o.e.j.s.ServletContextHandler@4228bf58{/static,jar:file:/home/user/.m2/repository/org/apache/hadoop/hadoop-hdds-container-service/0.5.0-SNAPSHOT/hadoop-hdds-container-service-0.5.0-SNAPSHOT.jar!/webapps/static,AVAILABLE}
2019-09-26 09:57:10,647 [main] INFO  handler.ContextHandler (ContextHandler.java:doStart(781)) - Started o.e.j.w.WebAppContext@2630dbc4{/,file:///tmp/jetty-0.0.0.0-42882-hddsDatanode-_-any-2267355772033176446.dir/webapp/,AVAILABLE}{/hddsDatanode}
2019-09-26 09:57:10,649 [main] INFO  server.AbstractConnector (AbstractConnector.java:doStart(278)) - Started ServerConnector@5ea4300e{HTTP/1.1,[http/1.1]}{0.0.0.0:42882}
2019-09-26 09:57:10,650 [main] INFO  server.Server (Server.java:doStart(419)) - Started @5564ms
2019-09-26 09:57:10,651 [main] WARN  impl.MetricsSystemImpl (MetricsSystemImpl.java:register(276)) - Sink prometheus already exists!
2019-09-26 09:57:10,652 [main] INFO  server.BaseHttpServer (BaseHttpServer.java:updateConnectorAddress(215)) - HTTP server of HDDSDATANODE is listening at http://0.0.0.0:42882
2019-09-26 09:57:10,653 [main] INFO  impl.MetricsSystemImpl (MetricsSystemImpl.java:init(158)) - HddsDatanode metrics system started (again)
2019-09-26 09:57:10,656 [org.apache.hadoop.util.JvmPauseMonitor$Monitor@3b99ceaa] INFO  util.JvmPauseMonitor (JvmPauseMonitor.java:run(188)) - Starting JVM pause monitor
2019-09-26 09:57:10,659 [main] INFO  ozone.HddsDatanodeService (HddsDatanodeService.java:start(184)) - HddsDatanodeService host:pr-hdds-1569-wvzgm-824869521 ip:192.168.30.13
2019-09-26 09:57:10,660 [Datanode State Machine Thread - 0] INFO  datanode.InitDatanodeState (InitDatanodeState.java:persistContainerDatanodeDetails(140)) - DatanodeDetails is persisted to /workdir/hadoop-ozone/integration-test/target/test-dir/MiniOzoneClusterImpl-02a89373-ff67-4b13-ad11-60194c127517/datanode-4/meta/datanode.id
2019-09-26 09:57:10,670 [main] INFO  volume.HddsVolume (HddsVolume.java:<init>(176)) - Creating Volume: /workdir/hadoop-ozone/integration-test/target/test-dir/MiniOzoneClusterImpl-02a89373-ff67-4b13-ad11-60194c127517/datanode-5/data/containers/hdds of  storage type : DISK and capacity : 1482555576320
2019-09-26 09:57:10,670 [main] INFO  volume.VolumeSet (VolumeSet.java:initializeVolumeSet(170)) - Added Volume : /workdir/hadoop-ozone/integration-test/target/test-dir/MiniOzoneClusterImpl-02a89373-ff67-4b13-ad11-60194c127517/datanode-5/data/containers/hdds to VolumeSet
2019-09-26 09:57:10,671 [main] INFO  volume.ThrottledAsyncChecker (ThrottledAsyncChecker.java:schedule(139)) - Scheduling a check for org.apache.hadoop.ozone.container.common.volume.HddsVolume@4821aa9f
2019-09-26 09:57:10,672 [main] INFO  volume.HddsVolumeChecker (HddsVolumeChecker.java:checkAllVolumes(202)) - Scheduled health check for volume org.apache.hadoop.ozone.container.common.volume.HddsVolume@4821aa9f
2019-09-26 09:57:10,692 [main] INFO  impl.RaftServerProxy (ConfUtils.java:logGet(43)) - raft.rpc.type = GRPC (default)
2019-09-26 09:57:10,693 [main] INFO  grpc.GrpcFactory (GrpcFactory.java:checkPooledByteBufAllocatorUseCacheForAllThreads(45)) - PERFORMANCE WARNING: useCacheForAllThreads is true that may cause Netty to create a lot garbage objects and, as a result, trigger GC.
	It is recommended to disable useCacheForAllThreads by setting -Dorg.apache.ratis.thirdparty.io.netty.allocator.useCacheForAllThreads=false in command line.
2019-09-26 09:57:10,693 [main] INFO  grpc.GrpcConfigKeys$Server (ConfUtils.java:logGet(43)) - raft.grpc.server.port = 0 (default)
2019-09-26 09:57:10,694 [main] INFO  server.GrpcService (ConfUtils.java:logGet(43)) - raft.grpc.message.size.max = 33570816 (custom)
2019-09-26 09:57:10,694 [main] INFO  server.RaftServerConfigKeys (ConfUtils.java:logGet(43)) - raft.server.log.appender.buffer.byte-limit = 33554432 (custom)
2019-09-26 09:57:10,695 [main] INFO  server.GrpcService (ConfUtils.java:logGet(43)) - raft.grpc.flow.control.window = 1MB (=1048576) (default)
2019-09-26 09:57:10,695 [main] INFO  server.RaftServerConfigKeys (ConfUtils.java:logGet(43)) - raft.server.rpc.request.timeout = 3000ms (default)
2019-09-26 09:57:10,696 [main] INFO  server.RaftServerConfigKeys (ConfUtils.java:logGet(43)) - raft.server.storage.dir = [/workdir/hadoop-ozone/integration-test/target/test-dir/MiniOzoneClusterImpl-02a89373-ff67-4b13-ad11-60194c127517/datanode-5/data/ratis] (custom)
2019-09-26 09:57:10,699 [main] INFO  hdfs.DFSUtil (DFSUtil.java:httpServerTemplateForNNAndJN(1641)) - Starting Web-server for hddsDatanode at: http://0.0.0.0:0
2019-09-26 09:57:10,701 [main] INFO  server.AuthenticationFilter (AuthenticationFilter.java:constructSecretProvider(240)) - Unable to initialize FileSignerSecretProvider, falling back to use random secrets.
2019-09-26 09:57:10,702 [main] WARN  http.HttpRequestLog (HttpRequestLog.java:getRequestLog(97)) - Jetty request log can only be enabled using Log4j
2019-09-26 09:57:10,704 [main] INFO  http.HttpServer2 (HttpServer2.java:addGlobalFilter(975)) - Added global filter 'safety' (class=org.apache.hadoop.http.HttpServer2$QuotingInputFilter)
2019-09-26 09:57:10,705 [main] INFO  http.HttpServer2 (HttpServer2.java:addFilter(948)) - Added filter static_user_filter (class=org.apache.hadoop.http.lib.StaticUserWebFilter$StaticUserFilter) to context hddsDatanode
2019-09-26 09:57:10,706 [main] INFO  http.HttpServer2 (HttpServer2.java:addFilter(958)) - Added filter static_user_filter (class=org.apache.hadoop.http.lib.StaticUserWebFilter$StaticUserFilter) to context logs
2019-09-26 09:57:10,706 [main] INFO  http.HttpServer2 (HttpServer2.java:addFilter(958)) - Added filter static_user_filter (class=org.apache.hadoop.http.lib.StaticUserWebFilter$StaticUserFilter) to context static
2019-09-26 09:57:10,707 [main] INFO  http.HttpServer2 (HttpServer2.java:bindListener(1191)) - Jetty bound to port 33450
2019-09-26 09:57:10,707 [main] INFO  server.Server (Server.java:doStart(351)) - jetty-9.3.25.v20180904, build timestamp: 2018-09-04T21:11:46Z, git hash: 3ce520221d0240229c862b122d2b06c12a625732
2019-09-26 09:57:10,709 [main] INFO  handler.ContextHandler (ContextHandler.java:doStart(781)) - Started o.e.j.s.ServletContextHandler@12eedfee{/logs,file:///workdir/hadoop-ozone/integration-test/target/log,AVAILABLE}
2019-09-26 09:57:10,711 [main] INFO  handler.ContextHandler (ContextHandler.java:doStart(781)) - Started o.e.j.s.ServletContextHandler@1352434e{/static,jar:file:/home/user/.m2/repository/org/apache/hadoop/hadoop-hdds-container-service/0.5.0-SNAPSHOT/hadoop-hdds-container-service-0.5.0-SNAPSHOT.jar!/webapps/static,AVAILABLE}
2019-09-26 09:57:10,753 [main] INFO  handler.ContextHandler (ContextHandler.java:doStart(781)) - Started o.e.j.w.WebAppContext@64d4f7c7{/,file:///tmp/jetty-0.0.0.0-33450-hddsDatanode-_-any-5514840249859858694.dir/webapp/,AVAILABLE}{/hddsDatanode}
2019-09-26 09:57:10,755 [main] INFO  server.AbstractConnector (AbstractConnector.java:doStart(278)) - Started ServerConnector@54e02f6a{HTTP/1.1,[http/1.1]}{0.0.0.0:33450}
2019-09-26 09:57:10,756 [main] INFO  server.Server (Server.java:doStart(419)) - Started @5670ms
2019-09-26 09:57:10,756 [main] WARN  impl.MetricsSystemImpl (MetricsSystemImpl.java:register(276)) - Sink prometheus already exists!
2019-09-26 09:57:10,757 [main] INFO  server.BaseHttpServer (BaseHttpServer.java:updateConnectorAddress(215)) - HTTP server of HDDSDATANODE is listening at http://0.0.0.0:33450
2019-09-26 09:57:10,758 [main] INFO  impl.MetricsSystemImpl (MetricsSystemImpl.java:init(158)) - HddsDatanode metrics system started (again)
2019-09-26 09:57:10,762 [org.apache.hadoop.util.JvmPauseMonitor$Monitor@4b257724] INFO  util.JvmPauseMonitor (JvmPauseMonitor.java:run(188)) - Starting JVM pause monitor
2019-09-26 09:57:10,762 [main] INFO  ozone.HddsDatanodeService (HddsDatanodeService.java:start(184)) - HddsDatanodeService host:pr-hdds-1569-wvzgm-824869521 ip:192.168.30.13
2019-09-26 09:57:10,764 [Datanode State Machine Thread - 0] INFO  datanode.InitDatanodeState (InitDatanodeState.java:persistContainerDatanodeDetails(140)) - DatanodeDetails is persisted to /workdir/hadoop-ozone/integration-test/target/test-dir/MiniOzoneClusterImpl-02a89373-ff67-4b13-ad11-60194c127517/datanode-5/meta/datanode.id
2019-09-26 09:57:10,770 [main] INFO  volume.HddsVolume (HddsVolume.java:<init>(176)) - Creating Volume: /workdir/hadoop-ozone/integration-test/target/test-dir/MiniOzoneClusterImpl-02a89373-ff67-4b13-ad11-60194c127517/datanode-6/data/containers/hdds of  storage type : DISK and capacity : 1482555576320
2019-09-26 09:57:10,770 [main] INFO  volume.VolumeSet (VolumeSet.java:initializeVolumeSet(170)) - Added Volume : /workdir/hadoop-ozone/integration-test/target/test-dir/MiniOzoneClusterImpl-02a89373-ff67-4b13-ad11-60194c127517/datanode-6/data/containers/hdds to VolumeSet
2019-09-26 09:57:10,770 [main] INFO  volume.ThrottledAsyncChecker (ThrottledAsyncChecker.java:schedule(139)) - Scheduling a check for org.apache.hadoop.ozone.container.common.volume.HddsVolume@524270b8
2019-09-26 09:57:10,772 [main] INFO  volume.HddsVolumeChecker (HddsVolumeChecker.java:checkAllVolumes(202)) - Scheduled health check for volume org.apache.hadoop.ozone.container.common.volume.HddsVolume@524270b8
2019-09-26 09:57:10,785 [main] INFO  impl.RaftServerProxy (ConfUtils.java:logGet(43)) - raft.rpc.type = GRPC (default)
2019-09-26 09:57:10,785 [main] INFO  grpc.GrpcFactory (GrpcFactory.java:checkPooledByteBufAllocatorUseCacheForAllThreads(45)) - PERFORMANCE WARNING: useCacheForAllThreads is true that may cause Netty to create a lot garbage objects and, as a result, trigger GC.
	It is recommended to disable useCacheForAllThreads by setting -Dorg.apache.ratis.thirdparty.io.netty.allocator.useCacheForAllThreads=false in command line.
2019-09-26 09:57:10,786 [main] INFO  grpc.GrpcConfigKeys$Server (ConfUtils.java:logGet(43)) - raft.grpc.server.port = 0 (default)
2019-09-26 09:57:10,786 [main] INFO  server.GrpcService (ConfUtils.java:logGet(43)) - raft.grpc.message.size.max = 33570816 (custom)
2019-09-26 09:57:10,786 [main] INFO  server.RaftServerConfigKeys (ConfUtils.java:logGet(43)) - raft.server.log.appender.buffer.byte-limit = 33554432 (custom)
2019-09-26 09:57:10,787 [main] INFO  server.GrpcService (ConfUtils.java:logGet(43)) - raft.grpc.flow.control.window = 1MB (=1048576) (default)
2019-09-26 09:57:10,787 [main] INFO  server.RaftServerConfigKeys (ConfUtils.java:logGet(43)) - raft.server.rpc.request.timeout = 3000ms (default)
2019-09-26 09:57:10,788 [main] INFO  server.RaftServerConfigKeys (ConfUtils.java:logGet(43)) - raft.server.storage.dir = [/workdir/hadoop-ozone/integration-test/target/test-dir/MiniOzoneClusterImpl-02a89373-ff67-4b13-ad11-60194c127517/datanode-6/data/ratis] (custom)
2019-09-26 09:57:10,790 [main] INFO  hdfs.DFSUtil (DFSUtil.java:httpServerTemplateForNNAndJN(1641)) - Starting Web-server for hddsDatanode at: http://0.0.0.0:0
2019-09-26 09:57:10,791 [main] INFO  server.AuthenticationFilter (AuthenticationFilter.java:constructSecretProvider(240)) - Unable to initialize FileSignerSecretProvider, falling back to use random secrets.
2019-09-26 09:57:10,792 [main] WARN  http.HttpRequestLog (HttpRequestLog.java:getRequestLog(97)) - Jetty request log can only be enabled using Log4j
2019-09-26 09:57:10,794 [main] INFO  http.HttpServer2 (HttpServer2.java:addGlobalFilter(975)) - Added global filter 'safety' (class=org.apache.hadoop.http.HttpServer2$QuotingInputFilter)
2019-09-26 09:57:10,795 [main] INFO  http.HttpServer2 (HttpServer2.java:addFilter(948)) - Added filter static_user_filter (class=org.apache.hadoop.http.lib.StaticUserWebFilter$StaticUserFilter) to context hddsDatanode
2019-09-26 09:57:10,795 [main] INFO  http.HttpServer2 (HttpServer2.java:addFilter(958)) - Added filter static_user_filter (class=org.apache.hadoop.http.lib.StaticUserWebFilter$StaticUserFilter) to context static
2019-09-26 09:57:10,795 [main] INFO  http.HttpServer2 (HttpServer2.java:addFilter(958)) - Added filter static_user_filter (class=org.apache.hadoop.http.lib.StaticUserWebFilter$StaticUserFilter) to context logs
2019-09-26 09:57:10,796 [main] INFO  http.HttpServer2 (HttpServer2.java:bindListener(1191)) - Jetty bound to port 33702
2019-09-26 09:57:10,796 [main] INFO  server.Server (Server.java:doStart(351)) - jetty-9.3.25.v20180904, build timestamp: 2018-09-04T21:11:46Z, git hash: 3ce520221d0240229c862b122d2b06c12a625732
2019-09-26 09:57:10,798 [main] INFO  handler.ContextHandler (ContextHandler.java:doStart(781)) - Started o.e.j.s.ServletContextHandler@66b59b7d{/logs,file:///workdir/hadoop-ozone/integration-test/target/log,AVAILABLE}
2019-09-26 09:57:10,799 [main] INFO  handler.ContextHandler (ContextHandler.java:doStart(781)) - Started o.e.j.s.ServletContextHandler@4437ac07{/static,jar:file:/home/user/.m2/repository/org/apache/hadoop/hadoop-hdds-container-service/0.5.0-SNAPSHOT/hadoop-hdds-container-service-0.5.0-SNAPSHOT.jar!/webapps/static,AVAILABLE}
2019-09-26 09:57:10,833 [main] INFO  handler.ContextHandler (ContextHandler.java:doStart(781)) - Started o.e.j.w.WebAppContext@648d0e6d{/,file:///tmp/jetty-0.0.0.0-33702-hddsDatanode-_-any-4063673855731736293.dir/webapp/,AVAILABLE}{/hddsDatanode}
2019-09-26 09:57:10,835 [main] INFO  server.AbstractConnector (AbstractConnector.java:doStart(278)) - Started ServerConnector@79e66b2f{HTTP/1.1,[http/1.1]}{0.0.0.0:33702}
2019-09-26 09:57:10,835 [main] INFO  server.Server (Server.java:doStart(419)) - Started @5749ms
2019-09-26 09:57:10,835 [main] WARN  impl.MetricsSystemImpl (MetricsSystemImpl.java:register(276)) - Sink prometheus already exists!
2019-09-26 09:57:10,836 [main] INFO  server.BaseHttpServer (BaseHttpServer.java:updateConnectorAddress(215)) - HTTP server of HDDSDATANODE is listening at http://0.0.0.0:33702
2019-09-26 09:57:10,838 [main] INFO  ozone.MiniOzoneClusterImpl (MiniOzoneClusterImpl.java:lambda$waitForClusterToBeReady$0(147)) - Waiting for cluster to be ready. Got 0 of 7 DN Heartbeats.
2019-09-26 09:57:10,839 [org.apache.hadoop.util.JvmPauseMonitor$Monitor@217585db] INFO  util.JvmPauseMonitor (JvmPauseMonitor.java:run(188)) - Starting JVM pause monitor
2019-09-26 09:57:10,841 [Datanode State Machine Thread - 0] INFO  datanode.InitDatanodeState (InitDatanodeState.java:persistContainerDatanodeDetails(140)) - DatanodeDetails is persisted to /workdir/hadoop-ozone/integration-test/target/test-dir/MiniOzoneClusterImpl-02a89373-ff67-4b13-ad11-60194c127517/datanode-6/meta/datanode.id
2019-09-26 09:57:11,838 [main] INFO  ozone.MiniOzoneClusterImpl (MiniOzoneClusterImpl.java:lambda$waitForClusterToBeReady$0(147)) - Waiting for cluster to be ready. Got 0 of 7 DN Heartbeats.
2019-09-26 09:57:12,351 [Datanode State Machine Thread - 0] INFO  ozoneimpl.OzoneContainer (OzoneContainer.java:start(217)) - Attempting to start container services.
2019-09-26 09:57:12,354 [Datanode State Machine Thread - 0] INFO  ozoneimpl.OzoneContainer (OzoneContainer.java:startContainerScrub(179)) - Background container scanner has been disabled.
2019-09-26 09:57:12,354 [Datanode State Machine Thread - 0] INFO  ratis.XceiverServerRatis (XceiverServerRatis.java:start(411)) - Starting XceiverServerRatis 968d325c-530f-4bc5-8752-bd3f3c0aff18 at port 0
2019-09-26 09:57:12,376 [Datanode State Machine Thread - 0] INFO  impl.RaftServerProxy (RaftServerProxy.java:lambda$start$3(299)) - 968d325c-530f-4bc5-8752-bd3f3c0aff18: start RPC server
2019-09-26 09:57:12,403 [Datanode State Machine Thread - 0] INFO  ozoneimpl.OzoneContainer (OzoneContainer.java:start(217)) - Attempting to start container services.
2019-09-26 09:57:12,410 [Datanode State Machine Thread - 0] INFO  ozoneimpl.OzoneContainer (OzoneContainer.java:startContainerScrub(179)) - Background container scanner has been disabled.
2019-09-26 09:57:12,410 [Datanode State Machine Thread - 0] INFO  ratis.XceiverServerRatis (XceiverServerRatis.java:start(411)) - Starting XceiverServerRatis c0fe0384-ccc2-43dc-b812-8c8a482d02e6 at port 0
2019-09-26 09:57:12,419 [Datanode State Machine Thread - 0] INFO  impl.RaftServerProxy (RaftServerProxy.java:lambda$start$3(299)) - c0fe0384-ccc2-43dc-b812-8c8a482d02e6: start RPC server
2019-09-26 09:57:12,481 [Datanode State Machine Thread - 0] INFO  ozoneimpl.OzoneContainer (OzoneContainer.java:start(217)) - Attempting to start container services.
2019-09-26 09:57:12,485 [Datanode State Machine Thread - 0] INFO  ozoneimpl.OzoneContainer (OzoneContainer.java:startContainerScrub(179)) - Background container scanner has been disabled.
2019-09-26 09:57:12,485 [Datanode State Machine Thread - 0] INFO  ratis.XceiverServerRatis (XceiverServerRatis.java:start(411)) - Starting XceiverServerRatis 9d66027e-d252-4dbd-9b93-1b4908d3cfc2 at port 0
2019-09-26 09:57:12,496 [Datanode State Machine Thread - 0] INFO  impl.RaftServerProxy (RaftServerProxy.java:lambda$start$3(299)) - 9d66027e-d252-4dbd-9b93-1b4908d3cfc2: start RPC server
2019-09-26 09:57:12,537 [Datanode State Machine Thread - 0] INFO  server.GrpcService (GrpcService.java:startImpl(158)) - 9d66027e-d252-4dbd-9b93-1b4908d3cfc2: GrpcService started, listening on 0.0.0.0/0.0.0.0:37389
2019-09-26 09:57:12,538 [Datanode State Machine Thread - 0] INFO  server.GrpcService (GrpcService.java:startImpl(158)) - 968d325c-530f-4bc5-8752-bd3f3c0aff18: GrpcService started, listening on 0.0.0.0/0.0.0.0:43732
2019-09-26 09:57:12,538 [Datanode State Machine Thread - 0] INFO  ratis.XceiverServerRatis (XceiverServerRatis.java:start(421)) - XceiverServerRatis 9d66027e-d252-4dbd-9b93-1b4908d3cfc2 is started using port 37389
2019-09-26 09:57:12,537 [Datanode State Machine Thread - 0] INFO  server.GrpcService (GrpcService.java:startImpl(158)) - c0fe0384-ccc2-43dc-b812-8c8a482d02e6: GrpcService started, listening on 0.0.0.0/0.0.0.0:34767
2019-09-26 09:57:12,538 [Datanode State Machine Thread - 0] INFO  ratis.XceiverServerRatis (XceiverServerRatis.java:start(421)) - XceiverServerRatis 968d325c-530f-4bc5-8752-bd3f3c0aff18 is started using port 43732
2019-09-26 09:57:12,539 [Datanode State Machine Thread - 0] INFO  ratis.XceiverServerRatis (XceiverServerRatis.java:start(421)) - XceiverServerRatis c0fe0384-ccc2-43dc-b812-8c8a482d02e6 is started using port 34767
2019-09-26 09:57:12,554 [Datanode State Machine Thread - 0] INFO  server.XceiverServerGrpc (XceiverServerGrpc.java:start(149)) - XceiverServerGrpc c0fe0384-ccc2-43dc-b812-8c8a482d02e6 is started using port 41265
2019-09-26 09:57:12,554 [Datanode State Machine Thread - 0] INFO  server.XceiverServerGrpc (XceiverServerGrpc.java:start(149)) - XceiverServerGrpc 968d325c-530f-4bc5-8752-bd3f3c0aff18 is started using port 44745
2019-09-26 09:57:12,554 [Datanode State Machine Thread - 0] INFO  server.XceiverServerGrpc (XceiverServerGrpc.java:start(149)) - XceiverServerGrpc 9d66027e-d252-4dbd-9b93-1b4908d3cfc2 is started using port 35613
2019-09-26 09:57:12,566 [Datanode State Machine Thread - 0] INFO  ozoneimpl.OzoneContainer (OzoneContainer.java:start(217)) - Attempting to start container services.
2019-09-26 09:57:12,566 [Datanode State Machine Thread - 0] INFO  ozoneimpl.OzoneContainer (OzoneContainer.java:startContainerScrub(179)) - Background container scanner has been disabled.
2019-09-26 09:57:12,566 [Datanode State Machine Thread - 0] INFO  ratis.XceiverServerRatis (XceiverServerRatis.java:start(411)) - Starting XceiverServerRatis 62a5622f-7436-420d-b3aa-8ce684692afe at port 0
2019-09-26 09:57:12,575 [Datanode State Machine Thread - 0] INFO  impl.RaftServerProxy (RaftServerProxy.java:lambda$start$3(299)) - 62a5622f-7436-420d-b3aa-8ce684692afe: start RPC server
2019-09-26 09:57:12,578 [Datanode State Machine Thread - 0] INFO  server.GrpcService (GrpcService.java:startImpl(158)) - 62a5622f-7436-420d-b3aa-8ce684692afe: GrpcService started, listening on 0.0.0.0/0.0.0.0:44970
2019-09-26 09:57:12,579 [Datanode State Machine Thread - 0] INFO  ratis.XceiverServerRatis (XceiverServerRatis.java:start(421)) - XceiverServerRatis 62a5622f-7436-420d-b3aa-8ce684692afe is started using port 44970
2019-09-26 09:57:12,582 [Datanode State Machine Thread - 0] INFO  server.XceiverServerGrpc (XceiverServerGrpc.java:start(149)) - XceiverServerGrpc 62a5622f-7436-420d-b3aa-8ce684692afe is started using port 39827
2019-09-26 09:57:12,673 [Datanode State Machine Thread - 0] INFO  ozoneimpl.OzoneContainer (OzoneContainer.java:start(217)) - Attempting to start container services.
2019-09-26 09:57:12,673 [Datanode State Machine Thread - 0] INFO  ozoneimpl.OzoneContainer (OzoneContainer.java:startContainerScrub(179)) - Background container scanner has been disabled.
2019-09-26 09:57:12,674 [Datanode State Machine Thread - 0] INFO  ratis.XceiverServerRatis (XceiverServerRatis.java:start(411)) - Starting XceiverServerRatis 4c024347-3506-43a2-ab40-8471edec8541 at port 0
2019-09-26 09:57:12,682 [Datanode State Machine Thread - 0] INFO  impl.RaftServerProxy (RaftServerProxy.java:lambda$start$3(299)) - 4c024347-3506-43a2-ab40-8471edec8541: start RPC server
2019-09-26 09:57:12,686 [Datanode State Machine Thread - 0] INFO  server.GrpcService (GrpcService.java:startImpl(158)) - 4c024347-3506-43a2-ab40-8471edec8541: GrpcService started, listening on 0.0.0.0/0.0.0.0:39922
2019-09-26 09:57:12,686 [Datanode State Machine Thread - 0] INFO  ratis.XceiverServerRatis (XceiverServerRatis.java:start(421)) - XceiverServerRatis 4c024347-3506-43a2-ab40-8471edec8541 is started using port 39922
2019-09-26 09:57:12,689 [Datanode State Machine Thread - 0] INFO  server.XceiverServerGrpc (XceiverServerGrpc.java:start(149)) - XceiverServerGrpc 4c024347-3506-43a2-ab40-8471edec8541 is started using port 42071
2019-09-26 09:57:12,786 [Datanode State Machine Thread - 0] INFO  ozoneimpl.OzoneContainer (OzoneContainer.java:start(217)) - Attempting to start container services.
2019-09-26 09:57:12,786 [Datanode State Machine Thread - 0] INFO  ozoneimpl.OzoneContainer (OzoneContainer.java:startContainerScrub(179)) - Background container scanner has been disabled.
2019-09-26 09:57:12,786 [Datanode State Machine Thread - 0] INFO  ratis.XceiverServerRatis (XceiverServerRatis.java:start(411)) - Starting XceiverServerRatis d195cc70-2ea8-4d9b-90c7-21e4a6c9bd0d at port 0
2019-09-26 09:57:12,795 [Datanode State Machine Thread - 0] INFO  impl.RaftServerProxy (RaftServerProxy.java:lambda$start$3(299)) - d195cc70-2ea8-4d9b-90c7-21e4a6c9bd0d: start RPC server
2019-09-26 09:57:12,800 [Datanode State Machine Thread - 0] INFO  server.GrpcService (GrpcService.java:startImpl(158)) - d195cc70-2ea8-4d9b-90c7-21e4a6c9bd0d: GrpcService started, listening on 0.0.0.0/0.0.0.0:39349
2019-09-26 09:57:12,800 [Datanode State Machine Thread - 0] INFO  ratis.XceiverServerRatis (XceiverServerRatis.java:start(421)) - XceiverServerRatis d195cc70-2ea8-4d9b-90c7-21e4a6c9bd0d is started using port 39349
2019-09-26 09:57:12,804 [Datanode State Machine Thread - 0] INFO  server.XceiverServerGrpc (XceiverServerGrpc.java:start(149)) - XceiverServerGrpc d195cc70-2ea8-4d9b-90c7-21e4a6c9bd0d is started using port 42730
2019-09-26 09:57:12,841 [main] INFO  ozone.MiniOzoneClusterImpl (MiniOzoneClusterImpl.java:lambda$waitForClusterToBeReady$0(147)) - Waiting for cluster to be ready. Got 0 of 7 DN Heartbeats.
2019-09-26 09:57:12,856 [Datanode State Machine Thread - 0] INFO  ozoneimpl.OzoneContainer (OzoneContainer.java:start(217)) - Attempting to start container services.
2019-09-26 09:57:12,856 [Datanode State Machine Thread - 0] INFO  ozoneimpl.OzoneContainer (OzoneContainer.java:startContainerScrub(179)) - Background container scanner has been disabled.
2019-09-26 09:57:12,857 [Datanode State Machine Thread - 0] INFO  ratis.XceiverServerRatis (XceiverServerRatis.java:start(411)) - Starting XceiverServerRatis 4dfbf8da-55b7-40f3-96c3-7d511fd42a11 at port 0
2019-09-26 09:57:12,867 [Datanode State Machine Thread - 0] INFO  impl.RaftServerProxy (RaftServerProxy.java:lambda$start$3(299)) - 4dfbf8da-55b7-40f3-96c3-7d511fd42a11: start RPC server
2019-09-26 09:57:12,872 [Datanode State Machine Thread - 0] INFO  server.GrpcService (GrpcService.java:startImpl(158)) - 4dfbf8da-55b7-40f3-96c3-7d511fd42a11: GrpcService started, listening on 0.0.0.0/0.0.0.0:46234
2019-09-26 09:57:12,872 [Datanode State Machine Thread - 0] INFO  ratis.XceiverServerRatis (XceiverServerRatis.java:start(421)) - XceiverServerRatis 4dfbf8da-55b7-40f3-96c3-7d511fd42a11 is started using port 46234
2019-09-26 09:57:12,876 [Datanode State Machine Thread - 0] INFO  server.XceiverServerGrpc (XceiverServerGrpc.java:start(149)) - XceiverServerGrpc 4dfbf8da-55b7-40f3-96c3-7d511fd42a11 is started using port 39660
2019-09-26 09:57:13,841 [main] INFO  ozone.MiniOzoneClusterImpl (MiniOzoneClusterImpl.java:lambda$waitForClusterToBeReady$0(147)) - Waiting for cluster to be ready. Got 0 of 7 DN Heartbeats.
2019-09-26 09:57:14,329 [IPC Server handler 1 on 38554] INFO  net.NetworkTopology (NetworkTopologyImpl.java:add(111)) - Added a new node: /default-rack/968d325c-530f-4bc5-8752-bd3f3c0aff18
2019-09-26 09:57:14,329 [IPC Server handler 1 on 38554] INFO  node.SCMNodeManager (SCMNodeManager.java:register(266)) - Registered Data node : 968d325c-530f-4bc5-8752-bd3f3c0aff18{ip: 192.168.30.13, host: pr-hdds-1569-wvzgm-824869521, networkLocation: /default-rack, certSerialId: null}
2019-09-26 09:57:14,335 [EventQueue-NodeRegistrationContainerReportForDataNodeSafeModeRule] INFO  safemode.SCMSafeModeManager (DataNodeSafeModeRule.java:process(71)) - SCM in safe mode. 1 DataNodes registered, 1 required.
2019-09-26 09:57:14,335 [EventQueue-NodeRegistrationContainerReportForDataNodeSafeModeRule] INFO  safemode.SCMSafeModeManager (SCMSafeModeManager.java:validateSafeModeExitRules(177)) - ScmSafeModeManager, all rules are successfully validated
2019-09-26 09:57:14,335 [EventQueue-NodeRegistrationContainerReportForDataNodeSafeModeRule] INFO  safemode.SCMSafeModeManager (SCMSafeModeManager.java:exitSafeMode(193)) - SCM exiting safe mode.
2019-09-26 09:57:14,389 [IPC Server handler 4 on 38554] INFO  net.NetworkTopology (NetworkTopologyImpl.java:add(111)) - Added a new node: /default-rack/c0fe0384-ccc2-43dc-b812-8c8a482d02e6
2019-09-26 09:57:14,389 [IPC Server handler 4 on 38554] INFO  node.SCMNodeManager (SCMNodeManager.java:register(266)) - Registered Data node : c0fe0384-ccc2-43dc-b812-8c8a482d02e6{ip: 192.168.30.13, host: pr-hdds-1569-wvzgm-824869521, networkLocation: /default-rack, certSerialId: null}
2019-09-26 09:57:14,467 [IPC Server handler 3 on 38554] INFO  net.NetworkTopology (NetworkTopologyImpl.java:add(111)) - Added a new node: /default-rack/9d66027e-d252-4dbd-9b93-1b4908d3cfc2
2019-09-26 09:57:14,467 [IPC Server handler 3 on 38554] INFO  node.SCMNodeManager (SCMNodeManager.java:register(266)) - Registered Data node : 9d66027e-d252-4dbd-9b93-1b4908d3cfc2{ip: 192.168.30.13, host: pr-hdds-1569-wvzgm-824869521, networkLocation: /default-rack, certSerialId: null}
2019-09-26 09:57:14,541 [IPC Server handler 6 on 38554] INFO  net.NetworkTopology (NetworkTopologyImpl.java:add(111)) - Added a new node: /default-rack/62a5622f-7436-420d-b3aa-8ce684692afe
2019-09-26 09:57:14,542 [IPC Server handler 6 on 38554] INFO  node.SCMNodeManager (SCMNodeManager.java:register(266)) - Registered Data node : 62a5622f-7436-420d-b3aa-8ce684692afe{ip: 192.168.30.13, host: pr-hdds-1569-wvzgm-824869521, networkLocation: /default-rack, certSerialId: null}
2019-09-26 09:57:14,659 [IPC Server handler 5 on 38554] INFO  net.NetworkTopology (NetworkTopologyImpl.java:add(111)) - Added a new node: /default-rack/4c024347-3506-43a2-ab40-8471edec8541
2019-09-26 09:57:14,659 [IPC Server handler 5 on 38554] INFO  node.SCMNodeManager (SCMNodeManager.java:register(266)) - Registered Data node : 4c024347-3506-43a2-ab40-8471edec8541{ip: 192.168.30.13, host: pr-hdds-1569-wvzgm-824869521, networkLocation: /default-rack, certSerialId: null}
2019-09-26 09:57:14,764 [IPC Server handler 0 on 38554] INFO  net.NetworkTopology (NetworkTopologyImpl.java:add(111)) - Added a new node: /default-rack/d195cc70-2ea8-4d9b-90c7-21e4a6c9bd0d
2019-09-26 09:57:14,765 [IPC Server handler 0 on 38554] INFO  node.SCMNodeManager (SCMNodeManager.java:register(266)) - Registered Data node : d195cc70-2ea8-4d9b-90c7-21e4a6c9bd0d{ip: 192.168.30.13, host: pr-hdds-1569-wvzgm-824869521, networkLocation: /default-rack, certSerialId: null}
2019-09-26 09:57:14,842 [main] INFO  ozone.MiniOzoneClusterImpl (MiniOzoneClusterImpl.java:lambda$waitForClusterToBeReady$0(147)) - Waiting for cluster to be ready. Got 6 of 7 DN Heartbeats.
2019-09-26 09:57:14,845 [IPC Server handler 1 on 38554] INFO  net.NetworkTopology (NetworkTopologyImpl.java:add(111)) - Added a new node: /default-rack/4dfbf8da-55b7-40f3-96c3-7d511fd42a11
2019-09-26 09:57:14,845 [IPC Server handler 1 on 38554] INFO  node.SCMNodeManager (SCMNodeManager.java:register(266)) - Registered Data node : 4dfbf8da-55b7-40f3-96c3-7d511fd42a11{ip: 192.168.30.13, host: pr-hdds-1569-wvzgm-824869521, networkLocation: /default-rack, certSerialId: null}
2019-09-26 09:57:14,882 [grpc-default-executor-0] INFO  impl.RaftServerProxy (RaftServerProxy.java:addNew(89)) - 968d325c-530f-4bc5-8752-bd3f3c0aff18: addNew group-0CDE7C70FDA6:[968d325c-530f-4bc5-8752-bd3f3c0aff18:192.168.30.13:43732] returns group-0CDE7C70FDA6:java.util.concurrent.CompletableFuture@d327ae8[Not completed]
2019-09-26 09:57:14,908 [pool-27-thread-1] INFO  impl.RaftServerImpl (RaftServerImpl.java:<init>(95)) - 968d325c-530f-4bc5-8752-bd3f3c0aff18: new RaftServerImpl for group-0CDE7C70FDA6:[968d325c-530f-4bc5-8752-bd3f3c0aff18:192.168.30.13:43732] with ContainerStateMachine:uninitialized
2019-09-26 09:57:14,910 [pool-27-thread-1] INFO  server.RaftServerConfigKeys (ConfUtils.java:logGet(43)) - raft.server.rpc.timeout.min = 5s (custom)
2019-09-26 09:57:14,912 [pool-27-thread-1] INFO  server.RaftServerConfigKeys (ConfUtils.java:logGet(43)) - raft.server.rpc.timeout.max = 5200ms (custom)
2019-09-26 09:57:14,913 [pool-27-thread-1] INFO  server.RaftServerConfigKeys (ConfUtils.java:logGet(43)) - raft.server.rpcslowness.timeout = 120s (custom)
2019-09-26 09:57:14,914 [pool-27-thread-1] INFO  server.RaftServerConfigKeys (ConfUtils.java:logGet(43)) - raft.server.sleep.deviation.threshold = 300 (default)
2019-09-26 09:57:14,915 [pool-27-thread-1] INFO  server.RaftServerConfigKeys (ConfUtils.java:logGet(43)) - raft.server.log.appender.install.snapshot.enabled = false (custom)
2019-09-26 09:57:14,923 [pool-27-thread-1] INFO  impl.RaftServerImpl (ServerState.java:<init>(103)) - 968d325c-530f-4bc5-8752-bd3f3c0aff18@group-0CDE7C70FDA6: ConfigurationManager, init=-1: [968d325c-530f-4bc5-8752-bd3f3c0aff18:192.168.30.13:43732], old=null, confs=<EMPTY_MAP>
2019-09-26 09:57:14,923 [pool-27-thread-1] INFO  server.RaftServerConfigKeys (ConfUtils.java:logGet(43)) - raft.server.storage.dir = [/workdir/hadoop-ozone/integration-test/target/test-dir/MiniOzoneClusterImpl-02a89373-ff67-4b13-ad11-60194c127517/datanode-0/data/ratis] (custom)
2019-09-26 09:57:14,931 [pool-27-thread-1] INFO  storage.RaftStorageDirectory (RaftStorageDirectory.java:analyzeStorage(246)) - The storage directory /workdir/hadoop-ozone/integration-test/target/test-dir/MiniOzoneClusterImpl-02a89373-ff67-4b13-ad11-60194c127517/datanode-0/data/ratis/cb5bd0e6-aba1-414e-b438-0cde7c70fda6 does not exist. Creating ...
2019-09-26 09:57:14,942 [pool-27-thread-1] INFO  storage.RaftStorageDirectory (RaftStorageDirectory.java:tryLock(328)) - Lock on /workdir/hadoop-ozone/integration-test/target/test-dir/MiniOzoneClusterImpl-02a89373-ff67-4b13-ad11-60194c127517/datanode-0/data/ratis/cb5bd0e6-aba1-414e-b438-0cde7c70fda6/in_use.lock acquired by nodename 19604@pr-hdds-1569-wvzgm-824869521
2019-09-26 09:57:14,968 [pool-27-thread-1] INFO  storage.RaftStorage (RaftStorage.java:format(72)) - Storage directory /workdir/hadoop-ozone/integration-test/target/test-dir/MiniOzoneClusterImpl-02a89373-ff67-4b13-ad11-60194c127517/datanode-0/data/ratis/cb5bd0e6-aba1-414e-b438-0cde7c70fda6 has been successfully formatted.
2019-09-26 09:57:14,970 [pool-27-thread-1] INFO  ratis.ContainerStateMachine (ContainerStateMachine.java:loadSnapshot(230)) - group-0CDE7C70FDA6: The snapshot info is null. Setting the last applied indexto:(t:0, i:~)
2019-09-26 09:57:14,971 [pool-27-thread-1] INFO  server.RaftServerConfigKeys (ConfUtils.java:logGet(43)) - raft.server.notification.no-leader.timeout = 120s (custom)
2019-09-26 09:57:14,974 [pool-27-thread-1] INFO  server.RaftServerConfigKeys (ConfUtils.java:logGet(43)) - raft.server.log.use.memory = false (default)
2019-09-26 09:57:14,979 [pool-27-thread-1] INFO  server.RaftServerConfigKeys (ConfUtils.java:logGet(43)) - raft.server.log.purge.gap = 1000000 (custom)
2019-09-26 09:57:14,980 [pool-27-thread-1] INFO  server.RaftServerConfigKeys (ConfUtils.java:logGet(43)) - raft.server.log.appender.buffer.byte-limit = 33554432 (custom)
2019-09-26 09:57:14,982 [pool-27-thread-1] INFO  server.RaftServerConfigKeys (ConfUtils.java:logGet(43)) - raft.server.log.segment.size.max = 1048576 (custom)
2019-09-26 09:57:14,986 [pool-27-thread-1] INFO  server.RaftServerConfigKeys (ConfUtils.java:logGet(43)) - raft.server.log.segment.cache.num.max = 2 (custom)
2019-09-26 09:57:14,991 [pool-27-thread-1] INFO  segmented.SegmentedRaftLogWorker (SegmentedRaftLogWorker.java:<init>(172)) - new 968d325c-530f-4bc5-8752-bd3f3c0aff18@group-0CDE7C70FDA6-SegmentedRaftLogWorker for RaftStorage:Storage Directory /workdir/hadoop-ozone/integration-test/target/test-dir/MiniOzoneClusterImpl-02a89373-ff67-4b13-ad11-60194c127517/datanode-0/data/ratis/cb5bd0e6-aba1-414e-b438-0cde7c70fda6
2019-09-26 09:57:14,993 [pool-27-thread-1] INFO  impl.MetricsSystemImpl (MetricsSystemImpl.java:init(158)) - ratis metrics system started (again)
2019-09-26 09:57:14,999 [pool-27-thread-1] INFO  metrics.MetricRegistries (MetricRegistriesLoader.java:load(64)) - Loaded MetricRegistries class org.apache.ratis.metrics.impl.MetricRegistriesImpl
2019-09-26 09:57:15,027 [pool-27-thread-1] INFO  server.RaftServerConfigKeys (ConfUtils.java:logGet(43)) - raft.server.log.queue.byte-limit = 2147483647 (custom)
2019-09-26 09:57:15,027 [pool-27-thread-1] INFO  server.RaftServerConfigKeys (ConfUtils.java:logGet(43)) - raft.server.log.queue.element-limit = 1024 (custom)
2019-09-26 09:57:15,030 [pool-27-thread-1] INFO  server.RaftServerConfigKeys (ConfUtils.java:logGet(43)) - raft.server.log.segment.size.max = 1048576 (custom)
2019-09-26 09:57:15,031 [pool-27-thread-1] INFO  server.RaftServerConfigKeys (ConfUtils.java:logGet(43)) - raft.server.log.preallocated.size = 16384 (custom)
2019-09-26 09:57:15,031 [pool-27-thread-1] INFO  server.RaftServerConfigKeys (ConfUtils.java:logGet(43)) - raft.server.log.write.buffer.size = 33554432 (custom)
2019-09-26 09:57:15,032 [pool-27-thread-1] INFO  server.RaftServerConfigKeys (ConfUtils.java:logGet(43)) - raft.server.log.force.sync.num = 128 (default)
2019-09-26 09:57:15,033 [pool-27-thread-1] INFO  server.RaftServerConfigKeys (ConfUtils.java:logGet(43)) - raft.server.log.statemachine.data.sync = true (default)
2019-09-26 09:57:15,033 [pool-27-thread-1] INFO  server.RaftServerConfigKeys (ConfUtils.java:logGet(43)) - raft.server.log.statemachine.data.sync.timeout = 10s (default)
2019-09-26 09:57:15,033 [pool-27-thread-1] INFO  server.RaftServerConfigKeys (ConfUtils.java:logGet(43)) - raft.server.log.statemachine.data.sync.timeout.retry = -1 (default)
2019-09-26 09:57:15,042 [pool-27-thread-1] INFO  server.RaftServerConfigKeys (ConfUtils.java:logGet(43)) - raft.server.log.statemachine.data.caching.enabled = true (custom)
2019-09-26 09:57:15,046 [pool-27-thread-1] INFO  segmented.SegmentedRaftLogWorker (SegmentedRaftLogWorker.java:lambda$new$0(132)) - 968d325c-530f-4bc5-8752-bd3f3c0aff18@group-0CDE7C70FDA6-SegmentedRaftLogWorker: flushIndex: setUnconditionally 0 -> -1
2019-09-26 09:57:15,051 [pool-27-thread-1] INFO  server.RaftServerConfigKeys (ConfUtils.java:logGet(43)) - raft.server.snapshot.auto.trigger.enabled = true (custom)
2019-09-26 09:57:15,052 [pool-27-thread-1] INFO  server.RaftServerConfigKeys (ConfUtils.java:logGet(43)) - raft.server.snapshot.auto.trigger.threshold = 10000 (custom)
2019-09-26 09:57:15,052 [pool-27-thread-1] INFO  server.RaftServerConfigKeys (ConfUtils.java:logGet(43)) - raft.server.snapshot.retention.num.files = 5 (custom)
2019-09-26 09:57:15,053 [pool-27-thread-1] INFO  server.RaftServerConfigKeys (ConfUtils.java:logGet(43)) - raft.server.retrycache.expirytime = 600000ms (custom)
2019-09-26 09:57:15,080 [pool-27-thread-1] INFO  impl.RaftServerImpl (RaftServerImpl.java:start(185)) - 968d325c-530f-4bc5-8752-bd3f3c0aff18@group-0CDE7C70FDA6: start as a follower, conf=-1: [968d325c-530f-4bc5-8752-bd3f3c0aff18:192.168.30.13:43732], old=null
2019-09-26 09:57:15,081 [pool-27-thread-1] INFO  impl.RaftServerImpl (RaftServerImpl.java:setRole(174)) - 968d325c-530f-4bc5-8752-bd3f3c0aff18@group-0CDE7C70FDA6: changes role from      null to FOLLOWER at term 0 for startAsFollower
2019-09-26 09:57:15,082 [pool-27-thread-1] INFO  impl.RoleInfo (RoleInfo.java:updateAndGet(143)) - 968d325c-530f-4bc5-8752-bd3f3c0aff18: start FollowerState
2019-09-26 09:57:15,084 [pool-27-thread-1] INFO  util.JmxRegister (JmxRegister.java:tryRegister(44)) - Successfully registered JMX Bean with object name Ratis:service=RaftServer,group=group-0CDE7C70FDA6,id=968d325c-530f-4bc5-8752-bd3f3c0aff18
2019-09-26 09:57:15,137 [RatisPipelineUtilsThread] INFO  pipeline.PipelineStateManager (PipelineStateManager.java:addPipeline(56)) - Created pipeline Pipeline[ Id: cb5bd0e6-aba1-414e-b438-0cde7c70fda6, Nodes: 968d325c-530f-4bc5-8752-bd3f3c0aff18{ip: 192.168.30.13, host: pr-hdds-1569-wvzgm-824869521, networkLocation: /default-rack, certSerialId: null}, Type:RATIS, Factor:ONE, State:OPEN]
2019-09-26 09:57:15,158 [grpc-default-executor-0] INFO  impl.RaftServerProxy (RaftServerProxy.java:addNew(89)) - 62a5622f-7436-420d-b3aa-8ce684692afe: addNew group-F834DD8813C4:[62a5622f-7436-420d-b3aa-8ce684692afe:192.168.30.13:44970] returns group-F834DD8813C4:java.util.concurrent.CompletableFuture@2648f355[Not completed]
2019-09-26 09:57:15,199 [pool-57-thread-1] INFO  impl.RaftServerImpl (RaftServerImpl.java:<init>(95)) - 62a5622f-7436-420d-b3aa-8ce684692afe: new RaftServerImpl for group-F834DD8813C4:[62a5622f-7436-420d-b3aa-8ce684692afe:192.168.30.13:44970] with ContainerStateMachine:uninitialized
2019-09-26 09:57:15,200 [pool-57-thread-1] INFO  server.RaftServerConfigKeys (ConfUtils.java:logGet(43)) - raft.server.rpc.timeout.min = 5s (custom)
2019-09-26 09:57:15,200 [pool-57-thread-1] INFO  server.RaftServerConfigKeys (ConfUtils.java:logGet(43)) - raft.server.rpc.timeout.max = 5200ms (custom)
2019-09-26 09:57:15,200 [pool-57-thread-1] INFO  server.RaftServerConfigKeys (ConfUtils.java:logGet(43)) - raft.server.rpcslowness.timeout = 120s (custom)
2019-09-26 09:57:15,200 [pool-57-thread-1] INFO  server.RaftServerConfigKeys (ConfUtils.java:logGet(43)) - raft.server.sleep.deviation.threshold = 300 (default)
2019-09-26 09:57:15,200 [pool-57-thread-1] INFO  server.RaftServerConfigKeys (ConfUtils.java:logGet(43)) - raft.server.log.appender.install.snapshot.enabled = false (custom)
2019-09-26 09:57:15,201 [pool-57-thread-1] INFO  impl.RaftServerImpl (ServerState.java:<init>(103)) - 62a5622f-7436-420d-b3aa-8ce684692afe@group-F834DD8813C4: ConfigurationManager, init=-1: [62a5622f-7436-420d-b3aa-8ce684692afe:192.168.30.13:44970], old=null, confs=<EMPTY_MAP>
2019-09-26 09:57:15,201 [pool-57-thread-1] INFO  server.RaftServerConfigKeys (ConfUtils.java:logGet(43)) - raft.server.storage.dir = [/workdir/hadoop-ozone/integration-test/target/test-dir/MiniOzoneClusterImpl-02a89373-ff67-4b13-ad11-60194c127517/datanode-3/data/ratis] (custom)
2019-09-26 09:57:15,201 [pool-57-thread-1] INFO  storage.RaftStorageDirectory (RaftStorageDirectory.java:analyzeStorage(246)) - The storage directory /workdir/hadoop-ozone/integration-test/target/test-dir/MiniOzoneClusterImpl-02a89373-ff67-4b13-ad11-60194c127517/datanode-3/data/ratis/a2ea2ac6-1501-4cec-a4ae-f834dd8813c4 does not exist. Creating ...
2019-09-26 09:57:15,211 [pool-57-thread-1] INFO  storage.RaftStorageDirectory (RaftStorageDirectory.java:tryLock(328)) - Lock on /workdir/hadoop-ozone/integration-test/target/test-dir/MiniOzoneClusterImpl-02a89373-ff67-4b13-ad11-60194c127517/datanode-3/data/ratis/a2ea2ac6-1501-4cec-a4ae-f834dd8813c4/in_use.lock acquired by nodename 19604@pr-hdds-1569-wvzgm-824869521
2019-09-26 09:57:15,216 [pool-57-thread-1] INFO  storage.RaftStorage (RaftStorage.java:format(72)) - Storage directory /workdir/hadoop-ozone/integration-test/target/test-dir/MiniOzoneClusterImpl-02a89373-ff67-4b13-ad11-60194c127517/datanode-3/data/ratis/a2ea2ac6-1501-4cec-a4ae-f834dd8813c4 has been successfully formatted.
2019-09-26 09:57:15,219 [pool-57-thread-1] INFO  ratis.ContainerStateMachine (ContainerStateMachine.java:loadSnapshot(230)) - group-F834DD8813C4: The snapshot info is null. Setting the last applied indexto:(t:0, i:~)
2019-09-26 09:57:15,221 [pool-57-thread-1] INFO  server.RaftServerConfigKeys (ConfUtils.java:logGet(43)) - raft.server.notification.no-leader.timeout = 120s (custom)
2019-09-26 09:57:15,221 [pool-57-thread-1] INFO  server.RaftServerConfigKeys (ConfUtils.java:logGet(43)) - raft.server.log.use.memory = false (default)
2019-09-26 09:57:15,221 [pool-57-thread-1] INFO  server.RaftServerConfigKeys (ConfUtils.java:logGet(43)) - raft.server.log.purge.gap = 1000000 (custom)
2019-09-26 09:57:15,222 [pool-57-thread-1] INFO  server.RaftServerConfigKeys (ConfUtils.java:logGet(43)) - raft.server.log.appender.buffer.byte-limit = 33554432 (custom)
2019-09-26 09:57:15,222 [pool-57-thread-1] INFO  server.RaftServerConfigKeys (ConfUtils.java:logGet(43)) - raft.server.log.segment.size.max = 1048576 (custom)
2019-09-26 09:57:15,223 [pool-57-thread-1] INFO  server.RaftServerConfigKeys (ConfUtils.java:logGet(43)) - raft.server.log.segment.cache.num.max = 2 (custom)
2019-09-26 09:57:15,223 [pool-57-thread-1] INFO  segmented.SegmentedRaftLogWorker (SegmentedRaftLogWorker.java:<init>(172)) - new 62a5622f-7436-420d-b3aa-8ce684692afe@group-F834DD8813C4-SegmentedRaftLogWorker for RaftStorage:Storage Directory /workdir/hadoop-ozone/integration-test/target/test-dir/MiniOzoneClusterImpl-02a89373-ff67-4b13-ad11-60194c127517/datanode-3/data/ratis/a2ea2ac6-1501-4cec-a4ae-f834dd8813c4
2019-09-26 09:57:15,230 [pool-57-thread-1] INFO  server.RaftServerConfigKeys (ConfUtils.java:logGet(43)) - raft.server.log.queue.byte-limit = 2147483647 (custom)
2019-09-26 09:57:15,230 [pool-57-thread-1] INFO  server.RaftServerConfigKeys (ConfUtils.java:logGet(43)) - raft.server.log.queue.element-limit = 1024 (custom)
2019-09-26 09:57:15,230 [pool-57-thread-1] INFO  server.RaftServerConfigKeys (ConfUtils.java:logGet(43)) - raft.server.log.segment.size.max = 1048576 (custom)
2019-09-26 09:57:15,230 [pool-57-thread-1] INFO  server.RaftServerConfigKeys (ConfUtils.java:logGet(43)) - raft.server.log.preallocated.size = 16384 (custom)
2019-09-26 09:57:15,231 [pool-57-thread-1] INFO  server.RaftServerConfigKeys (ConfUtils.java:logGet(43)) - raft.server.log.write.buffer.size = 33554432 (custom)
2019-09-26 09:57:15,231 [pool-57-thread-1] INFO  server.RaftServerConfigKeys (ConfUtils.java:logGet(43)) - raft.server.log.force.sync.num = 128 (default)
2019-09-26 09:57:15,231 [pool-57-thread-1] INFO  server.RaftServerConfigKeys (ConfUtils.java:logGet(43)) - raft.server.log.statemachine.data.sync = true (default)
2019-09-26 09:57:15,231 [pool-57-thread-1] INFO  server.RaftServerConfigKeys (ConfUtils.java:logGet(43)) - raft.server.log.statemachine.data.sync.timeout = 10s (default)
2019-09-26 09:57:15,231 [pool-57-thread-1] INFO  server.RaftServerConfigKeys (ConfUtils.java:logGet(43)) - raft.server.log.statemachine.data.sync.timeout.retry = -1 (default)
2019-09-26 09:57:15,231 [pool-57-thread-1] INFO  server.RaftServerConfigKeys (ConfUtils.java:logGet(43)) - raft.server.log.statemachine.data.caching.enabled = true (custom)
2019-09-26 09:57:15,232 [pool-57-thread-1] INFO  segmented.SegmentedRaftLogWorker (SegmentedRaftLogWorker.java:lambda$new$0(132)) - 62a5622f-7436-420d-b3aa-8ce684692afe@group-F834DD8813C4-SegmentedRaftLogWorker: flushIndex: setUnconditionally 0 -> -1
2019-09-26 09:57:15,232 [pool-57-thread-1] INFO  server.RaftServerConfigKeys (ConfUtils.java:logGet(43)) - raft.server.snapshot.auto.trigger.enabled = true (custom)
2019-09-26 09:57:15,232 [pool-57-thread-1] INFO  server.RaftServerConfigKeys (ConfUtils.java:logGet(43)) - raft.server.snapshot.auto.trigger.threshold = 10000 (custom)
2019-09-26 09:57:15,232 [pool-57-thread-1] INFO  server.RaftServerConfigKeys (ConfUtils.java:logGet(43)) - raft.server.snapshot.retention.num.files = 5 (custom)
2019-09-26 09:57:15,233 [pool-57-thread-1] INFO  server.RaftServerConfigKeys (ConfUtils.java:logGet(43)) - raft.server.retrycache.expirytime = 600000ms (custom)
2019-09-26 09:57:15,237 [pool-57-thread-1] INFO  impl.RaftServerImpl (RaftServerImpl.java:start(185)) - 62a5622f-7436-420d-b3aa-8ce684692afe@group-F834DD8813C4: start as a follower, conf=-1: [62a5622f-7436-420d-b3aa-8ce684692afe:192.168.30.13:44970], old=null
2019-09-26 09:57:15,237 [pool-57-thread-1] INFO  impl.RaftServerImpl (RaftServerImpl.java:setRole(174)) - 62a5622f-7436-420d-b3aa-8ce684692afe@group-F834DD8813C4: changes role from      null to FOLLOWER at term 0 for startAsFollower
2019-09-26 09:57:15,237 [pool-57-thread-1] INFO  impl.RoleInfo (RoleInfo.java:updateAndGet(143)) - 62a5622f-7436-420d-b3aa-8ce684692afe: start FollowerState
2019-09-26 09:57:15,240 [pool-57-thread-1] INFO  util.JmxRegister (JmxRegister.java:tryRegister(44)) - Successfully registered JMX Bean with object name Ratis:service=RaftServer,group=group-F834DD8813C4,id=62a5622f-7436-420d-b3aa-8ce684692afe
2019-09-26 09:57:15,255 [RatisPipelineUtilsThread] INFO  pipeline.PipelineStateManager (PipelineStateManager.java:addPipeline(56)) - Created pipeline Pipeline[ Id: a2ea2ac6-1501-4cec-a4ae-f834dd8813c4, Nodes: 62a5622f-7436-420d-b3aa-8ce684692afe{ip: 192.168.30.13, host: pr-hdds-1569-wvzgm-824869521, networkLocation: /default-rack, certSerialId: null}, Type:RATIS, Factor:ONE, State:OPEN]
2019-09-26 09:57:15,286 [grpc-default-executor-0] INFO  impl.RaftServerProxy (RaftServerProxy.java:addNew(89)) - 62a5622f-7436-420d-b3aa-8ce684692afe: addNew group-CBC832F9CC17:[62a5622f-7436-420d-b3aa-8ce684692afe:192.168.30.13:44970] returns group-CBC832F9CC17:java.util.concurrent.CompletableFuture@5a555020[Not completed]
2019-09-26 09:57:15,288 [pool-57-thread-1] INFO  impl.RaftServerImpl (RaftServerImpl.java:<init>(95)) - 62a5622f-7436-420d-b3aa-8ce684692afe: new RaftServerImpl for group-CBC832F9CC17:[62a5622f-7436-420d-b3aa-8ce684692afe:192.168.30.13:44970] with ContainerStateMachine:uninitialized
2019-09-26 09:57:15,288 [pool-57-thread-1] INFO  server.RaftServerConfigKeys (ConfUtils.java:logGet(43)) - raft.server.rpc.timeout.min = 5s (custom)
2019-09-26 09:57:15,289 [pool-57-thread-1] INFO  server.RaftServerConfigKeys (ConfUtils.java:logGet(43)) - raft.server.rpc.timeout.max = 5200ms (custom)
2019-09-26 09:57:15,289 [pool-57-thread-1] INFO  server.RaftServerConfigKeys (ConfUtils.java:logGet(43)) - raft.server.rpcslowness.timeout = 120s (custom)
2019-09-26 09:57:15,289 [pool-57-thread-1] INFO  server.RaftServerConfigKeys (ConfUtils.java:logGet(43)) - raft.server.sleep.deviation.threshold = 300 (default)
2019-09-26 09:57:15,289 [pool-57-thread-1] INFO  server.RaftServerConfigKeys (ConfUtils.java:logGet(43)) - raft.server.log.appender.install.snapshot.enabled = false (custom)
2019-09-26 09:57:15,289 [pool-57-thread-1] INFO  impl.RaftServerImpl (ServerState.java:<init>(103)) - 62a5622f-7436-420d-b3aa-8ce684692afe@group-CBC832F9CC17: ConfigurationManager, init=-1: [62a5622f-7436-420d-b3aa-8ce684692afe:192.168.30.13:44970], old=null, confs=<EMPTY_MAP>
2019-09-26 09:57:15,290 [pool-57-thread-1] INFO  server.RaftServerConfigKeys (ConfUtils.java:logGet(43)) - raft.server.storage.dir = [/workdir/hadoop-ozone/integration-test/target/test-dir/MiniOzoneClusterImpl-02a89373-ff67-4b13-ad11-60194c127517/datanode-3/data/ratis] (custom)
2019-09-26 09:57:15,290 [pool-57-thread-1] INFO  storage.RaftStorageDirectory (RaftStorageDirectory.java:analyzeStorage(246)) - The storage directory /workdir/hadoop-ozone/integration-test/target/test-dir/MiniOzoneClusterImpl-02a89373-ff67-4b13-ad11-60194c127517/datanode-3/data/ratis/0b3e9452-7003-48fc-b2cb-cbc832f9cc17 does not exist. Creating ...
2019-09-26 09:57:15,294 [pool-57-thread-1] INFO  storage.RaftStorageDirectory (RaftStorageDirectory.java:tryLock(328)) - Lock on /workdir/hadoop-ozone/integration-test/target/test-dir/MiniOzoneClusterImpl-02a89373-ff67-4b13-ad11-60194c127517/datanode-3/data/ratis/0b3e9452-7003-48fc-b2cb-cbc832f9cc17/in_use.lock acquired by nodename 19604@pr-hdds-1569-wvzgm-824869521
2019-09-26 09:57:15,297 [pool-57-thread-1] INFO  storage.RaftStorage (RaftStorage.java:format(72)) - Storage directory /workdir/hadoop-ozone/integration-test/target/test-dir/MiniOzoneClusterImpl-02a89373-ff67-4b13-ad11-60194c127517/datanode-3/data/ratis/0b3e9452-7003-48fc-b2cb-cbc832f9cc17 has been successfully formatted.
2019-09-26 09:57:15,297 [pool-57-thread-1] INFO  ratis.ContainerStateMachine (ContainerStateMachine.java:loadSnapshot(230)) - group-CBC832F9CC17: The snapshot info is null. Setting the last applied indexto:(t:0, i:~)
2019-09-26 09:57:15,297 [pool-57-thread-1] INFO  server.RaftServerConfigKeys (ConfUtils.java:logGet(43)) - raft.server.notification.no-leader.timeout = 120s (custom)
2019-09-26 09:57:15,297 [pool-57-thread-1] INFO  server.RaftServerConfigKeys (ConfUtils.java:logGet(43)) - raft.server.log.use.memory = false (default)
2019-09-26 09:57:15,298 [pool-57-thread-1] INFO  server.RaftServerConfigKeys (ConfUtils.java:logGet(43)) - raft.server.log.purge.gap = 1000000 (custom)
2019-09-26 09:57:15,298 [pool-57-thread-1] INFO  server.RaftServerConfigKeys (ConfUtils.java:logGet(43)) - raft.server.log.appender.buffer.byte-limit = 33554432 (custom)
2019-09-26 09:57:15,298 [pool-57-thread-1] INFO  server.RaftServerConfigKeys (ConfUtils.java:logGet(43)) - raft.server.log.segment.size.max = 1048576 (custom)
2019-09-26 09:57:15,298 [pool-57-thread-1] INFO  server.RaftServerConfigKeys (ConfUtils.java:logGet(43)) - raft.server.log.segment.cache.num.max = 2 (custom)
2019-09-26 09:57:15,298 [pool-57-thread-1] INFO  segmented.SegmentedRaftLogWorker (SegmentedRaftLogWorker.java:<init>(172)) - new 62a5622f-7436-420d-b3aa-8ce684692afe@group-CBC832F9CC17-SegmentedRaftLogWorker for RaftStorage:Storage Directory /workdir/hadoop-ozone/integration-test/target/test-dir/MiniOzoneClusterImpl-02a89373-ff67-4b13-ad11-60194c127517/datanode-3/data/ratis/0b3e9452-7003-48fc-b2cb-cbc832f9cc17
2019-09-26 09:57:15,298 [pool-57-thread-1] INFO  server.RaftServerConfigKeys (ConfUtils.java:logGet(43)) - raft.server.log.queue.byte-limit = 2147483647 (custom)
2019-09-26 09:57:15,299 [pool-57-thread-1] INFO  server.RaftServerConfigKeys (ConfUtils.java:logGet(43)) - raft.server.log.queue.element-limit = 1024 (custom)
2019-09-26 09:57:15,299 [pool-57-thread-1] INFO  server.RaftServerConfigKeys (ConfUtils.java:logGet(43)) - raft.server.log.segment.size.max = 1048576 (custom)
2019-09-26 09:57:15,299 [pool-57-thread-1] INFO  server.RaftServerConfigKeys (ConfUtils.java:logGet(43)) - raft.server.log.preallocated.size = 16384 (custom)
2019-09-26 09:57:15,299 [pool-57-thread-1] INFO  server.RaftServerConfigKeys (ConfUtils.java:logGet(43)) - raft.server.log.write.buffer.size = 33554432 (custom)
2019-09-26 09:57:15,299 [pool-57-thread-1] INFO  server.RaftServerConfigKeys (ConfUtils.java:logGet(43)) - raft.server.log.force.sync.num = 128 (default)
2019-09-26 09:57:15,299 [pool-57-thread-1] INFO  server.RaftServerConfigKeys (ConfUtils.java:logGet(43)) - raft.server.log.statemachine.data.sync = true (default)
2019-09-26 09:57:15,300 [pool-57-thread-1] INFO  server.RaftServerConfigKeys (ConfUtils.java:logGet(43)) - raft.server.log.statemachine.data.sync.timeout = 10s (default)
2019-09-26 09:57:15,300 [pool-57-thread-1] INFO  server.RaftServerConfigKeys (ConfUtils.java:logGet(43)) - raft.server.log.statemachine.data.sync.timeout.retry = -1 (default)
2019-09-26 09:57:15,300 [pool-57-thread-1] INFO  server.RaftServerConfigKeys (ConfUtils.java:logGet(43)) - raft.server.log.statemachine.data.caching.enabled = true (custom)
2019-09-26 09:57:15,300 [pool-57-thread-1] INFO  segmented.SegmentedRaftLogWorker (SegmentedRaftLogWorker.java:lambda$new$0(132)) - 62a5622f-7436-420d-b3aa-8ce684692afe@group-CBC832F9CC17-SegmentedRaftLogWorker: flushIndex: setUnconditionally 0 -> -1
2019-09-26 09:57:15,301 [pool-57-thread-1] INFO  server.RaftServerConfigKeys (ConfUtils.java:logGet(43)) - raft.server.snapshot.auto.trigger.enabled = true (custom)
2019-09-26 09:57:15,301 [pool-57-thread-1] INFO  server.RaftServerConfigKeys (ConfUtils.java:logGet(43)) - raft.server.snapshot.auto.trigger.threshold = 10000 (custom)
2019-09-26 09:57:15,301 [pool-57-thread-1] INFO  server.RaftServerConfigKeys (ConfUtils.java:logGet(43)) - raft.server.snapshot.retention.num.files = 5 (custom)
2019-09-26 09:57:15,301 [pool-57-thread-1] INFO  server.RaftServerConfigKeys (ConfUtils.java:logGet(43)) - raft.server.retrycache.expirytime = 600000ms (custom)
2019-09-26 09:57:15,306 [pool-57-thread-1] INFO  impl.RaftServerImpl (RaftServerImpl.java:start(185)) - 62a5622f-7436-420d-b3aa-8ce684692afe@group-CBC832F9CC17: start as a follower, conf=-1: [62a5622f-7436-420d-b3aa-8ce684692afe:192.168.30.13:44970], old=null
2019-09-26 09:57:15,306 [pool-57-thread-1] INFO  impl.RaftServerImpl (RaftServerImpl.java:setRole(174)) - 62a5622f-7436-420d-b3aa-8ce684692afe@group-CBC832F9CC17: changes role from      null to FOLLOWER at term 0 for startAsFollower
2019-09-26 09:57:15,306 [pool-57-thread-1] INFO  impl.RoleInfo (RoleInfo.java:updateAndGet(143)) - 62a5622f-7436-420d-b3aa-8ce684692afe: start FollowerState
2019-09-26 09:57:15,307 [pool-57-thread-1] INFO  util.JmxRegister (JmxRegister.java:tryRegister(44)) - Successfully registered JMX Bean with object name Ratis:service=RaftServer,group=group-CBC832F9CC17,id=62a5622f-7436-420d-b3aa-8ce684692afe
2019-09-26 09:57:15,320 [RatisPipelineUtilsThread] INFO  pipeline.PipelineStateManager (PipelineStateManager.java:addPipeline(56)) - Created pipeline Pipeline[ Id: 0b3e9452-7003-48fc-b2cb-cbc832f9cc17, Nodes: 62a5622f-7436-420d-b3aa-8ce684692afe{ip: 192.168.30.13, host: pr-hdds-1569-wvzgm-824869521, networkLocation: /default-rack, certSerialId: null}, Type:RATIS, Factor:ONE, State:OPEN]
2019-09-26 09:57:15,337 [grpc-default-executor-0] INFO  impl.RaftServerProxy (RaftServerProxy.java:addNew(89)) - 9d66027e-d252-4dbd-9b93-1b4908d3cfc2: addNew group-877BE78CB39A:[9d66027e-d252-4dbd-9b93-1b4908d3cfc2:192.168.30.13:37389] returns group-877BE78CB39A:java.util.concurrent.CompletableFuture@1d3b9c87[Not completed]
2019-09-26 09:57:15,358 [pool-47-thread-1] INFO  impl.RaftServerImpl (RaftServerImpl.java:<init>(95)) - 9d66027e-d252-4dbd-9b93-1b4908d3cfc2: new RaftServerImpl for group-877BE78CB39A:[9d66027e-d252-4dbd-9b93-1b4908d3cfc2:192.168.30.13:37389] with ContainerStateMachine:uninitialized
2019-09-26 09:57:15,358 [pool-47-thread-1] INFO  server.RaftServerConfigKeys (ConfUtils.java:logGet(43)) - raft.server.rpc.timeout.min = 5s (custom)
2019-09-26 09:57:15,358 [pool-47-thread-1] INFO  server.RaftServerConfigKeys (ConfUtils.java:logGet(43)) - raft.server.rpc.timeout.max = 5200ms (custom)
2019-09-26 09:57:15,358 [pool-47-thread-1] INFO  server.RaftServerConfigKeys (ConfUtils.java:logGet(43)) - raft.server.rpcslowness.timeout = 120s (custom)
2019-09-26 09:57:15,358 [pool-47-thread-1] INFO  server.RaftServerConfigKeys (ConfUtils.java:logGet(43)) - raft.server.sleep.deviation.threshold = 300 (default)
2019-09-26 09:57:15,358 [pool-47-thread-1] INFO  server.RaftServerConfigKeys (ConfUtils.java:logGet(43)) - raft.server.log.appender.install.snapshot.enabled = false (custom)
2019-09-26 09:57:15,358 [pool-47-thread-1] INFO  impl.RaftServerImpl (ServerState.java:<init>(103)) - 9d66027e-d252-4dbd-9b93-1b4908d3cfc2@group-877BE78CB39A: ConfigurationManager, init=-1: [9d66027e-d252-4dbd-9b93-1b4908d3cfc2:192.168.30.13:37389], old=null, confs=<EMPTY_MAP>
2019-09-26 09:57:15,359 [pool-47-thread-1] INFO  server.RaftServerConfigKeys (ConfUtils.java:logGet(43)) - raft.server.storage.dir = [/workdir/hadoop-ozone/integration-test/target/test-dir/MiniOzoneClusterImpl-02a89373-ff67-4b13-ad11-60194c127517/datanode-2/data/ratis] (custom)
2019-09-26 09:57:15,359 [pool-47-thread-1] INFO  storage.RaftStorageDirectory (RaftStorageDirectory.java:analyzeStorage(246)) - The storage directory /workdir/hadoop-ozone/integration-test/target/test-dir/MiniOzoneClusterImpl-02a89373-ff67-4b13-ad11-60194c127517/datanode-2/data/ratis/06875337-7ecd-40fc-b4e6-877be78cb39a does not exist. Creating ...
2019-09-26 09:57:15,368 [pool-47-thread-1] INFO  storage.RaftStorageDirectory (RaftStorageDirectory.java:tryLock(328)) - Lock on /workdir/hadoop-ozone/integration-test/target/test-dir/MiniOzoneClusterImpl-02a89373-ff67-4b13-ad11-60194c127517/datanode-2/data/ratis/06875337-7ecd-40fc-b4e6-877be78cb39a/in_use.lock acquired by nodename 19604@pr-hdds-1569-wvzgm-824869521
2019-09-26 09:57:15,372 [pool-47-thread-1] INFO  storage.RaftStorage (RaftStorage.java:format(72)) - Storage directory /workdir/hadoop-ozone/integration-test/target/test-dir/MiniOzoneClusterImpl-02a89373-ff67-4b13-ad11-60194c127517/datanode-2/data/ratis/06875337-7ecd-40fc-b4e6-877be78cb39a has been successfully formatted.
2019-09-26 09:57:15,372 [pool-47-thread-1] INFO  ratis.ContainerStateMachine (ContainerStateMachine.java:loadSnapshot(230)) - group-877BE78CB39A: The snapshot info is null. Setting the last applied indexto:(t:0, i:~)
2019-09-26 09:57:15,373 [pool-47-thread-1] INFO  server.RaftServerConfigKeys (ConfUtils.java:logGet(43)) - raft.server.notification.no-leader.timeout = 120s (custom)
2019-09-26 09:57:15,373 [pool-47-thread-1] INFO  server.RaftServerConfigKeys (ConfUtils.java:logGet(43)) - raft.server.log.use.memory = false (default)
2019-09-26 09:57:15,373 [pool-47-thread-1] INFO  server.RaftServerConfigKeys (ConfUtils.java:logGet(43)) - raft.server.log.purge.gap = 1000000 (custom)
2019-09-26 09:57:15,373 [pool-47-thread-1] INFO  server.RaftServerConfigKeys (ConfUtils.java:logGet(43)) - raft.server.log.appender.buffer.byte-limit = 33554432 (custom)
2019-09-26 09:57:15,373 [pool-47-thread-1] INFO  server.RaftServerConfigKeys (ConfUtils.java:logGet(43)) - raft.server.log.segment.size.max = 1048576 (custom)
2019-09-26 09:57:15,373 [pool-47-thread-1] INFO  server.RaftServerConfigKeys (ConfUtils.java:logGet(43)) - raft.server.log.segment.cache.num.max = 2 (custom)
2019-09-26 09:57:15,374 [pool-47-thread-1] INFO  segmented.SegmentedRaftLogWorker (SegmentedRaftLogWorker.java:<init>(172)) - new 9d66027e-d252-4dbd-9b93-1b4908d3cfc2@group-877BE78CB39A-SegmentedRaftLogWorker for RaftStorage:Storage Directory /workdir/hadoop-ozone/integration-test/target/test-dir/MiniOzoneClusterImpl-02a89373-ff67-4b13-ad11-60194c127517/datanode-2/data/ratis/06875337-7ecd-40fc-b4e6-877be78cb39a
2019-09-26 09:57:15,406 [pool-47-thread-1] INFO  server.RaftServerConfigKeys (ConfUtils.java:logGet(43)) - raft.server.log.queue.byte-limit = 2147483647 (custom)
2019-09-26 09:57:15,407 [pool-47-thread-1] INFO  server.RaftServerConfigKeys (ConfUtils.java:logGet(43)) - raft.server.log.queue.element-limit = 1024 (custom)
2019-09-26 09:57:15,407 [pool-47-thread-1] INFO  server.RaftServerConfigKeys (ConfUtils.java:logGet(43)) - raft.server.log.segment.size.max = 1048576 (custom)
2019-09-26 09:57:15,407 [pool-47-thread-1] INFO  server.RaftServerConfigKeys (ConfUtils.java:logGet(43)) - raft.server.log.preallocated.size = 16384 (custom)
2019-09-26 09:57:15,407 [pool-47-thread-1] INFO  server.RaftServerConfigKeys (ConfUtils.java:logGet(43)) - raft.server.log.write.buffer.size = 33554432 (custom)
2019-09-26 09:57:15,407 [pool-47-thread-1] INFO  server.RaftServerConfigKeys (ConfUtils.java:logGet(43)) - raft.server.log.force.sync.num = 128 (default)
2019-09-26 09:57:15,407 [pool-47-thread-1] INFO  server.RaftServerConfigKeys (ConfUtils.java:logGet(43)) - raft.server.log.statemachine.data.sync = true (default)
2019-09-26 09:57:15,408 [pool-47-thread-1] INFO  server.RaftServerConfigKeys (ConfUtils.java:logGet(43)) - raft.server.log.statemachine.data.sync.timeout = 10s (default)
2019-09-26 09:57:15,408 [pool-47-thread-1] INFO  server.RaftServerConfigKeys (ConfUtils.java:logGet(43)) - raft.server.log.statemachine.data.sync.timeout.retry = -1 (default)
2019-09-26 09:57:15,408 [pool-47-thread-1] INFO  server.RaftServerConfigKeys (ConfUtils.java:logGet(43)) - raft.server.log.statemachine.data.caching.enabled = true (custom)
2019-09-26 09:57:15,408 [pool-47-thread-1] INFO  segmented.SegmentedRaftLogWorker (SegmentedRaftLogWorker.java:lambda$new$0(132)) - 9d66027e-d252-4dbd-9b93-1b4908d3cfc2@group-877BE78CB39A-SegmentedRaftLogWorker: flushIndex: setUnconditionally 0 -> -1
2019-09-26 09:57:15,409 [pool-47-thread-1] INFO  server.RaftServerConfigKeys (ConfUtils.java:logGet(43)) - raft.server.snapshot.auto.trigger.enabled = true (custom)
2019-09-26 09:57:15,409 [pool-47-thread-1] INFO  server.RaftServerConfigKeys (ConfUtils.java:logGet(43)) - raft.server.snapshot.auto.trigger.threshold = 10000 (custom)
2019-09-26 09:57:15,409 [pool-47-thread-1] INFO  server.RaftServerConfigKeys (ConfUtils.java:logGet(43)) - raft.server.snapshot.retention.num.files = 5 (custom)
2019-09-26 09:57:15,409 [pool-47-thread-1] INFO  server.RaftServerConfigKeys (ConfUtils.java:logGet(43)) - raft.server.retrycache.expirytime = 600000ms (custom)
2019-09-26 09:57:15,412 [pool-47-thread-1] INFO  impl.RaftServerImpl (RaftServerImpl.java:start(185)) - 9d66027e-d252-4dbd-9b93-1b4908d3cfc2@group-877BE78CB39A: start as a follower, conf=-1: [9d66027e-d252-4dbd-9b93-1b4908d3cfc2:192.168.30.13:37389], old=null
2019-09-26 09:57:15,413 [pool-47-thread-1] INFO  impl.RaftServerImpl (RaftServerImpl.java:setRole(174)) - 9d66027e-d252-4dbd-9b93-1b4908d3cfc2@group-877BE78CB39A: changes role from      null to FOLLOWER at term 0 for startAsFollower
2019-09-26 09:57:15,413 [pool-47-thread-1] INFO  impl.RoleInfo (RoleInfo.java:updateAndGet(143)) - 9d66027e-d252-4dbd-9b93-1b4908d3cfc2: start FollowerState
2019-09-26 09:57:15,413 [pool-47-thread-1] INFO  util.JmxRegister (JmxRegister.java:tryRegister(44)) - Successfully registered JMX Bean with object name Ratis:service=RaftServer,group=group-877BE78CB39A,id=9d66027e-d252-4dbd-9b93-1b4908d3cfc2
2019-09-26 09:57:15,424 [RatisPipelineUtilsThread] INFO  pipeline.PipelineStateManager (PipelineStateManager.java:addPipeline(56)) - Created pipeline Pipeline[ Id: 06875337-7ecd-40fc-b4e6-877be78cb39a, Nodes: 9d66027e-d252-4dbd-9b93-1b4908d3cfc2{ip: 192.168.30.13, host: pr-hdds-1569-wvzgm-824869521, networkLocation: /default-rack, certSerialId: null}, Type:RATIS, Factor:ONE, State:OPEN]
2019-09-26 09:57:15,442 [grpc-default-executor-0] INFO  impl.RaftServerProxy (RaftServerProxy.java:addNew(89)) - c0fe0384-ccc2-43dc-b812-8c8a482d02e6: addNew group-ED0FB5762F4F:[c0fe0384-ccc2-43dc-b812-8c8a482d02e6:192.168.30.13:34767] returns group-ED0FB5762F4F:java.util.concurrent.CompletableFuture@10fb5a17[Not completed]
2019-09-26 09:57:15,443 [pool-37-thread-1] INFO  impl.RaftServerImpl (RaftServerImpl.java:<init>(95)) - c0fe0384-ccc2-43dc-b812-8c8a482d02e6: new RaftServerImpl for group-ED0FB5762F4F:[c0fe0384-ccc2-43dc-b812-8c8a482d02e6:192.168.30.13:34767] with ContainerStateMachine:uninitialized
2019-09-26 09:57:15,443 [pool-37-thread-1] INFO  server.RaftServerConfigKeys (ConfUtils.java:logGet(43)) - raft.server.rpc.timeout.min = 5s (custom)
2019-09-26 09:57:15,444 [pool-37-thread-1] INFO  server.RaftServerConfigKeys (ConfUtils.java:logGet(43)) - raft.server.rpc.timeout.max = 5200ms (custom)
2019-09-26 09:57:15,444 [pool-37-thread-1] INFO  server.RaftServerConfigKeys (ConfUtils.java:logGet(43)) - raft.server.rpcslowness.timeout = 120s (custom)
2019-09-26 09:57:15,444 [pool-37-thread-1] INFO  server.RaftServerConfigKeys (ConfUtils.java:logGet(43)) - raft.server.sleep.deviation.threshold = 300 (default)
2019-09-26 09:57:15,444 [pool-37-thread-1] INFO  server.RaftServerConfigKeys (ConfUtils.java:logGet(43)) - raft.server.log.appender.install.snapshot.enabled = false (custom)
2019-09-26 09:57:15,444 [pool-37-thread-1] INFO  impl.RaftServerImpl (ServerState.java:<init>(103)) - c0fe0384-ccc2-43dc-b812-8c8a482d02e6@group-ED0FB5762F4F: ConfigurationManager, init=-1: [c0fe0384-ccc2-43dc-b812-8c8a482d02e6:192.168.30.13:34767], old=null, confs=<EMPTY_MAP>
2019-09-26 09:57:15,444 [pool-37-thread-1] INFO  server.RaftServerConfigKeys (ConfUtils.java:logGet(43)) - raft.server.storage.dir = [/workdir/hadoop-ozone/integration-test/target/test-dir/MiniOzoneClusterImpl-02a89373-ff67-4b13-ad11-60194c127517/datanode-1/data/ratis] (custom)
2019-09-26 09:57:15,444 [pool-37-thread-1] INFO  storage.RaftStorageDirectory (RaftStorageDirectory.java:analyzeStorage(246)) - The storage directory /workdir/hadoop-ozone/integration-test/target/test-dir/MiniOzoneClusterImpl-02a89373-ff67-4b13-ad11-60194c127517/datanode-1/data/ratis/96d0c727-f14a-44f8-8de3-ed0fb5762f4f does not exist. Creating ...
2019-09-26 09:57:15,448 [pool-37-thread-1] INFO  storage.RaftStorageDirectory (RaftStorageDirectory.java:tryLock(328)) - Lock on /workdir/hadoop-ozone/integration-test/target/test-dir/MiniOzoneClusterImpl-02a89373-ff67-4b13-ad11-60194c127517/datanode-1/data/ratis/96d0c727-f14a-44f8-8de3-ed0fb5762f4f/in_use.lock acquired by nodename 19604@pr-hdds-1569-wvzgm-824869521
2019-09-26 09:57:15,452 [pool-37-thread-1] INFO  storage.RaftStorage (RaftStorage.java:format(72)) - Storage directory /workdir/hadoop-ozone/integration-test/target/test-dir/MiniOzoneClusterImpl-02a89373-ff67-4b13-ad11-60194c127517/datanode-1/data/ratis/96d0c727-f14a-44f8-8de3-ed0fb5762f4f has been successfully formatted.
2019-09-26 09:57:15,452 [pool-37-thread-1] INFO  ratis.ContainerStateMachine (ContainerStateMachine.java:loadSnapshot(230)) - group-ED0FB5762F4F: The snapshot info is null. Setting the last applied indexto:(t:0, i:~)
2019-09-26 09:57:15,452 [pool-37-thread-1] INFO  server.RaftServerConfigKeys (ConfUtils.java:logGet(43)) - raft.server.notification.no-leader.timeout = 120s (custom)
2019-09-26 09:57:15,452 [pool-37-thread-1] INFO  server.RaftServerConfigKeys (ConfUtils.java:logGet(43)) - raft.server.log.use.memory = false (default)
2019-09-26 09:57:15,452 [pool-37-thread-1] INFO  server.RaftServerConfigKeys (ConfUtils.java:logGet(43)) - raft.server.log.purge.gap = 1000000 (custom)
2019-09-26 09:57:15,452 [pool-37-thread-1] INFO  server.RaftServerConfigKeys (ConfUtils.java:logGet(43)) - raft.server.log.appender.buffer.byte-limit = 33554432 (custom)
2019-09-26 09:57:15,452 [pool-37-thread-1] INFO  server.RaftServerConfigKeys (ConfUtils.java:logGet(43)) - raft.server.log.segment.size.max = 1048576 (custom)
2019-09-26 09:57:15,453 [pool-37-thread-1] INFO  server.RaftServerConfigKeys (ConfUtils.java:logGet(43)) - raft.server.log.segment.cache.num.max = 2 (custom)
2019-09-26 09:57:15,453 [pool-37-thread-1] INFO  segmented.SegmentedRaftLogWorker (SegmentedRaftLogWorker.java:<init>(172)) - new c0fe0384-ccc2-43dc-b812-8c8a482d02e6@group-ED0FB5762F4F-SegmentedRaftLogWorker for RaftStorage:Storage Directory /workdir/hadoop-ozone/integration-test/target/test-dir/MiniOzoneClusterImpl-02a89373-ff67-4b13-ad11-60194c127517/datanode-1/data/ratis/96d0c727-f14a-44f8-8de3-ed0fb5762f4f
2019-09-26 09:57:15,456 [pool-37-thread-1] INFO  server.RaftServerConfigKeys (ConfUtils.java:logGet(43)) - raft.server.log.queue.byte-limit = 2147483647 (custom)
2019-09-26 09:57:15,456 [pool-37-thread-1] INFO  server.RaftServerConfigKeys (ConfUtils.java:logGet(43)) - raft.server.log.queue.element-limit = 1024 (custom)
2019-09-26 09:57:15,456 [pool-37-thread-1] INFO  server.RaftServerConfigKeys (ConfUtils.java:logGet(43)) - raft.server.log.segment.size.max = 1048576 (custom)
2019-09-26 09:57:15,457 [pool-37-thread-1] INFO  server.RaftServerConfigKeys (ConfUtils.java:logGet(43)) - raft.server.log.preallocated.size = 16384 (custom)
2019-09-26 09:57:15,457 [pool-37-thread-1] INFO  server.RaftServerConfigKeys (ConfUtils.java:logGet(43)) - raft.server.log.write.buffer.size = 33554432 (custom)
2019-09-26 09:57:15,457 [pool-37-thread-1] INFO  server.RaftServerConfigKeys (ConfUtils.java:logGet(43)) - raft.server.log.force.sync.num = 128 (default)
2019-09-26 09:57:15,457 [pool-37-thread-1] INFO  server.RaftServerConfigKeys (ConfUtils.java:logGet(43)) - raft.server.log.statemachine.data.sync = true (default)
2019-09-26 09:57:15,457 [pool-37-thread-1] INFO  server.RaftServerConfigKeys (ConfUtils.java:logGet(43)) - raft.server.log.statemachine.data.sync.timeout = 10s (default)
2019-09-26 09:57:15,457 [pool-37-thread-1] INFO  server.RaftServerConfigKeys (ConfUtils.java:logGet(43)) - raft.server.log.statemachine.data.sync.timeout.retry = -1 (default)
2019-09-26 09:57:15,457 [pool-37-thread-1] INFO  server.RaftServerConfigKeys (ConfUtils.java:logGet(43)) - raft.server.log.statemachine.data.caching.enabled = true (custom)
2019-09-26 09:57:15,458 [pool-37-thread-1] INFO  segmented.SegmentedRaftLogWorker (SegmentedRaftLogWorker.java:lambda$new$0(132)) - c0fe0384-ccc2-43dc-b812-8c8a482d02e6@group-ED0FB5762F4F-SegmentedRaftLogWorker: flushIndex: setUnconditionally 0 -> -1
2019-09-26 09:57:15,458 [pool-37-thread-1] INFO  server.RaftServerConfigKeys (ConfUtils.java:logGet(43)) - raft.server.snapshot.auto.trigger.enabled = true (custom)
2019-09-26 09:57:15,458 [pool-37-thread-1] INFO  server.RaftServerConfigKeys (ConfUtils.java:logGet(43)) - raft.server.snapshot.auto.trigger.threshold = 10000 (custom)
2019-09-26 09:57:15,458 [pool-37-thread-1] INFO  server.RaftServerConfigKeys (ConfUtils.java:logGet(43)) - raft.server.snapshot.retention.num.files = 5 (custom)
2019-09-26 09:57:15,458 [pool-37-thread-1] INFO  server.RaftServerConfigKeys (ConfUtils.java:logGet(43)) - raft.server.retrycache.expirytime = 600000ms (custom)
2019-09-26 09:57:15,461 [pool-37-thread-1] INFO  impl.RaftServerImpl (RaftServerImpl.java:start(185)) - c0fe0384-ccc2-43dc-b812-8c8a482d02e6@group-ED0FB5762F4F: start as a follower, conf=-1: [c0fe0384-ccc2-43dc-b812-8c8a482d02e6:192.168.30.13:34767], old=null
2019-09-26 09:57:15,461 [pool-37-thread-1] INFO  impl.RaftServerImpl (RaftServerImpl.java:setRole(174)) - c0fe0384-ccc2-43dc-b812-8c8a482d02e6@group-ED0FB5762F4F: changes role from      null to FOLLOWER at term 0 for startAsFollower
2019-09-26 09:57:15,461 [pool-37-thread-1] INFO  impl.RoleInfo (RoleInfo.java:updateAndGet(143)) - c0fe0384-ccc2-43dc-b812-8c8a482d02e6: start FollowerState
2019-09-26 09:57:15,462 [pool-37-thread-1] INFO  util.JmxRegister (JmxRegister.java:tryRegister(44)) - Successfully registered JMX Bean with object name Ratis:service=RaftServer,group=group-ED0FB5762F4F,id=c0fe0384-ccc2-43dc-b812-8c8a482d02e6
2019-09-26 09:57:15,471 [RatisPipelineUtilsThread] INFO  pipeline.PipelineStateManager (PipelineStateManager.java:addPipeline(56)) - Created pipeline Pipeline[ Id: 96d0c727-f14a-44f8-8de3-ed0fb5762f4f, Nodes: c0fe0384-ccc2-43dc-b812-8c8a482d02e6{ip: 192.168.30.13, host: pr-hdds-1569-wvzgm-824869521, networkLocation: /default-rack, certSerialId: null}, Type:RATIS, Factor:ONE, State:OPEN]
2019-09-26 09:57:15,488 [grpc-default-executor-0] INFO  impl.RaftServerProxy (RaftServerProxy.java:addNew(89)) - d195cc70-2ea8-4d9b-90c7-21e4a6c9bd0d: addNew group-17C71A81A3A4:[d195cc70-2ea8-4d9b-90c7-21e4a6c9bd0d:192.168.30.13:39349] returns group-17C71A81A3A4:java.util.concurrent.CompletableFuture@190cf6d0[Not completed]
2019-09-26 09:57:15,491 [pool-77-thread-1] INFO  impl.RaftServerImpl (RaftServerImpl.java:<init>(95)) - d195cc70-2ea8-4d9b-90c7-21e4a6c9bd0d: new RaftServerImpl for group-17C71A81A3A4:[d195cc70-2ea8-4d9b-90c7-21e4a6c9bd0d:192.168.30.13:39349] with ContainerStateMachine:uninitialized
2019-09-26 09:57:15,492 [pool-77-thread-1] INFO  server.RaftServerConfigKeys (ConfUtils.java:logGet(43)) - raft.server.rpc.timeout.min = 5s (custom)
2019-09-26 09:57:15,492 [pool-77-thread-1] INFO  server.RaftServerConfigKeys (ConfUtils.java:logGet(43)) - raft.server.rpc.timeout.max = 5200ms (custom)
2019-09-26 09:57:15,492 [pool-77-thread-1] INFO  server.RaftServerConfigKeys (ConfUtils.java:logGet(43)) - raft.server.rpcslowness.timeout = 120s (custom)
2019-09-26 09:57:15,492 [pool-77-thread-1] INFO  server.RaftServerConfigKeys (ConfUtils.java:logGet(43)) - raft.server.sleep.deviation.threshold = 300 (default)
2019-09-26 09:57:15,492 [pool-77-thread-1] INFO  server.RaftServerConfigKeys (ConfUtils.java:logGet(43)) - raft.server.log.appender.install.snapshot.enabled = false (custom)
2019-09-26 09:57:15,492 [pool-77-thread-1] INFO  impl.RaftServerImpl (ServerState.java:<init>(103)) - d195cc70-2ea8-4d9b-90c7-21e4a6c9bd0d@group-17C71A81A3A4: ConfigurationManager, init=-1: [d195cc70-2ea8-4d9b-90c7-21e4a6c9bd0d:192.168.30.13:39349], old=null, confs=<EMPTY_MAP>
2019-09-26 09:57:15,492 [pool-77-thread-1] INFO  server.RaftServerConfigKeys (ConfUtils.java:logGet(43)) - raft.server.storage.dir = [/workdir/hadoop-ozone/integration-test/target/test-dir/MiniOzoneClusterImpl-02a89373-ff67-4b13-ad11-60194c127517/datanode-5/data/ratis] (custom)
2019-09-26 09:57:15,493 [pool-77-thread-1] INFO  storage.RaftStorageDirectory (RaftStorageDirectory.java:analyzeStorage(246)) - The storage directory /workdir/hadoop-ozone/integration-test/target/test-dir/MiniOzoneClusterImpl-02a89373-ff67-4b13-ad11-60194c127517/datanode-5/data/ratis/d615f4d6-a8ba-4f34-9880-17c71a81a3a4 does not exist. Creating ...
2019-09-26 09:57:15,506 [pool-77-thread-1] INFO  storage.RaftStorageDirectory (RaftStorageDirectory.java:tryLock(328)) - Lock on /workdir/hadoop-ozone/integration-test/target/test-dir/MiniOzoneClusterImpl-02a89373-ff67-4b13-ad11-60194c127517/datanode-5/data/ratis/d615f4d6-a8ba-4f34-9880-17c71a81a3a4/in_use.lock acquired by nodename 19604@pr-hdds-1569-wvzgm-824869521
2019-09-26 09:57:15,521 [pool-77-thread-1] INFO  storage.RaftStorage (RaftStorage.java:format(72)) - Storage directory /workdir/hadoop-ozone/integration-test/target/test-dir/MiniOzoneClusterImpl-02a89373-ff67-4b13-ad11-60194c127517/datanode-5/data/ratis/d615f4d6-a8ba-4f34-9880-17c71a81a3a4 has been successfully formatted.
2019-09-26 09:57:15,521 [pool-77-thread-1] INFO  ratis.ContainerStateMachine (ContainerStateMachine.java:loadSnapshot(230)) - group-17C71A81A3A4: The snapshot info is null. Setting the last applied indexto:(t:0, i:~)
2019-09-26 09:57:15,522 [pool-77-thread-1] INFO  server.RaftServerConfigKeys (ConfUtils.java:logGet(43)) - raft.server.notification.no-leader.timeout = 120s (custom)
2019-09-26 09:57:15,522 [pool-77-thread-1] INFO  server.RaftServerConfigKeys (ConfUtils.java:logGet(43)) - raft.server.log.use.memory = false (default)
2019-09-26 09:57:15,522 [pool-77-thread-1] INFO  server.RaftServerConfigKeys (ConfUtils.java:logGet(43)) - raft.server.log.purge.gap = 1000000 (custom)
2019-09-26 09:57:15,522 [pool-77-thread-1] INFO  server.RaftServerConfigKeys (ConfUtils.java:logGet(43)) - raft.server.log.appender.buffer.byte-limit = 33554432 (custom)
2019-09-26 09:57:15,522 [pool-77-thread-1] INFO  server.RaftServerConfigKeys (ConfUtils.java:logGet(43)) - raft.server.log.segment.size.max = 1048576 (custom)
2019-09-26 09:57:15,522 [pool-77-thread-1] INFO  server.RaftServerConfigKeys (ConfUtils.java:logGet(43)) - raft.server.log.segment.cache.num.max = 2 (custom)
2019-09-26 09:57:15,522 [pool-77-thread-1] INFO  segmented.SegmentedRaftLogWorker (SegmentedRaftLogWorker.java:<init>(172)) - new d195cc70-2ea8-4d9b-90c7-21e4a6c9bd0d@group-17C71A81A3A4-SegmentedRaftLogWorker for RaftStorage:Storage Directory /workdir/hadoop-ozone/integration-test/target/test-dir/MiniOzoneClusterImpl-02a89373-ff67-4b13-ad11-60194c127517/datanode-5/data/ratis/d615f4d6-a8ba-4f34-9880-17c71a81a3a4
2019-09-26 09:57:15,525 [pool-77-thread-1] INFO  server.RaftServerConfigKeys (ConfUtils.java:logGet(43)) - raft.server.log.queue.byte-limit = 2147483647 (custom)
2019-09-26 09:57:15,525 [pool-77-thread-1] INFO  server.RaftServerConfigKeys (ConfUtils.java:logGet(43)) - raft.server.log.queue.element-limit = 1024 (custom)
2019-09-26 09:57:15,525 [pool-77-thread-1] INFO  server.RaftServerConfigKeys (ConfUtils.java:logGet(43)) - raft.server.log.segment.size.max = 1048576 (custom)
2019-09-26 09:57:15,526 [pool-77-thread-1] INFO  server.RaftServerConfigKeys (ConfUtils.java:logGet(43)) - raft.server.log.preallocated.size = 16384 (custom)
2019-09-26 09:57:15,526 [pool-77-thread-1] INFO  server.RaftServerConfigKeys (ConfUtils.java:logGet(43)) - raft.server.log.write.buffer.size = 33554432 (custom)
2019-09-26 09:57:15,526 [pool-77-thread-1] INFO  server.RaftServerConfigKeys (ConfUtils.java:logGet(43)) - raft.server.log.force.sync.num = 128 (default)
2019-09-26 09:57:15,526 [pool-77-thread-1] INFO  server.RaftServerConfigKeys (ConfUtils.java:logGet(43)) - raft.server.log.statemachine.data.sync = true (default)
2019-09-26 09:57:15,526 [pool-77-thread-1] INFO  server.RaftServerConfigKeys (ConfUtils.java:logGet(43)) - raft.server.log.statemachine.data.sync.timeout = 10s (default)
2019-09-26 09:57:15,526 [pool-77-thread-1] INFO  server.RaftServerConfigKeys (ConfUtils.java:logGet(43)) - raft.server.log.statemachine.data.sync.timeout.retry = -1 (default)
2019-09-26 09:57:15,526 [pool-77-thread-1] INFO  server.RaftServerConfigKeys (ConfUtils.java:logGet(43)) - raft.server.log.statemachine.data.caching.enabled = true (custom)
2019-09-26 09:57:15,527 [pool-77-thread-1] INFO  segmented.SegmentedRaftLogWorker (SegmentedRaftLogWorker.java:lambda$new$0(132)) - d195cc70-2ea8-4d9b-90c7-21e4a6c9bd0d@group-17C71A81A3A4-SegmentedRaftLogWorker: flushIndex: setUnconditionally 0 -> -1
2019-09-26 09:57:15,527 [pool-77-thread-1] INFO  server.RaftServerConfigKeys (ConfUtils.java:logGet(43)) - raft.server.snapshot.auto.trigger.enabled = true (custom)
2019-09-26 09:57:15,527 [pool-77-thread-1] INFO  server.RaftServerConfigKeys (ConfUtils.java:logGet(43)) - raft.server.snapshot.auto.trigger.threshold = 10000 (custom)
2019-09-26 09:57:15,527 [pool-77-thread-1] INFO  server.RaftServerConfigKeys (ConfUtils.java:logGet(43)) - raft.server.snapshot.retention.num.files = 5 (custom)
2019-09-26 09:57:15,527 [pool-77-thread-1] INFO  server.RaftServerConfigKeys (ConfUtils.java:logGet(43)) - raft.server.retrycache.expirytime = 600000ms (custom)
2019-09-26 09:57:15,530 [pool-77-thread-1] INFO  impl.RaftServerImpl (RaftServerImpl.java:start(185)) - d195cc70-2ea8-4d9b-90c7-21e4a6c9bd0d@group-17C71A81A3A4: start as a follower, conf=-1: [d195cc70-2ea8-4d9b-90c7-21e4a6c9bd0d:192.168.30.13:39349], old=null
2019-09-26 09:57:15,530 [pool-77-thread-1] INFO  impl.RaftServerImpl (RaftServerImpl.java:setRole(174)) - d195cc70-2ea8-4d9b-90c7-21e4a6c9bd0d@group-17C71A81A3A4: changes role from      null to FOLLOWER at term 0 for startAsFollower
2019-09-26 09:57:15,530 [pool-77-thread-1] INFO  impl.RoleInfo (RoleInfo.java:updateAndGet(143)) - d195cc70-2ea8-4d9b-90c7-21e4a6c9bd0d: start FollowerState
2019-09-26 09:57:15,531 [pool-77-thread-1] INFO  util.JmxRegister (JmxRegister.java:tryRegister(44)) - Successfully registered JMX Bean with object name Ratis:service=RaftServer,group=group-17C71A81A3A4,id=d195cc70-2ea8-4d9b-90c7-21e4a6c9bd0d
2019-09-26 09:57:15,539 [RatisPipelineUtilsThread] INFO  pipeline.PipelineStateManager (PipelineStateManager.java:addPipeline(56)) - Created pipeline Pipeline[ Id: d615f4d6-a8ba-4f34-9880-17c71a81a3a4, Nodes: d195cc70-2ea8-4d9b-90c7-21e4a6c9bd0d{ip: 192.168.30.13, host: pr-hdds-1569-wvzgm-824869521, networkLocation: /default-rack, certSerialId: null}, Type:RATIS, Factor:ONE, State:OPEN]
2019-09-26 09:57:15,553 [grpc-default-executor-0] INFO  impl.RaftServerProxy (RaftServerProxy.java:addNew(89)) - c0fe0384-ccc2-43dc-b812-8c8a482d02e6: addNew group-7C7175C8695E:[c0fe0384-ccc2-43dc-b812-8c8a482d02e6:192.168.30.13:34767] returns group-7C7175C8695E:java.util.concurrent.CompletableFuture@2b692129[Not completed]
2019-09-26 09:57:15,556 [pool-37-thread-1] INFO  impl.RaftServerImpl (RaftServerImpl.java:<init>(95)) - c0fe0384-ccc2-43dc-b812-8c8a482d02e6: new RaftServerImpl for group-7C7175C8695E:[c0fe0384-ccc2-43dc-b812-8c8a482d02e6:192.168.30.13:34767] with ContainerStateMachine:uninitialized
2019-09-26 09:57:15,556 [pool-37-thread-1] INFO  server.RaftServerConfigKeys (ConfUtils.java:logGet(43)) - raft.server.rpc.timeout.min = 5s (custom)
2019-09-26 09:57:15,556 [pool-37-thread-1] INFO  server.RaftServerConfigKeys (ConfUtils.java:logGet(43)) - raft.server.rpc.timeout.max = 5200ms (custom)
2019-09-26 09:57:15,556 [pool-37-thread-1] INFO  server.RaftServerConfigKeys (ConfUtils.java:logGet(43)) - raft.server.rpcslowness.timeout = 120s (custom)
2019-09-26 09:57:15,556 [pool-37-thread-1] INFO  server.RaftServerConfigKeys (ConfUtils.java:logGet(43)) - raft.server.sleep.deviation.threshold = 300 (default)
2019-09-26 09:57:15,556 [pool-37-thread-1] INFO  server.RaftServerConfigKeys (ConfUtils.java:logGet(43)) - raft.server.log.appender.install.snapshot.enabled = false (custom)
2019-09-26 09:57:15,556 [pool-37-thread-1] INFO  impl.RaftServerImpl (ServerState.java:<init>(103)) - c0fe0384-ccc2-43dc-b812-8c8a482d02e6@group-7C7175C8695E: ConfigurationManager, init=-1: [c0fe0384-ccc2-43dc-b812-8c8a482d02e6:192.168.30.13:34767], old=null, confs=<EMPTY_MAP>
2019-09-26 09:57:15,557 [pool-37-thread-1] INFO  server.RaftServerConfigKeys (ConfUtils.java:logGet(43)) - raft.server.storage.dir = [/workdir/hadoop-ozone/integration-test/target/test-dir/MiniOzoneClusterImpl-02a89373-ff67-4b13-ad11-60194c127517/datanode-1/data/ratis] (custom)
2019-09-26 09:57:15,557 [pool-37-thread-1] INFO  storage.RaftStorageDirectory (RaftStorageDirectory.java:analyzeStorage(246)) - The storage directory /workdir/hadoop-ozone/integration-test/target/test-dir/MiniOzoneClusterImpl-02a89373-ff67-4b13-ad11-60194c127517/datanode-1/data/ratis/9c1adfa7-3cf4-4532-a4f0-7c7175c8695e does not exist. Creating ...
2019-09-26 09:57:15,560 [pool-37-thread-1] INFO  storage.RaftStorageDirectory (RaftStorageDirectory.java:tryLock(328)) - Lock on /workdir/hadoop-ozone/integration-test/target/test-dir/MiniOzoneClusterImpl-02a89373-ff67-4b13-ad11-60194c127517/datanode-1/data/ratis/9c1adfa7-3cf4-4532-a4f0-7c7175c8695e/in_use.lock acquired by nodename 19604@pr-hdds-1569-wvzgm-824869521
2019-09-26 09:57:15,563 [pool-37-thread-1] INFO  storage.RaftStorage (RaftStorage.java:format(72)) - Storage directory /workdir/hadoop-ozone/integration-test/target/test-dir/MiniOzoneClusterImpl-02a89373-ff67-4b13-ad11-60194c127517/datanode-1/data/ratis/9c1adfa7-3cf4-4532-a4f0-7c7175c8695e has been successfully formatted.
2019-09-26 09:57:15,564 [pool-37-thread-1] INFO  ratis.ContainerStateMachine (ContainerStateMachine.java:loadSnapshot(230)) - group-7C7175C8695E: The snapshot info is null. Setting the last applied indexto:(t:0, i:~)
2019-09-26 09:57:15,564 [pool-37-thread-1] INFO  server.RaftServerConfigKeys (ConfUtils.java:logGet(43)) - raft.server.notification.no-leader.timeout = 120s (custom)
2019-09-26 09:57:15,564 [pool-37-thread-1] INFO  server.RaftServerConfigKeys (ConfUtils.java:logGet(43)) - raft.server.log.use.memory = false (default)
2019-09-26 09:57:15,564 [pool-37-thread-1] INFO  server.RaftServerConfigKeys (ConfUtils.java:logGet(43)) - raft.server.log.purge.gap = 1000000 (custom)
2019-09-26 09:57:15,564 [pool-37-thread-1] INFO  server.RaftServerConfigKeys (ConfUtils.java:logGet(43)) - raft.server.log.appender.buffer.byte-limit = 33554432 (custom)
2019-09-26 09:57:15,564 [pool-37-thread-1] INFO  server.RaftServerConfigKeys (ConfUtils.java:logGet(43)) - raft.server.log.segment.size.max = 1048576 (custom)
2019-09-26 09:57:15,565 [pool-37-thread-1] INFO  server.RaftServerConfigKeys (ConfUtils.java:logGet(43)) - raft.server.log.segment.cache.num.max = 2 (custom)
2019-09-26 09:57:15,565 [pool-37-thread-1] INFO  segmented.SegmentedRaftLogWorker (SegmentedRaftLogWorker.java:<init>(172)) - new c0fe0384-ccc2-43dc-b812-8c8a482d02e6@group-7C7175C8695E-SegmentedRaftLogWorker for RaftStorage:Storage Directory /workdir/hadoop-ozone/integration-test/target/test-dir/MiniOzoneClusterImpl-02a89373-ff67-4b13-ad11-60194c127517/datanode-1/data/ratis/9c1adfa7-3cf4-4532-a4f0-7c7175c8695e
2019-09-26 09:57:15,565 [pool-37-thread-1] INFO  server.RaftServerConfigKeys (ConfUtils.java:logGet(43)) - raft.server.log.queue.byte-limit = 2147483647 (custom)
2019-09-26 09:57:15,565 [pool-37-thread-1] INFO  server.RaftServerConfigKeys (ConfUtils.java:logGet(43)) - raft.server.log.queue.element-limit = 1024 (custom)
2019-09-26 09:57:15,565 [pool-37-thread-1] INFO  server.RaftServerConfigKeys (ConfUtils.java:logGet(43)) - raft.server.log.segment.size.max = 1048576 (custom)
2019-09-26 09:57:15,565 [pool-37-thread-1] INFO  server.RaftServerConfigKeys (ConfUtils.java:logGet(43)) - raft.server.log.preallocated.size = 16384 (custom)
2019-09-26 09:57:15,565 [pool-37-thread-1] INFO  server.RaftServerConfigKeys (ConfUtils.java:logGet(43)) - raft.server.log.write.buffer.size = 33554432 (custom)
2019-09-26 09:57:15,565 [pool-37-thread-1] INFO  server.RaftServerConfigKeys (ConfUtils.java:logGet(43)) - raft.server.log.force.sync.num = 128 (default)
2019-09-26 09:57:15,566 [pool-37-thread-1] INFO  server.RaftServerConfigKeys (ConfUtils.java:logGet(43)) - raft.server.log.statemachine.data.sync = true (default)
2019-09-26 09:57:15,566 [pool-37-thread-1] INFO  server.RaftServerConfigKeys (ConfUtils.java:logGet(43)) - raft.server.log.statemachine.data.sync.timeout = 10s (default)
2019-09-26 09:57:15,566 [pool-37-thread-1] INFO  server.RaftServerConfigKeys (ConfUtils.java:logGet(43)) - raft.server.log.statemachine.data.sync.timeout.retry = -1 (default)
2019-09-26 09:57:15,566 [pool-37-thread-1] INFO  server.RaftServerConfigKeys (ConfUtils.java:logGet(43)) - raft.server.log.statemachine.data.caching.enabled = true (custom)
2019-09-26 09:57:15,566 [pool-37-thread-1] INFO  segmented.SegmentedRaftLogWorker (SegmentedRaftLogWorker.java:lambda$new$0(132)) - c0fe0384-ccc2-43dc-b812-8c8a482d02e6@group-7C7175C8695E-SegmentedRaftLogWorker: flushIndex: setUnconditionally 0 -> -1
2019-09-26 09:57:15,567 [pool-37-thread-1] INFO  server.RaftServerConfigKeys (ConfUtils.java:logGet(43)) - raft.server.snapshot.auto.trigger.enabled = true (custom)
2019-09-26 09:57:15,567 [pool-37-thread-1] INFO  server.RaftServerConfigKeys (ConfUtils.java:logGet(43)) - raft.server.snapshot.auto.trigger.threshold = 10000 (custom)
2019-09-26 09:57:15,567 [pool-37-thread-1] INFO  server.RaftServerConfigKeys (ConfUtils.java:logGet(43)) - raft.server.snapshot.retention.num.files = 5 (custom)
2019-09-26 09:57:15,567 [pool-37-thread-1] INFO  server.RaftServerConfigKeys (ConfUtils.java:logGet(43)) - raft.server.retrycache.expirytime = 600000ms (custom)
2019-09-26 09:57:15,569 [pool-37-thread-1] INFO  impl.RaftServerImpl (RaftServerImpl.java:start(185)) - c0fe0384-ccc2-43dc-b812-8c8a482d02e6@group-7C7175C8695E: start as a follower, conf=-1: [c0fe0384-ccc2-43dc-b812-8c8a482d02e6:192.168.30.13:34767], old=null
2019-09-26 09:57:15,570 [pool-37-thread-1] INFO  impl.RaftServerImpl (RaftServerImpl.java:setRole(174)) - c0fe0384-ccc2-43dc-b812-8c8a482d02e6@group-7C7175C8695E: changes role from      null to FOLLOWER at term 0 for startAsFollower
2019-09-26 09:57:15,570 [pool-37-thread-1] INFO  impl.RoleInfo (RoleInfo.java:updateAndGet(143)) - c0fe0384-ccc2-43dc-b812-8c8a482d02e6: start FollowerState
2019-09-26 09:57:15,570 [pool-37-thread-1] INFO  util.JmxRegister (JmxRegister.java:tryRegister(44)) - Successfully registered JMX Bean with object name Ratis:service=RaftServer,group=group-7C7175C8695E,id=c0fe0384-ccc2-43dc-b812-8c8a482d02e6
2019-09-26 09:57:15,588 [RatisPipelineUtilsThread] INFO  pipeline.PipelineStateManager (PipelineStateManager.java:addPipeline(56)) - Created pipeline Pipeline[ Id: 9c1adfa7-3cf4-4532-a4f0-7c7175c8695e, Nodes: c0fe0384-ccc2-43dc-b812-8c8a482d02e6{ip: 192.168.30.13, host: pr-hdds-1569-wvzgm-824869521, networkLocation: /default-rack, certSerialId: null}, Type:RATIS, Factor:ONE, State:OPEN]
2019-09-26 09:57:15,600 [grpc-default-executor-0] INFO  impl.RaftServerProxy (RaftServerProxy.java:addNew(89)) - 62a5622f-7436-420d-b3aa-8ce684692afe: addNew group-F5CB92C3A19A:[62a5622f-7436-420d-b3aa-8ce684692afe:192.168.30.13:44970] returns group-F5CB92C3A19A:java.util.concurrent.CompletableFuture@3ac97c28[Not completed]
2019-09-26 09:57:15,601 [pool-57-thread-1] INFO  impl.RaftServerImpl (RaftServerImpl.java:<init>(95)) - 62a5622f-7436-420d-b3aa-8ce684692afe: new RaftServerImpl for group-F5CB92C3A19A:[62a5622f-7436-420d-b3aa-8ce684692afe:192.168.30.13:44970] with ContainerStateMachine:uninitialized
2019-09-26 09:57:15,602 [pool-57-thread-1] INFO  server.RaftServerConfigKeys (ConfUtils.java:logGet(43)) - raft.server.rpc.timeout.min = 5s (custom)
2019-09-26 09:57:15,602 [pool-57-thread-1] INFO  server.RaftServerConfigKeys (ConfUtils.java:logGet(43)) - raft.server.rpc.timeout.max = 5200ms (custom)
2019-09-26 09:57:15,602 [pool-57-thread-1] INFO  server.RaftServerConfigKeys (ConfUtils.java:logGet(43)) - raft.server.rpcslowness.timeout = 120s (custom)
2019-09-26 09:57:15,602 [pool-57-thread-1] INFO  server.RaftServerConfigKeys (ConfUtils.java:logGet(43)) - raft.server.sleep.deviation.threshold = 300 (default)
2019-09-26 09:57:15,602 [pool-57-thread-1] INFO  server.RaftServerConfigKeys (ConfUtils.java:logGet(43)) - raft.server.log.appender.install.snapshot.enabled = false (custom)
2019-09-26 09:57:15,602 [pool-57-thread-1] INFO  impl.RaftServerImpl (ServerState.java:<init>(103)) - 62a5622f-7436-420d-b3aa-8ce684692afe@group-F5CB92C3A19A: ConfigurationManager, init=-1: [62a5622f-7436-420d-b3aa-8ce684692afe:192.168.30.13:44970], old=null, confs=<EMPTY_MAP>
2019-09-26 09:57:15,602 [pool-57-thread-1] INFO  server.RaftServerConfigKeys (ConfUtils.java:logGet(43)) - raft.server.storage.dir = [/workdir/hadoop-ozone/integration-test/target/test-dir/MiniOzoneClusterImpl-02a89373-ff67-4b13-ad11-60194c127517/datanode-3/data/ratis] (custom)
2019-09-26 09:57:15,603 [pool-57-thread-1] INFO  storage.RaftStorageDirectory (RaftStorageDirectory.java:analyzeStorage(246)) - The storage directory /workdir/hadoop-ozone/integration-test/target/test-dir/MiniOzoneClusterImpl-02a89373-ff67-4b13-ad11-60194c127517/datanode-3/data/ratis/bf9746fd-f062-4ef7-ba55-f5cb92c3a19a does not exist. Creating ...
2019-09-26 09:57:15,606 [pool-57-thread-1] INFO  storage.RaftStorageDirectory (RaftStorageDirectory.java:tryLock(328)) - Lock on /workdir/hadoop-ozone/integration-test/target/test-dir/MiniOzoneClusterImpl-02a89373-ff67-4b13-ad11-60194c127517/datanode-3/data/ratis/bf9746fd-f062-4ef7-ba55-f5cb92c3a19a/in_use.lock acquired by nodename 19604@pr-hdds-1569-wvzgm-824869521
2019-09-26 09:57:15,620 [pool-57-thread-1] INFO  storage.RaftStorage (RaftStorage.java:format(72)) - Storage directory /workdir/hadoop-ozone/integration-test/target/test-dir/MiniOzoneClusterImpl-02a89373-ff67-4b13-ad11-60194c127517/datanode-3/data/ratis/bf9746fd-f062-4ef7-ba55-f5cb92c3a19a has been successfully formatted.
2019-09-26 09:57:15,620 [pool-57-thread-1] INFO  ratis.ContainerStateMachine (ContainerStateMachine.java:loadSnapshot(230)) - group-F5CB92C3A19A: The snapshot info is null. Setting the last applied indexto:(t:0, i:~)
2019-09-26 09:57:15,621 [pool-57-thread-1] INFO  server.RaftServerConfigKeys (ConfUtils.java:logGet(43)) - raft.server.notification.no-leader.timeout = 120s (custom)
2019-09-26 09:57:15,621 [pool-57-thread-1] INFO  server.RaftServerConfigKeys (ConfUtils.java:logGet(43)) - raft.server.log.use.memory = false (default)
2019-09-26 09:57:15,621 [pool-57-thread-1] INFO  server.RaftServerConfigKeys (ConfUtils.java:logGet(43)) - raft.server.log.purge.gap = 1000000 (custom)
2019-09-26 09:57:15,621 [pool-57-thread-1] INFO  server.RaftServerConfigKeys (ConfUtils.java:logGet(43)) - raft.server.log.appender.buffer.byte-limit = 33554432 (custom)
2019-09-26 09:57:15,621 [pool-57-thread-1] INFO  server.RaftServerConfigKeys (ConfUtils.java:logGet(43)) - raft.server.log.segment.size.max = 1048576 (custom)
2019-09-26 09:57:15,621 [pool-57-thread-1] INFO  server.RaftServerConfigKeys (ConfUtils.java:logGet(43)) - raft.server.log.segment.cache.num.max = 2 (custom)
2019-09-26 09:57:15,622 [pool-57-thread-1] INFO  segmented.SegmentedRaftLogWorker (SegmentedRaftLogWorker.java:<init>(172)) - new 62a5622f-7436-420d-b3aa-8ce684692afe@group-F5CB92C3A19A-SegmentedRaftLogWorker for RaftStorage:Storage Directory /workdir/hadoop-ozone/integration-test/target/test-dir/MiniOzoneClusterImpl-02a89373-ff67-4b13-ad11-60194c127517/datanode-3/data/ratis/bf9746fd-f062-4ef7-ba55-f5cb92c3a19a
2019-09-26 09:57:15,622 [pool-57-thread-1] INFO  server.RaftServerConfigKeys (ConfUtils.java:logGet(43)) - raft.server.log.queue.byte-limit = 2147483647 (custom)
2019-09-26 09:57:15,622 [pool-57-thread-1] INFO  server.RaftServerConfigKeys (ConfUtils.java:logGet(43)) - raft.server.log.queue.element-limit = 1024 (custom)
2019-09-26 09:57:15,622 [pool-57-thread-1] INFO  server.RaftServerConfigKeys (ConfUtils.java:logGet(43)) - raft.server.log.segment.size.max = 1048576 (custom)
2019-09-26 09:57:15,622 [pool-57-thread-1] INFO  server.RaftServerConfigKeys (ConfUtils.java:logGet(43)) - raft.server.log.preallocated.size = 16384 (custom)
2019-09-26 09:57:15,622 [pool-57-thread-1] INFO  server.RaftServerConfigKeys (ConfUtils.java:logGet(43)) - raft.server.log.write.buffer.size = 33554432 (custom)
2019-09-26 09:57:15,623 [pool-57-thread-1] INFO  server.RaftServerConfigKeys (ConfUtils.java:logGet(43)) - raft.server.log.force.sync.num = 128 (default)
2019-09-26 09:57:15,623 [pool-57-thread-1] INFO  server.RaftServerConfigKeys (ConfUtils.java:logGet(43)) - raft.server.log.statemachine.data.sync = true (default)
2019-09-26 09:57:15,623 [pool-57-thread-1] INFO  server.RaftServerConfigKeys (ConfUtils.java:logGet(43)) - raft.server.log.statemachine.data.sync.timeout = 10s (default)
2019-09-26 09:57:15,623 [pool-57-thread-1] INFO  server.RaftServerConfigKeys (ConfUtils.java:logGet(43)) - raft.server.log.statemachine.data.sync.timeout.retry = -1 (default)
2019-09-26 09:57:15,623 [pool-57-thread-1] INFO  server.RaftServerConfigKeys (ConfUtils.java:logGet(43)) - raft.server.log.statemachine.data.caching.enabled = true (custom)
2019-09-26 09:57:15,624 [pool-57-thread-1] INFO  segmented.SegmentedRaftLogWorker (SegmentedRaftLogWorker.java:lambda$new$0(132)) - 62a5622f-7436-420d-b3aa-8ce684692afe@group-F5CB92C3A19A-SegmentedRaftLogWorker: flushIndex: setUnconditionally 0 -> -1
2019-09-26 09:57:15,624 [pool-57-thread-1] INFO  server.RaftServerConfigKeys (ConfUtils.java:logGet(43)) - raft.server.snapshot.auto.trigger.enabled = true (custom)
2019-09-26 09:57:15,624 [pool-57-thread-1] INFO  server.RaftServerConfigKeys (ConfUtils.java:logGet(43)) - raft.server.snapshot.auto.trigger.threshold = 10000 (custom)
2019-09-26 09:57:15,624 [pool-57-thread-1] INFO  server.RaftServerConfigKeys (ConfUtils.java:logGet(43)) - raft.server.snapshot.retention.num.files = 5 (custom)
2019-09-26 09:57:15,624 [pool-57-thread-1] INFO  server.RaftServerConfigKeys (ConfUtils.java:logGet(43)) - raft.server.retrycache.expirytime = 600000ms (custom)
2019-09-26 09:57:15,627 [pool-57-thread-1] INFO  impl.RaftServerImpl (RaftServerImpl.java:start(185)) - 62a5622f-7436-420d-b3aa-8ce684692afe@group-F5CB92C3A19A: start as a follower, conf=-1: [62a5622f-7436-420d-b3aa-8ce684692afe:192.168.30.13:44970], old=null
2019-09-26 09:57:15,627 [pool-57-thread-1] INFO  impl.RaftServerImpl (RaftServerImpl.java:setRole(174)) - 62a5622f-7436-420d-b3aa-8ce684692afe@group-F5CB92C3A19A: changes role from      null to FOLLOWER at term 0 for startAsFollower
2019-09-26 09:57:15,627 [pool-57-thread-1] INFO  impl.RoleInfo (RoleInfo.java:updateAndGet(143)) - 62a5622f-7436-420d-b3aa-8ce684692afe: start FollowerState
2019-09-26 09:57:15,628 [pool-57-thread-1] INFO  util.JmxRegister (JmxRegister.java:tryRegister(44)) - Successfully registered JMX Bean with object name Ratis:service=RaftServer,group=group-F5CB92C3A19A,id=62a5622f-7436-420d-b3aa-8ce684692afe
2019-09-26 09:57:15,636 [RatisPipelineUtilsThread] INFO  pipeline.PipelineStateManager (PipelineStateManager.java:addPipeline(56)) - Created pipeline Pipeline[ Id: bf9746fd-f062-4ef7-ba55-f5cb92c3a19a, Nodes: 62a5622f-7436-420d-b3aa-8ce684692afe{ip: 192.168.30.13, host: pr-hdds-1569-wvzgm-824869521, networkLocation: /default-rack, certSerialId: null}, Type:RATIS, Factor:ONE, State:OPEN]
2019-09-26 09:57:15,652 [grpc-default-executor-0] INFO  impl.RaftServerProxy (RaftServerProxy.java:addNew(89)) - 4c024347-3506-43a2-ab40-8471edec8541: addNew group-EBEBA1842B35:[4c024347-3506-43a2-ab40-8471edec8541:192.168.30.13:39922] returns group-EBEBA1842B35:java.util.concurrent.CompletableFuture@4b987236[Not completed]
2019-09-26 09:57:15,656 [pool-67-thread-1] INFO  impl.RaftServerImpl (RaftServerImpl.java:<init>(95)) - 4c024347-3506-43a2-ab40-8471edec8541: new RaftServerImpl for group-EBEBA1842B35:[4c024347-3506-43a2-ab40-8471edec8541:192.168.30.13:39922] with ContainerStateMachine:uninitialized
2019-09-26 09:57:15,656 [pool-67-thread-1] INFO  server.RaftServerConfigKeys (ConfUtils.java:logGet(43)) - raft.server.rpc.timeout.min = 5s (custom)
2019-09-26 09:57:15,656 [pool-67-thread-1] INFO  server.RaftServerConfigKeys (ConfUtils.java:logGet(43)) - raft.server.rpc.timeout.max = 5200ms (custom)
2019-09-26 09:57:15,656 [pool-67-thread-1] INFO  server.RaftServerConfigKeys (ConfUtils.java:logGet(43)) - raft.server.rpcslowness.timeout = 120s (custom)
2019-09-26 09:57:15,656 [pool-67-thread-1] INFO  server.RaftServerConfigKeys (ConfUtils.java:logGet(43)) - raft.server.sleep.deviation.threshold = 300 (default)
2019-09-26 09:57:15,656 [pool-67-thread-1] INFO  server.RaftServerConfigKeys (ConfUtils.java:logGet(43)) - raft.server.log.appender.install.snapshot.enabled = false (custom)
2019-09-26 09:57:15,657 [pool-67-thread-1] INFO  impl.RaftServerImpl (ServerState.java:<init>(103)) - 4c024347-3506-43a2-ab40-8471edec8541@group-EBEBA1842B35: ConfigurationManager, init=-1: [4c024347-3506-43a2-ab40-8471edec8541:192.168.30.13:39922], old=null, confs=<EMPTY_MAP>
2019-09-26 09:57:15,657 [pool-67-thread-1] INFO  server.RaftServerConfigKeys (ConfUtils.java:logGet(43)) - raft.server.storage.dir = [/workdir/hadoop-ozone/integration-test/target/test-dir/MiniOzoneClusterImpl-02a89373-ff67-4b13-ad11-60194c127517/datanode-4/data/ratis] (custom)
2019-09-26 09:57:15,657 [pool-67-thread-1] INFO  storage.RaftStorageDirectory (RaftStorageDirectory.java:analyzeStorage(246)) - The storage directory /workdir/hadoop-ozone/integration-test/target/test-dir/MiniOzoneClusterImpl-02a89373-ff67-4b13-ad11-60194c127517/datanode-4/data/ratis/59832bd9-88aa-40e7-b292-ebeba1842b35 does not exist. Creating ...
2019-09-26 09:57:15,662 [pool-67-thread-1] INFO  storage.RaftStorageDirectory (RaftStorageDirectory.java:tryLock(328)) - Lock on /workdir/hadoop-ozone/integration-test/target/test-dir/MiniOzoneClusterImpl-02a89373-ff67-4b13-ad11-60194c127517/datanode-4/data/ratis/59832bd9-88aa-40e7-b292-ebeba1842b35/in_use.lock acquired by nodename 19604@pr-hdds-1569-wvzgm-824869521
2019-09-26 09:57:15,664 [pool-67-thread-1] INFO  storage.RaftStorage (RaftStorage.java:format(72)) - Storage directory /workdir/hadoop-ozone/integration-test/target/test-dir/MiniOzoneClusterImpl-02a89373-ff67-4b13-ad11-60194c127517/datanode-4/data/ratis/59832bd9-88aa-40e7-b292-ebeba1842b35 has been successfully formatted.
2019-09-26 09:57:15,665 [pool-67-thread-1] INFO  ratis.ContainerStateMachine (ContainerStateMachine.java:loadSnapshot(230)) - group-EBEBA1842B35: The snapshot info is null. Setting the last applied indexto:(t:0, i:~)
2019-09-26 09:57:15,665 [pool-67-thread-1] INFO  server.RaftServerConfigKeys (ConfUtils.java:logGet(43)) - raft.server.notification.no-leader.timeout = 120s (custom)
2019-09-26 09:57:15,665 [pool-67-thread-1] INFO  server.RaftServerConfigKeys (ConfUtils.java:logGet(43)) - raft.server.log.use.memory = false (default)
2019-09-26 09:57:15,665 [pool-67-thread-1] INFO  server.RaftServerConfigKeys (ConfUtils.java:logGet(43)) - raft.server.log.purge.gap = 1000000 (custom)
2019-09-26 09:57:15,665 [pool-67-thread-1] INFO  server.RaftServerConfigKeys (ConfUtils.java:logGet(43)) - raft.server.log.appender.buffer.byte-limit = 33554432 (custom)
2019-09-26 09:57:15,666 [pool-67-thread-1] INFO  server.RaftServerConfigKeys (ConfUtils.java:logGet(43)) - raft.server.log.segment.size.max = 1048576 (custom)
2019-09-26 09:57:15,666 [pool-67-thread-1] INFO  server.RaftServerConfigKeys (ConfUtils.java:logGet(43)) - raft.server.log.segment.cache.num.max = 2 (custom)
2019-09-26 09:57:15,666 [pool-67-thread-1] INFO  segmented.SegmentedRaftLogWorker (SegmentedRaftLogWorker.java:<init>(172)) - new 4c024347-3506-43a2-ab40-8471edec8541@group-EBEBA1842B35-SegmentedRaftLogWorker for RaftStorage:Storage Directory /workdir/hadoop-ozone/integration-test/target/test-dir/MiniOzoneClusterImpl-02a89373-ff67-4b13-ad11-60194c127517/datanode-4/data/ratis/59832bd9-88aa-40e7-b292-ebeba1842b35
2019-09-26 09:57:15,668 [pool-67-thread-1] INFO  server.RaftServerConfigKeys (ConfUtils.java:logGet(43)) - raft.server.log.queue.byte-limit = 2147483647 (custom)
2019-09-26 09:57:15,668 [pool-67-thread-1] INFO  server.RaftServerConfigKeys (ConfUtils.java:logGet(43)) - raft.server.log.queue.element-limit = 1024 (custom)
2019-09-26 09:57:15,669 [pool-67-thread-1] INFO  server.RaftServerConfigKeys (ConfUtils.java:logGet(43)) - raft.server.log.segment.size.max = 1048576 (custom)
2019-09-26 09:57:15,669 [pool-67-thread-1] INFO  server.RaftServerConfigKeys (ConfUtils.java:logGet(43)) - raft.server.log.preallocated.size = 16384 (custom)
2019-09-26 09:57:15,669 [pool-67-thread-1] INFO  server.RaftServerConfigKeys (ConfUtils.java:logGet(43)) - raft.server.log.write.buffer.size = 33554432 (custom)
2019-09-26 09:57:15,669 [pool-67-thread-1] INFO  server.RaftServerConfigKeys (ConfUtils.java:logGet(43)) - raft.server.log.force.sync.num = 128 (default)
2019-09-26 09:57:15,669 [pool-67-thread-1] INFO  server.RaftServerConfigKeys (ConfUtils.java:logGet(43)) - raft.server.log.statemachine.data.sync = true (default)
2019-09-26 09:57:15,669 [pool-67-thread-1] INFO  server.RaftServerConfigKeys (ConfUtils.java:logGet(43)) - raft.server.log.statemachine.data.sync.timeout = 10s (default)
2019-09-26 09:57:15,670 [pool-67-thread-1] INFO  server.RaftServerConfigKeys (ConfUtils.java:logGet(43)) - raft.server.log.statemachine.data.sync.timeout.retry = -1 (default)
2019-09-26 09:57:15,670 [pool-67-thread-1] INFO  server.RaftServerConfigKeys (ConfUtils.java:logGet(43)) - raft.server.log.statemachine.data.caching.enabled = true (custom)
2019-09-26 09:57:15,670 [pool-67-thread-1] INFO  segmented.SegmentedRaftLogWorker (SegmentedRaftLogWorker.java:lambda$new$0(132)) - 4c024347-3506-43a2-ab40-8471edec8541@group-EBEBA1842B35-SegmentedRaftLogWorker: flushIndex: setUnconditionally 0 -> -1
2019-09-26 09:57:15,671 [pool-67-thread-1] INFO  server.RaftServerConfigKeys (ConfUtils.java:logGet(43)) - raft.server.snapshot.auto.trigger.enabled = true (custom)
2019-09-26 09:57:15,671 [pool-67-thread-1] INFO  server.RaftServerConfigKeys (ConfUtils.java:logGet(43)) - raft.server.snapshot.auto.trigger.threshold = 10000 (custom)
2019-09-26 09:57:15,671 [pool-67-thread-1] INFO  server.RaftServerConfigKeys (ConfUtils.java:logGet(43)) - raft.server.snapshot.retention.num.files = 5 (custom)
2019-09-26 09:57:15,671 [pool-67-thread-1] INFO  server.RaftServerConfigKeys (ConfUtils.java:logGet(43)) - raft.server.retrycache.expirytime = 600000ms (custom)
2019-09-26 09:57:15,673 [pool-67-thread-1] INFO  impl.RaftServerImpl (RaftServerImpl.java:start(185)) - 4c024347-3506-43a2-ab40-8471edec8541@group-EBEBA1842B35: start as a follower, conf=-1: [4c024347-3506-43a2-ab40-8471edec8541:192.168.30.13:39922], old=null
2019-09-26 09:57:15,674 [pool-67-thread-1] INFO  impl.RaftServerImpl (RaftServerImpl.java:setRole(174)) - 4c024347-3506-43a2-ab40-8471edec8541@group-EBEBA1842B35: changes role from      null to FOLLOWER at term 0 for startAsFollower
2019-09-26 09:57:15,674 [pool-67-thread-1] INFO  impl.RoleInfo (RoleInfo.java:updateAndGet(143)) - 4c024347-3506-43a2-ab40-8471edec8541: start FollowerState
2019-09-26 09:57:15,674 [pool-67-thread-1] INFO  util.JmxRegister (JmxRegister.java:tryRegister(44)) - Successfully registered JMX Bean with object name Ratis:service=RaftServer,group=group-EBEBA1842B35,id=4c024347-3506-43a2-ab40-8471edec8541
2019-09-26 09:57:15,683 [RatisPipelineUtilsThread] INFO  pipeline.PipelineStateManager (PipelineStateManager.java:addPipeline(56)) - Created pipeline Pipeline[ Id: 59832bd9-88aa-40e7-b292-ebeba1842b35, Nodes: 4c024347-3506-43a2-ab40-8471edec8541{ip: 192.168.30.13, host: pr-hdds-1569-wvzgm-824869521, networkLocation: /default-rack, certSerialId: null}, Type:RATIS, Factor:ONE, State:OPEN]
2019-09-26 09:57:15,694 [grpc-default-executor-0] INFO  impl.RaftServerProxy (RaftServerProxy.java:addNew(89)) - 62a5622f-7436-420d-b3aa-8ce684692afe: addNew group-84B02A11F9C8:[62a5622f-7436-420d-b3aa-8ce684692afe:192.168.30.13:44970] returns group-84B02A11F9C8:java.util.concurrent.CompletableFuture@499ff7c2[Not completed]
2019-09-26 09:57:15,696 [pool-57-thread-1] INFO  impl.RaftServerImpl (RaftServerImpl.java:<init>(95)) - 62a5622f-7436-420d-b3aa-8ce684692afe: new RaftServerImpl for group-84B02A11F9C8:[62a5622f-7436-420d-b3aa-8ce684692afe:192.168.30.13:44970] with ContainerStateMachine:uninitialized
2019-09-26 09:57:15,696 [pool-57-thread-1] INFO  server.RaftServerConfigKeys (ConfUtils.java:logGet(43)) - raft.server.rpc.timeout.min = 5s (custom)
2019-09-26 09:57:15,696 [pool-57-thread-1] INFO  server.RaftServerConfigKeys (ConfUtils.java:logGet(43)) - raft.server.rpc.timeout.max = 5200ms (custom)
2019-09-26 09:57:15,696 [pool-57-thread-1] INFO  server.RaftServerConfigKeys (ConfUtils.java:logGet(43)) - raft.server.rpcslowness.timeout = 120s (custom)
2019-09-26 09:57:15,696 [pool-57-thread-1] INFO  server.RaftServerConfigKeys (ConfUtils.java:logGet(43)) - raft.server.sleep.deviation.threshold = 300 (default)
2019-09-26 09:57:15,696 [pool-57-thread-1] INFO  server.RaftServerConfigKeys (ConfUtils.java:logGet(43)) - raft.server.log.appender.install.snapshot.enabled = false (custom)
2019-09-26 09:57:15,697 [pool-57-thread-1] INFO  impl.RaftServerImpl (ServerState.java:<init>(103)) - 62a5622f-7436-420d-b3aa-8ce684692afe@group-84B02A11F9C8: ConfigurationManager, init=-1: [62a5622f-7436-420d-b3aa-8ce684692afe:192.168.30.13:44970], old=null, confs=<EMPTY_MAP>
2019-09-26 09:57:15,697 [pool-57-thread-1] INFO  server.RaftServerConfigKeys (ConfUtils.java:logGet(43)) - raft.server.storage.dir = [/workdir/hadoop-ozone/integration-test/target/test-dir/MiniOzoneClusterImpl-02a89373-ff67-4b13-ad11-60194c127517/datanode-3/data/ratis] (custom)
2019-09-26 09:57:15,697 [pool-57-thread-1] INFO  storage.RaftStorageDirectory (RaftStorageDirectory.java:analyzeStorage(246)) - The storage directory /workdir/hadoop-ozone/integration-test/target/test-dir/MiniOzoneClusterImpl-02a89373-ff67-4b13-ad11-60194c127517/datanode-3/data/ratis/683c2996-e90c-49cf-b9ab-84b02a11f9c8 does not exist. Creating ...
2019-09-26 09:57:15,704 [pool-57-thread-1] INFO  storage.RaftStorageDirectory (RaftStorageDirectory.java:tryLock(328)) - Lock on /workdir/hadoop-ozone/integration-test/target/test-dir/MiniOzoneClusterImpl-02a89373-ff67-4b13-ad11-60194c127517/datanode-3/data/ratis/683c2996-e90c-49cf-b9ab-84b02a11f9c8/in_use.lock acquired by nodename 19604@pr-hdds-1569-wvzgm-824869521
2019-09-26 09:57:15,708 [pool-57-thread-1] INFO  storage.RaftStorage (RaftStorage.java:format(72)) - Storage directory /workdir/hadoop-ozone/integration-test/target/test-dir/MiniOzoneClusterImpl-02a89373-ff67-4b13-ad11-60194c127517/datanode-3/data/ratis/683c2996-e90c-49cf-b9ab-84b02a11f9c8 has been successfully formatted.
2019-09-26 09:57:15,709 [pool-57-thread-1] INFO  ratis.ContainerStateMachine (ContainerStateMachine.java:loadSnapshot(230)) - group-84B02A11F9C8: The snapshot info is null. Setting the last applied indexto:(t:0, i:~)
2019-09-26 09:57:15,709 [pool-57-thread-1] INFO  server.RaftServerConfigKeys (ConfUtils.java:logGet(43)) - raft.server.notification.no-leader.timeout = 120s (custom)
2019-09-26 09:57:15,709 [pool-57-thread-1] INFO  server.RaftServerConfigKeys (ConfUtils.java:logGet(43)) - raft.server.log.use.memory = false (default)
2019-09-26 09:57:15,709 [pool-57-thread-1] INFO  server.RaftServerConfigKeys (ConfUtils.java:logGet(43)) - raft.server.log.purge.gap = 1000000 (custom)
2019-09-26 09:57:15,709 [pool-57-thread-1] INFO  server.RaftServerConfigKeys (ConfUtils.java:logGet(43)) - raft.server.log.appender.buffer.byte-limit = 33554432 (custom)
2019-09-26 09:57:15,709 [pool-57-thread-1] INFO  server.RaftServerConfigKeys (ConfUtils.java:logGet(43)) - raft.server.log.segment.size.max = 1048576 (custom)
2019-09-26 09:57:15,710 [pool-57-thread-1] INFO  server.RaftServerConfigKeys (ConfUtils.java:logGet(43)) - raft.server.log.segment.cache.num.max = 2 (custom)
2019-09-26 09:57:15,710 [pool-57-thread-1] INFO  segmented.SegmentedRaftLogWorker (SegmentedRaftLogWorker.java:<init>(172)) - new 62a5622f-7436-420d-b3aa-8ce684692afe@group-84B02A11F9C8-SegmentedRaftLogWorker for RaftStorage:Storage Directory /workdir/hadoop-ozone/integration-test/target/test-dir/MiniOzoneClusterImpl-02a89373-ff67-4b13-ad11-60194c127517/datanode-3/data/ratis/683c2996-e90c-49cf-b9ab-84b02a11f9c8
2019-09-26 09:57:15,710 [pool-57-thread-1] INFO  server.RaftServerConfigKeys (ConfUtils.java:logGet(43)) - raft.server.log.queue.byte-limit = 2147483647 (custom)
2019-09-26 09:57:15,710 [pool-57-thread-1] INFO  server.RaftServerConfigKeys (ConfUtils.java:logGet(43)) - raft.server.log.queue.element-limit = 1024 (custom)
2019-09-26 09:57:15,710 [pool-57-thread-1] INFO  server.RaftServerConfigKeys (ConfUtils.java:logGet(43)) - raft.server.log.segment.size.max = 1048576 (custom)
2019-09-26 09:57:15,710 [pool-57-thread-1] INFO  server.RaftServerConfigKeys (ConfUtils.java:logGet(43)) - raft.server.log.preallocated.size = 16384 (custom)
2019-09-26 09:57:15,710 [pool-57-thread-1] INFO  server.RaftServerConfigKeys (ConfUtils.java:logGet(43)) - raft.server.log.write.buffer.size = 33554432 (custom)
2019-09-26 09:57:15,710 [pool-57-thread-1] INFO  server.RaftServerConfigKeys (ConfUtils.java:logGet(43)) - raft.server.log.force.sync.num = 128 (default)
2019-09-26 09:57:15,710 [pool-57-thread-1] INFO  server.RaftServerConfigKeys (ConfUtils.java:logGet(43)) - raft.server.log.statemachine.data.sync = true (default)
2019-09-26 09:57:15,711 [pool-57-thread-1] INFO  server.RaftServerConfigKeys (ConfUtils.java:logGet(43)) - raft.server.log.statemachine.data.sync.timeout = 10s (default)
2019-09-26 09:57:15,711 [pool-57-thread-1] INFO  server.RaftServerConfigKeys (ConfUtils.java:logGet(43)) - raft.server.log.statemachine.data.sync.timeout.retry = -1 (default)
2019-09-26 09:57:15,711 [pool-57-thread-1] INFO  server.RaftServerConfigKeys (ConfUtils.java:logGet(43)) - raft.server.log.statemachine.data.caching.enabled = true (custom)
2019-09-26 09:57:15,711 [pool-57-thread-1] INFO  segmented.SegmentedRaftLogWorker (SegmentedRaftLogWorker.java:lambda$new$0(132)) - 62a5622f-7436-420d-b3aa-8ce684692afe@group-84B02A11F9C8-SegmentedRaftLogWorker: flushIndex: setUnconditionally 0 -> -1
2019-09-26 09:57:15,711 [pool-57-thread-1] INFO  server.RaftServerConfigKeys (ConfUtils.java:logGet(43)) - raft.server.snapshot.auto.trigger.enabled = true (custom)
2019-09-26 09:57:15,712 [pool-57-thread-1] INFO  server.RaftServerConfigKeys (ConfUtils.java:logGet(43)) - raft.server.snapshot.auto.trigger.threshold = 10000 (custom)
2019-09-26 09:57:15,712 [pool-57-thread-1] INFO  server.RaftServerConfigKeys (ConfUtils.java:logGet(43)) - raft.server.snapshot.retention.num.files = 5 (custom)
2019-09-26 09:57:15,712 [pool-57-thread-1] INFO  server.RaftServerConfigKeys (ConfUtils.java:logGet(43)) - raft.server.retrycache.expirytime = 600000ms (custom)
2019-09-26 09:57:15,714 [pool-57-thread-1] INFO  impl.RaftServerImpl (RaftServerImpl.java:start(185)) - 62a5622f-7436-420d-b3aa-8ce684692afe@group-84B02A11F9C8: start as a follower, conf=-1: [62a5622f-7436-420d-b3aa-8ce684692afe:192.168.30.13:44970], old=null
2019-09-26 09:57:15,714 [pool-57-thread-1] INFO  impl.RaftServerImpl (RaftServerImpl.java:setRole(174)) - 62a5622f-7436-420d-b3aa-8ce684692afe@group-84B02A11F9C8: changes role from      null to FOLLOWER at term 0 for startAsFollower
2019-09-26 09:57:15,714 [pool-57-thread-1] INFO  impl.RoleInfo (RoleInfo.java:updateAndGet(143)) - 62a5622f-7436-420d-b3aa-8ce684692afe: start FollowerState
2019-09-26 09:57:15,715 [pool-57-thread-1] INFO  util.JmxRegister (JmxRegister.java:tryRegister(44)) - Successfully registered JMX Bean with object name Ratis:service=RaftServer,group=group-84B02A11F9C8,id=62a5622f-7436-420d-b3aa-8ce684692afe
2019-09-26 09:57:15,723 [RatisPipelineUtilsThread] INFO  pipeline.PipelineStateManager (PipelineStateManager.java:addPipeline(56)) - Created pipeline Pipeline[ Id: 683c2996-e90c-49cf-b9ab-84b02a11f9c8, Nodes: 62a5622f-7436-420d-b3aa-8ce684692afe{ip: 192.168.30.13, host: pr-hdds-1569-wvzgm-824869521, networkLocation: /default-rack, certSerialId: null}, Type:RATIS, Factor:ONE, State:OPEN]
2019-09-26 09:57:15,737 [grpc-default-executor-0] INFO  impl.RaftServerProxy (RaftServerProxy.java:addNew(89)) - 968d325c-530f-4bc5-8752-bd3f3c0aff18: addNew group-C2DD3C5B5E31:[968d325c-530f-4bc5-8752-bd3f3c0aff18:192.168.30.13:43732] returns group-C2DD3C5B5E31:java.util.concurrent.CompletableFuture@407a0aef[Not completed]
2019-09-26 09:57:15,738 [pool-27-thread-1] INFO  impl.RaftServerImpl (RaftServerImpl.java:<init>(95)) - 968d325c-530f-4bc5-8752-bd3f3c0aff18: new RaftServerImpl for group-C2DD3C5B5E31:[968d325c-530f-4bc5-8752-bd3f3c0aff18:192.168.30.13:43732] with ContainerStateMachine:uninitialized
2019-09-26 09:57:15,738 [pool-27-thread-1] INFO  server.RaftServerConfigKeys (ConfUtils.java:logGet(43)) - raft.server.rpc.timeout.min = 5s (custom)
2019-09-26 09:57:15,738 [pool-27-thread-1] INFO  server.RaftServerConfigKeys (ConfUtils.java:logGet(43)) - raft.server.rpc.timeout.max = 5200ms (custom)
2019-09-26 09:57:15,738 [pool-27-thread-1] INFO  server.RaftServerConfigKeys (ConfUtils.java:logGet(43)) - raft.server.rpcslowness.timeout = 120s (custom)
2019-09-26 09:57:15,739 [pool-27-thread-1] INFO  server.RaftServerConfigKeys (ConfUtils.java:logGet(43)) - raft.server.sleep.deviation.threshold = 300 (default)
2019-09-26 09:57:15,739 [pool-27-thread-1] INFO  server.RaftServerConfigKeys (ConfUtils.java:logGet(43)) - raft.server.log.appender.install.snapshot.enabled = false (custom)
2019-09-26 09:57:15,739 [pool-27-thread-1] INFO  impl.RaftServerImpl (ServerState.java:<init>(103)) - 968d325c-530f-4bc5-8752-bd3f3c0aff18@group-C2DD3C5B5E31: ConfigurationManager, init=-1: [968d325c-530f-4bc5-8752-bd3f3c0aff18:192.168.30.13:43732], old=null, confs=<EMPTY_MAP>
2019-09-26 09:57:15,739 [pool-27-thread-1] INFO  server.RaftServerConfigKeys (ConfUtils.java:logGet(43)) - raft.server.storage.dir = [/workdir/hadoop-ozone/integration-test/target/test-dir/MiniOzoneClusterImpl-02a89373-ff67-4b13-ad11-60194c127517/datanode-0/data/ratis] (custom)
2019-09-26 09:57:15,739 [pool-27-thread-1] INFO  storage.RaftStorageDirectory (RaftStorageDirectory.java:analyzeStorage(246)) - The storage directory /workdir/hadoop-ozone/integration-test/target/test-dir/MiniOzoneClusterImpl-02a89373-ff67-4b13-ad11-60194c127517/datanode-0/data/ratis/16b34c1d-53b7-4277-8224-c2dd3c5b5e31 does not exist. Creating ...
2019-09-26 09:57:15,749 [pool-27-thread-1] INFO  storage.RaftStorageDirectory (RaftStorageDirectory.java:tryLock(328)) - Lock on /workdir/hadoop-ozone/integration-test/target/test-dir/MiniOzoneClusterImpl-02a89373-ff67-4b13-ad11-60194c127517/datanode-0/data/ratis/16b34c1d-53b7-4277-8224-c2dd3c5b5e31/in_use.lock acquired by nodename 19604@pr-hdds-1569-wvzgm-824869521
2019-09-26 09:57:15,753 [pool-27-thread-1] INFO  storage.RaftStorage (RaftStorage.java:format(72)) - Storage directory /workdir/hadoop-ozone/integration-test/target/test-dir/MiniOzoneClusterImpl-02a89373-ff67-4b13-ad11-60194c127517/datanode-0/data/ratis/16b34c1d-53b7-4277-8224-c2dd3c5b5e31 has been successfully formatted.
2019-09-26 09:57:15,753 [pool-27-thread-1] INFO  ratis.ContainerStateMachine (ContainerStateMachine.java:loadSnapshot(230)) - group-C2DD3C5B5E31: The snapshot info is null. Setting the last applied indexto:(t:0, i:~)
2019-09-26 09:57:15,753 [pool-27-thread-1] INFO  server.RaftServerConfigKeys (ConfUtils.java:logGet(43)) - raft.server.notification.no-leader.timeout = 120s (custom)
2019-09-26 09:57:15,753 [pool-27-thread-1] INFO  server.RaftServerConfigKeys (ConfUtils.java:logGet(43)) - raft.server.log.use.memory = false (default)
2019-09-26 09:57:15,753 [pool-27-thread-1] INFO  server.RaftServerConfigKeys (ConfUtils.java:logGet(43)) - raft.server.log.purge.gap = 1000000 (custom)
2019-09-26 09:57:15,753 [pool-27-thread-1] INFO  server.RaftServerConfigKeys (ConfUtils.java:logGet(43)) - raft.server.log.appender.buffer.byte-limit = 33554432 (custom)
2019-09-26 09:57:15,754 [pool-27-thread-1] INFO  server.RaftServerConfigKeys (ConfUtils.java:logGet(43)) - raft.server.log.segment.size.max = 1048576 (custom)
2019-09-26 09:57:15,754 [pool-27-thread-1] INFO  server.RaftServerConfigKeys (ConfUtils.java:logGet(43)) - raft.server.log.segment.cache.num.max = 2 (custom)
2019-09-26 09:57:15,754 [pool-27-thread-1] INFO  segmented.SegmentedRaftLogWorker (SegmentedRaftLogWorker.java:<init>(172)) - new 968d325c-530f-4bc5-8752-bd3f3c0aff18@group-C2DD3C5B5E31-SegmentedRaftLogWorker for RaftStorage:Storage Directory /workdir/hadoop-ozone/integration-test/target/test-dir/MiniOzoneClusterImpl-02a89373-ff67-4b13-ad11-60194c127517/datanode-0/data/ratis/16b34c1d-53b7-4277-8224-c2dd3c5b5e31
2019-09-26 09:57:15,754 [pool-27-thread-1] INFO  server.RaftServerConfigKeys (ConfUtils.java:logGet(43)) - raft.server.log.queue.byte-limit = 2147483647 (custom)
2019-09-26 09:57:15,754 [pool-27-thread-1] INFO  server.RaftServerConfigKeys (ConfUtils.java:logGet(43)) - raft.server.log.queue.element-limit = 1024 (custom)
2019-09-26 09:57:15,754 [pool-27-thread-1] INFO  server.RaftServerConfigKeys (ConfUtils.java:logGet(43)) - raft.server.log.segment.size.max = 1048576 (custom)
2019-09-26 09:57:15,755 [pool-27-thread-1] INFO  server.RaftServerConfigKeys (ConfUtils.java:logGet(43)) - raft.server.log.preallocated.size = 16384 (custom)
2019-09-26 09:57:15,755 [pool-27-thread-1] INFO  server.RaftServerConfigKeys (ConfUtils.java:logGet(43)) - raft.server.log.write.buffer.size = 33554432 (custom)
2019-09-26 09:57:15,755 [pool-27-thread-1] INFO  server.RaftServerConfigKeys (ConfUtils.java:logGet(43)) - raft.server.log.force.sync.num = 128 (default)
2019-09-26 09:57:15,755 [pool-27-thread-1] INFO  server.RaftServerConfigKeys (ConfUtils.java:logGet(43)) - raft.server.log.statemachine.data.sync = true (default)
2019-09-26 09:57:15,755 [pool-27-thread-1] INFO  server.RaftServerConfigKeys (ConfUtils.java:logGet(43)) - raft.server.log.statemachine.data.sync.timeout = 10s (default)
2019-09-26 09:57:15,755 [pool-27-thread-1] INFO  server.RaftServerConfigKeys (ConfUtils.java:logGet(43)) - raft.server.log.statemachine.data.sync.timeout.retry = -1 (default)
2019-09-26 09:57:15,755 [pool-27-thread-1] INFO  server.RaftServerConfigKeys (ConfUtils.java:logGet(43)) - raft.server.log.statemachine.data.caching.enabled = true (custom)
2019-09-26 09:57:15,756 [pool-27-thread-1] INFO  segmented.SegmentedRaftLogWorker (SegmentedRaftLogWorker.java:lambda$new$0(132)) - 968d325c-530f-4bc5-8752-bd3f3c0aff18@group-C2DD3C5B5E31-SegmentedRaftLogWorker: flushIndex: setUnconditionally 0 -> -1
2019-09-26 09:57:15,756 [pool-27-thread-1] INFO  server.RaftServerConfigKeys (ConfUtils.java:logGet(43)) - raft.server.snapshot.auto.trigger.enabled = true (custom)
2019-09-26 09:57:15,756 [pool-27-thread-1] INFO  server.RaftServerConfigKeys (ConfUtils.java:logGet(43)) - raft.server.snapshot.auto.trigger.threshold = 10000 (custom)
2019-09-26 09:57:15,756 [pool-27-thread-1] INFO  server.RaftServerConfigKeys (ConfUtils.java:logGet(43)) - raft.server.snapshot.retention.num.files = 5 (custom)
2019-09-26 09:57:15,756 [pool-27-thread-1] INFO  server.RaftServerConfigKeys (ConfUtils.java:logGet(43)) - raft.server.retrycache.expirytime = 600000ms (custom)
2019-09-26 09:57:15,760 [pool-27-thread-1] INFO  impl.RaftServerImpl (RaftServerImpl.java:start(185)) - 968d325c-530f-4bc5-8752-bd3f3c0aff18@group-C2DD3C5B5E31: start as a follower, conf=-1: [968d325c-530f-4bc5-8752-bd3f3c0aff18:192.168.30.13:43732], old=null
2019-09-26 09:57:15,760 [pool-27-thread-1] INFO  impl.RaftServerImpl (RaftServerImpl.java:setRole(174)) - 968d325c-530f-4bc5-8752-bd3f3c0aff18@group-C2DD3C5B5E31: changes role from      null to FOLLOWER at term 0 for startAsFollower
2019-09-26 09:57:15,760 [pool-27-thread-1] INFO  impl.RoleInfo (RoleInfo.java:updateAndGet(143)) - 968d325c-530f-4bc5-8752-bd3f3c0aff18: start FollowerState
2019-09-26 09:57:15,760 [pool-27-thread-1] INFO  util.JmxRegister (JmxRegister.java:tryRegister(44)) - Successfully registered JMX Bean with object name Ratis:service=RaftServer,group=group-C2DD3C5B5E31,id=968d325c-530f-4bc5-8752-bd3f3c0aff18
2019-09-26 09:57:15,770 [RatisPipelineUtilsThread] INFO  pipeline.PipelineStateManager (PipelineStateManager.java:addPipeline(56)) - Created pipeline Pipeline[ Id: 16b34c1d-53b7-4277-8224-c2dd3c5b5e31, Nodes: 968d325c-530f-4bc5-8752-bd3f3c0aff18{ip: 192.168.30.13, host: pr-hdds-1569-wvzgm-824869521, networkLocation: /default-rack, certSerialId: null}, Type:RATIS, Factor:ONE, State:OPEN]
2019-09-26 09:57:15,782 [grpc-default-executor-0] INFO  impl.RaftServerProxy (RaftServerProxy.java:addNew(89)) - c0fe0384-ccc2-43dc-b812-8c8a482d02e6: addNew group-136F63CCFA45:[c0fe0384-ccc2-43dc-b812-8c8a482d02e6:192.168.30.13:34767] returns group-136F63CCFA45:java.util.concurrent.CompletableFuture@47e7865d[Not completed]
2019-09-26 09:57:15,783 [pool-37-thread-1] INFO  impl.RaftServerImpl (RaftServerImpl.java:<init>(95)) - c0fe0384-ccc2-43dc-b812-8c8a482d02e6: new RaftServerImpl for group-136F63CCFA45:[c0fe0384-ccc2-43dc-b812-8c8a482d02e6:192.168.30.13:34767] with ContainerStateMachine:uninitialized
2019-09-26 09:57:15,784 [pool-37-thread-1] INFO  server.RaftServerConfigKeys (ConfUtils.java:logGet(43)) - raft.server.rpc.timeout.min = 5s (custom)
2019-09-26 09:57:15,784 [pool-37-thread-1] INFO  server.RaftServerConfigKeys (ConfUtils.java:logGet(43)) - raft.server.rpc.timeout.max = 5200ms (custom)
2019-09-26 09:57:15,784 [pool-37-thread-1] INFO  server.RaftServerConfigKeys (ConfUtils.java:logGet(43)) - raft.server.rpcslowness.timeout = 120s (custom)
2019-09-26 09:57:15,784 [pool-37-thread-1] INFO  server.RaftServerConfigKeys (ConfUtils.java:logGet(43)) - raft.server.sleep.deviation.threshold = 300 (default)
2019-09-26 09:57:15,784 [pool-37-thread-1] INFO  server.RaftServerConfigKeys (ConfUtils.java:logGet(43)) - raft.server.log.appender.install.snapshot.enabled = false (custom)
2019-09-26 09:57:15,784 [pool-37-thread-1] INFO  impl.RaftServerImpl (ServerState.java:<init>(103)) - c0fe0384-ccc2-43dc-b812-8c8a482d02e6@group-136F63CCFA45: ConfigurationManager, init=-1: [c0fe0384-ccc2-43dc-b812-8c8a482d02e6:192.168.30.13:34767], old=null, confs=<EMPTY_MAP>
2019-09-26 09:57:15,784 [pool-37-thread-1] INFO  server.RaftServerConfigKeys (ConfUtils.java:logGet(43)) - raft.server.storage.dir = [/workdir/hadoop-ozone/integration-test/target/test-dir/MiniOzoneClusterImpl-02a89373-ff67-4b13-ad11-60194c127517/datanode-1/data/ratis] (custom)
2019-09-26 09:57:15,785 [pool-37-thread-1] INFO  storage.RaftStorageDirectory (RaftStorageDirectory.java:analyzeStorage(246)) - The storage directory /workdir/hadoop-ozone/integration-test/target/test-dir/MiniOzoneClusterImpl-02a89373-ff67-4b13-ad11-60194c127517/datanode-1/data/ratis/04cfbc57-e9af-4113-aa5e-136f63ccfa45 does not exist. Creating ...
2019-09-26 09:57:15,796 [pool-37-thread-1] INFO  storage.RaftStorageDirectory (RaftStorageDirectory.java:tryLock(328)) - Lock on /workdir/hadoop-ozone/integration-test/target/test-dir/MiniOzoneClusterImpl-02a89373-ff67-4b13-ad11-60194c127517/datanode-1/data/ratis/04cfbc57-e9af-4113-aa5e-136f63ccfa45/in_use.lock acquired by nodename 19604@pr-hdds-1569-wvzgm-824869521
2019-09-26 09:57:15,800 [pool-37-thread-1] INFO  storage.RaftStorage (RaftStorage.java:format(72)) - Storage directory /workdir/hadoop-ozone/integration-test/target/test-dir/MiniOzoneClusterImpl-02a89373-ff67-4b13-ad11-60194c127517/datanode-1/data/ratis/04cfbc57-e9af-4113-aa5e-136f63ccfa45 has been successfully formatted.
2019-09-26 09:57:15,800 [pool-37-thread-1] INFO  ratis.ContainerStateMachine (ContainerStateMachine.java:loadSnapshot(230)) - group-136F63CCFA45: The snapshot info is null. Setting the last applied indexto:(t:0, i:~)
2019-09-26 09:57:15,801 [pool-37-thread-1] INFO  server.RaftServerConfigKeys (ConfUtils.java:logGet(43)) - raft.server.notification.no-leader.timeout = 120s (custom)
2019-09-26 09:57:15,801 [pool-37-thread-1] INFO  server.RaftServerConfigKeys (ConfUtils.java:logGet(43)) - raft.server.log.use.memory = false (default)
2019-09-26 09:57:15,801 [pool-37-thread-1] INFO  server.RaftServerConfigKeys (ConfUtils.java:logGet(43)) - raft.server.log.purge.gap = 1000000 (custom)
2019-09-26 09:57:15,801 [pool-37-thread-1] INFO  server.RaftServerConfigKeys (ConfUtils.java:logGet(43)) - raft.server.log.appender.buffer.byte-limit = 33554432 (custom)
2019-09-26 09:57:15,801 [pool-37-thread-1] INFO  server.RaftServerConfigKeys (ConfUtils.java:logGet(43)) - raft.server.log.segment.size.max = 1048576 (custom)
2019-09-26 09:57:15,801 [pool-37-thread-1] INFO  server.RaftServerConfigKeys (ConfUtils.java:logGet(43)) - raft.server.log.segment.cache.num.max = 2 (custom)
2019-09-26 09:57:15,801 [pool-37-thread-1] INFO  segmented.SegmentedRaftLogWorker (SegmentedRaftLogWorker.java:<init>(172)) - new c0fe0384-ccc2-43dc-b812-8c8a482d02e6@group-136F63CCFA45-SegmentedRaftLogWorker for RaftStorage:Storage Directory /workdir/hadoop-ozone/integration-test/target/test-dir/MiniOzoneClusterImpl-02a89373-ff67-4b13-ad11-60194c127517/datanode-1/data/ratis/04cfbc57-e9af-4113-aa5e-136f63ccfa45
2019-09-26 09:57:15,801 [pool-37-thread-1] INFO  server.RaftServerConfigKeys (ConfUtils.java:logGet(43)) - raft.server.log.queue.byte-limit = 2147483647 (custom)
2019-09-26 09:57:15,801 [pool-37-thread-1] INFO  server.RaftServerConfigKeys (ConfUtils.java:logGet(43)) - raft.server.log.queue.element-limit = 1024 (custom)
2019-09-26 09:57:15,802 [pool-37-thread-1] INFO  server.RaftServerConfigKeys (ConfUtils.java:logGet(43)) - raft.server.log.segment.size.max = 1048576 (custom)
2019-09-26 09:57:15,802 [pool-37-thread-1] INFO  server.RaftServerConfigKeys (ConfUtils.java:logGet(43)) - raft.server.log.preallocated.size = 16384 (custom)
2019-09-26 09:57:15,802 [pool-37-thread-1] INFO  server.RaftServerConfigKeys (ConfUtils.java:logGet(43)) - raft.server.log.write.buffer.size = 33554432 (custom)
2019-09-26 09:57:15,802 [pool-37-thread-1] INFO  server.RaftServerConfigKeys (ConfUtils.java:logGet(43)) - raft.server.log.force.sync.num = 128 (default)
2019-09-26 09:57:15,802 [pool-37-thread-1] INFO  server.RaftServerConfigKeys (ConfUtils.java:logGet(43)) - raft.server.log.statemachine.data.sync = true (default)
2019-09-26 09:57:15,802 [pool-37-thread-1] INFO  server.RaftServerConfigKeys (ConfUtils.java:logGet(43)) - raft.server.log.statemachine.data.sync.timeout = 10s (default)
2019-09-26 09:57:15,804 [pool-37-thread-1] INFO  server.RaftServerConfigKeys (ConfUtils.java:logGet(43)) - raft.server.log.statemachine.data.sync.timeout.retry = -1 (default)
2019-09-26 09:57:15,804 [pool-37-thread-1] INFO  server.RaftServerConfigKeys (ConfUtils.java:logGet(43)) - raft.server.log.statemachine.data.caching.enabled = true (custom)
2019-09-26 09:57:15,805 [pool-37-thread-1] INFO  segmented.SegmentedRaftLogWorker (SegmentedRaftLogWorker.java:lambda$new$0(132)) - c0fe0384-ccc2-43dc-b812-8c8a482d02e6@group-136F63CCFA45-SegmentedRaftLogWorker: flushIndex: setUnconditionally 0 -> -1
2019-09-26 09:57:15,805 [pool-37-thread-1] INFO  server.RaftServerConfigKeys (ConfUtils.java:logGet(43)) - raft.server.snapshot.auto.trigger.enabled = true (custom)
2019-09-26 09:57:15,805 [pool-37-thread-1] INFO  server.RaftServerConfigKeys (ConfUtils.java:logGet(43)) - raft.server.snapshot.auto.trigger.threshold = 10000 (custom)
2019-09-26 09:57:15,805 [pool-37-thread-1] INFO  server.RaftServerConfigKeys (ConfUtils.java:logGet(43)) - raft.server.snapshot.retention.num.files = 5 (custom)
2019-09-26 09:57:15,805 [pool-37-thread-1] INFO  server.RaftServerConfigKeys (ConfUtils.java:logGet(43)) - raft.server.retrycache.expirytime = 600000ms (custom)
2019-09-26 09:57:15,808 [pool-37-thread-1] INFO  impl.RaftServerImpl (RaftServerImpl.java:start(185)) - c0fe0384-ccc2-43dc-b812-8c8a482d02e6@group-136F63CCFA45: start as a follower, conf=-1: [c0fe0384-ccc2-43dc-b812-8c8a482d02e6:192.168.30.13:34767], old=null
2019-09-26 09:57:15,808 [pool-37-thread-1] INFO  impl.RaftServerImpl (RaftServerImpl.java:setRole(174)) - c0fe0384-ccc2-43dc-b812-8c8a482d02e6@group-136F63CCFA45: changes role from      null to FOLLOWER at term 0 for startAsFollower
2019-09-26 09:57:15,808 [pool-37-thread-1] INFO  impl.RoleInfo (RoleInfo.java:updateAndGet(143)) - c0fe0384-ccc2-43dc-b812-8c8a482d02e6: start FollowerState
2019-09-26 09:57:15,808 [pool-37-thread-1] INFO  util.JmxRegister (JmxRegister.java:tryRegister(44)) - Successfully registered JMX Bean with object name Ratis:service=RaftServer,group=group-136F63CCFA45,id=c0fe0384-ccc2-43dc-b812-8c8a482d02e6
2019-09-26 09:57:15,817 [RatisPipelineUtilsThread] INFO  pipeline.PipelineStateManager (PipelineStateManager.java:addPipeline(56)) - Created pipeline Pipeline[ Id: 04cfbc57-e9af-4113-aa5e-136f63ccfa45, Nodes: c0fe0384-ccc2-43dc-b812-8c8a482d02e6{ip: 192.168.30.13, host: pr-hdds-1569-wvzgm-824869521, networkLocation: /default-rack, certSerialId: null}, Type:RATIS, Factor:ONE, State:OPEN]
2019-09-26 09:57:15,837 [grpc-default-executor-0] INFO  impl.RaftServerProxy (RaftServerProxy.java:addNew(89)) - 4c024347-3506-43a2-ab40-8471edec8541: addNew group-5F02E4F4C487:[4c024347-3506-43a2-ab40-8471edec8541:192.168.30.13:39922] returns group-5F02E4F4C487:java.util.concurrent.CompletableFuture@41771879[Not completed]
2019-09-26 09:57:15,839 [pool-67-thread-1] INFO  impl.RaftServerImpl (RaftServerImpl.java:<init>(95)) - 4c024347-3506-43a2-ab40-8471edec8541: new RaftServerImpl for group-5F02E4F4C487:[4c024347-3506-43a2-ab40-8471edec8541:192.168.30.13:39922] with ContainerStateMachine:uninitialized
2019-09-26 09:57:15,839 [pool-67-thread-1] INFO  server.RaftServerConfigKeys (ConfUtils.java:logGet(43)) - raft.server.rpc.timeout.min = 5s (custom)
2019-09-26 09:57:15,839 [pool-67-thread-1] INFO  server.RaftServerConfigKeys (ConfUtils.java:logGet(43)) - raft.server.rpc.timeout.max = 5200ms (custom)
2019-09-26 09:57:15,839 [pool-67-thread-1] INFO  server.RaftServerConfigKeys (ConfUtils.java:logGet(43)) - raft.server.rpcslowness.timeout = 120s (custom)
2019-09-26 09:57:15,839 [pool-67-thread-1] INFO  server.RaftServerConfigKeys (ConfUtils.java:logGet(43)) - raft.server.sleep.deviation.threshold = 300 (default)
2019-09-26 09:57:15,840 [pool-67-thread-1] INFO  server.RaftServerConfigKeys (ConfUtils.java:logGet(43)) - raft.server.log.appender.install.snapshot.enabled = false (custom)
2019-09-26 09:57:15,840 [pool-67-thread-1] INFO  impl.RaftServerImpl (ServerState.java:<init>(103)) - 4c024347-3506-43a2-ab40-8471edec8541@group-5F02E4F4C487: ConfigurationManager, init=-1: [4c024347-3506-43a2-ab40-8471edec8541:192.168.30.13:39922], old=null, confs=<EMPTY_MAP>
2019-09-26 09:57:15,840 [pool-67-thread-1] INFO  server.RaftServerConfigKeys (ConfUtils.java:logGet(43)) - raft.server.storage.dir = [/workdir/hadoop-ozone/integration-test/target/test-dir/MiniOzoneClusterImpl-02a89373-ff67-4b13-ad11-60194c127517/datanode-4/data/ratis] (custom)
2019-09-26 09:57:15,840 [pool-67-thread-1] INFO  storage.RaftStorageDirectory (RaftStorageDirectory.java:analyzeStorage(246)) - The storage directory /workdir/hadoop-ozone/integration-test/target/test-dir/MiniOzoneClusterImpl-02a89373-ff67-4b13-ad11-60194c127517/datanode-4/data/ratis/8cfa03a0-5fca-4b71-ab2d-5f02e4f4c487 does not exist. Creating ...
2019-09-26 09:57:15,844 [main] INFO  ozone.MiniOzoneClusterImpl (MiniOzoneClusterImpl.java:lambda$waitForClusterToBeReady$0(147)) - Cluster is ready. Got 7 of 7 DN Heartbeats.
2019-09-26 09:57:15,849 [pool-67-thread-1] INFO  storage.RaftStorageDirectory (RaftStorageDirectory.java:tryLock(328)) - Lock on /workdir/hadoop-ozone/integration-test/target/test-dir/MiniOzoneClusterImpl-02a89373-ff67-4b13-ad11-60194c127517/datanode-4/data/ratis/8cfa03a0-5fca-4b71-ab2d-5f02e4f4c487/in_use.lock acquired by nodename 19604@pr-hdds-1569-wvzgm-824869521
2019-09-26 09:57:15,861 [pool-67-thread-1] INFO  storage.RaftStorage (RaftStorage.java:format(72)) - Storage directory /workdir/hadoop-ozone/integration-test/target/test-dir/MiniOzoneClusterImpl-02a89373-ff67-4b13-ad11-60194c127517/datanode-4/data/ratis/8cfa03a0-5fca-4b71-ab2d-5f02e4f4c487 has been successfully formatted.
2019-09-26 09:57:15,862 [pool-67-thread-1] INFO  ratis.ContainerStateMachine (ContainerStateMachine.java:loadSnapshot(230)) - group-5F02E4F4C487: The snapshot info is null. Setting the last applied indexto:(t:0, i:~)
2019-09-26 09:57:15,862 [pool-67-thread-1] INFO  server.RaftServerConfigKeys (ConfUtils.java:logGet(43)) - raft.server.notification.no-leader.timeout = 120s (custom)
2019-09-26 09:57:15,862 [pool-67-thread-1] INFO  server.RaftServerConfigKeys (ConfUtils.java:logGet(43)) - raft.server.log.use.memory = false (default)
2019-09-26 09:57:15,862 [pool-67-thread-1] INFO  server.RaftServerConfigKeys (ConfUtils.java:logGet(43)) - raft.server.log.purge.gap = 1000000 (custom)
2019-09-26 09:57:15,862 [pool-67-thread-1] INFO  server.RaftServerConfigKeys (ConfUtils.java:logGet(43)) - raft.server.log.appender.buffer.byte-limit = 33554432 (custom)
2019-09-26 09:57:15,862 [pool-67-thread-1] INFO  server.RaftServerConfigKeys (ConfUtils.java:logGet(43)) - raft.server.log.segment.size.max = 1048576 (custom)
2019-09-26 09:57:15,863 [pool-67-thread-1] INFO  server.RaftServerConfigKeys (ConfUtils.java:logGet(43)) - raft.server.log.segment.cache.num.max = 2 (custom)
2019-09-26 09:57:15,863 [pool-67-thread-1] INFO  segmented.SegmentedRaftLogWorker (SegmentedRaftLogWorker.java:<init>(172)) - new 4c024347-3506-43a2-ab40-8471edec8541@group-5F02E4F4C487-SegmentedRaftLogWorker for RaftStorage:Storage Directory /workdir/hadoop-ozone/integration-test/target/test-dir/MiniOzoneClusterImpl-02a89373-ff67-4b13-ad11-60194c127517/datanode-4/data/ratis/8cfa03a0-5fca-4b71-ab2d-5f02e4f4c487
2019-09-26 09:57:15,863 [pool-67-thread-1] INFO  server.RaftServerConfigKeys (ConfUtils.java:logGet(43)) - raft.server.log.queue.byte-limit = 2147483647 (custom)
2019-09-26 09:57:15,863 [pool-67-thread-1] INFO  server.RaftServerConfigKeys (ConfUtils.java:logGet(43)) - raft.server.log.queue.element-limit = 1024 (custom)
2019-09-26 09:57:15,863 [pool-67-thread-1] INFO  server.RaftServerConfigKeys (ConfUtils.java:logGet(43)) - raft.server.log.segment.size.max = 1048576 (custom)
2019-09-26 09:57:15,863 [pool-67-thread-1] INFO  server.RaftServerConfigKeys (ConfUtils.java:logGet(43)) - raft.server.log.preallocated.size = 16384 (custom)
2019-09-26 09:57:15,863 [pool-67-thread-1] INFO  server.RaftServerConfigKeys (ConfUtils.java:logGet(43)) - raft.server.log.write.buffer.size = 33554432 (custom)
2019-09-26 09:57:15,863 [pool-67-thread-1] INFO  server.RaftServerConfigKeys (ConfUtils.java:logGet(43)) - raft.server.log.force.sync.num = 128 (default)
2019-09-26 09:57:15,863 [pool-67-thread-1] INFO  server.RaftServerConfigKeys (ConfUtils.java:logGet(43)) - raft.server.log.statemachine.data.sync = true (default)
2019-09-26 09:57:15,864 [pool-67-thread-1] INFO  server.RaftServerConfigKeys (ConfUtils.java:logGet(43)) - raft.server.log.statemachine.data.sync.timeout = 10s (default)
2019-09-26 09:57:15,864 [pool-67-thread-1] INFO  server.RaftServerConfigKeys (ConfUtils.java:logGet(43)) - raft.server.log.statemachine.data.sync.timeout.retry = -1 (default)
2019-09-26 09:57:15,864 [pool-67-thread-1] INFO  server.RaftServerConfigKeys (ConfUtils.java:logGet(43)) - raft.server.log.statemachine.data.caching.enabled = true (custom)
2019-09-26 09:57:15,864 [pool-67-thread-1] INFO  segmented.SegmentedRaftLogWorker (SegmentedRaftLogWorker.java:lambda$new$0(132)) - 4c024347-3506-43a2-ab40-8471edec8541@group-5F02E4F4C487-SegmentedRaftLogWorker: flushIndex: setUnconditionally 0 -> -1
2019-09-26 09:57:15,864 [pool-67-thread-1] INFO  server.RaftServerConfigKeys (ConfUtils.java:logGet(43)) - raft.server.snapshot.auto.trigger.enabled = true (custom)
2019-09-26 09:57:15,865 [pool-67-thread-1] INFO  server.RaftServerConfigKeys (ConfUtils.java:logGet(43)) - raft.server.snapshot.auto.trigger.threshold = 10000 (custom)
2019-09-26 09:57:15,865 [pool-67-thread-1] INFO  server.RaftServerConfigKeys (ConfUtils.java:logGet(43)) - raft.server.snapshot.retention.num.files = 5 (custom)
2019-09-26 09:57:15,865 [pool-67-thread-1] INFO  server.RaftServerConfigKeys (ConfUtils.java:logGet(43)) - raft.server.retrycache.expirytime = 600000ms (custom)
2019-09-26 09:57:15,867 [pool-67-thread-1] INFO  impl.RaftServerImpl (RaftServerImpl.java:start(185)) - 4c024347-3506-43a2-ab40-8471edec8541@group-5F02E4F4C487: start as a follower, conf=-1: [4c024347-3506-43a2-ab40-8471edec8541:192.168.30.13:39922], old=null
2019-09-26 09:57:15,867 [pool-67-thread-1] INFO  impl.RaftServerImpl (RaftServerImpl.java:setRole(174)) - 4c024347-3506-43a2-ab40-8471edec8541@group-5F02E4F4C487: changes role from      null to FOLLOWER at term 0 for startAsFollower
2019-09-26 09:57:15,868 [pool-67-thread-1] INFO  impl.RoleInfo (RoleInfo.java:updateAndGet(143)) - 4c024347-3506-43a2-ab40-8471edec8541: start FollowerState
2019-09-26 09:57:15,868 [pool-67-thread-1] INFO  util.JmxRegister (JmxRegister.java:tryRegister(44)) - Successfully registered JMX Bean with object name Ratis:service=RaftServer,group=group-5F02E4F4C487,id=4c024347-3506-43a2-ab40-8471edec8541
2019-09-26 09:57:15,877 [RatisPipelineUtilsThread] INFO  pipeline.PipelineStateManager (PipelineStateManager.java:addPipeline(56)) - Created pipeline Pipeline[ Id: 8cfa03a0-5fca-4b71-ab2d-5f02e4f4c487, Nodes: 4c024347-3506-43a2-ab40-8471edec8541{ip: 192.168.30.13, host: pr-hdds-1569-wvzgm-824869521, networkLocation: /default-rack, certSerialId: null}, Type:RATIS, Factor:ONE, State:OPEN]
2019-09-26 09:57:15,885 [grpc-default-executor-0] INFO  impl.RaftServerProxy (RaftServerProxy.java:addNew(89)) - c0fe0384-ccc2-43dc-b812-8c8a482d02e6: addNew group-CE2D3CF835C9:[c0fe0384-ccc2-43dc-b812-8c8a482d02e6:192.168.30.13:34767] returns group-CE2D3CF835C9:java.util.concurrent.CompletableFuture@4928c10c[Not completed]
2019-09-26 09:57:15,887 [pool-37-thread-1] INFO  impl.RaftServerImpl (RaftServerImpl.java:<init>(95)) - c0fe0384-ccc2-43dc-b812-8c8a482d02e6: new RaftServerImpl for group-CE2D3CF835C9:[c0fe0384-ccc2-43dc-b812-8c8a482d02e6:192.168.30.13:34767] with ContainerStateMachine:uninitialized
2019-09-26 09:57:15,887 [pool-37-thread-1] INFO  server.RaftServerConfigKeys (ConfUtils.java:logGet(43)) - raft.server.rpc.timeout.min = 5s (custom)
2019-09-26 09:57:15,887 [pool-37-thread-1] INFO  server.RaftServerConfigKeys (ConfUtils.java:logGet(43)) - raft.server.rpc.timeout.max = 5200ms (custom)
2019-09-26 09:57:15,887 [pool-37-thread-1] INFO  server.RaftServerConfigKeys (ConfUtils.java:logGet(43)) - raft.server.rpcslowness.timeout = 120s (custom)
2019-09-26 09:57:15,887 [pool-37-thread-1] INFO  server.RaftServerConfigKeys (ConfUtils.java:logGet(43)) - raft.server.sleep.deviation.threshold = 300 (default)
2019-09-26 09:57:15,887 [pool-37-thread-1] INFO  server.RaftServerConfigKeys (ConfUtils.java:logGet(43)) - raft.server.log.appender.install.snapshot.enabled = false (custom)
2019-09-26 09:57:15,887 [pool-37-thread-1] INFO  impl.RaftServerImpl (ServerState.java:<init>(103)) - c0fe0384-ccc2-43dc-b812-8c8a482d02e6@group-CE2D3CF835C9: ConfigurationManager, init=-1: [c0fe0384-ccc2-43dc-b812-8c8a482d02e6:192.168.30.13:34767], old=null, confs=<EMPTY_MAP>
2019-09-26 09:57:15,887 [pool-37-thread-1] INFO  server.RaftServerConfigKeys (ConfUtils.java:logGet(43)) - raft.server.storage.dir = [/workdir/hadoop-ozone/integration-test/target/test-dir/MiniOzoneClusterImpl-02a89373-ff67-4b13-ad11-60194c127517/datanode-1/data/ratis] (custom)
2019-09-26 09:57:15,888 [pool-37-thread-1] INFO  storage.RaftStorageDirectory (RaftStorageDirectory.java:analyzeStorage(246)) - The storage directory /workdir/hadoop-ozone/integration-test/target/test-dir/MiniOzoneClusterImpl-02a89373-ff67-4b13-ad11-60194c127517/datanode-1/data/ratis/9151133d-1f43-47e7-bc79-ce2d3cf835c9 does not exist. Creating ...
2019-09-26 09:57:15,900 [pool-37-thread-1] INFO  storage.RaftStorageDirectory (RaftStorageDirectory.java:tryLock(328)) - Lock on /workdir/hadoop-ozone/integration-test/target/test-dir/MiniOzoneClusterImpl-02a89373-ff67-4b13-ad11-60194c127517/datanode-1/data/ratis/9151133d-1f43-47e7-bc79-ce2d3cf835c9/in_use.lock acquired by nodename 19604@pr-hdds-1569-wvzgm-824869521
2019-09-26 09:57:15,913 [pool-37-thread-1] INFO  storage.RaftStorage (RaftStorage.java:format(72)) - Storage directory /workdir/hadoop-ozone/integration-test/target/test-dir/MiniOzoneClusterImpl-02a89373-ff67-4b13-ad11-60194c127517/datanode-1/data/ratis/9151133d-1f43-47e7-bc79-ce2d3cf835c9 has been successfully formatted.
2019-09-26 09:57:15,913 [pool-37-thread-1] INFO  ratis.ContainerStateMachine (ContainerStateMachine.java:loadSnapshot(230)) - group-CE2D3CF835C9: The snapshot info is null. Setting the last applied indexto:(t:0, i:~)
2019-09-26 09:57:15,914 [pool-37-thread-1] INFO  server.RaftServerConfigKeys (ConfUtils.java:logGet(43)) - raft.server.notification.no-leader.timeout = 120s (custom)
2019-09-26 09:57:15,914 [pool-37-thread-1] INFO  server.RaftServerConfigKeys (ConfUtils.java:logGet(43)) - raft.server.log.use.memory = false (default)
2019-09-26 09:57:15,914 [pool-37-thread-1] INFO  server.RaftServerConfigKeys (ConfUtils.java:logGet(43)) - raft.server.log.purge.gap = 1000000 (custom)
2019-09-26 09:57:15,914 [pool-37-thread-1] INFO  server.RaftServerConfigKeys (ConfUtils.java:logGet(43)) - raft.server.log.appender.buffer.byte-limit = 33554432 (custom)
2019-09-26 09:57:15,914 [pool-37-thread-1] INFO  server.RaftServerConfigKeys (ConfUtils.java:logGet(43)) - raft.server.log.segment.size.max = 1048576 (custom)
2019-09-26 09:57:15,914 [pool-37-thread-1] INFO  server.RaftServerConfigKeys (ConfUtils.java:logGet(43)) - raft.server.log.segment.cache.num.max = 2 (custom)
2019-09-26 09:57:15,914 [pool-37-thread-1] INFO  segmented.SegmentedRaftLogWorker (SegmentedRaftLogWorker.java:<init>(172)) - new c0fe0384-ccc2-43dc-b812-8c8a482d02e6@group-CE2D3CF835C9-SegmentedRaftLogWorker for RaftStorage:Storage Directory /workdir/hadoop-ozone/integration-test/target/test-dir/MiniOzoneClusterImpl-02a89373-ff67-4b13-ad11-60194c127517/datanode-1/data/ratis/9151133d-1f43-47e7-bc79-ce2d3cf835c9
2019-09-26 09:57:15,914 [pool-37-thread-1] INFO  server.RaftServerConfigKeys (ConfUtils.java:logGet(43)) - raft.server.log.queue.byte-limit = 2147483647 (custom)
2019-09-26 09:57:15,914 [pool-37-thread-1] INFO  server.RaftServerConfigKeys (ConfUtils.java:logGet(43)) - raft.server.log.queue.element-limit = 1024 (custom)
2019-09-26 09:57:15,915 [pool-37-thread-1] INFO  server.RaftServerConfigKeys (ConfUtils.java:logGet(43)) - raft.server.log.segment.size.max = 1048576 (custom)
2019-09-26 09:57:15,915 [pool-37-thread-1] INFO  server.RaftServerConfigKeys (ConfUtils.java:logGet(43)) - raft.server.log.preallocated.size = 16384 (custom)
2019-09-26 09:57:15,915 [pool-37-thread-1] INFO  server.RaftServerConfigKeys (ConfUtils.java:logGet(43)) - raft.server.log.write.buffer.size = 33554432 (custom)
2019-09-26 09:57:15,915 [pool-37-thread-1] INFO  server.RaftServerConfigKeys (ConfUtils.java:logGet(43)) - raft.server.log.force.sync.num = 128 (default)
2019-09-26 09:57:15,915 [pool-37-thread-1] INFO  server.RaftServerConfigKeys (ConfUtils.java:logGet(43)) - raft.server.log.statemachine.data.sync = true (default)
2019-09-26 09:57:15,915 [pool-37-thread-1] INFO  server.RaftServerConfigKeys (ConfUtils.java:logGet(43)) - raft.server.log.statemachine.data.sync.timeout = 10s (default)
2019-09-26 09:57:15,915 [pool-37-thread-1] INFO  server.RaftServerConfigKeys (ConfUtils.java:logGet(43)) - raft.server.log.statemachine.data.sync.timeout.retry = -1 (default)
2019-09-26 09:57:15,915 [pool-37-thread-1] INFO  server.RaftServerConfigKeys (ConfUtils.java:logGet(43)) - raft.server.log.statemachine.data.caching.enabled = true (custom)
2019-09-26 09:57:15,916 [pool-37-thread-1] INFO  segmented.SegmentedRaftLogWorker (SegmentedRaftLogWorker.java:lambda$new$0(132)) - c0fe0384-ccc2-43dc-b812-8c8a482d02e6@group-CE2D3CF835C9-SegmentedRaftLogWorker: flushIndex: setUnconditionally 0 -> -1
2019-09-26 09:57:15,916 [pool-37-thread-1] INFO  server.RaftServerConfigKeys (ConfUtils.java:logGet(43)) - raft.server.snapshot.auto.trigger.enabled = true (custom)
2019-09-26 09:57:15,916 [pool-37-thread-1] INFO  server.RaftServerConfigKeys (ConfUtils.java:logGet(43)) - raft.server.snapshot.auto.trigger.threshold = 10000 (custom)
2019-09-26 09:57:15,916 [pool-37-thread-1] INFO  server.RaftServerConfigKeys (ConfUtils.java:logGet(43)) - raft.server.snapshot.retention.num.files = 5 (custom)
2019-09-26 09:57:15,916 [pool-37-thread-1] INFO  server.RaftServerConfigKeys (ConfUtils.java:logGet(43)) - raft.server.retrycache.expirytime = 600000ms (custom)
2019-09-26 09:57:15,918 [pool-37-thread-1] INFO  impl.RaftServerImpl (RaftServerImpl.java:start(185)) - c0fe0384-ccc2-43dc-b812-8c8a482d02e6@group-CE2D3CF835C9: start as a follower, conf=-1: [c0fe0384-ccc2-43dc-b812-8c8a482d02e6:192.168.30.13:34767], old=null
2019-09-26 09:57:15,918 [pool-37-thread-1] INFO  impl.RaftServerImpl (RaftServerImpl.java:setRole(174)) - c0fe0384-ccc2-43dc-b812-8c8a482d02e6@group-CE2D3CF835C9: changes role from      null to FOLLOWER at term 0 for startAsFollower
2019-09-26 09:57:15,918 [pool-37-thread-1] INFO  impl.RoleInfo (RoleInfo.java:updateAndGet(143)) - c0fe0384-ccc2-43dc-b812-8c8a482d02e6: start FollowerState
2019-09-26 09:57:15,919 [pool-37-thread-1] INFO  util.JmxRegister (JmxRegister.java:tryRegister(44)) - Successfully registered JMX Bean with object name Ratis:service=RaftServer,group=group-CE2D3CF835C9,id=c0fe0384-ccc2-43dc-b812-8c8a482d02e6
2019-09-26 09:57:15,929 [RatisPipelineUtilsThread] INFO  pipeline.PipelineStateManager (PipelineStateManager.java:addPipeline(56)) - Created pipeline Pipeline[ Id: 9151133d-1f43-47e7-bc79-ce2d3cf835c9, Nodes: c0fe0384-ccc2-43dc-b812-8c8a482d02e6{ip: 192.168.30.13, host: pr-hdds-1569-wvzgm-824869521, networkLocation: /default-rack, certSerialId: null}, Type:RATIS, Factor:ONE, State:OPEN]
2019-09-26 09:57:15,939 [grpc-default-executor-0] INFO  impl.RaftServerProxy (RaftServerProxy.java:addNew(89)) - 9d66027e-d252-4dbd-9b93-1b4908d3cfc2: addNew group-34EF1B7AEE35:[9d66027e-d252-4dbd-9b93-1b4908d3cfc2:192.168.30.13:37389] returns group-34EF1B7AEE35:java.util.concurrent.CompletableFuture@33c22439[Not completed]
2019-09-26 09:57:15,940 [pool-47-thread-1] INFO  impl.RaftServerImpl (RaftServerImpl.java:<init>(95)) - 9d66027e-d252-4dbd-9b93-1b4908d3cfc2: new RaftServerImpl for group-34EF1B7AEE35:[9d66027e-d252-4dbd-9b93-1b4908d3cfc2:192.168.30.13:37389] with ContainerStateMachine:uninitialized
2019-09-26 09:57:15,940 [pool-47-thread-1] INFO  server.RaftServerConfigKeys (ConfUtils.java:logGet(43)) - raft.server.rpc.timeout.min = 5s (custom)
2019-09-26 09:57:15,940 [pool-47-thread-1] INFO  server.RaftServerConfigKeys (ConfUtils.java:logGet(43)) - raft.server.rpc.timeout.max = 5200ms (custom)
2019-09-26 09:57:15,940 [pool-47-thread-1] INFO  server.RaftServerConfigKeys (ConfUtils.java:logGet(43)) - raft.server.rpcslowness.timeout = 120s (custom)
2019-09-26 09:57:15,941 [pool-47-thread-1] INFO  server.RaftServerConfigKeys (ConfUtils.java:logGet(43)) - raft.server.sleep.deviation.threshold = 300 (default)
2019-09-26 09:57:15,941 [pool-47-thread-1] INFO  server.RaftServerConfigKeys (ConfUtils.java:logGet(43)) - raft.server.log.appender.install.snapshot.enabled = false (custom)
2019-09-26 09:57:15,941 [pool-47-thread-1] INFO  impl.RaftServerImpl (ServerState.java:<init>(103)) - 9d66027e-d252-4dbd-9b93-1b4908d3cfc2@group-34EF1B7AEE35: ConfigurationManager, init=-1: [9d66027e-d252-4dbd-9b93-1b4908d3cfc2:192.168.30.13:37389], old=null, confs=<EMPTY_MAP>
2019-09-26 09:57:15,941 [pool-47-thread-1] INFO  server.RaftServerConfigKeys (ConfUtils.java:logGet(43)) - raft.server.storage.dir = [/workdir/hadoop-ozone/integration-test/target/test-dir/MiniOzoneClusterImpl-02a89373-ff67-4b13-ad11-60194c127517/datanode-2/data/ratis] (custom)
2019-09-26 09:57:15,941 [pool-47-thread-1] INFO  storage.RaftStorageDirectory (RaftStorageDirectory.java:analyzeStorage(246)) - The storage directory /workdir/hadoop-ozone/integration-test/target/test-dir/MiniOzoneClusterImpl-02a89373-ff67-4b13-ad11-60194c127517/datanode-2/data/ratis/75ca98de-6890-475f-87c4-34ef1b7aee35 does not exist. Creating ...
2019-09-26 09:57:15,956 [pool-47-thread-1] INFO  storage.RaftStorageDirectory (RaftStorageDirectory.java:tryLock(328)) - Lock on /workdir/hadoop-ozone/integration-test/target/test-dir/MiniOzoneClusterImpl-02a89373-ff67-4b13-ad11-60194c127517/datanode-2/data/ratis/75ca98de-6890-475f-87c4-34ef1b7aee35/in_use.lock acquired by nodename 19604@pr-hdds-1569-wvzgm-824869521
2019-09-26 09:57:15,969 [pool-47-thread-1] INFO  storage.RaftStorage (RaftStorage.java:format(72)) - Storage directory /workdir/hadoop-ozone/integration-test/target/test-dir/MiniOzoneClusterImpl-02a89373-ff67-4b13-ad11-60194c127517/datanode-2/data/ratis/75ca98de-6890-475f-87c4-34ef1b7aee35 has been successfully formatted.
2019-09-26 09:57:15,969 [pool-47-thread-1] INFO  ratis.ContainerStateMachine (ContainerStateMachine.java:loadSnapshot(230)) - group-34EF1B7AEE35: The snapshot info is null. Setting the last applied indexto:(t:0, i:~)
2019-09-26 09:57:15,970 [pool-47-thread-1] INFO  server.RaftServerConfigKeys (ConfUtils.java:logGet(43)) - raft.server.notification.no-leader.timeout = 120s (custom)
2019-09-26 09:57:15,970 [pool-47-thread-1] INFO  server.RaftServerConfigKeys (ConfUtils.java:logGet(43)) - raft.server.log.use.memory = false (default)
2019-09-26 09:57:15,970 [pool-47-thread-1] INFO  server.RaftServerConfigKeys (ConfUtils.java:logGet(43)) - raft.server.log.purge.gap = 1000000 (custom)
2019-09-26 09:57:15,970 [pool-47-thread-1] INFO  server.RaftServerConfigKeys (ConfUtils.java:logGet(43)) - raft.server.log.appender.buffer.byte-limit = 33554432 (custom)
2019-09-26 09:57:15,970 [pool-47-thread-1] INFO  server.RaftServerConfigKeys (ConfUtils.java:logGet(43)) - raft.server.log.segment.size.max = 1048576 (custom)
2019-09-26 09:57:15,970 [pool-47-thread-1] INFO  server.RaftServerConfigKeys (ConfUtils.java:logGet(43)) - raft.server.log.segment.cache.num.max = 2 (custom)
2019-09-26 09:57:15,971 [pool-47-thread-1] INFO  segmented.SegmentedRaftLogWorker (SegmentedRaftLogWorker.java:<init>(172)) - new 9d66027e-d252-4dbd-9b93-1b4908d3cfc2@group-34EF1B7AEE35-SegmentedRaftLogWorker for RaftStorage:Storage Directory /workdir/hadoop-ozone/integration-test/target/test-dir/MiniOzoneClusterImpl-02a89373-ff67-4b13-ad11-60194c127517/datanode-2/data/ratis/75ca98de-6890-475f-87c4-34ef1b7aee35
2019-09-26 09:57:15,971 [pool-47-thread-1] INFO  server.RaftServerConfigKeys (ConfUtils.java:logGet(43)) - raft.server.log.queue.byte-limit = 2147483647 (custom)
2019-09-26 09:57:15,971 [pool-47-thread-1] INFO  server.RaftServerConfigKeys (ConfUtils.java:logGet(43)) - raft.server.log.queue.element-limit = 1024 (custom)
2019-09-26 09:57:15,972 [pool-47-thread-1] INFO  server.RaftServerConfigKeys (ConfUtils.java:logGet(43)) - raft.server.log.segment.size.max = 1048576 (custom)
2019-09-26 09:57:15,972 [pool-47-thread-1] INFO  server.RaftServerConfigKeys (ConfUtils.java:logGet(43)) - raft.server.log.preallocated.size = 16384 (custom)
2019-09-26 09:57:15,974 [pool-47-thread-1] INFO  server.RaftServerConfigKeys (ConfUtils.java:logGet(43)) - raft.server.log.write.buffer.size = 33554432 (custom)
2019-09-26 09:57:15,974 [pool-47-thread-1] INFO  server.RaftServerConfigKeys (ConfUtils.java:logGet(43)) - raft.server.log.force.sync.num = 128 (default)
2019-09-26 09:57:15,974 [pool-47-thread-1] INFO  server.RaftServerConfigKeys (ConfUtils.java:logGet(43)) - raft.server.log.statemachine.data.sync = true (default)
2019-09-26 09:57:15,974 [pool-47-thread-1] INFO  server.RaftServerConfigKeys (ConfUtils.java:logGet(43)) - raft.server.log.statemachine.data.sync.timeout = 10s (default)
2019-09-26 09:57:15,975 [pool-47-thread-1] INFO  server.RaftServerConfigKeys (ConfUtils.java:logGet(43)) - raft.server.log.statemachine.data.sync.timeout.retry = -1 (default)
2019-09-26 09:57:15,975 [pool-47-thread-1] INFO  server.RaftServerConfigKeys (ConfUtils.java:logGet(43)) - raft.server.log.statemachine.data.caching.enabled = true (custom)
2019-09-26 09:57:15,975 [pool-47-thread-1] INFO  segmented.SegmentedRaftLogWorker (SegmentedRaftLogWorker.java:lambda$new$0(132)) - 9d66027e-d252-4dbd-9b93-1b4908d3cfc2@group-34EF1B7AEE35-SegmentedRaftLogWorker: flushIndex: setUnconditionally 0 -> -1
2019-09-26 09:57:15,975 [pool-47-thread-1] INFO  server.RaftServerConfigKeys (ConfUtils.java:logGet(43)) - raft.server.snapshot.auto.trigger.enabled = true (custom)
2019-09-26 09:57:15,975 [pool-47-thread-1] INFO  server.RaftServerConfigKeys (ConfUtils.java:logGet(43)) - raft.server.snapshot.auto.trigger.threshold = 10000 (custom)
2019-09-26 09:57:15,976 [pool-47-thread-1] INFO  server.RaftServerConfigKeys (ConfUtils.java:logGet(43)) - raft.server.snapshot.retention.num.files = 5 (custom)
2019-09-26 09:57:15,976 [pool-47-thread-1] INFO  server.RaftServerConfigKeys (ConfUtils.java:logGet(43)) - raft.server.retrycache.expirytime = 600000ms (custom)
2019-09-26 09:57:15,978 [pool-47-thread-1] INFO  impl.RaftServerImpl (RaftServerImpl.java:start(185)) - 9d66027e-d252-4dbd-9b93-1b4908d3cfc2@group-34EF1B7AEE35: start as a follower, conf=-1: [9d66027e-d252-4dbd-9b93-1b4908d3cfc2:192.168.30.13:37389], old=null
2019-09-26 09:57:15,978 [pool-47-thread-1] INFO  impl.RaftServerImpl (RaftServerImpl.java:setRole(174)) - 9d66027e-d252-4dbd-9b93-1b4908d3cfc2@group-34EF1B7AEE35: changes role from      null to FOLLOWER at term 0 for startAsFollower
2019-09-26 09:57:15,978 [pool-47-thread-1] INFO  impl.RoleInfo (RoleInfo.java:updateAndGet(143)) - 9d66027e-d252-4dbd-9b93-1b4908d3cfc2: start FollowerState
2019-09-26 09:57:15,979 [pool-47-thread-1] INFO  util.JmxRegister (JmxRegister.java:tryRegister(44)) - Successfully registered JMX Bean with object name Ratis:service=RaftServer,group=group-34EF1B7AEE35,id=9d66027e-d252-4dbd-9b93-1b4908d3cfc2
2019-09-26 09:57:15,983 [RatisPipelineUtilsThread] INFO  pipeline.PipelineStateManager (PipelineStateManager.java:addPipeline(56)) - Created pipeline Pipeline[ Id: 75ca98de-6890-475f-87c4-34ef1b7aee35, Nodes: 9d66027e-d252-4dbd-9b93-1b4908d3cfc2{ip: 192.168.30.13, host: pr-hdds-1569-wvzgm-824869521, networkLocation: /default-rack, certSerialId: null}, Type:RATIS, Factor:ONE, State:OPEN]
2019-09-26 09:57:15,996 [grpc-default-executor-0] INFO  impl.RaftServerProxy (RaftServerProxy.java:addNew(89)) - 62a5622f-7436-420d-b3aa-8ce684692afe: addNew group-7DD7382A733B:[62a5622f-7436-420d-b3aa-8ce684692afe:192.168.30.13:44970] returns group-7DD7382A733B:java.util.concurrent.CompletableFuture@2f394d98[Not completed]
2019-09-26 09:57:15,997 [pool-57-thread-1] INFO  impl.RaftServerImpl (RaftServerImpl.java:<init>(95)) - 62a5622f-7436-420d-b3aa-8ce684692afe: new RaftServerImpl for group-7DD7382A733B:[62a5622f-7436-420d-b3aa-8ce684692afe:192.168.30.13:44970] with ContainerStateMachine:uninitialized
2019-09-26 09:57:15,997 [pool-57-thread-1] INFO  server.RaftServerConfigKeys (ConfUtils.java:logGet(43)) - raft.server.rpc.timeout.min = 5s (custom)
2019-09-26 09:57:15,997 [pool-57-thread-1] INFO  server.RaftServerConfigKeys (ConfUtils.java:logGet(43)) - raft.server.rpc.timeout.max = 5200ms (custom)
2019-09-26 09:57:15,997 [pool-57-thread-1] INFO  server.RaftServerConfigKeys (ConfUtils.java:logGet(43)) - raft.server.rpcslowness.timeout = 120s (custom)
2019-09-26 09:57:15,997 [pool-57-thread-1] INFO  server.RaftServerConfigKeys (ConfUtils.java:logGet(43)) - raft.server.sleep.deviation.threshold = 300 (default)
2019-09-26 09:57:15,998 [pool-57-thread-1] INFO  server.RaftServerConfigKeys (ConfUtils.java:logGet(43)) - raft.server.log.appender.install.snapshot.enabled = false (custom)
2019-09-26 09:57:15,998 [pool-57-thread-1] INFO  impl.RaftServerImpl (ServerState.java:<init>(103)) - 62a5622f-7436-420d-b3aa-8ce684692afe@group-7DD7382A733B: ConfigurationManager, init=-1: [62a5622f-7436-420d-b3aa-8ce684692afe:192.168.30.13:44970], old=null, confs=<EMPTY_MAP>
2019-09-26 09:57:15,998 [pool-57-thread-1] INFO  server.RaftServerConfigKeys (ConfUtils.java:logGet(43)) - raft.server.storage.dir = [/workdir/hadoop-ozone/integration-test/target/test-dir/MiniOzoneClusterImpl-02a89373-ff67-4b13-ad11-60194c127517/datanode-3/data/ratis] (custom)
2019-09-26 09:57:15,998 [pool-57-thread-1] INFO  storage.RaftStorageDirectory (RaftStorageDirectory.java:analyzeStorage(246)) - The storage directory /workdir/hadoop-ozone/integration-test/target/test-dir/MiniOzoneClusterImpl-02a89373-ff67-4b13-ad11-60194c127517/datanode-3/data/ratis/19c4cf21-40b1-4675-94bc-7dd7382a733b does not exist. Creating ...
2019-09-26 09:57:16,002 [pool-57-thread-1] INFO  storage.RaftStorageDirectory (RaftStorageDirectory.java:tryLock(328)) - Lock on /workdir/hadoop-ozone/integration-test/target/test-dir/MiniOzoneClusterImpl-02a89373-ff67-4b13-ad11-60194c127517/datanode-3/data/ratis/19c4cf21-40b1-4675-94bc-7dd7382a733b/in_use.lock acquired by nodename 19604@pr-hdds-1569-wvzgm-824869521
2019-09-26 09:57:16,023 [pool-57-thread-1] INFO  storage.RaftStorage (RaftStorage.java:format(72)) - Storage directory /workdir/hadoop-ozone/integration-test/target/test-dir/MiniOzoneClusterImpl-02a89373-ff67-4b13-ad11-60194c127517/datanode-3/data/ratis/19c4cf21-40b1-4675-94bc-7dd7382a733b has been successfully formatted.
2019-09-26 09:57:16,026 [pool-57-thread-1] INFO  ratis.ContainerStateMachine (ContainerStateMachine.java:loadSnapshot(230)) - group-7DD7382A733B: The snapshot info is null. Setting the last applied indexto:(t:0, i:~)
2019-09-26 09:57:16,026 [pool-57-thread-1] INFO  server.RaftServerConfigKeys (ConfUtils.java:logGet(43)) - raft.server.notification.no-leader.timeout = 120s (custom)
2019-09-26 09:57:16,026 [pool-57-thread-1] INFO  server.RaftServerConfigKeys (ConfUtils.java:logGet(43)) - raft.server.log.use.memory = false (default)
2019-09-26 09:57:16,027 [pool-57-thread-1] INFO  server.RaftServerConfigKeys (ConfUtils.java:logGet(43)) - raft.server.log.purge.gap = 1000000 (custom)
2019-09-26 09:57:16,027 [pool-57-thread-1] INFO  server.RaftServerConfigKeys (ConfUtils.java:logGet(43)) - raft.server.log.appender.buffer.byte-limit = 33554432 (custom)
2019-09-26 09:57:16,027 [pool-57-thread-1] INFO  server.RaftServerConfigKeys (ConfUtils.java:logGet(43)) - raft.server.log.segment.size.max = 1048576 (custom)
2019-09-26 09:57:16,027 [pool-57-thread-1] INFO  server.RaftServerConfigKeys (ConfUtils.java:logGet(43)) - raft.server.log.segment.cache.num.max = 2 (custom)
2019-09-26 09:57:16,027 [pool-57-thread-1] INFO  segmented.SegmentedRaftLogWorker (SegmentedRaftLogWorker.java:<init>(172)) - new 62a5622f-7436-420d-b3aa-8ce684692afe@group-7DD7382A733B-SegmentedRaftLogWorker for RaftStorage:Storage Directory /workdir/hadoop-ozone/integration-test/target/test-dir/MiniOzoneClusterImpl-02a89373-ff67-4b13-ad11-60194c127517/datanode-3/data/ratis/19c4cf21-40b1-4675-94bc-7dd7382a733b
2019-09-26 09:57:16,027 [pool-57-thread-1] INFO  server.RaftServerConfigKeys (ConfUtils.java:logGet(43)) - raft.server.log.queue.byte-limit = 2147483647 (custom)
2019-09-26 09:57:16,027 [pool-57-thread-1] INFO  server.RaftServerConfigKeys (ConfUtils.java:logGet(43)) - raft.server.log.queue.element-limit = 1024 (custom)
2019-09-26 09:57:16,027 [pool-57-thread-1] INFO  server.RaftServerConfigKeys (ConfUtils.java:logGet(43)) - raft.server.log.segment.size.max = 1048576 (custom)
2019-09-26 09:57:16,027 [pool-57-thread-1] INFO  server.RaftServerConfigKeys (ConfUtils.java:logGet(43)) - raft.server.log.preallocated.size = 16384 (custom)
2019-09-26 09:57:16,028 [pool-57-thread-1] INFO  server.RaftServerConfigKeys (ConfUtils.java:logGet(43)) - raft.server.log.write.buffer.size = 33554432 (custom)
2019-09-26 09:57:16,028 [pool-57-thread-1] INFO  server.RaftServerConfigKeys (ConfUtils.java:logGet(43)) - raft.server.log.force.sync.num = 128 (default)
2019-09-26 09:57:16,028 [pool-57-thread-1] INFO  server.RaftServerConfigKeys (ConfUtils.java:logGet(43)) - raft.server.log.statemachine.data.sync = true (default)
2019-09-26 09:57:16,030 [pool-57-thread-1] INFO  server.RaftServerConfigKeys (ConfUtils.java:logGet(43)) - raft.server.log.statemachine.data.sync.timeout = 10s (default)
2019-09-26 09:57:16,030 [pool-57-thread-1] INFO  server.RaftServerConfigKeys (ConfUtils.java:logGet(43)) - raft.server.log.statemachine.data.sync.timeout.retry = -1 (default)
2019-09-26 09:57:16,030 [pool-57-thread-1] INFO  server.RaftServerConfigKeys (ConfUtils.java:logGet(43)) - raft.server.log.statemachine.data.caching.enabled = true (custom)
2019-09-26 09:57:16,030 [pool-57-thread-1] INFO  segmented.SegmentedRaftLogWorker (SegmentedRaftLogWorker.java:lambda$new$0(132)) - 62a5622f-7436-420d-b3aa-8ce684692afe@group-7DD7382A733B-SegmentedRaftLogWorker: flushIndex: setUnconditionally 0 -> -1
2019-09-26 09:57:16,031 [pool-57-thread-1] INFO  server.RaftServerConfigKeys (ConfUtils.java:logGet(43)) - raft.server.snapshot.auto.trigger.enabled = true (custom)
2019-09-26 09:57:16,031 [pool-57-thread-1] INFO  server.RaftServerConfigKeys (ConfUtils.java:logGet(43)) - raft.server.snapshot.auto.trigger.threshold = 10000 (custom)
2019-09-26 09:57:16,031 [pool-57-thread-1] INFO  server.RaftServerConfigKeys (ConfUtils.java:logGet(43)) - raft.server.snapshot.retention.num.files = 5 (custom)
2019-09-26 09:57:16,031 [pool-57-thread-1] INFO  server.RaftServerConfigKeys (ConfUtils.java:logGet(43)) - raft.server.retrycache.expirytime = 600000ms (custom)
2019-09-26 09:57:16,033 [pool-57-thread-1] INFO  impl.RaftServerImpl (RaftServerImpl.java:start(185)) - 62a5622f-7436-420d-b3aa-8ce684692afe@group-7DD7382A733B: start as a follower, conf=-1: [62a5622f-7436-420d-b3aa-8ce684692afe:192.168.30.13:44970], old=null
2019-09-26 09:57:16,033 [pool-57-thread-1] INFO  impl.RaftServerImpl (RaftServerImpl.java:setRole(174)) - 62a5622f-7436-420d-b3aa-8ce684692afe@group-7DD7382A733B: changes role from      null to FOLLOWER at term 0 for startAsFollower
2019-09-26 09:57:16,033 [pool-57-thread-1] INFO  impl.RoleInfo (RoleInfo.java:updateAndGet(143)) - 62a5622f-7436-420d-b3aa-8ce684692afe: start FollowerState
2019-09-26 09:57:16,034 [pool-57-thread-1] INFO  util.JmxRegister (JmxRegister.java:tryRegister(44)) - Successfully registered JMX Bean with object name Ratis:service=RaftServer,group=group-7DD7382A733B,id=62a5622f-7436-420d-b3aa-8ce684692afe
2019-09-26 09:57:16,038 [RatisPipelineUtilsThread] INFO  pipeline.PipelineStateManager (PipelineStateManager.java:addPipeline(56)) - Created pipeline Pipeline[ Id: 19c4cf21-40b1-4675-94bc-7dd7382a733b, Nodes: 62a5622f-7436-420d-b3aa-8ce684692afe{ip: 192.168.30.13, host: pr-hdds-1569-wvzgm-824869521, networkLocation: /default-rack, certSerialId: null}, Type:RATIS, Factor:ONE, State:OPEN]
2019-09-26 09:57:16,047 [grpc-default-executor-0] INFO  impl.RaftServerProxy (RaftServerProxy.java:addNew(89)) - d195cc70-2ea8-4d9b-90c7-21e4a6c9bd0d: addNew group-6004E546286F:[d195cc70-2ea8-4d9b-90c7-21e4a6c9bd0d:192.168.30.13:39349] returns group-6004E546286F:java.util.concurrent.CompletableFuture@5c5a9239[Not completed]
2019-09-26 09:57:16,048 [pool-77-thread-1] INFO  impl.RaftServerImpl (RaftServerImpl.java:<init>(95)) - d195cc70-2ea8-4d9b-90c7-21e4a6c9bd0d: new RaftServerImpl for group-6004E546286F:[d195cc70-2ea8-4d9b-90c7-21e4a6c9bd0d:192.168.30.13:39349] with ContainerStateMachine:uninitialized
2019-09-26 09:57:16,048 [pool-77-thread-1] INFO  server.RaftServerConfigKeys (ConfUtils.java:logGet(43)) - raft.server.rpc.timeout.min = 5s (custom)
2019-09-26 09:57:16,049 [pool-77-thread-1] INFO  server.RaftServerConfigKeys (ConfUtils.java:logGet(43)) - raft.server.rpc.timeout.max = 5200ms (custom)
2019-09-26 09:57:16,049 [pool-77-thread-1] INFO  server.RaftServerConfigKeys (ConfUtils.java:logGet(43)) - raft.server.rpcslowness.timeout = 120s (custom)
2019-09-26 09:57:16,049 [pool-77-thread-1] INFO  server.RaftServerConfigKeys (ConfUtils.java:logGet(43)) - raft.server.sleep.deviation.threshold = 300 (default)
2019-09-26 09:57:16,049 [pool-77-thread-1] INFO  server.RaftServerConfigKeys (ConfUtils.java:logGet(43)) - raft.server.log.appender.install.snapshot.enabled = false (custom)
2019-09-26 09:57:16,049 [pool-77-thread-1] INFO  impl.RaftServerImpl (ServerState.java:<init>(103)) - d195cc70-2ea8-4d9b-90c7-21e4a6c9bd0d@group-6004E546286F: ConfigurationManager, init=-1: [d195cc70-2ea8-4d9b-90c7-21e4a6c9bd0d:192.168.30.13:39349], old=null, confs=<EMPTY_MAP>
2019-09-26 09:57:16,049 [pool-77-thread-1] INFO  server.RaftServerConfigKeys (ConfUtils.java:logGet(43)) - raft.server.storage.dir = [/workdir/hadoop-ozone/integration-test/target/test-dir/MiniOzoneClusterImpl-02a89373-ff67-4b13-ad11-60194c127517/datanode-5/data/ratis] (custom)
2019-09-26 09:57:16,050 [pool-77-thread-1] INFO  storage.RaftStorageDirectory (RaftStorageDirectory.java:analyzeStorage(246)) - The storage directory /workdir/hadoop-ozone/integration-test/target/test-dir/MiniOzoneClusterImpl-02a89373-ff67-4b13-ad11-60194c127517/datanode-5/data/ratis/afb3f132-bf70-4fee-b42c-6004e546286f does not exist. Creating ...
2019-09-26 09:57:16,053 [pool-77-thread-1] INFO  storage.RaftStorageDirectory (RaftStorageDirectory.java:tryLock(328)) - Lock on /workdir/hadoop-ozone/integration-test/target/test-dir/MiniOzoneClusterImpl-02a89373-ff67-4b13-ad11-60194c127517/datanode-5/data/ratis/afb3f132-bf70-4fee-b42c-6004e546286f/in_use.lock acquired by nodename 19604@pr-hdds-1569-wvzgm-824869521
2019-09-26 09:57:16,058 [pool-77-thread-1] INFO  storage.RaftStorage (RaftStorage.java:format(72)) - Storage directory /workdir/hadoop-ozone/integration-test/target/test-dir/MiniOzoneClusterImpl-02a89373-ff67-4b13-ad11-60194c127517/datanode-5/data/ratis/afb3f132-bf70-4fee-b42c-6004e546286f has been successfully formatted.
2019-09-26 09:57:16,058 [pool-77-thread-1] INFO  ratis.ContainerStateMachine (ContainerStateMachine.java:loadSnapshot(230)) - group-6004E546286F: The snapshot info is null. Setting the last applied indexto:(t:0, i:~)
2019-09-26 09:57:16,058 [pool-77-thread-1] INFO  server.RaftServerConfigKeys (ConfUtils.java:logGet(43)) - raft.server.notification.no-leader.timeout = 120s (custom)
2019-09-26 09:57:16,058 [pool-77-thread-1] INFO  server.RaftServerConfigKeys (ConfUtils.java:logGet(43)) - raft.server.log.use.memory = false (default)
2019-09-26 09:57:16,059 [pool-77-thread-1] INFO  server.RaftServerConfigKeys (ConfUtils.java:logGet(43)) - raft.server.log.purge.gap = 1000000 (custom)
2019-09-26 09:57:16,059 [pool-77-thread-1] INFO  server.RaftServerConfigKeys (ConfUtils.java:logGet(43)) - raft.server.log.appender.buffer.byte-limit = 33554432 (custom)
2019-09-26 09:57:16,059 [pool-77-thread-1] INFO  server.RaftServerConfigKeys (ConfUtils.java:logGet(43)) - raft.server.log.segment.size.max = 1048576 (custom)
2019-09-26 09:57:16,059 [pool-77-thread-1] INFO  server.RaftServerConfigKeys (ConfUtils.java:logGet(43)) - raft.server.log.segment.cache.num.max = 2 (custom)
2019-09-26 09:57:16,059 [pool-77-thread-1] INFO  segmented.SegmentedRaftLogWorker (SegmentedRaftLogWorker.java:<init>(172)) - new d195cc70-2ea8-4d9b-90c7-21e4a6c9bd0d@group-6004E546286F-SegmentedRaftLogWorker for RaftStorage:Storage Directory /workdir/hadoop-ozone/integration-test/target/test-dir/MiniOzoneClusterImpl-02a89373-ff67-4b13-ad11-60194c127517/datanode-5/data/ratis/afb3f132-bf70-4fee-b42c-6004e546286f
2019-09-26 09:57:16,059 [pool-77-thread-1] INFO  server.RaftServerConfigKeys (ConfUtils.java:logGet(43)) - raft.server.log.queue.byte-limit = 2147483647 (custom)
2019-09-26 09:57:16,059 [pool-77-thread-1] INFO  server.RaftServerConfigKeys (ConfUtils.java:logGet(43)) - raft.server.log.queue.element-limit = 1024 (custom)
2019-09-26 09:57:16,059 [pool-77-thread-1] INFO  server.RaftServerConfigKeys (ConfUtils.java:logGet(43)) - raft.server.log.segment.size.max = 1048576 (custom)
2019-09-26 09:57:16,060 [pool-77-thread-1] INFO  server.RaftServerConfigKeys (ConfUtils.java:logGet(43)) - raft.server.log.preallocated.size = 16384 (custom)
2019-09-26 09:57:16,060 [pool-77-thread-1] INFO  server.RaftServerConfigKeys (ConfUtils.java:logGet(43)) - raft.server.log.write.buffer.size = 33554432 (custom)
2019-09-26 09:57:16,060 [pool-77-thread-1] INFO  server.RaftServerConfigKeys (ConfUtils.java:logGet(43)) - raft.server.log.force.sync.num = 128 (default)
2019-09-26 09:57:16,060 [pool-77-thread-1] INFO  server.RaftServerConfigKeys (ConfUtils.java:logGet(43)) - raft.server.log.statemachine.data.sync = true (default)
2019-09-26 09:57:16,060 [pool-77-thread-1] INFO  server.RaftServerConfigKeys (ConfUtils.java:logGet(43)) - raft.server.log.statemachine.data.sync.timeout = 10s (default)
2019-09-26 09:57:16,060 [pool-77-thread-1] INFO  server.RaftServerConfigKeys (ConfUtils.java:logGet(43)) - raft.server.log.statemachine.data.sync.timeout.retry = -1 (default)
2019-09-26 09:57:16,060 [pool-77-thread-1] INFO  server.RaftServerConfigKeys (ConfUtils.java:logGet(43)) - raft.server.log.statemachine.data.caching.enabled = true (custom)
2019-09-26 09:57:16,061 [pool-77-thread-1] INFO  segmented.SegmentedRaftLogWorker (SegmentedRaftLogWorker.java:lambda$new$0(132)) - d195cc70-2ea8-4d9b-90c7-21e4a6c9bd0d@group-6004E546286F-SegmentedRaftLogWorker: flushIndex: setUnconditionally 0 -> -1
2019-09-26 09:57:16,061 [pool-77-thread-1] INFO  server.RaftServerConfigKeys (ConfUtils.java:logGet(43)) - raft.server.snapshot.auto.trigger.enabled = true (custom)
2019-09-26 09:57:16,061 [pool-77-thread-1] INFO  server.RaftServerConfigKeys (ConfUtils.java:logGet(43)) - raft.server.snapshot.auto.trigger.threshold = 10000 (custom)
2019-09-26 09:57:16,061 [pool-77-thread-1] INFO  server.RaftServerConfigKeys (ConfUtils.java:logGet(43)) - raft.server.snapshot.retention.num.files = 5 (custom)
2019-09-26 09:57:16,061 [pool-77-thread-1] INFO  server.RaftServerConfigKeys (ConfUtils.java:logGet(43)) - raft.server.retrycache.expirytime = 600000ms (custom)
2019-09-26 09:57:16,064 [pool-77-thread-1] INFO  impl.RaftServerImpl (RaftServerImpl.java:start(185)) - d195cc70-2ea8-4d9b-90c7-21e4a6c9bd0d@group-6004E546286F: start as a follower, conf=-1: [d195cc70-2ea8-4d9b-90c7-21e4a6c9bd0d:192.168.30.13:39349], old=null
2019-09-26 09:57:16,064 [pool-77-thread-1] INFO  impl.RaftServerImpl (RaftServerImpl.java:setRole(174)) - d195cc70-2ea8-4d9b-90c7-21e4a6c9bd0d@group-6004E546286F: changes role from      null to FOLLOWER at term 0 for startAsFollower
2019-09-26 09:57:16,064 [pool-77-thread-1] INFO  impl.RoleInfo (RoleInfo.java:updateAndGet(143)) - d195cc70-2ea8-4d9b-90c7-21e4a6c9bd0d: start FollowerState
2019-09-26 09:57:16,064 [pool-77-thread-1] INFO  util.JmxRegister (JmxRegister.java:tryRegister(44)) - Successfully registered JMX Bean with object name Ratis:service=RaftServer,group=group-6004E546286F,id=d195cc70-2ea8-4d9b-90c7-21e4a6c9bd0d
2019-09-26 09:57:16,071 [RatisPipelineUtilsThread] INFO  pipeline.PipelineStateManager (PipelineStateManager.java:addPipeline(56)) - Created pipeline Pipeline[ Id: afb3f132-bf70-4fee-b42c-6004e546286f, Nodes: d195cc70-2ea8-4d9b-90c7-21e4a6c9bd0d{ip: 192.168.30.13, host: pr-hdds-1569-wvzgm-824869521, networkLocation: /default-rack, certSerialId: null}, Type:RATIS, Factor:ONE, State:OPEN]
2019-09-26 09:57:16,079 [grpc-default-executor-0] INFO  impl.RaftServerProxy (RaftServerProxy.java:addNew(89)) - 4c024347-3506-43a2-ab40-8471edec8541: addNew group-31F597CC07B9:[4c024347-3506-43a2-ab40-8471edec8541:192.168.30.13:39922] returns group-31F597CC07B9:java.util.concurrent.CompletableFuture@7642e778[Not completed]
2019-09-26 09:57:16,080 [pool-67-thread-1] INFO  impl.RaftServerImpl (RaftServerImpl.java:<init>(95)) - 4c024347-3506-43a2-ab40-8471edec8541: new RaftServerImpl for group-31F597CC07B9:[4c024347-3506-43a2-ab40-8471edec8541:192.168.30.13:39922] with ContainerStateMachine:uninitialized
2019-09-26 09:57:16,080 [pool-67-thread-1] INFO  server.RaftServerConfigKeys (ConfUtils.java:logGet(43)) - raft.server.rpc.timeout.min = 5s (custom)
2019-09-26 09:57:16,080 [pool-67-thread-1] INFO  server.RaftServerConfigKeys (ConfUtils.java:logGet(43)) - raft.server.rpc.timeout.max = 5200ms (custom)
2019-09-26 09:57:16,081 [pool-67-thread-1] INFO  server.RaftServerConfigKeys (ConfUtils.java:logGet(43)) - raft.server.rpcslowness.timeout = 120s (custom)
2019-09-26 09:57:16,081 [pool-67-thread-1] INFO  server.RaftServerConfigKeys (ConfUtils.java:logGet(43)) - raft.server.sleep.deviation.threshold = 300 (default)
2019-09-26 09:57:16,081 [pool-67-thread-1] INFO  server.RaftServerConfigKeys (ConfUtils.java:logGet(43)) - raft.server.log.appender.install.snapshot.enabled = false (custom)
2019-09-26 09:57:16,081 [pool-67-thread-1] INFO  impl.RaftServerImpl (ServerState.java:<init>(103)) - 4c024347-3506-43a2-ab40-8471edec8541@group-31F597CC07B9: ConfigurationManager, init=-1: [4c024347-3506-43a2-ab40-8471edec8541:192.168.30.13:39922], old=null, confs=<EMPTY_MAP>
2019-09-26 09:57:16,081 [pool-67-thread-1] INFO  server.RaftServerConfigKeys (ConfUtils.java:logGet(43)) - raft.server.storage.dir = [/workdir/hadoop-ozone/integration-test/target/test-dir/MiniOzoneClusterImpl-02a89373-ff67-4b13-ad11-60194c127517/datanode-4/data/ratis] (custom)
2019-09-26 09:57:16,081 [pool-67-thread-1] INFO  storage.RaftStorageDirectory (RaftStorageDirectory.java:analyzeStorage(246)) - The storage directory /workdir/hadoop-ozone/integration-test/target/test-dir/MiniOzoneClusterImpl-02a89373-ff67-4b13-ad11-60194c127517/datanode-4/data/ratis/fdce0690-fae4-4a85-86bc-31f597cc07b9 does not exist. Creating ...
2019-09-26 09:57:16,088 [pool-67-thread-1] INFO  storage.RaftStorageDirectory (RaftStorageDirectory.java:tryLock(328)) - Lock on /workdir/hadoop-ozone/integration-test/target/test-dir/MiniOzoneClusterImpl-02a89373-ff67-4b13-ad11-60194c127517/datanode-4/data/ratis/fdce0690-fae4-4a85-86bc-31f597cc07b9/in_use.lock acquired by nodename 19604@pr-hdds-1569-wvzgm-824869521
2019-09-26 09:57:16,091 [pool-67-thread-1] INFO  storage.RaftStorage (RaftStorage.java:format(72)) - Storage directory /workdir/hadoop-ozone/integration-test/target/test-dir/MiniOzoneClusterImpl-02a89373-ff67-4b13-ad11-60194c127517/datanode-4/data/ratis/fdce0690-fae4-4a85-86bc-31f597cc07b9 has been successfully formatted.
2019-09-26 09:57:16,091 [pool-67-thread-1] INFO  ratis.ContainerStateMachine (ContainerStateMachine.java:loadSnapshot(230)) - group-31F597CC07B9: The snapshot info is null. Setting the last applied indexto:(t:0, i:~)
2019-09-26 09:57:16,091 [pool-67-thread-1] INFO  server.RaftServerConfigKeys (ConfUtils.java:logGet(43)) - raft.server.notification.no-leader.timeout = 120s (custom)
2019-09-26 09:57:16,091 [pool-67-thread-1] INFO  server.RaftServerConfigKeys (ConfUtils.java:logGet(43)) - raft.server.log.use.memory = false (default)
2019-09-26 09:57:16,092 [pool-67-thread-1] INFO  server.RaftServerConfigKeys (ConfUtils.java:logGet(43)) - raft.server.log.purge.gap = 1000000 (custom)
2019-09-26 09:57:16,092 [pool-67-thread-1] INFO  server.RaftServerConfigKeys (ConfUtils.java:logGet(43)) - raft.server.log.appender.buffer.byte-limit = 33554432 (custom)
2019-09-26 09:57:16,092 [pool-67-thread-1] INFO  server.RaftServerConfigKeys (ConfUtils.java:logGet(43)) - raft.server.log.segment.size.max = 1048576 (custom)
2019-09-26 09:57:16,092 [pool-67-thread-1] INFO  server.RaftServerConfigKeys (ConfUtils.java:logGet(43)) - raft.server.log.segment.cache.num.max = 2 (custom)
2019-09-26 09:57:16,092 [pool-67-thread-1] INFO  segmented.SegmentedRaftLogWorker (SegmentedRaftLogWorker.java:<init>(172)) - new 4c024347-3506-43a2-ab40-8471edec8541@group-31F597CC07B9-SegmentedRaftLogWorker for RaftStorage:Storage Directory /workdir/hadoop-ozone/integration-test/target/test-dir/MiniOzoneClusterImpl-02a89373-ff67-4b13-ad11-60194c127517/datanode-4/data/ratis/fdce0690-fae4-4a85-86bc-31f597cc07b9
2019-09-26 09:57:16,092 [pool-67-thread-1] INFO  server.RaftServerConfigKeys (ConfUtils.java:logGet(43)) - raft.server.log.queue.byte-limit = 2147483647 (custom)
2019-09-26 09:57:16,092 [pool-67-thread-1] INFO  server.RaftServerConfigKeys (ConfUtils.java:logGet(43)) - raft.server.log.queue.element-limit = 1024 (custom)
2019-09-26 09:57:16,092 [pool-67-thread-1] INFO  server.RaftServerConfigKeys (ConfUtils.java:logGet(43)) - raft.server.log.segment.size.max = 1048576 (custom)
2019-09-26 09:57:16,092 [pool-67-thread-1] INFO  server.RaftServerConfigKeys (ConfUtils.java:logGet(43)) - raft.server.log.preallocated.size = 16384 (custom)
2019-09-26 09:57:16,093 [pool-67-thread-1] INFO  server.RaftServerConfigKeys (ConfUtils.java:logGet(43)) - raft.server.log.write.buffer.size = 33554432 (custom)
2019-09-26 09:57:16,093 [pool-67-thread-1] INFO  server.RaftServerConfigKeys (ConfUtils.java:logGet(43)) - raft.server.log.force.sync.num = 128 (default)
2019-09-26 09:57:16,093 [pool-67-thread-1] INFO  server.RaftServerConfigKeys (ConfUtils.java:logGet(43)) - raft.server.log.statemachine.data.sync = true (default)
2019-09-26 09:57:16,093 [pool-67-thread-1] INFO  server.RaftServerConfigKeys (ConfUtils.java:logGet(43)) - raft.server.log.statemachine.data.sync.timeout = 10s (default)
2019-09-26 09:57:16,098 [pool-67-thread-1] INFO  server.RaftServerConfigKeys (ConfUtils.java:logGet(43)) - raft.server.log.statemachine.data.sync.timeout.retry = -1 (default)
2019-09-26 09:57:16,098 [pool-67-thread-1] INFO  server.RaftServerConfigKeys (ConfUtils.java:logGet(43)) - raft.server.log.statemachine.data.caching.enabled = true (custom)
2019-09-26 09:57:16,098 [pool-67-thread-1] INFO  segmented.SegmentedRaftLogWorker (SegmentedRaftLogWorker.java:lambda$new$0(132)) - 4c024347-3506-43a2-ab40-8471edec8541@group-31F597CC07B9-SegmentedRaftLogWorker: flushIndex: setUnconditionally 0 -> -1
2019-09-26 09:57:16,098 [pool-67-thread-1] INFO  server.RaftServerConfigKeys (ConfUtils.java:logGet(43)) - raft.server.snapshot.auto.trigger.enabled = true (custom)
2019-09-26 09:57:16,098 [pool-67-thread-1] INFO  server.RaftServerConfigKeys (ConfUtils.java:logGet(43)) - raft.server.snapshot.auto.trigger.threshold = 10000 (custom)
2019-09-26 09:57:16,098 [pool-67-thread-1] INFO  server.RaftServerConfigKeys (ConfUtils.java:logGet(43)) - raft.server.snapshot.retention.num.files = 5 (custom)
2019-09-26 09:57:16,099 [pool-67-thread-1] INFO  server.RaftServerConfigKeys (ConfUtils.java:logGet(43)) - raft.server.retrycache.expirytime = 600000ms (custom)
2019-09-26 09:57:16,101 [pool-67-thread-1] INFO  impl.RaftServerImpl (RaftServerImpl.java:start(185)) - 4c024347-3506-43a2-ab40-8471edec8541@group-31F597CC07B9: start as a follower, conf=-1: [4c024347-3506-43a2-ab40-8471edec8541:192.168.30.13:39922], old=null
2019-09-26 09:57:16,101 [pool-67-thread-1] INFO  impl.RaftServerImpl (RaftServerImpl.java:setRole(174)) - 4c024347-3506-43a2-ab40-8471edec8541@group-31F597CC07B9: changes role from      null to FOLLOWER at term 0 for startAsFollower
2019-09-26 09:57:16,101 [pool-67-thread-1] INFO  impl.RoleInfo (RoleInfo.java:updateAndGet(143)) - 4c024347-3506-43a2-ab40-8471edec8541: start FollowerState
2019-09-26 09:57:16,102 [pool-67-thread-1] INFO  util.JmxRegister (JmxRegister.java:tryRegister(44)) - Successfully registered JMX Bean with object name Ratis:service=RaftServer,group=group-31F597CC07B9,id=4c024347-3506-43a2-ab40-8471edec8541
2019-09-26 09:57:16,106 [RatisPipelineUtilsThread] INFO  pipeline.PipelineStateManager (PipelineStateManager.java:addPipeline(56)) - Created pipeline Pipeline[ Id: fdce0690-fae4-4a85-86bc-31f597cc07b9, Nodes: 4c024347-3506-43a2-ab40-8471edec8541{ip: 192.168.30.13, host: pr-hdds-1569-wvzgm-824869521, networkLocation: /default-rack, certSerialId: null}, Type:RATIS, Factor:ONE, State:OPEN]
2019-09-26 09:57:16,115 [grpc-default-executor-0] INFO  impl.RaftServerProxy (RaftServerProxy.java:addNew(89)) - 4c024347-3506-43a2-ab40-8471edec8541: addNew group-3629294787F3:[4c024347-3506-43a2-ab40-8471edec8541:192.168.30.13:39922] returns group-3629294787F3:java.util.concurrent.CompletableFuture@6219a10e[Not completed]
2019-09-26 09:57:16,116 [pool-67-thread-1] INFO  impl.RaftServerImpl (RaftServerImpl.java:<init>(95)) - 4c024347-3506-43a2-ab40-8471edec8541: new RaftServerImpl for group-3629294787F3:[4c024347-3506-43a2-ab40-8471edec8541:192.168.30.13:39922] with ContainerStateMachine:uninitialized
2019-09-26 09:57:16,116 [pool-67-thread-1] INFO  server.RaftServerConfigKeys (ConfUtils.java:logGet(43)) - raft.server.rpc.timeout.min = 5s (custom)
2019-09-26 09:57:16,116 [pool-67-thread-1] INFO  server.RaftServerConfigKeys (ConfUtils.java:logGet(43)) - raft.server.rpc.timeout.max = 5200ms (custom)
2019-09-26 09:57:16,116 [pool-67-thread-1] INFO  server.RaftServerConfigKeys (ConfUtils.java:logGet(43)) - raft.server.rpcslowness.timeout = 120s (custom)
2019-09-26 09:57:16,116 [pool-67-thread-1] INFO  server.RaftServerConfigKeys (ConfUtils.java:logGet(43)) - raft.server.sleep.deviation.threshold = 300 (default)
2019-09-26 09:57:16,116 [pool-67-thread-1] INFO  server.RaftServerConfigKeys (ConfUtils.java:logGet(43)) - raft.server.log.appender.install.snapshot.enabled = false (custom)
2019-09-26 09:57:16,117 [pool-67-thread-1] INFO  impl.RaftServerImpl (ServerState.java:<init>(103)) - 4c024347-3506-43a2-ab40-8471edec8541@group-3629294787F3: ConfigurationManager, init=-1: [4c024347-3506-43a2-ab40-8471edec8541:192.168.30.13:39922], old=null, confs=<EMPTY_MAP>
2019-09-26 09:57:16,117 [pool-67-thread-1] INFO  server.RaftServerConfigKeys (ConfUtils.java:logGet(43)) - raft.server.storage.dir = [/workdir/hadoop-ozone/integration-test/target/test-dir/MiniOzoneClusterImpl-02a89373-ff67-4b13-ad11-60194c127517/datanode-4/data/ratis] (custom)
2019-09-26 09:57:16,117 [pool-67-thread-1] INFO  storage.RaftStorageDirectory (RaftStorageDirectory.java:analyzeStorage(246)) - The storage directory /workdir/hadoop-ozone/integration-test/target/test-dir/MiniOzoneClusterImpl-02a89373-ff67-4b13-ad11-60194c127517/datanode-4/data/ratis/0caaece3-3029-4d82-ad6e-3629294787f3 does not exist. Creating ...
2019-09-26 09:57:16,120 [pool-67-thread-1] INFO  storage.RaftStorageDirectory (RaftStorageDirectory.java:tryLock(328)) - Lock on /workdir/hadoop-ozone/integration-test/target/test-dir/MiniOzoneClusterImpl-02a89373-ff67-4b13-ad11-60194c127517/datanode-4/data/ratis/0caaece3-3029-4d82-ad6e-3629294787f3/in_use.lock acquired by nodename 19604@pr-hdds-1569-wvzgm-824869521
2019-09-26 09:57:16,124 [pool-67-thread-1] INFO  storage.RaftStorage (RaftStorage.java:format(72)) - Storage directory /workdir/hadoop-ozone/integration-test/target/test-dir/MiniOzoneClusterImpl-02a89373-ff67-4b13-ad11-60194c127517/datanode-4/data/ratis/0caaece3-3029-4d82-ad6e-3629294787f3 has been successfully formatted.
2019-09-26 09:57:16,124 [pool-67-thread-1] INFO  ratis.ContainerStateMachine (ContainerStateMachine.java:loadSnapshot(230)) - group-3629294787F3: The snapshot info is null. Setting the last applied indexto:(t:0, i:~)
2019-09-26 09:57:16,124 [pool-67-thread-1] INFO  server.RaftServerConfigKeys (ConfUtils.java:logGet(43)) - raft.server.notification.no-leader.timeout = 120s (custom)
2019-09-26 09:57:16,124 [pool-67-thread-1] INFO  server.RaftServerConfigKeys (ConfUtils.java:logGet(43)) - raft.server.log.use.memory = false (default)
2019-09-26 09:57:16,125 [pool-67-thread-1] INFO  server.RaftServerConfigKeys (ConfUtils.java:logGet(43)) - raft.server.log.purge.gap = 1000000 (custom)
2019-09-26 09:57:16,125 [pool-67-thread-1] INFO  server.RaftServerConfigKeys (ConfUtils.java:logGet(43)) - raft.server.log.appender.buffer.byte-limit = 33554432 (custom)
2019-09-26 09:57:16,125 [pool-67-thread-1] INFO  server.RaftServerConfigKeys (ConfUtils.java:logGet(43)) - raft.server.log.segment.size.max = 1048576 (custom)
2019-09-26 09:57:16,125 [pool-67-thread-1] INFO  server.RaftServerConfigKeys (ConfUtils.java:logGet(43)) - raft.server.log.segment.cache.num.max = 2 (custom)
2019-09-26 09:57:16,125 [pool-67-thread-1] INFO  segmented.SegmentedRaftLogWorker (SegmentedRaftLogWorker.java:<init>(172)) - new 4c024347-3506-43a2-ab40-8471edec8541@group-3629294787F3-SegmentedRaftLogWorker for RaftStorage:Storage Directory /workdir/hadoop-ozone/integration-test/target/test-dir/MiniOzoneClusterImpl-02a89373-ff67-4b13-ad11-60194c127517/datanode-4/data/ratis/0caaece3-3029-4d82-ad6e-3629294787f3
2019-09-26 09:57:16,125 [pool-67-thread-1] INFO  server.RaftServerConfigKeys (ConfUtils.java:logGet(43)) - raft.server.log.queue.byte-limit = 2147483647 (custom)
2019-09-26 09:57:16,127 [pool-67-thread-1] INFO  server.RaftServerConfigKeys (ConfUtils.java:logGet(43)) - raft.server.log.queue.element-limit = 1024 (custom)
2019-09-26 09:57:16,127 [pool-67-thread-1] INFO  server.RaftServerConfigKeys (ConfUtils.java:logGet(43)) - raft.server.log.segment.size.max = 1048576 (custom)
2019-09-26 09:57:16,127 [pool-67-thread-1] INFO  server.RaftServerConfigKeys (ConfUtils.java:logGet(43)) - raft.server.log.preallocated.size = 16384 (custom)
2019-09-26 09:57:16,128 [pool-67-thread-1] INFO  server.RaftServerConfigKeys (ConfUtils.java:logGet(43)) - raft.server.log.write.buffer.size = 33554432 (custom)
2019-09-26 09:57:16,128 [pool-67-thread-1] INFO  server.RaftServerConfigKeys (ConfUtils.java:logGet(43)) - raft.server.log.force.sync.num = 128 (default)
2019-09-26 09:57:16,128 [pool-67-thread-1] INFO  server.RaftServerConfigKeys (ConfUtils.java:logGet(43)) - raft.server.log.statemachine.data.sync = true (default)
2019-09-26 09:57:16,128 [pool-67-thread-1] INFO  server.RaftServerConfigKeys (ConfUtils.java:logGet(43)) - raft.server.log.statemachine.data.sync.timeout = 10s (default)
2019-09-26 09:57:16,128 [pool-67-thread-1] INFO  server.RaftServerConfigKeys (ConfUtils.java:logGet(43)) - raft.server.log.statemachine.data.sync.timeout.retry = -1 (default)
2019-09-26 09:57:16,128 [pool-67-thread-1] INFO  server.RaftServerConfigKeys (ConfUtils.java:logGet(43)) - raft.server.log.statemachine.data.caching.enabled = true (custom)
2019-09-26 09:57:16,128 [pool-67-thread-1] INFO  segmented.SegmentedRaftLogWorker (SegmentedRaftLogWorker.java:lambda$new$0(132)) - 4c024347-3506-43a2-ab40-8471edec8541@group-3629294787F3-SegmentedRaftLogWorker: flushIndex: setUnconditionally 0 -> -1
2019-09-26 09:57:16,129 [pool-67-thread-1] INFO  server.RaftServerConfigKeys (ConfUtils.java:logGet(43)) - raft.server.snapshot.auto.trigger.enabled = true (custom)
2019-09-26 09:57:16,129 [pool-67-thread-1] INFO  server.RaftServerConfigKeys (ConfUtils.java:logGet(43)) - raft.server.snapshot.auto.trigger.threshold = 10000 (custom)
2019-09-26 09:57:16,129 [pool-67-thread-1] INFO  server.RaftServerConfigKeys (ConfUtils.java:logGet(43)) - raft.server.snapshot.retention.num.files = 5 (custom)
2019-09-26 09:57:16,129 [pool-67-thread-1] INFO  server.RaftServerConfigKeys (ConfUtils.java:logGet(43)) - raft.server.retrycache.expirytime = 600000ms (custom)
2019-09-26 09:57:16,131 [pool-67-thread-1] INFO  impl.RaftServerImpl (RaftServerImpl.java:start(185)) - 4c024347-3506-43a2-ab40-8471edec8541@group-3629294787F3: start as a follower, conf=-1: [4c024347-3506-43a2-ab40-8471edec8541:192.168.30.13:39922], old=null
2019-09-26 09:57:16,131 [pool-67-thread-1] INFO  impl.RaftServerImpl (RaftServerImpl.java:setRole(174)) - 4c024347-3506-43a2-ab40-8471edec8541@group-3629294787F3: changes role from      null to FOLLOWER at term 0 for startAsFollower
2019-09-26 09:57:16,132 [pool-67-thread-1] INFO  impl.RoleInfo (RoleInfo.java:updateAndGet(143)) - 4c024347-3506-43a2-ab40-8471edec8541: start FollowerState
2019-09-26 09:57:16,132 [pool-67-thread-1] INFO  util.JmxRegister (JmxRegister.java:tryRegister(44)) - Successfully registered JMX Bean with object name Ratis:service=RaftServer,group=group-3629294787F3,id=4c024347-3506-43a2-ab40-8471edec8541
2019-09-26 09:57:16,136 [RatisPipelineUtilsThread] INFO  pipeline.PipelineStateManager (PipelineStateManager.java:addPipeline(56)) - Created pipeline Pipeline[ Id: 0caaece3-3029-4d82-ad6e-3629294787f3, Nodes: 4c024347-3506-43a2-ab40-8471edec8541{ip: 192.168.30.13, host: pr-hdds-1569-wvzgm-824869521, networkLocation: /default-rack, certSerialId: null}, Type:RATIS, Factor:ONE, State:OPEN]
2019-09-26 09:57:16,158 [grpc-default-executor-0] INFO  impl.RaftServerProxy (RaftServerProxy.java:addNew(89)) - 9d66027e-d252-4dbd-9b93-1b4908d3cfc2: addNew group-6BEBA42E48F6:[9d66027e-d252-4dbd-9b93-1b4908d3cfc2:192.168.30.13:37389] returns group-6BEBA42E48F6:java.util.concurrent.CompletableFuture@11950b4[Not completed]
2019-09-26 09:57:16,159 [pool-47-thread-1] INFO  impl.RaftServerImpl (RaftServerImpl.java:<init>(95)) - 9d66027e-d252-4dbd-9b93-1b4908d3cfc2: new RaftServerImpl for group-6BEBA42E48F6:[9d66027e-d252-4dbd-9b93-1b4908d3cfc2:192.168.30.13:37389] with ContainerStateMachine:uninitialized
2019-09-26 09:57:16,159 [pool-47-thread-1] INFO  server.RaftServerConfigKeys (ConfUtils.java:logGet(43)) - raft.server.rpc.timeout.min = 5s (custom)
2019-09-26 09:57:16,159 [pool-47-thread-1] INFO  server.RaftServerConfigKeys (ConfUtils.java:logGet(43)) - raft.server.rpc.timeout.max = 5200ms (custom)
2019-09-26 09:57:16,160 [pool-47-thread-1] INFO  server.RaftServerConfigKeys (ConfUtils.java:logGet(43)) - raft.server.rpcslowness.timeout = 120s (custom)
2019-09-26 09:57:16,160 [pool-47-thread-1] INFO  server.RaftServerConfigKeys (ConfUtils.java:logGet(43)) - raft.server.sleep.deviation.threshold = 300 (default)
2019-09-26 09:57:16,160 [pool-47-thread-1] INFO  server.RaftServerConfigKeys (ConfUtils.java:logGet(43)) - raft.server.log.appender.install.snapshot.enabled = false (custom)
2019-09-26 09:57:16,160 [pool-47-thread-1] INFO  impl.RaftServerImpl (ServerState.java:<init>(103)) - 9d66027e-d252-4dbd-9b93-1b4908d3cfc2@group-6BEBA42E48F6: ConfigurationManager, init=-1: [9d66027e-d252-4dbd-9b93-1b4908d3cfc2:192.168.30.13:37389], old=null, confs=<EMPTY_MAP>
2019-09-26 09:57:16,160 [pool-47-thread-1] INFO  server.RaftServerConfigKeys (ConfUtils.java:logGet(43)) - raft.server.storage.dir = [/workdir/hadoop-ozone/integration-test/target/test-dir/MiniOzoneClusterImpl-02a89373-ff67-4b13-ad11-60194c127517/datanode-2/data/ratis] (custom)
2019-09-26 09:57:16,160 [pool-47-thread-1] INFO  storage.RaftStorageDirectory (RaftStorageDirectory.java:analyzeStorage(246)) - The storage directory /workdir/hadoop-ozone/integration-test/target/test-dir/MiniOzoneClusterImpl-02a89373-ff67-4b13-ad11-60194c127517/datanode-2/data/ratis/c736a97d-b00f-4ce6-8e7d-6beba42e48f6 does not exist. Creating ...
2019-09-26 09:57:16,163 [pool-47-thread-1] INFO  storage.RaftStorageDirectory (RaftStorageDirectory.java:tryLock(328)) - Lock on /workdir/hadoop-ozone/integration-test/target/test-dir/MiniOzoneClusterImpl-02a89373-ff67-4b13-ad11-60194c127517/datanode-2/data/ratis/c736a97d-b00f-4ce6-8e7d-6beba42e48f6/in_use.lock acquired by nodename 19604@pr-hdds-1569-wvzgm-824869521
2019-09-26 09:57:16,169 [pool-47-thread-1] INFO  storage.RaftStorage (RaftStorage.java:format(72)) - Storage directory /workdir/hadoop-ozone/integration-test/target/test-dir/MiniOzoneClusterImpl-02a89373-ff67-4b13-ad11-60194c127517/datanode-2/data/ratis/c736a97d-b00f-4ce6-8e7d-6beba42e48f6 has been successfully formatted.
2019-09-26 09:57:16,169 [pool-47-thread-1] INFO  ratis.ContainerStateMachine (ContainerStateMachine.java:loadSnapshot(230)) - group-6BEBA42E48F6: The snapshot info is null. Setting the last applied indexto:(t:0, i:~)
2019-09-26 09:57:16,169 [pool-47-thread-1] INFO  server.RaftServerConfigKeys (ConfUtils.java:logGet(43)) - raft.server.notification.no-leader.timeout = 120s (custom)
2019-09-26 09:57:16,169 [pool-47-thread-1] INFO  server.RaftServerConfigKeys (ConfUtils.java:logGet(43)) - raft.server.log.use.memory = false (default)
2019-09-26 09:57:16,169 [pool-47-thread-1] INFO  server.RaftServerConfigKeys (ConfUtils.java:logGet(43)) - raft.server.log.purge.gap = 1000000 (custom)
2019-09-26 09:57:16,170 [pool-47-thread-1] INFO  server.RaftServerConfigKeys (ConfUtils.java:logGet(43)) - raft.server.log.appender.buffer.byte-limit = 33554432 (custom)
2019-09-26 09:57:16,170 [pool-47-thread-1] INFO  server.RaftServerConfigKeys (ConfUtils.java:logGet(43)) - raft.server.log.segment.size.max = 1048576 (custom)
2019-09-26 09:57:16,170 [pool-47-thread-1] INFO  server.RaftServerConfigKeys (ConfUtils.java:logGet(43)) - raft.server.log.segment.cache.num.max = 2 (custom)
2019-09-26 09:57:16,170 [pool-47-thread-1] INFO  segmented.SegmentedRaftLogWorker (SegmentedRaftLogWorker.java:<init>(172)) - new 9d66027e-d252-4dbd-9b93-1b4908d3cfc2@group-6BEBA42E48F6-SegmentedRaftLogWorker for RaftStorage:Storage Directory /workdir/hadoop-ozone/integration-test/target/test-dir/MiniOzoneClusterImpl-02a89373-ff67-4b13-ad11-60194c127517/datanode-2/data/ratis/c736a97d-b00f-4ce6-8e7d-6beba42e48f6
2019-09-26 09:57:16,170 [pool-47-thread-1] INFO  server.RaftServerConfigKeys (ConfUtils.java:logGet(43)) - raft.server.log.queue.byte-limit = 2147483647 (custom)
2019-09-26 09:57:16,170 [pool-47-thread-1] INFO  server.RaftServerConfigKeys (ConfUtils.java:logGet(43)) - raft.server.log.queue.element-limit = 1024 (custom)
2019-09-26 09:57:16,170 [pool-47-thread-1] INFO  server.RaftServerConfigKeys (ConfUtils.java:logGet(43)) - raft.server.log.segment.size.max = 1048576 (custom)
2019-09-26 09:57:16,170 [pool-47-thread-1] INFO  server.RaftServerConfigKeys (ConfUtils.java:logGet(43)) - raft.server.log.preallocated.size = 16384 (custom)
2019-09-26 09:57:16,171 [pool-47-thread-1] INFO  server.RaftServerConfigKeys (ConfUtils.java:logGet(43)) - raft.server.log.write.buffer.size = 33554432 (custom)
2019-09-26 09:57:16,171 [pool-47-thread-1] INFO  server.RaftServerConfigKeys (ConfUtils.java:logGet(43)) - raft.server.log.force.sync.num = 128 (default)
2019-09-26 09:57:16,171 [pool-47-thread-1] INFO  server.RaftServerConfigKeys (ConfUtils.java:logGet(43)) - raft.server.log.statemachine.data.sync = true (default)
2019-09-26 09:57:16,171 [pool-47-thread-1] INFO  server.RaftServerConfigKeys (ConfUtils.java:logGet(43)) - raft.server.log.statemachine.data.sync.timeout = 10s (default)
2019-09-26 09:57:16,171 [pool-47-thread-1] INFO  server.RaftServerConfigKeys (ConfUtils.java:logGet(43)) - raft.server.log.statemachine.data.sync.timeout.retry = -1 (default)
2019-09-26 09:57:16,171 [pool-47-thread-1] INFO  server.RaftServerConfigKeys (ConfUtils.java:logGet(43)) - raft.server.log.statemachine.data.caching.enabled = true (custom)
2019-09-26 09:57:16,172 [pool-47-thread-1] INFO  segmented.SegmentedRaftLogWorker (SegmentedRaftLogWorker.java:lambda$new$0(132)) - 9d66027e-d252-4dbd-9b93-1b4908d3cfc2@group-6BEBA42E48F6-SegmentedRaftLogWorker: flushIndex: setUnconditionally 0 -> -1
2019-09-26 09:57:16,172 [pool-47-thread-1] INFO  server.RaftServerConfigKeys (ConfUtils.java:logGet(43)) - raft.server.snapshot.auto.trigger.enabled = true (custom)
2019-09-26 09:57:16,172 [pool-47-thread-1] INFO  server.RaftServerConfigKeys (ConfUtils.java:logGet(43)) - raft.server.snapshot.auto.trigger.threshold = 10000 (custom)
2019-09-26 09:57:16,172 [pool-47-thread-1] INFO  server.RaftServerConfigKeys (ConfUtils.java:logGet(43)) - raft.server.snapshot.retention.num.files = 5 (custom)
2019-09-26 09:57:16,174 [pool-47-thread-1] INFO  server.RaftServerConfigKeys (ConfUtils.java:logGet(43)) - raft.server.retrycache.expirytime = 600000ms (custom)
2019-09-26 09:57:16,176 [pool-47-thread-1] INFO  impl.RaftServerImpl (RaftServerImpl.java:start(185)) - 9d66027e-d252-4dbd-9b93-1b4908d3cfc2@group-6BEBA42E48F6: start as a follower, conf=-1: [9d66027e-d252-4dbd-9b93-1b4908d3cfc2:192.168.30.13:37389], old=null
2019-09-26 09:57:16,176 [pool-47-thread-1] INFO  impl.RaftServerImpl (RaftServerImpl.java:setRole(174)) - 9d66027e-d252-4dbd-9b93-1b4908d3cfc2@group-6BEBA42E48F6: changes role from      null to FOLLOWER at term 0 for startAsFollower
2019-09-26 09:57:16,176 [pool-47-thread-1] INFO  impl.RoleInfo (RoleInfo.java:updateAndGet(143)) - 9d66027e-d252-4dbd-9b93-1b4908d3cfc2: start FollowerState
2019-09-26 09:57:16,182 [pool-47-thread-1] INFO  util.JmxRegister (JmxRegister.java:tryRegister(44)) - Successfully registered JMX Bean with object name Ratis:service=RaftServer,group=group-6BEBA42E48F6,id=9d66027e-d252-4dbd-9b93-1b4908d3cfc2
2019-09-26 09:57:16,198 [RatisPipelineUtilsThread] INFO  pipeline.PipelineStateManager (PipelineStateManager.java:addPipeline(56)) - Created pipeline Pipeline[ Id: c736a97d-b00f-4ce6-8e7d-6beba42e48f6, Nodes: 9d66027e-d252-4dbd-9b93-1b4908d3cfc2{ip: 192.168.30.13, host: pr-hdds-1569-wvzgm-824869521, networkLocation: /default-rack, certSerialId: null}, Type:RATIS, Factor:ONE, State:OPEN]
2019-09-26 09:57:16,206 [grpc-default-executor-0] INFO  impl.RaftServerProxy (RaftServerProxy.java:addNew(89)) - 9d66027e-d252-4dbd-9b93-1b4908d3cfc2: addNew group-8AB766391C52:[9d66027e-d252-4dbd-9b93-1b4908d3cfc2:192.168.30.13:37389] returns group-8AB766391C52:java.util.concurrent.CompletableFuture@15afb931[Not completed]
2019-09-26 09:57:16,208 [pool-47-thread-1] INFO  impl.RaftServerImpl (RaftServerImpl.java:<init>(95)) - 9d66027e-d252-4dbd-9b93-1b4908d3cfc2: new RaftServerImpl for group-8AB766391C52:[9d66027e-d252-4dbd-9b93-1b4908d3cfc2:192.168.30.13:37389] with ContainerStateMachine:uninitialized
2019-09-26 09:57:16,208 [pool-47-thread-1] INFO  server.RaftServerConfigKeys (ConfUtils.java:logGet(43)) - raft.server.rpc.timeout.min = 5s (custom)
2019-09-26 09:57:16,208 [pool-47-thread-1] INFO  server.RaftServerConfigKeys (ConfUtils.java:logGet(43)) - raft.server.rpc.timeout.max = 5200ms (custom)
2019-09-26 09:57:16,208 [pool-47-thread-1] INFO  server.RaftServerConfigKeys (ConfUtils.java:logGet(43)) - raft.server.rpcslowness.timeout = 120s (custom)
2019-09-26 09:57:16,208 [pool-47-thread-1] INFO  server.RaftServerConfigKeys (ConfUtils.java:logGet(43)) - raft.server.sleep.deviation.threshold = 300 (default)
2019-09-26 09:57:16,208 [pool-47-thread-1] INFO  server.RaftServerConfigKeys (ConfUtils.java:logGet(43)) - raft.server.log.appender.install.snapshot.enabled = false (custom)
2019-09-26 09:57:16,208 [pool-47-thread-1] INFO  impl.RaftServerImpl (ServerState.java:<init>(103)) - 9d66027e-d252-4dbd-9b93-1b4908d3cfc2@group-8AB766391C52: ConfigurationManager, init=-1: [9d66027e-d252-4dbd-9b93-1b4908d3cfc2:192.168.30.13:37389], old=null, confs=<EMPTY_MAP>
2019-09-26 09:57:16,208 [pool-47-thread-1] INFO  server.RaftServerConfigKeys (ConfUtils.java:logGet(43)) - raft.server.storage.dir = [/workdir/hadoop-ozone/integration-test/target/test-dir/MiniOzoneClusterImpl-02a89373-ff67-4b13-ad11-60194c127517/datanode-2/data/ratis] (custom)
2019-09-26 09:57:16,209 [pool-47-thread-1] INFO  storage.RaftStorageDirectory (RaftStorageDirectory.java:analyzeStorage(246)) - The storage directory /workdir/hadoop-ozone/integration-test/target/test-dir/MiniOzoneClusterImpl-02a89373-ff67-4b13-ad11-60194c127517/datanode-2/data/ratis/a11f78a2-c370-4117-86ff-8ab766391c52 does not exist. Creating ...
2019-09-26 09:57:16,220 [pool-47-thread-1] INFO  storage.RaftStorageDirectory (RaftStorageDirectory.java:tryLock(328)) - Lock on /workdir/hadoop-ozone/integration-test/target/test-dir/MiniOzoneClusterImpl-02a89373-ff67-4b13-ad11-60194c127517/datanode-2/data/ratis/a11f78a2-c370-4117-86ff-8ab766391c52/in_use.lock acquired by nodename 19604@pr-hdds-1569-wvzgm-824869521
2019-09-26 09:57:16,223 [pool-47-thread-1] INFO  storage.RaftStorage (RaftStorage.java:format(72)) - Storage directory /workdir/hadoop-ozone/integration-test/target/test-dir/MiniOzoneClusterImpl-02a89373-ff67-4b13-ad11-60194c127517/datanode-2/data/ratis/a11f78a2-c370-4117-86ff-8ab766391c52 has been successfully formatted.
2019-09-26 09:57:16,223 [pool-47-thread-1] INFO  ratis.ContainerStateMachine (ContainerStateMachine.java:loadSnapshot(230)) - group-8AB766391C52: The snapshot info is null. Setting the last applied indexto:(t:0, i:~)
2019-09-26 09:57:16,223 [pool-47-thread-1] INFO  server.RaftServerConfigKeys (ConfUtils.java:logGet(43)) - raft.server.notification.no-leader.timeout = 120s (custom)
2019-09-26 09:57:16,223 [pool-47-thread-1] INFO  server.RaftServerConfigKeys (ConfUtils.java:logGet(43)) - raft.server.log.use.memory = false (default)
2019-09-26 09:57:16,223 [pool-47-thread-1] INFO  server.RaftServerConfigKeys (ConfUtils.java:logGet(43)) - raft.server.log.purge.gap = 1000000 (custom)
2019-09-26 09:57:16,223 [pool-47-thread-1] INFO  server.RaftServerConfigKeys (ConfUtils.java:logGet(43)) - raft.server.log.appender.buffer.byte-limit = 33554432 (custom)
2019-09-26 09:57:16,223 [pool-47-thread-1] INFO  server.RaftServerConfigKeys (ConfUtils.java:logGet(43)) - raft.server.log.segment.size.max = 1048576 (custom)
2019-09-26 09:57:16,224 [pool-47-thread-1] INFO  server.RaftServerConfigKeys (ConfUtils.java:logGet(43)) - raft.server.log.segment.cache.num.max = 2 (custom)
2019-09-26 09:57:16,224 [pool-47-thread-1] INFO  segmented.SegmentedRaftLogWorker (SegmentedRaftLogWorker.java:<init>(172)) - new 9d66027e-d252-4dbd-9b93-1b4908d3cfc2@group-8AB766391C52-SegmentedRaftLogWorker for RaftStorage:Storage Directory /workdir/hadoop-ozone/integration-test/target/test-dir/MiniOzoneClusterImpl-02a89373-ff67-4b13-ad11-60194c127517/datanode-2/data/ratis/a11f78a2-c370-4117-86ff-8ab766391c52
2019-09-26 09:57:16,224 [pool-47-thread-1] INFO  server.RaftServerConfigKeys (ConfUtils.java:logGet(43)) - raft.server.log.queue.byte-limit = 2147483647 (custom)
2019-09-26 09:57:16,224 [pool-47-thread-1] INFO  server.RaftServerConfigKeys (ConfUtils.java:logGet(43)) - raft.server.log.queue.element-limit = 1024 (custom)
2019-09-26 09:57:16,224 [pool-47-thread-1] INFO  server.RaftServerConfigKeys (ConfUtils.java:logGet(43)) - raft.server.log.segment.size.max = 1048576 (custom)
2019-09-26 09:57:16,224 [pool-47-thread-1] INFO  server.RaftServerConfigKeys (ConfUtils.java:logGet(43)) - raft.server.log.preallocated.size = 16384 (custom)
2019-09-26 09:57:16,224 [pool-47-thread-1] INFO  server.RaftServerConfigKeys (ConfUtils.java:logGet(43)) - raft.server.log.write.buffer.size = 33554432 (custom)
2019-09-26 09:57:16,224 [pool-47-thread-1] INFO  server.RaftServerConfigKeys (ConfUtils.java:logGet(43)) - raft.server.log.force.sync.num = 128 (default)
2019-09-26 09:57:16,224 [pool-47-thread-1] INFO  server.RaftServerConfigKeys (ConfUtils.java:logGet(43)) - raft.server.log.statemachine.data.sync = true (default)
2019-09-26 09:57:16,225 [pool-47-thread-1] INFO  server.RaftServerConfigKeys (ConfUtils.java:logGet(43)) - raft.server.log.statemachine.data.sync.timeout = 10s (default)
2019-09-26 09:57:16,225 [pool-47-thread-1] INFO  server.RaftServerConfigKeys (ConfUtils.java:logGet(43)) - raft.server.log.statemachine.data.sync.timeout.retry = -1 (default)
2019-09-26 09:57:16,225 [pool-47-thread-1] INFO  server.RaftServerConfigKeys (ConfUtils.java:logGet(43)) - raft.server.log.statemachine.data.caching.enabled = true (custom)
2019-09-26 09:57:16,225 [pool-47-thread-1] INFO  segmented.SegmentedRaftLogWorker (SegmentedRaftLogWorker.java:lambda$new$0(132)) - 9d66027e-d252-4dbd-9b93-1b4908d3cfc2@group-8AB766391C52-SegmentedRaftLogWorker: flushIndex: setUnconditionally 0 -> -1
2019-09-26 09:57:16,225 [pool-47-thread-1] INFO  server.RaftServerConfigKeys (ConfUtils.java:logGet(43)) - raft.server.snapshot.auto.trigger.enabled = true (custom)
2019-09-26 09:57:16,226 [pool-47-thread-1] INFO  server.RaftServerConfigKeys (ConfUtils.java:logGet(43)) - raft.server.snapshot.auto.trigger.threshold = 10000 (custom)
2019-09-26 09:57:16,226 [pool-47-thread-1] INFO  server.RaftServerConfigKeys (ConfUtils.java:logGet(43)) - raft.server.snapshot.retention.num.files = 5 (custom)
2019-09-26 09:57:16,226 [pool-47-thread-1] INFO  server.RaftServerConfigKeys (ConfUtils.java:logGet(43)) - raft.server.retrycache.expirytime = 600000ms (custom)
2019-09-26 09:57:16,228 [pool-47-thread-1] INFO  impl.RaftServerImpl (RaftServerImpl.java:start(185)) - 9d66027e-d252-4dbd-9b93-1b4908d3cfc2@group-8AB766391C52: start as a follower, conf=-1: [9d66027e-d252-4dbd-9b93-1b4908d3cfc2:192.168.30.13:37389], old=null
2019-09-26 09:57:16,228 [pool-47-thread-1] INFO  impl.RaftServerImpl (RaftServerImpl.java:setRole(174)) - 9d66027e-d252-4dbd-9b93-1b4908d3cfc2@group-8AB766391C52: changes role from      null to FOLLOWER at term 0 for startAsFollower
2019-09-26 09:57:16,228 [pool-47-thread-1] INFO  impl.RoleInfo (RoleInfo.java:updateAndGet(143)) - 9d66027e-d252-4dbd-9b93-1b4908d3cfc2: start FollowerState
2019-09-26 09:57:16,229 [pool-47-thread-1] INFO  util.JmxRegister (JmxRegister.java:tryRegister(44)) - Successfully registered JMX Bean with object name Ratis:service=RaftServer,group=group-8AB766391C52,id=9d66027e-d252-4dbd-9b93-1b4908d3cfc2
2019-09-26 09:57:16,233 [RatisPipelineUtilsThread] INFO  pipeline.PipelineStateManager (PipelineStateManager.java:addPipeline(56)) - Created pipeline Pipeline[ Id: a11f78a2-c370-4117-86ff-8ab766391c52, Nodes: 9d66027e-d252-4dbd-9b93-1b4908d3cfc2{ip: 192.168.30.13, host: pr-hdds-1569-wvzgm-824869521, networkLocation: /default-rack, certSerialId: null}, Type:RATIS, Factor:ONE, State:OPEN]
2019-09-26 09:57:16,242 [grpc-default-executor-0] INFO  impl.RaftServerProxy (RaftServerProxy.java:addNew(89)) - 9d66027e-d252-4dbd-9b93-1b4908d3cfc2: addNew group-CA14A10FBE8D:[9d66027e-d252-4dbd-9b93-1b4908d3cfc2:192.168.30.13:37389] returns group-CA14A10FBE8D:java.util.concurrent.CompletableFuture@3606145b[Not completed]
2019-09-26 09:57:16,243 [pool-47-thread-1] INFO  impl.RaftServerImpl (RaftServerImpl.java:<init>(95)) - 9d66027e-d252-4dbd-9b93-1b4908d3cfc2: new RaftServerImpl for group-CA14A10FBE8D:[9d66027e-d252-4dbd-9b93-1b4908d3cfc2:192.168.30.13:37389] with ContainerStateMachine:uninitialized
2019-09-26 09:57:16,243 [pool-47-thread-1] INFO  server.RaftServerConfigKeys (ConfUtils.java:logGet(43)) - raft.server.rpc.timeout.min = 5s (custom)
2019-09-26 09:57:16,243 [pool-47-thread-1] INFO  server.RaftServerConfigKeys (ConfUtils.java:logGet(43)) - raft.server.rpc.timeout.max = 5200ms (custom)
2019-09-26 09:57:16,244 [pool-47-thread-1] INFO  server.RaftServerConfigKeys (ConfUtils.java:logGet(43)) - raft.server.rpcslowness.timeout = 120s (custom)
2019-09-26 09:57:16,244 [pool-47-thread-1] INFO  server.RaftServerConfigKeys (ConfUtils.java:logGet(43)) - raft.server.sleep.deviation.threshold = 300 (default)
2019-09-26 09:57:16,244 [pool-47-thread-1] INFO  server.RaftServerConfigKeys (ConfUtils.java:logGet(43)) - raft.server.log.appender.install.snapshot.enabled = false (custom)
2019-09-26 09:57:16,244 [pool-47-thread-1] INFO  impl.RaftServerImpl (ServerState.java:<init>(103)) - 9d66027e-d252-4dbd-9b93-1b4908d3cfc2@group-CA14A10FBE8D: ConfigurationManager, init=-1: [9d66027e-d252-4dbd-9b93-1b4908d3cfc2:192.168.30.13:37389], old=null, confs=<EMPTY_MAP>
2019-09-26 09:57:16,244 [pool-47-thread-1] INFO  server.RaftServerConfigKeys (ConfUtils.java:logGet(43)) - raft.server.storage.dir = [/workdir/hadoop-ozone/integration-test/target/test-dir/MiniOzoneClusterImpl-02a89373-ff67-4b13-ad11-60194c127517/datanode-2/data/ratis] (custom)
2019-09-26 09:57:16,244 [pool-47-thread-1] INFO  storage.RaftStorageDirectory (RaftStorageDirectory.java:analyzeStorage(246)) - The storage directory /workdir/hadoop-ozone/integration-test/target/test-dir/MiniOzoneClusterImpl-02a89373-ff67-4b13-ad11-60194c127517/datanode-2/data/ratis/e567b4e1-8f96-4fd3-9a81-ca14a10fbe8d does not exist. Creating ...
2019-09-26 09:57:16,247 [pool-47-thread-1] INFO  storage.RaftStorageDirectory (RaftStorageDirectory.java:tryLock(328)) - Lock on /workdir/hadoop-ozone/integration-test/target/test-dir/MiniOzoneClusterImpl-02a89373-ff67-4b13-ad11-60194c127517/datanode-2/data/ratis/e567b4e1-8f96-4fd3-9a81-ca14a10fbe8d/in_use.lock acquired by nodename 19604@pr-hdds-1569-wvzgm-824869521
2019-09-26 09:57:16,261 [pool-47-thread-1] INFO  storage.RaftStorage (RaftStorage.java:format(72)) - Storage directory /workdir/hadoop-ozone/integration-test/target/test-dir/MiniOzoneClusterImpl-02a89373-ff67-4b13-ad11-60194c127517/datanode-2/data/ratis/e567b4e1-8f96-4fd3-9a81-ca14a10fbe8d has been successfully formatted.
2019-09-26 09:57:16,261 [pool-47-thread-1] INFO  ratis.ContainerStateMachine (ContainerStateMachine.java:loadSnapshot(230)) - group-CA14A10FBE8D: The snapshot info is null. Setting the last applied indexto:(t:0, i:~)
2019-09-26 09:57:16,261 [pool-47-thread-1] INFO  server.RaftServerConfigKeys (ConfUtils.java:logGet(43)) - raft.server.notification.no-leader.timeout = 120s (custom)
2019-09-26 09:57:16,261 [pool-47-thread-1] INFO  server.RaftServerConfigKeys (ConfUtils.java:logGet(43)) - raft.server.log.use.memory = false (default)
2019-09-26 09:57:16,261 [pool-47-thread-1] INFO  server.RaftServerConfigKeys (ConfUtils.java:logGet(43)) - raft.server.log.purge.gap = 1000000 (custom)
2019-09-26 09:57:16,261 [pool-47-thread-1] INFO  server.RaftServerConfigKeys (ConfUtils.java:logGet(43)) - raft.server.log.appender.buffer.byte-limit = 33554432 (custom)
2019-09-26 09:57:16,261 [pool-47-thread-1] INFO  server.RaftServerConfigKeys (ConfUtils.java:logGet(43)) - raft.server.log.segment.size.max = 1048576 (custom)
2019-09-26 09:57:16,261 [pool-47-thread-1] INFO  server.RaftServerConfigKeys (ConfUtils.java:logGet(43)) - raft.server.log.segment.cache.num.max = 2 (custom)
2019-09-26 09:57:16,262 [pool-47-thread-1] INFO  segmented.SegmentedRaftLogWorker (SegmentedRaftLogWorker.java:<init>(172)) - new 9d66027e-d252-4dbd-9b93-1b4908d3cfc2@group-CA14A10FBE8D-SegmentedRaftLogWorker for RaftStorage:Storage Directory /workdir/hadoop-ozone/integration-test/target/test-dir/MiniOzoneClusterImpl-02a89373-ff67-4b13-ad11-60194c127517/datanode-2/data/ratis/e567b4e1-8f96-4fd3-9a81-ca14a10fbe8d
2019-09-26 09:57:16,262 [pool-47-thread-1] INFO  server.RaftServerConfigKeys (ConfUtils.java:logGet(43)) - raft.server.log.queue.byte-limit = 2147483647 (custom)
2019-09-26 09:57:16,262 [pool-47-thread-1] INFO  server.RaftServerConfigKeys (ConfUtils.java:logGet(43)) - raft.server.log.queue.element-limit = 1024 (custom)
2019-09-26 09:57:16,262 [pool-47-thread-1] INFO  server.RaftServerConfigKeys (ConfUtils.java:logGet(43)) - raft.server.log.segment.size.max = 1048576 (custom)
2019-09-26 09:57:16,262 [pool-47-thread-1] INFO  server.RaftServerConfigKeys (ConfUtils.java:logGet(43)) - raft.server.log.preallocated.size = 16384 (custom)
2019-09-26 09:57:16,262 [pool-47-thread-1] INFO  server.RaftServerConfigKeys (ConfUtils.java:logGet(43)) - raft.server.log.write.buffer.size = 33554432 (custom)
2019-09-26 09:57:16,262 [pool-47-thread-1] INFO  server.RaftServerConfigKeys (ConfUtils.java:logGet(43)) - raft.server.log.force.sync.num = 128 (default)
2019-09-26 09:57:16,262 [pool-47-thread-1] INFO  server.RaftServerConfigKeys (ConfUtils.java:logGet(43)) - raft.server.log.statemachine.data.sync = true (default)
2019-09-26 09:57:16,262 [pool-47-thread-1] INFO  server.RaftServerConfigKeys (ConfUtils.java:logGet(43)) - raft.server.log.statemachine.data.sync.timeout = 10s (default)
2019-09-26 09:57:16,263 [pool-47-thread-1] INFO  server.RaftServerConfigKeys (ConfUtils.java:logGet(43)) - raft.server.log.statemachine.data.sync.timeout.retry = -1 (default)
2019-09-26 09:57:16,263 [pool-47-thread-1] INFO  server.RaftServerConfigKeys (ConfUtils.java:logGet(43)) - raft.server.log.statemachine.data.caching.enabled = true (custom)
2019-09-26 09:57:16,263 [pool-47-thread-1] INFO  segmented.SegmentedRaftLogWorker (SegmentedRaftLogWorker.java:lambda$new$0(132)) - 9d66027e-d252-4dbd-9b93-1b4908d3cfc2@group-CA14A10FBE8D-SegmentedRaftLogWorker: flushIndex: setUnconditionally 0 -> -1
2019-09-26 09:57:16,263 [pool-47-thread-1] INFO  server.RaftServerConfigKeys (ConfUtils.java:logGet(43)) - raft.server.snapshot.auto.trigger.enabled = true (custom)
2019-09-26 09:57:16,263 [pool-47-thread-1] INFO  server.RaftServerConfigKeys (ConfUtils.java:logGet(43)) - raft.server.snapshot.auto.trigger.threshold = 10000 (custom)
2019-09-26 09:57:16,264 [pool-47-thread-1] INFO  server.RaftServerConfigKeys (ConfUtils.java:logGet(43)) - raft.server.snapshot.retention.num.files = 5 (custom)
2019-09-26 09:57:16,264 [pool-47-thread-1] INFO  server.RaftServerConfigKeys (ConfUtils.java:logGet(43)) - raft.server.retrycache.expirytime = 600000ms (custom)
2019-09-26 09:57:16,266 [pool-47-thread-1] INFO  impl.RaftServerImpl (RaftServerImpl.java:start(185)) - 9d66027e-d252-4dbd-9b93-1b4908d3cfc2@group-CA14A10FBE8D: start as a follower, conf=-1: [9d66027e-d252-4dbd-9b93-1b4908d3cfc2:192.168.30.13:37389], old=null
2019-09-26 09:57:16,266 [pool-47-thread-1] INFO  impl.RaftServerImpl (RaftServerImpl.java:setRole(174)) - 9d66027e-d252-4dbd-9b93-1b4908d3cfc2@group-CA14A10FBE8D: changes role from      null to FOLLOWER at term 0 for startAsFollower
2019-09-26 09:57:16,266 [pool-47-thread-1] INFO  impl.RoleInfo (RoleInfo.java:updateAndGet(143)) - 9d66027e-d252-4dbd-9b93-1b4908d3cfc2: start FollowerState
2019-09-26 09:57:16,266 [pool-47-thread-1] INFO  util.JmxRegister (JmxRegister.java:tryRegister(44)) - Successfully registered JMX Bean with object name Ratis:service=RaftServer,group=group-CA14A10FBE8D,id=9d66027e-d252-4dbd-9b93-1b4908d3cfc2
2019-09-26 09:57:16,271 [RatisPipelineUtilsThread] INFO  pipeline.PipelineStateManager (PipelineStateManager.java:addPipeline(56)) - Created pipeline Pipeline[ Id: e567b4e1-8f96-4fd3-9a81-ca14a10fbe8d, Nodes: 9d66027e-d252-4dbd-9b93-1b4908d3cfc2{ip: 192.168.30.13, host: pr-hdds-1569-wvzgm-824869521, networkLocation: /default-rack, certSerialId: null}, Type:RATIS, Factor:ONE, State:OPEN]
2019-09-26 09:57:16,289 [grpc-default-executor-0] INFO  impl.RaftServerProxy (RaftServerProxy.java:addNew(89)) - 968d325c-530f-4bc5-8752-bd3f3c0aff18: addNew group-4FE2405BACB6:[968d325c-530f-4bc5-8752-bd3f3c0aff18:192.168.30.13:43732] returns group-4FE2405BACB6:java.util.concurrent.CompletableFuture@6fddafc3[Not completed]
2019-09-26 09:57:16,291 [pool-27-thread-1] INFO  impl.RaftServerImpl (RaftServerImpl.java:<init>(95)) - 968d325c-530f-4bc5-8752-bd3f3c0aff18: new RaftServerImpl for group-4FE2405BACB6:[968d325c-530f-4bc5-8752-bd3f3c0aff18:192.168.30.13:43732] with ContainerStateMachine:uninitialized
2019-09-26 09:57:16,291 [pool-27-thread-1] INFO  server.RaftServerConfigKeys (ConfUtils.java:logGet(43)) - raft.server.rpc.timeout.min = 5s (custom)
2019-09-26 09:57:16,291 [pool-27-thread-1] INFO  server.RaftServerConfigKeys (ConfUtils.java:logGet(43)) - raft.server.rpc.timeout.max = 5200ms (custom)
2019-09-26 09:57:16,292 [pool-27-thread-1] INFO  server.RaftServerConfigKeys (ConfUtils.java:logGet(43)) - raft.server.rpcslowness.timeout = 120s (custom)
2019-09-26 09:57:16,292 [pool-27-thread-1] INFO  server.RaftServerConfigKeys (ConfUtils.java:logGet(43)) - raft.server.sleep.deviation.threshold = 300 (default)
2019-09-26 09:57:16,292 [pool-27-thread-1] INFO  server.RaftServerConfigKeys (ConfUtils.java:logGet(43)) - raft.server.log.appender.install.snapshot.enabled = false (custom)
2019-09-26 09:57:16,292 [pool-27-thread-1] INFO  impl.RaftServerImpl (ServerState.java:<init>(103)) - 968d325c-530f-4bc5-8752-bd3f3c0aff18@group-4FE2405BACB6: ConfigurationManager, init=-1: [968d325c-530f-4bc5-8752-bd3f3c0aff18:192.168.30.13:43732], old=null, confs=<EMPTY_MAP>
2019-09-26 09:57:16,292 [pool-27-thread-1] INFO  server.RaftServerConfigKeys (ConfUtils.java:logGet(43)) - raft.server.storage.dir = [/workdir/hadoop-ozone/integration-test/target/test-dir/MiniOzoneClusterImpl-02a89373-ff67-4b13-ad11-60194c127517/datanode-0/data/ratis] (custom)
2019-09-26 09:57:16,293 [pool-27-thread-1] INFO  storage.RaftStorageDirectory (RaftStorageDirectory.java:analyzeStorage(246)) - The storage directory /workdir/hadoop-ozone/integration-test/target/test-dir/MiniOzoneClusterImpl-02a89373-ff67-4b13-ad11-60194c127517/datanode-0/data/ratis/8db4257f-c692-4bb6-a03c-4fe2405bacb6 does not exist. Creating ...
2019-09-26 09:57:16,306 [pool-27-thread-1] INFO  storage.RaftStorageDirectory (RaftStorageDirectory.java:tryLock(328)) - Lock on /workdir/hadoop-ozone/integration-test/target/test-dir/MiniOzoneClusterImpl-02a89373-ff67-4b13-ad11-60194c127517/datanode-0/data/ratis/8db4257f-c692-4bb6-a03c-4fe2405bacb6/in_use.lock acquired by nodename 19604@pr-hdds-1569-wvzgm-824869521
2019-09-26 09:57:16,321 [pool-27-thread-1] INFO  storage.RaftStorage (RaftStorage.java:format(72)) - Storage directory /workdir/hadoop-ozone/integration-test/target/test-dir/MiniOzoneClusterImpl-02a89373-ff67-4b13-ad11-60194c127517/datanode-0/data/ratis/8db4257f-c692-4bb6-a03c-4fe2405bacb6 has been successfully formatted.
2019-09-26 09:57:16,321 [pool-27-thread-1] INFO  ratis.ContainerStateMachine (ContainerStateMachine.java:loadSnapshot(230)) - group-4FE2405BACB6: The snapshot info is null. Setting the last applied indexto:(t:0, i:~)
2019-09-26 09:57:16,322 [pool-27-thread-1] INFO  server.RaftServerConfigKeys (ConfUtils.java:logGet(43)) - raft.server.notification.no-leader.timeout = 120s (custom)
2019-09-26 09:57:16,322 [pool-27-thread-1] INFO  server.RaftServerConfigKeys (ConfUtils.java:logGet(43)) - raft.server.log.use.memory = false (default)
2019-09-26 09:57:16,322 [pool-27-thread-1] INFO  server.RaftServerConfigKeys (ConfUtils.java:logGet(43)) - raft.server.log.purge.gap = 1000000 (custom)
2019-09-26 09:57:16,322 [pool-27-thread-1] INFO  server.RaftServerConfigKeys (ConfUtils.java:logGet(43)) - raft.server.log.appender.buffer.byte-limit = 33554432 (custom)
2019-09-26 09:57:16,322 [pool-27-thread-1] INFO  server.RaftServerConfigKeys (ConfUtils.java:logGet(43)) - raft.server.log.segment.size.max = 1048576 (custom)
2019-09-26 09:57:16,322 [pool-27-thread-1] INFO  server.RaftServerConfigKeys (ConfUtils.java:logGet(43)) - raft.server.log.segment.cache.num.max = 2 (custom)
2019-09-26 09:57:16,322 [pool-27-thread-1] INFO  segmented.SegmentedRaftLogWorker (SegmentedRaftLogWorker.java:<init>(172)) - new 968d325c-530f-4bc5-8752-bd3f3c0aff18@group-4FE2405BACB6-SegmentedRaftLogWorker for RaftStorage:Storage Directory /workdir/hadoop-ozone/integration-test/target/test-dir/MiniOzoneClusterImpl-02a89373-ff67-4b13-ad11-60194c127517/datanode-0/data/ratis/8db4257f-c692-4bb6-a03c-4fe2405bacb6
2019-09-26 09:57:16,323 [pool-27-thread-1] INFO  server.RaftServerConfigKeys (ConfUtils.java:logGet(43)) - raft.server.log.queue.byte-limit = 2147483647 (custom)
2019-09-26 09:57:16,323 [pool-27-thread-1] INFO  server.RaftServerConfigKeys (ConfUtils.java:logGet(43)) - raft.server.log.queue.element-limit = 1024 (custom)
2019-09-26 09:57:16,323 [pool-27-thread-1] INFO  server.RaftServerConfigKeys (ConfUtils.java:logGet(43)) - raft.server.log.segment.size.max = 1048576 (custom)
2019-09-26 09:57:16,323 [pool-27-thread-1] INFO  server.RaftServerConfigKeys (ConfUtils.java:logGet(43)) - raft.server.log.preallocated.size = 16384 (custom)
2019-09-26 09:57:16,323 [pool-27-thread-1] INFO  server.RaftServerConfigKeys (ConfUtils.java:logGet(43)) - raft.server.log.write.buffer.size = 33554432 (custom)
2019-09-26 09:57:16,323 [pool-27-thread-1] INFO  server.RaftServerConfigKeys (ConfUtils.java:logGet(43)) - raft.server.log.force.sync.num = 128 (default)
2019-09-26 09:57:16,323 [pool-27-thread-1] INFO  server.RaftServerConfigKeys (ConfUtils.java:logGet(43)) - raft.server.log.statemachine.data.sync = true (default)
2019-09-26 09:57:16,323 [pool-27-thread-1] INFO  server.RaftServerConfigKeys (ConfUtils.java:logGet(43)) - raft.server.log.statemachine.data.sync.timeout = 10s (default)
2019-09-26 09:57:16,324 [pool-27-thread-1] INFO  server.RaftServerConfigKeys (ConfUtils.java:logGet(43)) - raft.server.log.statemachine.data.sync.timeout.retry = -1 (default)
2019-09-26 09:57:16,324 [pool-27-thread-1] INFO  server.RaftServerConfigKeys (ConfUtils.java:logGet(43)) - raft.server.log.statemachine.data.caching.enabled = true (custom)
2019-09-26 09:57:16,324 [pool-27-thread-1] INFO  segmented.SegmentedRaftLogWorker (SegmentedRaftLogWorker.java:lambda$new$0(132)) - 968d325c-530f-4bc5-8752-bd3f3c0aff18@group-4FE2405BACB6-SegmentedRaftLogWorker: flushIndex: setUnconditionally 0 -> -1
2019-09-26 09:57:16,324 [pool-27-thread-1] INFO  server.RaftServerConfigKeys (ConfUtils.java:logGet(43)) - raft.server.snapshot.auto.trigger.enabled = true (custom)
2019-09-26 09:57:16,325 [pool-27-thread-1] INFO  server.RaftServerConfigKeys (ConfUtils.java:logGet(43)) - raft.server.snapshot.auto.trigger.threshold = 10000 (custom)
2019-09-26 09:57:16,325 [pool-27-thread-1] INFO  server.RaftServerConfigKeys (ConfUtils.java:logGet(43)) - raft.server.snapshot.retention.num.files = 5 (custom)
2019-09-26 09:57:16,327 [pool-27-thread-1] INFO  server.RaftServerConfigKeys (ConfUtils.java:logGet(43)) - raft.server.retrycache.expirytime = 600000ms (custom)
2019-09-26 09:57:16,339 [pool-27-thread-1] INFO  impl.RaftServerImpl (RaftServerImpl.java:start(185)) - 968d325c-530f-4bc5-8752-bd3f3c0aff18@group-4FE2405BACB6: start as a follower, conf=-1: [968d325c-530f-4bc5-8752-bd3f3c0aff18:192.168.30.13:43732], old=null
2019-09-26 09:57:16,339 [pool-27-thread-1] INFO  impl.RaftServerImpl (RaftServerImpl.java:setRole(174)) - 968d325c-530f-4bc5-8752-bd3f3c0aff18@group-4FE2405BACB6: changes role from      null to FOLLOWER at term 0 for startAsFollower
2019-09-26 09:57:16,339 [pool-27-thread-1] INFO  impl.RoleInfo (RoleInfo.java:updateAndGet(143)) - 968d325c-530f-4bc5-8752-bd3f3c0aff18: start FollowerState
2019-09-26 09:57:16,339 [pool-27-thread-1] INFO  util.JmxRegister (JmxRegister.java:tryRegister(44)) - Successfully registered JMX Bean with object name Ratis:service=RaftServer,group=group-4FE2405BACB6,id=968d325c-530f-4bc5-8752-bd3f3c0aff18
2019-09-26 09:57:16,344 [RatisPipelineUtilsThread] INFO  pipeline.PipelineStateManager (PipelineStateManager.java:addPipeline(56)) - Created pipeline Pipeline[ Id: 8db4257f-c692-4bb6-a03c-4fe2405bacb6, Nodes: 968d325c-530f-4bc5-8752-bd3f3c0aff18{ip: 192.168.30.13, host: pr-hdds-1569-wvzgm-824869521, networkLocation: /default-rack, certSerialId: null}, Type:RATIS, Factor:ONE, State:OPEN]
2019-09-26 09:57:16,353 [grpc-default-executor-0] INFO  impl.RaftServerProxy (RaftServerProxy.java:addNew(89)) - 968d325c-530f-4bc5-8752-bd3f3c0aff18: addNew group-C18131AB023F:[968d325c-530f-4bc5-8752-bd3f3c0aff18:192.168.30.13:43732] returns group-C18131AB023F:java.util.concurrent.CompletableFuture@1fe5eafd[Not completed]
2019-09-26 09:57:16,354 [pool-27-thread-1] INFO  impl.RaftServerImpl (RaftServerImpl.java:<init>(95)) - 968d325c-530f-4bc5-8752-bd3f3c0aff18: new RaftServerImpl for group-C18131AB023F:[968d325c-530f-4bc5-8752-bd3f3c0aff18:192.168.30.13:43732] with ContainerStateMachine:uninitialized
2019-09-26 09:57:16,354 [pool-27-thread-1] INFO  server.RaftServerConfigKeys (ConfUtils.java:logGet(43)) - raft.server.rpc.timeout.min = 5s (custom)
2019-09-26 09:57:16,354 [pool-27-thread-1] INFO  server.RaftServerConfigKeys (ConfUtils.java:logGet(43)) - raft.server.rpc.timeout.max = 5200ms (custom)
2019-09-26 09:57:16,354 [pool-27-thread-1] INFO  server.RaftServerConfigKeys (ConfUtils.java:logGet(43)) - raft.server.rpcslowness.timeout = 120s (custom)
2019-09-26 09:57:16,354 [pool-27-thread-1] INFO  server.RaftServerConfigKeys (ConfUtils.java:logGet(43)) - raft.server.sleep.deviation.threshold = 300 (default)
2019-09-26 09:57:16,354 [pool-27-thread-1] INFO  server.RaftServerConfigKeys (ConfUtils.java:logGet(43)) - raft.server.log.appender.install.snapshot.enabled = false (custom)
2019-09-26 09:57:16,354 [pool-27-thread-1] INFO  impl.RaftServerImpl (ServerState.java:<init>(103)) - 968d325c-530f-4bc5-8752-bd3f3c0aff18@group-C18131AB023F: ConfigurationManager, init=-1: [968d325c-530f-4bc5-8752-bd3f3c0aff18:192.168.30.13:43732], old=null, confs=<EMPTY_MAP>
2019-09-26 09:57:16,354 [pool-27-thread-1] INFO  server.RaftServerConfigKeys (ConfUtils.java:logGet(43)) - raft.server.storage.dir = [/workdir/hadoop-ozone/integration-test/target/test-dir/MiniOzoneClusterImpl-02a89373-ff67-4b13-ad11-60194c127517/datanode-0/data/ratis] (custom)
2019-09-26 09:57:16,355 [pool-27-thread-1] INFO  storage.RaftStorageDirectory (RaftStorageDirectory.java:analyzeStorage(246)) - The storage directory /workdir/hadoop-ozone/integration-test/target/test-dir/MiniOzoneClusterImpl-02a89373-ff67-4b13-ad11-60194c127517/datanode-0/data/ratis/d87cf0d2-78e6-49e3-8718-c18131ab023f does not exist. Creating ...
2019-09-26 09:57:16,368 [pool-27-thread-1] INFO  storage.RaftStorageDirectory (RaftStorageDirectory.java:tryLock(328)) - Lock on /workdir/hadoop-ozone/integration-test/target/test-dir/MiniOzoneClusterImpl-02a89373-ff67-4b13-ad11-60194c127517/datanode-0/data/ratis/d87cf0d2-78e6-49e3-8718-c18131ab023f/in_use.lock acquired by nodename 19604@pr-hdds-1569-wvzgm-824869521
2019-09-26 09:57:16,380 [pool-27-thread-1] INFO  storage.RaftStorage (RaftStorage.java:format(72)) - Storage directory /workdir/hadoop-ozone/integration-test/target/test-dir/MiniOzoneClusterImpl-02a89373-ff67-4b13-ad11-60194c127517/datanode-0/data/ratis/d87cf0d2-78e6-49e3-8718-c18131ab023f has been successfully formatted.
2019-09-26 09:57:16,381 [pool-27-thread-1] INFO  ratis.ContainerStateMachine (ContainerStateMachine.java:loadSnapshot(230)) - group-C18131AB023F: The snapshot info is null. Setting the last applied indexto:(t:0, i:~)
2019-09-26 09:57:16,381 [pool-27-thread-1] INFO  server.RaftServerConfigKeys (ConfUtils.java:logGet(43)) - raft.server.notification.no-leader.timeout = 120s (custom)
2019-09-26 09:57:16,381 [pool-27-thread-1] INFO  server.RaftServerConfigKeys (ConfUtils.java:logGet(43)) - raft.server.log.use.memory = false (default)
2019-09-26 09:57:16,381 [pool-27-thread-1] INFO  server.RaftServerConfigKeys (ConfUtils.java:logGet(43)) - raft.server.log.purge.gap = 1000000 (custom)
2019-09-26 09:57:16,381 [pool-27-thread-1] INFO  server.RaftServerConfigKeys (ConfUtils.java:logGet(43)) - raft.server.log.appender.buffer.byte-limit = 33554432 (custom)
2019-09-26 09:57:16,381 [pool-27-thread-1] INFO  server.RaftServerConfigKeys (ConfUtils.java:logGet(43)) - raft.server.log.segment.size.max = 1048576 (custom)
2019-09-26 09:57:16,381 [pool-27-thread-1] INFO  server.RaftServerConfigKeys (ConfUtils.java:logGet(43)) - raft.server.log.segment.cache.num.max = 2 (custom)
2019-09-26 09:57:16,381 [pool-27-thread-1] INFO  segmented.SegmentedRaftLogWorker (SegmentedRaftLogWorker.java:<init>(172)) - new 968d325c-530f-4bc5-8752-bd3f3c0aff18@group-C18131AB023F-SegmentedRaftLogWorker for RaftStorage:Storage Directory /workdir/hadoop-ozone/integration-test/target/test-dir/MiniOzoneClusterImpl-02a89373-ff67-4b13-ad11-60194c127517/datanode-0/data/ratis/d87cf0d2-78e6-49e3-8718-c18131ab023f
2019-09-26 09:57:16,382 [pool-27-thread-1] INFO  server.RaftServerConfigKeys (ConfUtils.java:logGet(43)) - raft.server.log.queue.byte-limit = 2147483647 (custom)
2019-09-26 09:57:16,382 [pool-27-thread-1] INFO  server.RaftServerConfigKeys (ConfUtils.java:logGet(43)) - raft.server.log.queue.element-limit = 1024 (custom)
2019-09-26 09:57:16,382 [pool-27-thread-1] INFO  server.RaftServerConfigKeys (ConfUtils.java:logGet(43)) - raft.server.log.segment.size.max = 1048576 (custom)
2019-09-26 09:57:16,382 [pool-27-thread-1] INFO  server.RaftServerConfigKeys (ConfUtils.java:logGet(43)) - raft.server.log.preallocated.size = 16384 (custom)
2019-09-26 09:57:16,382 [pool-27-thread-1] INFO  server.RaftServerConfigKeys (ConfUtils.java:logGet(43)) - raft.server.log.write.buffer.size = 33554432 (custom)
2019-09-26 09:57:16,382 [pool-27-thread-1] INFO  server.RaftServerConfigKeys (ConfUtils.java:logGet(43)) - raft.server.log.force.sync.num = 128 (default)
2019-09-26 09:57:16,382 [pool-27-thread-1] INFO  server.RaftServerConfigKeys (ConfUtils.java:logGet(43)) - raft.server.log.statemachine.data.sync = true (default)
2019-09-26 09:57:16,382 [pool-27-thread-1] INFO  server.RaftServerConfigKeys (ConfUtils.java:logGet(43)) - raft.server.log.statemachine.data.sync.timeout = 10s (default)
2019-09-26 09:57:16,382 [pool-27-thread-1] INFO  server.RaftServerConfigKeys (ConfUtils.java:logGet(43)) - raft.server.log.statemachine.data.sync.timeout.retry = -1 (default)
2019-09-26 09:57:16,383 [pool-27-thread-1] INFO  server.RaftServerConfigKeys (ConfUtils.java:logGet(43)) - raft.server.log.statemachine.data.caching.enabled = true (custom)
2019-09-26 09:57:16,383 [pool-27-thread-1] INFO  segmented.SegmentedRaftLogWorker (SegmentedRaftLogWorker.java:lambda$new$0(132)) - 968d325c-530f-4bc5-8752-bd3f3c0aff18@group-C18131AB023F-SegmentedRaftLogWorker: flushIndex: setUnconditionally 0 -> -1
2019-09-26 09:57:16,383 [pool-27-thread-1] INFO  server.RaftServerConfigKeys (ConfUtils.java:logGet(43)) - raft.server.snapshot.auto.trigger.enabled = true (custom)
2019-09-26 09:57:16,383 [pool-27-thread-1] INFO  server.RaftServerConfigKeys (ConfUtils.java:logGet(43)) - raft.server.snapshot.auto.trigger.threshold = 10000 (custom)
2019-09-26 09:57:16,383 [pool-27-thread-1] INFO  server.RaftServerConfigKeys (ConfUtils.java:logGet(43)) - raft.server.snapshot.retention.num.files = 5 (custom)
2019-09-26 09:57:16,383 [pool-27-thread-1] INFO  server.RaftServerConfigKeys (ConfUtils.java:logGet(43)) - raft.server.retrycache.expirytime = 600000ms (custom)
2019-09-26 09:57:16,385 [pool-27-thread-1] INFO  impl.RaftServerImpl (RaftServerImpl.java:start(185)) - 968d325c-530f-4bc5-8752-bd3f3c0aff18@group-C18131AB023F: start as a follower, conf=-1: [968d325c-530f-4bc5-8752-bd3f3c0aff18:192.168.30.13:43732], old=null
2019-09-26 09:57:16,385 [pool-27-thread-1] INFO  impl.RaftServerImpl (RaftServerImpl.java:setRole(174)) - 968d325c-530f-4bc5-8752-bd3f3c0aff18@group-C18131AB023F: changes role from      null to FOLLOWER at term 0 for startAsFollower
2019-09-26 09:57:16,386 [pool-27-thread-1] INFO  impl.RoleInfo (RoleInfo.java:updateAndGet(143)) - 968d325c-530f-4bc5-8752-bd3f3c0aff18: start FollowerState
2019-09-26 09:57:16,386 [pool-27-thread-1] INFO  util.JmxRegister (JmxRegister.java:tryRegister(44)) - Successfully registered JMX Bean with object name Ratis:service=RaftServer,group=group-C18131AB023F,id=968d325c-530f-4bc5-8752-bd3f3c0aff18
2019-09-26 09:57:16,392 [RatisPipelineUtilsThread] INFO  pipeline.PipelineStateManager (PipelineStateManager.java:addPipeline(56)) - Created pipeline Pipeline[ Id: d87cf0d2-78e6-49e3-8718-c18131ab023f, Nodes: 968d325c-530f-4bc5-8752-bd3f3c0aff18{ip: 192.168.30.13, host: pr-hdds-1569-wvzgm-824869521, networkLocation: /default-rack, certSerialId: null}, Type:RATIS, Factor:ONE, State:OPEN]
2019-09-26 09:57:16,400 [grpc-default-executor-0] INFO  impl.RaftServerProxy (RaftServerProxy.java:addNew(89)) - 4c024347-3506-43a2-ab40-8471edec8541: addNew group-991043999F97:[4c024347-3506-43a2-ab40-8471edec8541:192.168.30.13:39922] returns group-991043999F97:java.util.concurrent.CompletableFuture@54ecf11[Not completed]
2019-09-26 09:57:16,401 [pool-67-thread-1] INFO  impl.RaftServerImpl (RaftServerImpl.java:<init>(95)) - 4c024347-3506-43a2-ab40-8471edec8541: new RaftServerImpl for group-991043999F97:[4c024347-3506-43a2-ab40-8471edec8541:192.168.30.13:39922] with ContainerStateMachine:uninitialized
2019-09-26 09:57:16,401 [pool-67-thread-1] INFO  server.RaftServerConfigKeys (ConfUtils.java:logGet(43)) - raft.server.rpc.timeout.min = 5s (custom)
2019-09-26 09:57:16,401 [pool-67-thread-1] INFO  server.RaftServerConfigKeys (ConfUtils.java:logGet(43)) - raft.server.rpc.timeout.max = 5200ms (custom)
2019-09-26 09:57:16,401 [pool-67-thread-1] INFO  server.RaftServerConfigKeys (ConfUtils.java:logGet(43)) - raft.server.rpcslowness.timeout = 120s (custom)
2019-09-26 09:57:16,402 [pool-67-thread-1] INFO  server.RaftServerConfigKeys (ConfUtils.java:logGet(43)) - raft.server.sleep.deviation.threshold = 300 (default)
2019-09-26 09:57:16,402 [pool-67-thread-1] INFO  server.RaftServerConfigKeys (ConfUtils.java:logGet(43)) - raft.server.log.appender.install.snapshot.enabled = false (custom)
2019-09-26 09:57:16,402 [pool-67-thread-1] INFO  impl.RaftServerImpl (ServerState.java:<init>(103)) - 4c024347-3506-43a2-ab40-8471edec8541@group-991043999F97: ConfigurationManager, init=-1: [4c024347-3506-43a2-ab40-8471edec8541:192.168.30.13:39922], old=null, confs=<EMPTY_MAP>
2019-09-26 09:57:16,402 [pool-67-thread-1] INFO  server.RaftServerConfigKeys (ConfUtils.java:logGet(43)) - raft.server.storage.dir = [/workdir/hadoop-ozone/integration-test/target/test-dir/MiniOzoneClusterImpl-02a89373-ff67-4b13-ad11-60194c127517/datanode-4/data/ratis] (custom)
2019-09-26 09:57:16,402 [pool-67-thread-1] INFO  storage.RaftStorageDirectory (RaftStorageDirectory.java:analyzeStorage(246)) - The storage directory /workdir/hadoop-ozone/integration-test/target/test-dir/MiniOzoneClusterImpl-02a89373-ff67-4b13-ad11-60194c127517/datanode-4/data/ratis/51f99ccc-11f5-47ce-af74-991043999f97 does not exist. Creating ...
2019-09-26 09:57:16,416 [pool-67-thread-1] INFO  storage.RaftStorageDirectory (RaftStorageDirectory.java:tryLock(328)) - Lock on /workdir/hadoop-ozone/integration-test/target/test-dir/MiniOzoneClusterImpl-02a89373-ff67-4b13-ad11-60194c127517/datanode-4/data/ratis/51f99ccc-11f5-47ce-af74-991043999f97/in_use.lock acquired by nodename 19604@pr-hdds-1569-wvzgm-824869521
2019-09-26 09:57:16,431 [main] INFO  rpc.RpcClient (RpcClient.java:createVolume(276)) - Creating Volume: testblockoutputstream, with jenkins1000 as owner.
2019-09-26 09:57:16,432 [pool-67-thread-1] INFO  storage.RaftStorage (RaftStorage.java:format(72)) - Storage directory /workdir/hadoop-ozone/integration-test/target/test-dir/MiniOzoneClusterImpl-02a89373-ff67-4b13-ad11-60194c127517/datanode-4/data/ratis/51f99ccc-11f5-47ce-af74-991043999f97 has been successfully formatted.
2019-09-26 09:57:16,432 [pool-67-thread-1] INFO  ratis.ContainerStateMachine (ContainerStateMachine.java:loadSnapshot(230)) - group-991043999F97: The snapshot info is null. Setting the last applied indexto:(t:0, i:~)
2019-09-26 09:57:16,433 [pool-67-thread-1] INFO  server.RaftServerConfigKeys (ConfUtils.java:logGet(43)) - raft.server.notification.no-leader.timeout = 120s (custom)
2019-09-26 09:57:16,433 [pool-67-thread-1] INFO  server.RaftServerConfigKeys (ConfUtils.java:logGet(43)) - raft.server.log.use.memory = false (default)
2019-09-26 09:57:16,433 [pool-67-thread-1] INFO  server.RaftServerConfigKeys (ConfUtils.java:logGet(43)) - raft.server.log.purge.gap = 1000000 (custom)
2019-09-26 09:57:16,433 [pool-67-thread-1] INFO  server.RaftServerConfigKeys (ConfUtils.java:logGet(43)) - raft.server.log.appender.buffer.byte-limit = 33554432 (custom)
2019-09-26 09:57:16,433 [pool-67-thread-1] INFO  server.RaftServerConfigKeys (ConfUtils.java:logGet(43)) - raft.server.log.segment.size.max = 1048576 (custom)
2019-09-26 09:57:16,433 [pool-67-thread-1] INFO  server.RaftServerConfigKeys (ConfUtils.java:logGet(43)) - raft.server.log.segment.cache.num.max = 2 (custom)
2019-09-26 09:57:16,433 [pool-67-thread-1] INFO  segmented.SegmentedRaftLogWorker (SegmentedRaftLogWorker.java:<init>(172)) - new 4c024347-3506-43a2-ab40-8471edec8541@group-991043999F97-SegmentedRaftLogWorker for RaftStorage:Storage Directory /workdir/hadoop-ozone/integration-test/target/test-dir/MiniOzoneClusterImpl-02a89373-ff67-4b13-ad11-60194c127517/datanode-4/data/ratis/51f99ccc-11f5-47ce-af74-991043999f97
2019-09-26 09:57:16,434 [pool-67-thread-1] INFO  server.RaftServerConfigKeys (ConfUtils.java:logGet(43)) - raft.server.log.queue.byte-limit = 2147483647 (custom)
2019-09-26 09:57:16,434 [pool-67-thread-1] INFO  server.RaftServerConfigKeys (ConfUtils.java:logGet(43)) - raft.server.log.queue.element-limit = 1024 (custom)
2019-09-26 09:57:16,434 [pool-67-thread-1] INFO  server.RaftServerConfigKeys (ConfUtils.java:logGet(43)) - raft.server.log.segment.size.max = 1048576 (custom)
2019-09-26 09:57:16,434 [pool-67-thread-1] INFO  server.RaftServerConfigKeys (ConfUtils.java:logGet(43)) - raft.server.log.preallocated.size = 16384 (custom)
2019-09-26 09:57:16,434 [pool-67-thread-1] INFO  server.RaftServerConfigKeys (ConfUtils.java:logGet(43)) - raft.server.log.write.buffer.size = 33554432 (custom)
2019-09-26 09:57:16,435 [pool-67-thread-1] INFO  server.RaftServerConfigKeys (ConfUtils.java:logGet(43)) - raft.server.log.force.sync.num = 128 (default)
2019-09-26 09:57:16,435 [pool-67-thread-1] INFO  server.RaftServerConfigKeys (ConfUtils.java:logGet(43)) - raft.server.log.statemachine.data.sync = true (default)
2019-09-26 09:57:16,435 [pool-67-thread-1] INFO  server.RaftServerConfigKeys (ConfUtils.java:logGet(43)) - raft.server.log.statemachine.data.sync.timeout = 10s (default)
2019-09-26 09:57:16,435 [pool-67-thread-1] INFO  server.RaftServerConfigKeys (ConfUtils.java:logGet(43)) - raft.server.log.statemachine.data.sync.timeout.retry = -1 (default)
2019-09-26 09:57:16,435 [pool-67-thread-1] INFO  server.RaftServerConfigKeys (ConfUtils.java:logGet(43)) - raft.server.log.statemachine.data.caching.enabled = true (custom)
2019-09-26 09:57:16,436 [pool-67-thread-1] INFO  segmented.SegmentedRaftLogWorker (SegmentedRaftLogWorker.java:lambda$new$0(132)) - 4c024347-3506-43a2-ab40-8471edec8541@group-991043999F97-SegmentedRaftLogWorker: flushIndex: setUnconditionally 0 -> -1
2019-09-26 09:57:16,436 [pool-67-thread-1] INFO  server.RaftServerConfigKeys (ConfUtils.java:logGet(43)) - raft.server.snapshot.auto.trigger.enabled = true (custom)
2019-09-26 09:57:16,436 [pool-67-thread-1] INFO  server.RaftServerConfigKeys (ConfUtils.java:logGet(43)) - raft.server.snapshot.auto.trigger.threshold = 10000 (custom)
2019-09-26 09:57:16,436 [pool-67-thread-1] INFO  server.RaftServerConfigKeys (ConfUtils.java:logGet(43)) - raft.server.snapshot.retention.num.files = 5 (custom)
2019-09-26 09:57:16,436 [pool-67-thread-1] INFO  server.RaftServerConfigKeys (ConfUtils.java:logGet(43)) - raft.server.retrycache.expirytime = 600000ms (custom)
2019-09-26 09:57:16,451 [pool-67-thread-1] INFO  impl.RaftServerImpl (RaftServerImpl.java:start(185)) - 4c024347-3506-43a2-ab40-8471edec8541@group-991043999F97: start as a follower, conf=-1: [4c024347-3506-43a2-ab40-8471edec8541:192.168.30.13:39922], old=null
2019-09-26 09:57:16,451 [pool-67-thread-1] INFO  impl.RaftServerImpl (RaftServerImpl.java:setRole(174)) - 4c024347-3506-43a2-ab40-8471edec8541@group-991043999F97: changes role from      null to FOLLOWER at term 0 for startAsFollower
2019-09-26 09:57:16,452 [pool-67-thread-1] INFO  impl.RoleInfo (RoleInfo.java:updateAndGet(143)) - 4c024347-3506-43a2-ab40-8471edec8541: start FollowerState
2019-09-26 09:57:16,452 [pool-67-thread-1] INFO  util.JmxRegister (JmxRegister.java:tryRegister(44)) - Successfully registered JMX Bean with object name Ratis:service=RaftServer,group=group-991043999F97,id=4c024347-3506-43a2-ab40-8471edec8541
2019-09-26 09:57:16,457 [RatisPipelineUtilsThread] INFO  pipeline.PipelineStateManager (PipelineStateManager.java:addPipeline(56)) - Created pipeline Pipeline[ Id: 51f99ccc-11f5-47ce-af74-991043999f97, Nodes: 4c024347-3506-43a2-ab40-8471edec8541{ip: 192.168.30.13, host: pr-hdds-1569-wvzgm-824869521, networkLocation: /default-rack, certSerialId: null}, Type:RATIS, Factor:ONE, State:OPEN]
2019-09-26 09:57:16,469 [grpc-default-executor-0] INFO  impl.RaftServerProxy (RaftServerProxy.java:addNew(89)) - 9d66027e-d252-4dbd-9b93-1b4908d3cfc2: addNew group-354BD00D2338:[9d66027e-d252-4dbd-9b93-1b4908d3cfc2:192.168.30.13:37389] returns group-354BD00D2338:java.util.concurrent.CompletableFuture@10a4a710[Not completed]
2019-09-26 09:57:16,470 [pool-47-thread-1] INFO  impl.RaftServerImpl (RaftServerImpl.java:<init>(95)) - 9d66027e-d252-4dbd-9b93-1b4908d3cfc2: new RaftServerImpl for group-354BD00D2338:[9d66027e-d252-4dbd-9b93-1b4908d3cfc2:192.168.30.13:37389] with ContainerStateMachine:uninitialized
2019-09-26 09:57:16,471 [pool-47-thread-1] INFO  server.RaftServerConfigKeys (ConfUtils.java:logGet(43)) - raft.server.rpc.timeout.min = 5s (custom)
2019-09-26 09:57:16,471 [pool-47-thread-1] INFO  server.RaftServerConfigKeys (ConfUtils.java:logGet(43)) - raft.server.rpc.timeout.max = 5200ms (custom)
2019-09-26 09:57:16,471 [pool-47-thread-1] INFO  server.RaftServerConfigKeys (ConfUtils.java:logGet(43)) - raft.server.rpcslowness.timeout = 120s (custom)
2019-09-26 09:57:16,471 [pool-47-thread-1] INFO  server.RaftServerConfigKeys (ConfUtils.java:logGet(43)) - raft.server.sleep.deviation.threshold = 300 (default)
2019-09-26 09:57:16,471 [pool-47-thread-1] INFO  server.RaftServerConfigKeys (ConfUtils.java:logGet(43)) - raft.server.log.appender.install.snapshot.enabled = false (custom)
2019-09-26 09:57:16,471 [pool-47-thread-1] INFO  impl.RaftServerImpl (ServerState.java:<init>(103)) - 9d66027e-d252-4dbd-9b93-1b4908d3cfc2@group-354BD00D2338: ConfigurationManager, init=-1: [9d66027e-d252-4dbd-9b93-1b4908d3cfc2:192.168.30.13:37389], old=null, confs=<EMPTY_MAP>
2019-09-26 09:57:16,471 [pool-47-thread-1] INFO  server.RaftServerConfigKeys (ConfUtils.java:logGet(43)) - raft.server.storage.dir = [/workdir/hadoop-ozone/integration-test/target/test-dir/MiniOzoneClusterImpl-02a89373-ff67-4b13-ad11-60194c127517/datanode-2/data/ratis] (custom)
2019-09-26 09:57:16,472 [pool-47-thread-1] INFO  storage.RaftStorageDirectory (RaftStorageDirectory.java:analyzeStorage(246)) - The storage directory /workdir/hadoop-ozone/integration-test/target/test-dir/MiniOzoneClusterImpl-02a89373-ff67-4b13-ad11-60194c127517/datanode-2/data/ratis/d3338628-e7d4-4d62-ae2f-354bd00d2338 does not exist. Creating ...
2019-09-26 09:57:16,474 [pool-47-thread-1] INFO  storage.RaftStorageDirectory (RaftStorageDirectory.java:tryLock(328)) - Lock on /workdir/hadoop-ozone/integration-test/target/test-dir/MiniOzoneClusterImpl-02a89373-ff67-4b13-ad11-60194c127517/datanode-2/data/ratis/d3338628-e7d4-4d62-ae2f-354bd00d2338/in_use.lock acquired by nodename 19604@pr-hdds-1569-wvzgm-824869521
2019-09-26 09:57:16,489 [pool-47-thread-1] INFO  storage.RaftStorage (RaftStorage.java:format(72)) - Storage directory /workdir/hadoop-ozone/integration-test/target/test-dir/MiniOzoneClusterImpl-02a89373-ff67-4b13-ad11-60194c127517/datanode-2/data/ratis/d3338628-e7d4-4d62-ae2f-354bd00d2338 has been successfully formatted.
2019-09-26 09:57:16,489 [pool-47-thread-1] INFO  ratis.ContainerStateMachine (ContainerStateMachine.java:loadSnapshot(230)) - group-354BD00D2338: The snapshot info is null. Setting the last applied indexto:(t:0, i:~)
2019-09-26 09:57:16,489 [pool-47-thread-1] INFO  server.RaftServerConfigKeys (ConfUtils.java:logGet(43)) - raft.server.notification.no-leader.timeout = 120s (custom)
2019-09-26 09:57:16,489 [pool-47-thread-1] INFO  server.RaftServerConfigKeys (ConfUtils.java:logGet(43)) - raft.server.log.use.memory = false (default)
2019-09-26 09:57:16,489 [pool-47-thread-1] INFO  server.RaftServerConfigKeys (ConfUtils.java:logGet(43)) - raft.server.log.purge.gap = 1000000 (custom)
2019-09-26 09:57:16,489 [pool-47-thread-1] INFO  server.RaftServerConfigKeys (ConfUtils.java:logGet(43)) - raft.server.log.appender.buffer.byte-limit = 33554432 (custom)
2019-09-26 09:57:16,490 [pool-47-thread-1] INFO  server.RaftServerConfigKeys (ConfUtils.java:logGet(43)) - raft.server.log.segment.size.max = 1048576 (custom)
2019-09-26 09:57:16,490 [pool-47-thread-1] INFO  server.RaftServerConfigKeys (ConfUtils.java:logGet(43)) - raft.server.log.segment.cache.num.max = 2 (custom)
2019-09-26 09:57:16,490 [pool-47-thread-1] INFO  segmented.SegmentedRaftLogWorker (SegmentedRaftLogWorker.java:<init>(172)) - new 9d66027e-d252-4dbd-9b93-1b4908d3cfc2@group-354BD00D2338-SegmentedRaftLogWorker for RaftStorage:Storage Directory /workdir/hadoop-ozone/integration-test/target/test-dir/MiniOzoneClusterImpl-02a89373-ff67-4b13-ad11-60194c127517/datanode-2/data/ratis/d3338628-e7d4-4d62-ae2f-354bd00d2338
2019-09-26 09:57:16,490 [pool-47-thread-1] INFO  server.RaftServerConfigKeys (ConfUtils.java:logGet(43)) - raft.server.log.queue.byte-limit = 2147483647 (custom)
2019-09-26 09:57:16,490 [pool-47-thread-1] INFO  server.RaftServerConfigKeys (ConfUtils.java:logGet(43)) - raft.server.log.queue.element-limit = 1024 (custom)
2019-09-26 09:57:16,490 [pool-47-thread-1] INFO  server.RaftServerConfigKeys (ConfUtils.java:logGet(43)) - raft.server.log.segment.size.max = 1048576 (custom)
2019-09-26 09:57:16,490 [pool-47-thread-1] INFO  server.RaftServerConfigKeys (ConfUtils.java:logGet(43)) - raft.server.log.preallocated.size = 16384 (custom)
2019-09-26 09:57:16,490 [pool-47-thread-1] INFO  server.RaftServerConfigKeys (ConfUtils.java:logGet(43)) - raft.server.log.write.buffer.size = 33554432 (custom)
2019-09-26 09:57:16,491 [pool-47-thread-1] INFO  server.RaftServerConfigKeys (ConfUtils.java:logGet(43)) - raft.server.log.force.sync.num = 128 (default)
2019-09-26 09:57:16,491 [pool-47-thread-1] INFO  server.RaftServerConfigKeys (ConfUtils.java:logGet(43)) - raft.server.log.statemachine.data.sync = true (default)
2019-09-26 09:57:16,491 [pool-47-thread-1] INFO  server.RaftServerConfigKeys (ConfUtils.java:logGet(43)) - raft.server.log.statemachine.data.sync.timeout = 10s (default)
2019-09-26 09:57:16,491 [pool-47-thread-1] INFO  server.RaftServerConfigKeys (ConfUtils.java:logGet(43)) - raft.server.log.statemachine.data.sync.timeout.retry = -1 (default)
2019-09-26 09:57:16,491 [pool-47-thread-1] INFO  server.RaftServerConfigKeys (ConfUtils.java:logGet(43)) - raft.server.log.statemachine.data.caching.enabled = true (custom)
2019-09-26 09:57:16,491 [pool-47-thread-1] INFO  segmented.SegmentedRaftLogWorker (SegmentedRaftLogWorker.java:lambda$new$0(132)) - 9d66027e-d252-4dbd-9b93-1b4908d3cfc2@group-354BD00D2338-SegmentedRaftLogWorker: flushIndex: setUnconditionally 0 -> -1
2019-09-26 09:57:16,492 [pool-47-thread-1] INFO  server.RaftServerConfigKeys (ConfUtils.java:logGet(43)) - raft.server.snapshot.auto.trigger.enabled = true (custom)
2019-09-26 09:57:16,492 [pool-47-thread-1] INFO  server.RaftServerConfigKeys (ConfUtils.java:logGet(43)) - raft.server.snapshot.auto.trigger.threshold = 10000 (custom)
2019-09-26 09:57:16,492 [pool-47-thread-1] INFO  server.RaftServerConfigKeys (ConfUtils.java:logGet(43)) - raft.server.snapshot.retention.num.files = 5 (custom)
2019-09-26 09:57:16,492 [pool-47-thread-1] INFO  server.RaftServerConfigKeys (ConfUtils.java:logGet(43)) - raft.server.retrycache.expirytime = 600000ms (custom)
2019-09-26 09:57:16,494 [pool-47-thread-1] INFO  impl.RaftServerImpl (RaftServerImpl.java:start(185)) - 9d66027e-d252-4dbd-9b93-1b4908d3cfc2@group-354BD00D2338: start as a follower, conf=-1: [9d66027e-d252-4dbd-9b93-1b4908d3cfc2:192.168.30.13:37389], old=null
2019-09-26 09:57:16,495 [pool-47-thread-1] INFO  impl.RaftServerImpl (RaftServerImpl.java:setRole(174)) - 9d66027e-d252-4dbd-9b93-1b4908d3cfc2@group-354BD00D2338: changes role from      null to FOLLOWER at term 0 for startAsFollower
2019-09-26 09:57:16,495 [pool-47-thread-1] INFO  impl.RoleInfo (RoleInfo.java:updateAndGet(143)) - 9d66027e-d252-4dbd-9b93-1b4908d3cfc2: start FollowerState
2019-09-26 09:57:16,495 [pool-47-thread-1] INFO  util.JmxRegister (JmxRegister.java:tryRegister(44)) - Successfully registered JMX Bean with object name Ratis:service=RaftServer,group=group-354BD00D2338,id=9d66027e-d252-4dbd-9b93-1b4908d3cfc2
2019-09-26 09:57:16,501 [RatisPipelineUtilsThread] INFO  pipeline.PipelineStateManager (PipelineStateManager.java:addPipeline(56)) - Created pipeline Pipeline[ Id: d3338628-e7d4-4d62-ae2f-354bd00d2338, Nodes: 9d66027e-d252-4dbd-9b93-1b4908d3cfc2{ip: 192.168.30.13, host: pr-hdds-1569-wvzgm-824869521, networkLocation: /default-rack, certSerialId: null}, Type:RATIS, Factor:ONE, State:OPEN]
2019-09-26 09:57:16,501 [RatisPipelineUtilsThread] INFO  pipeline.PipelinePlacementPolicy (PipelinePlacementPolicy.java:meetCriteria(91)) - Pipeline Placement: can't place more pipeline on heavy datanode： 9d66027e-d252-4dbd-9b93-1b4908d3cfc2 Heaviness: 6 limit: 5
2019-09-26 09:57:16,510 [grpc-default-executor-0] INFO  impl.RaftServerProxy (RaftServerProxy.java:addNew(89)) - 62a5622f-7436-420d-b3aa-8ce684692afe: addNew group-E284D42F8C25:[62a5622f-7436-420d-b3aa-8ce684692afe:192.168.30.13:44970] returns group-E284D42F8C25:java.util.concurrent.CompletableFuture@1aabf1ec[Not completed]
2019-09-26 09:57:16,512 [pool-57-thread-1] INFO  impl.RaftServerImpl (RaftServerImpl.java:<init>(95)) - 62a5622f-7436-420d-b3aa-8ce684692afe: new RaftServerImpl for group-E284D42F8C25:[62a5622f-7436-420d-b3aa-8ce684692afe:192.168.30.13:44970] with ContainerStateMachine:uninitialized
2019-09-26 09:57:16,512 [pool-57-thread-1] INFO  server.RaftServerConfigKeys (ConfUtils.java:logGet(43)) - raft.server.rpc.timeout.min = 5s (custom)
2019-09-26 09:57:16,512 [pool-57-thread-1] INFO  server.RaftServerConfigKeys (ConfUtils.java:logGet(43)) - raft.server.rpc.timeout.max = 5200ms (custom)
2019-09-26 09:57:16,512 [pool-57-thread-1] INFO  server.RaftServerConfigKeys (ConfUtils.java:logGet(43)) - raft.server.rpcslowness.timeout = 120s (custom)
2019-09-26 09:57:16,512 [pool-57-thread-1] INFO  server.RaftServerConfigKeys (ConfUtils.java:logGet(43)) - raft.server.sleep.deviation.threshold = 300 (default)
2019-09-26 09:57:16,512 [pool-57-thread-1] INFO  server.RaftServerConfigKeys (ConfUtils.java:logGet(43)) - raft.server.log.appender.install.snapshot.enabled = false (custom)
2019-09-26 09:57:16,512 [pool-57-thread-1] INFO  impl.RaftServerImpl (ServerState.java:<init>(103)) - 62a5622f-7436-420d-b3aa-8ce684692afe@group-E284D42F8C25: ConfigurationManager, init=-1: [62a5622f-7436-420d-b3aa-8ce684692afe:192.168.30.13:44970], old=null, confs=<EMPTY_MAP>
2019-09-26 09:57:16,512 [pool-57-thread-1] INFO  server.RaftServerConfigKeys (ConfUtils.java:logGet(43)) - raft.server.storage.dir = [/workdir/hadoop-ozone/integration-test/target/test-dir/MiniOzoneClusterImpl-02a89373-ff67-4b13-ad11-60194c127517/datanode-3/data/ratis] (custom)
2019-09-26 09:57:16,513 [pool-57-thread-1] INFO  storage.RaftStorageDirectory (RaftStorageDirectory.java:analyzeStorage(246)) - The storage directory /workdir/hadoop-ozone/integration-test/target/test-dir/MiniOzoneClusterImpl-02a89373-ff67-4b13-ad11-60194c127517/datanode-3/data/ratis/78d8816a-9c43-4954-a343-e284d42f8c25 does not exist. Creating ...
2019-09-26 09:57:16,532 [pool-57-thread-1] INFO  storage.RaftStorageDirectory (RaftStorageDirectory.java:tryLock(328)) - Lock on /workdir/hadoop-ozone/integration-test/target/test-dir/MiniOzoneClusterImpl-02a89373-ff67-4b13-ad11-60194c127517/datanode-3/data/ratis/78d8816a-9c43-4954-a343-e284d42f8c25/in_use.lock acquired by nodename 19604@pr-hdds-1569-wvzgm-824869521
2019-09-26 09:57:16,536 [pool-57-thread-1] INFO  storage.RaftStorage (RaftStorage.java:format(72)) - Storage directory /workdir/hadoop-ozone/integration-test/target/test-dir/MiniOzoneClusterImpl-02a89373-ff67-4b13-ad11-60194c127517/datanode-3/data/ratis/78d8816a-9c43-4954-a343-e284d42f8c25 has been successfully formatted.
2019-09-26 09:57:16,537 [pool-57-thread-1] INFO  ratis.ContainerStateMachine (ContainerStateMachine.java:loadSnapshot(230)) - group-E284D42F8C25: The snapshot info is null. Setting the last applied indexto:(t:0, i:~)
2019-09-26 09:57:16,537 [pool-57-thread-1] INFO  server.RaftServerConfigKeys (ConfUtils.java:logGet(43)) - raft.server.notification.no-leader.timeout = 120s (custom)
2019-09-26 09:57:16,537 [pool-57-thread-1] INFO  server.RaftServerConfigKeys (ConfUtils.java:logGet(43)) - raft.server.log.use.memory = false (default)
2019-09-26 09:57:16,537 [pool-57-thread-1] INFO  server.RaftServerConfigKeys (ConfUtils.java:logGet(43)) - raft.server.log.purge.gap = 1000000 (custom)
2019-09-26 09:57:16,537 [pool-57-thread-1] INFO  server.RaftServerConfigKeys (ConfUtils.java:logGet(43)) - raft.server.log.appender.buffer.byte-limit = 33554432 (custom)
2019-09-26 09:57:16,538 [pool-57-thread-1] INFO  server.RaftServerConfigKeys (ConfUtils.java:logGet(43)) - raft.server.log.segment.size.max = 1048576 (custom)
2019-09-26 09:57:16,538 [pool-57-thread-1] INFO  server.RaftServerConfigKeys (ConfUtils.java:logGet(43)) - raft.server.log.segment.cache.num.max = 2 (custom)
2019-09-26 09:57:16,538 [pool-57-thread-1] INFO  segmented.SegmentedRaftLogWorker (SegmentedRaftLogWorker.java:<init>(172)) - new 62a5622f-7436-420d-b3aa-8ce684692afe@group-E284D42F8C25-SegmentedRaftLogWorker for RaftStorage:Storage Directory /workdir/hadoop-ozone/integration-test/target/test-dir/MiniOzoneClusterImpl-02a89373-ff67-4b13-ad11-60194c127517/datanode-3/data/ratis/78d8816a-9c43-4954-a343-e284d42f8c25
2019-09-26 09:57:16,538 [pool-57-thread-1] INFO  server.RaftServerConfigKeys (ConfUtils.java:logGet(43)) - raft.server.log.queue.byte-limit = 2147483647 (custom)
2019-09-26 09:57:16,538 [pool-57-thread-1] INFO  server.RaftServerConfigKeys (ConfUtils.java:logGet(43)) - raft.server.log.queue.element-limit = 1024 (custom)
2019-09-26 09:57:16,538 [pool-57-thread-1] INFO  server.RaftServerConfigKeys (ConfUtils.java:logGet(43)) - raft.server.log.segment.size.max = 1048576 (custom)
2019-09-26 09:57:16,538 [pool-57-thread-1] INFO  server.RaftServerConfigKeys (ConfUtils.java:logGet(43)) - raft.server.log.preallocated.size = 16384 (custom)
2019-09-26 09:57:16,538 [pool-57-thread-1] INFO  server.RaftServerConfigKeys (ConfUtils.java:logGet(43)) - raft.server.log.write.buffer.size = 33554432 (custom)
2019-09-26 09:57:16,539 [pool-57-thread-1] INFO  server.RaftServerConfigKeys (ConfUtils.java:logGet(43)) - raft.server.log.force.sync.num = 128 (default)
2019-09-26 09:57:16,542 [pool-57-thread-1] INFO  server.RaftServerConfigKeys (ConfUtils.java:logGet(43)) - raft.server.log.statemachine.data.sync = true (default)
2019-09-26 09:57:16,542 [pool-57-thread-1] INFO  server.RaftServerConfigKeys (ConfUtils.java:logGet(43)) - raft.server.log.statemachine.data.sync.timeout = 10s (default)
2019-09-26 09:57:16,542 [pool-57-thread-1] INFO  server.RaftServerConfigKeys (ConfUtils.java:logGet(43)) - raft.server.log.statemachine.data.sync.timeout.retry = -1 (default)
2019-09-26 09:57:16,542 [pool-57-thread-1] INFO  server.RaftServerConfigKeys (ConfUtils.java:logGet(43)) - raft.server.log.statemachine.data.caching.enabled = true (custom)
2019-09-26 09:57:16,542 [pool-57-thread-1] INFO  segmented.SegmentedRaftLogWorker (SegmentedRaftLogWorker.java:lambda$new$0(132)) - 62a5622f-7436-420d-b3aa-8ce684692afe@group-E284D42F8C25-SegmentedRaftLogWorker: flushIndex: setUnconditionally 0 -> -1
2019-09-26 09:57:16,543 [pool-57-thread-1] INFO  server.RaftServerConfigKeys (ConfUtils.java:logGet(43)) - raft.server.snapshot.auto.trigger.enabled = true (custom)
2019-09-26 09:57:16,543 [pool-57-thread-1] INFO  server.RaftServerConfigKeys (ConfUtils.java:logGet(43)) - raft.server.snapshot.auto.trigger.threshold = 10000 (custom)
2019-09-26 09:57:16,543 [pool-57-thread-1] INFO  server.RaftServerConfigKeys (ConfUtils.java:logGet(43)) - raft.server.snapshot.retention.num.files = 5 (custom)
2019-09-26 09:57:16,543 [pool-57-thread-1] INFO  server.RaftServerConfigKeys (ConfUtils.java:logGet(43)) - raft.server.retrycache.expirytime = 600000ms (custom)
2019-09-26 09:57:16,545 [pool-57-thread-1] INFO  impl.RaftServerImpl (RaftServerImpl.java:start(185)) - 62a5622f-7436-420d-b3aa-8ce684692afe@group-E284D42F8C25: start as a follower, conf=-1: [62a5622f-7436-420d-b3aa-8ce684692afe:192.168.30.13:44970], old=null
2019-09-26 09:57:16,546 [pool-57-thread-1] INFO  impl.RaftServerImpl (RaftServerImpl.java:setRole(174)) - 62a5622f-7436-420d-b3aa-8ce684692afe@group-E284D42F8C25: changes role from      null to FOLLOWER at term 0 for startAsFollower
2019-09-26 09:57:16,546 [pool-57-thread-1] INFO  impl.RoleInfo (RoleInfo.java:updateAndGet(143)) - 62a5622f-7436-420d-b3aa-8ce684692afe: start FollowerState
2019-09-26 09:57:16,546 [pool-57-thread-1] INFO  util.JmxRegister (JmxRegister.java:tryRegister(44)) - Successfully registered JMX Bean with object name Ratis:service=RaftServer,group=group-E284D42F8C25,id=62a5622f-7436-420d-b3aa-8ce684692afe
2019-09-26 09:57:16,551 [RatisPipelineUtilsThread] INFO  pipeline.PipelineStateManager (PipelineStateManager.java:addPipeline(56)) - Created pipeline Pipeline[ Id: 78d8816a-9c43-4954-a343-e284d42f8c25, Nodes: 62a5622f-7436-420d-b3aa-8ce684692afe{ip: 192.168.30.13, host: pr-hdds-1569-wvzgm-824869521, networkLocation: /default-rack, certSerialId: null}, Type:RATIS, Factor:ONE, State:OPEN]
2019-09-26 09:57:16,552 [RatisPipelineUtilsThread] INFO  pipeline.PipelinePlacementPolicy (PipelinePlacementPolicy.java:meetCriteria(91)) - Pipeline Placement: can't place more pipeline on heavy datanode： 62a5622f-7436-420d-b3aa-8ce684692afe Heaviness: 6 limit: 5
2019-09-26 09:57:16,552 [RatisPipelineUtilsThread] INFO  pipeline.PipelinePlacementPolicy (PipelinePlacementPolicy.java:meetCriteria(91)) - Pipeline Placement: can't place more pipeline on heavy datanode： 9d66027e-d252-4dbd-9b93-1b4908d3cfc2 Heaviness: 6 limit: 5
2019-09-26 09:57:16,558 [IPC Server handler 14 on 45450] INFO  volume.OMVolumeCreateRequest (OMVolumeCreateRequest.java:validateAndUpdateCache(189)) - created volume:testblockoutputstream for user:jenkins1000
2019-09-26 09:57:16,631 [grpc-default-executor-0] INFO  impl.RaftServerProxy (RaftServerProxy.java:addNew(89)) - c0fe0384-ccc2-43dc-b812-8c8a482d02e6: addNew group-E5C27A539DD4:[c0fe0384-ccc2-43dc-b812-8c8a482d02e6:192.168.30.13:34767] returns group-E5C27A539DD4:java.util.concurrent.CompletableFuture@3fabbaee[Not completed]
2019-09-26 09:57:16,636 [pool-37-thread-1] INFO  impl.RaftServerImpl (RaftServerImpl.java:<init>(95)) - c0fe0384-ccc2-43dc-b812-8c8a482d02e6: new RaftServerImpl for group-E5C27A539DD4:[c0fe0384-ccc2-43dc-b812-8c8a482d02e6:192.168.30.13:34767] with ContainerStateMachine:uninitialized
2019-09-26 09:57:16,637 [pool-37-thread-1] INFO  server.RaftServerConfigKeys (ConfUtils.java:logGet(43)) - raft.server.rpc.timeout.min = 5s (custom)
2019-09-26 09:57:16,637 [pool-37-thread-1] INFO  server.RaftServerConfigKeys (ConfUtils.java:logGet(43)) - raft.server.rpc.timeout.max = 5200ms (custom)
2019-09-26 09:57:16,637 [pool-37-thread-1] INFO  server.RaftServerConfigKeys (ConfUtils.java:logGet(43)) - raft.server.rpcslowness.timeout = 120s (custom)
2019-09-26 09:57:16,637 [pool-37-thread-1] INFO  server.RaftServerConfigKeys (ConfUtils.java:logGet(43)) - raft.server.sleep.deviation.threshold = 300 (default)
2019-09-26 09:57:16,637 [pool-37-thread-1] INFO  server.RaftServerConfigKeys (ConfUtils.java:logGet(43)) - raft.server.log.appender.install.snapshot.enabled = false (custom)
2019-09-26 09:57:16,637 [pool-37-thread-1] INFO  impl.RaftServerImpl (ServerState.java:<init>(103)) - c0fe0384-ccc2-43dc-b812-8c8a482d02e6@group-E5C27A539DD4: ConfigurationManager, init=-1: [c0fe0384-ccc2-43dc-b812-8c8a482d02e6:192.168.30.13:34767], old=null, confs=<EMPTY_MAP>
2019-09-26 09:57:16,637 [pool-37-thread-1] INFO  server.RaftServerConfigKeys (ConfUtils.java:logGet(43)) - raft.server.storage.dir = [/workdir/hadoop-ozone/integration-test/target/test-dir/MiniOzoneClusterImpl-02a89373-ff67-4b13-ad11-60194c127517/datanode-1/data/ratis] (custom)
2019-09-26 09:57:16,638 [pool-37-thread-1] INFO  storage.RaftStorageDirectory (RaftStorageDirectory.java:analyzeStorage(246)) - The storage directory /workdir/hadoop-ozone/integration-test/target/test-dir/MiniOzoneClusterImpl-02a89373-ff67-4b13-ad11-60194c127517/datanode-1/data/ratis/7a09b87d-0db2-4bbe-a238-e5c27a539dd4 does not exist. Creating ...
2019-09-26 09:57:16,647 [pool-37-thread-1] INFO  storage.RaftStorageDirectory (RaftStorageDirectory.java:tryLock(328)) - Lock on /workdir/hadoop-ozone/integration-test/target/test-dir/MiniOzoneClusterImpl-02a89373-ff67-4b13-ad11-60194c127517/datanode-1/data/ratis/7a09b87d-0db2-4bbe-a238-e5c27a539dd4/in_use.lock acquired by nodename 19604@pr-hdds-1569-wvzgm-824869521
2019-09-26 09:57:16,664 [pool-37-thread-1] INFO  storage.RaftStorage (RaftStorage.java:format(72)) - Storage directory /workdir/hadoop-ozone/integration-test/target/test-dir/MiniOzoneClusterImpl-02a89373-ff67-4b13-ad11-60194c127517/datanode-1/data/ratis/7a09b87d-0db2-4bbe-a238-e5c27a539dd4 has been successfully formatted.
2019-09-26 09:57:16,681 [pool-37-thread-1] INFO  ratis.ContainerStateMachine (ContainerStateMachine.java:loadSnapshot(230)) - group-E5C27A539DD4: The snapshot info is null. Setting the last applied indexto:(t:0, i:~)
2019-09-26 09:57:16,682 [pool-37-thread-1] INFO  server.RaftServerConfigKeys (ConfUtils.java:logGet(43)) - raft.server.notification.no-leader.timeout = 120s (custom)
2019-09-26 09:57:16,682 [pool-37-thread-1] INFO  server.RaftServerConfigKeys (ConfUtils.java:logGet(43)) - raft.server.log.use.memory = false (default)
2019-09-26 09:57:16,682 [pool-37-thread-1] INFO  server.RaftServerConfigKeys (ConfUtils.java:logGet(43)) - raft.server.log.purge.gap = 1000000 (custom)
2019-09-26 09:57:16,682 [pool-37-thread-1] INFO  server.RaftServerConfigKeys (ConfUtils.java:logGet(43)) - raft.server.log.appender.buffer.byte-limit = 33554432 (custom)
2019-09-26 09:57:16,683 [pool-37-thread-1] INFO  server.RaftServerConfigKeys (ConfUtils.java:logGet(43)) - raft.server.log.segment.size.max = 1048576 (custom)
2019-09-26 09:57:16,683 [pool-37-thread-1] INFO  server.RaftServerConfigKeys (ConfUtils.java:logGet(43)) - raft.server.log.segment.cache.num.max = 2 (custom)
2019-09-26 09:57:16,683 [pool-37-thread-1] INFO  segmented.SegmentedRaftLogWorker (SegmentedRaftLogWorker.java:<init>(172)) - new c0fe0384-ccc2-43dc-b812-8c8a482d02e6@group-E5C27A539DD4-SegmentedRaftLogWorker for RaftStorage:Storage Directory /workdir/hadoop-ozone/integration-test/target/test-dir/MiniOzoneClusterImpl-02a89373-ff67-4b13-ad11-60194c127517/datanode-1/data/ratis/7a09b87d-0db2-4bbe-a238-e5c27a539dd4
2019-09-26 09:57:16,683 [pool-37-thread-1] INFO  server.RaftServerConfigKeys (ConfUtils.java:logGet(43)) - raft.server.log.queue.byte-limit = 2147483647 (custom)
2019-09-26 09:57:16,683 [pool-37-thread-1] INFO  server.RaftServerConfigKeys (ConfUtils.java:logGet(43)) - raft.server.log.queue.element-limit = 1024 (custom)
2019-09-26 09:57:16,683 [pool-37-thread-1] INFO  server.RaftServerConfigKeys (ConfUtils.java:logGet(43)) - raft.server.log.segment.size.max = 1048576 (custom)
2019-09-26 09:57:16,683 [pool-37-thread-1] INFO  server.RaftServerConfigKeys (ConfUtils.java:logGet(43)) - raft.server.log.preallocated.size = 16384 (custom)
2019-09-26 09:57:16,683 [pool-37-thread-1] INFO  server.RaftServerConfigKeys (ConfUtils.java:logGet(43)) - raft.server.log.write.buffer.size = 33554432 (custom)
2019-09-26 09:57:16,684 [pool-37-thread-1] INFO  server.RaftServerConfigKeys (ConfUtils.java:logGet(43)) - raft.server.log.force.sync.num = 128 (default)
2019-09-26 09:57:16,684 [pool-37-thread-1] INFO  server.RaftServerConfigKeys (ConfUtils.java:logGet(43)) - raft.server.log.statemachine.data.sync = true (default)
2019-09-26 09:57:16,684 [pool-37-thread-1] INFO  server.RaftServerConfigKeys (ConfUtils.java:logGet(43)) - raft.server.log.statemachine.data.sync.timeout = 10s (default)
2019-09-26 09:57:16,684 [pool-37-thread-1] INFO  server.RaftServerConfigKeys (ConfUtils.java:logGet(43)) - raft.server.log.statemachine.data.sync.timeout.retry = -1 (default)
2019-09-26 09:57:16,684 [pool-37-thread-1] INFO  server.RaftServerConfigKeys (ConfUtils.java:logGet(43)) - raft.server.log.statemachine.data.caching.enabled = true (custom)
2019-09-26 09:57:16,685 [pool-37-thread-1] INFO  segmented.SegmentedRaftLogWorker (SegmentedRaftLogWorker.java:lambda$new$0(132)) - c0fe0384-ccc2-43dc-b812-8c8a482d02e6@group-E5C27A539DD4-SegmentedRaftLogWorker: flushIndex: setUnconditionally 0 -> -1
2019-09-26 09:57:16,685 [pool-37-thread-1] INFO  server.RaftServerConfigKeys (ConfUtils.java:logGet(43)) - raft.server.snapshot.auto.trigger.enabled = true (custom)
2019-09-26 09:57:16,685 [pool-37-thread-1] INFO  server.RaftServerConfigKeys (ConfUtils.java:logGet(43)) - raft.server.snapshot.auto.trigger.threshold = 10000 (custom)
2019-09-26 09:57:16,685 [pool-37-thread-1] INFO  server.RaftServerConfigKeys (ConfUtils.java:logGet(43)) - raft.server.snapshot.retention.num.files = 5 (custom)
2019-09-26 09:57:16,685 [pool-37-thread-1] INFO  server.RaftServerConfigKeys (ConfUtils.java:logGet(43)) - raft.server.retrycache.expirytime = 600000ms (custom)
2019-09-26 09:57:16,687 [main] INFO  rpc.RpcClient (RpcClient.java:createBucket(415)) - Creating Bucket: testblockoutputstream/testblockoutputstream, with Versioning false and Storage Type set to DISK and Encryption set to false 
2019-09-26 09:57:16,688 [pool-37-thread-1] INFO  impl.RaftServerImpl (RaftServerImpl.java:start(185)) - c0fe0384-ccc2-43dc-b812-8c8a482d02e6@group-E5C27A539DD4: start as a follower, conf=-1: [c0fe0384-ccc2-43dc-b812-8c8a482d02e6:192.168.30.13:34767], old=null
2019-09-26 09:57:16,688 [pool-37-thread-1] INFO  impl.RaftServerImpl (RaftServerImpl.java:setRole(174)) - c0fe0384-ccc2-43dc-b812-8c8a482d02e6@group-E5C27A539DD4: changes role from      null to FOLLOWER at term 0 for startAsFollower
2019-09-26 09:57:16,688 [pool-37-thread-1] INFO  impl.RoleInfo (RoleInfo.java:updateAndGet(143)) - c0fe0384-ccc2-43dc-b812-8c8a482d02e6: start FollowerState
2019-09-26 09:57:16,688 [pool-37-thread-1] INFO  util.JmxRegister (JmxRegister.java:tryRegister(44)) - Successfully registered JMX Bean with object name Ratis:service=RaftServer,group=group-E5C27A539DD4,id=c0fe0384-ccc2-43dc-b812-8c8a482d02e6
2019-09-26 09:57:16,692 [RatisPipelineUtilsThread] INFO  pipeline.PipelineStateManager (PipelineStateManager.java:addPipeline(56)) - Created pipeline Pipeline[ Id: 7a09b87d-0db2-4bbe-a238-e5c27a539dd4, Nodes: c0fe0384-ccc2-43dc-b812-8c8a482d02e6{ip: 192.168.30.13, host: pr-hdds-1569-wvzgm-824869521, networkLocation: /default-rack, certSerialId: null}, Type:RATIS, Factor:ONE, State:OPEN]
2019-09-26 09:57:16,693 [RatisPipelineUtilsThread] INFO  pipeline.PipelinePlacementPolicy (PipelinePlacementPolicy.java:meetCriteria(91)) - Pipeline Placement: can't place more pipeline on heavy datanode： 62a5622f-7436-420d-b3aa-8ce684692afe Heaviness: 6 limit: 5
2019-09-26 09:57:16,693 [RatisPipelineUtilsThread] INFO  pipeline.PipelinePlacementPolicy (PipelinePlacementPolicy.java:meetCriteria(91)) - Pipeline Placement: can't place more pipeline on heavy datanode： 9d66027e-d252-4dbd-9b93-1b4908d3cfc2 Heaviness: 6 limit: 5
2019-09-26 09:57:16,703 [grpc-default-executor-0] INFO  impl.RaftServerProxy (RaftServerProxy.java:addNew(89)) - 968d325c-530f-4bc5-8752-bd3f3c0aff18: addNew group-D6CF915029F3:[968d325c-530f-4bc5-8752-bd3f3c0aff18:192.168.30.13:43732] returns group-D6CF915029F3:java.util.concurrent.CompletableFuture@67d5bb02[Not completed]
2019-09-26 09:57:16,706 [pool-27-thread-1] INFO  impl.RaftServerImpl (RaftServerImpl.java:<init>(95)) - 968d325c-530f-4bc5-8752-bd3f3c0aff18: new RaftServerImpl for group-D6CF915029F3:[968d325c-530f-4bc5-8752-bd3f3c0aff18:192.168.30.13:43732] with ContainerStateMachine:uninitialized
2019-09-26 09:57:16,706 [pool-27-thread-1] INFO  server.RaftServerConfigKeys (ConfUtils.java:logGet(43)) - raft.server.rpc.timeout.min = 5s (custom)
2019-09-26 09:57:16,706 [pool-27-thread-1] INFO  server.RaftServerConfigKeys (ConfUtils.java:logGet(43)) - raft.server.rpc.timeout.max = 5200ms (custom)
2019-09-26 09:57:16,707 [pool-27-thread-1] INFO  server.RaftServerConfigKeys (ConfUtils.java:logGet(43)) - raft.server.rpcslowness.timeout = 120s (custom)
2019-09-26 09:57:16,707 [pool-27-thread-1] INFO  server.RaftServerConfigKeys (ConfUtils.java:logGet(43)) - raft.server.sleep.deviation.threshold = 300 (default)
2019-09-26 09:57:16,707 [pool-27-thread-1] INFO  server.RaftServerConfigKeys (ConfUtils.java:logGet(43)) - raft.server.log.appender.install.snapshot.enabled = false (custom)
2019-09-26 09:57:16,707 [pool-27-thread-1] INFO  impl.RaftServerImpl (ServerState.java:<init>(103)) - 968d325c-530f-4bc5-8752-bd3f3c0aff18@group-D6CF915029F3: ConfigurationManager, init=-1: [968d325c-530f-4bc5-8752-bd3f3c0aff18:192.168.30.13:43732], old=null, confs=<EMPTY_MAP>
2019-09-26 09:57:16,707 [pool-27-thread-1] INFO  server.RaftServerConfigKeys (ConfUtils.java:logGet(43)) - raft.server.storage.dir = [/workdir/hadoop-ozone/integration-test/target/test-dir/MiniOzoneClusterImpl-02a89373-ff67-4b13-ad11-60194c127517/datanode-0/data/ratis] (custom)
2019-09-26 09:57:16,707 [pool-27-thread-1] INFO  storage.RaftStorageDirectory (RaftStorageDirectory.java:analyzeStorage(246)) - The storage directory /workdir/hadoop-ozone/integration-test/target/test-dir/MiniOzoneClusterImpl-02a89373-ff67-4b13-ad11-60194c127517/datanode-0/data/ratis/e342d86a-97f0-42e7-92fa-d6cf915029f3 does not exist. Creating ...
2019-09-26 09:57:17,001 [pool-27-thread-1] INFO  storage.RaftStorageDirectory (RaftStorageDirectory.java:tryLock(328)) - Lock on /workdir/hadoop-ozone/integration-test/target/test-dir/MiniOzoneClusterImpl-02a89373-ff67-4b13-ad11-60194c127517/datanode-0/data/ratis/e342d86a-97f0-42e7-92fa-d6cf915029f3/in_use.lock acquired by nodename 19604@pr-hdds-1569-wvzgm-824869521
2019-09-26 09:57:17,010 [main] INFO  impl.MetricsSystemImpl (MetricsSystemImpl.java:init(158)) - XceiverClientMetrics metrics system started (again)
2019-09-26 09:57:17,021 [pool-27-thread-1] INFO  storage.RaftStorage (RaftStorage.java:format(72)) - Storage directory /workdir/hadoop-ozone/integration-test/target/test-dir/MiniOzoneClusterImpl-02a89373-ff67-4b13-ad11-60194c127517/datanode-0/data/ratis/e342d86a-97f0-42e7-92fa-d6cf915029f3 has been successfully formatted.
2019-09-26 09:57:17,021 [pool-27-thread-1] INFO  ratis.ContainerStateMachine (ContainerStateMachine.java:loadSnapshot(230)) - group-D6CF915029F3: The snapshot info is null. Setting the last applied indexto:(t:0, i:~)
2019-09-26 09:57:17,022 [pool-27-thread-1] INFO  server.RaftServerConfigKeys (ConfUtils.java:logGet(43)) - raft.server.notification.no-leader.timeout = 120s (custom)
2019-09-26 09:57:17,022 [pool-27-thread-1] INFO  server.RaftServerConfigKeys (ConfUtils.java:logGet(43)) - raft.server.log.use.memory = false (default)
2019-09-26 09:57:17,022 [pool-27-thread-1] INFO  server.RaftServerConfigKeys (ConfUtils.java:logGet(43)) - raft.server.log.purge.gap = 1000000 (custom)
2019-09-26 09:57:17,022 [pool-27-thread-1] INFO  server.RaftServerConfigKeys (ConfUtils.java:logGet(43)) - raft.server.log.appender.buffer.byte-limit = 33554432 (custom)
2019-09-26 09:57:17,022 [pool-27-thread-1] INFO  server.RaftServerConfigKeys (ConfUtils.java:logGet(43)) - raft.server.log.segment.size.max = 1048576 (custom)
2019-09-26 09:57:17,022 [pool-27-thread-1] INFO  server.RaftServerConfigKeys (ConfUtils.java:logGet(43)) - raft.server.log.segment.cache.num.max = 2 (custom)
2019-09-26 09:57:17,022 [pool-27-thread-1] INFO  segmented.SegmentedRaftLogWorker (SegmentedRaftLogWorker.java:<init>(172)) - new 968d325c-530f-4bc5-8752-bd3f3c0aff18@group-D6CF915029F3-SegmentedRaftLogWorker for RaftStorage:Storage Directory /workdir/hadoop-ozone/integration-test/target/test-dir/MiniOzoneClusterImpl-02a89373-ff67-4b13-ad11-60194c127517/datanode-0/data/ratis/e342d86a-97f0-42e7-92fa-d6cf915029f3
2019-09-26 09:57:17,022 [pool-27-thread-1] INFO  server.RaftServerConfigKeys (ConfUtils.java:logGet(43)) - raft.server.log.queue.byte-limit = 2147483647 (custom)
2019-09-26 09:57:17,023 [pool-27-thread-1] INFO  server.RaftServerConfigKeys (ConfUtils.java:logGet(43)) - raft.server.log.queue.element-limit = 1024 (custom)
2019-09-26 09:57:17,023 [pool-27-thread-1] INFO  server.RaftServerConfigKeys (ConfUtils.java:logGet(43)) - raft.server.log.segment.size.max = 1048576 (custom)
2019-09-26 09:57:17,023 [pool-27-thread-1] INFO  server.RaftServerConfigKeys (ConfUtils.java:logGet(43)) - raft.server.log.preallocated.size = 16384 (custom)
2019-09-26 09:57:17,023 [pool-27-thread-1] INFO  server.RaftServerConfigKeys (ConfUtils.java:logGet(43)) - raft.server.log.write.buffer.size = 33554432 (custom)
2019-09-26 09:57:17,023 [pool-27-thread-1] INFO  server.RaftServerConfigKeys (ConfUtils.java:logGet(43)) - raft.server.log.force.sync.num = 128 (default)
2019-09-26 09:57:17,023 [pool-27-thread-1] INFO  server.RaftServerConfigKeys (ConfUtils.java:logGet(43)) - raft.server.log.statemachine.data.sync = true (default)
2019-09-26 09:57:17,023 [pool-27-thread-1] INFO  server.RaftServerConfigKeys (ConfUtils.java:logGet(43)) - raft.server.log.statemachine.data.sync.timeout = 10s (default)
2019-09-26 09:57:17,023 [pool-27-thread-1] INFO  server.RaftServerConfigKeys (ConfUtils.java:logGet(43)) - raft.server.log.statemachine.data.sync.timeout.retry = -1 (default)
2019-09-26 09:57:17,024 [pool-27-thread-1] INFO  server.RaftServerConfigKeys (ConfUtils.java:logGet(43)) - raft.server.log.statemachine.data.caching.enabled = true (custom)
2019-09-26 09:57:17,024 [pool-27-thread-1] INFO  segmented.SegmentedRaftLogWorker (SegmentedRaftLogWorker.java:lambda$new$0(132)) - 968d325c-530f-4bc5-8752-bd3f3c0aff18@group-D6CF915029F3-SegmentedRaftLogWorker: flushIndex: setUnconditionally 0 -> -1
2019-09-26 09:57:17,024 [pool-27-thread-1] INFO  server.RaftServerConfigKeys (ConfUtils.java:logGet(43)) - raft.server.snapshot.auto.trigger.enabled = true (custom)
2019-09-26 09:57:17,024 [pool-27-thread-1] INFO  server.RaftServerConfigKeys (ConfUtils.java:logGet(43)) - raft.server.snapshot.auto.trigger.threshold = 10000 (custom)
2019-09-26 09:57:17,024 [pool-27-thread-1] INFO  server.RaftServerConfigKeys (ConfUtils.java:logGet(43)) - raft.server.snapshot.retention.num.files = 5 (custom)
2019-09-26 09:57:17,024 [pool-27-thread-1] INFO  server.RaftServerConfigKeys (ConfUtils.java:logGet(43)) - raft.server.retrycache.expirytime = 600000ms (custom)
2019-09-26 09:57:17,026 [pool-27-thread-1] INFO  impl.RaftServerImpl (RaftServerImpl.java:start(185)) - 968d325c-530f-4bc5-8752-bd3f3c0aff18@group-D6CF915029F3: start as a follower, conf=-1: [968d325c-530f-4bc5-8752-bd3f3c0aff18:192.168.30.13:43732], old=null
2019-09-26 09:57:17,027 [pool-27-thread-1] INFO  impl.RaftServerImpl (RaftServerImpl.java:setRole(174)) - 968d325c-530f-4bc5-8752-bd3f3c0aff18@group-D6CF915029F3: changes role from      null to FOLLOWER at term 0 for startAsFollower
2019-09-26 09:57:17,027 [pool-27-thread-1] INFO  impl.RoleInfo (RoleInfo.java:updateAndGet(143)) - 968d325c-530f-4bc5-8752-bd3f3c0aff18: start FollowerState
2019-09-26 09:57:17,027 [pool-27-thread-1] INFO  util.JmxRegister (JmxRegister.java:tryRegister(44)) - Successfully registered JMX Bean with object name Ratis:service=RaftServer,group=group-D6CF915029F3,id=968d325c-530f-4bc5-8752-bd3f3c0aff18
2019-09-26 09:57:17,033 [RatisPipelineUtilsThread] INFO  pipeline.PipelineStateManager (PipelineStateManager.java:addPipeline(56)) - Created pipeline Pipeline[ Id: e342d86a-97f0-42e7-92fa-d6cf915029f3, Nodes: 968d325c-530f-4bc5-8752-bd3f3c0aff18{ip: 192.168.30.13, host: pr-hdds-1569-wvzgm-824869521, networkLocation: /default-rack, certSerialId: null}, Type:RATIS, Factor:ONE, State:OPEN]
2019-09-26 09:57:17,035 [RatisPipelineUtilsThread] INFO  pipeline.PipelinePlacementPolicy (PipelinePlacementPolicy.java:meetCriteria(91)) - Pipeline Placement: can't place more pipeline on heavy datanode： 62a5622f-7436-420d-b3aa-8ce684692afe Heaviness: 6 limit: 5
2019-09-26 09:57:17,035 [RatisPipelineUtilsThread] INFO  pipeline.PipelinePlacementPolicy (PipelinePlacementPolicy.java:meetCriteria(91)) - Pipeline Placement: can't place more pipeline on heavy datanode： 9d66027e-d252-4dbd-9b93-1b4908d3cfc2 Heaviness: 6 limit: 5
2019-09-26 09:57:17,046 [grpc-default-executor-0] INFO  impl.RaftServerProxy (RaftServerProxy.java:addNew(89)) - d195cc70-2ea8-4d9b-90c7-21e4a6c9bd0d: addNew group-68C0BAA48A1E:[d195cc70-2ea8-4d9b-90c7-21e4a6c9bd0d:192.168.30.13:39349] returns group-68C0BAA48A1E:java.util.concurrent.CompletableFuture@1f5740a4[Not completed]
2019-09-26 09:57:17,047 [pool-77-thread-1] INFO  impl.RaftServerImpl (RaftServerImpl.java:<init>(95)) - d195cc70-2ea8-4d9b-90c7-21e4a6c9bd0d: new RaftServerImpl for group-68C0BAA48A1E:[d195cc70-2ea8-4d9b-90c7-21e4a6c9bd0d:192.168.30.13:39349] with ContainerStateMachine:uninitialized
2019-09-26 09:57:17,048 [pool-77-thread-1] INFO  server.RaftServerConfigKeys (ConfUtils.java:logGet(43)) - raft.server.rpc.timeout.min = 5s (custom)
2019-09-26 09:57:17,048 [pool-77-thread-1] INFO  server.RaftServerConfigKeys (ConfUtils.java:logGet(43)) - raft.server.rpc.timeout.max = 5200ms (custom)
2019-09-26 09:57:17,048 [pool-77-thread-1] INFO  server.RaftServerConfigKeys (ConfUtils.java:logGet(43)) - raft.server.rpcslowness.timeout = 120s (custom)
2019-09-26 09:57:17,048 [pool-77-thread-1] INFO  server.RaftServerConfigKeys (ConfUtils.java:logGet(43)) - raft.server.sleep.deviation.threshold = 300 (default)
2019-09-26 09:57:17,048 [pool-77-thread-1] INFO  server.RaftServerConfigKeys (ConfUtils.java:logGet(43)) - raft.server.log.appender.install.snapshot.enabled = false (custom)
2019-09-26 09:57:17,048 [pool-77-thread-1] INFO  impl.RaftServerImpl (ServerState.java:<init>(103)) - d195cc70-2ea8-4d9b-90c7-21e4a6c9bd0d@group-68C0BAA48A1E: ConfigurationManager, init=-1: [d195cc70-2ea8-4d9b-90c7-21e4a6c9bd0d:192.168.30.13:39349], old=null, confs=<EMPTY_MAP>
2019-09-26 09:57:17,048 [pool-77-thread-1] INFO  server.RaftServerConfigKeys (ConfUtils.java:logGet(43)) - raft.server.storage.dir = [/workdir/hadoop-ozone/integration-test/target/test-dir/MiniOzoneClusterImpl-02a89373-ff67-4b13-ad11-60194c127517/datanode-5/data/ratis] (custom)
2019-09-26 09:57:17,049 [pool-77-thread-1] INFO  storage.RaftStorageDirectory (RaftStorageDirectory.java:analyzeStorage(246)) - The storage directory /workdir/hadoop-ozone/integration-test/target/test-dir/MiniOzoneClusterImpl-02a89373-ff67-4b13-ad11-60194c127517/datanode-5/data/ratis/83e7ba06-21a2-416f-b9aa-68c0baa48a1e does not exist. Creating ...
2019-09-26 09:57:17,087 [pool-77-thread-1] INFO  storage.RaftStorageDirectory (RaftStorageDirectory.java:tryLock(328)) - Lock on /workdir/hadoop-ozone/integration-test/target/test-dir/MiniOzoneClusterImpl-02a89373-ff67-4b13-ad11-60194c127517/datanode-5/data/ratis/83e7ba06-21a2-416f-b9aa-68c0baa48a1e/in_use.lock acquired by nodename 19604@pr-hdds-1569-wvzgm-824869521
2019-09-26 09:57:17,092 [pool-77-thread-1] INFO  storage.RaftStorage (RaftStorage.java:format(72)) - Storage directory /workdir/hadoop-ozone/integration-test/target/test-dir/MiniOzoneClusterImpl-02a89373-ff67-4b13-ad11-60194c127517/datanode-5/data/ratis/83e7ba06-21a2-416f-b9aa-68c0baa48a1e has been successfully formatted.
2019-09-26 09:57:17,092 [pool-77-thread-1] INFO  ratis.ContainerStateMachine (ContainerStateMachine.java:loadSnapshot(230)) - group-68C0BAA48A1E: The snapshot info is null. Setting the last applied indexto:(t:0, i:~)
2019-09-26 09:57:17,092 [pool-77-thread-1] INFO  server.RaftServerConfigKeys (ConfUtils.java:logGet(43)) - raft.server.notification.no-leader.timeout = 120s (custom)
2019-09-26 09:57:17,092 [pool-77-thread-1] INFO  server.RaftServerConfigKeys (ConfUtils.java:logGet(43)) - raft.server.log.use.memory = false (default)
2019-09-26 09:57:17,093 [pool-77-thread-1] INFO  server.RaftServerConfigKeys (ConfUtils.java:logGet(43)) - raft.server.log.purge.gap = 1000000 (custom)
2019-09-26 09:57:17,093 [pool-77-thread-1] INFO  server.RaftServerConfigKeys (ConfUtils.java:logGet(43)) - raft.server.log.appender.buffer.byte-limit = 33554432 (custom)
2019-09-26 09:57:17,093 [pool-77-thread-1] INFO  server.RaftServerConfigKeys (ConfUtils.java:logGet(43)) - raft.server.log.segment.size.max = 1048576 (custom)
2019-09-26 09:57:17,093 [pool-77-thread-1] INFO  server.RaftServerConfigKeys (ConfUtils.java:logGet(43)) - raft.server.log.segment.cache.num.max = 2 (custom)
2019-09-26 09:57:17,093 [pool-77-thread-1] INFO  segmented.SegmentedRaftLogWorker (SegmentedRaftLogWorker.java:<init>(172)) - new d195cc70-2ea8-4d9b-90c7-21e4a6c9bd0d@group-68C0BAA48A1E-SegmentedRaftLogWorker for RaftStorage:Storage Directory /workdir/hadoop-ozone/integration-test/target/test-dir/MiniOzoneClusterImpl-02a89373-ff67-4b13-ad11-60194c127517/datanode-5/data/ratis/83e7ba06-21a2-416f-b9aa-68c0baa48a1e
2019-09-26 09:57:17,093 [pool-77-thread-1] INFO  server.RaftServerConfigKeys (ConfUtils.java:logGet(43)) - raft.server.log.queue.byte-limit = 2147483647 (custom)
2019-09-26 09:57:17,094 [pool-77-thread-1] INFO  server.RaftServerConfigKeys (ConfUtils.java:logGet(43)) - raft.server.log.queue.element-limit = 1024 (custom)
2019-09-26 09:57:17,094 [pool-77-thread-1] INFO  server.RaftServerConfigKeys (ConfUtils.java:logGet(43)) - raft.server.log.segment.size.max = 1048576 (custom)
2019-09-26 09:57:17,094 [pool-77-thread-1] INFO  server.RaftServerConfigKeys (ConfUtils.java:logGet(43)) - raft.server.log.preallocated.size = 16384 (custom)
2019-09-26 09:57:17,094 [pool-77-thread-1] INFO  server.RaftServerConfigKeys (ConfUtils.java:logGet(43)) - raft.server.log.write.buffer.size = 33554432 (custom)
2019-09-26 09:57:17,094 [pool-77-thread-1] INFO  server.RaftServerConfigKeys (ConfUtils.java:logGet(43)) - raft.server.log.force.sync.num = 128 (default)
2019-09-26 09:57:17,094 [pool-77-thread-1] INFO  server.RaftServerConfigKeys (ConfUtils.java:logGet(43)) - raft.server.log.statemachine.data.sync = true (default)
2019-09-26 09:57:17,094 [pool-77-thread-1] INFO  server.RaftServerConfigKeys (ConfUtils.java:logGet(43)) - raft.server.log.statemachine.data.sync.timeout = 10s (default)
2019-09-26 09:57:17,094 [pool-77-thread-1] INFO  server.RaftServerConfigKeys (ConfUtils.java:logGet(43)) - raft.server.log.statemachine.data.sync.timeout.retry = -1 (default)
2019-09-26 09:57:17,095 [pool-77-thread-1] INFO  server.RaftServerConfigKeys (ConfUtils.java:logGet(43)) - raft.server.log.statemachine.data.caching.enabled = true (custom)
2019-09-26 09:57:17,095 [pool-77-thread-1] INFO  segmented.SegmentedRaftLogWorker (SegmentedRaftLogWorker.java:lambda$new$0(132)) - d195cc70-2ea8-4d9b-90c7-21e4a6c9bd0d@group-68C0BAA48A1E-SegmentedRaftLogWorker: flushIndex: setUnconditionally 0 -> -1
2019-09-26 09:57:17,095 [pool-77-thread-1] INFO  server.RaftServerConfigKeys (ConfUtils.java:logGet(43)) - raft.server.snapshot.auto.trigger.enabled = true (custom)
2019-09-26 09:57:17,095 [pool-77-thread-1] INFO  server.RaftServerConfigKeys (ConfUtils.java:logGet(43)) - raft.server.snapshot.auto.trigger.threshold = 10000 (custom)
2019-09-26 09:57:17,095 [pool-77-thread-1] INFO  server.RaftServerConfigKeys (ConfUtils.java:logGet(43)) - raft.server.snapshot.retention.num.files = 5 (custom)
2019-09-26 09:57:17,096 [pool-77-thread-1] INFO  server.RaftServerConfigKeys (ConfUtils.java:logGet(43)) - raft.server.retrycache.expirytime = 600000ms (custom)
2019-09-26 09:57:17,098 [pool-77-thread-1] INFO  impl.RaftServerImpl (RaftServerImpl.java:start(185)) - d195cc70-2ea8-4d9b-90c7-21e4a6c9bd0d@group-68C0BAA48A1E: start as a follower, conf=-1: [d195cc70-2ea8-4d9b-90c7-21e4a6c9bd0d:192.168.30.13:39349], old=null
2019-09-26 09:57:17,098 [pool-77-thread-1] INFO  impl.RaftServerImpl (RaftServerImpl.java:setRole(174)) - d195cc70-2ea8-4d9b-90c7-21e4a6c9bd0d@group-68C0BAA48A1E: changes role from      null to FOLLOWER at term 0 for startAsFollower
2019-09-26 09:57:17,098 [pool-77-thread-1] INFO  impl.RoleInfo (RoleInfo.java:updateAndGet(143)) - d195cc70-2ea8-4d9b-90c7-21e4a6c9bd0d: start FollowerState
2019-09-26 09:57:17,098 [pool-77-thread-1] INFO  util.JmxRegister (JmxRegister.java:tryRegister(44)) - Successfully registered JMX Bean with object name Ratis:service=RaftServer,group=group-68C0BAA48A1E,id=d195cc70-2ea8-4d9b-90c7-21e4a6c9bd0d
2019-09-26 09:57:17,103 [RatisPipelineUtilsThread] INFO  pipeline.PipelineStateManager (PipelineStateManager.java:addPipeline(56)) - Created pipeline Pipeline[ Id: 83e7ba06-21a2-416f-b9aa-68c0baa48a1e, Nodes: d195cc70-2ea8-4d9b-90c7-21e4a6c9bd0d{ip: 192.168.30.13, host: pr-hdds-1569-wvzgm-824869521, networkLocation: /default-rack, certSerialId: null}, Type:RATIS, Factor:ONE, State:OPEN]
2019-09-26 09:57:17,103 [RatisPipelineUtilsThread] INFO  pipeline.PipelinePlacementPolicy (PipelinePlacementPolicy.java:meetCriteria(91)) - Pipeline Placement: can't place more pipeline on heavy datanode： 62a5622f-7436-420d-b3aa-8ce684692afe Heaviness: 6 limit: 5
2019-09-26 09:57:17,103 [RatisPipelineUtilsThread] INFO  pipeline.PipelinePlacementPolicy (PipelinePlacementPolicy.java:meetCriteria(91)) - Pipeline Placement: can't place more pipeline on heavy datanode： 9d66027e-d252-4dbd-9b93-1b4908d3cfc2 Heaviness: 6 limit: 5
2019-09-26 09:57:17,112 [grpc-default-executor-0] INFO  impl.RaftServerProxy (RaftServerProxy.java:addNew(89)) - c0fe0384-ccc2-43dc-b812-8c8a482d02e6: addNew group-CE427548AD90:[c0fe0384-ccc2-43dc-b812-8c8a482d02e6:192.168.30.13:34767] returns group-CE427548AD90:java.util.concurrent.CompletableFuture@5777d1ba[Not completed]
2019-09-26 09:57:17,113 [pool-37-thread-1] INFO  impl.RaftServerImpl (RaftServerImpl.java:<init>(95)) - c0fe0384-ccc2-43dc-b812-8c8a482d02e6: new RaftServerImpl for group-CE427548AD90:[c0fe0384-ccc2-43dc-b812-8c8a482d02e6:192.168.30.13:34767] with ContainerStateMachine:uninitialized
2019-09-26 09:57:17,113 [pool-37-thread-1] INFO  server.RaftServerConfigKeys (ConfUtils.java:logGet(43)) - raft.server.rpc.timeout.min = 5s (custom)
2019-09-26 09:57:17,113 [pool-37-thread-1] INFO  server.RaftServerConfigKeys (ConfUtils.java:logGet(43)) - raft.server.rpc.timeout.max = 5200ms (custom)
2019-09-26 09:57:17,113 [pool-37-thread-1] INFO  server.RaftServerConfigKeys (ConfUtils.java:logGet(43)) - raft.server.rpcslowness.timeout = 120s (custom)
2019-09-26 09:57:17,113 [pool-37-thread-1] INFO  server.RaftServerConfigKeys (ConfUtils.java:logGet(43)) - raft.server.sleep.deviation.threshold = 300 (default)
2019-09-26 09:57:17,113 [pool-37-thread-1] INFO  server.RaftServerConfigKeys (ConfUtils.java:logGet(43)) - raft.server.log.appender.install.snapshot.enabled = false (custom)
2019-09-26 09:57:17,113 [pool-37-thread-1] INFO  impl.RaftServerImpl (ServerState.java:<init>(103)) - c0fe0384-ccc2-43dc-b812-8c8a482d02e6@group-CE427548AD90: ConfigurationManager, init=-1: [c0fe0384-ccc2-43dc-b812-8c8a482d02e6:192.168.30.13:34767], old=null, confs=<EMPTY_MAP>
2019-09-26 09:57:17,114 [pool-37-thread-1] INFO  server.RaftServerConfigKeys (ConfUtils.java:logGet(43)) - raft.server.storage.dir = [/workdir/hadoop-ozone/integration-test/target/test-dir/MiniOzoneClusterImpl-02a89373-ff67-4b13-ad11-60194c127517/datanode-1/data/ratis] (custom)
2019-09-26 09:57:17,114 [pool-37-thread-1] INFO  storage.RaftStorageDirectory (RaftStorageDirectory.java:analyzeStorage(246)) - The storage directory /workdir/hadoop-ozone/integration-test/target/test-dir/MiniOzoneClusterImpl-02a89373-ff67-4b13-ad11-60194c127517/datanode-1/data/ratis/d3223ef6-1c67-4fda-b3c7-ce427548ad90 does not exist. Creating ...
2019-09-26 09:57:17,126 [pool-37-thread-1] INFO  storage.RaftStorageDirectory (RaftStorageDirectory.java:tryLock(328)) - Lock on /workdir/hadoop-ozone/integration-test/target/test-dir/MiniOzoneClusterImpl-02a89373-ff67-4b13-ad11-60194c127517/datanode-1/data/ratis/d3223ef6-1c67-4fda-b3c7-ce427548ad90/in_use.lock acquired by nodename 19604@pr-hdds-1569-wvzgm-824869521
2019-09-26 09:57:17,140 [pool-37-thread-1] INFO  storage.RaftStorage (RaftStorage.java:format(72)) - Storage directory /workdir/hadoop-ozone/integration-test/target/test-dir/MiniOzoneClusterImpl-02a89373-ff67-4b13-ad11-60194c127517/datanode-1/data/ratis/d3223ef6-1c67-4fda-b3c7-ce427548ad90 has been successfully formatted.
2019-09-26 09:57:17,141 [pool-37-thread-1] INFO  ratis.ContainerStateMachine (ContainerStateMachine.java:loadSnapshot(230)) - group-CE427548AD90: The snapshot info is null. Setting the last applied indexto:(t:0, i:~)
2019-09-26 09:57:17,141 [pool-37-thread-1] INFO  server.RaftServerConfigKeys (ConfUtils.java:logGet(43)) - raft.server.notification.no-leader.timeout = 120s (custom)
2019-09-26 09:57:17,141 [pool-37-thread-1] INFO  server.RaftServerConfigKeys (ConfUtils.java:logGet(43)) - raft.server.log.use.memory = false (default)
2019-09-26 09:57:17,141 [pool-37-thread-1] INFO  server.RaftServerConfigKeys (ConfUtils.java:logGet(43)) - raft.server.log.purge.gap = 1000000 (custom)
2019-09-26 09:57:17,141 [pool-37-thread-1] INFO  server.RaftServerConfigKeys (ConfUtils.java:logGet(43)) - raft.server.log.appender.buffer.byte-limit = 33554432 (custom)
2019-09-26 09:57:17,141 [pool-37-thread-1] INFO  server.RaftServerConfigKeys (ConfUtils.java:logGet(43)) - raft.server.log.segment.size.max = 1048576 (custom)
2019-09-26 09:57:17,141 [pool-37-thread-1] INFO  server.RaftServerConfigKeys (ConfUtils.java:logGet(43)) - raft.server.log.segment.cache.num.max = 2 (custom)
2019-09-26 09:57:17,141 [pool-37-thread-1] INFO  segmented.SegmentedRaftLogWorker (SegmentedRaftLogWorker.java:<init>(172)) - new c0fe0384-ccc2-43dc-b812-8c8a482d02e6@group-CE427548AD90-SegmentedRaftLogWorker for RaftStorage:Storage Directory /workdir/hadoop-ozone/integration-test/target/test-dir/MiniOzoneClusterImpl-02a89373-ff67-4b13-ad11-60194c127517/datanode-1/data/ratis/d3223ef6-1c67-4fda-b3c7-ce427548ad90
2019-09-26 09:57:17,141 [pool-37-thread-1] INFO  server.RaftServerConfigKeys (ConfUtils.java:logGet(43)) - raft.server.log.queue.byte-limit = 2147483647 (custom)
2019-09-26 09:57:17,142 [pool-37-thread-1] INFO  server.RaftServerConfigKeys (ConfUtils.java:logGet(43)) - raft.server.log.queue.element-limit = 1024 (custom)
2019-09-26 09:57:17,142 [pool-37-thread-1] INFO  server.RaftServerConfigKeys (ConfUtils.java:logGet(43)) - raft.server.log.segment.size.max = 1048576 (custom)
2019-09-26 09:57:17,142 [pool-37-thread-1] INFO  server.RaftServerConfigKeys (ConfUtils.java:logGet(43)) - raft.server.log.preallocated.size = 16384 (custom)
2019-09-26 09:57:17,142 [pool-37-thread-1] INFO  server.RaftServerConfigKeys (ConfUtils.java:logGet(43)) - raft.server.log.write.buffer.size = 33554432 (custom)
2019-09-26 09:57:17,142 [pool-37-thread-1] INFO  server.RaftServerConfigKeys (ConfUtils.java:logGet(43)) - raft.server.log.force.sync.num = 128 (default)
2019-09-26 09:57:17,142 [pool-37-thread-1] INFO  server.RaftServerConfigKeys (ConfUtils.java:logGet(43)) - raft.server.log.statemachine.data.sync = true (default)
2019-09-26 09:57:17,142 [pool-37-thread-1] INFO  server.RaftServerConfigKeys (ConfUtils.java:logGet(43)) - raft.server.log.statemachine.data.sync.timeout = 10s (default)
2019-09-26 09:57:17,142 [pool-37-thread-1] INFO  server.RaftServerConfigKeys (ConfUtils.java:logGet(43)) - raft.server.log.statemachine.data.sync.timeout.retry = -1 (default)
2019-09-26 09:57:17,142 [pool-37-thread-1] INFO  server.RaftServerConfigKeys (ConfUtils.java:logGet(43)) - raft.server.log.statemachine.data.caching.enabled = true (custom)
2019-09-26 09:57:17,143 [pool-37-thread-1] INFO  segmented.SegmentedRaftLogWorker (SegmentedRaftLogWorker.java:lambda$new$0(132)) - c0fe0384-ccc2-43dc-b812-8c8a482d02e6@group-CE427548AD90-SegmentedRaftLogWorker: flushIndex: setUnconditionally 0 -> -1
2019-09-26 09:57:17,143 [pool-37-thread-1] INFO  server.RaftServerConfigKeys (ConfUtils.java:logGet(43)) - raft.server.snapshot.auto.trigger.enabled = true (custom)
2019-09-26 09:57:17,143 [pool-37-thread-1] INFO  server.RaftServerConfigKeys (ConfUtils.java:logGet(43)) - raft.server.snapshot.auto.trigger.threshold = 10000 (custom)
2019-09-26 09:57:17,143 [pool-37-thread-1] INFO  server.RaftServerConfigKeys (ConfUtils.java:logGet(43)) - raft.server.snapshot.retention.num.files = 5 (custom)
2019-09-26 09:57:17,143 [pool-37-thread-1] INFO  server.RaftServerConfigKeys (ConfUtils.java:logGet(43)) - raft.server.retrycache.expirytime = 600000ms (custom)
2019-09-26 09:57:17,145 [pool-37-thread-1] INFO  impl.RaftServerImpl (RaftServerImpl.java:start(185)) - c0fe0384-ccc2-43dc-b812-8c8a482d02e6@group-CE427548AD90: start as a follower, conf=-1: [c0fe0384-ccc2-43dc-b812-8c8a482d02e6:192.168.30.13:34767], old=null
2019-09-26 09:57:17,145 [pool-37-thread-1] INFO  impl.RaftServerImpl (RaftServerImpl.java:setRole(174)) - c0fe0384-ccc2-43dc-b812-8c8a482d02e6@group-CE427548AD90: changes role from      null to FOLLOWER at term 0 for startAsFollower
2019-09-26 09:57:17,145 [pool-37-thread-1] INFO  impl.RoleInfo (RoleInfo.java:updateAndGet(143)) - c0fe0384-ccc2-43dc-b812-8c8a482d02e6: start FollowerState
2019-09-26 09:57:17,146 [pool-37-thread-1] INFO  util.JmxRegister (JmxRegister.java:tryRegister(44)) - Successfully registered JMX Bean with object name Ratis:service=RaftServer,group=group-CE427548AD90,id=c0fe0384-ccc2-43dc-b812-8c8a482d02e6
2019-09-26 09:57:17,151 [RatisPipelineUtilsThread] INFO  pipeline.PipelineStateManager (PipelineStateManager.java:addPipeline(56)) - Created pipeline Pipeline[ Id: d3223ef6-1c67-4fda-b3c7-ce427548ad90, Nodes: c0fe0384-ccc2-43dc-b812-8c8a482d02e6{ip: 192.168.30.13, host: pr-hdds-1569-wvzgm-824869521, networkLocation: /default-rack, certSerialId: null}, Type:RATIS, Factor:ONE, State:OPEN]
2019-09-26 09:57:17,151 [RatisPipelineUtilsThread] INFO  pipeline.PipelinePlacementPolicy (PipelinePlacementPolicy.java:meetCriteria(91)) - Pipeline Placement: can't place more pipeline on heavy datanode： c0fe0384-ccc2-43dc-b812-8c8a482d02e6 Heaviness: 6 limit: 5
2019-09-26 09:57:17,151 [RatisPipelineUtilsThread] INFO  pipeline.PipelinePlacementPolicy (PipelinePlacementPolicy.java:meetCriteria(91)) - Pipeline Placement: can't place more pipeline on heavy datanode： 62a5622f-7436-420d-b3aa-8ce684692afe Heaviness: 6 limit: 5
2019-09-26 09:57:17,151 [RatisPipelineUtilsThread] INFO  pipeline.PipelinePlacementPolicy (PipelinePlacementPolicy.java:meetCriteria(91)) - Pipeline Placement: can't place more pipeline on heavy datanode： 9d66027e-d252-4dbd-9b93-1b4908d3cfc2 Heaviness: 6 limit: 5
2019-09-26 09:57:17,162 [grpc-default-executor-0] INFO  impl.RaftServerProxy (RaftServerProxy.java:addNew(89)) - 4c024347-3506-43a2-ab40-8471edec8541: addNew group-351FBBCBDA5E:[4c024347-3506-43a2-ab40-8471edec8541:192.168.30.13:39922] returns group-351FBBCBDA5E:java.util.concurrent.CompletableFuture@40b254a0[Not completed]
2019-09-26 09:57:17,163 [pool-67-thread-1] INFO  impl.RaftServerImpl (RaftServerImpl.java:<init>(95)) - 4c024347-3506-43a2-ab40-8471edec8541: new RaftServerImpl for group-351FBBCBDA5E:[4c024347-3506-43a2-ab40-8471edec8541:192.168.30.13:39922] with ContainerStateMachine:uninitialized
2019-09-26 09:57:17,163 [pool-67-thread-1] INFO  server.RaftServerConfigKeys (ConfUtils.java:logGet(43)) - raft.server.rpc.timeout.min = 5s (custom)
2019-09-26 09:57:17,163 [pool-67-thread-1] INFO  server.RaftServerConfigKeys (ConfUtils.java:logGet(43)) - raft.server.rpc.timeout.max = 5200ms (custom)
2019-09-26 09:57:17,163 [pool-67-thread-1] INFO  server.RaftServerConfigKeys (ConfUtils.java:logGet(43)) - raft.server.rpcslowness.timeout = 120s (custom)
2019-09-26 09:57:17,163 [pool-67-thread-1] INFO  server.RaftServerConfigKeys (ConfUtils.java:logGet(43)) - raft.server.sleep.deviation.threshold = 300 (default)
2019-09-26 09:57:17,163 [pool-67-thread-1] INFO  server.RaftServerConfigKeys (ConfUtils.java:logGet(43)) - raft.server.log.appender.install.snapshot.enabled = false (custom)
2019-09-26 09:57:17,164 [pool-67-thread-1] INFO  impl.RaftServerImpl (ServerState.java:<init>(103)) - 4c024347-3506-43a2-ab40-8471edec8541@group-351FBBCBDA5E: ConfigurationManager, init=-1: [4c024347-3506-43a2-ab40-8471edec8541:192.168.30.13:39922], old=null, confs=<EMPTY_MAP>
2019-09-26 09:57:17,164 [pool-67-thread-1] INFO  server.RaftServerConfigKeys (ConfUtils.java:logGet(43)) - raft.server.storage.dir = [/workdir/hadoop-ozone/integration-test/target/test-dir/MiniOzoneClusterImpl-02a89373-ff67-4b13-ad11-60194c127517/datanode-4/data/ratis] (custom)
2019-09-26 09:57:17,164 [pool-67-thread-1] INFO  storage.RaftStorageDirectory (RaftStorageDirectory.java:analyzeStorage(246)) - The storage directory /workdir/hadoop-ozone/integration-test/target/test-dir/MiniOzoneClusterImpl-02a89373-ff67-4b13-ad11-60194c127517/datanode-4/data/ratis/f51c0472-6e70-496d-953f-351fbbcbda5e does not exist. Creating ...
2019-09-26 09:57:17,177 [pool-67-thread-1] INFO  storage.RaftStorageDirectory (RaftStorageDirectory.java:tryLock(328)) - Lock on /workdir/hadoop-ozone/integration-test/target/test-dir/MiniOzoneClusterImpl-02a89373-ff67-4b13-ad11-60194c127517/datanode-4/data/ratis/f51c0472-6e70-496d-953f-351fbbcbda5e/in_use.lock acquired by nodename 19604@pr-hdds-1569-wvzgm-824869521
2019-09-26 09:57:17,190 [pool-67-thread-1] INFO  storage.RaftStorage (RaftStorage.java:format(72)) - Storage directory /workdir/hadoop-ozone/integration-test/target/test-dir/MiniOzoneClusterImpl-02a89373-ff67-4b13-ad11-60194c127517/datanode-4/data/ratis/f51c0472-6e70-496d-953f-351fbbcbda5e has been successfully formatted.
2019-09-26 09:57:17,191 [pool-67-thread-1] INFO  ratis.ContainerStateMachine (ContainerStateMachine.java:loadSnapshot(230)) - group-351FBBCBDA5E: The snapshot info is null. Setting the last applied indexto:(t:0, i:~)
2019-09-26 09:57:17,191 [pool-67-thread-1] INFO  server.RaftServerConfigKeys (ConfUtils.java:logGet(43)) - raft.server.notification.no-leader.timeout = 120s (custom)
2019-09-26 09:57:17,191 [pool-67-thread-1] INFO  server.RaftServerConfigKeys (ConfUtils.java:logGet(43)) - raft.server.log.use.memory = false (default)
2019-09-26 09:57:17,191 [pool-67-thread-1] INFO  server.RaftServerConfigKeys (ConfUtils.java:logGet(43)) - raft.server.log.purge.gap = 1000000 (custom)
2019-09-26 09:57:17,192 [pool-67-thread-1] INFO  server.RaftServerConfigKeys (ConfUtils.java:logGet(43)) - raft.server.log.appender.buffer.byte-limit = 33554432 (custom)
2019-09-26 09:57:17,192 [pool-67-thread-1] INFO  server.RaftServerConfigKeys (ConfUtils.java:logGet(43)) - raft.server.log.segment.size.max = 1048576 (custom)
2019-09-26 09:57:17,192 [pool-67-thread-1] INFO  server.RaftServerConfigKeys (ConfUtils.java:logGet(43)) - raft.server.log.segment.cache.num.max = 2 (custom)
2019-09-26 09:57:17,192 [pool-67-thread-1] INFO  segmented.SegmentedRaftLogWorker (SegmentedRaftLogWorker.java:<init>(172)) - new 4c024347-3506-43a2-ab40-8471edec8541@group-351FBBCBDA5E-SegmentedRaftLogWorker for RaftStorage:Storage Directory /workdir/hadoop-ozone/integration-test/target/test-dir/MiniOzoneClusterImpl-02a89373-ff67-4b13-ad11-60194c127517/datanode-4/data/ratis/f51c0472-6e70-496d-953f-351fbbcbda5e
2019-09-26 09:57:17,192 [pool-67-thread-1] INFO  server.RaftServerConfigKeys (ConfUtils.java:logGet(43)) - raft.server.log.queue.byte-limit = 2147483647 (custom)
2019-09-26 09:57:17,192 [pool-67-thread-1] INFO  server.RaftServerConfigKeys (ConfUtils.java:logGet(43)) - raft.server.log.queue.element-limit = 1024 (custom)
2019-09-26 09:57:17,193 [pool-67-thread-1] INFO  server.RaftServerConfigKeys (ConfUtils.java:logGet(43)) - raft.server.log.segment.size.max = 1048576 (custom)
2019-09-26 09:57:17,193 [pool-67-thread-1] INFO  server.RaftServerConfigKeys (ConfUtils.java:logGet(43)) - raft.server.log.preallocated.size = 16384 (custom)
2019-09-26 09:57:17,193 [pool-67-thread-1] INFO  server.RaftServerConfigKeys (ConfUtils.java:logGet(43)) - raft.server.log.write.buffer.size = 33554432 (custom)
2019-09-26 09:57:17,193 [pool-67-thread-1] INFO  server.RaftServerConfigKeys (ConfUtils.java:logGet(43)) - raft.server.log.force.sync.num = 128 (default)
2019-09-26 09:57:17,193 [pool-67-thread-1] INFO  server.RaftServerConfigKeys (ConfUtils.java:logGet(43)) - raft.server.log.statemachine.data.sync = true (default)
2019-09-26 09:57:17,193 [pool-67-thread-1] INFO  server.RaftServerConfigKeys (ConfUtils.java:logGet(43)) - raft.server.log.statemachine.data.sync.timeout = 10s (default)
2019-09-26 09:57:17,193 [pool-67-thread-1] INFO  server.RaftServerConfigKeys (ConfUtils.java:logGet(43)) - raft.server.log.statemachine.data.sync.timeout.retry = -1 (default)
2019-09-26 09:57:17,194 [pool-67-thread-1] INFO  server.RaftServerConfigKeys (ConfUtils.java:logGet(43)) - raft.server.log.statemachine.data.caching.enabled = true (custom)
2019-09-26 09:57:17,194 [pool-67-thread-1] INFO  segmented.SegmentedRaftLogWorker (SegmentedRaftLogWorker.java:lambda$new$0(132)) - 4c024347-3506-43a2-ab40-8471edec8541@group-351FBBCBDA5E-SegmentedRaftLogWorker: flushIndex: setUnconditionally 0 -> -1
2019-09-26 09:57:17,194 [pool-67-thread-1] INFO  server.RaftServerConfigKeys (ConfUtils.java:logGet(43)) - raft.server.snapshot.auto.trigger.enabled = true (custom)
2019-09-26 09:57:17,195 [pool-67-thread-1] INFO  server.RaftServerConfigKeys (ConfUtils.java:logGet(43)) - raft.server.snapshot.auto.trigger.threshold = 10000 (custom)
2019-09-26 09:57:17,195 [pool-67-thread-1] INFO  server.RaftServerConfigKeys (ConfUtils.java:logGet(43)) - raft.server.snapshot.retention.num.files = 5 (custom)
2019-09-26 09:57:17,195 [pool-67-thread-1] INFO  server.RaftServerConfigKeys (ConfUtils.java:logGet(43)) - raft.server.retrycache.expirytime = 600000ms (custom)
2019-09-26 09:57:17,198 [pool-67-thread-1] INFO  impl.RaftServerImpl (RaftServerImpl.java:start(185)) - 4c024347-3506-43a2-ab40-8471edec8541@group-351FBBCBDA5E: start as a follower, conf=-1: [4c024347-3506-43a2-ab40-8471edec8541:192.168.30.13:39922], old=null
2019-09-26 09:57:17,198 [pool-67-thread-1] INFO  impl.RaftServerImpl (RaftServerImpl.java:setRole(174)) - 4c024347-3506-43a2-ab40-8471edec8541@group-351FBBCBDA5E: changes role from      null to FOLLOWER at term 0 for startAsFollower
2019-09-26 09:57:17,198 [pool-67-thread-1] INFO  impl.RoleInfo (RoleInfo.java:updateAndGet(143)) - 4c024347-3506-43a2-ab40-8471edec8541: start FollowerState
2019-09-26 09:57:17,199 [pool-67-thread-1] INFO  util.JmxRegister (JmxRegister.java:tryRegister(44)) - Successfully registered JMX Bean with object name Ratis:service=RaftServer,group=group-351FBBCBDA5E,id=4c024347-3506-43a2-ab40-8471edec8541
2019-09-26 09:57:17,206 [RatisPipelineUtilsThread] INFO  pipeline.PipelineStateManager (PipelineStateManager.java:addPipeline(56)) - Created pipeline Pipeline[ Id: f51c0472-6e70-496d-953f-351fbbcbda5e, Nodes: 4c024347-3506-43a2-ab40-8471edec8541{ip: 192.168.30.13, host: pr-hdds-1569-wvzgm-824869521, networkLocation: /default-rack, certSerialId: null}, Type:RATIS, Factor:ONE, State:OPEN]
2019-09-26 09:57:17,206 [RatisPipelineUtilsThread] INFO  pipeline.PipelinePlacementPolicy (PipelinePlacementPolicy.java:meetCriteria(91)) - Pipeline Placement: can't place more pipeline on heavy datanode： c0fe0384-ccc2-43dc-b812-8c8a482d02e6 Heaviness: 6 limit: 5
2019-09-26 09:57:17,206 [RatisPipelineUtilsThread] INFO  pipeline.PipelinePlacementPolicy (PipelinePlacementPolicy.java:meetCriteria(91)) - Pipeline Placement: can't place more pipeline on heavy datanode： 62a5622f-7436-420d-b3aa-8ce684692afe Heaviness: 6 limit: 5
2019-09-26 09:57:17,206 [RatisPipelineUtilsThread] INFO  pipeline.PipelinePlacementPolicy (PipelinePlacementPolicy.java:meetCriteria(91)) - Pipeline Placement: can't place more pipeline on heavy datanode： 9d66027e-d252-4dbd-9b93-1b4908d3cfc2 Heaviness: 6 limit: 5
2019-09-26 09:57:17,206 [RatisPipelineUtilsThread] INFO  pipeline.PipelinePlacementPolicy (PipelinePlacementPolicy.java:meetCriteria(91)) - Pipeline Placement: can't place more pipeline on heavy datanode： 4c024347-3506-43a2-ab40-8471edec8541 Heaviness: 6 limit: 5
2019-09-26 09:57:17,219 [grpc-default-executor-0] INFO  impl.RaftServerProxy (RaftServerProxy.java:addNew(89)) - 4dfbf8da-55b7-40f3-96c3-7d511fd42a11: addNew group-19BDBE166664:[4dfbf8da-55b7-40f3-96c3-7d511fd42a11:192.168.30.13:46234] returns group-19BDBE166664:java.util.concurrent.CompletableFuture@79f7fa80[Not completed]
2019-09-26 09:57:17,225 [pool-87-thread-1] INFO  impl.RaftServerImpl (RaftServerImpl.java:<init>(95)) - 4dfbf8da-55b7-40f3-96c3-7d511fd42a11: new RaftServerImpl for group-19BDBE166664:[4dfbf8da-55b7-40f3-96c3-7d511fd42a11:192.168.30.13:46234] with ContainerStateMachine:uninitialized
2019-09-26 09:57:17,225 [pool-87-thread-1] INFO  server.RaftServerConfigKeys (ConfUtils.java:logGet(43)) - raft.server.rpc.timeout.min = 5s (custom)
2019-09-26 09:57:17,225 [pool-87-thread-1] INFO  server.RaftServerConfigKeys (ConfUtils.java:logGet(43)) - raft.server.rpc.timeout.max = 5200ms (custom)
2019-09-26 09:57:17,225 [pool-87-thread-1] INFO  server.RaftServerConfigKeys (ConfUtils.java:logGet(43)) - raft.server.rpcslowness.timeout = 120s (custom)
2019-09-26 09:57:17,226 [pool-87-thread-1] INFO  server.RaftServerConfigKeys (ConfUtils.java:logGet(43)) - raft.server.sleep.deviation.threshold = 300 (default)
2019-09-26 09:57:17,226 [pool-87-thread-1] INFO  server.RaftServerConfigKeys (ConfUtils.java:logGet(43)) - raft.server.log.appender.install.snapshot.enabled = false (custom)
2019-09-26 09:57:17,226 [pool-87-thread-1] INFO  impl.RaftServerImpl (ServerState.java:<init>(103)) - 4dfbf8da-55b7-40f3-96c3-7d511fd42a11@group-19BDBE166664: ConfigurationManager, init=-1: [4dfbf8da-55b7-40f3-96c3-7d511fd42a11:192.168.30.13:46234], old=null, confs=<EMPTY_MAP>
2019-09-26 09:57:17,226 [pool-87-thread-1] INFO  server.RaftServerConfigKeys (ConfUtils.java:logGet(43)) - raft.server.storage.dir = [/workdir/hadoop-ozone/integration-test/target/test-dir/MiniOzoneClusterImpl-02a89373-ff67-4b13-ad11-60194c127517/datanode-6/data/ratis] (custom)
2019-09-26 09:57:17,227 [pool-87-thread-1] INFO  storage.RaftStorageDirectory (RaftStorageDirectory.java:analyzeStorage(246)) - The storage directory /workdir/hadoop-ozone/integration-test/target/test-dir/MiniOzoneClusterImpl-02a89373-ff67-4b13-ad11-60194c127517/datanode-6/data/ratis/37c2a295-cf22-44e7-9389-19bdbe166664 does not exist. Creating ...
2019-09-26 09:57:17,240 [pool-87-thread-1] INFO  storage.RaftStorageDirectory (RaftStorageDirectory.java:tryLock(328)) - Lock on /workdir/hadoop-ozone/integration-test/target/test-dir/MiniOzoneClusterImpl-02a89373-ff67-4b13-ad11-60194c127517/datanode-6/data/ratis/37c2a295-cf22-44e7-9389-19bdbe166664/in_use.lock acquired by nodename 19604@pr-hdds-1569-wvzgm-824869521
2019-09-26 09:57:17,254 [pool-87-thread-1] INFO  storage.RaftStorage (RaftStorage.java:format(72)) - Storage directory /workdir/hadoop-ozone/integration-test/target/test-dir/MiniOzoneClusterImpl-02a89373-ff67-4b13-ad11-60194c127517/datanode-6/data/ratis/37c2a295-cf22-44e7-9389-19bdbe166664 has been successfully formatted.
2019-09-26 09:57:17,254 [pool-87-thread-1] INFO  ratis.ContainerStateMachine (ContainerStateMachine.java:loadSnapshot(230)) - group-19BDBE166664: The snapshot info is null. Setting the last applied indexto:(t:0, i:~)
2019-09-26 09:57:17,254 [pool-87-thread-1] INFO  server.RaftServerConfigKeys (ConfUtils.java:logGet(43)) - raft.server.notification.no-leader.timeout = 120s (custom)
2019-09-26 09:57:17,254 [pool-87-thread-1] INFO  server.RaftServerConfigKeys (ConfUtils.java:logGet(43)) - raft.server.log.use.memory = false (default)
2019-09-26 09:57:17,255 [pool-87-thread-1] INFO  server.RaftServerConfigKeys (ConfUtils.java:logGet(43)) - raft.server.log.purge.gap = 1000000 (custom)
2019-09-26 09:57:17,255 [pool-87-thread-1] INFO  server.RaftServerConfigKeys (ConfUtils.java:logGet(43)) - raft.server.log.appender.buffer.byte-limit = 33554432 (custom)
2019-09-26 09:57:17,255 [pool-87-thread-1] INFO  server.RaftServerConfigKeys (ConfUtils.java:logGet(43)) - raft.server.log.segment.size.max = 1048576 (custom)
2019-09-26 09:57:17,255 [pool-87-thread-1] INFO  server.RaftServerConfigKeys (ConfUtils.java:logGet(43)) - raft.server.log.segment.cache.num.max = 2 (custom)
2019-09-26 09:57:17,255 [pool-87-thread-1] INFO  segmented.SegmentedRaftLogWorker (SegmentedRaftLogWorker.java:<init>(172)) - new 4dfbf8da-55b7-40f3-96c3-7d511fd42a11@group-19BDBE166664-SegmentedRaftLogWorker for RaftStorage:Storage Directory /workdir/hadoop-ozone/integration-test/target/test-dir/MiniOzoneClusterImpl-02a89373-ff67-4b13-ad11-60194c127517/datanode-6/data/ratis/37c2a295-cf22-44e7-9389-19bdbe166664
2019-09-26 09:57:17,259 [pool-87-thread-1] INFO  server.RaftServerConfigKeys (ConfUtils.java:logGet(43)) - raft.server.log.queue.byte-limit = 2147483647 (custom)
2019-09-26 09:57:17,259 [pool-87-thread-1] INFO  server.RaftServerConfigKeys (ConfUtils.java:logGet(43)) - raft.server.log.queue.element-limit = 1024 (custom)
2019-09-26 09:57:17,260 [pool-87-thread-1] INFO  server.RaftServerConfigKeys (ConfUtils.java:logGet(43)) - raft.server.log.segment.size.max = 1048576 (custom)
2019-09-26 09:57:17,260 [pool-87-thread-1] INFO  server.RaftServerConfigKeys (ConfUtils.java:logGet(43)) - raft.server.log.preallocated.size = 16384 (custom)
2019-09-26 09:57:17,260 [pool-87-thread-1] INFO  server.RaftServerConfigKeys (ConfUtils.java:logGet(43)) - raft.server.log.write.buffer.size = 33554432 (custom)
2019-09-26 09:57:17,260 [pool-87-thread-1] INFO  server.RaftServerConfigKeys (ConfUtils.java:logGet(43)) - raft.server.log.force.sync.num = 128 (default)
2019-09-26 09:57:17,260 [pool-87-thread-1] INFO  server.RaftServerConfigKeys (ConfUtils.java:logGet(43)) - raft.server.log.statemachine.data.sync = true (default)
2019-09-26 09:57:17,260 [pool-87-thread-1] INFO  server.RaftServerConfigKeys (ConfUtils.java:logGet(43)) - raft.server.log.statemachine.data.sync.timeout = 10s (default)
2019-09-26 09:57:17,261 [pool-87-thread-1] INFO  server.RaftServerConfigKeys (ConfUtils.java:logGet(43)) - raft.server.log.statemachine.data.sync.timeout.retry = -1 (default)
2019-09-26 09:57:17,261 [pool-87-thread-1] INFO  server.RaftServerConfigKeys (ConfUtils.java:logGet(43)) - raft.server.log.statemachine.data.caching.enabled = true (custom)
2019-09-26 09:57:17,261 [pool-87-thread-1] INFO  segmented.SegmentedRaftLogWorker (SegmentedRaftLogWorker.java:lambda$new$0(132)) - 4dfbf8da-55b7-40f3-96c3-7d511fd42a11@group-19BDBE166664-SegmentedRaftLogWorker: flushIndex: setUnconditionally 0 -> -1
2019-09-26 09:57:17,262 [pool-87-thread-1] INFO  server.RaftServerConfigKeys (ConfUtils.java:logGet(43)) - raft.server.snapshot.auto.trigger.enabled = true (custom)
2019-09-26 09:57:17,262 [pool-87-thread-1] INFO  server.RaftServerConfigKeys (ConfUtils.java:logGet(43)) - raft.server.snapshot.auto.trigger.threshold = 10000 (custom)
2019-09-26 09:57:17,262 [pool-87-thread-1] INFO  server.RaftServerConfigKeys (ConfUtils.java:logGet(43)) - raft.server.snapshot.retention.num.files = 5 (custom)
2019-09-26 09:57:17,262 [pool-87-thread-1] INFO  server.RaftServerConfigKeys (ConfUtils.java:logGet(43)) - raft.server.retrycache.expirytime = 600000ms (custom)
2019-09-26 09:57:17,266 [pool-87-thread-1] INFO  impl.RaftServerImpl (RaftServerImpl.java:start(185)) - 4dfbf8da-55b7-40f3-96c3-7d511fd42a11@group-19BDBE166664: start as a follower, conf=-1: [4dfbf8da-55b7-40f3-96c3-7d511fd42a11:192.168.30.13:46234], old=null
2019-09-26 09:57:17,266 [pool-87-thread-1] INFO  impl.RaftServerImpl (RaftServerImpl.java:setRole(174)) - 4dfbf8da-55b7-40f3-96c3-7d511fd42a11@group-19BDBE166664: changes role from      null to FOLLOWER at term 0 for startAsFollower
2019-09-26 09:57:17,266 [pool-87-thread-1] INFO  impl.RoleInfo (RoleInfo.java:updateAndGet(143)) - 4dfbf8da-55b7-40f3-96c3-7d511fd42a11: start FollowerState
2019-09-26 09:57:17,267 [pool-87-thread-1] INFO  util.JmxRegister (JmxRegister.java:tryRegister(44)) - Successfully registered JMX Bean with object name Ratis:service=RaftServer,group=group-19BDBE166664,id=4dfbf8da-55b7-40f3-96c3-7d511fd42a11
2019-09-26 09:57:17,273 [RatisPipelineUtilsThread] INFO  pipeline.PipelineStateManager (PipelineStateManager.java:addPipeline(56)) - Created pipeline Pipeline[ Id: 37c2a295-cf22-44e7-9389-19bdbe166664, Nodes: 4dfbf8da-55b7-40f3-96c3-7d511fd42a11{ip: 192.168.30.13, host: pr-hdds-1569-wvzgm-824869521, networkLocation: /default-rack, certSerialId: null}, Type:RATIS, Factor:ONE, State:OPEN]
2019-09-26 09:57:17,274 [RatisPipelineUtilsThread] INFO  pipeline.PipelinePlacementPolicy (PipelinePlacementPolicy.java:meetCriteria(91)) - Pipeline Placement: can't place more pipeline on heavy datanode： c0fe0384-ccc2-43dc-b812-8c8a482d02e6 Heaviness: 6 limit: 5
2019-09-26 09:57:17,274 [RatisPipelineUtilsThread] INFO  pipeline.PipelinePlacementPolicy (PipelinePlacementPolicy.java:meetCriteria(91)) - Pipeline Placement: can't place more pipeline on heavy datanode： 62a5622f-7436-420d-b3aa-8ce684692afe Heaviness: 6 limit: 5
2019-09-26 09:57:17,274 [RatisPipelineUtilsThread] INFO  pipeline.PipelinePlacementPolicy (PipelinePlacementPolicy.java:meetCriteria(91)) - Pipeline Placement: can't place more pipeline on heavy datanode： 9d66027e-d252-4dbd-9b93-1b4908d3cfc2 Heaviness: 6 limit: 5
2019-09-26 09:57:17,274 [RatisPipelineUtilsThread] INFO  pipeline.PipelinePlacementPolicy (PipelinePlacementPolicy.java:meetCriteria(91)) - Pipeline Placement: can't place more pipeline on heavy datanode： 4c024347-3506-43a2-ab40-8471edec8541 Heaviness: 6 limit: 5
2019-09-26 09:57:17,285 [grpc-default-executor-0] INFO  impl.RaftServerProxy (RaftServerProxy.java:addNew(89)) - 968d325c-530f-4bc5-8752-bd3f3c0aff18: addNew group-BB20B3982AD3:[968d325c-530f-4bc5-8752-bd3f3c0aff18:192.168.30.13:43732] returns group-BB20B3982AD3:java.util.concurrent.CompletableFuture@39334d0e[Not completed]
2019-09-26 09:57:17,286 [pool-27-thread-1] INFO  impl.RaftServerImpl (RaftServerImpl.java:<init>(95)) - 968d325c-530f-4bc5-8752-bd3f3c0aff18: new RaftServerImpl for group-BB20B3982AD3:[968d325c-530f-4bc5-8752-bd3f3c0aff18:192.168.30.13:43732] with ContainerStateMachine:uninitialized
2019-09-26 09:57:17,286 [pool-27-thread-1] INFO  server.RaftServerConfigKeys (ConfUtils.java:logGet(43)) - raft.server.rpc.timeout.min = 5s (custom)
2019-09-26 09:57:17,286 [pool-27-thread-1] INFO  server.RaftServerConfigKeys (ConfUtils.java:logGet(43)) - raft.server.rpc.timeout.max = 5200ms (custom)
2019-09-26 09:57:17,287 [pool-27-thread-1] INFO  server.RaftServerConfigKeys (ConfUtils.java:logGet(43)) - raft.server.rpcslowness.timeout = 120s (custom)
2019-09-26 09:57:17,287 [pool-27-thread-1] INFO  server.RaftServerConfigKeys (ConfUtils.java:logGet(43)) - raft.server.sleep.deviation.threshold = 300 (default)
2019-09-26 09:57:17,287 [pool-27-thread-1] INFO  server.RaftServerConfigKeys (ConfUtils.java:logGet(43)) - raft.server.log.appender.install.snapshot.enabled = false (custom)
2019-09-26 09:57:17,287 [pool-27-thread-1] INFO  impl.RaftServerImpl (ServerState.java:<init>(103)) - 968d325c-530f-4bc5-8752-bd3f3c0aff18@group-BB20B3982AD3: ConfigurationManager, init=-1: [968d325c-530f-4bc5-8752-bd3f3c0aff18:192.168.30.13:43732], old=null, confs=<EMPTY_MAP>
2019-09-26 09:57:17,287 [pool-27-thread-1] INFO  server.RaftServerConfigKeys (ConfUtils.java:logGet(43)) - raft.server.storage.dir = [/workdir/hadoop-ozone/integration-test/target/test-dir/MiniOzoneClusterImpl-02a89373-ff67-4b13-ad11-60194c127517/datanode-0/data/ratis] (custom)
2019-09-26 09:57:17,288 [pool-27-thread-1] INFO  storage.RaftStorageDirectory (RaftStorageDirectory.java:analyzeStorage(246)) - The storage directory /workdir/hadoop-ozone/integration-test/target/test-dir/MiniOzoneClusterImpl-02a89373-ff67-4b13-ad11-60194c127517/datanode-0/data/ratis/8fb3fa4e-3478-4527-b26b-bb20b3982ad3 does not exist. Creating ...
2019-09-26 09:57:17,298 [pool-27-thread-1] INFO  storage.RaftStorageDirectory (RaftStorageDirectory.java:tryLock(328)) - Lock on /workdir/hadoop-ozone/integration-test/target/test-dir/MiniOzoneClusterImpl-02a89373-ff67-4b13-ad11-60194c127517/datanode-0/data/ratis/8fb3fa4e-3478-4527-b26b-bb20b3982ad3/in_use.lock acquired by nodename 19604@pr-hdds-1569-wvzgm-824869521
2019-09-26 09:57:17,302 [pool-27-thread-1] INFO  storage.RaftStorage (RaftStorage.java:format(72)) - Storage directory /workdir/hadoop-ozone/integration-test/target/test-dir/MiniOzoneClusterImpl-02a89373-ff67-4b13-ad11-60194c127517/datanode-0/data/ratis/8fb3fa4e-3478-4527-b26b-bb20b3982ad3 has been successfully formatted.
2019-09-26 09:57:17,302 [pool-27-thread-1] INFO  ratis.ContainerStateMachine (ContainerStateMachine.java:loadSnapshot(230)) - group-BB20B3982AD3: The snapshot info is null. Setting the last applied indexto:(t:0, i:~)
2019-09-26 09:57:17,302 [pool-27-thread-1] INFO  server.RaftServerConfigKeys (ConfUtils.java:logGet(43)) - raft.server.notification.no-leader.timeout = 120s (custom)
2019-09-26 09:57:17,302 [pool-27-thread-1] INFO  server.RaftServerConfigKeys (ConfUtils.java:logGet(43)) - raft.server.log.use.memory = false (default)
2019-09-26 09:57:17,302 [pool-27-thread-1] INFO  server.RaftServerConfigKeys (ConfUtils.java:logGet(43)) - raft.server.log.purge.gap = 1000000 (custom)
2019-09-26 09:57:17,303 [pool-27-thread-1] INFO  server.RaftServerConfigKeys (ConfUtils.java:logGet(43)) - raft.server.log.appender.buffer.byte-limit = 33554432 (custom)
2019-09-26 09:57:17,303 [pool-27-thread-1] INFO  server.RaftServerConfigKeys (ConfUtils.java:logGet(43)) - raft.server.log.segment.size.max = 1048576 (custom)
2019-09-26 09:57:17,303 [pool-27-thread-1] INFO  server.RaftServerConfigKeys (ConfUtils.java:logGet(43)) - raft.server.log.segment.cache.num.max = 2 (custom)
2019-09-26 09:57:17,303 [pool-27-thread-1] INFO  segmented.SegmentedRaftLogWorker (SegmentedRaftLogWorker.java:<init>(172)) - new 968d325c-530f-4bc5-8752-bd3f3c0aff18@group-BB20B3982AD3-SegmentedRaftLogWorker for RaftStorage:Storage Directory /workdir/hadoop-ozone/integration-test/target/test-dir/MiniOzoneClusterImpl-02a89373-ff67-4b13-ad11-60194c127517/datanode-0/data/ratis/8fb3fa4e-3478-4527-b26b-bb20b3982ad3
2019-09-26 09:57:17,303 [pool-27-thread-1] INFO  server.RaftServerConfigKeys (ConfUtils.java:logGet(43)) - raft.server.log.queue.byte-limit = 2147483647 (custom)
2019-09-26 09:57:17,303 [pool-27-thread-1] INFO  server.RaftServerConfigKeys (ConfUtils.java:logGet(43)) - raft.server.log.queue.element-limit = 1024 (custom)
2019-09-26 09:57:17,303 [pool-27-thread-1] INFO  server.RaftServerConfigKeys (ConfUtils.java:logGet(43)) - raft.server.log.segment.size.max = 1048576 (custom)
2019-09-26 09:57:17,303 [pool-27-thread-1] INFO  server.RaftServerConfigKeys (ConfUtils.java:logGet(43)) - raft.server.log.preallocated.size = 16384 (custom)
2019-09-26 09:57:17,303 [pool-27-thread-1] INFO  server.RaftServerConfigKeys (ConfUtils.java:logGet(43)) - raft.server.log.write.buffer.size = 33554432 (custom)
2019-09-26 09:57:17,304 [pool-27-thread-1] INFO  server.RaftServerConfigKeys (ConfUtils.java:logGet(43)) - raft.server.log.force.sync.num = 128 (default)
2019-09-26 09:57:17,304 [pool-27-thread-1] INFO  server.RaftServerConfigKeys (ConfUtils.java:logGet(43)) - raft.server.log.statemachine.data.sync = true (default)
2019-09-26 09:57:17,304 [pool-27-thread-1] INFO  server.RaftServerConfigKeys (ConfUtils.java:logGet(43)) - raft.server.log.statemachine.data.sync.timeout = 10s (default)
2019-09-26 09:57:17,304 [pool-27-thread-1] INFO  server.RaftServerConfigKeys (ConfUtils.java:logGet(43)) - raft.server.log.statemachine.data.sync.timeout.retry = -1 (default)
2019-09-26 09:57:17,304 [pool-27-thread-1] INFO  server.RaftServerConfigKeys (ConfUtils.java:logGet(43)) - raft.server.log.statemachine.data.caching.enabled = true (custom)
2019-09-26 09:57:17,304 [pool-27-thread-1] INFO  segmented.SegmentedRaftLogWorker (SegmentedRaftLogWorker.java:lambda$new$0(132)) - 968d325c-530f-4bc5-8752-bd3f3c0aff18@group-BB20B3982AD3-SegmentedRaftLogWorker: flushIndex: setUnconditionally 0 -> -1
2019-09-26 09:57:17,305 [pool-27-thread-1] INFO  server.RaftServerConfigKeys (ConfUtils.java:logGet(43)) - raft.server.snapshot.auto.trigger.enabled = true (custom)
2019-09-26 09:57:17,305 [pool-27-thread-1] INFO  server.RaftServerConfigKeys (ConfUtils.java:logGet(43)) - raft.server.snapshot.auto.trigger.threshold = 10000 (custom)
2019-09-26 09:57:17,305 [pool-27-thread-1] INFO  server.RaftServerConfigKeys (ConfUtils.java:logGet(43)) - raft.server.snapshot.retention.num.files = 5 (custom)
2019-09-26 09:57:17,305 [pool-27-thread-1] INFO  server.RaftServerConfigKeys (ConfUtils.java:logGet(43)) - raft.server.retrycache.expirytime = 600000ms (custom)
2019-09-26 09:57:17,307 [pool-27-thread-1] INFO  impl.RaftServerImpl (RaftServerImpl.java:start(185)) - 968d325c-530f-4bc5-8752-bd3f3c0aff18@group-BB20B3982AD3: start as a follower, conf=-1: [968d325c-530f-4bc5-8752-bd3f3c0aff18:192.168.30.13:43732], old=null
2019-09-26 09:57:17,307 [pool-27-thread-1] INFO  impl.RaftServerImpl (RaftServerImpl.java:setRole(174)) - 968d325c-530f-4bc5-8752-bd3f3c0aff18@group-BB20B3982AD3: changes role from      null to FOLLOWER at term 0 for startAsFollower
2019-09-26 09:57:17,307 [pool-27-thread-1] INFO  impl.RoleInfo (RoleInfo.java:updateAndGet(143)) - 968d325c-530f-4bc5-8752-bd3f3c0aff18: start FollowerState
2019-09-26 09:57:17,307 [pool-27-thread-1] INFO  util.JmxRegister (JmxRegister.java:tryRegister(44)) - Successfully registered JMX Bean with object name Ratis:service=RaftServer,group=group-BB20B3982AD3,id=968d325c-530f-4bc5-8752-bd3f3c0aff18
2019-09-26 09:57:17,312 [RatisPipelineUtilsThread] INFO  pipeline.PipelineStateManager (PipelineStateManager.java:addPipeline(56)) - Created pipeline Pipeline[ Id: 8fb3fa4e-3478-4527-b26b-bb20b3982ad3, Nodes: 968d325c-530f-4bc5-8752-bd3f3c0aff18{ip: 192.168.30.13, host: pr-hdds-1569-wvzgm-824869521, networkLocation: /default-rack, certSerialId: null}, Type:RATIS, Factor:ONE, State:OPEN]
2019-09-26 09:57:17,312 [RatisPipelineUtilsThread] INFO  pipeline.PipelinePlacementPolicy (PipelinePlacementPolicy.java:meetCriteria(91)) - Pipeline Placement: can't place more pipeline on heavy datanode： 968d325c-530f-4bc5-8752-bd3f3c0aff18 Heaviness: 6 limit: 5
2019-09-26 09:57:17,313 [RatisPipelineUtilsThread] INFO  pipeline.PipelinePlacementPolicy (PipelinePlacementPolicy.java:meetCriteria(91)) - Pipeline Placement: can't place more pipeline on heavy datanode： c0fe0384-ccc2-43dc-b812-8c8a482d02e6 Heaviness: 6 limit: 5
2019-09-26 09:57:17,313 [RatisPipelineUtilsThread] INFO  pipeline.PipelinePlacementPolicy (PipelinePlacementPolicy.java:meetCriteria(91)) - Pipeline Placement: can't place more pipeline on heavy datanode： 62a5622f-7436-420d-b3aa-8ce684692afe Heaviness: 6 limit: 5
2019-09-26 09:57:17,313 [RatisPipelineUtilsThread] INFO  pipeline.PipelinePlacementPolicy (PipelinePlacementPolicy.java:meetCriteria(91)) - Pipeline Placement: can't place more pipeline on heavy datanode： 9d66027e-d252-4dbd-9b93-1b4908d3cfc2 Heaviness: 6 limit: 5
2019-09-26 09:57:17,313 [RatisPipelineUtilsThread] INFO  pipeline.PipelinePlacementPolicy (PipelinePlacementPolicy.java:meetCriteria(91)) - Pipeline Placement: can't place more pipeline on heavy datanode： 4c024347-3506-43a2-ab40-8471edec8541 Heaviness: 6 limit: 5
2019-09-26 09:57:17,322 [grpc-default-executor-0] INFO  impl.RaftServerProxy (RaftServerProxy.java:addNew(89)) - 4dfbf8da-55b7-40f3-96c3-7d511fd42a11: addNew group-2DAEB5B40F8A:[4dfbf8da-55b7-40f3-96c3-7d511fd42a11:192.168.30.13:46234] returns group-2DAEB5B40F8A:java.util.concurrent.CompletableFuture@1bb176a6[Not completed]
2019-09-26 09:57:17,323 [pool-87-thread-1] INFO  impl.RaftServerImpl (RaftServerImpl.java:<init>(95)) - 4dfbf8da-55b7-40f3-96c3-7d511fd42a11: new RaftServerImpl for group-2DAEB5B40F8A:[4dfbf8da-55b7-40f3-96c3-7d511fd42a11:192.168.30.13:46234] with ContainerStateMachine:uninitialized
2019-09-26 09:57:17,323 [pool-87-thread-1] INFO  server.RaftServerConfigKeys (ConfUtils.java:logGet(43)) - raft.server.rpc.timeout.min = 5s (custom)
2019-09-26 09:57:17,323 [pool-87-thread-1] INFO  server.RaftServerConfigKeys (ConfUtils.java:logGet(43)) - raft.server.rpc.timeout.max = 5200ms (custom)
2019-09-26 09:57:17,324 [pool-87-thread-1] INFO  server.RaftServerConfigKeys (ConfUtils.java:logGet(43)) - raft.server.rpcslowness.timeout = 120s (custom)
2019-09-26 09:57:17,324 [pool-87-thread-1] INFO  server.RaftServerConfigKeys (ConfUtils.java:logGet(43)) - raft.server.sleep.deviation.threshold = 300 (default)
2019-09-26 09:57:17,324 [pool-87-thread-1] INFO  server.RaftServerConfigKeys (ConfUtils.java:logGet(43)) - raft.server.log.appender.install.snapshot.enabled = false (custom)
2019-09-26 09:57:17,324 [pool-87-thread-1] INFO  impl.RaftServerImpl (ServerState.java:<init>(103)) - 4dfbf8da-55b7-40f3-96c3-7d511fd42a11@group-2DAEB5B40F8A: ConfigurationManager, init=-1: [4dfbf8da-55b7-40f3-96c3-7d511fd42a11:192.168.30.13:46234], old=null, confs=<EMPTY_MAP>
2019-09-26 09:57:17,324 [pool-87-thread-1] INFO  server.RaftServerConfigKeys (ConfUtils.java:logGet(43)) - raft.server.storage.dir = [/workdir/hadoop-ozone/integration-test/target/test-dir/MiniOzoneClusterImpl-02a89373-ff67-4b13-ad11-60194c127517/datanode-6/data/ratis] (custom)
2019-09-26 09:57:17,324 [pool-87-thread-1] INFO  storage.RaftStorageDirectory (RaftStorageDirectory.java:analyzeStorage(246)) - The storage directory /workdir/hadoop-ozone/integration-test/target/test-dir/MiniOzoneClusterImpl-02a89373-ff67-4b13-ad11-60194c127517/datanode-6/data/ratis/dff39866-a67c-48ab-8769-2daeb5b40f8a does not exist. Creating ...
2019-09-26 09:57:17,331 [pool-87-thread-1] INFO  storage.RaftStorageDirectory (RaftStorageDirectory.java:tryLock(328)) - Lock on /workdir/hadoop-ozone/integration-test/target/test-dir/MiniOzoneClusterImpl-02a89373-ff67-4b13-ad11-60194c127517/datanode-6/data/ratis/dff39866-a67c-48ab-8769-2daeb5b40f8a/in_use.lock acquired by nodename 19604@pr-hdds-1569-wvzgm-824869521
2019-09-26 09:57:17,335 [pool-87-thread-1] INFO  storage.RaftStorage (RaftStorage.java:format(72)) - Storage directory /workdir/hadoop-ozone/integration-test/target/test-dir/MiniOzoneClusterImpl-02a89373-ff67-4b13-ad11-60194c127517/datanode-6/data/ratis/dff39866-a67c-48ab-8769-2daeb5b40f8a has been successfully formatted.
2019-09-26 09:57:17,335 [pool-87-thread-1] INFO  ratis.ContainerStateMachine (ContainerStateMachine.java:loadSnapshot(230)) - group-2DAEB5B40F8A: The snapshot info is null. Setting the last applied indexto:(t:0, i:~)
2019-09-26 09:57:17,335 [pool-87-thread-1] INFO  server.RaftServerConfigKeys (ConfUtils.java:logGet(43)) - raft.server.notification.no-leader.timeout = 120s (custom)
2019-09-26 09:57:17,335 [pool-87-thread-1] INFO  server.RaftServerConfigKeys (ConfUtils.java:logGet(43)) - raft.server.log.use.memory = false (default)
2019-09-26 09:57:17,335 [pool-87-thread-1] INFO  server.RaftServerConfigKeys (ConfUtils.java:logGet(43)) - raft.server.log.purge.gap = 1000000 (custom)
2019-09-26 09:57:17,336 [pool-87-thread-1] INFO  server.RaftServerConfigKeys (ConfUtils.java:logGet(43)) - raft.server.log.appender.buffer.byte-limit = 33554432 (custom)
2019-09-26 09:57:17,336 [pool-87-thread-1] INFO  server.RaftServerConfigKeys (ConfUtils.java:logGet(43)) - raft.server.log.segment.size.max = 1048576 (custom)
2019-09-26 09:57:17,336 [pool-87-thread-1] INFO  server.RaftServerConfigKeys (ConfUtils.java:logGet(43)) - raft.server.log.segment.cache.num.max = 2 (custom)
2019-09-26 09:57:17,336 [pool-87-thread-1] INFO  segmented.SegmentedRaftLogWorker (SegmentedRaftLogWorker.java:<init>(172)) - new 4dfbf8da-55b7-40f3-96c3-7d511fd42a11@group-2DAEB5B40F8A-SegmentedRaftLogWorker for RaftStorage:Storage Directory /workdir/hadoop-ozone/integration-test/target/test-dir/MiniOzoneClusterImpl-02a89373-ff67-4b13-ad11-60194c127517/datanode-6/data/ratis/dff39866-a67c-48ab-8769-2daeb5b40f8a
2019-09-26 09:57:17,336 [pool-87-thread-1] INFO  server.RaftServerConfigKeys (ConfUtils.java:logGet(43)) - raft.server.log.queue.byte-limit = 2147483647 (custom)
2019-09-26 09:57:17,336 [pool-87-thread-1] INFO  server.RaftServerConfigKeys (ConfUtils.java:logGet(43)) - raft.server.log.queue.element-limit = 1024 (custom)
2019-09-26 09:57:17,336 [pool-87-thread-1] INFO  server.RaftServerConfigKeys (ConfUtils.java:logGet(43)) - raft.server.log.segment.size.max = 1048576 (custom)
2019-09-26 09:57:17,337 [pool-87-thread-1] INFO  server.RaftServerConfigKeys (ConfUtils.java:logGet(43)) - raft.server.log.preallocated.size = 16384 (custom)
2019-09-26 09:57:17,337 [pool-87-thread-1] INFO  server.RaftServerConfigKeys (ConfUtils.java:logGet(43)) - raft.server.log.write.buffer.size = 33554432 (custom)
2019-09-26 09:57:17,337 [pool-87-thread-1] INFO  server.RaftServerConfigKeys (ConfUtils.java:logGet(43)) - raft.server.log.force.sync.num = 128 (default)
2019-09-26 09:57:17,337 [pool-87-thread-1] INFO  server.RaftServerConfigKeys (ConfUtils.java:logGet(43)) - raft.server.log.statemachine.data.sync = true (default)
2019-09-26 09:57:17,337 [pool-87-thread-1] INFO  server.RaftServerConfigKeys (ConfUtils.java:logGet(43)) - raft.server.log.statemachine.data.sync.timeout = 10s (default)
2019-09-26 09:57:17,337 [pool-87-thread-1] INFO  server.RaftServerConfigKeys (ConfUtils.java:logGet(43)) - raft.server.log.statemachine.data.sync.timeout.retry = -1 (default)
2019-09-26 09:57:17,337 [pool-87-thread-1] INFO  server.RaftServerConfigKeys (ConfUtils.java:logGet(43)) - raft.server.log.statemachine.data.caching.enabled = true (custom)
2019-09-26 09:57:17,338 [pool-87-thread-1] INFO  segmented.SegmentedRaftLogWorker (SegmentedRaftLogWorker.java:lambda$new$0(132)) - 4dfbf8da-55b7-40f3-96c3-7d511fd42a11@group-2DAEB5B40F8A-SegmentedRaftLogWorker: flushIndex: setUnconditionally 0 -> -1
2019-09-26 09:57:17,338 [pool-87-thread-1] INFO  server.RaftServerConfigKeys (ConfUtils.java:logGet(43)) - raft.server.snapshot.auto.trigger.enabled = true (custom)
2019-09-26 09:57:17,338 [pool-87-thread-1] INFO  server.RaftServerConfigKeys (ConfUtils.java:logGet(43)) - raft.server.snapshot.auto.trigger.threshold = 10000 (custom)
2019-09-26 09:57:17,338 [pool-87-thread-1] INFO  server.RaftServerConfigKeys (ConfUtils.java:logGet(43)) - raft.server.snapshot.retention.num.files = 5 (custom)
2019-09-26 09:57:17,338 [pool-87-thread-1] INFO  server.RaftServerConfigKeys (ConfUtils.java:logGet(43)) - raft.server.retrycache.expirytime = 600000ms (custom)
2019-09-26 09:57:17,341 [pool-87-thread-1] INFO  impl.RaftServerImpl (RaftServerImpl.java:start(185)) - 4dfbf8da-55b7-40f3-96c3-7d511fd42a11@group-2DAEB5B40F8A: start as a follower, conf=-1: [4dfbf8da-55b7-40f3-96c3-7d511fd42a11:192.168.30.13:46234], old=null
2019-09-26 09:57:17,341 [pool-87-thread-1] INFO  impl.RaftServerImpl (RaftServerImpl.java:setRole(174)) - 4dfbf8da-55b7-40f3-96c3-7d511fd42a11@group-2DAEB5B40F8A: changes role from      null to FOLLOWER at term 0 for startAsFollower
2019-09-26 09:57:17,341 [pool-87-thread-1] INFO  impl.RoleInfo (RoleInfo.java:updateAndGet(143)) - 4dfbf8da-55b7-40f3-96c3-7d511fd42a11: start FollowerState
2019-09-26 09:57:17,342 [pool-87-thread-1] INFO  util.JmxRegister (JmxRegister.java:tryRegister(44)) - Successfully registered JMX Bean with object name Ratis:service=RaftServer,group=group-2DAEB5B40F8A,id=4dfbf8da-55b7-40f3-96c3-7d511fd42a11
2019-09-26 09:57:17,342 [Thread-238] INFO  container.ReplicationManager (ReplicationManager.java:start(163)) - Starting Replication Monitor Thread.
2019-09-26 09:57:17,346 [ReplicationMonitor] INFO  container.ReplicationManager (ReplicationManager.java:run(226)) - Replication Monitor Thread took 0 milliseconds for processing 0 containers.
2019-09-26 09:57:17,347 [RatisPipelineUtilsThread] INFO  pipeline.PipelineStateManager (PipelineStateManager.java:addPipeline(56)) - Created pipeline Pipeline[ Id: dff39866-a67c-48ab-8769-2daeb5b40f8a, Nodes: 4dfbf8da-55b7-40f3-96c3-7d511fd42a11{ip: 192.168.30.13, host: pr-hdds-1569-wvzgm-824869521, networkLocation: /default-rack, certSerialId: null}, Type:RATIS, Factor:ONE, State:OPEN]
2019-09-26 09:57:17,347 [RatisPipelineUtilsThread] INFO  pipeline.PipelinePlacementPolicy (PipelinePlacementPolicy.java:meetCriteria(91)) - Pipeline Placement: can't place more pipeline on heavy datanode： 968d325c-530f-4bc5-8752-bd3f3c0aff18 Heaviness: 6 limit: 5
2019-09-26 09:57:17,347 [RatisPipelineUtilsThread] INFO  pipeline.PipelinePlacementPolicy (PipelinePlacementPolicy.java:meetCriteria(91)) - Pipeline Placement: can't place more pipeline on heavy datanode： c0fe0384-ccc2-43dc-b812-8c8a482d02e6 Heaviness: 6 limit: 5
2019-09-26 09:57:17,348 [RatisPipelineUtilsThread] INFO  pipeline.PipelinePlacementPolicy (PipelinePlacementPolicy.java:meetCriteria(91)) - Pipeline Placement: can't place more pipeline on heavy datanode： 62a5622f-7436-420d-b3aa-8ce684692afe Heaviness: 6 limit: 5
2019-09-26 09:57:17,348 [RatisPipelineUtilsThread] INFO  pipeline.PipelinePlacementPolicy (PipelinePlacementPolicy.java:meetCriteria(91)) - Pipeline Placement: can't place more pipeline on heavy datanode： 9d66027e-d252-4dbd-9b93-1b4908d3cfc2 Heaviness: 6 limit: 5
2019-09-26 09:57:17,348 [RatisPipelineUtilsThread] INFO  pipeline.PipelinePlacementPolicy (PipelinePlacementPolicy.java:meetCriteria(91)) - Pipeline Placement: can't place more pipeline on heavy datanode： 4c024347-3506-43a2-ab40-8471edec8541 Heaviness: 6 limit: 5
2019-09-26 09:57:17,356 [grpc-default-executor-0] INFO  impl.RaftServerProxy (RaftServerProxy.java:addNew(89)) - d195cc70-2ea8-4d9b-90c7-21e4a6c9bd0d: addNew group-79D50B39D669:[d195cc70-2ea8-4d9b-90c7-21e4a6c9bd0d:192.168.30.13:39349] returns group-79D50B39D669:java.util.concurrent.CompletableFuture@67761fe[Not completed]
2019-09-26 09:57:17,357 [pool-77-thread-1] INFO  impl.RaftServerImpl (RaftServerImpl.java:<init>(95)) - d195cc70-2ea8-4d9b-90c7-21e4a6c9bd0d: new RaftServerImpl for group-79D50B39D669:[d195cc70-2ea8-4d9b-90c7-21e4a6c9bd0d:192.168.30.13:39349] with ContainerStateMachine:uninitialized
2019-09-26 09:57:17,358 [pool-77-thread-1] INFO  server.RaftServerConfigKeys (ConfUtils.java:logGet(43)) - raft.server.rpc.timeout.min = 5s (custom)
2019-09-26 09:57:17,358 [pool-77-thread-1] INFO  server.RaftServerConfigKeys (ConfUtils.java:logGet(43)) - raft.server.rpc.timeout.max = 5200ms (custom)
2019-09-26 09:57:17,358 [pool-77-thread-1] INFO  server.RaftServerConfigKeys (ConfUtils.java:logGet(43)) - raft.server.rpcslowness.timeout = 120s (custom)
2019-09-26 09:57:17,358 [pool-77-thread-1] INFO  server.RaftServerConfigKeys (ConfUtils.java:logGet(43)) - raft.server.sleep.deviation.threshold = 300 (default)
2019-09-26 09:57:17,358 [pool-77-thread-1] INFO  server.RaftServerConfigKeys (ConfUtils.java:logGet(43)) - raft.server.log.appender.install.snapshot.enabled = false (custom)
2019-09-26 09:57:17,358 [pool-77-thread-1] INFO  impl.RaftServerImpl (ServerState.java:<init>(103)) - d195cc70-2ea8-4d9b-90c7-21e4a6c9bd0d@group-79D50B39D669: ConfigurationManager, init=-1: [d195cc70-2ea8-4d9b-90c7-21e4a6c9bd0d:192.168.30.13:39349], old=null, confs=<EMPTY_MAP>
2019-09-26 09:57:17,358 [pool-77-thread-1] INFO  server.RaftServerConfigKeys (ConfUtils.java:logGet(43)) - raft.server.storage.dir = [/workdir/hadoop-ozone/integration-test/target/test-dir/MiniOzoneClusterImpl-02a89373-ff67-4b13-ad11-60194c127517/datanode-5/data/ratis] (custom)
2019-09-26 09:57:17,359 [pool-77-thread-1] INFO  storage.RaftStorageDirectory (RaftStorageDirectory.java:analyzeStorage(246)) - The storage directory /workdir/hadoop-ozone/integration-test/target/test-dir/MiniOzoneClusterImpl-02a89373-ff67-4b13-ad11-60194c127517/datanode-5/data/ratis/31aa9638-aaa9-44e7-a03f-79d50b39d669 does not exist. Creating ...
2019-09-26 09:57:17,375 [pool-77-thread-1] INFO  storage.RaftStorageDirectory (RaftStorageDirectory.java:tryLock(328)) - Lock on /workdir/hadoop-ozone/integration-test/target/test-dir/MiniOzoneClusterImpl-02a89373-ff67-4b13-ad11-60194c127517/datanode-5/data/ratis/31aa9638-aaa9-44e7-a03f-79d50b39d669/in_use.lock acquired by nodename 19604@pr-hdds-1569-wvzgm-824869521
2019-09-26 09:57:17,389 [pool-77-thread-1] INFO  storage.RaftStorage (RaftStorage.java:format(72)) - Storage directory /workdir/hadoop-ozone/integration-test/target/test-dir/MiniOzoneClusterImpl-02a89373-ff67-4b13-ad11-60194c127517/datanode-5/data/ratis/31aa9638-aaa9-44e7-a03f-79d50b39d669 has been successfully formatted.
2019-09-26 09:57:17,390 [pool-77-thread-1] INFO  ratis.ContainerStateMachine (ContainerStateMachine.java:loadSnapshot(230)) - group-79D50B39D669: The snapshot info is null. Setting the last applied indexto:(t:0, i:~)
2019-09-26 09:57:17,390 [pool-77-thread-1] INFO  server.RaftServerConfigKeys (ConfUtils.java:logGet(43)) - raft.server.notification.no-leader.timeout = 120s (custom)
2019-09-26 09:57:17,390 [pool-77-thread-1] INFO  server.RaftServerConfigKeys (ConfUtils.java:logGet(43)) - raft.server.log.use.memory = false (default)
2019-09-26 09:57:17,390 [pool-77-thread-1] INFO  server.RaftServerConfigKeys (ConfUtils.java:logGet(43)) - raft.server.log.purge.gap = 1000000 (custom)
2019-09-26 09:57:17,390 [pool-77-thread-1] INFO  server.RaftServerConfigKeys (ConfUtils.java:logGet(43)) - raft.server.log.appender.buffer.byte-limit = 33554432 (custom)
2019-09-26 09:57:17,390 [pool-77-thread-1] INFO  server.RaftServerConfigKeys (ConfUtils.java:logGet(43)) - raft.server.log.segment.size.max = 1048576 (custom)
2019-09-26 09:57:17,390 [pool-77-thread-1] INFO  server.RaftServerConfigKeys (ConfUtils.java:logGet(43)) - raft.server.log.segment.cache.num.max = 2 (custom)
2019-09-26 09:57:17,391 [pool-77-thread-1] INFO  segmented.SegmentedRaftLogWorker (SegmentedRaftLogWorker.java:<init>(172)) - new d195cc70-2ea8-4d9b-90c7-21e4a6c9bd0d@group-79D50B39D669-SegmentedRaftLogWorker for RaftStorage:Storage Directory /workdir/hadoop-ozone/integration-test/target/test-dir/MiniOzoneClusterImpl-02a89373-ff67-4b13-ad11-60194c127517/datanode-5/data/ratis/31aa9638-aaa9-44e7-a03f-79d50b39d669
2019-09-26 09:57:17,391 [pool-77-thread-1] INFO  server.RaftServerConfigKeys (ConfUtils.java:logGet(43)) - raft.server.log.queue.byte-limit = 2147483647 (custom)
2019-09-26 09:57:17,391 [pool-77-thread-1] INFO  server.RaftServerConfigKeys (ConfUtils.java:logGet(43)) - raft.server.log.queue.element-limit = 1024 (custom)
2019-09-26 09:57:17,391 [pool-77-thread-1] INFO  server.RaftServerConfigKeys (ConfUtils.java:logGet(43)) - raft.server.log.segment.size.max = 1048576 (custom)
2019-09-26 09:57:17,391 [pool-77-thread-1] INFO  server.RaftServerConfigKeys (ConfUtils.java:logGet(43)) - raft.server.log.preallocated.size = 16384 (custom)
2019-09-26 09:57:17,391 [pool-77-thread-1] INFO  server.RaftServerConfigKeys (ConfUtils.java:logGet(43)) - raft.server.log.write.buffer.size = 33554432 (custom)
2019-09-26 09:57:17,391 [pool-77-thread-1] INFO  server.RaftServerConfigKeys (ConfUtils.java:logGet(43)) - raft.server.log.force.sync.num = 128 (default)
2019-09-26 09:57:17,391 [pool-77-thread-1] INFO  server.RaftServerConfigKeys (ConfUtils.java:logGet(43)) - raft.server.log.statemachine.data.sync = true (default)
2019-09-26 09:57:17,391 [pool-77-thread-1] INFO  server.RaftServerConfigKeys (ConfUtils.java:logGet(43)) - raft.server.log.statemachine.data.sync.timeout = 10s (default)
2019-09-26 09:57:17,392 [pool-77-thread-1] INFO  server.RaftServerConfigKeys (ConfUtils.java:logGet(43)) - raft.server.log.statemachine.data.sync.timeout.retry = -1 (default)
2019-09-26 09:57:17,392 [pool-77-thread-1] INFO  server.RaftServerConfigKeys (ConfUtils.java:logGet(43)) - raft.server.log.statemachine.data.caching.enabled = true (custom)
2019-09-26 09:57:17,392 [pool-77-thread-1] INFO  segmented.SegmentedRaftLogWorker (SegmentedRaftLogWorker.java:lambda$new$0(132)) - d195cc70-2ea8-4d9b-90c7-21e4a6c9bd0d@group-79D50B39D669-SegmentedRaftLogWorker: flushIndex: setUnconditionally 0 -> -1
2019-09-26 09:57:17,392 [pool-77-thread-1] INFO  server.RaftServerConfigKeys (ConfUtils.java:logGet(43)) - raft.server.snapshot.auto.trigger.enabled = true (custom)
2019-09-26 09:57:17,392 [pool-77-thread-1] INFO  server.RaftServerConfigKeys (ConfUtils.java:logGet(43)) - raft.server.snapshot.auto.trigger.threshold = 10000 (custom)
2019-09-26 09:57:17,393 [pool-77-thread-1] INFO  server.RaftServerConfigKeys (ConfUtils.java:logGet(43)) - raft.server.snapshot.retention.num.files = 5 (custom)
2019-09-26 09:57:17,393 [pool-77-thread-1] INFO  server.RaftServerConfigKeys (ConfUtils.java:logGet(43)) - raft.server.retrycache.expirytime = 600000ms (custom)
2019-09-26 09:57:17,395 [pool-77-thread-1] INFO  impl.RaftServerImpl (RaftServerImpl.java:start(185)) - d195cc70-2ea8-4d9b-90c7-21e4a6c9bd0d@group-79D50B39D669: start as a follower, conf=-1: [d195cc70-2ea8-4d9b-90c7-21e4a6c9bd0d:192.168.30.13:39349], old=null
2019-09-26 09:57:17,395 [pool-77-thread-1] INFO  impl.RaftServerImpl (RaftServerImpl.java:setRole(174)) - d195cc70-2ea8-4d9b-90c7-21e4a6c9bd0d@group-79D50B39D669: changes role from      null to FOLLOWER at term 0 for startAsFollower
2019-09-26 09:57:17,395 [pool-77-thread-1] INFO  impl.RoleInfo (RoleInfo.java:updateAndGet(143)) - d195cc70-2ea8-4d9b-90c7-21e4a6c9bd0d: start FollowerState
2019-09-26 09:57:17,395 [pool-77-thread-1] INFO  util.JmxRegister (JmxRegister.java:tryRegister(44)) - Successfully registered JMX Bean with object name Ratis:service=RaftServer,group=group-79D50B39D669,id=d195cc70-2ea8-4d9b-90c7-21e4a6c9bd0d
2019-09-26 09:57:17,400 [RatisPipelineUtilsThread] INFO  pipeline.PipelineStateManager (PipelineStateManager.java:addPipeline(56)) - Created pipeline Pipeline[ Id: 31aa9638-aaa9-44e7-a03f-79d50b39d669, Nodes: d195cc70-2ea8-4d9b-90c7-21e4a6c9bd0d{ip: 192.168.30.13, host: pr-hdds-1569-wvzgm-824869521, networkLocation: /default-rack, certSerialId: null}, Type:RATIS, Factor:ONE, State:OPEN]
2019-09-26 09:57:17,400 [RatisPipelineUtilsThread] INFO  pipeline.PipelinePlacementPolicy (PipelinePlacementPolicy.java:meetCriteria(91)) - Pipeline Placement: can't place more pipeline on heavy datanode： 968d325c-530f-4bc5-8752-bd3f3c0aff18 Heaviness: 6 limit: 5
2019-09-26 09:57:17,400 [RatisPipelineUtilsThread] INFO  pipeline.PipelinePlacementPolicy (PipelinePlacementPolicy.java:meetCriteria(91)) - Pipeline Placement: can't place more pipeline on heavy datanode： c0fe0384-ccc2-43dc-b812-8c8a482d02e6 Heaviness: 6 limit: 5
2019-09-26 09:57:17,400 [RatisPipelineUtilsThread] INFO  pipeline.PipelinePlacementPolicy (PipelinePlacementPolicy.java:meetCriteria(91)) - Pipeline Placement: can't place more pipeline on heavy datanode： 62a5622f-7436-420d-b3aa-8ce684692afe Heaviness: 6 limit: 5
2019-09-26 09:57:17,400 [RatisPipelineUtilsThread] INFO  pipeline.PipelinePlacementPolicy (PipelinePlacementPolicy.java:meetCriteria(91)) - Pipeline Placement: can't place more pipeline on heavy datanode： 9d66027e-d252-4dbd-9b93-1b4908d3cfc2 Heaviness: 6 limit: 5
2019-09-26 09:57:17,401 [RatisPipelineUtilsThread] INFO  pipeline.PipelinePlacementPolicy (PipelinePlacementPolicy.java:meetCriteria(91)) - Pipeline Placement: can't place more pipeline on heavy datanode： 4c024347-3506-43a2-ab40-8471edec8541 Heaviness: 6 limit: 5
2019-09-26 09:57:17,408 [grpc-default-executor-0] INFO  impl.RaftServerProxy (RaftServerProxy.java:addNew(89)) - d195cc70-2ea8-4d9b-90c7-21e4a6c9bd0d: addNew group-A98BC6075B1D:[d195cc70-2ea8-4d9b-90c7-21e4a6c9bd0d:192.168.30.13:39349] returns group-A98BC6075B1D:java.util.concurrent.CompletableFuture@6e6cdffd[Not completed]
2019-09-26 09:57:17,409 [pool-77-thread-1] INFO  impl.RaftServerImpl (RaftServerImpl.java:<init>(95)) - d195cc70-2ea8-4d9b-90c7-21e4a6c9bd0d: new RaftServerImpl for group-A98BC6075B1D:[d195cc70-2ea8-4d9b-90c7-21e4a6c9bd0d:192.168.30.13:39349] with ContainerStateMachine:uninitialized
2019-09-26 09:57:17,409 [pool-77-thread-1] INFO  server.RaftServerConfigKeys (ConfUtils.java:logGet(43)) - raft.server.rpc.timeout.min = 5s (custom)
2019-09-26 09:57:17,410 [pool-77-thread-1] INFO  server.RaftServerConfigKeys (ConfUtils.java:logGet(43)) - raft.server.rpc.timeout.max = 5200ms (custom)
2019-09-26 09:57:17,410 [pool-77-thread-1] INFO  server.RaftServerConfigKeys (ConfUtils.java:logGet(43)) - raft.server.rpcslowness.timeout = 120s (custom)
2019-09-26 09:57:17,410 [pool-77-thread-1] INFO  server.RaftServerConfigKeys (ConfUtils.java:logGet(43)) - raft.server.sleep.deviation.threshold = 300 (default)
2019-09-26 09:57:17,410 [pool-77-thread-1] INFO  server.RaftServerConfigKeys (ConfUtils.java:logGet(43)) - raft.server.log.appender.install.snapshot.enabled = false (custom)
2019-09-26 09:57:17,410 [pool-77-thread-1] INFO  impl.RaftServerImpl (ServerState.java:<init>(103)) - d195cc70-2ea8-4d9b-90c7-21e4a6c9bd0d@group-A98BC6075B1D: ConfigurationManager, init=-1: [d195cc70-2ea8-4d9b-90c7-21e4a6c9bd0d:192.168.30.13:39349], old=null, confs=<EMPTY_MAP>
2019-09-26 09:57:17,410 [pool-77-thread-1] INFO  server.RaftServerConfigKeys (ConfUtils.java:logGet(43)) - raft.server.storage.dir = [/workdir/hadoop-ozone/integration-test/target/test-dir/MiniOzoneClusterImpl-02a89373-ff67-4b13-ad11-60194c127517/datanode-5/data/ratis] (custom)
2019-09-26 09:57:17,410 [pool-77-thread-1] INFO  storage.RaftStorageDirectory (RaftStorageDirectory.java:analyzeStorage(246)) - The storage directory /workdir/hadoop-ozone/integration-test/target/test-dir/MiniOzoneClusterImpl-02a89373-ff67-4b13-ad11-60194c127517/datanode-5/data/ratis/ba988237-ac04-413c-a042-a98bc6075b1d does not exist. Creating ...
2019-09-26 09:57:17,415 [pool-77-thread-1] INFO  storage.RaftStorageDirectory (RaftStorageDirectory.java:tryLock(328)) - Lock on /workdir/hadoop-ozone/integration-test/target/test-dir/MiniOzoneClusterImpl-02a89373-ff67-4b13-ad11-60194c127517/datanode-5/data/ratis/ba988237-ac04-413c-a042-a98bc6075b1d/in_use.lock acquired by nodename 19604@pr-hdds-1569-wvzgm-824869521
2019-09-26 09:57:17,428 [pool-77-thread-1] INFO  storage.RaftStorage (RaftStorage.java:format(72)) - Storage directory /workdir/hadoop-ozone/integration-test/target/test-dir/MiniOzoneClusterImpl-02a89373-ff67-4b13-ad11-60194c127517/datanode-5/data/ratis/ba988237-ac04-413c-a042-a98bc6075b1d has been successfully formatted.
2019-09-26 09:57:17,428 [pool-77-thread-1] INFO  ratis.ContainerStateMachine (ContainerStateMachine.java:loadSnapshot(230)) - group-A98BC6075B1D: The snapshot info is null. Setting the last applied indexto:(t:0, i:~)
2019-09-26 09:57:17,429 [pool-77-thread-1] INFO  server.RaftServerConfigKeys (ConfUtils.java:logGet(43)) - raft.server.notification.no-leader.timeout = 120s (custom)
2019-09-26 09:57:17,429 [pool-77-thread-1] INFO  server.RaftServerConfigKeys (ConfUtils.java:logGet(43)) - raft.server.log.use.memory = false (default)
2019-09-26 09:57:17,429 [pool-77-thread-1] INFO  server.RaftServerConfigKeys (ConfUtils.java:logGet(43)) - raft.server.log.purge.gap = 1000000 (custom)
2019-09-26 09:57:17,429 [pool-77-thread-1] INFO  server.RaftServerConfigKeys (ConfUtils.java:logGet(43)) - raft.server.log.appender.buffer.byte-limit = 33554432 (custom)
2019-09-26 09:57:17,429 [pool-77-thread-1] INFO  server.RaftServerConfigKeys (ConfUtils.java:logGet(43)) - raft.server.log.segment.size.max = 1048576 (custom)
2019-09-26 09:57:17,429 [pool-77-thread-1] INFO  server.RaftServerConfigKeys (ConfUtils.java:logGet(43)) - raft.server.log.segment.cache.num.max = 2 (custom)
2019-09-26 09:57:17,429 [pool-77-thread-1] INFO  segmented.SegmentedRaftLogWorker (SegmentedRaftLogWorker.java:<init>(172)) - new d195cc70-2ea8-4d9b-90c7-21e4a6c9bd0d@group-A98BC6075B1D-SegmentedRaftLogWorker for RaftStorage:Storage Directory /workdir/hadoop-ozone/integration-test/target/test-dir/MiniOzoneClusterImpl-02a89373-ff67-4b13-ad11-60194c127517/datanode-5/data/ratis/ba988237-ac04-413c-a042-a98bc6075b1d
2019-09-26 09:57:17,429 [pool-77-thread-1] INFO  server.RaftServerConfigKeys (ConfUtils.java:logGet(43)) - raft.server.log.queue.byte-limit = 2147483647 (custom)
2019-09-26 09:57:17,430 [pool-77-thread-1] INFO  server.RaftServerConfigKeys (ConfUtils.java:logGet(43)) - raft.server.log.queue.element-limit = 1024 (custom)
2019-09-26 09:57:17,430 [pool-77-thread-1] INFO  server.RaftServerConfigKeys (ConfUtils.java:logGet(43)) - raft.server.log.segment.size.max = 1048576 (custom)
2019-09-26 09:57:17,430 [pool-77-thread-1] INFO  server.RaftServerConfigKeys (ConfUtils.java:logGet(43)) - raft.server.log.preallocated.size = 16384 (custom)
2019-09-26 09:57:17,430 [pool-77-thread-1] INFO  server.RaftServerConfigKeys (ConfUtils.java:logGet(43)) - raft.server.log.write.buffer.size = 33554432 (custom)
2019-09-26 09:57:17,430 [pool-77-thread-1] INFO  server.RaftServerConfigKeys (ConfUtils.java:logGet(43)) - raft.server.log.force.sync.num = 128 (default)
2019-09-26 09:57:17,430 [pool-77-thread-1] INFO  server.RaftServerConfigKeys (ConfUtils.java:logGet(43)) - raft.server.log.statemachine.data.sync = true (default)
2019-09-26 09:57:17,430 [pool-77-thread-1] INFO  server.RaftServerConfigKeys (ConfUtils.java:logGet(43)) - raft.server.log.statemachine.data.sync.timeout = 10s (default)
2019-09-26 09:57:17,430 [pool-77-thread-1] INFO  server.RaftServerConfigKeys (ConfUtils.java:logGet(43)) - raft.server.log.statemachine.data.sync.timeout.retry = -1 (default)
2019-09-26 09:57:17,430 [pool-77-thread-1] INFO  server.RaftServerConfigKeys (ConfUtils.java:logGet(43)) - raft.server.log.statemachine.data.caching.enabled = true (custom)
2019-09-26 09:57:17,431 [pool-77-thread-1] INFO  segmented.SegmentedRaftLogWorker (SegmentedRaftLogWorker.java:lambda$new$0(132)) - d195cc70-2ea8-4d9b-90c7-21e4a6c9bd0d@group-A98BC6075B1D-SegmentedRaftLogWorker: flushIndex: setUnconditionally 0 -> -1
2019-09-26 09:57:17,431 [pool-77-thread-1] INFO  server.RaftServerConfigKeys (ConfUtils.java:logGet(43)) - raft.server.snapshot.auto.trigger.enabled = true (custom)
2019-09-26 09:57:17,431 [pool-77-thread-1] INFO  server.RaftServerConfigKeys (ConfUtils.java:logGet(43)) - raft.server.snapshot.auto.trigger.threshold = 10000 (custom)
2019-09-26 09:57:17,431 [pool-77-thread-1] INFO  server.RaftServerConfigKeys (ConfUtils.java:logGet(43)) - raft.server.snapshot.retention.num.files = 5 (custom)
2019-09-26 09:57:17,431 [pool-77-thread-1] INFO  server.RaftServerConfigKeys (ConfUtils.java:logGet(43)) - raft.server.retrycache.expirytime = 600000ms (custom)
2019-09-26 09:57:17,433 [pool-77-thread-1] INFO  impl.RaftServerImpl (RaftServerImpl.java:start(185)) - d195cc70-2ea8-4d9b-90c7-21e4a6c9bd0d@group-A98BC6075B1D: start as a follower, conf=-1: [d195cc70-2ea8-4d9b-90c7-21e4a6c9bd0d:192.168.30.13:39349], old=null
2019-09-26 09:57:17,433 [pool-77-thread-1] INFO  impl.RaftServerImpl (RaftServerImpl.java:setRole(174)) - d195cc70-2ea8-4d9b-90c7-21e4a6c9bd0d@group-A98BC6075B1D: changes role from      null to FOLLOWER at term 0 for startAsFollower
2019-09-26 09:57:17,433 [pool-77-thread-1] INFO  impl.RoleInfo (RoleInfo.java:updateAndGet(143)) - d195cc70-2ea8-4d9b-90c7-21e4a6c9bd0d: start FollowerState
2019-09-26 09:57:17,434 [pool-77-thread-1] INFO  util.JmxRegister (JmxRegister.java:tryRegister(44)) - Successfully registered JMX Bean with object name Ratis:service=RaftServer,group=group-A98BC6075B1D,id=d195cc70-2ea8-4d9b-90c7-21e4a6c9bd0d
2019-09-26 09:57:17,438 [RatisPipelineUtilsThread] INFO  pipeline.PipelineStateManager (PipelineStateManager.java:addPipeline(56)) - Created pipeline Pipeline[ Id: ba988237-ac04-413c-a042-a98bc6075b1d, Nodes: d195cc70-2ea8-4d9b-90c7-21e4a6c9bd0d{ip: 192.168.30.13, host: pr-hdds-1569-wvzgm-824869521, networkLocation: /default-rack, certSerialId: null}, Type:RATIS, Factor:ONE, State:OPEN]
2019-09-26 09:57:17,439 [RatisPipelineUtilsThread] INFO  pipeline.PipelinePlacementPolicy (PipelinePlacementPolicy.java:meetCriteria(91)) - Pipeline Placement: can't place more pipeline on heavy datanode： 968d325c-530f-4bc5-8752-bd3f3c0aff18 Heaviness: 6 limit: 5
2019-09-26 09:57:17,439 [RatisPipelineUtilsThread] INFO  pipeline.PipelinePlacementPolicy (PipelinePlacementPolicy.java:meetCriteria(91)) - Pipeline Placement: can't place more pipeline on heavy datanode： c0fe0384-ccc2-43dc-b812-8c8a482d02e6 Heaviness: 6 limit: 5
2019-09-26 09:57:17,439 [RatisPipelineUtilsThread] INFO  pipeline.PipelinePlacementPolicy (PipelinePlacementPolicy.java:meetCriteria(91)) - Pipeline Placement: can't place more pipeline on heavy datanode： 62a5622f-7436-420d-b3aa-8ce684692afe Heaviness: 6 limit: 5
2019-09-26 09:57:17,439 [RatisPipelineUtilsThread] INFO  pipeline.PipelinePlacementPolicy (PipelinePlacementPolicy.java:meetCriteria(91)) - Pipeline Placement: can't place more pipeline on heavy datanode： 9d66027e-d252-4dbd-9b93-1b4908d3cfc2 Heaviness: 6 limit: 5
2019-09-26 09:57:17,439 [RatisPipelineUtilsThread] INFO  pipeline.PipelinePlacementPolicy (PipelinePlacementPolicy.java:meetCriteria(91)) - Pipeline Placement: can't place more pipeline on heavy datanode： 4c024347-3506-43a2-ab40-8471edec8541 Heaviness: 6 limit: 5
2019-09-26 09:57:17,447 [grpc-default-executor-0] INFO  impl.RaftServerProxy (RaftServerProxy.java:addNew(89)) - d195cc70-2ea8-4d9b-90c7-21e4a6c9bd0d: addNew group-03C426CCD4EA:[d195cc70-2ea8-4d9b-90c7-21e4a6c9bd0d:192.168.30.13:39349] returns group-03C426CCD4EA:java.util.concurrent.CompletableFuture@e60ca24[Not completed]
2019-09-26 09:57:17,448 [pool-77-thread-1] INFO  impl.RaftServerImpl (RaftServerImpl.java:<init>(95)) - d195cc70-2ea8-4d9b-90c7-21e4a6c9bd0d: new RaftServerImpl for group-03C426CCD4EA:[d195cc70-2ea8-4d9b-90c7-21e4a6c9bd0d:192.168.30.13:39349] with ContainerStateMachine:uninitialized
2019-09-26 09:57:17,448 [pool-77-thread-1] INFO  server.RaftServerConfigKeys (ConfUtils.java:logGet(43)) - raft.server.rpc.timeout.min = 5s (custom)
2019-09-26 09:57:17,448 [pool-77-thread-1] INFO  server.RaftServerConfigKeys (ConfUtils.java:logGet(43)) - raft.server.rpc.timeout.max = 5200ms (custom)
2019-09-26 09:57:17,448 [pool-77-thread-1] INFO  server.RaftServerConfigKeys (ConfUtils.java:logGet(43)) - raft.server.rpcslowness.timeout = 120s (custom)
2019-09-26 09:57:17,448 [pool-77-thread-1] INFO  server.RaftServerConfigKeys (ConfUtils.java:logGet(43)) - raft.server.sleep.deviation.threshold = 300 (default)
2019-09-26 09:57:17,448 [pool-77-thread-1] INFO  server.RaftServerConfigKeys (ConfUtils.java:logGet(43)) - raft.server.log.appender.install.snapshot.enabled = false (custom)
2019-09-26 09:57:17,448 [pool-77-thread-1] INFO  impl.RaftServerImpl (ServerState.java:<init>(103)) - d195cc70-2ea8-4d9b-90c7-21e4a6c9bd0d@group-03C426CCD4EA: ConfigurationManager, init=-1: [d195cc70-2ea8-4d9b-90c7-21e4a6c9bd0d:192.168.30.13:39349], old=null, confs=<EMPTY_MAP>
2019-09-26 09:57:17,448 [pool-77-thread-1] INFO  server.RaftServerConfigKeys (ConfUtils.java:logGet(43)) - raft.server.storage.dir = [/workdir/hadoop-ozone/integration-test/target/test-dir/MiniOzoneClusterImpl-02a89373-ff67-4b13-ad11-60194c127517/datanode-5/data/ratis] (custom)
2019-09-26 09:57:17,449 [pool-77-thread-1] INFO  storage.RaftStorageDirectory (RaftStorageDirectory.java:analyzeStorage(246)) - The storage directory /workdir/hadoop-ozone/integration-test/target/test-dir/MiniOzoneClusterImpl-02a89373-ff67-4b13-ad11-60194c127517/datanode-5/data/ratis/38cc1dd0-a8a9-4432-861e-03c426ccd4ea does not exist. Creating ...
2019-09-26 09:57:17,462 [pool-77-thread-1] INFO  storage.RaftStorageDirectory (RaftStorageDirectory.java:tryLock(328)) - Lock on /workdir/hadoop-ozone/integration-test/target/test-dir/MiniOzoneClusterImpl-02a89373-ff67-4b13-ad11-60194c127517/datanode-5/data/ratis/38cc1dd0-a8a9-4432-861e-03c426ccd4ea/in_use.lock acquired by nodename 19604@pr-hdds-1569-wvzgm-824869521
2019-09-26 09:57:17,475 [pool-77-thread-1] INFO  storage.RaftStorage (RaftStorage.java:format(72)) - Storage directory /workdir/hadoop-ozone/integration-test/target/test-dir/MiniOzoneClusterImpl-02a89373-ff67-4b13-ad11-60194c127517/datanode-5/data/ratis/38cc1dd0-a8a9-4432-861e-03c426ccd4ea has been successfully formatted.
2019-09-26 09:57:17,476 [pool-77-thread-1] INFO  ratis.ContainerStateMachine (ContainerStateMachine.java:loadSnapshot(230)) - group-03C426CCD4EA: The snapshot info is null. Setting the last applied indexto:(t:0, i:~)
2019-09-26 09:57:17,476 [pool-77-thread-1] INFO  server.RaftServerConfigKeys (ConfUtils.java:logGet(43)) - raft.server.notification.no-leader.timeout = 120s (custom)
2019-09-26 09:57:17,476 [pool-77-thread-1] INFO  server.RaftServerConfigKeys (ConfUtils.java:logGet(43)) - raft.server.log.use.memory = false (default)
2019-09-26 09:57:17,476 [pool-77-thread-1] INFO  server.RaftServerConfigKeys (ConfUtils.java:logGet(43)) - raft.server.log.purge.gap = 1000000 (custom)
2019-09-26 09:57:17,476 [pool-77-thread-1] INFO  server.RaftServerConfigKeys (ConfUtils.java:logGet(43)) - raft.server.log.appender.buffer.byte-limit = 33554432 (custom)
2019-09-26 09:57:17,476 [pool-77-thread-1] INFO  server.RaftServerConfigKeys (ConfUtils.java:logGet(43)) - raft.server.log.segment.size.max = 1048576 (custom)
2019-09-26 09:57:17,476 [pool-77-thread-1] INFO  server.RaftServerConfigKeys (ConfUtils.java:logGet(43)) - raft.server.log.segment.cache.num.max = 2 (custom)
2019-09-26 09:57:17,476 [pool-77-thread-1] INFO  segmented.SegmentedRaftLogWorker (SegmentedRaftLogWorker.java:<init>(172)) - new d195cc70-2ea8-4d9b-90c7-21e4a6c9bd0d@group-03C426CCD4EA-SegmentedRaftLogWorker for RaftStorage:Storage Directory /workdir/hadoop-ozone/integration-test/target/test-dir/MiniOzoneClusterImpl-02a89373-ff67-4b13-ad11-60194c127517/datanode-5/data/ratis/38cc1dd0-a8a9-4432-861e-03c426ccd4ea
2019-09-26 09:57:17,477 [pool-77-thread-1] INFO  server.RaftServerConfigKeys (ConfUtils.java:logGet(43)) - raft.server.log.queue.byte-limit = 2147483647 (custom)
2019-09-26 09:57:17,477 [pool-77-thread-1] INFO  server.RaftServerConfigKeys (ConfUtils.java:logGet(43)) - raft.server.log.queue.element-limit = 1024 (custom)
2019-09-26 09:57:17,477 [pool-77-thread-1] INFO  server.RaftServerConfigKeys (ConfUtils.java:logGet(43)) - raft.server.log.segment.size.max = 1048576 (custom)
2019-09-26 09:57:17,477 [pool-77-thread-1] INFO  server.RaftServerConfigKeys (ConfUtils.java:logGet(43)) - raft.server.log.preallocated.size = 16384 (custom)
2019-09-26 09:57:17,477 [pool-77-thread-1] INFO  server.RaftServerConfigKeys (ConfUtils.java:logGet(43)) - raft.server.log.write.buffer.size = 33554432 (custom)
2019-09-26 09:57:17,477 [pool-77-thread-1] INFO  server.RaftServerConfigKeys (ConfUtils.java:logGet(43)) - raft.server.log.force.sync.num = 128 (default)
2019-09-26 09:57:17,477 [pool-77-thread-1] INFO  server.RaftServerConfigKeys (ConfUtils.java:logGet(43)) - raft.server.log.statemachine.data.sync = true (default)
2019-09-26 09:57:17,477 [pool-77-thread-1] INFO  server.RaftServerConfigKeys (ConfUtils.java:logGet(43)) - raft.server.log.statemachine.data.sync.timeout = 10s (default)
2019-09-26 09:57:17,477 [pool-77-thread-1] INFO  server.RaftServerConfigKeys (ConfUtils.java:logGet(43)) - raft.server.log.statemachine.data.sync.timeout.retry = -1 (default)
2019-09-26 09:57:17,478 [pool-77-thread-1] INFO  server.RaftServerConfigKeys (ConfUtils.java:logGet(43)) - raft.server.log.statemachine.data.caching.enabled = true (custom)
2019-09-26 09:57:17,478 [pool-77-thread-1] INFO  segmented.SegmentedRaftLogWorker (SegmentedRaftLogWorker.java:lambda$new$0(132)) - d195cc70-2ea8-4d9b-90c7-21e4a6c9bd0d@group-03C426CCD4EA-SegmentedRaftLogWorker: flushIndex: setUnconditionally 0 -> -1
2019-09-26 09:57:17,478 [pool-77-thread-1] INFO  server.RaftServerConfigKeys (ConfUtils.java:logGet(43)) - raft.server.snapshot.auto.trigger.enabled = true (custom)
2019-09-26 09:57:17,478 [pool-77-thread-1] INFO  server.RaftServerConfigKeys (ConfUtils.java:logGet(43)) - raft.server.snapshot.auto.trigger.threshold = 10000 (custom)
2019-09-26 09:57:17,478 [pool-77-thread-1] INFO  server.RaftServerConfigKeys (ConfUtils.java:logGet(43)) - raft.server.snapshot.retention.num.files = 5 (custom)
2019-09-26 09:57:17,478 [pool-77-thread-1] INFO  server.RaftServerConfigKeys (ConfUtils.java:logGet(43)) - raft.server.retrycache.expirytime = 600000ms (custom)
2019-09-26 09:57:17,481 [pool-77-thread-1] INFO  impl.RaftServerImpl (RaftServerImpl.java:start(185)) - d195cc70-2ea8-4d9b-90c7-21e4a6c9bd0d@group-03C426CCD4EA: start as a follower, conf=-1: [d195cc70-2ea8-4d9b-90c7-21e4a6c9bd0d:192.168.30.13:39349], old=null
2019-09-26 09:57:17,481 [pool-77-thread-1] INFO  impl.RaftServerImpl (RaftServerImpl.java:setRole(174)) - d195cc70-2ea8-4d9b-90c7-21e4a6c9bd0d@group-03C426CCD4EA: changes role from      null to FOLLOWER at term 0 for startAsFollower
2019-09-26 09:57:17,481 [pool-77-thread-1] INFO  impl.RoleInfo (RoleInfo.java:updateAndGet(143)) - d195cc70-2ea8-4d9b-90c7-21e4a6c9bd0d: start FollowerState
2019-09-26 09:57:17,481 [pool-77-thread-1] INFO  util.JmxRegister (JmxRegister.java:tryRegister(44)) - Successfully registered JMX Bean with object name Ratis:service=RaftServer,group=group-03C426CCD4EA,id=d195cc70-2ea8-4d9b-90c7-21e4a6c9bd0d
2019-09-26 09:57:17,486 [RatisPipelineUtilsThread] INFO  pipeline.PipelineStateManager (PipelineStateManager.java:addPipeline(56)) - Created pipeline Pipeline[ Id: 38cc1dd0-a8a9-4432-861e-03c426ccd4ea, Nodes: d195cc70-2ea8-4d9b-90c7-21e4a6c9bd0d{ip: 192.168.30.13, host: pr-hdds-1569-wvzgm-824869521, networkLocation: /default-rack, certSerialId: null}, Type:RATIS, Factor:ONE, State:OPEN]
2019-09-26 09:57:17,487 [RatisPipelineUtilsThread] INFO  pipeline.PipelinePlacementPolicy (PipelinePlacementPolicy.java:meetCriteria(91)) - Pipeline Placement: can't place more pipeline on heavy datanode： d195cc70-2ea8-4d9b-90c7-21e4a6c9bd0d Heaviness: 6 limit: 5
2019-09-26 09:57:17,487 [RatisPipelineUtilsThread] INFO  pipeline.PipelinePlacementPolicy (PipelinePlacementPolicy.java:meetCriteria(91)) - Pipeline Placement: can't place more pipeline on heavy datanode： 968d325c-530f-4bc5-8752-bd3f3c0aff18 Heaviness: 6 limit: 5
2019-09-26 09:57:17,487 [RatisPipelineUtilsThread] INFO  pipeline.PipelinePlacementPolicy (PipelinePlacementPolicy.java:meetCriteria(91)) - Pipeline Placement: can't place more pipeline on heavy datanode： c0fe0384-ccc2-43dc-b812-8c8a482d02e6 Heaviness: 6 limit: 5
2019-09-26 09:57:17,487 [RatisPipelineUtilsThread] INFO  pipeline.PipelinePlacementPolicy (PipelinePlacementPolicy.java:meetCriteria(91)) - Pipeline Placement: can't place more pipeline on heavy datanode： 62a5622f-7436-420d-b3aa-8ce684692afe Heaviness: 6 limit: 5
2019-09-26 09:57:17,487 [RatisPipelineUtilsThread] INFO  pipeline.PipelinePlacementPolicy (PipelinePlacementPolicy.java:meetCriteria(91)) - Pipeline Placement: can't place more pipeline on heavy datanode： 9d66027e-d252-4dbd-9b93-1b4908d3cfc2 Heaviness: 6 limit: 5
2019-09-26 09:57:17,488 [RatisPipelineUtilsThread] INFO  pipeline.PipelinePlacementPolicy (PipelinePlacementPolicy.java:meetCriteria(91)) - Pipeline Placement: can't place more pipeline on heavy datanode： 4c024347-3506-43a2-ab40-8471edec8541 Heaviness: 6 limit: 5
2019-09-26 09:57:17,534 [grpc-default-executor-0] INFO  impl.RaftServerProxy (RaftServerProxy.java:addNew(89)) - 4dfbf8da-55b7-40f3-96c3-7d511fd42a11: addNew group-83E0D35F2C6C:[4dfbf8da-55b7-40f3-96c3-7d511fd42a11:192.168.30.13:46234] returns group-83E0D35F2C6C:java.util.concurrent.CompletableFuture@3c2f1564[Not completed]
2019-09-26 09:57:17,770 [pool-87-thread-1] INFO  impl.RaftServerImpl (RaftServerImpl.java:<init>(95)) - 4dfbf8da-55b7-40f3-96c3-7d511fd42a11: new RaftServerImpl for group-83E0D35F2C6C:[4dfbf8da-55b7-40f3-96c3-7d511fd42a11:192.168.30.13:46234] with ContainerStateMachine:uninitialized
2019-09-26 09:57:17,770 [pool-87-thread-1] INFO  server.RaftServerConfigKeys (ConfUtils.java:logGet(43)) - raft.server.rpc.timeout.min = 5s (custom)
2019-09-26 09:57:17,770 [pool-87-thread-1] INFO  server.RaftServerConfigKeys (ConfUtils.java:logGet(43)) - raft.server.rpc.timeout.max = 5200ms (custom)
2019-09-26 09:57:17,771 [pool-87-thread-1] INFO  server.RaftServerConfigKeys (ConfUtils.java:logGet(43)) - raft.server.rpcslowness.timeout = 120s (custom)
2019-09-26 09:57:17,771 [pool-87-thread-1] INFO  server.RaftServerConfigKeys (ConfUtils.java:logGet(43)) - raft.server.sleep.deviation.threshold = 300 (default)
2019-09-26 09:57:17,771 [pool-87-thread-1] INFO  server.RaftServerConfigKeys (ConfUtils.java:logGet(43)) - raft.server.log.appender.install.snapshot.enabled = false (custom)
2019-09-26 09:57:17,771 [pool-87-thread-1] INFO  impl.RaftServerImpl (ServerState.java:<init>(103)) - 4dfbf8da-55b7-40f3-96c3-7d511fd42a11@group-83E0D35F2C6C: ConfigurationManager, init=-1: [4dfbf8da-55b7-40f3-96c3-7d511fd42a11:192.168.30.13:46234], old=null, confs=<EMPTY_MAP>
2019-09-26 09:57:17,771 [pool-87-thread-1] INFO  server.RaftServerConfigKeys (ConfUtils.java:logGet(43)) - raft.server.storage.dir = [/workdir/hadoop-ozone/integration-test/target/test-dir/MiniOzoneClusterImpl-02a89373-ff67-4b13-ad11-60194c127517/datanode-6/data/ratis] (custom)
2019-09-26 09:57:17,772 [pool-87-thread-1] INFO  storage.RaftStorageDirectory (RaftStorageDirectory.java:analyzeStorage(246)) - The storage directory /workdir/hadoop-ozone/integration-test/target/test-dir/MiniOzoneClusterImpl-02a89373-ff67-4b13-ad11-60194c127517/datanode-6/data/ratis/2c8a18c1-334e-4f20-a9f6-83e0d35f2c6c does not exist. Creating ...
2019-09-26 09:57:17,785 [pool-87-thread-1] INFO  storage.RaftStorageDirectory (RaftStorageDirectory.java:tryLock(328)) - Lock on /workdir/hadoop-ozone/integration-test/target/test-dir/MiniOzoneClusterImpl-02a89373-ff67-4b13-ad11-60194c127517/datanode-6/data/ratis/2c8a18c1-334e-4f20-a9f6-83e0d35f2c6c/in_use.lock acquired by nodename 19604@pr-hdds-1569-wvzgm-824869521
2019-09-26 09:57:17,798 [pool-87-thread-1] INFO  storage.RaftStorage (RaftStorage.java:format(72)) - Storage directory /workdir/hadoop-ozone/integration-test/target/test-dir/MiniOzoneClusterImpl-02a89373-ff67-4b13-ad11-60194c127517/datanode-6/data/ratis/2c8a18c1-334e-4f20-a9f6-83e0d35f2c6c has been successfully formatted.
2019-09-26 09:57:17,798 [pool-87-thread-1] INFO  ratis.ContainerStateMachine (ContainerStateMachine.java:loadSnapshot(230)) - group-83E0D35F2C6C: The snapshot info is null. Setting the last applied indexto:(t:0, i:~)
2019-09-26 09:57:17,798 [pool-87-thread-1] INFO  server.RaftServerConfigKeys (ConfUtils.java:logGet(43)) - raft.server.notification.no-leader.timeout = 120s (custom)
2019-09-26 09:57:17,799 [pool-87-thread-1] INFO  server.RaftServerConfigKeys (ConfUtils.java:logGet(43)) - raft.server.log.use.memory = false (default)
2019-09-26 09:57:17,799 [pool-87-thread-1] INFO  server.RaftServerConfigKeys (ConfUtils.java:logGet(43)) - raft.server.log.purge.gap = 1000000 (custom)
2019-09-26 09:57:17,799 [pool-87-thread-1] INFO  server.RaftServerConfigKeys (ConfUtils.java:logGet(43)) - raft.server.log.appender.buffer.byte-limit = 33554432 (custom)
2019-09-26 09:57:17,799 [pool-87-thread-1] INFO  server.RaftServerConfigKeys (ConfUtils.java:logGet(43)) - raft.server.log.segment.size.max = 1048576 (custom)
2019-09-26 09:57:17,799 [pool-87-thread-1] INFO  server.RaftServerConfigKeys (ConfUtils.java:logGet(43)) - raft.server.log.segment.cache.num.max = 2 (custom)
2019-09-26 09:57:17,799 [pool-87-thread-1] INFO  segmented.SegmentedRaftLogWorker (SegmentedRaftLogWorker.java:<init>(172)) - new 4dfbf8da-55b7-40f3-96c3-7d511fd42a11@group-83E0D35F2C6C-SegmentedRaftLogWorker for RaftStorage:Storage Directory /workdir/hadoop-ozone/integration-test/target/test-dir/MiniOzoneClusterImpl-02a89373-ff67-4b13-ad11-60194c127517/datanode-6/data/ratis/2c8a18c1-334e-4f20-a9f6-83e0d35f2c6c
2019-09-26 09:57:17,799 [pool-87-thread-1] INFO  server.RaftServerConfigKeys (ConfUtils.java:logGet(43)) - raft.server.log.queue.byte-limit = 2147483647 (custom)
2019-09-26 09:57:17,799 [pool-87-thread-1] INFO  server.RaftServerConfigKeys (ConfUtils.java:logGet(43)) - raft.server.log.queue.element-limit = 1024 (custom)
2019-09-26 09:57:17,800 [pool-87-thread-1] INFO  server.RaftServerConfigKeys (ConfUtils.java:logGet(43)) - raft.server.log.segment.size.max = 1048576 (custom)
2019-09-26 09:57:17,800 [pool-87-thread-1] INFO  server.RaftServerConfigKeys (ConfUtils.java:logGet(43)) - raft.server.log.preallocated.size = 16384 (custom)
2019-09-26 09:57:17,800 [pool-87-thread-1] INFO  server.RaftServerConfigKeys (ConfUtils.java:logGet(43)) - raft.server.log.write.buffer.size = 33554432 (custom)
2019-09-26 09:57:17,800 [pool-87-thread-1] INFO  server.RaftServerConfigKeys (ConfUtils.java:logGet(43)) - raft.server.log.force.sync.num = 128 (default)
2019-09-26 09:57:17,800 [pool-87-thread-1] INFO  server.RaftServerConfigKeys (ConfUtils.java:logGet(43)) - raft.server.log.statemachine.data.sync = true (default)
2019-09-26 09:57:17,800 [pool-87-thread-1] INFO  server.RaftServerConfigKeys (ConfUtils.java:logGet(43)) - raft.server.log.statemachine.data.sync.timeout = 10s (default)
2019-09-26 09:57:17,800 [pool-87-thread-1] INFO  server.RaftServerConfigKeys (ConfUtils.java:logGet(43)) - raft.server.log.statemachine.data.sync.timeout.retry = -1 (default)
2019-09-26 09:57:17,800 [pool-87-thread-1] INFO  server.RaftServerConfigKeys (ConfUtils.java:logGet(43)) - raft.server.log.statemachine.data.caching.enabled = true (custom)
2019-09-26 09:57:17,801 [pool-87-thread-1] INFO  segmented.SegmentedRaftLogWorker (SegmentedRaftLogWorker.java:lambda$new$0(132)) - 4dfbf8da-55b7-40f3-96c3-7d511fd42a11@group-83E0D35F2C6C-SegmentedRaftLogWorker: flushIndex: setUnconditionally 0 -> -1
2019-09-26 09:57:17,801 [pool-87-thread-1] INFO  server.RaftServerConfigKeys (ConfUtils.java:logGet(43)) - raft.server.snapshot.auto.trigger.enabled = true (custom)
2019-09-26 09:57:17,801 [pool-87-thread-1] INFO  server.RaftServerConfigKeys (ConfUtils.java:logGet(43)) - raft.server.snapshot.auto.trigger.threshold = 10000 (custom)
2019-09-26 09:57:17,801 [pool-87-thread-1] INFO  server.RaftServerConfigKeys (ConfUtils.java:logGet(43)) - raft.server.snapshot.retention.num.files = 5 (custom)
2019-09-26 09:57:17,801 [pool-87-thread-1] INFO  server.RaftServerConfigKeys (ConfUtils.java:logGet(43)) - raft.server.retrycache.expirytime = 600000ms (custom)
2019-09-26 09:57:17,804 [pool-87-thread-1] INFO  impl.RaftServerImpl (RaftServerImpl.java:start(185)) - 4dfbf8da-55b7-40f3-96c3-7d511fd42a11@group-83E0D35F2C6C: start as a follower, conf=-1: [4dfbf8da-55b7-40f3-96c3-7d511fd42a11:192.168.30.13:46234], old=null
2019-09-26 09:57:17,804 [pool-87-thread-1] INFO  impl.RaftServerImpl (RaftServerImpl.java:setRole(174)) - 4dfbf8da-55b7-40f3-96c3-7d511fd42a11@group-83E0D35F2C6C: changes role from      null to FOLLOWER at term 0 for startAsFollower
2019-09-26 09:57:17,804 [pool-87-thread-1] INFO  impl.RoleInfo (RoleInfo.java:updateAndGet(143)) - 4dfbf8da-55b7-40f3-96c3-7d511fd42a11: start FollowerState
2019-09-26 09:57:17,805 [pool-87-thread-1] INFO  util.JmxRegister (JmxRegister.java:tryRegister(44)) - Successfully registered JMX Bean with object name Ratis:service=RaftServer,group=group-83E0D35F2C6C,id=4dfbf8da-55b7-40f3-96c3-7d511fd42a11
2019-09-26 09:57:17,812 [RatisPipelineUtilsThread] INFO  pipeline.PipelineStateManager (PipelineStateManager.java:addPipeline(56)) - Created pipeline Pipeline[ Id: 2c8a18c1-334e-4f20-a9f6-83e0d35f2c6c, Nodes: 4dfbf8da-55b7-40f3-96c3-7d511fd42a11{ip: 192.168.30.13, host: pr-hdds-1569-wvzgm-824869521, networkLocation: /default-rack, certSerialId: null}, Type:RATIS, Factor:ONE, State:OPEN]
2019-09-26 09:57:17,812 [RatisPipelineUtilsThread] INFO  pipeline.PipelinePlacementPolicy (PipelinePlacementPolicy.java:meetCriteria(91)) - Pipeline Placement: can't place more pipeline on heavy datanode： d195cc70-2ea8-4d9b-90c7-21e4a6c9bd0d Heaviness: 6 limit: 5
2019-09-26 09:57:17,812 [RatisPipelineUtilsThread] INFO  pipeline.PipelinePlacementPolicy (PipelinePlacementPolicy.java:meetCriteria(91)) - Pipeline Placement: can't place more pipeline on heavy datanode： 968d325c-530f-4bc5-8752-bd3f3c0aff18 Heaviness: 6 limit: 5
2019-09-26 09:57:17,813 [RatisPipelineUtilsThread] INFO  pipeline.PipelinePlacementPolicy (PipelinePlacementPolicy.java:meetCriteria(91)) - Pipeline Placement: can't place more pipeline on heavy datanode： c0fe0384-ccc2-43dc-b812-8c8a482d02e6 Heaviness: 6 limit: 5
2019-09-26 09:57:17,813 [RatisPipelineUtilsThread] INFO  pipeline.PipelinePlacementPolicy (PipelinePlacementPolicy.java:meetCriteria(91)) - Pipeline Placement: can't place more pipeline on heavy datanode： 62a5622f-7436-420d-b3aa-8ce684692afe Heaviness: 6 limit: 5
2019-09-26 09:57:17,813 [RatisPipelineUtilsThread] INFO  pipeline.PipelinePlacementPolicy (PipelinePlacementPolicy.java:meetCriteria(91)) - Pipeline Placement: can't place more pipeline on heavy datanode： 9d66027e-d252-4dbd-9b93-1b4908d3cfc2 Heaviness: 6 limit: 5
2019-09-26 09:57:17,813 [RatisPipelineUtilsThread] INFO  pipeline.PipelinePlacementPolicy (PipelinePlacementPolicy.java:meetCriteria(91)) - Pipeline Placement: can't place more pipeline on heavy datanode： 4c024347-3506-43a2-ab40-8471edec8541 Heaviness: 6 limit: 5
2019-09-26 09:57:17,839 [grpc-default-executor-0] INFO  impl.RaftServerProxy (RaftServerProxy.java:addNew(89)) - 4dfbf8da-55b7-40f3-96c3-7d511fd42a11: addNew group-FCAC062B7DAE:[4dfbf8da-55b7-40f3-96c3-7d511fd42a11:192.168.30.13:46234] returns group-FCAC062B7DAE:java.util.concurrent.CompletableFuture@2e009c9a[Not completed]
2019-09-26 09:57:17,841 [pool-87-thread-1] INFO  impl.RaftServerImpl (RaftServerImpl.java:<init>(95)) - 4dfbf8da-55b7-40f3-96c3-7d511fd42a11: new RaftServerImpl for group-FCAC062B7DAE:[4dfbf8da-55b7-40f3-96c3-7d511fd42a11:192.168.30.13:46234] with ContainerStateMachine:uninitialized
2019-09-26 09:57:17,841 [pool-87-thread-1] INFO  server.RaftServerConfigKeys (ConfUtils.java:logGet(43)) - raft.server.rpc.timeout.min = 5s (custom)
2019-09-26 09:57:17,841 [pool-87-thread-1] INFO  server.RaftServerConfigKeys (ConfUtils.java:logGet(43)) - raft.server.rpc.timeout.max = 5200ms (custom)
2019-09-26 09:57:17,841 [pool-87-thread-1] INFO  server.RaftServerConfigKeys (ConfUtils.java:logGet(43)) - raft.server.rpcslowness.timeout = 120s (custom)
2019-09-26 09:57:17,841 [pool-87-thread-1] INFO  server.RaftServerConfigKeys (ConfUtils.java:logGet(43)) - raft.server.sleep.deviation.threshold = 300 (default)
2019-09-26 09:57:17,841 [pool-87-thread-1] INFO  server.RaftServerConfigKeys (ConfUtils.java:logGet(43)) - raft.server.log.appender.install.snapshot.enabled = false (custom)
2019-09-26 09:57:17,841 [pool-87-thread-1] INFO  impl.RaftServerImpl (ServerState.java:<init>(103)) - 4dfbf8da-55b7-40f3-96c3-7d511fd42a11@group-FCAC062B7DAE: ConfigurationManager, init=-1: [4dfbf8da-55b7-40f3-96c3-7d511fd42a11:192.168.30.13:46234], old=null, confs=<EMPTY_MAP>
2019-09-26 09:57:17,842 [pool-87-thread-1] INFO  server.RaftServerConfigKeys (ConfUtils.java:logGet(43)) - raft.server.storage.dir = [/workdir/hadoop-ozone/integration-test/target/test-dir/MiniOzoneClusterImpl-02a89373-ff67-4b13-ad11-60194c127517/datanode-6/data/ratis] (custom)
2019-09-26 09:57:17,842 [pool-87-thread-1] INFO  storage.RaftStorageDirectory (RaftStorageDirectory.java:analyzeStorage(246)) - The storage directory /workdir/hadoop-ozone/integration-test/target/test-dir/MiniOzoneClusterImpl-02a89373-ff67-4b13-ad11-60194c127517/datanode-6/data/ratis/2d66c1d4-4ce6-49c0-a1ce-fcac062b7dae does not exist. Creating ...
2019-09-26 09:57:17,855 [pool-87-thread-1] INFO  storage.RaftStorageDirectory (RaftStorageDirectory.java:tryLock(328)) - Lock on /workdir/hadoop-ozone/integration-test/target/test-dir/MiniOzoneClusterImpl-02a89373-ff67-4b13-ad11-60194c127517/datanode-6/data/ratis/2d66c1d4-4ce6-49c0-a1ce-fcac062b7dae/in_use.lock acquired by nodename 19604@pr-hdds-1569-wvzgm-824869521
2019-09-26 09:57:17,877 [pool-87-thread-1] INFO  storage.RaftStorage (RaftStorage.java:format(72)) - Storage directory /workdir/hadoop-ozone/integration-test/target/test-dir/MiniOzoneClusterImpl-02a89373-ff67-4b13-ad11-60194c127517/datanode-6/data/ratis/2d66c1d4-4ce6-49c0-a1ce-fcac062b7dae has been successfully formatted.
2019-09-26 09:57:17,877 [pool-87-thread-1] INFO  ratis.ContainerStateMachine (ContainerStateMachine.java:loadSnapshot(230)) - group-FCAC062B7DAE: The snapshot info is null. Setting the last applied indexto:(t:0, i:~)
2019-09-26 09:57:17,878 [pool-87-thread-1] INFO  server.RaftServerConfigKeys (ConfUtils.java:logGet(43)) - raft.server.notification.no-leader.timeout = 120s (custom)
2019-09-26 09:57:17,878 [pool-87-thread-1] INFO  server.RaftServerConfigKeys (ConfUtils.java:logGet(43)) - raft.server.log.use.memory = false (default)
2019-09-26 09:57:17,878 [pool-87-thread-1] INFO  server.RaftServerConfigKeys (ConfUtils.java:logGet(43)) - raft.server.log.purge.gap = 1000000 (custom)
2019-09-26 09:57:17,878 [pool-87-thread-1] INFO  server.RaftServerConfigKeys (ConfUtils.java:logGet(43)) - raft.server.log.appender.buffer.byte-limit = 33554432 (custom)
2019-09-26 09:57:17,878 [pool-87-thread-1] INFO  server.RaftServerConfigKeys (ConfUtils.java:logGet(43)) - raft.server.log.segment.size.max = 1048576 (custom)
2019-09-26 09:57:17,878 [pool-87-thread-1] INFO  server.RaftServerConfigKeys (ConfUtils.java:logGet(43)) - raft.server.log.segment.cache.num.max = 2 (custom)
2019-09-26 09:57:17,878 [pool-87-thread-1] INFO  segmented.SegmentedRaftLogWorker (SegmentedRaftLogWorker.java:<init>(172)) - new 4dfbf8da-55b7-40f3-96c3-7d511fd42a11@group-FCAC062B7DAE-SegmentedRaftLogWorker for RaftStorage:Storage Directory /workdir/hadoop-ozone/integration-test/target/test-dir/MiniOzoneClusterImpl-02a89373-ff67-4b13-ad11-60194c127517/datanode-6/data/ratis/2d66c1d4-4ce6-49c0-a1ce-fcac062b7dae
2019-09-26 09:57:17,879 [pool-87-thread-1] INFO  server.RaftServerConfigKeys (ConfUtils.java:logGet(43)) - raft.server.log.queue.byte-limit = 2147483647 (custom)
2019-09-26 09:57:17,879 [pool-87-thread-1] INFO  server.RaftServerConfigKeys (ConfUtils.java:logGet(43)) - raft.server.log.queue.element-limit = 1024 (custom)
2019-09-26 09:57:17,879 [pool-87-thread-1] INFO  server.RaftServerConfigKeys (ConfUtils.java:logGet(43)) - raft.server.log.segment.size.max = 1048576 (custom)
2019-09-26 09:57:17,879 [pool-87-thread-1] INFO  server.RaftServerConfigKeys (ConfUtils.java:logGet(43)) - raft.server.log.preallocated.size = 16384 (custom)
2019-09-26 09:57:17,879 [pool-87-thread-1] INFO  server.RaftServerConfigKeys (ConfUtils.java:logGet(43)) - raft.server.log.write.buffer.size = 33554432 (custom)
2019-09-26 09:57:17,879 [pool-87-thread-1] INFO  server.RaftServerConfigKeys (ConfUtils.java:logGet(43)) - raft.server.log.force.sync.num = 128 (default)
2019-09-26 09:57:17,879 [pool-87-thread-1] INFO  server.RaftServerConfigKeys (ConfUtils.java:logGet(43)) - raft.server.log.statemachine.data.sync = true (default)
2019-09-26 09:57:17,879 [pool-87-thread-1] INFO  server.RaftServerConfigKeys (ConfUtils.java:logGet(43)) - raft.server.log.statemachine.data.sync.timeout = 10s (default)
2019-09-26 09:57:17,879 [pool-87-thread-1] INFO  server.RaftServerConfigKeys (ConfUtils.java:logGet(43)) - raft.server.log.statemachine.data.sync.timeout.retry = -1 (default)
2019-09-26 09:57:17,880 [pool-87-thread-1] INFO  server.RaftServerConfigKeys (ConfUtils.java:logGet(43)) - raft.server.log.statemachine.data.caching.enabled = true (custom)
2019-09-26 09:57:17,880 [pool-87-thread-1] INFO  segmented.SegmentedRaftLogWorker (SegmentedRaftLogWorker.java:lambda$new$0(132)) - 4dfbf8da-55b7-40f3-96c3-7d511fd42a11@group-FCAC062B7DAE-SegmentedRaftLogWorker: flushIndex: setUnconditionally 0 -> -1
2019-09-26 09:57:17,880 [pool-87-thread-1] INFO  server.RaftServerConfigKeys (ConfUtils.java:logGet(43)) - raft.server.snapshot.auto.trigger.enabled = true (custom)
2019-09-26 09:57:17,880 [pool-87-thread-1] INFO  server.RaftServerConfigKeys (ConfUtils.java:logGet(43)) - raft.server.snapshot.auto.trigger.threshold = 10000 (custom)
2019-09-26 09:57:17,880 [pool-87-thread-1] INFO  server.RaftServerConfigKeys (ConfUtils.java:logGet(43)) - raft.server.snapshot.retention.num.files = 5 (custom)
2019-09-26 09:57:17,881 [pool-87-thread-1] INFO  server.RaftServerConfigKeys (ConfUtils.java:logGet(43)) - raft.server.retrycache.expirytime = 600000ms (custom)
2019-09-26 09:57:17,883 [pool-87-thread-1] INFO  impl.RaftServerImpl (RaftServerImpl.java:start(185)) - 4dfbf8da-55b7-40f3-96c3-7d511fd42a11@group-FCAC062B7DAE: start as a follower, conf=-1: [4dfbf8da-55b7-40f3-96c3-7d511fd42a11:192.168.30.13:46234], old=null
2019-09-26 09:57:17,883 [pool-87-thread-1] INFO  impl.RaftServerImpl (RaftServerImpl.java:setRole(174)) - 4dfbf8da-55b7-40f3-96c3-7d511fd42a11@group-FCAC062B7DAE: changes role from      null to FOLLOWER at term 0 for startAsFollower
2019-09-26 09:57:17,883 [pool-87-thread-1] INFO  impl.RoleInfo (RoleInfo.java:updateAndGet(143)) - 4dfbf8da-55b7-40f3-96c3-7d511fd42a11: start FollowerState
2019-09-26 09:57:17,894 [pool-87-thread-1] INFO  util.JmxRegister (JmxRegister.java:tryRegister(44)) - Successfully registered JMX Bean with object name Ratis:service=RaftServer,group=group-FCAC062B7DAE,id=4dfbf8da-55b7-40f3-96c3-7d511fd42a11
2019-09-26 09:57:17,913 [RatisPipelineUtilsThread] INFO  pipeline.PipelineStateManager (PipelineStateManager.java:addPipeline(56)) - Created pipeline Pipeline[ Id: 2d66c1d4-4ce6-49c0-a1ce-fcac062b7dae, Nodes: 4dfbf8da-55b7-40f3-96c3-7d511fd42a11{ip: 192.168.30.13, host: pr-hdds-1569-wvzgm-824869521, networkLocation: /default-rack, certSerialId: null}, Type:RATIS, Factor:ONE, State:OPEN]
2019-09-26 09:57:17,914 [RatisPipelineUtilsThread] INFO  pipeline.PipelinePlacementPolicy (PipelinePlacementPolicy.java:meetCriteria(91)) - Pipeline Placement: can't place more pipeline on heavy datanode： d195cc70-2ea8-4d9b-90c7-21e4a6c9bd0d Heaviness: 6 limit: 5
2019-09-26 09:57:17,914 [RatisPipelineUtilsThread] INFO  pipeline.PipelinePlacementPolicy (PipelinePlacementPolicy.java:meetCriteria(91)) - Pipeline Placement: can't place more pipeline on heavy datanode： 968d325c-530f-4bc5-8752-bd3f3c0aff18 Heaviness: 6 limit: 5
2019-09-26 09:57:17,914 [RatisPipelineUtilsThread] INFO  pipeline.PipelinePlacementPolicy (PipelinePlacementPolicy.java:meetCriteria(91)) - Pipeline Placement: can't place more pipeline on heavy datanode： c0fe0384-ccc2-43dc-b812-8c8a482d02e6 Heaviness: 6 limit: 5
2019-09-26 09:57:17,914 [RatisPipelineUtilsThread] INFO  pipeline.PipelinePlacementPolicy (PipelinePlacementPolicy.java:meetCriteria(91)) - Pipeline Placement: can't place more pipeline on heavy datanode： 62a5622f-7436-420d-b3aa-8ce684692afe Heaviness: 6 limit: 5
2019-09-26 09:57:17,914 [RatisPipelineUtilsThread] INFO  pipeline.PipelinePlacementPolicy (PipelinePlacementPolicy.java:meetCriteria(91)) - Pipeline Placement: can't place more pipeline on heavy datanode： 9d66027e-d252-4dbd-9b93-1b4908d3cfc2 Heaviness: 6 limit: 5
2019-09-26 09:57:17,914 [RatisPipelineUtilsThread] INFO  pipeline.PipelinePlacementPolicy (PipelinePlacementPolicy.java:meetCriteria(91)) - Pipeline Placement: can't place more pipeline on heavy datanode： 4c024347-3506-43a2-ab40-8471edec8541 Heaviness: 6 limit: 5
2019-09-26 09:57:17,920 [grpc-default-executor-0] INFO  impl.RaftServerProxy (RaftServerProxy.java:addNew(89)) - 4dfbf8da-55b7-40f3-96c3-7d511fd42a11: addNew group-7764C5377C5D:[4dfbf8da-55b7-40f3-96c3-7d511fd42a11:192.168.30.13:46234] returns group-7764C5377C5D:java.util.concurrent.CompletableFuture@7b5c4537[Not completed]
2019-09-26 09:57:17,922 [pool-87-thread-1] INFO  impl.RaftServerImpl (RaftServerImpl.java:<init>(95)) - 4dfbf8da-55b7-40f3-96c3-7d511fd42a11: new RaftServerImpl for group-7764C5377C5D:[4dfbf8da-55b7-40f3-96c3-7d511fd42a11:192.168.30.13:46234] with ContainerStateMachine:uninitialized
2019-09-26 09:57:17,922 [pool-87-thread-1] INFO  server.RaftServerConfigKeys (ConfUtils.java:logGet(43)) - raft.server.rpc.timeout.min = 5s (custom)
2019-09-26 09:57:17,923 [pool-87-thread-1] INFO  server.RaftServerConfigKeys (ConfUtils.java:logGet(43)) - raft.server.rpc.timeout.max = 5200ms (custom)
2019-09-26 09:57:17,923 [pool-87-thread-1] INFO  server.RaftServerConfigKeys (ConfUtils.java:logGet(43)) - raft.server.rpcslowness.timeout = 120s (custom)
2019-09-26 09:57:17,923 [pool-87-thread-1] INFO  server.RaftServerConfigKeys (ConfUtils.java:logGet(43)) - raft.server.sleep.deviation.threshold = 300 (default)
2019-09-26 09:57:17,923 [pool-87-thread-1] INFO  server.RaftServerConfigKeys (ConfUtils.java:logGet(43)) - raft.server.log.appender.install.snapshot.enabled = false (custom)
2019-09-26 09:57:17,923 [pool-87-thread-1] INFO  impl.RaftServerImpl (ServerState.java:<init>(103)) - 4dfbf8da-55b7-40f3-96c3-7d511fd42a11@group-7764C5377C5D: ConfigurationManager, init=-1: [4dfbf8da-55b7-40f3-96c3-7d511fd42a11:192.168.30.13:46234], old=null, confs=<EMPTY_MAP>
2019-09-26 09:57:17,923 [pool-87-thread-1] INFO  server.RaftServerConfigKeys (ConfUtils.java:logGet(43)) - raft.server.storage.dir = [/workdir/hadoop-ozone/integration-test/target/test-dir/MiniOzoneClusterImpl-02a89373-ff67-4b13-ad11-60194c127517/datanode-6/data/ratis] (custom)
2019-09-26 09:57:17,924 [pool-87-thread-1] INFO  storage.RaftStorageDirectory (RaftStorageDirectory.java:analyzeStorage(246)) - The storage directory /workdir/hadoop-ozone/integration-test/target/test-dir/MiniOzoneClusterImpl-02a89373-ff67-4b13-ad11-60194c127517/datanode-6/data/ratis/f930620c-f189-421b-82ec-7764c5377c5d does not exist. Creating ...
2019-09-26 09:57:17,929 [pool-87-thread-1] INFO  storage.RaftStorageDirectory (RaftStorageDirectory.java:tryLock(328)) - Lock on /workdir/hadoop-ozone/integration-test/target/test-dir/MiniOzoneClusterImpl-02a89373-ff67-4b13-ad11-60194c127517/datanode-6/data/ratis/f930620c-f189-421b-82ec-7764c5377c5d/in_use.lock acquired by nodename 19604@pr-hdds-1569-wvzgm-824869521
2019-09-26 09:57:17,932 [pool-87-thread-1] INFO  storage.RaftStorage (RaftStorage.java:format(72)) - Storage directory /workdir/hadoop-ozone/integration-test/target/test-dir/MiniOzoneClusterImpl-02a89373-ff67-4b13-ad11-60194c127517/datanode-6/data/ratis/f930620c-f189-421b-82ec-7764c5377c5d has been successfully formatted.
2019-09-26 09:57:17,932 [pool-87-thread-1] INFO  ratis.ContainerStateMachine (ContainerStateMachine.java:loadSnapshot(230)) - group-7764C5377C5D: The snapshot info is null. Setting the last applied indexto:(t:0, i:~)
2019-09-26 09:57:17,932 [pool-87-thread-1] INFO  server.RaftServerConfigKeys (ConfUtils.java:logGet(43)) - raft.server.notification.no-leader.timeout = 120s (custom)
2019-09-26 09:57:17,932 [pool-87-thread-1] INFO  server.RaftServerConfigKeys (ConfUtils.java:logGet(43)) - raft.server.log.use.memory = false (default)
2019-09-26 09:57:17,932 [pool-87-thread-1] INFO  server.RaftServerConfigKeys (ConfUtils.java:logGet(43)) - raft.server.log.purge.gap = 1000000 (custom)
2019-09-26 09:57:17,932 [pool-87-thread-1] INFO  server.RaftServerConfigKeys (ConfUtils.java:logGet(43)) - raft.server.log.appender.buffer.byte-limit = 33554432 (custom)
2019-09-26 09:57:17,933 [pool-87-thread-1] INFO  server.RaftServerConfigKeys (ConfUtils.java:logGet(43)) - raft.server.log.segment.size.max = 1048576 (custom)
2019-09-26 09:57:17,933 [pool-87-thread-1] INFO  server.RaftServerConfigKeys (ConfUtils.java:logGet(43)) - raft.server.log.segment.cache.num.max = 2 (custom)
2019-09-26 09:57:17,933 [pool-87-thread-1] INFO  segmented.SegmentedRaftLogWorker (SegmentedRaftLogWorker.java:<init>(172)) - new 4dfbf8da-55b7-40f3-96c3-7d511fd42a11@group-7764C5377C5D-SegmentedRaftLogWorker for RaftStorage:Storage Directory /workdir/hadoop-ozone/integration-test/target/test-dir/MiniOzoneClusterImpl-02a89373-ff67-4b13-ad11-60194c127517/datanode-6/data/ratis/f930620c-f189-421b-82ec-7764c5377c5d
2019-09-26 09:57:17,933 [pool-87-thread-1] INFO  server.RaftServerConfigKeys (ConfUtils.java:logGet(43)) - raft.server.log.queue.byte-limit = 2147483647 (custom)
2019-09-26 09:57:17,933 [pool-87-thread-1] INFO  server.RaftServerConfigKeys (ConfUtils.java:logGet(43)) - raft.server.log.queue.element-limit = 1024 (custom)
2019-09-26 09:57:17,933 [pool-87-thread-1] INFO  server.RaftServerConfigKeys (ConfUtils.java:logGet(43)) - raft.server.log.segment.size.max = 1048576 (custom)
2019-09-26 09:57:17,933 [pool-87-thread-1] INFO  server.RaftServerConfigKeys (ConfUtils.java:logGet(43)) - raft.server.log.preallocated.size = 16384 (custom)
2019-09-26 09:57:17,934 [pool-87-thread-1] INFO  server.RaftServerConfigKeys (ConfUtils.java:logGet(43)) - raft.server.log.write.buffer.size = 33554432 (custom)
2019-09-26 09:57:17,934 [pool-87-thread-1] INFO  server.RaftServerConfigKeys (ConfUtils.java:logGet(43)) - raft.server.log.force.sync.num = 128 (default)
2019-09-26 09:57:17,934 [pool-87-thread-1] INFO  server.RaftServerConfigKeys (ConfUtils.java:logGet(43)) - raft.server.log.statemachine.data.sync = true (default)
2019-09-26 09:57:17,934 [pool-87-thread-1] INFO  server.RaftServerConfigKeys (ConfUtils.java:logGet(43)) - raft.server.log.statemachine.data.sync.timeout = 10s (default)
2019-09-26 09:57:17,934 [pool-87-thread-1] INFO  server.RaftServerConfigKeys (ConfUtils.java:logGet(43)) - raft.server.log.statemachine.data.sync.timeout.retry = -1 (default)
2019-09-26 09:57:17,934 [pool-87-thread-1] INFO  server.RaftServerConfigKeys (ConfUtils.java:logGet(43)) - raft.server.log.statemachine.data.caching.enabled = true (custom)
2019-09-26 09:57:17,934 [pool-87-thread-1] INFO  segmented.SegmentedRaftLogWorker (SegmentedRaftLogWorker.java:lambda$new$0(132)) - 4dfbf8da-55b7-40f3-96c3-7d511fd42a11@group-7764C5377C5D-SegmentedRaftLogWorker: flushIndex: setUnconditionally 0 -> -1
2019-09-26 09:57:17,935 [pool-87-thread-1] INFO  server.RaftServerConfigKeys (ConfUtils.java:logGet(43)) - raft.server.snapshot.auto.trigger.enabled = true (custom)
2019-09-26 09:57:17,935 [pool-87-thread-1] INFO  server.RaftServerConfigKeys (ConfUtils.java:logGet(43)) - raft.server.snapshot.auto.trigger.threshold = 10000 (custom)
2019-09-26 09:57:17,935 [pool-87-thread-1] INFO  server.RaftServerConfigKeys (ConfUtils.java:logGet(43)) - raft.server.snapshot.retention.num.files = 5 (custom)
2019-09-26 09:57:17,935 [pool-87-thread-1] INFO  server.RaftServerConfigKeys (ConfUtils.java:logGet(43)) - raft.server.retrycache.expirytime = 600000ms (custom)
2019-09-26 09:57:17,938 [pool-87-thread-1] INFO  impl.RaftServerImpl (RaftServerImpl.java:start(185)) - 4dfbf8da-55b7-40f3-96c3-7d511fd42a11@group-7764C5377C5D: start as a follower, conf=-1: [4dfbf8da-55b7-40f3-96c3-7d511fd42a11:192.168.30.13:46234], old=null
2019-09-26 09:57:17,938 [pool-87-thread-1] INFO  impl.RaftServerImpl (RaftServerImpl.java:setRole(174)) - 4dfbf8da-55b7-40f3-96c3-7d511fd42a11@group-7764C5377C5D: changes role from      null to FOLLOWER at term 0 for startAsFollower
2019-09-26 09:57:17,938 [pool-87-thread-1] INFO  impl.RoleInfo (RoleInfo.java:updateAndGet(143)) - 4dfbf8da-55b7-40f3-96c3-7d511fd42a11: start FollowerState
2019-09-26 09:57:17,938 [pool-87-thread-1] INFO  util.JmxRegister (JmxRegister.java:tryRegister(44)) - Successfully registered JMX Bean with object name Ratis:service=RaftServer,group=group-7764C5377C5D,id=4dfbf8da-55b7-40f3-96c3-7d511fd42a11
2019-09-26 09:57:17,941 [RatisPipelineUtilsThread] INFO  pipeline.PipelineStateManager (PipelineStateManager.java:addPipeline(56)) - Created pipeline Pipeline[ Id: f930620c-f189-421b-82ec-7764c5377c5d, Nodes: 4dfbf8da-55b7-40f3-96c3-7d511fd42a11{ip: 192.168.30.13, host: pr-hdds-1569-wvzgm-824869521, networkLocation: /default-rack, certSerialId: null}, Type:RATIS, Factor:ONE, State:OPEN]
2019-09-26 09:57:17,941 [RatisPipelineUtilsThread] INFO  pipeline.PipelinePlacementPolicy (PipelinePlacementPolicy.java:meetCriteria(91)) - Pipeline Placement: can't place more pipeline on heavy datanode： d195cc70-2ea8-4d9b-90c7-21e4a6c9bd0d Heaviness: 6 limit: 5
2019-09-26 09:57:17,942 [RatisPipelineUtilsThread] INFO  pipeline.PipelinePlacementPolicy (PipelinePlacementPolicy.java:meetCriteria(91)) - Pipeline Placement: can't place more pipeline on heavy datanode： 968d325c-530f-4bc5-8752-bd3f3c0aff18 Heaviness: 6 limit: 5
2019-09-26 09:57:17,942 [RatisPipelineUtilsThread] INFO  pipeline.PipelinePlacementPolicy (PipelinePlacementPolicy.java:meetCriteria(91)) - Pipeline Placement: can't place more pipeline on heavy datanode： c0fe0384-ccc2-43dc-b812-8c8a482d02e6 Heaviness: 6 limit: 5
2019-09-26 09:57:17,942 [RatisPipelineUtilsThread] INFO  pipeline.PipelinePlacementPolicy (PipelinePlacementPolicy.java:meetCriteria(91)) - Pipeline Placement: can't place more pipeline on heavy datanode： 62a5622f-7436-420d-b3aa-8ce684692afe Heaviness: 6 limit: 5
2019-09-26 09:57:17,942 [RatisPipelineUtilsThread] INFO  pipeline.PipelinePlacementPolicy (PipelinePlacementPolicy.java:meetCriteria(91)) - Pipeline Placement: can't place more pipeline on heavy datanode： 9d66027e-d252-4dbd-9b93-1b4908d3cfc2 Heaviness: 6 limit: 5
2019-09-26 09:57:17,942 [RatisPipelineUtilsThread] INFO  pipeline.PipelinePlacementPolicy (PipelinePlacementPolicy.java:meetCriteria(91)) - Pipeline Placement: can't place more pipeline on heavy datanode： 4c024347-3506-43a2-ab40-8471edec8541 Heaviness: 6 limit: 5
2019-09-26 09:57:17,948 [grpc-default-executor-0] INFO  impl.RaftServerProxy (RaftServerProxy.java:addNew(89)) - 4dfbf8da-55b7-40f3-96c3-7d511fd42a11: addNew group-A44ABDCFAB81:[4dfbf8da-55b7-40f3-96c3-7d511fd42a11:192.168.30.13:46234] returns group-A44ABDCFAB81:java.util.concurrent.CompletableFuture@3ddb8e20[Not completed]
2019-09-26 09:57:17,949 [pool-87-thread-1] INFO  impl.RaftServerImpl (RaftServerImpl.java:<init>(95)) - 4dfbf8da-55b7-40f3-96c3-7d511fd42a11: new RaftServerImpl for group-A44ABDCFAB81:[4dfbf8da-55b7-40f3-96c3-7d511fd42a11:192.168.30.13:46234] with ContainerStateMachine:uninitialized
2019-09-26 09:57:17,949 [pool-87-thread-1] INFO  server.RaftServerConfigKeys (ConfUtils.java:logGet(43)) - raft.server.rpc.timeout.min = 5s (custom)
2019-09-26 09:57:17,949 [pool-87-thread-1] INFO  server.RaftServerConfigKeys (ConfUtils.java:logGet(43)) - raft.server.rpc.timeout.max = 5200ms (custom)
2019-09-26 09:57:17,949 [pool-87-thread-1] INFO  server.RaftServerConfigKeys (ConfUtils.java:logGet(43)) - raft.server.rpcslowness.timeout = 120s (custom)
2019-09-26 09:57:17,949 [pool-87-thread-1] INFO  server.RaftServerConfigKeys (ConfUtils.java:logGet(43)) - raft.server.sleep.deviation.threshold = 300 (default)
2019-09-26 09:57:17,949 [pool-87-thread-1] INFO  server.RaftServerConfigKeys (ConfUtils.java:logGet(43)) - raft.server.log.appender.install.snapshot.enabled = false (custom)
2019-09-26 09:57:17,949 [pool-87-thread-1] INFO  impl.RaftServerImpl (ServerState.java:<init>(103)) - 4dfbf8da-55b7-40f3-96c3-7d511fd42a11@group-A44ABDCFAB81: ConfigurationManager, init=-1: [4dfbf8da-55b7-40f3-96c3-7d511fd42a11:192.168.30.13:46234], old=null, confs=<EMPTY_MAP>
2019-09-26 09:57:17,949 [pool-87-thread-1] INFO  server.RaftServerConfigKeys (ConfUtils.java:logGet(43)) - raft.server.storage.dir = [/workdir/hadoop-ozone/integration-test/target/test-dir/MiniOzoneClusterImpl-02a89373-ff67-4b13-ad11-60194c127517/datanode-6/data/ratis] (custom)
2019-09-26 09:57:17,950 [pool-87-thread-1] INFO  storage.RaftStorageDirectory (RaftStorageDirectory.java:analyzeStorage(246)) - The storage directory /workdir/hadoop-ozone/integration-test/target/test-dir/MiniOzoneClusterImpl-02a89373-ff67-4b13-ad11-60194c127517/datanode-6/data/ratis/6090beef-0e51-4e2a-a4cf-a44abdcfab81 does not exist. Creating ...
2019-09-26 09:57:17,955 [pool-87-thread-1] INFO  storage.RaftStorageDirectory (RaftStorageDirectory.java:tryLock(328)) - Lock on /workdir/hadoop-ozone/integration-test/target/test-dir/MiniOzoneClusterImpl-02a89373-ff67-4b13-ad11-60194c127517/datanode-6/data/ratis/6090beef-0e51-4e2a-a4cf-a44abdcfab81/in_use.lock acquired by nodename 19604@pr-hdds-1569-wvzgm-824869521
2019-09-26 09:57:17,968 [pool-87-thread-1] INFO  storage.RaftStorage (RaftStorage.java:format(72)) - Storage directory /workdir/hadoop-ozone/integration-test/target/test-dir/MiniOzoneClusterImpl-02a89373-ff67-4b13-ad11-60194c127517/datanode-6/data/ratis/6090beef-0e51-4e2a-a4cf-a44abdcfab81 has been successfully formatted.
2019-09-26 09:57:17,968 [pool-87-thread-1] INFO  ratis.ContainerStateMachine (ContainerStateMachine.java:loadSnapshot(230)) - group-A44ABDCFAB81: The snapshot info is null. Setting the last applied indexto:(t:0, i:~)
2019-09-26 09:57:17,968 [pool-87-thread-1] INFO  server.RaftServerConfigKeys (ConfUtils.java:logGet(43)) - raft.server.notification.no-leader.timeout = 120s (custom)
2019-09-26 09:57:17,968 [pool-87-thread-1] INFO  server.RaftServerConfigKeys (ConfUtils.java:logGet(43)) - raft.server.log.use.memory = false (default)
2019-09-26 09:57:17,968 [pool-87-thread-1] INFO  server.RaftServerConfigKeys (ConfUtils.java:logGet(43)) - raft.server.log.purge.gap = 1000000 (custom)
2019-09-26 09:57:17,968 [pool-87-thread-1] INFO  server.RaftServerConfigKeys (ConfUtils.java:logGet(43)) - raft.server.log.appender.buffer.byte-limit = 33554432 (custom)
2019-09-26 09:57:17,969 [pool-87-thread-1] INFO  server.RaftServerConfigKeys (ConfUtils.java:logGet(43)) - raft.server.log.segment.size.max = 1048576 (custom)
2019-09-26 09:57:17,969 [pool-87-thread-1] INFO  server.RaftServerConfigKeys (ConfUtils.java:logGet(43)) - raft.server.log.segment.cache.num.max = 2 (custom)
2019-09-26 09:57:17,969 [pool-87-thread-1] INFO  segmented.SegmentedRaftLogWorker (SegmentedRaftLogWorker.java:<init>(172)) - new 4dfbf8da-55b7-40f3-96c3-7d511fd42a11@group-A44ABDCFAB81-SegmentedRaftLogWorker for RaftStorage:Storage Directory /workdir/hadoop-ozone/integration-test/target/test-dir/MiniOzoneClusterImpl-02a89373-ff67-4b13-ad11-60194c127517/datanode-6/data/ratis/6090beef-0e51-4e2a-a4cf-a44abdcfab81
2019-09-26 09:57:17,969 [pool-87-thread-1] INFO  server.RaftServerConfigKeys (ConfUtils.java:logGet(43)) - raft.server.log.queue.byte-limit = 2147483647 (custom)
2019-09-26 09:57:17,969 [pool-87-thread-1] INFO  server.RaftServerConfigKeys (ConfUtils.java:logGet(43)) - raft.server.log.queue.element-limit = 1024 (custom)
2019-09-26 09:57:17,969 [pool-87-thread-1] INFO  server.RaftServerConfigKeys (ConfUtils.java:logGet(43)) - raft.server.log.segment.size.max = 1048576 (custom)
2019-09-26 09:57:17,969 [pool-87-thread-1] INFO  server.RaftServerConfigKeys (ConfUtils.java:logGet(43)) - raft.server.log.preallocated.size = 16384 (custom)
2019-09-26 09:57:17,969 [pool-87-thread-1] INFO  server.RaftServerConfigKeys (ConfUtils.java:logGet(43)) - raft.server.log.write.buffer.size = 33554432 (custom)
2019-09-26 09:57:17,969 [pool-87-thread-1] INFO  server.RaftServerConfigKeys (ConfUtils.java:logGet(43)) - raft.server.log.force.sync.num = 128 (default)
2019-09-26 09:57:17,969 [pool-87-thread-1] INFO  server.RaftServerConfigKeys (ConfUtils.java:logGet(43)) - raft.server.log.statemachine.data.sync = true (default)
2019-09-26 09:57:17,970 [pool-87-thread-1] INFO  server.RaftServerConfigKeys (ConfUtils.java:logGet(43)) - raft.server.log.statemachine.data.sync.timeout = 10s (default)
2019-09-26 09:57:17,970 [pool-87-thread-1] INFO  server.RaftServerConfigKeys (ConfUtils.java:logGet(43)) - raft.server.log.statemachine.data.sync.timeout.retry = -1 (default)
2019-09-26 09:57:17,970 [pool-87-thread-1] INFO  server.RaftServerConfigKeys (ConfUtils.java:logGet(43)) - raft.server.log.statemachine.data.caching.enabled = true (custom)
2019-09-26 09:57:17,970 [pool-87-thread-1] INFO  segmented.SegmentedRaftLogWorker (SegmentedRaftLogWorker.java:lambda$new$0(132)) - 4dfbf8da-55b7-40f3-96c3-7d511fd42a11@group-A44ABDCFAB81-SegmentedRaftLogWorker: flushIndex: setUnconditionally 0 -> -1
2019-09-26 09:57:17,970 [pool-87-thread-1] INFO  server.RaftServerConfigKeys (ConfUtils.java:logGet(43)) - raft.server.snapshot.auto.trigger.enabled = true (custom)
2019-09-26 09:57:17,970 [pool-87-thread-1] INFO  server.RaftServerConfigKeys (ConfUtils.java:logGet(43)) - raft.server.snapshot.auto.trigger.threshold = 10000 (custom)
2019-09-26 09:57:17,971 [pool-87-thread-1] INFO  server.RaftServerConfigKeys (ConfUtils.java:logGet(43)) - raft.server.snapshot.retention.num.files = 5 (custom)
2019-09-26 09:57:17,971 [pool-87-thread-1] INFO  server.RaftServerConfigKeys (ConfUtils.java:logGet(43)) - raft.server.retrycache.expirytime = 600000ms (custom)
2019-09-26 09:57:17,973 [pool-87-thread-1] INFO  impl.RaftServerImpl (RaftServerImpl.java:start(185)) - 4dfbf8da-55b7-40f3-96c3-7d511fd42a11@group-A44ABDCFAB81: start as a follower, conf=-1: [4dfbf8da-55b7-40f3-96c3-7d511fd42a11:192.168.30.13:46234], old=null
2019-09-26 09:57:17,973 [pool-87-thread-1] INFO  impl.RaftServerImpl (RaftServerImpl.java:setRole(174)) - 4dfbf8da-55b7-40f3-96c3-7d511fd42a11@group-A44ABDCFAB81: changes role from      null to FOLLOWER at term 0 for startAsFollower
2019-09-26 09:57:17,973 [pool-87-thread-1] INFO  impl.RoleInfo (RoleInfo.java:updateAndGet(143)) - 4dfbf8da-55b7-40f3-96c3-7d511fd42a11: start FollowerState
2019-09-26 09:57:17,973 [pool-87-thread-1] INFO  util.JmxRegister (JmxRegister.java:tryRegister(44)) - Successfully registered JMX Bean with object name Ratis:service=RaftServer,group=group-A44ABDCFAB81,id=4dfbf8da-55b7-40f3-96c3-7d511fd42a11
2019-09-26 09:57:17,975 [RatisPipelineUtilsThread] INFO  pipeline.PipelineStateManager (PipelineStateManager.java:addPipeline(56)) - Created pipeline Pipeline[ Id: 6090beef-0e51-4e2a-a4cf-a44abdcfab81, Nodes: 4dfbf8da-55b7-40f3-96c3-7d511fd42a11{ip: 192.168.30.13, host: pr-hdds-1569-wvzgm-824869521, networkLocation: /default-rack, certSerialId: null}, Type:RATIS, Factor:ONE, State:OPEN]
2019-09-26 09:57:17,976 [RatisPipelineUtilsThread] INFO  pipeline.PipelinePlacementPolicy (PipelinePlacementPolicy.java:meetCriteria(91)) - Pipeline Placement: can't place more pipeline on heavy datanode： d195cc70-2ea8-4d9b-90c7-21e4a6c9bd0d Heaviness: 6 limit: 5
2019-09-26 09:57:17,976 [RatisPipelineUtilsThread] INFO  pipeline.PipelinePlacementPolicy (PipelinePlacementPolicy.java:meetCriteria(91)) - Pipeline Placement: can't place more pipeline on heavy datanode： 4dfbf8da-55b7-40f3-96c3-7d511fd42a11 Heaviness: 6 limit: 5
2019-09-26 09:57:17,976 [RatisPipelineUtilsThread] INFO  pipeline.PipelinePlacementPolicy (PipelinePlacementPolicy.java:meetCriteria(91)) - Pipeline Placement: can't place more pipeline on heavy datanode： 968d325c-530f-4bc5-8752-bd3f3c0aff18 Heaviness: 6 limit: 5
2019-09-26 09:57:17,976 [RatisPipelineUtilsThread] INFO  pipeline.PipelinePlacementPolicy (PipelinePlacementPolicy.java:meetCriteria(91)) - Pipeline Placement: can't place more pipeline on heavy datanode： c0fe0384-ccc2-43dc-b812-8c8a482d02e6 Heaviness: 6 limit: 5
2019-09-26 09:57:17,976 [RatisPipelineUtilsThread] INFO  pipeline.PipelinePlacementPolicy (PipelinePlacementPolicy.java:meetCriteria(91)) - Pipeline Placement: can't place more pipeline on heavy datanode： 62a5622f-7436-420d-b3aa-8ce684692afe Heaviness: 6 limit: 5
2019-09-26 09:57:17,976 [RatisPipelineUtilsThread] INFO  pipeline.PipelinePlacementPolicy (PipelinePlacementPolicy.java:meetCriteria(91)) - Pipeline Placement: can't place more pipeline on heavy datanode： 9d66027e-d252-4dbd-9b93-1b4908d3cfc2 Heaviness: 6 limit: 5
2019-09-26 09:57:17,976 [RatisPipelineUtilsThread] INFO  pipeline.PipelinePlacementPolicy (PipelinePlacementPolicy.java:meetCriteria(91)) - Pipeline Placement: can't place more pipeline on heavy datanode： 4c024347-3506-43a2-ab40-8471edec8541 Heaviness: 6 limit: 5
2019-09-26 09:57:17,977 [RatisPipelineUtilsThread] ERROR pipeline.PipelinePlacementPolicy (PipelinePlacementPolicy.java:filterViableNodes(148)) - Unable to find enough nodes that meet the criteria that cannot engage in more than 5 pipelines. Nodes required: 1 Found: 0, healthy nodes count inNodeManager: 7.
2019-09-26 09:57:17,979 [RatisPipelineUtilsThread] ERROR pipeline.SCMPipelineManager (SCMPipelineManager.java:createPipeline(167)) - Pipeline creation failed.
org.apache.hadoop.hdds.scm.exceptions.SCMException: Unable to find enough nodes that meet the criteria that cannot engage in more than 5 pipelines. Nodes required: 1 Found: 0, healthy nodes count inNodeManager: 7.
	at org.apache.hadoop.hdds.scm.pipeline.PipelinePlacementPolicy.filterViableNodes(PipelinePlacementPolicy.java:149)
	at org.apache.hadoop.hdds.scm.pipeline.PipelinePlacementPolicy.chooseDatanodes(PipelinePlacementPolicy.java:172)
	at org.apache.hadoop.hdds.scm.pipeline.RatisPipelineProvider.create(RatisPipelineProvider.java:93)
	at org.apache.hadoop.hdds.scm.pipeline.PipelineFactory.create(PipelineFactory.java:58)
	at org.apache.hadoop.hdds.scm.pipeline.SCMPipelineManager.createPipeline(SCMPipelineManager.java:155)
	at org.apache.hadoop.hdds.scm.pipeline.BackgroundPipelineCreator.createPipelines(BackgroundPipelineCreator.java:99)
	at java.util.concurrent.Executors$RunnableAdapter.call(Executors.java:511)
	at java.util.concurrent.FutureTask.run(FutureTask.java:266)
	at java.util.concurrent.ScheduledThreadPoolExecutor$ScheduledFutureTask.access$201(ScheduledThreadPoolExecutor.java:180)
	at java.util.concurrent.ScheduledThreadPoolExecutor$ScheduledFutureTask.run(ScheduledThreadPoolExecutor.java:293)
	at java.util.concurrent.ThreadPoolExecutor.runWorker(ThreadPoolExecutor.java:1149)
	at java.util.concurrent.ThreadPoolExecutor$Worker.run(ThreadPoolExecutor.java:624)
	at java.lang.Thread.run(Thread.java:748)
2019-09-26 09:57:17,980 [RatisPipelineUtilsThread] INFO  pipeline.PipelinePlacementPolicy (PipelinePlacementPolicy.java:meetCriteria(91)) - Pipeline Placement: can't place more pipeline on heavy datanode： d195cc70-2ea8-4d9b-90c7-21e4a6c9bd0d Heaviness: 6 limit: 5
2019-09-26 09:57:17,980 [RatisPipelineUtilsThread] INFO  pipeline.PipelinePlacementPolicy (PipelinePlacementPolicy.java:meetCriteria(91)) - Pipeline Placement: can't place more pipeline on heavy datanode： 4dfbf8da-55b7-40f3-96c3-7d511fd42a11 Heaviness: 6 limit: 5
2019-09-26 09:57:17,980 [RatisPipelineUtilsThread] INFO  pipeline.PipelinePlacementPolicy (PipelinePlacementPolicy.java:meetCriteria(91)) - Pipeline Placement: can't place more pipeline on heavy datanode： 968d325c-530f-4bc5-8752-bd3f3c0aff18 Heaviness: 6 limit: 5
2019-09-26 09:57:17,981 [RatisPipelineUtilsThread] INFO  pipeline.PipelinePlacementPolicy (PipelinePlacementPolicy.java:meetCriteria(91)) - Pipeline Placement: can't place more pipeline on heavy datanode： c0fe0384-ccc2-43dc-b812-8c8a482d02e6 Heaviness: 6 limit: 5
2019-09-26 09:57:17,981 [RatisPipelineUtilsThread] INFO  pipeline.PipelinePlacementPolicy (PipelinePlacementPolicy.java:meetCriteria(91)) - Pipeline Placement: can't place more pipeline on heavy datanode： 62a5622f-7436-420d-b3aa-8ce684692afe Heaviness: 6 limit: 5
2019-09-26 09:57:17,981 [RatisPipelineUtilsThread] INFO  pipeline.PipelinePlacementPolicy (PipelinePlacementPolicy.java:meetCriteria(91)) - Pipeline Placement: can't place more pipeline on heavy datanode： 9d66027e-d252-4dbd-9b93-1b4908d3cfc2 Heaviness: 6 limit: 5
2019-09-26 09:57:17,981 [RatisPipelineUtilsThread] INFO  pipeline.PipelinePlacementPolicy (PipelinePlacementPolicy.java:meetCriteria(91)) - Pipeline Placement: can't place more pipeline on heavy datanode： 4c024347-3506-43a2-ab40-8471edec8541 Heaviness: 6 limit: 5
2019-09-26 09:57:17,981 [RatisPipelineUtilsThread] ERROR pipeline.PipelinePlacementPolicy (PipelinePlacementPolicy.java:filterViableNodes(148)) - Unable to find enough nodes that meet the criteria that cannot engage in more than 5 pipelines. Nodes required: 3 Found: 0, healthy nodes count inNodeManager: 7.
2019-09-26 09:57:17,981 [RatisPipelineUtilsThread] ERROR pipeline.SCMPipelineManager (SCMPipelineManager.java:createPipeline(167)) - Pipeline creation failed.
org.apache.hadoop.hdds.scm.exceptions.SCMException: Unable to find enough nodes that meet the criteria that cannot engage in more than 5 pipelines. Nodes required: 3 Found: 0, healthy nodes count inNodeManager: 7.
	at org.apache.hadoop.hdds.scm.pipeline.PipelinePlacementPolicy.filterViableNodes(PipelinePlacementPolicy.java:149)
	at org.apache.hadoop.hdds.scm.pipeline.PipelinePlacementPolicy.chooseDatanodes(PipelinePlacementPolicy.java:172)
	at org.apache.hadoop.hdds.scm.pipeline.RatisPipelineProvider.create(RatisPipelineProvider.java:93)
	at org.apache.hadoop.hdds.scm.pipeline.PipelineFactory.create(PipelineFactory.java:58)
	at org.apache.hadoop.hdds.scm.pipeline.SCMPipelineManager.createPipeline(SCMPipelineManager.java:155)
	at org.apache.hadoop.hdds.scm.pipeline.BackgroundPipelineCreator.createPipelines(BackgroundPipelineCreator.java:99)
	at java.util.concurrent.Executors$RunnableAdapter.call(Executors.java:511)
	at java.util.concurrent.FutureTask.run(FutureTask.java:266)
	at java.util.concurrent.ScheduledThreadPoolExecutor$ScheduledFutureTask.access$201(ScheduledThreadPoolExecutor.java:180)
	at java.util.concurrent.ScheduledThreadPoolExecutor$ScheduledFutureTask.run(ScheduledThreadPoolExecutor.java:293)
	at java.util.concurrent.ThreadPoolExecutor.runWorker(ThreadPoolExecutor.java:1149)
	at java.util.concurrent.ThreadPoolExecutor$Worker.run(ThreadPoolExecutor.java:624)
	at java.lang.Thread.run(Thread.java:748)
2019-09-26 09:57:17,983 [RatisPipelineUtilsThread] INFO  pipeline.PipelinePlacementPolicy (PipelinePlacementPolicy.java:meetCriteria(91)) - Pipeline Placement: can't place more pipeline on heavy datanode： d195cc70-2ea8-4d9b-90c7-21e4a6c9bd0d Heaviness: 6 limit: 5
2019-09-26 09:57:17,983 [RatisPipelineUtilsThread] INFO  pipeline.PipelinePlacementPolicy (PipelinePlacementPolicy.java:meetCriteria(91)) - Pipeline Placement: can't place more pipeline on heavy datanode： 4dfbf8da-55b7-40f3-96c3-7d511fd42a11 Heaviness: 6 limit: 5
2019-09-26 09:57:17,983 [RatisPipelineUtilsThread] INFO  pipeline.PipelinePlacementPolicy (PipelinePlacementPolicy.java:meetCriteria(91)) - Pipeline Placement: can't place more pipeline on heavy datanode： 968d325c-530f-4bc5-8752-bd3f3c0aff18 Heaviness: 6 limit: 5
2019-09-26 09:57:17,983 [RatisPipelineUtilsThread] INFO  pipeline.PipelinePlacementPolicy (PipelinePlacementPolicy.java:meetCriteria(91)) - Pipeline Placement: can't place more pipeline on heavy datanode： c0fe0384-ccc2-43dc-b812-8c8a482d02e6 Heaviness: 6 limit: 5
2019-09-26 09:57:17,983 [RatisPipelineUtilsThread] INFO  pipeline.PipelinePlacementPolicy (PipelinePlacementPolicy.java:meetCriteria(91)) - Pipeline Placement: can't place more pipeline on heavy datanode： 62a5622f-7436-420d-b3aa-8ce684692afe Heaviness: 6 limit: 5
2019-09-26 09:57:17,983 [RatisPipelineUtilsThread] INFO  pipeline.PipelinePlacementPolicy (PipelinePlacementPolicy.java:meetCriteria(91)) - Pipeline Placement: can't place more pipeline on heavy datanode： 9d66027e-d252-4dbd-9b93-1b4908d3cfc2 Heaviness: 6 limit: 5
2019-09-26 09:57:17,983 [RatisPipelineUtilsThread] INFO  pipeline.PipelinePlacementPolicy (PipelinePlacementPolicy.java:meetCriteria(91)) - Pipeline Placement: can't place more pipeline on heavy datanode： 4c024347-3506-43a2-ab40-8471edec8541 Heaviness: 6 limit: 5
2019-09-26 09:57:17,984 [RatisPipelineUtilsThread] ERROR pipeline.PipelinePlacementPolicy (PipelinePlacementPolicy.java:filterViableNodes(148)) - Unable to find enough nodes that meet the criteria that cannot engage in more than 5 pipelines. Nodes required: 1 Found: 0, healthy nodes count inNodeManager: 7.
2019-09-26 09:57:17,984 [RatisPipelineUtilsThread] ERROR pipeline.SCMPipelineManager (SCMPipelineManager.java:createPipeline(167)) - Pipeline creation failed.
org.apache.hadoop.hdds.scm.exceptions.SCMException: Unable to find enough nodes that meet the criteria that cannot engage in more than 5 pipelines. Nodes required: 1 Found: 0, healthy nodes count inNodeManager: 7.
	at org.apache.hadoop.hdds.scm.pipeline.PipelinePlacementPolicy.filterViableNodes(PipelinePlacementPolicy.java:149)
	at org.apache.hadoop.hdds.scm.pipeline.PipelinePlacementPolicy.chooseDatanodes(PipelinePlacementPolicy.java:172)
	at org.apache.hadoop.hdds.scm.pipeline.RatisPipelineProvider.create(RatisPipelineProvider.java:93)
	at org.apache.hadoop.hdds.scm.pipeline.PipelineFactory.create(PipelineFactory.java:58)
	at org.apache.hadoop.hdds.scm.pipeline.SCMPipelineManager.createPipeline(SCMPipelineManager.java:155)
	at org.apache.hadoop.hdds.scm.pipeline.BackgroundPipelineCreator.createPipelines(BackgroundPipelineCreator.java:99)
	at org.apache.hadoop.hdds.scm.pipeline.BackgroundPipelineCreator.lambda$startFixedIntervalPipelineCreator$0(BackgroundPipelineCreator.java:70)
	at java.util.concurrent.Executors$RunnableAdapter.call(Executors.java:511)
	at java.util.concurrent.FutureTask.runAndReset(FutureTask.java:308)
	at java.util.concurrent.ScheduledThreadPoolExecutor$ScheduledFutureTask.access$301(ScheduledThreadPoolExecutor.java:180)
	at java.util.concurrent.ScheduledThreadPoolExecutor$ScheduledFutureTask.run(ScheduledThreadPoolExecutor.java:294)
	at java.util.concurrent.ThreadPoolExecutor.runWorker(ThreadPoolExecutor.java:1149)
	at java.util.concurrent.ThreadPoolExecutor$Worker.run(ThreadPoolExecutor.java:624)
	at java.lang.Thread.run(Thread.java:748)
2019-09-26 09:57:17,984 [RatisPipelineUtilsThread] INFO  pipeline.PipelinePlacementPolicy (PipelinePlacementPolicy.java:meetCriteria(91)) - Pipeline Placement: can't place more pipeline on heavy datanode： d195cc70-2ea8-4d9b-90c7-21e4a6c9bd0d Heaviness: 6 limit: 5
2019-09-26 09:57:17,984 [RatisPipelineUtilsThread] INFO  pipeline.PipelinePlacementPolicy (PipelinePlacementPolicy.java:meetCriteria(91)) - Pipeline Placement: can't place more pipeline on heavy datanode： 4dfbf8da-55b7-40f3-96c3-7d511fd42a11 Heaviness: 6 limit: 5
2019-09-26 09:57:17,984 [RatisPipelineUtilsThread] INFO  pipeline.PipelinePlacementPolicy (PipelinePlacementPolicy.java:meetCriteria(91)) - Pipeline Placement: can't place more pipeline on heavy datanode： 968d325c-530f-4bc5-8752-bd3f3c0aff18 Heaviness: 6 limit: 5
2019-09-26 09:57:17,984 [RatisPipelineUtilsThread] INFO  pipeline.PipelinePlacementPolicy (PipelinePlacementPolicy.java:meetCriteria(91)) - Pipeline Placement: can't place more pipeline on heavy datanode： c0fe0384-ccc2-43dc-b812-8c8a482d02e6 Heaviness: 6 limit: 5
2019-09-26 09:57:17,985 [RatisPipelineUtilsThread] INFO  pipeline.PipelinePlacementPolicy (PipelinePlacementPolicy.java:meetCriteria(91)) - Pipeline Placement: can't place more pipeline on heavy datanode： 62a5622f-7436-420d-b3aa-8ce684692afe Heaviness: 6 limit: 5
2019-09-26 09:57:17,985 [RatisPipelineUtilsThread] INFO  pipeline.PipelinePlacementPolicy (PipelinePlacementPolicy.java:meetCriteria(91)) - Pipeline Placement: can't place more pipeline on heavy datanode： 9d66027e-d252-4dbd-9b93-1b4908d3cfc2 Heaviness: 6 limit: 5
2019-09-26 09:57:17,985 [RatisPipelineUtilsThread] INFO  pipeline.PipelinePlacementPolicy (PipelinePlacementPolicy.java:meetCriteria(91)) - Pipeline Placement: can't place more pipeline on heavy datanode： 4c024347-3506-43a2-ab40-8471edec8541 Heaviness: 6 limit: 5
2019-09-26 09:57:17,985 [RatisPipelineUtilsThread] ERROR pipeline.PipelinePlacementPolicy (PipelinePlacementPolicy.java:filterViableNodes(148)) - Unable to find enough nodes that meet the criteria that cannot engage in more than 5 pipelines. Nodes required: 3 Found: 0, healthy nodes count inNodeManager: 7.
2019-09-26 09:57:17,985 [RatisPipelineUtilsThread] ERROR pipeline.SCMPipelineManager (SCMPipelineManager.java:createPipeline(167)) - Pipeline creation failed.
org.apache.hadoop.hdds.scm.exceptions.SCMException: Unable to find enough nodes that meet the criteria that cannot engage in more than 5 pipelines. Nodes required: 3 Found: 0, healthy nodes count inNodeManager: 7.
	at org.apache.hadoop.hdds.scm.pipeline.PipelinePlacementPolicy.filterViableNodes(PipelinePlacementPolicy.java:149)
	at org.apache.hadoop.hdds.scm.pipeline.PipelinePlacementPolicy.chooseDatanodes(PipelinePlacementPolicy.java:172)
	at org.apache.hadoop.hdds.scm.pipeline.RatisPipelineProvider.create(RatisPipelineProvider.java:93)
	at org.apache.hadoop.hdds.scm.pipeline.PipelineFactory.create(PipelineFactory.java:58)
	at org.apache.hadoop.hdds.scm.pipeline.SCMPipelineManager.createPipeline(SCMPipelineManager.java:155)
	at org.apache.hadoop.hdds.scm.pipeline.BackgroundPipelineCreator.createPipelines(BackgroundPipelineCreator.java:99)
	at org.apache.hadoop.hdds.scm.pipeline.BackgroundPipelineCreator.lambda$startFixedIntervalPipelineCreator$0(BackgroundPipelineCreator.java:70)
	at java.util.concurrent.Executors$RunnableAdapter.call(Executors.java:511)
	at java.util.concurrent.FutureTask.runAndReset(FutureTask.java:308)
	at java.util.concurrent.ScheduledThreadPoolExecutor$ScheduledFutureTask.access$301(ScheduledThreadPoolExecutor.java:180)
	at java.util.concurrent.ScheduledThreadPoolExecutor$ScheduledFutureTask.run(ScheduledThreadPoolExecutor.java:294)
	at java.util.concurrent.ThreadPoolExecutor.runWorker(ThreadPoolExecutor.java:1149)
	at java.util.concurrent.ThreadPoolExecutor$Worker.run(ThreadPoolExecutor.java:624)
	at java.lang.Thread.run(Thread.java:748)
2019-09-26 09:57:17,985 [IPC Server handler 1 on 40171] INFO  pipeline.PipelinePlacementPolicy (PipelinePlacementPolicy.java:meetCriteria(91)) - Pipeline Placement: can't place more pipeline on heavy datanode： d195cc70-2ea8-4d9b-90c7-21e4a6c9bd0d Heaviness: 6 limit: 5
2019-09-26 09:57:17,986 [IPC Server handler 1 on 40171] INFO  pipeline.PipelinePlacementPolicy (PipelinePlacementPolicy.java:meetCriteria(91)) - Pipeline Placement: can't place more pipeline on heavy datanode： 4dfbf8da-55b7-40f3-96c3-7d511fd42a11 Heaviness: 6 limit: 5
2019-09-26 09:57:17,986 [IPC Server handler 1 on 40171] INFO  pipeline.PipelinePlacementPolicy (PipelinePlacementPolicy.java:meetCriteria(91)) - Pipeline Placement: can't place more pipeline on heavy datanode： 968d325c-530f-4bc5-8752-bd3f3c0aff18 Heaviness: 6 limit: 5
2019-09-26 09:57:17,986 [IPC Server handler 1 on 40171] INFO  pipeline.PipelinePlacementPolicy (PipelinePlacementPolicy.java:meetCriteria(91)) - Pipeline Placement: can't place more pipeline on heavy datanode： c0fe0384-ccc2-43dc-b812-8c8a482d02e6 Heaviness: 6 limit: 5
2019-09-26 09:57:17,986 [IPC Server handler 1 on 40171] INFO  pipeline.PipelinePlacementPolicy (PipelinePlacementPolicy.java:meetCriteria(91)) - Pipeline Placement: can't place more pipeline on heavy datanode： 62a5622f-7436-420d-b3aa-8ce684692afe Heaviness: 6 limit: 5
2019-09-26 09:57:17,986 [IPC Server handler 1 on 40171] INFO  pipeline.PipelinePlacementPolicy (PipelinePlacementPolicy.java:meetCriteria(91)) - Pipeline Placement: can't place more pipeline on heavy datanode： 9d66027e-d252-4dbd-9b93-1b4908d3cfc2 Heaviness: 6 limit: 5
2019-09-26 09:57:17,986 [IPC Server handler 1 on 40171] INFO  pipeline.PipelinePlacementPolicy (PipelinePlacementPolicy.java:meetCriteria(91)) - Pipeline Placement: can't place more pipeline on heavy datanode： 4c024347-3506-43a2-ab40-8471edec8541 Heaviness: 6 limit: 5
2019-09-26 09:57:17,986 [IPC Server handler 1 on 40171] ERROR pipeline.PipelinePlacementPolicy (PipelinePlacementPolicy.java:filterViableNodes(148)) - Unable to find enough nodes that meet the criteria that cannot engage in more than 5 pipelines. Nodes required: 3 Found: 0, healthy nodes count inNodeManager: 7.
2019-09-26 09:57:17,987 [IPC Server handler 1 on 40171] ERROR pipeline.SCMPipelineManager (SCMPipelineManager.java:createPipeline(167)) - Pipeline creation failed.
org.apache.hadoop.hdds.scm.exceptions.SCMException: Unable to find enough nodes that meet the criteria that cannot engage in more than 5 pipelines. Nodes required: 3 Found: 0, healthy nodes count inNodeManager: 7.
	at org.apache.hadoop.hdds.scm.pipeline.PipelinePlacementPolicy.filterViableNodes(PipelinePlacementPolicy.java:149)
	at org.apache.hadoop.hdds.scm.pipeline.PipelinePlacementPolicy.chooseDatanodes(PipelinePlacementPolicy.java:172)
	at org.apache.hadoop.hdds.scm.pipeline.RatisPipelineProvider.create(RatisPipelineProvider.java:93)
	at org.apache.hadoop.hdds.scm.pipeline.PipelineFactory.create(PipelineFactory.java:58)
	at org.apache.hadoop.hdds.scm.pipeline.SCMPipelineManager.createPipeline(SCMPipelineManager.java:155)
	at org.apache.hadoop.hdds.scm.block.BlockManagerImpl.allocateBlock(BlockManagerImpl.java:190)
	at org.apache.hadoop.hdds.scm.server.SCMBlockProtocolServer.allocateBlock(SCMBlockProtocolServer.java:182)
	at org.apache.hadoop.ozone.protocolPB.ScmBlockLocationProtocolServerSideTranslatorPB.allocateScmBlock(ScmBlockLocationProtocolServerSideTranslatorPB.java:183)
	at org.apache.hadoop.ozone.protocolPB.ScmBlockLocationProtocolServerSideTranslatorPB.processMessage(ScmBlockLocationProtocolServerSideTranslatorPB.java:141)
	at org.apache.hadoop.ozone.protocolPB.ScmBlockLocationProtocolServerSideTranslatorPB.send(ScmBlockLocationProtocolServerSideTranslatorPB.java:116)
	at org.apache.hadoop.hdds.protocol.proto.ScmBlockLocationProtocolProtos$ScmBlockLocationProtocolService$2.callBlockingMethod(ScmBlockLocationProtocolProtos.java:13157)
	at org.apache.hadoop.ipc.ProtobufRpcEngine$Server$ProtoBufRpcInvoker.call(ProtobufRpcEngine.java:524)
	at org.apache.hadoop.ipc.RPC$Server.call(RPC.java:1025)
	at org.apache.hadoop.ipc.Server$RpcCall.run(Server.java:876)
	at org.apache.hadoop.ipc.Server$RpcCall.run(Server.java:822)
	at java.security.AccessController.doPrivileged(Native Method)
	at javax.security.auth.Subject.doAs(Subject.java:422)
	at org.apache.hadoop.security.UserGroupInformation.doAs(UserGroupInformation.java:1730)
	at org.apache.hadoop.ipc.Server$Handler.run(Server.java:2682)
2019-09-26 09:57:17,987 [IPC Server handler 1 on 40171] WARN  block.BlockManagerImpl (BlockManagerImpl.java:allocateBlock(192)) - Pipeline creation failed for type:RATIS factor:THREE. Retrying get pipelines call once.
org.apache.hadoop.hdds.scm.exceptions.SCMException: Unable to find enough nodes that meet the criteria that cannot engage in more than 5 pipelines. Nodes required: 3 Found: 0, healthy nodes count inNodeManager: 7.
	at org.apache.hadoop.hdds.scm.pipeline.PipelinePlacementPolicy.filterViableNodes(PipelinePlacementPolicy.java:149)
	at org.apache.hadoop.hdds.scm.pipeline.PipelinePlacementPolicy.chooseDatanodes(PipelinePlacementPolicy.java:172)
	at org.apache.hadoop.hdds.scm.pipeline.RatisPipelineProvider.create(RatisPipelineProvider.java:93)
	at org.apache.hadoop.hdds.scm.pipeline.PipelineFactory.create(PipelineFactory.java:58)
	at org.apache.hadoop.hdds.scm.pipeline.SCMPipelineManager.createPipeline(SCMPipelineManager.java:155)
	at org.apache.hadoop.hdds.scm.block.BlockManagerImpl.allocateBlock(BlockManagerImpl.java:190)
	at org.apache.hadoop.hdds.scm.server.SCMBlockProtocolServer.allocateBlock(SCMBlockProtocolServer.java:182)
	at org.apache.hadoop.ozone.protocolPB.ScmBlockLocationProtocolServerSideTranslatorPB.allocateScmBlock(ScmBlockLocationProtocolServerSideTranslatorPB.java:183)
	at org.apache.hadoop.ozone.protocolPB.ScmBlockLocationProtocolServerSideTranslatorPB.processMessage(ScmBlockLocationProtocolServerSideTranslatorPB.java:141)
	at org.apache.hadoop.ozone.protocolPB.ScmBlockLocationProtocolServerSideTranslatorPB.send(ScmBlockLocationProtocolServerSideTranslatorPB.java:116)
	at org.apache.hadoop.hdds.protocol.proto.ScmBlockLocationProtocolProtos$ScmBlockLocationProtocolService$2.callBlockingMethod(ScmBlockLocationProtocolProtos.java:13157)
	at org.apache.hadoop.ipc.ProtobufRpcEngine$Server$ProtoBufRpcInvoker.call(ProtobufRpcEngine.java:524)
	at org.apache.hadoop.ipc.RPC$Server.call(RPC.java:1025)
	at org.apache.hadoop.ipc.Server$RpcCall.run(Server.java:876)
	at org.apache.hadoop.ipc.Server$RpcCall.run(Server.java:822)
	at java.security.AccessController.doPrivileged(Native Method)
	at javax.security.auth.Subject.doAs(Subject.java:422)
	at org.apache.hadoop.security.UserGroupInformation.doAs(UserGroupInformation.java:1730)
	at org.apache.hadoop.ipc.Server$Handler.run(Server.java:2682)
2019-09-26 09:57:17,987 [IPC Server handler 1 on 40171] INFO  block.BlockManagerImpl (BlockManagerImpl.java:allocateBlock(198)) - Could not find available pipeline of type:RATIS and factor:THREE even after retrying
2019-09-26 09:57:17,987 [IPC Server handler 1 on 40171] ERROR block.BlockManagerImpl (BlockManagerImpl.java:allocateBlock(222)) - Unable to allocate a block for the size: 800, type: RATIS, factor: THREE
2019-09-26 09:57:17,992 [main] INFO  ozone.MiniOzoneClusterImpl (MiniOzoneClusterImpl.java:shutdown(314)) - Shutting down the Mini Ozone Cluster
2019-09-26 09:57:17,993 [main] INFO  ozone.MiniOzoneClusterImpl (MiniOzoneClusterImpl.java:stop(330)) - Stopping the Mini Ozone Cluster
2019-09-26 09:57:17,993 [main] INFO  ozone.MiniOzoneClusterImpl (MiniOzoneClusterImpl.java:stopOM(400)) - Stopping the OzoneManager
2019-09-26 09:57:17,993 [main] INFO  ipc.Server (Server.java:stop(3082)) - Stopping server on 45450
2019-09-26 09:57:18,012 [main] INFO  ratis.OzoneManagerDoubleBuffer (OzoneManagerDoubleBuffer.java:stop(248)) - Stopping OMDoubleBuffer flush thread
2019-09-26 09:57:18,016 [IPC Server Responder] INFO  ipc.Server (Server.java:run(1319)) - Stopping IPC Server Responder
2019-09-26 09:57:18,012 [IPC Server listener on 45450] INFO  ipc.Server (Server.java:run(1185)) - Stopping IPC Server listener on 45450
2019-09-26 09:57:18,024 [OMDoubleBufferFlushThread] INFO  ratis.OzoneManagerDoubleBuffer (OzoneManagerDoubleBuffer.java:flushTransactions(191)) - OMDoubleBuffer flush thread OMDoubleBufferFlushThread is interrupted and will exit. OMDoubleBufferFlushThread
2019-09-26 09:57:18,024 [main] INFO  utils.BackgroundService (BackgroundService.java:shutdown(148)) - Shutting down service KeyDeletingService
2019-09-26 09:57:18,027 [main] INFO  handler.ContextHandler (ContextHandler.java:doStop(910)) - Stopped o.e.j.w.WebAppContext@415156bf{/,null,UNAVAILABLE}{/ozoneManager}
2019-09-26 09:57:18,031 [main] INFO  server.AbstractConnector (AbstractConnector.java:doStop(318)) - Stopped ServerConnector@393881f0{HTTP/1.1,[http/1.1]}{0.0.0.0:0}
2019-09-26 09:57:18,032 [main] INFO  handler.ContextHandler (ContextHandler.java:doStop(910)) - Stopped o.e.j.s.ServletContextHandler@3a627c80{/static,file:///workdir/hadoop-ozone/integration-test/target/test-classes/webapps/static,UNAVAILABLE}
2019-09-26 09:57:18,032 [main] INFO  handler.ContextHandler (ContextHandler.java:doStop(910)) - Stopped o.e.j.s.ServletContextHandler@20ed3303{/logs,file:///workdir/hadoop-ozone/integration-test/target/log,UNAVAILABLE}
2019-09-26 09:57:18,036 [main] INFO  ozone.MiniOzoneClusterImpl (MiniOzoneClusterImpl.java:stopDatanodes(377)) - Stopping the HddsDatanodes
2019-09-26 09:57:18,386 [Datanode State Machine Thread - 0] INFO  statemachine.DatanodeStateMachine (DatanodeStateMachine.java:lambda$startDaemon$0(350)) - Ozone container server started.
2019-09-26 09:57:18,656 [Datanode State Machine Thread - 0] INFO  statemachine.DatanodeStateMachine (DatanodeStateMachine.java:lambda$startDaemon$0(350)) - Ozone container server started.
2019-09-26 09:57:20,155 [Thread-240] INFO  impl.FollowerState (FollowerState.java:run(106)) - 968d325c-530f-4bc5-8752-bd3f3c0aff18:group-0CDE7C70FDA6 changes to CANDIDATE, lastRpcTime:5072, electionTimeout:5072ms
2019-09-26 09:57:20,160 [Thread-240] INFO  impl.RoleInfo (RoleInfo.java:shutdownFollowerState(121)) - 968d325c-530f-4bc5-8752-bd3f3c0aff18: shutdown FollowerState
2019-09-26 09:57:20,161 [Thread-240] INFO  impl.RaftServerImpl (RaftServerImpl.java:setRole(174)) - 968d325c-530f-4bc5-8752-bd3f3c0aff18@group-0CDE7C70FDA6: changes role from  FOLLOWER to CANDIDATE at term 0 for changeToCandidate
2019-09-26 09:57:20,164 [Thread-240] INFO  impl.RoleInfo (RoleInfo.java:updateAndGet(143)) - 968d325c-530f-4bc5-8752-bd3f3c0aff18: start LeaderElection
2019-09-26 09:57:20,185 [968d325c-530f-4bc5-8752-bd3f3c0aff18@group-0CDE7C70FDA6:LeaderElection1] INFO  impl.LeaderElection (LeaderElection.java:askForVotes(182)) - 968d325c-530f-4bc5-8752-bd3f3c0aff18@group-0CDE7C70FDA6:LeaderElection1: begin an election at term 1 for -1: [968d325c-530f-4bc5-8752-bd3f3c0aff18:192.168.30.13:43732], old=null
2019-09-26 09:57:20,186 [968d325c-530f-4bc5-8752-bd3f3c0aff18@group-0CDE7C70FDA6:LeaderElection1] INFO  impl.RoleInfo (RoleInfo.java:shutdownLeaderElection(134)) - 968d325c-530f-4bc5-8752-bd3f3c0aff18: shutdown LeaderElection
2019-09-26 09:57:20,187 [968d325c-530f-4bc5-8752-bd3f3c0aff18@group-0CDE7C70FDA6:LeaderElection1] INFO  impl.RaftServerImpl (RaftServerImpl.java:setRole(174)) - 968d325c-530f-4bc5-8752-bd3f3c0aff18@group-0CDE7C70FDA6: changes role from CANDIDATE to LEADER at term 1 for changeToLeader
2019-09-26 09:57:20,187 [968d325c-530f-4bc5-8752-bd3f3c0aff18@group-0CDE7C70FDA6:LeaderElection1] INFO  impl.RaftServerImpl (ServerState.java:setLeader(253)) - 968d325c-530f-4bc5-8752-bd3f3c0aff18@group-0CDE7C70FDA6: change Leader from null to 968d325c-530f-4bc5-8752-bd3f3c0aff18 at term 1 for becomeLeader, leader elected after 5215ms
2019-09-26 09:57:20,194 [968d325c-530f-4bc5-8752-bd3f3c0aff18@group-0CDE7C70FDA6:LeaderElection1] INFO  server.RaftServerConfigKeys (ConfUtils.java:logGet(43)) - raft.server.staging.catchup.gap = 1000 (default)
2019-09-26 09:57:20,194 [968d325c-530f-4bc5-8752-bd3f3c0aff18@group-0CDE7C70FDA6:LeaderElection1] INFO  server.RaftServerConfigKeys (ConfUtils.java:logGet(43)) - raft.server.rpc.sleep.time = 25ms (default)
2019-09-26 09:57:20,197 [968d325c-530f-4bc5-8752-bd3f3c0aff18@group-0CDE7C70FDA6:LeaderElection1] INFO  server.RaftServerConfigKeys (ConfUtils.java:logGet(43)) - raft.server.write.element-limit = 4096 (default)
2019-09-26 09:57:20,199 [968d325c-530f-4bc5-8752-bd3f3c0aff18@group-0CDE7C70FDA6:LeaderElection1] INFO  server.RaftServerConfigKeys (ConfUtils.java:logGet(43)) - raft.server.watch.timeout = 10s (default)
2019-09-26 09:57:20,199 [968d325c-530f-4bc5-8752-bd3f3c0aff18@group-0CDE7C70FDA6:LeaderElection1] INFO  server.RaftServerConfigKeys (ConfUtils.java:logGet(43)) - raft.server.watch.timeout.denomination = 1s (default)
2019-09-26 09:57:20,200 [968d325c-530f-4bc5-8752-bd3f3c0aff18@group-0CDE7C70FDA6:LeaderElection1] INFO  server.RaftServerConfigKeys (ConfUtils.java:logGet(43)) - raft.server.watch.element-limit = 65536 (default)
2019-09-26 09:57:20,210 [968d325c-530f-4bc5-8752-bd3f3c0aff18@group-0CDE7C70FDA6:LeaderElection1] INFO  impl.RoleInfo (RoleInfo.java:updateAndGet(143)) - 968d325c-530f-4bc5-8752-bd3f3c0aff18: start LeaderState
2019-09-26 09:57:20,229 [968d325c-530f-4bc5-8752-bd3f3c0aff18@group-0CDE7C70FDA6:LeaderElection1] INFO  segmented.SegmentedRaftLogWorker (SegmentedRaftLogWorker.java:startLogSegment(380)) - 968d325c-530f-4bc5-8752-bd3f3c0aff18@group-0CDE7C70FDA6-SegmentedRaftLogWorker: Starting segment from index:0
2019-09-26 09:57:20,242 [968d325c-530f-4bc5-8752-bd3f3c0aff18@group-0CDE7C70FDA6:LeaderElection1] INFO  impl.RaftServerImpl (ServerState.java:setRaftConf(354)) - 968d325c-530f-4bc5-8752-bd3f3c0aff18@group-0CDE7C70FDA6: set configuration 0: [968d325c-530f-4bc5-8752-bd3f3c0aff18:192.168.30.13:43732], old=null at 0
2019-09-26 09:57:20,264 [Thread-243] INFO  impl.FollowerState (FollowerState.java:run(106)) - 62a5622f-7436-420d-b3aa-8ce684692afe:group-F834DD8813C4 changes to CANDIDATE, lastRpcTime:5026, electionTimeout:5024ms
2019-09-26 09:57:20,267 [Thread-243] INFO  impl.RoleInfo (RoleInfo.java:shutdownFollowerState(121)) - 62a5622f-7436-420d-b3aa-8ce684692afe: shutdown FollowerState
2019-09-26 09:57:20,267 [Thread-243] INFO  impl.RaftServerImpl (RaftServerImpl.java:setRole(174)) - 62a5622f-7436-420d-b3aa-8ce684692afe@group-F834DD8813C4: changes role from  FOLLOWER to CANDIDATE at term 0 for changeToCandidate
2019-09-26 09:57:20,267 [Thread-243] INFO  impl.RoleInfo (RoleInfo.java:updateAndGet(143)) - 62a5622f-7436-420d-b3aa-8ce684692afe: start LeaderElection
2019-09-26 09:57:20,296 [62a5622f-7436-420d-b3aa-8ce684692afe@group-F834DD8813C4:LeaderElection2] INFO  impl.LeaderElection (LeaderElection.java:askForVotes(182)) - 62a5622f-7436-420d-b3aa-8ce684692afe@group-F834DD8813C4:LeaderElection2: begin an election at term 1 for -1: [62a5622f-7436-420d-b3aa-8ce684692afe:192.168.30.13:44970], old=null
2019-09-26 09:57:20,299 [62a5622f-7436-420d-b3aa-8ce684692afe@group-F834DD8813C4:LeaderElection2] INFO  impl.RoleInfo (RoleInfo.java:shutdownLeaderElection(134)) - 62a5622f-7436-420d-b3aa-8ce684692afe: shutdown LeaderElection
2019-09-26 09:57:20,299 [62a5622f-7436-420d-b3aa-8ce684692afe@group-F834DD8813C4:LeaderElection2] INFO  impl.RaftServerImpl (RaftServerImpl.java:setRole(174)) - 62a5622f-7436-420d-b3aa-8ce684692afe@group-F834DD8813C4: changes role from CANDIDATE to LEADER at term 1 for changeToLeader
2019-09-26 09:57:20,299 [62a5622f-7436-420d-b3aa-8ce684692afe@group-F834DD8813C4:LeaderElection2] INFO  impl.RaftServerImpl (ServerState.java:setLeader(253)) - 62a5622f-7436-420d-b3aa-8ce684692afe@group-F834DD8813C4: change Leader from null to 62a5622f-7436-420d-b3aa-8ce684692afe at term 1 for becomeLeader, leader elected after 5078ms
2019-09-26 09:57:20,301 [62a5622f-7436-420d-b3aa-8ce684692afe@group-F834DD8813C4:LeaderElection2] INFO  server.RaftServerConfigKeys (ConfUtils.java:logGet(43)) - raft.server.staging.catchup.gap = 1000 (default)
2019-09-26 09:57:20,301 [62a5622f-7436-420d-b3aa-8ce684692afe@group-F834DD8813C4:LeaderElection2] INFO  server.RaftServerConfigKeys (ConfUtils.java:logGet(43)) - raft.server.rpc.sleep.time = 25ms (default)
2019-09-26 09:57:20,302 [62a5622f-7436-420d-b3aa-8ce684692afe@group-F834DD8813C4:LeaderElection2] INFO  server.RaftServerConfigKeys (ConfUtils.java:logGet(43)) - raft.server.write.element-limit = 4096 (default)
2019-09-26 09:57:20,302 [62a5622f-7436-420d-b3aa-8ce684692afe@group-F834DD8813C4:LeaderElection2] INFO  server.RaftServerConfigKeys (ConfUtils.java:logGet(43)) - raft.server.watch.timeout = 10s (default)
2019-09-26 09:57:20,302 [62a5622f-7436-420d-b3aa-8ce684692afe@group-F834DD8813C4:LeaderElection2] INFO  server.RaftServerConfigKeys (ConfUtils.java:logGet(43)) - raft.server.watch.timeout.denomination = 1s (default)
2019-09-26 09:57:20,302 [62a5622f-7436-420d-b3aa-8ce684692afe@group-F834DD8813C4:LeaderElection2] INFO  server.RaftServerConfigKeys (ConfUtils.java:logGet(43)) - raft.server.watch.element-limit = 65536 (default)
2019-09-26 09:57:20,306 [62a5622f-7436-420d-b3aa-8ce684692afe@group-F834DD8813C4:LeaderElection2] INFO  impl.RoleInfo (RoleInfo.java:updateAndGet(143)) - 62a5622f-7436-420d-b3aa-8ce684692afe: start LeaderState
2019-09-26 09:57:20,306 [62a5622f-7436-420d-b3aa-8ce684692afe@group-F834DD8813C4:LeaderElection2] INFO  segmented.SegmentedRaftLogWorker (SegmentedRaftLogWorker.java:startLogSegment(380)) - 62a5622f-7436-420d-b3aa-8ce684692afe@group-F834DD8813C4-SegmentedRaftLogWorker: Starting segment from index:0
2019-09-26 09:57:20,307 [62a5622f-7436-420d-b3aa-8ce684692afe@group-F834DD8813C4:LeaderElection2] INFO  impl.RaftServerImpl (ServerState.java:setRaftConf(354)) - 62a5622f-7436-420d-b3aa-8ce684692afe@group-F834DD8813C4: set configuration 0: [62a5622f-7436-420d-b3aa-8ce684692afe:192.168.30.13:44970], old=null at 0
2019-09-26 09:57:20,309 [Thread-246] INFO  impl.FollowerState (FollowerState.java:run(106)) - 62a5622f-7436-420d-b3aa-8ce684692afe:group-CBC832F9CC17 changes to CANDIDATE, lastRpcTime:5003, electionTimeout:5002ms
2019-09-26 09:57:20,309 [Thread-246] INFO  impl.RoleInfo (RoleInfo.java:shutdownFollowerState(121)) - 62a5622f-7436-420d-b3aa-8ce684692afe: shutdown FollowerState
2019-09-26 09:57:20,310 [Thread-246] INFO  impl.RaftServerImpl (RaftServerImpl.java:setRole(174)) - 62a5622f-7436-420d-b3aa-8ce684692afe@group-CBC832F9CC17: changes role from  FOLLOWER to CANDIDATE at term 0 for changeToCandidate
2019-09-26 09:57:20,310 [Thread-246] INFO  impl.RoleInfo (RoleInfo.java:updateAndGet(143)) - 62a5622f-7436-420d-b3aa-8ce684692afe: start LeaderElection
2019-09-26 09:57:20,329 [62a5622f-7436-420d-b3aa-8ce684692afe@group-CBC832F9CC17:LeaderElection3] INFO  impl.LeaderElection (LeaderElection.java:askForVotes(182)) - 62a5622f-7436-420d-b3aa-8ce684692afe@group-CBC832F9CC17:LeaderElection3: begin an election at term 1 for -1: [62a5622f-7436-420d-b3aa-8ce684692afe:192.168.30.13:44970], old=null
2019-09-26 09:57:20,330 [62a5622f-7436-420d-b3aa-8ce684692afe@group-CBC832F9CC17:LeaderElection3] INFO  impl.RoleInfo (RoleInfo.java:shutdownLeaderElection(134)) - 62a5622f-7436-420d-b3aa-8ce684692afe: shutdown LeaderElection
2019-09-26 09:57:20,330 [62a5622f-7436-420d-b3aa-8ce684692afe@group-CBC832F9CC17:LeaderElection3] INFO  impl.RaftServerImpl (RaftServerImpl.java:setRole(174)) - 62a5622f-7436-420d-b3aa-8ce684692afe@group-CBC832F9CC17: changes role from CANDIDATE to LEADER at term 1 for changeToLeader
2019-09-26 09:57:20,330 [62a5622f-7436-420d-b3aa-8ce684692afe@group-CBC832F9CC17:LeaderElection3] INFO  impl.RaftServerImpl (ServerState.java:setLeader(253)) - 62a5622f-7436-420d-b3aa-8ce684692afe@group-CBC832F9CC17: change Leader from null to 62a5622f-7436-420d-b3aa-8ce684692afe at term 1 for becomeLeader, leader elected after 5032ms
2019-09-26 09:57:20,330 [62a5622f-7436-420d-b3aa-8ce684692afe@group-CBC832F9CC17:LeaderElection3] INFO  server.RaftServerConfigKeys (ConfUtils.java:logGet(43)) - raft.server.staging.catchup.gap = 1000 (default)
2019-09-26 09:57:20,331 [62a5622f-7436-420d-b3aa-8ce684692afe@group-CBC832F9CC17:LeaderElection3] INFO  server.RaftServerConfigKeys (ConfUtils.java:logGet(43)) - raft.server.rpc.sleep.time = 25ms (default)
2019-09-26 09:57:20,331 [62a5622f-7436-420d-b3aa-8ce684692afe@group-CBC832F9CC17:LeaderElection3] INFO  server.RaftServerConfigKeys (ConfUtils.java:logGet(43)) - raft.server.write.element-limit = 4096 (default)
2019-09-26 09:57:20,331 [62a5622f-7436-420d-b3aa-8ce684692afe@group-CBC832F9CC17:LeaderElection3] INFO  server.RaftServerConfigKeys (ConfUtils.java:logGet(43)) - raft.server.watch.timeout = 10s (default)
2019-09-26 09:57:20,331 [62a5622f-7436-420d-b3aa-8ce684692afe@group-CBC832F9CC17:LeaderElection3] INFO  server.RaftServerConfigKeys (ConfUtils.java:logGet(43)) - raft.server.watch.timeout.denomination = 1s (default)
2019-09-26 09:57:20,332 [62a5622f-7436-420d-b3aa-8ce684692afe@group-CBC832F9CC17:LeaderElection3] INFO  server.RaftServerConfigKeys (ConfUtils.java:logGet(43)) - raft.server.watch.element-limit = 65536 (default)
2019-09-26 09:57:20,336 [62a5622f-7436-420d-b3aa-8ce684692afe@group-CBC832F9CC17:LeaderElection3] INFO  impl.RoleInfo (RoleInfo.java:updateAndGet(143)) - 62a5622f-7436-420d-b3aa-8ce684692afe: start LeaderState
2019-09-26 09:57:20,336 [62a5622f-7436-420d-b3aa-8ce684692afe@group-CBC832F9CC17:LeaderElection3] INFO  segmented.SegmentedRaftLogWorker (SegmentedRaftLogWorker.java:startLogSegment(380)) - 62a5622f-7436-420d-b3aa-8ce684692afe@group-CBC832F9CC17-SegmentedRaftLogWorker: Starting segment from index:0
2019-09-26 09:57:20,337 [62a5622f-7436-420d-b3aa-8ce684692afe@group-CBC832F9CC17:LeaderElection3] INFO  impl.RaftServerImpl (ServerState.java:setRaftConf(354)) - 62a5622f-7436-420d-b3aa-8ce684692afe@group-CBC832F9CC17: set configuration 0: [62a5622f-7436-420d-b3aa-8ce684692afe:192.168.30.13:44970], old=null at 0
2019-09-26 09:57:20,422 [968d325c-530f-4bc5-8752-bd3f3c0aff18@group-0CDE7C70FDA6-SegmentedRaftLogWorker] INFO  segmented.SegmentedRaftLogWorker (SegmentedRaftLogWorker.java:execute(569)) - 968d325c-530f-4bc5-8752-bd3f3c0aff18@group-0CDE7C70FDA6-SegmentedRaftLogWorker: created new log segment /workdir/hadoop-ozone/integration-test/target/test-dir/MiniOzoneClusterImpl-02a89373-ff67-4b13-ad11-60194c127517/datanode-0/data/ratis/cb5bd0e6-aba1-414e-b438-0cde7c70fda6/current/log_inprogress_0
2019-09-26 09:57:20,422 [62a5622f-7436-420d-b3aa-8ce684692afe@group-CBC832F9CC17-SegmentedRaftLogWorker] INFO  segmented.SegmentedRaftLogWorker (SegmentedRaftLogWorker.java:execute(569)) - 62a5622f-7436-420d-b3aa-8ce684692afe@group-CBC832F9CC17-SegmentedRaftLogWorker: created new log segment /workdir/hadoop-ozone/integration-test/target/test-dir/MiniOzoneClusterImpl-02a89373-ff67-4b13-ad11-60194c127517/datanode-3/data/ratis/0b3e9452-7003-48fc-b2cb-cbc832f9cc17/current/log_inprogress_0
2019-09-26 09:57:20,422 [62a5622f-7436-420d-b3aa-8ce684692afe@group-F834DD8813C4-SegmentedRaftLogWorker] INFO  segmented.SegmentedRaftLogWorker (SegmentedRaftLogWorker.java:execute(569)) - 62a5622f-7436-420d-b3aa-8ce684692afe@group-F834DD8813C4-SegmentedRaftLogWorker: created new log segment /workdir/hadoop-ozone/integration-test/target/test-dir/MiniOzoneClusterImpl-02a89373-ff67-4b13-ad11-60194c127517/datanode-3/data/ratis/a2ea2ac6-1501-4cec-a4ae-f834dd8813c4/current/log_inprogress_0
2019-09-26 09:57:20,486 [Thread-249] INFO  impl.FollowerState (FollowerState.java:run(106)) - 9d66027e-d252-4dbd-9b93-1b4908d3cfc2:group-877BE78CB39A changes to CANDIDATE, lastRpcTime:5073, electionTimeout:5073ms
2019-09-26 09:57:20,487 [Thread-249] INFO  impl.RoleInfo (RoleInfo.java:shutdownFollowerState(121)) - 9d66027e-d252-4dbd-9b93-1b4908d3cfc2: shutdown FollowerState
2019-09-26 09:57:20,487 [Thread-249] INFO  impl.RaftServerImpl (RaftServerImpl.java:setRole(174)) - 9d66027e-d252-4dbd-9b93-1b4908d3cfc2@group-877BE78CB39A: changes role from  FOLLOWER to CANDIDATE at term 0 for changeToCandidate
2019-09-26 09:57:20,487 [Thread-249] INFO  impl.RoleInfo (RoleInfo.java:updateAndGet(143)) - 9d66027e-d252-4dbd-9b93-1b4908d3cfc2: start LeaderElection
2019-09-26 09:57:20,506 [9d66027e-d252-4dbd-9b93-1b4908d3cfc2@group-877BE78CB39A:LeaderElection4] INFO  impl.LeaderElection (LeaderElection.java:askForVotes(182)) - 9d66027e-d252-4dbd-9b93-1b4908d3cfc2@group-877BE78CB39A:LeaderElection4: begin an election at term 1 for -1: [9d66027e-d252-4dbd-9b93-1b4908d3cfc2:192.168.30.13:37389], old=null
2019-09-26 09:57:20,506 [9d66027e-d252-4dbd-9b93-1b4908d3cfc2@group-877BE78CB39A:LeaderElection4] INFO  impl.RoleInfo (RoleInfo.java:shutdownLeaderElection(134)) - 9d66027e-d252-4dbd-9b93-1b4908d3cfc2: shutdown LeaderElection
2019-09-26 09:57:20,507 [9d66027e-d252-4dbd-9b93-1b4908d3cfc2@group-877BE78CB39A:LeaderElection4] INFO  impl.RaftServerImpl (RaftServerImpl.java:setRole(174)) - 9d66027e-d252-4dbd-9b93-1b4908d3cfc2@group-877BE78CB39A: changes role from CANDIDATE to LEADER at term 1 for changeToLeader
2019-09-26 09:57:20,507 [9d66027e-d252-4dbd-9b93-1b4908d3cfc2@group-877BE78CB39A:LeaderElection4] INFO  impl.RaftServerImpl (ServerState.java:setLeader(253)) - 9d66027e-d252-4dbd-9b93-1b4908d3cfc2@group-877BE78CB39A: change Leader from null to 9d66027e-d252-4dbd-9b93-1b4908d3cfc2 at term 1 for becomeLeader, leader elected after 5134ms
2019-09-26 09:57:20,509 [9d66027e-d252-4dbd-9b93-1b4908d3cfc2@group-877BE78CB39A:LeaderElection4] INFO  server.RaftServerConfigKeys (ConfUtils.java:logGet(43)) - raft.server.staging.catchup.gap = 1000 (default)
2019-09-26 09:57:20,509 [9d66027e-d252-4dbd-9b93-1b4908d3cfc2@group-877BE78CB39A:LeaderElection4] INFO  server.RaftServerConfigKeys (ConfUtils.java:logGet(43)) - raft.server.rpc.sleep.time = 25ms (default)
2019-09-26 09:57:20,509 [9d66027e-d252-4dbd-9b93-1b4908d3cfc2@group-877BE78CB39A:LeaderElection4] INFO  server.RaftServerConfigKeys (ConfUtils.java:logGet(43)) - raft.server.write.element-limit = 4096 (default)
2019-09-26 09:57:20,510 [9d66027e-d252-4dbd-9b93-1b4908d3cfc2@group-877BE78CB39A:LeaderElection4] INFO  server.RaftServerConfigKeys (ConfUtils.java:logGet(43)) - raft.server.watch.timeout = 10s (default)
2019-09-26 09:57:20,510 [9d66027e-d252-4dbd-9b93-1b4908d3cfc2@group-877BE78CB39A:LeaderElection4] INFO  server.RaftServerConfigKeys (ConfUtils.java:logGet(43)) - raft.server.watch.timeout.denomination = 1s (default)
2019-09-26 09:57:20,510 [9d66027e-d252-4dbd-9b93-1b4908d3cfc2@group-877BE78CB39A:LeaderElection4] INFO  server.RaftServerConfigKeys (ConfUtils.java:logGet(43)) - raft.server.watch.element-limit = 65536 (default)
2019-09-26 09:57:20,514 [9d66027e-d252-4dbd-9b93-1b4908d3cfc2@group-877BE78CB39A:LeaderElection4] INFO  impl.RoleInfo (RoleInfo.java:updateAndGet(143)) - 9d66027e-d252-4dbd-9b93-1b4908d3cfc2: start LeaderState
2019-09-26 09:57:20,514 [9d66027e-d252-4dbd-9b93-1b4908d3cfc2@group-877BE78CB39A:LeaderElection4] INFO  segmented.SegmentedRaftLogWorker (SegmentedRaftLogWorker.java:startLogSegment(380)) - 9d66027e-d252-4dbd-9b93-1b4908d3cfc2@group-877BE78CB39A-SegmentedRaftLogWorker: Starting segment from index:0
2019-09-26 09:57:20,515 [9d66027e-d252-4dbd-9b93-1b4908d3cfc2@group-877BE78CB39A:LeaderElection4] INFO  impl.RaftServerImpl (ServerState.java:setRaftConf(354)) - 9d66027e-d252-4dbd-9b93-1b4908d3cfc2@group-877BE78CB39A: set configuration 0: [9d66027e-d252-4dbd-9b93-1b4908d3cfc2:192.168.30.13:37389], old=null at 0
2019-09-26 09:57:20,566 [9d66027e-d252-4dbd-9b93-1b4908d3cfc2@group-877BE78CB39A-SegmentedRaftLogWorker] INFO  segmented.SegmentedRaftLogWorker (SegmentedRaftLogWorker.java:execute(569)) - 9d66027e-d252-4dbd-9b93-1b4908d3cfc2@group-877BE78CB39A-SegmentedRaftLogWorker: created new log segment /workdir/hadoop-ozone/integration-test/target/test-dir/MiniOzoneClusterImpl-02a89373-ff67-4b13-ad11-60194c127517/datanode-2/data/ratis/06875337-7ecd-40fc-b4e6-877be78cb39a/current/log_inprogress_0
2019-09-26 09:57:20,590 [Thread-252] INFO  impl.FollowerState (FollowerState.java:run(106)) - c0fe0384-ccc2-43dc-b812-8c8a482d02e6:group-ED0FB5762F4F changes to CANDIDATE, lastRpcTime:5128, electionTimeout:5128ms
2019-09-26 09:57:20,590 [Thread-252] INFO  impl.RoleInfo (RoleInfo.java:shutdownFollowerState(121)) - c0fe0384-ccc2-43dc-b812-8c8a482d02e6: shutdown FollowerState
2019-09-26 09:57:20,590 [Thread-252] INFO  impl.RaftServerImpl (RaftServerImpl.java:setRole(174)) - c0fe0384-ccc2-43dc-b812-8c8a482d02e6@group-ED0FB5762F4F: changes role from  FOLLOWER to CANDIDATE at term 0 for changeToCandidate
2019-09-26 09:57:20,590 [Thread-252] INFO  impl.RoleInfo (RoleInfo.java:updateAndGet(143)) - c0fe0384-ccc2-43dc-b812-8c8a482d02e6: start LeaderElection
2019-09-26 09:57:20,613 [c0fe0384-ccc2-43dc-b812-8c8a482d02e6@group-ED0FB5762F4F:LeaderElection5] INFO  impl.LeaderElection (LeaderElection.java:askForVotes(182)) - c0fe0384-ccc2-43dc-b812-8c8a482d02e6@group-ED0FB5762F4F:LeaderElection5: begin an election at term 1 for -1: [c0fe0384-ccc2-43dc-b812-8c8a482d02e6:192.168.30.13:34767], old=null
2019-09-26 09:57:20,613 [c0fe0384-ccc2-43dc-b812-8c8a482d02e6@group-ED0FB5762F4F:LeaderElection5] INFO  impl.RoleInfo (RoleInfo.java:shutdownLeaderElection(134)) - c0fe0384-ccc2-43dc-b812-8c8a482d02e6: shutdown LeaderElection
2019-09-26 09:57:20,613 [c0fe0384-ccc2-43dc-b812-8c8a482d02e6@group-ED0FB5762F4F:LeaderElection5] INFO  impl.RaftServerImpl (RaftServerImpl.java:setRole(174)) - c0fe0384-ccc2-43dc-b812-8c8a482d02e6@group-ED0FB5762F4F: changes role from CANDIDATE to LEADER at term 1 for changeToLeader
2019-09-26 09:57:20,614 [c0fe0384-ccc2-43dc-b812-8c8a482d02e6@group-ED0FB5762F4F:LeaderElection5] INFO  impl.RaftServerImpl (ServerState.java:setLeader(253)) - c0fe0384-ccc2-43dc-b812-8c8a482d02e6@group-ED0FB5762F4F: change Leader from null to c0fe0384-ccc2-43dc-b812-8c8a482d02e6 at term 1 for becomeLeader, leader elected after 5161ms
2019-09-26 09:57:20,616 [c0fe0384-ccc2-43dc-b812-8c8a482d02e6@group-ED0FB5762F4F:LeaderElection5] INFO  server.RaftServerConfigKeys (ConfUtils.java:logGet(43)) - raft.server.staging.catchup.gap = 1000 (default)
2019-09-26 09:57:20,616 [c0fe0384-ccc2-43dc-b812-8c8a482d02e6@group-ED0FB5762F4F:LeaderElection5] INFO  server.RaftServerConfigKeys (ConfUtils.java:logGet(43)) - raft.server.rpc.sleep.time = 25ms (default)
2019-09-26 09:57:20,616 [c0fe0384-ccc2-43dc-b812-8c8a482d02e6@group-ED0FB5762F4F:LeaderElection5] INFO  server.RaftServerConfigKeys (ConfUtils.java:logGet(43)) - raft.server.write.element-limit = 4096 (default)
2019-09-26 09:57:20,616 [c0fe0384-ccc2-43dc-b812-8c8a482d02e6@group-ED0FB5762F4F:LeaderElection5] INFO  server.RaftServerConfigKeys (ConfUtils.java:logGet(43)) - raft.server.watch.timeout = 10s (default)
2019-09-26 09:57:20,616 [c0fe0384-ccc2-43dc-b812-8c8a482d02e6@group-ED0FB5762F4F:LeaderElection5] INFO  server.RaftServerConfigKeys (ConfUtils.java:logGet(43)) - raft.server.watch.timeout.denomination = 1s (default)
2019-09-26 09:57:20,617 [c0fe0384-ccc2-43dc-b812-8c8a482d02e6@group-ED0FB5762F4F:LeaderElection5] INFO  server.RaftServerConfigKeys (ConfUtils.java:logGet(43)) - raft.server.watch.element-limit = 65536 (default)
2019-09-26 09:57:20,619 [c0fe0384-ccc2-43dc-b812-8c8a482d02e6@group-ED0FB5762F4F:LeaderElection5] INFO  impl.RoleInfo (RoleInfo.java:updateAndGet(143)) - c0fe0384-ccc2-43dc-b812-8c8a482d02e6: start LeaderState
2019-09-26 09:57:20,620 [c0fe0384-ccc2-43dc-b812-8c8a482d02e6@group-ED0FB5762F4F:LeaderElection5] INFO  segmented.SegmentedRaftLogWorker (SegmentedRaftLogWorker.java:startLogSegment(380)) - c0fe0384-ccc2-43dc-b812-8c8a482d02e6@group-ED0FB5762F4F-SegmentedRaftLogWorker: Starting segment from index:0
2019-09-26 09:57:20,620 [c0fe0384-ccc2-43dc-b812-8c8a482d02e6@group-ED0FB5762F4F:LeaderElection5] INFO  impl.RaftServerImpl (ServerState.java:setRaftConf(354)) - c0fe0384-ccc2-43dc-b812-8c8a482d02e6@group-ED0FB5762F4F: set configuration 0: [c0fe0384-ccc2-43dc-b812-8c8a482d02e6:192.168.30.13:34767], old=null at 0
2019-09-26 09:57:20,663 [c0fe0384-ccc2-43dc-b812-8c8a482d02e6@group-ED0FB5762F4F-SegmentedRaftLogWorker] INFO  segmented.SegmentedRaftLogWorker (SegmentedRaftLogWorker.java:execute(569)) - c0fe0384-ccc2-43dc-b812-8c8a482d02e6@group-ED0FB5762F4F-SegmentedRaftLogWorker: created new log segment /workdir/hadoop-ozone/integration-test/target/test-dir/MiniOzoneClusterImpl-02a89373-ff67-4b13-ad11-60194c127517/datanode-1/data/ratis/96d0c727-f14a-44f8-8de3-ed0fb5762f4f/current/log_inprogress_0
2019-09-26 09:57:20,664 [Thread-261] INFO  impl.FollowerState (FollowerState.java:run(106)) - 62a5622f-7436-420d-b3aa-8ce684692afe:group-F5CB92C3A19A changes to CANDIDATE, lastRpcTime:5036, electionTimeout:5036ms
2019-09-26 09:57:20,664 [Thread-261] INFO  impl.RoleInfo (RoleInfo.java:shutdownFollowerState(121)) - 62a5622f-7436-420d-b3aa-8ce684692afe: shutdown FollowerState
2019-09-26 09:57:20,664 [Thread-261] INFO  impl.RaftServerImpl (RaftServerImpl.java:setRole(174)) - 62a5622f-7436-420d-b3aa-8ce684692afe@group-F5CB92C3A19A: changes role from  FOLLOWER to CANDIDATE at term 0 for changeToCandidate
2019-09-26 09:57:20,664 [Thread-261] INFO  impl.RoleInfo (RoleInfo.java:updateAndGet(143)) - 62a5622f-7436-420d-b3aa-8ce684692afe: start LeaderElection
2019-09-26 09:57:20,682 [62a5622f-7436-420d-b3aa-8ce684692afe@group-F5CB92C3A19A:LeaderElection6] INFO  impl.LeaderElection (LeaderElection.java:askForVotes(182)) - 62a5622f-7436-420d-b3aa-8ce684692afe@group-F5CB92C3A19A:LeaderElection6: begin an election at term 1 for -1: [62a5622f-7436-420d-b3aa-8ce684692afe:192.168.30.13:44970], old=null
2019-09-26 09:57:20,682 [62a5622f-7436-420d-b3aa-8ce684692afe@group-F5CB92C3A19A:LeaderElection6] INFO  impl.RoleInfo (RoleInfo.java:shutdownLeaderElection(134)) - 62a5622f-7436-420d-b3aa-8ce684692afe: shutdown LeaderElection
2019-09-26 09:57:20,682 [62a5622f-7436-420d-b3aa-8ce684692afe@group-F5CB92C3A19A:LeaderElection6] INFO  impl.RaftServerImpl (RaftServerImpl.java:setRole(174)) - 62a5622f-7436-420d-b3aa-8ce684692afe@group-F5CB92C3A19A: changes role from CANDIDATE to LEADER at term 1 for changeToLeader
2019-09-26 09:57:20,682 [62a5622f-7436-420d-b3aa-8ce684692afe@group-F5CB92C3A19A:LeaderElection6] INFO  impl.RaftServerImpl (ServerState.java:setLeader(253)) - 62a5622f-7436-420d-b3aa-8ce684692afe@group-F5CB92C3A19A: change Leader from null to 62a5622f-7436-420d-b3aa-8ce684692afe at term 1 for becomeLeader, leader elected after 5061ms
2019-09-26 09:57:20,682 [62a5622f-7436-420d-b3aa-8ce684692afe@group-F5CB92C3A19A:LeaderElection6] INFO  server.RaftServerConfigKeys (ConfUtils.java:logGet(43)) - raft.server.staging.catchup.gap = 1000 (default)
2019-09-26 09:57:20,683 [62a5622f-7436-420d-b3aa-8ce684692afe@group-F5CB92C3A19A:LeaderElection6] INFO  server.RaftServerConfigKeys (ConfUtils.java:logGet(43)) - raft.server.rpc.sleep.time = 25ms (default)
2019-09-26 09:57:20,683 [62a5622f-7436-420d-b3aa-8ce684692afe@group-F5CB92C3A19A:LeaderElection6] INFO  server.RaftServerConfigKeys (ConfUtils.java:logGet(43)) - raft.server.write.element-limit = 4096 (default)
2019-09-26 09:57:20,683 [62a5622f-7436-420d-b3aa-8ce684692afe@group-F5CB92C3A19A:LeaderElection6] INFO  server.RaftServerConfigKeys (ConfUtils.java:logGet(43)) - raft.server.watch.timeout = 10s (default)
2019-09-26 09:57:20,683 [62a5622f-7436-420d-b3aa-8ce684692afe@group-F5CB92C3A19A:LeaderElection6] INFO  server.RaftServerConfigKeys (ConfUtils.java:logGet(43)) - raft.server.watch.timeout.denomination = 1s (default)
2019-09-26 09:57:20,683 [62a5622f-7436-420d-b3aa-8ce684692afe@group-F5CB92C3A19A:LeaderElection6] INFO  server.RaftServerConfigKeys (ConfUtils.java:logGet(43)) - raft.server.watch.element-limit = 65536 (default)
2019-09-26 09:57:20,685 [62a5622f-7436-420d-b3aa-8ce684692afe@group-F5CB92C3A19A:LeaderElection6] INFO  impl.RoleInfo (RoleInfo.java:updateAndGet(143)) - 62a5622f-7436-420d-b3aa-8ce684692afe: start LeaderState
2019-09-26 09:57:20,685 [62a5622f-7436-420d-b3aa-8ce684692afe@group-F5CB92C3A19A:LeaderElection6] INFO  segmented.SegmentedRaftLogWorker (SegmentedRaftLogWorker.java:startLogSegment(380)) - 62a5622f-7436-420d-b3aa-8ce684692afe@group-F5CB92C3A19A-SegmentedRaftLogWorker: Starting segment from index:0
2019-09-26 09:57:20,686 [62a5622f-7436-420d-b3aa-8ce684692afe@group-F5CB92C3A19A:LeaderElection6] INFO  impl.RaftServerImpl (ServerState.java:setRaftConf(354)) - 62a5622f-7436-420d-b3aa-8ce684692afe@group-F5CB92C3A19A: set configuration 0: [62a5622f-7436-420d-b3aa-8ce684692afe:192.168.30.13:44970], old=null at 0
2019-09-26 09:57:20,716 [Thread-255] INFO  impl.FollowerState (FollowerState.java:run(106)) - d195cc70-2ea8-4d9b-90c7-21e4a6c9bd0d:group-17C71A81A3A4 changes to CANDIDATE, lastRpcTime:5185, electionTimeout:5185ms
2019-09-26 09:57:20,716 [Thread-255] INFO  impl.RoleInfo (RoleInfo.java:shutdownFollowerState(121)) - d195cc70-2ea8-4d9b-90c7-21e4a6c9bd0d: shutdown FollowerState
2019-09-26 09:57:20,716 [Thread-255] INFO  impl.RaftServerImpl (RaftServerImpl.java:setRole(174)) - d195cc70-2ea8-4d9b-90c7-21e4a6c9bd0d@group-17C71A81A3A4: changes role from  FOLLOWER to CANDIDATE at term 0 for changeToCandidate
2019-09-26 09:57:20,717 [Thread-255] INFO  impl.RoleInfo (RoleInfo.java:updateAndGet(143)) - d195cc70-2ea8-4d9b-90c7-21e4a6c9bd0d: start LeaderElection
2019-09-26 09:57:20,727 [62a5622f-7436-420d-b3aa-8ce684692afe@group-F5CB92C3A19A-SegmentedRaftLogWorker] INFO  segmented.SegmentedRaftLogWorker (SegmentedRaftLogWorker.java:execute(569)) - 62a5622f-7436-420d-b3aa-8ce684692afe@group-F5CB92C3A19A-SegmentedRaftLogWorker: created new log segment /workdir/hadoop-ozone/integration-test/target/test-dir/MiniOzoneClusterImpl-02a89373-ff67-4b13-ad11-60194c127517/datanode-3/data/ratis/bf9746fd-f062-4ef7-ba55-f5cb92c3a19a/current/log_inprogress_0
2019-09-26 09:57:20,734 [Thread-258] INFO  impl.FollowerState (FollowerState.java:run(106)) - c0fe0384-ccc2-43dc-b812-8c8a482d02e6:group-7C7175C8695E changes to CANDIDATE, lastRpcTime:5164, electionTimeout:5161ms
2019-09-26 09:57:20,741 [Thread-258] INFO  impl.RoleInfo (RoleInfo.java:shutdownFollowerState(121)) - c0fe0384-ccc2-43dc-b812-8c8a482d02e6: shutdown FollowerState
2019-09-26 09:57:20,741 [Thread-258] INFO  impl.RaftServerImpl (RaftServerImpl.java:setRole(174)) - c0fe0384-ccc2-43dc-b812-8c8a482d02e6@group-7C7175C8695E: changes role from  FOLLOWER to CANDIDATE at term 0 for changeToCandidate
2019-09-26 09:57:20,741 [Thread-258] INFO  impl.RoleInfo (RoleInfo.java:updateAndGet(143)) - c0fe0384-ccc2-43dc-b812-8c8a482d02e6: start LeaderElection
2019-09-26 09:57:20,748 [c0fe0384-ccc2-43dc-b812-8c8a482d02e6@group-7C7175C8695E:LeaderElection8] INFO  impl.LeaderElection (LeaderElection.java:askForVotes(182)) - c0fe0384-ccc2-43dc-b812-8c8a482d02e6@group-7C7175C8695E:LeaderElection8: begin an election at term 1 for -1: [c0fe0384-ccc2-43dc-b812-8c8a482d02e6:192.168.30.13:34767], old=null
2019-09-26 09:57:20,748 [d195cc70-2ea8-4d9b-90c7-21e4a6c9bd0d@group-17C71A81A3A4:LeaderElection7] INFO  impl.LeaderElection (LeaderElection.java:askForVotes(182)) - d195cc70-2ea8-4d9b-90c7-21e4a6c9bd0d@group-17C71A81A3A4:LeaderElection7: begin an election at term 1 for -1: [d195cc70-2ea8-4d9b-90c7-21e4a6c9bd0d:192.168.30.13:39349], old=null
2019-09-26 09:57:20,748 [c0fe0384-ccc2-43dc-b812-8c8a482d02e6@group-7C7175C8695E:LeaderElection8] INFO  impl.RoleInfo (RoleInfo.java:shutdownLeaderElection(134)) - c0fe0384-ccc2-43dc-b812-8c8a482d02e6: shutdown LeaderElection
2019-09-26 09:57:20,748 [d195cc70-2ea8-4d9b-90c7-21e4a6c9bd0d@group-17C71A81A3A4:LeaderElection7] INFO  impl.RoleInfo (RoleInfo.java:shutdownLeaderElection(134)) - d195cc70-2ea8-4d9b-90c7-21e4a6c9bd0d: shutdown LeaderElection
2019-09-26 09:57:20,748 [c0fe0384-ccc2-43dc-b812-8c8a482d02e6@group-7C7175C8695E:LeaderElection8] INFO  impl.RaftServerImpl (RaftServerImpl.java:setRole(174)) - c0fe0384-ccc2-43dc-b812-8c8a482d02e6@group-7C7175C8695E: changes role from CANDIDATE to LEADER at term 1 for changeToLeader
2019-09-26 09:57:20,748 [d195cc70-2ea8-4d9b-90c7-21e4a6c9bd0d@group-17C71A81A3A4:LeaderElection7] INFO  impl.RaftServerImpl (RaftServerImpl.java:setRole(174)) - d195cc70-2ea8-4d9b-90c7-21e4a6c9bd0d@group-17C71A81A3A4: changes role from CANDIDATE to LEADER at term 1 for changeToLeader
2019-09-26 09:57:20,748 [c0fe0384-ccc2-43dc-b812-8c8a482d02e6@group-7C7175C8695E:LeaderElection8] INFO  impl.RaftServerImpl (ServerState.java:setLeader(253)) - c0fe0384-ccc2-43dc-b812-8c8a482d02e6@group-7C7175C8695E: change Leader from null to c0fe0384-ccc2-43dc-b812-8c8a482d02e6 at term 1 for becomeLeader, leader elected after 5184ms
2019-09-26 09:57:20,748 [d195cc70-2ea8-4d9b-90c7-21e4a6c9bd0d@group-17C71A81A3A4:LeaderElection7] INFO  impl.RaftServerImpl (ServerState.java:setLeader(253)) - d195cc70-2ea8-4d9b-90c7-21e4a6c9bd0d@group-17C71A81A3A4: change Leader from null to d195cc70-2ea8-4d9b-90c7-21e4a6c9bd0d at term 1 for becomeLeader, leader elected after 5226ms
2019-09-26 09:57:20,749 [c0fe0384-ccc2-43dc-b812-8c8a482d02e6@group-7C7175C8695E:LeaderElection8] INFO  server.RaftServerConfigKeys (ConfUtils.java:logGet(43)) - raft.server.staging.catchup.gap = 1000 (default)
2019-09-26 09:57:20,751 [d195cc70-2ea8-4d9b-90c7-21e4a6c9bd0d@group-17C71A81A3A4:LeaderElection7] INFO  server.RaftServerConfigKeys (ConfUtils.java:logGet(43)) - raft.server.staging.catchup.gap = 1000 (default)
2019-09-26 09:57:20,751 [c0fe0384-ccc2-43dc-b812-8c8a482d02e6@group-7C7175C8695E:LeaderElection8] INFO  server.RaftServerConfigKeys (ConfUtils.java:logGet(43)) - raft.server.rpc.sleep.time = 25ms (default)
2019-09-26 09:57:20,751 [d195cc70-2ea8-4d9b-90c7-21e4a6c9bd0d@group-17C71A81A3A4:LeaderElection7] INFO  server.RaftServerConfigKeys (ConfUtils.java:logGet(43)) - raft.server.rpc.sleep.time = 25ms (default)
2019-09-26 09:57:20,751 [c0fe0384-ccc2-43dc-b812-8c8a482d02e6@group-7C7175C8695E:LeaderElection8] INFO  server.RaftServerConfigKeys (ConfUtils.java:logGet(43)) - raft.server.write.element-limit = 4096 (default)
2019-09-26 09:57:20,751 [d195cc70-2ea8-4d9b-90c7-21e4a6c9bd0d@group-17C71A81A3A4:LeaderElection7] INFO  server.RaftServerConfigKeys (ConfUtils.java:logGet(43)) - raft.server.write.element-limit = 4096 (default)
2019-09-26 09:57:20,751 [c0fe0384-ccc2-43dc-b812-8c8a482d02e6@group-7C7175C8695E:LeaderElection8] INFO  server.RaftServerConfigKeys (ConfUtils.java:logGet(43)) - raft.server.watch.timeout = 10s (default)
2019-09-26 09:57:20,751 [d195cc70-2ea8-4d9b-90c7-21e4a6c9bd0d@group-17C71A81A3A4:LeaderElection7] INFO  server.RaftServerConfigKeys (ConfUtils.java:logGet(43)) - raft.server.watch.timeout = 10s (default)
2019-09-26 09:57:20,751 [c0fe0384-ccc2-43dc-b812-8c8a482d02e6@group-7C7175C8695E:LeaderElection8] INFO  server.RaftServerConfigKeys (ConfUtils.java:logGet(43)) - raft.server.watch.timeout.denomination = 1s (default)
2019-09-26 09:57:20,751 [d195cc70-2ea8-4d9b-90c7-21e4a6c9bd0d@group-17C71A81A3A4:LeaderElection7] INFO  server.RaftServerConfigKeys (ConfUtils.java:logGet(43)) - raft.server.watch.timeout.denomination = 1s (default)
2019-09-26 09:57:20,752 [c0fe0384-ccc2-43dc-b812-8c8a482d02e6@group-7C7175C8695E:LeaderElection8] INFO  server.RaftServerConfigKeys (ConfUtils.java:logGet(43)) - raft.server.watch.element-limit = 65536 (default)
2019-09-26 09:57:20,752 [d195cc70-2ea8-4d9b-90c7-21e4a6c9bd0d@group-17C71A81A3A4:LeaderElection7] INFO  server.RaftServerConfigKeys (ConfUtils.java:logGet(43)) - raft.server.watch.element-limit = 65536 (default)
2019-09-26 09:57:20,754 [c0fe0384-ccc2-43dc-b812-8c8a482d02e6@group-7C7175C8695E:LeaderElection8] INFO  impl.RoleInfo (RoleInfo.java:updateAndGet(143)) - c0fe0384-ccc2-43dc-b812-8c8a482d02e6: start LeaderState
2019-09-26 09:57:20,754 [d195cc70-2ea8-4d9b-90c7-21e4a6c9bd0d@group-17C71A81A3A4:LeaderElection7] INFO  impl.RoleInfo (RoleInfo.java:updateAndGet(143)) - d195cc70-2ea8-4d9b-90c7-21e4a6c9bd0d: start LeaderState
2019-09-26 09:57:20,754 [c0fe0384-ccc2-43dc-b812-8c8a482d02e6@group-7C7175C8695E:LeaderElection8] INFO  segmented.SegmentedRaftLogWorker (SegmentedRaftLogWorker.java:startLogSegment(380)) - c0fe0384-ccc2-43dc-b812-8c8a482d02e6@group-7C7175C8695E-SegmentedRaftLogWorker: Starting segment from index:0
2019-09-26 09:57:20,755 [d195cc70-2ea8-4d9b-90c7-21e4a6c9bd0d@group-17C71A81A3A4:LeaderElection7] INFO  segmented.SegmentedRaftLogWorker (SegmentedRaftLogWorker.java:startLogSegment(380)) - d195cc70-2ea8-4d9b-90c7-21e4a6c9bd0d@group-17C71A81A3A4-SegmentedRaftLogWorker: Starting segment from index:0
2019-09-26 09:57:20,755 [c0fe0384-ccc2-43dc-b812-8c8a482d02e6@group-7C7175C8695E:LeaderElection8] INFO  impl.RaftServerImpl (ServerState.java:setRaftConf(354)) - c0fe0384-ccc2-43dc-b812-8c8a482d02e6@group-7C7175C8695E: set configuration 0: [c0fe0384-ccc2-43dc-b812-8c8a482d02e6:192.168.30.13:34767], old=null at 0
2019-09-26 09:57:20,785 [Thread-270] INFO  impl.FollowerState (FollowerState.java:run(106)) - 968d325c-530f-4bc5-8752-bd3f3c0aff18:group-C2DD3C5B5E31 changes to CANDIDATE, lastRpcTime:5024, electionTimeout:5022ms
2019-09-26 09:57:20,785 [d195cc70-2ea8-4d9b-90c7-21e4a6c9bd0d@group-17C71A81A3A4:LeaderElection7] INFO  impl.RaftServerImpl (ServerState.java:setRaftConf(354)) - d195cc70-2ea8-4d9b-90c7-21e4a6c9bd0d@group-17C71A81A3A4: set configuration 0: [d195cc70-2ea8-4d9b-90c7-21e4a6c9bd0d:192.168.30.13:39349], old=null at 0
2019-09-26 09:57:20,810 [Thread-270] INFO  impl.RoleInfo (RoleInfo.java:shutdownFollowerState(121)) - 968d325c-530f-4bc5-8752-bd3f3c0aff18: shutdown FollowerState
2019-09-26 09:57:20,810 [Thread-267] INFO  impl.FollowerState (FollowerState.java:run(106)) - 62a5622f-7436-420d-b3aa-8ce684692afe:group-84B02A11F9C8 changes to CANDIDATE, lastRpcTime:5095, electionTimeout:5072ms
2019-09-26 09:57:20,810 [c0fe0384-ccc2-43dc-b812-8c8a482d02e6@group-7C7175C8695E-SegmentedRaftLogWorker] INFO  segmented.SegmentedRaftLogWorker (SegmentedRaftLogWorker.java:execute(569)) - c0fe0384-ccc2-43dc-b812-8c8a482d02e6@group-7C7175C8695E-SegmentedRaftLogWorker: created new log segment /workdir/hadoop-ozone/integration-test/target/test-dir/MiniOzoneClusterImpl-02a89373-ff67-4b13-ad11-60194c127517/datanode-1/data/ratis/9c1adfa7-3cf4-4532-a4f0-7c7175c8695e/current/log_inprogress_0
2019-09-26 09:57:20,811 [Thread-270] INFO  impl.RaftServerImpl (RaftServerImpl.java:setRole(174)) - 968d325c-530f-4bc5-8752-bd3f3c0aff18@group-C2DD3C5B5E31: changes role from  FOLLOWER to CANDIDATE at term 0 for changeToCandidate
2019-09-26 09:57:20,811 [Thread-267] INFO  impl.RoleInfo (RoleInfo.java:shutdownFollowerState(121)) - 62a5622f-7436-420d-b3aa-8ce684692afe: shutdown FollowerState
2019-09-26 09:57:20,811 [Thread-267] INFO  impl.RaftServerImpl (RaftServerImpl.java:setRole(174)) - 62a5622f-7436-420d-b3aa-8ce684692afe@group-84B02A11F9C8: changes role from  FOLLOWER to CANDIDATE at term 0 for changeToCandidate
2019-09-26 09:57:20,811 [Thread-270] INFO  impl.RoleInfo (RoleInfo.java:updateAndGet(143)) - 968d325c-530f-4bc5-8752-bd3f3c0aff18: start LeaderElection
2019-09-26 09:57:20,811 [Thread-267] INFO  impl.RoleInfo (RoleInfo.java:updateAndGet(143)) - 62a5622f-7436-420d-b3aa-8ce684692afe: start LeaderElection
2019-09-26 09:57:20,813 [Thread-264] INFO  impl.FollowerState (FollowerState.java:run(106)) - 4c024347-3506-43a2-ab40-8471edec8541:group-EBEBA1842B35 changes to CANDIDATE, lastRpcTime:5139, electionTimeout:5138ms
2019-09-26 09:57:20,821 [Thread-264] INFO  impl.RoleInfo (RoleInfo.java:shutdownFollowerState(121)) - 4c024347-3506-43a2-ab40-8471edec8541: shutdown FollowerState
2019-09-26 09:57:20,821 [Thread-264] INFO  impl.RaftServerImpl (RaftServerImpl.java:setRole(174)) - 4c024347-3506-43a2-ab40-8471edec8541@group-EBEBA1842B35: changes role from  FOLLOWER to CANDIDATE at term 0 for changeToCandidate
2019-09-26 09:57:20,822 [Thread-264] INFO  impl.RoleInfo (RoleInfo.java:updateAndGet(143)) - 4c024347-3506-43a2-ab40-8471edec8541: start LeaderElection
2019-09-26 09:57:20,842 [d195cc70-2ea8-4d9b-90c7-21e4a6c9bd0d@group-17C71A81A3A4-SegmentedRaftLogWorker] INFO  segmented.SegmentedRaftLogWorker (SegmentedRaftLogWorker.java:execute(569)) - d195cc70-2ea8-4d9b-90c7-21e4a6c9bd0d@group-17C71A81A3A4-SegmentedRaftLogWorker: created new log segment /workdir/hadoop-ozone/integration-test/target/test-dir/MiniOzoneClusterImpl-02a89373-ff67-4b13-ad11-60194c127517/datanode-5/data/ratis/d615f4d6-a8ba-4f34-9880-17c71a81a3a4/current/log_inprogress_0
2019-09-26 09:57:20,842 [4c024347-3506-43a2-ab40-8471edec8541@group-EBEBA1842B35:LeaderElection11] INFO  impl.LeaderElection (LeaderElection.java:askForVotes(182)) - 4c024347-3506-43a2-ab40-8471edec8541@group-EBEBA1842B35:LeaderElection11: begin an election at term 1 for -1: [4c024347-3506-43a2-ab40-8471edec8541:192.168.30.13:39922], old=null
2019-09-26 09:57:20,842 [968d325c-530f-4bc5-8752-bd3f3c0aff18@group-C2DD3C5B5E31:LeaderElection9] INFO  impl.LeaderElection (LeaderElection.java:askForVotes(182)) - 968d325c-530f-4bc5-8752-bd3f3c0aff18@group-C2DD3C5B5E31:LeaderElection9: begin an election at term 1 for -1: [968d325c-530f-4bc5-8752-bd3f3c0aff18:192.168.30.13:43732], old=null
2019-09-26 09:57:20,842 [62a5622f-7436-420d-b3aa-8ce684692afe@group-84B02A11F9C8:LeaderElection10] INFO  impl.LeaderElection (LeaderElection.java:askForVotes(182)) - 62a5622f-7436-420d-b3aa-8ce684692afe@group-84B02A11F9C8:LeaderElection10: begin an election at term 1 for -1: [62a5622f-7436-420d-b3aa-8ce684692afe:192.168.30.13:44970], old=null
2019-09-26 09:57:20,843 [968d325c-530f-4bc5-8752-bd3f3c0aff18@group-C2DD3C5B5E31:LeaderElection9] INFO  impl.RoleInfo (RoleInfo.java:shutdownLeaderElection(134)) - 968d325c-530f-4bc5-8752-bd3f3c0aff18: shutdown LeaderElection
2019-09-26 09:57:20,843 [4c024347-3506-43a2-ab40-8471edec8541@group-EBEBA1842B35:LeaderElection11] INFO  impl.RoleInfo (RoleInfo.java:shutdownLeaderElection(134)) - 4c024347-3506-43a2-ab40-8471edec8541: shutdown LeaderElection
2019-09-26 09:57:20,843 [968d325c-530f-4bc5-8752-bd3f3c0aff18@group-C2DD3C5B5E31:LeaderElection9] INFO  impl.RaftServerImpl (RaftServerImpl.java:setRole(174)) - 968d325c-530f-4bc5-8752-bd3f3c0aff18@group-C2DD3C5B5E31: changes role from CANDIDATE to LEADER at term 1 for changeToLeader
2019-09-26 09:57:20,843 [62a5622f-7436-420d-b3aa-8ce684692afe@group-84B02A11F9C8:LeaderElection10] INFO  impl.RoleInfo (RoleInfo.java:shutdownLeaderElection(134)) - 62a5622f-7436-420d-b3aa-8ce684692afe: shutdown LeaderElection
2019-09-26 09:57:20,843 [968d325c-530f-4bc5-8752-bd3f3c0aff18@group-C2DD3C5B5E31:LeaderElection9] INFO  impl.RaftServerImpl (ServerState.java:setLeader(253)) - 968d325c-530f-4bc5-8752-bd3f3c0aff18@group-C2DD3C5B5E31: change Leader from null to 968d325c-530f-4bc5-8752-bd3f3c0aff18 at term 1 for becomeLeader, leader elected after 5090ms
2019-09-26 09:57:20,843 [4c024347-3506-43a2-ab40-8471edec8541@group-EBEBA1842B35:LeaderElection11] INFO  impl.RaftServerImpl (RaftServerImpl.java:setRole(174)) - 4c024347-3506-43a2-ab40-8471edec8541@group-EBEBA1842B35: changes role from CANDIDATE to LEADER at term 1 for changeToLeader
2019-09-26 09:57:20,843 [968d325c-530f-4bc5-8752-bd3f3c0aff18@group-C2DD3C5B5E31:LeaderElection9] INFO  server.RaftServerConfigKeys (ConfUtils.java:logGet(43)) - raft.server.staging.catchup.gap = 1000 (default)
2019-09-26 09:57:20,843 [62a5622f-7436-420d-b3aa-8ce684692afe@group-84B02A11F9C8:LeaderElection10] INFO  impl.RaftServerImpl (RaftServerImpl.java:setRole(174)) - 62a5622f-7436-420d-b3aa-8ce684692afe@group-84B02A11F9C8: changes role from CANDIDATE to LEADER at term 1 for changeToLeader
2019-09-26 09:57:20,844 [968d325c-530f-4bc5-8752-bd3f3c0aff18@group-C2DD3C5B5E31:LeaderElection9] INFO  server.RaftServerConfigKeys (ConfUtils.java:logGet(43)) - raft.server.rpc.sleep.time = 25ms (default)
2019-09-26 09:57:20,843 [4c024347-3506-43a2-ab40-8471edec8541@group-EBEBA1842B35:LeaderElection11] INFO  impl.RaftServerImpl (ServerState.java:setLeader(253)) - 4c024347-3506-43a2-ab40-8471edec8541@group-EBEBA1842B35: change Leader from null to 4c024347-3506-43a2-ab40-8471edec8541 at term 1 for becomeLeader, leader elected after 5178ms
2019-09-26 09:57:20,844 [62a5622f-7436-420d-b3aa-8ce684692afe@group-84B02A11F9C8:LeaderElection10] INFO  impl.RaftServerImpl (ServerState.java:setLeader(253)) - 62a5622f-7436-420d-b3aa-8ce684692afe@group-84B02A11F9C8: change Leader from null to 62a5622f-7436-420d-b3aa-8ce684692afe at term 1 for becomeLeader, leader elected after 5134ms
2019-09-26 09:57:20,847 [4c024347-3506-43a2-ab40-8471edec8541@group-EBEBA1842B35:LeaderElection11] INFO  server.RaftServerConfigKeys (ConfUtils.java:logGet(43)) - raft.server.staging.catchup.gap = 1000 (default)
2019-09-26 09:57:20,844 [968d325c-530f-4bc5-8752-bd3f3c0aff18@group-C2DD3C5B5E31:LeaderElection9] INFO  server.RaftServerConfigKeys (ConfUtils.java:logGet(43)) - raft.server.write.element-limit = 4096 (default)
2019-09-26 09:57:20,847 [4c024347-3506-43a2-ab40-8471edec8541@group-EBEBA1842B35:LeaderElection11] INFO  server.RaftServerConfigKeys (ConfUtils.java:logGet(43)) - raft.server.rpc.sleep.time = 25ms (default)
2019-09-26 09:57:20,847 [62a5622f-7436-420d-b3aa-8ce684692afe@group-84B02A11F9C8:LeaderElection10] INFO  server.RaftServerConfigKeys (ConfUtils.java:logGet(43)) - raft.server.staging.catchup.gap = 1000 (default)
2019-09-26 09:57:20,847 [4c024347-3506-43a2-ab40-8471edec8541@group-EBEBA1842B35:LeaderElection11] INFO  server.RaftServerConfigKeys (ConfUtils.java:logGet(43)) - raft.server.write.element-limit = 4096 (default)
2019-09-26 09:57:20,847 [968d325c-530f-4bc5-8752-bd3f3c0aff18@group-C2DD3C5B5E31:LeaderElection9] INFO  server.RaftServerConfigKeys (ConfUtils.java:logGet(43)) - raft.server.watch.timeout = 10s (default)
2019-09-26 09:57:20,847 [4c024347-3506-43a2-ab40-8471edec8541@group-EBEBA1842B35:LeaderElection11] INFO  server.RaftServerConfigKeys (ConfUtils.java:logGet(43)) - raft.server.watch.timeout = 10s (default)
2019-09-26 09:57:20,847 [62a5622f-7436-420d-b3aa-8ce684692afe@group-84B02A11F9C8:LeaderElection10] INFO  server.RaftServerConfigKeys (ConfUtils.java:logGet(43)) - raft.server.rpc.sleep.time = 25ms (default)
2019-09-26 09:57:20,847 [4c024347-3506-43a2-ab40-8471edec8541@group-EBEBA1842B35:LeaderElection11] INFO  server.RaftServerConfigKeys (ConfUtils.java:logGet(43)) - raft.server.watch.timeout.denomination = 1s (default)
2019-09-26 09:57:20,847 [968d325c-530f-4bc5-8752-bd3f3c0aff18@group-C2DD3C5B5E31:LeaderElection9] INFO  server.RaftServerConfigKeys (ConfUtils.java:logGet(43)) - raft.server.watch.timeout.denomination = 1s (default)
2019-09-26 09:57:20,848 [4c024347-3506-43a2-ab40-8471edec8541@group-EBEBA1842B35:LeaderElection11] INFO  server.RaftServerConfigKeys (ConfUtils.java:logGet(43)) - raft.server.watch.element-limit = 65536 (default)
2019-09-26 09:57:20,848 [62a5622f-7436-420d-b3aa-8ce684692afe@group-84B02A11F9C8:LeaderElection10] INFO  server.RaftServerConfigKeys (ConfUtils.java:logGet(43)) - raft.server.write.element-limit = 4096 (default)
2019-09-26 09:57:20,848 [968d325c-530f-4bc5-8752-bd3f3c0aff18@group-C2DD3C5B5E31:LeaderElection9] INFO  server.RaftServerConfigKeys (ConfUtils.java:logGet(43)) - raft.server.watch.element-limit = 65536 (default)
2019-09-26 09:57:20,848 [62a5622f-7436-420d-b3aa-8ce684692afe@group-84B02A11F9C8:LeaderElection10] INFO  server.RaftServerConfigKeys (ConfUtils.java:logGet(43)) - raft.server.watch.timeout = 10s (default)
2019-09-26 09:57:20,848 [62a5622f-7436-420d-b3aa-8ce684692afe@group-84B02A11F9C8:LeaderElection10] INFO  server.RaftServerConfigKeys (ConfUtils.java:logGet(43)) - raft.server.watch.timeout.denomination = 1s (default)
2019-09-26 09:57:20,848 [62a5622f-7436-420d-b3aa-8ce684692afe@group-84B02A11F9C8:LeaderElection10] INFO  server.RaftServerConfigKeys (ConfUtils.java:logGet(43)) - raft.server.watch.element-limit = 65536 (default)
2019-09-26 09:57:20,854 [4c024347-3506-43a2-ab40-8471edec8541@group-EBEBA1842B35:LeaderElection11] INFO  impl.RoleInfo (RoleInfo.java:updateAndGet(143)) - 4c024347-3506-43a2-ab40-8471edec8541: start LeaderState
2019-09-26 09:57:20,854 [968d325c-530f-4bc5-8752-bd3f3c0aff18@group-C2DD3C5B5E31:LeaderElection9] INFO  impl.RoleInfo (RoleInfo.java:updateAndGet(143)) - 968d325c-530f-4bc5-8752-bd3f3c0aff18: start LeaderState
2019-09-26 09:57:20,854 [62a5622f-7436-420d-b3aa-8ce684692afe@group-84B02A11F9C8:LeaderElection10] INFO  impl.RoleInfo (RoleInfo.java:updateAndGet(143)) - 62a5622f-7436-420d-b3aa-8ce684692afe: start LeaderState
2019-09-26 09:57:20,854 [968d325c-530f-4bc5-8752-bd3f3c0aff18@group-C2DD3C5B5E31:LeaderElection9] INFO  segmented.SegmentedRaftLogWorker (SegmentedRaftLogWorker.java:startLogSegment(380)) - 968d325c-530f-4bc5-8752-bd3f3c0aff18@group-C2DD3C5B5E31-SegmentedRaftLogWorker: Starting segment from index:0
2019-09-26 09:57:20,855 [62a5622f-7436-420d-b3aa-8ce684692afe@group-84B02A11F9C8:LeaderElection10] INFO  segmented.SegmentedRaftLogWorker (SegmentedRaftLogWorker.java:startLogSegment(380)) - 62a5622f-7436-420d-b3aa-8ce684692afe@group-84B02A11F9C8-SegmentedRaftLogWorker: Starting segment from index:0
2019-09-26 09:57:20,855 [4c024347-3506-43a2-ab40-8471edec8541@group-EBEBA1842B35:LeaderElection11] INFO  segmented.SegmentedRaftLogWorker (SegmentedRaftLogWorker.java:startLogSegment(380)) - 4c024347-3506-43a2-ab40-8471edec8541@group-EBEBA1842B35-SegmentedRaftLogWorker: Starting segment from index:0
2019-09-26 09:57:20,855 [968d325c-530f-4bc5-8752-bd3f3c0aff18@group-C2DD3C5B5E31:LeaderElection9] INFO  impl.RaftServerImpl (ServerState.java:setRaftConf(354)) - 968d325c-530f-4bc5-8752-bd3f3c0aff18@group-C2DD3C5B5E31: set configuration 0: [968d325c-530f-4bc5-8752-bd3f3c0aff18:192.168.30.13:43732], old=null at 0
2019-09-26 09:57:20,883 [62a5622f-7436-420d-b3aa-8ce684692afe@group-84B02A11F9C8:LeaderElection10] INFO  impl.RaftServerImpl (ServerState.java:setRaftConf(354)) - 62a5622f-7436-420d-b3aa-8ce684692afe@group-84B02A11F9C8: set configuration 0: [62a5622f-7436-420d-b3aa-8ce684692afe:192.168.30.13:44970], old=null at 0
2019-09-26 09:57:20,909 [4c024347-3506-43a2-ab40-8471edec8541@group-EBEBA1842B35:LeaderElection11] INFO  impl.RaftServerImpl (ServerState.java:setRaftConf(354)) - 4c024347-3506-43a2-ab40-8471edec8541@group-EBEBA1842B35: set configuration 0: [4c024347-3506-43a2-ab40-8471edec8541:192.168.30.13:39922], old=null at 0
2019-09-26 09:57:21,002 [Thread-273] INFO  impl.FollowerState (FollowerState.java:run(106)) - c0fe0384-ccc2-43dc-b812-8c8a482d02e6:group-136F63CCFA45 changes to CANDIDATE, lastRpcTime:5194, electionTimeout:5194ms
2019-09-26 09:57:21,003 [Thread-273] INFO  impl.RoleInfo (RoleInfo.java:shutdownFollowerState(121)) - c0fe0384-ccc2-43dc-b812-8c8a482d02e6: shutdown FollowerState
2019-09-26 09:57:21,003 [Thread-273] INFO  impl.RaftServerImpl (RaftServerImpl.java:setRole(174)) - c0fe0384-ccc2-43dc-b812-8c8a482d02e6@group-136F63CCFA45: changes role from  FOLLOWER to CANDIDATE at term 0 for changeToCandidate
2019-09-26 09:57:21,003 [Thread-273] INFO  impl.RoleInfo (RoleInfo.java:updateAndGet(143)) - c0fe0384-ccc2-43dc-b812-8c8a482d02e6: start LeaderElection
2019-09-26 09:57:21,006 [Thread-282] INFO  impl.FollowerState (FollowerState.java:run(106)) - 9d66027e-d252-4dbd-9b93-1b4908d3cfc2:group-34EF1B7AEE35 changes to CANDIDATE, lastRpcTime:5027, electionTimeout:5027ms
2019-09-26 09:57:21,006 [Thread-282] INFO  impl.RoleInfo (RoleInfo.java:shutdownFollowerState(121)) - 9d66027e-d252-4dbd-9b93-1b4908d3cfc2: shutdown FollowerState
2019-09-26 09:57:21,008 [Thread-282] INFO  impl.RaftServerImpl (RaftServerImpl.java:setRole(174)) - 9d66027e-d252-4dbd-9b93-1b4908d3cfc2@group-34EF1B7AEE35: changes role from  FOLLOWER to CANDIDATE at term 0 for changeToCandidate
2019-09-26 09:57:21,009 [Thread-282] INFO  impl.RoleInfo (RoleInfo.java:updateAndGet(143)) - 9d66027e-d252-4dbd-9b93-1b4908d3cfc2: start LeaderElection
2019-09-26 09:57:21,038 [62a5622f-7436-420d-b3aa-8ce684692afe@group-84B02A11F9C8-SegmentedRaftLogWorker] INFO  segmented.SegmentedRaftLogWorker (SegmentedRaftLogWorker.java:execute(569)) - 62a5622f-7436-420d-b3aa-8ce684692afe@group-84B02A11F9C8-SegmentedRaftLogWorker: created new log segment /workdir/hadoop-ozone/integration-test/target/test-dir/MiniOzoneClusterImpl-02a89373-ff67-4b13-ad11-60194c127517/datanode-3/data/ratis/683c2996-e90c-49cf-b9ab-84b02a11f9c8/current/log_inprogress_0
2019-09-26 09:57:21,038 [968d325c-530f-4bc5-8752-bd3f3c0aff18@group-C2DD3C5B5E31-SegmentedRaftLogWorker] INFO  segmented.SegmentedRaftLogWorker (SegmentedRaftLogWorker.java:execute(569)) - 968d325c-530f-4bc5-8752-bd3f3c0aff18@group-C2DD3C5B5E31-SegmentedRaftLogWorker: created new log segment /workdir/hadoop-ozone/integration-test/target/test-dir/MiniOzoneClusterImpl-02a89373-ff67-4b13-ad11-60194c127517/datanode-0/data/ratis/16b34c1d-53b7-4277-8224-c2dd3c5b5e31/current/log_inprogress_0
2019-09-26 09:57:21,038 [4c024347-3506-43a2-ab40-8471edec8541@group-EBEBA1842B35-SegmentedRaftLogWorker] INFO  segmented.SegmentedRaftLogWorker (SegmentedRaftLogWorker.java:execute(569)) - 4c024347-3506-43a2-ab40-8471edec8541@group-EBEBA1842B35-SegmentedRaftLogWorker: created new log segment /workdir/hadoop-ozone/integration-test/target/test-dir/MiniOzoneClusterImpl-02a89373-ff67-4b13-ad11-60194c127517/datanode-4/data/ratis/59832bd9-88aa-40e7-b292-ebeba1842b35/current/log_inprogress_0
2019-09-26 09:57:21,042 [c0fe0384-ccc2-43dc-b812-8c8a482d02e6@group-136F63CCFA45:LeaderElection12] INFO  impl.LeaderElection (LeaderElection.java:askForVotes(182)) - c0fe0384-ccc2-43dc-b812-8c8a482d02e6@group-136F63CCFA45:LeaderElection12: begin an election at term 1 for -1: [c0fe0384-ccc2-43dc-b812-8c8a482d02e6:192.168.30.13:34767], old=null
2019-09-26 09:57:21,042 [9d66027e-d252-4dbd-9b93-1b4908d3cfc2@group-34EF1B7AEE35:LeaderElection13] INFO  impl.LeaderElection (LeaderElection.java:askForVotes(182)) - 9d66027e-d252-4dbd-9b93-1b4908d3cfc2@group-34EF1B7AEE35:LeaderElection13: begin an election at term 1 for -1: [9d66027e-d252-4dbd-9b93-1b4908d3cfc2:192.168.30.13:37389], old=null
2019-09-26 09:57:21,042 [c0fe0384-ccc2-43dc-b812-8c8a482d02e6@group-136F63CCFA45:LeaderElection12] INFO  impl.RoleInfo (RoleInfo.java:shutdownLeaderElection(134)) - c0fe0384-ccc2-43dc-b812-8c8a482d02e6: shutdown LeaderElection
2019-09-26 09:57:21,042 [9d66027e-d252-4dbd-9b93-1b4908d3cfc2@group-34EF1B7AEE35:LeaderElection13] INFO  impl.RoleInfo (RoleInfo.java:shutdownLeaderElection(134)) - 9d66027e-d252-4dbd-9b93-1b4908d3cfc2: shutdown LeaderElection
2019-09-26 09:57:21,042 [c0fe0384-ccc2-43dc-b812-8c8a482d02e6@group-136F63CCFA45:LeaderElection12] INFO  impl.RaftServerImpl (RaftServerImpl.java:setRole(174)) - c0fe0384-ccc2-43dc-b812-8c8a482d02e6@group-136F63CCFA45: changes role from CANDIDATE to LEADER at term 1 for changeToLeader
2019-09-26 09:57:21,042 [9d66027e-d252-4dbd-9b93-1b4908d3cfc2@group-34EF1B7AEE35:LeaderElection13] INFO  impl.RaftServerImpl (RaftServerImpl.java:setRole(174)) - 9d66027e-d252-4dbd-9b93-1b4908d3cfc2@group-34EF1B7AEE35: changes role from CANDIDATE to LEADER at term 1 for changeToLeader
2019-09-26 09:57:21,042 [c0fe0384-ccc2-43dc-b812-8c8a482d02e6@group-136F63CCFA45:LeaderElection12] INFO  impl.RaftServerImpl (ServerState.java:setLeader(253)) - c0fe0384-ccc2-43dc-b812-8c8a482d02e6@group-136F63CCFA45: change Leader from null to c0fe0384-ccc2-43dc-b812-8c8a482d02e6 at term 1 for becomeLeader, leader elected after 5241ms
2019-09-26 09:57:21,042 [9d66027e-d252-4dbd-9b93-1b4908d3cfc2@group-34EF1B7AEE35:LeaderElection13] INFO  impl.RaftServerImpl (ServerState.java:setLeader(253)) - 9d66027e-d252-4dbd-9b93-1b4908d3cfc2@group-34EF1B7AEE35: change Leader from null to 9d66027e-d252-4dbd-9b93-1b4908d3cfc2 at term 1 for becomeLeader, leader elected after 5072ms
2019-09-26 09:57:21,043 [c0fe0384-ccc2-43dc-b812-8c8a482d02e6@group-136F63CCFA45:LeaderElection12] INFO  server.RaftServerConfigKeys (ConfUtils.java:logGet(43)) - raft.server.staging.catchup.gap = 1000 (default)
2019-09-26 09:57:21,043 [9d66027e-d252-4dbd-9b93-1b4908d3cfc2@group-34EF1B7AEE35:LeaderElection13] INFO  server.RaftServerConfigKeys (ConfUtils.java:logGet(43)) - raft.server.staging.catchup.gap = 1000 (default)
2019-09-26 09:57:21,043 [c0fe0384-ccc2-43dc-b812-8c8a482d02e6@group-136F63CCFA45:LeaderElection12] INFO  server.RaftServerConfigKeys (ConfUtils.java:logGet(43)) - raft.server.rpc.sleep.time = 25ms (default)
2019-09-26 09:57:21,043 [9d66027e-d252-4dbd-9b93-1b4908d3cfc2@group-34EF1B7AEE35:LeaderElection13] INFO  server.RaftServerConfigKeys (ConfUtils.java:logGet(43)) - raft.server.rpc.sleep.time = 25ms (default)
2019-09-26 09:57:21,043 [c0fe0384-ccc2-43dc-b812-8c8a482d02e6@group-136F63CCFA45:LeaderElection12] INFO  server.RaftServerConfigKeys (ConfUtils.java:logGet(43)) - raft.server.write.element-limit = 4096 (default)
2019-09-26 09:57:21,043 [9d66027e-d252-4dbd-9b93-1b4908d3cfc2@group-34EF1B7AEE35:LeaderElection13] INFO  server.RaftServerConfigKeys (ConfUtils.java:logGet(43)) - raft.server.write.element-limit = 4096 (default)
2019-09-26 09:57:21,043 [c0fe0384-ccc2-43dc-b812-8c8a482d02e6@group-136F63CCFA45:LeaderElection12] INFO  server.RaftServerConfigKeys (ConfUtils.java:logGet(43)) - raft.server.watch.timeout = 10s (default)
2019-09-26 09:57:21,044 [9d66027e-d252-4dbd-9b93-1b4908d3cfc2@group-34EF1B7AEE35:LeaderElection13] INFO  server.RaftServerConfigKeys (ConfUtils.java:logGet(43)) - raft.server.watch.timeout = 10s (default)
2019-09-26 09:57:21,044 [c0fe0384-ccc2-43dc-b812-8c8a482d02e6@group-136F63CCFA45:LeaderElection12] INFO  server.RaftServerConfigKeys (ConfUtils.java:logGet(43)) - raft.server.watch.timeout.denomination = 1s (default)
2019-09-26 09:57:21,044 [9d66027e-d252-4dbd-9b93-1b4908d3cfc2@group-34EF1B7AEE35:LeaderElection13] INFO  server.RaftServerConfigKeys (ConfUtils.java:logGet(43)) - raft.server.watch.timeout.denomination = 1s (default)
2019-09-26 09:57:21,044 [c0fe0384-ccc2-43dc-b812-8c8a482d02e6@group-136F63CCFA45:LeaderElection12] INFO  server.RaftServerConfigKeys (ConfUtils.java:logGet(43)) - raft.server.watch.element-limit = 65536 (default)
2019-09-26 09:57:21,044 [9d66027e-d252-4dbd-9b93-1b4908d3cfc2@group-34EF1B7AEE35:LeaderElection13] INFO  server.RaftServerConfigKeys (ConfUtils.java:logGet(43)) - raft.server.watch.element-limit = 65536 (default)
2019-09-26 09:57:21,048 [c0fe0384-ccc2-43dc-b812-8c8a482d02e6@group-136F63CCFA45:LeaderElection12] INFO  impl.RoleInfo (RoleInfo.java:updateAndGet(143)) - c0fe0384-ccc2-43dc-b812-8c8a482d02e6: start LeaderState
2019-09-26 09:57:21,048 [c0fe0384-ccc2-43dc-b812-8c8a482d02e6@group-136F63CCFA45:LeaderElection12] INFO  segmented.SegmentedRaftLogWorker (SegmentedRaftLogWorker.java:startLogSegment(380)) - c0fe0384-ccc2-43dc-b812-8c8a482d02e6@group-136F63CCFA45-SegmentedRaftLogWorker: Starting segment from index:0
2019-09-26 09:57:21,048 [9d66027e-d252-4dbd-9b93-1b4908d3cfc2@group-34EF1B7AEE35:LeaderElection13] INFO  impl.RoleInfo (RoleInfo.java:updateAndGet(143)) - 9d66027e-d252-4dbd-9b93-1b4908d3cfc2: start LeaderState
2019-09-26 09:57:21,048 [9d66027e-d252-4dbd-9b93-1b4908d3cfc2@group-34EF1B7AEE35:LeaderElection13] INFO  segmented.SegmentedRaftLogWorker (SegmentedRaftLogWorker.java:startLogSegment(380)) - 9d66027e-d252-4dbd-9b93-1b4908d3cfc2@group-34EF1B7AEE35-SegmentedRaftLogWorker: Starting segment from index:0
2019-09-26 09:57:21,048 [c0fe0384-ccc2-43dc-b812-8c8a482d02e6@group-136F63CCFA45:LeaderElection12] INFO  impl.RaftServerImpl (ServerState.java:setRaftConf(354)) - c0fe0384-ccc2-43dc-b812-8c8a482d02e6@group-136F63CCFA45: set configuration 0: [c0fe0384-ccc2-43dc-b812-8c8a482d02e6:192.168.30.13:34767], old=null at 0
2019-09-26 09:57:21,086 [Thread-276] INFO  impl.FollowerState (FollowerState.java:run(106)) - 4c024347-3506-43a2-ab40-8471edec8541:group-5F02E4F4C487 changes to CANDIDATE, lastRpcTime:5218, electionTimeout:5195ms
2019-09-26 09:57:21,086 [9d66027e-d252-4dbd-9b93-1b4908d3cfc2@group-34EF1B7AEE35:LeaderElection13] INFO  impl.RaftServerImpl (ServerState.java:setRaftConf(354)) - 9d66027e-d252-4dbd-9b93-1b4908d3cfc2@group-34EF1B7AEE35: set configuration 0: [9d66027e-d252-4dbd-9b93-1b4908d3cfc2:192.168.30.13:37389], old=null at 0
2019-09-26 09:57:21,086 [Thread-276] INFO  impl.RoleInfo (RoleInfo.java:shutdownFollowerState(121)) - 4c024347-3506-43a2-ab40-8471edec8541: shutdown FollowerState
2019-09-26 09:57:21,088 [Thread-276] INFO  impl.RaftServerImpl (RaftServerImpl.java:setRole(174)) - 4c024347-3506-43a2-ab40-8471edec8541@group-5F02E4F4C487: changes role from  FOLLOWER to CANDIDATE at term 0 for changeToCandidate
2019-09-26 09:57:21,089 [Thread-276] INFO  impl.RoleInfo (RoleInfo.java:updateAndGet(143)) - 4c024347-3506-43a2-ab40-8471edec8541: start LeaderElection
2019-09-26 09:57:21,098 [Thread-279] INFO  impl.FollowerState (FollowerState.java:run(106)) - c0fe0384-ccc2-43dc-b812-8c8a482d02e6:group-CE2D3CF835C9 changes to CANDIDATE, lastRpcTime:5179, electionTimeout:5179ms
2019-09-26 09:57:21,098 [Thread-279] INFO  impl.RoleInfo (RoleInfo.java:shutdownFollowerState(121)) - c0fe0384-ccc2-43dc-b812-8c8a482d02e6: shutdown FollowerState
2019-09-26 09:57:21,098 [Thread-279] INFO  impl.RaftServerImpl (RaftServerImpl.java:setRole(174)) - c0fe0384-ccc2-43dc-b812-8c8a482d02e6@group-CE2D3CF835C9: changes role from  FOLLOWER to CANDIDATE at term 0 for changeToCandidate
2019-09-26 09:57:21,098 [Thread-279] INFO  impl.RoleInfo (RoleInfo.java:updateAndGet(143)) - c0fe0384-ccc2-43dc-b812-8c8a482d02e6: start LeaderElection
2019-09-26 09:57:21,102 [9d66027e-d252-4dbd-9b93-1b4908d3cfc2@group-34EF1B7AEE35-SegmentedRaftLogWorker] INFO  segmented.SegmentedRaftLogWorker (SegmentedRaftLogWorker.java:execute(569)) - 9d66027e-d252-4dbd-9b93-1b4908d3cfc2@group-34EF1B7AEE35-SegmentedRaftLogWorker: created new log segment /workdir/hadoop-ozone/integration-test/target/test-dir/MiniOzoneClusterImpl-02a89373-ff67-4b13-ad11-60194c127517/datanode-2/data/ratis/75ca98de-6890-475f-87c4-34ef1b7aee35/current/log_inprogress_0
2019-09-26 09:57:21,102 [c0fe0384-ccc2-43dc-b812-8c8a482d02e6@group-136F63CCFA45-SegmentedRaftLogWorker] INFO  segmented.SegmentedRaftLogWorker (SegmentedRaftLogWorker.java:execute(569)) - c0fe0384-ccc2-43dc-b812-8c8a482d02e6@group-136F63CCFA45-SegmentedRaftLogWorker: created new log segment /workdir/hadoop-ozone/integration-test/target/test-dir/MiniOzoneClusterImpl-02a89373-ff67-4b13-ad11-60194c127517/datanode-1/data/ratis/04cfbc57-e9af-4113-aa5e-136f63ccfa45/current/log_inprogress_0
2019-09-26 09:57:21,103 [4c024347-3506-43a2-ab40-8471edec8541@group-5F02E4F4C487:LeaderElection14] INFO  impl.LeaderElection (LeaderElection.java:askForVotes(182)) - 4c024347-3506-43a2-ab40-8471edec8541@group-5F02E4F4C487:LeaderElection14: begin an election at term 1 for -1: [4c024347-3506-43a2-ab40-8471edec8541:192.168.30.13:39922], old=null
2019-09-26 09:57:21,103 [4c024347-3506-43a2-ab40-8471edec8541@group-5F02E4F4C487:LeaderElection14] INFO  impl.RoleInfo (RoleInfo.java:shutdownLeaderElection(134)) - 4c024347-3506-43a2-ab40-8471edec8541: shutdown LeaderElection
2019-09-26 09:57:21,103 [4c024347-3506-43a2-ab40-8471edec8541@group-5F02E4F4C487:LeaderElection14] INFO  impl.RaftServerImpl (RaftServerImpl.java:setRole(174)) - 4c024347-3506-43a2-ab40-8471edec8541@group-5F02E4F4C487: changes role from CANDIDATE to LEADER at term 1 for changeToLeader
2019-09-26 09:57:21,103 [4c024347-3506-43a2-ab40-8471edec8541@group-5F02E4F4C487:LeaderElection14] INFO  impl.RaftServerImpl (ServerState.java:setLeader(253)) - 4c024347-3506-43a2-ab40-8471edec8541@group-5F02E4F4C487: change Leader from null to 4c024347-3506-43a2-ab40-8471edec8541 at term 1 for becomeLeader, leader elected after 5241ms
2019-09-26 09:57:21,103 [4c024347-3506-43a2-ab40-8471edec8541@group-5F02E4F4C487:LeaderElection14] INFO  server.RaftServerConfigKeys (ConfUtils.java:logGet(43)) - raft.server.staging.catchup.gap = 1000 (default)
2019-09-26 09:57:21,104 [4c024347-3506-43a2-ab40-8471edec8541@group-5F02E4F4C487:LeaderElection14] INFO  server.RaftServerConfigKeys (ConfUtils.java:logGet(43)) - raft.server.rpc.sleep.time = 25ms (default)
2019-09-26 09:57:21,104 [4c024347-3506-43a2-ab40-8471edec8541@group-5F02E4F4C487:LeaderElection14] INFO  server.RaftServerConfigKeys (ConfUtils.java:logGet(43)) - raft.server.write.element-limit = 4096 (default)
2019-09-26 09:57:21,104 [4c024347-3506-43a2-ab40-8471edec8541@group-5F02E4F4C487:LeaderElection14] INFO  server.RaftServerConfigKeys (ConfUtils.java:logGet(43)) - raft.server.watch.timeout = 10s (default)
2019-09-26 09:57:21,104 [4c024347-3506-43a2-ab40-8471edec8541@group-5F02E4F4C487:LeaderElection14] INFO  server.RaftServerConfigKeys (ConfUtils.java:logGet(43)) - raft.server.watch.timeout.denomination = 1s (default)
2019-09-26 09:57:21,104 [4c024347-3506-43a2-ab40-8471edec8541@group-5F02E4F4C487:LeaderElection14] INFO  server.RaftServerConfigKeys (ConfUtils.java:logGet(43)) - raft.server.watch.element-limit = 65536 (default)
2019-09-26 09:57:21,108 [4c024347-3506-43a2-ab40-8471edec8541@group-5F02E4F4C487:LeaderElection14] INFO  impl.RoleInfo (RoleInfo.java:updateAndGet(143)) - 4c024347-3506-43a2-ab40-8471edec8541: start LeaderState
2019-09-26 09:57:21,108 [4c024347-3506-43a2-ab40-8471edec8541@group-5F02E4F4C487:LeaderElection14] INFO  segmented.SegmentedRaftLogWorker (SegmentedRaftLogWorker.java:startLogSegment(380)) - 4c024347-3506-43a2-ab40-8471edec8541@group-5F02E4F4C487-SegmentedRaftLogWorker: Starting segment from index:0
2019-09-26 09:57:21,108 [4c024347-3506-43a2-ab40-8471edec8541@group-5F02E4F4C487:LeaderElection14] INFO  impl.RaftServerImpl (ServerState.java:setRaftConf(354)) - 4c024347-3506-43a2-ab40-8471edec8541@group-5F02E4F4C487: set configuration 0: [4c024347-3506-43a2-ab40-8471edec8541:192.168.30.13:39922], old=null at 0
2019-09-26 09:57:21,135 [Thread-288] INFO  impl.FollowerState (FollowerState.java:run(106)) - d195cc70-2ea8-4d9b-90c7-21e4a6c9bd0d:group-6004E546286F changes to CANDIDATE, lastRpcTime:5071, electionTimeout:5070ms
2019-09-26 09:57:21,136 [c0fe0384-ccc2-43dc-b812-8c8a482d02e6@group-CE2D3CF835C9:LeaderElection15] INFO  impl.LeaderElection (LeaderElection.java:askForVotes(182)) - c0fe0384-ccc2-43dc-b812-8c8a482d02e6@group-CE2D3CF835C9:LeaderElection15: begin an election at term 1 for -1: [c0fe0384-ccc2-43dc-b812-8c8a482d02e6:192.168.30.13:34767], old=null
2019-09-26 09:57:21,136 [Thread-288] INFO  impl.RoleInfo (RoleInfo.java:shutdownFollowerState(121)) - d195cc70-2ea8-4d9b-90c7-21e4a6c9bd0d: shutdown FollowerState
2019-09-26 09:57:21,136 [c0fe0384-ccc2-43dc-b812-8c8a482d02e6@group-CE2D3CF835C9:LeaderElection15] INFO  impl.RoleInfo (RoleInfo.java:shutdownLeaderElection(134)) - c0fe0384-ccc2-43dc-b812-8c8a482d02e6: shutdown LeaderElection
2019-09-26 09:57:21,136 [Thread-288] INFO  impl.RaftServerImpl (RaftServerImpl.java:setRole(174)) - d195cc70-2ea8-4d9b-90c7-21e4a6c9bd0d@group-6004E546286F: changes role from  FOLLOWER to CANDIDATE at term 0 for changeToCandidate
2019-09-26 09:57:21,136 [c0fe0384-ccc2-43dc-b812-8c8a482d02e6@group-CE2D3CF835C9:LeaderElection15] INFO  impl.RaftServerImpl (RaftServerImpl.java:setRole(174)) - c0fe0384-ccc2-43dc-b812-8c8a482d02e6@group-CE2D3CF835C9: changes role from CANDIDATE to LEADER at term 1 for changeToLeader
2019-09-26 09:57:21,136 [Thread-288] INFO  impl.RoleInfo (RoleInfo.java:updateAndGet(143)) - d195cc70-2ea8-4d9b-90c7-21e4a6c9bd0d: start LeaderElection
2019-09-26 09:57:21,136 [c0fe0384-ccc2-43dc-b812-8c8a482d02e6@group-CE2D3CF835C9:LeaderElection15] INFO  impl.RaftServerImpl (ServerState.java:setLeader(253)) - c0fe0384-ccc2-43dc-b812-8c8a482d02e6@group-CE2D3CF835C9: change Leader from null to c0fe0384-ccc2-43dc-b812-8c8a482d02e6 at term 1 for becomeLeader, leader elected after 5222ms
2019-09-26 09:57:21,138 [c0fe0384-ccc2-43dc-b812-8c8a482d02e6@group-CE2D3CF835C9:LeaderElection15] INFO  server.RaftServerConfigKeys (ConfUtils.java:logGet(43)) - raft.server.staging.catchup.gap = 1000 (default)
2019-09-26 09:57:21,142 [c0fe0384-ccc2-43dc-b812-8c8a482d02e6@group-CE2D3CF835C9:LeaderElection15] INFO  server.RaftServerConfigKeys (ConfUtils.java:logGet(43)) - raft.server.rpc.sleep.time = 25ms (default)
2019-09-26 09:57:21,142 [c0fe0384-ccc2-43dc-b812-8c8a482d02e6@group-CE2D3CF835C9:LeaderElection15] INFO  server.RaftServerConfigKeys (ConfUtils.java:logGet(43)) - raft.server.write.element-limit = 4096 (default)
2019-09-26 09:57:21,142 [c0fe0384-ccc2-43dc-b812-8c8a482d02e6@group-CE2D3CF835C9:LeaderElection15] INFO  server.RaftServerConfigKeys (ConfUtils.java:logGet(43)) - raft.server.watch.timeout = 10s (default)
2019-09-26 09:57:21,143 [c0fe0384-ccc2-43dc-b812-8c8a482d02e6@group-CE2D3CF835C9:LeaderElection15] INFO  server.RaftServerConfigKeys (ConfUtils.java:logGet(43)) - raft.server.watch.timeout.denomination = 1s (default)
2019-09-26 09:57:21,143 [c0fe0384-ccc2-43dc-b812-8c8a482d02e6@group-CE2D3CF835C9:LeaderElection15] INFO  server.RaftServerConfigKeys (ConfUtils.java:logGet(43)) - raft.server.watch.element-limit = 65536 (default)
2019-09-26 09:57:21,146 [c0fe0384-ccc2-43dc-b812-8c8a482d02e6@group-CE2D3CF835C9:LeaderElection15] INFO  impl.RoleInfo (RoleInfo.java:updateAndGet(143)) - c0fe0384-ccc2-43dc-b812-8c8a482d02e6: start LeaderState
2019-09-26 09:57:21,146 [c0fe0384-ccc2-43dc-b812-8c8a482d02e6@group-CE2D3CF835C9:LeaderElection15] INFO  segmented.SegmentedRaftLogWorker (SegmentedRaftLogWorker.java:startLogSegment(380)) - c0fe0384-ccc2-43dc-b812-8c8a482d02e6@group-CE2D3CF835C9-SegmentedRaftLogWorker: Starting segment from index:0
2019-09-26 09:57:21,147 [c0fe0384-ccc2-43dc-b812-8c8a482d02e6@group-CE2D3CF835C9:LeaderElection15] INFO  impl.RaftServerImpl (ServerState.java:setRaftConf(354)) - c0fe0384-ccc2-43dc-b812-8c8a482d02e6@group-CE2D3CF835C9: set configuration 0: [c0fe0384-ccc2-43dc-b812-8c8a482d02e6:192.168.30.13:34767], old=null at 0
2019-09-26 09:57:21,149 [4c024347-3506-43a2-ab40-8471edec8541@group-5F02E4F4C487-SegmentedRaftLogWorker] INFO  segmented.SegmentedRaftLogWorker (SegmentedRaftLogWorker.java:execute(569)) - 4c024347-3506-43a2-ab40-8471edec8541@group-5F02E4F4C487-SegmentedRaftLogWorker: created new log segment /workdir/hadoop-ozone/integration-test/target/test-dir/MiniOzoneClusterImpl-02a89373-ff67-4b13-ad11-60194c127517/datanode-4/data/ratis/8cfa03a0-5fca-4b71-ab2d-5f02e4f4c487/current/log_inprogress_0
2019-09-26 09:57:21,149 [d195cc70-2ea8-4d9b-90c7-21e4a6c9bd0d@group-6004E546286F:LeaderElection16] INFO  impl.LeaderElection (LeaderElection.java:askForVotes(182)) - d195cc70-2ea8-4d9b-90c7-21e4a6c9bd0d@group-6004E546286F:LeaderElection16: begin an election at term 1 for -1: [d195cc70-2ea8-4d9b-90c7-21e4a6c9bd0d:192.168.30.13:39349], old=null
2019-09-26 09:57:21,149 [d195cc70-2ea8-4d9b-90c7-21e4a6c9bd0d@group-6004E546286F:LeaderElection16] INFO  impl.RoleInfo (RoleInfo.java:shutdownLeaderElection(134)) - d195cc70-2ea8-4d9b-90c7-21e4a6c9bd0d: shutdown LeaderElection
2019-09-26 09:57:21,150 [d195cc70-2ea8-4d9b-90c7-21e4a6c9bd0d@group-6004E546286F:LeaderElection16] INFO  impl.RaftServerImpl (RaftServerImpl.java:setRole(174)) - d195cc70-2ea8-4d9b-90c7-21e4a6c9bd0d@group-6004E546286F: changes role from CANDIDATE to LEADER at term 1 for changeToLeader
2019-09-26 09:57:21,150 [d195cc70-2ea8-4d9b-90c7-21e4a6c9bd0d@group-6004E546286F:LeaderElection16] INFO  impl.RaftServerImpl (ServerState.java:setLeader(253)) - d195cc70-2ea8-4d9b-90c7-21e4a6c9bd0d@group-6004E546286F: change Leader from null to d195cc70-2ea8-4d9b-90c7-21e4a6c9bd0d at term 1 for becomeLeader, leader elected after 5091ms
2019-09-26 09:57:21,150 [d195cc70-2ea8-4d9b-90c7-21e4a6c9bd0d@group-6004E546286F:LeaderElection16] INFO  server.RaftServerConfigKeys (ConfUtils.java:logGet(43)) - raft.server.staging.catchup.gap = 1000 (default)
2019-09-26 09:57:21,150 [d195cc70-2ea8-4d9b-90c7-21e4a6c9bd0d@group-6004E546286F:LeaderElection16] INFO  server.RaftServerConfigKeys (ConfUtils.java:logGet(43)) - raft.server.rpc.sleep.time = 25ms (default)
2019-09-26 09:57:21,150 [d195cc70-2ea8-4d9b-90c7-21e4a6c9bd0d@group-6004E546286F:LeaderElection16] INFO  server.RaftServerConfigKeys (ConfUtils.java:logGet(43)) - raft.server.write.element-limit = 4096 (default)
2019-09-26 09:57:21,151 [d195cc70-2ea8-4d9b-90c7-21e4a6c9bd0d@group-6004E546286F:LeaderElection16] INFO  server.RaftServerConfigKeys (ConfUtils.java:logGet(43)) - raft.server.watch.timeout = 10s (default)
2019-09-26 09:57:21,151 [d195cc70-2ea8-4d9b-90c7-21e4a6c9bd0d@group-6004E546286F:LeaderElection16] INFO  server.RaftServerConfigKeys (ConfUtils.java:logGet(43)) - raft.server.watch.timeout.denomination = 1s (default)
2019-09-26 09:57:21,151 [d195cc70-2ea8-4d9b-90c7-21e4a6c9bd0d@group-6004E546286F:LeaderElection16] INFO  server.RaftServerConfigKeys (ConfUtils.java:logGet(43)) - raft.server.watch.element-limit = 65536 (default)
2019-09-26 09:57:21,154 [d195cc70-2ea8-4d9b-90c7-21e4a6c9bd0d@group-6004E546286F:LeaderElection16] INFO  impl.RoleInfo (RoleInfo.java:updateAndGet(143)) - d195cc70-2ea8-4d9b-90c7-21e4a6c9bd0d: start LeaderState
2019-09-26 09:57:21,154 [d195cc70-2ea8-4d9b-90c7-21e4a6c9bd0d@group-6004E546286F:LeaderElection16] INFO  segmented.SegmentedRaftLogWorker (SegmentedRaftLogWorker.java:startLogSegment(380)) - d195cc70-2ea8-4d9b-90c7-21e4a6c9bd0d@group-6004E546286F-SegmentedRaftLogWorker: Starting segment from index:0
2019-09-26 09:57:21,155 [d195cc70-2ea8-4d9b-90c7-21e4a6c9bd0d@group-6004E546286F:LeaderElection16] INFO  impl.RaftServerImpl (ServerState.java:setRaftConf(354)) - d195cc70-2ea8-4d9b-90c7-21e4a6c9bd0d@group-6004E546286F: set configuration 0: [d195cc70-2ea8-4d9b-90c7-21e4a6c9bd0d:192.168.30.13:39349], old=null at 0
2019-09-26 09:57:21,205 [Thread-285] INFO  impl.FollowerState (FollowerState.java:run(106)) - 62a5622f-7436-420d-b3aa-8ce684692afe:group-7DD7382A733B changes to CANDIDATE, lastRpcTime:5171, electionTimeout:5171ms
2019-09-26 09:57:21,205 [Thread-285] INFO  impl.RoleInfo (RoleInfo.java:shutdownFollowerState(121)) - 62a5622f-7436-420d-b3aa-8ce684692afe: shutdown FollowerState
2019-09-26 09:57:21,205 [Thread-285] INFO  impl.RaftServerImpl (RaftServerImpl.java:setRole(174)) - 62a5622f-7436-420d-b3aa-8ce684692afe@group-7DD7382A733B: changes role from  FOLLOWER to CANDIDATE at term 0 for changeToCandidate
2019-09-26 09:57:21,205 [Thread-285] INFO  impl.RoleInfo (RoleInfo.java:updateAndGet(143)) - 62a5622f-7436-420d-b3aa-8ce684692afe: start LeaderElection
2019-09-26 09:57:21,209 [c0fe0384-ccc2-43dc-b812-8c8a482d02e6@group-CE2D3CF835C9-SegmentedRaftLogWorker] INFO  segmented.SegmentedRaftLogWorker (SegmentedRaftLogWorker.java:execute(569)) - c0fe0384-ccc2-43dc-b812-8c8a482d02e6@group-CE2D3CF835C9-SegmentedRaftLogWorker: created new log segment /workdir/hadoop-ozone/integration-test/target/test-dir/MiniOzoneClusterImpl-02a89373-ff67-4b13-ad11-60194c127517/datanode-1/data/ratis/9151133d-1f43-47e7-bc79-ce2d3cf835c9/current/log_inprogress_0
2019-09-26 09:57:21,209 [d195cc70-2ea8-4d9b-90c7-21e4a6c9bd0d@group-6004E546286F-SegmentedRaftLogWorker] INFO  segmented.SegmentedRaftLogWorker (SegmentedRaftLogWorker.java:execute(569)) - d195cc70-2ea8-4d9b-90c7-21e4a6c9bd0d@group-6004E546286F-SegmentedRaftLogWorker: created new log segment /workdir/hadoop-ozone/integration-test/target/test-dir/MiniOzoneClusterImpl-02a89373-ff67-4b13-ad11-60194c127517/datanode-5/data/ratis/afb3f132-bf70-4fee-b42c-6004e546286f/current/log_inprogress_0
2019-09-26 09:57:21,224 [Thread-292] INFO  impl.FollowerState (FollowerState.java:run(106)) - 4c024347-3506-43a2-ab40-8471edec8541:group-31F597CC07B9 changes to CANDIDATE, lastRpcTime:5122, electionTimeout:5122ms
2019-09-26 09:57:21,224 [Thread-292] INFO  impl.RoleInfo (RoleInfo.java:shutdownFollowerState(121)) - 4c024347-3506-43a2-ab40-8471edec8541: shutdown FollowerState
2019-09-26 09:57:21,224 [Thread-292] INFO  impl.RaftServerImpl (RaftServerImpl.java:setRole(174)) - 4c024347-3506-43a2-ab40-8471edec8541@group-31F597CC07B9: changes role from  FOLLOWER to CANDIDATE at term 0 for changeToCandidate
2019-09-26 09:57:21,224 [62a5622f-7436-420d-b3aa-8ce684692afe@group-7DD7382A733B:LeaderElection17] INFO  impl.LeaderElection (LeaderElection.java:askForVotes(182)) - 62a5622f-7436-420d-b3aa-8ce684692afe@group-7DD7382A733B:LeaderElection17: begin an election at term 1 for -1: [62a5622f-7436-420d-b3aa-8ce684692afe:192.168.30.13:44970], old=null
2019-09-26 09:57:21,224 [Thread-292] INFO  impl.RoleInfo (RoleInfo.java:updateAndGet(143)) - 4c024347-3506-43a2-ab40-8471edec8541: start LeaderElection
2019-09-26 09:57:21,225 [62a5622f-7436-420d-b3aa-8ce684692afe@group-7DD7382A733B:LeaderElection17] INFO  impl.RoleInfo (RoleInfo.java:shutdownLeaderElection(134)) - 62a5622f-7436-420d-b3aa-8ce684692afe: shutdown LeaderElection
2019-09-26 09:57:21,225 [62a5622f-7436-420d-b3aa-8ce684692afe@group-7DD7382A733B:LeaderElection17] INFO  impl.RaftServerImpl (RaftServerImpl.java:setRole(174)) - 62a5622f-7436-420d-b3aa-8ce684692afe@group-7DD7382A733B: changes role from CANDIDATE to LEADER at term 1 for changeToLeader
2019-09-26 09:57:21,227 [62a5622f-7436-420d-b3aa-8ce684692afe@group-7DD7382A733B:LeaderElection17] INFO  impl.RaftServerImpl (ServerState.java:setLeader(253)) - 62a5622f-7436-420d-b3aa-8ce684692afe@group-7DD7382A733B: change Leader from null to 62a5622f-7436-420d-b3aa-8ce684692afe at term 1 for becomeLeader, leader elected after 5200ms
2019-09-26 09:57:21,228 [62a5622f-7436-420d-b3aa-8ce684692afe@group-7DD7382A733B:LeaderElection17] INFO  server.RaftServerConfigKeys (ConfUtils.java:logGet(43)) - raft.server.staging.catchup.gap = 1000 (default)
2019-09-26 09:57:21,228 [62a5622f-7436-420d-b3aa-8ce684692afe@group-7DD7382A733B:LeaderElection17] INFO  server.RaftServerConfigKeys (ConfUtils.java:logGet(43)) - raft.server.rpc.sleep.time = 25ms (default)
2019-09-26 09:57:21,229 [62a5622f-7436-420d-b3aa-8ce684692afe@group-7DD7382A733B:LeaderElection17] INFO  server.RaftServerConfigKeys (ConfUtils.java:logGet(43)) - raft.server.write.element-limit = 4096 (default)
2019-09-26 09:57:21,229 [62a5622f-7436-420d-b3aa-8ce684692afe@group-7DD7382A733B:LeaderElection17] INFO  server.RaftServerConfigKeys (ConfUtils.java:logGet(43)) - raft.server.watch.timeout = 10s (default)
2019-09-26 09:57:21,229 [62a5622f-7436-420d-b3aa-8ce684692afe@group-7DD7382A733B:LeaderElection17] INFO  server.RaftServerConfigKeys (ConfUtils.java:logGet(43)) - raft.server.watch.timeout.denomination = 1s (default)
2019-09-26 09:57:21,229 [62a5622f-7436-420d-b3aa-8ce684692afe@group-7DD7382A733B:LeaderElection17] INFO  server.RaftServerConfigKeys (ConfUtils.java:logGet(43)) - raft.server.watch.element-limit = 65536 (default)
2019-09-26 09:57:21,232 [62a5622f-7436-420d-b3aa-8ce684692afe@group-7DD7382A733B:LeaderElection17] INFO  impl.RoleInfo (RoleInfo.java:updateAndGet(143)) - 62a5622f-7436-420d-b3aa-8ce684692afe: start LeaderState
2019-09-26 09:57:21,232 [62a5622f-7436-420d-b3aa-8ce684692afe@group-7DD7382A733B:LeaderElection17] INFO  segmented.SegmentedRaftLogWorker (SegmentedRaftLogWorker.java:startLogSegment(380)) - 62a5622f-7436-420d-b3aa-8ce684692afe@group-7DD7382A733B-SegmentedRaftLogWorker: Starting segment from index:0
2019-09-26 09:57:21,232 [62a5622f-7436-420d-b3aa-8ce684692afe@group-7DD7382A733B:LeaderElection17] INFO  impl.RaftServerImpl (ServerState.java:setRaftConf(354)) - 62a5622f-7436-420d-b3aa-8ce684692afe@group-7DD7382A733B: set configuration 0: [62a5622f-7436-420d-b3aa-8ce684692afe:192.168.30.13:44970], old=null at 0
2019-09-26 09:57:21,259 [Thread-298] INFO  impl.FollowerState (FollowerState.java:run(106)) - 9d66027e-d252-4dbd-9b93-1b4908d3cfc2:group-6BEBA42E48F6 changes to CANDIDATE, lastRpcTime:5082, electionTimeout:5070ms
2019-09-26 09:57:21,259 [Thread-295] INFO  impl.FollowerState (FollowerState.java:run(106)) - 4c024347-3506-43a2-ab40-8471edec8541:group-3629294787F3 changes to CANDIDATE, lastRpcTime:5126, electionTimeout:5123ms
2019-09-26 09:57:21,259 [4c024347-3506-43a2-ab40-8471edec8541@group-31F597CC07B9:LeaderElection18] INFO  impl.LeaderElection (LeaderElection.java:askForVotes(182)) - 4c024347-3506-43a2-ab40-8471edec8541@group-31F597CC07B9:LeaderElection18: begin an election at term 1 for -1: [4c024347-3506-43a2-ab40-8471edec8541:192.168.30.13:39922], old=null
2019-09-26 09:57:21,259 [Thread-295] INFO  impl.RoleInfo (RoleInfo.java:shutdownFollowerState(121)) - 4c024347-3506-43a2-ab40-8471edec8541: shutdown FollowerState
2019-09-26 09:57:21,259 [Thread-298] INFO  impl.RoleInfo (RoleInfo.java:shutdownFollowerState(121)) - 9d66027e-d252-4dbd-9b93-1b4908d3cfc2: shutdown FollowerState
2019-09-26 09:57:21,259 [Thread-295] INFO  impl.RaftServerImpl (RaftServerImpl.java:setRole(174)) - 4c024347-3506-43a2-ab40-8471edec8541@group-3629294787F3: changes role from  FOLLOWER to CANDIDATE at term 0 for changeToCandidate
2019-09-26 09:57:21,259 [4c024347-3506-43a2-ab40-8471edec8541@group-31F597CC07B9:LeaderElection18] INFO  impl.RoleInfo (RoleInfo.java:shutdownLeaderElection(134)) - 4c024347-3506-43a2-ab40-8471edec8541: shutdown LeaderElection
2019-09-26 09:57:21,259 [Thread-298] INFO  impl.RaftServerImpl (RaftServerImpl.java:setRole(174)) - 9d66027e-d252-4dbd-9b93-1b4908d3cfc2@group-6BEBA42E48F6: changes role from  FOLLOWER to CANDIDATE at term 0 for changeToCandidate
2019-09-26 09:57:21,260 [Thread-295] INFO  impl.RoleInfo (RoleInfo.java:updateAndGet(143)) - 4c024347-3506-43a2-ab40-8471edec8541: start LeaderElection
2019-09-26 09:57:21,260 [4c024347-3506-43a2-ab40-8471edec8541@group-31F597CC07B9:LeaderElection18] INFO  impl.RaftServerImpl (RaftServerImpl.java:setRole(174)) - 4c024347-3506-43a2-ab40-8471edec8541@group-31F597CC07B9: changes role from CANDIDATE to LEADER at term 1 for changeToLeader
2019-09-26 09:57:21,260 [Thread-298] INFO  impl.RoleInfo (RoleInfo.java:updateAndGet(143)) - 9d66027e-d252-4dbd-9b93-1b4908d3cfc2: start LeaderElection
2019-09-26 09:57:21,260 [4c024347-3506-43a2-ab40-8471edec8541@group-31F597CC07B9:LeaderElection18] INFO  impl.RaftServerImpl (ServerState.java:setLeader(253)) - 4c024347-3506-43a2-ab40-8471edec8541@group-31F597CC07B9: change Leader from null to 4c024347-3506-43a2-ab40-8471edec8541 at term 1 for becomeLeader, leader elected after 5168ms
2019-09-26 09:57:21,262 [4c024347-3506-43a2-ab40-8471edec8541@group-31F597CC07B9:LeaderElection18] INFO  server.RaftServerConfigKeys (ConfUtils.java:logGet(43)) - raft.server.staging.catchup.gap = 1000 (default)
2019-09-26 09:57:21,268 [Thread-301] INFO  impl.FollowerState (FollowerState.java:run(106)) - 9d66027e-d252-4dbd-9b93-1b4908d3cfc2:group-8AB766391C52 changes to CANDIDATE, lastRpcTime:5039, electionTimeout:5039ms
2019-09-26 09:57:21,278 [62a5622f-7436-420d-b3aa-8ce684692afe@group-7DD7382A733B-SegmentedRaftLogWorker] INFO  segmented.SegmentedRaftLogWorker (SegmentedRaftLogWorker.java:execute(569)) - 62a5622f-7436-420d-b3aa-8ce684692afe@group-7DD7382A733B-SegmentedRaftLogWorker: created new log segment /workdir/hadoop-ozone/integration-test/target/test-dir/MiniOzoneClusterImpl-02a89373-ff67-4b13-ad11-60194c127517/datanode-3/data/ratis/19c4cf21-40b1-4675-94bc-7dd7382a733b/current/log_inprogress_0
2019-09-26 09:57:21,269 [4c024347-3506-43a2-ab40-8471edec8541@group-31F597CC07B9:LeaderElection18] INFO  server.RaftServerConfigKeys (ConfUtils.java:logGet(43)) - raft.server.rpc.sleep.time = 25ms (default)
2019-09-26 09:57:21,278 [Thread-301] INFO  impl.RoleInfo (RoleInfo.java:shutdownFollowerState(121)) - 9d66027e-d252-4dbd-9b93-1b4908d3cfc2: shutdown FollowerState
2019-09-26 09:57:21,278 [Thread-301] INFO  impl.RaftServerImpl (RaftServerImpl.java:setRole(174)) - 9d66027e-d252-4dbd-9b93-1b4908d3cfc2@group-8AB766391C52: changes role from  FOLLOWER to CANDIDATE at term 0 for changeToCandidate
2019-09-26 09:57:21,278 [4c024347-3506-43a2-ab40-8471edec8541@group-31F597CC07B9:LeaderElection18] INFO  server.RaftServerConfigKeys (ConfUtils.java:logGet(43)) - raft.server.write.element-limit = 4096 (default)
2019-09-26 09:57:21,278 [Thread-301] INFO  impl.RoleInfo (RoleInfo.java:updateAndGet(143)) - 9d66027e-d252-4dbd-9b93-1b4908d3cfc2: start LeaderElection
2019-09-26 09:57:21,279 [4c024347-3506-43a2-ab40-8471edec8541@group-31F597CC07B9:LeaderElection18] INFO  server.RaftServerConfigKeys (ConfUtils.java:logGet(43)) - raft.server.watch.timeout = 10s (default)
2019-09-26 09:57:21,279 [4c024347-3506-43a2-ab40-8471edec8541@group-31F597CC07B9:LeaderElection18] INFO  server.RaftServerConfigKeys (ConfUtils.java:logGet(43)) - raft.server.watch.timeout.denomination = 1s (default)
2019-09-26 09:57:21,279 [4c024347-3506-43a2-ab40-8471edec8541@group-31F597CC07B9:LeaderElection18] INFO  server.RaftServerConfigKeys (ConfUtils.java:logGet(43)) - raft.server.watch.element-limit = 65536 (default)
2019-09-26 09:57:21,282 [4c024347-3506-43a2-ab40-8471edec8541@group-31F597CC07B9:LeaderElection18] INFO  impl.RoleInfo (RoleInfo.java:updateAndGet(143)) - 4c024347-3506-43a2-ab40-8471edec8541: start LeaderState
2019-09-26 09:57:21,283 [4c024347-3506-43a2-ab40-8471edec8541@group-31F597CC07B9:LeaderElection18] INFO  segmented.SegmentedRaftLogWorker (SegmentedRaftLogWorker.java:startLogSegment(380)) - 4c024347-3506-43a2-ab40-8471edec8541@group-31F597CC07B9-SegmentedRaftLogWorker: Starting segment from index:0
2019-09-26 09:57:21,283 [4c024347-3506-43a2-ab40-8471edec8541@group-31F597CC07B9:LeaderElection18] INFO  impl.RaftServerImpl (ServerState.java:setRaftConf(354)) - 4c024347-3506-43a2-ab40-8471edec8541@group-31F597CC07B9: set configuration 0: [4c024347-3506-43a2-ab40-8471edec8541:192.168.30.13:39922], old=null at 0
2019-09-26 09:57:21,311 [4c024347-3506-43a2-ab40-8471edec8541@group-3629294787F3:LeaderElection19] INFO  impl.LeaderElection (LeaderElection.java:askForVotes(182)) - 4c024347-3506-43a2-ab40-8471edec8541@group-3629294787F3:LeaderElection19: begin an election at term 1 for -1: [4c024347-3506-43a2-ab40-8471edec8541:192.168.30.13:39922], old=null
2019-09-26 09:57:21,311 [9d66027e-d252-4dbd-9b93-1b4908d3cfc2@group-6BEBA42E48F6:LeaderElection20] INFO  impl.LeaderElection (LeaderElection.java:askForVotes(182)) - 9d66027e-d252-4dbd-9b93-1b4908d3cfc2@group-6BEBA42E48F6:LeaderElection20: begin an election at term 1 for -1: [9d66027e-d252-4dbd-9b93-1b4908d3cfc2:192.168.30.13:37389], old=null
2019-09-26 09:57:21,311 [9d66027e-d252-4dbd-9b93-1b4908d3cfc2@group-8AB766391C52:LeaderElection21] INFO  impl.LeaderElection (LeaderElection.java:askForVotes(182)) - 9d66027e-d252-4dbd-9b93-1b4908d3cfc2@group-8AB766391C52:LeaderElection21: begin an election at term 1 for -1: [9d66027e-d252-4dbd-9b93-1b4908d3cfc2:192.168.30.13:37389], old=null
2019-09-26 09:57:21,311 [9d66027e-d252-4dbd-9b93-1b4908d3cfc2@group-6BEBA42E48F6:LeaderElection20] INFO  impl.RoleInfo (RoleInfo.java:shutdownLeaderElection(134)) - 9d66027e-d252-4dbd-9b93-1b4908d3cfc2: shutdown LeaderElection
2019-09-26 09:57:21,311 [4c024347-3506-43a2-ab40-8471edec8541@group-3629294787F3:LeaderElection19] INFO  impl.RoleInfo (RoleInfo.java:shutdownLeaderElection(134)) - 4c024347-3506-43a2-ab40-8471edec8541: shutdown LeaderElection
2019-09-26 09:57:21,311 [9d66027e-d252-4dbd-9b93-1b4908d3cfc2@group-6BEBA42E48F6:LeaderElection20] INFO  impl.RaftServerImpl (RaftServerImpl.java:setRole(174)) - 9d66027e-d252-4dbd-9b93-1b4908d3cfc2@group-6BEBA42E48F6: changes role from CANDIDATE to LEADER at term 1 for changeToLeader
2019-09-26 09:57:21,311 [9d66027e-d252-4dbd-9b93-1b4908d3cfc2@group-8AB766391C52:LeaderElection21] INFO  impl.RoleInfo (RoleInfo.java:shutdownLeaderElection(134)) - 9d66027e-d252-4dbd-9b93-1b4908d3cfc2: shutdown LeaderElection
2019-09-26 09:57:21,312 [9d66027e-d252-4dbd-9b93-1b4908d3cfc2@group-6BEBA42E48F6:LeaderElection20] INFO  impl.RaftServerImpl (ServerState.java:setLeader(253)) - 9d66027e-d252-4dbd-9b93-1b4908d3cfc2@group-6BEBA42E48F6: change Leader from null to 9d66027e-d252-4dbd-9b93-1b4908d3cfc2 at term 1 for becomeLeader, leader elected after 5142ms
2019-09-26 09:57:21,311 [4c024347-3506-43a2-ab40-8471edec8541@group-3629294787F3:LeaderElection19] INFO  impl.RaftServerImpl (RaftServerImpl.java:setRole(174)) - 4c024347-3506-43a2-ab40-8471edec8541@group-3629294787F3: changes role from CANDIDATE to LEADER at term 1 for changeToLeader
2019-09-26 09:57:21,312 [9d66027e-d252-4dbd-9b93-1b4908d3cfc2@group-6BEBA42E48F6:LeaderElection20] INFO  server.RaftServerConfigKeys (ConfUtils.java:logGet(43)) - raft.server.staging.catchup.gap = 1000 (default)
2019-09-26 09:57:21,312 [9d66027e-d252-4dbd-9b93-1b4908d3cfc2@group-8AB766391C52:LeaderElection21] INFO  impl.RaftServerImpl (RaftServerImpl.java:setRole(174)) - 9d66027e-d252-4dbd-9b93-1b4908d3cfc2@group-8AB766391C52: changes role from CANDIDATE to LEADER at term 1 for changeToLeader
2019-09-26 09:57:21,312 [9d66027e-d252-4dbd-9b93-1b4908d3cfc2@group-6BEBA42E48F6:LeaderElection20] INFO  server.RaftServerConfigKeys (ConfUtils.java:logGet(43)) - raft.server.rpc.sleep.time = 25ms (default)
2019-09-26 09:57:21,312 [4c024347-3506-43a2-ab40-8471edec8541@group-3629294787F3:LeaderElection19] INFO  impl.RaftServerImpl (ServerState.java:setLeader(253)) - 4c024347-3506-43a2-ab40-8471edec8541@group-3629294787F3: change Leader from null to 4c024347-3506-43a2-ab40-8471edec8541 at term 1 for becomeLeader, leader elected after 5187ms
2019-09-26 09:57:21,312 [9d66027e-d252-4dbd-9b93-1b4908d3cfc2@group-8AB766391C52:LeaderElection21] INFO  impl.RaftServerImpl (ServerState.java:setLeader(253)) - 9d66027e-d252-4dbd-9b93-1b4908d3cfc2@group-8AB766391C52: change Leader from null to 9d66027e-d252-4dbd-9b93-1b4908d3cfc2 at term 1 for becomeLeader, leader elected after 5089ms
2019-09-26 09:57:21,312 [4c024347-3506-43a2-ab40-8471edec8541@group-3629294787F3:LeaderElection19] INFO  server.RaftServerConfigKeys (ConfUtils.java:logGet(43)) - raft.server.staging.catchup.gap = 1000 (default)
2019-09-26 09:57:21,312 [9d66027e-d252-4dbd-9b93-1b4908d3cfc2@group-6BEBA42E48F6:LeaderElection20] INFO  server.RaftServerConfigKeys (ConfUtils.java:logGet(43)) - raft.server.write.element-limit = 4096 (default)
2019-09-26 09:57:21,312 [4c024347-3506-43a2-ab40-8471edec8541@group-3629294787F3:LeaderElection19] INFO  server.RaftServerConfigKeys (ConfUtils.java:logGet(43)) - raft.server.rpc.sleep.time = 25ms (default)
2019-09-26 09:57:21,312 [9d66027e-d252-4dbd-9b93-1b4908d3cfc2@group-8AB766391C52:LeaderElection21] INFO  server.RaftServerConfigKeys (ConfUtils.java:logGet(43)) - raft.server.staging.catchup.gap = 1000 (default)
2019-09-26 09:57:21,313 [4c024347-3506-43a2-ab40-8471edec8541@group-3629294787F3:LeaderElection19] INFO  server.RaftServerConfigKeys (ConfUtils.java:logGet(43)) - raft.server.write.element-limit = 4096 (default)
2019-09-26 09:57:21,313 [9d66027e-d252-4dbd-9b93-1b4908d3cfc2@group-6BEBA42E48F6:LeaderElection20] INFO  server.RaftServerConfigKeys (ConfUtils.java:logGet(43)) - raft.server.watch.timeout = 10s (default)
2019-09-26 09:57:21,313 [4c024347-3506-43a2-ab40-8471edec8541@group-3629294787F3:LeaderElection19] INFO  server.RaftServerConfigKeys (ConfUtils.java:logGet(43)) - raft.server.watch.timeout = 10s (default)
2019-09-26 09:57:21,313 [4c024347-3506-43a2-ab40-8471edec8541@group-3629294787F3:LeaderElection19] INFO  server.RaftServerConfigKeys (ConfUtils.java:logGet(43)) - raft.server.watch.timeout.denomination = 1s (default)
2019-09-26 09:57:21,313 [9d66027e-d252-4dbd-9b93-1b4908d3cfc2@group-8AB766391C52:LeaderElection21] INFO  server.RaftServerConfigKeys (ConfUtils.java:logGet(43)) - raft.server.rpc.sleep.time = 25ms (default)
2019-09-26 09:57:21,313 [4c024347-3506-43a2-ab40-8471edec8541@group-3629294787F3:LeaderElection19] INFO  server.RaftServerConfigKeys (ConfUtils.java:logGet(43)) - raft.server.watch.element-limit = 65536 (default)
2019-09-26 09:57:21,313 [9d66027e-d252-4dbd-9b93-1b4908d3cfc2@group-6BEBA42E48F6:LeaderElection20] INFO  server.RaftServerConfigKeys (ConfUtils.java:logGet(43)) - raft.server.watch.timeout.denomination = 1s (default)
2019-09-26 09:57:21,313 [9d66027e-d252-4dbd-9b93-1b4908d3cfc2@group-8AB766391C52:LeaderElection21] INFO  server.RaftServerConfigKeys (ConfUtils.java:logGet(43)) - raft.server.write.element-limit = 4096 (default)
2019-09-26 09:57:21,313 [9d66027e-d252-4dbd-9b93-1b4908d3cfc2@group-6BEBA42E48F6:LeaderElection20] INFO  server.RaftServerConfigKeys (ConfUtils.java:logGet(43)) - raft.server.watch.element-limit = 65536 (default)
2019-09-26 09:57:21,313 [9d66027e-d252-4dbd-9b93-1b4908d3cfc2@group-8AB766391C52:LeaderElection21] INFO  server.RaftServerConfigKeys (ConfUtils.java:logGet(43)) - raft.server.watch.timeout = 10s (default)
2019-09-26 09:57:21,314 [9d66027e-d252-4dbd-9b93-1b4908d3cfc2@group-8AB766391C52:LeaderElection21] INFO  server.RaftServerConfigKeys (ConfUtils.java:logGet(43)) - raft.server.watch.timeout.denomination = 1s (default)
2019-09-26 09:57:21,314 [9d66027e-d252-4dbd-9b93-1b4908d3cfc2@group-8AB766391C52:LeaderElection21] INFO  server.RaftServerConfigKeys (ConfUtils.java:logGet(43)) - raft.server.watch.element-limit = 65536 (default)
2019-09-26 09:57:21,317 [4c024347-3506-43a2-ab40-8471edec8541@group-3629294787F3:LeaderElection19] INFO  impl.RoleInfo (RoleInfo.java:updateAndGet(143)) - 4c024347-3506-43a2-ab40-8471edec8541: start LeaderState
2019-09-26 09:57:21,317 [4c024347-3506-43a2-ab40-8471edec8541@group-3629294787F3:LeaderElection19] INFO  segmented.SegmentedRaftLogWorker (SegmentedRaftLogWorker.java:startLogSegment(380)) - 4c024347-3506-43a2-ab40-8471edec8541@group-3629294787F3-SegmentedRaftLogWorker: Starting segment from index:0
2019-09-26 09:57:21,317 [9d66027e-d252-4dbd-9b93-1b4908d3cfc2@group-6BEBA42E48F6:LeaderElection20] INFO  impl.RoleInfo (RoleInfo.java:updateAndGet(143)) - 9d66027e-d252-4dbd-9b93-1b4908d3cfc2: start LeaderState
2019-09-26 09:57:21,317 [9d66027e-d252-4dbd-9b93-1b4908d3cfc2@group-8AB766391C52:LeaderElection21] INFO  impl.RoleInfo (RoleInfo.java:updateAndGet(143)) - 9d66027e-d252-4dbd-9b93-1b4908d3cfc2: start LeaderState
2019-09-26 09:57:21,317 [9d66027e-d252-4dbd-9b93-1b4908d3cfc2@group-6BEBA42E48F6:LeaderElection20] INFO  segmented.SegmentedRaftLogWorker (SegmentedRaftLogWorker.java:startLogSegment(380)) - 9d66027e-d252-4dbd-9b93-1b4908d3cfc2@group-6BEBA42E48F6-SegmentedRaftLogWorker: Starting segment from index:0
2019-09-26 09:57:21,317 [9d66027e-d252-4dbd-9b93-1b4908d3cfc2@group-8AB766391C52:LeaderElection21] INFO  segmented.SegmentedRaftLogWorker (SegmentedRaftLogWorker.java:startLogSegment(380)) - 9d66027e-d252-4dbd-9b93-1b4908d3cfc2@group-8AB766391C52-SegmentedRaftLogWorker: Starting segment from index:0
2019-09-26 09:57:21,317 [4c024347-3506-43a2-ab40-8471edec8541@group-3629294787F3:LeaderElection19] INFO  impl.RaftServerImpl (ServerState.java:setRaftConf(354)) - 4c024347-3506-43a2-ab40-8471edec8541@group-3629294787F3: set configuration 0: [4c024347-3506-43a2-ab40-8471edec8541:192.168.30.13:39922], old=null at 0
2019-09-26 09:57:21,350 [4c024347-3506-43a2-ab40-8471edec8541@group-31F597CC07B9-SegmentedRaftLogWorker] INFO  segmented.SegmentedRaftLogWorker (SegmentedRaftLogWorker.java:execute(569)) - 4c024347-3506-43a2-ab40-8471edec8541@group-31F597CC07B9-SegmentedRaftLogWorker: created new log segment /workdir/hadoop-ozone/integration-test/target/test-dir/MiniOzoneClusterImpl-02a89373-ff67-4b13-ad11-60194c127517/datanode-4/data/ratis/fdce0690-fae4-4a85-86bc-31f597cc07b9/current/log_inprogress_0
2019-09-26 09:57:21,389 [4c024347-3506-43a2-ab40-8471edec8541@group-3629294787F3-SegmentedRaftLogWorker] INFO  segmented.SegmentedRaftLogWorker (SegmentedRaftLogWorker.java:execute(569)) - 4c024347-3506-43a2-ab40-8471edec8541@group-3629294787F3-SegmentedRaftLogWorker: created new log segment /workdir/hadoop-ozone/integration-test/target/test-dir/MiniOzoneClusterImpl-02a89373-ff67-4b13-ad11-60194c127517/datanode-4/data/ratis/0caaece3-3029-4d82-ad6e-3629294787f3/current/log_inprogress_0
2019-09-26 09:57:21,389 [9d66027e-d252-4dbd-9b93-1b4908d3cfc2@group-8AB766391C52:LeaderElection21] INFO  impl.RaftServerImpl (ServerState.java:setRaftConf(354)) - 9d66027e-d252-4dbd-9b93-1b4908d3cfc2@group-8AB766391C52: set configuration 0: [9d66027e-d252-4dbd-9b93-1b4908d3cfc2:192.168.30.13:37389], old=null at 0
2019-09-26 09:57:21,389 [Thread-304] INFO  impl.FollowerState (FollowerState.java:run(106)) - 9d66027e-d252-4dbd-9b93-1b4908d3cfc2:group-CA14A10FBE8D changes to CANDIDATE, lastRpcTime:5122, electionTimeout:5117ms
2019-09-26 09:57:21,389 [9d66027e-d252-4dbd-9b93-1b4908d3cfc2@group-6BEBA42E48F6:LeaderElection20] INFO  impl.RaftServerImpl (ServerState.java:setRaftConf(354)) - 9d66027e-d252-4dbd-9b93-1b4908d3cfc2@group-6BEBA42E48F6: set configuration 0: [9d66027e-d252-4dbd-9b93-1b4908d3cfc2:192.168.30.13:37389], old=null at 0
2019-09-26 09:57:21,431 [Thread-304] INFO  impl.RoleInfo (RoleInfo.java:shutdownFollowerState(121)) - 9d66027e-d252-4dbd-9b93-1b4908d3cfc2: shutdown FollowerState
2019-09-26 09:57:21,431 [Thread-308] INFO  impl.FollowerState (FollowerState.java:run(106)) - 968d325c-530f-4bc5-8752-bd3f3c0aff18:group-4FE2405BACB6 changes to CANDIDATE, lastRpcTime:5092, electionTimeout:5056ms
2019-09-26 09:57:21,431 [9d66027e-d252-4dbd-9b93-1b4908d3cfc2@group-6BEBA42E48F6-SegmentedRaftLogWorker] INFO  segmented.SegmentedRaftLogWorker (SegmentedRaftLogWorker.java:execute(569)) - 9d66027e-d252-4dbd-9b93-1b4908d3cfc2@group-6BEBA42E48F6-SegmentedRaftLogWorker: created new log segment /workdir/hadoop-ozone/integration-test/target/test-dir/MiniOzoneClusterImpl-02a89373-ff67-4b13-ad11-60194c127517/datanode-2/data/ratis/c736a97d-b00f-4ce6-8e7d-6beba42e48f6/current/log_inprogress_0
2019-09-26 09:57:21,434 [Thread-308] INFO  impl.RoleInfo (RoleInfo.java:shutdownFollowerState(121)) - 968d325c-530f-4bc5-8752-bd3f3c0aff18: shutdown FollowerState
2019-09-26 09:57:21,434 [Thread-304] INFO  impl.RaftServerImpl (RaftServerImpl.java:setRole(174)) - 9d66027e-d252-4dbd-9b93-1b4908d3cfc2@group-CA14A10FBE8D: changes role from  FOLLOWER to CANDIDATE at term 0 for changeToCandidate
2019-09-26 09:57:21,434 [Thread-308] INFO  impl.RaftServerImpl (RaftServerImpl.java:setRole(174)) - 968d325c-530f-4bc5-8752-bd3f3c0aff18@group-4FE2405BACB6: changes role from  FOLLOWER to CANDIDATE at term 0 for changeToCandidate
2019-09-26 09:57:21,434 [Thread-304] INFO  impl.RoleInfo (RoleInfo.java:updateAndGet(143)) - 9d66027e-d252-4dbd-9b93-1b4908d3cfc2: start LeaderElection
2019-09-26 09:57:21,435 [Thread-308] INFO  impl.RoleInfo (RoleInfo.java:updateAndGet(143)) - 968d325c-530f-4bc5-8752-bd3f3c0aff18: start LeaderElection
2019-09-26 09:57:21,444 [9d66027e-d252-4dbd-9b93-1b4908d3cfc2@group-8AB766391C52-SegmentedRaftLogWorker] INFO  segmented.SegmentedRaftLogWorker (SegmentedRaftLogWorker.java:execute(569)) - 9d66027e-d252-4dbd-9b93-1b4908d3cfc2@group-8AB766391C52-SegmentedRaftLogWorker: created new log segment /workdir/hadoop-ozone/integration-test/target/test-dir/MiniOzoneClusterImpl-02a89373-ff67-4b13-ad11-60194c127517/datanode-2/data/ratis/a11f78a2-c370-4117-86ff-8ab766391c52/current/log_inprogress_0
2019-09-26 09:57:21,444 [9d66027e-d252-4dbd-9b93-1b4908d3cfc2@group-CA14A10FBE8D:LeaderElection22] INFO  impl.LeaderElection (LeaderElection.java:askForVotes(182)) - 9d66027e-d252-4dbd-9b93-1b4908d3cfc2@group-CA14A10FBE8D:LeaderElection22: begin an election at term 1 for -1: [9d66027e-d252-4dbd-9b93-1b4908d3cfc2:192.168.30.13:37389], old=null
2019-09-26 09:57:21,444 [968d325c-530f-4bc5-8752-bd3f3c0aff18@group-4FE2405BACB6:LeaderElection23] INFO  impl.LeaderElection (LeaderElection.java:askForVotes(182)) - 968d325c-530f-4bc5-8752-bd3f3c0aff18@group-4FE2405BACB6:LeaderElection23: begin an election at term 1 for -1: [968d325c-530f-4bc5-8752-bd3f3c0aff18:192.168.30.13:43732], old=null
2019-09-26 09:57:21,444 [9d66027e-d252-4dbd-9b93-1b4908d3cfc2@group-CA14A10FBE8D:LeaderElection22] INFO  impl.RoleInfo (RoleInfo.java:shutdownLeaderElection(134)) - 9d66027e-d252-4dbd-9b93-1b4908d3cfc2: shutdown LeaderElection
2019-09-26 09:57:21,444 [968d325c-530f-4bc5-8752-bd3f3c0aff18@group-4FE2405BACB6:LeaderElection23] INFO  impl.RoleInfo (RoleInfo.java:shutdownLeaderElection(134)) - 968d325c-530f-4bc5-8752-bd3f3c0aff18: shutdown LeaderElection
2019-09-26 09:57:21,444 [9d66027e-d252-4dbd-9b93-1b4908d3cfc2@group-CA14A10FBE8D:LeaderElection22] INFO  impl.RaftServerImpl (RaftServerImpl.java:setRole(174)) - 9d66027e-d252-4dbd-9b93-1b4908d3cfc2@group-CA14A10FBE8D: changes role from CANDIDATE to LEADER at term 1 for changeToLeader
2019-09-26 09:57:21,444 [968d325c-530f-4bc5-8752-bd3f3c0aff18@group-4FE2405BACB6:LeaderElection23] INFO  impl.RaftServerImpl (RaftServerImpl.java:setRole(174)) - 968d325c-530f-4bc5-8752-bd3f3c0aff18@group-4FE2405BACB6: changes role from CANDIDATE to LEADER at term 1 for changeToLeader
2019-09-26 09:57:21,445 [9d66027e-d252-4dbd-9b93-1b4908d3cfc2@group-CA14A10FBE8D:LeaderElection22] INFO  impl.RaftServerImpl (ServerState.java:setLeader(253)) - 9d66027e-d252-4dbd-9b93-1b4908d3cfc2@group-CA14A10FBE8D: change Leader from null to 9d66027e-d252-4dbd-9b93-1b4908d3cfc2 at term 1 for becomeLeader, leader elected after 5183ms
2019-09-26 09:57:21,445 [968d325c-530f-4bc5-8752-bd3f3c0aff18@group-4FE2405BACB6:LeaderElection23] INFO  impl.RaftServerImpl (ServerState.java:setLeader(253)) - 968d325c-530f-4bc5-8752-bd3f3c0aff18@group-4FE2405BACB6: change Leader from null to 968d325c-530f-4bc5-8752-bd3f3c0aff18 at term 1 for becomeLeader, leader elected after 5123ms
2019-09-26 09:57:21,445 [9d66027e-d252-4dbd-9b93-1b4908d3cfc2@group-CA14A10FBE8D:LeaderElection22] INFO  server.RaftServerConfigKeys (ConfUtils.java:logGet(43)) - raft.server.staging.catchup.gap = 1000 (default)
2019-09-26 09:57:21,445 [968d325c-530f-4bc5-8752-bd3f3c0aff18@group-4FE2405BACB6:LeaderElection23] INFO  server.RaftServerConfigKeys (ConfUtils.java:logGet(43)) - raft.server.staging.catchup.gap = 1000 (default)
2019-09-26 09:57:21,445 [9d66027e-d252-4dbd-9b93-1b4908d3cfc2@group-CA14A10FBE8D:LeaderElection22] INFO  server.RaftServerConfigKeys (ConfUtils.java:logGet(43)) - raft.server.rpc.sleep.time = 25ms (default)
2019-09-26 09:57:21,445 [968d325c-530f-4bc5-8752-bd3f3c0aff18@group-4FE2405BACB6:LeaderElection23] INFO  server.RaftServerConfigKeys (ConfUtils.java:logGet(43)) - raft.server.rpc.sleep.time = 25ms (default)
2019-09-26 09:57:21,445 [9d66027e-d252-4dbd-9b93-1b4908d3cfc2@group-CA14A10FBE8D:LeaderElection22] INFO  server.RaftServerConfigKeys (ConfUtils.java:logGet(43)) - raft.server.write.element-limit = 4096 (default)
2019-09-26 09:57:21,445 [968d325c-530f-4bc5-8752-bd3f3c0aff18@group-4FE2405BACB6:LeaderElection23] INFO  server.RaftServerConfigKeys (ConfUtils.java:logGet(43)) - raft.server.write.element-limit = 4096 (default)
2019-09-26 09:57:21,445 [9d66027e-d252-4dbd-9b93-1b4908d3cfc2@group-CA14A10FBE8D:LeaderElection22] INFO  server.RaftServerConfigKeys (ConfUtils.java:logGet(43)) - raft.server.watch.timeout = 10s (default)
2019-09-26 09:57:21,445 [968d325c-530f-4bc5-8752-bd3f3c0aff18@group-4FE2405BACB6:LeaderElection23] INFO  server.RaftServerConfigKeys (ConfUtils.java:logGet(43)) - raft.server.watch.timeout = 10s (default)
2019-09-26 09:57:21,446 [9d66027e-d252-4dbd-9b93-1b4908d3cfc2@group-CA14A10FBE8D:LeaderElection22] INFO  server.RaftServerConfigKeys (ConfUtils.java:logGet(43)) - raft.server.watch.timeout.denomination = 1s (default)
2019-09-26 09:57:21,446 [968d325c-530f-4bc5-8752-bd3f3c0aff18@group-4FE2405BACB6:LeaderElection23] INFO  server.RaftServerConfigKeys (ConfUtils.java:logGet(43)) - raft.server.watch.timeout.denomination = 1s (default)
2019-09-26 09:57:21,446 [9d66027e-d252-4dbd-9b93-1b4908d3cfc2@group-CA14A10FBE8D:LeaderElection22] INFO  server.RaftServerConfigKeys (ConfUtils.java:logGet(43)) - raft.server.watch.element-limit = 65536 (default)
2019-09-26 09:57:21,446 [968d325c-530f-4bc5-8752-bd3f3c0aff18@group-4FE2405BACB6:LeaderElection23] INFO  server.RaftServerConfigKeys (ConfUtils.java:logGet(43)) - raft.server.watch.element-limit = 65536 (default)
2019-09-26 09:57:21,449 [9d66027e-d252-4dbd-9b93-1b4908d3cfc2@group-CA14A10FBE8D:LeaderElection22] INFO  impl.RoleInfo (RoleInfo.java:updateAndGet(143)) - 9d66027e-d252-4dbd-9b93-1b4908d3cfc2: start LeaderState
2019-09-26 09:57:21,449 [9d66027e-d252-4dbd-9b93-1b4908d3cfc2@group-CA14A10FBE8D:LeaderElection22] INFO  segmented.SegmentedRaftLogWorker (SegmentedRaftLogWorker.java:startLogSegment(380)) - 9d66027e-d252-4dbd-9b93-1b4908d3cfc2@group-CA14A10FBE8D-SegmentedRaftLogWorker: Starting segment from index:0
2019-09-26 09:57:21,449 [968d325c-530f-4bc5-8752-bd3f3c0aff18@group-4FE2405BACB6:LeaderElection23] INFO  impl.RoleInfo (RoleInfo.java:updateAndGet(143)) - 968d325c-530f-4bc5-8752-bd3f3c0aff18: start LeaderState
2019-09-26 09:57:21,449 [968d325c-530f-4bc5-8752-bd3f3c0aff18@group-4FE2405BACB6:LeaderElection23] INFO  segmented.SegmentedRaftLogWorker (SegmentedRaftLogWorker.java:startLogSegment(380)) - 968d325c-530f-4bc5-8752-bd3f3c0aff18@group-4FE2405BACB6-SegmentedRaftLogWorker: Starting segment from index:0
2019-09-26 09:57:21,449 [9d66027e-d252-4dbd-9b93-1b4908d3cfc2@group-CA14A10FBE8D:LeaderElection22] INFO  impl.RaftServerImpl (ServerState.java:setRaftConf(354)) - 9d66027e-d252-4dbd-9b93-1b4908d3cfc2@group-CA14A10FBE8D: set configuration 0: [9d66027e-d252-4dbd-9b93-1b4908d3cfc2:192.168.30.13:37389], old=null at 0
2019-09-26 09:57:21,476 [968d325c-530f-4bc5-8752-bd3f3c0aff18@group-4FE2405BACB6:LeaderElection23] INFO  impl.RaftServerImpl (ServerState.java:setRaftConf(354)) - 968d325c-530f-4bc5-8752-bd3f3c0aff18@group-4FE2405BACB6: set configuration 0: [968d325c-530f-4bc5-8752-bd3f3c0aff18:192.168.30.13:43732], old=null at 0
2019-09-26 09:57:21,515 [9d66027e-d252-4dbd-9b93-1b4908d3cfc2@group-CA14A10FBE8D-SegmentedRaftLogWorker] INFO  segmented.SegmentedRaftLogWorker (SegmentedRaftLogWorker.java:execute(569)) - 9d66027e-d252-4dbd-9b93-1b4908d3cfc2@group-CA14A10FBE8D-SegmentedRaftLogWorker: created new log segment /workdir/hadoop-ozone/integration-test/target/test-dir/MiniOzoneClusterImpl-02a89373-ff67-4b13-ad11-60194c127517/datanode-2/data/ratis/e567b4e1-8f96-4fd3-9a81-ca14a10fbe8d/current/log_inprogress_0
2019-09-26 09:57:21,515 [Thread-315] INFO  impl.FollowerState (FollowerState.java:run(106)) - 4c024347-3506-43a2-ab40-8471edec8541:group-991043999F97 changes to CANDIDATE, lastRpcTime:5063, electionTimeout:5027ms
2019-09-26 09:57:21,515 [Thread-315] INFO  impl.RoleInfo (RoleInfo.java:shutdownFollowerState(121)) - 4c024347-3506-43a2-ab40-8471edec8541: shutdown FollowerState
2019-09-26 09:57:21,515 [Thread-315] INFO  impl.RaftServerImpl (RaftServerImpl.java:setRole(174)) - 4c024347-3506-43a2-ab40-8471edec8541@group-991043999F97: changes role from  FOLLOWER to CANDIDATE at term 0 for changeToCandidate
2019-09-26 09:57:21,516 [Thread-315] INFO  impl.RoleInfo (RoleInfo.java:updateAndGet(143)) - 4c024347-3506-43a2-ab40-8471edec8541: start LeaderElection
2019-09-26 09:57:21,527 [968d325c-530f-4bc5-8752-bd3f3c0aff18@group-4FE2405BACB6-SegmentedRaftLogWorker] INFO  segmented.SegmentedRaftLogWorker (SegmentedRaftLogWorker.java:execute(569)) - 968d325c-530f-4bc5-8752-bd3f3c0aff18@group-4FE2405BACB6-SegmentedRaftLogWorker: created new log segment /workdir/hadoop-ozone/integration-test/target/test-dir/MiniOzoneClusterImpl-02a89373-ff67-4b13-ad11-60194c127517/datanode-0/data/ratis/8db4257f-c692-4bb6-a03c-4fe2405bacb6/current/log_inprogress_0
2019-09-26 09:57:21,527 [4c024347-3506-43a2-ab40-8471edec8541@group-991043999F97:LeaderElection24] INFO  impl.LeaderElection (LeaderElection.java:askForVotes(182)) - 4c024347-3506-43a2-ab40-8471edec8541@group-991043999F97:LeaderElection24: begin an election at term 1 for -1: [4c024347-3506-43a2-ab40-8471edec8541:192.168.30.13:39922], old=null
2019-09-26 09:57:21,528 [4c024347-3506-43a2-ab40-8471edec8541@group-991043999F97:LeaderElection24] INFO  impl.RoleInfo (RoleInfo.java:shutdownLeaderElection(134)) - 4c024347-3506-43a2-ab40-8471edec8541: shutdown LeaderElection
2019-09-26 09:57:21,528 [4c024347-3506-43a2-ab40-8471edec8541@group-991043999F97:LeaderElection24] INFO  impl.RaftServerImpl (RaftServerImpl.java:setRole(174)) - 4c024347-3506-43a2-ab40-8471edec8541@group-991043999F97: changes role from CANDIDATE to LEADER at term 1 for changeToLeader
2019-09-26 09:57:21,528 [4c024347-3506-43a2-ab40-8471edec8541@group-991043999F97:LeaderElection24] INFO  impl.RaftServerImpl (ServerState.java:setLeader(253)) - 4c024347-3506-43a2-ab40-8471edec8541@group-991043999F97: change Leader from null to 4c024347-3506-43a2-ab40-8471edec8541 at term 1 for becomeLeader, leader elected after 5095ms
2019-09-26 09:57:21,528 [4c024347-3506-43a2-ab40-8471edec8541@group-991043999F97:LeaderElection24] INFO  server.RaftServerConfigKeys (ConfUtils.java:logGet(43)) - raft.server.staging.catchup.gap = 1000 (default)
2019-09-26 09:57:21,528 [4c024347-3506-43a2-ab40-8471edec8541@group-991043999F97:LeaderElection24] INFO  server.RaftServerConfigKeys (ConfUtils.java:logGet(43)) - raft.server.rpc.sleep.time = 25ms (default)
2019-09-26 09:57:21,528 [4c024347-3506-43a2-ab40-8471edec8541@group-991043999F97:LeaderElection24] INFO  server.RaftServerConfigKeys (ConfUtils.java:logGet(43)) - raft.server.write.element-limit = 4096 (default)
2019-09-26 09:57:21,529 [4c024347-3506-43a2-ab40-8471edec8541@group-991043999F97:LeaderElection24] INFO  server.RaftServerConfigKeys (ConfUtils.java:logGet(43)) - raft.server.watch.timeout = 10s (default)
2019-09-26 09:57:21,529 [4c024347-3506-43a2-ab40-8471edec8541@group-991043999F97:LeaderElection24] INFO  server.RaftServerConfigKeys (ConfUtils.java:logGet(43)) - raft.server.watch.timeout.denomination = 1s (default)
2019-09-26 09:57:21,529 [4c024347-3506-43a2-ab40-8471edec8541@group-991043999F97:LeaderElection24] INFO  server.RaftServerConfigKeys (ConfUtils.java:logGet(43)) - raft.server.watch.element-limit = 65536 (default)
2019-09-26 09:57:21,532 [4c024347-3506-43a2-ab40-8471edec8541@group-991043999F97:LeaderElection24] INFO  impl.RoleInfo (RoleInfo.java:updateAndGet(143)) - 4c024347-3506-43a2-ab40-8471edec8541: start LeaderState
2019-09-26 09:57:21,532 [4c024347-3506-43a2-ab40-8471edec8541@group-991043999F97:LeaderElection24] INFO  segmented.SegmentedRaftLogWorker (SegmentedRaftLogWorker.java:startLogSegment(380)) - 4c024347-3506-43a2-ab40-8471edec8541@group-991043999F97-SegmentedRaftLogWorker: Starting segment from index:0
2019-09-26 09:57:21,533 [4c024347-3506-43a2-ab40-8471edec8541@group-991043999F97:LeaderElection24] INFO  impl.RaftServerImpl (ServerState.java:setRaftConf(354)) - 4c024347-3506-43a2-ab40-8471edec8541@group-991043999F97: set configuration 0: [4c024347-3506-43a2-ab40-8471edec8541:192.168.30.13:39922], old=null at 0
2019-09-26 09:57:21,571 [Thread-321] INFO  impl.FollowerState (FollowerState.java:run(106)) - 62a5622f-7436-420d-b3aa-8ce684692afe:group-E284D42F8C25 changes to CANDIDATE, lastRpcTime:5025, electionTimeout:5023ms
2019-09-26 09:57:21,571 [Thread-321] INFO  impl.RoleInfo (RoleInfo.java:shutdownFollowerState(121)) - 62a5622f-7436-420d-b3aa-8ce684692afe: shutdown FollowerState
2019-09-26 09:57:21,571 [Thread-311] INFO  impl.FollowerState (FollowerState.java:run(106)) - 968d325c-530f-4bc5-8752-bd3f3c0aff18:group-C18131AB023F changes to CANDIDATE, lastRpcTime:5185, electionTimeout:5160ms
2019-09-26 09:57:21,571 [Thread-321] INFO  impl.RaftServerImpl (RaftServerImpl.java:setRole(174)) - 62a5622f-7436-420d-b3aa-8ce684692afe@group-E284D42F8C25: changes role from  FOLLOWER to CANDIDATE at term 0 for changeToCandidate
2019-09-26 09:57:21,571 [Thread-311] INFO  impl.RoleInfo (RoleInfo.java:shutdownFollowerState(121)) - 968d325c-530f-4bc5-8752-bd3f3c0aff18: shutdown FollowerState
2019-09-26 09:57:21,572 [Thread-321] INFO  impl.RoleInfo (RoleInfo.java:updateAndGet(143)) - 62a5622f-7436-420d-b3aa-8ce684692afe: start LeaderElection
2019-09-26 09:57:21,572 [Thread-311] INFO  impl.RaftServerImpl (RaftServerImpl.java:setRole(174)) - 968d325c-530f-4bc5-8752-bd3f3c0aff18@group-C18131AB023F: changes role from  FOLLOWER to CANDIDATE at term 0 for changeToCandidate
2019-09-26 09:57:21,572 [Thread-311] INFO  impl.RoleInfo (RoleInfo.java:updateAndGet(143)) - 968d325c-530f-4bc5-8752-bd3f3c0aff18: start LeaderElection
2019-09-26 09:57:21,584 [4c024347-3506-43a2-ab40-8471edec8541@group-991043999F97-SegmentedRaftLogWorker] INFO  segmented.SegmentedRaftLogWorker (SegmentedRaftLogWorker.java:execute(569)) - 4c024347-3506-43a2-ab40-8471edec8541@group-991043999F97-SegmentedRaftLogWorker: created new log segment /workdir/hadoop-ozone/integration-test/target/test-dir/MiniOzoneClusterImpl-02a89373-ff67-4b13-ad11-60194c127517/datanode-4/data/ratis/51f99ccc-11f5-47ce-af74-991043999f97/current/log_inprogress_0
2019-09-26 09:57:21,584 [62a5622f-7436-420d-b3aa-8ce684692afe@group-E284D42F8C25:LeaderElection25] INFO  impl.LeaderElection (LeaderElection.java:askForVotes(182)) - 62a5622f-7436-420d-b3aa-8ce684692afe@group-E284D42F8C25:LeaderElection25: begin an election at term 1 for -1: [62a5622f-7436-420d-b3aa-8ce684692afe:192.168.30.13:44970], old=null
2019-09-26 09:57:21,584 [968d325c-530f-4bc5-8752-bd3f3c0aff18@group-C18131AB023F:LeaderElection26] INFO  impl.LeaderElection (LeaderElection.java:askForVotes(182)) - 968d325c-530f-4bc5-8752-bd3f3c0aff18@group-C18131AB023F:LeaderElection26: begin an election at term 1 for -1: [968d325c-530f-4bc5-8752-bd3f3c0aff18:192.168.30.13:43732], old=null
2019-09-26 09:57:21,584 [62a5622f-7436-420d-b3aa-8ce684692afe@group-E284D42F8C25:LeaderElection25] INFO  impl.RoleInfo (RoleInfo.java:shutdownLeaderElection(134)) - 62a5622f-7436-420d-b3aa-8ce684692afe: shutdown LeaderElection
2019-09-26 09:57:21,585 [968d325c-530f-4bc5-8752-bd3f3c0aff18@group-C18131AB023F:LeaderElection26] INFO  impl.RoleInfo (RoleInfo.java:shutdownLeaderElection(134)) - 968d325c-530f-4bc5-8752-bd3f3c0aff18: shutdown LeaderElection
2019-09-26 09:57:21,585 [62a5622f-7436-420d-b3aa-8ce684692afe@group-E284D42F8C25:LeaderElection25] INFO  impl.RaftServerImpl (RaftServerImpl.java:setRole(174)) - 62a5622f-7436-420d-b3aa-8ce684692afe@group-E284D42F8C25: changes role from CANDIDATE to LEADER at term 1 for changeToLeader
2019-09-26 09:57:21,585 [968d325c-530f-4bc5-8752-bd3f3c0aff18@group-C18131AB023F:LeaderElection26] INFO  impl.RaftServerImpl (RaftServerImpl.java:setRole(174)) - 968d325c-530f-4bc5-8752-bd3f3c0aff18@group-C18131AB023F: changes role from CANDIDATE to LEADER at term 1 for changeToLeader
2019-09-26 09:57:21,585 [62a5622f-7436-420d-b3aa-8ce684692afe@group-E284D42F8C25:LeaderElection25] INFO  impl.RaftServerImpl (ServerState.java:setLeader(253)) - 62a5622f-7436-420d-b3aa-8ce684692afe@group-E284D42F8C25: change Leader from null to 62a5622f-7436-420d-b3aa-8ce684692afe at term 1 for becomeLeader, leader elected after 5048ms
2019-09-26 09:57:21,585 [968d325c-530f-4bc5-8752-bd3f3c0aff18@group-C18131AB023F:LeaderElection26] INFO  impl.RaftServerImpl (ServerState.java:setLeader(253)) - 968d325c-530f-4bc5-8752-bd3f3c0aff18@group-C18131AB023F: change Leader from null to 968d325c-530f-4bc5-8752-bd3f3c0aff18 at term 1 for becomeLeader, leader elected after 5204ms
2019-09-26 09:57:21,585 [62a5622f-7436-420d-b3aa-8ce684692afe@group-E284D42F8C25:LeaderElection25] INFO  server.RaftServerConfigKeys (ConfUtils.java:logGet(43)) - raft.server.staging.catchup.gap = 1000 (default)
2019-09-26 09:57:21,585 [968d325c-530f-4bc5-8752-bd3f3c0aff18@group-C18131AB023F:LeaderElection26] INFO  server.RaftServerConfigKeys (ConfUtils.java:logGet(43)) - raft.server.staging.catchup.gap = 1000 (default)
2019-09-26 09:57:21,586 [62a5622f-7436-420d-b3aa-8ce684692afe@group-E284D42F8C25:LeaderElection25] INFO  server.RaftServerConfigKeys (ConfUtils.java:logGet(43)) - raft.server.rpc.sleep.time = 25ms (default)
2019-09-26 09:57:21,586 [968d325c-530f-4bc5-8752-bd3f3c0aff18@group-C18131AB023F:LeaderElection26] INFO  server.RaftServerConfigKeys (ConfUtils.java:logGet(43)) - raft.server.rpc.sleep.time = 25ms (default)
2019-09-26 09:57:21,586 [62a5622f-7436-420d-b3aa-8ce684692afe@group-E284D42F8C25:LeaderElection25] INFO  server.RaftServerConfigKeys (ConfUtils.java:logGet(43)) - raft.server.write.element-limit = 4096 (default)
2019-09-26 09:57:21,586 [968d325c-530f-4bc5-8752-bd3f3c0aff18@group-C18131AB023F:LeaderElection26] INFO  server.RaftServerConfigKeys (ConfUtils.java:logGet(43)) - raft.server.write.element-limit = 4096 (default)
2019-09-26 09:57:21,586 [62a5622f-7436-420d-b3aa-8ce684692afe@group-E284D42F8C25:LeaderElection25] INFO  server.RaftServerConfigKeys (ConfUtils.java:logGet(43)) - raft.server.watch.timeout = 10s (default)
2019-09-26 09:57:21,586 [968d325c-530f-4bc5-8752-bd3f3c0aff18@group-C18131AB023F:LeaderElection26] INFO  server.RaftServerConfigKeys (ConfUtils.java:logGet(43)) - raft.server.watch.timeout = 10s (default)
2019-09-26 09:57:21,586 [62a5622f-7436-420d-b3aa-8ce684692afe@group-E284D42F8C25:LeaderElection25] INFO  server.RaftServerConfigKeys (ConfUtils.java:logGet(43)) - raft.server.watch.timeout.denomination = 1s (default)
2019-09-26 09:57:21,587 [968d325c-530f-4bc5-8752-bd3f3c0aff18@group-C18131AB023F:LeaderElection26] INFO  server.RaftServerConfigKeys (ConfUtils.java:logGet(43)) - raft.server.watch.timeout.denomination = 1s (default)
2019-09-26 09:57:21,587 [62a5622f-7436-420d-b3aa-8ce684692afe@group-E284D42F8C25:LeaderElection25] INFO  server.RaftServerConfigKeys (ConfUtils.java:logGet(43)) - raft.server.watch.element-limit = 65536 (default)
2019-09-26 09:57:21,587 [968d325c-530f-4bc5-8752-bd3f3c0aff18@group-C18131AB023F:LeaderElection26] INFO  server.RaftServerConfigKeys (ConfUtils.java:logGet(43)) - raft.server.watch.element-limit = 65536 (default)
2019-09-26 09:57:21,591 [62a5622f-7436-420d-b3aa-8ce684692afe@group-E284D42F8C25:LeaderElection25] INFO  impl.RoleInfo (RoleInfo.java:updateAndGet(143)) - 62a5622f-7436-420d-b3aa-8ce684692afe: start LeaderState
2019-09-26 09:57:21,591 [968d325c-530f-4bc5-8752-bd3f3c0aff18@group-C18131AB023F:LeaderElection26] INFO  impl.RoleInfo (RoleInfo.java:updateAndGet(143)) - 968d325c-530f-4bc5-8752-bd3f3c0aff18: start LeaderState
2019-09-26 09:57:21,591 [62a5622f-7436-420d-b3aa-8ce684692afe@group-E284D42F8C25:LeaderElection25] INFO  segmented.SegmentedRaftLogWorker (SegmentedRaftLogWorker.java:startLogSegment(380)) - 62a5622f-7436-420d-b3aa-8ce684692afe@group-E284D42F8C25-SegmentedRaftLogWorker: Starting segment from index:0
2019-09-26 09:57:21,591 [968d325c-530f-4bc5-8752-bd3f3c0aff18@group-C18131AB023F:LeaderElection26] INFO  segmented.SegmentedRaftLogWorker (SegmentedRaftLogWorker.java:startLogSegment(380)) - 968d325c-530f-4bc5-8752-bd3f3c0aff18@group-C18131AB023F-SegmentedRaftLogWorker: Starting segment from index:0
2019-09-26 09:57:21,592 [62a5622f-7436-420d-b3aa-8ce684692afe@group-E284D42F8C25:LeaderElection25] INFO  impl.RaftServerImpl (ServerState.java:setRaftConf(354)) - 62a5622f-7436-420d-b3aa-8ce684692afe@group-E284D42F8C25: set configuration 0: [62a5622f-7436-420d-b3aa-8ce684692afe:192.168.30.13:44970], old=null at 0
2019-09-26 09:57:21,630 [Thread-318] INFO  impl.FollowerState (FollowerState.java:run(106)) - 9d66027e-d252-4dbd-9b93-1b4908d3cfc2:group-354BD00D2338 changes to CANDIDATE, lastRpcTime:5135, electionTimeout:5115ms
2019-09-26 09:57:21,630 [968d325c-530f-4bc5-8752-bd3f3c0aff18@group-C18131AB023F:LeaderElection26] INFO  impl.RaftServerImpl (ServerState.java:setRaftConf(354)) - 968d325c-530f-4bc5-8752-bd3f3c0aff18@group-C18131AB023F: set configuration 0: [968d325c-530f-4bc5-8752-bd3f3c0aff18:192.168.30.13:43732], old=null at 0
2019-09-26 09:57:21,630 [Thread-318] INFO  impl.RoleInfo (RoleInfo.java:shutdownFollowerState(121)) - 9d66027e-d252-4dbd-9b93-1b4908d3cfc2: shutdown FollowerState
2019-09-26 09:57:21,668 [62a5622f-7436-420d-b3aa-8ce684692afe@group-E284D42F8C25-SegmentedRaftLogWorker] INFO  segmented.SegmentedRaftLogWorker (SegmentedRaftLogWorker.java:execute(569)) - 62a5622f-7436-420d-b3aa-8ce684692afe@group-E284D42F8C25-SegmentedRaftLogWorker: created new log segment /workdir/hadoop-ozone/integration-test/target/test-dir/MiniOzoneClusterImpl-02a89373-ff67-4b13-ad11-60194c127517/datanode-3/data/ratis/78d8816a-9c43-4954-a343-e284d42f8c25/current/log_inprogress_0
2019-09-26 09:57:21,671 [Thread-318] INFO  impl.RaftServerImpl (RaftServerImpl.java:setRole(174)) - 9d66027e-d252-4dbd-9b93-1b4908d3cfc2@group-354BD00D2338: changes role from  FOLLOWER to CANDIDATE at term 0 for changeToCandidate
2019-09-26 09:57:21,671 [Thread-318] INFO  impl.RoleInfo (RoleInfo.java:updateAndGet(143)) - 9d66027e-d252-4dbd-9b93-1b4908d3cfc2: start LeaderElection
2019-09-26 09:57:21,680 [968d325c-530f-4bc5-8752-bd3f3c0aff18@group-C18131AB023F-SegmentedRaftLogWorker] INFO  segmented.SegmentedRaftLogWorker (SegmentedRaftLogWorker.java:execute(569)) - 968d325c-530f-4bc5-8752-bd3f3c0aff18@group-C18131AB023F-SegmentedRaftLogWorker: created new log segment /workdir/hadoop-ozone/integration-test/target/test-dir/MiniOzoneClusterImpl-02a89373-ff67-4b13-ad11-60194c127517/datanode-0/data/ratis/d87cf0d2-78e6-49e3-8718-c18131ab023f/current/log_inprogress_0
2019-09-26 09:57:21,680 [9d66027e-d252-4dbd-9b93-1b4908d3cfc2@group-354BD00D2338:LeaderElection27] INFO  impl.LeaderElection (LeaderElection.java:askForVotes(182)) - 9d66027e-d252-4dbd-9b93-1b4908d3cfc2@group-354BD00D2338:LeaderElection27: begin an election at term 1 for -1: [9d66027e-d252-4dbd-9b93-1b4908d3cfc2:192.168.30.13:37389], old=null
2019-09-26 09:57:21,680 [9d66027e-d252-4dbd-9b93-1b4908d3cfc2@group-354BD00D2338:LeaderElection27] INFO  impl.RoleInfo (RoleInfo.java:shutdownLeaderElection(134)) - 9d66027e-d252-4dbd-9b93-1b4908d3cfc2: shutdown LeaderElection
2019-09-26 09:57:21,680 [9d66027e-d252-4dbd-9b93-1b4908d3cfc2@group-354BD00D2338:LeaderElection27] INFO  impl.RaftServerImpl (RaftServerImpl.java:setRole(174)) - 9d66027e-d252-4dbd-9b93-1b4908d3cfc2@group-354BD00D2338: changes role from CANDIDATE to LEADER at term 1 for changeToLeader
2019-09-26 09:57:21,680 [9d66027e-d252-4dbd-9b93-1b4908d3cfc2@group-354BD00D2338:LeaderElection27] INFO  impl.RaftServerImpl (ServerState.java:setLeader(253)) - 9d66027e-d252-4dbd-9b93-1b4908d3cfc2@group-354BD00D2338: change Leader from null to 9d66027e-d252-4dbd-9b93-1b4908d3cfc2 at term 1 for becomeLeader, leader elected after 5191ms
2019-09-26 09:57:21,680 [9d66027e-d252-4dbd-9b93-1b4908d3cfc2@group-354BD00D2338:LeaderElection27] INFO  server.RaftServerConfigKeys (ConfUtils.java:logGet(43)) - raft.server.staging.catchup.gap = 1000 (default)
2019-09-26 09:57:21,681 [9d66027e-d252-4dbd-9b93-1b4908d3cfc2@group-354BD00D2338:LeaderElection27] INFO  server.RaftServerConfigKeys (ConfUtils.java:logGet(43)) - raft.server.rpc.sleep.time = 25ms (default)
2019-09-26 09:57:21,681 [9d66027e-d252-4dbd-9b93-1b4908d3cfc2@group-354BD00D2338:LeaderElection27] INFO  server.RaftServerConfigKeys (ConfUtils.java:logGet(43)) - raft.server.write.element-limit = 4096 (default)
2019-09-26 09:57:21,681 [9d66027e-d252-4dbd-9b93-1b4908d3cfc2@group-354BD00D2338:LeaderElection27] INFO  server.RaftServerConfigKeys (ConfUtils.java:logGet(43)) - raft.server.watch.timeout = 10s (default)
2019-09-26 09:57:21,681 [9d66027e-d252-4dbd-9b93-1b4908d3cfc2@group-354BD00D2338:LeaderElection27] INFO  server.RaftServerConfigKeys (ConfUtils.java:logGet(43)) - raft.server.watch.timeout.denomination = 1s (default)
2019-09-26 09:57:21,681 [9d66027e-d252-4dbd-9b93-1b4908d3cfc2@group-354BD00D2338:LeaderElection27] INFO  server.RaftServerConfigKeys (ConfUtils.java:logGet(43)) - raft.server.watch.element-limit = 65536 (default)
2019-09-26 09:57:21,684 [9d66027e-d252-4dbd-9b93-1b4908d3cfc2@group-354BD00D2338:LeaderElection27] INFO  impl.RoleInfo (RoleInfo.java:updateAndGet(143)) - 9d66027e-d252-4dbd-9b93-1b4908d3cfc2: start LeaderState
2019-09-26 09:57:21,684 [9d66027e-d252-4dbd-9b93-1b4908d3cfc2@group-354BD00D2338:LeaderElection27] INFO  segmented.SegmentedRaftLogWorker (SegmentedRaftLogWorker.java:startLogSegment(380)) - 9d66027e-d252-4dbd-9b93-1b4908d3cfc2@group-354BD00D2338-SegmentedRaftLogWorker: Starting segment from index:0
2019-09-26 09:57:21,685 [9d66027e-d252-4dbd-9b93-1b4908d3cfc2@group-354BD00D2338:LeaderElection27] INFO  impl.RaftServerImpl (ServerState.java:setRaftConf(354)) - 9d66027e-d252-4dbd-9b93-1b4908d3cfc2@group-354BD00D2338: set configuration 0: [9d66027e-d252-4dbd-9b93-1b4908d3cfc2:192.168.30.13:37389], old=null at 0
2019-09-26 09:57:21,722 [Thread-324] INFO  impl.FollowerState (FollowerState.java:run(106)) - c0fe0384-ccc2-43dc-b812-8c8a482d02e6:group-E5C27A539DD4 changes to CANDIDATE, lastRpcTime:5033, electionTimeout:5011ms
2019-09-26 09:57:21,722 [Thread-324] INFO  impl.RoleInfo (RoleInfo.java:shutdownFollowerState(121)) - c0fe0384-ccc2-43dc-b812-8c8a482d02e6: shutdown FollowerState
2019-09-26 09:57:21,723 [Thread-324] INFO  impl.RaftServerImpl (RaftServerImpl.java:setRole(174)) - c0fe0384-ccc2-43dc-b812-8c8a482d02e6@group-E5C27A539DD4: changes role from  FOLLOWER to CANDIDATE at term 0 for changeToCandidate
2019-09-26 09:57:21,723 [Thread-324] INFO  impl.RoleInfo (RoleInfo.java:updateAndGet(143)) - c0fe0384-ccc2-43dc-b812-8c8a482d02e6: start LeaderElection
2019-09-26 09:57:21,892 [9d66027e-d252-4dbd-9b93-1b4908d3cfc2@group-354BD00D2338-SegmentedRaftLogWorker] INFO  segmented.SegmentedRaftLogWorker (SegmentedRaftLogWorker.java:execute(569)) - 9d66027e-d252-4dbd-9b93-1b4908d3cfc2@group-354BD00D2338-SegmentedRaftLogWorker: created new log segment /workdir/hadoop-ozone/integration-test/target/test-dir/MiniOzoneClusterImpl-02a89373-ff67-4b13-ad11-60194c127517/datanode-2/data/ratis/d3338628-e7d4-4d62-ae2f-354bd00d2338/current/log_inprogress_0
2019-09-26 09:57:21,892 [c0fe0384-ccc2-43dc-b812-8c8a482d02e6@group-E5C27A539DD4:LeaderElection28] INFO  impl.LeaderElection (LeaderElection.java:askForVotes(182)) - c0fe0384-ccc2-43dc-b812-8c8a482d02e6@group-E5C27A539DD4:LeaderElection28: begin an election at term 1 for -1: [c0fe0384-ccc2-43dc-b812-8c8a482d02e6:192.168.30.13:34767], old=null
2019-09-26 09:57:21,893 [c0fe0384-ccc2-43dc-b812-8c8a482d02e6@group-E5C27A539DD4:LeaderElection28] INFO  impl.RoleInfo (RoleInfo.java:shutdownLeaderElection(134)) - c0fe0384-ccc2-43dc-b812-8c8a482d02e6: shutdown LeaderElection
2019-09-26 09:57:21,893 [c0fe0384-ccc2-43dc-b812-8c8a482d02e6@group-E5C27A539DD4:LeaderElection28] INFO  impl.RaftServerImpl (RaftServerImpl.java:setRole(174)) - c0fe0384-ccc2-43dc-b812-8c8a482d02e6@group-E5C27A539DD4: changes role from CANDIDATE to LEADER at term 1 for changeToLeader
2019-09-26 09:57:21,893 [c0fe0384-ccc2-43dc-b812-8c8a482d02e6@group-E5C27A539DD4:LeaderElection28] INFO  impl.RaftServerImpl (ServerState.java:setLeader(253)) - c0fe0384-ccc2-43dc-b812-8c8a482d02e6@group-E5C27A539DD4: change Leader from null to c0fe0384-ccc2-43dc-b812-8c8a482d02e6 at term 1 for becomeLeader, leader elected after 5211ms
2019-09-26 09:57:21,893 [c0fe0384-ccc2-43dc-b812-8c8a482d02e6@group-E5C27A539DD4:LeaderElection28] INFO  server.RaftServerConfigKeys (ConfUtils.java:logGet(43)) - raft.server.staging.catchup.gap = 1000 (default)
2019-09-26 09:57:21,893 [c0fe0384-ccc2-43dc-b812-8c8a482d02e6@group-E5C27A539DD4:LeaderElection28] INFO  server.RaftServerConfigKeys (ConfUtils.java:logGet(43)) - raft.server.rpc.sleep.time = 25ms (default)
2019-09-26 09:57:21,894 [c0fe0384-ccc2-43dc-b812-8c8a482d02e6@group-E5C27A539DD4:LeaderElection28] INFO  server.RaftServerConfigKeys (ConfUtils.java:logGet(43)) - raft.server.write.element-limit = 4096 (default)
2019-09-26 09:57:21,894 [c0fe0384-ccc2-43dc-b812-8c8a482d02e6@group-E5C27A539DD4:LeaderElection28] INFO  server.RaftServerConfigKeys (ConfUtils.java:logGet(43)) - raft.server.watch.timeout = 10s (default)
2019-09-26 09:57:21,894 [c0fe0384-ccc2-43dc-b812-8c8a482d02e6@group-E5C27A539DD4:LeaderElection28] INFO  server.RaftServerConfigKeys (ConfUtils.java:logGet(43)) - raft.server.watch.timeout.denomination = 1s (default)
2019-09-26 09:57:21,894 [c0fe0384-ccc2-43dc-b812-8c8a482d02e6@group-E5C27A539DD4:LeaderElection28] INFO  server.RaftServerConfigKeys (ConfUtils.java:logGet(43)) - raft.server.watch.element-limit = 65536 (default)
2019-09-26 09:57:21,897 [c0fe0384-ccc2-43dc-b812-8c8a482d02e6@group-E5C27A539DD4:LeaderElection28] INFO  impl.RoleInfo (RoleInfo.java:updateAndGet(143)) - c0fe0384-ccc2-43dc-b812-8c8a482d02e6: start LeaderState
2019-09-26 09:57:21,898 [c0fe0384-ccc2-43dc-b812-8c8a482d02e6@group-E5C27A539DD4:LeaderElection28] INFO  segmented.SegmentedRaftLogWorker (SegmentedRaftLogWorker.java:startLogSegment(380)) - c0fe0384-ccc2-43dc-b812-8c8a482d02e6@group-E5C27A539DD4-SegmentedRaftLogWorker: Starting segment from index:0
2019-09-26 09:57:21,898 [c0fe0384-ccc2-43dc-b812-8c8a482d02e6@group-E5C27A539DD4:LeaderElection28] INFO  impl.RaftServerImpl (ServerState.java:setRaftConf(354)) - c0fe0384-ccc2-43dc-b812-8c8a482d02e6@group-E5C27A539DD4: set configuration 0: [c0fe0384-ccc2-43dc-b812-8c8a482d02e6:192.168.30.13:34767], old=null at 0
2019-09-26 09:57:21,946 [c0fe0384-ccc2-43dc-b812-8c8a482d02e6@group-E5C27A539DD4-SegmentedRaftLogWorker] INFO  segmented.SegmentedRaftLogWorker (SegmentedRaftLogWorker.java:execute(569)) - c0fe0384-ccc2-43dc-b812-8c8a482d02e6@group-E5C27A539DD4-SegmentedRaftLogWorker: created new log segment /workdir/hadoop-ozone/integration-test/target/test-dir/MiniOzoneClusterImpl-02a89373-ff67-4b13-ad11-60194c127517/datanode-1/data/ratis/7a09b87d-0db2-4bbe-a238-e5c27a539dd4/current/log_inprogress_0
2019-09-26 09:57:22,107 [Thread-327] INFO  impl.FollowerState (FollowerState.java:run(106)) - 968d325c-530f-4bc5-8752-bd3f3c0aff18:group-D6CF915029F3 changes to CANDIDATE, lastRpcTime:5080, electionTimeout:5080ms
2019-09-26 09:57:22,107 [Thread-327] INFO  impl.RoleInfo (RoleInfo.java:shutdownFollowerState(121)) - 968d325c-530f-4bc5-8752-bd3f3c0aff18: shutdown FollowerState
2019-09-26 09:57:22,108 [Thread-327] INFO  impl.RaftServerImpl (RaftServerImpl.java:setRole(174)) - 968d325c-530f-4bc5-8752-bd3f3c0aff18@group-D6CF915029F3: changes role from  FOLLOWER to CANDIDATE at term 0 for changeToCandidate
2019-09-26 09:57:22,108 [Thread-327] INFO  impl.RoleInfo (RoleInfo.java:updateAndGet(143)) - 968d325c-530f-4bc5-8752-bd3f3c0aff18: start LeaderElection
2019-09-26 09:57:22,117 [968d325c-530f-4bc5-8752-bd3f3c0aff18@group-D6CF915029F3:LeaderElection29] INFO  impl.LeaderElection (LeaderElection.java:askForVotes(182)) - 968d325c-530f-4bc5-8752-bd3f3c0aff18@group-D6CF915029F3:LeaderElection29: begin an election at term 1 for -1: [968d325c-530f-4bc5-8752-bd3f3c0aff18:192.168.30.13:43732], old=null
2019-09-26 09:57:22,117 [968d325c-530f-4bc5-8752-bd3f3c0aff18@group-D6CF915029F3:LeaderElection29] INFO  impl.RoleInfo (RoleInfo.java:shutdownLeaderElection(134)) - 968d325c-530f-4bc5-8752-bd3f3c0aff18: shutdown LeaderElection
2019-09-26 09:57:22,118 [968d325c-530f-4bc5-8752-bd3f3c0aff18@group-D6CF915029F3:LeaderElection29] INFO  impl.RaftServerImpl (RaftServerImpl.java:setRole(174)) - 968d325c-530f-4bc5-8752-bd3f3c0aff18@group-D6CF915029F3: changes role from CANDIDATE to LEADER at term 1 for changeToLeader
2019-09-26 09:57:22,118 [968d325c-530f-4bc5-8752-bd3f3c0aff18@group-D6CF915029F3:LeaderElection29] INFO  impl.RaftServerImpl (ServerState.java:setLeader(253)) - 968d325c-530f-4bc5-8752-bd3f3c0aff18@group-D6CF915029F3: change Leader from null to 968d325c-530f-4bc5-8752-bd3f3c0aff18 at term 1 for becomeLeader, leader elected after 5096ms
2019-09-26 09:57:22,118 [968d325c-530f-4bc5-8752-bd3f3c0aff18@group-D6CF915029F3:LeaderElection29] INFO  server.RaftServerConfigKeys (ConfUtils.java:logGet(43)) - raft.server.staging.catchup.gap = 1000 (default)
2019-09-26 09:57:22,118 [968d325c-530f-4bc5-8752-bd3f3c0aff18@group-D6CF915029F3:LeaderElection29] INFO  server.RaftServerConfigKeys (ConfUtils.java:logGet(43)) - raft.server.rpc.sleep.time = 25ms (default)
2019-09-26 09:57:22,118 [968d325c-530f-4bc5-8752-bd3f3c0aff18@group-D6CF915029F3:LeaderElection29] INFO  server.RaftServerConfigKeys (ConfUtils.java:logGet(43)) - raft.server.write.element-limit = 4096 (default)
2019-09-26 09:57:22,119 [968d325c-530f-4bc5-8752-bd3f3c0aff18@group-D6CF915029F3:LeaderElection29] INFO  server.RaftServerConfigKeys (ConfUtils.java:logGet(43)) - raft.server.watch.timeout = 10s (default)
2019-09-26 09:57:22,119 [968d325c-530f-4bc5-8752-bd3f3c0aff18@group-D6CF915029F3:LeaderElection29] INFO  server.RaftServerConfigKeys (ConfUtils.java:logGet(43)) - raft.server.watch.timeout.denomination = 1s (default)
2019-09-26 09:57:22,119 [968d325c-530f-4bc5-8752-bd3f3c0aff18@group-D6CF915029F3:LeaderElection29] INFO  server.RaftServerConfigKeys (ConfUtils.java:logGet(43)) - raft.server.watch.element-limit = 65536 (default)
2019-09-26 09:57:22,122 [968d325c-530f-4bc5-8752-bd3f3c0aff18@group-D6CF915029F3:LeaderElection29] INFO  impl.RoleInfo (RoleInfo.java:updateAndGet(143)) - 968d325c-530f-4bc5-8752-bd3f3c0aff18: start LeaderState
2019-09-26 09:57:22,122 [968d325c-530f-4bc5-8752-bd3f3c0aff18@group-D6CF915029F3:LeaderElection29] INFO  segmented.SegmentedRaftLogWorker (SegmentedRaftLogWorker.java:startLogSegment(380)) - 968d325c-530f-4bc5-8752-bd3f3c0aff18@group-D6CF915029F3-SegmentedRaftLogWorker: Starting segment from index:0
2019-09-26 09:57:22,123 [968d325c-530f-4bc5-8752-bd3f3c0aff18@group-D6CF915029F3:LeaderElection29] INFO  impl.RaftServerImpl (ServerState.java:setRaftConf(354)) - 968d325c-530f-4bc5-8752-bd3f3c0aff18@group-D6CF915029F3: set configuration 0: [968d325c-530f-4bc5-8752-bd3f3c0aff18:192.168.30.13:43732], old=null at 0
2019-09-26 09:57:22,160 [968d325c-530f-4bc5-8752-bd3f3c0aff18@group-D6CF915029F3-SegmentedRaftLogWorker] INFO  segmented.SegmentedRaftLogWorker (SegmentedRaftLogWorker.java:execute(569)) - 968d325c-530f-4bc5-8752-bd3f3c0aff18@group-D6CF915029F3-SegmentedRaftLogWorker: created new log segment /workdir/hadoop-ozone/integration-test/target/test-dir/MiniOzoneClusterImpl-02a89373-ff67-4b13-ad11-60194c127517/datanode-0/data/ratis/e342d86a-97f0-42e7-92fa-d6cf915029f3/current/log_inprogress_0
2019-09-26 09:57:22,173 [Thread-330] INFO  impl.FollowerState (FollowerState.java:run(106)) - d195cc70-2ea8-4d9b-90c7-21e4a6c9bd0d:group-68C0BAA48A1E changes to CANDIDATE, lastRpcTime:5075, electionTimeout:5075ms
2019-09-26 09:57:22,174 [Thread-330] INFO  impl.RoleInfo (RoleInfo.java:shutdownFollowerState(121)) - d195cc70-2ea8-4d9b-90c7-21e4a6c9bd0d: shutdown FollowerState
2019-09-26 09:57:22,174 [Thread-330] INFO  impl.RaftServerImpl (RaftServerImpl.java:setRole(174)) - d195cc70-2ea8-4d9b-90c7-21e4a6c9bd0d@group-68C0BAA48A1E: changes role from  FOLLOWER to CANDIDATE at term 0 for changeToCandidate
2019-09-26 09:57:22,174 [Thread-330] INFO  impl.RoleInfo (RoleInfo.java:updateAndGet(143)) - d195cc70-2ea8-4d9b-90c7-21e4a6c9bd0d: start LeaderElection
2019-09-26 09:57:22,187 [d195cc70-2ea8-4d9b-90c7-21e4a6c9bd0d@group-68C0BAA48A1E:LeaderElection30] INFO  impl.LeaderElection (LeaderElection.java:askForVotes(182)) - d195cc70-2ea8-4d9b-90c7-21e4a6c9bd0d@group-68C0BAA48A1E:LeaderElection30: begin an election at term 1 for -1: [d195cc70-2ea8-4d9b-90c7-21e4a6c9bd0d:192.168.30.13:39349], old=null
2019-09-26 09:57:22,188 [d195cc70-2ea8-4d9b-90c7-21e4a6c9bd0d@group-68C0BAA48A1E:LeaderElection30] INFO  impl.RoleInfo (RoleInfo.java:shutdownLeaderElection(134)) - d195cc70-2ea8-4d9b-90c7-21e4a6c9bd0d: shutdown LeaderElection
2019-09-26 09:57:22,188 [d195cc70-2ea8-4d9b-90c7-21e4a6c9bd0d@group-68C0BAA48A1E:LeaderElection30] INFO  impl.RaftServerImpl (RaftServerImpl.java:setRole(174)) - d195cc70-2ea8-4d9b-90c7-21e4a6c9bd0d@group-68C0BAA48A1E: changes role from CANDIDATE to LEADER at term 1 for changeToLeader
2019-09-26 09:57:22,188 [d195cc70-2ea8-4d9b-90c7-21e4a6c9bd0d@group-68C0BAA48A1E:LeaderElection30] INFO  impl.RaftServerImpl (ServerState.java:setLeader(253)) - d195cc70-2ea8-4d9b-90c7-21e4a6c9bd0d@group-68C0BAA48A1E: change Leader from null to d195cc70-2ea8-4d9b-90c7-21e4a6c9bd0d at term 1 for becomeLeader, leader elected after 5095ms
2019-09-26 09:57:22,188 [d195cc70-2ea8-4d9b-90c7-21e4a6c9bd0d@group-68C0BAA48A1E:LeaderElection30] INFO  server.RaftServerConfigKeys (ConfUtils.java:logGet(43)) - raft.server.staging.catchup.gap = 1000 (default)
2019-09-26 09:57:22,188 [d195cc70-2ea8-4d9b-90c7-21e4a6c9bd0d@group-68C0BAA48A1E:LeaderElection30] INFO  server.RaftServerConfigKeys (ConfUtils.java:logGet(43)) - raft.server.rpc.sleep.time = 25ms (default)
2019-09-26 09:57:22,188 [d195cc70-2ea8-4d9b-90c7-21e4a6c9bd0d@group-68C0BAA48A1E:LeaderElection30] INFO  server.RaftServerConfigKeys (ConfUtils.java:logGet(43)) - raft.server.write.element-limit = 4096 (default)
2019-09-26 09:57:22,189 [d195cc70-2ea8-4d9b-90c7-21e4a6c9bd0d@group-68C0BAA48A1E:LeaderElection30] INFO  server.RaftServerConfigKeys (ConfUtils.java:logGet(43)) - raft.server.watch.timeout = 10s (default)
2019-09-26 09:57:22,189 [d195cc70-2ea8-4d9b-90c7-21e4a6c9bd0d@group-68C0BAA48A1E:LeaderElection30] INFO  server.RaftServerConfigKeys (ConfUtils.java:logGet(43)) - raft.server.watch.timeout.denomination = 1s (default)
2019-09-26 09:57:22,189 [d195cc70-2ea8-4d9b-90c7-21e4a6c9bd0d@group-68C0BAA48A1E:LeaderElection30] INFO  server.RaftServerConfigKeys (ConfUtils.java:logGet(43)) - raft.server.watch.element-limit = 65536 (default)
2019-09-26 09:57:22,193 [d195cc70-2ea8-4d9b-90c7-21e4a6c9bd0d@group-68C0BAA48A1E:LeaderElection30] INFO  impl.RoleInfo (RoleInfo.java:updateAndGet(143)) - d195cc70-2ea8-4d9b-90c7-21e4a6c9bd0d: start LeaderState
2019-09-26 09:57:22,193 [d195cc70-2ea8-4d9b-90c7-21e4a6c9bd0d@group-68C0BAA48A1E:LeaderElection30] INFO  segmented.SegmentedRaftLogWorker (SegmentedRaftLogWorker.java:startLogSegment(380)) - d195cc70-2ea8-4d9b-90c7-21e4a6c9bd0d@group-68C0BAA48A1E-SegmentedRaftLogWorker: Starting segment from index:0
2019-09-26 09:57:22,194 [d195cc70-2ea8-4d9b-90c7-21e4a6c9bd0d@group-68C0BAA48A1E:LeaderElection30] INFO  impl.RaftServerImpl (ServerState.java:setRaftConf(354)) - d195cc70-2ea8-4d9b-90c7-21e4a6c9bd0d@group-68C0BAA48A1E: set configuration 0: [d195cc70-2ea8-4d9b-90c7-21e4a6c9bd0d:192.168.30.13:39349], old=null at 0
2019-09-26 09:57:22,244 [Thread-333] INFO  impl.FollowerState (FollowerState.java:run(106)) - c0fe0384-ccc2-43dc-b812-8c8a482d02e6:group-CE427548AD90 changes to CANDIDATE, lastRpcTime:5098, electionTimeout:5085ms
2019-09-26 09:57:22,244 [Thread-336] INFO  impl.FollowerState (FollowerState.java:run(106)) - 4c024347-3506-43a2-ab40-8471edec8541:group-351FBBCBDA5E changes to CANDIDATE, lastRpcTime:5046, electionTimeout:5031ms
2019-09-26 09:57:22,245 [Thread-333] INFO  impl.RoleInfo (RoleInfo.java:shutdownFollowerState(121)) - c0fe0384-ccc2-43dc-b812-8c8a482d02e6: shutdown FollowerState
2019-09-26 09:57:22,245 [Thread-333] INFO  impl.RaftServerImpl (RaftServerImpl.java:setRole(174)) - c0fe0384-ccc2-43dc-b812-8c8a482d02e6@group-CE427548AD90: changes role from  FOLLOWER to CANDIDATE at term 0 for changeToCandidate
2019-09-26 09:57:22,245 [Thread-336] INFO  impl.RoleInfo (RoleInfo.java:shutdownFollowerState(121)) - 4c024347-3506-43a2-ab40-8471edec8541: shutdown FollowerState
2019-09-26 09:57:22,245 [Thread-333] INFO  impl.RoleInfo (RoleInfo.java:updateAndGet(143)) - c0fe0384-ccc2-43dc-b812-8c8a482d02e6: start LeaderElection
2019-09-26 09:57:22,245 [Thread-336] INFO  impl.RaftServerImpl (RaftServerImpl.java:setRole(174)) - 4c024347-3506-43a2-ab40-8471edec8541@group-351FBBCBDA5E: changes role from  FOLLOWER to CANDIDATE at term 0 for changeToCandidate
2019-09-26 09:57:22,246 [Thread-336] INFO  impl.RoleInfo (RoleInfo.java:updateAndGet(143)) - 4c024347-3506-43a2-ab40-8471edec8541: start LeaderElection
2019-09-26 09:57:22,282 [d195cc70-2ea8-4d9b-90c7-21e4a6c9bd0d@group-68C0BAA48A1E-SegmentedRaftLogWorker] INFO  segmented.SegmentedRaftLogWorker (SegmentedRaftLogWorker.java:execute(569)) - d195cc70-2ea8-4d9b-90c7-21e4a6c9bd0d@group-68C0BAA48A1E-SegmentedRaftLogWorker: created new log segment /workdir/hadoop-ozone/integration-test/target/test-dir/MiniOzoneClusterImpl-02a89373-ff67-4b13-ad11-60194c127517/datanode-5/data/ratis/83e7ba06-21a2-416f-b9aa-68c0baa48a1e/current/log_inprogress_0
2019-09-26 09:57:22,282 [c0fe0384-ccc2-43dc-b812-8c8a482d02e6@group-CE427548AD90:LeaderElection31] INFO  impl.LeaderElection (LeaderElection.java:askForVotes(182)) - c0fe0384-ccc2-43dc-b812-8c8a482d02e6@group-CE427548AD90:LeaderElection31: begin an election at term 1 for -1: [c0fe0384-ccc2-43dc-b812-8c8a482d02e6:192.168.30.13:34767], old=null
2019-09-26 09:57:22,282 [4c024347-3506-43a2-ab40-8471edec8541@group-351FBBCBDA5E:LeaderElection32] INFO  impl.LeaderElection (LeaderElection.java:askForVotes(182)) - 4c024347-3506-43a2-ab40-8471edec8541@group-351FBBCBDA5E:LeaderElection32: begin an election at term 1 for -1: [4c024347-3506-43a2-ab40-8471edec8541:192.168.30.13:39922], old=null
2019-09-26 09:57:22,282 [c0fe0384-ccc2-43dc-b812-8c8a482d02e6@group-CE427548AD90:LeaderElection31] INFO  impl.RoleInfo (RoleInfo.java:shutdownLeaderElection(134)) - c0fe0384-ccc2-43dc-b812-8c8a482d02e6: shutdown LeaderElection
2019-09-26 09:57:22,282 [4c024347-3506-43a2-ab40-8471edec8541@group-351FBBCBDA5E:LeaderElection32] INFO  impl.RoleInfo (RoleInfo.java:shutdownLeaderElection(134)) - 4c024347-3506-43a2-ab40-8471edec8541: shutdown LeaderElection
2019-09-26 09:57:22,282 [c0fe0384-ccc2-43dc-b812-8c8a482d02e6@group-CE427548AD90:LeaderElection31] INFO  impl.RaftServerImpl (RaftServerImpl.java:setRole(174)) - c0fe0384-ccc2-43dc-b812-8c8a482d02e6@group-CE427548AD90: changes role from CANDIDATE to LEADER at term 1 for changeToLeader
2019-09-26 09:57:22,283 [4c024347-3506-43a2-ab40-8471edec8541@group-351FBBCBDA5E:LeaderElection32] INFO  impl.RaftServerImpl (RaftServerImpl.java:setRole(174)) - 4c024347-3506-43a2-ab40-8471edec8541@group-351FBBCBDA5E: changes role from CANDIDATE to LEADER at term 1 for changeToLeader
2019-09-26 09:57:22,283 [c0fe0384-ccc2-43dc-b812-8c8a482d02e6@group-CE427548AD90:LeaderElection31] INFO  impl.RaftServerImpl (ServerState.java:setLeader(253)) - c0fe0384-ccc2-43dc-b812-8c8a482d02e6@group-CE427548AD90: change Leader from null to c0fe0384-ccc2-43dc-b812-8c8a482d02e6 at term 1 for becomeLeader, leader elected after 5142ms
2019-09-26 09:57:22,283 [4c024347-3506-43a2-ab40-8471edec8541@group-351FBBCBDA5E:LeaderElection32] INFO  impl.RaftServerImpl (ServerState.java:setLeader(253)) - 4c024347-3506-43a2-ab40-8471edec8541@group-351FBBCBDA5E: change Leader from null to 4c024347-3506-43a2-ab40-8471edec8541 at term 1 for becomeLeader, leader elected after 5091ms
2019-09-26 09:57:22,283 [c0fe0384-ccc2-43dc-b812-8c8a482d02e6@group-CE427548AD90:LeaderElection31] INFO  server.RaftServerConfigKeys (ConfUtils.java:logGet(43)) - raft.server.staging.catchup.gap = 1000 (default)
2019-09-26 09:57:22,283 [c0fe0384-ccc2-43dc-b812-8c8a482d02e6@group-CE427548AD90:LeaderElection31] INFO  server.RaftServerConfigKeys (ConfUtils.java:logGet(43)) - raft.server.rpc.sleep.time = 25ms (default)
2019-09-26 09:57:22,283 [4c024347-3506-43a2-ab40-8471edec8541@group-351FBBCBDA5E:LeaderElection32] INFO  server.RaftServerConfigKeys (ConfUtils.java:logGet(43)) - raft.server.staging.catchup.gap = 1000 (default)
2019-09-26 09:57:22,283 [c0fe0384-ccc2-43dc-b812-8c8a482d02e6@group-CE427548AD90:LeaderElection31] INFO  server.RaftServerConfigKeys (ConfUtils.java:logGet(43)) - raft.server.write.element-limit = 4096 (default)
2019-09-26 09:57:22,284 [4c024347-3506-43a2-ab40-8471edec8541@group-351FBBCBDA5E:LeaderElection32] INFO  server.RaftServerConfigKeys (ConfUtils.java:logGet(43)) - raft.server.rpc.sleep.time = 25ms (default)
2019-09-26 09:57:22,284 [c0fe0384-ccc2-43dc-b812-8c8a482d02e6@group-CE427548AD90:LeaderElection31] INFO  server.RaftServerConfigKeys (ConfUtils.java:logGet(43)) - raft.server.watch.timeout = 10s (default)
2019-09-26 09:57:22,284 [4c024347-3506-43a2-ab40-8471edec8541@group-351FBBCBDA5E:LeaderElection32] INFO  server.RaftServerConfigKeys (ConfUtils.java:logGet(43)) - raft.server.write.element-limit = 4096 (default)
2019-09-26 09:57:22,284 [c0fe0384-ccc2-43dc-b812-8c8a482d02e6@group-CE427548AD90:LeaderElection31] INFO  server.RaftServerConfigKeys (ConfUtils.java:logGet(43)) - raft.server.watch.timeout.denomination = 1s (default)
2019-09-26 09:57:22,284 [4c024347-3506-43a2-ab40-8471edec8541@group-351FBBCBDA5E:LeaderElection32] INFO  server.RaftServerConfigKeys (ConfUtils.java:logGet(43)) - raft.server.watch.timeout = 10s (default)
2019-09-26 09:57:22,284 [c0fe0384-ccc2-43dc-b812-8c8a482d02e6@group-CE427548AD90:LeaderElection31] INFO  server.RaftServerConfigKeys (ConfUtils.java:logGet(43)) - raft.server.watch.element-limit = 65536 (default)
2019-09-26 09:57:22,284 [4c024347-3506-43a2-ab40-8471edec8541@group-351FBBCBDA5E:LeaderElection32] INFO  server.RaftServerConfigKeys (ConfUtils.java:logGet(43)) - raft.server.watch.timeout.denomination = 1s (default)
2019-09-26 09:57:22,285 [4c024347-3506-43a2-ab40-8471edec8541@group-351FBBCBDA5E:LeaderElection32] INFO  server.RaftServerConfigKeys (ConfUtils.java:logGet(43)) - raft.server.watch.element-limit = 65536 (default)
2019-09-26 09:57:22,287 [c0fe0384-ccc2-43dc-b812-8c8a482d02e6@group-CE427548AD90:LeaderElection31] INFO  impl.RoleInfo (RoleInfo.java:updateAndGet(143)) - c0fe0384-ccc2-43dc-b812-8c8a482d02e6: start LeaderState
2019-09-26 09:57:22,287 [c0fe0384-ccc2-43dc-b812-8c8a482d02e6@group-CE427548AD90:LeaderElection31] INFO  segmented.SegmentedRaftLogWorker (SegmentedRaftLogWorker.java:startLogSegment(380)) - c0fe0384-ccc2-43dc-b812-8c8a482d02e6@group-CE427548AD90-SegmentedRaftLogWorker: Starting segment from index:0
2019-09-26 09:57:22,288 [c0fe0384-ccc2-43dc-b812-8c8a482d02e6@group-CE427548AD90:LeaderElection31] INFO  impl.RaftServerImpl (ServerState.java:setRaftConf(354)) - c0fe0384-ccc2-43dc-b812-8c8a482d02e6@group-CE427548AD90: set configuration 0: [c0fe0384-ccc2-43dc-b812-8c8a482d02e6:192.168.30.13:34767], old=null at 0
2019-09-26 09:57:22,324 [4c024347-3506-43a2-ab40-8471edec8541@group-351FBBCBDA5E:LeaderElection32] INFO  impl.RoleInfo (RoleInfo.java:updateAndGet(143)) - 4c024347-3506-43a2-ab40-8471edec8541: start LeaderState
2019-09-26 09:57:22,325 [4c024347-3506-43a2-ab40-8471edec8541@group-351FBBCBDA5E:LeaderElection32] INFO  segmented.SegmentedRaftLogWorker (SegmentedRaftLogWorker.java:startLogSegment(380)) - 4c024347-3506-43a2-ab40-8471edec8541@group-351FBBCBDA5E-SegmentedRaftLogWorker: Starting segment from index:0
2019-09-26 09:57:22,325 [4c024347-3506-43a2-ab40-8471edec8541@group-351FBBCBDA5E:LeaderElection32] INFO  impl.RaftServerImpl (ServerState.java:setRaftConf(354)) - 4c024347-3506-43a2-ab40-8471edec8541@group-351FBBCBDA5E: set configuration 0: [4c024347-3506-43a2-ab40-8471edec8541:192.168.30.13:39922], old=null at 0
2019-09-26 09:57:22,360 [c0fe0384-ccc2-43dc-b812-8c8a482d02e6@group-CE427548AD90-SegmentedRaftLogWorker] INFO  segmented.SegmentedRaftLogWorker (SegmentedRaftLogWorker.java:execute(569)) - c0fe0384-ccc2-43dc-b812-8c8a482d02e6@group-CE427548AD90-SegmentedRaftLogWorker: created new log segment /workdir/hadoop-ozone/integration-test/target/test-dir/MiniOzoneClusterImpl-02a89373-ff67-4b13-ad11-60194c127517/datanode-1/data/ratis/d3223ef6-1c67-4fda-b3c7-ce427548ad90/current/log_inprogress_0
2019-09-26 09:57:22,365 [4c024347-3506-43a2-ab40-8471edec8541@group-351FBBCBDA5E-SegmentedRaftLogWorker] INFO  segmented.SegmentedRaftLogWorker (SegmentedRaftLogWorker.java:execute(569)) - 4c024347-3506-43a2-ab40-8471edec8541@group-351FBBCBDA5E-SegmentedRaftLogWorker: created new log segment /workdir/hadoop-ozone/integration-test/target/test-dir/MiniOzoneClusterImpl-02a89373-ff67-4b13-ad11-60194c127517/datanode-4/data/ratis/f51c0472-6e70-496d-953f-351fbbcbda5e/current/log_inprogress_0
2019-09-26 09:57:22,388 [Thread-342] INFO  impl.FollowerState (FollowerState.java:run(106)) - 968d325c-530f-4bc5-8752-bd3f3c0aff18:group-BB20B3982AD3 changes to CANDIDATE, lastRpcTime:5081, electionTimeout:5081ms
2019-09-26 09:57:22,389 [Thread-342] INFO  impl.RoleInfo (RoleInfo.java:shutdownFollowerState(121)) - 968d325c-530f-4bc5-8752-bd3f3c0aff18: shutdown FollowerState
2019-09-26 09:57:22,389 [Thread-342] INFO  impl.RaftServerImpl (RaftServerImpl.java:setRole(174)) - 968d325c-530f-4bc5-8752-bd3f3c0aff18@group-BB20B3982AD3: changes role from  FOLLOWER to CANDIDATE at term 0 for changeToCandidate
2019-09-26 09:57:22,389 [Thread-342] INFO  impl.RoleInfo (RoleInfo.java:updateAndGet(143)) - 968d325c-530f-4bc5-8752-bd3f3c0aff18: start LeaderElection
2019-09-26 09:57:22,407 [968d325c-530f-4bc5-8752-bd3f3c0aff18@group-BB20B3982AD3:LeaderElection33] INFO  impl.LeaderElection (LeaderElection.java:askForVotes(182)) - 968d325c-530f-4bc5-8752-bd3f3c0aff18@group-BB20B3982AD3:LeaderElection33: begin an election at term 1 for -1: [968d325c-530f-4bc5-8752-bd3f3c0aff18:192.168.30.13:43732], old=null
2019-09-26 09:57:22,407 [968d325c-530f-4bc5-8752-bd3f3c0aff18@group-BB20B3982AD3:LeaderElection33] INFO  impl.RoleInfo (RoleInfo.java:shutdownLeaderElection(134)) - 968d325c-530f-4bc5-8752-bd3f3c0aff18: shutdown LeaderElection
2019-09-26 09:57:22,407 [968d325c-530f-4bc5-8752-bd3f3c0aff18@group-BB20B3982AD3:LeaderElection33] INFO  impl.RaftServerImpl (RaftServerImpl.java:setRole(174)) - 968d325c-530f-4bc5-8752-bd3f3c0aff18@group-BB20B3982AD3: changes role from CANDIDATE to LEADER at term 1 for changeToLeader
2019-09-26 09:57:22,408 [968d325c-530f-4bc5-8752-bd3f3c0aff18@group-BB20B3982AD3:LeaderElection33] INFO  impl.RaftServerImpl (ServerState.java:setLeader(253)) - 968d325c-530f-4bc5-8752-bd3f3c0aff18@group-BB20B3982AD3: change Leader from null to 968d325c-530f-4bc5-8752-bd3f3c0aff18 at term 1 for becomeLeader, leader elected after 5105ms
2019-09-26 09:57:22,408 [968d325c-530f-4bc5-8752-bd3f3c0aff18@group-BB20B3982AD3:LeaderElection33] INFO  server.RaftServerConfigKeys (ConfUtils.java:logGet(43)) - raft.server.staging.catchup.gap = 1000 (default)
2019-09-26 09:57:22,408 [968d325c-530f-4bc5-8752-bd3f3c0aff18@group-BB20B3982AD3:LeaderElection33] INFO  server.RaftServerConfigKeys (ConfUtils.java:logGet(43)) - raft.server.rpc.sleep.time = 25ms (default)
2019-09-26 09:57:22,408 [968d325c-530f-4bc5-8752-bd3f3c0aff18@group-BB20B3982AD3:LeaderElection33] INFO  server.RaftServerConfigKeys (ConfUtils.java:logGet(43)) - raft.server.write.element-limit = 4096 (default)
2019-09-26 09:57:22,408 [968d325c-530f-4bc5-8752-bd3f3c0aff18@group-BB20B3982AD3:LeaderElection33] INFO  server.RaftServerConfigKeys (ConfUtils.java:logGet(43)) - raft.server.watch.timeout = 10s (default)
2019-09-26 09:57:22,408 [968d325c-530f-4bc5-8752-bd3f3c0aff18@group-BB20B3982AD3:LeaderElection33] INFO  server.RaftServerConfigKeys (ConfUtils.java:logGet(43)) - raft.server.watch.timeout.denomination = 1s (default)
2019-09-26 09:57:22,409 [968d325c-530f-4bc5-8752-bd3f3c0aff18@group-BB20B3982AD3:LeaderElection33] INFO  server.RaftServerConfigKeys (ConfUtils.java:logGet(43)) - raft.server.watch.element-limit = 65536 (default)
2019-09-26 09:57:22,411 [968d325c-530f-4bc5-8752-bd3f3c0aff18@group-BB20B3982AD3:LeaderElection33] INFO  impl.RoleInfo (RoleInfo.java:updateAndGet(143)) - 968d325c-530f-4bc5-8752-bd3f3c0aff18: start LeaderState
2019-09-26 09:57:22,412 [968d325c-530f-4bc5-8752-bd3f3c0aff18@group-BB20B3982AD3:LeaderElection33] INFO  segmented.SegmentedRaftLogWorker (SegmentedRaftLogWorker.java:startLogSegment(380)) - 968d325c-530f-4bc5-8752-bd3f3c0aff18@group-BB20B3982AD3-SegmentedRaftLogWorker: Starting segment from index:0
2019-09-26 09:57:22,412 [968d325c-530f-4bc5-8752-bd3f3c0aff18@group-BB20B3982AD3:LeaderElection33] INFO  impl.RaftServerImpl (ServerState.java:setRaftConf(354)) - 968d325c-530f-4bc5-8752-bd3f3c0aff18@group-BB20B3982AD3: set configuration 0: [968d325c-530f-4bc5-8752-bd3f3c0aff18:192.168.30.13:43732], old=null at 0
2019-09-26 09:57:22,451 [Thread-345] INFO  impl.FollowerState (FollowerState.java:run(106)) - 4dfbf8da-55b7-40f3-96c3-7d511fd42a11:group-2DAEB5B40F8A changes to CANDIDATE, lastRpcTime:5109, electionTimeout:5078ms
2019-09-26 09:57:22,451 [Thread-339] INFO  impl.FollowerState (FollowerState.java:run(106)) - 4dfbf8da-55b7-40f3-96c3-7d511fd42a11:group-19BDBE166664 changes to CANDIDATE, lastRpcTime:5184, electionTimeout:5184ms
2019-09-26 09:57:22,451 [Thread-345] INFO  impl.RoleInfo (RoleInfo.java:shutdownFollowerState(121)) - 4dfbf8da-55b7-40f3-96c3-7d511fd42a11: shutdown FollowerState
2019-09-26 09:57:22,451 [Thread-339] INFO  impl.RoleInfo (RoleInfo.java:shutdownFollowerState(121)) - 4dfbf8da-55b7-40f3-96c3-7d511fd42a11: shutdown FollowerState
2019-09-26 09:57:22,451 [Thread-345] INFO  impl.RaftServerImpl (RaftServerImpl.java:setRole(174)) - 4dfbf8da-55b7-40f3-96c3-7d511fd42a11@group-2DAEB5B40F8A: changes role from  FOLLOWER to CANDIDATE at term 0 for changeToCandidate
2019-09-26 09:57:22,451 [Thread-339] INFO  impl.RaftServerImpl (RaftServerImpl.java:setRole(174)) - 4dfbf8da-55b7-40f3-96c3-7d511fd42a11@group-19BDBE166664: changes role from  FOLLOWER to CANDIDATE at term 0 for changeToCandidate
2019-09-26 09:57:22,452 [Thread-345] INFO  impl.RoleInfo (RoleInfo.java:updateAndGet(143)) - 4dfbf8da-55b7-40f3-96c3-7d511fd42a11: start LeaderElection
2019-09-26 09:57:22,452 [Thread-339] INFO  impl.RoleInfo (RoleInfo.java:updateAndGet(143)) - 4dfbf8da-55b7-40f3-96c3-7d511fd42a11: start LeaderElection
2019-09-26 09:57:22,471 [EventQueue-StaleNodeForStaleNodeHandler] INFO  node.StaleNodeHandler (StaleNodeHandler.java:onMessage(58)) - Datanode c0fe0384-ccc2-43dc-b812-8c8a482d02e6{ip: 192.168.30.13, host: pr-hdds-1569-wvzgm-824869521, networkLocation: /default-rack, certSerialId: null} moved to stale state. Finalizing its pipelines [PipelineID=96d0c727-f14a-44f8-8de3-ed0fb5762f4f, PipelineID=d3223ef6-1c67-4fda-b3c7-ce427548ad90, PipelineID=7a09b87d-0db2-4bbe-a238-e5c27a539dd4, PipelineID=9c1adfa7-3cf4-4532-a4f0-7c7175c8695e, PipelineID=04cfbc57-e9af-4113-aa5e-136f63ccfa45, PipelineID=9151133d-1f43-47e7-bc79-ce2d3cf835c9]
2019-09-26 09:57:22,471 [968d325c-530f-4bc5-8752-bd3f3c0aff18@group-BB20B3982AD3-SegmentedRaftLogWorker] INFO  segmented.SegmentedRaftLogWorker (SegmentedRaftLogWorker.java:execute(569)) - 968d325c-530f-4bc5-8752-bd3f3c0aff18@group-BB20B3982AD3-SegmentedRaftLogWorker: created new log segment /workdir/hadoop-ozone/integration-test/target/test-dir/MiniOzoneClusterImpl-02a89373-ff67-4b13-ad11-60194c127517/datanode-0/data/ratis/8fb3fa4e-3478-4527-b26b-bb20b3982ad3/current/log_inprogress_0
2019-09-26 09:57:22,471 [4dfbf8da-55b7-40f3-96c3-7d511fd42a11@group-19BDBE166664:LeaderElection35] INFO  impl.LeaderElection (LeaderElection.java:askForVotes(182)) - 4dfbf8da-55b7-40f3-96c3-7d511fd42a11@group-19BDBE166664:LeaderElection35: begin an election at term 1 for -1: [4dfbf8da-55b7-40f3-96c3-7d511fd42a11:192.168.30.13:46234], old=null
2019-09-26 09:57:22,471 [4dfbf8da-55b7-40f3-96c3-7d511fd42a11@group-2DAEB5B40F8A:LeaderElection34] INFO  impl.LeaderElection (LeaderElection.java:askForVotes(182)) - 4dfbf8da-55b7-40f3-96c3-7d511fd42a11@group-2DAEB5B40F8A:LeaderElection34: begin an election at term 1 for -1: [4dfbf8da-55b7-40f3-96c3-7d511fd42a11:192.168.30.13:46234], old=null
2019-09-26 09:57:22,474 [4dfbf8da-55b7-40f3-96c3-7d511fd42a11@group-19BDBE166664:LeaderElection35] INFO  impl.RoleInfo (RoleInfo.java:shutdownLeaderElection(134)) - 4dfbf8da-55b7-40f3-96c3-7d511fd42a11: shutdown LeaderElection
2019-09-26 09:57:22,471 [EventQueue-StaleNodeForStaleNodeHandler] INFO  pipeline.SCMPipelineManager (SCMPipelineManager.java:finalizeAndDestroyPipeline(316)) - destroying pipeline:Pipeline[ Id: 96d0c727-f14a-44f8-8de3-ed0fb5762f4f, Nodes: c0fe0384-ccc2-43dc-b812-8c8a482d02e6{ip: 192.168.30.13, host: pr-hdds-1569-wvzgm-824869521, networkLocation: /default-rack, certSerialId: null}, Type:RATIS, Factor:ONE, State:OPEN]
2019-09-26 09:57:22,474 [4dfbf8da-55b7-40f3-96c3-7d511fd42a11@group-19BDBE166664:LeaderElection35] INFO  impl.RaftServerImpl (RaftServerImpl.java:setRole(174)) - 4dfbf8da-55b7-40f3-96c3-7d511fd42a11@group-19BDBE166664: changes role from CANDIDATE to LEADER at term 1 for changeToLeader
2019-09-26 09:57:22,474 [4dfbf8da-55b7-40f3-96c3-7d511fd42a11@group-19BDBE166664:LeaderElection35] INFO  impl.RaftServerImpl (ServerState.java:setLeader(253)) - 4dfbf8da-55b7-40f3-96c3-7d511fd42a11@group-19BDBE166664: change Leader from null to 4dfbf8da-55b7-40f3-96c3-7d511fd42a11 at term 1 for becomeLeader, leader elected after 5220ms
2019-09-26 09:57:22,474 [4dfbf8da-55b7-40f3-96c3-7d511fd42a11@group-2DAEB5B40F8A:LeaderElection34] INFO  impl.RoleInfo (RoleInfo.java:shutdownLeaderElection(134)) - 4dfbf8da-55b7-40f3-96c3-7d511fd42a11: shutdown LeaderElection
2019-09-26 09:57:22,477 [4dfbf8da-55b7-40f3-96c3-7d511fd42a11@group-19BDBE166664:LeaderElection35] INFO  server.RaftServerConfigKeys (ConfUtils.java:logGet(43)) - raft.server.staging.catchup.gap = 1000 (default)
2019-09-26 09:57:22,477 [4dfbf8da-55b7-40f3-96c3-7d511fd42a11@group-2DAEB5B40F8A:LeaderElection34] INFO  impl.RaftServerImpl (RaftServerImpl.java:setRole(174)) - 4dfbf8da-55b7-40f3-96c3-7d511fd42a11@group-2DAEB5B40F8A: changes role from CANDIDATE to LEADER at term 1 for changeToLeader
2019-09-26 09:57:22,477 [4dfbf8da-55b7-40f3-96c3-7d511fd42a11@group-2DAEB5B40F8A:LeaderElection34] INFO  impl.RaftServerImpl (ServerState.java:setLeader(253)) - 4dfbf8da-55b7-40f3-96c3-7d511fd42a11@group-2DAEB5B40F8A: change Leader from null to 4dfbf8da-55b7-40f3-96c3-7d511fd42a11 at term 1 for becomeLeader, leader elected after 5142ms
2019-09-26 09:57:22,477 [4dfbf8da-55b7-40f3-96c3-7d511fd42a11@group-19BDBE166664:LeaderElection35] INFO  server.RaftServerConfigKeys (ConfUtils.java:logGet(43)) - raft.server.rpc.sleep.time = 25ms (default)
2019-09-26 09:57:22,477 [4dfbf8da-55b7-40f3-96c3-7d511fd42a11@group-2DAEB5B40F8A:LeaderElection34] INFO  server.RaftServerConfigKeys (ConfUtils.java:logGet(43)) - raft.server.staging.catchup.gap = 1000 (default)
2019-09-26 09:57:22,478 [4dfbf8da-55b7-40f3-96c3-7d511fd42a11@group-19BDBE166664:LeaderElection35] INFO  server.RaftServerConfigKeys (ConfUtils.java:logGet(43)) - raft.server.write.element-limit = 4096 (default)
2019-09-26 09:57:22,478 [4dfbf8da-55b7-40f3-96c3-7d511fd42a11@group-2DAEB5B40F8A:LeaderElection34] INFO  server.RaftServerConfigKeys (ConfUtils.java:logGet(43)) - raft.server.rpc.sleep.time = 25ms (default)
2019-09-26 09:57:22,478 [4dfbf8da-55b7-40f3-96c3-7d511fd42a11@group-19BDBE166664:LeaderElection35] INFO  server.RaftServerConfigKeys (ConfUtils.java:logGet(43)) - raft.server.watch.timeout = 10s (default)
2019-09-26 09:57:22,478 [4dfbf8da-55b7-40f3-96c3-7d511fd42a11@group-2DAEB5B40F8A:LeaderElection34] INFO  server.RaftServerConfigKeys (ConfUtils.java:logGet(43)) - raft.server.write.element-limit = 4096 (default)
2019-09-26 09:57:22,478 [4dfbf8da-55b7-40f3-96c3-7d511fd42a11@group-19BDBE166664:LeaderElection35] INFO  server.RaftServerConfigKeys (ConfUtils.java:logGet(43)) - raft.server.watch.timeout.denomination = 1s (default)
2019-09-26 09:57:22,478 [4dfbf8da-55b7-40f3-96c3-7d511fd42a11@group-2DAEB5B40F8A:LeaderElection34] INFO  server.RaftServerConfigKeys (ConfUtils.java:logGet(43)) - raft.server.watch.timeout = 10s (default)
2019-09-26 09:57:22,479 [4dfbf8da-55b7-40f3-96c3-7d511fd42a11@group-19BDBE166664:LeaderElection35] INFO  server.RaftServerConfigKeys (ConfUtils.java:logGet(43)) - raft.server.watch.element-limit = 65536 (default)
2019-09-26 09:57:22,479 [4dfbf8da-55b7-40f3-96c3-7d511fd42a11@group-2DAEB5B40F8A:LeaderElection34] INFO  server.RaftServerConfigKeys (ConfUtils.java:logGet(43)) - raft.server.watch.timeout.denomination = 1s (default)
2019-09-26 09:57:22,479 [4dfbf8da-55b7-40f3-96c3-7d511fd42a11@group-2DAEB5B40F8A:LeaderElection34] INFO  server.RaftServerConfigKeys (ConfUtils.java:logGet(43)) - raft.server.watch.element-limit = 65536 (default)
2019-09-26 09:57:22,481 [Thread-349] INFO  impl.FollowerState (FollowerState.java:run(106)) - d195cc70-2ea8-4d9b-90c7-21e4a6c9bd0d:group-79D50B39D669 changes to CANDIDATE, lastRpcTime:5085, electionTimeout:5085ms
2019-09-26 09:57:22,481 [Thread-349] INFO  impl.RoleInfo (RoleInfo.java:shutdownFollowerState(121)) - d195cc70-2ea8-4d9b-90c7-21e4a6c9bd0d: shutdown FollowerState
2019-09-26 09:57:22,481 [EventQueue-StaleNodeForStaleNodeHandler] INFO  pipeline.PipelineStateManager (PipelineStateManager.java:finalizePipeline(123)) - Pipeline Pipeline[ Id: 96d0c727-f14a-44f8-8de3-ed0fb5762f4f, Nodes: c0fe0384-ccc2-43dc-b812-8c8a482d02e6{ip: 192.168.30.13, host: pr-hdds-1569-wvzgm-824869521, networkLocation: /default-rack, certSerialId: null}, Type:RATIS, Factor:ONE, State:CLOSED] moved to CLOSED state
2019-09-26 09:57:22,482 [Thread-349] INFO  impl.RaftServerImpl (RaftServerImpl.java:setRole(174)) - d195cc70-2ea8-4d9b-90c7-21e4a6c9bd0d@group-79D50B39D669: changes role from  FOLLOWER to CANDIDATE at term 0 for changeToCandidate
2019-09-26 09:57:22,482 [Thread-349] INFO  impl.RoleInfo (RoleInfo.java:updateAndGet(143)) - d195cc70-2ea8-4d9b-90c7-21e4a6c9bd0d: start LeaderElection
2019-09-26 09:57:22,485 [EventQueue-StaleNodeForStaleNodeHandler] INFO  pipeline.SCMPipelineManager (SCMPipelineManager.java:finalizeAndDestroyPipeline(316)) - destroying pipeline:Pipeline[ Id: d3223ef6-1c67-4fda-b3c7-ce427548ad90, Nodes: c0fe0384-ccc2-43dc-b812-8c8a482d02e6{ip: 192.168.30.13, host: pr-hdds-1569-wvzgm-824869521, networkLocation: /default-rack, certSerialId: null}, Type:RATIS, Factor:ONE, State:OPEN]
2019-09-26 09:57:22,485 [EventQueue-StaleNodeForStaleNodeHandler] INFO  pipeline.PipelineStateManager (PipelineStateManager.java:finalizePipeline(123)) - Pipeline Pipeline[ Id: d3223ef6-1c67-4fda-b3c7-ce427548ad90, Nodes: c0fe0384-ccc2-43dc-b812-8c8a482d02e6{ip: 192.168.30.13, host: pr-hdds-1569-wvzgm-824869521, networkLocation: /default-rack, certSerialId: null}, Type:RATIS, Factor:ONE, State:CLOSED] moved to CLOSED state
2019-09-26 09:57:22,486 [4dfbf8da-55b7-40f3-96c3-7d511fd42a11@group-19BDBE166664:LeaderElection35] INFO  impl.RoleInfo (RoleInfo.java:updateAndGet(143)) - 4dfbf8da-55b7-40f3-96c3-7d511fd42a11: start LeaderState
2019-09-26 09:57:22,486 [EventQueue-StaleNodeForStaleNodeHandler] INFO  pipeline.SCMPipelineManager (SCMPipelineManager.java:finalizeAndDestroyPipeline(316)) - destroying pipeline:Pipeline[ Id: 7a09b87d-0db2-4bbe-a238-e5c27a539dd4, Nodes: c0fe0384-ccc2-43dc-b812-8c8a482d02e6{ip: 192.168.30.13, host: pr-hdds-1569-wvzgm-824869521, networkLocation: /default-rack, certSerialId: null}, Type:RATIS, Factor:ONE, State:OPEN]
2019-09-26 09:57:22,486 [4dfbf8da-55b7-40f3-96c3-7d511fd42a11@group-19BDBE166664:LeaderElection35] INFO  segmented.SegmentedRaftLogWorker (SegmentedRaftLogWorker.java:startLogSegment(380)) - 4dfbf8da-55b7-40f3-96c3-7d511fd42a11@group-19BDBE166664-SegmentedRaftLogWorker: Starting segment from index:0
2019-09-26 09:57:22,486 [EventQueue-StaleNodeForStaleNodeHandler] INFO  pipeline.PipelineStateManager (PipelineStateManager.java:finalizePipeline(123)) - Pipeline Pipeline[ Id: 7a09b87d-0db2-4bbe-a238-e5c27a539dd4, Nodes: c0fe0384-ccc2-43dc-b812-8c8a482d02e6{ip: 192.168.30.13, host: pr-hdds-1569-wvzgm-824869521, networkLocation: /default-rack, certSerialId: null}, Type:RATIS, Factor:ONE, State:CLOSED] moved to CLOSED state
2019-09-26 09:57:22,486 [4dfbf8da-55b7-40f3-96c3-7d511fd42a11@group-2DAEB5B40F8A:LeaderElection34] INFO  impl.RoleInfo (RoleInfo.java:updateAndGet(143)) - 4dfbf8da-55b7-40f3-96c3-7d511fd42a11: start LeaderState
2019-09-26 09:57:22,486 [4dfbf8da-55b7-40f3-96c3-7d511fd42a11@group-19BDBE166664:LeaderElection35] INFO  impl.RaftServerImpl (ServerState.java:setRaftConf(354)) - 4dfbf8da-55b7-40f3-96c3-7d511fd42a11@group-19BDBE166664: set configuration 0: [4dfbf8da-55b7-40f3-96c3-7d511fd42a11:192.168.30.13:46234], old=null at 0
2019-09-26 09:57:22,487 [EventQueue-StaleNodeForStaleNodeHandler] INFO  pipeline.SCMPipelineManager (SCMPipelineManager.java:finalizeAndDestroyPipeline(316)) - destroying pipeline:Pipeline[ Id: 9c1adfa7-3cf4-4532-a4f0-7c7175c8695e, Nodes: c0fe0384-ccc2-43dc-b812-8c8a482d02e6{ip: 192.168.30.13, host: pr-hdds-1569-wvzgm-824869521, networkLocation: /default-rack, certSerialId: null}, Type:RATIS, Factor:ONE, State:OPEN]
2019-09-26 09:57:22,523 [4dfbf8da-55b7-40f3-96c3-7d511fd42a11@group-2DAEB5B40F8A:LeaderElection34] INFO  segmented.SegmentedRaftLogWorker (SegmentedRaftLogWorker.java:startLogSegment(380)) - 4dfbf8da-55b7-40f3-96c3-7d511fd42a11@group-2DAEB5B40F8A-SegmentedRaftLogWorker: Starting segment from index:0
2019-09-26 09:57:22,523 [EventQueue-StaleNodeForStaleNodeHandler] INFO  pipeline.PipelineStateManager (PipelineStateManager.java:finalizePipeline(123)) - Pipeline Pipeline[ Id: 9c1adfa7-3cf4-4532-a4f0-7c7175c8695e, Nodes: c0fe0384-ccc2-43dc-b812-8c8a482d02e6{ip: 192.168.30.13, host: pr-hdds-1569-wvzgm-824869521, networkLocation: /default-rack, certSerialId: null}, Type:RATIS, Factor:ONE, State:CLOSED] moved to CLOSED state
2019-09-26 09:57:22,523 [d195cc70-2ea8-4d9b-90c7-21e4a6c9bd0d@group-79D50B39D669:LeaderElection36] INFO  impl.LeaderElection (LeaderElection.java:askForVotes(182)) - d195cc70-2ea8-4d9b-90c7-21e4a6c9bd0d@group-79D50B39D669:LeaderElection36: begin an election at term 1 for -1: [d195cc70-2ea8-4d9b-90c7-21e4a6c9bd0d:192.168.30.13:39349], old=null
2019-09-26 09:57:22,524 [EventQueue-StaleNodeForStaleNodeHandler] INFO  pipeline.SCMPipelineManager (SCMPipelineManager.java:finalizeAndDestroyPipeline(316)) - destroying pipeline:Pipeline[ Id: 04cfbc57-e9af-4113-aa5e-136f63ccfa45, Nodes: c0fe0384-ccc2-43dc-b812-8c8a482d02e6{ip: 192.168.30.13, host: pr-hdds-1569-wvzgm-824869521, networkLocation: /default-rack, certSerialId: null}, Type:RATIS, Factor:ONE, State:OPEN]
2019-09-26 09:57:22,524 [4dfbf8da-55b7-40f3-96c3-7d511fd42a11@group-2DAEB5B40F8A:LeaderElection34] INFO  impl.RaftServerImpl (ServerState.java:setRaftConf(354)) - 4dfbf8da-55b7-40f3-96c3-7d511fd42a11@group-2DAEB5B40F8A: set configuration 0: [4dfbf8da-55b7-40f3-96c3-7d511fd42a11:192.168.30.13:46234], old=null at 0
2019-09-26 09:57:22,524 [d195cc70-2ea8-4d9b-90c7-21e4a6c9bd0d@group-79D50B39D669:LeaderElection36] INFO  impl.RoleInfo (RoleInfo.java:shutdownLeaderElection(134)) - d195cc70-2ea8-4d9b-90c7-21e4a6c9bd0d: shutdown LeaderElection
2019-09-26 09:57:22,560 [4dfbf8da-55b7-40f3-96c3-7d511fd42a11@group-19BDBE166664-SegmentedRaftLogWorker] INFO  segmented.SegmentedRaftLogWorker (SegmentedRaftLogWorker.java:execute(569)) - 4dfbf8da-55b7-40f3-96c3-7d511fd42a11@group-19BDBE166664-SegmentedRaftLogWorker: created new log segment /workdir/hadoop-ozone/integration-test/target/test-dir/MiniOzoneClusterImpl-02a89373-ff67-4b13-ad11-60194c127517/datanode-6/data/ratis/37c2a295-cf22-44e7-9389-19bdbe166664/current/log_inprogress_0
2019-09-26 09:57:22,524 [EventQueue-StaleNodeForStaleNodeHandler] INFO  pipeline.PipelineStateManager (PipelineStateManager.java:finalizePipeline(123)) - Pipeline Pipeline[ Id: 04cfbc57-e9af-4113-aa5e-136f63ccfa45, Nodes: c0fe0384-ccc2-43dc-b812-8c8a482d02e6{ip: 192.168.30.13, host: pr-hdds-1569-wvzgm-824869521, networkLocation: /default-rack, certSerialId: null}, Type:RATIS, Factor:ONE, State:CLOSED] moved to CLOSED state
2019-09-26 09:57:22,560 [d195cc70-2ea8-4d9b-90c7-21e4a6c9bd0d@group-79D50B39D669:LeaderElection36] INFO  impl.RaftServerImpl (RaftServerImpl.java:setRole(174)) - d195cc70-2ea8-4d9b-90c7-21e4a6c9bd0d@group-79D50B39D669: changes role from CANDIDATE to LEADER at term 1 for changeToLeader
2019-09-26 09:57:22,560 [EventQueue-StaleNodeForStaleNodeHandler] INFO  pipeline.SCMPipelineManager (SCMPipelineManager.java:finalizeAndDestroyPipeline(316)) - destroying pipeline:Pipeline[ Id: 9151133d-1f43-47e7-bc79-ce2d3cf835c9, Nodes: c0fe0384-ccc2-43dc-b812-8c8a482d02e6{ip: 192.168.30.13, host: pr-hdds-1569-wvzgm-824869521, networkLocation: /default-rack, certSerialId: null}, Type:RATIS, Factor:ONE, State:OPEN]
2019-09-26 09:57:22,560 [d195cc70-2ea8-4d9b-90c7-21e4a6c9bd0d@group-79D50B39D669:LeaderElection36] INFO  impl.RaftServerImpl (ServerState.java:setLeader(253)) - d195cc70-2ea8-4d9b-90c7-21e4a6c9bd0d@group-79D50B39D669: change Leader from null to d195cc70-2ea8-4d9b-90c7-21e4a6c9bd0d at term 1 for becomeLeader, leader elected after 5170ms
2019-09-26 09:57:22,561 [EventQueue-StaleNodeForStaleNodeHandler] INFO  pipeline.PipelineStateManager (PipelineStateManager.java:finalizePipeline(123)) - Pipeline Pipeline[ Id: 9151133d-1f43-47e7-bc79-ce2d3cf835c9, Nodes: c0fe0384-ccc2-43dc-b812-8c8a482d02e6{ip: 192.168.30.13, host: pr-hdds-1569-wvzgm-824869521, networkLocation: /default-rack, certSerialId: null}, Type:RATIS, Factor:ONE, State:CLOSED] moved to CLOSED state
2019-09-26 09:57:22,561 [d195cc70-2ea8-4d9b-90c7-21e4a6c9bd0d@group-79D50B39D669:LeaderElection36] INFO  server.RaftServerConfigKeys (ConfUtils.java:logGet(43)) - raft.server.staging.catchup.gap = 1000 (default)
2019-09-26 09:57:22,561 [d195cc70-2ea8-4d9b-90c7-21e4a6c9bd0d@group-79D50B39D669:LeaderElection36] INFO  server.RaftServerConfigKeys (ConfUtils.java:logGet(43)) - raft.server.rpc.sleep.time = 25ms (default)
2019-09-26 09:57:22,561 [d195cc70-2ea8-4d9b-90c7-21e4a6c9bd0d@group-79D50B39D669:LeaderElection36] INFO  server.RaftServerConfigKeys (ConfUtils.java:logGet(43)) - raft.server.write.element-limit = 4096 (default)
2019-09-26 09:57:22,562 [d195cc70-2ea8-4d9b-90c7-21e4a6c9bd0d@group-79D50B39D669:LeaderElection36] INFO  server.RaftServerConfigKeys (ConfUtils.java:logGet(43)) - raft.server.watch.timeout = 10s (default)
2019-09-26 09:57:22,562 [d195cc70-2ea8-4d9b-90c7-21e4a6c9bd0d@group-79D50B39D669:LeaderElection36] INFO  server.RaftServerConfigKeys (ConfUtils.java:logGet(43)) - raft.server.watch.timeout.denomination = 1s (default)
2019-09-26 09:57:22,562 [d195cc70-2ea8-4d9b-90c7-21e4a6c9bd0d@group-79D50B39D669:LeaderElection36] INFO  server.RaftServerConfigKeys (ConfUtils.java:logGet(43)) - raft.server.watch.element-limit = 65536 (default)
2019-09-26 09:57:22,565 [d195cc70-2ea8-4d9b-90c7-21e4a6c9bd0d@group-79D50B39D669:LeaderElection36] INFO  impl.RoleInfo (RoleInfo.java:updateAndGet(143)) - d195cc70-2ea8-4d9b-90c7-21e4a6c9bd0d: start LeaderState
2019-09-26 09:57:22,566 [d195cc70-2ea8-4d9b-90c7-21e4a6c9bd0d@group-79D50B39D669:LeaderElection36] INFO  segmented.SegmentedRaftLogWorker (SegmentedRaftLogWorker.java:startLogSegment(380)) - d195cc70-2ea8-4d9b-90c7-21e4a6c9bd0d@group-79D50B39D669-SegmentedRaftLogWorker: Starting segment from index:0
2019-09-26 09:57:22,566 [d195cc70-2ea8-4d9b-90c7-21e4a6c9bd0d@group-79D50B39D669:LeaderElection36] INFO  impl.RaftServerImpl (ServerState.java:setRaftConf(354)) - d195cc70-2ea8-4d9b-90c7-21e4a6c9bd0d@group-79D50B39D669: set configuration 0: [d195cc70-2ea8-4d9b-90c7-21e4a6c9bd0d:192.168.30.13:39349], old=null at 0
2019-09-26 09:57:22,608 [Thread-355] INFO  impl.FollowerState (FollowerState.java:run(106)) - d195cc70-2ea8-4d9b-90c7-21e4a6c9bd0d:group-03C426CCD4EA changes to CANDIDATE, lastRpcTime:5126, electionTimeout:5124ms
2019-09-26 09:57:22,608 [4dfbf8da-55b7-40f3-96c3-7d511fd42a11@group-2DAEB5B40F8A-SegmentedRaftLogWorker] INFO  segmented.SegmentedRaftLogWorker (SegmentedRaftLogWorker.java:execute(569)) - 4dfbf8da-55b7-40f3-96c3-7d511fd42a11@group-2DAEB5B40F8A-SegmentedRaftLogWorker: created new log segment /workdir/hadoop-ozone/integration-test/target/test-dir/MiniOzoneClusterImpl-02a89373-ff67-4b13-ad11-60194c127517/datanode-6/data/ratis/dff39866-a67c-48ab-8769-2daeb5b40f8a/current/log_inprogress_0
2019-09-26 09:57:22,608 [Thread-355] INFO  impl.RoleInfo (RoleInfo.java:shutdownFollowerState(121)) - d195cc70-2ea8-4d9b-90c7-21e4a6c9bd0d: shutdown FollowerState
2019-09-26 09:57:22,608 [Thread-355] INFO  impl.RaftServerImpl (RaftServerImpl.java:setRole(174)) - d195cc70-2ea8-4d9b-90c7-21e4a6c9bd0d@group-03C426CCD4EA: changes role from  FOLLOWER to CANDIDATE at term 0 for changeToCandidate
2019-09-26 09:57:22,609 [Thread-355] INFO  impl.RoleInfo (RoleInfo.java:updateAndGet(143)) - d195cc70-2ea8-4d9b-90c7-21e4a6c9bd0d: start LeaderElection
2019-09-26 09:57:22,624 [d195cc70-2ea8-4d9b-90c7-21e4a6c9bd0d@group-79D50B39D669-SegmentedRaftLogWorker] INFO  segmented.SegmentedRaftLogWorker (SegmentedRaftLogWorker.java:execute(569)) - d195cc70-2ea8-4d9b-90c7-21e4a6c9bd0d@group-79D50B39D669-SegmentedRaftLogWorker: created new log segment /workdir/hadoop-ozone/integration-test/target/test-dir/MiniOzoneClusterImpl-02a89373-ff67-4b13-ad11-60194c127517/datanode-5/data/ratis/31aa9638-aaa9-44e7-a03f-79d50b39d669/current/log_inprogress_0
2019-09-26 09:57:22,625 [d195cc70-2ea8-4d9b-90c7-21e4a6c9bd0d@group-03C426CCD4EA:LeaderElection37] INFO  impl.LeaderElection (LeaderElection.java:askForVotes(182)) - d195cc70-2ea8-4d9b-90c7-21e4a6c9bd0d@group-03C426CCD4EA:LeaderElection37: begin an election at term 1 for -1: [d195cc70-2ea8-4d9b-90c7-21e4a6c9bd0d:192.168.30.13:39349], old=null
2019-09-26 09:57:22,625 [d195cc70-2ea8-4d9b-90c7-21e4a6c9bd0d@group-03C426CCD4EA:LeaderElection37] INFO  impl.RoleInfo (RoleInfo.java:shutdownLeaderElection(134)) - d195cc70-2ea8-4d9b-90c7-21e4a6c9bd0d: shutdown LeaderElection
2019-09-26 09:57:22,625 [d195cc70-2ea8-4d9b-90c7-21e4a6c9bd0d@group-03C426CCD4EA:LeaderElection37] INFO  impl.RaftServerImpl (RaftServerImpl.java:setRole(174)) - d195cc70-2ea8-4d9b-90c7-21e4a6c9bd0d@group-03C426CCD4EA: changes role from CANDIDATE to LEADER at term 1 for changeToLeader
2019-09-26 09:57:22,625 [d195cc70-2ea8-4d9b-90c7-21e4a6c9bd0d@group-03C426CCD4EA:LeaderElection37] INFO  impl.RaftServerImpl (ServerState.java:setLeader(253)) - d195cc70-2ea8-4d9b-90c7-21e4a6c9bd0d@group-03C426CCD4EA: change Leader from null to d195cc70-2ea8-4d9b-90c7-21e4a6c9bd0d at term 1 for becomeLeader, leader elected after 5149ms
2019-09-26 09:57:22,625 [d195cc70-2ea8-4d9b-90c7-21e4a6c9bd0d@group-03C426CCD4EA:LeaderElection37] INFO  server.RaftServerConfigKeys (ConfUtils.java:logGet(43)) - raft.server.staging.catchup.gap = 1000 (default)
2019-09-26 09:57:22,626 [d195cc70-2ea8-4d9b-90c7-21e4a6c9bd0d@group-03C426CCD4EA:LeaderElection37] INFO  server.RaftServerConfigKeys (ConfUtils.java:logGet(43)) - raft.server.rpc.sleep.time = 25ms (default)
2019-09-26 09:57:22,626 [d195cc70-2ea8-4d9b-90c7-21e4a6c9bd0d@group-03C426CCD4EA:LeaderElection37] INFO  server.RaftServerConfigKeys (ConfUtils.java:logGet(43)) - raft.server.write.element-limit = 4096 (default)
2019-09-26 09:57:22,626 [d195cc70-2ea8-4d9b-90c7-21e4a6c9bd0d@group-03C426CCD4EA:LeaderElection37] INFO  server.RaftServerConfigKeys (ConfUtils.java:logGet(43)) - raft.server.watch.timeout = 10s (default)
2019-09-26 09:57:22,626 [d195cc70-2ea8-4d9b-90c7-21e4a6c9bd0d@group-03C426CCD4EA:LeaderElection37] INFO  server.RaftServerConfigKeys (ConfUtils.java:logGet(43)) - raft.server.watch.timeout.denomination = 1s (default)
2019-09-26 09:57:22,626 [d195cc70-2ea8-4d9b-90c7-21e4a6c9bd0d@group-03C426CCD4EA:LeaderElection37] INFO  server.RaftServerConfigKeys (ConfUtils.java:logGet(43)) - raft.server.watch.element-limit = 65536 (default)
2019-09-26 09:57:22,628 [Thread-352] INFO  impl.FollowerState (FollowerState.java:run(106)) - d195cc70-2ea8-4d9b-90c7-21e4a6c9bd0d:group-A98BC6075B1D changes to CANDIDATE, lastRpcTime:5194, electionTimeout:5194ms
2019-09-26 09:57:22,628 [Thread-352] INFO  impl.RoleInfo (RoleInfo.java:shutdownFollowerState(121)) - d195cc70-2ea8-4d9b-90c7-21e4a6c9bd0d: shutdown FollowerState
2019-09-26 09:57:22,628 [Thread-352] INFO  impl.RaftServerImpl (RaftServerImpl.java:setRole(174)) - d195cc70-2ea8-4d9b-90c7-21e4a6c9bd0d@group-A98BC6075B1D: changes role from  FOLLOWER to CANDIDATE at term 0 for changeToCandidate
2019-09-26 09:57:22,629 [Thread-352] INFO  impl.RoleInfo (RoleInfo.java:updateAndGet(143)) - d195cc70-2ea8-4d9b-90c7-21e4a6c9bd0d: start LeaderElection
2019-09-26 09:57:22,632 [d195cc70-2ea8-4d9b-90c7-21e4a6c9bd0d@group-03C426CCD4EA:LeaderElection37] INFO  impl.RoleInfo (RoleInfo.java:updateAndGet(143)) - d195cc70-2ea8-4d9b-90c7-21e4a6c9bd0d: start LeaderState
2019-09-26 09:57:22,632 [d195cc70-2ea8-4d9b-90c7-21e4a6c9bd0d@group-03C426CCD4EA:LeaderElection37] INFO  segmented.SegmentedRaftLogWorker (SegmentedRaftLogWorker.java:startLogSegment(380)) - d195cc70-2ea8-4d9b-90c7-21e4a6c9bd0d@group-03C426CCD4EA-SegmentedRaftLogWorker: Starting segment from index:0
2019-09-26 09:57:22,633 [d195cc70-2ea8-4d9b-90c7-21e4a6c9bd0d@group-03C426CCD4EA:LeaderElection37] INFO  impl.RaftServerImpl (ServerState.java:setRaftConf(354)) - d195cc70-2ea8-4d9b-90c7-21e4a6c9bd0d@group-03C426CCD4EA: set configuration 0: [d195cc70-2ea8-4d9b-90c7-21e4a6c9bd0d:192.168.30.13:39349], old=null at 0
2019-09-26 09:57:22,671 [d195cc70-2ea8-4d9b-90c7-21e4a6c9bd0d@group-A98BC6075B1D:LeaderElection38] INFO  impl.LeaderElection (LeaderElection.java:askForVotes(182)) - d195cc70-2ea8-4d9b-90c7-21e4a6c9bd0d@group-A98BC6075B1D:LeaderElection38: begin an election at term 1 for -1: [d195cc70-2ea8-4d9b-90c7-21e4a6c9bd0d:192.168.30.13:39349], old=null
2019-09-26 09:57:22,671 [d195cc70-2ea8-4d9b-90c7-21e4a6c9bd0d@group-A98BC6075B1D:LeaderElection38] INFO  impl.RoleInfo (RoleInfo.java:shutdownLeaderElection(134)) - d195cc70-2ea8-4d9b-90c7-21e4a6c9bd0d: shutdown LeaderElection
2019-09-26 09:57:22,671 [d195cc70-2ea8-4d9b-90c7-21e4a6c9bd0d@group-A98BC6075B1D:LeaderElection38] INFO  impl.RaftServerImpl (RaftServerImpl.java:setRole(174)) - d195cc70-2ea8-4d9b-90c7-21e4a6c9bd0d@group-A98BC6075B1D: changes role from CANDIDATE to LEADER at term 1 for changeToLeader
2019-09-26 09:57:22,672 [d195cc70-2ea8-4d9b-90c7-21e4a6c9bd0d@group-A98BC6075B1D:LeaderElection38] INFO  impl.RaftServerImpl (ServerState.java:setLeader(253)) - d195cc70-2ea8-4d9b-90c7-21e4a6c9bd0d@group-A98BC6075B1D: change Leader from null to d195cc70-2ea8-4d9b-90c7-21e4a6c9bd0d at term 1 for becomeLeader, leader elected after 5242ms
2019-09-26 09:57:22,672 [d195cc70-2ea8-4d9b-90c7-21e4a6c9bd0d@group-A98BC6075B1D:LeaderElection38] INFO  server.RaftServerConfigKeys (ConfUtils.java:logGet(43)) - raft.server.staging.catchup.gap = 1000 (default)
2019-09-26 09:57:22,672 [d195cc70-2ea8-4d9b-90c7-21e4a6c9bd0d@group-A98BC6075B1D:LeaderElection38] INFO  server.RaftServerConfigKeys (ConfUtils.java:logGet(43)) - raft.server.rpc.sleep.time = 25ms (default)
2019-09-26 09:57:22,672 [d195cc70-2ea8-4d9b-90c7-21e4a6c9bd0d@group-A98BC6075B1D:LeaderElection38] INFO  server.RaftServerConfigKeys (ConfUtils.java:logGet(43)) - raft.server.write.element-limit = 4096 (default)
2019-09-26 09:57:22,672 [d195cc70-2ea8-4d9b-90c7-21e4a6c9bd0d@group-A98BC6075B1D:LeaderElection38] INFO  server.RaftServerConfigKeys (ConfUtils.java:logGet(43)) - raft.server.watch.timeout = 10s (default)
2019-09-26 09:57:22,673 [d195cc70-2ea8-4d9b-90c7-21e4a6c9bd0d@group-A98BC6075B1D:LeaderElection38] INFO  server.RaftServerConfigKeys (ConfUtils.java:logGet(43)) - raft.server.watch.timeout.denomination = 1s (default)
2019-09-26 09:57:22,673 [d195cc70-2ea8-4d9b-90c7-21e4a6c9bd0d@group-A98BC6075B1D:LeaderElection38] INFO  server.RaftServerConfigKeys (ConfUtils.java:logGet(43)) - raft.server.watch.element-limit = 65536 (default)
2019-09-26 09:57:22,676 [d195cc70-2ea8-4d9b-90c7-21e4a6c9bd0d@group-A98BC6075B1D:LeaderElection38] INFO  impl.RoleInfo (RoleInfo.java:updateAndGet(143)) - d195cc70-2ea8-4d9b-90c7-21e4a6c9bd0d: start LeaderState
2019-09-26 09:57:22,676 [d195cc70-2ea8-4d9b-90c7-21e4a6c9bd0d@group-A98BC6075B1D:LeaderElection38] INFO  segmented.SegmentedRaftLogWorker (SegmentedRaftLogWorker.java:startLogSegment(380)) - d195cc70-2ea8-4d9b-90c7-21e4a6c9bd0d@group-A98BC6075B1D-SegmentedRaftLogWorker: Starting segment from index:0
2019-09-26 09:57:22,677 [d195cc70-2ea8-4d9b-90c7-21e4a6c9bd0d@group-A98BC6075B1D:LeaderElection38] INFO  impl.RaftServerImpl (ServerState.java:setRaftConf(354)) - d195cc70-2ea8-4d9b-90c7-21e4a6c9bd0d@group-A98BC6075B1D: set configuration 0: [d195cc70-2ea8-4d9b-90c7-21e4a6c9bd0d:192.168.30.13:39349], old=null at 0
2019-09-26 09:57:22,718 [d195cc70-2ea8-4d9b-90c7-21e4a6c9bd0d@group-03C426CCD4EA-SegmentedRaftLogWorker] INFO  segmented.SegmentedRaftLogWorker (SegmentedRaftLogWorker.java:execute(569)) - d195cc70-2ea8-4d9b-90c7-21e4a6c9bd0d@group-03C426CCD4EA-SegmentedRaftLogWorker: created new log segment /workdir/hadoop-ozone/integration-test/target/test-dir/MiniOzoneClusterImpl-02a89373-ff67-4b13-ad11-60194c127517/datanode-5/data/ratis/38cc1dd0-a8a9-4432-861e-03c426ccd4ea/current/log_inprogress_0
2019-09-26 09:57:22,718 [EventQueue-StaleNodeForStaleNodeHandler] INFO  node.StaleNodeHandler (StaleNodeHandler.java:onMessage(58)) - Datanode 4c024347-3506-43a2-ab40-8471edec8541{ip: 192.168.30.13, host: pr-hdds-1569-wvzgm-824869521, networkLocation: /default-rack, certSerialId: null} moved to stale state. Finalizing its pipelines [PipelineID=0caaece3-3029-4d82-ad6e-3629294787f3, PipelineID=fdce0690-fae4-4a85-86bc-31f597cc07b9, PipelineID=51f99ccc-11f5-47ce-af74-991043999f97, PipelineID=f51c0472-6e70-496d-953f-351fbbcbda5e, PipelineID=8cfa03a0-5fca-4b71-ab2d-5f02e4f4c487, PipelineID=59832bd9-88aa-40e7-b292-ebeba1842b35]
2019-09-26 09:57:22,718 [EventQueue-StaleNodeForStaleNodeHandler] INFO  pipeline.SCMPipelineManager (SCMPipelineManager.java:finalizeAndDestroyPipeline(316)) - destroying pipeline:Pipeline[ Id: 0caaece3-3029-4d82-ad6e-3629294787f3, Nodes: 4c024347-3506-43a2-ab40-8471edec8541{ip: 192.168.30.13, host: pr-hdds-1569-wvzgm-824869521, networkLocation: /default-rack, certSerialId: null}, Type:RATIS, Factor:ONE, State:OPEN]
2019-09-26 09:57:22,718 [EventQueue-StaleNodeForStaleNodeHandler] INFO  pipeline.PipelineStateManager (PipelineStateManager.java:finalizePipeline(123)) - Pipeline Pipeline[ Id: 0caaece3-3029-4d82-ad6e-3629294787f3, Nodes: 4c024347-3506-43a2-ab40-8471edec8541{ip: 192.168.30.13, host: pr-hdds-1569-wvzgm-824869521, networkLocation: /default-rack, certSerialId: null}, Type:RATIS, Factor:ONE, State:CLOSED] moved to CLOSED state
2019-09-26 09:57:22,719 [EventQueue-StaleNodeForStaleNodeHandler] INFO  pipeline.SCMPipelineManager (SCMPipelineManager.java:finalizeAndDestroyPipeline(316)) - destroying pipeline:Pipeline[ Id: fdce0690-fae4-4a85-86bc-31f597cc07b9, Nodes: 4c024347-3506-43a2-ab40-8471edec8541{ip: 192.168.30.13, host: pr-hdds-1569-wvzgm-824869521, networkLocation: /default-rack, certSerialId: null}, Type:RATIS, Factor:ONE, State:OPEN]
2019-09-26 09:57:22,719 [EventQueue-StaleNodeForStaleNodeHandler] INFO  pipeline.PipelineStateManager (PipelineStateManager.java:finalizePipeline(123)) - Pipeline Pipeline[ Id: fdce0690-fae4-4a85-86bc-31f597cc07b9, Nodes: 4c024347-3506-43a2-ab40-8471edec8541{ip: 192.168.30.13, host: pr-hdds-1569-wvzgm-824869521, networkLocation: /default-rack, certSerialId: null}, Type:RATIS, Factor:ONE, State:CLOSED] moved to CLOSED state
2019-09-26 09:57:22,719 [EventQueue-StaleNodeForStaleNodeHandler] INFO  pipeline.SCMPipelineManager (SCMPipelineManager.java:finalizeAndDestroyPipeline(316)) - destroying pipeline:Pipeline[ Id: 51f99ccc-11f5-47ce-af74-991043999f97, Nodes: 4c024347-3506-43a2-ab40-8471edec8541{ip: 192.168.30.13, host: pr-hdds-1569-wvzgm-824869521, networkLocation: /default-rack, certSerialId: null}, Type:RATIS, Factor:ONE, State:OPEN]
2019-09-26 09:57:22,720 [EventQueue-StaleNodeForStaleNodeHandler] INFO  pipeline.PipelineStateManager (PipelineStateManager.java:finalizePipeline(123)) - Pipeline Pipeline[ Id: 51f99ccc-11f5-47ce-af74-991043999f97, Nodes: 4c024347-3506-43a2-ab40-8471edec8541{ip: 192.168.30.13, host: pr-hdds-1569-wvzgm-824869521, networkLocation: /default-rack, certSerialId: null}, Type:RATIS, Factor:ONE, State:CLOSED] moved to CLOSED state
2019-09-26 09:57:22,720 [EventQueue-StaleNodeForStaleNodeHandler] INFO  pipeline.SCMPipelineManager (SCMPipelineManager.java:finalizeAndDestroyPipeline(316)) - destroying pipeline:Pipeline[ Id: f51c0472-6e70-496d-953f-351fbbcbda5e, Nodes: 4c024347-3506-43a2-ab40-8471edec8541{ip: 192.168.30.13, host: pr-hdds-1569-wvzgm-824869521, networkLocation: /default-rack, certSerialId: null}, Type:RATIS, Factor:ONE, State:OPEN]
2019-09-26 09:57:22,720 [EventQueue-StaleNodeForStaleNodeHandler] INFO  pipeline.PipelineStateManager (PipelineStateManager.java:finalizePipeline(123)) - Pipeline Pipeline[ Id: f51c0472-6e70-496d-953f-351fbbcbda5e, Nodes: 4c024347-3506-43a2-ab40-8471edec8541{ip: 192.168.30.13, host: pr-hdds-1569-wvzgm-824869521, networkLocation: /default-rack, certSerialId: null}, Type:RATIS, Factor:ONE, State:CLOSED] moved to CLOSED state
2019-09-26 09:57:22,721 [EventQueue-StaleNodeForStaleNodeHandler] INFO  pipeline.SCMPipelineManager (SCMPipelineManager.java:finalizeAndDestroyPipeline(316)) - destroying pipeline:Pipeline[ Id: 8cfa03a0-5fca-4b71-ab2d-5f02e4f4c487, Nodes: 4c024347-3506-43a2-ab40-8471edec8541{ip: 192.168.30.13, host: pr-hdds-1569-wvzgm-824869521, networkLocation: /default-rack, certSerialId: null}, Type:RATIS, Factor:ONE, State:OPEN]
2019-09-26 09:57:22,721 [EventQueue-StaleNodeForStaleNodeHandler] INFO  pipeline.PipelineStateManager (PipelineStateManager.java:finalizePipeline(123)) - Pipeline Pipeline[ Id: 8cfa03a0-5fca-4b71-ab2d-5f02e4f4c487, Nodes: 4c024347-3506-43a2-ab40-8471edec8541{ip: 192.168.30.13, host: pr-hdds-1569-wvzgm-824869521, networkLocation: /default-rack, certSerialId: null}, Type:RATIS, Factor:ONE, State:CLOSED] moved to CLOSED state
2019-09-26 09:57:22,721 [EventQueue-StaleNodeForStaleNodeHandler] INFO  pipeline.SCMPipelineManager (SCMPipelineManager.java:finalizeAndDestroyPipeline(316)) - destroying pipeline:Pipeline[ Id: 59832bd9-88aa-40e7-b292-ebeba1842b35, Nodes: 4c024347-3506-43a2-ab40-8471edec8541{ip: 192.168.30.13, host: pr-hdds-1569-wvzgm-824869521, networkLocation: /default-rack, certSerialId: null}, Type:RATIS, Factor:ONE, State:OPEN]
2019-09-26 09:57:22,721 [EventQueue-StaleNodeForStaleNodeHandler] INFO  pipeline.PipelineStateManager (PipelineStateManager.java:finalizePipeline(123)) - Pipeline Pipeline[ Id: 59832bd9-88aa-40e7-b292-ebeba1842b35, Nodes: 4c024347-3506-43a2-ab40-8471edec8541{ip: 192.168.30.13, host: pr-hdds-1569-wvzgm-824869521, networkLocation: /default-rack, certSerialId: null}, Type:RATIS, Factor:ONE, State:CLOSED] moved to CLOSED state
2019-09-26 09:57:22,733 [d195cc70-2ea8-4d9b-90c7-21e4a6c9bd0d@group-A98BC6075B1D-SegmentedRaftLogWorker] INFO  segmented.SegmentedRaftLogWorker (SegmentedRaftLogWorker.java:execute(569)) - d195cc70-2ea8-4d9b-90c7-21e4a6c9bd0d@group-A98BC6075B1D-SegmentedRaftLogWorker: created new log segment /workdir/hadoop-ozone/integration-test/target/test-dir/MiniOzoneClusterImpl-02a89373-ff67-4b13-ad11-60194c127517/datanode-5/data/ratis/ba988237-ac04-413c-a042-a98bc6075b1d/current/log_inprogress_0
2019-09-26 09:57:22,919 [Thread-358] INFO  impl.FollowerState (FollowerState.java:run(106)) - 4dfbf8da-55b7-40f3-96c3-7d511fd42a11:group-83E0D35F2C6C changes to CANDIDATE, lastRpcTime:5114, electionTimeout:5114ms
2019-09-26 09:57:22,919 [Thread-358] INFO  impl.RoleInfo (RoleInfo.java:shutdownFollowerState(121)) - 4dfbf8da-55b7-40f3-96c3-7d511fd42a11: shutdown FollowerState
2019-09-26 09:57:22,920 [Thread-358] INFO  impl.RaftServerImpl (RaftServerImpl.java:setRole(174)) - 4dfbf8da-55b7-40f3-96c3-7d511fd42a11@group-83E0D35F2C6C: changes role from  FOLLOWER to CANDIDATE at term 0 for changeToCandidate
2019-09-26 09:57:22,920 [Thread-358] INFO  impl.RoleInfo (RoleInfo.java:updateAndGet(143)) - 4dfbf8da-55b7-40f3-96c3-7d511fd42a11: start LeaderElection
2019-09-26 09:57:22,942 [Thread-361] INFO  impl.FollowerState (FollowerState.java:run(106)) - 4dfbf8da-55b7-40f3-96c3-7d511fd42a11:group-FCAC062B7DAE changes to CANDIDATE, lastRpcTime:5058, electionTimeout:5058ms
2019-09-26 09:57:22,942 [Thread-361] INFO  impl.RoleInfo (RoleInfo.java:shutdownFollowerState(121)) - 4dfbf8da-55b7-40f3-96c3-7d511fd42a11: shutdown FollowerState
2019-09-26 09:57:22,942 [Thread-361] INFO  impl.RaftServerImpl (RaftServerImpl.java:setRole(174)) - 4dfbf8da-55b7-40f3-96c3-7d511fd42a11@group-FCAC062B7DAE: changes role from  FOLLOWER to CANDIDATE at term 0 for changeToCandidate
2019-09-26 09:57:22,943 [Thread-361] INFO  impl.RoleInfo (RoleInfo.java:updateAndGet(143)) - 4dfbf8da-55b7-40f3-96c3-7d511fd42a11: start LeaderElection
2019-09-26 09:57:22,945 [4dfbf8da-55b7-40f3-96c3-7d511fd42a11@group-83E0D35F2C6C:LeaderElection39] INFO  impl.LeaderElection (LeaderElection.java:askForVotes(182)) - 4dfbf8da-55b7-40f3-96c3-7d511fd42a11@group-83E0D35F2C6C:LeaderElection39: begin an election at term 1 for -1: [4dfbf8da-55b7-40f3-96c3-7d511fd42a11:192.168.30.13:46234], old=null
2019-09-26 09:57:22,946 [4dfbf8da-55b7-40f3-96c3-7d511fd42a11@group-83E0D35F2C6C:LeaderElection39] INFO  impl.RoleInfo (RoleInfo.java:shutdownLeaderElection(134)) - 4dfbf8da-55b7-40f3-96c3-7d511fd42a11: shutdown LeaderElection
2019-09-26 09:57:22,946 [4dfbf8da-55b7-40f3-96c3-7d511fd42a11@group-83E0D35F2C6C:LeaderElection39] INFO  impl.RaftServerImpl (RaftServerImpl.java:setRole(174)) - 4dfbf8da-55b7-40f3-96c3-7d511fd42a11@group-83E0D35F2C6C: changes role from CANDIDATE to LEADER at term 1 for changeToLeader
2019-09-26 09:57:22,946 [4dfbf8da-55b7-40f3-96c3-7d511fd42a11@group-83E0D35F2C6C:LeaderElection39] INFO  impl.RaftServerImpl (ServerState.java:setLeader(253)) - 4dfbf8da-55b7-40f3-96c3-7d511fd42a11@group-83E0D35F2C6C: change Leader from null to 4dfbf8da-55b7-40f3-96c3-7d511fd42a11 at term 1 for becomeLeader, leader elected after 5147ms
2019-09-26 09:57:22,946 [4dfbf8da-55b7-40f3-96c3-7d511fd42a11@group-83E0D35F2C6C:LeaderElection39] INFO  server.RaftServerConfigKeys (ConfUtils.java:logGet(43)) - raft.server.staging.catchup.gap = 1000 (default)
2019-09-26 09:57:22,946 [4dfbf8da-55b7-40f3-96c3-7d511fd42a11@group-83E0D35F2C6C:LeaderElection39] INFO  server.RaftServerConfigKeys (ConfUtils.java:logGet(43)) - raft.server.rpc.sleep.time = 25ms (default)
2019-09-26 09:57:22,947 [4dfbf8da-55b7-40f3-96c3-7d511fd42a11@group-83E0D35F2C6C:LeaderElection39] INFO  server.RaftServerConfigKeys (ConfUtils.java:logGet(43)) - raft.server.write.element-limit = 4096 (default)
2019-09-26 09:57:22,947 [4dfbf8da-55b7-40f3-96c3-7d511fd42a11@group-83E0D35F2C6C:LeaderElection39] INFO  server.RaftServerConfigKeys (ConfUtils.java:logGet(43)) - raft.server.watch.timeout = 10s (default)
2019-09-26 09:57:22,947 [4dfbf8da-55b7-40f3-96c3-7d511fd42a11@group-83E0D35F2C6C:LeaderElection39] INFO  server.RaftServerConfigKeys (ConfUtils.java:logGet(43)) - raft.server.watch.timeout.denomination = 1s (default)
2019-09-26 09:57:22,947 [4dfbf8da-55b7-40f3-96c3-7d511fd42a11@group-83E0D35F2C6C:LeaderElection39] INFO  server.RaftServerConfigKeys (ConfUtils.java:logGet(43)) - raft.server.watch.element-limit = 65536 (default)
2019-09-26 09:57:22,948 [4dfbf8da-55b7-40f3-96c3-7d511fd42a11@group-FCAC062B7DAE:LeaderElection40] INFO  impl.LeaderElection (LeaderElection.java:askForVotes(182)) - 4dfbf8da-55b7-40f3-96c3-7d511fd42a11@group-FCAC062B7DAE:LeaderElection40: begin an election at term 1 for -1: [4dfbf8da-55b7-40f3-96c3-7d511fd42a11:192.168.30.13:46234], old=null
2019-09-26 09:57:22,948 [4dfbf8da-55b7-40f3-96c3-7d511fd42a11@group-FCAC062B7DAE:LeaderElection40] INFO  impl.RoleInfo (RoleInfo.java:shutdownLeaderElection(134)) - 4dfbf8da-55b7-40f3-96c3-7d511fd42a11: shutdown LeaderElection
2019-09-26 09:57:22,948 [4dfbf8da-55b7-40f3-96c3-7d511fd42a11@group-FCAC062B7DAE:LeaderElection40] INFO  impl.RaftServerImpl (RaftServerImpl.java:setRole(174)) - 4dfbf8da-55b7-40f3-96c3-7d511fd42a11@group-FCAC062B7DAE: changes role from CANDIDATE to LEADER at term 1 for changeToLeader
2019-09-26 09:57:22,948 [4dfbf8da-55b7-40f3-96c3-7d511fd42a11@group-FCAC062B7DAE:LeaderElection40] INFO  impl.RaftServerImpl (ServerState.java:setLeader(253)) - 4dfbf8da-55b7-40f3-96c3-7d511fd42a11@group-FCAC062B7DAE: change Leader from null to 4dfbf8da-55b7-40f3-96c3-7d511fd42a11 at term 1 for becomeLeader, leader elected after 5070ms
2019-09-26 09:57:22,948 [4dfbf8da-55b7-40f3-96c3-7d511fd42a11@group-FCAC062B7DAE:LeaderElection40] INFO  server.RaftServerConfigKeys (ConfUtils.java:logGet(43)) - raft.server.staging.catchup.gap = 1000 (default)
2019-09-26 09:57:22,949 [4dfbf8da-55b7-40f3-96c3-7d511fd42a11@group-FCAC062B7DAE:LeaderElection40] INFO  server.RaftServerConfigKeys (ConfUtils.java:logGet(43)) - raft.server.rpc.sleep.time = 25ms (default)
2019-09-26 09:57:22,949 [4dfbf8da-55b7-40f3-96c3-7d511fd42a11@group-FCAC062B7DAE:LeaderElection40] INFO  server.RaftServerConfigKeys (ConfUtils.java:logGet(43)) - raft.server.write.element-limit = 4096 (default)
2019-09-26 09:57:22,949 [4dfbf8da-55b7-40f3-96c3-7d511fd42a11@group-FCAC062B7DAE:LeaderElection40] INFO  server.RaftServerConfigKeys (ConfUtils.java:logGet(43)) - raft.server.watch.timeout = 10s (default)
2019-09-26 09:57:22,949 [4dfbf8da-55b7-40f3-96c3-7d511fd42a11@group-FCAC062B7DAE:LeaderElection40] INFO  server.RaftServerConfigKeys (ConfUtils.java:logGet(43)) - raft.server.watch.timeout.denomination = 1s (default)
2019-09-26 09:57:22,949 [4dfbf8da-55b7-40f3-96c3-7d511fd42a11@group-FCAC062B7DAE:LeaderElection40] INFO  server.RaftServerConfigKeys (ConfUtils.java:logGet(43)) - raft.server.watch.element-limit = 65536 (default)
2019-09-26 09:57:22,951 [4dfbf8da-55b7-40f3-96c3-7d511fd42a11@group-83E0D35F2C6C:LeaderElection39] INFO  impl.RoleInfo (RoleInfo.java:updateAndGet(143)) - 4dfbf8da-55b7-40f3-96c3-7d511fd42a11: start LeaderState
2019-09-26 09:57:22,951 [4dfbf8da-55b7-40f3-96c3-7d511fd42a11@group-83E0D35F2C6C:LeaderElection39] INFO  segmented.SegmentedRaftLogWorker (SegmentedRaftLogWorker.java:startLogSegment(380)) - 4dfbf8da-55b7-40f3-96c3-7d511fd42a11@group-83E0D35F2C6C-SegmentedRaftLogWorker: Starting segment from index:0
2019-09-26 09:57:22,952 [4dfbf8da-55b7-40f3-96c3-7d511fd42a11@group-83E0D35F2C6C:LeaderElection39] INFO  impl.RaftServerImpl (ServerState.java:setRaftConf(354)) - 4dfbf8da-55b7-40f3-96c3-7d511fd42a11@group-83E0D35F2C6C: set configuration 0: [4dfbf8da-55b7-40f3-96c3-7d511fd42a11:192.168.30.13:46234], old=null at 0
2019-09-26 09:57:22,995 [4dfbf8da-55b7-40f3-96c3-7d511fd42a11@group-FCAC062B7DAE:LeaderElection40] INFO  impl.RoleInfo (RoleInfo.java:updateAndGet(143)) - 4dfbf8da-55b7-40f3-96c3-7d511fd42a11: start LeaderState
2019-09-26 09:57:22,996 [4dfbf8da-55b7-40f3-96c3-7d511fd42a11@group-FCAC062B7DAE:LeaderElection40] INFO  segmented.SegmentedRaftLogWorker (SegmentedRaftLogWorker.java:startLogSegment(380)) - 4dfbf8da-55b7-40f3-96c3-7d511fd42a11@group-FCAC062B7DAE-SegmentedRaftLogWorker: Starting segment from index:0
2019-09-26 09:57:22,996 [4dfbf8da-55b7-40f3-96c3-7d511fd42a11@group-FCAC062B7DAE:LeaderElection40] INFO  impl.RaftServerImpl (ServerState.java:setRaftConf(354)) - 4dfbf8da-55b7-40f3-96c3-7d511fd42a11@group-FCAC062B7DAE: set configuration 0: [4dfbf8da-55b7-40f3-96c3-7d511fd42a11:192.168.30.13:46234], old=null at 0
2019-09-26 09:57:23,028 [Thread-364] INFO  impl.FollowerState (FollowerState.java:run(106)) - 4dfbf8da-55b7-40f3-96c3-7d511fd42a11:group-7764C5377C5D changes to CANDIDATE, lastRpcTime:5090, electionTimeout:5081ms
2019-09-26 09:57:23,029 [Thread-364] INFO  impl.RoleInfo (RoleInfo.java:shutdownFollowerState(121)) - 4dfbf8da-55b7-40f3-96c3-7d511fd42a11: shutdown FollowerState
2019-09-26 09:57:23,029 [4dfbf8da-55b7-40f3-96c3-7d511fd42a11@group-83E0D35F2C6C-SegmentedRaftLogWorker] INFO  segmented.SegmentedRaftLogWorker (SegmentedRaftLogWorker.java:execute(569)) - 4dfbf8da-55b7-40f3-96c3-7d511fd42a11@group-83E0D35F2C6C-SegmentedRaftLogWorker: created new log segment /workdir/hadoop-ozone/integration-test/target/test-dir/MiniOzoneClusterImpl-02a89373-ff67-4b13-ad11-60194c127517/datanode-6/data/ratis/2c8a18c1-334e-4f20-a9f6-83e0d35f2c6c/current/log_inprogress_0
2019-09-26 09:57:23,029 [Thread-364] INFO  impl.RaftServerImpl (RaftServerImpl.java:setRole(174)) - 4dfbf8da-55b7-40f3-96c3-7d511fd42a11@group-7764C5377C5D: changes role from  FOLLOWER to CANDIDATE at term 0 for changeToCandidate
2019-09-26 09:57:23,029 [Thread-364] INFO  impl.RoleInfo (RoleInfo.java:updateAndGet(143)) - 4dfbf8da-55b7-40f3-96c3-7d511fd42a11: start LeaderElection
2019-09-26 09:57:23,038 [main] INFO  ozoneimpl.OzoneContainer (OzoneContainer.java:stop(231)) - Attempting to stop container services.
2019-09-26 09:57:23,038 [ForkJoinPool.commonPool-worker-1] INFO  ozoneimpl.OzoneContainer (OzoneContainer.java:stop(231)) - Attempting to stop container services.
2019-09-26 09:57:23,040 [main] INFO  impl.RaftServerProxy (RaftServerProxy.java:lambda$close$4(314)) - 4c024347-3506-43a2-ab40-8471edec8541: close
2019-09-26 09:57:23,040 [ForkJoinPool.commonPool-worker-1] INFO  impl.RaftServerProxy (RaftServerProxy.java:lambda$close$4(314)) - c0fe0384-ccc2-43dc-b812-8c8a482d02e6: close
2019-09-26 09:57:23,041 [4dfbf8da-55b7-40f3-96c3-7d511fd42a11@group-FCAC062B7DAE-SegmentedRaftLogWorker] INFO  segmented.SegmentedRaftLogWorker (SegmentedRaftLogWorker.java:execute(569)) - 4dfbf8da-55b7-40f3-96c3-7d511fd42a11@group-FCAC062B7DAE-SegmentedRaftLogWorker: created new log segment /workdir/hadoop-ozone/integration-test/target/test-dir/MiniOzoneClusterImpl-02a89373-ff67-4b13-ad11-60194c127517/datanode-6/data/ratis/2d66c1d4-4ce6-49c0-a1ce-fcac062b7dae/current/log_inprogress_0
2019-09-26 09:57:23,041 [4dfbf8da-55b7-40f3-96c3-7d511fd42a11@group-7764C5377C5D:LeaderElection41] INFO  impl.LeaderElection (LeaderElection.java:askForVotes(182)) - 4dfbf8da-55b7-40f3-96c3-7d511fd42a11@group-7764C5377C5D:LeaderElection41: begin an election at term 1 for -1: [4dfbf8da-55b7-40f3-96c3-7d511fd42a11:192.168.30.13:46234], old=null
2019-09-26 09:57:23,041 [4dfbf8da-55b7-40f3-96c3-7d511fd42a11@group-7764C5377C5D:LeaderElection41] INFO  impl.RoleInfo (RoleInfo.java:shutdownLeaderElection(134)) - 4dfbf8da-55b7-40f3-96c3-7d511fd42a11: shutdown LeaderElection
2019-09-26 09:57:23,041 [4dfbf8da-55b7-40f3-96c3-7d511fd42a11@group-7764C5377C5D:LeaderElection41] INFO  impl.RaftServerImpl (RaftServerImpl.java:setRole(174)) - 4dfbf8da-55b7-40f3-96c3-7d511fd42a11@group-7764C5377C5D: changes role from CANDIDATE to LEADER at term 1 for changeToLeader
2019-09-26 09:57:23,042 [4dfbf8da-55b7-40f3-96c3-7d511fd42a11@group-7764C5377C5D:LeaderElection41] INFO  impl.RaftServerImpl (ServerState.java:setLeader(253)) - 4dfbf8da-55b7-40f3-96c3-7d511fd42a11@group-7764C5377C5D: change Leader from null to 4dfbf8da-55b7-40f3-96c3-7d511fd42a11 at term 1 for becomeLeader, leader elected after 5109ms
2019-09-26 09:57:23,042 [4dfbf8da-55b7-40f3-96c3-7d511fd42a11@group-7764C5377C5D:LeaderElection41] INFO  server.RaftServerConfigKeys (ConfUtils.java:logGet(43)) - raft.server.staging.catchup.gap = 1000 (default)
2019-09-26 09:57:23,042 [4dfbf8da-55b7-40f3-96c3-7d511fd42a11@group-7764C5377C5D:LeaderElection41] INFO  server.RaftServerConfigKeys (ConfUtils.java:logGet(43)) - raft.server.rpc.sleep.time = 25ms (default)
2019-09-26 09:57:23,042 [4dfbf8da-55b7-40f3-96c3-7d511fd42a11@group-7764C5377C5D:LeaderElection41] INFO  server.RaftServerConfigKeys (ConfUtils.java:logGet(43)) - raft.server.write.element-limit = 4096 (default)
2019-09-26 09:57:23,042 [main] INFO  impl.RaftServerImpl (RaftServerImpl.java:lambda$shutdown$3(251)) - 4c024347-3506-43a2-ab40-8471edec8541@group-991043999F97: shutdown
2019-09-26 09:57:23,042 [4dfbf8da-55b7-40f3-96c3-7d511fd42a11@group-7764C5377C5D:LeaderElection41] INFO  server.RaftServerConfigKeys (ConfUtils.java:logGet(43)) - raft.server.watch.timeout = 10s (default)
2019-09-26 09:57:23,042 [ForkJoinPool.commonPool-worker-1] INFO  impl.RaftServerImpl (RaftServerImpl.java:lambda$shutdown$3(251)) - c0fe0384-ccc2-43dc-b812-8c8a482d02e6@group-CE427548AD90: shutdown
2019-09-26 09:57:23,043 [4dfbf8da-55b7-40f3-96c3-7d511fd42a11@group-7764C5377C5D:LeaderElection41] INFO  server.RaftServerConfigKeys (ConfUtils.java:logGet(43)) - raft.server.watch.timeout.denomination = 1s (default)
2019-09-26 09:57:23,043 [main] INFO  util.JmxRegister (JmxRegister.java:unregister(73)) - Successfully un-registered JMX Bean with object name Ratis:service=RaftServer,group=group-991043999F97,id=4c024347-3506-43a2-ab40-8471edec8541
2019-09-26 09:57:23,044 [4dfbf8da-55b7-40f3-96c3-7d511fd42a11@group-7764C5377C5D:LeaderElection41] INFO  server.RaftServerConfigKeys (ConfUtils.java:logGet(43)) - raft.server.watch.element-limit = 65536 (default)
2019-09-26 09:57:23,043 [ForkJoinPool.commonPool-worker-1] INFO  util.JmxRegister (JmxRegister.java:unregister(73)) - Successfully un-registered JMX Bean with object name Ratis:service=RaftServer,group=group-CE427548AD90,id=c0fe0384-ccc2-43dc-b812-8c8a482d02e6
2019-09-26 09:57:23,044 [ForkJoinPool.commonPool-worker-1] INFO  impl.RoleInfo (RoleInfo.java:shutdownLeaderState(104)) - c0fe0384-ccc2-43dc-b812-8c8a482d02e6: shutdown LeaderState
2019-09-26 09:57:23,044 [main] INFO  impl.RoleInfo (RoleInfo.java:shutdownLeaderState(104)) - 4c024347-3506-43a2-ab40-8471edec8541: shutdown LeaderState
2019-09-26 09:57:23,045 [Thread-367] INFO  impl.FollowerState (FollowerState.java:run(106)) - 4dfbf8da-55b7-40f3-96c3-7d511fd42a11:group-A44ABDCFAB81 changes to CANDIDATE, lastRpcTime:5072, electionTimeout:5072ms
2019-09-26 09:57:23,045 [Thread-367] INFO  impl.RoleInfo (RoleInfo.java:shutdownFollowerState(121)) - 4dfbf8da-55b7-40f3-96c3-7d511fd42a11: shutdown FollowerState
2019-09-26 09:57:23,046 [Thread-367] INFO  impl.RaftServerImpl (RaftServerImpl.java:setRole(174)) - 4dfbf8da-55b7-40f3-96c3-7d511fd42a11@group-A44ABDCFAB81: changes role from  FOLLOWER to CANDIDATE at term 0 for changeToCandidate
2019-09-26 09:57:23,046 [Thread-367] INFO  impl.RoleInfo (RoleInfo.java:updateAndGet(143)) - 4dfbf8da-55b7-40f3-96c3-7d511fd42a11: start LeaderElection
2019-09-26 09:57:23,046 [main] INFO  impl.PendingRequests (PendingRequests.java:sendNotLeaderResponses(202)) - 4c024347-3506-43a2-ab40-8471edec8541-PendingRequests: sendNotLeaderResponses
2019-09-26 09:57:23,046 [ForkJoinPool.commonPool-worker-1] INFO  impl.PendingRequests (PendingRequests.java:sendNotLeaderResponses(202)) - c0fe0384-ccc2-43dc-b812-8c8a482d02e6-PendingRequests: sendNotLeaderResponses
2019-09-26 09:57:23,058 [4dfbf8da-55b7-40f3-96c3-7d511fd42a11@group-7764C5377C5D:LeaderElection41] INFO  impl.RoleInfo (RoleInfo.java:updateAndGet(143)) - 4dfbf8da-55b7-40f3-96c3-7d511fd42a11: start LeaderState
2019-09-26 09:57:23,058 [4dfbf8da-55b7-40f3-96c3-7d511fd42a11@group-7764C5377C5D:LeaderElection41] INFO  segmented.SegmentedRaftLogWorker (SegmentedRaftLogWorker.java:startLogSegment(380)) - 4dfbf8da-55b7-40f3-96c3-7d511fd42a11@group-7764C5377C5D-SegmentedRaftLogWorker: Starting segment from index:0
2019-09-26 09:57:23,059 [4dfbf8da-55b7-40f3-96c3-7d511fd42a11@group-7764C5377C5D:LeaderElection41] INFO  impl.RaftServerImpl (ServerState.java:setRaftConf(354)) - 4dfbf8da-55b7-40f3-96c3-7d511fd42a11@group-7764C5377C5D: set configuration 0: [4dfbf8da-55b7-40f3-96c3-7d511fd42a11:192.168.30.13:46234], old=null at 0
2019-09-26 09:57:23,106 [4dfbf8da-55b7-40f3-96c3-7d511fd42a11@group-A44ABDCFAB81:LeaderElection42] INFO  impl.LeaderElection (LeaderElection.java:askForVotes(182)) - 4dfbf8da-55b7-40f3-96c3-7d511fd42a11@group-A44ABDCFAB81:LeaderElection42: begin an election at term 1 for -1: [4dfbf8da-55b7-40f3-96c3-7d511fd42a11:192.168.30.13:46234], old=null
2019-09-26 09:57:23,106 [main] INFO  impl.StateMachineUpdater (StateMachineUpdater.java:stopAndJoin(125)) - 4c024347-3506-43a2-ab40-8471edec8541@group-991043999F97-StateMachineUpdater: set stopIndex = 0
2019-09-26 09:57:23,108 [4dfbf8da-55b7-40f3-96c3-7d511fd42a11@group-A44ABDCFAB81:LeaderElection42] INFO  impl.RoleInfo (RoleInfo.java:shutdownLeaderElection(134)) - 4dfbf8da-55b7-40f3-96c3-7d511fd42a11: shutdown LeaderElection
2019-09-26 09:57:23,106 [ForkJoinPool.commonPool-worker-1] INFO  impl.StateMachineUpdater (StateMachineUpdater.java:stopAndJoin(125)) - c0fe0384-ccc2-43dc-b812-8c8a482d02e6@group-CE427548AD90-StateMachineUpdater: set stopIndex = 0
2019-09-26 09:57:23,109 [4dfbf8da-55b7-40f3-96c3-7d511fd42a11@group-A44ABDCFAB81:LeaderElection42] INFO  impl.RaftServerImpl (RaftServerImpl.java:setRole(174)) - 4dfbf8da-55b7-40f3-96c3-7d511fd42a11@group-A44ABDCFAB81: changes role from CANDIDATE to LEADER at term 1 for changeToLeader
2019-09-26 09:57:23,109 [main] INFO  impl.RaftServerImpl (ServerState.java:close(385)) - 4c024347-3506-43a2-ab40-8471edec8541@group-991043999F97: closes. applyIndex: 0
2019-09-26 09:57:23,109 [4dfbf8da-55b7-40f3-96c3-7d511fd42a11@group-A44ABDCFAB81:LeaderElection42] INFO  impl.RaftServerImpl (ServerState.java:setLeader(253)) - 4dfbf8da-55b7-40f3-96c3-7d511fd42a11@group-A44ABDCFAB81: change Leader from null to 4dfbf8da-55b7-40f3-96c3-7d511fd42a11 at term 1 for becomeLeader, leader elected after 5141ms
2019-09-26 09:57:23,109 [ForkJoinPool.commonPool-worker-1] INFO  impl.RaftServerImpl (ServerState.java:close(385)) - c0fe0384-ccc2-43dc-b812-8c8a482d02e6@group-CE427548AD90: closes. applyIndex: 0
2019-09-26 09:57:23,110 [4dfbf8da-55b7-40f3-96c3-7d511fd42a11@group-A44ABDCFAB81:LeaderElection42] INFO  server.RaftServerConfigKeys (ConfUtils.java:logGet(43)) - raft.server.staging.catchup.gap = 1000 (default)
2019-09-26 09:57:23,110 [4dfbf8da-55b7-40f3-96c3-7d511fd42a11@group-A44ABDCFAB81:LeaderElection42] INFO  server.RaftServerConfigKeys (ConfUtils.java:logGet(43)) - raft.server.rpc.sleep.time = 25ms (default)
2019-09-26 09:57:23,110 [4dfbf8da-55b7-40f3-96c3-7d511fd42a11@group-A44ABDCFAB81:LeaderElection42] INFO  server.RaftServerConfigKeys (ConfUtils.java:logGet(43)) - raft.server.write.element-limit = 4096 (default)
2019-09-26 09:57:23,110 [4dfbf8da-55b7-40f3-96c3-7d511fd42a11@group-A44ABDCFAB81:LeaderElection42] INFO  server.RaftServerConfigKeys (ConfUtils.java:logGet(43)) - raft.server.watch.timeout = 10s (default)
2019-09-26 09:57:23,110 [4dfbf8da-55b7-40f3-96c3-7d511fd42a11@group-A44ABDCFAB81:LeaderElection42] INFO  server.RaftServerConfigKeys (ConfUtils.java:logGet(43)) - raft.server.watch.timeout.denomination = 1s (default)
2019-09-26 09:57:23,111 [4dfbf8da-55b7-40f3-96c3-7d511fd42a11@group-A44ABDCFAB81:LeaderElection42] INFO  server.RaftServerConfigKeys (ConfUtils.java:logGet(43)) - raft.server.watch.element-limit = 65536 (default)
2019-09-26 09:57:23,112 [c0fe0384-ccc2-43dc-b812-8c8a482d02e6@group-CE427548AD90-SegmentedRaftLogWorker] INFO  segmented.SegmentedRaftLogWorker (SegmentedRaftLogWorker.java:run(313)) - c0fe0384-ccc2-43dc-b812-8c8a482d02e6@group-CE427548AD90-SegmentedRaftLogWorker was interrupted, exiting. There are 0 tasks remaining in the queue.
2019-09-26 09:57:23,112 [4c024347-3506-43a2-ab40-8471edec8541@group-991043999F97-SegmentedRaftLogWorker] INFO  segmented.SegmentedRaftLogWorker (SegmentedRaftLogWorker.java:run(313)) - 4c024347-3506-43a2-ab40-8471edec8541@group-991043999F97-SegmentedRaftLogWorker was interrupted, exiting. There are 0 tasks remaining in the queue.
2019-09-26 09:57:23,118 [ForkJoinPool.commonPool-worker-1] INFO  segmented.SegmentedRaftLogWorker (SegmentedRaftLogWorker.java:close(228)) - c0fe0384-ccc2-43dc-b812-8c8a482d02e6@group-CE427548AD90-SegmentedRaftLogWorker close()
2019-09-26 09:57:23,120 [4dfbf8da-55b7-40f3-96c3-7d511fd42a11@group-7764C5377C5D-SegmentedRaftLogWorker] INFO  segmented.SegmentedRaftLogWorker (SegmentedRaftLogWorker.java:execute(569)) - 4dfbf8da-55b7-40f3-96c3-7d511fd42a11@group-7764C5377C5D-SegmentedRaftLogWorker: created new log segment /workdir/hadoop-ozone/integration-test/target/test-dir/MiniOzoneClusterImpl-02a89373-ff67-4b13-ad11-60194c127517/datanode-6/data/ratis/f930620c-f189-421b-82ec-7764c5377c5d/current/log_inprogress_0
2019-09-26 09:57:23,120 [main] INFO  segmented.SegmentedRaftLogWorker (SegmentedRaftLogWorker.java:close(228)) - 4c024347-3506-43a2-ab40-8471edec8541@group-991043999F97-SegmentedRaftLogWorker close()
2019-09-26 09:57:23,127 [ForkJoinPool.commonPool-worker-1] INFO  impl.RaftServerImpl (RaftServerImpl.java:lambda$shutdown$3(251)) - c0fe0384-ccc2-43dc-b812-8c8a482d02e6@group-E5C27A539DD4: shutdown
2019-09-26 09:57:23,134 [4dfbf8da-55b7-40f3-96c3-7d511fd42a11@group-A44ABDCFAB81:LeaderElection42] INFO  impl.RoleInfo (RoleInfo.java:updateAndGet(143)) - 4dfbf8da-55b7-40f3-96c3-7d511fd42a11: start LeaderState
2019-09-26 09:57:23,134 [main] INFO  impl.RaftServerImpl (RaftServerImpl.java:lambda$shutdown$3(251)) - 4c024347-3506-43a2-ab40-8471edec8541@group-351FBBCBDA5E: shutdown
2019-09-26 09:57:23,135 [4dfbf8da-55b7-40f3-96c3-7d511fd42a11@group-A44ABDCFAB81:LeaderElection42] INFO  segmented.SegmentedRaftLogWorker (SegmentedRaftLogWorker.java:startLogSegment(380)) - 4dfbf8da-55b7-40f3-96c3-7d511fd42a11@group-A44ABDCFAB81-SegmentedRaftLogWorker: Starting segment from index:0
2019-09-26 09:57:23,135 [ForkJoinPool.commonPool-worker-1] INFO  util.JmxRegister (JmxRegister.java:unregister(73)) - Successfully un-registered JMX Bean with object name Ratis:service=RaftServer,group=group-E5C27A539DD4,id=c0fe0384-ccc2-43dc-b812-8c8a482d02e6
2019-09-26 09:57:23,135 [main] INFO  util.JmxRegister (JmxRegister.java:unregister(73)) - Successfully un-registered JMX Bean with object name Ratis:service=RaftServer,group=group-351FBBCBDA5E,id=4c024347-3506-43a2-ab40-8471edec8541
2019-09-26 09:57:23,136 [4dfbf8da-55b7-40f3-96c3-7d511fd42a11@group-A44ABDCFAB81:LeaderElection42] INFO  impl.RaftServerImpl (ServerState.java:setRaftConf(354)) - 4dfbf8da-55b7-40f3-96c3-7d511fd42a11@group-A44ABDCFAB81: set configuration 0: [4dfbf8da-55b7-40f3-96c3-7d511fd42a11:192.168.30.13:46234], old=null at 0
2019-09-26 09:57:23,136 [ForkJoinPool.commonPool-worker-1] INFO  impl.RoleInfo (RoleInfo.java:shutdownLeaderState(104)) - c0fe0384-ccc2-43dc-b812-8c8a482d02e6: shutdown LeaderState
2019-09-26 09:57:23,136 [main] INFO  impl.RoleInfo (RoleInfo.java:shutdownLeaderState(104)) - 4c024347-3506-43a2-ab40-8471edec8541: shutdown LeaderState
2019-09-26 09:57:23,137 [ForkJoinPool.commonPool-worker-1] INFO  impl.PendingRequests (PendingRequests.java:sendNotLeaderResponses(202)) - c0fe0384-ccc2-43dc-b812-8c8a482d02e6-PendingRequests: sendNotLeaderResponses
2019-09-26 09:57:23,137 [main] INFO  impl.PendingRequests (PendingRequests.java:sendNotLeaderResponses(202)) - 4c024347-3506-43a2-ab40-8471edec8541-PendingRequests: sendNotLeaderResponses
2019-09-26 09:57:23,175 [ForkJoinPool.commonPool-worker-1] INFO  impl.StateMachineUpdater (StateMachineUpdater.java:stopAndJoin(125)) - c0fe0384-ccc2-43dc-b812-8c8a482d02e6@group-E5C27A539DD4-StateMachineUpdater: set stopIndex = 0
2019-09-26 09:57:23,176 [main] INFO  impl.StateMachineUpdater (StateMachineUpdater.java:stopAndJoin(125)) - 4c024347-3506-43a2-ab40-8471edec8541@group-351FBBCBDA5E-StateMachineUpdater: set stopIndex = 0
2019-09-26 09:57:23,176 [ForkJoinPool.commonPool-worker-1] INFO  impl.RaftServerImpl (ServerState.java:close(385)) - c0fe0384-ccc2-43dc-b812-8c8a482d02e6@group-E5C27A539DD4: closes. applyIndex: 0
2019-09-26 09:57:23,177 [main] INFO  impl.RaftServerImpl (ServerState.java:close(385)) - 4c024347-3506-43a2-ab40-8471edec8541@group-351FBBCBDA5E: closes. applyIndex: 0
2019-09-26 09:57:23,177 [c0fe0384-ccc2-43dc-b812-8c8a482d02e6@group-E5C27A539DD4-SegmentedRaftLogWorker] INFO  segmented.SegmentedRaftLogWorker (SegmentedRaftLogWorker.java:run(313)) - c0fe0384-ccc2-43dc-b812-8c8a482d02e6@group-E5C27A539DD4-SegmentedRaftLogWorker was interrupted, exiting. There are 0 tasks remaining in the queue.
2019-09-26 09:57:23,178 [4c024347-3506-43a2-ab40-8471edec8541@group-351FBBCBDA5E-SegmentedRaftLogWorker] INFO  segmented.SegmentedRaftLogWorker (SegmentedRaftLogWorker.java:run(313)) - 4c024347-3506-43a2-ab40-8471edec8541@group-351FBBCBDA5E-SegmentedRaftLogWorker was interrupted, exiting. There are 0 tasks remaining in the queue.
2019-09-26 09:57:23,181 [4dfbf8da-55b7-40f3-96c3-7d511fd42a11@group-A44ABDCFAB81-SegmentedRaftLogWorker] INFO  segmented.SegmentedRaftLogWorker (SegmentedRaftLogWorker.java:execute(569)) - 4dfbf8da-55b7-40f3-96c3-7d511fd42a11@group-A44ABDCFAB81-SegmentedRaftLogWorker: created new log segment /workdir/hadoop-ozone/integration-test/target/test-dir/MiniOzoneClusterImpl-02a89373-ff67-4b13-ad11-60194c127517/datanode-6/data/ratis/6090beef-0e51-4e2a-a4cf-a44abdcfab81/current/log_inprogress_0
2019-09-26 09:57:23,191 [main] INFO  segmented.SegmentedRaftLogWorker (SegmentedRaftLogWorker.java:close(228)) - 4c024347-3506-43a2-ab40-8471edec8541@group-351FBBCBDA5E-SegmentedRaftLogWorker close()
2019-09-26 09:57:23,191 [ForkJoinPool.commonPool-worker-1] INFO  segmented.SegmentedRaftLogWorker (SegmentedRaftLogWorker.java:close(228)) - c0fe0384-ccc2-43dc-b812-8c8a482d02e6@group-E5C27A539DD4-SegmentedRaftLogWorker close()
2019-09-26 09:57:23,196 [main] INFO  impl.RaftServerImpl (RaftServerImpl.java:lambda$shutdown$3(251)) - 4c024347-3506-43a2-ab40-8471edec8541@group-3629294787F3: shutdown
2019-09-26 09:57:23,200 [ForkJoinPool.commonPool-worker-1] INFO  impl.RaftServerImpl (RaftServerImpl.java:lambda$shutdown$3(251)) - c0fe0384-ccc2-43dc-b812-8c8a482d02e6@group-ED0FB5762F4F: shutdown
2019-09-26 09:57:23,200 [main] INFO  util.JmxRegister (JmxRegister.java:unregister(73)) - Successfully un-registered JMX Bean with object name Ratis:service=RaftServer,group=group-3629294787F3,id=4c024347-3506-43a2-ab40-8471edec8541
2019-09-26 09:57:23,200 [ForkJoinPool.commonPool-worker-1] INFO  util.JmxRegister (JmxRegister.java:unregister(73)) - Successfully un-registered JMX Bean with object name Ratis:service=RaftServer,group=group-ED0FB5762F4F,id=c0fe0384-ccc2-43dc-b812-8c8a482d02e6
2019-09-26 09:57:23,201 [main] INFO  impl.RoleInfo (RoleInfo.java:shutdownLeaderState(104)) - 4c024347-3506-43a2-ab40-8471edec8541: shutdown LeaderState
2019-09-26 09:57:23,201 [ForkJoinPool.commonPool-worker-1] INFO  impl.RoleInfo (RoleInfo.java:shutdownLeaderState(104)) - c0fe0384-ccc2-43dc-b812-8c8a482d02e6: shutdown LeaderState
2019-09-26 09:57:23,201 [main] INFO  impl.PendingRequests (PendingRequests.java:sendNotLeaderResponses(202)) - 4c024347-3506-43a2-ab40-8471edec8541-PendingRequests: sendNotLeaderResponses
2019-09-26 09:57:23,202 [ForkJoinPool.commonPool-worker-1] INFO  impl.PendingRequests (PendingRequests.java:sendNotLeaderResponses(202)) - c0fe0384-ccc2-43dc-b812-8c8a482d02e6-PendingRequests: sendNotLeaderResponses
2019-09-26 09:57:23,202 [main] INFO  impl.StateMachineUpdater (StateMachineUpdater.java:stopAndJoin(125)) - 4c024347-3506-43a2-ab40-8471edec8541@group-3629294787F3-StateMachineUpdater: set stopIndex = 0
2019-09-26 09:57:23,203 [main] INFO  impl.RaftServerImpl (ServerState.java:close(385)) - 4c024347-3506-43a2-ab40-8471edec8541@group-3629294787F3: closes. applyIndex: 0
2019-09-26 09:57:23,202 [ForkJoinPool.commonPool-worker-1] INFO  impl.StateMachineUpdater (StateMachineUpdater.java:stopAndJoin(125)) - c0fe0384-ccc2-43dc-b812-8c8a482d02e6@group-ED0FB5762F4F-StateMachineUpdater: set stopIndex = 0
2019-09-26 09:57:23,203 [4c024347-3506-43a2-ab40-8471edec8541@group-3629294787F3-SegmentedRaftLogWorker] INFO  segmented.SegmentedRaftLogWorker (SegmentedRaftLogWorker.java:run(313)) - 4c024347-3506-43a2-ab40-8471edec8541@group-3629294787F3-SegmentedRaftLogWorker was interrupted, exiting. There are 0 tasks remaining in the queue.
2019-09-26 09:57:23,203 [ForkJoinPool.commonPool-worker-1] INFO  impl.RaftServerImpl (ServerState.java:close(385)) - c0fe0384-ccc2-43dc-b812-8c8a482d02e6@group-ED0FB5762F4F: closes. applyIndex: 0
2019-09-26 09:57:23,206 [main] INFO  segmented.SegmentedRaftLogWorker (SegmentedRaftLogWorker.java:close(228)) - 4c024347-3506-43a2-ab40-8471edec8541@group-3629294787F3-SegmentedRaftLogWorker close()
2019-09-26 09:57:23,206 [c0fe0384-ccc2-43dc-b812-8c8a482d02e6@group-ED0FB5762F4F-SegmentedRaftLogWorker] INFO  segmented.SegmentedRaftLogWorker (SegmentedRaftLogWorker.java:run(313)) - c0fe0384-ccc2-43dc-b812-8c8a482d02e6@group-ED0FB5762F4F-SegmentedRaftLogWorker was interrupted, exiting. There are 0 tasks remaining in the queue.
2019-09-26 09:57:23,210 [main] INFO  impl.RaftServerImpl (RaftServerImpl.java:lambda$shutdown$3(251)) - 4c024347-3506-43a2-ab40-8471edec8541@group-31F597CC07B9: shutdown
2019-09-26 09:57:23,213 [ForkJoinPool.commonPool-worker-1] INFO  segmented.SegmentedRaftLogWorker (SegmentedRaftLogWorker.java:close(228)) - c0fe0384-ccc2-43dc-b812-8c8a482d02e6@group-ED0FB5762F4F-SegmentedRaftLogWorker close()
2019-09-26 09:57:23,213 [main] INFO  util.JmxRegister (JmxRegister.java:unregister(73)) - Successfully un-registered JMX Bean with object name Ratis:service=RaftServer,group=group-31F597CC07B9,id=4c024347-3506-43a2-ab40-8471edec8541
2019-09-26 09:57:23,218 [ForkJoinPool.commonPool-worker-1] INFO  impl.RaftServerImpl (RaftServerImpl.java:lambda$shutdown$3(251)) - c0fe0384-ccc2-43dc-b812-8c8a482d02e6@group-7C7175C8695E: shutdown
2019-09-26 09:57:23,218 [main] INFO  impl.RoleInfo (RoleInfo.java:shutdownLeaderState(104)) - 4c024347-3506-43a2-ab40-8471edec8541: shutdown LeaderState
2019-09-26 09:57:23,218 [ForkJoinPool.commonPool-worker-1] INFO  util.JmxRegister (JmxRegister.java:unregister(73)) - Successfully un-registered JMX Bean with object name Ratis:service=RaftServer,group=group-7C7175C8695E,id=c0fe0384-ccc2-43dc-b812-8c8a482d02e6
2019-09-26 09:57:23,219 [main] INFO  impl.PendingRequests (PendingRequests.java:sendNotLeaderResponses(202)) - 4c024347-3506-43a2-ab40-8471edec8541-PendingRequests: sendNotLeaderResponses
2019-09-26 09:57:23,219 [ForkJoinPool.commonPool-worker-1] INFO  impl.RoleInfo (RoleInfo.java:shutdownLeaderState(104)) - c0fe0384-ccc2-43dc-b812-8c8a482d02e6: shutdown LeaderState
2019-09-26 09:57:23,219 [main] INFO  impl.StateMachineUpdater (StateMachineUpdater.java:stopAndJoin(125)) - 4c024347-3506-43a2-ab40-8471edec8541@group-31F597CC07B9-StateMachineUpdater: set stopIndex = 0
2019-09-26 09:57:23,220 [ForkJoinPool.commonPool-worker-1] INFO  impl.PendingRequests (PendingRequests.java:sendNotLeaderResponses(202)) - c0fe0384-ccc2-43dc-b812-8c8a482d02e6-PendingRequests: sendNotLeaderResponses
2019-09-26 09:57:23,220 [main] INFO  impl.RaftServerImpl (ServerState.java:close(385)) - 4c024347-3506-43a2-ab40-8471edec8541@group-31F597CC07B9: closes. applyIndex: 0
2019-09-26 09:57:23,220 [ForkJoinPool.commonPool-worker-1] INFO  impl.StateMachineUpdater (StateMachineUpdater.java:stopAndJoin(125)) - c0fe0384-ccc2-43dc-b812-8c8a482d02e6@group-7C7175C8695E-StateMachineUpdater: set stopIndex = 0
2019-09-26 09:57:23,220 [4c024347-3506-43a2-ab40-8471edec8541@group-31F597CC07B9-SegmentedRaftLogWorker] INFO  segmented.SegmentedRaftLogWorker (SegmentedRaftLogWorker.java:run(313)) - 4c024347-3506-43a2-ab40-8471edec8541@group-31F597CC07B9-SegmentedRaftLogWorker was interrupted, exiting. There are 0 tasks remaining in the queue.
2019-09-26 09:57:23,221 [ForkJoinPool.commonPool-worker-1] INFO  impl.RaftServerImpl (ServerState.java:close(385)) - c0fe0384-ccc2-43dc-b812-8c8a482d02e6@group-7C7175C8695E: closes. applyIndex: 0
2019-09-26 09:57:23,223 [main] INFO  segmented.SegmentedRaftLogWorker (SegmentedRaftLogWorker.java:close(228)) - 4c024347-3506-43a2-ab40-8471edec8541@group-31F597CC07B9-SegmentedRaftLogWorker close()
2019-09-26 09:57:23,224 [c0fe0384-ccc2-43dc-b812-8c8a482d02e6@group-7C7175C8695E-SegmentedRaftLogWorker] INFO  segmented.SegmentedRaftLogWorker (SegmentedRaftLogWorker.java:run(313)) - c0fe0384-ccc2-43dc-b812-8c8a482d02e6@group-7C7175C8695E-SegmentedRaftLogWorker was interrupted, exiting. There are 0 tasks remaining in the queue.
2019-09-26 09:57:23,228 [main] INFO  impl.RaftServerImpl (RaftServerImpl.java:lambda$shutdown$3(251)) - 4c024347-3506-43a2-ab40-8471edec8541@group-5F02E4F4C487: shutdown
2019-09-26 09:57:23,230 [ForkJoinPool.commonPool-worker-1] INFO  segmented.SegmentedRaftLogWorker (SegmentedRaftLogWorker.java:close(228)) - c0fe0384-ccc2-43dc-b812-8c8a482d02e6@group-7C7175C8695E-SegmentedRaftLogWorker close()
2019-09-26 09:57:23,230 [main] INFO  util.JmxRegister (JmxRegister.java:unregister(73)) - Successfully un-registered JMX Bean with object name Ratis:service=RaftServer,group=group-5F02E4F4C487,id=4c024347-3506-43a2-ab40-8471edec8541
2019-09-26 09:57:23,235 [ForkJoinPool.commonPool-worker-1] INFO  impl.RaftServerImpl (RaftServerImpl.java:lambda$shutdown$3(251)) - c0fe0384-ccc2-43dc-b812-8c8a482d02e6@group-136F63CCFA45: shutdown
2019-09-26 09:57:23,235 [main] INFO  impl.RoleInfo (RoleInfo.java:shutdownLeaderState(104)) - 4c024347-3506-43a2-ab40-8471edec8541: shutdown LeaderState
2019-09-26 09:57:23,235 [ForkJoinPool.commonPool-worker-1] INFO  util.JmxRegister (JmxRegister.java:unregister(73)) - Successfully un-registered JMX Bean with object name Ratis:service=RaftServer,group=group-136F63CCFA45,id=c0fe0384-ccc2-43dc-b812-8c8a482d02e6
2019-09-26 09:57:23,235 [main] INFO  impl.PendingRequests (PendingRequests.java:sendNotLeaderResponses(202)) - 4c024347-3506-43a2-ab40-8471edec8541-PendingRequests: sendNotLeaderResponses
2019-09-26 09:57:23,236 [ForkJoinPool.commonPool-worker-1] INFO  impl.RoleInfo (RoleInfo.java:shutdownLeaderState(104)) - c0fe0384-ccc2-43dc-b812-8c8a482d02e6: shutdown LeaderState
2019-09-26 09:57:23,236 [main] INFO  impl.StateMachineUpdater (StateMachineUpdater.java:stopAndJoin(125)) - 4c024347-3506-43a2-ab40-8471edec8541@group-5F02E4F4C487-StateMachineUpdater: set stopIndex = 0
2019-09-26 09:57:23,237 [main] INFO  impl.RaftServerImpl (ServerState.java:close(385)) - 4c024347-3506-43a2-ab40-8471edec8541@group-5F02E4F4C487: closes. applyIndex: 0
2019-09-26 09:57:23,236 [ForkJoinPool.commonPool-worker-1] INFO  impl.PendingRequests (PendingRequests.java:sendNotLeaderResponses(202)) - c0fe0384-ccc2-43dc-b812-8c8a482d02e6-PendingRequests: sendNotLeaderResponses
2019-09-26 09:57:23,237 [4c024347-3506-43a2-ab40-8471edec8541@group-5F02E4F4C487-SegmentedRaftLogWorker] INFO  segmented.SegmentedRaftLogWorker (SegmentedRaftLogWorker.java:run(313)) - 4c024347-3506-43a2-ab40-8471edec8541@group-5F02E4F4C487-SegmentedRaftLogWorker was interrupted, exiting. There are 0 tasks remaining in the queue.
2019-09-26 09:57:23,237 [ForkJoinPool.commonPool-worker-1] INFO  impl.StateMachineUpdater (StateMachineUpdater.java:stopAndJoin(125)) - c0fe0384-ccc2-43dc-b812-8c8a482d02e6@group-136F63CCFA45-StateMachineUpdater: set stopIndex = 0
2019-09-26 09:57:23,239 [main] INFO  segmented.SegmentedRaftLogWorker (SegmentedRaftLogWorker.java:close(228)) - 4c024347-3506-43a2-ab40-8471edec8541@group-5F02E4F4C487-SegmentedRaftLogWorker close()
2019-09-26 09:57:23,240 [ForkJoinPool.commonPool-worker-1] INFO  impl.RaftServerImpl (ServerState.java:close(385)) - c0fe0384-ccc2-43dc-b812-8c8a482d02e6@group-136F63CCFA45: closes. applyIndex: 0
2019-09-26 09:57:23,242 [main] INFO  impl.RaftServerImpl (RaftServerImpl.java:lambda$shutdown$3(251)) - 4c024347-3506-43a2-ab40-8471edec8541@group-EBEBA1842B35: shutdown
2019-09-26 09:57:23,243 [c0fe0384-ccc2-43dc-b812-8c8a482d02e6@group-136F63CCFA45-SegmentedRaftLogWorker] INFO  segmented.SegmentedRaftLogWorker (SegmentedRaftLogWorker.java:run(313)) - c0fe0384-ccc2-43dc-b812-8c8a482d02e6@group-136F63CCFA45-SegmentedRaftLogWorker was interrupted, exiting. There are 0 tasks remaining in the queue.
2019-09-26 09:57:23,243 [main] INFO  util.JmxRegister (JmxRegister.java:unregister(73)) - Successfully un-registered JMX Bean with object name Ratis:service=RaftServer,group=group-EBEBA1842B35,id=4c024347-3506-43a2-ab40-8471edec8541
2019-09-26 09:57:23,245 [ForkJoinPool.commonPool-worker-1] INFO  segmented.SegmentedRaftLogWorker (SegmentedRaftLogWorker.java:close(228)) - c0fe0384-ccc2-43dc-b812-8c8a482d02e6@group-136F63CCFA45-SegmentedRaftLogWorker close()
2019-09-26 09:57:23,245 [main] INFO  impl.RoleInfo (RoleInfo.java:shutdownLeaderState(104)) - 4c024347-3506-43a2-ab40-8471edec8541: shutdown LeaderState
2019-09-26 09:57:23,253 [ForkJoinPool.commonPool-worker-1] INFO  impl.RaftServerImpl (RaftServerImpl.java:lambda$shutdown$3(251)) - c0fe0384-ccc2-43dc-b812-8c8a482d02e6@group-CE2D3CF835C9: shutdown
2019-09-26 09:57:23,253 [main] INFO  impl.PendingRequests (PendingRequests.java:sendNotLeaderResponses(202)) - 4c024347-3506-43a2-ab40-8471edec8541-PendingRequests: sendNotLeaderResponses
2019-09-26 09:57:23,253 [ForkJoinPool.commonPool-worker-1] INFO  util.JmxRegister (JmxRegister.java:unregister(73)) - Successfully un-registered JMX Bean with object name Ratis:service=RaftServer,group=group-CE2D3CF835C9,id=c0fe0384-ccc2-43dc-b812-8c8a482d02e6
2019-09-26 09:57:23,254 [main] INFO  impl.StateMachineUpdater (StateMachineUpdater.java:stopAndJoin(125)) - 4c024347-3506-43a2-ab40-8471edec8541@group-EBEBA1842B35-StateMachineUpdater: set stopIndex = 0
2019-09-26 09:57:23,254 [ForkJoinPool.commonPool-worker-1] INFO  impl.RoleInfo (RoleInfo.java:shutdownLeaderState(104)) - c0fe0384-ccc2-43dc-b812-8c8a482d02e6: shutdown LeaderState
2019-09-26 09:57:23,254 [main] INFO  impl.RaftServerImpl (ServerState.java:close(385)) - 4c024347-3506-43a2-ab40-8471edec8541@group-EBEBA1842B35: closes. applyIndex: 0
2019-09-26 09:57:23,255 [ForkJoinPool.commonPool-worker-1] INFO  impl.PendingRequests (PendingRequests.java:sendNotLeaderResponses(202)) - c0fe0384-ccc2-43dc-b812-8c8a482d02e6-PendingRequests: sendNotLeaderResponses
2019-09-26 09:57:23,255 [4c024347-3506-43a2-ab40-8471edec8541@group-EBEBA1842B35-SegmentedRaftLogWorker] INFO  segmented.SegmentedRaftLogWorker (SegmentedRaftLogWorker.java:run(313)) - 4c024347-3506-43a2-ab40-8471edec8541@group-EBEBA1842B35-SegmentedRaftLogWorker was interrupted, exiting. There are 0 tasks remaining in the queue.
2019-09-26 09:57:23,255 [ForkJoinPool.commonPool-worker-1] INFO  impl.StateMachineUpdater (StateMachineUpdater.java:stopAndJoin(125)) - c0fe0384-ccc2-43dc-b812-8c8a482d02e6@group-CE2D3CF835C9-StateMachineUpdater: set stopIndex = 0
2019-09-26 09:57:23,255 [main] INFO  segmented.SegmentedRaftLogWorker (SegmentedRaftLogWorker.java:close(228)) - 4c024347-3506-43a2-ab40-8471edec8541@group-EBEBA1842B35-SegmentedRaftLogWorker close()
2019-09-26 09:57:23,256 [ForkJoinPool.commonPool-worker-1] INFO  impl.RaftServerImpl (ServerState.java:close(385)) - c0fe0384-ccc2-43dc-b812-8c8a482d02e6@group-CE2D3CF835C9: closes. applyIndex: 0
2019-09-26 09:57:23,257 [c0fe0384-ccc2-43dc-b812-8c8a482d02e6@group-CE2D3CF835C9-SegmentedRaftLogWorker] INFO  segmented.SegmentedRaftLogWorker (SegmentedRaftLogWorker.java:run(313)) - c0fe0384-ccc2-43dc-b812-8c8a482d02e6@group-CE2D3CF835C9-SegmentedRaftLogWorker was interrupted, exiting. There are 0 tasks remaining in the queue.
2019-09-26 09:57:23,258 [ForkJoinPool.commonPool-worker-1] INFO  segmented.SegmentedRaftLogWorker (SegmentedRaftLogWorker.java:close(228)) - c0fe0384-ccc2-43dc-b812-8c8a482d02e6@group-CE2D3CF835C9-SegmentedRaftLogWorker close()
2019-09-26 09:57:23,258 [main] INFO  server.GrpcService (GrpcService.java:closeImpl(164)) - 4c024347-3506-43a2-ab40-8471edec8541: shutdown server with port 39922 now
2019-09-26 09:57:23,260 [ForkJoinPool.commonPool-worker-1] INFO  server.GrpcService (GrpcService.java:closeImpl(164)) - c0fe0384-ccc2-43dc-b812-8c8a482d02e6: shutdown server with port 34767 now
2019-09-26 09:57:23,263 [ForkJoinPool.commonPool-worker-1] INFO  server.GrpcService (GrpcService.java:closeImpl(172)) - c0fe0384-ccc2-43dc-b812-8c8a482d02e6: shutdown server with port 34767 successfully
2019-09-26 09:57:23,265 [main] INFO  server.GrpcService (GrpcService.java:closeImpl(172)) - 4c024347-3506-43a2-ab40-8471edec8541: shutdown server with port 39922 successfully
2019-09-26 09:57:23,268 [refreshUsed-/workdir/hadoop-ozone/integration-test/target/test-dir/MiniOzoneClusterImpl-02a89373-ff67-4b13-ad11-60194c127517/datanode-4/data/containers] WARN  fs.CachingGetSpaceUsed (CachingGetSpaceUsed.java:run(183)) - Thread Interrupted waiting to refresh disk information: sleep interrupted
2019-09-26 09:57:23,272 [refreshUsed-/workdir/hadoop-ozone/integration-test/target/test-dir/MiniOzoneClusterImpl-02a89373-ff67-4b13-ad11-60194c127517/datanode-1/data/containers] WARN  fs.CachingGetSpaceUsed (CachingGetSpaceUsed.java:run(183)) - Thread Interrupted waiting to refresh disk information: sleep interrupted
2019-09-26 09:57:23,284 [main] INFO  utils.BackgroundService (BackgroundService.java:shutdown(148)) - Shutting down service BlockDeletingService
2019-09-26 09:57:23,288 [main] INFO  statemachine.DatanodeStateMachine (DatanodeStateMachine.java:stopDaemon(395)) - Ozone container server stopped.
2019-09-26 09:57:23,289 [main] INFO  handler.ContextHandler (ContextHandler.java:doStop(910)) - Stopped o.e.j.w.WebAppContext@2630dbc4{/,null,UNAVAILABLE}{/hddsDatanode}
2019-09-26 09:57:23,290 [main] INFO  server.AbstractConnector (AbstractConnector.java:doStop(318)) - Stopped ServerConnector@5ea4300e{HTTP/1.1,[http/1.1]}{0.0.0.0:0}
2019-09-26 09:57:23,290 [main] INFO  handler.ContextHandler (ContextHandler.java:doStop(910)) - Stopped o.e.j.s.ServletContextHandler@4228bf58{/static,jar:file:/home/user/.m2/repository/org/apache/hadoop/hadoop-hdds-container-service/0.5.0-SNAPSHOT/hadoop-hdds-container-service-0.5.0-SNAPSHOT.jar!/webapps/static,UNAVAILABLE}
2019-09-26 09:57:23,290 [main] INFO  handler.ContextHandler (ContextHandler.java:doStop(910)) - Stopped o.e.j.s.ServletContextHandler@6f94fb9d{/logs,file:///workdir/hadoop-ozone/integration-test/target/log,UNAVAILABLE}
2019-09-26 09:57:23,292 [ForkJoinPool.commonPool-worker-1] INFO  utils.BackgroundService (BackgroundService.java:shutdown(148)) - Shutting down service BlockDeletingService
2019-09-26 09:57:23,296 [ForkJoinPool.commonPool-worker-1] INFO  statemachine.DatanodeStateMachine (DatanodeStateMachine.java:stopDaemon(395)) - Ozone container server stopped.
2019-09-26 09:57:23,300 [ForkJoinPool.commonPool-worker-1] INFO  handler.ContextHandler (ContextHandler.java:doStop(910)) - Stopped o.e.j.w.WebAppContext@52d97ab6{/,null,UNAVAILABLE}{/hddsDatanode}
2019-09-26 09:57:23,301 [ForkJoinPool.commonPool-worker-1] INFO  server.AbstractConnector (AbstractConnector.java:doStop(318)) - Stopped ServerConnector@4da6d664{HTTP/1.1,[http/1.1]}{0.0.0.0:0}
2019-09-26 09:57:23,302 [ForkJoinPool.commonPool-worker-1] INFO  handler.ContextHandler (ContextHandler.java:doStop(910)) - Stopped o.e.j.s.ServletContextHandler@1a2bcd56{/static,jar:file:/home/user/.m2/repository/org/apache/hadoop/hadoop-hdds-container-service/0.5.0-SNAPSHOT/hadoop-hdds-container-service-0.5.0-SNAPSHOT.jar!/webapps/static,UNAVAILABLE}
2019-09-26 09:57:23,304 [ForkJoinPool.commonPool-worker-1] INFO  handler.ContextHandler (ContextHandler.java:doStop(910)) - Stopped o.e.j.s.ServletContextHandler@c27a3a2{/logs,file:///workdir/hadoop-ozone/integration-test/target/log,UNAVAILABLE}
2019-09-26 09:57:23,477 [Datanode State Machine Thread - 0] INFO  statemachine.DatanodeStateMachine (DatanodeStateMachine.java:lambda$startDaemon$0(350)) - Ozone container server started.
2019-09-26 09:57:23,608 [Datanode State Machine Thread - 0] INFO  statemachine.DatanodeStateMachine (DatanodeStateMachine.java:lambda$startDaemon$0(350)) - Ozone container server started.
2019-09-26 09:57:27,546 [EventQueue-StaleNodeForStaleNodeHandler] INFO  node.StaleNodeHandler (StaleNodeHandler.java:onMessage(58)) - Datanode 9d66027e-d252-4dbd-9b93-1b4908d3cfc2{ip: 192.168.30.13, host: pr-hdds-1569-wvzgm-824869521, networkLocation: /default-rack, certSerialId: null} moved to stale state. Finalizing its pipelines [PipelineID=e567b4e1-8f96-4fd3-9a81-ca14a10fbe8d, PipelineID=a11f78a2-c370-4117-86ff-8ab766391c52, PipelineID=06875337-7ecd-40fc-b4e6-877be78cb39a, PipelineID=c736a97d-b00f-4ce6-8e7d-6beba42e48f6, PipelineID=d3338628-e7d4-4d62-ae2f-354bd00d2338, PipelineID=75ca98de-6890-475f-87c4-34ef1b7aee35]
2019-09-26 09:57:27,547 [EventQueue-StaleNodeForStaleNodeHandler] INFO  pipeline.SCMPipelineManager (SCMPipelineManager.java:finalizeAndDestroyPipeline(316)) - destroying pipeline:Pipeline[ Id: e567b4e1-8f96-4fd3-9a81-ca14a10fbe8d, Nodes: 9d66027e-d252-4dbd-9b93-1b4908d3cfc2{ip: 192.168.30.13, host: pr-hdds-1569-wvzgm-824869521, networkLocation: /default-rack, certSerialId: null}, Type:RATIS, Factor:ONE, State:OPEN]
2019-09-26 09:57:27,547 [EventQueue-StaleNodeForStaleNodeHandler] INFO  pipeline.PipelineStateManager (PipelineStateManager.java:finalizePipeline(123)) - Pipeline Pipeline[ Id: e567b4e1-8f96-4fd3-9a81-ca14a10fbe8d, Nodes: 9d66027e-d252-4dbd-9b93-1b4908d3cfc2{ip: 192.168.30.13, host: pr-hdds-1569-wvzgm-824869521, networkLocation: /default-rack, certSerialId: null}, Type:RATIS, Factor:ONE, State:CLOSED] moved to CLOSED state
2019-09-26 09:57:27,547 [EventQueue-StaleNodeForStaleNodeHandler] INFO  pipeline.SCMPipelineManager (SCMPipelineManager.java:finalizeAndDestroyPipeline(316)) - destroying pipeline:Pipeline[ Id: a11f78a2-c370-4117-86ff-8ab766391c52, Nodes: 9d66027e-d252-4dbd-9b93-1b4908d3cfc2{ip: 192.168.30.13, host: pr-hdds-1569-wvzgm-824869521, networkLocation: /default-rack, certSerialId: null}, Type:RATIS, Factor:ONE, State:OPEN]
2019-09-26 09:57:27,548 [EventQueue-StaleNodeForStaleNodeHandler] INFO  pipeline.PipelineStateManager (PipelineStateManager.java:finalizePipeline(123)) - Pipeline Pipeline[ Id: a11f78a2-c370-4117-86ff-8ab766391c52, Nodes: 9d66027e-d252-4dbd-9b93-1b4908d3cfc2{ip: 192.168.30.13, host: pr-hdds-1569-wvzgm-824869521, networkLocation: /default-rack, certSerialId: null}, Type:RATIS, Factor:ONE, State:CLOSED] moved to CLOSED state
2019-09-26 09:57:27,548 [EventQueue-StaleNodeForStaleNodeHandler] INFO  pipeline.SCMPipelineManager (SCMPipelineManager.java:finalizeAndDestroyPipeline(316)) - destroying pipeline:Pipeline[ Id: 06875337-7ecd-40fc-b4e6-877be78cb39a, Nodes: 9d66027e-d252-4dbd-9b93-1b4908d3cfc2{ip: 192.168.30.13, host: pr-hdds-1569-wvzgm-824869521, networkLocation: /default-rack, certSerialId: null}, Type:RATIS, Factor:ONE, State:OPEN]
2019-09-26 09:57:27,548 [EventQueue-StaleNodeForStaleNodeHandler] INFO  pipeline.PipelineStateManager (PipelineStateManager.java:finalizePipeline(123)) - Pipeline Pipeline[ Id: 06875337-7ecd-40fc-b4e6-877be78cb39a, Nodes: 9d66027e-d252-4dbd-9b93-1b4908d3cfc2{ip: 192.168.30.13, host: pr-hdds-1569-wvzgm-824869521, networkLocation: /default-rack, certSerialId: null}, Type:RATIS, Factor:ONE, State:CLOSED] moved to CLOSED state
2019-09-26 09:57:27,548 [EventQueue-StaleNodeForStaleNodeHandler] INFO  pipeline.SCMPipelineManager (SCMPipelineManager.java:finalizeAndDestroyPipeline(316)) - destroying pipeline:Pipeline[ Id: c736a97d-b00f-4ce6-8e7d-6beba42e48f6, Nodes: 9d66027e-d252-4dbd-9b93-1b4908d3cfc2{ip: 192.168.30.13, host: pr-hdds-1569-wvzgm-824869521, networkLocation: /default-rack, certSerialId: null}, Type:RATIS, Factor:ONE, State:OPEN]
2019-09-26 09:57:27,549 [EventQueue-StaleNodeForStaleNodeHandler] INFO  pipeline.PipelineStateManager (PipelineStateManager.java:finalizePipeline(123)) - Pipeline Pipeline[ Id: c736a97d-b00f-4ce6-8e7d-6beba42e48f6, Nodes: 9d66027e-d252-4dbd-9b93-1b4908d3cfc2{ip: 192.168.30.13, host: pr-hdds-1569-wvzgm-824869521, networkLocation: /default-rack, certSerialId: null}, Type:RATIS, Factor:ONE, State:CLOSED] moved to CLOSED state
2019-09-26 09:57:27,549 [EventQueue-StaleNodeForStaleNodeHandler] INFO  pipeline.SCMPipelineManager (SCMPipelineManager.java:finalizeAndDestroyPipeline(316)) - destroying pipeline:Pipeline[ Id: d3338628-e7d4-4d62-ae2f-354bd00d2338, Nodes: 9d66027e-d252-4dbd-9b93-1b4908d3cfc2{ip: 192.168.30.13, host: pr-hdds-1569-wvzgm-824869521, networkLocation: /default-rack, certSerialId: null}, Type:RATIS, Factor:ONE, State:OPEN]
2019-09-26 09:57:27,549 [EventQueue-StaleNodeForStaleNodeHandler] INFO  pipeline.PipelineStateManager (PipelineStateManager.java:finalizePipeline(123)) - Pipeline Pipeline[ Id: d3338628-e7d4-4d62-ae2f-354bd00d2338, Nodes: 9d66027e-d252-4dbd-9b93-1b4908d3cfc2{ip: 192.168.30.13, host: pr-hdds-1569-wvzgm-824869521, networkLocation: /default-rack, certSerialId: null}, Type:RATIS, Factor:ONE, State:CLOSED] moved to CLOSED state
2019-09-26 09:57:27,549 [EventQueue-StaleNodeForStaleNodeHandler] INFO  pipeline.SCMPipelineManager (SCMPipelineManager.java:finalizeAndDestroyPipeline(316)) - destroying pipeline:Pipeline[ Id: 75ca98de-6890-475f-87c4-34ef1b7aee35, Nodes: 9d66027e-d252-4dbd-9b93-1b4908d3cfc2{ip: 192.168.30.13, host: pr-hdds-1569-wvzgm-824869521, networkLocation: /default-rack, certSerialId: null}, Type:RATIS, Factor:ONE, State:OPEN]
2019-09-26 09:57:27,550 [EventQueue-StaleNodeForStaleNodeHandler] INFO  pipeline.PipelineStateManager (PipelineStateManager.java:finalizePipeline(123)) - Pipeline Pipeline[ Id: 75ca98de-6890-475f-87c4-34ef1b7aee35, Nodes: 9d66027e-d252-4dbd-9b93-1b4908d3cfc2{ip: 192.168.30.13, host: pr-hdds-1569-wvzgm-824869521, networkLocation: /default-rack, certSerialId: null}, Type:RATIS, Factor:ONE, State:CLOSED] moved to CLOSED state
2019-09-26 09:57:27,661 [EventQueue-StaleNodeForStaleNodeHandler] INFO  node.StaleNodeHandler (StaleNodeHandler.java:onMessage(58)) - Datanode 62a5622f-7436-420d-b3aa-8ce684692afe{ip: 192.168.30.13, host: pr-hdds-1569-wvzgm-824869521, networkLocation: /default-rack, certSerialId: null} moved to stale state. Finalizing its pipelines [PipelineID=a2ea2ac6-1501-4cec-a4ae-f834dd8813c4, PipelineID=bf9746fd-f062-4ef7-ba55-f5cb92c3a19a, PipelineID=78d8816a-9c43-4954-a343-e284d42f8c25, PipelineID=683c2996-e90c-49cf-b9ab-84b02a11f9c8, PipelineID=19c4cf21-40b1-4675-94bc-7dd7382a733b, PipelineID=0b3e9452-7003-48fc-b2cb-cbc832f9cc17]
2019-09-26 09:57:27,671 [EventQueue-StaleNodeForStaleNodeHandler] INFO  pipeline.SCMPipelineManager (SCMPipelineManager.java:finalizeAndDestroyPipeline(316)) - destroying pipeline:Pipeline[ Id: a2ea2ac6-1501-4cec-a4ae-f834dd8813c4, Nodes: 62a5622f-7436-420d-b3aa-8ce684692afe{ip: 192.168.30.13, host: pr-hdds-1569-wvzgm-824869521, networkLocation: /default-rack, certSerialId: null}, Type:RATIS, Factor:ONE, State:OPEN]
2019-09-26 09:57:27,684 [EventQueue-StaleNodeForStaleNodeHandler] INFO  pipeline.PipelineStateManager (PipelineStateManager.java:finalizePipeline(123)) - Pipeline Pipeline[ Id: a2ea2ac6-1501-4cec-a4ae-f834dd8813c4, Nodes: 62a5622f-7436-420d-b3aa-8ce684692afe{ip: 192.168.30.13, host: pr-hdds-1569-wvzgm-824869521, networkLocation: /default-rack, certSerialId: null}, Type:RATIS, Factor:ONE, State:CLOSED] moved to CLOSED state
2019-09-26 09:57:27,684 [EventQueue-StaleNodeForStaleNodeHandler] INFO  pipeline.SCMPipelineManager (SCMPipelineManager.java:finalizeAndDestroyPipeline(316)) - destroying pipeline:Pipeline[ Id: bf9746fd-f062-4ef7-ba55-f5cb92c3a19a, Nodes: 62a5622f-7436-420d-b3aa-8ce684692afe{ip: 192.168.30.13, host: pr-hdds-1569-wvzgm-824869521, networkLocation: /default-rack, certSerialId: null}, Type:RATIS, Factor:ONE, State:OPEN]
2019-09-26 09:57:27,684 [EventQueue-StaleNodeForStaleNodeHandler] INFO  pipeline.PipelineStateManager (PipelineStateManager.java:finalizePipeline(123)) - Pipeline Pipeline[ Id: bf9746fd-f062-4ef7-ba55-f5cb92c3a19a, Nodes: 62a5622f-7436-420d-b3aa-8ce684692afe{ip: 192.168.30.13, host: pr-hdds-1569-wvzgm-824869521, networkLocation: /default-rack, certSerialId: null}, Type:RATIS, Factor:ONE, State:CLOSED] moved to CLOSED state
2019-09-26 09:57:27,685 [EventQueue-StaleNodeForStaleNodeHandler] INFO  pipeline.SCMPipelineManager (SCMPipelineManager.java:finalizeAndDestroyPipeline(316)) - destroying pipeline:Pipeline[ Id: 78d8816a-9c43-4954-a343-e284d42f8c25, Nodes: 62a5622f-7436-420d-b3aa-8ce684692afe{ip: 192.168.30.13, host: pr-hdds-1569-wvzgm-824869521, networkLocation: /default-rack, certSerialId: null}, Type:RATIS, Factor:ONE, State:OPEN]
2019-09-26 09:57:27,685 [EventQueue-StaleNodeForStaleNodeHandler] INFO  pipeline.PipelineStateManager (PipelineStateManager.java:finalizePipeline(123)) - Pipeline Pipeline[ Id: 78d8816a-9c43-4954-a343-e284d42f8c25, Nodes: 62a5622f-7436-420d-b3aa-8ce684692afe{ip: 192.168.30.13, host: pr-hdds-1569-wvzgm-824869521, networkLocation: /default-rack, certSerialId: null}, Type:RATIS, Factor:ONE, State:CLOSED] moved to CLOSED state
2019-09-26 09:57:27,685 [EventQueue-StaleNodeForStaleNodeHandler] INFO  pipeline.SCMPipelineManager (SCMPipelineManager.java:finalizeAndDestroyPipeline(316)) - destroying pipeline:Pipeline[ Id: 683c2996-e90c-49cf-b9ab-84b02a11f9c8, Nodes: 62a5622f-7436-420d-b3aa-8ce684692afe{ip: 192.168.30.13, host: pr-hdds-1569-wvzgm-824869521, networkLocation: /default-rack, certSerialId: null}, Type:RATIS, Factor:ONE, State:OPEN]
2019-09-26 09:57:27,685 [EventQueue-StaleNodeForStaleNodeHandler] INFO  pipeline.PipelineStateManager (PipelineStateManager.java:finalizePipeline(123)) - Pipeline Pipeline[ Id: 683c2996-e90c-49cf-b9ab-84b02a11f9c8, Nodes: 62a5622f-7436-420d-b3aa-8ce684692afe{ip: 192.168.30.13, host: pr-hdds-1569-wvzgm-824869521, networkLocation: /default-rack, certSerialId: null}, Type:RATIS, Factor:ONE, State:CLOSED] moved to CLOSED state
2019-09-26 09:57:27,686 [EventQueue-StaleNodeForStaleNodeHandler] INFO  pipeline.SCMPipelineManager (SCMPipelineManager.java:finalizeAndDestroyPipeline(316)) - destroying pipeline:Pipeline[ Id: 19c4cf21-40b1-4675-94bc-7dd7382a733b, Nodes: 62a5622f-7436-420d-b3aa-8ce684692afe{ip: 192.168.30.13, host: pr-hdds-1569-wvzgm-824869521, networkLocation: /default-rack, certSerialId: null}, Type:RATIS, Factor:ONE, State:OPEN]
2019-09-26 09:57:27,686 [EventQueue-StaleNodeForStaleNodeHandler] INFO  pipeline.PipelineStateManager (PipelineStateManager.java:finalizePipeline(123)) - Pipeline Pipeline[ Id: 19c4cf21-40b1-4675-94bc-7dd7382a733b, Nodes: 62a5622f-7436-420d-b3aa-8ce684692afe{ip: 192.168.30.13, host: pr-hdds-1569-wvzgm-824869521, networkLocation: /default-rack, certSerialId: null}, Type:RATIS, Factor:ONE, State:CLOSED] moved to CLOSED state
2019-09-26 09:57:27,686 [EventQueue-StaleNodeForStaleNodeHandler] INFO  pipeline.SCMPipelineManager (SCMPipelineManager.java:finalizeAndDestroyPipeline(316)) - destroying pipeline:Pipeline[ Id: 0b3e9452-7003-48fc-b2cb-cbc832f9cc17, Nodes: 62a5622f-7436-420d-b3aa-8ce684692afe{ip: 192.168.30.13, host: pr-hdds-1569-wvzgm-824869521, networkLocation: /default-rack, certSerialId: null}, Type:RATIS, Factor:ONE, State:OPEN]
2019-09-26 09:57:27,686 [EventQueue-StaleNodeForStaleNodeHandler] INFO  pipeline.PipelineStateManager (PipelineStateManager.java:finalizePipeline(123)) - Pipeline Pipeline[ Id: 0b3e9452-7003-48fc-b2cb-cbc832f9cc17, Nodes: 62a5622f-7436-420d-b3aa-8ce684692afe{ip: 192.168.30.13, host: pr-hdds-1569-wvzgm-824869521, networkLocation: /default-rack, certSerialId: null}, Type:RATIS, Factor:ONE, State:CLOSED] moved to CLOSED state
2019-09-26 09:57:28,296 [main] INFO  ozoneimpl.OzoneContainer (OzoneContainer.java:stop(231)) - Attempting to stop container services.
2019-09-26 09:57:28,300 [main] INFO  impl.RaftServerProxy (RaftServerProxy.java:lambda$close$4(314)) - 62a5622f-7436-420d-b3aa-8ce684692afe: close
2019-09-26 09:57:28,301 [main] INFO  impl.RaftServerImpl (RaftServerImpl.java:lambda$shutdown$3(251)) - 62a5622f-7436-420d-b3aa-8ce684692afe@group-F834DD8813C4: shutdown
2019-09-26 09:57:28,301 [main] INFO  util.JmxRegister (JmxRegister.java:unregister(73)) - Successfully un-registered JMX Bean with object name Ratis:service=RaftServer,group=group-F834DD8813C4,id=62a5622f-7436-420d-b3aa-8ce684692afe
2019-09-26 09:57:28,302 [main] INFO  impl.RoleInfo (RoleInfo.java:shutdownLeaderState(104)) - 62a5622f-7436-420d-b3aa-8ce684692afe: shutdown LeaderState
2019-09-26 09:57:28,302 [main] INFO  impl.PendingRequests (PendingRequests.java:sendNotLeaderResponses(202)) - 62a5622f-7436-420d-b3aa-8ce684692afe-PendingRequests: sendNotLeaderResponses
2019-09-26 09:57:28,303 [main] INFO  impl.StateMachineUpdater (StateMachineUpdater.java:stopAndJoin(125)) - 62a5622f-7436-420d-b3aa-8ce684692afe@group-F834DD8813C4-StateMachineUpdater: set stopIndex = 0
2019-09-26 09:57:28,303 [main] INFO  impl.RaftServerImpl (ServerState.java:close(385)) - 62a5622f-7436-420d-b3aa-8ce684692afe@group-F834DD8813C4: closes. applyIndex: 0
2019-09-26 09:57:28,304 [62a5622f-7436-420d-b3aa-8ce684692afe@group-F834DD8813C4-SegmentedRaftLogWorker] INFO  segmented.SegmentedRaftLogWorker (SegmentedRaftLogWorker.java:run(313)) - 62a5622f-7436-420d-b3aa-8ce684692afe@group-F834DD8813C4-SegmentedRaftLogWorker was interrupted, exiting. There are 0 tasks remaining in the queue.
2019-09-26 09:57:28,304 [main] INFO  segmented.SegmentedRaftLogWorker (SegmentedRaftLogWorker.java:close(228)) - 62a5622f-7436-420d-b3aa-8ce684692afe@group-F834DD8813C4-SegmentedRaftLogWorker close()
2019-09-26 09:57:28,306 [main] INFO  impl.RaftServerImpl (RaftServerImpl.java:lambda$shutdown$3(251)) - 62a5622f-7436-420d-b3aa-8ce684692afe@group-F5CB92C3A19A: shutdown
2019-09-26 09:57:28,306 [ForkJoinPool.commonPool-worker-1] INFO  ozoneimpl.OzoneContainer (OzoneContainer.java:stop(231)) - Attempting to stop container services.
2019-09-26 09:57:28,307 [main] INFO  util.JmxRegister (JmxRegister.java:unregister(73)) - Successfully un-registered JMX Bean with object name Ratis:service=RaftServer,group=group-F5CB92C3A19A,id=62a5622f-7436-420d-b3aa-8ce684692afe
2019-09-26 09:57:28,307 [ForkJoinPool.commonPool-worker-1] INFO  impl.RaftServerProxy (RaftServerProxy.java:lambda$close$4(314)) - 9d66027e-d252-4dbd-9b93-1b4908d3cfc2: close
2019-09-26 09:57:28,307 [main] INFO  impl.RoleInfo (RoleInfo.java:shutdownLeaderState(104)) - 62a5622f-7436-420d-b3aa-8ce684692afe: shutdown LeaderState
2019-09-26 09:57:28,307 [ForkJoinPool.commonPool-worker-1] INFO  impl.RaftServerImpl (RaftServerImpl.java:lambda$shutdown$3(251)) - 9d66027e-d252-4dbd-9b93-1b4908d3cfc2@group-CA14A10FBE8D: shutdown
2019-09-26 09:57:28,308 [main] INFO  impl.PendingRequests (PendingRequests.java:sendNotLeaderResponses(202)) - 62a5622f-7436-420d-b3aa-8ce684692afe-PendingRequests: sendNotLeaderResponses
2019-09-26 09:57:28,308 [ForkJoinPool.commonPool-worker-1] INFO  util.JmxRegister (JmxRegister.java:unregister(73)) - Successfully un-registered JMX Bean with object name Ratis:service=RaftServer,group=group-CA14A10FBE8D,id=9d66027e-d252-4dbd-9b93-1b4908d3cfc2
2019-09-26 09:57:28,308 [main] INFO  impl.StateMachineUpdater (StateMachineUpdater.java:stopAndJoin(125)) - 62a5622f-7436-420d-b3aa-8ce684692afe@group-F5CB92C3A19A-StateMachineUpdater: set stopIndex = 0
2019-09-26 09:57:28,309 [ForkJoinPool.commonPool-worker-1] INFO  impl.RoleInfo (RoleInfo.java:shutdownLeaderState(104)) - 9d66027e-d252-4dbd-9b93-1b4908d3cfc2: shutdown LeaderState
2019-09-26 09:57:28,309 [main] INFO  impl.RaftServerImpl (ServerState.java:close(385)) - 62a5622f-7436-420d-b3aa-8ce684692afe@group-F5CB92C3A19A: closes. applyIndex: 0
2019-09-26 09:57:28,309 [ForkJoinPool.commonPool-worker-1] INFO  impl.PendingRequests (PendingRequests.java:sendNotLeaderResponses(202)) - 9d66027e-d252-4dbd-9b93-1b4908d3cfc2-PendingRequests: sendNotLeaderResponses
2019-09-26 09:57:28,310 [62a5622f-7436-420d-b3aa-8ce684692afe@group-F5CB92C3A19A-SegmentedRaftLogWorker] INFO  segmented.SegmentedRaftLogWorker (SegmentedRaftLogWorker.java:run(313)) - 62a5622f-7436-420d-b3aa-8ce684692afe@group-F5CB92C3A19A-SegmentedRaftLogWorker was interrupted, exiting. There are 0 tasks remaining in the queue.
2019-09-26 09:57:28,310 [ForkJoinPool.commonPool-worker-1] INFO  impl.StateMachineUpdater (StateMachineUpdater.java:stopAndJoin(125)) - 9d66027e-d252-4dbd-9b93-1b4908d3cfc2@group-CA14A10FBE8D-StateMachineUpdater: set stopIndex = 0
2019-09-26 09:57:28,310 [main] INFO  segmented.SegmentedRaftLogWorker (SegmentedRaftLogWorker.java:close(228)) - 62a5622f-7436-420d-b3aa-8ce684692afe@group-F5CB92C3A19A-SegmentedRaftLogWorker close()
2019-09-26 09:57:28,310 [ForkJoinPool.commonPool-worker-1] INFO  impl.RaftServerImpl (ServerState.java:close(385)) - 9d66027e-d252-4dbd-9b93-1b4908d3cfc2@group-CA14A10FBE8D: closes. applyIndex: 0
2019-09-26 09:57:28,312 [main] INFO  impl.RaftServerImpl (RaftServerImpl.java:lambda$shutdown$3(251)) - 62a5622f-7436-420d-b3aa-8ce684692afe@group-E284D42F8C25: shutdown
2019-09-26 09:57:28,312 [9d66027e-d252-4dbd-9b93-1b4908d3cfc2@group-CA14A10FBE8D-SegmentedRaftLogWorker] INFO  segmented.SegmentedRaftLogWorker (SegmentedRaftLogWorker.java:run(313)) - 9d66027e-d252-4dbd-9b93-1b4908d3cfc2@group-CA14A10FBE8D-SegmentedRaftLogWorker was interrupted, exiting. There are 0 tasks remaining in the queue.
2019-09-26 09:57:28,312 [main] INFO  util.JmxRegister (JmxRegister.java:unregister(73)) - Successfully un-registered JMX Bean with object name Ratis:service=RaftServer,group=group-E284D42F8C25,id=62a5622f-7436-420d-b3aa-8ce684692afe
2019-09-26 09:57:28,313 [ForkJoinPool.commonPool-worker-1] INFO  segmented.SegmentedRaftLogWorker (SegmentedRaftLogWorker.java:close(228)) - 9d66027e-d252-4dbd-9b93-1b4908d3cfc2@group-CA14A10FBE8D-SegmentedRaftLogWorker close()
2019-09-26 09:57:28,313 [main] INFO  impl.RoleInfo (RoleInfo.java:shutdownLeaderState(104)) - 62a5622f-7436-420d-b3aa-8ce684692afe: shutdown LeaderState
2019-09-26 09:57:28,315 [ForkJoinPool.commonPool-worker-1] INFO  impl.RaftServerImpl (RaftServerImpl.java:lambda$shutdown$3(251)) - 9d66027e-d252-4dbd-9b93-1b4908d3cfc2@group-8AB766391C52: shutdown
2019-09-26 09:57:28,315 [main] INFO  impl.PendingRequests (PendingRequests.java:sendNotLeaderResponses(202)) - 62a5622f-7436-420d-b3aa-8ce684692afe-PendingRequests: sendNotLeaderResponses
2019-09-26 09:57:28,315 [ForkJoinPool.commonPool-worker-1] INFO  util.JmxRegister (JmxRegister.java:unregister(73)) - Successfully un-registered JMX Bean with object name Ratis:service=RaftServer,group=group-8AB766391C52,id=9d66027e-d252-4dbd-9b93-1b4908d3cfc2
2019-09-26 09:57:28,316 [main] INFO  impl.StateMachineUpdater (StateMachineUpdater.java:stopAndJoin(125)) - 62a5622f-7436-420d-b3aa-8ce684692afe@group-E284D42F8C25-StateMachineUpdater: set stopIndex = 0
2019-09-26 09:57:28,316 [ForkJoinPool.commonPool-worker-1] INFO  impl.RoleInfo (RoleInfo.java:shutdownLeaderState(104)) - 9d66027e-d252-4dbd-9b93-1b4908d3cfc2: shutdown LeaderState
2019-09-26 09:57:28,316 [main] INFO  impl.RaftServerImpl (ServerState.java:close(385)) - 62a5622f-7436-420d-b3aa-8ce684692afe@group-E284D42F8C25: closes. applyIndex: 0
2019-09-26 09:57:28,316 [ForkJoinPool.commonPool-worker-1] INFO  impl.PendingRequests (PendingRequests.java:sendNotLeaderResponses(202)) - 9d66027e-d252-4dbd-9b93-1b4908d3cfc2-PendingRequests: sendNotLeaderResponses
2019-09-26 09:57:28,317 [62a5622f-7436-420d-b3aa-8ce684692afe@group-E284D42F8C25-SegmentedRaftLogWorker] INFO  segmented.SegmentedRaftLogWorker (SegmentedRaftLogWorker.java:run(313)) - 62a5622f-7436-420d-b3aa-8ce684692afe@group-E284D42F8C25-SegmentedRaftLogWorker was interrupted, exiting. There are 0 tasks remaining in the queue.
2019-09-26 09:57:28,317 [ForkJoinPool.commonPool-worker-1] INFO  impl.StateMachineUpdater (StateMachineUpdater.java:stopAndJoin(125)) - 9d66027e-d252-4dbd-9b93-1b4908d3cfc2@group-8AB766391C52-StateMachineUpdater: set stopIndex = 0
2019-09-26 09:57:28,317 [main] INFO  segmented.SegmentedRaftLogWorker (SegmentedRaftLogWorker.java:close(228)) - 62a5622f-7436-420d-b3aa-8ce684692afe@group-E284D42F8C25-SegmentedRaftLogWorker close()
2019-09-26 09:57:28,317 [ForkJoinPool.commonPool-worker-1] INFO  impl.RaftServerImpl (ServerState.java:close(385)) - 9d66027e-d252-4dbd-9b93-1b4908d3cfc2@group-8AB766391C52: closes. applyIndex: 0
2019-09-26 09:57:28,319 [main] INFO  impl.RaftServerImpl (RaftServerImpl.java:lambda$shutdown$3(251)) - 62a5622f-7436-420d-b3aa-8ce684692afe@group-84B02A11F9C8: shutdown
2019-09-26 09:57:28,319 [9d66027e-d252-4dbd-9b93-1b4908d3cfc2@group-8AB766391C52-SegmentedRaftLogWorker] INFO  segmented.SegmentedRaftLogWorker (SegmentedRaftLogWorker.java:run(313)) - 9d66027e-d252-4dbd-9b93-1b4908d3cfc2@group-8AB766391C52-SegmentedRaftLogWorker was interrupted, exiting. There are 0 tasks remaining in the queue.
2019-09-26 09:57:28,320 [main] INFO  util.JmxRegister (JmxRegister.java:unregister(73)) - Successfully un-registered JMX Bean with object name Ratis:service=RaftServer,group=group-84B02A11F9C8,id=62a5622f-7436-420d-b3aa-8ce684692afe
2019-09-26 09:57:28,320 [main] INFO  impl.RoleInfo (RoleInfo.java:shutdownLeaderState(104)) - 62a5622f-7436-420d-b3aa-8ce684692afe: shutdown LeaderState
2019-09-26 09:57:28,320 [ForkJoinPool.commonPool-worker-1] INFO  segmented.SegmentedRaftLogWorker (SegmentedRaftLogWorker.java:close(228)) - 9d66027e-d252-4dbd-9b93-1b4908d3cfc2@group-8AB766391C52-SegmentedRaftLogWorker close()
2019-09-26 09:57:28,321 [main] INFO  impl.PendingRequests (PendingRequests.java:sendNotLeaderResponses(202)) - 62a5622f-7436-420d-b3aa-8ce684692afe-PendingRequests: sendNotLeaderResponses
2019-09-26 09:57:28,323 [ForkJoinPool.commonPool-worker-1] INFO  impl.RaftServerImpl (RaftServerImpl.java:lambda$shutdown$3(251)) - 9d66027e-d252-4dbd-9b93-1b4908d3cfc2@group-877BE78CB39A: shutdown
2019-09-26 09:57:28,324 [main] INFO  impl.StateMachineUpdater (StateMachineUpdater.java:stopAndJoin(125)) - 62a5622f-7436-420d-b3aa-8ce684692afe@group-84B02A11F9C8-StateMachineUpdater: set stopIndex = 0
2019-09-26 09:57:28,324 [ForkJoinPool.commonPool-worker-1] INFO  util.JmxRegister (JmxRegister.java:unregister(73)) - Successfully un-registered JMX Bean with object name Ratis:service=RaftServer,group=group-877BE78CB39A,id=9d66027e-d252-4dbd-9b93-1b4908d3cfc2
2019-09-26 09:57:28,324 [main] INFO  impl.RaftServerImpl (ServerState.java:close(385)) - 62a5622f-7436-420d-b3aa-8ce684692afe@group-84B02A11F9C8: closes. applyIndex: 0
2019-09-26 09:57:28,324 [ForkJoinPool.commonPool-worker-1] INFO  impl.RoleInfo (RoleInfo.java:shutdownLeaderState(104)) - 9d66027e-d252-4dbd-9b93-1b4908d3cfc2: shutdown LeaderState
2019-09-26 09:57:28,325 [62a5622f-7436-420d-b3aa-8ce684692afe@group-84B02A11F9C8-SegmentedRaftLogWorker] INFO  segmented.SegmentedRaftLogWorker (SegmentedRaftLogWorker.java:run(313)) - 62a5622f-7436-420d-b3aa-8ce684692afe@group-84B02A11F9C8-SegmentedRaftLogWorker was interrupted, exiting. There are 0 tasks remaining in the queue.
2019-09-26 09:57:28,325 [ForkJoinPool.commonPool-worker-1] INFO  impl.PendingRequests (PendingRequests.java:sendNotLeaderResponses(202)) - 9d66027e-d252-4dbd-9b93-1b4908d3cfc2-PendingRequests: sendNotLeaderResponses
2019-09-26 09:57:28,325 [main] INFO  segmented.SegmentedRaftLogWorker (SegmentedRaftLogWorker.java:close(228)) - 62a5622f-7436-420d-b3aa-8ce684692afe@group-84B02A11F9C8-SegmentedRaftLogWorker close()
2019-09-26 09:57:28,325 [ForkJoinPool.commonPool-worker-1] INFO  impl.StateMachineUpdater (StateMachineUpdater.java:stopAndJoin(125)) - 9d66027e-d252-4dbd-9b93-1b4908d3cfc2@group-877BE78CB39A-StateMachineUpdater: set stopIndex = 0
2019-09-26 09:57:28,327 [main] INFO  impl.RaftServerImpl (RaftServerImpl.java:lambda$shutdown$3(251)) - 62a5622f-7436-420d-b3aa-8ce684692afe@group-7DD7382A733B: shutdown
2019-09-26 09:57:28,327 [ForkJoinPool.commonPool-worker-1] INFO  impl.RaftServerImpl (ServerState.java:close(385)) - 9d66027e-d252-4dbd-9b93-1b4908d3cfc2@group-877BE78CB39A: closes. applyIndex: 0
2019-09-26 09:57:28,328 [main] INFO  util.JmxRegister (JmxRegister.java:unregister(73)) - Successfully un-registered JMX Bean with object name Ratis:service=RaftServer,group=group-7DD7382A733B,id=62a5622f-7436-420d-b3aa-8ce684692afe
2019-09-26 09:57:28,328 [9d66027e-d252-4dbd-9b93-1b4908d3cfc2@group-877BE78CB39A-SegmentedRaftLogWorker] INFO  segmented.SegmentedRaftLogWorker (SegmentedRaftLogWorker.java:run(313)) - 9d66027e-d252-4dbd-9b93-1b4908d3cfc2@group-877BE78CB39A-SegmentedRaftLogWorker was interrupted, exiting. There are 0 tasks remaining in the queue.
2019-09-26 09:57:28,328 [main] INFO  impl.RoleInfo (RoleInfo.java:shutdownLeaderState(104)) - 62a5622f-7436-420d-b3aa-8ce684692afe: shutdown LeaderState
2019-09-26 09:57:28,329 [ForkJoinPool.commonPool-worker-1] INFO  segmented.SegmentedRaftLogWorker (SegmentedRaftLogWorker.java:close(228)) - 9d66027e-d252-4dbd-9b93-1b4908d3cfc2@group-877BE78CB39A-SegmentedRaftLogWorker close()
2019-09-26 09:57:28,329 [main] INFO  impl.PendingRequests (PendingRequests.java:sendNotLeaderResponses(202)) - 62a5622f-7436-420d-b3aa-8ce684692afe-PendingRequests: sendNotLeaderResponses
2019-09-26 09:57:28,331 [ForkJoinPool.commonPool-worker-1] INFO  impl.RaftServerImpl (RaftServerImpl.java:lambda$shutdown$3(251)) - 9d66027e-d252-4dbd-9b93-1b4908d3cfc2@group-6BEBA42E48F6: shutdown
2019-09-26 09:57:28,331 [main] INFO  impl.StateMachineUpdater (StateMachineUpdater.java:stopAndJoin(125)) - 62a5622f-7436-420d-b3aa-8ce684692afe@group-7DD7382A733B-StateMachineUpdater: set stopIndex = 0
2019-09-26 09:57:28,332 [ForkJoinPool.commonPool-worker-1] INFO  util.JmxRegister (JmxRegister.java:unregister(73)) - Successfully un-registered JMX Bean with object name Ratis:service=RaftServer,group=group-6BEBA42E48F6,id=9d66027e-d252-4dbd-9b93-1b4908d3cfc2
2019-09-26 09:57:28,332 [main] INFO  impl.RaftServerImpl (ServerState.java:close(385)) - 62a5622f-7436-420d-b3aa-8ce684692afe@group-7DD7382A733B: closes. applyIndex: 0
2019-09-26 09:57:28,332 [ForkJoinPool.commonPool-worker-1] INFO  impl.RoleInfo (RoleInfo.java:shutdownLeaderState(104)) - 9d66027e-d252-4dbd-9b93-1b4908d3cfc2: shutdown LeaderState
2019-09-26 09:57:28,333 [62a5622f-7436-420d-b3aa-8ce684692afe@group-7DD7382A733B-SegmentedRaftLogWorker] INFO  segmented.SegmentedRaftLogWorker (SegmentedRaftLogWorker.java:run(313)) - 62a5622f-7436-420d-b3aa-8ce684692afe@group-7DD7382A733B-SegmentedRaftLogWorker was interrupted, exiting. There are 0 tasks remaining in the queue.
2019-09-26 09:57:28,333 [ForkJoinPool.commonPool-worker-1] INFO  impl.PendingRequests (PendingRequests.java:sendNotLeaderResponses(202)) - 9d66027e-d252-4dbd-9b93-1b4908d3cfc2-PendingRequests: sendNotLeaderResponses
2019-09-26 09:57:28,333 [main] INFO  segmented.SegmentedRaftLogWorker (SegmentedRaftLogWorker.java:close(228)) - 62a5622f-7436-420d-b3aa-8ce684692afe@group-7DD7382A733B-SegmentedRaftLogWorker close()
2019-09-26 09:57:28,333 [ForkJoinPool.commonPool-worker-1] INFO  impl.StateMachineUpdater (StateMachineUpdater.java:stopAndJoin(125)) - 9d66027e-d252-4dbd-9b93-1b4908d3cfc2@group-6BEBA42E48F6-StateMachineUpdater: set stopIndex = 0
2019-09-26 09:57:28,340 [main] INFO  impl.RaftServerImpl (RaftServerImpl.java:lambda$shutdown$3(251)) - 62a5622f-7436-420d-b3aa-8ce684692afe@group-CBC832F9CC17: shutdown
2019-09-26 09:57:28,340 [ForkJoinPool.commonPool-worker-1] INFO  impl.RaftServerImpl (ServerState.java:close(385)) - 9d66027e-d252-4dbd-9b93-1b4908d3cfc2@group-6BEBA42E48F6: closes. applyIndex: 0
2019-09-26 09:57:28,341 [main] INFO  util.JmxRegister (JmxRegister.java:unregister(73)) - Successfully un-registered JMX Bean with object name Ratis:service=RaftServer,group=group-CBC832F9CC17,id=62a5622f-7436-420d-b3aa-8ce684692afe
2019-09-26 09:57:28,341 [9d66027e-d252-4dbd-9b93-1b4908d3cfc2@group-6BEBA42E48F6-SegmentedRaftLogWorker] INFO  segmented.SegmentedRaftLogWorker (SegmentedRaftLogWorker.java:run(313)) - 9d66027e-d252-4dbd-9b93-1b4908d3cfc2@group-6BEBA42E48F6-SegmentedRaftLogWorker was interrupted, exiting. There are 0 tasks remaining in the queue.
2019-09-26 09:57:28,342 [main] INFO  impl.RoleInfo (RoleInfo.java:shutdownLeaderState(104)) - 62a5622f-7436-420d-b3aa-8ce684692afe: shutdown LeaderState
2019-09-26 09:57:28,342 [ForkJoinPool.commonPool-worker-1] INFO  segmented.SegmentedRaftLogWorker (SegmentedRaftLogWorker.java:close(228)) - 9d66027e-d252-4dbd-9b93-1b4908d3cfc2@group-6BEBA42E48F6-SegmentedRaftLogWorker close()
2019-09-26 09:57:28,342 [main] INFO  impl.PendingRequests (PendingRequests.java:sendNotLeaderResponses(202)) - 62a5622f-7436-420d-b3aa-8ce684692afe-PendingRequests: sendNotLeaderResponses
2019-09-26 09:57:28,343 [ForkJoinPool.commonPool-worker-1] INFO  impl.RaftServerImpl (RaftServerImpl.java:lambda$shutdown$3(251)) - 9d66027e-d252-4dbd-9b93-1b4908d3cfc2@group-354BD00D2338: shutdown
2019-09-26 09:57:28,343 [main] INFO  impl.StateMachineUpdater (StateMachineUpdater.java:stopAndJoin(125)) - 62a5622f-7436-420d-b3aa-8ce684692afe@group-CBC832F9CC17-StateMachineUpdater: set stopIndex = 0
2019-09-26 09:57:28,343 [ForkJoinPool.commonPool-worker-1] INFO  util.JmxRegister (JmxRegister.java:unregister(73)) - Successfully un-registered JMX Bean with object name Ratis:service=RaftServer,group=group-354BD00D2338,id=9d66027e-d252-4dbd-9b93-1b4908d3cfc2
2019-09-26 09:57:28,344 [ForkJoinPool.commonPool-worker-1] INFO  impl.RoleInfo (RoleInfo.java:shutdownLeaderState(104)) - 9d66027e-d252-4dbd-9b93-1b4908d3cfc2: shutdown LeaderState
2019-09-26 09:57:28,344 [main] INFO  impl.RaftServerImpl (ServerState.java:close(385)) - 62a5622f-7436-420d-b3aa-8ce684692afe@group-CBC832F9CC17: closes. applyIndex: 0
2019-09-26 09:57:28,344 [ForkJoinPool.commonPool-worker-1] INFO  impl.PendingRequests (PendingRequests.java:sendNotLeaderResponses(202)) - 9d66027e-d252-4dbd-9b93-1b4908d3cfc2-PendingRequests: sendNotLeaderResponses
2019-09-26 09:57:28,345 [62a5622f-7436-420d-b3aa-8ce684692afe@group-CBC832F9CC17-SegmentedRaftLogWorker] INFO  segmented.SegmentedRaftLogWorker (SegmentedRaftLogWorker.java:run(313)) - 62a5622f-7436-420d-b3aa-8ce684692afe@group-CBC832F9CC17-SegmentedRaftLogWorker was interrupted, exiting. There are 0 tasks remaining in the queue.
2019-09-26 09:57:28,345 [ForkJoinPool.commonPool-worker-1] INFO  impl.StateMachineUpdater (StateMachineUpdater.java:stopAndJoin(125)) - 9d66027e-d252-4dbd-9b93-1b4908d3cfc2@group-354BD00D2338-StateMachineUpdater: set stopIndex = 0
2019-09-26 09:57:28,345 [main] INFO  segmented.SegmentedRaftLogWorker (SegmentedRaftLogWorker.java:close(228)) - 62a5622f-7436-420d-b3aa-8ce684692afe@group-CBC832F9CC17-SegmentedRaftLogWorker close()
2019-09-26 09:57:28,345 [ForkJoinPool.commonPool-worker-1] INFO  impl.RaftServerImpl (ServerState.java:close(385)) - 9d66027e-d252-4dbd-9b93-1b4908d3cfc2@group-354BD00D2338: closes. applyIndex: 0
2019-09-26 09:57:28,346 [main] INFO  server.GrpcService (GrpcService.java:closeImpl(164)) - 62a5622f-7436-420d-b3aa-8ce684692afe: shutdown server with port 44970 now
2019-09-26 09:57:28,346 [9d66027e-d252-4dbd-9b93-1b4908d3cfc2@group-354BD00D2338-SegmentedRaftLogWorker] INFO  segmented.SegmentedRaftLogWorker (SegmentedRaftLogWorker.java:run(313)) - 9d66027e-d252-4dbd-9b93-1b4908d3cfc2@group-354BD00D2338-SegmentedRaftLogWorker was interrupted, exiting. There are 0 tasks remaining in the queue.
2019-09-26 09:57:28,346 [ForkJoinPool.commonPool-worker-1] INFO  segmented.SegmentedRaftLogWorker (SegmentedRaftLogWorker.java:close(228)) - 9d66027e-d252-4dbd-9b93-1b4908d3cfc2@group-354BD00D2338-SegmentedRaftLogWorker close()
2019-09-26 09:57:28,348 [main] INFO  server.GrpcService (GrpcService.java:closeImpl(172)) - 62a5622f-7436-420d-b3aa-8ce684692afe: shutdown server with port 44970 successfully
2019-09-26 09:57:28,348 [ForkJoinPool.commonPool-worker-1] INFO  impl.RaftServerImpl (RaftServerImpl.java:lambda$shutdown$3(251)) - 9d66027e-d252-4dbd-9b93-1b4908d3cfc2@group-34EF1B7AEE35: shutdown
2019-09-26 09:57:28,349 [ForkJoinPool.commonPool-worker-1] INFO  util.JmxRegister (JmxRegister.java:unregister(73)) - Successfully un-registered JMX Bean with object name Ratis:service=RaftServer,group=group-34EF1B7AEE35,id=9d66027e-d252-4dbd-9b93-1b4908d3cfc2
2019-09-26 09:57:28,349 [ForkJoinPool.commonPool-worker-1] INFO  impl.RoleInfo (RoleInfo.java:shutdownLeaderState(104)) - 9d66027e-d252-4dbd-9b93-1b4908d3cfc2: shutdown LeaderState
2019-09-26 09:57:28,350 [ForkJoinPool.commonPool-worker-1] INFO  impl.PendingRequests (PendingRequests.java:sendNotLeaderResponses(202)) - 9d66027e-d252-4dbd-9b93-1b4908d3cfc2-PendingRequests: sendNotLeaderResponses
2019-09-26 09:57:28,350 [ForkJoinPool.commonPool-worker-1] INFO  impl.StateMachineUpdater (StateMachineUpdater.java:stopAndJoin(125)) - 9d66027e-d252-4dbd-9b93-1b4908d3cfc2@group-34EF1B7AEE35-StateMachineUpdater: set stopIndex = 0
2019-09-26 09:57:28,350 [ForkJoinPool.commonPool-worker-1] INFO  impl.RaftServerImpl (ServerState.java:close(385)) - 9d66027e-d252-4dbd-9b93-1b4908d3cfc2@group-34EF1B7AEE35: closes. applyIndex: 0
2019-09-26 09:57:28,351 [9d66027e-d252-4dbd-9b93-1b4908d3cfc2@group-34EF1B7AEE35-SegmentedRaftLogWorker] INFO  segmented.SegmentedRaftLogWorker (SegmentedRaftLogWorker.java:run(313)) - 9d66027e-d252-4dbd-9b93-1b4908d3cfc2@group-34EF1B7AEE35-SegmentedRaftLogWorker was interrupted, exiting. There are 0 tasks remaining in the queue.
2019-09-26 09:57:28,354 [ForkJoinPool.commonPool-worker-1] INFO  segmented.SegmentedRaftLogWorker (SegmentedRaftLogWorker.java:close(228)) - 9d66027e-d252-4dbd-9b93-1b4908d3cfc2@group-34EF1B7AEE35-SegmentedRaftLogWorker close()
2019-09-26 09:57:28,355 [refreshUsed-/workdir/hadoop-ozone/integration-test/target/test-dir/MiniOzoneClusterImpl-02a89373-ff67-4b13-ad11-60194c127517/datanode-3/data/containers] WARN  fs.CachingGetSpaceUsed (CachingGetSpaceUsed.java:run(183)) - Thread Interrupted waiting to refresh disk information: sleep interrupted
2019-09-26 09:57:28,357 [ForkJoinPool.commonPool-worker-1] INFO  server.GrpcService (GrpcService.java:closeImpl(164)) - 9d66027e-d252-4dbd-9b93-1b4908d3cfc2: shutdown server with port 37389 now
2019-09-26 09:57:28,359 [ForkJoinPool.commonPool-worker-1] INFO  server.GrpcService (GrpcService.java:closeImpl(172)) - 9d66027e-d252-4dbd-9b93-1b4908d3cfc2: shutdown server with port 37389 successfully
2019-09-26 09:57:28,361 [refreshUsed-/workdir/hadoop-ozone/integration-test/target/test-dir/MiniOzoneClusterImpl-02a89373-ff67-4b13-ad11-60194c127517/datanode-2/data/containers] WARN  fs.CachingGetSpaceUsed (CachingGetSpaceUsed.java:run(183)) - Thread Interrupted waiting to refresh disk information: sleep interrupted
2019-09-26 09:57:28,381 [ForkJoinPool.commonPool-worker-1] INFO  utils.BackgroundService (BackgroundService.java:shutdown(148)) - Shutting down service BlockDeletingService
2019-09-26 09:57:28,386 [ForkJoinPool.commonPool-worker-1] INFO  statemachine.DatanodeStateMachine (DatanodeStateMachine.java:stopDaemon(395)) - Ozone container server stopped.
2019-09-26 09:57:28,387 [main] INFO  utils.BackgroundService (BackgroundService.java:shutdown(148)) - Shutting down service BlockDeletingService
2019-09-26 09:57:28,391 [ForkJoinPool.commonPool-worker-1] INFO  handler.ContextHandler (ContextHandler.java:doStop(910)) - Stopped o.e.j.w.WebAppContext@7ecec90d{/,null,UNAVAILABLE}{/hddsDatanode}
2019-09-26 09:57:28,391 [main] INFO  statemachine.DatanodeStateMachine (DatanodeStateMachine.java:stopDaemon(395)) - Ozone container server stopped.
2019-09-26 09:57:28,392 [ForkJoinPool.commonPool-worker-1] INFO  server.AbstractConnector (AbstractConnector.java:doStop(318)) - Stopped ServerConnector@588f63c{HTTP/1.1,[http/1.1]}{0.0.0.0:0}
2019-09-26 09:57:28,394 [ForkJoinPool.commonPool-worker-1] INFO  handler.ContextHandler (ContextHandler.java:doStop(910)) - Stopped o.e.j.s.ServletContextHandler@712cfb63{/static,jar:file:/home/user/.m2/repository/org/apache/hadoop/hadoop-hdds-container-service/0.5.0-SNAPSHOT/hadoop-hdds-container-service-0.5.0-SNAPSHOT.jar!/webapps/static,UNAVAILABLE}
2019-09-26 09:57:28,394 [main] INFO  handler.ContextHandler (ContextHandler.java:doStop(910)) - Stopped o.e.j.w.WebAppContext@715b886f{/,null,UNAVAILABLE}{/hddsDatanode}
2019-09-26 09:57:28,395 [ForkJoinPool.commonPool-worker-1] INFO  handler.ContextHandler (ContextHandler.java:doStop(910)) - Stopped o.e.j.s.ServletContextHandler@726aa968{/logs,file:///workdir/hadoop-ozone/integration-test/target/log,UNAVAILABLE}
2019-09-26 09:57:28,396 [main] INFO  server.AbstractConnector (AbstractConnector.java:doStop(318)) - Stopped ServerConnector@7fb29ca9{HTTP/1.1,[http/1.1]}{0.0.0.0:0}
2019-09-26 09:57:28,396 [main] INFO  handler.ContextHandler (ContextHandler.java:doStop(910)) - Stopped o.e.j.s.ServletContextHandler@762637be{/static,jar:file:/home/user/.m2/repository/org/apache/hadoop/hadoop-hdds-container-service/0.5.0-SNAPSHOT/hadoop-hdds-container-service-0.5.0-SNAPSHOT.jar!/webapps/static,UNAVAILABLE}
2019-09-26 09:57:28,397 [main] INFO  handler.ContextHandler (ContextHandler.java:doStop(910)) - Stopped o.e.j.s.ServletContextHandler@72f9f27c{/logs,file:///workdir/hadoop-ozone/integration-test/target/log,UNAVAILABLE}
2019-09-26 09:57:29,033 [Datanode State Machine Thread - 0] INFO  statemachine.DatanodeStateMachine (DatanodeStateMachine.java:lambda$startDaemon$0(350)) - Ozone container server started.
2019-09-26 09:57:29,325 [Datanode State Machine Thread - 0] INFO  statemachine.DatanodeStateMachine (DatanodeStateMachine.java:lambda$startDaemon$0(350)) - Ozone container server started.
2019-09-26 09:57:33,070 [EventQueue-StaleNodeForStaleNodeHandler] INFO  node.StaleNodeHandler (StaleNodeHandler.java:onMessage(58)) - Datanode 4dfbf8da-55b7-40f3-96c3-7d511fd42a11{ip: 192.168.30.13, host: pr-hdds-1569-wvzgm-824869521, networkLocation: /default-rack, certSerialId: null} moved to stale state. Finalizing its pipelines [PipelineID=2c8a18c1-334e-4f20-a9f6-83e0d35f2c6c, PipelineID=2d66c1d4-4ce6-49c0-a1ce-fcac062b7dae, PipelineID=37c2a295-cf22-44e7-9389-19bdbe166664, PipelineID=dff39866-a67c-48ab-8769-2daeb5b40f8a, PipelineID=f930620c-f189-421b-82ec-7764c5377c5d, PipelineID=6090beef-0e51-4e2a-a4cf-a44abdcfab81]
2019-09-26 09:57:33,071 [EventQueue-StaleNodeForStaleNodeHandler] INFO  pipeline.SCMPipelineManager (SCMPipelineManager.java:finalizeAndDestroyPipeline(316)) - destroying pipeline:Pipeline[ Id: 2c8a18c1-334e-4f20-a9f6-83e0d35f2c6c, Nodes: 4dfbf8da-55b7-40f3-96c3-7d511fd42a11{ip: 192.168.30.13, host: pr-hdds-1569-wvzgm-824869521, networkLocation: /default-rack, certSerialId: null}, Type:RATIS, Factor:ONE, State:OPEN]
2019-09-26 09:57:33,071 [EventQueue-StaleNodeForStaleNodeHandler] INFO  pipeline.PipelineStateManager (PipelineStateManager.java:finalizePipeline(123)) - Pipeline Pipeline[ Id: 2c8a18c1-334e-4f20-a9f6-83e0d35f2c6c, Nodes: 4dfbf8da-55b7-40f3-96c3-7d511fd42a11{ip: 192.168.30.13, host: pr-hdds-1569-wvzgm-824869521, networkLocation: /default-rack, certSerialId: null}, Type:RATIS, Factor:ONE, State:CLOSED] moved to CLOSED state
2019-09-26 09:57:33,071 [EventQueue-StaleNodeForStaleNodeHandler] INFO  pipeline.SCMPipelineManager (SCMPipelineManager.java:finalizeAndDestroyPipeline(316)) - destroying pipeline:Pipeline[ Id: 2d66c1d4-4ce6-49c0-a1ce-fcac062b7dae, Nodes: 4dfbf8da-55b7-40f3-96c3-7d511fd42a11{ip: 192.168.30.13, host: pr-hdds-1569-wvzgm-824869521, networkLocation: /default-rack, certSerialId: null}, Type:RATIS, Factor:ONE, State:OPEN]
2019-09-26 09:57:33,071 [EventQueue-StaleNodeForStaleNodeHandler] INFO  pipeline.PipelineStateManager (PipelineStateManager.java:finalizePipeline(123)) - Pipeline Pipeline[ Id: 2d66c1d4-4ce6-49c0-a1ce-fcac062b7dae, Nodes: 4dfbf8da-55b7-40f3-96c3-7d511fd42a11{ip: 192.168.30.13, host: pr-hdds-1569-wvzgm-824869521, networkLocation: /default-rack, certSerialId: null}, Type:RATIS, Factor:ONE, State:CLOSED] moved to CLOSED state
2019-09-26 09:57:33,072 [EventQueue-StaleNodeForStaleNodeHandler] INFO  pipeline.SCMPipelineManager (SCMPipelineManager.java:finalizeAndDestroyPipeline(316)) - destroying pipeline:Pipeline[ Id: 37c2a295-cf22-44e7-9389-19bdbe166664, Nodes: 4dfbf8da-55b7-40f3-96c3-7d511fd42a11{ip: 192.168.30.13, host: pr-hdds-1569-wvzgm-824869521, networkLocation: /default-rack, certSerialId: null}, Type:RATIS, Factor:ONE, State:OPEN]
2019-09-26 09:57:33,072 [EventQueue-StaleNodeForStaleNodeHandler] INFO  pipeline.PipelineStateManager (PipelineStateManager.java:finalizePipeline(123)) - Pipeline Pipeline[ Id: 37c2a295-cf22-44e7-9389-19bdbe166664, Nodes: 4dfbf8da-55b7-40f3-96c3-7d511fd42a11{ip: 192.168.30.13, host: pr-hdds-1569-wvzgm-824869521, networkLocation: /default-rack, certSerialId: null}, Type:RATIS, Factor:ONE, State:CLOSED] moved to CLOSED state
2019-09-26 09:57:33,072 [EventQueue-StaleNodeForStaleNodeHandler] INFO  pipeline.SCMPipelineManager (SCMPipelineManager.java:finalizeAndDestroyPipeline(316)) - destroying pipeline:Pipeline[ Id: dff39866-a67c-48ab-8769-2daeb5b40f8a, Nodes: 4dfbf8da-55b7-40f3-96c3-7d511fd42a11{ip: 192.168.30.13, host: pr-hdds-1569-wvzgm-824869521, networkLocation: /default-rack, certSerialId: null}, Type:RATIS, Factor:ONE, State:OPEN]
2019-09-26 09:57:33,072 [EventQueue-StaleNodeForStaleNodeHandler] INFO  pipeline.PipelineStateManager (PipelineStateManager.java:finalizePipeline(123)) - Pipeline Pipeline[ Id: dff39866-a67c-48ab-8769-2daeb5b40f8a, Nodes: 4dfbf8da-55b7-40f3-96c3-7d511fd42a11{ip: 192.168.30.13, host: pr-hdds-1569-wvzgm-824869521, networkLocation: /default-rack, certSerialId: null}, Type:RATIS, Factor:ONE, State:CLOSED] moved to CLOSED state
2019-09-26 09:57:33,072 [EventQueue-StaleNodeForStaleNodeHandler] INFO  pipeline.SCMPipelineManager (SCMPipelineManager.java:finalizeAndDestroyPipeline(316)) - destroying pipeline:Pipeline[ Id: f930620c-f189-421b-82ec-7764c5377c5d, Nodes: 4dfbf8da-55b7-40f3-96c3-7d511fd42a11{ip: 192.168.30.13, host: pr-hdds-1569-wvzgm-824869521, networkLocation: /default-rack, certSerialId: null}, Type:RATIS, Factor:ONE, State:OPEN]
2019-09-26 09:57:33,073 [EventQueue-StaleNodeForStaleNodeHandler] INFO  pipeline.PipelineStateManager (PipelineStateManager.java:finalizePipeline(123)) - Pipeline Pipeline[ Id: f930620c-f189-421b-82ec-7764c5377c5d, Nodes: 4dfbf8da-55b7-40f3-96c3-7d511fd42a11{ip: 192.168.30.13, host: pr-hdds-1569-wvzgm-824869521, networkLocation: /default-rack, certSerialId: null}, Type:RATIS, Factor:ONE, State:CLOSED] moved to CLOSED state
2019-09-26 09:57:33,073 [EventQueue-StaleNodeForStaleNodeHandler] INFO  pipeline.SCMPipelineManager (SCMPipelineManager.java:finalizeAndDestroyPipeline(316)) - destroying pipeline:Pipeline[ Id: 6090beef-0e51-4e2a-a4cf-a44abdcfab81, Nodes: 4dfbf8da-55b7-40f3-96c3-7d511fd42a11{ip: 192.168.30.13, host: pr-hdds-1569-wvzgm-824869521, networkLocation: /default-rack, certSerialId: null}, Type:RATIS, Factor:ONE, State:OPEN]
2019-09-26 09:57:33,073 [EventQueue-StaleNodeForStaleNodeHandler] INFO  pipeline.PipelineStateManager (PipelineStateManager.java:finalizePipeline(123)) - Pipeline Pipeline[ Id: 6090beef-0e51-4e2a-a4cf-a44abdcfab81, Nodes: 4dfbf8da-55b7-40f3-96c3-7d511fd42a11{ip: 192.168.30.13, host: pr-hdds-1569-wvzgm-824869521, networkLocation: /default-rack, certSerialId: null}, Type:RATIS, Factor:ONE, State:CLOSED] moved to CLOSED state
2019-09-26 09:57:33,371 [EventQueue-StaleNodeForStaleNodeHandler] INFO  node.StaleNodeHandler (StaleNodeHandler.java:onMessage(58)) - Datanode 968d325c-530f-4bc5-8752-bd3f3c0aff18{ip: 192.168.30.13, host: pr-hdds-1569-wvzgm-824869521, networkLocation: /default-rack, certSerialId: null} moved to stale state. Finalizing its pipelines [PipelineID=cb5bd0e6-aba1-414e-b438-0cde7c70fda6, PipelineID=8fb3fa4e-3478-4527-b26b-bb20b3982ad3, PipelineID=d87cf0d2-78e6-49e3-8718-c18131ab023f, PipelineID=e342d86a-97f0-42e7-92fa-d6cf915029f3, PipelineID=8db4257f-c692-4bb6-a03c-4fe2405bacb6, PipelineID=16b34c1d-53b7-4277-8224-c2dd3c5b5e31]
2019-09-26 09:57:33,372 [EventQueue-StaleNodeForStaleNodeHandler] INFO  pipeline.SCMPipelineManager (SCMPipelineManager.java:finalizeAndDestroyPipeline(316)) - destroying pipeline:Pipeline[ Id: cb5bd0e6-aba1-414e-b438-0cde7c70fda6, Nodes: 968d325c-530f-4bc5-8752-bd3f3c0aff18{ip: 192.168.30.13, host: pr-hdds-1569-wvzgm-824869521, networkLocation: /default-rack, certSerialId: null}, Type:RATIS, Factor:ONE, State:OPEN]
2019-09-26 09:57:33,372 [EventQueue-StaleNodeForStaleNodeHandler] INFO  pipeline.PipelineStateManager (PipelineStateManager.java:finalizePipeline(123)) - Pipeline Pipeline[ Id: cb5bd0e6-aba1-414e-b438-0cde7c70fda6, Nodes: 968d325c-530f-4bc5-8752-bd3f3c0aff18{ip: 192.168.30.13, host: pr-hdds-1569-wvzgm-824869521, networkLocation: /default-rack, certSerialId: null}, Type:RATIS, Factor:ONE, State:CLOSED] moved to CLOSED state
2019-09-26 09:57:33,372 [EventQueue-StaleNodeForStaleNodeHandler] INFO  pipeline.SCMPipelineManager (SCMPipelineManager.java:finalizeAndDestroyPipeline(316)) - destroying pipeline:Pipeline[ Id: 8fb3fa4e-3478-4527-b26b-bb20b3982ad3, Nodes: 968d325c-530f-4bc5-8752-bd3f3c0aff18{ip: 192.168.30.13, host: pr-hdds-1569-wvzgm-824869521, networkLocation: /default-rack, certSerialId: null}, Type:RATIS, Factor:ONE, State:OPEN]
2019-09-26 09:57:33,372 [EventQueue-StaleNodeForStaleNodeHandler] INFO  pipeline.PipelineStateManager (PipelineStateManager.java:finalizePipeline(123)) - Pipeline Pipeline[ Id: 8fb3fa4e-3478-4527-b26b-bb20b3982ad3, Nodes: 968d325c-530f-4bc5-8752-bd3f3c0aff18{ip: 192.168.30.13, host: pr-hdds-1569-wvzgm-824869521, networkLocation: /default-rack, certSerialId: null}, Type:RATIS, Factor:ONE, State:CLOSED] moved to CLOSED state
2019-09-26 09:57:33,373 [EventQueue-StaleNodeForStaleNodeHandler] INFO  pipeline.SCMPipelineManager (SCMPipelineManager.java:finalizeAndDestroyPipeline(316)) - destroying pipeline:Pipeline[ Id: d87cf0d2-78e6-49e3-8718-c18131ab023f, Nodes: 968d325c-530f-4bc5-8752-bd3f3c0aff18{ip: 192.168.30.13, host: pr-hdds-1569-wvzgm-824869521, networkLocation: /default-rack, certSerialId: null}, Type:RATIS, Factor:ONE, State:OPEN]
2019-09-26 09:57:33,373 [EventQueue-StaleNodeForStaleNodeHandler] INFO  pipeline.PipelineStateManager (PipelineStateManager.java:finalizePipeline(123)) - Pipeline Pipeline[ Id: d87cf0d2-78e6-49e3-8718-c18131ab023f, Nodes: 968d325c-530f-4bc5-8752-bd3f3c0aff18{ip: 192.168.30.13, host: pr-hdds-1569-wvzgm-824869521, networkLocation: /default-rack, certSerialId: null}, Type:RATIS, Factor:ONE, State:CLOSED] moved to CLOSED state
2019-09-26 09:57:33,373 [EventQueue-StaleNodeForStaleNodeHandler] INFO  pipeline.SCMPipelineManager (SCMPipelineManager.java:finalizeAndDestroyPipeline(316)) - destroying pipeline:Pipeline[ Id: e342d86a-97f0-42e7-92fa-d6cf915029f3, Nodes: 968d325c-530f-4bc5-8752-bd3f3c0aff18{ip: 192.168.30.13, host: pr-hdds-1569-wvzgm-824869521, networkLocation: /default-rack, certSerialId: null}, Type:RATIS, Factor:ONE, State:OPEN]
2019-09-26 09:57:33,373 [EventQueue-StaleNodeForStaleNodeHandler] INFO  pipeline.PipelineStateManager (PipelineStateManager.java:finalizePipeline(123)) - Pipeline Pipeline[ Id: e342d86a-97f0-42e7-92fa-d6cf915029f3, Nodes: 968d325c-530f-4bc5-8752-bd3f3c0aff18{ip: 192.168.30.13, host: pr-hdds-1569-wvzgm-824869521, networkLocation: /default-rack, certSerialId: null}, Type:RATIS, Factor:ONE, State:CLOSED] moved to CLOSED state
2019-09-26 09:57:33,373 [EventQueue-StaleNodeForStaleNodeHandler] INFO  pipeline.SCMPipelineManager (SCMPipelineManager.java:finalizeAndDestroyPipeline(316)) - destroying pipeline:Pipeline[ Id: 8db4257f-c692-4bb6-a03c-4fe2405bacb6, Nodes: 968d325c-530f-4bc5-8752-bd3f3c0aff18{ip: 192.168.30.13, host: pr-hdds-1569-wvzgm-824869521, networkLocation: /default-rack, certSerialId: null}, Type:RATIS, Factor:ONE, State:OPEN]
2019-09-26 09:57:33,374 [EventQueue-StaleNodeForStaleNodeHandler] INFO  pipeline.PipelineStateManager (PipelineStateManager.java:finalizePipeline(123)) - Pipeline Pipeline[ Id: 8db4257f-c692-4bb6-a03c-4fe2405bacb6, Nodes: 968d325c-530f-4bc5-8752-bd3f3c0aff18{ip: 192.168.30.13, host: pr-hdds-1569-wvzgm-824869521, networkLocation: /default-rack, certSerialId: null}, Type:RATIS, Factor:ONE, State:CLOSED] moved to CLOSED state
2019-09-26 09:57:33,374 [EventQueue-StaleNodeForStaleNodeHandler] INFO  pipeline.SCMPipelineManager (SCMPipelineManager.java:finalizeAndDestroyPipeline(316)) - destroying pipeline:Pipeline[ Id: 16b34c1d-53b7-4277-8224-c2dd3c5b5e31, Nodes: 968d325c-530f-4bc5-8752-bd3f3c0aff18{ip: 192.168.30.13, host: pr-hdds-1569-wvzgm-824869521, networkLocation: /default-rack, certSerialId: null}, Type:RATIS, Factor:ONE, State:OPEN]
2019-09-26 09:57:33,374 [EventQueue-StaleNodeForStaleNodeHandler] INFO  pipeline.PipelineStateManager (PipelineStateManager.java:finalizePipeline(123)) - Pipeline Pipeline[ Id: 16b34c1d-53b7-4277-8224-c2dd3c5b5e31, Nodes: 968d325c-530f-4bc5-8752-bd3f3c0aff18{ip: 192.168.30.13, host: pr-hdds-1569-wvzgm-824869521, networkLocation: /default-rack, certSerialId: null}, Type:RATIS, Factor:ONE, State:CLOSED] moved to CLOSED state
2019-09-26 09:57:33,397 [ForkJoinPool.commonPool-worker-1] INFO  ozoneimpl.OzoneContainer (OzoneContainer.java:stop(231)) - Attempting to stop container services.
2019-09-26 09:57:33,399 [main] INFO  ozoneimpl.OzoneContainer (OzoneContainer.java:stop(231)) - Attempting to stop container services.
2019-09-26 09:57:33,399 [ForkJoinPool.commonPool-worker-1] INFO  impl.RaftServerProxy (RaftServerProxy.java:lambda$close$4(314)) - 968d325c-530f-4bc5-8752-bd3f3c0aff18: close
2019-09-26 09:57:33,400 [main] INFO  impl.RaftServerProxy (RaftServerProxy.java:lambda$close$4(314)) - 4dfbf8da-55b7-40f3-96c3-7d511fd42a11: close
2019-09-26 09:57:33,400 [ForkJoinPool.commonPool-worker-1] INFO  impl.RaftServerImpl (RaftServerImpl.java:lambda$shutdown$3(251)) - 968d325c-530f-4bc5-8752-bd3f3c0aff18@group-C18131AB023F: shutdown
2019-09-26 09:57:33,400 [main] INFO  impl.RaftServerImpl (RaftServerImpl.java:lambda$shutdown$3(251)) - 4dfbf8da-55b7-40f3-96c3-7d511fd42a11@group-19BDBE166664: shutdown
2019-09-26 09:57:33,401 [ForkJoinPool.commonPool-worker-1] INFO  util.JmxRegister (JmxRegister.java:unregister(73)) - Successfully un-registered JMX Bean with object name Ratis:service=RaftServer,group=group-C18131AB023F,id=968d325c-530f-4bc5-8752-bd3f3c0aff18
2019-09-26 09:57:33,401 [main] INFO  util.JmxRegister (JmxRegister.java:unregister(73)) - Successfully un-registered JMX Bean with object name Ratis:service=RaftServer,group=group-19BDBE166664,id=4dfbf8da-55b7-40f3-96c3-7d511fd42a11
2019-09-26 09:57:33,402 [ForkJoinPool.commonPool-worker-1] INFO  impl.RoleInfo (RoleInfo.java:shutdownLeaderState(104)) - 968d325c-530f-4bc5-8752-bd3f3c0aff18: shutdown LeaderState
2019-09-26 09:57:33,402 [main] INFO  impl.RoleInfo (RoleInfo.java:shutdownLeaderState(104)) - 4dfbf8da-55b7-40f3-96c3-7d511fd42a11: shutdown LeaderState
2019-09-26 09:57:33,402 [ForkJoinPool.commonPool-worker-1] INFO  impl.PendingRequests (PendingRequests.java:sendNotLeaderResponses(202)) - 968d325c-530f-4bc5-8752-bd3f3c0aff18-PendingRequests: sendNotLeaderResponses
2019-09-26 09:57:33,403 [main] INFO  impl.PendingRequests (PendingRequests.java:sendNotLeaderResponses(202)) - 4dfbf8da-55b7-40f3-96c3-7d511fd42a11-PendingRequests: sendNotLeaderResponses
2019-09-26 09:57:33,403 [ForkJoinPool.commonPool-worker-1] INFO  impl.StateMachineUpdater (StateMachineUpdater.java:stopAndJoin(125)) - 968d325c-530f-4bc5-8752-bd3f3c0aff18@group-C18131AB023F-StateMachineUpdater: set stopIndex = 0
2019-09-26 09:57:33,404 [main] INFO  impl.StateMachineUpdater (StateMachineUpdater.java:stopAndJoin(125)) - 4dfbf8da-55b7-40f3-96c3-7d511fd42a11@group-19BDBE166664-StateMachineUpdater: set stopIndex = 0
2019-09-26 09:57:33,404 [ForkJoinPool.commonPool-worker-1] INFO  impl.RaftServerImpl (ServerState.java:close(385)) - 968d325c-530f-4bc5-8752-bd3f3c0aff18@group-C18131AB023F: closes. applyIndex: 0
2019-09-26 09:57:33,404 [main] INFO  impl.RaftServerImpl (ServerState.java:close(385)) - 4dfbf8da-55b7-40f3-96c3-7d511fd42a11@group-19BDBE166664: closes. applyIndex: 0
2019-09-26 09:57:33,405 [968d325c-530f-4bc5-8752-bd3f3c0aff18@group-C18131AB023F-SegmentedRaftLogWorker] INFO  segmented.SegmentedRaftLogWorker (SegmentedRaftLogWorker.java:run(313)) - 968d325c-530f-4bc5-8752-bd3f3c0aff18@group-C18131AB023F-SegmentedRaftLogWorker was interrupted, exiting. There are 0 tasks remaining in the queue.
2019-09-26 09:57:33,405 [4dfbf8da-55b7-40f3-96c3-7d511fd42a11@group-19BDBE166664-SegmentedRaftLogWorker] INFO  segmented.SegmentedRaftLogWorker (SegmentedRaftLogWorker.java:run(313)) - 4dfbf8da-55b7-40f3-96c3-7d511fd42a11@group-19BDBE166664-SegmentedRaftLogWorker was interrupted, exiting. There are 0 tasks remaining in the queue.
2019-09-26 09:57:33,405 [ForkJoinPool.commonPool-worker-1] INFO  segmented.SegmentedRaftLogWorker (SegmentedRaftLogWorker.java:close(228)) - 968d325c-530f-4bc5-8752-bd3f3c0aff18@group-C18131AB023F-SegmentedRaftLogWorker close()
2019-09-26 09:57:33,406 [main] INFO  segmented.SegmentedRaftLogWorker (SegmentedRaftLogWorker.java:close(228)) - 4dfbf8da-55b7-40f3-96c3-7d511fd42a11@group-19BDBE166664-SegmentedRaftLogWorker close()
2019-09-26 09:57:33,406 [ForkJoinPool.commonPool-worker-1] INFO  impl.RaftServerImpl (RaftServerImpl.java:lambda$shutdown$3(251)) - 968d325c-530f-4bc5-8752-bd3f3c0aff18@group-0CDE7C70FDA6: shutdown
2019-09-26 09:57:33,406 [main] INFO  impl.RaftServerImpl (RaftServerImpl.java:lambda$shutdown$3(251)) - 4dfbf8da-55b7-40f3-96c3-7d511fd42a11@group-83E0D35F2C6C: shutdown
2019-09-26 09:57:33,407 [ForkJoinPool.commonPool-worker-1] INFO  util.JmxRegister (JmxRegister.java:unregister(73)) - Successfully un-registered JMX Bean with object name Ratis:service=RaftServer,group=group-0CDE7C70FDA6,id=968d325c-530f-4bc5-8752-bd3f3c0aff18
2019-09-26 09:57:33,407 [main] INFO  util.JmxRegister (JmxRegister.java:unregister(73)) - Successfully un-registered JMX Bean with object name Ratis:service=RaftServer,group=group-83E0D35F2C6C,id=4dfbf8da-55b7-40f3-96c3-7d511fd42a11
2019-09-26 09:57:33,407 [ForkJoinPool.commonPool-worker-1] INFO  impl.RoleInfo (RoleInfo.java:shutdownLeaderState(104)) - 968d325c-530f-4bc5-8752-bd3f3c0aff18: shutdown LeaderState
2019-09-26 09:57:33,408 [main] INFO  impl.RoleInfo (RoleInfo.java:shutdownLeaderState(104)) - 4dfbf8da-55b7-40f3-96c3-7d511fd42a11: shutdown LeaderState
2019-09-26 09:57:33,408 [ForkJoinPool.commonPool-worker-1] INFO  impl.PendingRequests (PendingRequests.java:sendNotLeaderResponses(202)) - 968d325c-530f-4bc5-8752-bd3f3c0aff18-PendingRequests: sendNotLeaderResponses
2019-09-26 09:57:33,409 [main] INFO  impl.PendingRequests (PendingRequests.java:sendNotLeaderResponses(202)) - 4dfbf8da-55b7-40f3-96c3-7d511fd42a11-PendingRequests: sendNotLeaderResponses
2019-09-26 09:57:33,409 [ForkJoinPool.commonPool-worker-1] INFO  impl.StateMachineUpdater (StateMachineUpdater.java:stopAndJoin(125)) - 968d325c-530f-4bc5-8752-bd3f3c0aff18@group-0CDE7C70FDA6-StateMachineUpdater: set stopIndex = 0
2019-09-26 09:57:33,409 [main] INFO  impl.StateMachineUpdater (StateMachineUpdater.java:stopAndJoin(125)) - 4dfbf8da-55b7-40f3-96c3-7d511fd42a11@group-83E0D35F2C6C-StateMachineUpdater: set stopIndex = 0
2019-09-26 09:57:33,410 [ForkJoinPool.commonPool-worker-1] INFO  impl.RaftServerImpl (ServerState.java:close(385)) - 968d325c-530f-4bc5-8752-bd3f3c0aff18@group-0CDE7C70FDA6: closes. applyIndex: 0
2019-09-26 09:57:33,410 [main] INFO  impl.RaftServerImpl (ServerState.java:close(385)) - 4dfbf8da-55b7-40f3-96c3-7d511fd42a11@group-83E0D35F2C6C: closes. applyIndex: 0
2019-09-26 09:57:33,411 [4dfbf8da-55b7-40f3-96c3-7d511fd42a11@group-83E0D35F2C6C-SegmentedRaftLogWorker] INFO  segmented.SegmentedRaftLogWorker (SegmentedRaftLogWorker.java:run(313)) - 4dfbf8da-55b7-40f3-96c3-7d511fd42a11@group-83E0D35F2C6C-SegmentedRaftLogWorker was interrupted, exiting. There are 0 tasks remaining in the queue.
2019-09-26 09:57:33,414 [968d325c-530f-4bc5-8752-bd3f3c0aff18@group-0CDE7C70FDA6-SegmentedRaftLogWorker] INFO  segmented.SegmentedRaftLogWorker (SegmentedRaftLogWorker.java:run(313)) - 968d325c-530f-4bc5-8752-bd3f3c0aff18@group-0CDE7C70FDA6-SegmentedRaftLogWorker was interrupted, exiting. There are 0 tasks remaining in the queue.
2019-09-26 09:57:33,414 [main] INFO  segmented.SegmentedRaftLogWorker (SegmentedRaftLogWorker.java:close(228)) - 4dfbf8da-55b7-40f3-96c3-7d511fd42a11@group-83E0D35F2C6C-SegmentedRaftLogWorker close()
2019-09-26 09:57:33,414 [ForkJoinPool.commonPool-worker-1] INFO  segmented.SegmentedRaftLogWorker (SegmentedRaftLogWorker.java:close(228)) - 968d325c-530f-4bc5-8752-bd3f3c0aff18@group-0CDE7C70FDA6-SegmentedRaftLogWorker close()
2019-09-26 09:57:33,415 [main] INFO  impl.RaftServerImpl (RaftServerImpl.java:lambda$shutdown$3(251)) - 4dfbf8da-55b7-40f3-96c3-7d511fd42a11@group-FCAC062B7DAE: shutdown
2019-09-26 09:57:33,416 [ForkJoinPool.commonPool-worker-1] INFO  impl.RaftServerImpl (RaftServerImpl.java:lambda$shutdown$3(251)) - 968d325c-530f-4bc5-8752-bd3f3c0aff18@group-BB20B3982AD3: shutdown
2019-09-26 09:57:33,416 [main] INFO  util.JmxRegister (JmxRegister.java:unregister(73)) - Successfully un-registered JMX Bean with object name Ratis:service=RaftServer,group=group-FCAC062B7DAE,id=4dfbf8da-55b7-40f3-96c3-7d511fd42a11
2019-09-26 09:57:33,416 [ForkJoinPool.commonPool-worker-1] INFO  util.JmxRegister (JmxRegister.java:unregister(73)) - Successfully un-registered JMX Bean with object name Ratis:service=RaftServer,group=group-BB20B3982AD3,id=968d325c-530f-4bc5-8752-bd3f3c0aff18
2019-09-26 09:57:33,417 [main] INFO  impl.RoleInfo (RoleInfo.java:shutdownLeaderState(104)) - 4dfbf8da-55b7-40f3-96c3-7d511fd42a11: shutdown LeaderState
2019-09-26 09:57:33,417 [ForkJoinPool.commonPool-worker-1] INFO  impl.RoleInfo (RoleInfo.java:shutdownLeaderState(104)) - 968d325c-530f-4bc5-8752-bd3f3c0aff18: shutdown LeaderState
2019-09-26 09:57:33,418 [main] INFO  impl.PendingRequests (PendingRequests.java:sendNotLeaderResponses(202)) - 4dfbf8da-55b7-40f3-96c3-7d511fd42a11-PendingRequests: sendNotLeaderResponses
2019-09-26 09:57:33,418 [ForkJoinPool.commonPool-worker-1] INFO  impl.PendingRequests (PendingRequests.java:sendNotLeaderResponses(202)) - 968d325c-530f-4bc5-8752-bd3f3c0aff18-PendingRequests: sendNotLeaderResponses
2019-09-26 09:57:33,419 [main] INFO  impl.StateMachineUpdater (StateMachineUpdater.java:stopAndJoin(125)) - 4dfbf8da-55b7-40f3-96c3-7d511fd42a11@group-FCAC062B7DAE-StateMachineUpdater: set stopIndex = 0
2019-09-26 09:57:33,419 [ForkJoinPool.commonPool-worker-1] INFO  impl.StateMachineUpdater (StateMachineUpdater.java:stopAndJoin(125)) - 968d325c-530f-4bc5-8752-bd3f3c0aff18@group-BB20B3982AD3-StateMachineUpdater: set stopIndex = 0
2019-09-26 09:57:33,419 [main] INFO  impl.RaftServerImpl (ServerState.java:close(385)) - 4dfbf8da-55b7-40f3-96c3-7d511fd42a11@group-FCAC062B7DAE: closes. applyIndex: 0
2019-09-26 09:57:33,419 [ForkJoinPool.commonPool-worker-1] INFO  impl.RaftServerImpl (ServerState.java:close(385)) - 968d325c-530f-4bc5-8752-bd3f3c0aff18@group-BB20B3982AD3: closes. applyIndex: 0
2019-09-26 09:57:33,420 [4dfbf8da-55b7-40f3-96c3-7d511fd42a11@group-FCAC062B7DAE-SegmentedRaftLogWorker] INFO  segmented.SegmentedRaftLogWorker (SegmentedRaftLogWorker.java:run(313)) - 4dfbf8da-55b7-40f3-96c3-7d511fd42a11@group-FCAC062B7DAE-SegmentedRaftLogWorker was interrupted, exiting. There are 0 tasks remaining in the queue.
2019-09-26 09:57:33,420 [968d325c-530f-4bc5-8752-bd3f3c0aff18@group-BB20B3982AD3-SegmentedRaftLogWorker] INFO  segmented.SegmentedRaftLogWorker (SegmentedRaftLogWorker.java:run(313)) - 968d325c-530f-4bc5-8752-bd3f3c0aff18@group-BB20B3982AD3-SegmentedRaftLogWorker was interrupted, exiting. There are 0 tasks remaining in the queue.
2019-09-26 09:57:33,420 [main] INFO  segmented.SegmentedRaftLogWorker (SegmentedRaftLogWorker.java:close(228)) - 4dfbf8da-55b7-40f3-96c3-7d511fd42a11@group-FCAC062B7DAE-SegmentedRaftLogWorker close()
2019-09-26 09:57:33,421 [ForkJoinPool.commonPool-worker-1] INFO  segmented.SegmentedRaftLogWorker (SegmentedRaftLogWorker.java:close(228)) - 968d325c-530f-4bc5-8752-bd3f3c0aff18@group-BB20B3982AD3-SegmentedRaftLogWorker close()
2019-09-26 09:57:33,421 [main] INFO  impl.RaftServerImpl (RaftServerImpl.java:lambda$shutdown$3(251)) - 4dfbf8da-55b7-40f3-96c3-7d511fd42a11@group-2DAEB5B40F8A: shutdown
2019-09-26 09:57:33,421 [ForkJoinPool.commonPool-worker-1] INFO  impl.RaftServerImpl (RaftServerImpl.java:lambda$shutdown$3(251)) - 968d325c-530f-4bc5-8752-bd3f3c0aff18@group-D6CF915029F3: shutdown
2019-09-26 09:57:33,422 [main] INFO  util.JmxRegister (JmxRegister.java:unregister(73)) - Successfully un-registered JMX Bean with object name Ratis:service=RaftServer,group=group-2DAEB5B40F8A,id=4dfbf8da-55b7-40f3-96c3-7d511fd42a11
2019-09-26 09:57:33,422 [ForkJoinPool.commonPool-worker-1] INFO  util.JmxRegister (JmxRegister.java:unregister(73)) - Successfully un-registered JMX Bean with object name Ratis:service=RaftServer,group=group-D6CF915029F3,id=968d325c-530f-4bc5-8752-bd3f3c0aff18
2019-09-26 09:57:33,422 [main] INFO  impl.RoleInfo (RoleInfo.java:shutdownLeaderState(104)) - 4dfbf8da-55b7-40f3-96c3-7d511fd42a11: shutdown LeaderState
2019-09-26 09:57:33,423 [ForkJoinPool.commonPool-worker-1] INFO  impl.RoleInfo (RoleInfo.java:shutdownLeaderState(104)) - 968d325c-530f-4bc5-8752-bd3f3c0aff18: shutdown LeaderState
2019-09-26 09:57:33,423 [main] INFO  impl.PendingRequests (PendingRequests.java:sendNotLeaderResponses(202)) - 4dfbf8da-55b7-40f3-96c3-7d511fd42a11-PendingRequests: sendNotLeaderResponses
2019-09-26 09:57:33,423 [ForkJoinPool.commonPool-worker-1] INFO  impl.PendingRequests (PendingRequests.java:sendNotLeaderResponses(202)) - 968d325c-530f-4bc5-8752-bd3f3c0aff18-PendingRequests: sendNotLeaderResponses
2019-09-26 09:57:33,424 [main] INFO  impl.StateMachineUpdater (StateMachineUpdater.java:stopAndJoin(125)) - 4dfbf8da-55b7-40f3-96c3-7d511fd42a11@group-2DAEB5B40F8A-StateMachineUpdater: set stopIndex = 0
2019-09-26 09:57:33,424 [ForkJoinPool.commonPool-worker-1] INFO  impl.StateMachineUpdater (StateMachineUpdater.java:stopAndJoin(125)) - 968d325c-530f-4bc5-8752-bd3f3c0aff18@group-D6CF915029F3-StateMachineUpdater: set stopIndex = 0
2019-09-26 09:57:33,425 [main] INFO  impl.RaftServerImpl (ServerState.java:close(385)) - 4dfbf8da-55b7-40f3-96c3-7d511fd42a11@group-2DAEB5B40F8A: closes. applyIndex: 0
2019-09-26 09:57:33,425 [ForkJoinPool.commonPool-worker-1] INFO  impl.RaftServerImpl (ServerState.java:close(385)) - 968d325c-530f-4bc5-8752-bd3f3c0aff18@group-D6CF915029F3: closes. applyIndex: 0
2019-09-26 09:57:33,425 [4dfbf8da-55b7-40f3-96c3-7d511fd42a11@group-2DAEB5B40F8A-SegmentedRaftLogWorker] INFO  segmented.SegmentedRaftLogWorker (SegmentedRaftLogWorker.java:run(313)) - 4dfbf8da-55b7-40f3-96c3-7d511fd42a11@group-2DAEB5B40F8A-SegmentedRaftLogWorker was interrupted, exiting. There are 0 tasks remaining in the queue.
2019-09-26 09:57:33,426 [968d325c-530f-4bc5-8752-bd3f3c0aff18@group-D6CF915029F3-SegmentedRaftLogWorker] INFO  segmented.SegmentedRaftLogWorker (SegmentedRaftLogWorker.java:run(313)) - 968d325c-530f-4bc5-8752-bd3f3c0aff18@group-D6CF915029F3-SegmentedRaftLogWorker was interrupted, exiting. There are 0 tasks remaining in the queue.
2019-09-26 09:57:33,426 [main] INFO  segmented.SegmentedRaftLogWorker (SegmentedRaftLogWorker.java:close(228)) - 4dfbf8da-55b7-40f3-96c3-7d511fd42a11@group-2DAEB5B40F8A-SegmentedRaftLogWorker close()
2019-09-26 09:57:33,426 [ForkJoinPool.commonPool-worker-1] INFO  segmented.SegmentedRaftLogWorker (SegmentedRaftLogWorker.java:close(228)) - 968d325c-530f-4bc5-8752-bd3f3c0aff18@group-D6CF915029F3-SegmentedRaftLogWorker close()
2019-09-26 09:57:33,426 [main] INFO  impl.RaftServerImpl (RaftServerImpl.java:lambda$shutdown$3(251)) - 4dfbf8da-55b7-40f3-96c3-7d511fd42a11@group-7764C5377C5D: shutdown
2019-09-26 09:57:33,427 [ForkJoinPool.commonPool-worker-1] INFO  impl.RaftServerImpl (RaftServerImpl.java:lambda$shutdown$3(251)) - 968d325c-530f-4bc5-8752-bd3f3c0aff18@group-4FE2405BACB6: shutdown
2019-09-26 09:57:33,427 [main] INFO  util.JmxRegister (JmxRegister.java:unregister(73)) - Successfully un-registered JMX Bean with object name Ratis:service=RaftServer,group=group-7764C5377C5D,id=4dfbf8da-55b7-40f3-96c3-7d511fd42a11
2019-09-26 09:57:33,427 [ForkJoinPool.commonPool-worker-1] INFO  util.JmxRegister (JmxRegister.java:unregister(73)) - Successfully un-registered JMX Bean with object name Ratis:service=RaftServer,group=group-4FE2405BACB6,id=968d325c-530f-4bc5-8752-bd3f3c0aff18
2019-09-26 09:57:33,428 [main] INFO  impl.RoleInfo (RoleInfo.java:shutdownLeaderState(104)) - 4dfbf8da-55b7-40f3-96c3-7d511fd42a11: shutdown LeaderState
2019-09-26 09:57:33,428 [ForkJoinPool.commonPool-worker-1] INFO  impl.RoleInfo (RoleInfo.java:shutdownLeaderState(104)) - 968d325c-530f-4bc5-8752-bd3f3c0aff18: shutdown LeaderState
2019-09-26 09:57:33,429 [main] INFO  impl.PendingRequests (PendingRequests.java:sendNotLeaderResponses(202)) - 4dfbf8da-55b7-40f3-96c3-7d511fd42a11-PendingRequests: sendNotLeaderResponses
2019-09-26 09:57:33,429 [ForkJoinPool.commonPool-worker-1] INFO  impl.PendingRequests (PendingRequests.java:sendNotLeaderResponses(202)) - 968d325c-530f-4bc5-8752-bd3f3c0aff18-PendingRequests: sendNotLeaderResponses
2019-09-26 09:57:33,429 [main] INFO  impl.StateMachineUpdater (StateMachineUpdater.java:stopAndJoin(125)) - 4dfbf8da-55b7-40f3-96c3-7d511fd42a11@group-7764C5377C5D-StateMachineUpdater: set stopIndex = 0
2019-09-26 09:57:33,429 [ForkJoinPool.commonPool-worker-1] INFO  impl.StateMachineUpdater (StateMachineUpdater.java:stopAndJoin(125)) - 968d325c-530f-4bc5-8752-bd3f3c0aff18@group-4FE2405BACB6-StateMachineUpdater: set stopIndex = 0
2019-09-26 09:57:33,430 [main] INFO  impl.RaftServerImpl (ServerState.java:close(385)) - 4dfbf8da-55b7-40f3-96c3-7d511fd42a11@group-7764C5377C5D: closes. applyIndex: 0
2019-09-26 09:57:33,430 [ForkJoinPool.commonPool-worker-1] INFO  impl.RaftServerImpl (ServerState.java:close(385)) - 968d325c-530f-4bc5-8752-bd3f3c0aff18@group-4FE2405BACB6: closes. applyIndex: 0
2019-09-26 09:57:33,431 [4dfbf8da-55b7-40f3-96c3-7d511fd42a11@group-7764C5377C5D-SegmentedRaftLogWorker] INFO  segmented.SegmentedRaftLogWorker (SegmentedRaftLogWorker.java:run(313)) - 4dfbf8da-55b7-40f3-96c3-7d511fd42a11@group-7764C5377C5D-SegmentedRaftLogWorker was interrupted, exiting. There are 0 tasks remaining in the queue.
2019-09-26 09:57:33,431 [968d325c-530f-4bc5-8752-bd3f3c0aff18@group-4FE2405BACB6-SegmentedRaftLogWorker] INFO  segmented.SegmentedRaftLogWorker (SegmentedRaftLogWorker.java:run(313)) - 968d325c-530f-4bc5-8752-bd3f3c0aff18@group-4FE2405BACB6-SegmentedRaftLogWorker was interrupted, exiting. There are 0 tasks remaining in the queue.
2019-09-26 09:57:33,431 [main] INFO  segmented.SegmentedRaftLogWorker (SegmentedRaftLogWorker.java:close(228)) - 4dfbf8da-55b7-40f3-96c3-7d511fd42a11@group-7764C5377C5D-SegmentedRaftLogWorker close()
2019-09-26 09:57:33,431 [ForkJoinPool.commonPool-worker-1] INFO  segmented.SegmentedRaftLogWorker (SegmentedRaftLogWorker.java:close(228)) - 968d325c-530f-4bc5-8752-bd3f3c0aff18@group-4FE2405BACB6-SegmentedRaftLogWorker close()
2019-09-26 09:57:33,432 [main] INFO  impl.RaftServerImpl (RaftServerImpl.java:lambda$shutdown$3(251)) - 4dfbf8da-55b7-40f3-96c3-7d511fd42a11@group-A44ABDCFAB81: shutdown
2019-09-26 09:57:33,432 [ForkJoinPool.commonPool-worker-1] INFO  impl.RaftServerImpl (RaftServerImpl.java:lambda$shutdown$3(251)) - 968d325c-530f-4bc5-8752-bd3f3c0aff18@group-C2DD3C5B5E31: shutdown
2019-09-26 09:57:33,432 [main] INFO  util.JmxRegister (JmxRegister.java:unregister(73)) - Successfully un-registered JMX Bean with object name Ratis:service=RaftServer,group=group-A44ABDCFAB81,id=4dfbf8da-55b7-40f3-96c3-7d511fd42a11
2019-09-26 09:57:33,433 [ForkJoinPool.commonPool-worker-1] INFO  util.JmxRegister (JmxRegister.java:unregister(73)) - Successfully un-registered JMX Bean with object name Ratis:service=RaftServer,group=group-C2DD3C5B5E31,id=968d325c-530f-4bc5-8752-bd3f3c0aff18
2019-09-26 09:57:33,433 [ForkJoinPool.commonPool-worker-1] INFO  impl.RoleInfo (RoleInfo.java:shutdownLeaderState(104)) - 968d325c-530f-4bc5-8752-bd3f3c0aff18: shutdown LeaderState
2019-09-26 09:57:33,433 [main] INFO  impl.RoleInfo (RoleInfo.java:shutdownLeaderState(104)) - 4dfbf8da-55b7-40f3-96c3-7d511fd42a11: shutdown LeaderState
2019-09-26 09:57:33,434 [ForkJoinPool.commonPool-worker-1] INFO  impl.PendingRequests (PendingRequests.java:sendNotLeaderResponses(202)) - 968d325c-530f-4bc5-8752-bd3f3c0aff18-PendingRequests: sendNotLeaderResponses
2019-09-26 09:57:33,434 [main] INFO  impl.PendingRequests (PendingRequests.java:sendNotLeaderResponses(202)) - 4dfbf8da-55b7-40f3-96c3-7d511fd42a11-PendingRequests: sendNotLeaderResponses
2019-09-26 09:57:33,434 [ForkJoinPool.commonPool-worker-1] INFO  impl.StateMachineUpdater (StateMachineUpdater.java:stopAndJoin(125)) - 968d325c-530f-4bc5-8752-bd3f3c0aff18@group-C2DD3C5B5E31-StateMachineUpdater: set stopIndex = 0
2019-09-26 09:57:33,435 [main] INFO  impl.StateMachineUpdater (StateMachineUpdater.java:stopAndJoin(125)) - 4dfbf8da-55b7-40f3-96c3-7d511fd42a11@group-A44ABDCFAB81-StateMachineUpdater: set stopIndex = 0
2019-09-26 09:57:33,435 [ForkJoinPool.commonPool-worker-1] INFO  impl.RaftServerImpl (ServerState.java:close(385)) - 968d325c-530f-4bc5-8752-bd3f3c0aff18@group-C2DD3C5B5E31: closes. applyIndex: 0
2019-09-26 09:57:33,435 [main] INFO  impl.RaftServerImpl (ServerState.java:close(385)) - 4dfbf8da-55b7-40f3-96c3-7d511fd42a11@group-A44ABDCFAB81: closes. applyIndex: 0
2019-09-26 09:57:33,436 [968d325c-530f-4bc5-8752-bd3f3c0aff18@group-C2DD3C5B5E31-SegmentedRaftLogWorker] INFO  segmented.SegmentedRaftLogWorker (SegmentedRaftLogWorker.java:run(313)) - 968d325c-530f-4bc5-8752-bd3f3c0aff18@group-C2DD3C5B5E31-SegmentedRaftLogWorker was interrupted, exiting. There are 0 tasks remaining in the queue.
2019-09-26 09:57:33,436 [4dfbf8da-55b7-40f3-96c3-7d511fd42a11@group-A44ABDCFAB81-SegmentedRaftLogWorker] INFO  segmented.SegmentedRaftLogWorker (SegmentedRaftLogWorker.java:run(313)) - 4dfbf8da-55b7-40f3-96c3-7d511fd42a11@group-A44ABDCFAB81-SegmentedRaftLogWorker was interrupted, exiting. There are 0 tasks remaining in the queue.
2019-09-26 09:57:33,436 [ForkJoinPool.commonPool-worker-1] INFO  segmented.SegmentedRaftLogWorker (SegmentedRaftLogWorker.java:close(228)) - 968d325c-530f-4bc5-8752-bd3f3c0aff18@group-C2DD3C5B5E31-SegmentedRaftLogWorker close()
2019-09-26 09:57:33,437 [main] INFO  segmented.SegmentedRaftLogWorker (SegmentedRaftLogWorker.java:close(228)) - 4dfbf8da-55b7-40f3-96c3-7d511fd42a11@group-A44ABDCFAB81-SegmentedRaftLogWorker close()
2019-09-26 09:57:33,437 [ForkJoinPool.commonPool-worker-1] INFO  server.GrpcService (GrpcService.java:closeImpl(164)) - 968d325c-530f-4bc5-8752-bd3f3c0aff18: shutdown server with port 43732 now
2019-09-26 09:57:33,437 [main] INFO  server.GrpcService (GrpcService.java:closeImpl(164)) - 4dfbf8da-55b7-40f3-96c3-7d511fd42a11: shutdown server with port 46234 now
2019-09-26 09:57:33,445 [ForkJoinPool.commonPool-worker-1] INFO  server.GrpcService (GrpcService.java:closeImpl(172)) - 968d325c-530f-4bc5-8752-bd3f3c0aff18: shutdown server with port 43732 successfully
2019-09-26 09:57:33,447 [main] INFO  server.GrpcService (GrpcService.java:closeImpl(172)) - 4dfbf8da-55b7-40f3-96c3-7d511fd42a11: shutdown server with port 46234 successfully
2019-09-26 09:57:33,450 [refreshUsed-/workdir/hadoop-ozone/integration-test/target/test-dir/MiniOzoneClusterImpl-02a89373-ff67-4b13-ad11-60194c127517/datanode-0/data/containers] WARN  fs.CachingGetSpaceUsed (CachingGetSpaceUsed.java:run(183)) - Thread Interrupted waiting to refresh disk information: sleep interrupted
2019-09-26 09:57:33,450 [refreshUsed-/workdir/hadoop-ozone/integration-test/target/test-dir/MiniOzoneClusterImpl-02a89373-ff67-4b13-ad11-60194c127517/datanode-6/data/containers] WARN  fs.CachingGetSpaceUsed (CachingGetSpaceUsed.java:run(183)) - Thread Interrupted waiting to refresh disk information: sleep interrupted
2019-09-26 09:57:33,492 [main] INFO  utils.BackgroundService (BackgroundService.java:shutdown(148)) - Shutting down service BlockDeletingService
2019-09-26 09:57:33,496 [main] INFO  statemachine.DatanodeStateMachine (DatanodeStateMachine.java:stopDaemon(395)) - Ozone container server stopped.
2019-09-26 09:57:33,497 [main] INFO  handler.ContextHandler (ContextHandler.java:doStop(910)) - Stopped o.e.j.w.WebAppContext@648d0e6d{/,null,UNAVAILABLE}{/hddsDatanode}
2019-09-26 09:57:33,498 [ForkJoinPool.commonPool-worker-1] INFO  utils.BackgroundService (BackgroundService.java:shutdown(148)) - Shutting down service BlockDeletingService
2019-09-26 09:57:33,502 [ForkJoinPool.commonPool-worker-1] INFO  statemachine.DatanodeStateMachine (DatanodeStateMachine.java:stopDaemon(395)) - Ozone container server stopped.
2019-09-26 09:57:33,502 [main] INFO  server.AbstractConnector (AbstractConnector.java:doStop(318)) - Stopped ServerConnector@79e66b2f{HTTP/1.1,[http/1.1]}{0.0.0.0:0}
2019-09-26 09:57:33,505 [main] INFO  handler.ContextHandler (ContextHandler.java:doStop(910)) - Stopped o.e.j.s.ServletContextHandler@4437ac07{/static,jar:file:/home/user/.m2/repository/org/apache/hadoop/hadoop-hdds-container-service/0.5.0-SNAPSHOT/hadoop-hdds-container-service-0.5.0-SNAPSHOT.jar!/webapps/static,UNAVAILABLE}
2019-09-26 09:57:33,507 [ForkJoinPool.commonPool-worker-1] INFO  handler.ContextHandler (ContextHandler.java:doStop(910)) - Stopped o.e.j.w.WebAppContext@5df778c3{/,null,UNAVAILABLE}{/hddsDatanode}
2019-09-26 09:57:33,507 [main] INFO  handler.ContextHandler (ContextHandler.java:doStop(910)) - Stopped o.e.j.s.ServletContextHandler@66b59b7d{/logs,file:///workdir/hadoop-ozone/integration-test/target/log,UNAVAILABLE}
2019-09-26 09:57:33,507 [ForkJoinPool.commonPool-worker-1] INFO  server.AbstractConnector (AbstractConnector.java:doStop(318)) - Stopped ServerConnector@895416d{HTTP/1.1,[http/1.1]}{0.0.0.0:0}
2019-09-26 09:57:33,509 [ForkJoinPool.commonPool-worker-1] INFO  handler.ContextHandler (ContextHandler.java:doStop(910)) - Stopped o.e.j.s.ServletContextHandler@6403e24c{/static,jar:file:/home/user/.m2/repository/org/apache/hadoop/hadoop-hdds-container-service/0.5.0-SNAPSHOT/hadoop-hdds-container-service-0.5.0-SNAPSHOT.jar!/webapps/static,UNAVAILABLE}
2019-09-26 09:57:33,511 [ForkJoinPool.commonPool-worker-1] INFO  handler.ContextHandler (ContextHandler.java:doStop(910)) - Stopped o.e.j.s.ServletContextHandler@43045f9f{/logs,file:///workdir/hadoop-ozone/integration-test/target/log,UNAVAILABLE}
2019-09-26 09:57:34,034 [Datanode State Machine Thread - 0] INFO  statemachine.DatanodeStateMachine (DatanodeStateMachine.java:lambda$startDaemon$0(350)) - Ozone container server started.
2019-09-26 09:57:38,080 [EventQueue-StaleNodeForStaleNodeHandler] INFO  node.StaleNodeHandler (StaleNodeHandler.java:onMessage(58)) - Datanode d195cc70-2ea8-4d9b-90c7-21e4a6c9bd0d{ip: 192.168.30.13, host: pr-hdds-1569-wvzgm-824869521, networkLocation: /default-rack, certSerialId: null} moved to stale state. Finalizing its pipelines [PipelineID=ba988237-ac04-413c-a042-a98bc6075b1d, PipelineID=31aa9638-aaa9-44e7-a03f-79d50b39d669, PipelineID=38cc1dd0-a8a9-4432-861e-03c426ccd4ea, PipelineID=83e7ba06-21a2-416f-b9aa-68c0baa48a1e, PipelineID=afb3f132-bf70-4fee-b42c-6004e546286f, PipelineID=d615f4d6-a8ba-4f34-9880-17c71a81a3a4]
2019-09-26 09:57:38,080 [EventQueue-StaleNodeForStaleNodeHandler] INFO  pipeline.SCMPipelineManager (SCMPipelineManager.java:finalizeAndDestroyPipeline(316)) - destroying pipeline:Pipeline[ Id: ba988237-ac04-413c-a042-a98bc6075b1d, Nodes: d195cc70-2ea8-4d9b-90c7-21e4a6c9bd0d{ip: 192.168.30.13, host: pr-hdds-1569-wvzgm-824869521, networkLocation: /default-rack, certSerialId: null}, Type:RATIS, Factor:ONE, State:OPEN]
2019-09-26 09:57:38,080 [EventQueue-StaleNodeForStaleNodeHandler] INFO  pipeline.PipelineStateManager (PipelineStateManager.java:finalizePipeline(123)) - Pipeline Pipeline[ Id: ba988237-ac04-413c-a042-a98bc6075b1d, Nodes: d195cc70-2ea8-4d9b-90c7-21e4a6c9bd0d{ip: 192.168.30.13, host: pr-hdds-1569-wvzgm-824869521, networkLocation: /default-rack, certSerialId: null}, Type:RATIS, Factor:ONE, State:CLOSED] moved to CLOSED state
2019-09-26 09:57:38,080 [EventQueue-StaleNodeForStaleNodeHandler] INFO  pipeline.SCMPipelineManager (SCMPipelineManager.java:finalizeAndDestroyPipeline(316)) - destroying pipeline:Pipeline[ Id: 31aa9638-aaa9-44e7-a03f-79d50b39d669, Nodes: d195cc70-2ea8-4d9b-90c7-21e4a6c9bd0d{ip: 192.168.30.13, host: pr-hdds-1569-wvzgm-824869521, networkLocation: /default-rack, certSerialId: null}, Type:RATIS, Factor:ONE, State:OPEN]
2019-09-26 09:57:38,081 [EventQueue-StaleNodeForStaleNodeHandler] INFO  pipeline.PipelineStateManager (PipelineStateManager.java:finalizePipeline(123)) - Pipeline Pipeline[ Id: 31aa9638-aaa9-44e7-a03f-79d50b39d669, Nodes: d195cc70-2ea8-4d9b-90c7-21e4a6c9bd0d{ip: 192.168.30.13, host: pr-hdds-1569-wvzgm-824869521, networkLocation: /default-rack, certSerialId: null}, Type:RATIS, Factor:ONE, State:CLOSED] moved to CLOSED state
2019-09-26 09:57:38,081 [EventQueue-StaleNodeForStaleNodeHandler] INFO  pipeline.SCMPipelineManager (SCMPipelineManager.java:finalizeAndDestroyPipeline(316)) - destroying pipeline:Pipeline[ Id: 38cc1dd0-a8a9-4432-861e-03c426ccd4ea, Nodes: d195cc70-2ea8-4d9b-90c7-21e4a6c9bd0d{ip: 192.168.30.13, host: pr-hdds-1569-wvzgm-824869521, networkLocation: /default-rack, certSerialId: null}, Type:RATIS, Factor:ONE, State:OPEN]
2019-09-26 09:57:38,081 [EventQueue-StaleNodeForStaleNodeHandler] INFO  pipeline.PipelineStateManager (PipelineStateManager.java:finalizePipeline(123)) - Pipeline Pipeline[ Id: 38cc1dd0-a8a9-4432-861e-03c426ccd4ea, Nodes: d195cc70-2ea8-4d9b-90c7-21e4a6c9bd0d{ip: 192.168.30.13, host: pr-hdds-1569-wvzgm-824869521, networkLocation: /default-rack, certSerialId: null}, Type:RATIS, Factor:ONE, State:CLOSED] moved to CLOSED state
2019-09-26 09:57:38,081 [EventQueue-StaleNodeForStaleNodeHandler] INFO  pipeline.SCMPipelineManager (SCMPipelineManager.java:finalizeAndDestroyPipeline(316)) - destroying pipeline:Pipeline[ Id: 83e7ba06-21a2-416f-b9aa-68c0baa48a1e, Nodes: d195cc70-2ea8-4d9b-90c7-21e4a6c9bd0d{ip: 192.168.30.13, host: pr-hdds-1569-wvzgm-824869521, networkLocation: /default-rack, certSerialId: null}, Type:RATIS, Factor:ONE, State:OPEN]
2019-09-26 09:57:38,081 [EventQueue-StaleNodeForStaleNodeHandler] INFO  pipeline.PipelineStateManager (PipelineStateManager.java:finalizePipeline(123)) - Pipeline Pipeline[ Id: 83e7ba06-21a2-416f-b9aa-68c0baa48a1e, Nodes: d195cc70-2ea8-4d9b-90c7-21e4a6c9bd0d{ip: 192.168.30.13, host: pr-hdds-1569-wvzgm-824869521, networkLocation: /default-rack, certSerialId: null}, Type:RATIS, Factor:ONE, State:CLOSED] moved to CLOSED state
2019-09-26 09:57:38,081 [EventQueue-StaleNodeForStaleNodeHandler] INFO  pipeline.SCMPipelineManager (SCMPipelineManager.java:finalizeAndDestroyPipeline(316)) - destroying pipeline:Pipeline[ Id: afb3f132-bf70-4fee-b42c-6004e546286f, Nodes: d195cc70-2ea8-4d9b-90c7-21e4a6c9bd0d{ip: 192.168.30.13, host: pr-hdds-1569-wvzgm-824869521, networkLocation: /default-rack, certSerialId: null}, Type:RATIS, Factor:ONE, State:OPEN]
2019-09-26 09:57:38,082 [EventQueue-StaleNodeForStaleNodeHandler] INFO  pipeline.PipelineStateManager (PipelineStateManager.java:finalizePipeline(123)) - Pipeline Pipeline[ Id: afb3f132-bf70-4fee-b42c-6004e546286f, Nodes: d195cc70-2ea8-4d9b-90c7-21e4a6c9bd0d{ip: 192.168.30.13, host: pr-hdds-1569-wvzgm-824869521, networkLocation: /default-rack, certSerialId: null}, Type:RATIS, Factor:ONE, State:CLOSED] moved to CLOSED state
2019-09-26 09:57:38,082 [EventQueue-StaleNodeForStaleNodeHandler] INFO  pipeline.SCMPipelineManager (SCMPipelineManager.java:finalizeAndDestroyPipeline(316)) - destroying pipeline:Pipeline[ Id: d615f4d6-a8ba-4f34-9880-17c71a81a3a4, Nodes: d195cc70-2ea8-4d9b-90c7-21e4a6c9bd0d{ip: 192.168.30.13, host: pr-hdds-1569-wvzgm-824869521, networkLocation: /default-rack, certSerialId: null}, Type:RATIS, Factor:ONE, State:OPEN]
2019-09-26 09:57:38,082 [EventQueue-StaleNodeForStaleNodeHandler] INFO  pipeline.PipelineStateManager (PipelineStateManager.java:finalizePipeline(123)) - Pipeline Pipeline[ Id: d615f4d6-a8ba-4f34-9880-17c71a81a3a4, Nodes: d195cc70-2ea8-4d9b-90c7-21e4a6c9bd0d{ip: 192.168.30.13, host: pr-hdds-1569-wvzgm-824869521, networkLocation: /default-rack, certSerialId: null}, Type:RATIS, Factor:ONE, State:CLOSED] moved to CLOSED state
2019-09-26 09:57:38,512 [main] INFO  ozoneimpl.OzoneContainer (OzoneContainer.java:stop(231)) - Attempting to stop container services.
2019-09-26 09:57:38,514 [main] INFO  impl.RaftServerProxy (RaftServerProxy.java:lambda$close$4(314)) - d195cc70-2ea8-4d9b-90c7-21e4a6c9bd0d: close
2019-09-26 09:57:38,515 [main] INFO  impl.RaftServerImpl (RaftServerImpl.java:lambda$shutdown$3(251)) - d195cc70-2ea8-4d9b-90c7-21e4a6c9bd0d@group-A98BC6075B1D: shutdown
2019-09-26 09:57:38,515 [ForkJoinPool.commonPool-worker-0] INFO  impl.RaftServerImpl (RaftServerImpl.java:lambda$shutdown$3(251)) - d195cc70-2ea8-4d9b-90c7-21e4a6c9bd0d@group-03C426CCD4EA: shutdown
2019-09-26 09:57:38,515 [main] INFO  util.JmxRegister (JmxRegister.java:unregister(73)) - Successfully un-registered JMX Bean with object name Ratis:service=RaftServer,group=group-A98BC6075B1D,id=d195cc70-2ea8-4d9b-90c7-21e4a6c9bd0d
2019-09-26 09:57:38,515 [ForkJoinPool.commonPool-worker-0] INFO  util.JmxRegister (JmxRegister.java:unregister(73)) - Successfully un-registered JMX Bean with object name Ratis:service=RaftServer,group=group-03C426CCD4EA,id=d195cc70-2ea8-4d9b-90c7-21e4a6c9bd0d
2019-09-26 09:57:38,516 [main] INFO  impl.RoleInfo (RoleInfo.java:shutdownLeaderState(104)) - d195cc70-2ea8-4d9b-90c7-21e4a6c9bd0d: shutdown LeaderState
2019-09-26 09:57:38,516 [ForkJoinPool.commonPool-worker-0] INFO  impl.RoleInfo (RoleInfo.java:shutdownLeaderState(104)) - d195cc70-2ea8-4d9b-90c7-21e4a6c9bd0d: shutdown LeaderState
2019-09-26 09:57:38,517 [main] INFO  impl.PendingRequests (PendingRequests.java:sendNotLeaderResponses(202)) - d195cc70-2ea8-4d9b-90c7-21e4a6c9bd0d-PendingRequests: sendNotLeaderResponses
2019-09-26 09:57:38,517 [ForkJoinPool.commonPool-worker-0] INFO  impl.PendingRequests (PendingRequests.java:sendNotLeaderResponses(202)) - d195cc70-2ea8-4d9b-90c7-21e4a6c9bd0d-PendingRequests: sendNotLeaderResponses
2019-09-26 09:57:38,517 [main] INFO  impl.StateMachineUpdater (StateMachineUpdater.java:stopAndJoin(125)) - d195cc70-2ea8-4d9b-90c7-21e4a6c9bd0d@group-A98BC6075B1D-StateMachineUpdater: set stopIndex = 0
2019-09-26 09:57:38,517 [ForkJoinPool.commonPool-worker-0] INFO  impl.StateMachineUpdater (StateMachineUpdater.java:stopAndJoin(125)) - d195cc70-2ea8-4d9b-90c7-21e4a6c9bd0d@group-03C426CCD4EA-StateMachineUpdater: set stopIndex = 0
2019-09-26 09:57:38,518 [main] INFO  impl.RaftServerImpl (ServerState.java:close(385)) - d195cc70-2ea8-4d9b-90c7-21e4a6c9bd0d@group-A98BC6075B1D: closes. applyIndex: 0
2019-09-26 09:57:38,518 [ForkJoinPool.commonPool-worker-0] INFO  impl.RaftServerImpl (ServerState.java:close(385)) - d195cc70-2ea8-4d9b-90c7-21e4a6c9bd0d@group-03C426CCD4EA: closes. applyIndex: 0
2019-09-26 09:57:38,518 [d195cc70-2ea8-4d9b-90c7-21e4a6c9bd0d@group-A98BC6075B1D-SegmentedRaftLogWorker] INFO  segmented.SegmentedRaftLogWorker (SegmentedRaftLogWorker.java:run(313)) - d195cc70-2ea8-4d9b-90c7-21e4a6c9bd0d@group-A98BC6075B1D-SegmentedRaftLogWorker was interrupted, exiting. There are 0 tasks remaining in the queue.
2019-09-26 09:57:38,518 [d195cc70-2ea8-4d9b-90c7-21e4a6c9bd0d@group-03C426CCD4EA-SegmentedRaftLogWorker] INFO  segmented.SegmentedRaftLogWorker (SegmentedRaftLogWorker.java:run(313)) - d195cc70-2ea8-4d9b-90c7-21e4a6c9bd0d@group-03C426CCD4EA-SegmentedRaftLogWorker was interrupted, exiting. There are 0 tasks remaining in the queue.
2019-09-26 09:57:38,519 [main] INFO  segmented.SegmentedRaftLogWorker (SegmentedRaftLogWorker.java:close(228)) - d195cc70-2ea8-4d9b-90c7-21e4a6c9bd0d@group-A98BC6075B1D-SegmentedRaftLogWorker close()
2019-09-26 09:57:38,519 [ForkJoinPool.commonPool-worker-0] INFO  segmented.SegmentedRaftLogWorker (SegmentedRaftLogWorker.java:close(228)) - d195cc70-2ea8-4d9b-90c7-21e4a6c9bd0d@group-03C426CCD4EA-SegmentedRaftLogWorker close()
2019-09-26 09:57:38,519 [main] INFO  impl.RaftServerImpl (RaftServerImpl.java:lambda$shutdown$3(251)) - d195cc70-2ea8-4d9b-90c7-21e4a6c9bd0d@group-79D50B39D669: shutdown
2019-09-26 09:57:38,520 [ForkJoinPool.commonPool-worker-0] INFO  impl.RaftServerImpl (RaftServerImpl.java:lambda$shutdown$3(251)) - d195cc70-2ea8-4d9b-90c7-21e4a6c9bd0d@group-68C0BAA48A1E: shutdown
2019-09-26 09:57:38,520 [main] INFO  util.JmxRegister (JmxRegister.java:unregister(73)) - Successfully un-registered JMX Bean with object name Ratis:service=RaftServer,group=group-79D50B39D669,id=d195cc70-2ea8-4d9b-90c7-21e4a6c9bd0d
2019-09-26 09:57:38,520 [ForkJoinPool.commonPool-worker-0] INFO  util.JmxRegister (JmxRegister.java:unregister(73)) - Successfully un-registered JMX Bean with object name Ratis:service=RaftServer,group=group-68C0BAA48A1E,id=d195cc70-2ea8-4d9b-90c7-21e4a6c9bd0d
2019-09-26 09:57:38,521 [main] INFO  impl.RoleInfo (RoleInfo.java:shutdownLeaderState(104)) - d195cc70-2ea8-4d9b-90c7-21e4a6c9bd0d: shutdown LeaderState
2019-09-26 09:57:38,521 [ForkJoinPool.commonPool-worker-0] INFO  impl.RoleInfo (RoleInfo.java:shutdownLeaderState(104)) - d195cc70-2ea8-4d9b-90c7-21e4a6c9bd0d: shutdown LeaderState
2019-09-26 09:57:38,521 [main] INFO  impl.PendingRequests (PendingRequests.java:sendNotLeaderResponses(202)) - d195cc70-2ea8-4d9b-90c7-21e4a6c9bd0d-PendingRequests: sendNotLeaderResponses
2019-09-26 09:57:38,521 [ForkJoinPool.commonPool-worker-0] INFO  impl.PendingRequests (PendingRequests.java:sendNotLeaderResponses(202)) - d195cc70-2ea8-4d9b-90c7-21e4a6c9bd0d-PendingRequests: sendNotLeaderResponses
2019-09-26 09:57:38,522 [main] INFO  impl.StateMachineUpdater (StateMachineUpdater.java:stopAndJoin(125)) - d195cc70-2ea8-4d9b-90c7-21e4a6c9bd0d@group-79D50B39D669-StateMachineUpdater: set stopIndex = 0
2019-09-26 09:57:38,522 [ForkJoinPool.commonPool-worker-0] INFO  impl.StateMachineUpdater (StateMachineUpdater.java:stopAndJoin(125)) - d195cc70-2ea8-4d9b-90c7-21e4a6c9bd0d@group-68C0BAA48A1E-StateMachineUpdater: set stopIndex = 0
2019-09-26 09:57:38,522 [main] INFO  impl.RaftServerImpl (ServerState.java:close(385)) - d195cc70-2ea8-4d9b-90c7-21e4a6c9bd0d@group-79D50B39D669: closes. applyIndex: 0
2019-09-26 09:57:38,523 [ForkJoinPool.commonPool-worker-0] INFO  impl.RaftServerImpl (ServerState.java:close(385)) - d195cc70-2ea8-4d9b-90c7-21e4a6c9bd0d@group-68C0BAA48A1E: closes. applyIndex: 0
2019-09-26 09:57:38,523 [d195cc70-2ea8-4d9b-90c7-21e4a6c9bd0d@group-79D50B39D669-SegmentedRaftLogWorker] INFO  segmented.SegmentedRaftLogWorker (SegmentedRaftLogWorker.java:run(313)) - d195cc70-2ea8-4d9b-90c7-21e4a6c9bd0d@group-79D50B39D669-SegmentedRaftLogWorker was interrupted, exiting. There are 0 tasks remaining in the queue.
2019-09-26 09:57:38,523 [d195cc70-2ea8-4d9b-90c7-21e4a6c9bd0d@group-68C0BAA48A1E-SegmentedRaftLogWorker] INFO  segmented.SegmentedRaftLogWorker (SegmentedRaftLogWorker.java:run(313)) - d195cc70-2ea8-4d9b-90c7-21e4a6c9bd0d@group-68C0BAA48A1E-SegmentedRaftLogWorker was interrupted, exiting. There are 0 tasks remaining in the queue.
2019-09-26 09:57:38,524 [main] INFO  segmented.SegmentedRaftLogWorker (SegmentedRaftLogWorker.java:close(228)) - d195cc70-2ea8-4d9b-90c7-21e4a6c9bd0d@group-79D50B39D669-SegmentedRaftLogWorker close()
2019-09-26 09:57:38,524 [ForkJoinPool.commonPool-worker-0] INFO  segmented.SegmentedRaftLogWorker (SegmentedRaftLogWorker.java:close(228)) - d195cc70-2ea8-4d9b-90c7-21e4a6c9bd0d@group-68C0BAA48A1E-SegmentedRaftLogWorker close()
2019-09-26 09:57:38,524 [ForkJoinPool.commonPool-worker-0] INFO  impl.RaftServerImpl (RaftServerImpl.java:lambda$shutdown$3(251)) - d195cc70-2ea8-4d9b-90c7-21e4a6c9bd0d@group-6004E546286F: shutdown
2019-09-26 09:57:38,525 [ForkJoinPool.commonPool-worker-0] INFO  util.JmxRegister (JmxRegister.java:unregister(73)) - Successfully un-registered JMX Bean with object name Ratis:service=RaftServer,group=group-6004E546286F,id=d195cc70-2ea8-4d9b-90c7-21e4a6c9bd0d
2019-09-26 09:57:38,525 [ForkJoinPool.commonPool-worker-0] INFO  impl.RoleInfo (RoleInfo.java:shutdownLeaderState(104)) - d195cc70-2ea8-4d9b-90c7-21e4a6c9bd0d: shutdown LeaderState
2019-09-26 09:57:38,525 [ForkJoinPool.commonPool-worker-0] INFO  impl.PendingRequests (PendingRequests.java:sendNotLeaderResponses(202)) - d195cc70-2ea8-4d9b-90c7-21e4a6c9bd0d-PendingRequests: sendNotLeaderResponses
2019-09-26 09:57:38,525 [ForkJoinPool.commonPool-worker-0] INFO  impl.StateMachineUpdater (StateMachineUpdater.java:stopAndJoin(125)) - d195cc70-2ea8-4d9b-90c7-21e4a6c9bd0d@group-6004E546286F-StateMachineUpdater: set stopIndex = 0
2019-09-26 09:57:38,526 [ForkJoinPool.commonPool-worker-0] INFO  impl.RaftServerImpl (ServerState.java:close(385)) - d195cc70-2ea8-4d9b-90c7-21e4a6c9bd0d@group-6004E546286F: closes. applyIndex: 0
2019-09-26 09:57:38,526 [d195cc70-2ea8-4d9b-90c7-21e4a6c9bd0d@group-6004E546286F-SegmentedRaftLogWorker] INFO  segmented.SegmentedRaftLogWorker (SegmentedRaftLogWorker.java:run(313)) - d195cc70-2ea8-4d9b-90c7-21e4a6c9bd0d@group-6004E546286F-SegmentedRaftLogWorker was interrupted, exiting. There are 0 tasks remaining in the queue.
2019-09-26 09:57:38,526 [ForkJoinPool.commonPool-worker-0] INFO  segmented.SegmentedRaftLogWorker (SegmentedRaftLogWorker.java:close(228)) - d195cc70-2ea8-4d9b-90c7-21e4a6c9bd0d@group-6004E546286F-SegmentedRaftLogWorker close()
2019-09-26 09:57:38,526 [ForkJoinPool.commonPool-worker-0] INFO  impl.RaftServerImpl (RaftServerImpl.java:lambda$shutdown$3(251)) - d195cc70-2ea8-4d9b-90c7-21e4a6c9bd0d@group-17C71A81A3A4: shutdown
2019-09-26 09:57:38,527 [ForkJoinPool.commonPool-worker-0] INFO  util.JmxRegister (JmxRegister.java:unregister(73)) - Successfully un-registered JMX Bean with object name Ratis:service=RaftServer,group=group-17C71A81A3A4,id=d195cc70-2ea8-4d9b-90c7-21e4a6c9bd0d
2019-09-26 09:57:38,527 [ForkJoinPool.commonPool-worker-0] INFO  impl.RoleInfo (RoleInfo.java:shutdownLeaderState(104)) - d195cc70-2ea8-4d9b-90c7-21e4a6c9bd0d: shutdown LeaderState
2019-09-26 09:57:38,527 [ForkJoinPool.commonPool-worker-0] INFO  impl.PendingRequests (PendingRequests.java:sendNotLeaderResponses(202)) - d195cc70-2ea8-4d9b-90c7-21e4a6c9bd0d-PendingRequests: sendNotLeaderResponses
2019-09-26 09:57:38,527 [ForkJoinPool.commonPool-worker-0] INFO  impl.StateMachineUpdater (StateMachineUpdater.java:stopAndJoin(125)) - d195cc70-2ea8-4d9b-90c7-21e4a6c9bd0d@group-17C71A81A3A4-StateMachineUpdater: set stopIndex = 0
2019-09-26 09:57:38,527 [ForkJoinPool.commonPool-worker-0] INFO  impl.RaftServerImpl (ServerState.java:close(385)) - d195cc70-2ea8-4d9b-90c7-21e4a6c9bd0d@group-17C71A81A3A4: closes. applyIndex: 0
2019-09-26 09:57:38,528 [d195cc70-2ea8-4d9b-90c7-21e4a6c9bd0d@group-17C71A81A3A4-SegmentedRaftLogWorker] INFO  segmented.SegmentedRaftLogWorker (SegmentedRaftLogWorker.java:run(313)) - d195cc70-2ea8-4d9b-90c7-21e4a6c9bd0d@group-17C71A81A3A4-SegmentedRaftLogWorker was interrupted, exiting. There are 0 tasks remaining in the queue.
2019-09-26 09:57:38,528 [ForkJoinPool.commonPool-worker-0] INFO  segmented.SegmentedRaftLogWorker (SegmentedRaftLogWorker.java:close(228)) - d195cc70-2ea8-4d9b-90c7-21e4a6c9bd0d@group-17C71A81A3A4-SegmentedRaftLogWorker close()
2019-09-26 09:57:38,528 [main] INFO  server.GrpcService (GrpcService.java:closeImpl(164)) - d195cc70-2ea8-4d9b-90c7-21e4a6c9bd0d: shutdown server with port 39349 now
2019-09-26 09:57:38,530 [main] INFO  server.GrpcService (GrpcService.java:closeImpl(172)) - d195cc70-2ea8-4d9b-90c7-21e4a6c9bd0d: shutdown server with port 39349 successfully
2019-09-26 09:57:38,534 [refreshUsed-/workdir/hadoop-ozone/integration-test/target/test-dir/MiniOzoneClusterImpl-02a89373-ff67-4b13-ad11-60194c127517/datanode-5/data/containers] WARN  fs.CachingGetSpaceUsed (CachingGetSpaceUsed.java:run(183)) - Thread Interrupted waiting to refresh disk information: sleep interrupted
2019-09-26 09:57:38,551 [main] INFO  utils.BackgroundService (BackgroundService.java:shutdown(148)) - Shutting down service BlockDeletingService
2019-09-26 09:57:38,554 [main] INFO  statemachine.DatanodeStateMachine (DatanodeStateMachine.java:stopDaemon(395)) - Ozone container server stopped.
2019-09-26 09:57:38,555 [main] INFO  handler.ContextHandler (ContextHandler.java:doStop(910)) - Stopped o.e.j.w.WebAppContext@64d4f7c7{/,null,UNAVAILABLE}{/hddsDatanode}
2019-09-26 09:57:38,556 [main] INFO  server.AbstractConnector (AbstractConnector.java:doStop(318)) - Stopped ServerConnector@54e02f6a{HTTP/1.1,[http/1.1]}{0.0.0.0:0}
2019-09-26 09:57:38,556 [main] INFO  handler.ContextHandler (ContextHandler.java:doStop(910)) - Stopped o.e.j.s.ServletContextHandler@1352434e{/static,jar:file:/home/user/.m2/repository/org/apache/hadoop/hadoop-hdds-container-service/0.5.0-SNAPSHOT/hadoop-hdds-container-service-0.5.0-SNAPSHOT.jar!/webapps/static,UNAVAILABLE}
2019-09-26 09:57:38,556 [main] INFO  handler.ContextHandler (ContextHandler.java:doStop(910)) - Stopped o.e.j.s.ServletContextHandler@12eedfee{/logs,file:///workdir/hadoop-ozone/integration-test/target/log,UNAVAILABLE}
2019-09-26 09:57:38,557 [main] INFO  ozone.MiniOzoneClusterImpl (MiniOzoneClusterImpl.java:stopSCM(392)) - Stopping the StorageContainerManager
2019-09-26 09:57:38,557 [main] INFO  server.StorageContainerManager (StorageContainerManager.java:stop(808)) - Stopping Replication Manager Service.
2019-09-26 09:57:38,557 [main] INFO  container.ReplicationManager (ReplicationManager.java:stop(204)) - Stopping Replication Monitor Thread.
2019-09-26 09:57:38,558 [main] INFO  server.StorageContainerManager (StorageContainerManager.java:stop(815)) - Stopping Lease Manager of the command watchers
2019-09-26 09:57:38,558 [main] INFO  server.StorageContainerManager (StorageContainerManager.java:stop(822)) - Stopping datanode service RPC server
2019-09-26 09:57:38,558 [main] INFO  server.SCMDatanodeProtocolServer (SCMDatanodeProtocolServer.java:stop(367)) - Stopping the RPC server for DataNodes
2019-09-26 09:57:38,558 [main] INFO  ipc.Server (Server.java:stop(3082)) - Stopping server on 38554
2019-09-26 09:57:38,560 [IPC Server listener on 38554] INFO  ipc.Server (Server.java:run(1185)) - Stopping IPC Server listener on 38554
2019-09-26 09:57:38,561 [IPC Server Responder] INFO  ipc.Server (Server.java:run(1319)) - Stopping IPC Server Responder
2019-09-26 09:57:38,580 [SCM Heartbeat Processing Thread - 0] WARN  node.NodeStateManager (NodeStateManager.java:scheduleNextHealthCheck(655)) - Current Thread is interrupted, shutting down HB processing thread for Node Manager.
2019-09-26 09:57:38,581 [main] INFO  server.StorageContainerManager (StorageContainerManager.java:stop(830)) - Stopping block service RPC server
2019-09-26 09:57:38,581 [main] INFO  server.SCMBlockProtocolServer (SCMBlockProtocolServer.java:stop(155)) - Stopping the RPC server for Block Protocol
2019-09-26 09:57:38,581 [main] INFO  ipc.Server (Server.java:stop(3082)) - Stopping server on 40171
2019-09-26 09:57:38,583 [IPC Server listener on 40171] INFO  ipc.Server (Server.java:run(1185)) - Stopping IPC Server listener on 40171
2019-09-26 09:57:38,583 [main] INFO  server.StorageContainerManager (StorageContainerManager.java:stop(837)) - Stopping the StorageContainerLocationProtocol RPC server
2019-09-26 09:57:38,584 [main] INFO  server.SCMClientProtocolServer (SCMClientProtocolServer.java:stop(159)) - Stopping the RPC server for Client Protocol
2019-09-26 09:57:38,584 [IPC Server Responder] INFO  ipc.Server (Server.java:run(1319)) - Stopping IPC Server Responder
2019-09-26 09:57:38,584 [main] INFO  ipc.Server (Server.java:stop(3082)) - Stopping server on 37745
2019-09-26 09:57:38,585 [IPC Server listener on 37745] INFO  ipc.Server (Server.java:run(1185)) - Stopping IPC Server listener on 37745
2019-09-26 09:57:38,586 [main] INFO  server.StorageContainerManager (StorageContainerManager.java:stop(844)) - Stopping Storage Container Manager HTTP server.
2019-09-26 09:57:38,586 [IPC Server Responder] INFO  ipc.Server (Server.java:run(1319)) - Stopping IPC Server Responder
2019-09-26 09:57:38,587 [main] INFO  handler.ContextHandler (ContextHandler.java:doStop(910)) - Stopped o.e.j.w.WebAppContext@6db66836{/,null,UNAVAILABLE}{/scm}
2019-09-26 09:57:38,587 [main] INFO  server.AbstractConnector (AbstractConnector.java:doStop(318)) - Stopped ServerConnector@1ee4730{HTTP/1.1,[http/1.1]}{0.0.0.0:0}
2019-09-26 09:57:38,588 [main] INFO  handler.ContextHandler (ContextHandler.java:doStop(910)) - Stopped o.e.j.s.ServletContextHandler@43b6123e{/static,file:///workdir/hadoop-ozone/integration-test/target/test-classes/webapps/static,UNAVAILABLE}
2019-09-26 09:57:38,588 [main] INFO  handler.ContextHandler (ContextHandler.java:doStop(910)) - Stopped o.e.j.s.ServletContextHandler@4fce136b{/logs,file:///workdir/hadoop-ozone/integration-test/target/log,UNAVAILABLE}
2019-09-26 09:57:38,589 [main] INFO  server.StorageContainerManager (StorageContainerManager.java:stop(855)) - Stopping Block Manager Service.
2019-09-26 09:57:38,589 [main] INFO  utils.BackgroundService (BackgroundService.java:shutdown(148)) - Shutting down service SCMBlockDeletingService
2019-09-26 09:57:38,590 [main] INFO  utils.BackgroundService (BackgroundService.java:shutdown(148)) - Shutting down service SCMBlockDeletingService
2019-09-26 09:57:38,590 [main] INFO  server.StorageContainerManager (StorageContainerManager.java:stop(877)) - Stopping SCM Event Queue.
2019-09-26 09:57:38,596 [main] INFO  impl.MetricsSystemImpl (MetricsSystemImpl.java:stop(210)) - Stopping XceiverClientMetrics metrics system...
2019-09-26 09:57:38,610 [prometheus] INFO  impl.MetricsSinkAdapter (MetricsSinkAdapter.java:publishMetricsFromQueue(141)) - prometheus thread interrupted.
2019-09-26 09:57:38,610 [main] INFO  impl.MetricsSystemImpl (MetricsSystemImpl.java:stop(216)) - XceiverClientMetrics metrics system stopped.
]]></system-out>
    <system-err><![CDATA[ERROR StatusLogger No Log4j 2 configuration file found. Using default configuration (logging only errors to the console), or user programmatically provided configurations. Set system property 'log4j2.debug' to show Log4j 2 internal initialization logging. See https://logging.apache.org/log4j/2.x/manual/configuration.html for instructions on how to configure Log4j 2
]]></system-err>
  </testcase>
  <testcase name="testDatanodeFailureWithPreAllocation" classname="org.apache.hadoop.ozone.client.rpc.TestBlockOutputStreamWithFailures" time="226.037"/>
  <testcase name="testDatanodeFailureWithSingleNodeRatis" classname="org.apache.hadoop.ozone.client.rpc.TestBlockOutputStreamWithFailures" time="224.804"/>
  <testcase name="testWatchForCommitWithSingleNodeRatis" classname="org.apache.hadoop.ozone.client.rpc.TestBlockOutputStreamWithFailures" time="39.117"/>
  <testcase name="testWatchForCommitDatanodeFailure" classname="org.apache.hadoop.ozone.client.rpc.TestBlockOutputStreamWithFailures" time="27.986">
    <error message="Allocated 0 blocks. Requested 1 blocks" type="INTERNAL_ERROR org.apache.hadoop.ozone.om.exceptions.OMException">INTERNAL_ERROR org.apache.hadoop.ozone.om.exceptions.OMException: Allocated 0 blocks. Requested 1 blocks
	at org.apache.hadoop.ozone.om.protocolPB.OzoneManagerProtocolClientSideTranslatorPB.handleError(OzoneManagerProtocolClientSideTranslatorPB.java:732)
	at org.apache.hadoop.ozone.om.protocolPB.OzoneManagerProtocolClientSideTranslatorPB.openKey(OzoneManagerProtocolClientSideTranslatorPB.java:723)
	at sun.reflect.NativeMethodAccessorImpl.invoke0(Native Method)
	at sun.reflect.NativeMethodAccessorImpl.invoke(NativeMethodAccessorImpl.java:62)
	at sun.reflect.DelegatingMethodAccessorImpl.invoke(DelegatingMethodAccessorImpl.java:43)
	at java.lang.reflect.Method.invoke(Method.java:498)
	at org.apache.hadoop.hdds.tracing.TraceAllMethod.invoke(TraceAllMethod.java:66)
	at com.sun.proxy.$Proxy37.openKey(Unknown Source)
	at org.apache.hadoop.ozone.client.rpc.RpcClient.createKey(RpcClient.java:614)
	at org.apache.hadoop.ozone.client.OzoneBucket.createKey(OzoneBucket.java:325)
	at org.apache.hadoop.ozone.container.ContainerTestHelper.createKey(ContainerTestHelper.java:704)
	at org.apache.hadoop.ozone.client.rpc.TestBlockOutputStreamWithFailures.createKey(TestBlockOutputStreamWithFailures.java:1210)
	at org.apache.hadoop.ozone.client.rpc.TestBlockOutputStreamWithFailures.createKey(TestBlockOutputStreamWithFailures.java:1204)
	at org.apache.hadoop.ozone.client.rpc.TestBlockOutputStreamWithFailures.testWatchForCommitDatanodeFailure(TestBlockOutputStreamWithFailures.java:277)
	at sun.reflect.NativeMethodAccessorImpl.invoke0(Native Method)
	at sun.reflect.NativeMethodAccessorImpl.invoke(NativeMethodAccessorImpl.java:62)
	at sun.reflect.DelegatingMethodAccessorImpl.invoke(DelegatingMethodAccessorImpl.java:43)
	at java.lang.reflect.Method.invoke(Method.java:498)
	at org.junit.runners.model.FrameworkMethod$1.runReflectiveCall(FrameworkMethod.java:47)
	at org.junit.internal.runners.model.ReflectiveCallable.run(ReflectiveCallable.java:12)
	at org.junit.runners.model.FrameworkMethod.invokeExplosively(FrameworkMethod.java:44)
	at org.junit.internal.runners.statements.InvokeMethod.evaluate(InvokeMethod.java:17)
	at org.junit.internal.runners.statements.RunBefores.evaluate(RunBefores.java:26)
	at org.junit.internal.runners.statements.RunAfters.evaluate(RunAfters.java:27)
	at org.junit.runners.ParentRunner.runLeaf(ParentRunner.java:271)
	at org.junit.runners.BlockJUnit4ClassRunner.runChild(BlockJUnit4ClassRunner.java:70)
	at org.junit.runners.BlockJUnit4ClassRunner.runChild(BlockJUnit4ClassRunner.java:50)
	at org.junit.runners.ParentRunner$3.run(ParentRunner.java:238)
	at org.junit.runners.ParentRunner$1.schedule(ParentRunner.java:63)
	at org.junit.runners.ParentRunner.runChildren(ParentRunner.java:236)
	at org.junit.runners.ParentRunner.access$000(ParentRunner.java:53)
	at org.junit.runners.ParentRunner$2.evaluate(ParentRunner.java:229)
	at org.junit.runners.ParentRunner.run(ParentRunner.java:309)
	at org.apache.maven.surefire.junit4.JUnit4Provider.execute(JUnit4Provider.java:365)
	at org.apache.maven.surefire.junit4.JUnit4Provider.executeWithRerun(JUnit4Provider.java:273)
	at org.apache.maven.surefire.junit4.JUnit4Provider.executeTestSet(JUnit4Provider.java:238)
	at org.apache.maven.surefire.junit4.JUnit4Provider.invoke(JUnit4Provider.java:159)
	at org.apache.maven.surefire.booter.ForkedBooter.invokeProviderInSameClassLoader(ForkedBooter.java:384)
	at org.apache.maven.surefire.booter.ForkedBooter.runSuitesInProcess(ForkedBooter.java:345)
	at org.apache.maven.surefire.booter.ForkedBooter.execute(ForkedBooter.java:126)
	at org.apache.maven.surefire.booter.ForkedBooter.main(ForkedBooter.java:418)
</error>
    <system-out><![CDATA[2019-09-26 10:05:48,653 [main] WARN  server.ServerUtils (ServerUtils.java:getScmDbDir(145)) - ozone.scm.db.dirs is not configured. We recommend adding this setting. Falling back to ozone.metadata.dirs instead.
2019-09-26 10:05:48,668 [main] WARN  server.ServerUtils (ServerUtils.java:getScmDbDir(145)) - ozone.scm.db.dirs is not configured. We recommend adding this setting. Falling back to ozone.metadata.dirs instead.
2019-09-26 10:05:48,669 [main] WARN  server.ServerUtils (ServerUtils.java:getScmDbDir(145)) - ozone.scm.db.dirs is not configured. We recommend adding this setting. Falling back to ozone.metadata.dirs instead.
2019-09-26 10:05:48,669 [main] INFO  db.DBStoreBuilder (DBStoreBuilder.java:addTable(110)) - using custom profile for table: deletedBlocks
2019-09-26 10:05:48,669 [main] INFO  db.DBStoreBuilder (DBStoreBuilder.java:processTables(161)) - Using default column profile:DBProfile.DISK for Table:deletedBlocks
2019-09-26 10:05:48,669 [main] INFO  db.DBStoreBuilder (DBStoreBuilder.java:addTable(110)) - using custom profile for table: validCerts
2019-09-26 10:05:48,670 [main] INFO  db.DBStoreBuilder (DBStoreBuilder.java:processTables(161)) - Using default column profile:DBProfile.DISK for Table:validCerts
2019-09-26 10:05:48,670 [main] INFO  db.DBStoreBuilder (DBStoreBuilder.java:addTable(110)) - using custom profile for table: revokedCerts
2019-09-26 10:05:48,670 [main] INFO  db.DBStoreBuilder (DBStoreBuilder.java:processTables(161)) - Using default column profile:DBProfile.DISK for Table:revokedCerts
2019-09-26 10:05:48,670 [main] INFO  db.DBStoreBuilder (DBStoreBuilder.java:addTable(110)) - using custom profile for table: default
2019-09-26 10:05:48,670 [main] INFO  db.DBStoreBuilder (DBStoreBuilder.java:processTables(167)) - Using default column profile:DBProfile.DISK for Table:default
2019-09-26 10:05:48,670 [main] INFO  db.DBStoreBuilder (DBStoreBuilder.java:getDbProfile(198)) - Using default options. DBProfile.DISK
2019-09-26 10:05:48,875 [main] INFO  net.NodeSchemaLoader (NodeSchemaLoader.java:loadSchemaFromFile(125)) - Loading file from sun.misc.CompoundEnumeration@3457cc8d
2019-09-26 10:05:48,875 [main] INFO  net.NodeSchemaLoader (NodeSchemaLoader.java:loadSchema(171)) - Loading network topology layer schema file
2019-09-26 10:05:48,881 [main] INFO  node.SCMNodeManager (SCMNodeManager.java:<init>(114)) - Entering startup safe mode.
2019-09-26 10:05:48,882 [main] INFO  algorithms.ContainerPlacementPolicyFactory (ContainerPlacementPolicyFactory.java:getPolicy(59)) - Create container placement policy of type org.apache.hadoop.hdds.scm.container.placement.algorithms.SCMContainerPlacementRandom
2019-09-26 10:05:48,883 [main] WARN  server.ServerUtils (ServerUtils.java:getScmDbDir(145)) - ozone.scm.db.dirs is not configured. We recommend adding this setting. Falling back to ozone.metadata.dirs instead.
2019-09-26 10:05:48,997 [main] INFO  pipeline.SCMPipelineManager (SCMPipelineManager.java:initializePipelineState(132)) - No pipeline exists in current db
2019-09-26 10:05:48,997 [main] WARN  server.ServerUtils (ServerUtils.java:getScmDbDir(145)) - ozone.scm.db.dirs is not configured. We recommend adding this setting. Falling back to ozone.metadata.dirs instead.
2019-09-26 10:05:49,025 [main] WARN  events.EventQueue (EventQueue.java:fireEvent(183)) - No event handler registered for event TypedEvent{payloadType=SafeModeStatus, name='SafeModeStatus'}
2019-09-26 10:05:49,026 [main] INFO  ipc.CallQueueManager (CallQueueManager.java:<init>(84)) - Using callQueue: class java.util.concurrent.LinkedBlockingQueue, queueCapacity: 2000, scheduler: class org.apache.hadoop.ipc.DefaultRpcScheduler, ipcBackoff: false.
2019-09-26 10:05:49,026 [Socket Reader #1 for port 46518] INFO  ipc.Server (Server.java:run(1074)) - Starting Socket Reader #1 for port 46518
2019-09-26 10:05:49,029 [main] INFO  ipc.CallQueueManager (CallQueueManager.java:<init>(84)) - Using callQueue: class java.util.concurrent.LinkedBlockingQueue, queueCapacity: 2000, scheduler: class org.apache.hadoop.ipc.DefaultRpcScheduler, ipcBackoff: false.
2019-09-26 10:05:49,030 [Socket Reader #1 for port 39513] INFO  ipc.Server (Server.java:run(1074)) - Starting Socket Reader #1 for port 39513
2019-09-26 10:05:49,031 [main] INFO  ipc.CallQueueManager (CallQueueManager.java:<init>(84)) - Using callQueue: class java.util.concurrent.LinkedBlockingQueue, queueCapacity: 2000, scheduler: class org.apache.hadoop.ipc.DefaultRpcScheduler, ipcBackoff: false.
2019-09-26 10:05:49,032 [Socket Reader #1 for port 34765] INFO  ipc.Server (Server.java:run(1074)) - Starting Socket Reader #1 for port 34765
2019-09-26 10:05:49,034 [main] INFO  hdfs.DFSUtil (DFSUtil.java:httpServerTemplateForNNAndJN(1641)) - Starting Web-server for scm at: http://0.0.0.0:0
2019-09-26 10:05:49,036 [main] INFO  server.AuthenticationFilter (AuthenticationFilter.java:constructSecretProvider(240)) - Unable to initialize FileSignerSecretProvider, falling back to use random secrets.
2019-09-26 10:05:49,037 [main] WARN  http.HttpRequestLog (HttpRequestLog.java:getRequestLog(97)) - Jetty request log can only be enabled using Log4j
2019-09-26 10:05:49,038 [main] INFO  http.HttpServer2 (HttpServer2.java:addGlobalFilter(975)) - Added global filter 'safety' (class=org.apache.hadoop.http.HttpServer2$QuotingInputFilter)
2019-09-26 10:05:49,039 [main] INFO  http.HttpServer2 (HttpServer2.java:addFilter(948)) - Added filter static_user_filter (class=org.apache.hadoop.http.lib.StaticUserWebFilter$StaticUserFilter) to context scm
2019-09-26 10:05:49,039 [main] INFO  http.HttpServer2 (HttpServer2.java:addFilter(958)) - Added filter static_user_filter (class=org.apache.hadoop.http.lib.StaticUserWebFilter$StaticUserFilter) to context logs
2019-09-26 10:05:49,039 [main] INFO  http.HttpServer2 (HttpServer2.java:addFilter(958)) - Added filter static_user_filter (class=org.apache.hadoop.http.lib.StaticUserWebFilter$StaticUserFilter) to context static
2019-09-26 10:05:49,041 [main] INFO  server.StorageContainerManager (StorageContainerManager.java:start(770)) - StorageContainerLocationProtocol RPC server is listening at /0.0.0.0:34765
2019-09-26 10:05:49,043 [main] WARN  impl.MetricsConfig (MetricsConfig.java:loadFirst(134)) - Cannot locate configuration: tried hadoop-metrics2-storagecontainermanager.properties,hadoop-metrics2.properties
2019-09-26 10:05:49,043 [main] INFO  impl.MetricsSystemImpl (MetricsSystemImpl.java:startTimer(374)) - Scheduled Metric snapshot period at 10 second(s).
2019-09-26 10:05:49,044 [main] INFO  impl.MetricsSystemImpl (MetricsSystemImpl.java:start(191)) - StorageContainerManager metrics system started
2019-09-26 10:05:49,189 [main] WARN  impl.MetricsSystemImpl (MetricsSystemImpl.java:register(276)) - Sink prometheus already exists!
2019-09-26 10:05:49,296 [main] INFO  server.SCMClientProtocolServer (SCMClientProtocolServer.java:start(151)) - RPC server for Client  is listening at /0.0.0.0:34765
2019-09-26 10:05:49,297 [IPC Server Responder] INFO  ipc.Server (Server.java:run(1314)) - IPC Server Responder: starting
2019-09-26 10:05:49,297 [IPC Server listener on 34765] INFO  ipc.Server (Server.java:run(1153)) - IPC Server listener on 34765: starting
2019-09-26 10:05:49,306 [main] INFO  server.StorageContainerManager (StorageContainerManager.java:start(780)) - ScmBlockLocationProtocol RPC server is listening at /0.0.0.0:39513
2019-09-26 10:05:49,306 [main] INFO  server.SCMBlockProtocolServer (SCMBlockProtocolServer.java:start(146)) - RPC server for Block Protocol is listening at /0.0.0.0:39513
2019-09-26 10:05:49,307 [IPC Server Responder] INFO  ipc.Server (Server.java:run(1314)) - IPC Server Responder: starting
2019-09-26 10:05:49,307 [IPC Server listener on 39513] INFO  ipc.Server (Server.java:run(1153)) - IPC Server listener on 39513: starting
2019-09-26 10:05:49,315 [main] INFO  server.StorageContainerManager (StorageContainerManager.java:start(784)) - ScmDatanodeProtocl RPC server is listening at /0.0.0.0:46518
2019-09-26 10:05:49,316 [main] INFO  server.SCMDatanodeProtocolServer (SCMDatanodeProtocolServer.java:start(191)) - RPC server for DataNodes is listening at /0.0.0.0:46518
2019-09-26 10:05:49,316 [IPC Server Responder] INFO  ipc.Server (Server.java:run(1314)) - IPC Server Responder: starting
2019-09-26 10:05:49,316 [IPC Server listener on 46518] INFO  ipc.Server (Server.java:run(1153)) - IPC Server listener on 46518: starting
2019-09-26 10:05:49,319 [main] INFO  http.HttpServer2 (HttpServer2.java:bindListener(1191)) - Jetty bound to port 39498
2019-09-26 10:05:49,320 [main] INFO  server.Server (Server.java:doStart(351)) - jetty-9.3.25.v20180904, build timestamp: 2018-09-04T21:11:46Z, git hash: 3ce520221d0240229c862b122d2b06c12a625732
2019-09-26 10:05:49,322 [main] INFO  handler.ContextHandler (ContextHandler.java:doStart(781)) - Started o.e.j.s.ServletContextHandler@216c22ce{/logs,file:///workdir/hadoop-ozone/integration-test/target/log,AVAILABLE}
2019-09-26 10:05:49,322 [main] INFO  handler.ContextHandler (ContextHandler.java:doStart(781)) - Started o.e.j.s.ServletContextHandler@21e5f0b6{/static,file:///workdir/hadoop-ozone/integration-test/target/test-classes/webapps/static,AVAILABLE}
2019-09-26 10:05:49,328 [main] INFO  handler.ContextHandler (ContextHandler.java:doStart(781)) - Started o.e.j.w.WebAppContext@124eb83d{/,file:///workdir/hadoop-ozone/integration-test/target/test-classes/webapps/scm/,AVAILABLE}{/scm}
2019-09-26 10:05:49,330 [main] INFO  server.AbstractConnector (AbstractConnector.java:doStart(278)) - Started ServerConnector@7970669c{HTTP/1.1,[http/1.1]}{0.0.0.0:39498}
2019-09-26 10:05:49,331 [main] INFO  server.Server (Server.java:doStart(419)) - Started @524245ms
2019-09-26 10:05:49,331 [main] WARN  impl.MetricsSystemImpl (MetricsSystemImpl.java:register(276)) - Sink prometheus already exists!
2019-09-26 10:05:49,333 [main] INFO  server.BaseHttpServer (BaseHttpServer.java:updateConnectorAddress(215)) - HTTP server of SCM is listening at http://0.0.0.0:39498
2019-09-26 10:05:49,333 [main] WARN  server.ServerUtils (ServerUtils.java:getDBPath(222)) - ozone.om.db.dirs is not configured. We recommend adding this setting. Falling back to ozone.metadata.dirs instead.
2019-09-26 10:05:49,333 [org.apache.hadoop.util.JvmPauseMonitor$Monitor@10817f46] INFO  util.JvmPauseMonitor (JvmPauseMonitor.java:run(188)) - Starting JVM pause monitor
2019-09-26 10:05:49,356 [main] WARN  server.ServerUtils (ServerUtils.java:getDBPath(222)) - ozone.om.db.dirs is not configured. We recommend adding this setting. Falling back to ozone.metadata.dirs instead.
2019-09-26 10:05:49,356 [main] WARN  server.ServerUtils (ServerUtils.java:getDBPath(222)) - ozone.om.db.dirs is not configured. We recommend adding this setting. Falling back to ozone.metadata.dirs instead.
2019-09-26 10:05:49,356 [main] INFO  om.OzoneManager (OzoneManager.java:setOMNodeDetails(652)) - OM Service ID is not set. Setting it to the default ID: omServiceIdDefault
2019-09-26 10:05:49,357 [main] INFO  om.OzoneManager (OzoneManager.java:setOMNodeDetails(658)) - OM Node ID is not set. Setting it to the OmStorage's OmID: 95b8ecbf-f78a-4df7-bef7-8830994176ce
2019-09-26 10:05:49,357 [main] INFO  om.OzoneManager (OzoneManager.java:loadOMHAConfigs(609)) - Found matching OM address with OMServiceId: null, OMNodeId: null, RPC Address: localhost:0 and Ratis port: 9872
2019-09-26 10:05:49,364 [main] WARN  server.ServerUtils (ServerUtils.java:getDBPath(222)) - ozone.om.db.dirs is not configured. We recommend adding this setting. Falling back to ozone.metadata.dirs instead.
2019-09-26 10:05:49,365 [main] INFO  db.DBStoreBuilder (DBStoreBuilder.java:addTable(110)) - using custom profile for table: userTable
2019-09-26 10:05:49,365 [main] INFO  db.DBStoreBuilder (DBStoreBuilder.java:processTables(161)) - Using default column profile:DBProfile.DISK for Table:userTable
2019-09-26 10:05:49,365 [main] INFO  db.DBStoreBuilder (DBStoreBuilder.java:addTable(110)) - using custom profile for table: volumeTable
2019-09-26 10:05:49,365 [main] INFO  db.DBStoreBuilder (DBStoreBuilder.java:processTables(161)) - Using default column profile:DBProfile.DISK for Table:volumeTable
2019-09-26 10:05:49,366 [main] INFO  db.DBStoreBuilder (DBStoreBuilder.java:addTable(110)) - using custom profile for table: bucketTable
2019-09-26 10:05:49,366 [main] INFO  db.DBStoreBuilder (DBStoreBuilder.java:processTables(161)) - Using default column profile:DBProfile.DISK for Table:bucketTable
2019-09-26 10:05:49,366 [main] INFO  db.DBStoreBuilder (DBStoreBuilder.java:addTable(110)) - using custom profile for table: keyTable
2019-09-26 10:05:49,367 [main] INFO  db.DBStoreBuilder (DBStoreBuilder.java:processTables(161)) - Using default column profile:DBProfile.DISK for Table:keyTable
2019-09-26 10:05:49,367 [main] INFO  db.DBStoreBuilder (DBStoreBuilder.java:addTable(110)) - using custom profile for table: deletedTable
2019-09-26 10:05:49,367 [main] INFO  db.DBStoreBuilder (DBStoreBuilder.java:processTables(161)) - Using default column profile:DBProfile.DISK for Table:deletedTable
2019-09-26 10:05:49,367 [main] INFO  db.DBStoreBuilder (DBStoreBuilder.java:addTable(110)) - using custom profile for table: openKeyTable
2019-09-26 10:05:49,367 [main] INFO  db.DBStoreBuilder (DBStoreBuilder.java:processTables(161)) - Using default column profile:DBProfile.DISK for Table:openKeyTable
2019-09-26 10:05:49,368 [main] INFO  db.DBStoreBuilder (DBStoreBuilder.java:addTable(110)) - using custom profile for table: s3Table
2019-09-26 10:05:49,368 [main] INFO  db.DBStoreBuilder (DBStoreBuilder.java:processTables(161)) - Using default column profile:DBProfile.DISK for Table:s3Table
2019-09-26 10:05:49,368 [main] INFO  db.DBStoreBuilder (DBStoreBuilder.java:addTable(110)) - using custom profile for table: multipartInfoTable
2019-09-26 10:05:49,368 [main] INFO  db.DBStoreBuilder (DBStoreBuilder.java:processTables(161)) - Using default column profile:DBProfile.DISK for Table:multipartInfoTable
2019-09-26 10:05:49,368 [main] INFO  db.DBStoreBuilder (DBStoreBuilder.java:addTable(110)) - using custom profile for table: dTokenTable
2019-09-26 10:05:49,368 [main] INFO  db.DBStoreBuilder (DBStoreBuilder.java:processTables(161)) - Using default column profile:DBProfile.DISK for Table:dTokenTable
2019-09-26 10:05:49,369 [main] INFO  db.DBStoreBuilder (DBStoreBuilder.java:addTable(110)) - using custom profile for table: s3SecretTable
2019-09-26 10:05:49,369 [main] INFO  db.DBStoreBuilder (DBStoreBuilder.java:processTables(161)) - Using default column profile:DBProfile.DISK for Table:s3SecretTable
2019-09-26 10:05:49,369 [main] INFO  db.DBStoreBuilder (DBStoreBuilder.java:addTable(110)) - using custom profile for table: prefixTable
2019-09-26 10:05:49,369 [main] INFO  db.DBStoreBuilder (DBStoreBuilder.java:processTables(161)) - Using default column profile:DBProfile.DISK for Table:prefixTable
2019-09-26 10:05:49,369 [main] INFO  db.DBStoreBuilder (DBStoreBuilder.java:addTable(110)) - using custom profile for table: default
2019-09-26 10:05:49,369 [main] INFO  db.DBStoreBuilder (DBStoreBuilder.java:processTables(167)) - Using default column profile:DBProfile.DISK for Table:default
2019-09-26 10:05:49,369 [main] INFO  db.DBStoreBuilder (DBStoreBuilder.java:getDbProfile(198)) - Using default options. DBProfile.DISK
2019-09-26 10:05:49,813 [main] INFO  ipc.CallQueueManager (CallQueueManager.java:<init>(84)) - Using callQueue: class java.util.concurrent.LinkedBlockingQueue, queueCapacity: 2000, scheduler: class org.apache.hadoop.ipc.DefaultRpcScheduler, ipcBackoff: false.
2019-09-26 10:05:49,814 [Socket Reader #1 for port 45402] INFO  ipc.Server (Server.java:run(1074)) - Starting Socket Reader #1 for port 45402
2019-09-26 10:05:49,829 [main] INFO  om.OzoneManager (OzoneManager.java:start(1243)) - OzoneManager RPC server is listening at localhost/127.0.0.1:45402
2019-09-26 10:05:49,829 [main] INFO  impl.MetricsSystemImpl (MetricsSystemImpl.java:init(158)) - OzoneManager metrics system started (again)
2019-09-26 10:05:49,830 [IPC Server Responder] INFO  ipc.Server (Server.java:run(1314)) - IPC Server Responder: starting
2019-09-26 10:05:49,830 [IPC Server listener on 45402] INFO  ipc.Server (Server.java:run(1153)) - IPC Server listener on 45402: starting
2019-09-26 10:05:49,836 [main] INFO  hdfs.DFSUtil (DFSUtil.java:httpServerTemplateForNNAndJN(1641)) - Starting Web-server for ozoneManager at: http://0.0.0.0:0
2019-09-26 10:05:49,838 [main] INFO  server.AuthenticationFilter (AuthenticationFilter.java:constructSecretProvider(240)) - Unable to initialize FileSignerSecretProvider, falling back to use random secrets.
2019-09-26 10:05:49,838 [main] WARN  http.HttpRequestLog (HttpRequestLog.java:getRequestLog(97)) - Jetty request log can only be enabled using Log4j
2019-09-26 10:05:49,840 [main] INFO  http.HttpServer2 (HttpServer2.java:addGlobalFilter(975)) - Added global filter 'safety' (class=org.apache.hadoop.http.HttpServer2$QuotingInputFilter)
2019-09-26 10:05:49,841 [main] INFO  http.HttpServer2 (HttpServer2.java:addFilter(948)) - Added filter static_user_filter (class=org.apache.hadoop.http.lib.StaticUserWebFilter$StaticUserFilter) to context ozoneManager
2019-09-26 10:05:49,841 [main] INFO  http.HttpServer2 (HttpServer2.java:addFilter(958)) - Added filter static_user_filter (class=org.apache.hadoop.http.lib.StaticUserWebFilter$StaticUserFilter) to context static
2019-09-26 10:05:49,841 [main] INFO  http.HttpServer2 (HttpServer2.java:addFilter(958)) - Added filter static_user_filter (class=org.apache.hadoop.http.lib.StaticUserWebFilter$StaticUserFilter) to context logs
2019-09-26 10:05:49,842 [main] INFO  http.HttpServer2 (HttpServer2.java:bindListener(1191)) - Jetty bound to port 42342
2019-09-26 10:05:49,842 [main] INFO  server.Server (Server.java:doStart(351)) - jetty-9.3.25.v20180904, build timestamp: 2018-09-04T21:11:46Z, git hash: 3ce520221d0240229c862b122d2b06c12a625732
2019-09-26 10:05:49,844 [main] INFO  handler.ContextHandler (ContextHandler.java:doStart(781)) - Started o.e.j.s.ServletContextHandler@54f6b629{/logs,file:///workdir/hadoop-ozone/integration-test/target/log,AVAILABLE}
2019-09-26 10:05:49,844 [main] INFO  handler.ContextHandler (ContextHandler.java:doStart(781)) - Started o.e.j.s.ServletContextHandler@3e43f049{/static,file:///workdir/hadoop-ozone/integration-test/target/test-classes/webapps/static,AVAILABLE}
2019-09-26 10:05:49,849 [main] INFO  handler.ContextHandler (ContextHandler.java:doStart(781)) - Started o.e.j.w.WebAppContext@78116659{/,file:///workdir/hadoop-ozone/integration-test/target/test-classes/webapps/ozoneManager/,AVAILABLE}{/ozoneManager}
2019-09-26 10:05:49,849 [main] INFO  server.AbstractConnector (AbstractConnector.java:doStart(278)) - Started ServerConnector@712e787e{HTTP/1.1,[http/1.1]}{0.0.0.0:42342}
2019-09-26 10:05:49,851 [main] INFO  server.Server (Server.java:doStart(419)) - Started @524765ms
2019-09-26 10:05:49,851 [main] WARN  impl.MetricsSystemImpl (MetricsSystemImpl.java:register(276)) - Sink prometheus already exists!
2019-09-26 10:05:49,852 [main] INFO  server.BaseHttpServer (BaseHttpServer.java:updateConnectorAddress(215)) - HTTP server of OZONEMANAGER is listening at http://0.0.0.0:42342
2019-09-26 10:05:49,865 [main] INFO  impl.MetricsSystemImpl (MetricsSystemImpl.java:init(158)) - HddsDatanode metrics system started (again)
2019-09-26 10:05:49,871 [main] INFO  ozone.HddsDatanodeService (HddsDatanodeService.java:start(184)) - HddsDatanodeService host:pr-hdds-1569-wvzgm-824869521 ip:192.168.30.13
2019-09-26 10:05:49,877 [main] INFO  volume.HddsVolume (HddsVolume.java:<init>(176)) - Creating Volume: /workdir/hadoop-ozone/integration-test/target/test-dir/MiniOzoneClusterImpl-6f19b49f-1ba0-4037-80e1-640204793d9e/datanode-0/data/containers/hdds of  storage type : DISK and capacity : 1482555576320
2019-09-26 10:05:49,878 [main] INFO  volume.VolumeSet (VolumeSet.java:initializeVolumeSet(170)) - Added Volume : /workdir/hadoop-ozone/integration-test/target/test-dir/MiniOzoneClusterImpl-6f19b49f-1ba0-4037-80e1-640204793d9e/datanode-0/data/containers/hdds to VolumeSet
2019-09-26 10:05:49,878 [main] INFO  volume.ThrottledAsyncChecker (ThrottledAsyncChecker.java:schedule(139)) - Scheduling a check for org.apache.hadoop.ozone.container.common.volume.HddsVolume@482f7af0
2019-09-26 10:05:49,880 [main] INFO  volume.HddsVolumeChecker (HddsVolumeChecker.java:checkAllVolumes(202)) - Scheduled health check for volume org.apache.hadoop.ozone.container.common.volume.HddsVolume@482f7af0
2019-09-26 10:05:49,890 [main] INFO  impl.RaftServerProxy (ConfUtils.java:logGet(43)) - raft.rpc.type = GRPC (default)
2019-09-26 10:05:49,891 [main] INFO  grpc.GrpcFactory (GrpcFactory.java:checkPooledByteBufAllocatorUseCacheForAllThreads(45)) - PERFORMANCE WARNING: useCacheForAllThreads is true that may cause Netty to create a lot garbage objects and, as a result, trigger GC.
	It is recommended to disable useCacheForAllThreads by setting -Dorg.apache.ratis.thirdparty.io.netty.allocator.useCacheForAllThreads=false in command line.
2019-09-26 10:05:49,891 [main] INFO  grpc.GrpcConfigKeys$Server (ConfUtils.java:logGet(43)) - raft.grpc.server.port = 0 (default)
2019-09-26 10:05:49,891 [main] INFO  server.GrpcService (ConfUtils.java:logGet(43)) - raft.grpc.message.size.max = 33570816 (custom)
2019-09-26 10:05:49,891 [main] INFO  server.RaftServerConfigKeys (ConfUtils.java:logGet(43)) - raft.server.log.appender.buffer.byte-limit = 33554432 (custom)
2019-09-26 10:05:49,892 [main] INFO  server.GrpcService (ConfUtils.java:logGet(43)) - raft.grpc.flow.control.window = 1MB (=1048576) (default)
2019-09-26 10:05:49,892 [main] INFO  server.RaftServerConfigKeys (ConfUtils.java:logGet(43)) - raft.server.rpc.request.timeout = 3000ms (default)
2019-09-26 10:05:49,892 [main] INFO  server.RaftServerConfigKeys (ConfUtils.java:logGet(43)) - raft.server.storage.dir = [/workdir/hadoop-ozone/integration-test/target/test-dir/MiniOzoneClusterImpl-6f19b49f-1ba0-4037-80e1-640204793d9e/datanode-0/data/ratis] (custom)
2019-09-26 10:05:49,894 [main] INFO  hdfs.DFSUtil (DFSUtil.java:httpServerTemplateForNNAndJN(1641)) - Starting Web-server for hddsDatanode at: http://0.0.0.0:0
2019-09-26 10:05:49,895 [main] INFO  server.AuthenticationFilter (AuthenticationFilter.java:constructSecretProvider(240)) - Unable to initialize FileSignerSecretProvider, falling back to use random secrets.
2019-09-26 10:05:49,895 [main] WARN  http.HttpRequestLog (HttpRequestLog.java:getRequestLog(97)) - Jetty request log can only be enabled using Log4j
2019-09-26 10:05:49,896 [main] INFO  http.HttpServer2 (HttpServer2.java:addGlobalFilter(975)) - Added global filter 'safety' (class=org.apache.hadoop.http.HttpServer2$QuotingInputFilter)
2019-09-26 10:05:49,897 [main] INFO  http.HttpServer2 (HttpServer2.java:addFilter(948)) - Added filter static_user_filter (class=org.apache.hadoop.http.lib.StaticUserWebFilter$StaticUserFilter) to context hddsDatanode
2019-09-26 10:05:49,897 [main] INFO  http.HttpServer2 (HttpServer2.java:addFilter(958)) - Added filter static_user_filter (class=org.apache.hadoop.http.lib.StaticUserWebFilter$StaticUserFilter) to context logs
2019-09-26 10:05:49,897 [main] INFO  http.HttpServer2 (HttpServer2.java:addFilter(958)) - Added filter static_user_filter (class=org.apache.hadoop.http.lib.StaticUserWebFilter$StaticUserFilter) to context static
2019-09-26 10:05:49,897 [main] INFO  http.HttpServer2 (HttpServer2.java:bindListener(1191)) - Jetty bound to port 35545
2019-09-26 10:05:49,898 [main] INFO  server.Server (Server.java:doStart(351)) - jetty-9.3.25.v20180904, build timestamp: 2018-09-04T21:11:46Z, git hash: 3ce520221d0240229c862b122d2b06c12a625732
2019-09-26 10:05:49,899 [main] INFO  handler.ContextHandler (ContextHandler.java:doStart(781)) - Started o.e.j.s.ServletContextHandler@6af87130{/logs,file:///workdir/hadoop-ozone/integration-test/target/log,AVAILABLE}
2019-09-26 10:05:49,899 [main] INFO  handler.ContextHandler (ContextHandler.java:doStart(781)) - Started o.e.j.s.ServletContextHandler@72c4a3aa{/static,jar:file:/home/user/.m2/repository/org/apache/hadoop/hadoop-hdds-container-service/0.5.0-SNAPSHOT/hadoop-hdds-container-service-0.5.0-SNAPSHOT.jar!/webapps/static,AVAILABLE}
2019-09-26 10:05:49,925 [main] INFO  handler.ContextHandler (ContextHandler.java:doStart(781)) - Started o.e.j.w.WebAppContext@374ccb9{/,file:///tmp/jetty-0.0.0.0-35545-hddsDatanode-_-any-4093698443647486948.dir/webapp/,AVAILABLE}{/hddsDatanode}
2019-09-26 10:05:49,925 [main] INFO  server.AbstractConnector (AbstractConnector.java:doStart(278)) - Started ServerConnector@66713605{HTTP/1.1,[http/1.1]}{0.0.0.0:35545}
2019-09-26 10:05:49,927 [main] INFO  server.Server (Server.java:doStart(419)) - Started @524841ms
2019-09-26 10:05:49,927 [main] WARN  impl.MetricsSystemImpl (MetricsSystemImpl.java:register(276)) - Sink prometheus already exists!
2019-09-26 10:05:49,928 [main] INFO  server.BaseHttpServer (BaseHttpServer.java:updateConnectorAddress(215)) - HTTP server of HDDSDATANODE is listening at http://0.0.0.0:35545
2019-09-26 10:05:49,929 [main] INFO  impl.MetricsSystemImpl (MetricsSystemImpl.java:init(158)) - HddsDatanode metrics system started (again)
2019-09-26 10:05:49,936 [org.apache.hadoop.util.JvmPauseMonitor$Monitor@19bf0a40] INFO  util.JvmPauseMonitor (JvmPauseMonitor.java:run(188)) - Starting JVM pause monitor
2019-09-26 10:05:49,938 [Datanode State Machine Thread - 0] INFO  datanode.InitDatanodeState (InitDatanodeState.java:persistContainerDatanodeDetails(140)) - DatanodeDetails is persisted to /workdir/hadoop-ozone/integration-test/target/test-dir/MiniOzoneClusterImpl-6f19b49f-1ba0-4037-80e1-640204793d9e/datanode-0/meta/datanode.id
2019-09-26 10:05:49,938 [main] INFO  ozone.HddsDatanodeService (HddsDatanodeService.java:start(184)) - HddsDatanodeService host:pr-hdds-1569-wvzgm-824869521 ip:192.168.30.13
2019-09-26 10:05:49,944 [main] INFO  volume.HddsVolume (HddsVolume.java:<init>(176)) - Creating Volume: /workdir/hadoop-ozone/integration-test/target/test-dir/MiniOzoneClusterImpl-6f19b49f-1ba0-4037-80e1-640204793d9e/datanode-1/data/containers/hdds of  storage type : DISK and capacity : 1482555576320
2019-09-26 10:05:49,944 [main] INFO  volume.VolumeSet (VolumeSet.java:initializeVolumeSet(170)) - Added Volume : /workdir/hadoop-ozone/integration-test/target/test-dir/MiniOzoneClusterImpl-6f19b49f-1ba0-4037-80e1-640204793d9e/datanode-1/data/containers/hdds to VolumeSet
2019-09-26 10:05:49,945 [main] INFO  volume.ThrottledAsyncChecker (ThrottledAsyncChecker.java:schedule(139)) - Scheduling a check for org.apache.hadoop.ozone.container.common.volume.HddsVolume@1fe8f5e8
2019-09-26 10:05:49,945 [main] INFO  volume.HddsVolumeChecker (HddsVolumeChecker.java:checkAllVolumes(202)) - Scheduled health check for volume org.apache.hadoop.ozone.container.common.volume.HddsVolume@1fe8f5e8
2019-09-26 10:05:49,961 [main] INFO  impl.RaftServerProxy (ConfUtils.java:logGet(43)) - raft.rpc.type = GRPC (default)
2019-09-26 10:05:49,961 [main] INFO  grpc.GrpcFactory (GrpcFactory.java:checkPooledByteBufAllocatorUseCacheForAllThreads(45)) - PERFORMANCE WARNING: useCacheForAllThreads is true that may cause Netty to create a lot garbage objects and, as a result, trigger GC.
	It is recommended to disable useCacheForAllThreads by setting -Dorg.apache.ratis.thirdparty.io.netty.allocator.useCacheForAllThreads=false in command line.
2019-09-26 10:05:49,961 [main] INFO  grpc.GrpcConfigKeys$Server (ConfUtils.java:logGet(43)) - raft.grpc.server.port = 0 (default)
2019-09-26 10:05:49,961 [main] INFO  server.GrpcService (ConfUtils.java:logGet(43)) - raft.grpc.message.size.max = 33570816 (custom)
2019-09-26 10:05:49,962 [main] INFO  server.RaftServerConfigKeys (ConfUtils.java:logGet(43)) - raft.server.log.appender.buffer.byte-limit = 33554432 (custom)
2019-09-26 10:05:49,962 [main] INFO  server.GrpcService (ConfUtils.java:logGet(43)) - raft.grpc.flow.control.window = 1MB (=1048576) (default)
2019-09-26 10:05:49,962 [main] INFO  server.RaftServerConfigKeys (ConfUtils.java:logGet(43)) - raft.server.rpc.request.timeout = 3000ms (default)
2019-09-26 10:05:49,963 [main] INFO  server.RaftServerConfigKeys (ConfUtils.java:logGet(43)) - raft.server.storage.dir = [/workdir/hadoop-ozone/integration-test/target/test-dir/MiniOzoneClusterImpl-6f19b49f-1ba0-4037-80e1-640204793d9e/datanode-1/data/ratis] (custom)
2019-09-26 10:05:49,964 [main] INFO  hdfs.DFSUtil (DFSUtil.java:httpServerTemplateForNNAndJN(1641)) - Starting Web-server for hddsDatanode at: http://0.0.0.0:0
2019-09-26 10:05:49,966 [main] INFO  server.AuthenticationFilter (AuthenticationFilter.java:constructSecretProvider(240)) - Unable to initialize FileSignerSecretProvider, falling back to use random secrets.
2019-09-26 10:05:49,966 [main] WARN  http.HttpRequestLog (HttpRequestLog.java:getRequestLog(97)) - Jetty request log can only be enabled using Log4j
2019-09-26 10:05:49,968 [main] INFO  http.HttpServer2 (HttpServer2.java:addGlobalFilter(975)) - Added global filter 'safety' (class=org.apache.hadoop.http.HttpServer2$QuotingInputFilter)
2019-09-26 10:05:49,968 [main] INFO  http.HttpServer2 (HttpServer2.java:addFilter(948)) - Added filter static_user_filter (class=org.apache.hadoop.http.lib.StaticUserWebFilter$StaticUserFilter) to context hddsDatanode
2019-09-26 10:05:49,968 [main] INFO  http.HttpServer2 (HttpServer2.java:addFilter(958)) - Added filter static_user_filter (class=org.apache.hadoop.http.lib.StaticUserWebFilter$StaticUserFilter) to context static
2019-09-26 10:05:49,969 [main] INFO  http.HttpServer2 (HttpServer2.java:addFilter(958)) - Added filter static_user_filter (class=org.apache.hadoop.http.lib.StaticUserWebFilter$StaticUserFilter) to context logs
2019-09-26 10:05:49,969 [main] INFO  http.HttpServer2 (HttpServer2.java:bindListener(1191)) - Jetty bound to port 45981
2019-09-26 10:05:49,969 [main] INFO  server.Server (Server.java:doStart(351)) - jetty-9.3.25.v20180904, build timestamp: 2018-09-04T21:11:46Z, git hash: 3ce520221d0240229c862b122d2b06c12a625732
2019-09-26 10:05:49,971 [main] INFO  handler.ContextHandler (ContextHandler.java:doStart(781)) - Started o.e.j.s.ServletContextHandler@51f68849{/logs,file:///workdir/hadoop-ozone/integration-test/target/log,AVAILABLE}
2019-09-26 10:05:49,971 [main] INFO  handler.ContextHandler (ContextHandler.java:doStart(781)) - Started o.e.j.s.ServletContextHandler@5520f675{/static,jar:file:/home/user/.m2/repository/org/apache/hadoop/hadoop-hdds-container-service/0.5.0-SNAPSHOT/hadoop-hdds-container-service-0.5.0-SNAPSHOT.jar!/webapps/static,AVAILABLE}
2019-09-26 10:05:50,005 [main] INFO  handler.ContextHandler (ContextHandler.java:doStart(781)) - Started o.e.j.w.WebAppContext@4e958f08{/,file:///tmp/jetty-0.0.0.0-45981-hddsDatanode-_-any-4224168404577391736.dir/webapp/,AVAILABLE}{/hddsDatanode}
2019-09-26 10:05:50,005 [main] INFO  server.AbstractConnector (AbstractConnector.java:doStart(278)) - Started ServerConnector@71c0b742{HTTP/1.1,[http/1.1]}{0.0.0.0:45981}
2019-09-26 10:05:50,007 [main] INFO  server.Server (Server.java:doStart(419)) - Started @524921ms
2019-09-26 10:05:50,007 [main] WARN  impl.MetricsSystemImpl (MetricsSystemImpl.java:register(276)) - Sink prometheus already exists!
2019-09-26 10:05:50,008 [main] INFO  server.BaseHttpServer (BaseHttpServer.java:updateConnectorAddress(215)) - HTTP server of HDDSDATANODE is listening at http://0.0.0.0:45981
2019-09-26 10:05:50,009 [main] INFO  impl.MetricsSystemImpl (MetricsSystemImpl.java:init(158)) - HddsDatanode metrics system started (again)
2019-09-26 10:05:50,016 [org.apache.hadoop.util.JvmPauseMonitor$Monitor@4a2176a] INFO  util.JvmPauseMonitor (JvmPauseMonitor.java:run(188)) - Starting JVM pause monitor
2019-09-26 10:05:50,016 [main] INFO  ozone.HddsDatanodeService (HddsDatanodeService.java:start(184)) - HddsDatanodeService host:pr-hdds-1569-wvzgm-824869521 ip:192.168.30.13
2019-09-26 10:05:50,017 [Datanode State Machine Thread - 0] INFO  datanode.InitDatanodeState (InitDatanodeState.java:persistContainerDatanodeDetails(140)) - DatanodeDetails is persisted to /workdir/hadoop-ozone/integration-test/target/test-dir/MiniOzoneClusterImpl-6f19b49f-1ba0-4037-80e1-640204793d9e/datanode-1/meta/datanode.id
2019-09-26 10:05:50,022 [main] INFO  volume.HddsVolume (HddsVolume.java:<init>(176)) - Creating Volume: /workdir/hadoop-ozone/integration-test/target/test-dir/MiniOzoneClusterImpl-6f19b49f-1ba0-4037-80e1-640204793d9e/datanode-2/data/containers/hdds of  storage type : DISK and capacity : 1482555576320
2019-09-26 10:05:50,022 [main] INFO  volume.VolumeSet (VolumeSet.java:initializeVolumeSet(170)) - Added Volume : /workdir/hadoop-ozone/integration-test/target/test-dir/MiniOzoneClusterImpl-6f19b49f-1ba0-4037-80e1-640204793d9e/datanode-2/data/containers/hdds to VolumeSet
2019-09-26 10:05:50,022 [main] INFO  volume.ThrottledAsyncChecker (ThrottledAsyncChecker.java:schedule(139)) - Scheduling a check for org.apache.hadoop.ozone.container.common.volume.HddsVolume@1a2e563e
2019-09-26 10:05:50,023 [main] INFO  volume.HddsVolumeChecker (HddsVolumeChecker.java:checkAllVolumes(202)) - Scheduled health check for volume org.apache.hadoop.ozone.container.common.volume.HddsVolume@1a2e563e
2019-09-26 10:05:50,035 [main] INFO  impl.RaftServerProxy (ConfUtils.java:logGet(43)) - raft.rpc.type = GRPC (default)
2019-09-26 10:05:50,035 [main] INFO  grpc.GrpcFactory (GrpcFactory.java:checkPooledByteBufAllocatorUseCacheForAllThreads(45)) - PERFORMANCE WARNING: useCacheForAllThreads is true that may cause Netty to create a lot garbage objects and, as a result, trigger GC.
	It is recommended to disable useCacheForAllThreads by setting -Dorg.apache.ratis.thirdparty.io.netty.allocator.useCacheForAllThreads=false in command line.
2019-09-26 10:05:50,035 [main] INFO  grpc.GrpcConfigKeys$Server (ConfUtils.java:logGet(43)) - raft.grpc.server.port = 0 (default)
2019-09-26 10:05:50,036 [main] INFO  server.GrpcService (ConfUtils.java:logGet(43)) - raft.grpc.message.size.max = 33570816 (custom)
2019-09-26 10:05:50,036 [main] INFO  server.RaftServerConfigKeys (ConfUtils.java:logGet(43)) - raft.server.log.appender.buffer.byte-limit = 33554432 (custom)
2019-09-26 10:05:50,036 [main] INFO  server.GrpcService (ConfUtils.java:logGet(43)) - raft.grpc.flow.control.window = 1MB (=1048576) (default)
2019-09-26 10:05:50,036 [main] INFO  server.RaftServerConfigKeys (ConfUtils.java:logGet(43)) - raft.server.rpc.request.timeout = 3000ms (default)
2019-09-26 10:05:50,037 [main] INFO  server.RaftServerConfigKeys (ConfUtils.java:logGet(43)) - raft.server.storage.dir = [/workdir/hadoop-ozone/integration-test/target/test-dir/MiniOzoneClusterImpl-6f19b49f-1ba0-4037-80e1-640204793d9e/datanode-2/data/ratis] (custom)
2019-09-26 10:05:50,038 [main] INFO  hdfs.DFSUtil (DFSUtil.java:httpServerTemplateForNNAndJN(1641)) - Starting Web-server for hddsDatanode at: http://0.0.0.0:0
2019-09-26 10:05:50,039 [main] INFO  server.AuthenticationFilter (AuthenticationFilter.java:constructSecretProvider(240)) - Unable to initialize FileSignerSecretProvider, falling back to use random secrets.
2019-09-26 10:05:50,040 [main] WARN  http.HttpRequestLog (HttpRequestLog.java:getRequestLog(97)) - Jetty request log can only be enabled using Log4j
2019-09-26 10:05:50,041 [main] INFO  http.HttpServer2 (HttpServer2.java:addGlobalFilter(975)) - Added global filter 'safety' (class=org.apache.hadoop.http.HttpServer2$QuotingInputFilter)
2019-09-26 10:05:50,041 [main] INFO  http.HttpServer2 (HttpServer2.java:addFilter(948)) - Added filter static_user_filter (class=org.apache.hadoop.http.lib.StaticUserWebFilter$StaticUserFilter) to context hddsDatanode
2019-09-26 10:05:50,041 [main] INFO  http.HttpServer2 (HttpServer2.java:addFilter(958)) - Added filter static_user_filter (class=org.apache.hadoop.http.lib.StaticUserWebFilter$StaticUserFilter) to context logs
2019-09-26 10:05:50,042 [main] INFO  http.HttpServer2 (HttpServer2.java:addFilter(958)) - Added filter static_user_filter (class=org.apache.hadoop.http.lib.StaticUserWebFilter$StaticUserFilter) to context static
2019-09-26 10:05:50,042 [main] INFO  http.HttpServer2 (HttpServer2.java:bindListener(1191)) - Jetty bound to port 45681
2019-09-26 10:05:50,042 [main] INFO  server.Server (Server.java:doStart(351)) - jetty-9.3.25.v20180904, build timestamp: 2018-09-04T21:11:46Z, git hash: 3ce520221d0240229c862b122d2b06c12a625732
2019-09-26 10:05:50,044 [main] INFO  handler.ContextHandler (ContextHandler.java:doStart(781)) - Started o.e.j.s.ServletContextHandler@45bbc52f{/logs,file:///workdir/hadoop-ozone/integration-test/target/log,AVAILABLE}
2019-09-26 10:05:50,044 [main] INFO  handler.ContextHandler (ContextHandler.java:doStart(781)) - Started o.e.j.s.ServletContextHandler@3cc9632d{/static,jar:file:/home/user/.m2/repository/org/apache/hadoop/hadoop-hdds-container-service/0.5.0-SNAPSHOT/hadoop-hdds-container-service-0.5.0-SNAPSHOT.jar!/webapps/static,AVAILABLE}
2019-09-26 10:05:50,072 [main] INFO  handler.ContextHandler (ContextHandler.java:doStart(781)) - Started o.e.j.w.WebAppContext@49491770{/,file:///tmp/jetty-0.0.0.0-45681-hddsDatanode-_-any-4524010530088923525.dir/webapp/,AVAILABLE}{/hddsDatanode}
2019-09-26 10:05:50,072 [main] INFO  server.AbstractConnector (AbstractConnector.java:doStart(278)) - Started ServerConnector@5bec3e0{HTTP/1.1,[http/1.1]}{0.0.0.0:45681}
2019-09-26 10:05:50,075 [main] INFO  server.Server (Server.java:doStart(419)) - Started @524989ms
2019-09-26 10:05:50,075 [main] WARN  impl.MetricsSystemImpl (MetricsSystemImpl.java:register(276)) - Sink prometheus already exists!
2019-09-26 10:05:50,075 [main] INFO  server.BaseHttpServer (BaseHttpServer.java:updateConnectorAddress(215)) - HTTP server of HDDSDATANODE is listening at http://0.0.0.0:45681
2019-09-26 10:05:50,076 [main] INFO  impl.MetricsSystemImpl (MetricsSystemImpl.java:init(158)) - HddsDatanode metrics system started (again)
2019-09-26 10:05:50,087 [org.apache.hadoop.util.JvmPauseMonitor$Monitor@4d0b9bd7] INFO  util.JvmPauseMonitor (JvmPauseMonitor.java:run(188)) - Starting JVM pause monitor
2019-09-26 10:05:50,088 [Datanode State Machine Thread - 0] INFO  datanode.InitDatanodeState (InitDatanodeState.java:persistContainerDatanodeDetails(140)) - DatanodeDetails is persisted to /workdir/hadoop-ozone/integration-test/target/test-dir/MiniOzoneClusterImpl-6f19b49f-1ba0-4037-80e1-640204793d9e/datanode-2/meta/datanode.id
2019-09-26 10:05:50,090 [main] INFO  ozone.HddsDatanodeService (HddsDatanodeService.java:start(184)) - HddsDatanodeService host:pr-hdds-1569-wvzgm-824869521 ip:192.168.30.13
2019-09-26 10:05:50,097 [main] INFO  volume.HddsVolume (HddsVolume.java:<init>(176)) - Creating Volume: /workdir/hadoop-ozone/integration-test/target/test-dir/MiniOzoneClusterImpl-6f19b49f-1ba0-4037-80e1-640204793d9e/datanode-3/data/containers/hdds of  storage type : DISK and capacity : 1482555576320
2019-09-26 10:05:50,097 [main] INFO  volume.VolumeSet (VolumeSet.java:initializeVolumeSet(170)) - Added Volume : /workdir/hadoop-ozone/integration-test/target/test-dir/MiniOzoneClusterImpl-6f19b49f-1ba0-4037-80e1-640204793d9e/datanode-3/data/containers/hdds to VolumeSet
2019-09-26 10:05:50,098 [main] INFO  volume.ThrottledAsyncChecker (ThrottledAsyncChecker.java:schedule(139)) - Scheduling a check for org.apache.hadoop.ozone.container.common.volume.HddsVolume@1b46392c
2019-09-26 10:05:50,098 [main] INFO  volume.HddsVolumeChecker (HddsVolumeChecker.java:checkAllVolumes(202)) - Scheduled health check for volume org.apache.hadoop.ozone.container.common.volume.HddsVolume@1b46392c
2019-09-26 10:05:50,118 [main] INFO  impl.RaftServerProxy (ConfUtils.java:logGet(43)) - raft.rpc.type = GRPC (default)
2019-09-26 10:05:50,118 [main] INFO  grpc.GrpcFactory (GrpcFactory.java:checkPooledByteBufAllocatorUseCacheForAllThreads(45)) - PERFORMANCE WARNING: useCacheForAllThreads is true that may cause Netty to create a lot garbage objects and, as a result, trigger GC.
	It is recommended to disable useCacheForAllThreads by setting -Dorg.apache.ratis.thirdparty.io.netty.allocator.useCacheForAllThreads=false in command line.
2019-09-26 10:05:50,118 [main] INFO  grpc.GrpcConfigKeys$Server (ConfUtils.java:logGet(43)) - raft.grpc.server.port = 0 (default)
2019-09-26 10:05:50,119 [main] INFO  server.GrpcService (ConfUtils.java:logGet(43)) - raft.grpc.message.size.max = 33570816 (custom)
2019-09-26 10:05:50,119 [main] INFO  server.RaftServerConfigKeys (ConfUtils.java:logGet(43)) - raft.server.log.appender.buffer.byte-limit = 33554432 (custom)
2019-09-26 10:05:50,119 [main] INFO  server.GrpcService (ConfUtils.java:logGet(43)) - raft.grpc.flow.control.window = 1MB (=1048576) (default)
2019-09-26 10:05:50,119 [main] INFO  server.RaftServerConfigKeys (ConfUtils.java:logGet(43)) - raft.server.rpc.request.timeout = 3000ms (default)
2019-09-26 10:05:50,120 [main] INFO  server.RaftServerConfigKeys (ConfUtils.java:logGet(43)) - raft.server.storage.dir = [/workdir/hadoop-ozone/integration-test/target/test-dir/MiniOzoneClusterImpl-6f19b49f-1ba0-4037-80e1-640204793d9e/datanode-3/data/ratis] (custom)
2019-09-26 10:05:50,121 [main] INFO  hdfs.DFSUtil (DFSUtil.java:httpServerTemplateForNNAndJN(1641)) - Starting Web-server for hddsDatanode at: http://0.0.0.0:0
2019-09-26 10:05:50,123 [main] INFO  server.AuthenticationFilter (AuthenticationFilter.java:constructSecretProvider(240)) - Unable to initialize FileSignerSecretProvider, falling back to use random secrets.
2019-09-26 10:05:50,123 [main] WARN  http.HttpRequestLog (HttpRequestLog.java:getRequestLog(97)) - Jetty request log can only be enabled using Log4j
2019-09-26 10:05:50,124 [main] INFO  http.HttpServer2 (HttpServer2.java:addGlobalFilter(975)) - Added global filter 'safety' (class=org.apache.hadoop.http.HttpServer2$QuotingInputFilter)
2019-09-26 10:05:50,125 [main] INFO  http.HttpServer2 (HttpServer2.java:addFilter(948)) - Added filter static_user_filter (class=org.apache.hadoop.http.lib.StaticUserWebFilter$StaticUserFilter) to context hddsDatanode
2019-09-26 10:05:50,125 [main] INFO  http.HttpServer2 (HttpServer2.java:addFilter(958)) - Added filter static_user_filter (class=org.apache.hadoop.http.lib.StaticUserWebFilter$StaticUserFilter) to context logs
2019-09-26 10:05:50,125 [main] INFO  http.HttpServer2 (HttpServer2.java:addFilter(958)) - Added filter static_user_filter (class=org.apache.hadoop.http.lib.StaticUserWebFilter$StaticUserFilter) to context static
2019-09-26 10:05:50,126 [main] INFO  http.HttpServer2 (HttpServer2.java:bindListener(1191)) - Jetty bound to port 43911
2019-09-26 10:05:50,126 [main] INFO  server.Server (Server.java:doStart(351)) - jetty-9.3.25.v20180904, build timestamp: 2018-09-04T21:11:46Z, git hash: 3ce520221d0240229c862b122d2b06c12a625732
2019-09-26 10:05:50,127 [main] INFO  handler.ContextHandler (ContextHandler.java:doStart(781)) - Started o.e.j.s.ServletContextHandler@65bd19bf{/logs,file:///workdir/hadoop-ozone/integration-test/target/log,AVAILABLE}
2019-09-26 10:05:50,128 [main] INFO  handler.ContextHandler (ContextHandler.java:doStart(781)) - Started o.e.j.s.ServletContextHandler@7d7ceca8{/static,jar:file:/home/user/.m2/repository/org/apache/hadoop/hadoop-hdds-container-service/0.5.0-SNAPSHOT/hadoop-hdds-container-service-0.5.0-SNAPSHOT.jar!/webapps/static,AVAILABLE}
2019-09-26 10:05:50,155 [main] INFO  handler.ContextHandler (ContextHandler.java:doStart(781)) - Started o.e.j.w.WebAppContext@7767bd4e{/,file:///tmp/jetty-0.0.0.0-43911-hddsDatanode-_-any-1526012551737653587.dir/webapp/,AVAILABLE}{/hddsDatanode}
2019-09-26 10:05:50,156 [main] INFO  server.AbstractConnector (AbstractConnector.java:doStart(278)) - Started ServerConnector@7708b66a{HTTP/1.1,[http/1.1]}{0.0.0.0:43911}
2019-09-26 10:05:50,158 [main] INFO  server.Server (Server.java:doStart(419)) - Started @525072ms
2019-09-26 10:05:50,158 [main] WARN  impl.MetricsSystemImpl (MetricsSystemImpl.java:register(276)) - Sink prometheus already exists!
2019-09-26 10:05:50,159 [main] INFO  server.BaseHttpServer (BaseHttpServer.java:updateConnectorAddress(215)) - HTTP server of HDDSDATANODE is listening at http://0.0.0.0:43911
2019-09-26 10:05:50,159 [main] INFO  impl.MetricsSystemImpl (MetricsSystemImpl.java:init(158)) - HddsDatanode metrics system started (again)
2019-09-26 10:05:50,168 [org.apache.hadoop.util.JvmPauseMonitor$Monitor@3dbe772] INFO  util.JvmPauseMonitor (JvmPauseMonitor.java:run(188)) - Starting JVM pause monitor
2019-09-26 10:05:50,169 [main] INFO  ozone.HddsDatanodeService (HddsDatanodeService.java:start(184)) - HddsDatanodeService host:pr-hdds-1569-wvzgm-824869521 ip:192.168.30.13
2019-09-26 10:05:50,169 [Datanode State Machine Thread - 0] INFO  datanode.InitDatanodeState (InitDatanodeState.java:persistContainerDatanodeDetails(140)) - DatanodeDetails is persisted to /workdir/hadoop-ozone/integration-test/target/test-dir/MiniOzoneClusterImpl-6f19b49f-1ba0-4037-80e1-640204793d9e/datanode-3/meta/datanode.id
2019-09-26 10:05:50,176 [main] INFO  volume.HddsVolume (HddsVolume.java:<init>(176)) - Creating Volume: /workdir/hadoop-ozone/integration-test/target/test-dir/MiniOzoneClusterImpl-6f19b49f-1ba0-4037-80e1-640204793d9e/datanode-4/data/containers/hdds of  storage type : DISK and capacity : 1482555576320
2019-09-26 10:05:50,176 [main] INFO  volume.VolumeSet (VolumeSet.java:initializeVolumeSet(170)) - Added Volume : /workdir/hadoop-ozone/integration-test/target/test-dir/MiniOzoneClusterImpl-6f19b49f-1ba0-4037-80e1-640204793d9e/datanode-4/data/containers/hdds to VolumeSet
2019-09-26 10:05:50,177 [main] INFO  volume.ThrottledAsyncChecker (ThrottledAsyncChecker.java:schedule(139)) - Scheduling a check for org.apache.hadoop.ozone.container.common.volume.HddsVolume@7d25913
2019-09-26 10:05:50,177 [main] INFO  volume.HddsVolumeChecker (HddsVolumeChecker.java:checkAllVolumes(202)) - Scheduled health check for volume org.apache.hadoop.ozone.container.common.volume.HddsVolume@7d25913
2019-09-26 10:05:50,195 [main] INFO  impl.RaftServerProxy (ConfUtils.java:logGet(43)) - raft.rpc.type = GRPC (default)
2019-09-26 10:05:50,196 [main] INFO  grpc.GrpcFactory (GrpcFactory.java:checkPooledByteBufAllocatorUseCacheForAllThreads(45)) - PERFORMANCE WARNING: useCacheForAllThreads is true that may cause Netty to create a lot garbage objects and, as a result, trigger GC.
	It is recommended to disable useCacheForAllThreads by setting -Dorg.apache.ratis.thirdparty.io.netty.allocator.useCacheForAllThreads=false in command line.
2019-09-26 10:05:50,196 [main] INFO  grpc.GrpcConfigKeys$Server (ConfUtils.java:logGet(43)) - raft.grpc.server.port = 0 (default)
2019-09-26 10:05:50,196 [main] INFO  server.GrpcService (ConfUtils.java:logGet(43)) - raft.grpc.message.size.max = 33570816 (custom)
2019-09-26 10:05:50,196 [main] INFO  server.RaftServerConfigKeys (ConfUtils.java:logGet(43)) - raft.server.log.appender.buffer.byte-limit = 33554432 (custom)
2019-09-26 10:05:50,197 [main] INFO  server.GrpcService (ConfUtils.java:logGet(43)) - raft.grpc.flow.control.window = 1MB (=1048576) (default)
2019-09-26 10:05:50,197 [main] INFO  server.RaftServerConfigKeys (ConfUtils.java:logGet(43)) - raft.server.rpc.request.timeout = 3000ms (default)
2019-09-26 10:05:50,197 [main] INFO  server.RaftServerConfigKeys (ConfUtils.java:logGet(43)) - raft.server.storage.dir = [/workdir/hadoop-ozone/integration-test/target/test-dir/MiniOzoneClusterImpl-6f19b49f-1ba0-4037-80e1-640204793d9e/datanode-4/data/ratis] (custom)
2019-09-26 10:05:50,199 [main] INFO  hdfs.DFSUtil (DFSUtil.java:httpServerTemplateForNNAndJN(1641)) - Starting Web-server for hddsDatanode at: http://0.0.0.0:0
2019-09-26 10:05:50,200 [main] INFO  server.AuthenticationFilter (AuthenticationFilter.java:constructSecretProvider(240)) - Unable to initialize FileSignerSecretProvider, falling back to use random secrets.
2019-09-26 10:05:50,200 [main] WARN  http.HttpRequestLog (HttpRequestLog.java:getRequestLog(97)) - Jetty request log can only be enabled using Log4j
2019-09-26 10:05:50,202 [main] INFO  http.HttpServer2 (HttpServer2.java:addGlobalFilter(975)) - Added global filter 'safety' (class=org.apache.hadoop.http.HttpServer2$QuotingInputFilter)
2019-09-26 10:05:50,202 [main] INFO  http.HttpServer2 (HttpServer2.java:addFilter(948)) - Added filter static_user_filter (class=org.apache.hadoop.http.lib.StaticUserWebFilter$StaticUserFilter) to context hddsDatanode
2019-09-26 10:05:50,203 [main] INFO  http.HttpServer2 (HttpServer2.java:addFilter(958)) - Added filter static_user_filter (class=org.apache.hadoop.http.lib.StaticUserWebFilter$StaticUserFilter) to context logs
2019-09-26 10:05:50,203 [main] INFO  http.HttpServer2 (HttpServer2.java:addFilter(958)) - Added filter static_user_filter (class=org.apache.hadoop.http.lib.StaticUserWebFilter$StaticUserFilter) to context static
2019-09-26 10:05:50,204 [main] INFO  http.HttpServer2 (HttpServer2.java:bindListener(1191)) - Jetty bound to port 44015
2019-09-26 10:05:50,204 [main] INFO  server.Server (Server.java:doStart(351)) - jetty-9.3.25.v20180904, build timestamp: 2018-09-04T21:11:46Z, git hash: 3ce520221d0240229c862b122d2b06c12a625732
2019-09-26 10:05:50,205 [main] INFO  handler.ContextHandler (ContextHandler.java:doStart(781)) - Started o.e.j.s.ServletContextHandler@35fa450f{/logs,file:///workdir/hadoop-ozone/integration-test/target/log,AVAILABLE}
2019-09-26 10:05:50,206 [main] INFO  handler.ContextHandler (ContextHandler.java:doStart(781)) - Started o.e.j.s.ServletContextHandler@9b3be1c{/static,jar:file:/home/user/.m2/repository/org/apache/hadoop/hadoop-hdds-container-service/0.5.0-SNAPSHOT/hadoop-hdds-container-service-0.5.0-SNAPSHOT.jar!/webapps/static,AVAILABLE}
2019-09-26 10:05:50,238 [main] INFO  handler.ContextHandler (ContextHandler.java:doStart(781)) - Started o.e.j.w.WebAppContext@74123110{/,file:///tmp/jetty-0.0.0.0-44015-hddsDatanode-_-any-8391095021028624405.dir/webapp/,AVAILABLE}{/hddsDatanode}
2019-09-26 10:05:50,238 [main] INFO  server.AbstractConnector (AbstractConnector.java:doStart(278)) - Started ServerConnector@5ed0b4e3{HTTP/1.1,[http/1.1]}{0.0.0.0:44015}
2019-09-26 10:05:50,240 [main] INFO  server.Server (Server.java:doStart(419)) - Started @525154ms
2019-09-26 10:05:50,240 [main] WARN  impl.MetricsSystemImpl (MetricsSystemImpl.java:register(276)) - Sink prometheus already exists!
2019-09-26 10:05:50,241 [main] INFO  server.BaseHttpServer (BaseHttpServer.java:updateConnectorAddress(215)) - HTTP server of HDDSDATANODE is listening at http://0.0.0.0:44015
2019-09-26 10:05:50,242 [main] INFO  impl.MetricsSystemImpl (MetricsSystemImpl.java:init(158)) - HddsDatanode metrics system started (again)
2019-09-26 10:05:50,251 [org.apache.hadoop.util.JvmPauseMonitor$Monitor@76b37686] INFO  util.JvmPauseMonitor (JvmPauseMonitor.java:run(188)) - Starting JVM pause monitor
2019-09-26 10:05:50,252 [main] INFO  ozone.HddsDatanodeService (HddsDatanodeService.java:start(184)) - HddsDatanodeService host:pr-hdds-1569-wvzgm-824869521 ip:192.168.30.13
2019-09-26 10:05:50,252 [Datanode State Machine Thread - 0] INFO  datanode.InitDatanodeState (InitDatanodeState.java:persistContainerDatanodeDetails(140)) - DatanodeDetails is persisted to /workdir/hadoop-ozone/integration-test/target/test-dir/MiniOzoneClusterImpl-6f19b49f-1ba0-4037-80e1-640204793d9e/datanode-4/meta/datanode.id
2019-09-26 10:05:50,259 [main] INFO  volume.HddsVolume (HddsVolume.java:<init>(176)) - Creating Volume: /workdir/hadoop-ozone/integration-test/target/test-dir/MiniOzoneClusterImpl-6f19b49f-1ba0-4037-80e1-640204793d9e/datanode-5/data/containers/hdds of  storage type : DISK and capacity : 1482555576320
2019-09-26 10:05:50,259 [main] INFO  volume.VolumeSet (VolumeSet.java:initializeVolumeSet(170)) - Added Volume : /workdir/hadoop-ozone/integration-test/target/test-dir/MiniOzoneClusterImpl-6f19b49f-1ba0-4037-80e1-640204793d9e/datanode-5/data/containers/hdds to VolumeSet
2019-09-26 10:05:50,259 [main] INFO  volume.ThrottledAsyncChecker (ThrottledAsyncChecker.java:schedule(139)) - Scheduling a check for org.apache.hadoop.ozone.container.common.volume.HddsVolume@28f154cc
2019-09-26 10:05:50,259 [main] INFO  volume.HddsVolumeChecker (HddsVolumeChecker.java:checkAllVolumes(202)) - Scheduled health check for volume org.apache.hadoop.ozone.container.common.volume.HddsVolume@28f154cc
2019-09-26 10:05:50,271 [main] INFO  impl.RaftServerProxy (ConfUtils.java:logGet(43)) - raft.rpc.type = GRPC (default)
2019-09-26 10:05:50,271 [main] INFO  grpc.GrpcFactory (GrpcFactory.java:checkPooledByteBufAllocatorUseCacheForAllThreads(45)) - PERFORMANCE WARNING: useCacheForAllThreads is true that may cause Netty to create a lot garbage objects and, as a result, trigger GC.
	It is recommended to disable useCacheForAllThreads by setting -Dorg.apache.ratis.thirdparty.io.netty.allocator.useCacheForAllThreads=false in command line.
2019-09-26 10:05:50,271 [main] INFO  grpc.GrpcConfigKeys$Server (ConfUtils.java:logGet(43)) - raft.grpc.server.port = 0 (default)
2019-09-26 10:05:50,271 [main] INFO  server.GrpcService (ConfUtils.java:logGet(43)) - raft.grpc.message.size.max = 33570816 (custom)
2019-09-26 10:05:50,271 [main] INFO  server.RaftServerConfigKeys (ConfUtils.java:logGet(43)) - raft.server.log.appender.buffer.byte-limit = 33554432 (custom)
2019-09-26 10:05:50,272 [main] INFO  server.GrpcService (ConfUtils.java:logGet(43)) - raft.grpc.flow.control.window = 1MB (=1048576) (default)
2019-09-26 10:05:50,272 [main] INFO  server.RaftServerConfigKeys (ConfUtils.java:logGet(43)) - raft.server.rpc.request.timeout = 3000ms (default)
2019-09-26 10:05:50,272 [main] INFO  server.RaftServerConfigKeys (ConfUtils.java:logGet(43)) - raft.server.storage.dir = [/workdir/hadoop-ozone/integration-test/target/test-dir/MiniOzoneClusterImpl-6f19b49f-1ba0-4037-80e1-640204793d9e/datanode-5/data/ratis] (custom)
2019-09-26 10:05:50,273 [main] INFO  hdfs.DFSUtil (DFSUtil.java:httpServerTemplateForNNAndJN(1641)) - Starting Web-server for hddsDatanode at: http://0.0.0.0:0
2019-09-26 10:05:50,275 [main] INFO  server.AuthenticationFilter (AuthenticationFilter.java:constructSecretProvider(240)) - Unable to initialize FileSignerSecretProvider, falling back to use random secrets.
2019-09-26 10:05:50,275 [main] WARN  http.HttpRequestLog (HttpRequestLog.java:getRequestLog(97)) - Jetty request log can only be enabled using Log4j
2019-09-26 10:05:50,277 [main] INFO  http.HttpServer2 (HttpServer2.java:addGlobalFilter(975)) - Added global filter 'safety' (class=org.apache.hadoop.http.HttpServer2$QuotingInputFilter)
2019-09-26 10:05:50,278 [main] INFO  http.HttpServer2 (HttpServer2.java:addFilter(948)) - Added filter static_user_filter (class=org.apache.hadoop.http.lib.StaticUserWebFilter$StaticUserFilter) to context hddsDatanode
2019-09-26 10:05:50,278 [main] INFO  http.HttpServer2 (HttpServer2.java:addFilter(958)) - Added filter static_user_filter (class=org.apache.hadoop.http.lib.StaticUserWebFilter$StaticUserFilter) to context logs
2019-09-26 10:05:50,278 [main] INFO  http.HttpServer2 (HttpServer2.java:addFilter(958)) - Added filter static_user_filter (class=org.apache.hadoop.http.lib.StaticUserWebFilter$StaticUserFilter) to context static
2019-09-26 10:05:50,279 [main] INFO  http.HttpServer2 (HttpServer2.java:bindListener(1191)) - Jetty bound to port 46633
2019-09-26 10:05:50,279 [main] INFO  server.Server (Server.java:doStart(351)) - jetty-9.3.25.v20180904, build timestamp: 2018-09-04T21:11:46Z, git hash: 3ce520221d0240229c862b122d2b06c12a625732
2019-09-26 10:05:50,281 [main] INFO  handler.ContextHandler (ContextHandler.java:doStart(781)) - Started o.e.j.s.ServletContextHandler@22f8adc2{/logs,file:///workdir/hadoop-ozone/integration-test/target/log,AVAILABLE}
2019-09-26 10:05:50,281 [main] INFO  handler.ContextHandler (ContextHandler.java:doStart(781)) - Started o.e.j.s.ServletContextHandler@5b742bc8{/static,jar:file:/home/user/.m2/repository/org/apache/hadoop/hadoop-hdds-container-service/0.5.0-SNAPSHOT/hadoop-hdds-container-service-0.5.0-SNAPSHOT.jar!/webapps/static,AVAILABLE}
2019-09-26 10:05:50,308 [main] INFO  handler.ContextHandler (ContextHandler.java:doStart(781)) - Started o.e.j.w.WebAppContext@73d62b5{/,file:///tmp/jetty-0.0.0.0-46633-hddsDatanode-_-any-2202726834003467265.dir/webapp/,AVAILABLE}{/hddsDatanode}
2019-09-26 10:05:50,309 [main] INFO  server.AbstractConnector (AbstractConnector.java:doStart(278)) - Started ServerConnector@5e99e2cb{HTTP/1.1,[http/1.1]}{0.0.0.0:46633}
2019-09-26 10:05:50,311 [main] INFO  server.Server (Server.java:doStart(419)) - Started @525225ms
2019-09-26 10:05:50,311 [main] WARN  impl.MetricsSystemImpl (MetricsSystemImpl.java:register(276)) - Sink prometheus already exists!
2019-09-26 10:05:50,312 [main] INFO  server.BaseHttpServer (BaseHttpServer.java:updateConnectorAddress(215)) - HTTP server of HDDSDATANODE is listening at http://0.0.0.0:46633
2019-09-26 10:05:50,312 [main] INFO  impl.MetricsSystemImpl (MetricsSystemImpl.java:init(158)) - HddsDatanode metrics system started (again)
2019-09-26 10:05:50,321 [org.apache.hadoop.util.JvmPauseMonitor$Monitor@124f3897] INFO  util.JvmPauseMonitor (JvmPauseMonitor.java:run(188)) - Starting JVM pause monitor
2019-09-26 10:05:50,323 [main] INFO  ozone.HddsDatanodeService (HddsDatanodeService.java:start(184)) - HddsDatanodeService host:pr-hdds-1569-wvzgm-824869521 ip:192.168.30.13
2019-09-26 10:05:50,323 [Datanode State Machine Thread - 0] INFO  datanode.InitDatanodeState (InitDatanodeState.java:persistContainerDatanodeDetails(140)) - DatanodeDetails is persisted to /workdir/hadoop-ozone/integration-test/target/test-dir/MiniOzoneClusterImpl-6f19b49f-1ba0-4037-80e1-640204793d9e/datanode-5/meta/datanode.id
2019-09-26 10:05:50,329 [main] INFO  volume.HddsVolume (HddsVolume.java:<init>(176)) - Creating Volume: /workdir/hadoop-ozone/integration-test/target/test-dir/MiniOzoneClusterImpl-6f19b49f-1ba0-4037-80e1-640204793d9e/datanode-6/data/containers/hdds of  storage type : DISK and capacity : 1482555576320
2019-09-26 10:05:50,329 [main] INFO  volume.VolumeSet (VolumeSet.java:initializeVolumeSet(170)) - Added Volume : /workdir/hadoop-ozone/integration-test/target/test-dir/MiniOzoneClusterImpl-6f19b49f-1ba0-4037-80e1-640204793d9e/datanode-6/data/containers/hdds to VolumeSet
2019-09-26 10:05:50,329 [main] INFO  volume.ThrottledAsyncChecker (ThrottledAsyncChecker.java:schedule(139)) - Scheduling a check for org.apache.hadoop.ozone.container.common.volume.HddsVolume@734ce281
2019-09-26 10:05:50,330 [main] INFO  volume.HddsVolumeChecker (HddsVolumeChecker.java:checkAllVolumes(202)) - Scheduled health check for volume org.apache.hadoop.ozone.container.common.volume.HddsVolume@734ce281
2019-09-26 10:05:50,342 [main] INFO  impl.RaftServerProxy (ConfUtils.java:logGet(43)) - raft.rpc.type = GRPC (default)
2019-09-26 10:05:50,342 [main] INFO  grpc.GrpcFactory (GrpcFactory.java:checkPooledByteBufAllocatorUseCacheForAllThreads(45)) - PERFORMANCE WARNING: useCacheForAllThreads is true that may cause Netty to create a lot garbage objects and, as a result, trigger GC.
	It is recommended to disable useCacheForAllThreads by setting -Dorg.apache.ratis.thirdparty.io.netty.allocator.useCacheForAllThreads=false in command line.
2019-09-26 10:05:50,342 [main] INFO  grpc.GrpcConfigKeys$Server (ConfUtils.java:logGet(43)) - raft.grpc.server.port = 0 (default)
2019-09-26 10:05:50,343 [main] INFO  server.GrpcService (ConfUtils.java:logGet(43)) - raft.grpc.message.size.max = 33570816 (custom)
2019-09-26 10:05:50,343 [main] INFO  server.RaftServerConfigKeys (ConfUtils.java:logGet(43)) - raft.server.log.appender.buffer.byte-limit = 33554432 (custom)
2019-09-26 10:05:50,343 [main] INFO  server.GrpcService (ConfUtils.java:logGet(43)) - raft.grpc.flow.control.window = 1MB (=1048576) (default)
2019-09-26 10:05:50,343 [main] INFO  server.RaftServerConfigKeys (ConfUtils.java:logGet(43)) - raft.server.rpc.request.timeout = 3000ms (default)
2019-09-26 10:05:50,344 [main] INFO  server.RaftServerConfigKeys (ConfUtils.java:logGet(43)) - raft.server.storage.dir = [/workdir/hadoop-ozone/integration-test/target/test-dir/MiniOzoneClusterImpl-6f19b49f-1ba0-4037-80e1-640204793d9e/datanode-6/data/ratis] (custom)
2019-09-26 10:05:50,345 [main] INFO  hdfs.DFSUtil (DFSUtil.java:httpServerTemplateForNNAndJN(1641)) - Starting Web-server for hddsDatanode at: http://0.0.0.0:0
2019-09-26 10:05:50,346 [main] INFO  server.AuthenticationFilter (AuthenticationFilter.java:constructSecretProvider(240)) - Unable to initialize FileSignerSecretProvider, falling back to use random secrets.
2019-09-26 10:05:50,347 [main] WARN  http.HttpRequestLog (HttpRequestLog.java:getRequestLog(97)) - Jetty request log can only be enabled using Log4j
2019-09-26 10:05:50,348 [main] INFO  http.HttpServer2 (HttpServer2.java:addGlobalFilter(975)) - Added global filter 'safety' (class=org.apache.hadoop.http.HttpServer2$QuotingInputFilter)
2019-09-26 10:05:50,349 [main] INFO  http.HttpServer2 (HttpServer2.java:addFilter(948)) - Added filter static_user_filter (class=org.apache.hadoop.http.lib.StaticUserWebFilter$StaticUserFilter) to context hddsDatanode
2019-09-26 10:05:50,349 [main] INFO  http.HttpServer2 (HttpServer2.java:addFilter(958)) - Added filter static_user_filter (class=org.apache.hadoop.http.lib.StaticUserWebFilter$StaticUserFilter) to context static
2019-09-26 10:05:50,349 [main] INFO  http.HttpServer2 (HttpServer2.java:addFilter(958)) - Added filter static_user_filter (class=org.apache.hadoop.http.lib.StaticUserWebFilter$StaticUserFilter) to context logs
2019-09-26 10:05:50,350 [main] INFO  http.HttpServer2 (HttpServer2.java:bindListener(1191)) - Jetty bound to port 33281
2019-09-26 10:05:50,350 [main] INFO  server.Server (Server.java:doStart(351)) - jetty-9.3.25.v20180904, build timestamp: 2018-09-04T21:11:46Z, git hash: 3ce520221d0240229c862b122d2b06c12a625732
2019-09-26 10:05:50,351 [main] INFO  handler.ContextHandler (ContextHandler.java:doStart(781)) - Started o.e.j.s.ServletContextHandler@61a87366{/logs,file:///workdir/hadoop-ozone/integration-test/target/log,AVAILABLE}
2019-09-26 10:05:50,351 [main] INFO  handler.ContextHandler (ContextHandler.java:doStart(781)) - Started o.e.j.s.ServletContextHandler@dada335{/static,jar:file:/home/user/.m2/repository/org/apache/hadoop/hadoop-hdds-container-service/0.5.0-SNAPSHOT/hadoop-hdds-container-service-0.5.0-SNAPSHOT.jar!/webapps/static,AVAILABLE}
2019-09-26 10:05:50,378 [main] INFO  handler.ContextHandler (ContextHandler.java:doStart(781)) - Started o.e.j.w.WebAppContext@78b0ec3a{/,file:///tmp/jetty-0.0.0.0-33281-hddsDatanode-_-any-5927087820702029210.dir/webapp/,AVAILABLE}{/hddsDatanode}
2019-09-26 10:05:50,379 [main] INFO  server.AbstractConnector (AbstractConnector.java:doStart(278)) - Started ServerConnector@46612bfc{HTTP/1.1,[http/1.1]}{0.0.0.0:33281}
2019-09-26 10:05:50,385 [main] INFO  server.Server (Server.java:doStart(419)) - Started @525299ms
2019-09-26 10:05:50,385 [main] WARN  impl.MetricsSystemImpl (MetricsSystemImpl.java:register(276)) - Sink prometheus already exists!
2019-09-26 10:05:50,386 [main] INFO  server.BaseHttpServer (BaseHttpServer.java:updateConnectorAddress(215)) - HTTP server of HDDSDATANODE is listening at http://0.0.0.0:33281
2019-09-26 10:05:50,386 [main] INFO  ozone.MiniOzoneClusterImpl (MiniOzoneClusterImpl.java:lambda$waitForClusterToBeReady$0(147)) - Waiting for cluster to be ready. Got 0 of 7 DN Heartbeats.
2019-09-26 10:05:50,387 [org.apache.hadoop.util.JvmPauseMonitor$Monitor@1fec16e0] INFO  util.JvmPauseMonitor (JvmPauseMonitor.java:run(188)) - Starting JVM pause monitor
2019-09-26 10:05:50,388 [Datanode State Machine Thread - 0] INFO  datanode.InitDatanodeState (InitDatanodeState.java:persistContainerDatanodeDetails(140)) - DatanodeDetails is persisted to /workdir/hadoop-ozone/integration-test/target/test-dir/MiniOzoneClusterImpl-6f19b49f-1ba0-4037-80e1-640204793d9e/datanode-6/meta/datanode.id
2019-09-26 10:05:51,386 [main] INFO  ozone.MiniOzoneClusterImpl (MiniOzoneClusterImpl.java:lambda$waitForClusterToBeReady$0(147)) - Waiting for cluster to be ready. Got 0 of 7 DN Heartbeats.
2019-09-26 10:05:51,974 [Datanode State Machine Thread - 0] INFO  ozoneimpl.OzoneContainer (OzoneContainer.java:start(217)) - Attempting to start container services.
2019-09-26 10:05:51,975 [Datanode State Machine Thread - 0] INFO  ozoneimpl.OzoneContainer (OzoneContainer.java:startContainerScrub(179)) - Background container scanner has been disabled.
2019-09-26 10:05:51,975 [Datanode State Machine Thread - 0] INFO  ratis.XceiverServerRatis (XceiverServerRatis.java:start(411)) - Starting XceiverServerRatis 78fc6c82-4831-4601-bfbf-c281d6d238b7 at port 0
2019-09-26 10:05:51,980 [Datanode State Machine Thread - 0] INFO  impl.RaftServerProxy (RaftServerProxy.java:lambda$start$3(299)) - 78fc6c82-4831-4601-bfbf-c281d6d238b7: start RPC server
2019-09-26 10:05:51,983 [Datanode State Machine Thread - 0] INFO  server.GrpcService (GrpcService.java:startImpl(158)) - 78fc6c82-4831-4601-bfbf-c281d6d238b7: GrpcService started, listening on 0.0.0.0/0.0.0.0:36365
2019-09-26 10:05:51,983 [Datanode State Machine Thread - 0] INFO  ratis.XceiverServerRatis (XceiverServerRatis.java:start(421)) - XceiverServerRatis 78fc6c82-4831-4601-bfbf-c281d6d238b7 is started using port 36365
2019-09-26 10:05:51,983 [Datanode State Machine Thread - 0] INFO  server.XceiverServerGrpc (XceiverServerGrpc.java:start(149)) - XceiverServerGrpc 78fc6c82-4831-4601-bfbf-c281d6d238b7 is started using port 41150
2019-09-26 10:05:52,034 [Datanode State Machine Thread - 0] INFO  ozoneimpl.OzoneContainer (OzoneContainer.java:start(217)) - Attempting to start container services.
2019-09-26 10:05:52,034 [Datanode State Machine Thread - 0] INFO  ozoneimpl.OzoneContainer (OzoneContainer.java:startContainerScrub(179)) - Background container scanner has been disabled.
2019-09-26 10:05:52,034 [Datanode State Machine Thread - 0] INFO  ratis.XceiverServerRatis (XceiverServerRatis.java:start(411)) - Starting XceiverServerRatis 72f743f9-1e0e-4345-96f1-9a3a34c18cec at port 0
2019-09-26 10:05:52,040 [Datanode State Machine Thread - 0] INFO  impl.RaftServerProxy (RaftServerProxy.java:lambda$start$3(299)) - 72f743f9-1e0e-4345-96f1-9a3a34c18cec: start RPC server
2019-09-26 10:05:52,042 [Datanode State Machine Thread - 0] INFO  server.GrpcService (GrpcService.java:startImpl(158)) - 72f743f9-1e0e-4345-96f1-9a3a34c18cec: GrpcService started, listening on 0.0.0.0/0.0.0.0:42232
2019-09-26 10:05:52,042 [Datanode State Machine Thread - 0] INFO  ratis.XceiverServerRatis (XceiverServerRatis.java:start(421)) - XceiverServerRatis 72f743f9-1e0e-4345-96f1-9a3a34c18cec is started using port 42232
2019-09-26 10:05:52,043 [Datanode State Machine Thread - 0] INFO  server.XceiverServerGrpc (XceiverServerGrpc.java:start(149)) - XceiverServerGrpc 72f743f9-1e0e-4345-96f1-9a3a34c18cec is started using port 33479
2019-09-26 10:05:52,097 [Datanode State Machine Thread - 0] INFO  ozoneimpl.OzoneContainer (OzoneContainer.java:start(217)) - Attempting to start container services.
2019-09-26 10:05:52,098 [Datanode State Machine Thread - 0] INFO  ozoneimpl.OzoneContainer (OzoneContainer.java:startContainerScrub(179)) - Background container scanner has been disabled.
2019-09-26 10:05:52,098 [Datanode State Machine Thread - 0] INFO  ratis.XceiverServerRatis (XceiverServerRatis.java:start(411)) - Starting XceiverServerRatis 830a81b3-f833-43ed-8e64-f2525410bb9b at port 0
2019-09-26 10:05:52,103 [Datanode State Machine Thread - 0] INFO  impl.RaftServerProxy (RaftServerProxy.java:lambda$start$3(299)) - 830a81b3-f833-43ed-8e64-f2525410bb9b: start RPC server
2019-09-26 10:05:52,107 [Datanode State Machine Thread - 0] INFO  server.GrpcService (GrpcService.java:startImpl(158)) - 830a81b3-f833-43ed-8e64-f2525410bb9b: GrpcService started, listening on 0.0.0.0/0.0.0.0:33698
2019-09-26 10:05:52,107 [Datanode State Machine Thread - 0] INFO  ratis.XceiverServerRatis (XceiverServerRatis.java:start(421)) - XceiverServerRatis 830a81b3-f833-43ed-8e64-f2525410bb9b is started using port 33698
2019-09-26 10:05:52,107 [Datanode State Machine Thread - 0] INFO  server.XceiverServerGrpc (XceiverServerGrpc.java:start(149)) - XceiverServerGrpc 830a81b3-f833-43ed-8e64-f2525410bb9b is started using port 38306
2019-09-26 10:05:52,181 [Datanode State Machine Thread - 0] INFO  ozoneimpl.OzoneContainer (OzoneContainer.java:start(217)) - Attempting to start container services.
2019-09-26 10:05:52,181 [Datanode State Machine Thread - 0] INFO  ozoneimpl.OzoneContainer (OzoneContainer.java:startContainerScrub(179)) - Background container scanner has been disabled.
2019-09-26 10:05:52,181 [Datanode State Machine Thread - 0] INFO  ratis.XceiverServerRatis (XceiverServerRatis.java:start(411)) - Starting XceiverServerRatis db227204-214e-44d9-8d16-8c4813e40a58 at port 0
2019-09-26 10:05:52,187 [Datanode State Machine Thread - 0] INFO  impl.RaftServerProxy (RaftServerProxy.java:lambda$start$3(299)) - db227204-214e-44d9-8d16-8c4813e40a58: start RPC server
2019-09-26 10:05:52,187 [Datanode State Machine Thread - 0] INFO  server.GrpcService (GrpcService.java:startImpl(158)) - db227204-214e-44d9-8d16-8c4813e40a58: GrpcService started, listening on 0.0.0.0/0.0.0.0:35682
2019-09-26 10:05:52,188 [Datanode State Machine Thread - 0] INFO  ratis.XceiverServerRatis (XceiverServerRatis.java:start(421)) - XceiverServerRatis db227204-214e-44d9-8d16-8c4813e40a58 is started using port 35682
2019-09-26 10:05:52,188 [Datanode State Machine Thread - 0] INFO  server.XceiverServerGrpc (XceiverServerGrpc.java:start(149)) - XceiverServerGrpc db227204-214e-44d9-8d16-8c4813e40a58 is started using port 44992
2019-09-26 10:05:52,276 [Datanode State Machine Thread - 0] INFO  ozoneimpl.OzoneContainer (OzoneContainer.java:start(217)) - Attempting to start container services.
2019-09-26 10:05:52,277 [Datanode State Machine Thread - 0] INFO  ozoneimpl.OzoneContainer (OzoneContainer.java:startContainerScrub(179)) - Background container scanner has been disabled.
2019-09-26 10:05:52,277 [Datanode State Machine Thread - 0] INFO  ratis.XceiverServerRatis (XceiverServerRatis.java:start(411)) - Starting XceiverServerRatis 583d69a3-91a3-48b1-b57b-32c881e6a62a at port 0
2019-09-26 10:05:52,283 [Datanode State Machine Thread - 0] INFO  impl.RaftServerProxy (RaftServerProxy.java:lambda$start$3(299)) - 583d69a3-91a3-48b1-b57b-32c881e6a62a: start RPC server
2019-09-26 10:05:52,286 [Datanode State Machine Thread - 0] INFO  server.GrpcService (GrpcService.java:startImpl(158)) - 583d69a3-91a3-48b1-b57b-32c881e6a62a: GrpcService started, listening on 0.0.0.0/0.0.0.0:44038
2019-09-26 10:05:52,287 [Datanode State Machine Thread - 0] INFO  ratis.XceiverServerRatis (XceiverServerRatis.java:start(421)) - XceiverServerRatis 583d69a3-91a3-48b1-b57b-32c881e6a62a is started using port 44038
2019-09-26 10:05:52,287 [Datanode State Machine Thread - 0] INFO  server.XceiverServerGrpc (XceiverServerGrpc.java:start(149)) - XceiverServerGrpc 583d69a3-91a3-48b1-b57b-32c881e6a62a is started using port 42365
2019-09-26 10:05:52,336 [Datanode State Machine Thread - 0] INFO  ozoneimpl.OzoneContainer (OzoneContainer.java:start(217)) - Attempting to start container services.
2019-09-26 10:05:52,336 [Datanode State Machine Thread - 0] INFO  ozoneimpl.OzoneContainer (OzoneContainer.java:startContainerScrub(179)) - Background container scanner has been disabled.
2019-09-26 10:05:52,337 [Datanode State Machine Thread - 0] INFO  ratis.XceiverServerRatis (XceiverServerRatis.java:start(411)) - Starting XceiverServerRatis 9c78032f-eba8-46d0-8c4d-d82b43c60fb9 at port 0
2019-09-26 10:05:52,343 [Datanode State Machine Thread - 0] INFO  impl.RaftServerProxy (RaftServerProxy.java:lambda$start$3(299)) - 9c78032f-eba8-46d0-8c4d-d82b43c60fb9: start RPC server
2019-09-26 10:05:52,344 [Datanode State Machine Thread - 0] INFO  server.GrpcService (GrpcService.java:startImpl(158)) - 9c78032f-eba8-46d0-8c4d-d82b43c60fb9: GrpcService started, listening on 0.0.0.0/0.0.0.0:33303
2019-09-26 10:05:52,344 [Datanode State Machine Thread - 0] INFO  ratis.XceiverServerRatis (XceiverServerRatis.java:start(421)) - XceiverServerRatis 9c78032f-eba8-46d0-8c4d-d82b43c60fb9 is started using port 33303
2019-09-26 10:05:52,347 [Datanode State Machine Thread - 0] INFO  server.XceiverServerGrpc (XceiverServerGrpc.java:start(149)) - XceiverServerGrpc 9c78032f-eba8-46d0-8c4d-d82b43c60fb9 is started using port 37174
2019-09-26 10:05:52,387 [main] INFO  ozone.MiniOzoneClusterImpl (MiniOzoneClusterImpl.java:lambda$waitForClusterToBeReady$0(147)) - Waiting for cluster to be ready. Got 0 of 7 DN Heartbeats.
2019-09-26 10:05:52,397 [Datanode State Machine Thread - 0] INFO  ozoneimpl.OzoneContainer (OzoneContainer.java:start(217)) - Attempting to start container services.
2019-09-26 10:05:52,397 [Datanode State Machine Thread - 0] INFO  ozoneimpl.OzoneContainer (OzoneContainer.java:startContainerScrub(179)) - Background container scanner has been disabled.
2019-09-26 10:05:52,397 [Datanode State Machine Thread - 0] INFO  ratis.XceiverServerRatis (XceiverServerRatis.java:start(411)) - Starting XceiverServerRatis c48e9c41-2800-44a2-9011-d3474aeafd5c at port 0
2019-09-26 10:05:52,402 [Datanode State Machine Thread - 0] INFO  impl.RaftServerProxy (RaftServerProxy.java:lambda$start$3(299)) - c48e9c41-2800-44a2-9011-d3474aeafd5c: start RPC server
2019-09-26 10:05:52,417 [Datanode State Machine Thread - 0] INFO  server.GrpcService (GrpcService.java:startImpl(158)) - c48e9c41-2800-44a2-9011-d3474aeafd5c: GrpcService started, listening on 0.0.0.0/0.0.0.0:36994
2019-09-26 10:05:52,417 [Datanode State Machine Thread - 0] INFO  ratis.XceiverServerRatis (XceiverServerRatis.java:start(421)) - XceiverServerRatis c48e9c41-2800-44a2-9011-d3474aeafd5c is started using port 36994
2019-09-26 10:05:52,418 [Datanode State Machine Thread - 0] INFO  server.XceiverServerGrpc (XceiverServerGrpc.java:start(149)) - XceiverServerGrpc c48e9c41-2800-44a2-9011-d3474aeafd5c is started using port 33052
2019-09-26 10:05:53,387 [main] INFO  ozone.MiniOzoneClusterImpl (MiniOzoneClusterImpl.java:lambda$waitForClusterToBeReady$0(147)) - Waiting for cluster to be ready. Got 0 of 7 DN Heartbeats.
2019-09-26 10:05:53,944 [IPC Server handler 2 on 46518] INFO  net.NetworkTopology (NetworkTopologyImpl.java:add(111)) - Added a new node: /default-rack/78fc6c82-4831-4601-bfbf-c281d6d238b7
2019-09-26 10:05:53,948 [IPC Server handler 2 on 46518] INFO  node.SCMNodeManager (SCMNodeManager.java:register(266)) - Registered Data node : 78fc6c82-4831-4601-bfbf-c281d6d238b7{ip: 192.168.30.13, host: pr-hdds-1569-wvzgm-824869521, networkLocation: /default-rack, certSerialId: null}
2019-09-26 10:05:53,949 [EventQueue-NodeRegistrationContainerReportForDataNodeSafeModeRule] INFO  safemode.SCMSafeModeManager (DataNodeSafeModeRule.java:process(71)) - SCM in safe mode. 1 DataNodes registered, 1 required.
2019-09-26 10:05:53,952 [EventQueue-NodeRegistrationContainerReportForDataNodeSafeModeRule] INFO  safemode.SCMSafeModeManager (SCMSafeModeManager.java:validateSafeModeExitRules(177)) - ScmSafeModeManager, all rules are successfully validated
2019-09-26 10:05:53,952 [EventQueue-NodeRegistrationContainerReportForDataNodeSafeModeRule] INFO  safemode.SCMSafeModeManager (SCMSafeModeManager.java:exitSafeMode(193)) - SCM exiting safe mode.
2019-09-26 10:05:53,966 [grpc-default-executor-1] INFO  impl.RaftServerProxy (RaftServerProxy.java:addNew(89)) - 78fc6c82-4831-4601-bfbf-c281d6d238b7: addNew group-784F541CA264:[78fc6c82-4831-4601-bfbf-c281d6d238b7:192.168.30.13:36365] returns group-784F541CA264:java.util.concurrent.CompletableFuture@1ec4d722[Not completed]
2019-09-26 10:05:53,968 [pool-409-thread-1] INFO  impl.RaftServerImpl (RaftServerImpl.java:<init>(95)) - 78fc6c82-4831-4601-bfbf-c281d6d238b7: new RaftServerImpl for group-784F541CA264:[78fc6c82-4831-4601-bfbf-c281d6d238b7:192.168.30.13:36365] with ContainerStateMachine:uninitialized
2019-09-26 10:05:53,968 [pool-409-thread-1] INFO  server.RaftServerConfigKeys (ConfUtils.java:logGet(43)) - raft.server.rpc.timeout.min = 5s (custom)
2019-09-26 10:05:53,968 [pool-409-thread-1] INFO  server.RaftServerConfigKeys (ConfUtils.java:logGet(43)) - raft.server.rpc.timeout.max = 5200ms (custom)
2019-09-26 10:05:53,968 [pool-409-thread-1] INFO  server.RaftServerConfigKeys (ConfUtils.java:logGet(43)) - raft.server.rpcslowness.timeout = 120s (custom)
2019-09-26 10:05:53,968 [pool-409-thread-1] INFO  server.RaftServerConfigKeys (ConfUtils.java:logGet(43)) - raft.server.sleep.deviation.threshold = 300 (default)
2019-09-26 10:05:53,968 [pool-409-thread-1] INFO  server.RaftServerConfigKeys (ConfUtils.java:logGet(43)) - raft.server.log.appender.install.snapshot.enabled = false (custom)
2019-09-26 10:05:53,969 [pool-409-thread-1] INFO  impl.RaftServerImpl (ServerState.java:<init>(103)) - 78fc6c82-4831-4601-bfbf-c281d6d238b7@group-784F541CA264: ConfigurationManager, init=-1: [78fc6c82-4831-4601-bfbf-c281d6d238b7:192.168.30.13:36365], old=null, confs=<EMPTY_MAP>
2019-09-26 10:05:53,969 [pool-409-thread-1] INFO  server.RaftServerConfigKeys (ConfUtils.java:logGet(43)) - raft.server.storage.dir = [/workdir/hadoop-ozone/integration-test/target/test-dir/MiniOzoneClusterImpl-6f19b49f-1ba0-4037-80e1-640204793d9e/datanode-0/data/ratis] (custom)
2019-09-26 10:05:53,969 [pool-409-thread-1] INFO  storage.RaftStorageDirectory (RaftStorageDirectory.java:analyzeStorage(246)) - The storage directory /workdir/hadoop-ozone/integration-test/target/test-dir/MiniOzoneClusterImpl-6f19b49f-1ba0-4037-80e1-640204793d9e/datanode-0/data/ratis/733e27fa-5432-49fd-b932-784f541ca264 does not exist. Creating ...
2019-09-26 10:05:53,995 [pool-409-thread-1] INFO  storage.RaftStorageDirectory (RaftStorageDirectory.java:tryLock(328)) - Lock on /workdir/hadoop-ozone/integration-test/target/test-dir/MiniOzoneClusterImpl-6f19b49f-1ba0-4037-80e1-640204793d9e/datanode-0/data/ratis/733e27fa-5432-49fd-b932-784f541ca264/in_use.lock acquired by nodename 19604@pr-hdds-1569-wvzgm-824869521
2019-09-26 10:05:54,009 [pool-409-thread-1] INFO  storage.RaftStorage (RaftStorage.java:format(72)) - Storage directory /workdir/hadoop-ozone/integration-test/target/test-dir/MiniOzoneClusterImpl-6f19b49f-1ba0-4037-80e1-640204793d9e/datanode-0/data/ratis/733e27fa-5432-49fd-b932-784f541ca264 has been successfully formatted.
2019-09-26 10:05:54,009 [pool-409-thread-1] INFO  ratis.ContainerStateMachine (ContainerStateMachine.java:loadSnapshot(230)) - group-784F541CA264: The snapshot info is null. Setting the last applied indexto:(t:0, i:~)
2019-09-26 10:05:54,009 [pool-409-thread-1] INFO  server.RaftServerConfigKeys (ConfUtils.java:logGet(43)) - raft.server.notification.no-leader.timeout = 120s (custom)
2019-09-26 10:05:54,010 [pool-409-thread-1] INFO  server.RaftServerConfigKeys (ConfUtils.java:logGet(43)) - raft.server.log.use.memory = false (default)
2019-09-26 10:05:54,010 [pool-409-thread-1] INFO  server.RaftServerConfigKeys (ConfUtils.java:logGet(43)) - raft.server.log.purge.gap = 1000000 (custom)
2019-09-26 10:05:54,010 [pool-409-thread-1] INFO  server.RaftServerConfigKeys (ConfUtils.java:logGet(43)) - raft.server.log.appender.buffer.byte-limit = 33554432 (custom)
2019-09-26 10:05:54,010 [pool-409-thread-1] INFO  server.RaftServerConfigKeys (ConfUtils.java:logGet(43)) - raft.server.log.segment.size.max = 1048576 (custom)
2019-09-26 10:05:54,011 [pool-409-thread-1] INFO  server.RaftServerConfigKeys (ConfUtils.java:logGet(43)) - raft.server.log.segment.cache.num.max = 2 (custom)
2019-09-26 10:05:54,011 [pool-409-thread-1] INFO  segmented.SegmentedRaftLogWorker (SegmentedRaftLogWorker.java:<init>(172)) - new 78fc6c82-4831-4601-bfbf-c281d6d238b7@group-784F541CA264-SegmentedRaftLogWorker for RaftStorage:Storage Directory /workdir/hadoop-ozone/integration-test/target/test-dir/MiniOzoneClusterImpl-6f19b49f-1ba0-4037-80e1-640204793d9e/datanode-0/data/ratis/733e27fa-5432-49fd-b932-784f541ca264
2019-09-26 10:05:54,013 [pool-409-thread-1] INFO  server.RaftServerConfigKeys (ConfUtils.java:logGet(43)) - raft.server.log.queue.byte-limit = 2147483647 (custom)
2019-09-26 10:05:54,014 [pool-409-thread-1] INFO  server.RaftServerConfigKeys (ConfUtils.java:logGet(43)) - raft.server.log.queue.element-limit = 1024 (custom)
2019-09-26 10:05:54,014 [pool-409-thread-1] INFO  server.RaftServerConfigKeys (ConfUtils.java:logGet(43)) - raft.server.log.segment.size.max = 1048576 (custom)
2019-09-26 10:05:54,014 [pool-409-thread-1] INFO  server.RaftServerConfigKeys (ConfUtils.java:logGet(43)) - raft.server.log.preallocated.size = 16384 (custom)
2019-09-26 10:05:54,014 [pool-409-thread-1] INFO  server.RaftServerConfigKeys (ConfUtils.java:logGet(43)) - raft.server.log.write.buffer.size = 33554432 (custom)
2019-09-26 10:05:54,014 [pool-409-thread-1] INFO  server.RaftServerConfigKeys (ConfUtils.java:logGet(43)) - raft.server.log.force.sync.num = 128 (default)
2019-09-26 10:05:54,015 [pool-409-thread-1] INFO  server.RaftServerConfigKeys (ConfUtils.java:logGet(43)) - raft.server.log.statemachine.data.sync = true (default)
2019-09-26 10:05:54,015 [pool-409-thread-1] INFO  server.RaftServerConfigKeys (ConfUtils.java:logGet(43)) - raft.server.log.statemachine.data.sync.timeout = 10s (default)
2019-09-26 10:05:54,015 [pool-409-thread-1] INFO  server.RaftServerConfigKeys (ConfUtils.java:logGet(43)) - raft.server.log.statemachine.data.sync.timeout.retry = -1 (default)
2019-09-26 10:05:54,015 [pool-409-thread-1] INFO  server.RaftServerConfigKeys (ConfUtils.java:logGet(43)) - raft.server.log.statemachine.data.caching.enabled = true (custom)
2019-09-26 10:05:54,016 [pool-409-thread-1] INFO  segmented.SegmentedRaftLogWorker (SegmentedRaftLogWorker.java:lambda$new$0(132)) - 78fc6c82-4831-4601-bfbf-c281d6d238b7@group-784F541CA264-SegmentedRaftLogWorker: flushIndex: setUnconditionally 0 -> -1
2019-09-26 10:05:54,016 [IPC Server handler 1 on 46518] INFO  net.NetworkTopology (NetworkTopologyImpl.java:add(111)) - Added a new node: /default-rack/72f743f9-1e0e-4345-96f1-9a3a34c18cec
2019-09-26 10:05:54,016 [pool-409-thread-1] INFO  server.RaftServerConfigKeys (ConfUtils.java:logGet(43)) - raft.server.snapshot.auto.trigger.enabled = true (custom)
2019-09-26 10:05:54,016 [IPC Server handler 1 on 46518] INFO  node.SCMNodeManager (SCMNodeManager.java:register(266)) - Registered Data node : 72f743f9-1e0e-4345-96f1-9a3a34c18cec{ip: 192.168.30.13, host: pr-hdds-1569-wvzgm-824869521, networkLocation: /default-rack, certSerialId: null}
2019-09-26 10:05:54,017 [pool-409-thread-1] INFO  server.RaftServerConfigKeys (ConfUtils.java:logGet(43)) - raft.server.snapshot.auto.trigger.threshold = 10000 (custom)
2019-09-26 10:05:54,017 [pool-409-thread-1] INFO  server.RaftServerConfigKeys (ConfUtils.java:logGet(43)) - raft.server.snapshot.retention.num.files = 5 (custom)
2019-09-26 10:05:54,017 [pool-409-thread-1] INFO  server.RaftServerConfigKeys (ConfUtils.java:logGet(43)) - raft.server.retrycache.expirytime = 600000ms (custom)
2019-09-26 10:05:54,019 [pool-409-thread-1] INFO  impl.RaftServerImpl (RaftServerImpl.java:start(185)) - 78fc6c82-4831-4601-bfbf-c281d6d238b7@group-784F541CA264: start as a follower, conf=-1: [78fc6c82-4831-4601-bfbf-c281d6d238b7:192.168.30.13:36365], old=null
2019-09-26 10:05:54,019 [pool-409-thread-1] INFO  impl.RaftServerImpl (RaftServerImpl.java:setRole(174)) - 78fc6c82-4831-4601-bfbf-c281d6d238b7@group-784F541CA264: changes role from      null to FOLLOWER at term 0 for startAsFollower
2019-09-26 10:05:54,019 [pool-409-thread-1] INFO  impl.RoleInfo (RoleInfo.java:updateAndGet(143)) - 78fc6c82-4831-4601-bfbf-c281d6d238b7: start FollowerState
2019-09-26 10:05:54,020 [pool-409-thread-1] INFO  util.JmxRegister (JmxRegister.java:tryRegister(44)) - Successfully registered JMX Bean with object name Ratis:service=RaftServer,group=group-784F541CA264,id=78fc6c82-4831-4601-bfbf-c281d6d238b7
2019-09-26 10:05:54,024 [RatisPipelineUtilsThread] INFO  pipeline.PipelineStateManager (PipelineStateManager.java:addPipeline(56)) - Created pipeline Pipeline[ Id: 733e27fa-5432-49fd-b932-784f541ca264, Nodes: 78fc6c82-4831-4601-bfbf-c281d6d238b7{ip: 192.168.30.13, host: pr-hdds-1569-wvzgm-824869521, networkLocation: /default-rack, certSerialId: null}, Type:RATIS, Factor:ONE, State:OPEN]
2019-09-26 10:05:54,027 [grpc-default-executor-1] INFO  impl.RaftServerProxy (RaftServerProxy.java:addNew(89)) - 78fc6c82-4831-4601-bfbf-c281d6d238b7: addNew group-D0A70F3DA48F:[78fc6c82-4831-4601-bfbf-c281d6d238b7:192.168.30.13:36365] returns group-D0A70F3DA48F:java.util.concurrent.CompletableFuture@271a2443[Not completed]
2019-09-26 10:05:54,028 [pool-409-thread-1] INFO  impl.RaftServerImpl (RaftServerImpl.java:<init>(95)) - 78fc6c82-4831-4601-bfbf-c281d6d238b7: new RaftServerImpl for group-D0A70F3DA48F:[78fc6c82-4831-4601-bfbf-c281d6d238b7:192.168.30.13:36365] with ContainerStateMachine:uninitialized
2019-09-26 10:05:54,028 [pool-409-thread-1] INFO  server.RaftServerConfigKeys (ConfUtils.java:logGet(43)) - raft.server.rpc.timeout.min = 5s (custom)
2019-09-26 10:05:54,028 [pool-409-thread-1] INFO  server.RaftServerConfigKeys (ConfUtils.java:logGet(43)) - raft.server.rpc.timeout.max = 5200ms (custom)
2019-09-26 10:05:54,028 [pool-409-thread-1] INFO  server.RaftServerConfigKeys (ConfUtils.java:logGet(43)) - raft.server.rpcslowness.timeout = 120s (custom)
2019-09-26 10:05:54,028 [pool-409-thread-1] INFO  server.RaftServerConfigKeys (ConfUtils.java:logGet(43)) - raft.server.sleep.deviation.threshold = 300 (default)
2019-09-26 10:05:54,029 [pool-409-thread-1] INFO  server.RaftServerConfigKeys (ConfUtils.java:logGet(43)) - raft.server.log.appender.install.snapshot.enabled = false (custom)
2019-09-26 10:05:54,029 [pool-409-thread-1] INFO  impl.RaftServerImpl (ServerState.java:<init>(103)) - 78fc6c82-4831-4601-bfbf-c281d6d238b7@group-D0A70F3DA48F: ConfigurationManager, init=-1: [78fc6c82-4831-4601-bfbf-c281d6d238b7:192.168.30.13:36365], old=null, confs=<EMPTY_MAP>
2019-09-26 10:05:54,029 [pool-409-thread-1] INFO  server.RaftServerConfigKeys (ConfUtils.java:logGet(43)) - raft.server.storage.dir = [/workdir/hadoop-ozone/integration-test/target/test-dir/MiniOzoneClusterImpl-6f19b49f-1ba0-4037-80e1-640204793d9e/datanode-0/data/ratis] (custom)
2019-09-26 10:05:54,029 [pool-409-thread-1] INFO  storage.RaftStorageDirectory (RaftStorageDirectory.java:analyzeStorage(246)) - The storage directory /workdir/hadoop-ozone/integration-test/target/test-dir/MiniOzoneClusterImpl-6f19b49f-1ba0-4037-80e1-640204793d9e/datanode-0/data/ratis/d8820f0e-569f-4364-9247-d0a70f3da48f does not exist. Creating ...
2019-09-26 10:05:54,042 [pool-409-thread-1] INFO  storage.RaftStorageDirectory (RaftStorageDirectory.java:tryLock(328)) - Lock on /workdir/hadoop-ozone/integration-test/target/test-dir/MiniOzoneClusterImpl-6f19b49f-1ba0-4037-80e1-640204793d9e/datanode-0/data/ratis/d8820f0e-569f-4364-9247-d0a70f3da48f/in_use.lock acquired by nodename 19604@pr-hdds-1569-wvzgm-824869521
2019-09-26 10:05:54,056 [pool-409-thread-1] INFO  storage.RaftStorage (RaftStorage.java:format(72)) - Storage directory /workdir/hadoop-ozone/integration-test/target/test-dir/MiniOzoneClusterImpl-6f19b49f-1ba0-4037-80e1-640204793d9e/datanode-0/data/ratis/d8820f0e-569f-4364-9247-d0a70f3da48f has been successfully formatted.
2019-09-26 10:05:54,057 [pool-409-thread-1] INFO  ratis.ContainerStateMachine (ContainerStateMachine.java:loadSnapshot(230)) - group-D0A70F3DA48F: The snapshot info is null. Setting the last applied indexto:(t:0, i:~)
2019-09-26 10:05:54,057 [pool-409-thread-1] INFO  server.RaftServerConfigKeys (ConfUtils.java:logGet(43)) - raft.server.notification.no-leader.timeout = 120s (custom)
2019-09-26 10:05:54,057 [pool-409-thread-1] INFO  server.RaftServerConfigKeys (ConfUtils.java:logGet(43)) - raft.server.log.use.memory = false (default)
2019-09-26 10:05:54,057 [pool-409-thread-1] INFO  server.RaftServerConfigKeys (ConfUtils.java:logGet(43)) - raft.server.log.purge.gap = 1000000 (custom)
2019-09-26 10:05:54,057 [pool-409-thread-1] INFO  server.RaftServerConfigKeys (ConfUtils.java:logGet(43)) - raft.server.log.appender.buffer.byte-limit = 33554432 (custom)
2019-09-26 10:05:54,057 [pool-409-thread-1] INFO  server.RaftServerConfigKeys (ConfUtils.java:logGet(43)) - raft.server.log.segment.size.max = 1048576 (custom)
2019-09-26 10:05:54,058 [pool-409-thread-1] INFO  server.RaftServerConfigKeys (ConfUtils.java:logGet(43)) - raft.server.log.segment.cache.num.max = 2 (custom)
2019-09-26 10:05:54,058 [pool-409-thread-1] INFO  segmented.SegmentedRaftLogWorker (SegmentedRaftLogWorker.java:<init>(172)) - new 78fc6c82-4831-4601-bfbf-c281d6d238b7@group-D0A70F3DA48F-SegmentedRaftLogWorker for RaftStorage:Storage Directory /workdir/hadoop-ozone/integration-test/target/test-dir/MiniOzoneClusterImpl-6f19b49f-1ba0-4037-80e1-640204793d9e/datanode-0/data/ratis/d8820f0e-569f-4364-9247-d0a70f3da48f
2019-09-26 10:05:54,058 [pool-409-thread-1] INFO  server.RaftServerConfigKeys (ConfUtils.java:logGet(43)) - raft.server.log.queue.byte-limit = 2147483647 (custom)
2019-09-26 10:05:54,058 [pool-409-thread-1] INFO  server.RaftServerConfigKeys (ConfUtils.java:logGet(43)) - raft.server.log.queue.element-limit = 1024 (custom)
2019-09-26 10:05:54,058 [pool-409-thread-1] INFO  server.RaftServerConfigKeys (ConfUtils.java:logGet(43)) - raft.server.log.segment.size.max = 1048576 (custom)
2019-09-26 10:05:54,058 [pool-409-thread-1] INFO  server.RaftServerConfigKeys (ConfUtils.java:logGet(43)) - raft.server.log.preallocated.size = 16384 (custom)
2019-09-26 10:05:54,058 [pool-409-thread-1] INFO  server.RaftServerConfigKeys (ConfUtils.java:logGet(43)) - raft.server.log.write.buffer.size = 33554432 (custom)
2019-09-26 10:05:54,059 [pool-409-thread-1] INFO  server.RaftServerConfigKeys (ConfUtils.java:logGet(43)) - raft.server.log.force.sync.num = 128 (default)
2019-09-26 10:05:54,059 [pool-409-thread-1] INFO  server.RaftServerConfigKeys (ConfUtils.java:logGet(43)) - raft.server.log.statemachine.data.sync = true (default)
2019-09-26 10:05:54,059 [pool-409-thread-1] INFO  server.RaftServerConfigKeys (ConfUtils.java:logGet(43)) - raft.server.log.statemachine.data.sync.timeout = 10s (default)
2019-09-26 10:05:54,059 [pool-409-thread-1] INFO  server.RaftServerConfigKeys (ConfUtils.java:logGet(43)) - raft.server.log.statemachine.data.sync.timeout.retry = -1 (default)
2019-09-26 10:05:54,059 [pool-409-thread-1] INFO  server.RaftServerConfigKeys (ConfUtils.java:logGet(43)) - raft.server.log.statemachine.data.caching.enabled = true (custom)
2019-09-26 10:05:54,060 [pool-409-thread-1] INFO  segmented.SegmentedRaftLogWorker (SegmentedRaftLogWorker.java:lambda$new$0(132)) - 78fc6c82-4831-4601-bfbf-c281d6d238b7@group-D0A70F3DA48F-SegmentedRaftLogWorker: flushIndex: setUnconditionally 0 -> -1
2019-09-26 10:05:54,060 [pool-409-thread-1] INFO  server.RaftServerConfigKeys (ConfUtils.java:logGet(43)) - raft.server.snapshot.auto.trigger.enabled = true (custom)
2019-09-26 10:05:54,060 [pool-409-thread-1] INFO  server.RaftServerConfigKeys (ConfUtils.java:logGet(43)) - raft.server.snapshot.auto.trigger.threshold = 10000 (custom)
2019-09-26 10:05:54,060 [pool-409-thread-1] INFO  server.RaftServerConfigKeys (ConfUtils.java:logGet(43)) - raft.server.snapshot.retention.num.files = 5 (custom)
2019-09-26 10:05:54,060 [pool-409-thread-1] INFO  server.RaftServerConfigKeys (ConfUtils.java:logGet(43)) - raft.server.retrycache.expirytime = 600000ms (custom)
2019-09-26 10:05:54,062 [pool-409-thread-1] INFO  impl.RaftServerImpl (RaftServerImpl.java:start(185)) - 78fc6c82-4831-4601-bfbf-c281d6d238b7@group-D0A70F3DA48F: start as a follower, conf=-1: [78fc6c82-4831-4601-bfbf-c281d6d238b7:192.168.30.13:36365], old=null
2019-09-26 10:05:54,062 [pool-409-thread-1] INFO  impl.RaftServerImpl (RaftServerImpl.java:setRole(174)) - 78fc6c82-4831-4601-bfbf-c281d6d238b7@group-D0A70F3DA48F: changes role from      null to FOLLOWER at term 0 for startAsFollower
2019-09-26 10:05:54,062 [pool-409-thread-1] INFO  impl.RoleInfo (RoleInfo.java:updateAndGet(143)) - 78fc6c82-4831-4601-bfbf-c281d6d238b7: start FollowerState
2019-09-26 10:05:54,062 [pool-409-thread-1] INFO  util.JmxRegister (JmxRegister.java:tryRegister(44)) - Successfully registered JMX Bean with object name Ratis:service=RaftServer,group=group-D0A70F3DA48F,id=78fc6c82-4831-4601-bfbf-c281d6d238b7
2019-09-26 10:05:54,064 [RatisPipelineUtilsThread] INFO  pipeline.PipelineStateManager (PipelineStateManager.java:addPipeline(56)) - Created pipeline Pipeline[ Id: d8820f0e-569f-4364-9247-d0a70f3da48f, Nodes: 78fc6c82-4831-4601-bfbf-c281d6d238b7{ip: 192.168.30.13, host: pr-hdds-1569-wvzgm-824869521, networkLocation: /default-rack, certSerialId: null}, Type:RATIS, Factor:ONE, State:OPEN]
2019-09-26 10:05:54,067 [grpc-default-executor-1] INFO  impl.RaftServerProxy (RaftServerProxy.java:addNew(89)) - 78fc6c82-4831-4601-bfbf-c281d6d238b7: addNew group-CEB6460525A2:[78fc6c82-4831-4601-bfbf-c281d6d238b7:192.168.30.13:36365] returns group-CEB6460525A2:java.util.concurrent.CompletableFuture@3ad5533e[Not completed]
2019-09-26 10:05:54,069 [pool-409-thread-1] INFO  impl.RaftServerImpl (RaftServerImpl.java:<init>(95)) - 78fc6c82-4831-4601-bfbf-c281d6d238b7: new RaftServerImpl for group-CEB6460525A2:[78fc6c82-4831-4601-bfbf-c281d6d238b7:192.168.30.13:36365] with ContainerStateMachine:uninitialized
2019-09-26 10:05:54,069 [pool-409-thread-1] INFO  server.RaftServerConfigKeys (ConfUtils.java:logGet(43)) - raft.server.rpc.timeout.min = 5s (custom)
2019-09-26 10:05:54,069 [pool-409-thread-1] INFO  server.RaftServerConfigKeys (ConfUtils.java:logGet(43)) - raft.server.rpc.timeout.max = 5200ms (custom)
2019-09-26 10:05:54,069 [pool-409-thread-1] INFO  server.RaftServerConfigKeys (ConfUtils.java:logGet(43)) - raft.server.rpcslowness.timeout = 120s (custom)
2019-09-26 10:05:54,069 [pool-409-thread-1] INFO  server.RaftServerConfigKeys (ConfUtils.java:logGet(43)) - raft.server.sleep.deviation.threshold = 300 (default)
2019-09-26 10:05:54,069 [pool-409-thread-1] INFO  server.RaftServerConfigKeys (ConfUtils.java:logGet(43)) - raft.server.log.appender.install.snapshot.enabled = false (custom)
2019-09-26 10:05:54,069 [pool-409-thread-1] INFO  impl.RaftServerImpl (ServerState.java:<init>(103)) - 78fc6c82-4831-4601-bfbf-c281d6d238b7@group-CEB6460525A2: ConfigurationManager, init=-1: [78fc6c82-4831-4601-bfbf-c281d6d238b7:192.168.30.13:36365], old=null, confs=<EMPTY_MAP>
2019-09-26 10:05:54,069 [pool-409-thread-1] INFO  server.RaftServerConfigKeys (ConfUtils.java:logGet(43)) - raft.server.storage.dir = [/workdir/hadoop-ozone/integration-test/target/test-dir/MiniOzoneClusterImpl-6f19b49f-1ba0-4037-80e1-640204793d9e/datanode-0/data/ratis] (custom)
2019-09-26 10:05:54,070 [pool-409-thread-1] INFO  storage.RaftStorageDirectory (RaftStorageDirectory.java:analyzeStorage(246)) - The storage directory /workdir/hadoop-ozone/integration-test/target/test-dir/MiniOzoneClusterImpl-6f19b49f-1ba0-4037-80e1-640204793d9e/datanode-0/data/ratis/a419f8a2-5344-445b-9826-ceb6460525a2 does not exist. Creating ...
2019-09-26 10:05:54,076 [pool-409-thread-1] INFO  storage.RaftStorageDirectory (RaftStorageDirectory.java:tryLock(328)) - Lock on /workdir/hadoop-ozone/integration-test/target/test-dir/MiniOzoneClusterImpl-6f19b49f-1ba0-4037-80e1-640204793d9e/datanode-0/data/ratis/a419f8a2-5344-445b-9826-ceb6460525a2/in_use.lock acquired by nodename 19604@pr-hdds-1569-wvzgm-824869521
2019-09-26 10:05:54,089 [IPC Server handler 3 on 46518] INFO  net.NetworkTopology (NetworkTopologyImpl.java:add(111)) - Added a new node: /default-rack/830a81b3-f833-43ed-8e64-f2525410bb9b
2019-09-26 10:05:54,089 [IPC Server handler 3 on 46518] INFO  node.SCMNodeManager (SCMNodeManager.java:register(266)) - Registered Data node : 830a81b3-f833-43ed-8e64-f2525410bb9b{ip: 192.168.30.13, host: pr-hdds-1569-wvzgm-824869521, networkLocation: /default-rack, certSerialId: null}
2019-09-26 10:05:54,089 [pool-409-thread-1] INFO  storage.RaftStorage (RaftStorage.java:format(72)) - Storage directory /workdir/hadoop-ozone/integration-test/target/test-dir/MiniOzoneClusterImpl-6f19b49f-1ba0-4037-80e1-640204793d9e/datanode-0/data/ratis/a419f8a2-5344-445b-9826-ceb6460525a2 has been successfully formatted.
2019-09-26 10:05:54,090 [pool-409-thread-1] INFO  ratis.ContainerStateMachine (ContainerStateMachine.java:loadSnapshot(230)) - group-CEB6460525A2: The snapshot info is null. Setting the last applied indexto:(t:0, i:~)
2019-09-26 10:05:54,090 [pool-409-thread-1] INFO  server.RaftServerConfigKeys (ConfUtils.java:logGet(43)) - raft.server.notification.no-leader.timeout = 120s (custom)
2019-09-26 10:05:54,090 [pool-409-thread-1] INFO  server.RaftServerConfigKeys (ConfUtils.java:logGet(43)) - raft.server.log.use.memory = false (default)
2019-09-26 10:05:54,090 [pool-409-thread-1] INFO  server.RaftServerConfigKeys (ConfUtils.java:logGet(43)) - raft.server.log.purge.gap = 1000000 (custom)
2019-09-26 10:05:54,090 [pool-409-thread-1] INFO  server.RaftServerConfigKeys (ConfUtils.java:logGet(43)) - raft.server.log.appender.buffer.byte-limit = 33554432 (custom)
2019-09-26 10:05:54,090 [pool-409-thread-1] INFO  server.RaftServerConfigKeys (ConfUtils.java:logGet(43)) - raft.server.log.segment.size.max = 1048576 (custom)
2019-09-26 10:05:54,090 [pool-409-thread-1] INFO  server.RaftServerConfigKeys (ConfUtils.java:logGet(43)) - raft.server.log.segment.cache.num.max = 2 (custom)
2019-09-26 10:05:54,091 [pool-409-thread-1] INFO  segmented.SegmentedRaftLogWorker (SegmentedRaftLogWorker.java:<init>(172)) - new 78fc6c82-4831-4601-bfbf-c281d6d238b7@group-CEB6460525A2-SegmentedRaftLogWorker for RaftStorage:Storage Directory /workdir/hadoop-ozone/integration-test/target/test-dir/MiniOzoneClusterImpl-6f19b49f-1ba0-4037-80e1-640204793d9e/datanode-0/data/ratis/a419f8a2-5344-445b-9826-ceb6460525a2
2019-09-26 10:05:54,091 [pool-409-thread-1] INFO  server.RaftServerConfigKeys (ConfUtils.java:logGet(43)) - raft.server.log.queue.byte-limit = 2147483647 (custom)
2019-09-26 10:05:54,091 [pool-409-thread-1] INFO  server.RaftServerConfigKeys (ConfUtils.java:logGet(43)) - raft.server.log.queue.element-limit = 1024 (custom)
2019-09-26 10:05:54,091 [pool-409-thread-1] INFO  server.RaftServerConfigKeys (ConfUtils.java:logGet(43)) - raft.server.log.segment.size.max = 1048576 (custom)
2019-09-26 10:05:54,091 [pool-409-thread-1] INFO  server.RaftServerConfigKeys (ConfUtils.java:logGet(43)) - raft.server.log.preallocated.size = 16384 (custom)
2019-09-26 10:05:54,091 [pool-409-thread-1] INFO  server.RaftServerConfigKeys (ConfUtils.java:logGet(43)) - raft.server.log.write.buffer.size = 33554432 (custom)
2019-09-26 10:05:54,091 [pool-409-thread-1] INFO  server.RaftServerConfigKeys (ConfUtils.java:logGet(43)) - raft.server.log.force.sync.num = 128 (default)
2019-09-26 10:05:54,091 [pool-409-thread-1] INFO  server.RaftServerConfigKeys (ConfUtils.java:logGet(43)) - raft.server.log.statemachine.data.sync = true (default)
2019-09-26 10:05:54,092 [pool-409-thread-1] INFO  server.RaftServerConfigKeys (ConfUtils.java:logGet(43)) - raft.server.log.statemachine.data.sync.timeout = 10s (default)
2019-09-26 10:05:54,092 [pool-409-thread-1] INFO  server.RaftServerConfigKeys (ConfUtils.java:logGet(43)) - raft.server.log.statemachine.data.sync.timeout.retry = -1 (default)
2019-09-26 10:05:54,092 [pool-409-thread-1] INFO  server.RaftServerConfigKeys (ConfUtils.java:logGet(43)) - raft.server.log.statemachine.data.caching.enabled = true (custom)
2019-09-26 10:05:54,092 [pool-409-thread-1] INFO  segmented.SegmentedRaftLogWorker (SegmentedRaftLogWorker.java:lambda$new$0(132)) - 78fc6c82-4831-4601-bfbf-c281d6d238b7@group-CEB6460525A2-SegmentedRaftLogWorker: flushIndex: setUnconditionally 0 -> -1
2019-09-26 10:05:54,092 [pool-409-thread-1] INFO  server.RaftServerConfigKeys (ConfUtils.java:logGet(43)) - raft.server.snapshot.auto.trigger.enabled = true (custom)
2019-09-26 10:05:54,092 [pool-409-thread-1] INFO  server.RaftServerConfigKeys (ConfUtils.java:logGet(43)) - raft.server.snapshot.auto.trigger.threshold = 10000 (custom)
2019-09-26 10:05:54,092 [pool-409-thread-1] INFO  server.RaftServerConfigKeys (ConfUtils.java:logGet(43)) - raft.server.snapshot.retention.num.files = 5 (custom)
2019-09-26 10:05:54,092 [pool-409-thread-1] INFO  server.RaftServerConfigKeys (ConfUtils.java:logGet(43)) - raft.server.retrycache.expirytime = 600000ms (custom)
2019-09-26 10:05:54,094 [pool-409-thread-1] INFO  impl.RaftServerImpl (RaftServerImpl.java:start(185)) - 78fc6c82-4831-4601-bfbf-c281d6d238b7@group-CEB6460525A2: start as a follower, conf=-1: [78fc6c82-4831-4601-bfbf-c281d6d238b7:192.168.30.13:36365], old=null
2019-09-26 10:05:54,094 [pool-409-thread-1] INFO  impl.RaftServerImpl (RaftServerImpl.java:setRole(174)) - 78fc6c82-4831-4601-bfbf-c281d6d238b7@group-CEB6460525A2: changes role from      null to FOLLOWER at term 0 for startAsFollower
2019-09-26 10:05:54,094 [pool-409-thread-1] INFO  impl.RoleInfo (RoleInfo.java:updateAndGet(143)) - 78fc6c82-4831-4601-bfbf-c281d6d238b7: start FollowerState
2019-09-26 10:05:54,094 [pool-409-thread-1] INFO  util.JmxRegister (JmxRegister.java:tryRegister(44)) - Successfully registered JMX Bean with object name Ratis:service=RaftServer,group=group-CEB6460525A2,id=78fc6c82-4831-4601-bfbf-c281d6d238b7
2019-09-26 10:05:54,096 [RatisPipelineUtilsThread] INFO  pipeline.PipelineStateManager (PipelineStateManager.java:addPipeline(56)) - Created pipeline Pipeline[ Id: a419f8a2-5344-445b-9826-ceb6460525a2, Nodes: 78fc6c82-4831-4601-bfbf-c281d6d238b7{ip: 192.168.30.13, host: pr-hdds-1569-wvzgm-824869521, networkLocation: /default-rack, certSerialId: null}, Type:RATIS, Factor:ONE, State:OPEN]
2019-09-26 10:05:54,099 [grpc-default-executor-1] INFO  impl.RaftServerProxy (RaftServerProxy.java:addNew(89)) - 78fc6c82-4831-4601-bfbf-c281d6d238b7: addNew group-F4074985DDAE:[78fc6c82-4831-4601-bfbf-c281d6d238b7:192.168.30.13:36365] returns group-F4074985DDAE:java.util.concurrent.CompletableFuture@54598b2b[Not completed]
2019-09-26 10:05:54,100 [pool-409-thread-1] INFO  impl.RaftServerImpl (RaftServerImpl.java:<init>(95)) - 78fc6c82-4831-4601-bfbf-c281d6d238b7: new RaftServerImpl for group-F4074985DDAE:[78fc6c82-4831-4601-bfbf-c281d6d238b7:192.168.30.13:36365] with ContainerStateMachine:uninitialized
2019-09-26 10:05:54,100 [pool-409-thread-1] INFO  server.RaftServerConfigKeys (ConfUtils.java:logGet(43)) - raft.server.rpc.timeout.min = 5s (custom)
2019-09-26 10:05:54,100 [pool-409-thread-1] INFO  server.RaftServerConfigKeys (ConfUtils.java:logGet(43)) - raft.server.rpc.timeout.max = 5200ms (custom)
2019-09-26 10:05:54,100 [pool-409-thread-1] INFO  server.RaftServerConfigKeys (ConfUtils.java:logGet(43)) - raft.server.rpcslowness.timeout = 120s (custom)
2019-09-26 10:05:54,100 [pool-409-thread-1] INFO  server.RaftServerConfigKeys (ConfUtils.java:logGet(43)) - raft.server.sleep.deviation.threshold = 300 (default)
2019-09-26 10:05:54,100 [pool-409-thread-1] INFO  server.RaftServerConfigKeys (ConfUtils.java:logGet(43)) - raft.server.log.appender.install.snapshot.enabled = false (custom)
2019-09-26 10:05:54,100 [pool-409-thread-1] INFO  impl.RaftServerImpl (ServerState.java:<init>(103)) - 78fc6c82-4831-4601-bfbf-c281d6d238b7@group-F4074985DDAE: ConfigurationManager, init=-1: [78fc6c82-4831-4601-bfbf-c281d6d238b7:192.168.30.13:36365], old=null, confs=<EMPTY_MAP>
2019-09-26 10:05:54,100 [pool-409-thread-1] INFO  server.RaftServerConfigKeys (ConfUtils.java:logGet(43)) - raft.server.storage.dir = [/workdir/hadoop-ozone/integration-test/target/test-dir/MiniOzoneClusterImpl-6f19b49f-1ba0-4037-80e1-640204793d9e/datanode-0/data/ratis] (custom)
2019-09-26 10:05:54,101 [pool-409-thread-1] INFO  storage.RaftStorageDirectory (RaftStorageDirectory.java:analyzeStorage(246)) - The storage directory /workdir/hadoop-ozone/integration-test/target/test-dir/MiniOzoneClusterImpl-6f19b49f-1ba0-4037-80e1-640204793d9e/datanode-0/data/ratis/8a17aee4-b4fd-43cd-b6ac-f4074985ddae does not exist. Creating ...
2019-09-26 10:05:54,108 [pool-409-thread-1] INFO  storage.RaftStorageDirectory (RaftStorageDirectory.java:tryLock(328)) - Lock on /workdir/hadoop-ozone/integration-test/target/test-dir/MiniOzoneClusterImpl-6f19b49f-1ba0-4037-80e1-640204793d9e/datanode-0/data/ratis/8a17aee4-b4fd-43cd-b6ac-f4074985ddae/in_use.lock acquired by nodename 19604@pr-hdds-1569-wvzgm-824869521
2019-09-26 10:05:54,112 [pool-409-thread-1] INFO  storage.RaftStorage (RaftStorage.java:format(72)) - Storage directory /workdir/hadoop-ozone/integration-test/target/test-dir/MiniOzoneClusterImpl-6f19b49f-1ba0-4037-80e1-640204793d9e/datanode-0/data/ratis/8a17aee4-b4fd-43cd-b6ac-f4074985ddae has been successfully formatted.
2019-09-26 10:05:54,112 [pool-409-thread-1] INFO  ratis.ContainerStateMachine (ContainerStateMachine.java:loadSnapshot(230)) - group-F4074985DDAE: The snapshot info is null. Setting the last applied indexto:(t:0, i:~)
2019-09-26 10:05:54,112 [pool-409-thread-1] INFO  server.RaftServerConfigKeys (ConfUtils.java:logGet(43)) - raft.server.notification.no-leader.timeout = 120s (custom)
2019-09-26 10:05:54,112 [pool-409-thread-1] INFO  server.RaftServerConfigKeys (ConfUtils.java:logGet(43)) - raft.server.log.use.memory = false (default)
2019-09-26 10:05:54,112 [pool-409-thread-1] INFO  server.RaftServerConfigKeys (ConfUtils.java:logGet(43)) - raft.server.log.purge.gap = 1000000 (custom)
2019-09-26 10:05:54,112 [pool-409-thread-1] INFO  server.RaftServerConfigKeys (ConfUtils.java:logGet(43)) - raft.server.log.appender.buffer.byte-limit = 33554432 (custom)
2019-09-26 10:05:54,112 [pool-409-thread-1] INFO  server.RaftServerConfigKeys (ConfUtils.java:logGet(43)) - raft.server.log.segment.size.max = 1048576 (custom)
2019-09-26 10:05:54,113 [pool-409-thread-1] INFO  server.RaftServerConfigKeys (ConfUtils.java:logGet(43)) - raft.server.log.segment.cache.num.max = 2 (custom)
2019-09-26 10:05:54,113 [pool-409-thread-1] INFO  segmented.SegmentedRaftLogWorker (SegmentedRaftLogWorker.java:<init>(172)) - new 78fc6c82-4831-4601-bfbf-c281d6d238b7@group-F4074985DDAE-SegmentedRaftLogWorker for RaftStorage:Storage Directory /workdir/hadoop-ozone/integration-test/target/test-dir/MiniOzoneClusterImpl-6f19b49f-1ba0-4037-80e1-640204793d9e/datanode-0/data/ratis/8a17aee4-b4fd-43cd-b6ac-f4074985ddae
2019-09-26 10:05:54,113 [pool-409-thread-1] INFO  server.RaftServerConfigKeys (ConfUtils.java:logGet(43)) - raft.server.log.queue.byte-limit = 2147483647 (custom)
2019-09-26 10:05:54,113 [pool-409-thread-1] INFO  server.RaftServerConfigKeys (ConfUtils.java:logGet(43)) - raft.server.log.queue.element-limit = 1024 (custom)
2019-09-26 10:05:54,113 [pool-409-thread-1] INFO  server.RaftServerConfigKeys (ConfUtils.java:logGet(43)) - raft.server.log.segment.size.max = 1048576 (custom)
2019-09-26 10:05:54,113 [pool-409-thread-1] INFO  server.RaftServerConfigKeys (ConfUtils.java:logGet(43)) - raft.server.log.preallocated.size = 16384 (custom)
2019-09-26 10:05:54,113 [pool-409-thread-1] INFO  server.RaftServerConfigKeys (ConfUtils.java:logGet(43)) - raft.server.log.write.buffer.size = 33554432 (custom)
2019-09-26 10:05:54,113 [pool-409-thread-1] INFO  server.RaftServerConfigKeys (ConfUtils.java:logGet(43)) - raft.server.log.force.sync.num = 128 (default)
2019-09-26 10:05:54,113 [pool-409-thread-1] INFO  server.RaftServerConfigKeys (ConfUtils.java:logGet(43)) - raft.server.log.statemachine.data.sync = true (default)
2019-09-26 10:05:54,114 [pool-409-thread-1] INFO  server.RaftServerConfigKeys (ConfUtils.java:logGet(43)) - raft.server.log.statemachine.data.sync.timeout = 10s (default)
2019-09-26 10:05:54,114 [pool-409-thread-1] INFO  server.RaftServerConfigKeys (ConfUtils.java:logGet(43)) - raft.server.log.statemachine.data.sync.timeout.retry = -1 (default)
2019-09-26 10:05:54,114 [pool-409-thread-1] INFO  server.RaftServerConfigKeys (ConfUtils.java:logGet(43)) - raft.server.log.statemachine.data.caching.enabled = true (custom)
2019-09-26 10:05:54,114 [pool-409-thread-1] INFO  segmented.SegmentedRaftLogWorker (SegmentedRaftLogWorker.java:lambda$new$0(132)) - 78fc6c82-4831-4601-bfbf-c281d6d238b7@group-F4074985DDAE-SegmentedRaftLogWorker: flushIndex: setUnconditionally 0 -> -1
2019-09-26 10:05:54,114 [pool-409-thread-1] INFO  server.RaftServerConfigKeys (ConfUtils.java:logGet(43)) - raft.server.snapshot.auto.trigger.enabled = true (custom)
2019-09-26 10:05:54,114 [pool-409-thread-1] INFO  server.RaftServerConfigKeys (ConfUtils.java:logGet(43)) - raft.server.snapshot.auto.trigger.threshold = 10000 (custom)
2019-09-26 10:05:54,114 [pool-409-thread-1] INFO  server.RaftServerConfigKeys (ConfUtils.java:logGet(43)) - raft.server.snapshot.retention.num.files = 5 (custom)
2019-09-26 10:05:54,115 [pool-409-thread-1] INFO  server.RaftServerConfigKeys (ConfUtils.java:logGet(43)) - raft.server.retrycache.expirytime = 600000ms (custom)
2019-09-26 10:05:54,116 [pool-409-thread-1] INFO  impl.RaftServerImpl (RaftServerImpl.java:start(185)) - 78fc6c82-4831-4601-bfbf-c281d6d238b7@group-F4074985DDAE: start as a follower, conf=-1: [78fc6c82-4831-4601-bfbf-c281d6d238b7:192.168.30.13:36365], old=null
2019-09-26 10:05:54,116 [pool-409-thread-1] INFO  impl.RaftServerImpl (RaftServerImpl.java:setRole(174)) - 78fc6c82-4831-4601-bfbf-c281d6d238b7@group-F4074985DDAE: changes role from      null to FOLLOWER at term 0 for startAsFollower
2019-09-26 10:05:54,116 [pool-409-thread-1] INFO  impl.RoleInfo (RoleInfo.java:updateAndGet(143)) - 78fc6c82-4831-4601-bfbf-c281d6d238b7: start FollowerState
2019-09-26 10:05:54,116 [pool-409-thread-1] INFO  util.JmxRegister (JmxRegister.java:tryRegister(44)) - Successfully registered JMX Bean with object name Ratis:service=RaftServer,group=group-F4074985DDAE,id=78fc6c82-4831-4601-bfbf-c281d6d238b7
2019-09-26 10:05:54,118 [RatisPipelineUtilsThread] INFO  pipeline.PipelineStateManager (PipelineStateManager.java:addPipeline(56)) - Created pipeline Pipeline[ Id: 8a17aee4-b4fd-43cd-b6ac-f4074985ddae, Nodes: 78fc6c82-4831-4601-bfbf-c281d6d238b7{ip: 192.168.30.13, host: pr-hdds-1569-wvzgm-824869521, networkLocation: /default-rack, certSerialId: null}, Type:RATIS, Factor:ONE, State:OPEN]
2019-09-26 10:05:54,124 [grpc-default-executor-1] INFO  impl.RaftServerProxy (RaftServerProxy.java:addNew(89)) - 830a81b3-f833-43ed-8e64-f2525410bb9b: addNew group-741DB518E1DD:[830a81b3-f833-43ed-8e64-f2525410bb9b:192.168.30.13:33698] returns group-741DB518E1DD:java.util.concurrent.CompletableFuture@5f8de5a3[Not completed]
2019-09-26 10:05:54,125 [pool-429-thread-1] INFO  impl.RaftServerImpl (RaftServerImpl.java:<init>(95)) - 830a81b3-f833-43ed-8e64-f2525410bb9b: new RaftServerImpl for group-741DB518E1DD:[830a81b3-f833-43ed-8e64-f2525410bb9b:192.168.30.13:33698] with ContainerStateMachine:uninitialized
2019-09-26 10:05:54,125 [pool-429-thread-1] INFO  server.RaftServerConfigKeys (ConfUtils.java:logGet(43)) - raft.server.rpc.timeout.min = 5s (custom)
2019-09-26 10:05:54,125 [pool-429-thread-1] INFO  server.RaftServerConfigKeys (ConfUtils.java:logGet(43)) - raft.server.rpc.timeout.max = 5200ms (custom)
2019-09-26 10:05:54,125 [pool-429-thread-1] INFO  server.RaftServerConfigKeys (ConfUtils.java:logGet(43)) - raft.server.rpcslowness.timeout = 120s (custom)
2019-09-26 10:05:54,125 [pool-429-thread-1] INFO  server.RaftServerConfigKeys (ConfUtils.java:logGet(43)) - raft.server.sleep.deviation.threshold = 300 (default)
2019-09-26 10:05:54,126 [pool-429-thread-1] INFO  server.RaftServerConfigKeys (ConfUtils.java:logGet(43)) - raft.server.log.appender.install.snapshot.enabled = false (custom)
2019-09-26 10:05:54,126 [pool-429-thread-1] INFO  impl.RaftServerImpl (ServerState.java:<init>(103)) - 830a81b3-f833-43ed-8e64-f2525410bb9b@group-741DB518E1DD: ConfigurationManager, init=-1: [830a81b3-f833-43ed-8e64-f2525410bb9b:192.168.30.13:33698], old=null, confs=<EMPTY_MAP>
2019-09-26 10:05:54,126 [pool-429-thread-1] INFO  server.RaftServerConfigKeys (ConfUtils.java:logGet(43)) - raft.server.storage.dir = [/workdir/hadoop-ozone/integration-test/target/test-dir/MiniOzoneClusterImpl-6f19b49f-1ba0-4037-80e1-640204793d9e/datanode-2/data/ratis] (custom)
2019-09-26 10:05:54,126 [pool-429-thread-1] INFO  storage.RaftStorageDirectory (RaftStorageDirectory.java:analyzeStorage(246)) - The storage directory /workdir/hadoop-ozone/integration-test/target/test-dir/MiniOzoneClusterImpl-6f19b49f-1ba0-4037-80e1-640204793d9e/datanode-2/data/ratis/f38d6517-ff0a-43eb-b378-741db518e1dd does not exist. Creating ...
2019-09-26 10:05:54,138 [pool-429-thread-1] INFO  storage.RaftStorageDirectory (RaftStorageDirectory.java:tryLock(328)) - Lock on /workdir/hadoop-ozone/integration-test/target/test-dir/MiniOzoneClusterImpl-6f19b49f-1ba0-4037-80e1-640204793d9e/datanode-2/data/ratis/f38d6517-ff0a-43eb-b378-741db518e1dd/in_use.lock acquired by nodename 19604@pr-hdds-1569-wvzgm-824869521
2019-09-26 10:05:54,141 [pool-429-thread-1] INFO  storage.RaftStorage (RaftStorage.java:format(72)) - Storage directory /workdir/hadoop-ozone/integration-test/target/test-dir/MiniOzoneClusterImpl-6f19b49f-1ba0-4037-80e1-640204793d9e/datanode-2/data/ratis/f38d6517-ff0a-43eb-b378-741db518e1dd has been successfully formatted.
2019-09-26 10:05:54,142 [pool-429-thread-1] INFO  ratis.ContainerStateMachine (ContainerStateMachine.java:loadSnapshot(230)) - group-741DB518E1DD: The snapshot info is null. Setting the last applied indexto:(t:0, i:~)
2019-09-26 10:05:54,142 [pool-429-thread-1] INFO  server.RaftServerConfigKeys (ConfUtils.java:logGet(43)) - raft.server.notification.no-leader.timeout = 120s (custom)
2019-09-26 10:05:54,142 [pool-429-thread-1] INFO  server.RaftServerConfigKeys (ConfUtils.java:logGet(43)) - raft.server.log.use.memory = false (default)
2019-09-26 10:05:54,142 [pool-429-thread-1] INFO  server.RaftServerConfigKeys (ConfUtils.java:logGet(43)) - raft.server.log.purge.gap = 1000000 (custom)
2019-09-26 10:05:54,142 [pool-429-thread-1] INFO  server.RaftServerConfigKeys (ConfUtils.java:logGet(43)) - raft.server.log.appender.buffer.byte-limit = 33554432 (custom)
2019-09-26 10:05:54,142 [pool-429-thread-1] INFO  server.RaftServerConfigKeys (ConfUtils.java:logGet(43)) - raft.server.log.segment.size.max = 1048576 (custom)
2019-09-26 10:05:54,142 [pool-429-thread-1] INFO  server.RaftServerConfigKeys (ConfUtils.java:logGet(43)) - raft.server.log.segment.cache.num.max = 2 (custom)
2019-09-26 10:05:54,142 [pool-429-thread-1] INFO  segmented.SegmentedRaftLogWorker (SegmentedRaftLogWorker.java:<init>(172)) - new 830a81b3-f833-43ed-8e64-f2525410bb9b@group-741DB518E1DD-SegmentedRaftLogWorker for RaftStorage:Storage Directory /workdir/hadoop-ozone/integration-test/target/test-dir/MiniOzoneClusterImpl-6f19b49f-1ba0-4037-80e1-640204793d9e/datanode-2/data/ratis/f38d6517-ff0a-43eb-b378-741db518e1dd
2019-09-26 10:05:54,144 [pool-429-thread-1] INFO  server.RaftServerConfigKeys (ConfUtils.java:logGet(43)) - raft.server.log.queue.byte-limit = 2147483647 (custom)
2019-09-26 10:05:54,144 [pool-429-thread-1] INFO  server.RaftServerConfigKeys (ConfUtils.java:logGet(43)) - raft.server.log.queue.element-limit = 1024 (custom)
2019-09-26 10:05:54,144 [pool-429-thread-1] INFO  server.RaftServerConfigKeys (ConfUtils.java:logGet(43)) - raft.server.log.segment.size.max = 1048576 (custom)
2019-09-26 10:05:54,144 [pool-429-thread-1] INFO  server.RaftServerConfigKeys (ConfUtils.java:logGet(43)) - raft.server.log.preallocated.size = 16384 (custom)
2019-09-26 10:05:54,144 [pool-429-thread-1] INFO  server.RaftServerConfigKeys (ConfUtils.java:logGet(43)) - raft.server.log.write.buffer.size = 33554432 (custom)
2019-09-26 10:05:54,144 [pool-429-thread-1] INFO  server.RaftServerConfigKeys (ConfUtils.java:logGet(43)) - raft.server.log.force.sync.num = 128 (default)
2019-09-26 10:05:54,144 [pool-429-thread-1] INFO  server.RaftServerConfigKeys (ConfUtils.java:logGet(43)) - raft.server.log.statemachine.data.sync = true (default)
2019-09-26 10:05:54,144 [pool-429-thread-1] INFO  server.RaftServerConfigKeys (ConfUtils.java:logGet(43)) - raft.server.log.statemachine.data.sync.timeout = 10s (default)
2019-09-26 10:05:54,144 [pool-429-thread-1] INFO  server.RaftServerConfigKeys (ConfUtils.java:logGet(43)) - raft.server.log.statemachine.data.sync.timeout.retry = -1 (default)
2019-09-26 10:05:54,145 [pool-429-thread-1] INFO  server.RaftServerConfigKeys (ConfUtils.java:logGet(43)) - raft.server.log.statemachine.data.caching.enabled = true (custom)
2019-09-26 10:05:54,145 [pool-429-thread-1] INFO  segmented.SegmentedRaftLogWorker (SegmentedRaftLogWorker.java:lambda$new$0(132)) - 830a81b3-f833-43ed-8e64-f2525410bb9b@group-741DB518E1DD-SegmentedRaftLogWorker: flushIndex: setUnconditionally 0 -> -1
2019-09-26 10:05:54,145 [pool-429-thread-1] INFO  server.RaftServerConfigKeys (ConfUtils.java:logGet(43)) - raft.server.snapshot.auto.trigger.enabled = true (custom)
2019-09-26 10:05:54,145 [pool-429-thread-1] INFO  server.RaftServerConfigKeys (ConfUtils.java:logGet(43)) - raft.server.snapshot.auto.trigger.threshold = 10000 (custom)
2019-09-26 10:05:54,145 [pool-429-thread-1] INFO  server.RaftServerConfigKeys (ConfUtils.java:logGet(43)) - raft.server.snapshot.retention.num.files = 5 (custom)
2019-09-26 10:05:54,145 [pool-429-thread-1] INFO  server.RaftServerConfigKeys (ConfUtils.java:logGet(43)) - raft.server.retrycache.expirytime = 600000ms (custom)
2019-09-26 10:05:54,147 [pool-429-thread-1] INFO  impl.RaftServerImpl (RaftServerImpl.java:start(185)) - 830a81b3-f833-43ed-8e64-f2525410bb9b@group-741DB518E1DD: start as a follower, conf=-1: [830a81b3-f833-43ed-8e64-f2525410bb9b:192.168.30.13:33698], old=null
2019-09-26 10:05:54,147 [pool-429-thread-1] INFO  impl.RaftServerImpl (RaftServerImpl.java:setRole(174)) - 830a81b3-f833-43ed-8e64-f2525410bb9b@group-741DB518E1DD: changes role from      null to FOLLOWER at term 0 for startAsFollower
2019-09-26 10:05:54,147 [pool-429-thread-1] INFO  impl.RoleInfo (RoleInfo.java:updateAndGet(143)) - 830a81b3-f833-43ed-8e64-f2525410bb9b: start FollowerState
2019-09-26 10:05:54,147 [pool-429-thread-1] INFO  util.JmxRegister (JmxRegister.java:tryRegister(44)) - Successfully registered JMX Bean with object name Ratis:service=RaftServer,group=group-741DB518E1DD,id=830a81b3-f833-43ed-8e64-f2525410bb9b
2019-09-26 10:05:54,149 [RatisPipelineUtilsThread] INFO  pipeline.PipelineStateManager (PipelineStateManager.java:addPipeline(56)) - Created pipeline Pipeline[ Id: f38d6517-ff0a-43eb-b378-741db518e1dd, Nodes: 830a81b3-f833-43ed-8e64-f2525410bb9b{ip: 192.168.30.13, host: pr-hdds-1569-wvzgm-824869521, networkLocation: /default-rack, certSerialId: null}, Type:RATIS, Factor:ONE, State:OPEN]
2019-09-26 10:05:54,152 [grpc-default-executor-1] INFO  impl.RaftServerProxy (RaftServerProxy.java:addNew(89)) - 78fc6c82-4831-4601-bfbf-c281d6d238b7: addNew group-970024D6B6EB:[78fc6c82-4831-4601-bfbf-c281d6d238b7:192.168.30.13:36365] returns group-970024D6B6EB:java.util.concurrent.CompletableFuture@15a7e96c[Not completed]
2019-09-26 10:05:54,153 [pool-409-thread-1] INFO  impl.RaftServerImpl (RaftServerImpl.java:<init>(95)) - 78fc6c82-4831-4601-bfbf-c281d6d238b7: new RaftServerImpl for group-970024D6B6EB:[78fc6c82-4831-4601-bfbf-c281d6d238b7:192.168.30.13:36365] with ContainerStateMachine:uninitialized
2019-09-26 10:05:54,153 [pool-409-thread-1] INFO  server.RaftServerConfigKeys (ConfUtils.java:logGet(43)) - raft.server.rpc.timeout.min = 5s (custom)
2019-09-26 10:05:54,153 [pool-409-thread-1] INFO  server.RaftServerConfigKeys (ConfUtils.java:logGet(43)) - raft.server.rpc.timeout.max = 5200ms (custom)
2019-09-26 10:05:54,153 [pool-409-thread-1] INFO  server.RaftServerConfigKeys (ConfUtils.java:logGet(43)) - raft.server.rpcslowness.timeout = 120s (custom)
2019-09-26 10:05:54,153 [pool-409-thread-1] INFO  server.RaftServerConfigKeys (ConfUtils.java:logGet(43)) - raft.server.sleep.deviation.threshold = 300 (default)
2019-09-26 10:05:54,154 [pool-409-thread-1] INFO  server.RaftServerConfigKeys (ConfUtils.java:logGet(43)) - raft.server.log.appender.install.snapshot.enabled = false (custom)
2019-09-26 10:05:54,154 [pool-409-thread-1] INFO  impl.RaftServerImpl (ServerState.java:<init>(103)) - 78fc6c82-4831-4601-bfbf-c281d6d238b7@group-970024D6B6EB: ConfigurationManager, init=-1: [78fc6c82-4831-4601-bfbf-c281d6d238b7:192.168.30.13:36365], old=null, confs=<EMPTY_MAP>
2019-09-26 10:05:54,154 [pool-409-thread-1] INFO  server.RaftServerConfigKeys (ConfUtils.java:logGet(43)) - raft.server.storage.dir = [/workdir/hadoop-ozone/integration-test/target/test-dir/MiniOzoneClusterImpl-6f19b49f-1ba0-4037-80e1-640204793d9e/datanode-0/data/ratis] (custom)
2019-09-26 10:05:54,154 [pool-409-thread-1] INFO  storage.RaftStorageDirectory (RaftStorageDirectory.java:analyzeStorage(246)) - The storage directory /workdir/hadoop-ozone/integration-test/target/test-dir/MiniOzoneClusterImpl-6f19b49f-1ba0-4037-80e1-640204793d9e/datanode-0/data/ratis/aa2011fa-790e-42ec-9d06-970024d6b6eb does not exist. Creating ...
2019-09-26 10:05:54,166 [pool-409-thread-1] INFO  storage.RaftStorageDirectory (RaftStorageDirectory.java:tryLock(328)) - Lock on /workdir/hadoop-ozone/integration-test/target/test-dir/MiniOzoneClusterImpl-6f19b49f-1ba0-4037-80e1-640204793d9e/datanode-0/data/ratis/aa2011fa-790e-42ec-9d06-970024d6b6eb/in_use.lock acquired by nodename 19604@pr-hdds-1569-wvzgm-824869521
2019-09-26 10:05:54,168 [IPC Server handler 5 on 46518] INFO  net.NetworkTopology (NetworkTopologyImpl.java:add(111)) - Added a new node: /default-rack/db227204-214e-44d9-8d16-8c4813e40a58
2019-09-26 10:05:54,168 [IPC Server handler 5 on 46518] INFO  node.SCMNodeManager (SCMNodeManager.java:register(266)) - Registered Data node : db227204-214e-44d9-8d16-8c4813e40a58{ip: 192.168.30.13, host: pr-hdds-1569-wvzgm-824869521, networkLocation: /default-rack, certSerialId: null}
2019-09-26 10:05:54,205 [pool-409-thread-1] INFO  storage.RaftStorage (RaftStorage.java:format(72)) - Storage directory /workdir/hadoop-ozone/integration-test/target/test-dir/MiniOzoneClusterImpl-6f19b49f-1ba0-4037-80e1-640204793d9e/datanode-0/data/ratis/aa2011fa-790e-42ec-9d06-970024d6b6eb has been successfully formatted.
2019-09-26 10:05:54,205 [pool-409-thread-1] INFO  ratis.ContainerStateMachine (ContainerStateMachine.java:loadSnapshot(230)) - group-970024D6B6EB: The snapshot info is null. Setting the last applied indexto:(t:0, i:~)
2019-09-26 10:05:54,205 [pool-409-thread-1] INFO  server.RaftServerConfigKeys (ConfUtils.java:logGet(43)) - raft.server.notification.no-leader.timeout = 120s (custom)
2019-09-26 10:05:54,206 [pool-409-thread-1] INFO  server.RaftServerConfigKeys (ConfUtils.java:logGet(43)) - raft.server.log.use.memory = false (default)
2019-09-26 10:05:54,206 [pool-409-thread-1] INFO  server.RaftServerConfigKeys (ConfUtils.java:logGet(43)) - raft.server.log.purge.gap = 1000000 (custom)
2019-09-26 10:05:54,206 [pool-409-thread-1] INFO  server.RaftServerConfigKeys (ConfUtils.java:logGet(43)) - raft.server.log.appender.buffer.byte-limit = 33554432 (custom)
2019-09-26 10:05:54,206 [pool-409-thread-1] INFO  server.RaftServerConfigKeys (ConfUtils.java:logGet(43)) - raft.server.log.segment.size.max = 1048576 (custom)
2019-09-26 10:05:54,206 [pool-409-thread-1] INFO  server.RaftServerConfigKeys (ConfUtils.java:logGet(43)) - raft.server.log.segment.cache.num.max = 2 (custom)
2019-09-26 10:05:54,206 [pool-409-thread-1] INFO  segmented.SegmentedRaftLogWorker (SegmentedRaftLogWorker.java:<init>(172)) - new 78fc6c82-4831-4601-bfbf-c281d6d238b7@group-970024D6B6EB-SegmentedRaftLogWorker for RaftStorage:Storage Directory /workdir/hadoop-ozone/integration-test/target/test-dir/MiniOzoneClusterImpl-6f19b49f-1ba0-4037-80e1-640204793d9e/datanode-0/data/ratis/aa2011fa-790e-42ec-9d06-970024d6b6eb
2019-09-26 10:05:54,206 [pool-409-thread-1] INFO  server.RaftServerConfigKeys (ConfUtils.java:logGet(43)) - raft.server.log.queue.byte-limit = 2147483647 (custom)
2019-09-26 10:05:54,206 [pool-409-thread-1] INFO  server.RaftServerConfigKeys (ConfUtils.java:logGet(43)) - raft.server.log.queue.element-limit = 1024 (custom)
2019-09-26 10:05:54,206 [pool-409-thread-1] INFO  server.RaftServerConfigKeys (ConfUtils.java:logGet(43)) - raft.server.log.segment.size.max = 1048576 (custom)
2019-09-26 10:05:54,207 [pool-409-thread-1] INFO  server.RaftServerConfigKeys (ConfUtils.java:logGet(43)) - raft.server.log.preallocated.size = 16384 (custom)
2019-09-26 10:05:54,207 [pool-409-thread-1] INFO  server.RaftServerConfigKeys (ConfUtils.java:logGet(43)) - raft.server.log.write.buffer.size = 33554432 (custom)
2019-09-26 10:05:54,207 [pool-409-thread-1] INFO  server.RaftServerConfigKeys (ConfUtils.java:logGet(43)) - raft.server.log.force.sync.num = 128 (default)
2019-09-26 10:05:54,207 [pool-409-thread-1] INFO  server.RaftServerConfigKeys (ConfUtils.java:logGet(43)) - raft.server.log.statemachine.data.sync = true (default)
2019-09-26 10:05:54,207 [pool-409-thread-1] INFO  server.RaftServerConfigKeys (ConfUtils.java:logGet(43)) - raft.server.log.statemachine.data.sync.timeout = 10s (default)
2019-09-26 10:05:54,207 [pool-409-thread-1] INFO  server.RaftServerConfigKeys (ConfUtils.java:logGet(43)) - raft.server.log.statemachine.data.sync.timeout.retry = -1 (default)
2019-09-26 10:05:54,207 [pool-409-thread-1] INFO  server.RaftServerConfigKeys (ConfUtils.java:logGet(43)) - raft.server.log.statemachine.data.caching.enabled = true (custom)
2019-09-26 10:05:54,207 [pool-409-thread-1] INFO  segmented.SegmentedRaftLogWorker (SegmentedRaftLogWorker.java:lambda$new$0(132)) - 78fc6c82-4831-4601-bfbf-c281d6d238b7@group-970024D6B6EB-SegmentedRaftLogWorker: flushIndex: setUnconditionally 0 -> -1
2019-09-26 10:05:54,208 [pool-409-thread-1] INFO  server.RaftServerConfigKeys (ConfUtils.java:logGet(43)) - raft.server.snapshot.auto.trigger.enabled = true (custom)
2019-09-26 10:05:54,208 [pool-409-thread-1] INFO  server.RaftServerConfigKeys (ConfUtils.java:logGet(43)) - raft.server.snapshot.auto.trigger.threshold = 10000 (custom)
2019-09-26 10:05:54,208 [pool-409-thread-1] INFO  server.RaftServerConfigKeys (ConfUtils.java:logGet(43)) - raft.server.snapshot.retention.num.files = 5 (custom)
2019-09-26 10:05:54,208 [pool-409-thread-1] INFO  server.RaftServerConfigKeys (ConfUtils.java:logGet(43)) - raft.server.retrycache.expirytime = 600000ms (custom)
2019-09-26 10:05:54,209 [pool-409-thread-1] INFO  impl.RaftServerImpl (RaftServerImpl.java:start(185)) - 78fc6c82-4831-4601-bfbf-c281d6d238b7@group-970024D6B6EB: start as a follower, conf=-1: [78fc6c82-4831-4601-bfbf-c281d6d238b7:192.168.30.13:36365], old=null
2019-09-26 10:05:54,209 [pool-409-thread-1] INFO  impl.RaftServerImpl (RaftServerImpl.java:setRole(174)) - 78fc6c82-4831-4601-bfbf-c281d6d238b7@group-970024D6B6EB: changes role from      null to FOLLOWER at term 0 for startAsFollower
2019-09-26 10:05:54,209 [pool-409-thread-1] INFO  impl.RoleInfo (RoleInfo.java:updateAndGet(143)) - 78fc6c82-4831-4601-bfbf-c281d6d238b7: start FollowerState
2019-09-26 10:05:54,209 [pool-409-thread-1] INFO  util.JmxRegister (JmxRegister.java:tryRegister(44)) - Successfully registered JMX Bean with object name Ratis:service=RaftServer,group=group-970024D6B6EB,id=78fc6c82-4831-4601-bfbf-c281d6d238b7
2019-09-26 10:05:54,212 [RatisPipelineUtilsThread] INFO  pipeline.PipelineStateManager (PipelineStateManager.java:addPipeline(56)) - Created pipeline Pipeline[ Id: aa2011fa-790e-42ec-9d06-970024d6b6eb, Nodes: 78fc6c82-4831-4601-bfbf-c281d6d238b7{ip: 192.168.30.13, host: pr-hdds-1569-wvzgm-824869521, networkLocation: /default-rack, certSerialId: null}, Type:RATIS, Factor:ONE, State:OPEN]
2019-09-26 10:05:54,215 [grpc-default-executor-1] INFO  impl.RaftServerProxy (RaftServerProxy.java:addNew(89)) - 78fc6c82-4831-4601-bfbf-c281d6d238b7: addNew group-6A92CA8DA770:[78fc6c82-4831-4601-bfbf-c281d6d238b7:192.168.30.13:36365] returns group-6A92CA8DA770:java.util.concurrent.CompletableFuture@30090[Not completed]
2019-09-26 10:05:54,216 [pool-409-thread-1] INFO  impl.RaftServerImpl (RaftServerImpl.java:<init>(95)) - 78fc6c82-4831-4601-bfbf-c281d6d238b7: new RaftServerImpl for group-6A92CA8DA770:[78fc6c82-4831-4601-bfbf-c281d6d238b7:192.168.30.13:36365] with ContainerStateMachine:uninitialized
2019-09-26 10:05:54,216 [pool-409-thread-1] INFO  server.RaftServerConfigKeys (ConfUtils.java:logGet(43)) - raft.server.rpc.timeout.min = 5s (custom)
2019-09-26 10:05:54,216 [pool-409-thread-1] INFO  server.RaftServerConfigKeys (ConfUtils.java:logGet(43)) - raft.server.rpc.timeout.max = 5200ms (custom)
2019-09-26 10:05:54,216 [pool-409-thread-1] INFO  server.RaftServerConfigKeys (ConfUtils.java:logGet(43)) - raft.server.rpcslowness.timeout = 120s (custom)
2019-09-26 10:05:54,216 [pool-409-thread-1] INFO  server.RaftServerConfigKeys (ConfUtils.java:logGet(43)) - raft.server.sleep.deviation.threshold = 300 (default)
2019-09-26 10:05:54,216 [pool-409-thread-1] INFO  server.RaftServerConfigKeys (ConfUtils.java:logGet(43)) - raft.server.log.appender.install.snapshot.enabled = false (custom)
2019-09-26 10:05:54,216 [pool-409-thread-1] INFO  impl.RaftServerImpl (ServerState.java:<init>(103)) - 78fc6c82-4831-4601-bfbf-c281d6d238b7@group-6A92CA8DA770: ConfigurationManager, init=-1: [78fc6c82-4831-4601-bfbf-c281d6d238b7:192.168.30.13:36365], old=null, confs=<EMPTY_MAP>
2019-09-26 10:05:54,217 [pool-409-thread-1] INFO  server.RaftServerConfigKeys (ConfUtils.java:logGet(43)) - raft.server.storage.dir = [/workdir/hadoop-ozone/integration-test/target/test-dir/MiniOzoneClusterImpl-6f19b49f-1ba0-4037-80e1-640204793d9e/datanode-0/data/ratis] (custom)
2019-09-26 10:05:54,217 [pool-409-thread-1] INFO  storage.RaftStorageDirectory (RaftStorageDirectory.java:analyzeStorage(246)) - The storage directory /workdir/hadoop-ozone/integration-test/target/test-dir/MiniOzoneClusterImpl-6f19b49f-1ba0-4037-80e1-640204793d9e/datanode-0/data/ratis/1673e1be-924f-4a32-bbcf-6a92ca8da770 does not exist. Creating ...
2019-09-26 10:05:54,221 [pool-409-thread-1] INFO  storage.RaftStorageDirectory (RaftStorageDirectory.java:tryLock(328)) - Lock on /workdir/hadoop-ozone/integration-test/target/test-dir/MiniOzoneClusterImpl-6f19b49f-1ba0-4037-80e1-640204793d9e/datanode-0/data/ratis/1673e1be-924f-4a32-bbcf-6a92ca8da770/in_use.lock acquired by nodename 19604@pr-hdds-1569-wvzgm-824869521
2019-09-26 10:05:54,225 [pool-409-thread-1] INFO  storage.RaftStorage (RaftStorage.java:format(72)) - Storage directory /workdir/hadoop-ozone/integration-test/target/test-dir/MiniOzoneClusterImpl-6f19b49f-1ba0-4037-80e1-640204793d9e/datanode-0/data/ratis/1673e1be-924f-4a32-bbcf-6a92ca8da770 has been successfully formatted.
2019-09-26 10:05:54,225 [pool-409-thread-1] INFO  ratis.ContainerStateMachine (ContainerStateMachine.java:loadSnapshot(230)) - group-6A92CA8DA770: The snapshot info is null. Setting the last applied indexto:(t:0, i:~)
2019-09-26 10:05:54,225 [pool-409-thread-1] INFO  server.RaftServerConfigKeys (ConfUtils.java:logGet(43)) - raft.server.notification.no-leader.timeout = 120s (custom)
2019-09-26 10:05:54,226 [pool-409-thread-1] INFO  server.RaftServerConfigKeys (ConfUtils.java:logGet(43)) - raft.server.log.use.memory = false (default)
2019-09-26 10:05:54,226 [pool-409-thread-1] INFO  server.RaftServerConfigKeys (ConfUtils.java:logGet(43)) - raft.server.log.purge.gap = 1000000 (custom)
2019-09-26 10:05:54,226 [pool-409-thread-1] INFO  server.RaftServerConfigKeys (ConfUtils.java:logGet(43)) - raft.server.log.appender.buffer.byte-limit = 33554432 (custom)
2019-09-26 10:05:54,226 [pool-409-thread-1] INFO  server.RaftServerConfigKeys (ConfUtils.java:logGet(43)) - raft.server.log.segment.size.max = 1048576 (custom)
2019-09-26 10:05:54,226 [pool-409-thread-1] INFO  server.RaftServerConfigKeys (ConfUtils.java:logGet(43)) - raft.server.log.segment.cache.num.max = 2 (custom)
2019-09-26 10:05:54,226 [pool-409-thread-1] INFO  segmented.SegmentedRaftLogWorker (SegmentedRaftLogWorker.java:<init>(172)) - new 78fc6c82-4831-4601-bfbf-c281d6d238b7@group-6A92CA8DA770-SegmentedRaftLogWorker for RaftStorage:Storage Directory /workdir/hadoop-ozone/integration-test/target/test-dir/MiniOzoneClusterImpl-6f19b49f-1ba0-4037-80e1-640204793d9e/datanode-0/data/ratis/1673e1be-924f-4a32-bbcf-6a92ca8da770
2019-09-26 10:05:54,226 [pool-409-thread-1] INFO  server.RaftServerConfigKeys (ConfUtils.java:logGet(43)) - raft.server.log.queue.byte-limit = 2147483647 (custom)
2019-09-26 10:05:54,226 [pool-409-thread-1] INFO  server.RaftServerConfigKeys (ConfUtils.java:logGet(43)) - raft.server.log.queue.element-limit = 1024 (custom)
2019-09-26 10:05:54,226 [pool-409-thread-1] INFO  server.RaftServerConfigKeys (ConfUtils.java:logGet(43)) - raft.server.log.segment.size.max = 1048576 (custom)
2019-09-26 10:05:54,226 [pool-409-thread-1] INFO  server.RaftServerConfigKeys (ConfUtils.java:logGet(43)) - raft.server.log.preallocated.size = 16384 (custom)
2019-09-26 10:05:54,227 [pool-409-thread-1] INFO  server.RaftServerConfigKeys (ConfUtils.java:logGet(43)) - raft.server.log.write.buffer.size = 33554432 (custom)
2019-09-26 10:05:54,227 [pool-409-thread-1] INFO  server.RaftServerConfigKeys (ConfUtils.java:logGet(43)) - raft.server.log.force.sync.num = 128 (default)
2019-09-26 10:05:54,227 [pool-409-thread-1] INFO  server.RaftServerConfigKeys (ConfUtils.java:logGet(43)) - raft.server.log.statemachine.data.sync = true (default)
2019-09-26 10:05:54,227 [pool-409-thread-1] INFO  server.RaftServerConfigKeys (ConfUtils.java:logGet(43)) - raft.server.log.statemachine.data.sync.timeout = 10s (default)
2019-09-26 10:05:54,227 [pool-409-thread-1] INFO  server.RaftServerConfigKeys (ConfUtils.java:logGet(43)) - raft.server.log.statemachine.data.sync.timeout.retry = -1 (default)
2019-09-26 10:05:54,227 [pool-409-thread-1] INFO  server.RaftServerConfigKeys (ConfUtils.java:logGet(43)) - raft.server.log.statemachine.data.caching.enabled = true (custom)
2019-09-26 10:05:54,227 [pool-409-thread-1] INFO  segmented.SegmentedRaftLogWorker (SegmentedRaftLogWorker.java:lambda$new$0(132)) - 78fc6c82-4831-4601-bfbf-c281d6d238b7@group-6A92CA8DA770-SegmentedRaftLogWorker: flushIndex: setUnconditionally 0 -> -1
2019-09-26 10:05:54,228 [pool-409-thread-1] INFO  server.RaftServerConfigKeys (ConfUtils.java:logGet(43)) - raft.server.snapshot.auto.trigger.enabled = true (custom)
2019-09-26 10:05:54,228 [pool-409-thread-1] INFO  server.RaftServerConfigKeys (ConfUtils.java:logGet(43)) - raft.server.snapshot.auto.trigger.threshold = 10000 (custom)
2019-09-26 10:05:54,228 [pool-409-thread-1] INFO  server.RaftServerConfigKeys (ConfUtils.java:logGet(43)) - raft.server.snapshot.retention.num.files = 5 (custom)
2019-09-26 10:05:54,228 [pool-409-thread-1] INFO  server.RaftServerConfigKeys (ConfUtils.java:logGet(43)) - raft.server.retrycache.expirytime = 600000ms (custom)
2019-09-26 10:05:54,229 [pool-409-thread-1] INFO  impl.RaftServerImpl (RaftServerImpl.java:start(185)) - 78fc6c82-4831-4601-bfbf-c281d6d238b7@group-6A92CA8DA770: start as a follower, conf=-1: [78fc6c82-4831-4601-bfbf-c281d6d238b7:192.168.30.13:36365], old=null
2019-09-26 10:05:54,229 [pool-409-thread-1] INFO  impl.RaftServerImpl (RaftServerImpl.java:setRole(174)) - 78fc6c82-4831-4601-bfbf-c281d6d238b7@group-6A92CA8DA770: changes role from      null to FOLLOWER at term 0 for startAsFollower
2019-09-26 10:05:54,229 [pool-409-thread-1] INFO  impl.RoleInfo (RoleInfo.java:updateAndGet(143)) - 78fc6c82-4831-4601-bfbf-c281d6d238b7: start FollowerState
2019-09-26 10:05:54,229 [pool-409-thread-1] INFO  util.JmxRegister (JmxRegister.java:tryRegister(44)) - Successfully registered JMX Bean with object name Ratis:service=RaftServer,group=group-6A92CA8DA770,id=78fc6c82-4831-4601-bfbf-c281d6d238b7
2019-09-26 10:05:54,231 [RatisPipelineUtilsThread] INFO  pipeline.PipelineStateManager (PipelineStateManager.java:addPipeline(56)) - Created pipeline Pipeline[ Id: 1673e1be-924f-4a32-bbcf-6a92ca8da770, Nodes: 78fc6c82-4831-4601-bfbf-c281d6d238b7{ip: 192.168.30.13, host: pr-hdds-1569-wvzgm-824869521, networkLocation: /default-rack, certSerialId: null}, Type:RATIS, Factor:ONE, State:OPEN]
2019-09-26 10:05:54,232 [RatisPipelineUtilsThread] INFO  pipeline.PipelinePlacementPolicy (PipelinePlacementPolicy.java:meetCriteria(91)) - Pipeline Placement: can't place more pipeline on heavy datanode： 78fc6c82-4831-4601-bfbf-c281d6d238b7 Heaviness: 6 limit: 5
2019-09-26 10:05:54,238 [grpc-default-executor-1] INFO  impl.RaftServerProxy (RaftServerProxy.java:addNew(89)) - 72f743f9-1e0e-4345-96f1-9a3a34c18cec: addNew group-2A2622C035FC:[72f743f9-1e0e-4345-96f1-9a3a34c18cec:192.168.30.13:42232] returns group-2A2622C035FC:java.util.concurrent.CompletableFuture@6e34938d[Not completed]
2019-09-26 10:05:54,240 [pool-419-thread-1] INFO  impl.RaftServerImpl (RaftServerImpl.java:<init>(95)) - 72f743f9-1e0e-4345-96f1-9a3a34c18cec: new RaftServerImpl for group-2A2622C035FC:[72f743f9-1e0e-4345-96f1-9a3a34c18cec:192.168.30.13:42232] with ContainerStateMachine:uninitialized
2019-09-26 10:05:54,240 [pool-419-thread-1] INFO  server.RaftServerConfigKeys (ConfUtils.java:logGet(43)) - raft.server.rpc.timeout.min = 5s (custom)
2019-09-26 10:05:54,240 [pool-419-thread-1] INFO  server.RaftServerConfigKeys (ConfUtils.java:logGet(43)) - raft.server.rpc.timeout.max = 5200ms (custom)
2019-09-26 10:05:54,240 [pool-419-thread-1] INFO  server.RaftServerConfigKeys (ConfUtils.java:logGet(43)) - raft.server.rpcslowness.timeout = 120s (custom)
2019-09-26 10:05:54,240 [pool-419-thread-1] INFO  server.RaftServerConfigKeys (ConfUtils.java:logGet(43)) - raft.server.sleep.deviation.threshold = 300 (default)
2019-09-26 10:05:54,240 [pool-419-thread-1] INFO  server.RaftServerConfigKeys (ConfUtils.java:logGet(43)) - raft.server.log.appender.install.snapshot.enabled = false (custom)
2019-09-26 10:05:54,240 [pool-419-thread-1] INFO  impl.RaftServerImpl (ServerState.java:<init>(103)) - 72f743f9-1e0e-4345-96f1-9a3a34c18cec@group-2A2622C035FC: ConfigurationManager, init=-1: [72f743f9-1e0e-4345-96f1-9a3a34c18cec:192.168.30.13:42232], old=null, confs=<EMPTY_MAP>
2019-09-26 10:05:54,240 [pool-419-thread-1] INFO  server.RaftServerConfigKeys (ConfUtils.java:logGet(43)) - raft.server.storage.dir = [/workdir/hadoop-ozone/integration-test/target/test-dir/MiniOzoneClusterImpl-6f19b49f-1ba0-4037-80e1-640204793d9e/datanode-1/data/ratis] (custom)
2019-09-26 10:05:54,241 [pool-419-thread-1] INFO  storage.RaftStorageDirectory (RaftStorageDirectory.java:analyzeStorage(246)) - The storage directory /workdir/hadoop-ozone/integration-test/target/test-dir/MiniOzoneClusterImpl-6f19b49f-1ba0-4037-80e1-640204793d9e/datanode-1/data/ratis/d718579d-8d47-4c53-9734-2a2622c035fc does not exist. Creating ...
2019-09-26 10:05:54,252 [IPC Server handler 4 on 46518] INFO  net.NetworkTopology (NetworkTopologyImpl.java:add(111)) - Added a new node: /default-rack/583d69a3-91a3-48b1-b57b-32c881e6a62a
2019-09-26 10:05:54,252 [IPC Server handler 4 on 46518] INFO  node.SCMNodeManager (SCMNodeManager.java:register(266)) - Registered Data node : 583d69a3-91a3-48b1-b57b-32c881e6a62a{ip: 192.168.30.13, host: pr-hdds-1569-wvzgm-824869521, networkLocation: /default-rack, certSerialId: null}
2019-09-26 10:05:54,257 [pool-419-thread-1] INFO  storage.RaftStorageDirectory (RaftStorageDirectory.java:tryLock(328)) - Lock on /workdir/hadoop-ozone/integration-test/target/test-dir/MiniOzoneClusterImpl-6f19b49f-1ba0-4037-80e1-640204793d9e/datanode-1/data/ratis/d718579d-8d47-4c53-9734-2a2622c035fc/in_use.lock acquired by nodename 19604@pr-hdds-1569-wvzgm-824869521
2019-09-26 10:05:54,271 [pool-419-thread-1] INFO  storage.RaftStorage (RaftStorage.java:format(72)) - Storage directory /workdir/hadoop-ozone/integration-test/target/test-dir/MiniOzoneClusterImpl-6f19b49f-1ba0-4037-80e1-640204793d9e/datanode-1/data/ratis/d718579d-8d47-4c53-9734-2a2622c035fc has been successfully formatted.
2019-09-26 10:05:54,271 [pool-419-thread-1] INFO  ratis.ContainerStateMachine (ContainerStateMachine.java:loadSnapshot(230)) - group-2A2622C035FC: The snapshot info is null. Setting the last applied indexto:(t:0, i:~)
2019-09-26 10:05:54,271 [pool-419-thread-1] INFO  server.RaftServerConfigKeys (ConfUtils.java:logGet(43)) - raft.server.notification.no-leader.timeout = 120s (custom)
2019-09-26 10:05:54,272 [pool-419-thread-1] INFO  server.RaftServerConfigKeys (ConfUtils.java:logGet(43)) - raft.server.log.use.memory = false (default)
2019-09-26 10:05:54,272 [pool-419-thread-1] INFO  server.RaftServerConfigKeys (ConfUtils.java:logGet(43)) - raft.server.log.purge.gap = 1000000 (custom)
2019-09-26 10:05:54,272 [pool-419-thread-1] INFO  server.RaftServerConfigKeys (ConfUtils.java:logGet(43)) - raft.server.log.appender.buffer.byte-limit = 33554432 (custom)
2019-09-26 10:05:54,272 [pool-419-thread-1] INFO  server.RaftServerConfigKeys (ConfUtils.java:logGet(43)) - raft.server.log.segment.size.max = 1048576 (custom)
2019-09-26 10:05:54,272 [pool-419-thread-1] INFO  server.RaftServerConfigKeys (ConfUtils.java:logGet(43)) - raft.server.log.segment.cache.num.max = 2 (custom)
2019-09-26 10:05:54,272 [pool-419-thread-1] INFO  segmented.SegmentedRaftLogWorker (SegmentedRaftLogWorker.java:<init>(172)) - new 72f743f9-1e0e-4345-96f1-9a3a34c18cec@group-2A2622C035FC-SegmentedRaftLogWorker for RaftStorage:Storage Directory /workdir/hadoop-ozone/integration-test/target/test-dir/MiniOzoneClusterImpl-6f19b49f-1ba0-4037-80e1-640204793d9e/datanode-1/data/ratis/d718579d-8d47-4c53-9734-2a2622c035fc
2019-09-26 10:05:54,273 [pool-419-thread-1] INFO  server.RaftServerConfigKeys (ConfUtils.java:logGet(43)) - raft.server.log.queue.byte-limit = 2147483647 (custom)
2019-09-26 10:05:54,273 [pool-419-thread-1] INFO  server.RaftServerConfigKeys (ConfUtils.java:logGet(43)) - raft.server.log.queue.element-limit = 1024 (custom)
2019-09-26 10:05:54,273 [pool-419-thread-1] INFO  server.RaftServerConfigKeys (ConfUtils.java:logGet(43)) - raft.server.log.segment.size.max = 1048576 (custom)
2019-09-26 10:05:54,273 [pool-419-thread-1] INFO  server.RaftServerConfigKeys (ConfUtils.java:logGet(43)) - raft.server.log.preallocated.size = 16384 (custom)
2019-09-26 10:05:54,274 [pool-419-thread-1] INFO  server.RaftServerConfigKeys (ConfUtils.java:logGet(43)) - raft.server.log.write.buffer.size = 33554432 (custom)
2019-09-26 10:05:54,274 [pool-419-thread-1] INFO  server.RaftServerConfigKeys (ConfUtils.java:logGet(43)) - raft.server.log.force.sync.num = 128 (default)
2019-09-26 10:05:54,274 [pool-419-thread-1] INFO  server.RaftServerConfigKeys (ConfUtils.java:logGet(43)) - raft.server.log.statemachine.data.sync = true (default)
2019-09-26 10:05:54,274 [pool-419-thread-1] INFO  server.RaftServerConfigKeys (ConfUtils.java:logGet(43)) - raft.server.log.statemachine.data.sync.timeout = 10s (default)
2019-09-26 10:05:54,274 [pool-419-thread-1] INFO  server.RaftServerConfigKeys (ConfUtils.java:logGet(43)) - raft.server.log.statemachine.data.sync.timeout.retry = -1 (default)
2019-09-26 10:05:54,274 [pool-419-thread-1] INFO  server.RaftServerConfigKeys (ConfUtils.java:logGet(43)) - raft.server.log.statemachine.data.caching.enabled = true (custom)
2019-09-26 10:05:54,274 [pool-419-thread-1] INFO  segmented.SegmentedRaftLogWorker (SegmentedRaftLogWorker.java:lambda$new$0(132)) - 72f743f9-1e0e-4345-96f1-9a3a34c18cec@group-2A2622C035FC-SegmentedRaftLogWorker: flushIndex: setUnconditionally 0 -> -1
2019-09-26 10:05:54,274 [pool-419-thread-1] INFO  server.RaftServerConfigKeys (ConfUtils.java:logGet(43)) - raft.server.snapshot.auto.trigger.enabled = true (custom)
2019-09-26 10:05:54,274 [pool-419-thread-1] INFO  server.RaftServerConfigKeys (ConfUtils.java:logGet(43)) - raft.server.snapshot.auto.trigger.threshold = 10000 (custom)
2019-09-26 10:05:54,275 [pool-419-thread-1] INFO  server.RaftServerConfigKeys (ConfUtils.java:logGet(43)) - raft.server.snapshot.retention.num.files = 5 (custom)
2019-09-26 10:05:54,275 [pool-419-thread-1] INFO  server.RaftServerConfigKeys (ConfUtils.java:logGet(43)) - raft.server.retrycache.expirytime = 600000ms (custom)
2019-09-26 10:05:54,276 [pool-419-thread-1] INFO  impl.RaftServerImpl (RaftServerImpl.java:start(185)) - 72f743f9-1e0e-4345-96f1-9a3a34c18cec@group-2A2622C035FC: start as a follower, conf=-1: [72f743f9-1e0e-4345-96f1-9a3a34c18cec:192.168.30.13:42232], old=null
2019-09-26 10:05:54,276 [pool-419-thread-1] INFO  impl.RaftServerImpl (RaftServerImpl.java:setRole(174)) - 72f743f9-1e0e-4345-96f1-9a3a34c18cec@group-2A2622C035FC: changes role from      null to FOLLOWER at term 0 for startAsFollower
2019-09-26 10:05:54,276 [pool-419-thread-1] INFO  impl.RoleInfo (RoleInfo.java:updateAndGet(143)) - 72f743f9-1e0e-4345-96f1-9a3a34c18cec: start FollowerState
2019-09-26 10:05:54,276 [pool-419-thread-1] INFO  util.JmxRegister (JmxRegister.java:tryRegister(44)) - Successfully registered JMX Bean with object name Ratis:service=RaftServer,group=group-2A2622C035FC,id=72f743f9-1e0e-4345-96f1-9a3a34c18cec
2019-09-26 10:05:54,278 [RatisPipelineUtilsThread] INFO  pipeline.PipelineStateManager (PipelineStateManager.java:addPipeline(56)) - Created pipeline Pipeline[ Id: d718579d-8d47-4c53-9734-2a2622c035fc, Nodes: 72f743f9-1e0e-4345-96f1-9a3a34c18cec{ip: 192.168.30.13, host: pr-hdds-1569-wvzgm-824869521, networkLocation: /default-rack, certSerialId: null}, Type:RATIS, Factor:ONE, State:OPEN]
2019-09-26 10:05:54,278 [RatisPipelineUtilsThread] INFO  pipeline.PipelinePlacementPolicy (PipelinePlacementPolicy.java:meetCriteria(91)) - Pipeline Placement: can't place more pipeline on heavy datanode： 78fc6c82-4831-4601-bfbf-c281d6d238b7 Heaviness: 6 limit: 5
2019-09-26 10:05:54,285 [grpc-default-executor-1] INFO  impl.RaftServerProxy (RaftServerProxy.java:addNew(89)) - db227204-214e-44d9-8d16-8c4813e40a58: addNew group-A86122BD5EA9:[db227204-214e-44d9-8d16-8c4813e40a58:192.168.30.13:35682] returns group-A86122BD5EA9:java.util.concurrent.CompletableFuture@6fb556f3[Not completed]
2019-09-26 10:05:54,286 [pool-439-thread-1] INFO  impl.RaftServerImpl (RaftServerImpl.java:<init>(95)) - db227204-214e-44d9-8d16-8c4813e40a58: new RaftServerImpl for group-A86122BD5EA9:[db227204-214e-44d9-8d16-8c4813e40a58:192.168.30.13:35682] with ContainerStateMachine:uninitialized
2019-09-26 10:05:54,286 [pool-439-thread-1] INFO  server.RaftServerConfigKeys (ConfUtils.java:logGet(43)) - raft.server.rpc.timeout.min = 5s (custom)
2019-09-26 10:05:54,286 [pool-439-thread-1] INFO  server.RaftServerConfigKeys (ConfUtils.java:logGet(43)) - raft.server.rpc.timeout.max = 5200ms (custom)
2019-09-26 10:05:54,286 [pool-439-thread-1] INFO  server.RaftServerConfigKeys (ConfUtils.java:logGet(43)) - raft.server.rpcslowness.timeout = 120s (custom)
2019-09-26 10:05:54,286 [pool-439-thread-1] INFO  server.RaftServerConfigKeys (ConfUtils.java:logGet(43)) - raft.server.sleep.deviation.threshold = 300 (default)
2019-09-26 10:05:54,286 [pool-439-thread-1] INFO  server.RaftServerConfigKeys (ConfUtils.java:logGet(43)) - raft.server.log.appender.install.snapshot.enabled = false (custom)
2019-09-26 10:05:54,287 [pool-439-thread-1] INFO  impl.RaftServerImpl (ServerState.java:<init>(103)) - db227204-214e-44d9-8d16-8c4813e40a58@group-A86122BD5EA9: ConfigurationManager, init=-1: [db227204-214e-44d9-8d16-8c4813e40a58:192.168.30.13:35682], old=null, confs=<EMPTY_MAP>
2019-09-26 10:05:54,287 [pool-439-thread-1] INFO  server.RaftServerConfigKeys (ConfUtils.java:logGet(43)) - raft.server.storage.dir = [/workdir/hadoop-ozone/integration-test/target/test-dir/MiniOzoneClusterImpl-6f19b49f-1ba0-4037-80e1-640204793d9e/datanode-3/data/ratis] (custom)
2019-09-26 10:05:54,287 [pool-439-thread-1] INFO  storage.RaftStorageDirectory (RaftStorageDirectory.java:analyzeStorage(246)) - The storage directory /workdir/hadoop-ozone/integration-test/target/test-dir/MiniOzoneClusterImpl-6f19b49f-1ba0-4037-80e1-640204793d9e/datanode-3/data/ratis/924e9c6c-8939-4d93-b0d0-a86122bd5ea9 does not exist. Creating ...
2019-09-26 10:05:54,300 [pool-439-thread-1] INFO  storage.RaftStorageDirectory (RaftStorageDirectory.java:tryLock(328)) - Lock on /workdir/hadoop-ozone/integration-test/target/test-dir/MiniOzoneClusterImpl-6f19b49f-1ba0-4037-80e1-640204793d9e/datanode-3/data/ratis/924e9c6c-8939-4d93-b0d0-a86122bd5ea9/in_use.lock acquired by nodename 19604@pr-hdds-1569-wvzgm-824869521
2019-09-26 10:05:54,313 [pool-439-thread-1] INFO  storage.RaftStorage (RaftStorage.java:format(72)) - Storage directory /workdir/hadoop-ozone/integration-test/target/test-dir/MiniOzoneClusterImpl-6f19b49f-1ba0-4037-80e1-640204793d9e/datanode-3/data/ratis/924e9c6c-8939-4d93-b0d0-a86122bd5ea9 has been successfully formatted.
2019-09-26 10:05:54,313 [pool-439-thread-1] INFO  ratis.ContainerStateMachine (ContainerStateMachine.java:loadSnapshot(230)) - group-A86122BD5EA9: The snapshot info is null. Setting the last applied indexto:(t:0, i:~)
2019-09-26 10:05:54,313 [pool-439-thread-1] INFO  server.RaftServerConfigKeys (ConfUtils.java:logGet(43)) - raft.server.notification.no-leader.timeout = 120s (custom)
2019-09-26 10:05:54,313 [pool-439-thread-1] INFO  server.RaftServerConfigKeys (ConfUtils.java:logGet(43)) - raft.server.log.use.memory = false (default)
2019-09-26 10:05:54,313 [pool-439-thread-1] INFO  server.RaftServerConfigKeys (ConfUtils.java:logGet(43)) - raft.server.log.purge.gap = 1000000 (custom)
2019-09-26 10:05:54,313 [pool-439-thread-1] INFO  server.RaftServerConfigKeys (ConfUtils.java:logGet(43)) - raft.server.log.appender.buffer.byte-limit = 33554432 (custom)
2019-09-26 10:05:54,313 [pool-439-thread-1] INFO  server.RaftServerConfigKeys (ConfUtils.java:logGet(43)) - raft.server.log.segment.size.max = 1048576 (custom)
2019-09-26 10:05:54,314 [pool-439-thread-1] INFO  server.RaftServerConfigKeys (ConfUtils.java:logGet(43)) - raft.server.log.segment.cache.num.max = 2 (custom)
2019-09-26 10:05:54,314 [pool-439-thread-1] INFO  segmented.SegmentedRaftLogWorker (SegmentedRaftLogWorker.java:<init>(172)) - new db227204-214e-44d9-8d16-8c4813e40a58@group-A86122BD5EA9-SegmentedRaftLogWorker for RaftStorage:Storage Directory /workdir/hadoop-ozone/integration-test/target/test-dir/MiniOzoneClusterImpl-6f19b49f-1ba0-4037-80e1-640204793d9e/datanode-3/data/ratis/924e9c6c-8939-4d93-b0d0-a86122bd5ea9
2019-09-26 10:05:54,315 [pool-439-thread-1] INFO  server.RaftServerConfigKeys (ConfUtils.java:logGet(43)) - raft.server.log.queue.byte-limit = 2147483647 (custom)
2019-09-26 10:05:54,315 [pool-439-thread-1] INFO  server.RaftServerConfigKeys (ConfUtils.java:logGet(43)) - raft.server.log.queue.element-limit = 1024 (custom)
2019-09-26 10:05:54,315 [pool-439-thread-1] INFO  server.RaftServerConfigKeys (ConfUtils.java:logGet(43)) - raft.server.log.segment.size.max = 1048576 (custom)
2019-09-26 10:05:54,316 [pool-439-thread-1] INFO  server.RaftServerConfigKeys (ConfUtils.java:logGet(43)) - raft.server.log.preallocated.size = 16384 (custom)
2019-09-26 10:05:54,316 [pool-439-thread-1] INFO  server.RaftServerConfigKeys (ConfUtils.java:logGet(43)) - raft.server.log.write.buffer.size = 33554432 (custom)
2019-09-26 10:05:54,316 [pool-439-thread-1] INFO  server.RaftServerConfigKeys (ConfUtils.java:logGet(43)) - raft.server.log.force.sync.num = 128 (default)
2019-09-26 10:05:54,316 [pool-439-thread-1] INFO  server.RaftServerConfigKeys (ConfUtils.java:logGet(43)) - raft.server.log.statemachine.data.sync = true (default)
2019-09-26 10:05:54,316 [pool-439-thread-1] INFO  server.RaftServerConfigKeys (ConfUtils.java:logGet(43)) - raft.server.log.statemachine.data.sync.timeout = 10s (default)
2019-09-26 10:05:54,316 [pool-439-thread-1] INFO  server.RaftServerConfigKeys (ConfUtils.java:logGet(43)) - raft.server.log.statemachine.data.sync.timeout.retry = -1 (default)
2019-09-26 10:05:54,316 [pool-439-thread-1] INFO  server.RaftServerConfigKeys (ConfUtils.java:logGet(43)) - raft.server.log.statemachine.data.caching.enabled = true (custom)
2019-09-26 10:05:54,317 [pool-439-thread-1] INFO  segmented.SegmentedRaftLogWorker (SegmentedRaftLogWorker.java:lambda$new$0(132)) - db227204-214e-44d9-8d16-8c4813e40a58@group-A86122BD5EA9-SegmentedRaftLogWorker: flushIndex: setUnconditionally 0 -> -1
2019-09-26 10:05:54,317 [pool-439-thread-1] INFO  server.RaftServerConfigKeys (ConfUtils.java:logGet(43)) - raft.server.snapshot.auto.trigger.enabled = true (custom)
2019-09-26 10:05:54,317 [pool-439-thread-1] INFO  server.RaftServerConfigKeys (ConfUtils.java:logGet(43)) - raft.server.snapshot.auto.trigger.threshold = 10000 (custom)
2019-09-26 10:05:54,317 [pool-439-thread-1] INFO  server.RaftServerConfigKeys (ConfUtils.java:logGet(43)) - raft.server.snapshot.retention.num.files = 5 (custom)
2019-09-26 10:05:54,317 [pool-439-thread-1] INFO  server.RaftServerConfigKeys (ConfUtils.java:logGet(43)) - raft.server.retrycache.expirytime = 600000ms (custom)
2019-09-26 10:05:54,319 [pool-439-thread-1] INFO  impl.RaftServerImpl (RaftServerImpl.java:start(185)) - db227204-214e-44d9-8d16-8c4813e40a58@group-A86122BD5EA9: start as a follower, conf=-1: [db227204-214e-44d9-8d16-8c4813e40a58:192.168.30.13:35682], old=null
2019-09-26 10:05:54,319 [pool-439-thread-1] INFO  impl.RaftServerImpl (RaftServerImpl.java:setRole(174)) - db227204-214e-44d9-8d16-8c4813e40a58@group-A86122BD5EA9: changes role from      null to FOLLOWER at term 0 for startAsFollower
2019-09-26 10:05:54,319 [pool-439-thread-1] INFO  impl.RoleInfo (RoleInfo.java:updateAndGet(143)) - db227204-214e-44d9-8d16-8c4813e40a58: start FollowerState
2019-09-26 10:05:54,319 [pool-439-thread-1] INFO  util.JmxRegister (JmxRegister.java:tryRegister(44)) - Successfully registered JMX Bean with object name Ratis:service=RaftServer,group=group-A86122BD5EA9,id=db227204-214e-44d9-8d16-8c4813e40a58
2019-09-26 10:05:54,321 [RatisPipelineUtilsThread] INFO  pipeline.PipelineStateManager (PipelineStateManager.java:addPipeline(56)) - Created pipeline Pipeline[ Id: 924e9c6c-8939-4d93-b0d0-a86122bd5ea9, Nodes: db227204-214e-44d9-8d16-8c4813e40a58{ip: 192.168.30.13, host: pr-hdds-1569-wvzgm-824869521, networkLocation: /default-rack, certSerialId: null}, Type:RATIS, Factor:ONE, State:OPEN]
2019-09-26 10:05:54,322 [RatisPipelineUtilsThread] INFO  pipeline.PipelinePlacementPolicy (PipelinePlacementPolicy.java:meetCriteria(91)) - Pipeline Placement: can't place more pipeline on heavy datanode： 78fc6c82-4831-4601-bfbf-c281d6d238b7 Heaviness: 6 limit: 5
2019-09-26 10:05:54,322 [IPC Server handler 9 on 46518] INFO  net.NetworkTopology (NetworkTopologyImpl.java:add(111)) - Added a new node: /default-rack/9c78032f-eba8-46d0-8c4d-d82b43c60fb9
2019-09-26 10:05:54,322 [IPC Server handler 9 on 46518] INFO  node.SCMNodeManager (SCMNodeManager.java:register(266)) - Registered Data node : 9c78032f-eba8-46d0-8c4d-d82b43c60fb9{ip: 192.168.30.13, host: pr-hdds-1569-wvzgm-824869521, networkLocation: /default-rack, certSerialId: null}
2019-09-26 10:05:54,325 [grpc-default-executor-1] INFO  impl.RaftServerProxy (RaftServerProxy.java:addNew(89)) - 830a81b3-f833-43ed-8e64-f2525410bb9b: addNew group-A363B3B010DA:[830a81b3-f833-43ed-8e64-f2525410bb9b:192.168.30.13:33698] returns group-A363B3B010DA:java.util.concurrent.CompletableFuture@b18bc53[Not completed]
2019-09-26 10:05:54,327 [pool-429-thread-1] INFO  impl.RaftServerImpl (RaftServerImpl.java:<init>(95)) - 830a81b3-f833-43ed-8e64-f2525410bb9b: new RaftServerImpl for group-A363B3B010DA:[830a81b3-f833-43ed-8e64-f2525410bb9b:192.168.30.13:33698] with ContainerStateMachine:uninitialized
2019-09-26 10:05:54,327 [pool-429-thread-1] INFO  server.RaftServerConfigKeys (ConfUtils.java:logGet(43)) - raft.server.rpc.timeout.min = 5s (custom)
2019-09-26 10:05:54,327 [pool-429-thread-1] INFO  server.RaftServerConfigKeys (ConfUtils.java:logGet(43)) - raft.server.rpc.timeout.max = 5200ms (custom)
2019-09-26 10:05:54,327 [pool-429-thread-1] INFO  server.RaftServerConfigKeys (ConfUtils.java:logGet(43)) - raft.server.rpcslowness.timeout = 120s (custom)
2019-09-26 10:05:54,327 [pool-429-thread-1] INFO  server.RaftServerConfigKeys (ConfUtils.java:logGet(43)) - raft.server.sleep.deviation.threshold = 300 (default)
2019-09-26 10:05:54,327 [pool-429-thread-1] INFO  server.RaftServerConfigKeys (ConfUtils.java:logGet(43)) - raft.server.log.appender.install.snapshot.enabled = false (custom)
2019-09-26 10:05:54,327 [pool-429-thread-1] INFO  impl.RaftServerImpl (ServerState.java:<init>(103)) - 830a81b3-f833-43ed-8e64-f2525410bb9b@group-A363B3B010DA: ConfigurationManager, init=-1: [830a81b3-f833-43ed-8e64-f2525410bb9b:192.168.30.13:33698], old=null, confs=<EMPTY_MAP>
2019-09-26 10:05:54,328 [pool-429-thread-1] INFO  server.RaftServerConfigKeys (ConfUtils.java:logGet(43)) - raft.server.storage.dir = [/workdir/hadoop-ozone/integration-test/target/test-dir/MiniOzoneClusterImpl-6f19b49f-1ba0-4037-80e1-640204793d9e/datanode-2/data/ratis] (custom)
2019-09-26 10:05:54,328 [pool-429-thread-1] INFO  storage.RaftStorageDirectory (RaftStorageDirectory.java:analyzeStorage(246)) - The storage directory /workdir/hadoop-ozone/integration-test/target/test-dir/MiniOzoneClusterImpl-6f19b49f-1ba0-4037-80e1-640204793d9e/datanode-2/data/ratis/dd4c4e75-8928-46d9-ba18-a363b3b010da does not exist. Creating ...
2019-09-26 10:05:54,341 [pool-429-thread-1] INFO  storage.RaftStorageDirectory (RaftStorageDirectory.java:tryLock(328)) - Lock on /workdir/hadoop-ozone/integration-test/target/test-dir/MiniOzoneClusterImpl-6f19b49f-1ba0-4037-80e1-640204793d9e/datanode-2/data/ratis/dd4c4e75-8928-46d9-ba18-a363b3b010da/in_use.lock acquired by nodename 19604@pr-hdds-1569-wvzgm-824869521
2019-09-26 10:05:54,355 [pool-429-thread-1] INFO  storage.RaftStorage (RaftStorage.java:format(72)) - Storage directory /workdir/hadoop-ozone/integration-test/target/test-dir/MiniOzoneClusterImpl-6f19b49f-1ba0-4037-80e1-640204793d9e/datanode-2/data/ratis/dd4c4e75-8928-46d9-ba18-a363b3b010da has been successfully formatted.
2019-09-26 10:05:54,356 [pool-429-thread-1] INFO  ratis.ContainerStateMachine (ContainerStateMachine.java:loadSnapshot(230)) - group-A363B3B010DA: The snapshot info is null. Setting the last applied indexto:(t:0, i:~)
2019-09-26 10:05:54,356 [pool-429-thread-1] INFO  server.RaftServerConfigKeys (ConfUtils.java:logGet(43)) - raft.server.notification.no-leader.timeout = 120s (custom)
2019-09-26 10:05:54,356 [pool-429-thread-1] INFO  server.RaftServerConfigKeys (ConfUtils.java:logGet(43)) - raft.server.log.use.memory = false (default)
2019-09-26 10:05:54,356 [pool-429-thread-1] INFO  server.RaftServerConfigKeys (ConfUtils.java:logGet(43)) - raft.server.log.purge.gap = 1000000 (custom)
2019-09-26 10:05:54,356 [pool-429-thread-1] INFO  server.RaftServerConfigKeys (ConfUtils.java:logGet(43)) - raft.server.log.appender.buffer.byte-limit = 33554432 (custom)
2019-09-26 10:05:54,356 [pool-429-thread-1] INFO  server.RaftServerConfigKeys (ConfUtils.java:logGet(43)) - raft.server.log.segment.size.max = 1048576 (custom)
2019-09-26 10:05:54,357 [pool-429-thread-1] INFO  server.RaftServerConfigKeys (ConfUtils.java:logGet(43)) - raft.server.log.segment.cache.num.max = 2 (custom)
2019-09-26 10:05:54,357 [pool-429-thread-1] INFO  segmented.SegmentedRaftLogWorker (SegmentedRaftLogWorker.java:<init>(172)) - new 830a81b3-f833-43ed-8e64-f2525410bb9b@group-A363B3B010DA-SegmentedRaftLogWorker for RaftStorage:Storage Directory /workdir/hadoop-ozone/integration-test/target/test-dir/MiniOzoneClusterImpl-6f19b49f-1ba0-4037-80e1-640204793d9e/datanode-2/data/ratis/dd4c4e75-8928-46d9-ba18-a363b3b010da
2019-09-26 10:05:54,357 [pool-429-thread-1] INFO  server.RaftServerConfigKeys (ConfUtils.java:logGet(43)) - raft.server.log.queue.byte-limit = 2147483647 (custom)
2019-09-26 10:05:54,357 [pool-429-thread-1] INFO  server.RaftServerConfigKeys (ConfUtils.java:logGet(43)) - raft.server.log.queue.element-limit = 1024 (custom)
2019-09-26 10:05:54,357 [pool-429-thread-1] INFO  server.RaftServerConfigKeys (ConfUtils.java:logGet(43)) - raft.server.log.segment.size.max = 1048576 (custom)
2019-09-26 10:05:54,357 [pool-429-thread-1] INFO  server.RaftServerConfigKeys (ConfUtils.java:logGet(43)) - raft.server.log.preallocated.size = 16384 (custom)
2019-09-26 10:05:54,358 [pool-429-thread-1] INFO  server.RaftServerConfigKeys (ConfUtils.java:logGet(43)) - raft.server.log.write.buffer.size = 33554432 (custom)
2019-09-26 10:05:54,358 [pool-429-thread-1] INFO  server.RaftServerConfigKeys (ConfUtils.java:logGet(43)) - raft.server.log.force.sync.num = 128 (default)
2019-09-26 10:05:54,358 [pool-429-thread-1] INFO  server.RaftServerConfigKeys (ConfUtils.java:logGet(43)) - raft.server.log.statemachine.data.sync = true (default)
2019-09-26 10:05:54,358 [pool-429-thread-1] INFO  server.RaftServerConfigKeys (ConfUtils.java:logGet(43)) - raft.server.log.statemachine.data.sync.timeout = 10s (default)
2019-09-26 10:05:54,358 [pool-429-thread-1] INFO  server.RaftServerConfigKeys (ConfUtils.java:logGet(43)) - raft.server.log.statemachine.data.sync.timeout.retry = -1 (default)
2019-09-26 10:05:54,358 [pool-429-thread-1] INFO  server.RaftServerConfigKeys (ConfUtils.java:logGet(43)) - raft.server.log.statemachine.data.caching.enabled = true (custom)
2019-09-26 10:05:54,359 [pool-429-thread-1] INFO  segmented.SegmentedRaftLogWorker (SegmentedRaftLogWorker.java:lambda$new$0(132)) - 830a81b3-f833-43ed-8e64-f2525410bb9b@group-A363B3B010DA-SegmentedRaftLogWorker: flushIndex: setUnconditionally 0 -> -1
2019-09-26 10:05:54,359 [pool-429-thread-1] INFO  server.RaftServerConfigKeys (ConfUtils.java:logGet(43)) - raft.server.snapshot.auto.trigger.enabled = true (custom)
2019-09-26 10:05:54,359 [pool-429-thread-1] INFO  server.RaftServerConfigKeys (ConfUtils.java:logGet(43)) - raft.server.snapshot.auto.trigger.threshold = 10000 (custom)
2019-09-26 10:05:54,359 [pool-429-thread-1] INFO  server.RaftServerConfigKeys (ConfUtils.java:logGet(43)) - raft.server.snapshot.retention.num.files = 5 (custom)
2019-09-26 10:05:54,359 [pool-429-thread-1] INFO  server.RaftServerConfigKeys (ConfUtils.java:logGet(43)) - raft.server.retrycache.expirytime = 600000ms (custom)
2019-09-26 10:05:54,362 [pool-429-thread-1] INFO  impl.RaftServerImpl (RaftServerImpl.java:start(185)) - 830a81b3-f833-43ed-8e64-f2525410bb9b@group-A363B3B010DA: start as a follower, conf=-1: [830a81b3-f833-43ed-8e64-f2525410bb9b:192.168.30.13:33698], old=null
2019-09-26 10:05:54,362 [pool-429-thread-1] INFO  impl.RaftServerImpl (RaftServerImpl.java:setRole(174)) - 830a81b3-f833-43ed-8e64-f2525410bb9b@group-A363B3B010DA: changes role from      null to FOLLOWER at term 0 for startAsFollower
2019-09-26 10:05:54,362 [pool-429-thread-1] INFO  impl.RoleInfo (RoleInfo.java:updateAndGet(143)) - 830a81b3-f833-43ed-8e64-f2525410bb9b: start FollowerState
2019-09-26 10:05:54,362 [pool-429-thread-1] INFO  util.JmxRegister (JmxRegister.java:tryRegister(44)) - Successfully registered JMX Bean with object name Ratis:service=RaftServer,group=group-A363B3B010DA,id=830a81b3-f833-43ed-8e64-f2525410bb9b
2019-09-26 10:05:54,364 [RatisPipelineUtilsThread] INFO  pipeline.PipelineStateManager (PipelineStateManager.java:addPipeline(56)) - Created pipeline Pipeline[ Id: dd4c4e75-8928-46d9-ba18-a363b3b010da, Nodes: 830a81b3-f833-43ed-8e64-f2525410bb9b{ip: 192.168.30.13, host: pr-hdds-1569-wvzgm-824869521, networkLocation: /default-rack, certSerialId: null}, Type:RATIS, Factor:ONE, State:OPEN]
2019-09-26 10:05:54,364 [RatisPipelineUtilsThread] INFO  pipeline.PipelinePlacementPolicy (PipelinePlacementPolicy.java:meetCriteria(91)) - Pipeline Placement: can't place more pipeline on heavy datanode： 78fc6c82-4831-4601-bfbf-c281d6d238b7 Heaviness: 6 limit: 5
2019-09-26 10:05:54,367 [grpc-default-executor-1] INFO  impl.RaftServerProxy (RaftServerProxy.java:addNew(89)) - 830a81b3-f833-43ed-8e64-f2525410bb9b: addNew group-891DE8ADDF7F:[830a81b3-f833-43ed-8e64-f2525410bb9b:192.168.30.13:33698] returns group-891DE8ADDF7F:java.util.concurrent.CompletableFuture@4ea6ac20[Not completed]
2019-09-26 10:05:54,369 [pool-429-thread-1] INFO  impl.RaftServerImpl (RaftServerImpl.java:<init>(95)) - 830a81b3-f833-43ed-8e64-f2525410bb9b: new RaftServerImpl for group-891DE8ADDF7F:[830a81b3-f833-43ed-8e64-f2525410bb9b:192.168.30.13:33698] with ContainerStateMachine:uninitialized
2019-09-26 10:05:54,369 [pool-429-thread-1] INFO  server.RaftServerConfigKeys (ConfUtils.java:logGet(43)) - raft.server.rpc.timeout.min = 5s (custom)
2019-09-26 10:05:54,369 [pool-429-thread-1] INFO  server.RaftServerConfigKeys (ConfUtils.java:logGet(43)) - raft.server.rpc.timeout.max = 5200ms (custom)
2019-09-26 10:05:54,369 [pool-429-thread-1] INFO  server.RaftServerConfigKeys (ConfUtils.java:logGet(43)) - raft.server.rpcslowness.timeout = 120s (custom)
2019-09-26 10:05:54,369 [pool-429-thread-1] INFO  server.RaftServerConfigKeys (ConfUtils.java:logGet(43)) - raft.server.sleep.deviation.threshold = 300 (default)
2019-09-26 10:05:54,369 [pool-429-thread-1] INFO  server.RaftServerConfigKeys (ConfUtils.java:logGet(43)) - raft.server.log.appender.install.snapshot.enabled = false (custom)
2019-09-26 10:05:54,369 [pool-429-thread-1] INFO  impl.RaftServerImpl (ServerState.java:<init>(103)) - 830a81b3-f833-43ed-8e64-f2525410bb9b@group-891DE8ADDF7F: ConfigurationManager, init=-1: [830a81b3-f833-43ed-8e64-f2525410bb9b:192.168.30.13:33698], old=null, confs=<EMPTY_MAP>
2019-09-26 10:05:54,369 [pool-429-thread-1] INFO  server.RaftServerConfigKeys (ConfUtils.java:logGet(43)) - raft.server.storage.dir = [/workdir/hadoop-ozone/integration-test/target/test-dir/MiniOzoneClusterImpl-6f19b49f-1ba0-4037-80e1-640204793d9e/datanode-2/data/ratis] (custom)
2019-09-26 10:05:54,370 [pool-429-thread-1] INFO  storage.RaftStorageDirectory (RaftStorageDirectory.java:analyzeStorage(246)) - The storage directory /workdir/hadoop-ozone/integration-test/target/test-dir/MiniOzoneClusterImpl-6f19b49f-1ba0-4037-80e1-640204793d9e/datanode-2/data/ratis/cfee17fd-2bc6-4e17-aff3-891de8addf7f does not exist. Creating ...
2019-09-26 10:05:54,384 [pool-429-thread-1] INFO  storage.RaftStorageDirectory (RaftStorageDirectory.java:tryLock(328)) - Lock on /workdir/hadoop-ozone/integration-test/target/test-dir/MiniOzoneClusterImpl-6f19b49f-1ba0-4037-80e1-640204793d9e/datanode-2/data/ratis/cfee17fd-2bc6-4e17-aff3-891de8addf7f/in_use.lock acquired by nodename 19604@pr-hdds-1569-wvzgm-824869521
2019-09-26 10:05:54,388 [main] INFO  ozone.MiniOzoneClusterImpl (MiniOzoneClusterImpl.java:lambda$waitForClusterToBeReady$0(147)) - Waiting for cluster to be ready. Got 6 of 7 DN Heartbeats.
2019-09-26 10:05:54,388 [IPC Server handler 0 on 46518] INFO  net.NetworkTopology (NetworkTopologyImpl.java:add(111)) - Added a new node: /default-rack/c48e9c41-2800-44a2-9011-d3474aeafd5c
2019-09-26 10:05:54,388 [IPC Server handler 0 on 46518] INFO  node.SCMNodeManager (SCMNodeManager.java:register(266)) - Registered Data node : c48e9c41-2800-44a2-9011-d3474aeafd5c{ip: 192.168.30.13, host: pr-hdds-1569-wvzgm-824869521, networkLocation: /default-rack, certSerialId: null}
2019-09-26 10:05:54,399 [pool-429-thread-1] INFO  storage.RaftStorage (RaftStorage.java:format(72)) - Storage directory /workdir/hadoop-ozone/integration-test/target/test-dir/MiniOzoneClusterImpl-6f19b49f-1ba0-4037-80e1-640204793d9e/datanode-2/data/ratis/cfee17fd-2bc6-4e17-aff3-891de8addf7f has been successfully formatted.
2019-09-26 10:05:54,400 [pool-429-thread-1] INFO  ratis.ContainerStateMachine (ContainerStateMachine.java:loadSnapshot(230)) - group-891DE8ADDF7F: The snapshot info is null. Setting the last applied indexto:(t:0, i:~)
2019-09-26 10:05:54,400 [pool-429-thread-1] INFO  server.RaftServerConfigKeys (ConfUtils.java:logGet(43)) - raft.server.notification.no-leader.timeout = 120s (custom)
2019-09-26 10:05:54,400 [pool-429-thread-1] INFO  server.RaftServerConfigKeys (ConfUtils.java:logGet(43)) - raft.server.log.use.memory = false (default)
2019-09-26 10:05:54,400 [pool-429-thread-1] INFO  server.RaftServerConfigKeys (ConfUtils.java:logGet(43)) - raft.server.log.purge.gap = 1000000 (custom)
2019-09-26 10:05:54,401 [pool-429-thread-1] INFO  server.RaftServerConfigKeys (ConfUtils.java:logGet(43)) - raft.server.log.appender.buffer.byte-limit = 33554432 (custom)
2019-09-26 10:05:54,401 [pool-429-thread-1] INFO  server.RaftServerConfigKeys (ConfUtils.java:logGet(43)) - raft.server.log.segment.size.max = 1048576 (custom)
2019-09-26 10:05:54,401 [pool-429-thread-1] INFO  server.RaftServerConfigKeys (ConfUtils.java:logGet(43)) - raft.server.log.segment.cache.num.max = 2 (custom)
2019-09-26 10:05:54,401 [pool-429-thread-1] INFO  segmented.SegmentedRaftLogWorker (SegmentedRaftLogWorker.java:<init>(172)) - new 830a81b3-f833-43ed-8e64-f2525410bb9b@group-891DE8ADDF7F-SegmentedRaftLogWorker for RaftStorage:Storage Directory /workdir/hadoop-ozone/integration-test/target/test-dir/MiniOzoneClusterImpl-6f19b49f-1ba0-4037-80e1-640204793d9e/datanode-2/data/ratis/cfee17fd-2bc6-4e17-aff3-891de8addf7f
2019-09-26 10:05:54,401 [pool-429-thread-1] INFO  server.RaftServerConfigKeys (ConfUtils.java:logGet(43)) - raft.server.log.queue.byte-limit = 2147483647 (custom)
2019-09-26 10:05:54,402 [pool-429-thread-1] INFO  server.RaftServerConfigKeys (ConfUtils.java:logGet(43)) - raft.server.log.queue.element-limit = 1024 (custom)
2019-09-26 10:05:54,402 [pool-429-thread-1] INFO  server.RaftServerConfigKeys (ConfUtils.java:logGet(43)) - raft.server.log.segment.size.max = 1048576 (custom)
2019-09-26 10:05:54,402 [pool-429-thread-1] INFO  server.RaftServerConfigKeys (ConfUtils.java:logGet(43)) - raft.server.log.preallocated.size = 16384 (custom)
2019-09-26 10:05:54,402 [pool-429-thread-1] INFO  server.RaftServerConfigKeys (ConfUtils.java:logGet(43)) - raft.server.log.write.buffer.size = 33554432 (custom)
2019-09-26 10:05:54,402 [pool-429-thread-1] INFO  server.RaftServerConfigKeys (ConfUtils.java:logGet(43)) - raft.server.log.force.sync.num = 128 (default)
2019-09-26 10:05:54,402 [pool-429-thread-1] INFO  server.RaftServerConfigKeys (ConfUtils.java:logGet(43)) - raft.server.log.statemachine.data.sync = true (default)
2019-09-26 10:05:54,402 [pool-429-thread-1] INFO  server.RaftServerConfigKeys (ConfUtils.java:logGet(43)) - raft.server.log.statemachine.data.sync.timeout = 10s (default)
2019-09-26 10:05:54,403 [pool-429-thread-1] INFO  server.RaftServerConfigKeys (ConfUtils.java:logGet(43)) - raft.server.log.statemachine.data.sync.timeout.retry = -1 (default)
2019-09-26 10:05:54,403 [pool-429-thread-1] INFO  server.RaftServerConfigKeys (ConfUtils.java:logGet(43)) - raft.server.log.statemachine.data.caching.enabled = true (custom)
2019-09-26 10:05:54,403 [pool-429-thread-1] INFO  segmented.SegmentedRaftLogWorker (SegmentedRaftLogWorker.java:lambda$new$0(132)) - 830a81b3-f833-43ed-8e64-f2525410bb9b@group-891DE8ADDF7F-SegmentedRaftLogWorker: flushIndex: setUnconditionally 0 -> -1
2019-09-26 10:05:54,404 [pool-429-thread-1] INFO  server.RaftServerConfigKeys (ConfUtils.java:logGet(43)) - raft.server.snapshot.auto.trigger.enabled = true (custom)
2019-09-26 10:05:54,404 [pool-429-thread-1] INFO  server.RaftServerConfigKeys (ConfUtils.java:logGet(43)) - raft.server.snapshot.auto.trigger.threshold = 10000 (custom)
2019-09-26 10:05:54,404 [pool-429-thread-1] INFO  server.RaftServerConfigKeys (ConfUtils.java:logGet(43)) - raft.server.snapshot.retention.num.files = 5 (custom)
2019-09-26 10:05:54,404 [pool-429-thread-1] INFO  server.RaftServerConfigKeys (ConfUtils.java:logGet(43)) - raft.server.retrycache.expirytime = 600000ms (custom)
2019-09-26 10:05:54,407 [pool-429-thread-1] INFO  impl.RaftServerImpl (RaftServerImpl.java:start(185)) - 830a81b3-f833-43ed-8e64-f2525410bb9b@group-891DE8ADDF7F: start as a follower, conf=-1: [830a81b3-f833-43ed-8e64-f2525410bb9b:192.168.30.13:33698], old=null
2019-09-26 10:05:54,407 [pool-429-thread-1] INFO  impl.RaftServerImpl (RaftServerImpl.java:setRole(174)) - 830a81b3-f833-43ed-8e64-f2525410bb9b@group-891DE8ADDF7F: changes role from      null to FOLLOWER at term 0 for startAsFollower
2019-09-26 10:05:54,407 [pool-429-thread-1] INFO  impl.RoleInfo (RoleInfo.java:updateAndGet(143)) - 830a81b3-f833-43ed-8e64-f2525410bb9b: start FollowerState
2019-09-26 10:05:54,407 [pool-429-thread-1] INFO  util.JmxRegister (JmxRegister.java:tryRegister(44)) - Successfully registered JMX Bean with object name Ratis:service=RaftServer,group=group-891DE8ADDF7F,id=830a81b3-f833-43ed-8e64-f2525410bb9b
2019-09-26 10:05:54,409 [RatisPipelineUtilsThread] INFO  pipeline.PipelineStateManager (PipelineStateManager.java:addPipeline(56)) - Created pipeline Pipeline[ Id: cfee17fd-2bc6-4e17-aff3-891de8addf7f, Nodes: 830a81b3-f833-43ed-8e64-f2525410bb9b{ip: 192.168.30.13, host: pr-hdds-1569-wvzgm-824869521, networkLocation: /default-rack, certSerialId: null}, Type:RATIS, Factor:ONE, State:OPEN]
2019-09-26 10:05:54,409 [RatisPipelineUtilsThread] INFO  pipeline.PipelinePlacementPolicy (PipelinePlacementPolicy.java:meetCriteria(91)) - Pipeline Placement: can't place more pipeline on heavy datanode： 78fc6c82-4831-4601-bfbf-c281d6d238b7 Heaviness: 6 limit: 5
2019-09-26 10:05:54,417 [grpc-default-executor-1] INFO  impl.RaftServerProxy (RaftServerProxy.java:addNew(89)) - 583d69a3-91a3-48b1-b57b-32c881e6a62a: addNew group-F4D589545301:[583d69a3-91a3-48b1-b57b-32c881e6a62a:192.168.30.13:44038] returns group-F4D589545301:java.util.concurrent.CompletableFuture@1d71f53e[Not completed]
2019-09-26 10:05:54,419 [pool-449-thread-1] INFO  impl.RaftServerImpl (RaftServerImpl.java:<init>(95)) - 583d69a3-91a3-48b1-b57b-32c881e6a62a: new RaftServerImpl for group-F4D589545301:[583d69a3-91a3-48b1-b57b-32c881e6a62a:192.168.30.13:44038] with ContainerStateMachine:uninitialized
2019-09-26 10:05:54,419 [pool-449-thread-1] INFO  server.RaftServerConfigKeys (ConfUtils.java:logGet(43)) - raft.server.rpc.timeout.min = 5s (custom)
2019-09-26 10:05:54,419 [pool-449-thread-1] INFO  server.RaftServerConfigKeys (ConfUtils.java:logGet(43)) - raft.server.rpc.timeout.max = 5200ms (custom)
2019-09-26 10:05:54,419 [pool-449-thread-1] INFO  server.RaftServerConfigKeys (ConfUtils.java:logGet(43)) - raft.server.rpcslowness.timeout = 120s (custom)
2019-09-26 10:05:54,419 [pool-449-thread-1] INFO  server.RaftServerConfigKeys (ConfUtils.java:logGet(43)) - raft.server.sleep.deviation.threshold = 300 (default)
2019-09-26 10:05:54,419 [pool-449-thread-1] INFO  server.RaftServerConfigKeys (ConfUtils.java:logGet(43)) - raft.server.log.appender.install.snapshot.enabled = false (custom)
2019-09-26 10:05:54,419 [pool-449-thread-1] INFO  impl.RaftServerImpl (ServerState.java:<init>(103)) - 583d69a3-91a3-48b1-b57b-32c881e6a62a@group-F4D589545301: ConfigurationManager, init=-1: [583d69a3-91a3-48b1-b57b-32c881e6a62a:192.168.30.13:44038], old=null, confs=<EMPTY_MAP>
2019-09-26 10:05:54,420 [pool-449-thread-1] INFO  server.RaftServerConfigKeys (ConfUtils.java:logGet(43)) - raft.server.storage.dir = [/workdir/hadoop-ozone/integration-test/target/test-dir/MiniOzoneClusterImpl-6f19b49f-1ba0-4037-80e1-640204793d9e/datanode-4/data/ratis] (custom)
2019-09-26 10:05:54,420 [pool-449-thread-1] INFO  storage.RaftStorageDirectory (RaftStorageDirectory.java:analyzeStorage(246)) - The storage directory /workdir/hadoop-ozone/integration-test/target/test-dir/MiniOzoneClusterImpl-6f19b49f-1ba0-4037-80e1-640204793d9e/datanode-4/data/ratis/16613b39-3593-48cd-a33c-f4d589545301 does not exist. Creating ...
2019-09-26 10:05:54,426 [pool-449-thread-1] INFO  storage.RaftStorageDirectory (RaftStorageDirectory.java:tryLock(328)) - Lock on /workdir/hadoop-ozone/integration-test/target/test-dir/MiniOzoneClusterImpl-6f19b49f-1ba0-4037-80e1-640204793d9e/datanode-4/data/ratis/16613b39-3593-48cd-a33c-f4d589545301/in_use.lock acquired by nodename 19604@pr-hdds-1569-wvzgm-824869521
2019-09-26 10:05:54,440 [pool-449-thread-1] INFO  storage.RaftStorage (RaftStorage.java:format(72)) - Storage directory /workdir/hadoop-ozone/integration-test/target/test-dir/MiniOzoneClusterImpl-6f19b49f-1ba0-4037-80e1-640204793d9e/datanode-4/data/ratis/16613b39-3593-48cd-a33c-f4d589545301 has been successfully formatted.
2019-09-26 10:05:54,441 [pool-449-thread-1] INFO  ratis.ContainerStateMachine (ContainerStateMachine.java:loadSnapshot(230)) - group-F4D589545301: The snapshot info is null. Setting the last applied indexto:(t:0, i:~)
2019-09-26 10:05:54,441 [pool-449-thread-1] INFO  server.RaftServerConfigKeys (ConfUtils.java:logGet(43)) - raft.server.notification.no-leader.timeout = 120s (custom)
2019-09-26 10:05:54,441 [pool-449-thread-1] INFO  server.RaftServerConfigKeys (ConfUtils.java:logGet(43)) - raft.server.log.use.memory = false (default)
2019-09-26 10:05:54,441 [pool-449-thread-1] INFO  server.RaftServerConfigKeys (ConfUtils.java:logGet(43)) - raft.server.log.purge.gap = 1000000 (custom)
2019-09-26 10:05:54,441 [pool-449-thread-1] INFO  server.RaftServerConfigKeys (ConfUtils.java:logGet(43)) - raft.server.log.appender.buffer.byte-limit = 33554432 (custom)
2019-09-26 10:05:54,441 [pool-449-thread-1] INFO  server.RaftServerConfigKeys (ConfUtils.java:logGet(43)) - raft.server.log.segment.size.max = 1048576 (custom)
2019-09-26 10:05:54,442 [pool-449-thread-1] INFO  server.RaftServerConfigKeys (ConfUtils.java:logGet(43)) - raft.server.log.segment.cache.num.max = 2 (custom)
2019-09-26 10:05:54,442 [pool-449-thread-1] INFO  segmented.SegmentedRaftLogWorker (SegmentedRaftLogWorker.java:<init>(172)) - new 583d69a3-91a3-48b1-b57b-32c881e6a62a@group-F4D589545301-SegmentedRaftLogWorker for RaftStorage:Storage Directory /workdir/hadoop-ozone/integration-test/target/test-dir/MiniOzoneClusterImpl-6f19b49f-1ba0-4037-80e1-640204793d9e/datanode-4/data/ratis/16613b39-3593-48cd-a33c-f4d589545301
2019-09-26 10:05:54,444 [pool-449-thread-1] INFO  server.RaftServerConfigKeys (ConfUtils.java:logGet(43)) - raft.server.log.queue.byte-limit = 2147483647 (custom)
2019-09-26 10:05:54,444 [pool-449-thread-1] INFO  server.RaftServerConfigKeys (ConfUtils.java:logGet(43)) - raft.server.log.queue.element-limit = 1024 (custom)
2019-09-26 10:05:54,444 [pool-449-thread-1] INFO  server.RaftServerConfigKeys (ConfUtils.java:logGet(43)) - raft.server.log.segment.size.max = 1048576 (custom)
2019-09-26 10:05:54,445 [pool-449-thread-1] INFO  server.RaftServerConfigKeys (ConfUtils.java:logGet(43)) - raft.server.log.preallocated.size = 16384 (custom)
2019-09-26 10:05:54,445 [pool-449-thread-1] INFO  server.RaftServerConfigKeys (ConfUtils.java:logGet(43)) - raft.server.log.write.buffer.size = 33554432 (custom)
2019-09-26 10:05:54,445 [pool-449-thread-1] INFO  server.RaftServerConfigKeys (ConfUtils.java:logGet(43)) - raft.server.log.force.sync.num = 128 (default)
2019-09-26 10:05:54,445 [pool-449-thread-1] INFO  server.RaftServerConfigKeys (ConfUtils.java:logGet(43)) - raft.server.log.statemachine.data.sync = true (default)
2019-09-26 10:05:54,445 [pool-449-thread-1] INFO  server.RaftServerConfigKeys (ConfUtils.java:logGet(43)) - raft.server.log.statemachine.data.sync.timeout = 10s (default)
2019-09-26 10:05:54,446 [pool-449-thread-1] INFO  server.RaftServerConfigKeys (ConfUtils.java:logGet(43)) - raft.server.log.statemachine.data.sync.timeout.retry = -1 (default)
2019-09-26 10:05:54,446 [pool-449-thread-1] INFO  server.RaftServerConfigKeys (ConfUtils.java:logGet(43)) - raft.server.log.statemachine.data.caching.enabled = true (custom)
2019-09-26 10:05:54,446 [pool-449-thread-1] INFO  segmented.SegmentedRaftLogWorker (SegmentedRaftLogWorker.java:lambda$new$0(132)) - 583d69a3-91a3-48b1-b57b-32c881e6a62a@group-F4D589545301-SegmentedRaftLogWorker: flushIndex: setUnconditionally 0 -> -1
2019-09-26 10:05:54,447 [pool-449-thread-1] INFO  server.RaftServerConfigKeys (ConfUtils.java:logGet(43)) - raft.server.snapshot.auto.trigger.enabled = true (custom)
2019-09-26 10:05:54,447 [pool-449-thread-1] INFO  server.RaftServerConfigKeys (ConfUtils.java:logGet(43)) - raft.server.snapshot.auto.trigger.threshold = 10000 (custom)
2019-09-26 10:05:54,447 [pool-449-thread-1] INFO  server.RaftServerConfigKeys (ConfUtils.java:logGet(43)) - raft.server.snapshot.retention.num.files = 5 (custom)
2019-09-26 10:05:54,447 [pool-449-thread-1] INFO  server.RaftServerConfigKeys (ConfUtils.java:logGet(43)) - raft.server.retrycache.expirytime = 600000ms (custom)
2019-09-26 10:05:54,449 [pool-449-thread-1] INFO  impl.RaftServerImpl (RaftServerImpl.java:start(185)) - 583d69a3-91a3-48b1-b57b-32c881e6a62a@group-F4D589545301: start as a follower, conf=-1: [583d69a3-91a3-48b1-b57b-32c881e6a62a:192.168.30.13:44038], old=null
2019-09-26 10:05:54,449 [pool-449-thread-1] INFO  impl.RaftServerImpl (RaftServerImpl.java:setRole(174)) - 583d69a3-91a3-48b1-b57b-32c881e6a62a@group-F4D589545301: changes role from      null to FOLLOWER at term 0 for startAsFollower
2019-09-26 10:05:54,449 [pool-449-thread-1] INFO  impl.RoleInfo (RoleInfo.java:updateAndGet(143)) - 583d69a3-91a3-48b1-b57b-32c881e6a62a: start FollowerState
2019-09-26 10:05:54,450 [pool-449-thread-1] INFO  util.JmxRegister (JmxRegister.java:tryRegister(44)) - Successfully registered JMX Bean with object name Ratis:service=RaftServer,group=group-F4D589545301,id=583d69a3-91a3-48b1-b57b-32c881e6a62a
2019-09-26 10:05:54,452 [RatisPipelineUtilsThread] INFO  pipeline.PipelineStateManager (PipelineStateManager.java:addPipeline(56)) - Created pipeline Pipeline[ Id: 16613b39-3593-48cd-a33c-f4d589545301, Nodes: 583d69a3-91a3-48b1-b57b-32c881e6a62a{ip: 192.168.30.13, host: pr-hdds-1569-wvzgm-824869521, networkLocation: /default-rack, certSerialId: null}, Type:RATIS, Factor:ONE, State:OPEN]
2019-09-26 10:05:54,452 [RatisPipelineUtilsThread] INFO  pipeline.PipelinePlacementPolicy (PipelinePlacementPolicy.java:meetCriteria(91)) - Pipeline Placement: can't place more pipeline on heavy datanode： 78fc6c82-4831-4601-bfbf-c281d6d238b7 Heaviness: 6 limit: 5
2019-09-26 10:05:54,459 [grpc-default-executor-1] INFO  impl.RaftServerProxy (RaftServerProxy.java:addNew(89)) - 9c78032f-eba8-46d0-8c4d-d82b43c60fb9: addNew group-7379E4BCF4BA:[9c78032f-eba8-46d0-8c4d-d82b43c60fb9:192.168.30.13:33303] returns group-7379E4BCF4BA:java.util.concurrent.CompletableFuture@e31c89b[Not completed]
2019-09-26 10:05:54,461 [pool-459-thread-1] INFO  impl.RaftServerImpl (RaftServerImpl.java:<init>(95)) - 9c78032f-eba8-46d0-8c4d-d82b43c60fb9: new RaftServerImpl for group-7379E4BCF4BA:[9c78032f-eba8-46d0-8c4d-d82b43c60fb9:192.168.30.13:33303] with ContainerStateMachine:uninitialized
2019-09-26 10:05:54,461 [pool-459-thread-1] INFO  server.RaftServerConfigKeys (ConfUtils.java:logGet(43)) - raft.server.rpc.timeout.min = 5s (custom)
2019-09-26 10:05:54,461 [pool-459-thread-1] INFO  server.RaftServerConfigKeys (ConfUtils.java:logGet(43)) - raft.server.rpc.timeout.max = 5200ms (custom)
2019-09-26 10:05:54,461 [pool-459-thread-1] INFO  server.RaftServerConfigKeys (ConfUtils.java:logGet(43)) - raft.server.rpcslowness.timeout = 120s (custom)
2019-09-26 10:05:54,461 [pool-459-thread-1] INFO  server.RaftServerConfigKeys (ConfUtils.java:logGet(43)) - raft.server.sleep.deviation.threshold = 300 (default)
2019-09-26 10:05:54,461 [pool-459-thread-1] INFO  server.RaftServerConfigKeys (ConfUtils.java:logGet(43)) - raft.server.log.appender.install.snapshot.enabled = false (custom)
2019-09-26 10:05:54,461 [pool-459-thread-1] INFO  impl.RaftServerImpl (ServerState.java:<init>(103)) - 9c78032f-eba8-46d0-8c4d-d82b43c60fb9@group-7379E4BCF4BA: ConfigurationManager, init=-1: [9c78032f-eba8-46d0-8c4d-d82b43c60fb9:192.168.30.13:33303], old=null, confs=<EMPTY_MAP>
2019-09-26 10:05:54,462 [pool-459-thread-1] INFO  server.RaftServerConfigKeys (ConfUtils.java:logGet(43)) - raft.server.storage.dir = [/workdir/hadoop-ozone/integration-test/target/test-dir/MiniOzoneClusterImpl-6f19b49f-1ba0-4037-80e1-640204793d9e/datanode-5/data/ratis] (custom)
2019-09-26 10:05:54,462 [pool-459-thread-1] INFO  storage.RaftStorageDirectory (RaftStorageDirectory.java:analyzeStorage(246)) - The storage directory /workdir/hadoop-ozone/integration-test/target/test-dir/MiniOzoneClusterImpl-6f19b49f-1ba0-4037-80e1-640204793d9e/datanode-5/data/ratis/511640d3-5edb-48a2-a58b-7379e4bcf4ba does not exist. Creating ...
2019-09-26 10:05:54,477 [pool-459-thread-1] INFO  storage.RaftStorageDirectory (RaftStorageDirectory.java:tryLock(328)) - Lock on /workdir/hadoop-ozone/integration-test/target/test-dir/MiniOzoneClusterImpl-6f19b49f-1ba0-4037-80e1-640204793d9e/datanode-5/data/ratis/511640d3-5edb-48a2-a58b-7379e4bcf4ba/in_use.lock acquired by nodename 19604@pr-hdds-1569-wvzgm-824869521
2019-09-26 10:05:54,480 [pool-459-thread-1] INFO  storage.RaftStorage (RaftStorage.java:format(72)) - Storage directory /workdir/hadoop-ozone/integration-test/target/test-dir/MiniOzoneClusterImpl-6f19b49f-1ba0-4037-80e1-640204793d9e/datanode-5/data/ratis/511640d3-5edb-48a2-a58b-7379e4bcf4ba has been successfully formatted.
2019-09-26 10:05:54,480 [pool-459-thread-1] INFO  ratis.ContainerStateMachine (ContainerStateMachine.java:loadSnapshot(230)) - group-7379E4BCF4BA: The snapshot info is null. Setting the last applied indexto:(t:0, i:~)
2019-09-26 10:05:54,481 [pool-459-thread-1] INFO  server.RaftServerConfigKeys (ConfUtils.java:logGet(43)) - raft.server.notification.no-leader.timeout = 120s (custom)
2019-09-26 10:05:54,481 [pool-459-thread-1] INFO  server.RaftServerConfigKeys (ConfUtils.java:logGet(43)) - raft.server.log.use.memory = false (default)
2019-09-26 10:05:54,481 [pool-459-thread-1] INFO  server.RaftServerConfigKeys (ConfUtils.java:logGet(43)) - raft.server.log.purge.gap = 1000000 (custom)
2019-09-26 10:05:54,481 [pool-459-thread-1] INFO  server.RaftServerConfigKeys (ConfUtils.java:logGet(43)) - raft.server.log.appender.buffer.byte-limit = 33554432 (custom)
2019-09-26 10:05:54,481 [pool-459-thread-1] INFO  server.RaftServerConfigKeys (ConfUtils.java:logGet(43)) - raft.server.log.segment.size.max = 1048576 (custom)
2019-09-26 10:05:54,481 [pool-459-thread-1] INFO  server.RaftServerConfigKeys (ConfUtils.java:logGet(43)) - raft.server.log.segment.cache.num.max = 2 (custom)
2019-09-26 10:05:54,481 [pool-459-thread-1] INFO  segmented.SegmentedRaftLogWorker (SegmentedRaftLogWorker.java:<init>(172)) - new 9c78032f-eba8-46d0-8c4d-d82b43c60fb9@group-7379E4BCF4BA-SegmentedRaftLogWorker for RaftStorage:Storage Directory /workdir/hadoop-ozone/integration-test/target/test-dir/MiniOzoneClusterImpl-6f19b49f-1ba0-4037-80e1-640204793d9e/datanode-5/data/ratis/511640d3-5edb-48a2-a58b-7379e4bcf4ba
2019-09-26 10:05:54,483 [pool-459-thread-1] INFO  server.RaftServerConfigKeys (ConfUtils.java:logGet(43)) - raft.server.log.queue.byte-limit = 2147483647 (custom)
2019-09-26 10:05:54,483 [pool-459-thread-1] INFO  server.RaftServerConfigKeys (ConfUtils.java:logGet(43)) - raft.server.log.queue.element-limit = 1024 (custom)
2019-09-26 10:05:54,483 [pool-459-thread-1] INFO  server.RaftServerConfigKeys (ConfUtils.java:logGet(43)) - raft.server.log.segment.size.max = 1048576 (custom)
2019-09-26 10:05:54,483 [pool-459-thread-1] INFO  server.RaftServerConfigKeys (ConfUtils.java:logGet(43)) - raft.server.log.preallocated.size = 16384 (custom)
2019-09-26 10:05:54,483 [pool-459-thread-1] INFO  server.RaftServerConfigKeys (ConfUtils.java:logGet(43)) - raft.server.log.write.buffer.size = 33554432 (custom)
2019-09-26 10:05:54,483 [pool-459-thread-1] INFO  server.RaftServerConfigKeys (ConfUtils.java:logGet(43)) - raft.server.log.force.sync.num = 128 (default)
2019-09-26 10:05:54,483 [pool-459-thread-1] INFO  server.RaftServerConfigKeys (ConfUtils.java:logGet(43)) - raft.server.log.statemachine.data.sync = true (default)
2019-09-26 10:05:54,483 [pool-459-thread-1] INFO  server.RaftServerConfigKeys (ConfUtils.java:logGet(43)) - raft.server.log.statemachine.data.sync.timeout = 10s (default)
2019-09-26 10:05:54,484 [pool-459-thread-1] INFO  server.RaftServerConfigKeys (ConfUtils.java:logGet(43)) - raft.server.log.statemachine.data.sync.timeout.retry = -1 (default)
2019-09-26 10:05:54,484 [pool-459-thread-1] INFO  server.RaftServerConfigKeys (ConfUtils.java:logGet(43)) - raft.server.log.statemachine.data.caching.enabled = true (custom)
2019-09-26 10:05:54,484 [pool-459-thread-1] INFO  segmented.SegmentedRaftLogWorker (SegmentedRaftLogWorker.java:lambda$new$0(132)) - 9c78032f-eba8-46d0-8c4d-d82b43c60fb9@group-7379E4BCF4BA-SegmentedRaftLogWorker: flushIndex: setUnconditionally 0 -> -1
2019-09-26 10:05:54,484 [pool-459-thread-1] INFO  server.RaftServerConfigKeys (ConfUtils.java:logGet(43)) - raft.server.snapshot.auto.trigger.enabled = true (custom)
2019-09-26 10:05:54,485 [pool-459-thread-1] INFO  server.RaftServerConfigKeys (ConfUtils.java:logGet(43)) - raft.server.snapshot.auto.trigger.threshold = 10000 (custom)
2019-09-26 10:05:54,485 [pool-459-thread-1] INFO  server.RaftServerConfigKeys (ConfUtils.java:logGet(43)) - raft.server.snapshot.retention.num.files = 5 (custom)
2019-09-26 10:05:54,485 [pool-459-thread-1] INFO  server.RaftServerConfigKeys (ConfUtils.java:logGet(43)) - raft.server.retrycache.expirytime = 600000ms (custom)
2019-09-26 10:05:54,487 [pool-459-thread-1] INFO  impl.RaftServerImpl (RaftServerImpl.java:start(185)) - 9c78032f-eba8-46d0-8c4d-d82b43c60fb9@group-7379E4BCF4BA: start as a follower, conf=-1: [9c78032f-eba8-46d0-8c4d-d82b43c60fb9:192.168.30.13:33303], old=null
2019-09-26 10:05:54,487 [pool-459-thread-1] INFO  impl.RaftServerImpl (RaftServerImpl.java:setRole(174)) - 9c78032f-eba8-46d0-8c4d-d82b43c60fb9@group-7379E4BCF4BA: changes role from      null to FOLLOWER at term 0 for startAsFollower
2019-09-26 10:05:54,487 [pool-459-thread-1] INFO  impl.RoleInfo (RoleInfo.java:updateAndGet(143)) - 9c78032f-eba8-46d0-8c4d-d82b43c60fb9: start FollowerState
2019-09-26 10:05:54,488 [pool-459-thread-1] INFO  util.JmxRegister (JmxRegister.java:tryRegister(44)) - Successfully registered JMX Bean with object name Ratis:service=RaftServer,group=group-7379E4BCF4BA,id=9c78032f-eba8-46d0-8c4d-d82b43c60fb9
2019-09-26 10:05:54,490 [RatisPipelineUtilsThread] INFO  pipeline.PipelineStateManager (PipelineStateManager.java:addPipeline(56)) - Created pipeline Pipeline[ Id: 511640d3-5edb-48a2-a58b-7379e4bcf4ba, Nodes: 9c78032f-eba8-46d0-8c4d-d82b43c60fb9{ip: 192.168.30.13, host: pr-hdds-1569-wvzgm-824869521, networkLocation: /default-rack, certSerialId: null}, Type:RATIS, Factor:ONE, State:OPEN]
2019-09-26 10:05:54,490 [RatisPipelineUtilsThread] INFO  pipeline.PipelinePlacementPolicy (PipelinePlacementPolicy.java:meetCriteria(91)) - Pipeline Placement: can't place more pipeline on heavy datanode： 78fc6c82-4831-4601-bfbf-c281d6d238b7 Heaviness: 6 limit: 5
2019-09-26 10:05:54,493 [grpc-default-executor-1] INFO  impl.RaftServerProxy (RaftServerProxy.java:addNew(89)) - db227204-214e-44d9-8d16-8c4813e40a58: addNew group-65006520ADF8:[db227204-214e-44d9-8d16-8c4813e40a58:192.168.30.13:35682] returns group-65006520ADF8:java.util.concurrent.CompletableFuture@1654df88[Not completed]
2019-09-26 10:05:54,494 [pool-439-thread-1] INFO  impl.RaftServerImpl (RaftServerImpl.java:<init>(95)) - db227204-214e-44d9-8d16-8c4813e40a58: new RaftServerImpl for group-65006520ADF8:[db227204-214e-44d9-8d16-8c4813e40a58:192.168.30.13:35682] with ContainerStateMachine:uninitialized
2019-09-26 10:05:54,494 [pool-439-thread-1] INFO  server.RaftServerConfigKeys (ConfUtils.java:logGet(43)) - raft.server.rpc.timeout.min = 5s (custom)
2019-09-26 10:05:54,494 [pool-439-thread-1] INFO  server.RaftServerConfigKeys (ConfUtils.java:logGet(43)) - raft.server.rpc.timeout.max = 5200ms (custom)
2019-09-26 10:05:54,494 [pool-439-thread-1] INFO  server.RaftServerConfigKeys (ConfUtils.java:logGet(43)) - raft.server.rpcslowness.timeout = 120s (custom)
2019-09-26 10:05:54,494 [pool-439-thread-1] INFO  server.RaftServerConfigKeys (ConfUtils.java:logGet(43)) - raft.server.sleep.deviation.threshold = 300 (default)
2019-09-26 10:05:54,495 [pool-439-thread-1] INFO  server.RaftServerConfigKeys (ConfUtils.java:logGet(43)) - raft.server.log.appender.install.snapshot.enabled = false (custom)
2019-09-26 10:05:54,495 [pool-439-thread-1] INFO  impl.RaftServerImpl (ServerState.java:<init>(103)) - db227204-214e-44d9-8d16-8c4813e40a58@group-65006520ADF8: ConfigurationManager, init=-1: [db227204-214e-44d9-8d16-8c4813e40a58:192.168.30.13:35682], old=null, confs=<EMPTY_MAP>
2019-09-26 10:05:54,495 [pool-439-thread-1] INFO  server.RaftServerConfigKeys (ConfUtils.java:logGet(43)) - raft.server.storage.dir = [/workdir/hadoop-ozone/integration-test/target/test-dir/MiniOzoneClusterImpl-6f19b49f-1ba0-4037-80e1-640204793d9e/datanode-3/data/ratis] (custom)
2019-09-26 10:05:54,495 [pool-439-thread-1] INFO  storage.RaftStorageDirectory (RaftStorageDirectory.java:analyzeStorage(246)) - The storage directory /workdir/hadoop-ozone/integration-test/target/test-dir/MiniOzoneClusterImpl-6f19b49f-1ba0-4037-80e1-640204793d9e/datanode-3/data/ratis/93873631-4810-4763-b585-65006520adf8 does not exist. Creating ...
2019-09-26 10:05:54,498 [pool-439-thread-1] INFO  storage.RaftStorageDirectory (RaftStorageDirectory.java:tryLock(328)) - Lock on /workdir/hadoop-ozone/integration-test/target/test-dir/MiniOzoneClusterImpl-6f19b49f-1ba0-4037-80e1-640204793d9e/datanode-3/data/ratis/93873631-4810-4763-b585-65006520adf8/in_use.lock acquired by nodename 19604@pr-hdds-1569-wvzgm-824869521
2019-09-26 10:05:54,512 [pool-439-thread-1] INFO  storage.RaftStorage (RaftStorage.java:format(72)) - Storage directory /workdir/hadoop-ozone/integration-test/target/test-dir/MiniOzoneClusterImpl-6f19b49f-1ba0-4037-80e1-640204793d9e/datanode-3/data/ratis/93873631-4810-4763-b585-65006520adf8 has been successfully formatted.
2019-09-26 10:05:54,512 [pool-439-thread-1] INFO  ratis.ContainerStateMachine (ContainerStateMachine.java:loadSnapshot(230)) - group-65006520ADF8: The snapshot info is null. Setting the last applied indexto:(t:0, i:~)
2019-09-26 10:05:54,512 [pool-439-thread-1] INFO  server.RaftServerConfigKeys (ConfUtils.java:logGet(43)) - raft.server.notification.no-leader.timeout = 120s (custom)
2019-09-26 10:05:54,512 [pool-439-thread-1] INFO  server.RaftServerConfigKeys (ConfUtils.java:logGet(43)) - raft.server.log.use.memory = false (default)
2019-09-26 10:05:54,512 [pool-439-thread-1] INFO  server.RaftServerConfigKeys (ConfUtils.java:logGet(43)) - raft.server.log.purge.gap = 1000000 (custom)
2019-09-26 10:05:54,513 [pool-439-thread-1] INFO  server.RaftServerConfigKeys (ConfUtils.java:logGet(43)) - raft.server.log.appender.buffer.byte-limit = 33554432 (custom)
2019-09-26 10:05:54,513 [pool-439-thread-1] INFO  server.RaftServerConfigKeys (ConfUtils.java:logGet(43)) - raft.server.log.segment.size.max = 1048576 (custom)
2019-09-26 10:05:54,513 [pool-439-thread-1] INFO  server.RaftServerConfigKeys (ConfUtils.java:logGet(43)) - raft.server.log.segment.cache.num.max = 2 (custom)
2019-09-26 10:05:54,513 [pool-439-thread-1] INFO  segmented.SegmentedRaftLogWorker (SegmentedRaftLogWorker.java:<init>(172)) - new db227204-214e-44d9-8d16-8c4813e40a58@group-65006520ADF8-SegmentedRaftLogWorker for RaftStorage:Storage Directory /workdir/hadoop-ozone/integration-test/target/test-dir/MiniOzoneClusterImpl-6f19b49f-1ba0-4037-80e1-640204793d9e/datanode-3/data/ratis/93873631-4810-4763-b585-65006520adf8
2019-09-26 10:05:54,513 [pool-439-thread-1] INFO  server.RaftServerConfigKeys (ConfUtils.java:logGet(43)) - raft.server.log.queue.byte-limit = 2147483647 (custom)
2019-09-26 10:05:54,513 [pool-439-thread-1] INFO  server.RaftServerConfigKeys (ConfUtils.java:logGet(43)) - raft.server.log.queue.element-limit = 1024 (custom)
2019-09-26 10:05:54,513 [pool-439-thread-1] INFO  server.RaftServerConfigKeys (ConfUtils.java:logGet(43)) - raft.server.log.segment.size.max = 1048576 (custom)
2019-09-26 10:05:54,514 [pool-439-thread-1] INFO  server.RaftServerConfigKeys (ConfUtils.java:logGet(43)) - raft.server.log.preallocated.size = 16384 (custom)
2019-09-26 10:05:54,514 [pool-439-thread-1] INFO  server.RaftServerConfigKeys (ConfUtils.java:logGet(43)) - raft.server.log.write.buffer.size = 33554432 (custom)
2019-09-26 10:05:54,514 [pool-439-thread-1] INFO  server.RaftServerConfigKeys (ConfUtils.java:logGet(43)) - raft.server.log.force.sync.num = 128 (default)
2019-09-26 10:05:54,514 [pool-439-thread-1] INFO  server.RaftServerConfigKeys (ConfUtils.java:logGet(43)) - raft.server.log.statemachine.data.sync = true (default)
2019-09-26 10:05:54,514 [pool-439-thread-1] INFO  server.RaftServerConfigKeys (ConfUtils.java:logGet(43)) - raft.server.log.statemachine.data.sync.timeout = 10s (default)
2019-09-26 10:05:54,514 [pool-439-thread-1] INFO  server.RaftServerConfigKeys (ConfUtils.java:logGet(43)) - raft.server.log.statemachine.data.sync.timeout.retry = -1 (default)
2019-09-26 10:05:54,514 [pool-439-thread-1] INFO  server.RaftServerConfigKeys (ConfUtils.java:logGet(43)) - raft.server.log.statemachine.data.caching.enabled = true (custom)
2019-09-26 10:05:54,515 [pool-439-thread-1] INFO  segmented.SegmentedRaftLogWorker (SegmentedRaftLogWorker.java:lambda$new$0(132)) - db227204-214e-44d9-8d16-8c4813e40a58@group-65006520ADF8-SegmentedRaftLogWorker: flushIndex: setUnconditionally 0 -> -1
2019-09-26 10:05:54,515 [pool-439-thread-1] INFO  server.RaftServerConfigKeys (ConfUtils.java:logGet(43)) - raft.server.snapshot.auto.trigger.enabled = true (custom)
2019-09-26 10:05:54,515 [pool-439-thread-1] INFO  server.RaftServerConfigKeys (ConfUtils.java:logGet(43)) - raft.server.snapshot.auto.trigger.threshold = 10000 (custom)
2019-09-26 10:05:54,515 [pool-439-thread-1] INFO  server.RaftServerConfigKeys (ConfUtils.java:logGet(43)) - raft.server.snapshot.retention.num.files = 5 (custom)
2019-09-26 10:05:54,516 [pool-439-thread-1] INFO  server.RaftServerConfigKeys (ConfUtils.java:logGet(43)) - raft.server.retrycache.expirytime = 600000ms (custom)
2019-09-26 10:05:54,518 [pool-439-thread-1] INFO  impl.RaftServerImpl (RaftServerImpl.java:start(185)) - db227204-214e-44d9-8d16-8c4813e40a58@group-65006520ADF8: start as a follower, conf=-1: [db227204-214e-44d9-8d16-8c4813e40a58:192.168.30.13:35682], old=null
2019-09-26 10:05:54,518 [pool-439-thread-1] INFO  impl.RaftServerImpl (RaftServerImpl.java:setRole(174)) - db227204-214e-44d9-8d16-8c4813e40a58@group-65006520ADF8: changes role from      null to FOLLOWER at term 0 for startAsFollower
2019-09-26 10:05:54,518 [pool-439-thread-1] INFO  impl.RoleInfo (RoleInfo.java:updateAndGet(143)) - db227204-214e-44d9-8d16-8c4813e40a58: start FollowerState
2019-09-26 10:05:54,518 [pool-439-thread-1] INFO  util.JmxRegister (JmxRegister.java:tryRegister(44)) - Successfully registered JMX Bean with object name Ratis:service=RaftServer,group=group-65006520ADF8,id=db227204-214e-44d9-8d16-8c4813e40a58
2019-09-26 10:05:54,520 [RatisPipelineUtilsThread] INFO  pipeline.PipelineStateManager (PipelineStateManager.java:addPipeline(56)) - Created pipeline Pipeline[ Id: 93873631-4810-4763-b585-65006520adf8, Nodes: db227204-214e-44d9-8d16-8c4813e40a58{ip: 192.168.30.13, host: pr-hdds-1569-wvzgm-824869521, networkLocation: /default-rack, certSerialId: null}, Type:RATIS, Factor:ONE, State:OPEN]
2019-09-26 10:05:54,520 [RatisPipelineUtilsThread] INFO  pipeline.PipelinePlacementPolicy (PipelinePlacementPolicy.java:meetCriteria(91)) - Pipeline Placement: can't place more pipeline on heavy datanode： 78fc6c82-4831-4601-bfbf-c281d6d238b7 Heaviness: 6 limit: 5
2019-09-26 10:05:54,523 [grpc-default-executor-1] INFO  impl.RaftServerProxy (RaftServerProxy.java:addNew(89)) - 830a81b3-f833-43ed-8e64-f2525410bb9b: addNew group-FB76638FA5E6:[830a81b3-f833-43ed-8e64-f2525410bb9b:192.168.30.13:33698] returns group-FB76638FA5E6:java.util.concurrent.CompletableFuture@7f72fa95[Not completed]
2019-09-26 10:05:54,524 [pool-429-thread-1] INFO  impl.RaftServerImpl (RaftServerImpl.java:<init>(95)) - 830a81b3-f833-43ed-8e64-f2525410bb9b: new RaftServerImpl for group-FB76638FA5E6:[830a81b3-f833-43ed-8e64-f2525410bb9b:192.168.30.13:33698] with ContainerStateMachine:uninitialized
2019-09-26 10:05:54,524 [pool-429-thread-1] INFO  server.RaftServerConfigKeys (ConfUtils.java:logGet(43)) - raft.server.rpc.timeout.min = 5s (custom)
2019-09-26 10:05:54,524 [pool-429-thread-1] INFO  server.RaftServerConfigKeys (ConfUtils.java:logGet(43)) - raft.server.rpc.timeout.max = 5200ms (custom)
2019-09-26 10:05:54,524 [pool-429-thread-1] INFO  server.RaftServerConfigKeys (ConfUtils.java:logGet(43)) - raft.server.rpcslowness.timeout = 120s (custom)
2019-09-26 10:05:54,524 [pool-429-thread-1] INFO  server.RaftServerConfigKeys (ConfUtils.java:logGet(43)) - raft.server.sleep.deviation.threshold = 300 (default)
2019-09-26 10:05:54,525 [pool-429-thread-1] INFO  server.RaftServerConfigKeys (ConfUtils.java:logGet(43)) - raft.server.log.appender.install.snapshot.enabled = false (custom)
2019-09-26 10:05:54,525 [pool-429-thread-1] INFO  impl.RaftServerImpl (ServerState.java:<init>(103)) - 830a81b3-f833-43ed-8e64-f2525410bb9b@group-FB76638FA5E6: ConfigurationManager, init=-1: [830a81b3-f833-43ed-8e64-f2525410bb9b:192.168.30.13:33698], old=null, confs=<EMPTY_MAP>
2019-09-26 10:05:54,525 [pool-429-thread-1] INFO  server.RaftServerConfigKeys (ConfUtils.java:logGet(43)) - raft.server.storage.dir = [/workdir/hadoop-ozone/integration-test/target/test-dir/MiniOzoneClusterImpl-6f19b49f-1ba0-4037-80e1-640204793d9e/datanode-2/data/ratis] (custom)
2019-09-26 10:05:54,525 [pool-429-thread-1] INFO  storage.RaftStorageDirectory (RaftStorageDirectory.java:analyzeStorage(246)) - The storage directory /workdir/hadoop-ozone/integration-test/target/test-dir/MiniOzoneClusterImpl-6f19b49f-1ba0-4037-80e1-640204793d9e/datanode-2/data/ratis/f014d842-76fa-4ca5-ab01-fb76638fa5e6 does not exist. Creating ...
2019-09-26 10:05:54,535 [pool-429-thread-1] INFO  storage.RaftStorageDirectory (RaftStorageDirectory.java:tryLock(328)) - Lock on /workdir/hadoop-ozone/integration-test/target/test-dir/MiniOzoneClusterImpl-6f19b49f-1ba0-4037-80e1-640204793d9e/datanode-2/data/ratis/f014d842-76fa-4ca5-ab01-fb76638fa5e6/in_use.lock acquired by nodename 19604@pr-hdds-1569-wvzgm-824869521
2019-09-26 10:05:54,559 [pool-429-thread-1] INFO  storage.RaftStorage (RaftStorage.java:format(72)) - Storage directory /workdir/hadoop-ozone/integration-test/target/test-dir/MiniOzoneClusterImpl-6f19b49f-1ba0-4037-80e1-640204793d9e/datanode-2/data/ratis/f014d842-76fa-4ca5-ab01-fb76638fa5e6 has been successfully formatted.
2019-09-26 10:05:54,559 [pool-429-thread-1] INFO  ratis.ContainerStateMachine (ContainerStateMachine.java:loadSnapshot(230)) - group-FB76638FA5E6: The snapshot info is null. Setting the last applied indexto:(t:0, i:~)
2019-09-26 10:05:54,559 [pool-429-thread-1] INFO  server.RaftServerConfigKeys (ConfUtils.java:logGet(43)) - raft.server.notification.no-leader.timeout = 120s (custom)
2019-09-26 10:05:54,559 [pool-429-thread-1] INFO  server.RaftServerConfigKeys (ConfUtils.java:logGet(43)) - raft.server.log.use.memory = false (default)
2019-09-26 10:05:54,560 [pool-429-thread-1] INFO  server.RaftServerConfigKeys (ConfUtils.java:logGet(43)) - raft.server.log.purge.gap = 1000000 (custom)
2019-09-26 10:05:54,560 [pool-429-thread-1] INFO  server.RaftServerConfigKeys (ConfUtils.java:logGet(43)) - raft.server.log.appender.buffer.byte-limit = 33554432 (custom)
2019-09-26 10:05:54,560 [pool-429-thread-1] INFO  server.RaftServerConfigKeys (ConfUtils.java:logGet(43)) - raft.server.log.segment.size.max = 1048576 (custom)
2019-09-26 10:05:54,560 [pool-429-thread-1] INFO  server.RaftServerConfigKeys (ConfUtils.java:logGet(43)) - raft.server.log.segment.cache.num.max = 2 (custom)
2019-09-26 10:05:54,560 [pool-429-thread-1] INFO  segmented.SegmentedRaftLogWorker (SegmentedRaftLogWorker.java:<init>(172)) - new 830a81b3-f833-43ed-8e64-f2525410bb9b@group-FB76638FA5E6-SegmentedRaftLogWorker for RaftStorage:Storage Directory /workdir/hadoop-ozone/integration-test/target/test-dir/MiniOzoneClusterImpl-6f19b49f-1ba0-4037-80e1-640204793d9e/datanode-2/data/ratis/f014d842-76fa-4ca5-ab01-fb76638fa5e6
2019-09-26 10:05:54,560 [pool-429-thread-1] INFO  server.RaftServerConfigKeys (ConfUtils.java:logGet(43)) - raft.server.log.queue.byte-limit = 2147483647 (custom)
2019-09-26 10:05:54,560 [pool-429-thread-1] INFO  server.RaftServerConfigKeys (ConfUtils.java:logGet(43)) - raft.server.log.queue.element-limit = 1024 (custom)
2019-09-26 10:05:54,560 [pool-429-thread-1] INFO  server.RaftServerConfigKeys (ConfUtils.java:logGet(43)) - raft.server.log.segment.size.max = 1048576 (custom)
2019-09-26 10:05:54,560 [pool-429-thread-1] INFO  server.RaftServerConfigKeys (ConfUtils.java:logGet(43)) - raft.server.log.preallocated.size = 16384 (custom)
2019-09-26 10:05:54,561 [pool-429-thread-1] INFO  server.RaftServerConfigKeys (ConfUtils.java:logGet(43)) - raft.server.log.write.buffer.size = 33554432 (custom)
2019-09-26 10:05:54,561 [pool-429-thread-1] INFO  server.RaftServerConfigKeys (ConfUtils.java:logGet(43)) - raft.server.log.force.sync.num = 128 (default)
2019-09-26 10:05:54,561 [pool-429-thread-1] INFO  server.RaftServerConfigKeys (ConfUtils.java:logGet(43)) - raft.server.log.statemachine.data.sync = true (default)
2019-09-26 10:05:54,561 [pool-429-thread-1] INFO  server.RaftServerConfigKeys (ConfUtils.java:logGet(43)) - raft.server.log.statemachine.data.sync.timeout = 10s (default)
2019-09-26 10:05:54,561 [pool-429-thread-1] INFO  server.RaftServerConfigKeys (ConfUtils.java:logGet(43)) - raft.server.log.statemachine.data.sync.timeout.retry = -1 (default)
2019-09-26 10:05:54,561 [pool-429-thread-1] INFO  server.RaftServerConfigKeys (ConfUtils.java:logGet(43)) - raft.server.log.statemachine.data.caching.enabled = true (custom)
2019-09-26 10:05:54,561 [pool-429-thread-1] INFO  segmented.SegmentedRaftLogWorker (SegmentedRaftLogWorker.java:lambda$new$0(132)) - 830a81b3-f833-43ed-8e64-f2525410bb9b@group-FB76638FA5E6-SegmentedRaftLogWorker: flushIndex: setUnconditionally 0 -> -1
2019-09-26 10:05:54,561 [pool-429-thread-1] INFO  server.RaftServerConfigKeys (ConfUtils.java:logGet(43)) - raft.server.snapshot.auto.trigger.enabled = true (custom)
2019-09-26 10:05:54,562 [pool-429-thread-1] INFO  server.RaftServerConfigKeys (ConfUtils.java:logGet(43)) - raft.server.snapshot.auto.trigger.threshold = 10000 (custom)
2019-09-26 10:05:54,562 [pool-429-thread-1] INFO  server.RaftServerConfigKeys (ConfUtils.java:logGet(43)) - raft.server.snapshot.retention.num.files = 5 (custom)
2019-09-26 10:05:54,562 [pool-429-thread-1] INFO  server.RaftServerConfigKeys (ConfUtils.java:logGet(43)) - raft.server.retrycache.expirytime = 600000ms (custom)
2019-09-26 10:05:54,563 [pool-429-thread-1] INFO  impl.RaftServerImpl (RaftServerImpl.java:start(185)) - 830a81b3-f833-43ed-8e64-f2525410bb9b@group-FB76638FA5E6: start as a follower, conf=-1: [830a81b3-f833-43ed-8e64-f2525410bb9b:192.168.30.13:33698], old=null
2019-09-26 10:05:54,563 [pool-429-thread-1] INFO  impl.RaftServerImpl (RaftServerImpl.java:setRole(174)) - 830a81b3-f833-43ed-8e64-f2525410bb9b@group-FB76638FA5E6: changes role from      null to FOLLOWER at term 0 for startAsFollower
2019-09-26 10:05:54,563 [pool-429-thread-1] INFO  impl.RoleInfo (RoleInfo.java:updateAndGet(143)) - 830a81b3-f833-43ed-8e64-f2525410bb9b: start FollowerState
2019-09-26 10:05:54,563 [pool-429-thread-1] INFO  util.JmxRegister (JmxRegister.java:tryRegister(44)) - Successfully registered JMX Bean with object name Ratis:service=RaftServer,group=group-FB76638FA5E6,id=830a81b3-f833-43ed-8e64-f2525410bb9b
2019-09-26 10:05:54,565 [RatisPipelineUtilsThread] INFO  pipeline.PipelineStateManager (PipelineStateManager.java:addPipeline(56)) - Created pipeline Pipeline[ Id: f014d842-76fa-4ca5-ab01-fb76638fa5e6, Nodes: 830a81b3-f833-43ed-8e64-f2525410bb9b{ip: 192.168.30.13, host: pr-hdds-1569-wvzgm-824869521, networkLocation: /default-rack, certSerialId: null}, Type:RATIS, Factor:ONE, State:OPEN]
2019-09-26 10:05:54,565 [RatisPipelineUtilsThread] INFO  pipeline.PipelinePlacementPolicy (PipelinePlacementPolicy.java:meetCriteria(91)) - Pipeline Placement: can't place more pipeline on heavy datanode： 78fc6c82-4831-4601-bfbf-c281d6d238b7 Heaviness: 6 limit: 5
2019-09-26 10:05:54,568 [grpc-default-executor-1] INFO  impl.RaftServerProxy (RaftServerProxy.java:addNew(89)) - 72f743f9-1e0e-4345-96f1-9a3a34c18cec: addNew group-2968D36E678D:[72f743f9-1e0e-4345-96f1-9a3a34c18cec:192.168.30.13:42232] returns group-2968D36E678D:java.util.concurrent.CompletableFuture@b76b943[Not completed]
2019-09-26 10:05:54,569 [pool-419-thread-1] INFO  impl.RaftServerImpl (RaftServerImpl.java:<init>(95)) - 72f743f9-1e0e-4345-96f1-9a3a34c18cec: new RaftServerImpl for group-2968D36E678D:[72f743f9-1e0e-4345-96f1-9a3a34c18cec:192.168.30.13:42232] with ContainerStateMachine:uninitialized
2019-09-26 10:05:54,569 [pool-419-thread-1] INFO  server.RaftServerConfigKeys (ConfUtils.java:logGet(43)) - raft.server.rpc.timeout.min = 5s (custom)
2019-09-26 10:05:54,569 [pool-419-thread-1] INFO  server.RaftServerConfigKeys (ConfUtils.java:logGet(43)) - raft.server.rpc.timeout.max = 5200ms (custom)
2019-09-26 10:05:54,569 [pool-419-thread-1] INFO  server.RaftServerConfigKeys (ConfUtils.java:logGet(43)) - raft.server.rpcslowness.timeout = 120s (custom)
2019-09-26 10:05:54,569 [pool-419-thread-1] INFO  server.RaftServerConfigKeys (ConfUtils.java:logGet(43)) - raft.server.sleep.deviation.threshold = 300 (default)
2019-09-26 10:05:54,569 [pool-419-thread-1] INFO  server.RaftServerConfigKeys (ConfUtils.java:logGet(43)) - raft.server.log.appender.install.snapshot.enabled = false (custom)
2019-09-26 10:05:54,569 [pool-419-thread-1] INFO  impl.RaftServerImpl (ServerState.java:<init>(103)) - 72f743f9-1e0e-4345-96f1-9a3a34c18cec@group-2968D36E678D: ConfigurationManager, init=-1: [72f743f9-1e0e-4345-96f1-9a3a34c18cec:192.168.30.13:42232], old=null, confs=<EMPTY_MAP>
2019-09-26 10:05:54,570 [pool-419-thread-1] INFO  server.RaftServerConfigKeys (ConfUtils.java:logGet(43)) - raft.server.storage.dir = [/workdir/hadoop-ozone/integration-test/target/test-dir/MiniOzoneClusterImpl-6f19b49f-1ba0-4037-80e1-640204793d9e/datanode-1/data/ratis] (custom)
2019-09-26 10:05:54,570 [pool-419-thread-1] INFO  storage.RaftStorageDirectory (RaftStorageDirectory.java:analyzeStorage(246)) - The storage directory /workdir/hadoop-ozone/integration-test/target/test-dir/MiniOzoneClusterImpl-6f19b49f-1ba0-4037-80e1-640204793d9e/datanode-1/data/ratis/89fc9a0f-2af8-47aa-a4b6-2968d36e678d does not exist. Creating ...
2019-09-26 10:05:54,574 [pool-419-thread-1] INFO  storage.RaftStorageDirectory (RaftStorageDirectory.java:tryLock(328)) - Lock on /workdir/hadoop-ozone/integration-test/target/test-dir/MiniOzoneClusterImpl-6f19b49f-1ba0-4037-80e1-640204793d9e/datanode-1/data/ratis/89fc9a0f-2af8-47aa-a4b6-2968d36e678d/in_use.lock acquired by nodename 19604@pr-hdds-1569-wvzgm-824869521
2019-09-26 10:05:54,600 [pool-419-thread-1] INFO  storage.RaftStorage (RaftStorage.java:format(72)) - Storage directory /workdir/hadoop-ozone/integration-test/target/test-dir/MiniOzoneClusterImpl-6f19b49f-1ba0-4037-80e1-640204793d9e/datanode-1/data/ratis/89fc9a0f-2af8-47aa-a4b6-2968d36e678d has been successfully formatted.
2019-09-26 10:05:54,600 [pool-419-thread-1] INFO  ratis.ContainerStateMachine (ContainerStateMachine.java:loadSnapshot(230)) - group-2968D36E678D: The snapshot info is null. Setting the last applied indexto:(t:0, i:~)
2019-09-26 10:05:54,600 [pool-419-thread-1] INFO  server.RaftServerConfigKeys (ConfUtils.java:logGet(43)) - raft.server.notification.no-leader.timeout = 120s (custom)
2019-09-26 10:05:54,600 [pool-419-thread-1] INFO  server.RaftServerConfigKeys (ConfUtils.java:logGet(43)) - raft.server.log.use.memory = false (default)
2019-09-26 10:05:54,600 [pool-419-thread-1] INFO  server.RaftServerConfigKeys (ConfUtils.java:logGet(43)) - raft.server.log.purge.gap = 1000000 (custom)
2019-09-26 10:05:54,600 [pool-419-thread-1] INFO  server.RaftServerConfigKeys (ConfUtils.java:logGet(43)) - raft.server.log.appender.buffer.byte-limit = 33554432 (custom)
2019-09-26 10:05:54,600 [pool-419-thread-1] INFO  server.RaftServerConfigKeys (ConfUtils.java:logGet(43)) - raft.server.log.segment.size.max = 1048576 (custom)
2019-09-26 10:05:54,601 [pool-419-thread-1] INFO  server.RaftServerConfigKeys (ConfUtils.java:logGet(43)) - raft.server.log.segment.cache.num.max = 2 (custom)
2019-09-26 10:05:54,601 [pool-419-thread-1] INFO  segmented.SegmentedRaftLogWorker (SegmentedRaftLogWorker.java:<init>(172)) - new 72f743f9-1e0e-4345-96f1-9a3a34c18cec@group-2968D36E678D-SegmentedRaftLogWorker for RaftStorage:Storage Directory /workdir/hadoop-ozone/integration-test/target/test-dir/MiniOzoneClusterImpl-6f19b49f-1ba0-4037-80e1-640204793d9e/datanode-1/data/ratis/89fc9a0f-2af8-47aa-a4b6-2968d36e678d
2019-09-26 10:05:54,601 [pool-419-thread-1] INFO  server.RaftServerConfigKeys (ConfUtils.java:logGet(43)) - raft.server.log.queue.byte-limit = 2147483647 (custom)
2019-09-26 10:05:54,601 [pool-419-thread-1] INFO  server.RaftServerConfigKeys (ConfUtils.java:logGet(43)) - raft.server.log.queue.element-limit = 1024 (custom)
2019-09-26 10:05:54,601 [pool-419-thread-1] INFO  server.RaftServerConfigKeys (ConfUtils.java:logGet(43)) - raft.server.log.segment.size.max = 1048576 (custom)
2019-09-26 10:05:54,601 [pool-419-thread-1] INFO  server.RaftServerConfigKeys (ConfUtils.java:logGet(43)) - raft.server.log.preallocated.size = 16384 (custom)
2019-09-26 10:05:54,601 [pool-419-thread-1] INFO  server.RaftServerConfigKeys (ConfUtils.java:logGet(43)) - raft.server.log.write.buffer.size = 33554432 (custom)
2019-09-26 10:05:54,601 [pool-419-thread-1] INFO  server.RaftServerConfigKeys (ConfUtils.java:logGet(43)) - raft.server.log.force.sync.num = 128 (default)
2019-09-26 10:05:54,601 [pool-419-thread-1] INFO  server.RaftServerConfigKeys (ConfUtils.java:logGet(43)) - raft.server.log.statemachine.data.sync = true (default)
2019-09-26 10:05:54,601 [pool-419-thread-1] INFO  server.RaftServerConfigKeys (ConfUtils.java:logGet(43)) - raft.server.log.statemachine.data.sync.timeout = 10s (default)
2019-09-26 10:05:54,602 [pool-419-thread-1] INFO  server.RaftServerConfigKeys (ConfUtils.java:logGet(43)) - raft.server.log.statemachine.data.sync.timeout.retry = -1 (default)
2019-09-26 10:05:54,602 [pool-419-thread-1] INFO  server.RaftServerConfigKeys (ConfUtils.java:logGet(43)) - raft.server.log.statemachine.data.caching.enabled = true (custom)
2019-09-26 10:05:54,602 [pool-419-thread-1] INFO  segmented.SegmentedRaftLogWorker (SegmentedRaftLogWorker.java:lambda$new$0(132)) - 72f743f9-1e0e-4345-96f1-9a3a34c18cec@group-2968D36E678D-SegmentedRaftLogWorker: flushIndex: setUnconditionally 0 -> -1
2019-09-26 10:05:54,602 [pool-419-thread-1] INFO  server.RaftServerConfigKeys (ConfUtils.java:logGet(43)) - raft.server.snapshot.auto.trigger.enabled = true (custom)
2019-09-26 10:05:54,602 [pool-419-thread-1] INFO  server.RaftServerConfigKeys (ConfUtils.java:logGet(43)) - raft.server.snapshot.auto.trigger.threshold = 10000 (custom)
2019-09-26 10:05:54,602 [pool-419-thread-1] INFO  server.RaftServerConfigKeys (ConfUtils.java:logGet(43)) - raft.server.snapshot.retention.num.files = 5 (custom)
2019-09-26 10:05:54,602 [pool-419-thread-1] INFO  server.RaftServerConfigKeys (ConfUtils.java:logGet(43)) - raft.server.retrycache.expirytime = 600000ms (custom)
2019-09-26 10:05:54,604 [pool-419-thread-1] INFO  impl.RaftServerImpl (RaftServerImpl.java:start(185)) - 72f743f9-1e0e-4345-96f1-9a3a34c18cec@group-2968D36E678D: start as a follower, conf=-1: [72f743f9-1e0e-4345-96f1-9a3a34c18cec:192.168.30.13:42232], old=null
2019-09-26 10:05:54,604 [pool-419-thread-1] INFO  impl.RaftServerImpl (RaftServerImpl.java:setRole(174)) - 72f743f9-1e0e-4345-96f1-9a3a34c18cec@group-2968D36E678D: changes role from      null to FOLLOWER at term 0 for startAsFollower
2019-09-26 10:05:54,604 [pool-419-thread-1] INFO  impl.RoleInfo (RoleInfo.java:updateAndGet(143)) - 72f743f9-1e0e-4345-96f1-9a3a34c18cec: start FollowerState
2019-09-26 10:05:54,604 [pool-419-thread-1] INFO  util.JmxRegister (JmxRegister.java:tryRegister(44)) - Successfully registered JMX Bean with object name Ratis:service=RaftServer,group=group-2968D36E678D,id=72f743f9-1e0e-4345-96f1-9a3a34c18cec
2019-09-26 10:05:54,606 [RatisPipelineUtilsThread] INFO  pipeline.PipelineStateManager (PipelineStateManager.java:addPipeline(56)) - Created pipeline Pipeline[ Id: 89fc9a0f-2af8-47aa-a4b6-2968d36e678d, Nodes: 72f743f9-1e0e-4345-96f1-9a3a34c18cec{ip: 192.168.30.13, host: pr-hdds-1569-wvzgm-824869521, networkLocation: /default-rack, certSerialId: null}, Type:RATIS, Factor:ONE, State:OPEN]
2019-09-26 10:05:54,606 [RatisPipelineUtilsThread] INFO  pipeline.PipelinePlacementPolicy (PipelinePlacementPolicy.java:meetCriteria(91)) - Pipeline Placement: can't place more pipeline on heavy datanode： 78fc6c82-4831-4601-bfbf-c281d6d238b7 Heaviness: 6 limit: 5
2019-09-26 10:05:54,609 [grpc-default-executor-1] INFO  impl.RaftServerProxy (RaftServerProxy.java:addNew(89)) - 583d69a3-91a3-48b1-b57b-32c881e6a62a: addNew group-DB2F6B186195:[583d69a3-91a3-48b1-b57b-32c881e6a62a:192.168.30.13:44038] returns group-DB2F6B186195:java.util.concurrent.CompletableFuture@207b2572[Not completed]
2019-09-26 10:05:54,610 [pool-449-thread-1] INFO  impl.RaftServerImpl (RaftServerImpl.java:<init>(95)) - 583d69a3-91a3-48b1-b57b-32c881e6a62a: new RaftServerImpl for group-DB2F6B186195:[583d69a3-91a3-48b1-b57b-32c881e6a62a:192.168.30.13:44038] with ContainerStateMachine:uninitialized
2019-09-26 10:05:54,610 [pool-449-thread-1] INFO  server.RaftServerConfigKeys (ConfUtils.java:logGet(43)) - raft.server.rpc.timeout.min = 5s (custom)
2019-09-26 10:05:54,610 [pool-449-thread-1] INFO  server.RaftServerConfigKeys (ConfUtils.java:logGet(43)) - raft.server.rpc.timeout.max = 5200ms (custom)
2019-09-26 10:05:54,610 [pool-449-thread-1] INFO  server.RaftServerConfigKeys (ConfUtils.java:logGet(43)) - raft.server.rpcslowness.timeout = 120s (custom)
2019-09-26 10:05:54,610 [pool-449-thread-1] INFO  server.RaftServerConfigKeys (ConfUtils.java:logGet(43)) - raft.server.sleep.deviation.threshold = 300 (default)
2019-09-26 10:05:54,610 [pool-449-thread-1] INFO  server.RaftServerConfigKeys (ConfUtils.java:logGet(43)) - raft.server.log.appender.install.snapshot.enabled = false (custom)
2019-09-26 10:05:54,611 [pool-449-thread-1] INFO  impl.RaftServerImpl (ServerState.java:<init>(103)) - 583d69a3-91a3-48b1-b57b-32c881e6a62a@group-DB2F6B186195: ConfigurationManager, init=-1: [583d69a3-91a3-48b1-b57b-32c881e6a62a:192.168.30.13:44038], old=null, confs=<EMPTY_MAP>
2019-09-26 10:05:54,611 [pool-449-thread-1] INFO  server.RaftServerConfigKeys (ConfUtils.java:logGet(43)) - raft.server.storage.dir = [/workdir/hadoop-ozone/integration-test/target/test-dir/MiniOzoneClusterImpl-6f19b49f-1ba0-4037-80e1-640204793d9e/datanode-4/data/ratis] (custom)
2019-09-26 10:05:54,611 [pool-449-thread-1] INFO  storage.RaftStorageDirectory (RaftStorageDirectory.java:analyzeStorage(246)) - The storage directory /workdir/hadoop-ozone/integration-test/target/test-dir/MiniOzoneClusterImpl-6f19b49f-1ba0-4037-80e1-640204793d9e/datanode-4/data/ratis/802d5059-329a-42e3-9354-db2f6b186195 does not exist. Creating ...
2019-09-26 10:05:54,627 [pool-449-thread-1] INFO  storage.RaftStorageDirectory (RaftStorageDirectory.java:tryLock(328)) - Lock on /workdir/hadoop-ozone/integration-test/target/test-dir/MiniOzoneClusterImpl-6f19b49f-1ba0-4037-80e1-640204793d9e/datanode-4/data/ratis/802d5059-329a-42e3-9354-db2f6b186195/in_use.lock acquired by nodename 19604@pr-hdds-1569-wvzgm-824869521
2019-09-26 10:05:54,643 [pool-449-thread-1] INFO  storage.RaftStorage (RaftStorage.java:format(72)) - Storage directory /workdir/hadoop-ozone/integration-test/target/test-dir/MiniOzoneClusterImpl-6f19b49f-1ba0-4037-80e1-640204793d9e/datanode-4/data/ratis/802d5059-329a-42e3-9354-db2f6b186195 has been successfully formatted.
2019-09-26 10:05:54,643 [pool-449-thread-1] INFO  ratis.ContainerStateMachine (ContainerStateMachine.java:loadSnapshot(230)) - group-DB2F6B186195: The snapshot info is null. Setting the last applied indexto:(t:0, i:~)
2019-09-26 10:05:54,643 [pool-449-thread-1] INFO  server.RaftServerConfigKeys (ConfUtils.java:logGet(43)) - raft.server.notification.no-leader.timeout = 120s (custom)
2019-09-26 10:05:54,644 [pool-449-thread-1] INFO  server.RaftServerConfigKeys (ConfUtils.java:logGet(43)) - raft.server.log.use.memory = false (default)
2019-09-26 10:05:54,644 [pool-449-thread-1] INFO  server.RaftServerConfigKeys (ConfUtils.java:logGet(43)) - raft.server.log.purge.gap = 1000000 (custom)
2019-09-26 10:05:54,644 [pool-449-thread-1] INFO  server.RaftServerConfigKeys (ConfUtils.java:logGet(43)) - raft.server.log.appender.buffer.byte-limit = 33554432 (custom)
2019-09-26 10:05:54,644 [pool-449-thread-1] INFO  server.RaftServerConfigKeys (ConfUtils.java:logGet(43)) - raft.server.log.segment.size.max = 1048576 (custom)
2019-09-26 10:05:54,644 [pool-449-thread-1] INFO  server.RaftServerConfigKeys (ConfUtils.java:logGet(43)) - raft.server.log.segment.cache.num.max = 2 (custom)
2019-09-26 10:05:54,644 [pool-449-thread-1] INFO  segmented.SegmentedRaftLogWorker (SegmentedRaftLogWorker.java:<init>(172)) - new 583d69a3-91a3-48b1-b57b-32c881e6a62a@group-DB2F6B186195-SegmentedRaftLogWorker for RaftStorage:Storage Directory /workdir/hadoop-ozone/integration-test/target/test-dir/MiniOzoneClusterImpl-6f19b49f-1ba0-4037-80e1-640204793d9e/datanode-4/data/ratis/802d5059-329a-42e3-9354-db2f6b186195
2019-09-26 10:05:54,644 [pool-449-thread-1] INFO  server.RaftServerConfigKeys (ConfUtils.java:logGet(43)) - raft.server.log.queue.byte-limit = 2147483647 (custom)
2019-09-26 10:05:54,645 [pool-449-thread-1] INFO  server.RaftServerConfigKeys (ConfUtils.java:logGet(43)) - raft.server.log.queue.element-limit = 1024 (custom)
2019-09-26 10:05:54,645 [pool-449-thread-1] INFO  server.RaftServerConfigKeys (ConfUtils.java:logGet(43)) - raft.server.log.segment.size.max = 1048576 (custom)
2019-09-26 10:05:54,645 [pool-449-thread-1] INFO  server.RaftServerConfigKeys (ConfUtils.java:logGet(43)) - raft.server.log.preallocated.size = 16384 (custom)
2019-09-26 10:05:54,645 [pool-449-thread-1] INFO  server.RaftServerConfigKeys (ConfUtils.java:logGet(43)) - raft.server.log.write.buffer.size = 33554432 (custom)
2019-09-26 10:05:54,645 [pool-449-thread-1] INFO  server.RaftServerConfigKeys (ConfUtils.java:logGet(43)) - raft.server.log.force.sync.num = 128 (default)
2019-09-26 10:05:54,645 [pool-449-thread-1] INFO  server.RaftServerConfigKeys (ConfUtils.java:logGet(43)) - raft.server.log.statemachine.data.sync = true (default)
2019-09-26 10:05:54,645 [pool-449-thread-1] INFO  server.RaftServerConfigKeys (ConfUtils.java:logGet(43)) - raft.server.log.statemachine.data.sync.timeout = 10s (default)
2019-09-26 10:05:54,645 [pool-449-thread-1] INFO  server.RaftServerConfigKeys (ConfUtils.java:logGet(43)) - raft.server.log.statemachine.data.sync.timeout.retry = -1 (default)
2019-09-26 10:05:54,646 [pool-449-thread-1] INFO  server.RaftServerConfigKeys (ConfUtils.java:logGet(43)) - raft.server.log.statemachine.data.caching.enabled = true (custom)
2019-09-26 10:05:54,646 [pool-449-thread-1] INFO  segmented.SegmentedRaftLogWorker (SegmentedRaftLogWorker.java:lambda$new$0(132)) - 583d69a3-91a3-48b1-b57b-32c881e6a62a@group-DB2F6B186195-SegmentedRaftLogWorker: flushIndex: setUnconditionally 0 -> -1
2019-09-26 10:05:54,646 [pool-449-thread-1] INFO  server.RaftServerConfigKeys (ConfUtils.java:logGet(43)) - raft.server.snapshot.auto.trigger.enabled = true (custom)
2019-09-26 10:05:54,646 [pool-449-thread-1] INFO  server.RaftServerConfigKeys (ConfUtils.java:logGet(43)) - raft.server.snapshot.auto.trigger.threshold = 10000 (custom)
2019-09-26 10:05:54,646 [pool-449-thread-1] INFO  server.RaftServerConfigKeys (ConfUtils.java:logGet(43)) - raft.server.snapshot.retention.num.files = 5 (custom)
2019-09-26 10:05:54,647 [pool-449-thread-1] INFO  server.RaftServerConfigKeys (ConfUtils.java:logGet(43)) - raft.server.retrycache.expirytime = 600000ms (custom)
2019-09-26 10:05:54,648 [pool-449-thread-1] INFO  impl.RaftServerImpl (RaftServerImpl.java:start(185)) - 583d69a3-91a3-48b1-b57b-32c881e6a62a@group-DB2F6B186195: start as a follower, conf=-1: [583d69a3-91a3-48b1-b57b-32c881e6a62a:192.168.30.13:44038], old=null
2019-09-26 10:05:54,648 [pool-449-thread-1] INFO  impl.RaftServerImpl (RaftServerImpl.java:setRole(174)) - 583d69a3-91a3-48b1-b57b-32c881e6a62a@group-DB2F6B186195: changes role from      null to FOLLOWER at term 0 for startAsFollower
2019-09-26 10:05:54,648 [pool-449-thread-1] INFO  impl.RoleInfo (RoleInfo.java:updateAndGet(143)) - 583d69a3-91a3-48b1-b57b-32c881e6a62a: start FollowerState
2019-09-26 10:05:54,649 [pool-449-thread-1] INFO  util.JmxRegister (JmxRegister.java:tryRegister(44)) - Successfully registered JMX Bean with object name Ratis:service=RaftServer,group=group-DB2F6B186195,id=583d69a3-91a3-48b1-b57b-32c881e6a62a
2019-09-26 10:05:54,650 [RatisPipelineUtilsThread] INFO  pipeline.PipelineStateManager (PipelineStateManager.java:addPipeline(56)) - Created pipeline Pipeline[ Id: 802d5059-329a-42e3-9354-db2f6b186195, Nodes: 583d69a3-91a3-48b1-b57b-32c881e6a62a{ip: 192.168.30.13, host: pr-hdds-1569-wvzgm-824869521, networkLocation: /default-rack, certSerialId: null}, Type:RATIS, Factor:ONE, State:OPEN]
2019-09-26 10:05:54,651 [RatisPipelineUtilsThread] INFO  pipeline.PipelinePlacementPolicy (PipelinePlacementPolicy.java:meetCriteria(91)) - Pipeline Placement: can't place more pipeline on heavy datanode： 78fc6c82-4831-4601-bfbf-c281d6d238b7 Heaviness: 6 limit: 5
2019-09-26 10:05:54,653 [grpc-default-executor-1] INFO  impl.RaftServerProxy (RaftServerProxy.java:addNew(89)) - db227204-214e-44d9-8d16-8c4813e40a58: addNew group-5F79CCFAC190:[db227204-214e-44d9-8d16-8c4813e40a58:192.168.30.13:35682] returns group-5F79CCFAC190:java.util.concurrent.CompletableFuture@51915785[Not completed]
2019-09-26 10:05:54,654 [pool-439-thread-1] INFO  impl.RaftServerImpl (RaftServerImpl.java:<init>(95)) - db227204-214e-44d9-8d16-8c4813e40a58: new RaftServerImpl for group-5F79CCFAC190:[db227204-214e-44d9-8d16-8c4813e40a58:192.168.30.13:35682] with ContainerStateMachine:uninitialized
2019-09-26 10:05:54,654 [pool-439-thread-1] INFO  server.RaftServerConfigKeys (ConfUtils.java:logGet(43)) - raft.server.rpc.timeout.min = 5s (custom)
2019-09-26 10:05:54,654 [pool-439-thread-1] INFO  server.RaftServerConfigKeys (ConfUtils.java:logGet(43)) - raft.server.rpc.timeout.max = 5200ms (custom)
2019-09-26 10:05:54,654 [pool-439-thread-1] INFO  server.RaftServerConfigKeys (ConfUtils.java:logGet(43)) - raft.server.rpcslowness.timeout = 120s (custom)
2019-09-26 10:05:54,654 [pool-439-thread-1] INFO  server.RaftServerConfigKeys (ConfUtils.java:logGet(43)) - raft.server.sleep.deviation.threshold = 300 (default)
2019-09-26 10:05:54,654 [pool-439-thread-1] INFO  server.RaftServerConfigKeys (ConfUtils.java:logGet(43)) - raft.server.log.appender.install.snapshot.enabled = false (custom)
2019-09-26 10:05:54,655 [pool-439-thread-1] INFO  impl.RaftServerImpl (ServerState.java:<init>(103)) - db227204-214e-44d9-8d16-8c4813e40a58@group-5F79CCFAC190: ConfigurationManager, init=-1: [db227204-214e-44d9-8d16-8c4813e40a58:192.168.30.13:35682], old=null, confs=<EMPTY_MAP>
2019-09-26 10:05:54,655 [pool-439-thread-1] INFO  server.RaftServerConfigKeys (ConfUtils.java:logGet(43)) - raft.server.storage.dir = [/workdir/hadoop-ozone/integration-test/target/test-dir/MiniOzoneClusterImpl-6f19b49f-1ba0-4037-80e1-640204793d9e/datanode-3/data/ratis] (custom)
2019-09-26 10:05:54,655 [pool-439-thread-1] INFO  storage.RaftStorageDirectory (RaftStorageDirectory.java:analyzeStorage(246)) - The storage directory /workdir/hadoop-ozone/integration-test/target/test-dir/MiniOzoneClusterImpl-6f19b49f-1ba0-4037-80e1-640204793d9e/datanode-3/data/ratis/89ddbf4a-4211-4226-b73a-5f79ccfac190 does not exist. Creating ...
2019-09-26 10:05:54,674 [pool-439-thread-1] INFO  storage.RaftStorageDirectory (RaftStorageDirectory.java:tryLock(328)) - Lock on /workdir/hadoop-ozone/integration-test/target/test-dir/MiniOzoneClusterImpl-6f19b49f-1ba0-4037-80e1-640204793d9e/datanode-3/data/ratis/89ddbf4a-4211-4226-b73a-5f79ccfac190/in_use.lock acquired by nodename 19604@pr-hdds-1569-wvzgm-824869521
2019-09-26 10:05:54,692 [pool-439-thread-1] INFO  storage.RaftStorage (RaftStorage.java:format(72)) - Storage directory /workdir/hadoop-ozone/integration-test/target/test-dir/MiniOzoneClusterImpl-6f19b49f-1ba0-4037-80e1-640204793d9e/datanode-3/data/ratis/89ddbf4a-4211-4226-b73a-5f79ccfac190 has been successfully formatted.
2019-09-26 10:05:54,692 [pool-439-thread-1] INFO  ratis.ContainerStateMachine (ContainerStateMachine.java:loadSnapshot(230)) - group-5F79CCFAC190: The snapshot info is null. Setting the last applied indexto:(t:0, i:~)
2019-09-26 10:05:54,692 [pool-439-thread-1] INFO  server.RaftServerConfigKeys (ConfUtils.java:logGet(43)) - raft.server.notification.no-leader.timeout = 120s (custom)
2019-09-26 10:05:54,692 [pool-439-thread-1] INFO  server.RaftServerConfigKeys (ConfUtils.java:logGet(43)) - raft.server.log.use.memory = false (default)
2019-09-26 10:05:54,692 [pool-439-thread-1] INFO  server.RaftServerConfigKeys (ConfUtils.java:logGet(43)) - raft.server.log.purge.gap = 1000000 (custom)
2019-09-26 10:05:54,692 [pool-439-thread-1] INFO  server.RaftServerConfigKeys (ConfUtils.java:logGet(43)) - raft.server.log.appender.buffer.byte-limit = 33554432 (custom)
2019-09-26 10:05:54,692 [pool-439-thread-1] INFO  server.RaftServerConfigKeys (ConfUtils.java:logGet(43)) - raft.server.log.segment.size.max = 1048576 (custom)
2019-09-26 10:05:54,692 [pool-439-thread-1] INFO  server.RaftServerConfigKeys (ConfUtils.java:logGet(43)) - raft.server.log.segment.cache.num.max = 2 (custom)
2019-09-26 10:05:54,692 [pool-439-thread-1] INFO  segmented.SegmentedRaftLogWorker (SegmentedRaftLogWorker.java:<init>(172)) - new db227204-214e-44d9-8d16-8c4813e40a58@group-5F79CCFAC190-SegmentedRaftLogWorker for RaftStorage:Storage Directory /workdir/hadoop-ozone/integration-test/target/test-dir/MiniOzoneClusterImpl-6f19b49f-1ba0-4037-80e1-640204793d9e/datanode-3/data/ratis/89ddbf4a-4211-4226-b73a-5f79ccfac190
2019-09-26 10:05:54,693 [pool-439-thread-1] INFO  server.RaftServerConfigKeys (ConfUtils.java:logGet(43)) - raft.server.log.queue.byte-limit = 2147483647 (custom)
2019-09-26 10:05:54,693 [pool-439-thread-1] INFO  server.RaftServerConfigKeys (ConfUtils.java:logGet(43)) - raft.server.log.queue.element-limit = 1024 (custom)
2019-09-26 10:05:54,693 [pool-439-thread-1] INFO  server.RaftServerConfigKeys (ConfUtils.java:logGet(43)) - raft.server.log.segment.size.max = 1048576 (custom)
2019-09-26 10:05:54,693 [pool-439-thread-1] INFO  server.RaftServerConfigKeys (ConfUtils.java:logGet(43)) - raft.server.log.preallocated.size = 16384 (custom)
2019-09-26 10:05:54,693 [pool-439-thread-1] INFO  server.RaftServerConfigKeys (ConfUtils.java:logGet(43)) - raft.server.log.write.buffer.size = 33554432 (custom)
2019-09-26 10:05:54,693 [pool-439-thread-1] INFO  server.RaftServerConfigKeys (ConfUtils.java:logGet(43)) - raft.server.log.force.sync.num = 128 (default)
2019-09-26 10:05:54,693 [pool-439-thread-1] INFO  server.RaftServerConfigKeys (ConfUtils.java:logGet(43)) - raft.server.log.statemachine.data.sync = true (default)
2019-09-26 10:05:54,693 [pool-439-thread-1] INFO  server.RaftServerConfigKeys (ConfUtils.java:logGet(43)) - raft.server.log.statemachine.data.sync.timeout = 10s (default)
2019-09-26 10:05:54,693 [pool-439-thread-1] INFO  server.RaftServerConfigKeys (ConfUtils.java:logGet(43)) - raft.server.log.statemachine.data.sync.timeout.retry = -1 (default)
2019-09-26 10:05:54,694 [pool-439-thread-1] INFO  server.RaftServerConfigKeys (ConfUtils.java:logGet(43)) - raft.server.log.statemachine.data.caching.enabled = true (custom)
2019-09-26 10:05:54,694 [pool-439-thread-1] INFO  segmented.SegmentedRaftLogWorker (SegmentedRaftLogWorker.java:lambda$new$0(132)) - db227204-214e-44d9-8d16-8c4813e40a58@group-5F79CCFAC190-SegmentedRaftLogWorker: flushIndex: setUnconditionally 0 -> -1
2019-09-26 10:05:54,694 [pool-439-thread-1] INFO  server.RaftServerConfigKeys (ConfUtils.java:logGet(43)) - raft.server.snapshot.auto.trigger.enabled = true (custom)
2019-09-26 10:05:54,694 [pool-439-thread-1] INFO  server.RaftServerConfigKeys (ConfUtils.java:logGet(43)) - raft.server.snapshot.auto.trigger.threshold = 10000 (custom)
2019-09-26 10:05:54,694 [pool-439-thread-1] INFO  server.RaftServerConfigKeys (ConfUtils.java:logGet(43)) - raft.server.snapshot.retention.num.files = 5 (custom)
2019-09-26 10:05:54,694 [pool-439-thread-1] INFO  server.RaftServerConfigKeys (ConfUtils.java:logGet(43)) - raft.server.retrycache.expirytime = 600000ms (custom)
2019-09-26 10:05:54,695 [pool-439-thread-1] INFO  impl.RaftServerImpl (RaftServerImpl.java:start(185)) - db227204-214e-44d9-8d16-8c4813e40a58@group-5F79CCFAC190: start as a follower, conf=-1: [db227204-214e-44d9-8d16-8c4813e40a58:192.168.30.13:35682], old=null
2019-09-26 10:05:54,696 [pool-439-thread-1] INFO  impl.RaftServerImpl (RaftServerImpl.java:setRole(174)) - db227204-214e-44d9-8d16-8c4813e40a58@group-5F79CCFAC190: changes role from      null to FOLLOWER at term 0 for startAsFollower
2019-09-26 10:05:54,696 [pool-439-thread-1] INFO  impl.RoleInfo (RoleInfo.java:updateAndGet(143)) - db227204-214e-44d9-8d16-8c4813e40a58: start FollowerState
2019-09-26 10:05:54,696 [pool-439-thread-1] INFO  util.JmxRegister (JmxRegister.java:tryRegister(44)) - Successfully registered JMX Bean with object name Ratis:service=RaftServer,group=group-5F79CCFAC190,id=db227204-214e-44d9-8d16-8c4813e40a58
2019-09-26 10:05:54,697 [RatisPipelineUtilsThread] INFO  pipeline.PipelineStateManager (PipelineStateManager.java:addPipeline(56)) - Created pipeline Pipeline[ Id: 89ddbf4a-4211-4226-b73a-5f79ccfac190, Nodes: db227204-214e-44d9-8d16-8c4813e40a58{ip: 192.168.30.13, host: pr-hdds-1569-wvzgm-824869521, networkLocation: /default-rack, certSerialId: null}, Type:RATIS, Factor:ONE, State:OPEN]
2019-09-26 10:05:54,698 [RatisPipelineUtilsThread] INFO  pipeline.PipelinePlacementPolicy (PipelinePlacementPolicy.java:meetCriteria(91)) - Pipeline Placement: can't place more pipeline on heavy datanode： 78fc6c82-4831-4601-bfbf-c281d6d238b7 Heaviness: 6 limit: 5
2019-09-26 10:05:54,700 [grpc-default-executor-1] INFO  impl.RaftServerProxy (RaftServerProxy.java:addNew(89)) - 583d69a3-91a3-48b1-b57b-32c881e6a62a: addNew group-2942A7B93D64:[583d69a3-91a3-48b1-b57b-32c881e6a62a:192.168.30.13:44038] returns group-2942A7B93D64:java.util.concurrent.CompletableFuture@4e2e9ee3[Not completed]
2019-09-26 10:05:54,701 [pool-449-thread-1] INFO  impl.RaftServerImpl (RaftServerImpl.java:<init>(95)) - 583d69a3-91a3-48b1-b57b-32c881e6a62a: new RaftServerImpl for group-2942A7B93D64:[583d69a3-91a3-48b1-b57b-32c881e6a62a:192.168.30.13:44038] with ContainerStateMachine:uninitialized
2019-09-26 10:05:54,701 [pool-449-thread-1] INFO  server.RaftServerConfigKeys (ConfUtils.java:logGet(43)) - raft.server.rpc.timeout.min = 5s (custom)
2019-09-26 10:05:54,701 [pool-449-thread-1] INFO  server.RaftServerConfigKeys (ConfUtils.java:logGet(43)) - raft.server.rpc.timeout.max = 5200ms (custom)
2019-09-26 10:05:54,701 [pool-449-thread-1] INFO  server.RaftServerConfigKeys (ConfUtils.java:logGet(43)) - raft.server.rpcslowness.timeout = 120s (custom)
2019-09-26 10:05:54,701 [pool-449-thread-1] INFO  server.RaftServerConfigKeys (ConfUtils.java:logGet(43)) - raft.server.sleep.deviation.threshold = 300 (default)
2019-09-26 10:05:54,701 [pool-449-thread-1] INFO  server.RaftServerConfigKeys (ConfUtils.java:logGet(43)) - raft.server.log.appender.install.snapshot.enabled = false (custom)
2019-09-26 10:05:54,701 [pool-449-thread-1] INFO  impl.RaftServerImpl (ServerState.java:<init>(103)) - 583d69a3-91a3-48b1-b57b-32c881e6a62a@group-2942A7B93D64: ConfigurationManager, init=-1: [583d69a3-91a3-48b1-b57b-32c881e6a62a:192.168.30.13:44038], old=null, confs=<EMPTY_MAP>
2019-09-26 10:05:54,701 [pool-449-thread-1] INFO  server.RaftServerConfigKeys (ConfUtils.java:logGet(43)) - raft.server.storage.dir = [/workdir/hadoop-ozone/integration-test/target/test-dir/MiniOzoneClusterImpl-6f19b49f-1ba0-4037-80e1-640204793d9e/datanode-4/data/ratis] (custom)
2019-09-26 10:05:54,702 [pool-449-thread-1] INFO  storage.RaftStorageDirectory (RaftStorageDirectory.java:analyzeStorage(246)) - The storage directory /workdir/hadoop-ozone/integration-test/target/test-dir/MiniOzoneClusterImpl-6f19b49f-1ba0-4037-80e1-640204793d9e/datanode-4/data/ratis/21031622-625e-4d07-b3de-2942a7b93d64 does not exist. Creating ...
2019-09-26 10:05:54,706 [pool-449-thread-1] INFO  storage.RaftStorageDirectory (RaftStorageDirectory.java:tryLock(328)) - Lock on /workdir/hadoop-ozone/integration-test/target/test-dir/MiniOzoneClusterImpl-6f19b49f-1ba0-4037-80e1-640204793d9e/datanode-4/data/ratis/21031622-625e-4d07-b3de-2942a7b93d64/in_use.lock acquired by nodename 19604@pr-hdds-1569-wvzgm-824869521
2019-09-26 10:05:54,712 [pool-449-thread-1] INFO  storage.RaftStorage (RaftStorage.java:format(72)) - Storage directory /workdir/hadoop-ozone/integration-test/target/test-dir/MiniOzoneClusterImpl-6f19b49f-1ba0-4037-80e1-640204793d9e/datanode-4/data/ratis/21031622-625e-4d07-b3de-2942a7b93d64 has been successfully formatted.
2019-09-26 10:05:54,712 [pool-449-thread-1] INFO  ratis.ContainerStateMachine (ContainerStateMachine.java:loadSnapshot(230)) - group-2942A7B93D64: The snapshot info is null. Setting the last applied indexto:(t:0, i:~)
2019-09-26 10:05:54,713 [pool-449-thread-1] INFO  server.RaftServerConfigKeys (ConfUtils.java:logGet(43)) - raft.server.notification.no-leader.timeout = 120s (custom)
2019-09-26 10:05:54,713 [pool-449-thread-1] INFO  server.RaftServerConfigKeys (ConfUtils.java:logGet(43)) - raft.server.log.use.memory = false (default)
2019-09-26 10:05:54,713 [pool-449-thread-1] INFO  server.RaftServerConfigKeys (ConfUtils.java:logGet(43)) - raft.server.log.purge.gap = 1000000 (custom)
2019-09-26 10:05:54,713 [pool-449-thread-1] INFO  server.RaftServerConfigKeys (ConfUtils.java:logGet(43)) - raft.server.log.appender.buffer.byte-limit = 33554432 (custom)
2019-09-26 10:05:54,713 [pool-449-thread-1] INFO  server.RaftServerConfigKeys (ConfUtils.java:logGet(43)) - raft.server.log.segment.size.max = 1048576 (custom)
2019-09-26 10:05:54,713 [pool-449-thread-1] INFO  server.RaftServerConfigKeys (ConfUtils.java:logGet(43)) - raft.server.log.segment.cache.num.max = 2 (custom)
2019-09-26 10:05:54,713 [pool-449-thread-1] INFO  segmented.SegmentedRaftLogWorker (SegmentedRaftLogWorker.java:<init>(172)) - new 583d69a3-91a3-48b1-b57b-32c881e6a62a@group-2942A7B93D64-SegmentedRaftLogWorker for RaftStorage:Storage Directory /workdir/hadoop-ozone/integration-test/target/test-dir/MiniOzoneClusterImpl-6f19b49f-1ba0-4037-80e1-640204793d9e/datanode-4/data/ratis/21031622-625e-4d07-b3de-2942a7b93d64
2019-09-26 10:05:54,713 [pool-449-thread-1] INFO  server.RaftServerConfigKeys (ConfUtils.java:logGet(43)) - raft.server.log.queue.byte-limit = 2147483647 (custom)
2019-09-26 10:05:54,714 [pool-449-thread-1] INFO  server.RaftServerConfigKeys (ConfUtils.java:logGet(43)) - raft.server.log.queue.element-limit = 1024 (custom)
2019-09-26 10:05:54,714 [pool-449-thread-1] INFO  server.RaftServerConfigKeys (ConfUtils.java:logGet(43)) - raft.server.log.segment.size.max = 1048576 (custom)
2019-09-26 10:05:54,714 [pool-449-thread-1] INFO  server.RaftServerConfigKeys (ConfUtils.java:logGet(43)) - raft.server.log.preallocated.size = 16384 (custom)
2019-09-26 10:05:54,714 [pool-449-thread-1] INFO  server.RaftServerConfigKeys (ConfUtils.java:logGet(43)) - raft.server.log.write.buffer.size = 33554432 (custom)
2019-09-26 10:05:54,714 [pool-449-thread-1] INFO  server.RaftServerConfigKeys (ConfUtils.java:logGet(43)) - raft.server.log.force.sync.num = 128 (default)
2019-09-26 10:05:54,714 [pool-449-thread-1] INFO  server.RaftServerConfigKeys (ConfUtils.java:logGet(43)) - raft.server.log.statemachine.data.sync = true (default)
2019-09-26 10:05:54,714 [pool-449-thread-1] INFO  server.RaftServerConfigKeys (ConfUtils.java:logGet(43)) - raft.server.log.statemachine.data.sync.timeout = 10s (default)
2019-09-26 10:05:54,714 [pool-449-thread-1] INFO  server.RaftServerConfigKeys (ConfUtils.java:logGet(43)) - raft.server.log.statemachine.data.sync.timeout.retry = -1 (default)
2019-09-26 10:05:54,714 [pool-449-thread-1] INFO  server.RaftServerConfigKeys (ConfUtils.java:logGet(43)) - raft.server.log.statemachine.data.caching.enabled = true (custom)
2019-09-26 10:05:54,715 [pool-449-thread-1] INFO  segmented.SegmentedRaftLogWorker (SegmentedRaftLogWorker.java:lambda$new$0(132)) - 583d69a3-91a3-48b1-b57b-32c881e6a62a@group-2942A7B93D64-SegmentedRaftLogWorker: flushIndex: setUnconditionally 0 -> -1
2019-09-26 10:05:54,715 [pool-449-thread-1] INFO  server.RaftServerConfigKeys (ConfUtils.java:logGet(43)) - raft.server.snapshot.auto.trigger.enabled = true (custom)
2019-09-26 10:05:54,715 [pool-449-thread-1] INFO  server.RaftServerConfigKeys (ConfUtils.java:logGet(43)) - raft.server.snapshot.auto.trigger.threshold = 10000 (custom)
2019-09-26 10:05:54,715 [pool-449-thread-1] INFO  server.RaftServerConfigKeys (ConfUtils.java:logGet(43)) - raft.server.snapshot.retention.num.files = 5 (custom)
2019-09-26 10:05:54,715 [pool-449-thread-1] INFO  server.RaftServerConfigKeys (ConfUtils.java:logGet(43)) - raft.server.retrycache.expirytime = 600000ms (custom)
2019-09-26 10:05:54,717 [pool-449-thread-1] INFO  impl.RaftServerImpl (RaftServerImpl.java:start(185)) - 583d69a3-91a3-48b1-b57b-32c881e6a62a@group-2942A7B93D64: start as a follower, conf=-1: [583d69a3-91a3-48b1-b57b-32c881e6a62a:192.168.30.13:44038], old=null
2019-09-26 10:05:54,718 [pool-449-thread-1] INFO  impl.RaftServerImpl (RaftServerImpl.java:setRole(174)) - 583d69a3-91a3-48b1-b57b-32c881e6a62a@group-2942A7B93D64: changes role from      null to FOLLOWER at term 0 for startAsFollower
2019-09-26 10:05:54,718 [pool-449-thread-1] INFO  impl.RoleInfo (RoleInfo.java:updateAndGet(143)) - 583d69a3-91a3-48b1-b57b-32c881e6a62a: start FollowerState
2019-09-26 10:05:54,718 [pool-449-thread-1] INFO  util.JmxRegister (JmxRegister.java:tryRegister(44)) - Successfully registered JMX Bean with object name Ratis:service=RaftServer,group=group-2942A7B93D64,id=583d69a3-91a3-48b1-b57b-32c881e6a62a
2019-09-26 10:05:54,720 [RatisPipelineUtilsThread] INFO  pipeline.PipelineStateManager (PipelineStateManager.java:addPipeline(56)) - Created pipeline Pipeline[ Id: 21031622-625e-4d07-b3de-2942a7b93d64, Nodes: 583d69a3-91a3-48b1-b57b-32c881e6a62a{ip: 192.168.30.13, host: pr-hdds-1569-wvzgm-824869521, networkLocation: /default-rack, certSerialId: null}, Type:RATIS, Factor:ONE, State:OPEN]
2019-09-26 10:05:54,720 [RatisPipelineUtilsThread] INFO  pipeline.PipelinePlacementPolicy (PipelinePlacementPolicy.java:meetCriteria(91)) - Pipeline Placement: can't place more pipeline on heavy datanode： 78fc6c82-4831-4601-bfbf-c281d6d238b7 Heaviness: 6 limit: 5
2019-09-26 10:05:54,722 [grpc-default-executor-1] INFO  impl.RaftServerProxy (RaftServerProxy.java:addNew(89)) - db227204-214e-44d9-8d16-8c4813e40a58: addNew group-AE89F291BCEF:[db227204-214e-44d9-8d16-8c4813e40a58:192.168.30.13:35682] returns group-AE89F291BCEF:java.util.concurrent.CompletableFuture@608212d8[Not completed]
2019-09-26 10:05:54,723 [pool-439-thread-1] INFO  impl.RaftServerImpl (RaftServerImpl.java:<init>(95)) - db227204-214e-44d9-8d16-8c4813e40a58: new RaftServerImpl for group-AE89F291BCEF:[db227204-214e-44d9-8d16-8c4813e40a58:192.168.30.13:35682] with ContainerStateMachine:uninitialized
2019-09-26 10:05:54,723 [pool-439-thread-1] INFO  server.RaftServerConfigKeys (ConfUtils.java:logGet(43)) - raft.server.rpc.timeout.min = 5s (custom)
2019-09-26 10:05:54,723 [pool-439-thread-1] INFO  server.RaftServerConfigKeys (ConfUtils.java:logGet(43)) - raft.server.rpc.timeout.max = 5200ms (custom)
2019-09-26 10:05:54,723 [pool-439-thread-1] INFO  server.RaftServerConfigKeys (ConfUtils.java:logGet(43)) - raft.server.rpcslowness.timeout = 120s (custom)
2019-09-26 10:05:54,723 [pool-439-thread-1] INFO  server.RaftServerConfigKeys (ConfUtils.java:logGet(43)) - raft.server.sleep.deviation.threshold = 300 (default)
2019-09-26 10:05:54,723 [pool-439-thread-1] INFO  server.RaftServerConfigKeys (ConfUtils.java:logGet(43)) - raft.server.log.appender.install.snapshot.enabled = false (custom)
2019-09-26 10:05:54,723 [pool-439-thread-1] INFO  impl.RaftServerImpl (ServerState.java:<init>(103)) - db227204-214e-44d9-8d16-8c4813e40a58@group-AE89F291BCEF: ConfigurationManager, init=-1: [db227204-214e-44d9-8d16-8c4813e40a58:192.168.30.13:35682], old=null, confs=<EMPTY_MAP>
2019-09-26 10:05:54,724 [pool-439-thread-1] INFO  server.RaftServerConfigKeys (ConfUtils.java:logGet(43)) - raft.server.storage.dir = [/workdir/hadoop-ozone/integration-test/target/test-dir/MiniOzoneClusterImpl-6f19b49f-1ba0-4037-80e1-640204793d9e/datanode-3/data/ratis] (custom)
2019-09-26 10:05:54,724 [pool-439-thread-1] INFO  storage.RaftStorageDirectory (RaftStorageDirectory.java:analyzeStorage(246)) - The storage directory /workdir/hadoop-ozone/integration-test/target/test-dir/MiniOzoneClusterImpl-6f19b49f-1ba0-4037-80e1-640204793d9e/datanode-3/data/ratis/87ba1928-c15d-44bf-937b-ae89f291bcef does not exist. Creating ...
2019-09-26 10:05:54,737 [pool-439-thread-1] INFO  storage.RaftStorageDirectory (RaftStorageDirectory.java:tryLock(328)) - Lock on /workdir/hadoop-ozone/integration-test/target/test-dir/MiniOzoneClusterImpl-6f19b49f-1ba0-4037-80e1-640204793d9e/datanode-3/data/ratis/87ba1928-c15d-44bf-937b-ae89f291bcef/in_use.lock acquired by nodename 19604@pr-hdds-1569-wvzgm-824869521
2019-09-26 10:05:54,753 [pool-439-thread-1] INFO  storage.RaftStorage (RaftStorage.java:format(72)) - Storage directory /workdir/hadoop-ozone/integration-test/target/test-dir/MiniOzoneClusterImpl-6f19b49f-1ba0-4037-80e1-640204793d9e/datanode-3/data/ratis/87ba1928-c15d-44bf-937b-ae89f291bcef has been successfully formatted.
2019-09-26 10:05:54,753 [pool-439-thread-1] INFO  ratis.ContainerStateMachine (ContainerStateMachine.java:loadSnapshot(230)) - group-AE89F291BCEF: The snapshot info is null. Setting the last applied indexto:(t:0, i:~)
2019-09-26 10:05:54,753 [pool-439-thread-1] INFO  server.RaftServerConfigKeys (ConfUtils.java:logGet(43)) - raft.server.notification.no-leader.timeout = 120s (custom)
2019-09-26 10:05:54,753 [pool-439-thread-1] INFO  server.RaftServerConfigKeys (ConfUtils.java:logGet(43)) - raft.server.log.use.memory = false (default)
2019-09-26 10:05:54,753 [pool-439-thread-1] INFO  server.RaftServerConfigKeys (ConfUtils.java:logGet(43)) - raft.server.log.purge.gap = 1000000 (custom)
2019-09-26 10:05:54,753 [pool-439-thread-1] INFO  server.RaftServerConfigKeys (ConfUtils.java:logGet(43)) - raft.server.log.appender.buffer.byte-limit = 33554432 (custom)
2019-09-26 10:05:54,753 [pool-439-thread-1] INFO  server.RaftServerConfigKeys (ConfUtils.java:logGet(43)) - raft.server.log.segment.size.max = 1048576 (custom)
2019-09-26 10:05:54,754 [pool-439-thread-1] INFO  server.RaftServerConfigKeys (ConfUtils.java:logGet(43)) - raft.server.log.segment.cache.num.max = 2 (custom)
2019-09-26 10:05:54,754 [pool-439-thread-1] INFO  segmented.SegmentedRaftLogWorker (SegmentedRaftLogWorker.java:<init>(172)) - new db227204-214e-44d9-8d16-8c4813e40a58@group-AE89F291BCEF-SegmentedRaftLogWorker for RaftStorage:Storage Directory /workdir/hadoop-ozone/integration-test/target/test-dir/MiniOzoneClusterImpl-6f19b49f-1ba0-4037-80e1-640204793d9e/datanode-3/data/ratis/87ba1928-c15d-44bf-937b-ae89f291bcef
2019-09-26 10:05:54,754 [pool-439-thread-1] INFO  server.RaftServerConfigKeys (ConfUtils.java:logGet(43)) - raft.server.log.queue.byte-limit = 2147483647 (custom)
2019-09-26 10:05:54,754 [pool-439-thread-1] INFO  server.RaftServerConfigKeys (ConfUtils.java:logGet(43)) - raft.server.log.queue.element-limit = 1024 (custom)
2019-09-26 10:05:54,754 [pool-439-thread-1] INFO  server.RaftServerConfigKeys (ConfUtils.java:logGet(43)) - raft.server.log.segment.size.max = 1048576 (custom)
2019-09-26 10:05:54,754 [pool-439-thread-1] INFO  server.RaftServerConfigKeys (ConfUtils.java:logGet(43)) - raft.server.log.preallocated.size = 16384 (custom)
2019-09-26 10:05:54,754 [pool-439-thread-1] INFO  server.RaftServerConfigKeys (ConfUtils.java:logGet(43)) - raft.server.log.write.buffer.size = 33554432 (custom)
2019-09-26 10:05:54,754 [pool-439-thread-1] INFO  server.RaftServerConfigKeys (ConfUtils.java:logGet(43)) - raft.server.log.force.sync.num = 128 (default)
2019-09-26 10:05:54,754 [pool-439-thread-1] INFO  server.RaftServerConfigKeys (ConfUtils.java:logGet(43)) - raft.server.log.statemachine.data.sync = true (default)
2019-09-26 10:05:54,754 [pool-439-thread-1] INFO  server.RaftServerConfigKeys (ConfUtils.java:logGet(43)) - raft.server.log.statemachine.data.sync.timeout = 10s (default)
2019-09-26 10:05:54,754 [pool-439-thread-1] INFO  server.RaftServerConfigKeys (ConfUtils.java:logGet(43)) - raft.server.log.statemachine.data.sync.timeout.retry = -1 (default)
2019-09-26 10:05:54,754 [pool-439-thread-1] INFO  server.RaftServerConfigKeys (ConfUtils.java:logGet(43)) - raft.server.log.statemachine.data.caching.enabled = true (custom)
2019-09-26 10:05:54,755 [pool-439-thread-1] INFO  segmented.SegmentedRaftLogWorker (SegmentedRaftLogWorker.java:lambda$new$0(132)) - db227204-214e-44d9-8d16-8c4813e40a58@group-AE89F291BCEF-SegmentedRaftLogWorker: flushIndex: setUnconditionally 0 -> -1
2019-09-26 10:05:54,755 [pool-439-thread-1] INFO  server.RaftServerConfigKeys (ConfUtils.java:logGet(43)) - raft.server.snapshot.auto.trigger.enabled = true (custom)
2019-09-26 10:05:54,755 [pool-439-thread-1] INFO  server.RaftServerConfigKeys (ConfUtils.java:logGet(43)) - raft.server.snapshot.auto.trigger.threshold = 10000 (custom)
2019-09-26 10:05:54,755 [pool-439-thread-1] INFO  server.RaftServerConfigKeys (ConfUtils.java:logGet(43)) - raft.server.snapshot.retention.num.files = 5 (custom)
2019-09-26 10:05:54,755 [pool-439-thread-1] INFO  server.RaftServerConfigKeys (ConfUtils.java:logGet(43)) - raft.server.retrycache.expirytime = 600000ms (custom)
2019-09-26 10:05:54,756 [pool-439-thread-1] INFO  impl.RaftServerImpl (RaftServerImpl.java:start(185)) - db227204-214e-44d9-8d16-8c4813e40a58@group-AE89F291BCEF: start as a follower, conf=-1: [db227204-214e-44d9-8d16-8c4813e40a58:192.168.30.13:35682], old=null
2019-09-26 10:05:54,757 [pool-439-thread-1] INFO  impl.RaftServerImpl (RaftServerImpl.java:setRole(174)) - db227204-214e-44d9-8d16-8c4813e40a58@group-AE89F291BCEF: changes role from      null to FOLLOWER at term 0 for startAsFollower
2019-09-26 10:05:54,757 [pool-439-thread-1] INFO  impl.RoleInfo (RoleInfo.java:updateAndGet(143)) - db227204-214e-44d9-8d16-8c4813e40a58: start FollowerState
2019-09-26 10:05:54,757 [pool-439-thread-1] INFO  util.JmxRegister (JmxRegister.java:tryRegister(44)) - Successfully registered JMX Bean with object name Ratis:service=RaftServer,group=group-AE89F291BCEF,id=db227204-214e-44d9-8d16-8c4813e40a58
2019-09-26 10:05:54,758 [RatisPipelineUtilsThread] INFO  pipeline.PipelineStateManager (PipelineStateManager.java:addPipeline(56)) - Created pipeline Pipeline[ Id: 87ba1928-c15d-44bf-937b-ae89f291bcef, Nodes: db227204-214e-44d9-8d16-8c4813e40a58{ip: 192.168.30.13, host: pr-hdds-1569-wvzgm-824869521, networkLocation: /default-rack, certSerialId: null}, Type:RATIS, Factor:ONE, State:OPEN]
2019-09-26 10:05:54,759 [RatisPipelineUtilsThread] INFO  pipeline.PipelinePlacementPolicy (PipelinePlacementPolicy.java:meetCriteria(91)) - Pipeline Placement: can't place more pipeline on heavy datanode： 78fc6c82-4831-4601-bfbf-c281d6d238b7 Heaviness: 6 limit: 5
2019-09-26 10:05:54,761 [grpc-default-executor-1] INFO  impl.RaftServerProxy (RaftServerProxy.java:addNew(89)) - 72f743f9-1e0e-4345-96f1-9a3a34c18cec: addNew group-CDBA19D3F1B6:[72f743f9-1e0e-4345-96f1-9a3a34c18cec:192.168.30.13:42232] returns group-CDBA19D3F1B6:java.util.concurrent.CompletableFuture@5684f8b8[Not completed]
2019-09-26 10:05:54,762 [pool-419-thread-1] INFO  impl.RaftServerImpl (RaftServerImpl.java:<init>(95)) - 72f743f9-1e0e-4345-96f1-9a3a34c18cec: new RaftServerImpl for group-CDBA19D3F1B6:[72f743f9-1e0e-4345-96f1-9a3a34c18cec:192.168.30.13:42232] with ContainerStateMachine:uninitialized
2019-09-26 10:05:54,762 [pool-419-thread-1] INFO  server.RaftServerConfigKeys (ConfUtils.java:logGet(43)) - raft.server.rpc.timeout.min = 5s (custom)
2019-09-26 10:05:54,762 [pool-419-thread-1] INFO  server.RaftServerConfigKeys (ConfUtils.java:logGet(43)) - raft.server.rpc.timeout.max = 5200ms (custom)
2019-09-26 10:05:54,762 [pool-419-thread-1] INFO  server.RaftServerConfigKeys (ConfUtils.java:logGet(43)) - raft.server.rpcslowness.timeout = 120s (custom)
2019-09-26 10:05:54,762 [pool-419-thread-1] INFO  server.RaftServerConfigKeys (ConfUtils.java:logGet(43)) - raft.server.sleep.deviation.threshold = 300 (default)
2019-09-26 10:05:54,762 [pool-419-thread-1] INFO  server.RaftServerConfigKeys (ConfUtils.java:logGet(43)) - raft.server.log.appender.install.snapshot.enabled = false (custom)
2019-09-26 10:05:54,762 [pool-419-thread-1] INFO  impl.RaftServerImpl (ServerState.java:<init>(103)) - 72f743f9-1e0e-4345-96f1-9a3a34c18cec@group-CDBA19D3F1B6: ConfigurationManager, init=-1: [72f743f9-1e0e-4345-96f1-9a3a34c18cec:192.168.30.13:42232], old=null, confs=<EMPTY_MAP>
2019-09-26 10:05:54,762 [pool-419-thread-1] INFO  server.RaftServerConfigKeys (ConfUtils.java:logGet(43)) - raft.server.storage.dir = [/workdir/hadoop-ozone/integration-test/target/test-dir/MiniOzoneClusterImpl-6f19b49f-1ba0-4037-80e1-640204793d9e/datanode-1/data/ratis] (custom)
2019-09-26 10:05:54,763 [pool-419-thread-1] INFO  storage.RaftStorageDirectory (RaftStorageDirectory.java:analyzeStorage(246)) - The storage directory /workdir/hadoop-ozone/integration-test/target/test-dir/MiniOzoneClusterImpl-6f19b49f-1ba0-4037-80e1-640204793d9e/datanode-1/data/ratis/1d9e71ac-47ce-4622-8e4f-cdba19d3f1b6 does not exist. Creating ...
2019-09-26 10:05:54,783 [pool-419-thread-1] INFO  storage.RaftStorageDirectory (RaftStorageDirectory.java:tryLock(328)) - Lock on /workdir/hadoop-ozone/integration-test/target/test-dir/MiniOzoneClusterImpl-6f19b49f-1ba0-4037-80e1-640204793d9e/datanode-1/data/ratis/1d9e71ac-47ce-4622-8e4f-cdba19d3f1b6/in_use.lock acquired by nodename 19604@pr-hdds-1569-wvzgm-824869521
2019-09-26 10:05:54,795 [pool-419-thread-1] INFO  storage.RaftStorage (RaftStorage.java:format(72)) - Storage directory /workdir/hadoop-ozone/integration-test/target/test-dir/MiniOzoneClusterImpl-6f19b49f-1ba0-4037-80e1-640204793d9e/datanode-1/data/ratis/1d9e71ac-47ce-4622-8e4f-cdba19d3f1b6 has been successfully formatted.
2019-09-26 10:05:54,795 [pool-419-thread-1] INFO  ratis.ContainerStateMachine (ContainerStateMachine.java:loadSnapshot(230)) - group-CDBA19D3F1B6: The snapshot info is null. Setting the last applied indexto:(t:0, i:~)
2019-09-26 10:05:54,795 [pool-419-thread-1] INFO  server.RaftServerConfigKeys (ConfUtils.java:logGet(43)) - raft.server.notification.no-leader.timeout = 120s (custom)
2019-09-26 10:05:54,795 [pool-419-thread-1] INFO  server.RaftServerConfigKeys (ConfUtils.java:logGet(43)) - raft.server.log.use.memory = false (default)
2019-09-26 10:05:54,795 [pool-419-thread-1] INFO  server.RaftServerConfigKeys (ConfUtils.java:logGet(43)) - raft.server.log.purge.gap = 1000000 (custom)
2019-09-26 10:05:54,795 [pool-419-thread-1] INFO  server.RaftServerConfigKeys (ConfUtils.java:logGet(43)) - raft.server.log.appender.buffer.byte-limit = 33554432 (custom)
2019-09-26 10:05:54,795 [pool-419-thread-1] INFO  server.RaftServerConfigKeys (ConfUtils.java:logGet(43)) - raft.server.log.segment.size.max = 1048576 (custom)
2019-09-26 10:05:54,796 [pool-419-thread-1] INFO  server.RaftServerConfigKeys (ConfUtils.java:logGet(43)) - raft.server.log.segment.cache.num.max = 2 (custom)
2019-09-26 10:05:54,796 [pool-419-thread-1] INFO  segmented.SegmentedRaftLogWorker (SegmentedRaftLogWorker.java:<init>(172)) - new 72f743f9-1e0e-4345-96f1-9a3a34c18cec@group-CDBA19D3F1B6-SegmentedRaftLogWorker for RaftStorage:Storage Directory /workdir/hadoop-ozone/integration-test/target/test-dir/MiniOzoneClusterImpl-6f19b49f-1ba0-4037-80e1-640204793d9e/datanode-1/data/ratis/1d9e71ac-47ce-4622-8e4f-cdba19d3f1b6
2019-09-26 10:05:54,796 [pool-419-thread-1] INFO  server.RaftServerConfigKeys (ConfUtils.java:logGet(43)) - raft.server.log.queue.byte-limit = 2147483647 (custom)
2019-09-26 10:05:54,796 [pool-419-thread-1] INFO  server.RaftServerConfigKeys (ConfUtils.java:logGet(43)) - raft.server.log.queue.element-limit = 1024 (custom)
2019-09-26 10:05:54,796 [pool-419-thread-1] INFO  server.RaftServerConfigKeys (ConfUtils.java:logGet(43)) - raft.server.log.segment.size.max = 1048576 (custom)
2019-09-26 10:05:54,796 [pool-419-thread-1] INFO  server.RaftServerConfigKeys (ConfUtils.java:logGet(43)) - raft.server.log.preallocated.size = 16384 (custom)
2019-09-26 10:05:54,796 [pool-419-thread-1] INFO  server.RaftServerConfigKeys (ConfUtils.java:logGet(43)) - raft.server.log.write.buffer.size = 33554432 (custom)
2019-09-26 10:05:54,796 [pool-419-thread-1] INFO  server.RaftServerConfigKeys (ConfUtils.java:logGet(43)) - raft.server.log.force.sync.num = 128 (default)
2019-09-26 10:05:54,796 [pool-419-thread-1] INFO  server.RaftServerConfigKeys (ConfUtils.java:logGet(43)) - raft.server.log.statemachine.data.sync = true (default)
2019-09-26 10:05:54,796 [pool-419-thread-1] INFO  server.RaftServerConfigKeys (ConfUtils.java:logGet(43)) - raft.server.log.statemachine.data.sync.timeout = 10s (default)
2019-09-26 10:05:54,796 [pool-419-thread-1] INFO  server.RaftServerConfigKeys (ConfUtils.java:logGet(43)) - raft.server.log.statemachine.data.sync.timeout.retry = -1 (default)
2019-09-26 10:05:54,796 [pool-419-thread-1] INFO  server.RaftServerConfigKeys (ConfUtils.java:logGet(43)) - raft.server.log.statemachine.data.caching.enabled = true (custom)
2019-09-26 10:05:54,797 [pool-419-thread-1] INFO  segmented.SegmentedRaftLogWorker (SegmentedRaftLogWorker.java:lambda$new$0(132)) - 72f743f9-1e0e-4345-96f1-9a3a34c18cec@group-CDBA19D3F1B6-SegmentedRaftLogWorker: flushIndex: setUnconditionally 0 -> -1
2019-09-26 10:05:54,797 [pool-419-thread-1] INFO  server.RaftServerConfigKeys (ConfUtils.java:logGet(43)) - raft.server.snapshot.auto.trigger.enabled = true (custom)
2019-09-26 10:05:54,797 [pool-419-thread-1] INFO  server.RaftServerConfigKeys (ConfUtils.java:logGet(43)) - raft.server.snapshot.auto.trigger.threshold = 10000 (custom)
2019-09-26 10:05:54,797 [pool-419-thread-1] INFO  server.RaftServerConfigKeys (ConfUtils.java:logGet(43)) - raft.server.snapshot.retention.num.files = 5 (custom)
2019-09-26 10:05:54,797 [pool-419-thread-1] INFO  server.RaftServerConfigKeys (ConfUtils.java:logGet(43)) - raft.server.retrycache.expirytime = 600000ms (custom)
2019-09-26 10:05:54,798 [pool-419-thread-1] INFO  impl.RaftServerImpl (RaftServerImpl.java:start(185)) - 72f743f9-1e0e-4345-96f1-9a3a34c18cec@group-CDBA19D3F1B6: start as a follower, conf=-1: [72f743f9-1e0e-4345-96f1-9a3a34c18cec:192.168.30.13:42232], old=null
2019-09-26 10:05:54,798 [pool-419-thread-1] INFO  impl.RaftServerImpl (RaftServerImpl.java:setRole(174)) - 72f743f9-1e0e-4345-96f1-9a3a34c18cec@group-CDBA19D3F1B6: changes role from      null to FOLLOWER at term 0 for startAsFollower
2019-09-26 10:05:54,798 [pool-419-thread-1] INFO  impl.RoleInfo (RoleInfo.java:updateAndGet(143)) - 72f743f9-1e0e-4345-96f1-9a3a34c18cec: start FollowerState
2019-09-26 10:05:54,799 [pool-419-thread-1] INFO  util.JmxRegister (JmxRegister.java:tryRegister(44)) - Successfully registered JMX Bean with object name Ratis:service=RaftServer,group=group-CDBA19D3F1B6,id=72f743f9-1e0e-4345-96f1-9a3a34c18cec
2019-09-26 10:05:54,800 [RatisPipelineUtilsThread] INFO  pipeline.PipelineStateManager (PipelineStateManager.java:addPipeline(56)) - Created pipeline Pipeline[ Id: 1d9e71ac-47ce-4622-8e4f-cdba19d3f1b6, Nodes: 72f743f9-1e0e-4345-96f1-9a3a34c18cec{ip: 192.168.30.13, host: pr-hdds-1569-wvzgm-824869521, networkLocation: /default-rack, certSerialId: null}, Type:RATIS, Factor:ONE, State:OPEN]
2019-09-26 10:05:54,801 [RatisPipelineUtilsThread] INFO  pipeline.PipelinePlacementPolicy (PipelinePlacementPolicy.java:meetCriteria(91)) - Pipeline Placement: can't place more pipeline on heavy datanode： 78fc6c82-4831-4601-bfbf-c281d6d238b7 Heaviness: 6 limit: 5
2019-09-26 10:05:54,804 [grpc-default-executor-1] INFO  impl.RaftServerProxy (RaftServerProxy.java:addNew(89)) - db227204-214e-44d9-8d16-8c4813e40a58: addNew group-59F656B70023:[db227204-214e-44d9-8d16-8c4813e40a58:192.168.30.13:35682] returns group-59F656B70023:java.util.concurrent.CompletableFuture@3fb744e3[Not completed]
2019-09-26 10:05:54,805 [pool-439-thread-1] INFO  impl.RaftServerImpl (RaftServerImpl.java:<init>(95)) - db227204-214e-44d9-8d16-8c4813e40a58: new RaftServerImpl for group-59F656B70023:[db227204-214e-44d9-8d16-8c4813e40a58:192.168.30.13:35682] with ContainerStateMachine:uninitialized
2019-09-26 10:05:54,805 [pool-439-thread-1] INFO  server.RaftServerConfigKeys (ConfUtils.java:logGet(43)) - raft.server.rpc.timeout.min = 5s (custom)
2019-09-26 10:05:54,805 [pool-439-thread-1] INFO  server.RaftServerConfigKeys (ConfUtils.java:logGet(43)) - raft.server.rpc.timeout.max = 5200ms (custom)
2019-09-26 10:05:54,805 [pool-439-thread-1] INFO  server.RaftServerConfigKeys (ConfUtils.java:logGet(43)) - raft.server.rpcslowness.timeout = 120s (custom)
2019-09-26 10:05:54,805 [pool-439-thread-1] INFO  server.RaftServerConfigKeys (ConfUtils.java:logGet(43)) - raft.server.sleep.deviation.threshold = 300 (default)
2019-09-26 10:05:54,806 [pool-439-thread-1] INFO  server.RaftServerConfigKeys (ConfUtils.java:logGet(43)) - raft.server.log.appender.install.snapshot.enabled = false (custom)
2019-09-26 10:05:54,806 [pool-439-thread-1] INFO  impl.RaftServerImpl (ServerState.java:<init>(103)) - db227204-214e-44d9-8d16-8c4813e40a58@group-59F656B70023: ConfigurationManager, init=-1: [db227204-214e-44d9-8d16-8c4813e40a58:192.168.30.13:35682], old=null, confs=<EMPTY_MAP>
2019-09-26 10:05:54,806 [pool-439-thread-1] INFO  server.RaftServerConfigKeys (ConfUtils.java:logGet(43)) - raft.server.storage.dir = [/workdir/hadoop-ozone/integration-test/target/test-dir/MiniOzoneClusterImpl-6f19b49f-1ba0-4037-80e1-640204793d9e/datanode-3/data/ratis] (custom)
2019-09-26 10:05:54,806 [pool-439-thread-1] INFO  storage.RaftStorageDirectory (RaftStorageDirectory.java:analyzeStorage(246)) - The storage directory /workdir/hadoop-ozone/integration-test/target/test-dir/MiniOzoneClusterImpl-6f19b49f-1ba0-4037-80e1-640204793d9e/datanode-3/data/ratis/5cf2e918-c5e1-42a8-9737-59f656b70023 does not exist. Creating ...
2019-09-26 10:05:54,819 [pool-439-thread-1] INFO  storage.RaftStorageDirectory (RaftStorageDirectory.java:tryLock(328)) - Lock on /workdir/hadoop-ozone/integration-test/target/test-dir/MiniOzoneClusterImpl-6f19b49f-1ba0-4037-80e1-640204793d9e/datanode-3/data/ratis/5cf2e918-c5e1-42a8-9737-59f656b70023/in_use.lock acquired by nodename 19604@pr-hdds-1569-wvzgm-824869521
2019-09-26 10:05:54,832 [pool-439-thread-1] INFO  storage.RaftStorage (RaftStorage.java:format(72)) - Storage directory /workdir/hadoop-ozone/integration-test/target/test-dir/MiniOzoneClusterImpl-6f19b49f-1ba0-4037-80e1-640204793d9e/datanode-3/data/ratis/5cf2e918-c5e1-42a8-9737-59f656b70023 has been successfully formatted.
2019-09-26 10:05:54,832 [pool-439-thread-1] INFO  ratis.ContainerStateMachine (ContainerStateMachine.java:loadSnapshot(230)) - group-59F656B70023: The snapshot info is null. Setting the last applied indexto:(t:0, i:~)
2019-09-26 10:05:54,832 [pool-439-thread-1] INFO  server.RaftServerConfigKeys (ConfUtils.java:logGet(43)) - raft.server.notification.no-leader.timeout = 120s (custom)
2019-09-26 10:05:54,832 [pool-439-thread-1] INFO  server.RaftServerConfigKeys (ConfUtils.java:logGet(43)) - raft.server.log.use.memory = false (default)
2019-09-26 10:05:54,832 [pool-439-thread-1] INFO  server.RaftServerConfigKeys (ConfUtils.java:logGet(43)) - raft.server.log.purge.gap = 1000000 (custom)
2019-09-26 10:05:54,832 [pool-439-thread-1] INFO  server.RaftServerConfigKeys (ConfUtils.java:logGet(43)) - raft.server.log.appender.buffer.byte-limit = 33554432 (custom)
2019-09-26 10:05:54,832 [pool-439-thread-1] INFO  server.RaftServerConfigKeys (ConfUtils.java:logGet(43)) - raft.server.log.segment.size.max = 1048576 (custom)
2019-09-26 10:05:54,833 [pool-439-thread-1] INFO  server.RaftServerConfigKeys (ConfUtils.java:logGet(43)) - raft.server.log.segment.cache.num.max = 2 (custom)
2019-09-26 10:05:54,833 [pool-439-thread-1] INFO  segmented.SegmentedRaftLogWorker (SegmentedRaftLogWorker.java:<init>(172)) - new db227204-214e-44d9-8d16-8c4813e40a58@group-59F656B70023-SegmentedRaftLogWorker for RaftStorage:Storage Directory /workdir/hadoop-ozone/integration-test/target/test-dir/MiniOzoneClusterImpl-6f19b49f-1ba0-4037-80e1-640204793d9e/datanode-3/data/ratis/5cf2e918-c5e1-42a8-9737-59f656b70023
2019-09-26 10:05:54,833 [pool-439-thread-1] INFO  server.RaftServerConfigKeys (ConfUtils.java:logGet(43)) - raft.server.log.queue.byte-limit = 2147483647 (custom)
2019-09-26 10:05:54,833 [pool-439-thread-1] INFO  server.RaftServerConfigKeys (ConfUtils.java:logGet(43)) - raft.server.log.queue.element-limit = 1024 (custom)
2019-09-26 10:05:54,833 [pool-439-thread-1] INFO  server.RaftServerConfigKeys (ConfUtils.java:logGet(43)) - raft.server.log.segment.size.max = 1048576 (custom)
2019-09-26 10:05:54,833 [pool-439-thread-1] INFO  server.RaftServerConfigKeys (ConfUtils.java:logGet(43)) - raft.server.log.preallocated.size = 16384 (custom)
2019-09-26 10:05:54,833 [pool-439-thread-1] INFO  server.RaftServerConfigKeys (ConfUtils.java:logGet(43)) - raft.server.log.write.buffer.size = 33554432 (custom)
2019-09-26 10:05:54,833 [pool-439-thread-1] INFO  server.RaftServerConfigKeys (ConfUtils.java:logGet(43)) - raft.server.log.force.sync.num = 128 (default)
2019-09-26 10:05:54,833 [pool-439-thread-1] INFO  server.RaftServerConfigKeys (ConfUtils.java:logGet(43)) - raft.server.log.statemachine.data.sync = true (default)
2019-09-26 10:05:54,833 [pool-439-thread-1] INFO  server.RaftServerConfigKeys (ConfUtils.java:logGet(43)) - raft.server.log.statemachine.data.sync.timeout = 10s (default)
2019-09-26 10:05:54,834 [pool-439-thread-1] INFO  server.RaftServerConfigKeys (ConfUtils.java:logGet(43)) - raft.server.log.statemachine.data.sync.timeout.retry = -1 (default)
2019-09-26 10:05:54,834 [pool-439-thread-1] INFO  server.RaftServerConfigKeys (ConfUtils.java:logGet(43)) - raft.server.log.statemachine.data.caching.enabled = true (custom)
2019-09-26 10:05:54,834 [pool-439-thread-1] INFO  segmented.SegmentedRaftLogWorker (SegmentedRaftLogWorker.java:lambda$new$0(132)) - db227204-214e-44d9-8d16-8c4813e40a58@group-59F656B70023-SegmentedRaftLogWorker: flushIndex: setUnconditionally 0 -> -1
2019-09-26 10:05:54,834 [pool-439-thread-1] INFO  server.RaftServerConfigKeys (ConfUtils.java:logGet(43)) - raft.server.snapshot.auto.trigger.enabled = true (custom)
2019-09-26 10:05:54,834 [pool-439-thread-1] INFO  server.RaftServerConfigKeys (ConfUtils.java:logGet(43)) - raft.server.snapshot.auto.trigger.threshold = 10000 (custom)
2019-09-26 10:05:54,834 [pool-439-thread-1] INFO  server.RaftServerConfigKeys (ConfUtils.java:logGet(43)) - raft.server.snapshot.retention.num.files = 5 (custom)
2019-09-26 10:05:54,834 [pool-439-thread-1] INFO  server.RaftServerConfigKeys (ConfUtils.java:logGet(43)) - raft.server.retrycache.expirytime = 600000ms (custom)
2019-09-26 10:05:54,836 [pool-439-thread-1] INFO  impl.RaftServerImpl (RaftServerImpl.java:start(185)) - db227204-214e-44d9-8d16-8c4813e40a58@group-59F656B70023: start as a follower, conf=-1: [db227204-214e-44d9-8d16-8c4813e40a58:192.168.30.13:35682], old=null
2019-09-26 10:05:54,836 [pool-439-thread-1] INFO  impl.RaftServerImpl (RaftServerImpl.java:setRole(174)) - db227204-214e-44d9-8d16-8c4813e40a58@group-59F656B70023: changes role from      null to FOLLOWER at term 0 for startAsFollower
2019-09-26 10:05:54,836 [pool-439-thread-1] INFO  impl.RoleInfo (RoleInfo.java:updateAndGet(143)) - db227204-214e-44d9-8d16-8c4813e40a58: start FollowerState
2019-09-26 10:05:54,836 [pool-439-thread-1] INFO  util.JmxRegister (JmxRegister.java:tryRegister(44)) - Successfully registered JMX Bean with object name Ratis:service=RaftServer,group=group-59F656B70023,id=db227204-214e-44d9-8d16-8c4813e40a58
2019-09-26 10:05:54,838 [RatisPipelineUtilsThread] INFO  pipeline.PipelineStateManager (PipelineStateManager.java:addPipeline(56)) - Created pipeline Pipeline[ Id: 5cf2e918-c5e1-42a8-9737-59f656b70023, Nodes: db227204-214e-44d9-8d16-8c4813e40a58{ip: 192.168.30.13, host: pr-hdds-1569-wvzgm-824869521, networkLocation: /default-rack, certSerialId: null}, Type:RATIS, Factor:ONE, State:OPEN]
2019-09-26 10:05:54,838 [RatisPipelineUtilsThread] INFO  pipeline.PipelinePlacementPolicy (PipelinePlacementPolicy.java:meetCriteria(91)) - Pipeline Placement: can't place more pipeline on heavy datanode： 78fc6c82-4831-4601-bfbf-c281d6d238b7 Heaviness: 6 limit: 5
2019-09-26 10:05:54,842 [grpc-default-executor-1] INFO  impl.RaftServerProxy (RaftServerProxy.java:addNew(89)) - 72f743f9-1e0e-4345-96f1-9a3a34c18cec: addNew group-A06EF9BD81F6:[72f743f9-1e0e-4345-96f1-9a3a34c18cec:192.168.30.13:42232] returns group-A06EF9BD81F6:java.util.concurrent.CompletableFuture@1f63a02c[Not completed]
2019-09-26 10:05:54,843 [pool-419-thread-1] INFO  impl.RaftServerImpl (RaftServerImpl.java:<init>(95)) - 72f743f9-1e0e-4345-96f1-9a3a34c18cec: new RaftServerImpl for group-A06EF9BD81F6:[72f743f9-1e0e-4345-96f1-9a3a34c18cec:192.168.30.13:42232] with ContainerStateMachine:uninitialized
2019-09-26 10:05:54,843 [pool-419-thread-1] INFO  server.RaftServerConfigKeys (ConfUtils.java:logGet(43)) - raft.server.rpc.timeout.min = 5s (custom)
2019-09-26 10:05:54,843 [pool-419-thread-1] INFO  server.RaftServerConfigKeys (ConfUtils.java:logGet(43)) - raft.server.rpc.timeout.max = 5200ms (custom)
2019-09-26 10:05:54,843 [pool-419-thread-1] INFO  server.RaftServerConfigKeys (ConfUtils.java:logGet(43)) - raft.server.rpcslowness.timeout = 120s (custom)
2019-09-26 10:05:54,843 [pool-419-thread-1] INFO  server.RaftServerConfigKeys (ConfUtils.java:logGet(43)) - raft.server.sleep.deviation.threshold = 300 (default)
2019-09-26 10:05:54,844 [pool-419-thread-1] INFO  server.RaftServerConfigKeys (ConfUtils.java:logGet(43)) - raft.server.log.appender.install.snapshot.enabled = false (custom)
2019-09-26 10:05:54,844 [pool-419-thread-1] INFO  impl.RaftServerImpl (ServerState.java:<init>(103)) - 72f743f9-1e0e-4345-96f1-9a3a34c18cec@group-A06EF9BD81F6: ConfigurationManager, init=-1: [72f743f9-1e0e-4345-96f1-9a3a34c18cec:192.168.30.13:42232], old=null, confs=<EMPTY_MAP>
2019-09-26 10:05:54,844 [pool-419-thread-1] INFO  server.RaftServerConfigKeys (ConfUtils.java:logGet(43)) - raft.server.storage.dir = [/workdir/hadoop-ozone/integration-test/target/test-dir/MiniOzoneClusterImpl-6f19b49f-1ba0-4037-80e1-640204793d9e/datanode-1/data/ratis] (custom)
2019-09-26 10:05:54,844 [pool-419-thread-1] INFO  storage.RaftStorageDirectory (RaftStorageDirectory.java:analyzeStorage(246)) - The storage directory /workdir/hadoop-ozone/integration-test/target/test-dir/MiniOzoneClusterImpl-6f19b49f-1ba0-4037-80e1-640204793d9e/datanode-1/data/ratis/b5c28181-a85a-49bd-8648-a06ef9bd81f6 does not exist. Creating ...
2019-09-26 10:05:54,856 [pool-419-thread-1] INFO  storage.RaftStorageDirectory (RaftStorageDirectory.java:tryLock(328)) - Lock on /workdir/hadoop-ozone/integration-test/target/test-dir/MiniOzoneClusterImpl-6f19b49f-1ba0-4037-80e1-640204793d9e/datanode-1/data/ratis/b5c28181-a85a-49bd-8648-a06ef9bd81f6/in_use.lock acquired by nodename 19604@pr-hdds-1569-wvzgm-824869521
2019-09-26 10:05:54,869 [pool-419-thread-1] INFO  storage.RaftStorage (RaftStorage.java:format(72)) - Storage directory /workdir/hadoop-ozone/integration-test/target/test-dir/MiniOzoneClusterImpl-6f19b49f-1ba0-4037-80e1-640204793d9e/datanode-1/data/ratis/b5c28181-a85a-49bd-8648-a06ef9bd81f6 has been successfully formatted.
2019-09-26 10:05:54,869 [pool-419-thread-1] INFO  ratis.ContainerStateMachine (ContainerStateMachine.java:loadSnapshot(230)) - group-A06EF9BD81F6: The snapshot info is null. Setting the last applied indexto:(t:0, i:~)
2019-09-26 10:05:54,870 [pool-419-thread-1] INFO  server.RaftServerConfigKeys (ConfUtils.java:logGet(43)) - raft.server.notification.no-leader.timeout = 120s (custom)
2019-09-26 10:05:54,870 [pool-419-thread-1] INFO  server.RaftServerConfigKeys (ConfUtils.java:logGet(43)) - raft.server.log.use.memory = false (default)
2019-09-26 10:05:54,870 [pool-419-thread-1] INFO  server.RaftServerConfigKeys (ConfUtils.java:logGet(43)) - raft.server.log.purge.gap = 1000000 (custom)
2019-09-26 10:05:54,870 [pool-419-thread-1] INFO  server.RaftServerConfigKeys (ConfUtils.java:logGet(43)) - raft.server.log.appender.buffer.byte-limit = 33554432 (custom)
2019-09-26 10:05:54,870 [pool-419-thread-1] INFO  server.RaftServerConfigKeys (ConfUtils.java:logGet(43)) - raft.server.log.segment.size.max = 1048576 (custom)
2019-09-26 10:05:54,870 [pool-419-thread-1] INFO  server.RaftServerConfigKeys (ConfUtils.java:logGet(43)) - raft.server.log.segment.cache.num.max = 2 (custom)
2019-09-26 10:05:54,870 [pool-419-thread-1] INFO  segmented.SegmentedRaftLogWorker (SegmentedRaftLogWorker.java:<init>(172)) - new 72f743f9-1e0e-4345-96f1-9a3a34c18cec@group-A06EF9BD81F6-SegmentedRaftLogWorker for RaftStorage:Storage Directory /workdir/hadoop-ozone/integration-test/target/test-dir/MiniOzoneClusterImpl-6f19b49f-1ba0-4037-80e1-640204793d9e/datanode-1/data/ratis/b5c28181-a85a-49bd-8648-a06ef9bd81f6
2019-09-26 10:05:54,871 [pool-419-thread-1] INFO  server.RaftServerConfigKeys (ConfUtils.java:logGet(43)) - raft.server.log.queue.byte-limit = 2147483647 (custom)
2019-09-26 10:05:54,871 [pool-419-thread-1] INFO  server.RaftServerConfigKeys (ConfUtils.java:logGet(43)) - raft.server.log.queue.element-limit = 1024 (custom)
2019-09-26 10:05:54,871 [pool-419-thread-1] INFO  server.RaftServerConfigKeys (ConfUtils.java:logGet(43)) - raft.server.log.segment.size.max = 1048576 (custom)
2019-09-26 10:05:54,871 [pool-419-thread-1] INFO  server.RaftServerConfigKeys (ConfUtils.java:logGet(43)) - raft.server.log.preallocated.size = 16384 (custom)
2019-09-26 10:05:54,871 [pool-419-thread-1] INFO  server.RaftServerConfigKeys (ConfUtils.java:logGet(43)) - raft.server.log.write.buffer.size = 33554432 (custom)
2019-09-26 10:05:54,871 [pool-419-thread-1] INFO  server.RaftServerConfigKeys (ConfUtils.java:logGet(43)) - raft.server.log.force.sync.num = 128 (default)
2019-09-26 10:05:54,871 [pool-419-thread-1] INFO  server.RaftServerConfigKeys (ConfUtils.java:logGet(43)) - raft.server.log.statemachine.data.sync = true (default)
2019-09-26 10:05:54,871 [pool-419-thread-1] INFO  server.RaftServerConfigKeys (ConfUtils.java:logGet(43)) - raft.server.log.statemachine.data.sync.timeout = 10s (default)
2019-09-26 10:05:54,872 [pool-419-thread-1] INFO  server.RaftServerConfigKeys (ConfUtils.java:logGet(43)) - raft.server.log.statemachine.data.sync.timeout.retry = -1 (default)
2019-09-26 10:05:54,872 [pool-419-thread-1] INFO  server.RaftServerConfigKeys (ConfUtils.java:logGet(43)) - raft.server.log.statemachine.data.caching.enabled = true (custom)
2019-09-26 10:05:54,872 [pool-419-thread-1] INFO  segmented.SegmentedRaftLogWorker (SegmentedRaftLogWorker.java:lambda$new$0(132)) - 72f743f9-1e0e-4345-96f1-9a3a34c18cec@group-A06EF9BD81F6-SegmentedRaftLogWorker: flushIndex: setUnconditionally 0 -> -1
2019-09-26 10:05:54,872 [pool-419-thread-1] INFO  server.RaftServerConfigKeys (ConfUtils.java:logGet(43)) - raft.server.snapshot.auto.trigger.enabled = true (custom)
2019-09-26 10:05:54,872 [pool-419-thread-1] INFO  server.RaftServerConfigKeys (ConfUtils.java:logGet(43)) - raft.server.snapshot.auto.trigger.threshold = 10000 (custom)
2019-09-26 10:05:54,873 [pool-419-thread-1] INFO  server.RaftServerConfigKeys (ConfUtils.java:logGet(43)) - raft.server.snapshot.retention.num.files = 5 (custom)
2019-09-26 10:05:54,873 [pool-419-thread-1] INFO  server.RaftServerConfigKeys (ConfUtils.java:logGet(43)) - raft.server.retrycache.expirytime = 600000ms (custom)
2019-09-26 10:05:54,874 [pool-419-thread-1] INFO  impl.RaftServerImpl (RaftServerImpl.java:start(185)) - 72f743f9-1e0e-4345-96f1-9a3a34c18cec@group-A06EF9BD81F6: start as a follower, conf=-1: [72f743f9-1e0e-4345-96f1-9a3a34c18cec:192.168.30.13:42232], old=null
2019-09-26 10:05:54,875 [pool-419-thread-1] INFO  impl.RaftServerImpl (RaftServerImpl.java:setRole(174)) - 72f743f9-1e0e-4345-96f1-9a3a34c18cec@group-A06EF9BD81F6: changes role from      null to FOLLOWER at term 0 for startAsFollower
2019-09-26 10:05:54,875 [pool-419-thread-1] INFO  impl.RoleInfo (RoleInfo.java:updateAndGet(143)) - 72f743f9-1e0e-4345-96f1-9a3a34c18cec: start FollowerState
2019-09-26 10:05:54,875 [pool-419-thread-1] INFO  util.JmxRegister (JmxRegister.java:tryRegister(44)) - Successfully registered JMX Bean with object name Ratis:service=RaftServer,group=group-A06EF9BD81F6,id=72f743f9-1e0e-4345-96f1-9a3a34c18cec
2019-09-26 10:05:54,878 [RatisPipelineUtilsThread] INFO  pipeline.PipelineStateManager (PipelineStateManager.java:addPipeline(56)) - Created pipeline Pipeline[ Id: b5c28181-a85a-49bd-8648-a06ef9bd81f6, Nodes: 72f743f9-1e0e-4345-96f1-9a3a34c18cec{ip: 192.168.30.13, host: pr-hdds-1569-wvzgm-824869521, networkLocation: /default-rack, certSerialId: null}, Type:RATIS, Factor:ONE, State:OPEN]
2019-09-26 10:05:54,879 [RatisPipelineUtilsThread] INFO  pipeline.PipelinePlacementPolicy (PipelinePlacementPolicy.java:meetCriteria(91)) - Pipeline Placement: can't place more pipeline on heavy datanode： 78fc6c82-4831-4601-bfbf-c281d6d238b7 Heaviness: 6 limit: 5
2019-09-26 10:05:54,883 [grpc-default-executor-1] INFO  impl.RaftServerProxy (RaftServerProxy.java:addNew(89)) - 9c78032f-eba8-46d0-8c4d-d82b43c60fb9: addNew group-0BA17B1FE4D4:[9c78032f-eba8-46d0-8c4d-d82b43c60fb9:192.168.30.13:33303] returns group-0BA17B1FE4D4:java.util.concurrent.CompletableFuture@492eee78[Not completed]
2019-09-26 10:05:54,884 [pool-459-thread-1] INFO  impl.RaftServerImpl (RaftServerImpl.java:<init>(95)) - 9c78032f-eba8-46d0-8c4d-d82b43c60fb9: new RaftServerImpl for group-0BA17B1FE4D4:[9c78032f-eba8-46d0-8c4d-d82b43c60fb9:192.168.30.13:33303] with ContainerStateMachine:uninitialized
2019-09-26 10:05:54,884 [pool-459-thread-1] INFO  server.RaftServerConfigKeys (ConfUtils.java:logGet(43)) - raft.server.rpc.timeout.min = 5s (custom)
2019-09-26 10:05:54,884 [pool-459-thread-1] INFO  server.RaftServerConfigKeys (ConfUtils.java:logGet(43)) - raft.server.rpc.timeout.max = 5200ms (custom)
2019-09-26 10:05:54,884 [pool-459-thread-1] INFO  server.RaftServerConfigKeys (ConfUtils.java:logGet(43)) - raft.server.rpcslowness.timeout = 120s (custom)
2019-09-26 10:05:54,884 [pool-459-thread-1] INFO  server.RaftServerConfigKeys (ConfUtils.java:logGet(43)) - raft.server.sleep.deviation.threshold = 300 (default)
2019-09-26 10:05:54,885 [pool-459-thread-1] INFO  server.RaftServerConfigKeys (ConfUtils.java:logGet(43)) - raft.server.log.appender.install.snapshot.enabled = false (custom)
2019-09-26 10:05:54,885 [pool-459-thread-1] INFO  impl.RaftServerImpl (ServerState.java:<init>(103)) - 9c78032f-eba8-46d0-8c4d-d82b43c60fb9@group-0BA17B1FE4D4: ConfigurationManager, init=-1: [9c78032f-eba8-46d0-8c4d-d82b43c60fb9:192.168.30.13:33303], old=null, confs=<EMPTY_MAP>
2019-09-26 10:05:54,885 [pool-459-thread-1] INFO  server.RaftServerConfigKeys (ConfUtils.java:logGet(43)) - raft.server.storage.dir = [/workdir/hadoop-ozone/integration-test/target/test-dir/MiniOzoneClusterImpl-6f19b49f-1ba0-4037-80e1-640204793d9e/datanode-5/data/ratis] (custom)
2019-09-26 10:05:54,885 [pool-459-thread-1] INFO  storage.RaftStorageDirectory (RaftStorageDirectory.java:analyzeStorage(246)) - The storage directory /workdir/hadoop-ozone/integration-test/target/test-dir/MiniOzoneClusterImpl-6f19b49f-1ba0-4037-80e1-640204793d9e/datanode-5/data/ratis/90ca9db2-9390-4355-bc43-0ba17b1fe4d4 does not exist. Creating ...
2019-09-26 10:05:54,897 [pool-459-thread-1] INFO  storage.RaftStorageDirectory (RaftStorageDirectory.java:tryLock(328)) - Lock on /workdir/hadoop-ozone/integration-test/target/test-dir/MiniOzoneClusterImpl-6f19b49f-1ba0-4037-80e1-640204793d9e/datanode-5/data/ratis/90ca9db2-9390-4355-bc43-0ba17b1fe4d4/in_use.lock acquired by nodename 19604@pr-hdds-1569-wvzgm-824869521
2019-09-26 10:05:54,910 [pool-459-thread-1] INFO  storage.RaftStorage (RaftStorage.java:format(72)) - Storage directory /workdir/hadoop-ozone/integration-test/target/test-dir/MiniOzoneClusterImpl-6f19b49f-1ba0-4037-80e1-640204793d9e/datanode-5/data/ratis/90ca9db2-9390-4355-bc43-0ba17b1fe4d4 has been successfully formatted.
2019-09-26 10:05:54,910 [pool-459-thread-1] INFO  ratis.ContainerStateMachine (ContainerStateMachine.java:loadSnapshot(230)) - group-0BA17B1FE4D4: The snapshot info is null. Setting the last applied indexto:(t:0, i:~)
2019-09-26 10:05:54,910 [pool-459-thread-1] INFO  server.RaftServerConfigKeys (ConfUtils.java:logGet(43)) - raft.server.notification.no-leader.timeout = 120s (custom)
2019-09-26 10:05:54,910 [pool-459-thread-1] INFO  server.RaftServerConfigKeys (ConfUtils.java:logGet(43)) - raft.server.log.use.memory = false (default)
2019-09-26 10:05:54,910 [pool-459-thread-1] INFO  server.RaftServerConfigKeys (ConfUtils.java:logGet(43)) - raft.server.log.purge.gap = 1000000 (custom)
2019-09-26 10:05:54,911 [pool-459-thread-1] INFO  server.RaftServerConfigKeys (ConfUtils.java:logGet(43)) - raft.server.log.appender.buffer.byte-limit = 33554432 (custom)
2019-09-26 10:05:54,911 [pool-459-thread-1] INFO  server.RaftServerConfigKeys (ConfUtils.java:logGet(43)) - raft.server.log.segment.size.max = 1048576 (custom)
2019-09-26 10:05:54,911 [pool-459-thread-1] INFO  server.RaftServerConfigKeys (ConfUtils.java:logGet(43)) - raft.server.log.segment.cache.num.max = 2 (custom)
2019-09-26 10:05:54,911 [pool-459-thread-1] INFO  segmented.SegmentedRaftLogWorker (SegmentedRaftLogWorker.java:<init>(172)) - new 9c78032f-eba8-46d0-8c4d-d82b43c60fb9@group-0BA17B1FE4D4-SegmentedRaftLogWorker for RaftStorage:Storage Directory /workdir/hadoop-ozone/integration-test/target/test-dir/MiniOzoneClusterImpl-6f19b49f-1ba0-4037-80e1-640204793d9e/datanode-5/data/ratis/90ca9db2-9390-4355-bc43-0ba17b1fe4d4
2019-09-26 10:05:54,911 [pool-459-thread-1] INFO  server.RaftServerConfigKeys (ConfUtils.java:logGet(43)) - raft.server.log.queue.byte-limit = 2147483647 (custom)
2019-09-26 10:05:54,911 [pool-459-thread-1] INFO  server.RaftServerConfigKeys (ConfUtils.java:logGet(43)) - raft.server.log.queue.element-limit = 1024 (custom)
2019-09-26 10:05:54,911 [pool-459-thread-1] INFO  server.RaftServerConfigKeys (ConfUtils.java:logGet(43)) - raft.server.log.segment.size.max = 1048576 (custom)
2019-09-26 10:05:54,911 [pool-459-thread-1] INFO  server.RaftServerConfigKeys (ConfUtils.java:logGet(43)) - raft.server.log.preallocated.size = 16384 (custom)
2019-09-26 10:05:54,912 [pool-459-thread-1] INFO  server.RaftServerConfigKeys (ConfUtils.java:logGet(43)) - raft.server.log.write.buffer.size = 33554432 (custom)
2019-09-26 10:05:54,912 [pool-459-thread-1] INFO  server.RaftServerConfigKeys (ConfUtils.java:logGet(43)) - raft.server.log.force.sync.num = 128 (default)
2019-09-26 10:05:54,912 [pool-459-thread-1] INFO  server.RaftServerConfigKeys (ConfUtils.java:logGet(43)) - raft.server.log.statemachine.data.sync = true (default)
2019-09-26 10:05:54,912 [pool-459-thread-1] INFO  server.RaftServerConfigKeys (ConfUtils.java:logGet(43)) - raft.server.log.statemachine.data.sync.timeout = 10s (default)
2019-09-26 10:05:54,912 [pool-459-thread-1] INFO  server.RaftServerConfigKeys (ConfUtils.java:logGet(43)) - raft.server.log.statemachine.data.sync.timeout.retry = -1 (default)
2019-09-26 10:05:54,912 [pool-459-thread-1] INFO  server.RaftServerConfigKeys (ConfUtils.java:logGet(43)) - raft.server.log.statemachine.data.caching.enabled = true (custom)
2019-09-26 10:05:54,912 [pool-459-thread-1] INFO  segmented.SegmentedRaftLogWorker (SegmentedRaftLogWorker.java:lambda$new$0(132)) - 9c78032f-eba8-46d0-8c4d-d82b43c60fb9@group-0BA17B1FE4D4-SegmentedRaftLogWorker: flushIndex: setUnconditionally 0 -> -1
2019-09-26 10:05:54,913 [pool-459-thread-1] INFO  server.RaftServerConfigKeys (ConfUtils.java:logGet(43)) - raft.server.snapshot.auto.trigger.enabled = true (custom)
2019-09-26 10:05:54,913 [pool-459-thread-1] INFO  server.RaftServerConfigKeys (ConfUtils.java:logGet(43)) - raft.server.snapshot.auto.trigger.threshold = 10000 (custom)
2019-09-26 10:05:54,913 [pool-459-thread-1] INFO  server.RaftServerConfigKeys (ConfUtils.java:logGet(43)) - raft.server.snapshot.retention.num.files = 5 (custom)
2019-09-26 10:05:54,913 [pool-459-thread-1] INFO  server.RaftServerConfigKeys (ConfUtils.java:logGet(43)) - raft.server.retrycache.expirytime = 600000ms (custom)
2019-09-26 10:05:54,914 [pool-459-thread-1] INFO  impl.RaftServerImpl (RaftServerImpl.java:start(185)) - 9c78032f-eba8-46d0-8c4d-d82b43c60fb9@group-0BA17B1FE4D4: start as a follower, conf=-1: [9c78032f-eba8-46d0-8c4d-d82b43c60fb9:192.168.30.13:33303], old=null
2019-09-26 10:05:54,915 [pool-459-thread-1] INFO  impl.RaftServerImpl (RaftServerImpl.java:setRole(174)) - 9c78032f-eba8-46d0-8c4d-d82b43c60fb9@group-0BA17B1FE4D4: changes role from      null to FOLLOWER at term 0 for startAsFollower
2019-09-26 10:05:54,915 [pool-459-thread-1] INFO  impl.RoleInfo (RoleInfo.java:updateAndGet(143)) - 9c78032f-eba8-46d0-8c4d-d82b43c60fb9: start FollowerState
2019-09-26 10:05:54,915 [pool-459-thread-1] INFO  util.JmxRegister (JmxRegister.java:tryRegister(44)) - Successfully registered JMX Bean with object name Ratis:service=RaftServer,group=group-0BA17B1FE4D4,id=9c78032f-eba8-46d0-8c4d-d82b43c60fb9
2019-09-26 10:05:54,918 [RatisPipelineUtilsThread] INFO  pipeline.PipelineStateManager (PipelineStateManager.java:addPipeline(56)) - Created pipeline Pipeline[ Id: 90ca9db2-9390-4355-bc43-0ba17b1fe4d4, Nodes: 9c78032f-eba8-46d0-8c4d-d82b43c60fb9{ip: 192.168.30.13, host: pr-hdds-1569-wvzgm-824869521, networkLocation: /default-rack, certSerialId: null}, Type:RATIS, Factor:ONE, State:OPEN]
2019-09-26 10:05:54,918 [RatisPipelineUtilsThread] INFO  pipeline.PipelinePlacementPolicy (PipelinePlacementPolicy.java:meetCriteria(91)) - Pipeline Placement: can't place more pipeline on heavy datanode： 78fc6c82-4831-4601-bfbf-c281d6d238b7 Heaviness: 6 limit: 5
2019-09-26 10:05:54,921 [grpc-default-executor-1] INFO  impl.RaftServerProxy (RaftServerProxy.java:addNew(89)) - 72f743f9-1e0e-4345-96f1-9a3a34c18cec: addNew group-7B83285B0221:[72f743f9-1e0e-4345-96f1-9a3a34c18cec:192.168.30.13:42232] returns group-7B83285B0221:java.util.concurrent.CompletableFuture@3b4e4696[Not completed]
2019-09-26 10:05:54,922 [pool-419-thread-1] INFO  impl.RaftServerImpl (RaftServerImpl.java:<init>(95)) - 72f743f9-1e0e-4345-96f1-9a3a34c18cec: new RaftServerImpl for group-7B83285B0221:[72f743f9-1e0e-4345-96f1-9a3a34c18cec:192.168.30.13:42232] with ContainerStateMachine:uninitialized
2019-09-26 10:05:54,922 [pool-419-thread-1] INFO  server.RaftServerConfigKeys (ConfUtils.java:logGet(43)) - raft.server.rpc.timeout.min = 5s (custom)
2019-09-26 10:05:54,922 [pool-419-thread-1] INFO  server.RaftServerConfigKeys (ConfUtils.java:logGet(43)) - raft.server.rpc.timeout.max = 5200ms (custom)
2019-09-26 10:05:54,922 [pool-419-thread-1] INFO  server.RaftServerConfigKeys (ConfUtils.java:logGet(43)) - raft.server.rpcslowness.timeout = 120s (custom)
2019-09-26 10:05:54,922 [pool-419-thread-1] INFO  server.RaftServerConfigKeys (ConfUtils.java:logGet(43)) - raft.server.sleep.deviation.threshold = 300 (default)
2019-09-26 10:05:54,922 [pool-419-thread-1] INFO  server.RaftServerConfigKeys (ConfUtils.java:logGet(43)) - raft.server.log.appender.install.snapshot.enabled = false (custom)
2019-09-26 10:05:54,922 [pool-419-thread-1] INFO  impl.RaftServerImpl (ServerState.java:<init>(103)) - 72f743f9-1e0e-4345-96f1-9a3a34c18cec@group-7B83285B0221: ConfigurationManager, init=-1: [72f743f9-1e0e-4345-96f1-9a3a34c18cec:192.168.30.13:42232], old=null, confs=<EMPTY_MAP>
2019-09-26 10:05:54,922 [pool-419-thread-1] INFO  server.RaftServerConfigKeys (ConfUtils.java:logGet(43)) - raft.server.storage.dir = [/workdir/hadoop-ozone/integration-test/target/test-dir/MiniOzoneClusterImpl-6f19b49f-1ba0-4037-80e1-640204793d9e/datanode-1/data/ratis] (custom)
2019-09-26 10:05:54,923 [pool-419-thread-1] INFO  storage.RaftStorageDirectory (RaftStorageDirectory.java:analyzeStorage(246)) - The storage directory /workdir/hadoop-ozone/integration-test/target/test-dir/MiniOzoneClusterImpl-6f19b49f-1ba0-4037-80e1-640204793d9e/datanode-1/data/ratis/972106b0-9d33-47ff-8f5d-7b83285b0221 does not exist. Creating ...
2019-09-26 10:05:54,939 [pool-419-thread-1] INFO  storage.RaftStorageDirectory (RaftStorageDirectory.java:tryLock(328)) - Lock on /workdir/hadoop-ozone/integration-test/target/test-dir/MiniOzoneClusterImpl-6f19b49f-1ba0-4037-80e1-640204793d9e/datanode-1/data/ratis/972106b0-9d33-47ff-8f5d-7b83285b0221/in_use.lock acquired by nodename 19604@pr-hdds-1569-wvzgm-824869521
2019-09-26 10:05:54,943 [pool-419-thread-1] INFO  storage.RaftStorage (RaftStorage.java:format(72)) - Storage directory /workdir/hadoop-ozone/integration-test/target/test-dir/MiniOzoneClusterImpl-6f19b49f-1ba0-4037-80e1-640204793d9e/datanode-1/data/ratis/972106b0-9d33-47ff-8f5d-7b83285b0221 has been successfully formatted.
2019-09-26 10:05:54,943 [pool-419-thread-1] INFO  ratis.ContainerStateMachine (ContainerStateMachine.java:loadSnapshot(230)) - group-7B83285B0221: The snapshot info is null. Setting the last applied indexto:(t:0, i:~)
2019-09-26 10:05:54,943 [pool-419-thread-1] INFO  server.RaftServerConfigKeys (ConfUtils.java:logGet(43)) - raft.server.notification.no-leader.timeout = 120s (custom)
2019-09-26 10:05:54,943 [pool-419-thread-1] INFO  server.RaftServerConfigKeys (ConfUtils.java:logGet(43)) - raft.server.log.use.memory = false (default)
2019-09-26 10:05:54,943 [pool-419-thread-1] INFO  server.RaftServerConfigKeys (ConfUtils.java:logGet(43)) - raft.server.log.purge.gap = 1000000 (custom)
2019-09-26 10:05:54,943 [pool-419-thread-1] INFO  server.RaftServerConfigKeys (ConfUtils.java:logGet(43)) - raft.server.log.appender.buffer.byte-limit = 33554432 (custom)
2019-09-26 10:05:54,943 [pool-419-thread-1] INFO  server.RaftServerConfigKeys (ConfUtils.java:logGet(43)) - raft.server.log.segment.size.max = 1048576 (custom)
2019-09-26 10:05:54,944 [pool-419-thread-1] INFO  server.RaftServerConfigKeys (ConfUtils.java:logGet(43)) - raft.server.log.segment.cache.num.max = 2 (custom)
2019-09-26 10:05:54,944 [pool-419-thread-1] INFO  segmented.SegmentedRaftLogWorker (SegmentedRaftLogWorker.java:<init>(172)) - new 72f743f9-1e0e-4345-96f1-9a3a34c18cec@group-7B83285B0221-SegmentedRaftLogWorker for RaftStorage:Storage Directory /workdir/hadoop-ozone/integration-test/target/test-dir/MiniOzoneClusterImpl-6f19b49f-1ba0-4037-80e1-640204793d9e/datanode-1/data/ratis/972106b0-9d33-47ff-8f5d-7b83285b0221
2019-09-26 10:05:54,944 [pool-419-thread-1] INFO  server.RaftServerConfigKeys (ConfUtils.java:logGet(43)) - raft.server.log.queue.byte-limit = 2147483647 (custom)
2019-09-26 10:05:54,944 [pool-419-thread-1] INFO  server.RaftServerConfigKeys (ConfUtils.java:logGet(43)) - raft.server.log.queue.element-limit = 1024 (custom)
2019-09-26 10:05:54,944 [pool-419-thread-1] INFO  server.RaftServerConfigKeys (ConfUtils.java:logGet(43)) - raft.server.log.segment.size.max = 1048576 (custom)
2019-09-26 10:05:54,944 [pool-419-thread-1] INFO  server.RaftServerConfigKeys (ConfUtils.java:logGet(43)) - raft.server.log.preallocated.size = 16384 (custom)
2019-09-26 10:05:54,944 [pool-419-thread-1] INFO  server.RaftServerConfigKeys (ConfUtils.java:logGet(43)) - raft.server.log.write.buffer.size = 33554432 (custom)
2019-09-26 10:05:54,944 [pool-419-thread-1] INFO  server.RaftServerConfigKeys (ConfUtils.java:logGet(43)) - raft.server.log.force.sync.num = 128 (default)
2019-09-26 10:05:54,945 [pool-419-thread-1] INFO  server.RaftServerConfigKeys (ConfUtils.java:logGet(43)) - raft.server.log.statemachine.data.sync = true (default)
2019-09-26 10:05:54,945 [pool-419-thread-1] INFO  server.RaftServerConfigKeys (ConfUtils.java:logGet(43)) - raft.server.log.statemachine.data.sync.timeout = 10s (default)
2019-09-26 10:05:54,945 [pool-419-thread-1] INFO  server.RaftServerConfigKeys (ConfUtils.java:logGet(43)) - raft.server.log.statemachine.data.sync.timeout.retry = -1 (default)
2019-09-26 10:05:54,945 [pool-419-thread-1] INFO  server.RaftServerConfigKeys (ConfUtils.java:logGet(43)) - raft.server.log.statemachine.data.caching.enabled = true (custom)
2019-09-26 10:05:54,945 [pool-419-thread-1] INFO  segmented.SegmentedRaftLogWorker (SegmentedRaftLogWorker.java:lambda$new$0(132)) - 72f743f9-1e0e-4345-96f1-9a3a34c18cec@group-7B83285B0221-SegmentedRaftLogWorker: flushIndex: setUnconditionally 0 -> -1
2019-09-26 10:05:54,945 [pool-419-thread-1] INFO  server.RaftServerConfigKeys (ConfUtils.java:logGet(43)) - raft.server.snapshot.auto.trigger.enabled = true (custom)
2019-09-26 10:05:54,946 [pool-419-thread-1] INFO  server.RaftServerConfigKeys (ConfUtils.java:logGet(43)) - raft.server.snapshot.auto.trigger.threshold = 10000 (custom)
2019-09-26 10:05:54,946 [pool-419-thread-1] INFO  server.RaftServerConfigKeys (ConfUtils.java:logGet(43)) - raft.server.snapshot.retention.num.files = 5 (custom)
2019-09-26 10:05:54,946 [pool-419-thread-1] INFO  server.RaftServerConfigKeys (ConfUtils.java:logGet(43)) - raft.server.retrycache.expirytime = 600000ms (custom)
2019-09-26 10:05:54,947 [pool-419-thread-1] INFO  impl.RaftServerImpl (RaftServerImpl.java:start(185)) - 72f743f9-1e0e-4345-96f1-9a3a34c18cec@group-7B83285B0221: start as a follower, conf=-1: [72f743f9-1e0e-4345-96f1-9a3a34c18cec:192.168.30.13:42232], old=null
2019-09-26 10:05:54,947 [pool-419-thread-1] INFO  impl.RaftServerImpl (RaftServerImpl.java:setRole(174)) - 72f743f9-1e0e-4345-96f1-9a3a34c18cec@group-7B83285B0221: changes role from      null to FOLLOWER at term 0 for startAsFollower
2019-09-26 10:05:54,948 [pool-419-thread-1] INFO  impl.RoleInfo (RoleInfo.java:updateAndGet(143)) - 72f743f9-1e0e-4345-96f1-9a3a34c18cec: start FollowerState
2019-09-26 10:05:54,948 [pool-419-thread-1] INFO  util.JmxRegister (JmxRegister.java:tryRegister(44)) - Successfully registered JMX Bean with object name Ratis:service=RaftServer,group=group-7B83285B0221,id=72f743f9-1e0e-4345-96f1-9a3a34c18cec
2019-09-26 10:05:54,950 [RatisPipelineUtilsThread] INFO  pipeline.PipelineStateManager (PipelineStateManager.java:addPipeline(56)) - Created pipeline Pipeline[ Id: 972106b0-9d33-47ff-8f5d-7b83285b0221, Nodes: 72f743f9-1e0e-4345-96f1-9a3a34c18cec{ip: 192.168.30.13, host: pr-hdds-1569-wvzgm-824869521, networkLocation: /default-rack, certSerialId: null}, Type:RATIS, Factor:ONE, State:OPEN]
2019-09-26 10:05:54,951 [RatisPipelineUtilsThread] INFO  pipeline.PipelinePlacementPolicy (PipelinePlacementPolicy.java:meetCriteria(91)) - Pipeline Placement: can't place more pipeline on heavy datanode： 78fc6c82-4831-4601-bfbf-c281d6d238b7 Heaviness: 6 limit: 5
2019-09-26 10:05:54,954 [grpc-default-executor-1] INFO  impl.RaftServerProxy (RaftServerProxy.java:addNew(89)) - 9c78032f-eba8-46d0-8c4d-d82b43c60fb9: addNew group-9525F9C84F3F:[9c78032f-eba8-46d0-8c4d-d82b43c60fb9:192.168.30.13:33303] returns group-9525F9C84F3F:java.util.concurrent.CompletableFuture@10596d95[Not completed]
2019-09-26 10:05:54,955 [pool-459-thread-1] INFO  impl.RaftServerImpl (RaftServerImpl.java:<init>(95)) - 9c78032f-eba8-46d0-8c4d-d82b43c60fb9: new RaftServerImpl for group-9525F9C84F3F:[9c78032f-eba8-46d0-8c4d-d82b43c60fb9:192.168.30.13:33303] with ContainerStateMachine:uninitialized
2019-09-26 10:05:54,955 [pool-459-thread-1] INFO  server.RaftServerConfigKeys (ConfUtils.java:logGet(43)) - raft.server.rpc.timeout.min = 5s (custom)
2019-09-26 10:05:54,955 [pool-459-thread-1] INFO  server.RaftServerConfigKeys (ConfUtils.java:logGet(43)) - raft.server.rpc.timeout.max = 5200ms (custom)
2019-09-26 10:05:54,955 [pool-459-thread-1] INFO  server.RaftServerConfigKeys (ConfUtils.java:logGet(43)) - raft.server.rpcslowness.timeout = 120s (custom)
2019-09-26 10:05:54,956 [pool-459-thread-1] INFO  server.RaftServerConfigKeys (ConfUtils.java:logGet(43)) - raft.server.sleep.deviation.threshold = 300 (default)
2019-09-26 10:05:54,956 [pool-459-thread-1] INFO  server.RaftServerConfigKeys (ConfUtils.java:logGet(43)) - raft.server.log.appender.install.snapshot.enabled = false (custom)
2019-09-26 10:05:54,956 [pool-459-thread-1] INFO  impl.RaftServerImpl (ServerState.java:<init>(103)) - 9c78032f-eba8-46d0-8c4d-d82b43c60fb9@group-9525F9C84F3F: ConfigurationManager, init=-1: [9c78032f-eba8-46d0-8c4d-d82b43c60fb9:192.168.30.13:33303], old=null, confs=<EMPTY_MAP>
2019-09-26 10:05:54,956 [pool-459-thread-1] INFO  server.RaftServerConfigKeys (ConfUtils.java:logGet(43)) - raft.server.storage.dir = [/workdir/hadoop-ozone/integration-test/target/test-dir/MiniOzoneClusterImpl-6f19b49f-1ba0-4037-80e1-640204793d9e/datanode-5/data/ratis] (custom)
2019-09-26 10:05:54,956 [pool-459-thread-1] INFO  storage.RaftStorageDirectory (RaftStorageDirectory.java:analyzeStorage(246)) - The storage directory /workdir/hadoop-ozone/integration-test/target/test-dir/MiniOzoneClusterImpl-6f19b49f-1ba0-4037-80e1-640204793d9e/datanode-5/data/ratis/2d56a595-7f18-465b-8f9c-9525f9c84f3f does not exist. Creating ...
2019-09-26 10:05:54,960 [pool-459-thread-1] INFO  storage.RaftStorageDirectory (RaftStorageDirectory.java:tryLock(328)) - Lock on /workdir/hadoop-ozone/integration-test/target/test-dir/MiniOzoneClusterImpl-6f19b49f-1ba0-4037-80e1-640204793d9e/datanode-5/data/ratis/2d56a595-7f18-465b-8f9c-9525f9c84f3f/in_use.lock acquired by nodename 19604@pr-hdds-1569-wvzgm-824869521
2019-09-26 10:05:54,972 [pool-459-thread-1] INFO  storage.RaftStorage (RaftStorage.java:format(72)) - Storage directory /workdir/hadoop-ozone/integration-test/target/test-dir/MiniOzoneClusterImpl-6f19b49f-1ba0-4037-80e1-640204793d9e/datanode-5/data/ratis/2d56a595-7f18-465b-8f9c-9525f9c84f3f has been successfully formatted.
2019-09-26 10:05:54,972 [pool-459-thread-1] INFO  ratis.ContainerStateMachine (ContainerStateMachine.java:loadSnapshot(230)) - group-9525F9C84F3F: The snapshot info is null. Setting the last applied indexto:(t:0, i:~)
2019-09-26 10:05:54,973 [pool-459-thread-1] INFO  server.RaftServerConfigKeys (ConfUtils.java:logGet(43)) - raft.server.notification.no-leader.timeout = 120s (custom)
2019-09-26 10:05:54,973 [pool-459-thread-1] INFO  server.RaftServerConfigKeys (ConfUtils.java:logGet(43)) - raft.server.log.use.memory = false (default)
2019-09-26 10:05:54,973 [pool-459-thread-1] INFO  server.RaftServerConfigKeys (ConfUtils.java:logGet(43)) - raft.server.log.purge.gap = 1000000 (custom)
2019-09-26 10:05:54,973 [pool-459-thread-1] INFO  server.RaftServerConfigKeys (ConfUtils.java:logGet(43)) - raft.server.log.appender.buffer.byte-limit = 33554432 (custom)
2019-09-26 10:05:54,973 [pool-459-thread-1] INFO  server.RaftServerConfigKeys (ConfUtils.java:logGet(43)) - raft.server.log.segment.size.max = 1048576 (custom)
2019-09-26 10:05:54,973 [pool-459-thread-1] INFO  server.RaftServerConfigKeys (ConfUtils.java:logGet(43)) - raft.server.log.segment.cache.num.max = 2 (custom)
2019-09-26 10:05:54,973 [pool-459-thread-1] INFO  segmented.SegmentedRaftLogWorker (SegmentedRaftLogWorker.java:<init>(172)) - new 9c78032f-eba8-46d0-8c4d-d82b43c60fb9@group-9525F9C84F3F-SegmentedRaftLogWorker for RaftStorage:Storage Directory /workdir/hadoop-ozone/integration-test/target/test-dir/MiniOzoneClusterImpl-6f19b49f-1ba0-4037-80e1-640204793d9e/datanode-5/data/ratis/2d56a595-7f18-465b-8f9c-9525f9c84f3f
2019-09-26 10:05:54,973 [pool-459-thread-1] INFO  server.RaftServerConfigKeys (ConfUtils.java:logGet(43)) - raft.server.log.queue.byte-limit = 2147483647 (custom)
2019-09-26 10:05:54,974 [pool-459-thread-1] INFO  server.RaftServerConfigKeys (ConfUtils.java:logGet(43)) - raft.server.log.queue.element-limit = 1024 (custom)
2019-09-26 10:05:54,974 [pool-459-thread-1] INFO  server.RaftServerConfigKeys (ConfUtils.java:logGet(43)) - raft.server.log.segment.size.max = 1048576 (custom)
2019-09-26 10:05:54,974 [pool-459-thread-1] INFO  server.RaftServerConfigKeys (ConfUtils.java:logGet(43)) - raft.server.log.preallocated.size = 16384 (custom)
2019-09-26 10:05:54,974 [pool-459-thread-1] INFO  server.RaftServerConfigKeys (ConfUtils.java:logGet(43)) - raft.server.log.write.buffer.size = 33554432 (custom)
2019-09-26 10:05:54,974 [pool-459-thread-1] INFO  server.RaftServerConfigKeys (ConfUtils.java:logGet(43)) - raft.server.log.force.sync.num = 128 (default)
2019-09-26 10:05:54,974 [pool-459-thread-1] INFO  server.RaftServerConfigKeys (ConfUtils.java:logGet(43)) - raft.server.log.statemachine.data.sync = true (default)
2019-09-26 10:05:54,974 [pool-459-thread-1] INFO  server.RaftServerConfigKeys (ConfUtils.java:logGet(43)) - raft.server.log.statemachine.data.sync.timeout = 10s (default)
2019-09-26 10:05:54,975 [pool-459-thread-1] INFO  server.RaftServerConfigKeys (ConfUtils.java:logGet(43)) - raft.server.log.statemachine.data.sync.timeout.retry = -1 (default)
2019-09-26 10:05:54,975 [pool-459-thread-1] INFO  server.RaftServerConfigKeys (ConfUtils.java:logGet(43)) - raft.server.log.statemachine.data.caching.enabled = true (custom)
2019-09-26 10:05:54,975 [pool-459-thread-1] INFO  segmented.SegmentedRaftLogWorker (SegmentedRaftLogWorker.java:lambda$new$0(132)) - 9c78032f-eba8-46d0-8c4d-d82b43c60fb9@group-9525F9C84F3F-SegmentedRaftLogWorker: flushIndex: setUnconditionally 0 -> -1
2019-09-26 10:05:54,975 [pool-459-thread-1] INFO  server.RaftServerConfigKeys (ConfUtils.java:logGet(43)) - raft.server.snapshot.auto.trigger.enabled = true (custom)
2019-09-26 10:05:54,975 [pool-459-thread-1] INFO  server.RaftServerConfigKeys (ConfUtils.java:logGet(43)) - raft.server.snapshot.auto.trigger.threshold = 10000 (custom)
2019-09-26 10:05:54,976 [pool-459-thread-1] INFO  server.RaftServerConfigKeys (ConfUtils.java:logGet(43)) - raft.server.snapshot.retention.num.files = 5 (custom)
2019-09-26 10:05:54,976 [pool-459-thread-1] INFO  server.RaftServerConfigKeys (ConfUtils.java:logGet(43)) - raft.server.retrycache.expirytime = 600000ms (custom)
2019-09-26 10:05:54,977 [pool-459-thread-1] INFO  impl.RaftServerImpl (RaftServerImpl.java:start(185)) - 9c78032f-eba8-46d0-8c4d-d82b43c60fb9@group-9525F9C84F3F: start as a follower, conf=-1: [9c78032f-eba8-46d0-8c4d-d82b43c60fb9:192.168.30.13:33303], old=null
2019-09-26 10:05:54,977 [pool-459-thread-1] INFO  impl.RaftServerImpl (RaftServerImpl.java:setRole(174)) - 9c78032f-eba8-46d0-8c4d-d82b43c60fb9@group-9525F9C84F3F: changes role from      null to FOLLOWER at term 0 for startAsFollower
2019-09-26 10:05:54,978 [pool-459-thread-1] INFO  impl.RoleInfo (RoleInfo.java:updateAndGet(143)) - 9c78032f-eba8-46d0-8c4d-d82b43c60fb9: start FollowerState
2019-09-26 10:05:54,978 [pool-459-thread-1] INFO  util.JmxRegister (JmxRegister.java:tryRegister(44)) - Successfully registered JMX Bean with object name Ratis:service=RaftServer,group=group-9525F9C84F3F,id=9c78032f-eba8-46d0-8c4d-d82b43c60fb9
2019-09-26 10:05:54,980 [RatisPipelineUtilsThread] INFO  pipeline.PipelineStateManager (PipelineStateManager.java:addPipeline(56)) - Created pipeline Pipeline[ Id: 2d56a595-7f18-465b-8f9c-9525f9c84f3f, Nodes: 9c78032f-eba8-46d0-8c4d-d82b43c60fb9{ip: 192.168.30.13, host: pr-hdds-1569-wvzgm-824869521, networkLocation: /default-rack, certSerialId: null}, Type:RATIS, Factor:ONE, State:OPEN]
2019-09-26 10:05:54,980 [RatisPipelineUtilsThread] INFO  pipeline.PipelinePlacementPolicy (PipelinePlacementPolicy.java:meetCriteria(91)) - Pipeline Placement: can't place more pipeline on heavy datanode： 78fc6c82-4831-4601-bfbf-c281d6d238b7 Heaviness: 6 limit: 5
2019-09-26 10:05:54,983 [grpc-default-executor-1] INFO  impl.RaftServerProxy (RaftServerProxy.java:addNew(89)) - db227204-214e-44d9-8d16-8c4813e40a58: addNew group-A6860FDD78C7:[db227204-214e-44d9-8d16-8c4813e40a58:192.168.30.13:35682] returns group-A6860FDD78C7:java.util.concurrent.CompletableFuture@179047ee[Not completed]
2019-09-26 10:05:54,984 [pool-439-thread-1] INFO  impl.RaftServerImpl (RaftServerImpl.java:<init>(95)) - db227204-214e-44d9-8d16-8c4813e40a58: new RaftServerImpl for group-A6860FDD78C7:[db227204-214e-44d9-8d16-8c4813e40a58:192.168.30.13:35682] with ContainerStateMachine:uninitialized
2019-09-26 10:05:54,984 [pool-439-thread-1] INFO  server.RaftServerConfigKeys (ConfUtils.java:logGet(43)) - raft.server.rpc.timeout.min = 5s (custom)
2019-09-26 10:05:54,985 [pool-439-thread-1] INFO  server.RaftServerConfigKeys (ConfUtils.java:logGet(43)) - raft.server.rpc.timeout.max = 5200ms (custom)
2019-09-26 10:05:54,985 [pool-439-thread-1] INFO  server.RaftServerConfigKeys (ConfUtils.java:logGet(43)) - raft.server.rpcslowness.timeout = 120s (custom)
2019-09-26 10:05:54,985 [pool-439-thread-1] INFO  server.RaftServerConfigKeys (ConfUtils.java:logGet(43)) - raft.server.sleep.deviation.threshold = 300 (default)
2019-09-26 10:05:54,985 [pool-439-thread-1] INFO  server.RaftServerConfigKeys (ConfUtils.java:logGet(43)) - raft.server.log.appender.install.snapshot.enabled = false (custom)
2019-09-26 10:05:54,985 [pool-439-thread-1] INFO  impl.RaftServerImpl (ServerState.java:<init>(103)) - db227204-214e-44d9-8d16-8c4813e40a58@group-A6860FDD78C7: ConfigurationManager, init=-1: [db227204-214e-44d9-8d16-8c4813e40a58:192.168.30.13:35682], old=null, confs=<EMPTY_MAP>
2019-09-26 10:05:54,985 [pool-439-thread-1] INFO  server.RaftServerConfigKeys (ConfUtils.java:logGet(43)) - raft.server.storage.dir = [/workdir/hadoop-ozone/integration-test/target/test-dir/MiniOzoneClusterImpl-6f19b49f-1ba0-4037-80e1-640204793d9e/datanode-3/data/ratis] (custom)
2019-09-26 10:05:54,985 [pool-439-thread-1] INFO  storage.RaftStorageDirectory (RaftStorageDirectory.java:analyzeStorage(246)) - The storage directory /workdir/hadoop-ozone/integration-test/target/test-dir/MiniOzoneClusterImpl-6f19b49f-1ba0-4037-80e1-640204793d9e/datanode-3/data/ratis/faf16e63-7490-417b-80e1-a6860fdd78c7 does not exist. Creating ...
2019-09-26 10:05:54,991 [pool-439-thread-1] INFO  storage.RaftStorageDirectory (RaftStorageDirectory.java:tryLock(328)) - Lock on /workdir/hadoop-ozone/integration-test/target/test-dir/MiniOzoneClusterImpl-6f19b49f-1ba0-4037-80e1-640204793d9e/datanode-3/data/ratis/faf16e63-7490-417b-80e1-a6860fdd78c7/in_use.lock acquired by nodename 19604@pr-hdds-1569-wvzgm-824869521
2019-09-26 10:05:55,049 [pool-439-thread-1] INFO  storage.RaftStorage (RaftStorage.java:format(72)) - Storage directory /workdir/hadoop-ozone/integration-test/target/test-dir/MiniOzoneClusterImpl-6f19b49f-1ba0-4037-80e1-640204793d9e/datanode-3/data/ratis/faf16e63-7490-417b-80e1-a6860fdd78c7 has been successfully formatted.
2019-09-26 10:05:55,049 [pool-439-thread-1] INFO  ratis.ContainerStateMachine (ContainerStateMachine.java:loadSnapshot(230)) - group-A6860FDD78C7: The snapshot info is null. Setting the last applied indexto:(t:0, i:~)
2019-09-26 10:05:55,049 [pool-439-thread-1] INFO  server.RaftServerConfigKeys (ConfUtils.java:logGet(43)) - raft.server.notification.no-leader.timeout = 120s (custom)
2019-09-26 10:05:55,049 [pool-439-thread-1] INFO  server.RaftServerConfigKeys (ConfUtils.java:logGet(43)) - raft.server.log.use.memory = false (default)
2019-09-26 10:05:55,050 [pool-439-thread-1] INFO  server.RaftServerConfigKeys (ConfUtils.java:logGet(43)) - raft.server.log.purge.gap = 1000000 (custom)
2019-09-26 10:05:55,050 [pool-439-thread-1] INFO  server.RaftServerConfigKeys (ConfUtils.java:logGet(43)) - raft.server.log.appender.buffer.byte-limit = 33554432 (custom)
2019-09-26 10:05:55,050 [pool-439-thread-1] INFO  server.RaftServerConfigKeys (ConfUtils.java:logGet(43)) - raft.server.log.segment.size.max = 1048576 (custom)
2019-09-26 10:05:55,050 [pool-439-thread-1] INFO  server.RaftServerConfigKeys (ConfUtils.java:logGet(43)) - raft.server.log.segment.cache.num.max = 2 (custom)
2019-09-26 10:05:55,050 [pool-439-thread-1] INFO  segmented.SegmentedRaftLogWorker (SegmentedRaftLogWorker.java:<init>(172)) - new db227204-214e-44d9-8d16-8c4813e40a58@group-A6860FDD78C7-SegmentedRaftLogWorker for RaftStorage:Storage Directory /workdir/hadoop-ozone/integration-test/target/test-dir/MiniOzoneClusterImpl-6f19b49f-1ba0-4037-80e1-640204793d9e/datanode-3/data/ratis/faf16e63-7490-417b-80e1-a6860fdd78c7
2019-09-26 10:05:55,050 [pool-439-thread-1] INFO  server.RaftServerConfigKeys (ConfUtils.java:logGet(43)) - raft.server.log.queue.byte-limit = 2147483647 (custom)
2019-09-26 10:05:55,050 [pool-439-thread-1] INFO  server.RaftServerConfigKeys (ConfUtils.java:logGet(43)) - raft.server.log.queue.element-limit = 1024 (custom)
2019-09-26 10:05:55,050 [pool-439-thread-1] INFO  server.RaftServerConfigKeys (ConfUtils.java:logGet(43)) - raft.server.log.segment.size.max = 1048576 (custom)
2019-09-26 10:05:55,050 [pool-439-thread-1] INFO  server.RaftServerConfigKeys (ConfUtils.java:logGet(43)) - raft.server.log.preallocated.size = 16384 (custom)
2019-09-26 10:05:55,051 [pool-439-thread-1] INFO  server.RaftServerConfigKeys (ConfUtils.java:logGet(43)) - raft.server.log.write.buffer.size = 33554432 (custom)
2019-09-26 10:05:55,051 [pool-439-thread-1] INFO  server.RaftServerConfigKeys (ConfUtils.java:logGet(43)) - raft.server.log.force.sync.num = 128 (default)
2019-09-26 10:05:55,051 [pool-439-thread-1] INFO  server.RaftServerConfigKeys (ConfUtils.java:logGet(43)) - raft.server.log.statemachine.data.sync = true (default)
2019-09-26 10:05:55,051 [pool-439-thread-1] INFO  server.RaftServerConfigKeys (ConfUtils.java:logGet(43)) - raft.server.log.statemachine.data.sync.timeout = 10s (default)
2019-09-26 10:05:55,051 [pool-439-thread-1] INFO  server.RaftServerConfigKeys (ConfUtils.java:logGet(43)) - raft.server.log.statemachine.data.sync.timeout.retry = -1 (default)
2019-09-26 10:05:55,051 [pool-439-thread-1] INFO  server.RaftServerConfigKeys (ConfUtils.java:logGet(43)) - raft.server.log.statemachine.data.caching.enabled = true (custom)
2019-09-26 10:05:55,051 [pool-439-thread-1] INFO  segmented.SegmentedRaftLogWorker (SegmentedRaftLogWorker.java:lambda$new$0(132)) - db227204-214e-44d9-8d16-8c4813e40a58@group-A6860FDD78C7-SegmentedRaftLogWorker: flushIndex: setUnconditionally 0 -> -1
2019-09-26 10:05:55,052 [pool-439-thread-1] INFO  server.RaftServerConfigKeys (ConfUtils.java:logGet(43)) - raft.server.snapshot.auto.trigger.enabled = true (custom)
2019-09-26 10:05:55,052 [pool-439-thread-1] INFO  server.RaftServerConfigKeys (ConfUtils.java:logGet(43)) - raft.server.snapshot.auto.trigger.threshold = 10000 (custom)
2019-09-26 10:05:55,052 [pool-439-thread-1] INFO  server.RaftServerConfigKeys (ConfUtils.java:logGet(43)) - raft.server.snapshot.retention.num.files = 5 (custom)
2019-09-26 10:05:55,052 [pool-439-thread-1] INFO  server.RaftServerConfigKeys (ConfUtils.java:logGet(43)) - raft.server.retrycache.expirytime = 600000ms (custom)
2019-09-26 10:05:55,053 [pool-439-thread-1] INFO  impl.RaftServerImpl (RaftServerImpl.java:start(185)) - db227204-214e-44d9-8d16-8c4813e40a58@group-A6860FDD78C7: start as a follower, conf=-1: [db227204-214e-44d9-8d16-8c4813e40a58:192.168.30.13:35682], old=null
2019-09-26 10:05:55,054 [pool-439-thread-1] INFO  impl.RaftServerImpl (RaftServerImpl.java:setRole(174)) - db227204-214e-44d9-8d16-8c4813e40a58@group-A6860FDD78C7: changes role from      null to FOLLOWER at term 0 for startAsFollower
2019-09-26 10:05:55,054 [pool-439-thread-1] INFO  impl.RoleInfo (RoleInfo.java:updateAndGet(143)) - db227204-214e-44d9-8d16-8c4813e40a58: start FollowerState
2019-09-26 10:05:55,054 [pool-439-thread-1] INFO  util.JmxRegister (JmxRegister.java:tryRegister(44)) - Successfully registered JMX Bean with object name Ratis:service=RaftServer,group=group-A6860FDD78C7,id=db227204-214e-44d9-8d16-8c4813e40a58
2019-09-26 10:05:55,056 [RatisPipelineUtilsThread] INFO  pipeline.PipelineStateManager (PipelineStateManager.java:addPipeline(56)) - Created pipeline Pipeline[ Id: faf16e63-7490-417b-80e1-a6860fdd78c7, Nodes: db227204-214e-44d9-8d16-8c4813e40a58{ip: 192.168.30.13, host: pr-hdds-1569-wvzgm-824869521, networkLocation: /default-rack, certSerialId: null}, Type:RATIS, Factor:ONE, State:OPEN]
2019-09-26 10:05:55,057 [RatisPipelineUtilsThread] INFO  pipeline.PipelinePlacementPolicy (PipelinePlacementPolicy.java:meetCriteria(91)) - Pipeline Placement: can't place more pipeline on heavy datanode： db227204-214e-44d9-8d16-8c4813e40a58 Heaviness: 6 limit: 5
2019-09-26 10:05:55,057 [RatisPipelineUtilsThread] INFO  pipeline.PipelinePlacementPolicy (PipelinePlacementPolicy.java:meetCriteria(91)) - Pipeline Placement: can't place more pipeline on heavy datanode： 78fc6c82-4831-4601-bfbf-c281d6d238b7 Heaviness: 6 limit: 5
2019-09-26 10:05:55,060 [grpc-default-executor-1] INFO  impl.RaftServerProxy (RaftServerProxy.java:addNew(89)) - 830a81b3-f833-43ed-8e64-f2525410bb9b: addNew group-C40FAE9BC5B6:[830a81b3-f833-43ed-8e64-f2525410bb9b:192.168.30.13:33698] returns group-C40FAE9BC5B6:java.util.concurrent.CompletableFuture@32e2f152[Not completed]
2019-09-26 10:05:55,061 [pool-429-thread-1] INFO  impl.RaftServerImpl (RaftServerImpl.java:<init>(95)) - 830a81b3-f833-43ed-8e64-f2525410bb9b: new RaftServerImpl for group-C40FAE9BC5B6:[830a81b3-f833-43ed-8e64-f2525410bb9b:192.168.30.13:33698] with ContainerStateMachine:uninitialized
2019-09-26 10:05:55,061 [pool-429-thread-1] INFO  server.RaftServerConfigKeys (ConfUtils.java:logGet(43)) - raft.server.rpc.timeout.min = 5s (custom)
2019-09-26 10:05:55,061 [pool-429-thread-1] INFO  server.RaftServerConfigKeys (ConfUtils.java:logGet(43)) - raft.server.rpc.timeout.max = 5200ms (custom)
2019-09-26 10:05:55,061 [pool-429-thread-1] INFO  server.RaftServerConfigKeys (ConfUtils.java:logGet(43)) - raft.server.rpcslowness.timeout = 120s (custom)
2019-09-26 10:05:55,061 [pool-429-thread-1] INFO  server.RaftServerConfigKeys (ConfUtils.java:logGet(43)) - raft.server.sleep.deviation.threshold = 300 (default)
2019-09-26 10:05:55,062 [pool-429-thread-1] INFO  server.RaftServerConfigKeys (ConfUtils.java:logGet(43)) - raft.server.log.appender.install.snapshot.enabled = false (custom)
2019-09-26 10:05:55,062 [pool-429-thread-1] INFO  impl.RaftServerImpl (ServerState.java:<init>(103)) - 830a81b3-f833-43ed-8e64-f2525410bb9b@group-C40FAE9BC5B6: ConfigurationManager, init=-1: [830a81b3-f833-43ed-8e64-f2525410bb9b:192.168.30.13:33698], old=null, confs=<EMPTY_MAP>
2019-09-26 10:05:55,062 [pool-429-thread-1] INFO  server.RaftServerConfigKeys (ConfUtils.java:logGet(43)) - raft.server.storage.dir = [/workdir/hadoop-ozone/integration-test/target/test-dir/MiniOzoneClusterImpl-6f19b49f-1ba0-4037-80e1-640204793d9e/datanode-2/data/ratis] (custom)
2019-09-26 10:05:55,062 [pool-429-thread-1] INFO  storage.RaftStorageDirectory (RaftStorageDirectory.java:analyzeStorage(246)) - The storage directory /workdir/hadoop-ozone/integration-test/target/test-dir/MiniOzoneClusterImpl-6f19b49f-1ba0-4037-80e1-640204793d9e/datanode-2/data/ratis/1491e708-47c6-4351-9ac4-c40fae9bc5b6 does not exist. Creating ...
2019-09-26 10:05:55,087 [pool-429-thread-1] INFO  storage.RaftStorageDirectory (RaftStorageDirectory.java:tryLock(328)) - Lock on /workdir/hadoop-ozone/integration-test/target/test-dir/MiniOzoneClusterImpl-6f19b49f-1ba0-4037-80e1-640204793d9e/datanode-2/data/ratis/1491e708-47c6-4351-9ac4-c40fae9bc5b6/in_use.lock acquired by nodename 19604@pr-hdds-1569-wvzgm-824869521
2019-09-26 10:05:55,116 [pool-429-thread-1] INFO  storage.RaftStorage (RaftStorage.java:format(72)) - Storage directory /workdir/hadoop-ozone/integration-test/target/test-dir/MiniOzoneClusterImpl-6f19b49f-1ba0-4037-80e1-640204793d9e/datanode-2/data/ratis/1491e708-47c6-4351-9ac4-c40fae9bc5b6 has been successfully formatted.
2019-09-26 10:05:55,116 [pool-429-thread-1] INFO  ratis.ContainerStateMachine (ContainerStateMachine.java:loadSnapshot(230)) - group-C40FAE9BC5B6: The snapshot info is null. Setting the last applied indexto:(t:0, i:~)
2019-09-26 10:05:55,116 [pool-429-thread-1] INFO  server.RaftServerConfigKeys (ConfUtils.java:logGet(43)) - raft.server.notification.no-leader.timeout = 120s (custom)
2019-09-26 10:05:55,117 [pool-429-thread-1] INFO  server.RaftServerConfigKeys (ConfUtils.java:logGet(43)) - raft.server.log.use.memory = false (default)
2019-09-26 10:05:55,117 [pool-429-thread-1] INFO  server.RaftServerConfigKeys (ConfUtils.java:logGet(43)) - raft.server.log.purge.gap = 1000000 (custom)
2019-09-26 10:05:55,117 [pool-429-thread-1] INFO  server.RaftServerConfigKeys (ConfUtils.java:logGet(43)) - raft.server.log.appender.buffer.byte-limit = 33554432 (custom)
2019-09-26 10:05:55,117 [pool-429-thread-1] INFO  server.RaftServerConfigKeys (ConfUtils.java:logGet(43)) - raft.server.log.segment.size.max = 1048576 (custom)
2019-09-26 10:05:55,117 [pool-429-thread-1] INFO  server.RaftServerConfigKeys (ConfUtils.java:logGet(43)) - raft.server.log.segment.cache.num.max = 2 (custom)
2019-09-26 10:05:55,117 [pool-429-thread-1] INFO  segmented.SegmentedRaftLogWorker (SegmentedRaftLogWorker.java:<init>(172)) - new 830a81b3-f833-43ed-8e64-f2525410bb9b@group-C40FAE9BC5B6-SegmentedRaftLogWorker for RaftStorage:Storage Directory /workdir/hadoop-ozone/integration-test/target/test-dir/MiniOzoneClusterImpl-6f19b49f-1ba0-4037-80e1-640204793d9e/datanode-2/data/ratis/1491e708-47c6-4351-9ac4-c40fae9bc5b6
2019-09-26 10:05:55,117 [pool-429-thread-1] INFO  server.RaftServerConfigKeys (ConfUtils.java:logGet(43)) - raft.server.log.queue.byte-limit = 2147483647 (custom)
2019-09-26 10:05:55,118 [pool-429-thread-1] INFO  server.RaftServerConfigKeys (ConfUtils.java:logGet(43)) - raft.server.log.queue.element-limit = 1024 (custom)
2019-09-26 10:05:55,118 [pool-429-thread-1] INFO  server.RaftServerConfigKeys (ConfUtils.java:logGet(43)) - raft.server.log.segment.size.max = 1048576 (custom)
2019-09-26 10:05:55,118 [pool-429-thread-1] INFO  server.RaftServerConfigKeys (ConfUtils.java:logGet(43)) - raft.server.log.preallocated.size = 16384 (custom)
2019-09-26 10:05:55,118 [pool-429-thread-1] INFO  server.RaftServerConfigKeys (ConfUtils.java:logGet(43)) - raft.server.log.write.buffer.size = 33554432 (custom)
2019-09-26 10:05:55,118 [pool-429-thread-1] INFO  server.RaftServerConfigKeys (ConfUtils.java:logGet(43)) - raft.server.log.force.sync.num = 128 (default)
2019-09-26 10:05:55,118 [pool-429-thread-1] INFO  server.RaftServerConfigKeys (ConfUtils.java:logGet(43)) - raft.server.log.statemachine.data.sync = true (default)
2019-09-26 10:05:55,118 [pool-429-thread-1] INFO  server.RaftServerConfigKeys (ConfUtils.java:logGet(43)) - raft.server.log.statemachine.data.sync.timeout = 10s (default)
2019-09-26 10:05:55,119 [pool-429-thread-1] INFO  server.RaftServerConfigKeys (ConfUtils.java:logGet(43)) - raft.server.log.statemachine.data.sync.timeout.retry = -1 (default)
2019-09-26 10:05:55,119 [pool-429-thread-1] INFO  server.RaftServerConfigKeys (ConfUtils.java:logGet(43)) - raft.server.log.statemachine.data.caching.enabled = true (custom)
2019-09-26 10:05:55,119 [pool-429-thread-1] INFO  segmented.SegmentedRaftLogWorker (SegmentedRaftLogWorker.java:lambda$new$0(132)) - 830a81b3-f833-43ed-8e64-f2525410bb9b@group-C40FAE9BC5B6-SegmentedRaftLogWorker: flushIndex: setUnconditionally 0 -> -1
2019-09-26 10:05:55,119 [pool-429-thread-1] INFO  server.RaftServerConfigKeys (ConfUtils.java:logGet(43)) - raft.server.snapshot.auto.trigger.enabled = true (custom)
2019-09-26 10:05:55,120 [pool-429-thread-1] INFO  server.RaftServerConfigKeys (ConfUtils.java:logGet(43)) - raft.server.snapshot.auto.trigger.threshold = 10000 (custom)
2019-09-26 10:05:55,120 [pool-429-thread-1] INFO  server.RaftServerConfigKeys (ConfUtils.java:logGet(43)) - raft.server.snapshot.retention.num.files = 5 (custom)
2019-09-26 10:05:55,120 [pool-429-thread-1] INFO  server.RaftServerConfigKeys (ConfUtils.java:logGet(43)) - raft.server.retrycache.expirytime = 600000ms (custom)
2019-09-26 10:05:55,121 [pool-429-thread-1] INFO  impl.RaftServerImpl (RaftServerImpl.java:start(185)) - 830a81b3-f833-43ed-8e64-f2525410bb9b@group-C40FAE9BC5B6: start as a follower, conf=-1: [830a81b3-f833-43ed-8e64-f2525410bb9b:192.168.30.13:33698], old=null
2019-09-26 10:05:55,122 [pool-429-thread-1] INFO  impl.RaftServerImpl (RaftServerImpl.java:setRole(174)) - 830a81b3-f833-43ed-8e64-f2525410bb9b@group-C40FAE9BC5B6: changes role from      null to FOLLOWER at term 0 for startAsFollower
2019-09-26 10:05:55,122 [pool-429-thread-1] INFO  impl.RoleInfo (RoleInfo.java:updateAndGet(143)) - 830a81b3-f833-43ed-8e64-f2525410bb9b: start FollowerState
2019-09-26 10:05:55,122 [pool-429-thread-1] INFO  util.JmxRegister (JmxRegister.java:tryRegister(44)) - Successfully registered JMX Bean with object name Ratis:service=RaftServer,group=group-C40FAE9BC5B6,id=830a81b3-f833-43ed-8e64-f2525410bb9b
2019-09-26 10:05:55,124 [RatisPipelineUtilsThread] INFO  pipeline.PipelineStateManager (PipelineStateManager.java:addPipeline(56)) - Created pipeline Pipeline[ Id: 1491e708-47c6-4351-9ac4-c40fae9bc5b6, Nodes: 830a81b3-f833-43ed-8e64-f2525410bb9b{ip: 192.168.30.13, host: pr-hdds-1569-wvzgm-824869521, networkLocation: /default-rack, certSerialId: null}, Type:RATIS, Factor:ONE, State:OPEN]
2019-09-26 10:05:55,124 [RatisPipelineUtilsThread] INFO  pipeline.PipelinePlacementPolicy (PipelinePlacementPolicy.java:meetCriteria(91)) - Pipeline Placement: can't place more pipeline on heavy datanode： db227204-214e-44d9-8d16-8c4813e40a58 Heaviness: 6 limit: 5
2019-09-26 10:05:55,124 [RatisPipelineUtilsThread] INFO  pipeline.PipelinePlacementPolicy (PipelinePlacementPolicy.java:meetCriteria(91)) - Pipeline Placement: can't place more pipeline on heavy datanode： 78fc6c82-4831-4601-bfbf-c281d6d238b7 Heaviness: 6 limit: 5
2019-09-26 10:05:55,127 [grpc-default-executor-1] INFO  impl.RaftServerProxy (RaftServerProxy.java:addNew(89)) - 72f743f9-1e0e-4345-96f1-9a3a34c18cec: addNew group-D768095CF80A:[72f743f9-1e0e-4345-96f1-9a3a34c18cec:192.168.30.13:42232] returns group-D768095CF80A:java.util.concurrent.CompletableFuture@6739d0dd[Not completed]
2019-09-26 10:05:55,128 [pool-419-thread-1] INFO  impl.RaftServerImpl (RaftServerImpl.java:<init>(95)) - 72f743f9-1e0e-4345-96f1-9a3a34c18cec: new RaftServerImpl for group-D768095CF80A:[72f743f9-1e0e-4345-96f1-9a3a34c18cec:192.168.30.13:42232] with ContainerStateMachine:uninitialized
2019-09-26 10:05:55,128 [pool-419-thread-1] INFO  server.RaftServerConfigKeys (ConfUtils.java:logGet(43)) - raft.server.rpc.timeout.min = 5s (custom)
2019-09-26 10:05:55,128 [pool-419-thread-1] INFO  server.RaftServerConfigKeys (ConfUtils.java:logGet(43)) - raft.server.rpc.timeout.max = 5200ms (custom)
2019-09-26 10:05:55,128 [pool-419-thread-1] INFO  server.RaftServerConfigKeys (ConfUtils.java:logGet(43)) - raft.server.rpcslowness.timeout = 120s (custom)
2019-09-26 10:05:55,128 [pool-419-thread-1] INFO  server.RaftServerConfigKeys (ConfUtils.java:logGet(43)) - raft.server.sleep.deviation.threshold = 300 (default)
2019-09-26 10:05:55,128 [pool-419-thread-1] INFO  server.RaftServerConfigKeys (ConfUtils.java:logGet(43)) - raft.server.log.appender.install.snapshot.enabled = false (custom)
2019-09-26 10:05:55,128 [pool-419-thread-1] INFO  impl.RaftServerImpl (ServerState.java:<init>(103)) - 72f743f9-1e0e-4345-96f1-9a3a34c18cec@group-D768095CF80A: ConfigurationManager, init=-1: [72f743f9-1e0e-4345-96f1-9a3a34c18cec:192.168.30.13:42232], old=null, confs=<EMPTY_MAP>
2019-09-26 10:05:55,128 [pool-419-thread-1] INFO  server.RaftServerConfigKeys (ConfUtils.java:logGet(43)) - raft.server.storage.dir = [/workdir/hadoop-ozone/integration-test/target/test-dir/MiniOzoneClusterImpl-6f19b49f-1ba0-4037-80e1-640204793d9e/datanode-1/data/ratis] (custom)
2019-09-26 10:05:55,128 [pool-419-thread-1] INFO  storage.RaftStorageDirectory (RaftStorageDirectory.java:analyzeStorage(246)) - The storage directory /workdir/hadoop-ozone/integration-test/target/test-dir/MiniOzoneClusterImpl-6f19b49f-1ba0-4037-80e1-640204793d9e/datanode-1/data/ratis/c400036c-a978-449d-b78b-d768095cf80a does not exist. Creating ...
2019-09-26 10:05:55,155 [pool-419-thread-1] INFO  storage.RaftStorageDirectory (RaftStorageDirectory.java:tryLock(328)) - Lock on /workdir/hadoop-ozone/integration-test/target/test-dir/MiniOzoneClusterImpl-6f19b49f-1ba0-4037-80e1-640204793d9e/datanode-1/data/ratis/c400036c-a978-449d-b78b-d768095cf80a/in_use.lock acquired by nodename 19604@pr-hdds-1569-wvzgm-824869521
2019-09-26 10:05:55,171 [pool-419-thread-1] INFO  storage.RaftStorage (RaftStorage.java:format(72)) - Storage directory /workdir/hadoop-ozone/integration-test/target/test-dir/MiniOzoneClusterImpl-6f19b49f-1ba0-4037-80e1-640204793d9e/datanode-1/data/ratis/c400036c-a978-449d-b78b-d768095cf80a has been successfully formatted.
2019-09-26 10:05:55,171 [pool-419-thread-1] INFO  ratis.ContainerStateMachine (ContainerStateMachine.java:loadSnapshot(230)) - group-D768095CF80A: The snapshot info is null. Setting the last applied indexto:(t:0, i:~)
2019-09-26 10:05:55,171 [pool-419-thread-1] INFO  server.RaftServerConfigKeys (ConfUtils.java:logGet(43)) - raft.server.notification.no-leader.timeout = 120s (custom)
2019-09-26 10:05:55,172 [pool-419-thread-1] INFO  server.RaftServerConfigKeys (ConfUtils.java:logGet(43)) - raft.server.log.use.memory = false (default)
2019-09-26 10:05:55,172 [pool-419-thread-1] INFO  server.RaftServerConfigKeys (ConfUtils.java:logGet(43)) - raft.server.log.purge.gap = 1000000 (custom)
2019-09-26 10:05:55,172 [pool-419-thread-1] INFO  server.RaftServerConfigKeys (ConfUtils.java:logGet(43)) - raft.server.log.appender.buffer.byte-limit = 33554432 (custom)
2019-09-26 10:05:55,172 [pool-419-thread-1] INFO  server.RaftServerConfigKeys (ConfUtils.java:logGet(43)) - raft.server.log.segment.size.max = 1048576 (custom)
2019-09-26 10:05:55,172 [pool-419-thread-1] INFO  server.RaftServerConfigKeys (ConfUtils.java:logGet(43)) - raft.server.log.segment.cache.num.max = 2 (custom)
2019-09-26 10:05:55,172 [pool-419-thread-1] INFO  segmented.SegmentedRaftLogWorker (SegmentedRaftLogWorker.java:<init>(172)) - new 72f743f9-1e0e-4345-96f1-9a3a34c18cec@group-D768095CF80A-SegmentedRaftLogWorker for RaftStorage:Storage Directory /workdir/hadoop-ozone/integration-test/target/test-dir/MiniOzoneClusterImpl-6f19b49f-1ba0-4037-80e1-640204793d9e/datanode-1/data/ratis/c400036c-a978-449d-b78b-d768095cf80a
2019-09-26 10:05:55,172 [pool-419-thread-1] INFO  server.RaftServerConfigKeys (ConfUtils.java:logGet(43)) - raft.server.log.queue.byte-limit = 2147483647 (custom)
2019-09-26 10:05:55,172 [pool-419-thread-1] INFO  server.RaftServerConfigKeys (ConfUtils.java:logGet(43)) - raft.server.log.queue.element-limit = 1024 (custom)
2019-09-26 10:05:55,172 [pool-419-thread-1] INFO  server.RaftServerConfigKeys (ConfUtils.java:logGet(43)) - raft.server.log.segment.size.max = 1048576 (custom)
2019-09-26 10:05:55,173 [pool-419-thread-1] INFO  server.RaftServerConfigKeys (ConfUtils.java:logGet(43)) - raft.server.log.preallocated.size = 16384 (custom)
2019-09-26 10:05:55,173 [pool-419-thread-1] INFO  server.RaftServerConfigKeys (ConfUtils.java:logGet(43)) - raft.server.log.write.buffer.size = 33554432 (custom)
2019-09-26 10:05:55,173 [pool-419-thread-1] INFO  server.RaftServerConfigKeys (ConfUtils.java:logGet(43)) - raft.server.log.force.sync.num = 128 (default)
2019-09-26 10:05:55,173 [pool-419-thread-1] INFO  server.RaftServerConfigKeys (ConfUtils.java:logGet(43)) - raft.server.log.statemachine.data.sync = true (default)
2019-09-26 10:05:55,173 [pool-419-thread-1] INFO  server.RaftServerConfigKeys (ConfUtils.java:logGet(43)) - raft.server.log.statemachine.data.sync.timeout = 10s (default)
2019-09-26 10:05:55,173 [pool-419-thread-1] INFO  server.RaftServerConfigKeys (ConfUtils.java:logGet(43)) - raft.server.log.statemachine.data.sync.timeout.retry = -1 (default)
2019-09-26 10:05:55,173 [pool-419-thread-1] INFO  server.RaftServerConfigKeys (ConfUtils.java:logGet(43)) - raft.server.log.statemachine.data.caching.enabled = true (custom)
2019-09-26 10:05:55,173 [pool-419-thread-1] INFO  segmented.SegmentedRaftLogWorker (SegmentedRaftLogWorker.java:lambda$new$0(132)) - 72f743f9-1e0e-4345-96f1-9a3a34c18cec@group-D768095CF80A-SegmentedRaftLogWorker: flushIndex: setUnconditionally 0 -> -1
2019-09-26 10:05:55,174 [pool-419-thread-1] INFO  server.RaftServerConfigKeys (ConfUtils.java:logGet(43)) - raft.server.snapshot.auto.trigger.enabled = true (custom)
2019-09-26 10:05:55,174 [pool-419-thread-1] INFO  server.RaftServerConfigKeys (ConfUtils.java:logGet(43)) - raft.server.snapshot.auto.trigger.threshold = 10000 (custom)
2019-09-26 10:05:55,174 [pool-419-thread-1] INFO  server.RaftServerConfigKeys (ConfUtils.java:logGet(43)) - raft.server.snapshot.retention.num.files = 5 (custom)
2019-09-26 10:05:55,174 [pool-419-thread-1] INFO  server.RaftServerConfigKeys (ConfUtils.java:logGet(43)) - raft.server.retrycache.expirytime = 600000ms (custom)
2019-09-26 10:05:55,175 [pool-419-thread-1] INFO  impl.RaftServerImpl (RaftServerImpl.java:start(185)) - 72f743f9-1e0e-4345-96f1-9a3a34c18cec@group-D768095CF80A: start as a follower, conf=-1: [72f743f9-1e0e-4345-96f1-9a3a34c18cec:192.168.30.13:42232], old=null
2019-09-26 10:05:55,175 [pool-419-thread-1] INFO  impl.RaftServerImpl (RaftServerImpl.java:setRole(174)) - 72f743f9-1e0e-4345-96f1-9a3a34c18cec@group-D768095CF80A: changes role from      null to FOLLOWER at term 0 for startAsFollower
2019-09-26 10:05:55,176 [pool-419-thread-1] INFO  impl.RoleInfo (RoleInfo.java:updateAndGet(143)) - 72f743f9-1e0e-4345-96f1-9a3a34c18cec: start FollowerState
2019-09-26 10:05:55,176 [pool-419-thread-1] INFO  util.JmxRegister (JmxRegister.java:tryRegister(44)) - Successfully registered JMX Bean with object name Ratis:service=RaftServer,group=group-D768095CF80A,id=72f743f9-1e0e-4345-96f1-9a3a34c18cec
2019-09-26 10:05:55,178 [RatisPipelineUtilsThread] INFO  pipeline.PipelineStateManager (PipelineStateManager.java:addPipeline(56)) - Created pipeline Pipeline[ Id: c400036c-a978-449d-b78b-d768095cf80a, Nodes: 72f743f9-1e0e-4345-96f1-9a3a34c18cec{ip: 192.168.30.13, host: pr-hdds-1569-wvzgm-824869521, networkLocation: /default-rack, certSerialId: null}, Type:RATIS, Factor:ONE, State:OPEN]
2019-09-26 10:05:55,178 [RatisPipelineUtilsThread] INFO  pipeline.PipelinePlacementPolicy (PipelinePlacementPolicy.java:meetCriteria(91)) - Pipeline Placement: can't place more pipeline on heavy datanode： 72f743f9-1e0e-4345-96f1-9a3a34c18cec Heaviness: 6 limit: 5
2019-09-26 10:05:55,178 [RatisPipelineUtilsThread] INFO  pipeline.PipelinePlacementPolicy (PipelinePlacementPolicy.java:meetCriteria(91)) - Pipeline Placement: can't place more pipeline on heavy datanode： db227204-214e-44d9-8d16-8c4813e40a58 Heaviness: 6 limit: 5
2019-09-26 10:05:55,178 [RatisPipelineUtilsThread] INFO  pipeline.PipelinePlacementPolicy (PipelinePlacementPolicy.java:meetCriteria(91)) - Pipeline Placement: can't place more pipeline on heavy datanode： 78fc6c82-4831-4601-bfbf-c281d6d238b7 Heaviness: 6 limit: 5
2019-09-26 10:05:55,181 [grpc-default-executor-1] INFO  impl.RaftServerProxy (RaftServerProxy.java:addNew(89)) - 9c78032f-eba8-46d0-8c4d-d82b43c60fb9: addNew group-C43F64780CE3:[9c78032f-eba8-46d0-8c4d-d82b43c60fb9:192.168.30.13:33303] returns group-C43F64780CE3:java.util.concurrent.CompletableFuture@4b90a175[Not completed]
2019-09-26 10:05:55,181 [pool-459-thread-1] INFO  impl.RaftServerImpl (RaftServerImpl.java:<init>(95)) - 9c78032f-eba8-46d0-8c4d-d82b43c60fb9: new RaftServerImpl for group-C43F64780CE3:[9c78032f-eba8-46d0-8c4d-d82b43c60fb9:192.168.30.13:33303] with ContainerStateMachine:uninitialized
2019-09-26 10:05:55,181 [pool-459-thread-1] INFO  server.RaftServerConfigKeys (ConfUtils.java:logGet(43)) - raft.server.rpc.timeout.min = 5s (custom)
2019-09-26 10:05:55,181 [pool-459-thread-1] INFO  server.RaftServerConfigKeys (ConfUtils.java:logGet(43)) - raft.server.rpc.timeout.max = 5200ms (custom)
2019-09-26 10:05:55,181 [pool-459-thread-1] INFO  server.RaftServerConfigKeys (ConfUtils.java:logGet(43)) - raft.server.rpcslowness.timeout = 120s (custom)
2019-09-26 10:05:55,181 [pool-459-thread-1] INFO  server.RaftServerConfigKeys (ConfUtils.java:logGet(43)) - raft.server.sleep.deviation.threshold = 300 (default)
2019-09-26 10:05:55,182 [pool-459-thread-1] INFO  server.RaftServerConfigKeys (ConfUtils.java:logGet(43)) - raft.server.log.appender.install.snapshot.enabled = false (custom)
2019-09-26 10:05:55,182 [pool-459-thread-1] INFO  impl.RaftServerImpl (ServerState.java:<init>(103)) - 9c78032f-eba8-46d0-8c4d-d82b43c60fb9@group-C43F64780CE3: ConfigurationManager, init=-1: [9c78032f-eba8-46d0-8c4d-d82b43c60fb9:192.168.30.13:33303], old=null, confs=<EMPTY_MAP>
2019-09-26 10:05:55,182 [pool-459-thread-1] INFO  server.RaftServerConfigKeys (ConfUtils.java:logGet(43)) - raft.server.storage.dir = [/workdir/hadoop-ozone/integration-test/target/test-dir/MiniOzoneClusterImpl-6f19b49f-1ba0-4037-80e1-640204793d9e/datanode-5/data/ratis] (custom)
2019-09-26 10:05:55,182 [pool-459-thread-1] INFO  storage.RaftStorageDirectory (RaftStorageDirectory.java:analyzeStorage(246)) - The storage directory /workdir/hadoop-ozone/integration-test/target/test-dir/MiniOzoneClusterImpl-6f19b49f-1ba0-4037-80e1-640204793d9e/datanode-5/data/ratis/400e9106-7adc-42e1-bc6b-c43f64780ce3 does not exist. Creating ...
2019-09-26 10:05:55,192 [pool-459-thread-1] INFO  storage.RaftStorageDirectory (RaftStorageDirectory.java:tryLock(328)) - Lock on /workdir/hadoop-ozone/integration-test/target/test-dir/MiniOzoneClusterImpl-6f19b49f-1ba0-4037-80e1-640204793d9e/datanode-5/data/ratis/400e9106-7adc-42e1-bc6b-c43f64780ce3/in_use.lock acquired by nodename 19604@pr-hdds-1569-wvzgm-824869521
2019-09-26 10:05:55,199 [pool-459-thread-1] INFO  storage.RaftStorage (RaftStorage.java:format(72)) - Storage directory /workdir/hadoop-ozone/integration-test/target/test-dir/MiniOzoneClusterImpl-6f19b49f-1ba0-4037-80e1-640204793d9e/datanode-5/data/ratis/400e9106-7adc-42e1-bc6b-c43f64780ce3 has been successfully formatted.
2019-09-26 10:05:55,199 [pool-459-thread-1] INFO  ratis.ContainerStateMachine (ContainerStateMachine.java:loadSnapshot(230)) - group-C43F64780CE3: The snapshot info is null. Setting the last applied indexto:(t:0, i:~)
2019-09-26 10:05:55,199 [pool-459-thread-1] INFO  server.RaftServerConfigKeys (ConfUtils.java:logGet(43)) - raft.server.notification.no-leader.timeout = 120s (custom)
2019-09-26 10:05:55,199 [pool-459-thread-1] INFO  server.RaftServerConfigKeys (ConfUtils.java:logGet(43)) - raft.server.log.use.memory = false (default)
2019-09-26 10:05:55,199 [pool-459-thread-1] INFO  server.RaftServerConfigKeys (ConfUtils.java:logGet(43)) - raft.server.log.purge.gap = 1000000 (custom)
2019-09-26 10:05:55,199 [pool-459-thread-1] INFO  server.RaftServerConfigKeys (ConfUtils.java:logGet(43)) - raft.server.log.appender.buffer.byte-limit = 33554432 (custom)
2019-09-26 10:05:55,199 [pool-459-thread-1] INFO  server.RaftServerConfigKeys (ConfUtils.java:logGet(43)) - raft.server.log.segment.size.max = 1048576 (custom)
2019-09-26 10:05:55,200 [pool-459-thread-1] INFO  server.RaftServerConfigKeys (ConfUtils.java:logGet(43)) - raft.server.log.segment.cache.num.max = 2 (custom)
2019-09-26 10:05:55,200 [pool-459-thread-1] INFO  segmented.SegmentedRaftLogWorker (SegmentedRaftLogWorker.java:<init>(172)) - new 9c78032f-eba8-46d0-8c4d-d82b43c60fb9@group-C43F64780CE3-SegmentedRaftLogWorker for RaftStorage:Storage Directory /workdir/hadoop-ozone/integration-test/target/test-dir/MiniOzoneClusterImpl-6f19b49f-1ba0-4037-80e1-640204793d9e/datanode-5/data/ratis/400e9106-7adc-42e1-bc6b-c43f64780ce3
2019-09-26 10:05:55,200 [pool-459-thread-1] INFO  server.RaftServerConfigKeys (ConfUtils.java:logGet(43)) - raft.server.log.queue.byte-limit = 2147483647 (custom)
2019-09-26 10:05:55,200 [pool-459-thread-1] INFO  server.RaftServerConfigKeys (ConfUtils.java:logGet(43)) - raft.server.log.queue.element-limit = 1024 (custom)
2019-09-26 10:05:55,200 [pool-459-thread-1] INFO  server.RaftServerConfigKeys (ConfUtils.java:logGet(43)) - raft.server.log.segment.size.max = 1048576 (custom)
2019-09-26 10:05:55,200 [pool-459-thread-1] INFO  server.RaftServerConfigKeys (ConfUtils.java:logGet(43)) - raft.server.log.preallocated.size = 16384 (custom)
2019-09-26 10:05:55,200 [pool-459-thread-1] INFO  server.RaftServerConfigKeys (ConfUtils.java:logGet(43)) - raft.server.log.write.buffer.size = 33554432 (custom)
2019-09-26 10:05:55,200 [pool-459-thread-1] INFO  server.RaftServerConfigKeys (ConfUtils.java:logGet(43)) - raft.server.log.force.sync.num = 128 (default)
2019-09-26 10:05:55,200 [pool-459-thread-1] INFO  server.RaftServerConfigKeys (ConfUtils.java:logGet(43)) - raft.server.log.statemachine.data.sync = true (default)
2019-09-26 10:05:55,201 [pool-459-thread-1] INFO  server.RaftServerConfigKeys (ConfUtils.java:logGet(43)) - raft.server.log.statemachine.data.sync.timeout = 10s (default)
2019-09-26 10:05:55,201 [pool-459-thread-1] INFO  server.RaftServerConfigKeys (ConfUtils.java:logGet(43)) - raft.server.log.statemachine.data.sync.timeout.retry = -1 (default)
2019-09-26 10:05:55,201 [pool-459-thread-1] INFO  server.RaftServerConfigKeys (ConfUtils.java:logGet(43)) - raft.server.log.statemachine.data.caching.enabled = true (custom)
2019-09-26 10:05:55,201 [pool-459-thread-1] INFO  segmented.SegmentedRaftLogWorker (SegmentedRaftLogWorker.java:lambda$new$0(132)) - 9c78032f-eba8-46d0-8c4d-d82b43c60fb9@group-C43F64780CE3-SegmentedRaftLogWorker: flushIndex: setUnconditionally 0 -> -1
2019-09-26 10:05:55,201 [pool-459-thread-1] INFO  server.RaftServerConfigKeys (ConfUtils.java:logGet(43)) - raft.server.snapshot.auto.trigger.enabled = true (custom)
2019-09-26 10:05:55,201 [pool-459-thread-1] INFO  server.RaftServerConfigKeys (ConfUtils.java:logGet(43)) - raft.server.snapshot.auto.trigger.threshold = 10000 (custom)
2019-09-26 10:05:55,201 [pool-459-thread-1] INFO  server.RaftServerConfigKeys (ConfUtils.java:logGet(43)) - raft.server.snapshot.retention.num.files = 5 (custom)
2019-09-26 10:05:55,202 [pool-459-thread-1] INFO  server.RaftServerConfigKeys (ConfUtils.java:logGet(43)) - raft.server.retrycache.expirytime = 600000ms (custom)
2019-09-26 10:05:55,203 [pool-459-thread-1] INFO  impl.RaftServerImpl (RaftServerImpl.java:start(185)) - 9c78032f-eba8-46d0-8c4d-d82b43c60fb9@group-C43F64780CE3: start as a follower, conf=-1: [9c78032f-eba8-46d0-8c4d-d82b43c60fb9:192.168.30.13:33303], old=null
2019-09-26 10:05:55,203 [pool-459-thread-1] INFO  impl.RaftServerImpl (RaftServerImpl.java:setRole(174)) - 9c78032f-eba8-46d0-8c4d-d82b43c60fb9@group-C43F64780CE3: changes role from      null to FOLLOWER at term 0 for startAsFollower
2019-09-26 10:05:55,203 [pool-459-thread-1] INFO  impl.RoleInfo (RoleInfo.java:updateAndGet(143)) - 9c78032f-eba8-46d0-8c4d-d82b43c60fb9: start FollowerState
2019-09-26 10:05:55,203 [pool-459-thread-1] INFO  util.JmxRegister (JmxRegister.java:tryRegister(44)) - Successfully registered JMX Bean with object name Ratis:service=RaftServer,group=group-C43F64780CE3,id=9c78032f-eba8-46d0-8c4d-d82b43c60fb9
2019-09-26 10:05:55,205 [RatisPipelineUtilsThread] INFO  pipeline.PipelineStateManager (PipelineStateManager.java:addPipeline(56)) - Created pipeline Pipeline[ Id: 400e9106-7adc-42e1-bc6b-c43f64780ce3, Nodes: 9c78032f-eba8-46d0-8c4d-d82b43c60fb9{ip: 192.168.30.13, host: pr-hdds-1569-wvzgm-824869521, networkLocation: /default-rack, certSerialId: null}, Type:RATIS, Factor:ONE, State:OPEN]
2019-09-26 10:05:55,205 [RatisPipelineUtilsThread] INFO  pipeline.PipelinePlacementPolicy (PipelinePlacementPolicy.java:meetCriteria(91)) - Pipeline Placement: can't place more pipeline on heavy datanode： 72f743f9-1e0e-4345-96f1-9a3a34c18cec Heaviness: 6 limit: 5
2019-09-26 10:05:55,205 [RatisPipelineUtilsThread] INFO  pipeline.PipelinePlacementPolicy (PipelinePlacementPolicy.java:meetCriteria(91)) - Pipeline Placement: can't place more pipeline on heavy datanode： db227204-214e-44d9-8d16-8c4813e40a58 Heaviness: 6 limit: 5
2019-09-26 10:05:55,205 [RatisPipelineUtilsThread] INFO  pipeline.PipelinePlacementPolicy (PipelinePlacementPolicy.java:meetCriteria(91)) - Pipeline Placement: can't place more pipeline on heavy datanode： 78fc6c82-4831-4601-bfbf-c281d6d238b7 Heaviness: 6 limit: 5
2019-09-26 10:05:55,208 [grpc-default-executor-1] INFO  impl.RaftServerProxy (RaftServerProxy.java:addNew(89)) - 9c78032f-eba8-46d0-8c4d-d82b43c60fb9: addNew group-0479A791B3CB:[9c78032f-eba8-46d0-8c4d-d82b43c60fb9:192.168.30.13:33303] returns group-0479A791B3CB:java.util.concurrent.CompletableFuture@a5f7cb9[Not completed]
2019-09-26 10:05:55,209 [pool-459-thread-1] INFO  impl.RaftServerImpl (RaftServerImpl.java:<init>(95)) - 9c78032f-eba8-46d0-8c4d-d82b43c60fb9: new RaftServerImpl for group-0479A791B3CB:[9c78032f-eba8-46d0-8c4d-d82b43c60fb9:192.168.30.13:33303] with ContainerStateMachine:uninitialized
2019-09-26 10:05:55,209 [pool-459-thread-1] INFO  server.RaftServerConfigKeys (ConfUtils.java:logGet(43)) - raft.server.rpc.timeout.min = 5s (custom)
2019-09-26 10:05:55,209 [pool-459-thread-1] INFO  server.RaftServerConfigKeys (ConfUtils.java:logGet(43)) - raft.server.rpc.timeout.max = 5200ms (custom)
2019-09-26 10:05:55,209 [pool-459-thread-1] INFO  server.RaftServerConfigKeys (ConfUtils.java:logGet(43)) - raft.server.rpcslowness.timeout = 120s (custom)
2019-09-26 10:05:55,209 [pool-459-thread-1] INFO  server.RaftServerConfigKeys (ConfUtils.java:logGet(43)) - raft.server.sleep.deviation.threshold = 300 (default)
2019-09-26 10:05:55,210 [pool-459-thread-1] INFO  server.RaftServerConfigKeys (ConfUtils.java:logGet(43)) - raft.server.log.appender.install.snapshot.enabled = false (custom)
2019-09-26 10:05:55,210 [pool-459-thread-1] INFO  impl.RaftServerImpl (ServerState.java:<init>(103)) - 9c78032f-eba8-46d0-8c4d-d82b43c60fb9@group-0479A791B3CB: ConfigurationManager, init=-1: [9c78032f-eba8-46d0-8c4d-d82b43c60fb9:192.168.30.13:33303], old=null, confs=<EMPTY_MAP>
2019-09-26 10:05:55,210 [pool-459-thread-1] INFO  server.RaftServerConfigKeys (ConfUtils.java:logGet(43)) - raft.server.storage.dir = [/workdir/hadoop-ozone/integration-test/target/test-dir/MiniOzoneClusterImpl-6f19b49f-1ba0-4037-80e1-640204793d9e/datanode-5/data/ratis] (custom)
2019-09-26 10:05:55,210 [pool-459-thread-1] INFO  storage.RaftStorageDirectory (RaftStorageDirectory.java:analyzeStorage(246)) - The storage directory /workdir/hadoop-ozone/integration-test/target/test-dir/MiniOzoneClusterImpl-6f19b49f-1ba0-4037-80e1-640204793d9e/datanode-5/data/ratis/67c20a4d-a452-4758-a8e6-0479a791b3cb does not exist. Creating ...
2019-09-26 10:05:55,214 [pool-459-thread-1] INFO  storage.RaftStorageDirectory (RaftStorageDirectory.java:tryLock(328)) - Lock on /workdir/hadoop-ozone/integration-test/target/test-dir/MiniOzoneClusterImpl-6f19b49f-1ba0-4037-80e1-640204793d9e/datanode-5/data/ratis/67c20a4d-a452-4758-a8e6-0479a791b3cb/in_use.lock acquired by nodename 19604@pr-hdds-1569-wvzgm-824869521
2019-09-26 10:05:55,220 [pool-459-thread-1] INFO  storage.RaftStorage (RaftStorage.java:format(72)) - Storage directory /workdir/hadoop-ozone/integration-test/target/test-dir/MiniOzoneClusterImpl-6f19b49f-1ba0-4037-80e1-640204793d9e/datanode-5/data/ratis/67c20a4d-a452-4758-a8e6-0479a791b3cb has been successfully formatted.
2019-09-26 10:05:55,220 [pool-459-thread-1] INFO  ratis.ContainerStateMachine (ContainerStateMachine.java:loadSnapshot(230)) - group-0479A791B3CB: The snapshot info is null. Setting the last applied indexto:(t:0, i:~)
2019-09-26 10:05:55,221 [pool-459-thread-1] INFO  server.RaftServerConfigKeys (ConfUtils.java:logGet(43)) - raft.server.notification.no-leader.timeout = 120s (custom)
2019-09-26 10:05:55,221 [pool-459-thread-1] INFO  server.RaftServerConfigKeys (ConfUtils.java:logGet(43)) - raft.server.log.use.memory = false (default)
2019-09-26 10:05:55,221 [pool-459-thread-1] INFO  server.RaftServerConfigKeys (ConfUtils.java:logGet(43)) - raft.server.log.purge.gap = 1000000 (custom)
2019-09-26 10:05:55,221 [pool-459-thread-1] INFO  server.RaftServerConfigKeys (ConfUtils.java:logGet(43)) - raft.server.log.appender.buffer.byte-limit = 33554432 (custom)
2019-09-26 10:05:55,221 [pool-459-thread-1] INFO  server.RaftServerConfigKeys (ConfUtils.java:logGet(43)) - raft.server.log.segment.size.max = 1048576 (custom)
2019-09-26 10:05:55,221 [pool-459-thread-1] INFO  server.RaftServerConfigKeys (ConfUtils.java:logGet(43)) - raft.server.log.segment.cache.num.max = 2 (custom)
2019-09-26 10:05:55,221 [pool-459-thread-1] INFO  segmented.SegmentedRaftLogWorker (SegmentedRaftLogWorker.java:<init>(172)) - new 9c78032f-eba8-46d0-8c4d-d82b43c60fb9@group-0479A791B3CB-SegmentedRaftLogWorker for RaftStorage:Storage Directory /workdir/hadoop-ozone/integration-test/target/test-dir/MiniOzoneClusterImpl-6f19b49f-1ba0-4037-80e1-640204793d9e/datanode-5/data/ratis/67c20a4d-a452-4758-a8e6-0479a791b3cb
2019-09-26 10:05:55,221 [pool-459-thread-1] INFO  server.RaftServerConfigKeys (ConfUtils.java:logGet(43)) - raft.server.log.queue.byte-limit = 2147483647 (custom)
2019-09-26 10:05:55,221 [pool-459-thread-1] INFO  server.RaftServerConfigKeys (ConfUtils.java:logGet(43)) - raft.server.log.queue.element-limit = 1024 (custom)
2019-09-26 10:05:55,221 [pool-459-thread-1] INFO  server.RaftServerConfigKeys (ConfUtils.java:logGet(43)) - raft.server.log.segment.size.max = 1048576 (custom)
2019-09-26 10:05:55,222 [pool-459-thread-1] INFO  server.RaftServerConfigKeys (ConfUtils.java:logGet(43)) - raft.server.log.preallocated.size = 16384 (custom)
2019-09-26 10:05:55,222 [pool-459-thread-1] INFO  server.RaftServerConfigKeys (ConfUtils.java:logGet(43)) - raft.server.log.write.buffer.size = 33554432 (custom)
2019-09-26 10:05:55,222 [pool-459-thread-1] INFO  server.RaftServerConfigKeys (ConfUtils.java:logGet(43)) - raft.server.log.force.sync.num = 128 (default)
2019-09-26 10:05:55,222 [pool-459-thread-1] INFO  server.RaftServerConfigKeys (ConfUtils.java:logGet(43)) - raft.server.log.statemachine.data.sync = true (default)
2019-09-26 10:05:55,222 [pool-459-thread-1] INFO  server.RaftServerConfigKeys (ConfUtils.java:logGet(43)) - raft.server.log.statemachine.data.sync.timeout = 10s (default)
2019-09-26 10:05:55,222 [pool-459-thread-1] INFO  server.RaftServerConfigKeys (ConfUtils.java:logGet(43)) - raft.server.log.statemachine.data.sync.timeout.retry = -1 (default)
2019-09-26 10:05:55,222 [pool-459-thread-1] INFO  server.RaftServerConfigKeys (ConfUtils.java:logGet(43)) - raft.server.log.statemachine.data.caching.enabled = true (custom)
2019-09-26 10:05:55,222 [pool-459-thread-1] INFO  segmented.SegmentedRaftLogWorker (SegmentedRaftLogWorker.java:lambda$new$0(132)) - 9c78032f-eba8-46d0-8c4d-d82b43c60fb9@group-0479A791B3CB-SegmentedRaftLogWorker: flushIndex: setUnconditionally 0 -> -1
2019-09-26 10:05:55,223 [pool-459-thread-1] INFO  server.RaftServerConfigKeys (ConfUtils.java:logGet(43)) - raft.server.snapshot.auto.trigger.enabled = true (custom)
2019-09-26 10:05:55,223 [pool-459-thread-1] INFO  server.RaftServerConfigKeys (ConfUtils.java:logGet(43)) - raft.server.snapshot.auto.trigger.threshold = 10000 (custom)
2019-09-26 10:05:55,223 [pool-459-thread-1] INFO  server.RaftServerConfigKeys (ConfUtils.java:logGet(43)) - raft.server.snapshot.retention.num.files = 5 (custom)
2019-09-26 10:05:55,223 [pool-459-thread-1] INFO  server.RaftServerConfigKeys (ConfUtils.java:logGet(43)) - raft.server.retrycache.expirytime = 600000ms (custom)
2019-09-26 10:05:55,224 [pool-459-thread-1] INFO  impl.RaftServerImpl (RaftServerImpl.java:start(185)) - 9c78032f-eba8-46d0-8c4d-d82b43c60fb9@group-0479A791B3CB: start as a follower, conf=-1: [9c78032f-eba8-46d0-8c4d-d82b43c60fb9:192.168.30.13:33303], old=null
2019-09-26 10:05:55,224 [pool-459-thread-1] INFO  impl.RaftServerImpl (RaftServerImpl.java:setRole(174)) - 9c78032f-eba8-46d0-8c4d-d82b43c60fb9@group-0479A791B3CB: changes role from      null to FOLLOWER at term 0 for startAsFollower
2019-09-26 10:05:55,224 [pool-459-thread-1] INFO  impl.RoleInfo (RoleInfo.java:updateAndGet(143)) - 9c78032f-eba8-46d0-8c4d-d82b43c60fb9: start FollowerState
2019-09-26 10:05:55,224 [pool-459-thread-1] INFO  util.JmxRegister (JmxRegister.java:tryRegister(44)) - Successfully registered JMX Bean with object name Ratis:service=RaftServer,group=group-0479A791B3CB,id=9c78032f-eba8-46d0-8c4d-d82b43c60fb9
2019-09-26 10:05:55,226 [RatisPipelineUtilsThread] INFO  pipeline.PipelineStateManager (PipelineStateManager.java:addPipeline(56)) - Created pipeline Pipeline[ Id: 67c20a4d-a452-4758-a8e6-0479a791b3cb, Nodes: 9c78032f-eba8-46d0-8c4d-d82b43c60fb9{ip: 192.168.30.13, host: pr-hdds-1569-wvzgm-824869521, networkLocation: /default-rack, certSerialId: null}, Type:RATIS, Factor:ONE, State:OPEN]
2019-09-26 10:05:55,226 [RatisPipelineUtilsThread] INFO  pipeline.PipelinePlacementPolicy (PipelinePlacementPolicy.java:meetCriteria(91)) - Pipeline Placement: can't place more pipeline on heavy datanode： 72f743f9-1e0e-4345-96f1-9a3a34c18cec Heaviness: 6 limit: 5
2019-09-26 10:05:55,226 [RatisPipelineUtilsThread] INFO  pipeline.PipelinePlacementPolicy (PipelinePlacementPolicy.java:meetCriteria(91)) - Pipeline Placement: can't place more pipeline on heavy datanode： db227204-214e-44d9-8d16-8c4813e40a58 Heaviness: 6 limit: 5
2019-09-26 10:05:55,227 [RatisPipelineUtilsThread] INFO  pipeline.PipelinePlacementPolicy (PipelinePlacementPolicy.java:meetCriteria(91)) - Pipeline Placement: can't place more pipeline on heavy datanode： 78fc6c82-4831-4601-bfbf-c281d6d238b7 Heaviness: 6 limit: 5
2019-09-26 10:05:55,229 [grpc-default-executor-1] INFO  impl.RaftServerProxy (RaftServerProxy.java:addNew(89)) - 830a81b3-f833-43ed-8e64-f2525410bb9b: addNew group-2B44FA5EDFA2:[830a81b3-f833-43ed-8e64-f2525410bb9b:192.168.30.13:33698] returns group-2B44FA5EDFA2:java.util.concurrent.CompletableFuture@47f8c26b[Not completed]
2019-09-26 10:05:55,230 [pool-429-thread-1] INFO  impl.RaftServerImpl (RaftServerImpl.java:<init>(95)) - 830a81b3-f833-43ed-8e64-f2525410bb9b: new RaftServerImpl for group-2B44FA5EDFA2:[830a81b3-f833-43ed-8e64-f2525410bb9b:192.168.30.13:33698] with ContainerStateMachine:uninitialized
2019-09-26 10:05:55,230 [pool-429-thread-1] INFO  server.RaftServerConfigKeys (ConfUtils.java:logGet(43)) - raft.server.rpc.timeout.min = 5s (custom)
2019-09-26 10:05:55,230 [pool-429-thread-1] INFO  server.RaftServerConfigKeys (ConfUtils.java:logGet(43)) - raft.server.rpc.timeout.max = 5200ms (custom)
2019-09-26 10:05:55,230 [pool-429-thread-1] INFO  server.RaftServerConfigKeys (ConfUtils.java:logGet(43)) - raft.server.rpcslowness.timeout = 120s (custom)
2019-09-26 10:05:55,230 [pool-429-thread-1] INFO  server.RaftServerConfigKeys (ConfUtils.java:logGet(43)) - raft.server.sleep.deviation.threshold = 300 (default)
2019-09-26 10:05:55,230 [pool-429-thread-1] INFO  server.RaftServerConfigKeys (ConfUtils.java:logGet(43)) - raft.server.log.appender.install.snapshot.enabled = false (custom)
2019-09-26 10:05:55,230 [pool-429-thread-1] INFO  impl.RaftServerImpl (ServerState.java:<init>(103)) - 830a81b3-f833-43ed-8e64-f2525410bb9b@group-2B44FA5EDFA2: ConfigurationManager, init=-1: [830a81b3-f833-43ed-8e64-f2525410bb9b:192.168.30.13:33698], old=null, confs=<EMPTY_MAP>
2019-09-26 10:05:55,231 [pool-429-thread-1] INFO  server.RaftServerConfigKeys (ConfUtils.java:logGet(43)) - raft.server.storage.dir = [/workdir/hadoop-ozone/integration-test/target/test-dir/MiniOzoneClusterImpl-6f19b49f-1ba0-4037-80e1-640204793d9e/datanode-2/data/ratis] (custom)
2019-09-26 10:05:55,231 [pool-429-thread-1] INFO  storage.RaftStorageDirectory (RaftStorageDirectory.java:analyzeStorage(246)) - The storage directory /workdir/hadoop-ozone/integration-test/target/test-dir/MiniOzoneClusterImpl-6f19b49f-1ba0-4037-80e1-640204793d9e/datanode-2/data/ratis/cd93ec0d-6860-4583-872c-2b44fa5edfa2 does not exist. Creating ...
2019-09-26 10:05:55,237 [pool-429-thread-1] INFO  storage.RaftStorageDirectory (RaftStorageDirectory.java:tryLock(328)) - Lock on /workdir/hadoop-ozone/integration-test/target/test-dir/MiniOzoneClusterImpl-6f19b49f-1ba0-4037-80e1-640204793d9e/datanode-2/data/ratis/cd93ec0d-6860-4583-872c-2b44fa5edfa2/in_use.lock acquired by nodename 19604@pr-hdds-1569-wvzgm-824869521
2019-09-26 10:05:55,240 [pool-429-thread-1] INFO  storage.RaftStorage (RaftStorage.java:format(72)) - Storage directory /workdir/hadoop-ozone/integration-test/target/test-dir/MiniOzoneClusterImpl-6f19b49f-1ba0-4037-80e1-640204793d9e/datanode-2/data/ratis/cd93ec0d-6860-4583-872c-2b44fa5edfa2 has been successfully formatted.
2019-09-26 10:05:55,241 [pool-429-thread-1] INFO  ratis.ContainerStateMachine (ContainerStateMachine.java:loadSnapshot(230)) - group-2B44FA5EDFA2: The snapshot info is null. Setting the last applied indexto:(t:0, i:~)
2019-09-26 10:05:55,241 [pool-429-thread-1] INFO  server.RaftServerConfigKeys (ConfUtils.java:logGet(43)) - raft.server.notification.no-leader.timeout = 120s (custom)
2019-09-26 10:05:55,241 [pool-429-thread-1] INFO  server.RaftServerConfigKeys (ConfUtils.java:logGet(43)) - raft.server.log.use.memory = false (default)
2019-09-26 10:05:55,241 [pool-429-thread-1] INFO  server.RaftServerConfigKeys (ConfUtils.java:logGet(43)) - raft.server.log.purge.gap = 1000000 (custom)
2019-09-26 10:05:55,241 [pool-429-thread-1] INFO  server.RaftServerConfigKeys (ConfUtils.java:logGet(43)) - raft.server.log.appender.buffer.byte-limit = 33554432 (custom)
2019-09-26 10:05:55,241 [pool-429-thread-1] INFO  server.RaftServerConfigKeys (ConfUtils.java:logGet(43)) - raft.server.log.segment.size.max = 1048576 (custom)
2019-09-26 10:05:55,241 [pool-429-thread-1] INFO  server.RaftServerConfigKeys (ConfUtils.java:logGet(43)) - raft.server.log.segment.cache.num.max = 2 (custom)
2019-09-26 10:05:55,241 [pool-429-thread-1] INFO  segmented.SegmentedRaftLogWorker (SegmentedRaftLogWorker.java:<init>(172)) - new 830a81b3-f833-43ed-8e64-f2525410bb9b@group-2B44FA5EDFA2-SegmentedRaftLogWorker for RaftStorage:Storage Directory /workdir/hadoop-ozone/integration-test/target/test-dir/MiniOzoneClusterImpl-6f19b49f-1ba0-4037-80e1-640204793d9e/datanode-2/data/ratis/cd93ec0d-6860-4583-872c-2b44fa5edfa2
2019-09-26 10:05:55,241 [pool-429-thread-1] INFO  server.RaftServerConfigKeys (ConfUtils.java:logGet(43)) - raft.server.log.queue.byte-limit = 2147483647 (custom)
2019-09-26 10:05:55,241 [pool-429-thread-1] INFO  server.RaftServerConfigKeys (ConfUtils.java:logGet(43)) - raft.server.log.queue.element-limit = 1024 (custom)
2019-09-26 10:05:55,242 [pool-429-thread-1] INFO  server.RaftServerConfigKeys (ConfUtils.java:logGet(43)) - raft.server.log.segment.size.max = 1048576 (custom)
2019-09-26 10:05:55,242 [pool-429-thread-1] INFO  server.RaftServerConfigKeys (ConfUtils.java:logGet(43)) - raft.server.log.preallocated.size = 16384 (custom)
2019-09-26 10:05:55,242 [pool-429-thread-1] INFO  server.RaftServerConfigKeys (ConfUtils.java:logGet(43)) - raft.server.log.write.buffer.size = 33554432 (custom)
2019-09-26 10:05:55,242 [pool-429-thread-1] INFO  server.RaftServerConfigKeys (ConfUtils.java:logGet(43)) - raft.server.log.force.sync.num = 128 (default)
2019-09-26 10:05:55,242 [pool-429-thread-1] INFO  server.RaftServerConfigKeys (ConfUtils.java:logGet(43)) - raft.server.log.statemachine.data.sync = true (default)
2019-09-26 10:05:55,242 [pool-429-thread-1] INFO  server.RaftServerConfigKeys (ConfUtils.java:logGet(43)) - raft.server.log.statemachine.data.sync.timeout = 10s (default)
2019-09-26 10:05:55,242 [pool-429-thread-1] INFO  server.RaftServerConfigKeys (ConfUtils.java:logGet(43)) - raft.server.log.statemachine.data.sync.timeout.retry = -1 (default)
2019-09-26 10:05:55,242 [pool-429-thread-1] INFO  server.RaftServerConfigKeys (ConfUtils.java:logGet(43)) - raft.server.log.statemachine.data.caching.enabled = true (custom)
2019-09-26 10:05:55,242 [pool-429-thread-1] INFO  segmented.SegmentedRaftLogWorker (SegmentedRaftLogWorker.java:lambda$new$0(132)) - 830a81b3-f833-43ed-8e64-f2525410bb9b@group-2B44FA5EDFA2-SegmentedRaftLogWorker: flushIndex: setUnconditionally 0 -> -1
2019-09-26 10:05:55,243 [pool-429-thread-1] INFO  server.RaftServerConfigKeys (ConfUtils.java:logGet(43)) - raft.server.snapshot.auto.trigger.enabled = true (custom)
2019-09-26 10:05:55,243 [pool-429-thread-1] INFO  server.RaftServerConfigKeys (ConfUtils.java:logGet(43)) - raft.server.snapshot.auto.trigger.threshold = 10000 (custom)
2019-09-26 10:05:55,243 [pool-429-thread-1] INFO  server.RaftServerConfigKeys (ConfUtils.java:logGet(43)) - raft.server.snapshot.retention.num.files = 5 (custom)
2019-09-26 10:05:55,243 [pool-429-thread-1] INFO  server.RaftServerConfigKeys (ConfUtils.java:logGet(43)) - raft.server.retrycache.expirytime = 600000ms (custom)
2019-09-26 10:05:55,244 [pool-429-thread-1] INFO  impl.RaftServerImpl (RaftServerImpl.java:start(185)) - 830a81b3-f833-43ed-8e64-f2525410bb9b@group-2B44FA5EDFA2: start as a follower, conf=-1: [830a81b3-f833-43ed-8e64-f2525410bb9b:192.168.30.13:33698], old=null
2019-09-26 10:05:55,244 [pool-429-thread-1] INFO  impl.RaftServerImpl (RaftServerImpl.java:setRole(174)) - 830a81b3-f833-43ed-8e64-f2525410bb9b@group-2B44FA5EDFA2: changes role from      null to FOLLOWER at term 0 for startAsFollower
2019-09-26 10:05:55,244 [pool-429-thread-1] INFO  impl.RoleInfo (RoleInfo.java:updateAndGet(143)) - 830a81b3-f833-43ed-8e64-f2525410bb9b: start FollowerState
2019-09-26 10:05:55,244 [pool-429-thread-1] INFO  util.JmxRegister (JmxRegister.java:tryRegister(44)) - Successfully registered JMX Bean with object name Ratis:service=RaftServer,group=group-2B44FA5EDFA2,id=830a81b3-f833-43ed-8e64-f2525410bb9b
2019-09-26 10:05:55,246 [RatisPipelineUtilsThread] INFO  pipeline.PipelineStateManager (PipelineStateManager.java:addPipeline(56)) - Created pipeline Pipeline[ Id: cd93ec0d-6860-4583-872c-2b44fa5edfa2, Nodes: 830a81b3-f833-43ed-8e64-f2525410bb9b{ip: 192.168.30.13, host: pr-hdds-1569-wvzgm-824869521, networkLocation: /default-rack, certSerialId: null}, Type:RATIS, Factor:ONE, State:OPEN]
2019-09-26 10:05:55,246 [RatisPipelineUtilsThread] INFO  pipeline.PipelinePlacementPolicy (PipelinePlacementPolicy.java:meetCriteria(91)) - Pipeline Placement: can't place more pipeline on heavy datanode： 72f743f9-1e0e-4345-96f1-9a3a34c18cec Heaviness: 6 limit: 5
2019-09-26 10:05:55,246 [RatisPipelineUtilsThread] INFO  pipeline.PipelinePlacementPolicy (PipelinePlacementPolicy.java:meetCriteria(91)) - Pipeline Placement: can't place more pipeline on heavy datanode： db227204-214e-44d9-8d16-8c4813e40a58 Heaviness: 6 limit: 5
2019-09-26 10:05:55,246 [RatisPipelineUtilsThread] INFO  pipeline.PipelinePlacementPolicy (PipelinePlacementPolicy.java:meetCriteria(91)) - Pipeline Placement: can't place more pipeline on heavy datanode： 78fc6c82-4831-4601-bfbf-c281d6d238b7 Heaviness: 6 limit: 5
2019-09-26 10:05:55,246 [RatisPipelineUtilsThread] INFO  pipeline.PipelinePlacementPolicy (PipelinePlacementPolicy.java:meetCriteria(91)) - Pipeline Placement: can't place more pipeline on heavy datanode： 830a81b3-f833-43ed-8e64-f2525410bb9b Heaviness: 6 limit: 5
2019-09-26 10:05:55,248 [grpc-default-executor-1] INFO  impl.RaftServerProxy (RaftServerProxy.java:addNew(89)) - 583d69a3-91a3-48b1-b57b-32c881e6a62a: addNew group-C97889D9F5EE:[583d69a3-91a3-48b1-b57b-32c881e6a62a:192.168.30.13:44038] returns group-C97889D9F5EE:java.util.concurrent.CompletableFuture@5a6fa60f[Not completed]
2019-09-26 10:05:55,249 [pool-449-thread-1] INFO  impl.RaftServerImpl (RaftServerImpl.java:<init>(95)) - 583d69a3-91a3-48b1-b57b-32c881e6a62a: new RaftServerImpl for group-C97889D9F5EE:[583d69a3-91a3-48b1-b57b-32c881e6a62a:192.168.30.13:44038] with ContainerStateMachine:uninitialized
2019-09-26 10:05:55,249 [pool-449-thread-1] INFO  server.RaftServerConfigKeys (ConfUtils.java:logGet(43)) - raft.server.rpc.timeout.min = 5s (custom)
2019-09-26 10:05:55,249 [pool-449-thread-1] INFO  server.RaftServerConfigKeys (ConfUtils.java:logGet(43)) - raft.server.rpc.timeout.max = 5200ms (custom)
2019-09-26 10:05:55,250 [pool-449-thread-1] INFO  server.RaftServerConfigKeys (ConfUtils.java:logGet(43)) - raft.server.rpcslowness.timeout = 120s (custom)
2019-09-26 10:05:55,250 [pool-449-thread-1] INFO  server.RaftServerConfigKeys (ConfUtils.java:logGet(43)) - raft.server.sleep.deviation.threshold = 300 (default)
2019-09-26 10:05:55,250 [pool-449-thread-1] INFO  server.RaftServerConfigKeys (ConfUtils.java:logGet(43)) - raft.server.log.appender.install.snapshot.enabled = false (custom)
2019-09-26 10:05:55,250 [pool-449-thread-1] INFO  impl.RaftServerImpl (ServerState.java:<init>(103)) - 583d69a3-91a3-48b1-b57b-32c881e6a62a@group-C97889D9F5EE: ConfigurationManager, init=-1: [583d69a3-91a3-48b1-b57b-32c881e6a62a:192.168.30.13:44038], old=null, confs=<EMPTY_MAP>
2019-09-26 10:05:55,250 [pool-449-thread-1] INFO  server.RaftServerConfigKeys (ConfUtils.java:logGet(43)) - raft.server.storage.dir = [/workdir/hadoop-ozone/integration-test/target/test-dir/MiniOzoneClusterImpl-6f19b49f-1ba0-4037-80e1-640204793d9e/datanode-4/data/ratis] (custom)
2019-09-26 10:05:55,250 [pool-449-thread-1] INFO  storage.RaftStorageDirectory (RaftStorageDirectory.java:analyzeStorage(246)) - The storage directory /workdir/hadoop-ozone/integration-test/target/test-dir/MiniOzoneClusterImpl-6f19b49f-1ba0-4037-80e1-640204793d9e/datanode-4/data/ratis/10b73097-0a9a-4b0a-ae1d-c97889d9f5ee does not exist. Creating ...
2019-09-26 10:05:55,273 [pool-449-thread-1] INFO  storage.RaftStorageDirectory (RaftStorageDirectory.java:tryLock(328)) - Lock on /workdir/hadoop-ozone/integration-test/target/test-dir/MiniOzoneClusterImpl-6f19b49f-1ba0-4037-80e1-640204793d9e/datanode-4/data/ratis/10b73097-0a9a-4b0a-ae1d-c97889d9f5ee/in_use.lock acquired by nodename 19604@pr-hdds-1569-wvzgm-824869521
2019-09-26 10:05:55,297 [pool-449-thread-1] INFO  storage.RaftStorage (RaftStorage.java:format(72)) - Storage directory /workdir/hadoop-ozone/integration-test/target/test-dir/MiniOzoneClusterImpl-6f19b49f-1ba0-4037-80e1-640204793d9e/datanode-4/data/ratis/10b73097-0a9a-4b0a-ae1d-c97889d9f5ee has been successfully formatted.
2019-09-26 10:05:55,297 [pool-449-thread-1] INFO  ratis.ContainerStateMachine (ContainerStateMachine.java:loadSnapshot(230)) - group-C97889D9F5EE: The snapshot info is null. Setting the last applied indexto:(t:0, i:~)
2019-09-26 10:05:55,297 [pool-449-thread-1] INFO  server.RaftServerConfigKeys (ConfUtils.java:logGet(43)) - raft.server.notification.no-leader.timeout = 120s (custom)
2019-09-26 10:05:55,298 [pool-449-thread-1] INFO  server.RaftServerConfigKeys (ConfUtils.java:logGet(43)) - raft.server.log.use.memory = false (default)
2019-09-26 10:05:55,298 [pool-449-thread-1] INFO  server.RaftServerConfigKeys (ConfUtils.java:logGet(43)) - raft.server.log.purge.gap = 1000000 (custom)
2019-09-26 10:05:55,298 [pool-449-thread-1] INFO  server.RaftServerConfigKeys (ConfUtils.java:logGet(43)) - raft.server.log.appender.buffer.byte-limit = 33554432 (custom)
2019-09-26 10:05:55,298 [pool-449-thread-1] INFO  server.RaftServerConfigKeys (ConfUtils.java:logGet(43)) - raft.server.log.segment.size.max = 1048576 (custom)
2019-09-26 10:05:55,298 [pool-449-thread-1] INFO  server.RaftServerConfigKeys (ConfUtils.java:logGet(43)) - raft.server.log.segment.cache.num.max = 2 (custom)
2019-09-26 10:05:55,298 [pool-449-thread-1] INFO  segmented.SegmentedRaftLogWorker (SegmentedRaftLogWorker.java:<init>(172)) - new 583d69a3-91a3-48b1-b57b-32c881e6a62a@group-C97889D9F5EE-SegmentedRaftLogWorker for RaftStorage:Storage Directory /workdir/hadoop-ozone/integration-test/target/test-dir/MiniOzoneClusterImpl-6f19b49f-1ba0-4037-80e1-640204793d9e/datanode-4/data/ratis/10b73097-0a9a-4b0a-ae1d-c97889d9f5ee
2019-09-26 10:05:55,298 [pool-449-thread-1] INFO  server.RaftServerConfigKeys (ConfUtils.java:logGet(43)) - raft.server.log.queue.byte-limit = 2147483647 (custom)
2019-09-26 10:05:55,298 [pool-449-thread-1] INFO  server.RaftServerConfigKeys (ConfUtils.java:logGet(43)) - raft.server.log.queue.element-limit = 1024 (custom)
2019-09-26 10:05:55,298 [pool-449-thread-1] INFO  server.RaftServerConfigKeys (ConfUtils.java:logGet(43)) - raft.server.log.segment.size.max = 1048576 (custom)
2019-09-26 10:05:55,298 [pool-449-thread-1] INFO  server.RaftServerConfigKeys (ConfUtils.java:logGet(43)) - raft.server.log.preallocated.size = 16384 (custom)
2019-09-26 10:05:55,298 [pool-449-thread-1] INFO  server.RaftServerConfigKeys (ConfUtils.java:logGet(43)) - raft.server.log.write.buffer.size = 33554432 (custom)
2019-09-26 10:05:55,299 [pool-449-thread-1] INFO  server.RaftServerConfigKeys (ConfUtils.java:logGet(43)) - raft.server.log.force.sync.num = 128 (default)
2019-09-26 10:05:55,299 [pool-449-thread-1] INFO  server.RaftServerConfigKeys (ConfUtils.java:logGet(43)) - raft.server.log.statemachine.data.sync = true (default)
2019-09-26 10:05:55,299 [pool-449-thread-1] INFO  server.RaftServerConfigKeys (ConfUtils.java:logGet(43)) - raft.server.log.statemachine.data.sync.timeout = 10s (default)
2019-09-26 10:05:55,299 [pool-449-thread-1] INFO  server.RaftServerConfigKeys (ConfUtils.java:logGet(43)) - raft.server.log.statemachine.data.sync.timeout.retry = -1 (default)
2019-09-26 10:05:55,299 [pool-449-thread-1] INFO  server.RaftServerConfigKeys (ConfUtils.java:logGet(43)) - raft.server.log.statemachine.data.caching.enabled = true (custom)
2019-09-26 10:05:55,299 [pool-449-thread-1] INFO  segmented.SegmentedRaftLogWorker (SegmentedRaftLogWorker.java:lambda$new$0(132)) - 583d69a3-91a3-48b1-b57b-32c881e6a62a@group-C97889D9F5EE-SegmentedRaftLogWorker: flushIndex: setUnconditionally 0 -> -1
2019-09-26 10:05:55,299 [pool-449-thread-1] INFO  server.RaftServerConfigKeys (ConfUtils.java:logGet(43)) - raft.server.snapshot.auto.trigger.enabled = true (custom)
2019-09-26 10:05:55,299 [pool-449-thread-1] INFO  server.RaftServerConfigKeys (ConfUtils.java:logGet(43)) - raft.server.snapshot.auto.trigger.threshold = 10000 (custom)
2019-09-26 10:05:55,300 [pool-449-thread-1] INFO  server.RaftServerConfigKeys (ConfUtils.java:logGet(43)) - raft.server.snapshot.retention.num.files = 5 (custom)
2019-09-26 10:05:55,300 [pool-449-thread-1] INFO  server.RaftServerConfigKeys (ConfUtils.java:logGet(43)) - raft.server.retrycache.expirytime = 600000ms (custom)
2019-09-26 10:05:55,301 [pool-449-thread-1] INFO  impl.RaftServerImpl (RaftServerImpl.java:start(185)) - 583d69a3-91a3-48b1-b57b-32c881e6a62a@group-C97889D9F5EE: start as a follower, conf=-1: [583d69a3-91a3-48b1-b57b-32c881e6a62a:192.168.30.13:44038], old=null
2019-09-26 10:05:55,301 [pool-449-thread-1] INFO  impl.RaftServerImpl (RaftServerImpl.java:setRole(174)) - 583d69a3-91a3-48b1-b57b-32c881e6a62a@group-C97889D9F5EE: changes role from      null to FOLLOWER at term 0 for startAsFollower
2019-09-26 10:05:55,301 [pool-449-thread-1] INFO  impl.RoleInfo (RoleInfo.java:updateAndGet(143)) - 583d69a3-91a3-48b1-b57b-32c881e6a62a: start FollowerState
2019-09-26 10:05:55,301 [pool-449-thread-1] INFO  util.JmxRegister (JmxRegister.java:tryRegister(44)) - Successfully registered JMX Bean with object name Ratis:service=RaftServer,group=group-C97889D9F5EE,id=583d69a3-91a3-48b1-b57b-32c881e6a62a
2019-09-26 10:05:55,303 [RatisPipelineUtilsThread] INFO  pipeline.PipelineStateManager (PipelineStateManager.java:addPipeline(56)) - Created pipeline Pipeline[ Id: 10b73097-0a9a-4b0a-ae1d-c97889d9f5ee, Nodes: 583d69a3-91a3-48b1-b57b-32c881e6a62a{ip: 192.168.30.13, host: pr-hdds-1569-wvzgm-824869521, networkLocation: /default-rack, certSerialId: null}, Type:RATIS, Factor:ONE, State:OPEN]
2019-09-26 10:05:55,304 [RatisPipelineUtilsThread] INFO  pipeline.PipelinePlacementPolicy (PipelinePlacementPolicy.java:meetCriteria(91)) - Pipeline Placement: can't place more pipeline on heavy datanode： 72f743f9-1e0e-4345-96f1-9a3a34c18cec Heaviness: 6 limit: 5
2019-09-26 10:05:55,304 [RatisPipelineUtilsThread] INFO  pipeline.PipelinePlacementPolicy (PipelinePlacementPolicy.java:meetCriteria(91)) - Pipeline Placement: can't place more pipeline on heavy datanode： db227204-214e-44d9-8d16-8c4813e40a58 Heaviness: 6 limit: 5
2019-09-26 10:05:55,304 [RatisPipelineUtilsThread] INFO  pipeline.PipelinePlacementPolicy (PipelinePlacementPolicy.java:meetCriteria(91)) - Pipeline Placement: can't place more pipeline on heavy datanode： 78fc6c82-4831-4601-bfbf-c281d6d238b7 Heaviness: 6 limit: 5
2019-09-26 10:05:55,304 [RatisPipelineUtilsThread] INFO  pipeline.PipelinePlacementPolicy (PipelinePlacementPolicy.java:meetCriteria(91)) - Pipeline Placement: can't place more pipeline on heavy datanode： 830a81b3-f833-43ed-8e64-f2525410bb9b Heaviness: 6 limit: 5
2019-09-26 10:05:55,307 [grpc-default-executor-1] INFO  impl.RaftServerProxy (RaftServerProxy.java:addNew(89)) - 583d69a3-91a3-48b1-b57b-32c881e6a62a: addNew group-147F68B3880E:[583d69a3-91a3-48b1-b57b-32c881e6a62a:192.168.30.13:44038] returns group-147F68B3880E:java.util.concurrent.CompletableFuture@38423e65[Not completed]
2019-09-26 10:05:55,309 [pool-449-thread-1] INFO  impl.RaftServerImpl (RaftServerImpl.java:<init>(95)) - 583d69a3-91a3-48b1-b57b-32c881e6a62a: new RaftServerImpl for group-147F68B3880E:[583d69a3-91a3-48b1-b57b-32c881e6a62a:192.168.30.13:44038] with ContainerStateMachine:uninitialized
2019-09-26 10:05:55,309 [pool-449-thread-1] INFO  server.RaftServerConfigKeys (ConfUtils.java:logGet(43)) - raft.server.rpc.timeout.min = 5s (custom)
2019-09-26 10:05:55,309 [pool-449-thread-1] INFO  server.RaftServerConfigKeys (ConfUtils.java:logGet(43)) - raft.server.rpc.timeout.max = 5200ms (custom)
2019-09-26 10:05:55,309 [pool-449-thread-1] INFO  server.RaftServerConfigKeys (ConfUtils.java:logGet(43)) - raft.server.rpcslowness.timeout = 120s (custom)
2019-09-26 10:05:55,309 [pool-449-thread-1] INFO  server.RaftServerConfigKeys (ConfUtils.java:logGet(43)) - raft.server.sleep.deviation.threshold = 300 (default)
2019-09-26 10:05:55,309 [pool-449-thread-1] INFO  server.RaftServerConfigKeys (ConfUtils.java:logGet(43)) - raft.server.log.appender.install.snapshot.enabled = false (custom)
2019-09-26 10:05:55,309 [pool-449-thread-1] INFO  impl.RaftServerImpl (ServerState.java:<init>(103)) - 583d69a3-91a3-48b1-b57b-32c881e6a62a@group-147F68B3880E: ConfigurationManager, init=-1: [583d69a3-91a3-48b1-b57b-32c881e6a62a:192.168.30.13:44038], old=null, confs=<EMPTY_MAP>
2019-09-26 10:05:55,309 [pool-449-thread-1] INFO  server.RaftServerConfigKeys (ConfUtils.java:logGet(43)) - raft.server.storage.dir = [/workdir/hadoop-ozone/integration-test/target/test-dir/MiniOzoneClusterImpl-6f19b49f-1ba0-4037-80e1-640204793d9e/datanode-4/data/ratis] (custom)
2019-09-26 10:05:55,309 [pool-449-thread-1] INFO  storage.RaftStorageDirectory (RaftStorageDirectory.java:analyzeStorage(246)) - The storage directory /workdir/hadoop-ozone/integration-test/target/test-dir/MiniOzoneClusterImpl-6f19b49f-1ba0-4037-80e1-640204793d9e/datanode-4/data/ratis/8a249c86-c952-45b7-b828-147f68b3880e does not exist. Creating ...
2019-09-26 10:05:55,322 [pool-449-thread-1] INFO  storage.RaftStorageDirectory (RaftStorageDirectory.java:tryLock(328)) - Lock on /workdir/hadoop-ozone/integration-test/target/test-dir/MiniOzoneClusterImpl-6f19b49f-1ba0-4037-80e1-640204793d9e/datanode-4/data/ratis/8a249c86-c952-45b7-b828-147f68b3880e/in_use.lock acquired by nodename 19604@pr-hdds-1569-wvzgm-824869521
2019-09-26 10:05:55,336 [pool-449-thread-1] INFO  storage.RaftStorage (RaftStorage.java:format(72)) - Storage directory /workdir/hadoop-ozone/integration-test/target/test-dir/MiniOzoneClusterImpl-6f19b49f-1ba0-4037-80e1-640204793d9e/datanode-4/data/ratis/8a249c86-c952-45b7-b828-147f68b3880e has been successfully formatted.
2019-09-26 10:05:55,337 [pool-449-thread-1] INFO  ratis.ContainerStateMachine (ContainerStateMachine.java:loadSnapshot(230)) - group-147F68B3880E: The snapshot info is null. Setting the last applied indexto:(t:0, i:~)
2019-09-26 10:05:55,337 [pool-449-thread-1] INFO  server.RaftServerConfigKeys (ConfUtils.java:logGet(43)) - raft.server.notification.no-leader.timeout = 120s (custom)
2019-09-26 10:05:55,337 [pool-449-thread-1] INFO  server.RaftServerConfigKeys (ConfUtils.java:logGet(43)) - raft.server.log.use.memory = false (default)
2019-09-26 10:05:55,337 [pool-449-thread-1] INFO  server.RaftServerConfigKeys (ConfUtils.java:logGet(43)) - raft.server.log.purge.gap = 1000000 (custom)
2019-09-26 10:05:55,337 [pool-449-thread-1] INFO  server.RaftServerConfigKeys (ConfUtils.java:logGet(43)) - raft.server.log.appender.buffer.byte-limit = 33554432 (custom)
2019-09-26 10:05:55,337 [pool-449-thread-1] INFO  server.RaftServerConfigKeys (ConfUtils.java:logGet(43)) - raft.server.log.segment.size.max = 1048576 (custom)
2019-09-26 10:05:55,337 [pool-449-thread-1] INFO  server.RaftServerConfigKeys (ConfUtils.java:logGet(43)) - raft.server.log.segment.cache.num.max = 2 (custom)
2019-09-26 10:05:55,337 [pool-449-thread-1] INFO  segmented.SegmentedRaftLogWorker (SegmentedRaftLogWorker.java:<init>(172)) - new 583d69a3-91a3-48b1-b57b-32c881e6a62a@group-147F68B3880E-SegmentedRaftLogWorker for RaftStorage:Storage Directory /workdir/hadoop-ozone/integration-test/target/test-dir/MiniOzoneClusterImpl-6f19b49f-1ba0-4037-80e1-640204793d9e/datanode-4/data/ratis/8a249c86-c952-45b7-b828-147f68b3880e
2019-09-26 10:05:55,337 [pool-449-thread-1] INFO  server.RaftServerConfigKeys (ConfUtils.java:logGet(43)) - raft.server.log.queue.byte-limit = 2147483647 (custom)
2019-09-26 10:05:55,337 [pool-449-thread-1] INFO  server.RaftServerConfigKeys (ConfUtils.java:logGet(43)) - raft.server.log.queue.element-limit = 1024 (custom)
2019-09-26 10:05:55,338 [pool-449-thread-1] INFO  server.RaftServerConfigKeys (ConfUtils.java:logGet(43)) - raft.server.log.segment.size.max = 1048576 (custom)
2019-09-26 10:05:55,338 [pool-449-thread-1] INFO  server.RaftServerConfigKeys (ConfUtils.java:logGet(43)) - raft.server.log.preallocated.size = 16384 (custom)
2019-09-26 10:05:55,338 [pool-449-thread-1] INFO  server.RaftServerConfigKeys (ConfUtils.java:logGet(43)) - raft.server.log.write.buffer.size = 33554432 (custom)
2019-09-26 10:05:55,338 [pool-449-thread-1] INFO  server.RaftServerConfigKeys (ConfUtils.java:logGet(43)) - raft.server.log.force.sync.num = 128 (default)
2019-09-26 10:05:55,338 [pool-449-thread-1] INFO  server.RaftServerConfigKeys (ConfUtils.java:logGet(43)) - raft.server.log.statemachine.data.sync = true (default)
2019-09-26 10:05:55,338 [pool-449-thread-1] INFO  server.RaftServerConfigKeys (ConfUtils.java:logGet(43)) - raft.server.log.statemachine.data.sync.timeout = 10s (default)
2019-09-26 10:05:55,338 [pool-449-thread-1] INFO  server.RaftServerConfigKeys (ConfUtils.java:logGet(43)) - raft.server.log.statemachine.data.sync.timeout.retry = -1 (default)
2019-09-26 10:05:55,338 [pool-449-thread-1] INFO  server.RaftServerConfigKeys (ConfUtils.java:logGet(43)) - raft.server.log.statemachine.data.caching.enabled = true (custom)
2019-09-26 10:05:55,338 [pool-449-thread-1] INFO  segmented.SegmentedRaftLogWorker (SegmentedRaftLogWorker.java:lambda$new$0(132)) - 583d69a3-91a3-48b1-b57b-32c881e6a62a@group-147F68B3880E-SegmentedRaftLogWorker: flushIndex: setUnconditionally 0 -> -1
2019-09-26 10:05:55,339 [pool-449-thread-1] INFO  server.RaftServerConfigKeys (ConfUtils.java:logGet(43)) - raft.server.snapshot.auto.trigger.enabled = true (custom)
2019-09-26 10:05:55,339 [pool-449-thread-1] INFO  server.RaftServerConfigKeys (ConfUtils.java:logGet(43)) - raft.server.snapshot.auto.trigger.threshold = 10000 (custom)
2019-09-26 10:05:55,339 [pool-449-thread-1] INFO  server.RaftServerConfigKeys (ConfUtils.java:logGet(43)) - raft.server.snapshot.retention.num.files = 5 (custom)
2019-09-26 10:05:55,339 [pool-449-thread-1] INFO  server.RaftServerConfigKeys (ConfUtils.java:logGet(43)) - raft.server.retrycache.expirytime = 600000ms (custom)
2019-09-26 10:05:55,340 [pool-449-thread-1] INFO  impl.RaftServerImpl (RaftServerImpl.java:start(185)) - 583d69a3-91a3-48b1-b57b-32c881e6a62a@group-147F68B3880E: start as a follower, conf=-1: [583d69a3-91a3-48b1-b57b-32c881e6a62a:192.168.30.13:44038], old=null
2019-09-26 10:05:55,340 [pool-449-thread-1] INFO  impl.RaftServerImpl (RaftServerImpl.java:setRole(174)) - 583d69a3-91a3-48b1-b57b-32c881e6a62a@group-147F68B3880E: changes role from      null to FOLLOWER at term 0 for startAsFollower
2019-09-26 10:05:55,340 [pool-449-thread-1] INFO  impl.RoleInfo (RoleInfo.java:updateAndGet(143)) - 583d69a3-91a3-48b1-b57b-32c881e6a62a: start FollowerState
2019-09-26 10:05:55,341 [pool-449-thread-1] INFO  util.JmxRegister (JmxRegister.java:tryRegister(44)) - Successfully registered JMX Bean with object name Ratis:service=RaftServer,group=group-147F68B3880E,id=583d69a3-91a3-48b1-b57b-32c881e6a62a
2019-09-26 10:05:55,343 [RatisPipelineUtilsThread] INFO  pipeline.PipelineStateManager (PipelineStateManager.java:addPipeline(56)) - Created pipeline Pipeline[ Id: 8a249c86-c952-45b7-b828-147f68b3880e, Nodes: 583d69a3-91a3-48b1-b57b-32c881e6a62a{ip: 192.168.30.13, host: pr-hdds-1569-wvzgm-824869521, networkLocation: /default-rack, certSerialId: null}, Type:RATIS, Factor:ONE, State:OPEN]
2019-09-26 10:05:55,343 [RatisPipelineUtilsThread] INFO  pipeline.PipelinePlacementPolicy (PipelinePlacementPolicy.java:meetCriteria(91)) - Pipeline Placement: can't place more pipeline on heavy datanode： 72f743f9-1e0e-4345-96f1-9a3a34c18cec Heaviness: 6 limit: 5
2019-09-26 10:05:55,343 [RatisPipelineUtilsThread] INFO  pipeline.PipelinePlacementPolicy (PipelinePlacementPolicy.java:meetCriteria(91)) - Pipeline Placement: can't place more pipeline on heavy datanode： db227204-214e-44d9-8d16-8c4813e40a58 Heaviness: 6 limit: 5
2019-09-26 10:05:55,343 [RatisPipelineUtilsThread] INFO  pipeline.PipelinePlacementPolicy (PipelinePlacementPolicy.java:meetCriteria(91)) - Pipeline Placement: can't place more pipeline on heavy datanode： 78fc6c82-4831-4601-bfbf-c281d6d238b7 Heaviness: 6 limit: 5
2019-09-26 10:05:55,343 [RatisPipelineUtilsThread] INFO  pipeline.PipelinePlacementPolicy (PipelinePlacementPolicy.java:meetCriteria(91)) - Pipeline Placement: can't place more pipeline on heavy datanode： 830a81b3-f833-43ed-8e64-f2525410bb9b Heaviness: 6 limit: 5
2019-09-26 10:05:55,352 [grpc-default-executor-1] INFO  impl.RaftServerProxy (RaftServerProxy.java:addNew(89)) - c48e9c41-2800-44a2-9011-d3474aeafd5c: addNew group-1FF218C2B17F:[c48e9c41-2800-44a2-9011-d3474aeafd5c:192.168.30.13:36994] returns group-1FF218C2B17F:java.util.concurrent.CompletableFuture@6a6d43c9[Not completed]
2019-09-26 10:05:55,353 [pool-469-thread-1] INFO  impl.RaftServerImpl (RaftServerImpl.java:<init>(95)) - c48e9c41-2800-44a2-9011-d3474aeafd5c: new RaftServerImpl for group-1FF218C2B17F:[c48e9c41-2800-44a2-9011-d3474aeafd5c:192.168.30.13:36994] with ContainerStateMachine:uninitialized
2019-09-26 10:05:55,353 [pool-469-thread-1] INFO  server.RaftServerConfigKeys (ConfUtils.java:logGet(43)) - raft.server.rpc.timeout.min = 5s (custom)
2019-09-26 10:05:55,353 [pool-469-thread-1] INFO  server.RaftServerConfigKeys (ConfUtils.java:logGet(43)) - raft.server.rpc.timeout.max = 5200ms (custom)
2019-09-26 10:05:55,353 [pool-469-thread-1] INFO  server.RaftServerConfigKeys (ConfUtils.java:logGet(43)) - raft.server.rpcslowness.timeout = 120s (custom)
2019-09-26 10:05:55,353 [pool-469-thread-1] INFO  server.RaftServerConfigKeys (ConfUtils.java:logGet(43)) - raft.server.sleep.deviation.threshold = 300 (default)
2019-09-26 10:05:55,353 [pool-469-thread-1] INFO  server.RaftServerConfigKeys (ConfUtils.java:logGet(43)) - raft.server.log.appender.install.snapshot.enabled = false (custom)
2019-09-26 10:05:55,354 [pool-469-thread-1] INFO  impl.RaftServerImpl (ServerState.java:<init>(103)) - c48e9c41-2800-44a2-9011-d3474aeafd5c@group-1FF218C2B17F: ConfigurationManager, init=-1: [c48e9c41-2800-44a2-9011-d3474aeafd5c:192.168.30.13:36994], old=null, confs=<EMPTY_MAP>
2019-09-26 10:05:55,354 [pool-469-thread-1] INFO  server.RaftServerConfigKeys (ConfUtils.java:logGet(43)) - raft.server.storage.dir = [/workdir/hadoop-ozone/integration-test/target/test-dir/MiniOzoneClusterImpl-6f19b49f-1ba0-4037-80e1-640204793d9e/datanode-6/data/ratis] (custom)
2019-09-26 10:05:55,354 [pool-469-thread-1] INFO  storage.RaftStorageDirectory (RaftStorageDirectory.java:analyzeStorage(246)) - The storage directory /workdir/hadoop-ozone/integration-test/target/test-dir/MiniOzoneClusterImpl-6f19b49f-1ba0-4037-80e1-640204793d9e/datanode-6/data/ratis/58073bd2-27e3-45fe-9eef-1ff218c2b17f does not exist. Creating ...
2019-09-26 10:05:55,367 [pool-469-thread-1] INFO  storage.RaftStorageDirectory (RaftStorageDirectory.java:tryLock(328)) - Lock on /workdir/hadoop-ozone/integration-test/target/test-dir/MiniOzoneClusterImpl-6f19b49f-1ba0-4037-80e1-640204793d9e/datanode-6/data/ratis/58073bd2-27e3-45fe-9eef-1ff218c2b17f/in_use.lock acquired by nodename 19604@pr-hdds-1569-wvzgm-824869521
2019-09-26 10:05:55,379 [pool-469-thread-1] INFO  storage.RaftStorage (RaftStorage.java:format(72)) - Storage directory /workdir/hadoop-ozone/integration-test/target/test-dir/MiniOzoneClusterImpl-6f19b49f-1ba0-4037-80e1-640204793d9e/datanode-6/data/ratis/58073bd2-27e3-45fe-9eef-1ff218c2b17f has been successfully formatted.
2019-09-26 10:05:55,379 [pool-469-thread-1] INFO  ratis.ContainerStateMachine (ContainerStateMachine.java:loadSnapshot(230)) - group-1FF218C2B17F: The snapshot info is null. Setting the last applied indexto:(t:0, i:~)
2019-09-26 10:05:55,379 [pool-469-thread-1] INFO  server.RaftServerConfigKeys (ConfUtils.java:logGet(43)) - raft.server.notification.no-leader.timeout = 120s (custom)
2019-09-26 10:05:55,379 [pool-469-thread-1] INFO  server.RaftServerConfigKeys (ConfUtils.java:logGet(43)) - raft.server.log.use.memory = false (default)
2019-09-26 10:05:55,380 [pool-469-thread-1] INFO  server.RaftServerConfigKeys (ConfUtils.java:logGet(43)) - raft.server.log.purge.gap = 1000000 (custom)
2019-09-26 10:05:55,380 [pool-469-thread-1] INFO  server.RaftServerConfigKeys (ConfUtils.java:logGet(43)) - raft.server.log.appender.buffer.byte-limit = 33554432 (custom)
2019-09-26 10:05:55,380 [pool-469-thread-1] INFO  server.RaftServerConfigKeys (ConfUtils.java:logGet(43)) - raft.server.log.segment.size.max = 1048576 (custom)
2019-09-26 10:05:55,380 [pool-469-thread-1] INFO  server.RaftServerConfigKeys (ConfUtils.java:logGet(43)) - raft.server.log.segment.cache.num.max = 2 (custom)
2019-09-26 10:05:55,380 [pool-469-thread-1] INFO  segmented.SegmentedRaftLogWorker (SegmentedRaftLogWorker.java:<init>(172)) - new c48e9c41-2800-44a2-9011-d3474aeafd5c@group-1FF218C2B17F-SegmentedRaftLogWorker for RaftStorage:Storage Directory /workdir/hadoop-ozone/integration-test/target/test-dir/MiniOzoneClusterImpl-6f19b49f-1ba0-4037-80e1-640204793d9e/datanode-6/data/ratis/58073bd2-27e3-45fe-9eef-1ff218c2b17f
2019-09-26 10:05:55,381 [pool-469-thread-1] INFO  server.RaftServerConfigKeys (ConfUtils.java:logGet(43)) - raft.server.log.queue.byte-limit = 2147483647 (custom)
2019-09-26 10:05:55,381 [pool-469-thread-1] INFO  server.RaftServerConfigKeys (ConfUtils.java:logGet(43)) - raft.server.log.queue.element-limit = 1024 (custom)
2019-09-26 10:05:55,382 [pool-469-thread-1] INFO  server.RaftServerConfigKeys (ConfUtils.java:logGet(43)) - raft.server.log.segment.size.max = 1048576 (custom)
2019-09-26 10:05:55,382 [pool-469-thread-1] INFO  server.RaftServerConfigKeys (ConfUtils.java:logGet(43)) - raft.server.log.preallocated.size = 16384 (custom)
2019-09-26 10:05:55,382 [pool-469-thread-1] INFO  server.RaftServerConfigKeys (ConfUtils.java:logGet(43)) - raft.server.log.write.buffer.size = 33554432 (custom)
2019-09-26 10:05:55,382 [pool-469-thread-1] INFO  server.RaftServerConfigKeys (ConfUtils.java:logGet(43)) - raft.server.log.force.sync.num = 128 (default)
2019-09-26 10:05:55,382 [pool-469-thread-1] INFO  server.RaftServerConfigKeys (ConfUtils.java:logGet(43)) - raft.server.log.statemachine.data.sync = true (default)
2019-09-26 10:05:55,382 [pool-469-thread-1] INFO  server.RaftServerConfigKeys (ConfUtils.java:logGet(43)) - raft.server.log.statemachine.data.sync.timeout = 10s (default)
2019-09-26 10:05:55,382 [pool-469-thread-1] INFO  server.RaftServerConfigKeys (ConfUtils.java:logGet(43)) - raft.server.log.statemachine.data.sync.timeout.retry = -1 (default)
2019-09-26 10:05:55,382 [pool-469-thread-1] INFO  server.RaftServerConfigKeys (ConfUtils.java:logGet(43)) - raft.server.log.statemachine.data.caching.enabled = true (custom)
2019-09-26 10:05:55,383 [pool-469-thread-1] INFO  segmented.SegmentedRaftLogWorker (SegmentedRaftLogWorker.java:lambda$new$0(132)) - c48e9c41-2800-44a2-9011-d3474aeafd5c@group-1FF218C2B17F-SegmentedRaftLogWorker: flushIndex: setUnconditionally 0 -> -1
2019-09-26 10:05:55,383 [pool-469-thread-1] INFO  server.RaftServerConfigKeys (ConfUtils.java:logGet(43)) - raft.server.snapshot.auto.trigger.enabled = true (custom)
2019-09-26 10:05:55,383 [pool-469-thread-1] INFO  server.RaftServerConfigKeys (ConfUtils.java:logGet(43)) - raft.server.snapshot.auto.trigger.threshold = 10000 (custom)
2019-09-26 10:05:55,383 [pool-469-thread-1] INFO  server.RaftServerConfigKeys (ConfUtils.java:logGet(43)) - raft.server.snapshot.retention.num.files = 5 (custom)
2019-09-26 10:05:55,383 [pool-469-thread-1] INFO  server.RaftServerConfigKeys (ConfUtils.java:logGet(43)) - raft.server.retrycache.expirytime = 600000ms (custom)
2019-09-26 10:05:55,384 [pool-469-thread-1] INFO  impl.RaftServerImpl (RaftServerImpl.java:start(185)) - c48e9c41-2800-44a2-9011-d3474aeafd5c@group-1FF218C2B17F: start as a follower, conf=-1: [c48e9c41-2800-44a2-9011-d3474aeafd5c:192.168.30.13:36994], old=null
2019-09-26 10:05:55,384 [pool-469-thread-1] INFO  impl.RaftServerImpl (RaftServerImpl.java:setRole(174)) - c48e9c41-2800-44a2-9011-d3474aeafd5c@group-1FF218C2B17F: changes role from      null to FOLLOWER at term 0 for startAsFollower
2019-09-26 10:05:55,385 [pool-469-thread-1] INFO  impl.RoleInfo (RoleInfo.java:updateAndGet(143)) - c48e9c41-2800-44a2-9011-d3474aeafd5c: start FollowerState
2019-09-26 10:05:55,385 [pool-469-thread-1] INFO  util.JmxRegister (JmxRegister.java:tryRegister(44)) - Successfully registered JMX Bean with object name Ratis:service=RaftServer,group=group-1FF218C2B17F,id=c48e9c41-2800-44a2-9011-d3474aeafd5c
2019-09-26 10:05:55,386 [RatisPipelineUtilsThread] INFO  pipeline.PipelineStateManager (PipelineStateManager.java:addPipeline(56)) - Created pipeline Pipeline[ Id: 58073bd2-27e3-45fe-9eef-1ff218c2b17f, Nodes: c48e9c41-2800-44a2-9011-d3474aeafd5c{ip: 192.168.30.13, host: pr-hdds-1569-wvzgm-824869521, networkLocation: /default-rack, certSerialId: null}, Type:RATIS, Factor:ONE, State:OPEN]
2019-09-26 10:05:55,387 [RatisPipelineUtilsThread] INFO  pipeline.PipelinePlacementPolicy (PipelinePlacementPolicy.java:meetCriteria(91)) - Pipeline Placement: can't place more pipeline on heavy datanode： 72f743f9-1e0e-4345-96f1-9a3a34c18cec Heaviness: 6 limit: 5
2019-09-26 10:05:55,387 [RatisPipelineUtilsThread] INFO  pipeline.PipelinePlacementPolicy (PipelinePlacementPolicy.java:meetCriteria(91)) - Pipeline Placement: can't place more pipeline on heavy datanode： db227204-214e-44d9-8d16-8c4813e40a58 Heaviness: 6 limit: 5
2019-09-26 10:05:55,387 [RatisPipelineUtilsThread] INFO  pipeline.PipelinePlacementPolicy (PipelinePlacementPolicy.java:meetCriteria(91)) - Pipeline Placement: can't place more pipeline on heavy datanode： 78fc6c82-4831-4601-bfbf-c281d6d238b7 Heaviness: 6 limit: 5
2019-09-26 10:05:55,387 [RatisPipelineUtilsThread] INFO  pipeline.PipelinePlacementPolicy (PipelinePlacementPolicy.java:meetCriteria(91)) - Pipeline Placement: can't place more pipeline on heavy datanode： 830a81b3-f833-43ed-8e64-f2525410bb9b Heaviness: 6 limit: 5
2019-09-26 10:05:55,388 [main] INFO  ozone.MiniOzoneClusterImpl (MiniOzoneClusterImpl.java:lambda$waitForClusterToBeReady$0(147)) - Cluster is ready. Got 7 of 7 DN Heartbeats.
2019-09-26 10:05:55,390 [grpc-default-executor-1] INFO  impl.RaftServerProxy (RaftServerProxy.java:addNew(89)) - 583d69a3-91a3-48b1-b57b-32c881e6a62a: addNew group-288C084D4CB6:[583d69a3-91a3-48b1-b57b-32c881e6a62a:192.168.30.13:44038] returns group-288C084D4CB6:java.util.concurrent.CompletableFuture@6a876154[Not completed]
2019-09-26 10:05:55,391 [pool-449-thread-1] INFO  impl.RaftServerImpl (RaftServerImpl.java:<init>(95)) - 583d69a3-91a3-48b1-b57b-32c881e6a62a: new RaftServerImpl for group-288C084D4CB6:[583d69a3-91a3-48b1-b57b-32c881e6a62a:192.168.30.13:44038] with ContainerStateMachine:uninitialized
2019-09-26 10:05:55,391 [pool-449-thread-1] INFO  server.RaftServerConfigKeys (ConfUtils.java:logGet(43)) - raft.server.rpc.timeout.min = 5s (custom)
2019-09-26 10:05:55,391 [pool-449-thread-1] INFO  server.RaftServerConfigKeys (ConfUtils.java:logGet(43)) - raft.server.rpc.timeout.max = 5200ms (custom)
2019-09-26 10:05:55,391 [pool-449-thread-1] INFO  server.RaftServerConfigKeys (ConfUtils.java:logGet(43)) - raft.server.rpcslowness.timeout = 120s (custom)
2019-09-26 10:05:55,391 [pool-449-thread-1] INFO  server.RaftServerConfigKeys (ConfUtils.java:logGet(43)) - raft.server.sleep.deviation.threshold = 300 (default)
2019-09-26 10:05:55,391 [pool-449-thread-1] INFO  server.RaftServerConfigKeys (ConfUtils.java:logGet(43)) - raft.server.log.appender.install.snapshot.enabled = false (custom)
2019-09-26 10:05:55,392 [pool-449-thread-1] INFO  impl.RaftServerImpl (ServerState.java:<init>(103)) - 583d69a3-91a3-48b1-b57b-32c881e6a62a@group-288C084D4CB6: ConfigurationManager, init=-1: [583d69a3-91a3-48b1-b57b-32c881e6a62a:192.168.30.13:44038], old=null, confs=<EMPTY_MAP>
2019-09-26 10:05:55,392 [pool-449-thread-1] INFO  server.RaftServerConfigKeys (ConfUtils.java:logGet(43)) - raft.server.storage.dir = [/workdir/hadoop-ozone/integration-test/target/test-dir/MiniOzoneClusterImpl-6f19b49f-1ba0-4037-80e1-640204793d9e/datanode-4/data/ratis] (custom)
2019-09-26 10:05:55,392 [pool-449-thread-1] INFO  storage.RaftStorageDirectory (RaftStorageDirectory.java:analyzeStorage(246)) - The storage directory /workdir/hadoop-ozone/integration-test/target/test-dir/MiniOzoneClusterImpl-6f19b49f-1ba0-4037-80e1-640204793d9e/datanode-4/data/ratis/43eba11d-925b-4f6c-acb4-288c084d4cb6 does not exist. Creating ...
2019-09-26 10:05:55,407 [pool-449-thread-1] INFO  storage.RaftStorageDirectory (RaftStorageDirectory.java:tryLock(328)) - Lock on /workdir/hadoop-ozone/integration-test/target/test-dir/MiniOzoneClusterImpl-6f19b49f-1ba0-4037-80e1-640204793d9e/datanode-4/data/ratis/43eba11d-925b-4f6c-acb4-288c084d4cb6/in_use.lock acquired by nodename 19604@pr-hdds-1569-wvzgm-824869521
2019-09-26 10:05:55,433 [pool-449-thread-1] INFO  storage.RaftStorage (RaftStorage.java:format(72)) - Storage directory /workdir/hadoop-ozone/integration-test/target/test-dir/MiniOzoneClusterImpl-6f19b49f-1ba0-4037-80e1-640204793d9e/datanode-4/data/ratis/43eba11d-925b-4f6c-acb4-288c084d4cb6 has been successfully formatted.
2019-09-26 10:05:55,434 [pool-449-thread-1] INFO  ratis.ContainerStateMachine (ContainerStateMachine.java:loadSnapshot(230)) - group-288C084D4CB6: The snapshot info is null. Setting the last applied indexto:(t:0, i:~)
2019-09-26 10:05:55,434 [pool-449-thread-1] INFO  server.RaftServerConfigKeys (ConfUtils.java:logGet(43)) - raft.server.notification.no-leader.timeout = 120s (custom)
2019-09-26 10:05:55,434 [pool-449-thread-1] INFO  server.RaftServerConfigKeys (ConfUtils.java:logGet(43)) - raft.server.log.use.memory = false (default)
2019-09-26 10:05:55,434 [pool-449-thread-1] INFO  server.RaftServerConfigKeys (ConfUtils.java:logGet(43)) - raft.server.log.purge.gap = 1000000 (custom)
2019-09-26 10:05:55,434 [pool-449-thread-1] INFO  server.RaftServerConfigKeys (ConfUtils.java:logGet(43)) - raft.server.log.appender.buffer.byte-limit = 33554432 (custom)
2019-09-26 10:05:55,434 [pool-449-thread-1] INFO  server.RaftServerConfigKeys (ConfUtils.java:logGet(43)) - raft.server.log.segment.size.max = 1048576 (custom)
2019-09-26 10:05:55,435 [pool-449-thread-1] INFO  server.RaftServerConfigKeys (ConfUtils.java:logGet(43)) - raft.server.log.segment.cache.num.max = 2 (custom)
2019-09-26 10:05:55,435 [pool-449-thread-1] INFO  segmented.SegmentedRaftLogWorker (SegmentedRaftLogWorker.java:<init>(172)) - new 583d69a3-91a3-48b1-b57b-32c881e6a62a@group-288C084D4CB6-SegmentedRaftLogWorker for RaftStorage:Storage Directory /workdir/hadoop-ozone/integration-test/target/test-dir/MiniOzoneClusterImpl-6f19b49f-1ba0-4037-80e1-640204793d9e/datanode-4/data/ratis/43eba11d-925b-4f6c-acb4-288c084d4cb6
2019-09-26 10:05:55,435 [pool-449-thread-1] INFO  server.RaftServerConfigKeys (ConfUtils.java:logGet(43)) - raft.server.log.queue.byte-limit = 2147483647 (custom)
2019-09-26 10:05:55,435 [pool-449-thread-1] INFO  server.RaftServerConfigKeys (ConfUtils.java:logGet(43)) - raft.server.log.queue.element-limit = 1024 (custom)
2019-09-26 10:05:55,435 [pool-449-thread-1] INFO  server.RaftServerConfigKeys (ConfUtils.java:logGet(43)) - raft.server.log.segment.size.max = 1048576 (custom)
2019-09-26 10:05:55,435 [pool-449-thread-1] INFO  server.RaftServerConfigKeys (ConfUtils.java:logGet(43)) - raft.server.log.preallocated.size = 16384 (custom)
2019-09-26 10:05:55,435 [pool-449-thread-1] INFO  server.RaftServerConfigKeys (ConfUtils.java:logGet(43)) - raft.server.log.write.buffer.size = 33554432 (custom)
2019-09-26 10:05:55,436 [pool-449-thread-1] INFO  server.RaftServerConfigKeys (ConfUtils.java:logGet(43)) - raft.server.log.force.sync.num = 128 (default)
2019-09-26 10:05:55,436 [pool-449-thread-1] INFO  server.RaftServerConfigKeys (ConfUtils.java:logGet(43)) - raft.server.log.statemachine.data.sync = true (default)
2019-09-26 10:05:55,436 [pool-449-thread-1] INFO  server.RaftServerConfigKeys (ConfUtils.java:logGet(43)) - raft.server.log.statemachine.data.sync.timeout = 10s (default)
2019-09-26 10:05:55,436 [pool-449-thread-1] INFO  server.RaftServerConfigKeys (ConfUtils.java:logGet(43)) - raft.server.log.statemachine.data.sync.timeout.retry = -1 (default)
2019-09-26 10:05:55,436 [pool-449-thread-1] INFO  server.RaftServerConfigKeys (ConfUtils.java:logGet(43)) - raft.server.log.statemachine.data.caching.enabled = true (custom)
2019-09-26 10:05:55,439 [pool-449-thread-1] INFO  segmented.SegmentedRaftLogWorker (SegmentedRaftLogWorker.java:lambda$new$0(132)) - 583d69a3-91a3-48b1-b57b-32c881e6a62a@group-288C084D4CB6-SegmentedRaftLogWorker: flushIndex: setUnconditionally 0 -> -1
2019-09-26 10:05:55,440 [pool-449-thread-1] INFO  server.RaftServerConfigKeys (ConfUtils.java:logGet(43)) - raft.server.snapshot.auto.trigger.enabled = true (custom)
2019-09-26 10:05:55,440 [pool-449-thread-1] INFO  server.RaftServerConfigKeys (ConfUtils.java:logGet(43)) - raft.server.snapshot.auto.trigger.threshold = 10000 (custom)
2019-09-26 10:05:55,440 [pool-449-thread-1] INFO  server.RaftServerConfigKeys (ConfUtils.java:logGet(43)) - raft.server.snapshot.retention.num.files = 5 (custom)
2019-09-26 10:05:55,440 [pool-449-thread-1] INFO  server.RaftServerConfigKeys (ConfUtils.java:logGet(43)) - raft.server.retrycache.expirytime = 600000ms (custom)
2019-09-26 10:05:55,441 [pool-449-thread-1] INFO  impl.RaftServerImpl (RaftServerImpl.java:start(185)) - 583d69a3-91a3-48b1-b57b-32c881e6a62a@group-288C084D4CB6: start as a follower, conf=-1: [583d69a3-91a3-48b1-b57b-32c881e6a62a:192.168.30.13:44038], old=null
2019-09-26 10:05:55,442 [pool-449-thread-1] INFO  impl.RaftServerImpl (RaftServerImpl.java:setRole(174)) - 583d69a3-91a3-48b1-b57b-32c881e6a62a@group-288C084D4CB6: changes role from      null to FOLLOWER at term 0 for startAsFollower
2019-09-26 10:05:55,442 [main] INFO  rpc.RpcClient (RpcClient.java:createVolume(276)) - Creating Volume: testblockoutputstream, with jenkins1000 as owner.
2019-09-26 10:05:55,442 [pool-449-thread-1] INFO  impl.RoleInfo (RoleInfo.java:updateAndGet(143)) - 583d69a3-91a3-48b1-b57b-32c881e6a62a: start FollowerState
2019-09-26 10:05:55,442 [pool-449-thread-1] INFO  util.JmxRegister (JmxRegister.java:tryRegister(44)) - Successfully registered JMX Bean with object name Ratis:service=RaftServer,group=group-288C084D4CB6,id=583d69a3-91a3-48b1-b57b-32c881e6a62a
2019-09-26 10:05:55,444 [RatisPipelineUtilsThread] INFO  pipeline.PipelineStateManager (PipelineStateManager.java:addPipeline(56)) - Created pipeline Pipeline[ Id: 43eba11d-925b-4f6c-acb4-288c084d4cb6, Nodes: 583d69a3-91a3-48b1-b57b-32c881e6a62a{ip: 192.168.30.13, host: pr-hdds-1569-wvzgm-824869521, networkLocation: /default-rack, certSerialId: null}, Type:RATIS, Factor:ONE, State:OPEN]
2019-09-26 10:05:55,444 [RatisPipelineUtilsThread] INFO  pipeline.PipelinePlacementPolicy (PipelinePlacementPolicy.java:meetCriteria(91)) - Pipeline Placement: can't place more pipeline on heavy datanode： 72f743f9-1e0e-4345-96f1-9a3a34c18cec Heaviness: 6 limit: 5
2019-09-26 10:05:55,444 [RatisPipelineUtilsThread] INFO  pipeline.PipelinePlacementPolicy (PipelinePlacementPolicy.java:meetCriteria(91)) - Pipeline Placement: can't place more pipeline on heavy datanode： db227204-214e-44d9-8d16-8c4813e40a58 Heaviness: 6 limit: 5
2019-09-26 10:05:55,445 [RatisPipelineUtilsThread] INFO  pipeline.PipelinePlacementPolicy (PipelinePlacementPolicy.java:meetCriteria(91)) - Pipeline Placement: can't place more pipeline on heavy datanode： 583d69a3-91a3-48b1-b57b-32c881e6a62a Heaviness: 6 limit: 5
2019-09-26 10:05:55,445 [RatisPipelineUtilsThread] INFO  pipeline.PipelinePlacementPolicy (PipelinePlacementPolicy.java:meetCriteria(91)) - Pipeline Placement: can't place more pipeline on heavy datanode： 78fc6c82-4831-4601-bfbf-c281d6d238b7 Heaviness: 6 limit: 5
2019-09-26 10:05:55,445 [RatisPipelineUtilsThread] INFO  pipeline.PipelinePlacementPolicy (PipelinePlacementPolicy.java:meetCriteria(91)) - Pipeline Placement: can't place more pipeline on heavy datanode： 830a81b3-f833-43ed-8e64-f2525410bb9b Heaviness: 6 limit: 5
2019-09-26 10:05:55,446 [IPC Server handler 0 on 45402] INFO  volume.OMVolumeCreateRequest (OMVolumeCreateRequest.java:validateAndUpdateCache(189)) - created volume:testblockoutputstream for user:jenkins1000
2019-09-26 10:05:55,464 [grpc-default-executor-1] INFO  impl.RaftServerProxy (RaftServerProxy.java:addNew(89)) - c48e9c41-2800-44a2-9011-d3474aeafd5c: addNew group-8F5E0ECB4CCF:[c48e9c41-2800-44a2-9011-d3474aeafd5c:192.168.30.13:36994] returns group-8F5E0ECB4CCF:java.util.concurrent.CompletableFuture@2025df9f[Not completed]
2019-09-26 10:05:55,465 [pool-469-thread-1] INFO  impl.RaftServerImpl (RaftServerImpl.java:<init>(95)) - c48e9c41-2800-44a2-9011-d3474aeafd5c: new RaftServerImpl for group-8F5E0ECB4CCF:[c48e9c41-2800-44a2-9011-d3474aeafd5c:192.168.30.13:36994] with ContainerStateMachine:uninitialized
2019-09-26 10:05:55,465 [pool-469-thread-1] INFO  server.RaftServerConfigKeys (ConfUtils.java:logGet(43)) - raft.server.rpc.timeout.min = 5s (custom)
2019-09-26 10:05:55,465 [main] INFO  rpc.RpcClient (RpcClient.java:createBucket(415)) - Creating Bucket: testblockoutputstream/testblockoutputstream, with Versioning false and Storage Type set to DISK and Encryption set to false 
2019-09-26 10:05:55,465 [pool-469-thread-1] INFO  server.RaftServerConfigKeys (ConfUtils.java:logGet(43)) - raft.server.rpc.timeout.max = 5200ms (custom)
2019-09-26 10:05:55,465 [pool-469-thread-1] INFO  server.RaftServerConfigKeys (ConfUtils.java:logGet(43)) - raft.server.rpcslowness.timeout = 120s (custom)
2019-09-26 10:05:55,465 [pool-469-thread-1] INFO  server.RaftServerConfigKeys (ConfUtils.java:logGet(43)) - raft.server.sleep.deviation.threshold = 300 (default)
2019-09-26 10:05:55,466 [pool-469-thread-1] INFO  server.RaftServerConfigKeys (ConfUtils.java:logGet(43)) - raft.server.log.appender.install.snapshot.enabled = false (custom)
2019-09-26 10:05:55,466 [pool-469-thread-1] INFO  impl.RaftServerImpl (ServerState.java:<init>(103)) - c48e9c41-2800-44a2-9011-d3474aeafd5c@group-8F5E0ECB4CCF: ConfigurationManager, init=-1: [c48e9c41-2800-44a2-9011-d3474aeafd5c:192.168.30.13:36994], old=null, confs=<EMPTY_MAP>
2019-09-26 10:05:55,466 [pool-469-thread-1] INFO  server.RaftServerConfigKeys (ConfUtils.java:logGet(43)) - raft.server.storage.dir = [/workdir/hadoop-ozone/integration-test/target/test-dir/MiniOzoneClusterImpl-6f19b49f-1ba0-4037-80e1-640204793d9e/datanode-6/data/ratis] (custom)
2019-09-26 10:05:55,466 [pool-469-thread-1] INFO  storage.RaftStorageDirectory (RaftStorageDirectory.java:analyzeStorage(246)) - The storage directory /workdir/hadoop-ozone/integration-test/target/test-dir/MiniOzoneClusterImpl-6f19b49f-1ba0-4037-80e1-640204793d9e/datanode-6/data/ratis/107d699f-1be6-41b1-9e17-8f5e0ecb4ccf does not exist. Creating ...
2019-09-26 10:05:55,494 [pool-469-thread-1] INFO  storage.RaftStorageDirectory (RaftStorageDirectory.java:tryLock(328)) - Lock on /workdir/hadoop-ozone/integration-test/target/test-dir/MiniOzoneClusterImpl-6f19b49f-1ba0-4037-80e1-640204793d9e/datanode-6/data/ratis/107d699f-1be6-41b1-9e17-8f5e0ecb4ccf/in_use.lock acquired by nodename 19604@pr-hdds-1569-wvzgm-824869521
2019-09-26 10:05:55,506 [pool-469-thread-1] INFO  storage.RaftStorage (RaftStorage.java:format(72)) - Storage directory /workdir/hadoop-ozone/integration-test/target/test-dir/MiniOzoneClusterImpl-6f19b49f-1ba0-4037-80e1-640204793d9e/datanode-6/data/ratis/107d699f-1be6-41b1-9e17-8f5e0ecb4ccf has been successfully formatted.
2019-09-26 10:05:55,506 [pool-469-thread-1] INFO  ratis.ContainerStateMachine (ContainerStateMachine.java:loadSnapshot(230)) - group-8F5E0ECB4CCF: The snapshot info is null. Setting the last applied indexto:(t:0, i:~)
2019-09-26 10:05:55,506 [pool-469-thread-1] INFO  server.RaftServerConfigKeys (ConfUtils.java:logGet(43)) - raft.server.notification.no-leader.timeout = 120s (custom)
2019-09-26 10:05:55,506 [pool-469-thread-1] INFO  server.RaftServerConfigKeys (ConfUtils.java:logGet(43)) - raft.server.log.use.memory = false (default)
2019-09-26 10:05:55,506 [pool-469-thread-1] INFO  server.RaftServerConfigKeys (ConfUtils.java:logGet(43)) - raft.server.log.purge.gap = 1000000 (custom)
2019-09-26 10:05:55,506 [pool-469-thread-1] INFO  server.RaftServerConfigKeys (ConfUtils.java:logGet(43)) - raft.server.log.appender.buffer.byte-limit = 33554432 (custom)
2019-09-26 10:05:55,507 [pool-469-thread-1] INFO  server.RaftServerConfigKeys (ConfUtils.java:logGet(43)) - raft.server.log.segment.size.max = 1048576 (custom)
2019-09-26 10:05:55,507 [pool-469-thread-1] INFO  server.RaftServerConfigKeys (ConfUtils.java:logGet(43)) - raft.server.log.segment.cache.num.max = 2 (custom)
2019-09-26 10:05:55,507 [pool-469-thread-1] INFO  segmented.SegmentedRaftLogWorker (SegmentedRaftLogWorker.java:<init>(172)) - new c48e9c41-2800-44a2-9011-d3474aeafd5c@group-8F5E0ECB4CCF-SegmentedRaftLogWorker for RaftStorage:Storage Directory /workdir/hadoop-ozone/integration-test/target/test-dir/MiniOzoneClusterImpl-6f19b49f-1ba0-4037-80e1-640204793d9e/datanode-6/data/ratis/107d699f-1be6-41b1-9e17-8f5e0ecb4ccf
2019-09-26 10:05:55,507 [pool-469-thread-1] INFO  server.RaftServerConfigKeys (ConfUtils.java:logGet(43)) - raft.server.log.queue.byte-limit = 2147483647 (custom)
2019-09-26 10:05:55,507 [pool-469-thread-1] INFO  server.RaftServerConfigKeys (ConfUtils.java:logGet(43)) - raft.server.log.queue.element-limit = 1024 (custom)
2019-09-26 10:05:55,507 [pool-469-thread-1] INFO  server.RaftServerConfigKeys (ConfUtils.java:logGet(43)) - raft.server.log.segment.size.max = 1048576 (custom)
2019-09-26 10:05:55,507 [pool-469-thread-1] INFO  server.RaftServerConfigKeys (ConfUtils.java:logGet(43)) - raft.server.log.preallocated.size = 16384 (custom)
2019-09-26 10:05:55,507 [pool-469-thread-1] INFO  server.RaftServerConfigKeys (ConfUtils.java:logGet(43)) - raft.server.log.write.buffer.size = 33554432 (custom)
2019-09-26 10:05:55,507 [pool-469-thread-1] INFO  server.RaftServerConfigKeys (ConfUtils.java:logGet(43)) - raft.server.log.force.sync.num = 128 (default)
2019-09-26 10:05:55,508 [pool-469-thread-1] INFO  server.RaftServerConfigKeys (ConfUtils.java:logGet(43)) - raft.server.log.statemachine.data.sync = true (default)
2019-09-26 10:05:55,508 [pool-469-thread-1] INFO  server.RaftServerConfigKeys (ConfUtils.java:logGet(43)) - raft.server.log.statemachine.data.sync.timeout = 10s (default)
2019-09-26 10:05:55,508 [pool-469-thread-1] INFO  server.RaftServerConfigKeys (ConfUtils.java:logGet(43)) - raft.server.log.statemachine.data.sync.timeout.retry = -1 (default)
2019-09-26 10:05:55,508 [pool-469-thread-1] INFO  server.RaftServerConfigKeys (ConfUtils.java:logGet(43)) - raft.server.log.statemachine.data.caching.enabled = true (custom)
2019-09-26 10:05:55,508 [pool-469-thread-1] INFO  segmented.SegmentedRaftLogWorker (SegmentedRaftLogWorker.java:lambda$new$0(132)) - c48e9c41-2800-44a2-9011-d3474aeafd5c@group-8F5E0ECB4CCF-SegmentedRaftLogWorker: flushIndex: setUnconditionally 0 -> -1
2019-09-26 10:05:55,508 [pool-469-thread-1] INFO  server.RaftServerConfigKeys (ConfUtils.java:logGet(43)) - raft.server.snapshot.auto.trigger.enabled = true (custom)
2019-09-26 10:05:55,508 [pool-469-thread-1] INFO  server.RaftServerConfigKeys (ConfUtils.java:logGet(43)) - raft.server.snapshot.auto.trigger.threshold = 10000 (custom)
2019-09-26 10:05:55,508 [pool-469-thread-1] INFO  server.RaftServerConfigKeys (ConfUtils.java:logGet(43)) - raft.server.snapshot.retention.num.files = 5 (custom)
2019-09-26 10:05:55,509 [pool-469-thread-1] INFO  server.RaftServerConfigKeys (ConfUtils.java:logGet(43)) - raft.server.retrycache.expirytime = 600000ms (custom)
2019-09-26 10:05:55,510 [pool-469-thread-1] INFO  impl.RaftServerImpl (RaftServerImpl.java:start(185)) - c48e9c41-2800-44a2-9011-d3474aeafd5c@group-8F5E0ECB4CCF: start as a follower, conf=-1: [c48e9c41-2800-44a2-9011-d3474aeafd5c:192.168.30.13:36994], old=null
2019-09-26 10:05:55,510 [pool-469-thread-1] INFO  impl.RaftServerImpl (RaftServerImpl.java:setRole(174)) - c48e9c41-2800-44a2-9011-d3474aeafd5c@group-8F5E0ECB4CCF: changes role from      null to FOLLOWER at term 0 for startAsFollower
2019-09-26 10:05:55,510 [pool-469-thread-1] INFO  impl.RoleInfo (RoleInfo.java:updateAndGet(143)) - c48e9c41-2800-44a2-9011-d3474aeafd5c: start FollowerState
2019-09-26 10:05:55,510 [pool-469-thread-1] INFO  util.JmxRegister (JmxRegister.java:tryRegister(44)) - Successfully registered JMX Bean with object name Ratis:service=RaftServer,group=group-8F5E0ECB4CCF,id=c48e9c41-2800-44a2-9011-d3474aeafd5c
2019-09-26 10:05:55,512 [RatisPipelineUtilsThread] INFO  pipeline.PipelineStateManager (PipelineStateManager.java:addPipeline(56)) - Created pipeline Pipeline[ Id: 107d699f-1be6-41b1-9e17-8f5e0ecb4ccf, Nodes: c48e9c41-2800-44a2-9011-d3474aeafd5c{ip: 192.168.30.13, host: pr-hdds-1569-wvzgm-824869521, networkLocation: /default-rack, certSerialId: null}, Type:RATIS, Factor:ONE, State:OPEN]
2019-09-26 10:05:55,512 [RatisPipelineUtilsThread] INFO  pipeline.PipelinePlacementPolicy (PipelinePlacementPolicy.java:meetCriteria(91)) - Pipeline Placement: can't place more pipeline on heavy datanode： 72f743f9-1e0e-4345-96f1-9a3a34c18cec Heaviness: 6 limit: 5
2019-09-26 10:05:55,512 [RatisPipelineUtilsThread] INFO  pipeline.PipelinePlacementPolicy (PipelinePlacementPolicy.java:meetCriteria(91)) - Pipeline Placement: can't place more pipeline on heavy datanode： db227204-214e-44d9-8d16-8c4813e40a58 Heaviness: 6 limit: 5
2019-09-26 10:05:55,513 [RatisPipelineUtilsThread] INFO  pipeline.PipelinePlacementPolicy (PipelinePlacementPolicy.java:meetCriteria(91)) - Pipeline Placement: can't place more pipeline on heavy datanode： 583d69a3-91a3-48b1-b57b-32c881e6a62a Heaviness: 6 limit: 5
2019-09-26 10:05:55,513 [RatisPipelineUtilsThread] INFO  pipeline.PipelinePlacementPolicy (PipelinePlacementPolicy.java:meetCriteria(91)) - Pipeline Placement: can't place more pipeline on heavy datanode： 78fc6c82-4831-4601-bfbf-c281d6d238b7 Heaviness: 6 limit: 5
2019-09-26 10:05:55,513 [RatisPipelineUtilsThread] INFO  pipeline.PipelinePlacementPolicy (PipelinePlacementPolicy.java:meetCriteria(91)) - Pipeline Placement: can't place more pipeline on heavy datanode： 830a81b3-f833-43ed-8e64-f2525410bb9b Heaviness: 6 limit: 5
2019-09-26 10:05:55,516 [grpc-default-executor-1] INFO  impl.RaftServerProxy (RaftServerProxy.java:addNew(89)) - 9c78032f-eba8-46d0-8c4d-d82b43c60fb9: addNew group-DD2DE94DD6D4:[9c78032f-eba8-46d0-8c4d-d82b43c60fb9:192.168.30.13:33303] returns group-DD2DE94DD6D4:java.util.concurrent.CompletableFuture@1daff526[Not completed]
2019-09-26 10:05:55,517 [pool-459-thread-1] INFO  impl.RaftServerImpl (RaftServerImpl.java:<init>(95)) - 9c78032f-eba8-46d0-8c4d-d82b43c60fb9: new RaftServerImpl for group-DD2DE94DD6D4:[9c78032f-eba8-46d0-8c4d-d82b43c60fb9:192.168.30.13:33303] with ContainerStateMachine:uninitialized
2019-09-26 10:05:55,517 [pool-459-thread-1] INFO  server.RaftServerConfigKeys (ConfUtils.java:logGet(43)) - raft.server.rpc.timeout.min = 5s (custom)
2019-09-26 10:05:55,517 [pool-459-thread-1] INFO  server.RaftServerConfigKeys (ConfUtils.java:logGet(43)) - raft.server.rpc.timeout.max = 5200ms (custom)
2019-09-26 10:05:55,517 [pool-459-thread-1] INFO  server.RaftServerConfigKeys (ConfUtils.java:logGet(43)) - raft.server.rpcslowness.timeout = 120s (custom)
2019-09-26 10:05:55,517 [pool-459-thread-1] INFO  server.RaftServerConfigKeys (ConfUtils.java:logGet(43)) - raft.server.sleep.deviation.threshold = 300 (default)
2019-09-26 10:05:55,517 [pool-459-thread-1] INFO  server.RaftServerConfigKeys (ConfUtils.java:logGet(43)) - raft.server.log.appender.install.snapshot.enabled = false (custom)
2019-09-26 10:05:55,517 [pool-459-thread-1] INFO  impl.RaftServerImpl (ServerState.java:<init>(103)) - 9c78032f-eba8-46d0-8c4d-d82b43c60fb9@group-DD2DE94DD6D4: ConfigurationManager, init=-1: [9c78032f-eba8-46d0-8c4d-d82b43c60fb9:192.168.30.13:33303], old=null, confs=<EMPTY_MAP>
2019-09-26 10:05:55,518 [pool-459-thread-1] INFO  server.RaftServerConfigKeys (ConfUtils.java:logGet(43)) - raft.server.storage.dir = [/workdir/hadoop-ozone/integration-test/target/test-dir/MiniOzoneClusterImpl-6f19b49f-1ba0-4037-80e1-640204793d9e/datanode-5/data/ratis] (custom)
2019-09-26 10:05:55,518 [pool-459-thread-1] INFO  storage.RaftStorageDirectory (RaftStorageDirectory.java:analyzeStorage(246)) - The storage directory /workdir/hadoop-ozone/integration-test/target/test-dir/MiniOzoneClusterImpl-6f19b49f-1ba0-4037-80e1-640204793d9e/datanode-5/data/ratis/b36dd01a-2fe1-4961-8ab3-dd2de94dd6d4 does not exist. Creating ...
2019-09-26 10:05:55,532 [pool-459-thread-1] INFO  storage.RaftStorageDirectory (RaftStorageDirectory.java:tryLock(328)) - Lock on /workdir/hadoop-ozone/integration-test/target/test-dir/MiniOzoneClusterImpl-6f19b49f-1ba0-4037-80e1-640204793d9e/datanode-5/data/ratis/b36dd01a-2fe1-4961-8ab3-dd2de94dd6d4/in_use.lock acquired by nodename 19604@pr-hdds-1569-wvzgm-824869521
2019-09-26 10:05:55,545 [pool-459-thread-1] INFO  storage.RaftStorage (RaftStorage.java:format(72)) - Storage directory /workdir/hadoop-ozone/integration-test/target/test-dir/MiniOzoneClusterImpl-6f19b49f-1ba0-4037-80e1-640204793d9e/datanode-5/data/ratis/b36dd01a-2fe1-4961-8ab3-dd2de94dd6d4 has been successfully formatted.
2019-09-26 10:05:55,545 [pool-459-thread-1] INFO  ratis.ContainerStateMachine (ContainerStateMachine.java:loadSnapshot(230)) - group-DD2DE94DD6D4: The snapshot info is null. Setting the last applied indexto:(t:0, i:~)
2019-09-26 10:05:55,545 [pool-459-thread-1] INFO  server.RaftServerConfigKeys (ConfUtils.java:logGet(43)) - raft.server.notification.no-leader.timeout = 120s (custom)
2019-09-26 10:05:55,545 [pool-459-thread-1] INFO  server.RaftServerConfigKeys (ConfUtils.java:logGet(43)) - raft.server.log.use.memory = false (default)
2019-09-26 10:05:55,545 [pool-459-thread-1] INFO  server.RaftServerConfigKeys (ConfUtils.java:logGet(43)) - raft.server.log.purge.gap = 1000000 (custom)
2019-09-26 10:05:55,545 [pool-459-thread-1] INFO  server.RaftServerConfigKeys (ConfUtils.java:logGet(43)) - raft.server.log.appender.buffer.byte-limit = 33554432 (custom)
2019-09-26 10:05:55,546 [pool-459-thread-1] INFO  server.RaftServerConfigKeys (ConfUtils.java:logGet(43)) - raft.server.log.segment.size.max = 1048576 (custom)
2019-09-26 10:05:55,546 [pool-459-thread-1] INFO  server.RaftServerConfigKeys (ConfUtils.java:logGet(43)) - raft.server.log.segment.cache.num.max = 2 (custom)
2019-09-26 10:05:55,546 [pool-459-thread-1] INFO  segmented.SegmentedRaftLogWorker (SegmentedRaftLogWorker.java:<init>(172)) - new 9c78032f-eba8-46d0-8c4d-d82b43c60fb9@group-DD2DE94DD6D4-SegmentedRaftLogWorker for RaftStorage:Storage Directory /workdir/hadoop-ozone/integration-test/target/test-dir/MiniOzoneClusterImpl-6f19b49f-1ba0-4037-80e1-640204793d9e/datanode-5/data/ratis/b36dd01a-2fe1-4961-8ab3-dd2de94dd6d4
2019-09-26 10:05:55,546 [pool-459-thread-1] INFO  server.RaftServerConfigKeys (ConfUtils.java:logGet(43)) - raft.server.log.queue.byte-limit = 2147483647 (custom)
2019-09-26 10:05:55,546 [pool-459-thread-1] INFO  server.RaftServerConfigKeys (ConfUtils.java:logGet(43)) - raft.server.log.queue.element-limit = 1024 (custom)
2019-09-26 10:05:55,546 [pool-459-thread-1] INFO  server.RaftServerConfigKeys (ConfUtils.java:logGet(43)) - raft.server.log.segment.size.max = 1048576 (custom)
2019-09-26 10:05:55,546 [pool-459-thread-1] INFO  server.RaftServerConfigKeys (ConfUtils.java:logGet(43)) - raft.server.log.preallocated.size = 16384 (custom)
2019-09-26 10:05:55,546 [pool-459-thread-1] INFO  server.RaftServerConfigKeys (ConfUtils.java:logGet(43)) - raft.server.log.write.buffer.size = 33554432 (custom)
2019-09-26 10:05:55,546 [pool-459-thread-1] INFO  server.RaftServerConfigKeys (ConfUtils.java:logGet(43)) - raft.server.log.force.sync.num = 128 (default)
2019-09-26 10:05:55,546 [pool-459-thread-1] INFO  server.RaftServerConfigKeys (ConfUtils.java:logGet(43)) - raft.server.log.statemachine.data.sync = true (default)
2019-09-26 10:05:55,546 [pool-459-thread-1] INFO  server.RaftServerConfigKeys (ConfUtils.java:logGet(43)) - raft.server.log.statemachine.data.sync.timeout = 10s (default)
2019-09-26 10:05:55,547 [pool-459-thread-1] INFO  server.RaftServerConfigKeys (ConfUtils.java:logGet(43)) - raft.server.log.statemachine.data.sync.timeout.retry = -1 (default)
2019-09-26 10:05:55,547 [pool-459-thread-1] INFO  server.RaftServerConfigKeys (ConfUtils.java:logGet(43)) - raft.server.log.statemachine.data.caching.enabled = true (custom)
2019-09-26 10:05:55,547 [pool-459-thread-1] INFO  segmented.SegmentedRaftLogWorker (SegmentedRaftLogWorker.java:lambda$new$0(132)) - 9c78032f-eba8-46d0-8c4d-d82b43c60fb9@group-DD2DE94DD6D4-SegmentedRaftLogWorker: flushIndex: setUnconditionally 0 -> -1
2019-09-26 10:05:55,547 [pool-459-thread-1] INFO  server.RaftServerConfigKeys (ConfUtils.java:logGet(43)) - raft.server.snapshot.auto.trigger.enabled = true (custom)
2019-09-26 10:05:55,547 [pool-459-thread-1] INFO  server.RaftServerConfigKeys (ConfUtils.java:logGet(43)) - raft.server.snapshot.auto.trigger.threshold = 10000 (custom)
2019-09-26 10:05:55,547 [pool-459-thread-1] INFO  server.RaftServerConfigKeys (ConfUtils.java:logGet(43)) - raft.server.snapshot.retention.num.files = 5 (custom)
2019-09-26 10:05:55,547 [pool-459-thread-1] INFO  server.RaftServerConfigKeys (ConfUtils.java:logGet(43)) - raft.server.retrycache.expirytime = 600000ms (custom)
2019-09-26 10:05:55,549 [pool-459-thread-1] INFO  impl.RaftServerImpl (RaftServerImpl.java:start(185)) - 9c78032f-eba8-46d0-8c4d-d82b43c60fb9@group-DD2DE94DD6D4: start as a follower, conf=-1: [9c78032f-eba8-46d0-8c4d-d82b43c60fb9:192.168.30.13:33303], old=null
2019-09-26 10:05:55,549 [pool-459-thread-1] INFO  impl.RaftServerImpl (RaftServerImpl.java:setRole(174)) - 9c78032f-eba8-46d0-8c4d-d82b43c60fb9@group-DD2DE94DD6D4: changes role from      null to FOLLOWER at term 0 for startAsFollower
2019-09-26 10:05:55,549 [pool-459-thread-1] INFO  impl.RoleInfo (RoleInfo.java:updateAndGet(143)) - 9c78032f-eba8-46d0-8c4d-d82b43c60fb9: start FollowerState
2019-09-26 10:05:55,549 [pool-459-thread-1] INFO  util.JmxRegister (JmxRegister.java:tryRegister(44)) - Successfully registered JMX Bean with object name Ratis:service=RaftServer,group=group-DD2DE94DD6D4,id=9c78032f-eba8-46d0-8c4d-d82b43c60fb9
2019-09-26 10:05:55,551 [RatisPipelineUtilsThread] INFO  pipeline.PipelineStateManager (PipelineStateManager.java:addPipeline(56)) - Created pipeline Pipeline[ Id: b36dd01a-2fe1-4961-8ab3-dd2de94dd6d4, Nodes: 9c78032f-eba8-46d0-8c4d-d82b43c60fb9{ip: 192.168.30.13, host: pr-hdds-1569-wvzgm-824869521, networkLocation: /default-rack, certSerialId: null}, Type:RATIS, Factor:ONE, State:OPEN]
2019-09-26 10:05:55,552 [RatisPipelineUtilsThread] INFO  pipeline.PipelinePlacementPolicy (PipelinePlacementPolicy.java:meetCriteria(91)) - Pipeline Placement: can't place more pipeline on heavy datanode： 72f743f9-1e0e-4345-96f1-9a3a34c18cec Heaviness: 6 limit: 5
2019-09-26 10:05:55,552 [RatisPipelineUtilsThread] INFO  pipeline.PipelinePlacementPolicy (PipelinePlacementPolicy.java:meetCriteria(91)) - Pipeline Placement: can't place more pipeline on heavy datanode： db227204-214e-44d9-8d16-8c4813e40a58 Heaviness: 6 limit: 5
2019-09-26 10:05:55,552 [RatisPipelineUtilsThread] INFO  pipeline.PipelinePlacementPolicy (PipelinePlacementPolicy.java:meetCriteria(91)) - Pipeline Placement: can't place more pipeline on heavy datanode： 583d69a3-91a3-48b1-b57b-32c881e6a62a Heaviness: 6 limit: 5
2019-09-26 10:05:55,552 [RatisPipelineUtilsThread] INFO  pipeline.PipelinePlacementPolicy (PipelinePlacementPolicy.java:meetCriteria(91)) - Pipeline Placement: can't place more pipeline on heavy datanode： 78fc6c82-4831-4601-bfbf-c281d6d238b7 Heaviness: 6 limit: 5
2019-09-26 10:05:55,552 [RatisPipelineUtilsThread] INFO  pipeline.PipelinePlacementPolicy (PipelinePlacementPolicy.java:meetCriteria(91)) - Pipeline Placement: can't place more pipeline on heavy datanode： 9c78032f-eba8-46d0-8c4d-d82b43c60fb9 Heaviness: 6 limit: 5
2019-09-26 10:05:55,553 [RatisPipelineUtilsThread] INFO  pipeline.PipelinePlacementPolicy (PipelinePlacementPolicy.java:meetCriteria(91)) - Pipeline Placement: can't place more pipeline on heavy datanode： 830a81b3-f833-43ed-8e64-f2525410bb9b Heaviness: 6 limit: 5
2019-09-26 10:05:55,556 [grpc-default-executor-1] INFO  impl.RaftServerProxy (RaftServerProxy.java:addNew(89)) - c48e9c41-2800-44a2-9011-d3474aeafd5c: addNew group-FD60C31C1EBA:[c48e9c41-2800-44a2-9011-d3474aeafd5c:192.168.30.13:36994] returns group-FD60C31C1EBA:java.util.concurrent.CompletableFuture@6a14e69[Not completed]
2019-09-26 10:05:55,557 [pool-469-thread-1] INFO  impl.RaftServerImpl (RaftServerImpl.java:<init>(95)) - c48e9c41-2800-44a2-9011-d3474aeafd5c: new RaftServerImpl for group-FD60C31C1EBA:[c48e9c41-2800-44a2-9011-d3474aeafd5c:192.168.30.13:36994] with ContainerStateMachine:uninitialized
2019-09-26 10:05:55,557 [pool-469-thread-1] INFO  server.RaftServerConfigKeys (ConfUtils.java:logGet(43)) - raft.server.rpc.timeout.min = 5s (custom)
2019-09-26 10:05:55,558 [pool-469-thread-1] INFO  server.RaftServerConfigKeys (ConfUtils.java:logGet(43)) - raft.server.rpc.timeout.max = 5200ms (custom)
2019-09-26 10:05:55,558 [pool-469-thread-1] INFO  server.RaftServerConfigKeys (ConfUtils.java:logGet(43)) - raft.server.rpcslowness.timeout = 120s (custom)
2019-09-26 10:05:55,558 [pool-469-thread-1] INFO  server.RaftServerConfigKeys (ConfUtils.java:logGet(43)) - raft.server.sleep.deviation.threshold = 300 (default)
2019-09-26 10:05:55,558 [pool-469-thread-1] INFO  server.RaftServerConfigKeys (ConfUtils.java:logGet(43)) - raft.server.log.appender.install.snapshot.enabled = false (custom)
2019-09-26 10:05:55,558 [pool-469-thread-1] INFO  impl.RaftServerImpl (ServerState.java:<init>(103)) - c48e9c41-2800-44a2-9011-d3474aeafd5c@group-FD60C31C1EBA: ConfigurationManager, init=-1: [c48e9c41-2800-44a2-9011-d3474aeafd5c:192.168.30.13:36994], old=null, confs=<EMPTY_MAP>
2019-09-26 10:05:55,558 [pool-469-thread-1] INFO  server.RaftServerConfigKeys (ConfUtils.java:logGet(43)) - raft.server.storage.dir = [/workdir/hadoop-ozone/integration-test/target/test-dir/MiniOzoneClusterImpl-6f19b49f-1ba0-4037-80e1-640204793d9e/datanode-6/data/ratis] (custom)
2019-09-26 10:05:55,559 [pool-469-thread-1] INFO  storage.RaftStorageDirectory (RaftStorageDirectory.java:analyzeStorage(246)) - The storage directory /workdir/hadoop-ozone/integration-test/target/test-dir/MiniOzoneClusterImpl-6f19b49f-1ba0-4037-80e1-640204793d9e/datanode-6/data/ratis/1ea0330a-27c2-45a6-8f6c-fd60c31c1eba does not exist. Creating ...
2019-09-26 10:05:55,573 [pool-469-thread-1] INFO  storage.RaftStorageDirectory (RaftStorageDirectory.java:tryLock(328)) - Lock on /workdir/hadoop-ozone/integration-test/target/test-dir/MiniOzoneClusterImpl-6f19b49f-1ba0-4037-80e1-640204793d9e/datanode-6/data/ratis/1ea0330a-27c2-45a6-8f6c-fd60c31c1eba/in_use.lock acquired by nodename 19604@pr-hdds-1569-wvzgm-824869521
2019-09-26 10:05:55,586 [pool-469-thread-1] INFO  storage.RaftStorage (RaftStorage.java:format(72)) - Storage directory /workdir/hadoop-ozone/integration-test/target/test-dir/MiniOzoneClusterImpl-6f19b49f-1ba0-4037-80e1-640204793d9e/datanode-6/data/ratis/1ea0330a-27c2-45a6-8f6c-fd60c31c1eba has been successfully formatted.
2019-09-26 10:05:55,586 [pool-469-thread-1] INFO  ratis.ContainerStateMachine (ContainerStateMachine.java:loadSnapshot(230)) - group-FD60C31C1EBA: The snapshot info is null. Setting the last applied indexto:(t:0, i:~)
2019-09-26 10:05:55,586 [pool-469-thread-1] INFO  server.RaftServerConfigKeys (ConfUtils.java:logGet(43)) - raft.server.notification.no-leader.timeout = 120s (custom)
2019-09-26 10:05:55,586 [pool-469-thread-1] INFO  server.RaftServerConfigKeys (ConfUtils.java:logGet(43)) - raft.server.log.use.memory = false (default)
2019-09-26 10:05:55,586 [pool-469-thread-1] INFO  server.RaftServerConfigKeys (ConfUtils.java:logGet(43)) - raft.server.log.purge.gap = 1000000 (custom)
2019-09-26 10:05:55,586 [pool-469-thread-1] INFO  server.RaftServerConfigKeys (ConfUtils.java:logGet(43)) - raft.server.log.appender.buffer.byte-limit = 33554432 (custom)
2019-09-26 10:05:55,587 [pool-469-thread-1] INFO  server.RaftServerConfigKeys (ConfUtils.java:logGet(43)) - raft.server.log.segment.size.max = 1048576 (custom)
2019-09-26 10:05:55,587 [pool-469-thread-1] INFO  server.RaftServerConfigKeys (ConfUtils.java:logGet(43)) - raft.server.log.segment.cache.num.max = 2 (custom)
2019-09-26 10:05:55,587 [pool-469-thread-1] INFO  segmented.SegmentedRaftLogWorker (SegmentedRaftLogWorker.java:<init>(172)) - new c48e9c41-2800-44a2-9011-d3474aeafd5c@group-FD60C31C1EBA-SegmentedRaftLogWorker for RaftStorage:Storage Directory /workdir/hadoop-ozone/integration-test/target/test-dir/MiniOzoneClusterImpl-6f19b49f-1ba0-4037-80e1-640204793d9e/datanode-6/data/ratis/1ea0330a-27c2-45a6-8f6c-fd60c31c1eba
2019-09-26 10:05:55,587 [pool-469-thread-1] INFO  server.RaftServerConfigKeys (ConfUtils.java:logGet(43)) - raft.server.log.queue.byte-limit = 2147483647 (custom)
2019-09-26 10:05:55,587 [pool-469-thread-1] INFO  server.RaftServerConfigKeys (ConfUtils.java:logGet(43)) - raft.server.log.queue.element-limit = 1024 (custom)
2019-09-26 10:05:55,587 [pool-469-thread-1] INFO  server.RaftServerConfigKeys (ConfUtils.java:logGet(43)) - raft.server.log.segment.size.max = 1048576 (custom)
2019-09-26 10:05:55,587 [pool-469-thread-1] INFO  server.RaftServerConfigKeys (ConfUtils.java:logGet(43)) - raft.server.log.preallocated.size = 16384 (custom)
2019-09-26 10:05:55,588 [pool-469-thread-1] INFO  server.RaftServerConfigKeys (ConfUtils.java:logGet(43)) - raft.server.log.write.buffer.size = 33554432 (custom)
2019-09-26 10:05:55,588 [pool-469-thread-1] INFO  server.RaftServerConfigKeys (ConfUtils.java:logGet(43)) - raft.server.log.force.sync.num = 128 (default)
2019-09-26 10:05:55,588 [pool-469-thread-1] INFO  server.RaftServerConfigKeys (ConfUtils.java:logGet(43)) - raft.server.log.statemachine.data.sync = true (default)
2019-09-26 10:05:55,588 [pool-469-thread-1] INFO  server.RaftServerConfigKeys (ConfUtils.java:logGet(43)) - raft.server.log.statemachine.data.sync.timeout = 10s (default)
2019-09-26 10:05:55,588 [pool-469-thread-1] INFO  server.RaftServerConfigKeys (ConfUtils.java:logGet(43)) - raft.server.log.statemachine.data.sync.timeout.retry = -1 (default)
2019-09-26 10:05:55,588 [pool-469-thread-1] INFO  server.RaftServerConfigKeys (ConfUtils.java:logGet(43)) - raft.server.log.statemachine.data.caching.enabled = true (custom)
2019-09-26 10:05:55,589 [pool-469-thread-1] INFO  segmented.SegmentedRaftLogWorker (SegmentedRaftLogWorker.java:lambda$new$0(132)) - c48e9c41-2800-44a2-9011-d3474aeafd5c@group-FD60C31C1EBA-SegmentedRaftLogWorker: flushIndex: setUnconditionally 0 -> -1
2019-09-26 10:05:55,589 [pool-469-thread-1] INFO  server.RaftServerConfigKeys (ConfUtils.java:logGet(43)) - raft.server.snapshot.auto.trigger.enabled = true (custom)
2019-09-26 10:05:55,589 [pool-469-thread-1] INFO  server.RaftServerConfigKeys (ConfUtils.java:logGet(43)) - raft.server.snapshot.auto.trigger.threshold = 10000 (custom)
2019-09-26 10:05:55,589 [pool-469-thread-1] INFO  server.RaftServerConfigKeys (ConfUtils.java:logGet(43)) - raft.server.snapshot.retention.num.files = 5 (custom)
2019-09-26 10:05:55,589 [pool-469-thread-1] INFO  server.RaftServerConfigKeys (ConfUtils.java:logGet(43)) - raft.server.retrycache.expirytime = 600000ms (custom)
2019-09-26 10:05:55,591 [pool-469-thread-1] INFO  impl.RaftServerImpl (RaftServerImpl.java:start(185)) - c48e9c41-2800-44a2-9011-d3474aeafd5c@group-FD60C31C1EBA: start as a follower, conf=-1: [c48e9c41-2800-44a2-9011-d3474aeafd5c:192.168.30.13:36994], old=null
2019-09-26 10:05:55,591 [pool-469-thread-1] INFO  impl.RaftServerImpl (RaftServerImpl.java:setRole(174)) - c48e9c41-2800-44a2-9011-d3474aeafd5c@group-FD60C31C1EBA: changes role from      null to FOLLOWER at term 0 for startAsFollower
2019-09-26 10:05:55,591 [pool-469-thread-1] INFO  impl.RoleInfo (RoleInfo.java:updateAndGet(143)) - c48e9c41-2800-44a2-9011-d3474aeafd5c: start FollowerState
2019-09-26 10:05:55,591 [pool-469-thread-1] INFO  util.JmxRegister (JmxRegister.java:tryRegister(44)) - Successfully registered JMX Bean with object name Ratis:service=RaftServer,group=group-FD60C31C1EBA,id=c48e9c41-2800-44a2-9011-d3474aeafd5c
2019-09-26 10:05:55,593 [RatisPipelineUtilsThread] INFO  pipeline.PipelineStateManager (PipelineStateManager.java:addPipeline(56)) - Created pipeline Pipeline[ Id: 1ea0330a-27c2-45a6-8f6c-fd60c31c1eba, Nodes: c48e9c41-2800-44a2-9011-d3474aeafd5c{ip: 192.168.30.13, host: pr-hdds-1569-wvzgm-824869521, networkLocation: /default-rack, certSerialId: null}, Type:RATIS, Factor:ONE, State:OPEN]
2019-09-26 10:05:55,594 [RatisPipelineUtilsThread] INFO  pipeline.PipelinePlacementPolicy (PipelinePlacementPolicy.java:meetCriteria(91)) - Pipeline Placement: can't place more pipeline on heavy datanode： 72f743f9-1e0e-4345-96f1-9a3a34c18cec Heaviness: 6 limit: 5
2019-09-26 10:05:55,594 [RatisPipelineUtilsThread] INFO  pipeline.PipelinePlacementPolicy (PipelinePlacementPolicy.java:meetCriteria(91)) - Pipeline Placement: can't place more pipeline on heavy datanode： db227204-214e-44d9-8d16-8c4813e40a58 Heaviness: 6 limit: 5
2019-09-26 10:05:55,594 [RatisPipelineUtilsThread] INFO  pipeline.PipelinePlacementPolicy (PipelinePlacementPolicy.java:meetCriteria(91)) - Pipeline Placement: can't place more pipeline on heavy datanode： 583d69a3-91a3-48b1-b57b-32c881e6a62a Heaviness: 6 limit: 5
2019-09-26 10:05:55,594 [RatisPipelineUtilsThread] INFO  pipeline.PipelinePlacementPolicy (PipelinePlacementPolicy.java:meetCriteria(91)) - Pipeline Placement: can't place more pipeline on heavy datanode： 78fc6c82-4831-4601-bfbf-c281d6d238b7 Heaviness: 6 limit: 5
2019-09-26 10:05:55,594 [RatisPipelineUtilsThread] INFO  pipeline.PipelinePlacementPolicy (PipelinePlacementPolicy.java:meetCriteria(91)) - Pipeline Placement: can't place more pipeline on heavy datanode： 9c78032f-eba8-46d0-8c4d-d82b43c60fb9 Heaviness: 6 limit: 5
2019-09-26 10:05:55,594 [RatisPipelineUtilsThread] INFO  pipeline.PipelinePlacementPolicy (PipelinePlacementPolicy.java:meetCriteria(91)) - Pipeline Placement: can't place more pipeline on heavy datanode： 830a81b3-f833-43ed-8e64-f2525410bb9b Heaviness: 6 limit: 5
2019-09-26 10:05:55,598 [grpc-default-executor-1] INFO  impl.RaftServerProxy (RaftServerProxy.java:addNew(89)) - c48e9c41-2800-44a2-9011-d3474aeafd5c: addNew group-192E70CE273D:[c48e9c41-2800-44a2-9011-d3474aeafd5c:192.168.30.13:36994] returns group-192E70CE273D:java.util.concurrent.CompletableFuture@35e63dcb[Not completed]
2019-09-26 10:05:55,598 [pool-469-thread-1] INFO  impl.RaftServerImpl (RaftServerImpl.java:<init>(95)) - c48e9c41-2800-44a2-9011-d3474aeafd5c: new RaftServerImpl for group-192E70CE273D:[c48e9c41-2800-44a2-9011-d3474aeafd5c:192.168.30.13:36994] with ContainerStateMachine:uninitialized
2019-09-26 10:05:55,598 [pool-469-thread-1] INFO  server.RaftServerConfigKeys (ConfUtils.java:logGet(43)) - raft.server.rpc.timeout.min = 5s (custom)
2019-09-26 10:05:55,599 [pool-469-thread-1] INFO  server.RaftServerConfigKeys (ConfUtils.java:logGet(43)) - raft.server.rpc.timeout.max = 5200ms (custom)
2019-09-26 10:05:55,599 [pool-469-thread-1] INFO  server.RaftServerConfigKeys (ConfUtils.java:logGet(43)) - raft.server.rpcslowness.timeout = 120s (custom)
2019-09-26 10:05:55,599 [pool-469-thread-1] INFO  server.RaftServerConfigKeys (ConfUtils.java:logGet(43)) - raft.server.sleep.deviation.threshold = 300 (default)
2019-09-26 10:05:55,599 [pool-469-thread-1] INFO  server.RaftServerConfigKeys (ConfUtils.java:logGet(43)) - raft.server.log.appender.install.snapshot.enabled = false (custom)
2019-09-26 10:05:55,599 [pool-469-thread-1] INFO  impl.RaftServerImpl (ServerState.java:<init>(103)) - c48e9c41-2800-44a2-9011-d3474aeafd5c@group-192E70CE273D: ConfigurationManager, init=-1: [c48e9c41-2800-44a2-9011-d3474aeafd5c:192.168.30.13:36994], old=null, confs=<EMPTY_MAP>
2019-09-26 10:05:55,599 [pool-469-thread-1] INFO  server.RaftServerConfigKeys (ConfUtils.java:logGet(43)) - raft.server.storage.dir = [/workdir/hadoop-ozone/integration-test/target/test-dir/MiniOzoneClusterImpl-6f19b49f-1ba0-4037-80e1-640204793d9e/datanode-6/data/ratis] (custom)
2019-09-26 10:05:55,599 [pool-469-thread-1] INFO  storage.RaftStorageDirectory (RaftStorageDirectory.java:analyzeStorage(246)) - The storage directory /workdir/hadoop-ozone/integration-test/target/test-dir/MiniOzoneClusterImpl-6f19b49f-1ba0-4037-80e1-640204793d9e/datanode-6/data/ratis/b26a89ee-8037-4910-b6aa-192e70ce273d does not exist. Creating ...
2019-09-26 10:05:55,612 [pool-469-thread-1] INFO  storage.RaftStorageDirectory (RaftStorageDirectory.java:tryLock(328)) - Lock on /workdir/hadoop-ozone/integration-test/target/test-dir/MiniOzoneClusterImpl-6f19b49f-1ba0-4037-80e1-640204793d9e/datanode-6/data/ratis/b26a89ee-8037-4910-b6aa-192e70ce273d/in_use.lock acquired by nodename 19604@pr-hdds-1569-wvzgm-824869521
2019-09-26 10:05:55,624 [pool-469-thread-1] INFO  storage.RaftStorage (RaftStorage.java:format(72)) - Storage directory /workdir/hadoop-ozone/integration-test/target/test-dir/MiniOzoneClusterImpl-6f19b49f-1ba0-4037-80e1-640204793d9e/datanode-6/data/ratis/b26a89ee-8037-4910-b6aa-192e70ce273d has been successfully formatted.
2019-09-26 10:05:55,624 [pool-469-thread-1] INFO  ratis.ContainerStateMachine (ContainerStateMachine.java:loadSnapshot(230)) - group-192E70CE273D: The snapshot info is null. Setting the last applied indexto:(t:0, i:~)
2019-09-26 10:05:55,625 [pool-469-thread-1] INFO  server.RaftServerConfigKeys (ConfUtils.java:logGet(43)) - raft.server.notification.no-leader.timeout = 120s (custom)
2019-09-26 10:05:55,625 [pool-469-thread-1] INFO  server.RaftServerConfigKeys (ConfUtils.java:logGet(43)) - raft.server.log.use.memory = false (default)
2019-09-26 10:05:55,625 [pool-469-thread-1] INFO  server.RaftServerConfigKeys (ConfUtils.java:logGet(43)) - raft.server.log.purge.gap = 1000000 (custom)
2019-09-26 10:05:55,625 [pool-469-thread-1] INFO  server.RaftServerConfigKeys (ConfUtils.java:logGet(43)) - raft.server.log.appender.buffer.byte-limit = 33554432 (custom)
2019-09-26 10:05:55,625 [pool-469-thread-1] INFO  server.RaftServerConfigKeys (ConfUtils.java:logGet(43)) - raft.server.log.segment.size.max = 1048576 (custom)
2019-09-26 10:05:55,625 [pool-469-thread-1] INFO  server.RaftServerConfigKeys (ConfUtils.java:logGet(43)) - raft.server.log.segment.cache.num.max = 2 (custom)
2019-09-26 10:05:55,625 [pool-469-thread-1] INFO  segmented.SegmentedRaftLogWorker (SegmentedRaftLogWorker.java:<init>(172)) - new c48e9c41-2800-44a2-9011-d3474aeafd5c@group-192E70CE273D-SegmentedRaftLogWorker for RaftStorage:Storage Directory /workdir/hadoop-ozone/integration-test/target/test-dir/MiniOzoneClusterImpl-6f19b49f-1ba0-4037-80e1-640204793d9e/datanode-6/data/ratis/b26a89ee-8037-4910-b6aa-192e70ce273d
2019-09-26 10:05:55,625 [pool-469-thread-1] INFO  server.RaftServerConfigKeys (ConfUtils.java:logGet(43)) - raft.server.log.queue.byte-limit = 2147483647 (custom)
2019-09-26 10:05:55,626 [pool-469-thread-1] INFO  server.RaftServerConfigKeys (ConfUtils.java:logGet(43)) - raft.server.log.queue.element-limit = 1024 (custom)
2019-09-26 10:05:55,626 [pool-469-thread-1] INFO  server.RaftServerConfigKeys (ConfUtils.java:logGet(43)) - raft.server.log.segment.size.max = 1048576 (custom)
2019-09-26 10:05:55,626 [pool-469-thread-1] INFO  server.RaftServerConfigKeys (ConfUtils.java:logGet(43)) - raft.server.log.preallocated.size = 16384 (custom)
2019-09-26 10:05:55,626 [pool-469-thread-1] INFO  server.RaftServerConfigKeys (ConfUtils.java:logGet(43)) - raft.server.log.write.buffer.size = 33554432 (custom)
2019-09-26 10:05:55,626 [pool-469-thread-1] INFO  server.RaftServerConfigKeys (ConfUtils.java:logGet(43)) - raft.server.log.force.sync.num = 128 (default)
2019-09-26 10:05:55,626 [pool-469-thread-1] INFO  server.RaftServerConfigKeys (ConfUtils.java:logGet(43)) - raft.server.log.statemachine.data.sync = true (default)
2019-09-26 10:05:55,626 [pool-469-thread-1] INFO  server.RaftServerConfigKeys (ConfUtils.java:logGet(43)) - raft.server.log.statemachine.data.sync.timeout = 10s (default)
2019-09-26 10:05:55,626 [pool-469-thread-1] INFO  server.RaftServerConfigKeys (ConfUtils.java:logGet(43)) - raft.server.log.statemachine.data.sync.timeout.retry = -1 (default)
2019-09-26 10:05:55,627 [pool-469-thread-1] INFO  server.RaftServerConfigKeys (ConfUtils.java:logGet(43)) - raft.server.log.statemachine.data.caching.enabled = true (custom)
2019-09-26 10:05:55,627 [pool-469-thread-1] INFO  segmented.SegmentedRaftLogWorker (SegmentedRaftLogWorker.java:lambda$new$0(132)) - c48e9c41-2800-44a2-9011-d3474aeafd5c@group-192E70CE273D-SegmentedRaftLogWorker: flushIndex: setUnconditionally 0 -> -1
2019-09-26 10:05:55,627 [pool-469-thread-1] INFO  server.RaftServerConfigKeys (ConfUtils.java:logGet(43)) - raft.server.snapshot.auto.trigger.enabled = true (custom)
2019-09-26 10:05:55,627 [pool-469-thread-1] INFO  server.RaftServerConfigKeys (ConfUtils.java:logGet(43)) - raft.server.snapshot.auto.trigger.threshold = 10000 (custom)
2019-09-26 10:05:55,627 [pool-469-thread-1] INFO  server.RaftServerConfigKeys (ConfUtils.java:logGet(43)) - raft.server.snapshot.retention.num.files = 5 (custom)
2019-09-26 10:05:55,627 [pool-469-thread-1] INFO  server.RaftServerConfigKeys (ConfUtils.java:logGet(43)) - raft.server.retrycache.expirytime = 600000ms (custom)
2019-09-26 10:05:55,629 [pool-469-thread-1] INFO  impl.RaftServerImpl (RaftServerImpl.java:start(185)) - c48e9c41-2800-44a2-9011-d3474aeafd5c@group-192E70CE273D: start as a follower, conf=-1: [c48e9c41-2800-44a2-9011-d3474aeafd5c:192.168.30.13:36994], old=null
2019-09-26 10:05:55,629 [pool-469-thread-1] INFO  impl.RaftServerImpl (RaftServerImpl.java:setRole(174)) - c48e9c41-2800-44a2-9011-d3474aeafd5c@group-192E70CE273D: changes role from      null to FOLLOWER at term 0 for startAsFollower
2019-09-26 10:05:55,629 [pool-469-thread-1] INFO  impl.RoleInfo (RoleInfo.java:updateAndGet(143)) - c48e9c41-2800-44a2-9011-d3474aeafd5c: start FollowerState
2019-09-26 10:05:55,629 [pool-469-thread-1] INFO  util.JmxRegister (JmxRegister.java:tryRegister(44)) - Successfully registered JMX Bean with object name Ratis:service=RaftServer,group=group-192E70CE273D,id=c48e9c41-2800-44a2-9011-d3474aeafd5c
2019-09-26 10:05:55,631 [RatisPipelineUtilsThread] INFO  pipeline.PipelineStateManager (PipelineStateManager.java:addPipeline(56)) - Created pipeline Pipeline[ Id: b26a89ee-8037-4910-b6aa-192e70ce273d, Nodes: c48e9c41-2800-44a2-9011-d3474aeafd5c{ip: 192.168.30.13, host: pr-hdds-1569-wvzgm-824869521, networkLocation: /default-rack, certSerialId: null}, Type:RATIS, Factor:ONE, State:OPEN]
2019-09-26 10:05:55,631 [RatisPipelineUtilsThread] INFO  pipeline.PipelinePlacementPolicy (PipelinePlacementPolicy.java:meetCriteria(91)) - Pipeline Placement: can't place more pipeline on heavy datanode： 72f743f9-1e0e-4345-96f1-9a3a34c18cec Heaviness: 6 limit: 5
2019-09-26 10:05:55,632 [RatisPipelineUtilsThread] INFO  pipeline.PipelinePlacementPolicy (PipelinePlacementPolicy.java:meetCriteria(91)) - Pipeline Placement: can't place more pipeline on heavy datanode： db227204-214e-44d9-8d16-8c4813e40a58 Heaviness: 6 limit: 5
2019-09-26 10:05:55,632 [RatisPipelineUtilsThread] INFO  pipeline.PipelinePlacementPolicy (PipelinePlacementPolicy.java:meetCriteria(91)) - Pipeline Placement: can't place more pipeline on heavy datanode： 583d69a3-91a3-48b1-b57b-32c881e6a62a Heaviness: 6 limit: 5
2019-09-26 10:05:55,632 [RatisPipelineUtilsThread] INFO  pipeline.PipelinePlacementPolicy (PipelinePlacementPolicy.java:meetCriteria(91)) - Pipeline Placement: can't place more pipeline on heavy datanode： 78fc6c82-4831-4601-bfbf-c281d6d238b7 Heaviness: 6 limit: 5
2019-09-26 10:05:55,632 [RatisPipelineUtilsThread] INFO  pipeline.PipelinePlacementPolicy (PipelinePlacementPolicy.java:meetCriteria(91)) - Pipeline Placement: can't place more pipeline on heavy datanode： 9c78032f-eba8-46d0-8c4d-d82b43c60fb9 Heaviness: 6 limit: 5
2019-09-26 10:05:55,632 [RatisPipelineUtilsThread] INFO  pipeline.PipelinePlacementPolicy (PipelinePlacementPolicy.java:meetCriteria(91)) - Pipeline Placement: can't place more pipeline on heavy datanode： 830a81b3-f833-43ed-8e64-f2525410bb9b Heaviness: 6 limit: 5
2019-09-26 10:05:55,635 [grpc-default-executor-1] INFO  impl.RaftServerProxy (RaftServerProxy.java:addNew(89)) - c48e9c41-2800-44a2-9011-d3474aeafd5c: addNew group-FDADA99B783D:[c48e9c41-2800-44a2-9011-d3474aeafd5c:192.168.30.13:36994] returns group-FDADA99B783D:java.util.concurrent.CompletableFuture@4fdcf8a[Not completed]
2019-09-26 10:05:55,636 [pool-469-thread-1] INFO  impl.RaftServerImpl (RaftServerImpl.java:<init>(95)) - c48e9c41-2800-44a2-9011-d3474aeafd5c: new RaftServerImpl for group-FDADA99B783D:[c48e9c41-2800-44a2-9011-d3474aeafd5c:192.168.30.13:36994] with ContainerStateMachine:uninitialized
2019-09-26 10:05:55,636 [pool-469-thread-1] INFO  server.RaftServerConfigKeys (ConfUtils.java:logGet(43)) - raft.server.rpc.timeout.min = 5s (custom)
2019-09-26 10:05:55,636 [pool-469-thread-1] INFO  server.RaftServerConfigKeys (ConfUtils.java:logGet(43)) - raft.server.rpc.timeout.max = 5200ms (custom)
2019-09-26 10:05:55,636 [pool-469-thread-1] INFO  server.RaftServerConfigKeys (ConfUtils.java:logGet(43)) - raft.server.rpcslowness.timeout = 120s (custom)
2019-09-26 10:05:55,636 [pool-469-thread-1] INFO  server.RaftServerConfigKeys (ConfUtils.java:logGet(43)) - raft.server.sleep.deviation.threshold = 300 (default)
2019-09-26 10:05:55,636 [pool-469-thread-1] INFO  server.RaftServerConfigKeys (ConfUtils.java:logGet(43)) - raft.server.log.appender.install.snapshot.enabled = false (custom)
2019-09-26 10:05:55,637 [pool-469-thread-1] INFO  impl.RaftServerImpl (ServerState.java:<init>(103)) - c48e9c41-2800-44a2-9011-d3474aeafd5c@group-FDADA99B783D: ConfigurationManager, init=-1: [c48e9c41-2800-44a2-9011-d3474aeafd5c:192.168.30.13:36994], old=null, confs=<EMPTY_MAP>
2019-09-26 10:05:55,637 [pool-469-thread-1] INFO  server.RaftServerConfigKeys (ConfUtils.java:logGet(43)) - raft.server.storage.dir = [/workdir/hadoop-ozone/integration-test/target/test-dir/MiniOzoneClusterImpl-6f19b49f-1ba0-4037-80e1-640204793d9e/datanode-6/data/ratis] (custom)
2019-09-26 10:05:55,637 [pool-469-thread-1] INFO  storage.RaftStorageDirectory (RaftStorageDirectory.java:analyzeStorage(246)) - The storage directory /workdir/hadoop-ozone/integration-test/target/test-dir/MiniOzoneClusterImpl-6f19b49f-1ba0-4037-80e1-640204793d9e/datanode-6/data/ratis/67b72dd2-a882-48ca-bde8-fdada99b783d does not exist. Creating ...
2019-09-26 10:05:55,649 [pool-469-thread-1] INFO  storage.RaftStorageDirectory (RaftStorageDirectory.java:tryLock(328)) - Lock on /workdir/hadoop-ozone/integration-test/target/test-dir/MiniOzoneClusterImpl-6f19b49f-1ba0-4037-80e1-640204793d9e/datanode-6/data/ratis/67b72dd2-a882-48ca-bde8-fdada99b783d/in_use.lock acquired by nodename 19604@pr-hdds-1569-wvzgm-824869521
2019-09-26 10:05:55,661 [pool-469-thread-1] INFO  storage.RaftStorage (RaftStorage.java:format(72)) - Storage directory /workdir/hadoop-ozone/integration-test/target/test-dir/MiniOzoneClusterImpl-6f19b49f-1ba0-4037-80e1-640204793d9e/datanode-6/data/ratis/67b72dd2-a882-48ca-bde8-fdada99b783d has been successfully formatted.
2019-09-26 10:05:55,662 [pool-469-thread-1] INFO  ratis.ContainerStateMachine (ContainerStateMachine.java:loadSnapshot(230)) - group-FDADA99B783D: The snapshot info is null. Setting the last applied indexto:(t:0, i:~)
2019-09-26 10:05:55,662 [pool-469-thread-1] INFO  server.RaftServerConfigKeys (ConfUtils.java:logGet(43)) - raft.server.notification.no-leader.timeout = 120s (custom)
2019-09-26 10:05:55,662 [pool-469-thread-1] INFO  server.RaftServerConfigKeys (ConfUtils.java:logGet(43)) - raft.server.log.use.memory = false (default)
2019-09-26 10:05:55,662 [pool-469-thread-1] INFO  server.RaftServerConfigKeys (ConfUtils.java:logGet(43)) - raft.server.log.purge.gap = 1000000 (custom)
2019-09-26 10:05:55,662 [pool-469-thread-1] INFO  server.RaftServerConfigKeys (ConfUtils.java:logGet(43)) - raft.server.log.appender.buffer.byte-limit = 33554432 (custom)
2019-09-26 10:05:55,662 [pool-469-thread-1] INFO  server.RaftServerConfigKeys (ConfUtils.java:logGet(43)) - raft.server.log.segment.size.max = 1048576 (custom)
2019-09-26 10:05:55,662 [pool-469-thread-1] INFO  server.RaftServerConfigKeys (ConfUtils.java:logGet(43)) - raft.server.log.segment.cache.num.max = 2 (custom)
2019-09-26 10:05:55,662 [pool-469-thread-1] INFO  segmented.SegmentedRaftLogWorker (SegmentedRaftLogWorker.java:<init>(172)) - new c48e9c41-2800-44a2-9011-d3474aeafd5c@group-FDADA99B783D-SegmentedRaftLogWorker for RaftStorage:Storage Directory /workdir/hadoop-ozone/integration-test/target/test-dir/MiniOzoneClusterImpl-6f19b49f-1ba0-4037-80e1-640204793d9e/datanode-6/data/ratis/67b72dd2-a882-48ca-bde8-fdada99b783d
2019-09-26 10:05:55,662 [pool-469-thread-1] INFO  server.RaftServerConfigKeys (ConfUtils.java:logGet(43)) - raft.server.log.queue.byte-limit = 2147483647 (custom)
2019-09-26 10:05:55,663 [pool-469-thread-1] INFO  server.RaftServerConfigKeys (ConfUtils.java:logGet(43)) - raft.server.log.queue.element-limit = 1024 (custom)
2019-09-26 10:05:55,663 [pool-469-thread-1] INFO  server.RaftServerConfigKeys (ConfUtils.java:logGet(43)) - raft.server.log.segment.size.max = 1048576 (custom)
2019-09-26 10:05:55,663 [pool-469-thread-1] INFO  server.RaftServerConfigKeys (ConfUtils.java:logGet(43)) - raft.server.log.preallocated.size = 16384 (custom)
2019-09-26 10:05:55,663 [pool-469-thread-1] INFO  server.RaftServerConfigKeys (ConfUtils.java:logGet(43)) - raft.server.log.write.buffer.size = 33554432 (custom)
2019-09-26 10:05:55,663 [pool-469-thread-1] INFO  server.RaftServerConfigKeys (ConfUtils.java:logGet(43)) - raft.server.log.force.sync.num = 128 (default)
2019-09-26 10:05:55,663 [pool-469-thread-1] INFO  server.RaftServerConfigKeys (ConfUtils.java:logGet(43)) - raft.server.log.statemachine.data.sync = true (default)
2019-09-26 10:05:55,663 [pool-469-thread-1] INFO  server.RaftServerConfigKeys (ConfUtils.java:logGet(43)) - raft.server.log.statemachine.data.sync.timeout = 10s (default)
2019-09-26 10:05:55,663 [pool-469-thread-1] INFO  server.RaftServerConfigKeys (ConfUtils.java:logGet(43)) - raft.server.log.statemachine.data.sync.timeout.retry = -1 (default)
2019-09-26 10:05:55,663 [pool-469-thread-1] INFO  server.RaftServerConfigKeys (ConfUtils.java:logGet(43)) - raft.server.log.statemachine.data.caching.enabled = true (custom)
2019-09-26 10:05:55,664 [pool-469-thread-1] INFO  segmented.SegmentedRaftLogWorker (SegmentedRaftLogWorker.java:lambda$new$0(132)) - c48e9c41-2800-44a2-9011-d3474aeafd5c@group-FDADA99B783D-SegmentedRaftLogWorker: flushIndex: setUnconditionally 0 -> -1
2019-09-26 10:05:55,664 [pool-469-thread-1] INFO  server.RaftServerConfigKeys (ConfUtils.java:logGet(43)) - raft.server.snapshot.auto.trigger.enabled = true (custom)
2019-09-26 10:05:55,664 [pool-469-thread-1] INFO  server.RaftServerConfigKeys (ConfUtils.java:logGet(43)) - raft.server.snapshot.auto.trigger.threshold = 10000 (custom)
2019-09-26 10:05:55,664 [pool-469-thread-1] INFO  server.RaftServerConfigKeys (ConfUtils.java:logGet(43)) - raft.server.snapshot.retention.num.files = 5 (custom)
2019-09-26 10:05:55,664 [pool-469-thread-1] INFO  server.RaftServerConfigKeys (ConfUtils.java:logGet(43)) - raft.server.retrycache.expirytime = 600000ms (custom)
2019-09-26 10:05:55,665 [pool-469-thread-1] INFO  impl.RaftServerImpl (RaftServerImpl.java:start(185)) - c48e9c41-2800-44a2-9011-d3474aeafd5c@group-FDADA99B783D: start as a follower, conf=-1: [c48e9c41-2800-44a2-9011-d3474aeafd5c:192.168.30.13:36994], old=null
2019-09-26 10:05:55,665 [pool-469-thread-1] INFO  impl.RaftServerImpl (RaftServerImpl.java:setRole(174)) - c48e9c41-2800-44a2-9011-d3474aeafd5c@group-FDADA99B783D: changes role from      null to FOLLOWER at term 0 for startAsFollower
2019-09-26 10:05:55,666 [pool-469-thread-1] INFO  impl.RoleInfo (RoleInfo.java:updateAndGet(143)) - c48e9c41-2800-44a2-9011-d3474aeafd5c: start FollowerState
2019-09-26 10:05:55,666 [pool-469-thread-1] INFO  util.JmxRegister (JmxRegister.java:tryRegister(44)) - Successfully registered JMX Bean with object name Ratis:service=RaftServer,group=group-FDADA99B783D,id=c48e9c41-2800-44a2-9011-d3474aeafd5c
2019-09-26 10:05:55,668 [RatisPipelineUtilsThread] INFO  pipeline.PipelineStateManager (PipelineStateManager.java:addPipeline(56)) - Created pipeline Pipeline[ Id: 67b72dd2-a882-48ca-bde8-fdada99b783d, Nodes: c48e9c41-2800-44a2-9011-d3474aeafd5c{ip: 192.168.30.13, host: pr-hdds-1569-wvzgm-824869521, networkLocation: /default-rack, certSerialId: null}, Type:RATIS, Factor:ONE, State:OPEN]
2019-09-26 10:05:55,668 [RatisPipelineUtilsThread] INFO  pipeline.PipelinePlacementPolicy (PipelinePlacementPolicy.java:meetCriteria(91)) - Pipeline Placement: can't place more pipeline on heavy datanode： 72f743f9-1e0e-4345-96f1-9a3a34c18cec Heaviness: 6 limit: 5
2019-09-26 10:05:55,669 [RatisPipelineUtilsThread] INFO  pipeline.PipelinePlacementPolicy (PipelinePlacementPolicy.java:meetCriteria(91)) - Pipeline Placement: can't place more pipeline on heavy datanode： db227204-214e-44d9-8d16-8c4813e40a58 Heaviness: 6 limit: 5
2019-09-26 10:05:55,669 [RatisPipelineUtilsThread] INFO  pipeline.PipelinePlacementPolicy (PipelinePlacementPolicy.java:meetCriteria(91)) - Pipeline Placement: can't place more pipeline on heavy datanode： 583d69a3-91a3-48b1-b57b-32c881e6a62a Heaviness: 6 limit: 5
2019-09-26 10:05:55,669 [RatisPipelineUtilsThread] INFO  pipeline.PipelinePlacementPolicy (PipelinePlacementPolicy.java:meetCriteria(91)) - Pipeline Placement: can't place more pipeline on heavy datanode： 78fc6c82-4831-4601-bfbf-c281d6d238b7 Heaviness: 6 limit: 5
2019-09-26 10:05:55,669 [RatisPipelineUtilsThread] INFO  pipeline.PipelinePlacementPolicy (PipelinePlacementPolicy.java:meetCriteria(91)) - Pipeline Placement: can't place more pipeline on heavy datanode： 9c78032f-eba8-46d0-8c4d-d82b43c60fb9 Heaviness: 6 limit: 5
2019-09-26 10:05:55,669 [RatisPipelineUtilsThread] INFO  pipeline.PipelinePlacementPolicy (PipelinePlacementPolicy.java:meetCriteria(91)) - Pipeline Placement: can't place more pipeline on heavy datanode： 830a81b3-f833-43ed-8e64-f2525410bb9b Heaviness: 6 limit: 5
2019-09-26 10:05:55,672 [grpc-default-executor-1] INFO  impl.RaftServerProxy (RaftServerProxy.java:addNew(89)) - c48e9c41-2800-44a2-9011-d3474aeafd5c: addNew group-D2AA8A8376D2:[c48e9c41-2800-44a2-9011-d3474aeafd5c:192.168.30.13:36994] returns group-D2AA8A8376D2:java.util.concurrent.CompletableFuture@4095bac4[Not completed]
2019-09-26 10:05:55,673 [pool-469-thread-1] INFO  impl.RaftServerImpl (RaftServerImpl.java:<init>(95)) - c48e9c41-2800-44a2-9011-d3474aeafd5c: new RaftServerImpl for group-D2AA8A8376D2:[c48e9c41-2800-44a2-9011-d3474aeafd5c:192.168.30.13:36994] with ContainerStateMachine:uninitialized
2019-09-26 10:05:55,673 [pool-469-thread-1] INFO  server.RaftServerConfigKeys (ConfUtils.java:logGet(43)) - raft.server.rpc.timeout.min = 5s (custom)
2019-09-26 10:05:55,673 [pool-469-thread-1] INFO  server.RaftServerConfigKeys (ConfUtils.java:logGet(43)) - raft.server.rpc.timeout.max = 5200ms (custom)
2019-09-26 10:05:55,673 [pool-469-thread-1] INFO  server.RaftServerConfigKeys (ConfUtils.java:logGet(43)) - raft.server.rpcslowness.timeout = 120s (custom)
2019-09-26 10:05:55,673 [pool-469-thread-1] INFO  server.RaftServerConfigKeys (ConfUtils.java:logGet(43)) - raft.server.sleep.deviation.threshold = 300 (default)
2019-09-26 10:05:55,673 [pool-469-thread-1] INFO  server.RaftServerConfigKeys (ConfUtils.java:logGet(43)) - raft.server.log.appender.install.snapshot.enabled = false (custom)
2019-09-26 10:05:55,673 [pool-469-thread-1] INFO  impl.RaftServerImpl (ServerState.java:<init>(103)) - c48e9c41-2800-44a2-9011-d3474aeafd5c@group-D2AA8A8376D2: ConfigurationManager, init=-1: [c48e9c41-2800-44a2-9011-d3474aeafd5c:192.168.30.13:36994], old=null, confs=<EMPTY_MAP>
2019-09-26 10:05:55,673 [pool-469-thread-1] INFO  server.RaftServerConfigKeys (ConfUtils.java:logGet(43)) - raft.server.storage.dir = [/workdir/hadoop-ozone/integration-test/target/test-dir/MiniOzoneClusterImpl-6f19b49f-1ba0-4037-80e1-640204793d9e/datanode-6/data/ratis] (custom)
2019-09-26 10:05:55,673 [pool-469-thread-1] INFO  storage.RaftStorageDirectory (RaftStorageDirectory.java:analyzeStorage(246)) - The storage directory /workdir/hadoop-ozone/integration-test/target/test-dir/MiniOzoneClusterImpl-6f19b49f-1ba0-4037-80e1-640204793d9e/datanode-6/data/ratis/ff7d8814-d6e5-4272-ba77-d2aa8a8376d2 does not exist. Creating ...
2019-09-26 10:05:55,687 [pool-469-thread-1] INFO  storage.RaftStorageDirectory (RaftStorageDirectory.java:tryLock(328)) - Lock on /workdir/hadoop-ozone/integration-test/target/test-dir/MiniOzoneClusterImpl-6f19b49f-1ba0-4037-80e1-640204793d9e/datanode-6/data/ratis/ff7d8814-d6e5-4272-ba77-d2aa8a8376d2/in_use.lock acquired by nodename 19604@pr-hdds-1569-wvzgm-824869521
2019-09-26 10:05:55,700 [pool-469-thread-1] INFO  storage.RaftStorage (RaftStorage.java:format(72)) - Storage directory /workdir/hadoop-ozone/integration-test/target/test-dir/MiniOzoneClusterImpl-6f19b49f-1ba0-4037-80e1-640204793d9e/datanode-6/data/ratis/ff7d8814-d6e5-4272-ba77-d2aa8a8376d2 has been successfully formatted.
2019-09-26 10:05:55,700 [pool-469-thread-1] INFO  ratis.ContainerStateMachine (ContainerStateMachine.java:loadSnapshot(230)) - group-D2AA8A8376D2: The snapshot info is null. Setting the last applied indexto:(t:0, i:~)
2019-09-26 10:05:55,700 [pool-469-thread-1] INFO  server.RaftServerConfigKeys (ConfUtils.java:logGet(43)) - raft.server.notification.no-leader.timeout = 120s (custom)
2019-09-26 10:05:55,700 [pool-469-thread-1] INFO  server.RaftServerConfigKeys (ConfUtils.java:logGet(43)) - raft.server.log.use.memory = false (default)
2019-09-26 10:05:55,700 [pool-469-thread-1] INFO  server.RaftServerConfigKeys (ConfUtils.java:logGet(43)) - raft.server.log.purge.gap = 1000000 (custom)
2019-09-26 10:05:55,700 [pool-469-thread-1] INFO  server.RaftServerConfigKeys (ConfUtils.java:logGet(43)) - raft.server.log.appender.buffer.byte-limit = 33554432 (custom)
2019-09-26 10:05:55,700 [pool-469-thread-1] INFO  server.RaftServerConfigKeys (ConfUtils.java:logGet(43)) - raft.server.log.segment.size.max = 1048576 (custom)
2019-09-26 10:05:55,700 [pool-469-thread-1] INFO  server.RaftServerConfigKeys (ConfUtils.java:logGet(43)) - raft.server.log.segment.cache.num.max = 2 (custom)
2019-09-26 10:05:55,700 [pool-469-thread-1] INFO  segmented.SegmentedRaftLogWorker (SegmentedRaftLogWorker.java:<init>(172)) - new c48e9c41-2800-44a2-9011-d3474aeafd5c@group-D2AA8A8376D2-SegmentedRaftLogWorker for RaftStorage:Storage Directory /workdir/hadoop-ozone/integration-test/target/test-dir/MiniOzoneClusterImpl-6f19b49f-1ba0-4037-80e1-640204793d9e/datanode-6/data/ratis/ff7d8814-d6e5-4272-ba77-d2aa8a8376d2
2019-09-26 10:05:55,700 [pool-469-thread-1] INFO  server.RaftServerConfigKeys (ConfUtils.java:logGet(43)) - raft.server.log.queue.byte-limit = 2147483647 (custom)
2019-09-26 10:05:55,701 [pool-469-thread-1] INFO  server.RaftServerConfigKeys (ConfUtils.java:logGet(43)) - raft.server.log.queue.element-limit = 1024 (custom)
2019-09-26 10:05:55,701 [pool-469-thread-1] INFO  server.RaftServerConfigKeys (ConfUtils.java:logGet(43)) - raft.server.log.segment.size.max = 1048576 (custom)
2019-09-26 10:05:55,701 [pool-469-thread-1] INFO  server.RaftServerConfigKeys (ConfUtils.java:logGet(43)) - raft.server.log.preallocated.size = 16384 (custom)
2019-09-26 10:05:55,701 [pool-469-thread-1] INFO  server.RaftServerConfigKeys (ConfUtils.java:logGet(43)) - raft.server.log.write.buffer.size = 33554432 (custom)
2019-09-26 10:05:55,701 [pool-469-thread-1] INFO  server.RaftServerConfigKeys (ConfUtils.java:logGet(43)) - raft.server.log.force.sync.num = 128 (default)
2019-09-26 10:05:55,701 [pool-469-thread-1] INFO  server.RaftServerConfigKeys (ConfUtils.java:logGet(43)) - raft.server.log.statemachine.data.sync = true (default)
2019-09-26 10:05:55,701 [pool-469-thread-1] INFO  server.RaftServerConfigKeys (ConfUtils.java:logGet(43)) - raft.server.log.statemachine.data.sync.timeout = 10s (default)
2019-09-26 10:05:55,701 [pool-469-thread-1] INFO  server.RaftServerConfigKeys (ConfUtils.java:logGet(43)) - raft.server.log.statemachine.data.sync.timeout.retry = -1 (default)
2019-09-26 10:05:55,701 [pool-469-thread-1] INFO  server.RaftServerConfigKeys (ConfUtils.java:logGet(43)) - raft.server.log.statemachine.data.caching.enabled = true (custom)
2019-09-26 10:05:55,702 [pool-469-thread-1] INFO  segmented.SegmentedRaftLogWorker (SegmentedRaftLogWorker.java:lambda$new$0(132)) - c48e9c41-2800-44a2-9011-d3474aeafd5c@group-D2AA8A8376D2-SegmentedRaftLogWorker: flushIndex: setUnconditionally 0 -> -1
2019-09-26 10:05:55,702 [pool-469-thread-1] INFO  server.RaftServerConfigKeys (ConfUtils.java:logGet(43)) - raft.server.snapshot.auto.trigger.enabled = true (custom)
2019-09-26 10:05:55,702 [pool-469-thread-1] INFO  server.RaftServerConfigKeys (ConfUtils.java:logGet(43)) - raft.server.snapshot.auto.trigger.threshold = 10000 (custom)
2019-09-26 10:05:55,702 [pool-469-thread-1] INFO  server.RaftServerConfigKeys (ConfUtils.java:logGet(43)) - raft.server.snapshot.retention.num.files = 5 (custom)
2019-09-26 10:05:55,702 [pool-469-thread-1] INFO  server.RaftServerConfigKeys (ConfUtils.java:logGet(43)) - raft.server.retrycache.expirytime = 600000ms (custom)
2019-09-26 10:05:55,703 [pool-469-thread-1] INFO  impl.RaftServerImpl (RaftServerImpl.java:start(185)) - c48e9c41-2800-44a2-9011-d3474aeafd5c@group-D2AA8A8376D2: start as a follower, conf=-1: [c48e9c41-2800-44a2-9011-d3474aeafd5c:192.168.30.13:36994], old=null
2019-09-26 10:05:55,703 [pool-469-thread-1] INFO  impl.RaftServerImpl (RaftServerImpl.java:setRole(174)) - c48e9c41-2800-44a2-9011-d3474aeafd5c@group-D2AA8A8376D2: changes role from      null to FOLLOWER at term 0 for startAsFollower
2019-09-26 10:05:55,703 [pool-469-thread-1] INFO  impl.RoleInfo (RoleInfo.java:updateAndGet(143)) - c48e9c41-2800-44a2-9011-d3474aeafd5c: start FollowerState
2019-09-26 10:05:55,704 [pool-469-thread-1] INFO  util.JmxRegister (JmxRegister.java:tryRegister(44)) - Successfully registered JMX Bean with object name Ratis:service=RaftServer,group=group-D2AA8A8376D2,id=c48e9c41-2800-44a2-9011-d3474aeafd5c
2019-09-26 10:05:55,705 [RatisPipelineUtilsThread] INFO  pipeline.PipelineStateManager (PipelineStateManager.java:addPipeline(56)) - Created pipeline Pipeline[ Id: ff7d8814-d6e5-4272-ba77-d2aa8a8376d2, Nodes: c48e9c41-2800-44a2-9011-d3474aeafd5c{ip: 192.168.30.13, host: pr-hdds-1569-wvzgm-824869521, networkLocation: /default-rack, certSerialId: null}, Type:RATIS, Factor:ONE, State:OPEN]
2019-09-26 10:05:55,706 [RatisPipelineUtilsThread] INFO  pipeline.PipelinePlacementPolicy (PipelinePlacementPolicy.java:meetCriteria(91)) - Pipeline Placement: can't place more pipeline on heavy datanode： 72f743f9-1e0e-4345-96f1-9a3a34c18cec Heaviness: 6 limit: 5
2019-09-26 10:05:55,706 [RatisPipelineUtilsThread] INFO  pipeline.PipelinePlacementPolicy (PipelinePlacementPolicy.java:meetCriteria(91)) - Pipeline Placement: can't place more pipeline on heavy datanode： db227204-214e-44d9-8d16-8c4813e40a58 Heaviness: 6 limit: 5
2019-09-26 10:05:55,706 [RatisPipelineUtilsThread] INFO  pipeline.PipelinePlacementPolicy (PipelinePlacementPolicy.java:meetCriteria(91)) - Pipeline Placement: can't place more pipeline on heavy datanode： 583d69a3-91a3-48b1-b57b-32c881e6a62a Heaviness: 6 limit: 5
2019-09-26 10:05:55,706 [RatisPipelineUtilsThread] INFO  pipeline.PipelinePlacementPolicy (PipelinePlacementPolicy.java:meetCriteria(91)) - Pipeline Placement: can't place more pipeline on heavy datanode： 78fc6c82-4831-4601-bfbf-c281d6d238b7 Heaviness: 6 limit: 5
2019-09-26 10:05:55,706 [RatisPipelineUtilsThread] INFO  pipeline.PipelinePlacementPolicy (PipelinePlacementPolicy.java:meetCriteria(91)) - Pipeline Placement: can't place more pipeline on heavy datanode： 9c78032f-eba8-46d0-8c4d-d82b43c60fb9 Heaviness: 6 limit: 5
2019-09-26 10:05:55,706 [RatisPipelineUtilsThread] INFO  pipeline.PipelinePlacementPolicy (PipelinePlacementPolicy.java:meetCriteria(91)) - Pipeline Placement: can't place more pipeline on heavy datanode： 830a81b3-f833-43ed-8e64-f2525410bb9b Heaviness: 6 limit: 5
2019-09-26 10:05:55,706 [RatisPipelineUtilsThread] INFO  pipeline.PipelinePlacementPolicy (PipelinePlacementPolicy.java:meetCriteria(91)) - Pipeline Placement: can't place more pipeline on heavy datanode： c48e9c41-2800-44a2-9011-d3474aeafd5c Heaviness: 6 limit: 5
2019-09-26 10:05:55,707 [RatisPipelineUtilsThread] ERROR pipeline.PipelinePlacementPolicy (PipelinePlacementPolicy.java:filterViableNodes(148)) - Unable to find enough nodes that meet the criteria that cannot engage in more than 5 pipelines. Nodes required: 1 Found: 0, healthy nodes count inNodeManager: 7.
2019-09-26 10:05:55,707 [RatisPipelineUtilsThread] ERROR pipeline.SCMPipelineManager (SCMPipelineManager.java:createPipeline(167)) - Pipeline creation failed.
org.apache.hadoop.hdds.scm.exceptions.SCMException: Unable to find enough nodes that meet the criteria that cannot engage in more than 5 pipelines. Nodes required: 1 Found: 0, healthy nodes count inNodeManager: 7.
	at org.apache.hadoop.hdds.scm.pipeline.PipelinePlacementPolicy.filterViableNodes(PipelinePlacementPolicy.java:149)
	at org.apache.hadoop.hdds.scm.pipeline.PipelinePlacementPolicy.chooseDatanodes(PipelinePlacementPolicy.java:172)
	at org.apache.hadoop.hdds.scm.pipeline.RatisPipelineProvider.create(RatisPipelineProvider.java:93)
	at org.apache.hadoop.hdds.scm.pipeline.PipelineFactory.create(PipelineFactory.java:58)
	at org.apache.hadoop.hdds.scm.pipeline.SCMPipelineManager.createPipeline(SCMPipelineManager.java:155)
	at org.apache.hadoop.hdds.scm.pipeline.BackgroundPipelineCreator.createPipelines(BackgroundPipelineCreator.java:99)
	at java.util.concurrent.Executors$RunnableAdapter.call(Executors.java:511)
	at java.util.concurrent.FutureTask.run(FutureTask.java:266)
	at java.util.concurrent.ScheduledThreadPoolExecutor$ScheduledFutureTask.access$201(ScheduledThreadPoolExecutor.java:180)
	at java.util.concurrent.ScheduledThreadPoolExecutor$ScheduledFutureTask.run(ScheduledThreadPoolExecutor.java:293)
	at java.util.concurrent.ThreadPoolExecutor.runWorker(ThreadPoolExecutor.java:1149)
	at java.util.concurrent.ThreadPoolExecutor$Worker.run(ThreadPoolExecutor.java:624)
	at java.lang.Thread.run(Thread.java:748)
2019-09-26 10:05:55,707 [RatisPipelineUtilsThread] INFO  pipeline.PipelinePlacementPolicy (PipelinePlacementPolicy.java:meetCriteria(91)) - Pipeline Placement: can't place more pipeline on heavy datanode： 72f743f9-1e0e-4345-96f1-9a3a34c18cec Heaviness: 6 limit: 5
2019-09-26 10:05:55,707 [RatisPipelineUtilsThread] INFO  pipeline.PipelinePlacementPolicy (PipelinePlacementPolicy.java:meetCriteria(91)) - Pipeline Placement: can't place more pipeline on heavy datanode： db227204-214e-44d9-8d16-8c4813e40a58 Heaviness: 6 limit: 5
2019-09-26 10:05:55,707 [RatisPipelineUtilsThread] INFO  pipeline.PipelinePlacementPolicy (PipelinePlacementPolicy.java:meetCriteria(91)) - Pipeline Placement: can't place more pipeline on heavy datanode： 583d69a3-91a3-48b1-b57b-32c881e6a62a Heaviness: 6 limit: 5
2019-09-26 10:05:55,707 [RatisPipelineUtilsThread] INFO  pipeline.PipelinePlacementPolicy (PipelinePlacementPolicy.java:meetCriteria(91)) - Pipeline Placement: can't place more pipeline on heavy datanode： 78fc6c82-4831-4601-bfbf-c281d6d238b7 Heaviness: 6 limit: 5
2019-09-26 10:05:55,707 [RatisPipelineUtilsThread] INFO  pipeline.PipelinePlacementPolicy (PipelinePlacementPolicy.java:meetCriteria(91)) - Pipeline Placement: can't place more pipeline on heavy datanode： 9c78032f-eba8-46d0-8c4d-d82b43c60fb9 Heaviness: 6 limit: 5
2019-09-26 10:05:55,707 [RatisPipelineUtilsThread] INFO  pipeline.PipelinePlacementPolicy (PipelinePlacementPolicy.java:meetCriteria(91)) - Pipeline Placement: can't place more pipeline on heavy datanode： 830a81b3-f833-43ed-8e64-f2525410bb9b Heaviness: 6 limit: 5
2019-09-26 10:05:55,707 [RatisPipelineUtilsThread] INFO  pipeline.PipelinePlacementPolicy (PipelinePlacementPolicy.java:meetCriteria(91)) - Pipeline Placement: can't place more pipeline on heavy datanode： c48e9c41-2800-44a2-9011-d3474aeafd5c Heaviness: 6 limit: 5
2019-09-26 10:05:55,708 [RatisPipelineUtilsThread] ERROR pipeline.PipelinePlacementPolicy (PipelinePlacementPolicy.java:filterViableNodes(148)) - Unable to find enough nodes that meet the criteria that cannot engage in more than 5 pipelines. Nodes required: 3 Found: 0, healthy nodes count inNodeManager: 7.
2019-09-26 10:05:55,708 [RatisPipelineUtilsThread] ERROR pipeline.SCMPipelineManager (SCMPipelineManager.java:createPipeline(167)) - Pipeline creation failed.
org.apache.hadoop.hdds.scm.exceptions.SCMException: Unable to find enough nodes that meet the criteria that cannot engage in more than 5 pipelines. Nodes required: 3 Found: 0, healthy nodes count inNodeManager: 7.
	at org.apache.hadoop.hdds.scm.pipeline.PipelinePlacementPolicy.filterViableNodes(PipelinePlacementPolicy.java:149)
	at org.apache.hadoop.hdds.scm.pipeline.PipelinePlacementPolicy.chooseDatanodes(PipelinePlacementPolicy.java:172)
	at org.apache.hadoop.hdds.scm.pipeline.RatisPipelineProvider.create(RatisPipelineProvider.java:93)
	at org.apache.hadoop.hdds.scm.pipeline.PipelineFactory.create(PipelineFactory.java:58)
	at org.apache.hadoop.hdds.scm.pipeline.SCMPipelineManager.createPipeline(SCMPipelineManager.java:155)
	at org.apache.hadoop.hdds.scm.pipeline.BackgroundPipelineCreator.createPipelines(BackgroundPipelineCreator.java:99)
	at java.util.concurrent.Executors$RunnableAdapter.call(Executors.java:511)
	at java.util.concurrent.FutureTask.run(FutureTask.java:266)
	at java.util.concurrent.ScheduledThreadPoolExecutor$ScheduledFutureTask.access$201(ScheduledThreadPoolExecutor.java:180)
	at java.util.concurrent.ScheduledThreadPoolExecutor$ScheduledFutureTask.run(ScheduledThreadPoolExecutor.java:293)
	at java.util.concurrent.ThreadPoolExecutor.runWorker(ThreadPoolExecutor.java:1149)
	at java.util.concurrent.ThreadPoolExecutor$Worker.run(ThreadPoolExecutor.java:624)
	at java.lang.Thread.run(Thread.java:748)
2019-09-26 10:05:55,708 [RatisPipelineUtilsThread] INFO  pipeline.PipelinePlacementPolicy (PipelinePlacementPolicy.java:meetCriteria(91)) - Pipeline Placement: can't place more pipeline on heavy datanode： 72f743f9-1e0e-4345-96f1-9a3a34c18cec Heaviness: 6 limit: 5
2019-09-26 10:05:55,708 [RatisPipelineUtilsThread] INFO  pipeline.PipelinePlacementPolicy (PipelinePlacementPolicy.java:meetCriteria(91)) - Pipeline Placement: can't place more pipeline on heavy datanode： db227204-214e-44d9-8d16-8c4813e40a58 Heaviness: 6 limit: 5
2019-09-26 10:05:55,708 [RatisPipelineUtilsThread] INFO  pipeline.PipelinePlacementPolicy (PipelinePlacementPolicy.java:meetCriteria(91)) - Pipeline Placement: can't place more pipeline on heavy datanode： 583d69a3-91a3-48b1-b57b-32c881e6a62a Heaviness: 6 limit: 5
2019-09-26 10:05:55,708 [RatisPipelineUtilsThread] INFO  pipeline.PipelinePlacementPolicy (PipelinePlacementPolicy.java:meetCriteria(91)) - Pipeline Placement: can't place more pipeline on heavy datanode： 78fc6c82-4831-4601-bfbf-c281d6d238b7 Heaviness: 6 limit: 5
2019-09-26 10:05:55,708 [RatisPipelineUtilsThread] INFO  pipeline.PipelinePlacementPolicy (PipelinePlacementPolicy.java:meetCriteria(91)) - Pipeline Placement: can't place more pipeline on heavy datanode： 9c78032f-eba8-46d0-8c4d-d82b43c60fb9 Heaviness: 6 limit: 5
2019-09-26 10:05:55,709 [RatisPipelineUtilsThread] INFO  pipeline.PipelinePlacementPolicy (PipelinePlacementPolicy.java:meetCriteria(91)) - Pipeline Placement: can't place more pipeline on heavy datanode： 830a81b3-f833-43ed-8e64-f2525410bb9b Heaviness: 6 limit: 5
2019-09-26 10:05:55,709 [RatisPipelineUtilsThread] INFO  pipeline.PipelinePlacementPolicy (PipelinePlacementPolicy.java:meetCriteria(91)) - Pipeline Placement: can't place more pipeline on heavy datanode： c48e9c41-2800-44a2-9011-d3474aeafd5c Heaviness: 6 limit: 5
2019-09-26 10:05:55,709 [RatisPipelineUtilsThread] ERROR pipeline.PipelinePlacementPolicy (PipelinePlacementPolicy.java:filterViableNodes(148)) - Unable to find enough nodes that meet the criteria that cannot engage in more than 5 pipelines. Nodes required: 1 Found: 0, healthy nodes count inNodeManager: 7.
2019-09-26 10:05:55,709 [RatisPipelineUtilsThread] ERROR pipeline.SCMPipelineManager (SCMPipelineManager.java:createPipeline(167)) - Pipeline creation failed.
org.apache.hadoop.hdds.scm.exceptions.SCMException: Unable to find enough nodes that meet the criteria that cannot engage in more than 5 pipelines. Nodes required: 1 Found: 0, healthy nodes count inNodeManager: 7.
	at org.apache.hadoop.hdds.scm.pipeline.PipelinePlacementPolicy.filterViableNodes(PipelinePlacementPolicy.java:149)
	at org.apache.hadoop.hdds.scm.pipeline.PipelinePlacementPolicy.chooseDatanodes(PipelinePlacementPolicy.java:172)
	at org.apache.hadoop.hdds.scm.pipeline.RatisPipelineProvider.create(RatisPipelineProvider.java:93)
	at org.apache.hadoop.hdds.scm.pipeline.PipelineFactory.create(PipelineFactory.java:58)
	at org.apache.hadoop.hdds.scm.pipeline.SCMPipelineManager.createPipeline(SCMPipelineManager.java:155)
	at org.apache.hadoop.hdds.scm.pipeline.BackgroundPipelineCreator.createPipelines(BackgroundPipelineCreator.java:99)
	at org.apache.hadoop.hdds.scm.pipeline.BackgroundPipelineCreator.lambda$startFixedIntervalPipelineCreator$0(BackgroundPipelineCreator.java:70)
	at java.util.concurrent.Executors$RunnableAdapter.call(Executors.java:511)
	at java.util.concurrent.FutureTask.runAndReset(FutureTask.java:308)
	at java.util.concurrent.ScheduledThreadPoolExecutor$ScheduledFutureTask.access$301(ScheduledThreadPoolExecutor.java:180)
	at java.util.concurrent.ScheduledThreadPoolExecutor$ScheduledFutureTask.run(ScheduledThreadPoolExecutor.java:294)
	at java.util.concurrent.ThreadPoolExecutor.runWorker(ThreadPoolExecutor.java:1149)
	at java.util.concurrent.ThreadPoolExecutor$Worker.run(ThreadPoolExecutor.java:624)
	at java.lang.Thread.run(Thread.java:748)
2019-09-26 10:05:55,709 [IPC Server handler 9 on 39513] INFO  pipeline.PipelinePlacementPolicy (PipelinePlacementPolicy.java:meetCriteria(91)) - Pipeline Placement: can't place more pipeline on heavy datanode： 72f743f9-1e0e-4345-96f1-9a3a34c18cec Heaviness: 6 limit: 5
2019-09-26 10:05:55,709 [IPC Server handler 9 on 39513] INFO  pipeline.PipelinePlacementPolicy (PipelinePlacementPolicy.java:meetCriteria(91)) - Pipeline Placement: can't place more pipeline on heavy datanode： db227204-214e-44d9-8d16-8c4813e40a58 Heaviness: 6 limit: 5
2019-09-26 10:05:55,710 [IPC Server handler 9 on 39513] INFO  pipeline.PipelinePlacementPolicy (PipelinePlacementPolicy.java:meetCriteria(91)) - Pipeline Placement: can't place more pipeline on heavy datanode： 583d69a3-91a3-48b1-b57b-32c881e6a62a Heaviness: 6 limit: 5
2019-09-26 10:05:55,710 [IPC Server handler 9 on 39513] INFO  pipeline.PipelinePlacementPolicy (PipelinePlacementPolicy.java:meetCriteria(91)) - Pipeline Placement: can't place more pipeline on heavy datanode： 78fc6c82-4831-4601-bfbf-c281d6d238b7 Heaviness: 6 limit: 5
2019-09-26 10:05:55,710 [IPC Server handler 9 on 39513] INFO  pipeline.PipelinePlacementPolicy (PipelinePlacementPolicy.java:meetCriteria(91)) - Pipeline Placement: can't place more pipeline on heavy datanode： 9c78032f-eba8-46d0-8c4d-d82b43c60fb9 Heaviness: 6 limit: 5
2019-09-26 10:05:55,710 [IPC Server handler 9 on 39513] INFO  pipeline.PipelinePlacementPolicy (PipelinePlacementPolicy.java:meetCriteria(91)) - Pipeline Placement: can't place more pipeline on heavy datanode： 830a81b3-f833-43ed-8e64-f2525410bb9b Heaviness: 6 limit: 5
2019-09-26 10:05:55,710 [IPC Server handler 9 on 39513] INFO  pipeline.PipelinePlacementPolicy (PipelinePlacementPolicy.java:meetCriteria(91)) - Pipeline Placement: can't place more pipeline on heavy datanode： c48e9c41-2800-44a2-9011-d3474aeafd5c Heaviness: 6 limit: 5
2019-09-26 10:05:55,710 [IPC Server handler 9 on 39513] ERROR pipeline.PipelinePlacementPolicy (PipelinePlacementPolicy.java:filterViableNodes(148)) - Unable to find enough nodes that meet the criteria that cannot engage in more than 5 pipelines. Nodes required: 3 Found: 0, healthy nodes count inNodeManager: 7.
2019-09-26 10:05:55,711 [IPC Server handler 9 on 39513] ERROR pipeline.SCMPipelineManager (SCMPipelineManager.java:createPipeline(167)) - Pipeline creation failed.
org.apache.hadoop.hdds.scm.exceptions.SCMException: Unable to find enough nodes that meet the criteria that cannot engage in more than 5 pipelines. Nodes required: 3 Found: 0, healthy nodes count inNodeManager: 7.
	at org.apache.hadoop.hdds.scm.pipeline.PipelinePlacementPolicy.filterViableNodes(PipelinePlacementPolicy.java:149)
	at org.apache.hadoop.hdds.scm.pipeline.PipelinePlacementPolicy.chooseDatanodes(PipelinePlacementPolicy.java:172)
	at org.apache.hadoop.hdds.scm.pipeline.RatisPipelineProvider.create(RatisPipelineProvider.java:93)
	at org.apache.hadoop.hdds.scm.pipeline.PipelineFactory.create(PipelineFactory.java:58)
	at org.apache.hadoop.hdds.scm.pipeline.SCMPipelineManager.createPipeline(SCMPipelineManager.java:155)
	at org.apache.hadoop.hdds.scm.block.BlockManagerImpl.allocateBlock(BlockManagerImpl.java:190)
	at org.apache.hadoop.hdds.scm.server.SCMBlockProtocolServer.allocateBlock(SCMBlockProtocolServer.java:182)
	at org.apache.hadoop.ozone.protocolPB.ScmBlockLocationProtocolServerSideTranslatorPB.allocateScmBlock(ScmBlockLocationProtocolServerSideTranslatorPB.java:183)
	at org.apache.hadoop.ozone.protocolPB.ScmBlockLocationProtocolServerSideTranslatorPB.processMessage(ScmBlockLocationProtocolServerSideTranslatorPB.java:141)
	at org.apache.hadoop.ozone.protocolPB.ScmBlockLocationProtocolServerSideTranslatorPB.send(ScmBlockLocationProtocolServerSideTranslatorPB.java:116)
	at org.apache.hadoop.hdds.protocol.proto.ScmBlockLocationProtocolProtos$ScmBlockLocationProtocolService$2.callBlockingMethod(ScmBlockLocationProtocolProtos.java:13157)
	at org.apache.hadoop.ipc.ProtobufRpcEngine$Server$ProtoBufRpcInvoker.call(ProtobufRpcEngine.java:524)
	at org.apache.hadoop.ipc.RPC$Server.call(RPC.java:1025)
	at org.apache.hadoop.ipc.Server$RpcCall.run(Server.java:876)
	at org.apache.hadoop.ipc.Server$RpcCall.run(Server.java:822)
	at java.security.AccessController.doPrivileged(Native Method)
	at javax.security.auth.Subject.doAs(Subject.java:422)
	at org.apache.hadoop.security.UserGroupInformation.doAs(UserGroupInformation.java:1730)
	at org.apache.hadoop.ipc.Server$Handler.run(Server.java:2682)
2019-09-26 10:05:55,711 [IPC Server handler 9 on 39513] WARN  block.BlockManagerImpl (BlockManagerImpl.java:allocateBlock(192)) - Pipeline creation failed for type:RATIS factor:THREE. Retrying get pipelines call once.
org.apache.hadoop.hdds.scm.exceptions.SCMException: Unable to find enough nodes that meet the criteria that cannot engage in more than 5 pipelines. Nodes required: 3 Found: 0, healthy nodes count inNodeManager: 7.
	at org.apache.hadoop.hdds.scm.pipeline.PipelinePlacementPolicy.filterViableNodes(PipelinePlacementPolicy.java:149)
	at org.apache.hadoop.hdds.scm.pipeline.PipelinePlacementPolicy.chooseDatanodes(PipelinePlacementPolicy.java:172)
	at org.apache.hadoop.hdds.scm.pipeline.RatisPipelineProvider.create(RatisPipelineProvider.java:93)
	at org.apache.hadoop.hdds.scm.pipeline.PipelineFactory.create(PipelineFactory.java:58)
	at org.apache.hadoop.hdds.scm.pipeline.SCMPipelineManager.createPipeline(SCMPipelineManager.java:155)
	at org.apache.hadoop.hdds.scm.block.BlockManagerImpl.allocateBlock(BlockManagerImpl.java:190)
	at org.apache.hadoop.hdds.scm.server.SCMBlockProtocolServer.allocateBlock(SCMBlockProtocolServer.java:182)
	at org.apache.hadoop.ozone.protocolPB.ScmBlockLocationProtocolServerSideTranslatorPB.allocateScmBlock(ScmBlockLocationProtocolServerSideTranslatorPB.java:183)
	at org.apache.hadoop.ozone.protocolPB.ScmBlockLocationProtocolServerSideTranslatorPB.processMessage(ScmBlockLocationProtocolServerSideTranslatorPB.java:141)
	at org.apache.hadoop.ozone.protocolPB.ScmBlockLocationProtocolServerSideTranslatorPB.send(ScmBlockLocationProtocolServerSideTranslatorPB.java:116)
	at org.apache.hadoop.hdds.protocol.proto.ScmBlockLocationProtocolProtos$ScmBlockLocationProtocolService$2.callBlockingMethod(ScmBlockLocationProtocolProtos.java:13157)
	at org.apache.hadoop.ipc.ProtobufRpcEngine$Server$ProtoBufRpcInvoker.call(ProtobufRpcEngine.java:524)
	at org.apache.hadoop.ipc.RPC$Server.call(RPC.java:1025)
	at org.apache.hadoop.ipc.Server$RpcCall.run(Server.java:876)
	at org.apache.hadoop.ipc.Server$RpcCall.run(Server.java:822)
	at java.security.AccessController.doPrivileged(Native Method)
	at javax.security.auth.Subject.doAs(Subject.java:422)
	at org.apache.hadoop.security.UserGroupInformation.doAs(UserGroupInformation.java:1730)
	at org.apache.hadoop.ipc.Server$Handler.run(Server.java:2682)
2019-09-26 10:05:55,711 [RatisPipelineUtilsThread] INFO  pipeline.PipelinePlacementPolicy (PipelinePlacementPolicy.java:meetCriteria(91)) - Pipeline Placement: can't place more pipeline on heavy datanode： 72f743f9-1e0e-4345-96f1-9a3a34c18cec Heaviness: 6 limit: 5
2019-09-26 10:05:55,712 [RatisPipelineUtilsThread] INFO  pipeline.PipelinePlacementPolicy (PipelinePlacementPolicy.java:meetCriteria(91)) - Pipeline Placement: can't place more pipeline on heavy datanode： db227204-214e-44d9-8d16-8c4813e40a58 Heaviness: 6 limit: 5
2019-09-26 10:05:55,712 [RatisPipelineUtilsThread] INFO  pipeline.PipelinePlacementPolicy (PipelinePlacementPolicy.java:meetCriteria(91)) - Pipeline Placement: can't place more pipeline on heavy datanode： 583d69a3-91a3-48b1-b57b-32c881e6a62a Heaviness: 6 limit: 5
2019-09-26 10:05:55,712 [RatisPipelineUtilsThread] INFO  pipeline.PipelinePlacementPolicy (PipelinePlacementPolicy.java:meetCriteria(91)) - Pipeline Placement: can't place more pipeline on heavy datanode： 78fc6c82-4831-4601-bfbf-c281d6d238b7 Heaviness: 6 limit: 5
2019-09-26 10:05:55,712 [RatisPipelineUtilsThread] INFO  pipeline.PipelinePlacementPolicy (PipelinePlacementPolicy.java:meetCriteria(91)) - Pipeline Placement: can't place more pipeline on heavy datanode： 9c78032f-eba8-46d0-8c4d-d82b43c60fb9 Heaviness: 6 limit: 5
2019-09-26 10:05:55,712 [RatisPipelineUtilsThread] INFO  pipeline.PipelinePlacementPolicy (PipelinePlacementPolicy.java:meetCriteria(91)) - Pipeline Placement: can't place more pipeline on heavy datanode： 830a81b3-f833-43ed-8e64-f2525410bb9b Heaviness: 6 limit: 5
2019-09-26 10:05:55,713 [RatisPipelineUtilsThread] INFO  pipeline.PipelinePlacementPolicy (PipelinePlacementPolicy.java:meetCriteria(91)) - Pipeline Placement: can't place more pipeline on heavy datanode： c48e9c41-2800-44a2-9011-d3474aeafd5c Heaviness: 6 limit: 5
2019-09-26 10:05:55,713 [RatisPipelineUtilsThread] ERROR pipeline.PipelinePlacementPolicy (PipelinePlacementPolicy.java:filterViableNodes(148)) - Unable to find enough nodes that meet the criteria that cannot engage in more than 5 pipelines. Nodes required: 3 Found: 0, healthy nodes count inNodeManager: 7.
2019-09-26 10:05:55,713 [RatisPipelineUtilsThread] ERROR pipeline.SCMPipelineManager (SCMPipelineManager.java:createPipeline(167)) - Pipeline creation failed.
org.apache.hadoop.hdds.scm.exceptions.SCMException: Unable to find enough nodes that meet the criteria that cannot engage in more than 5 pipelines. Nodes required: 3 Found: 0, healthy nodes count inNodeManager: 7.
	at org.apache.hadoop.hdds.scm.pipeline.PipelinePlacementPolicy.filterViableNodes(PipelinePlacementPolicy.java:149)
	at org.apache.hadoop.hdds.scm.pipeline.PipelinePlacementPolicy.chooseDatanodes(PipelinePlacementPolicy.java:172)
	at org.apache.hadoop.hdds.scm.pipeline.RatisPipelineProvider.create(RatisPipelineProvider.java:93)
	at org.apache.hadoop.hdds.scm.pipeline.PipelineFactory.create(PipelineFactory.java:58)
	at org.apache.hadoop.hdds.scm.pipeline.SCMPipelineManager.createPipeline(SCMPipelineManager.java:155)
	at org.apache.hadoop.hdds.scm.pipeline.BackgroundPipelineCreator.createPipelines(BackgroundPipelineCreator.java:99)
	at org.apache.hadoop.hdds.scm.pipeline.BackgroundPipelineCreator.lambda$startFixedIntervalPipelineCreator$0(BackgroundPipelineCreator.java:70)
	at java.util.concurrent.Executors$RunnableAdapter.call(Executors.java:511)
	at java.util.concurrent.FutureTask.runAndReset(FutureTask.java:308)
	at java.util.concurrent.ScheduledThreadPoolExecutor$ScheduledFutureTask.access$301(ScheduledThreadPoolExecutor.java:180)
	at java.util.concurrent.ScheduledThreadPoolExecutor$ScheduledFutureTask.run(ScheduledThreadPoolExecutor.java:294)
	at java.util.concurrent.ThreadPoolExecutor.runWorker(ThreadPoolExecutor.java:1149)
	at java.util.concurrent.ThreadPoolExecutor$Worker.run(ThreadPoolExecutor.java:624)
	at java.lang.Thread.run(Thread.java:748)
2019-09-26 10:05:55,714 [IPC Server handler 9 on 39513] INFO  block.BlockManagerImpl (BlockManagerImpl.java:allocateBlock(198)) - Could not find available pipeline of type:RATIS and factor:THREE even after retrying
2019-09-26 10:05:55,714 [IPC Server handler 9 on 39513] ERROR block.BlockManagerImpl (BlockManagerImpl.java:allocateBlock(222)) - Unable to allocate a block for the size: 800, type: RATIS, factor: THREE
2019-09-26 10:05:55,719 [main] INFO  ozone.MiniOzoneClusterImpl (MiniOzoneClusterImpl.java:shutdown(314)) - Shutting down the Mini Ozone Cluster
2019-09-26 10:05:55,719 [main] INFO  ozone.MiniOzoneClusterImpl (MiniOzoneClusterImpl.java:stop(330)) - Stopping the Mini Ozone Cluster
2019-09-26 10:05:55,719 [main] INFO  ozone.MiniOzoneClusterImpl (MiniOzoneClusterImpl.java:stopOM(400)) - Stopping the OzoneManager
2019-09-26 10:05:55,719 [main] INFO  ipc.Server (Server.java:stop(3082)) - Stopping server on 45402
2019-09-26 10:05:55,747 [IPC Server listener on 45402] INFO  ipc.Server (Server.java:run(1185)) - Stopping IPC Server listener on 45402
2019-09-26 10:05:55,747 [main] INFO  ratis.OzoneManagerDoubleBuffer (OzoneManagerDoubleBuffer.java:stop(248)) - Stopping OMDoubleBuffer flush thread
2019-09-26 10:05:55,747 [IPC Server Responder] INFO  ipc.Server (Server.java:run(1319)) - Stopping IPC Server Responder
2019-09-26 10:05:55,762 [OMDoubleBufferFlushThread] INFO  ratis.OzoneManagerDoubleBuffer (OzoneManagerDoubleBuffer.java:flushTransactions(191)) - OMDoubleBuffer flush thread OMDoubleBufferFlushThread is interrupted and will exit. OMDoubleBufferFlushThread
2019-09-26 10:05:55,780 [main] INFO  utils.BackgroundService (BackgroundService.java:shutdown(148)) - Shutting down service KeyDeletingService
2019-09-26 10:05:55,781 [main] INFO  handler.ContextHandler (ContextHandler.java:doStop(910)) - Stopped o.e.j.w.WebAppContext@78116659{/,null,UNAVAILABLE}{/ozoneManager}
2019-09-26 10:05:55,782 [main] INFO  server.AbstractConnector (AbstractConnector.java:doStop(318)) - Stopped ServerConnector@712e787e{HTTP/1.1,[http/1.1]}{0.0.0.0:0}
2019-09-26 10:05:55,782 [main] INFO  handler.ContextHandler (ContextHandler.java:doStop(910)) - Stopped o.e.j.s.ServletContextHandler@3e43f049{/static,file:///workdir/hadoop-ozone/integration-test/target/test-classes/webapps/static,UNAVAILABLE}
2019-09-26 10:05:55,783 [main] INFO  handler.ContextHandler (ContextHandler.java:doStop(910)) - Stopped o.e.j.s.ServletContextHandler@54f6b629{/logs,file:///workdir/hadoop-ozone/integration-test/target/log,UNAVAILABLE}
2019-09-26 10:05:55,785 [main] INFO  ozone.MiniOzoneClusterImpl (MiniOzoneClusterImpl.java:stopDatanodes(377)) - Stopping the HddsDatanodes
2019-09-26 10:05:56,015 [Datanode State Machine Thread - 0] INFO  statemachine.DatanodeStateMachine (DatanodeStateMachine.java:lambda$startDaemon$0(350)) - Ozone container server started.
2019-09-26 10:05:56,251 [Datanode State Machine Thread - 0] INFO  statemachine.DatanodeStateMachine (DatanodeStateMachine.java:lambda$startDaemon$0(350)) - Ozone container server started.
2019-09-26 10:05:56,954 [Thread-2653] INFO  container.ReplicationManager (ReplicationManager.java:start(163)) - Starting Replication Monitor Thread.
2019-09-26 10:05:56,958 [ReplicationMonitor] INFO  container.ReplicationManager (ReplicationManager.java:run(226)) - Replication Monitor Thread took 1 milliseconds for processing 0 containers.
2019-09-26 10:05:59,035 [Thread-2655] INFO  impl.FollowerState (FollowerState.java:run(106)) - 78fc6c82-4831-4601-bfbf-c281d6d238b7:group-784F541CA264 changes to CANDIDATE, lastRpcTime:5015, electionTimeout:5015ms
2019-09-26 10:05:59,035 [Thread-2655] INFO  impl.RoleInfo (RoleInfo.java:shutdownFollowerState(121)) - 78fc6c82-4831-4601-bfbf-c281d6d238b7: shutdown FollowerState
2019-09-26 10:05:59,036 [Thread-2655] INFO  impl.RaftServerImpl (RaftServerImpl.java:setRole(174)) - 78fc6c82-4831-4601-bfbf-c281d6d238b7@group-784F541CA264: changes role from  FOLLOWER to CANDIDATE at term 0 for changeToCandidate
2019-09-26 10:05:59,036 [Thread-2655] INFO  impl.RoleInfo (RoleInfo.java:updateAndGet(143)) - 78fc6c82-4831-4601-bfbf-c281d6d238b7: start LeaderElection
2019-09-26 10:05:59,055 [78fc6c82-4831-4601-bfbf-c281d6d238b7@group-784F541CA264:LeaderElection181] INFO  impl.LeaderElection (LeaderElection.java:askForVotes(182)) - 78fc6c82-4831-4601-bfbf-c281d6d238b7@group-784F541CA264:LeaderElection181: begin an election at term 1 for -1: [78fc6c82-4831-4601-bfbf-c281d6d238b7:192.168.30.13:36365], old=null
2019-09-26 10:05:59,056 [78fc6c82-4831-4601-bfbf-c281d6d238b7@group-784F541CA264:LeaderElection181] INFO  impl.RoleInfo (RoleInfo.java:shutdownLeaderElection(134)) - 78fc6c82-4831-4601-bfbf-c281d6d238b7: shutdown LeaderElection
2019-09-26 10:05:59,056 [78fc6c82-4831-4601-bfbf-c281d6d238b7@group-784F541CA264:LeaderElection181] INFO  impl.RaftServerImpl (RaftServerImpl.java:setRole(174)) - 78fc6c82-4831-4601-bfbf-c281d6d238b7@group-784F541CA264: changes role from CANDIDATE to LEADER at term 1 for changeToLeader
2019-09-26 10:05:59,056 [78fc6c82-4831-4601-bfbf-c281d6d238b7@group-784F541CA264:LeaderElection181] INFO  impl.RaftServerImpl (ServerState.java:setLeader(253)) - 78fc6c82-4831-4601-bfbf-c281d6d238b7@group-784F541CA264: change Leader from null to 78fc6c82-4831-4601-bfbf-c281d6d238b7 at term 1 for becomeLeader, leader elected after 5046ms
2019-09-26 10:05:59,056 [78fc6c82-4831-4601-bfbf-c281d6d238b7@group-784F541CA264:LeaderElection181] INFO  server.RaftServerConfigKeys (ConfUtils.java:logGet(43)) - raft.server.staging.catchup.gap = 1000 (default)
2019-09-26 10:05:59,056 [78fc6c82-4831-4601-bfbf-c281d6d238b7@group-784F541CA264:LeaderElection181] INFO  server.RaftServerConfigKeys (ConfUtils.java:logGet(43)) - raft.server.rpc.sleep.time = 25ms (default)
2019-09-26 10:05:59,056 [78fc6c82-4831-4601-bfbf-c281d6d238b7@group-784F541CA264:LeaderElection181] INFO  server.RaftServerConfigKeys (ConfUtils.java:logGet(43)) - raft.server.write.element-limit = 4096 (default)
2019-09-26 10:05:59,056 [78fc6c82-4831-4601-bfbf-c281d6d238b7@group-784F541CA264:LeaderElection181] INFO  server.RaftServerConfigKeys (ConfUtils.java:logGet(43)) - raft.server.watch.timeout = 10s (default)
2019-09-26 10:05:59,057 [78fc6c82-4831-4601-bfbf-c281d6d238b7@group-784F541CA264:LeaderElection181] INFO  server.RaftServerConfigKeys (ConfUtils.java:logGet(43)) - raft.server.watch.timeout.denomination = 1s (default)
2019-09-26 10:05:59,057 [78fc6c82-4831-4601-bfbf-c281d6d238b7@group-784F541CA264:LeaderElection181] INFO  server.RaftServerConfigKeys (ConfUtils.java:logGet(43)) - raft.server.watch.element-limit = 65536 (default)
2019-09-26 10:05:59,058 [78fc6c82-4831-4601-bfbf-c281d6d238b7@group-784F541CA264:LeaderElection181] INFO  impl.RoleInfo (RoleInfo.java:updateAndGet(143)) - 78fc6c82-4831-4601-bfbf-c281d6d238b7: start LeaderState
2019-09-26 10:05:59,058 [78fc6c82-4831-4601-bfbf-c281d6d238b7@group-784F541CA264:LeaderElection181] INFO  segmented.SegmentedRaftLogWorker (SegmentedRaftLogWorker.java:startLogSegment(380)) - 78fc6c82-4831-4601-bfbf-c281d6d238b7@group-784F541CA264-SegmentedRaftLogWorker: Starting segment from index:0
2019-09-26 10:05:59,059 [78fc6c82-4831-4601-bfbf-c281d6d238b7@group-784F541CA264:LeaderElection181] INFO  impl.RaftServerImpl (ServerState.java:setRaftConf(354)) - 78fc6c82-4831-4601-bfbf-c281d6d238b7@group-784F541CA264: set configuration 0: [78fc6c82-4831-4601-bfbf-c281d6d238b7:192.168.30.13:36365], old=null at 0
2019-09-26 10:05:59,094 [EventQueue-StaleNodeForStaleNodeHandler] INFO  node.StaleNodeHandler (StaleNodeHandler.java:onMessage(58)) - Datanode 72f743f9-1e0e-4345-96f1-9a3a34c18cec{ip: 192.168.30.13, host: pr-hdds-1569-wvzgm-824869521, networkLocation: /default-rack, certSerialId: null} moved to stale state. Finalizing its pipelines [PipelineID=b5c28181-a85a-49bd-8648-a06ef9bd81f6, PipelineID=972106b0-9d33-47ff-8f5d-7b83285b0221, PipelineID=89fc9a0f-2af8-47aa-a4b6-2968d36e678d, PipelineID=c400036c-a978-449d-b78b-d768095cf80a, PipelineID=1d9e71ac-47ce-4622-8e4f-cdba19d3f1b6, PipelineID=d718579d-8d47-4c53-9734-2a2622c035fc]
2019-09-26 10:05:59,094 [EventQueue-StaleNodeForStaleNodeHandler] INFO  pipeline.SCMPipelineManager (SCMPipelineManager.java:finalizeAndDestroyPipeline(316)) - destroying pipeline:Pipeline[ Id: b5c28181-a85a-49bd-8648-a06ef9bd81f6, Nodes: 72f743f9-1e0e-4345-96f1-9a3a34c18cec{ip: 192.168.30.13, host: pr-hdds-1569-wvzgm-824869521, networkLocation: /default-rack, certSerialId: null}, Type:RATIS, Factor:ONE, State:OPEN]
2019-09-26 10:05:59,094 [EventQueue-StaleNodeForStaleNodeHandler] INFO  pipeline.PipelineStateManager (PipelineStateManager.java:finalizePipeline(123)) - Pipeline Pipeline[ Id: b5c28181-a85a-49bd-8648-a06ef9bd81f6, Nodes: 72f743f9-1e0e-4345-96f1-9a3a34c18cec{ip: 192.168.30.13, host: pr-hdds-1569-wvzgm-824869521, networkLocation: /default-rack, certSerialId: null}, Type:RATIS, Factor:ONE, State:CLOSED] moved to CLOSED state
2019-09-26 10:05:59,094 [EventQueue-StaleNodeForStaleNodeHandler] INFO  pipeline.SCMPipelineManager (SCMPipelineManager.java:finalizeAndDestroyPipeline(316)) - destroying pipeline:Pipeline[ Id: 972106b0-9d33-47ff-8f5d-7b83285b0221, Nodes: 72f743f9-1e0e-4345-96f1-9a3a34c18cec{ip: 192.168.30.13, host: pr-hdds-1569-wvzgm-824869521, networkLocation: /default-rack, certSerialId: null}, Type:RATIS, Factor:ONE, State:OPEN]
2019-09-26 10:05:59,095 [EventQueue-StaleNodeForStaleNodeHandler] INFO  pipeline.PipelineStateManager (PipelineStateManager.java:finalizePipeline(123)) - Pipeline Pipeline[ Id: 972106b0-9d33-47ff-8f5d-7b83285b0221, Nodes: 72f743f9-1e0e-4345-96f1-9a3a34c18cec{ip: 192.168.30.13, host: pr-hdds-1569-wvzgm-824869521, networkLocation: /default-rack, certSerialId: null}, Type:RATIS, Factor:ONE, State:CLOSED] moved to CLOSED state
2019-09-26 10:05:59,095 [EventQueue-StaleNodeForStaleNodeHandler] INFO  pipeline.SCMPipelineManager (SCMPipelineManager.java:finalizeAndDestroyPipeline(316)) - destroying pipeline:Pipeline[ Id: 89fc9a0f-2af8-47aa-a4b6-2968d36e678d, Nodes: 72f743f9-1e0e-4345-96f1-9a3a34c18cec{ip: 192.168.30.13, host: pr-hdds-1569-wvzgm-824869521, networkLocation: /default-rack, certSerialId: null}, Type:RATIS, Factor:ONE, State:OPEN]
2019-09-26 10:05:59,095 [EventQueue-StaleNodeForStaleNodeHandler] INFO  pipeline.PipelineStateManager (PipelineStateManager.java:finalizePipeline(123)) - Pipeline Pipeline[ Id: 89fc9a0f-2af8-47aa-a4b6-2968d36e678d, Nodes: 72f743f9-1e0e-4345-96f1-9a3a34c18cec{ip: 192.168.30.13, host: pr-hdds-1569-wvzgm-824869521, networkLocation: /default-rack, certSerialId: null}, Type:RATIS, Factor:ONE, State:CLOSED] moved to CLOSED state
2019-09-26 10:05:59,095 [EventQueue-StaleNodeForStaleNodeHandler] INFO  pipeline.SCMPipelineManager (SCMPipelineManager.java:finalizeAndDestroyPipeline(316)) - destroying pipeline:Pipeline[ Id: c400036c-a978-449d-b78b-d768095cf80a, Nodes: 72f743f9-1e0e-4345-96f1-9a3a34c18cec{ip: 192.168.30.13, host: pr-hdds-1569-wvzgm-824869521, networkLocation: /default-rack, certSerialId: null}, Type:RATIS, Factor:ONE, State:OPEN]
2019-09-26 10:05:59,095 [EventQueue-StaleNodeForStaleNodeHandler] INFO  pipeline.PipelineStateManager (PipelineStateManager.java:finalizePipeline(123)) - Pipeline Pipeline[ Id: c400036c-a978-449d-b78b-d768095cf80a, Nodes: 72f743f9-1e0e-4345-96f1-9a3a34c18cec{ip: 192.168.30.13, host: pr-hdds-1569-wvzgm-824869521, networkLocation: /default-rack, certSerialId: null}, Type:RATIS, Factor:ONE, State:CLOSED] moved to CLOSED state
2019-09-26 10:05:59,095 [EventQueue-StaleNodeForStaleNodeHandler] INFO  pipeline.SCMPipelineManager (SCMPipelineManager.java:finalizeAndDestroyPipeline(316)) - destroying pipeline:Pipeline[ Id: 1d9e71ac-47ce-4622-8e4f-cdba19d3f1b6, Nodes: 72f743f9-1e0e-4345-96f1-9a3a34c18cec{ip: 192.168.30.13, host: pr-hdds-1569-wvzgm-824869521, networkLocation: /default-rack, certSerialId: null}, Type:RATIS, Factor:ONE, State:OPEN]
2019-09-26 10:05:59,095 [EventQueue-StaleNodeForStaleNodeHandler] INFO  pipeline.PipelineStateManager (PipelineStateManager.java:finalizePipeline(123)) - Pipeline Pipeline[ Id: 1d9e71ac-47ce-4622-8e4f-cdba19d3f1b6, Nodes: 72f743f9-1e0e-4345-96f1-9a3a34c18cec{ip: 192.168.30.13, host: pr-hdds-1569-wvzgm-824869521, networkLocation: /default-rack, certSerialId: null}, Type:RATIS, Factor:ONE, State:CLOSED] moved to CLOSED state
2019-09-26 10:05:59,095 [EventQueue-StaleNodeForStaleNodeHandler] INFO  pipeline.SCMPipelineManager (SCMPipelineManager.java:finalizeAndDestroyPipeline(316)) - destroying pipeline:Pipeline[ Id: d718579d-8d47-4c53-9734-2a2622c035fc, Nodes: 72f743f9-1e0e-4345-96f1-9a3a34c18cec{ip: 192.168.30.13, host: pr-hdds-1569-wvzgm-824869521, networkLocation: /default-rack, certSerialId: null}, Type:RATIS, Factor:ONE, State:OPEN]
2019-09-26 10:05:59,095 [EventQueue-StaleNodeForStaleNodeHandler] INFO  pipeline.PipelineStateManager (PipelineStateManager.java:finalizePipeline(123)) - Pipeline Pipeline[ Id: d718579d-8d47-4c53-9734-2a2622c035fc, Nodes: 72f743f9-1e0e-4345-96f1-9a3a34c18cec{ip: 192.168.30.13, host: pr-hdds-1569-wvzgm-824869521, networkLocation: /default-rack, certSerialId: null}, Type:RATIS, Factor:ONE, State:CLOSED] moved to CLOSED state
2019-09-26 10:05:59,106 [78fc6c82-4831-4601-bfbf-c281d6d238b7@group-784F541CA264-SegmentedRaftLogWorker] INFO  segmented.SegmentedRaftLogWorker (SegmentedRaftLogWorker.java:execute(569)) - 78fc6c82-4831-4601-bfbf-c281d6d238b7@group-784F541CA264-SegmentedRaftLogWorker: created new log segment /workdir/hadoop-ozone/integration-test/target/test-dir/MiniOzoneClusterImpl-6f19b49f-1ba0-4037-80e1-640204793d9e/datanode-0/data/ratis/733e27fa-5432-49fd-b932-784f541ca264/current/log_inprogress_0
2019-09-26 10:05:59,215 [Thread-2658] INFO  impl.FollowerState (FollowerState.java:run(106)) - 78fc6c82-4831-4601-bfbf-c281d6d238b7:group-D0A70F3DA48F changes to CANDIDATE, lastRpcTime:5153, electionTimeout:5153ms
2019-09-26 10:05:59,215 [Thread-2658] INFO  impl.RoleInfo (RoleInfo.java:shutdownFollowerState(121)) - 78fc6c82-4831-4601-bfbf-c281d6d238b7: shutdown FollowerState
2019-09-26 10:05:59,215 [Thread-2664] INFO  impl.FollowerState (FollowerState.java:run(106)) - 78fc6c82-4831-4601-bfbf-c281d6d238b7:group-F4074985DDAE changes to CANDIDATE, lastRpcTime:5099, electionTimeout:5099ms
2019-09-26 10:05:59,215 [Thread-2658] INFO  impl.RaftServerImpl (RaftServerImpl.java:setRole(174)) - 78fc6c82-4831-4601-bfbf-c281d6d238b7@group-D0A70F3DA48F: changes role from  FOLLOWER to CANDIDATE at term 0 for changeToCandidate
2019-09-26 10:05:59,216 [Thread-2664] INFO  impl.RoleInfo (RoleInfo.java:shutdownFollowerState(121)) - 78fc6c82-4831-4601-bfbf-c281d6d238b7: shutdown FollowerState
2019-09-26 10:05:59,216 [Thread-2658] INFO  impl.RoleInfo (RoleInfo.java:updateAndGet(143)) - 78fc6c82-4831-4601-bfbf-c281d6d238b7: start LeaderElection
2019-09-26 10:05:59,216 [Thread-2664] INFO  impl.RaftServerImpl (RaftServerImpl.java:setRole(174)) - 78fc6c82-4831-4601-bfbf-c281d6d238b7@group-F4074985DDAE: changes role from  FOLLOWER to CANDIDATE at term 0 for changeToCandidate
2019-09-26 10:05:59,216 [Thread-2664] INFO  impl.RoleInfo (RoleInfo.java:updateAndGet(143)) - 78fc6c82-4831-4601-bfbf-c281d6d238b7: start LeaderElection
2019-09-26 10:05:59,240 [78fc6c82-4831-4601-bfbf-c281d6d238b7@group-D0A70F3DA48F:LeaderElection182] INFO  impl.LeaderElection (LeaderElection.java:askForVotes(182)) - 78fc6c82-4831-4601-bfbf-c281d6d238b7@group-D0A70F3DA48F:LeaderElection182: begin an election at term 1 for -1: [78fc6c82-4831-4601-bfbf-c281d6d238b7:192.168.30.13:36365], old=null
2019-09-26 10:05:59,240 [78fc6c82-4831-4601-bfbf-c281d6d238b7@group-F4074985DDAE:LeaderElection183] INFO  impl.LeaderElection (LeaderElection.java:askForVotes(182)) - 78fc6c82-4831-4601-bfbf-c281d6d238b7@group-F4074985DDAE:LeaderElection183: begin an election at term 1 for -1: [78fc6c82-4831-4601-bfbf-c281d6d238b7:192.168.30.13:36365], old=null
2019-09-26 10:05:59,240 [78fc6c82-4831-4601-bfbf-c281d6d238b7@group-D0A70F3DA48F:LeaderElection182] INFO  impl.RoleInfo (RoleInfo.java:shutdownLeaderElection(134)) - 78fc6c82-4831-4601-bfbf-c281d6d238b7: shutdown LeaderElection
2019-09-26 10:05:59,240 [78fc6c82-4831-4601-bfbf-c281d6d238b7@group-F4074985DDAE:LeaderElection183] INFO  impl.RoleInfo (RoleInfo.java:shutdownLeaderElection(134)) - 78fc6c82-4831-4601-bfbf-c281d6d238b7: shutdown LeaderElection
2019-09-26 10:05:59,240 [78fc6c82-4831-4601-bfbf-c281d6d238b7@group-D0A70F3DA48F:LeaderElection182] INFO  impl.RaftServerImpl (RaftServerImpl.java:setRole(174)) - 78fc6c82-4831-4601-bfbf-c281d6d238b7@group-D0A70F3DA48F: changes role from CANDIDATE to LEADER at term 1 for changeToLeader
2019-09-26 10:05:59,240 [78fc6c82-4831-4601-bfbf-c281d6d238b7@group-F4074985DDAE:LeaderElection183] INFO  impl.RaftServerImpl (RaftServerImpl.java:setRole(174)) - 78fc6c82-4831-4601-bfbf-c281d6d238b7@group-F4074985DDAE: changes role from CANDIDATE to LEADER at term 1 for changeToLeader
2019-09-26 10:05:59,241 [78fc6c82-4831-4601-bfbf-c281d6d238b7@group-D0A70F3DA48F:LeaderElection182] INFO  impl.RaftServerImpl (ServerState.java:setLeader(253)) - 78fc6c82-4831-4601-bfbf-c281d6d238b7@group-D0A70F3DA48F: change Leader from null to 78fc6c82-4831-4601-bfbf-c281d6d238b7 at term 1 for becomeLeader, leader elected after 5183ms
2019-09-26 10:05:59,241 [78fc6c82-4831-4601-bfbf-c281d6d238b7@group-F4074985DDAE:LeaderElection183] INFO  impl.RaftServerImpl (ServerState.java:setLeader(253)) - 78fc6c82-4831-4601-bfbf-c281d6d238b7@group-F4074985DDAE: change Leader from null to 78fc6c82-4831-4601-bfbf-c281d6d238b7 at term 1 for becomeLeader, leader elected after 5128ms
2019-09-26 10:05:59,241 [78fc6c82-4831-4601-bfbf-c281d6d238b7@group-D0A70F3DA48F:LeaderElection182] INFO  server.RaftServerConfigKeys (ConfUtils.java:logGet(43)) - raft.server.staging.catchup.gap = 1000 (default)
2019-09-26 10:05:59,241 [78fc6c82-4831-4601-bfbf-c281d6d238b7@group-F4074985DDAE:LeaderElection183] INFO  server.RaftServerConfigKeys (ConfUtils.java:logGet(43)) - raft.server.staging.catchup.gap = 1000 (default)
2019-09-26 10:05:59,241 [78fc6c82-4831-4601-bfbf-c281d6d238b7@group-D0A70F3DA48F:LeaderElection182] INFO  server.RaftServerConfigKeys (ConfUtils.java:logGet(43)) - raft.server.rpc.sleep.time = 25ms (default)
2019-09-26 10:05:59,241 [78fc6c82-4831-4601-bfbf-c281d6d238b7@group-F4074985DDAE:LeaderElection183] INFO  server.RaftServerConfigKeys (ConfUtils.java:logGet(43)) - raft.server.rpc.sleep.time = 25ms (default)
2019-09-26 10:05:59,241 [78fc6c82-4831-4601-bfbf-c281d6d238b7@group-D0A70F3DA48F:LeaderElection182] INFO  server.RaftServerConfigKeys (ConfUtils.java:logGet(43)) - raft.server.write.element-limit = 4096 (default)
2019-09-26 10:05:59,241 [78fc6c82-4831-4601-bfbf-c281d6d238b7@group-F4074985DDAE:LeaderElection183] INFO  server.RaftServerConfigKeys (ConfUtils.java:logGet(43)) - raft.server.write.element-limit = 4096 (default)
2019-09-26 10:05:59,241 [78fc6c82-4831-4601-bfbf-c281d6d238b7@group-D0A70F3DA48F:LeaderElection182] INFO  server.RaftServerConfigKeys (ConfUtils.java:logGet(43)) - raft.server.watch.timeout = 10s (default)
2019-09-26 10:05:59,242 [78fc6c82-4831-4601-bfbf-c281d6d238b7@group-F4074985DDAE:LeaderElection183] INFO  server.RaftServerConfigKeys (ConfUtils.java:logGet(43)) - raft.server.watch.timeout = 10s (default)
2019-09-26 10:05:59,242 [78fc6c82-4831-4601-bfbf-c281d6d238b7@group-D0A70F3DA48F:LeaderElection182] INFO  server.RaftServerConfigKeys (ConfUtils.java:logGet(43)) - raft.server.watch.timeout.denomination = 1s (default)
2019-09-26 10:05:59,242 [78fc6c82-4831-4601-bfbf-c281d6d238b7@group-F4074985DDAE:LeaderElection183] INFO  server.RaftServerConfigKeys (ConfUtils.java:logGet(43)) - raft.server.watch.timeout.denomination = 1s (default)
2019-09-26 10:05:59,242 [78fc6c82-4831-4601-bfbf-c281d6d238b7@group-D0A70F3DA48F:LeaderElection182] INFO  server.RaftServerConfigKeys (ConfUtils.java:logGet(43)) - raft.server.watch.element-limit = 65536 (default)
2019-09-26 10:05:59,242 [78fc6c82-4831-4601-bfbf-c281d6d238b7@group-F4074985DDAE:LeaderElection183] INFO  server.RaftServerConfigKeys (ConfUtils.java:logGet(43)) - raft.server.watch.element-limit = 65536 (default)
2019-09-26 10:05:59,245 [78fc6c82-4831-4601-bfbf-c281d6d238b7@group-D0A70F3DA48F:LeaderElection182] INFO  impl.RoleInfo (RoleInfo.java:updateAndGet(143)) - 78fc6c82-4831-4601-bfbf-c281d6d238b7: start LeaderState
2019-09-26 10:05:59,245 [78fc6c82-4831-4601-bfbf-c281d6d238b7@group-F4074985DDAE:LeaderElection183] INFO  impl.RoleInfo (RoleInfo.java:updateAndGet(143)) - 78fc6c82-4831-4601-bfbf-c281d6d238b7: start LeaderState
2019-09-26 10:05:59,245 [78fc6c82-4831-4601-bfbf-c281d6d238b7@group-D0A70F3DA48F:LeaderElection182] INFO  segmented.SegmentedRaftLogWorker (SegmentedRaftLogWorker.java:startLogSegment(380)) - 78fc6c82-4831-4601-bfbf-c281d6d238b7@group-D0A70F3DA48F-SegmentedRaftLogWorker: Starting segment from index:0
2019-09-26 10:05:59,245 [78fc6c82-4831-4601-bfbf-c281d6d238b7@group-F4074985DDAE:LeaderElection183] INFO  segmented.SegmentedRaftLogWorker (SegmentedRaftLogWorker.java:startLogSegment(380)) - 78fc6c82-4831-4601-bfbf-c281d6d238b7@group-F4074985DDAE-SegmentedRaftLogWorker: Starting segment from index:0
2019-09-26 10:05:59,245 [78fc6c82-4831-4601-bfbf-c281d6d238b7@group-D0A70F3DA48F:LeaderElection182] INFO  impl.RaftServerImpl (ServerState.java:setRaftConf(354)) - 78fc6c82-4831-4601-bfbf-c281d6d238b7@group-D0A70F3DA48F: set configuration 0: [78fc6c82-4831-4601-bfbf-c281d6d238b7:192.168.30.13:36365], old=null at 0
2019-09-26 10:05:59,246 [78fc6c82-4831-4601-bfbf-c281d6d238b7@group-F4074985DDAE:LeaderElection183] INFO  impl.RaftServerImpl (ServerState.java:setRaftConf(354)) - 78fc6c82-4831-4601-bfbf-c281d6d238b7@group-F4074985DDAE: set configuration 0: [78fc6c82-4831-4601-bfbf-c281d6d238b7:192.168.30.13:36365], old=null at 0
2019-09-26 10:05:59,259 [Thread-2670] INFO  impl.FollowerState (FollowerState.java:run(106)) - 78fc6c82-4831-4601-bfbf-c281d6d238b7:group-970024D6B6EB changes to CANDIDATE, lastRpcTime:5049, electionTimeout:5049ms
2019-09-26 10:05:59,259 [Thread-2670] INFO  impl.RoleInfo (RoleInfo.java:shutdownFollowerState(121)) - 78fc6c82-4831-4601-bfbf-c281d6d238b7: shutdown FollowerState
2019-09-26 10:05:59,259 [Thread-2670] INFO  impl.RaftServerImpl (RaftServerImpl.java:setRole(174)) - 78fc6c82-4831-4601-bfbf-c281d6d238b7@group-970024D6B6EB: changes role from  FOLLOWER to CANDIDATE at term 0 for changeToCandidate
2019-09-26 10:05:59,259 [Thread-2670] INFO  impl.RoleInfo (RoleInfo.java:updateAndGet(143)) - 78fc6c82-4831-4601-bfbf-c281d6d238b7: start LeaderElection
2019-09-26 10:05:59,284 [Thread-2661] INFO  impl.FollowerState (FollowerState.java:run(106)) - 78fc6c82-4831-4601-bfbf-c281d6d238b7:group-CEB6460525A2 changes to CANDIDATE, lastRpcTime:5190, electionTimeout:5189ms
2019-09-26 10:05:59,284 [Thread-2667] INFO  impl.FollowerState (FollowerState.java:run(106)) - 830a81b3-f833-43ed-8e64-f2525410bb9b:group-741DB518E1DD changes to CANDIDATE, lastRpcTime:5137, electionTimeout:5134ms
2019-09-26 10:05:59,284 [Thread-2661] INFO  impl.RoleInfo (RoleInfo.java:shutdownFollowerState(121)) - 78fc6c82-4831-4601-bfbf-c281d6d238b7: shutdown FollowerState
2019-09-26 10:05:59,285 [Thread-2667] INFO  impl.RoleInfo (RoleInfo.java:shutdownFollowerState(121)) - 830a81b3-f833-43ed-8e64-f2525410bb9b: shutdown FollowerState
2019-09-26 10:05:59,285 [Thread-2661] INFO  impl.RaftServerImpl (RaftServerImpl.java:setRole(174)) - 78fc6c82-4831-4601-bfbf-c281d6d238b7@group-CEB6460525A2: changes role from  FOLLOWER to CANDIDATE at term 0 for changeToCandidate
2019-09-26 10:05:59,285 [Thread-2667] INFO  impl.RaftServerImpl (RaftServerImpl.java:setRole(174)) - 830a81b3-f833-43ed-8e64-f2525410bb9b@group-741DB518E1DD: changes role from  FOLLOWER to CANDIDATE at term 0 for changeToCandidate
2019-09-26 10:05:59,285 [Thread-2661] INFO  impl.RoleInfo (RoleInfo.java:updateAndGet(143)) - 78fc6c82-4831-4601-bfbf-c281d6d238b7: start LeaderElection
2019-09-26 10:05:59,285 [Thread-2667] INFO  impl.RoleInfo (RoleInfo.java:updateAndGet(143)) - 830a81b3-f833-43ed-8e64-f2525410bb9b: start LeaderElection
2019-09-26 10:05:59,294 [EventQueue-StaleNodeForStaleNodeHandler] INFO  node.StaleNodeHandler (StaleNodeHandler.java:onMessage(58)) - Datanode 583d69a3-91a3-48b1-b57b-32c881e6a62a{ip: 192.168.30.13, host: pr-hdds-1569-wvzgm-824869521, networkLocation: /default-rack, certSerialId: null} moved to stale state. Finalizing its pipelines [PipelineID=10b73097-0a9a-4b0a-ae1d-c97889d9f5ee, PipelineID=43eba11d-925b-4f6c-acb4-288c084d4cb6, PipelineID=21031622-625e-4d07-b3de-2942a7b93d64, PipelineID=16613b39-3593-48cd-a33c-f4d589545301, PipelineID=802d5059-329a-42e3-9354-db2f6b186195, PipelineID=8a249c86-c952-45b7-b828-147f68b3880e]
2019-09-26 10:05:59,294 [EventQueue-StaleNodeForStaleNodeHandler] INFO  pipeline.SCMPipelineManager (SCMPipelineManager.java:finalizeAndDestroyPipeline(316)) - destroying pipeline:Pipeline[ Id: 10b73097-0a9a-4b0a-ae1d-c97889d9f5ee, Nodes: 583d69a3-91a3-48b1-b57b-32c881e6a62a{ip: 192.168.30.13, host: pr-hdds-1569-wvzgm-824869521, networkLocation: /default-rack, certSerialId: null}, Type:RATIS, Factor:ONE, State:OPEN]
2019-09-26 10:05:59,294 [EventQueue-StaleNodeForStaleNodeHandler] INFO  pipeline.PipelineStateManager (PipelineStateManager.java:finalizePipeline(123)) - Pipeline Pipeline[ Id: 10b73097-0a9a-4b0a-ae1d-c97889d9f5ee, Nodes: 583d69a3-91a3-48b1-b57b-32c881e6a62a{ip: 192.168.30.13, host: pr-hdds-1569-wvzgm-824869521, networkLocation: /default-rack, certSerialId: null}, Type:RATIS, Factor:ONE, State:CLOSED] moved to CLOSED state
2019-09-26 10:05:59,294 [EventQueue-StaleNodeForStaleNodeHandler] INFO  pipeline.SCMPipelineManager (SCMPipelineManager.java:finalizeAndDestroyPipeline(316)) - destroying pipeline:Pipeline[ Id: 43eba11d-925b-4f6c-acb4-288c084d4cb6, Nodes: 583d69a3-91a3-48b1-b57b-32c881e6a62a{ip: 192.168.30.13, host: pr-hdds-1569-wvzgm-824869521, networkLocation: /default-rack, certSerialId: null}, Type:RATIS, Factor:ONE, State:OPEN]
2019-09-26 10:05:59,295 [EventQueue-StaleNodeForStaleNodeHandler] INFO  pipeline.PipelineStateManager (PipelineStateManager.java:finalizePipeline(123)) - Pipeline Pipeline[ Id: 43eba11d-925b-4f6c-acb4-288c084d4cb6, Nodes: 583d69a3-91a3-48b1-b57b-32c881e6a62a{ip: 192.168.30.13, host: pr-hdds-1569-wvzgm-824869521, networkLocation: /default-rack, certSerialId: null}, Type:RATIS, Factor:ONE, State:CLOSED] moved to CLOSED state
2019-09-26 10:05:59,295 [EventQueue-StaleNodeForStaleNodeHandler] INFO  pipeline.SCMPipelineManager (SCMPipelineManager.java:finalizeAndDestroyPipeline(316)) - destroying pipeline:Pipeline[ Id: 21031622-625e-4d07-b3de-2942a7b93d64, Nodes: 583d69a3-91a3-48b1-b57b-32c881e6a62a{ip: 192.168.30.13, host: pr-hdds-1569-wvzgm-824869521, networkLocation: /default-rack, certSerialId: null}, Type:RATIS, Factor:ONE, State:OPEN]
2019-09-26 10:05:59,295 [EventQueue-StaleNodeForStaleNodeHandler] INFO  pipeline.PipelineStateManager (PipelineStateManager.java:finalizePipeline(123)) - Pipeline Pipeline[ Id: 21031622-625e-4d07-b3de-2942a7b93d64, Nodes: 583d69a3-91a3-48b1-b57b-32c881e6a62a{ip: 192.168.30.13, host: pr-hdds-1569-wvzgm-824869521, networkLocation: /default-rack, certSerialId: null}, Type:RATIS, Factor:ONE, State:CLOSED] moved to CLOSED state
2019-09-26 10:05:59,295 [EventQueue-StaleNodeForStaleNodeHandler] INFO  pipeline.SCMPipelineManager (SCMPipelineManager.java:finalizeAndDestroyPipeline(316)) - destroying pipeline:Pipeline[ Id: 16613b39-3593-48cd-a33c-f4d589545301, Nodes: 583d69a3-91a3-48b1-b57b-32c881e6a62a{ip: 192.168.30.13, host: pr-hdds-1569-wvzgm-824869521, networkLocation: /default-rack, certSerialId: null}, Type:RATIS, Factor:ONE, State:OPEN]
2019-09-26 10:05:59,295 [EventQueue-StaleNodeForStaleNodeHandler] INFO  pipeline.PipelineStateManager (PipelineStateManager.java:finalizePipeline(123)) - Pipeline Pipeline[ Id: 16613b39-3593-48cd-a33c-f4d589545301, Nodes: 583d69a3-91a3-48b1-b57b-32c881e6a62a{ip: 192.168.30.13, host: pr-hdds-1569-wvzgm-824869521, networkLocation: /default-rack, certSerialId: null}, Type:RATIS, Factor:ONE, State:CLOSED] moved to CLOSED state
2019-09-26 10:05:59,295 [EventQueue-StaleNodeForStaleNodeHandler] INFO  pipeline.SCMPipelineManager (SCMPipelineManager.java:finalizeAndDestroyPipeline(316)) - destroying pipeline:Pipeline[ Id: 802d5059-329a-42e3-9354-db2f6b186195, Nodes: 583d69a3-91a3-48b1-b57b-32c881e6a62a{ip: 192.168.30.13, host: pr-hdds-1569-wvzgm-824869521, networkLocation: /default-rack, certSerialId: null}, Type:RATIS, Factor:ONE, State:OPEN]
2019-09-26 10:05:59,295 [EventQueue-StaleNodeForStaleNodeHandler] INFO  pipeline.PipelineStateManager (PipelineStateManager.java:finalizePipeline(123)) - Pipeline Pipeline[ Id: 802d5059-329a-42e3-9354-db2f6b186195, Nodes: 583d69a3-91a3-48b1-b57b-32c881e6a62a{ip: 192.168.30.13, host: pr-hdds-1569-wvzgm-824869521, networkLocation: /default-rack, certSerialId: null}, Type:RATIS, Factor:ONE, State:CLOSED] moved to CLOSED state
2019-09-26 10:05:59,295 [EventQueue-StaleNodeForStaleNodeHandler] INFO  pipeline.SCMPipelineManager (SCMPipelineManager.java:finalizeAndDestroyPipeline(316)) - destroying pipeline:Pipeline[ Id: 8a249c86-c952-45b7-b828-147f68b3880e, Nodes: 583d69a3-91a3-48b1-b57b-32c881e6a62a{ip: 192.168.30.13, host: pr-hdds-1569-wvzgm-824869521, networkLocation: /default-rack, certSerialId: null}, Type:RATIS, Factor:ONE, State:OPEN]
2019-09-26 10:05:59,295 [EventQueue-StaleNodeForStaleNodeHandler] INFO  pipeline.PipelineStateManager (PipelineStateManager.java:finalizePipeline(123)) - Pipeline Pipeline[ Id: 8a249c86-c952-45b7-b828-147f68b3880e, Nodes: 583d69a3-91a3-48b1-b57b-32c881e6a62a{ip: 192.168.30.13, host: pr-hdds-1569-wvzgm-824869521, networkLocation: /default-rack, certSerialId: null}, Type:RATIS, Factor:ONE, State:CLOSED] moved to CLOSED state
2019-09-26 10:05:59,297 [Thread-2673] INFO  impl.FollowerState (FollowerState.java:run(106)) - 78fc6c82-4831-4601-bfbf-c281d6d238b7:group-6A92CA8DA770 changes to CANDIDATE, lastRpcTime:5067, electionTimeout:5067ms
2019-09-26 10:05:59,299 [Thread-2673] INFO  impl.RoleInfo (RoleInfo.java:shutdownFollowerState(121)) - 78fc6c82-4831-4601-bfbf-c281d6d238b7: shutdown FollowerState
2019-09-26 10:05:59,299 [Thread-2673] INFO  impl.RaftServerImpl (RaftServerImpl.java:setRole(174)) - 78fc6c82-4831-4601-bfbf-c281d6d238b7@group-6A92CA8DA770: changes role from  FOLLOWER to CANDIDATE at term 0 for changeToCandidate
2019-09-26 10:05:59,299 [Thread-2673] INFO  impl.RoleInfo (RoleInfo.java:updateAndGet(143)) - 78fc6c82-4831-4601-bfbf-c281d6d238b7: start LeaderElection
2019-09-26 10:05:59,306 [78fc6c82-4831-4601-bfbf-c281d6d238b7@group-F4074985DDAE-SegmentedRaftLogWorker] INFO  segmented.SegmentedRaftLogWorker (SegmentedRaftLogWorker.java:execute(569)) - 78fc6c82-4831-4601-bfbf-c281d6d238b7@group-F4074985DDAE-SegmentedRaftLogWorker: created new log segment /workdir/hadoop-ozone/integration-test/target/test-dir/MiniOzoneClusterImpl-6f19b49f-1ba0-4037-80e1-640204793d9e/datanode-0/data/ratis/8a17aee4-b4fd-43cd-b6ac-f4074985ddae/current/log_inprogress_0
2019-09-26 10:05:59,306 [830a81b3-f833-43ed-8e64-f2525410bb9b@group-741DB518E1DD:LeaderElection186] INFO  impl.LeaderElection (LeaderElection.java:askForVotes(182)) - 830a81b3-f833-43ed-8e64-f2525410bb9b@group-741DB518E1DD:LeaderElection186: begin an election at term 1 for -1: [830a81b3-f833-43ed-8e64-f2525410bb9b:192.168.30.13:33698], old=null
2019-09-26 10:05:59,306 [78fc6c82-4831-4601-bfbf-c281d6d238b7@group-970024D6B6EB:LeaderElection184] INFO  impl.LeaderElection (LeaderElection.java:askForVotes(182)) - 78fc6c82-4831-4601-bfbf-c281d6d238b7@group-970024D6B6EB:LeaderElection184: begin an election at term 1 for -1: [78fc6c82-4831-4601-bfbf-c281d6d238b7:192.168.30.13:36365], old=null
2019-09-26 10:05:59,306 [78fc6c82-4831-4601-bfbf-c281d6d238b7@group-CEB6460525A2:LeaderElection185] INFO  impl.LeaderElection (LeaderElection.java:askForVotes(182)) - 78fc6c82-4831-4601-bfbf-c281d6d238b7@group-CEB6460525A2:LeaderElection185: begin an election at term 1 for -1: [78fc6c82-4831-4601-bfbf-c281d6d238b7:192.168.30.13:36365], old=null
2019-09-26 10:05:59,306 [78fc6c82-4831-4601-bfbf-c281d6d238b7@group-D0A70F3DA48F-SegmentedRaftLogWorker] INFO  segmented.SegmentedRaftLogWorker (SegmentedRaftLogWorker.java:execute(569)) - 78fc6c82-4831-4601-bfbf-c281d6d238b7@group-D0A70F3DA48F-SegmentedRaftLogWorker: created new log segment /workdir/hadoop-ozone/integration-test/target/test-dir/MiniOzoneClusterImpl-6f19b49f-1ba0-4037-80e1-640204793d9e/datanode-0/data/ratis/d8820f0e-569f-4364-9247-d0a70f3da48f/current/log_inprogress_0
2019-09-26 10:05:59,306 [78fc6c82-4831-4601-bfbf-c281d6d238b7@group-CEB6460525A2:LeaderElection185] INFO  impl.RoleInfo (RoleInfo.java:shutdownLeaderElection(134)) - 78fc6c82-4831-4601-bfbf-c281d6d238b7: shutdown LeaderElection
2019-09-26 10:05:59,306 [78fc6c82-4831-4601-bfbf-c281d6d238b7@group-970024D6B6EB:LeaderElection184] INFO  impl.RoleInfo (RoleInfo.java:shutdownLeaderElection(134)) - 78fc6c82-4831-4601-bfbf-c281d6d238b7: shutdown LeaderElection
2019-09-26 10:05:59,306 [830a81b3-f833-43ed-8e64-f2525410bb9b@group-741DB518E1DD:LeaderElection186] INFO  impl.RoleInfo (RoleInfo.java:shutdownLeaderElection(134)) - 830a81b3-f833-43ed-8e64-f2525410bb9b: shutdown LeaderElection
2019-09-26 10:05:59,307 [78fc6c82-4831-4601-bfbf-c281d6d238b7@group-970024D6B6EB:LeaderElection184] INFO  impl.RaftServerImpl (RaftServerImpl.java:setRole(174)) - 78fc6c82-4831-4601-bfbf-c281d6d238b7@group-970024D6B6EB: changes role from CANDIDATE to LEADER at term 1 for changeToLeader
2019-09-26 10:05:59,306 [78fc6c82-4831-4601-bfbf-c281d6d238b7@group-CEB6460525A2:LeaderElection185] INFO  impl.RaftServerImpl (RaftServerImpl.java:setRole(174)) - 78fc6c82-4831-4601-bfbf-c281d6d238b7@group-CEB6460525A2: changes role from CANDIDATE to LEADER at term 1 for changeToLeader
2019-09-26 10:05:59,307 [78fc6c82-4831-4601-bfbf-c281d6d238b7@group-970024D6B6EB:LeaderElection184] INFO  impl.RaftServerImpl (ServerState.java:setLeader(253)) - 78fc6c82-4831-4601-bfbf-c281d6d238b7@group-970024D6B6EB: change Leader from null to 78fc6c82-4831-4601-bfbf-c281d6d238b7 at term 1 for becomeLeader, leader elected after 5101ms
2019-09-26 10:05:59,307 [830a81b3-f833-43ed-8e64-f2525410bb9b@group-741DB518E1DD:LeaderElection186] INFO  impl.RaftServerImpl (RaftServerImpl.java:setRole(174)) - 830a81b3-f833-43ed-8e64-f2525410bb9b@group-741DB518E1DD: changes role from CANDIDATE to LEADER at term 1 for changeToLeader
2019-09-26 10:05:59,307 [78fc6c82-4831-4601-bfbf-c281d6d238b7@group-970024D6B6EB:LeaderElection184] INFO  server.RaftServerConfigKeys (ConfUtils.java:logGet(43)) - raft.server.staging.catchup.gap = 1000 (default)
2019-09-26 10:05:59,307 [78fc6c82-4831-4601-bfbf-c281d6d238b7@group-CEB6460525A2:LeaderElection185] INFO  impl.RaftServerImpl (ServerState.java:setLeader(253)) - 78fc6c82-4831-4601-bfbf-c281d6d238b7@group-CEB6460525A2: change Leader from null to 78fc6c82-4831-4601-bfbf-c281d6d238b7 at term 1 for becomeLeader, leader elected after 5217ms
2019-09-26 10:05:59,307 [78fc6c82-4831-4601-bfbf-c281d6d238b7@group-970024D6B6EB:LeaderElection184] INFO  server.RaftServerConfigKeys (ConfUtils.java:logGet(43)) - raft.server.rpc.sleep.time = 25ms (default)
2019-09-26 10:05:59,307 [830a81b3-f833-43ed-8e64-f2525410bb9b@group-741DB518E1DD:LeaderElection186] INFO  impl.RaftServerImpl (ServerState.java:setLeader(253)) - 830a81b3-f833-43ed-8e64-f2525410bb9b@group-741DB518E1DD: change Leader from null to 830a81b3-f833-43ed-8e64-f2525410bb9b at term 1 for becomeLeader, leader elected after 5165ms
2019-09-26 10:05:59,307 [78fc6c82-4831-4601-bfbf-c281d6d238b7@group-970024D6B6EB:LeaderElection184] INFO  server.RaftServerConfigKeys (ConfUtils.java:logGet(43)) - raft.server.write.element-limit = 4096 (default)
2019-09-26 10:05:59,307 [830a81b3-f833-43ed-8e64-f2525410bb9b@group-741DB518E1DD:LeaderElection186] INFO  server.RaftServerConfigKeys (ConfUtils.java:logGet(43)) - raft.server.staging.catchup.gap = 1000 (default)
2019-09-26 10:05:59,307 [78fc6c82-4831-4601-bfbf-c281d6d238b7@group-CEB6460525A2:LeaderElection185] INFO  server.RaftServerConfigKeys (ConfUtils.java:logGet(43)) - raft.server.staging.catchup.gap = 1000 (default)
2019-09-26 10:05:59,308 [830a81b3-f833-43ed-8e64-f2525410bb9b@group-741DB518E1DD:LeaderElection186] INFO  server.RaftServerConfigKeys (ConfUtils.java:logGet(43)) - raft.server.rpc.sleep.time = 25ms (default)
2019-09-26 10:05:59,308 [78fc6c82-4831-4601-bfbf-c281d6d238b7@group-970024D6B6EB:LeaderElection184] INFO  server.RaftServerConfigKeys (ConfUtils.java:logGet(43)) - raft.server.watch.timeout = 10s (default)
2019-09-26 10:05:59,308 [830a81b3-f833-43ed-8e64-f2525410bb9b@group-741DB518E1DD:LeaderElection186] INFO  server.RaftServerConfigKeys (ConfUtils.java:logGet(43)) - raft.server.write.element-limit = 4096 (default)
2019-09-26 10:05:59,308 [78fc6c82-4831-4601-bfbf-c281d6d238b7@group-CEB6460525A2:LeaderElection185] INFO  server.RaftServerConfigKeys (ConfUtils.java:logGet(43)) - raft.server.rpc.sleep.time = 25ms (default)
2019-09-26 10:05:59,308 [830a81b3-f833-43ed-8e64-f2525410bb9b@group-741DB518E1DD:LeaderElection186] INFO  server.RaftServerConfigKeys (ConfUtils.java:logGet(43)) - raft.server.watch.timeout = 10s (default)
2019-09-26 10:05:59,308 [78fc6c82-4831-4601-bfbf-c281d6d238b7@group-970024D6B6EB:LeaderElection184] INFO  server.RaftServerConfigKeys (ConfUtils.java:logGet(43)) - raft.server.watch.timeout.denomination = 1s (default)
2019-09-26 10:05:59,308 [830a81b3-f833-43ed-8e64-f2525410bb9b@group-741DB518E1DD:LeaderElection186] INFO  server.RaftServerConfigKeys (ConfUtils.java:logGet(43)) - raft.server.watch.timeout.denomination = 1s (default)
2019-09-26 10:05:59,308 [78fc6c82-4831-4601-bfbf-c281d6d238b7@group-CEB6460525A2:LeaderElection185] INFO  server.RaftServerConfigKeys (ConfUtils.java:logGet(43)) - raft.server.write.element-limit = 4096 (default)
2019-09-26 10:05:59,308 [830a81b3-f833-43ed-8e64-f2525410bb9b@group-741DB518E1DD:LeaderElection186] INFO  server.RaftServerConfigKeys (ConfUtils.java:logGet(43)) - raft.server.watch.element-limit = 65536 (default)
2019-09-26 10:05:59,308 [78fc6c82-4831-4601-bfbf-c281d6d238b7@group-970024D6B6EB:LeaderElection184] INFO  server.RaftServerConfigKeys (ConfUtils.java:logGet(43)) - raft.server.watch.element-limit = 65536 (default)
2019-09-26 10:05:59,309 [78fc6c82-4831-4601-bfbf-c281d6d238b7@group-CEB6460525A2:LeaderElection185] INFO  server.RaftServerConfigKeys (ConfUtils.java:logGet(43)) - raft.server.watch.timeout = 10s (default)
2019-09-26 10:05:59,309 [78fc6c82-4831-4601-bfbf-c281d6d238b7@group-CEB6460525A2:LeaderElection185] INFO  server.RaftServerConfigKeys (ConfUtils.java:logGet(43)) - raft.server.watch.timeout.denomination = 1s (default)
2019-09-26 10:05:59,309 [78fc6c82-4831-4601-bfbf-c281d6d238b7@group-CEB6460525A2:LeaderElection185] INFO  server.RaftServerConfigKeys (ConfUtils.java:logGet(43)) - raft.server.watch.element-limit = 65536 (default)
2019-09-26 10:05:59,311 [830a81b3-f833-43ed-8e64-f2525410bb9b@group-741DB518E1DD:LeaderElection186] INFO  impl.RoleInfo (RoleInfo.java:updateAndGet(143)) - 830a81b3-f833-43ed-8e64-f2525410bb9b: start LeaderState
2019-09-26 10:05:59,311 [830a81b3-f833-43ed-8e64-f2525410bb9b@group-741DB518E1DD:LeaderElection186] INFO  segmented.SegmentedRaftLogWorker (SegmentedRaftLogWorker.java:startLogSegment(380)) - 830a81b3-f833-43ed-8e64-f2525410bb9b@group-741DB518E1DD-SegmentedRaftLogWorker: Starting segment from index:0
2019-09-26 10:05:59,311 [830a81b3-f833-43ed-8e64-f2525410bb9b@group-741DB518E1DD:LeaderElection186] INFO  impl.RaftServerImpl (ServerState.java:setRaftConf(354)) - 830a81b3-f833-43ed-8e64-f2525410bb9b@group-741DB518E1DD: set configuration 0: [830a81b3-f833-43ed-8e64-f2525410bb9b:192.168.30.13:33698], old=null at 0
2019-09-26 10:05:59,312 [78fc6c82-4831-4601-bfbf-c281d6d238b7@group-970024D6B6EB:LeaderElection184] INFO  impl.RoleInfo (RoleInfo.java:updateAndGet(143)) - 78fc6c82-4831-4601-bfbf-c281d6d238b7: start LeaderState
2019-09-26 10:05:59,312 [78fc6c82-4831-4601-bfbf-c281d6d238b7@group-970024D6B6EB:LeaderElection184] INFO  segmented.SegmentedRaftLogWorker (SegmentedRaftLogWorker.java:startLogSegment(380)) - 78fc6c82-4831-4601-bfbf-c281d6d238b7@group-970024D6B6EB-SegmentedRaftLogWorker: Starting segment from index:0
2019-09-26 10:05:59,312 [78fc6c82-4831-4601-bfbf-c281d6d238b7@group-CEB6460525A2:LeaderElection185] INFO  impl.RoleInfo (RoleInfo.java:updateAndGet(143)) - 78fc6c82-4831-4601-bfbf-c281d6d238b7: start LeaderState
2019-09-26 10:05:59,312 [78fc6c82-4831-4601-bfbf-c281d6d238b7@group-970024D6B6EB:LeaderElection184] INFO  impl.RaftServerImpl (ServerState.java:setRaftConf(354)) - 78fc6c82-4831-4601-bfbf-c281d6d238b7@group-970024D6B6EB: set configuration 0: [78fc6c82-4831-4601-bfbf-c281d6d238b7:192.168.30.13:36365], old=null at 0
2019-09-26 10:05:59,312 [78fc6c82-4831-4601-bfbf-c281d6d238b7@group-CEB6460525A2:LeaderElection185] INFO  segmented.SegmentedRaftLogWorker (SegmentedRaftLogWorker.java:startLogSegment(380)) - 78fc6c82-4831-4601-bfbf-c281d6d238b7@group-CEB6460525A2-SegmentedRaftLogWorker: Starting segment from index:0
2019-09-26 10:05:59,313 [78fc6c82-4831-4601-bfbf-c281d6d238b7@group-CEB6460525A2:LeaderElection185] INFO  impl.RaftServerImpl (ServerState.java:setRaftConf(354)) - 78fc6c82-4831-4601-bfbf-c281d6d238b7@group-CEB6460525A2: set configuration 0: [78fc6c82-4831-4601-bfbf-c281d6d238b7:192.168.30.13:36365], old=null at 0
2019-09-26 10:05:59,320 [78fc6c82-4831-4601-bfbf-c281d6d238b7@group-6A92CA8DA770:LeaderElection187] INFO  impl.LeaderElection (LeaderElection.java:askForVotes(182)) - 78fc6c82-4831-4601-bfbf-c281d6d238b7@group-6A92CA8DA770:LeaderElection187: begin an election at term 1 for -1: [78fc6c82-4831-4601-bfbf-c281d6d238b7:192.168.30.13:36365], old=null
2019-09-26 10:05:59,320 [78fc6c82-4831-4601-bfbf-c281d6d238b7@group-6A92CA8DA770:LeaderElection187] INFO  impl.RoleInfo (RoleInfo.java:shutdownLeaderElection(134)) - 78fc6c82-4831-4601-bfbf-c281d6d238b7: shutdown LeaderElection
2019-09-26 10:05:59,320 [78fc6c82-4831-4601-bfbf-c281d6d238b7@group-6A92CA8DA770:LeaderElection187] INFO  impl.RaftServerImpl (RaftServerImpl.java:setRole(174)) - 78fc6c82-4831-4601-bfbf-c281d6d238b7@group-6A92CA8DA770: changes role from CANDIDATE to LEADER at term 1 for changeToLeader
2019-09-26 10:05:59,320 [78fc6c82-4831-4601-bfbf-c281d6d238b7@group-6A92CA8DA770:LeaderElection187] INFO  impl.RaftServerImpl (ServerState.java:setLeader(253)) - 78fc6c82-4831-4601-bfbf-c281d6d238b7@group-6A92CA8DA770: change Leader from null to 78fc6c82-4831-4601-bfbf-c281d6d238b7 at term 1 for becomeLeader, leader elected after 5094ms
2019-09-26 10:05:59,321 [78fc6c82-4831-4601-bfbf-c281d6d238b7@group-6A92CA8DA770:LeaderElection187] INFO  server.RaftServerConfigKeys (ConfUtils.java:logGet(43)) - raft.server.staging.catchup.gap = 1000 (default)
2019-09-26 10:05:59,321 [78fc6c82-4831-4601-bfbf-c281d6d238b7@group-6A92CA8DA770:LeaderElection187] INFO  server.RaftServerConfigKeys (ConfUtils.java:logGet(43)) - raft.server.rpc.sleep.time = 25ms (default)
2019-09-26 10:05:59,321 [78fc6c82-4831-4601-bfbf-c281d6d238b7@group-6A92CA8DA770:LeaderElection187] INFO  server.RaftServerConfigKeys (ConfUtils.java:logGet(43)) - raft.server.write.element-limit = 4096 (default)
2019-09-26 10:05:59,321 [78fc6c82-4831-4601-bfbf-c281d6d238b7@group-6A92CA8DA770:LeaderElection187] INFO  server.RaftServerConfigKeys (ConfUtils.java:logGet(43)) - raft.server.watch.timeout = 10s (default)
2019-09-26 10:05:59,321 [78fc6c82-4831-4601-bfbf-c281d6d238b7@group-6A92CA8DA770:LeaderElection187] INFO  server.RaftServerConfigKeys (ConfUtils.java:logGet(43)) - raft.server.watch.timeout.denomination = 1s (default)
2019-09-26 10:05:59,321 [78fc6c82-4831-4601-bfbf-c281d6d238b7@group-6A92CA8DA770:LeaderElection187] INFO  server.RaftServerConfigKeys (ConfUtils.java:logGet(43)) - raft.server.watch.element-limit = 65536 (default)
2019-09-26 10:05:59,322 [78fc6c82-4831-4601-bfbf-c281d6d238b7@group-6A92CA8DA770:LeaderElection187] INFO  impl.RoleInfo (RoleInfo.java:updateAndGet(143)) - 78fc6c82-4831-4601-bfbf-c281d6d238b7: start LeaderState
2019-09-26 10:05:59,322 [78fc6c82-4831-4601-bfbf-c281d6d238b7@group-6A92CA8DA770:LeaderElection187] INFO  segmented.SegmentedRaftLogWorker (SegmentedRaftLogWorker.java:startLogSegment(380)) - 78fc6c82-4831-4601-bfbf-c281d6d238b7@group-6A92CA8DA770-SegmentedRaftLogWorker: Starting segment from index:0
2019-09-26 10:05:59,323 [78fc6c82-4831-4601-bfbf-c281d6d238b7@group-6A92CA8DA770:LeaderElection187] INFO  impl.RaftServerImpl (ServerState.java:setRaftConf(354)) - 78fc6c82-4831-4601-bfbf-c281d6d238b7@group-6A92CA8DA770: set configuration 0: [78fc6c82-4831-4601-bfbf-c281d6d238b7:192.168.30.13:36365], old=null at 0
2019-09-26 10:05:59,341 [Thread-2676] INFO  impl.FollowerState (FollowerState.java:run(106)) - 72f743f9-1e0e-4345-96f1-9a3a34c18cec:group-2A2622C035FC changes to CANDIDATE, lastRpcTime:5065, electionTimeout:5065ms
2019-09-26 10:05:59,342 [Thread-2676] INFO  impl.RoleInfo (RoleInfo.java:shutdownFollowerState(121)) - 72f743f9-1e0e-4345-96f1-9a3a34c18cec: shutdown FollowerState
2019-09-26 10:05:59,342 [Thread-2676] INFO  impl.RaftServerImpl (RaftServerImpl.java:setRole(174)) - 72f743f9-1e0e-4345-96f1-9a3a34c18cec@group-2A2622C035FC: changes role from  FOLLOWER to CANDIDATE at term 0 for changeToCandidate
2019-09-26 10:05:59,342 [Thread-2676] INFO  impl.RoleInfo (RoleInfo.java:updateAndGet(143)) - 72f743f9-1e0e-4345-96f1-9a3a34c18cec: start LeaderElection
2019-09-26 10:05:59,381 [78fc6c82-4831-4601-bfbf-c281d6d238b7@group-6A92CA8DA770-SegmentedRaftLogWorker] INFO  segmented.SegmentedRaftLogWorker (SegmentedRaftLogWorker.java:execute(569)) - 78fc6c82-4831-4601-bfbf-c281d6d238b7@group-6A92CA8DA770-SegmentedRaftLogWorker: created new log segment /workdir/hadoop-ozone/integration-test/target/test-dir/MiniOzoneClusterImpl-6f19b49f-1ba0-4037-80e1-640204793d9e/datanode-0/data/ratis/1673e1be-924f-4a32-bbcf-6a92ca8da770/current/log_inprogress_0
2019-09-26 10:05:59,381 [72f743f9-1e0e-4345-96f1-9a3a34c18cec@group-2A2622C035FC:LeaderElection188] INFO  impl.LeaderElection (LeaderElection.java:askForVotes(182)) - 72f743f9-1e0e-4345-96f1-9a3a34c18cec@group-2A2622C035FC:LeaderElection188: begin an election at term 1 for -1: [72f743f9-1e0e-4345-96f1-9a3a34c18cec:192.168.30.13:42232], old=null
2019-09-26 10:05:59,381 [78fc6c82-4831-4601-bfbf-c281d6d238b7@group-CEB6460525A2-SegmentedRaftLogWorker] INFO  segmented.SegmentedRaftLogWorker (SegmentedRaftLogWorker.java:execute(569)) - 78fc6c82-4831-4601-bfbf-c281d6d238b7@group-CEB6460525A2-SegmentedRaftLogWorker: created new log segment /workdir/hadoop-ozone/integration-test/target/test-dir/MiniOzoneClusterImpl-6f19b49f-1ba0-4037-80e1-640204793d9e/datanode-0/data/ratis/a419f8a2-5344-445b-9826-ceb6460525a2/current/log_inprogress_0
2019-09-26 10:05:59,381 [830a81b3-f833-43ed-8e64-f2525410bb9b@group-741DB518E1DD-SegmentedRaftLogWorker] INFO  segmented.SegmentedRaftLogWorker (SegmentedRaftLogWorker.java:execute(569)) - 830a81b3-f833-43ed-8e64-f2525410bb9b@group-741DB518E1DD-SegmentedRaftLogWorker: created new log segment /workdir/hadoop-ozone/integration-test/target/test-dir/MiniOzoneClusterImpl-6f19b49f-1ba0-4037-80e1-640204793d9e/datanode-2/data/ratis/f38d6517-ff0a-43eb-b378-741db518e1dd/current/log_inprogress_0
2019-09-26 10:05:59,381 [72f743f9-1e0e-4345-96f1-9a3a34c18cec@group-2A2622C035FC:LeaderElection188] INFO  impl.RoleInfo (RoleInfo.java:shutdownLeaderElection(134)) - 72f743f9-1e0e-4345-96f1-9a3a34c18cec: shutdown LeaderElection
2019-09-26 10:05:59,381 [78fc6c82-4831-4601-bfbf-c281d6d238b7@group-970024D6B6EB-SegmentedRaftLogWorker] INFO  segmented.SegmentedRaftLogWorker (SegmentedRaftLogWorker.java:execute(569)) - 78fc6c82-4831-4601-bfbf-c281d6d238b7@group-970024D6B6EB-SegmentedRaftLogWorker: created new log segment /workdir/hadoop-ozone/integration-test/target/test-dir/MiniOzoneClusterImpl-6f19b49f-1ba0-4037-80e1-640204793d9e/datanode-0/data/ratis/aa2011fa-790e-42ec-9d06-970024d6b6eb/current/log_inprogress_0
2019-09-26 10:05:59,381 [72f743f9-1e0e-4345-96f1-9a3a34c18cec@group-2A2622C035FC:LeaderElection188] INFO  impl.RaftServerImpl (RaftServerImpl.java:setRole(174)) - 72f743f9-1e0e-4345-96f1-9a3a34c18cec@group-2A2622C035FC: changes role from CANDIDATE to LEADER at term 1 for changeToLeader
2019-09-26 10:05:59,381 [72f743f9-1e0e-4345-96f1-9a3a34c18cec@group-2A2622C035FC:LeaderElection188] INFO  impl.RaftServerImpl (ServerState.java:setLeader(253)) - 72f743f9-1e0e-4345-96f1-9a3a34c18cec@group-2A2622C035FC: change Leader from null to 72f743f9-1e0e-4345-96f1-9a3a34c18cec at term 1 for becomeLeader, leader elected after 5110ms
2019-09-26 10:05:59,382 [72f743f9-1e0e-4345-96f1-9a3a34c18cec@group-2A2622C035FC:LeaderElection188] INFO  server.RaftServerConfigKeys (ConfUtils.java:logGet(43)) - raft.server.staging.catchup.gap = 1000 (default)
2019-09-26 10:05:59,382 [72f743f9-1e0e-4345-96f1-9a3a34c18cec@group-2A2622C035FC:LeaderElection188] INFO  server.RaftServerConfigKeys (ConfUtils.java:logGet(43)) - raft.server.rpc.sleep.time = 25ms (default)
2019-09-26 10:05:59,382 [72f743f9-1e0e-4345-96f1-9a3a34c18cec@group-2A2622C035FC:LeaderElection188] INFO  server.RaftServerConfigKeys (ConfUtils.java:logGet(43)) - raft.server.write.element-limit = 4096 (default)
2019-09-26 10:05:59,382 [72f743f9-1e0e-4345-96f1-9a3a34c18cec@group-2A2622C035FC:LeaderElection188] INFO  server.RaftServerConfigKeys (ConfUtils.java:logGet(43)) - raft.server.watch.timeout = 10s (default)
2019-09-26 10:05:59,382 [72f743f9-1e0e-4345-96f1-9a3a34c18cec@group-2A2622C035FC:LeaderElection188] INFO  server.RaftServerConfigKeys (ConfUtils.java:logGet(43)) - raft.server.watch.timeout.denomination = 1s (default)
2019-09-26 10:05:59,382 [72f743f9-1e0e-4345-96f1-9a3a34c18cec@group-2A2622C035FC:LeaderElection188] INFO  server.RaftServerConfigKeys (ConfUtils.java:logGet(43)) - raft.server.watch.element-limit = 65536 (default)
2019-09-26 10:05:59,383 [72f743f9-1e0e-4345-96f1-9a3a34c18cec@group-2A2622C035FC:LeaderElection188] INFO  impl.RoleInfo (RoleInfo.java:updateAndGet(143)) - 72f743f9-1e0e-4345-96f1-9a3a34c18cec: start LeaderState
2019-09-26 10:05:59,383 [72f743f9-1e0e-4345-96f1-9a3a34c18cec@group-2A2622C035FC:LeaderElection188] INFO  segmented.SegmentedRaftLogWorker (SegmentedRaftLogWorker.java:startLogSegment(380)) - 72f743f9-1e0e-4345-96f1-9a3a34c18cec@group-2A2622C035FC-SegmentedRaftLogWorker: Starting segment from index:0
2019-09-26 10:05:59,384 [72f743f9-1e0e-4345-96f1-9a3a34c18cec@group-2A2622C035FC:LeaderElection188] INFO  impl.RaftServerImpl (ServerState.java:setRaftConf(354)) - 72f743f9-1e0e-4345-96f1-9a3a34c18cec@group-2A2622C035FC: set configuration 0: [72f743f9-1e0e-4345-96f1-9a3a34c18cec:192.168.30.13:42232], old=null at 0
2019-09-26 10:05:59,427 [Thread-2679] INFO  impl.FollowerState (FollowerState.java:run(106)) - db227204-214e-44d9-8d16-8c4813e40a58:group-A86122BD5EA9 changes to CANDIDATE, lastRpcTime:5107, electionTimeout:5107ms
2019-09-26 10:05:59,427 [Thread-2679] INFO  impl.RoleInfo (RoleInfo.java:shutdownFollowerState(121)) - db227204-214e-44d9-8d16-8c4813e40a58: shutdown FollowerState
2019-09-26 10:05:59,427 [Thread-2679] INFO  impl.RaftServerImpl (RaftServerImpl.java:setRole(174)) - db227204-214e-44d9-8d16-8c4813e40a58@group-A86122BD5EA9: changes role from  FOLLOWER to CANDIDATE at term 0 for changeToCandidate
2019-09-26 10:05:59,427 [Thread-2679] INFO  impl.RoleInfo (RoleInfo.java:updateAndGet(143)) - db227204-214e-44d9-8d16-8c4813e40a58: start LeaderElection
2019-09-26 10:05:59,434 [72f743f9-1e0e-4345-96f1-9a3a34c18cec@group-2A2622C035FC-SegmentedRaftLogWorker] INFO  segmented.SegmentedRaftLogWorker (SegmentedRaftLogWorker.java:execute(569)) - 72f743f9-1e0e-4345-96f1-9a3a34c18cec@group-2A2622C035FC-SegmentedRaftLogWorker: created new log segment /workdir/hadoop-ozone/integration-test/target/test-dir/MiniOzoneClusterImpl-6f19b49f-1ba0-4037-80e1-640204793d9e/datanode-1/data/ratis/d718579d-8d47-4c53-9734-2a2622c035fc/current/log_inprogress_0
2019-09-26 10:05:59,448 [db227204-214e-44d9-8d16-8c4813e40a58@group-A86122BD5EA9:LeaderElection189] INFO  impl.LeaderElection (LeaderElection.java:askForVotes(182)) - db227204-214e-44d9-8d16-8c4813e40a58@group-A86122BD5EA9:LeaderElection189: begin an election at term 1 for -1: [db227204-214e-44d9-8d16-8c4813e40a58:192.168.30.13:35682], old=null
2019-09-26 10:05:59,448 [db227204-214e-44d9-8d16-8c4813e40a58@group-A86122BD5EA9:LeaderElection189] INFO  impl.RoleInfo (RoleInfo.java:shutdownLeaderElection(134)) - db227204-214e-44d9-8d16-8c4813e40a58: shutdown LeaderElection
2019-09-26 10:05:59,448 [db227204-214e-44d9-8d16-8c4813e40a58@group-A86122BD5EA9:LeaderElection189] INFO  impl.RaftServerImpl (RaftServerImpl.java:setRole(174)) - db227204-214e-44d9-8d16-8c4813e40a58@group-A86122BD5EA9: changes role from CANDIDATE to LEADER at term 1 for changeToLeader
2019-09-26 10:05:59,448 [db227204-214e-44d9-8d16-8c4813e40a58@group-A86122BD5EA9:LeaderElection189] INFO  impl.RaftServerImpl (ServerState.java:setLeader(253)) - db227204-214e-44d9-8d16-8c4813e40a58@group-A86122BD5EA9: change Leader from null to db227204-214e-44d9-8d16-8c4813e40a58 at term 1 for becomeLeader, leader elected after 5135ms
2019-09-26 10:05:59,449 [db227204-214e-44d9-8d16-8c4813e40a58@group-A86122BD5EA9:LeaderElection189] INFO  server.RaftServerConfigKeys (ConfUtils.java:logGet(43)) - raft.server.staging.catchup.gap = 1000 (default)
2019-09-26 10:05:59,449 [db227204-214e-44d9-8d16-8c4813e40a58@group-A86122BD5EA9:LeaderElection189] INFO  server.RaftServerConfigKeys (ConfUtils.java:logGet(43)) - raft.server.rpc.sleep.time = 25ms (default)
2019-09-26 10:05:59,449 [db227204-214e-44d9-8d16-8c4813e40a58@group-A86122BD5EA9:LeaderElection189] INFO  server.RaftServerConfigKeys (ConfUtils.java:logGet(43)) - raft.server.write.element-limit = 4096 (default)
2019-09-26 10:05:59,449 [db227204-214e-44d9-8d16-8c4813e40a58@group-A86122BD5EA9:LeaderElection189] INFO  server.RaftServerConfigKeys (ConfUtils.java:logGet(43)) - raft.server.watch.timeout = 10s (default)
2019-09-26 10:05:59,449 [db227204-214e-44d9-8d16-8c4813e40a58@group-A86122BD5EA9:LeaderElection189] INFO  server.RaftServerConfigKeys (ConfUtils.java:logGet(43)) - raft.server.watch.timeout.denomination = 1s (default)
2019-09-26 10:05:59,449 [db227204-214e-44d9-8d16-8c4813e40a58@group-A86122BD5EA9:LeaderElection189] INFO  server.RaftServerConfigKeys (ConfUtils.java:logGet(43)) - raft.server.watch.element-limit = 65536 (default)
2019-09-26 10:05:59,451 [db227204-214e-44d9-8d16-8c4813e40a58@group-A86122BD5EA9:LeaderElection189] INFO  impl.RoleInfo (RoleInfo.java:updateAndGet(143)) - db227204-214e-44d9-8d16-8c4813e40a58: start LeaderState
2019-09-26 10:05:59,451 [Thread-2688] INFO  impl.FollowerState (FollowerState.java:run(106)) - 583d69a3-91a3-48b1-b57b-32c881e6a62a:group-F4D589545301 changes to CANDIDATE, lastRpcTime:5001, electionTimeout:5001ms
2019-09-26 10:05:59,451 [db227204-214e-44d9-8d16-8c4813e40a58@group-A86122BD5EA9:LeaderElection189] INFO  segmented.SegmentedRaftLogWorker (SegmentedRaftLogWorker.java:startLogSegment(380)) - db227204-214e-44d9-8d16-8c4813e40a58@group-A86122BD5EA9-SegmentedRaftLogWorker: Starting segment from index:0
2019-09-26 10:05:59,451 [Thread-2688] INFO  impl.RoleInfo (RoleInfo.java:shutdownFollowerState(121)) - 583d69a3-91a3-48b1-b57b-32c881e6a62a: shutdown FollowerState
2019-09-26 10:05:59,451 [Thread-2688] INFO  impl.RaftServerImpl (RaftServerImpl.java:setRole(174)) - 583d69a3-91a3-48b1-b57b-32c881e6a62a@group-F4D589545301: changes role from  FOLLOWER to CANDIDATE at term 0 for changeToCandidate
2019-09-26 10:05:59,451 [Thread-2688] INFO  impl.RoleInfo (RoleInfo.java:updateAndGet(143)) - 583d69a3-91a3-48b1-b57b-32c881e6a62a: start LeaderElection
2019-09-26 10:05:59,451 [db227204-214e-44d9-8d16-8c4813e40a58@group-A86122BD5EA9:LeaderElection189] INFO  impl.RaftServerImpl (ServerState.java:setRaftConf(354)) - db227204-214e-44d9-8d16-8c4813e40a58@group-A86122BD5EA9: set configuration 0: [db227204-214e-44d9-8d16-8c4813e40a58:192.168.30.13:35682], old=null at 0
2019-09-26 10:05:59,480 [Thread-2685] INFO  impl.FollowerState (FollowerState.java:run(106)) - 830a81b3-f833-43ed-8e64-f2525410bb9b:group-891DE8ADDF7F changes to CANDIDATE, lastRpcTime:5072, electionTimeout:5050ms
2019-09-26 10:05:59,480 [Thread-2685] INFO  impl.RoleInfo (RoleInfo.java:shutdownFollowerState(121)) - 830a81b3-f833-43ed-8e64-f2525410bb9b: shutdown FollowerState
2019-09-26 10:05:59,480 [Thread-2685] INFO  impl.RaftServerImpl (RaftServerImpl.java:setRole(174)) - 830a81b3-f833-43ed-8e64-f2525410bb9b@group-891DE8ADDF7F: changes role from  FOLLOWER to CANDIDATE at term 0 for changeToCandidate
2019-09-26 10:05:59,480 [Thread-2685] INFO  impl.RoleInfo (RoleInfo.java:updateAndGet(143)) - 830a81b3-f833-43ed-8e64-f2525410bb9b: start LeaderElection
2019-09-26 10:05:59,492 [db227204-214e-44d9-8d16-8c4813e40a58@group-A86122BD5EA9-SegmentedRaftLogWorker] INFO  segmented.SegmentedRaftLogWorker (SegmentedRaftLogWorker.java:execute(569)) - db227204-214e-44d9-8d16-8c4813e40a58@group-A86122BD5EA9-SegmentedRaftLogWorker: created new log segment /workdir/hadoop-ozone/integration-test/target/test-dir/MiniOzoneClusterImpl-6f19b49f-1ba0-4037-80e1-640204793d9e/datanode-3/data/ratis/924e9c6c-8939-4d93-b0d0-a86122bd5ea9/current/log_inprogress_0
2019-09-26 10:05:59,492 [830a81b3-f833-43ed-8e64-f2525410bb9b@group-891DE8ADDF7F:LeaderElection191] INFO  impl.LeaderElection (LeaderElection.java:askForVotes(182)) - 830a81b3-f833-43ed-8e64-f2525410bb9b@group-891DE8ADDF7F:LeaderElection191: begin an election at term 1 for -1: [830a81b3-f833-43ed-8e64-f2525410bb9b:192.168.30.13:33698], old=null
2019-09-26 10:05:59,492 [583d69a3-91a3-48b1-b57b-32c881e6a62a@group-F4D589545301:LeaderElection190] INFO  impl.LeaderElection (LeaderElection.java:askForVotes(182)) - 583d69a3-91a3-48b1-b57b-32c881e6a62a@group-F4D589545301:LeaderElection190: begin an election at term 1 for -1: [583d69a3-91a3-48b1-b57b-32c881e6a62a:192.168.30.13:44038], old=null
2019-09-26 10:05:59,492 [830a81b3-f833-43ed-8e64-f2525410bb9b@group-891DE8ADDF7F:LeaderElection191] INFO  impl.RoleInfo (RoleInfo.java:shutdownLeaderElection(134)) - 830a81b3-f833-43ed-8e64-f2525410bb9b: shutdown LeaderElection
2019-09-26 10:05:59,493 [583d69a3-91a3-48b1-b57b-32c881e6a62a@group-F4D589545301:LeaderElection190] INFO  impl.RoleInfo (RoleInfo.java:shutdownLeaderElection(134)) - 583d69a3-91a3-48b1-b57b-32c881e6a62a: shutdown LeaderElection
2019-09-26 10:05:59,493 [830a81b3-f833-43ed-8e64-f2525410bb9b@group-891DE8ADDF7F:LeaderElection191] INFO  impl.RaftServerImpl (RaftServerImpl.java:setRole(174)) - 830a81b3-f833-43ed-8e64-f2525410bb9b@group-891DE8ADDF7F: changes role from CANDIDATE to LEADER at term 1 for changeToLeader
2019-09-26 10:05:59,493 [583d69a3-91a3-48b1-b57b-32c881e6a62a@group-F4D589545301:LeaderElection190] INFO  impl.RaftServerImpl (RaftServerImpl.java:setRole(174)) - 583d69a3-91a3-48b1-b57b-32c881e6a62a@group-F4D589545301: changes role from CANDIDATE to LEADER at term 1 for changeToLeader
2019-09-26 10:05:59,493 [830a81b3-f833-43ed-8e64-f2525410bb9b@group-891DE8ADDF7F:LeaderElection191] INFO  impl.RaftServerImpl (ServerState.java:setLeader(253)) - 830a81b3-f833-43ed-8e64-f2525410bb9b@group-891DE8ADDF7F: change Leader from null to 830a81b3-f833-43ed-8e64-f2525410bb9b at term 1 for becomeLeader, leader elected after 5092ms
2019-09-26 10:05:59,493 [583d69a3-91a3-48b1-b57b-32c881e6a62a@group-F4D589545301:LeaderElection190] INFO  impl.RaftServerImpl (ServerState.java:setLeader(253)) - 583d69a3-91a3-48b1-b57b-32c881e6a62a@group-F4D589545301: change Leader from null to 583d69a3-91a3-48b1-b57b-32c881e6a62a at term 1 for becomeLeader, leader elected after 5052ms
2019-09-26 10:05:59,493 [830a81b3-f833-43ed-8e64-f2525410bb9b@group-891DE8ADDF7F:LeaderElection191] INFO  server.RaftServerConfigKeys (ConfUtils.java:logGet(43)) - raft.server.staging.catchup.gap = 1000 (default)
2019-09-26 10:05:59,493 [583d69a3-91a3-48b1-b57b-32c881e6a62a@group-F4D589545301:LeaderElection190] INFO  server.RaftServerConfigKeys (ConfUtils.java:logGet(43)) - raft.server.staging.catchup.gap = 1000 (default)
2019-09-26 10:05:59,493 [830a81b3-f833-43ed-8e64-f2525410bb9b@group-891DE8ADDF7F:LeaderElection191] INFO  server.RaftServerConfigKeys (ConfUtils.java:logGet(43)) - raft.server.rpc.sleep.time = 25ms (default)
2019-09-26 10:05:59,493 [583d69a3-91a3-48b1-b57b-32c881e6a62a@group-F4D589545301:LeaderElection190] INFO  server.RaftServerConfigKeys (ConfUtils.java:logGet(43)) - raft.server.rpc.sleep.time = 25ms (default)
2019-09-26 10:05:59,493 [830a81b3-f833-43ed-8e64-f2525410bb9b@group-891DE8ADDF7F:LeaderElection191] INFO  server.RaftServerConfigKeys (ConfUtils.java:logGet(43)) - raft.server.write.element-limit = 4096 (default)
2019-09-26 10:05:59,493 [583d69a3-91a3-48b1-b57b-32c881e6a62a@group-F4D589545301:LeaderElection190] INFO  server.RaftServerConfigKeys (ConfUtils.java:logGet(43)) - raft.server.write.element-limit = 4096 (default)
2019-09-26 10:05:59,493 [830a81b3-f833-43ed-8e64-f2525410bb9b@group-891DE8ADDF7F:LeaderElection191] INFO  server.RaftServerConfigKeys (ConfUtils.java:logGet(43)) - raft.server.watch.timeout = 10s (default)
2019-09-26 10:05:59,493 [583d69a3-91a3-48b1-b57b-32c881e6a62a@group-F4D589545301:LeaderElection190] INFO  server.RaftServerConfigKeys (ConfUtils.java:logGet(43)) - raft.server.watch.timeout = 10s (default)
2019-09-26 10:05:59,493 [830a81b3-f833-43ed-8e64-f2525410bb9b@group-891DE8ADDF7F:LeaderElection191] INFO  server.RaftServerConfigKeys (ConfUtils.java:logGet(43)) - raft.server.watch.timeout.denomination = 1s (default)
2019-09-26 10:05:59,494 [583d69a3-91a3-48b1-b57b-32c881e6a62a@group-F4D589545301:LeaderElection190] INFO  server.RaftServerConfigKeys (ConfUtils.java:logGet(43)) - raft.server.watch.timeout.denomination = 1s (default)
2019-09-26 10:05:59,494 [830a81b3-f833-43ed-8e64-f2525410bb9b@group-891DE8ADDF7F:LeaderElection191] INFO  server.RaftServerConfigKeys (ConfUtils.java:logGet(43)) - raft.server.watch.element-limit = 65536 (default)
2019-09-26 10:05:59,494 [583d69a3-91a3-48b1-b57b-32c881e6a62a@group-F4D589545301:LeaderElection190] INFO  server.RaftServerConfigKeys (ConfUtils.java:logGet(43)) - raft.server.watch.element-limit = 65536 (default)
2019-09-26 10:05:59,495 [830a81b3-f833-43ed-8e64-f2525410bb9b@group-891DE8ADDF7F:LeaderElection191] INFO  impl.RoleInfo (RoleInfo.java:updateAndGet(143)) - 830a81b3-f833-43ed-8e64-f2525410bb9b: start LeaderState
2019-09-26 10:05:59,495 [583d69a3-91a3-48b1-b57b-32c881e6a62a@group-F4D589545301:LeaderElection190] INFO  impl.RoleInfo (RoleInfo.java:updateAndGet(143)) - 583d69a3-91a3-48b1-b57b-32c881e6a62a: start LeaderState
2019-09-26 10:05:59,496 [830a81b3-f833-43ed-8e64-f2525410bb9b@group-891DE8ADDF7F:LeaderElection191] INFO  segmented.SegmentedRaftLogWorker (SegmentedRaftLogWorker.java:startLogSegment(380)) - 830a81b3-f833-43ed-8e64-f2525410bb9b@group-891DE8ADDF7F-SegmentedRaftLogWorker: Starting segment from index:0
2019-09-26 10:05:59,496 [583d69a3-91a3-48b1-b57b-32c881e6a62a@group-F4D589545301:LeaderElection190] INFO  segmented.SegmentedRaftLogWorker (SegmentedRaftLogWorker.java:startLogSegment(380)) - 583d69a3-91a3-48b1-b57b-32c881e6a62a@group-F4D589545301-SegmentedRaftLogWorker: Starting segment from index:0
2019-09-26 10:05:59,496 [830a81b3-f833-43ed-8e64-f2525410bb9b@group-891DE8ADDF7F:LeaderElection191] INFO  impl.RaftServerImpl (ServerState.java:setRaftConf(354)) - 830a81b3-f833-43ed-8e64-f2525410bb9b@group-891DE8ADDF7F: set configuration 0: [830a81b3-f833-43ed-8e64-f2525410bb9b:192.168.30.13:33698], old=null at 0
2019-09-26 10:05:59,496 [583d69a3-91a3-48b1-b57b-32c881e6a62a@group-F4D589545301:LeaderElection190] INFO  impl.RaftServerImpl (ServerState.java:setRaftConf(354)) - 583d69a3-91a3-48b1-b57b-32c881e6a62a@group-F4D589545301: set configuration 0: [583d69a3-91a3-48b1-b57b-32c881e6a62a:192.168.30.13:44038], old=null at 0
2019-09-26 10:05:59,532 [583d69a3-91a3-48b1-b57b-32c881e6a62a@group-F4D589545301-SegmentedRaftLogWorker] INFO  segmented.SegmentedRaftLogWorker (SegmentedRaftLogWorker.java:execute(569)) - 583d69a3-91a3-48b1-b57b-32c881e6a62a@group-F4D589545301-SegmentedRaftLogWorker: created new log segment /workdir/hadoop-ozone/integration-test/target/test-dir/MiniOzoneClusterImpl-6f19b49f-1ba0-4037-80e1-640204793d9e/datanode-4/data/ratis/16613b39-3593-48cd-a33c-f4d589545301/current/log_inprogress_0
2019-09-26 10:05:59,532 [830a81b3-f833-43ed-8e64-f2525410bb9b@group-891DE8ADDF7F-SegmentedRaftLogWorker] INFO  segmented.SegmentedRaftLogWorker (SegmentedRaftLogWorker.java:execute(569)) - 830a81b3-f833-43ed-8e64-f2525410bb9b@group-891DE8ADDF7F-SegmentedRaftLogWorker: created new log segment /workdir/hadoop-ozone/integration-test/target/test-dir/MiniOzoneClusterImpl-6f19b49f-1ba0-4037-80e1-640204793d9e/datanode-2/data/ratis/cfee17fd-2bc6-4e17-aff3-891de8addf7f/current/log_inprogress_0
2019-09-26 10:05:59,540 [Thread-2691] INFO  impl.FollowerState (FollowerState.java:run(106)) - 9c78032f-eba8-46d0-8c4d-d82b43c60fb9:group-7379E4BCF4BA changes to CANDIDATE, lastRpcTime:5052, electionTimeout:5052ms
2019-09-26 10:05:59,540 [Thread-2691] INFO  impl.RoleInfo (RoleInfo.java:shutdownFollowerState(121)) - 9c78032f-eba8-46d0-8c4d-d82b43c60fb9: shutdown FollowerState
2019-09-26 10:05:59,540 [Thread-2691] INFO  impl.RaftServerImpl (RaftServerImpl.java:setRole(174)) - 9c78032f-eba8-46d0-8c4d-d82b43c60fb9@group-7379E4BCF4BA: changes role from  FOLLOWER to CANDIDATE at term 0 for changeToCandidate
2019-09-26 10:05:59,540 [Thread-2691] INFO  impl.RoleInfo (RoleInfo.java:updateAndGet(143)) - 9c78032f-eba8-46d0-8c4d-d82b43c60fb9: start LeaderElection
2019-09-26 10:05:59,558 [9c78032f-eba8-46d0-8c4d-d82b43c60fb9@group-7379E4BCF4BA:LeaderElection192] INFO  impl.LeaderElection (LeaderElection.java:askForVotes(182)) - 9c78032f-eba8-46d0-8c4d-d82b43c60fb9@group-7379E4BCF4BA:LeaderElection192: begin an election at term 1 for -1: [9c78032f-eba8-46d0-8c4d-d82b43c60fb9:192.168.30.13:33303], old=null
2019-09-26 10:05:59,558 [9c78032f-eba8-46d0-8c4d-d82b43c60fb9@group-7379E4BCF4BA:LeaderElection192] INFO  impl.RoleInfo (RoleInfo.java:shutdownLeaderElection(134)) - 9c78032f-eba8-46d0-8c4d-d82b43c60fb9: shutdown LeaderElection
2019-09-26 10:05:59,558 [9c78032f-eba8-46d0-8c4d-d82b43c60fb9@group-7379E4BCF4BA:LeaderElection192] INFO  impl.RaftServerImpl (RaftServerImpl.java:setRole(174)) - 9c78032f-eba8-46d0-8c4d-d82b43c60fb9@group-7379E4BCF4BA: changes role from CANDIDATE to LEADER at term 1 for changeToLeader
2019-09-26 10:05:59,558 [9c78032f-eba8-46d0-8c4d-d82b43c60fb9@group-7379E4BCF4BA:LeaderElection192] INFO  impl.RaftServerImpl (ServerState.java:setLeader(253)) - 9c78032f-eba8-46d0-8c4d-d82b43c60fb9@group-7379E4BCF4BA: change Leader from null to 9c78032f-eba8-46d0-8c4d-d82b43c60fb9 at term 1 for becomeLeader, leader elected after 5077ms
2019-09-26 10:05:59,558 [9c78032f-eba8-46d0-8c4d-d82b43c60fb9@group-7379E4BCF4BA:LeaderElection192] INFO  server.RaftServerConfigKeys (ConfUtils.java:logGet(43)) - raft.server.staging.catchup.gap = 1000 (default)
2019-09-26 10:05:59,558 [9c78032f-eba8-46d0-8c4d-d82b43c60fb9@group-7379E4BCF4BA:LeaderElection192] INFO  server.RaftServerConfigKeys (ConfUtils.java:logGet(43)) - raft.server.rpc.sleep.time = 25ms (default)
2019-09-26 10:05:59,559 [Thread-2682] INFO  impl.FollowerState (FollowerState.java:run(106)) - 830a81b3-f833-43ed-8e64-f2525410bb9b:group-A363B3B010DA changes to CANDIDATE, lastRpcTime:5196, electionTimeout:5196ms
2019-09-26 10:05:59,559 [9c78032f-eba8-46d0-8c4d-d82b43c60fb9@group-7379E4BCF4BA:LeaderElection192] INFO  server.RaftServerConfigKeys (ConfUtils.java:logGet(43)) - raft.server.write.element-limit = 4096 (default)
2019-09-26 10:05:59,559 [Thread-2682] INFO  impl.RoleInfo (RoleInfo.java:shutdownFollowerState(121)) - 830a81b3-f833-43ed-8e64-f2525410bb9b: shutdown FollowerState
2019-09-26 10:05:59,559 [9c78032f-eba8-46d0-8c4d-d82b43c60fb9@group-7379E4BCF4BA:LeaderElection192] INFO  server.RaftServerConfigKeys (ConfUtils.java:logGet(43)) - raft.server.watch.timeout = 10s (default)
2019-09-26 10:05:59,559 [Thread-2682] INFO  impl.RaftServerImpl (RaftServerImpl.java:setRole(174)) - 830a81b3-f833-43ed-8e64-f2525410bb9b@group-A363B3B010DA: changes role from  FOLLOWER to CANDIDATE at term 0 for changeToCandidate
2019-09-26 10:05:59,559 [9c78032f-eba8-46d0-8c4d-d82b43c60fb9@group-7379E4BCF4BA:LeaderElection192] INFO  server.RaftServerConfigKeys (ConfUtils.java:logGet(43)) - raft.server.watch.timeout.denomination = 1s (default)
2019-09-26 10:05:59,559 [Thread-2682] INFO  impl.RoleInfo (RoleInfo.java:updateAndGet(143)) - 830a81b3-f833-43ed-8e64-f2525410bb9b: start LeaderElection
2019-09-26 10:05:59,559 [9c78032f-eba8-46d0-8c4d-d82b43c60fb9@group-7379E4BCF4BA:LeaderElection192] INFO  server.RaftServerConfigKeys (ConfUtils.java:logGet(43)) - raft.server.watch.element-limit = 65536 (default)
2019-09-26 10:05:59,565 [9c78032f-eba8-46d0-8c4d-d82b43c60fb9@group-7379E4BCF4BA:LeaderElection192] INFO  impl.RoleInfo (RoleInfo.java:updateAndGet(143)) - 9c78032f-eba8-46d0-8c4d-d82b43c60fb9: start LeaderState
2019-09-26 10:05:59,565 [9c78032f-eba8-46d0-8c4d-d82b43c60fb9@group-7379E4BCF4BA:LeaderElection192] INFO  segmented.SegmentedRaftLogWorker (SegmentedRaftLogWorker.java:startLogSegment(380)) - 9c78032f-eba8-46d0-8c4d-d82b43c60fb9@group-7379E4BCF4BA-SegmentedRaftLogWorker: Starting segment from index:0
2019-09-26 10:05:59,565 [9c78032f-eba8-46d0-8c4d-d82b43c60fb9@group-7379E4BCF4BA:LeaderElection192] INFO  impl.RaftServerImpl (ServerState.java:setRaftConf(354)) - 9c78032f-eba8-46d0-8c4d-d82b43c60fb9@group-7379E4BCF4BA: set configuration 0: [9c78032f-eba8-46d0-8c4d-d82b43c60fb9:192.168.30.13:33303], old=null at 0
2019-09-26 10:05:59,584 [830a81b3-f833-43ed-8e64-f2525410bb9b@group-A363B3B010DA:LeaderElection193] INFO  impl.LeaderElection (LeaderElection.java:askForVotes(182)) - 830a81b3-f833-43ed-8e64-f2525410bb9b@group-A363B3B010DA:LeaderElection193: begin an election at term 1 for -1: [830a81b3-f833-43ed-8e64-f2525410bb9b:192.168.30.13:33698], old=null
2019-09-26 10:05:59,584 [830a81b3-f833-43ed-8e64-f2525410bb9b@group-A363B3B010DA:LeaderElection193] INFO  impl.RoleInfo (RoleInfo.java:shutdownLeaderElection(134)) - 830a81b3-f833-43ed-8e64-f2525410bb9b: shutdown LeaderElection
2019-09-26 10:05:59,584 [830a81b3-f833-43ed-8e64-f2525410bb9b@group-A363B3B010DA:LeaderElection193] INFO  impl.RaftServerImpl (RaftServerImpl.java:setRole(174)) - 830a81b3-f833-43ed-8e64-f2525410bb9b@group-A363B3B010DA: changes role from CANDIDATE to LEADER at term 1 for changeToLeader
2019-09-26 10:05:59,584 [830a81b3-f833-43ed-8e64-f2525410bb9b@group-A363B3B010DA:LeaderElection193] INFO  impl.RaftServerImpl (ServerState.java:setLeader(253)) - 830a81b3-f833-43ed-8e64-f2525410bb9b@group-A363B3B010DA: change Leader from null to 830a81b3-f833-43ed-8e64-f2525410bb9b at term 1 for becomeLeader, leader elected after 5228ms
2019-09-26 10:05:59,585 [830a81b3-f833-43ed-8e64-f2525410bb9b@group-A363B3B010DA:LeaderElection193] INFO  server.RaftServerConfigKeys (ConfUtils.java:logGet(43)) - raft.server.staging.catchup.gap = 1000 (default)
2019-09-26 10:05:59,585 [830a81b3-f833-43ed-8e64-f2525410bb9b@group-A363B3B010DA:LeaderElection193] INFO  server.RaftServerConfigKeys (ConfUtils.java:logGet(43)) - raft.server.rpc.sleep.time = 25ms (default)
2019-09-26 10:05:59,585 [830a81b3-f833-43ed-8e64-f2525410bb9b@group-A363B3B010DA:LeaderElection193] INFO  server.RaftServerConfigKeys (ConfUtils.java:logGet(43)) - raft.server.write.element-limit = 4096 (default)
2019-09-26 10:05:59,585 [830a81b3-f833-43ed-8e64-f2525410bb9b@group-A363B3B010DA:LeaderElection193] INFO  server.RaftServerConfigKeys (ConfUtils.java:logGet(43)) - raft.server.watch.timeout = 10s (default)
2019-09-26 10:05:59,585 [830a81b3-f833-43ed-8e64-f2525410bb9b@group-A363B3B010DA:LeaderElection193] INFO  server.RaftServerConfigKeys (ConfUtils.java:logGet(43)) - raft.server.watch.timeout.denomination = 1s (default)
2019-09-26 10:05:59,585 [830a81b3-f833-43ed-8e64-f2525410bb9b@group-A363B3B010DA:LeaderElection193] INFO  server.RaftServerConfigKeys (ConfUtils.java:logGet(43)) - raft.server.watch.element-limit = 65536 (default)
2019-09-26 10:05:59,587 [830a81b3-f833-43ed-8e64-f2525410bb9b@group-A363B3B010DA:LeaderElection193] INFO  impl.RoleInfo (RoleInfo.java:updateAndGet(143)) - 830a81b3-f833-43ed-8e64-f2525410bb9b: start LeaderState
2019-09-26 10:05:59,587 [830a81b3-f833-43ed-8e64-f2525410bb9b@group-A363B3B010DA:LeaderElection193] INFO  segmented.SegmentedRaftLogWorker (SegmentedRaftLogWorker.java:startLogSegment(380)) - 830a81b3-f833-43ed-8e64-f2525410bb9b@group-A363B3B010DA-SegmentedRaftLogWorker: Starting segment from index:0
2019-09-26 10:05:59,588 [830a81b3-f833-43ed-8e64-f2525410bb9b@group-A363B3B010DA:LeaderElection193] INFO  impl.RaftServerImpl (ServerState.java:setRaftConf(354)) - 830a81b3-f833-43ed-8e64-f2525410bb9b@group-A363B3B010DA: set configuration 0: [830a81b3-f833-43ed-8e64-f2525410bb9b:192.168.30.13:33698], old=null at 0
2019-09-26 10:05:59,606 [9c78032f-eba8-46d0-8c4d-d82b43c60fb9@group-7379E4BCF4BA-SegmentedRaftLogWorker] INFO  segmented.SegmentedRaftLogWorker (SegmentedRaftLogWorker.java:execute(569)) - 9c78032f-eba8-46d0-8c4d-d82b43c60fb9@group-7379E4BCF4BA-SegmentedRaftLogWorker: created new log segment /workdir/hadoop-ozone/integration-test/target/test-dir/MiniOzoneClusterImpl-6f19b49f-1ba0-4037-80e1-640204793d9e/datanode-5/data/ratis/511640d3-5edb-48a2-a58b-7379e4bcf4ba/current/log_inprogress_0
2019-09-26 10:05:59,618 [Thread-2697] INFO  impl.FollowerState (FollowerState.java:run(106)) - 830a81b3-f833-43ed-8e64-f2525410bb9b:group-FB76638FA5E6 changes to CANDIDATE, lastRpcTime:5054, electionTimeout:5054ms
2019-09-26 10:05:59,618 [Thread-2697] INFO  impl.RoleInfo (RoleInfo.java:shutdownFollowerState(121)) - 830a81b3-f833-43ed-8e64-f2525410bb9b: shutdown FollowerState
2019-09-26 10:05:59,618 [Thread-2697] INFO  impl.RaftServerImpl (RaftServerImpl.java:setRole(174)) - 830a81b3-f833-43ed-8e64-f2525410bb9b@group-FB76638FA5E6: changes role from  FOLLOWER to CANDIDATE at term 0 for changeToCandidate
2019-09-26 10:05:59,618 [Thread-2697] INFO  impl.RoleInfo (RoleInfo.java:updateAndGet(143)) - 830a81b3-f833-43ed-8e64-f2525410bb9b: start LeaderElection
2019-09-26 10:05:59,631 [830a81b3-f833-43ed-8e64-f2525410bb9b@group-A363B3B010DA-SegmentedRaftLogWorker] INFO  segmented.SegmentedRaftLogWorker (SegmentedRaftLogWorker.java:execute(569)) - 830a81b3-f833-43ed-8e64-f2525410bb9b@group-A363B3B010DA-SegmentedRaftLogWorker: created new log segment /workdir/hadoop-ozone/integration-test/target/test-dir/MiniOzoneClusterImpl-6f19b49f-1ba0-4037-80e1-640204793d9e/datanode-2/data/ratis/dd4c4e75-8928-46d9-ba18-a363b3b010da/current/log_inprogress_0
2019-09-26 10:05:59,631 [830a81b3-f833-43ed-8e64-f2525410bb9b@group-FB76638FA5E6:LeaderElection194] INFO  impl.LeaderElection (LeaderElection.java:askForVotes(182)) - 830a81b3-f833-43ed-8e64-f2525410bb9b@group-FB76638FA5E6:LeaderElection194: begin an election at term 1 for -1: [830a81b3-f833-43ed-8e64-f2525410bb9b:192.168.30.13:33698], old=null
2019-09-26 10:05:59,631 [830a81b3-f833-43ed-8e64-f2525410bb9b@group-FB76638FA5E6:LeaderElection194] INFO  impl.RoleInfo (RoleInfo.java:shutdownLeaderElection(134)) - 830a81b3-f833-43ed-8e64-f2525410bb9b: shutdown LeaderElection
2019-09-26 10:05:59,631 [830a81b3-f833-43ed-8e64-f2525410bb9b@group-FB76638FA5E6:LeaderElection194] INFO  impl.RaftServerImpl (RaftServerImpl.java:setRole(174)) - 830a81b3-f833-43ed-8e64-f2525410bb9b@group-FB76638FA5E6: changes role from CANDIDATE to LEADER at term 1 for changeToLeader
2019-09-26 10:05:59,631 [830a81b3-f833-43ed-8e64-f2525410bb9b@group-FB76638FA5E6:LeaderElection194] INFO  impl.RaftServerImpl (ServerState.java:setLeader(253)) - 830a81b3-f833-43ed-8e64-f2525410bb9b@group-FB76638FA5E6: change Leader from null to 830a81b3-f833-43ed-8e64-f2525410bb9b at term 1 for becomeLeader, leader elected after 5072ms
2019-09-26 10:05:59,631 [830a81b3-f833-43ed-8e64-f2525410bb9b@group-FB76638FA5E6:LeaderElection194] INFO  server.RaftServerConfigKeys (ConfUtils.java:logGet(43)) - raft.server.staging.catchup.gap = 1000 (default)
2019-09-26 10:05:59,631 [830a81b3-f833-43ed-8e64-f2525410bb9b@group-FB76638FA5E6:LeaderElection194] INFO  server.RaftServerConfigKeys (ConfUtils.java:logGet(43)) - raft.server.rpc.sleep.time = 25ms (default)
2019-09-26 10:05:59,632 [830a81b3-f833-43ed-8e64-f2525410bb9b@group-FB76638FA5E6:LeaderElection194] INFO  server.RaftServerConfigKeys (ConfUtils.java:logGet(43)) - raft.server.write.element-limit = 4096 (default)
2019-09-26 10:05:59,632 [830a81b3-f833-43ed-8e64-f2525410bb9b@group-FB76638FA5E6:LeaderElection194] INFO  server.RaftServerConfigKeys (ConfUtils.java:logGet(43)) - raft.server.watch.timeout = 10s (default)
2019-09-26 10:05:59,632 [830a81b3-f833-43ed-8e64-f2525410bb9b@group-FB76638FA5E6:LeaderElection194] INFO  server.RaftServerConfigKeys (ConfUtils.java:logGet(43)) - raft.server.watch.timeout.denomination = 1s (default)
2019-09-26 10:05:59,632 [830a81b3-f833-43ed-8e64-f2525410bb9b@group-FB76638FA5E6:LeaderElection194] INFO  server.RaftServerConfigKeys (ConfUtils.java:logGet(43)) - raft.server.watch.element-limit = 65536 (default)
2019-09-26 10:05:59,634 [830a81b3-f833-43ed-8e64-f2525410bb9b@group-FB76638FA5E6:LeaderElection194] INFO  impl.RoleInfo (RoleInfo.java:updateAndGet(143)) - 830a81b3-f833-43ed-8e64-f2525410bb9b: start LeaderState
2019-09-26 10:05:59,634 [830a81b3-f833-43ed-8e64-f2525410bb9b@group-FB76638FA5E6:LeaderElection194] INFO  segmented.SegmentedRaftLogWorker (SegmentedRaftLogWorker.java:startLogSegment(380)) - 830a81b3-f833-43ed-8e64-f2525410bb9b@group-FB76638FA5E6-SegmentedRaftLogWorker: Starting segment from index:0
2019-09-26 10:05:59,634 [830a81b3-f833-43ed-8e64-f2525410bb9b@group-FB76638FA5E6:LeaderElection194] INFO  impl.RaftServerImpl (ServerState.java:setRaftConf(354)) - 830a81b3-f833-43ed-8e64-f2525410bb9b@group-FB76638FA5E6: set configuration 0: [830a81b3-f833-43ed-8e64-f2525410bb9b:192.168.30.13:33698], old=null at 0
2019-09-26 10:05:59,642 [Thread-2694] INFO  impl.FollowerState (FollowerState.java:run(106)) - db227204-214e-44d9-8d16-8c4813e40a58:group-65006520ADF8 changes to CANDIDATE, lastRpcTime:5124, electionTimeout:5124ms
2019-09-26 10:05:59,643 [Thread-2694] INFO  impl.RoleInfo (RoleInfo.java:shutdownFollowerState(121)) - db227204-214e-44d9-8d16-8c4813e40a58: shutdown FollowerState
2019-09-26 10:05:59,643 [Thread-2694] INFO  impl.RaftServerImpl (RaftServerImpl.java:setRole(174)) - db227204-214e-44d9-8d16-8c4813e40a58@group-65006520ADF8: changes role from  FOLLOWER to CANDIDATE at term 0 for changeToCandidate
2019-09-26 10:05:59,643 [Thread-2694] INFO  impl.RoleInfo (RoleInfo.java:updateAndGet(143)) - db227204-214e-44d9-8d16-8c4813e40a58: start LeaderElection
2019-09-26 10:05:59,681 [830a81b3-f833-43ed-8e64-f2525410bb9b@group-FB76638FA5E6-SegmentedRaftLogWorker] INFO  segmented.SegmentedRaftLogWorker (SegmentedRaftLogWorker.java:execute(569)) - 830a81b3-f833-43ed-8e64-f2525410bb9b@group-FB76638FA5E6-SegmentedRaftLogWorker: created new log segment /workdir/hadoop-ozone/integration-test/target/test-dir/MiniOzoneClusterImpl-6f19b49f-1ba0-4037-80e1-640204793d9e/datanode-2/data/ratis/f014d842-76fa-4ca5-ab01-fb76638fa5e6/current/log_inprogress_0
2019-09-26 10:05:59,681 [db227204-214e-44d9-8d16-8c4813e40a58@group-65006520ADF8:LeaderElection195] INFO  impl.LeaderElection (LeaderElection.java:askForVotes(182)) - db227204-214e-44d9-8d16-8c4813e40a58@group-65006520ADF8:LeaderElection195: begin an election at term 1 for -1: [db227204-214e-44d9-8d16-8c4813e40a58:192.168.30.13:35682], old=null
2019-09-26 10:05:59,681 [db227204-214e-44d9-8d16-8c4813e40a58@group-65006520ADF8:LeaderElection195] INFO  impl.RoleInfo (RoleInfo.java:shutdownLeaderElection(134)) - db227204-214e-44d9-8d16-8c4813e40a58: shutdown LeaderElection
2019-09-26 10:05:59,681 [db227204-214e-44d9-8d16-8c4813e40a58@group-65006520ADF8:LeaderElection195] INFO  impl.RaftServerImpl (RaftServerImpl.java:setRole(174)) - db227204-214e-44d9-8d16-8c4813e40a58@group-65006520ADF8: changes role from CANDIDATE to LEADER at term 1 for changeToLeader
2019-09-26 10:05:59,681 [db227204-214e-44d9-8d16-8c4813e40a58@group-65006520ADF8:LeaderElection195] INFO  impl.RaftServerImpl (ServerState.java:setLeader(253)) - db227204-214e-44d9-8d16-8c4813e40a58@group-65006520ADF8: change Leader from null to db227204-214e-44d9-8d16-8c4813e40a58 at term 1 for becomeLeader, leader elected after 5169ms
2019-09-26 10:05:59,681 [db227204-214e-44d9-8d16-8c4813e40a58@group-65006520ADF8:LeaderElection195] INFO  server.RaftServerConfigKeys (ConfUtils.java:logGet(43)) - raft.server.staging.catchup.gap = 1000 (default)
2019-09-26 10:05:59,682 [db227204-214e-44d9-8d16-8c4813e40a58@group-65006520ADF8:LeaderElection195] INFO  server.RaftServerConfigKeys (ConfUtils.java:logGet(43)) - raft.server.rpc.sleep.time = 25ms (default)
2019-09-26 10:05:59,682 [db227204-214e-44d9-8d16-8c4813e40a58@group-65006520ADF8:LeaderElection195] INFO  server.RaftServerConfigKeys (ConfUtils.java:logGet(43)) - raft.server.write.element-limit = 4096 (default)
2019-09-26 10:05:59,682 [db227204-214e-44d9-8d16-8c4813e40a58@group-65006520ADF8:LeaderElection195] INFO  server.RaftServerConfigKeys (ConfUtils.java:logGet(43)) - raft.server.watch.timeout = 10s (default)
2019-09-26 10:05:59,682 [db227204-214e-44d9-8d16-8c4813e40a58@group-65006520ADF8:LeaderElection195] INFO  server.RaftServerConfigKeys (ConfUtils.java:logGet(43)) - raft.server.watch.timeout.denomination = 1s (default)
2019-09-26 10:05:59,682 [db227204-214e-44d9-8d16-8c4813e40a58@group-65006520ADF8:LeaderElection195] INFO  server.RaftServerConfigKeys (ConfUtils.java:logGet(43)) - raft.server.watch.element-limit = 65536 (default)
2019-09-26 10:05:59,684 [db227204-214e-44d9-8d16-8c4813e40a58@group-65006520ADF8:LeaderElection195] INFO  impl.RoleInfo (RoleInfo.java:updateAndGet(143)) - db227204-214e-44d9-8d16-8c4813e40a58: start LeaderState
2019-09-26 10:05:59,684 [db227204-214e-44d9-8d16-8c4813e40a58@group-65006520ADF8:LeaderElection195] INFO  segmented.SegmentedRaftLogWorker (SegmentedRaftLogWorker.java:startLogSegment(380)) - db227204-214e-44d9-8d16-8c4813e40a58@group-65006520ADF8-SegmentedRaftLogWorker: Starting segment from index:0
2019-09-26 10:05:59,685 [db227204-214e-44d9-8d16-8c4813e40a58@group-65006520ADF8:LeaderElection195] INFO  impl.RaftServerImpl (ServerState.java:setRaftConf(354)) - db227204-214e-44d9-8d16-8c4813e40a58@group-65006520ADF8: set configuration 0: [db227204-214e-44d9-8d16-8c4813e40a58:192.168.30.13:35682], old=null at 0
2019-09-26 10:05:59,728 [db227204-214e-44d9-8d16-8c4813e40a58@group-65006520ADF8-SegmentedRaftLogWorker] INFO  segmented.SegmentedRaftLogWorker (SegmentedRaftLogWorker.java:execute(569)) - db227204-214e-44d9-8d16-8c4813e40a58@group-65006520ADF8-SegmentedRaftLogWorker: created new log segment /workdir/hadoop-ozone/integration-test/target/test-dir/MiniOzoneClusterImpl-6f19b49f-1ba0-4037-80e1-640204793d9e/datanode-3/data/ratis/93873631-4810-4763-b585-65006520adf8/current/log_inprogress_0
2019-09-26 10:05:59,733 [Thread-2706] INFO  impl.FollowerState (FollowerState.java:run(106)) - db227204-214e-44d9-8d16-8c4813e40a58:group-5F79CCFAC190 changes to CANDIDATE, lastRpcTime:5037, electionTimeout:5037ms
2019-09-26 10:05:59,733 [Thread-2706] INFO  impl.RoleInfo (RoleInfo.java:shutdownFollowerState(121)) - db227204-214e-44d9-8d16-8c4813e40a58: shutdown FollowerState
2019-09-26 10:05:59,733 [Thread-2706] INFO  impl.RaftServerImpl (RaftServerImpl.java:setRole(174)) - db227204-214e-44d9-8d16-8c4813e40a58@group-5F79CCFAC190: changes role from  FOLLOWER to CANDIDATE at term 0 for changeToCandidate
2019-09-26 10:05:59,733 [Thread-2706] INFO  impl.RoleInfo (RoleInfo.java:updateAndGet(143)) - db227204-214e-44d9-8d16-8c4813e40a58: start LeaderElection
2019-09-26 10:05:59,746 [db227204-214e-44d9-8d16-8c4813e40a58@group-5F79CCFAC190:LeaderElection196] INFO  impl.LeaderElection (LeaderElection.java:askForVotes(182)) - db227204-214e-44d9-8d16-8c4813e40a58@group-5F79CCFAC190:LeaderElection196: begin an election at term 1 for -1: [db227204-214e-44d9-8d16-8c4813e40a58:192.168.30.13:35682], old=null
2019-09-26 10:05:59,746 [db227204-214e-44d9-8d16-8c4813e40a58@group-5F79CCFAC190:LeaderElection196] INFO  impl.RoleInfo (RoleInfo.java:shutdownLeaderElection(134)) - db227204-214e-44d9-8d16-8c4813e40a58: shutdown LeaderElection
2019-09-26 10:05:59,746 [db227204-214e-44d9-8d16-8c4813e40a58@group-5F79CCFAC190:LeaderElection196] INFO  impl.RaftServerImpl (RaftServerImpl.java:setRole(174)) - db227204-214e-44d9-8d16-8c4813e40a58@group-5F79CCFAC190: changes role from CANDIDATE to LEADER at term 1 for changeToLeader
2019-09-26 10:05:59,747 [db227204-214e-44d9-8d16-8c4813e40a58@group-5F79CCFAC190:LeaderElection196] INFO  impl.RaftServerImpl (ServerState.java:setLeader(253)) - db227204-214e-44d9-8d16-8c4813e40a58@group-5F79CCFAC190: change Leader from null to db227204-214e-44d9-8d16-8c4813e40a58 at term 1 for becomeLeader, leader elected after 5054ms
2019-09-26 10:05:59,747 [db227204-214e-44d9-8d16-8c4813e40a58@group-5F79CCFAC190:LeaderElection196] INFO  server.RaftServerConfigKeys (ConfUtils.java:logGet(43)) - raft.server.staging.catchup.gap = 1000 (default)
2019-09-26 10:05:59,747 [db227204-214e-44d9-8d16-8c4813e40a58@group-5F79CCFAC190:LeaderElection196] INFO  server.RaftServerConfigKeys (ConfUtils.java:logGet(43)) - raft.server.rpc.sleep.time = 25ms (default)
2019-09-26 10:05:59,747 [db227204-214e-44d9-8d16-8c4813e40a58@group-5F79CCFAC190:LeaderElection196] INFO  server.RaftServerConfigKeys (ConfUtils.java:logGet(43)) - raft.server.write.element-limit = 4096 (default)
2019-09-26 10:05:59,747 [db227204-214e-44d9-8d16-8c4813e40a58@group-5F79CCFAC190:LeaderElection196] INFO  server.RaftServerConfigKeys (ConfUtils.java:logGet(43)) - raft.server.watch.timeout = 10s (default)
2019-09-26 10:05:59,747 [db227204-214e-44d9-8d16-8c4813e40a58@group-5F79CCFAC190:LeaderElection196] INFO  server.RaftServerConfigKeys (ConfUtils.java:logGet(43)) - raft.server.watch.timeout.denomination = 1s (default)
2019-09-26 10:05:59,747 [db227204-214e-44d9-8d16-8c4813e40a58@group-5F79CCFAC190:LeaderElection196] INFO  server.RaftServerConfigKeys (ConfUtils.java:logGet(43)) - raft.server.watch.element-limit = 65536 (default)
2019-09-26 10:05:59,748 [db227204-214e-44d9-8d16-8c4813e40a58@group-5F79CCFAC190:LeaderElection196] INFO  impl.RoleInfo (RoleInfo.java:updateAndGet(143)) - db227204-214e-44d9-8d16-8c4813e40a58: start LeaderState
2019-09-26 10:05:59,748 [db227204-214e-44d9-8d16-8c4813e40a58@group-5F79CCFAC190:LeaderElection196] INFO  segmented.SegmentedRaftLogWorker (SegmentedRaftLogWorker.java:startLogSegment(380)) - db227204-214e-44d9-8d16-8c4813e40a58@group-5F79CCFAC190-SegmentedRaftLogWorker: Starting segment from index:0
2019-09-26 10:05:59,749 [db227204-214e-44d9-8d16-8c4813e40a58@group-5F79CCFAC190:LeaderElection196] INFO  impl.RaftServerImpl (ServerState.java:setRaftConf(354)) - db227204-214e-44d9-8d16-8c4813e40a58@group-5F79CCFAC190: set configuration 0: [db227204-214e-44d9-8d16-8c4813e40a58:192.168.30.13:35682], old=null at 0
2019-09-26 10:05:59,786 [db227204-214e-44d9-8d16-8c4813e40a58@group-5F79CCFAC190-SegmentedRaftLogWorker] INFO  segmented.SegmentedRaftLogWorker (SegmentedRaftLogWorker.java:execute(569)) - db227204-214e-44d9-8d16-8c4813e40a58@group-5F79CCFAC190-SegmentedRaftLogWorker: created new log segment /workdir/hadoop-ozone/integration-test/target/test-dir/MiniOzoneClusterImpl-6f19b49f-1ba0-4037-80e1-640204793d9e/datanode-3/data/ratis/89ddbf4a-4211-4226-b73a-5f79ccfac190/current/log_inprogress_0
2019-09-26 10:05:59,802 [Thread-2700] INFO  impl.FollowerState (FollowerState.java:run(106)) - 72f743f9-1e0e-4345-96f1-9a3a34c18cec:group-2968D36E678D changes to CANDIDATE, lastRpcTime:5198, electionTimeout:5198ms
2019-09-26 10:05:59,803 [Thread-2700] INFO  impl.RoleInfo (RoleInfo.java:shutdownFollowerState(121)) - 72f743f9-1e0e-4345-96f1-9a3a34c18cec: shutdown FollowerState
2019-09-26 10:05:59,803 [Thread-2700] INFO  impl.RaftServerImpl (RaftServerImpl.java:setRole(174)) - 72f743f9-1e0e-4345-96f1-9a3a34c18cec@group-2968D36E678D: changes role from  FOLLOWER to CANDIDATE at term 0 for changeToCandidate
2019-09-26 10:05:59,803 [Thread-2700] INFO  impl.RoleInfo (RoleInfo.java:updateAndGet(143)) - 72f743f9-1e0e-4345-96f1-9a3a34c18cec: start LeaderElection
2019-09-26 10:05:59,807 [Thread-2715] INFO  impl.FollowerState (FollowerState.java:run(106)) - 72f743f9-1e0e-4345-96f1-9a3a34c18cec:group-CDBA19D3F1B6 changes to CANDIDATE, lastRpcTime:5008, electionTimeout:5005ms
2019-09-26 10:05:59,807 [Thread-2703] INFO  impl.FollowerState (FollowerState.java:run(106)) - 583d69a3-91a3-48b1-b57b-32c881e6a62a:group-DB2F6B186195 changes to CANDIDATE, lastRpcTime:5158, electionTimeout:5155ms
2019-09-26 10:05:59,807 [Thread-2715] INFO  impl.RoleInfo (RoleInfo.java:shutdownFollowerState(121)) - 72f743f9-1e0e-4345-96f1-9a3a34c18cec: shutdown FollowerState
2019-09-26 10:05:59,807 [Thread-2703] INFO  impl.RoleInfo (RoleInfo.java:shutdownFollowerState(121)) - 583d69a3-91a3-48b1-b57b-32c881e6a62a: shutdown FollowerState
2019-09-26 10:05:59,807 [Thread-2715] INFO  impl.RaftServerImpl (RaftServerImpl.java:setRole(174)) - 72f743f9-1e0e-4345-96f1-9a3a34c18cec@group-CDBA19D3F1B6: changes role from  FOLLOWER to CANDIDATE at term 0 for changeToCandidate
2019-09-26 10:05:59,807 [Thread-2703] INFO  impl.RaftServerImpl (RaftServerImpl.java:setRole(174)) - 583d69a3-91a3-48b1-b57b-32c881e6a62a@group-DB2F6B186195: changes role from  FOLLOWER to CANDIDATE at term 0 for changeToCandidate
2019-09-26 10:05:59,807 [Thread-2715] INFO  impl.RoleInfo (RoleInfo.java:updateAndGet(143)) - 72f743f9-1e0e-4345-96f1-9a3a34c18cec: start LeaderElection
2019-09-26 10:05:59,807 [Thread-2703] INFO  impl.RoleInfo (RoleInfo.java:updateAndGet(143)) - 583d69a3-91a3-48b1-b57b-32c881e6a62a: start LeaderElection
2019-09-26 10:05:59,814 [72f743f9-1e0e-4345-96f1-9a3a34c18cec@group-2968D36E678D:LeaderElection197] INFO  impl.LeaderElection (LeaderElection.java:askForVotes(182)) - 72f743f9-1e0e-4345-96f1-9a3a34c18cec@group-2968D36E678D:LeaderElection197: begin an election at term 1 for -1: [72f743f9-1e0e-4345-96f1-9a3a34c18cec:192.168.30.13:42232], old=null
2019-09-26 10:05:59,815 [72f743f9-1e0e-4345-96f1-9a3a34c18cec@group-2968D36E678D:LeaderElection197] INFO  impl.RoleInfo (RoleInfo.java:shutdownLeaderElection(134)) - 72f743f9-1e0e-4345-96f1-9a3a34c18cec: shutdown LeaderElection
2019-09-26 10:05:59,815 [72f743f9-1e0e-4345-96f1-9a3a34c18cec@group-2968D36E678D:LeaderElection197] INFO  impl.RaftServerImpl (RaftServerImpl.java:setRole(174)) - 72f743f9-1e0e-4345-96f1-9a3a34c18cec@group-2968D36E678D: changes role from CANDIDATE to LEADER at term 1 for changeToLeader
2019-09-26 10:05:59,815 [72f743f9-1e0e-4345-96f1-9a3a34c18cec@group-2968D36E678D:LeaderElection197] INFO  impl.RaftServerImpl (ServerState.java:setLeader(253)) - 72f743f9-1e0e-4345-96f1-9a3a34c18cec@group-2968D36E678D: change Leader from null to 72f743f9-1e0e-4345-96f1-9a3a34c18cec at term 1 for becomeLeader, leader elected after 5214ms
2019-09-26 10:05:59,815 [72f743f9-1e0e-4345-96f1-9a3a34c18cec@group-2968D36E678D:LeaderElection197] INFO  server.RaftServerConfigKeys (ConfUtils.java:logGet(43)) - raft.server.staging.catchup.gap = 1000 (default)
2019-09-26 10:05:59,815 [72f743f9-1e0e-4345-96f1-9a3a34c18cec@group-2968D36E678D:LeaderElection197] INFO  server.RaftServerConfigKeys (ConfUtils.java:logGet(43)) - raft.server.rpc.sleep.time = 25ms (default)
2019-09-26 10:05:59,815 [72f743f9-1e0e-4345-96f1-9a3a34c18cec@group-2968D36E678D:LeaderElection197] INFO  server.RaftServerConfigKeys (ConfUtils.java:logGet(43)) - raft.server.write.element-limit = 4096 (default)
2019-09-26 10:05:59,815 [Thread-2712] INFO  impl.FollowerState (FollowerState.java:run(106)) - db227204-214e-44d9-8d16-8c4813e40a58:group-AE89F291BCEF changes to CANDIDATE, lastRpcTime:5058, electionTimeout:5058ms
2019-09-26 10:05:59,815 [72f743f9-1e0e-4345-96f1-9a3a34c18cec@group-2968D36E678D:LeaderElection197] INFO  server.RaftServerConfigKeys (ConfUtils.java:logGet(43)) - raft.server.watch.timeout = 10s (default)
2019-09-26 10:05:59,815 [Thread-2712] INFO  impl.RoleInfo (RoleInfo.java:shutdownFollowerState(121)) - db227204-214e-44d9-8d16-8c4813e40a58: shutdown FollowerState
2019-09-26 10:05:59,815 [72f743f9-1e0e-4345-96f1-9a3a34c18cec@group-2968D36E678D:LeaderElection197] INFO  server.RaftServerConfigKeys (ConfUtils.java:logGet(43)) - raft.server.watch.timeout.denomination = 1s (default)
2019-09-26 10:05:59,815 [Thread-2712] INFO  impl.RaftServerImpl (RaftServerImpl.java:setRole(174)) - db227204-214e-44d9-8d16-8c4813e40a58@group-AE89F291BCEF: changes role from  FOLLOWER to CANDIDATE at term 0 for changeToCandidate
2019-09-26 10:05:59,815 [72f743f9-1e0e-4345-96f1-9a3a34c18cec@group-2968D36E678D:LeaderElection197] INFO  server.RaftServerConfigKeys (ConfUtils.java:logGet(43)) - raft.server.watch.element-limit = 65536 (default)
2019-09-26 10:05:59,815 [Thread-2712] INFO  impl.RoleInfo (RoleInfo.java:updateAndGet(143)) - db227204-214e-44d9-8d16-8c4813e40a58: start LeaderElection
2019-09-26 10:05:59,831 [72f743f9-1e0e-4345-96f1-9a3a34c18cec@group-CDBA19D3F1B6:LeaderElection198] INFO  impl.LeaderElection (LeaderElection.java:askForVotes(182)) - 72f743f9-1e0e-4345-96f1-9a3a34c18cec@group-CDBA19D3F1B6:LeaderElection198: begin an election at term 1 for -1: [72f743f9-1e0e-4345-96f1-9a3a34c18cec:192.168.30.13:42232], old=null
2019-09-26 10:05:59,831 [583d69a3-91a3-48b1-b57b-32c881e6a62a@group-DB2F6B186195:LeaderElection199] INFO  impl.LeaderElection (LeaderElection.java:askForVotes(182)) - 583d69a3-91a3-48b1-b57b-32c881e6a62a@group-DB2F6B186195:LeaderElection199: begin an election at term 1 for -1: [583d69a3-91a3-48b1-b57b-32c881e6a62a:192.168.30.13:44038], old=null
2019-09-26 10:05:59,831 [72f743f9-1e0e-4345-96f1-9a3a34c18cec@group-CDBA19D3F1B6:LeaderElection198] INFO  impl.RoleInfo (RoleInfo.java:shutdownLeaderElection(134)) - 72f743f9-1e0e-4345-96f1-9a3a34c18cec: shutdown LeaderElection
2019-09-26 10:05:59,832 [583d69a3-91a3-48b1-b57b-32c881e6a62a@group-DB2F6B186195:LeaderElection199] INFO  impl.RoleInfo (RoleInfo.java:shutdownLeaderElection(134)) - 583d69a3-91a3-48b1-b57b-32c881e6a62a: shutdown LeaderElection
2019-09-26 10:05:59,832 [72f743f9-1e0e-4345-96f1-9a3a34c18cec@group-CDBA19D3F1B6:LeaderElection198] INFO  impl.RaftServerImpl (RaftServerImpl.java:setRole(174)) - 72f743f9-1e0e-4345-96f1-9a3a34c18cec@group-CDBA19D3F1B6: changes role from CANDIDATE to LEADER at term 1 for changeToLeader
2019-09-26 10:05:59,832 [583d69a3-91a3-48b1-b57b-32c881e6a62a@group-DB2F6B186195:LeaderElection199] INFO  impl.RaftServerImpl (RaftServerImpl.java:setRole(174)) - 583d69a3-91a3-48b1-b57b-32c881e6a62a@group-DB2F6B186195: changes role from CANDIDATE to LEADER at term 1 for changeToLeader
2019-09-26 10:05:59,832 [72f743f9-1e0e-4345-96f1-9a3a34c18cec@group-CDBA19D3F1B6:LeaderElection198] INFO  impl.RaftServerImpl (ServerState.java:setLeader(253)) - 72f743f9-1e0e-4345-96f1-9a3a34c18cec@group-CDBA19D3F1B6: change Leader from null to 72f743f9-1e0e-4345-96f1-9a3a34c18cec at term 1 for becomeLeader, leader elected after 5036ms
2019-09-26 10:05:59,832 [583d69a3-91a3-48b1-b57b-32c881e6a62a@group-DB2F6B186195:LeaderElection199] INFO  impl.RaftServerImpl (ServerState.java:setLeader(253)) - 583d69a3-91a3-48b1-b57b-32c881e6a62a@group-DB2F6B186195: change Leader from null to 583d69a3-91a3-48b1-b57b-32c881e6a62a at term 1 for becomeLeader, leader elected after 5188ms
2019-09-26 10:05:59,832 [72f743f9-1e0e-4345-96f1-9a3a34c18cec@group-CDBA19D3F1B6:LeaderElection198] INFO  server.RaftServerConfigKeys (ConfUtils.java:logGet(43)) - raft.server.staging.catchup.gap = 1000 (default)
2019-09-26 10:05:59,832 [583d69a3-91a3-48b1-b57b-32c881e6a62a@group-DB2F6B186195:LeaderElection199] INFO  server.RaftServerConfigKeys (ConfUtils.java:logGet(43)) - raft.server.staging.catchup.gap = 1000 (default)
2019-09-26 10:05:59,832 [72f743f9-1e0e-4345-96f1-9a3a34c18cec@group-CDBA19D3F1B6:LeaderElection198] INFO  server.RaftServerConfigKeys (ConfUtils.java:logGet(43)) - raft.server.rpc.sleep.time = 25ms (default)
2019-09-26 10:05:59,832 [583d69a3-91a3-48b1-b57b-32c881e6a62a@group-DB2F6B186195:LeaderElection199] INFO  server.RaftServerConfigKeys (ConfUtils.java:logGet(43)) - raft.server.rpc.sleep.time = 25ms (default)
2019-09-26 10:05:59,832 [72f743f9-1e0e-4345-96f1-9a3a34c18cec@group-CDBA19D3F1B6:LeaderElection198] INFO  server.RaftServerConfigKeys (ConfUtils.java:logGet(43)) - raft.server.write.element-limit = 4096 (default)
2019-09-26 10:05:59,832 [583d69a3-91a3-48b1-b57b-32c881e6a62a@group-DB2F6B186195:LeaderElection199] INFO  server.RaftServerConfigKeys (ConfUtils.java:logGet(43)) - raft.server.write.element-limit = 4096 (default)
2019-09-26 10:05:59,832 [72f743f9-1e0e-4345-96f1-9a3a34c18cec@group-2968D36E678D:LeaderElection197] INFO  impl.RoleInfo (RoleInfo.java:updateAndGet(143)) - 72f743f9-1e0e-4345-96f1-9a3a34c18cec: start LeaderState
2019-09-26 10:05:59,833 [583d69a3-91a3-48b1-b57b-32c881e6a62a@group-DB2F6B186195:LeaderElection199] INFO  server.RaftServerConfigKeys (ConfUtils.java:logGet(43)) - raft.server.watch.timeout = 10s (default)
2019-09-26 10:05:59,832 [72f743f9-1e0e-4345-96f1-9a3a34c18cec@group-CDBA19D3F1B6:LeaderElection198] INFO  server.RaftServerConfigKeys (ConfUtils.java:logGet(43)) - raft.server.watch.timeout = 10s (default)
2019-09-26 10:05:59,833 [583d69a3-91a3-48b1-b57b-32c881e6a62a@group-DB2F6B186195:LeaderElection199] INFO  server.RaftServerConfigKeys (ConfUtils.java:logGet(43)) - raft.server.watch.timeout.denomination = 1s (default)
2019-09-26 10:05:59,833 [72f743f9-1e0e-4345-96f1-9a3a34c18cec@group-2968D36E678D:LeaderElection197] INFO  segmented.SegmentedRaftLogWorker (SegmentedRaftLogWorker.java:startLogSegment(380)) - 72f743f9-1e0e-4345-96f1-9a3a34c18cec@group-2968D36E678D-SegmentedRaftLogWorker: Starting segment from index:0
2019-09-26 10:05:59,833 [583d69a3-91a3-48b1-b57b-32c881e6a62a@group-DB2F6B186195:LeaderElection199] INFO  server.RaftServerConfigKeys (ConfUtils.java:logGet(43)) - raft.server.watch.element-limit = 65536 (default)
2019-09-26 10:05:59,833 [72f743f9-1e0e-4345-96f1-9a3a34c18cec@group-CDBA19D3F1B6:LeaderElection198] INFO  server.RaftServerConfigKeys (ConfUtils.java:logGet(43)) - raft.server.watch.timeout.denomination = 1s (default)
2019-09-26 10:05:59,833 [72f743f9-1e0e-4345-96f1-9a3a34c18cec@group-CDBA19D3F1B6:LeaderElection198] INFO  server.RaftServerConfigKeys (ConfUtils.java:logGet(43)) - raft.server.watch.element-limit = 65536 (default)
2019-09-26 10:05:59,833 [72f743f9-1e0e-4345-96f1-9a3a34c18cec@group-2968D36E678D:LeaderElection197] INFO  impl.RaftServerImpl (ServerState.java:setRaftConf(354)) - 72f743f9-1e0e-4345-96f1-9a3a34c18cec@group-2968D36E678D: set configuration 0: [72f743f9-1e0e-4345-96f1-9a3a34c18cec:192.168.30.13:42232], old=null at 0
2019-09-26 10:05:59,836 [583d69a3-91a3-48b1-b57b-32c881e6a62a@group-DB2F6B186195:LeaderElection199] INFO  impl.RoleInfo (RoleInfo.java:updateAndGet(143)) - 583d69a3-91a3-48b1-b57b-32c881e6a62a: start LeaderState
2019-09-26 10:05:59,836 [72f743f9-1e0e-4345-96f1-9a3a34c18cec@group-CDBA19D3F1B6:LeaderElection198] INFO  impl.RoleInfo (RoleInfo.java:updateAndGet(143)) - 72f743f9-1e0e-4345-96f1-9a3a34c18cec: start LeaderState
2019-09-26 10:05:59,836 [583d69a3-91a3-48b1-b57b-32c881e6a62a@group-DB2F6B186195:LeaderElection199] INFO  segmented.SegmentedRaftLogWorker (SegmentedRaftLogWorker.java:startLogSegment(380)) - 583d69a3-91a3-48b1-b57b-32c881e6a62a@group-DB2F6B186195-SegmentedRaftLogWorker: Starting segment from index:0
2019-09-26 10:05:59,836 [72f743f9-1e0e-4345-96f1-9a3a34c18cec@group-CDBA19D3F1B6:LeaderElection198] INFO  segmented.SegmentedRaftLogWorker (SegmentedRaftLogWorker.java:startLogSegment(380)) - 72f743f9-1e0e-4345-96f1-9a3a34c18cec@group-CDBA19D3F1B6-SegmentedRaftLogWorker: Starting segment from index:0
2019-09-26 10:05:59,836 [583d69a3-91a3-48b1-b57b-32c881e6a62a@group-DB2F6B186195:LeaderElection199] INFO  impl.RaftServerImpl (ServerState.java:setRaftConf(354)) - 583d69a3-91a3-48b1-b57b-32c881e6a62a@group-DB2F6B186195: set configuration 0: [583d69a3-91a3-48b1-b57b-32c881e6a62a:192.168.30.13:44038], old=null at 0
2019-09-26 10:05:59,837 [72f743f9-1e0e-4345-96f1-9a3a34c18cec@group-CDBA19D3F1B6:LeaderElection198] INFO  impl.RaftServerImpl (ServerState.java:setRaftConf(354)) - 72f743f9-1e0e-4345-96f1-9a3a34c18cec@group-CDBA19D3F1B6: set configuration 0: [72f743f9-1e0e-4345-96f1-9a3a34c18cec:192.168.30.13:42232], old=null at 0
2019-09-26 10:05:59,852 [db227204-214e-44d9-8d16-8c4813e40a58@group-AE89F291BCEF:LeaderElection200] INFO  impl.LeaderElection (LeaderElection.java:askForVotes(182)) - db227204-214e-44d9-8d16-8c4813e40a58@group-AE89F291BCEF:LeaderElection200: begin an election at term 1 for -1: [db227204-214e-44d9-8d16-8c4813e40a58:192.168.30.13:35682], old=null
2019-09-26 10:05:59,852 [db227204-214e-44d9-8d16-8c4813e40a58@group-AE89F291BCEF:LeaderElection200] INFO  impl.RoleInfo (RoleInfo.java:shutdownLeaderElection(134)) - db227204-214e-44d9-8d16-8c4813e40a58: shutdown LeaderElection
2019-09-26 10:05:59,853 [db227204-214e-44d9-8d16-8c4813e40a58@group-AE89F291BCEF:LeaderElection200] INFO  impl.RaftServerImpl (RaftServerImpl.java:setRole(174)) - db227204-214e-44d9-8d16-8c4813e40a58@group-AE89F291BCEF: changes role from CANDIDATE to LEADER at term 1 for changeToLeader
2019-09-26 10:05:59,853 [db227204-214e-44d9-8d16-8c4813e40a58@group-AE89F291BCEF:LeaderElection200] INFO  impl.RaftServerImpl (ServerState.java:setLeader(253)) - db227204-214e-44d9-8d16-8c4813e40a58@group-AE89F291BCEF: change Leader from null to db227204-214e-44d9-8d16-8c4813e40a58 at term 1 for becomeLeader, leader elected after 5099ms
2019-09-26 10:05:59,853 [db227204-214e-44d9-8d16-8c4813e40a58@group-AE89F291BCEF:LeaderElection200] INFO  server.RaftServerConfigKeys (ConfUtils.java:logGet(43)) - raft.server.staging.catchup.gap = 1000 (default)
2019-09-26 10:05:59,853 [db227204-214e-44d9-8d16-8c4813e40a58@group-AE89F291BCEF:LeaderElection200] INFO  server.RaftServerConfigKeys (ConfUtils.java:logGet(43)) - raft.server.rpc.sleep.time = 25ms (default)
2019-09-26 10:05:59,853 [db227204-214e-44d9-8d16-8c4813e40a58@group-AE89F291BCEF:LeaderElection200] INFO  server.RaftServerConfigKeys (ConfUtils.java:logGet(43)) - raft.server.write.element-limit = 4096 (default)
2019-09-26 10:05:59,853 [db227204-214e-44d9-8d16-8c4813e40a58@group-AE89F291BCEF:LeaderElection200] INFO  server.RaftServerConfigKeys (ConfUtils.java:logGet(43)) - raft.server.watch.timeout = 10s (default)
2019-09-26 10:05:59,853 [db227204-214e-44d9-8d16-8c4813e40a58@group-AE89F291BCEF:LeaderElection200] INFO  server.RaftServerConfigKeys (ConfUtils.java:logGet(43)) - raft.server.watch.timeout.denomination = 1s (default)
2019-09-26 10:05:59,853 [db227204-214e-44d9-8d16-8c4813e40a58@group-AE89F291BCEF:LeaderElection200] INFO  server.RaftServerConfigKeys (ConfUtils.java:logGet(43)) - raft.server.watch.element-limit = 65536 (default)
2019-09-26 10:05:59,855 [db227204-214e-44d9-8d16-8c4813e40a58@group-AE89F291BCEF:LeaderElection200] INFO  impl.RoleInfo (RoleInfo.java:updateAndGet(143)) - db227204-214e-44d9-8d16-8c4813e40a58: start LeaderState
2019-09-26 10:05:59,855 [db227204-214e-44d9-8d16-8c4813e40a58@group-AE89F291BCEF:LeaderElection200] INFO  segmented.SegmentedRaftLogWorker (SegmentedRaftLogWorker.java:startLogSegment(380)) - db227204-214e-44d9-8d16-8c4813e40a58@group-AE89F291BCEF-SegmentedRaftLogWorker: Starting segment from index:0
2019-09-26 10:05:59,855 [db227204-214e-44d9-8d16-8c4813e40a58@group-AE89F291BCEF:LeaderElection200] INFO  impl.RaftServerImpl (ServerState.java:setRaftConf(354)) - db227204-214e-44d9-8d16-8c4813e40a58@group-AE89F291BCEF: set configuration 0: [db227204-214e-44d9-8d16-8c4813e40a58:192.168.30.13:35682], old=null at 0
2019-09-26 10:06:00,541 [Thread-2745] INFO  impl.FollowerState (FollowerState.java:run(106)) - 9c78032f-eba8-46d0-8c4d-d82b43c60fb9:group-0479A791B3CB changes to CANDIDATE, lastRpcTime:5316, electionTimeout:5200ms
2019-09-26 10:06:00,558 [Thread-2724] WARN  util.JavaUtils (JavaUtils.java:sleep(250)) - Unexpected long sleep: sleep(5080ms) actually took 5634ms which is over the threshold 300ms
2019-09-26 10:06:00,558 [Thread-2745] INFO  impl.RoleInfo (RoleInfo.java:shutdownFollowerState(121)) - 9c78032f-eba8-46d0-8c4d-d82b43c60fb9: shutdown FollowerState
2019-09-26 10:06:00,558 [Thread-2730] WARN  util.JavaUtils (JavaUtils.java:sleep(250)) - Unexpected long sleep: sleep(5032ms) actually took 5571ms which is over the threshold 300ms
2019-09-26 10:06:00,558 [Thread-2718] WARN  util.JavaUtils (JavaUtils.java:sleep(250)) - Unexpected long sleep: sleep(5039ms) actually took 5713ms which is over the threshold 300ms
2019-09-26 10:06:00,553 [Thread-2733] WARN  util.JavaUtils (JavaUtils.java:sleep(250)) - Unexpected long sleep: sleep(5163ms) actually took 5487ms which is over the threshold 300ms
2019-09-26 10:06:00,553 [Thread-2727] WARN  util.JavaUtils (JavaUtils.java:sleep(250)) - Unexpected long sleep: sleep(5140ms) actually took 5593ms which is over the threshold 300ms
2019-09-26 10:06:00,553 [Thread-2736] WARN  util.JavaUtils (JavaUtils.java:sleep(250)) - Unexpected long sleep: sleep(5019ms) actually took 5419ms which is over the threshold 300ms
2019-09-26 10:06:00,546 [Thread-2742] INFO  impl.FollowerState (FollowerState.java:run(106)) - 9c78032f-eba8-46d0-8c4d-d82b43c60fb9:group-C43F64780CE3 changes to CANDIDATE, lastRpcTime:5343, electionTimeout:5106ms
2019-09-26 10:06:00,574 [Thread-2742] INFO  impl.RoleInfo (RoleInfo.java:shutdownFollowerState(121)) - 9c78032f-eba8-46d0-8c4d-d82b43c60fb9: shutdown FollowerState
2019-09-26 10:06:00,546 [Thread-2757] INFO  impl.FollowerState (FollowerState.java:run(106)) - c48e9c41-2800-44a2-9011-d3474aeafd5c:group-1FF218C2B17F changes to CANDIDATE, lastRpcTime:5156, electionTimeout:5122ms
2019-09-26 10:06:00,546 [Thread-2748] INFO  impl.FollowerState (FollowerState.java:run(106)) - 830a81b3-f833-43ed-8e64-f2525410bb9b:group-2B44FA5EDFA2 changes to CANDIDATE, lastRpcTime:5301, electionTimeout:5133ms
2019-09-26 10:06:00,546 [Thread-2739] INFO  impl.FollowerState (FollowerState.java:run(106)) - 72f743f9-1e0e-4345-96f1-9a3a34c18cec:group-D768095CF80A changes to CANDIDATE, lastRpcTime:5370, electionTimeout:5154ms
2019-09-26 10:06:00,610 [Thread-2748] INFO  impl.RoleInfo (RoleInfo.java:shutdownFollowerState(121)) - 830a81b3-f833-43ed-8e64-f2525410bb9b: shutdown FollowerState
2019-09-26 10:06:00,541 [Thread-2751] INFO  impl.FollowerState (FollowerState.java:run(106)) - 583d69a3-91a3-48b1-b57b-32c881e6a62a:group-C97889D9F5EE changes to CANDIDATE, lastRpcTime:5240, electionTimeout:5095ms
2019-09-26 10:06:00,541 [Thread-2754] INFO  impl.FollowerState (FollowerState.java:run(106)) - 583d69a3-91a3-48b1-b57b-32c881e6a62a:group-147F68B3880E changes to CANDIDATE, lastRpcTime:5200, electionTimeout:5150ms
2019-09-26 10:06:00,632 [Thread-2748] INFO  impl.RaftServerImpl (RaftServerImpl.java:setRole(174)) - 830a81b3-f833-43ed-8e64-f2525410bb9b@group-2B44FA5EDFA2: changes role from  FOLLOWER to CANDIDATE at term 0 for changeToCandidate
2019-09-26 10:06:00,618 [Thread-2739] INFO  impl.RoleInfo (RoleInfo.java:shutdownFollowerState(121)) - 72f743f9-1e0e-4345-96f1-9a3a34c18cec: shutdown FollowerState
2019-09-26 10:06:00,618 [Thread-2771] INFO  impl.FollowerState (FollowerState.java:run(106)) - c48e9c41-2800-44a2-9011-d3474aeafd5c:group-FD60C31C1EBA changes to CANDIDATE, lastRpcTime:5027, electionTimeout:5015ms
2019-09-26 10:06:00,606 [Thread-2757] INFO  impl.RoleInfo (RoleInfo.java:shutdownFollowerState(121)) - c48e9c41-2800-44a2-9011-d3474aeafd5c: shutdown FollowerState
2019-09-26 10:06:00,580 [Thread-2742] INFO  impl.RaftServerImpl (RaftServerImpl.java:setRole(174)) - 9c78032f-eba8-46d0-8c4d-d82b43c60fb9@group-C43F64780CE3: changes role from  FOLLOWER to CANDIDATE at term 0 for changeToCandidate
2019-09-26 10:06:00,574 [Thread-2709] WARN  util.JavaUtils (JavaUtils.java:sleep(250)) - Unexpected long sleep: sleep(5169ms) actually took 5832ms which is over the threshold 300ms
2019-09-26 10:06:00,574 [Thread-2762] INFO  impl.FollowerState (FollowerState.java:run(106)) - 583d69a3-91a3-48b1-b57b-32c881e6a62a:group-288C084D4CB6 changes to CANDIDATE, lastRpcTime:5132, electionTimeout:5126ms
2019-09-26 10:06:00,574 [583d69a3-91a3-48b1-b57b-32c881e6a62a@group-DB2F6B186195-SegmentedRaftLogWorker] INFO  segmented.SegmentedRaftLogWorker (SegmentedRaftLogWorker.java:execute(569)) - 583d69a3-91a3-48b1-b57b-32c881e6a62a@group-DB2F6B186195-SegmentedRaftLogWorker: created new log segment /workdir/hadoop-ozone/integration-test/target/test-dir/MiniOzoneClusterImpl-6f19b49f-1ba0-4037-80e1-640204793d9e/datanode-4/data/ratis/802d5059-329a-42e3-9354-db2f6b186195/current/log_inprogress_0
2019-09-26 10:06:00,572 [72f743f9-1e0e-4345-96f1-9a3a34c18cec@group-2968D36E678D-SegmentedRaftLogWorker] INFO  segmented.SegmentedRaftLogWorker (SegmentedRaftLogWorker.java:execute(569)) - 72f743f9-1e0e-4345-96f1-9a3a34c18cec@group-2968D36E678D-SegmentedRaftLogWorker: created new log segment /workdir/hadoop-ozone/integration-test/target/test-dir/MiniOzoneClusterImpl-6f19b49f-1ba0-4037-80e1-640204793d9e/datanode-1/data/ratis/89fc9a0f-2af8-47aa-a4b6-2968d36e678d/current/log_inprogress_0
2019-09-26 10:06:00,572 [72f743f9-1e0e-4345-96f1-9a3a34c18cec@group-CDBA19D3F1B6-SegmentedRaftLogWorker] INFO  segmented.SegmentedRaftLogWorker (SegmentedRaftLogWorker.java:execute(569)) - 72f743f9-1e0e-4345-96f1-9a3a34c18cec@group-CDBA19D3F1B6-SegmentedRaftLogWorker: created new log segment /workdir/hadoop-ozone/integration-test/target/test-dir/MiniOzoneClusterImpl-6f19b49f-1ba0-4037-80e1-640204793d9e/datanode-1/data/ratis/1d9e71ac-47ce-4622-8e4f-cdba19d3f1b6/current/log_inprogress_0
2019-09-26 10:06:00,565 [Thread-2745] INFO  impl.RaftServerImpl (RaftServerImpl.java:setRole(174)) - 9c78032f-eba8-46d0-8c4d-d82b43c60fb9@group-0479A791B3CB: changes role from  FOLLOWER to CANDIDATE at term 0 for changeToCandidate
2019-09-26 10:06:00,561 [Thread-2721] WARN  util.JavaUtils (JavaUtils.java:sleep(250)) - Unexpected long sleep: sleep(5162ms) actually took 5674ms which is over the threshold 300ms
2019-09-26 10:06:00,734 [Thread-2745] INFO  impl.RoleInfo (RoleInfo.java:updateAndGet(143)) - 9c78032f-eba8-46d0-8c4d-d82b43c60fb9: start LeaderElection
2019-09-26 10:06:00,702 [Thread-2771] INFO  impl.RoleInfo (RoleInfo.java:shutdownFollowerState(121)) - c48e9c41-2800-44a2-9011-d3474aeafd5c: shutdown FollowerState
2019-09-26 10:06:00,702 [Thread-2768] INFO  impl.FollowerState (FollowerState.java:run(106)) - 9c78032f-eba8-46d0-8c4d-d82b43c60fb9:group-DD2DE94DD6D4 changes to CANDIDATE, lastRpcTime:5153, electionTimeout:5143ms
2019-09-26 10:06:00,747 [Thread-2762] INFO  impl.RoleInfo (RoleInfo.java:shutdownFollowerState(121)) - 583d69a3-91a3-48b1-b57b-32c881e6a62a: shutdown FollowerState
2019-09-26 10:06:00,692 [Thread-2751] INFO  impl.RoleInfo (RoleInfo.java:shutdownFollowerState(121)) - 583d69a3-91a3-48b1-b57b-32c881e6a62a: shutdown FollowerState
2019-09-26 10:06:00,692 [Thread-2742] INFO  impl.RoleInfo (RoleInfo.java:updateAndGet(143)) - 9c78032f-eba8-46d0-8c4d-d82b43c60fb9: start LeaderElection
2019-09-26 10:06:00,687 [Thread-2754] INFO  impl.RoleInfo (RoleInfo.java:shutdownFollowerState(121)) - 583d69a3-91a3-48b1-b57b-32c881e6a62a: shutdown FollowerState
2019-09-26 10:06:00,682 [Thread-2757] INFO  impl.RaftServerImpl (RaftServerImpl.java:setRole(174)) - c48e9c41-2800-44a2-9011-d3474aeafd5c@group-1FF218C2B17F: changes role from  FOLLOWER to CANDIDATE at term 0 for changeToCandidate
2019-09-26 10:06:00,672 [Thread-2765] INFO  impl.FollowerState (FollowerState.java:run(106)) - c48e9c41-2800-44a2-9011-d3474aeafd5c:group-8F5E0ECB4CCF changes to CANDIDATE, lastRpcTime:5162, electionTimeout:5149ms
2019-09-26 10:06:00,668 [Thread-2739] INFO  impl.RaftServerImpl (RaftServerImpl.java:setRole(174)) - 72f743f9-1e0e-4345-96f1-9a3a34c18cec@group-D768095CF80A: changes role from  FOLLOWER to CANDIDATE at term 0 for changeToCandidate
2019-09-26 10:06:00,658 [Thread-2748] INFO  impl.RoleInfo (RoleInfo.java:updateAndGet(143)) - 830a81b3-f833-43ed-8e64-f2525410bb9b: start LeaderElection
2019-09-26 10:06:00,790 [Thread-2739] INFO  impl.RoleInfo (RoleInfo.java:updateAndGet(143)) - 72f743f9-1e0e-4345-96f1-9a3a34c18cec: start LeaderElection
2019-09-26 10:06:00,790 [Thread-2765] INFO  impl.RoleInfo (RoleInfo.java:shutdownFollowerState(121)) - c48e9c41-2800-44a2-9011-d3474aeafd5c: shutdown FollowerState
2019-09-26 10:06:00,790 [Thread-2757] INFO  impl.RoleInfo (RoleInfo.java:updateAndGet(143)) - c48e9c41-2800-44a2-9011-d3474aeafd5c: start LeaderElection
2019-09-26 10:06:00,790 [Thread-2754] INFO  impl.RaftServerImpl (RaftServerImpl.java:setRole(174)) - 583d69a3-91a3-48b1-b57b-32c881e6a62a@group-147F68B3880E: changes role from  FOLLOWER to CANDIDATE at term 0 for changeToCandidate
2019-09-26 10:06:00,790 [ForkJoinPool.commonPool-worker-0] INFO  ozoneimpl.OzoneContainer (OzoneContainer.java:stop(231)) - Attempting to stop container services.
2019-09-26 10:06:00,790 [Thread-2751] INFO  impl.RaftServerImpl (RaftServerImpl.java:setRole(174)) - 583d69a3-91a3-48b1-b57b-32c881e6a62a@group-C97889D9F5EE: changes role from  FOLLOWER to CANDIDATE at term 0 for changeToCandidate
2019-09-26 10:06:00,789 [Thread-2762] INFO  impl.RaftServerImpl (RaftServerImpl.java:setRole(174)) - 583d69a3-91a3-48b1-b57b-32c881e6a62a@group-288C084D4CB6: changes role from  FOLLOWER to CANDIDATE at term 0 for changeToCandidate
2019-09-26 10:06:00,789 [Thread-2780] INFO  impl.FollowerState (FollowerState.java:run(106)) - c48e9c41-2800-44a2-9011-d3474aeafd5c:group-D2AA8A8376D2 changes to CANDIDATE, lastRpcTime:5085, electionTimeout:5053ms
2019-09-26 10:06:00,789 [main] INFO  ozoneimpl.OzoneContainer (OzoneContainer.java:stop(231)) - Attempting to stop container services.
2019-09-26 10:06:00,747 [Thread-2768] INFO  impl.RoleInfo (RoleInfo.java:shutdownFollowerState(121)) - 9c78032f-eba8-46d0-8c4d-d82b43c60fb9: shutdown FollowerState
2019-09-26 10:06:00,747 [Thread-2771] INFO  impl.RaftServerImpl (RaftServerImpl.java:setRole(174)) - c48e9c41-2800-44a2-9011-d3474aeafd5c@group-FD60C31C1EBA: changes role from  FOLLOWER to CANDIDATE at term 0 for changeToCandidate
2019-09-26 10:06:00,743 [Thread-2777] INFO  impl.FollowerState (FollowerState.java:run(106)) - c48e9c41-2800-44a2-9011-d3474aeafd5c:group-FDADA99B783D changes to CANDIDATE, lastRpcTime:5077, electionTimeout:5066ms
2019-09-26 10:06:00,743 [Thread-2774] INFO  impl.FollowerState (FollowerState.java:run(106)) - c48e9c41-2800-44a2-9011-d3474aeafd5c:group-192E70CE273D changes to CANDIDATE, lastRpcTime:5113, electionTimeout:5106ms
2019-09-26 10:06:00,866 [Thread-2777] INFO  impl.RoleInfo (RoleInfo.java:shutdownFollowerState(121)) - c48e9c41-2800-44a2-9011-d3474aeafd5c: shutdown FollowerState
2019-09-26 10:06:00,866 [Thread-2771] INFO  impl.RoleInfo (RoleInfo.java:updateAndGet(143)) - c48e9c41-2800-44a2-9011-d3474aeafd5c: start LeaderElection
2019-09-26 10:06:00,866 [main] INFO  impl.RaftServerProxy (RaftServerProxy.java:lambda$close$4(314)) - 583d69a3-91a3-48b1-b57b-32c881e6a62a: close
2019-09-26 10:06:00,865 [Thread-2768] INFO  impl.RaftServerImpl (RaftServerImpl.java:setRole(174)) - 9c78032f-eba8-46d0-8c4d-d82b43c60fb9@group-DD2DE94DD6D4: changes role from  FOLLOWER to CANDIDATE at term 0 for changeToCandidate
2019-09-26 10:06:00,865 [Thread-2751] INFO  impl.RoleInfo (RoleInfo.java:updateAndGet(143)) - 583d69a3-91a3-48b1-b57b-32c881e6a62a: start LeaderElection
2019-09-26 10:06:00,865 [Thread-2780] INFO  impl.RoleInfo (RoleInfo.java:shutdownFollowerState(121)) - c48e9c41-2800-44a2-9011-d3474aeafd5c: shutdown FollowerState
2019-09-26 10:06:00,865 [Thread-2762] INFO  impl.RoleInfo (RoleInfo.java:updateAndGet(143)) - 583d69a3-91a3-48b1-b57b-32c881e6a62a: start LeaderElection
2019-09-26 10:06:00,865 [c48e9c41-2800-44a2-9011-d3474aeafd5c@group-1FF218C2B17F:LeaderElection204] INFO  impl.LeaderElection (LeaderElection.java:askForVotes(182)) - c48e9c41-2800-44a2-9011-d3474aeafd5c@group-1FF218C2B17F:LeaderElection204: begin an election at term 1 for -1: [c48e9c41-2800-44a2-9011-d3474aeafd5c:192.168.30.13:36994], old=null
2019-09-26 10:06:00,865 [72f743f9-1e0e-4345-96f1-9a3a34c18cec@group-D768095CF80A:LeaderElection205] INFO  impl.LeaderElection (LeaderElection.java:askForVotes(182)) - 72f743f9-1e0e-4345-96f1-9a3a34c18cec@group-D768095CF80A:LeaderElection205: begin an election at term 1 for -1: [72f743f9-1e0e-4345-96f1-9a3a34c18cec:192.168.30.13:42232], old=null
2019-09-26 10:06:00,867 [72f743f9-1e0e-4345-96f1-9a3a34c18cec@group-D768095CF80A:LeaderElection205] INFO  impl.RoleInfo (RoleInfo.java:shutdownLeaderElection(134)) - 72f743f9-1e0e-4345-96f1-9a3a34c18cec: shutdown LeaderElection
2019-09-26 10:06:00,846 [ForkJoinPool.commonPool-worker-0] INFO  impl.RaftServerProxy (RaftServerProxy.java:lambda$close$4(314)) - 72f743f9-1e0e-4345-96f1-9a3a34c18cec: close
2019-09-26 10:06:00,846 [9c78032f-eba8-46d0-8c4d-d82b43c60fb9@group-0479A791B3CB:LeaderElection203] INFO  impl.LeaderElection (LeaderElection.java:askForVotes(182)) - 9c78032f-eba8-46d0-8c4d-d82b43c60fb9@group-0479A791B3CB:LeaderElection203: begin an election at term 1 for -1: [9c78032f-eba8-46d0-8c4d-d82b43c60fb9:192.168.30.13:33303], old=null
2019-09-26 10:06:00,846 [9c78032f-eba8-46d0-8c4d-d82b43c60fb9@group-C43F64780CE3:LeaderElection202] INFO  impl.LeaderElection (LeaderElection.java:askForVotes(182)) - 9c78032f-eba8-46d0-8c4d-d82b43c60fb9@group-C43F64780CE3:LeaderElection202: begin an election at term 1 for -1: [9c78032f-eba8-46d0-8c4d-d82b43c60fb9:192.168.30.13:33303], old=null
2019-09-26 10:06:00,846 [db227204-214e-44d9-8d16-8c4813e40a58@group-AE89F291BCEF-SegmentedRaftLogWorker] INFO  segmented.SegmentedRaftLogWorker (SegmentedRaftLogWorker.java:execute(569)) - db227204-214e-44d9-8d16-8c4813e40a58@group-AE89F291BCEF-SegmentedRaftLogWorker: created new log segment /workdir/hadoop-ozone/integration-test/target/test-dir/MiniOzoneClusterImpl-6f19b49f-1ba0-4037-80e1-640204793d9e/datanode-3/data/ratis/87ba1928-c15d-44bf-937b-ae89f291bcef/current/log_inprogress_0
2019-09-26 10:06:00,791 [Thread-2754] INFO  impl.RoleInfo (RoleInfo.java:updateAndGet(143)) - 583d69a3-91a3-48b1-b57b-32c881e6a62a: start LeaderElection
2019-09-26 10:06:00,790 [Thread-2765] INFO  impl.RaftServerImpl (RaftServerImpl.java:setRole(174)) - c48e9c41-2800-44a2-9011-d3474aeafd5c@group-8F5E0ECB4CCF: changes role from  FOLLOWER to CANDIDATE at term 0 for changeToCandidate
2019-09-26 10:06:00,867 [9c78032f-eba8-46d0-8c4d-d82b43c60fb9@group-C43F64780CE3:LeaderElection202] INFO  impl.RoleInfo (RoleInfo.java:shutdownLeaderElection(134)) - 9c78032f-eba8-46d0-8c4d-d82b43c60fb9: shutdown LeaderElection
2019-09-26 10:06:00,867 [9c78032f-eba8-46d0-8c4d-d82b43c60fb9@group-0479A791B3CB:LeaderElection203] INFO  impl.RoleInfo (RoleInfo.java:shutdownLeaderElection(134)) - 9c78032f-eba8-46d0-8c4d-d82b43c60fb9: shutdown LeaderElection
2019-09-26 10:06:00,867 [ForkJoinPool.commonPool-worker-0] INFO  impl.RaftServerImpl (RaftServerImpl.java:lambda$shutdown$3(251)) - 72f743f9-1e0e-4345-96f1-9a3a34c18cec@group-A06EF9BD81F6: shutdown
2019-09-26 10:06:00,867 [72f743f9-1e0e-4345-96f1-9a3a34c18cec@group-D768095CF80A:LeaderElection205] INFO  impl.RaftServerImpl (RaftServerImpl.java:setRole(174)) - 72f743f9-1e0e-4345-96f1-9a3a34c18cec@group-D768095CF80A: changes role from CANDIDATE to LEADER at term 1 for changeToLeader
2019-09-26 10:06:00,867 [c48e9c41-2800-44a2-9011-d3474aeafd5c@group-1FF218C2B17F:LeaderElection204] INFO  impl.RoleInfo (RoleInfo.java:shutdownLeaderElection(134)) - c48e9c41-2800-44a2-9011-d3474aeafd5c: shutdown LeaderElection
2019-09-26 10:06:00,868 [c48e9c41-2800-44a2-9011-d3474aeafd5c@group-1FF218C2B17F:LeaderElection204] INFO  impl.RaftServerImpl (RaftServerImpl.java:setRole(174)) - c48e9c41-2800-44a2-9011-d3474aeafd5c@group-1FF218C2B17F: changes role from CANDIDATE to LEADER at term 1 for changeToLeader
2019-09-26 10:06:00,867 [Thread-2780] INFO  impl.RaftServerImpl (RaftServerImpl.java:setRole(174)) - c48e9c41-2800-44a2-9011-d3474aeafd5c@group-D2AA8A8376D2: changes role from  FOLLOWER to CANDIDATE at term 0 for changeToCandidate
2019-09-26 10:06:00,866 [Thread-2768] INFO  impl.RoleInfo (RoleInfo.java:updateAndGet(143)) - 9c78032f-eba8-46d0-8c4d-d82b43c60fb9: start LeaderElection
2019-09-26 10:06:00,866 [main] INFO  impl.RaftServerImpl (RaftServerImpl.java:lambda$shutdown$3(251)) - 583d69a3-91a3-48b1-b57b-32c881e6a62a@group-C97889D9F5EE: shutdown
2019-09-26 10:06:00,866 [Thread-2777] INFO  impl.RaftServerImpl (RaftServerImpl.java:setRole(174)) - c48e9c41-2800-44a2-9011-d3474aeafd5c@group-FDADA99B783D: changes role from  FOLLOWER to CANDIDATE at term 0 for changeToCandidate
2019-09-26 10:06:00,866 [Thread-2774] INFO  impl.RoleInfo (RoleInfo.java:shutdownFollowerState(121)) - c48e9c41-2800-44a2-9011-d3474aeafd5c: shutdown FollowerState
2019-09-26 10:06:00,869 [Thread-2777] INFO  impl.RoleInfo (RoleInfo.java:updateAndGet(143)) - c48e9c41-2800-44a2-9011-d3474aeafd5c: start LeaderElection
2019-09-26 10:06:00,869 [main] INFO  util.JmxRegister (JmxRegister.java:unregister(73)) - Successfully un-registered JMX Bean with object name Ratis:service=RaftServer,group=group-C97889D9F5EE,id=583d69a3-91a3-48b1-b57b-32c881e6a62a
2019-09-26 10:06:00,869 [main] INFO  impl.RoleInfo (RoleInfo.java:shutdownLeaderElection(134)) - 583d69a3-91a3-48b1-b57b-32c881e6a62a: shutdown LeaderElection
2019-09-26 10:06:00,868 [Thread-2780] INFO  impl.RoleInfo (RoleInfo.java:updateAndGet(143)) - c48e9c41-2800-44a2-9011-d3474aeafd5c: start LeaderElection
2019-09-26 10:06:00,869 [main] INFO  impl.StateMachineUpdater (StateMachineUpdater.java:stopAndJoin(125)) - 583d69a3-91a3-48b1-b57b-32c881e6a62a@group-C97889D9F5EE-StateMachineUpdater: set stopIndex = -1
2019-09-26 10:06:00,868 [c48e9c41-2800-44a2-9011-d3474aeafd5c@group-1FF218C2B17F:LeaderElection204] INFO  impl.RaftServerImpl (ServerState.java:setLeader(253)) - c48e9c41-2800-44a2-9011-d3474aeafd5c@group-1FF218C2B17F: change Leader from null to c48e9c41-2800-44a2-9011-d3474aeafd5c at term 1 for becomeLeader, leader elected after 5488ms
2019-09-26 10:06:00,868 [72f743f9-1e0e-4345-96f1-9a3a34c18cec@group-D768095CF80A:LeaderElection205] INFO  impl.RaftServerImpl (ServerState.java:setLeader(253)) - 72f743f9-1e0e-4345-96f1-9a3a34c18cec@group-D768095CF80A: change Leader from null to 72f743f9-1e0e-4345-96f1-9a3a34c18cec at term 1 for becomeLeader, leader elected after 5696ms
2019-09-26 10:06:00,868 [ForkJoinPool.commonPool-worker-0] INFO  util.JmxRegister (JmxRegister.java:unregister(73)) - Successfully un-registered JMX Bean with object name Ratis:service=RaftServer,group=group-A06EF9BD81F6,id=72f743f9-1e0e-4345-96f1-9a3a34c18cec
2019-09-26 10:06:00,868 [9c78032f-eba8-46d0-8c4d-d82b43c60fb9@group-0479A791B3CB:LeaderElection203] INFO  impl.RaftServerImpl (RaftServerImpl.java:setRole(174)) - 9c78032f-eba8-46d0-8c4d-d82b43c60fb9@group-0479A791B3CB: changes role from CANDIDATE to LEADER at term 1 for changeToLeader
2019-09-26 10:06:00,868 [9c78032f-eba8-46d0-8c4d-d82b43c60fb9@group-C43F64780CE3:LeaderElection202] INFO  impl.RaftServerImpl (RaftServerImpl.java:setRole(174)) - 9c78032f-eba8-46d0-8c4d-d82b43c60fb9@group-C43F64780CE3: changes role from CANDIDATE to LEADER at term 1 for changeToLeader
2019-09-26 10:06:00,870 [9c78032f-eba8-46d0-8c4d-d82b43c60fb9@group-C43F64780CE3:LeaderElection202] INFO  impl.RaftServerImpl (ServerState.java:setLeader(253)) - 9c78032f-eba8-46d0-8c4d-d82b43c60fb9@group-C43F64780CE3: change Leader from null to 9c78032f-eba8-46d0-8c4d-d82b43c60fb9 at term 1 for becomeLeader, leader elected after 5671ms
2019-09-26 10:06:00,868 [Thread-2765] INFO  impl.RoleInfo (RoleInfo.java:updateAndGet(143)) - c48e9c41-2800-44a2-9011-d3474aeafd5c: start LeaderElection
2019-09-26 10:06:00,870 [9c78032f-eba8-46d0-8c4d-d82b43c60fb9@group-C43F64780CE3:LeaderElection202] INFO  server.RaftServerConfigKeys (ConfUtils.java:logGet(43)) - raft.server.staging.catchup.gap = 1000 (default)
2019-09-26 10:06:00,870 [9c78032f-eba8-46d0-8c4d-d82b43c60fb9@group-0479A791B3CB:LeaderElection203] INFO  impl.RaftServerImpl (ServerState.java:setLeader(253)) - 9c78032f-eba8-46d0-8c4d-d82b43c60fb9@group-0479A791B3CB: change Leader from null to 9c78032f-eba8-46d0-8c4d-d82b43c60fb9 at term 1 for becomeLeader, leader elected after 5649ms
2019-09-26 10:06:00,870 [ForkJoinPool.commonPool-worker-0] INFO  impl.RoleInfo (RoleInfo.java:shutdownFollowerState(121)) - 72f743f9-1e0e-4345-96f1-9a3a34c18cec: shutdown FollowerState
2019-09-26 10:06:00,870 [72f743f9-1e0e-4345-96f1-9a3a34c18cec@group-D768095CF80A:LeaderElection205] INFO  server.RaftServerConfigKeys (ConfUtils.java:logGet(43)) - raft.server.staging.catchup.gap = 1000 (default)
2019-09-26 10:06:00,870 [c48e9c41-2800-44a2-9011-d3474aeafd5c@group-1FF218C2B17F:LeaderElection204] INFO  server.RaftServerConfigKeys (ConfUtils.java:logGet(43)) - raft.server.staging.catchup.gap = 1000 (default)
2019-09-26 10:06:00,870 [main] INFO  impl.RaftServerImpl (ServerState.java:close(385)) - 583d69a3-91a3-48b1-b57b-32c881e6a62a@group-C97889D9F5EE: closes. applyIndex: -1
2019-09-26 10:06:00,869 [Thread-2774] INFO  impl.RaftServerImpl (RaftServerImpl.java:setRole(174)) - c48e9c41-2800-44a2-9011-d3474aeafd5c@group-192E70CE273D: changes role from  FOLLOWER to CANDIDATE at term 0 for changeToCandidate
2019-09-26 10:06:00,871 [c48e9c41-2800-44a2-9011-d3474aeafd5c@group-1FF218C2B17F:LeaderElection204] INFO  server.RaftServerConfigKeys (ConfUtils.java:logGet(43)) - raft.server.rpc.sleep.time = 25ms (default)
2019-09-26 10:06:00,871 [Thread-2721] INFO  impl.FollowerState (FollowerState.java:run(115)) - 72f743f9-1e0e-4345-96f1-9a3a34c18cec: FollowerState was interrupted: java.lang.InterruptedException: sleep interrupted
2019-09-26 10:06:00,871 [72f743f9-1e0e-4345-96f1-9a3a34c18cec@group-D768095CF80A:LeaderElection205] INFO  server.RaftServerConfigKeys (ConfUtils.java:logGet(43)) - raft.server.rpc.sleep.time = 25ms (default)
2019-09-26 10:06:00,871 [ForkJoinPool.commonPool-worker-0] INFO  impl.StateMachineUpdater (StateMachineUpdater.java:stopAndJoin(125)) - 72f743f9-1e0e-4345-96f1-9a3a34c18cec@group-A06EF9BD81F6-StateMachineUpdater: set stopIndex = -1
2019-09-26 10:06:00,871 [9c78032f-eba8-46d0-8c4d-d82b43c60fb9@group-0479A791B3CB:LeaderElection203] INFO  server.RaftServerConfigKeys (ConfUtils.java:logGet(43)) - raft.server.staging.catchup.gap = 1000 (default)
2019-09-26 10:06:00,870 [9c78032f-eba8-46d0-8c4d-d82b43c60fb9@group-C43F64780CE3:LeaderElection202] INFO  server.RaftServerConfigKeys (ConfUtils.java:logGet(43)) - raft.server.rpc.sleep.time = 25ms (default)
2019-09-26 10:06:00,872 [9c78032f-eba8-46d0-8c4d-d82b43c60fb9@group-0479A791B3CB:LeaderElection203] INFO  server.RaftServerConfigKeys (ConfUtils.java:logGet(43)) - raft.server.rpc.sleep.time = 25ms (default)
2019-09-26 10:06:00,872 [ForkJoinPool.commonPool-worker-0] INFO  impl.RaftServerImpl (ServerState.java:close(385)) - 72f743f9-1e0e-4345-96f1-9a3a34c18cec@group-A06EF9BD81F6: closes. applyIndex: -1
2019-09-26 10:06:00,871 [72f743f9-1e0e-4345-96f1-9a3a34c18cec@group-D768095CF80A:LeaderElection205] INFO  server.RaftServerConfigKeys (ConfUtils.java:logGet(43)) - raft.server.write.element-limit = 4096 (default)
2019-09-26 10:06:00,871 [c48e9c41-2800-44a2-9011-d3474aeafd5c@group-1FF218C2B17F:LeaderElection204] INFO  server.RaftServerConfigKeys (ConfUtils.java:logGet(43)) - raft.server.write.element-limit = 4096 (default)
2019-09-26 10:06:00,871 [Thread-2774] INFO  impl.RoleInfo (RoleInfo.java:updateAndGet(143)) - c48e9c41-2800-44a2-9011-d3474aeafd5c: start LeaderElection
2019-09-26 10:06:00,871 [583d69a3-91a3-48b1-b57b-32c881e6a62a@group-C97889D9F5EE-SegmentedRaftLogWorker] INFO  segmented.SegmentedRaftLogWorker (SegmentedRaftLogWorker.java:run(313)) - 583d69a3-91a3-48b1-b57b-32c881e6a62a@group-C97889D9F5EE-SegmentedRaftLogWorker was interrupted, exiting. There are 0 tasks remaining in the queue.
2019-09-26 10:06:00,872 [c48e9c41-2800-44a2-9011-d3474aeafd5c@group-1FF218C2B17F:LeaderElection204] INFO  server.RaftServerConfigKeys (ConfUtils.java:logGet(43)) - raft.server.watch.timeout = 10s (default)
2019-09-26 10:06:00,872 [72f743f9-1e0e-4345-96f1-9a3a34c18cec@group-D768095CF80A:LeaderElection205] INFO  server.RaftServerConfigKeys (ConfUtils.java:logGet(43)) - raft.server.watch.timeout = 10s (default)
2019-09-26 10:06:00,872 [72f743f9-1e0e-4345-96f1-9a3a34c18cec@group-A06EF9BD81F6-SegmentedRaftLogWorker] INFO  segmented.SegmentedRaftLogWorker (SegmentedRaftLogWorker.java:run(313)) - 72f743f9-1e0e-4345-96f1-9a3a34c18cec@group-A06EF9BD81F6-SegmentedRaftLogWorker was interrupted, exiting. There are 0 tasks remaining in the queue.
2019-09-26 10:06:00,873 [ForkJoinPool.commonPool-worker-0] INFO  segmented.SegmentedRaftLogWorker (SegmentedRaftLogWorker.java:close(228)) - 72f743f9-1e0e-4345-96f1-9a3a34c18cec@group-A06EF9BD81F6-SegmentedRaftLogWorker close()
2019-09-26 10:06:00,872 [9c78032f-eba8-46d0-8c4d-d82b43c60fb9@group-0479A791B3CB:LeaderElection203] INFO  server.RaftServerConfigKeys (ConfUtils.java:logGet(43)) - raft.server.write.element-limit = 4096 (default)
2019-09-26 10:06:00,872 [9c78032f-eba8-46d0-8c4d-d82b43c60fb9@group-C43F64780CE3:LeaderElection202] INFO  server.RaftServerConfigKeys (ConfUtils.java:logGet(43)) - raft.server.write.element-limit = 4096 (default)
2019-09-26 10:06:00,878 [9c78032f-eba8-46d0-8c4d-d82b43c60fb9@group-0479A791B3CB:LeaderElection203] INFO  server.RaftServerConfigKeys (ConfUtils.java:logGet(43)) - raft.server.watch.timeout = 10s (default)
2019-09-26 10:06:00,878 [ForkJoinPool.commonPool-worker-0] INFO  impl.RaftServerImpl (RaftServerImpl.java:lambda$shutdown$3(251)) - 72f743f9-1e0e-4345-96f1-9a3a34c18cec@group-7B83285B0221: shutdown
2019-09-26 10:06:00,873 [72f743f9-1e0e-4345-96f1-9a3a34c18cec@group-D768095CF80A:LeaderElection205] INFO  server.RaftServerConfigKeys (ConfUtils.java:logGet(43)) - raft.server.watch.timeout.denomination = 1s (default)
2019-09-26 10:06:00,873 [c48e9c41-2800-44a2-9011-d3474aeafd5c@group-1FF218C2B17F:LeaderElection204] INFO  server.RaftServerConfigKeys (ConfUtils.java:logGet(43)) - raft.server.watch.timeout.denomination = 1s (default)
2019-09-26 10:06:00,872 [main] INFO  segmented.SegmentedRaftLogWorker (SegmentedRaftLogWorker.java:close(228)) - 583d69a3-91a3-48b1-b57b-32c881e6a62a@group-C97889D9F5EE-SegmentedRaftLogWorker close()
2019-09-26 10:06:00,878 [c48e9c41-2800-44a2-9011-d3474aeafd5c@group-1FF218C2B17F:LeaderElection204] INFO  server.RaftServerConfigKeys (ConfUtils.java:logGet(43)) - raft.server.watch.element-limit = 65536 (default)
2019-09-26 10:06:00,878 [72f743f9-1e0e-4345-96f1-9a3a34c18cec@group-D768095CF80A:LeaderElection205] INFO  server.RaftServerConfigKeys (ConfUtils.java:logGet(43)) - raft.server.watch.element-limit = 65536 (default)
2019-09-26 10:06:00,878 [ForkJoinPool.commonPool-worker-0] INFO  util.JmxRegister (JmxRegister.java:unregister(73)) - Successfully un-registered JMX Bean with object name Ratis:service=RaftServer,group=group-7B83285B0221,id=72f743f9-1e0e-4345-96f1-9a3a34c18cec
2019-09-26 10:06:00,878 [9c78032f-eba8-46d0-8c4d-d82b43c60fb9@group-0479A791B3CB:LeaderElection203] INFO  server.RaftServerConfigKeys (ConfUtils.java:logGet(43)) - raft.server.watch.timeout.denomination = 1s (default)
2019-09-26 10:06:00,878 [9c78032f-eba8-46d0-8c4d-d82b43c60fb9@group-C43F64780CE3:LeaderElection202] INFO  server.RaftServerConfigKeys (ConfUtils.java:logGet(43)) - raft.server.watch.timeout = 10s (default)
2019-09-26 10:06:00,884 [9c78032f-eba8-46d0-8c4d-d82b43c60fb9@group-0479A791B3CB:LeaderElection203] INFO  server.RaftServerConfigKeys (ConfUtils.java:logGet(43)) - raft.server.watch.element-limit = 65536 (default)
2019-09-26 10:06:00,884 [ForkJoinPool.commonPool-worker-0] INFO  impl.RoleInfo (RoleInfo.java:shutdownFollowerState(121)) - 72f743f9-1e0e-4345-96f1-9a3a34c18cec: shutdown FollowerState
2019-09-26 10:06:00,883 [c48e9c41-2800-44a2-9011-d3474aeafd5c@group-8F5E0ECB4CCF:LeaderElection211] INFO  impl.LeaderElection (LeaderElection.java:askForVotes(182)) - c48e9c41-2800-44a2-9011-d3474aeafd5c@group-8F5E0ECB4CCF:LeaderElection211: begin an election at term 1 for -1: [c48e9c41-2800-44a2-9011-d3474aeafd5c:192.168.30.13:36994], old=null
2019-09-26 10:06:00,883 [c48e9c41-2800-44a2-9011-d3474aeafd5c@group-FDADA99B783D:LeaderElection213] INFO  impl.LeaderElection (LeaderElection.java:askForVotes(182)) - c48e9c41-2800-44a2-9011-d3474aeafd5c@group-FDADA99B783D:LeaderElection213: begin an election at term 1 for -1: [c48e9c41-2800-44a2-9011-d3474aeafd5c:192.168.30.13:36994], old=null
2019-09-26 10:06:00,883 [c48e9c41-2800-44a2-9011-d3474aeafd5c@group-192E70CE273D:LeaderElection214] INFO  impl.LeaderElection (LeaderElection.java:askForVotes(182)) - c48e9c41-2800-44a2-9011-d3474aeafd5c@group-192E70CE273D:LeaderElection214: begin an election at term 1 for -1: [c48e9c41-2800-44a2-9011-d3474aeafd5c:192.168.30.13:36994], old=null
2019-09-26 10:06:00,883 [830a81b3-f833-43ed-8e64-f2525410bb9b@group-2B44FA5EDFA2:LeaderElection201] INFO  impl.LeaderElection (LeaderElection.java:askForVotes(182)) - 830a81b3-f833-43ed-8e64-f2525410bb9b@group-2B44FA5EDFA2:LeaderElection201: begin an election at term 1 for -1: [830a81b3-f833-43ed-8e64-f2525410bb9b:192.168.30.13:33698], old=null
2019-09-26 10:06:00,883 [583d69a3-91a3-48b1-b57b-32c881e6a62a@group-288C084D4CB6:LeaderElection208] INFO  impl.LeaderElection (LeaderElection.java:askForVotes(182)) - 583d69a3-91a3-48b1-b57b-32c881e6a62a@group-288C084D4CB6:LeaderElection208: begin an election at term 1 for -1: [583d69a3-91a3-48b1-b57b-32c881e6a62a:192.168.30.13:44038], old=null
2019-09-26 10:06:00,883 [9c78032f-eba8-46d0-8c4d-d82b43c60fb9@group-DD2DE94DD6D4:LeaderElection210] INFO  impl.LeaderElection (LeaderElection.java:askForVotes(182)) - 9c78032f-eba8-46d0-8c4d-d82b43c60fb9@group-DD2DE94DD6D4:LeaderElection210: begin an election at term 1 for -1: [9c78032f-eba8-46d0-8c4d-d82b43c60fb9:192.168.30.13:33303], old=null
2019-09-26 10:06:00,883 [c48e9c41-2800-44a2-9011-d3474aeafd5c@group-FD60C31C1EBA:LeaderElection209] INFO  impl.LeaderElection (LeaderElection.java:askForVotes(182)) - c48e9c41-2800-44a2-9011-d3474aeafd5c@group-FD60C31C1EBA:LeaderElection209: begin an election at term 1 for -1: [c48e9c41-2800-44a2-9011-d3474aeafd5c:192.168.30.13:36994], old=null
2019-09-26 10:06:00,885 [c48e9c41-2800-44a2-9011-d3474aeafd5c@group-FD60C31C1EBA:LeaderElection209] INFO  impl.RoleInfo (RoleInfo.java:shutdownLeaderElection(134)) - c48e9c41-2800-44a2-9011-d3474aeafd5c: shutdown LeaderElection
2019-09-26 10:06:00,883 [583d69a3-91a3-48b1-b57b-32c881e6a62a@group-147F68B3880E:LeaderElection206] INFO  impl.LeaderElection (LeaderElection.java:askForVotes(182)) - 583d69a3-91a3-48b1-b57b-32c881e6a62a@group-147F68B3880E:LeaderElection206: begin an election at term 1 for -1: [583d69a3-91a3-48b1-b57b-32c881e6a62a:192.168.30.13:44038], old=null
2019-09-26 10:06:00,883 [c48e9c41-2800-44a2-9011-d3474aeafd5c@group-D2AA8A8376D2:LeaderElection212] INFO  impl.LeaderElection (LeaderElection.java:askForVotes(182)) - c48e9c41-2800-44a2-9011-d3474aeafd5c@group-D2AA8A8376D2:LeaderElection212: begin an election at term 1 for -1: [c48e9c41-2800-44a2-9011-d3474aeafd5c:192.168.30.13:36994], old=null
2019-09-26 10:06:00,883 [main] INFO  impl.RaftServerImpl (RaftServerImpl.java:lambda$shutdown$3(251)) - 583d69a3-91a3-48b1-b57b-32c881e6a62a@group-288C084D4CB6: shutdown
2019-09-26 10:06:00,885 [c48e9c41-2800-44a2-9011-d3474aeafd5c@group-D2AA8A8376D2:LeaderElection212] INFO  impl.RoleInfo (RoleInfo.java:shutdownLeaderElection(134)) - c48e9c41-2800-44a2-9011-d3474aeafd5c: shutdown LeaderElection
2019-09-26 10:06:00,885 [583d69a3-91a3-48b1-b57b-32c881e6a62a@group-147F68B3880E:LeaderElection206] INFO  impl.RoleInfo (RoleInfo.java:shutdownLeaderElection(134)) - 583d69a3-91a3-48b1-b57b-32c881e6a62a: shutdown LeaderElection
2019-09-26 10:06:00,885 [c48e9c41-2800-44a2-9011-d3474aeafd5c@group-FD60C31C1EBA:LeaderElection209] INFO  impl.RaftServerImpl (RaftServerImpl.java:setRole(174)) - c48e9c41-2800-44a2-9011-d3474aeafd5c@group-FD60C31C1EBA: changes role from CANDIDATE to LEADER at term 1 for changeToLeader
2019-09-26 10:06:00,885 [9c78032f-eba8-46d0-8c4d-d82b43c60fb9@group-DD2DE94DD6D4:LeaderElection210] INFO  impl.RoleInfo (RoleInfo.java:shutdownLeaderElection(134)) - 9c78032f-eba8-46d0-8c4d-d82b43c60fb9: shutdown LeaderElection
2019-09-26 10:06:00,885 [830a81b3-f833-43ed-8e64-f2525410bb9b@group-2B44FA5EDFA2:LeaderElection201] INFO  impl.RoleInfo (RoleInfo.java:shutdownLeaderElection(134)) - 830a81b3-f833-43ed-8e64-f2525410bb9b: shutdown LeaderElection
2019-09-26 10:06:00,886 [830a81b3-f833-43ed-8e64-f2525410bb9b@group-2B44FA5EDFA2:LeaderElection201] INFO  impl.RaftServerImpl (RaftServerImpl.java:setRole(174)) - 830a81b3-f833-43ed-8e64-f2525410bb9b@group-2B44FA5EDFA2: changes role from CANDIDATE to LEADER at term 1 for changeToLeader
2019-09-26 10:06:00,885 [c48e9c41-2800-44a2-9011-d3474aeafd5c@group-192E70CE273D:LeaderElection214] INFO  impl.RoleInfo (RoleInfo.java:shutdownLeaderElection(134)) - c48e9c41-2800-44a2-9011-d3474aeafd5c: shutdown LeaderElection
2019-09-26 10:06:00,885 [c48e9c41-2800-44a2-9011-d3474aeafd5c@group-FDADA99B783D:LeaderElection213] INFO  impl.RoleInfo (RoleInfo.java:shutdownLeaderElection(134)) - c48e9c41-2800-44a2-9011-d3474aeafd5c: shutdown LeaderElection
2019-09-26 10:06:00,884 [Thread-2727] INFO  impl.FollowerState (FollowerState.java:run(115)) - 72f743f9-1e0e-4345-96f1-9a3a34c18cec: FollowerState was interrupted: java.lang.InterruptedException: sleep interrupted
2019-09-26 10:06:00,884 [c48e9c41-2800-44a2-9011-d3474aeafd5c@group-8F5E0ECB4CCF:LeaderElection211] INFO  impl.RoleInfo (RoleInfo.java:shutdownLeaderElection(134)) - c48e9c41-2800-44a2-9011-d3474aeafd5c: shutdown LeaderElection
2019-09-26 10:06:00,884 [ForkJoinPool.commonPool-worker-0] INFO  impl.StateMachineUpdater (StateMachineUpdater.java:stopAndJoin(125)) - 72f743f9-1e0e-4345-96f1-9a3a34c18cec@group-7B83285B0221-StateMachineUpdater: set stopIndex = -1
2019-09-26 10:06:00,884 [9c78032f-eba8-46d0-8c4d-d82b43c60fb9@group-C43F64780CE3:LeaderElection202] INFO  server.RaftServerConfigKeys (ConfUtils.java:logGet(43)) - raft.server.watch.timeout.denomination = 1s (default)
2019-09-26 10:06:00,887 [ForkJoinPool.commonPool-worker-0] INFO  impl.RaftServerImpl (ServerState.java:close(385)) - 72f743f9-1e0e-4345-96f1-9a3a34c18cec@group-7B83285B0221: closes. applyIndex: -1
2019-09-26 10:06:00,887 [c48e9c41-2800-44a2-9011-d3474aeafd5c@group-1FF218C2B17F:LeaderElection204] INFO  impl.RoleInfo (RoleInfo.java:updateAndGet(143)) - c48e9c41-2800-44a2-9011-d3474aeafd5c: start LeaderState
2019-09-26 10:06:00,886 [c48e9c41-2800-44a2-9011-d3474aeafd5c@group-8F5E0ECB4CCF:LeaderElection211] INFO  impl.RaftServerImpl (RaftServerImpl.java:setRole(174)) - c48e9c41-2800-44a2-9011-d3474aeafd5c@group-8F5E0ECB4CCF: changes role from CANDIDATE to LEADER at term 1 for changeToLeader
2019-09-26 10:06:00,887 [9c78032f-eba8-46d0-8c4d-d82b43c60fb9@group-0479A791B3CB:LeaderElection203] INFO  impl.RoleInfo (RoleInfo.java:updateAndGet(143)) - 9c78032f-eba8-46d0-8c4d-d82b43c60fb9: start LeaderState
2019-09-26 10:06:00,886 [c48e9c41-2800-44a2-9011-d3474aeafd5c@group-FDADA99B783D:LeaderElection213] INFO  impl.RaftServerImpl (RaftServerImpl.java:setRole(174)) - c48e9c41-2800-44a2-9011-d3474aeafd5c@group-FDADA99B783D: changes role from CANDIDATE to LEADER at term 1 for changeToLeader
2019-09-26 10:06:00,887 [c48e9c41-2800-44a2-9011-d3474aeafd5c@group-FDADA99B783D:LeaderElection213] INFO  impl.RaftServerImpl (ServerState.java:setLeader(253)) - c48e9c41-2800-44a2-9011-d3474aeafd5c@group-FDADA99B783D: change Leader from null to c48e9c41-2800-44a2-9011-d3474aeafd5c at term 1 for becomeLeader, leader elected after 5225ms
2019-09-26 10:06:00,886 [c48e9c41-2800-44a2-9011-d3474aeafd5c@group-192E70CE273D:LeaderElection214] INFO  impl.RaftServerImpl (RaftServerImpl.java:setRole(174)) - c48e9c41-2800-44a2-9011-d3474aeafd5c@group-192E70CE273D: changes role from CANDIDATE to LEADER at term 1 for changeToLeader
2019-09-26 10:06:00,887 [c48e9c41-2800-44a2-9011-d3474aeafd5c@group-192E70CE273D:LeaderElection214] INFO  impl.RaftServerImpl (ServerState.java:setLeader(253)) - c48e9c41-2800-44a2-9011-d3474aeafd5c@group-192E70CE273D: change Leader from null to c48e9c41-2800-44a2-9011-d3474aeafd5c at term 1 for becomeLeader, leader elected after 5262ms
2019-09-26 10:06:00,886 [830a81b3-f833-43ed-8e64-f2525410bb9b@group-2B44FA5EDFA2:LeaderElection201] INFO  impl.RaftServerImpl (ServerState.java:setLeader(253)) - 830a81b3-f833-43ed-8e64-f2525410bb9b@group-2B44FA5EDFA2: change Leader from null to 830a81b3-f833-43ed-8e64-f2525410bb9b at term 1 for becomeLeader, leader elected after 5645ms
2019-09-26 10:06:00,886 [9c78032f-eba8-46d0-8c4d-d82b43c60fb9@group-DD2DE94DD6D4:LeaderElection210] INFO  impl.RaftServerImpl (RaftServerImpl.java:setRole(174)) - 9c78032f-eba8-46d0-8c4d-d82b43c60fb9@group-DD2DE94DD6D4: changes role from CANDIDATE to LEADER at term 1 for changeToLeader
2019-09-26 10:06:00,886 [c48e9c41-2800-44a2-9011-d3474aeafd5c@group-FD60C31C1EBA:LeaderElection209] INFO  impl.RaftServerImpl (ServerState.java:setLeader(253)) - c48e9c41-2800-44a2-9011-d3474aeafd5c@group-FD60C31C1EBA: change Leader from null to c48e9c41-2800-44a2-9011-d3474aeafd5c at term 1 for becomeLeader, leader elected after 5299ms
2019-09-26 10:06:00,886 [main] INFO  util.JmxRegister (JmxRegister.java:unregister(73)) - Successfully un-registered JMX Bean with object name Ratis:service=RaftServer,group=group-288C084D4CB6,id=583d69a3-91a3-48b1-b57b-32c881e6a62a
2019-09-26 10:06:00,886 [583d69a3-91a3-48b1-b57b-32c881e6a62a@group-147F68B3880E:LeaderElection206] INFO  impl.RaftServerImpl (RaftServerImpl.java:setRole(174)) - 583d69a3-91a3-48b1-b57b-32c881e6a62a@group-147F68B3880E: changes role from CANDIDATE to LEADER at term 1 for changeToLeader
2019-09-26 10:06:00,886 [c48e9c41-2800-44a2-9011-d3474aeafd5c@group-D2AA8A8376D2:LeaderElection212] INFO  impl.RaftServerImpl (RaftServerImpl.java:setRole(174)) - c48e9c41-2800-44a2-9011-d3474aeafd5c@group-D2AA8A8376D2: changes role from CANDIDATE to LEADER at term 1 for changeToLeader
2019-09-26 10:06:00,888 [583d69a3-91a3-48b1-b57b-32c881e6a62a@group-147F68B3880E:LeaderElection206] INFO  impl.RaftServerImpl (ServerState.java:setLeader(253)) - 583d69a3-91a3-48b1-b57b-32c881e6a62a@group-147F68B3880E: change Leader from null to 583d69a3-91a3-48b1-b57b-32c881e6a62a at term 1 for becomeLeader, leader elected after 5551ms
2019-09-26 10:06:00,888 [main] INFO  impl.RoleInfo (RoleInfo.java:shutdownLeaderElection(134)) - 583d69a3-91a3-48b1-b57b-32c881e6a62a: shutdown LeaderElection
2019-09-26 10:06:00,888 [c48e9c41-2800-44a2-9011-d3474aeafd5c@group-FD60C31C1EBA:LeaderElection209] INFO  server.RaftServerConfigKeys (ConfUtils.java:logGet(43)) - raft.server.staging.catchup.gap = 1000 (default)
2019-09-26 10:06:00,888 [9c78032f-eba8-46d0-8c4d-d82b43c60fb9@group-DD2DE94DD6D4:LeaderElection210] INFO  impl.RaftServerImpl (ServerState.java:setLeader(253)) - 9c78032f-eba8-46d0-8c4d-d82b43c60fb9@group-DD2DE94DD6D4: change Leader from null to 9c78032f-eba8-46d0-8c4d-d82b43c60fb9 at term 1 for becomeLeader, leader elected after 5342ms
2019-09-26 10:06:00,888 [830a81b3-f833-43ed-8e64-f2525410bb9b@group-2B44FA5EDFA2:LeaderElection201] INFO  server.RaftServerConfigKeys (ConfUtils.java:logGet(43)) - raft.server.staging.catchup.gap = 1000 (default)
2019-09-26 10:06:00,889 [830a81b3-f833-43ed-8e64-f2525410bb9b@group-2B44FA5EDFA2:LeaderElection201] INFO  server.RaftServerConfigKeys (ConfUtils.java:logGet(43)) - raft.server.rpc.sleep.time = 25ms (default)
2019-09-26 10:06:00,888 [c48e9c41-2800-44a2-9011-d3474aeafd5c@group-192E70CE273D:LeaderElection214] INFO  server.RaftServerConfigKeys (ConfUtils.java:logGet(43)) - raft.server.staging.catchup.gap = 1000 (default)
2019-09-26 10:06:00,889 [c48e9c41-2800-44a2-9011-d3474aeafd5c@group-192E70CE273D:LeaderElection214] INFO  server.RaftServerConfigKeys (ConfUtils.java:logGet(43)) - raft.server.rpc.sleep.time = 25ms (default)
2019-09-26 10:06:00,887 [c48e9c41-2800-44a2-9011-d3474aeafd5c@group-FDADA99B783D:LeaderElection213] INFO  server.RaftServerConfigKeys (ConfUtils.java:logGet(43)) - raft.server.staging.catchup.gap = 1000 (default)
2019-09-26 10:06:00,887 [9c78032f-eba8-46d0-8c4d-d82b43c60fb9@group-0479A791B3CB:LeaderElection203] INFO  segmented.SegmentedRaftLogWorker (SegmentedRaftLogWorker.java:startLogSegment(380)) - 9c78032f-eba8-46d0-8c4d-d82b43c60fb9@group-0479A791B3CB-SegmentedRaftLogWorker: Starting segment from index:0
2019-09-26 10:06:00,887 [c48e9c41-2800-44a2-9011-d3474aeafd5c@group-1FF218C2B17F:LeaderElection204] INFO  segmented.SegmentedRaftLogWorker (SegmentedRaftLogWorker.java:startLogSegment(380)) - c48e9c41-2800-44a2-9011-d3474aeafd5c@group-1FF218C2B17F-SegmentedRaftLogWorker: Starting segment from index:0
2019-09-26 10:06:00,887 [c48e9c41-2800-44a2-9011-d3474aeafd5c@group-8F5E0ECB4CCF:LeaderElection211] INFO  impl.RaftServerImpl (ServerState.java:setLeader(253)) - c48e9c41-2800-44a2-9011-d3474aeafd5c@group-8F5E0ECB4CCF: change Leader from null to c48e9c41-2800-44a2-9011-d3474aeafd5c at term 1 for becomeLeader, leader elected after 5380ms
2019-09-26 10:06:00,887 [72f743f9-1e0e-4345-96f1-9a3a34c18cec@group-7B83285B0221-SegmentedRaftLogWorker] INFO  segmented.SegmentedRaftLogWorker (SegmentedRaftLogWorker.java:run(313)) - 72f743f9-1e0e-4345-96f1-9a3a34c18cec@group-7B83285B0221-SegmentedRaftLogWorker was interrupted, exiting. There are 0 tasks remaining in the queue.
2019-09-26 10:06:00,890 [c48e9c41-2800-44a2-9011-d3474aeafd5c@group-1FF218C2B17F:LeaderElection204] INFO  impl.RaftServerImpl (ServerState.java:setRaftConf(354)) - c48e9c41-2800-44a2-9011-d3474aeafd5c@group-1FF218C2B17F: set configuration 0: [c48e9c41-2800-44a2-9011-d3474aeafd5c:192.168.30.13:36994], old=null at 0
2019-09-26 10:06:00,887 [72f743f9-1e0e-4345-96f1-9a3a34c18cec@group-D768095CF80A:LeaderElection205] INFO  impl.RoleInfo (RoleInfo.java:updateAndGet(143)) - 72f743f9-1e0e-4345-96f1-9a3a34c18cec: start LeaderState
2019-09-26 10:06:00,887 [9c78032f-eba8-46d0-8c4d-d82b43c60fb9@group-C43F64780CE3:LeaderElection202] INFO  server.RaftServerConfigKeys (ConfUtils.java:logGet(43)) - raft.server.watch.element-limit = 65536 (default)
2019-09-26 10:06:00,890 [72f743f9-1e0e-4345-96f1-9a3a34c18cec@group-D768095CF80A:LeaderElection205] INFO  segmented.SegmentedRaftLogWorker (SegmentedRaftLogWorker.java:startLogSegment(380)) - 72f743f9-1e0e-4345-96f1-9a3a34c18cec@group-D768095CF80A-SegmentedRaftLogWorker: Starting segment from index:0
2019-09-26 10:06:00,890 [ForkJoinPool.commonPool-worker-0] INFO  segmented.SegmentedRaftLogWorker (SegmentedRaftLogWorker.java:close(228)) - 72f743f9-1e0e-4345-96f1-9a3a34c18cec@group-7B83285B0221-SegmentedRaftLogWorker close()
2019-09-26 10:06:00,890 [c48e9c41-2800-44a2-9011-d3474aeafd5c@group-8F5E0ECB4CCF:LeaderElection211] INFO  server.RaftServerConfigKeys (ConfUtils.java:logGet(43)) - raft.server.staging.catchup.gap = 1000 (default)
2019-09-26 10:06:00,890 [9c78032f-eba8-46d0-8c4d-d82b43c60fb9@group-0479A791B3CB:LeaderElection203] INFO  impl.RaftServerImpl (ServerState.java:setRaftConf(354)) - 9c78032f-eba8-46d0-8c4d-d82b43c60fb9@group-0479A791B3CB: set configuration 0: [9c78032f-eba8-46d0-8c4d-d82b43c60fb9:192.168.30.13:33303], old=null at 0
2019-09-26 10:06:00,889 [c48e9c41-2800-44a2-9011-d3474aeafd5c@group-FDADA99B783D:LeaderElection213] INFO  server.RaftServerConfigKeys (ConfUtils.java:logGet(43)) - raft.server.rpc.sleep.time = 25ms (default)
2019-09-26 10:06:00,889 [c48e9c41-2800-44a2-9011-d3474aeafd5c@group-192E70CE273D:LeaderElection214] INFO  server.RaftServerConfigKeys (ConfUtils.java:logGet(43)) - raft.server.write.element-limit = 4096 (default)
2019-09-26 10:06:00,889 [830a81b3-f833-43ed-8e64-f2525410bb9b@group-2B44FA5EDFA2:LeaderElection201] INFO  server.RaftServerConfigKeys (ConfUtils.java:logGet(43)) - raft.server.write.element-limit = 4096 (default)
2019-09-26 10:06:00,925 [830a81b3-f833-43ed-8e64-f2525410bb9b@group-2B44FA5EDFA2:LeaderElection201] INFO  server.RaftServerConfigKeys (ConfUtils.java:logGet(43)) - raft.server.watch.timeout = 10s (default)
2019-09-26 10:06:00,889 [9c78032f-eba8-46d0-8c4d-d82b43c60fb9@group-DD2DE94DD6D4:LeaderElection210] INFO  server.RaftServerConfigKeys (ConfUtils.java:logGet(43)) - raft.server.staging.catchup.gap = 1000 (default)
2019-09-26 10:06:00,889 [c48e9c41-2800-44a2-9011-d3474aeafd5c@group-FD60C31C1EBA:LeaderElection209] INFO  server.RaftServerConfigKeys (ConfUtils.java:logGet(43)) - raft.server.rpc.sleep.time = 25ms (default)
2019-09-26 10:06:00,889 [main] INFO  impl.StateMachineUpdater (StateMachineUpdater.java:stopAndJoin(125)) - 583d69a3-91a3-48b1-b57b-32c881e6a62a@group-288C084D4CB6-StateMachineUpdater: set stopIndex = -1
2019-09-26 10:06:00,888 [583d69a3-91a3-48b1-b57b-32c881e6a62a@group-147F68B3880E:LeaderElection206] INFO  server.RaftServerConfigKeys (ConfUtils.java:logGet(43)) - raft.server.staging.catchup.gap = 1000 (default)
2019-09-26 10:06:00,925 [583d69a3-91a3-48b1-b57b-32c881e6a62a@group-147F68B3880E:LeaderElection206] INFO  server.RaftServerConfigKeys (ConfUtils.java:logGet(43)) - raft.server.rpc.sleep.time = 25ms (default)
2019-09-26 10:06:00,888 [c48e9c41-2800-44a2-9011-d3474aeafd5c@group-D2AA8A8376D2:LeaderElection212] INFO  impl.RaftServerImpl (ServerState.java:setLeader(253)) - c48e9c41-2800-44a2-9011-d3474aeafd5c@group-D2AA8A8376D2: change Leader from null to c48e9c41-2800-44a2-9011-d3474aeafd5c at term 1 for becomeLeader, leader elected after 5188ms
2019-09-26 10:06:00,926 [583d69a3-91a3-48b1-b57b-32c881e6a62a@group-147F68B3880E:LeaderElection206] INFO  server.RaftServerConfigKeys (ConfUtils.java:logGet(43)) - raft.server.write.element-limit = 4096 (default)
2019-09-26 10:06:00,925 [main] INFO  impl.RaftServerImpl (ServerState.java:close(385)) - 583d69a3-91a3-48b1-b57b-32c881e6a62a@group-288C084D4CB6: closes. applyIndex: -1
2019-09-26 10:06:00,925 [c48e9c41-2800-44a2-9011-d3474aeafd5c@group-FD60C31C1EBA:LeaderElection209] INFO  server.RaftServerConfigKeys (ConfUtils.java:logGet(43)) - raft.server.write.element-limit = 4096 (default)
2019-09-26 10:06:00,926 [c48e9c41-2800-44a2-9011-d3474aeafd5c@group-FD60C31C1EBA:LeaderElection209] INFO  server.RaftServerConfigKeys (ConfUtils.java:logGet(43)) - raft.server.watch.timeout = 10s (default)
2019-09-26 10:06:00,925 [9c78032f-eba8-46d0-8c4d-d82b43c60fb9@group-C43F64780CE3:LeaderElection202] INFO  impl.RoleInfo (RoleInfo.java:updateAndGet(143)) - 9c78032f-eba8-46d0-8c4d-d82b43c60fb9: start LeaderState
2019-09-26 10:06:00,925 [9c78032f-eba8-46d0-8c4d-d82b43c60fb9@group-DD2DE94DD6D4:LeaderElection210] INFO  server.RaftServerConfigKeys (ConfUtils.java:logGet(43)) - raft.server.rpc.sleep.time = 25ms (default)
2019-09-26 10:06:00,925 [830a81b3-f833-43ed-8e64-f2525410bb9b@group-2B44FA5EDFA2:LeaderElection201] INFO  server.RaftServerConfigKeys (ConfUtils.java:logGet(43)) - raft.server.watch.timeout.denomination = 1s (default)
2019-09-26 10:06:00,925 [c48e9c41-2800-44a2-9011-d3474aeafd5c@group-192E70CE273D:LeaderElection214] INFO  server.RaftServerConfigKeys (ConfUtils.java:logGet(43)) - raft.server.watch.timeout = 10s (default)
2019-09-26 10:06:00,924 [c48e9c41-2800-44a2-9011-d3474aeafd5c@group-FDADA99B783D:LeaderElection213] INFO  server.RaftServerConfigKeys (ConfUtils.java:logGet(43)) - raft.server.write.element-limit = 4096 (default)
2019-09-26 10:06:00,924 [c48e9c41-2800-44a2-9011-d3474aeafd5c@group-8F5E0ECB4CCF:LeaderElection211] INFO  server.RaftServerConfigKeys (ConfUtils.java:logGet(43)) - raft.server.rpc.sleep.time = 25ms (default)
2019-09-26 10:06:00,923 [ForkJoinPool.commonPool-worker-0] INFO  impl.RaftServerImpl (RaftServerImpl.java:lambda$shutdown$3(251)) - 72f743f9-1e0e-4345-96f1-9a3a34c18cec@group-2968D36E678D: shutdown
2019-09-26 10:06:00,891 [72f743f9-1e0e-4345-96f1-9a3a34c18cec@group-D768095CF80A:LeaderElection205] INFO  impl.RaftServerImpl (ServerState.java:setRaftConf(354)) - 72f743f9-1e0e-4345-96f1-9a3a34c18cec@group-D768095CF80A: set configuration 0: [72f743f9-1e0e-4345-96f1-9a3a34c18cec:192.168.30.13:42232], old=null at 0
2019-09-26 10:06:00,927 [ForkJoinPool.commonPool-worker-0] INFO  util.JmxRegister (JmxRegister.java:unregister(73)) - Successfully un-registered JMX Bean with object name Ratis:service=RaftServer,group=group-2968D36E678D,id=72f743f9-1e0e-4345-96f1-9a3a34c18cec
2019-09-26 10:06:00,927 [c48e9c41-2800-44a2-9011-d3474aeafd5c@group-8F5E0ECB4CCF:LeaderElection211] INFO  server.RaftServerConfigKeys (ConfUtils.java:logGet(43)) - raft.server.write.element-limit = 4096 (default)
2019-09-26 10:06:00,927 [c48e9c41-2800-44a2-9011-d3474aeafd5c@group-8F5E0ECB4CCF:LeaderElection211] INFO  server.RaftServerConfigKeys (ConfUtils.java:logGet(43)) - raft.server.watch.timeout = 10s (default)
2019-09-26 10:06:00,927 [c48e9c41-2800-44a2-9011-d3474aeafd5c@group-FDADA99B783D:LeaderElection213] INFO  server.RaftServerConfigKeys (ConfUtils.java:logGet(43)) - raft.server.watch.timeout = 10s (default)
2019-09-26 10:06:00,927 [c48e9c41-2800-44a2-9011-d3474aeafd5c@group-FDADA99B783D:LeaderElection213] INFO  server.RaftServerConfigKeys (ConfUtils.java:logGet(43)) - raft.server.watch.timeout.denomination = 1s (default)
2019-09-26 10:06:00,926 [c48e9c41-2800-44a2-9011-d3474aeafd5c@group-192E70CE273D:LeaderElection214] INFO  server.RaftServerConfigKeys (ConfUtils.java:logGet(43)) - raft.server.watch.timeout.denomination = 1s (default)
2019-09-26 10:06:00,926 [830a81b3-f833-43ed-8e64-f2525410bb9b@group-2B44FA5EDFA2:LeaderElection201] INFO  server.RaftServerConfigKeys (ConfUtils.java:logGet(43)) - raft.server.watch.element-limit = 65536 (default)
2019-09-26 10:06:00,926 [9c78032f-eba8-46d0-8c4d-d82b43c60fb9@group-DD2DE94DD6D4:LeaderElection210] INFO  server.RaftServerConfigKeys (ConfUtils.java:logGet(43)) - raft.server.write.element-limit = 4096 (default)
2019-09-26 10:06:00,926 [9c78032f-eba8-46d0-8c4d-d82b43c60fb9@group-C43F64780CE3:LeaderElection202] INFO  segmented.SegmentedRaftLogWorker (SegmentedRaftLogWorker.java:startLogSegment(380)) - 9c78032f-eba8-46d0-8c4d-d82b43c60fb9@group-C43F64780CE3-SegmentedRaftLogWorker: Starting segment from index:0
2019-09-26 10:06:00,926 [c48e9c41-2800-44a2-9011-d3474aeafd5c@group-FD60C31C1EBA:LeaderElection209] INFO  server.RaftServerConfigKeys (ConfUtils.java:logGet(43)) - raft.server.watch.timeout.denomination = 1s (default)
2019-09-26 10:06:00,926 [583d69a3-91a3-48b1-b57b-32c881e6a62a@group-288C084D4CB6-SegmentedRaftLogWorker] INFO  segmented.SegmentedRaftLogWorker (SegmentedRaftLogWorker.java:run(313)) - 583d69a3-91a3-48b1-b57b-32c881e6a62a@group-288C084D4CB6-SegmentedRaftLogWorker was interrupted, exiting. There are 0 tasks remaining in the queue.
2019-09-26 10:06:00,926 [583d69a3-91a3-48b1-b57b-32c881e6a62a@group-147F68B3880E:LeaderElection206] INFO  server.RaftServerConfigKeys (ConfUtils.java:logGet(43)) - raft.server.watch.timeout = 10s (default)
2019-09-26 10:06:00,926 [c48e9c41-2800-44a2-9011-d3474aeafd5c@group-D2AA8A8376D2:LeaderElection212] INFO  server.RaftServerConfigKeys (ConfUtils.java:logGet(43)) - raft.server.staging.catchup.gap = 1000 (default)
2019-09-26 10:06:00,928 [9c78032f-eba8-46d0-8c4d-d82b43c60fb9@group-C43F64780CE3:LeaderElection202] INFO  impl.RaftServerImpl (ServerState.java:setRaftConf(354)) - 9c78032f-eba8-46d0-8c4d-d82b43c60fb9@group-C43F64780CE3: set configuration 0: [9c78032f-eba8-46d0-8c4d-d82b43c60fb9:192.168.30.13:33303], old=null at 0
2019-09-26 10:06:00,928 [583d69a3-91a3-48b1-b57b-32c881e6a62a@group-147F68B3880E:LeaderElection206] INFO  server.RaftServerConfigKeys (ConfUtils.java:logGet(43)) - raft.server.watch.timeout.denomination = 1s (default)
2019-09-26 10:06:00,928 [main] INFO  segmented.SegmentedRaftLogWorker (SegmentedRaftLogWorker.java:close(228)) - 583d69a3-91a3-48b1-b57b-32c881e6a62a@group-288C084D4CB6-SegmentedRaftLogWorker close()
2019-09-26 10:06:00,928 [c48e9c41-2800-44a2-9011-d3474aeafd5c@group-FD60C31C1EBA:LeaderElection209] INFO  server.RaftServerConfigKeys (ConfUtils.java:logGet(43)) - raft.server.watch.element-limit = 65536 (default)
2019-09-26 10:06:00,928 [9c78032f-eba8-46d0-8c4d-d82b43c60fb9@group-DD2DE94DD6D4:LeaderElection210] INFO  server.RaftServerConfigKeys (ConfUtils.java:logGet(43)) - raft.server.watch.timeout = 10s (default)
2019-09-26 10:06:00,928 [c48e9c41-2800-44a2-9011-d3474aeafd5c@group-192E70CE273D:LeaderElection214] INFO  server.RaftServerConfigKeys (ConfUtils.java:logGet(43)) - raft.server.watch.element-limit = 65536 (default)
2019-09-26 10:06:00,928 [c48e9c41-2800-44a2-9011-d3474aeafd5c@group-FDADA99B783D:LeaderElection213] INFO  server.RaftServerConfigKeys (ConfUtils.java:logGet(43)) - raft.server.watch.element-limit = 65536 (default)
2019-09-26 10:06:00,927 [c48e9c41-2800-44a2-9011-d3474aeafd5c@group-8F5E0ECB4CCF:LeaderElection211] INFO  server.RaftServerConfigKeys (ConfUtils.java:logGet(43)) - raft.server.watch.timeout.denomination = 1s (default)
2019-09-26 10:06:00,927 [ForkJoinPool.commonPool-worker-0] INFO  impl.RoleInfo (RoleInfo.java:shutdownLeaderState(104)) - 72f743f9-1e0e-4345-96f1-9a3a34c18cec: shutdown LeaderState
2019-09-26 10:06:00,960 [c48e9c41-2800-44a2-9011-d3474aeafd5c@group-8F5E0ECB4CCF:LeaderElection211] INFO  server.RaftServerConfigKeys (ConfUtils.java:logGet(43)) - raft.server.watch.element-limit = 65536 (default)
2019-09-26 10:06:00,960 [9c78032f-eba8-46d0-8c4d-d82b43c60fb9@group-DD2DE94DD6D4:LeaderElection210] INFO  server.RaftServerConfigKeys (ConfUtils.java:logGet(43)) - raft.server.watch.timeout.denomination = 1s (default)
2019-09-26 10:06:00,959 [c48e9c41-2800-44a2-9011-d3474aeafd5c@group-1FF218C2B17F-SegmentedRaftLogWorker] INFO  segmented.SegmentedRaftLogWorker (SegmentedRaftLogWorker.java:execute(569)) - c48e9c41-2800-44a2-9011-d3474aeafd5c@group-1FF218C2B17F-SegmentedRaftLogWorker: created new log segment /workdir/hadoop-ozone/integration-test/target/test-dir/MiniOzoneClusterImpl-6f19b49f-1ba0-4037-80e1-640204793d9e/datanode-6/data/ratis/58073bd2-27e3-45fe-9eef-1ff218c2b17f/current/log_inprogress_0
2019-09-26 10:06:00,959 [9c78032f-eba8-46d0-8c4d-d82b43c60fb9@group-0479A791B3CB-SegmentedRaftLogWorker] INFO  segmented.SegmentedRaftLogWorker (SegmentedRaftLogWorker.java:execute(569)) - 9c78032f-eba8-46d0-8c4d-d82b43c60fb9@group-0479A791B3CB-SegmentedRaftLogWorker: created new log segment /workdir/hadoop-ozone/integration-test/target/test-dir/MiniOzoneClusterImpl-6f19b49f-1ba0-4037-80e1-640204793d9e/datanode-5/data/ratis/67c20a4d-a452-4758-a8e6-0479a791b3cb/current/log_inprogress_0
2019-09-26 10:06:00,959 [main] INFO  impl.RaftServerImpl (RaftServerImpl.java:lambda$shutdown$3(251)) - 583d69a3-91a3-48b1-b57b-32c881e6a62a@group-2942A7B93D64: shutdown
2019-09-26 10:06:00,929 [830a81b3-f833-43ed-8e64-f2525410bb9b@group-2B44FA5EDFA2:LeaderElection201] INFO  impl.RoleInfo (RoleInfo.java:updateAndGet(143)) - 830a81b3-f833-43ed-8e64-f2525410bb9b: start LeaderState
2019-09-26 10:06:00,929 [583d69a3-91a3-48b1-b57b-32c881e6a62a@group-147F68B3880E:LeaderElection206] INFO  server.RaftServerConfigKeys (ConfUtils.java:logGet(43)) - raft.server.watch.element-limit = 65536 (default)
2019-09-26 10:06:00,962 [830a81b3-f833-43ed-8e64-f2525410bb9b@group-2B44FA5EDFA2:LeaderElection201] INFO  segmented.SegmentedRaftLogWorker (SegmentedRaftLogWorker.java:startLogSegment(380)) - 830a81b3-f833-43ed-8e64-f2525410bb9b@group-2B44FA5EDFA2-SegmentedRaftLogWorker: Starting segment from index:0
2019-09-26 10:06:00,929 [c48e9c41-2800-44a2-9011-d3474aeafd5c@group-D2AA8A8376D2:LeaderElection212] INFO  server.RaftServerConfigKeys (ConfUtils.java:logGet(43)) - raft.server.rpc.sleep.time = 25ms (default)
2019-09-26 10:06:00,962 [main] INFO  util.JmxRegister (JmxRegister.java:unregister(73)) - Successfully un-registered JMX Bean with object name Ratis:service=RaftServer,group=group-2942A7B93D64,id=583d69a3-91a3-48b1-b57b-32c881e6a62a
2019-09-26 10:06:00,961 [9c78032f-eba8-46d0-8c4d-d82b43c60fb9@group-DD2DE94DD6D4:LeaderElection210] INFO  server.RaftServerConfigKeys (ConfUtils.java:logGet(43)) - raft.server.watch.element-limit = 65536 (default)
2019-09-26 10:06:00,961 [ForkJoinPool.commonPool-worker-0] INFO  impl.PendingRequests (PendingRequests.java:sendNotLeaderResponses(202)) - 72f743f9-1e0e-4345-96f1-9a3a34c18cec-PendingRequests: sendNotLeaderResponses
2019-09-26 10:06:00,962 [main] INFO  impl.RoleInfo (RoleInfo.java:shutdownFollowerState(121)) - 583d69a3-91a3-48b1-b57b-32c881e6a62a: shutdown FollowerState
2019-09-26 10:06:00,962 [830a81b3-f833-43ed-8e64-f2525410bb9b@group-2B44FA5EDFA2:LeaderElection201] INFO  impl.RaftServerImpl (ServerState.java:setRaftConf(354)) - 830a81b3-f833-43ed-8e64-f2525410bb9b@group-2B44FA5EDFA2: set configuration 0: [830a81b3-f833-43ed-8e64-f2525410bb9b:192.168.30.13:33698], old=null at 0
2019-09-26 10:06:00,962 [c48e9c41-2800-44a2-9011-d3474aeafd5c@group-D2AA8A8376D2:LeaderElection212] INFO  server.RaftServerConfigKeys (ConfUtils.java:logGet(43)) - raft.server.write.element-limit = 4096 (default)
2019-09-26 10:06:00,963 [Thread-2709] INFO  impl.FollowerState (FollowerState.java:run(115)) - 583d69a3-91a3-48b1-b57b-32c881e6a62a: FollowerState was interrupted: java.lang.InterruptedException: sleep interrupted
2019-09-26 10:06:00,963 [main] INFO  impl.StateMachineUpdater (StateMachineUpdater.java:stopAndJoin(125)) - 583d69a3-91a3-48b1-b57b-32c881e6a62a@group-2942A7B93D64-StateMachineUpdater: set stopIndex = -1
2019-09-26 10:06:00,963 [ForkJoinPool.commonPool-worker-0] INFO  impl.StateMachineUpdater (StateMachineUpdater.java:stopAndJoin(125)) - 72f743f9-1e0e-4345-96f1-9a3a34c18cec@group-2968D36E678D-StateMachineUpdater: set stopIndex = 0
2019-09-26 10:06:00,964 [main] INFO  impl.RaftServerImpl (ServerState.java:close(385)) - 583d69a3-91a3-48b1-b57b-32c881e6a62a@group-2942A7B93D64: closes. applyIndex: -1
2019-09-26 10:06:00,963 [c48e9c41-2800-44a2-9011-d3474aeafd5c@group-D2AA8A8376D2:LeaderElection212] INFO  server.RaftServerConfigKeys (ConfUtils.java:logGet(43)) - raft.server.watch.timeout = 10s (default)
2019-09-26 10:06:00,964 [583d69a3-91a3-48b1-b57b-32c881e6a62a@group-2942A7B93D64-SegmentedRaftLogWorker] INFO  segmented.SegmentedRaftLogWorker (SegmentedRaftLogWorker.java:run(313)) - 583d69a3-91a3-48b1-b57b-32c881e6a62a@group-2942A7B93D64-SegmentedRaftLogWorker was interrupted, exiting. There are 0 tasks remaining in the queue.
2019-09-26 10:06:00,964 [ForkJoinPool.commonPool-worker-0] INFO  impl.RaftServerImpl (ServerState.java:close(385)) - 72f743f9-1e0e-4345-96f1-9a3a34c18cec@group-2968D36E678D: closes. applyIndex: 0
2019-09-26 10:06:00,964 [main] INFO  segmented.SegmentedRaftLogWorker (SegmentedRaftLogWorker.java:close(228)) - 583d69a3-91a3-48b1-b57b-32c881e6a62a@group-2942A7B93D64-SegmentedRaftLogWorker close()
2019-09-26 10:06:00,964 [c48e9c41-2800-44a2-9011-d3474aeafd5c@group-D2AA8A8376D2:LeaderElection212] INFO  server.RaftServerConfigKeys (ConfUtils.java:logGet(43)) - raft.server.watch.timeout.denomination = 1s (default)
2019-09-26 10:06:00,965 [72f743f9-1e0e-4345-96f1-9a3a34c18cec@group-2968D36E678D-SegmentedRaftLogWorker] INFO  segmented.SegmentedRaftLogWorker (SegmentedRaftLogWorker.java:run(313)) - 72f743f9-1e0e-4345-96f1-9a3a34c18cec@group-2968D36E678D-SegmentedRaftLogWorker was interrupted, exiting. There are 0 tasks remaining in the queue.
2019-09-26 10:06:00,965 [c48e9c41-2800-44a2-9011-d3474aeafd5c@group-FD60C31C1EBA:LeaderElection209] INFO  impl.RoleInfo (RoleInfo.java:updateAndGet(143)) - c48e9c41-2800-44a2-9011-d3474aeafd5c: start LeaderState
2019-09-26 10:06:00,992 [72f743f9-1e0e-4345-96f1-9a3a34c18cec@group-D768095CF80A-SegmentedRaftLogWorker] INFO  segmented.SegmentedRaftLogWorker (SegmentedRaftLogWorker.java:execute(569)) - 72f743f9-1e0e-4345-96f1-9a3a34c18cec@group-D768095CF80A-SegmentedRaftLogWorker: created new log segment /workdir/hadoop-ozone/integration-test/target/test-dir/MiniOzoneClusterImpl-6f19b49f-1ba0-4037-80e1-640204793d9e/datanode-1/data/ratis/c400036c-a978-449d-b78b-d768095cf80a/current/log_inprogress_0
2019-09-26 10:06:00,992 [9c78032f-eba8-46d0-8c4d-d82b43c60fb9@group-C43F64780CE3-SegmentedRaftLogWorker] INFO  segmented.SegmentedRaftLogWorker (SegmentedRaftLogWorker.java:execute(569)) - 9c78032f-eba8-46d0-8c4d-d82b43c60fb9@group-C43F64780CE3-SegmentedRaftLogWorker: created new log segment /workdir/hadoop-ozone/integration-test/target/test-dir/MiniOzoneClusterImpl-6f19b49f-1ba0-4037-80e1-640204793d9e/datanode-5/data/ratis/400e9106-7adc-42e1-bc6b-c43f64780ce3/current/log_inprogress_0
2019-09-26 10:06:00,991 [main] INFO  impl.RaftServerImpl (RaftServerImpl.java:lambda$shutdown$3(251)) - 583d69a3-91a3-48b1-b57b-32c881e6a62a@group-F4D589545301: shutdown
2019-09-26 10:06:00,996 [c48e9c41-2800-44a2-9011-d3474aeafd5c@group-192E70CE273D:LeaderElection214] INFO  impl.RoleInfo (RoleInfo.java:updateAndGet(143)) - c48e9c41-2800-44a2-9011-d3474aeafd5c: start LeaderState
2019-09-26 10:06:00,965 [c48e9c41-2800-44a2-9011-d3474aeafd5c@group-D2AA8A8376D2:LeaderElection212] INFO  server.RaftServerConfigKeys (ConfUtils.java:logGet(43)) - raft.server.watch.element-limit = 65536 (default)
2019-09-26 10:06:00,996 [main] INFO  util.JmxRegister (JmxRegister.java:unregister(73)) - Successfully un-registered JMX Bean with object name Ratis:service=RaftServer,group=group-F4D589545301,id=583d69a3-91a3-48b1-b57b-32c881e6a62a
2019-09-26 10:06:00,996 [c48e9c41-2800-44a2-9011-d3474aeafd5c@group-192E70CE273D:LeaderElection214] INFO  segmented.SegmentedRaftLogWorker (SegmentedRaftLogWorker.java:startLogSegment(380)) - c48e9c41-2800-44a2-9011-d3474aeafd5c@group-192E70CE273D-SegmentedRaftLogWorker: Starting segment from index:0
2019-09-26 10:06:00,995 [c48e9c41-2800-44a2-9011-d3474aeafd5c@group-FD60C31C1EBA:LeaderElection209] INFO  segmented.SegmentedRaftLogWorker (SegmentedRaftLogWorker.java:startLogSegment(380)) - c48e9c41-2800-44a2-9011-d3474aeafd5c@group-FD60C31C1EBA-SegmentedRaftLogWorker: Starting segment from index:0
2019-09-26 10:06:00,994 [ForkJoinPool.commonPool-worker-0] INFO  segmented.SegmentedRaftLogWorker (SegmentedRaftLogWorker.java:close(228)) - 72f743f9-1e0e-4345-96f1-9a3a34c18cec@group-2968D36E678D-SegmentedRaftLogWorker close()
2019-09-26 10:06:00,996 [main] INFO  impl.RoleInfo (RoleInfo.java:shutdownLeaderState(104)) - 583d69a3-91a3-48b1-b57b-32c881e6a62a: shutdown LeaderState
2019-09-26 10:06:01,029 [830a81b3-f833-43ed-8e64-f2525410bb9b@group-2B44FA5EDFA2-SegmentedRaftLogWorker] INFO  segmented.SegmentedRaftLogWorker (SegmentedRaftLogWorker.java:execute(569)) - 830a81b3-f833-43ed-8e64-f2525410bb9b@group-2B44FA5EDFA2-SegmentedRaftLogWorker: created new log segment /workdir/hadoop-ozone/integration-test/target/test-dir/MiniOzoneClusterImpl-6f19b49f-1ba0-4037-80e1-640204793d9e/datanode-2/data/ratis/cd93ec0d-6860-4583-872c-2b44fa5edfa2/current/log_inprogress_0
2019-09-26 10:06:01,028 [c48e9c41-2800-44a2-9011-d3474aeafd5c@group-192E70CE273D:LeaderElection214] INFO  impl.RaftServerImpl (ServerState.java:setRaftConf(354)) - c48e9c41-2800-44a2-9011-d3474aeafd5c@group-192E70CE273D: set configuration 0: [c48e9c41-2800-44a2-9011-d3474aeafd5c:192.168.30.13:36994], old=null at 0
2019-09-26 10:06:01,028 [ForkJoinPool.commonPool-worker-0] INFO  impl.RaftServerImpl (RaftServerImpl.java:lambda$shutdown$3(251)) - 72f743f9-1e0e-4345-96f1-9a3a34c18cec@group-D768095CF80A: shutdown
2019-09-26 10:06:01,028 [c48e9c41-2800-44a2-9011-d3474aeafd5c@group-FD60C31C1EBA:LeaderElection209] INFO  impl.RaftServerImpl (ServerState.java:setRaftConf(354)) - c48e9c41-2800-44a2-9011-d3474aeafd5c@group-FD60C31C1EBA: set configuration 0: [c48e9c41-2800-44a2-9011-d3474aeafd5c:192.168.30.13:36994], old=null at 0
2019-09-26 10:06:01,029 [main] INFO  impl.PendingRequests (PendingRequests.java:sendNotLeaderResponses(202)) - 583d69a3-91a3-48b1-b57b-32c881e6a62a-PendingRequests: sendNotLeaderResponses
2019-09-26 10:06:01,029 [c48e9c41-2800-44a2-9011-d3474aeafd5c@group-FDADA99B783D:LeaderElection213] INFO  impl.RoleInfo (RoleInfo.java:updateAndGet(143)) - c48e9c41-2800-44a2-9011-d3474aeafd5c: start LeaderState
2019-09-26 10:06:01,030 [ForkJoinPool.commonPool-worker-0] INFO  util.JmxRegister (JmxRegister.java:unregister(73)) - Successfully un-registered JMX Bean with object name Ratis:service=RaftServer,group=group-D768095CF80A,id=72f743f9-1e0e-4345-96f1-9a3a34c18cec
2019-09-26 10:06:01,030 [c48e9c41-2800-44a2-9011-d3474aeafd5c@group-8F5E0ECB4CCF:LeaderElection211] INFO  impl.RoleInfo (RoleInfo.java:updateAndGet(143)) - c48e9c41-2800-44a2-9011-d3474aeafd5c: start LeaderState
2019-09-26 10:06:01,031 [ForkJoinPool.commonPool-worker-0] INFO  impl.RoleInfo (RoleInfo.java:shutdownLeaderState(104)) - 72f743f9-1e0e-4345-96f1-9a3a34c18cec: shutdown LeaderState
2019-09-26 10:06:01,030 [c48e9c41-2800-44a2-9011-d3474aeafd5c@group-FDADA99B783D:LeaderElection213] INFO  segmented.SegmentedRaftLogWorker (SegmentedRaftLogWorker.java:startLogSegment(380)) - c48e9c41-2800-44a2-9011-d3474aeafd5c@group-FDADA99B783D-SegmentedRaftLogWorker: Starting segment from index:0
2019-09-26 10:06:01,030 [main] INFO  impl.StateMachineUpdater (StateMachineUpdater.java:stopAndJoin(125)) - 583d69a3-91a3-48b1-b57b-32c881e6a62a@group-F4D589545301-StateMachineUpdater: set stopIndex = 0
2019-09-26 10:06:01,031 [c48e9c41-2800-44a2-9011-d3474aeafd5c@group-FDADA99B783D:LeaderElection213] INFO  impl.RaftServerImpl (ServerState.java:setRaftConf(354)) - c48e9c41-2800-44a2-9011-d3474aeafd5c@group-FDADA99B783D: set configuration 0: [c48e9c41-2800-44a2-9011-d3474aeafd5c:192.168.30.13:36994], old=null at 0
2019-09-26 10:06:01,031 [9c78032f-eba8-46d0-8c4d-d82b43c60fb9@group-DD2DE94DD6D4:LeaderElection210] INFO  impl.RoleInfo (RoleInfo.java:updateAndGet(143)) - 9c78032f-eba8-46d0-8c4d-d82b43c60fb9: start LeaderState
2019-09-26 10:06:01,031 [ForkJoinPool.commonPool-worker-0] INFO  impl.PendingRequests (PendingRequests.java:sendNotLeaderResponses(202)) - 72f743f9-1e0e-4345-96f1-9a3a34c18cec-PendingRequests: sendNotLeaderResponses
2019-09-26 10:06:01,031 [583d69a3-91a3-48b1-b57b-32c881e6a62a@group-147F68B3880E:LeaderElection206] INFO  impl.RoleInfo (RoleInfo.java:updateAndGet(143)) - 583d69a3-91a3-48b1-b57b-32c881e6a62a: start LeaderState
2019-09-26 10:06:01,031 [c48e9c41-2800-44a2-9011-d3474aeafd5c@group-8F5E0ECB4CCF:LeaderElection211] INFO  segmented.SegmentedRaftLogWorker (SegmentedRaftLogWorker.java:startLogSegment(380)) - c48e9c41-2800-44a2-9011-d3474aeafd5c@group-8F5E0ECB4CCF-SegmentedRaftLogWorker: Starting segment from index:0
2019-09-26 10:06:01,032 [583d69a3-91a3-48b1-b57b-32c881e6a62a@group-147F68B3880E:LeaderElection206] INFO  segmented.SegmentedRaftLogWorker (SegmentedRaftLogWorker.java:startLogSegment(380)) - 583d69a3-91a3-48b1-b57b-32c881e6a62a@group-147F68B3880E-SegmentedRaftLogWorker: Starting segment from index:0
2019-09-26 10:06:01,032 [ForkJoinPool.commonPool-worker-0] INFO  impl.StateMachineUpdater (StateMachineUpdater.java:stopAndJoin(125)) - 72f743f9-1e0e-4345-96f1-9a3a34c18cec@group-D768095CF80A-StateMachineUpdater: set stopIndex = 0
2019-09-26 10:06:01,033 [ForkJoinPool.commonPool-worker-0] INFO  impl.RaftServerImpl (ServerState.java:close(385)) - 72f743f9-1e0e-4345-96f1-9a3a34c18cec@group-D768095CF80A: closes. applyIndex: 0
2019-09-26 10:06:01,032 [c48e9c41-2800-44a2-9011-d3474aeafd5c@group-D2AA8A8376D2:LeaderElection212] INFO  impl.RoleInfo (RoleInfo.java:updateAndGet(143)) - c48e9c41-2800-44a2-9011-d3474aeafd5c: start LeaderState
2019-09-26 10:06:01,033 [72f743f9-1e0e-4345-96f1-9a3a34c18cec@group-D768095CF80A-SegmentedRaftLogWorker] INFO  segmented.SegmentedRaftLogWorker (SegmentedRaftLogWorker.java:run(313)) - 72f743f9-1e0e-4345-96f1-9a3a34c18cec@group-D768095CF80A-SegmentedRaftLogWorker was interrupted, exiting. There are 0 tasks remaining in the queue.
2019-09-26 10:06:01,032 [9c78032f-eba8-46d0-8c4d-d82b43c60fb9@group-DD2DE94DD6D4:LeaderElection210] INFO  segmented.SegmentedRaftLogWorker (SegmentedRaftLogWorker.java:startLogSegment(380)) - 9c78032f-eba8-46d0-8c4d-d82b43c60fb9@group-DD2DE94DD6D4-SegmentedRaftLogWorker: Starting segment from index:0
2019-09-26 10:06:01,031 [main] INFO  impl.RaftServerImpl (ServerState.java:close(385)) - 583d69a3-91a3-48b1-b57b-32c881e6a62a@group-F4D589545301: closes. applyIndex: 0
2019-09-26 10:06:01,065 [9c78032f-eba8-46d0-8c4d-d82b43c60fb9@group-DD2DE94DD6D4:LeaderElection210] INFO  impl.RaftServerImpl (ServerState.java:setRaftConf(354)) - 9c78032f-eba8-46d0-8c4d-d82b43c60fb9@group-DD2DE94DD6D4: set configuration 0: [9c78032f-eba8-46d0-8c4d-d82b43c60fb9:192.168.30.13:33303], old=null at 0
2019-09-26 10:06:01,064 [c48e9c41-2800-44a2-9011-d3474aeafd5c@group-192E70CE273D-SegmentedRaftLogWorker] INFO  segmented.SegmentedRaftLogWorker (SegmentedRaftLogWorker.java:execute(569)) - c48e9c41-2800-44a2-9011-d3474aeafd5c@group-192E70CE273D-SegmentedRaftLogWorker: created new log segment /workdir/hadoop-ozone/integration-test/target/test-dir/MiniOzoneClusterImpl-6f19b49f-1ba0-4037-80e1-640204793d9e/datanode-6/data/ratis/b26a89ee-8037-4910-b6aa-192e70ce273d/current/log_inprogress_0
2019-09-26 10:06:01,064 [ForkJoinPool.commonPool-worker-0] INFO  segmented.SegmentedRaftLogWorker (SegmentedRaftLogWorker.java:close(228)) - 72f743f9-1e0e-4345-96f1-9a3a34c18cec@group-D768095CF80A-SegmentedRaftLogWorker close()
2019-09-26 10:06:01,033 [c48e9c41-2800-44a2-9011-d3474aeafd5c@group-D2AA8A8376D2:LeaderElection212] INFO  segmented.SegmentedRaftLogWorker (SegmentedRaftLogWorker.java:startLogSegment(380)) - c48e9c41-2800-44a2-9011-d3474aeafd5c@group-D2AA8A8376D2-SegmentedRaftLogWorker: Starting segment from index:0
2019-09-26 10:06:01,033 [583d69a3-91a3-48b1-b57b-32c881e6a62a@group-147F68B3880E:LeaderElection206] INFO  impl.RaftServerImpl (ServerState.java:setRaftConf(354)) - 583d69a3-91a3-48b1-b57b-32c881e6a62a@group-147F68B3880E: set configuration 0: [583d69a3-91a3-48b1-b57b-32c881e6a62a:192.168.30.13:44038], old=null at 0
2019-09-26 10:06:01,032 [c48e9c41-2800-44a2-9011-d3474aeafd5c@group-8F5E0ECB4CCF:LeaderElection211] INFO  impl.RaftServerImpl (ServerState.java:setRaftConf(354)) - c48e9c41-2800-44a2-9011-d3474aeafd5c@group-8F5E0ECB4CCF: set configuration 0: [c48e9c41-2800-44a2-9011-d3474aeafd5c:192.168.30.13:36994], old=null at 0
2019-09-26 10:06:01,096 [c48e9c41-2800-44a2-9011-d3474aeafd5c@group-8F5E0ECB4CCF-SegmentedRaftLogWorker] INFO  segmented.SegmentedRaftLogWorker (SegmentedRaftLogWorker.java:execute(569)) - c48e9c41-2800-44a2-9011-d3474aeafd5c@group-8F5E0ECB4CCF-SegmentedRaftLogWorker: created new log segment /workdir/hadoop-ozone/integration-test/target/test-dir/MiniOzoneClusterImpl-6f19b49f-1ba0-4037-80e1-640204793d9e/datanode-6/data/ratis/107d699f-1be6-41b1-9e17-8f5e0ecb4ccf/current/log_inprogress_0
2019-09-26 10:06:01,096 [c48e9c41-2800-44a2-9011-d3474aeafd5c@group-FD60C31C1EBA-SegmentedRaftLogWorker] INFO  segmented.SegmentedRaftLogWorker (SegmentedRaftLogWorker.java:execute(569)) - c48e9c41-2800-44a2-9011-d3474aeafd5c@group-FD60C31C1EBA-SegmentedRaftLogWorker: created new log segment /workdir/hadoop-ozone/integration-test/target/test-dir/MiniOzoneClusterImpl-6f19b49f-1ba0-4037-80e1-640204793d9e/datanode-6/data/ratis/1ea0330a-27c2-45a6-8f6c-fd60c31c1eba/current/log_inprogress_0
2019-09-26 10:06:01,096 [c48e9c41-2800-44a2-9011-d3474aeafd5c@group-FDADA99B783D-SegmentedRaftLogWorker] INFO  segmented.SegmentedRaftLogWorker (SegmentedRaftLogWorker.java:execute(569)) - c48e9c41-2800-44a2-9011-d3474aeafd5c@group-FDADA99B783D-SegmentedRaftLogWorker: created new log segment /workdir/hadoop-ozone/integration-test/target/test-dir/MiniOzoneClusterImpl-6f19b49f-1ba0-4037-80e1-640204793d9e/datanode-6/data/ratis/67b72dd2-a882-48ca-bde8-fdada99b783d/current/log_inprogress_0
2019-09-26 10:06:01,096 [583d69a3-91a3-48b1-b57b-32c881e6a62a@group-147F68B3880E-SegmentedRaftLogWorker] INFO  segmented.SegmentedRaftLogWorker (SegmentedRaftLogWorker.java:execute(569)) - 583d69a3-91a3-48b1-b57b-32c881e6a62a@group-147F68B3880E-SegmentedRaftLogWorker: created new log segment /workdir/hadoop-ozone/integration-test/target/test-dir/MiniOzoneClusterImpl-6f19b49f-1ba0-4037-80e1-640204793d9e/datanode-4/data/ratis/8a249c86-c952-45b7-b828-147f68b3880e/current/log_inprogress_0
2019-09-26 10:06:01,096 [ForkJoinPool.commonPool-worker-0] INFO  impl.RaftServerImpl (RaftServerImpl.java:lambda$shutdown$3(251)) - 72f743f9-1e0e-4345-96f1-9a3a34c18cec@group-CDBA19D3F1B6: shutdown
2019-09-26 10:06:01,066 [583d69a3-91a3-48b1-b57b-32c881e6a62a@group-F4D589545301-SegmentedRaftLogWorker] INFO  segmented.SegmentedRaftLogWorker (SegmentedRaftLogWorker.java:run(313)) - 583d69a3-91a3-48b1-b57b-32c881e6a62a@group-F4D589545301-SegmentedRaftLogWorker was interrupted, exiting. There are 0 tasks remaining in the queue.
2019-09-26 10:06:01,098 [ForkJoinPool.commonPool-worker-0] INFO  util.JmxRegister (JmxRegister.java:unregister(73)) - Successfully un-registered JMX Bean with object name Ratis:service=RaftServer,group=group-CDBA19D3F1B6,id=72f743f9-1e0e-4345-96f1-9a3a34c18cec
2019-09-26 10:06:01,097 [c48e9c41-2800-44a2-9011-d3474aeafd5c@group-D2AA8A8376D2:LeaderElection212] INFO  impl.RaftServerImpl (ServerState.java:setRaftConf(354)) - c48e9c41-2800-44a2-9011-d3474aeafd5c@group-D2AA8A8376D2: set configuration 0: [c48e9c41-2800-44a2-9011-d3474aeafd5c:192.168.30.13:36994], old=null at 0
2019-09-26 10:06:01,127 [ForkJoinPool.commonPool-worker-0] INFO  impl.RoleInfo (RoleInfo.java:shutdownLeaderState(104)) - 72f743f9-1e0e-4345-96f1-9a3a34c18cec: shutdown LeaderState
2019-09-26 10:06:01,127 [9c78032f-eba8-46d0-8c4d-d82b43c60fb9@group-DD2DE94DD6D4-SegmentedRaftLogWorker] INFO  segmented.SegmentedRaftLogWorker (SegmentedRaftLogWorker.java:execute(569)) - 9c78032f-eba8-46d0-8c4d-d82b43c60fb9@group-DD2DE94DD6D4-SegmentedRaftLogWorker: created new log segment /workdir/hadoop-ozone/integration-test/target/test-dir/MiniOzoneClusterImpl-6f19b49f-1ba0-4037-80e1-640204793d9e/datanode-5/data/ratis/b36dd01a-2fe1-4961-8ab3-dd2de94dd6d4/current/log_inprogress_0
2019-09-26 10:06:01,127 [main] INFO  segmented.SegmentedRaftLogWorker (SegmentedRaftLogWorker.java:close(228)) - 583d69a3-91a3-48b1-b57b-32c881e6a62a@group-F4D589545301-SegmentedRaftLogWorker close()
2019-09-26 10:06:01,127 [ForkJoinPool.commonPool-worker-0] INFO  impl.PendingRequests (PendingRequests.java:sendNotLeaderResponses(202)) - 72f743f9-1e0e-4345-96f1-9a3a34c18cec-PendingRequests: sendNotLeaderResponses
2019-09-26 10:06:01,132 [main] INFO  impl.RaftServerImpl (RaftServerImpl.java:lambda$shutdown$3(251)) - 583d69a3-91a3-48b1-b57b-32c881e6a62a@group-DB2F6B186195: shutdown
2019-09-26 10:06:01,132 [ForkJoinPool.commonPool-worker-0] INFO  impl.StateMachineUpdater (StateMachineUpdater.java:stopAndJoin(125)) - 72f743f9-1e0e-4345-96f1-9a3a34c18cec@group-CDBA19D3F1B6-StateMachineUpdater: set stopIndex = 0
2019-09-26 10:06:01,133 [main] INFO  util.JmxRegister (JmxRegister.java:unregister(73)) - Successfully un-registered JMX Bean with object name Ratis:service=RaftServer,group=group-DB2F6B186195,id=583d69a3-91a3-48b1-b57b-32c881e6a62a
2019-09-26 10:06:01,133 [main] INFO  impl.RoleInfo (RoleInfo.java:shutdownLeaderState(104)) - 583d69a3-91a3-48b1-b57b-32c881e6a62a: shutdown LeaderState
2019-09-26 10:06:01,133 [ForkJoinPool.commonPool-worker-0] INFO  impl.RaftServerImpl (ServerState.java:close(385)) - 72f743f9-1e0e-4345-96f1-9a3a34c18cec@group-CDBA19D3F1B6: closes. applyIndex: 0
2019-09-26 10:06:01,133 [main] INFO  impl.PendingRequests (PendingRequests.java:sendNotLeaderResponses(202)) - 583d69a3-91a3-48b1-b57b-32c881e6a62a-PendingRequests: sendNotLeaderResponses
2019-09-26 10:06:01,133 [72f743f9-1e0e-4345-96f1-9a3a34c18cec@group-CDBA19D3F1B6-SegmentedRaftLogWorker] INFO  segmented.SegmentedRaftLogWorker (SegmentedRaftLogWorker.java:run(313)) - 72f743f9-1e0e-4345-96f1-9a3a34c18cec@group-CDBA19D3F1B6-SegmentedRaftLogWorker was interrupted, exiting. There are 0 tasks remaining in the queue.
2019-09-26 10:06:01,134 [main] INFO  impl.StateMachineUpdater (StateMachineUpdater.java:stopAndJoin(125)) - 583d69a3-91a3-48b1-b57b-32c881e6a62a@group-DB2F6B186195-StateMachineUpdater: set stopIndex = 0
2019-09-26 10:06:01,136 [ForkJoinPool.commonPool-worker-0] INFO  segmented.SegmentedRaftLogWorker (SegmentedRaftLogWorker.java:close(228)) - 72f743f9-1e0e-4345-96f1-9a3a34c18cec@group-CDBA19D3F1B6-SegmentedRaftLogWorker close()
2019-09-26 10:06:01,136 [main] INFO  impl.RaftServerImpl (ServerState.java:close(385)) - 583d69a3-91a3-48b1-b57b-32c881e6a62a@group-DB2F6B186195: closes. applyIndex: 0
2019-09-26 10:06:01,141 [c48e9c41-2800-44a2-9011-d3474aeafd5c@group-D2AA8A8376D2-SegmentedRaftLogWorker] INFO  segmented.SegmentedRaftLogWorker (SegmentedRaftLogWorker.java:execute(569)) - c48e9c41-2800-44a2-9011-d3474aeafd5c@group-D2AA8A8376D2-SegmentedRaftLogWorker: created new log segment /workdir/hadoop-ozone/integration-test/target/test-dir/MiniOzoneClusterImpl-6f19b49f-1ba0-4037-80e1-640204793d9e/datanode-6/data/ratis/ff7d8814-d6e5-4272-ba77-d2aa8a8376d2/current/log_inprogress_0
2019-09-26 10:06:01,141 [ForkJoinPool.commonPool-worker-0] INFO  impl.RaftServerImpl (RaftServerImpl.java:lambda$shutdown$3(251)) - 72f743f9-1e0e-4345-96f1-9a3a34c18cec@group-2A2622C035FC: shutdown
2019-09-26 10:06:01,141 [583d69a3-91a3-48b1-b57b-32c881e6a62a@group-DB2F6B186195-SegmentedRaftLogWorker] INFO  segmented.SegmentedRaftLogWorker (SegmentedRaftLogWorker.java:run(313)) - 583d69a3-91a3-48b1-b57b-32c881e6a62a@group-DB2F6B186195-SegmentedRaftLogWorker was interrupted, exiting. There are 0 tasks remaining in the queue.
2019-09-26 10:06:01,141 [ForkJoinPool.commonPool-worker-0] INFO  util.JmxRegister (JmxRegister.java:unregister(73)) - Successfully un-registered JMX Bean with object name Ratis:service=RaftServer,group=group-2A2622C035FC,id=72f743f9-1e0e-4345-96f1-9a3a34c18cec
2019-09-26 10:06:01,143 [main] INFO  segmented.SegmentedRaftLogWorker (SegmentedRaftLogWorker.java:close(228)) - 583d69a3-91a3-48b1-b57b-32c881e6a62a@group-DB2F6B186195-SegmentedRaftLogWorker close()
2019-09-26 10:06:01,143 [ForkJoinPool.commonPool-worker-0] INFO  impl.RoleInfo (RoleInfo.java:shutdownLeaderState(104)) - 72f743f9-1e0e-4345-96f1-9a3a34c18cec: shutdown LeaderState
2019-09-26 10:06:01,148 [main] INFO  impl.RaftServerImpl (RaftServerImpl.java:lambda$shutdown$3(251)) - 583d69a3-91a3-48b1-b57b-32c881e6a62a@group-147F68B3880E: shutdown
2019-09-26 10:06:01,148 [ForkJoinPool.commonPool-worker-0] INFO  impl.PendingRequests (PendingRequests.java:sendNotLeaderResponses(202)) - 72f743f9-1e0e-4345-96f1-9a3a34c18cec-PendingRequests: sendNotLeaderResponses
2019-09-26 10:06:01,148 [main] INFO  util.JmxRegister (JmxRegister.java:unregister(73)) - Successfully un-registered JMX Bean with object name Ratis:service=RaftServer,group=group-147F68B3880E,id=583d69a3-91a3-48b1-b57b-32c881e6a62a
2019-09-26 10:06:01,148 [ForkJoinPool.commonPool-worker-0] INFO  impl.StateMachineUpdater (StateMachineUpdater.java:stopAndJoin(125)) - 72f743f9-1e0e-4345-96f1-9a3a34c18cec@group-2A2622C035FC-StateMachineUpdater: set stopIndex = 0
2019-09-26 10:06:01,148 [main] INFO  impl.RoleInfo (RoleInfo.java:shutdownLeaderState(104)) - 583d69a3-91a3-48b1-b57b-32c881e6a62a: shutdown LeaderState
2019-09-26 10:06:01,148 [ForkJoinPool.commonPool-worker-0] INFO  impl.RaftServerImpl (ServerState.java:close(385)) - 72f743f9-1e0e-4345-96f1-9a3a34c18cec@group-2A2622C035FC: closes. applyIndex: 0
2019-09-26 10:06:01,149 [main] INFO  impl.PendingRequests (PendingRequests.java:sendNotLeaderResponses(202)) - 583d69a3-91a3-48b1-b57b-32c881e6a62a-PendingRequests: sendNotLeaderResponses
2019-09-26 10:06:01,149 [72f743f9-1e0e-4345-96f1-9a3a34c18cec@group-2A2622C035FC-SegmentedRaftLogWorker] INFO  segmented.SegmentedRaftLogWorker (SegmentedRaftLogWorker.java:run(313)) - 72f743f9-1e0e-4345-96f1-9a3a34c18cec@group-2A2622C035FC-SegmentedRaftLogWorker was interrupted, exiting. There are 0 tasks remaining in the queue.
2019-09-26 10:06:01,149 [main] INFO  impl.StateMachineUpdater (StateMachineUpdater.java:stopAndJoin(125)) - 583d69a3-91a3-48b1-b57b-32c881e6a62a@group-147F68B3880E-StateMachineUpdater: set stopIndex = 0
2019-09-26 10:06:01,151 [ForkJoinPool.commonPool-worker-0] INFO  segmented.SegmentedRaftLogWorker (SegmentedRaftLogWorker.java:close(228)) - 72f743f9-1e0e-4345-96f1-9a3a34c18cec@group-2A2622C035FC-SegmentedRaftLogWorker close()
2019-09-26 10:06:01,152 [main] INFO  impl.RaftServerImpl (ServerState.java:close(385)) - 583d69a3-91a3-48b1-b57b-32c881e6a62a@group-147F68B3880E: closes. applyIndex: 0
2019-09-26 10:06:01,156 [ForkJoinPool.commonPool-worker-0] INFO  server.GrpcService (GrpcService.java:closeImpl(164)) - 72f743f9-1e0e-4345-96f1-9a3a34c18cec: shutdown server with port 42232 now
2019-09-26 10:06:01,157 [583d69a3-91a3-48b1-b57b-32c881e6a62a@group-147F68B3880E-SegmentedRaftLogWorker] INFO  segmented.SegmentedRaftLogWorker (SegmentedRaftLogWorker.java:run(313)) - 583d69a3-91a3-48b1-b57b-32c881e6a62a@group-147F68B3880E-SegmentedRaftLogWorker was interrupted, exiting. There are 0 tasks remaining in the queue.
2019-09-26 10:06:01,159 [main] INFO  segmented.SegmentedRaftLogWorker (SegmentedRaftLogWorker.java:close(228)) - 583d69a3-91a3-48b1-b57b-32c881e6a62a@group-147F68B3880E-SegmentedRaftLogWorker close()
2019-09-26 10:06:01,159 [ForkJoinPool.commonPool-worker-0] INFO  server.GrpcService (GrpcService.java:closeImpl(172)) - 72f743f9-1e0e-4345-96f1-9a3a34c18cec: shutdown server with port 42232 successfully
2019-09-26 10:06:01,163 [main] INFO  server.GrpcService (GrpcService.java:closeImpl(164)) - 583d69a3-91a3-48b1-b57b-32c881e6a62a: shutdown server with port 44038 now
2019-09-26 10:06:01,166 [main] INFO  server.GrpcService (GrpcService.java:closeImpl(172)) - 583d69a3-91a3-48b1-b57b-32c881e6a62a: shutdown server with port 44038 successfully
2019-09-26 10:06:01,167 [refreshUsed-/workdir/hadoop-ozone/integration-test/target/test-dir/MiniOzoneClusterImpl-6f19b49f-1ba0-4037-80e1-640204793d9e/datanode-4/data/containers] WARN  fs.CachingGetSpaceUsed (CachingGetSpaceUsed.java:run(183)) - Thread Interrupted waiting to refresh disk information: sleep interrupted
2019-09-26 10:06:01,172 [refreshUsed-/workdir/hadoop-ozone/integration-test/target/test-dir/MiniOzoneClusterImpl-6f19b49f-1ba0-4037-80e1-640204793d9e/datanode-1/data/containers] WARN  fs.CachingGetSpaceUsed (CachingGetSpaceUsed.java:run(183)) - Thread Interrupted waiting to refresh disk information: sleep interrupted
2019-09-26 10:06:01,182 [main] INFO  utils.BackgroundService (BackgroundService.java:shutdown(148)) - Shutting down service BlockDeletingService
2019-09-26 10:06:01,188 [main] INFO  statemachine.DatanodeStateMachine (DatanodeStateMachine.java:stopDaemon(395)) - Ozone container server stopped.
2019-09-26 10:06:01,188 [ForkJoinPool.commonPool-worker-0] INFO  utils.BackgroundService (BackgroundService.java:shutdown(148)) - Shutting down service BlockDeletingService
2019-09-26 10:06:01,194 [ForkJoinPool.commonPool-worker-0] INFO  statemachine.DatanodeStateMachine (DatanodeStateMachine.java:stopDaemon(395)) - Ozone container server stopped.
2019-09-26 10:06:01,194 [main] INFO  handler.ContextHandler (ContextHandler.java:doStop(910)) - Stopped o.e.j.w.WebAppContext@74123110{/,null,UNAVAILABLE}{/hddsDatanode}
2019-09-26 10:06:01,201 [ForkJoinPool.commonPool-worker-0] INFO  handler.ContextHandler (ContextHandler.java:doStop(910)) - Stopped o.e.j.w.WebAppContext@4e958f08{/,null,UNAVAILABLE}{/hddsDatanode}
2019-09-26 10:06:01,201 [main] INFO  server.AbstractConnector (AbstractConnector.java:doStop(318)) - Stopped ServerConnector@5ed0b4e3{HTTP/1.1,[http/1.1]}{0.0.0.0:0}
2019-09-26 10:06:01,201 [ForkJoinPool.commonPool-worker-0] INFO  server.AbstractConnector (AbstractConnector.java:doStop(318)) - Stopped ServerConnector@71c0b742{HTTP/1.1,[http/1.1]}{0.0.0.0:0}
2019-09-26 10:06:01,201 [main] INFO  handler.ContextHandler (ContextHandler.java:doStop(910)) - Stopped o.e.j.s.ServletContextHandler@9b3be1c{/static,jar:file:/home/user/.m2/repository/org/apache/hadoop/hadoop-hdds-container-service/0.5.0-SNAPSHOT/hadoop-hdds-container-service-0.5.0-SNAPSHOT.jar!/webapps/static,UNAVAILABLE}
2019-09-26 10:06:01,203 [ForkJoinPool.commonPool-worker-0] INFO  handler.ContextHandler (ContextHandler.java:doStop(910)) - Stopped o.e.j.s.ServletContextHandler@5520f675{/static,jar:file:/home/user/.m2/repository/org/apache/hadoop/hadoop-hdds-container-service/0.5.0-SNAPSHOT/hadoop-hdds-container-service-0.5.0-SNAPSHOT.jar!/webapps/static,UNAVAILABLE}
2019-09-26 10:06:01,204 [main] INFO  handler.ContextHandler (ContextHandler.java:doStop(910)) - Stopped o.e.j.s.ServletContextHandler@35fa450f{/logs,file:///workdir/hadoop-ozone/integration-test/target/log,UNAVAILABLE}
2019-09-26 10:06:01,206 [ForkJoinPool.commonPool-worker-0] INFO  handler.ContextHandler (ContextHandler.java:doStop(910)) - Stopped o.e.j.s.ServletContextHandler@51f68849{/logs,file:///workdir/hadoop-ozone/integration-test/target/log,UNAVAILABLE}
2019-09-26 10:06:01,539 [Datanode State Machine Thread - 0] INFO  statemachine.DatanodeStateMachine (DatanodeStateMachine.java:lambda$startDaemon$0(350)) - Ozone container server started.
2019-09-26 10:06:01,540 [Datanode State Machine Thread - 0] INFO  statemachine.DatanodeStateMachine (DatanodeStateMachine.java:lambda$startDaemon$0(350)) - Ozone container server started.
2019-09-26 10:06:05,589 [Thread-2718] INFO  impl.FollowerState (FollowerState.java:run(106)) - db227204-214e-44d9-8d16-8c4813e40a58:group-59F656B70023 changes to CANDIDATE, lastRpcTime:10752, electionTimeout:5024ms
2019-09-26 10:06:05,590 [Thread-2718] INFO  impl.RoleInfo (RoleInfo.java:shutdownFollowerState(121)) - db227204-214e-44d9-8d16-8c4813e40a58: shutdown FollowerState
2019-09-26 10:06:05,590 [Thread-2718] INFO  impl.RaftServerImpl (RaftServerImpl.java:setRole(174)) - db227204-214e-44d9-8d16-8c4813e40a58@group-59F656B70023: changes role from  FOLLOWER to CANDIDATE at term 0 for changeToCandidate
2019-09-26 10:06:05,590 [Thread-2718] INFO  impl.RoleInfo (RoleInfo.java:updateAndGet(143)) - db227204-214e-44d9-8d16-8c4813e40a58: start LeaderElection
2019-09-26 10:06:05,604 [db227204-214e-44d9-8d16-8c4813e40a58@group-59F656B70023:LeaderElection215] INFO  impl.LeaderElection (LeaderElection.java:askForVotes(182)) - db227204-214e-44d9-8d16-8c4813e40a58@group-59F656B70023:LeaderElection215: begin an election at term 1 for -1: [db227204-214e-44d9-8d16-8c4813e40a58:192.168.30.13:35682], old=null
2019-09-26 10:06:05,605 [db227204-214e-44d9-8d16-8c4813e40a58@group-59F656B70023:LeaderElection215] INFO  impl.RoleInfo (RoleInfo.java:shutdownLeaderElection(134)) - db227204-214e-44d9-8d16-8c4813e40a58: shutdown LeaderElection
2019-09-26 10:06:05,605 [db227204-214e-44d9-8d16-8c4813e40a58@group-59F656B70023:LeaderElection215] INFO  impl.RaftServerImpl (RaftServerImpl.java:setRole(174)) - db227204-214e-44d9-8d16-8c4813e40a58@group-59F656B70023: changes role from CANDIDATE to LEADER at term 1 for changeToLeader
2019-09-26 10:06:05,605 [db227204-214e-44d9-8d16-8c4813e40a58@group-59F656B70023:LeaderElection215] INFO  impl.RaftServerImpl (ServerState.java:setLeader(253)) - db227204-214e-44d9-8d16-8c4813e40a58@group-59F656B70023: change Leader from null to db227204-214e-44d9-8d16-8c4813e40a58 at term 1 for becomeLeader, leader elected after 10772ms
2019-09-26 10:06:05,605 [db227204-214e-44d9-8d16-8c4813e40a58@group-59F656B70023:LeaderElection215] INFO  server.RaftServerConfigKeys (ConfUtils.java:logGet(43)) - raft.server.staging.catchup.gap = 1000 (default)
2019-09-26 10:06:05,605 [db227204-214e-44d9-8d16-8c4813e40a58@group-59F656B70023:LeaderElection215] INFO  server.RaftServerConfigKeys (ConfUtils.java:logGet(43)) - raft.server.rpc.sleep.time = 25ms (default)
2019-09-26 10:06:05,606 [db227204-214e-44d9-8d16-8c4813e40a58@group-59F656B70023:LeaderElection215] INFO  server.RaftServerConfigKeys (ConfUtils.java:logGet(43)) - raft.server.write.element-limit = 4096 (default)
2019-09-26 10:06:05,606 [db227204-214e-44d9-8d16-8c4813e40a58@group-59F656B70023:LeaderElection215] INFO  server.RaftServerConfigKeys (ConfUtils.java:logGet(43)) - raft.server.watch.timeout = 10s (default)
2019-09-26 10:06:05,606 [EventQueue-StaleNodeForStaleNodeHandler] INFO  node.StaleNodeHandler (StaleNodeHandler.java:onMessage(58)) - Datanode db227204-214e-44d9-8d16-8c4813e40a58{ip: 192.168.30.13, host: pr-hdds-1569-wvzgm-824869521, networkLocation: /default-rack, certSerialId: null} moved to stale state. Finalizing its pipelines [PipelineID=faf16e63-7490-417b-80e1-a6860fdd78c7, PipelineID=5cf2e918-c5e1-42a8-9737-59f656b70023, PipelineID=93873631-4810-4763-b585-65006520adf8, PipelineID=89ddbf4a-4211-4226-b73a-5f79ccfac190, PipelineID=87ba1928-c15d-44bf-937b-ae89f291bcef, PipelineID=924e9c6c-8939-4d93-b0d0-a86122bd5ea9]
2019-09-26 10:06:05,606 [EventQueue-StaleNodeForStaleNodeHandler] INFO  pipeline.SCMPipelineManager (SCMPipelineManager.java:finalizeAndDestroyPipeline(316)) - destroying pipeline:Pipeline[ Id: faf16e63-7490-417b-80e1-a6860fdd78c7, Nodes: db227204-214e-44d9-8d16-8c4813e40a58{ip: 192.168.30.13, host: pr-hdds-1569-wvzgm-824869521, networkLocation: /default-rack, certSerialId: null}, Type:RATIS, Factor:ONE, State:OPEN]
2019-09-26 10:06:05,606 [db227204-214e-44d9-8d16-8c4813e40a58@group-59F656B70023:LeaderElection215] INFO  server.RaftServerConfigKeys (ConfUtils.java:logGet(43)) - raft.server.watch.timeout.denomination = 1s (default)
2019-09-26 10:06:05,609 [EventQueue-StaleNodeForStaleNodeHandler] INFO  pipeline.PipelineStateManager (PipelineStateManager.java:finalizePipeline(123)) - Pipeline Pipeline[ Id: faf16e63-7490-417b-80e1-a6860fdd78c7, Nodes: db227204-214e-44d9-8d16-8c4813e40a58{ip: 192.168.30.13, host: pr-hdds-1569-wvzgm-824869521, networkLocation: /default-rack, certSerialId: null}, Type:RATIS, Factor:ONE, State:CLOSED] moved to CLOSED state
2019-09-26 10:06:05,609 [db227204-214e-44d9-8d16-8c4813e40a58@group-59F656B70023:LeaderElection215] INFO  server.RaftServerConfigKeys (ConfUtils.java:logGet(43)) - raft.server.watch.element-limit = 65536 (default)
2019-09-26 10:06:05,610 [EventQueue-StaleNodeForStaleNodeHandler] INFO  pipeline.SCMPipelineManager (SCMPipelineManager.java:finalizeAndDestroyPipeline(316)) - destroying pipeline:Pipeline[ Id: 5cf2e918-c5e1-42a8-9737-59f656b70023, Nodes: db227204-214e-44d9-8d16-8c4813e40a58{ip: 192.168.30.13, host: pr-hdds-1569-wvzgm-824869521, networkLocation: /default-rack, certSerialId: null}, Type:RATIS, Factor:ONE, State:OPEN]
2019-09-26 10:06:05,610 [EventQueue-StaleNodeForStaleNodeHandler] INFO  pipeline.PipelineStateManager (PipelineStateManager.java:finalizePipeline(123)) - Pipeline Pipeline[ Id: 5cf2e918-c5e1-42a8-9737-59f656b70023, Nodes: db227204-214e-44d9-8d16-8c4813e40a58{ip: 192.168.30.13, host: pr-hdds-1569-wvzgm-824869521, networkLocation: /default-rack, certSerialId: null}, Type:RATIS, Factor:ONE, State:CLOSED] moved to CLOSED state
2019-09-26 10:06:05,610 [EventQueue-StaleNodeForStaleNodeHandler] INFO  pipeline.SCMPipelineManager (SCMPipelineManager.java:finalizeAndDestroyPipeline(316)) - destroying pipeline:Pipeline[ Id: 93873631-4810-4763-b585-65006520adf8, Nodes: db227204-214e-44d9-8d16-8c4813e40a58{ip: 192.168.30.13, host: pr-hdds-1569-wvzgm-824869521, networkLocation: /default-rack, certSerialId: null}, Type:RATIS, Factor:ONE, State:OPEN]
2019-09-26 10:06:05,610 [EventQueue-StaleNodeForStaleNodeHandler] INFO  pipeline.PipelineStateManager (PipelineStateManager.java:finalizePipeline(123)) - Pipeline Pipeline[ Id: 93873631-4810-4763-b585-65006520adf8, Nodes: db227204-214e-44d9-8d16-8c4813e40a58{ip: 192.168.30.13, host: pr-hdds-1569-wvzgm-824869521, networkLocation: /default-rack, certSerialId: null}, Type:RATIS, Factor:ONE, State:CLOSED] moved to CLOSED state
2019-09-26 10:06:05,610 [EventQueue-StaleNodeForStaleNodeHandler] INFO  pipeline.SCMPipelineManager (SCMPipelineManager.java:finalizeAndDestroyPipeline(316)) - destroying pipeline:Pipeline[ Id: 89ddbf4a-4211-4226-b73a-5f79ccfac190, Nodes: db227204-214e-44d9-8d16-8c4813e40a58{ip: 192.168.30.13, host: pr-hdds-1569-wvzgm-824869521, networkLocation: /default-rack, certSerialId: null}, Type:RATIS, Factor:ONE, State:OPEN]
2019-09-26 10:06:05,610 [EventQueue-StaleNodeForStaleNodeHandler] INFO  pipeline.PipelineStateManager (PipelineStateManager.java:finalizePipeline(123)) - Pipeline Pipeline[ Id: 89ddbf4a-4211-4226-b73a-5f79ccfac190, Nodes: db227204-214e-44d9-8d16-8c4813e40a58{ip: 192.168.30.13, host: pr-hdds-1569-wvzgm-824869521, networkLocation: /default-rack, certSerialId: null}, Type:RATIS, Factor:ONE, State:CLOSED] moved to CLOSED state
2019-09-26 10:06:05,610 [EventQueue-StaleNodeForStaleNodeHandler] INFO  pipeline.SCMPipelineManager (SCMPipelineManager.java:finalizeAndDestroyPipeline(316)) - destroying pipeline:Pipeline[ Id: 87ba1928-c15d-44bf-937b-ae89f291bcef, Nodes: db227204-214e-44d9-8d16-8c4813e40a58{ip: 192.168.30.13, host: pr-hdds-1569-wvzgm-824869521, networkLocation: /default-rack, certSerialId: null}, Type:RATIS, Factor:ONE, State:OPEN]
2019-09-26 10:06:05,610 [EventQueue-StaleNodeForStaleNodeHandler] INFO  pipeline.PipelineStateManager (PipelineStateManager.java:finalizePipeline(123)) - Pipeline Pipeline[ Id: 87ba1928-c15d-44bf-937b-ae89f291bcef, Nodes: db227204-214e-44d9-8d16-8c4813e40a58{ip: 192.168.30.13, host: pr-hdds-1569-wvzgm-824869521, networkLocation: /default-rack, certSerialId: null}, Type:RATIS, Factor:ONE, State:CLOSED] moved to CLOSED state
2019-09-26 10:06:05,611 [EventQueue-StaleNodeForStaleNodeHandler] INFO  pipeline.SCMPipelineManager (SCMPipelineManager.java:finalizeAndDestroyPipeline(316)) - destroying pipeline:Pipeline[ Id: 924e9c6c-8939-4d93-b0d0-a86122bd5ea9, Nodes: db227204-214e-44d9-8d16-8c4813e40a58{ip: 192.168.30.13, host: pr-hdds-1569-wvzgm-824869521, networkLocation: /default-rack, certSerialId: null}, Type:RATIS, Factor:ONE, State:OPEN]
2019-09-26 10:06:05,611 [EventQueue-StaleNodeForStaleNodeHandler] INFO  pipeline.PipelineStateManager (PipelineStateManager.java:finalizePipeline(123)) - Pipeline Pipeline[ Id: 924e9c6c-8939-4d93-b0d0-a86122bd5ea9, Nodes: db227204-214e-44d9-8d16-8c4813e40a58{ip: 192.168.30.13, host: pr-hdds-1569-wvzgm-824869521, networkLocation: /default-rack, certSerialId: null}, Type:RATIS, Factor:ONE, State:CLOSED] moved to CLOSED state
2019-09-26 10:06:05,611 [EventQueue-StaleNodeForStaleNodeHandler] INFO  node.StaleNodeHandler (StaleNodeHandler.java:onMessage(58)) - Datanode 830a81b3-f833-43ed-8e64-f2525410bb9b{ip: 192.168.30.13, host: pr-hdds-1569-wvzgm-824869521, networkLocation: /default-rack, certSerialId: null} moved to stale state. Finalizing its pipelines [PipelineID=f014d842-76fa-4ca5-ab01-fb76638fa5e6, PipelineID=1491e708-47c6-4351-9ac4-c40fae9bc5b6, PipelineID=dd4c4e75-8928-46d9-ba18-a363b3b010da, PipelineID=cd93ec0d-6860-4583-872c-2b44fa5edfa2, PipelineID=f38d6517-ff0a-43eb-b378-741db518e1dd, PipelineID=cfee17fd-2bc6-4e17-aff3-891de8addf7f]
2019-09-26 10:06:05,611 [EventQueue-StaleNodeForStaleNodeHandler] INFO  pipeline.SCMPipelineManager (SCMPipelineManager.java:finalizeAndDestroyPipeline(316)) - destroying pipeline:Pipeline[ Id: f014d842-76fa-4ca5-ab01-fb76638fa5e6, Nodes: 830a81b3-f833-43ed-8e64-f2525410bb9b{ip: 192.168.30.13, host: pr-hdds-1569-wvzgm-824869521, networkLocation: /default-rack, certSerialId: null}, Type:RATIS, Factor:ONE, State:OPEN]
2019-09-26 10:06:05,611 [EventQueue-StaleNodeForStaleNodeHandler] INFO  pipeline.PipelineStateManager (PipelineStateManager.java:finalizePipeline(123)) - Pipeline Pipeline[ Id: f014d842-76fa-4ca5-ab01-fb76638fa5e6, Nodes: 830a81b3-f833-43ed-8e64-f2525410bb9b{ip: 192.168.30.13, host: pr-hdds-1569-wvzgm-824869521, networkLocation: /default-rack, certSerialId: null}, Type:RATIS, Factor:ONE, State:CLOSED] moved to CLOSED state
2019-09-26 10:06:05,611 [EventQueue-StaleNodeForStaleNodeHandler] INFO  pipeline.SCMPipelineManager (SCMPipelineManager.java:finalizeAndDestroyPipeline(316)) - destroying pipeline:Pipeline[ Id: 1491e708-47c6-4351-9ac4-c40fae9bc5b6, Nodes: 830a81b3-f833-43ed-8e64-f2525410bb9b{ip: 192.168.30.13, host: pr-hdds-1569-wvzgm-824869521, networkLocation: /default-rack, certSerialId: null}, Type:RATIS, Factor:ONE, State:OPEN]
2019-09-26 10:06:05,611 [EventQueue-StaleNodeForStaleNodeHandler] INFO  pipeline.PipelineStateManager (PipelineStateManager.java:finalizePipeline(123)) - Pipeline Pipeline[ Id: 1491e708-47c6-4351-9ac4-c40fae9bc5b6, Nodes: 830a81b3-f833-43ed-8e64-f2525410bb9b{ip: 192.168.30.13, host: pr-hdds-1569-wvzgm-824869521, networkLocation: /default-rack, certSerialId: null}, Type:RATIS, Factor:ONE, State:CLOSED] moved to CLOSED state
2019-09-26 10:06:05,611 [EventQueue-StaleNodeForStaleNodeHandler] INFO  pipeline.SCMPipelineManager (SCMPipelineManager.java:finalizeAndDestroyPipeline(316)) - destroying pipeline:Pipeline[ Id: dd4c4e75-8928-46d9-ba18-a363b3b010da, Nodes: 830a81b3-f833-43ed-8e64-f2525410bb9b{ip: 192.168.30.13, host: pr-hdds-1569-wvzgm-824869521, networkLocation: /default-rack, certSerialId: null}, Type:RATIS, Factor:ONE, State:OPEN]
2019-09-26 10:06:05,611 [EventQueue-StaleNodeForStaleNodeHandler] INFO  pipeline.PipelineStateManager (PipelineStateManager.java:finalizePipeline(123)) - Pipeline Pipeline[ Id: dd4c4e75-8928-46d9-ba18-a363b3b010da, Nodes: 830a81b3-f833-43ed-8e64-f2525410bb9b{ip: 192.168.30.13, host: pr-hdds-1569-wvzgm-824869521, networkLocation: /default-rack, certSerialId: null}, Type:RATIS, Factor:ONE, State:CLOSED] moved to CLOSED state
2019-09-26 10:06:05,611 [EventQueue-StaleNodeForStaleNodeHandler] INFO  pipeline.SCMPipelineManager (SCMPipelineManager.java:finalizeAndDestroyPipeline(316)) - destroying pipeline:Pipeline[ Id: cd93ec0d-6860-4583-872c-2b44fa5edfa2, Nodes: 830a81b3-f833-43ed-8e64-f2525410bb9b{ip: 192.168.30.13, host: pr-hdds-1569-wvzgm-824869521, networkLocation: /default-rack, certSerialId: null}, Type:RATIS, Factor:ONE, State:OPEN]
2019-09-26 10:06:05,612 [EventQueue-StaleNodeForStaleNodeHandler] INFO  pipeline.PipelineStateManager (PipelineStateManager.java:finalizePipeline(123)) - Pipeline Pipeline[ Id: cd93ec0d-6860-4583-872c-2b44fa5edfa2, Nodes: 830a81b3-f833-43ed-8e64-f2525410bb9b{ip: 192.168.30.13, host: pr-hdds-1569-wvzgm-824869521, networkLocation: /default-rack, certSerialId: null}, Type:RATIS, Factor:ONE, State:CLOSED] moved to CLOSED state
2019-09-26 10:06:05,612 [EventQueue-StaleNodeForStaleNodeHandler] INFO  pipeline.SCMPipelineManager (SCMPipelineManager.java:finalizeAndDestroyPipeline(316)) - destroying pipeline:Pipeline[ Id: f38d6517-ff0a-43eb-b378-741db518e1dd, Nodes: 830a81b3-f833-43ed-8e64-f2525410bb9b{ip: 192.168.30.13, host: pr-hdds-1569-wvzgm-824869521, networkLocation: /default-rack, certSerialId: null}, Type:RATIS, Factor:ONE, State:OPEN]
2019-09-26 10:06:05,612 [EventQueue-StaleNodeForStaleNodeHandler] INFO  pipeline.PipelineStateManager (PipelineStateManager.java:finalizePipeline(123)) - Pipeline Pipeline[ Id: f38d6517-ff0a-43eb-b378-741db518e1dd, Nodes: 830a81b3-f833-43ed-8e64-f2525410bb9b{ip: 192.168.30.13, host: pr-hdds-1569-wvzgm-824869521, networkLocation: /default-rack, certSerialId: null}, Type:RATIS, Factor:ONE, State:CLOSED] moved to CLOSED state
2019-09-26 10:06:05,612 [EventQueue-StaleNodeForStaleNodeHandler] INFO  pipeline.SCMPipelineManager (SCMPipelineManager.java:finalizeAndDestroyPipeline(316)) - destroying pipeline:Pipeline[ Id: cfee17fd-2bc6-4e17-aff3-891de8addf7f, Nodes: 830a81b3-f833-43ed-8e64-f2525410bb9b{ip: 192.168.30.13, host: pr-hdds-1569-wvzgm-824869521, networkLocation: /default-rack, certSerialId: null}, Type:RATIS, Factor:ONE, State:OPEN]
2019-09-26 10:06:05,612 [EventQueue-StaleNodeForStaleNodeHandler] INFO  pipeline.PipelineStateManager (PipelineStateManager.java:finalizePipeline(123)) - Pipeline Pipeline[ Id: cfee17fd-2bc6-4e17-aff3-891de8addf7f, Nodes: 830a81b3-f833-43ed-8e64-f2525410bb9b{ip: 192.168.30.13, host: pr-hdds-1569-wvzgm-824869521, networkLocation: /default-rack, certSerialId: null}, Type:RATIS, Factor:ONE, State:CLOSED] moved to CLOSED state
2019-09-26 10:06:05,612 [Thread-2733] INFO  impl.FollowerState (FollowerState.java:run(106)) - db227204-214e-44d9-8d16-8c4813e40a58:group-A6860FDD78C7 changes to CANDIDATE, lastRpcTime:10558, electionTimeout:5043ms
2019-09-26 10:06:05,615 [Thread-2733] INFO  impl.RoleInfo (RoleInfo.java:shutdownFollowerState(121)) - db227204-214e-44d9-8d16-8c4813e40a58: shutdown FollowerState
2019-09-26 10:06:05,615 [Thread-2733] INFO  impl.RaftServerImpl (RaftServerImpl.java:setRole(174)) - db227204-214e-44d9-8d16-8c4813e40a58@group-A6860FDD78C7: changes role from  FOLLOWER to CANDIDATE at term 0 for changeToCandidate
2019-09-26 10:06:05,615 [db227204-214e-44d9-8d16-8c4813e40a58@group-59F656B70023:LeaderElection215] INFO  impl.RoleInfo (RoleInfo.java:updateAndGet(143)) - db227204-214e-44d9-8d16-8c4813e40a58: start LeaderState
2019-09-26 10:06:05,615 [Thread-2733] INFO  impl.RoleInfo (RoleInfo.java:updateAndGet(143)) - db227204-214e-44d9-8d16-8c4813e40a58: start LeaderElection
2019-09-26 10:06:05,616 [db227204-214e-44d9-8d16-8c4813e40a58@group-59F656B70023:LeaderElection215] INFO  segmented.SegmentedRaftLogWorker (SegmentedRaftLogWorker.java:startLogSegment(380)) - db227204-214e-44d9-8d16-8c4813e40a58@group-59F656B70023-SegmentedRaftLogWorker: Starting segment from index:0
2019-09-26 10:06:05,617 [db227204-214e-44d9-8d16-8c4813e40a58@group-59F656B70023:LeaderElection215] INFO  impl.RaftServerImpl (ServerState.java:setRaftConf(354)) - db227204-214e-44d9-8d16-8c4813e40a58@group-59F656B70023: set configuration 0: [db227204-214e-44d9-8d16-8c4813e40a58:192.168.30.13:35682], old=null at 0
2019-09-26 10:06:05,628 [db227204-214e-44d9-8d16-8c4813e40a58@group-A6860FDD78C7:LeaderElection216] INFO  impl.LeaderElection (LeaderElection.java:askForVotes(182)) - db227204-214e-44d9-8d16-8c4813e40a58@group-A6860FDD78C7:LeaderElection216: begin an election at term 1 for -1: [db227204-214e-44d9-8d16-8c4813e40a58:192.168.30.13:35682], old=null
2019-09-26 10:06:05,628 [db227204-214e-44d9-8d16-8c4813e40a58@group-A6860FDD78C7:LeaderElection216] INFO  impl.RoleInfo (RoleInfo.java:shutdownLeaderElection(134)) - db227204-214e-44d9-8d16-8c4813e40a58: shutdown LeaderElection
2019-09-26 10:06:05,628 [db227204-214e-44d9-8d16-8c4813e40a58@group-A6860FDD78C7:LeaderElection216] INFO  impl.RaftServerImpl (RaftServerImpl.java:setRole(174)) - db227204-214e-44d9-8d16-8c4813e40a58@group-A6860FDD78C7: changes role from CANDIDATE to LEADER at term 1 for changeToLeader
2019-09-26 10:06:05,629 [db227204-214e-44d9-8d16-8c4813e40a58@group-A6860FDD78C7:LeaderElection216] INFO  impl.RaftServerImpl (ServerState.java:setLeader(253)) - db227204-214e-44d9-8d16-8c4813e40a58@group-A6860FDD78C7: change Leader from null to db227204-214e-44d9-8d16-8c4813e40a58 at term 1 for becomeLeader, leader elected after 10579ms
2019-09-26 10:06:05,629 [db227204-214e-44d9-8d16-8c4813e40a58@group-A6860FDD78C7:LeaderElection216] INFO  server.RaftServerConfigKeys (ConfUtils.java:logGet(43)) - raft.server.staging.catchup.gap = 1000 (default)
2019-09-26 10:06:05,629 [db227204-214e-44d9-8d16-8c4813e40a58@group-A6860FDD78C7:LeaderElection216] INFO  server.RaftServerConfigKeys (ConfUtils.java:logGet(43)) - raft.server.rpc.sleep.time = 25ms (default)
2019-09-26 10:06:05,629 [db227204-214e-44d9-8d16-8c4813e40a58@group-A6860FDD78C7:LeaderElection216] INFO  server.RaftServerConfigKeys (ConfUtils.java:logGet(43)) - raft.server.write.element-limit = 4096 (default)
2019-09-26 10:06:05,629 [db227204-214e-44d9-8d16-8c4813e40a58@group-A6860FDD78C7:LeaderElection216] INFO  server.RaftServerConfigKeys (ConfUtils.java:logGet(43)) - raft.server.watch.timeout = 10s (default)
2019-09-26 10:06:05,629 [db227204-214e-44d9-8d16-8c4813e40a58@group-A6860FDD78C7:LeaderElection216] INFO  server.RaftServerConfigKeys (ConfUtils.java:logGet(43)) - raft.server.watch.timeout.denomination = 1s (default)
2019-09-26 10:06:05,629 [db227204-214e-44d9-8d16-8c4813e40a58@group-A6860FDD78C7:LeaderElection216] INFO  server.RaftServerConfigKeys (ConfUtils.java:logGet(43)) - raft.server.watch.element-limit = 65536 (default)
2019-09-26 10:06:05,631 [db227204-214e-44d9-8d16-8c4813e40a58@group-A6860FDD78C7:LeaderElection216] INFO  impl.RoleInfo (RoleInfo.java:updateAndGet(143)) - db227204-214e-44d9-8d16-8c4813e40a58: start LeaderState
2019-09-26 10:06:05,631 [db227204-214e-44d9-8d16-8c4813e40a58@group-A6860FDD78C7:LeaderElection216] INFO  segmented.SegmentedRaftLogWorker (SegmentedRaftLogWorker.java:startLogSegment(380)) - db227204-214e-44d9-8d16-8c4813e40a58@group-A6860FDD78C7-SegmentedRaftLogWorker: Starting segment from index:0
2019-09-26 10:06:05,631 [db227204-214e-44d9-8d16-8c4813e40a58@group-A6860FDD78C7:LeaderElection216] INFO  impl.RaftServerImpl (ServerState.java:setRaftConf(354)) - db227204-214e-44d9-8d16-8c4813e40a58@group-A6860FDD78C7: set configuration 0: [db227204-214e-44d9-8d16-8c4813e40a58:192.168.30.13:35682], old=null at 0
2019-09-26 10:06:05,651 [db227204-214e-44d9-8d16-8c4813e40a58@group-59F656B70023-SegmentedRaftLogWorker] INFO  segmented.SegmentedRaftLogWorker (SegmentedRaftLogWorker.java:execute(569)) - db227204-214e-44d9-8d16-8c4813e40a58@group-59F656B70023-SegmentedRaftLogWorker: created new log segment /workdir/hadoop-ozone/integration-test/target/test-dir/MiniOzoneClusterImpl-6f19b49f-1ba0-4037-80e1-640204793d9e/datanode-3/data/ratis/5cf2e918-c5e1-42a8-9737-59f656b70023/current/log_inprogress_0
2019-09-26 10:06:05,664 [db227204-214e-44d9-8d16-8c4813e40a58@group-A6860FDD78C7-SegmentedRaftLogWorker] INFO  segmented.SegmentedRaftLogWorker (SegmentedRaftLogWorker.java:execute(569)) - db227204-214e-44d9-8d16-8c4813e40a58@group-A6860FDD78C7-SegmentedRaftLogWorker: created new log segment /workdir/hadoop-ozone/integration-test/target/test-dir/MiniOzoneClusterImpl-6f19b49f-1ba0-4037-80e1-640204793d9e/datanode-3/data/ratis/faf16e63-7490-417b-80e1-a6860fdd78c7/current/log_inprogress_0
2019-09-26 10:06:05,676 [Thread-2724] INFO  impl.FollowerState (FollowerState.java:run(106)) - 9c78032f-eba8-46d0-8c4d-d82b43c60fb9:group-0BA17B1FE4D4 changes to CANDIDATE, lastRpcTime:10761, electionTimeout:5118ms
2019-09-26 10:06:05,676 [Thread-2724] INFO  impl.RoleInfo (RoleInfo.java:shutdownFollowerState(121)) - 9c78032f-eba8-46d0-8c4d-d82b43c60fb9: shutdown FollowerState
2019-09-26 10:06:05,676 [Thread-2724] INFO  impl.RaftServerImpl (RaftServerImpl.java:setRole(174)) - 9c78032f-eba8-46d0-8c4d-d82b43c60fb9@group-0BA17B1FE4D4: changes role from  FOLLOWER to CANDIDATE at term 0 for changeToCandidate
2019-09-26 10:06:05,676 [Thread-2724] INFO  impl.RoleInfo (RoleInfo.java:updateAndGet(143)) - 9c78032f-eba8-46d0-8c4d-d82b43c60fb9: start LeaderElection
2019-09-26 10:06:05,689 [9c78032f-eba8-46d0-8c4d-d82b43c60fb9@group-0BA17B1FE4D4:LeaderElection217] INFO  impl.LeaderElection (LeaderElection.java:askForVotes(182)) - 9c78032f-eba8-46d0-8c4d-d82b43c60fb9@group-0BA17B1FE4D4:LeaderElection217: begin an election at term 1 for -1: [9c78032f-eba8-46d0-8c4d-d82b43c60fb9:192.168.30.13:33303], old=null
2019-09-26 10:06:05,689 [9c78032f-eba8-46d0-8c4d-d82b43c60fb9@group-0BA17B1FE4D4:LeaderElection217] INFO  impl.RoleInfo (RoleInfo.java:shutdownLeaderElection(134)) - 9c78032f-eba8-46d0-8c4d-d82b43c60fb9: shutdown LeaderElection
2019-09-26 10:06:05,689 [9c78032f-eba8-46d0-8c4d-d82b43c60fb9@group-0BA17B1FE4D4:LeaderElection217] INFO  impl.RaftServerImpl (RaftServerImpl.java:setRole(174)) - 9c78032f-eba8-46d0-8c4d-d82b43c60fb9@group-0BA17B1FE4D4: changes role from CANDIDATE to LEADER at term 1 for changeToLeader
2019-09-26 10:06:05,689 [9c78032f-eba8-46d0-8c4d-d82b43c60fb9@group-0BA17B1FE4D4:LeaderElection217] INFO  impl.RaftServerImpl (ServerState.java:setLeader(253)) - 9c78032f-eba8-46d0-8c4d-d82b43c60fb9@group-0BA17B1FE4D4: change Leader from null to 9c78032f-eba8-46d0-8c4d-d82b43c60fb9 at term 1 for becomeLeader, leader elected after 10778ms
2019-09-26 10:06:05,689 [9c78032f-eba8-46d0-8c4d-d82b43c60fb9@group-0BA17B1FE4D4:LeaderElection217] INFO  server.RaftServerConfigKeys (ConfUtils.java:logGet(43)) - raft.server.staging.catchup.gap = 1000 (default)
2019-09-26 10:06:05,689 [9c78032f-eba8-46d0-8c4d-d82b43c60fb9@group-0BA17B1FE4D4:LeaderElection217] INFO  server.RaftServerConfigKeys (ConfUtils.java:logGet(43)) - raft.server.rpc.sleep.time = 25ms (default)
2019-09-26 10:06:05,689 [9c78032f-eba8-46d0-8c4d-d82b43c60fb9@group-0BA17B1FE4D4:LeaderElection217] INFO  server.RaftServerConfigKeys (ConfUtils.java:logGet(43)) - raft.server.write.element-limit = 4096 (default)
2019-09-26 10:06:05,689 [9c78032f-eba8-46d0-8c4d-d82b43c60fb9@group-0BA17B1FE4D4:LeaderElection217] INFO  server.RaftServerConfigKeys (ConfUtils.java:logGet(43)) - raft.server.watch.timeout = 10s (default)
2019-09-26 10:06:05,689 [9c78032f-eba8-46d0-8c4d-d82b43c60fb9@group-0BA17B1FE4D4:LeaderElection217] INFO  server.RaftServerConfigKeys (ConfUtils.java:logGet(43)) - raft.server.watch.timeout.denomination = 1s (default)
2019-09-26 10:06:05,689 [9c78032f-eba8-46d0-8c4d-d82b43c60fb9@group-0BA17B1FE4D4:LeaderElection217] INFO  server.RaftServerConfigKeys (ConfUtils.java:logGet(43)) - raft.server.watch.element-limit = 65536 (default)
2019-09-26 10:06:05,690 [9c78032f-eba8-46d0-8c4d-d82b43c60fb9@group-0BA17B1FE4D4:LeaderElection217] INFO  impl.RoleInfo (RoleInfo.java:updateAndGet(143)) - 9c78032f-eba8-46d0-8c4d-d82b43c60fb9: start LeaderState
2019-09-26 10:06:05,691 [9c78032f-eba8-46d0-8c4d-d82b43c60fb9@group-0BA17B1FE4D4:LeaderElection217] INFO  segmented.SegmentedRaftLogWorker (SegmentedRaftLogWorker.java:startLogSegment(380)) - 9c78032f-eba8-46d0-8c4d-d82b43c60fb9@group-0BA17B1FE4D4-SegmentedRaftLogWorker: Starting segment from index:0
2019-09-26 10:06:05,691 [9c78032f-eba8-46d0-8c4d-d82b43c60fb9@group-0BA17B1FE4D4:LeaderElection217] INFO  impl.RaftServerImpl (ServerState.java:setRaftConf(354)) - 9c78032f-eba8-46d0-8c4d-d82b43c60fb9@group-0BA17B1FE4D4: set configuration 0: [9c78032f-eba8-46d0-8c4d-d82b43c60fb9:192.168.30.13:33303], old=null at 0
2019-09-26 10:06:05,715 [Thread-2730] INFO  impl.FollowerState (FollowerState.java:run(106)) - 9c78032f-eba8-46d0-8c4d-d82b43c60fb9:group-9525F9C84F3F changes to CANDIDATE, lastRpcTime:10737, electionTimeout:5150ms
2019-09-26 10:06:05,715 [Thread-2730] INFO  impl.RoleInfo (RoleInfo.java:shutdownFollowerState(121)) - 9c78032f-eba8-46d0-8c4d-d82b43c60fb9: shutdown FollowerState
2019-09-26 10:06:05,715 [Thread-2730] INFO  impl.RaftServerImpl (RaftServerImpl.java:setRole(174)) - 9c78032f-eba8-46d0-8c4d-d82b43c60fb9@group-9525F9C84F3F: changes role from  FOLLOWER to CANDIDATE at term 0 for changeToCandidate
2019-09-26 10:06:05,715 [Thread-2730] INFO  impl.RoleInfo (RoleInfo.java:updateAndGet(143)) - 9c78032f-eba8-46d0-8c4d-d82b43c60fb9: start LeaderElection
2019-09-26 10:06:05,717 [Thread-2736] INFO  impl.FollowerState (FollowerState.java:run(106)) - 830a81b3-f833-43ed-8e64-f2525410bb9b:group-C40FAE9BC5B6 changes to CANDIDATE, lastRpcTime:10595, electionTimeout:5148ms
2019-09-26 10:06:05,717 [Thread-2736] INFO  impl.RoleInfo (RoleInfo.java:shutdownFollowerState(121)) - 830a81b3-f833-43ed-8e64-f2525410bb9b: shutdown FollowerState
2019-09-26 10:06:05,718 [Thread-2736] INFO  impl.RaftServerImpl (RaftServerImpl.java:setRole(174)) - 830a81b3-f833-43ed-8e64-f2525410bb9b@group-C40FAE9BC5B6: changes role from  FOLLOWER to CANDIDATE at term 0 for changeToCandidate
2019-09-26 10:06:05,718 [Thread-2736] INFO  impl.RoleInfo (RoleInfo.java:updateAndGet(143)) - 830a81b3-f833-43ed-8e64-f2525410bb9b: start LeaderElection
2019-09-26 10:06:05,742 [9c78032f-eba8-46d0-8c4d-d82b43c60fb9@group-0BA17B1FE4D4-SegmentedRaftLogWorker] INFO  segmented.SegmentedRaftLogWorker (SegmentedRaftLogWorker.java:execute(569)) - 9c78032f-eba8-46d0-8c4d-d82b43c60fb9@group-0BA17B1FE4D4-SegmentedRaftLogWorker: created new log segment /workdir/hadoop-ozone/integration-test/target/test-dir/MiniOzoneClusterImpl-6f19b49f-1ba0-4037-80e1-640204793d9e/datanode-5/data/ratis/90ca9db2-9390-4355-bc43-0ba17b1fe4d4/current/log_inprogress_0
2019-09-26 10:06:05,742 [830a81b3-f833-43ed-8e64-f2525410bb9b@group-C40FAE9BC5B6:LeaderElection219] INFO  impl.LeaderElection (LeaderElection.java:askForVotes(182)) - 830a81b3-f833-43ed-8e64-f2525410bb9b@group-C40FAE9BC5B6:LeaderElection219: begin an election at term 1 for -1: [830a81b3-f833-43ed-8e64-f2525410bb9b:192.168.30.13:33698], old=null
2019-09-26 10:06:05,742 [9c78032f-eba8-46d0-8c4d-d82b43c60fb9@group-9525F9C84F3F:LeaderElection218] INFO  impl.LeaderElection (LeaderElection.java:askForVotes(182)) - 9c78032f-eba8-46d0-8c4d-d82b43c60fb9@group-9525F9C84F3F:LeaderElection218: begin an election at term 1 for -1: [9c78032f-eba8-46d0-8c4d-d82b43c60fb9:192.168.30.13:33303], old=null
2019-09-26 10:06:05,742 [830a81b3-f833-43ed-8e64-f2525410bb9b@group-C40FAE9BC5B6:LeaderElection219] INFO  impl.RoleInfo (RoleInfo.java:shutdownLeaderElection(134)) - 830a81b3-f833-43ed-8e64-f2525410bb9b: shutdown LeaderElection
2019-09-26 10:06:05,742 [9c78032f-eba8-46d0-8c4d-d82b43c60fb9@group-9525F9C84F3F:LeaderElection218] INFO  impl.RoleInfo (RoleInfo.java:shutdownLeaderElection(134)) - 9c78032f-eba8-46d0-8c4d-d82b43c60fb9: shutdown LeaderElection
2019-09-26 10:06:05,742 [830a81b3-f833-43ed-8e64-f2525410bb9b@group-C40FAE9BC5B6:LeaderElection219] INFO  impl.RaftServerImpl (RaftServerImpl.java:setRole(174)) - 830a81b3-f833-43ed-8e64-f2525410bb9b@group-C40FAE9BC5B6: changes role from CANDIDATE to LEADER at term 1 for changeToLeader
2019-09-26 10:06:05,742 [9c78032f-eba8-46d0-8c4d-d82b43c60fb9@group-9525F9C84F3F:LeaderElection218] INFO  impl.RaftServerImpl (RaftServerImpl.java:setRole(174)) - 9c78032f-eba8-46d0-8c4d-d82b43c60fb9@group-9525F9C84F3F: changes role from CANDIDATE to LEADER at term 1 for changeToLeader
2019-09-26 10:06:05,742 [830a81b3-f833-43ed-8e64-f2525410bb9b@group-C40FAE9BC5B6:LeaderElection219] INFO  impl.RaftServerImpl (ServerState.java:setLeader(253)) - 830a81b3-f833-43ed-8e64-f2525410bb9b@group-C40FAE9BC5B6: change Leader from null to 830a81b3-f833-43ed-8e64-f2525410bb9b at term 1 for becomeLeader, leader elected after 10625ms
2019-09-26 10:06:05,742 [9c78032f-eba8-46d0-8c4d-d82b43c60fb9@group-9525F9C84F3F:LeaderElection218] INFO  impl.RaftServerImpl (ServerState.java:setLeader(253)) - 9c78032f-eba8-46d0-8c4d-d82b43c60fb9@group-9525F9C84F3F: change Leader from null to 9c78032f-eba8-46d0-8c4d-d82b43c60fb9 at term 1 for becomeLeader, leader elected after 10769ms
2019-09-26 10:06:05,743 [830a81b3-f833-43ed-8e64-f2525410bb9b@group-C40FAE9BC5B6:LeaderElection219] INFO  server.RaftServerConfigKeys (ConfUtils.java:logGet(43)) - raft.server.staging.catchup.gap = 1000 (default)
2019-09-26 10:06:05,743 [9c78032f-eba8-46d0-8c4d-d82b43c60fb9@group-9525F9C84F3F:LeaderElection218] INFO  server.RaftServerConfigKeys (ConfUtils.java:logGet(43)) - raft.server.staging.catchup.gap = 1000 (default)
2019-09-26 10:06:05,743 [830a81b3-f833-43ed-8e64-f2525410bb9b@group-C40FAE9BC5B6:LeaderElection219] INFO  server.RaftServerConfigKeys (ConfUtils.java:logGet(43)) - raft.server.rpc.sleep.time = 25ms (default)
2019-09-26 10:06:05,743 [9c78032f-eba8-46d0-8c4d-d82b43c60fb9@group-9525F9C84F3F:LeaderElection218] INFO  server.RaftServerConfigKeys (ConfUtils.java:logGet(43)) - raft.server.rpc.sleep.time = 25ms (default)
2019-09-26 10:06:05,743 [830a81b3-f833-43ed-8e64-f2525410bb9b@group-C40FAE9BC5B6:LeaderElection219] INFO  server.RaftServerConfigKeys (ConfUtils.java:logGet(43)) - raft.server.write.element-limit = 4096 (default)
2019-09-26 10:06:05,743 [9c78032f-eba8-46d0-8c4d-d82b43c60fb9@group-9525F9C84F3F:LeaderElection218] INFO  server.RaftServerConfigKeys (ConfUtils.java:logGet(43)) - raft.server.write.element-limit = 4096 (default)
2019-09-26 10:06:05,743 [830a81b3-f833-43ed-8e64-f2525410bb9b@group-C40FAE9BC5B6:LeaderElection219] INFO  server.RaftServerConfigKeys (ConfUtils.java:logGet(43)) - raft.server.watch.timeout = 10s (default)
2019-09-26 10:06:05,743 [9c78032f-eba8-46d0-8c4d-d82b43c60fb9@group-9525F9C84F3F:LeaderElection218] INFO  server.RaftServerConfigKeys (ConfUtils.java:logGet(43)) - raft.server.watch.timeout = 10s (default)
2019-09-26 10:06:05,743 [830a81b3-f833-43ed-8e64-f2525410bb9b@group-C40FAE9BC5B6:LeaderElection219] INFO  server.RaftServerConfigKeys (ConfUtils.java:logGet(43)) - raft.server.watch.timeout.denomination = 1s (default)
2019-09-26 10:06:05,743 [9c78032f-eba8-46d0-8c4d-d82b43c60fb9@group-9525F9C84F3F:LeaderElection218] INFO  server.RaftServerConfigKeys (ConfUtils.java:logGet(43)) - raft.server.watch.timeout.denomination = 1s (default)
2019-09-26 10:06:05,743 [830a81b3-f833-43ed-8e64-f2525410bb9b@group-C40FAE9BC5B6:LeaderElection219] INFO  server.RaftServerConfigKeys (ConfUtils.java:logGet(43)) - raft.server.watch.element-limit = 65536 (default)
2019-09-26 10:06:05,743 [9c78032f-eba8-46d0-8c4d-d82b43c60fb9@group-9525F9C84F3F:LeaderElection218] INFO  server.RaftServerConfigKeys (ConfUtils.java:logGet(43)) - raft.server.watch.element-limit = 65536 (default)
2019-09-26 10:06:05,745 [830a81b3-f833-43ed-8e64-f2525410bb9b@group-C40FAE9BC5B6:LeaderElection219] INFO  impl.RoleInfo (RoleInfo.java:updateAndGet(143)) - 830a81b3-f833-43ed-8e64-f2525410bb9b: start LeaderState
2019-09-26 10:06:05,745 [9c78032f-eba8-46d0-8c4d-d82b43c60fb9@group-9525F9C84F3F:LeaderElection218] INFO  impl.RoleInfo (RoleInfo.java:updateAndGet(143)) - 9c78032f-eba8-46d0-8c4d-d82b43c60fb9: start LeaderState
2019-09-26 10:06:05,745 [830a81b3-f833-43ed-8e64-f2525410bb9b@group-C40FAE9BC5B6:LeaderElection219] INFO  segmented.SegmentedRaftLogWorker (SegmentedRaftLogWorker.java:startLogSegment(380)) - 830a81b3-f833-43ed-8e64-f2525410bb9b@group-C40FAE9BC5B6-SegmentedRaftLogWorker: Starting segment from index:0
2019-09-26 10:06:05,745 [9c78032f-eba8-46d0-8c4d-d82b43c60fb9@group-9525F9C84F3F:LeaderElection218] INFO  segmented.SegmentedRaftLogWorker (SegmentedRaftLogWorker.java:startLogSegment(380)) - 9c78032f-eba8-46d0-8c4d-d82b43c60fb9@group-9525F9C84F3F-SegmentedRaftLogWorker: Starting segment from index:0
2019-09-26 10:06:05,746 [830a81b3-f833-43ed-8e64-f2525410bb9b@group-C40FAE9BC5B6:LeaderElection219] INFO  impl.RaftServerImpl (ServerState.java:setRaftConf(354)) - 830a81b3-f833-43ed-8e64-f2525410bb9b@group-C40FAE9BC5B6: set configuration 0: [830a81b3-f833-43ed-8e64-f2525410bb9b:192.168.30.13:33698], old=null at 0
2019-09-26 10:06:05,746 [9c78032f-eba8-46d0-8c4d-d82b43c60fb9@group-9525F9C84F3F:LeaderElection218] INFO  impl.RaftServerImpl (ServerState.java:setRaftConf(354)) - 9c78032f-eba8-46d0-8c4d-d82b43c60fb9@group-9525F9C84F3F: set configuration 0: [9c78032f-eba8-46d0-8c4d-d82b43c60fb9:192.168.30.13:33303], old=null at 0
2019-09-26 10:06:05,776 [830a81b3-f833-43ed-8e64-f2525410bb9b@group-C40FAE9BC5B6-SegmentedRaftLogWorker] INFO  segmented.SegmentedRaftLogWorker (SegmentedRaftLogWorker.java:execute(569)) - 830a81b3-f833-43ed-8e64-f2525410bb9b@group-C40FAE9BC5B6-SegmentedRaftLogWorker: created new log segment /workdir/hadoop-ozone/integration-test/target/test-dir/MiniOzoneClusterImpl-6f19b49f-1ba0-4037-80e1-640204793d9e/datanode-2/data/ratis/1491e708-47c6-4351-9ac4-c40fae9bc5b6/current/log_inprogress_0
2019-09-26 10:06:05,790 [9c78032f-eba8-46d0-8c4d-d82b43c60fb9@group-9525F9C84F3F-SegmentedRaftLogWorker] INFO  segmented.SegmentedRaftLogWorker (SegmentedRaftLogWorker.java:execute(569)) - 9c78032f-eba8-46d0-8c4d-d82b43c60fb9@group-9525F9C84F3F-SegmentedRaftLogWorker: created new log segment /workdir/hadoop-ozone/integration-test/target/test-dir/MiniOzoneClusterImpl-6f19b49f-1ba0-4037-80e1-640204793d9e/datanode-5/data/ratis/2d56a595-7f18-465b-8f9c-9525f9c84f3f/current/log_inprogress_0
2019-09-26 10:06:06,207 [main] INFO  ozoneimpl.OzoneContainer (OzoneContainer.java:stop(231)) - Attempting to stop container services.
2019-09-26 10:06:06,207 [ForkJoinPool.commonPool-worker-0] INFO  ozoneimpl.OzoneContainer (OzoneContainer.java:stop(231)) - Attempting to stop container services.
2019-09-26 10:06:06,208 [main] INFO  impl.RaftServerProxy (RaftServerProxy.java:lambda$close$4(314)) - db227204-214e-44d9-8d16-8c4813e40a58: close
2019-09-26 10:06:06,208 [ForkJoinPool.commonPool-worker-0] INFO  impl.RaftServerProxy (RaftServerProxy.java:lambda$close$4(314)) - 830a81b3-f833-43ed-8e64-f2525410bb9b: close
2019-09-26 10:06:06,209 [main] INFO  impl.RaftServerImpl (RaftServerImpl.java:lambda$shutdown$3(251)) - db227204-214e-44d9-8d16-8c4813e40a58@group-A6860FDD78C7: shutdown
2019-09-26 10:06:06,209 [ForkJoinPool.commonPool-worker-0] INFO  impl.RaftServerImpl (RaftServerImpl.java:lambda$shutdown$3(251)) - 830a81b3-f833-43ed-8e64-f2525410bb9b@group-FB76638FA5E6: shutdown
2019-09-26 10:06:06,209 [main] INFO  util.JmxRegister (JmxRegister.java:unregister(73)) - Successfully un-registered JMX Bean with object name Ratis:service=RaftServer,group=group-A6860FDD78C7,id=db227204-214e-44d9-8d16-8c4813e40a58
2019-09-26 10:06:06,210 [ForkJoinPool.commonPool-worker-0] INFO  util.JmxRegister (JmxRegister.java:unregister(73)) - Successfully un-registered JMX Bean with object name Ratis:service=RaftServer,group=group-FB76638FA5E6,id=830a81b3-f833-43ed-8e64-f2525410bb9b
2019-09-26 10:06:06,210 [main] INFO  impl.RoleInfo (RoleInfo.java:shutdownLeaderState(104)) - db227204-214e-44d9-8d16-8c4813e40a58: shutdown LeaderState
2019-09-26 10:06:06,210 [ForkJoinPool.commonPool-worker-0] INFO  impl.RoleInfo (RoleInfo.java:shutdownLeaderState(104)) - 830a81b3-f833-43ed-8e64-f2525410bb9b: shutdown LeaderState
2019-09-26 10:06:06,211 [main] INFO  impl.PendingRequests (PendingRequests.java:sendNotLeaderResponses(202)) - db227204-214e-44d9-8d16-8c4813e40a58-PendingRequests: sendNotLeaderResponses
2019-09-26 10:06:06,211 [ForkJoinPool.commonPool-worker-0] INFO  impl.PendingRequests (PendingRequests.java:sendNotLeaderResponses(202)) - 830a81b3-f833-43ed-8e64-f2525410bb9b-PendingRequests: sendNotLeaderResponses
2019-09-26 10:06:06,211 [main] INFO  impl.StateMachineUpdater (StateMachineUpdater.java:stopAndJoin(125)) - db227204-214e-44d9-8d16-8c4813e40a58@group-A6860FDD78C7-StateMachineUpdater: set stopIndex = 0
2019-09-26 10:06:06,211 [ForkJoinPool.commonPool-worker-0] INFO  impl.StateMachineUpdater (StateMachineUpdater.java:stopAndJoin(125)) - 830a81b3-f833-43ed-8e64-f2525410bb9b@group-FB76638FA5E6-StateMachineUpdater: set stopIndex = 0
2019-09-26 10:06:06,212 [main] INFO  impl.RaftServerImpl (ServerState.java:close(385)) - db227204-214e-44d9-8d16-8c4813e40a58@group-A6860FDD78C7: closes. applyIndex: 0
2019-09-26 10:06:06,212 [ForkJoinPool.commonPool-worker-0] INFO  impl.RaftServerImpl (ServerState.java:close(385)) - 830a81b3-f833-43ed-8e64-f2525410bb9b@group-FB76638FA5E6: closes. applyIndex: 0
2019-09-26 10:06:06,213 [db227204-214e-44d9-8d16-8c4813e40a58@group-A6860FDD78C7-SegmentedRaftLogWorker] INFO  segmented.SegmentedRaftLogWorker (SegmentedRaftLogWorker.java:run(313)) - db227204-214e-44d9-8d16-8c4813e40a58@group-A6860FDD78C7-SegmentedRaftLogWorker was interrupted, exiting. There are 0 tasks remaining in the queue.
2019-09-26 10:06:06,213 [830a81b3-f833-43ed-8e64-f2525410bb9b@group-FB76638FA5E6-SegmentedRaftLogWorker] INFO  segmented.SegmentedRaftLogWorker (SegmentedRaftLogWorker.java:run(313)) - 830a81b3-f833-43ed-8e64-f2525410bb9b@group-FB76638FA5E6-SegmentedRaftLogWorker was interrupted, exiting. There are 0 tasks remaining in the queue.
2019-09-26 10:06:06,229 [main] INFO  segmented.SegmentedRaftLogWorker (SegmentedRaftLogWorker.java:close(228)) - db227204-214e-44d9-8d16-8c4813e40a58@group-A6860FDD78C7-SegmentedRaftLogWorker close()
2019-09-26 10:06:06,229 [ForkJoinPool.commonPool-worker-0] INFO  segmented.SegmentedRaftLogWorker (SegmentedRaftLogWorker.java:close(228)) - 830a81b3-f833-43ed-8e64-f2525410bb9b@group-FB76638FA5E6-SegmentedRaftLogWorker close()
2019-09-26 10:06:06,235 [main] INFO  impl.RaftServerImpl (RaftServerImpl.java:lambda$shutdown$3(251)) - db227204-214e-44d9-8d16-8c4813e40a58@group-59F656B70023: shutdown
2019-09-26 10:06:06,237 [ForkJoinPool.commonPool-worker-0] INFO  impl.RaftServerImpl (RaftServerImpl.java:lambda$shutdown$3(251)) - 830a81b3-f833-43ed-8e64-f2525410bb9b@group-C40FAE9BC5B6: shutdown
2019-09-26 10:06:06,237 [ForkJoinPool.commonPool-worker-0] INFO  util.JmxRegister (JmxRegister.java:unregister(73)) - Successfully un-registered JMX Bean with object name Ratis:service=RaftServer,group=group-C40FAE9BC5B6,id=830a81b3-f833-43ed-8e64-f2525410bb9b
2019-09-26 10:06:06,238 [ForkJoinPool.commonPool-worker-0] INFO  impl.RoleInfo (RoleInfo.java:shutdownLeaderState(104)) - 830a81b3-f833-43ed-8e64-f2525410bb9b: shutdown LeaderState
2019-09-26 10:06:06,237 [main] INFO  util.JmxRegister (JmxRegister.java:unregister(73)) - Successfully un-registered JMX Bean with object name Ratis:service=RaftServer,group=group-59F656B70023,id=db227204-214e-44d9-8d16-8c4813e40a58
2019-09-26 10:06:06,238 [ForkJoinPool.commonPool-worker-0] INFO  impl.PendingRequests (PendingRequests.java:sendNotLeaderResponses(202)) - 830a81b3-f833-43ed-8e64-f2525410bb9b-PendingRequests: sendNotLeaderResponses
2019-09-26 10:06:06,238 [main] INFO  impl.RoleInfo (RoleInfo.java:shutdownLeaderState(104)) - db227204-214e-44d9-8d16-8c4813e40a58: shutdown LeaderState
2019-09-26 10:06:06,238 [ForkJoinPool.commonPool-worker-0] INFO  impl.StateMachineUpdater (StateMachineUpdater.java:stopAndJoin(125)) - 830a81b3-f833-43ed-8e64-f2525410bb9b@group-C40FAE9BC5B6-StateMachineUpdater: set stopIndex = 0
2019-09-26 10:06:06,239 [main] INFO  impl.PendingRequests (PendingRequests.java:sendNotLeaderResponses(202)) - db227204-214e-44d9-8d16-8c4813e40a58-PendingRequests: sendNotLeaderResponses
2019-09-26 10:06:06,239 [ForkJoinPool.commonPool-worker-0] INFO  impl.RaftServerImpl (ServerState.java:close(385)) - 830a81b3-f833-43ed-8e64-f2525410bb9b@group-C40FAE9BC5B6: closes. applyIndex: 0
2019-09-26 10:06:06,239 [main] INFO  impl.StateMachineUpdater (StateMachineUpdater.java:stopAndJoin(125)) - db227204-214e-44d9-8d16-8c4813e40a58@group-59F656B70023-StateMachineUpdater: set stopIndex = 0
2019-09-26 10:06:06,240 [830a81b3-f833-43ed-8e64-f2525410bb9b@group-C40FAE9BC5B6-SegmentedRaftLogWorker] INFO  segmented.SegmentedRaftLogWorker (SegmentedRaftLogWorker.java:run(313)) - 830a81b3-f833-43ed-8e64-f2525410bb9b@group-C40FAE9BC5B6-SegmentedRaftLogWorker was interrupted, exiting. There are 0 tasks remaining in the queue.
2019-09-26 10:06:06,240 [main] INFO  impl.RaftServerImpl (ServerState.java:close(385)) - db227204-214e-44d9-8d16-8c4813e40a58@group-59F656B70023: closes. applyIndex: 0
2019-09-26 10:06:06,240 [ForkJoinPool.commonPool-worker-0] INFO  segmented.SegmentedRaftLogWorker (SegmentedRaftLogWorker.java:close(228)) - 830a81b3-f833-43ed-8e64-f2525410bb9b@group-C40FAE9BC5B6-SegmentedRaftLogWorker close()
2019-09-26 10:06:06,240 [db227204-214e-44d9-8d16-8c4813e40a58@group-59F656B70023-SegmentedRaftLogWorker] INFO  segmented.SegmentedRaftLogWorker (SegmentedRaftLogWorker.java:run(313)) - db227204-214e-44d9-8d16-8c4813e40a58@group-59F656B70023-SegmentedRaftLogWorker was interrupted, exiting. There are 0 tasks remaining in the queue.
2019-09-26 10:06:06,243 [ForkJoinPool.commonPool-worker-0] INFO  impl.RaftServerImpl (RaftServerImpl.java:lambda$shutdown$3(251)) - 830a81b3-f833-43ed-8e64-f2525410bb9b@group-A363B3B010DA: shutdown
2019-09-26 10:06:06,243 [main] INFO  segmented.SegmentedRaftLogWorker (SegmentedRaftLogWorker.java:close(228)) - db227204-214e-44d9-8d16-8c4813e40a58@group-59F656B70023-SegmentedRaftLogWorker close()
2019-09-26 10:06:06,243 [ForkJoinPool.commonPool-worker-0] INFO  util.JmxRegister (JmxRegister.java:unregister(73)) - Successfully un-registered JMX Bean with object name Ratis:service=RaftServer,group=group-A363B3B010DA,id=830a81b3-f833-43ed-8e64-f2525410bb9b
2019-09-26 10:06:06,245 [main] INFO  impl.RaftServerImpl (RaftServerImpl.java:lambda$shutdown$3(251)) - db227204-214e-44d9-8d16-8c4813e40a58@group-65006520ADF8: shutdown
2019-09-26 10:06:06,245 [ForkJoinPool.commonPool-worker-0] INFO  impl.RoleInfo (RoleInfo.java:shutdownLeaderState(104)) - 830a81b3-f833-43ed-8e64-f2525410bb9b: shutdown LeaderState
2019-09-26 10:06:06,246 [main] INFO  util.JmxRegister (JmxRegister.java:unregister(73)) - Successfully un-registered JMX Bean with object name Ratis:service=RaftServer,group=group-65006520ADF8,id=db227204-214e-44d9-8d16-8c4813e40a58
2019-09-26 10:06:06,246 [main] INFO  impl.RoleInfo (RoleInfo.java:shutdownLeaderState(104)) - db227204-214e-44d9-8d16-8c4813e40a58: shutdown LeaderState
2019-09-26 10:06:06,246 [ForkJoinPool.commonPool-worker-0] INFO  impl.PendingRequests (PendingRequests.java:sendNotLeaderResponses(202)) - 830a81b3-f833-43ed-8e64-f2525410bb9b-PendingRequests: sendNotLeaderResponses
2019-09-26 10:06:06,247 [main] INFO  impl.PendingRequests (PendingRequests.java:sendNotLeaderResponses(202)) - db227204-214e-44d9-8d16-8c4813e40a58-PendingRequests: sendNotLeaderResponses
2019-09-26 10:06:06,247 [ForkJoinPool.commonPool-worker-0] INFO  impl.StateMachineUpdater (StateMachineUpdater.java:stopAndJoin(125)) - 830a81b3-f833-43ed-8e64-f2525410bb9b@group-A363B3B010DA-StateMachineUpdater: set stopIndex = 0
2019-09-26 10:06:06,247 [main] INFO  impl.StateMachineUpdater (StateMachineUpdater.java:stopAndJoin(125)) - db227204-214e-44d9-8d16-8c4813e40a58@group-65006520ADF8-StateMachineUpdater: set stopIndex = 0
2019-09-26 10:06:06,247 [ForkJoinPool.commonPool-worker-0] INFO  impl.RaftServerImpl (ServerState.java:close(385)) - 830a81b3-f833-43ed-8e64-f2525410bb9b@group-A363B3B010DA: closes. applyIndex: 0
2019-09-26 10:06:06,248 [main] INFO  impl.RaftServerImpl (ServerState.java:close(385)) - db227204-214e-44d9-8d16-8c4813e40a58@group-65006520ADF8: closes. applyIndex: 0
2019-09-26 10:06:06,248 [830a81b3-f833-43ed-8e64-f2525410bb9b@group-A363B3B010DA-SegmentedRaftLogWorker] INFO  segmented.SegmentedRaftLogWorker (SegmentedRaftLogWorker.java:run(313)) - 830a81b3-f833-43ed-8e64-f2525410bb9b@group-A363B3B010DA-SegmentedRaftLogWorker was interrupted, exiting. There are 0 tasks remaining in the queue.
2019-09-26 10:06:06,248 [db227204-214e-44d9-8d16-8c4813e40a58@group-65006520ADF8-SegmentedRaftLogWorker] INFO  segmented.SegmentedRaftLogWorker (SegmentedRaftLogWorker.java:run(313)) - db227204-214e-44d9-8d16-8c4813e40a58@group-65006520ADF8-SegmentedRaftLogWorker was interrupted, exiting. There are 0 tasks remaining in the queue.
2019-09-26 10:06:06,249 [ForkJoinPool.commonPool-worker-0] INFO  segmented.SegmentedRaftLogWorker (SegmentedRaftLogWorker.java:close(228)) - 830a81b3-f833-43ed-8e64-f2525410bb9b@group-A363B3B010DA-SegmentedRaftLogWorker close()
2019-09-26 10:06:06,249 [main] INFO  segmented.SegmentedRaftLogWorker (SegmentedRaftLogWorker.java:close(228)) - db227204-214e-44d9-8d16-8c4813e40a58@group-65006520ADF8-SegmentedRaftLogWorker close()
2019-09-26 10:06:06,251 [ForkJoinPool.commonPool-worker-0] INFO  impl.RaftServerImpl (RaftServerImpl.java:lambda$shutdown$3(251)) - 830a81b3-f833-43ed-8e64-f2525410bb9b@group-2B44FA5EDFA2: shutdown
2019-09-26 10:06:06,253 [main] INFO  impl.RaftServerImpl (RaftServerImpl.java:lambda$shutdown$3(251)) - db227204-214e-44d9-8d16-8c4813e40a58@group-5F79CCFAC190: shutdown
2019-09-26 10:06:06,253 [ForkJoinPool.commonPool-worker-0] INFO  util.JmxRegister (JmxRegister.java:unregister(73)) - Successfully un-registered JMX Bean with object name Ratis:service=RaftServer,group=group-2B44FA5EDFA2,id=830a81b3-f833-43ed-8e64-f2525410bb9b
2019-09-26 10:06:06,253 [main] INFO  util.JmxRegister (JmxRegister.java:unregister(73)) - Successfully un-registered JMX Bean with object name Ratis:service=RaftServer,group=group-5F79CCFAC190,id=db227204-214e-44d9-8d16-8c4813e40a58
2019-09-26 10:06:06,253 [ForkJoinPool.commonPool-worker-0] INFO  impl.RoleInfo (RoleInfo.java:shutdownLeaderState(104)) - 830a81b3-f833-43ed-8e64-f2525410bb9b: shutdown LeaderState
2019-09-26 10:06:06,254 [main] INFO  impl.RoleInfo (RoleInfo.java:shutdownLeaderState(104)) - db227204-214e-44d9-8d16-8c4813e40a58: shutdown LeaderState
2019-09-26 10:06:06,254 [ForkJoinPool.commonPool-worker-0] INFO  impl.PendingRequests (PendingRequests.java:sendNotLeaderResponses(202)) - 830a81b3-f833-43ed-8e64-f2525410bb9b-PendingRequests: sendNotLeaderResponses
2019-09-26 10:06:06,254 [main] INFO  impl.PendingRequests (PendingRequests.java:sendNotLeaderResponses(202)) - db227204-214e-44d9-8d16-8c4813e40a58-PendingRequests: sendNotLeaderResponses
2019-09-26 10:06:06,254 [ForkJoinPool.commonPool-worker-0] INFO  impl.StateMachineUpdater (StateMachineUpdater.java:stopAndJoin(125)) - 830a81b3-f833-43ed-8e64-f2525410bb9b@group-2B44FA5EDFA2-StateMachineUpdater: set stopIndex = 0
2019-09-26 10:06:06,255 [main] INFO  impl.StateMachineUpdater (StateMachineUpdater.java:stopAndJoin(125)) - db227204-214e-44d9-8d16-8c4813e40a58@group-5F79CCFAC190-StateMachineUpdater: set stopIndex = 0
2019-09-26 10:06:06,255 [ForkJoinPool.commonPool-worker-0] INFO  impl.RaftServerImpl (ServerState.java:close(385)) - 830a81b3-f833-43ed-8e64-f2525410bb9b@group-2B44FA5EDFA2: closes. applyIndex: 0
2019-09-26 10:06:06,255 [main] INFO  impl.RaftServerImpl (ServerState.java:close(385)) - db227204-214e-44d9-8d16-8c4813e40a58@group-5F79CCFAC190: closes. applyIndex: 0
2019-09-26 10:06:06,255 [830a81b3-f833-43ed-8e64-f2525410bb9b@group-2B44FA5EDFA2-SegmentedRaftLogWorker] INFO  segmented.SegmentedRaftLogWorker (SegmentedRaftLogWorker.java:run(313)) - 830a81b3-f833-43ed-8e64-f2525410bb9b@group-2B44FA5EDFA2-SegmentedRaftLogWorker was interrupted, exiting. There are 0 tasks remaining in the queue.
2019-09-26 10:06:06,255 [db227204-214e-44d9-8d16-8c4813e40a58@group-5F79CCFAC190-SegmentedRaftLogWorker] INFO  segmented.SegmentedRaftLogWorker (SegmentedRaftLogWorker.java:run(313)) - db227204-214e-44d9-8d16-8c4813e40a58@group-5F79CCFAC190-SegmentedRaftLogWorker was interrupted, exiting. There are 0 tasks remaining in the queue.
2019-09-26 10:06:06,255 [ForkJoinPool.commonPool-worker-0] INFO  segmented.SegmentedRaftLogWorker (SegmentedRaftLogWorker.java:close(228)) - 830a81b3-f833-43ed-8e64-f2525410bb9b@group-2B44FA5EDFA2-SegmentedRaftLogWorker close()
2019-09-26 10:06:06,255 [main] INFO  segmented.SegmentedRaftLogWorker (SegmentedRaftLogWorker.java:close(228)) - db227204-214e-44d9-8d16-8c4813e40a58@group-5F79CCFAC190-SegmentedRaftLogWorker close()
2019-09-26 10:06:06,257 [ForkJoinPool.commonPool-worker-0] INFO  impl.RaftServerImpl (RaftServerImpl.java:lambda$shutdown$3(251)) - 830a81b3-f833-43ed-8e64-f2525410bb9b@group-741DB518E1DD: shutdown
2019-09-26 10:06:06,258 [ForkJoinPool.commonPool-worker-0] INFO  util.JmxRegister (JmxRegister.java:unregister(73)) - Successfully un-registered JMX Bean with object name Ratis:service=RaftServer,group=group-741DB518E1DD,id=830a81b3-f833-43ed-8e64-f2525410bb9b
2019-09-26 10:06:06,258 [ForkJoinPool.commonPool-worker-0] INFO  impl.RoleInfo (RoleInfo.java:shutdownLeaderState(104)) - 830a81b3-f833-43ed-8e64-f2525410bb9b: shutdown LeaderState
2019-09-26 10:06:06,258 [ForkJoinPool.commonPool-worker-0] INFO  impl.PendingRequests (PendingRequests.java:sendNotLeaderResponses(202)) - 830a81b3-f833-43ed-8e64-f2525410bb9b-PendingRequests: sendNotLeaderResponses
2019-09-26 10:06:06,258 [ForkJoinPool.commonPool-worker-0] INFO  impl.StateMachineUpdater (StateMachineUpdater.java:stopAndJoin(125)) - 830a81b3-f833-43ed-8e64-f2525410bb9b@group-741DB518E1DD-StateMachineUpdater: set stopIndex = 0
2019-09-26 10:06:06,258 [ForkJoinPool.commonPool-worker-0] INFO  impl.RaftServerImpl (ServerState.java:close(385)) - 830a81b3-f833-43ed-8e64-f2525410bb9b@group-741DB518E1DD: closes. applyIndex: 0
2019-09-26 10:06:06,260 [main] INFO  impl.RaftServerImpl (RaftServerImpl.java:lambda$shutdown$3(251)) - db227204-214e-44d9-8d16-8c4813e40a58@group-AE89F291BCEF: shutdown
2019-09-26 10:06:06,260 [830a81b3-f833-43ed-8e64-f2525410bb9b@group-741DB518E1DD-SegmentedRaftLogWorker] INFO  segmented.SegmentedRaftLogWorker (SegmentedRaftLogWorker.java:run(313)) - 830a81b3-f833-43ed-8e64-f2525410bb9b@group-741DB518E1DD-SegmentedRaftLogWorker was interrupted, exiting. There are 0 tasks remaining in the queue.
2019-09-26 10:06:06,261 [main] INFO  util.JmxRegister (JmxRegister.java:unregister(73)) - Successfully un-registered JMX Bean with object name Ratis:service=RaftServer,group=group-AE89F291BCEF,id=db227204-214e-44d9-8d16-8c4813e40a58
2019-09-26 10:06:06,261 [ForkJoinPool.commonPool-worker-0] INFO  segmented.SegmentedRaftLogWorker (SegmentedRaftLogWorker.java:close(228)) - 830a81b3-f833-43ed-8e64-f2525410bb9b@group-741DB518E1DD-SegmentedRaftLogWorker close()
2019-09-26 10:06:06,261 [main] INFO  impl.RoleInfo (RoleInfo.java:shutdownLeaderState(104)) - db227204-214e-44d9-8d16-8c4813e40a58: shutdown LeaderState
2019-09-26 10:06:06,263 [ForkJoinPool.commonPool-worker-0] INFO  impl.RaftServerImpl (RaftServerImpl.java:lambda$shutdown$3(251)) - 830a81b3-f833-43ed-8e64-f2525410bb9b@group-891DE8ADDF7F: shutdown
2019-09-26 10:06:06,263 [main] INFO  impl.PendingRequests (PendingRequests.java:sendNotLeaderResponses(202)) - db227204-214e-44d9-8d16-8c4813e40a58-PendingRequests: sendNotLeaderResponses
2019-09-26 10:06:06,263 [ForkJoinPool.commonPool-worker-0] INFO  util.JmxRegister (JmxRegister.java:unregister(73)) - Successfully un-registered JMX Bean with object name Ratis:service=RaftServer,group=group-891DE8ADDF7F,id=830a81b3-f833-43ed-8e64-f2525410bb9b
2019-09-26 10:06:06,264 [main] INFO  impl.StateMachineUpdater (StateMachineUpdater.java:stopAndJoin(125)) - db227204-214e-44d9-8d16-8c4813e40a58@group-AE89F291BCEF-StateMachineUpdater: set stopIndex = 0
2019-09-26 10:06:06,264 [ForkJoinPool.commonPool-worker-0] INFO  impl.RoleInfo (RoleInfo.java:shutdownLeaderState(104)) - 830a81b3-f833-43ed-8e64-f2525410bb9b: shutdown LeaderState
2019-09-26 10:06:06,264 [main] INFO  impl.RaftServerImpl (ServerState.java:close(385)) - db227204-214e-44d9-8d16-8c4813e40a58@group-AE89F291BCEF: closes. applyIndex: 0
2019-09-26 10:06:06,264 [ForkJoinPool.commonPool-worker-0] INFO  impl.PendingRequests (PendingRequests.java:sendNotLeaderResponses(202)) - 830a81b3-f833-43ed-8e64-f2525410bb9b-PendingRequests: sendNotLeaderResponses
2019-09-26 10:06:06,264 [db227204-214e-44d9-8d16-8c4813e40a58@group-AE89F291BCEF-SegmentedRaftLogWorker] INFO  segmented.SegmentedRaftLogWorker (SegmentedRaftLogWorker.java:run(313)) - db227204-214e-44d9-8d16-8c4813e40a58@group-AE89F291BCEF-SegmentedRaftLogWorker was interrupted, exiting. There are 0 tasks remaining in the queue.
2019-09-26 10:06:06,265 [ForkJoinPool.commonPool-worker-0] INFO  impl.StateMachineUpdater (StateMachineUpdater.java:stopAndJoin(125)) - 830a81b3-f833-43ed-8e64-f2525410bb9b@group-891DE8ADDF7F-StateMachineUpdater: set stopIndex = 0
2019-09-26 10:06:06,265 [main] INFO  segmented.SegmentedRaftLogWorker (SegmentedRaftLogWorker.java:close(228)) - db227204-214e-44d9-8d16-8c4813e40a58@group-AE89F291BCEF-SegmentedRaftLogWorker close()
2019-09-26 10:06:06,265 [ForkJoinPool.commonPool-worker-0] INFO  impl.RaftServerImpl (ServerState.java:close(385)) - 830a81b3-f833-43ed-8e64-f2525410bb9b@group-891DE8ADDF7F: closes. applyIndex: 0
2019-09-26 10:06:06,269 [main] INFO  impl.RaftServerImpl (RaftServerImpl.java:lambda$shutdown$3(251)) - db227204-214e-44d9-8d16-8c4813e40a58@group-A86122BD5EA9: shutdown
2019-09-26 10:06:06,269 [830a81b3-f833-43ed-8e64-f2525410bb9b@group-891DE8ADDF7F-SegmentedRaftLogWorker] INFO  segmented.SegmentedRaftLogWorker (SegmentedRaftLogWorker.java:run(313)) - 830a81b3-f833-43ed-8e64-f2525410bb9b@group-891DE8ADDF7F-SegmentedRaftLogWorker was interrupted, exiting. There are 0 tasks remaining in the queue.
2019-09-26 10:06:06,269 [main] INFO  util.JmxRegister (JmxRegister.java:unregister(73)) - Successfully un-registered JMX Bean with object name Ratis:service=RaftServer,group=group-A86122BD5EA9,id=db227204-214e-44d9-8d16-8c4813e40a58
2019-09-26 10:06:06,269 [ForkJoinPool.commonPool-worker-0] INFO  segmented.SegmentedRaftLogWorker (SegmentedRaftLogWorker.java:close(228)) - 830a81b3-f833-43ed-8e64-f2525410bb9b@group-891DE8ADDF7F-SegmentedRaftLogWorker close()
2019-09-26 10:06:06,269 [main] INFO  impl.RoleInfo (RoleInfo.java:shutdownLeaderState(104)) - db227204-214e-44d9-8d16-8c4813e40a58: shutdown LeaderState
2019-09-26 10:06:06,271 [ForkJoinPool.commonPool-worker-0] INFO  server.GrpcService (GrpcService.java:closeImpl(164)) - 830a81b3-f833-43ed-8e64-f2525410bb9b: shutdown server with port 33698 now
2019-09-26 10:06:06,271 [main] INFO  impl.PendingRequests (PendingRequests.java:sendNotLeaderResponses(202)) - db227204-214e-44d9-8d16-8c4813e40a58-PendingRequests: sendNotLeaderResponses
2019-09-26 10:06:06,273 [ForkJoinPool.commonPool-worker-0] INFO  server.GrpcService (GrpcService.java:closeImpl(172)) - 830a81b3-f833-43ed-8e64-f2525410bb9b: shutdown server with port 33698 successfully
2019-09-26 10:06:06,274 [main] INFO  impl.StateMachineUpdater (StateMachineUpdater.java:stopAndJoin(125)) - db227204-214e-44d9-8d16-8c4813e40a58@group-A86122BD5EA9-StateMachineUpdater: set stopIndex = 0
2019-09-26 10:06:06,274 [main] INFO  impl.RaftServerImpl (ServerState.java:close(385)) - db227204-214e-44d9-8d16-8c4813e40a58@group-A86122BD5EA9: closes. applyIndex: 0
2019-09-26 10:06:06,275 [db227204-214e-44d9-8d16-8c4813e40a58@group-A86122BD5EA9-SegmentedRaftLogWorker] INFO  segmented.SegmentedRaftLogWorker (SegmentedRaftLogWorker.java:run(313)) - db227204-214e-44d9-8d16-8c4813e40a58@group-A86122BD5EA9-SegmentedRaftLogWorker was interrupted, exiting. There are 0 tasks remaining in the queue.
2019-09-26 10:06:06,275 [main] INFO  segmented.SegmentedRaftLogWorker (SegmentedRaftLogWorker.java:close(228)) - db227204-214e-44d9-8d16-8c4813e40a58@group-A86122BD5EA9-SegmentedRaftLogWorker close()
2019-09-26 10:06:06,277 [main] INFO  server.GrpcService (GrpcService.java:closeImpl(164)) - db227204-214e-44d9-8d16-8c4813e40a58: shutdown server with port 35682 now
2019-09-26 10:06:06,278 [refreshUsed-/workdir/hadoop-ozone/integration-test/target/test-dir/MiniOzoneClusterImpl-6f19b49f-1ba0-4037-80e1-640204793d9e/datanode-2/data/containers] WARN  fs.CachingGetSpaceUsed (CachingGetSpaceUsed.java:run(183)) - Thread Interrupted waiting to refresh disk information: sleep interrupted
2019-09-26 10:06:06,280 [main] INFO  server.GrpcService (GrpcService.java:closeImpl(172)) - db227204-214e-44d9-8d16-8c4813e40a58: shutdown server with port 35682 successfully
2019-09-26 10:06:06,282 [refreshUsed-/workdir/hadoop-ozone/integration-test/target/test-dir/MiniOzoneClusterImpl-6f19b49f-1ba0-4037-80e1-640204793d9e/datanode-3/data/containers] WARN  fs.CachingGetSpaceUsed (CachingGetSpaceUsed.java:run(183)) - Thread Interrupted waiting to refresh disk information: sleep interrupted
2019-09-26 10:06:06,291 [ForkJoinPool.commonPool-worker-0] INFO  utils.BackgroundService (BackgroundService.java:shutdown(148)) - Shutting down service BlockDeletingService
2019-09-26 10:06:06,297 [ForkJoinPool.commonPool-worker-0] INFO  statemachine.DatanodeStateMachine (DatanodeStateMachine.java:stopDaemon(395)) - Ozone container server stopped.
2019-09-26 10:06:06,302 [ForkJoinPool.commonPool-worker-0] INFO  handler.ContextHandler (ContextHandler.java:doStop(910)) - Stopped o.e.j.w.WebAppContext@49491770{/,null,UNAVAILABLE}{/hddsDatanode}
2019-09-26 10:06:06,303 [main] INFO  utils.BackgroundService (BackgroundService.java:shutdown(148)) - Shutting down service BlockDeletingService
2019-09-26 10:06:06,303 [ForkJoinPool.commonPool-worker-0] INFO  server.AbstractConnector (AbstractConnector.java:doStop(318)) - Stopped ServerConnector@5bec3e0{HTTP/1.1,[http/1.1]}{0.0.0.0:0}
2019-09-26 10:06:06,307 [ForkJoinPool.commonPool-worker-0] INFO  handler.ContextHandler (ContextHandler.java:doStop(910)) - Stopped o.e.j.s.ServletContextHandler@3cc9632d{/static,jar:file:/home/user/.m2/repository/org/apache/hadoop/hadoop-hdds-container-service/0.5.0-SNAPSHOT/hadoop-hdds-container-service-0.5.0-SNAPSHOT.jar!/webapps/static,UNAVAILABLE}
2019-09-26 10:06:06,309 [ForkJoinPool.commonPool-worker-0] INFO  handler.ContextHandler (ContextHandler.java:doStop(910)) - Stopped o.e.j.s.ServletContextHandler@45bbc52f{/logs,file:///workdir/hadoop-ozone/integration-test/target/log,UNAVAILABLE}
2019-09-26 10:06:06,311 [main] INFO  statemachine.DatanodeStateMachine (DatanodeStateMachine.java:stopDaemon(395)) - Ozone container server stopped.
2019-09-26 10:06:06,312 [main] INFO  handler.ContextHandler (ContextHandler.java:doStop(910)) - Stopped o.e.j.w.WebAppContext@7767bd4e{/,null,UNAVAILABLE}{/hddsDatanode}
2019-09-26 10:06:06,312 [main] INFO  server.AbstractConnector (AbstractConnector.java:doStop(318)) - Stopped ServerConnector@7708b66a{HTTP/1.1,[http/1.1]}{0.0.0.0:0}
2019-09-26 10:06:06,313 [main] INFO  handler.ContextHandler (ContextHandler.java:doStop(910)) - Stopped o.e.j.s.ServletContextHandler@7d7ceca8{/static,jar:file:/home/user/.m2/repository/org/apache/hadoop/hadoop-hdds-container-service/0.5.0-SNAPSHOT/hadoop-hdds-container-service-0.5.0-SNAPSHOT.jar!/webapps/static,UNAVAILABLE}
2019-09-26 10:06:06,313 [main] INFO  handler.ContextHandler (ContextHandler.java:doStop(910)) - Stopped o.e.j.s.ServletContextHandler@65bd19bf{/logs,file:///workdir/hadoop-ozone/integration-test/target/log,UNAVAILABLE}
2019-09-26 10:06:06,535 [Datanode State Machine Thread - 0] INFO  statemachine.DatanodeStateMachine (DatanodeStateMachine.java:lambda$startDaemon$0(350)) - Ozone container server started.
2019-09-26 10:06:06,544 [Datanode State Machine Thread - 0] INFO  statemachine.DatanodeStateMachine (DatanodeStateMachine.java:lambda$startDaemon$0(350)) - Ozone container server started.
2019-09-26 10:06:10,612 [EventQueue-StaleNodeForStaleNodeHandler] INFO  node.StaleNodeHandler (StaleNodeHandler.java:onMessage(58)) - Datanode 78fc6c82-4831-4601-bfbf-c281d6d238b7{ip: 192.168.30.13, host: pr-hdds-1569-wvzgm-824869521, networkLocation: /default-rack, certSerialId: null} moved to stale state. Finalizing its pipelines [PipelineID=1673e1be-924f-4a32-bbcf-6a92ca8da770, PipelineID=a419f8a2-5344-445b-9826-ceb6460525a2, PipelineID=8a17aee4-b4fd-43cd-b6ac-f4074985ddae, PipelineID=aa2011fa-790e-42ec-9d06-970024d6b6eb, PipelineID=d8820f0e-569f-4364-9247-d0a70f3da48f, PipelineID=733e27fa-5432-49fd-b932-784f541ca264]
2019-09-26 10:06:10,613 [EventQueue-StaleNodeForStaleNodeHandler] INFO  pipeline.SCMPipelineManager (SCMPipelineManager.java:finalizeAndDestroyPipeline(316)) - destroying pipeline:Pipeline[ Id: 1673e1be-924f-4a32-bbcf-6a92ca8da770, Nodes: 78fc6c82-4831-4601-bfbf-c281d6d238b7{ip: 192.168.30.13, host: pr-hdds-1569-wvzgm-824869521, networkLocation: /default-rack, certSerialId: null}, Type:RATIS, Factor:ONE, State:OPEN]
2019-09-26 10:06:10,613 [EventQueue-StaleNodeForStaleNodeHandler] INFO  pipeline.PipelineStateManager (PipelineStateManager.java:finalizePipeline(123)) - Pipeline Pipeline[ Id: 1673e1be-924f-4a32-bbcf-6a92ca8da770, Nodes: 78fc6c82-4831-4601-bfbf-c281d6d238b7{ip: 192.168.30.13, host: pr-hdds-1569-wvzgm-824869521, networkLocation: /default-rack, certSerialId: null}, Type:RATIS, Factor:ONE, State:CLOSED] moved to CLOSED state
2019-09-26 10:06:10,613 [EventQueue-StaleNodeForStaleNodeHandler] INFO  pipeline.SCMPipelineManager (SCMPipelineManager.java:finalizeAndDestroyPipeline(316)) - destroying pipeline:Pipeline[ Id: a419f8a2-5344-445b-9826-ceb6460525a2, Nodes: 78fc6c82-4831-4601-bfbf-c281d6d238b7{ip: 192.168.30.13, host: pr-hdds-1569-wvzgm-824869521, networkLocation: /default-rack, certSerialId: null}, Type:RATIS, Factor:ONE, State:OPEN]
2019-09-26 10:06:10,613 [EventQueue-StaleNodeForStaleNodeHandler] INFO  pipeline.PipelineStateManager (PipelineStateManager.java:finalizePipeline(123)) - Pipeline Pipeline[ Id: a419f8a2-5344-445b-9826-ceb6460525a2, Nodes: 78fc6c82-4831-4601-bfbf-c281d6d238b7{ip: 192.168.30.13, host: pr-hdds-1569-wvzgm-824869521, networkLocation: /default-rack, certSerialId: null}, Type:RATIS, Factor:ONE, State:CLOSED] moved to CLOSED state
2019-09-26 10:06:10,613 [EventQueue-StaleNodeForStaleNodeHandler] INFO  pipeline.SCMPipelineManager (SCMPipelineManager.java:finalizeAndDestroyPipeline(316)) - destroying pipeline:Pipeline[ Id: 8a17aee4-b4fd-43cd-b6ac-f4074985ddae, Nodes: 78fc6c82-4831-4601-bfbf-c281d6d238b7{ip: 192.168.30.13, host: pr-hdds-1569-wvzgm-824869521, networkLocation: /default-rack, certSerialId: null}, Type:RATIS, Factor:ONE, State:OPEN]
2019-09-26 10:06:10,614 [EventQueue-StaleNodeForStaleNodeHandler] INFO  pipeline.PipelineStateManager (PipelineStateManager.java:finalizePipeline(123)) - Pipeline Pipeline[ Id: 8a17aee4-b4fd-43cd-b6ac-f4074985ddae, Nodes: 78fc6c82-4831-4601-bfbf-c281d6d238b7{ip: 192.168.30.13, host: pr-hdds-1569-wvzgm-824869521, networkLocation: /default-rack, certSerialId: null}, Type:RATIS, Factor:ONE, State:CLOSED] moved to CLOSED state
2019-09-26 10:06:10,614 [EventQueue-StaleNodeForStaleNodeHandler] INFO  pipeline.SCMPipelineManager (SCMPipelineManager.java:finalizeAndDestroyPipeline(316)) - destroying pipeline:Pipeline[ Id: aa2011fa-790e-42ec-9d06-970024d6b6eb, Nodes: 78fc6c82-4831-4601-bfbf-c281d6d238b7{ip: 192.168.30.13, host: pr-hdds-1569-wvzgm-824869521, networkLocation: /default-rack, certSerialId: null}, Type:RATIS, Factor:ONE, State:OPEN]
2019-09-26 10:06:10,614 [EventQueue-StaleNodeForStaleNodeHandler] INFO  pipeline.PipelineStateManager (PipelineStateManager.java:finalizePipeline(123)) - Pipeline Pipeline[ Id: aa2011fa-790e-42ec-9d06-970024d6b6eb, Nodes: 78fc6c82-4831-4601-bfbf-c281d6d238b7{ip: 192.168.30.13, host: pr-hdds-1569-wvzgm-824869521, networkLocation: /default-rack, certSerialId: null}, Type:RATIS, Factor:ONE, State:CLOSED] moved to CLOSED state
2019-09-26 10:06:10,614 [EventQueue-StaleNodeForStaleNodeHandler] INFO  pipeline.SCMPipelineManager (SCMPipelineManager.java:finalizeAndDestroyPipeline(316)) - destroying pipeline:Pipeline[ Id: d8820f0e-569f-4364-9247-d0a70f3da48f, Nodes: 78fc6c82-4831-4601-bfbf-c281d6d238b7{ip: 192.168.30.13, host: pr-hdds-1569-wvzgm-824869521, networkLocation: /default-rack, certSerialId: null}, Type:RATIS, Factor:ONE, State:OPEN]
2019-09-26 10:06:10,614 [EventQueue-StaleNodeForStaleNodeHandler] INFO  pipeline.PipelineStateManager (PipelineStateManager.java:finalizePipeline(123)) - Pipeline Pipeline[ Id: d8820f0e-569f-4364-9247-d0a70f3da48f, Nodes: 78fc6c82-4831-4601-bfbf-c281d6d238b7{ip: 192.168.30.13, host: pr-hdds-1569-wvzgm-824869521, networkLocation: /default-rack, certSerialId: null}, Type:RATIS, Factor:ONE, State:CLOSED] moved to CLOSED state
2019-09-26 10:06:10,614 [EventQueue-StaleNodeForStaleNodeHandler] INFO  pipeline.SCMPipelineManager (SCMPipelineManager.java:finalizeAndDestroyPipeline(316)) - destroying pipeline:Pipeline[ Id: 733e27fa-5432-49fd-b932-784f541ca264, Nodes: 78fc6c82-4831-4601-bfbf-c281d6d238b7{ip: 192.168.30.13, host: pr-hdds-1569-wvzgm-824869521, networkLocation: /default-rack, certSerialId: null}, Type:RATIS, Factor:ONE, State:OPEN]
2019-09-26 10:06:10,614 [EventQueue-StaleNodeForStaleNodeHandler] INFO  pipeline.PipelineStateManager (PipelineStateManager.java:finalizePipeline(123)) - Pipeline Pipeline[ Id: 733e27fa-5432-49fd-b932-784f541ca264, Nodes: 78fc6c82-4831-4601-bfbf-c281d6d238b7{ip: 192.168.30.13, host: pr-hdds-1569-wvzgm-824869521, networkLocation: /default-rack, certSerialId: null}, Type:RATIS, Factor:ONE, State:CLOSED] moved to CLOSED state
2019-09-26 10:06:10,614 [EventQueue-StaleNodeForStaleNodeHandler] INFO  node.StaleNodeHandler (StaleNodeHandler.java:onMessage(58)) - Datanode c48e9c41-2800-44a2-9011-d3474aeafd5c{ip: 192.168.30.13, host: pr-hdds-1569-wvzgm-824869521, networkLocation: /default-rack, certSerialId: null} moved to stale state. Finalizing its pipelines [PipelineID=ff7d8814-d6e5-4272-ba77-d2aa8a8376d2, PipelineID=1ea0330a-27c2-45a6-8f6c-fd60c31c1eba, PipelineID=b26a89ee-8037-4910-b6aa-192e70ce273d, PipelineID=58073bd2-27e3-45fe-9eef-1ff218c2b17f, PipelineID=107d699f-1be6-41b1-9e17-8f5e0ecb4ccf, PipelineID=67b72dd2-a882-48ca-bde8-fdada99b783d]
2019-09-26 10:06:10,615 [EventQueue-StaleNodeForStaleNodeHandler] INFO  pipeline.SCMPipelineManager (SCMPipelineManager.java:finalizeAndDestroyPipeline(316)) - destroying pipeline:Pipeline[ Id: ff7d8814-d6e5-4272-ba77-d2aa8a8376d2, Nodes: c48e9c41-2800-44a2-9011-d3474aeafd5c{ip: 192.168.30.13, host: pr-hdds-1569-wvzgm-824869521, networkLocation: /default-rack, certSerialId: null}, Type:RATIS, Factor:ONE, State:OPEN]
2019-09-26 10:06:10,615 [EventQueue-StaleNodeForStaleNodeHandler] INFO  pipeline.PipelineStateManager (PipelineStateManager.java:finalizePipeline(123)) - Pipeline Pipeline[ Id: ff7d8814-d6e5-4272-ba77-d2aa8a8376d2, Nodes: c48e9c41-2800-44a2-9011-d3474aeafd5c{ip: 192.168.30.13, host: pr-hdds-1569-wvzgm-824869521, networkLocation: /default-rack, certSerialId: null}, Type:RATIS, Factor:ONE, State:CLOSED] moved to CLOSED state
2019-09-26 10:06:10,615 [EventQueue-StaleNodeForStaleNodeHandler] INFO  pipeline.SCMPipelineManager (SCMPipelineManager.java:finalizeAndDestroyPipeline(316)) - destroying pipeline:Pipeline[ Id: 1ea0330a-27c2-45a6-8f6c-fd60c31c1eba, Nodes: c48e9c41-2800-44a2-9011-d3474aeafd5c{ip: 192.168.30.13, host: pr-hdds-1569-wvzgm-824869521, networkLocation: /default-rack, certSerialId: null}, Type:RATIS, Factor:ONE, State:OPEN]
2019-09-26 10:06:10,615 [EventQueue-StaleNodeForStaleNodeHandler] INFO  pipeline.PipelineStateManager (PipelineStateManager.java:finalizePipeline(123)) - Pipeline Pipeline[ Id: 1ea0330a-27c2-45a6-8f6c-fd60c31c1eba, Nodes: c48e9c41-2800-44a2-9011-d3474aeafd5c{ip: 192.168.30.13, host: pr-hdds-1569-wvzgm-824869521, networkLocation: /default-rack, certSerialId: null}, Type:RATIS, Factor:ONE, State:CLOSED] moved to CLOSED state
2019-09-26 10:06:10,615 [EventQueue-StaleNodeForStaleNodeHandler] INFO  pipeline.SCMPipelineManager (SCMPipelineManager.java:finalizeAndDestroyPipeline(316)) - destroying pipeline:Pipeline[ Id: b26a89ee-8037-4910-b6aa-192e70ce273d, Nodes: c48e9c41-2800-44a2-9011-d3474aeafd5c{ip: 192.168.30.13, host: pr-hdds-1569-wvzgm-824869521, networkLocation: /default-rack, certSerialId: null}, Type:RATIS, Factor:ONE, State:OPEN]
2019-09-26 10:06:10,615 [EventQueue-StaleNodeForStaleNodeHandler] INFO  pipeline.PipelineStateManager (PipelineStateManager.java:finalizePipeline(123)) - Pipeline Pipeline[ Id: b26a89ee-8037-4910-b6aa-192e70ce273d, Nodes: c48e9c41-2800-44a2-9011-d3474aeafd5c{ip: 192.168.30.13, host: pr-hdds-1569-wvzgm-824869521, networkLocation: /default-rack, certSerialId: null}, Type:RATIS, Factor:ONE, State:CLOSED] moved to CLOSED state
2019-09-26 10:06:10,615 [EventQueue-StaleNodeForStaleNodeHandler] INFO  pipeline.SCMPipelineManager (SCMPipelineManager.java:finalizeAndDestroyPipeline(316)) - destroying pipeline:Pipeline[ Id: 58073bd2-27e3-45fe-9eef-1ff218c2b17f, Nodes: c48e9c41-2800-44a2-9011-d3474aeafd5c{ip: 192.168.30.13, host: pr-hdds-1569-wvzgm-824869521, networkLocation: /default-rack, certSerialId: null}, Type:RATIS, Factor:ONE, State:OPEN]
2019-09-26 10:06:10,615 [EventQueue-StaleNodeForStaleNodeHandler] INFO  pipeline.PipelineStateManager (PipelineStateManager.java:finalizePipeline(123)) - Pipeline Pipeline[ Id: 58073bd2-27e3-45fe-9eef-1ff218c2b17f, Nodes: c48e9c41-2800-44a2-9011-d3474aeafd5c{ip: 192.168.30.13, host: pr-hdds-1569-wvzgm-824869521, networkLocation: /default-rack, certSerialId: null}, Type:RATIS, Factor:ONE, State:CLOSED] moved to CLOSED state
2019-09-26 10:06:10,616 [EventQueue-StaleNodeForStaleNodeHandler] INFO  pipeline.SCMPipelineManager (SCMPipelineManager.java:finalizeAndDestroyPipeline(316)) - destroying pipeline:Pipeline[ Id: 107d699f-1be6-41b1-9e17-8f5e0ecb4ccf, Nodes: c48e9c41-2800-44a2-9011-d3474aeafd5c{ip: 192.168.30.13, host: pr-hdds-1569-wvzgm-824869521, networkLocation: /default-rack, certSerialId: null}, Type:RATIS, Factor:ONE, State:OPEN]
2019-09-26 10:06:10,616 [EventQueue-StaleNodeForStaleNodeHandler] INFO  pipeline.PipelineStateManager (PipelineStateManager.java:finalizePipeline(123)) - Pipeline Pipeline[ Id: 107d699f-1be6-41b1-9e17-8f5e0ecb4ccf, Nodes: c48e9c41-2800-44a2-9011-d3474aeafd5c{ip: 192.168.30.13, host: pr-hdds-1569-wvzgm-824869521, networkLocation: /default-rack, certSerialId: null}, Type:RATIS, Factor:ONE, State:CLOSED] moved to CLOSED state
2019-09-26 10:06:10,616 [EventQueue-StaleNodeForStaleNodeHandler] INFO  pipeline.SCMPipelineManager (SCMPipelineManager.java:finalizeAndDestroyPipeline(316)) - destroying pipeline:Pipeline[ Id: 67b72dd2-a882-48ca-bde8-fdada99b783d, Nodes: c48e9c41-2800-44a2-9011-d3474aeafd5c{ip: 192.168.30.13, host: pr-hdds-1569-wvzgm-824869521, networkLocation: /default-rack, certSerialId: null}, Type:RATIS, Factor:ONE, State:OPEN]
2019-09-26 10:06:10,616 [EventQueue-StaleNodeForStaleNodeHandler] INFO  pipeline.PipelineStateManager (PipelineStateManager.java:finalizePipeline(123)) - Pipeline Pipeline[ Id: 67b72dd2-a882-48ca-bde8-fdada99b783d, Nodes: c48e9c41-2800-44a2-9011-d3474aeafd5c{ip: 192.168.30.13, host: pr-hdds-1569-wvzgm-824869521, networkLocation: /default-rack, certSerialId: null}, Type:RATIS, Factor:ONE, State:CLOSED] moved to CLOSED state
2019-09-26 10:06:11,312 [ForkJoinPool.commonPool-worker-0] INFO  ozoneimpl.OzoneContainer (OzoneContainer.java:stop(231)) - Attempting to stop container services.
2019-09-26 10:06:11,316 [main] INFO  ozoneimpl.OzoneContainer (OzoneContainer.java:stop(231)) - Attempting to stop container services.
2019-09-26 10:06:11,316 [ForkJoinPool.commonPool-worker-0] INFO  impl.RaftServerProxy (RaftServerProxy.java:lambda$close$4(314)) - 78fc6c82-4831-4601-bfbf-c281d6d238b7: close
2019-09-26 10:06:11,317 [main] INFO  impl.RaftServerProxy (RaftServerProxy.java:lambda$close$4(314)) - c48e9c41-2800-44a2-9011-d3474aeafd5c: close
2019-09-26 10:06:11,317 [ForkJoinPool.commonPool-worker-0] INFO  impl.RaftServerImpl (RaftServerImpl.java:lambda$shutdown$3(251)) - 78fc6c82-4831-4601-bfbf-c281d6d238b7@group-D0A70F3DA48F: shutdown
2019-09-26 10:06:11,317 [main] INFO  impl.RaftServerImpl (RaftServerImpl.java:lambda$shutdown$3(251)) - c48e9c41-2800-44a2-9011-d3474aeafd5c@group-FD60C31C1EBA: shutdown
2019-09-26 10:06:11,317 [ForkJoinPool.commonPool-worker-0] INFO  util.JmxRegister (JmxRegister.java:unregister(73)) - Successfully un-registered JMX Bean with object name Ratis:service=RaftServer,group=group-D0A70F3DA48F,id=78fc6c82-4831-4601-bfbf-c281d6d238b7
2019-09-26 10:06:11,318 [main] INFO  util.JmxRegister (JmxRegister.java:unregister(73)) - Successfully un-registered JMX Bean with object name Ratis:service=RaftServer,group=group-FD60C31C1EBA,id=c48e9c41-2800-44a2-9011-d3474aeafd5c
2019-09-26 10:06:11,318 [ForkJoinPool.commonPool-worker-0] INFO  impl.RoleInfo (RoleInfo.java:shutdownLeaderState(104)) - 78fc6c82-4831-4601-bfbf-c281d6d238b7: shutdown LeaderState
2019-09-26 10:06:11,318 [main] INFO  impl.RoleInfo (RoleInfo.java:shutdownLeaderState(104)) - c48e9c41-2800-44a2-9011-d3474aeafd5c: shutdown LeaderState
2019-09-26 10:06:11,318 [ForkJoinPool.commonPool-worker-0] INFO  impl.PendingRequests (PendingRequests.java:sendNotLeaderResponses(202)) - 78fc6c82-4831-4601-bfbf-c281d6d238b7-PendingRequests: sendNotLeaderResponses
2019-09-26 10:06:11,318 [main] INFO  impl.PendingRequests (PendingRequests.java:sendNotLeaderResponses(202)) - c48e9c41-2800-44a2-9011-d3474aeafd5c-PendingRequests: sendNotLeaderResponses
2019-09-26 10:06:11,319 [ForkJoinPool.commonPool-worker-0] INFO  impl.StateMachineUpdater (StateMachineUpdater.java:stopAndJoin(125)) - 78fc6c82-4831-4601-bfbf-c281d6d238b7@group-D0A70F3DA48F-StateMachineUpdater: set stopIndex = 0
2019-09-26 10:06:11,319 [main] INFO  impl.StateMachineUpdater (StateMachineUpdater.java:stopAndJoin(125)) - c48e9c41-2800-44a2-9011-d3474aeafd5c@group-FD60C31C1EBA-StateMachineUpdater: set stopIndex = 0
2019-09-26 10:06:11,319 [main] INFO  impl.RaftServerImpl (ServerState.java:close(385)) - c48e9c41-2800-44a2-9011-d3474aeafd5c@group-FD60C31C1EBA: closes. applyIndex: 0
2019-09-26 10:06:11,319 [ForkJoinPool.commonPool-worker-0] INFO  impl.RaftServerImpl (ServerState.java:close(385)) - 78fc6c82-4831-4601-bfbf-c281d6d238b7@group-D0A70F3DA48F: closes. applyIndex: 0
2019-09-26 10:06:11,320 [c48e9c41-2800-44a2-9011-d3474aeafd5c@group-FD60C31C1EBA-SegmentedRaftLogWorker] INFO  segmented.SegmentedRaftLogWorker (SegmentedRaftLogWorker.java:run(313)) - c48e9c41-2800-44a2-9011-d3474aeafd5c@group-FD60C31C1EBA-SegmentedRaftLogWorker was interrupted, exiting. There are 0 tasks remaining in the queue.
2019-09-26 10:06:11,320 [78fc6c82-4831-4601-bfbf-c281d6d238b7@group-D0A70F3DA48F-SegmentedRaftLogWorker] INFO  segmented.SegmentedRaftLogWorker (SegmentedRaftLogWorker.java:run(313)) - 78fc6c82-4831-4601-bfbf-c281d6d238b7@group-D0A70F3DA48F-SegmentedRaftLogWorker was interrupted, exiting. There are 0 tasks remaining in the queue.
2019-09-26 10:06:11,320 [main] INFO  segmented.SegmentedRaftLogWorker (SegmentedRaftLogWorker.java:close(228)) - c48e9c41-2800-44a2-9011-d3474aeafd5c@group-FD60C31C1EBA-SegmentedRaftLogWorker close()
2019-09-26 10:06:11,320 [ForkJoinPool.commonPool-worker-0] INFO  segmented.SegmentedRaftLogWorker (SegmentedRaftLogWorker.java:close(228)) - 78fc6c82-4831-4601-bfbf-c281d6d238b7@group-D0A70F3DA48F-SegmentedRaftLogWorker close()
2019-09-26 10:06:11,323 [main] INFO  impl.RaftServerImpl (RaftServerImpl.java:lambda$shutdown$3(251)) - c48e9c41-2800-44a2-9011-d3474aeafd5c@group-192E70CE273D: shutdown
2019-09-26 10:06:11,323 [ForkJoinPool.commonPool-worker-0] INFO  impl.RaftServerImpl (RaftServerImpl.java:lambda$shutdown$3(251)) - 78fc6c82-4831-4601-bfbf-c281d6d238b7@group-6A92CA8DA770: shutdown
2019-09-26 10:06:11,324 [main] INFO  util.JmxRegister (JmxRegister.java:unregister(73)) - Successfully un-registered JMX Bean with object name Ratis:service=RaftServer,group=group-192E70CE273D,id=c48e9c41-2800-44a2-9011-d3474aeafd5c
2019-09-26 10:06:11,324 [ForkJoinPool.commonPool-worker-0] INFO  util.JmxRegister (JmxRegister.java:unregister(73)) - Successfully un-registered JMX Bean with object name Ratis:service=RaftServer,group=group-6A92CA8DA770,id=78fc6c82-4831-4601-bfbf-c281d6d238b7
2019-09-26 10:06:11,324 [main] INFO  impl.RoleInfo (RoleInfo.java:shutdownLeaderState(104)) - c48e9c41-2800-44a2-9011-d3474aeafd5c: shutdown LeaderState
2019-09-26 10:06:11,324 [ForkJoinPool.commonPool-worker-0] INFO  impl.RoleInfo (RoleInfo.java:shutdownLeaderState(104)) - 78fc6c82-4831-4601-bfbf-c281d6d238b7: shutdown LeaderState
2019-09-26 10:06:11,324 [main] INFO  impl.PendingRequests (PendingRequests.java:sendNotLeaderResponses(202)) - c48e9c41-2800-44a2-9011-d3474aeafd5c-PendingRequests: sendNotLeaderResponses
2019-09-26 10:06:11,325 [ForkJoinPool.commonPool-worker-0] INFO  impl.PendingRequests (PendingRequests.java:sendNotLeaderResponses(202)) - 78fc6c82-4831-4601-bfbf-c281d6d238b7-PendingRequests: sendNotLeaderResponses
2019-09-26 10:06:11,325 [main] INFO  impl.StateMachineUpdater (StateMachineUpdater.java:stopAndJoin(125)) - c48e9c41-2800-44a2-9011-d3474aeafd5c@group-192E70CE273D-StateMachineUpdater: set stopIndex = 0
2019-09-26 10:06:11,325 [ForkJoinPool.commonPool-worker-0] INFO  impl.StateMachineUpdater (StateMachineUpdater.java:stopAndJoin(125)) - 78fc6c82-4831-4601-bfbf-c281d6d238b7@group-6A92CA8DA770-StateMachineUpdater: set stopIndex = 0
2019-09-26 10:06:11,325 [main] INFO  impl.RaftServerImpl (ServerState.java:close(385)) - c48e9c41-2800-44a2-9011-d3474aeafd5c@group-192E70CE273D: closes. applyIndex: 0
2019-09-26 10:06:11,326 [ForkJoinPool.commonPool-worker-0] INFO  impl.RaftServerImpl (ServerState.java:close(385)) - 78fc6c82-4831-4601-bfbf-c281d6d238b7@group-6A92CA8DA770: closes. applyIndex: 0
2019-09-26 10:06:11,326 [c48e9c41-2800-44a2-9011-d3474aeafd5c@group-192E70CE273D-SegmentedRaftLogWorker] INFO  segmented.SegmentedRaftLogWorker (SegmentedRaftLogWorker.java:run(313)) - c48e9c41-2800-44a2-9011-d3474aeafd5c@group-192E70CE273D-SegmentedRaftLogWorker was interrupted, exiting. There are 0 tasks remaining in the queue.
2019-09-26 10:06:11,326 [78fc6c82-4831-4601-bfbf-c281d6d238b7@group-6A92CA8DA770-SegmentedRaftLogWorker] INFO  segmented.SegmentedRaftLogWorker (SegmentedRaftLogWorker.java:run(313)) - 78fc6c82-4831-4601-bfbf-c281d6d238b7@group-6A92CA8DA770-SegmentedRaftLogWorker was interrupted, exiting. There are 0 tasks remaining in the queue.
2019-09-26 10:06:11,326 [main] INFO  segmented.SegmentedRaftLogWorker (SegmentedRaftLogWorker.java:close(228)) - c48e9c41-2800-44a2-9011-d3474aeafd5c@group-192E70CE273D-SegmentedRaftLogWorker close()
2019-09-26 10:06:11,326 [ForkJoinPool.commonPool-worker-0] INFO  segmented.SegmentedRaftLogWorker (SegmentedRaftLogWorker.java:close(228)) - 78fc6c82-4831-4601-bfbf-c281d6d238b7@group-6A92CA8DA770-SegmentedRaftLogWorker close()
2019-09-26 10:06:11,328 [main] INFO  impl.RaftServerImpl (RaftServerImpl.java:lambda$shutdown$3(251)) - c48e9c41-2800-44a2-9011-d3474aeafd5c@group-D2AA8A8376D2: shutdown
2019-09-26 10:06:11,330 [ForkJoinPool.commonPool-worker-0] INFO  impl.RaftServerImpl (RaftServerImpl.java:lambda$shutdown$3(251)) - 78fc6c82-4831-4601-bfbf-c281d6d238b7@group-CEB6460525A2: shutdown
2019-09-26 10:06:11,330 [main] INFO  util.JmxRegister (JmxRegister.java:unregister(73)) - Successfully un-registered JMX Bean with object name Ratis:service=RaftServer,group=group-D2AA8A8376D2,id=c48e9c41-2800-44a2-9011-d3474aeafd5c
2019-09-26 10:06:11,331 [ForkJoinPool.commonPool-worker-0] INFO  util.JmxRegister (JmxRegister.java:unregister(73)) - Successfully un-registered JMX Bean with object name Ratis:service=RaftServer,group=group-CEB6460525A2,id=78fc6c82-4831-4601-bfbf-c281d6d238b7
2019-09-26 10:06:11,331 [main] INFO  impl.RoleInfo (RoleInfo.java:shutdownLeaderState(104)) - c48e9c41-2800-44a2-9011-d3474aeafd5c: shutdown LeaderState
2019-09-26 10:06:11,331 [ForkJoinPool.commonPool-worker-0] INFO  impl.RoleInfo (RoleInfo.java:shutdownLeaderState(104)) - 78fc6c82-4831-4601-bfbf-c281d6d238b7: shutdown LeaderState
2019-09-26 10:06:11,331 [main] INFO  impl.PendingRequests (PendingRequests.java:sendNotLeaderResponses(202)) - c48e9c41-2800-44a2-9011-d3474aeafd5c-PendingRequests: sendNotLeaderResponses
2019-09-26 10:06:11,332 [ForkJoinPool.commonPool-worker-0] INFO  impl.PendingRequests (PendingRequests.java:sendNotLeaderResponses(202)) - 78fc6c82-4831-4601-bfbf-c281d6d238b7-PendingRequests: sendNotLeaderResponses
2019-09-26 10:06:11,332 [main] INFO  impl.StateMachineUpdater (StateMachineUpdater.java:stopAndJoin(125)) - c48e9c41-2800-44a2-9011-d3474aeafd5c@group-D2AA8A8376D2-StateMachineUpdater: set stopIndex = 0
2019-09-26 10:06:11,332 [ForkJoinPool.commonPool-worker-0] INFO  impl.StateMachineUpdater (StateMachineUpdater.java:stopAndJoin(125)) - 78fc6c82-4831-4601-bfbf-c281d6d238b7@group-CEB6460525A2-StateMachineUpdater: set stopIndex = 0
2019-09-26 10:06:11,332 [main] INFO  impl.RaftServerImpl (ServerState.java:close(385)) - c48e9c41-2800-44a2-9011-d3474aeafd5c@group-D2AA8A8376D2: closes. applyIndex: 0
2019-09-26 10:06:11,332 [ForkJoinPool.commonPool-worker-0] INFO  impl.RaftServerImpl (ServerState.java:close(385)) - 78fc6c82-4831-4601-bfbf-c281d6d238b7@group-CEB6460525A2: closes. applyIndex: 0
2019-09-26 10:06:11,333 [c48e9c41-2800-44a2-9011-d3474aeafd5c@group-D2AA8A8376D2-SegmentedRaftLogWorker] INFO  segmented.SegmentedRaftLogWorker (SegmentedRaftLogWorker.java:run(313)) - c48e9c41-2800-44a2-9011-d3474aeafd5c@group-D2AA8A8376D2-SegmentedRaftLogWorker was interrupted, exiting. There are 0 tasks remaining in the queue.
2019-09-26 10:06:11,333 [78fc6c82-4831-4601-bfbf-c281d6d238b7@group-CEB6460525A2-SegmentedRaftLogWorker] INFO  segmented.SegmentedRaftLogWorker (SegmentedRaftLogWorker.java:run(313)) - 78fc6c82-4831-4601-bfbf-c281d6d238b7@group-CEB6460525A2-SegmentedRaftLogWorker was interrupted, exiting. There are 0 tasks remaining in the queue.
2019-09-26 10:06:11,333 [main] INFO  segmented.SegmentedRaftLogWorker (SegmentedRaftLogWorker.java:close(228)) - c48e9c41-2800-44a2-9011-d3474aeafd5c@group-D2AA8A8376D2-SegmentedRaftLogWorker close()
2019-09-26 10:06:11,333 [ForkJoinPool.commonPool-worker-0] INFO  segmented.SegmentedRaftLogWorker (SegmentedRaftLogWorker.java:close(228)) - 78fc6c82-4831-4601-bfbf-c281d6d238b7@group-CEB6460525A2-SegmentedRaftLogWorker close()
2019-09-26 10:06:11,335 [main] INFO  impl.RaftServerImpl (RaftServerImpl.java:lambda$shutdown$3(251)) - c48e9c41-2800-44a2-9011-d3474aeafd5c@group-1FF218C2B17F: shutdown
2019-09-26 10:06:11,337 [ForkJoinPool.commonPool-worker-0] INFO  impl.RaftServerImpl (RaftServerImpl.java:lambda$shutdown$3(251)) - 78fc6c82-4831-4601-bfbf-c281d6d238b7@group-F4074985DDAE: shutdown
2019-09-26 10:06:11,337 [main] INFO  util.JmxRegister (JmxRegister.java:unregister(73)) - Successfully un-registered JMX Bean with object name Ratis:service=RaftServer,group=group-1FF218C2B17F,id=c48e9c41-2800-44a2-9011-d3474aeafd5c
2019-09-26 10:06:11,337 [ForkJoinPool.commonPool-worker-0] INFO  util.JmxRegister (JmxRegister.java:unregister(73)) - Successfully un-registered JMX Bean with object name Ratis:service=RaftServer,group=group-F4074985DDAE,id=78fc6c82-4831-4601-bfbf-c281d6d238b7
2019-09-26 10:06:11,338 [main] INFO  impl.RoleInfo (RoleInfo.java:shutdownLeaderState(104)) - c48e9c41-2800-44a2-9011-d3474aeafd5c: shutdown LeaderState
2019-09-26 10:06:11,338 [ForkJoinPool.commonPool-worker-0] INFO  impl.RoleInfo (RoleInfo.java:shutdownLeaderState(104)) - 78fc6c82-4831-4601-bfbf-c281d6d238b7: shutdown LeaderState
2019-09-26 10:06:11,338 [main] INFO  impl.PendingRequests (PendingRequests.java:sendNotLeaderResponses(202)) - c48e9c41-2800-44a2-9011-d3474aeafd5c-PendingRequests: sendNotLeaderResponses
2019-09-26 10:06:11,338 [ForkJoinPool.commonPool-worker-0] INFO  impl.PendingRequests (PendingRequests.java:sendNotLeaderResponses(202)) - 78fc6c82-4831-4601-bfbf-c281d6d238b7-PendingRequests: sendNotLeaderResponses
2019-09-26 10:06:11,339 [main] INFO  impl.StateMachineUpdater (StateMachineUpdater.java:stopAndJoin(125)) - c48e9c41-2800-44a2-9011-d3474aeafd5c@group-1FF218C2B17F-StateMachineUpdater: set stopIndex = 0
2019-09-26 10:06:11,339 [ForkJoinPool.commonPool-worker-0] INFO  impl.StateMachineUpdater (StateMachineUpdater.java:stopAndJoin(125)) - 78fc6c82-4831-4601-bfbf-c281d6d238b7@group-F4074985DDAE-StateMachineUpdater: set stopIndex = 0
2019-09-26 10:06:11,339 [main] INFO  impl.RaftServerImpl (ServerState.java:close(385)) - c48e9c41-2800-44a2-9011-d3474aeafd5c@group-1FF218C2B17F: closes. applyIndex: 0
2019-09-26 10:06:11,339 [ForkJoinPool.commonPool-worker-0] INFO  impl.RaftServerImpl (ServerState.java:close(385)) - 78fc6c82-4831-4601-bfbf-c281d6d238b7@group-F4074985DDAE: closes. applyIndex: 0
2019-09-26 10:06:11,339 [c48e9c41-2800-44a2-9011-d3474aeafd5c@group-1FF218C2B17F-SegmentedRaftLogWorker] INFO  segmented.SegmentedRaftLogWorker (SegmentedRaftLogWorker.java:run(313)) - c48e9c41-2800-44a2-9011-d3474aeafd5c@group-1FF218C2B17F-SegmentedRaftLogWorker was interrupted, exiting. There are 0 tasks remaining in the queue.
2019-09-26 10:06:11,340 [78fc6c82-4831-4601-bfbf-c281d6d238b7@group-F4074985DDAE-SegmentedRaftLogWorker] INFO  segmented.SegmentedRaftLogWorker (SegmentedRaftLogWorker.java:run(313)) - 78fc6c82-4831-4601-bfbf-c281d6d238b7@group-F4074985DDAE-SegmentedRaftLogWorker was interrupted, exiting. There are 0 tasks remaining in the queue.
2019-09-26 10:06:11,340 [main] INFO  segmented.SegmentedRaftLogWorker (SegmentedRaftLogWorker.java:close(228)) - c48e9c41-2800-44a2-9011-d3474aeafd5c@group-1FF218C2B17F-SegmentedRaftLogWorker close()
2019-09-26 10:06:11,340 [ForkJoinPool.commonPool-worker-0] INFO  segmented.SegmentedRaftLogWorker (SegmentedRaftLogWorker.java:close(228)) - 78fc6c82-4831-4601-bfbf-c281d6d238b7@group-F4074985DDAE-SegmentedRaftLogWorker close()
2019-09-26 10:06:11,342 [main] INFO  impl.RaftServerImpl (RaftServerImpl.java:lambda$shutdown$3(251)) - c48e9c41-2800-44a2-9011-d3474aeafd5c@group-8F5E0ECB4CCF: shutdown
2019-09-26 10:06:11,353 [ForkJoinPool.commonPool-worker-0] INFO  impl.RaftServerImpl (RaftServerImpl.java:lambda$shutdown$3(251)) - 78fc6c82-4831-4601-bfbf-c281d6d238b7@group-970024D6B6EB: shutdown
2019-09-26 10:06:11,354 [main] INFO  util.JmxRegister (JmxRegister.java:unregister(73)) - Successfully un-registered JMX Bean with object name Ratis:service=RaftServer,group=group-8F5E0ECB4CCF,id=c48e9c41-2800-44a2-9011-d3474aeafd5c
2019-09-26 10:06:11,354 [main] INFO  impl.RoleInfo (RoleInfo.java:shutdownLeaderState(104)) - c48e9c41-2800-44a2-9011-d3474aeafd5c: shutdown LeaderState
2019-09-26 10:06:11,354 [ForkJoinPool.commonPool-worker-0] INFO  util.JmxRegister (JmxRegister.java:unregister(73)) - Successfully un-registered JMX Bean with object name Ratis:service=RaftServer,group=group-970024D6B6EB,id=78fc6c82-4831-4601-bfbf-c281d6d238b7
2019-09-26 10:06:11,355 [main] INFO  impl.PendingRequests (PendingRequests.java:sendNotLeaderResponses(202)) - c48e9c41-2800-44a2-9011-d3474aeafd5c-PendingRequests: sendNotLeaderResponses
2019-09-26 10:06:11,355 [ForkJoinPool.commonPool-worker-0] INFO  impl.RoleInfo (RoleInfo.java:shutdownLeaderState(104)) - 78fc6c82-4831-4601-bfbf-c281d6d238b7: shutdown LeaderState
2019-09-26 10:06:11,355 [main] INFO  impl.StateMachineUpdater (StateMachineUpdater.java:stopAndJoin(125)) - c48e9c41-2800-44a2-9011-d3474aeafd5c@group-8F5E0ECB4CCF-StateMachineUpdater: set stopIndex = 0
2019-09-26 10:06:11,356 [main] INFO  impl.RaftServerImpl (ServerState.java:close(385)) - c48e9c41-2800-44a2-9011-d3474aeafd5c@group-8F5E0ECB4CCF: closes. applyIndex: 0
2019-09-26 10:06:11,355 [ForkJoinPool.commonPool-worker-0] INFO  impl.PendingRequests (PendingRequests.java:sendNotLeaderResponses(202)) - 78fc6c82-4831-4601-bfbf-c281d6d238b7-PendingRequests: sendNotLeaderResponses
2019-09-26 10:06:11,356 [c48e9c41-2800-44a2-9011-d3474aeafd5c@group-8F5E0ECB4CCF-SegmentedRaftLogWorker] INFO  segmented.SegmentedRaftLogWorker (SegmentedRaftLogWorker.java:run(313)) - c48e9c41-2800-44a2-9011-d3474aeafd5c@group-8F5E0ECB4CCF-SegmentedRaftLogWorker was interrupted, exiting. There are 0 tasks remaining in the queue.
2019-09-26 10:06:11,356 [ForkJoinPool.commonPool-worker-0] INFO  impl.StateMachineUpdater (StateMachineUpdater.java:stopAndJoin(125)) - 78fc6c82-4831-4601-bfbf-c281d6d238b7@group-970024D6B6EB-StateMachineUpdater: set stopIndex = 0
2019-09-26 10:06:11,356 [main] INFO  segmented.SegmentedRaftLogWorker (SegmentedRaftLogWorker.java:close(228)) - c48e9c41-2800-44a2-9011-d3474aeafd5c@group-8F5E0ECB4CCF-SegmentedRaftLogWorker close()
2019-09-26 10:06:11,357 [ForkJoinPool.commonPool-worker-0] INFO  impl.RaftServerImpl (ServerState.java:close(385)) - 78fc6c82-4831-4601-bfbf-c281d6d238b7@group-970024D6B6EB: closes. applyIndex: 0
2019-09-26 10:06:11,357 [main] INFO  impl.RaftServerImpl (RaftServerImpl.java:lambda$shutdown$3(251)) - c48e9c41-2800-44a2-9011-d3474aeafd5c@group-FDADA99B783D: shutdown
2019-09-26 10:06:11,357 [78fc6c82-4831-4601-bfbf-c281d6d238b7@group-970024D6B6EB-SegmentedRaftLogWorker] INFO  segmented.SegmentedRaftLogWorker (SegmentedRaftLogWorker.java:run(313)) - 78fc6c82-4831-4601-bfbf-c281d6d238b7@group-970024D6B6EB-SegmentedRaftLogWorker was interrupted, exiting. There are 0 tasks remaining in the queue.
2019-09-26 10:06:11,357 [main] INFO  util.JmxRegister (JmxRegister.java:unregister(73)) - Successfully un-registered JMX Bean with object name Ratis:service=RaftServer,group=group-FDADA99B783D,id=c48e9c41-2800-44a2-9011-d3474aeafd5c
2019-09-26 10:06:11,357 [ForkJoinPool.commonPool-worker-0] INFO  segmented.SegmentedRaftLogWorker (SegmentedRaftLogWorker.java:close(228)) - 78fc6c82-4831-4601-bfbf-c281d6d238b7@group-970024D6B6EB-SegmentedRaftLogWorker close()
2019-09-26 10:06:11,358 [main] INFO  impl.RoleInfo (RoleInfo.java:shutdownLeaderState(104)) - c48e9c41-2800-44a2-9011-d3474aeafd5c: shutdown LeaderState
2019-09-26 10:06:11,358 [ForkJoinPool.commonPool-worker-0] INFO  impl.RaftServerImpl (RaftServerImpl.java:lambda$shutdown$3(251)) - 78fc6c82-4831-4601-bfbf-c281d6d238b7@group-784F541CA264: shutdown
2019-09-26 10:06:11,358 [main] INFO  impl.PendingRequests (PendingRequests.java:sendNotLeaderResponses(202)) - c48e9c41-2800-44a2-9011-d3474aeafd5c-PendingRequests: sendNotLeaderResponses
2019-09-26 10:06:11,358 [ForkJoinPool.commonPool-worker-0] INFO  util.JmxRegister (JmxRegister.java:unregister(73)) - Successfully un-registered JMX Bean with object name Ratis:service=RaftServer,group=group-784F541CA264,id=78fc6c82-4831-4601-bfbf-c281d6d238b7
2019-09-26 10:06:11,359 [main] INFO  impl.StateMachineUpdater (StateMachineUpdater.java:stopAndJoin(125)) - c48e9c41-2800-44a2-9011-d3474aeafd5c@group-FDADA99B783D-StateMachineUpdater: set stopIndex = 0
2019-09-26 10:06:11,359 [main] INFO  impl.RaftServerImpl (ServerState.java:close(385)) - c48e9c41-2800-44a2-9011-d3474aeafd5c@group-FDADA99B783D: closes. applyIndex: 0
2019-09-26 10:06:11,359 [ForkJoinPool.commonPool-worker-0] INFO  impl.RoleInfo (RoleInfo.java:shutdownLeaderState(104)) - 78fc6c82-4831-4601-bfbf-c281d6d238b7: shutdown LeaderState
2019-09-26 10:06:11,359 [c48e9c41-2800-44a2-9011-d3474aeafd5c@group-FDADA99B783D-SegmentedRaftLogWorker] INFO  segmented.SegmentedRaftLogWorker (SegmentedRaftLogWorker.java:run(313)) - c48e9c41-2800-44a2-9011-d3474aeafd5c@group-FDADA99B783D-SegmentedRaftLogWorker was interrupted, exiting. There are 0 tasks remaining in the queue.
2019-09-26 10:06:11,360 [ForkJoinPool.commonPool-worker-0] INFO  impl.PendingRequests (PendingRequests.java:sendNotLeaderResponses(202)) - 78fc6c82-4831-4601-bfbf-c281d6d238b7-PendingRequests: sendNotLeaderResponses
2019-09-26 10:06:11,360 [main] INFO  segmented.SegmentedRaftLogWorker (SegmentedRaftLogWorker.java:close(228)) - c48e9c41-2800-44a2-9011-d3474aeafd5c@group-FDADA99B783D-SegmentedRaftLogWorker close()
2019-09-26 10:06:11,360 [ForkJoinPool.commonPool-worker-0] INFO  impl.StateMachineUpdater (StateMachineUpdater.java:stopAndJoin(125)) - 78fc6c82-4831-4601-bfbf-c281d6d238b7@group-784F541CA264-StateMachineUpdater: set stopIndex = 0
2019-09-26 10:06:11,360 [main] INFO  server.GrpcService (GrpcService.java:closeImpl(164)) - c48e9c41-2800-44a2-9011-d3474aeafd5c: shutdown server with port 36994 now
2019-09-26 10:06:11,360 [ForkJoinPool.commonPool-worker-0] INFO  impl.RaftServerImpl (ServerState.java:close(385)) - 78fc6c82-4831-4601-bfbf-c281d6d238b7@group-784F541CA264: closes. applyIndex: 0
2019-09-26 10:06:11,364 [main] INFO  server.GrpcService (GrpcService.java:closeImpl(172)) - c48e9c41-2800-44a2-9011-d3474aeafd5c: shutdown server with port 36994 successfully
2019-09-26 10:06:11,364 [78fc6c82-4831-4601-bfbf-c281d6d238b7@group-784F541CA264-SegmentedRaftLogWorker] INFO  segmented.SegmentedRaftLogWorker (SegmentedRaftLogWorker.java:run(313)) - 78fc6c82-4831-4601-bfbf-c281d6d238b7@group-784F541CA264-SegmentedRaftLogWorker was interrupted, exiting. There are 0 tasks remaining in the queue.
2019-09-26 10:06:11,364 [ForkJoinPool.commonPool-worker-0] INFO  segmented.SegmentedRaftLogWorker (SegmentedRaftLogWorker.java:close(228)) - 78fc6c82-4831-4601-bfbf-c281d6d238b7@group-784F541CA264-SegmentedRaftLogWorker close()
2019-09-26 10:06:11,365 [ForkJoinPool.commonPool-worker-0] INFO  server.GrpcService (GrpcService.java:closeImpl(164)) - 78fc6c82-4831-4601-bfbf-c281d6d238b7: shutdown server with port 36365 now
2019-09-26 10:06:11,368 [ForkJoinPool.commonPool-worker-0] INFO  server.GrpcService (GrpcService.java:closeImpl(172)) - 78fc6c82-4831-4601-bfbf-c281d6d238b7: shutdown server with port 36365 successfully
2019-09-26 10:06:11,371 [refreshUsed-/workdir/hadoop-ozone/integration-test/target/test-dir/MiniOzoneClusterImpl-6f19b49f-1ba0-4037-80e1-640204793d9e/datanode-6/data/containers] WARN  fs.CachingGetSpaceUsed (CachingGetSpaceUsed.java:run(183)) - Thread Interrupted waiting to refresh disk information: sleep interrupted
2019-09-26 10:06:11,371 [refreshUsed-/workdir/hadoop-ozone/integration-test/target/test-dir/MiniOzoneClusterImpl-6f19b49f-1ba0-4037-80e1-640204793d9e/datanode-0/data/containers] WARN  fs.CachingGetSpaceUsed (CachingGetSpaceUsed.java:run(183)) - Thread Interrupted waiting to refresh disk information: sleep interrupted
2019-09-26 10:06:11,396 [main] INFO  utils.BackgroundService (BackgroundService.java:shutdown(148)) - Shutting down service BlockDeletingService
2019-09-26 10:06:11,402 [main] INFO  statemachine.DatanodeStateMachine (DatanodeStateMachine.java:stopDaemon(395)) - Ozone container server stopped.
2019-09-26 10:06:11,403 [main] INFO  handler.ContextHandler (ContextHandler.java:doStop(910)) - Stopped o.e.j.w.WebAppContext@78b0ec3a{/,null,UNAVAILABLE}{/hddsDatanode}
2019-09-26 10:06:11,405 [main] INFO  server.AbstractConnector (AbstractConnector.java:doStop(318)) - Stopped ServerConnector@46612bfc{HTTP/1.1,[http/1.1]}{0.0.0.0:0}
2019-09-26 10:06:11,406 [main] INFO  handler.ContextHandler (ContextHandler.java:doStop(910)) - Stopped o.e.j.s.ServletContextHandler@dada335{/static,jar:file:/home/user/.m2/repository/org/apache/hadoop/hadoop-hdds-container-service/0.5.0-SNAPSHOT/hadoop-hdds-container-service-0.5.0-SNAPSHOT.jar!/webapps/static,UNAVAILABLE}
2019-09-26 10:06:11,406 [main] INFO  handler.ContextHandler (ContextHandler.java:doStop(910)) - Stopped o.e.j.s.ServletContextHandler@61a87366{/logs,file:///workdir/hadoop-ozone/integration-test/target/log,UNAVAILABLE}
2019-09-26 10:06:11,407 [ForkJoinPool.commonPool-worker-0] INFO  utils.BackgroundService (BackgroundService.java:shutdown(148)) - Shutting down service BlockDeletingService
2019-09-26 10:06:11,411 [ForkJoinPool.commonPool-worker-0] INFO  statemachine.DatanodeStateMachine (DatanodeStateMachine.java:stopDaemon(395)) - Ozone container server stopped.
2019-09-26 10:06:11,416 [ForkJoinPool.commonPool-worker-0] INFO  handler.ContextHandler (ContextHandler.java:doStop(910)) - Stopped o.e.j.w.WebAppContext@374ccb9{/,null,UNAVAILABLE}{/hddsDatanode}
2019-09-26 10:06:11,416 [ForkJoinPool.commonPool-worker-0] INFO  server.AbstractConnector (AbstractConnector.java:doStop(318)) - Stopped ServerConnector@66713605{HTTP/1.1,[http/1.1]}{0.0.0.0:0}
2019-09-26 10:06:11,418 [ForkJoinPool.commonPool-worker-0] INFO  handler.ContextHandler (ContextHandler.java:doStop(910)) - Stopped o.e.j.s.ServletContextHandler@72c4a3aa{/static,jar:file:/home/user/.m2/repository/org/apache/hadoop/hadoop-hdds-container-service/0.5.0-SNAPSHOT/hadoop-hdds-container-service-0.5.0-SNAPSHOT.jar!/webapps/static,UNAVAILABLE}
2019-09-26 10:06:11,419 [ForkJoinPool.commonPool-worker-0] INFO  handler.ContextHandler (ContextHandler.java:doStop(910)) - Stopped o.e.j.s.ServletContextHandler@6af87130{/logs,file:///workdir/hadoop-ozone/integration-test/target/log,UNAVAILABLE}
2019-09-26 10:06:11,537 [Datanode State Machine Thread - 0] INFO  statemachine.DatanodeStateMachine (DatanodeStateMachine.java:lambda$startDaemon$0(350)) - Ozone container server started.
2019-09-26 10:06:15,632 [EventQueue-StaleNodeForStaleNodeHandler] INFO  node.StaleNodeHandler (StaleNodeHandler.java:onMessage(58)) - Datanode 9c78032f-eba8-46d0-8c4d-d82b43c60fb9{ip: 192.168.30.13, host: pr-hdds-1569-wvzgm-824869521, networkLocation: /default-rack, certSerialId: null} moved to stale state. Finalizing its pipelines [PipelineID=67c20a4d-a452-4758-a8e6-0479a791b3cb, PipelineID=b36dd01a-2fe1-4961-8ab3-dd2de94dd6d4, PipelineID=90ca9db2-9390-4355-bc43-0ba17b1fe4d4, PipelineID=511640d3-5edb-48a2-a58b-7379e4bcf4ba, PipelineID=400e9106-7adc-42e1-bc6b-c43f64780ce3, PipelineID=2d56a595-7f18-465b-8f9c-9525f9c84f3f]
2019-09-26 10:06:15,632 [EventQueue-StaleNodeForStaleNodeHandler] INFO  pipeline.SCMPipelineManager (SCMPipelineManager.java:finalizeAndDestroyPipeline(316)) - destroying pipeline:Pipeline[ Id: 67c20a4d-a452-4758-a8e6-0479a791b3cb, Nodes: 9c78032f-eba8-46d0-8c4d-d82b43c60fb9{ip: 192.168.30.13, host: pr-hdds-1569-wvzgm-824869521, networkLocation: /default-rack, certSerialId: null}, Type:RATIS, Factor:ONE, State:OPEN]
2019-09-26 10:06:15,633 [EventQueue-StaleNodeForStaleNodeHandler] INFO  pipeline.PipelineStateManager (PipelineStateManager.java:finalizePipeline(123)) - Pipeline Pipeline[ Id: 67c20a4d-a452-4758-a8e6-0479a791b3cb, Nodes: 9c78032f-eba8-46d0-8c4d-d82b43c60fb9{ip: 192.168.30.13, host: pr-hdds-1569-wvzgm-824869521, networkLocation: /default-rack, certSerialId: null}, Type:RATIS, Factor:ONE, State:CLOSED] moved to CLOSED state
2019-09-26 10:06:15,634 [EventQueue-StaleNodeForStaleNodeHandler] INFO  pipeline.SCMPipelineManager (SCMPipelineManager.java:finalizeAndDestroyPipeline(316)) - destroying pipeline:Pipeline[ Id: b36dd01a-2fe1-4961-8ab3-dd2de94dd6d4, Nodes: 9c78032f-eba8-46d0-8c4d-d82b43c60fb9{ip: 192.168.30.13, host: pr-hdds-1569-wvzgm-824869521, networkLocation: /default-rack, certSerialId: null}, Type:RATIS, Factor:ONE, State:OPEN]
2019-09-26 10:06:15,634 [EventQueue-StaleNodeForStaleNodeHandler] INFO  pipeline.PipelineStateManager (PipelineStateManager.java:finalizePipeline(123)) - Pipeline Pipeline[ Id: b36dd01a-2fe1-4961-8ab3-dd2de94dd6d4, Nodes: 9c78032f-eba8-46d0-8c4d-d82b43c60fb9{ip: 192.168.30.13, host: pr-hdds-1569-wvzgm-824869521, networkLocation: /default-rack, certSerialId: null}, Type:RATIS, Factor:ONE, State:CLOSED] moved to CLOSED state
2019-09-26 10:06:15,634 [EventQueue-StaleNodeForStaleNodeHandler] INFO  pipeline.SCMPipelineManager (SCMPipelineManager.java:finalizeAndDestroyPipeline(316)) - destroying pipeline:Pipeline[ Id: 90ca9db2-9390-4355-bc43-0ba17b1fe4d4, Nodes: 9c78032f-eba8-46d0-8c4d-d82b43c60fb9{ip: 192.168.30.13, host: pr-hdds-1569-wvzgm-824869521, networkLocation: /default-rack, certSerialId: null}, Type:RATIS, Factor:ONE, State:OPEN]
2019-09-26 10:06:15,634 [EventQueue-StaleNodeForStaleNodeHandler] INFO  pipeline.PipelineStateManager (PipelineStateManager.java:finalizePipeline(123)) - Pipeline Pipeline[ Id: 90ca9db2-9390-4355-bc43-0ba17b1fe4d4, Nodes: 9c78032f-eba8-46d0-8c4d-d82b43c60fb9{ip: 192.168.30.13, host: pr-hdds-1569-wvzgm-824869521, networkLocation: /default-rack, certSerialId: null}, Type:RATIS, Factor:ONE, State:CLOSED] moved to CLOSED state
2019-09-26 10:06:15,634 [EventQueue-StaleNodeForStaleNodeHandler] INFO  pipeline.SCMPipelineManager (SCMPipelineManager.java:finalizeAndDestroyPipeline(316)) - destroying pipeline:Pipeline[ Id: 511640d3-5edb-48a2-a58b-7379e4bcf4ba, Nodes: 9c78032f-eba8-46d0-8c4d-d82b43c60fb9{ip: 192.168.30.13, host: pr-hdds-1569-wvzgm-824869521, networkLocation: /default-rack, certSerialId: null}, Type:RATIS, Factor:ONE, State:OPEN]
2019-09-26 10:06:15,635 [EventQueue-StaleNodeForStaleNodeHandler] INFO  pipeline.PipelineStateManager (PipelineStateManager.java:finalizePipeline(123)) - Pipeline Pipeline[ Id: 511640d3-5edb-48a2-a58b-7379e4bcf4ba, Nodes: 9c78032f-eba8-46d0-8c4d-d82b43c60fb9{ip: 192.168.30.13, host: pr-hdds-1569-wvzgm-824869521, networkLocation: /default-rack, certSerialId: null}, Type:RATIS, Factor:ONE, State:CLOSED] moved to CLOSED state
2019-09-26 10:06:15,635 [EventQueue-StaleNodeForStaleNodeHandler] INFO  pipeline.SCMPipelineManager (SCMPipelineManager.java:finalizeAndDestroyPipeline(316)) - destroying pipeline:Pipeline[ Id: 400e9106-7adc-42e1-bc6b-c43f64780ce3, Nodes: 9c78032f-eba8-46d0-8c4d-d82b43c60fb9{ip: 192.168.30.13, host: pr-hdds-1569-wvzgm-824869521, networkLocation: /default-rack, certSerialId: null}, Type:RATIS, Factor:ONE, State:OPEN]
2019-09-26 10:06:15,635 [EventQueue-StaleNodeForStaleNodeHandler] INFO  pipeline.PipelineStateManager (PipelineStateManager.java:finalizePipeline(123)) - Pipeline Pipeline[ Id: 400e9106-7adc-42e1-bc6b-c43f64780ce3, Nodes: 9c78032f-eba8-46d0-8c4d-d82b43c60fb9{ip: 192.168.30.13, host: pr-hdds-1569-wvzgm-824869521, networkLocation: /default-rack, certSerialId: null}, Type:RATIS, Factor:ONE, State:CLOSED] moved to CLOSED state
2019-09-26 10:06:15,635 [EventQueue-StaleNodeForStaleNodeHandler] INFO  pipeline.SCMPipelineManager (SCMPipelineManager.java:finalizeAndDestroyPipeline(316)) - destroying pipeline:Pipeline[ Id: 2d56a595-7f18-465b-8f9c-9525f9c84f3f, Nodes: 9c78032f-eba8-46d0-8c4d-d82b43c60fb9{ip: 192.168.30.13, host: pr-hdds-1569-wvzgm-824869521, networkLocation: /default-rack, certSerialId: null}, Type:RATIS, Factor:ONE, State:OPEN]
2019-09-26 10:06:15,635 [EventQueue-StaleNodeForStaleNodeHandler] INFO  pipeline.PipelineStateManager (PipelineStateManager.java:finalizePipeline(123)) - Pipeline Pipeline[ Id: 2d56a595-7f18-465b-8f9c-9525f9c84f3f, Nodes: 9c78032f-eba8-46d0-8c4d-d82b43c60fb9{ip: 192.168.30.13, host: pr-hdds-1569-wvzgm-824869521, networkLocation: /default-rack, certSerialId: null}, Type:RATIS, Factor:ONE, State:CLOSED] moved to CLOSED state
2019-09-26 10:06:16,409 [main] INFO  ozoneimpl.OzoneContainer (OzoneContainer.java:stop(231)) - Attempting to stop container services.
2019-09-26 10:06:16,413 [main] INFO  impl.RaftServerProxy (RaftServerProxy.java:lambda$close$4(314)) - 9c78032f-eba8-46d0-8c4d-d82b43c60fb9: close
2019-09-26 10:06:16,414 [main] INFO  impl.RaftServerImpl (RaftServerImpl.java:lambda$shutdown$3(251)) - 9c78032f-eba8-46d0-8c4d-d82b43c60fb9@group-0BA17B1FE4D4: shutdown
2019-09-26 10:06:16,414 [ForkJoinPool.commonPool-worker-1] INFO  impl.RaftServerImpl (RaftServerImpl.java:lambda$shutdown$3(251)) - 9c78032f-eba8-46d0-8c4d-d82b43c60fb9@group-7379E4BCF4BA: shutdown
2019-09-26 10:06:16,415 [main] INFO  util.JmxRegister (JmxRegister.java:unregister(73)) - Successfully un-registered JMX Bean with object name Ratis:service=RaftServer,group=group-0BA17B1FE4D4,id=9c78032f-eba8-46d0-8c4d-d82b43c60fb9
2019-09-26 10:06:16,415 [ForkJoinPool.commonPool-worker-1] INFO  util.JmxRegister (JmxRegister.java:unregister(73)) - Successfully un-registered JMX Bean with object name Ratis:service=RaftServer,group=group-7379E4BCF4BA,id=9c78032f-eba8-46d0-8c4d-d82b43c60fb9
2019-09-26 10:06:16,415 [main] INFO  impl.RoleInfo (RoleInfo.java:shutdownLeaderState(104)) - 9c78032f-eba8-46d0-8c4d-d82b43c60fb9: shutdown LeaderState
2019-09-26 10:06:16,416 [ForkJoinPool.commonPool-worker-1] INFO  impl.RoleInfo (RoleInfo.java:shutdownLeaderState(104)) - 9c78032f-eba8-46d0-8c4d-d82b43c60fb9: shutdown LeaderState
2019-09-26 10:06:16,416 [main] INFO  impl.PendingRequests (PendingRequests.java:sendNotLeaderResponses(202)) - 9c78032f-eba8-46d0-8c4d-d82b43c60fb9-PendingRequests: sendNotLeaderResponses
2019-09-26 10:06:16,416 [ForkJoinPool.commonPool-worker-1] INFO  impl.PendingRequests (PendingRequests.java:sendNotLeaderResponses(202)) - 9c78032f-eba8-46d0-8c4d-d82b43c60fb9-PendingRequests: sendNotLeaderResponses
2019-09-26 10:06:16,417 [ForkJoinPool.commonPool-worker-1] INFO  impl.StateMachineUpdater (StateMachineUpdater.java:stopAndJoin(125)) - 9c78032f-eba8-46d0-8c4d-d82b43c60fb9@group-7379E4BCF4BA-StateMachineUpdater: set stopIndex = 0
2019-09-26 10:06:16,417 [main] INFO  impl.StateMachineUpdater (StateMachineUpdater.java:stopAndJoin(125)) - 9c78032f-eba8-46d0-8c4d-d82b43c60fb9@group-0BA17B1FE4D4-StateMachineUpdater: set stopIndex = 0
2019-09-26 10:06:16,418 [main] INFO  impl.RaftServerImpl (ServerState.java:close(385)) - 9c78032f-eba8-46d0-8c4d-d82b43c60fb9@group-0BA17B1FE4D4: closes. applyIndex: 0
2019-09-26 10:06:16,418 [ForkJoinPool.commonPool-worker-1] INFO  impl.RaftServerImpl (ServerState.java:close(385)) - 9c78032f-eba8-46d0-8c4d-d82b43c60fb9@group-7379E4BCF4BA: closes. applyIndex: 0
2019-09-26 10:06:16,419 [9c78032f-eba8-46d0-8c4d-d82b43c60fb9@group-0BA17B1FE4D4-SegmentedRaftLogWorker] INFO  segmented.SegmentedRaftLogWorker (SegmentedRaftLogWorker.java:run(313)) - 9c78032f-eba8-46d0-8c4d-d82b43c60fb9@group-0BA17B1FE4D4-SegmentedRaftLogWorker was interrupted, exiting. There are 0 tasks remaining in the queue.
2019-09-26 10:06:16,419 [9c78032f-eba8-46d0-8c4d-d82b43c60fb9@group-7379E4BCF4BA-SegmentedRaftLogWorker] INFO  segmented.SegmentedRaftLogWorker (SegmentedRaftLogWorker.java:run(313)) - 9c78032f-eba8-46d0-8c4d-d82b43c60fb9@group-7379E4BCF4BA-SegmentedRaftLogWorker was interrupted, exiting. There are 0 tasks remaining in the queue.
2019-09-26 10:06:16,419 [main] INFO  segmented.SegmentedRaftLogWorker (SegmentedRaftLogWorker.java:close(228)) - 9c78032f-eba8-46d0-8c4d-d82b43c60fb9@group-0BA17B1FE4D4-SegmentedRaftLogWorker close()
2019-09-26 10:06:16,419 [ForkJoinPool.commonPool-worker-1] INFO  segmented.SegmentedRaftLogWorker (SegmentedRaftLogWorker.java:close(228)) - 9c78032f-eba8-46d0-8c4d-d82b43c60fb9@group-7379E4BCF4BA-SegmentedRaftLogWorker close()
2019-09-26 10:06:16,420 [main] INFO  impl.RaftServerImpl (RaftServerImpl.java:lambda$shutdown$3(251)) - 9c78032f-eba8-46d0-8c4d-d82b43c60fb9@group-0479A791B3CB: shutdown
2019-09-26 10:06:16,420 [ForkJoinPool.commonPool-worker-1] INFO  impl.RaftServerImpl (RaftServerImpl.java:lambda$shutdown$3(251)) - 9c78032f-eba8-46d0-8c4d-d82b43c60fb9@group-C43F64780CE3: shutdown
2019-09-26 10:06:16,421 [main] INFO  util.JmxRegister (JmxRegister.java:unregister(73)) - Successfully un-registered JMX Bean with object name Ratis:service=RaftServer,group=group-0479A791B3CB,id=9c78032f-eba8-46d0-8c4d-d82b43c60fb9
2019-09-26 10:06:16,421 [ForkJoinPool.commonPool-worker-1] INFO  util.JmxRegister (JmxRegister.java:unregister(73)) - Successfully un-registered JMX Bean with object name Ratis:service=RaftServer,group=group-C43F64780CE3,id=9c78032f-eba8-46d0-8c4d-d82b43c60fb9
2019-09-26 10:06:16,421 [main] INFO  impl.RoleInfo (RoleInfo.java:shutdownLeaderState(104)) - 9c78032f-eba8-46d0-8c4d-d82b43c60fb9: shutdown LeaderState
2019-09-26 10:06:16,421 [ForkJoinPool.commonPool-worker-1] INFO  impl.RoleInfo (RoleInfo.java:shutdownLeaderState(104)) - 9c78032f-eba8-46d0-8c4d-d82b43c60fb9: shutdown LeaderState
2019-09-26 10:06:16,422 [main] INFO  impl.PendingRequests (PendingRequests.java:sendNotLeaderResponses(202)) - 9c78032f-eba8-46d0-8c4d-d82b43c60fb9-PendingRequests: sendNotLeaderResponses
2019-09-26 10:06:16,422 [ForkJoinPool.commonPool-worker-1] INFO  impl.PendingRequests (PendingRequests.java:sendNotLeaderResponses(202)) - 9c78032f-eba8-46d0-8c4d-d82b43c60fb9-PendingRequests: sendNotLeaderResponses
2019-09-26 10:06:16,423 [main] INFO  impl.StateMachineUpdater (StateMachineUpdater.java:stopAndJoin(125)) - 9c78032f-eba8-46d0-8c4d-d82b43c60fb9@group-0479A791B3CB-StateMachineUpdater: set stopIndex = 0
2019-09-26 10:06:16,423 [ForkJoinPool.commonPool-worker-1] INFO  impl.StateMachineUpdater (StateMachineUpdater.java:stopAndJoin(125)) - 9c78032f-eba8-46d0-8c4d-d82b43c60fb9@group-C43F64780CE3-StateMachineUpdater: set stopIndex = 0
2019-09-26 10:06:16,423 [main] INFO  impl.RaftServerImpl (ServerState.java:close(385)) - 9c78032f-eba8-46d0-8c4d-d82b43c60fb9@group-0479A791B3CB: closes. applyIndex: 0
2019-09-26 10:06:16,424 [ForkJoinPool.commonPool-worker-1] INFO  impl.RaftServerImpl (ServerState.java:close(385)) - 9c78032f-eba8-46d0-8c4d-d82b43c60fb9@group-C43F64780CE3: closes. applyIndex: 0
2019-09-26 10:06:16,424 [9c78032f-eba8-46d0-8c4d-d82b43c60fb9@group-0479A791B3CB-SegmentedRaftLogWorker] INFO  segmented.SegmentedRaftLogWorker (SegmentedRaftLogWorker.java:run(313)) - 9c78032f-eba8-46d0-8c4d-d82b43c60fb9@group-0479A791B3CB-SegmentedRaftLogWorker was interrupted, exiting. There are 0 tasks remaining in the queue.
2019-09-26 10:06:16,424 [9c78032f-eba8-46d0-8c4d-d82b43c60fb9@group-C43F64780CE3-SegmentedRaftLogWorker] INFO  segmented.SegmentedRaftLogWorker (SegmentedRaftLogWorker.java:run(313)) - 9c78032f-eba8-46d0-8c4d-d82b43c60fb9@group-C43F64780CE3-SegmentedRaftLogWorker was interrupted, exiting. There are 0 tasks remaining in the queue.
2019-09-26 10:06:16,424 [main] INFO  segmented.SegmentedRaftLogWorker (SegmentedRaftLogWorker.java:close(228)) - 9c78032f-eba8-46d0-8c4d-d82b43c60fb9@group-0479A791B3CB-SegmentedRaftLogWorker close()
2019-09-26 10:06:16,425 [ForkJoinPool.commonPool-worker-1] INFO  segmented.SegmentedRaftLogWorker (SegmentedRaftLogWorker.java:close(228)) - 9c78032f-eba8-46d0-8c4d-d82b43c60fb9@group-C43F64780CE3-SegmentedRaftLogWorker close()
2019-09-26 10:06:16,425 [main] INFO  impl.RaftServerImpl (RaftServerImpl.java:lambda$shutdown$3(251)) - 9c78032f-eba8-46d0-8c4d-d82b43c60fb9@group-DD2DE94DD6D4: shutdown
2019-09-26 10:06:16,425 [ForkJoinPool.commonPool-worker-1] INFO  impl.RaftServerImpl (RaftServerImpl.java:lambda$shutdown$3(251)) - 9c78032f-eba8-46d0-8c4d-d82b43c60fb9@group-9525F9C84F3F: shutdown
2019-09-26 10:06:16,425 [main] INFO  util.JmxRegister (JmxRegister.java:unregister(73)) - Successfully un-registered JMX Bean with object name Ratis:service=RaftServer,group=group-DD2DE94DD6D4,id=9c78032f-eba8-46d0-8c4d-d82b43c60fb9
2019-09-26 10:06:16,426 [ForkJoinPool.commonPool-worker-1] INFO  util.JmxRegister (JmxRegister.java:unregister(73)) - Successfully un-registered JMX Bean with object name Ratis:service=RaftServer,group=group-9525F9C84F3F,id=9c78032f-eba8-46d0-8c4d-d82b43c60fb9
2019-09-26 10:06:16,426 [main] INFO  impl.RoleInfo (RoleInfo.java:shutdownLeaderState(104)) - 9c78032f-eba8-46d0-8c4d-d82b43c60fb9: shutdown LeaderState
2019-09-26 10:06:16,426 [ForkJoinPool.commonPool-worker-1] INFO  impl.RoleInfo (RoleInfo.java:shutdownLeaderState(104)) - 9c78032f-eba8-46d0-8c4d-d82b43c60fb9: shutdown LeaderState
2019-09-26 10:06:16,427 [main] INFO  impl.PendingRequests (PendingRequests.java:sendNotLeaderResponses(202)) - 9c78032f-eba8-46d0-8c4d-d82b43c60fb9-PendingRequests: sendNotLeaderResponses
2019-09-26 10:06:16,427 [ForkJoinPool.commonPool-worker-1] INFO  impl.PendingRequests (PendingRequests.java:sendNotLeaderResponses(202)) - 9c78032f-eba8-46d0-8c4d-d82b43c60fb9-PendingRequests: sendNotLeaderResponses
2019-09-26 10:06:16,427 [main] INFO  impl.StateMachineUpdater (StateMachineUpdater.java:stopAndJoin(125)) - 9c78032f-eba8-46d0-8c4d-d82b43c60fb9@group-DD2DE94DD6D4-StateMachineUpdater: set stopIndex = 0
2019-09-26 10:06:16,427 [ForkJoinPool.commonPool-worker-1] INFO  impl.StateMachineUpdater (StateMachineUpdater.java:stopAndJoin(125)) - 9c78032f-eba8-46d0-8c4d-d82b43c60fb9@group-9525F9C84F3F-StateMachineUpdater: set stopIndex = 0
2019-09-26 10:06:16,428 [main] INFO  impl.RaftServerImpl (ServerState.java:close(385)) - 9c78032f-eba8-46d0-8c4d-d82b43c60fb9@group-DD2DE94DD6D4: closes. applyIndex: 0
2019-09-26 10:06:16,428 [ForkJoinPool.commonPool-worker-1] INFO  impl.RaftServerImpl (ServerState.java:close(385)) - 9c78032f-eba8-46d0-8c4d-d82b43c60fb9@group-9525F9C84F3F: closes. applyIndex: 0
2019-09-26 10:06:16,428 [9c78032f-eba8-46d0-8c4d-d82b43c60fb9@group-DD2DE94DD6D4-SegmentedRaftLogWorker] INFO  segmented.SegmentedRaftLogWorker (SegmentedRaftLogWorker.java:run(313)) - 9c78032f-eba8-46d0-8c4d-d82b43c60fb9@group-DD2DE94DD6D4-SegmentedRaftLogWorker was interrupted, exiting. There are 0 tasks remaining in the queue.
2019-09-26 10:06:16,428 [9c78032f-eba8-46d0-8c4d-d82b43c60fb9@group-9525F9C84F3F-SegmentedRaftLogWorker] INFO  segmented.SegmentedRaftLogWorker (SegmentedRaftLogWorker.java:run(313)) - 9c78032f-eba8-46d0-8c4d-d82b43c60fb9@group-9525F9C84F3F-SegmentedRaftLogWorker was interrupted, exiting. There are 0 tasks remaining in the queue.
2019-09-26 10:06:16,429 [main] INFO  segmented.SegmentedRaftLogWorker (SegmentedRaftLogWorker.java:close(228)) - 9c78032f-eba8-46d0-8c4d-d82b43c60fb9@group-DD2DE94DD6D4-SegmentedRaftLogWorker close()
2019-09-26 10:06:16,429 [ForkJoinPool.commonPool-worker-1] INFO  segmented.SegmentedRaftLogWorker (SegmentedRaftLogWorker.java:close(228)) - 9c78032f-eba8-46d0-8c4d-d82b43c60fb9@group-9525F9C84F3F-SegmentedRaftLogWorker close()
2019-09-26 10:06:16,429 [main] INFO  server.GrpcService (GrpcService.java:closeImpl(164)) - 9c78032f-eba8-46d0-8c4d-d82b43c60fb9: shutdown server with port 33303 now
2019-09-26 10:06:16,432 [main] INFO  server.GrpcService (GrpcService.java:closeImpl(172)) - 9c78032f-eba8-46d0-8c4d-d82b43c60fb9: shutdown server with port 33303 successfully
2019-09-26 10:06:16,435 [refreshUsed-/workdir/hadoop-ozone/integration-test/target/test-dir/MiniOzoneClusterImpl-6f19b49f-1ba0-4037-80e1-640204793d9e/datanode-5/data/containers] WARN  fs.CachingGetSpaceUsed (CachingGetSpaceUsed.java:run(183)) - Thread Interrupted waiting to refresh disk information: sleep interrupted
2019-09-26 10:06:16,447 [main] INFO  utils.BackgroundService (BackgroundService.java:shutdown(148)) - Shutting down service BlockDeletingService
2019-09-26 10:06:16,453 [main] INFO  statemachine.DatanodeStateMachine (DatanodeStateMachine.java:stopDaemon(395)) - Ozone container server stopped.
2019-09-26 10:06:16,455 [main] INFO  handler.ContextHandler (ContextHandler.java:doStop(910)) - Stopped o.e.j.w.WebAppContext@73d62b5{/,null,UNAVAILABLE}{/hddsDatanode}
2019-09-26 10:06:16,455 [main] INFO  server.AbstractConnector (AbstractConnector.java:doStop(318)) - Stopped ServerConnector@5e99e2cb{HTTP/1.1,[http/1.1]}{0.0.0.0:0}
2019-09-26 10:06:16,456 [main] INFO  handler.ContextHandler (ContextHandler.java:doStop(910)) - Stopped o.e.j.s.ServletContextHandler@5b742bc8{/static,jar:file:/home/user/.m2/repository/org/apache/hadoop/hadoop-hdds-container-service/0.5.0-SNAPSHOT/hadoop-hdds-container-service-0.5.0-SNAPSHOT.jar!/webapps/static,UNAVAILABLE}
2019-09-26 10:06:16,456 [main] INFO  handler.ContextHandler (ContextHandler.java:doStop(910)) - Stopped o.e.j.s.ServletContextHandler@22f8adc2{/logs,file:///workdir/hadoop-ozone/integration-test/target/log,UNAVAILABLE}
2019-09-26 10:06:16,457 [main] INFO  ozone.MiniOzoneClusterImpl (MiniOzoneClusterImpl.java:stopSCM(392)) - Stopping the StorageContainerManager
2019-09-26 10:06:16,457 [main] INFO  server.StorageContainerManager (StorageContainerManager.java:stop(808)) - Stopping Replication Manager Service.
2019-09-26 10:06:16,457 [main] INFO  container.ReplicationManager (ReplicationManager.java:stop(204)) - Stopping Replication Monitor Thread.
2019-09-26 10:06:16,457 [main] INFO  server.StorageContainerManager (StorageContainerManager.java:stop(815)) - Stopping Lease Manager of the command watchers
2019-09-26 10:06:16,457 [main] INFO  server.StorageContainerManager (StorageContainerManager.java:stop(822)) - Stopping datanode service RPC server
2019-09-26 10:06:16,458 [main] INFO  server.SCMDatanodeProtocolServer (SCMDatanodeProtocolServer.java:stop(367)) - Stopping the RPC server for DataNodes
2019-09-26 10:06:16,458 [main] INFO  ipc.Server (Server.java:stop(3082)) - Stopping server on 46518
2019-09-26 10:06:16,461 [IPC Server listener on 46518] INFO  ipc.Server (Server.java:run(1185)) - Stopping IPC Server listener on 46518
2019-09-26 10:06:16,462 [IPC Server Responder] INFO  ipc.Server (Server.java:run(1319)) - Stopping IPC Server Responder
2019-09-26 10:06:16,533 [SCM Heartbeat Processing Thread - 0] WARN  node.NodeStateManager (NodeStateManager.java:scheduleNextHealthCheck(655)) - Current Thread is interrupted, shutting down HB processing thread for Node Manager.
2019-09-26 10:06:16,533 [main] INFO  server.StorageContainerManager (StorageContainerManager.java:stop(830)) - Stopping block service RPC server
2019-09-26 10:06:16,533 [main] INFO  server.SCMBlockProtocolServer (SCMBlockProtocolServer.java:stop(155)) - Stopping the RPC server for Block Protocol
2019-09-26 10:06:16,533 [main] INFO  ipc.Server (Server.java:stop(3082)) - Stopping server on 39513
2019-09-26 10:06:16,537 [IPC Server listener on 39513] INFO  ipc.Server (Server.java:run(1185)) - Stopping IPC Server listener on 39513
2019-09-26 10:06:16,537 [main] INFO  server.StorageContainerManager (StorageContainerManager.java:stop(837)) - Stopping the StorageContainerLocationProtocol RPC server
2019-09-26 10:06:16,537 [IPC Server Responder] INFO  ipc.Server (Server.java:run(1319)) - Stopping IPC Server Responder
2019-09-26 10:06:16,538 [main] INFO  server.SCMClientProtocolServer (SCMClientProtocolServer.java:stop(159)) - Stopping the RPC server for Client Protocol
2019-09-26 10:06:16,538 [main] INFO  ipc.Server (Server.java:stop(3082)) - Stopping server on 34765
2019-09-26 10:06:16,541 [IPC Server listener on 34765] INFO  ipc.Server (Server.java:run(1185)) - Stopping IPC Server listener on 34765
2019-09-26 10:06:16,541 [main] INFO  server.StorageContainerManager (StorageContainerManager.java:stop(844)) - Stopping Storage Container Manager HTTP server.
2019-09-26 10:06:16,541 [IPC Server Responder] INFO  ipc.Server (Server.java:run(1319)) - Stopping IPC Server Responder
2019-09-26 10:06:16,542 [main] INFO  handler.ContextHandler (ContextHandler.java:doStop(910)) - Stopped o.e.j.w.WebAppContext@124eb83d{/,null,UNAVAILABLE}{/scm}
2019-09-26 10:06:16,543 [main] INFO  server.AbstractConnector (AbstractConnector.java:doStop(318)) - Stopped ServerConnector@7970669c{HTTP/1.1,[http/1.1]}{0.0.0.0:0}
2019-09-26 10:06:16,543 [main] INFO  handler.ContextHandler (ContextHandler.java:doStop(910)) - Stopped o.e.j.s.ServletContextHandler@21e5f0b6{/static,file:///workdir/hadoop-ozone/integration-test/target/test-classes/webapps/static,UNAVAILABLE}
2019-09-26 10:06:16,543 [main] INFO  handler.ContextHandler (ContextHandler.java:doStop(910)) - Stopped o.e.j.s.ServletContextHandler@216c22ce{/logs,file:///workdir/hadoop-ozone/integration-test/target/log,UNAVAILABLE}
2019-09-26 10:06:16,544 [main] INFO  server.StorageContainerManager (StorageContainerManager.java:stop(855)) - Stopping Block Manager Service.
2019-09-26 10:06:16,544 [main] INFO  utils.BackgroundService (BackgroundService.java:shutdown(148)) - Shutting down service SCMBlockDeletingService
2019-09-26 10:06:16,545 [main] INFO  utils.BackgroundService (BackgroundService.java:shutdown(148)) - Shutting down service SCMBlockDeletingService
2019-09-26 10:06:16,545 [main] INFO  server.StorageContainerManager (StorageContainerManager.java:stop(877)) - Stopping SCM Event Queue.
2019-09-26 10:06:16,549 [main] INFO  impl.MetricsSystemImpl (MetricsSystemImpl.java:stop(210)) - Stopping HddsDatanode metrics system...
2019-09-26 10:06:16,598 [main] INFO  impl.MetricsSystemImpl (MetricsSystemImpl.java:stop(216)) - HddsDatanode metrics system stopped.
]]></system-out>
    <system-err><![CDATA[Exception in thread "583d69a3-91a3-48b1-b57b-32c881e6a62a@group-C97889D9F5EE:LeaderElection207" java.lang.IllegalStateException: ILLEGAL TRANSITION: In 583d69a3-91a3-48b1-b57b-32c881e6a62a@group-C97889D9F5EE:LeaderElection207, RUNNING -> CLOSED
	at org.apache.ratis.util.Preconditions.assertTrue(Preconditions.java:63)
	at org.apache.ratis.util.LifeCycle$State.validate(LifeCycle.java:123)
	at org.apache.ratis.util.LifeCycle.transition(LifeCycle.java:143)
	at org.apache.ratis.server.impl.LeaderElection.run(LeaderElection.java:155)
	at java.lang.Thread.run(Thread.java:748)
Exception in thread "583d69a3-91a3-48b1-b57b-32c881e6a62a@group-288C084D4CB6:LeaderElection208" java.lang.IllegalStateException: ILLEGAL TRANSITION: In 583d69a3-91a3-48b1-b57b-32c881e6a62a@group-288C084D4CB6:LeaderElection208, RUNNING -> CLOSED
	at org.apache.ratis.util.Preconditions.assertTrue(Preconditions.java:63)
	at org.apache.ratis.util.LifeCycle$State.validate(LifeCycle.java:123)
	at org.apache.ratis.util.LifeCycle.transition(LifeCycle.java:143)
	at org.apache.ratis.server.impl.LeaderElection.run(LeaderElection.java:155)
	at java.lang.Thread.run(Thread.java:748)
]]></system-err>
  </testcase>
  <testcase name="testFailureWithPrimeSizedData" classname="org.apache.hadoop.ozone.client.rpc.TestBlockOutputStreamWithFailures" time="28.366">
    <error message="Allocated 0 blocks. Requested 1 blocks" type="INTERNAL_ERROR org.apache.hadoop.ozone.om.exceptions.OMException">INTERNAL_ERROR org.apache.hadoop.ozone.om.exceptions.OMException: Allocated 0 blocks. Requested 1 blocks
	at org.apache.hadoop.ozone.om.protocolPB.OzoneManagerProtocolClientSideTranslatorPB.handleError(OzoneManagerProtocolClientSideTranslatorPB.java:732)
	at org.apache.hadoop.ozone.om.protocolPB.OzoneManagerProtocolClientSideTranslatorPB.openKey(OzoneManagerProtocolClientSideTranslatorPB.java:723)
	at sun.reflect.NativeMethodAccessorImpl.invoke0(Native Method)
	at sun.reflect.NativeMethodAccessorImpl.invoke(NativeMethodAccessorImpl.java:62)
	at sun.reflect.DelegatingMethodAccessorImpl.invoke(DelegatingMethodAccessorImpl.java:43)
	at java.lang.reflect.Method.invoke(Method.java:498)
	at org.apache.hadoop.hdds.tracing.TraceAllMethod.invoke(TraceAllMethod.java:66)
	at com.sun.proxy.$Proxy37.openKey(Unknown Source)
	at org.apache.hadoop.ozone.client.rpc.RpcClient.createKey(RpcClient.java:614)
	at org.apache.hadoop.ozone.client.OzoneBucket.createKey(OzoneBucket.java:325)
	at org.apache.hadoop.ozone.container.ContainerTestHelper.createKey(ContainerTestHelper.java:704)
	at org.apache.hadoop.ozone.client.rpc.TestBlockOutputStreamWithFailures.createKey(TestBlockOutputStreamWithFailures.java:1210)
	at org.apache.hadoop.ozone.client.rpc.TestBlockOutputStreamWithFailures.createKey(TestBlockOutputStreamWithFailures.java:1204)
	at org.apache.hadoop.ozone.client.rpc.TestBlockOutputStreamWithFailures.testFailureWithPrimeSizedData(TestBlockOutputStreamWithFailures.java:558)
	at sun.reflect.NativeMethodAccessorImpl.invoke0(Native Method)
	at sun.reflect.NativeMethodAccessorImpl.invoke(NativeMethodAccessorImpl.java:62)
	at sun.reflect.DelegatingMethodAccessorImpl.invoke(DelegatingMethodAccessorImpl.java:43)
	at java.lang.reflect.Method.invoke(Method.java:498)
	at org.junit.runners.model.FrameworkMethod$1.runReflectiveCall(FrameworkMethod.java:47)
	at org.junit.internal.runners.model.ReflectiveCallable.run(ReflectiveCallable.java:12)
	at org.junit.runners.model.FrameworkMethod.invokeExplosively(FrameworkMethod.java:44)
	at org.junit.internal.runners.statements.InvokeMethod.evaluate(InvokeMethod.java:17)
	at org.junit.internal.runners.statements.RunBefores.evaluate(RunBefores.java:26)
	at org.junit.internal.runners.statements.RunAfters.evaluate(RunAfters.java:27)
	at org.junit.runners.ParentRunner.runLeaf(ParentRunner.java:271)
	at org.junit.runners.BlockJUnit4ClassRunner.runChild(BlockJUnit4ClassRunner.java:70)
	at org.junit.runners.BlockJUnit4ClassRunner.runChild(BlockJUnit4ClassRunner.java:50)
	at org.junit.runners.ParentRunner$3.run(ParentRunner.java:238)
	at org.junit.runners.ParentRunner$1.schedule(ParentRunner.java:63)
	at org.junit.runners.ParentRunner.runChildren(ParentRunner.java:236)
	at org.junit.runners.ParentRunner.access$000(ParentRunner.java:53)
	at org.junit.runners.ParentRunner$2.evaluate(ParentRunner.java:229)
	at org.junit.runners.ParentRunner.run(ParentRunner.java:309)
	at org.apache.maven.surefire.junit4.JUnit4Provider.execute(JUnit4Provider.java:365)
	at org.apache.maven.surefire.junit4.JUnit4Provider.executeWithRerun(JUnit4Provider.java:273)
	at org.apache.maven.surefire.junit4.JUnit4Provider.executeTestSet(JUnit4Provider.java:238)
	at org.apache.maven.surefire.junit4.JUnit4Provider.invoke(JUnit4Provider.java:159)
	at org.apache.maven.surefire.booter.ForkedBooter.invokeProviderInSameClassLoader(ForkedBooter.java:384)
	at org.apache.maven.surefire.booter.ForkedBooter.runSuitesInProcess(ForkedBooter.java:345)
	at org.apache.maven.surefire.booter.ForkedBooter.execute(ForkedBooter.java:126)
	at org.apache.maven.surefire.booter.ForkedBooter.main(ForkedBooter.java:418)
</error>
    <system-out><![CDATA[2019-09-26 10:06:16,642 [main] WARN  server.ServerUtils (ServerUtils.java:getScmDbDir(145)) - ozone.scm.db.dirs is not configured. We recommend adding this setting. Falling back to ozone.metadata.dirs instead.
2019-09-26 10:06:16,651 [main] WARN  server.ServerUtils (ServerUtils.java:getScmDbDir(145)) - ozone.scm.db.dirs is not configured. We recommend adding this setting. Falling back to ozone.metadata.dirs instead.
2019-09-26 10:06:16,651 [main] WARN  server.ServerUtils (ServerUtils.java:getScmDbDir(145)) - ozone.scm.db.dirs is not configured. We recommend adding this setting. Falling back to ozone.metadata.dirs instead.
2019-09-26 10:06:16,651 [main] INFO  db.DBStoreBuilder (DBStoreBuilder.java:addTable(110)) - using custom profile for table: deletedBlocks
2019-09-26 10:06:16,651 [main] INFO  db.DBStoreBuilder (DBStoreBuilder.java:processTables(161)) - Using default column profile:DBProfile.DISK for Table:deletedBlocks
2019-09-26 10:06:16,652 [main] INFO  db.DBStoreBuilder (DBStoreBuilder.java:addTable(110)) - using custom profile for table: validCerts
2019-09-26 10:06:16,652 [main] INFO  db.DBStoreBuilder (DBStoreBuilder.java:processTables(161)) - Using default column profile:DBProfile.DISK for Table:validCerts
2019-09-26 10:06:16,652 [main] INFO  db.DBStoreBuilder (DBStoreBuilder.java:addTable(110)) - using custom profile for table: revokedCerts
2019-09-26 10:06:16,652 [main] INFO  db.DBStoreBuilder (DBStoreBuilder.java:processTables(161)) - Using default column profile:DBProfile.DISK for Table:revokedCerts
2019-09-26 10:06:16,652 [main] INFO  db.DBStoreBuilder (DBStoreBuilder.java:addTable(110)) - using custom profile for table: default
2019-09-26 10:06:16,653 [main] INFO  db.DBStoreBuilder (DBStoreBuilder.java:processTables(167)) - Using default column profile:DBProfile.DISK for Table:default
2019-09-26 10:06:16,653 [main] INFO  db.DBStoreBuilder (DBStoreBuilder.java:getDbProfile(198)) - Using default options. DBProfile.DISK
2019-09-26 10:06:16,801 [main] INFO  net.NodeSchemaLoader (NodeSchemaLoader.java:loadSchemaFromFile(125)) - Loading file from sun.misc.CompoundEnumeration@6b25ef1c
2019-09-26 10:06:16,801 [main] INFO  net.NodeSchemaLoader (NodeSchemaLoader.java:loadSchema(171)) - Loading network topology layer schema file
2019-09-26 10:06:16,805 [main] INFO  node.SCMNodeManager (SCMNodeManager.java:<init>(114)) - Entering startup safe mode.
2019-09-26 10:06:16,805 [main] INFO  algorithms.ContainerPlacementPolicyFactory (ContainerPlacementPolicyFactory.java:getPolicy(59)) - Create container placement policy of type org.apache.hadoop.hdds.scm.container.placement.algorithms.SCMContainerPlacementRandom
2019-09-26 10:06:16,806 [main] WARN  server.ServerUtils (ServerUtils.java:getScmDbDir(145)) - ozone.scm.db.dirs is not configured. We recommend adding this setting. Falling back to ozone.metadata.dirs instead.
2019-09-26 10:06:16,851 [main] INFO  pipeline.SCMPipelineManager (SCMPipelineManager.java:initializePipelineState(132)) - No pipeline exists in current db
2019-09-26 10:06:16,851 [main] WARN  server.ServerUtils (ServerUtils.java:getScmDbDir(145)) - ozone.scm.db.dirs is not configured. We recommend adding this setting. Falling back to ozone.metadata.dirs instead.
2019-09-26 10:06:16,897 [main] WARN  events.EventQueue (EventQueue.java:fireEvent(183)) - No event handler registered for event TypedEvent{payloadType=SafeModeStatus, name='SafeModeStatus'}
2019-09-26 10:06:16,898 [main] INFO  ipc.CallQueueManager (CallQueueManager.java:<init>(84)) - Using callQueue: class java.util.concurrent.LinkedBlockingQueue, queueCapacity: 2000, scheduler: class org.apache.hadoop.ipc.DefaultRpcScheduler, ipcBackoff: false.
2019-09-26 10:06:16,899 [Socket Reader #1 for port 44141] INFO  ipc.Server (Server.java:run(1074)) - Starting Socket Reader #1 for port 44141
2019-09-26 10:06:16,902 [main] INFO  ipc.CallQueueManager (CallQueueManager.java:<init>(84)) - Using callQueue: class java.util.concurrent.LinkedBlockingQueue, queueCapacity: 2000, scheduler: class org.apache.hadoop.ipc.DefaultRpcScheduler, ipcBackoff: false.
2019-09-26 10:06:16,903 [Socket Reader #1 for port 44738] INFO  ipc.Server (Server.java:run(1074)) - Starting Socket Reader #1 for port 44738
2019-09-26 10:06:16,905 [main] INFO  ipc.CallQueueManager (CallQueueManager.java:<init>(84)) - Using callQueue: class java.util.concurrent.LinkedBlockingQueue, queueCapacity: 2000, scheduler: class org.apache.hadoop.ipc.DefaultRpcScheduler, ipcBackoff: false.
2019-09-26 10:06:16,906 [Socket Reader #1 for port 44391] INFO  ipc.Server (Server.java:run(1074)) - Starting Socket Reader #1 for port 44391
2019-09-26 10:06:16,910 [main] INFO  hdfs.DFSUtil (DFSUtil.java:httpServerTemplateForNNAndJN(1641)) - Starting Web-server for scm at: http://0.0.0.0:0
2019-09-26 10:06:16,918 [main] INFO  server.AuthenticationFilter (AuthenticationFilter.java:constructSecretProvider(240)) - Unable to initialize FileSignerSecretProvider, falling back to use random secrets.
2019-09-26 10:06:16,919 [main] WARN  http.HttpRequestLog (HttpRequestLog.java:getRequestLog(97)) - Jetty request log can only be enabled using Log4j
2019-09-26 10:06:16,921 [main] INFO  http.HttpServer2 (HttpServer2.java:addGlobalFilter(975)) - Added global filter 'safety' (class=org.apache.hadoop.http.HttpServer2$QuotingInputFilter)
2019-09-26 10:06:16,922 [main] INFO  http.HttpServer2 (HttpServer2.java:addFilter(948)) - Added filter static_user_filter (class=org.apache.hadoop.http.lib.StaticUserWebFilter$StaticUserFilter) to context scm
2019-09-26 10:06:16,922 [main] INFO  http.HttpServer2 (HttpServer2.java:addFilter(958)) - Added filter static_user_filter (class=org.apache.hadoop.http.lib.StaticUserWebFilter$StaticUserFilter) to context logs
2019-09-26 10:06:16,922 [main] INFO  http.HttpServer2 (HttpServer2.java:addFilter(958)) - Added filter static_user_filter (class=org.apache.hadoop.http.lib.StaticUserWebFilter$StaticUserFilter) to context static
2019-09-26 10:06:16,924 [main] INFO  server.StorageContainerManager (StorageContainerManager.java:start(770)) - StorageContainerLocationProtocol RPC server is listening at /0.0.0.0:44391
2019-09-26 10:06:16,927 [main] WARN  impl.MetricsConfig (MetricsConfig.java:loadFirst(134)) - Cannot locate configuration: tried hadoop-metrics2-storagecontainermanager.properties,hadoop-metrics2.properties
2019-09-26 10:06:16,928 [main] INFO  impl.MetricsSystemImpl (MetricsSystemImpl.java:startTimer(374)) - Scheduled Metric snapshot period at 10 second(s).
2019-09-26 10:06:16,928 [main] INFO  impl.MetricsSystemImpl (MetricsSystemImpl.java:start(191)) - StorageContainerManager metrics system started
2019-09-26 10:06:17,034 [main] WARN  impl.MetricsSystemImpl (MetricsSystemImpl.java:register(276)) - Sink prometheus already exists!
2019-09-26 10:06:17,326 [main] INFO  server.SCMClientProtocolServer (SCMClientProtocolServer.java:start(151)) - RPC server for Client  is listening at /0.0.0.0:44391
2019-09-26 10:06:17,327 [IPC Server Responder] INFO  ipc.Server (Server.java:run(1314)) - IPC Server Responder: starting
2019-09-26 10:06:17,327 [IPC Server listener on 44391] INFO  ipc.Server (Server.java:run(1153)) - IPC Server listener on 44391: starting
2019-09-26 10:06:17,332 [main] INFO  server.StorageContainerManager (StorageContainerManager.java:start(780)) - ScmBlockLocationProtocol RPC server is listening at /0.0.0.0:44738
2019-09-26 10:06:17,332 [main] INFO  server.SCMBlockProtocolServer (SCMBlockProtocolServer.java:start(146)) - RPC server for Block Protocol is listening at /0.0.0.0:44738
2019-09-26 10:06:17,333 [IPC Server Responder] INFO  ipc.Server (Server.java:run(1314)) - IPC Server Responder: starting
2019-09-26 10:06:17,334 [IPC Server listener on 44738] INFO  ipc.Server (Server.java:run(1153)) - IPC Server listener on 44738: starting
2019-09-26 10:06:17,339 [main] INFO  server.StorageContainerManager (StorageContainerManager.java:start(784)) - ScmDatanodeProtocl RPC server is listening at /0.0.0.0:44141
2019-09-26 10:06:17,339 [main] INFO  server.SCMDatanodeProtocolServer (SCMDatanodeProtocolServer.java:start(191)) - RPC server for DataNodes is listening at /0.0.0.0:44141
2019-09-26 10:06:17,339 [IPC Server Responder] INFO  ipc.Server (Server.java:run(1314)) - IPC Server Responder: starting
2019-09-26 10:06:17,339 [IPC Server listener on 44141] INFO  ipc.Server (Server.java:run(1153)) - IPC Server listener on 44141: starting
2019-09-26 10:06:17,348 [main] INFO  http.HttpServer2 (HttpServer2.java:bindListener(1191)) - Jetty bound to port 46059
2019-09-26 10:06:17,348 [main] INFO  server.Server (Server.java:doStart(351)) - jetty-9.3.25.v20180904, build timestamp: 2018-09-04T21:11:46Z, git hash: 3ce520221d0240229c862b122d2b06c12a625732
2019-09-26 10:06:17,350 [main] INFO  handler.ContextHandler (ContextHandler.java:doStart(781)) - Started o.e.j.s.ServletContextHandler@566c1e71{/logs,file:///workdir/hadoop-ozone/integration-test/target/log,AVAILABLE}
2019-09-26 10:06:17,350 [main] INFO  handler.ContextHandler (ContextHandler.java:doStart(781)) - Started o.e.j.s.ServletContextHandler@504497fa{/static,file:///workdir/hadoop-ozone/integration-test/target/test-classes/webapps/static,AVAILABLE}
2019-09-26 10:06:17,353 [main] INFO  handler.ContextHandler (ContextHandler.java:doStart(781)) - Started o.e.j.w.WebAppContext@da09250{/,file:///workdir/hadoop-ozone/integration-test/target/test-classes/webapps/scm/,AVAILABLE}{/scm}
2019-09-26 10:06:17,354 [main] INFO  server.AbstractConnector (AbstractConnector.java:doStart(278)) - Started ServerConnector@6d31f106{HTTP/1.1,[http/1.1]}{0.0.0.0:46059}
2019-09-26 10:06:17,355 [main] INFO  server.Server (Server.java:doStart(419)) - Started @552269ms
2019-09-26 10:06:17,355 [main] WARN  impl.MetricsSystemImpl (MetricsSystemImpl.java:register(276)) - Sink prometheus already exists!
2019-09-26 10:06:17,357 [main] INFO  server.BaseHttpServer (BaseHttpServer.java:updateConnectorAddress(215)) - HTTP server of SCM is listening at http://0.0.0.0:46059
2019-09-26 10:06:17,359 [main] WARN  server.ServerUtils (ServerUtils.java:getDBPath(222)) - ozone.om.db.dirs is not configured. We recommend adding this setting. Falling back to ozone.metadata.dirs instead.
2019-09-26 10:06:17,359 [org.apache.hadoop.util.JvmPauseMonitor$Monitor@660b1a9d] INFO  util.JvmPauseMonitor (JvmPauseMonitor.java:run(188)) - Starting JVM pause monitor
2019-09-26 10:06:17,364 [main] WARN  server.ServerUtils (ServerUtils.java:getDBPath(222)) - ozone.om.db.dirs is not configured. We recommend adding this setting. Falling back to ozone.metadata.dirs instead.
2019-09-26 10:06:17,365 [main] WARN  server.ServerUtils (ServerUtils.java:getDBPath(222)) - ozone.om.db.dirs is not configured. We recommend adding this setting. Falling back to ozone.metadata.dirs instead.
2019-09-26 10:06:17,365 [main] INFO  om.OzoneManager (OzoneManager.java:setOMNodeDetails(652)) - OM Service ID is not set. Setting it to the default ID: omServiceIdDefault
2019-09-26 10:06:17,365 [main] INFO  om.OzoneManager (OzoneManager.java:setOMNodeDetails(658)) - OM Node ID is not set. Setting it to the OmStorage's OmID: 5bef5b5f-0a5d-473f-8519-8d8de9a81655
2019-09-26 10:06:17,366 [main] INFO  om.OzoneManager (OzoneManager.java:loadOMHAConfigs(609)) - Found matching OM address with OMServiceId: null, OMNodeId: null, RPC Address: localhost:0 and Ratis port: 9872
2019-09-26 10:06:17,373 [main] WARN  server.ServerUtils (ServerUtils.java:getDBPath(222)) - ozone.om.db.dirs is not configured. We recommend adding this setting. Falling back to ozone.metadata.dirs instead.
2019-09-26 10:06:17,374 [main] INFO  db.DBStoreBuilder (DBStoreBuilder.java:addTable(110)) - using custom profile for table: userTable
2019-09-26 10:06:17,374 [main] INFO  db.DBStoreBuilder (DBStoreBuilder.java:processTables(161)) - Using default column profile:DBProfile.DISK for Table:userTable
2019-09-26 10:06:17,374 [main] INFO  db.DBStoreBuilder (DBStoreBuilder.java:addTable(110)) - using custom profile for table: volumeTable
2019-09-26 10:06:17,374 [main] INFO  db.DBStoreBuilder (DBStoreBuilder.java:processTables(161)) - Using default column profile:DBProfile.DISK for Table:volumeTable
2019-09-26 10:06:17,374 [main] INFO  db.DBStoreBuilder (DBStoreBuilder.java:addTable(110)) - using custom profile for table: bucketTable
2019-09-26 10:06:17,375 [main] INFO  db.DBStoreBuilder (DBStoreBuilder.java:processTables(161)) - Using default column profile:DBProfile.DISK for Table:bucketTable
2019-09-26 10:06:17,375 [main] INFO  db.DBStoreBuilder (DBStoreBuilder.java:addTable(110)) - using custom profile for table: keyTable
2019-09-26 10:06:17,375 [main] INFO  db.DBStoreBuilder (DBStoreBuilder.java:processTables(161)) - Using default column profile:DBProfile.DISK for Table:keyTable
2019-09-26 10:06:17,375 [main] INFO  db.DBStoreBuilder (DBStoreBuilder.java:addTable(110)) - using custom profile for table: deletedTable
2019-09-26 10:06:17,376 [main] INFO  db.DBStoreBuilder (DBStoreBuilder.java:processTables(161)) - Using default column profile:DBProfile.DISK for Table:deletedTable
2019-09-26 10:06:17,376 [main] INFO  db.DBStoreBuilder (DBStoreBuilder.java:addTable(110)) - using custom profile for table: openKeyTable
2019-09-26 10:06:17,376 [main] INFO  db.DBStoreBuilder (DBStoreBuilder.java:processTables(161)) - Using default column profile:DBProfile.DISK for Table:openKeyTable
2019-09-26 10:06:17,376 [main] INFO  db.DBStoreBuilder (DBStoreBuilder.java:addTable(110)) - using custom profile for table: s3Table
2019-09-26 10:06:17,376 [main] INFO  db.DBStoreBuilder (DBStoreBuilder.java:processTables(161)) - Using default column profile:DBProfile.DISK for Table:s3Table
2019-09-26 10:06:17,377 [main] INFO  db.DBStoreBuilder (DBStoreBuilder.java:addTable(110)) - using custom profile for table: multipartInfoTable
2019-09-26 10:06:17,377 [main] INFO  db.DBStoreBuilder (DBStoreBuilder.java:processTables(161)) - Using default column profile:DBProfile.DISK for Table:multipartInfoTable
2019-09-26 10:06:17,377 [main] INFO  db.DBStoreBuilder (DBStoreBuilder.java:addTable(110)) - using custom profile for table: dTokenTable
2019-09-26 10:06:17,377 [main] INFO  db.DBStoreBuilder (DBStoreBuilder.java:processTables(161)) - Using default column profile:DBProfile.DISK for Table:dTokenTable
2019-09-26 10:06:17,377 [main] INFO  db.DBStoreBuilder (DBStoreBuilder.java:addTable(110)) - using custom profile for table: s3SecretTable
2019-09-26 10:06:17,378 [main] INFO  db.DBStoreBuilder (DBStoreBuilder.java:processTables(161)) - Using default column profile:DBProfile.DISK for Table:s3SecretTable
2019-09-26 10:06:17,378 [main] INFO  db.DBStoreBuilder (DBStoreBuilder.java:addTable(110)) - using custom profile for table: prefixTable
2019-09-26 10:06:17,378 [main] INFO  db.DBStoreBuilder (DBStoreBuilder.java:processTables(161)) - Using default column profile:DBProfile.DISK for Table:prefixTable
2019-09-26 10:06:17,378 [main] INFO  db.DBStoreBuilder (DBStoreBuilder.java:addTable(110)) - using custom profile for table: default
2019-09-26 10:06:17,378 [main] INFO  db.DBStoreBuilder (DBStoreBuilder.java:processTables(167)) - Using default column profile:DBProfile.DISK for Table:default
2019-09-26 10:06:17,379 [main] INFO  db.DBStoreBuilder (DBStoreBuilder.java:getDbProfile(198)) - Using default options. DBProfile.DISK
2019-09-26 10:06:17,840 [main] INFO  ipc.CallQueueManager (CallQueueManager.java:<init>(84)) - Using callQueue: class java.util.concurrent.LinkedBlockingQueue, queueCapacity: 2000, scheduler: class org.apache.hadoop.ipc.DefaultRpcScheduler, ipcBackoff: false.
2019-09-26 10:06:17,841 [Socket Reader #1 for port 42130] INFO  ipc.Server (Server.java:run(1074)) - Starting Socket Reader #1 for port 42130
2019-09-26 10:06:17,860 [main] INFO  om.OzoneManager (OzoneManager.java:start(1243)) - OzoneManager RPC server is listening at localhost/127.0.0.1:42130
2019-09-26 10:06:17,860 [main] INFO  impl.MetricsSystemImpl (MetricsSystemImpl.java:init(158)) - OzoneManager metrics system started (again)
2019-09-26 10:06:17,860 [IPC Server Responder] INFO  ipc.Server (Server.java:run(1314)) - IPC Server Responder: starting
2019-09-26 10:06:17,860 [IPC Server listener on 42130] INFO  ipc.Server (Server.java:run(1153)) - IPC Server listener on 42130: starting
2019-09-26 10:06:17,872 [main] INFO  hdfs.DFSUtil (DFSUtil.java:httpServerTemplateForNNAndJN(1641)) - Starting Web-server for ozoneManager at: http://0.0.0.0:0
2019-09-26 10:06:17,874 [main] INFO  server.AuthenticationFilter (AuthenticationFilter.java:constructSecretProvider(240)) - Unable to initialize FileSignerSecretProvider, falling back to use random secrets.
2019-09-26 10:06:17,875 [main] WARN  http.HttpRequestLog (HttpRequestLog.java:getRequestLog(97)) - Jetty request log can only be enabled using Log4j
2019-09-26 10:06:17,877 [main] INFO  http.HttpServer2 (HttpServer2.java:addGlobalFilter(975)) - Added global filter 'safety' (class=org.apache.hadoop.http.HttpServer2$QuotingInputFilter)
2019-09-26 10:06:17,878 [main] INFO  http.HttpServer2 (HttpServer2.java:addFilter(948)) - Added filter static_user_filter (class=org.apache.hadoop.http.lib.StaticUserWebFilter$StaticUserFilter) to context ozoneManager
2019-09-26 10:06:17,878 [main] INFO  http.HttpServer2 (HttpServer2.java:addFilter(958)) - Added filter static_user_filter (class=org.apache.hadoop.http.lib.StaticUserWebFilter$StaticUserFilter) to context logs
2019-09-26 10:06:17,878 [main] INFO  http.HttpServer2 (HttpServer2.java:addFilter(958)) - Added filter static_user_filter (class=org.apache.hadoop.http.lib.StaticUserWebFilter$StaticUserFilter) to context static
2019-09-26 10:06:17,879 [main] INFO  http.HttpServer2 (HttpServer2.java:bindListener(1191)) - Jetty bound to port 43544
2019-09-26 10:06:17,880 [main] INFO  server.Server (Server.java:doStart(351)) - jetty-9.3.25.v20180904, build timestamp: 2018-09-04T21:11:46Z, git hash: 3ce520221d0240229c862b122d2b06c12a625732
2019-09-26 10:06:17,882 [main] INFO  handler.ContextHandler (ContextHandler.java:doStart(781)) - Started o.e.j.s.ServletContextHandler@722787b5{/logs,file:///workdir/hadoop-ozone/integration-test/target/log,AVAILABLE}
2019-09-26 10:06:17,882 [main] INFO  handler.ContextHandler (ContextHandler.java:doStart(781)) - Started o.e.j.s.ServletContextHandler@8b41ad{/static,file:///workdir/hadoop-ozone/integration-test/target/test-classes/webapps/static,AVAILABLE}
2019-09-26 10:06:17,887 [main] INFO  handler.ContextHandler (ContextHandler.java:doStart(781)) - Started o.e.j.w.WebAppContext@41f964f9{/,file:///workdir/hadoop-ozone/integration-test/target/test-classes/webapps/ozoneManager/,AVAILABLE}{/ozoneManager}
2019-09-26 10:06:17,887 [main] INFO  server.AbstractConnector (AbstractConnector.java:doStart(278)) - Started ServerConnector@652e345{HTTP/1.1,[http/1.1]}{0.0.0.0:43544}
2019-09-26 10:06:17,887 [main] INFO  server.Server (Server.java:doStart(419)) - Started @552801ms
2019-09-26 10:06:17,889 [main] WARN  impl.MetricsSystemImpl (MetricsSystemImpl.java:register(276)) - Sink prometheus already exists!
2019-09-26 10:06:17,890 [main] INFO  server.BaseHttpServer (BaseHttpServer.java:updateConnectorAddress(215)) - HTTP server of OZONEMANAGER is listening at http://0.0.0.0:43544
2019-09-26 10:06:17,904 [main] INFO  impl.MetricsSystemImpl (MetricsSystemImpl.java:init(158)) - HddsDatanode metrics system started (again)
2019-09-26 10:06:17,913 [main] INFO  ozone.HddsDatanodeService (HddsDatanodeService.java:start(184)) - HddsDatanodeService host:pr-hdds-1569-wvzgm-824869521 ip:192.168.30.13
2019-09-26 10:06:17,925 [main] INFO  volume.HddsVolume (HddsVolume.java:<init>(176)) - Creating Volume: /workdir/hadoop-ozone/integration-test/target/test-dir/MiniOzoneClusterImpl-0a4d6173-89d3-45ab-a960-64e25af93069/datanode-0/data/containers/hdds of  storage type : DISK and capacity : 1482555576320
2019-09-26 10:06:17,925 [main] INFO  volume.VolumeSet (VolumeSet.java:initializeVolumeSet(170)) - Added Volume : /workdir/hadoop-ozone/integration-test/target/test-dir/MiniOzoneClusterImpl-0a4d6173-89d3-45ab-a960-64e25af93069/datanode-0/data/containers/hdds to VolumeSet
2019-09-26 10:06:17,925 [main] INFO  volume.ThrottledAsyncChecker (ThrottledAsyncChecker.java:schedule(139)) - Scheduling a check for org.apache.hadoop.ozone.container.common.volume.HddsVolume@28554ac8
2019-09-26 10:06:17,925 [main] INFO  volume.HddsVolumeChecker (HddsVolumeChecker.java:checkAllVolumes(202)) - Scheduled health check for volume org.apache.hadoop.ozone.container.common.volume.HddsVolume@28554ac8
2019-09-26 10:06:17,939 [main] INFO  impl.RaftServerProxy (ConfUtils.java:logGet(43)) - raft.rpc.type = GRPC (default)
2019-09-26 10:06:17,940 [main] INFO  grpc.GrpcFactory (GrpcFactory.java:checkPooledByteBufAllocatorUseCacheForAllThreads(45)) - PERFORMANCE WARNING: useCacheForAllThreads is true that may cause Netty to create a lot garbage objects and, as a result, trigger GC.
	It is recommended to disable useCacheForAllThreads by setting -Dorg.apache.ratis.thirdparty.io.netty.allocator.useCacheForAllThreads=false in command line.
2019-09-26 10:06:17,940 [main] INFO  grpc.GrpcConfigKeys$Server (ConfUtils.java:logGet(43)) - raft.grpc.server.port = 0 (default)
2019-09-26 10:06:17,940 [main] INFO  server.GrpcService (ConfUtils.java:logGet(43)) - raft.grpc.message.size.max = 33570816 (custom)
2019-09-26 10:06:17,940 [main] INFO  server.RaftServerConfigKeys (ConfUtils.java:logGet(43)) - raft.server.log.appender.buffer.byte-limit = 33554432 (custom)
2019-09-26 10:06:17,940 [main] INFO  server.GrpcService (ConfUtils.java:logGet(43)) - raft.grpc.flow.control.window = 1MB (=1048576) (default)
2019-09-26 10:06:17,941 [main] INFO  server.RaftServerConfigKeys (ConfUtils.java:logGet(43)) - raft.server.rpc.request.timeout = 3000ms (default)
2019-09-26 10:06:17,941 [main] INFO  server.RaftServerConfigKeys (ConfUtils.java:logGet(43)) - raft.server.storage.dir = [/workdir/hadoop-ozone/integration-test/target/test-dir/MiniOzoneClusterImpl-0a4d6173-89d3-45ab-a960-64e25af93069/datanode-0/data/ratis] (custom)
2019-09-26 10:06:17,942 [main] INFO  hdfs.DFSUtil (DFSUtil.java:httpServerTemplateForNNAndJN(1641)) - Starting Web-server for hddsDatanode at: http://0.0.0.0:0
2019-09-26 10:06:17,943 [main] INFO  server.AuthenticationFilter (AuthenticationFilter.java:constructSecretProvider(240)) - Unable to initialize FileSignerSecretProvider, falling back to use random secrets.
2019-09-26 10:06:17,944 [main] WARN  http.HttpRequestLog (HttpRequestLog.java:getRequestLog(97)) - Jetty request log can only be enabled using Log4j
2019-09-26 10:06:17,945 [main] INFO  http.HttpServer2 (HttpServer2.java:addGlobalFilter(975)) - Added global filter 'safety' (class=org.apache.hadoop.http.HttpServer2$QuotingInputFilter)
2019-09-26 10:06:17,945 [main] INFO  http.HttpServer2 (HttpServer2.java:addFilter(948)) - Added filter static_user_filter (class=org.apache.hadoop.http.lib.StaticUserWebFilter$StaticUserFilter) to context hddsDatanode
2019-09-26 10:06:17,945 [main] INFO  http.HttpServer2 (HttpServer2.java:addFilter(958)) - Added filter static_user_filter (class=org.apache.hadoop.http.lib.StaticUserWebFilter$StaticUserFilter) to context static
2019-09-26 10:06:17,946 [main] INFO  http.HttpServer2 (HttpServer2.java:addFilter(958)) - Added filter static_user_filter (class=org.apache.hadoop.http.lib.StaticUserWebFilter$StaticUserFilter) to context logs
2019-09-26 10:06:17,946 [main] INFO  http.HttpServer2 (HttpServer2.java:bindListener(1191)) - Jetty bound to port 38013
2019-09-26 10:06:17,946 [main] INFO  server.Server (Server.java:doStart(351)) - jetty-9.3.25.v20180904, build timestamp: 2018-09-04T21:11:46Z, git hash: 3ce520221d0240229c862b122d2b06c12a625732
2019-09-26 10:06:17,948 [main] INFO  handler.ContextHandler (ContextHandler.java:doStart(781)) - Started o.e.j.s.ServletContextHandler@2049e582{/logs,file:///workdir/hadoop-ozone/integration-test/target/log,AVAILABLE}
2019-09-26 10:06:17,948 [main] INFO  handler.ContextHandler (ContextHandler.java:doStart(781)) - Started o.e.j.s.ServletContextHandler@2c99c8d{/static,jar:file:/home/user/.m2/repository/org/apache/hadoop/hadoop-hdds-container-service/0.5.0-SNAPSHOT/hadoop-hdds-container-service-0.5.0-SNAPSHOT.jar!/webapps/static,AVAILABLE}
2019-09-26 10:06:17,975 [main] INFO  handler.ContextHandler (ContextHandler.java:doStart(781)) - Started o.e.j.w.WebAppContext@1e120628{/,file:///tmp/jetty-0.0.0.0-38013-hddsDatanode-_-any-4024098089889258163.dir/webapp/,AVAILABLE}{/hddsDatanode}
2019-09-26 10:06:17,975 [main] INFO  server.AbstractConnector (AbstractConnector.java:doStart(278)) - Started ServerConnector@4e4894d{HTTP/1.1,[http/1.1]}{0.0.0.0:38013}
2019-09-26 10:06:17,977 [main] INFO  server.Server (Server.java:doStart(419)) - Started @552891ms
2019-09-26 10:06:17,977 [main] WARN  impl.MetricsSystemImpl (MetricsSystemImpl.java:register(276)) - Sink prometheus already exists!
2019-09-26 10:06:17,978 [main] INFO  server.BaseHttpServer (BaseHttpServer.java:updateConnectorAddress(215)) - HTTP server of HDDSDATANODE is listening at http://0.0.0.0:38013
2019-09-26 10:06:17,979 [main] INFO  impl.MetricsSystemImpl (MetricsSystemImpl.java:init(158)) - HddsDatanode metrics system started (again)
2019-09-26 10:06:17,988 [org.apache.hadoop.util.JvmPauseMonitor$Monitor@7f3fb720] INFO  util.JvmPauseMonitor (JvmPauseMonitor.java:run(188)) - Starting JVM pause monitor
2019-09-26 10:06:17,989 [main] INFO  ozone.HddsDatanodeService (HddsDatanodeService.java:start(184)) - HddsDatanodeService host:pr-hdds-1569-wvzgm-824869521 ip:192.168.30.13
2019-09-26 10:06:17,990 [Datanode State Machine Thread - 0] INFO  datanode.InitDatanodeState (InitDatanodeState.java:persistContainerDatanodeDetails(140)) - DatanodeDetails is persisted to /workdir/hadoop-ozone/integration-test/target/test-dir/MiniOzoneClusterImpl-0a4d6173-89d3-45ab-a960-64e25af93069/datanode-0/meta/datanode.id
2019-09-26 10:06:17,996 [main] INFO  volume.HddsVolume (HddsVolume.java:<init>(176)) - Creating Volume: /workdir/hadoop-ozone/integration-test/target/test-dir/MiniOzoneClusterImpl-0a4d6173-89d3-45ab-a960-64e25af93069/datanode-1/data/containers/hdds of  storage type : DISK and capacity : 1482555576320
2019-09-26 10:06:17,996 [main] INFO  volume.VolumeSet (VolumeSet.java:initializeVolumeSet(170)) - Added Volume : /workdir/hadoop-ozone/integration-test/target/test-dir/MiniOzoneClusterImpl-0a4d6173-89d3-45ab-a960-64e25af93069/datanode-1/data/containers/hdds to VolumeSet
2019-09-26 10:06:17,996 [main] INFO  volume.ThrottledAsyncChecker (ThrottledAsyncChecker.java:schedule(139)) - Scheduling a check for org.apache.hadoop.ozone.container.common.volume.HddsVolume@c212536
2019-09-26 10:06:17,996 [main] INFO  volume.HddsVolumeChecker (HddsVolumeChecker.java:checkAllVolumes(202)) - Scheduled health check for volume org.apache.hadoop.ozone.container.common.volume.HddsVolume@c212536
2019-09-26 10:06:18,008 [main] INFO  impl.RaftServerProxy (ConfUtils.java:logGet(43)) - raft.rpc.type = GRPC (default)
2019-09-26 10:06:18,009 [main] INFO  grpc.GrpcFactory (GrpcFactory.java:checkPooledByteBufAllocatorUseCacheForAllThreads(45)) - PERFORMANCE WARNING: useCacheForAllThreads is true that may cause Netty to create a lot garbage objects and, as a result, trigger GC.
	It is recommended to disable useCacheForAllThreads by setting -Dorg.apache.ratis.thirdparty.io.netty.allocator.useCacheForAllThreads=false in command line.
2019-09-26 10:06:18,009 [main] INFO  grpc.GrpcConfigKeys$Server (ConfUtils.java:logGet(43)) - raft.grpc.server.port = 0 (default)
2019-09-26 10:06:18,009 [main] INFO  server.GrpcService (ConfUtils.java:logGet(43)) - raft.grpc.message.size.max = 33570816 (custom)
2019-09-26 10:06:18,009 [main] INFO  server.RaftServerConfigKeys (ConfUtils.java:logGet(43)) - raft.server.log.appender.buffer.byte-limit = 33554432 (custom)
2019-09-26 10:06:18,009 [main] INFO  server.GrpcService (ConfUtils.java:logGet(43)) - raft.grpc.flow.control.window = 1MB (=1048576) (default)
2019-09-26 10:06:18,010 [main] INFO  server.RaftServerConfigKeys (ConfUtils.java:logGet(43)) - raft.server.rpc.request.timeout = 3000ms (default)
2019-09-26 10:06:18,010 [main] INFO  server.RaftServerConfigKeys (ConfUtils.java:logGet(43)) - raft.server.storage.dir = [/workdir/hadoop-ozone/integration-test/target/test-dir/MiniOzoneClusterImpl-0a4d6173-89d3-45ab-a960-64e25af93069/datanode-1/data/ratis] (custom)
2019-09-26 10:06:18,011 [main] INFO  hdfs.DFSUtil (DFSUtil.java:httpServerTemplateForNNAndJN(1641)) - Starting Web-server for hddsDatanode at: http://0.0.0.0:0
2019-09-26 10:06:18,012 [main] INFO  server.AuthenticationFilter (AuthenticationFilter.java:constructSecretProvider(240)) - Unable to initialize FileSignerSecretProvider, falling back to use random secrets.
2019-09-26 10:06:18,013 [main] WARN  http.HttpRequestLog (HttpRequestLog.java:getRequestLog(97)) - Jetty request log can only be enabled using Log4j
2019-09-26 10:06:18,014 [main] INFO  http.HttpServer2 (HttpServer2.java:addGlobalFilter(975)) - Added global filter 'safety' (class=org.apache.hadoop.http.HttpServer2$QuotingInputFilter)
2019-09-26 10:06:18,014 [main] INFO  http.HttpServer2 (HttpServer2.java:addFilter(948)) - Added filter static_user_filter (class=org.apache.hadoop.http.lib.StaticUserWebFilter$StaticUserFilter) to context hddsDatanode
2019-09-26 10:06:18,014 [main] INFO  http.HttpServer2 (HttpServer2.java:addFilter(958)) - Added filter static_user_filter (class=org.apache.hadoop.http.lib.StaticUserWebFilter$StaticUserFilter) to context logs
2019-09-26 10:06:18,014 [main] INFO  http.HttpServer2 (HttpServer2.java:addFilter(958)) - Added filter static_user_filter (class=org.apache.hadoop.http.lib.StaticUserWebFilter$StaticUserFilter) to context static
2019-09-26 10:06:18,015 [main] INFO  http.HttpServer2 (HttpServer2.java:bindListener(1191)) - Jetty bound to port 43002
2019-09-26 10:06:18,015 [main] INFO  server.Server (Server.java:doStart(351)) - jetty-9.3.25.v20180904, build timestamp: 2018-09-04T21:11:46Z, git hash: 3ce520221d0240229c862b122d2b06c12a625732
2019-09-26 10:06:18,016 [main] INFO  handler.ContextHandler (ContextHandler.java:doStart(781)) - Started o.e.j.s.ServletContextHandler@54c11750{/logs,file:///workdir/hadoop-ozone/integration-test/target/log,AVAILABLE}
2019-09-26 10:06:18,017 [main] INFO  handler.ContextHandler (ContextHandler.java:doStart(781)) - Started o.e.j.s.ServletContextHandler@5cd8d029{/static,jar:file:/home/user/.m2/repository/org/apache/hadoop/hadoop-hdds-container-service/0.5.0-SNAPSHOT/hadoop-hdds-container-service-0.5.0-SNAPSHOT.jar!/webapps/static,AVAILABLE}
2019-09-26 10:06:18,043 [main] INFO  handler.ContextHandler (ContextHandler.java:doStart(781)) - Started o.e.j.w.WebAppContext@11399548{/,file:///tmp/jetty-0.0.0.0-43002-hddsDatanode-_-any-3495171260701761389.dir/webapp/,AVAILABLE}{/hddsDatanode}
2019-09-26 10:06:18,044 [main] INFO  server.AbstractConnector (AbstractConnector.java:doStart(278)) - Started ServerConnector@610fbe1c{HTTP/1.1,[http/1.1]}{0.0.0.0:43002}
2019-09-26 10:06:18,046 [main] INFO  server.Server (Server.java:doStart(419)) - Started @552960ms
2019-09-26 10:06:18,047 [main] WARN  impl.MetricsSystemImpl (MetricsSystemImpl.java:register(276)) - Sink prometheus already exists!
2019-09-26 10:06:18,047 [main] INFO  server.BaseHttpServer (BaseHttpServer.java:updateConnectorAddress(215)) - HTTP server of HDDSDATANODE is listening at http://0.0.0.0:43002
2019-09-26 10:06:18,048 [main] INFO  impl.MetricsSystemImpl (MetricsSystemImpl.java:init(158)) - HddsDatanode metrics system started (again)
2019-09-26 10:06:18,057 [org.apache.hadoop.util.JvmPauseMonitor$Monitor@2e8783b4] INFO  util.JvmPauseMonitor (JvmPauseMonitor.java:run(188)) - Starting JVM pause monitor
2019-09-26 10:06:18,058 [main] INFO  ozone.HddsDatanodeService (HddsDatanodeService.java:start(184)) - HddsDatanodeService host:pr-hdds-1569-wvzgm-824869521 ip:192.168.30.13
2019-09-26 10:06:18,155 [main] INFO  volume.HddsVolume (HddsVolume.java:<init>(176)) - Creating Volume: /workdir/hadoop-ozone/integration-test/target/test-dir/MiniOzoneClusterImpl-0a4d6173-89d3-45ab-a960-64e25af93069/datanode-2/data/containers/hdds of  storage type : DISK and capacity : 1482555576320
2019-09-26 10:06:18,156 [main] INFO  volume.VolumeSet (VolumeSet.java:initializeVolumeSet(170)) - Added Volume : /workdir/hadoop-ozone/integration-test/target/test-dir/MiniOzoneClusterImpl-0a4d6173-89d3-45ab-a960-64e25af93069/datanode-2/data/containers/hdds to VolumeSet
2019-09-26 10:06:18,156 [Datanode State Machine Thread - 0] INFO  datanode.InitDatanodeState (InitDatanodeState.java:persistContainerDatanodeDetails(140)) - DatanodeDetails is persisted to /workdir/hadoop-ozone/integration-test/target/test-dir/MiniOzoneClusterImpl-0a4d6173-89d3-45ab-a960-64e25af93069/datanode-1/meta/datanode.id
2019-09-26 10:06:18,156 [main] INFO  volume.ThrottledAsyncChecker (ThrottledAsyncChecker.java:schedule(139)) - Scheduling a check for org.apache.hadoop.ozone.container.common.volume.HddsVolume@f03ee8f
2019-09-26 10:06:18,157 [main] INFO  volume.HddsVolumeChecker (HddsVolumeChecker.java:checkAllVolumes(202)) - Scheduled health check for volume org.apache.hadoop.ozone.container.common.volume.HddsVolume@f03ee8f
2019-09-26 10:06:18,169 [main] INFO  impl.RaftServerProxy (ConfUtils.java:logGet(43)) - raft.rpc.type = GRPC (default)
2019-09-26 10:06:18,170 [main] INFO  grpc.GrpcFactory (GrpcFactory.java:checkPooledByteBufAllocatorUseCacheForAllThreads(45)) - PERFORMANCE WARNING: useCacheForAllThreads is true that may cause Netty to create a lot garbage objects and, as a result, trigger GC.
	It is recommended to disable useCacheForAllThreads by setting -Dorg.apache.ratis.thirdparty.io.netty.allocator.useCacheForAllThreads=false in command line.
2019-09-26 10:06:18,170 [main] INFO  grpc.GrpcConfigKeys$Server (ConfUtils.java:logGet(43)) - raft.grpc.server.port = 0 (default)
2019-09-26 10:06:18,170 [main] INFO  server.GrpcService (ConfUtils.java:logGet(43)) - raft.grpc.message.size.max = 33570816 (custom)
2019-09-26 10:06:18,170 [main] INFO  server.RaftServerConfigKeys (ConfUtils.java:logGet(43)) - raft.server.log.appender.buffer.byte-limit = 33554432 (custom)
2019-09-26 10:06:18,170 [main] INFO  server.GrpcService (ConfUtils.java:logGet(43)) - raft.grpc.flow.control.window = 1MB (=1048576) (default)
2019-09-26 10:06:18,171 [main] INFO  server.RaftServerConfigKeys (ConfUtils.java:logGet(43)) - raft.server.rpc.request.timeout = 3000ms (default)
2019-09-26 10:06:18,171 [main] INFO  server.RaftServerConfigKeys (ConfUtils.java:logGet(43)) - raft.server.storage.dir = [/workdir/hadoop-ozone/integration-test/target/test-dir/MiniOzoneClusterImpl-0a4d6173-89d3-45ab-a960-64e25af93069/datanode-2/data/ratis] (custom)
2019-09-26 10:06:18,172 [main] INFO  hdfs.DFSUtil (DFSUtil.java:httpServerTemplateForNNAndJN(1641)) - Starting Web-server for hddsDatanode at: http://0.0.0.0:0
2019-09-26 10:06:18,173 [main] INFO  server.AuthenticationFilter (AuthenticationFilter.java:constructSecretProvider(240)) - Unable to initialize FileSignerSecretProvider, falling back to use random secrets.
2019-09-26 10:06:18,174 [main] WARN  http.HttpRequestLog (HttpRequestLog.java:getRequestLog(97)) - Jetty request log can only be enabled using Log4j
2019-09-26 10:06:18,175 [main] INFO  http.HttpServer2 (HttpServer2.java:addGlobalFilter(975)) - Added global filter 'safety' (class=org.apache.hadoop.http.HttpServer2$QuotingInputFilter)
2019-09-26 10:06:18,175 [main] INFO  http.HttpServer2 (HttpServer2.java:addFilter(948)) - Added filter static_user_filter (class=org.apache.hadoop.http.lib.StaticUserWebFilter$StaticUserFilter) to context hddsDatanode
2019-09-26 10:06:18,175 [main] INFO  http.HttpServer2 (HttpServer2.java:addFilter(958)) - Added filter static_user_filter (class=org.apache.hadoop.http.lib.StaticUserWebFilter$StaticUserFilter) to context logs
2019-09-26 10:06:18,175 [main] INFO  http.HttpServer2 (HttpServer2.java:addFilter(958)) - Added filter static_user_filter (class=org.apache.hadoop.http.lib.StaticUserWebFilter$StaticUserFilter) to context static
2019-09-26 10:06:18,176 [main] INFO  http.HttpServer2 (HttpServer2.java:bindListener(1191)) - Jetty bound to port 36456
2019-09-26 10:06:18,176 [main] INFO  server.Server (Server.java:doStart(351)) - jetty-9.3.25.v20180904, build timestamp: 2018-09-04T21:11:46Z, git hash: 3ce520221d0240229c862b122d2b06c12a625732
2019-09-26 10:06:18,178 [main] INFO  handler.ContextHandler (ContextHandler.java:doStart(781)) - Started o.e.j.s.ServletContextHandler@6734ff92{/logs,file:///workdir/hadoop-ozone/integration-test/target/log,AVAILABLE}
2019-09-26 10:06:18,178 [main] INFO  handler.ContextHandler (ContextHandler.java:doStart(781)) - Started o.e.j.s.ServletContextHandler@4ce267cc{/static,jar:file:/home/user/.m2/repository/org/apache/hadoop/hadoop-hdds-container-service/0.5.0-SNAPSHOT/hadoop-hdds-container-service-0.5.0-SNAPSHOT.jar!/webapps/static,AVAILABLE}
2019-09-26 10:06:18,205 [main] INFO  handler.ContextHandler (ContextHandler.java:doStart(781)) - Started o.e.j.w.WebAppContext@4fbaa7f5{/,file:///tmp/jetty-0.0.0.0-36456-hddsDatanode-_-any-1334391485031900268.dir/webapp/,AVAILABLE}{/hddsDatanode}
2019-09-26 10:06:18,206 [main] INFO  server.AbstractConnector (AbstractConnector.java:doStart(278)) - Started ServerConnector@3b3056a6{HTTP/1.1,[http/1.1]}{0.0.0.0:36456}
2019-09-26 10:06:18,208 [main] INFO  server.Server (Server.java:doStart(419)) - Started @553122ms
2019-09-26 10:06:18,208 [main] WARN  impl.MetricsSystemImpl (MetricsSystemImpl.java:register(276)) - Sink prometheus already exists!
2019-09-26 10:06:18,209 [main] INFO  server.BaseHttpServer (BaseHttpServer.java:updateConnectorAddress(215)) - HTTP server of HDDSDATANODE is listening at http://0.0.0.0:36456
2019-09-26 10:06:18,209 [main] INFO  impl.MetricsSystemImpl (MetricsSystemImpl.java:init(158)) - HddsDatanode metrics system started (again)
2019-09-26 10:06:18,219 [org.apache.hadoop.util.JvmPauseMonitor$Monitor@3e91ad11] INFO  util.JvmPauseMonitor (JvmPauseMonitor.java:run(188)) - Starting JVM pause monitor
2019-09-26 10:06:18,220 [main] INFO  ozone.HddsDatanodeService (HddsDatanodeService.java:start(184)) - HddsDatanodeService host:pr-hdds-1569-wvzgm-824869521 ip:192.168.30.13
2019-09-26 10:06:18,221 [Datanode State Machine Thread - 0] INFO  datanode.InitDatanodeState (InitDatanodeState.java:persistContainerDatanodeDetails(140)) - DatanodeDetails is persisted to /workdir/hadoop-ozone/integration-test/target/test-dir/MiniOzoneClusterImpl-0a4d6173-89d3-45ab-a960-64e25af93069/datanode-2/meta/datanode.id
2019-09-26 10:06:18,228 [main] INFO  volume.HddsVolume (HddsVolume.java:<init>(176)) - Creating Volume: /workdir/hadoop-ozone/integration-test/target/test-dir/MiniOzoneClusterImpl-0a4d6173-89d3-45ab-a960-64e25af93069/datanode-3/data/containers/hdds of  storage type : DISK and capacity : 1482555576320
2019-09-26 10:06:18,228 [main] INFO  volume.VolumeSet (VolumeSet.java:initializeVolumeSet(170)) - Added Volume : /workdir/hadoop-ozone/integration-test/target/test-dir/MiniOzoneClusterImpl-0a4d6173-89d3-45ab-a960-64e25af93069/datanode-3/data/containers/hdds to VolumeSet
2019-09-26 10:06:18,228 [main] INFO  volume.ThrottledAsyncChecker (ThrottledAsyncChecker.java:schedule(139)) - Scheduling a check for org.apache.hadoop.ozone.container.common.volume.HddsVolume@647fb583
2019-09-26 10:06:18,229 [main] INFO  volume.HddsVolumeChecker (HddsVolumeChecker.java:checkAllVolumes(202)) - Scheduled health check for volume org.apache.hadoop.ozone.container.common.volume.HddsVolume@647fb583
2019-09-26 10:06:18,249 [main] INFO  impl.RaftServerProxy (ConfUtils.java:logGet(43)) - raft.rpc.type = GRPC (default)
2019-09-26 10:06:18,249 [main] INFO  grpc.GrpcFactory (GrpcFactory.java:checkPooledByteBufAllocatorUseCacheForAllThreads(45)) - PERFORMANCE WARNING: useCacheForAllThreads is true that may cause Netty to create a lot garbage objects and, as a result, trigger GC.
	It is recommended to disable useCacheForAllThreads by setting -Dorg.apache.ratis.thirdparty.io.netty.allocator.useCacheForAllThreads=false in command line.
2019-09-26 10:06:18,249 [main] INFO  grpc.GrpcConfigKeys$Server (ConfUtils.java:logGet(43)) - raft.grpc.server.port = 0 (default)
2019-09-26 10:06:18,249 [main] INFO  server.GrpcService (ConfUtils.java:logGet(43)) - raft.grpc.message.size.max = 33570816 (custom)
2019-09-26 10:06:18,250 [main] INFO  server.RaftServerConfigKeys (ConfUtils.java:logGet(43)) - raft.server.log.appender.buffer.byte-limit = 33554432 (custom)
2019-09-26 10:06:18,250 [main] INFO  server.GrpcService (ConfUtils.java:logGet(43)) - raft.grpc.flow.control.window = 1MB (=1048576) (default)
2019-09-26 10:06:18,250 [main] INFO  server.RaftServerConfigKeys (ConfUtils.java:logGet(43)) - raft.server.rpc.request.timeout = 3000ms (default)
2019-09-26 10:06:18,250 [main] INFO  server.RaftServerConfigKeys (ConfUtils.java:logGet(43)) - raft.server.storage.dir = [/workdir/hadoop-ozone/integration-test/target/test-dir/MiniOzoneClusterImpl-0a4d6173-89d3-45ab-a960-64e25af93069/datanode-3/data/ratis] (custom)
2019-09-26 10:06:18,252 [main] INFO  hdfs.DFSUtil (DFSUtil.java:httpServerTemplateForNNAndJN(1641)) - Starting Web-server for hddsDatanode at: http://0.0.0.0:0
2019-09-26 10:06:18,253 [main] INFO  server.AuthenticationFilter (AuthenticationFilter.java:constructSecretProvider(240)) - Unable to initialize FileSignerSecretProvider, falling back to use random secrets.
2019-09-26 10:06:18,253 [main] WARN  http.HttpRequestLog (HttpRequestLog.java:getRequestLog(97)) - Jetty request log can only be enabled using Log4j
2019-09-26 10:06:18,255 [main] INFO  http.HttpServer2 (HttpServer2.java:addGlobalFilter(975)) - Added global filter 'safety' (class=org.apache.hadoop.http.HttpServer2$QuotingInputFilter)
2019-09-26 10:06:18,256 [main] INFO  http.HttpServer2 (HttpServer2.java:addFilter(948)) - Added filter static_user_filter (class=org.apache.hadoop.http.lib.StaticUserWebFilter$StaticUserFilter) to context hddsDatanode
2019-09-26 10:06:18,256 [main] INFO  http.HttpServer2 (HttpServer2.java:addFilter(958)) - Added filter static_user_filter (class=org.apache.hadoop.http.lib.StaticUserWebFilter$StaticUserFilter) to context logs
2019-09-26 10:06:18,256 [main] INFO  http.HttpServer2 (HttpServer2.java:addFilter(958)) - Added filter static_user_filter (class=org.apache.hadoop.http.lib.StaticUserWebFilter$StaticUserFilter) to context static
2019-09-26 10:06:18,257 [main] INFO  http.HttpServer2 (HttpServer2.java:bindListener(1191)) - Jetty bound to port 44406
2019-09-26 10:06:18,257 [main] INFO  server.Server (Server.java:doStart(351)) - jetty-9.3.25.v20180904, build timestamp: 2018-09-04T21:11:46Z, git hash: 3ce520221d0240229c862b122d2b06c12a625732
2019-09-26 10:06:18,258 [main] INFO  handler.ContextHandler (ContextHandler.java:doStart(781)) - Started o.e.j.s.ServletContextHandler@5546e754{/logs,file:///workdir/hadoop-ozone/integration-test/target/log,AVAILABLE}
2019-09-26 10:06:18,259 [main] INFO  handler.ContextHandler (ContextHandler.java:doStart(781)) - Started o.e.j.s.ServletContextHandler@7196a8f1{/static,jar:file:/home/user/.m2/repository/org/apache/hadoop/hadoop-hdds-container-service/0.5.0-SNAPSHOT/hadoop-hdds-container-service-0.5.0-SNAPSHOT.jar!/webapps/static,AVAILABLE}
2019-09-26 10:06:18,287 [main] INFO  handler.ContextHandler (ContextHandler.java:doStart(781)) - Started o.e.j.w.WebAppContext@44da7eb3{/,file:///tmp/jetty-0.0.0.0-44406-hddsDatanode-_-any-4940520072948546482.dir/webapp/,AVAILABLE}{/hddsDatanode}
2019-09-26 10:06:18,288 [main] INFO  server.AbstractConnector (AbstractConnector.java:doStart(278)) - Started ServerConnector@5e69cf07{HTTP/1.1,[http/1.1]}{0.0.0.0:44406}
2019-09-26 10:06:18,290 [main] INFO  server.Server (Server.java:doStart(419)) - Started @553204ms
2019-09-26 10:06:18,290 [main] WARN  impl.MetricsSystemImpl (MetricsSystemImpl.java:register(276)) - Sink prometheus already exists!
2019-09-26 10:06:18,291 [main] INFO  server.BaseHttpServer (BaseHttpServer.java:updateConnectorAddress(215)) - HTTP server of HDDSDATANODE is listening at http://0.0.0.0:44406
2019-09-26 10:06:18,292 [main] INFO  impl.MetricsSystemImpl (MetricsSystemImpl.java:init(158)) - HddsDatanode metrics system started (again)
2019-09-26 10:06:18,303 [org.apache.hadoop.util.JvmPauseMonitor$Monitor@3a507a71] INFO  util.JvmPauseMonitor (JvmPauseMonitor.java:run(188)) - Starting JVM pause monitor
2019-09-26 10:06:18,304 [Datanode State Machine Thread - 0] INFO  datanode.InitDatanodeState (InitDatanodeState.java:persistContainerDatanodeDetails(140)) - DatanodeDetails is persisted to /workdir/hadoop-ozone/integration-test/target/test-dir/MiniOzoneClusterImpl-0a4d6173-89d3-45ab-a960-64e25af93069/datanode-3/meta/datanode.id
2019-09-26 10:06:18,304 [main] INFO  ozone.HddsDatanodeService (HddsDatanodeService.java:start(184)) - HddsDatanodeService host:pr-hdds-1569-wvzgm-824869521 ip:192.168.30.13
2019-09-26 10:06:18,320 [main] INFO  volume.HddsVolume (HddsVolume.java:<init>(176)) - Creating Volume: /workdir/hadoop-ozone/integration-test/target/test-dir/MiniOzoneClusterImpl-0a4d6173-89d3-45ab-a960-64e25af93069/datanode-4/data/containers/hdds of  storage type : DISK and capacity : 1482555576320
2019-09-26 10:06:18,320 [main] INFO  volume.VolumeSet (VolumeSet.java:initializeVolumeSet(170)) - Added Volume : /workdir/hadoop-ozone/integration-test/target/test-dir/MiniOzoneClusterImpl-0a4d6173-89d3-45ab-a960-64e25af93069/datanode-4/data/containers/hdds to VolumeSet
2019-09-26 10:06:18,320 [main] INFO  volume.ThrottledAsyncChecker (ThrottledAsyncChecker.java:schedule(139)) - Scheduling a check for org.apache.hadoop.ozone.container.common.volume.HddsVolume@5a3cf824
2019-09-26 10:06:18,321 [main] INFO  volume.HddsVolumeChecker (HddsVolumeChecker.java:checkAllVolumes(202)) - Scheduled health check for volume org.apache.hadoop.ozone.container.common.volume.HddsVolume@5a3cf824
2019-09-26 10:06:18,336 [main] INFO  impl.RaftServerProxy (ConfUtils.java:logGet(43)) - raft.rpc.type = GRPC (default)
2019-09-26 10:06:18,336 [main] INFO  grpc.GrpcFactory (GrpcFactory.java:checkPooledByteBufAllocatorUseCacheForAllThreads(45)) - PERFORMANCE WARNING: useCacheForAllThreads is true that may cause Netty to create a lot garbage objects and, as a result, trigger GC.
	It is recommended to disable useCacheForAllThreads by setting -Dorg.apache.ratis.thirdparty.io.netty.allocator.useCacheForAllThreads=false in command line.
2019-09-26 10:06:18,337 [main] INFO  grpc.GrpcConfigKeys$Server (ConfUtils.java:logGet(43)) - raft.grpc.server.port = 0 (default)
2019-09-26 10:06:18,337 [main] INFO  server.GrpcService (ConfUtils.java:logGet(43)) - raft.grpc.message.size.max = 33570816 (custom)
2019-09-26 10:06:18,337 [main] INFO  server.RaftServerConfigKeys (ConfUtils.java:logGet(43)) - raft.server.log.appender.buffer.byte-limit = 33554432 (custom)
2019-09-26 10:06:18,337 [main] INFO  server.GrpcService (ConfUtils.java:logGet(43)) - raft.grpc.flow.control.window = 1MB (=1048576) (default)
2019-09-26 10:06:18,337 [main] INFO  server.RaftServerConfigKeys (ConfUtils.java:logGet(43)) - raft.server.rpc.request.timeout = 3000ms (default)
2019-09-26 10:06:18,338 [main] INFO  server.RaftServerConfigKeys (ConfUtils.java:logGet(43)) - raft.server.storage.dir = [/workdir/hadoop-ozone/integration-test/target/test-dir/MiniOzoneClusterImpl-0a4d6173-89d3-45ab-a960-64e25af93069/datanode-4/data/ratis] (custom)
2019-09-26 10:06:18,339 [main] INFO  hdfs.DFSUtil (DFSUtil.java:httpServerTemplateForNNAndJN(1641)) - Starting Web-server for hddsDatanode at: http://0.0.0.0:0
2019-09-26 10:06:18,340 [main] INFO  server.AuthenticationFilter (AuthenticationFilter.java:constructSecretProvider(240)) - Unable to initialize FileSignerSecretProvider, falling back to use random secrets.
2019-09-26 10:06:18,340 [main] WARN  http.HttpRequestLog (HttpRequestLog.java:getRequestLog(97)) - Jetty request log can only be enabled using Log4j
2019-09-26 10:06:18,342 [main] INFO  http.HttpServer2 (HttpServer2.java:addGlobalFilter(975)) - Added global filter 'safety' (class=org.apache.hadoop.http.HttpServer2$QuotingInputFilter)
2019-09-26 10:06:18,342 [main] INFO  http.HttpServer2 (HttpServer2.java:addFilter(948)) - Added filter static_user_filter (class=org.apache.hadoop.http.lib.StaticUserWebFilter$StaticUserFilter) to context hddsDatanode
2019-09-26 10:06:18,342 [main] INFO  http.HttpServer2 (HttpServer2.java:addFilter(958)) - Added filter static_user_filter (class=org.apache.hadoop.http.lib.StaticUserWebFilter$StaticUserFilter) to context logs
2019-09-26 10:06:18,342 [main] INFO  http.HttpServer2 (HttpServer2.java:addFilter(958)) - Added filter static_user_filter (class=org.apache.hadoop.http.lib.StaticUserWebFilter$StaticUserFilter) to context static
2019-09-26 10:06:18,343 [main] INFO  http.HttpServer2 (HttpServer2.java:bindListener(1191)) - Jetty bound to port 37567
2019-09-26 10:06:18,343 [main] INFO  server.Server (Server.java:doStart(351)) - jetty-9.3.25.v20180904, build timestamp: 2018-09-04T21:11:46Z, git hash: 3ce520221d0240229c862b122d2b06c12a625732
2019-09-26 10:06:18,344 [main] INFO  handler.ContextHandler (ContextHandler.java:doStart(781)) - Started o.e.j.s.ServletContextHandler@4fe8f2ae{/logs,file:///workdir/hadoop-ozone/integration-test/target/log,AVAILABLE}
2019-09-26 10:06:18,345 [main] INFO  handler.ContextHandler (ContextHandler.java:doStart(781)) - Started o.e.j.s.ServletContextHandler@61808ecd{/static,jar:file:/home/user/.m2/repository/org/apache/hadoop/hadoop-hdds-container-service/0.5.0-SNAPSHOT/hadoop-hdds-container-service-0.5.0-SNAPSHOT.jar!/webapps/static,AVAILABLE}
2019-09-26 10:06:18,373 [main] INFO  handler.ContextHandler (ContextHandler.java:doStart(781)) - Started o.e.j.w.WebAppContext@6d7740f0{/,file:///tmp/jetty-0.0.0.0-37567-hddsDatanode-_-any-5773066414489156265.dir/webapp/,AVAILABLE}{/hddsDatanode}
2019-09-26 10:06:18,373 [main] INFO  server.AbstractConnector (AbstractConnector.java:doStart(278)) - Started ServerConnector@7b1a30e5{HTTP/1.1,[http/1.1]}{0.0.0.0:37567}
2019-09-26 10:06:18,375 [main] INFO  server.Server (Server.java:doStart(419)) - Started @553289ms
2019-09-26 10:06:18,375 [main] WARN  impl.MetricsSystemImpl (MetricsSystemImpl.java:register(276)) - Sink prometheus already exists!
2019-09-26 10:06:18,376 [main] INFO  server.BaseHttpServer (BaseHttpServer.java:updateConnectorAddress(215)) - HTTP server of HDDSDATANODE is listening at http://0.0.0.0:37567
2019-09-26 10:06:18,376 [main] INFO  impl.MetricsSystemImpl (MetricsSystemImpl.java:init(158)) - HddsDatanode metrics system started (again)
2019-09-26 10:06:18,387 [org.apache.hadoop.util.JvmPauseMonitor$Monitor@48884dc1] INFO  util.JvmPauseMonitor (JvmPauseMonitor.java:run(188)) - Starting JVM pause monitor
2019-09-26 10:06:18,388 [Datanode State Machine Thread - 0] INFO  datanode.InitDatanodeState (InitDatanodeState.java:persistContainerDatanodeDetails(140)) - DatanodeDetails is persisted to /workdir/hadoop-ozone/integration-test/target/test-dir/MiniOzoneClusterImpl-0a4d6173-89d3-45ab-a960-64e25af93069/datanode-4/meta/datanode.id
2019-09-26 10:06:18,389 [main] INFO  ozone.HddsDatanodeService (HddsDatanodeService.java:start(184)) - HddsDatanodeService host:pr-hdds-1569-wvzgm-824869521 ip:192.168.30.13
2019-09-26 10:06:18,395 [main] INFO  volume.HddsVolume (HddsVolume.java:<init>(176)) - Creating Volume: /workdir/hadoop-ozone/integration-test/target/test-dir/MiniOzoneClusterImpl-0a4d6173-89d3-45ab-a960-64e25af93069/datanode-5/data/containers/hdds of  storage type : DISK and capacity : 1482555576320
2019-09-26 10:06:18,395 [main] INFO  volume.VolumeSet (VolumeSet.java:initializeVolumeSet(170)) - Added Volume : /workdir/hadoop-ozone/integration-test/target/test-dir/MiniOzoneClusterImpl-0a4d6173-89d3-45ab-a960-64e25af93069/datanode-5/data/containers/hdds to VolumeSet
2019-09-26 10:06:18,395 [main] INFO  volume.ThrottledAsyncChecker (ThrottledAsyncChecker.java:schedule(139)) - Scheduling a check for org.apache.hadoop.ozone.container.common.volume.HddsVolume@66234b0f
2019-09-26 10:06:18,396 [main] INFO  volume.HddsVolumeChecker (HddsVolumeChecker.java:checkAllVolumes(202)) - Scheduled health check for volume org.apache.hadoop.ozone.container.common.volume.HddsVolume@66234b0f
2019-09-26 10:06:18,409 [main] INFO  impl.RaftServerProxy (ConfUtils.java:logGet(43)) - raft.rpc.type = GRPC (default)
2019-09-26 10:06:18,410 [main] INFO  grpc.GrpcFactory (GrpcFactory.java:checkPooledByteBufAllocatorUseCacheForAllThreads(45)) - PERFORMANCE WARNING: useCacheForAllThreads is true that may cause Netty to create a lot garbage objects and, as a result, trigger GC.
	It is recommended to disable useCacheForAllThreads by setting -Dorg.apache.ratis.thirdparty.io.netty.allocator.useCacheForAllThreads=false in command line.
2019-09-26 10:06:18,410 [main] INFO  grpc.GrpcConfigKeys$Server (ConfUtils.java:logGet(43)) - raft.grpc.server.port = 0 (default)
2019-09-26 10:06:18,410 [main] INFO  server.GrpcService (ConfUtils.java:logGet(43)) - raft.grpc.message.size.max = 33570816 (custom)
2019-09-26 10:06:18,410 [main] INFO  server.RaftServerConfigKeys (ConfUtils.java:logGet(43)) - raft.server.log.appender.buffer.byte-limit = 33554432 (custom)
2019-09-26 10:06:18,410 [main] INFO  server.GrpcService (ConfUtils.java:logGet(43)) - raft.grpc.flow.control.window = 1MB (=1048576) (default)
2019-09-26 10:06:18,410 [main] INFO  server.RaftServerConfigKeys (ConfUtils.java:logGet(43)) - raft.server.rpc.request.timeout = 3000ms (default)
2019-09-26 10:06:18,411 [main] INFO  server.RaftServerConfigKeys (ConfUtils.java:logGet(43)) - raft.server.storage.dir = [/workdir/hadoop-ozone/integration-test/target/test-dir/MiniOzoneClusterImpl-0a4d6173-89d3-45ab-a960-64e25af93069/datanode-5/data/ratis] (custom)
2019-09-26 10:06:18,412 [main] INFO  hdfs.DFSUtil (DFSUtil.java:httpServerTemplateForNNAndJN(1641)) - Starting Web-server for hddsDatanode at: http://0.0.0.0:0
2019-09-26 10:06:18,413 [main] INFO  server.AuthenticationFilter (AuthenticationFilter.java:constructSecretProvider(240)) - Unable to initialize FileSignerSecretProvider, falling back to use random secrets.
2019-09-26 10:06:18,414 [main] WARN  http.HttpRequestLog (HttpRequestLog.java:getRequestLog(97)) - Jetty request log can only be enabled using Log4j
2019-09-26 10:06:18,415 [main] INFO  http.HttpServer2 (HttpServer2.java:addGlobalFilter(975)) - Added global filter 'safety' (class=org.apache.hadoop.http.HttpServer2$QuotingInputFilter)
2019-09-26 10:06:18,416 [main] INFO  http.HttpServer2 (HttpServer2.java:addFilter(948)) - Added filter static_user_filter (class=org.apache.hadoop.http.lib.StaticUserWebFilter$StaticUserFilter) to context hddsDatanode
2019-09-26 10:06:18,416 [main] INFO  http.HttpServer2 (HttpServer2.java:addFilter(958)) - Added filter static_user_filter (class=org.apache.hadoop.http.lib.StaticUserWebFilter$StaticUserFilter) to context logs
2019-09-26 10:06:18,416 [main] INFO  http.HttpServer2 (HttpServer2.java:addFilter(958)) - Added filter static_user_filter (class=org.apache.hadoop.http.lib.StaticUserWebFilter$StaticUserFilter) to context static
2019-09-26 10:06:18,417 [main] INFO  http.HttpServer2 (HttpServer2.java:bindListener(1191)) - Jetty bound to port 42741
2019-09-26 10:06:18,417 [main] INFO  server.Server (Server.java:doStart(351)) - jetty-9.3.25.v20180904, build timestamp: 2018-09-04T21:11:46Z, git hash: 3ce520221d0240229c862b122d2b06c12a625732
2019-09-26 10:06:18,418 [main] INFO  handler.ContextHandler (ContextHandler.java:doStart(781)) - Started o.e.j.s.ServletContextHandler@74b1838{/logs,file:///workdir/hadoop-ozone/integration-test/target/log,AVAILABLE}
2019-09-26 10:06:18,418 [main] INFO  handler.ContextHandler (ContextHandler.java:doStart(781)) - Started o.e.j.s.ServletContextHandler@5be51aa{/static,jar:file:/home/user/.m2/repository/org/apache/hadoop/hadoop-hdds-container-service/0.5.0-SNAPSHOT/hadoop-hdds-container-service-0.5.0-SNAPSHOT.jar!/webapps/static,AVAILABLE}
2019-09-26 10:06:18,466 [main] INFO  handler.ContextHandler (ContextHandler.java:doStart(781)) - Started o.e.j.w.WebAppContext@25a290ee{/,file:///tmp/jetty-0.0.0.0-42741-hddsDatanode-_-any-788420127542104925.dir/webapp/,AVAILABLE}{/hddsDatanode}
2019-09-26 10:06:18,467 [main] INFO  server.AbstractConnector (AbstractConnector.java:doStart(278)) - Started ServerConnector@37d0d373{HTTP/1.1,[http/1.1]}{0.0.0.0:42741}
2019-09-26 10:06:18,469 [main] INFO  server.Server (Server.java:doStart(419)) - Started @553383ms
2019-09-26 10:06:18,469 [main] WARN  impl.MetricsSystemImpl (MetricsSystemImpl.java:register(276)) - Sink prometheus already exists!
2019-09-26 10:06:18,470 [main] INFO  server.BaseHttpServer (BaseHttpServer.java:updateConnectorAddress(215)) - HTTP server of HDDSDATANODE is listening at http://0.0.0.0:42741
2019-09-26 10:06:18,470 [main] INFO  impl.MetricsSystemImpl (MetricsSystemImpl.java:init(158)) - HddsDatanode metrics system started (again)
2019-09-26 10:06:18,484 [org.apache.hadoop.util.JvmPauseMonitor$Monitor@38eec0c0] INFO  util.JvmPauseMonitor (JvmPauseMonitor.java:run(188)) - Starting JVM pause monitor
2019-09-26 10:06:18,485 [Datanode State Machine Thread - 0] INFO  datanode.InitDatanodeState (InitDatanodeState.java:persistContainerDatanodeDetails(140)) - DatanodeDetails is persisted to /workdir/hadoop-ozone/integration-test/target/test-dir/MiniOzoneClusterImpl-0a4d6173-89d3-45ab-a960-64e25af93069/datanode-5/meta/datanode.id
2019-09-26 10:06:18,485 [main] INFO  ozone.HddsDatanodeService (HddsDatanodeService.java:start(184)) - HddsDatanodeService host:pr-hdds-1569-wvzgm-824869521 ip:192.168.30.13
2019-09-26 10:06:18,491 [main] INFO  volume.HddsVolume (HddsVolume.java:<init>(176)) - Creating Volume: /workdir/hadoop-ozone/integration-test/target/test-dir/MiniOzoneClusterImpl-0a4d6173-89d3-45ab-a960-64e25af93069/datanode-6/data/containers/hdds of  storage type : DISK and capacity : 1482555576320
2019-09-26 10:06:18,492 [main] INFO  volume.VolumeSet (VolumeSet.java:initializeVolumeSet(170)) - Added Volume : /workdir/hadoop-ozone/integration-test/target/test-dir/MiniOzoneClusterImpl-0a4d6173-89d3-45ab-a960-64e25af93069/datanode-6/data/containers/hdds to VolumeSet
2019-09-26 10:06:18,492 [main] INFO  volume.ThrottledAsyncChecker (ThrottledAsyncChecker.java:schedule(139)) - Scheduling a check for org.apache.hadoop.ozone.container.common.volume.HddsVolume@305552d6
2019-09-26 10:06:18,492 [main] INFO  volume.HddsVolumeChecker (HddsVolumeChecker.java:checkAllVolumes(202)) - Scheduled health check for volume org.apache.hadoop.ozone.container.common.volume.HddsVolume@305552d6
2019-09-26 10:06:18,508 [main] INFO  impl.RaftServerProxy (ConfUtils.java:logGet(43)) - raft.rpc.type = GRPC (default)
2019-09-26 10:06:18,508 [main] INFO  grpc.GrpcFactory (GrpcFactory.java:checkPooledByteBufAllocatorUseCacheForAllThreads(45)) - PERFORMANCE WARNING: useCacheForAllThreads is true that may cause Netty to create a lot garbage objects and, as a result, trigger GC.
	It is recommended to disable useCacheForAllThreads by setting -Dorg.apache.ratis.thirdparty.io.netty.allocator.useCacheForAllThreads=false in command line.
2019-09-26 10:06:18,508 [main] INFO  grpc.GrpcConfigKeys$Server (ConfUtils.java:logGet(43)) - raft.grpc.server.port = 0 (default)
2019-09-26 10:06:18,508 [main] INFO  server.GrpcService (ConfUtils.java:logGet(43)) - raft.grpc.message.size.max = 33570816 (custom)
2019-09-26 10:06:18,508 [main] INFO  server.RaftServerConfigKeys (ConfUtils.java:logGet(43)) - raft.server.log.appender.buffer.byte-limit = 33554432 (custom)
2019-09-26 10:06:18,508 [main] INFO  server.GrpcService (ConfUtils.java:logGet(43)) - raft.grpc.flow.control.window = 1MB (=1048576) (default)
2019-09-26 10:06:18,509 [main] INFO  server.RaftServerConfigKeys (ConfUtils.java:logGet(43)) - raft.server.rpc.request.timeout = 3000ms (default)
2019-09-26 10:06:18,509 [main] INFO  server.RaftServerConfigKeys (ConfUtils.java:logGet(43)) - raft.server.storage.dir = [/workdir/hadoop-ozone/integration-test/target/test-dir/MiniOzoneClusterImpl-0a4d6173-89d3-45ab-a960-64e25af93069/datanode-6/data/ratis] (custom)
2019-09-26 10:06:18,510 [main] INFO  hdfs.DFSUtil (DFSUtil.java:httpServerTemplateForNNAndJN(1641)) - Starting Web-server for hddsDatanode at: http://0.0.0.0:0
2019-09-26 10:06:18,511 [main] INFO  server.AuthenticationFilter (AuthenticationFilter.java:constructSecretProvider(240)) - Unable to initialize FileSignerSecretProvider, falling back to use random secrets.
2019-09-26 10:06:18,512 [main] WARN  http.HttpRequestLog (HttpRequestLog.java:getRequestLog(97)) - Jetty request log can only be enabled using Log4j
2019-09-26 10:06:18,513 [main] INFO  http.HttpServer2 (HttpServer2.java:addGlobalFilter(975)) - Added global filter 'safety' (class=org.apache.hadoop.http.HttpServer2$QuotingInputFilter)
2019-09-26 10:06:18,514 [main] INFO  http.HttpServer2 (HttpServer2.java:addFilter(948)) - Added filter static_user_filter (class=org.apache.hadoop.http.lib.StaticUserWebFilter$StaticUserFilter) to context hddsDatanode
2019-09-26 10:06:18,514 [main] INFO  http.HttpServer2 (HttpServer2.java:addFilter(958)) - Added filter static_user_filter (class=org.apache.hadoop.http.lib.StaticUserWebFilter$StaticUserFilter) to context static
2019-09-26 10:06:18,514 [main] INFO  http.HttpServer2 (HttpServer2.java:addFilter(958)) - Added filter static_user_filter (class=org.apache.hadoop.http.lib.StaticUserWebFilter$StaticUserFilter) to context logs
2019-09-26 10:06:18,515 [main] INFO  http.HttpServer2 (HttpServer2.java:bindListener(1191)) - Jetty bound to port 44912
2019-09-26 10:06:18,515 [main] INFO  server.Server (Server.java:doStart(351)) - jetty-9.3.25.v20180904, build timestamp: 2018-09-04T21:11:46Z, git hash: 3ce520221d0240229c862b122d2b06c12a625732
2019-09-26 10:06:18,516 [main] INFO  handler.ContextHandler (ContextHandler.java:doStart(781)) - Started o.e.j.s.ServletContextHandler@12fccff0{/logs,file:///workdir/hadoop-ozone/integration-test/target/log,AVAILABLE}
2019-09-26 10:06:18,517 [main] INFO  handler.ContextHandler (ContextHandler.java:doStart(781)) - Started o.e.j.s.ServletContextHandler@510da778{/static,jar:file:/home/user/.m2/repository/org/apache/hadoop/hadoop-hdds-container-service/0.5.0-SNAPSHOT/hadoop-hdds-container-service-0.5.0-SNAPSHOT.jar!/webapps/static,AVAILABLE}
2019-09-26 10:06:18,542 [main] INFO  handler.ContextHandler (ContextHandler.java:doStart(781)) - Started o.e.j.w.WebAppContext@2fac80a8{/,file:///tmp/jetty-0.0.0.0-44912-hddsDatanode-_-any-8761522520517347910.dir/webapp/,AVAILABLE}{/hddsDatanode}
2019-09-26 10:06:18,542 [main] INFO  server.AbstractConnector (AbstractConnector.java:doStart(278)) - Started ServerConnector@6987a133{HTTP/1.1,[http/1.1]}{0.0.0.0:44912}
2019-09-26 10:06:18,545 [main] INFO  server.Server (Server.java:doStart(419)) - Started @553459ms
2019-09-26 10:06:18,545 [main] WARN  impl.MetricsSystemImpl (MetricsSystemImpl.java:register(276)) - Sink prometheus already exists!
2019-09-26 10:06:18,546 [main] INFO  server.BaseHttpServer (BaseHttpServer.java:updateConnectorAddress(215)) - HTTP server of HDDSDATANODE is listening at http://0.0.0.0:44912
2019-09-26 10:06:18,546 [main] INFO  ozone.MiniOzoneClusterImpl (MiniOzoneClusterImpl.java:lambda$waitForClusterToBeReady$0(147)) - Waiting for cluster to be ready. Got 0 of 7 DN Heartbeats.
2019-09-26 10:06:18,547 [org.apache.hadoop.util.JvmPauseMonitor$Monitor@2062ff27] INFO  util.JvmPauseMonitor (JvmPauseMonitor.java:run(188)) - Starting JVM pause monitor
2019-09-26 10:06:18,548 [Datanode State Machine Thread - 0] INFO  datanode.InitDatanodeState (InitDatanodeState.java:persistContainerDatanodeDetails(140)) - DatanodeDetails is persisted to /workdir/hadoop-ozone/integration-test/target/test-dir/MiniOzoneClusterImpl-0a4d6173-89d3-45ab-a960-64e25af93069/datanode-6/meta/datanode.id
2019-09-26 10:06:19,546 [main] INFO  ozone.MiniOzoneClusterImpl (MiniOzoneClusterImpl.java:lambda$waitForClusterToBeReady$0(147)) - Waiting for cluster to be ready. Got 0 of 7 DN Heartbeats.
2019-09-26 10:06:20,018 [Datanode State Machine Thread - 0] INFO  ozoneimpl.OzoneContainer (OzoneContainer.java:start(217)) - Attempting to start container services.
2019-09-26 10:06:20,018 [Datanode State Machine Thread - 0] INFO  ozoneimpl.OzoneContainer (OzoneContainer.java:startContainerScrub(179)) - Background container scanner has been disabled.
2019-09-26 10:06:20,018 [Datanode State Machine Thread - 0] INFO  ratis.XceiverServerRatis (XceiverServerRatis.java:start(411)) - Starting XceiverServerRatis 13165a8c-4572-43f4-b795-0eb0b3a8cfdc at port 0
2019-09-26 10:06:20,027 [Datanode State Machine Thread - 0] INFO  impl.RaftServerProxy (RaftServerProxy.java:lambda$start$3(299)) - 13165a8c-4572-43f4-b795-0eb0b3a8cfdc: start RPC server
2019-09-26 10:06:20,029 [Datanode State Machine Thread - 0] INFO  server.GrpcService (GrpcService.java:startImpl(158)) - 13165a8c-4572-43f4-b795-0eb0b3a8cfdc: GrpcService started, listening on 0.0.0.0/0.0.0.0:41099
2019-09-26 10:06:20,029 [Datanode State Machine Thread - 0] INFO  ratis.XceiverServerRatis (XceiverServerRatis.java:start(421)) - XceiverServerRatis 13165a8c-4572-43f4-b795-0eb0b3a8cfdc is started using port 41099
2019-09-26 10:06:20,029 [Datanode State Machine Thread - 0] INFO  server.XceiverServerGrpc (XceiverServerGrpc.java:start(149)) - XceiverServerGrpc 13165a8c-4572-43f4-b795-0eb0b3a8cfdc is started using port 35165
2019-09-26 10:06:20,219 [Datanode State Machine Thread - 0] INFO  ozoneimpl.OzoneContainer (OzoneContainer.java:start(217)) - Attempting to start container services.
2019-09-26 10:06:20,219 [Datanode State Machine Thread - 0] INFO  ozoneimpl.OzoneContainer (OzoneContainer.java:startContainerScrub(179)) - Background container scanner has been disabled.
2019-09-26 10:06:20,219 [Datanode State Machine Thread - 0] INFO  ratis.XceiverServerRatis (XceiverServerRatis.java:start(411)) - Starting XceiverServerRatis 3fdc1795-13a2-484d-a1b3-617bb4b52936 at port 0
2019-09-26 10:06:20,227 [Datanode State Machine Thread - 0] INFO  impl.RaftServerProxy (RaftServerProxy.java:lambda$start$3(299)) - 3fdc1795-13a2-484d-a1b3-617bb4b52936: start RPC server
2019-09-26 10:06:20,227 [Datanode State Machine Thread - 0] INFO  server.GrpcService (GrpcService.java:startImpl(158)) - 3fdc1795-13a2-484d-a1b3-617bb4b52936: GrpcService started, listening on 0.0.0.0/0.0.0.0:38491
2019-09-26 10:06:20,227 [Datanode State Machine Thread - 0] INFO  ratis.XceiverServerRatis (XceiverServerRatis.java:start(421)) - XceiverServerRatis 3fdc1795-13a2-484d-a1b3-617bb4b52936 is started using port 38491
2019-09-26 10:06:20,228 [Datanode State Machine Thread - 0] INFO  server.XceiverServerGrpc (XceiverServerGrpc.java:start(149)) - XceiverServerGrpc 3fdc1795-13a2-484d-a1b3-617bb4b52936 is started using port 34739
2019-09-26 10:06:20,232 [Datanode State Machine Thread - 0] INFO  ozoneimpl.OzoneContainer (OzoneContainer.java:start(217)) - Attempting to start container services.
2019-09-26 10:06:20,232 [Datanode State Machine Thread - 0] INFO  ozoneimpl.OzoneContainer (OzoneContainer.java:startContainerScrub(179)) - Background container scanner has been disabled.
2019-09-26 10:06:20,232 [Datanode State Machine Thread - 0] INFO  ratis.XceiverServerRatis (XceiverServerRatis.java:start(411)) - Starting XceiverServerRatis af49d7a1-7bac-4fb8-a68b-38a7dab2a9f5 at port 0
2019-09-26 10:06:20,241 [Datanode State Machine Thread - 0] INFO  impl.RaftServerProxy (RaftServerProxy.java:lambda$start$3(299)) - af49d7a1-7bac-4fb8-a68b-38a7dab2a9f5: start RPC server
2019-09-26 10:06:20,244 [Datanode State Machine Thread - 0] INFO  server.GrpcService (GrpcService.java:startImpl(158)) - af49d7a1-7bac-4fb8-a68b-38a7dab2a9f5: GrpcService started, listening on 0.0.0.0/0.0.0.0:41624
2019-09-26 10:06:20,245 [Datanode State Machine Thread - 0] INFO  ratis.XceiverServerRatis (XceiverServerRatis.java:start(421)) - XceiverServerRatis af49d7a1-7bac-4fb8-a68b-38a7dab2a9f5 is started using port 41624
2019-09-26 10:06:20,267 [Datanode State Machine Thread - 0] INFO  server.XceiverServerGrpc (XceiverServerGrpc.java:start(149)) - XceiverServerGrpc af49d7a1-7bac-4fb8-a68b-38a7dab2a9f5 is started using port 36635
2019-09-26 10:06:20,315 [Datanode State Machine Thread - 0] INFO  ozoneimpl.OzoneContainer (OzoneContainer.java:start(217)) - Attempting to start container services.
2019-09-26 10:06:20,316 [Datanode State Machine Thread - 0] INFO  ozoneimpl.OzoneContainer (OzoneContainer.java:startContainerScrub(179)) - Background container scanner has been disabled.
2019-09-26 10:06:20,316 [Datanode State Machine Thread - 0] INFO  ratis.XceiverServerRatis (XceiverServerRatis.java:start(411)) - Starting XceiverServerRatis 70c8131f-7846-4be9-9772-9c08fe1e82d9 at port 0
2019-09-26 10:06:20,321 [Datanode State Machine Thread - 0] INFO  impl.RaftServerProxy (RaftServerProxy.java:lambda$start$3(299)) - 70c8131f-7846-4be9-9772-9c08fe1e82d9: start RPC server
2019-09-26 10:06:20,322 [Datanode State Machine Thread - 0] INFO  server.GrpcService (GrpcService.java:startImpl(158)) - 70c8131f-7846-4be9-9772-9c08fe1e82d9: GrpcService started, listening on 0.0.0.0/0.0.0.0:43476
2019-09-26 10:06:20,322 [Datanode State Machine Thread - 0] INFO  ratis.XceiverServerRatis (XceiverServerRatis.java:start(421)) - XceiverServerRatis 70c8131f-7846-4be9-9772-9c08fe1e82d9 is started using port 43476
2019-09-26 10:06:20,325 [Datanode State Machine Thread - 0] INFO  server.XceiverServerGrpc (XceiverServerGrpc.java:start(149)) - XceiverServerGrpc 70c8131f-7846-4be9-9772-9c08fe1e82d9 is started using port 37981
2019-09-26 10:06:20,395 [Datanode State Machine Thread - 0] INFO  ozoneimpl.OzoneContainer (OzoneContainer.java:start(217)) - Attempting to start container services.
2019-09-26 10:06:20,396 [Datanode State Machine Thread - 0] INFO  ozoneimpl.OzoneContainer (OzoneContainer.java:startContainerScrub(179)) - Background container scanner has been disabled.
2019-09-26 10:06:20,396 [Datanode State Machine Thread - 0] INFO  ratis.XceiverServerRatis (XceiverServerRatis.java:start(411)) - Starting XceiverServerRatis 4994e2c1-9eac-430d-be8a-cb30a727a84e at port 0
2019-09-26 10:06:20,403 [Datanode State Machine Thread - 0] INFO  impl.RaftServerProxy (RaftServerProxy.java:lambda$start$3(299)) - 4994e2c1-9eac-430d-be8a-cb30a727a84e: start RPC server
2019-09-26 10:06:20,403 [Datanode State Machine Thread - 0] INFO  server.GrpcService (GrpcService.java:startImpl(158)) - 4994e2c1-9eac-430d-be8a-cb30a727a84e: GrpcService started, listening on 0.0.0.0/0.0.0.0:35200
2019-09-26 10:06:20,403 [Datanode State Machine Thread - 0] INFO  ratis.XceiverServerRatis (XceiverServerRatis.java:start(421)) - XceiverServerRatis 4994e2c1-9eac-430d-be8a-cb30a727a84e is started using port 35200
2019-09-26 10:06:20,404 [Datanode State Machine Thread - 0] INFO  server.XceiverServerGrpc (XceiverServerGrpc.java:start(149)) - XceiverServerGrpc 4994e2c1-9eac-430d-be8a-cb30a727a84e is started using port 34095
2019-09-26 10:06:20,489 [Datanode State Machine Thread - 0] INFO  ozoneimpl.OzoneContainer (OzoneContainer.java:start(217)) - Attempting to start container services.
2019-09-26 10:06:20,489 [Datanode State Machine Thread - 0] INFO  ozoneimpl.OzoneContainer (OzoneContainer.java:startContainerScrub(179)) - Background container scanner has been disabled.
2019-09-26 10:06:20,489 [Datanode State Machine Thread - 0] INFO  ratis.XceiverServerRatis (XceiverServerRatis.java:start(411)) - Starting XceiverServerRatis cf63bf87-7688-4ba8-af45-4d7c49885422 at port 0
2019-09-26 10:06:20,495 [Datanode State Machine Thread - 0] INFO  impl.RaftServerProxy (RaftServerProxy.java:lambda$start$3(299)) - cf63bf87-7688-4ba8-af45-4d7c49885422: start RPC server
2019-09-26 10:06:20,495 [Datanode State Machine Thread - 0] INFO  server.GrpcService (GrpcService.java:startImpl(158)) - cf63bf87-7688-4ba8-af45-4d7c49885422: GrpcService started, listening on 0.0.0.0/0.0.0.0:43103
2019-09-26 10:06:20,496 [Datanode State Machine Thread - 0] INFO  ratis.XceiverServerRatis (XceiverServerRatis.java:start(421)) - XceiverServerRatis cf63bf87-7688-4ba8-af45-4d7c49885422 is started using port 43103
2019-09-26 10:06:20,496 [Datanode State Machine Thread - 0] INFO  server.XceiverServerGrpc (XceiverServerGrpc.java:start(149)) - XceiverServerGrpc cf63bf87-7688-4ba8-af45-4d7c49885422 is started using port 37864
2019-09-26 10:06:20,547 [main] INFO  ozone.MiniOzoneClusterImpl (MiniOzoneClusterImpl.java:lambda$waitForClusterToBeReady$0(147)) - Waiting for cluster to be ready. Got 0 of 7 DN Heartbeats.
2019-09-26 10:06:20,553 [Datanode State Machine Thread - 0] INFO  ozoneimpl.OzoneContainer (OzoneContainer.java:start(217)) - Attempting to start container services.
2019-09-26 10:06:20,553 [Datanode State Machine Thread - 0] INFO  ozoneimpl.OzoneContainer (OzoneContainer.java:startContainerScrub(179)) - Background container scanner has been disabled.
2019-09-26 10:06:20,553 [Datanode State Machine Thread - 0] INFO  ratis.XceiverServerRatis (XceiverServerRatis.java:start(411)) - Starting XceiverServerRatis 445ae746-534e-4611-8a14-965c0672a28b at port 0
2019-09-26 10:06:20,558 [Datanode State Machine Thread - 0] INFO  impl.RaftServerProxy (RaftServerProxy.java:lambda$start$3(299)) - 445ae746-534e-4611-8a14-965c0672a28b: start RPC server
2019-09-26 10:06:20,559 [Datanode State Machine Thread - 0] INFO  server.GrpcService (GrpcService.java:startImpl(158)) - 445ae746-534e-4611-8a14-965c0672a28b: GrpcService started, listening on 0.0.0.0/0.0.0.0:35533
2019-09-26 10:06:20,559 [Datanode State Machine Thread - 0] INFO  ratis.XceiverServerRatis (XceiverServerRatis.java:start(421)) - XceiverServerRatis 445ae746-534e-4611-8a14-965c0672a28b is started using port 35533
2019-09-26 10:06:20,559 [Datanode State Machine Thread - 0] INFO  server.XceiverServerGrpc (XceiverServerGrpc.java:start(149)) - XceiverServerGrpc 445ae746-534e-4611-8a14-965c0672a28b is started using port 34700
2019-09-26 10:06:21,547 [main] INFO  ozone.MiniOzoneClusterImpl (MiniOzoneClusterImpl.java:lambda$waitForClusterToBeReady$0(147)) - Waiting for cluster to be ready. Got 0 of 7 DN Heartbeats.
2019-09-26 10:06:21,997 [IPC Server handler 4 on 44141] INFO  net.NetworkTopology (NetworkTopologyImpl.java:add(111)) - Added a new node: /default-rack/13165a8c-4572-43f4-b795-0eb0b3a8cfdc
2019-09-26 10:06:22,001 [IPC Server handler 4 on 44141] INFO  node.SCMNodeManager (SCMNodeManager.java:register(266)) - Registered Data node : 13165a8c-4572-43f4-b795-0eb0b3a8cfdc{ip: 192.168.30.13, host: pr-hdds-1569-wvzgm-824869521, networkLocation: /default-rack, certSerialId: null}
2019-09-26 10:06:22,002 [EventQueue-NodeRegistrationContainerReportForDataNodeSafeModeRule] INFO  safemode.SCMSafeModeManager (DataNodeSafeModeRule.java:process(71)) - SCM in safe mode. 1 DataNodes registered, 1 required.
2019-09-26 10:06:22,006 [EventQueue-NodeRegistrationContainerReportForDataNodeSafeModeRule] INFO  safemode.SCMSafeModeManager (SCMSafeModeManager.java:validateSafeModeExitRules(177)) - ScmSafeModeManager, all rules are successfully validated
2019-09-26 10:06:22,006 [EventQueue-NodeRegistrationContainerReportForDataNodeSafeModeRule] INFO  safemode.SCMSafeModeManager (SCMSafeModeManager.java:exitSafeMode(193)) - SCM exiting safe mode.
2019-09-26 10:06:22,036 [grpc-default-executor-1] INFO  impl.RaftServerProxy (RaftServerProxy.java:addNew(89)) - 13165a8c-4572-43f4-b795-0eb0b3a8cfdc: addNew group-0F3B31EC96AE:[13165a8c-4572-43f4-b795-0eb0b3a8cfdc:192.168.30.13:41099] returns group-0F3B31EC96AE:java.util.concurrent.CompletableFuture@30f6b603[Not completed]
2019-09-26 10:06:22,038 [pool-497-thread-1] INFO  impl.RaftServerImpl (RaftServerImpl.java:<init>(95)) - 13165a8c-4572-43f4-b795-0eb0b3a8cfdc: new RaftServerImpl for group-0F3B31EC96AE:[13165a8c-4572-43f4-b795-0eb0b3a8cfdc:192.168.30.13:41099] with ContainerStateMachine:uninitialized
2019-09-26 10:06:22,039 [pool-497-thread-1] INFO  server.RaftServerConfigKeys (ConfUtils.java:logGet(43)) - raft.server.rpc.timeout.min = 5s (custom)
2019-09-26 10:06:22,039 [pool-497-thread-1] INFO  server.RaftServerConfigKeys (ConfUtils.java:logGet(43)) - raft.server.rpc.timeout.max = 5200ms (custom)
2019-09-26 10:06:22,039 [pool-497-thread-1] INFO  server.RaftServerConfigKeys (ConfUtils.java:logGet(43)) - raft.server.rpcslowness.timeout = 120s (custom)
2019-09-26 10:06:22,039 [pool-497-thread-1] INFO  server.RaftServerConfigKeys (ConfUtils.java:logGet(43)) - raft.server.sleep.deviation.threshold = 300 (default)
2019-09-26 10:06:22,039 [pool-497-thread-1] INFO  server.RaftServerConfigKeys (ConfUtils.java:logGet(43)) - raft.server.log.appender.install.snapshot.enabled = false (custom)
2019-09-26 10:06:22,039 [pool-497-thread-1] INFO  impl.RaftServerImpl (ServerState.java:<init>(103)) - 13165a8c-4572-43f4-b795-0eb0b3a8cfdc@group-0F3B31EC96AE: ConfigurationManager, init=-1: [13165a8c-4572-43f4-b795-0eb0b3a8cfdc:192.168.30.13:41099], old=null, confs=<EMPTY_MAP>
2019-09-26 10:06:22,040 [pool-497-thread-1] INFO  server.RaftServerConfigKeys (ConfUtils.java:logGet(43)) - raft.server.storage.dir = [/workdir/hadoop-ozone/integration-test/target/test-dir/MiniOzoneClusterImpl-0a4d6173-89d3-45ab-a960-64e25af93069/datanode-0/data/ratis] (custom)
2019-09-26 10:06:22,040 [pool-497-thread-1] INFO  storage.RaftStorageDirectory (RaftStorageDirectory.java:analyzeStorage(246)) - The storage directory /workdir/hadoop-ozone/integration-test/target/test-dir/MiniOzoneClusterImpl-0a4d6173-89d3-45ab-a960-64e25af93069/datanode-0/data/ratis/71af4203-f810-4936-a685-0f3b31ec96ae does not exist. Creating ...
2019-09-26 10:06:22,055 [pool-497-thread-1] INFO  storage.RaftStorageDirectory (RaftStorageDirectory.java:tryLock(328)) - Lock on /workdir/hadoop-ozone/integration-test/target/test-dir/MiniOzoneClusterImpl-0a4d6173-89d3-45ab-a960-64e25af93069/datanode-0/data/ratis/71af4203-f810-4936-a685-0f3b31ec96ae/in_use.lock acquired by nodename 19604@pr-hdds-1569-wvzgm-824869521
2019-09-26 10:06:22,058 [IPC Server handler 5 on 44141] INFO  net.NetworkTopology (NetworkTopologyImpl.java:add(111)) - Added a new node: /default-rack/3fdc1795-13a2-484d-a1b3-617bb4b52936
2019-09-26 10:06:22,059 [IPC Server handler 5 on 44141] INFO  node.SCMNodeManager (SCMNodeManager.java:register(266)) - Registered Data node : 3fdc1795-13a2-484d-a1b3-617bb4b52936{ip: 192.168.30.13, host: pr-hdds-1569-wvzgm-824869521, networkLocation: /default-rack, certSerialId: null}
2019-09-26 10:06:22,069 [pool-497-thread-1] INFO  storage.RaftStorage (RaftStorage.java:format(72)) - Storage directory /workdir/hadoop-ozone/integration-test/target/test-dir/MiniOzoneClusterImpl-0a4d6173-89d3-45ab-a960-64e25af93069/datanode-0/data/ratis/71af4203-f810-4936-a685-0f3b31ec96ae has been successfully formatted.
2019-09-26 10:06:22,069 [pool-497-thread-1] INFO  ratis.ContainerStateMachine (ContainerStateMachine.java:loadSnapshot(230)) - group-0F3B31EC96AE: The snapshot info is null. Setting the last applied indexto:(t:0, i:~)
2019-09-26 10:06:22,069 [pool-497-thread-1] INFO  server.RaftServerConfigKeys (ConfUtils.java:logGet(43)) - raft.server.notification.no-leader.timeout = 120s (custom)
2019-09-26 10:06:22,069 [pool-497-thread-1] INFO  server.RaftServerConfigKeys (ConfUtils.java:logGet(43)) - raft.server.log.use.memory = false (default)
2019-09-26 10:06:22,070 [pool-497-thread-1] INFO  server.RaftServerConfigKeys (ConfUtils.java:logGet(43)) - raft.server.log.purge.gap = 1000000 (custom)
2019-09-26 10:06:22,070 [pool-497-thread-1] INFO  server.RaftServerConfigKeys (ConfUtils.java:logGet(43)) - raft.server.log.appender.buffer.byte-limit = 33554432 (custom)
2019-09-26 10:06:22,070 [pool-497-thread-1] INFO  server.RaftServerConfigKeys (ConfUtils.java:logGet(43)) - raft.server.log.segment.size.max = 1048576 (custom)
2019-09-26 10:06:22,070 [pool-497-thread-1] INFO  server.RaftServerConfigKeys (ConfUtils.java:logGet(43)) - raft.server.log.segment.cache.num.max = 2 (custom)
2019-09-26 10:06:22,070 [pool-497-thread-1] INFO  segmented.SegmentedRaftLogWorker (SegmentedRaftLogWorker.java:<init>(172)) - new 13165a8c-4572-43f4-b795-0eb0b3a8cfdc@group-0F3B31EC96AE-SegmentedRaftLogWorker for RaftStorage:Storage Directory /workdir/hadoop-ozone/integration-test/target/test-dir/MiniOzoneClusterImpl-0a4d6173-89d3-45ab-a960-64e25af93069/datanode-0/data/ratis/71af4203-f810-4936-a685-0f3b31ec96ae
2019-09-26 10:06:22,072 [pool-497-thread-1] INFO  server.RaftServerConfigKeys (ConfUtils.java:logGet(43)) - raft.server.log.queue.byte-limit = 2147483647 (custom)
2019-09-26 10:06:22,072 [pool-497-thread-1] INFO  server.RaftServerConfigKeys (ConfUtils.java:logGet(43)) - raft.server.log.queue.element-limit = 1024 (custom)
2019-09-26 10:06:22,073 [pool-497-thread-1] INFO  server.RaftServerConfigKeys (ConfUtils.java:logGet(43)) - raft.server.log.segment.size.max = 1048576 (custom)
2019-09-26 10:06:22,073 [pool-497-thread-1] INFO  server.RaftServerConfigKeys (ConfUtils.java:logGet(43)) - raft.server.log.preallocated.size = 16384 (custom)
2019-09-26 10:06:22,073 [pool-497-thread-1] INFO  server.RaftServerConfigKeys (ConfUtils.java:logGet(43)) - raft.server.log.write.buffer.size = 33554432 (custom)
2019-09-26 10:06:22,073 [pool-497-thread-1] INFO  server.RaftServerConfigKeys (ConfUtils.java:logGet(43)) - raft.server.log.force.sync.num = 128 (default)
2019-09-26 10:06:22,073 [pool-497-thread-1] INFO  server.RaftServerConfigKeys (ConfUtils.java:logGet(43)) - raft.server.log.statemachine.data.sync = true (default)
2019-09-26 10:06:22,073 [pool-497-thread-1] INFO  server.RaftServerConfigKeys (ConfUtils.java:logGet(43)) - raft.server.log.statemachine.data.sync.timeout = 10s (default)
2019-09-26 10:06:22,074 [pool-497-thread-1] INFO  server.RaftServerConfigKeys (ConfUtils.java:logGet(43)) - raft.server.log.statemachine.data.sync.timeout.retry = -1 (default)
2019-09-26 10:06:22,074 [pool-497-thread-1] INFO  server.RaftServerConfigKeys (ConfUtils.java:logGet(43)) - raft.server.log.statemachine.data.caching.enabled = true (custom)
2019-09-26 10:06:22,074 [pool-497-thread-1] INFO  segmented.SegmentedRaftLogWorker (SegmentedRaftLogWorker.java:lambda$new$0(132)) - 13165a8c-4572-43f4-b795-0eb0b3a8cfdc@group-0F3B31EC96AE-SegmentedRaftLogWorker: flushIndex: setUnconditionally 0 -> -1
2019-09-26 10:06:22,074 [pool-497-thread-1] INFO  server.RaftServerConfigKeys (ConfUtils.java:logGet(43)) - raft.server.snapshot.auto.trigger.enabled = true (custom)
2019-09-26 10:06:22,075 [pool-497-thread-1] INFO  server.RaftServerConfigKeys (ConfUtils.java:logGet(43)) - raft.server.snapshot.auto.trigger.threshold = 10000 (custom)
2019-09-26 10:06:22,075 [pool-497-thread-1] INFO  server.RaftServerConfigKeys (ConfUtils.java:logGet(43)) - raft.server.snapshot.retention.num.files = 5 (custom)
2019-09-26 10:06:22,075 [pool-497-thread-1] INFO  server.RaftServerConfigKeys (ConfUtils.java:logGet(43)) - raft.server.retrycache.expirytime = 600000ms (custom)
2019-09-26 10:06:22,076 [pool-497-thread-1] INFO  impl.RaftServerImpl (RaftServerImpl.java:start(185)) - 13165a8c-4572-43f4-b795-0eb0b3a8cfdc@group-0F3B31EC96AE: start as a follower, conf=-1: [13165a8c-4572-43f4-b795-0eb0b3a8cfdc:192.168.30.13:41099], old=null
2019-09-26 10:06:22,077 [pool-497-thread-1] INFO  impl.RaftServerImpl (RaftServerImpl.java:setRole(174)) - 13165a8c-4572-43f4-b795-0eb0b3a8cfdc@group-0F3B31EC96AE: changes role from      null to FOLLOWER at term 0 for startAsFollower
2019-09-26 10:06:22,077 [pool-497-thread-1] INFO  impl.RoleInfo (RoleInfo.java:updateAndGet(143)) - 13165a8c-4572-43f4-b795-0eb0b3a8cfdc: start FollowerState
2019-09-26 10:06:22,077 [pool-497-thread-1] INFO  util.JmxRegister (JmxRegister.java:tryRegister(44)) - Successfully registered JMX Bean with object name Ratis:service=RaftServer,group=group-0F3B31EC96AE,id=13165a8c-4572-43f4-b795-0eb0b3a8cfdc
2019-09-26 10:06:22,080 [RatisPipelineUtilsThread] INFO  pipeline.PipelineStateManager (PipelineStateManager.java:addPipeline(56)) - Created pipeline Pipeline[ Id: 71af4203-f810-4936-a685-0f3b31ec96ae, Nodes: 13165a8c-4572-43f4-b795-0eb0b3a8cfdc{ip: 192.168.30.13, host: pr-hdds-1569-wvzgm-824869521, networkLocation: /default-rack, certSerialId: null}, Type:RATIS, Factor:ONE, State:OPEN]
2019-09-26 10:06:22,083 [grpc-default-executor-1] INFO  impl.RaftServerProxy (RaftServerProxy.java:addNew(89)) - 13165a8c-4572-43f4-b795-0eb0b3a8cfdc: addNew group-C49137EC952C:[13165a8c-4572-43f4-b795-0eb0b3a8cfdc:192.168.30.13:41099] returns group-C49137EC952C:java.util.concurrent.CompletableFuture@7565aa1[Not completed]
2019-09-26 10:06:22,084 [pool-497-thread-1] INFO  impl.RaftServerImpl (RaftServerImpl.java:<init>(95)) - 13165a8c-4572-43f4-b795-0eb0b3a8cfdc: new RaftServerImpl for group-C49137EC952C:[13165a8c-4572-43f4-b795-0eb0b3a8cfdc:192.168.30.13:41099] with ContainerStateMachine:uninitialized
2019-09-26 10:06:22,085 [pool-497-thread-1] INFO  server.RaftServerConfigKeys (ConfUtils.java:logGet(43)) - raft.server.rpc.timeout.min = 5s (custom)
2019-09-26 10:06:22,085 [pool-497-thread-1] INFO  server.RaftServerConfigKeys (ConfUtils.java:logGet(43)) - raft.server.rpc.timeout.max = 5200ms (custom)
2019-09-26 10:06:22,085 [pool-497-thread-1] INFO  server.RaftServerConfigKeys (ConfUtils.java:logGet(43)) - raft.server.rpcslowness.timeout = 120s (custom)
2019-09-26 10:06:22,085 [pool-497-thread-1] INFO  server.RaftServerConfigKeys (ConfUtils.java:logGet(43)) - raft.server.sleep.deviation.threshold = 300 (default)
2019-09-26 10:06:22,085 [pool-497-thread-1] INFO  server.RaftServerConfigKeys (ConfUtils.java:logGet(43)) - raft.server.log.appender.install.snapshot.enabled = false (custom)
2019-09-26 10:06:22,085 [pool-497-thread-1] INFO  impl.RaftServerImpl (ServerState.java:<init>(103)) - 13165a8c-4572-43f4-b795-0eb0b3a8cfdc@group-C49137EC952C: ConfigurationManager, init=-1: [13165a8c-4572-43f4-b795-0eb0b3a8cfdc:192.168.30.13:41099], old=null, confs=<EMPTY_MAP>
2019-09-26 10:06:22,085 [pool-497-thread-1] INFO  server.RaftServerConfigKeys (ConfUtils.java:logGet(43)) - raft.server.storage.dir = [/workdir/hadoop-ozone/integration-test/target/test-dir/MiniOzoneClusterImpl-0a4d6173-89d3-45ab-a960-64e25af93069/datanode-0/data/ratis] (custom)
2019-09-26 10:06:22,085 [pool-497-thread-1] INFO  storage.RaftStorageDirectory (RaftStorageDirectory.java:analyzeStorage(246)) - The storage directory /workdir/hadoop-ozone/integration-test/target/test-dir/MiniOzoneClusterImpl-0a4d6173-89d3-45ab-a960-64e25af93069/datanode-0/data/ratis/2881a85f-3437-4877-99e7-c49137ec952c does not exist. Creating ...
2019-09-26 10:06:22,098 [pool-497-thread-1] INFO  storage.RaftStorageDirectory (RaftStorageDirectory.java:tryLock(328)) - Lock on /workdir/hadoop-ozone/integration-test/target/test-dir/MiniOzoneClusterImpl-0a4d6173-89d3-45ab-a960-64e25af93069/datanode-0/data/ratis/2881a85f-3437-4877-99e7-c49137ec952c/in_use.lock acquired by nodename 19604@pr-hdds-1569-wvzgm-824869521
2019-09-26 10:06:22,110 [pool-497-thread-1] INFO  storage.RaftStorage (RaftStorage.java:format(72)) - Storage directory /workdir/hadoop-ozone/integration-test/target/test-dir/MiniOzoneClusterImpl-0a4d6173-89d3-45ab-a960-64e25af93069/datanode-0/data/ratis/2881a85f-3437-4877-99e7-c49137ec952c has been successfully formatted.
2019-09-26 10:06:22,111 [pool-497-thread-1] INFO  ratis.ContainerStateMachine (ContainerStateMachine.java:loadSnapshot(230)) - group-C49137EC952C: The snapshot info is null. Setting the last applied indexto:(t:0, i:~)
2019-09-26 10:06:22,111 [pool-497-thread-1] INFO  server.RaftServerConfigKeys (ConfUtils.java:logGet(43)) - raft.server.notification.no-leader.timeout = 120s (custom)
2019-09-26 10:06:22,111 [pool-497-thread-1] INFO  server.RaftServerConfigKeys (ConfUtils.java:logGet(43)) - raft.server.log.use.memory = false (default)
2019-09-26 10:06:22,111 [pool-497-thread-1] INFO  server.RaftServerConfigKeys (ConfUtils.java:logGet(43)) - raft.server.log.purge.gap = 1000000 (custom)
2019-09-26 10:06:22,111 [pool-497-thread-1] INFO  server.RaftServerConfigKeys (ConfUtils.java:logGet(43)) - raft.server.log.appender.buffer.byte-limit = 33554432 (custom)
2019-09-26 10:06:22,111 [pool-497-thread-1] INFO  server.RaftServerConfigKeys (ConfUtils.java:logGet(43)) - raft.server.log.segment.size.max = 1048576 (custom)
2019-09-26 10:06:22,111 [pool-497-thread-1] INFO  server.RaftServerConfigKeys (ConfUtils.java:logGet(43)) - raft.server.log.segment.cache.num.max = 2 (custom)
2019-09-26 10:06:22,111 [pool-497-thread-1] INFO  segmented.SegmentedRaftLogWorker (SegmentedRaftLogWorker.java:<init>(172)) - new 13165a8c-4572-43f4-b795-0eb0b3a8cfdc@group-C49137EC952C-SegmentedRaftLogWorker for RaftStorage:Storage Directory /workdir/hadoop-ozone/integration-test/target/test-dir/MiniOzoneClusterImpl-0a4d6173-89d3-45ab-a960-64e25af93069/datanode-0/data/ratis/2881a85f-3437-4877-99e7-c49137ec952c
2019-09-26 10:06:22,112 [pool-497-thread-1] INFO  server.RaftServerConfigKeys (ConfUtils.java:logGet(43)) - raft.server.log.queue.byte-limit = 2147483647 (custom)
2019-09-26 10:06:22,112 [pool-497-thread-1] INFO  server.RaftServerConfigKeys (ConfUtils.java:logGet(43)) - raft.server.log.queue.element-limit = 1024 (custom)
2019-09-26 10:06:22,112 [pool-497-thread-1] INFO  server.RaftServerConfigKeys (ConfUtils.java:logGet(43)) - raft.server.log.segment.size.max = 1048576 (custom)
2019-09-26 10:06:22,112 [pool-497-thread-1] INFO  server.RaftServerConfigKeys (ConfUtils.java:logGet(43)) - raft.server.log.preallocated.size = 16384 (custom)
2019-09-26 10:06:22,112 [pool-497-thread-1] INFO  server.RaftServerConfigKeys (ConfUtils.java:logGet(43)) - raft.server.log.write.buffer.size = 33554432 (custom)
2019-09-26 10:06:22,112 [pool-497-thread-1] INFO  server.RaftServerConfigKeys (ConfUtils.java:logGet(43)) - raft.server.log.force.sync.num = 128 (default)
2019-09-26 10:06:22,112 [pool-497-thread-1] INFO  server.RaftServerConfigKeys (ConfUtils.java:logGet(43)) - raft.server.log.statemachine.data.sync = true (default)
2019-09-26 10:06:22,112 [pool-497-thread-1] INFO  server.RaftServerConfigKeys (ConfUtils.java:logGet(43)) - raft.server.log.statemachine.data.sync.timeout = 10s (default)
2019-09-26 10:06:22,112 [pool-497-thread-1] INFO  server.RaftServerConfigKeys (ConfUtils.java:logGet(43)) - raft.server.log.statemachine.data.sync.timeout.retry = -1 (default)
2019-09-26 10:06:22,113 [pool-497-thread-1] INFO  server.RaftServerConfigKeys (ConfUtils.java:logGet(43)) - raft.server.log.statemachine.data.caching.enabled = true (custom)
2019-09-26 10:06:22,113 [pool-497-thread-1] INFO  segmented.SegmentedRaftLogWorker (SegmentedRaftLogWorker.java:lambda$new$0(132)) - 13165a8c-4572-43f4-b795-0eb0b3a8cfdc@group-C49137EC952C-SegmentedRaftLogWorker: flushIndex: setUnconditionally 0 -> -1
2019-09-26 10:06:22,113 [pool-497-thread-1] INFO  server.RaftServerConfigKeys (ConfUtils.java:logGet(43)) - raft.server.snapshot.auto.trigger.enabled = true (custom)
2019-09-26 10:06:22,113 [pool-497-thread-1] INFO  server.RaftServerConfigKeys (ConfUtils.java:logGet(43)) - raft.server.snapshot.auto.trigger.threshold = 10000 (custom)
2019-09-26 10:06:22,113 [pool-497-thread-1] INFO  server.RaftServerConfigKeys (ConfUtils.java:logGet(43)) - raft.server.snapshot.retention.num.files = 5 (custom)
2019-09-26 10:06:22,113 [pool-497-thread-1] INFO  server.RaftServerConfigKeys (ConfUtils.java:logGet(43)) - raft.server.retrycache.expirytime = 600000ms (custom)
2019-09-26 10:06:22,115 [pool-497-thread-1] INFO  impl.RaftServerImpl (RaftServerImpl.java:start(185)) - 13165a8c-4572-43f4-b795-0eb0b3a8cfdc@group-C49137EC952C: start as a follower, conf=-1: [13165a8c-4572-43f4-b795-0eb0b3a8cfdc:192.168.30.13:41099], old=null
2019-09-26 10:06:22,115 [pool-497-thread-1] INFO  impl.RaftServerImpl (RaftServerImpl.java:setRole(174)) - 13165a8c-4572-43f4-b795-0eb0b3a8cfdc@group-C49137EC952C: changes role from      null to FOLLOWER at term 0 for startAsFollower
2019-09-26 10:06:22,115 [pool-497-thread-1] INFO  impl.RoleInfo (RoleInfo.java:updateAndGet(143)) - 13165a8c-4572-43f4-b795-0eb0b3a8cfdc: start FollowerState
2019-09-26 10:06:22,115 [pool-497-thread-1] INFO  util.JmxRegister (JmxRegister.java:tryRegister(44)) - Successfully registered JMX Bean with object name Ratis:service=RaftServer,group=group-C49137EC952C,id=13165a8c-4572-43f4-b795-0eb0b3a8cfdc
2019-09-26 10:06:22,117 [RatisPipelineUtilsThread] INFO  pipeline.PipelineStateManager (PipelineStateManager.java:addPipeline(56)) - Created pipeline Pipeline[ Id: 2881a85f-3437-4877-99e7-c49137ec952c, Nodes: 13165a8c-4572-43f4-b795-0eb0b3a8cfdc{ip: 192.168.30.13, host: pr-hdds-1569-wvzgm-824869521, networkLocation: /default-rack, certSerialId: null}, Type:RATIS, Factor:ONE, State:OPEN]
2019-09-26 10:06:22,120 [grpc-default-executor-1] INFO  impl.RaftServerProxy (RaftServerProxy.java:addNew(89)) - 13165a8c-4572-43f4-b795-0eb0b3a8cfdc: addNew group-2FD6ECF985DD:[13165a8c-4572-43f4-b795-0eb0b3a8cfdc:192.168.30.13:41099] returns group-2FD6ECF985DD:java.util.concurrent.CompletableFuture@6a62100c[Not completed]
2019-09-26 10:06:22,121 [pool-497-thread-1] INFO  impl.RaftServerImpl (RaftServerImpl.java:<init>(95)) - 13165a8c-4572-43f4-b795-0eb0b3a8cfdc: new RaftServerImpl for group-2FD6ECF985DD:[13165a8c-4572-43f4-b795-0eb0b3a8cfdc:192.168.30.13:41099] with ContainerStateMachine:uninitialized
2019-09-26 10:06:22,121 [pool-497-thread-1] INFO  server.RaftServerConfigKeys (ConfUtils.java:logGet(43)) - raft.server.rpc.timeout.min = 5s (custom)
2019-09-26 10:06:22,121 [pool-497-thread-1] INFO  server.RaftServerConfigKeys (ConfUtils.java:logGet(43)) - raft.server.rpc.timeout.max = 5200ms (custom)
2019-09-26 10:06:22,122 [pool-497-thread-1] INFO  server.RaftServerConfigKeys (ConfUtils.java:logGet(43)) - raft.server.rpcslowness.timeout = 120s (custom)
2019-09-26 10:06:22,122 [pool-497-thread-1] INFO  server.RaftServerConfigKeys (ConfUtils.java:logGet(43)) - raft.server.sleep.deviation.threshold = 300 (default)
2019-09-26 10:06:22,122 [pool-497-thread-1] INFO  server.RaftServerConfigKeys (ConfUtils.java:logGet(43)) - raft.server.log.appender.install.snapshot.enabled = false (custom)
2019-09-26 10:06:22,122 [pool-497-thread-1] INFO  impl.RaftServerImpl (ServerState.java:<init>(103)) - 13165a8c-4572-43f4-b795-0eb0b3a8cfdc@group-2FD6ECF985DD: ConfigurationManager, init=-1: [13165a8c-4572-43f4-b795-0eb0b3a8cfdc:192.168.30.13:41099], old=null, confs=<EMPTY_MAP>
2019-09-26 10:06:22,122 [pool-497-thread-1] INFO  server.RaftServerConfigKeys (ConfUtils.java:logGet(43)) - raft.server.storage.dir = [/workdir/hadoop-ozone/integration-test/target/test-dir/MiniOzoneClusterImpl-0a4d6173-89d3-45ab-a960-64e25af93069/datanode-0/data/ratis] (custom)
2019-09-26 10:06:22,122 [pool-497-thread-1] INFO  storage.RaftStorageDirectory (RaftStorageDirectory.java:analyzeStorage(246)) - The storage directory /workdir/hadoop-ozone/integration-test/target/test-dir/MiniOzoneClusterImpl-0a4d6173-89d3-45ab-a960-64e25af93069/datanode-0/data/ratis/bb8b0e44-4ed7-47c1-a68a-2fd6ecf985dd does not exist. Creating ...
2019-09-26 10:06:22,135 [pool-497-thread-1] INFO  storage.RaftStorageDirectory (RaftStorageDirectory.java:tryLock(328)) - Lock on /workdir/hadoop-ozone/integration-test/target/test-dir/MiniOzoneClusterImpl-0a4d6173-89d3-45ab-a960-64e25af93069/datanode-0/data/ratis/bb8b0e44-4ed7-47c1-a68a-2fd6ecf985dd/in_use.lock acquired by nodename 19604@pr-hdds-1569-wvzgm-824869521
2019-09-26 10:06:22,147 [pool-497-thread-1] INFO  storage.RaftStorage (RaftStorage.java:format(72)) - Storage directory /workdir/hadoop-ozone/integration-test/target/test-dir/MiniOzoneClusterImpl-0a4d6173-89d3-45ab-a960-64e25af93069/datanode-0/data/ratis/bb8b0e44-4ed7-47c1-a68a-2fd6ecf985dd has been successfully formatted.
2019-09-26 10:06:22,148 [pool-497-thread-1] INFO  ratis.ContainerStateMachine (ContainerStateMachine.java:loadSnapshot(230)) - group-2FD6ECF985DD: The snapshot info is null. Setting the last applied indexto:(t:0, i:~)
2019-09-26 10:06:22,148 [pool-497-thread-1] INFO  server.RaftServerConfigKeys (ConfUtils.java:logGet(43)) - raft.server.notification.no-leader.timeout = 120s (custom)
2019-09-26 10:06:22,148 [pool-497-thread-1] INFO  server.RaftServerConfigKeys (ConfUtils.java:logGet(43)) - raft.server.log.use.memory = false (default)
2019-09-26 10:06:22,148 [pool-497-thread-1] INFO  server.RaftServerConfigKeys (ConfUtils.java:logGet(43)) - raft.server.log.purge.gap = 1000000 (custom)
2019-09-26 10:06:22,148 [pool-497-thread-1] INFO  server.RaftServerConfigKeys (ConfUtils.java:logGet(43)) - raft.server.log.appender.buffer.byte-limit = 33554432 (custom)
2019-09-26 10:06:22,148 [pool-497-thread-1] INFO  server.RaftServerConfigKeys (ConfUtils.java:logGet(43)) - raft.server.log.segment.size.max = 1048576 (custom)
2019-09-26 10:06:22,148 [pool-497-thread-1] INFO  server.RaftServerConfigKeys (ConfUtils.java:logGet(43)) - raft.server.log.segment.cache.num.max = 2 (custom)
2019-09-26 10:06:22,149 [pool-497-thread-1] INFO  segmented.SegmentedRaftLogWorker (SegmentedRaftLogWorker.java:<init>(172)) - new 13165a8c-4572-43f4-b795-0eb0b3a8cfdc@group-2FD6ECF985DD-SegmentedRaftLogWorker for RaftStorage:Storage Directory /workdir/hadoop-ozone/integration-test/target/test-dir/MiniOzoneClusterImpl-0a4d6173-89d3-45ab-a960-64e25af93069/datanode-0/data/ratis/bb8b0e44-4ed7-47c1-a68a-2fd6ecf985dd
2019-09-26 10:06:22,149 [pool-497-thread-1] INFO  server.RaftServerConfigKeys (ConfUtils.java:logGet(43)) - raft.server.log.queue.byte-limit = 2147483647 (custom)
2019-09-26 10:06:22,149 [pool-497-thread-1] INFO  server.RaftServerConfigKeys (ConfUtils.java:logGet(43)) - raft.server.log.queue.element-limit = 1024 (custom)
2019-09-26 10:06:22,149 [pool-497-thread-1] INFO  server.RaftServerConfigKeys (ConfUtils.java:logGet(43)) - raft.server.log.segment.size.max = 1048576 (custom)
2019-09-26 10:06:22,149 [pool-497-thread-1] INFO  server.RaftServerConfigKeys (ConfUtils.java:logGet(43)) - raft.server.log.preallocated.size = 16384 (custom)
2019-09-26 10:06:22,149 [pool-497-thread-1] INFO  server.RaftServerConfigKeys (ConfUtils.java:logGet(43)) - raft.server.log.write.buffer.size = 33554432 (custom)
2019-09-26 10:06:22,149 [pool-497-thread-1] INFO  server.RaftServerConfigKeys (ConfUtils.java:logGet(43)) - raft.server.log.force.sync.num = 128 (default)
2019-09-26 10:06:22,149 [pool-497-thread-1] INFO  server.RaftServerConfigKeys (ConfUtils.java:logGet(43)) - raft.server.log.statemachine.data.sync = true (default)
2019-09-26 10:06:22,149 [pool-497-thread-1] INFO  server.RaftServerConfigKeys (ConfUtils.java:logGet(43)) - raft.server.log.statemachine.data.sync.timeout = 10s (default)
2019-09-26 10:06:22,150 [pool-497-thread-1] INFO  server.RaftServerConfigKeys (ConfUtils.java:logGet(43)) - raft.server.log.statemachine.data.sync.timeout.retry = -1 (default)
2019-09-26 10:06:22,150 [pool-497-thread-1] INFO  server.RaftServerConfigKeys (ConfUtils.java:logGet(43)) - raft.server.log.statemachine.data.caching.enabled = true (custom)
2019-09-26 10:06:22,150 [pool-497-thread-1] INFO  segmented.SegmentedRaftLogWorker (SegmentedRaftLogWorker.java:lambda$new$0(132)) - 13165a8c-4572-43f4-b795-0eb0b3a8cfdc@group-2FD6ECF985DD-SegmentedRaftLogWorker: flushIndex: setUnconditionally 0 -> -1
2019-09-26 10:06:22,150 [pool-497-thread-1] INFO  server.RaftServerConfigKeys (ConfUtils.java:logGet(43)) - raft.server.snapshot.auto.trigger.enabled = true (custom)
2019-09-26 10:06:22,150 [pool-497-thread-1] INFO  server.RaftServerConfigKeys (ConfUtils.java:logGet(43)) - raft.server.snapshot.auto.trigger.threshold = 10000 (custom)
2019-09-26 10:06:22,150 [pool-497-thread-1] INFO  server.RaftServerConfigKeys (ConfUtils.java:logGet(43)) - raft.server.snapshot.retention.num.files = 5 (custom)
2019-09-26 10:06:22,151 [pool-497-thread-1] INFO  server.RaftServerConfigKeys (ConfUtils.java:logGet(43)) - raft.server.retrycache.expirytime = 600000ms (custom)
2019-09-26 10:06:22,152 [pool-497-thread-1] INFO  impl.RaftServerImpl (RaftServerImpl.java:start(185)) - 13165a8c-4572-43f4-b795-0eb0b3a8cfdc@group-2FD6ECF985DD: start as a follower, conf=-1: [13165a8c-4572-43f4-b795-0eb0b3a8cfdc:192.168.30.13:41099], old=null
2019-09-26 10:06:22,152 [pool-497-thread-1] INFO  impl.RaftServerImpl (RaftServerImpl.java:setRole(174)) - 13165a8c-4572-43f4-b795-0eb0b3a8cfdc@group-2FD6ECF985DD: changes role from      null to FOLLOWER at term 0 for startAsFollower
2019-09-26 10:06:22,152 [pool-497-thread-1] INFO  impl.RoleInfo (RoleInfo.java:updateAndGet(143)) - 13165a8c-4572-43f4-b795-0eb0b3a8cfdc: start FollowerState
2019-09-26 10:06:22,152 [pool-497-thread-1] INFO  util.JmxRegister (JmxRegister.java:tryRegister(44)) - Successfully registered JMX Bean with object name Ratis:service=RaftServer,group=group-2FD6ECF985DD,id=13165a8c-4572-43f4-b795-0eb0b3a8cfdc
2019-09-26 10:06:22,155 [RatisPipelineUtilsThread] INFO  pipeline.PipelineStateManager (PipelineStateManager.java:addPipeline(56)) - Created pipeline Pipeline[ Id: bb8b0e44-4ed7-47c1-a68a-2fd6ecf985dd, Nodes: 13165a8c-4572-43f4-b795-0eb0b3a8cfdc{ip: 192.168.30.13, host: pr-hdds-1569-wvzgm-824869521, networkLocation: /default-rack, certSerialId: null}, Type:RATIS, Factor:ONE, State:OPEN]
2019-09-26 10:06:22,158 [grpc-default-executor-1] INFO  impl.RaftServerProxy (RaftServerProxy.java:addNew(89)) - 13165a8c-4572-43f4-b795-0eb0b3a8cfdc: addNew group-FCA59B41651C:[13165a8c-4572-43f4-b795-0eb0b3a8cfdc:192.168.30.13:41099] returns group-FCA59B41651C:java.util.concurrent.CompletableFuture@41d8b11c[Not completed]
2019-09-26 10:06:22,159 [pool-497-thread-1] INFO  impl.RaftServerImpl (RaftServerImpl.java:<init>(95)) - 13165a8c-4572-43f4-b795-0eb0b3a8cfdc: new RaftServerImpl for group-FCA59B41651C:[13165a8c-4572-43f4-b795-0eb0b3a8cfdc:192.168.30.13:41099] with ContainerStateMachine:uninitialized
2019-09-26 10:06:22,160 [pool-497-thread-1] INFO  server.RaftServerConfigKeys (ConfUtils.java:logGet(43)) - raft.server.rpc.timeout.min = 5s (custom)
2019-09-26 10:06:22,160 [pool-497-thread-1] INFO  server.RaftServerConfigKeys (ConfUtils.java:logGet(43)) - raft.server.rpc.timeout.max = 5200ms (custom)
2019-09-26 10:06:22,160 [pool-497-thread-1] INFO  server.RaftServerConfigKeys (ConfUtils.java:logGet(43)) - raft.server.rpcslowness.timeout = 120s (custom)
2019-09-26 10:06:22,160 [pool-497-thread-1] INFO  server.RaftServerConfigKeys (ConfUtils.java:logGet(43)) - raft.server.sleep.deviation.threshold = 300 (default)
2019-09-26 10:06:22,160 [pool-497-thread-1] INFO  server.RaftServerConfigKeys (ConfUtils.java:logGet(43)) - raft.server.log.appender.install.snapshot.enabled = false (custom)
2019-09-26 10:06:22,160 [pool-497-thread-1] INFO  impl.RaftServerImpl (ServerState.java:<init>(103)) - 13165a8c-4572-43f4-b795-0eb0b3a8cfdc@group-FCA59B41651C: ConfigurationManager, init=-1: [13165a8c-4572-43f4-b795-0eb0b3a8cfdc:192.168.30.13:41099], old=null, confs=<EMPTY_MAP>
2019-09-26 10:06:22,160 [pool-497-thread-1] INFO  server.RaftServerConfigKeys (ConfUtils.java:logGet(43)) - raft.server.storage.dir = [/workdir/hadoop-ozone/integration-test/target/test-dir/MiniOzoneClusterImpl-0a4d6173-89d3-45ab-a960-64e25af93069/datanode-0/data/ratis] (custom)
2019-09-26 10:06:22,160 [pool-497-thread-1] INFO  storage.RaftStorageDirectory (RaftStorageDirectory.java:analyzeStorage(246)) - The storage directory /workdir/hadoop-ozone/integration-test/target/test-dir/MiniOzoneClusterImpl-0a4d6173-89d3-45ab-a960-64e25af93069/datanode-0/data/ratis/77ea4f75-2810-4a2e-a75d-fca59b41651c does not exist. Creating ...
2019-09-26 10:06:22,173 [pool-497-thread-1] INFO  storage.RaftStorageDirectory (RaftStorageDirectory.java:tryLock(328)) - Lock on /workdir/hadoop-ozone/integration-test/target/test-dir/MiniOzoneClusterImpl-0a4d6173-89d3-45ab-a960-64e25af93069/datanode-0/data/ratis/77ea4f75-2810-4a2e-a75d-fca59b41651c/in_use.lock acquired by nodename 19604@pr-hdds-1569-wvzgm-824869521
2019-09-26 10:06:22,185 [pool-497-thread-1] INFO  storage.RaftStorage (RaftStorage.java:format(72)) - Storage directory /workdir/hadoop-ozone/integration-test/target/test-dir/MiniOzoneClusterImpl-0a4d6173-89d3-45ab-a960-64e25af93069/datanode-0/data/ratis/77ea4f75-2810-4a2e-a75d-fca59b41651c has been successfully formatted.
2019-09-26 10:06:22,186 [pool-497-thread-1] INFO  ratis.ContainerStateMachine (ContainerStateMachine.java:loadSnapshot(230)) - group-FCA59B41651C: The snapshot info is null. Setting the last applied indexto:(t:0, i:~)
2019-09-26 10:06:22,186 [pool-497-thread-1] INFO  server.RaftServerConfigKeys (ConfUtils.java:logGet(43)) - raft.server.notification.no-leader.timeout = 120s (custom)
2019-09-26 10:06:22,186 [pool-497-thread-1] INFO  server.RaftServerConfigKeys (ConfUtils.java:logGet(43)) - raft.server.log.use.memory = false (default)
2019-09-26 10:06:22,186 [pool-497-thread-1] INFO  server.RaftServerConfigKeys (ConfUtils.java:logGet(43)) - raft.server.log.purge.gap = 1000000 (custom)
2019-09-26 10:06:22,186 [pool-497-thread-1] INFO  server.RaftServerConfigKeys (ConfUtils.java:logGet(43)) - raft.server.log.appender.buffer.byte-limit = 33554432 (custom)
2019-09-26 10:06:22,186 [pool-497-thread-1] INFO  server.RaftServerConfigKeys (ConfUtils.java:logGet(43)) - raft.server.log.segment.size.max = 1048576 (custom)
2019-09-26 10:06:22,186 [pool-497-thread-1] INFO  server.RaftServerConfigKeys (ConfUtils.java:logGet(43)) - raft.server.log.segment.cache.num.max = 2 (custom)
2019-09-26 10:06:22,186 [pool-497-thread-1] INFO  segmented.SegmentedRaftLogWorker (SegmentedRaftLogWorker.java:<init>(172)) - new 13165a8c-4572-43f4-b795-0eb0b3a8cfdc@group-FCA59B41651C-SegmentedRaftLogWorker for RaftStorage:Storage Directory /workdir/hadoop-ozone/integration-test/target/test-dir/MiniOzoneClusterImpl-0a4d6173-89d3-45ab-a960-64e25af93069/datanode-0/data/ratis/77ea4f75-2810-4a2e-a75d-fca59b41651c
2019-09-26 10:06:22,186 [pool-497-thread-1] INFO  server.RaftServerConfigKeys (ConfUtils.java:logGet(43)) - raft.server.log.queue.byte-limit = 2147483647 (custom)
2019-09-26 10:06:22,187 [pool-497-thread-1] INFO  server.RaftServerConfigKeys (ConfUtils.java:logGet(43)) - raft.server.log.queue.element-limit = 1024 (custom)
2019-09-26 10:06:22,187 [pool-497-thread-1] INFO  server.RaftServerConfigKeys (ConfUtils.java:logGet(43)) - raft.server.log.segment.size.max = 1048576 (custom)
2019-09-26 10:06:22,187 [pool-497-thread-1] INFO  server.RaftServerConfigKeys (ConfUtils.java:logGet(43)) - raft.server.log.preallocated.size = 16384 (custom)
2019-09-26 10:06:22,187 [pool-497-thread-1] INFO  server.RaftServerConfigKeys (ConfUtils.java:logGet(43)) - raft.server.log.write.buffer.size = 33554432 (custom)
2019-09-26 10:06:22,187 [pool-497-thread-1] INFO  server.RaftServerConfigKeys (ConfUtils.java:logGet(43)) - raft.server.log.force.sync.num = 128 (default)
2019-09-26 10:06:22,187 [pool-497-thread-1] INFO  server.RaftServerConfigKeys (ConfUtils.java:logGet(43)) - raft.server.log.statemachine.data.sync = true (default)
2019-09-26 10:06:22,187 [pool-497-thread-1] INFO  server.RaftServerConfigKeys (ConfUtils.java:logGet(43)) - raft.server.log.statemachine.data.sync.timeout = 10s (default)
2019-09-26 10:06:22,187 [pool-497-thread-1] INFO  server.RaftServerConfigKeys (ConfUtils.java:logGet(43)) - raft.server.log.statemachine.data.sync.timeout.retry = -1 (default)
2019-09-26 10:06:22,187 [pool-497-thread-1] INFO  server.RaftServerConfigKeys (ConfUtils.java:logGet(43)) - raft.server.log.statemachine.data.caching.enabled = true (custom)
2019-09-26 10:06:22,188 [pool-497-thread-1] INFO  segmented.SegmentedRaftLogWorker (SegmentedRaftLogWorker.java:lambda$new$0(132)) - 13165a8c-4572-43f4-b795-0eb0b3a8cfdc@group-FCA59B41651C-SegmentedRaftLogWorker: flushIndex: setUnconditionally 0 -> -1
2019-09-26 10:06:22,188 [pool-497-thread-1] INFO  server.RaftServerConfigKeys (ConfUtils.java:logGet(43)) - raft.server.snapshot.auto.trigger.enabled = true (custom)
2019-09-26 10:06:22,188 [pool-497-thread-1] INFO  server.RaftServerConfigKeys (ConfUtils.java:logGet(43)) - raft.server.snapshot.auto.trigger.threshold = 10000 (custom)
2019-09-26 10:06:22,188 [pool-497-thread-1] INFO  server.RaftServerConfigKeys (ConfUtils.java:logGet(43)) - raft.server.snapshot.retention.num.files = 5 (custom)
2019-09-26 10:06:22,188 [pool-497-thread-1] INFO  server.RaftServerConfigKeys (ConfUtils.java:logGet(43)) - raft.server.retrycache.expirytime = 600000ms (custom)
2019-09-26 10:06:22,189 [pool-497-thread-1] INFO  impl.RaftServerImpl (RaftServerImpl.java:start(185)) - 13165a8c-4572-43f4-b795-0eb0b3a8cfdc@group-FCA59B41651C: start as a follower, conf=-1: [13165a8c-4572-43f4-b795-0eb0b3a8cfdc:192.168.30.13:41099], old=null
2019-09-26 10:06:22,189 [pool-497-thread-1] INFO  impl.RaftServerImpl (RaftServerImpl.java:setRole(174)) - 13165a8c-4572-43f4-b795-0eb0b3a8cfdc@group-FCA59B41651C: changes role from      null to FOLLOWER at term 0 for startAsFollower
2019-09-26 10:06:22,190 [pool-497-thread-1] INFO  impl.RoleInfo (RoleInfo.java:updateAndGet(143)) - 13165a8c-4572-43f4-b795-0eb0b3a8cfdc: start FollowerState
2019-09-26 10:06:22,190 [pool-497-thread-1] INFO  util.JmxRegister (JmxRegister.java:tryRegister(44)) - Successfully registered JMX Bean with object name Ratis:service=RaftServer,group=group-FCA59B41651C,id=13165a8c-4572-43f4-b795-0eb0b3a8cfdc
2019-09-26 10:06:22,191 [RatisPipelineUtilsThread] INFO  pipeline.PipelineStateManager (PipelineStateManager.java:addPipeline(56)) - Created pipeline Pipeline[ Id: 77ea4f75-2810-4a2e-a75d-fca59b41651c, Nodes: 13165a8c-4572-43f4-b795-0eb0b3a8cfdc{ip: 192.168.30.13, host: pr-hdds-1569-wvzgm-824869521, networkLocation: /default-rack, certSerialId: null}, Type:RATIS, Factor:ONE, State:OPEN]
2019-09-26 10:06:22,194 [grpc-default-executor-1] INFO  impl.RaftServerProxy (RaftServerProxy.java:addNew(89)) - 13165a8c-4572-43f4-b795-0eb0b3a8cfdc: addNew group-7739920095D9:[13165a8c-4572-43f4-b795-0eb0b3a8cfdc:192.168.30.13:41099] returns group-7739920095D9:java.util.concurrent.CompletableFuture@5b2bf9f5[Not completed]
2019-09-26 10:06:22,195 [pool-497-thread-1] INFO  impl.RaftServerImpl (RaftServerImpl.java:<init>(95)) - 13165a8c-4572-43f4-b795-0eb0b3a8cfdc: new RaftServerImpl for group-7739920095D9:[13165a8c-4572-43f4-b795-0eb0b3a8cfdc:192.168.30.13:41099] with ContainerStateMachine:uninitialized
2019-09-26 10:06:22,195 [pool-497-thread-1] INFO  server.RaftServerConfigKeys (ConfUtils.java:logGet(43)) - raft.server.rpc.timeout.min = 5s (custom)
2019-09-26 10:06:22,195 [pool-497-thread-1] INFO  server.RaftServerConfigKeys (ConfUtils.java:logGet(43)) - raft.server.rpc.timeout.max = 5200ms (custom)
2019-09-26 10:06:22,195 [pool-497-thread-1] INFO  server.RaftServerConfigKeys (ConfUtils.java:logGet(43)) - raft.server.rpcslowness.timeout = 120s (custom)
2019-09-26 10:06:22,195 [pool-497-thread-1] INFO  server.RaftServerConfigKeys (ConfUtils.java:logGet(43)) - raft.server.sleep.deviation.threshold = 300 (default)
2019-09-26 10:06:22,196 [pool-497-thread-1] INFO  server.RaftServerConfigKeys (ConfUtils.java:logGet(43)) - raft.server.log.appender.install.snapshot.enabled = false (custom)
2019-09-26 10:06:22,196 [pool-497-thread-1] INFO  impl.RaftServerImpl (ServerState.java:<init>(103)) - 13165a8c-4572-43f4-b795-0eb0b3a8cfdc@group-7739920095D9: ConfigurationManager, init=-1: [13165a8c-4572-43f4-b795-0eb0b3a8cfdc:192.168.30.13:41099], old=null, confs=<EMPTY_MAP>
2019-09-26 10:06:22,196 [pool-497-thread-1] INFO  server.RaftServerConfigKeys (ConfUtils.java:logGet(43)) - raft.server.storage.dir = [/workdir/hadoop-ozone/integration-test/target/test-dir/MiniOzoneClusterImpl-0a4d6173-89d3-45ab-a960-64e25af93069/datanode-0/data/ratis] (custom)
2019-09-26 10:06:22,196 [pool-497-thread-1] INFO  storage.RaftStorageDirectory (RaftStorageDirectory.java:analyzeStorage(246)) - The storage directory /workdir/hadoop-ozone/integration-test/target/test-dir/MiniOzoneClusterImpl-0a4d6173-89d3-45ab-a960-64e25af93069/datanode-0/data/ratis/cc199dda-b561-4a39-bf4c-7739920095d9 does not exist. Creating ...
2019-09-26 10:06:22,208 [pool-497-thread-1] INFO  storage.RaftStorageDirectory (RaftStorageDirectory.java:tryLock(328)) - Lock on /workdir/hadoop-ozone/integration-test/target/test-dir/MiniOzoneClusterImpl-0a4d6173-89d3-45ab-a960-64e25af93069/datanode-0/data/ratis/cc199dda-b561-4a39-bf4c-7739920095d9/in_use.lock acquired by nodename 19604@pr-hdds-1569-wvzgm-824869521
2019-09-26 10:06:22,220 [IPC Server handler 6 on 44141] INFO  net.NetworkTopology (NetworkTopologyImpl.java:add(111)) - Added a new node: /default-rack/af49d7a1-7bac-4fb8-a68b-38a7dab2a9f5
2019-09-26 10:06:22,220 [pool-497-thread-1] INFO  storage.RaftStorage (RaftStorage.java:format(72)) - Storage directory /workdir/hadoop-ozone/integration-test/target/test-dir/MiniOzoneClusterImpl-0a4d6173-89d3-45ab-a960-64e25af93069/datanode-0/data/ratis/cc199dda-b561-4a39-bf4c-7739920095d9 has been successfully formatted.
2019-09-26 10:06:22,220 [IPC Server handler 6 on 44141] INFO  node.SCMNodeManager (SCMNodeManager.java:register(266)) - Registered Data node : af49d7a1-7bac-4fb8-a68b-38a7dab2a9f5{ip: 192.168.30.13, host: pr-hdds-1569-wvzgm-824869521, networkLocation: /default-rack, certSerialId: null}
2019-09-26 10:06:22,221 [pool-497-thread-1] INFO  ratis.ContainerStateMachine (ContainerStateMachine.java:loadSnapshot(230)) - group-7739920095D9: The snapshot info is null. Setting the last applied indexto:(t:0, i:~)
2019-09-26 10:06:22,221 [pool-497-thread-1] INFO  server.RaftServerConfigKeys (ConfUtils.java:logGet(43)) - raft.server.notification.no-leader.timeout = 120s (custom)
2019-09-26 10:06:22,221 [pool-497-thread-1] INFO  server.RaftServerConfigKeys (ConfUtils.java:logGet(43)) - raft.server.log.use.memory = false (default)
2019-09-26 10:06:22,221 [pool-497-thread-1] INFO  server.RaftServerConfigKeys (ConfUtils.java:logGet(43)) - raft.server.log.purge.gap = 1000000 (custom)
2019-09-26 10:06:22,221 [pool-497-thread-1] INFO  server.RaftServerConfigKeys (ConfUtils.java:logGet(43)) - raft.server.log.appender.buffer.byte-limit = 33554432 (custom)
2019-09-26 10:06:22,221 [pool-497-thread-1] INFO  server.RaftServerConfigKeys (ConfUtils.java:logGet(43)) - raft.server.log.segment.size.max = 1048576 (custom)
2019-09-26 10:06:22,221 [pool-497-thread-1] INFO  server.RaftServerConfigKeys (ConfUtils.java:logGet(43)) - raft.server.log.segment.cache.num.max = 2 (custom)
2019-09-26 10:06:22,221 [pool-497-thread-1] INFO  segmented.SegmentedRaftLogWorker (SegmentedRaftLogWorker.java:<init>(172)) - new 13165a8c-4572-43f4-b795-0eb0b3a8cfdc@group-7739920095D9-SegmentedRaftLogWorker for RaftStorage:Storage Directory /workdir/hadoop-ozone/integration-test/target/test-dir/MiniOzoneClusterImpl-0a4d6173-89d3-45ab-a960-64e25af93069/datanode-0/data/ratis/cc199dda-b561-4a39-bf4c-7739920095d9
2019-09-26 10:06:22,222 [pool-497-thread-1] INFO  server.RaftServerConfigKeys (ConfUtils.java:logGet(43)) - raft.server.log.queue.byte-limit = 2147483647 (custom)
2019-09-26 10:06:22,222 [pool-497-thread-1] INFO  server.RaftServerConfigKeys (ConfUtils.java:logGet(43)) - raft.server.log.queue.element-limit = 1024 (custom)
2019-09-26 10:06:22,222 [pool-497-thread-1] INFO  server.RaftServerConfigKeys (ConfUtils.java:logGet(43)) - raft.server.log.segment.size.max = 1048576 (custom)
2019-09-26 10:06:22,222 [pool-497-thread-1] INFO  server.RaftServerConfigKeys (ConfUtils.java:logGet(43)) - raft.server.log.preallocated.size = 16384 (custom)
2019-09-26 10:06:22,222 [pool-497-thread-1] INFO  server.RaftServerConfigKeys (ConfUtils.java:logGet(43)) - raft.server.log.write.buffer.size = 33554432 (custom)
2019-09-26 10:06:22,222 [pool-497-thread-1] INFO  server.RaftServerConfigKeys (ConfUtils.java:logGet(43)) - raft.server.log.force.sync.num = 128 (default)
2019-09-26 10:06:22,222 [pool-497-thread-1] INFO  server.RaftServerConfigKeys (ConfUtils.java:logGet(43)) - raft.server.log.statemachine.data.sync = true (default)
2019-09-26 10:06:22,222 [pool-497-thread-1] INFO  server.RaftServerConfigKeys (ConfUtils.java:logGet(43)) - raft.server.log.statemachine.data.sync.timeout = 10s (default)
2019-09-26 10:06:22,222 [pool-497-thread-1] INFO  server.RaftServerConfigKeys (ConfUtils.java:logGet(43)) - raft.server.log.statemachine.data.sync.timeout.retry = -1 (default)
2019-09-26 10:06:22,222 [pool-497-thread-1] INFO  server.RaftServerConfigKeys (ConfUtils.java:logGet(43)) - raft.server.log.statemachine.data.caching.enabled = true (custom)
2019-09-26 10:06:22,223 [pool-497-thread-1] INFO  segmented.SegmentedRaftLogWorker (SegmentedRaftLogWorker.java:lambda$new$0(132)) - 13165a8c-4572-43f4-b795-0eb0b3a8cfdc@group-7739920095D9-SegmentedRaftLogWorker: flushIndex: setUnconditionally 0 -> -1
2019-09-26 10:06:22,223 [pool-497-thread-1] INFO  server.RaftServerConfigKeys (ConfUtils.java:logGet(43)) - raft.server.snapshot.auto.trigger.enabled = true (custom)
2019-09-26 10:06:22,223 [pool-497-thread-1] INFO  server.RaftServerConfigKeys (ConfUtils.java:logGet(43)) - raft.server.snapshot.auto.trigger.threshold = 10000 (custom)
2019-09-26 10:06:22,223 [pool-497-thread-1] INFO  server.RaftServerConfigKeys (ConfUtils.java:logGet(43)) - raft.server.snapshot.retention.num.files = 5 (custom)
2019-09-26 10:06:22,223 [pool-497-thread-1] INFO  server.RaftServerConfigKeys (ConfUtils.java:logGet(43)) - raft.server.retrycache.expirytime = 600000ms (custom)
2019-09-26 10:06:22,224 [pool-497-thread-1] INFO  impl.RaftServerImpl (RaftServerImpl.java:start(185)) - 13165a8c-4572-43f4-b795-0eb0b3a8cfdc@group-7739920095D9: start as a follower, conf=-1: [13165a8c-4572-43f4-b795-0eb0b3a8cfdc:192.168.30.13:41099], old=null
2019-09-26 10:06:22,224 [pool-497-thread-1] INFO  impl.RaftServerImpl (RaftServerImpl.java:setRole(174)) - 13165a8c-4572-43f4-b795-0eb0b3a8cfdc@group-7739920095D9: changes role from      null to FOLLOWER at term 0 for startAsFollower
2019-09-26 10:06:22,224 [pool-497-thread-1] INFO  impl.RoleInfo (RoleInfo.java:updateAndGet(143)) - 13165a8c-4572-43f4-b795-0eb0b3a8cfdc: start FollowerState
2019-09-26 10:06:22,224 [pool-497-thread-1] INFO  util.JmxRegister (JmxRegister.java:tryRegister(44)) - Successfully registered JMX Bean with object name Ratis:service=RaftServer,group=group-7739920095D9,id=13165a8c-4572-43f4-b795-0eb0b3a8cfdc
2019-09-26 10:06:22,226 [RatisPipelineUtilsThread] INFO  pipeline.PipelineStateManager (PipelineStateManager.java:addPipeline(56)) - Created pipeline Pipeline[ Id: cc199dda-b561-4a39-bf4c-7739920095d9, Nodes: 13165a8c-4572-43f4-b795-0eb0b3a8cfdc{ip: 192.168.30.13, host: pr-hdds-1569-wvzgm-824869521, networkLocation: /default-rack, certSerialId: null}, Type:RATIS, Factor:ONE, State:OPEN]
2019-09-26 10:06:22,229 [grpc-default-executor-1] INFO  impl.RaftServerProxy (RaftServerProxy.java:addNew(89)) - 13165a8c-4572-43f4-b795-0eb0b3a8cfdc: addNew group-875F2BED2334:[13165a8c-4572-43f4-b795-0eb0b3a8cfdc:192.168.30.13:41099] returns group-875F2BED2334:java.util.concurrent.CompletableFuture@58651b57[Not completed]
2019-09-26 10:06:22,230 [pool-497-thread-1] INFO  impl.RaftServerImpl (RaftServerImpl.java:<init>(95)) - 13165a8c-4572-43f4-b795-0eb0b3a8cfdc: new RaftServerImpl for group-875F2BED2334:[13165a8c-4572-43f4-b795-0eb0b3a8cfdc:192.168.30.13:41099] with ContainerStateMachine:uninitialized
2019-09-26 10:06:22,230 [pool-497-thread-1] INFO  server.RaftServerConfigKeys (ConfUtils.java:logGet(43)) - raft.server.rpc.timeout.min = 5s (custom)
2019-09-26 10:06:22,230 [pool-497-thread-1] INFO  server.RaftServerConfigKeys (ConfUtils.java:logGet(43)) - raft.server.rpc.timeout.max = 5200ms (custom)
2019-09-26 10:06:22,230 [pool-497-thread-1] INFO  server.RaftServerConfigKeys (ConfUtils.java:logGet(43)) - raft.server.rpcslowness.timeout = 120s (custom)
2019-09-26 10:06:22,230 [pool-497-thread-1] INFO  server.RaftServerConfigKeys (ConfUtils.java:logGet(43)) - raft.server.sleep.deviation.threshold = 300 (default)
2019-09-26 10:06:22,230 [pool-497-thread-1] INFO  server.RaftServerConfigKeys (ConfUtils.java:logGet(43)) - raft.server.log.appender.install.snapshot.enabled = false (custom)
2019-09-26 10:06:22,230 [pool-497-thread-1] INFO  impl.RaftServerImpl (ServerState.java:<init>(103)) - 13165a8c-4572-43f4-b795-0eb0b3a8cfdc@group-875F2BED2334: ConfigurationManager, init=-1: [13165a8c-4572-43f4-b795-0eb0b3a8cfdc:192.168.30.13:41099], old=null, confs=<EMPTY_MAP>
2019-09-26 10:06:22,231 [pool-497-thread-1] INFO  server.RaftServerConfigKeys (ConfUtils.java:logGet(43)) - raft.server.storage.dir = [/workdir/hadoop-ozone/integration-test/target/test-dir/MiniOzoneClusterImpl-0a4d6173-89d3-45ab-a960-64e25af93069/datanode-0/data/ratis] (custom)
2019-09-26 10:06:22,231 [pool-497-thread-1] INFO  storage.RaftStorageDirectory (RaftStorageDirectory.java:analyzeStorage(246)) - The storage directory /workdir/hadoop-ozone/integration-test/target/test-dir/MiniOzoneClusterImpl-0a4d6173-89d3-45ab-a960-64e25af93069/datanode-0/data/ratis/e14e785d-7ce8-4090-a1fe-875f2bed2334 does not exist. Creating ...
2019-09-26 10:06:22,244 [pool-497-thread-1] INFO  storage.RaftStorageDirectory (RaftStorageDirectory.java:tryLock(328)) - Lock on /workdir/hadoop-ozone/integration-test/target/test-dir/MiniOzoneClusterImpl-0a4d6173-89d3-45ab-a960-64e25af93069/datanode-0/data/ratis/e14e785d-7ce8-4090-a1fe-875f2bed2334/in_use.lock acquired by nodename 19604@pr-hdds-1569-wvzgm-824869521
2019-09-26 10:06:22,257 [pool-497-thread-1] INFO  storage.RaftStorage (RaftStorage.java:format(72)) - Storage directory /workdir/hadoop-ozone/integration-test/target/test-dir/MiniOzoneClusterImpl-0a4d6173-89d3-45ab-a960-64e25af93069/datanode-0/data/ratis/e14e785d-7ce8-4090-a1fe-875f2bed2334 has been successfully formatted.
2019-09-26 10:06:22,257 [pool-497-thread-1] INFO  ratis.ContainerStateMachine (ContainerStateMachine.java:loadSnapshot(230)) - group-875F2BED2334: The snapshot info is null. Setting the last applied indexto:(t:0, i:~)
2019-09-26 10:06:22,257 [pool-497-thread-1] INFO  server.RaftServerConfigKeys (ConfUtils.java:logGet(43)) - raft.server.notification.no-leader.timeout = 120s (custom)
2019-09-26 10:06:22,257 [pool-497-thread-1] INFO  server.RaftServerConfigKeys (ConfUtils.java:logGet(43)) - raft.server.log.use.memory = false (default)
2019-09-26 10:06:22,257 [pool-497-thread-1] INFO  server.RaftServerConfigKeys (ConfUtils.java:logGet(43)) - raft.server.log.purge.gap = 1000000 (custom)
2019-09-26 10:06:22,258 [pool-497-thread-1] INFO  server.RaftServerConfigKeys (ConfUtils.java:logGet(43)) - raft.server.log.appender.buffer.byte-limit = 33554432 (custom)
2019-09-26 10:06:22,258 [pool-497-thread-1] INFO  server.RaftServerConfigKeys (ConfUtils.java:logGet(43)) - raft.server.log.segment.size.max = 1048576 (custom)
2019-09-26 10:06:22,258 [pool-497-thread-1] INFO  server.RaftServerConfigKeys (ConfUtils.java:logGet(43)) - raft.server.log.segment.cache.num.max = 2 (custom)
2019-09-26 10:06:22,258 [pool-497-thread-1] INFO  segmented.SegmentedRaftLogWorker (SegmentedRaftLogWorker.java:<init>(172)) - new 13165a8c-4572-43f4-b795-0eb0b3a8cfdc@group-875F2BED2334-SegmentedRaftLogWorker for RaftStorage:Storage Directory /workdir/hadoop-ozone/integration-test/target/test-dir/MiniOzoneClusterImpl-0a4d6173-89d3-45ab-a960-64e25af93069/datanode-0/data/ratis/e14e785d-7ce8-4090-a1fe-875f2bed2334
2019-09-26 10:06:22,258 [pool-497-thread-1] INFO  server.RaftServerConfigKeys (ConfUtils.java:logGet(43)) - raft.server.log.queue.byte-limit = 2147483647 (custom)
2019-09-26 10:06:22,258 [pool-497-thread-1] INFO  server.RaftServerConfigKeys (ConfUtils.java:logGet(43)) - raft.server.log.queue.element-limit = 1024 (custom)
2019-09-26 10:06:22,258 [pool-497-thread-1] INFO  server.RaftServerConfigKeys (ConfUtils.java:logGet(43)) - raft.server.log.segment.size.max = 1048576 (custom)
2019-09-26 10:06:22,258 [pool-497-thread-1] INFO  server.RaftServerConfigKeys (ConfUtils.java:logGet(43)) - raft.server.log.preallocated.size = 16384 (custom)
2019-09-26 10:06:22,258 [pool-497-thread-1] INFO  server.RaftServerConfigKeys (ConfUtils.java:logGet(43)) - raft.server.log.write.buffer.size = 33554432 (custom)
2019-09-26 10:06:22,258 [pool-497-thread-1] INFO  server.RaftServerConfigKeys (ConfUtils.java:logGet(43)) - raft.server.log.force.sync.num = 128 (default)
2019-09-26 10:06:22,258 [pool-497-thread-1] INFO  server.RaftServerConfigKeys (ConfUtils.java:logGet(43)) - raft.server.log.statemachine.data.sync = true (default)
2019-09-26 10:06:22,259 [pool-497-thread-1] INFO  server.RaftServerConfigKeys (ConfUtils.java:logGet(43)) - raft.server.log.statemachine.data.sync.timeout = 10s (default)
2019-09-26 10:06:22,259 [pool-497-thread-1] INFO  server.RaftServerConfigKeys (ConfUtils.java:logGet(43)) - raft.server.log.statemachine.data.sync.timeout.retry = -1 (default)
2019-09-26 10:06:22,259 [pool-497-thread-1] INFO  server.RaftServerConfigKeys (ConfUtils.java:logGet(43)) - raft.server.log.statemachine.data.caching.enabled = true (custom)
2019-09-26 10:06:22,259 [pool-497-thread-1] INFO  segmented.SegmentedRaftLogWorker (SegmentedRaftLogWorker.java:lambda$new$0(132)) - 13165a8c-4572-43f4-b795-0eb0b3a8cfdc@group-875F2BED2334-SegmentedRaftLogWorker: flushIndex: setUnconditionally 0 -> -1
2019-09-26 10:06:22,259 [pool-497-thread-1] INFO  server.RaftServerConfigKeys (ConfUtils.java:logGet(43)) - raft.server.snapshot.auto.trigger.enabled = true (custom)
2019-09-26 10:06:22,259 [pool-497-thread-1] INFO  server.RaftServerConfigKeys (ConfUtils.java:logGet(43)) - raft.server.snapshot.auto.trigger.threshold = 10000 (custom)
2019-09-26 10:06:22,259 [pool-497-thread-1] INFO  server.RaftServerConfigKeys (ConfUtils.java:logGet(43)) - raft.server.snapshot.retention.num.files = 5 (custom)
2019-09-26 10:06:22,259 [pool-497-thread-1] INFO  server.RaftServerConfigKeys (ConfUtils.java:logGet(43)) - raft.server.retrycache.expirytime = 600000ms (custom)
2019-09-26 10:06:22,261 [pool-497-thread-1] INFO  impl.RaftServerImpl (RaftServerImpl.java:start(185)) - 13165a8c-4572-43f4-b795-0eb0b3a8cfdc@group-875F2BED2334: start as a follower, conf=-1: [13165a8c-4572-43f4-b795-0eb0b3a8cfdc:192.168.30.13:41099], old=null
2019-09-26 10:06:22,261 [pool-497-thread-1] INFO  impl.RaftServerImpl (RaftServerImpl.java:setRole(174)) - 13165a8c-4572-43f4-b795-0eb0b3a8cfdc@group-875F2BED2334: changes role from      null to FOLLOWER at term 0 for startAsFollower
2019-09-26 10:06:22,261 [pool-497-thread-1] INFO  impl.RoleInfo (RoleInfo.java:updateAndGet(143)) - 13165a8c-4572-43f4-b795-0eb0b3a8cfdc: start FollowerState
2019-09-26 10:06:22,261 [pool-497-thread-1] INFO  util.JmxRegister (JmxRegister.java:tryRegister(44)) - Successfully registered JMX Bean with object name Ratis:service=RaftServer,group=group-875F2BED2334,id=13165a8c-4572-43f4-b795-0eb0b3a8cfdc
2019-09-26 10:06:22,263 [RatisPipelineUtilsThread] INFO  pipeline.PipelineStateManager (PipelineStateManager.java:addPipeline(56)) - Created pipeline Pipeline[ Id: e14e785d-7ce8-4090-a1fe-875f2bed2334, Nodes: 13165a8c-4572-43f4-b795-0eb0b3a8cfdc{ip: 192.168.30.13, host: pr-hdds-1569-wvzgm-824869521, networkLocation: /default-rack, certSerialId: null}, Type:RATIS, Factor:ONE, State:OPEN]
2019-09-26 10:06:22,263 [RatisPipelineUtilsThread] INFO  pipeline.PipelinePlacementPolicy (PipelinePlacementPolicy.java:meetCriteria(91)) - Pipeline Placement: can't place more pipeline on heavy datanode： 13165a8c-4572-43f4-b795-0eb0b3a8cfdc Heaviness: 6 limit: 5
2019-09-26 10:06:22,271 [grpc-default-executor-1] INFO  impl.RaftServerProxy (RaftServerProxy.java:addNew(89)) - 3fdc1795-13a2-484d-a1b3-617bb4b52936: addNew group-27526F59899A:[3fdc1795-13a2-484d-a1b3-617bb4b52936:192.168.30.13:38491] returns group-27526F59899A:java.util.concurrent.CompletableFuture@3298a0a6[Not completed]
2019-09-26 10:06:22,272 [pool-507-thread-1] INFO  impl.RaftServerImpl (RaftServerImpl.java:<init>(95)) - 3fdc1795-13a2-484d-a1b3-617bb4b52936: new RaftServerImpl for group-27526F59899A:[3fdc1795-13a2-484d-a1b3-617bb4b52936:192.168.30.13:38491] with ContainerStateMachine:uninitialized
2019-09-26 10:06:22,272 [pool-507-thread-1] INFO  server.RaftServerConfigKeys (ConfUtils.java:logGet(43)) - raft.server.rpc.timeout.min = 5s (custom)
2019-09-26 10:06:22,272 [pool-507-thread-1] INFO  server.RaftServerConfigKeys (ConfUtils.java:logGet(43)) - raft.server.rpc.timeout.max = 5200ms (custom)
2019-09-26 10:06:22,272 [pool-507-thread-1] INFO  server.RaftServerConfigKeys (ConfUtils.java:logGet(43)) - raft.server.rpcslowness.timeout = 120s (custom)
2019-09-26 10:06:22,273 [pool-507-thread-1] INFO  server.RaftServerConfigKeys (ConfUtils.java:logGet(43)) - raft.server.sleep.deviation.threshold = 300 (default)
2019-09-26 10:06:22,273 [pool-507-thread-1] INFO  server.RaftServerConfigKeys (ConfUtils.java:logGet(43)) - raft.server.log.appender.install.snapshot.enabled = false (custom)
2019-09-26 10:06:22,273 [pool-507-thread-1] INFO  impl.RaftServerImpl (ServerState.java:<init>(103)) - 3fdc1795-13a2-484d-a1b3-617bb4b52936@group-27526F59899A: ConfigurationManager, init=-1: [3fdc1795-13a2-484d-a1b3-617bb4b52936:192.168.30.13:38491], old=null, confs=<EMPTY_MAP>
2019-09-26 10:06:22,273 [pool-507-thread-1] INFO  server.RaftServerConfigKeys (ConfUtils.java:logGet(43)) - raft.server.storage.dir = [/workdir/hadoop-ozone/integration-test/target/test-dir/MiniOzoneClusterImpl-0a4d6173-89d3-45ab-a960-64e25af93069/datanode-1/data/ratis] (custom)
2019-09-26 10:06:22,273 [pool-507-thread-1] INFO  storage.RaftStorageDirectory (RaftStorageDirectory.java:analyzeStorage(246)) - The storage directory /workdir/hadoop-ozone/integration-test/target/test-dir/MiniOzoneClusterImpl-0a4d6173-89d3-45ab-a960-64e25af93069/datanode-1/data/ratis/d7690786-1153-4e31-ab8f-27526f59899a does not exist. Creating ...
2019-09-26 10:06:22,295 [pool-507-thread-1] INFO  storage.RaftStorageDirectory (RaftStorageDirectory.java:tryLock(328)) - Lock on /workdir/hadoop-ozone/integration-test/target/test-dir/MiniOzoneClusterImpl-0a4d6173-89d3-45ab-a960-64e25af93069/datanode-1/data/ratis/d7690786-1153-4e31-ab8f-27526f59899a/in_use.lock acquired by nodename 19604@pr-hdds-1569-wvzgm-824869521
2019-09-26 10:06:22,303 [IPC Server handler 7 on 44141] INFO  net.NetworkTopology (NetworkTopologyImpl.java:add(111)) - Added a new node: /default-rack/70c8131f-7846-4be9-9772-9c08fe1e82d9
2019-09-26 10:06:22,303 [IPC Server handler 7 on 44141] INFO  node.SCMNodeManager (SCMNodeManager.java:register(266)) - Registered Data node : 70c8131f-7846-4be9-9772-9c08fe1e82d9{ip: 192.168.30.13, host: pr-hdds-1569-wvzgm-824869521, networkLocation: /default-rack, certSerialId: null}
2019-09-26 10:06:22,308 [pool-507-thread-1] INFO  storage.RaftStorage (RaftStorage.java:format(72)) - Storage directory /workdir/hadoop-ozone/integration-test/target/test-dir/MiniOzoneClusterImpl-0a4d6173-89d3-45ab-a960-64e25af93069/datanode-1/data/ratis/d7690786-1153-4e31-ab8f-27526f59899a has been successfully formatted.
2019-09-26 10:06:22,308 [pool-507-thread-1] INFO  ratis.ContainerStateMachine (ContainerStateMachine.java:loadSnapshot(230)) - group-27526F59899A: The snapshot info is null. Setting the last applied indexto:(t:0, i:~)
2019-09-26 10:06:22,309 [pool-507-thread-1] INFO  server.RaftServerConfigKeys (ConfUtils.java:logGet(43)) - raft.server.notification.no-leader.timeout = 120s (custom)
2019-09-26 10:06:22,309 [pool-507-thread-1] INFO  server.RaftServerConfigKeys (ConfUtils.java:logGet(43)) - raft.server.log.use.memory = false (default)
2019-09-26 10:06:22,309 [pool-507-thread-1] INFO  server.RaftServerConfigKeys (ConfUtils.java:logGet(43)) - raft.server.log.purge.gap = 1000000 (custom)
2019-09-26 10:06:22,309 [pool-507-thread-1] INFO  server.RaftServerConfigKeys (ConfUtils.java:logGet(43)) - raft.server.log.appender.buffer.byte-limit = 33554432 (custom)
2019-09-26 10:06:22,309 [pool-507-thread-1] INFO  server.RaftServerConfigKeys (ConfUtils.java:logGet(43)) - raft.server.log.segment.size.max = 1048576 (custom)
2019-09-26 10:06:22,309 [pool-507-thread-1] INFO  server.RaftServerConfigKeys (ConfUtils.java:logGet(43)) - raft.server.log.segment.cache.num.max = 2 (custom)
2019-09-26 10:06:22,309 [pool-507-thread-1] INFO  segmented.SegmentedRaftLogWorker (SegmentedRaftLogWorker.java:<init>(172)) - new 3fdc1795-13a2-484d-a1b3-617bb4b52936@group-27526F59899A-SegmentedRaftLogWorker for RaftStorage:Storage Directory /workdir/hadoop-ozone/integration-test/target/test-dir/MiniOzoneClusterImpl-0a4d6173-89d3-45ab-a960-64e25af93069/datanode-1/data/ratis/d7690786-1153-4e31-ab8f-27526f59899a
2019-09-26 10:06:22,310 [pool-507-thread-1] INFO  server.RaftServerConfigKeys (ConfUtils.java:logGet(43)) - raft.server.log.queue.byte-limit = 2147483647 (custom)
2019-09-26 10:06:22,310 [pool-507-thread-1] INFO  server.RaftServerConfigKeys (ConfUtils.java:logGet(43)) - raft.server.log.queue.element-limit = 1024 (custom)
2019-09-26 10:06:22,310 [pool-507-thread-1] INFO  server.RaftServerConfigKeys (ConfUtils.java:logGet(43)) - raft.server.log.segment.size.max = 1048576 (custom)
2019-09-26 10:06:22,311 [pool-507-thread-1] INFO  server.RaftServerConfigKeys (ConfUtils.java:logGet(43)) - raft.server.log.preallocated.size = 16384 (custom)
2019-09-26 10:06:22,311 [pool-507-thread-1] INFO  server.RaftServerConfigKeys (ConfUtils.java:logGet(43)) - raft.server.log.write.buffer.size = 33554432 (custom)
2019-09-26 10:06:22,311 [pool-507-thread-1] INFO  server.RaftServerConfigKeys (ConfUtils.java:logGet(43)) - raft.server.log.force.sync.num = 128 (default)
2019-09-26 10:06:22,311 [pool-507-thread-1] INFO  server.RaftServerConfigKeys (ConfUtils.java:logGet(43)) - raft.server.log.statemachine.data.sync = true (default)
2019-09-26 10:06:22,311 [pool-507-thread-1] INFO  server.RaftServerConfigKeys (ConfUtils.java:logGet(43)) - raft.server.log.statemachine.data.sync.timeout = 10s (default)
2019-09-26 10:06:22,311 [pool-507-thread-1] INFO  server.RaftServerConfigKeys (ConfUtils.java:logGet(43)) - raft.server.log.statemachine.data.sync.timeout.retry = -1 (default)
2019-09-26 10:06:22,311 [pool-507-thread-1] INFO  server.RaftServerConfigKeys (ConfUtils.java:logGet(43)) - raft.server.log.statemachine.data.caching.enabled = true (custom)
2019-09-26 10:06:22,311 [pool-507-thread-1] INFO  segmented.SegmentedRaftLogWorker (SegmentedRaftLogWorker.java:lambda$new$0(132)) - 3fdc1795-13a2-484d-a1b3-617bb4b52936@group-27526F59899A-SegmentedRaftLogWorker: flushIndex: setUnconditionally 0 -> -1
2019-09-26 10:06:22,312 [pool-507-thread-1] INFO  server.RaftServerConfigKeys (ConfUtils.java:logGet(43)) - raft.server.snapshot.auto.trigger.enabled = true (custom)
2019-09-26 10:06:22,312 [pool-507-thread-1] INFO  server.RaftServerConfigKeys (ConfUtils.java:logGet(43)) - raft.server.snapshot.auto.trigger.threshold = 10000 (custom)
2019-09-26 10:06:22,312 [pool-507-thread-1] INFO  server.RaftServerConfigKeys (ConfUtils.java:logGet(43)) - raft.server.snapshot.retention.num.files = 5 (custom)
2019-09-26 10:06:22,312 [pool-507-thread-1] INFO  server.RaftServerConfigKeys (ConfUtils.java:logGet(43)) - raft.server.retrycache.expirytime = 600000ms (custom)
2019-09-26 10:06:22,313 [pool-507-thread-1] INFO  impl.RaftServerImpl (RaftServerImpl.java:start(185)) - 3fdc1795-13a2-484d-a1b3-617bb4b52936@group-27526F59899A: start as a follower, conf=-1: [3fdc1795-13a2-484d-a1b3-617bb4b52936:192.168.30.13:38491], old=null
2019-09-26 10:06:22,313 [pool-507-thread-1] INFO  impl.RaftServerImpl (RaftServerImpl.java:setRole(174)) - 3fdc1795-13a2-484d-a1b3-617bb4b52936@group-27526F59899A: changes role from      null to FOLLOWER at term 0 for startAsFollower
2019-09-26 10:06:22,313 [pool-507-thread-1] INFO  impl.RoleInfo (RoleInfo.java:updateAndGet(143)) - 3fdc1795-13a2-484d-a1b3-617bb4b52936: start FollowerState
2019-09-26 10:06:22,313 [pool-507-thread-1] INFO  util.JmxRegister (JmxRegister.java:tryRegister(44)) - Successfully registered JMX Bean with object name Ratis:service=RaftServer,group=group-27526F59899A,id=3fdc1795-13a2-484d-a1b3-617bb4b52936
2019-09-26 10:06:22,315 [RatisPipelineUtilsThread] INFO  pipeline.PipelineStateManager (PipelineStateManager.java:addPipeline(56)) - Created pipeline Pipeline[ Id: d7690786-1153-4e31-ab8f-27526f59899a, Nodes: 3fdc1795-13a2-484d-a1b3-617bb4b52936{ip: 192.168.30.13, host: pr-hdds-1569-wvzgm-824869521, networkLocation: /default-rack, certSerialId: null}, Type:RATIS, Factor:ONE, State:OPEN]
2019-09-26 10:06:22,315 [RatisPipelineUtilsThread] INFO  pipeline.PipelinePlacementPolicy (PipelinePlacementPolicy.java:meetCriteria(91)) - Pipeline Placement: can't place more pipeline on heavy datanode： 13165a8c-4572-43f4-b795-0eb0b3a8cfdc Heaviness: 6 limit: 5
2019-09-26 10:06:22,342 [grpc-default-executor-1] INFO  impl.RaftServerProxy (RaftServerProxy.java:addNew(89)) - af49d7a1-7bac-4fb8-a68b-38a7dab2a9f5: addNew group-4BE667D8575D:[af49d7a1-7bac-4fb8-a68b-38a7dab2a9f5:192.168.30.13:41624] returns group-4BE667D8575D:java.util.concurrent.CompletableFuture@43f991f8[Not completed]
2019-09-26 10:06:22,343 [pool-517-thread-1] INFO  impl.RaftServerImpl (RaftServerImpl.java:<init>(95)) - af49d7a1-7bac-4fb8-a68b-38a7dab2a9f5: new RaftServerImpl for group-4BE667D8575D:[af49d7a1-7bac-4fb8-a68b-38a7dab2a9f5:192.168.30.13:41624] with ContainerStateMachine:uninitialized
2019-09-26 10:06:22,343 [pool-517-thread-1] INFO  server.RaftServerConfigKeys (ConfUtils.java:logGet(43)) - raft.server.rpc.timeout.min = 5s (custom)
2019-09-26 10:06:22,343 [pool-517-thread-1] INFO  server.RaftServerConfigKeys (ConfUtils.java:logGet(43)) - raft.server.rpc.timeout.max = 5200ms (custom)
2019-09-26 10:06:22,344 [pool-517-thread-1] INFO  server.RaftServerConfigKeys (ConfUtils.java:logGet(43)) - raft.server.rpcslowness.timeout = 120s (custom)
2019-09-26 10:06:22,344 [pool-517-thread-1] INFO  server.RaftServerConfigKeys (ConfUtils.java:logGet(43)) - raft.server.sleep.deviation.threshold = 300 (default)
2019-09-26 10:06:22,344 [pool-517-thread-1] INFO  server.RaftServerConfigKeys (ConfUtils.java:logGet(43)) - raft.server.log.appender.install.snapshot.enabled = false (custom)
2019-09-26 10:06:22,344 [pool-517-thread-1] INFO  impl.RaftServerImpl (ServerState.java:<init>(103)) - af49d7a1-7bac-4fb8-a68b-38a7dab2a9f5@group-4BE667D8575D: ConfigurationManager, init=-1: [af49d7a1-7bac-4fb8-a68b-38a7dab2a9f5:192.168.30.13:41624], old=null, confs=<EMPTY_MAP>
2019-09-26 10:06:22,344 [pool-517-thread-1] INFO  server.RaftServerConfigKeys (ConfUtils.java:logGet(43)) - raft.server.storage.dir = [/workdir/hadoop-ozone/integration-test/target/test-dir/MiniOzoneClusterImpl-0a4d6173-89d3-45ab-a960-64e25af93069/datanode-2/data/ratis] (custom)
2019-09-26 10:06:22,344 [pool-517-thread-1] INFO  storage.RaftStorageDirectory (RaftStorageDirectory.java:analyzeStorage(246)) - The storage directory /workdir/hadoop-ozone/integration-test/target/test-dir/MiniOzoneClusterImpl-0a4d6173-89d3-45ab-a960-64e25af93069/datanode-2/data/ratis/e97eb398-ea56-4a2a-9640-4be667d8575d does not exist. Creating ...
2019-09-26 10:06:22,357 [pool-517-thread-1] INFO  storage.RaftStorageDirectory (RaftStorageDirectory.java:tryLock(328)) - Lock on /workdir/hadoop-ozone/integration-test/target/test-dir/MiniOzoneClusterImpl-0a4d6173-89d3-45ab-a960-64e25af93069/datanode-2/data/ratis/e97eb398-ea56-4a2a-9640-4be667d8575d/in_use.lock acquired by nodename 19604@pr-hdds-1569-wvzgm-824869521
2019-09-26 10:06:22,370 [pool-517-thread-1] INFO  storage.RaftStorage (RaftStorage.java:format(72)) - Storage directory /workdir/hadoop-ozone/integration-test/target/test-dir/MiniOzoneClusterImpl-0a4d6173-89d3-45ab-a960-64e25af93069/datanode-2/data/ratis/e97eb398-ea56-4a2a-9640-4be667d8575d has been successfully formatted.
2019-09-26 10:06:22,370 [pool-517-thread-1] INFO  ratis.ContainerStateMachine (ContainerStateMachine.java:loadSnapshot(230)) - group-4BE667D8575D: The snapshot info is null. Setting the last applied indexto:(t:0, i:~)
2019-09-26 10:06:22,370 [pool-517-thread-1] INFO  server.RaftServerConfigKeys (ConfUtils.java:logGet(43)) - raft.server.notification.no-leader.timeout = 120s (custom)
2019-09-26 10:06:22,370 [pool-517-thread-1] INFO  server.RaftServerConfigKeys (ConfUtils.java:logGet(43)) - raft.server.log.use.memory = false (default)
2019-09-26 10:06:22,370 [pool-517-thread-1] INFO  server.RaftServerConfigKeys (ConfUtils.java:logGet(43)) - raft.server.log.purge.gap = 1000000 (custom)
2019-09-26 10:06:22,370 [pool-517-thread-1] INFO  server.RaftServerConfigKeys (ConfUtils.java:logGet(43)) - raft.server.log.appender.buffer.byte-limit = 33554432 (custom)
2019-09-26 10:06:22,370 [pool-517-thread-1] INFO  server.RaftServerConfigKeys (ConfUtils.java:logGet(43)) - raft.server.log.segment.size.max = 1048576 (custom)
2019-09-26 10:06:22,371 [pool-517-thread-1] INFO  server.RaftServerConfigKeys (ConfUtils.java:logGet(43)) - raft.server.log.segment.cache.num.max = 2 (custom)
2019-09-26 10:06:22,371 [pool-517-thread-1] INFO  segmented.SegmentedRaftLogWorker (SegmentedRaftLogWorker.java:<init>(172)) - new af49d7a1-7bac-4fb8-a68b-38a7dab2a9f5@group-4BE667D8575D-SegmentedRaftLogWorker for RaftStorage:Storage Directory /workdir/hadoop-ozone/integration-test/target/test-dir/MiniOzoneClusterImpl-0a4d6173-89d3-45ab-a960-64e25af93069/datanode-2/data/ratis/e97eb398-ea56-4a2a-9640-4be667d8575d
2019-09-26 10:06:22,372 [pool-517-thread-1] INFO  server.RaftServerConfigKeys (ConfUtils.java:logGet(43)) - raft.server.log.queue.byte-limit = 2147483647 (custom)
2019-09-26 10:06:22,372 [pool-517-thread-1] INFO  server.RaftServerConfigKeys (ConfUtils.java:logGet(43)) - raft.server.log.queue.element-limit = 1024 (custom)
2019-09-26 10:06:22,372 [pool-517-thread-1] INFO  server.RaftServerConfigKeys (ConfUtils.java:logGet(43)) - raft.server.log.segment.size.max = 1048576 (custom)
2019-09-26 10:06:22,372 [pool-517-thread-1] INFO  server.RaftServerConfigKeys (ConfUtils.java:logGet(43)) - raft.server.log.preallocated.size = 16384 (custom)
2019-09-26 10:06:22,373 [pool-517-thread-1] INFO  server.RaftServerConfigKeys (ConfUtils.java:logGet(43)) - raft.server.log.write.buffer.size = 33554432 (custom)
2019-09-26 10:06:22,373 [pool-517-thread-1] INFO  server.RaftServerConfigKeys (ConfUtils.java:logGet(43)) - raft.server.log.force.sync.num = 128 (default)
2019-09-26 10:06:22,373 [pool-517-thread-1] INFO  server.RaftServerConfigKeys (ConfUtils.java:logGet(43)) - raft.server.log.statemachine.data.sync = true (default)
2019-09-26 10:06:22,373 [pool-517-thread-1] INFO  server.RaftServerConfigKeys (ConfUtils.java:logGet(43)) - raft.server.log.statemachine.data.sync.timeout = 10s (default)
2019-09-26 10:06:22,373 [pool-517-thread-1] INFO  server.RaftServerConfigKeys (ConfUtils.java:logGet(43)) - raft.server.log.statemachine.data.sync.timeout.retry = -1 (default)
2019-09-26 10:06:22,373 [pool-517-thread-1] INFO  server.RaftServerConfigKeys (ConfUtils.java:logGet(43)) - raft.server.log.statemachine.data.caching.enabled = true (custom)
2019-09-26 10:06:22,373 [pool-517-thread-1] INFO  segmented.SegmentedRaftLogWorker (SegmentedRaftLogWorker.java:lambda$new$0(132)) - af49d7a1-7bac-4fb8-a68b-38a7dab2a9f5@group-4BE667D8575D-SegmentedRaftLogWorker: flushIndex: setUnconditionally 0 -> -1
2019-09-26 10:06:22,374 [pool-517-thread-1] INFO  server.RaftServerConfigKeys (ConfUtils.java:logGet(43)) - raft.server.snapshot.auto.trigger.enabled = true (custom)
2019-09-26 10:06:22,374 [pool-517-thread-1] INFO  server.RaftServerConfigKeys (ConfUtils.java:logGet(43)) - raft.server.snapshot.auto.trigger.threshold = 10000 (custom)
2019-09-26 10:06:22,374 [pool-517-thread-1] INFO  server.RaftServerConfigKeys (ConfUtils.java:logGet(43)) - raft.server.snapshot.retention.num.files = 5 (custom)
2019-09-26 10:06:22,374 [pool-517-thread-1] INFO  server.RaftServerConfigKeys (ConfUtils.java:logGet(43)) - raft.server.retrycache.expirytime = 600000ms (custom)
2019-09-26 10:06:22,375 [pool-517-thread-1] INFO  impl.RaftServerImpl (RaftServerImpl.java:start(185)) - af49d7a1-7bac-4fb8-a68b-38a7dab2a9f5@group-4BE667D8575D: start as a follower, conf=-1: [af49d7a1-7bac-4fb8-a68b-38a7dab2a9f5:192.168.30.13:41624], old=null
2019-09-26 10:06:22,375 [pool-517-thread-1] INFO  impl.RaftServerImpl (RaftServerImpl.java:setRole(174)) - af49d7a1-7bac-4fb8-a68b-38a7dab2a9f5@group-4BE667D8575D: changes role from      null to FOLLOWER at term 0 for startAsFollower
2019-09-26 10:06:22,376 [pool-517-thread-1] INFO  impl.RoleInfo (RoleInfo.java:updateAndGet(143)) - af49d7a1-7bac-4fb8-a68b-38a7dab2a9f5: start FollowerState
2019-09-26 10:06:22,376 [pool-517-thread-1] INFO  util.JmxRegister (JmxRegister.java:tryRegister(44)) - Successfully registered JMX Bean with object name Ratis:service=RaftServer,group=group-4BE667D8575D,id=af49d7a1-7bac-4fb8-a68b-38a7dab2a9f5
2019-09-26 10:06:22,378 [RatisPipelineUtilsThread] INFO  pipeline.PipelineStateManager (PipelineStateManager.java:addPipeline(56)) - Created pipeline Pipeline[ Id: e97eb398-ea56-4a2a-9640-4be667d8575d, Nodes: af49d7a1-7bac-4fb8-a68b-38a7dab2a9f5{ip: 192.168.30.13, host: pr-hdds-1569-wvzgm-824869521, networkLocation: /default-rack, certSerialId: null}, Type:RATIS, Factor:ONE, State:OPEN]
2019-09-26 10:06:22,378 [RatisPipelineUtilsThread] INFO  pipeline.PipelinePlacementPolicy (PipelinePlacementPolicy.java:meetCriteria(91)) - Pipeline Placement: can't place more pipeline on heavy datanode： 13165a8c-4572-43f4-b795-0eb0b3a8cfdc Heaviness: 6 limit: 5
2019-09-26 10:06:22,381 [grpc-default-executor-1] INFO  impl.RaftServerProxy (RaftServerProxy.java:addNew(89)) - af49d7a1-7bac-4fb8-a68b-38a7dab2a9f5: addNew group-81F0707B1837:[af49d7a1-7bac-4fb8-a68b-38a7dab2a9f5:192.168.30.13:41624] returns group-81F0707B1837:java.util.concurrent.CompletableFuture@4b6b3790[Not completed]
2019-09-26 10:06:22,382 [pool-517-thread-1] INFO  impl.RaftServerImpl (RaftServerImpl.java:<init>(95)) - af49d7a1-7bac-4fb8-a68b-38a7dab2a9f5: new RaftServerImpl for group-81F0707B1837:[af49d7a1-7bac-4fb8-a68b-38a7dab2a9f5:192.168.30.13:41624] with ContainerStateMachine:uninitialized
2019-09-26 10:06:22,382 [pool-517-thread-1] INFO  server.RaftServerConfigKeys (ConfUtils.java:logGet(43)) - raft.server.rpc.timeout.min = 5s (custom)
2019-09-26 10:06:22,382 [pool-517-thread-1] INFO  server.RaftServerConfigKeys (ConfUtils.java:logGet(43)) - raft.server.rpc.timeout.max = 5200ms (custom)
2019-09-26 10:06:22,382 [pool-517-thread-1] INFO  server.RaftServerConfigKeys (ConfUtils.java:logGet(43)) - raft.server.rpcslowness.timeout = 120s (custom)
2019-09-26 10:06:22,382 [pool-517-thread-1] INFO  server.RaftServerConfigKeys (ConfUtils.java:logGet(43)) - raft.server.sleep.deviation.threshold = 300 (default)
2019-09-26 10:06:22,382 [pool-517-thread-1] INFO  server.RaftServerConfigKeys (ConfUtils.java:logGet(43)) - raft.server.log.appender.install.snapshot.enabled = false (custom)
2019-09-26 10:06:22,382 [pool-517-thread-1] INFO  impl.RaftServerImpl (ServerState.java:<init>(103)) - af49d7a1-7bac-4fb8-a68b-38a7dab2a9f5@group-81F0707B1837: ConfigurationManager, init=-1: [af49d7a1-7bac-4fb8-a68b-38a7dab2a9f5:192.168.30.13:41624], old=null, confs=<EMPTY_MAP>
2019-09-26 10:06:22,382 [pool-517-thread-1] INFO  server.RaftServerConfigKeys (ConfUtils.java:logGet(43)) - raft.server.storage.dir = [/workdir/hadoop-ozone/integration-test/target/test-dir/MiniOzoneClusterImpl-0a4d6173-89d3-45ab-a960-64e25af93069/datanode-2/data/ratis] (custom)
2019-09-26 10:06:22,383 [pool-517-thread-1] INFO  storage.RaftStorageDirectory (RaftStorageDirectory.java:analyzeStorage(246)) - The storage directory /workdir/hadoop-ozone/integration-test/target/test-dir/MiniOzoneClusterImpl-0a4d6173-89d3-45ab-a960-64e25af93069/datanode-2/data/ratis/02f761b3-428d-4626-81d3-81f0707b1837 does not exist. Creating ...
2019-09-26 10:06:22,388 [IPC Server handler 1 on 44141] INFO  net.NetworkTopology (NetworkTopologyImpl.java:add(111)) - Added a new node: /default-rack/4994e2c1-9eac-430d-be8a-cb30a727a84e
2019-09-26 10:06:22,388 [IPC Server handler 1 on 44141] INFO  node.SCMNodeManager (SCMNodeManager.java:register(266)) - Registered Data node : 4994e2c1-9eac-430d-be8a-cb30a727a84e{ip: 192.168.30.13, host: pr-hdds-1569-wvzgm-824869521, networkLocation: /default-rack, certSerialId: null}
2019-09-26 10:06:22,403 [pool-517-thread-1] INFO  storage.RaftStorageDirectory (RaftStorageDirectory.java:tryLock(328)) - Lock on /workdir/hadoop-ozone/integration-test/target/test-dir/MiniOzoneClusterImpl-0a4d6173-89d3-45ab-a960-64e25af93069/datanode-2/data/ratis/02f761b3-428d-4626-81d3-81f0707b1837/in_use.lock acquired by nodename 19604@pr-hdds-1569-wvzgm-824869521
2019-09-26 10:06:22,416 [pool-517-thread-1] INFO  storage.RaftStorage (RaftStorage.java:format(72)) - Storage directory /workdir/hadoop-ozone/integration-test/target/test-dir/MiniOzoneClusterImpl-0a4d6173-89d3-45ab-a960-64e25af93069/datanode-2/data/ratis/02f761b3-428d-4626-81d3-81f0707b1837 has been successfully formatted.
2019-09-26 10:06:22,416 [pool-517-thread-1] INFO  ratis.ContainerStateMachine (ContainerStateMachine.java:loadSnapshot(230)) - group-81F0707B1837: The snapshot info is null. Setting the last applied indexto:(t:0, i:~)
2019-09-26 10:06:22,416 [pool-517-thread-1] INFO  server.RaftServerConfigKeys (ConfUtils.java:logGet(43)) - raft.server.notification.no-leader.timeout = 120s (custom)
2019-09-26 10:06:22,417 [pool-517-thread-1] INFO  server.RaftServerConfigKeys (ConfUtils.java:logGet(43)) - raft.server.log.use.memory = false (default)
2019-09-26 10:06:22,417 [pool-517-thread-1] INFO  server.RaftServerConfigKeys (ConfUtils.java:logGet(43)) - raft.server.log.purge.gap = 1000000 (custom)
2019-09-26 10:06:22,417 [pool-517-thread-1] INFO  server.RaftServerConfigKeys (ConfUtils.java:logGet(43)) - raft.server.log.appender.buffer.byte-limit = 33554432 (custom)
2019-09-26 10:06:22,417 [pool-517-thread-1] INFO  server.RaftServerConfigKeys (ConfUtils.java:logGet(43)) - raft.server.log.segment.size.max = 1048576 (custom)
2019-09-26 10:06:22,417 [pool-517-thread-1] INFO  server.RaftServerConfigKeys (ConfUtils.java:logGet(43)) - raft.server.log.segment.cache.num.max = 2 (custom)
2019-09-26 10:06:22,417 [pool-517-thread-1] INFO  segmented.SegmentedRaftLogWorker (SegmentedRaftLogWorker.java:<init>(172)) - new af49d7a1-7bac-4fb8-a68b-38a7dab2a9f5@group-81F0707B1837-SegmentedRaftLogWorker for RaftStorage:Storage Directory /workdir/hadoop-ozone/integration-test/target/test-dir/MiniOzoneClusterImpl-0a4d6173-89d3-45ab-a960-64e25af93069/datanode-2/data/ratis/02f761b3-428d-4626-81d3-81f0707b1837
2019-09-26 10:06:22,417 [pool-517-thread-1] INFO  server.RaftServerConfigKeys (ConfUtils.java:logGet(43)) - raft.server.log.queue.byte-limit = 2147483647 (custom)
2019-09-26 10:06:22,417 [pool-517-thread-1] INFO  server.RaftServerConfigKeys (ConfUtils.java:logGet(43)) - raft.server.log.queue.element-limit = 1024 (custom)
2019-09-26 10:06:22,418 [pool-517-thread-1] INFO  server.RaftServerConfigKeys (ConfUtils.java:logGet(43)) - raft.server.log.segment.size.max = 1048576 (custom)
2019-09-26 10:06:22,418 [pool-517-thread-1] INFO  server.RaftServerConfigKeys (ConfUtils.java:logGet(43)) - raft.server.log.preallocated.size = 16384 (custom)
2019-09-26 10:06:22,418 [pool-517-thread-1] INFO  server.RaftServerConfigKeys (ConfUtils.java:logGet(43)) - raft.server.log.write.buffer.size = 33554432 (custom)
2019-09-26 10:06:22,418 [pool-517-thread-1] INFO  server.RaftServerConfigKeys (ConfUtils.java:logGet(43)) - raft.server.log.force.sync.num = 128 (default)
2019-09-26 10:06:22,418 [pool-517-thread-1] INFO  server.RaftServerConfigKeys (ConfUtils.java:logGet(43)) - raft.server.log.statemachine.data.sync = true (default)
2019-09-26 10:06:22,418 [pool-517-thread-1] INFO  server.RaftServerConfigKeys (ConfUtils.java:logGet(43)) - raft.server.log.statemachine.data.sync.timeout = 10s (default)
2019-09-26 10:06:22,418 [pool-517-thread-1] INFO  server.RaftServerConfigKeys (ConfUtils.java:logGet(43)) - raft.server.log.statemachine.data.sync.timeout.retry = -1 (default)
2019-09-26 10:06:22,418 [pool-517-thread-1] INFO  server.RaftServerConfigKeys (ConfUtils.java:logGet(43)) - raft.server.log.statemachine.data.caching.enabled = true (custom)
2019-09-26 10:06:22,419 [pool-517-thread-1] INFO  segmented.SegmentedRaftLogWorker (SegmentedRaftLogWorker.java:lambda$new$0(132)) - af49d7a1-7bac-4fb8-a68b-38a7dab2a9f5@group-81F0707B1837-SegmentedRaftLogWorker: flushIndex: setUnconditionally 0 -> -1
2019-09-26 10:06:22,419 [pool-517-thread-1] INFO  server.RaftServerConfigKeys (ConfUtils.java:logGet(43)) - raft.server.snapshot.auto.trigger.enabled = true (custom)
2019-09-26 10:06:22,419 [pool-517-thread-1] INFO  server.RaftServerConfigKeys (ConfUtils.java:logGet(43)) - raft.server.snapshot.auto.trigger.threshold = 10000 (custom)
2019-09-26 10:06:22,419 [pool-517-thread-1] INFO  server.RaftServerConfigKeys (ConfUtils.java:logGet(43)) - raft.server.snapshot.retention.num.files = 5 (custom)
2019-09-26 10:06:22,419 [pool-517-thread-1] INFO  server.RaftServerConfigKeys (ConfUtils.java:logGet(43)) - raft.server.retrycache.expirytime = 600000ms (custom)
2019-09-26 10:06:22,421 [pool-517-thread-1] INFO  impl.RaftServerImpl (RaftServerImpl.java:start(185)) - af49d7a1-7bac-4fb8-a68b-38a7dab2a9f5@group-81F0707B1837: start as a follower, conf=-1: [af49d7a1-7bac-4fb8-a68b-38a7dab2a9f5:192.168.30.13:41624], old=null
2019-09-26 10:06:22,421 [pool-517-thread-1] INFO  impl.RaftServerImpl (RaftServerImpl.java:setRole(174)) - af49d7a1-7bac-4fb8-a68b-38a7dab2a9f5@group-81F0707B1837: changes role from      null to FOLLOWER at term 0 for startAsFollower
2019-09-26 10:06:22,421 [pool-517-thread-1] INFO  impl.RoleInfo (RoleInfo.java:updateAndGet(143)) - af49d7a1-7bac-4fb8-a68b-38a7dab2a9f5: start FollowerState
2019-09-26 10:06:22,421 [pool-517-thread-1] INFO  util.JmxRegister (JmxRegister.java:tryRegister(44)) - Successfully registered JMX Bean with object name Ratis:service=RaftServer,group=group-81F0707B1837,id=af49d7a1-7bac-4fb8-a68b-38a7dab2a9f5
2019-09-26 10:06:22,423 [RatisPipelineUtilsThread] INFO  pipeline.PipelineStateManager (PipelineStateManager.java:addPipeline(56)) - Created pipeline Pipeline[ Id: 02f761b3-428d-4626-81d3-81f0707b1837, Nodes: af49d7a1-7bac-4fb8-a68b-38a7dab2a9f5{ip: 192.168.30.13, host: pr-hdds-1569-wvzgm-824869521, networkLocation: /default-rack, certSerialId: null}, Type:RATIS, Factor:ONE, State:OPEN]
2019-09-26 10:06:22,423 [RatisPipelineUtilsThread] INFO  pipeline.PipelinePlacementPolicy (PipelinePlacementPolicy.java:meetCriteria(91)) - Pipeline Placement: can't place more pipeline on heavy datanode： 13165a8c-4572-43f4-b795-0eb0b3a8cfdc Heaviness: 6 limit: 5
2019-09-26 10:06:22,428 [grpc-default-executor-1] INFO  impl.RaftServerProxy (RaftServerProxy.java:addNew(89)) - 3fdc1795-13a2-484d-a1b3-617bb4b52936: addNew group-BBBFBE8B389C:[3fdc1795-13a2-484d-a1b3-617bb4b52936:192.168.30.13:38491] returns group-BBBFBE8B389C:java.util.concurrent.CompletableFuture@673fff40[Not completed]
2019-09-26 10:06:22,429 [pool-507-thread-1] INFO  impl.RaftServerImpl (RaftServerImpl.java:<init>(95)) - 3fdc1795-13a2-484d-a1b3-617bb4b52936: new RaftServerImpl for group-BBBFBE8B389C:[3fdc1795-13a2-484d-a1b3-617bb4b52936:192.168.30.13:38491] with ContainerStateMachine:uninitialized
2019-09-26 10:06:22,429 [pool-507-thread-1] INFO  server.RaftServerConfigKeys (ConfUtils.java:logGet(43)) - raft.server.rpc.timeout.min = 5s (custom)
2019-09-26 10:06:22,429 [pool-507-thread-1] INFO  server.RaftServerConfigKeys (ConfUtils.java:logGet(43)) - raft.server.rpc.timeout.max = 5200ms (custom)
2019-09-26 10:06:22,429 [pool-507-thread-1] INFO  server.RaftServerConfigKeys (ConfUtils.java:logGet(43)) - raft.server.rpcslowness.timeout = 120s (custom)
2019-09-26 10:06:22,429 [pool-507-thread-1] INFO  server.RaftServerConfigKeys (ConfUtils.java:logGet(43)) - raft.server.sleep.deviation.threshold = 300 (default)
2019-09-26 10:06:22,429 [pool-507-thread-1] INFO  server.RaftServerConfigKeys (ConfUtils.java:logGet(43)) - raft.server.log.appender.install.snapshot.enabled = false (custom)
2019-09-26 10:06:22,430 [pool-507-thread-1] INFO  impl.RaftServerImpl (ServerState.java:<init>(103)) - 3fdc1795-13a2-484d-a1b3-617bb4b52936@group-BBBFBE8B389C: ConfigurationManager, init=-1: [3fdc1795-13a2-484d-a1b3-617bb4b52936:192.168.30.13:38491], old=null, confs=<EMPTY_MAP>
2019-09-26 10:06:22,430 [pool-507-thread-1] INFO  server.RaftServerConfigKeys (ConfUtils.java:logGet(43)) - raft.server.storage.dir = [/workdir/hadoop-ozone/integration-test/target/test-dir/MiniOzoneClusterImpl-0a4d6173-89d3-45ab-a960-64e25af93069/datanode-1/data/ratis] (custom)
2019-09-26 10:06:22,430 [pool-507-thread-1] INFO  storage.RaftStorageDirectory (RaftStorageDirectory.java:analyzeStorage(246)) - The storage directory /workdir/hadoop-ozone/integration-test/target/test-dir/MiniOzoneClusterImpl-0a4d6173-89d3-45ab-a960-64e25af93069/datanode-1/data/ratis/8988abf8-6b9f-4408-baeb-bbbfbe8b389c does not exist. Creating ...
2019-09-26 10:06:22,443 [pool-507-thread-1] INFO  storage.RaftStorageDirectory (RaftStorageDirectory.java:tryLock(328)) - Lock on /workdir/hadoop-ozone/integration-test/target/test-dir/MiniOzoneClusterImpl-0a4d6173-89d3-45ab-a960-64e25af93069/datanode-1/data/ratis/8988abf8-6b9f-4408-baeb-bbbfbe8b389c/in_use.lock acquired by nodename 19604@pr-hdds-1569-wvzgm-824869521
2019-09-26 10:06:22,455 [pool-507-thread-1] INFO  storage.RaftStorage (RaftStorage.java:format(72)) - Storage directory /workdir/hadoop-ozone/integration-test/target/test-dir/MiniOzoneClusterImpl-0a4d6173-89d3-45ab-a960-64e25af93069/datanode-1/data/ratis/8988abf8-6b9f-4408-baeb-bbbfbe8b389c has been successfully formatted.
2019-09-26 10:06:22,456 [pool-507-thread-1] INFO  ratis.ContainerStateMachine (ContainerStateMachine.java:loadSnapshot(230)) - group-BBBFBE8B389C: The snapshot info is null. Setting the last applied indexto:(t:0, i:~)
2019-09-26 10:06:22,456 [pool-507-thread-1] INFO  server.RaftServerConfigKeys (ConfUtils.java:logGet(43)) - raft.server.notification.no-leader.timeout = 120s (custom)
2019-09-26 10:06:22,456 [pool-507-thread-1] INFO  server.RaftServerConfigKeys (ConfUtils.java:logGet(43)) - raft.server.log.use.memory = false (default)
2019-09-26 10:06:22,456 [pool-507-thread-1] INFO  server.RaftServerConfigKeys (ConfUtils.java:logGet(43)) - raft.server.log.purge.gap = 1000000 (custom)
2019-09-26 10:06:22,456 [pool-507-thread-1] INFO  server.RaftServerConfigKeys (ConfUtils.java:logGet(43)) - raft.server.log.appender.buffer.byte-limit = 33554432 (custom)
2019-09-26 10:06:22,456 [pool-507-thread-1] INFO  server.RaftServerConfigKeys (ConfUtils.java:logGet(43)) - raft.server.log.segment.size.max = 1048576 (custom)
2019-09-26 10:06:22,456 [pool-507-thread-1] INFO  server.RaftServerConfigKeys (ConfUtils.java:logGet(43)) - raft.server.log.segment.cache.num.max = 2 (custom)
2019-09-26 10:06:22,457 [pool-507-thread-1] INFO  segmented.SegmentedRaftLogWorker (SegmentedRaftLogWorker.java:<init>(172)) - new 3fdc1795-13a2-484d-a1b3-617bb4b52936@group-BBBFBE8B389C-SegmentedRaftLogWorker for RaftStorage:Storage Directory /workdir/hadoop-ozone/integration-test/target/test-dir/MiniOzoneClusterImpl-0a4d6173-89d3-45ab-a960-64e25af93069/datanode-1/data/ratis/8988abf8-6b9f-4408-baeb-bbbfbe8b389c
2019-09-26 10:06:22,457 [pool-507-thread-1] INFO  server.RaftServerConfigKeys (ConfUtils.java:logGet(43)) - raft.server.log.queue.byte-limit = 2147483647 (custom)
2019-09-26 10:06:22,457 [pool-507-thread-1] INFO  server.RaftServerConfigKeys (ConfUtils.java:logGet(43)) - raft.server.log.queue.element-limit = 1024 (custom)
2019-09-26 10:06:22,457 [pool-507-thread-1] INFO  server.RaftServerConfigKeys (ConfUtils.java:logGet(43)) - raft.server.log.segment.size.max = 1048576 (custom)
2019-09-26 10:06:22,457 [pool-507-thread-1] INFO  server.RaftServerConfigKeys (ConfUtils.java:logGet(43)) - raft.server.log.preallocated.size = 16384 (custom)
2019-09-26 10:06:22,457 [pool-507-thread-1] INFO  server.RaftServerConfigKeys (ConfUtils.java:logGet(43)) - raft.server.log.write.buffer.size = 33554432 (custom)
2019-09-26 10:06:22,457 [pool-507-thread-1] INFO  server.RaftServerConfigKeys (ConfUtils.java:logGet(43)) - raft.server.log.force.sync.num = 128 (default)
2019-09-26 10:06:22,458 [pool-507-thread-1] INFO  server.RaftServerConfigKeys (ConfUtils.java:logGet(43)) - raft.server.log.statemachine.data.sync = true (default)
2019-09-26 10:06:22,458 [pool-507-thread-1] INFO  server.RaftServerConfigKeys (ConfUtils.java:logGet(43)) - raft.server.log.statemachine.data.sync.timeout = 10s (default)
2019-09-26 10:06:22,458 [pool-507-thread-1] INFO  server.RaftServerConfigKeys (ConfUtils.java:logGet(43)) - raft.server.log.statemachine.data.sync.timeout.retry = -1 (default)
2019-09-26 10:06:22,458 [pool-507-thread-1] INFO  server.RaftServerConfigKeys (ConfUtils.java:logGet(43)) - raft.server.log.statemachine.data.caching.enabled = true (custom)
2019-09-26 10:06:22,458 [pool-507-thread-1] INFO  segmented.SegmentedRaftLogWorker (SegmentedRaftLogWorker.java:lambda$new$0(132)) - 3fdc1795-13a2-484d-a1b3-617bb4b52936@group-BBBFBE8B389C-SegmentedRaftLogWorker: flushIndex: setUnconditionally 0 -> -1
2019-09-26 10:06:22,459 [pool-507-thread-1] INFO  server.RaftServerConfigKeys (ConfUtils.java:logGet(43)) - raft.server.snapshot.auto.trigger.enabled = true (custom)
2019-09-26 10:06:22,459 [pool-507-thread-1] INFO  server.RaftServerConfigKeys (ConfUtils.java:logGet(43)) - raft.server.snapshot.auto.trigger.threshold = 10000 (custom)
2019-09-26 10:06:22,459 [pool-507-thread-1] INFO  server.RaftServerConfigKeys (ConfUtils.java:logGet(43)) - raft.server.snapshot.retention.num.files = 5 (custom)
2019-09-26 10:06:22,459 [pool-507-thread-1] INFO  server.RaftServerConfigKeys (ConfUtils.java:logGet(43)) - raft.server.retrycache.expirytime = 600000ms (custom)
2019-09-26 10:06:22,461 [pool-507-thread-1] INFO  impl.RaftServerImpl (RaftServerImpl.java:start(185)) - 3fdc1795-13a2-484d-a1b3-617bb4b52936@group-BBBFBE8B389C: start as a follower, conf=-1: [3fdc1795-13a2-484d-a1b3-617bb4b52936:192.168.30.13:38491], old=null
2019-09-26 10:06:22,461 [pool-507-thread-1] INFO  impl.RaftServerImpl (RaftServerImpl.java:setRole(174)) - 3fdc1795-13a2-484d-a1b3-617bb4b52936@group-BBBFBE8B389C: changes role from      null to FOLLOWER at term 0 for startAsFollower
2019-09-26 10:06:22,461 [pool-507-thread-1] INFO  impl.RoleInfo (RoleInfo.java:updateAndGet(143)) - 3fdc1795-13a2-484d-a1b3-617bb4b52936: start FollowerState
2019-09-26 10:06:22,461 [pool-507-thread-1] INFO  util.JmxRegister (JmxRegister.java:tryRegister(44)) - Successfully registered JMX Bean with object name Ratis:service=RaftServer,group=group-BBBFBE8B389C,id=3fdc1795-13a2-484d-a1b3-617bb4b52936
2019-09-26 10:06:22,463 [RatisPipelineUtilsThread] INFO  pipeline.PipelineStateManager (PipelineStateManager.java:addPipeline(56)) - Created pipeline Pipeline[ Id: 8988abf8-6b9f-4408-baeb-bbbfbe8b389c, Nodes: 3fdc1795-13a2-484d-a1b3-617bb4b52936{ip: 192.168.30.13, host: pr-hdds-1569-wvzgm-824869521, networkLocation: /default-rack, certSerialId: null}, Type:RATIS, Factor:ONE, State:OPEN]
2019-09-26 10:06:22,464 [RatisPipelineUtilsThread] INFO  pipeline.PipelinePlacementPolicy (PipelinePlacementPolicy.java:meetCriteria(91)) - Pipeline Placement: can't place more pipeline on heavy datanode： 13165a8c-4572-43f4-b795-0eb0b3a8cfdc Heaviness: 6 limit: 5
2019-09-26 10:06:22,467 [grpc-default-executor-1] INFO  impl.RaftServerProxy (RaftServerProxy.java:addNew(89)) - af49d7a1-7bac-4fb8-a68b-38a7dab2a9f5: addNew group-DEC974E7C7DA:[af49d7a1-7bac-4fb8-a68b-38a7dab2a9f5:192.168.30.13:41624] returns group-DEC974E7C7DA:java.util.concurrent.CompletableFuture@5de420c9[Not completed]
2019-09-26 10:06:22,468 [pool-517-thread-1] INFO  impl.RaftServerImpl (RaftServerImpl.java:<init>(95)) - af49d7a1-7bac-4fb8-a68b-38a7dab2a9f5: new RaftServerImpl for group-DEC974E7C7DA:[af49d7a1-7bac-4fb8-a68b-38a7dab2a9f5:192.168.30.13:41624] with ContainerStateMachine:uninitialized
2019-09-26 10:06:22,468 [pool-517-thread-1] INFO  server.RaftServerConfigKeys (ConfUtils.java:logGet(43)) - raft.server.rpc.timeout.min = 5s (custom)
2019-09-26 10:06:22,469 [pool-517-thread-1] INFO  server.RaftServerConfigKeys (ConfUtils.java:logGet(43)) - raft.server.rpc.timeout.max = 5200ms (custom)
2019-09-26 10:06:22,469 [pool-517-thread-1] INFO  server.RaftServerConfigKeys (ConfUtils.java:logGet(43)) - raft.server.rpcslowness.timeout = 120s (custom)
2019-09-26 10:06:22,469 [pool-517-thread-1] INFO  server.RaftServerConfigKeys (ConfUtils.java:logGet(43)) - raft.server.sleep.deviation.threshold = 300 (default)
2019-09-26 10:06:22,469 [pool-517-thread-1] INFO  server.RaftServerConfigKeys (ConfUtils.java:logGet(43)) - raft.server.log.appender.install.snapshot.enabled = false (custom)
2019-09-26 10:06:22,469 [pool-517-thread-1] INFO  impl.RaftServerImpl (ServerState.java:<init>(103)) - af49d7a1-7bac-4fb8-a68b-38a7dab2a9f5@group-DEC974E7C7DA: ConfigurationManager, init=-1: [af49d7a1-7bac-4fb8-a68b-38a7dab2a9f5:192.168.30.13:41624], old=null, confs=<EMPTY_MAP>
2019-09-26 10:06:22,469 [pool-517-thread-1] INFO  server.RaftServerConfigKeys (ConfUtils.java:logGet(43)) - raft.server.storage.dir = [/workdir/hadoop-ozone/integration-test/target/test-dir/MiniOzoneClusterImpl-0a4d6173-89d3-45ab-a960-64e25af93069/datanode-2/data/ratis] (custom)
2019-09-26 10:06:22,470 [pool-517-thread-1] INFO  storage.RaftStorageDirectory (RaftStorageDirectory.java:analyzeStorage(246)) - The storage directory /workdir/hadoop-ozone/integration-test/target/test-dir/MiniOzoneClusterImpl-0a4d6173-89d3-45ab-a960-64e25af93069/datanode-2/data/ratis/57f81472-92c3-4aed-8ac5-dec974e7c7da does not exist. Creating ...
2019-09-26 10:06:22,482 [pool-517-thread-1] INFO  storage.RaftStorageDirectory (RaftStorageDirectory.java:tryLock(328)) - Lock on /workdir/hadoop-ozone/integration-test/target/test-dir/MiniOzoneClusterImpl-0a4d6173-89d3-45ab-a960-64e25af93069/datanode-2/data/ratis/57f81472-92c3-4aed-8ac5-dec974e7c7da/in_use.lock acquired by nodename 19604@pr-hdds-1569-wvzgm-824869521
2019-09-26 10:06:22,484 [IPC Server handler 2 on 44141] INFO  net.NetworkTopology (NetworkTopologyImpl.java:add(111)) - Added a new node: /default-rack/cf63bf87-7688-4ba8-af45-4d7c49885422
2019-09-26 10:06:22,485 [IPC Server handler 2 on 44141] INFO  node.SCMNodeManager (SCMNodeManager.java:register(266)) - Registered Data node : cf63bf87-7688-4ba8-af45-4d7c49885422{ip: 192.168.30.13, host: pr-hdds-1569-wvzgm-824869521, networkLocation: /default-rack, certSerialId: null}
2019-09-26 10:06:22,495 [pool-517-thread-1] INFO  storage.RaftStorage (RaftStorage.java:format(72)) - Storage directory /workdir/hadoop-ozone/integration-test/target/test-dir/MiniOzoneClusterImpl-0a4d6173-89d3-45ab-a960-64e25af93069/datanode-2/data/ratis/57f81472-92c3-4aed-8ac5-dec974e7c7da has been successfully formatted.
2019-09-26 10:06:22,496 [pool-517-thread-1] INFO  ratis.ContainerStateMachine (ContainerStateMachine.java:loadSnapshot(230)) - group-DEC974E7C7DA: The snapshot info is null. Setting the last applied indexto:(t:0, i:~)
2019-09-26 10:06:22,496 [pool-517-thread-1] INFO  server.RaftServerConfigKeys (ConfUtils.java:logGet(43)) - raft.server.notification.no-leader.timeout = 120s (custom)
2019-09-26 10:06:22,496 [pool-517-thread-1] INFO  server.RaftServerConfigKeys (ConfUtils.java:logGet(43)) - raft.server.log.use.memory = false (default)
2019-09-26 10:06:22,496 [pool-517-thread-1] INFO  server.RaftServerConfigKeys (ConfUtils.java:logGet(43)) - raft.server.log.purge.gap = 1000000 (custom)
2019-09-26 10:06:22,496 [pool-517-thread-1] INFO  server.RaftServerConfigKeys (ConfUtils.java:logGet(43)) - raft.server.log.appender.buffer.byte-limit = 33554432 (custom)
2019-09-26 10:06:22,496 [pool-517-thread-1] INFO  server.RaftServerConfigKeys (ConfUtils.java:logGet(43)) - raft.server.log.segment.size.max = 1048576 (custom)
2019-09-26 10:06:22,496 [pool-517-thread-1] INFO  server.RaftServerConfigKeys (ConfUtils.java:logGet(43)) - raft.server.log.segment.cache.num.max = 2 (custom)
2019-09-26 10:06:22,497 [pool-517-thread-1] INFO  segmented.SegmentedRaftLogWorker (SegmentedRaftLogWorker.java:<init>(172)) - new af49d7a1-7bac-4fb8-a68b-38a7dab2a9f5@group-DEC974E7C7DA-SegmentedRaftLogWorker for RaftStorage:Storage Directory /workdir/hadoop-ozone/integration-test/target/test-dir/MiniOzoneClusterImpl-0a4d6173-89d3-45ab-a960-64e25af93069/datanode-2/data/ratis/57f81472-92c3-4aed-8ac5-dec974e7c7da
2019-09-26 10:06:22,497 [pool-517-thread-1] INFO  server.RaftServerConfigKeys (ConfUtils.java:logGet(43)) - raft.server.log.queue.byte-limit = 2147483647 (custom)
2019-09-26 10:06:22,497 [pool-517-thread-1] INFO  server.RaftServerConfigKeys (ConfUtils.java:logGet(43)) - raft.server.log.queue.element-limit = 1024 (custom)
2019-09-26 10:06:22,497 [pool-517-thread-1] INFO  server.RaftServerConfigKeys (ConfUtils.java:logGet(43)) - raft.server.log.segment.size.max = 1048576 (custom)
2019-09-26 10:06:22,497 [pool-517-thread-1] INFO  server.RaftServerConfigKeys (ConfUtils.java:logGet(43)) - raft.server.log.preallocated.size = 16384 (custom)
2019-09-26 10:06:22,497 [pool-517-thread-1] INFO  server.RaftServerConfigKeys (ConfUtils.java:logGet(43)) - raft.server.log.write.buffer.size = 33554432 (custom)
2019-09-26 10:06:22,498 [pool-517-thread-1] INFO  server.RaftServerConfigKeys (ConfUtils.java:logGet(43)) - raft.server.log.force.sync.num = 128 (default)
2019-09-26 10:06:22,498 [pool-517-thread-1] INFO  server.RaftServerConfigKeys (ConfUtils.java:logGet(43)) - raft.server.log.statemachine.data.sync = true (default)
2019-09-26 10:06:22,498 [pool-517-thread-1] INFO  server.RaftServerConfigKeys (ConfUtils.java:logGet(43)) - raft.server.log.statemachine.data.sync.timeout = 10s (default)
2019-09-26 10:06:22,498 [pool-517-thread-1] INFO  server.RaftServerConfigKeys (ConfUtils.java:logGet(43)) - raft.server.log.statemachine.data.sync.timeout.retry = -1 (default)
2019-09-26 10:06:22,498 [pool-517-thread-1] INFO  server.RaftServerConfigKeys (ConfUtils.java:logGet(43)) - raft.server.log.statemachine.data.caching.enabled = true (custom)
2019-09-26 10:06:22,498 [pool-517-thread-1] INFO  segmented.SegmentedRaftLogWorker (SegmentedRaftLogWorker.java:lambda$new$0(132)) - af49d7a1-7bac-4fb8-a68b-38a7dab2a9f5@group-DEC974E7C7DA-SegmentedRaftLogWorker: flushIndex: setUnconditionally 0 -> -1
2019-09-26 10:06:22,499 [pool-517-thread-1] INFO  server.RaftServerConfigKeys (ConfUtils.java:logGet(43)) - raft.server.snapshot.auto.trigger.enabled = true (custom)
2019-09-26 10:06:22,499 [pool-517-thread-1] INFO  server.RaftServerConfigKeys (ConfUtils.java:logGet(43)) - raft.server.snapshot.auto.trigger.threshold = 10000 (custom)
2019-09-26 10:06:22,499 [pool-517-thread-1] INFO  server.RaftServerConfigKeys (ConfUtils.java:logGet(43)) - raft.server.snapshot.retention.num.files = 5 (custom)
2019-09-26 10:06:22,499 [pool-517-thread-1] INFO  server.RaftServerConfigKeys (ConfUtils.java:logGet(43)) - raft.server.retrycache.expirytime = 600000ms (custom)
2019-09-26 10:06:22,502 [pool-517-thread-1] INFO  impl.RaftServerImpl (RaftServerImpl.java:start(185)) - af49d7a1-7bac-4fb8-a68b-38a7dab2a9f5@group-DEC974E7C7DA: start as a follower, conf=-1: [af49d7a1-7bac-4fb8-a68b-38a7dab2a9f5:192.168.30.13:41624], old=null
2019-09-26 10:06:22,502 [pool-517-thread-1] INFO  impl.RaftServerImpl (RaftServerImpl.java:setRole(174)) - af49d7a1-7bac-4fb8-a68b-38a7dab2a9f5@group-DEC974E7C7DA: changes role from      null to FOLLOWER at term 0 for startAsFollower
2019-09-26 10:06:22,502 [pool-517-thread-1] INFO  impl.RoleInfo (RoleInfo.java:updateAndGet(143)) - af49d7a1-7bac-4fb8-a68b-38a7dab2a9f5: start FollowerState
2019-09-26 10:06:22,502 [pool-517-thread-1] INFO  util.JmxRegister (JmxRegister.java:tryRegister(44)) - Successfully registered JMX Bean with object name Ratis:service=RaftServer,group=group-DEC974E7C7DA,id=af49d7a1-7bac-4fb8-a68b-38a7dab2a9f5
2019-09-26 10:06:22,504 [RatisPipelineUtilsThread] INFO  pipeline.PipelineStateManager (PipelineStateManager.java:addPipeline(56)) - Created pipeline Pipeline[ Id: 57f81472-92c3-4aed-8ac5-dec974e7c7da, Nodes: af49d7a1-7bac-4fb8-a68b-38a7dab2a9f5{ip: 192.168.30.13, host: pr-hdds-1569-wvzgm-824869521, networkLocation: /default-rack, certSerialId: null}, Type:RATIS, Factor:ONE, State:OPEN]
2019-09-26 10:06:22,505 [RatisPipelineUtilsThread] INFO  pipeline.PipelinePlacementPolicy (PipelinePlacementPolicy.java:meetCriteria(91)) - Pipeline Placement: can't place more pipeline on heavy datanode： 13165a8c-4572-43f4-b795-0eb0b3a8cfdc Heaviness: 6 limit: 5
2019-09-26 10:06:22,508 [grpc-default-executor-1] INFO  impl.RaftServerProxy (RaftServerProxy.java:addNew(89)) - 3fdc1795-13a2-484d-a1b3-617bb4b52936: addNew group-D8D3B56DCE1A:[3fdc1795-13a2-484d-a1b3-617bb4b52936:192.168.30.13:38491] returns group-D8D3B56DCE1A:java.util.concurrent.CompletableFuture@1b8ea50c[Not completed]
2019-09-26 10:06:22,509 [pool-507-thread-1] INFO  impl.RaftServerImpl (RaftServerImpl.java:<init>(95)) - 3fdc1795-13a2-484d-a1b3-617bb4b52936: new RaftServerImpl for group-D8D3B56DCE1A:[3fdc1795-13a2-484d-a1b3-617bb4b52936:192.168.30.13:38491] with ContainerStateMachine:uninitialized
2019-09-26 10:06:22,509 [pool-507-thread-1] INFO  server.RaftServerConfigKeys (ConfUtils.java:logGet(43)) - raft.server.rpc.timeout.min = 5s (custom)
2019-09-26 10:06:22,509 [pool-507-thread-1] INFO  server.RaftServerConfigKeys (ConfUtils.java:logGet(43)) - raft.server.rpc.timeout.max = 5200ms (custom)
2019-09-26 10:06:22,509 [pool-507-thread-1] INFO  server.RaftServerConfigKeys (ConfUtils.java:logGet(43)) - raft.server.rpcslowness.timeout = 120s (custom)
2019-09-26 10:06:22,510 [pool-507-thread-1] INFO  server.RaftServerConfigKeys (ConfUtils.java:logGet(43)) - raft.server.sleep.deviation.threshold = 300 (default)
2019-09-26 10:06:22,510 [pool-507-thread-1] INFO  server.RaftServerConfigKeys (ConfUtils.java:logGet(43)) - raft.server.log.appender.install.snapshot.enabled = false (custom)
2019-09-26 10:06:22,510 [pool-507-thread-1] INFO  impl.RaftServerImpl (ServerState.java:<init>(103)) - 3fdc1795-13a2-484d-a1b3-617bb4b52936@group-D8D3B56DCE1A: ConfigurationManager, init=-1: [3fdc1795-13a2-484d-a1b3-617bb4b52936:192.168.30.13:38491], old=null, confs=<EMPTY_MAP>
2019-09-26 10:06:22,510 [pool-507-thread-1] INFO  server.RaftServerConfigKeys (ConfUtils.java:logGet(43)) - raft.server.storage.dir = [/workdir/hadoop-ozone/integration-test/target/test-dir/MiniOzoneClusterImpl-0a4d6173-89d3-45ab-a960-64e25af93069/datanode-1/data/ratis] (custom)
2019-09-26 10:06:22,510 [pool-507-thread-1] INFO  storage.RaftStorageDirectory (RaftStorageDirectory.java:analyzeStorage(246)) - The storage directory /workdir/hadoop-ozone/integration-test/target/test-dir/MiniOzoneClusterImpl-0a4d6173-89d3-45ab-a960-64e25af93069/datanode-1/data/ratis/f320938c-56dc-4f46-9404-d8d3b56dce1a does not exist. Creating ...
2019-09-26 10:06:22,523 [pool-507-thread-1] INFO  storage.RaftStorageDirectory (RaftStorageDirectory.java:tryLock(328)) - Lock on /workdir/hadoop-ozone/integration-test/target/test-dir/MiniOzoneClusterImpl-0a4d6173-89d3-45ab-a960-64e25af93069/datanode-1/data/ratis/f320938c-56dc-4f46-9404-d8d3b56dce1a/in_use.lock acquired by nodename 19604@pr-hdds-1569-wvzgm-824869521
2019-09-26 10:06:22,536 [pool-507-thread-1] INFO  storage.RaftStorage (RaftStorage.java:format(72)) - Storage directory /workdir/hadoop-ozone/integration-test/target/test-dir/MiniOzoneClusterImpl-0a4d6173-89d3-45ab-a960-64e25af93069/datanode-1/data/ratis/f320938c-56dc-4f46-9404-d8d3b56dce1a has been successfully formatted.
2019-09-26 10:06:22,536 [pool-507-thread-1] INFO  ratis.ContainerStateMachine (ContainerStateMachine.java:loadSnapshot(230)) - group-D8D3B56DCE1A: The snapshot info is null. Setting the last applied indexto:(t:0, i:~)
2019-09-26 10:06:22,536 [pool-507-thread-1] INFO  server.RaftServerConfigKeys (ConfUtils.java:logGet(43)) - raft.server.notification.no-leader.timeout = 120s (custom)
2019-09-26 10:06:22,536 [pool-507-thread-1] INFO  server.RaftServerConfigKeys (ConfUtils.java:logGet(43)) - raft.server.log.use.memory = false (default)
2019-09-26 10:06:22,536 [pool-507-thread-1] INFO  server.RaftServerConfigKeys (ConfUtils.java:logGet(43)) - raft.server.log.purge.gap = 1000000 (custom)
2019-09-26 10:06:22,537 [pool-507-thread-1] INFO  server.RaftServerConfigKeys (ConfUtils.java:logGet(43)) - raft.server.log.appender.buffer.byte-limit = 33554432 (custom)
2019-09-26 10:06:22,537 [pool-507-thread-1] INFO  server.RaftServerConfigKeys (ConfUtils.java:logGet(43)) - raft.server.log.segment.size.max = 1048576 (custom)
2019-09-26 10:06:22,537 [pool-507-thread-1] INFO  server.RaftServerConfigKeys (ConfUtils.java:logGet(43)) - raft.server.log.segment.cache.num.max = 2 (custom)
2019-09-26 10:06:22,537 [pool-507-thread-1] INFO  segmented.SegmentedRaftLogWorker (SegmentedRaftLogWorker.java:<init>(172)) - new 3fdc1795-13a2-484d-a1b3-617bb4b52936@group-D8D3B56DCE1A-SegmentedRaftLogWorker for RaftStorage:Storage Directory /workdir/hadoop-ozone/integration-test/target/test-dir/MiniOzoneClusterImpl-0a4d6173-89d3-45ab-a960-64e25af93069/datanode-1/data/ratis/f320938c-56dc-4f46-9404-d8d3b56dce1a
2019-09-26 10:06:22,537 [pool-507-thread-1] INFO  server.RaftServerConfigKeys (ConfUtils.java:logGet(43)) - raft.server.log.queue.byte-limit = 2147483647 (custom)
2019-09-26 10:06:22,537 [pool-507-thread-1] INFO  server.RaftServerConfigKeys (ConfUtils.java:logGet(43)) - raft.server.log.queue.element-limit = 1024 (custom)
2019-09-26 10:06:22,537 [pool-507-thread-1] INFO  server.RaftServerConfigKeys (ConfUtils.java:logGet(43)) - raft.server.log.segment.size.max = 1048576 (custom)
2019-09-26 10:06:22,537 [pool-507-thread-1] INFO  server.RaftServerConfigKeys (ConfUtils.java:logGet(43)) - raft.server.log.preallocated.size = 16384 (custom)
2019-09-26 10:06:22,538 [pool-507-thread-1] INFO  server.RaftServerConfigKeys (ConfUtils.java:logGet(43)) - raft.server.log.write.buffer.size = 33554432 (custom)
2019-09-26 10:06:22,538 [pool-507-thread-1] INFO  server.RaftServerConfigKeys (ConfUtils.java:logGet(43)) - raft.server.log.force.sync.num = 128 (default)
2019-09-26 10:06:22,538 [pool-507-thread-1] INFO  server.RaftServerConfigKeys (ConfUtils.java:logGet(43)) - raft.server.log.statemachine.data.sync = true (default)
2019-09-26 10:06:22,538 [pool-507-thread-1] INFO  server.RaftServerConfigKeys (ConfUtils.java:logGet(43)) - raft.server.log.statemachine.data.sync.timeout = 10s (default)
2019-09-26 10:06:22,538 [pool-507-thread-1] INFO  server.RaftServerConfigKeys (ConfUtils.java:logGet(43)) - raft.server.log.statemachine.data.sync.timeout.retry = -1 (default)
2019-09-26 10:06:22,538 [pool-507-thread-1] INFO  server.RaftServerConfigKeys (ConfUtils.java:logGet(43)) - raft.server.log.statemachine.data.caching.enabled = true (custom)
2019-09-26 10:06:22,539 [pool-507-thread-1] INFO  segmented.SegmentedRaftLogWorker (SegmentedRaftLogWorker.java:lambda$new$0(132)) - 3fdc1795-13a2-484d-a1b3-617bb4b52936@group-D8D3B56DCE1A-SegmentedRaftLogWorker: flushIndex: setUnconditionally 0 -> -1
2019-09-26 10:06:22,539 [pool-507-thread-1] INFO  server.RaftServerConfigKeys (ConfUtils.java:logGet(43)) - raft.server.snapshot.auto.trigger.enabled = true (custom)
2019-09-26 10:06:22,539 [pool-507-thread-1] INFO  server.RaftServerConfigKeys (ConfUtils.java:logGet(43)) - raft.server.snapshot.auto.trigger.threshold = 10000 (custom)
2019-09-26 10:06:22,539 [pool-507-thread-1] INFO  server.RaftServerConfigKeys (ConfUtils.java:logGet(43)) - raft.server.snapshot.retention.num.files = 5 (custom)
2019-09-26 10:06:22,539 [pool-507-thread-1] INFO  server.RaftServerConfigKeys (ConfUtils.java:logGet(43)) - raft.server.retrycache.expirytime = 600000ms (custom)
2019-09-26 10:06:22,541 [pool-507-thread-1] INFO  impl.RaftServerImpl (RaftServerImpl.java:start(185)) - 3fdc1795-13a2-484d-a1b3-617bb4b52936@group-D8D3B56DCE1A: start as a follower, conf=-1: [3fdc1795-13a2-484d-a1b3-617bb4b52936:192.168.30.13:38491], old=null
2019-09-26 10:06:22,541 [pool-507-thread-1] INFO  impl.RaftServerImpl (RaftServerImpl.java:setRole(174)) - 3fdc1795-13a2-484d-a1b3-617bb4b52936@group-D8D3B56DCE1A: changes role from      null to FOLLOWER at term 0 for startAsFollower
2019-09-26 10:06:22,541 [pool-507-thread-1] INFO  impl.RoleInfo (RoleInfo.java:updateAndGet(143)) - 3fdc1795-13a2-484d-a1b3-617bb4b52936: start FollowerState
2019-09-26 10:06:22,542 [pool-507-thread-1] INFO  util.JmxRegister (JmxRegister.java:tryRegister(44)) - Successfully registered JMX Bean with object name Ratis:service=RaftServer,group=group-D8D3B56DCE1A,id=3fdc1795-13a2-484d-a1b3-617bb4b52936
2019-09-26 10:06:22,544 [RatisPipelineUtilsThread] INFO  pipeline.PipelineStateManager (PipelineStateManager.java:addPipeline(56)) - Created pipeline Pipeline[ Id: f320938c-56dc-4f46-9404-d8d3b56dce1a, Nodes: 3fdc1795-13a2-484d-a1b3-617bb4b52936{ip: 192.168.30.13, host: pr-hdds-1569-wvzgm-824869521, networkLocation: /default-rack, certSerialId: null}, Type:RATIS, Factor:ONE, State:OPEN]
2019-09-26 10:06:22,544 [RatisPipelineUtilsThread] INFO  pipeline.PipelinePlacementPolicy (PipelinePlacementPolicy.java:meetCriteria(91)) - Pipeline Placement: can't place more pipeline on heavy datanode： 13165a8c-4572-43f4-b795-0eb0b3a8cfdc Heaviness: 6 limit: 5
2019-09-26 10:06:22,548 [IPC Server handler 4 on 44141] INFO  net.NetworkTopology (NetworkTopologyImpl.java:add(111)) - Added a new node: /default-rack/445ae746-534e-4611-8a14-965c0672a28b
2019-09-26 10:06:22,548 [grpc-default-executor-1] INFO  impl.RaftServerProxy (RaftServerProxy.java:addNew(89)) - 3fdc1795-13a2-484d-a1b3-617bb4b52936: addNew group-21CA7C0F6F9E:[3fdc1795-13a2-484d-a1b3-617bb4b52936:192.168.30.13:38491] returns group-21CA7C0F6F9E:java.util.concurrent.CompletableFuture@22bcd70b[Not completed]
2019-09-26 10:06:22,548 [main] INFO  ozone.MiniOzoneClusterImpl (MiniOzoneClusterImpl.java:lambda$waitForClusterToBeReady$0(147)) - Cluster is ready. Got 7 of 7 DN Heartbeats.
2019-09-26 10:06:22,548 [IPC Server handler 4 on 44141] INFO  node.SCMNodeManager (SCMNodeManager.java:register(266)) - Registered Data node : 445ae746-534e-4611-8a14-965c0672a28b{ip: 192.168.30.13, host: pr-hdds-1569-wvzgm-824869521, networkLocation: /default-rack, certSerialId: null}
2019-09-26 10:06:22,549 [pool-507-thread-1] INFO  impl.RaftServerImpl (RaftServerImpl.java:<init>(95)) - 3fdc1795-13a2-484d-a1b3-617bb4b52936: new RaftServerImpl for group-21CA7C0F6F9E:[3fdc1795-13a2-484d-a1b3-617bb4b52936:192.168.30.13:38491] with ContainerStateMachine:uninitialized
2019-09-26 10:06:22,549 [pool-507-thread-1] INFO  server.RaftServerConfigKeys (ConfUtils.java:logGet(43)) - raft.server.rpc.timeout.min = 5s (custom)
2019-09-26 10:06:22,549 [pool-507-thread-1] INFO  server.RaftServerConfigKeys (ConfUtils.java:logGet(43)) - raft.server.rpc.timeout.max = 5200ms (custom)
2019-09-26 10:06:22,549 [pool-507-thread-1] INFO  server.RaftServerConfigKeys (ConfUtils.java:logGet(43)) - raft.server.rpcslowness.timeout = 120s (custom)
2019-09-26 10:06:22,549 [pool-507-thread-1] INFO  server.RaftServerConfigKeys (ConfUtils.java:logGet(43)) - raft.server.sleep.deviation.threshold = 300 (default)
2019-09-26 10:06:22,550 [pool-507-thread-1] INFO  server.RaftServerConfigKeys (ConfUtils.java:logGet(43)) - raft.server.log.appender.install.snapshot.enabled = false (custom)
2019-09-26 10:06:22,550 [pool-507-thread-1] INFO  impl.RaftServerImpl (ServerState.java:<init>(103)) - 3fdc1795-13a2-484d-a1b3-617bb4b52936@group-21CA7C0F6F9E: ConfigurationManager, init=-1: [3fdc1795-13a2-484d-a1b3-617bb4b52936:192.168.30.13:38491], old=null, confs=<EMPTY_MAP>
2019-09-26 10:06:22,550 [pool-507-thread-1] INFO  server.RaftServerConfigKeys (ConfUtils.java:logGet(43)) - raft.server.storage.dir = [/workdir/hadoop-ozone/integration-test/target/test-dir/MiniOzoneClusterImpl-0a4d6173-89d3-45ab-a960-64e25af93069/datanode-1/data/ratis] (custom)
2019-09-26 10:06:22,550 [pool-507-thread-1] INFO  storage.RaftStorageDirectory (RaftStorageDirectory.java:analyzeStorage(246)) - The storage directory /workdir/hadoop-ozone/integration-test/target/test-dir/MiniOzoneClusterImpl-0a4d6173-89d3-45ab-a960-64e25af93069/datanode-1/data/ratis/bb41d00c-19f9-46a6-8309-21ca7c0f6f9e does not exist. Creating ...
2019-09-26 10:06:22,561 [pool-507-thread-1] INFO  storage.RaftStorageDirectory (RaftStorageDirectory.java:tryLock(328)) - Lock on /workdir/hadoop-ozone/integration-test/target/test-dir/MiniOzoneClusterImpl-0a4d6173-89d3-45ab-a960-64e25af93069/datanode-1/data/ratis/bb41d00c-19f9-46a6-8309-21ca7c0f6f9e/in_use.lock acquired by nodename 19604@pr-hdds-1569-wvzgm-824869521
2019-09-26 10:06:22,590 [pool-507-thread-1] INFO  storage.RaftStorage (RaftStorage.java:format(72)) - Storage directory /workdir/hadoop-ozone/integration-test/target/test-dir/MiniOzoneClusterImpl-0a4d6173-89d3-45ab-a960-64e25af93069/datanode-1/data/ratis/bb41d00c-19f9-46a6-8309-21ca7c0f6f9e has been successfully formatted.
2019-09-26 10:06:22,591 [pool-507-thread-1] INFO  ratis.ContainerStateMachine (ContainerStateMachine.java:loadSnapshot(230)) - group-21CA7C0F6F9E: The snapshot info is null. Setting the last applied indexto:(t:0, i:~)
2019-09-26 10:06:22,591 [pool-507-thread-1] INFO  server.RaftServerConfigKeys (ConfUtils.java:logGet(43)) - raft.server.notification.no-leader.timeout = 120s (custom)
2019-09-26 10:06:22,591 [pool-507-thread-1] INFO  server.RaftServerConfigKeys (ConfUtils.java:logGet(43)) - raft.server.log.use.memory = false (default)
2019-09-26 10:06:22,591 [pool-507-thread-1] INFO  server.RaftServerConfigKeys (ConfUtils.java:logGet(43)) - raft.server.log.purge.gap = 1000000 (custom)
2019-09-26 10:06:22,592 [pool-507-thread-1] INFO  server.RaftServerConfigKeys (ConfUtils.java:logGet(43)) - raft.server.log.appender.buffer.byte-limit = 33554432 (custom)
2019-09-26 10:06:22,592 [pool-507-thread-1] INFO  server.RaftServerConfigKeys (ConfUtils.java:logGet(43)) - raft.server.log.segment.size.max = 1048576 (custom)
2019-09-26 10:06:22,592 [pool-507-thread-1] INFO  server.RaftServerConfigKeys (ConfUtils.java:logGet(43)) - raft.server.log.segment.cache.num.max = 2 (custom)
2019-09-26 10:06:22,592 [pool-507-thread-1] INFO  segmented.SegmentedRaftLogWorker (SegmentedRaftLogWorker.java:<init>(172)) - new 3fdc1795-13a2-484d-a1b3-617bb4b52936@group-21CA7C0F6F9E-SegmentedRaftLogWorker for RaftStorage:Storage Directory /workdir/hadoop-ozone/integration-test/target/test-dir/MiniOzoneClusterImpl-0a4d6173-89d3-45ab-a960-64e25af93069/datanode-1/data/ratis/bb41d00c-19f9-46a6-8309-21ca7c0f6f9e
2019-09-26 10:06:22,592 [pool-507-thread-1] INFO  server.RaftServerConfigKeys (ConfUtils.java:logGet(43)) - raft.server.log.queue.byte-limit = 2147483647 (custom)
2019-09-26 10:06:22,592 [pool-507-thread-1] INFO  server.RaftServerConfigKeys (ConfUtils.java:logGet(43)) - raft.server.log.queue.element-limit = 1024 (custom)
2019-09-26 10:06:22,593 [pool-507-thread-1] INFO  server.RaftServerConfigKeys (ConfUtils.java:logGet(43)) - raft.server.log.segment.size.max = 1048576 (custom)
2019-09-26 10:06:22,593 [pool-507-thread-1] INFO  server.RaftServerConfigKeys (ConfUtils.java:logGet(43)) - raft.server.log.preallocated.size = 16384 (custom)
2019-09-26 10:06:22,593 [pool-507-thread-1] INFO  server.RaftServerConfigKeys (ConfUtils.java:logGet(43)) - raft.server.log.write.buffer.size = 33554432 (custom)
2019-09-26 10:06:22,593 [pool-507-thread-1] INFO  server.RaftServerConfigKeys (ConfUtils.java:logGet(43)) - raft.server.log.force.sync.num = 128 (default)
2019-09-26 10:06:22,593 [pool-507-thread-1] INFO  server.RaftServerConfigKeys (ConfUtils.java:logGet(43)) - raft.server.log.statemachine.data.sync = true (default)
2019-09-26 10:06:22,593 [pool-507-thread-1] INFO  server.RaftServerConfigKeys (ConfUtils.java:logGet(43)) - raft.server.log.statemachine.data.sync.timeout = 10s (default)
2019-09-26 10:06:22,593 [pool-507-thread-1] INFO  server.RaftServerConfigKeys (ConfUtils.java:logGet(43)) - raft.server.log.statemachine.data.sync.timeout.retry = -1 (default)
2019-09-26 10:06:22,597 [pool-507-thread-1] INFO  server.RaftServerConfigKeys (ConfUtils.java:logGet(43)) - raft.server.log.statemachine.data.caching.enabled = true (custom)
2019-09-26 10:06:22,597 [pool-507-thread-1] INFO  segmented.SegmentedRaftLogWorker (SegmentedRaftLogWorker.java:lambda$new$0(132)) - 3fdc1795-13a2-484d-a1b3-617bb4b52936@group-21CA7C0F6F9E-SegmentedRaftLogWorker: flushIndex: setUnconditionally 0 -> -1
2019-09-26 10:06:22,597 [pool-507-thread-1] INFO  server.RaftServerConfigKeys (ConfUtils.java:logGet(43)) - raft.server.snapshot.auto.trigger.enabled = true (custom)
2019-09-26 10:06:22,598 [pool-507-thread-1] INFO  server.RaftServerConfigKeys (ConfUtils.java:logGet(43)) - raft.server.snapshot.auto.trigger.threshold = 10000 (custom)
2019-09-26 10:06:22,598 [pool-507-thread-1] INFO  server.RaftServerConfigKeys (ConfUtils.java:logGet(43)) - raft.server.snapshot.retention.num.files = 5 (custom)
2019-09-26 10:06:22,598 [pool-507-thread-1] INFO  server.RaftServerConfigKeys (ConfUtils.java:logGet(43)) - raft.server.retrycache.expirytime = 600000ms (custom)
2019-09-26 10:06:22,598 [main] INFO  rpc.RpcClient (RpcClient.java:createVolume(276)) - Creating Volume: testblockoutputstream, with jenkins1000 as owner.
2019-09-26 10:06:22,600 [pool-507-thread-1] INFO  impl.RaftServerImpl (RaftServerImpl.java:start(185)) - 3fdc1795-13a2-484d-a1b3-617bb4b52936@group-21CA7C0F6F9E: start as a follower, conf=-1: [3fdc1795-13a2-484d-a1b3-617bb4b52936:192.168.30.13:38491], old=null
2019-09-26 10:06:22,600 [pool-507-thread-1] INFO  impl.RaftServerImpl (RaftServerImpl.java:setRole(174)) - 3fdc1795-13a2-484d-a1b3-617bb4b52936@group-21CA7C0F6F9E: changes role from      null to FOLLOWER at term 0 for startAsFollower
2019-09-26 10:06:22,600 [pool-507-thread-1] INFO  impl.RoleInfo (RoleInfo.java:updateAndGet(143)) - 3fdc1795-13a2-484d-a1b3-617bb4b52936: start FollowerState
2019-09-26 10:06:22,601 [pool-507-thread-1] INFO  util.JmxRegister (JmxRegister.java:tryRegister(44)) - Successfully registered JMX Bean with object name Ratis:service=RaftServer,group=group-21CA7C0F6F9E,id=3fdc1795-13a2-484d-a1b3-617bb4b52936
2019-09-26 10:06:22,602 [IPC Server handler 1 on 42130] INFO  volume.OMVolumeCreateRequest (OMVolumeCreateRequest.java:validateAndUpdateCache(189)) - created volume:testblockoutputstream for user:jenkins1000
2019-09-26 10:06:22,603 [RatisPipelineUtilsThread] INFO  pipeline.PipelineStateManager (PipelineStateManager.java:addPipeline(56)) - Created pipeline Pipeline[ Id: bb41d00c-19f9-46a6-8309-21ca7c0f6f9e, Nodes: 3fdc1795-13a2-484d-a1b3-617bb4b52936{ip: 192.168.30.13, host: pr-hdds-1569-wvzgm-824869521, networkLocation: /default-rack, certSerialId: null}, Type:RATIS, Factor:ONE, State:OPEN]
2019-09-26 10:06:22,603 [RatisPipelineUtilsThread] INFO  pipeline.PipelinePlacementPolicy (PipelinePlacementPolicy.java:meetCriteria(91)) - Pipeline Placement: can't place more pipeline on heavy datanode： 13165a8c-4572-43f4-b795-0eb0b3a8cfdc Heaviness: 6 limit: 5
2019-09-26 10:06:22,619 [main] INFO  rpc.RpcClient (RpcClient.java:createBucket(415)) - Creating Bucket: testblockoutputstream/testblockoutputstream, with Versioning false and Storage Type set to DISK and Encryption set to false 
2019-09-26 10:06:22,624 [grpc-default-executor-1] INFO  impl.RaftServerProxy (RaftServerProxy.java:addNew(89)) - 3fdc1795-13a2-484d-a1b3-617bb4b52936: addNew group-E9424C152F2C:[3fdc1795-13a2-484d-a1b3-617bb4b52936:192.168.30.13:38491] returns group-E9424C152F2C:java.util.concurrent.CompletableFuture@53465d2a[Not completed]
2019-09-26 10:06:22,625 [pool-507-thread-1] INFO  impl.RaftServerImpl (RaftServerImpl.java:<init>(95)) - 3fdc1795-13a2-484d-a1b3-617bb4b52936: new RaftServerImpl for group-E9424C152F2C:[3fdc1795-13a2-484d-a1b3-617bb4b52936:192.168.30.13:38491] with ContainerStateMachine:uninitialized
2019-09-26 10:06:22,626 [pool-507-thread-1] INFO  server.RaftServerConfigKeys (ConfUtils.java:logGet(43)) - raft.server.rpc.timeout.min = 5s (custom)
2019-09-26 10:06:22,626 [pool-507-thread-1] INFO  server.RaftServerConfigKeys (ConfUtils.java:logGet(43)) - raft.server.rpc.timeout.max = 5200ms (custom)
2019-09-26 10:06:22,626 [pool-507-thread-1] INFO  server.RaftServerConfigKeys (ConfUtils.java:logGet(43)) - raft.server.rpcslowness.timeout = 120s (custom)
2019-09-26 10:06:22,626 [pool-507-thread-1] INFO  server.RaftServerConfigKeys (ConfUtils.java:logGet(43)) - raft.server.sleep.deviation.threshold = 300 (default)
2019-09-26 10:06:22,626 [pool-507-thread-1] INFO  server.RaftServerConfigKeys (ConfUtils.java:logGet(43)) - raft.server.log.appender.install.snapshot.enabled = false (custom)
2019-09-26 10:06:22,626 [pool-507-thread-1] INFO  impl.RaftServerImpl (ServerState.java:<init>(103)) - 3fdc1795-13a2-484d-a1b3-617bb4b52936@group-E9424C152F2C: ConfigurationManager, init=-1: [3fdc1795-13a2-484d-a1b3-617bb4b52936:192.168.30.13:38491], old=null, confs=<EMPTY_MAP>
2019-09-26 10:06:22,626 [pool-507-thread-1] INFO  server.RaftServerConfigKeys (ConfUtils.java:logGet(43)) - raft.server.storage.dir = [/workdir/hadoop-ozone/integration-test/target/test-dir/MiniOzoneClusterImpl-0a4d6173-89d3-45ab-a960-64e25af93069/datanode-1/data/ratis] (custom)
2019-09-26 10:06:22,627 [pool-507-thread-1] INFO  storage.RaftStorageDirectory (RaftStorageDirectory.java:analyzeStorage(246)) - The storage directory /workdir/hadoop-ozone/integration-test/target/test-dir/MiniOzoneClusterImpl-0a4d6173-89d3-45ab-a960-64e25af93069/datanode-1/data/ratis/f54c939b-2386-4493-9f2d-e9424c152f2c does not exist. Creating ...
2019-09-26 10:06:22,639 [pool-507-thread-1] INFO  storage.RaftStorageDirectory (RaftStorageDirectory.java:tryLock(328)) - Lock on /workdir/hadoop-ozone/integration-test/target/test-dir/MiniOzoneClusterImpl-0a4d6173-89d3-45ab-a960-64e25af93069/datanode-1/data/ratis/f54c939b-2386-4493-9f2d-e9424c152f2c/in_use.lock acquired by nodename 19604@pr-hdds-1569-wvzgm-824869521
2019-09-26 10:06:22,652 [pool-507-thread-1] INFO  storage.RaftStorage (RaftStorage.java:format(72)) - Storage directory /workdir/hadoop-ozone/integration-test/target/test-dir/MiniOzoneClusterImpl-0a4d6173-89d3-45ab-a960-64e25af93069/datanode-1/data/ratis/f54c939b-2386-4493-9f2d-e9424c152f2c has been successfully formatted.
2019-09-26 10:06:22,652 [pool-507-thread-1] INFO  ratis.ContainerStateMachine (ContainerStateMachine.java:loadSnapshot(230)) - group-E9424C152F2C: The snapshot info is null. Setting the last applied indexto:(t:0, i:~)
2019-09-26 10:06:22,653 [pool-507-thread-1] INFO  server.RaftServerConfigKeys (ConfUtils.java:logGet(43)) - raft.server.notification.no-leader.timeout = 120s (custom)
2019-09-26 10:06:22,653 [pool-507-thread-1] INFO  server.RaftServerConfigKeys (ConfUtils.java:logGet(43)) - raft.server.log.use.memory = false (default)
2019-09-26 10:06:22,653 [pool-507-thread-1] INFO  server.RaftServerConfigKeys (ConfUtils.java:logGet(43)) - raft.server.log.purge.gap = 1000000 (custom)
2019-09-26 10:06:22,653 [pool-507-thread-1] INFO  server.RaftServerConfigKeys (ConfUtils.java:logGet(43)) - raft.server.log.appender.buffer.byte-limit = 33554432 (custom)
2019-09-26 10:06:22,653 [pool-507-thread-1] INFO  server.RaftServerConfigKeys (ConfUtils.java:logGet(43)) - raft.server.log.segment.size.max = 1048576 (custom)
2019-09-26 10:06:22,653 [pool-507-thread-1] INFO  server.RaftServerConfigKeys (ConfUtils.java:logGet(43)) - raft.server.log.segment.cache.num.max = 2 (custom)
2019-09-26 10:06:22,653 [pool-507-thread-1] INFO  segmented.SegmentedRaftLogWorker (SegmentedRaftLogWorker.java:<init>(172)) - new 3fdc1795-13a2-484d-a1b3-617bb4b52936@group-E9424C152F2C-SegmentedRaftLogWorker for RaftStorage:Storage Directory /workdir/hadoop-ozone/integration-test/target/test-dir/MiniOzoneClusterImpl-0a4d6173-89d3-45ab-a960-64e25af93069/datanode-1/data/ratis/f54c939b-2386-4493-9f2d-e9424c152f2c
2019-09-26 10:06:22,653 [pool-507-thread-1] INFO  server.RaftServerConfigKeys (ConfUtils.java:logGet(43)) - raft.server.log.queue.byte-limit = 2147483647 (custom)
2019-09-26 10:06:22,654 [pool-507-thread-1] INFO  server.RaftServerConfigKeys (ConfUtils.java:logGet(43)) - raft.server.log.queue.element-limit = 1024 (custom)
2019-09-26 10:06:22,654 [pool-507-thread-1] INFO  server.RaftServerConfigKeys (ConfUtils.java:logGet(43)) - raft.server.log.segment.size.max = 1048576 (custom)
2019-09-26 10:06:22,654 [pool-507-thread-1] INFO  server.RaftServerConfigKeys (ConfUtils.java:logGet(43)) - raft.server.log.preallocated.size = 16384 (custom)
2019-09-26 10:06:22,654 [pool-507-thread-1] INFO  server.RaftServerConfigKeys (ConfUtils.java:logGet(43)) - raft.server.log.write.buffer.size = 33554432 (custom)
2019-09-26 10:06:22,654 [pool-507-thread-1] INFO  server.RaftServerConfigKeys (ConfUtils.java:logGet(43)) - raft.server.log.force.sync.num = 128 (default)
2019-09-26 10:06:22,654 [pool-507-thread-1] INFO  server.RaftServerConfigKeys (ConfUtils.java:logGet(43)) - raft.server.log.statemachine.data.sync = true (default)
2019-09-26 10:06:22,654 [pool-507-thread-1] INFO  server.RaftServerConfigKeys (ConfUtils.java:logGet(43)) - raft.server.log.statemachine.data.sync.timeout = 10s (default)
2019-09-26 10:06:22,654 [pool-507-thread-1] INFO  server.RaftServerConfigKeys (ConfUtils.java:logGet(43)) - raft.server.log.statemachine.data.sync.timeout.retry = -1 (default)
2019-09-26 10:06:22,655 [pool-507-thread-1] INFO  server.RaftServerConfigKeys (ConfUtils.java:logGet(43)) - raft.server.log.statemachine.data.caching.enabled = true (custom)
2019-09-26 10:06:22,655 [pool-507-thread-1] INFO  segmented.SegmentedRaftLogWorker (SegmentedRaftLogWorker.java:lambda$new$0(132)) - 3fdc1795-13a2-484d-a1b3-617bb4b52936@group-E9424C152F2C-SegmentedRaftLogWorker: flushIndex: setUnconditionally 0 -> -1
2019-09-26 10:06:22,655 [pool-507-thread-1] INFO  server.RaftServerConfigKeys (ConfUtils.java:logGet(43)) - raft.server.snapshot.auto.trigger.enabled = true (custom)
2019-09-26 10:06:22,655 [pool-507-thread-1] INFO  server.RaftServerConfigKeys (ConfUtils.java:logGet(43)) - raft.server.snapshot.auto.trigger.threshold = 10000 (custom)
2019-09-26 10:06:22,656 [pool-507-thread-1] INFO  server.RaftServerConfigKeys (ConfUtils.java:logGet(43)) - raft.server.snapshot.retention.num.files = 5 (custom)
2019-09-26 10:06:22,656 [pool-507-thread-1] INFO  server.RaftServerConfigKeys (ConfUtils.java:logGet(43)) - raft.server.retrycache.expirytime = 600000ms (custom)
2019-09-26 10:06:22,657 [pool-507-thread-1] INFO  impl.RaftServerImpl (RaftServerImpl.java:start(185)) - 3fdc1795-13a2-484d-a1b3-617bb4b52936@group-E9424C152F2C: start as a follower, conf=-1: [3fdc1795-13a2-484d-a1b3-617bb4b52936:192.168.30.13:38491], old=null
2019-09-26 10:06:22,657 [pool-507-thread-1] INFO  impl.RaftServerImpl (RaftServerImpl.java:setRole(174)) - 3fdc1795-13a2-484d-a1b3-617bb4b52936@group-E9424C152F2C: changes role from      null to FOLLOWER at term 0 for startAsFollower
2019-09-26 10:06:22,657 [pool-507-thread-1] INFO  impl.RoleInfo (RoleInfo.java:updateAndGet(143)) - 3fdc1795-13a2-484d-a1b3-617bb4b52936: start FollowerState
2019-09-26 10:06:22,658 [pool-507-thread-1] INFO  util.JmxRegister (JmxRegister.java:tryRegister(44)) - Successfully registered JMX Bean with object name Ratis:service=RaftServer,group=group-E9424C152F2C,id=3fdc1795-13a2-484d-a1b3-617bb4b52936
2019-09-26 10:06:22,660 [RatisPipelineUtilsThread] INFO  pipeline.PipelineStateManager (PipelineStateManager.java:addPipeline(56)) - Created pipeline Pipeline[ Id: f54c939b-2386-4493-9f2d-e9424c152f2c, Nodes: 3fdc1795-13a2-484d-a1b3-617bb4b52936{ip: 192.168.30.13, host: pr-hdds-1569-wvzgm-824869521, networkLocation: /default-rack, certSerialId: null}, Type:RATIS, Factor:ONE, State:OPEN]
2019-09-26 10:06:22,660 [RatisPipelineUtilsThread] INFO  pipeline.PipelinePlacementPolicy (PipelinePlacementPolicy.java:meetCriteria(91)) - Pipeline Placement: can't place more pipeline on heavy datanode： 13165a8c-4572-43f4-b795-0eb0b3a8cfdc Heaviness: 6 limit: 5
2019-09-26 10:06:22,663 [grpc-default-executor-1] INFO  impl.RaftServerProxy (RaftServerProxy.java:addNew(89)) - 3fdc1795-13a2-484d-a1b3-617bb4b52936: addNew group-5A9F0C104790:[3fdc1795-13a2-484d-a1b3-617bb4b52936:192.168.30.13:38491] returns group-5A9F0C104790:java.util.concurrent.CompletableFuture@5b5b68fd[Not completed]
2019-09-26 10:06:22,664 [pool-507-thread-1] INFO  impl.RaftServerImpl (RaftServerImpl.java:<init>(95)) - 3fdc1795-13a2-484d-a1b3-617bb4b52936: new RaftServerImpl for group-5A9F0C104790:[3fdc1795-13a2-484d-a1b3-617bb4b52936:192.168.30.13:38491] with ContainerStateMachine:uninitialized
2019-09-26 10:06:22,664 [pool-507-thread-1] INFO  server.RaftServerConfigKeys (ConfUtils.java:logGet(43)) - raft.server.rpc.timeout.min = 5s (custom)
2019-09-26 10:06:22,664 [pool-507-thread-1] INFO  server.RaftServerConfigKeys (ConfUtils.java:logGet(43)) - raft.server.rpc.timeout.max = 5200ms (custom)
2019-09-26 10:06:22,664 [pool-507-thread-1] INFO  server.RaftServerConfigKeys (ConfUtils.java:logGet(43)) - raft.server.rpcslowness.timeout = 120s (custom)
2019-09-26 10:06:22,665 [pool-507-thread-1] INFO  server.RaftServerConfigKeys (ConfUtils.java:logGet(43)) - raft.server.sleep.deviation.threshold = 300 (default)
2019-09-26 10:06:22,665 [pool-507-thread-1] INFO  server.RaftServerConfigKeys (ConfUtils.java:logGet(43)) - raft.server.log.appender.install.snapshot.enabled = false (custom)
2019-09-26 10:06:22,665 [pool-507-thread-1] INFO  impl.RaftServerImpl (ServerState.java:<init>(103)) - 3fdc1795-13a2-484d-a1b3-617bb4b52936@group-5A9F0C104790: ConfigurationManager, init=-1: [3fdc1795-13a2-484d-a1b3-617bb4b52936:192.168.30.13:38491], old=null, confs=<EMPTY_MAP>
2019-09-26 10:06:22,665 [pool-507-thread-1] INFO  server.RaftServerConfigKeys (ConfUtils.java:logGet(43)) - raft.server.storage.dir = [/workdir/hadoop-ozone/integration-test/target/test-dir/MiniOzoneClusterImpl-0a4d6173-89d3-45ab-a960-64e25af93069/datanode-1/data/ratis] (custom)
2019-09-26 10:06:22,665 [pool-507-thread-1] INFO  storage.RaftStorageDirectory (RaftStorageDirectory.java:analyzeStorage(246)) - The storage directory /workdir/hadoop-ozone/integration-test/target/test-dir/MiniOzoneClusterImpl-0a4d6173-89d3-45ab-a960-64e25af93069/datanode-1/data/ratis/4439a273-abaa-4f29-acb8-5a9f0c104790 does not exist. Creating ...
2019-09-26 10:06:22,678 [pool-507-thread-1] INFO  storage.RaftStorageDirectory (RaftStorageDirectory.java:tryLock(328)) - Lock on /workdir/hadoop-ozone/integration-test/target/test-dir/MiniOzoneClusterImpl-0a4d6173-89d3-45ab-a960-64e25af93069/datanode-1/data/ratis/4439a273-abaa-4f29-acb8-5a9f0c104790/in_use.lock acquired by nodename 19604@pr-hdds-1569-wvzgm-824869521
2019-09-26 10:06:22,691 [pool-507-thread-1] INFO  storage.RaftStorage (RaftStorage.java:format(72)) - Storage directory /workdir/hadoop-ozone/integration-test/target/test-dir/MiniOzoneClusterImpl-0a4d6173-89d3-45ab-a960-64e25af93069/datanode-1/data/ratis/4439a273-abaa-4f29-acb8-5a9f0c104790 has been successfully formatted.
2019-09-26 10:06:22,691 [pool-507-thread-1] INFO  ratis.ContainerStateMachine (ContainerStateMachine.java:loadSnapshot(230)) - group-5A9F0C104790: The snapshot info is null. Setting the last applied indexto:(t:0, i:~)
2019-09-26 10:06:22,691 [pool-507-thread-1] INFO  server.RaftServerConfigKeys (ConfUtils.java:logGet(43)) - raft.server.notification.no-leader.timeout = 120s (custom)
2019-09-26 10:06:22,692 [pool-507-thread-1] INFO  server.RaftServerConfigKeys (ConfUtils.java:logGet(43)) - raft.server.log.use.memory = false (default)
2019-09-26 10:06:22,692 [pool-507-thread-1] INFO  server.RaftServerConfigKeys (ConfUtils.java:logGet(43)) - raft.server.log.purge.gap = 1000000 (custom)
2019-09-26 10:06:22,692 [pool-507-thread-1] INFO  server.RaftServerConfigKeys (ConfUtils.java:logGet(43)) - raft.server.log.appender.buffer.byte-limit = 33554432 (custom)
2019-09-26 10:06:22,692 [pool-507-thread-1] INFO  server.RaftServerConfigKeys (ConfUtils.java:logGet(43)) - raft.server.log.segment.size.max = 1048576 (custom)
2019-09-26 10:06:22,692 [pool-507-thread-1] INFO  server.RaftServerConfigKeys (ConfUtils.java:logGet(43)) - raft.server.log.segment.cache.num.max = 2 (custom)
2019-09-26 10:06:22,693 [pool-507-thread-1] INFO  segmented.SegmentedRaftLogWorker (SegmentedRaftLogWorker.java:<init>(172)) - new 3fdc1795-13a2-484d-a1b3-617bb4b52936@group-5A9F0C104790-SegmentedRaftLogWorker for RaftStorage:Storage Directory /workdir/hadoop-ozone/integration-test/target/test-dir/MiniOzoneClusterImpl-0a4d6173-89d3-45ab-a960-64e25af93069/datanode-1/data/ratis/4439a273-abaa-4f29-acb8-5a9f0c104790
2019-09-26 10:06:22,693 [pool-507-thread-1] INFO  server.RaftServerConfigKeys (ConfUtils.java:logGet(43)) - raft.server.log.queue.byte-limit = 2147483647 (custom)
2019-09-26 10:06:22,693 [pool-507-thread-1] INFO  server.RaftServerConfigKeys (ConfUtils.java:logGet(43)) - raft.server.log.queue.element-limit = 1024 (custom)
2019-09-26 10:06:22,693 [pool-507-thread-1] INFO  server.RaftServerConfigKeys (ConfUtils.java:logGet(43)) - raft.server.log.segment.size.max = 1048576 (custom)
2019-09-26 10:06:22,693 [pool-507-thread-1] INFO  server.RaftServerConfigKeys (ConfUtils.java:logGet(43)) - raft.server.log.preallocated.size = 16384 (custom)
2019-09-26 10:06:22,694 [pool-507-thread-1] INFO  server.RaftServerConfigKeys (ConfUtils.java:logGet(43)) - raft.server.log.write.buffer.size = 33554432 (custom)
2019-09-26 10:06:22,694 [pool-507-thread-1] INFO  server.RaftServerConfigKeys (ConfUtils.java:logGet(43)) - raft.server.log.force.sync.num = 128 (default)
2019-09-26 10:06:22,694 [pool-507-thread-1] INFO  server.RaftServerConfigKeys (ConfUtils.java:logGet(43)) - raft.server.log.statemachine.data.sync = true (default)
2019-09-26 10:06:22,694 [pool-507-thread-1] INFO  server.RaftServerConfigKeys (ConfUtils.java:logGet(43)) - raft.server.log.statemachine.data.sync.timeout = 10s (default)
2019-09-26 10:06:22,694 [pool-507-thread-1] INFO  server.RaftServerConfigKeys (ConfUtils.java:logGet(43)) - raft.server.log.statemachine.data.sync.timeout.retry = -1 (default)
2019-09-26 10:06:22,694 [pool-507-thread-1] INFO  server.RaftServerConfigKeys (ConfUtils.java:logGet(43)) - raft.server.log.statemachine.data.caching.enabled = true (custom)
2019-09-26 10:06:22,695 [pool-507-thread-1] INFO  segmented.SegmentedRaftLogWorker (SegmentedRaftLogWorker.java:lambda$new$0(132)) - 3fdc1795-13a2-484d-a1b3-617bb4b52936@group-5A9F0C104790-SegmentedRaftLogWorker: flushIndex: setUnconditionally 0 -> -1
2019-09-26 10:06:22,695 [pool-507-thread-1] INFO  server.RaftServerConfigKeys (ConfUtils.java:logGet(43)) - raft.server.snapshot.auto.trigger.enabled = true (custom)
2019-09-26 10:06:22,695 [pool-507-thread-1] INFO  server.RaftServerConfigKeys (ConfUtils.java:logGet(43)) - raft.server.snapshot.auto.trigger.threshold = 10000 (custom)
2019-09-26 10:06:22,696 [pool-507-thread-1] INFO  server.RaftServerConfigKeys (ConfUtils.java:logGet(43)) - raft.server.snapshot.retention.num.files = 5 (custom)
2019-09-26 10:06:22,696 [pool-507-thread-1] INFO  server.RaftServerConfigKeys (ConfUtils.java:logGet(43)) - raft.server.retrycache.expirytime = 600000ms (custom)
2019-09-26 10:06:22,698 [pool-507-thread-1] INFO  impl.RaftServerImpl (RaftServerImpl.java:start(185)) - 3fdc1795-13a2-484d-a1b3-617bb4b52936@group-5A9F0C104790: start as a follower, conf=-1: [3fdc1795-13a2-484d-a1b3-617bb4b52936:192.168.30.13:38491], old=null
2019-09-26 10:06:22,698 [pool-507-thread-1] INFO  impl.RaftServerImpl (RaftServerImpl.java:setRole(174)) - 3fdc1795-13a2-484d-a1b3-617bb4b52936@group-5A9F0C104790: changes role from      null to FOLLOWER at term 0 for startAsFollower
2019-09-26 10:06:22,698 [pool-507-thread-1] INFO  impl.RoleInfo (RoleInfo.java:updateAndGet(143)) - 3fdc1795-13a2-484d-a1b3-617bb4b52936: start FollowerState
2019-09-26 10:06:22,699 [pool-507-thread-1] INFO  util.JmxRegister (JmxRegister.java:tryRegister(44)) - Successfully registered JMX Bean with object name Ratis:service=RaftServer,group=group-5A9F0C104790,id=3fdc1795-13a2-484d-a1b3-617bb4b52936
2019-09-26 10:06:22,702 [RatisPipelineUtilsThread] INFO  pipeline.PipelineStateManager (PipelineStateManager.java:addPipeline(56)) - Created pipeline Pipeline[ Id: 4439a273-abaa-4f29-acb8-5a9f0c104790, Nodes: 3fdc1795-13a2-484d-a1b3-617bb4b52936{ip: 192.168.30.13, host: pr-hdds-1569-wvzgm-824869521, networkLocation: /default-rack, certSerialId: null}, Type:RATIS, Factor:ONE, State:OPEN]
2019-09-26 10:06:22,702 [RatisPipelineUtilsThread] INFO  pipeline.PipelinePlacementPolicy (PipelinePlacementPolicy.java:meetCriteria(91)) - Pipeline Placement: can't place more pipeline on heavy datanode： 13165a8c-4572-43f4-b795-0eb0b3a8cfdc Heaviness: 6 limit: 5
2019-09-26 10:06:22,703 [RatisPipelineUtilsThread] INFO  pipeline.PipelinePlacementPolicy (PipelinePlacementPolicy.java:meetCriteria(91)) - Pipeline Placement: can't place more pipeline on heavy datanode： 3fdc1795-13a2-484d-a1b3-617bb4b52936 Heaviness: 6 limit: 5
2019-09-26 10:06:22,713 [grpc-default-executor-1] INFO  impl.RaftServerProxy (RaftServerProxy.java:addNew(89)) - 4994e2c1-9eac-430d-be8a-cb30a727a84e: addNew group-235DADF8ECB8:[4994e2c1-9eac-430d-be8a-cb30a727a84e:192.168.30.13:35200] returns group-235DADF8ECB8:java.util.concurrent.CompletableFuture@36429f49[Not completed]
2019-09-26 10:06:22,714 [pool-537-thread-1] INFO  impl.RaftServerImpl (RaftServerImpl.java:<init>(95)) - 4994e2c1-9eac-430d-be8a-cb30a727a84e: new RaftServerImpl for group-235DADF8ECB8:[4994e2c1-9eac-430d-be8a-cb30a727a84e:192.168.30.13:35200] with ContainerStateMachine:uninitialized
2019-09-26 10:06:22,714 [pool-537-thread-1] INFO  server.RaftServerConfigKeys (ConfUtils.java:logGet(43)) - raft.server.rpc.timeout.min = 5s (custom)
2019-09-26 10:06:22,714 [pool-537-thread-1] INFO  server.RaftServerConfigKeys (ConfUtils.java:logGet(43)) - raft.server.rpc.timeout.max = 5200ms (custom)
2019-09-26 10:06:22,714 [pool-537-thread-1] INFO  server.RaftServerConfigKeys (ConfUtils.java:logGet(43)) - raft.server.rpcslowness.timeout = 120s (custom)
2019-09-26 10:06:22,714 [pool-537-thread-1] INFO  server.RaftServerConfigKeys (ConfUtils.java:logGet(43)) - raft.server.sleep.deviation.threshold = 300 (default)
2019-09-26 10:06:22,714 [pool-537-thread-1] INFO  server.RaftServerConfigKeys (ConfUtils.java:logGet(43)) - raft.server.log.appender.install.snapshot.enabled = false (custom)
2019-09-26 10:06:22,714 [pool-537-thread-1] INFO  impl.RaftServerImpl (ServerState.java:<init>(103)) - 4994e2c1-9eac-430d-be8a-cb30a727a84e@group-235DADF8ECB8: ConfigurationManager, init=-1: [4994e2c1-9eac-430d-be8a-cb30a727a84e:192.168.30.13:35200], old=null, confs=<EMPTY_MAP>
2019-09-26 10:06:22,714 [pool-537-thread-1] INFO  server.RaftServerConfigKeys (ConfUtils.java:logGet(43)) - raft.server.storage.dir = [/workdir/hadoop-ozone/integration-test/target/test-dir/MiniOzoneClusterImpl-0a4d6173-89d3-45ab-a960-64e25af93069/datanode-4/data/ratis] (custom)
2019-09-26 10:06:22,715 [pool-537-thread-1] INFO  storage.RaftStorageDirectory (RaftStorageDirectory.java:analyzeStorage(246)) - The storage directory /workdir/hadoop-ozone/integration-test/target/test-dir/MiniOzoneClusterImpl-0a4d6173-89d3-45ab-a960-64e25af93069/datanode-4/data/ratis/6efc2d48-5ed2-40dc-b3a8-235dadf8ecb8 does not exist. Creating ...
2019-09-26 10:06:22,727 [pool-537-thread-1] INFO  storage.RaftStorageDirectory (RaftStorageDirectory.java:tryLock(328)) - Lock on /workdir/hadoop-ozone/integration-test/target/test-dir/MiniOzoneClusterImpl-0a4d6173-89d3-45ab-a960-64e25af93069/datanode-4/data/ratis/6efc2d48-5ed2-40dc-b3a8-235dadf8ecb8/in_use.lock acquired by nodename 19604@pr-hdds-1569-wvzgm-824869521
2019-09-26 10:06:22,740 [pool-537-thread-1] INFO  storage.RaftStorage (RaftStorage.java:format(72)) - Storage directory /workdir/hadoop-ozone/integration-test/target/test-dir/MiniOzoneClusterImpl-0a4d6173-89d3-45ab-a960-64e25af93069/datanode-4/data/ratis/6efc2d48-5ed2-40dc-b3a8-235dadf8ecb8 has been successfully formatted.
2019-09-26 10:06:22,740 [pool-537-thread-1] INFO  ratis.ContainerStateMachine (ContainerStateMachine.java:loadSnapshot(230)) - group-235DADF8ECB8: The snapshot info is null. Setting the last applied indexto:(t:0, i:~)
2019-09-26 10:06:22,740 [pool-537-thread-1] INFO  server.RaftServerConfigKeys (ConfUtils.java:logGet(43)) - raft.server.notification.no-leader.timeout = 120s (custom)
2019-09-26 10:06:22,740 [pool-537-thread-1] INFO  server.RaftServerConfigKeys (ConfUtils.java:logGet(43)) - raft.server.log.use.memory = false (default)
2019-09-26 10:06:22,740 [pool-537-thread-1] INFO  server.RaftServerConfigKeys (ConfUtils.java:logGet(43)) - raft.server.log.purge.gap = 1000000 (custom)
2019-09-26 10:06:22,740 [pool-537-thread-1] INFO  server.RaftServerConfigKeys (ConfUtils.java:logGet(43)) - raft.server.log.appender.buffer.byte-limit = 33554432 (custom)
2019-09-26 10:06:22,740 [pool-537-thread-1] INFO  server.RaftServerConfigKeys (ConfUtils.java:logGet(43)) - raft.server.log.segment.size.max = 1048576 (custom)
2019-09-26 10:06:22,740 [pool-537-thread-1] INFO  server.RaftServerConfigKeys (ConfUtils.java:logGet(43)) - raft.server.log.segment.cache.num.max = 2 (custom)
2019-09-26 10:06:22,740 [pool-537-thread-1] INFO  segmented.SegmentedRaftLogWorker (SegmentedRaftLogWorker.java:<init>(172)) - new 4994e2c1-9eac-430d-be8a-cb30a727a84e@group-235DADF8ECB8-SegmentedRaftLogWorker for RaftStorage:Storage Directory /workdir/hadoop-ozone/integration-test/target/test-dir/MiniOzoneClusterImpl-0a4d6173-89d3-45ab-a960-64e25af93069/datanode-4/data/ratis/6efc2d48-5ed2-40dc-b3a8-235dadf8ecb8
2019-09-26 10:06:22,742 [pool-537-thread-1] INFO  server.RaftServerConfigKeys (ConfUtils.java:logGet(43)) - raft.server.log.queue.byte-limit = 2147483647 (custom)
2019-09-26 10:06:22,742 [pool-537-thread-1] INFO  server.RaftServerConfigKeys (ConfUtils.java:logGet(43)) - raft.server.log.queue.element-limit = 1024 (custom)
2019-09-26 10:06:22,742 [pool-537-thread-1] INFO  server.RaftServerConfigKeys (ConfUtils.java:logGet(43)) - raft.server.log.segment.size.max = 1048576 (custom)
2019-09-26 10:06:22,742 [pool-537-thread-1] INFO  server.RaftServerConfigKeys (ConfUtils.java:logGet(43)) - raft.server.log.preallocated.size = 16384 (custom)
2019-09-26 10:06:22,742 [pool-537-thread-1] INFO  server.RaftServerConfigKeys (ConfUtils.java:logGet(43)) - raft.server.log.write.buffer.size = 33554432 (custom)
2019-09-26 10:06:22,742 [pool-537-thread-1] INFO  server.RaftServerConfigKeys (ConfUtils.java:logGet(43)) - raft.server.log.force.sync.num = 128 (default)
2019-09-26 10:06:22,742 [pool-537-thread-1] INFO  server.RaftServerConfigKeys (ConfUtils.java:logGet(43)) - raft.server.log.statemachine.data.sync = true (default)
2019-09-26 10:06:22,742 [pool-537-thread-1] INFO  server.RaftServerConfigKeys (ConfUtils.java:logGet(43)) - raft.server.log.statemachine.data.sync.timeout = 10s (default)
2019-09-26 10:06:22,742 [pool-537-thread-1] INFO  server.RaftServerConfigKeys (ConfUtils.java:logGet(43)) - raft.server.log.statemachine.data.sync.timeout.retry = -1 (default)
2019-09-26 10:06:22,742 [pool-537-thread-1] INFO  server.RaftServerConfigKeys (ConfUtils.java:logGet(43)) - raft.server.log.statemachine.data.caching.enabled = true (custom)
2019-09-26 10:06:22,743 [pool-537-thread-1] INFO  segmented.SegmentedRaftLogWorker (SegmentedRaftLogWorker.java:lambda$new$0(132)) - 4994e2c1-9eac-430d-be8a-cb30a727a84e@group-235DADF8ECB8-SegmentedRaftLogWorker: flushIndex: setUnconditionally 0 -> -1
2019-09-26 10:06:22,743 [pool-537-thread-1] INFO  server.RaftServerConfigKeys (ConfUtils.java:logGet(43)) - raft.server.snapshot.auto.trigger.enabled = true (custom)
2019-09-26 10:06:22,743 [pool-537-thread-1] INFO  server.RaftServerConfigKeys (ConfUtils.java:logGet(43)) - raft.server.snapshot.auto.trigger.threshold = 10000 (custom)
2019-09-26 10:06:22,743 [pool-537-thread-1] INFO  server.RaftServerConfigKeys (ConfUtils.java:logGet(43)) - raft.server.snapshot.retention.num.files = 5 (custom)
2019-09-26 10:06:22,743 [pool-537-thread-1] INFO  server.RaftServerConfigKeys (ConfUtils.java:logGet(43)) - raft.server.retrycache.expirytime = 600000ms (custom)
2019-09-26 10:06:22,744 [pool-537-thread-1] INFO  impl.RaftServerImpl (RaftServerImpl.java:start(185)) - 4994e2c1-9eac-430d-be8a-cb30a727a84e@group-235DADF8ECB8: start as a follower, conf=-1: [4994e2c1-9eac-430d-be8a-cb30a727a84e:192.168.30.13:35200], old=null
2019-09-26 10:06:22,745 [pool-537-thread-1] INFO  impl.RaftServerImpl (RaftServerImpl.java:setRole(174)) - 4994e2c1-9eac-430d-be8a-cb30a727a84e@group-235DADF8ECB8: changes role from      null to FOLLOWER at term 0 for startAsFollower
2019-09-26 10:06:22,745 [pool-537-thread-1] INFO  impl.RoleInfo (RoleInfo.java:updateAndGet(143)) - 4994e2c1-9eac-430d-be8a-cb30a727a84e: start FollowerState
2019-09-26 10:06:22,745 [pool-537-thread-1] INFO  util.JmxRegister (JmxRegister.java:tryRegister(44)) - Successfully registered JMX Bean with object name Ratis:service=RaftServer,group=group-235DADF8ECB8,id=4994e2c1-9eac-430d-be8a-cb30a727a84e
2019-09-26 10:06:22,747 [RatisPipelineUtilsThread] INFO  pipeline.PipelineStateManager (PipelineStateManager.java:addPipeline(56)) - Created pipeline Pipeline[ Id: 6efc2d48-5ed2-40dc-b3a8-235dadf8ecb8, Nodes: 4994e2c1-9eac-430d-be8a-cb30a727a84e{ip: 192.168.30.13, host: pr-hdds-1569-wvzgm-824869521, networkLocation: /default-rack, certSerialId: null}, Type:RATIS, Factor:ONE, State:OPEN]
2019-09-26 10:06:22,747 [RatisPipelineUtilsThread] INFO  pipeline.PipelinePlacementPolicy (PipelinePlacementPolicy.java:meetCriteria(91)) - Pipeline Placement: can't place more pipeline on heavy datanode： 13165a8c-4572-43f4-b795-0eb0b3a8cfdc Heaviness: 6 limit: 5
2019-09-26 10:06:22,747 [RatisPipelineUtilsThread] INFO  pipeline.PipelinePlacementPolicy (PipelinePlacementPolicy.java:meetCriteria(91)) - Pipeline Placement: can't place more pipeline on heavy datanode： 3fdc1795-13a2-484d-a1b3-617bb4b52936 Heaviness: 6 limit: 5
2019-09-26 10:06:22,756 [grpc-default-executor-1] INFO  impl.RaftServerProxy (RaftServerProxy.java:addNew(89)) - 445ae746-534e-4611-8a14-965c0672a28b: addNew group-F9CF476A663B:[445ae746-534e-4611-8a14-965c0672a28b:192.168.30.13:35533] returns group-F9CF476A663B:java.util.concurrent.CompletableFuture@2202941c[Not completed]
2019-09-26 10:06:22,757 [pool-557-thread-1] INFO  impl.RaftServerImpl (RaftServerImpl.java:<init>(95)) - 445ae746-534e-4611-8a14-965c0672a28b: new RaftServerImpl for group-F9CF476A663B:[445ae746-534e-4611-8a14-965c0672a28b:192.168.30.13:35533] with ContainerStateMachine:uninitialized
2019-09-26 10:06:22,757 [pool-557-thread-1] INFO  server.RaftServerConfigKeys (ConfUtils.java:logGet(43)) - raft.server.rpc.timeout.min = 5s (custom)
2019-09-26 10:06:22,757 [pool-557-thread-1] INFO  server.RaftServerConfigKeys (ConfUtils.java:logGet(43)) - raft.server.rpc.timeout.max = 5200ms (custom)
2019-09-26 10:06:22,757 [pool-557-thread-1] INFO  server.RaftServerConfigKeys (ConfUtils.java:logGet(43)) - raft.server.rpcslowness.timeout = 120s (custom)
2019-09-26 10:06:22,757 [pool-557-thread-1] INFO  server.RaftServerConfigKeys (ConfUtils.java:logGet(43)) - raft.server.sleep.deviation.threshold = 300 (default)
2019-09-26 10:06:22,757 [pool-557-thread-1] INFO  server.RaftServerConfigKeys (ConfUtils.java:logGet(43)) - raft.server.log.appender.install.snapshot.enabled = false (custom)
2019-09-26 10:06:22,758 [pool-557-thread-1] INFO  impl.RaftServerImpl (ServerState.java:<init>(103)) - 445ae746-534e-4611-8a14-965c0672a28b@group-F9CF476A663B: ConfigurationManager, init=-1: [445ae746-534e-4611-8a14-965c0672a28b:192.168.30.13:35533], old=null, confs=<EMPTY_MAP>
2019-09-26 10:06:22,758 [pool-557-thread-1] INFO  server.RaftServerConfigKeys (ConfUtils.java:logGet(43)) - raft.server.storage.dir = [/workdir/hadoop-ozone/integration-test/target/test-dir/MiniOzoneClusterImpl-0a4d6173-89d3-45ab-a960-64e25af93069/datanode-6/data/ratis] (custom)
2019-09-26 10:06:22,758 [pool-557-thread-1] INFO  storage.RaftStorageDirectory (RaftStorageDirectory.java:analyzeStorage(246)) - The storage directory /workdir/hadoop-ozone/integration-test/target/test-dir/MiniOzoneClusterImpl-0a4d6173-89d3-45ab-a960-64e25af93069/datanode-6/data/ratis/29baa857-25d3-43cd-8031-f9cf476a663b does not exist. Creating ...
2019-09-26 10:06:22,778 [pool-557-thread-1] INFO  storage.RaftStorageDirectory (RaftStorageDirectory.java:tryLock(328)) - Lock on /workdir/hadoop-ozone/integration-test/target/test-dir/MiniOzoneClusterImpl-0a4d6173-89d3-45ab-a960-64e25af93069/datanode-6/data/ratis/29baa857-25d3-43cd-8031-f9cf476a663b/in_use.lock acquired by nodename 19604@pr-hdds-1569-wvzgm-824869521
2019-09-26 10:06:22,791 [pool-557-thread-1] INFO  storage.RaftStorage (RaftStorage.java:format(72)) - Storage directory /workdir/hadoop-ozone/integration-test/target/test-dir/MiniOzoneClusterImpl-0a4d6173-89d3-45ab-a960-64e25af93069/datanode-6/data/ratis/29baa857-25d3-43cd-8031-f9cf476a663b has been successfully formatted.
2019-09-26 10:06:22,791 [pool-557-thread-1] INFO  ratis.ContainerStateMachine (ContainerStateMachine.java:loadSnapshot(230)) - group-F9CF476A663B: The snapshot info is null. Setting the last applied indexto:(t:0, i:~)
2019-09-26 10:06:22,792 [pool-557-thread-1] INFO  server.RaftServerConfigKeys (ConfUtils.java:logGet(43)) - raft.server.notification.no-leader.timeout = 120s (custom)
2019-09-26 10:06:22,792 [pool-557-thread-1] INFO  server.RaftServerConfigKeys (ConfUtils.java:logGet(43)) - raft.server.log.use.memory = false (default)
2019-09-26 10:06:22,792 [pool-557-thread-1] INFO  server.RaftServerConfigKeys (ConfUtils.java:logGet(43)) - raft.server.log.purge.gap = 1000000 (custom)
2019-09-26 10:06:22,792 [pool-557-thread-1] INFO  server.RaftServerConfigKeys (ConfUtils.java:logGet(43)) - raft.server.log.appender.buffer.byte-limit = 33554432 (custom)
2019-09-26 10:06:22,792 [pool-557-thread-1] INFO  server.RaftServerConfigKeys (ConfUtils.java:logGet(43)) - raft.server.log.segment.size.max = 1048576 (custom)
2019-09-26 10:06:22,792 [pool-557-thread-1] INFO  server.RaftServerConfigKeys (ConfUtils.java:logGet(43)) - raft.server.log.segment.cache.num.max = 2 (custom)
2019-09-26 10:06:22,793 [pool-557-thread-1] INFO  segmented.SegmentedRaftLogWorker (SegmentedRaftLogWorker.java:<init>(172)) - new 445ae746-534e-4611-8a14-965c0672a28b@group-F9CF476A663B-SegmentedRaftLogWorker for RaftStorage:Storage Directory /workdir/hadoop-ozone/integration-test/target/test-dir/MiniOzoneClusterImpl-0a4d6173-89d3-45ab-a960-64e25af93069/datanode-6/data/ratis/29baa857-25d3-43cd-8031-f9cf476a663b
2019-09-26 10:06:22,794 [pool-557-thread-1] INFO  server.RaftServerConfigKeys (ConfUtils.java:logGet(43)) - raft.server.log.queue.byte-limit = 2147483647 (custom)
2019-09-26 10:06:22,795 [pool-557-thread-1] INFO  server.RaftServerConfigKeys (ConfUtils.java:logGet(43)) - raft.server.log.queue.element-limit = 1024 (custom)
2019-09-26 10:06:22,795 [pool-557-thread-1] INFO  server.RaftServerConfigKeys (ConfUtils.java:logGet(43)) - raft.server.log.segment.size.max = 1048576 (custom)
2019-09-26 10:06:22,795 [pool-557-thread-1] INFO  server.RaftServerConfigKeys (ConfUtils.java:logGet(43)) - raft.server.log.preallocated.size = 16384 (custom)
2019-09-26 10:06:22,795 [pool-557-thread-1] INFO  server.RaftServerConfigKeys (ConfUtils.java:logGet(43)) - raft.server.log.write.buffer.size = 33554432 (custom)
2019-09-26 10:06:22,795 [pool-557-thread-1] INFO  server.RaftServerConfigKeys (ConfUtils.java:logGet(43)) - raft.server.log.force.sync.num = 128 (default)
2019-09-26 10:06:22,795 [pool-557-thread-1] INFO  server.RaftServerConfigKeys (ConfUtils.java:logGet(43)) - raft.server.log.statemachine.data.sync = true (default)
2019-09-26 10:06:22,796 [pool-557-thread-1] INFO  server.RaftServerConfigKeys (ConfUtils.java:logGet(43)) - raft.server.log.statemachine.data.sync.timeout = 10s (default)
2019-09-26 10:06:22,796 [pool-557-thread-1] INFO  server.RaftServerConfigKeys (ConfUtils.java:logGet(43)) - raft.server.log.statemachine.data.sync.timeout.retry = -1 (default)
2019-09-26 10:06:22,796 [pool-557-thread-1] INFO  server.RaftServerConfigKeys (ConfUtils.java:logGet(43)) - raft.server.log.statemachine.data.caching.enabled = true (custom)
2019-09-26 10:06:22,796 [pool-557-thread-1] INFO  segmented.SegmentedRaftLogWorker (SegmentedRaftLogWorker.java:lambda$new$0(132)) - 445ae746-534e-4611-8a14-965c0672a28b@group-F9CF476A663B-SegmentedRaftLogWorker: flushIndex: setUnconditionally 0 -> -1
2019-09-26 10:06:22,797 [pool-557-thread-1] INFO  server.RaftServerConfigKeys (ConfUtils.java:logGet(43)) - raft.server.snapshot.auto.trigger.enabled = true (custom)
2019-09-26 10:06:22,797 [pool-557-thread-1] INFO  server.RaftServerConfigKeys (ConfUtils.java:logGet(43)) - raft.server.snapshot.auto.trigger.threshold = 10000 (custom)
2019-09-26 10:06:22,797 [pool-557-thread-1] INFO  server.RaftServerConfigKeys (ConfUtils.java:logGet(43)) - raft.server.snapshot.retention.num.files = 5 (custom)
2019-09-26 10:06:22,797 [pool-557-thread-1] INFO  server.RaftServerConfigKeys (ConfUtils.java:logGet(43)) - raft.server.retrycache.expirytime = 600000ms (custom)
2019-09-26 10:06:22,799 [pool-557-thread-1] INFO  impl.RaftServerImpl (RaftServerImpl.java:start(185)) - 445ae746-534e-4611-8a14-965c0672a28b@group-F9CF476A663B: start as a follower, conf=-1: [445ae746-534e-4611-8a14-965c0672a28b:192.168.30.13:35533], old=null
2019-09-26 10:06:22,800 [pool-557-thread-1] INFO  impl.RaftServerImpl (RaftServerImpl.java:setRole(174)) - 445ae746-534e-4611-8a14-965c0672a28b@group-F9CF476A663B: changes role from      null to FOLLOWER at term 0 for startAsFollower
2019-09-26 10:06:22,800 [pool-557-thread-1] INFO  impl.RoleInfo (RoleInfo.java:updateAndGet(143)) - 445ae746-534e-4611-8a14-965c0672a28b: start FollowerState
2019-09-26 10:06:22,800 [pool-557-thread-1] INFO  util.JmxRegister (JmxRegister.java:tryRegister(44)) - Successfully registered JMX Bean with object name Ratis:service=RaftServer,group=group-F9CF476A663B,id=445ae746-534e-4611-8a14-965c0672a28b
2019-09-26 10:06:22,802 [RatisPipelineUtilsThread] INFO  pipeline.PipelineStateManager (PipelineStateManager.java:addPipeline(56)) - Created pipeline Pipeline[ Id: 29baa857-25d3-43cd-8031-f9cf476a663b, Nodes: 445ae746-534e-4611-8a14-965c0672a28b{ip: 192.168.30.13, host: pr-hdds-1569-wvzgm-824869521, networkLocation: /default-rack, certSerialId: null}, Type:RATIS, Factor:ONE, State:OPEN]
2019-09-26 10:06:22,803 [RatisPipelineUtilsThread] INFO  pipeline.PipelinePlacementPolicy (PipelinePlacementPolicy.java:meetCriteria(91)) - Pipeline Placement: can't place more pipeline on heavy datanode： 13165a8c-4572-43f4-b795-0eb0b3a8cfdc Heaviness: 6 limit: 5
2019-09-26 10:06:22,803 [RatisPipelineUtilsThread] INFO  pipeline.PipelinePlacementPolicy (PipelinePlacementPolicy.java:meetCriteria(91)) - Pipeline Placement: can't place more pipeline on heavy datanode： 3fdc1795-13a2-484d-a1b3-617bb4b52936 Heaviness: 6 limit: 5
2019-09-26 10:06:22,806 [grpc-default-executor-1] INFO  impl.RaftServerProxy (RaftServerProxy.java:addNew(89)) - af49d7a1-7bac-4fb8-a68b-38a7dab2a9f5: addNew group-1C9B28F1F628:[af49d7a1-7bac-4fb8-a68b-38a7dab2a9f5:192.168.30.13:41624] returns group-1C9B28F1F628:java.util.concurrent.CompletableFuture@462f6bc8[Not completed]
2019-09-26 10:06:22,807 [pool-517-thread-1] INFO  impl.RaftServerImpl (RaftServerImpl.java:<init>(95)) - af49d7a1-7bac-4fb8-a68b-38a7dab2a9f5: new RaftServerImpl for group-1C9B28F1F628:[af49d7a1-7bac-4fb8-a68b-38a7dab2a9f5:192.168.30.13:41624] with ContainerStateMachine:uninitialized
2019-09-26 10:06:22,808 [pool-517-thread-1] INFO  server.RaftServerConfigKeys (ConfUtils.java:logGet(43)) - raft.server.rpc.timeout.min = 5s (custom)
2019-09-26 10:06:22,808 [pool-517-thread-1] INFO  server.RaftServerConfigKeys (ConfUtils.java:logGet(43)) - raft.server.rpc.timeout.max = 5200ms (custom)
2019-09-26 10:06:22,808 [pool-517-thread-1] INFO  server.RaftServerConfigKeys (ConfUtils.java:logGet(43)) - raft.server.rpcslowness.timeout = 120s (custom)
2019-09-26 10:06:22,808 [pool-517-thread-1] INFO  server.RaftServerConfigKeys (ConfUtils.java:logGet(43)) - raft.server.sleep.deviation.threshold = 300 (default)
2019-09-26 10:06:22,808 [pool-517-thread-1] INFO  server.RaftServerConfigKeys (ConfUtils.java:logGet(43)) - raft.server.log.appender.install.snapshot.enabled = false (custom)
2019-09-26 10:06:22,808 [pool-517-thread-1] INFO  impl.RaftServerImpl (ServerState.java:<init>(103)) - af49d7a1-7bac-4fb8-a68b-38a7dab2a9f5@group-1C9B28F1F628: ConfigurationManager, init=-1: [af49d7a1-7bac-4fb8-a68b-38a7dab2a9f5:192.168.30.13:41624], old=null, confs=<EMPTY_MAP>
2019-09-26 10:06:22,808 [pool-517-thread-1] INFO  server.RaftServerConfigKeys (ConfUtils.java:logGet(43)) - raft.server.storage.dir = [/workdir/hadoop-ozone/integration-test/target/test-dir/MiniOzoneClusterImpl-0a4d6173-89d3-45ab-a960-64e25af93069/datanode-2/data/ratis] (custom)
2019-09-26 10:06:22,809 [pool-517-thread-1] INFO  storage.RaftStorageDirectory (RaftStorageDirectory.java:analyzeStorage(246)) - The storage directory /workdir/hadoop-ozone/integration-test/target/test-dir/MiniOzoneClusterImpl-0a4d6173-89d3-45ab-a960-64e25af93069/datanode-2/data/ratis/e44c9983-7824-41ef-a4ae-1c9b28f1f628 does not exist. Creating ...
2019-09-26 10:06:22,821 [pool-517-thread-1] INFO  storage.RaftStorageDirectory (RaftStorageDirectory.java:tryLock(328)) - Lock on /workdir/hadoop-ozone/integration-test/target/test-dir/MiniOzoneClusterImpl-0a4d6173-89d3-45ab-a960-64e25af93069/datanode-2/data/ratis/e44c9983-7824-41ef-a4ae-1c9b28f1f628/in_use.lock acquired by nodename 19604@pr-hdds-1569-wvzgm-824869521
2019-09-26 10:06:22,834 [pool-517-thread-1] INFO  storage.RaftStorage (RaftStorage.java:format(72)) - Storage directory /workdir/hadoop-ozone/integration-test/target/test-dir/MiniOzoneClusterImpl-0a4d6173-89d3-45ab-a960-64e25af93069/datanode-2/data/ratis/e44c9983-7824-41ef-a4ae-1c9b28f1f628 has been successfully formatted.
2019-09-26 10:06:22,834 [pool-517-thread-1] INFO  ratis.ContainerStateMachine (ContainerStateMachine.java:loadSnapshot(230)) - group-1C9B28F1F628: The snapshot info is null. Setting the last applied indexto:(t:0, i:~)
2019-09-26 10:06:22,834 [pool-517-thread-1] INFO  server.RaftServerConfigKeys (ConfUtils.java:logGet(43)) - raft.server.notification.no-leader.timeout = 120s (custom)
2019-09-26 10:06:22,834 [pool-517-thread-1] INFO  server.RaftServerConfigKeys (ConfUtils.java:logGet(43)) - raft.server.log.use.memory = false (default)
2019-09-26 10:06:22,834 [pool-517-thread-1] INFO  server.RaftServerConfigKeys (ConfUtils.java:logGet(43)) - raft.server.log.purge.gap = 1000000 (custom)
2019-09-26 10:06:22,834 [pool-517-thread-1] INFO  server.RaftServerConfigKeys (ConfUtils.java:logGet(43)) - raft.server.log.appender.buffer.byte-limit = 33554432 (custom)
2019-09-26 10:06:22,835 [pool-517-thread-1] INFO  server.RaftServerConfigKeys (ConfUtils.java:logGet(43)) - raft.server.log.segment.size.max = 1048576 (custom)
2019-09-26 10:06:22,835 [pool-517-thread-1] INFO  server.RaftServerConfigKeys (ConfUtils.java:logGet(43)) - raft.server.log.segment.cache.num.max = 2 (custom)
2019-09-26 10:06:22,835 [pool-517-thread-1] INFO  segmented.SegmentedRaftLogWorker (SegmentedRaftLogWorker.java:<init>(172)) - new af49d7a1-7bac-4fb8-a68b-38a7dab2a9f5@group-1C9B28F1F628-SegmentedRaftLogWorker for RaftStorage:Storage Directory /workdir/hadoop-ozone/integration-test/target/test-dir/MiniOzoneClusterImpl-0a4d6173-89d3-45ab-a960-64e25af93069/datanode-2/data/ratis/e44c9983-7824-41ef-a4ae-1c9b28f1f628
2019-09-26 10:06:22,835 [pool-517-thread-1] INFO  server.RaftServerConfigKeys (ConfUtils.java:logGet(43)) - raft.server.log.queue.byte-limit = 2147483647 (custom)
2019-09-26 10:06:22,835 [pool-517-thread-1] INFO  server.RaftServerConfigKeys (ConfUtils.java:logGet(43)) - raft.server.log.queue.element-limit = 1024 (custom)
2019-09-26 10:06:22,835 [pool-517-thread-1] INFO  server.RaftServerConfigKeys (ConfUtils.java:logGet(43)) - raft.server.log.segment.size.max = 1048576 (custom)
2019-09-26 10:06:22,835 [pool-517-thread-1] INFO  server.RaftServerConfigKeys (ConfUtils.java:logGet(43)) - raft.server.log.preallocated.size = 16384 (custom)
2019-09-26 10:06:22,836 [pool-517-thread-1] INFO  server.RaftServerConfigKeys (ConfUtils.java:logGet(43)) - raft.server.log.write.buffer.size = 33554432 (custom)
2019-09-26 10:06:22,836 [pool-517-thread-1] INFO  server.RaftServerConfigKeys (ConfUtils.java:logGet(43)) - raft.server.log.force.sync.num = 128 (default)
2019-09-26 10:06:22,836 [pool-517-thread-1] INFO  server.RaftServerConfigKeys (ConfUtils.java:logGet(43)) - raft.server.log.statemachine.data.sync = true (default)
2019-09-26 10:06:22,836 [pool-517-thread-1] INFO  server.RaftServerConfigKeys (ConfUtils.java:logGet(43)) - raft.server.log.statemachine.data.sync.timeout = 10s (default)
2019-09-26 10:06:22,836 [pool-517-thread-1] INFO  server.RaftServerConfigKeys (ConfUtils.java:logGet(43)) - raft.server.log.statemachine.data.sync.timeout.retry = -1 (default)
2019-09-26 10:06:22,836 [pool-517-thread-1] INFO  server.RaftServerConfigKeys (ConfUtils.java:logGet(43)) - raft.server.log.statemachine.data.caching.enabled = true (custom)
2019-09-26 10:06:22,837 [pool-517-thread-1] INFO  segmented.SegmentedRaftLogWorker (SegmentedRaftLogWorker.java:lambda$new$0(132)) - af49d7a1-7bac-4fb8-a68b-38a7dab2a9f5@group-1C9B28F1F628-SegmentedRaftLogWorker: flushIndex: setUnconditionally 0 -> -1
2019-09-26 10:06:22,837 [pool-517-thread-1] INFO  server.RaftServerConfigKeys (ConfUtils.java:logGet(43)) - raft.server.snapshot.auto.trigger.enabled = true (custom)
2019-09-26 10:06:22,837 [pool-517-thread-1] INFO  server.RaftServerConfigKeys (ConfUtils.java:logGet(43)) - raft.server.snapshot.auto.trigger.threshold = 10000 (custom)
2019-09-26 10:06:22,837 [pool-517-thread-1] INFO  server.RaftServerConfigKeys (ConfUtils.java:logGet(43)) - raft.server.snapshot.retention.num.files = 5 (custom)
2019-09-26 10:06:22,837 [pool-517-thread-1] INFO  server.RaftServerConfigKeys (ConfUtils.java:logGet(43)) - raft.server.retrycache.expirytime = 600000ms (custom)
2019-09-26 10:06:22,839 [pool-517-thread-1] INFO  impl.RaftServerImpl (RaftServerImpl.java:start(185)) - af49d7a1-7bac-4fb8-a68b-38a7dab2a9f5@group-1C9B28F1F628: start as a follower, conf=-1: [af49d7a1-7bac-4fb8-a68b-38a7dab2a9f5:192.168.30.13:41624], old=null
2019-09-26 10:06:22,839 [pool-517-thread-1] INFO  impl.RaftServerImpl (RaftServerImpl.java:setRole(174)) - af49d7a1-7bac-4fb8-a68b-38a7dab2a9f5@group-1C9B28F1F628: changes role from      null to FOLLOWER at term 0 for startAsFollower
2019-09-26 10:06:22,839 [pool-517-thread-1] INFO  impl.RoleInfo (RoleInfo.java:updateAndGet(143)) - af49d7a1-7bac-4fb8-a68b-38a7dab2a9f5: start FollowerState
2019-09-26 10:06:22,839 [pool-517-thread-1] INFO  util.JmxRegister (JmxRegister.java:tryRegister(44)) - Successfully registered JMX Bean with object name Ratis:service=RaftServer,group=group-1C9B28F1F628,id=af49d7a1-7bac-4fb8-a68b-38a7dab2a9f5
2019-09-26 10:06:22,841 [RatisPipelineUtilsThread] INFO  pipeline.PipelineStateManager (PipelineStateManager.java:addPipeline(56)) - Created pipeline Pipeline[ Id: e44c9983-7824-41ef-a4ae-1c9b28f1f628, Nodes: af49d7a1-7bac-4fb8-a68b-38a7dab2a9f5{ip: 192.168.30.13, host: pr-hdds-1569-wvzgm-824869521, networkLocation: /default-rack, certSerialId: null}, Type:RATIS, Factor:ONE, State:OPEN]
2019-09-26 10:06:22,841 [RatisPipelineUtilsThread] INFO  pipeline.PipelinePlacementPolicy (PipelinePlacementPolicy.java:meetCriteria(91)) - Pipeline Placement: can't place more pipeline on heavy datanode： 13165a8c-4572-43f4-b795-0eb0b3a8cfdc Heaviness: 6 limit: 5
2019-09-26 10:06:22,842 [RatisPipelineUtilsThread] INFO  pipeline.PipelinePlacementPolicy (PipelinePlacementPolicy.java:meetCriteria(91)) - Pipeline Placement: can't place more pipeline on heavy datanode： 3fdc1795-13a2-484d-a1b3-617bb4b52936 Heaviness: 6 limit: 5
2019-09-26 10:06:22,845 [grpc-default-executor-1] INFO  impl.RaftServerProxy (RaftServerProxy.java:addNew(89)) - af49d7a1-7bac-4fb8-a68b-38a7dab2a9f5: addNew group-5AB571B74D1D:[af49d7a1-7bac-4fb8-a68b-38a7dab2a9f5:192.168.30.13:41624] returns group-5AB571B74D1D:java.util.concurrent.CompletableFuture@4770e644[Not completed]
2019-09-26 10:06:22,846 [pool-517-thread-1] INFO  impl.RaftServerImpl (RaftServerImpl.java:<init>(95)) - af49d7a1-7bac-4fb8-a68b-38a7dab2a9f5: new RaftServerImpl for group-5AB571B74D1D:[af49d7a1-7bac-4fb8-a68b-38a7dab2a9f5:192.168.30.13:41624] with ContainerStateMachine:uninitialized
2019-09-26 10:06:22,846 [pool-517-thread-1] INFO  server.RaftServerConfigKeys (ConfUtils.java:logGet(43)) - raft.server.rpc.timeout.min = 5s (custom)
2019-09-26 10:06:22,846 [pool-517-thread-1] INFO  server.RaftServerConfigKeys (ConfUtils.java:logGet(43)) - raft.server.rpc.timeout.max = 5200ms (custom)
2019-09-26 10:06:22,846 [pool-517-thread-1] INFO  server.RaftServerConfigKeys (ConfUtils.java:logGet(43)) - raft.server.rpcslowness.timeout = 120s (custom)
2019-09-26 10:06:22,846 [pool-517-thread-1] INFO  server.RaftServerConfigKeys (ConfUtils.java:logGet(43)) - raft.server.sleep.deviation.threshold = 300 (default)
2019-09-26 10:06:22,846 [pool-517-thread-1] INFO  server.RaftServerConfigKeys (ConfUtils.java:logGet(43)) - raft.server.log.appender.install.snapshot.enabled = false (custom)
2019-09-26 10:06:22,846 [pool-517-thread-1] INFO  impl.RaftServerImpl (ServerState.java:<init>(103)) - af49d7a1-7bac-4fb8-a68b-38a7dab2a9f5@group-5AB571B74D1D: ConfigurationManager, init=-1: [af49d7a1-7bac-4fb8-a68b-38a7dab2a9f5:192.168.30.13:41624], old=null, confs=<EMPTY_MAP>
2019-09-26 10:06:22,846 [pool-517-thread-1] INFO  server.RaftServerConfigKeys (ConfUtils.java:logGet(43)) - raft.server.storage.dir = [/workdir/hadoop-ozone/integration-test/target/test-dir/MiniOzoneClusterImpl-0a4d6173-89d3-45ab-a960-64e25af93069/datanode-2/data/ratis] (custom)
2019-09-26 10:06:22,847 [pool-517-thread-1] INFO  storage.RaftStorageDirectory (RaftStorageDirectory.java:analyzeStorage(246)) - The storage directory /workdir/hadoop-ozone/integration-test/target/test-dir/MiniOzoneClusterImpl-0a4d6173-89d3-45ab-a960-64e25af93069/datanode-2/data/ratis/4406c8b0-13b0-4170-88c6-5ab571b74d1d does not exist. Creating ...
2019-09-26 10:06:22,868 [pool-517-thread-1] INFO  storage.RaftStorageDirectory (RaftStorageDirectory.java:tryLock(328)) - Lock on /workdir/hadoop-ozone/integration-test/target/test-dir/MiniOzoneClusterImpl-0a4d6173-89d3-45ab-a960-64e25af93069/datanode-2/data/ratis/4406c8b0-13b0-4170-88c6-5ab571b74d1d/in_use.lock acquired by nodename 19604@pr-hdds-1569-wvzgm-824869521
2019-09-26 10:06:22,882 [pool-517-thread-1] INFO  storage.RaftStorage (RaftStorage.java:format(72)) - Storage directory /workdir/hadoop-ozone/integration-test/target/test-dir/MiniOzoneClusterImpl-0a4d6173-89d3-45ab-a960-64e25af93069/datanode-2/data/ratis/4406c8b0-13b0-4170-88c6-5ab571b74d1d has been successfully formatted.
2019-09-26 10:06:22,882 [pool-517-thread-1] INFO  ratis.ContainerStateMachine (ContainerStateMachine.java:loadSnapshot(230)) - group-5AB571B74D1D: The snapshot info is null. Setting the last applied indexto:(t:0, i:~)
2019-09-26 10:06:22,882 [pool-517-thread-1] INFO  server.RaftServerConfigKeys (ConfUtils.java:logGet(43)) - raft.server.notification.no-leader.timeout = 120s (custom)
2019-09-26 10:06:22,882 [pool-517-thread-1] INFO  server.RaftServerConfigKeys (ConfUtils.java:logGet(43)) - raft.server.log.use.memory = false (default)
2019-09-26 10:06:22,883 [pool-517-thread-1] INFO  server.RaftServerConfigKeys (ConfUtils.java:logGet(43)) - raft.server.log.purge.gap = 1000000 (custom)
2019-09-26 10:06:22,883 [pool-517-thread-1] INFO  server.RaftServerConfigKeys (ConfUtils.java:logGet(43)) - raft.server.log.appender.buffer.byte-limit = 33554432 (custom)
2019-09-26 10:06:22,883 [pool-517-thread-1] INFO  server.RaftServerConfigKeys (ConfUtils.java:logGet(43)) - raft.server.log.segment.size.max = 1048576 (custom)
2019-09-26 10:06:22,883 [pool-517-thread-1] INFO  server.RaftServerConfigKeys (ConfUtils.java:logGet(43)) - raft.server.log.segment.cache.num.max = 2 (custom)
2019-09-26 10:06:22,883 [pool-517-thread-1] INFO  segmented.SegmentedRaftLogWorker (SegmentedRaftLogWorker.java:<init>(172)) - new af49d7a1-7bac-4fb8-a68b-38a7dab2a9f5@group-5AB571B74D1D-SegmentedRaftLogWorker for RaftStorage:Storage Directory /workdir/hadoop-ozone/integration-test/target/test-dir/MiniOzoneClusterImpl-0a4d6173-89d3-45ab-a960-64e25af93069/datanode-2/data/ratis/4406c8b0-13b0-4170-88c6-5ab571b74d1d
2019-09-26 10:06:22,883 [pool-517-thread-1] INFO  server.RaftServerConfigKeys (ConfUtils.java:logGet(43)) - raft.server.log.queue.byte-limit = 2147483647 (custom)
2019-09-26 10:06:22,884 [pool-517-thread-1] INFO  server.RaftServerConfigKeys (ConfUtils.java:logGet(43)) - raft.server.log.queue.element-limit = 1024 (custom)
2019-09-26 10:06:22,884 [pool-517-thread-1] INFO  server.RaftServerConfigKeys (ConfUtils.java:logGet(43)) - raft.server.log.segment.size.max = 1048576 (custom)
2019-09-26 10:06:22,884 [pool-517-thread-1] INFO  server.RaftServerConfigKeys (ConfUtils.java:logGet(43)) - raft.server.log.preallocated.size = 16384 (custom)
2019-09-26 10:06:22,884 [pool-517-thread-1] INFO  server.RaftServerConfigKeys (ConfUtils.java:logGet(43)) - raft.server.log.write.buffer.size = 33554432 (custom)
2019-09-26 10:06:22,884 [pool-517-thread-1] INFO  server.RaftServerConfigKeys (ConfUtils.java:logGet(43)) - raft.server.log.force.sync.num = 128 (default)
2019-09-26 10:06:22,884 [pool-517-thread-1] INFO  server.RaftServerConfigKeys (ConfUtils.java:logGet(43)) - raft.server.log.statemachine.data.sync = true (default)
2019-09-26 10:06:22,885 [pool-517-thread-1] INFO  server.RaftServerConfigKeys (ConfUtils.java:logGet(43)) - raft.server.log.statemachine.data.sync.timeout = 10s (default)
2019-09-26 10:06:22,885 [pool-517-thread-1] INFO  server.RaftServerConfigKeys (ConfUtils.java:logGet(43)) - raft.server.log.statemachine.data.sync.timeout.retry = -1 (default)
2019-09-26 10:06:22,885 [pool-517-thread-1] INFO  server.RaftServerConfigKeys (ConfUtils.java:logGet(43)) - raft.server.log.statemachine.data.caching.enabled = true (custom)
2019-09-26 10:06:22,885 [pool-517-thread-1] INFO  segmented.SegmentedRaftLogWorker (SegmentedRaftLogWorker.java:lambda$new$0(132)) - af49d7a1-7bac-4fb8-a68b-38a7dab2a9f5@group-5AB571B74D1D-SegmentedRaftLogWorker: flushIndex: setUnconditionally 0 -> -1
2019-09-26 10:06:22,886 [pool-517-thread-1] INFO  server.RaftServerConfigKeys (ConfUtils.java:logGet(43)) - raft.server.snapshot.auto.trigger.enabled = true (custom)
2019-09-26 10:06:22,886 [pool-517-thread-1] INFO  server.RaftServerConfigKeys (ConfUtils.java:logGet(43)) - raft.server.snapshot.auto.trigger.threshold = 10000 (custom)
2019-09-26 10:06:22,886 [pool-517-thread-1] INFO  server.RaftServerConfigKeys (ConfUtils.java:logGet(43)) - raft.server.snapshot.retention.num.files = 5 (custom)
2019-09-26 10:06:22,886 [pool-517-thread-1] INFO  server.RaftServerConfigKeys (ConfUtils.java:logGet(43)) - raft.server.retrycache.expirytime = 600000ms (custom)
2019-09-26 10:06:22,888 [pool-517-thread-1] INFO  impl.RaftServerImpl (RaftServerImpl.java:start(185)) - af49d7a1-7bac-4fb8-a68b-38a7dab2a9f5@group-5AB571B74D1D: start as a follower, conf=-1: [af49d7a1-7bac-4fb8-a68b-38a7dab2a9f5:192.168.30.13:41624], old=null
2019-09-26 10:06:22,888 [pool-517-thread-1] INFO  impl.RaftServerImpl (RaftServerImpl.java:setRole(174)) - af49d7a1-7bac-4fb8-a68b-38a7dab2a9f5@group-5AB571B74D1D: changes role from      null to FOLLOWER at term 0 for startAsFollower
2019-09-26 10:06:22,888 [pool-517-thread-1] INFO  impl.RoleInfo (RoleInfo.java:updateAndGet(143)) - af49d7a1-7bac-4fb8-a68b-38a7dab2a9f5: start FollowerState
2019-09-26 10:06:22,888 [pool-517-thread-1] INFO  util.JmxRegister (JmxRegister.java:tryRegister(44)) - Successfully registered JMX Bean with object name Ratis:service=RaftServer,group=group-5AB571B74D1D,id=af49d7a1-7bac-4fb8-a68b-38a7dab2a9f5
2019-09-26 10:06:22,890 [RatisPipelineUtilsThread] INFO  pipeline.PipelineStateManager (PipelineStateManager.java:addPipeline(56)) - Created pipeline Pipeline[ Id: 4406c8b0-13b0-4170-88c6-5ab571b74d1d, Nodes: af49d7a1-7bac-4fb8-a68b-38a7dab2a9f5{ip: 192.168.30.13, host: pr-hdds-1569-wvzgm-824869521, networkLocation: /default-rack, certSerialId: null}, Type:RATIS, Factor:ONE, State:OPEN]
2019-09-26 10:06:22,891 [RatisPipelineUtilsThread] INFO  pipeline.PipelinePlacementPolicy (PipelinePlacementPolicy.java:meetCriteria(91)) - Pipeline Placement: can't place more pipeline on heavy datanode： 13165a8c-4572-43f4-b795-0eb0b3a8cfdc Heaviness: 6 limit: 5
2019-09-26 10:06:22,891 [RatisPipelineUtilsThread] INFO  pipeline.PipelinePlacementPolicy (PipelinePlacementPolicy.java:meetCriteria(91)) - Pipeline Placement: can't place more pipeline on heavy datanode： 3fdc1795-13a2-484d-a1b3-617bb4b52936 Heaviness: 6 limit: 5
2019-09-26 10:06:22,894 [grpc-default-executor-1] INFO  impl.RaftServerProxy (RaftServerProxy.java:addNew(89)) - af49d7a1-7bac-4fb8-a68b-38a7dab2a9f5: addNew group-DE5EFA8461BE:[af49d7a1-7bac-4fb8-a68b-38a7dab2a9f5:192.168.30.13:41624] returns group-DE5EFA8461BE:java.util.concurrent.CompletableFuture@3d9dad6e[Not completed]
2019-09-26 10:06:22,895 [pool-517-thread-1] INFO  impl.RaftServerImpl (RaftServerImpl.java:<init>(95)) - af49d7a1-7bac-4fb8-a68b-38a7dab2a9f5: new RaftServerImpl for group-DE5EFA8461BE:[af49d7a1-7bac-4fb8-a68b-38a7dab2a9f5:192.168.30.13:41624] with ContainerStateMachine:uninitialized
2019-09-26 10:06:22,895 [pool-517-thread-1] INFO  server.RaftServerConfigKeys (ConfUtils.java:logGet(43)) - raft.server.rpc.timeout.min = 5s (custom)
2019-09-26 10:06:22,895 [pool-517-thread-1] INFO  server.RaftServerConfigKeys (ConfUtils.java:logGet(43)) - raft.server.rpc.timeout.max = 5200ms (custom)
2019-09-26 10:06:22,896 [pool-517-thread-1] INFO  server.RaftServerConfigKeys (ConfUtils.java:logGet(43)) - raft.server.rpcslowness.timeout = 120s (custom)
2019-09-26 10:06:22,896 [pool-517-thread-1] INFO  server.RaftServerConfigKeys (ConfUtils.java:logGet(43)) - raft.server.sleep.deviation.threshold = 300 (default)
2019-09-26 10:06:22,896 [pool-517-thread-1] INFO  server.RaftServerConfigKeys (ConfUtils.java:logGet(43)) - raft.server.log.appender.install.snapshot.enabled = false (custom)
2019-09-26 10:06:22,896 [pool-517-thread-1] INFO  impl.RaftServerImpl (ServerState.java:<init>(103)) - af49d7a1-7bac-4fb8-a68b-38a7dab2a9f5@group-DE5EFA8461BE: ConfigurationManager, init=-1: [af49d7a1-7bac-4fb8-a68b-38a7dab2a9f5:192.168.30.13:41624], old=null, confs=<EMPTY_MAP>
2019-09-26 10:06:22,896 [pool-517-thread-1] INFO  server.RaftServerConfigKeys (ConfUtils.java:logGet(43)) - raft.server.storage.dir = [/workdir/hadoop-ozone/integration-test/target/test-dir/MiniOzoneClusterImpl-0a4d6173-89d3-45ab-a960-64e25af93069/datanode-2/data/ratis] (custom)
2019-09-26 10:06:22,896 [pool-517-thread-1] INFO  storage.RaftStorageDirectory (RaftStorageDirectory.java:analyzeStorage(246)) - The storage directory /workdir/hadoop-ozone/integration-test/target/test-dir/MiniOzoneClusterImpl-0a4d6173-89d3-45ab-a960-64e25af93069/datanode-2/data/ratis/1adbdf0a-dff5-40de-bd29-de5efa8461be does not exist. Creating ...
2019-09-26 10:06:22,910 [pool-517-thread-1] INFO  storage.RaftStorageDirectory (RaftStorageDirectory.java:tryLock(328)) - Lock on /workdir/hadoop-ozone/integration-test/target/test-dir/MiniOzoneClusterImpl-0a4d6173-89d3-45ab-a960-64e25af93069/datanode-2/data/ratis/1adbdf0a-dff5-40de-bd29-de5efa8461be/in_use.lock acquired by nodename 19604@pr-hdds-1569-wvzgm-824869521
2019-09-26 10:06:22,923 [pool-517-thread-1] INFO  storage.RaftStorage (RaftStorage.java:format(72)) - Storage directory /workdir/hadoop-ozone/integration-test/target/test-dir/MiniOzoneClusterImpl-0a4d6173-89d3-45ab-a960-64e25af93069/datanode-2/data/ratis/1adbdf0a-dff5-40de-bd29-de5efa8461be has been successfully formatted.
2019-09-26 10:06:22,923 [pool-517-thread-1] INFO  ratis.ContainerStateMachine (ContainerStateMachine.java:loadSnapshot(230)) - group-DE5EFA8461BE: The snapshot info is null. Setting the last applied indexto:(t:0, i:~)
2019-09-26 10:06:22,923 [pool-517-thread-1] INFO  server.RaftServerConfigKeys (ConfUtils.java:logGet(43)) - raft.server.notification.no-leader.timeout = 120s (custom)
2019-09-26 10:06:22,924 [pool-517-thread-1] INFO  server.RaftServerConfigKeys (ConfUtils.java:logGet(43)) - raft.server.log.use.memory = false (default)
2019-09-26 10:06:22,924 [pool-517-thread-1] INFO  server.RaftServerConfigKeys (ConfUtils.java:logGet(43)) - raft.server.log.purge.gap = 1000000 (custom)
2019-09-26 10:06:22,924 [pool-517-thread-1] INFO  server.RaftServerConfigKeys (ConfUtils.java:logGet(43)) - raft.server.log.appender.buffer.byte-limit = 33554432 (custom)
2019-09-26 10:06:22,924 [pool-517-thread-1] INFO  server.RaftServerConfigKeys (ConfUtils.java:logGet(43)) - raft.server.log.segment.size.max = 1048576 (custom)
2019-09-26 10:06:22,924 [pool-517-thread-1] INFO  server.RaftServerConfigKeys (ConfUtils.java:logGet(43)) - raft.server.log.segment.cache.num.max = 2 (custom)
2019-09-26 10:06:22,924 [pool-517-thread-1] INFO  segmented.SegmentedRaftLogWorker (SegmentedRaftLogWorker.java:<init>(172)) - new af49d7a1-7bac-4fb8-a68b-38a7dab2a9f5@group-DE5EFA8461BE-SegmentedRaftLogWorker for RaftStorage:Storage Directory /workdir/hadoop-ozone/integration-test/target/test-dir/MiniOzoneClusterImpl-0a4d6173-89d3-45ab-a960-64e25af93069/datanode-2/data/ratis/1adbdf0a-dff5-40de-bd29-de5efa8461be
2019-09-26 10:06:22,924 [pool-517-thread-1] INFO  server.RaftServerConfigKeys (ConfUtils.java:logGet(43)) - raft.server.log.queue.byte-limit = 2147483647 (custom)
2019-09-26 10:06:22,925 [pool-517-thread-1] INFO  server.RaftServerConfigKeys (ConfUtils.java:logGet(43)) - raft.server.log.queue.element-limit = 1024 (custom)
2019-09-26 10:06:22,925 [pool-517-thread-1] INFO  server.RaftServerConfigKeys (ConfUtils.java:logGet(43)) - raft.server.log.segment.size.max = 1048576 (custom)
2019-09-26 10:06:22,925 [pool-517-thread-1] INFO  server.RaftServerConfigKeys (ConfUtils.java:logGet(43)) - raft.server.log.preallocated.size = 16384 (custom)
2019-09-26 10:06:22,925 [pool-517-thread-1] INFO  server.RaftServerConfigKeys (ConfUtils.java:logGet(43)) - raft.server.log.write.buffer.size = 33554432 (custom)
2019-09-26 10:06:22,925 [pool-517-thread-1] INFO  server.RaftServerConfigKeys (ConfUtils.java:logGet(43)) - raft.server.log.force.sync.num = 128 (default)
2019-09-26 10:06:22,925 [pool-517-thread-1] INFO  server.RaftServerConfigKeys (ConfUtils.java:logGet(43)) - raft.server.log.statemachine.data.sync = true (default)
2019-09-26 10:06:22,925 [pool-517-thread-1] INFO  server.RaftServerConfigKeys (ConfUtils.java:logGet(43)) - raft.server.log.statemachine.data.sync.timeout = 10s (default)
2019-09-26 10:06:22,926 [pool-517-thread-1] INFO  server.RaftServerConfigKeys (ConfUtils.java:logGet(43)) - raft.server.log.statemachine.data.sync.timeout.retry = -1 (default)
2019-09-26 10:06:22,926 [pool-517-thread-1] INFO  server.RaftServerConfigKeys (ConfUtils.java:logGet(43)) - raft.server.log.statemachine.data.caching.enabled = true (custom)
2019-09-26 10:06:22,926 [pool-517-thread-1] INFO  segmented.SegmentedRaftLogWorker (SegmentedRaftLogWorker.java:lambda$new$0(132)) - af49d7a1-7bac-4fb8-a68b-38a7dab2a9f5@group-DE5EFA8461BE-SegmentedRaftLogWorker: flushIndex: setUnconditionally 0 -> -1
2019-09-26 10:06:22,926 [pool-517-thread-1] INFO  server.RaftServerConfigKeys (ConfUtils.java:logGet(43)) - raft.server.snapshot.auto.trigger.enabled = true (custom)
2019-09-26 10:06:22,926 [pool-517-thread-1] INFO  server.RaftServerConfigKeys (ConfUtils.java:logGet(43)) - raft.server.snapshot.auto.trigger.threshold = 10000 (custom)
2019-09-26 10:06:22,927 [pool-517-thread-1] INFO  server.RaftServerConfigKeys (ConfUtils.java:logGet(43)) - raft.server.snapshot.retention.num.files = 5 (custom)
2019-09-26 10:06:22,927 [pool-517-thread-1] INFO  server.RaftServerConfigKeys (ConfUtils.java:logGet(43)) - raft.server.retrycache.expirytime = 600000ms (custom)
2019-09-26 10:06:22,929 [pool-517-thread-1] INFO  impl.RaftServerImpl (RaftServerImpl.java:start(185)) - af49d7a1-7bac-4fb8-a68b-38a7dab2a9f5@group-DE5EFA8461BE: start as a follower, conf=-1: [af49d7a1-7bac-4fb8-a68b-38a7dab2a9f5:192.168.30.13:41624], old=null
2019-09-26 10:06:22,929 [pool-517-thread-1] INFO  impl.RaftServerImpl (RaftServerImpl.java:setRole(174)) - af49d7a1-7bac-4fb8-a68b-38a7dab2a9f5@group-DE5EFA8461BE: changes role from      null to FOLLOWER at term 0 for startAsFollower
2019-09-26 10:06:22,929 [pool-517-thread-1] INFO  impl.RoleInfo (RoleInfo.java:updateAndGet(143)) - af49d7a1-7bac-4fb8-a68b-38a7dab2a9f5: start FollowerState
2019-09-26 10:06:22,929 [pool-517-thread-1] INFO  util.JmxRegister (JmxRegister.java:tryRegister(44)) - Successfully registered JMX Bean with object name Ratis:service=RaftServer,group=group-DE5EFA8461BE,id=af49d7a1-7bac-4fb8-a68b-38a7dab2a9f5
2019-09-26 10:06:22,931 [RatisPipelineUtilsThread] INFO  pipeline.PipelineStateManager (PipelineStateManager.java:addPipeline(56)) - Created pipeline Pipeline[ Id: 1adbdf0a-dff5-40de-bd29-de5efa8461be, Nodes: af49d7a1-7bac-4fb8-a68b-38a7dab2a9f5{ip: 192.168.30.13, host: pr-hdds-1569-wvzgm-824869521, networkLocation: /default-rack, certSerialId: null}, Type:RATIS, Factor:ONE, State:OPEN]
2019-09-26 10:06:22,932 [RatisPipelineUtilsThread] INFO  pipeline.PipelinePlacementPolicy (PipelinePlacementPolicy.java:meetCriteria(91)) - Pipeline Placement: can't place more pipeline on heavy datanode： af49d7a1-7bac-4fb8-a68b-38a7dab2a9f5 Heaviness: 6 limit: 5
2019-09-26 10:06:22,932 [RatisPipelineUtilsThread] INFO  pipeline.PipelinePlacementPolicy (PipelinePlacementPolicy.java:meetCriteria(91)) - Pipeline Placement: can't place more pipeline on heavy datanode： 13165a8c-4572-43f4-b795-0eb0b3a8cfdc Heaviness: 6 limit: 5
2019-09-26 10:06:22,932 [RatisPipelineUtilsThread] INFO  pipeline.PipelinePlacementPolicy (PipelinePlacementPolicy.java:meetCriteria(91)) - Pipeline Placement: can't place more pipeline on heavy datanode： 3fdc1795-13a2-484d-a1b3-617bb4b52936 Heaviness: 6 limit: 5
2019-09-26 10:06:22,935 [grpc-default-executor-1] INFO  impl.RaftServerProxy (RaftServerProxy.java:addNew(89)) - 70c8131f-7846-4be9-9772-9c08fe1e82d9: addNew group-E80900959E82:[70c8131f-7846-4be9-9772-9c08fe1e82d9:192.168.30.13:43476] returns group-E80900959E82:java.util.concurrent.CompletableFuture@22392eb9[Not completed]
2019-09-26 10:06:22,937 [pool-527-thread-1] INFO  impl.RaftServerImpl (RaftServerImpl.java:<init>(95)) - 70c8131f-7846-4be9-9772-9c08fe1e82d9: new RaftServerImpl for group-E80900959E82:[70c8131f-7846-4be9-9772-9c08fe1e82d9:192.168.30.13:43476] with ContainerStateMachine:uninitialized
2019-09-26 10:06:22,937 [pool-527-thread-1] INFO  server.RaftServerConfigKeys (ConfUtils.java:logGet(43)) - raft.server.rpc.timeout.min = 5s (custom)
2019-09-26 10:06:22,937 [pool-527-thread-1] INFO  server.RaftServerConfigKeys (ConfUtils.java:logGet(43)) - raft.server.rpc.timeout.max = 5200ms (custom)
2019-09-26 10:06:22,937 [pool-527-thread-1] INFO  server.RaftServerConfigKeys (ConfUtils.java:logGet(43)) - raft.server.rpcslowness.timeout = 120s (custom)
2019-09-26 10:06:22,937 [pool-527-thread-1] INFO  server.RaftServerConfigKeys (ConfUtils.java:logGet(43)) - raft.server.sleep.deviation.threshold = 300 (default)
2019-09-26 10:06:22,937 [pool-527-thread-1] INFO  server.RaftServerConfigKeys (ConfUtils.java:logGet(43)) - raft.server.log.appender.install.snapshot.enabled = false (custom)
2019-09-26 10:06:22,938 [pool-527-thread-1] INFO  impl.RaftServerImpl (ServerState.java:<init>(103)) - 70c8131f-7846-4be9-9772-9c08fe1e82d9@group-E80900959E82: ConfigurationManager, init=-1: [70c8131f-7846-4be9-9772-9c08fe1e82d9:192.168.30.13:43476], old=null, confs=<EMPTY_MAP>
2019-09-26 10:06:22,938 [pool-527-thread-1] INFO  server.RaftServerConfigKeys (ConfUtils.java:logGet(43)) - raft.server.storage.dir = [/workdir/hadoop-ozone/integration-test/target/test-dir/MiniOzoneClusterImpl-0a4d6173-89d3-45ab-a960-64e25af93069/datanode-3/data/ratis] (custom)
2019-09-26 10:06:22,938 [pool-527-thread-1] INFO  storage.RaftStorageDirectory (RaftStorageDirectory.java:analyzeStorage(246)) - The storage directory /workdir/hadoop-ozone/integration-test/target/test-dir/MiniOzoneClusterImpl-0a4d6173-89d3-45ab-a960-64e25af93069/datanode-3/data/ratis/37eb1504-a776-459f-9caa-e80900959e82 does not exist. Creating ...
2019-09-26 10:06:22,951 [pool-527-thread-1] INFO  storage.RaftStorageDirectory (RaftStorageDirectory.java:tryLock(328)) - Lock on /workdir/hadoop-ozone/integration-test/target/test-dir/MiniOzoneClusterImpl-0a4d6173-89d3-45ab-a960-64e25af93069/datanode-3/data/ratis/37eb1504-a776-459f-9caa-e80900959e82/in_use.lock acquired by nodename 19604@pr-hdds-1569-wvzgm-824869521
2019-09-26 10:06:22,963 [pool-527-thread-1] INFO  storage.RaftStorage (RaftStorage.java:format(72)) - Storage directory /workdir/hadoop-ozone/integration-test/target/test-dir/MiniOzoneClusterImpl-0a4d6173-89d3-45ab-a960-64e25af93069/datanode-3/data/ratis/37eb1504-a776-459f-9caa-e80900959e82 has been successfully formatted.
2019-09-26 10:06:22,963 [pool-527-thread-1] INFO  ratis.ContainerStateMachine (ContainerStateMachine.java:loadSnapshot(230)) - group-E80900959E82: The snapshot info is null. Setting the last applied indexto:(t:0, i:~)
2019-09-26 10:06:22,964 [pool-527-thread-1] INFO  server.RaftServerConfigKeys (ConfUtils.java:logGet(43)) - raft.server.notification.no-leader.timeout = 120s (custom)
2019-09-26 10:06:22,964 [pool-527-thread-1] INFO  server.RaftServerConfigKeys (ConfUtils.java:logGet(43)) - raft.server.log.use.memory = false (default)
2019-09-26 10:06:22,964 [pool-527-thread-1] INFO  server.RaftServerConfigKeys (ConfUtils.java:logGet(43)) - raft.server.log.purge.gap = 1000000 (custom)
2019-09-26 10:06:22,964 [pool-527-thread-1] INFO  server.RaftServerConfigKeys (ConfUtils.java:logGet(43)) - raft.server.log.appender.buffer.byte-limit = 33554432 (custom)
2019-09-26 10:06:22,964 [pool-527-thread-1] INFO  server.RaftServerConfigKeys (ConfUtils.java:logGet(43)) - raft.server.log.segment.size.max = 1048576 (custom)
2019-09-26 10:06:22,964 [pool-527-thread-1] INFO  server.RaftServerConfigKeys (ConfUtils.java:logGet(43)) - raft.server.log.segment.cache.num.max = 2 (custom)
2019-09-26 10:06:22,964 [pool-527-thread-1] INFO  segmented.SegmentedRaftLogWorker (SegmentedRaftLogWorker.java:<init>(172)) - new 70c8131f-7846-4be9-9772-9c08fe1e82d9@group-E80900959E82-SegmentedRaftLogWorker for RaftStorage:Storage Directory /workdir/hadoop-ozone/integration-test/target/test-dir/MiniOzoneClusterImpl-0a4d6173-89d3-45ab-a960-64e25af93069/datanode-3/data/ratis/37eb1504-a776-459f-9caa-e80900959e82
2019-09-26 10:06:22,966 [pool-527-thread-1] INFO  server.RaftServerConfigKeys (ConfUtils.java:logGet(43)) - raft.server.log.queue.byte-limit = 2147483647 (custom)
2019-09-26 10:06:22,966 [pool-527-thread-1] INFO  server.RaftServerConfigKeys (ConfUtils.java:logGet(43)) - raft.server.log.queue.element-limit = 1024 (custom)
2019-09-26 10:06:22,966 [pool-527-thread-1] INFO  server.RaftServerConfigKeys (ConfUtils.java:logGet(43)) - raft.server.log.segment.size.max = 1048576 (custom)
2019-09-26 10:06:22,966 [pool-527-thread-1] INFO  server.RaftServerConfigKeys (ConfUtils.java:logGet(43)) - raft.server.log.preallocated.size = 16384 (custom)
2019-09-26 10:06:22,966 [pool-527-thread-1] INFO  server.RaftServerConfigKeys (ConfUtils.java:logGet(43)) - raft.server.log.write.buffer.size = 33554432 (custom)
2019-09-26 10:06:22,967 [pool-527-thread-1] INFO  server.RaftServerConfigKeys (ConfUtils.java:logGet(43)) - raft.server.log.force.sync.num = 128 (default)
2019-09-26 10:06:22,967 [pool-527-thread-1] INFO  server.RaftServerConfigKeys (ConfUtils.java:logGet(43)) - raft.server.log.statemachine.data.sync = true (default)
2019-09-26 10:06:22,967 [pool-527-thread-1] INFO  server.RaftServerConfigKeys (ConfUtils.java:logGet(43)) - raft.server.log.statemachine.data.sync.timeout = 10s (default)
2019-09-26 10:06:22,967 [pool-527-thread-1] INFO  server.RaftServerConfigKeys (ConfUtils.java:logGet(43)) - raft.server.log.statemachine.data.sync.timeout.retry = -1 (default)
2019-09-26 10:06:22,967 [pool-527-thread-1] INFO  server.RaftServerConfigKeys (ConfUtils.java:logGet(43)) - raft.server.log.statemachine.data.caching.enabled = true (custom)
2019-09-26 10:06:22,967 [pool-527-thread-1] INFO  segmented.SegmentedRaftLogWorker (SegmentedRaftLogWorker.java:lambda$new$0(132)) - 70c8131f-7846-4be9-9772-9c08fe1e82d9@group-E80900959E82-SegmentedRaftLogWorker: flushIndex: setUnconditionally 0 -> -1
2019-09-26 10:06:22,968 [pool-527-thread-1] INFO  server.RaftServerConfigKeys (ConfUtils.java:logGet(43)) - raft.server.snapshot.auto.trigger.enabled = true (custom)
2019-09-26 10:06:22,968 [pool-527-thread-1] INFO  server.RaftServerConfigKeys (ConfUtils.java:logGet(43)) - raft.server.snapshot.auto.trigger.threshold = 10000 (custom)
2019-09-26 10:06:22,968 [pool-527-thread-1] INFO  server.RaftServerConfigKeys (ConfUtils.java:logGet(43)) - raft.server.snapshot.retention.num.files = 5 (custom)
2019-09-26 10:06:22,968 [pool-527-thread-1] INFO  server.RaftServerConfigKeys (ConfUtils.java:logGet(43)) - raft.server.retrycache.expirytime = 600000ms (custom)
2019-09-26 10:06:22,970 [pool-527-thread-1] INFO  impl.RaftServerImpl (RaftServerImpl.java:start(185)) - 70c8131f-7846-4be9-9772-9c08fe1e82d9@group-E80900959E82: start as a follower, conf=-1: [70c8131f-7846-4be9-9772-9c08fe1e82d9:192.168.30.13:43476], old=null
2019-09-26 10:06:22,970 [pool-527-thread-1] INFO  impl.RaftServerImpl (RaftServerImpl.java:setRole(174)) - 70c8131f-7846-4be9-9772-9c08fe1e82d9@group-E80900959E82: changes role from      null to FOLLOWER at term 0 for startAsFollower
2019-09-26 10:06:22,970 [pool-527-thread-1] INFO  impl.RoleInfo (RoleInfo.java:updateAndGet(143)) - 70c8131f-7846-4be9-9772-9c08fe1e82d9: start FollowerState
2019-09-26 10:06:22,970 [pool-527-thread-1] INFO  util.JmxRegister (JmxRegister.java:tryRegister(44)) - Successfully registered JMX Bean with object name Ratis:service=RaftServer,group=group-E80900959E82,id=70c8131f-7846-4be9-9772-9c08fe1e82d9
2019-09-26 10:06:22,972 [RatisPipelineUtilsThread] INFO  pipeline.PipelineStateManager (PipelineStateManager.java:addPipeline(56)) - Created pipeline Pipeline[ Id: 37eb1504-a776-459f-9caa-e80900959e82, Nodes: 70c8131f-7846-4be9-9772-9c08fe1e82d9{ip: 192.168.30.13, host: pr-hdds-1569-wvzgm-824869521, networkLocation: /default-rack, certSerialId: null}, Type:RATIS, Factor:ONE, State:OPEN]
2019-09-26 10:06:22,973 [RatisPipelineUtilsThread] INFO  pipeline.PipelinePlacementPolicy (PipelinePlacementPolicy.java:meetCriteria(91)) - Pipeline Placement: can't place more pipeline on heavy datanode： af49d7a1-7bac-4fb8-a68b-38a7dab2a9f5 Heaviness: 6 limit: 5
2019-09-26 10:06:22,973 [RatisPipelineUtilsThread] INFO  pipeline.PipelinePlacementPolicy (PipelinePlacementPolicy.java:meetCriteria(91)) - Pipeline Placement: can't place more pipeline on heavy datanode： 13165a8c-4572-43f4-b795-0eb0b3a8cfdc Heaviness: 6 limit: 5
2019-09-26 10:06:22,973 [RatisPipelineUtilsThread] INFO  pipeline.PipelinePlacementPolicy (PipelinePlacementPolicy.java:meetCriteria(91)) - Pipeline Placement: can't place more pipeline on heavy datanode： 3fdc1795-13a2-484d-a1b3-617bb4b52936 Heaviness: 6 limit: 5
2019-09-26 10:06:22,976 [grpc-default-executor-1] INFO  impl.RaftServerProxy (RaftServerProxy.java:addNew(89)) - 70c8131f-7846-4be9-9772-9c08fe1e82d9: addNew group-E12C186AEF17:[70c8131f-7846-4be9-9772-9c08fe1e82d9:192.168.30.13:43476] returns group-E12C186AEF17:java.util.concurrent.CompletableFuture@53e0c9f5[Not completed]
2019-09-26 10:06:22,977 [pool-527-thread-1] INFO  impl.RaftServerImpl (RaftServerImpl.java:<init>(95)) - 70c8131f-7846-4be9-9772-9c08fe1e82d9: new RaftServerImpl for group-E12C186AEF17:[70c8131f-7846-4be9-9772-9c08fe1e82d9:192.168.30.13:43476] with ContainerStateMachine:uninitialized
2019-09-26 10:06:22,977 [pool-527-thread-1] INFO  server.RaftServerConfigKeys (ConfUtils.java:logGet(43)) - raft.server.rpc.timeout.min = 5s (custom)
2019-09-26 10:06:22,977 [pool-527-thread-1] INFO  server.RaftServerConfigKeys (ConfUtils.java:logGet(43)) - raft.server.rpc.timeout.max = 5200ms (custom)
2019-09-26 10:06:22,978 [pool-527-thread-1] INFO  server.RaftServerConfigKeys (ConfUtils.java:logGet(43)) - raft.server.rpcslowness.timeout = 120s (custom)
2019-09-26 10:06:22,978 [pool-527-thread-1] INFO  server.RaftServerConfigKeys (ConfUtils.java:logGet(43)) - raft.server.sleep.deviation.threshold = 300 (default)
2019-09-26 10:06:22,978 [pool-527-thread-1] INFO  server.RaftServerConfigKeys (ConfUtils.java:logGet(43)) - raft.server.log.appender.install.snapshot.enabled = false (custom)
2019-09-26 10:06:22,978 [pool-527-thread-1] INFO  impl.RaftServerImpl (ServerState.java:<init>(103)) - 70c8131f-7846-4be9-9772-9c08fe1e82d9@group-E12C186AEF17: ConfigurationManager, init=-1: [70c8131f-7846-4be9-9772-9c08fe1e82d9:192.168.30.13:43476], old=null, confs=<EMPTY_MAP>
2019-09-26 10:06:22,978 [pool-527-thread-1] INFO  server.RaftServerConfigKeys (ConfUtils.java:logGet(43)) - raft.server.storage.dir = [/workdir/hadoop-ozone/integration-test/target/test-dir/MiniOzoneClusterImpl-0a4d6173-89d3-45ab-a960-64e25af93069/datanode-3/data/ratis] (custom)
2019-09-26 10:06:22,978 [pool-527-thread-1] INFO  storage.RaftStorageDirectory (RaftStorageDirectory.java:analyzeStorage(246)) - The storage directory /workdir/hadoop-ozone/integration-test/target/test-dir/MiniOzoneClusterImpl-0a4d6173-89d3-45ab-a960-64e25af93069/datanode-3/data/ratis/50f03e39-c429-45c0-aed1-e12c186aef17 does not exist. Creating ...
2019-09-26 10:06:22,991 [pool-527-thread-1] INFO  storage.RaftStorageDirectory (RaftStorageDirectory.java:tryLock(328)) - Lock on /workdir/hadoop-ozone/integration-test/target/test-dir/MiniOzoneClusterImpl-0a4d6173-89d3-45ab-a960-64e25af93069/datanode-3/data/ratis/50f03e39-c429-45c0-aed1-e12c186aef17/in_use.lock acquired by nodename 19604@pr-hdds-1569-wvzgm-824869521
2019-09-26 10:06:23,003 [pool-527-thread-1] INFO  storage.RaftStorage (RaftStorage.java:format(72)) - Storage directory /workdir/hadoop-ozone/integration-test/target/test-dir/MiniOzoneClusterImpl-0a4d6173-89d3-45ab-a960-64e25af93069/datanode-3/data/ratis/50f03e39-c429-45c0-aed1-e12c186aef17 has been successfully formatted.
2019-09-26 10:06:23,004 [pool-527-thread-1] INFO  ratis.ContainerStateMachine (ContainerStateMachine.java:loadSnapshot(230)) - group-E12C186AEF17: The snapshot info is null. Setting the last applied indexto:(t:0, i:~)
2019-09-26 10:06:23,004 [pool-527-thread-1] INFO  server.RaftServerConfigKeys (ConfUtils.java:logGet(43)) - raft.server.notification.no-leader.timeout = 120s (custom)
2019-09-26 10:06:23,004 [pool-527-thread-1] INFO  server.RaftServerConfigKeys (ConfUtils.java:logGet(43)) - raft.server.log.use.memory = false (default)
2019-09-26 10:06:23,004 [pool-527-thread-1] INFO  server.RaftServerConfigKeys (ConfUtils.java:logGet(43)) - raft.server.log.purge.gap = 1000000 (custom)
2019-09-26 10:06:23,004 [pool-527-thread-1] INFO  server.RaftServerConfigKeys (ConfUtils.java:logGet(43)) - raft.server.log.appender.buffer.byte-limit = 33554432 (custom)
2019-09-26 10:06:23,004 [pool-527-thread-1] INFO  server.RaftServerConfigKeys (ConfUtils.java:logGet(43)) - raft.server.log.segment.size.max = 1048576 (custom)
2019-09-26 10:06:23,004 [pool-527-thread-1] INFO  server.RaftServerConfigKeys (ConfUtils.java:logGet(43)) - raft.server.log.segment.cache.num.max = 2 (custom)
2019-09-26 10:06:23,005 [pool-527-thread-1] INFO  segmented.SegmentedRaftLogWorker (SegmentedRaftLogWorker.java:<init>(172)) - new 70c8131f-7846-4be9-9772-9c08fe1e82d9@group-E12C186AEF17-SegmentedRaftLogWorker for RaftStorage:Storage Directory /workdir/hadoop-ozone/integration-test/target/test-dir/MiniOzoneClusterImpl-0a4d6173-89d3-45ab-a960-64e25af93069/datanode-3/data/ratis/50f03e39-c429-45c0-aed1-e12c186aef17
2019-09-26 10:06:23,005 [pool-527-thread-1] INFO  server.RaftServerConfigKeys (ConfUtils.java:logGet(43)) - raft.server.log.queue.byte-limit = 2147483647 (custom)
2019-09-26 10:06:23,005 [pool-527-thread-1] INFO  server.RaftServerConfigKeys (ConfUtils.java:logGet(43)) - raft.server.log.queue.element-limit = 1024 (custom)
2019-09-26 10:06:23,005 [pool-527-thread-1] INFO  server.RaftServerConfigKeys (ConfUtils.java:logGet(43)) - raft.server.log.segment.size.max = 1048576 (custom)
2019-09-26 10:06:23,005 [pool-527-thread-1] INFO  server.RaftServerConfigKeys (ConfUtils.java:logGet(43)) - raft.server.log.preallocated.size = 16384 (custom)
2019-09-26 10:06:23,005 [pool-527-thread-1] INFO  server.RaftServerConfigKeys (ConfUtils.java:logGet(43)) - raft.server.log.write.buffer.size = 33554432 (custom)
2019-09-26 10:06:23,005 [pool-527-thread-1] INFO  server.RaftServerConfigKeys (ConfUtils.java:logGet(43)) - raft.server.log.force.sync.num = 128 (default)
2019-09-26 10:06:23,005 [pool-527-thread-1] INFO  server.RaftServerConfigKeys (ConfUtils.java:logGet(43)) - raft.server.log.statemachine.data.sync = true (default)
2019-09-26 10:06:23,006 [pool-527-thread-1] INFO  server.RaftServerConfigKeys (ConfUtils.java:logGet(43)) - raft.server.log.statemachine.data.sync.timeout = 10s (default)
2019-09-26 10:06:23,006 [pool-527-thread-1] INFO  server.RaftServerConfigKeys (ConfUtils.java:logGet(43)) - raft.server.log.statemachine.data.sync.timeout.retry = -1 (default)
2019-09-26 10:06:23,006 [pool-527-thread-1] INFO  server.RaftServerConfigKeys (ConfUtils.java:logGet(43)) - raft.server.log.statemachine.data.caching.enabled = true (custom)
2019-09-26 10:06:23,006 [pool-527-thread-1] INFO  segmented.SegmentedRaftLogWorker (SegmentedRaftLogWorker.java:lambda$new$0(132)) - 70c8131f-7846-4be9-9772-9c08fe1e82d9@group-E12C186AEF17-SegmentedRaftLogWorker: flushIndex: setUnconditionally 0 -> -1
2019-09-26 10:06:23,006 [pool-527-thread-1] INFO  server.RaftServerConfigKeys (ConfUtils.java:logGet(43)) - raft.server.snapshot.auto.trigger.enabled = true (custom)
2019-09-26 10:06:23,006 [pool-527-thread-1] INFO  server.RaftServerConfigKeys (ConfUtils.java:logGet(43)) - raft.server.snapshot.auto.trigger.threshold = 10000 (custom)
2019-09-26 10:06:23,007 [pool-527-thread-1] INFO  server.RaftServerConfigKeys (ConfUtils.java:logGet(43)) - raft.server.snapshot.retention.num.files = 5 (custom)
2019-09-26 10:06:23,007 [pool-527-thread-1] INFO  server.RaftServerConfigKeys (ConfUtils.java:logGet(43)) - raft.server.retrycache.expirytime = 600000ms (custom)
2019-09-26 10:06:23,008 [pool-527-thread-1] INFO  impl.RaftServerImpl (RaftServerImpl.java:start(185)) - 70c8131f-7846-4be9-9772-9c08fe1e82d9@group-E12C186AEF17: start as a follower, conf=-1: [70c8131f-7846-4be9-9772-9c08fe1e82d9:192.168.30.13:43476], old=null
2019-09-26 10:06:23,008 [pool-527-thread-1] INFO  impl.RaftServerImpl (RaftServerImpl.java:setRole(174)) - 70c8131f-7846-4be9-9772-9c08fe1e82d9@group-E12C186AEF17: changes role from      null to FOLLOWER at term 0 for startAsFollower
2019-09-26 10:06:23,008 [pool-527-thread-1] INFO  impl.RoleInfo (RoleInfo.java:updateAndGet(143)) - 70c8131f-7846-4be9-9772-9c08fe1e82d9: start FollowerState
2019-09-26 10:06:23,008 [pool-527-thread-1] INFO  util.JmxRegister (JmxRegister.java:tryRegister(44)) - Successfully registered JMX Bean with object name Ratis:service=RaftServer,group=group-E12C186AEF17,id=70c8131f-7846-4be9-9772-9c08fe1e82d9
2019-09-26 10:06:23,011 [RatisPipelineUtilsThread] INFO  pipeline.PipelineStateManager (PipelineStateManager.java:addPipeline(56)) - Created pipeline Pipeline[ Id: 50f03e39-c429-45c0-aed1-e12c186aef17, Nodes: 70c8131f-7846-4be9-9772-9c08fe1e82d9{ip: 192.168.30.13, host: pr-hdds-1569-wvzgm-824869521, networkLocation: /default-rack, certSerialId: null}, Type:RATIS, Factor:ONE, State:OPEN]
2019-09-26 10:06:23,011 [RatisPipelineUtilsThread] INFO  pipeline.PipelinePlacementPolicy (PipelinePlacementPolicy.java:meetCriteria(91)) - Pipeline Placement: can't place more pipeline on heavy datanode： af49d7a1-7bac-4fb8-a68b-38a7dab2a9f5 Heaviness: 6 limit: 5
2019-09-26 10:06:23,011 [RatisPipelineUtilsThread] INFO  pipeline.PipelinePlacementPolicy (PipelinePlacementPolicy.java:meetCriteria(91)) - Pipeline Placement: can't place more pipeline on heavy datanode： 13165a8c-4572-43f4-b795-0eb0b3a8cfdc Heaviness: 6 limit: 5
2019-09-26 10:06:23,011 [RatisPipelineUtilsThread] INFO  pipeline.PipelinePlacementPolicy (PipelinePlacementPolicy.java:meetCriteria(91)) - Pipeline Placement: can't place more pipeline on heavy datanode： 3fdc1795-13a2-484d-a1b3-617bb4b52936 Heaviness: 6 limit: 5
2019-09-26 10:06:23,020 [grpc-default-executor-1] INFO  impl.RaftServerProxy (RaftServerProxy.java:addNew(89)) - cf63bf87-7688-4ba8-af45-4d7c49885422: addNew group-AC5B73179C6E:[cf63bf87-7688-4ba8-af45-4d7c49885422:192.168.30.13:43103] returns group-AC5B73179C6E:java.util.concurrent.CompletableFuture@47b8c485[Not completed]
2019-09-26 10:06:23,021 [pool-547-thread-1] INFO  impl.RaftServerImpl (RaftServerImpl.java:<init>(95)) - cf63bf87-7688-4ba8-af45-4d7c49885422: new RaftServerImpl for group-AC5B73179C6E:[cf63bf87-7688-4ba8-af45-4d7c49885422:192.168.30.13:43103] with ContainerStateMachine:uninitialized
2019-09-26 10:06:23,022 [pool-547-thread-1] INFO  server.RaftServerConfigKeys (ConfUtils.java:logGet(43)) - raft.server.rpc.timeout.min = 5s (custom)
2019-09-26 10:06:23,022 [pool-547-thread-1] INFO  server.RaftServerConfigKeys (ConfUtils.java:logGet(43)) - raft.server.rpc.timeout.max = 5200ms (custom)
2019-09-26 10:06:23,022 [pool-547-thread-1] INFO  server.RaftServerConfigKeys (ConfUtils.java:logGet(43)) - raft.server.rpcslowness.timeout = 120s (custom)
2019-09-26 10:06:23,022 [pool-547-thread-1] INFO  server.RaftServerConfigKeys (ConfUtils.java:logGet(43)) - raft.server.sleep.deviation.threshold = 300 (default)
2019-09-26 10:06:23,022 [pool-547-thread-1] INFO  server.RaftServerConfigKeys (ConfUtils.java:logGet(43)) - raft.server.log.appender.install.snapshot.enabled = false (custom)
2019-09-26 10:06:23,022 [pool-547-thread-1] INFO  impl.RaftServerImpl (ServerState.java:<init>(103)) - cf63bf87-7688-4ba8-af45-4d7c49885422@group-AC5B73179C6E: ConfigurationManager, init=-1: [cf63bf87-7688-4ba8-af45-4d7c49885422:192.168.30.13:43103], old=null, confs=<EMPTY_MAP>
2019-09-26 10:06:23,023 [pool-547-thread-1] INFO  server.RaftServerConfigKeys (ConfUtils.java:logGet(43)) - raft.server.storage.dir = [/workdir/hadoop-ozone/integration-test/target/test-dir/MiniOzoneClusterImpl-0a4d6173-89d3-45ab-a960-64e25af93069/datanode-5/data/ratis] (custom)
2019-09-26 10:06:23,023 [pool-547-thread-1] INFO  storage.RaftStorageDirectory (RaftStorageDirectory.java:analyzeStorage(246)) - The storage directory /workdir/hadoop-ozone/integration-test/target/test-dir/MiniOzoneClusterImpl-0a4d6173-89d3-45ab-a960-64e25af93069/datanode-5/data/ratis/4de17486-a30d-4383-b0e0-ac5b73179c6e does not exist. Creating ...
2019-09-26 10:06:23,036 [pool-547-thread-1] INFO  storage.RaftStorageDirectory (RaftStorageDirectory.java:tryLock(328)) - Lock on /workdir/hadoop-ozone/integration-test/target/test-dir/MiniOzoneClusterImpl-0a4d6173-89d3-45ab-a960-64e25af93069/datanode-5/data/ratis/4de17486-a30d-4383-b0e0-ac5b73179c6e/in_use.lock acquired by nodename 19604@pr-hdds-1569-wvzgm-824869521
2019-09-26 10:06:23,057 [pool-547-thread-1] INFO  storage.RaftStorage (RaftStorage.java:format(72)) - Storage directory /workdir/hadoop-ozone/integration-test/target/test-dir/MiniOzoneClusterImpl-0a4d6173-89d3-45ab-a960-64e25af93069/datanode-5/data/ratis/4de17486-a30d-4383-b0e0-ac5b73179c6e has been successfully formatted.
2019-09-26 10:06:23,058 [pool-547-thread-1] INFO  ratis.ContainerStateMachine (ContainerStateMachine.java:loadSnapshot(230)) - group-AC5B73179C6E: The snapshot info is null. Setting the last applied indexto:(t:0, i:~)
2019-09-26 10:06:23,058 [pool-547-thread-1] INFO  server.RaftServerConfigKeys (ConfUtils.java:logGet(43)) - raft.server.notification.no-leader.timeout = 120s (custom)
2019-09-26 10:06:23,058 [pool-547-thread-1] INFO  server.RaftServerConfigKeys (ConfUtils.java:logGet(43)) - raft.server.log.use.memory = false (default)
2019-09-26 10:06:23,058 [pool-547-thread-1] INFO  server.RaftServerConfigKeys (ConfUtils.java:logGet(43)) - raft.server.log.purge.gap = 1000000 (custom)
2019-09-26 10:06:23,058 [pool-547-thread-1] INFO  server.RaftServerConfigKeys (ConfUtils.java:logGet(43)) - raft.server.log.appender.buffer.byte-limit = 33554432 (custom)
2019-09-26 10:06:23,058 [pool-547-thread-1] INFO  server.RaftServerConfigKeys (ConfUtils.java:logGet(43)) - raft.server.log.segment.size.max = 1048576 (custom)
2019-09-26 10:06:23,058 [pool-547-thread-1] INFO  server.RaftServerConfigKeys (ConfUtils.java:logGet(43)) - raft.server.log.segment.cache.num.max = 2 (custom)
2019-09-26 10:06:23,059 [pool-547-thread-1] INFO  segmented.SegmentedRaftLogWorker (SegmentedRaftLogWorker.java:<init>(172)) - new cf63bf87-7688-4ba8-af45-4d7c49885422@group-AC5B73179C6E-SegmentedRaftLogWorker for RaftStorage:Storage Directory /workdir/hadoop-ozone/integration-test/target/test-dir/MiniOzoneClusterImpl-0a4d6173-89d3-45ab-a960-64e25af93069/datanode-5/data/ratis/4de17486-a30d-4383-b0e0-ac5b73179c6e
2019-09-26 10:06:23,060 [pool-547-thread-1] INFO  server.RaftServerConfigKeys (ConfUtils.java:logGet(43)) - raft.server.log.queue.byte-limit = 2147483647 (custom)
2019-09-26 10:06:23,060 [pool-547-thread-1] INFO  server.RaftServerConfigKeys (ConfUtils.java:logGet(43)) - raft.server.log.queue.element-limit = 1024 (custom)
2019-09-26 10:06:23,060 [pool-547-thread-1] INFO  server.RaftServerConfigKeys (ConfUtils.java:logGet(43)) - raft.server.log.segment.size.max = 1048576 (custom)
2019-09-26 10:06:23,061 [pool-547-thread-1] INFO  server.RaftServerConfigKeys (ConfUtils.java:logGet(43)) - raft.server.log.preallocated.size = 16384 (custom)
2019-09-26 10:06:23,061 [pool-547-thread-1] INFO  server.RaftServerConfigKeys (ConfUtils.java:logGet(43)) - raft.server.log.write.buffer.size = 33554432 (custom)
2019-09-26 10:06:23,061 [pool-547-thread-1] INFO  server.RaftServerConfigKeys (ConfUtils.java:logGet(43)) - raft.server.log.force.sync.num = 128 (default)
2019-09-26 10:06:23,061 [pool-547-thread-1] INFO  server.RaftServerConfigKeys (ConfUtils.java:logGet(43)) - raft.server.log.statemachine.data.sync = true (default)
2019-09-26 10:06:23,061 [pool-547-thread-1] INFO  server.RaftServerConfigKeys (ConfUtils.java:logGet(43)) - raft.server.log.statemachine.data.sync.timeout = 10s (default)
2019-09-26 10:06:23,061 [pool-547-thread-1] INFO  server.RaftServerConfigKeys (ConfUtils.java:logGet(43)) - raft.server.log.statemachine.data.sync.timeout.retry = -1 (default)
2019-09-26 10:06:23,061 [pool-547-thread-1] INFO  server.RaftServerConfigKeys (ConfUtils.java:logGet(43)) - raft.server.log.statemachine.data.caching.enabled = true (custom)
2019-09-26 10:06:23,062 [pool-547-thread-1] INFO  segmented.SegmentedRaftLogWorker (SegmentedRaftLogWorker.java:lambda$new$0(132)) - cf63bf87-7688-4ba8-af45-4d7c49885422@group-AC5B73179C6E-SegmentedRaftLogWorker: flushIndex: setUnconditionally 0 -> -1
2019-09-26 10:06:23,062 [pool-547-thread-1] INFO  server.RaftServerConfigKeys (ConfUtils.java:logGet(43)) - raft.server.snapshot.auto.trigger.enabled = true (custom)
2019-09-26 10:06:23,062 [pool-547-thread-1] INFO  server.RaftServerConfigKeys (ConfUtils.java:logGet(43)) - raft.server.snapshot.auto.trigger.threshold = 10000 (custom)
2019-09-26 10:06:23,062 [pool-547-thread-1] INFO  server.RaftServerConfigKeys (ConfUtils.java:logGet(43)) - raft.server.snapshot.retention.num.files = 5 (custom)
2019-09-26 10:06:23,062 [pool-547-thread-1] INFO  server.RaftServerConfigKeys (ConfUtils.java:logGet(43)) - raft.server.retrycache.expirytime = 600000ms (custom)
2019-09-26 10:06:23,064 [pool-547-thread-1] INFO  impl.RaftServerImpl (RaftServerImpl.java:start(185)) - cf63bf87-7688-4ba8-af45-4d7c49885422@group-AC5B73179C6E: start as a follower, conf=-1: [cf63bf87-7688-4ba8-af45-4d7c49885422:192.168.30.13:43103], old=null
2019-09-26 10:06:23,064 [pool-547-thread-1] INFO  impl.RaftServerImpl (RaftServerImpl.java:setRole(174)) - cf63bf87-7688-4ba8-af45-4d7c49885422@group-AC5B73179C6E: changes role from      null to FOLLOWER at term 0 for startAsFollower
2019-09-26 10:06:23,064 [pool-547-thread-1] INFO  impl.RoleInfo (RoleInfo.java:updateAndGet(143)) - cf63bf87-7688-4ba8-af45-4d7c49885422: start FollowerState
2019-09-26 10:06:23,064 [pool-547-thread-1] INFO  util.JmxRegister (JmxRegister.java:tryRegister(44)) - Successfully registered JMX Bean with object name Ratis:service=RaftServer,group=group-AC5B73179C6E,id=cf63bf87-7688-4ba8-af45-4d7c49885422
2019-09-26 10:06:23,066 [RatisPipelineUtilsThread] INFO  pipeline.PipelineStateManager (PipelineStateManager.java:addPipeline(56)) - Created pipeline Pipeline[ Id: 4de17486-a30d-4383-b0e0-ac5b73179c6e, Nodes: cf63bf87-7688-4ba8-af45-4d7c49885422{ip: 192.168.30.13, host: pr-hdds-1569-wvzgm-824869521, networkLocation: /default-rack, certSerialId: null}, Type:RATIS, Factor:ONE, State:OPEN]
2019-09-26 10:06:23,066 [RatisPipelineUtilsThread] INFO  pipeline.PipelinePlacementPolicy (PipelinePlacementPolicy.java:meetCriteria(91)) - Pipeline Placement: can't place more pipeline on heavy datanode： af49d7a1-7bac-4fb8-a68b-38a7dab2a9f5 Heaviness: 6 limit: 5
2019-09-26 10:06:23,066 [RatisPipelineUtilsThread] INFO  pipeline.PipelinePlacementPolicy (PipelinePlacementPolicy.java:meetCriteria(91)) - Pipeline Placement: can't place more pipeline on heavy datanode： 13165a8c-4572-43f4-b795-0eb0b3a8cfdc Heaviness: 6 limit: 5
2019-09-26 10:06:23,067 [RatisPipelineUtilsThread] INFO  pipeline.PipelinePlacementPolicy (PipelinePlacementPolicy.java:meetCriteria(91)) - Pipeline Placement: can't place more pipeline on heavy datanode： 3fdc1795-13a2-484d-a1b3-617bb4b52936 Heaviness: 6 limit: 5
2019-09-26 10:06:23,070 [grpc-default-executor-1] INFO  impl.RaftServerProxy (RaftServerProxy.java:addNew(89)) - 70c8131f-7846-4be9-9772-9c08fe1e82d9: addNew group-ED96EDB64F62:[70c8131f-7846-4be9-9772-9c08fe1e82d9:192.168.30.13:43476] returns group-ED96EDB64F62:java.util.concurrent.CompletableFuture@301c23fb[Not completed]
2019-09-26 10:06:23,071 [pool-527-thread-1] INFO  impl.RaftServerImpl (RaftServerImpl.java:<init>(95)) - 70c8131f-7846-4be9-9772-9c08fe1e82d9: new RaftServerImpl for group-ED96EDB64F62:[70c8131f-7846-4be9-9772-9c08fe1e82d9:192.168.30.13:43476] with ContainerStateMachine:uninitialized
2019-09-26 10:06:23,071 [pool-527-thread-1] INFO  server.RaftServerConfigKeys (ConfUtils.java:logGet(43)) - raft.server.rpc.timeout.min = 5s (custom)
2019-09-26 10:06:23,071 [pool-527-thread-1] INFO  server.RaftServerConfigKeys (ConfUtils.java:logGet(43)) - raft.server.rpc.timeout.max = 5200ms (custom)
2019-09-26 10:06:23,071 [pool-527-thread-1] INFO  server.RaftServerConfigKeys (ConfUtils.java:logGet(43)) - raft.server.rpcslowness.timeout = 120s (custom)
2019-09-26 10:06:23,071 [pool-527-thread-1] INFO  server.RaftServerConfigKeys (ConfUtils.java:logGet(43)) - raft.server.sleep.deviation.threshold = 300 (default)
2019-09-26 10:06:23,072 [pool-527-thread-1] INFO  server.RaftServerConfigKeys (ConfUtils.java:logGet(43)) - raft.server.log.appender.install.snapshot.enabled = false (custom)
2019-09-26 10:06:23,072 [pool-527-thread-1] INFO  impl.RaftServerImpl (ServerState.java:<init>(103)) - 70c8131f-7846-4be9-9772-9c08fe1e82d9@group-ED96EDB64F62: ConfigurationManager, init=-1: [70c8131f-7846-4be9-9772-9c08fe1e82d9:192.168.30.13:43476], old=null, confs=<EMPTY_MAP>
2019-09-26 10:06:23,072 [pool-527-thread-1] INFO  server.RaftServerConfigKeys (ConfUtils.java:logGet(43)) - raft.server.storage.dir = [/workdir/hadoop-ozone/integration-test/target/test-dir/MiniOzoneClusterImpl-0a4d6173-89d3-45ab-a960-64e25af93069/datanode-3/data/ratis] (custom)
2019-09-26 10:06:23,072 [pool-527-thread-1] INFO  storage.RaftStorageDirectory (RaftStorageDirectory.java:analyzeStorage(246)) - The storage directory /workdir/hadoop-ozone/integration-test/target/test-dir/MiniOzoneClusterImpl-0a4d6173-89d3-45ab-a960-64e25af93069/datanode-3/data/ratis/af3ecf8b-5bc4-477e-88e6-ed96edb64f62 does not exist. Creating ...
2019-09-26 10:06:23,086 [pool-527-thread-1] INFO  storage.RaftStorageDirectory (RaftStorageDirectory.java:tryLock(328)) - Lock on /workdir/hadoop-ozone/integration-test/target/test-dir/MiniOzoneClusterImpl-0a4d6173-89d3-45ab-a960-64e25af93069/datanode-3/data/ratis/af3ecf8b-5bc4-477e-88e6-ed96edb64f62/in_use.lock acquired by nodename 19604@pr-hdds-1569-wvzgm-824869521
2019-09-26 10:06:23,107 [pool-527-thread-1] INFO  storage.RaftStorage (RaftStorage.java:format(72)) - Storage directory /workdir/hadoop-ozone/integration-test/target/test-dir/MiniOzoneClusterImpl-0a4d6173-89d3-45ab-a960-64e25af93069/datanode-3/data/ratis/af3ecf8b-5bc4-477e-88e6-ed96edb64f62 has been successfully formatted.
2019-09-26 10:06:23,107 [pool-527-thread-1] INFO  ratis.ContainerStateMachine (ContainerStateMachine.java:loadSnapshot(230)) - group-ED96EDB64F62: The snapshot info is null. Setting the last applied indexto:(t:0, i:~)
2019-09-26 10:06:23,107 [pool-527-thread-1] INFO  server.RaftServerConfigKeys (ConfUtils.java:logGet(43)) - raft.server.notification.no-leader.timeout = 120s (custom)
2019-09-26 10:06:23,107 [pool-527-thread-1] INFO  server.RaftServerConfigKeys (ConfUtils.java:logGet(43)) - raft.server.log.use.memory = false (default)
2019-09-26 10:06:23,107 [pool-527-thread-1] INFO  server.RaftServerConfigKeys (ConfUtils.java:logGet(43)) - raft.server.log.purge.gap = 1000000 (custom)
2019-09-26 10:06:23,107 [pool-527-thread-1] INFO  server.RaftServerConfigKeys (ConfUtils.java:logGet(43)) - raft.server.log.appender.buffer.byte-limit = 33554432 (custom)
2019-09-26 10:06:23,107 [pool-527-thread-1] INFO  server.RaftServerConfigKeys (ConfUtils.java:logGet(43)) - raft.server.log.segment.size.max = 1048576 (custom)
2019-09-26 10:06:23,107 [pool-527-thread-1] INFO  server.RaftServerConfigKeys (ConfUtils.java:logGet(43)) - raft.server.log.segment.cache.num.max = 2 (custom)
2019-09-26 10:06:23,108 [pool-527-thread-1] INFO  segmented.SegmentedRaftLogWorker (SegmentedRaftLogWorker.java:<init>(172)) - new 70c8131f-7846-4be9-9772-9c08fe1e82d9@group-ED96EDB64F62-SegmentedRaftLogWorker for RaftStorage:Storage Directory /workdir/hadoop-ozone/integration-test/target/test-dir/MiniOzoneClusterImpl-0a4d6173-89d3-45ab-a960-64e25af93069/datanode-3/data/ratis/af3ecf8b-5bc4-477e-88e6-ed96edb64f62
2019-09-26 10:06:23,108 [pool-527-thread-1] INFO  server.RaftServerConfigKeys (ConfUtils.java:logGet(43)) - raft.server.log.queue.byte-limit = 2147483647 (custom)
2019-09-26 10:06:23,108 [pool-527-thread-1] INFO  server.RaftServerConfigKeys (ConfUtils.java:logGet(43)) - raft.server.log.queue.element-limit = 1024 (custom)
2019-09-26 10:06:23,108 [pool-527-thread-1] INFO  server.RaftServerConfigKeys (ConfUtils.java:logGet(43)) - raft.server.log.segment.size.max = 1048576 (custom)
2019-09-26 10:06:23,108 [pool-527-thread-1] INFO  server.RaftServerConfigKeys (ConfUtils.java:logGet(43)) - raft.server.log.preallocated.size = 16384 (custom)
2019-09-26 10:06:23,108 [pool-527-thread-1] INFO  server.RaftServerConfigKeys (ConfUtils.java:logGet(43)) - raft.server.log.write.buffer.size = 33554432 (custom)
2019-09-26 10:06:23,108 [pool-527-thread-1] INFO  server.RaftServerConfigKeys (ConfUtils.java:logGet(43)) - raft.server.log.force.sync.num = 128 (default)
2019-09-26 10:06:23,108 [pool-527-thread-1] INFO  server.RaftServerConfigKeys (ConfUtils.java:logGet(43)) - raft.server.log.statemachine.data.sync = true (default)
2019-09-26 10:06:23,108 [pool-527-thread-1] INFO  server.RaftServerConfigKeys (ConfUtils.java:logGet(43)) - raft.server.log.statemachine.data.sync.timeout = 10s (default)
2019-09-26 10:06:23,108 [pool-527-thread-1] INFO  server.RaftServerConfigKeys (ConfUtils.java:logGet(43)) - raft.server.log.statemachine.data.sync.timeout.retry = -1 (default)
2019-09-26 10:06:23,109 [pool-527-thread-1] INFO  server.RaftServerConfigKeys (ConfUtils.java:logGet(43)) - raft.server.log.statemachine.data.caching.enabled = true (custom)
2019-09-26 10:06:23,109 [pool-527-thread-1] INFO  segmented.SegmentedRaftLogWorker (SegmentedRaftLogWorker.java:lambda$new$0(132)) - 70c8131f-7846-4be9-9772-9c08fe1e82d9@group-ED96EDB64F62-SegmentedRaftLogWorker: flushIndex: setUnconditionally 0 -> -1
2019-09-26 10:06:23,109 [pool-527-thread-1] INFO  server.RaftServerConfigKeys (ConfUtils.java:logGet(43)) - raft.server.snapshot.auto.trigger.enabled = true (custom)
2019-09-26 10:06:23,109 [pool-527-thread-1] INFO  server.RaftServerConfigKeys (ConfUtils.java:logGet(43)) - raft.server.snapshot.auto.trigger.threshold = 10000 (custom)
2019-09-26 10:06:23,109 [pool-527-thread-1] INFO  server.RaftServerConfigKeys (ConfUtils.java:logGet(43)) - raft.server.snapshot.retention.num.files = 5 (custom)
2019-09-26 10:06:23,109 [pool-527-thread-1] INFO  server.RaftServerConfigKeys (ConfUtils.java:logGet(43)) - raft.server.retrycache.expirytime = 600000ms (custom)
2019-09-26 10:06:23,110 [pool-527-thread-1] INFO  impl.RaftServerImpl (RaftServerImpl.java:start(185)) - 70c8131f-7846-4be9-9772-9c08fe1e82d9@group-ED96EDB64F62: start as a follower, conf=-1: [70c8131f-7846-4be9-9772-9c08fe1e82d9:192.168.30.13:43476], old=null
2019-09-26 10:06:23,111 [pool-527-thread-1] INFO  impl.RaftServerImpl (RaftServerImpl.java:setRole(174)) - 70c8131f-7846-4be9-9772-9c08fe1e82d9@group-ED96EDB64F62: changes role from      null to FOLLOWER at term 0 for startAsFollower
2019-09-26 10:06:23,111 [pool-527-thread-1] INFO  impl.RoleInfo (RoleInfo.java:updateAndGet(143)) - 70c8131f-7846-4be9-9772-9c08fe1e82d9: start FollowerState
2019-09-26 10:06:23,111 [pool-527-thread-1] INFO  util.JmxRegister (JmxRegister.java:tryRegister(44)) - Successfully registered JMX Bean with object name Ratis:service=RaftServer,group=group-ED96EDB64F62,id=70c8131f-7846-4be9-9772-9c08fe1e82d9
2019-09-26 10:06:23,113 [RatisPipelineUtilsThread] INFO  pipeline.PipelineStateManager (PipelineStateManager.java:addPipeline(56)) - Created pipeline Pipeline[ Id: af3ecf8b-5bc4-477e-88e6-ed96edb64f62, Nodes: 70c8131f-7846-4be9-9772-9c08fe1e82d9{ip: 192.168.30.13, host: pr-hdds-1569-wvzgm-824869521, networkLocation: /default-rack, certSerialId: null}, Type:RATIS, Factor:ONE, State:OPEN]
2019-09-26 10:06:23,114 [RatisPipelineUtilsThread] INFO  pipeline.PipelinePlacementPolicy (PipelinePlacementPolicy.java:meetCriteria(91)) - Pipeline Placement: can't place more pipeline on heavy datanode： af49d7a1-7bac-4fb8-a68b-38a7dab2a9f5 Heaviness: 6 limit: 5
2019-09-26 10:06:23,114 [RatisPipelineUtilsThread] INFO  pipeline.PipelinePlacementPolicy (PipelinePlacementPolicy.java:meetCriteria(91)) - Pipeline Placement: can't place more pipeline on heavy datanode： 13165a8c-4572-43f4-b795-0eb0b3a8cfdc Heaviness: 6 limit: 5
2019-09-26 10:06:23,114 [RatisPipelineUtilsThread] INFO  pipeline.PipelinePlacementPolicy (PipelinePlacementPolicy.java:meetCriteria(91)) - Pipeline Placement: can't place more pipeline on heavy datanode： 3fdc1795-13a2-484d-a1b3-617bb4b52936 Heaviness: 6 limit: 5
2019-09-26 10:06:23,118 [grpc-default-executor-1] INFO  impl.RaftServerProxy (RaftServerProxy.java:addNew(89)) - 70c8131f-7846-4be9-9772-9c08fe1e82d9: addNew group-30CE5C74894F:[70c8131f-7846-4be9-9772-9c08fe1e82d9:192.168.30.13:43476] returns group-30CE5C74894F:java.util.concurrent.CompletableFuture@45da7b15[Not completed]
2019-09-26 10:06:23,118 [pool-527-thread-1] INFO  impl.RaftServerImpl (RaftServerImpl.java:<init>(95)) - 70c8131f-7846-4be9-9772-9c08fe1e82d9: new RaftServerImpl for group-30CE5C74894F:[70c8131f-7846-4be9-9772-9c08fe1e82d9:192.168.30.13:43476] with ContainerStateMachine:uninitialized
2019-09-26 10:06:23,118 [pool-527-thread-1] INFO  server.RaftServerConfigKeys (ConfUtils.java:logGet(43)) - raft.server.rpc.timeout.min = 5s (custom)
2019-09-26 10:06:23,118 [pool-527-thread-1] INFO  server.RaftServerConfigKeys (ConfUtils.java:logGet(43)) - raft.server.rpc.timeout.max = 5200ms (custom)
2019-09-26 10:06:23,118 [pool-527-thread-1] INFO  server.RaftServerConfigKeys (ConfUtils.java:logGet(43)) - raft.server.rpcslowness.timeout = 120s (custom)
2019-09-26 10:06:23,118 [pool-527-thread-1] INFO  server.RaftServerConfigKeys (ConfUtils.java:logGet(43)) - raft.server.sleep.deviation.threshold = 300 (default)
2019-09-26 10:06:23,119 [pool-527-thread-1] INFO  server.RaftServerConfigKeys (ConfUtils.java:logGet(43)) - raft.server.log.appender.install.snapshot.enabled = false (custom)
2019-09-26 10:06:23,119 [pool-527-thread-1] INFO  impl.RaftServerImpl (ServerState.java:<init>(103)) - 70c8131f-7846-4be9-9772-9c08fe1e82d9@group-30CE5C74894F: ConfigurationManager, init=-1: [70c8131f-7846-4be9-9772-9c08fe1e82d9:192.168.30.13:43476], old=null, confs=<EMPTY_MAP>
2019-09-26 10:06:23,119 [pool-527-thread-1] INFO  server.RaftServerConfigKeys (ConfUtils.java:logGet(43)) - raft.server.storage.dir = [/workdir/hadoop-ozone/integration-test/target/test-dir/MiniOzoneClusterImpl-0a4d6173-89d3-45ab-a960-64e25af93069/datanode-3/data/ratis] (custom)
2019-09-26 10:06:23,119 [pool-527-thread-1] INFO  storage.RaftStorageDirectory (RaftStorageDirectory.java:analyzeStorage(246)) - The storage directory /workdir/hadoop-ozone/integration-test/target/test-dir/MiniOzoneClusterImpl-0a4d6173-89d3-45ab-a960-64e25af93069/datanode-3/data/ratis/5d7929bf-baf7-49dc-b6b8-30ce5c74894f does not exist. Creating ...
2019-09-26 10:06:23,132 [pool-527-thread-1] INFO  storage.RaftStorageDirectory (RaftStorageDirectory.java:tryLock(328)) - Lock on /workdir/hadoop-ozone/integration-test/target/test-dir/MiniOzoneClusterImpl-0a4d6173-89d3-45ab-a960-64e25af93069/datanode-3/data/ratis/5d7929bf-baf7-49dc-b6b8-30ce5c74894f/in_use.lock acquired by nodename 19604@pr-hdds-1569-wvzgm-824869521
2019-09-26 10:06:23,144 [pool-527-thread-1] INFO  storage.RaftStorage (RaftStorage.java:format(72)) - Storage directory /workdir/hadoop-ozone/integration-test/target/test-dir/MiniOzoneClusterImpl-0a4d6173-89d3-45ab-a960-64e25af93069/datanode-3/data/ratis/5d7929bf-baf7-49dc-b6b8-30ce5c74894f has been successfully formatted.
2019-09-26 10:06:23,144 [pool-527-thread-1] INFO  ratis.ContainerStateMachine (ContainerStateMachine.java:loadSnapshot(230)) - group-30CE5C74894F: The snapshot info is null. Setting the last applied indexto:(t:0, i:~)
2019-09-26 10:06:23,144 [pool-527-thread-1] INFO  server.RaftServerConfigKeys (ConfUtils.java:logGet(43)) - raft.server.notification.no-leader.timeout = 120s (custom)
2019-09-26 10:06:23,145 [pool-527-thread-1] INFO  server.RaftServerConfigKeys (ConfUtils.java:logGet(43)) - raft.server.log.use.memory = false (default)
2019-09-26 10:06:23,145 [pool-527-thread-1] INFO  server.RaftServerConfigKeys (ConfUtils.java:logGet(43)) - raft.server.log.purge.gap = 1000000 (custom)
2019-09-26 10:06:23,145 [pool-527-thread-1] INFO  server.RaftServerConfigKeys (ConfUtils.java:logGet(43)) - raft.server.log.appender.buffer.byte-limit = 33554432 (custom)
2019-09-26 10:06:23,145 [pool-527-thread-1] INFO  server.RaftServerConfigKeys (ConfUtils.java:logGet(43)) - raft.server.log.segment.size.max = 1048576 (custom)
2019-09-26 10:06:23,145 [pool-527-thread-1] INFO  server.RaftServerConfigKeys (ConfUtils.java:logGet(43)) - raft.server.log.segment.cache.num.max = 2 (custom)
2019-09-26 10:06:23,145 [pool-527-thread-1] INFO  segmented.SegmentedRaftLogWorker (SegmentedRaftLogWorker.java:<init>(172)) - new 70c8131f-7846-4be9-9772-9c08fe1e82d9@group-30CE5C74894F-SegmentedRaftLogWorker for RaftStorage:Storage Directory /workdir/hadoop-ozone/integration-test/target/test-dir/MiniOzoneClusterImpl-0a4d6173-89d3-45ab-a960-64e25af93069/datanode-3/data/ratis/5d7929bf-baf7-49dc-b6b8-30ce5c74894f
2019-09-26 10:06:23,145 [pool-527-thread-1] INFO  server.RaftServerConfigKeys (ConfUtils.java:logGet(43)) - raft.server.log.queue.byte-limit = 2147483647 (custom)
2019-09-26 10:06:23,145 [pool-527-thread-1] INFO  server.RaftServerConfigKeys (ConfUtils.java:logGet(43)) - raft.server.log.queue.element-limit = 1024 (custom)
2019-09-26 10:06:23,145 [pool-527-thread-1] INFO  server.RaftServerConfigKeys (ConfUtils.java:logGet(43)) - raft.server.log.segment.size.max = 1048576 (custom)
2019-09-26 10:06:23,145 [pool-527-thread-1] INFO  server.RaftServerConfigKeys (ConfUtils.java:logGet(43)) - raft.server.log.preallocated.size = 16384 (custom)
2019-09-26 10:06:23,146 [pool-527-thread-1] INFO  server.RaftServerConfigKeys (ConfUtils.java:logGet(43)) - raft.server.log.write.buffer.size = 33554432 (custom)
2019-09-26 10:06:23,146 [pool-527-thread-1] INFO  server.RaftServerConfigKeys (ConfUtils.java:logGet(43)) - raft.server.log.force.sync.num = 128 (default)
2019-09-26 10:06:23,146 [pool-527-thread-1] INFO  server.RaftServerConfigKeys (ConfUtils.java:logGet(43)) - raft.server.log.statemachine.data.sync = true (default)
2019-09-26 10:06:23,146 [pool-527-thread-1] INFO  server.RaftServerConfigKeys (ConfUtils.java:logGet(43)) - raft.server.log.statemachine.data.sync.timeout = 10s (default)
2019-09-26 10:06:23,146 [pool-527-thread-1] INFO  server.RaftServerConfigKeys (ConfUtils.java:logGet(43)) - raft.server.log.statemachine.data.sync.timeout.retry = -1 (default)
2019-09-26 10:06:23,146 [pool-527-thread-1] INFO  server.RaftServerConfigKeys (ConfUtils.java:logGet(43)) - raft.server.log.statemachine.data.caching.enabled = true (custom)
2019-09-26 10:06:23,146 [pool-527-thread-1] INFO  segmented.SegmentedRaftLogWorker (SegmentedRaftLogWorker.java:lambda$new$0(132)) - 70c8131f-7846-4be9-9772-9c08fe1e82d9@group-30CE5C74894F-SegmentedRaftLogWorker: flushIndex: setUnconditionally 0 -> -1
2019-09-26 10:06:23,146 [pool-527-thread-1] INFO  server.RaftServerConfigKeys (ConfUtils.java:logGet(43)) - raft.server.snapshot.auto.trigger.enabled = true (custom)
2019-09-26 10:06:23,147 [pool-527-thread-1] INFO  server.RaftServerConfigKeys (ConfUtils.java:logGet(43)) - raft.server.snapshot.auto.trigger.threshold = 10000 (custom)
2019-09-26 10:06:23,147 [pool-527-thread-1] INFO  server.RaftServerConfigKeys (ConfUtils.java:logGet(43)) - raft.server.snapshot.retention.num.files = 5 (custom)
2019-09-26 10:06:23,147 [pool-527-thread-1] INFO  server.RaftServerConfigKeys (ConfUtils.java:logGet(43)) - raft.server.retrycache.expirytime = 600000ms (custom)
2019-09-26 10:06:23,148 [pool-527-thread-1] INFO  impl.RaftServerImpl (RaftServerImpl.java:start(185)) - 70c8131f-7846-4be9-9772-9c08fe1e82d9@group-30CE5C74894F: start as a follower, conf=-1: [70c8131f-7846-4be9-9772-9c08fe1e82d9:192.168.30.13:43476], old=null
2019-09-26 10:06:23,148 [pool-527-thread-1] INFO  impl.RaftServerImpl (RaftServerImpl.java:setRole(174)) - 70c8131f-7846-4be9-9772-9c08fe1e82d9@group-30CE5C74894F: changes role from      null to FOLLOWER at term 0 for startAsFollower
2019-09-26 10:06:23,148 [pool-527-thread-1] INFO  impl.RoleInfo (RoleInfo.java:updateAndGet(143)) - 70c8131f-7846-4be9-9772-9c08fe1e82d9: start FollowerState
2019-09-26 10:06:23,149 [pool-527-thread-1] INFO  util.JmxRegister (JmxRegister.java:tryRegister(44)) - Successfully registered JMX Bean with object name Ratis:service=RaftServer,group=group-30CE5C74894F,id=70c8131f-7846-4be9-9772-9c08fe1e82d9
2019-09-26 10:06:23,151 [RatisPipelineUtilsThread] INFO  pipeline.PipelineStateManager (PipelineStateManager.java:addPipeline(56)) - Created pipeline Pipeline[ Id: 5d7929bf-baf7-49dc-b6b8-30ce5c74894f, Nodes: 70c8131f-7846-4be9-9772-9c08fe1e82d9{ip: 192.168.30.13, host: pr-hdds-1569-wvzgm-824869521, networkLocation: /default-rack, certSerialId: null}, Type:RATIS, Factor:ONE, State:OPEN]
2019-09-26 10:06:23,151 [RatisPipelineUtilsThread] INFO  pipeline.PipelinePlacementPolicy (PipelinePlacementPolicy.java:meetCriteria(91)) - Pipeline Placement: can't place more pipeline on heavy datanode： af49d7a1-7bac-4fb8-a68b-38a7dab2a9f5 Heaviness: 6 limit: 5
2019-09-26 10:06:23,151 [RatisPipelineUtilsThread] INFO  pipeline.PipelinePlacementPolicy (PipelinePlacementPolicy.java:meetCriteria(91)) - Pipeline Placement: can't place more pipeline on heavy datanode： 13165a8c-4572-43f4-b795-0eb0b3a8cfdc Heaviness: 6 limit: 5
2019-09-26 10:06:23,151 [RatisPipelineUtilsThread] INFO  pipeline.PipelinePlacementPolicy (PipelinePlacementPolicy.java:meetCriteria(91)) - Pipeline Placement: can't place more pipeline on heavy datanode： 3fdc1795-13a2-484d-a1b3-617bb4b52936 Heaviness: 6 limit: 5
2019-09-26 10:06:23,154 [grpc-default-executor-1] INFO  impl.RaftServerProxy (RaftServerProxy.java:addNew(89)) - 4994e2c1-9eac-430d-be8a-cb30a727a84e: addNew group-C553D199FAE6:[4994e2c1-9eac-430d-be8a-cb30a727a84e:192.168.30.13:35200] returns group-C553D199FAE6:java.util.concurrent.CompletableFuture@16dfe48b[Not completed]
2019-09-26 10:06:23,155 [pool-537-thread-1] INFO  impl.RaftServerImpl (RaftServerImpl.java:<init>(95)) - 4994e2c1-9eac-430d-be8a-cb30a727a84e: new RaftServerImpl for group-C553D199FAE6:[4994e2c1-9eac-430d-be8a-cb30a727a84e:192.168.30.13:35200] with ContainerStateMachine:uninitialized
2019-09-26 10:06:23,155 [pool-537-thread-1] INFO  server.RaftServerConfigKeys (ConfUtils.java:logGet(43)) - raft.server.rpc.timeout.min = 5s (custom)
2019-09-26 10:06:23,155 [pool-537-thread-1] INFO  server.RaftServerConfigKeys (ConfUtils.java:logGet(43)) - raft.server.rpc.timeout.max = 5200ms (custom)
2019-09-26 10:06:23,156 [pool-537-thread-1] INFO  server.RaftServerConfigKeys (ConfUtils.java:logGet(43)) - raft.server.rpcslowness.timeout = 120s (custom)
2019-09-26 10:06:23,156 [pool-537-thread-1] INFO  server.RaftServerConfigKeys (ConfUtils.java:logGet(43)) - raft.server.sleep.deviation.threshold = 300 (default)
2019-09-26 10:06:23,156 [pool-537-thread-1] INFO  server.RaftServerConfigKeys (ConfUtils.java:logGet(43)) - raft.server.log.appender.install.snapshot.enabled = false (custom)
2019-09-26 10:06:23,156 [pool-537-thread-1] INFO  impl.RaftServerImpl (ServerState.java:<init>(103)) - 4994e2c1-9eac-430d-be8a-cb30a727a84e@group-C553D199FAE6: ConfigurationManager, init=-1: [4994e2c1-9eac-430d-be8a-cb30a727a84e:192.168.30.13:35200], old=null, confs=<EMPTY_MAP>
2019-09-26 10:06:23,156 [pool-537-thread-1] INFO  server.RaftServerConfigKeys (ConfUtils.java:logGet(43)) - raft.server.storage.dir = [/workdir/hadoop-ozone/integration-test/target/test-dir/MiniOzoneClusterImpl-0a4d6173-89d3-45ab-a960-64e25af93069/datanode-4/data/ratis] (custom)
2019-09-26 10:06:23,156 [pool-537-thread-1] INFO  storage.RaftStorageDirectory (RaftStorageDirectory.java:analyzeStorage(246)) - The storage directory /workdir/hadoop-ozone/integration-test/target/test-dir/MiniOzoneClusterImpl-0a4d6173-89d3-45ab-a960-64e25af93069/datanode-4/data/ratis/7d894f52-afe0-4365-8d51-c553d199fae6 does not exist. Creating ...
2019-09-26 10:06:23,337 [pool-537-thread-1] INFO  storage.RaftStorageDirectory (RaftStorageDirectory.java:tryLock(328)) - Lock on /workdir/hadoop-ozone/integration-test/target/test-dir/MiniOzoneClusterImpl-0a4d6173-89d3-45ab-a960-64e25af93069/datanode-4/data/ratis/7d894f52-afe0-4365-8d51-c553d199fae6/in_use.lock acquired by nodename 19604@pr-hdds-1569-wvzgm-824869521
2019-09-26 10:06:23,369 [pool-537-thread-1] INFO  storage.RaftStorage (RaftStorage.java:format(72)) - Storage directory /workdir/hadoop-ozone/integration-test/target/test-dir/MiniOzoneClusterImpl-0a4d6173-89d3-45ab-a960-64e25af93069/datanode-4/data/ratis/7d894f52-afe0-4365-8d51-c553d199fae6 has been successfully formatted.
2019-09-26 10:06:23,369 [pool-537-thread-1] INFO  ratis.ContainerStateMachine (ContainerStateMachine.java:loadSnapshot(230)) - group-C553D199FAE6: The snapshot info is null. Setting the last applied indexto:(t:0, i:~)
2019-09-26 10:06:23,369 [pool-537-thread-1] INFO  server.RaftServerConfigKeys (ConfUtils.java:logGet(43)) - raft.server.notification.no-leader.timeout = 120s (custom)
2019-09-26 10:06:23,369 [pool-537-thread-1] INFO  server.RaftServerConfigKeys (ConfUtils.java:logGet(43)) - raft.server.log.use.memory = false (default)
2019-09-26 10:06:23,370 [pool-537-thread-1] INFO  server.RaftServerConfigKeys (ConfUtils.java:logGet(43)) - raft.server.log.purge.gap = 1000000 (custom)
2019-09-26 10:06:23,370 [pool-537-thread-1] INFO  server.RaftServerConfigKeys (ConfUtils.java:logGet(43)) - raft.server.log.appender.buffer.byte-limit = 33554432 (custom)
2019-09-26 10:06:23,370 [pool-537-thread-1] INFO  server.RaftServerConfigKeys (ConfUtils.java:logGet(43)) - raft.server.log.segment.size.max = 1048576 (custom)
2019-09-26 10:06:23,370 [pool-537-thread-1] INFO  server.RaftServerConfigKeys (ConfUtils.java:logGet(43)) - raft.server.log.segment.cache.num.max = 2 (custom)
2019-09-26 10:06:23,370 [pool-537-thread-1] INFO  segmented.SegmentedRaftLogWorker (SegmentedRaftLogWorker.java:<init>(172)) - new 4994e2c1-9eac-430d-be8a-cb30a727a84e@group-C553D199FAE6-SegmentedRaftLogWorker for RaftStorage:Storage Directory /workdir/hadoop-ozone/integration-test/target/test-dir/MiniOzoneClusterImpl-0a4d6173-89d3-45ab-a960-64e25af93069/datanode-4/data/ratis/7d894f52-afe0-4365-8d51-c553d199fae6
2019-09-26 10:06:23,370 [pool-537-thread-1] INFO  server.RaftServerConfigKeys (ConfUtils.java:logGet(43)) - raft.server.log.queue.byte-limit = 2147483647 (custom)
2019-09-26 10:06:23,370 [pool-537-thread-1] INFO  server.RaftServerConfigKeys (ConfUtils.java:logGet(43)) - raft.server.log.queue.element-limit = 1024 (custom)
2019-09-26 10:06:23,371 [pool-537-thread-1] INFO  server.RaftServerConfigKeys (ConfUtils.java:logGet(43)) - raft.server.log.segment.size.max = 1048576 (custom)
2019-09-26 10:06:23,371 [pool-537-thread-1] INFO  server.RaftServerConfigKeys (ConfUtils.java:logGet(43)) - raft.server.log.preallocated.size = 16384 (custom)
2019-09-26 10:06:23,371 [pool-537-thread-1] INFO  server.RaftServerConfigKeys (ConfUtils.java:logGet(43)) - raft.server.log.write.buffer.size = 33554432 (custom)
2019-09-26 10:06:23,371 [pool-537-thread-1] INFO  server.RaftServerConfigKeys (ConfUtils.java:logGet(43)) - raft.server.log.force.sync.num = 128 (default)
2019-09-26 10:06:23,371 [pool-537-thread-1] INFO  server.RaftServerConfigKeys (ConfUtils.java:logGet(43)) - raft.server.log.statemachine.data.sync = true (default)
2019-09-26 10:06:23,371 [pool-537-thread-1] INFO  server.RaftServerConfigKeys (ConfUtils.java:logGet(43)) - raft.server.log.statemachine.data.sync.timeout = 10s (default)
2019-09-26 10:06:23,372 [pool-537-thread-1] INFO  server.RaftServerConfigKeys (ConfUtils.java:logGet(43)) - raft.server.log.statemachine.data.sync.timeout.retry = -1 (default)
2019-09-26 10:06:23,372 [pool-537-thread-1] INFO  server.RaftServerConfigKeys (ConfUtils.java:logGet(43)) - raft.server.log.statemachine.data.caching.enabled = true (custom)
2019-09-26 10:06:23,372 [pool-537-thread-1] INFO  segmented.SegmentedRaftLogWorker (SegmentedRaftLogWorker.java:lambda$new$0(132)) - 4994e2c1-9eac-430d-be8a-cb30a727a84e@group-C553D199FAE6-SegmentedRaftLogWorker: flushIndex: setUnconditionally 0 -> -1
2019-09-26 10:06:23,372 [pool-537-thread-1] INFO  server.RaftServerConfigKeys (ConfUtils.java:logGet(43)) - raft.server.snapshot.auto.trigger.enabled = true (custom)
2019-09-26 10:06:23,373 [pool-537-thread-1] INFO  server.RaftServerConfigKeys (ConfUtils.java:logGet(43)) - raft.server.snapshot.auto.trigger.threshold = 10000 (custom)
2019-09-26 10:06:23,373 [pool-537-thread-1] INFO  server.RaftServerConfigKeys (ConfUtils.java:logGet(43)) - raft.server.snapshot.retention.num.files = 5 (custom)
2019-09-26 10:06:23,373 [pool-537-thread-1] INFO  server.RaftServerConfigKeys (ConfUtils.java:logGet(43)) - raft.server.retrycache.expirytime = 600000ms (custom)
2019-09-26 10:06:23,375 [pool-537-thread-1] INFO  impl.RaftServerImpl (RaftServerImpl.java:start(185)) - 4994e2c1-9eac-430d-be8a-cb30a727a84e@group-C553D199FAE6: start as a follower, conf=-1: [4994e2c1-9eac-430d-be8a-cb30a727a84e:192.168.30.13:35200], old=null
2019-09-26 10:06:23,375 [pool-537-thread-1] INFO  impl.RaftServerImpl (RaftServerImpl.java:setRole(174)) - 4994e2c1-9eac-430d-be8a-cb30a727a84e@group-C553D199FAE6: changes role from      null to FOLLOWER at term 0 for startAsFollower
2019-09-26 10:06:23,375 [pool-537-thread-1] INFO  impl.RoleInfo (RoleInfo.java:updateAndGet(143)) - 4994e2c1-9eac-430d-be8a-cb30a727a84e: start FollowerState
2019-09-26 10:06:23,375 [pool-537-thread-1] INFO  util.JmxRegister (JmxRegister.java:tryRegister(44)) - Successfully registered JMX Bean with object name Ratis:service=RaftServer,group=group-C553D199FAE6,id=4994e2c1-9eac-430d-be8a-cb30a727a84e
2019-09-26 10:06:23,378 [RatisPipelineUtilsThread] INFO  pipeline.PipelineStateManager (PipelineStateManager.java:addPipeline(56)) - Created pipeline Pipeline[ Id: 7d894f52-afe0-4365-8d51-c553d199fae6, Nodes: 4994e2c1-9eac-430d-be8a-cb30a727a84e{ip: 192.168.30.13, host: pr-hdds-1569-wvzgm-824869521, networkLocation: /default-rack, certSerialId: null}, Type:RATIS, Factor:ONE, State:OPEN]
2019-09-26 10:06:23,378 [RatisPipelineUtilsThread] INFO  pipeline.PipelinePlacementPolicy (PipelinePlacementPolicy.java:meetCriteria(91)) - Pipeline Placement: can't place more pipeline on heavy datanode： af49d7a1-7bac-4fb8-a68b-38a7dab2a9f5 Heaviness: 6 limit: 5
2019-09-26 10:06:23,378 [RatisPipelineUtilsThread] INFO  pipeline.PipelinePlacementPolicy (PipelinePlacementPolicy.java:meetCriteria(91)) - Pipeline Placement: can't place more pipeline on heavy datanode： 13165a8c-4572-43f4-b795-0eb0b3a8cfdc Heaviness: 6 limit: 5
2019-09-26 10:06:23,378 [RatisPipelineUtilsThread] INFO  pipeline.PipelinePlacementPolicy (PipelinePlacementPolicy.java:meetCriteria(91)) - Pipeline Placement: can't place more pipeline on heavy datanode： 3fdc1795-13a2-484d-a1b3-617bb4b52936 Heaviness: 6 limit: 5
2019-09-26 10:06:23,383 [grpc-default-executor-1] INFO  impl.RaftServerProxy (RaftServerProxy.java:addNew(89)) - 70c8131f-7846-4be9-9772-9c08fe1e82d9: addNew group-D419E5CE76A6:[70c8131f-7846-4be9-9772-9c08fe1e82d9:192.168.30.13:43476] returns group-D419E5CE76A6:java.util.concurrent.CompletableFuture@7c6fc11e[Not completed]
2019-09-26 10:06:23,384 [pool-527-thread-1] INFO  impl.RaftServerImpl (RaftServerImpl.java:<init>(95)) - 70c8131f-7846-4be9-9772-9c08fe1e82d9: new RaftServerImpl for group-D419E5CE76A6:[70c8131f-7846-4be9-9772-9c08fe1e82d9:192.168.30.13:43476] with ContainerStateMachine:uninitialized
2019-09-26 10:06:23,384 [pool-527-thread-1] INFO  server.RaftServerConfigKeys (ConfUtils.java:logGet(43)) - raft.server.rpc.timeout.min = 5s (custom)
2019-09-26 10:06:23,384 [pool-527-thread-1] INFO  server.RaftServerConfigKeys (ConfUtils.java:logGet(43)) - raft.server.rpc.timeout.max = 5200ms (custom)
2019-09-26 10:06:23,384 [pool-527-thread-1] INFO  server.RaftServerConfigKeys (ConfUtils.java:logGet(43)) - raft.server.rpcslowness.timeout = 120s (custom)
2019-09-26 10:06:23,384 [pool-527-thread-1] INFO  server.RaftServerConfigKeys (ConfUtils.java:logGet(43)) - raft.server.sleep.deviation.threshold = 300 (default)
2019-09-26 10:06:23,385 [pool-527-thread-1] INFO  server.RaftServerConfigKeys (ConfUtils.java:logGet(43)) - raft.server.log.appender.install.snapshot.enabled = false (custom)
2019-09-26 10:06:23,385 [pool-527-thread-1] INFO  impl.RaftServerImpl (ServerState.java:<init>(103)) - 70c8131f-7846-4be9-9772-9c08fe1e82d9@group-D419E5CE76A6: ConfigurationManager, init=-1: [70c8131f-7846-4be9-9772-9c08fe1e82d9:192.168.30.13:43476], old=null, confs=<EMPTY_MAP>
2019-09-26 10:06:23,385 [pool-527-thread-1] INFO  server.RaftServerConfigKeys (ConfUtils.java:logGet(43)) - raft.server.storage.dir = [/workdir/hadoop-ozone/integration-test/target/test-dir/MiniOzoneClusterImpl-0a4d6173-89d3-45ab-a960-64e25af93069/datanode-3/data/ratis] (custom)
2019-09-26 10:06:23,385 [pool-527-thread-1] INFO  storage.RaftStorageDirectory (RaftStorageDirectory.java:analyzeStorage(246)) - The storage directory /workdir/hadoop-ozone/integration-test/target/test-dir/MiniOzoneClusterImpl-0a4d6173-89d3-45ab-a960-64e25af93069/datanode-3/data/ratis/049d34f8-bfd6-4f57-8013-d419e5ce76a6 does not exist. Creating ...
2019-09-26 10:06:23,398 [pool-527-thread-1] INFO  storage.RaftStorageDirectory (RaftStorageDirectory.java:tryLock(328)) - Lock on /workdir/hadoop-ozone/integration-test/target/test-dir/MiniOzoneClusterImpl-0a4d6173-89d3-45ab-a960-64e25af93069/datanode-3/data/ratis/049d34f8-bfd6-4f57-8013-d419e5ce76a6/in_use.lock acquired by nodename 19604@pr-hdds-1569-wvzgm-824869521
2019-09-26 10:06:23,412 [pool-527-thread-1] INFO  storage.RaftStorage (RaftStorage.java:format(72)) - Storage directory /workdir/hadoop-ozone/integration-test/target/test-dir/MiniOzoneClusterImpl-0a4d6173-89d3-45ab-a960-64e25af93069/datanode-3/data/ratis/049d34f8-bfd6-4f57-8013-d419e5ce76a6 has been successfully formatted.
2019-09-26 10:06:23,412 [pool-527-thread-1] INFO  ratis.ContainerStateMachine (ContainerStateMachine.java:loadSnapshot(230)) - group-D419E5CE76A6: The snapshot info is null. Setting the last applied indexto:(t:0, i:~)
2019-09-26 10:06:23,412 [pool-527-thread-1] INFO  server.RaftServerConfigKeys (ConfUtils.java:logGet(43)) - raft.server.notification.no-leader.timeout = 120s (custom)
2019-09-26 10:06:23,412 [pool-527-thread-1] INFO  server.RaftServerConfigKeys (ConfUtils.java:logGet(43)) - raft.server.log.use.memory = false (default)
2019-09-26 10:06:23,412 [pool-527-thread-1] INFO  server.RaftServerConfigKeys (ConfUtils.java:logGet(43)) - raft.server.log.purge.gap = 1000000 (custom)
2019-09-26 10:06:23,412 [pool-527-thread-1] INFO  server.RaftServerConfigKeys (ConfUtils.java:logGet(43)) - raft.server.log.appender.buffer.byte-limit = 33554432 (custom)
2019-09-26 10:06:23,413 [pool-527-thread-1] INFO  server.RaftServerConfigKeys (ConfUtils.java:logGet(43)) - raft.server.log.segment.size.max = 1048576 (custom)
2019-09-26 10:06:23,413 [pool-527-thread-1] INFO  server.RaftServerConfigKeys (ConfUtils.java:logGet(43)) - raft.server.log.segment.cache.num.max = 2 (custom)
2019-09-26 10:06:23,413 [pool-527-thread-1] INFO  segmented.SegmentedRaftLogWorker (SegmentedRaftLogWorker.java:<init>(172)) - new 70c8131f-7846-4be9-9772-9c08fe1e82d9@group-D419E5CE76A6-SegmentedRaftLogWorker for RaftStorage:Storage Directory /workdir/hadoop-ozone/integration-test/target/test-dir/MiniOzoneClusterImpl-0a4d6173-89d3-45ab-a960-64e25af93069/datanode-3/data/ratis/049d34f8-bfd6-4f57-8013-d419e5ce76a6
2019-09-26 10:06:23,413 [pool-527-thread-1] INFO  server.RaftServerConfigKeys (ConfUtils.java:logGet(43)) - raft.server.log.queue.byte-limit = 2147483647 (custom)
2019-09-26 10:06:23,413 [pool-527-thread-1] INFO  server.RaftServerConfigKeys (ConfUtils.java:logGet(43)) - raft.server.log.queue.element-limit = 1024 (custom)
2019-09-26 10:06:23,413 [pool-527-thread-1] INFO  server.RaftServerConfigKeys (ConfUtils.java:logGet(43)) - raft.server.log.segment.size.max = 1048576 (custom)
2019-09-26 10:06:23,413 [pool-527-thread-1] INFO  server.RaftServerConfigKeys (ConfUtils.java:logGet(43)) - raft.server.log.preallocated.size = 16384 (custom)
2019-09-26 10:06:23,414 [pool-527-thread-1] INFO  server.RaftServerConfigKeys (ConfUtils.java:logGet(43)) - raft.server.log.write.buffer.size = 33554432 (custom)
2019-09-26 10:06:23,414 [pool-527-thread-1] INFO  server.RaftServerConfigKeys (ConfUtils.java:logGet(43)) - raft.server.log.force.sync.num = 128 (default)
2019-09-26 10:06:23,414 [pool-527-thread-1] INFO  server.RaftServerConfigKeys (ConfUtils.java:logGet(43)) - raft.server.log.statemachine.data.sync = true (default)
2019-09-26 10:06:23,414 [pool-527-thread-1] INFO  server.RaftServerConfigKeys (ConfUtils.java:logGet(43)) - raft.server.log.statemachine.data.sync.timeout = 10s (default)
2019-09-26 10:06:23,414 [pool-527-thread-1] INFO  server.RaftServerConfigKeys (ConfUtils.java:logGet(43)) - raft.server.log.statemachine.data.sync.timeout.retry = -1 (default)
2019-09-26 10:06:23,414 [pool-527-thread-1] INFO  server.RaftServerConfigKeys (ConfUtils.java:logGet(43)) - raft.server.log.statemachine.data.caching.enabled = true (custom)
2019-09-26 10:06:23,415 [pool-527-thread-1] INFO  segmented.SegmentedRaftLogWorker (SegmentedRaftLogWorker.java:lambda$new$0(132)) - 70c8131f-7846-4be9-9772-9c08fe1e82d9@group-D419E5CE76A6-SegmentedRaftLogWorker: flushIndex: setUnconditionally 0 -> -1
2019-09-26 10:06:23,415 [pool-527-thread-1] INFO  server.RaftServerConfigKeys (ConfUtils.java:logGet(43)) - raft.server.snapshot.auto.trigger.enabled = true (custom)
2019-09-26 10:06:23,415 [pool-527-thread-1] INFO  server.RaftServerConfigKeys (ConfUtils.java:logGet(43)) - raft.server.snapshot.auto.trigger.threshold = 10000 (custom)
2019-09-26 10:06:23,415 [pool-527-thread-1] INFO  server.RaftServerConfigKeys (ConfUtils.java:logGet(43)) - raft.server.snapshot.retention.num.files = 5 (custom)
2019-09-26 10:06:23,415 [pool-527-thread-1] INFO  server.RaftServerConfigKeys (ConfUtils.java:logGet(43)) - raft.server.retrycache.expirytime = 600000ms (custom)
2019-09-26 10:06:23,417 [pool-527-thread-1] INFO  impl.RaftServerImpl (RaftServerImpl.java:start(185)) - 70c8131f-7846-4be9-9772-9c08fe1e82d9@group-D419E5CE76A6: start as a follower, conf=-1: [70c8131f-7846-4be9-9772-9c08fe1e82d9:192.168.30.13:43476], old=null
2019-09-26 10:06:23,417 [pool-527-thread-1] INFO  impl.RaftServerImpl (RaftServerImpl.java:setRole(174)) - 70c8131f-7846-4be9-9772-9c08fe1e82d9@group-D419E5CE76A6: changes role from      null to FOLLOWER at term 0 for startAsFollower
2019-09-26 10:06:23,417 [pool-527-thread-1] INFO  impl.RoleInfo (RoleInfo.java:updateAndGet(143)) - 70c8131f-7846-4be9-9772-9c08fe1e82d9: start FollowerState
2019-09-26 10:06:23,417 [pool-527-thread-1] INFO  util.JmxRegister (JmxRegister.java:tryRegister(44)) - Successfully registered JMX Bean with object name Ratis:service=RaftServer,group=group-D419E5CE76A6,id=70c8131f-7846-4be9-9772-9c08fe1e82d9
2019-09-26 10:06:23,420 [RatisPipelineUtilsThread] INFO  pipeline.PipelineStateManager (PipelineStateManager.java:addPipeline(56)) - Created pipeline Pipeline[ Id: 049d34f8-bfd6-4f57-8013-d419e5ce76a6, Nodes: 70c8131f-7846-4be9-9772-9c08fe1e82d9{ip: 192.168.30.13, host: pr-hdds-1569-wvzgm-824869521, networkLocation: /default-rack, certSerialId: null}, Type:RATIS, Factor:ONE, State:OPEN]
2019-09-26 10:06:23,420 [RatisPipelineUtilsThread] INFO  pipeline.PipelinePlacementPolicy (PipelinePlacementPolicy.java:meetCriteria(91)) - Pipeline Placement: can't place more pipeline on heavy datanode： af49d7a1-7bac-4fb8-a68b-38a7dab2a9f5 Heaviness: 6 limit: 5
2019-09-26 10:06:23,420 [RatisPipelineUtilsThread] INFO  pipeline.PipelinePlacementPolicy (PipelinePlacementPolicy.java:meetCriteria(91)) - Pipeline Placement: can't place more pipeline on heavy datanode： 13165a8c-4572-43f4-b795-0eb0b3a8cfdc Heaviness: 6 limit: 5
2019-09-26 10:06:23,420 [RatisPipelineUtilsThread] INFO  pipeline.PipelinePlacementPolicy (PipelinePlacementPolicy.java:meetCriteria(91)) - Pipeline Placement: can't place more pipeline on heavy datanode： 3fdc1795-13a2-484d-a1b3-617bb4b52936 Heaviness: 6 limit: 5
2019-09-26 10:06:23,424 [grpc-default-executor-1] INFO  impl.RaftServerProxy (RaftServerProxy.java:addNew(89)) - 70c8131f-7846-4be9-9772-9c08fe1e82d9: addNew group-2FC5C9C63618:[70c8131f-7846-4be9-9772-9c08fe1e82d9:192.168.30.13:43476] returns group-2FC5C9C63618:java.util.concurrent.CompletableFuture@3afce967[Not completed]
2019-09-26 10:06:23,425 [pool-527-thread-1] INFO  impl.RaftServerImpl (RaftServerImpl.java:<init>(95)) - 70c8131f-7846-4be9-9772-9c08fe1e82d9: new RaftServerImpl for group-2FC5C9C63618:[70c8131f-7846-4be9-9772-9c08fe1e82d9:192.168.30.13:43476] with ContainerStateMachine:uninitialized
2019-09-26 10:06:23,425 [pool-527-thread-1] INFO  server.RaftServerConfigKeys (ConfUtils.java:logGet(43)) - raft.server.rpc.timeout.min = 5s (custom)
2019-09-26 10:06:23,425 [pool-527-thread-1] INFO  server.RaftServerConfigKeys (ConfUtils.java:logGet(43)) - raft.server.rpc.timeout.max = 5200ms (custom)
2019-09-26 10:06:23,425 [pool-527-thread-1] INFO  server.RaftServerConfigKeys (ConfUtils.java:logGet(43)) - raft.server.rpcslowness.timeout = 120s (custom)
2019-09-26 10:06:23,425 [pool-527-thread-1] INFO  server.RaftServerConfigKeys (ConfUtils.java:logGet(43)) - raft.server.sleep.deviation.threshold = 300 (default)
2019-09-26 10:06:23,425 [pool-527-thread-1] INFO  server.RaftServerConfigKeys (ConfUtils.java:logGet(43)) - raft.server.log.appender.install.snapshot.enabled = false (custom)
2019-09-26 10:06:23,425 [pool-527-thread-1] INFO  impl.RaftServerImpl (ServerState.java:<init>(103)) - 70c8131f-7846-4be9-9772-9c08fe1e82d9@group-2FC5C9C63618: ConfigurationManager, init=-1: [70c8131f-7846-4be9-9772-9c08fe1e82d9:192.168.30.13:43476], old=null, confs=<EMPTY_MAP>
2019-09-26 10:06:23,426 [pool-527-thread-1] INFO  server.RaftServerConfigKeys (ConfUtils.java:logGet(43)) - raft.server.storage.dir = [/workdir/hadoop-ozone/integration-test/target/test-dir/MiniOzoneClusterImpl-0a4d6173-89d3-45ab-a960-64e25af93069/datanode-3/data/ratis] (custom)
2019-09-26 10:06:23,426 [pool-527-thread-1] INFO  storage.RaftStorageDirectory (RaftStorageDirectory.java:analyzeStorage(246)) - The storage directory /workdir/hadoop-ozone/integration-test/target/test-dir/MiniOzoneClusterImpl-0a4d6173-89d3-45ab-a960-64e25af93069/datanode-3/data/ratis/43ea39ee-aa90-4873-8ea8-2fc5c9c63618 does not exist. Creating ...
2019-09-26 10:06:23,438 [pool-527-thread-1] INFO  storage.RaftStorageDirectory (RaftStorageDirectory.java:tryLock(328)) - Lock on /workdir/hadoop-ozone/integration-test/target/test-dir/MiniOzoneClusterImpl-0a4d6173-89d3-45ab-a960-64e25af93069/datanode-3/data/ratis/43ea39ee-aa90-4873-8ea8-2fc5c9c63618/in_use.lock acquired by nodename 19604@pr-hdds-1569-wvzgm-824869521
2019-09-26 10:06:23,452 [pool-527-thread-1] INFO  storage.RaftStorage (RaftStorage.java:format(72)) - Storage directory /workdir/hadoop-ozone/integration-test/target/test-dir/MiniOzoneClusterImpl-0a4d6173-89d3-45ab-a960-64e25af93069/datanode-3/data/ratis/43ea39ee-aa90-4873-8ea8-2fc5c9c63618 has been successfully formatted.
2019-09-26 10:06:23,452 [pool-527-thread-1] INFO  ratis.ContainerStateMachine (ContainerStateMachine.java:loadSnapshot(230)) - group-2FC5C9C63618: The snapshot info is null. Setting the last applied indexto:(t:0, i:~)
2019-09-26 10:06:23,452 [pool-527-thread-1] INFO  server.RaftServerConfigKeys (ConfUtils.java:logGet(43)) - raft.server.notification.no-leader.timeout = 120s (custom)
2019-09-26 10:06:23,453 [pool-527-thread-1] INFO  server.RaftServerConfigKeys (ConfUtils.java:logGet(43)) - raft.server.log.use.memory = false (default)
2019-09-26 10:06:23,453 [pool-527-thread-1] INFO  server.RaftServerConfigKeys (ConfUtils.java:logGet(43)) - raft.server.log.purge.gap = 1000000 (custom)
2019-09-26 10:06:23,453 [pool-527-thread-1] INFO  server.RaftServerConfigKeys (ConfUtils.java:logGet(43)) - raft.server.log.appender.buffer.byte-limit = 33554432 (custom)
2019-09-26 10:06:23,453 [pool-527-thread-1] INFO  server.RaftServerConfigKeys (ConfUtils.java:logGet(43)) - raft.server.log.segment.size.max = 1048576 (custom)
2019-09-26 10:06:23,453 [pool-527-thread-1] INFO  server.RaftServerConfigKeys (ConfUtils.java:logGet(43)) - raft.server.log.segment.cache.num.max = 2 (custom)
2019-09-26 10:06:23,453 [pool-527-thread-1] INFO  segmented.SegmentedRaftLogWorker (SegmentedRaftLogWorker.java:<init>(172)) - new 70c8131f-7846-4be9-9772-9c08fe1e82d9@group-2FC5C9C63618-SegmentedRaftLogWorker for RaftStorage:Storage Directory /workdir/hadoop-ozone/integration-test/target/test-dir/MiniOzoneClusterImpl-0a4d6173-89d3-45ab-a960-64e25af93069/datanode-3/data/ratis/43ea39ee-aa90-4873-8ea8-2fc5c9c63618
2019-09-26 10:06:23,453 [pool-527-thread-1] INFO  server.RaftServerConfigKeys (ConfUtils.java:logGet(43)) - raft.server.log.queue.byte-limit = 2147483647 (custom)
2019-09-26 10:06:23,453 [pool-527-thread-1] INFO  server.RaftServerConfigKeys (ConfUtils.java:logGet(43)) - raft.server.log.queue.element-limit = 1024 (custom)
2019-09-26 10:06:23,453 [pool-527-thread-1] INFO  server.RaftServerConfigKeys (ConfUtils.java:logGet(43)) - raft.server.log.segment.size.max = 1048576 (custom)
2019-09-26 10:06:23,454 [pool-527-thread-1] INFO  server.RaftServerConfigKeys (ConfUtils.java:logGet(43)) - raft.server.log.preallocated.size = 16384 (custom)
2019-09-26 10:06:23,454 [pool-527-thread-1] INFO  server.RaftServerConfigKeys (ConfUtils.java:logGet(43)) - raft.server.log.write.buffer.size = 33554432 (custom)
2019-09-26 10:06:23,454 [pool-527-thread-1] INFO  server.RaftServerConfigKeys (ConfUtils.java:logGet(43)) - raft.server.log.force.sync.num = 128 (default)
2019-09-26 10:06:23,454 [pool-527-thread-1] INFO  server.RaftServerConfigKeys (ConfUtils.java:logGet(43)) - raft.server.log.statemachine.data.sync = true (default)
2019-09-26 10:06:23,454 [pool-527-thread-1] INFO  server.RaftServerConfigKeys (ConfUtils.java:logGet(43)) - raft.server.log.statemachine.data.sync.timeout = 10s (default)
2019-09-26 10:06:23,454 [pool-527-thread-1] INFO  server.RaftServerConfigKeys (ConfUtils.java:logGet(43)) - raft.server.log.statemachine.data.sync.timeout.retry = -1 (default)
2019-09-26 10:06:23,454 [pool-527-thread-1] INFO  server.RaftServerConfigKeys (ConfUtils.java:logGet(43)) - raft.server.log.statemachine.data.caching.enabled = true (custom)
2019-09-26 10:06:23,454 [pool-527-thread-1] INFO  segmented.SegmentedRaftLogWorker (SegmentedRaftLogWorker.java:lambda$new$0(132)) - 70c8131f-7846-4be9-9772-9c08fe1e82d9@group-2FC5C9C63618-SegmentedRaftLogWorker: flushIndex: setUnconditionally 0 -> -1
2019-09-26 10:06:23,455 [pool-527-thread-1] INFO  server.RaftServerConfigKeys (ConfUtils.java:logGet(43)) - raft.server.snapshot.auto.trigger.enabled = true (custom)
2019-09-26 10:06:23,455 [pool-527-thread-1] INFO  server.RaftServerConfigKeys (ConfUtils.java:logGet(43)) - raft.server.snapshot.auto.trigger.threshold = 10000 (custom)
2019-09-26 10:06:23,455 [pool-527-thread-1] INFO  server.RaftServerConfigKeys (ConfUtils.java:logGet(43)) - raft.server.snapshot.retention.num.files = 5 (custom)
2019-09-26 10:06:23,455 [pool-527-thread-1] INFO  server.RaftServerConfigKeys (ConfUtils.java:logGet(43)) - raft.server.retrycache.expirytime = 600000ms (custom)
2019-09-26 10:06:23,456 [pool-527-thread-1] INFO  impl.RaftServerImpl (RaftServerImpl.java:start(185)) - 70c8131f-7846-4be9-9772-9c08fe1e82d9@group-2FC5C9C63618: start as a follower, conf=-1: [70c8131f-7846-4be9-9772-9c08fe1e82d9:192.168.30.13:43476], old=null
2019-09-26 10:06:23,456 [pool-527-thread-1] INFO  impl.RaftServerImpl (RaftServerImpl.java:setRole(174)) - 70c8131f-7846-4be9-9772-9c08fe1e82d9@group-2FC5C9C63618: changes role from      null to FOLLOWER at term 0 for startAsFollower
2019-09-26 10:06:23,457 [pool-527-thread-1] INFO  impl.RoleInfo (RoleInfo.java:updateAndGet(143)) - 70c8131f-7846-4be9-9772-9c08fe1e82d9: start FollowerState
2019-09-26 10:06:23,457 [pool-527-thread-1] INFO  util.JmxRegister (JmxRegister.java:tryRegister(44)) - Successfully registered JMX Bean with object name Ratis:service=RaftServer,group=group-2FC5C9C63618,id=70c8131f-7846-4be9-9772-9c08fe1e82d9
2019-09-26 10:06:23,459 [RatisPipelineUtilsThread] INFO  pipeline.PipelineStateManager (PipelineStateManager.java:addPipeline(56)) - Created pipeline Pipeline[ Id: 43ea39ee-aa90-4873-8ea8-2fc5c9c63618, Nodes: 70c8131f-7846-4be9-9772-9c08fe1e82d9{ip: 192.168.30.13, host: pr-hdds-1569-wvzgm-824869521, networkLocation: /default-rack, certSerialId: null}, Type:RATIS, Factor:ONE, State:OPEN]
2019-09-26 10:06:23,459 [RatisPipelineUtilsThread] INFO  pipeline.PipelinePlacementPolicy (PipelinePlacementPolicy.java:meetCriteria(91)) - Pipeline Placement: can't place more pipeline on heavy datanode： 70c8131f-7846-4be9-9772-9c08fe1e82d9 Heaviness: 6 limit: 5
2019-09-26 10:06:23,459 [RatisPipelineUtilsThread] INFO  pipeline.PipelinePlacementPolicy (PipelinePlacementPolicy.java:meetCriteria(91)) - Pipeline Placement: can't place more pipeline on heavy datanode： af49d7a1-7bac-4fb8-a68b-38a7dab2a9f5 Heaviness: 6 limit: 5
2019-09-26 10:06:23,460 [RatisPipelineUtilsThread] INFO  pipeline.PipelinePlacementPolicy (PipelinePlacementPolicy.java:meetCriteria(91)) - Pipeline Placement: can't place more pipeline on heavy datanode： 13165a8c-4572-43f4-b795-0eb0b3a8cfdc Heaviness: 6 limit: 5
2019-09-26 10:06:23,460 [RatisPipelineUtilsThread] INFO  pipeline.PipelinePlacementPolicy (PipelinePlacementPolicy.java:meetCriteria(91)) - Pipeline Placement: can't place more pipeline on heavy datanode： 3fdc1795-13a2-484d-a1b3-617bb4b52936 Heaviness: 6 limit: 5
2019-09-26 10:06:23,463 [grpc-default-executor-1] INFO  impl.RaftServerProxy (RaftServerProxy.java:addNew(89)) - cf63bf87-7688-4ba8-af45-4d7c49885422: addNew group-3FB4B7B9010C:[cf63bf87-7688-4ba8-af45-4d7c49885422:192.168.30.13:43103] returns group-3FB4B7B9010C:java.util.concurrent.CompletableFuture@a3c1b2e[Not completed]
2019-09-26 10:06:23,465 [pool-547-thread-1] INFO  impl.RaftServerImpl (RaftServerImpl.java:<init>(95)) - cf63bf87-7688-4ba8-af45-4d7c49885422: new RaftServerImpl for group-3FB4B7B9010C:[cf63bf87-7688-4ba8-af45-4d7c49885422:192.168.30.13:43103] with ContainerStateMachine:uninitialized
2019-09-26 10:06:23,466 [pool-547-thread-1] INFO  server.RaftServerConfigKeys (ConfUtils.java:logGet(43)) - raft.server.rpc.timeout.min = 5s (custom)
2019-09-26 10:06:23,466 [pool-547-thread-1] INFO  server.RaftServerConfigKeys (ConfUtils.java:logGet(43)) - raft.server.rpc.timeout.max = 5200ms (custom)
2019-09-26 10:06:23,466 [pool-547-thread-1] INFO  server.RaftServerConfigKeys (ConfUtils.java:logGet(43)) - raft.server.rpcslowness.timeout = 120s (custom)
2019-09-26 10:06:23,466 [pool-547-thread-1] INFO  server.RaftServerConfigKeys (ConfUtils.java:logGet(43)) - raft.server.sleep.deviation.threshold = 300 (default)
2019-09-26 10:06:23,466 [pool-547-thread-1] INFO  server.RaftServerConfigKeys (ConfUtils.java:logGet(43)) - raft.server.log.appender.install.snapshot.enabled = false (custom)
2019-09-26 10:06:23,467 [pool-547-thread-1] INFO  impl.RaftServerImpl (ServerState.java:<init>(103)) - cf63bf87-7688-4ba8-af45-4d7c49885422@group-3FB4B7B9010C: ConfigurationManager, init=-1: [cf63bf87-7688-4ba8-af45-4d7c49885422:192.168.30.13:43103], old=null, confs=<EMPTY_MAP>
2019-09-26 10:06:23,467 [pool-547-thread-1] INFO  server.RaftServerConfigKeys (ConfUtils.java:logGet(43)) - raft.server.storage.dir = [/workdir/hadoop-ozone/integration-test/target/test-dir/MiniOzoneClusterImpl-0a4d6173-89d3-45ab-a960-64e25af93069/datanode-5/data/ratis] (custom)
2019-09-26 10:06:23,467 [pool-547-thread-1] INFO  storage.RaftStorageDirectory (RaftStorageDirectory.java:analyzeStorage(246)) - The storage directory /workdir/hadoop-ozone/integration-test/target/test-dir/MiniOzoneClusterImpl-0a4d6173-89d3-45ab-a960-64e25af93069/datanode-5/data/ratis/7edbae01-37b2-4f28-9c85-3fb4b7b9010c does not exist. Creating ...
2019-09-26 10:06:23,492 [pool-547-thread-1] INFO  storage.RaftStorageDirectory (RaftStorageDirectory.java:tryLock(328)) - Lock on /workdir/hadoop-ozone/integration-test/target/test-dir/MiniOzoneClusterImpl-0a4d6173-89d3-45ab-a960-64e25af93069/datanode-5/data/ratis/7edbae01-37b2-4f28-9c85-3fb4b7b9010c/in_use.lock acquired by nodename 19604@pr-hdds-1569-wvzgm-824869521
2019-09-26 10:06:23,505 [pool-547-thread-1] INFO  storage.RaftStorage (RaftStorage.java:format(72)) - Storage directory /workdir/hadoop-ozone/integration-test/target/test-dir/MiniOzoneClusterImpl-0a4d6173-89d3-45ab-a960-64e25af93069/datanode-5/data/ratis/7edbae01-37b2-4f28-9c85-3fb4b7b9010c has been successfully formatted.
2019-09-26 10:06:23,506 [pool-547-thread-1] INFO  ratis.ContainerStateMachine (ContainerStateMachine.java:loadSnapshot(230)) - group-3FB4B7B9010C: The snapshot info is null. Setting the last applied indexto:(t:0, i:~)
2019-09-26 10:06:23,506 [pool-547-thread-1] INFO  server.RaftServerConfigKeys (ConfUtils.java:logGet(43)) - raft.server.notification.no-leader.timeout = 120s (custom)
2019-09-26 10:06:23,506 [pool-547-thread-1] INFO  server.RaftServerConfigKeys (ConfUtils.java:logGet(43)) - raft.server.log.use.memory = false (default)
2019-09-26 10:06:23,506 [pool-547-thread-1] INFO  server.RaftServerConfigKeys (ConfUtils.java:logGet(43)) - raft.server.log.purge.gap = 1000000 (custom)
2019-09-26 10:06:23,506 [pool-547-thread-1] INFO  server.RaftServerConfigKeys (ConfUtils.java:logGet(43)) - raft.server.log.appender.buffer.byte-limit = 33554432 (custom)
2019-09-26 10:06:23,506 [pool-547-thread-1] INFO  server.RaftServerConfigKeys (ConfUtils.java:logGet(43)) - raft.server.log.segment.size.max = 1048576 (custom)
2019-09-26 10:06:23,506 [pool-547-thread-1] INFO  server.RaftServerConfigKeys (ConfUtils.java:logGet(43)) - raft.server.log.segment.cache.num.max = 2 (custom)
2019-09-26 10:06:23,507 [pool-547-thread-1] INFO  segmented.SegmentedRaftLogWorker (SegmentedRaftLogWorker.java:<init>(172)) - new cf63bf87-7688-4ba8-af45-4d7c49885422@group-3FB4B7B9010C-SegmentedRaftLogWorker for RaftStorage:Storage Directory /workdir/hadoop-ozone/integration-test/target/test-dir/MiniOzoneClusterImpl-0a4d6173-89d3-45ab-a960-64e25af93069/datanode-5/data/ratis/7edbae01-37b2-4f28-9c85-3fb4b7b9010c
2019-09-26 10:06:23,507 [pool-547-thread-1] INFO  server.RaftServerConfigKeys (ConfUtils.java:logGet(43)) - raft.server.log.queue.byte-limit = 2147483647 (custom)
2019-09-26 10:06:23,507 [pool-547-thread-1] INFO  server.RaftServerConfigKeys (ConfUtils.java:logGet(43)) - raft.server.log.queue.element-limit = 1024 (custom)
2019-09-26 10:06:23,507 [pool-547-thread-1] INFO  server.RaftServerConfigKeys (ConfUtils.java:logGet(43)) - raft.server.log.segment.size.max = 1048576 (custom)
2019-09-26 10:06:23,507 [pool-547-thread-1] INFO  server.RaftServerConfigKeys (ConfUtils.java:logGet(43)) - raft.server.log.preallocated.size = 16384 (custom)
2019-09-26 10:06:23,507 [pool-547-thread-1] INFO  server.RaftServerConfigKeys (ConfUtils.java:logGet(43)) - raft.server.log.write.buffer.size = 33554432 (custom)
2019-09-26 10:06:23,507 [pool-547-thread-1] INFO  server.RaftServerConfigKeys (ConfUtils.java:logGet(43)) - raft.server.log.force.sync.num = 128 (default)
2019-09-26 10:06:23,507 [pool-547-thread-1] INFO  server.RaftServerConfigKeys (ConfUtils.java:logGet(43)) - raft.server.log.statemachine.data.sync = true (default)
2019-09-26 10:06:23,508 [pool-547-thread-1] INFO  server.RaftServerConfigKeys (ConfUtils.java:logGet(43)) - raft.server.log.statemachine.data.sync.timeout = 10s (default)
2019-09-26 10:06:23,508 [pool-547-thread-1] INFO  server.RaftServerConfigKeys (ConfUtils.java:logGet(43)) - raft.server.log.statemachine.data.sync.timeout.retry = -1 (default)
2019-09-26 10:06:23,508 [pool-547-thread-1] INFO  server.RaftServerConfigKeys (ConfUtils.java:logGet(43)) - raft.server.log.statemachine.data.caching.enabled = true (custom)
2019-09-26 10:06:23,508 [pool-547-thread-1] INFO  segmented.SegmentedRaftLogWorker (SegmentedRaftLogWorker.java:lambda$new$0(132)) - cf63bf87-7688-4ba8-af45-4d7c49885422@group-3FB4B7B9010C-SegmentedRaftLogWorker: flushIndex: setUnconditionally 0 -> -1
2019-09-26 10:06:23,508 [pool-547-thread-1] INFO  server.RaftServerConfigKeys (ConfUtils.java:logGet(43)) - raft.server.snapshot.auto.trigger.enabled = true (custom)
2019-09-26 10:06:23,508 [pool-547-thread-1] INFO  server.RaftServerConfigKeys (ConfUtils.java:logGet(43)) - raft.server.snapshot.auto.trigger.threshold = 10000 (custom)
2019-09-26 10:06:23,509 [pool-547-thread-1] INFO  server.RaftServerConfigKeys (ConfUtils.java:logGet(43)) - raft.server.snapshot.retention.num.files = 5 (custom)
2019-09-26 10:06:23,509 [pool-547-thread-1] INFO  server.RaftServerConfigKeys (ConfUtils.java:logGet(43)) - raft.server.retrycache.expirytime = 600000ms (custom)
2019-09-26 10:06:23,510 [pool-547-thread-1] INFO  impl.RaftServerImpl (RaftServerImpl.java:start(185)) - cf63bf87-7688-4ba8-af45-4d7c49885422@group-3FB4B7B9010C: start as a follower, conf=-1: [cf63bf87-7688-4ba8-af45-4d7c49885422:192.168.30.13:43103], old=null
2019-09-26 10:06:23,511 [pool-547-thread-1] INFO  impl.RaftServerImpl (RaftServerImpl.java:setRole(174)) - cf63bf87-7688-4ba8-af45-4d7c49885422@group-3FB4B7B9010C: changes role from      null to FOLLOWER at term 0 for startAsFollower
2019-09-26 10:06:23,511 [pool-547-thread-1] INFO  impl.RoleInfo (RoleInfo.java:updateAndGet(143)) - cf63bf87-7688-4ba8-af45-4d7c49885422: start FollowerState
2019-09-26 10:06:23,511 [pool-547-thread-1] INFO  util.JmxRegister (JmxRegister.java:tryRegister(44)) - Successfully registered JMX Bean with object name Ratis:service=RaftServer,group=group-3FB4B7B9010C,id=cf63bf87-7688-4ba8-af45-4d7c49885422
2019-09-26 10:06:23,513 [RatisPipelineUtilsThread] INFO  pipeline.PipelineStateManager (PipelineStateManager.java:addPipeline(56)) - Created pipeline Pipeline[ Id: 7edbae01-37b2-4f28-9c85-3fb4b7b9010c, Nodes: cf63bf87-7688-4ba8-af45-4d7c49885422{ip: 192.168.30.13, host: pr-hdds-1569-wvzgm-824869521, networkLocation: /default-rack, certSerialId: null}, Type:RATIS, Factor:ONE, State:OPEN]
2019-09-26 10:06:23,513 [RatisPipelineUtilsThread] INFO  pipeline.PipelinePlacementPolicy (PipelinePlacementPolicy.java:meetCriteria(91)) - Pipeline Placement: can't place more pipeline on heavy datanode： 70c8131f-7846-4be9-9772-9c08fe1e82d9 Heaviness: 6 limit: 5
2019-09-26 10:06:23,513 [RatisPipelineUtilsThread] INFO  pipeline.PipelinePlacementPolicy (PipelinePlacementPolicy.java:meetCriteria(91)) - Pipeline Placement: can't place more pipeline on heavy datanode： af49d7a1-7bac-4fb8-a68b-38a7dab2a9f5 Heaviness: 6 limit: 5
2019-09-26 10:06:23,513 [RatisPipelineUtilsThread] INFO  pipeline.PipelinePlacementPolicy (PipelinePlacementPolicy.java:meetCriteria(91)) - Pipeline Placement: can't place more pipeline on heavy datanode： 13165a8c-4572-43f4-b795-0eb0b3a8cfdc Heaviness: 6 limit: 5
2019-09-26 10:06:23,514 [RatisPipelineUtilsThread] INFO  pipeline.PipelinePlacementPolicy (PipelinePlacementPolicy.java:meetCriteria(91)) - Pipeline Placement: can't place more pipeline on heavy datanode： 3fdc1795-13a2-484d-a1b3-617bb4b52936 Heaviness: 6 limit: 5
2019-09-26 10:06:23,517 [grpc-default-executor-1] INFO  impl.RaftServerProxy (RaftServerProxy.java:addNew(89)) - 4994e2c1-9eac-430d-be8a-cb30a727a84e: addNew group-45D5822F74BA:[4994e2c1-9eac-430d-be8a-cb30a727a84e:192.168.30.13:35200] returns group-45D5822F74BA:java.util.concurrent.CompletableFuture@713f7a24[Not completed]
2019-09-26 10:06:23,518 [pool-537-thread-1] INFO  impl.RaftServerImpl (RaftServerImpl.java:<init>(95)) - 4994e2c1-9eac-430d-be8a-cb30a727a84e: new RaftServerImpl for group-45D5822F74BA:[4994e2c1-9eac-430d-be8a-cb30a727a84e:192.168.30.13:35200] with ContainerStateMachine:uninitialized
2019-09-26 10:06:23,518 [pool-537-thread-1] INFO  server.RaftServerConfigKeys (ConfUtils.java:logGet(43)) - raft.server.rpc.timeout.min = 5s (custom)
2019-09-26 10:06:23,518 [pool-537-thread-1] INFO  server.RaftServerConfigKeys (ConfUtils.java:logGet(43)) - raft.server.rpc.timeout.max = 5200ms (custom)
2019-09-26 10:06:23,519 [pool-537-thread-1] INFO  server.RaftServerConfigKeys (ConfUtils.java:logGet(43)) - raft.server.rpcslowness.timeout = 120s (custom)
2019-09-26 10:06:23,519 [pool-537-thread-1] INFO  server.RaftServerConfigKeys (ConfUtils.java:logGet(43)) - raft.server.sleep.deviation.threshold = 300 (default)
2019-09-26 10:06:23,519 [pool-537-thread-1] INFO  server.RaftServerConfigKeys (ConfUtils.java:logGet(43)) - raft.server.log.appender.install.snapshot.enabled = false (custom)
2019-09-26 10:06:23,519 [pool-537-thread-1] INFO  impl.RaftServerImpl (ServerState.java:<init>(103)) - 4994e2c1-9eac-430d-be8a-cb30a727a84e@group-45D5822F74BA: ConfigurationManager, init=-1: [4994e2c1-9eac-430d-be8a-cb30a727a84e:192.168.30.13:35200], old=null, confs=<EMPTY_MAP>
2019-09-26 10:06:23,519 [pool-537-thread-1] INFO  server.RaftServerConfigKeys (ConfUtils.java:logGet(43)) - raft.server.storage.dir = [/workdir/hadoop-ozone/integration-test/target/test-dir/MiniOzoneClusterImpl-0a4d6173-89d3-45ab-a960-64e25af93069/datanode-4/data/ratis] (custom)
2019-09-26 10:06:23,519 [pool-537-thread-1] INFO  storage.RaftStorageDirectory (RaftStorageDirectory.java:analyzeStorage(246)) - The storage directory /workdir/hadoop-ozone/integration-test/target/test-dir/MiniOzoneClusterImpl-0a4d6173-89d3-45ab-a960-64e25af93069/datanode-4/data/ratis/3541b79c-4ac7-4e0c-a520-45d5822f74ba does not exist. Creating ...
2019-09-26 10:06:23,532 [pool-537-thread-1] INFO  storage.RaftStorageDirectory (RaftStorageDirectory.java:tryLock(328)) - Lock on /workdir/hadoop-ozone/integration-test/target/test-dir/MiniOzoneClusterImpl-0a4d6173-89d3-45ab-a960-64e25af93069/datanode-4/data/ratis/3541b79c-4ac7-4e0c-a520-45d5822f74ba/in_use.lock acquired by nodename 19604@pr-hdds-1569-wvzgm-824869521
2019-09-26 10:06:23,545 [pool-537-thread-1] INFO  storage.RaftStorage (RaftStorage.java:format(72)) - Storage directory /workdir/hadoop-ozone/integration-test/target/test-dir/MiniOzoneClusterImpl-0a4d6173-89d3-45ab-a960-64e25af93069/datanode-4/data/ratis/3541b79c-4ac7-4e0c-a520-45d5822f74ba has been successfully formatted.
2019-09-26 10:06:23,545 [pool-537-thread-1] INFO  ratis.ContainerStateMachine (ContainerStateMachine.java:loadSnapshot(230)) - group-45D5822F74BA: The snapshot info is null. Setting the last applied indexto:(t:0, i:~)
2019-09-26 10:06:23,545 [pool-537-thread-1] INFO  server.RaftServerConfigKeys (ConfUtils.java:logGet(43)) - raft.server.notification.no-leader.timeout = 120s (custom)
2019-09-26 10:06:23,545 [pool-537-thread-1] INFO  server.RaftServerConfigKeys (ConfUtils.java:logGet(43)) - raft.server.log.use.memory = false (default)
2019-09-26 10:06:23,545 [pool-537-thread-1] INFO  server.RaftServerConfigKeys (ConfUtils.java:logGet(43)) - raft.server.log.purge.gap = 1000000 (custom)
2019-09-26 10:06:23,545 [pool-537-thread-1] INFO  server.RaftServerConfigKeys (ConfUtils.java:logGet(43)) - raft.server.log.appender.buffer.byte-limit = 33554432 (custom)
2019-09-26 10:06:23,546 [pool-537-thread-1] INFO  server.RaftServerConfigKeys (ConfUtils.java:logGet(43)) - raft.server.log.segment.size.max = 1048576 (custom)
2019-09-26 10:06:23,546 [pool-537-thread-1] INFO  server.RaftServerConfigKeys (ConfUtils.java:logGet(43)) - raft.server.log.segment.cache.num.max = 2 (custom)
2019-09-26 10:06:23,546 [pool-537-thread-1] INFO  segmented.SegmentedRaftLogWorker (SegmentedRaftLogWorker.java:<init>(172)) - new 4994e2c1-9eac-430d-be8a-cb30a727a84e@group-45D5822F74BA-SegmentedRaftLogWorker for RaftStorage:Storage Directory /workdir/hadoop-ozone/integration-test/target/test-dir/MiniOzoneClusterImpl-0a4d6173-89d3-45ab-a960-64e25af93069/datanode-4/data/ratis/3541b79c-4ac7-4e0c-a520-45d5822f74ba
2019-09-26 10:06:23,546 [pool-537-thread-1] INFO  server.RaftServerConfigKeys (ConfUtils.java:logGet(43)) - raft.server.log.queue.byte-limit = 2147483647 (custom)
2019-09-26 10:06:23,546 [pool-537-thread-1] INFO  server.RaftServerConfigKeys (ConfUtils.java:logGet(43)) - raft.server.log.queue.element-limit = 1024 (custom)
2019-09-26 10:06:23,546 [pool-537-thread-1] INFO  server.RaftServerConfigKeys (ConfUtils.java:logGet(43)) - raft.server.log.segment.size.max = 1048576 (custom)
2019-09-26 10:06:23,546 [pool-537-thread-1] INFO  server.RaftServerConfigKeys (ConfUtils.java:logGet(43)) - raft.server.log.preallocated.size = 16384 (custom)
2019-09-26 10:06:23,547 [pool-537-thread-1] INFO  server.RaftServerConfigKeys (ConfUtils.java:logGet(43)) - raft.server.log.write.buffer.size = 33554432 (custom)
2019-09-26 10:06:23,547 [pool-537-thread-1] INFO  server.RaftServerConfigKeys (ConfUtils.java:logGet(43)) - raft.server.log.force.sync.num = 128 (default)
2019-09-26 10:06:23,547 [pool-537-thread-1] INFO  server.RaftServerConfigKeys (ConfUtils.java:logGet(43)) - raft.server.log.statemachine.data.sync = true (default)
2019-09-26 10:06:23,547 [pool-537-thread-1] INFO  server.RaftServerConfigKeys (ConfUtils.java:logGet(43)) - raft.server.log.statemachine.data.sync.timeout = 10s (default)
2019-09-26 10:06:23,547 [pool-537-thread-1] INFO  server.RaftServerConfigKeys (ConfUtils.java:logGet(43)) - raft.server.log.statemachine.data.sync.timeout.retry = -1 (default)
2019-09-26 10:06:23,547 [pool-537-thread-1] INFO  server.RaftServerConfigKeys (ConfUtils.java:logGet(43)) - raft.server.log.statemachine.data.caching.enabled = true (custom)
2019-09-26 10:06:23,548 [pool-537-thread-1] INFO  segmented.SegmentedRaftLogWorker (SegmentedRaftLogWorker.java:lambda$new$0(132)) - 4994e2c1-9eac-430d-be8a-cb30a727a84e@group-45D5822F74BA-SegmentedRaftLogWorker: flushIndex: setUnconditionally 0 -> -1
2019-09-26 10:06:23,548 [pool-537-thread-1] INFO  server.RaftServerConfigKeys (ConfUtils.java:logGet(43)) - raft.server.snapshot.auto.trigger.enabled = true (custom)
2019-09-26 10:06:23,548 [pool-537-thread-1] INFO  server.RaftServerConfigKeys (ConfUtils.java:logGet(43)) - raft.server.snapshot.auto.trigger.threshold = 10000 (custom)
2019-09-26 10:06:23,548 [pool-537-thread-1] INFO  server.RaftServerConfigKeys (ConfUtils.java:logGet(43)) - raft.server.snapshot.retention.num.files = 5 (custom)
2019-09-26 10:06:23,548 [pool-537-thread-1] INFO  server.RaftServerConfigKeys (ConfUtils.java:logGet(43)) - raft.server.retrycache.expirytime = 600000ms (custom)
2019-09-26 10:06:23,550 [pool-537-thread-1] INFO  impl.RaftServerImpl (RaftServerImpl.java:start(185)) - 4994e2c1-9eac-430d-be8a-cb30a727a84e@group-45D5822F74BA: start as a follower, conf=-1: [4994e2c1-9eac-430d-be8a-cb30a727a84e:192.168.30.13:35200], old=null
2019-09-26 10:06:23,550 [pool-537-thread-1] INFO  impl.RaftServerImpl (RaftServerImpl.java:setRole(174)) - 4994e2c1-9eac-430d-be8a-cb30a727a84e@group-45D5822F74BA: changes role from      null to FOLLOWER at term 0 for startAsFollower
2019-09-26 10:06:23,551 [pool-537-thread-1] INFO  impl.RoleInfo (RoleInfo.java:updateAndGet(143)) - 4994e2c1-9eac-430d-be8a-cb30a727a84e: start FollowerState
2019-09-26 10:06:23,551 [pool-537-thread-1] INFO  util.JmxRegister (JmxRegister.java:tryRegister(44)) - Successfully registered JMX Bean with object name Ratis:service=RaftServer,group=group-45D5822F74BA,id=4994e2c1-9eac-430d-be8a-cb30a727a84e
2019-09-26 10:06:23,553 [RatisPipelineUtilsThread] INFO  pipeline.PipelineStateManager (PipelineStateManager.java:addPipeline(56)) - Created pipeline Pipeline[ Id: 3541b79c-4ac7-4e0c-a520-45d5822f74ba, Nodes: 4994e2c1-9eac-430d-be8a-cb30a727a84e{ip: 192.168.30.13, host: pr-hdds-1569-wvzgm-824869521, networkLocation: /default-rack, certSerialId: null}, Type:RATIS, Factor:ONE, State:OPEN]
2019-09-26 10:06:23,553 [RatisPipelineUtilsThread] INFO  pipeline.PipelinePlacementPolicy (PipelinePlacementPolicy.java:meetCriteria(91)) - Pipeline Placement: can't place more pipeline on heavy datanode： 70c8131f-7846-4be9-9772-9c08fe1e82d9 Heaviness: 6 limit: 5
2019-09-26 10:06:23,554 [RatisPipelineUtilsThread] INFO  pipeline.PipelinePlacementPolicy (PipelinePlacementPolicy.java:meetCriteria(91)) - Pipeline Placement: can't place more pipeline on heavy datanode： af49d7a1-7bac-4fb8-a68b-38a7dab2a9f5 Heaviness: 6 limit: 5
2019-09-26 10:06:23,554 [RatisPipelineUtilsThread] INFO  pipeline.PipelinePlacementPolicy (PipelinePlacementPolicy.java:meetCriteria(91)) - Pipeline Placement: can't place more pipeline on heavy datanode： 13165a8c-4572-43f4-b795-0eb0b3a8cfdc Heaviness: 6 limit: 5
2019-09-26 10:06:23,554 [RatisPipelineUtilsThread] INFO  pipeline.PipelinePlacementPolicy (PipelinePlacementPolicy.java:meetCriteria(91)) - Pipeline Placement: can't place more pipeline on heavy datanode： 3fdc1795-13a2-484d-a1b3-617bb4b52936 Heaviness: 6 limit: 5
2019-09-26 10:06:23,558 [grpc-default-executor-1] INFO  impl.RaftServerProxy (RaftServerProxy.java:addNew(89)) - cf63bf87-7688-4ba8-af45-4d7c49885422: addNew group-0766567AA2C7:[cf63bf87-7688-4ba8-af45-4d7c49885422:192.168.30.13:43103] returns group-0766567AA2C7:java.util.concurrent.CompletableFuture@59cbc9a8[Not completed]
2019-09-26 10:06:23,559 [pool-547-thread-1] INFO  impl.RaftServerImpl (RaftServerImpl.java:<init>(95)) - cf63bf87-7688-4ba8-af45-4d7c49885422: new RaftServerImpl for group-0766567AA2C7:[cf63bf87-7688-4ba8-af45-4d7c49885422:192.168.30.13:43103] with ContainerStateMachine:uninitialized
2019-09-26 10:06:23,559 [pool-547-thread-1] INFO  server.RaftServerConfigKeys (ConfUtils.java:logGet(43)) - raft.server.rpc.timeout.min = 5s (custom)
2019-09-26 10:06:23,559 [pool-547-thread-1] INFO  server.RaftServerConfigKeys (ConfUtils.java:logGet(43)) - raft.server.rpc.timeout.max = 5200ms (custom)
2019-09-26 10:06:23,559 [pool-547-thread-1] INFO  server.RaftServerConfigKeys (ConfUtils.java:logGet(43)) - raft.server.rpcslowness.timeout = 120s (custom)
2019-09-26 10:06:23,560 [pool-547-thread-1] INFO  server.RaftServerConfigKeys (ConfUtils.java:logGet(43)) - raft.server.sleep.deviation.threshold = 300 (default)
2019-09-26 10:06:23,560 [pool-547-thread-1] INFO  server.RaftServerConfigKeys (ConfUtils.java:logGet(43)) - raft.server.log.appender.install.snapshot.enabled = false (custom)
2019-09-26 10:06:23,560 [pool-547-thread-1] INFO  impl.RaftServerImpl (ServerState.java:<init>(103)) - cf63bf87-7688-4ba8-af45-4d7c49885422@group-0766567AA2C7: ConfigurationManager, init=-1: [cf63bf87-7688-4ba8-af45-4d7c49885422:192.168.30.13:43103], old=null, confs=<EMPTY_MAP>
2019-09-26 10:06:23,560 [pool-547-thread-1] INFO  server.RaftServerConfigKeys (ConfUtils.java:logGet(43)) - raft.server.storage.dir = [/workdir/hadoop-ozone/integration-test/target/test-dir/MiniOzoneClusterImpl-0a4d6173-89d3-45ab-a960-64e25af93069/datanode-5/data/ratis] (custom)
2019-09-26 10:06:23,561 [pool-547-thread-1] INFO  storage.RaftStorageDirectory (RaftStorageDirectory.java:analyzeStorage(246)) - The storage directory /workdir/hadoop-ozone/integration-test/target/test-dir/MiniOzoneClusterImpl-0a4d6173-89d3-45ab-a960-64e25af93069/datanode-5/data/ratis/51bc4775-431f-491f-8074-0766567aa2c7 does not exist. Creating ...
2019-09-26 10:06:23,573 [pool-547-thread-1] INFO  storage.RaftStorageDirectory (RaftStorageDirectory.java:tryLock(328)) - Lock on /workdir/hadoop-ozone/integration-test/target/test-dir/MiniOzoneClusterImpl-0a4d6173-89d3-45ab-a960-64e25af93069/datanode-5/data/ratis/51bc4775-431f-491f-8074-0766567aa2c7/in_use.lock acquired by nodename 19604@pr-hdds-1569-wvzgm-824869521
2019-09-26 10:06:23,606 [pool-547-thread-1] INFO  storage.RaftStorage (RaftStorage.java:format(72)) - Storage directory /workdir/hadoop-ozone/integration-test/target/test-dir/MiniOzoneClusterImpl-0a4d6173-89d3-45ab-a960-64e25af93069/datanode-5/data/ratis/51bc4775-431f-491f-8074-0766567aa2c7 has been successfully formatted.
2019-09-26 10:06:23,606 [pool-547-thread-1] INFO  ratis.ContainerStateMachine (ContainerStateMachine.java:loadSnapshot(230)) - group-0766567AA2C7: The snapshot info is null. Setting the last applied indexto:(t:0, i:~)
2019-09-26 10:06:23,606 [pool-547-thread-1] INFO  server.RaftServerConfigKeys (ConfUtils.java:logGet(43)) - raft.server.notification.no-leader.timeout = 120s (custom)
2019-09-26 10:06:23,606 [pool-547-thread-1] INFO  server.RaftServerConfigKeys (ConfUtils.java:logGet(43)) - raft.server.log.use.memory = false (default)
2019-09-26 10:06:23,606 [pool-547-thread-1] INFO  server.RaftServerConfigKeys (ConfUtils.java:logGet(43)) - raft.server.log.purge.gap = 1000000 (custom)
2019-09-26 10:06:23,607 [pool-547-thread-1] INFO  server.RaftServerConfigKeys (ConfUtils.java:logGet(43)) - raft.server.log.appender.buffer.byte-limit = 33554432 (custom)
2019-09-26 10:06:23,607 [pool-547-thread-1] INFO  server.RaftServerConfigKeys (ConfUtils.java:logGet(43)) - raft.server.log.segment.size.max = 1048576 (custom)
2019-09-26 10:06:23,607 [pool-547-thread-1] INFO  server.RaftServerConfigKeys (ConfUtils.java:logGet(43)) - raft.server.log.segment.cache.num.max = 2 (custom)
2019-09-26 10:06:23,607 [pool-547-thread-1] INFO  segmented.SegmentedRaftLogWorker (SegmentedRaftLogWorker.java:<init>(172)) - new cf63bf87-7688-4ba8-af45-4d7c49885422@group-0766567AA2C7-SegmentedRaftLogWorker for RaftStorage:Storage Directory /workdir/hadoop-ozone/integration-test/target/test-dir/MiniOzoneClusterImpl-0a4d6173-89d3-45ab-a960-64e25af93069/datanode-5/data/ratis/51bc4775-431f-491f-8074-0766567aa2c7
2019-09-26 10:06:23,607 [pool-547-thread-1] INFO  server.RaftServerConfigKeys (ConfUtils.java:logGet(43)) - raft.server.log.queue.byte-limit = 2147483647 (custom)
2019-09-26 10:06:23,607 [pool-547-thread-1] INFO  server.RaftServerConfigKeys (ConfUtils.java:logGet(43)) - raft.server.log.queue.element-limit = 1024 (custom)
2019-09-26 10:06:23,607 [pool-547-thread-1] INFO  server.RaftServerConfigKeys (ConfUtils.java:logGet(43)) - raft.server.log.segment.size.max = 1048576 (custom)
2019-09-26 10:06:23,608 [pool-547-thread-1] INFO  server.RaftServerConfigKeys (ConfUtils.java:logGet(43)) - raft.server.log.preallocated.size = 16384 (custom)
2019-09-26 10:06:23,608 [pool-547-thread-1] INFO  server.RaftServerConfigKeys (ConfUtils.java:logGet(43)) - raft.server.log.write.buffer.size = 33554432 (custom)
2019-09-26 10:06:23,608 [pool-547-thread-1] INFO  server.RaftServerConfigKeys (ConfUtils.java:logGet(43)) - raft.server.log.force.sync.num = 128 (default)
2019-09-26 10:06:23,608 [pool-547-thread-1] INFO  server.RaftServerConfigKeys (ConfUtils.java:logGet(43)) - raft.server.log.statemachine.data.sync = true (default)
2019-09-26 10:06:23,608 [pool-547-thread-1] INFO  server.RaftServerConfigKeys (ConfUtils.java:logGet(43)) - raft.server.log.statemachine.data.sync.timeout = 10s (default)
2019-09-26 10:06:23,608 [pool-547-thread-1] INFO  server.RaftServerConfigKeys (ConfUtils.java:logGet(43)) - raft.server.log.statemachine.data.sync.timeout.retry = -1 (default)
2019-09-26 10:06:23,608 [pool-547-thread-1] INFO  server.RaftServerConfigKeys (ConfUtils.java:logGet(43)) - raft.server.log.statemachine.data.caching.enabled = true (custom)
2019-09-26 10:06:23,608 [pool-547-thread-1] INFO  segmented.SegmentedRaftLogWorker (SegmentedRaftLogWorker.java:lambda$new$0(132)) - cf63bf87-7688-4ba8-af45-4d7c49885422@group-0766567AA2C7-SegmentedRaftLogWorker: flushIndex: setUnconditionally 0 -> -1
2019-09-26 10:06:23,609 [pool-547-thread-1] INFO  server.RaftServerConfigKeys (ConfUtils.java:logGet(43)) - raft.server.snapshot.auto.trigger.enabled = true (custom)
2019-09-26 10:06:23,609 [pool-547-thread-1] INFO  server.RaftServerConfigKeys (ConfUtils.java:logGet(43)) - raft.server.snapshot.auto.trigger.threshold = 10000 (custom)
2019-09-26 10:06:23,609 [pool-547-thread-1] INFO  server.RaftServerConfigKeys (ConfUtils.java:logGet(43)) - raft.server.snapshot.retention.num.files = 5 (custom)
2019-09-26 10:06:23,609 [pool-547-thread-1] INFO  server.RaftServerConfigKeys (ConfUtils.java:logGet(43)) - raft.server.retrycache.expirytime = 600000ms (custom)
2019-09-26 10:06:23,610 [pool-547-thread-1] INFO  impl.RaftServerImpl (RaftServerImpl.java:start(185)) - cf63bf87-7688-4ba8-af45-4d7c49885422@group-0766567AA2C7: start as a follower, conf=-1: [cf63bf87-7688-4ba8-af45-4d7c49885422:192.168.30.13:43103], old=null
2019-09-26 10:06:23,610 [pool-547-thread-1] INFO  impl.RaftServerImpl (RaftServerImpl.java:setRole(174)) - cf63bf87-7688-4ba8-af45-4d7c49885422@group-0766567AA2C7: changes role from      null to FOLLOWER at term 0 for startAsFollower
2019-09-26 10:06:23,610 [pool-547-thread-1] INFO  impl.RoleInfo (RoleInfo.java:updateAndGet(143)) - cf63bf87-7688-4ba8-af45-4d7c49885422: start FollowerState
2019-09-26 10:06:23,611 [pool-547-thread-1] INFO  util.JmxRegister (JmxRegister.java:tryRegister(44)) - Successfully registered JMX Bean with object name Ratis:service=RaftServer,group=group-0766567AA2C7,id=cf63bf87-7688-4ba8-af45-4d7c49885422
2019-09-26 10:06:23,613 [RatisPipelineUtilsThread] INFO  pipeline.PipelineStateManager (PipelineStateManager.java:addPipeline(56)) - Created pipeline Pipeline[ Id: 51bc4775-431f-491f-8074-0766567aa2c7, Nodes: cf63bf87-7688-4ba8-af45-4d7c49885422{ip: 192.168.30.13, host: pr-hdds-1569-wvzgm-824869521, networkLocation: /default-rack, certSerialId: null}, Type:RATIS, Factor:ONE, State:OPEN]
2019-09-26 10:06:23,613 [RatisPipelineUtilsThread] INFO  pipeline.PipelinePlacementPolicy (PipelinePlacementPolicy.java:meetCriteria(91)) - Pipeline Placement: can't place more pipeline on heavy datanode： 70c8131f-7846-4be9-9772-9c08fe1e82d9 Heaviness: 6 limit: 5
2019-09-26 10:06:23,613 [RatisPipelineUtilsThread] INFO  pipeline.PipelinePlacementPolicy (PipelinePlacementPolicy.java:meetCriteria(91)) - Pipeline Placement: can't place more pipeline on heavy datanode： af49d7a1-7bac-4fb8-a68b-38a7dab2a9f5 Heaviness: 6 limit: 5
2019-09-26 10:06:23,613 [RatisPipelineUtilsThread] INFO  pipeline.PipelinePlacementPolicy (PipelinePlacementPolicy.java:meetCriteria(91)) - Pipeline Placement: can't place more pipeline on heavy datanode： 13165a8c-4572-43f4-b795-0eb0b3a8cfdc Heaviness: 6 limit: 5
2019-09-26 10:06:23,613 [RatisPipelineUtilsThread] INFO  pipeline.PipelinePlacementPolicy (PipelinePlacementPolicy.java:meetCriteria(91)) - Pipeline Placement: can't place more pipeline on heavy datanode： 3fdc1795-13a2-484d-a1b3-617bb4b52936 Heaviness: 6 limit: 5
2019-09-26 10:06:23,617 [grpc-default-executor-1] INFO  impl.RaftServerProxy (RaftServerProxy.java:addNew(89)) - 4994e2c1-9eac-430d-be8a-cb30a727a84e: addNew group-3930F033ECA2:[4994e2c1-9eac-430d-be8a-cb30a727a84e:192.168.30.13:35200] returns group-3930F033ECA2:java.util.concurrent.CompletableFuture@57b6a984[Not completed]
2019-09-26 10:06:23,618 [pool-537-thread-1] INFO  impl.RaftServerImpl (RaftServerImpl.java:<init>(95)) - 4994e2c1-9eac-430d-be8a-cb30a727a84e: new RaftServerImpl for group-3930F033ECA2:[4994e2c1-9eac-430d-be8a-cb30a727a84e:192.168.30.13:35200] with ContainerStateMachine:uninitialized
2019-09-26 10:06:23,618 [pool-537-thread-1] INFO  server.RaftServerConfigKeys (ConfUtils.java:logGet(43)) - raft.server.rpc.timeout.min = 5s (custom)
2019-09-26 10:06:23,618 [pool-537-thread-1] INFO  server.RaftServerConfigKeys (ConfUtils.java:logGet(43)) - raft.server.rpc.timeout.max = 5200ms (custom)
2019-09-26 10:06:23,618 [pool-537-thread-1] INFO  server.RaftServerConfigKeys (ConfUtils.java:logGet(43)) - raft.server.rpcslowness.timeout = 120s (custom)
2019-09-26 10:06:23,618 [pool-537-thread-1] INFO  server.RaftServerConfigKeys (ConfUtils.java:logGet(43)) - raft.server.sleep.deviation.threshold = 300 (default)
2019-09-26 10:06:23,619 [pool-537-thread-1] INFO  server.RaftServerConfigKeys (ConfUtils.java:logGet(43)) - raft.server.log.appender.install.snapshot.enabled = false (custom)
2019-09-26 10:06:23,619 [pool-537-thread-1] INFO  impl.RaftServerImpl (ServerState.java:<init>(103)) - 4994e2c1-9eac-430d-be8a-cb30a727a84e@group-3930F033ECA2: ConfigurationManager, init=-1: [4994e2c1-9eac-430d-be8a-cb30a727a84e:192.168.30.13:35200], old=null, confs=<EMPTY_MAP>
2019-09-26 10:06:23,619 [pool-537-thread-1] INFO  server.RaftServerConfigKeys (ConfUtils.java:logGet(43)) - raft.server.storage.dir = [/workdir/hadoop-ozone/integration-test/target/test-dir/MiniOzoneClusterImpl-0a4d6173-89d3-45ab-a960-64e25af93069/datanode-4/data/ratis] (custom)
2019-09-26 10:06:23,619 [pool-537-thread-1] INFO  storage.RaftStorageDirectory (RaftStorageDirectory.java:analyzeStorage(246)) - The storage directory /workdir/hadoop-ozone/integration-test/target/test-dir/MiniOzoneClusterImpl-0a4d6173-89d3-45ab-a960-64e25af93069/datanode-4/data/ratis/fa5619f0-a44e-41f3-83f9-3930f033eca2 does not exist. Creating ...
2019-09-26 10:06:23,640 [pool-537-thread-1] INFO  storage.RaftStorageDirectory (RaftStorageDirectory.java:tryLock(328)) - Lock on /workdir/hadoop-ozone/integration-test/target/test-dir/MiniOzoneClusterImpl-0a4d6173-89d3-45ab-a960-64e25af93069/datanode-4/data/ratis/fa5619f0-a44e-41f3-83f9-3930f033eca2/in_use.lock acquired by nodename 19604@pr-hdds-1569-wvzgm-824869521
2019-09-26 10:06:23,653 [pool-537-thread-1] INFO  storage.RaftStorage (RaftStorage.java:format(72)) - Storage directory /workdir/hadoop-ozone/integration-test/target/test-dir/MiniOzoneClusterImpl-0a4d6173-89d3-45ab-a960-64e25af93069/datanode-4/data/ratis/fa5619f0-a44e-41f3-83f9-3930f033eca2 has been successfully formatted.
2019-09-26 10:06:23,653 [pool-537-thread-1] INFO  ratis.ContainerStateMachine (ContainerStateMachine.java:loadSnapshot(230)) - group-3930F033ECA2: The snapshot info is null. Setting the last applied indexto:(t:0, i:~)
2019-09-26 10:06:23,653 [pool-537-thread-1] INFO  server.RaftServerConfigKeys (ConfUtils.java:logGet(43)) - raft.server.notification.no-leader.timeout = 120s (custom)
2019-09-26 10:06:23,654 [pool-537-thread-1] INFO  server.RaftServerConfigKeys (ConfUtils.java:logGet(43)) - raft.server.log.use.memory = false (default)
2019-09-26 10:06:23,654 [pool-537-thread-1] INFO  server.RaftServerConfigKeys (ConfUtils.java:logGet(43)) - raft.server.log.purge.gap = 1000000 (custom)
2019-09-26 10:06:23,654 [pool-537-thread-1] INFO  server.RaftServerConfigKeys (ConfUtils.java:logGet(43)) - raft.server.log.appender.buffer.byte-limit = 33554432 (custom)
2019-09-26 10:06:23,654 [pool-537-thread-1] INFO  server.RaftServerConfigKeys (ConfUtils.java:logGet(43)) - raft.server.log.segment.size.max = 1048576 (custom)
2019-09-26 10:06:23,654 [pool-537-thread-1] INFO  server.RaftServerConfigKeys (ConfUtils.java:logGet(43)) - raft.server.log.segment.cache.num.max = 2 (custom)
2019-09-26 10:06:23,654 [pool-537-thread-1] INFO  segmented.SegmentedRaftLogWorker (SegmentedRaftLogWorker.java:<init>(172)) - new 4994e2c1-9eac-430d-be8a-cb30a727a84e@group-3930F033ECA2-SegmentedRaftLogWorker for RaftStorage:Storage Directory /workdir/hadoop-ozone/integration-test/target/test-dir/MiniOzoneClusterImpl-0a4d6173-89d3-45ab-a960-64e25af93069/datanode-4/data/ratis/fa5619f0-a44e-41f3-83f9-3930f033eca2
2019-09-26 10:06:23,654 [pool-537-thread-1] INFO  server.RaftServerConfigKeys (ConfUtils.java:logGet(43)) - raft.server.log.queue.byte-limit = 2147483647 (custom)
2019-09-26 10:06:23,654 [pool-537-thread-1] INFO  server.RaftServerConfigKeys (ConfUtils.java:logGet(43)) - raft.server.log.queue.element-limit = 1024 (custom)
2019-09-26 10:06:23,654 [pool-537-thread-1] INFO  server.RaftServerConfigKeys (ConfUtils.java:logGet(43)) - raft.server.log.segment.size.max = 1048576 (custom)
2019-09-26 10:06:23,655 [pool-537-thread-1] INFO  server.RaftServerConfigKeys (ConfUtils.java:logGet(43)) - raft.server.log.preallocated.size = 16384 (custom)
2019-09-26 10:06:23,655 [pool-537-thread-1] INFO  server.RaftServerConfigKeys (ConfUtils.java:logGet(43)) - raft.server.log.write.buffer.size = 33554432 (custom)
2019-09-26 10:06:23,655 [pool-537-thread-1] INFO  server.RaftServerConfigKeys (ConfUtils.java:logGet(43)) - raft.server.log.force.sync.num = 128 (default)
2019-09-26 10:06:23,655 [pool-537-thread-1] INFO  server.RaftServerConfigKeys (ConfUtils.java:logGet(43)) - raft.server.log.statemachine.data.sync = true (default)
2019-09-26 10:06:23,655 [pool-537-thread-1] INFO  server.RaftServerConfigKeys (ConfUtils.java:logGet(43)) - raft.server.log.statemachine.data.sync.timeout = 10s (default)
2019-09-26 10:06:23,655 [pool-537-thread-1] INFO  server.RaftServerConfigKeys (ConfUtils.java:logGet(43)) - raft.server.log.statemachine.data.sync.timeout.retry = -1 (default)
2019-09-26 10:06:23,655 [pool-537-thread-1] INFO  server.RaftServerConfigKeys (ConfUtils.java:logGet(43)) - raft.server.log.statemachine.data.caching.enabled = true (custom)
2019-09-26 10:06:23,655 [pool-537-thread-1] INFO  segmented.SegmentedRaftLogWorker (SegmentedRaftLogWorker.java:lambda$new$0(132)) - 4994e2c1-9eac-430d-be8a-cb30a727a84e@group-3930F033ECA2-SegmentedRaftLogWorker: flushIndex: setUnconditionally 0 -> -1
2019-09-26 10:06:23,656 [pool-537-thread-1] INFO  server.RaftServerConfigKeys (ConfUtils.java:logGet(43)) - raft.server.snapshot.auto.trigger.enabled = true (custom)
2019-09-26 10:06:23,656 [pool-537-thread-1] INFO  server.RaftServerConfigKeys (ConfUtils.java:logGet(43)) - raft.server.snapshot.auto.trigger.threshold = 10000 (custom)
2019-09-26 10:06:23,656 [pool-537-thread-1] INFO  server.RaftServerConfigKeys (ConfUtils.java:logGet(43)) - raft.server.snapshot.retention.num.files = 5 (custom)
2019-09-26 10:06:23,656 [pool-537-thread-1] INFO  server.RaftServerConfigKeys (ConfUtils.java:logGet(43)) - raft.server.retrycache.expirytime = 600000ms (custom)
2019-09-26 10:06:23,658 [pool-537-thread-1] INFO  impl.RaftServerImpl (RaftServerImpl.java:start(185)) - 4994e2c1-9eac-430d-be8a-cb30a727a84e@group-3930F033ECA2: start as a follower, conf=-1: [4994e2c1-9eac-430d-be8a-cb30a727a84e:192.168.30.13:35200], old=null
2019-09-26 10:06:23,658 [pool-537-thread-1] INFO  impl.RaftServerImpl (RaftServerImpl.java:setRole(174)) - 4994e2c1-9eac-430d-be8a-cb30a727a84e@group-3930F033ECA2: changes role from      null to FOLLOWER at term 0 for startAsFollower
2019-09-26 10:06:23,658 [pool-537-thread-1] INFO  impl.RoleInfo (RoleInfo.java:updateAndGet(143)) - 4994e2c1-9eac-430d-be8a-cb30a727a84e: start FollowerState
2019-09-26 10:06:23,658 [pool-537-thread-1] INFO  util.JmxRegister (JmxRegister.java:tryRegister(44)) - Successfully registered JMX Bean with object name Ratis:service=RaftServer,group=group-3930F033ECA2,id=4994e2c1-9eac-430d-be8a-cb30a727a84e
2019-09-26 10:06:23,660 [RatisPipelineUtilsThread] INFO  pipeline.PipelineStateManager (PipelineStateManager.java:addPipeline(56)) - Created pipeline Pipeline[ Id: fa5619f0-a44e-41f3-83f9-3930f033eca2, Nodes: 4994e2c1-9eac-430d-be8a-cb30a727a84e{ip: 192.168.30.13, host: pr-hdds-1569-wvzgm-824869521, networkLocation: /default-rack, certSerialId: null}, Type:RATIS, Factor:ONE, State:OPEN]
2019-09-26 10:06:23,660 [RatisPipelineUtilsThread] INFO  pipeline.PipelinePlacementPolicy (PipelinePlacementPolicy.java:meetCriteria(91)) - Pipeline Placement: can't place more pipeline on heavy datanode： 70c8131f-7846-4be9-9772-9c08fe1e82d9 Heaviness: 6 limit: 5
2019-09-26 10:06:23,661 [RatisPipelineUtilsThread] INFO  pipeline.PipelinePlacementPolicy (PipelinePlacementPolicy.java:meetCriteria(91)) - Pipeline Placement: can't place more pipeline on heavy datanode： af49d7a1-7bac-4fb8-a68b-38a7dab2a9f5 Heaviness: 6 limit: 5
2019-09-26 10:06:23,661 [RatisPipelineUtilsThread] INFO  pipeline.PipelinePlacementPolicy (PipelinePlacementPolicy.java:meetCriteria(91)) - Pipeline Placement: can't place more pipeline on heavy datanode： 13165a8c-4572-43f4-b795-0eb0b3a8cfdc Heaviness: 6 limit: 5
2019-09-26 10:06:23,661 [RatisPipelineUtilsThread] INFO  pipeline.PipelinePlacementPolicy (PipelinePlacementPolicy.java:meetCriteria(91)) - Pipeline Placement: can't place more pipeline on heavy datanode： 3fdc1795-13a2-484d-a1b3-617bb4b52936 Heaviness: 6 limit: 5
2019-09-26 10:06:23,664 [grpc-default-executor-1] INFO  impl.RaftServerProxy (RaftServerProxy.java:addNew(89)) - cf63bf87-7688-4ba8-af45-4d7c49885422: addNew group-971AA5EE5BC8:[cf63bf87-7688-4ba8-af45-4d7c49885422:192.168.30.13:43103] returns group-971AA5EE5BC8:java.util.concurrent.CompletableFuture@41ee0572[Not completed]
2019-09-26 10:06:23,666 [pool-547-thread-1] INFO  impl.RaftServerImpl (RaftServerImpl.java:<init>(95)) - cf63bf87-7688-4ba8-af45-4d7c49885422: new RaftServerImpl for group-971AA5EE5BC8:[cf63bf87-7688-4ba8-af45-4d7c49885422:192.168.30.13:43103] with ContainerStateMachine:uninitialized
2019-09-26 10:06:23,666 [pool-547-thread-1] INFO  server.RaftServerConfigKeys (ConfUtils.java:logGet(43)) - raft.server.rpc.timeout.min = 5s (custom)
2019-09-26 10:06:23,666 [pool-547-thread-1] INFO  server.RaftServerConfigKeys (ConfUtils.java:logGet(43)) - raft.server.rpc.timeout.max = 5200ms (custom)
2019-09-26 10:06:23,666 [pool-547-thread-1] INFO  server.RaftServerConfigKeys (ConfUtils.java:logGet(43)) - raft.server.rpcslowness.timeout = 120s (custom)
2019-09-26 10:06:23,666 [pool-547-thread-1] INFO  server.RaftServerConfigKeys (ConfUtils.java:logGet(43)) - raft.server.sleep.deviation.threshold = 300 (default)
2019-09-26 10:06:23,666 [pool-547-thread-1] INFO  server.RaftServerConfigKeys (ConfUtils.java:logGet(43)) - raft.server.log.appender.install.snapshot.enabled = false (custom)
2019-09-26 10:06:23,667 [pool-547-thread-1] INFO  impl.RaftServerImpl (ServerState.java:<init>(103)) - cf63bf87-7688-4ba8-af45-4d7c49885422@group-971AA5EE5BC8: ConfigurationManager, init=-1: [cf63bf87-7688-4ba8-af45-4d7c49885422:192.168.30.13:43103], old=null, confs=<EMPTY_MAP>
2019-09-26 10:06:23,667 [pool-547-thread-1] INFO  server.RaftServerConfigKeys (ConfUtils.java:logGet(43)) - raft.server.storage.dir = [/workdir/hadoop-ozone/integration-test/target/test-dir/MiniOzoneClusterImpl-0a4d6173-89d3-45ab-a960-64e25af93069/datanode-5/data/ratis] (custom)
2019-09-26 10:06:23,667 [pool-547-thread-1] INFO  storage.RaftStorageDirectory (RaftStorageDirectory.java:analyzeStorage(246)) - The storage directory /workdir/hadoop-ozone/integration-test/target/test-dir/MiniOzoneClusterImpl-0a4d6173-89d3-45ab-a960-64e25af93069/datanode-5/data/ratis/9cf7098b-9ba3-4472-95f6-971aa5ee5bc8 does not exist. Creating ...
2019-09-26 10:06:23,680 [pool-547-thread-1] INFO  storage.RaftStorageDirectory (RaftStorageDirectory.java:tryLock(328)) - Lock on /workdir/hadoop-ozone/integration-test/target/test-dir/MiniOzoneClusterImpl-0a4d6173-89d3-45ab-a960-64e25af93069/datanode-5/data/ratis/9cf7098b-9ba3-4472-95f6-971aa5ee5bc8/in_use.lock acquired by nodename 19604@pr-hdds-1569-wvzgm-824869521
2019-09-26 10:06:23,693 [pool-547-thread-1] INFO  storage.RaftStorage (RaftStorage.java:format(72)) - Storage directory /workdir/hadoop-ozone/integration-test/target/test-dir/MiniOzoneClusterImpl-0a4d6173-89d3-45ab-a960-64e25af93069/datanode-5/data/ratis/9cf7098b-9ba3-4472-95f6-971aa5ee5bc8 has been successfully formatted.
2019-09-26 10:06:23,693 [pool-547-thread-1] INFO  ratis.ContainerStateMachine (ContainerStateMachine.java:loadSnapshot(230)) - group-971AA5EE5BC8: The snapshot info is null. Setting the last applied indexto:(t:0, i:~)
2019-09-26 10:06:23,693 [pool-547-thread-1] INFO  server.RaftServerConfigKeys (ConfUtils.java:logGet(43)) - raft.server.notification.no-leader.timeout = 120s (custom)
2019-09-26 10:06:23,693 [pool-547-thread-1] INFO  server.RaftServerConfigKeys (ConfUtils.java:logGet(43)) - raft.server.log.use.memory = false (default)
2019-09-26 10:06:23,693 [pool-547-thread-1] INFO  server.RaftServerConfigKeys (ConfUtils.java:logGet(43)) - raft.server.log.purge.gap = 1000000 (custom)
2019-09-26 10:06:23,693 [pool-547-thread-1] INFO  server.RaftServerConfigKeys (ConfUtils.java:logGet(43)) - raft.server.log.appender.buffer.byte-limit = 33554432 (custom)
2019-09-26 10:06:23,694 [pool-547-thread-1] INFO  server.RaftServerConfigKeys (ConfUtils.java:logGet(43)) - raft.server.log.segment.size.max = 1048576 (custom)
2019-09-26 10:06:23,694 [pool-547-thread-1] INFO  server.RaftServerConfigKeys (ConfUtils.java:logGet(43)) - raft.server.log.segment.cache.num.max = 2 (custom)
2019-09-26 10:06:23,694 [pool-547-thread-1] INFO  segmented.SegmentedRaftLogWorker (SegmentedRaftLogWorker.java:<init>(172)) - new cf63bf87-7688-4ba8-af45-4d7c49885422@group-971AA5EE5BC8-SegmentedRaftLogWorker for RaftStorage:Storage Directory /workdir/hadoop-ozone/integration-test/target/test-dir/MiniOzoneClusterImpl-0a4d6173-89d3-45ab-a960-64e25af93069/datanode-5/data/ratis/9cf7098b-9ba3-4472-95f6-971aa5ee5bc8
2019-09-26 10:06:23,694 [pool-547-thread-1] INFO  server.RaftServerConfigKeys (ConfUtils.java:logGet(43)) - raft.server.log.queue.byte-limit = 2147483647 (custom)
2019-09-26 10:06:23,694 [pool-547-thread-1] INFO  server.RaftServerConfigKeys (ConfUtils.java:logGet(43)) - raft.server.log.queue.element-limit = 1024 (custom)
2019-09-26 10:06:23,694 [pool-547-thread-1] INFO  server.RaftServerConfigKeys (ConfUtils.java:logGet(43)) - raft.server.log.segment.size.max = 1048576 (custom)
2019-09-26 10:06:23,694 [pool-547-thread-1] INFO  server.RaftServerConfigKeys (ConfUtils.java:logGet(43)) - raft.server.log.preallocated.size = 16384 (custom)
2019-09-26 10:06:23,695 [pool-547-thread-1] INFO  server.RaftServerConfigKeys (ConfUtils.java:logGet(43)) - raft.server.log.write.buffer.size = 33554432 (custom)
2019-09-26 10:06:23,695 [pool-547-thread-1] INFO  server.RaftServerConfigKeys (ConfUtils.java:logGet(43)) - raft.server.log.force.sync.num = 128 (default)
2019-09-26 10:06:23,695 [pool-547-thread-1] INFO  server.RaftServerConfigKeys (ConfUtils.java:logGet(43)) - raft.server.log.statemachine.data.sync = true (default)
2019-09-26 10:06:23,695 [pool-547-thread-1] INFO  server.RaftServerConfigKeys (ConfUtils.java:logGet(43)) - raft.server.log.statemachine.data.sync.timeout = 10s (default)
2019-09-26 10:06:23,695 [pool-547-thread-1] INFO  server.RaftServerConfigKeys (ConfUtils.java:logGet(43)) - raft.server.log.statemachine.data.sync.timeout.retry = -1 (default)
2019-09-26 10:06:23,695 [pool-547-thread-1] INFO  server.RaftServerConfigKeys (ConfUtils.java:logGet(43)) - raft.server.log.statemachine.data.caching.enabled = true (custom)
2019-09-26 10:06:23,696 [pool-547-thread-1] INFO  segmented.SegmentedRaftLogWorker (SegmentedRaftLogWorker.java:lambda$new$0(132)) - cf63bf87-7688-4ba8-af45-4d7c49885422@group-971AA5EE5BC8-SegmentedRaftLogWorker: flushIndex: setUnconditionally 0 -> -1
2019-09-26 10:06:23,696 [pool-547-thread-1] INFO  server.RaftServerConfigKeys (ConfUtils.java:logGet(43)) - raft.server.snapshot.auto.trigger.enabled = true (custom)
2019-09-26 10:06:23,696 [pool-547-thread-1] INFO  server.RaftServerConfigKeys (ConfUtils.java:logGet(43)) - raft.server.snapshot.auto.trigger.threshold = 10000 (custom)
2019-09-26 10:06:23,696 [pool-547-thread-1] INFO  server.RaftServerConfigKeys (ConfUtils.java:logGet(43)) - raft.server.snapshot.retention.num.files = 5 (custom)
2019-09-26 10:06:23,696 [pool-547-thread-1] INFO  server.RaftServerConfigKeys (ConfUtils.java:logGet(43)) - raft.server.retrycache.expirytime = 600000ms (custom)
2019-09-26 10:06:23,698 [pool-547-thread-1] INFO  impl.RaftServerImpl (RaftServerImpl.java:start(185)) - cf63bf87-7688-4ba8-af45-4d7c49885422@group-971AA5EE5BC8: start as a follower, conf=-1: [cf63bf87-7688-4ba8-af45-4d7c49885422:192.168.30.13:43103], old=null
2019-09-26 10:06:23,699 [pool-547-thread-1] INFO  impl.RaftServerImpl (RaftServerImpl.java:setRole(174)) - cf63bf87-7688-4ba8-af45-4d7c49885422@group-971AA5EE5BC8: changes role from      null to FOLLOWER at term 0 for startAsFollower
2019-09-26 10:06:23,699 [pool-547-thread-1] INFO  impl.RoleInfo (RoleInfo.java:updateAndGet(143)) - cf63bf87-7688-4ba8-af45-4d7c49885422: start FollowerState
2019-09-26 10:06:23,699 [pool-547-thread-1] INFO  util.JmxRegister (JmxRegister.java:tryRegister(44)) - Successfully registered JMX Bean with object name Ratis:service=RaftServer,group=group-971AA5EE5BC8,id=cf63bf87-7688-4ba8-af45-4d7c49885422
2019-09-26 10:06:23,702 [RatisPipelineUtilsThread] INFO  pipeline.PipelineStateManager (PipelineStateManager.java:addPipeline(56)) - Created pipeline Pipeline[ Id: 9cf7098b-9ba3-4472-95f6-971aa5ee5bc8, Nodes: cf63bf87-7688-4ba8-af45-4d7c49885422{ip: 192.168.30.13, host: pr-hdds-1569-wvzgm-824869521, networkLocation: /default-rack, certSerialId: null}, Type:RATIS, Factor:ONE, State:OPEN]
2019-09-26 10:06:23,702 [RatisPipelineUtilsThread] INFO  pipeline.PipelinePlacementPolicy (PipelinePlacementPolicy.java:meetCriteria(91)) - Pipeline Placement: can't place more pipeline on heavy datanode： 70c8131f-7846-4be9-9772-9c08fe1e82d9 Heaviness: 6 limit: 5
2019-09-26 10:06:23,702 [RatisPipelineUtilsThread] INFO  pipeline.PipelinePlacementPolicy (PipelinePlacementPolicy.java:meetCriteria(91)) - Pipeline Placement: can't place more pipeline on heavy datanode： af49d7a1-7bac-4fb8-a68b-38a7dab2a9f5 Heaviness: 6 limit: 5
2019-09-26 10:06:23,702 [RatisPipelineUtilsThread] INFO  pipeline.PipelinePlacementPolicy (PipelinePlacementPolicy.java:meetCriteria(91)) - Pipeline Placement: can't place more pipeline on heavy datanode： 13165a8c-4572-43f4-b795-0eb0b3a8cfdc Heaviness: 6 limit: 5
2019-09-26 10:06:23,702 [RatisPipelineUtilsThread] INFO  pipeline.PipelinePlacementPolicy (PipelinePlacementPolicy.java:meetCriteria(91)) - Pipeline Placement: can't place more pipeline on heavy datanode： 3fdc1795-13a2-484d-a1b3-617bb4b52936 Heaviness: 6 limit: 5
2019-09-26 10:06:23,706 [grpc-default-executor-1] INFO  impl.RaftServerProxy (RaftServerProxy.java:addNew(89)) - cf63bf87-7688-4ba8-af45-4d7c49885422: addNew group-4209BA40E679:[cf63bf87-7688-4ba8-af45-4d7c49885422:192.168.30.13:43103] returns group-4209BA40E679:java.util.concurrent.CompletableFuture@6e5b998c[Not completed]
2019-09-26 10:06:23,707 [pool-547-thread-1] INFO  impl.RaftServerImpl (RaftServerImpl.java:<init>(95)) - cf63bf87-7688-4ba8-af45-4d7c49885422: new RaftServerImpl for group-4209BA40E679:[cf63bf87-7688-4ba8-af45-4d7c49885422:192.168.30.13:43103] with ContainerStateMachine:uninitialized
2019-09-26 10:06:23,707 [pool-547-thread-1] INFO  server.RaftServerConfigKeys (ConfUtils.java:logGet(43)) - raft.server.rpc.timeout.min = 5s (custom)
2019-09-26 10:06:23,707 [pool-547-thread-1] INFO  server.RaftServerConfigKeys (ConfUtils.java:logGet(43)) - raft.server.rpc.timeout.max = 5200ms (custom)
2019-09-26 10:06:23,707 [pool-547-thread-1] INFO  server.RaftServerConfigKeys (ConfUtils.java:logGet(43)) - raft.server.rpcslowness.timeout = 120s (custom)
2019-09-26 10:06:23,708 [pool-547-thread-1] INFO  server.RaftServerConfigKeys (ConfUtils.java:logGet(43)) - raft.server.sleep.deviation.threshold = 300 (default)
2019-09-26 10:06:23,708 [pool-547-thread-1] INFO  server.RaftServerConfigKeys (ConfUtils.java:logGet(43)) - raft.server.log.appender.install.snapshot.enabled = false (custom)
2019-09-26 10:06:23,708 [pool-547-thread-1] INFO  impl.RaftServerImpl (ServerState.java:<init>(103)) - cf63bf87-7688-4ba8-af45-4d7c49885422@group-4209BA40E679: ConfigurationManager, init=-1: [cf63bf87-7688-4ba8-af45-4d7c49885422:192.168.30.13:43103], old=null, confs=<EMPTY_MAP>
2019-09-26 10:06:23,708 [pool-547-thread-1] INFO  server.RaftServerConfigKeys (ConfUtils.java:logGet(43)) - raft.server.storage.dir = [/workdir/hadoop-ozone/integration-test/target/test-dir/MiniOzoneClusterImpl-0a4d6173-89d3-45ab-a960-64e25af93069/datanode-5/data/ratis] (custom)
2019-09-26 10:06:23,709 [pool-547-thread-1] INFO  storage.RaftStorageDirectory (RaftStorageDirectory.java:analyzeStorage(246)) - The storage directory /workdir/hadoop-ozone/integration-test/target/test-dir/MiniOzoneClusterImpl-0a4d6173-89d3-45ab-a960-64e25af93069/datanode-5/data/ratis/89223d94-663c-4bb3-be0c-4209ba40e679 does not exist. Creating ...
2019-09-26 10:06:23,721 [pool-547-thread-1] INFO  storage.RaftStorageDirectory (RaftStorageDirectory.java:tryLock(328)) - Lock on /workdir/hadoop-ozone/integration-test/target/test-dir/MiniOzoneClusterImpl-0a4d6173-89d3-45ab-a960-64e25af93069/datanode-5/data/ratis/89223d94-663c-4bb3-be0c-4209ba40e679/in_use.lock acquired by nodename 19604@pr-hdds-1569-wvzgm-824869521
2019-09-26 10:06:23,734 [pool-547-thread-1] INFO  storage.RaftStorage (RaftStorage.java:format(72)) - Storage directory /workdir/hadoop-ozone/integration-test/target/test-dir/MiniOzoneClusterImpl-0a4d6173-89d3-45ab-a960-64e25af93069/datanode-5/data/ratis/89223d94-663c-4bb3-be0c-4209ba40e679 has been successfully formatted.
2019-09-26 10:06:23,734 [pool-547-thread-1] INFO  ratis.ContainerStateMachine (ContainerStateMachine.java:loadSnapshot(230)) - group-4209BA40E679: The snapshot info is null. Setting the last applied indexto:(t:0, i:~)
2019-09-26 10:06:23,734 [pool-547-thread-1] INFO  server.RaftServerConfigKeys (ConfUtils.java:logGet(43)) - raft.server.notification.no-leader.timeout = 120s (custom)
2019-09-26 10:06:23,734 [pool-547-thread-1] INFO  server.RaftServerConfigKeys (ConfUtils.java:logGet(43)) - raft.server.log.use.memory = false (default)
2019-09-26 10:06:23,734 [pool-547-thread-1] INFO  server.RaftServerConfigKeys (ConfUtils.java:logGet(43)) - raft.server.log.purge.gap = 1000000 (custom)
2019-09-26 10:06:23,735 [pool-547-thread-1] INFO  server.RaftServerConfigKeys (ConfUtils.java:logGet(43)) - raft.server.log.appender.buffer.byte-limit = 33554432 (custom)
2019-09-26 10:06:23,735 [pool-547-thread-1] INFO  server.RaftServerConfigKeys (ConfUtils.java:logGet(43)) - raft.server.log.segment.size.max = 1048576 (custom)
2019-09-26 10:06:23,735 [pool-547-thread-1] INFO  server.RaftServerConfigKeys (ConfUtils.java:logGet(43)) - raft.server.log.segment.cache.num.max = 2 (custom)
2019-09-26 10:06:23,735 [pool-547-thread-1] INFO  segmented.SegmentedRaftLogWorker (SegmentedRaftLogWorker.java:<init>(172)) - new cf63bf87-7688-4ba8-af45-4d7c49885422@group-4209BA40E679-SegmentedRaftLogWorker for RaftStorage:Storage Directory /workdir/hadoop-ozone/integration-test/target/test-dir/MiniOzoneClusterImpl-0a4d6173-89d3-45ab-a960-64e25af93069/datanode-5/data/ratis/89223d94-663c-4bb3-be0c-4209ba40e679
2019-09-26 10:06:23,735 [pool-547-thread-1] INFO  server.RaftServerConfigKeys (ConfUtils.java:logGet(43)) - raft.server.log.queue.byte-limit = 2147483647 (custom)
2019-09-26 10:06:23,735 [pool-547-thread-1] INFO  server.RaftServerConfigKeys (ConfUtils.java:logGet(43)) - raft.server.log.queue.element-limit = 1024 (custom)
2019-09-26 10:06:23,735 [pool-547-thread-1] INFO  server.RaftServerConfigKeys (ConfUtils.java:logGet(43)) - raft.server.log.segment.size.max = 1048576 (custom)
2019-09-26 10:06:23,735 [pool-547-thread-1] INFO  server.RaftServerConfigKeys (ConfUtils.java:logGet(43)) - raft.server.log.preallocated.size = 16384 (custom)
2019-09-26 10:06:23,736 [pool-547-thread-1] INFO  server.RaftServerConfigKeys (ConfUtils.java:logGet(43)) - raft.server.log.write.buffer.size = 33554432 (custom)
2019-09-26 10:06:23,736 [pool-547-thread-1] INFO  server.RaftServerConfigKeys (ConfUtils.java:logGet(43)) - raft.server.log.force.sync.num = 128 (default)
2019-09-26 10:06:23,736 [pool-547-thread-1] INFO  server.RaftServerConfigKeys (ConfUtils.java:logGet(43)) - raft.server.log.statemachine.data.sync = true (default)
2019-09-26 10:06:23,736 [pool-547-thread-1] INFO  server.RaftServerConfigKeys (ConfUtils.java:logGet(43)) - raft.server.log.statemachine.data.sync.timeout = 10s (default)
2019-09-26 10:06:23,736 [pool-547-thread-1] INFO  server.RaftServerConfigKeys (ConfUtils.java:logGet(43)) - raft.server.log.statemachine.data.sync.timeout.retry = -1 (default)
2019-09-26 10:06:23,736 [pool-547-thread-1] INFO  server.RaftServerConfigKeys (ConfUtils.java:logGet(43)) - raft.server.log.statemachine.data.caching.enabled = true (custom)
2019-09-26 10:06:23,737 [pool-547-thread-1] INFO  segmented.SegmentedRaftLogWorker (SegmentedRaftLogWorker.java:lambda$new$0(132)) - cf63bf87-7688-4ba8-af45-4d7c49885422@group-4209BA40E679-SegmentedRaftLogWorker: flushIndex: setUnconditionally 0 -> -1
2019-09-26 10:06:23,737 [pool-547-thread-1] INFO  server.RaftServerConfigKeys (ConfUtils.java:logGet(43)) - raft.server.snapshot.auto.trigger.enabled = true (custom)
2019-09-26 10:06:23,737 [pool-547-thread-1] INFO  server.RaftServerConfigKeys (ConfUtils.java:logGet(43)) - raft.server.snapshot.auto.trigger.threshold = 10000 (custom)
2019-09-26 10:06:23,737 [pool-547-thread-1] INFO  server.RaftServerConfigKeys (ConfUtils.java:logGet(43)) - raft.server.snapshot.retention.num.files = 5 (custom)
2019-09-26 10:06:23,737 [pool-547-thread-1] INFO  server.RaftServerConfigKeys (ConfUtils.java:logGet(43)) - raft.server.retrycache.expirytime = 600000ms (custom)
2019-09-26 10:06:23,739 [pool-547-thread-1] INFO  impl.RaftServerImpl (RaftServerImpl.java:start(185)) - cf63bf87-7688-4ba8-af45-4d7c49885422@group-4209BA40E679: start as a follower, conf=-1: [cf63bf87-7688-4ba8-af45-4d7c49885422:192.168.30.13:43103], old=null
2019-09-26 10:06:23,739 [pool-547-thread-1] INFO  impl.RaftServerImpl (RaftServerImpl.java:setRole(174)) - cf63bf87-7688-4ba8-af45-4d7c49885422@group-4209BA40E679: changes role from      null to FOLLOWER at term 0 for startAsFollower
2019-09-26 10:06:23,739 [pool-547-thread-1] INFO  impl.RoleInfo (RoleInfo.java:updateAndGet(143)) - cf63bf87-7688-4ba8-af45-4d7c49885422: start FollowerState
2019-09-26 10:06:23,740 [pool-547-thread-1] INFO  util.JmxRegister (JmxRegister.java:tryRegister(44)) - Successfully registered JMX Bean with object name Ratis:service=RaftServer,group=group-4209BA40E679,id=cf63bf87-7688-4ba8-af45-4d7c49885422
2019-09-26 10:06:23,741 [RatisPipelineUtilsThread] INFO  pipeline.PipelineStateManager (PipelineStateManager.java:addPipeline(56)) - Created pipeline Pipeline[ Id: 89223d94-663c-4bb3-be0c-4209ba40e679, Nodes: cf63bf87-7688-4ba8-af45-4d7c49885422{ip: 192.168.30.13, host: pr-hdds-1569-wvzgm-824869521, networkLocation: /default-rack, certSerialId: null}, Type:RATIS, Factor:ONE, State:OPEN]
2019-09-26 10:06:23,741 [RatisPipelineUtilsThread] INFO  pipeline.PipelinePlacementPolicy (PipelinePlacementPolicy.java:meetCriteria(91)) - Pipeline Placement: can't place more pipeline on heavy datanode： 70c8131f-7846-4be9-9772-9c08fe1e82d9 Heaviness: 6 limit: 5
2019-09-26 10:06:23,742 [RatisPipelineUtilsThread] INFO  pipeline.PipelinePlacementPolicy (PipelinePlacementPolicy.java:meetCriteria(91)) - Pipeline Placement: can't place more pipeline on heavy datanode： af49d7a1-7bac-4fb8-a68b-38a7dab2a9f5 Heaviness: 6 limit: 5
2019-09-26 10:06:23,742 [RatisPipelineUtilsThread] INFO  pipeline.PipelinePlacementPolicy (PipelinePlacementPolicy.java:meetCriteria(91)) - Pipeline Placement: can't place more pipeline on heavy datanode： 13165a8c-4572-43f4-b795-0eb0b3a8cfdc Heaviness: 6 limit: 5
2019-09-26 10:06:23,742 [RatisPipelineUtilsThread] INFO  pipeline.PipelinePlacementPolicy (PipelinePlacementPolicy.java:meetCriteria(91)) - Pipeline Placement: can't place more pipeline on heavy datanode： 3fdc1795-13a2-484d-a1b3-617bb4b52936 Heaviness: 6 limit: 5
2019-09-26 10:06:23,745 [grpc-default-executor-1] INFO  impl.RaftServerProxy (RaftServerProxy.java:addNew(89)) - cf63bf87-7688-4ba8-af45-4d7c49885422: addNew group-D6D7E1486B88:[cf63bf87-7688-4ba8-af45-4d7c49885422:192.168.30.13:43103] returns group-D6D7E1486B88:java.util.concurrent.CompletableFuture@616ac75f[Not completed]
2019-09-26 10:06:23,746 [pool-547-thread-1] INFO  impl.RaftServerImpl (RaftServerImpl.java:<init>(95)) - cf63bf87-7688-4ba8-af45-4d7c49885422: new RaftServerImpl for group-D6D7E1486B88:[cf63bf87-7688-4ba8-af45-4d7c49885422:192.168.30.13:43103] with ContainerStateMachine:uninitialized
2019-09-26 10:06:23,747 [pool-547-thread-1] INFO  server.RaftServerConfigKeys (ConfUtils.java:logGet(43)) - raft.server.rpc.timeout.min = 5s (custom)
2019-09-26 10:06:23,747 [pool-547-thread-1] INFO  server.RaftServerConfigKeys (ConfUtils.java:logGet(43)) - raft.server.rpc.timeout.max = 5200ms (custom)
2019-09-26 10:06:23,747 [pool-547-thread-1] INFO  server.RaftServerConfigKeys (ConfUtils.java:logGet(43)) - raft.server.rpcslowness.timeout = 120s (custom)
2019-09-26 10:06:23,747 [pool-547-thread-1] INFO  server.RaftServerConfigKeys (ConfUtils.java:logGet(43)) - raft.server.sleep.deviation.threshold = 300 (default)
2019-09-26 10:06:23,747 [pool-547-thread-1] INFO  server.RaftServerConfigKeys (ConfUtils.java:logGet(43)) - raft.server.log.appender.install.snapshot.enabled = false (custom)
2019-09-26 10:06:23,747 [pool-547-thread-1] INFO  impl.RaftServerImpl (ServerState.java:<init>(103)) - cf63bf87-7688-4ba8-af45-4d7c49885422@group-D6D7E1486B88: ConfigurationManager, init=-1: [cf63bf87-7688-4ba8-af45-4d7c49885422:192.168.30.13:43103], old=null, confs=<EMPTY_MAP>
2019-09-26 10:06:23,747 [pool-547-thread-1] INFO  server.RaftServerConfigKeys (ConfUtils.java:logGet(43)) - raft.server.storage.dir = [/workdir/hadoop-ozone/integration-test/target/test-dir/MiniOzoneClusterImpl-0a4d6173-89d3-45ab-a960-64e25af93069/datanode-5/data/ratis] (custom)
2019-09-26 10:06:23,748 [pool-547-thread-1] INFO  storage.RaftStorageDirectory (RaftStorageDirectory.java:analyzeStorage(246)) - The storage directory /workdir/hadoop-ozone/integration-test/target/test-dir/MiniOzoneClusterImpl-0a4d6173-89d3-45ab-a960-64e25af93069/datanode-5/data/ratis/1f08606e-c66d-4ab2-979f-d6d7e1486b88 does not exist. Creating ...
2019-09-26 10:06:23,760 [pool-547-thread-1] INFO  storage.RaftStorageDirectory (RaftStorageDirectory.java:tryLock(328)) - Lock on /workdir/hadoop-ozone/integration-test/target/test-dir/MiniOzoneClusterImpl-0a4d6173-89d3-45ab-a960-64e25af93069/datanode-5/data/ratis/1f08606e-c66d-4ab2-979f-d6d7e1486b88/in_use.lock acquired by nodename 19604@pr-hdds-1569-wvzgm-824869521
2019-09-26 10:06:23,773 [pool-547-thread-1] INFO  storage.RaftStorage (RaftStorage.java:format(72)) - Storage directory /workdir/hadoop-ozone/integration-test/target/test-dir/MiniOzoneClusterImpl-0a4d6173-89d3-45ab-a960-64e25af93069/datanode-5/data/ratis/1f08606e-c66d-4ab2-979f-d6d7e1486b88 has been successfully formatted.
2019-09-26 10:06:23,773 [pool-547-thread-1] INFO  ratis.ContainerStateMachine (ContainerStateMachine.java:loadSnapshot(230)) - group-D6D7E1486B88: The snapshot info is null. Setting the last applied indexto:(t:0, i:~)
2019-09-26 10:06:23,773 [pool-547-thread-1] INFO  server.RaftServerConfigKeys (ConfUtils.java:logGet(43)) - raft.server.notification.no-leader.timeout = 120s (custom)
2019-09-26 10:06:23,773 [pool-547-thread-1] INFO  server.RaftServerConfigKeys (ConfUtils.java:logGet(43)) - raft.server.log.use.memory = false (default)
2019-09-26 10:06:23,774 [pool-547-thread-1] INFO  server.RaftServerConfigKeys (ConfUtils.java:logGet(43)) - raft.server.log.purge.gap = 1000000 (custom)
2019-09-26 10:06:23,774 [pool-547-thread-1] INFO  server.RaftServerConfigKeys (ConfUtils.java:logGet(43)) - raft.server.log.appender.buffer.byte-limit = 33554432 (custom)
2019-09-26 10:06:23,774 [pool-547-thread-1] INFO  server.RaftServerConfigKeys (ConfUtils.java:logGet(43)) - raft.server.log.segment.size.max = 1048576 (custom)
2019-09-26 10:06:23,774 [pool-547-thread-1] INFO  server.RaftServerConfigKeys (ConfUtils.java:logGet(43)) - raft.server.log.segment.cache.num.max = 2 (custom)
2019-09-26 10:06:23,774 [pool-547-thread-1] INFO  segmented.SegmentedRaftLogWorker (SegmentedRaftLogWorker.java:<init>(172)) - new cf63bf87-7688-4ba8-af45-4d7c49885422@group-D6D7E1486B88-SegmentedRaftLogWorker for RaftStorage:Storage Directory /workdir/hadoop-ozone/integration-test/target/test-dir/MiniOzoneClusterImpl-0a4d6173-89d3-45ab-a960-64e25af93069/datanode-5/data/ratis/1f08606e-c66d-4ab2-979f-d6d7e1486b88
2019-09-26 10:06:23,774 [pool-547-thread-1] INFO  server.RaftServerConfigKeys (ConfUtils.java:logGet(43)) - raft.server.log.queue.byte-limit = 2147483647 (custom)
2019-09-26 10:06:23,774 [pool-547-thread-1] INFO  server.RaftServerConfigKeys (ConfUtils.java:logGet(43)) - raft.server.log.queue.element-limit = 1024 (custom)
2019-09-26 10:06:23,775 [pool-547-thread-1] INFO  server.RaftServerConfigKeys (ConfUtils.java:logGet(43)) - raft.server.log.segment.size.max = 1048576 (custom)
2019-09-26 10:06:23,775 [pool-547-thread-1] INFO  server.RaftServerConfigKeys (ConfUtils.java:logGet(43)) - raft.server.log.preallocated.size = 16384 (custom)
2019-09-26 10:06:23,775 [pool-547-thread-1] INFO  server.RaftServerConfigKeys (ConfUtils.java:logGet(43)) - raft.server.log.write.buffer.size = 33554432 (custom)
2019-09-26 10:06:23,775 [pool-547-thread-1] INFO  server.RaftServerConfigKeys (ConfUtils.java:logGet(43)) - raft.server.log.force.sync.num = 128 (default)
2019-09-26 10:06:23,775 [pool-547-thread-1] INFO  server.RaftServerConfigKeys (ConfUtils.java:logGet(43)) - raft.server.log.statemachine.data.sync = true (default)
2019-09-26 10:06:23,775 [pool-547-thread-1] INFO  server.RaftServerConfigKeys (ConfUtils.java:logGet(43)) - raft.server.log.statemachine.data.sync.timeout = 10s (default)
2019-09-26 10:06:23,776 [pool-547-thread-1] INFO  server.RaftServerConfigKeys (ConfUtils.java:logGet(43)) - raft.server.log.statemachine.data.sync.timeout.retry = -1 (default)
2019-09-26 10:06:23,776 [pool-547-thread-1] INFO  server.RaftServerConfigKeys (ConfUtils.java:logGet(43)) - raft.server.log.statemachine.data.caching.enabled = true (custom)
2019-09-26 10:06:23,776 [pool-547-thread-1] INFO  segmented.SegmentedRaftLogWorker (SegmentedRaftLogWorker.java:lambda$new$0(132)) - cf63bf87-7688-4ba8-af45-4d7c49885422@group-D6D7E1486B88-SegmentedRaftLogWorker: flushIndex: setUnconditionally 0 -> -1
2019-09-26 10:06:23,776 [pool-547-thread-1] INFO  server.RaftServerConfigKeys (ConfUtils.java:logGet(43)) - raft.server.snapshot.auto.trigger.enabled = true (custom)
2019-09-26 10:06:23,777 [pool-547-thread-1] INFO  server.RaftServerConfigKeys (ConfUtils.java:logGet(43)) - raft.server.snapshot.auto.trigger.threshold = 10000 (custom)
2019-09-26 10:06:23,777 [pool-547-thread-1] INFO  server.RaftServerConfigKeys (ConfUtils.java:logGet(43)) - raft.server.snapshot.retention.num.files = 5 (custom)
2019-09-26 10:06:23,777 [pool-547-thread-1] INFO  server.RaftServerConfigKeys (ConfUtils.java:logGet(43)) - raft.server.retrycache.expirytime = 600000ms (custom)
2019-09-26 10:06:23,778 [pool-547-thread-1] INFO  impl.RaftServerImpl (RaftServerImpl.java:start(185)) - cf63bf87-7688-4ba8-af45-4d7c49885422@group-D6D7E1486B88: start as a follower, conf=-1: [cf63bf87-7688-4ba8-af45-4d7c49885422:192.168.30.13:43103], old=null
2019-09-26 10:06:23,779 [pool-547-thread-1] INFO  impl.RaftServerImpl (RaftServerImpl.java:setRole(174)) - cf63bf87-7688-4ba8-af45-4d7c49885422@group-D6D7E1486B88: changes role from      null to FOLLOWER at term 0 for startAsFollower
2019-09-26 10:06:23,779 [pool-547-thread-1] INFO  impl.RoleInfo (RoleInfo.java:updateAndGet(143)) - cf63bf87-7688-4ba8-af45-4d7c49885422: start FollowerState
2019-09-26 10:06:23,779 [pool-547-thread-1] INFO  util.JmxRegister (JmxRegister.java:tryRegister(44)) - Successfully registered JMX Bean with object name Ratis:service=RaftServer,group=group-D6D7E1486B88,id=cf63bf87-7688-4ba8-af45-4d7c49885422
2019-09-26 10:06:23,781 [RatisPipelineUtilsThread] INFO  pipeline.PipelineStateManager (PipelineStateManager.java:addPipeline(56)) - Created pipeline Pipeline[ Id: 1f08606e-c66d-4ab2-979f-d6d7e1486b88, Nodes: cf63bf87-7688-4ba8-af45-4d7c49885422{ip: 192.168.30.13, host: pr-hdds-1569-wvzgm-824869521, networkLocation: /default-rack, certSerialId: null}, Type:RATIS, Factor:ONE, State:OPEN]
2019-09-26 10:06:23,781 [RatisPipelineUtilsThread] INFO  pipeline.PipelinePlacementPolicy (PipelinePlacementPolicy.java:meetCriteria(91)) - Pipeline Placement: can't place more pipeline on heavy datanode： 70c8131f-7846-4be9-9772-9c08fe1e82d9 Heaviness: 6 limit: 5
2019-09-26 10:06:23,782 [RatisPipelineUtilsThread] INFO  pipeline.PipelinePlacementPolicy (PipelinePlacementPolicy.java:meetCriteria(91)) - Pipeline Placement: can't place more pipeline on heavy datanode： af49d7a1-7bac-4fb8-a68b-38a7dab2a9f5 Heaviness: 6 limit: 5
2019-09-26 10:06:23,782 [RatisPipelineUtilsThread] INFO  pipeline.PipelinePlacementPolicy (PipelinePlacementPolicy.java:meetCriteria(91)) - Pipeline Placement: can't place more pipeline on heavy datanode： cf63bf87-7688-4ba8-af45-4d7c49885422 Heaviness: 6 limit: 5
2019-09-26 10:06:23,782 [RatisPipelineUtilsThread] INFO  pipeline.PipelinePlacementPolicy (PipelinePlacementPolicy.java:meetCriteria(91)) - Pipeline Placement: can't place more pipeline on heavy datanode： 13165a8c-4572-43f4-b795-0eb0b3a8cfdc Heaviness: 6 limit: 5
2019-09-26 10:06:23,782 [RatisPipelineUtilsThread] INFO  pipeline.PipelinePlacementPolicy (PipelinePlacementPolicy.java:meetCriteria(91)) - Pipeline Placement: can't place more pipeline on heavy datanode： 3fdc1795-13a2-484d-a1b3-617bb4b52936 Heaviness: 6 limit: 5
2019-09-26 10:06:23,785 [grpc-default-executor-1] INFO  impl.RaftServerProxy (RaftServerProxy.java:addNew(89)) - 445ae746-534e-4611-8a14-965c0672a28b: addNew group-230FAAC88C36:[445ae746-534e-4611-8a14-965c0672a28b:192.168.30.13:35533] returns group-230FAAC88C36:java.util.concurrent.CompletableFuture@40c713e1[Not completed]
2019-09-26 10:06:23,787 [pool-557-thread-1] INFO  impl.RaftServerImpl (RaftServerImpl.java:<init>(95)) - 445ae746-534e-4611-8a14-965c0672a28b: new RaftServerImpl for group-230FAAC88C36:[445ae746-534e-4611-8a14-965c0672a28b:192.168.30.13:35533] with ContainerStateMachine:uninitialized
2019-09-26 10:06:23,788 [pool-557-thread-1] INFO  server.RaftServerConfigKeys (ConfUtils.java:logGet(43)) - raft.server.rpc.timeout.min = 5s (custom)
2019-09-26 10:06:23,788 [pool-557-thread-1] INFO  server.RaftServerConfigKeys (ConfUtils.java:logGet(43)) - raft.server.rpc.timeout.max = 5200ms (custom)
2019-09-26 10:06:23,788 [pool-557-thread-1] INFO  server.RaftServerConfigKeys (ConfUtils.java:logGet(43)) - raft.server.rpcslowness.timeout = 120s (custom)
2019-09-26 10:06:23,788 [pool-557-thread-1] INFO  server.RaftServerConfigKeys (ConfUtils.java:logGet(43)) - raft.server.sleep.deviation.threshold = 300 (default)
2019-09-26 10:06:23,789 [pool-557-thread-1] INFO  server.RaftServerConfigKeys (ConfUtils.java:logGet(43)) - raft.server.log.appender.install.snapshot.enabled = false (custom)
2019-09-26 10:06:23,789 [pool-557-thread-1] INFO  impl.RaftServerImpl (ServerState.java:<init>(103)) - 445ae746-534e-4611-8a14-965c0672a28b@group-230FAAC88C36: ConfigurationManager, init=-1: [445ae746-534e-4611-8a14-965c0672a28b:192.168.30.13:35533], old=null, confs=<EMPTY_MAP>
2019-09-26 10:06:23,789 [pool-557-thread-1] INFO  server.RaftServerConfigKeys (ConfUtils.java:logGet(43)) - raft.server.storage.dir = [/workdir/hadoop-ozone/integration-test/target/test-dir/MiniOzoneClusterImpl-0a4d6173-89d3-45ab-a960-64e25af93069/datanode-6/data/ratis] (custom)
2019-09-26 10:06:23,790 [pool-557-thread-1] INFO  storage.RaftStorageDirectory (RaftStorageDirectory.java:analyzeStorage(246)) - The storage directory /workdir/hadoop-ozone/integration-test/target/test-dir/MiniOzoneClusterImpl-0a4d6173-89d3-45ab-a960-64e25af93069/datanode-6/data/ratis/aeb7e537-e6e8-42a4-8457-230faac88c36 does not exist. Creating ...
2019-09-26 10:06:23,815 [pool-557-thread-1] INFO  storage.RaftStorageDirectory (RaftStorageDirectory.java:tryLock(328)) - Lock on /workdir/hadoop-ozone/integration-test/target/test-dir/MiniOzoneClusterImpl-0a4d6173-89d3-45ab-a960-64e25af93069/datanode-6/data/ratis/aeb7e537-e6e8-42a4-8457-230faac88c36/in_use.lock acquired by nodename 19604@pr-hdds-1569-wvzgm-824869521
2019-09-26 10:06:23,847 [pool-557-thread-1] INFO  storage.RaftStorage (RaftStorage.java:format(72)) - Storage directory /workdir/hadoop-ozone/integration-test/target/test-dir/MiniOzoneClusterImpl-0a4d6173-89d3-45ab-a960-64e25af93069/datanode-6/data/ratis/aeb7e537-e6e8-42a4-8457-230faac88c36 has been successfully formatted.
2019-09-26 10:06:23,847 [pool-557-thread-1] INFO  ratis.ContainerStateMachine (ContainerStateMachine.java:loadSnapshot(230)) - group-230FAAC88C36: The snapshot info is null. Setting the last applied indexto:(t:0, i:~)
2019-09-26 10:06:23,847 [pool-557-thread-1] INFO  server.RaftServerConfigKeys (ConfUtils.java:logGet(43)) - raft.server.notification.no-leader.timeout = 120s (custom)
2019-09-26 10:06:23,847 [pool-557-thread-1] INFO  server.RaftServerConfigKeys (ConfUtils.java:logGet(43)) - raft.server.log.use.memory = false (default)
2019-09-26 10:06:23,848 [pool-557-thread-1] INFO  server.RaftServerConfigKeys (ConfUtils.java:logGet(43)) - raft.server.log.purge.gap = 1000000 (custom)
2019-09-26 10:06:23,848 [pool-557-thread-1] INFO  server.RaftServerConfigKeys (ConfUtils.java:logGet(43)) - raft.server.log.appender.buffer.byte-limit = 33554432 (custom)
2019-09-26 10:06:23,848 [pool-557-thread-1] INFO  server.RaftServerConfigKeys (ConfUtils.java:logGet(43)) - raft.server.log.segment.size.max = 1048576 (custom)
2019-09-26 10:06:23,848 [pool-557-thread-1] INFO  server.RaftServerConfigKeys (ConfUtils.java:logGet(43)) - raft.server.log.segment.cache.num.max = 2 (custom)
2019-09-26 10:06:23,848 [pool-557-thread-1] INFO  segmented.SegmentedRaftLogWorker (SegmentedRaftLogWorker.java:<init>(172)) - new 445ae746-534e-4611-8a14-965c0672a28b@group-230FAAC88C36-SegmentedRaftLogWorker for RaftStorage:Storage Directory /workdir/hadoop-ozone/integration-test/target/test-dir/MiniOzoneClusterImpl-0a4d6173-89d3-45ab-a960-64e25af93069/datanode-6/data/ratis/aeb7e537-e6e8-42a4-8457-230faac88c36
2019-09-26 10:06:23,848 [pool-557-thread-1] INFO  server.RaftServerConfigKeys (ConfUtils.java:logGet(43)) - raft.server.log.queue.byte-limit = 2147483647 (custom)
2019-09-26 10:06:23,848 [pool-557-thread-1] INFO  server.RaftServerConfigKeys (ConfUtils.java:logGet(43)) - raft.server.log.queue.element-limit = 1024 (custom)
2019-09-26 10:06:23,849 [pool-557-thread-1] INFO  server.RaftServerConfigKeys (ConfUtils.java:logGet(43)) - raft.server.log.segment.size.max = 1048576 (custom)
2019-09-26 10:06:23,849 [pool-557-thread-1] INFO  server.RaftServerConfigKeys (ConfUtils.java:logGet(43)) - raft.server.log.preallocated.size = 16384 (custom)
2019-09-26 10:06:23,849 [pool-557-thread-1] INFO  server.RaftServerConfigKeys (ConfUtils.java:logGet(43)) - raft.server.log.write.buffer.size = 33554432 (custom)
2019-09-26 10:06:23,849 [pool-557-thread-1] INFO  server.RaftServerConfigKeys (ConfUtils.java:logGet(43)) - raft.server.log.force.sync.num = 128 (default)
2019-09-26 10:06:23,849 [pool-557-thread-1] INFO  server.RaftServerConfigKeys (ConfUtils.java:logGet(43)) - raft.server.log.statemachine.data.sync = true (default)
2019-09-26 10:06:23,849 [pool-557-thread-1] INFO  server.RaftServerConfigKeys (ConfUtils.java:logGet(43)) - raft.server.log.statemachine.data.sync.timeout = 10s (default)
2019-09-26 10:06:23,849 [pool-557-thread-1] INFO  server.RaftServerConfigKeys (ConfUtils.java:logGet(43)) - raft.server.log.statemachine.data.sync.timeout.retry = -1 (default)
2019-09-26 10:06:23,849 [pool-557-thread-1] INFO  server.RaftServerConfigKeys (ConfUtils.java:logGet(43)) - raft.server.log.statemachine.data.caching.enabled = true (custom)
2019-09-26 10:06:23,850 [pool-557-thread-1] INFO  segmented.SegmentedRaftLogWorker (SegmentedRaftLogWorker.java:lambda$new$0(132)) - 445ae746-534e-4611-8a14-965c0672a28b@group-230FAAC88C36-SegmentedRaftLogWorker: flushIndex: setUnconditionally 0 -> -1
2019-09-26 10:06:23,850 [pool-557-thread-1] INFO  server.RaftServerConfigKeys (ConfUtils.java:logGet(43)) - raft.server.snapshot.auto.trigger.enabled = true (custom)
2019-09-26 10:06:23,850 [pool-557-thread-1] INFO  server.RaftServerConfigKeys (ConfUtils.java:logGet(43)) - raft.server.snapshot.auto.trigger.threshold = 10000 (custom)
2019-09-26 10:06:23,850 [pool-557-thread-1] INFO  server.RaftServerConfigKeys (ConfUtils.java:logGet(43)) - raft.server.snapshot.retention.num.files = 5 (custom)
2019-09-26 10:06:23,851 [pool-557-thread-1] INFO  server.RaftServerConfigKeys (ConfUtils.java:logGet(43)) - raft.server.retrycache.expirytime = 600000ms (custom)
2019-09-26 10:06:23,853 [pool-557-thread-1] INFO  impl.RaftServerImpl (RaftServerImpl.java:start(185)) - 445ae746-534e-4611-8a14-965c0672a28b@group-230FAAC88C36: start as a follower, conf=-1: [445ae746-534e-4611-8a14-965c0672a28b:192.168.30.13:35533], old=null
2019-09-26 10:06:23,853 [pool-557-thread-1] INFO  impl.RaftServerImpl (RaftServerImpl.java:setRole(174)) - 445ae746-534e-4611-8a14-965c0672a28b@group-230FAAC88C36: changes role from      null to FOLLOWER at term 0 for startAsFollower
2019-09-26 10:06:23,853 [pool-557-thread-1] INFO  impl.RoleInfo (RoleInfo.java:updateAndGet(143)) - 445ae746-534e-4611-8a14-965c0672a28b: start FollowerState
2019-09-26 10:06:23,854 [pool-557-thread-1] INFO  util.JmxRegister (JmxRegister.java:tryRegister(44)) - Successfully registered JMX Bean with object name Ratis:service=RaftServer,group=group-230FAAC88C36,id=445ae746-534e-4611-8a14-965c0672a28b
2019-09-26 10:06:23,858 [RatisPipelineUtilsThread] INFO  pipeline.PipelineStateManager (PipelineStateManager.java:addPipeline(56)) - Created pipeline Pipeline[ Id: aeb7e537-e6e8-42a4-8457-230faac88c36, Nodes: 445ae746-534e-4611-8a14-965c0672a28b{ip: 192.168.30.13, host: pr-hdds-1569-wvzgm-824869521, networkLocation: /default-rack, certSerialId: null}, Type:RATIS, Factor:ONE, State:OPEN]
2019-09-26 10:06:23,858 [RatisPipelineUtilsThread] INFO  pipeline.PipelinePlacementPolicy (PipelinePlacementPolicy.java:meetCriteria(91)) - Pipeline Placement: can't place more pipeline on heavy datanode： 70c8131f-7846-4be9-9772-9c08fe1e82d9 Heaviness: 6 limit: 5
2019-09-26 10:06:23,858 [RatisPipelineUtilsThread] INFO  pipeline.PipelinePlacementPolicy (PipelinePlacementPolicy.java:meetCriteria(91)) - Pipeline Placement: can't place more pipeline on heavy datanode： af49d7a1-7bac-4fb8-a68b-38a7dab2a9f5 Heaviness: 6 limit: 5
2019-09-26 10:06:23,858 [RatisPipelineUtilsThread] INFO  pipeline.PipelinePlacementPolicy (PipelinePlacementPolicy.java:meetCriteria(91)) - Pipeline Placement: can't place more pipeline on heavy datanode： cf63bf87-7688-4ba8-af45-4d7c49885422 Heaviness: 6 limit: 5
2019-09-26 10:06:23,859 [RatisPipelineUtilsThread] INFO  pipeline.PipelinePlacementPolicy (PipelinePlacementPolicy.java:meetCriteria(91)) - Pipeline Placement: can't place more pipeline on heavy datanode： 13165a8c-4572-43f4-b795-0eb0b3a8cfdc Heaviness: 6 limit: 5
2019-09-26 10:06:23,859 [RatisPipelineUtilsThread] INFO  pipeline.PipelinePlacementPolicy (PipelinePlacementPolicy.java:meetCriteria(91)) - Pipeline Placement: can't place more pipeline on heavy datanode： 3fdc1795-13a2-484d-a1b3-617bb4b52936 Heaviness: 6 limit: 5
2019-09-26 10:06:23,864 [grpc-default-executor-1] INFO  impl.RaftServerProxy (RaftServerProxy.java:addNew(89)) - 4994e2c1-9eac-430d-be8a-cb30a727a84e: addNew group-AD4454FCAD24:[4994e2c1-9eac-430d-be8a-cb30a727a84e:192.168.30.13:35200] returns group-AD4454FCAD24:java.util.concurrent.CompletableFuture@5377de75[Not completed]
2019-09-26 10:06:23,865 [pool-537-thread-1] INFO  impl.RaftServerImpl (RaftServerImpl.java:<init>(95)) - 4994e2c1-9eac-430d-be8a-cb30a727a84e: new RaftServerImpl for group-AD4454FCAD24:[4994e2c1-9eac-430d-be8a-cb30a727a84e:192.168.30.13:35200] with ContainerStateMachine:uninitialized
2019-09-26 10:06:23,865 [pool-537-thread-1] INFO  server.RaftServerConfigKeys (ConfUtils.java:logGet(43)) - raft.server.rpc.timeout.min = 5s (custom)
2019-09-26 10:06:23,865 [pool-537-thread-1] INFO  server.RaftServerConfigKeys (ConfUtils.java:logGet(43)) - raft.server.rpc.timeout.max = 5200ms (custom)
2019-09-26 10:06:23,865 [pool-537-thread-1] INFO  server.RaftServerConfigKeys (ConfUtils.java:logGet(43)) - raft.server.rpcslowness.timeout = 120s (custom)
2019-09-26 10:06:23,865 [pool-537-thread-1] INFO  server.RaftServerConfigKeys (ConfUtils.java:logGet(43)) - raft.server.sleep.deviation.threshold = 300 (default)
2019-09-26 10:06:23,865 [pool-537-thread-1] INFO  server.RaftServerConfigKeys (ConfUtils.java:logGet(43)) - raft.server.log.appender.install.snapshot.enabled = false (custom)
2019-09-26 10:06:23,866 [pool-537-thread-1] INFO  impl.RaftServerImpl (ServerState.java:<init>(103)) - 4994e2c1-9eac-430d-be8a-cb30a727a84e@group-AD4454FCAD24: ConfigurationManager, init=-1: [4994e2c1-9eac-430d-be8a-cb30a727a84e:192.168.30.13:35200], old=null, confs=<EMPTY_MAP>
2019-09-26 10:06:23,866 [pool-537-thread-1] INFO  server.RaftServerConfigKeys (ConfUtils.java:logGet(43)) - raft.server.storage.dir = [/workdir/hadoop-ozone/integration-test/target/test-dir/MiniOzoneClusterImpl-0a4d6173-89d3-45ab-a960-64e25af93069/datanode-4/data/ratis] (custom)
2019-09-26 10:06:23,866 [pool-537-thread-1] INFO  storage.RaftStorageDirectory (RaftStorageDirectory.java:analyzeStorage(246)) - The storage directory /workdir/hadoop-ozone/integration-test/target/test-dir/MiniOzoneClusterImpl-0a4d6173-89d3-45ab-a960-64e25af93069/datanode-4/data/ratis/5b3a41af-8031-43ad-8393-ad4454fcad24 does not exist. Creating ...
2019-09-26 10:06:23,879 [pool-537-thread-1] INFO  storage.RaftStorageDirectory (RaftStorageDirectory.java:tryLock(328)) - Lock on /workdir/hadoop-ozone/integration-test/target/test-dir/MiniOzoneClusterImpl-0a4d6173-89d3-45ab-a960-64e25af93069/datanode-4/data/ratis/5b3a41af-8031-43ad-8393-ad4454fcad24/in_use.lock acquired by nodename 19604@pr-hdds-1569-wvzgm-824869521
2019-09-26 10:06:23,893 [pool-537-thread-1] INFO  storage.RaftStorage (RaftStorage.java:format(72)) - Storage directory /workdir/hadoop-ozone/integration-test/target/test-dir/MiniOzoneClusterImpl-0a4d6173-89d3-45ab-a960-64e25af93069/datanode-4/data/ratis/5b3a41af-8031-43ad-8393-ad4454fcad24 has been successfully formatted.
2019-09-26 10:06:23,893 [pool-537-thread-1] INFO  ratis.ContainerStateMachine (ContainerStateMachine.java:loadSnapshot(230)) - group-AD4454FCAD24: The snapshot info is null. Setting the last applied indexto:(t:0, i:~)
2019-09-26 10:06:23,893 [pool-537-thread-1] INFO  server.RaftServerConfigKeys (ConfUtils.java:logGet(43)) - raft.server.notification.no-leader.timeout = 120s (custom)
2019-09-26 10:06:23,893 [pool-537-thread-1] INFO  server.RaftServerConfigKeys (ConfUtils.java:logGet(43)) - raft.server.log.use.memory = false (default)
2019-09-26 10:06:23,893 [pool-537-thread-1] INFO  server.RaftServerConfigKeys (ConfUtils.java:logGet(43)) - raft.server.log.purge.gap = 1000000 (custom)
2019-09-26 10:06:23,893 [pool-537-thread-1] INFO  server.RaftServerConfigKeys (ConfUtils.java:logGet(43)) - raft.server.log.appender.buffer.byte-limit = 33554432 (custom)
2019-09-26 10:06:23,894 [pool-537-thread-1] INFO  server.RaftServerConfigKeys (ConfUtils.java:logGet(43)) - raft.server.log.segment.size.max = 1048576 (custom)
2019-09-26 10:06:23,894 [pool-537-thread-1] INFO  server.RaftServerConfigKeys (ConfUtils.java:logGet(43)) - raft.server.log.segment.cache.num.max = 2 (custom)
2019-09-26 10:06:23,894 [pool-537-thread-1] INFO  segmented.SegmentedRaftLogWorker (SegmentedRaftLogWorker.java:<init>(172)) - new 4994e2c1-9eac-430d-be8a-cb30a727a84e@group-AD4454FCAD24-SegmentedRaftLogWorker for RaftStorage:Storage Directory /workdir/hadoop-ozone/integration-test/target/test-dir/MiniOzoneClusterImpl-0a4d6173-89d3-45ab-a960-64e25af93069/datanode-4/data/ratis/5b3a41af-8031-43ad-8393-ad4454fcad24
2019-09-26 10:06:23,894 [pool-537-thread-1] INFO  server.RaftServerConfigKeys (ConfUtils.java:logGet(43)) - raft.server.log.queue.byte-limit = 2147483647 (custom)
2019-09-26 10:06:23,894 [pool-537-thread-1] INFO  server.RaftServerConfigKeys (ConfUtils.java:logGet(43)) - raft.server.log.queue.element-limit = 1024 (custom)
2019-09-26 10:06:23,894 [pool-537-thread-1] INFO  server.RaftServerConfigKeys (ConfUtils.java:logGet(43)) - raft.server.log.segment.size.max = 1048576 (custom)
2019-09-26 10:06:23,894 [pool-537-thread-1] INFO  server.RaftServerConfigKeys (ConfUtils.java:logGet(43)) - raft.server.log.preallocated.size = 16384 (custom)
2019-09-26 10:06:23,894 [pool-537-thread-1] INFO  server.RaftServerConfigKeys (ConfUtils.java:logGet(43)) - raft.server.log.write.buffer.size = 33554432 (custom)
2019-09-26 10:06:23,894 [pool-537-thread-1] INFO  server.RaftServerConfigKeys (ConfUtils.java:logGet(43)) - raft.server.log.force.sync.num = 128 (default)
2019-09-26 10:06:23,895 [pool-537-thread-1] INFO  server.RaftServerConfigKeys (ConfUtils.java:logGet(43)) - raft.server.log.statemachine.data.sync = true (default)
2019-09-26 10:06:23,895 [pool-537-thread-1] INFO  server.RaftServerConfigKeys (ConfUtils.java:logGet(43)) - raft.server.log.statemachine.data.sync.timeout = 10s (default)
2019-09-26 10:06:23,895 [pool-537-thread-1] INFO  server.RaftServerConfigKeys (ConfUtils.java:logGet(43)) - raft.server.log.statemachine.data.sync.timeout.retry = -1 (default)
2019-09-26 10:06:23,895 [pool-537-thread-1] INFO  server.RaftServerConfigKeys (ConfUtils.java:logGet(43)) - raft.server.log.statemachine.data.caching.enabled = true (custom)
2019-09-26 10:06:23,895 [pool-537-thread-1] INFO  segmented.SegmentedRaftLogWorker (SegmentedRaftLogWorker.java:lambda$new$0(132)) - 4994e2c1-9eac-430d-be8a-cb30a727a84e@group-AD4454FCAD24-SegmentedRaftLogWorker: flushIndex: setUnconditionally 0 -> -1
2019-09-26 10:06:23,895 [pool-537-thread-1] INFO  server.RaftServerConfigKeys (ConfUtils.java:logGet(43)) - raft.server.snapshot.auto.trigger.enabled = true (custom)
2019-09-26 10:06:23,896 [pool-537-thread-1] INFO  server.RaftServerConfigKeys (ConfUtils.java:logGet(43)) - raft.server.snapshot.auto.trigger.threshold = 10000 (custom)
2019-09-26 10:06:23,896 [pool-537-thread-1] INFO  server.RaftServerConfigKeys (ConfUtils.java:logGet(43)) - raft.server.snapshot.retention.num.files = 5 (custom)
2019-09-26 10:06:23,896 [pool-537-thread-1] INFO  server.RaftServerConfigKeys (ConfUtils.java:logGet(43)) - raft.server.retrycache.expirytime = 600000ms (custom)
2019-09-26 10:06:23,897 [pool-537-thread-1] INFO  impl.RaftServerImpl (RaftServerImpl.java:start(185)) - 4994e2c1-9eac-430d-be8a-cb30a727a84e@group-AD4454FCAD24: start as a follower, conf=-1: [4994e2c1-9eac-430d-be8a-cb30a727a84e:192.168.30.13:35200], old=null
2019-09-26 10:06:23,897 [pool-537-thread-1] INFO  impl.RaftServerImpl (RaftServerImpl.java:setRole(174)) - 4994e2c1-9eac-430d-be8a-cb30a727a84e@group-AD4454FCAD24: changes role from      null to FOLLOWER at term 0 for startAsFollower
2019-09-26 10:06:23,897 [pool-537-thread-1] INFO  impl.RoleInfo (RoleInfo.java:updateAndGet(143)) - 4994e2c1-9eac-430d-be8a-cb30a727a84e: start FollowerState
2019-09-26 10:06:23,898 [pool-537-thread-1] INFO  util.JmxRegister (JmxRegister.java:tryRegister(44)) - Successfully registered JMX Bean with object name Ratis:service=RaftServer,group=group-AD4454FCAD24,id=4994e2c1-9eac-430d-be8a-cb30a727a84e
2019-09-26 10:06:23,900 [RatisPipelineUtilsThread] INFO  pipeline.PipelineStateManager (PipelineStateManager.java:addPipeline(56)) - Created pipeline Pipeline[ Id: 5b3a41af-8031-43ad-8393-ad4454fcad24, Nodes: 4994e2c1-9eac-430d-be8a-cb30a727a84e{ip: 192.168.30.13, host: pr-hdds-1569-wvzgm-824869521, networkLocation: /default-rack, certSerialId: null}, Type:RATIS, Factor:ONE, State:OPEN]
2019-09-26 10:06:23,900 [RatisPipelineUtilsThread] INFO  pipeline.PipelinePlacementPolicy (PipelinePlacementPolicy.java:meetCriteria(91)) - Pipeline Placement: can't place more pipeline on heavy datanode： 70c8131f-7846-4be9-9772-9c08fe1e82d9 Heaviness: 6 limit: 5
2019-09-26 10:06:23,900 [RatisPipelineUtilsThread] INFO  pipeline.PipelinePlacementPolicy (PipelinePlacementPolicy.java:meetCriteria(91)) - Pipeline Placement: can't place more pipeline on heavy datanode： af49d7a1-7bac-4fb8-a68b-38a7dab2a9f5 Heaviness: 6 limit: 5
2019-09-26 10:06:23,900 [RatisPipelineUtilsThread] INFO  pipeline.PipelinePlacementPolicy (PipelinePlacementPolicy.java:meetCriteria(91)) - Pipeline Placement: can't place more pipeline on heavy datanode： cf63bf87-7688-4ba8-af45-4d7c49885422 Heaviness: 6 limit: 5
2019-09-26 10:06:23,900 [RatisPipelineUtilsThread] INFO  pipeline.PipelinePlacementPolicy (PipelinePlacementPolicy.java:meetCriteria(91)) - Pipeline Placement: can't place more pipeline on heavy datanode： 13165a8c-4572-43f4-b795-0eb0b3a8cfdc Heaviness: 6 limit: 5
2019-09-26 10:06:23,900 [RatisPipelineUtilsThread] INFO  pipeline.PipelinePlacementPolicy (PipelinePlacementPolicy.java:meetCriteria(91)) - Pipeline Placement: can't place more pipeline on heavy datanode： 3fdc1795-13a2-484d-a1b3-617bb4b52936 Heaviness: 6 limit: 5
2019-09-26 10:06:23,904 [grpc-default-executor-1] INFO  impl.RaftServerProxy (RaftServerProxy.java:addNew(89)) - 4994e2c1-9eac-430d-be8a-cb30a727a84e: addNew group-423C73F4A4EA:[4994e2c1-9eac-430d-be8a-cb30a727a84e:192.168.30.13:35200] returns group-423C73F4A4EA:java.util.concurrent.CompletableFuture@4acaded7[Not completed]
2019-09-26 10:06:23,904 [pool-537-thread-1] INFO  impl.RaftServerImpl (RaftServerImpl.java:<init>(95)) - 4994e2c1-9eac-430d-be8a-cb30a727a84e: new RaftServerImpl for group-423C73F4A4EA:[4994e2c1-9eac-430d-be8a-cb30a727a84e:192.168.30.13:35200] with ContainerStateMachine:uninitialized
2019-09-26 10:06:23,904 [pool-537-thread-1] INFO  server.RaftServerConfigKeys (ConfUtils.java:logGet(43)) - raft.server.rpc.timeout.min = 5s (custom)
2019-09-26 10:06:23,904 [pool-537-thread-1] INFO  server.RaftServerConfigKeys (ConfUtils.java:logGet(43)) - raft.server.rpc.timeout.max = 5200ms (custom)
2019-09-26 10:06:23,905 [pool-537-thread-1] INFO  server.RaftServerConfigKeys (ConfUtils.java:logGet(43)) - raft.server.rpcslowness.timeout = 120s (custom)
2019-09-26 10:06:23,905 [pool-537-thread-1] INFO  server.RaftServerConfigKeys (ConfUtils.java:logGet(43)) - raft.server.sleep.deviation.threshold = 300 (default)
2019-09-26 10:06:23,905 [pool-537-thread-1] INFO  server.RaftServerConfigKeys (ConfUtils.java:logGet(43)) - raft.server.log.appender.install.snapshot.enabled = false (custom)
2019-09-26 10:06:23,905 [pool-537-thread-1] INFO  impl.RaftServerImpl (ServerState.java:<init>(103)) - 4994e2c1-9eac-430d-be8a-cb30a727a84e@group-423C73F4A4EA: ConfigurationManager, init=-1: [4994e2c1-9eac-430d-be8a-cb30a727a84e:192.168.30.13:35200], old=null, confs=<EMPTY_MAP>
2019-09-26 10:06:23,905 [pool-537-thread-1] INFO  server.RaftServerConfigKeys (ConfUtils.java:logGet(43)) - raft.server.storage.dir = [/workdir/hadoop-ozone/integration-test/target/test-dir/MiniOzoneClusterImpl-0a4d6173-89d3-45ab-a960-64e25af93069/datanode-4/data/ratis] (custom)
2019-09-26 10:06:23,905 [pool-537-thread-1] INFO  storage.RaftStorageDirectory (RaftStorageDirectory.java:analyzeStorage(246)) - The storage directory /workdir/hadoop-ozone/integration-test/target/test-dir/MiniOzoneClusterImpl-0a4d6173-89d3-45ab-a960-64e25af93069/datanode-4/data/ratis/807b2f02-76f0-4266-a7cf-423c73f4a4ea does not exist. Creating ...
2019-09-26 10:06:23,927 [pool-537-thread-1] INFO  storage.RaftStorageDirectory (RaftStorageDirectory.java:tryLock(328)) - Lock on /workdir/hadoop-ozone/integration-test/target/test-dir/MiniOzoneClusterImpl-0a4d6173-89d3-45ab-a960-64e25af93069/datanode-4/data/ratis/807b2f02-76f0-4266-a7cf-423c73f4a4ea/in_use.lock acquired by nodename 19604@pr-hdds-1569-wvzgm-824869521
2019-09-26 10:06:23,940 [pool-537-thread-1] INFO  storage.RaftStorage (RaftStorage.java:format(72)) - Storage directory /workdir/hadoop-ozone/integration-test/target/test-dir/MiniOzoneClusterImpl-0a4d6173-89d3-45ab-a960-64e25af93069/datanode-4/data/ratis/807b2f02-76f0-4266-a7cf-423c73f4a4ea has been successfully formatted.
2019-09-26 10:06:23,940 [pool-537-thread-1] INFO  ratis.ContainerStateMachine (ContainerStateMachine.java:loadSnapshot(230)) - group-423C73F4A4EA: The snapshot info is null. Setting the last applied indexto:(t:0, i:~)
2019-09-26 10:06:23,940 [pool-537-thread-1] INFO  server.RaftServerConfigKeys (ConfUtils.java:logGet(43)) - raft.server.notification.no-leader.timeout = 120s (custom)
2019-09-26 10:06:23,940 [pool-537-thread-1] INFO  server.RaftServerConfigKeys (ConfUtils.java:logGet(43)) - raft.server.log.use.memory = false (default)
2019-09-26 10:06:23,940 [pool-537-thread-1] INFO  server.RaftServerConfigKeys (ConfUtils.java:logGet(43)) - raft.server.log.purge.gap = 1000000 (custom)
2019-09-26 10:06:23,940 [pool-537-thread-1] INFO  server.RaftServerConfigKeys (ConfUtils.java:logGet(43)) - raft.server.log.appender.buffer.byte-limit = 33554432 (custom)
2019-09-26 10:06:23,941 [pool-537-thread-1] INFO  server.RaftServerConfigKeys (ConfUtils.java:logGet(43)) - raft.server.log.segment.size.max = 1048576 (custom)
2019-09-26 10:06:23,941 [pool-537-thread-1] INFO  server.RaftServerConfigKeys (ConfUtils.java:logGet(43)) - raft.server.log.segment.cache.num.max = 2 (custom)
2019-09-26 10:06:23,941 [pool-537-thread-1] INFO  segmented.SegmentedRaftLogWorker (SegmentedRaftLogWorker.java:<init>(172)) - new 4994e2c1-9eac-430d-be8a-cb30a727a84e@group-423C73F4A4EA-SegmentedRaftLogWorker for RaftStorage:Storage Directory /workdir/hadoop-ozone/integration-test/target/test-dir/MiniOzoneClusterImpl-0a4d6173-89d3-45ab-a960-64e25af93069/datanode-4/data/ratis/807b2f02-76f0-4266-a7cf-423c73f4a4ea
2019-09-26 10:06:23,941 [pool-537-thread-1] INFO  server.RaftServerConfigKeys (ConfUtils.java:logGet(43)) - raft.server.log.queue.byte-limit = 2147483647 (custom)
2019-09-26 10:06:23,941 [pool-537-thread-1] INFO  server.RaftServerConfigKeys (ConfUtils.java:logGet(43)) - raft.server.log.queue.element-limit = 1024 (custom)
2019-09-26 10:06:23,941 [pool-537-thread-1] INFO  server.RaftServerConfigKeys (ConfUtils.java:logGet(43)) - raft.server.log.segment.size.max = 1048576 (custom)
2019-09-26 10:06:23,941 [pool-537-thread-1] INFO  server.RaftServerConfigKeys (ConfUtils.java:logGet(43)) - raft.server.log.preallocated.size = 16384 (custom)
2019-09-26 10:06:23,941 [pool-537-thread-1] INFO  server.RaftServerConfigKeys (ConfUtils.java:logGet(43)) - raft.server.log.write.buffer.size = 33554432 (custom)
2019-09-26 10:06:23,941 [pool-537-thread-1] INFO  server.RaftServerConfigKeys (ConfUtils.java:logGet(43)) - raft.server.log.force.sync.num = 128 (default)
2019-09-26 10:06:23,942 [pool-537-thread-1] INFO  server.RaftServerConfigKeys (ConfUtils.java:logGet(43)) - raft.server.log.statemachine.data.sync = true (default)
2019-09-26 10:06:23,942 [pool-537-thread-1] INFO  server.RaftServerConfigKeys (ConfUtils.java:logGet(43)) - raft.server.log.statemachine.data.sync.timeout = 10s (default)
2019-09-26 10:06:23,942 [pool-537-thread-1] INFO  server.RaftServerConfigKeys (ConfUtils.java:logGet(43)) - raft.server.log.statemachine.data.sync.timeout.retry = -1 (default)
2019-09-26 10:06:23,942 [pool-537-thread-1] INFO  server.RaftServerConfigKeys (ConfUtils.java:logGet(43)) - raft.server.log.statemachine.data.caching.enabled = true (custom)
2019-09-26 10:06:23,942 [pool-537-thread-1] INFO  segmented.SegmentedRaftLogWorker (SegmentedRaftLogWorker.java:lambda$new$0(132)) - 4994e2c1-9eac-430d-be8a-cb30a727a84e@group-423C73F4A4EA-SegmentedRaftLogWorker: flushIndex: setUnconditionally 0 -> -1
2019-09-26 10:06:23,942 [pool-537-thread-1] INFO  server.RaftServerConfigKeys (ConfUtils.java:logGet(43)) - raft.server.snapshot.auto.trigger.enabled = true (custom)
2019-09-26 10:06:23,942 [pool-537-thread-1] INFO  server.RaftServerConfigKeys (ConfUtils.java:logGet(43)) - raft.server.snapshot.auto.trigger.threshold = 10000 (custom)
2019-09-26 10:06:23,943 [pool-537-thread-1] INFO  server.RaftServerConfigKeys (ConfUtils.java:logGet(43)) - raft.server.snapshot.retention.num.files = 5 (custom)
2019-09-26 10:06:23,943 [pool-537-thread-1] INFO  server.RaftServerConfigKeys (ConfUtils.java:logGet(43)) - raft.server.retrycache.expirytime = 600000ms (custom)
2019-09-26 10:06:23,944 [pool-537-thread-1] INFO  impl.RaftServerImpl (RaftServerImpl.java:start(185)) - 4994e2c1-9eac-430d-be8a-cb30a727a84e@group-423C73F4A4EA: start as a follower, conf=-1: [4994e2c1-9eac-430d-be8a-cb30a727a84e:192.168.30.13:35200], old=null
2019-09-26 10:06:23,944 [pool-537-thread-1] INFO  impl.RaftServerImpl (RaftServerImpl.java:setRole(174)) - 4994e2c1-9eac-430d-be8a-cb30a727a84e@group-423C73F4A4EA: changes role from      null to FOLLOWER at term 0 for startAsFollower
2019-09-26 10:06:23,944 [pool-537-thread-1] INFO  impl.RoleInfo (RoleInfo.java:updateAndGet(143)) - 4994e2c1-9eac-430d-be8a-cb30a727a84e: start FollowerState
2019-09-26 10:06:23,944 [pool-537-thread-1] INFO  util.JmxRegister (JmxRegister.java:tryRegister(44)) - Successfully registered JMX Bean with object name Ratis:service=RaftServer,group=group-423C73F4A4EA,id=4994e2c1-9eac-430d-be8a-cb30a727a84e
2019-09-26 10:06:23,946 [RatisPipelineUtilsThread] INFO  pipeline.PipelineStateManager (PipelineStateManager.java:addPipeline(56)) - Created pipeline Pipeline[ Id: 807b2f02-76f0-4266-a7cf-423c73f4a4ea, Nodes: 4994e2c1-9eac-430d-be8a-cb30a727a84e{ip: 192.168.30.13, host: pr-hdds-1569-wvzgm-824869521, networkLocation: /default-rack, certSerialId: null}, Type:RATIS, Factor:ONE, State:OPEN]
2019-09-26 10:06:23,947 [RatisPipelineUtilsThread] INFO  pipeline.PipelinePlacementPolicy (PipelinePlacementPolicy.java:meetCriteria(91)) - Pipeline Placement: can't place more pipeline on heavy datanode： 70c8131f-7846-4be9-9772-9c08fe1e82d9 Heaviness: 6 limit: 5
2019-09-26 10:06:23,947 [RatisPipelineUtilsThread] INFO  pipeline.PipelinePlacementPolicy (PipelinePlacementPolicy.java:meetCriteria(91)) - Pipeline Placement: can't place more pipeline on heavy datanode： af49d7a1-7bac-4fb8-a68b-38a7dab2a9f5 Heaviness: 6 limit: 5
2019-09-26 10:06:23,947 [RatisPipelineUtilsThread] INFO  pipeline.PipelinePlacementPolicy (PipelinePlacementPolicy.java:meetCriteria(91)) - Pipeline Placement: can't place more pipeline on heavy datanode： 4994e2c1-9eac-430d-be8a-cb30a727a84e Heaviness: 6 limit: 5
2019-09-26 10:06:23,947 [RatisPipelineUtilsThread] INFO  pipeline.PipelinePlacementPolicy (PipelinePlacementPolicy.java:meetCriteria(91)) - Pipeline Placement: can't place more pipeline on heavy datanode： cf63bf87-7688-4ba8-af45-4d7c49885422 Heaviness: 6 limit: 5
2019-09-26 10:06:23,947 [RatisPipelineUtilsThread] INFO  pipeline.PipelinePlacementPolicy (PipelinePlacementPolicy.java:meetCriteria(91)) - Pipeline Placement: can't place more pipeline on heavy datanode： 13165a8c-4572-43f4-b795-0eb0b3a8cfdc Heaviness: 6 limit: 5
2019-09-26 10:06:23,947 [RatisPipelineUtilsThread] INFO  pipeline.PipelinePlacementPolicy (PipelinePlacementPolicy.java:meetCriteria(91)) - Pipeline Placement: can't place more pipeline on heavy datanode： 3fdc1795-13a2-484d-a1b3-617bb4b52936 Heaviness: 6 limit: 5
2019-09-26 10:06:23,950 [grpc-default-executor-1] INFO  impl.RaftServerProxy (RaftServerProxy.java:addNew(89)) - 445ae746-534e-4611-8a14-965c0672a28b: addNew group-90F76F749C05:[445ae746-534e-4611-8a14-965c0672a28b:192.168.30.13:35533] returns group-90F76F749C05:java.util.concurrent.CompletableFuture@463e4975[Not completed]
2019-09-26 10:06:23,951 [pool-557-thread-1] INFO  impl.RaftServerImpl (RaftServerImpl.java:<init>(95)) - 445ae746-534e-4611-8a14-965c0672a28b: new RaftServerImpl for group-90F76F749C05:[445ae746-534e-4611-8a14-965c0672a28b:192.168.30.13:35533] with ContainerStateMachine:uninitialized
2019-09-26 10:06:23,951 [pool-557-thread-1] INFO  server.RaftServerConfigKeys (ConfUtils.java:logGet(43)) - raft.server.rpc.timeout.min = 5s (custom)
2019-09-26 10:06:23,951 [pool-557-thread-1] INFO  server.RaftServerConfigKeys (ConfUtils.java:logGet(43)) - raft.server.rpc.timeout.max = 5200ms (custom)
2019-09-26 10:06:23,951 [pool-557-thread-1] INFO  server.RaftServerConfigKeys (ConfUtils.java:logGet(43)) - raft.server.rpcslowness.timeout = 120s (custom)
2019-09-26 10:06:23,952 [pool-557-thread-1] INFO  server.RaftServerConfigKeys (ConfUtils.java:logGet(43)) - raft.server.sleep.deviation.threshold = 300 (default)
2019-09-26 10:06:23,952 [pool-557-thread-1] INFO  server.RaftServerConfigKeys (ConfUtils.java:logGet(43)) - raft.server.log.appender.install.snapshot.enabled = false (custom)
2019-09-26 10:06:23,952 [pool-557-thread-1] INFO  impl.RaftServerImpl (ServerState.java:<init>(103)) - 445ae746-534e-4611-8a14-965c0672a28b@group-90F76F749C05: ConfigurationManager, init=-1: [445ae746-534e-4611-8a14-965c0672a28b:192.168.30.13:35533], old=null, confs=<EMPTY_MAP>
2019-09-26 10:06:23,952 [pool-557-thread-1] INFO  server.RaftServerConfigKeys (ConfUtils.java:logGet(43)) - raft.server.storage.dir = [/workdir/hadoop-ozone/integration-test/target/test-dir/MiniOzoneClusterImpl-0a4d6173-89d3-45ab-a960-64e25af93069/datanode-6/data/ratis] (custom)
2019-09-26 10:06:23,952 [pool-557-thread-1] INFO  storage.RaftStorageDirectory (RaftStorageDirectory.java:analyzeStorage(246)) - The storage directory /workdir/hadoop-ozone/integration-test/target/test-dir/MiniOzoneClusterImpl-0a4d6173-89d3-45ab-a960-64e25af93069/datanode-6/data/ratis/284955a8-d6da-4533-922c-90f76f749c05 does not exist. Creating ...
2019-09-26 10:06:23,965 [pool-557-thread-1] INFO  storage.RaftStorageDirectory (RaftStorageDirectory.java:tryLock(328)) - Lock on /workdir/hadoop-ozone/integration-test/target/test-dir/MiniOzoneClusterImpl-0a4d6173-89d3-45ab-a960-64e25af93069/datanode-6/data/ratis/284955a8-d6da-4533-922c-90f76f749c05/in_use.lock acquired by nodename 19604@pr-hdds-1569-wvzgm-824869521
2019-09-26 10:06:23,978 [pool-557-thread-1] INFO  storage.RaftStorage (RaftStorage.java:format(72)) - Storage directory /workdir/hadoop-ozone/integration-test/target/test-dir/MiniOzoneClusterImpl-0a4d6173-89d3-45ab-a960-64e25af93069/datanode-6/data/ratis/284955a8-d6da-4533-922c-90f76f749c05 has been successfully formatted.
2019-09-26 10:06:23,978 [pool-557-thread-1] INFO  ratis.ContainerStateMachine (ContainerStateMachine.java:loadSnapshot(230)) - group-90F76F749C05: The snapshot info is null. Setting the last applied indexto:(t:0, i:~)
2019-09-26 10:06:23,978 [pool-557-thread-1] INFO  server.RaftServerConfigKeys (ConfUtils.java:logGet(43)) - raft.server.notification.no-leader.timeout = 120s (custom)
2019-09-26 10:06:23,978 [pool-557-thread-1] INFO  server.RaftServerConfigKeys (ConfUtils.java:logGet(43)) - raft.server.log.use.memory = false (default)
2019-09-26 10:06:23,978 [pool-557-thread-1] INFO  server.RaftServerConfigKeys (ConfUtils.java:logGet(43)) - raft.server.log.purge.gap = 1000000 (custom)
2019-09-26 10:06:23,978 [pool-557-thread-1] INFO  server.RaftServerConfigKeys (ConfUtils.java:logGet(43)) - raft.server.log.appender.buffer.byte-limit = 33554432 (custom)
2019-09-26 10:06:23,978 [pool-557-thread-1] INFO  server.RaftServerConfigKeys (ConfUtils.java:logGet(43)) - raft.server.log.segment.size.max = 1048576 (custom)
2019-09-26 10:06:23,978 [pool-557-thread-1] INFO  server.RaftServerConfigKeys (ConfUtils.java:logGet(43)) - raft.server.log.segment.cache.num.max = 2 (custom)
2019-09-26 10:06:23,978 [pool-557-thread-1] INFO  segmented.SegmentedRaftLogWorker (SegmentedRaftLogWorker.java:<init>(172)) - new 445ae746-534e-4611-8a14-965c0672a28b@group-90F76F749C05-SegmentedRaftLogWorker for RaftStorage:Storage Directory /workdir/hadoop-ozone/integration-test/target/test-dir/MiniOzoneClusterImpl-0a4d6173-89d3-45ab-a960-64e25af93069/datanode-6/data/ratis/284955a8-d6da-4533-922c-90f76f749c05
2019-09-26 10:06:23,978 [pool-557-thread-1] INFO  server.RaftServerConfigKeys (ConfUtils.java:logGet(43)) - raft.server.log.queue.byte-limit = 2147483647 (custom)
2019-09-26 10:06:23,979 [pool-557-thread-1] INFO  server.RaftServerConfigKeys (ConfUtils.java:logGet(43)) - raft.server.log.queue.element-limit = 1024 (custom)
2019-09-26 10:06:23,979 [pool-557-thread-1] INFO  server.RaftServerConfigKeys (ConfUtils.java:logGet(43)) - raft.server.log.segment.size.max = 1048576 (custom)
2019-09-26 10:06:23,979 [pool-557-thread-1] INFO  server.RaftServerConfigKeys (ConfUtils.java:logGet(43)) - raft.server.log.preallocated.size = 16384 (custom)
2019-09-26 10:06:23,979 [pool-557-thread-1] INFO  server.RaftServerConfigKeys (ConfUtils.java:logGet(43)) - raft.server.log.write.buffer.size = 33554432 (custom)
2019-09-26 10:06:23,979 [pool-557-thread-1] INFO  server.RaftServerConfigKeys (ConfUtils.java:logGet(43)) - raft.server.log.force.sync.num = 128 (default)
2019-09-26 10:06:23,979 [pool-557-thread-1] INFO  server.RaftServerConfigKeys (ConfUtils.java:logGet(43)) - raft.server.log.statemachine.data.sync = true (default)
2019-09-26 10:06:23,979 [pool-557-thread-1] INFO  server.RaftServerConfigKeys (ConfUtils.java:logGet(43)) - raft.server.log.statemachine.data.sync.timeout = 10s (default)
2019-09-26 10:06:23,979 [pool-557-thread-1] INFO  server.RaftServerConfigKeys (ConfUtils.java:logGet(43)) - raft.server.log.statemachine.data.sync.timeout.retry = -1 (default)
2019-09-26 10:06:23,980 [pool-557-thread-1] INFO  server.RaftServerConfigKeys (ConfUtils.java:logGet(43)) - raft.server.log.statemachine.data.caching.enabled = true (custom)
2019-09-26 10:06:23,980 [pool-557-thread-1] INFO  segmented.SegmentedRaftLogWorker (SegmentedRaftLogWorker.java:lambda$new$0(132)) - 445ae746-534e-4611-8a14-965c0672a28b@group-90F76F749C05-SegmentedRaftLogWorker: flushIndex: setUnconditionally 0 -> -1
2019-09-26 10:06:23,980 [pool-557-thread-1] INFO  server.RaftServerConfigKeys (ConfUtils.java:logGet(43)) - raft.server.snapshot.auto.trigger.enabled = true (custom)
2019-09-26 10:06:23,980 [pool-557-thread-1] INFO  server.RaftServerConfigKeys (ConfUtils.java:logGet(43)) - raft.server.snapshot.auto.trigger.threshold = 10000 (custom)
2019-09-26 10:06:23,980 [pool-557-thread-1] INFO  server.RaftServerConfigKeys (ConfUtils.java:logGet(43)) - raft.server.snapshot.retention.num.files = 5 (custom)
2019-09-26 10:06:23,980 [pool-557-thread-1] INFO  server.RaftServerConfigKeys (ConfUtils.java:logGet(43)) - raft.server.retrycache.expirytime = 600000ms (custom)
2019-09-26 10:06:23,981 [pool-557-thread-1] INFO  impl.RaftServerImpl (RaftServerImpl.java:start(185)) - 445ae746-534e-4611-8a14-965c0672a28b@group-90F76F749C05: start as a follower, conf=-1: [445ae746-534e-4611-8a14-965c0672a28b:192.168.30.13:35533], old=null
2019-09-26 10:06:23,981 [pool-557-thread-1] INFO  impl.RaftServerImpl (RaftServerImpl.java:setRole(174)) - 445ae746-534e-4611-8a14-965c0672a28b@group-90F76F749C05: changes role from      null to FOLLOWER at term 0 for startAsFollower
2019-09-26 10:06:23,982 [pool-557-thread-1] INFO  impl.RoleInfo (RoleInfo.java:updateAndGet(143)) - 445ae746-534e-4611-8a14-965c0672a28b: start FollowerState
2019-09-26 10:06:23,982 [pool-557-thread-1] INFO  util.JmxRegister (JmxRegister.java:tryRegister(44)) - Successfully registered JMX Bean with object name Ratis:service=RaftServer,group=group-90F76F749C05,id=445ae746-534e-4611-8a14-965c0672a28b
2019-09-26 10:06:23,984 [RatisPipelineUtilsThread] INFO  pipeline.PipelineStateManager (PipelineStateManager.java:addPipeline(56)) - Created pipeline Pipeline[ Id: 284955a8-d6da-4533-922c-90f76f749c05, Nodes: 445ae746-534e-4611-8a14-965c0672a28b{ip: 192.168.30.13, host: pr-hdds-1569-wvzgm-824869521, networkLocation: /default-rack, certSerialId: null}, Type:RATIS, Factor:ONE, State:OPEN]
2019-09-26 10:06:23,984 [RatisPipelineUtilsThread] INFO  pipeline.PipelinePlacementPolicy (PipelinePlacementPolicy.java:meetCriteria(91)) - Pipeline Placement: can't place more pipeline on heavy datanode： 70c8131f-7846-4be9-9772-9c08fe1e82d9 Heaviness: 6 limit: 5
2019-09-26 10:06:23,984 [RatisPipelineUtilsThread] INFO  pipeline.PipelinePlacementPolicy (PipelinePlacementPolicy.java:meetCriteria(91)) - Pipeline Placement: can't place more pipeline on heavy datanode： af49d7a1-7bac-4fb8-a68b-38a7dab2a9f5 Heaviness: 6 limit: 5
2019-09-26 10:06:23,984 [RatisPipelineUtilsThread] INFO  pipeline.PipelinePlacementPolicy (PipelinePlacementPolicy.java:meetCriteria(91)) - Pipeline Placement: can't place more pipeline on heavy datanode： 4994e2c1-9eac-430d-be8a-cb30a727a84e Heaviness: 6 limit: 5
2019-09-26 10:06:23,984 [RatisPipelineUtilsThread] INFO  pipeline.PipelinePlacementPolicy (PipelinePlacementPolicy.java:meetCriteria(91)) - Pipeline Placement: can't place more pipeline on heavy datanode： cf63bf87-7688-4ba8-af45-4d7c49885422 Heaviness: 6 limit: 5
2019-09-26 10:06:23,984 [RatisPipelineUtilsThread] INFO  pipeline.PipelinePlacementPolicy (PipelinePlacementPolicy.java:meetCriteria(91)) - Pipeline Placement: can't place more pipeline on heavy datanode： 13165a8c-4572-43f4-b795-0eb0b3a8cfdc Heaviness: 6 limit: 5
2019-09-26 10:06:23,984 [RatisPipelineUtilsThread] INFO  pipeline.PipelinePlacementPolicy (PipelinePlacementPolicy.java:meetCriteria(91)) - Pipeline Placement: can't place more pipeline on heavy datanode： 3fdc1795-13a2-484d-a1b3-617bb4b52936 Heaviness: 6 limit: 5
2019-09-26 10:06:23,988 [grpc-default-executor-1] INFO  impl.RaftServerProxy (RaftServerProxy.java:addNew(89)) - 445ae746-534e-4611-8a14-965c0672a28b: addNew group-B0EF61BE0A35:[445ae746-534e-4611-8a14-965c0672a28b:192.168.30.13:35533] returns group-B0EF61BE0A35:java.util.concurrent.CompletableFuture@3cc9b575[Not completed]
2019-09-26 10:06:23,989 [pool-557-thread-1] INFO  impl.RaftServerImpl (RaftServerImpl.java:<init>(95)) - 445ae746-534e-4611-8a14-965c0672a28b: new RaftServerImpl for group-B0EF61BE0A35:[445ae746-534e-4611-8a14-965c0672a28b:192.168.30.13:35533] with ContainerStateMachine:uninitialized
2019-09-26 10:06:23,989 [pool-557-thread-1] INFO  server.RaftServerConfigKeys (ConfUtils.java:logGet(43)) - raft.server.rpc.timeout.min = 5s (custom)
2019-09-26 10:06:23,990 [pool-557-thread-1] INFO  server.RaftServerConfigKeys (ConfUtils.java:logGet(43)) - raft.server.rpc.timeout.max = 5200ms (custom)
2019-09-26 10:06:23,990 [pool-557-thread-1] INFO  server.RaftServerConfigKeys (ConfUtils.java:logGet(43)) - raft.server.rpcslowness.timeout = 120s (custom)
2019-09-26 10:06:23,990 [pool-557-thread-1] INFO  server.RaftServerConfigKeys (ConfUtils.java:logGet(43)) - raft.server.sleep.deviation.threshold = 300 (default)
2019-09-26 10:06:23,990 [pool-557-thread-1] INFO  server.RaftServerConfigKeys (ConfUtils.java:logGet(43)) - raft.server.log.appender.install.snapshot.enabled = false (custom)
2019-09-26 10:06:23,990 [pool-557-thread-1] INFO  impl.RaftServerImpl (ServerState.java:<init>(103)) - 445ae746-534e-4611-8a14-965c0672a28b@group-B0EF61BE0A35: ConfigurationManager, init=-1: [445ae746-534e-4611-8a14-965c0672a28b:192.168.30.13:35533], old=null, confs=<EMPTY_MAP>
2019-09-26 10:06:23,990 [pool-557-thread-1] INFO  server.RaftServerConfigKeys (ConfUtils.java:logGet(43)) - raft.server.storage.dir = [/workdir/hadoop-ozone/integration-test/target/test-dir/MiniOzoneClusterImpl-0a4d6173-89d3-45ab-a960-64e25af93069/datanode-6/data/ratis] (custom)
2019-09-26 10:06:23,991 [pool-557-thread-1] INFO  storage.RaftStorageDirectory (RaftStorageDirectory.java:analyzeStorage(246)) - The storage directory /workdir/hadoop-ozone/integration-test/target/test-dir/MiniOzoneClusterImpl-0a4d6173-89d3-45ab-a960-64e25af93069/datanode-6/data/ratis/3998e864-2a66-4deb-a2d2-b0ef61be0a35 does not exist. Creating ...
2019-09-26 10:06:24,005 [pool-557-thread-1] INFO  storage.RaftStorageDirectory (RaftStorageDirectory.java:tryLock(328)) - Lock on /workdir/hadoop-ozone/integration-test/target/test-dir/MiniOzoneClusterImpl-0a4d6173-89d3-45ab-a960-64e25af93069/datanode-6/data/ratis/3998e864-2a66-4deb-a2d2-b0ef61be0a35/in_use.lock acquired by nodename 19604@pr-hdds-1569-wvzgm-824869521
2019-09-26 10:06:24,018 [pool-557-thread-1] INFO  storage.RaftStorage (RaftStorage.java:format(72)) - Storage directory /workdir/hadoop-ozone/integration-test/target/test-dir/MiniOzoneClusterImpl-0a4d6173-89d3-45ab-a960-64e25af93069/datanode-6/data/ratis/3998e864-2a66-4deb-a2d2-b0ef61be0a35 has been successfully formatted.
2019-09-26 10:06:24,018 [pool-557-thread-1] INFO  ratis.ContainerStateMachine (ContainerStateMachine.java:loadSnapshot(230)) - group-B0EF61BE0A35: The snapshot info is null. Setting the last applied indexto:(t:0, i:~)
2019-09-26 10:06:24,019 [pool-557-thread-1] INFO  server.RaftServerConfigKeys (ConfUtils.java:logGet(43)) - raft.server.notification.no-leader.timeout = 120s (custom)
2019-09-26 10:06:24,019 [pool-557-thread-1] INFO  server.RaftServerConfigKeys (ConfUtils.java:logGet(43)) - raft.server.log.use.memory = false (default)
2019-09-26 10:06:24,019 [pool-557-thread-1] INFO  server.RaftServerConfigKeys (ConfUtils.java:logGet(43)) - raft.server.log.purge.gap = 1000000 (custom)
2019-09-26 10:06:24,019 [pool-557-thread-1] INFO  server.RaftServerConfigKeys (ConfUtils.java:logGet(43)) - raft.server.log.appender.buffer.byte-limit = 33554432 (custom)
2019-09-26 10:06:24,019 [pool-557-thread-1] INFO  server.RaftServerConfigKeys (ConfUtils.java:logGet(43)) - raft.server.log.segment.size.max = 1048576 (custom)
2019-09-26 10:06:24,020 [pool-557-thread-1] INFO  server.RaftServerConfigKeys (ConfUtils.java:logGet(43)) - raft.server.log.segment.cache.num.max = 2 (custom)
2019-09-26 10:06:24,020 [pool-557-thread-1] INFO  segmented.SegmentedRaftLogWorker (SegmentedRaftLogWorker.java:<init>(172)) - new 445ae746-534e-4611-8a14-965c0672a28b@group-B0EF61BE0A35-SegmentedRaftLogWorker for RaftStorage:Storage Directory /workdir/hadoop-ozone/integration-test/target/test-dir/MiniOzoneClusterImpl-0a4d6173-89d3-45ab-a960-64e25af93069/datanode-6/data/ratis/3998e864-2a66-4deb-a2d2-b0ef61be0a35
2019-09-26 10:06:24,020 [pool-557-thread-1] INFO  server.RaftServerConfigKeys (ConfUtils.java:logGet(43)) - raft.server.log.queue.byte-limit = 2147483647 (custom)
2019-09-26 10:06:24,029 [pool-557-thread-1] INFO  server.RaftServerConfigKeys (ConfUtils.java:logGet(43)) - raft.server.log.queue.element-limit = 1024 (custom)
2019-09-26 10:06:24,029 [pool-557-thread-1] INFO  server.RaftServerConfigKeys (ConfUtils.java:logGet(43)) - raft.server.log.segment.size.max = 1048576 (custom)
2019-09-26 10:06:24,029 [pool-557-thread-1] INFO  server.RaftServerConfigKeys (ConfUtils.java:logGet(43)) - raft.server.log.preallocated.size = 16384 (custom)
2019-09-26 10:06:24,029 [pool-557-thread-1] INFO  server.RaftServerConfigKeys (ConfUtils.java:logGet(43)) - raft.server.log.write.buffer.size = 33554432 (custom)
2019-09-26 10:06:24,029 [pool-557-thread-1] INFO  server.RaftServerConfigKeys (ConfUtils.java:logGet(43)) - raft.server.log.force.sync.num = 128 (default)
2019-09-26 10:06:24,029 [pool-557-thread-1] INFO  server.RaftServerConfigKeys (ConfUtils.java:logGet(43)) - raft.server.log.statemachine.data.sync = true (default)
2019-09-26 10:06:24,029 [pool-557-thread-1] INFO  server.RaftServerConfigKeys (ConfUtils.java:logGet(43)) - raft.server.log.statemachine.data.sync.timeout = 10s (default)
2019-09-26 10:06:24,030 [pool-557-thread-1] INFO  server.RaftServerConfigKeys (ConfUtils.java:logGet(43)) - raft.server.log.statemachine.data.sync.timeout.retry = -1 (default)
2019-09-26 10:06:24,030 [pool-557-thread-1] INFO  server.RaftServerConfigKeys (ConfUtils.java:logGet(43)) - raft.server.log.statemachine.data.caching.enabled = true (custom)
2019-09-26 10:06:24,030 [pool-557-thread-1] INFO  segmented.SegmentedRaftLogWorker (SegmentedRaftLogWorker.java:lambda$new$0(132)) - 445ae746-534e-4611-8a14-965c0672a28b@group-B0EF61BE0A35-SegmentedRaftLogWorker: flushIndex: setUnconditionally 0 -> -1
2019-09-26 10:06:24,030 [pool-557-thread-1] INFO  server.RaftServerConfigKeys (ConfUtils.java:logGet(43)) - raft.server.snapshot.auto.trigger.enabled = true (custom)
2019-09-26 10:06:24,031 [pool-557-thread-1] INFO  server.RaftServerConfigKeys (ConfUtils.java:logGet(43)) - raft.server.snapshot.auto.trigger.threshold = 10000 (custom)
2019-09-26 10:06:24,031 [pool-557-thread-1] INFO  server.RaftServerConfigKeys (ConfUtils.java:logGet(43)) - raft.server.snapshot.retention.num.files = 5 (custom)
2019-09-26 10:06:24,031 [pool-557-thread-1] INFO  server.RaftServerConfigKeys (ConfUtils.java:logGet(43)) - raft.server.retrycache.expirytime = 600000ms (custom)
2019-09-26 10:06:24,033 [pool-557-thread-1] INFO  impl.RaftServerImpl (RaftServerImpl.java:start(185)) - 445ae746-534e-4611-8a14-965c0672a28b@group-B0EF61BE0A35: start as a follower, conf=-1: [445ae746-534e-4611-8a14-965c0672a28b:192.168.30.13:35533], old=null
2019-09-26 10:06:24,033 [pool-557-thread-1] INFO  impl.RaftServerImpl (RaftServerImpl.java:setRole(174)) - 445ae746-534e-4611-8a14-965c0672a28b@group-B0EF61BE0A35: changes role from      null to FOLLOWER at term 0 for startAsFollower
2019-09-26 10:06:24,033 [pool-557-thread-1] INFO  impl.RoleInfo (RoleInfo.java:updateAndGet(143)) - 445ae746-534e-4611-8a14-965c0672a28b: start FollowerState
2019-09-26 10:06:24,033 [pool-557-thread-1] INFO  util.JmxRegister (JmxRegister.java:tryRegister(44)) - Successfully registered JMX Bean with object name Ratis:service=RaftServer,group=group-B0EF61BE0A35,id=445ae746-534e-4611-8a14-965c0672a28b
2019-09-26 10:06:24,035 [RatisPipelineUtilsThread] INFO  pipeline.PipelineStateManager (PipelineStateManager.java:addPipeline(56)) - Created pipeline Pipeline[ Id: 3998e864-2a66-4deb-a2d2-b0ef61be0a35, Nodes: 445ae746-534e-4611-8a14-965c0672a28b{ip: 192.168.30.13, host: pr-hdds-1569-wvzgm-824869521, networkLocation: /default-rack, certSerialId: null}, Type:RATIS, Factor:ONE, State:OPEN]
2019-09-26 10:06:24,036 [RatisPipelineUtilsThread] INFO  pipeline.PipelinePlacementPolicy (PipelinePlacementPolicy.java:meetCriteria(91)) - Pipeline Placement: can't place more pipeline on heavy datanode： 70c8131f-7846-4be9-9772-9c08fe1e82d9 Heaviness: 6 limit: 5
2019-09-26 10:06:24,036 [RatisPipelineUtilsThread] INFO  pipeline.PipelinePlacementPolicy (PipelinePlacementPolicy.java:meetCriteria(91)) - Pipeline Placement: can't place more pipeline on heavy datanode： af49d7a1-7bac-4fb8-a68b-38a7dab2a9f5 Heaviness: 6 limit: 5
2019-09-26 10:06:24,036 [RatisPipelineUtilsThread] INFO  pipeline.PipelinePlacementPolicy (PipelinePlacementPolicy.java:meetCriteria(91)) - Pipeline Placement: can't place more pipeline on heavy datanode： 4994e2c1-9eac-430d-be8a-cb30a727a84e Heaviness: 6 limit: 5
2019-09-26 10:06:24,036 [RatisPipelineUtilsThread] INFO  pipeline.PipelinePlacementPolicy (PipelinePlacementPolicy.java:meetCriteria(91)) - Pipeline Placement: can't place more pipeline on heavy datanode： cf63bf87-7688-4ba8-af45-4d7c49885422 Heaviness: 6 limit: 5
2019-09-26 10:06:24,036 [RatisPipelineUtilsThread] INFO  pipeline.PipelinePlacementPolicy (PipelinePlacementPolicy.java:meetCriteria(91)) - Pipeline Placement: can't place more pipeline on heavy datanode： 13165a8c-4572-43f4-b795-0eb0b3a8cfdc Heaviness: 6 limit: 5
2019-09-26 10:06:24,036 [RatisPipelineUtilsThread] INFO  pipeline.PipelinePlacementPolicy (PipelinePlacementPolicy.java:meetCriteria(91)) - Pipeline Placement: can't place more pipeline on heavy datanode： 3fdc1795-13a2-484d-a1b3-617bb4b52936 Heaviness: 6 limit: 5
2019-09-26 10:06:24,040 [grpc-default-executor-1] INFO  impl.RaftServerProxy (RaftServerProxy.java:addNew(89)) - 445ae746-534e-4611-8a14-965c0672a28b: addNew group-DEA1073B3F08:[445ae746-534e-4611-8a14-965c0672a28b:192.168.30.13:35533] returns group-DEA1073B3F08:java.util.concurrent.CompletableFuture@1e394af5[Not completed]
2019-09-26 10:06:24,041 [pool-557-thread-1] INFO  impl.RaftServerImpl (RaftServerImpl.java:<init>(95)) - 445ae746-534e-4611-8a14-965c0672a28b: new RaftServerImpl for group-DEA1073B3F08:[445ae746-534e-4611-8a14-965c0672a28b:192.168.30.13:35533] with ContainerStateMachine:uninitialized
2019-09-26 10:06:24,041 [pool-557-thread-1] INFO  server.RaftServerConfigKeys (ConfUtils.java:logGet(43)) - raft.server.rpc.timeout.min = 5s (custom)
2019-09-26 10:06:24,041 [pool-557-thread-1] INFO  server.RaftServerConfigKeys (ConfUtils.java:logGet(43)) - raft.server.rpc.timeout.max = 5200ms (custom)
2019-09-26 10:06:24,041 [pool-557-thread-1] INFO  server.RaftServerConfigKeys (ConfUtils.java:logGet(43)) - raft.server.rpcslowness.timeout = 120s (custom)
2019-09-26 10:06:24,041 [pool-557-thread-1] INFO  server.RaftServerConfigKeys (ConfUtils.java:logGet(43)) - raft.server.sleep.deviation.threshold = 300 (default)
2019-09-26 10:06:24,041 [pool-557-thread-1] INFO  server.RaftServerConfigKeys (ConfUtils.java:logGet(43)) - raft.server.log.appender.install.snapshot.enabled = false (custom)
2019-09-26 10:06:24,041 [pool-557-thread-1] INFO  impl.RaftServerImpl (ServerState.java:<init>(103)) - 445ae746-534e-4611-8a14-965c0672a28b@group-DEA1073B3F08: ConfigurationManager, init=-1: [445ae746-534e-4611-8a14-965c0672a28b:192.168.30.13:35533], old=null, confs=<EMPTY_MAP>
2019-09-26 10:06:24,042 [pool-557-thread-1] INFO  server.RaftServerConfigKeys (ConfUtils.java:logGet(43)) - raft.server.storage.dir = [/workdir/hadoop-ozone/integration-test/target/test-dir/MiniOzoneClusterImpl-0a4d6173-89d3-45ab-a960-64e25af93069/datanode-6/data/ratis] (custom)
2019-09-26 10:06:24,042 [pool-557-thread-1] INFO  storage.RaftStorageDirectory (RaftStorageDirectory.java:analyzeStorage(246)) - The storage directory /workdir/hadoop-ozone/integration-test/target/test-dir/MiniOzoneClusterImpl-0a4d6173-89d3-45ab-a960-64e25af93069/datanode-6/data/ratis/9dc4af5d-b92e-4d39-a8f1-dea1073b3f08 does not exist. Creating ...
2019-09-26 10:06:24,063 [pool-557-thread-1] INFO  storage.RaftStorageDirectory (RaftStorageDirectory.java:tryLock(328)) - Lock on /workdir/hadoop-ozone/integration-test/target/test-dir/MiniOzoneClusterImpl-0a4d6173-89d3-45ab-a960-64e25af93069/datanode-6/data/ratis/9dc4af5d-b92e-4d39-a8f1-dea1073b3f08/in_use.lock acquired by nodename 19604@pr-hdds-1569-wvzgm-824869521
2019-09-26 10:06:24,076 [pool-557-thread-1] INFO  storage.RaftStorage (RaftStorage.java:format(72)) - Storage directory /workdir/hadoop-ozone/integration-test/target/test-dir/MiniOzoneClusterImpl-0a4d6173-89d3-45ab-a960-64e25af93069/datanode-6/data/ratis/9dc4af5d-b92e-4d39-a8f1-dea1073b3f08 has been successfully formatted.
2019-09-26 10:06:24,076 [pool-557-thread-1] INFO  ratis.ContainerStateMachine (ContainerStateMachine.java:loadSnapshot(230)) - group-DEA1073B3F08: The snapshot info is null. Setting the last applied indexto:(t:0, i:~)
2019-09-26 10:06:24,076 [pool-557-thread-1] INFO  server.RaftServerConfigKeys (ConfUtils.java:logGet(43)) - raft.server.notification.no-leader.timeout = 120s (custom)
2019-09-26 10:06:24,076 [pool-557-thread-1] INFO  server.RaftServerConfigKeys (ConfUtils.java:logGet(43)) - raft.server.log.use.memory = false (default)
2019-09-26 10:06:24,076 [pool-557-thread-1] INFO  server.RaftServerConfigKeys (ConfUtils.java:logGet(43)) - raft.server.log.purge.gap = 1000000 (custom)
2019-09-26 10:06:24,077 [pool-557-thread-1] INFO  server.RaftServerConfigKeys (ConfUtils.java:logGet(43)) - raft.server.log.appender.buffer.byte-limit = 33554432 (custom)
2019-09-26 10:06:24,077 [pool-557-thread-1] INFO  server.RaftServerConfigKeys (ConfUtils.java:logGet(43)) - raft.server.log.segment.size.max = 1048576 (custom)
2019-09-26 10:06:24,077 [pool-557-thread-1] INFO  server.RaftServerConfigKeys (ConfUtils.java:logGet(43)) - raft.server.log.segment.cache.num.max = 2 (custom)
2019-09-26 10:06:24,077 [pool-557-thread-1] INFO  segmented.SegmentedRaftLogWorker (SegmentedRaftLogWorker.java:<init>(172)) - new 445ae746-534e-4611-8a14-965c0672a28b@group-DEA1073B3F08-SegmentedRaftLogWorker for RaftStorage:Storage Directory /workdir/hadoop-ozone/integration-test/target/test-dir/MiniOzoneClusterImpl-0a4d6173-89d3-45ab-a960-64e25af93069/datanode-6/data/ratis/9dc4af5d-b92e-4d39-a8f1-dea1073b3f08
2019-09-26 10:06:24,077 [pool-557-thread-1] INFO  server.RaftServerConfigKeys (ConfUtils.java:logGet(43)) - raft.server.log.queue.byte-limit = 2147483647 (custom)
2019-09-26 10:06:24,077 [pool-557-thread-1] INFO  server.RaftServerConfigKeys (ConfUtils.java:logGet(43)) - raft.server.log.queue.element-limit = 1024 (custom)
2019-09-26 10:06:24,077 [pool-557-thread-1] INFO  server.RaftServerConfigKeys (ConfUtils.java:logGet(43)) - raft.server.log.segment.size.max = 1048576 (custom)
2019-09-26 10:06:24,077 [pool-557-thread-1] INFO  server.RaftServerConfigKeys (ConfUtils.java:logGet(43)) - raft.server.log.preallocated.size = 16384 (custom)
2019-09-26 10:06:24,078 [pool-557-thread-1] INFO  server.RaftServerConfigKeys (ConfUtils.java:logGet(43)) - raft.server.log.write.buffer.size = 33554432 (custom)
2019-09-26 10:06:24,078 [pool-557-thread-1] INFO  server.RaftServerConfigKeys (ConfUtils.java:logGet(43)) - raft.server.log.force.sync.num = 128 (default)
2019-09-26 10:06:24,078 [pool-557-thread-1] INFO  server.RaftServerConfigKeys (ConfUtils.java:logGet(43)) - raft.server.log.statemachine.data.sync = true (default)
2019-09-26 10:06:24,078 [pool-557-thread-1] INFO  server.RaftServerConfigKeys (ConfUtils.java:logGet(43)) - raft.server.log.statemachine.data.sync.timeout = 10s (default)
2019-09-26 10:06:24,078 [pool-557-thread-1] INFO  server.RaftServerConfigKeys (ConfUtils.java:logGet(43)) - raft.server.log.statemachine.data.sync.timeout.retry = -1 (default)
2019-09-26 10:06:24,078 [pool-557-thread-1] INFO  server.RaftServerConfigKeys (ConfUtils.java:logGet(43)) - raft.server.log.statemachine.data.caching.enabled = true (custom)
2019-09-26 10:06:24,078 [pool-557-thread-1] INFO  segmented.SegmentedRaftLogWorker (SegmentedRaftLogWorker.java:lambda$new$0(132)) - 445ae746-534e-4611-8a14-965c0672a28b@group-DEA1073B3F08-SegmentedRaftLogWorker: flushIndex: setUnconditionally 0 -> -1
2019-09-26 10:06:24,079 [pool-557-thread-1] INFO  server.RaftServerConfigKeys (ConfUtils.java:logGet(43)) - raft.server.snapshot.auto.trigger.enabled = true (custom)
2019-09-26 10:06:24,079 [pool-557-thread-1] INFO  server.RaftServerConfigKeys (ConfUtils.java:logGet(43)) - raft.server.snapshot.auto.trigger.threshold = 10000 (custom)
2019-09-26 10:06:24,079 [pool-557-thread-1] INFO  server.RaftServerConfigKeys (ConfUtils.java:logGet(43)) - raft.server.snapshot.retention.num.files = 5 (custom)
2019-09-26 10:06:24,079 [pool-557-thread-1] INFO  server.RaftServerConfigKeys (ConfUtils.java:logGet(43)) - raft.server.retrycache.expirytime = 600000ms (custom)
2019-09-26 10:06:24,081 [pool-557-thread-1] INFO  impl.RaftServerImpl (RaftServerImpl.java:start(185)) - 445ae746-534e-4611-8a14-965c0672a28b@group-DEA1073B3F08: start as a follower, conf=-1: [445ae746-534e-4611-8a14-965c0672a28b:192.168.30.13:35533], old=null
2019-09-26 10:06:24,081 [pool-557-thread-1] INFO  impl.RaftServerImpl (RaftServerImpl.java:setRole(174)) - 445ae746-534e-4611-8a14-965c0672a28b@group-DEA1073B3F08: changes role from      null to FOLLOWER at term 0 for startAsFollower
2019-09-26 10:06:24,081 [pool-557-thread-1] INFO  impl.RoleInfo (RoleInfo.java:updateAndGet(143)) - 445ae746-534e-4611-8a14-965c0672a28b: start FollowerState
2019-09-26 10:06:24,081 [pool-557-thread-1] INFO  util.JmxRegister (JmxRegister.java:tryRegister(44)) - Successfully registered JMX Bean with object name Ratis:service=RaftServer,group=group-DEA1073B3F08,id=445ae746-534e-4611-8a14-965c0672a28b
2019-09-26 10:06:24,083 [RatisPipelineUtilsThread] INFO  pipeline.PipelineStateManager (PipelineStateManager.java:addPipeline(56)) - Created pipeline Pipeline[ Id: 9dc4af5d-b92e-4d39-a8f1-dea1073b3f08, Nodes: 445ae746-534e-4611-8a14-965c0672a28b{ip: 192.168.30.13, host: pr-hdds-1569-wvzgm-824869521, networkLocation: /default-rack, certSerialId: null}, Type:RATIS, Factor:ONE, State:OPEN]
2019-09-26 10:06:24,083 [RatisPipelineUtilsThread] INFO  pipeline.PipelinePlacementPolicy (PipelinePlacementPolicy.java:meetCriteria(91)) - Pipeline Placement: can't place more pipeline on heavy datanode： 70c8131f-7846-4be9-9772-9c08fe1e82d9 Heaviness: 6 limit: 5
2019-09-26 10:06:24,084 [RatisPipelineUtilsThread] INFO  pipeline.PipelinePlacementPolicy (PipelinePlacementPolicy.java:meetCriteria(91)) - Pipeline Placement: can't place more pipeline on heavy datanode： af49d7a1-7bac-4fb8-a68b-38a7dab2a9f5 Heaviness: 6 limit: 5
2019-09-26 10:06:24,084 [RatisPipelineUtilsThread] INFO  pipeline.PipelinePlacementPolicy (PipelinePlacementPolicy.java:meetCriteria(91)) - Pipeline Placement: can't place more pipeline on heavy datanode： 4994e2c1-9eac-430d-be8a-cb30a727a84e Heaviness: 6 limit: 5
2019-09-26 10:06:24,084 [RatisPipelineUtilsThread] INFO  pipeline.PipelinePlacementPolicy (PipelinePlacementPolicy.java:meetCriteria(91)) - Pipeline Placement: can't place more pipeline on heavy datanode： cf63bf87-7688-4ba8-af45-4d7c49885422 Heaviness: 6 limit: 5
2019-09-26 10:06:24,084 [RatisPipelineUtilsThread] INFO  pipeline.PipelinePlacementPolicy (PipelinePlacementPolicy.java:meetCriteria(91)) - Pipeline Placement: can't place more pipeline on heavy datanode： 13165a8c-4572-43f4-b795-0eb0b3a8cfdc Heaviness: 6 limit: 5
2019-09-26 10:06:24,084 [RatisPipelineUtilsThread] INFO  pipeline.PipelinePlacementPolicy (PipelinePlacementPolicy.java:meetCriteria(91)) - Pipeline Placement: can't place more pipeline on heavy datanode： 3fdc1795-13a2-484d-a1b3-617bb4b52936 Heaviness: 6 limit: 5
2019-09-26 10:06:24,088 [grpc-default-executor-1] INFO  impl.RaftServerProxy (RaftServerProxy.java:addNew(89)) - 445ae746-534e-4611-8a14-965c0672a28b: addNew group-A706776D47D0:[445ae746-534e-4611-8a14-965c0672a28b:192.168.30.13:35533] returns group-A706776D47D0:java.util.concurrent.CompletableFuture@f2ac1c[Not completed]
2019-09-26 10:06:24,089 [pool-557-thread-1] INFO  impl.RaftServerImpl (RaftServerImpl.java:<init>(95)) - 445ae746-534e-4611-8a14-965c0672a28b: new RaftServerImpl for group-A706776D47D0:[445ae746-534e-4611-8a14-965c0672a28b:192.168.30.13:35533] with ContainerStateMachine:uninitialized
2019-09-26 10:06:24,089 [pool-557-thread-1] INFO  server.RaftServerConfigKeys (ConfUtils.java:logGet(43)) - raft.server.rpc.timeout.min = 5s (custom)
2019-09-26 10:06:24,089 [pool-557-thread-1] INFO  server.RaftServerConfigKeys (ConfUtils.java:logGet(43)) - raft.server.rpc.timeout.max = 5200ms (custom)
2019-09-26 10:06:24,089 [pool-557-thread-1] INFO  server.RaftServerConfigKeys (ConfUtils.java:logGet(43)) - raft.server.rpcslowness.timeout = 120s (custom)
2019-09-26 10:06:24,089 [pool-557-thread-1] INFO  server.RaftServerConfigKeys (ConfUtils.java:logGet(43)) - raft.server.sleep.deviation.threshold = 300 (default)
2019-09-26 10:06:24,089 [pool-557-thread-1] INFO  server.RaftServerConfigKeys (ConfUtils.java:logGet(43)) - raft.server.log.appender.install.snapshot.enabled = false (custom)
2019-09-26 10:06:24,089 [pool-557-thread-1] INFO  impl.RaftServerImpl (ServerState.java:<init>(103)) - 445ae746-534e-4611-8a14-965c0672a28b@group-A706776D47D0: ConfigurationManager, init=-1: [445ae746-534e-4611-8a14-965c0672a28b:192.168.30.13:35533], old=null, confs=<EMPTY_MAP>
2019-09-26 10:06:24,089 [pool-557-thread-1] INFO  server.RaftServerConfigKeys (ConfUtils.java:logGet(43)) - raft.server.storage.dir = [/workdir/hadoop-ozone/integration-test/target/test-dir/MiniOzoneClusterImpl-0a4d6173-89d3-45ab-a960-64e25af93069/datanode-6/data/ratis] (custom)
2019-09-26 10:06:24,090 [pool-557-thread-1] INFO  storage.RaftStorageDirectory (RaftStorageDirectory.java:analyzeStorage(246)) - The storage directory /workdir/hadoop-ozone/integration-test/target/test-dir/MiniOzoneClusterImpl-0a4d6173-89d3-45ab-a960-64e25af93069/datanode-6/data/ratis/564b3b11-fed4-4bc8-851c-a706776d47d0 does not exist. Creating ...
2019-09-26 10:06:24,135 [pool-557-thread-1] INFO  storage.RaftStorageDirectory (RaftStorageDirectory.java:tryLock(328)) - Lock on /workdir/hadoop-ozone/integration-test/target/test-dir/MiniOzoneClusterImpl-0a4d6173-89d3-45ab-a960-64e25af93069/datanode-6/data/ratis/564b3b11-fed4-4bc8-851c-a706776d47d0/in_use.lock acquired by nodename 19604@pr-hdds-1569-wvzgm-824869521
2019-09-26 10:06:24,138 [pool-557-thread-1] INFO  storage.RaftStorage (RaftStorage.java:format(72)) - Storage directory /workdir/hadoop-ozone/integration-test/target/test-dir/MiniOzoneClusterImpl-0a4d6173-89d3-45ab-a960-64e25af93069/datanode-6/data/ratis/564b3b11-fed4-4bc8-851c-a706776d47d0 has been successfully formatted.
2019-09-26 10:06:24,138 [pool-557-thread-1] INFO  ratis.ContainerStateMachine (ContainerStateMachine.java:loadSnapshot(230)) - group-A706776D47D0: The snapshot info is null. Setting the last applied indexto:(t:0, i:~)
2019-09-26 10:06:24,138 [pool-557-thread-1] INFO  server.RaftServerConfigKeys (ConfUtils.java:logGet(43)) - raft.server.notification.no-leader.timeout = 120s (custom)
2019-09-26 10:06:24,138 [pool-557-thread-1] INFO  server.RaftServerConfigKeys (ConfUtils.java:logGet(43)) - raft.server.log.use.memory = false (default)
2019-09-26 10:06:24,139 [pool-557-thread-1] INFO  server.RaftServerConfigKeys (ConfUtils.java:logGet(43)) - raft.server.log.purge.gap = 1000000 (custom)
2019-09-26 10:06:24,139 [pool-557-thread-1] INFO  server.RaftServerConfigKeys (ConfUtils.java:logGet(43)) - raft.server.log.appender.buffer.byte-limit = 33554432 (custom)
2019-09-26 10:06:24,139 [pool-557-thread-1] INFO  server.RaftServerConfigKeys (ConfUtils.java:logGet(43)) - raft.server.log.segment.size.max = 1048576 (custom)
2019-09-26 10:06:24,139 [pool-557-thread-1] INFO  server.RaftServerConfigKeys (ConfUtils.java:logGet(43)) - raft.server.log.segment.cache.num.max = 2 (custom)
2019-09-26 10:06:24,139 [pool-557-thread-1] INFO  segmented.SegmentedRaftLogWorker (SegmentedRaftLogWorker.java:<init>(172)) - new 445ae746-534e-4611-8a14-965c0672a28b@group-A706776D47D0-SegmentedRaftLogWorker for RaftStorage:Storage Directory /workdir/hadoop-ozone/integration-test/target/test-dir/MiniOzoneClusterImpl-0a4d6173-89d3-45ab-a960-64e25af93069/datanode-6/data/ratis/564b3b11-fed4-4bc8-851c-a706776d47d0
2019-09-26 10:06:24,139 [pool-557-thread-1] INFO  server.RaftServerConfigKeys (ConfUtils.java:logGet(43)) - raft.server.log.queue.byte-limit = 2147483647 (custom)
2019-09-26 10:06:24,139 [pool-557-thread-1] INFO  server.RaftServerConfigKeys (ConfUtils.java:logGet(43)) - raft.server.log.queue.element-limit = 1024 (custom)
2019-09-26 10:06:24,140 [pool-557-thread-1] INFO  server.RaftServerConfigKeys (ConfUtils.java:logGet(43)) - raft.server.log.segment.size.max = 1048576 (custom)
2019-09-26 10:06:24,140 [pool-557-thread-1] INFO  server.RaftServerConfigKeys (ConfUtils.java:logGet(43)) - raft.server.log.preallocated.size = 16384 (custom)
2019-09-26 10:06:24,140 [pool-557-thread-1] INFO  server.RaftServerConfigKeys (ConfUtils.java:logGet(43)) - raft.server.log.write.buffer.size = 33554432 (custom)
2019-09-26 10:06:24,140 [pool-557-thread-1] INFO  server.RaftServerConfigKeys (ConfUtils.java:logGet(43)) - raft.server.log.force.sync.num = 128 (default)
2019-09-26 10:06:24,140 [pool-557-thread-1] INFO  server.RaftServerConfigKeys (ConfUtils.java:logGet(43)) - raft.server.log.statemachine.data.sync = true (default)
2019-09-26 10:06:24,140 [pool-557-thread-1] INFO  server.RaftServerConfigKeys (ConfUtils.java:logGet(43)) - raft.server.log.statemachine.data.sync.timeout = 10s (default)
2019-09-26 10:06:24,141 [pool-557-thread-1] INFO  server.RaftServerConfigKeys (ConfUtils.java:logGet(43)) - raft.server.log.statemachine.data.sync.timeout.retry = -1 (default)
2019-09-26 10:06:24,141 [pool-557-thread-1] INFO  server.RaftServerConfigKeys (ConfUtils.java:logGet(43)) - raft.server.log.statemachine.data.caching.enabled = true (custom)
2019-09-26 10:06:24,141 [pool-557-thread-1] INFO  segmented.SegmentedRaftLogWorker (SegmentedRaftLogWorker.java:lambda$new$0(132)) - 445ae746-534e-4611-8a14-965c0672a28b@group-A706776D47D0-SegmentedRaftLogWorker: flushIndex: setUnconditionally 0 -> -1
2019-09-26 10:06:24,142 [pool-557-thread-1] INFO  server.RaftServerConfigKeys (ConfUtils.java:logGet(43)) - raft.server.snapshot.auto.trigger.enabled = true (custom)
2019-09-26 10:06:24,142 [pool-557-thread-1] INFO  server.RaftServerConfigKeys (ConfUtils.java:logGet(43)) - raft.server.snapshot.auto.trigger.threshold = 10000 (custom)
2019-09-26 10:06:24,142 [pool-557-thread-1] INFO  server.RaftServerConfigKeys (ConfUtils.java:logGet(43)) - raft.server.snapshot.retention.num.files = 5 (custom)
2019-09-26 10:06:24,142 [pool-557-thread-1] INFO  server.RaftServerConfigKeys (ConfUtils.java:logGet(43)) - raft.server.retrycache.expirytime = 600000ms (custom)
2019-09-26 10:06:24,144 [pool-557-thread-1] INFO  impl.RaftServerImpl (RaftServerImpl.java:start(185)) - 445ae746-534e-4611-8a14-965c0672a28b@group-A706776D47D0: start as a follower, conf=-1: [445ae746-534e-4611-8a14-965c0672a28b:192.168.30.13:35533], old=null
2019-09-26 10:06:24,144 [pool-557-thread-1] INFO  impl.RaftServerImpl (RaftServerImpl.java:setRole(174)) - 445ae746-534e-4611-8a14-965c0672a28b@group-A706776D47D0: changes role from      null to FOLLOWER at term 0 for startAsFollower
2019-09-26 10:06:24,144 [pool-557-thread-1] INFO  impl.RoleInfo (RoleInfo.java:updateAndGet(143)) - 445ae746-534e-4611-8a14-965c0672a28b: start FollowerState
2019-09-26 10:06:24,145 [pool-557-thread-1] INFO  util.JmxRegister (JmxRegister.java:tryRegister(44)) - Successfully registered JMX Bean with object name Ratis:service=RaftServer,group=group-A706776D47D0,id=445ae746-534e-4611-8a14-965c0672a28b
2019-09-26 10:06:24,147 [RatisPipelineUtilsThread] INFO  pipeline.PipelineStateManager (PipelineStateManager.java:addPipeline(56)) - Created pipeline Pipeline[ Id: 564b3b11-fed4-4bc8-851c-a706776d47d0, Nodes: 445ae746-534e-4611-8a14-965c0672a28b{ip: 192.168.30.13, host: pr-hdds-1569-wvzgm-824869521, networkLocation: /default-rack, certSerialId: null}, Type:RATIS, Factor:ONE, State:OPEN]
2019-09-26 10:06:24,147 [RatisPipelineUtilsThread] INFO  pipeline.PipelinePlacementPolicy (PipelinePlacementPolicy.java:meetCriteria(91)) - Pipeline Placement: can't place more pipeline on heavy datanode： 445ae746-534e-4611-8a14-965c0672a28b Heaviness: 6 limit: 5
2019-09-26 10:06:24,147 [RatisPipelineUtilsThread] INFO  pipeline.PipelinePlacementPolicy (PipelinePlacementPolicy.java:meetCriteria(91)) - Pipeline Placement: can't place more pipeline on heavy datanode： 70c8131f-7846-4be9-9772-9c08fe1e82d9 Heaviness: 6 limit: 5
2019-09-26 10:06:24,148 [RatisPipelineUtilsThread] INFO  pipeline.PipelinePlacementPolicy (PipelinePlacementPolicy.java:meetCriteria(91)) - Pipeline Placement: can't place more pipeline on heavy datanode： af49d7a1-7bac-4fb8-a68b-38a7dab2a9f5 Heaviness: 6 limit: 5
2019-09-26 10:06:24,148 [RatisPipelineUtilsThread] INFO  pipeline.PipelinePlacementPolicy (PipelinePlacementPolicy.java:meetCriteria(91)) - Pipeline Placement: can't place more pipeline on heavy datanode： 4994e2c1-9eac-430d-be8a-cb30a727a84e Heaviness: 6 limit: 5
2019-09-26 10:06:24,148 [RatisPipelineUtilsThread] INFO  pipeline.PipelinePlacementPolicy (PipelinePlacementPolicy.java:meetCriteria(91)) - Pipeline Placement: can't place more pipeline on heavy datanode： cf63bf87-7688-4ba8-af45-4d7c49885422 Heaviness: 6 limit: 5
2019-09-26 10:06:24,148 [RatisPipelineUtilsThread] INFO  pipeline.PipelinePlacementPolicy (PipelinePlacementPolicy.java:meetCriteria(91)) - Pipeline Placement: can't place more pipeline on heavy datanode： 13165a8c-4572-43f4-b795-0eb0b3a8cfdc Heaviness: 6 limit: 5
2019-09-26 10:06:24,148 [RatisPipelineUtilsThread] INFO  pipeline.PipelinePlacementPolicy (PipelinePlacementPolicy.java:meetCriteria(91)) - Pipeline Placement: can't place more pipeline on heavy datanode： 3fdc1795-13a2-484d-a1b3-617bb4b52936 Heaviness: 6 limit: 5
2019-09-26 10:06:24,148 [RatisPipelineUtilsThread] ERROR pipeline.PipelinePlacementPolicy (PipelinePlacementPolicy.java:filterViableNodes(148)) - Unable to find enough nodes that meet the criteria that cannot engage in more than 5 pipelines. Nodes required: 1 Found: 0, healthy nodes count inNodeManager: 7.
2019-09-26 10:06:24,149 [RatisPipelineUtilsThread] ERROR pipeline.SCMPipelineManager (SCMPipelineManager.java:createPipeline(167)) - Pipeline creation failed.
org.apache.hadoop.hdds.scm.exceptions.SCMException: Unable to find enough nodes that meet the criteria that cannot engage in more than 5 pipelines. Nodes required: 1 Found: 0, healthy nodes count inNodeManager: 7.
	at org.apache.hadoop.hdds.scm.pipeline.PipelinePlacementPolicy.filterViableNodes(PipelinePlacementPolicy.java:149)
	at org.apache.hadoop.hdds.scm.pipeline.PipelinePlacementPolicy.chooseDatanodes(PipelinePlacementPolicy.java:172)
	at org.apache.hadoop.hdds.scm.pipeline.RatisPipelineProvider.create(RatisPipelineProvider.java:93)
	at org.apache.hadoop.hdds.scm.pipeline.PipelineFactory.create(PipelineFactory.java:58)
	at org.apache.hadoop.hdds.scm.pipeline.SCMPipelineManager.createPipeline(SCMPipelineManager.java:155)
	at org.apache.hadoop.hdds.scm.pipeline.BackgroundPipelineCreator.createPipelines(BackgroundPipelineCreator.java:99)
	at java.util.concurrent.Executors$RunnableAdapter.call(Executors.java:511)
	at java.util.concurrent.FutureTask.run(FutureTask.java:266)
	at java.util.concurrent.ScheduledThreadPoolExecutor$ScheduledFutureTask.access$201(ScheduledThreadPoolExecutor.java:180)
	at java.util.concurrent.ScheduledThreadPoolExecutor$ScheduledFutureTask.run(ScheduledThreadPoolExecutor.java:293)
	at java.util.concurrent.ThreadPoolExecutor.runWorker(ThreadPoolExecutor.java:1149)
	at java.util.concurrent.ThreadPoolExecutor$Worker.run(ThreadPoolExecutor.java:624)
	at java.lang.Thread.run(Thread.java:748)
2019-09-26 10:06:24,149 [RatisPipelineUtilsThread] INFO  pipeline.PipelinePlacementPolicy (PipelinePlacementPolicy.java:meetCriteria(91)) - Pipeline Placement: can't place more pipeline on heavy datanode： 445ae746-534e-4611-8a14-965c0672a28b Heaviness: 6 limit: 5
2019-09-26 10:06:24,149 [RatisPipelineUtilsThread] INFO  pipeline.PipelinePlacementPolicy (PipelinePlacementPolicy.java:meetCriteria(91)) - Pipeline Placement: can't place more pipeline on heavy datanode： 70c8131f-7846-4be9-9772-9c08fe1e82d9 Heaviness: 6 limit: 5
2019-09-26 10:06:24,149 [RatisPipelineUtilsThread] INFO  pipeline.PipelinePlacementPolicy (PipelinePlacementPolicy.java:meetCriteria(91)) - Pipeline Placement: can't place more pipeline on heavy datanode： af49d7a1-7bac-4fb8-a68b-38a7dab2a9f5 Heaviness: 6 limit: 5
2019-09-26 10:06:24,150 [RatisPipelineUtilsThread] INFO  pipeline.PipelinePlacementPolicy (PipelinePlacementPolicy.java:meetCriteria(91)) - Pipeline Placement: can't place more pipeline on heavy datanode： 4994e2c1-9eac-430d-be8a-cb30a727a84e Heaviness: 6 limit: 5
2019-09-26 10:06:24,150 [RatisPipelineUtilsThread] INFO  pipeline.PipelinePlacementPolicy (PipelinePlacementPolicy.java:meetCriteria(91)) - Pipeline Placement: can't place more pipeline on heavy datanode： cf63bf87-7688-4ba8-af45-4d7c49885422 Heaviness: 6 limit: 5
2019-09-26 10:06:24,150 [RatisPipelineUtilsThread] INFO  pipeline.PipelinePlacementPolicy (PipelinePlacementPolicy.java:meetCriteria(91)) - Pipeline Placement: can't place more pipeline on heavy datanode： 13165a8c-4572-43f4-b795-0eb0b3a8cfdc Heaviness: 6 limit: 5
2019-09-26 10:06:24,150 [RatisPipelineUtilsThread] INFO  pipeline.PipelinePlacementPolicy (PipelinePlacementPolicy.java:meetCriteria(91)) - Pipeline Placement: can't place more pipeline on heavy datanode： 3fdc1795-13a2-484d-a1b3-617bb4b52936 Heaviness: 6 limit: 5
2019-09-26 10:06:24,150 [RatisPipelineUtilsThread] ERROR pipeline.PipelinePlacementPolicy (PipelinePlacementPolicy.java:filterViableNodes(148)) - Unable to find enough nodes that meet the criteria that cannot engage in more than 5 pipelines. Nodes required: 3 Found: 0, healthy nodes count inNodeManager: 7.
2019-09-26 10:06:24,151 [RatisPipelineUtilsThread] ERROR pipeline.SCMPipelineManager (SCMPipelineManager.java:createPipeline(167)) - Pipeline creation failed.
org.apache.hadoop.hdds.scm.exceptions.SCMException: Unable to find enough nodes that meet the criteria that cannot engage in more than 5 pipelines. Nodes required: 3 Found: 0, healthy nodes count inNodeManager: 7.
	at org.apache.hadoop.hdds.scm.pipeline.PipelinePlacementPolicy.filterViableNodes(PipelinePlacementPolicy.java:149)
	at org.apache.hadoop.hdds.scm.pipeline.PipelinePlacementPolicy.chooseDatanodes(PipelinePlacementPolicy.java:172)
	at org.apache.hadoop.hdds.scm.pipeline.RatisPipelineProvider.create(RatisPipelineProvider.java:93)
	at org.apache.hadoop.hdds.scm.pipeline.PipelineFactory.create(PipelineFactory.java:58)
	at org.apache.hadoop.hdds.scm.pipeline.SCMPipelineManager.createPipeline(SCMPipelineManager.java:155)
	at org.apache.hadoop.hdds.scm.pipeline.BackgroundPipelineCreator.createPipelines(BackgroundPipelineCreator.java:99)
	at java.util.concurrent.Executors$RunnableAdapter.call(Executors.java:511)
	at java.util.concurrent.FutureTask.run(FutureTask.java:266)
	at java.util.concurrent.ScheduledThreadPoolExecutor$ScheduledFutureTask.access$201(ScheduledThreadPoolExecutor.java:180)
	at java.util.concurrent.ScheduledThreadPoolExecutor$ScheduledFutureTask.run(ScheduledThreadPoolExecutor.java:293)
	at java.util.concurrent.ThreadPoolExecutor.runWorker(ThreadPoolExecutor.java:1149)
	at java.util.concurrent.ThreadPoolExecutor$Worker.run(ThreadPoolExecutor.java:624)
	at java.lang.Thread.run(Thread.java:748)
2019-09-26 10:06:24,151 [RatisPipelineUtilsThread] INFO  pipeline.PipelinePlacementPolicy (PipelinePlacementPolicy.java:meetCriteria(91)) - Pipeline Placement: can't place more pipeline on heavy datanode： 445ae746-534e-4611-8a14-965c0672a28b Heaviness: 6 limit: 5
2019-09-26 10:06:24,151 [RatisPipelineUtilsThread] INFO  pipeline.PipelinePlacementPolicy (PipelinePlacementPolicy.java:meetCriteria(91)) - Pipeline Placement: can't place more pipeline on heavy datanode： 70c8131f-7846-4be9-9772-9c08fe1e82d9 Heaviness: 6 limit: 5
2019-09-26 10:06:24,152 [RatisPipelineUtilsThread] INFO  pipeline.PipelinePlacementPolicy (PipelinePlacementPolicy.java:meetCriteria(91)) - Pipeline Placement: can't place more pipeline on heavy datanode： af49d7a1-7bac-4fb8-a68b-38a7dab2a9f5 Heaviness: 6 limit: 5
2019-09-26 10:06:24,152 [RatisPipelineUtilsThread] INFO  pipeline.PipelinePlacementPolicy (PipelinePlacementPolicy.java:meetCriteria(91)) - Pipeline Placement: can't place more pipeline on heavy datanode： 4994e2c1-9eac-430d-be8a-cb30a727a84e Heaviness: 6 limit: 5
2019-09-26 10:06:24,152 [RatisPipelineUtilsThread] INFO  pipeline.PipelinePlacementPolicy (PipelinePlacementPolicy.java:meetCriteria(91)) - Pipeline Placement: can't place more pipeline on heavy datanode： cf63bf87-7688-4ba8-af45-4d7c49885422 Heaviness: 6 limit: 5
2019-09-26 10:06:24,152 [RatisPipelineUtilsThread] INFO  pipeline.PipelinePlacementPolicy (PipelinePlacementPolicy.java:meetCriteria(91)) - Pipeline Placement: can't place more pipeline on heavy datanode： 13165a8c-4572-43f4-b795-0eb0b3a8cfdc Heaviness: 6 limit: 5
2019-09-26 10:06:24,152 [RatisPipelineUtilsThread] INFO  pipeline.PipelinePlacementPolicy (PipelinePlacementPolicy.java:meetCriteria(91)) - Pipeline Placement: can't place more pipeline on heavy datanode： 3fdc1795-13a2-484d-a1b3-617bb4b52936 Heaviness: 6 limit: 5
2019-09-26 10:06:24,152 [RatisPipelineUtilsThread] ERROR pipeline.PipelinePlacementPolicy (PipelinePlacementPolicy.java:filterViableNodes(148)) - Unable to find enough nodes that meet the criteria that cannot engage in more than 5 pipelines. Nodes required: 1 Found: 0, healthy nodes count inNodeManager: 7.
2019-09-26 10:06:24,153 [RatisPipelineUtilsThread] ERROR pipeline.SCMPipelineManager (SCMPipelineManager.java:createPipeline(167)) - Pipeline creation failed.
org.apache.hadoop.hdds.scm.exceptions.SCMException: Unable to find enough nodes that meet the criteria that cannot engage in more than 5 pipelines. Nodes required: 1 Found: 0, healthy nodes count inNodeManager: 7.
	at org.apache.hadoop.hdds.scm.pipeline.PipelinePlacementPolicy.filterViableNodes(PipelinePlacementPolicy.java:149)
	at org.apache.hadoop.hdds.scm.pipeline.PipelinePlacementPolicy.chooseDatanodes(PipelinePlacementPolicy.java:172)
	at org.apache.hadoop.hdds.scm.pipeline.RatisPipelineProvider.create(RatisPipelineProvider.java:93)
	at org.apache.hadoop.hdds.scm.pipeline.PipelineFactory.create(PipelineFactory.java:58)
	at org.apache.hadoop.hdds.scm.pipeline.SCMPipelineManager.createPipeline(SCMPipelineManager.java:155)
	at org.apache.hadoop.hdds.scm.pipeline.BackgroundPipelineCreator.createPipelines(BackgroundPipelineCreator.java:99)
	at org.apache.hadoop.hdds.scm.pipeline.BackgroundPipelineCreator.lambda$startFixedIntervalPipelineCreator$0(BackgroundPipelineCreator.java:70)
	at java.util.concurrent.Executors$RunnableAdapter.call(Executors.java:511)
	at java.util.concurrent.FutureTask.runAndReset(FutureTask.java:308)
	at java.util.concurrent.ScheduledThreadPoolExecutor$ScheduledFutureTask.access$301(ScheduledThreadPoolExecutor.java:180)
	at java.util.concurrent.ScheduledThreadPoolExecutor$ScheduledFutureTask.run(ScheduledThreadPoolExecutor.java:294)
	at java.util.concurrent.ThreadPoolExecutor.runWorker(ThreadPoolExecutor.java:1149)
	at java.util.concurrent.ThreadPoolExecutor$Worker.run(ThreadPoolExecutor.java:624)
	at java.lang.Thread.run(Thread.java:748)
2019-09-26 10:06:24,153 [RatisPipelineUtilsThread] INFO  pipeline.PipelinePlacementPolicy (PipelinePlacementPolicy.java:meetCriteria(91)) - Pipeline Placement: can't place more pipeline on heavy datanode： 445ae746-534e-4611-8a14-965c0672a28b Heaviness: 6 limit: 5
2019-09-26 10:06:24,153 [RatisPipelineUtilsThread] INFO  pipeline.PipelinePlacementPolicy (PipelinePlacementPolicy.java:meetCriteria(91)) - Pipeline Placement: can't place more pipeline on heavy datanode： 70c8131f-7846-4be9-9772-9c08fe1e82d9 Heaviness: 6 limit: 5
2019-09-26 10:06:24,153 [RatisPipelineUtilsThread] INFO  pipeline.PipelinePlacementPolicy (PipelinePlacementPolicy.java:meetCriteria(91)) - Pipeline Placement: can't place more pipeline on heavy datanode： af49d7a1-7bac-4fb8-a68b-38a7dab2a9f5 Heaviness: 6 limit: 5
2019-09-26 10:06:24,153 [RatisPipelineUtilsThread] INFO  pipeline.PipelinePlacementPolicy (PipelinePlacementPolicy.java:meetCriteria(91)) - Pipeline Placement: can't place more pipeline on heavy datanode： 4994e2c1-9eac-430d-be8a-cb30a727a84e Heaviness: 6 limit: 5
2019-09-26 10:06:24,154 [RatisPipelineUtilsThread] INFO  pipeline.PipelinePlacementPolicy (PipelinePlacementPolicy.java:meetCriteria(91)) - Pipeline Placement: can't place more pipeline on heavy datanode： cf63bf87-7688-4ba8-af45-4d7c49885422 Heaviness: 6 limit: 5
2019-09-26 10:06:24,154 [RatisPipelineUtilsThread] INFO  pipeline.PipelinePlacementPolicy (PipelinePlacementPolicy.java:meetCriteria(91)) - Pipeline Placement: can't place more pipeline on heavy datanode： 13165a8c-4572-43f4-b795-0eb0b3a8cfdc Heaviness: 6 limit: 5
2019-09-26 10:06:24,154 [RatisPipelineUtilsThread] INFO  pipeline.PipelinePlacementPolicy (PipelinePlacementPolicy.java:meetCriteria(91)) - Pipeline Placement: can't place more pipeline on heavy datanode： 3fdc1795-13a2-484d-a1b3-617bb4b52936 Heaviness: 6 limit: 5
2019-09-26 10:06:24,154 [RatisPipelineUtilsThread] ERROR pipeline.PipelinePlacementPolicy (PipelinePlacementPolicy.java:filterViableNodes(148)) - Unable to find enough nodes that meet the criteria that cannot engage in more than 5 pipelines. Nodes required: 3 Found: 0, healthy nodes count inNodeManager: 7.
2019-09-26 10:06:24,154 [RatisPipelineUtilsThread] ERROR pipeline.SCMPipelineManager (SCMPipelineManager.java:createPipeline(167)) - Pipeline creation failed.
org.apache.hadoop.hdds.scm.exceptions.SCMException: Unable to find enough nodes that meet the criteria that cannot engage in more than 5 pipelines. Nodes required: 3 Found: 0, healthy nodes count inNodeManager: 7.
	at org.apache.hadoop.hdds.scm.pipeline.PipelinePlacementPolicy.filterViableNodes(PipelinePlacementPolicy.java:149)
	at org.apache.hadoop.hdds.scm.pipeline.PipelinePlacementPolicy.chooseDatanodes(PipelinePlacementPolicy.java:172)
	at org.apache.hadoop.hdds.scm.pipeline.RatisPipelineProvider.create(RatisPipelineProvider.java:93)
	at org.apache.hadoop.hdds.scm.pipeline.PipelineFactory.create(PipelineFactory.java:58)
	at org.apache.hadoop.hdds.scm.pipeline.SCMPipelineManager.createPipeline(SCMPipelineManager.java:155)
	at org.apache.hadoop.hdds.scm.pipeline.BackgroundPipelineCreator.createPipelines(BackgroundPipelineCreator.java:99)
	at org.apache.hadoop.hdds.scm.pipeline.BackgroundPipelineCreator.lambda$startFixedIntervalPipelineCreator$0(BackgroundPipelineCreator.java:70)
	at java.util.concurrent.Executors$RunnableAdapter.call(Executors.java:511)
	at java.util.concurrent.FutureTask.runAndReset(FutureTask.java:308)
	at java.util.concurrent.ScheduledThreadPoolExecutor$ScheduledFutureTask.access$301(ScheduledThreadPoolExecutor.java:180)
	at java.util.concurrent.ScheduledThreadPoolExecutor$ScheduledFutureTask.run(ScheduledThreadPoolExecutor.java:294)
	at java.util.concurrent.ThreadPoolExecutor.runWorker(ThreadPoolExecutor.java:1149)
	at java.util.concurrent.ThreadPoolExecutor$Worker.run(ThreadPoolExecutor.java:624)
	at java.lang.Thread.run(Thread.java:748)
2019-09-26 10:06:24,155 [IPC Server handler 19 on 44738] INFO  pipeline.PipelinePlacementPolicy (PipelinePlacementPolicy.java:meetCriteria(91)) - Pipeline Placement: can't place more pipeline on heavy datanode： 445ae746-534e-4611-8a14-965c0672a28b Heaviness: 6 limit: 5
2019-09-26 10:06:24,155 [IPC Server handler 19 on 44738] INFO  pipeline.PipelinePlacementPolicy (PipelinePlacementPolicy.java:meetCriteria(91)) - Pipeline Placement: can't place more pipeline on heavy datanode： 70c8131f-7846-4be9-9772-9c08fe1e82d9 Heaviness: 6 limit: 5
2019-09-26 10:06:24,155 [IPC Server handler 19 on 44738] INFO  pipeline.PipelinePlacementPolicy (PipelinePlacementPolicy.java:meetCriteria(91)) - Pipeline Placement: can't place more pipeline on heavy datanode： af49d7a1-7bac-4fb8-a68b-38a7dab2a9f5 Heaviness: 6 limit: 5
2019-09-26 10:06:24,155 [IPC Server handler 19 on 44738] INFO  pipeline.PipelinePlacementPolicy (PipelinePlacementPolicy.java:meetCriteria(91)) - Pipeline Placement: can't place more pipeline on heavy datanode： 4994e2c1-9eac-430d-be8a-cb30a727a84e Heaviness: 6 limit: 5
2019-09-26 10:06:24,156 [IPC Server handler 19 on 44738] INFO  pipeline.PipelinePlacementPolicy (PipelinePlacementPolicy.java:meetCriteria(91)) - Pipeline Placement: can't place more pipeline on heavy datanode： cf63bf87-7688-4ba8-af45-4d7c49885422 Heaviness: 6 limit: 5
2019-09-26 10:06:24,156 [IPC Server handler 19 on 44738] INFO  pipeline.PipelinePlacementPolicy (PipelinePlacementPolicy.java:meetCriteria(91)) - Pipeline Placement: can't place more pipeline on heavy datanode： 13165a8c-4572-43f4-b795-0eb0b3a8cfdc Heaviness: 6 limit: 5
2019-09-26 10:06:24,156 [IPC Server handler 19 on 44738] INFO  pipeline.PipelinePlacementPolicy (PipelinePlacementPolicy.java:meetCriteria(91)) - Pipeline Placement: can't place more pipeline on heavy datanode： 3fdc1795-13a2-484d-a1b3-617bb4b52936 Heaviness: 6 limit: 5
2019-09-26 10:06:24,156 [IPC Server handler 19 on 44738] ERROR pipeline.PipelinePlacementPolicy (PipelinePlacementPolicy.java:filterViableNodes(148)) - Unable to find enough nodes that meet the criteria that cannot engage in more than 5 pipelines. Nodes required: 3 Found: 0, healthy nodes count inNodeManager: 7.
2019-09-26 10:06:24,156 [IPC Server handler 19 on 44738] ERROR pipeline.SCMPipelineManager (SCMPipelineManager.java:createPipeline(167)) - Pipeline creation failed.
org.apache.hadoop.hdds.scm.exceptions.SCMException: Unable to find enough nodes that meet the criteria that cannot engage in more than 5 pipelines. Nodes required: 3 Found: 0, healthy nodes count inNodeManager: 7.
	at org.apache.hadoop.hdds.scm.pipeline.PipelinePlacementPolicy.filterViableNodes(PipelinePlacementPolicy.java:149)
	at org.apache.hadoop.hdds.scm.pipeline.PipelinePlacementPolicy.chooseDatanodes(PipelinePlacementPolicy.java:172)
	at org.apache.hadoop.hdds.scm.pipeline.RatisPipelineProvider.create(RatisPipelineProvider.java:93)
	at org.apache.hadoop.hdds.scm.pipeline.PipelineFactory.create(PipelineFactory.java:58)
	at org.apache.hadoop.hdds.scm.pipeline.SCMPipelineManager.createPipeline(SCMPipelineManager.java:155)
	at org.apache.hadoop.hdds.scm.block.BlockManagerImpl.allocateBlock(BlockManagerImpl.java:190)
	at org.apache.hadoop.hdds.scm.server.SCMBlockProtocolServer.allocateBlock(SCMBlockProtocolServer.java:182)
	at org.apache.hadoop.ozone.protocolPB.ScmBlockLocationProtocolServerSideTranslatorPB.allocateScmBlock(ScmBlockLocationProtocolServerSideTranslatorPB.java:183)
	at org.apache.hadoop.ozone.protocolPB.ScmBlockLocationProtocolServerSideTranslatorPB.processMessage(ScmBlockLocationProtocolServerSideTranslatorPB.java:141)
	at org.apache.hadoop.ozone.protocolPB.ScmBlockLocationProtocolServerSideTranslatorPB.send(ScmBlockLocationProtocolServerSideTranslatorPB.java:116)
	at org.apache.hadoop.hdds.protocol.proto.ScmBlockLocationProtocolProtos$ScmBlockLocationProtocolService$2.callBlockingMethod(ScmBlockLocationProtocolProtos.java:13157)
	at org.apache.hadoop.ipc.ProtobufRpcEngine$Server$ProtoBufRpcInvoker.call(ProtobufRpcEngine.java:524)
	at org.apache.hadoop.ipc.RPC$Server.call(RPC.java:1025)
	at org.apache.hadoop.ipc.Server$RpcCall.run(Server.java:876)
	at org.apache.hadoop.ipc.Server$RpcCall.run(Server.java:822)
	at java.security.AccessController.doPrivileged(Native Method)
	at javax.security.auth.Subject.doAs(Subject.java:422)
	at org.apache.hadoop.security.UserGroupInformation.doAs(UserGroupInformation.java:1730)
	at org.apache.hadoop.ipc.Server$Handler.run(Server.java:2682)
2019-09-26 10:06:24,157 [IPC Server handler 19 on 44738] WARN  block.BlockManagerImpl (BlockManagerImpl.java:allocateBlock(192)) - Pipeline creation failed for type:RATIS factor:THREE. Retrying get pipelines call once.
org.apache.hadoop.hdds.scm.exceptions.SCMException: Unable to find enough nodes that meet the criteria that cannot engage in more than 5 pipelines. Nodes required: 3 Found: 0, healthy nodes count inNodeManager: 7.
	at org.apache.hadoop.hdds.scm.pipeline.PipelinePlacementPolicy.filterViableNodes(PipelinePlacementPolicy.java:149)
	at org.apache.hadoop.hdds.scm.pipeline.PipelinePlacementPolicy.chooseDatanodes(PipelinePlacementPolicy.java:172)
	at org.apache.hadoop.hdds.scm.pipeline.RatisPipelineProvider.create(RatisPipelineProvider.java:93)
	at org.apache.hadoop.hdds.scm.pipeline.PipelineFactory.create(PipelineFactory.java:58)
	at org.apache.hadoop.hdds.scm.pipeline.SCMPipelineManager.createPipeline(SCMPipelineManager.java:155)
	at org.apache.hadoop.hdds.scm.block.BlockManagerImpl.allocateBlock(BlockManagerImpl.java:190)
	at org.apache.hadoop.hdds.scm.server.SCMBlockProtocolServer.allocateBlock(SCMBlockProtocolServer.java:182)
	at org.apache.hadoop.ozone.protocolPB.ScmBlockLocationProtocolServerSideTranslatorPB.allocateScmBlock(ScmBlockLocationProtocolServerSideTranslatorPB.java:183)
	at org.apache.hadoop.ozone.protocolPB.ScmBlockLocationProtocolServerSideTranslatorPB.processMessage(ScmBlockLocationProtocolServerSideTranslatorPB.java:141)
	at org.apache.hadoop.ozone.protocolPB.ScmBlockLocationProtocolServerSideTranslatorPB.send(ScmBlockLocationProtocolServerSideTranslatorPB.java:116)
	at org.apache.hadoop.hdds.protocol.proto.ScmBlockLocationProtocolProtos$ScmBlockLocationProtocolService$2.callBlockingMethod(ScmBlockLocationProtocolProtos.java:13157)
	at org.apache.hadoop.ipc.ProtobufRpcEngine$Server$ProtoBufRpcInvoker.call(ProtobufRpcEngine.java:524)
	at org.apache.hadoop.ipc.RPC$Server.call(RPC.java:1025)
	at org.apache.hadoop.ipc.Server$RpcCall.run(Server.java:876)
	at org.apache.hadoop.ipc.Server$RpcCall.run(Server.java:822)
	at java.security.AccessController.doPrivileged(Native Method)
	at javax.security.auth.Subject.doAs(Subject.java:422)
	at org.apache.hadoop.security.UserGroupInformation.doAs(UserGroupInformation.java:1730)
	at org.apache.hadoop.ipc.Server$Handler.run(Server.java:2682)
2019-09-26 10:06:24,157 [IPC Server handler 19 on 44738] INFO  block.BlockManagerImpl (BlockManagerImpl.java:allocateBlock(198)) - Could not find available pipeline of type:RATIS and factor:THREE even after retrying
2019-09-26 10:06:24,157 [IPC Server handler 19 on 44738] ERROR block.BlockManagerImpl (BlockManagerImpl.java:allocateBlock(222)) - Unable to allocate a block for the size: 800, type: RATIS, factor: THREE
2019-09-26 10:06:24,160 [main] INFO  ozone.MiniOzoneClusterImpl (MiniOzoneClusterImpl.java:shutdown(314)) - Shutting down the Mini Ozone Cluster
2019-09-26 10:06:24,160 [main] INFO  ozone.MiniOzoneClusterImpl (MiniOzoneClusterImpl.java:stop(330)) - Stopping the Mini Ozone Cluster
2019-09-26 10:06:24,160 [main] INFO  ozone.MiniOzoneClusterImpl (MiniOzoneClusterImpl.java:stopOM(400)) - Stopping the OzoneManager
2019-09-26 10:06:24,160 [main] INFO  ipc.Server (Server.java:stop(3082)) - Stopping server on 42130
2019-09-26 10:06:24,181 [main] INFO  ratis.OzoneManagerDoubleBuffer (OzoneManagerDoubleBuffer.java:stop(248)) - Stopping OMDoubleBuffer flush thread
2019-09-26 10:06:24,181 [IPC Server Responder] INFO  ipc.Server (Server.java:run(1319)) - Stopping IPC Server Responder
2019-09-26 10:06:24,181 [IPC Server listener on 42130] INFO  ipc.Server (Server.java:run(1185)) - Stopping IPC Server listener on 42130
2019-09-26 10:06:24,185 [OMDoubleBufferFlushThread] INFO  ratis.OzoneManagerDoubleBuffer (OzoneManagerDoubleBuffer.java:flushTransactions(191)) - OMDoubleBuffer flush thread OMDoubleBufferFlushThread is interrupted and will exit. OMDoubleBufferFlushThread
2019-09-26 10:06:24,189 [main] INFO  utils.BackgroundService (BackgroundService.java:shutdown(148)) - Shutting down service KeyDeletingService
2019-09-26 10:06:24,232 [main] INFO  handler.ContextHandler (ContextHandler.java:doStop(910)) - Stopped o.e.j.w.WebAppContext@41f964f9{/,null,UNAVAILABLE}{/ozoneManager}
2019-09-26 10:06:24,233 [main] INFO  server.AbstractConnector (AbstractConnector.java:doStop(318)) - Stopped ServerConnector@652e345{HTTP/1.1,[http/1.1]}{0.0.0.0:0}
2019-09-26 10:06:24,233 [main] INFO  handler.ContextHandler (ContextHandler.java:doStop(910)) - Stopped o.e.j.s.ServletContextHandler@8b41ad{/static,file:///workdir/hadoop-ozone/integration-test/target/test-classes/webapps/static,UNAVAILABLE}
2019-09-26 10:06:24,234 [main] INFO  handler.ContextHandler (ContextHandler.java:doStop(910)) - Stopped o.e.j.s.ServletContextHandler@722787b5{/logs,file:///workdir/hadoop-ozone/integration-test/target/log,UNAVAILABLE}
2019-09-26 10:06:24,236 [main] INFO  ozone.MiniOzoneClusterImpl (MiniOzoneClusterImpl.java:stopDatanodes(377)) - Stopping the HddsDatanodes
2019-09-26 10:06:24,387 [Datanode State Machine Thread - 0] INFO  statemachine.DatanodeStateMachine (DatanodeStateMachine.java:lambda$startDaemon$0(350)) - Ozone container server started.
2019-09-26 10:06:25,009 [Thread-3091] INFO  container.ReplicationManager (ReplicationManager.java:start(163)) - Starting Replication Monitor Thread.
2019-09-26 10:06:25,017 [ReplicationMonitor] INFO  container.ReplicationManager (ReplicationManager.java:run(226)) - Replication Monitor Thread took 1 milliseconds for processing 0 containers.
2019-09-26 10:06:25,058 [Datanode State Machine Thread - 0] INFO  statemachine.DatanodeStateMachine (DatanodeStateMachine.java:lambda$startDaemon$0(350)) - Ozone container server started.
2019-09-26 10:06:27,194 [Thread-3099] INFO  impl.FollowerState (FollowerState.java:run(106)) - 13165a8c-4572-43f4-b795-0eb0b3a8cfdc:group-2FD6ECF985DD changes to CANDIDATE, lastRpcTime:5041, electionTimeout:5041ms
2019-09-26 10:06:27,194 [Thread-3099] INFO  impl.RoleInfo (RoleInfo.java:shutdownFollowerState(121)) - 13165a8c-4572-43f4-b795-0eb0b3a8cfdc: shutdown FollowerState
2019-09-26 10:06:27,194 [Thread-3099] INFO  impl.RaftServerImpl (RaftServerImpl.java:setRole(174)) - 13165a8c-4572-43f4-b795-0eb0b3a8cfdc@group-2FD6ECF985DD: changes role from  FOLLOWER to CANDIDATE at term 0 for changeToCandidate
2019-09-26 10:06:27,194 [Thread-3099] INFO  impl.RoleInfo (RoleInfo.java:updateAndGet(143)) - 13165a8c-4572-43f4-b795-0eb0b3a8cfdc: start LeaderElection
2019-09-26 10:06:27,227 [13165a8c-4572-43f4-b795-0eb0b3a8cfdc@group-2FD6ECF985DD:LeaderElection220] INFO  impl.LeaderElection (LeaderElection.java:askForVotes(182)) - 13165a8c-4572-43f4-b795-0eb0b3a8cfdc@group-2FD6ECF985DD:LeaderElection220: begin an election at term 1 for -1: [13165a8c-4572-43f4-b795-0eb0b3a8cfdc:192.168.30.13:41099], old=null
2019-09-26 10:06:27,227 [13165a8c-4572-43f4-b795-0eb0b3a8cfdc@group-2FD6ECF985DD:LeaderElection220] INFO  impl.RoleInfo (RoleInfo.java:shutdownLeaderElection(134)) - 13165a8c-4572-43f4-b795-0eb0b3a8cfdc: shutdown LeaderElection
2019-09-26 10:06:27,227 [13165a8c-4572-43f4-b795-0eb0b3a8cfdc@group-2FD6ECF985DD:LeaderElection220] INFO  impl.RaftServerImpl (RaftServerImpl.java:setRole(174)) - 13165a8c-4572-43f4-b795-0eb0b3a8cfdc@group-2FD6ECF985DD: changes role from CANDIDATE to LEADER at term 1 for changeToLeader
2019-09-26 10:06:27,228 [13165a8c-4572-43f4-b795-0eb0b3a8cfdc@group-2FD6ECF985DD:LeaderElection220] INFO  impl.RaftServerImpl (ServerState.java:setLeader(253)) - 13165a8c-4572-43f4-b795-0eb0b3a8cfdc@group-2FD6ECF985DD: change Leader from null to 13165a8c-4572-43f4-b795-0eb0b3a8cfdc at term 1 for becomeLeader, leader elected after 5079ms
2019-09-26 10:06:27,228 [13165a8c-4572-43f4-b795-0eb0b3a8cfdc@group-2FD6ECF985DD:LeaderElection220] INFO  server.RaftServerConfigKeys (ConfUtils.java:logGet(43)) - raft.server.staging.catchup.gap = 1000 (default)
2019-09-26 10:06:27,228 [13165a8c-4572-43f4-b795-0eb0b3a8cfdc@group-2FD6ECF985DD:LeaderElection220] INFO  server.RaftServerConfigKeys (ConfUtils.java:logGet(43)) - raft.server.rpc.sleep.time = 25ms (default)
2019-09-26 10:06:27,228 [13165a8c-4572-43f4-b795-0eb0b3a8cfdc@group-2FD6ECF985DD:LeaderElection220] INFO  server.RaftServerConfigKeys (ConfUtils.java:logGet(43)) - raft.server.write.element-limit = 4096 (default)
2019-09-26 10:06:27,229 [13165a8c-4572-43f4-b795-0eb0b3a8cfdc@group-2FD6ECF985DD:LeaderElection220] INFO  server.RaftServerConfigKeys (ConfUtils.java:logGet(43)) - raft.server.watch.timeout = 10s (default)
2019-09-26 10:06:27,229 [13165a8c-4572-43f4-b795-0eb0b3a8cfdc@group-2FD6ECF985DD:LeaderElection220] INFO  server.RaftServerConfigKeys (ConfUtils.java:logGet(43)) - raft.server.watch.timeout.denomination = 1s (default)
2019-09-26 10:06:27,229 [13165a8c-4572-43f4-b795-0eb0b3a8cfdc@group-2FD6ECF985DD:LeaderElection220] INFO  server.RaftServerConfigKeys (ConfUtils.java:logGet(43)) - raft.server.watch.element-limit = 65536 (default)
2019-09-26 10:06:27,229 [Thread-3093] INFO  impl.FollowerState (FollowerState.java:run(106)) - 13165a8c-4572-43f4-b795-0eb0b3a8cfdc:group-0F3B31EC96AE changes to CANDIDATE, lastRpcTime:5152, electionTimeout:5152ms
2019-09-26 10:06:27,229 [Thread-3093] INFO  impl.RoleInfo (RoleInfo.java:shutdownFollowerState(121)) - 13165a8c-4572-43f4-b795-0eb0b3a8cfdc: shutdown FollowerState
2019-09-26 10:06:27,230 [Thread-3093] INFO  impl.RaftServerImpl (RaftServerImpl.java:setRole(174)) - 13165a8c-4572-43f4-b795-0eb0b3a8cfdc@group-0F3B31EC96AE: changes role from  FOLLOWER to CANDIDATE at term 0 for changeToCandidate
2019-09-26 10:06:27,230 [Thread-3093] INFO  impl.RoleInfo (RoleInfo.java:updateAndGet(143)) - 13165a8c-4572-43f4-b795-0eb0b3a8cfdc: start LeaderElection
2019-09-26 10:06:27,237 [Thread-3102] INFO  impl.FollowerState (FollowerState.java:run(106)) - 13165a8c-4572-43f4-b795-0eb0b3a8cfdc:group-FCA59B41651C changes to CANDIDATE, lastRpcTime:5047, electionTimeout:5043ms
2019-09-26 10:06:27,237 [Thread-3102] INFO  impl.RoleInfo (RoleInfo.java:shutdownFollowerState(121)) - 13165a8c-4572-43f4-b795-0eb0b3a8cfdc: shutdown FollowerState
2019-09-26 10:06:27,238 [Thread-3102] INFO  impl.RaftServerImpl (RaftServerImpl.java:setRole(174)) - 13165a8c-4572-43f4-b795-0eb0b3a8cfdc@group-FCA59B41651C: changes role from  FOLLOWER to CANDIDATE at term 0 for changeToCandidate
2019-09-26 10:06:27,238 [Thread-3102] INFO  impl.RoleInfo (RoleInfo.java:updateAndGet(143)) - 13165a8c-4572-43f4-b795-0eb0b3a8cfdc: start LeaderElection
2019-09-26 10:06:27,242 [13165a8c-4572-43f4-b795-0eb0b3a8cfdc@group-0F3B31EC96AE:LeaderElection221] INFO  impl.LeaderElection (LeaderElection.java:askForVotes(182)) - 13165a8c-4572-43f4-b795-0eb0b3a8cfdc@group-0F3B31EC96AE:LeaderElection221: begin an election at term 1 for -1: [13165a8c-4572-43f4-b795-0eb0b3a8cfdc:192.168.30.13:41099], old=null
2019-09-26 10:06:27,242 [13165a8c-4572-43f4-b795-0eb0b3a8cfdc@group-0F3B31EC96AE:LeaderElection221] INFO  impl.RoleInfo (RoleInfo.java:shutdownLeaderElection(134)) - 13165a8c-4572-43f4-b795-0eb0b3a8cfdc: shutdown LeaderElection
2019-09-26 10:06:27,243 [13165a8c-4572-43f4-b795-0eb0b3a8cfdc@group-0F3B31EC96AE:LeaderElection221] INFO  impl.RaftServerImpl (RaftServerImpl.java:setRole(174)) - 13165a8c-4572-43f4-b795-0eb0b3a8cfdc@group-0F3B31EC96AE: changes role from CANDIDATE to LEADER at term 1 for changeToLeader
2019-09-26 10:06:27,243 [13165a8c-4572-43f4-b795-0eb0b3a8cfdc@group-0F3B31EC96AE:LeaderElection221] INFO  impl.RaftServerImpl (ServerState.java:setLeader(253)) - 13165a8c-4572-43f4-b795-0eb0b3a8cfdc@group-0F3B31EC96AE: change Leader from null to 13165a8c-4572-43f4-b795-0eb0b3a8cfdc at term 1 for becomeLeader, leader elected after 5173ms
2019-09-26 10:06:27,243 [13165a8c-4572-43f4-b795-0eb0b3a8cfdc@group-0F3B31EC96AE:LeaderElection221] INFO  server.RaftServerConfigKeys (ConfUtils.java:logGet(43)) - raft.server.staging.catchup.gap = 1000 (default)
2019-09-26 10:06:27,243 [13165a8c-4572-43f4-b795-0eb0b3a8cfdc@group-0F3B31EC96AE:LeaderElection221] INFO  server.RaftServerConfigKeys (ConfUtils.java:logGet(43)) - raft.server.rpc.sleep.time = 25ms (default)
2019-09-26 10:06:27,243 [13165a8c-4572-43f4-b795-0eb0b3a8cfdc@group-2FD6ECF985DD:LeaderElection220] INFO  impl.RoleInfo (RoleInfo.java:updateAndGet(143)) - 13165a8c-4572-43f4-b795-0eb0b3a8cfdc: start LeaderState
2019-09-26 10:06:27,243 [13165a8c-4572-43f4-b795-0eb0b3a8cfdc@group-0F3B31EC96AE:LeaderElection221] INFO  server.RaftServerConfigKeys (ConfUtils.java:logGet(43)) - raft.server.write.element-limit = 4096 (default)
2019-09-26 10:06:27,243 [13165a8c-4572-43f4-b795-0eb0b3a8cfdc@group-0F3B31EC96AE:LeaderElection221] INFO  server.RaftServerConfigKeys (ConfUtils.java:logGet(43)) - raft.server.watch.timeout = 10s (default)
2019-09-26 10:06:27,243 [13165a8c-4572-43f4-b795-0eb0b3a8cfdc@group-0F3B31EC96AE:LeaderElection221] INFO  server.RaftServerConfigKeys (ConfUtils.java:logGet(43)) - raft.server.watch.timeout.denomination = 1s (default)
2019-09-26 10:06:27,243 [13165a8c-4572-43f4-b795-0eb0b3a8cfdc@group-0F3B31EC96AE:LeaderElection221] INFO  server.RaftServerConfigKeys (ConfUtils.java:logGet(43)) - raft.server.watch.element-limit = 65536 (default)
2019-09-26 10:06:27,243 [13165a8c-4572-43f4-b795-0eb0b3a8cfdc@group-2FD6ECF985DD:LeaderElection220] INFO  segmented.SegmentedRaftLogWorker (SegmentedRaftLogWorker.java:startLogSegment(380)) - 13165a8c-4572-43f4-b795-0eb0b3a8cfdc@group-2FD6ECF985DD-SegmentedRaftLogWorker: Starting segment from index:0
2019-09-26 10:06:27,245 [13165a8c-4572-43f4-b795-0eb0b3a8cfdc@group-2FD6ECF985DD:LeaderElection220] INFO  impl.RaftServerImpl (ServerState.java:setRaftConf(354)) - 13165a8c-4572-43f4-b795-0eb0b3a8cfdc@group-2FD6ECF985DD: set configuration 0: [13165a8c-4572-43f4-b795-0eb0b3a8cfdc:192.168.30.13:41099], old=null at 0
2019-09-26 10:06:27,245 [13165a8c-4572-43f4-b795-0eb0b3a8cfdc@group-0F3B31EC96AE:LeaderElection221] INFO  impl.RoleInfo (RoleInfo.java:updateAndGet(143)) - 13165a8c-4572-43f4-b795-0eb0b3a8cfdc: start LeaderState
2019-09-26 10:06:27,245 [13165a8c-4572-43f4-b795-0eb0b3a8cfdc@group-0F3B31EC96AE:LeaderElection221] INFO  segmented.SegmentedRaftLogWorker (SegmentedRaftLogWorker.java:startLogSegment(380)) - 13165a8c-4572-43f4-b795-0eb0b3a8cfdc@group-0F3B31EC96AE-SegmentedRaftLogWorker: Starting segment from index:0
2019-09-26 10:06:27,246 [13165a8c-4572-43f4-b795-0eb0b3a8cfdc@group-0F3B31EC96AE:LeaderElection221] INFO  impl.RaftServerImpl (ServerState.java:setRaftConf(354)) - 13165a8c-4572-43f4-b795-0eb0b3a8cfdc@group-0F3B31EC96AE: set configuration 0: [13165a8c-4572-43f4-b795-0eb0b3a8cfdc:192.168.30.13:41099], old=null at 0
2019-09-26 10:06:27,262 [Thread-3096] INFO  impl.FollowerState (FollowerState.java:run(106)) - 13165a8c-4572-43f4-b795-0eb0b3a8cfdc:group-C49137EC952C changes to CANDIDATE, lastRpcTime:5146, electionTimeout:5146ms
2019-09-26 10:06:27,262 [Thread-3096] INFO  impl.RoleInfo (RoleInfo.java:shutdownFollowerState(121)) - 13165a8c-4572-43f4-b795-0eb0b3a8cfdc: shutdown FollowerState
2019-09-26 10:06:27,262 [Thread-3096] INFO  impl.RaftServerImpl (RaftServerImpl.java:setRole(174)) - 13165a8c-4572-43f4-b795-0eb0b3a8cfdc@group-C49137EC952C: changes role from  FOLLOWER to CANDIDATE at term 0 for changeToCandidate
2019-09-26 10:06:27,262 [Thread-3096] INFO  impl.RoleInfo (RoleInfo.java:updateAndGet(143)) - 13165a8c-4572-43f4-b795-0eb0b3a8cfdc: start LeaderElection
2019-09-26 10:06:27,281 [13165a8c-4572-43f4-b795-0eb0b3a8cfdc@group-2FD6ECF985DD-SegmentedRaftLogWorker] INFO  segmented.SegmentedRaftLogWorker (SegmentedRaftLogWorker.java:execute(569)) - 13165a8c-4572-43f4-b795-0eb0b3a8cfdc@group-2FD6ECF985DD-SegmentedRaftLogWorker: created new log segment /workdir/hadoop-ozone/integration-test/target/test-dir/MiniOzoneClusterImpl-0a4d6173-89d3-45ab-a960-64e25af93069/datanode-0/data/ratis/bb8b0e44-4ed7-47c1-a68a-2fd6ecf985dd/current/log_inprogress_0
2019-09-26 10:06:27,281 [13165a8c-4572-43f4-b795-0eb0b3a8cfdc@group-FCA59B41651C:LeaderElection222] INFO  impl.LeaderElection (LeaderElection.java:askForVotes(182)) - 13165a8c-4572-43f4-b795-0eb0b3a8cfdc@group-FCA59B41651C:LeaderElection222: begin an election at term 1 for -1: [13165a8c-4572-43f4-b795-0eb0b3a8cfdc:192.168.30.13:41099], old=null
2019-09-26 10:06:27,281 [13165a8c-4572-43f4-b795-0eb0b3a8cfdc@group-FCA59B41651C:LeaderElection222] INFO  impl.RoleInfo (RoleInfo.java:shutdownLeaderElection(134)) - 13165a8c-4572-43f4-b795-0eb0b3a8cfdc: shutdown LeaderElection
2019-09-26 10:06:27,281 [13165a8c-4572-43f4-b795-0eb0b3a8cfdc@group-FCA59B41651C:LeaderElection222] INFO  impl.RaftServerImpl (RaftServerImpl.java:setRole(174)) - 13165a8c-4572-43f4-b795-0eb0b3a8cfdc@group-FCA59B41651C: changes role from CANDIDATE to LEADER at term 1 for changeToLeader
2019-09-26 10:06:27,281 [13165a8c-4572-43f4-b795-0eb0b3a8cfdc@group-FCA59B41651C:LeaderElection222] INFO  impl.RaftServerImpl (ServerState.java:setLeader(253)) - 13165a8c-4572-43f4-b795-0eb0b3a8cfdc@group-FCA59B41651C: change Leader from null to 13165a8c-4572-43f4-b795-0eb0b3a8cfdc at term 1 for becomeLeader, leader elected after 5095ms
2019-09-26 10:06:27,281 [13165a8c-4572-43f4-b795-0eb0b3a8cfdc@group-FCA59B41651C:LeaderElection222] INFO  server.RaftServerConfigKeys (ConfUtils.java:logGet(43)) - raft.server.staging.catchup.gap = 1000 (default)
2019-09-26 10:06:27,281 [13165a8c-4572-43f4-b795-0eb0b3a8cfdc@group-FCA59B41651C:LeaderElection222] INFO  server.RaftServerConfigKeys (ConfUtils.java:logGet(43)) - raft.server.rpc.sleep.time = 25ms (default)
2019-09-26 10:06:27,282 [13165a8c-4572-43f4-b795-0eb0b3a8cfdc@group-FCA59B41651C:LeaderElection222] INFO  server.RaftServerConfigKeys (ConfUtils.java:logGet(43)) - raft.server.write.element-limit = 4096 (default)
2019-09-26 10:06:27,282 [13165a8c-4572-43f4-b795-0eb0b3a8cfdc@group-FCA59B41651C:LeaderElection222] INFO  server.RaftServerConfigKeys (ConfUtils.java:logGet(43)) - raft.server.watch.timeout = 10s (default)
2019-09-26 10:06:27,282 [13165a8c-4572-43f4-b795-0eb0b3a8cfdc@group-FCA59B41651C:LeaderElection222] INFO  server.RaftServerConfigKeys (ConfUtils.java:logGet(43)) - raft.server.watch.timeout.denomination = 1s (default)
2019-09-26 10:06:27,282 [13165a8c-4572-43f4-b795-0eb0b3a8cfdc@group-FCA59B41651C:LeaderElection222] INFO  server.RaftServerConfigKeys (ConfUtils.java:logGet(43)) - raft.server.watch.element-limit = 65536 (default)
2019-09-26 10:06:27,284 [13165a8c-4572-43f4-b795-0eb0b3a8cfdc@group-FCA59B41651C:LeaderElection222] INFO  impl.RoleInfo (RoleInfo.java:updateAndGet(143)) - 13165a8c-4572-43f4-b795-0eb0b3a8cfdc: start LeaderState
2019-09-26 10:06:27,284 [13165a8c-4572-43f4-b795-0eb0b3a8cfdc@group-FCA59B41651C:LeaderElection222] INFO  segmented.SegmentedRaftLogWorker (SegmentedRaftLogWorker.java:startLogSegment(380)) - 13165a8c-4572-43f4-b795-0eb0b3a8cfdc@group-FCA59B41651C-SegmentedRaftLogWorker: Starting segment from index:0
2019-09-26 10:06:27,284 [13165a8c-4572-43f4-b795-0eb0b3a8cfdc@group-FCA59B41651C:LeaderElection222] INFO  impl.RaftServerImpl (ServerState.java:setRaftConf(354)) - 13165a8c-4572-43f4-b795-0eb0b3a8cfdc@group-FCA59B41651C: set configuration 0: [13165a8c-4572-43f4-b795-0eb0b3a8cfdc:192.168.30.13:41099], old=null at 0
2019-09-26 10:06:27,294 [13165a8c-4572-43f4-b795-0eb0b3a8cfdc@group-0F3B31EC96AE-SegmentedRaftLogWorker] INFO  segmented.SegmentedRaftLogWorker (SegmentedRaftLogWorker.java:execute(569)) - 13165a8c-4572-43f4-b795-0eb0b3a8cfdc@group-0F3B31EC96AE-SegmentedRaftLogWorker: created new log segment /workdir/hadoop-ozone/integration-test/target/test-dir/MiniOzoneClusterImpl-0a4d6173-89d3-45ab-a960-64e25af93069/datanode-0/data/ratis/71af4203-f810-4936-a685-0f3b31ec96ae/current/log_inprogress_0
2019-09-26 10:06:27,294 [13165a8c-4572-43f4-b795-0eb0b3a8cfdc@group-C49137EC952C:LeaderElection223] INFO  impl.LeaderElection (LeaderElection.java:askForVotes(182)) - 13165a8c-4572-43f4-b795-0eb0b3a8cfdc@group-C49137EC952C:LeaderElection223: begin an election at term 1 for -1: [13165a8c-4572-43f4-b795-0eb0b3a8cfdc:192.168.30.13:41099], old=null
2019-09-26 10:06:27,294 [13165a8c-4572-43f4-b795-0eb0b3a8cfdc@group-C49137EC952C:LeaderElection223] INFO  impl.RoleInfo (RoleInfo.java:shutdownLeaderElection(134)) - 13165a8c-4572-43f4-b795-0eb0b3a8cfdc: shutdown LeaderElection
2019-09-26 10:06:27,295 [13165a8c-4572-43f4-b795-0eb0b3a8cfdc@group-C49137EC952C:LeaderElection223] INFO  impl.RaftServerImpl (RaftServerImpl.java:setRole(174)) - 13165a8c-4572-43f4-b795-0eb0b3a8cfdc@group-C49137EC952C: changes role from CANDIDATE to LEADER at term 1 for changeToLeader
2019-09-26 10:06:27,295 [13165a8c-4572-43f4-b795-0eb0b3a8cfdc@group-C49137EC952C:LeaderElection223] INFO  impl.RaftServerImpl (ServerState.java:setLeader(253)) - 13165a8c-4572-43f4-b795-0eb0b3a8cfdc@group-C49137EC952C: change Leader from null to 13165a8c-4572-43f4-b795-0eb0b3a8cfdc at term 1 for becomeLeader, leader elected after 5183ms
2019-09-26 10:06:27,295 [13165a8c-4572-43f4-b795-0eb0b3a8cfdc@group-C49137EC952C:LeaderElection223] INFO  server.RaftServerConfigKeys (ConfUtils.java:logGet(43)) - raft.server.staging.catchup.gap = 1000 (default)
2019-09-26 10:06:27,295 [13165a8c-4572-43f4-b795-0eb0b3a8cfdc@group-C49137EC952C:LeaderElection223] INFO  server.RaftServerConfigKeys (ConfUtils.java:logGet(43)) - raft.server.rpc.sleep.time = 25ms (default)
2019-09-26 10:06:27,295 [13165a8c-4572-43f4-b795-0eb0b3a8cfdc@group-C49137EC952C:LeaderElection223] INFO  server.RaftServerConfigKeys (ConfUtils.java:logGet(43)) - raft.server.write.element-limit = 4096 (default)
2019-09-26 10:06:27,295 [13165a8c-4572-43f4-b795-0eb0b3a8cfdc@group-C49137EC952C:LeaderElection223] INFO  server.RaftServerConfigKeys (ConfUtils.java:logGet(43)) - raft.server.watch.timeout = 10s (default)
2019-09-26 10:06:27,295 [13165a8c-4572-43f4-b795-0eb0b3a8cfdc@group-C49137EC952C:LeaderElection223] INFO  server.RaftServerConfigKeys (ConfUtils.java:logGet(43)) - raft.server.watch.timeout.denomination = 1s (default)
2019-09-26 10:06:27,295 [13165a8c-4572-43f4-b795-0eb0b3a8cfdc@group-C49137EC952C:LeaderElection223] INFO  server.RaftServerConfigKeys (ConfUtils.java:logGet(43)) - raft.server.watch.element-limit = 65536 (default)
2019-09-26 10:06:27,297 [13165a8c-4572-43f4-b795-0eb0b3a8cfdc@group-C49137EC952C:LeaderElection223] INFO  impl.RoleInfo (RoleInfo.java:updateAndGet(143)) - 13165a8c-4572-43f4-b795-0eb0b3a8cfdc: start LeaderState
2019-09-26 10:06:27,297 [13165a8c-4572-43f4-b795-0eb0b3a8cfdc@group-C49137EC952C:LeaderElection223] INFO  segmented.SegmentedRaftLogWorker (SegmentedRaftLogWorker.java:startLogSegment(380)) - 13165a8c-4572-43f4-b795-0eb0b3a8cfdc@group-C49137EC952C-SegmentedRaftLogWorker: Starting segment from index:0
2019-09-26 10:06:27,298 [13165a8c-4572-43f4-b795-0eb0b3a8cfdc@group-C49137EC952C:LeaderElection223] INFO  impl.RaftServerImpl (ServerState.java:setRaftConf(354)) - 13165a8c-4572-43f4-b795-0eb0b3a8cfdc@group-C49137EC952C: set configuration 0: [13165a8c-4572-43f4-b795-0eb0b3a8cfdc:192.168.30.13:41099], old=null at 0
2019-09-26 10:06:27,336 [13165a8c-4572-43f4-b795-0eb0b3a8cfdc@group-FCA59B41651C-SegmentedRaftLogWorker] INFO  segmented.SegmentedRaftLogWorker (SegmentedRaftLogWorker.java:execute(569)) - 13165a8c-4572-43f4-b795-0eb0b3a8cfdc@group-FCA59B41651C-SegmentedRaftLogWorker: created new log segment /workdir/hadoop-ozone/integration-test/target/test-dir/MiniOzoneClusterImpl-0a4d6173-89d3-45ab-a960-64e25af93069/datanode-0/data/ratis/77ea4f75-2810-4a2e-a75d-fca59b41651c/current/log_inprogress_0
2019-09-26 10:06:27,338 [13165a8c-4572-43f4-b795-0eb0b3a8cfdc@group-C49137EC952C-SegmentedRaftLogWorker] INFO  segmented.SegmentedRaftLogWorker (SegmentedRaftLogWorker.java:execute(569)) - 13165a8c-4572-43f4-b795-0eb0b3a8cfdc@group-C49137EC952C-SegmentedRaftLogWorker: created new log segment /workdir/hadoop-ozone/integration-test/target/test-dir/MiniOzoneClusterImpl-0a4d6173-89d3-45ab-a960-64e25af93069/datanode-0/data/ratis/2881a85f-3437-4877-99e7-c49137ec952c/current/log_inprogress_0
2019-09-26 10:06:27,357 [Thread-3108] INFO  impl.FollowerState (FollowerState.java:run(106)) - 13165a8c-4572-43f4-b795-0eb0b3a8cfdc:group-875F2BED2334 changes to CANDIDATE, lastRpcTime:5096, electionTimeout:5096ms
2019-09-26 10:06:27,357 [Thread-3108] INFO  impl.RoleInfo (RoleInfo.java:shutdownFollowerState(121)) - 13165a8c-4572-43f4-b795-0eb0b3a8cfdc: shutdown FollowerState
2019-09-26 10:06:27,358 [Thread-3108] INFO  impl.RaftServerImpl (RaftServerImpl.java:setRole(174)) - 13165a8c-4572-43f4-b795-0eb0b3a8cfdc@group-875F2BED2334: changes role from  FOLLOWER to CANDIDATE at term 0 for changeToCandidate
2019-09-26 10:06:27,358 [Thread-3108] INFO  impl.RoleInfo (RoleInfo.java:updateAndGet(143)) - 13165a8c-4572-43f4-b795-0eb0b3a8cfdc: start LeaderElection
2019-09-26 10:06:27,377 [13165a8c-4572-43f4-b795-0eb0b3a8cfdc@group-875F2BED2334:LeaderElection224] INFO  impl.LeaderElection (LeaderElection.java:askForVotes(182)) - 13165a8c-4572-43f4-b795-0eb0b3a8cfdc@group-875F2BED2334:LeaderElection224: begin an election at term 1 for -1: [13165a8c-4572-43f4-b795-0eb0b3a8cfdc:192.168.30.13:41099], old=null
2019-09-26 10:06:27,377 [13165a8c-4572-43f4-b795-0eb0b3a8cfdc@group-875F2BED2334:LeaderElection224] INFO  impl.RoleInfo (RoleInfo.java:shutdownLeaderElection(134)) - 13165a8c-4572-43f4-b795-0eb0b3a8cfdc: shutdown LeaderElection
2019-09-26 10:06:27,377 [13165a8c-4572-43f4-b795-0eb0b3a8cfdc@group-875F2BED2334:LeaderElection224] INFO  impl.RaftServerImpl (RaftServerImpl.java:setRole(174)) - 13165a8c-4572-43f4-b795-0eb0b3a8cfdc@group-875F2BED2334: changes role from CANDIDATE to LEADER at term 1 for changeToLeader
2019-09-26 10:06:27,377 [13165a8c-4572-43f4-b795-0eb0b3a8cfdc@group-875F2BED2334:LeaderElection224] INFO  impl.RaftServerImpl (ServerState.java:setLeader(253)) - 13165a8c-4572-43f4-b795-0eb0b3a8cfdc@group-875F2BED2334: change Leader from null to 13165a8c-4572-43f4-b795-0eb0b3a8cfdc at term 1 for becomeLeader, leader elected after 5120ms
2019-09-26 10:06:27,377 [13165a8c-4572-43f4-b795-0eb0b3a8cfdc@group-875F2BED2334:LeaderElection224] INFO  server.RaftServerConfigKeys (ConfUtils.java:logGet(43)) - raft.server.staging.catchup.gap = 1000 (default)
2019-09-26 10:06:27,378 [13165a8c-4572-43f4-b795-0eb0b3a8cfdc@group-875F2BED2334:LeaderElection224] INFO  server.RaftServerConfigKeys (ConfUtils.java:logGet(43)) - raft.server.rpc.sleep.time = 25ms (default)
2019-09-26 10:06:27,378 [13165a8c-4572-43f4-b795-0eb0b3a8cfdc@group-875F2BED2334:LeaderElection224] INFO  server.RaftServerConfigKeys (ConfUtils.java:logGet(43)) - raft.server.write.element-limit = 4096 (default)
2019-09-26 10:06:27,378 [13165a8c-4572-43f4-b795-0eb0b3a8cfdc@group-875F2BED2334:LeaderElection224] INFO  server.RaftServerConfigKeys (ConfUtils.java:logGet(43)) - raft.server.watch.timeout = 10s (default)
2019-09-26 10:06:27,378 [13165a8c-4572-43f4-b795-0eb0b3a8cfdc@group-875F2BED2334:LeaderElection224] INFO  server.RaftServerConfigKeys (ConfUtils.java:logGet(43)) - raft.server.watch.timeout.denomination = 1s (default)
2019-09-26 10:06:27,378 [13165a8c-4572-43f4-b795-0eb0b3a8cfdc@group-875F2BED2334:LeaderElection224] INFO  server.RaftServerConfigKeys (ConfUtils.java:logGet(43)) - raft.server.watch.element-limit = 65536 (default)
2019-09-26 10:06:27,379 [13165a8c-4572-43f4-b795-0eb0b3a8cfdc@group-875F2BED2334:LeaderElection224] INFO  impl.RoleInfo (RoleInfo.java:updateAndGet(143)) - 13165a8c-4572-43f4-b795-0eb0b3a8cfdc: start LeaderState
2019-09-26 10:06:27,379 [13165a8c-4572-43f4-b795-0eb0b3a8cfdc@group-875F2BED2334:LeaderElection224] INFO  segmented.SegmentedRaftLogWorker (SegmentedRaftLogWorker.java:startLogSegment(380)) - 13165a8c-4572-43f4-b795-0eb0b3a8cfdc@group-875F2BED2334-SegmentedRaftLogWorker: Starting segment from index:0
2019-09-26 10:06:27,380 [13165a8c-4572-43f4-b795-0eb0b3a8cfdc@group-875F2BED2334:LeaderElection224] INFO  impl.RaftServerImpl (ServerState.java:setRaftConf(354)) - 13165a8c-4572-43f4-b795-0eb0b3a8cfdc@group-875F2BED2334: set configuration 0: [13165a8c-4572-43f4-b795-0eb0b3a8cfdc:192.168.30.13:41099], old=null at 0
2019-09-26 10:06:27,407 [Thread-3105] INFO  impl.FollowerState (FollowerState.java:run(106)) - 13165a8c-4572-43f4-b795-0eb0b3a8cfdc:group-7739920095D9 changes to CANDIDATE, lastRpcTime:5182, electionTimeout:5182ms
2019-09-26 10:06:27,407 [Thread-3105] INFO  impl.RoleInfo (RoleInfo.java:shutdownFollowerState(121)) - 13165a8c-4572-43f4-b795-0eb0b3a8cfdc: shutdown FollowerState
2019-09-26 10:06:27,407 [Thread-3105] INFO  impl.RaftServerImpl (RaftServerImpl.java:setRole(174)) - 13165a8c-4572-43f4-b795-0eb0b3a8cfdc@group-7739920095D9: changes role from  FOLLOWER to CANDIDATE at term 0 for changeToCandidate
2019-09-26 10:06:27,407 [Thread-3105] INFO  impl.RoleInfo (RoleInfo.java:updateAndGet(143)) - 13165a8c-4572-43f4-b795-0eb0b3a8cfdc: start LeaderElection
2019-09-26 10:06:27,429 [13165a8c-4572-43f4-b795-0eb0b3a8cfdc@group-875F2BED2334-SegmentedRaftLogWorker] INFO  segmented.SegmentedRaftLogWorker (SegmentedRaftLogWorker.java:execute(569)) - 13165a8c-4572-43f4-b795-0eb0b3a8cfdc@group-875F2BED2334-SegmentedRaftLogWorker: created new log segment /workdir/hadoop-ozone/integration-test/target/test-dir/MiniOzoneClusterImpl-0a4d6173-89d3-45ab-a960-64e25af93069/datanode-0/data/ratis/e14e785d-7ce8-4090-a1fe-875f2bed2334/current/log_inprogress_0
2019-09-26 10:06:27,429 [13165a8c-4572-43f4-b795-0eb0b3a8cfdc@group-7739920095D9:LeaderElection225] INFO  impl.LeaderElection (LeaderElection.java:askForVotes(182)) - 13165a8c-4572-43f4-b795-0eb0b3a8cfdc@group-7739920095D9:LeaderElection225: begin an election at term 1 for -1: [13165a8c-4572-43f4-b795-0eb0b3a8cfdc:192.168.30.13:41099], old=null
2019-09-26 10:06:27,430 [13165a8c-4572-43f4-b795-0eb0b3a8cfdc@group-7739920095D9:LeaderElection225] INFO  impl.RoleInfo (RoleInfo.java:shutdownLeaderElection(134)) - 13165a8c-4572-43f4-b795-0eb0b3a8cfdc: shutdown LeaderElection
2019-09-26 10:06:27,430 [13165a8c-4572-43f4-b795-0eb0b3a8cfdc@group-7739920095D9:LeaderElection225] INFO  impl.RaftServerImpl (RaftServerImpl.java:setRole(174)) - 13165a8c-4572-43f4-b795-0eb0b3a8cfdc@group-7739920095D9: changes role from CANDIDATE to LEADER at term 1 for changeToLeader
2019-09-26 10:06:27,430 [13165a8c-4572-43f4-b795-0eb0b3a8cfdc@group-7739920095D9:LeaderElection225] INFO  impl.RaftServerImpl (ServerState.java:setLeader(253)) - 13165a8c-4572-43f4-b795-0eb0b3a8cfdc@group-7739920095D9: change Leader from null to 13165a8c-4572-43f4-b795-0eb0b3a8cfdc at term 1 for becomeLeader, leader elected after 5208ms
2019-09-26 10:06:27,430 [13165a8c-4572-43f4-b795-0eb0b3a8cfdc@group-7739920095D9:LeaderElection225] INFO  server.RaftServerConfigKeys (ConfUtils.java:logGet(43)) - raft.server.staging.catchup.gap = 1000 (default)
2019-09-26 10:06:27,430 [13165a8c-4572-43f4-b795-0eb0b3a8cfdc@group-7739920095D9:LeaderElection225] INFO  server.RaftServerConfigKeys (ConfUtils.java:logGet(43)) - raft.server.rpc.sleep.time = 25ms (default)
2019-09-26 10:06:27,430 [13165a8c-4572-43f4-b795-0eb0b3a8cfdc@group-7739920095D9:LeaderElection225] INFO  server.RaftServerConfigKeys (ConfUtils.java:logGet(43)) - raft.server.write.element-limit = 4096 (default)
2019-09-26 10:06:27,430 [13165a8c-4572-43f4-b795-0eb0b3a8cfdc@group-7739920095D9:LeaderElection225] INFO  server.RaftServerConfigKeys (ConfUtils.java:logGet(43)) - raft.server.watch.timeout = 10s (default)
2019-09-26 10:06:27,431 [13165a8c-4572-43f4-b795-0eb0b3a8cfdc@group-7739920095D9:LeaderElection225] INFO  server.RaftServerConfigKeys (ConfUtils.java:logGet(43)) - raft.server.watch.timeout.denomination = 1s (default)
2019-09-26 10:06:27,431 [13165a8c-4572-43f4-b795-0eb0b3a8cfdc@group-7739920095D9:LeaderElection225] INFO  server.RaftServerConfigKeys (ConfUtils.java:logGet(43)) - raft.server.watch.element-limit = 65536 (default)
2019-09-26 10:06:27,432 [13165a8c-4572-43f4-b795-0eb0b3a8cfdc@group-7739920095D9:LeaderElection225] INFO  impl.RoleInfo (RoleInfo.java:updateAndGet(143)) - 13165a8c-4572-43f4-b795-0eb0b3a8cfdc: start LeaderState
2019-09-26 10:06:27,433 [13165a8c-4572-43f4-b795-0eb0b3a8cfdc@group-7739920095D9:LeaderElection225] INFO  segmented.SegmentedRaftLogWorker (SegmentedRaftLogWorker.java:startLogSegment(380)) - 13165a8c-4572-43f4-b795-0eb0b3a8cfdc@group-7739920095D9-SegmentedRaftLogWorker: Starting segment from index:0
2019-09-26 10:06:27,433 [13165a8c-4572-43f4-b795-0eb0b3a8cfdc@group-7739920095D9:LeaderElection225] INFO  impl.RaftServerImpl (ServerState.java:setRaftConf(354)) - 13165a8c-4572-43f4-b795-0eb0b3a8cfdc@group-7739920095D9: set configuration 0: [13165a8c-4572-43f4-b795-0eb0b3a8cfdc:192.168.30.13:41099], old=null at 0
2019-09-26 10:06:27,433 [Thread-3111] INFO  impl.FollowerState (FollowerState.java:run(106)) - 3fdc1795-13a2-484d-a1b3-617bb4b52936:group-27526F59899A changes to CANDIDATE, lastRpcTime:5120, electionTimeout:5120ms
2019-09-26 10:06:27,434 [Thread-3111] INFO  impl.RoleInfo (RoleInfo.java:shutdownFollowerState(121)) - 3fdc1795-13a2-484d-a1b3-617bb4b52936: shutdown FollowerState
2019-09-26 10:06:27,434 [Thread-3111] INFO  impl.RaftServerImpl (RaftServerImpl.java:setRole(174)) - 3fdc1795-13a2-484d-a1b3-617bb4b52936@group-27526F59899A: changes role from  FOLLOWER to CANDIDATE at term 0 for changeToCandidate
2019-09-26 10:06:27,434 [Thread-3111] INFO  impl.RoleInfo (RoleInfo.java:updateAndGet(143)) - 3fdc1795-13a2-484d-a1b3-617bb4b52936: start LeaderElection
2019-09-26 10:06:27,465 [EventQueue-StaleNodeForStaleNodeHandler] INFO  node.StaleNodeHandler (StaleNodeHandler.java:onMessage(58)) - Datanode 4994e2c1-9eac-430d-be8a-cb30a727a84e{ip: 192.168.30.13, host: pr-hdds-1569-wvzgm-824869521, networkLocation: /default-rack, certSerialId: null} moved to stale state. Finalizing its pipelines [PipelineID=807b2f02-76f0-4266-a7cf-423c73f4a4ea, PipelineID=7d894f52-afe0-4365-8d51-c553d199fae6, PipelineID=fa5619f0-a44e-41f3-83f9-3930f033eca2, PipelineID=3541b79c-4ac7-4e0c-a520-45d5822f74ba, PipelineID=5b3a41af-8031-43ad-8393-ad4454fcad24, PipelineID=6efc2d48-5ed2-40dc-b3a8-235dadf8ecb8]
2019-09-26 10:06:27,465 [EventQueue-StaleNodeForStaleNodeHandler] INFO  pipeline.SCMPipelineManager (SCMPipelineManager.java:finalizeAndDestroyPipeline(316)) - destroying pipeline:Pipeline[ Id: 807b2f02-76f0-4266-a7cf-423c73f4a4ea, Nodes: 4994e2c1-9eac-430d-be8a-cb30a727a84e{ip: 192.168.30.13, host: pr-hdds-1569-wvzgm-824869521, networkLocation: /default-rack, certSerialId: null}, Type:RATIS, Factor:ONE, State:OPEN]
2019-09-26 10:06:27,466 [EventQueue-StaleNodeForStaleNodeHandler] INFO  pipeline.PipelineStateManager (PipelineStateManager.java:finalizePipeline(123)) - Pipeline Pipeline[ Id: 807b2f02-76f0-4266-a7cf-423c73f4a4ea, Nodes: 4994e2c1-9eac-430d-be8a-cb30a727a84e{ip: 192.168.30.13, host: pr-hdds-1569-wvzgm-824869521, networkLocation: /default-rack, certSerialId: null}, Type:RATIS, Factor:ONE, State:CLOSED] moved to CLOSED state
2019-09-26 10:06:27,466 [EventQueue-StaleNodeForStaleNodeHandler] INFO  pipeline.SCMPipelineManager (SCMPipelineManager.java:finalizeAndDestroyPipeline(316)) - destroying pipeline:Pipeline[ Id: 7d894f52-afe0-4365-8d51-c553d199fae6, Nodes: 4994e2c1-9eac-430d-be8a-cb30a727a84e{ip: 192.168.30.13, host: pr-hdds-1569-wvzgm-824869521, networkLocation: /default-rack, certSerialId: null}, Type:RATIS, Factor:ONE, State:OPEN]
2019-09-26 10:06:27,466 [EventQueue-StaleNodeForStaleNodeHandler] INFO  pipeline.PipelineStateManager (PipelineStateManager.java:finalizePipeline(123)) - Pipeline Pipeline[ Id: 7d894f52-afe0-4365-8d51-c553d199fae6, Nodes: 4994e2c1-9eac-430d-be8a-cb30a727a84e{ip: 192.168.30.13, host: pr-hdds-1569-wvzgm-824869521, networkLocation: /default-rack, certSerialId: null}, Type:RATIS, Factor:ONE, State:CLOSED] moved to CLOSED state
2019-09-26 10:06:27,467 [EventQueue-StaleNodeForStaleNodeHandler] INFO  pipeline.SCMPipelineManager (SCMPipelineManager.java:finalizeAndDestroyPipeline(316)) - destroying pipeline:Pipeline[ Id: fa5619f0-a44e-41f3-83f9-3930f033eca2, Nodes: 4994e2c1-9eac-430d-be8a-cb30a727a84e{ip: 192.168.30.13, host: pr-hdds-1569-wvzgm-824869521, networkLocation: /default-rack, certSerialId: null}, Type:RATIS, Factor:ONE, State:OPEN]
2019-09-26 10:06:27,467 [EventQueue-StaleNodeForStaleNodeHandler] INFO  pipeline.PipelineStateManager (PipelineStateManager.java:finalizePipeline(123)) - Pipeline Pipeline[ Id: fa5619f0-a44e-41f3-83f9-3930f033eca2, Nodes: 4994e2c1-9eac-430d-be8a-cb30a727a84e{ip: 192.168.30.13, host: pr-hdds-1569-wvzgm-824869521, networkLocation: /default-rack, certSerialId: null}, Type:RATIS, Factor:ONE, State:CLOSED] moved to CLOSED state
2019-09-26 10:06:27,467 [EventQueue-StaleNodeForStaleNodeHandler] INFO  pipeline.SCMPipelineManager (SCMPipelineManager.java:finalizeAndDestroyPipeline(316)) - destroying pipeline:Pipeline[ Id: 3541b79c-4ac7-4e0c-a520-45d5822f74ba, Nodes: 4994e2c1-9eac-430d-be8a-cb30a727a84e{ip: 192.168.30.13, host: pr-hdds-1569-wvzgm-824869521, networkLocation: /default-rack, certSerialId: null}, Type:RATIS, Factor:ONE, State:OPEN]
2019-09-26 10:06:27,467 [EventQueue-StaleNodeForStaleNodeHandler] INFO  pipeline.PipelineStateManager (PipelineStateManager.java:finalizePipeline(123)) - Pipeline Pipeline[ Id: 3541b79c-4ac7-4e0c-a520-45d5822f74ba, Nodes: 4994e2c1-9eac-430d-be8a-cb30a727a84e{ip: 192.168.30.13, host: pr-hdds-1569-wvzgm-824869521, networkLocation: /default-rack, certSerialId: null}, Type:RATIS, Factor:ONE, State:CLOSED] moved to CLOSED state
2019-09-26 10:06:27,467 [EventQueue-StaleNodeForStaleNodeHandler] INFO  pipeline.SCMPipelineManager (SCMPipelineManager.java:finalizeAndDestroyPipeline(316)) - destroying pipeline:Pipeline[ Id: 5b3a41af-8031-43ad-8393-ad4454fcad24, Nodes: 4994e2c1-9eac-430d-be8a-cb30a727a84e{ip: 192.168.30.13, host: pr-hdds-1569-wvzgm-824869521, networkLocation: /default-rack, certSerialId: null}, Type:RATIS, Factor:ONE, State:OPEN]
2019-09-26 10:06:27,468 [EventQueue-StaleNodeForStaleNodeHandler] INFO  pipeline.PipelineStateManager (PipelineStateManager.java:finalizePipeline(123)) - Pipeline Pipeline[ Id: 5b3a41af-8031-43ad-8393-ad4454fcad24, Nodes: 4994e2c1-9eac-430d-be8a-cb30a727a84e{ip: 192.168.30.13, host: pr-hdds-1569-wvzgm-824869521, networkLocation: /default-rack, certSerialId: null}, Type:RATIS, Factor:ONE, State:CLOSED] moved to CLOSED state
2019-09-26 10:06:27,468 [EventQueue-StaleNodeForStaleNodeHandler] INFO  pipeline.SCMPipelineManager (SCMPipelineManager.java:finalizeAndDestroyPipeline(316)) - destroying pipeline:Pipeline[ Id: 6efc2d48-5ed2-40dc-b3a8-235dadf8ecb8, Nodes: 4994e2c1-9eac-430d-be8a-cb30a727a84e{ip: 192.168.30.13, host: pr-hdds-1569-wvzgm-824869521, networkLocation: /default-rack, certSerialId: null}, Type:RATIS, Factor:ONE, State:OPEN]
2019-09-26 10:06:27,468 [EventQueue-StaleNodeForStaleNodeHandler] INFO  pipeline.PipelineStateManager (PipelineStateManager.java:finalizePipeline(123)) - Pipeline Pipeline[ Id: 6efc2d48-5ed2-40dc-b3a8-235dadf8ecb8, Nodes: 4994e2c1-9eac-430d-be8a-cb30a727a84e{ip: 192.168.30.13, host: pr-hdds-1569-wvzgm-824869521, networkLocation: /default-rack, certSerialId: null}, Type:RATIS, Factor:ONE, State:CLOSED] moved to CLOSED state
2019-09-26 10:06:27,477 [13165a8c-4572-43f4-b795-0eb0b3a8cfdc@group-7739920095D9-SegmentedRaftLogWorker] INFO  segmented.SegmentedRaftLogWorker (SegmentedRaftLogWorker.java:execute(569)) - 13165a8c-4572-43f4-b795-0eb0b3a8cfdc@group-7739920095D9-SegmentedRaftLogWorker: created new log segment /workdir/hadoop-ozone/integration-test/target/test-dir/MiniOzoneClusterImpl-0a4d6173-89d3-45ab-a960-64e25af93069/datanode-0/data/ratis/cc199dda-b561-4a39-bf4c-7739920095d9/current/log_inprogress_0
2019-09-26 10:06:27,482 [3fdc1795-13a2-484d-a1b3-617bb4b52936@group-27526F59899A:LeaderElection226] INFO  impl.LeaderElection (LeaderElection.java:askForVotes(182)) - 3fdc1795-13a2-484d-a1b3-617bb4b52936@group-27526F59899A:LeaderElection226: begin an election at term 1 for -1: [3fdc1795-13a2-484d-a1b3-617bb4b52936:192.168.30.13:38491], old=null
2019-09-26 10:06:27,482 [3fdc1795-13a2-484d-a1b3-617bb4b52936@group-27526F59899A:LeaderElection226] INFO  impl.RoleInfo (RoleInfo.java:shutdownLeaderElection(134)) - 3fdc1795-13a2-484d-a1b3-617bb4b52936: shutdown LeaderElection
2019-09-26 10:06:27,482 [3fdc1795-13a2-484d-a1b3-617bb4b52936@group-27526F59899A:LeaderElection226] INFO  impl.RaftServerImpl (RaftServerImpl.java:setRole(174)) - 3fdc1795-13a2-484d-a1b3-617bb4b52936@group-27526F59899A: changes role from CANDIDATE to LEADER at term 1 for changeToLeader
2019-09-26 10:06:27,482 [3fdc1795-13a2-484d-a1b3-617bb4b52936@group-27526F59899A:LeaderElection226] INFO  impl.RaftServerImpl (ServerState.java:setLeader(253)) - 3fdc1795-13a2-484d-a1b3-617bb4b52936@group-27526F59899A: change Leader from null to 3fdc1795-13a2-484d-a1b3-617bb4b52936 at term 1 for becomeLeader, leader elected after 5173ms
2019-09-26 10:06:27,482 [3fdc1795-13a2-484d-a1b3-617bb4b52936@group-27526F59899A:LeaderElection226] INFO  server.RaftServerConfigKeys (ConfUtils.java:logGet(43)) - raft.server.staging.catchup.gap = 1000 (default)
2019-09-26 10:06:27,482 [3fdc1795-13a2-484d-a1b3-617bb4b52936@group-27526F59899A:LeaderElection226] INFO  server.RaftServerConfigKeys (ConfUtils.java:logGet(43)) - raft.server.rpc.sleep.time = 25ms (default)
2019-09-26 10:06:27,483 [3fdc1795-13a2-484d-a1b3-617bb4b52936@group-27526F59899A:LeaderElection226] INFO  server.RaftServerConfigKeys (ConfUtils.java:logGet(43)) - raft.server.write.element-limit = 4096 (default)
2019-09-26 10:06:27,483 [3fdc1795-13a2-484d-a1b3-617bb4b52936@group-27526F59899A:LeaderElection226] INFO  server.RaftServerConfigKeys (ConfUtils.java:logGet(43)) - raft.server.watch.timeout = 10s (default)
2019-09-26 10:06:27,483 [3fdc1795-13a2-484d-a1b3-617bb4b52936@group-27526F59899A:LeaderElection226] INFO  server.RaftServerConfigKeys (ConfUtils.java:logGet(43)) - raft.server.watch.timeout.denomination = 1s (default)
2019-09-26 10:06:27,483 [3fdc1795-13a2-484d-a1b3-617bb4b52936@group-27526F59899A:LeaderElection226] INFO  server.RaftServerConfigKeys (ConfUtils.java:logGet(43)) - raft.server.watch.element-limit = 65536 (default)
2019-09-26 10:06:27,485 [3fdc1795-13a2-484d-a1b3-617bb4b52936@group-27526F59899A:LeaderElection226] INFO  impl.RoleInfo (RoleInfo.java:updateAndGet(143)) - 3fdc1795-13a2-484d-a1b3-617bb4b52936: start LeaderState
2019-09-26 10:06:27,485 [3fdc1795-13a2-484d-a1b3-617bb4b52936@group-27526F59899A:LeaderElection226] INFO  segmented.SegmentedRaftLogWorker (SegmentedRaftLogWorker.java:startLogSegment(380)) - 3fdc1795-13a2-484d-a1b3-617bb4b52936@group-27526F59899A-SegmentedRaftLogWorker: Starting segment from index:0
2019-09-26 10:06:27,485 [3fdc1795-13a2-484d-a1b3-617bb4b52936@group-27526F59899A:LeaderElection226] INFO  impl.RaftServerImpl (ServerState.java:setRaftConf(354)) - 3fdc1795-13a2-484d-a1b3-617bb4b52936@group-27526F59899A: set configuration 0: [3fdc1795-13a2-484d-a1b3-617bb4b52936:192.168.30.13:38491], old=null at 0
2019-09-26 10:06:27,513 [Thread-3117] INFO  impl.FollowerState (FollowerState.java:run(106)) - af49d7a1-7bac-4fb8-a68b-38a7dab2a9f5:group-81F0707B1837 changes to CANDIDATE, lastRpcTime:5092, electionTimeout:5092ms
2019-09-26 10:06:27,514 [Thread-3117] INFO  impl.RoleInfo (RoleInfo.java:shutdownFollowerState(121)) - af49d7a1-7bac-4fb8-a68b-38a7dab2a9f5: shutdown FollowerState
2019-09-26 10:06:27,514 [Thread-3117] INFO  impl.RaftServerImpl (RaftServerImpl.java:setRole(174)) - af49d7a1-7bac-4fb8-a68b-38a7dab2a9f5@group-81F0707B1837: changes role from  FOLLOWER to CANDIDATE at term 0 for changeToCandidate
2019-09-26 10:06:27,514 [Thread-3117] INFO  impl.RoleInfo (RoleInfo.java:updateAndGet(143)) - af49d7a1-7bac-4fb8-a68b-38a7dab2a9f5: start LeaderElection
2019-09-26 10:06:27,525 [Thread-3114] INFO  impl.FollowerState (FollowerState.java:run(106)) - af49d7a1-7bac-4fb8-a68b-38a7dab2a9f5:group-4BE667D8575D changes to CANDIDATE, lastRpcTime:5149, electionTimeout:5149ms
2019-09-26 10:06:27,525 [Thread-3114] INFO  impl.RoleInfo (RoleInfo.java:shutdownFollowerState(121)) - af49d7a1-7bac-4fb8-a68b-38a7dab2a9f5: shutdown FollowerState
2019-09-26 10:06:27,526 [Thread-3114] INFO  impl.RaftServerImpl (RaftServerImpl.java:setRole(174)) - af49d7a1-7bac-4fb8-a68b-38a7dab2a9f5@group-4BE667D8575D: changes role from  FOLLOWER to CANDIDATE at term 0 for changeToCandidate
2019-09-26 10:06:27,526 [Thread-3114] INFO  impl.RoleInfo (RoleInfo.java:updateAndGet(143)) - af49d7a1-7bac-4fb8-a68b-38a7dab2a9f5: start LeaderElection
2019-09-26 10:06:27,532 [3fdc1795-13a2-484d-a1b3-617bb4b52936@group-27526F59899A-SegmentedRaftLogWorker] INFO  segmented.SegmentedRaftLogWorker (SegmentedRaftLogWorker.java:execute(569)) - 3fdc1795-13a2-484d-a1b3-617bb4b52936@group-27526F59899A-SegmentedRaftLogWorker: created new log segment /workdir/hadoop-ozone/integration-test/target/test-dir/MiniOzoneClusterImpl-0a4d6173-89d3-45ab-a960-64e25af93069/datanode-1/data/ratis/d7690786-1153-4e31-ab8f-27526f59899a/current/log_inprogress_0
2019-09-26 10:06:27,532 [af49d7a1-7bac-4fb8-a68b-38a7dab2a9f5@group-81F0707B1837:LeaderElection227] INFO  impl.LeaderElection (LeaderElection.java:askForVotes(182)) - af49d7a1-7bac-4fb8-a68b-38a7dab2a9f5@group-81F0707B1837:LeaderElection227: begin an election at term 1 for -1: [af49d7a1-7bac-4fb8-a68b-38a7dab2a9f5:192.168.30.13:41624], old=null
2019-09-26 10:06:27,532 [af49d7a1-7bac-4fb8-a68b-38a7dab2a9f5@group-81F0707B1837:LeaderElection227] INFO  impl.RoleInfo (RoleInfo.java:shutdownLeaderElection(134)) - af49d7a1-7bac-4fb8-a68b-38a7dab2a9f5: shutdown LeaderElection
2019-09-26 10:06:27,532 [af49d7a1-7bac-4fb8-a68b-38a7dab2a9f5@group-81F0707B1837:LeaderElection227] INFO  impl.RaftServerImpl (RaftServerImpl.java:setRole(174)) - af49d7a1-7bac-4fb8-a68b-38a7dab2a9f5@group-81F0707B1837: changes role from CANDIDATE to LEADER at term 1 for changeToLeader
2019-09-26 10:06:27,532 [af49d7a1-7bac-4fb8-a68b-38a7dab2a9f5@group-81F0707B1837:LeaderElection227] INFO  impl.RaftServerImpl (ServerState.java:setLeader(253)) - af49d7a1-7bac-4fb8-a68b-38a7dab2a9f5@group-81F0707B1837: change Leader from null to af49d7a1-7bac-4fb8-a68b-38a7dab2a9f5 at term 1 for becomeLeader, leader elected after 5115ms
2019-09-26 10:06:27,532 [af49d7a1-7bac-4fb8-a68b-38a7dab2a9f5@group-81F0707B1837:LeaderElection227] INFO  server.RaftServerConfigKeys (ConfUtils.java:logGet(43)) - raft.server.staging.catchup.gap = 1000 (default)
2019-09-26 10:06:27,532 [af49d7a1-7bac-4fb8-a68b-38a7dab2a9f5@group-81F0707B1837:LeaderElection227] INFO  server.RaftServerConfigKeys (ConfUtils.java:logGet(43)) - raft.server.rpc.sleep.time = 25ms (default)
2019-09-26 10:06:27,533 [af49d7a1-7bac-4fb8-a68b-38a7dab2a9f5@group-81F0707B1837:LeaderElection227] INFO  server.RaftServerConfigKeys (ConfUtils.java:logGet(43)) - raft.server.write.element-limit = 4096 (default)
2019-09-26 10:06:27,533 [af49d7a1-7bac-4fb8-a68b-38a7dab2a9f5@group-81F0707B1837:LeaderElection227] INFO  server.RaftServerConfigKeys (ConfUtils.java:logGet(43)) - raft.server.watch.timeout = 10s (default)
2019-09-26 10:06:27,533 [af49d7a1-7bac-4fb8-a68b-38a7dab2a9f5@group-81F0707B1837:LeaderElection227] INFO  server.RaftServerConfigKeys (ConfUtils.java:logGet(43)) - raft.server.watch.timeout.denomination = 1s (default)
2019-09-26 10:06:27,533 [af49d7a1-7bac-4fb8-a68b-38a7dab2a9f5@group-81F0707B1837:LeaderElection227] INFO  server.RaftServerConfigKeys (ConfUtils.java:logGet(43)) - raft.server.watch.element-limit = 65536 (default)
2019-09-26 10:06:27,535 [af49d7a1-7bac-4fb8-a68b-38a7dab2a9f5@group-4BE667D8575D:LeaderElection228] INFO  impl.LeaderElection (LeaderElection.java:askForVotes(182)) - af49d7a1-7bac-4fb8-a68b-38a7dab2a9f5@group-4BE667D8575D:LeaderElection228: begin an election at term 1 for -1: [af49d7a1-7bac-4fb8-a68b-38a7dab2a9f5:192.168.30.13:41624], old=null
2019-09-26 10:06:27,535 [af49d7a1-7bac-4fb8-a68b-38a7dab2a9f5@group-4BE667D8575D:LeaderElection228] INFO  impl.RoleInfo (RoleInfo.java:shutdownLeaderElection(134)) - af49d7a1-7bac-4fb8-a68b-38a7dab2a9f5: shutdown LeaderElection
2019-09-26 10:06:27,535 [af49d7a1-7bac-4fb8-a68b-38a7dab2a9f5@group-81F0707B1837:LeaderElection227] INFO  impl.RoleInfo (RoleInfo.java:updateAndGet(143)) - af49d7a1-7bac-4fb8-a68b-38a7dab2a9f5: start LeaderState
2019-09-26 10:06:27,535 [af49d7a1-7bac-4fb8-a68b-38a7dab2a9f5@group-4BE667D8575D:LeaderElection228] INFO  impl.RaftServerImpl (RaftServerImpl.java:setRole(174)) - af49d7a1-7bac-4fb8-a68b-38a7dab2a9f5@group-4BE667D8575D: changes role from CANDIDATE to LEADER at term 1 for changeToLeader
2019-09-26 10:06:27,535 [af49d7a1-7bac-4fb8-a68b-38a7dab2a9f5@group-81F0707B1837:LeaderElection227] INFO  segmented.SegmentedRaftLogWorker (SegmentedRaftLogWorker.java:startLogSegment(380)) - af49d7a1-7bac-4fb8-a68b-38a7dab2a9f5@group-81F0707B1837-SegmentedRaftLogWorker: Starting segment from index:0
2019-09-26 10:06:27,535 [af49d7a1-7bac-4fb8-a68b-38a7dab2a9f5@group-4BE667D8575D:LeaderElection228] INFO  impl.RaftServerImpl (ServerState.java:setLeader(253)) - af49d7a1-7bac-4fb8-a68b-38a7dab2a9f5@group-4BE667D8575D: change Leader from null to af49d7a1-7bac-4fb8-a68b-38a7dab2a9f5 at term 1 for becomeLeader, leader elected after 5165ms
2019-09-26 10:06:27,535 [af49d7a1-7bac-4fb8-a68b-38a7dab2a9f5@group-4BE667D8575D:LeaderElection228] INFO  server.RaftServerConfigKeys (ConfUtils.java:logGet(43)) - raft.server.staging.catchup.gap = 1000 (default)
2019-09-26 10:06:27,535 [af49d7a1-7bac-4fb8-a68b-38a7dab2a9f5@group-4BE667D8575D:LeaderElection228] INFO  server.RaftServerConfigKeys (ConfUtils.java:logGet(43)) - raft.server.rpc.sleep.time = 25ms (default)
2019-09-26 10:06:27,536 [af49d7a1-7bac-4fb8-a68b-38a7dab2a9f5@group-81F0707B1837:LeaderElection227] INFO  impl.RaftServerImpl (ServerState.java:setRaftConf(354)) - af49d7a1-7bac-4fb8-a68b-38a7dab2a9f5@group-81F0707B1837: set configuration 0: [af49d7a1-7bac-4fb8-a68b-38a7dab2a9f5:192.168.30.13:41624], old=null at 0
2019-09-26 10:06:27,536 [af49d7a1-7bac-4fb8-a68b-38a7dab2a9f5@group-4BE667D8575D:LeaderElection228] INFO  server.RaftServerConfigKeys (ConfUtils.java:logGet(43)) - raft.server.write.element-limit = 4096 (default)
2019-09-26 10:06:27,536 [af49d7a1-7bac-4fb8-a68b-38a7dab2a9f5@group-4BE667D8575D:LeaderElection228] INFO  server.RaftServerConfigKeys (ConfUtils.java:logGet(43)) - raft.server.watch.timeout = 10s (default)
2019-09-26 10:06:27,536 [af49d7a1-7bac-4fb8-a68b-38a7dab2a9f5@group-4BE667D8575D:LeaderElection228] INFO  server.RaftServerConfigKeys (ConfUtils.java:logGet(43)) - raft.server.watch.timeout.denomination = 1s (default)
2019-09-26 10:06:27,536 [af49d7a1-7bac-4fb8-a68b-38a7dab2a9f5@group-4BE667D8575D:LeaderElection228] INFO  server.RaftServerConfigKeys (ConfUtils.java:logGet(43)) - raft.server.watch.element-limit = 65536 (default)
2019-09-26 10:06:27,538 [af49d7a1-7bac-4fb8-a68b-38a7dab2a9f5@group-4BE667D8575D:LeaderElection228] INFO  impl.RoleInfo (RoleInfo.java:updateAndGet(143)) - af49d7a1-7bac-4fb8-a68b-38a7dab2a9f5: start LeaderState
2019-09-26 10:06:27,538 [af49d7a1-7bac-4fb8-a68b-38a7dab2a9f5@group-4BE667D8575D:LeaderElection228] INFO  segmented.SegmentedRaftLogWorker (SegmentedRaftLogWorker.java:startLogSegment(380)) - af49d7a1-7bac-4fb8-a68b-38a7dab2a9f5@group-4BE667D8575D-SegmentedRaftLogWorker: Starting segment from index:0
2019-09-26 10:06:27,538 [af49d7a1-7bac-4fb8-a68b-38a7dab2a9f5@group-4BE667D8575D:LeaderElection228] INFO  impl.RaftServerImpl (ServerState.java:setRaftConf(354)) - af49d7a1-7bac-4fb8-a68b-38a7dab2a9f5@group-4BE667D8575D: set configuration 0: [af49d7a1-7bac-4fb8-a68b-38a7dab2a9f5:192.168.30.13:41624], old=null at 0
2019-09-26 10:06:27,576 [af49d7a1-7bac-4fb8-a68b-38a7dab2a9f5@group-81F0707B1837-SegmentedRaftLogWorker] INFO  segmented.SegmentedRaftLogWorker (SegmentedRaftLogWorker.java:execute(569)) - af49d7a1-7bac-4fb8-a68b-38a7dab2a9f5@group-81F0707B1837-SegmentedRaftLogWorker: created new log segment /workdir/hadoop-ozone/integration-test/target/test-dir/MiniOzoneClusterImpl-0a4d6173-89d3-45ab-a960-64e25af93069/datanode-2/data/ratis/02f761b3-428d-4626-81d3-81f0707b1837/current/log_inprogress_0
2019-09-26 10:06:27,576 [af49d7a1-7bac-4fb8-a68b-38a7dab2a9f5@group-4BE667D8575D-SegmentedRaftLogWorker] INFO  segmented.SegmentedRaftLogWorker (SegmentedRaftLogWorker.java:execute(569)) - af49d7a1-7bac-4fb8-a68b-38a7dab2a9f5@group-4BE667D8575D-SegmentedRaftLogWorker: created new log segment /workdir/hadoop-ozone/integration-test/target/test-dir/MiniOzoneClusterImpl-0a4d6173-89d3-45ab-a960-64e25af93069/datanode-2/data/ratis/e97eb398-ea56-4a2a-9640-4be667d8575d/current/log_inprogress_0
2019-09-26 10:06:27,596 [Thread-3120] INFO  impl.FollowerState (FollowerState.java:run(106)) - 3fdc1795-13a2-484d-a1b3-617bb4b52936:group-BBBFBE8B389C changes to CANDIDATE, lastRpcTime:5134, electionTimeout:5134ms
2019-09-26 10:06:27,596 [Thread-3120] INFO  impl.RoleInfo (RoleInfo.java:shutdownFollowerState(121)) - 3fdc1795-13a2-484d-a1b3-617bb4b52936: shutdown FollowerState
2019-09-26 10:06:27,596 [Thread-3120] INFO  impl.RaftServerImpl (RaftServerImpl.java:setRole(174)) - 3fdc1795-13a2-484d-a1b3-617bb4b52936@group-BBBFBE8B389C: changes role from  FOLLOWER to CANDIDATE at term 0 for changeToCandidate
2019-09-26 10:06:27,596 [Thread-3120] INFO  impl.RoleInfo (RoleInfo.java:updateAndGet(143)) - 3fdc1795-13a2-484d-a1b3-617bb4b52936: start LeaderElection
2019-09-26 10:06:27,613 [3fdc1795-13a2-484d-a1b3-617bb4b52936@group-BBBFBE8B389C:LeaderElection229] INFO  impl.LeaderElection (LeaderElection.java:askForVotes(182)) - 3fdc1795-13a2-484d-a1b3-617bb4b52936@group-BBBFBE8B389C:LeaderElection229: begin an election at term 1 for -1: [3fdc1795-13a2-484d-a1b3-617bb4b52936:192.168.30.13:38491], old=null
2019-09-26 10:06:27,613 [3fdc1795-13a2-484d-a1b3-617bb4b52936@group-BBBFBE8B389C:LeaderElection229] INFO  impl.RoleInfo (RoleInfo.java:shutdownLeaderElection(134)) - 3fdc1795-13a2-484d-a1b3-617bb4b52936: shutdown LeaderElection
2019-09-26 10:06:27,613 [3fdc1795-13a2-484d-a1b3-617bb4b52936@group-BBBFBE8B389C:LeaderElection229] INFO  impl.RaftServerImpl (RaftServerImpl.java:setRole(174)) - 3fdc1795-13a2-484d-a1b3-617bb4b52936@group-BBBFBE8B389C: changes role from CANDIDATE to LEADER at term 1 for changeToLeader
2019-09-26 10:06:27,614 [3fdc1795-13a2-484d-a1b3-617bb4b52936@group-BBBFBE8B389C:LeaderElection229] INFO  impl.RaftServerImpl (ServerState.java:setLeader(253)) - 3fdc1795-13a2-484d-a1b3-617bb4b52936@group-BBBFBE8B389C: change Leader from null to 3fdc1795-13a2-484d-a1b3-617bb4b52936 at term 1 for becomeLeader, leader elected after 5157ms
2019-09-26 10:06:27,614 [3fdc1795-13a2-484d-a1b3-617bb4b52936@group-BBBFBE8B389C:LeaderElection229] INFO  server.RaftServerConfigKeys (ConfUtils.java:logGet(43)) - raft.server.staging.catchup.gap = 1000 (default)
2019-09-26 10:06:27,614 [3fdc1795-13a2-484d-a1b3-617bb4b52936@group-BBBFBE8B389C:LeaderElection229] INFO  server.RaftServerConfigKeys (ConfUtils.java:logGet(43)) - raft.server.rpc.sleep.time = 25ms (default)
2019-09-26 10:06:27,614 [3fdc1795-13a2-484d-a1b3-617bb4b52936@group-BBBFBE8B389C:LeaderElection229] INFO  server.RaftServerConfigKeys (ConfUtils.java:logGet(43)) - raft.server.write.element-limit = 4096 (default)
2019-09-26 10:06:27,614 [3fdc1795-13a2-484d-a1b3-617bb4b52936@group-BBBFBE8B389C:LeaderElection229] INFO  server.RaftServerConfigKeys (ConfUtils.java:logGet(43)) - raft.server.watch.timeout = 10s (default)
2019-09-26 10:06:27,614 [3fdc1795-13a2-484d-a1b3-617bb4b52936@group-BBBFBE8B389C:LeaderElection229] INFO  server.RaftServerConfigKeys (ConfUtils.java:logGet(43)) - raft.server.watch.timeout.denomination = 1s (default)
2019-09-26 10:06:27,614 [3fdc1795-13a2-484d-a1b3-617bb4b52936@group-BBBFBE8B389C:LeaderElection229] INFO  server.RaftServerConfigKeys (ConfUtils.java:logGet(43)) - raft.server.watch.element-limit = 65536 (default)
2019-09-26 10:06:27,616 [3fdc1795-13a2-484d-a1b3-617bb4b52936@group-BBBFBE8B389C:LeaderElection229] INFO  impl.RoleInfo (RoleInfo.java:updateAndGet(143)) - 3fdc1795-13a2-484d-a1b3-617bb4b52936: start LeaderState
2019-09-26 10:06:27,616 [3fdc1795-13a2-484d-a1b3-617bb4b52936@group-BBBFBE8B389C:LeaderElection229] INFO  segmented.SegmentedRaftLogWorker (SegmentedRaftLogWorker.java:startLogSegment(380)) - 3fdc1795-13a2-484d-a1b3-617bb4b52936@group-BBBFBE8B389C-SegmentedRaftLogWorker: Starting segment from index:0
2019-09-26 10:06:27,616 [3fdc1795-13a2-484d-a1b3-617bb4b52936@group-BBBFBE8B389C:LeaderElection229] INFO  impl.RaftServerImpl (ServerState.java:setRaftConf(354)) - 3fdc1795-13a2-484d-a1b3-617bb4b52936@group-BBBFBE8B389C: set configuration 0: [3fdc1795-13a2-484d-a1b3-617bb4b52936:192.168.30.13:38491], old=null at 0
2019-09-26 10:06:27,646 [Thread-3126] INFO  impl.FollowerState (FollowerState.java:run(106)) - 3fdc1795-13a2-484d-a1b3-617bb4b52936:group-D8D3B56DCE1A changes to CANDIDATE, lastRpcTime:5104, electionTimeout:5104ms
2019-09-26 10:06:27,646 [Thread-3126] INFO  impl.RoleInfo (RoleInfo.java:shutdownFollowerState(121)) - 3fdc1795-13a2-484d-a1b3-617bb4b52936: shutdown FollowerState
2019-09-26 10:06:27,646 [Thread-3126] INFO  impl.RaftServerImpl (RaftServerImpl.java:setRole(174)) - 3fdc1795-13a2-484d-a1b3-617bb4b52936@group-D8D3B56DCE1A: changes role from  FOLLOWER to CANDIDATE at term 0 for changeToCandidate
2019-09-26 10:06:27,646 [Thread-3126] INFO  impl.RoleInfo (RoleInfo.java:updateAndGet(143)) - 3fdc1795-13a2-484d-a1b3-617bb4b52936: start LeaderElection
2019-09-26 10:06:27,657 [Thread-3123] INFO  impl.FollowerState (FollowerState.java:run(106)) - af49d7a1-7bac-4fb8-a68b-38a7dab2a9f5:group-DEC974E7C7DA changes to CANDIDATE, lastRpcTime:5154, electionTimeout:5153ms
2019-09-26 10:06:27,657 [Thread-3123] INFO  impl.RoleInfo (RoleInfo.java:shutdownFollowerState(121)) - af49d7a1-7bac-4fb8-a68b-38a7dab2a9f5: shutdown FollowerState
2019-09-26 10:06:27,657 [Thread-3123] INFO  impl.RaftServerImpl (RaftServerImpl.java:setRole(174)) - af49d7a1-7bac-4fb8-a68b-38a7dab2a9f5@group-DEC974E7C7DA: changes role from  FOLLOWER to CANDIDATE at term 0 for changeToCandidate
2019-09-26 10:06:27,657 [Thread-3123] INFO  impl.RoleInfo (RoleInfo.java:updateAndGet(143)) - af49d7a1-7bac-4fb8-a68b-38a7dab2a9f5: start LeaderElection
2019-09-26 10:06:27,671 [3fdc1795-13a2-484d-a1b3-617bb4b52936@group-BBBFBE8B389C-SegmentedRaftLogWorker] INFO  segmented.SegmentedRaftLogWorker (SegmentedRaftLogWorker.java:execute(569)) - 3fdc1795-13a2-484d-a1b3-617bb4b52936@group-BBBFBE8B389C-SegmentedRaftLogWorker: created new log segment /workdir/hadoop-ozone/integration-test/target/test-dir/MiniOzoneClusterImpl-0a4d6173-89d3-45ab-a960-64e25af93069/datanode-1/data/ratis/8988abf8-6b9f-4408-baeb-bbbfbe8b389c/current/log_inprogress_0
2019-09-26 10:06:27,671 [af49d7a1-7bac-4fb8-a68b-38a7dab2a9f5@group-DEC974E7C7DA:LeaderElection231] INFO  impl.LeaderElection (LeaderElection.java:askForVotes(182)) - af49d7a1-7bac-4fb8-a68b-38a7dab2a9f5@group-DEC974E7C7DA:LeaderElection231: begin an election at term 1 for -1: [af49d7a1-7bac-4fb8-a68b-38a7dab2a9f5:192.168.30.13:41624], old=null
2019-09-26 10:06:27,671 [3fdc1795-13a2-484d-a1b3-617bb4b52936@group-D8D3B56DCE1A:LeaderElection230] INFO  impl.LeaderElection (LeaderElection.java:askForVotes(182)) - 3fdc1795-13a2-484d-a1b3-617bb4b52936@group-D8D3B56DCE1A:LeaderElection230: begin an election at term 1 for -1: [3fdc1795-13a2-484d-a1b3-617bb4b52936:192.168.30.13:38491], old=null
2019-09-26 10:06:27,671 [af49d7a1-7bac-4fb8-a68b-38a7dab2a9f5@group-DEC974E7C7DA:LeaderElection231] INFO  impl.RoleInfo (RoleInfo.java:shutdownLeaderElection(134)) - af49d7a1-7bac-4fb8-a68b-38a7dab2a9f5: shutdown LeaderElection
2019-09-26 10:06:27,671 [3fdc1795-13a2-484d-a1b3-617bb4b52936@group-D8D3B56DCE1A:LeaderElection230] INFO  impl.RoleInfo (RoleInfo.java:shutdownLeaderElection(134)) - 3fdc1795-13a2-484d-a1b3-617bb4b52936: shutdown LeaderElection
2019-09-26 10:06:27,671 [af49d7a1-7bac-4fb8-a68b-38a7dab2a9f5@group-DEC974E7C7DA:LeaderElection231] INFO  impl.RaftServerImpl (RaftServerImpl.java:setRole(174)) - af49d7a1-7bac-4fb8-a68b-38a7dab2a9f5@group-DEC974E7C7DA: changes role from CANDIDATE to LEADER at term 1 for changeToLeader
2019-09-26 10:06:27,672 [3fdc1795-13a2-484d-a1b3-617bb4b52936@group-D8D3B56DCE1A:LeaderElection230] INFO  impl.RaftServerImpl (RaftServerImpl.java:setRole(174)) - 3fdc1795-13a2-484d-a1b3-617bb4b52936@group-D8D3B56DCE1A: changes role from CANDIDATE to LEADER at term 1 for changeToLeader
2019-09-26 10:06:27,672 [af49d7a1-7bac-4fb8-a68b-38a7dab2a9f5@group-DEC974E7C7DA:LeaderElection231] INFO  impl.RaftServerImpl (ServerState.java:setLeader(253)) - af49d7a1-7bac-4fb8-a68b-38a7dab2a9f5@group-DEC974E7C7DA: change Leader from null to af49d7a1-7bac-4fb8-a68b-38a7dab2a9f5 at term 1 for becomeLeader, leader elected after 5175ms
2019-09-26 10:06:27,672 [3fdc1795-13a2-484d-a1b3-617bb4b52936@group-D8D3B56DCE1A:LeaderElection230] INFO  impl.RaftServerImpl (ServerState.java:setLeader(253)) - 3fdc1795-13a2-484d-a1b3-617bb4b52936@group-D8D3B56DCE1A: change Leader from null to 3fdc1795-13a2-484d-a1b3-617bb4b52936 at term 1 for becomeLeader, leader elected after 5135ms
2019-09-26 10:06:27,672 [af49d7a1-7bac-4fb8-a68b-38a7dab2a9f5@group-DEC974E7C7DA:LeaderElection231] INFO  server.RaftServerConfigKeys (ConfUtils.java:logGet(43)) - raft.server.staging.catchup.gap = 1000 (default)
2019-09-26 10:06:27,672 [3fdc1795-13a2-484d-a1b3-617bb4b52936@group-D8D3B56DCE1A:LeaderElection230] INFO  server.RaftServerConfigKeys (ConfUtils.java:logGet(43)) - raft.server.staging.catchup.gap = 1000 (default)
2019-09-26 10:06:27,672 [af49d7a1-7bac-4fb8-a68b-38a7dab2a9f5@group-DEC974E7C7DA:LeaderElection231] INFO  server.RaftServerConfigKeys (ConfUtils.java:logGet(43)) - raft.server.rpc.sleep.time = 25ms (default)
2019-09-26 10:06:27,672 [3fdc1795-13a2-484d-a1b3-617bb4b52936@group-D8D3B56DCE1A:LeaderElection230] INFO  server.RaftServerConfigKeys (ConfUtils.java:logGet(43)) - raft.server.rpc.sleep.time = 25ms (default)
2019-09-26 10:06:27,672 [af49d7a1-7bac-4fb8-a68b-38a7dab2a9f5@group-DEC974E7C7DA:LeaderElection231] INFO  server.RaftServerConfigKeys (ConfUtils.java:logGet(43)) - raft.server.write.element-limit = 4096 (default)
2019-09-26 10:06:27,672 [3fdc1795-13a2-484d-a1b3-617bb4b52936@group-D8D3B56DCE1A:LeaderElection230] INFO  server.RaftServerConfigKeys (ConfUtils.java:logGet(43)) - raft.server.write.element-limit = 4096 (default)
2019-09-26 10:06:27,673 [af49d7a1-7bac-4fb8-a68b-38a7dab2a9f5@group-DEC974E7C7DA:LeaderElection231] INFO  server.RaftServerConfigKeys (ConfUtils.java:logGet(43)) - raft.server.watch.timeout = 10s (default)
2019-09-26 10:06:27,673 [3fdc1795-13a2-484d-a1b3-617bb4b52936@group-D8D3B56DCE1A:LeaderElection230] INFO  server.RaftServerConfigKeys (ConfUtils.java:logGet(43)) - raft.server.watch.timeout = 10s (default)
2019-09-26 10:06:27,673 [af49d7a1-7bac-4fb8-a68b-38a7dab2a9f5@group-DEC974E7C7DA:LeaderElection231] INFO  server.RaftServerConfigKeys (ConfUtils.java:logGet(43)) - raft.server.watch.timeout.denomination = 1s (default)
2019-09-26 10:06:27,673 [3fdc1795-13a2-484d-a1b3-617bb4b52936@group-D8D3B56DCE1A:LeaderElection230] INFO  server.RaftServerConfigKeys (ConfUtils.java:logGet(43)) - raft.server.watch.timeout.denomination = 1s (default)
2019-09-26 10:06:27,673 [af49d7a1-7bac-4fb8-a68b-38a7dab2a9f5@group-DEC974E7C7DA:LeaderElection231] INFO  server.RaftServerConfigKeys (ConfUtils.java:logGet(43)) - raft.server.watch.element-limit = 65536 (default)
2019-09-26 10:06:27,673 [3fdc1795-13a2-484d-a1b3-617bb4b52936@group-D8D3B56DCE1A:LeaderElection230] INFO  server.RaftServerConfigKeys (ConfUtils.java:logGet(43)) - raft.server.watch.element-limit = 65536 (default)
2019-09-26 10:06:27,675 [af49d7a1-7bac-4fb8-a68b-38a7dab2a9f5@group-DEC974E7C7DA:LeaderElection231] INFO  impl.RoleInfo (RoleInfo.java:updateAndGet(143)) - af49d7a1-7bac-4fb8-a68b-38a7dab2a9f5: start LeaderState
2019-09-26 10:06:27,675 [3fdc1795-13a2-484d-a1b3-617bb4b52936@group-D8D3B56DCE1A:LeaderElection230] INFO  impl.RoleInfo (RoleInfo.java:updateAndGet(143)) - 3fdc1795-13a2-484d-a1b3-617bb4b52936: start LeaderState
2019-09-26 10:06:27,675 [af49d7a1-7bac-4fb8-a68b-38a7dab2a9f5@group-DEC974E7C7DA:LeaderElection231] INFO  segmented.SegmentedRaftLogWorker (SegmentedRaftLogWorker.java:startLogSegment(380)) - af49d7a1-7bac-4fb8-a68b-38a7dab2a9f5@group-DEC974E7C7DA-SegmentedRaftLogWorker: Starting segment from index:0
2019-09-26 10:06:27,675 [3fdc1795-13a2-484d-a1b3-617bb4b52936@group-D8D3B56DCE1A:LeaderElection230] INFO  segmented.SegmentedRaftLogWorker (SegmentedRaftLogWorker.java:startLogSegment(380)) - 3fdc1795-13a2-484d-a1b3-617bb4b52936@group-D8D3B56DCE1A-SegmentedRaftLogWorker: Starting segment from index:0
2019-09-26 10:06:27,676 [af49d7a1-7bac-4fb8-a68b-38a7dab2a9f5@group-DEC974E7C7DA:LeaderElection231] INFO  impl.RaftServerImpl (ServerState.java:setRaftConf(354)) - af49d7a1-7bac-4fb8-a68b-38a7dab2a9f5@group-DEC974E7C7DA: set configuration 0: [af49d7a1-7bac-4fb8-a68b-38a7dab2a9f5:192.168.30.13:41624], old=null at 0
2019-09-26 10:06:27,676 [3fdc1795-13a2-484d-a1b3-617bb4b52936@group-D8D3B56DCE1A:LeaderElection230] INFO  impl.RaftServerImpl (ServerState.java:setRaftConf(354)) - 3fdc1795-13a2-484d-a1b3-617bb4b52936@group-D8D3B56DCE1A: set configuration 0: [3fdc1795-13a2-484d-a1b3-617bb4b52936:192.168.30.13:38491], old=null at 0
2019-09-26 10:06:27,722 [Thread-3131] INFO  impl.FollowerState (FollowerState.java:run(106)) - 3fdc1795-13a2-484d-a1b3-617bb4b52936:group-21CA7C0F6F9E changes to CANDIDATE, lastRpcTime:5121, electionTimeout:5121ms
2019-09-26 10:06:27,722 [Thread-3131] INFO  impl.RoleInfo (RoleInfo.java:shutdownFollowerState(121)) - 3fdc1795-13a2-484d-a1b3-617bb4b52936: shutdown FollowerState
2019-09-26 10:06:27,722 [Thread-3131] INFO  impl.RaftServerImpl (RaftServerImpl.java:setRole(174)) - 3fdc1795-13a2-484d-a1b3-617bb4b52936@group-21CA7C0F6F9E: changes role from  FOLLOWER to CANDIDATE at term 0 for changeToCandidate
2019-09-26 10:06:27,722 [Thread-3131] INFO  impl.RoleInfo (RoleInfo.java:updateAndGet(143)) - 3fdc1795-13a2-484d-a1b3-617bb4b52936: start LeaderElection
2019-09-26 10:06:27,727 [af49d7a1-7bac-4fb8-a68b-38a7dab2a9f5@group-DEC974E7C7DA-SegmentedRaftLogWorker] INFO  segmented.SegmentedRaftLogWorker (SegmentedRaftLogWorker.java:execute(569)) - af49d7a1-7bac-4fb8-a68b-38a7dab2a9f5@group-DEC974E7C7DA-SegmentedRaftLogWorker: created new log segment /workdir/hadoop-ozone/integration-test/target/test-dir/MiniOzoneClusterImpl-0a4d6173-89d3-45ab-a960-64e25af93069/datanode-2/data/ratis/57f81472-92c3-4aed-8ac5-dec974e7c7da/current/log_inprogress_0
2019-09-26 10:06:27,727 [3fdc1795-13a2-484d-a1b3-617bb4b52936@group-D8D3B56DCE1A-SegmentedRaftLogWorker] INFO  segmented.SegmentedRaftLogWorker (SegmentedRaftLogWorker.java:execute(569)) - 3fdc1795-13a2-484d-a1b3-617bb4b52936@group-D8D3B56DCE1A-SegmentedRaftLogWorker: created new log segment /workdir/hadoop-ozone/integration-test/target/test-dir/MiniOzoneClusterImpl-0a4d6173-89d3-45ab-a960-64e25af93069/datanode-1/data/ratis/f320938c-56dc-4f46-9404-d8d3b56dce1a/current/log_inprogress_0
2019-09-26 10:06:27,752 [3fdc1795-13a2-484d-a1b3-617bb4b52936@group-21CA7C0F6F9E:LeaderElection232] INFO  impl.LeaderElection (LeaderElection.java:askForVotes(182)) - 3fdc1795-13a2-484d-a1b3-617bb4b52936@group-21CA7C0F6F9E:LeaderElection232: begin an election at term 1 for -1: [3fdc1795-13a2-484d-a1b3-617bb4b52936:192.168.30.13:38491], old=null
2019-09-26 10:06:27,752 [3fdc1795-13a2-484d-a1b3-617bb4b52936@group-21CA7C0F6F9E:LeaderElection232] INFO  impl.RoleInfo (RoleInfo.java:shutdownLeaderElection(134)) - 3fdc1795-13a2-484d-a1b3-617bb4b52936: shutdown LeaderElection
2019-09-26 10:06:27,752 [3fdc1795-13a2-484d-a1b3-617bb4b52936@group-21CA7C0F6F9E:LeaderElection232] INFO  impl.RaftServerImpl (RaftServerImpl.java:setRole(174)) - 3fdc1795-13a2-484d-a1b3-617bb4b52936@group-21CA7C0F6F9E: changes role from CANDIDATE to LEADER at term 1 for changeToLeader
2019-09-26 10:06:27,752 [3fdc1795-13a2-484d-a1b3-617bb4b52936@group-21CA7C0F6F9E:LeaderElection232] INFO  impl.RaftServerImpl (ServerState.java:setLeader(253)) - 3fdc1795-13a2-484d-a1b3-617bb4b52936@group-21CA7C0F6F9E: change Leader from null to 3fdc1795-13a2-484d-a1b3-617bb4b52936 at term 1 for becomeLeader, leader elected after 5161ms
2019-09-26 10:06:27,753 [3fdc1795-13a2-484d-a1b3-617bb4b52936@group-21CA7C0F6F9E:LeaderElection232] INFO  server.RaftServerConfigKeys (ConfUtils.java:logGet(43)) - raft.server.staging.catchup.gap = 1000 (default)
2019-09-26 10:06:27,753 [3fdc1795-13a2-484d-a1b3-617bb4b52936@group-21CA7C0F6F9E:LeaderElection232] INFO  server.RaftServerConfigKeys (ConfUtils.java:logGet(43)) - raft.server.rpc.sleep.time = 25ms (default)
2019-09-26 10:06:27,753 [3fdc1795-13a2-484d-a1b3-617bb4b52936@group-21CA7C0F6F9E:LeaderElection232] INFO  server.RaftServerConfigKeys (ConfUtils.java:logGet(43)) - raft.server.write.element-limit = 4096 (default)
2019-09-26 10:06:27,753 [3fdc1795-13a2-484d-a1b3-617bb4b52936@group-21CA7C0F6F9E:LeaderElection232] INFO  server.RaftServerConfigKeys (ConfUtils.java:logGet(43)) - raft.server.watch.timeout = 10s (default)
2019-09-26 10:06:27,753 [3fdc1795-13a2-484d-a1b3-617bb4b52936@group-21CA7C0F6F9E:LeaderElection232] INFO  server.RaftServerConfigKeys (ConfUtils.java:logGet(43)) - raft.server.watch.timeout.denomination = 1s (default)
2019-09-26 10:06:27,753 [3fdc1795-13a2-484d-a1b3-617bb4b52936@group-21CA7C0F6F9E:LeaderElection232] INFO  server.RaftServerConfigKeys (ConfUtils.java:logGet(43)) - raft.server.watch.element-limit = 65536 (default)
2019-09-26 10:06:27,755 [3fdc1795-13a2-484d-a1b3-617bb4b52936@group-21CA7C0F6F9E:LeaderElection232] INFO  impl.RoleInfo (RoleInfo.java:updateAndGet(143)) - 3fdc1795-13a2-484d-a1b3-617bb4b52936: start LeaderState
2019-09-26 10:06:27,755 [3fdc1795-13a2-484d-a1b3-617bb4b52936@group-21CA7C0F6F9E:LeaderElection232] INFO  segmented.SegmentedRaftLogWorker (SegmentedRaftLogWorker.java:startLogSegment(380)) - 3fdc1795-13a2-484d-a1b3-617bb4b52936@group-21CA7C0F6F9E-SegmentedRaftLogWorker: Starting segment from index:0
2019-09-26 10:06:27,755 [3fdc1795-13a2-484d-a1b3-617bb4b52936@group-21CA7C0F6F9E:LeaderElection232] INFO  impl.RaftServerImpl (ServerState.java:setRaftConf(354)) - 3fdc1795-13a2-484d-a1b3-617bb4b52936@group-21CA7C0F6F9E: set configuration 0: [3fdc1795-13a2-484d-a1b3-617bb4b52936:192.168.30.13:38491], old=null at 0
2019-09-26 10:06:27,759 [Thread-3137] INFO  impl.FollowerState (FollowerState.java:run(106)) - 3fdc1795-13a2-484d-a1b3-617bb4b52936:group-5A9F0C104790 changes to CANDIDATE, lastRpcTime:5060, electionTimeout:5060ms
2019-09-26 10:06:27,759 [Thread-3137] INFO  impl.RoleInfo (RoleInfo.java:shutdownFollowerState(121)) - 3fdc1795-13a2-484d-a1b3-617bb4b52936: shutdown FollowerState
2019-09-26 10:06:27,759 [Thread-3137] INFO  impl.RaftServerImpl (RaftServerImpl.java:setRole(174)) - 3fdc1795-13a2-484d-a1b3-617bb4b52936@group-5A9F0C104790: changes role from  FOLLOWER to CANDIDATE at term 0 for changeToCandidate
2019-09-26 10:06:27,759 [Thread-3137] INFO  impl.RoleInfo (RoleInfo.java:updateAndGet(143)) - 3fdc1795-13a2-484d-a1b3-617bb4b52936: start LeaderElection
2019-09-26 10:06:27,795 [Thread-3134] INFO  impl.FollowerState (FollowerState.java:run(106)) - 3fdc1795-13a2-484d-a1b3-617bb4b52936:group-E9424C152F2C changes to CANDIDATE, lastRpcTime:5137, electionTimeout:5137ms
2019-09-26 10:06:27,795 [Thread-3134] INFO  impl.RoleInfo (RoleInfo.java:shutdownFollowerState(121)) - 3fdc1795-13a2-484d-a1b3-617bb4b52936: shutdown FollowerState
2019-09-26 10:06:27,795 [Thread-3134] INFO  impl.RaftServerImpl (RaftServerImpl.java:setRole(174)) - 3fdc1795-13a2-484d-a1b3-617bb4b52936@group-E9424C152F2C: changes role from  FOLLOWER to CANDIDATE at term 0 for changeToCandidate
2019-09-26 10:06:27,795 [Thread-3134] INFO  impl.RoleInfo (RoleInfo.java:updateAndGet(143)) - 3fdc1795-13a2-484d-a1b3-617bb4b52936: start LeaderElection
2019-09-26 10:06:27,807 [Thread-3140] INFO  impl.FollowerState (FollowerState.java:run(106)) - 4994e2c1-9eac-430d-be8a-cb30a727a84e:group-235DADF8ECB8 changes to CANDIDATE, lastRpcTime:5062, electionTimeout:5062ms
2019-09-26 10:06:27,807 [Thread-3140] INFO  impl.RoleInfo (RoleInfo.java:shutdownFollowerState(121)) - 4994e2c1-9eac-430d-be8a-cb30a727a84e: shutdown FollowerState
2019-09-26 10:06:27,807 [Thread-3140] INFO  impl.RaftServerImpl (RaftServerImpl.java:setRole(174)) - 4994e2c1-9eac-430d-be8a-cb30a727a84e@group-235DADF8ECB8: changes role from  FOLLOWER to CANDIDATE at term 0 for changeToCandidate
2019-09-26 10:06:27,807 [Thread-3140] INFO  impl.RoleInfo (RoleInfo.java:updateAndGet(143)) - 4994e2c1-9eac-430d-be8a-cb30a727a84e: start LeaderElection
2019-09-26 10:06:27,815 [3fdc1795-13a2-484d-a1b3-617bb4b52936@group-E9424C152F2C:LeaderElection234] INFO  impl.LeaderElection (LeaderElection.java:askForVotes(182)) - 3fdc1795-13a2-484d-a1b3-617bb4b52936@group-E9424C152F2C:LeaderElection234: begin an election at term 1 for -1: [3fdc1795-13a2-484d-a1b3-617bb4b52936:192.168.30.13:38491], old=null
2019-09-26 10:06:27,815 [3fdc1795-13a2-484d-a1b3-617bb4b52936@group-21CA7C0F6F9E-SegmentedRaftLogWorker] INFO  segmented.SegmentedRaftLogWorker (SegmentedRaftLogWorker.java:execute(569)) - 3fdc1795-13a2-484d-a1b3-617bb4b52936@group-21CA7C0F6F9E-SegmentedRaftLogWorker: created new log segment /workdir/hadoop-ozone/integration-test/target/test-dir/MiniOzoneClusterImpl-0a4d6173-89d3-45ab-a960-64e25af93069/datanode-1/data/ratis/bb41d00c-19f9-46a6-8309-21ca7c0f6f9e/current/log_inprogress_0
2019-09-26 10:06:27,815 [3fdc1795-13a2-484d-a1b3-617bb4b52936@group-E9424C152F2C:LeaderElection234] INFO  impl.RoleInfo (RoleInfo.java:shutdownLeaderElection(134)) - 3fdc1795-13a2-484d-a1b3-617bb4b52936: shutdown LeaderElection
2019-09-26 10:06:27,815 [3fdc1795-13a2-484d-a1b3-617bb4b52936@group-5A9F0C104790:LeaderElection233] INFO  impl.LeaderElection (LeaderElection.java:askForVotes(182)) - 3fdc1795-13a2-484d-a1b3-617bb4b52936@group-5A9F0C104790:LeaderElection233: begin an election at term 1 for -1: [3fdc1795-13a2-484d-a1b3-617bb4b52936:192.168.30.13:38491], old=null
2019-09-26 10:06:27,815 [3fdc1795-13a2-484d-a1b3-617bb4b52936@group-E9424C152F2C:LeaderElection234] INFO  impl.RaftServerImpl (RaftServerImpl.java:setRole(174)) - 3fdc1795-13a2-484d-a1b3-617bb4b52936@group-E9424C152F2C: changes role from CANDIDATE to LEADER at term 1 for changeToLeader
2019-09-26 10:06:27,815 [3fdc1795-13a2-484d-a1b3-617bb4b52936@group-5A9F0C104790:LeaderElection233] INFO  impl.RoleInfo (RoleInfo.java:shutdownLeaderElection(134)) - 3fdc1795-13a2-484d-a1b3-617bb4b52936: shutdown LeaderElection
2019-09-26 10:06:27,815 [3fdc1795-13a2-484d-a1b3-617bb4b52936@group-E9424C152F2C:LeaderElection234] INFO  impl.RaftServerImpl (ServerState.java:setLeader(253)) - 3fdc1795-13a2-484d-a1b3-617bb4b52936@group-E9424C152F2C: change Leader from null to 3fdc1795-13a2-484d-a1b3-617bb4b52936 at term 1 for becomeLeader, leader elected after 5162ms
2019-09-26 10:06:27,815 [3fdc1795-13a2-484d-a1b3-617bb4b52936@group-5A9F0C104790:LeaderElection233] INFO  impl.RaftServerImpl (RaftServerImpl.java:setRole(174)) - 3fdc1795-13a2-484d-a1b3-617bb4b52936@group-5A9F0C104790: changes role from CANDIDATE to LEADER at term 1 for changeToLeader
2019-09-26 10:06:27,815 [3fdc1795-13a2-484d-a1b3-617bb4b52936@group-E9424C152F2C:LeaderElection234] INFO  server.RaftServerConfigKeys (ConfUtils.java:logGet(43)) - raft.server.staging.catchup.gap = 1000 (default)
2019-09-26 10:06:27,815 [3fdc1795-13a2-484d-a1b3-617bb4b52936@group-5A9F0C104790:LeaderElection233] INFO  impl.RaftServerImpl (ServerState.java:setLeader(253)) - 3fdc1795-13a2-484d-a1b3-617bb4b52936@group-5A9F0C104790: change Leader from null to 3fdc1795-13a2-484d-a1b3-617bb4b52936 at term 1 for becomeLeader, leader elected after 5124ms
2019-09-26 10:06:27,816 [3fdc1795-13a2-484d-a1b3-617bb4b52936@group-E9424C152F2C:LeaderElection234] INFO  server.RaftServerConfigKeys (ConfUtils.java:logGet(43)) - raft.server.rpc.sleep.time = 25ms (default)
2019-09-26 10:06:27,816 [3fdc1795-13a2-484d-a1b3-617bb4b52936@group-5A9F0C104790:LeaderElection233] INFO  server.RaftServerConfigKeys (ConfUtils.java:logGet(43)) - raft.server.staging.catchup.gap = 1000 (default)
2019-09-26 10:06:27,816 [3fdc1795-13a2-484d-a1b3-617bb4b52936@group-E9424C152F2C:LeaderElection234] INFO  server.RaftServerConfigKeys (ConfUtils.java:logGet(43)) - raft.server.write.element-limit = 4096 (default)
2019-09-26 10:06:27,816 [3fdc1795-13a2-484d-a1b3-617bb4b52936@group-5A9F0C104790:LeaderElection233] INFO  server.RaftServerConfigKeys (ConfUtils.java:logGet(43)) - raft.server.rpc.sleep.time = 25ms (default)
2019-09-26 10:06:27,816 [3fdc1795-13a2-484d-a1b3-617bb4b52936@group-E9424C152F2C:LeaderElection234] INFO  server.RaftServerConfigKeys (ConfUtils.java:logGet(43)) - raft.server.watch.timeout = 10s (default)
2019-09-26 10:06:27,816 [3fdc1795-13a2-484d-a1b3-617bb4b52936@group-5A9F0C104790:LeaderElection233] INFO  server.RaftServerConfigKeys (ConfUtils.java:logGet(43)) - raft.server.write.element-limit = 4096 (default)
2019-09-26 10:06:27,816 [3fdc1795-13a2-484d-a1b3-617bb4b52936@group-E9424C152F2C:LeaderElection234] INFO  server.RaftServerConfigKeys (ConfUtils.java:logGet(43)) - raft.server.watch.timeout.denomination = 1s (default)
2019-09-26 10:06:27,816 [3fdc1795-13a2-484d-a1b3-617bb4b52936@group-5A9F0C104790:LeaderElection233] INFO  server.RaftServerConfigKeys (ConfUtils.java:logGet(43)) - raft.server.watch.timeout = 10s (default)
2019-09-26 10:06:27,816 [3fdc1795-13a2-484d-a1b3-617bb4b52936@group-E9424C152F2C:LeaderElection234] INFO  server.RaftServerConfigKeys (ConfUtils.java:logGet(43)) - raft.server.watch.element-limit = 65536 (default)
2019-09-26 10:06:27,816 [3fdc1795-13a2-484d-a1b3-617bb4b52936@group-5A9F0C104790:LeaderElection233] INFO  server.RaftServerConfigKeys (ConfUtils.java:logGet(43)) - raft.server.watch.timeout.denomination = 1s (default)
2019-09-26 10:06:27,817 [3fdc1795-13a2-484d-a1b3-617bb4b52936@group-5A9F0C104790:LeaderElection233] INFO  server.RaftServerConfigKeys (ConfUtils.java:logGet(43)) - raft.server.watch.element-limit = 65536 (default)
2019-09-26 10:06:27,818 [3fdc1795-13a2-484d-a1b3-617bb4b52936@group-E9424C152F2C:LeaderElection234] INFO  impl.RoleInfo (RoleInfo.java:updateAndGet(143)) - 3fdc1795-13a2-484d-a1b3-617bb4b52936: start LeaderState
2019-09-26 10:06:27,818 [3fdc1795-13a2-484d-a1b3-617bb4b52936@group-E9424C152F2C:LeaderElection234] INFO  segmented.SegmentedRaftLogWorker (SegmentedRaftLogWorker.java:startLogSegment(380)) - 3fdc1795-13a2-484d-a1b3-617bb4b52936@group-E9424C152F2C-SegmentedRaftLogWorker: Starting segment from index:0
2019-09-26 10:06:27,819 [3fdc1795-13a2-484d-a1b3-617bb4b52936@group-5A9F0C104790:LeaderElection233] INFO  impl.RoleInfo (RoleInfo.java:updateAndGet(143)) - 3fdc1795-13a2-484d-a1b3-617bb4b52936: start LeaderState
2019-09-26 10:06:27,819 [3fdc1795-13a2-484d-a1b3-617bb4b52936@group-E9424C152F2C:LeaderElection234] INFO  impl.RaftServerImpl (ServerState.java:setRaftConf(354)) - 3fdc1795-13a2-484d-a1b3-617bb4b52936@group-E9424C152F2C: set configuration 0: [3fdc1795-13a2-484d-a1b3-617bb4b52936:192.168.30.13:38491], old=null at 0
2019-09-26 10:06:27,819 [3fdc1795-13a2-484d-a1b3-617bb4b52936@group-5A9F0C104790:LeaderElection233] INFO  segmented.SegmentedRaftLogWorker (SegmentedRaftLogWorker.java:startLogSegment(380)) - 3fdc1795-13a2-484d-a1b3-617bb4b52936@group-5A9F0C104790-SegmentedRaftLogWorker: Starting segment from index:0
2019-09-26 10:06:27,819 [3fdc1795-13a2-484d-a1b3-617bb4b52936@group-5A9F0C104790:LeaderElection233] INFO  impl.RaftServerImpl (ServerState.java:setRaftConf(354)) - 3fdc1795-13a2-484d-a1b3-617bb4b52936@group-5A9F0C104790: set configuration 0: [3fdc1795-13a2-484d-a1b3-617bb4b52936:192.168.30.13:38491], old=null at 0
2019-09-26 10:06:27,828 [4994e2c1-9eac-430d-be8a-cb30a727a84e@group-235DADF8ECB8:LeaderElection235] INFO  impl.LeaderElection (LeaderElection.java:askForVotes(182)) - 4994e2c1-9eac-430d-be8a-cb30a727a84e@group-235DADF8ECB8:LeaderElection235: begin an election at term 1 for -1: [4994e2c1-9eac-430d-be8a-cb30a727a84e:192.168.30.13:35200], old=null
2019-09-26 10:06:27,828 [4994e2c1-9eac-430d-be8a-cb30a727a84e@group-235DADF8ECB8:LeaderElection235] INFO  impl.RoleInfo (RoleInfo.java:shutdownLeaderElection(134)) - 4994e2c1-9eac-430d-be8a-cb30a727a84e: shutdown LeaderElection
2019-09-26 10:06:27,828 [4994e2c1-9eac-430d-be8a-cb30a727a84e@group-235DADF8ECB8:LeaderElection235] INFO  impl.RaftServerImpl (RaftServerImpl.java:setRole(174)) - 4994e2c1-9eac-430d-be8a-cb30a727a84e@group-235DADF8ECB8: changes role from CANDIDATE to LEADER at term 1 for changeToLeader
2019-09-26 10:06:27,828 [4994e2c1-9eac-430d-be8a-cb30a727a84e@group-235DADF8ECB8:LeaderElection235] INFO  impl.RaftServerImpl (ServerState.java:setLeader(253)) - 4994e2c1-9eac-430d-be8a-cb30a727a84e@group-235DADF8ECB8: change Leader from null to 4994e2c1-9eac-430d-be8a-cb30a727a84e at term 1 for becomeLeader, leader elected after 5088ms
2019-09-26 10:06:27,829 [4994e2c1-9eac-430d-be8a-cb30a727a84e@group-235DADF8ECB8:LeaderElection235] INFO  server.RaftServerConfigKeys (ConfUtils.java:logGet(43)) - raft.server.staging.catchup.gap = 1000 (default)
2019-09-26 10:06:27,829 [4994e2c1-9eac-430d-be8a-cb30a727a84e@group-235DADF8ECB8:LeaderElection235] INFO  server.RaftServerConfigKeys (ConfUtils.java:logGet(43)) - raft.server.rpc.sleep.time = 25ms (default)
2019-09-26 10:06:27,829 [4994e2c1-9eac-430d-be8a-cb30a727a84e@group-235DADF8ECB8:LeaderElection235] INFO  server.RaftServerConfigKeys (ConfUtils.java:logGet(43)) - raft.server.write.element-limit = 4096 (default)
2019-09-26 10:06:27,829 [4994e2c1-9eac-430d-be8a-cb30a727a84e@group-235DADF8ECB8:LeaderElection235] INFO  server.RaftServerConfigKeys (ConfUtils.java:logGet(43)) - raft.server.watch.timeout = 10s (default)
2019-09-26 10:06:27,829 [4994e2c1-9eac-430d-be8a-cb30a727a84e@group-235DADF8ECB8:LeaderElection235] INFO  server.RaftServerConfigKeys (ConfUtils.java:logGet(43)) - raft.server.watch.timeout.denomination = 1s (default)
2019-09-26 10:06:27,829 [4994e2c1-9eac-430d-be8a-cb30a727a84e@group-235DADF8ECB8:LeaderElection235] INFO  server.RaftServerConfigKeys (ConfUtils.java:logGet(43)) - raft.server.watch.element-limit = 65536 (default)
2019-09-26 10:06:27,831 [4994e2c1-9eac-430d-be8a-cb30a727a84e@group-235DADF8ECB8:LeaderElection235] INFO  impl.RoleInfo (RoleInfo.java:updateAndGet(143)) - 4994e2c1-9eac-430d-be8a-cb30a727a84e: start LeaderState
2019-09-26 10:06:27,831 [4994e2c1-9eac-430d-be8a-cb30a727a84e@group-235DADF8ECB8:LeaderElection235] INFO  segmented.SegmentedRaftLogWorker (SegmentedRaftLogWorker.java:startLogSegment(380)) - 4994e2c1-9eac-430d-be8a-cb30a727a84e@group-235DADF8ECB8-SegmentedRaftLogWorker: Starting segment from index:0
2019-09-26 10:06:27,831 [4994e2c1-9eac-430d-be8a-cb30a727a84e@group-235DADF8ECB8:LeaderElection235] INFO  impl.RaftServerImpl (ServerState.java:setRaftConf(354)) - 4994e2c1-9eac-430d-be8a-cb30a727a84e@group-235DADF8ECB8: set configuration 0: [4994e2c1-9eac-430d-be8a-cb30a727a84e:192.168.30.13:35200], old=null at 0
2019-09-26 10:06:27,884 [3fdc1795-13a2-484d-a1b3-617bb4b52936@group-5A9F0C104790-SegmentedRaftLogWorker] INFO  segmented.SegmentedRaftLogWorker (SegmentedRaftLogWorker.java:execute(569)) - 3fdc1795-13a2-484d-a1b3-617bb4b52936@group-5A9F0C104790-SegmentedRaftLogWorker: created new log segment /workdir/hadoop-ozone/integration-test/target/test-dir/MiniOzoneClusterImpl-0a4d6173-89d3-45ab-a960-64e25af93069/datanode-1/data/ratis/4439a273-abaa-4f29-acb8-5a9f0c104790/current/log_inprogress_0
2019-09-26 10:06:27,884 [4994e2c1-9eac-430d-be8a-cb30a727a84e@group-235DADF8ECB8-SegmentedRaftLogWorker] INFO  segmented.SegmentedRaftLogWorker (SegmentedRaftLogWorker.java:execute(569)) - 4994e2c1-9eac-430d-be8a-cb30a727a84e@group-235DADF8ECB8-SegmentedRaftLogWorker: created new log segment /workdir/hadoop-ozone/integration-test/target/test-dir/MiniOzoneClusterImpl-0a4d6173-89d3-45ab-a960-64e25af93069/datanode-4/data/ratis/6efc2d48-5ed2-40dc-b3a8-235dadf8ecb8/current/log_inprogress_0
2019-09-26 10:06:27,884 [3fdc1795-13a2-484d-a1b3-617bb4b52936@group-E9424C152F2C-SegmentedRaftLogWorker] INFO  segmented.SegmentedRaftLogWorker (SegmentedRaftLogWorker.java:execute(569)) - 3fdc1795-13a2-484d-a1b3-617bb4b52936@group-E9424C152F2C-SegmentedRaftLogWorker: created new log segment /workdir/hadoop-ozone/integration-test/target/test-dir/MiniOzoneClusterImpl-0a4d6173-89d3-45ab-a960-64e25af93069/datanode-1/data/ratis/f54c939b-2386-4493-9f2d-e9424c152f2c/current/log_inprogress_0
2019-09-26 10:06:27,927 [Thread-3143] INFO  impl.FollowerState (FollowerState.java:run(106)) - 445ae746-534e-4611-8a14-965c0672a28b:group-F9CF476A663B changes to CANDIDATE, lastRpcTime:5127, electionTimeout:5127ms
2019-09-26 10:06:27,927 [Thread-3143] INFO  impl.RoleInfo (RoleInfo.java:shutdownFollowerState(121)) - 445ae746-534e-4611-8a14-965c0672a28b: shutdown FollowerState
2019-09-26 10:06:27,928 [Thread-3143] INFO  impl.RaftServerImpl (RaftServerImpl.java:setRole(174)) - 445ae746-534e-4611-8a14-965c0672a28b@group-F9CF476A663B: changes role from  FOLLOWER to CANDIDATE at term 0 for changeToCandidate
2019-09-26 10:06:27,928 [Thread-3143] INFO  impl.RoleInfo (RoleInfo.java:updateAndGet(143)) - 445ae746-534e-4611-8a14-965c0672a28b: start LeaderElection
2019-09-26 10:06:27,947 [445ae746-534e-4611-8a14-965c0672a28b@group-F9CF476A663B:LeaderElection236] INFO  impl.LeaderElection (LeaderElection.java:askForVotes(182)) - 445ae746-534e-4611-8a14-965c0672a28b@group-F9CF476A663B:LeaderElection236: begin an election at term 1 for -1: [445ae746-534e-4611-8a14-965c0672a28b:192.168.30.13:35533], old=null
2019-09-26 10:06:27,947 [445ae746-534e-4611-8a14-965c0672a28b@group-F9CF476A663B:LeaderElection236] INFO  impl.RoleInfo (RoleInfo.java:shutdownLeaderElection(134)) - 445ae746-534e-4611-8a14-965c0672a28b: shutdown LeaderElection
2019-09-26 10:06:27,947 [445ae746-534e-4611-8a14-965c0672a28b@group-F9CF476A663B:LeaderElection236] INFO  impl.RaftServerImpl (RaftServerImpl.java:setRole(174)) - 445ae746-534e-4611-8a14-965c0672a28b@group-F9CF476A663B: changes role from CANDIDATE to LEADER at term 1 for changeToLeader
2019-09-26 10:06:27,948 [445ae746-534e-4611-8a14-965c0672a28b@group-F9CF476A663B:LeaderElection236] INFO  impl.RaftServerImpl (ServerState.java:setLeader(253)) - 445ae746-534e-4611-8a14-965c0672a28b@group-F9CF476A663B: change Leader from null to 445ae746-534e-4611-8a14-965c0672a28b at term 1 for becomeLeader, leader elected after 5156ms
2019-09-26 10:06:27,948 [445ae746-534e-4611-8a14-965c0672a28b@group-F9CF476A663B:LeaderElection236] INFO  server.RaftServerConfigKeys (ConfUtils.java:logGet(43)) - raft.server.staging.catchup.gap = 1000 (default)
2019-09-26 10:06:27,948 [445ae746-534e-4611-8a14-965c0672a28b@group-F9CF476A663B:LeaderElection236] INFO  server.RaftServerConfigKeys (ConfUtils.java:logGet(43)) - raft.server.rpc.sleep.time = 25ms (default)
2019-09-26 10:06:27,948 [445ae746-534e-4611-8a14-965c0672a28b@group-F9CF476A663B:LeaderElection236] INFO  server.RaftServerConfigKeys (ConfUtils.java:logGet(43)) - raft.server.write.element-limit = 4096 (default)
2019-09-26 10:06:27,948 [445ae746-534e-4611-8a14-965c0672a28b@group-F9CF476A663B:LeaderElection236] INFO  server.RaftServerConfigKeys (ConfUtils.java:logGet(43)) - raft.server.watch.timeout = 10s (default)
2019-09-26 10:06:27,948 [445ae746-534e-4611-8a14-965c0672a28b@group-F9CF476A663B:LeaderElection236] INFO  server.RaftServerConfigKeys (ConfUtils.java:logGet(43)) - raft.server.watch.timeout.denomination = 1s (default)
2019-09-26 10:06:27,949 [445ae746-534e-4611-8a14-965c0672a28b@group-F9CF476A663B:LeaderElection236] INFO  server.RaftServerConfigKeys (ConfUtils.java:logGet(43)) - raft.server.watch.element-limit = 65536 (default)
2019-09-26 10:06:27,950 [445ae746-534e-4611-8a14-965c0672a28b@group-F9CF476A663B:LeaderElection236] INFO  impl.RoleInfo (RoleInfo.java:updateAndGet(143)) - 445ae746-534e-4611-8a14-965c0672a28b: start LeaderState
2019-09-26 10:06:27,950 [445ae746-534e-4611-8a14-965c0672a28b@group-F9CF476A663B:LeaderElection236] INFO  segmented.SegmentedRaftLogWorker (SegmentedRaftLogWorker.java:startLogSegment(380)) - 445ae746-534e-4611-8a14-965c0672a28b@group-F9CF476A663B-SegmentedRaftLogWorker: Starting segment from index:0
2019-09-26 10:06:27,951 [445ae746-534e-4611-8a14-965c0672a28b@group-F9CF476A663B:LeaderElection236] INFO  impl.RaftServerImpl (ServerState.java:setRaftConf(354)) - 445ae746-534e-4611-8a14-965c0672a28b@group-F9CF476A663B: set configuration 0: [445ae746-534e-4611-8a14-965c0672a28b:192.168.30.13:35533], old=null at 0
2019-09-26 10:06:27,972 [Thread-3152] INFO  impl.FollowerState (FollowerState.java:run(106)) - af49d7a1-7bac-4fb8-a68b-38a7dab2a9f5:group-DE5EFA8461BE changes to CANDIDATE, lastRpcTime:5043, electionTimeout:5043ms
2019-09-26 10:06:27,973 [Thread-3152] INFO  impl.RoleInfo (RoleInfo.java:shutdownFollowerState(121)) - af49d7a1-7bac-4fb8-a68b-38a7dab2a9f5: shutdown FollowerState
2019-09-26 10:06:27,973 [Thread-3152] INFO  impl.RaftServerImpl (RaftServerImpl.java:setRole(174)) - af49d7a1-7bac-4fb8-a68b-38a7dab2a9f5@group-DE5EFA8461BE: changes role from  FOLLOWER to CANDIDATE at term 0 for changeToCandidate
2019-09-26 10:06:27,973 [Thread-3152] INFO  impl.RoleInfo (RoleInfo.java:updateAndGet(143)) - af49d7a1-7bac-4fb8-a68b-38a7dab2a9f5: start LeaderElection
2019-09-26 10:06:28,002 [445ae746-534e-4611-8a14-965c0672a28b@group-F9CF476A663B-SegmentedRaftLogWorker] INFO  segmented.SegmentedRaftLogWorker (SegmentedRaftLogWorker.java:execute(569)) - 445ae746-534e-4611-8a14-965c0672a28b@group-F9CF476A663B-SegmentedRaftLogWorker: created new log segment /workdir/hadoop-ozone/integration-test/target/test-dir/MiniOzoneClusterImpl-0a4d6173-89d3-45ab-a960-64e25af93069/datanode-6/data/ratis/29baa857-25d3-43cd-8031-f9cf476a663b/current/log_inprogress_0
2019-09-26 10:06:28,002 [af49d7a1-7bac-4fb8-a68b-38a7dab2a9f5@group-DE5EFA8461BE:LeaderElection237] INFO  impl.LeaderElection (LeaderElection.java:askForVotes(182)) - af49d7a1-7bac-4fb8-a68b-38a7dab2a9f5@group-DE5EFA8461BE:LeaderElection237: begin an election at term 1 for -1: [af49d7a1-7bac-4fb8-a68b-38a7dab2a9f5:192.168.30.13:41624], old=null
2019-09-26 10:06:28,002 [af49d7a1-7bac-4fb8-a68b-38a7dab2a9f5@group-DE5EFA8461BE:LeaderElection237] INFO  impl.RoleInfo (RoleInfo.java:shutdownLeaderElection(134)) - af49d7a1-7bac-4fb8-a68b-38a7dab2a9f5: shutdown LeaderElection
2019-09-26 10:06:28,002 [af49d7a1-7bac-4fb8-a68b-38a7dab2a9f5@group-DE5EFA8461BE:LeaderElection237] INFO  impl.RaftServerImpl (RaftServerImpl.java:setRole(174)) - af49d7a1-7bac-4fb8-a68b-38a7dab2a9f5@group-DE5EFA8461BE: changes role from CANDIDATE to LEADER at term 1 for changeToLeader
2019-09-26 10:06:28,003 [af49d7a1-7bac-4fb8-a68b-38a7dab2a9f5@group-DE5EFA8461BE:LeaderElection237] INFO  impl.RaftServerImpl (ServerState.java:setLeader(253)) - af49d7a1-7bac-4fb8-a68b-38a7dab2a9f5@group-DE5EFA8461BE: change Leader from null to af49d7a1-7bac-4fb8-a68b-38a7dab2a9f5 at term 1 for becomeLeader, leader elected after 5079ms
2019-09-26 10:06:28,003 [af49d7a1-7bac-4fb8-a68b-38a7dab2a9f5@group-DE5EFA8461BE:LeaderElection237] INFO  server.RaftServerConfigKeys (ConfUtils.java:logGet(43)) - raft.server.staging.catchup.gap = 1000 (default)
2019-09-26 10:06:28,003 [af49d7a1-7bac-4fb8-a68b-38a7dab2a9f5@group-DE5EFA8461BE:LeaderElection237] INFO  server.RaftServerConfigKeys (ConfUtils.java:logGet(43)) - raft.server.rpc.sleep.time = 25ms (default)
2019-09-26 10:06:28,003 [af49d7a1-7bac-4fb8-a68b-38a7dab2a9f5@group-DE5EFA8461BE:LeaderElection237] INFO  server.RaftServerConfigKeys (ConfUtils.java:logGet(43)) - raft.server.write.element-limit = 4096 (default)
2019-09-26 10:06:28,003 [af49d7a1-7bac-4fb8-a68b-38a7dab2a9f5@group-DE5EFA8461BE:LeaderElection237] INFO  server.RaftServerConfigKeys (ConfUtils.java:logGet(43)) - raft.server.watch.timeout = 10s (default)
2019-09-26 10:06:28,003 [af49d7a1-7bac-4fb8-a68b-38a7dab2a9f5@group-DE5EFA8461BE:LeaderElection237] INFO  server.RaftServerConfigKeys (ConfUtils.java:logGet(43)) - raft.server.watch.timeout.denomination = 1s (default)
2019-09-26 10:06:28,003 [af49d7a1-7bac-4fb8-a68b-38a7dab2a9f5@group-DE5EFA8461BE:LeaderElection237] INFO  server.RaftServerConfigKeys (ConfUtils.java:logGet(43)) - raft.server.watch.element-limit = 65536 (default)
2019-09-26 10:06:28,005 [af49d7a1-7bac-4fb8-a68b-38a7dab2a9f5@group-DE5EFA8461BE:LeaderElection237] INFO  impl.RoleInfo (RoleInfo.java:updateAndGet(143)) - af49d7a1-7bac-4fb8-a68b-38a7dab2a9f5: start LeaderState
2019-09-26 10:06:28,005 [af49d7a1-7bac-4fb8-a68b-38a7dab2a9f5@group-DE5EFA8461BE:LeaderElection237] INFO  segmented.SegmentedRaftLogWorker (SegmentedRaftLogWorker.java:startLogSegment(380)) - af49d7a1-7bac-4fb8-a68b-38a7dab2a9f5@group-DE5EFA8461BE-SegmentedRaftLogWorker: Starting segment from index:0
2019-09-26 10:06:28,006 [af49d7a1-7bac-4fb8-a68b-38a7dab2a9f5@group-DE5EFA8461BE:LeaderElection237] INFO  impl.RaftServerImpl (ServerState.java:setRaftConf(354)) - af49d7a1-7bac-4fb8-a68b-38a7dab2a9f5@group-DE5EFA8461BE: set configuration 0: [af49d7a1-7bac-4fb8-a68b-38a7dab2a9f5:192.168.30.13:41624], old=null at 0
2019-09-26 10:06:28,020 [Thread-3149] INFO  impl.FollowerState (FollowerState.java:run(106)) - af49d7a1-7bac-4fb8-a68b-38a7dab2a9f5:group-5AB571B74D1D changes to CANDIDATE, lastRpcTime:5131, electionTimeout:5131ms
2019-09-26 10:06:28,020 [Thread-3149] INFO  impl.RoleInfo (RoleInfo.java:shutdownFollowerState(121)) - af49d7a1-7bac-4fb8-a68b-38a7dab2a9f5: shutdown FollowerState
2019-09-26 10:06:28,020 [Thread-3149] INFO  impl.RaftServerImpl (RaftServerImpl.java:setRole(174)) - af49d7a1-7bac-4fb8-a68b-38a7dab2a9f5@group-5AB571B74D1D: changes role from  FOLLOWER to CANDIDATE at term 0 for changeToCandidate
2019-09-26 10:06:28,020 [Thread-3149] INFO  impl.RoleInfo (RoleInfo.java:updateAndGet(143)) - af49d7a1-7bac-4fb8-a68b-38a7dab2a9f5: start LeaderElection
2019-09-26 10:06:28,044 [Thread-3155] INFO  impl.FollowerState (FollowerState.java:run(106)) - 70c8131f-7846-4be9-9772-9c08fe1e82d9:group-E80900959E82 changes to CANDIDATE, lastRpcTime:5073, electionTimeout:5060ms
2019-09-26 10:06:28,044 [Thread-3146] INFO  impl.FollowerState (FollowerState.java:run(106)) - af49d7a1-7bac-4fb8-a68b-38a7dab2a9f5:group-1C9B28F1F628 changes to CANDIDATE, lastRpcTime:5204, electionTimeout:5186ms
2019-09-26 10:06:28,044 [Thread-3155] INFO  impl.RoleInfo (RoleInfo.java:shutdownFollowerState(121)) - 70c8131f-7846-4be9-9772-9c08fe1e82d9: shutdown FollowerState
2019-09-26 10:06:28,044 [Thread-3146] INFO  impl.RoleInfo (RoleInfo.java:shutdownFollowerState(121)) - af49d7a1-7bac-4fb8-a68b-38a7dab2a9f5: shutdown FollowerState
2019-09-26 10:06:28,044 [Thread-3155] INFO  impl.RaftServerImpl (RaftServerImpl.java:setRole(174)) - 70c8131f-7846-4be9-9772-9c08fe1e82d9@group-E80900959E82: changes role from  FOLLOWER to CANDIDATE at term 0 for changeToCandidate
2019-09-26 10:06:28,044 [Thread-3146] INFO  impl.RaftServerImpl (RaftServerImpl.java:setRole(174)) - af49d7a1-7bac-4fb8-a68b-38a7dab2a9f5@group-1C9B28F1F628: changes role from  FOLLOWER to CANDIDATE at term 0 for changeToCandidate
2019-09-26 10:06:28,044 [Thread-3155] INFO  impl.RoleInfo (RoleInfo.java:updateAndGet(143)) - 70c8131f-7846-4be9-9772-9c08fe1e82d9: start LeaderElection
2019-09-26 10:06:28,044 [Thread-3146] INFO  impl.RoleInfo (RoleInfo.java:updateAndGet(143)) - af49d7a1-7bac-4fb8-a68b-38a7dab2a9f5: start LeaderElection
2019-09-26 10:06:28,060 [af49d7a1-7bac-4fb8-a68b-38a7dab2a9f5@group-DE5EFA8461BE-SegmentedRaftLogWorker] INFO  segmented.SegmentedRaftLogWorker (SegmentedRaftLogWorker.java:execute(569)) - af49d7a1-7bac-4fb8-a68b-38a7dab2a9f5@group-DE5EFA8461BE-SegmentedRaftLogWorker: created new log segment /workdir/hadoop-ozone/integration-test/target/test-dir/MiniOzoneClusterImpl-0a4d6173-89d3-45ab-a960-64e25af93069/datanode-2/data/ratis/1adbdf0a-dff5-40de-bd29-de5efa8461be/current/log_inprogress_0
2019-09-26 10:06:28,060 [af49d7a1-7bac-4fb8-a68b-38a7dab2a9f5@group-5AB571B74D1D:LeaderElection238] INFO  impl.LeaderElection (LeaderElection.java:askForVotes(182)) - af49d7a1-7bac-4fb8-a68b-38a7dab2a9f5@group-5AB571B74D1D:LeaderElection238: begin an election at term 1 for -1: [af49d7a1-7bac-4fb8-a68b-38a7dab2a9f5:192.168.30.13:41624], old=null
2019-09-26 10:06:28,061 [af49d7a1-7bac-4fb8-a68b-38a7dab2a9f5@group-5AB571B74D1D:LeaderElection238] INFO  impl.RoleInfo (RoleInfo.java:shutdownLeaderElection(134)) - af49d7a1-7bac-4fb8-a68b-38a7dab2a9f5: shutdown LeaderElection
2019-09-26 10:06:28,061 [af49d7a1-7bac-4fb8-a68b-38a7dab2a9f5@group-5AB571B74D1D:LeaderElection238] INFO  impl.RaftServerImpl (RaftServerImpl.java:setRole(174)) - af49d7a1-7bac-4fb8-a68b-38a7dab2a9f5@group-5AB571B74D1D: changes role from CANDIDATE to LEADER at term 1 for changeToLeader
2019-09-26 10:06:28,061 [af49d7a1-7bac-4fb8-a68b-38a7dab2a9f5@group-5AB571B74D1D:LeaderElection238] INFO  impl.RaftServerImpl (ServerState.java:setLeader(253)) - af49d7a1-7bac-4fb8-a68b-38a7dab2a9f5@group-5AB571B74D1D: change Leader from null to af49d7a1-7bac-4fb8-a68b-38a7dab2a9f5 at term 1 for becomeLeader, leader elected after 5178ms
2019-09-26 10:06:28,061 [af49d7a1-7bac-4fb8-a68b-38a7dab2a9f5@group-5AB571B74D1D:LeaderElection238] INFO  server.RaftServerConfigKeys (ConfUtils.java:logGet(43)) - raft.server.staging.catchup.gap = 1000 (default)
2019-09-26 10:06:28,061 [af49d7a1-7bac-4fb8-a68b-38a7dab2a9f5@group-5AB571B74D1D:LeaderElection238] INFO  server.RaftServerConfigKeys (ConfUtils.java:logGet(43)) - raft.server.rpc.sleep.time = 25ms (default)
2019-09-26 10:06:28,061 [af49d7a1-7bac-4fb8-a68b-38a7dab2a9f5@group-5AB571B74D1D:LeaderElection238] INFO  server.RaftServerConfigKeys (ConfUtils.java:logGet(43)) - raft.server.write.element-limit = 4096 (default)
2019-09-26 10:06:28,062 [af49d7a1-7bac-4fb8-a68b-38a7dab2a9f5@group-5AB571B74D1D:LeaderElection238] INFO  server.RaftServerConfigKeys (ConfUtils.java:logGet(43)) - raft.server.watch.timeout = 10s (default)
2019-09-26 10:06:28,062 [af49d7a1-7bac-4fb8-a68b-38a7dab2a9f5@group-5AB571B74D1D:LeaderElection238] INFO  server.RaftServerConfigKeys (ConfUtils.java:logGet(43)) - raft.server.watch.timeout.denomination = 1s (default)
2019-09-26 10:06:28,062 [af49d7a1-7bac-4fb8-a68b-38a7dab2a9f5@group-5AB571B74D1D:LeaderElection238] INFO  server.RaftServerConfigKeys (ConfUtils.java:logGet(43)) - raft.server.watch.element-limit = 65536 (default)
2019-09-26 10:06:28,063 [af49d7a1-7bac-4fb8-a68b-38a7dab2a9f5@group-5AB571B74D1D:LeaderElection238] INFO  impl.RoleInfo (RoleInfo.java:updateAndGet(143)) - af49d7a1-7bac-4fb8-a68b-38a7dab2a9f5: start LeaderState
2019-09-26 10:06:28,064 [af49d7a1-7bac-4fb8-a68b-38a7dab2a9f5@group-5AB571B74D1D:LeaderElection238] INFO  segmented.SegmentedRaftLogWorker (SegmentedRaftLogWorker.java:startLogSegment(380)) - af49d7a1-7bac-4fb8-a68b-38a7dab2a9f5@group-5AB571B74D1D-SegmentedRaftLogWorker: Starting segment from index:0
2019-09-26 10:06:28,064 [af49d7a1-7bac-4fb8-a68b-38a7dab2a9f5@group-5AB571B74D1D:LeaderElection238] INFO  impl.RaftServerImpl (ServerState.java:setRaftConf(354)) - af49d7a1-7bac-4fb8-a68b-38a7dab2a9f5@group-5AB571B74D1D: set configuration 0: [af49d7a1-7bac-4fb8-a68b-38a7dab2a9f5:192.168.30.13:41624], old=null at 0
2019-09-26 10:06:28,074 [70c8131f-7846-4be9-9772-9c08fe1e82d9@group-E80900959E82:LeaderElection239] INFO  impl.LeaderElection (LeaderElection.java:askForVotes(182)) - 70c8131f-7846-4be9-9772-9c08fe1e82d9@group-E80900959E82:LeaderElection239: begin an election at term 1 for -1: [70c8131f-7846-4be9-9772-9c08fe1e82d9:192.168.30.13:43476], old=null
2019-09-26 10:06:28,074 [af49d7a1-7bac-4fb8-a68b-38a7dab2a9f5@group-1C9B28F1F628:LeaderElection240] INFO  impl.LeaderElection (LeaderElection.java:askForVotes(182)) - af49d7a1-7bac-4fb8-a68b-38a7dab2a9f5@group-1C9B28F1F628:LeaderElection240: begin an election at term 1 for -1: [af49d7a1-7bac-4fb8-a68b-38a7dab2a9f5:192.168.30.13:41624], old=null
2019-09-26 10:06:28,074 [70c8131f-7846-4be9-9772-9c08fe1e82d9@group-E80900959E82:LeaderElection239] INFO  impl.RoleInfo (RoleInfo.java:shutdownLeaderElection(134)) - 70c8131f-7846-4be9-9772-9c08fe1e82d9: shutdown LeaderElection
2019-09-26 10:06:28,074 [af49d7a1-7bac-4fb8-a68b-38a7dab2a9f5@group-1C9B28F1F628:LeaderElection240] INFO  impl.RoleInfo (RoleInfo.java:shutdownLeaderElection(134)) - af49d7a1-7bac-4fb8-a68b-38a7dab2a9f5: shutdown LeaderElection
2019-09-26 10:06:28,074 [70c8131f-7846-4be9-9772-9c08fe1e82d9@group-E80900959E82:LeaderElection239] INFO  impl.RaftServerImpl (RaftServerImpl.java:setRole(174)) - 70c8131f-7846-4be9-9772-9c08fe1e82d9@group-E80900959E82: changes role from CANDIDATE to LEADER at term 1 for changeToLeader
2019-09-26 10:06:28,074 [af49d7a1-7bac-4fb8-a68b-38a7dab2a9f5@group-1C9B28F1F628:LeaderElection240] INFO  impl.RaftServerImpl (RaftServerImpl.java:setRole(174)) - af49d7a1-7bac-4fb8-a68b-38a7dab2a9f5@group-1C9B28F1F628: changes role from CANDIDATE to LEADER at term 1 for changeToLeader
2019-09-26 10:06:28,074 [70c8131f-7846-4be9-9772-9c08fe1e82d9@group-E80900959E82:LeaderElection239] INFO  impl.RaftServerImpl (ServerState.java:setLeader(253)) - 70c8131f-7846-4be9-9772-9c08fe1e82d9@group-E80900959E82: change Leader from null to 70c8131f-7846-4be9-9772-9c08fe1e82d9 at term 1 for becomeLeader, leader elected after 5110ms
2019-09-26 10:06:28,075 [af49d7a1-7bac-4fb8-a68b-38a7dab2a9f5@group-1C9B28F1F628:LeaderElection240] INFO  impl.RaftServerImpl (ServerState.java:setLeader(253)) - af49d7a1-7bac-4fb8-a68b-38a7dab2a9f5@group-1C9B28F1F628: change Leader from null to af49d7a1-7bac-4fb8-a68b-38a7dab2a9f5 at term 1 for becomeLeader, leader elected after 5240ms
2019-09-26 10:06:28,075 [70c8131f-7846-4be9-9772-9c08fe1e82d9@group-E80900959E82:LeaderElection239] INFO  server.RaftServerConfigKeys (ConfUtils.java:logGet(43)) - raft.server.staging.catchup.gap = 1000 (default)
2019-09-26 10:06:28,075 [af49d7a1-7bac-4fb8-a68b-38a7dab2a9f5@group-1C9B28F1F628:LeaderElection240] INFO  server.RaftServerConfigKeys (ConfUtils.java:logGet(43)) - raft.server.staging.catchup.gap = 1000 (default)
2019-09-26 10:06:28,075 [70c8131f-7846-4be9-9772-9c08fe1e82d9@group-E80900959E82:LeaderElection239] INFO  server.RaftServerConfigKeys (ConfUtils.java:logGet(43)) - raft.server.rpc.sleep.time = 25ms (default)
2019-09-26 10:06:28,075 [af49d7a1-7bac-4fb8-a68b-38a7dab2a9f5@group-1C9B28F1F628:LeaderElection240] INFO  server.RaftServerConfigKeys (ConfUtils.java:logGet(43)) - raft.server.rpc.sleep.time = 25ms (default)
2019-09-26 10:06:28,075 [70c8131f-7846-4be9-9772-9c08fe1e82d9@group-E80900959E82:LeaderElection239] INFO  server.RaftServerConfigKeys (ConfUtils.java:logGet(43)) - raft.server.write.element-limit = 4096 (default)
2019-09-26 10:06:28,075 [af49d7a1-7bac-4fb8-a68b-38a7dab2a9f5@group-1C9B28F1F628:LeaderElection240] INFO  server.RaftServerConfigKeys (ConfUtils.java:logGet(43)) - raft.server.write.element-limit = 4096 (default)
2019-09-26 10:06:28,075 [70c8131f-7846-4be9-9772-9c08fe1e82d9@group-E80900959E82:LeaderElection239] INFO  server.RaftServerConfigKeys (ConfUtils.java:logGet(43)) - raft.server.watch.timeout = 10s (default)
2019-09-26 10:06:28,076 [af49d7a1-7bac-4fb8-a68b-38a7dab2a9f5@group-1C9B28F1F628:LeaderElection240] INFO  server.RaftServerConfigKeys (ConfUtils.java:logGet(43)) - raft.server.watch.timeout = 10s (default)
2019-09-26 10:06:28,076 [70c8131f-7846-4be9-9772-9c08fe1e82d9@group-E80900959E82:LeaderElection239] INFO  server.RaftServerConfigKeys (ConfUtils.java:logGet(43)) - raft.server.watch.timeout.denomination = 1s (default)
2019-09-26 10:06:28,076 [af49d7a1-7bac-4fb8-a68b-38a7dab2a9f5@group-1C9B28F1F628:LeaderElection240] INFO  server.RaftServerConfigKeys (ConfUtils.java:logGet(43)) - raft.server.watch.timeout.denomination = 1s (default)
2019-09-26 10:06:28,076 [70c8131f-7846-4be9-9772-9c08fe1e82d9@group-E80900959E82:LeaderElection239] INFO  server.RaftServerConfigKeys (ConfUtils.java:logGet(43)) - raft.server.watch.element-limit = 65536 (default)
2019-09-26 10:06:28,076 [af49d7a1-7bac-4fb8-a68b-38a7dab2a9f5@group-1C9B28F1F628:LeaderElection240] INFO  server.RaftServerConfigKeys (ConfUtils.java:logGet(43)) - raft.server.watch.element-limit = 65536 (default)
2019-09-26 10:06:28,078 [70c8131f-7846-4be9-9772-9c08fe1e82d9@group-E80900959E82:LeaderElection239] INFO  impl.RoleInfo (RoleInfo.java:updateAndGet(143)) - 70c8131f-7846-4be9-9772-9c08fe1e82d9: start LeaderState
2019-09-26 10:06:28,078 [af49d7a1-7bac-4fb8-a68b-38a7dab2a9f5@group-1C9B28F1F628:LeaderElection240] INFO  impl.RoleInfo (RoleInfo.java:updateAndGet(143)) - af49d7a1-7bac-4fb8-a68b-38a7dab2a9f5: start LeaderState
2019-09-26 10:06:28,078 [70c8131f-7846-4be9-9772-9c08fe1e82d9@group-E80900959E82:LeaderElection239] INFO  segmented.SegmentedRaftLogWorker (SegmentedRaftLogWorker.java:startLogSegment(380)) - 70c8131f-7846-4be9-9772-9c08fe1e82d9@group-E80900959E82-SegmentedRaftLogWorker: Starting segment from index:0
2019-09-26 10:06:28,079 [af49d7a1-7bac-4fb8-a68b-38a7dab2a9f5@group-1C9B28F1F628:LeaderElection240] INFO  segmented.SegmentedRaftLogWorker (SegmentedRaftLogWorker.java:startLogSegment(380)) - af49d7a1-7bac-4fb8-a68b-38a7dab2a9f5@group-1C9B28F1F628-SegmentedRaftLogWorker: Starting segment from index:0
2019-09-26 10:06:28,079 [70c8131f-7846-4be9-9772-9c08fe1e82d9@group-E80900959E82:LeaderElection239] INFO  impl.RaftServerImpl (ServerState.java:setRaftConf(354)) - 70c8131f-7846-4be9-9772-9c08fe1e82d9@group-E80900959E82: set configuration 0: [70c8131f-7846-4be9-9772-9c08fe1e82d9:192.168.30.13:43476], old=null at 0
2019-09-26 10:06:28,079 [af49d7a1-7bac-4fb8-a68b-38a7dab2a9f5@group-1C9B28F1F628:LeaderElection240] INFO  impl.RaftServerImpl (ServerState.java:setRaftConf(354)) - af49d7a1-7bac-4fb8-a68b-38a7dab2a9f5@group-1C9B28F1F628: set configuration 0: [af49d7a1-7bac-4fb8-a68b-38a7dab2a9f5:192.168.30.13:41624], old=null at 0
2019-09-26 10:06:28,089 [Thread-3158] INFO  impl.FollowerState (FollowerState.java:run(106)) - 70c8131f-7846-4be9-9772-9c08fe1e82d9:group-E12C186AEF17 changes to CANDIDATE, lastRpcTime:5080, electionTimeout:5080ms
2019-09-26 10:06:28,089 [Thread-3158] INFO  impl.RoleInfo (RoleInfo.java:shutdownFollowerState(121)) - 70c8131f-7846-4be9-9772-9c08fe1e82d9: shutdown FollowerState
2019-09-26 10:06:28,089 [Thread-3158] INFO  impl.RaftServerImpl (RaftServerImpl.java:setRole(174)) - 70c8131f-7846-4be9-9772-9c08fe1e82d9@group-E12C186AEF17: changes role from  FOLLOWER to CANDIDATE at term 0 for changeToCandidate
2019-09-26 10:06:28,089 [Thread-3158] INFO  impl.RoleInfo (RoleInfo.java:updateAndGet(143)) - 70c8131f-7846-4be9-9772-9c08fe1e82d9: start LeaderElection
2019-09-26 10:06:28,104 [af49d7a1-7bac-4fb8-a68b-38a7dab2a9f5@group-5AB571B74D1D-SegmentedRaftLogWorker] INFO  segmented.SegmentedRaftLogWorker (SegmentedRaftLogWorker.java:execute(569)) - af49d7a1-7bac-4fb8-a68b-38a7dab2a9f5@group-5AB571B74D1D-SegmentedRaftLogWorker: created new log segment /workdir/hadoop-ozone/integration-test/target/test-dir/MiniOzoneClusterImpl-0a4d6173-89d3-45ab-a960-64e25af93069/datanode-2/data/ratis/4406c8b0-13b0-4170-88c6-5ab571b74d1d/current/log_inprogress_0
2019-09-26 10:06:28,104 [70c8131f-7846-4be9-9772-9c08fe1e82d9@group-E12C186AEF17:LeaderElection241] INFO  impl.LeaderElection (LeaderElection.java:askForVotes(182)) - 70c8131f-7846-4be9-9772-9c08fe1e82d9@group-E12C186AEF17:LeaderElection241: begin an election at term 1 for -1: [70c8131f-7846-4be9-9772-9c08fe1e82d9:192.168.30.13:43476], old=null
2019-09-26 10:06:28,104 [70c8131f-7846-4be9-9772-9c08fe1e82d9@group-E12C186AEF17:LeaderElection241] INFO  impl.RoleInfo (RoleInfo.java:shutdownLeaderElection(134)) - 70c8131f-7846-4be9-9772-9c08fe1e82d9: shutdown LeaderElection
2019-09-26 10:06:28,104 [70c8131f-7846-4be9-9772-9c08fe1e82d9@group-E12C186AEF17:LeaderElection241] INFO  impl.RaftServerImpl (RaftServerImpl.java:setRole(174)) - 70c8131f-7846-4be9-9772-9c08fe1e82d9@group-E12C186AEF17: changes role from CANDIDATE to LEADER at term 1 for changeToLeader
2019-09-26 10:06:28,104 [70c8131f-7846-4be9-9772-9c08fe1e82d9@group-E12C186AEF17:LeaderElection241] INFO  impl.RaftServerImpl (ServerState.java:setLeader(253)) - 70c8131f-7846-4be9-9772-9c08fe1e82d9@group-E12C186AEF17: change Leader from null to 70c8131f-7846-4be9-9772-9c08fe1e82d9 at term 1 for becomeLeader, leader elected after 5100ms
2019-09-26 10:06:28,104 [70c8131f-7846-4be9-9772-9c08fe1e82d9@group-E12C186AEF17:LeaderElection241] INFO  server.RaftServerConfigKeys (ConfUtils.java:logGet(43)) - raft.server.staging.catchup.gap = 1000 (default)
2019-09-26 10:06:28,104 [70c8131f-7846-4be9-9772-9c08fe1e82d9@group-E12C186AEF17:LeaderElection241] INFO  server.RaftServerConfigKeys (ConfUtils.java:logGet(43)) - raft.server.rpc.sleep.time = 25ms (default)
2019-09-26 10:06:28,105 [70c8131f-7846-4be9-9772-9c08fe1e82d9@group-E12C186AEF17:LeaderElection241] INFO  server.RaftServerConfigKeys (ConfUtils.java:logGet(43)) - raft.server.write.element-limit = 4096 (default)
2019-09-26 10:06:28,105 [70c8131f-7846-4be9-9772-9c08fe1e82d9@group-E12C186AEF17:LeaderElection241] INFO  server.RaftServerConfigKeys (ConfUtils.java:logGet(43)) - raft.server.watch.timeout = 10s (default)
2019-09-26 10:06:28,105 [70c8131f-7846-4be9-9772-9c08fe1e82d9@group-E12C186AEF17:LeaderElection241] INFO  server.RaftServerConfigKeys (ConfUtils.java:logGet(43)) - raft.server.watch.timeout.denomination = 1s (default)
2019-09-26 10:06:28,105 [70c8131f-7846-4be9-9772-9c08fe1e82d9@group-E12C186AEF17:LeaderElection241] INFO  server.RaftServerConfigKeys (ConfUtils.java:logGet(43)) - raft.server.watch.element-limit = 65536 (default)
2019-09-26 10:06:28,106 [70c8131f-7846-4be9-9772-9c08fe1e82d9@group-E12C186AEF17:LeaderElection241] INFO  impl.RoleInfo (RoleInfo.java:updateAndGet(143)) - 70c8131f-7846-4be9-9772-9c08fe1e82d9: start LeaderState
2019-09-26 10:06:28,107 [70c8131f-7846-4be9-9772-9c08fe1e82d9@group-E12C186AEF17:LeaderElection241] INFO  segmented.SegmentedRaftLogWorker (SegmentedRaftLogWorker.java:startLogSegment(380)) - 70c8131f-7846-4be9-9772-9c08fe1e82d9@group-E12C186AEF17-SegmentedRaftLogWorker: Starting segment from index:0
2019-09-26 10:06:28,107 [70c8131f-7846-4be9-9772-9c08fe1e82d9@group-E12C186AEF17:LeaderElection241] INFO  impl.RaftServerImpl (ServerState.java:setRaftConf(354)) - 70c8131f-7846-4be9-9772-9c08fe1e82d9@group-E12C186AEF17: set configuration 0: [70c8131f-7846-4be9-9772-9c08fe1e82d9:192.168.30.13:43476], old=null at 0
2019-09-26 10:06:28,116 [70c8131f-7846-4be9-9772-9c08fe1e82d9@group-E80900959E82-SegmentedRaftLogWorker] INFO  segmented.SegmentedRaftLogWorker (SegmentedRaftLogWorker.java:execute(569)) - 70c8131f-7846-4be9-9772-9c08fe1e82d9@group-E80900959E82-SegmentedRaftLogWorker: created new log segment /workdir/hadoop-ozone/integration-test/target/test-dir/MiniOzoneClusterImpl-0a4d6173-89d3-45ab-a960-64e25af93069/datanode-3/data/ratis/37eb1504-a776-459f-9caa-e80900959e82/current/log_inprogress_0
2019-09-26 10:06:28,119 [af49d7a1-7bac-4fb8-a68b-38a7dab2a9f5@group-1C9B28F1F628-SegmentedRaftLogWorker] INFO  segmented.SegmentedRaftLogWorker (SegmentedRaftLogWorker.java:execute(569)) - af49d7a1-7bac-4fb8-a68b-38a7dab2a9f5@group-1C9B28F1F628-SegmentedRaftLogWorker: created new log segment /workdir/hadoop-ozone/integration-test/target/test-dir/MiniOzoneClusterImpl-0a4d6173-89d3-45ab-a960-64e25af93069/datanode-2/data/ratis/e44c9983-7824-41ef-a4ae-1c9b28f1f628/current/log_inprogress_0
2019-09-26 10:06:28,145 [70c8131f-7846-4be9-9772-9c08fe1e82d9@group-E12C186AEF17-SegmentedRaftLogWorker] INFO  segmented.SegmentedRaftLogWorker (SegmentedRaftLogWorker.java:execute(569)) - 70c8131f-7846-4be9-9772-9c08fe1e82d9@group-E12C186AEF17-SegmentedRaftLogWorker: created new log segment /workdir/hadoop-ozone/integration-test/target/test-dir/MiniOzoneClusterImpl-0a4d6173-89d3-45ab-a960-64e25af93069/datanode-3/data/ratis/50f03e39-c429-45c0-aed1-e12c186aef17/current/log_inprogress_0
2019-09-26 10:06:28,196 [Thread-3161] INFO  impl.FollowerState (FollowerState.java:run(106)) - cf63bf87-7688-4ba8-af45-4d7c49885422:group-AC5B73179C6E changes to CANDIDATE, lastRpcTime:5132, electionTimeout:5132ms
2019-09-26 10:06:28,197 [Thread-3161] INFO  impl.RoleInfo (RoleInfo.java:shutdownFollowerState(121)) - cf63bf87-7688-4ba8-af45-4d7c49885422: shutdown FollowerState
2019-09-26 10:06:28,197 [Thread-3161] INFO  impl.RaftServerImpl (RaftServerImpl.java:setRole(174)) - cf63bf87-7688-4ba8-af45-4d7c49885422@group-AC5B73179C6E: changes role from  FOLLOWER to CANDIDATE at term 0 for changeToCandidate
2019-09-26 10:06:28,197 [Thread-3161] INFO  impl.RoleInfo (RoleInfo.java:updateAndGet(143)) - cf63bf87-7688-4ba8-af45-4d7c49885422: start LeaderElection
2019-09-26 10:06:28,202 [Thread-3164] INFO  impl.FollowerState (FollowerState.java:run(106)) - 70c8131f-7846-4be9-9772-9c08fe1e82d9:group-ED96EDB64F62 changes to CANDIDATE, lastRpcTime:5091, electionTimeout:5091ms
2019-09-26 10:06:28,202 [Thread-3164] INFO  impl.RoleInfo (RoleInfo.java:shutdownFollowerState(121)) - 70c8131f-7846-4be9-9772-9c08fe1e82d9: shutdown FollowerState
2019-09-26 10:06:28,202 [Thread-3164] INFO  impl.RaftServerImpl (RaftServerImpl.java:setRole(174)) - 70c8131f-7846-4be9-9772-9c08fe1e82d9@group-ED96EDB64F62: changes role from  FOLLOWER to CANDIDATE at term 0 for changeToCandidate
2019-09-26 10:06:28,203 [Thread-3164] INFO  impl.RoleInfo (RoleInfo.java:updateAndGet(143)) - 70c8131f-7846-4be9-9772-9c08fe1e82d9: start LeaderElection
2019-09-26 10:06:28,212 [cf63bf87-7688-4ba8-af45-4d7c49885422@group-AC5B73179C6E:LeaderElection242] INFO  impl.LeaderElection (LeaderElection.java:askForVotes(182)) - cf63bf87-7688-4ba8-af45-4d7c49885422@group-AC5B73179C6E:LeaderElection242: begin an election at term 1 for -1: [cf63bf87-7688-4ba8-af45-4d7c49885422:192.168.30.13:43103], old=null
2019-09-26 10:06:28,212 [70c8131f-7846-4be9-9772-9c08fe1e82d9@group-ED96EDB64F62:LeaderElection243] INFO  impl.LeaderElection (LeaderElection.java:askForVotes(182)) - 70c8131f-7846-4be9-9772-9c08fe1e82d9@group-ED96EDB64F62:LeaderElection243: begin an election at term 1 for -1: [70c8131f-7846-4be9-9772-9c08fe1e82d9:192.168.30.13:43476], old=null
2019-09-26 10:06:28,212 [cf63bf87-7688-4ba8-af45-4d7c49885422@group-AC5B73179C6E:LeaderElection242] INFO  impl.RoleInfo (RoleInfo.java:shutdownLeaderElection(134)) - cf63bf87-7688-4ba8-af45-4d7c49885422: shutdown LeaderElection
2019-09-26 10:06:28,212 [70c8131f-7846-4be9-9772-9c08fe1e82d9@group-ED96EDB64F62:LeaderElection243] INFO  impl.RoleInfo (RoleInfo.java:shutdownLeaderElection(134)) - 70c8131f-7846-4be9-9772-9c08fe1e82d9: shutdown LeaderElection
2019-09-26 10:06:28,212 [cf63bf87-7688-4ba8-af45-4d7c49885422@group-AC5B73179C6E:LeaderElection242] INFO  impl.RaftServerImpl (RaftServerImpl.java:setRole(174)) - cf63bf87-7688-4ba8-af45-4d7c49885422@group-AC5B73179C6E: changes role from CANDIDATE to LEADER at term 1 for changeToLeader
2019-09-26 10:06:28,212 [70c8131f-7846-4be9-9772-9c08fe1e82d9@group-ED96EDB64F62:LeaderElection243] INFO  impl.RaftServerImpl (RaftServerImpl.java:setRole(174)) - 70c8131f-7846-4be9-9772-9c08fe1e82d9@group-ED96EDB64F62: changes role from CANDIDATE to LEADER at term 1 for changeToLeader
2019-09-26 10:06:28,212 [cf63bf87-7688-4ba8-af45-4d7c49885422@group-AC5B73179C6E:LeaderElection242] INFO  impl.RaftServerImpl (ServerState.java:setLeader(253)) - cf63bf87-7688-4ba8-af45-4d7c49885422@group-AC5B73179C6E: change Leader from null to cf63bf87-7688-4ba8-af45-4d7c49885422 at term 1 for becomeLeader, leader elected after 5154ms
2019-09-26 10:06:28,212 [70c8131f-7846-4be9-9772-9c08fe1e82d9@group-ED96EDB64F62:LeaderElection243] INFO  impl.RaftServerImpl (ServerState.java:setLeader(253)) - 70c8131f-7846-4be9-9772-9c08fe1e82d9@group-ED96EDB64F62: change Leader from null to 70c8131f-7846-4be9-9772-9c08fe1e82d9 at term 1 for becomeLeader, leader elected after 5105ms
2019-09-26 10:06:28,212 [cf63bf87-7688-4ba8-af45-4d7c49885422@group-AC5B73179C6E:LeaderElection242] INFO  server.RaftServerConfigKeys (ConfUtils.java:logGet(43)) - raft.server.staging.catchup.gap = 1000 (default)
2019-09-26 10:06:28,212 [70c8131f-7846-4be9-9772-9c08fe1e82d9@group-ED96EDB64F62:LeaderElection243] INFO  server.RaftServerConfigKeys (ConfUtils.java:logGet(43)) - raft.server.staging.catchup.gap = 1000 (default)
2019-09-26 10:06:28,212 [cf63bf87-7688-4ba8-af45-4d7c49885422@group-AC5B73179C6E:LeaderElection242] INFO  server.RaftServerConfigKeys (ConfUtils.java:logGet(43)) - raft.server.rpc.sleep.time = 25ms (default)
2019-09-26 10:06:28,213 [70c8131f-7846-4be9-9772-9c08fe1e82d9@group-ED96EDB64F62:LeaderElection243] INFO  server.RaftServerConfigKeys (ConfUtils.java:logGet(43)) - raft.server.rpc.sleep.time = 25ms (default)
2019-09-26 10:06:28,213 [cf63bf87-7688-4ba8-af45-4d7c49885422@group-AC5B73179C6E:LeaderElection242] INFO  server.RaftServerConfigKeys (ConfUtils.java:logGet(43)) - raft.server.write.element-limit = 4096 (default)
2019-09-26 10:06:28,213 [70c8131f-7846-4be9-9772-9c08fe1e82d9@group-ED96EDB64F62:LeaderElection243] INFO  server.RaftServerConfigKeys (ConfUtils.java:logGet(43)) - raft.server.write.element-limit = 4096 (default)
2019-09-26 10:06:28,213 [cf63bf87-7688-4ba8-af45-4d7c49885422@group-AC5B73179C6E:LeaderElection242] INFO  server.RaftServerConfigKeys (ConfUtils.java:logGet(43)) - raft.server.watch.timeout = 10s (default)
2019-09-26 10:06:28,213 [70c8131f-7846-4be9-9772-9c08fe1e82d9@group-ED96EDB64F62:LeaderElection243] INFO  server.RaftServerConfigKeys (ConfUtils.java:logGet(43)) - raft.server.watch.timeout = 10s (default)
2019-09-26 10:06:28,213 [cf63bf87-7688-4ba8-af45-4d7c49885422@group-AC5B73179C6E:LeaderElection242] INFO  server.RaftServerConfigKeys (ConfUtils.java:logGet(43)) - raft.server.watch.timeout.denomination = 1s (default)
2019-09-26 10:06:28,213 [70c8131f-7846-4be9-9772-9c08fe1e82d9@group-ED96EDB64F62:LeaderElection243] INFO  server.RaftServerConfigKeys (ConfUtils.java:logGet(43)) - raft.server.watch.timeout.denomination = 1s (default)
2019-09-26 10:06:28,213 [cf63bf87-7688-4ba8-af45-4d7c49885422@group-AC5B73179C6E:LeaderElection242] INFO  server.RaftServerConfigKeys (ConfUtils.java:logGet(43)) - raft.server.watch.element-limit = 65536 (default)
2019-09-26 10:06:28,213 [70c8131f-7846-4be9-9772-9c08fe1e82d9@group-ED96EDB64F62:LeaderElection243] INFO  server.RaftServerConfigKeys (ConfUtils.java:logGet(43)) - raft.server.watch.element-limit = 65536 (default)
2019-09-26 10:06:28,215 [cf63bf87-7688-4ba8-af45-4d7c49885422@group-AC5B73179C6E:LeaderElection242] INFO  impl.RoleInfo (RoleInfo.java:updateAndGet(143)) - cf63bf87-7688-4ba8-af45-4d7c49885422: start LeaderState
2019-09-26 10:06:28,215 [cf63bf87-7688-4ba8-af45-4d7c49885422@group-AC5B73179C6E:LeaderElection242] INFO  segmented.SegmentedRaftLogWorker (SegmentedRaftLogWorker.java:startLogSegment(380)) - cf63bf87-7688-4ba8-af45-4d7c49885422@group-AC5B73179C6E-SegmentedRaftLogWorker: Starting segment from index:0
2019-09-26 10:06:28,216 [cf63bf87-7688-4ba8-af45-4d7c49885422@group-AC5B73179C6E:LeaderElection242] INFO  impl.RaftServerImpl (ServerState.java:setRaftConf(354)) - cf63bf87-7688-4ba8-af45-4d7c49885422@group-AC5B73179C6E: set configuration 0: [cf63bf87-7688-4ba8-af45-4d7c49885422:192.168.30.13:43103], old=null at 0
2019-09-26 10:06:28,216 [70c8131f-7846-4be9-9772-9c08fe1e82d9@group-ED96EDB64F62:LeaderElection243] INFO  impl.RoleInfo (RoleInfo.java:updateAndGet(143)) - 70c8131f-7846-4be9-9772-9c08fe1e82d9: start LeaderState
2019-09-26 10:06:28,216 [70c8131f-7846-4be9-9772-9c08fe1e82d9@group-ED96EDB64F62:LeaderElection243] INFO  segmented.SegmentedRaftLogWorker (SegmentedRaftLogWorker.java:startLogSegment(380)) - 70c8131f-7846-4be9-9772-9c08fe1e82d9@group-ED96EDB64F62-SegmentedRaftLogWorker: Starting segment from index:0
2019-09-26 10:06:28,217 [70c8131f-7846-4be9-9772-9c08fe1e82d9@group-ED96EDB64F62:LeaderElection243] INFO  impl.RaftServerImpl (ServerState.java:setRaftConf(354)) - 70c8131f-7846-4be9-9772-9c08fe1e82d9@group-ED96EDB64F62: set configuration 0: [70c8131f-7846-4be9-9772-9c08fe1e82d9:192.168.30.13:43476], old=null at 0
2019-09-26 10:06:28,253 [Thread-3167] INFO  impl.FollowerState (FollowerState.java:run(106)) - 70c8131f-7846-4be9-9772-9c08fe1e82d9:group-30CE5C74894F changes to CANDIDATE, lastRpcTime:5104, electionTimeout:5104ms
2019-09-26 10:06:28,253 [cf63bf87-7688-4ba8-af45-4d7c49885422@group-AC5B73179C6E-SegmentedRaftLogWorker] INFO  segmented.SegmentedRaftLogWorker (SegmentedRaftLogWorker.java:execute(569)) - cf63bf87-7688-4ba8-af45-4d7c49885422@group-AC5B73179C6E-SegmentedRaftLogWorker: created new log segment /workdir/hadoop-ozone/integration-test/target/test-dir/MiniOzoneClusterImpl-0a4d6173-89d3-45ab-a960-64e25af93069/datanode-5/data/ratis/4de17486-a30d-4383-b0e0-ac5b73179c6e/current/log_inprogress_0
2019-09-26 10:06:28,253 [Thread-3167] INFO  impl.RoleInfo (RoleInfo.java:shutdownFollowerState(121)) - 70c8131f-7846-4be9-9772-9c08fe1e82d9: shutdown FollowerState
2019-09-26 10:06:28,253 [Thread-3167] INFO  impl.RaftServerImpl (RaftServerImpl.java:setRole(174)) - 70c8131f-7846-4be9-9772-9c08fe1e82d9@group-30CE5C74894F: changes role from  FOLLOWER to CANDIDATE at term 0 for changeToCandidate
2019-09-26 10:06:28,253 [Thread-3167] INFO  impl.RoleInfo (RoleInfo.java:updateAndGet(143)) - 70c8131f-7846-4be9-9772-9c08fe1e82d9: start LeaderElection
2019-09-26 10:06:28,255 [70c8131f-7846-4be9-9772-9c08fe1e82d9@group-ED96EDB64F62-SegmentedRaftLogWorker] INFO  segmented.SegmentedRaftLogWorker (SegmentedRaftLogWorker.java:execute(569)) - 70c8131f-7846-4be9-9772-9c08fe1e82d9@group-ED96EDB64F62-SegmentedRaftLogWorker: created new log segment /workdir/hadoop-ozone/integration-test/target/test-dir/MiniOzoneClusterImpl-0a4d6173-89d3-45ab-a960-64e25af93069/datanode-3/data/ratis/af3ecf8b-5bc4-477e-88e6-ed96edb64f62/current/log_inprogress_0
2019-09-26 10:06:28,258 [70c8131f-7846-4be9-9772-9c08fe1e82d9@group-30CE5C74894F:LeaderElection244] INFO  impl.LeaderElection (LeaderElection.java:askForVotes(182)) - 70c8131f-7846-4be9-9772-9c08fe1e82d9@group-30CE5C74894F:LeaderElection244: begin an election at term 1 for -1: [70c8131f-7846-4be9-9772-9c08fe1e82d9:192.168.30.13:43476], old=null
2019-09-26 10:06:28,258 [70c8131f-7846-4be9-9772-9c08fe1e82d9@group-30CE5C74894F:LeaderElection244] INFO  impl.RoleInfo (RoleInfo.java:shutdownLeaderElection(134)) - 70c8131f-7846-4be9-9772-9c08fe1e82d9: shutdown LeaderElection
2019-09-26 10:06:28,258 [70c8131f-7846-4be9-9772-9c08fe1e82d9@group-30CE5C74894F:LeaderElection244] INFO  impl.RaftServerImpl (RaftServerImpl.java:setRole(174)) - 70c8131f-7846-4be9-9772-9c08fe1e82d9@group-30CE5C74894F: changes role from CANDIDATE to LEADER at term 1 for changeToLeader
2019-09-26 10:06:28,258 [70c8131f-7846-4be9-9772-9c08fe1e82d9@group-30CE5C74894F:LeaderElection244] INFO  impl.RaftServerImpl (ServerState.java:setLeader(253)) - 70c8131f-7846-4be9-9772-9c08fe1e82d9@group-30CE5C74894F: change Leader from null to 70c8131f-7846-4be9-9772-9c08fe1e82d9 at term 1 for becomeLeader, leader elected after 5113ms
2019-09-26 10:06:28,259 [70c8131f-7846-4be9-9772-9c08fe1e82d9@group-30CE5C74894F:LeaderElection244] INFO  server.RaftServerConfigKeys (ConfUtils.java:logGet(43)) - raft.server.staging.catchup.gap = 1000 (default)
2019-09-26 10:06:28,259 [70c8131f-7846-4be9-9772-9c08fe1e82d9@group-30CE5C74894F:LeaderElection244] INFO  server.RaftServerConfigKeys (ConfUtils.java:logGet(43)) - raft.server.rpc.sleep.time = 25ms (default)
2019-09-26 10:06:28,259 [70c8131f-7846-4be9-9772-9c08fe1e82d9@group-30CE5C74894F:LeaderElection244] INFO  server.RaftServerConfigKeys (ConfUtils.java:logGet(43)) - raft.server.write.element-limit = 4096 (default)
2019-09-26 10:06:28,259 [70c8131f-7846-4be9-9772-9c08fe1e82d9@group-30CE5C74894F:LeaderElection244] INFO  server.RaftServerConfigKeys (ConfUtils.java:logGet(43)) - raft.server.watch.timeout = 10s (default)
2019-09-26 10:06:28,259 [70c8131f-7846-4be9-9772-9c08fe1e82d9@group-30CE5C74894F:LeaderElection244] INFO  server.RaftServerConfigKeys (ConfUtils.java:logGet(43)) - raft.server.watch.timeout.denomination = 1s (default)
2019-09-26 10:06:28,259 [70c8131f-7846-4be9-9772-9c08fe1e82d9@group-30CE5C74894F:LeaderElection244] INFO  server.RaftServerConfigKeys (ConfUtils.java:logGet(43)) - raft.server.watch.element-limit = 65536 (default)
2019-09-26 10:06:28,261 [70c8131f-7846-4be9-9772-9c08fe1e82d9@group-30CE5C74894F:LeaderElection244] INFO  impl.RoleInfo (RoleInfo.java:updateAndGet(143)) - 70c8131f-7846-4be9-9772-9c08fe1e82d9: start LeaderState
2019-09-26 10:06:28,261 [70c8131f-7846-4be9-9772-9c08fe1e82d9@group-30CE5C74894F:LeaderElection244] INFO  segmented.SegmentedRaftLogWorker (SegmentedRaftLogWorker.java:startLogSegment(380)) - 70c8131f-7846-4be9-9772-9c08fe1e82d9@group-30CE5C74894F-SegmentedRaftLogWorker: Starting segment from index:0
2019-09-26 10:06:28,262 [70c8131f-7846-4be9-9772-9c08fe1e82d9@group-30CE5C74894F:LeaderElection244] INFO  impl.RaftServerImpl (ServerState.java:setRaftConf(354)) - 70c8131f-7846-4be9-9772-9c08fe1e82d9@group-30CE5C74894F: set configuration 0: [70c8131f-7846-4be9-9772-9c08fe1e82d9:192.168.30.13:43476], old=null at 0
2019-09-26 10:06:28,769 [Thread-3173] INFO  impl.FollowerState (FollowerState.java:run(106)) - 70c8131f-7846-4be9-9772-9c08fe1e82d9:group-D419E5CE76A6 changes to CANDIDATE, lastRpcTime:5352, electionTimeout:5052ms
2019-09-26 10:06:28,769 [Thread-3179] INFO  impl.FollowerState (FollowerState.java:run(106)) - cf63bf87-7688-4ba8-af45-4d7c49885422:group-3FB4B7B9010C changes to CANDIDATE, lastRpcTime:5258, electionTimeout:5180ms
2019-09-26 10:06:28,806 [Thread-3173] INFO  impl.RoleInfo (RoleInfo.java:shutdownFollowerState(121)) - 70c8131f-7846-4be9-9772-9c08fe1e82d9: shutdown FollowerState
2019-09-26 10:06:28,815 [Thread-3173] INFO  impl.RaftServerImpl (RaftServerImpl.java:setRole(174)) - 70c8131f-7846-4be9-9772-9c08fe1e82d9@group-D419E5CE76A6: changes role from  FOLLOWER to CANDIDATE at term 0 for changeToCandidate
2019-09-26 10:06:28,768 [Thread-3170] INFO  impl.FollowerState (FollowerState.java:run(106)) - 4994e2c1-9eac-430d-be8a-cb30a727a84e:group-C553D199FAE6 changes to CANDIDATE, lastRpcTime:5393, electionTimeout:5143ms
2019-09-26 10:06:28,766 [Thread-3176] INFO  impl.FollowerState (FollowerState.java:run(106)) - 70c8131f-7846-4be9-9772-9c08fe1e82d9:group-2FC5C9C63618 changes to CANDIDATE, lastRpcTime:5309, electionTimeout:5138ms
2019-09-26 10:06:28,765 [Thread-3182] INFO  impl.FollowerState (FollowerState.java:run(106)) - 4994e2c1-9eac-430d-be8a-cb30a727a84e:group-45D5822F74BA changes to CANDIDATE, lastRpcTime:5214, electionTimeout:5074ms
2019-09-26 10:06:28,763 [Thread-3185] INFO  impl.FollowerState (FollowerState.java:run(106)) - cf63bf87-7688-4ba8-af45-4d7c49885422:group-0766567AA2C7 changes to CANDIDATE, lastRpcTime:5152, electionTimeout:5128ms
2019-09-26 10:06:28,836 [Thread-3182] INFO  impl.RoleInfo (RoleInfo.java:shutdownFollowerState(121)) - 4994e2c1-9eac-430d-be8a-cb30a727a84e: shutdown FollowerState
2019-09-26 10:06:28,840 [Thread-3182] INFO  impl.RaftServerImpl (RaftServerImpl.java:setRole(174)) - 4994e2c1-9eac-430d-be8a-cb30a727a84e@group-45D5822F74BA: changes role from  FOLLOWER to CANDIDATE at term 0 for changeToCandidate
2019-09-26 10:06:28,833 [Thread-3176] INFO  impl.RoleInfo (RoleInfo.java:shutdownFollowerState(121)) - 70c8131f-7846-4be9-9772-9c08fe1e82d9: shutdown FollowerState
2019-09-26 10:06:28,844 [Thread-3182] INFO  impl.RoleInfo (RoleInfo.java:updateAndGet(143)) - 4994e2c1-9eac-430d-be8a-cb30a727a84e: start LeaderElection
2019-09-26 10:06:28,828 [Thread-3170] INFO  impl.RoleInfo (RoleInfo.java:shutdownFollowerState(121)) - 4994e2c1-9eac-430d-be8a-cb30a727a84e: shutdown FollowerState
2019-09-26 10:06:28,824 [Thread-3173] INFO  impl.RoleInfo (RoleInfo.java:updateAndGet(143)) - 70c8131f-7846-4be9-9772-9c08fe1e82d9: start LeaderElection
2019-09-26 10:06:28,819 [Thread-3179] INFO  impl.RoleInfo (RoleInfo.java:shutdownFollowerState(121)) - cf63bf87-7688-4ba8-af45-4d7c49885422: shutdown FollowerState
2019-09-26 10:06:28,849 [Thread-3179] INFO  impl.RaftServerImpl (RaftServerImpl.java:setRole(174)) - cf63bf87-7688-4ba8-af45-4d7c49885422@group-3FB4B7B9010C: changes role from  FOLLOWER to CANDIDATE at term 0 for changeToCandidate
2019-09-26 10:06:28,806 [Thread-3188] INFO  impl.FollowerState (FollowerState.java:run(106)) - 4994e2c1-9eac-430d-be8a-cb30a727a84e:group-3930F033ECA2 changes to CANDIDATE, lastRpcTime:5148, electionTimeout:5148ms
2019-09-26 10:06:28,792 [Thread-3197] INFO  impl.FollowerState (FollowerState.java:run(106)) - cf63bf87-7688-4ba8-af45-4d7c49885422:group-D6D7E1486B88 changes to CANDIDATE, lastRpcTime:5013, electionTimeout:5008ms
2019-09-26 10:06:28,857 [Thread-3188] INFO  impl.RoleInfo (RoleInfo.java:shutdownFollowerState(121)) - 4994e2c1-9eac-430d-be8a-cb30a727a84e: shutdown FollowerState
2019-09-26 10:06:28,848 [Thread-3170] INFO  impl.RaftServerImpl (RaftServerImpl.java:setRole(174)) - 4994e2c1-9eac-430d-be8a-cb30a727a84e@group-C553D199FAE6: changes role from  FOLLOWER to CANDIDATE at term 0 for changeToCandidate
2019-09-26 10:06:28,848 [Thread-3176] INFO  impl.RaftServerImpl (RaftServerImpl.java:setRole(174)) - 70c8131f-7846-4be9-9772-9c08fe1e82d9@group-2FC5C9C63618: changes role from  FOLLOWER to CANDIDATE at term 0 for changeToCandidate
2019-09-26 10:06:28,872 [Thread-3170] INFO  impl.RoleInfo (RoleInfo.java:updateAndGet(143)) - 4994e2c1-9eac-430d-be8a-cb30a727a84e: start LeaderElection
2019-09-26 10:06:28,840 [Thread-3185] INFO  impl.RoleInfo (RoleInfo.java:shutdownFollowerState(121)) - cf63bf87-7688-4ba8-af45-4d7c49885422: shutdown FollowerState
2019-09-26 10:06:28,867 [Thread-3188] INFO  impl.RaftServerImpl (RaftServerImpl.java:setRole(174)) - 4994e2c1-9eac-430d-be8a-cb30a727a84e@group-3930F033ECA2: changes role from  FOLLOWER to CANDIDATE at term 0 for changeToCandidate
2019-09-26 10:06:28,862 [Thread-3197] INFO  impl.RoleInfo (RoleInfo.java:shutdownFollowerState(121)) - cf63bf87-7688-4ba8-af45-4d7c49885422: shutdown FollowerState
2019-09-26 10:06:28,857 [Thread-3179] INFO  impl.RoleInfo (RoleInfo.java:updateAndGet(143)) - cf63bf87-7688-4ba8-af45-4d7c49885422: start LeaderElection
2019-09-26 10:06:28,889 [Thread-3194] INFO  impl.FollowerState (FollowerState.java:run(106)) - cf63bf87-7688-4ba8-af45-4d7c49885422:group-4209BA40E679 changes to CANDIDATE, lastRpcTime:5145, electionTimeout:5143ms
2019-09-26 10:06:28,885 [Thread-3176] INFO  impl.RoleInfo (RoleInfo.java:updateAndGet(143)) - 70c8131f-7846-4be9-9772-9c08fe1e82d9: start LeaderElection
2019-09-26 10:06:28,885 [Thread-3185] INFO  impl.RaftServerImpl (RaftServerImpl.java:setRole(174)) - cf63bf87-7688-4ba8-af45-4d7c49885422@group-0766567AA2C7: changes role from  FOLLOWER to CANDIDATE at term 0 for changeToCandidate
2019-09-26 10:06:28,899 [Thread-3194] INFO  impl.RoleInfo (RoleInfo.java:shutdownFollowerState(121)) - cf63bf87-7688-4ba8-af45-4d7c49885422: shutdown FollowerState
2019-09-26 10:06:28,899 [Thread-3197] INFO  impl.RaftServerImpl (RaftServerImpl.java:setRole(174)) - cf63bf87-7688-4ba8-af45-4d7c49885422@group-D6D7E1486B88: changes role from  FOLLOWER to CANDIDATE at term 0 for changeToCandidate
2019-09-26 10:06:28,894 [Thread-3191] INFO  impl.FollowerState (FollowerState.java:run(106)) - cf63bf87-7688-4ba8-af45-4d7c49885422:group-971AA5EE5BC8 changes to CANDIDATE, lastRpcTime:5190, electionTimeout:5187ms
2019-09-26 10:06:28,908 [Thread-3185] INFO  impl.RoleInfo (RoleInfo.java:updateAndGet(143)) - cf63bf87-7688-4ba8-af45-4d7c49885422: start LeaderElection
2019-09-26 10:06:28,908 [Thread-3188] INFO  impl.RoleInfo (RoleInfo.java:updateAndGet(143)) - 4994e2c1-9eac-430d-be8a-cb30a727a84e: start LeaderElection
2019-09-26 10:06:28,908 [Thread-3194] INFO  impl.RaftServerImpl (RaftServerImpl.java:setRole(174)) - cf63bf87-7688-4ba8-af45-4d7c49885422@group-4209BA40E679: changes role from  FOLLOWER to CANDIDATE at term 0 for changeToCandidate
2019-09-26 10:06:28,904 [4994e2c1-9eac-430d-be8a-cb30a727a84e@group-45D5822F74BA:LeaderElection246] INFO  impl.LeaderElection (LeaderElection.java:askForVotes(182)) - 4994e2c1-9eac-430d-be8a-cb30a727a84e@group-45D5822F74BA:LeaderElection246: begin an election at term 1 for -1: [4994e2c1-9eac-430d-be8a-cb30a727a84e:192.168.30.13:35200], old=null
2019-09-26 10:06:28,922 [Thread-3197] INFO  impl.RoleInfo (RoleInfo.java:updateAndGet(143)) - cf63bf87-7688-4ba8-af45-4d7c49885422: start LeaderElection
2019-09-26 10:06:28,922 [Thread-3191] INFO  impl.RoleInfo (RoleInfo.java:shutdownFollowerState(121)) - cf63bf87-7688-4ba8-af45-4d7c49885422: shutdown FollowerState
2019-09-26 10:06:28,926 [4994e2c1-9eac-430d-be8a-cb30a727a84e@group-45D5822F74BA:LeaderElection246] INFO  impl.RoleInfo (RoleInfo.java:shutdownLeaderElection(134)) - 4994e2c1-9eac-430d-be8a-cb30a727a84e: shutdown LeaderElection
2019-09-26 10:06:28,936 [Thread-3191] INFO  impl.RaftServerImpl (RaftServerImpl.java:setRole(174)) - cf63bf87-7688-4ba8-af45-4d7c49885422@group-971AA5EE5BC8: changes role from  FOLLOWER to CANDIDATE at term 0 for changeToCandidate
2019-09-26 10:06:28,931 [Thread-3194] INFO  impl.RoleInfo (RoleInfo.java:updateAndGet(143)) - cf63bf87-7688-4ba8-af45-4d7c49885422: start LeaderElection
2019-09-26 10:06:29,039 [4994e2c1-9eac-430d-be8a-cb30a727a84e@group-C553D199FAE6:LeaderElection248] INFO  impl.LeaderElection (LeaderElection.java:askForVotes(182)) - 4994e2c1-9eac-430d-be8a-cb30a727a84e@group-C553D199FAE6:LeaderElection248: begin an election at term 1 for -1: [4994e2c1-9eac-430d-be8a-cb30a727a84e:192.168.30.13:35200], old=null
2019-09-26 10:06:29,016 [Thread-3209] INFO  impl.FollowerState (FollowerState.java:run(106)) - 445ae746-534e-4611-8a14-965c0672a28b:group-90F76F749C05 changes to CANDIDATE, lastRpcTime:5034, electionTimeout:5034ms
2019-09-26 10:06:28,936 [4994e2c1-9eac-430d-be8a-cb30a727a84e@group-45D5822F74BA:LeaderElection246] INFO  impl.RaftServerImpl (RaftServerImpl.java:setRole(174)) - 4994e2c1-9eac-430d-be8a-cb30a727a84e@group-45D5822F74BA: changes role from CANDIDATE to LEADER at term 1 for changeToLeader
2019-09-26 10:06:29,040 [Thread-3209] INFO  impl.RoleInfo (RoleInfo.java:shutdownFollowerState(121)) - 445ae746-534e-4611-8a14-965c0672a28b: shutdown FollowerState
2019-09-26 10:06:29,040 [Thread-3191] INFO  impl.RoleInfo (RoleInfo.java:updateAndGet(143)) - cf63bf87-7688-4ba8-af45-4d7c49885422: start LeaderElection
2019-09-26 10:06:29,039 [4994e2c1-9eac-430d-be8a-cb30a727a84e@group-C553D199FAE6:LeaderElection248] INFO  impl.RoleInfo (RoleInfo.java:shutdownLeaderElection(134)) - 4994e2c1-9eac-430d-be8a-cb30a727a84e: shutdown LeaderElection
2019-09-26 10:06:29,040 [Thread-3209] INFO  impl.RaftServerImpl (RaftServerImpl.java:setRole(174)) - 445ae746-534e-4611-8a14-965c0672a28b@group-90F76F749C05: changes role from  FOLLOWER to CANDIDATE at term 0 for changeToCandidate
2019-09-26 10:06:29,040 [4994e2c1-9eac-430d-be8a-cb30a727a84e@group-45D5822F74BA:LeaderElection246] INFO  impl.RaftServerImpl (ServerState.java:setLeader(253)) - 4994e2c1-9eac-430d-be8a-cb30a727a84e@group-45D5822F74BA: change Leader from null to 4994e2c1-9eac-430d-be8a-cb30a727a84e at term 1 for becomeLeader, leader elected after 5494ms
2019-09-26 10:06:29,040 [Thread-3209] INFO  impl.RoleInfo (RoleInfo.java:updateAndGet(143)) - 445ae746-534e-4611-8a14-965c0672a28b: start LeaderElection
2019-09-26 10:06:29,040 [4994e2c1-9eac-430d-be8a-cb30a727a84e@group-45D5822F74BA:LeaderElection246] INFO  server.RaftServerConfigKeys (ConfUtils.java:logGet(43)) - raft.server.staging.catchup.gap = 1000 (default)
2019-09-26 10:06:29,040 [4994e2c1-9eac-430d-be8a-cb30a727a84e@group-C553D199FAE6:LeaderElection248] INFO  impl.RaftServerImpl (RaftServerImpl.java:setRole(174)) - 4994e2c1-9eac-430d-be8a-cb30a727a84e@group-C553D199FAE6: changes role from CANDIDATE to LEADER at term 1 for changeToLeader
2019-09-26 10:06:29,041 [4994e2c1-9eac-430d-be8a-cb30a727a84e@group-45D5822F74BA:LeaderElection246] INFO  server.RaftServerConfigKeys (ConfUtils.java:logGet(43)) - raft.server.rpc.sleep.time = 25ms (default)
2019-09-26 10:06:29,040 [Thread-3206] INFO  impl.FollowerState (FollowerState.java:run(106)) - 4994e2c1-9eac-430d-be8a-cb30a727a84e:group-423C73F4A4EA changes to CANDIDATE, lastRpcTime:5096, electionTimeout:5013ms
2019-09-26 10:06:29,041 [4994e2c1-9eac-430d-be8a-cb30a727a84e@group-45D5822F74BA:LeaderElection246] INFO  server.RaftServerConfigKeys (ConfUtils.java:logGet(43)) - raft.server.write.element-limit = 4096 (default)
2019-09-26 10:06:29,041 [4994e2c1-9eac-430d-be8a-cb30a727a84e@group-C553D199FAE6:LeaderElection248] INFO  impl.RaftServerImpl (ServerState.java:setLeader(253)) - 4994e2c1-9eac-430d-be8a-cb30a727a84e@group-C553D199FAE6: change Leader from null to 4994e2c1-9eac-430d-be8a-cb30a727a84e at term 1 for becomeLeader, leader elected after 5671ms
2019-09-26 10:06:29,076 [4994e2c1-9eac-430d-be8a-cb30a727a84e@group-45D5822F74BA:LeaderElection246] INFO  server.RaftServerConfigKeys (ConfUtils.java:logGet(43)) - raft.server.watch.timeout = 10s (default)
2019-09-26 10:06:29,076 [Thread-3206] INFO  impl.RoleInfo (RoleInfo.java:shutdownFollowerState(121)) - 4994e2c1-9eac-430d-be8a-cb30a727a84e: shutdown FollowerState
2019-09-26 10:06:29,076 [cf63bf87-7688-4ba8-af45-4d7c49885422@group-4209BA40E679:LeaderElection253] INFO  impl.LeaderElection (LeaderElection.java:askForVotes(182)) - cf63bf87-7688-4ba8-af45-4d7c49885422@group-4209BA40E679:LeaderElection253: begin an election at term 1 for -1: [cf63bf87-7688-4ba8-af45-4d7c49885422:192.168.30.13:43103], old=null
2019-09-26 10:06:29,076 [cf63bf87-7688-4ba8-af45-4d7c49885422@group-0766567AA2C7:LeaderElection251] INFO  impl.LeaderElection (LeaderElection.java:askForVotes(182)) - cf63bf87-7688-4ba8-af45-4d7c49885422@group-0766567AA2C7:LeaderElection251: begin an election at term 1 for -1: [cf63bf87-7688-4ba8-af45-4d7c49885422:192.168.30.13:43103], old=null
2019-09-26 10:06:29,076 [cf63bf87-7688-4ba8-af45-4d7c49885422@group-3FB4B7B9010C:LeaderElection247] INFO  impl.LeaderElection (LeaderElection.java:askForVotes(182)) - cf63bf87-7688-4ba8-af45-4d7c49885422@group-3FB4B7B9010C:LeaderElection247: begin an election at term 1 for -1: [cf63bf87-7688-4ba8-af45-4d7c49885422:192.168.30.13:43103], old=null
2019-09-26 10:06:29,076 [Thread-3203] INFO  impl.FollowerState (FollowerState.java:run(106)) - 4994e2c1-9eac-430d-be8a-cb30a727a84e:group-AD4454FCAD24 changes to CANDIDATE, lastRpcTime:5179, electionTimeout:5158ms
2019-09-26 10:06:29,076 [cf63bf87-7688-4ba8-af45-4d7c49885422@group-D6D7E1486B88:LeaderElection252] INFO  impl.LeaderElection (LeaderElection.java:askForVotes(182)) - cf63bf87-7688-4ba8-af45-4d7c49885422@group-D6D7E1486B88:LeaderElection252: begin an election at term 1 for -1: [cf63bf87-7688-4ba8-af45-4d7c49885422:192.168.30.13:43103], old=null
2019-09-26 10:06:29,076 [70c8131f-7846-4be9-9772-9c08fe1e82d9@group-30CE5C74894F-SegmentedRaftLogWorker] INFO  segmented.SegmentedRaftLogWorker (SegmentedRaftLogWorker.java:execute(569)) - 70c8131f-7846-4be9-9772-9c08fe1e82d9@group-30CE5C74894F-SegmentedRaftLogWorker: created new log segment /workdir/hadoop-ozone/integration-test/target/test-dir/MiniOzoneClusterImpl-0a4d6173-89d3-45ab-a960-64e25af93069/datanode-3/data/ratis/5d7929bf-baf7-49dc-b6b8-30ce5c74894f/current/log_inprogress_0
2019-09-26 10:06:29,076 [4994e2c1-9eac-430d-be8a-cb30a727a84e@group-45D5822F74BA:LeaderElection246] INFO  server.RaftServerConfigKeys (ConfUtils.java:logGet(43)) - raft.server.watch.timeout.denomination = 1s (default)
2019-09-26 10:06:29,076 [4994e2c1-9eac-430d-be8a-cb30a727a84e@group-C553D199FAE6:LeaderElection248] INFO  server.RaftServerConfigKeys (ConfUtils.java:logGet(43)) - raft.server.staging.catchup.gap = 1000 (default)
2019-09-26 10:06:29,077 [4994e2c1-9eac-430d-be8a-cb30a727a84e@group-45D5822F74BA:LeaderElection246] INFO  server.RaftServerConfigKeys (ConfUtils.java:logGet(43)) - raft.server.watch.element-limit = 65536 (default)
2019-09-26 10:06:29,077 [cf63bf87-7688-4ba8-af45-4d7c49885422@group-D6D7E1486B88:LeaderElection252] INFO  impl.RoleInfo (RoleInfo.java:shutdownLeaderElection(134)) - cf63bf87-7688-4ba8-af45-4d7c49885422: shutdown LeaderElection
2019-09-26 10:06:29,077 [Thread-3203] INFO  impl.RoleInfo (RoleInfo.java:shutdownFollowerState(121)) - 4994e2c1-9eac-430d-be8a-cb30a727a84e: shutdown FollowerState
2019-09-26 10:06:29,076 [cf63bf87-7688-4ba8-af45-4d7c49885422@group-3FB4B7B9010C:LeaderElection247] INFO  impl.RoleInfo (RoleInfo.java:shutdownLeaderElection(134)) - cf63bf87-7688-4ba8-af45-4d7c49885422: shutdown LeaderElection
2019-09-26 10:06:29,076 [cf63bf87-7688-4ba8-af45-4d7c49885422@group-0766567AA2C7:LeaderElection251] INFO  impl.RoleInfo (RoleInfo.java:shutdownLeaderElection(134)) - cf63bf87-7688-4ba8-af45-4d7c49885422: shutdown LeaderElection
2019-09-26 10:06:29,060 [Thread-3200] INFO  impl.FollowerState (FollowerState.java:run(106)) - 445ae746-534e-4611-8a14-965c0672a28b:group-230FAAC88C36 changes to CANDIDATE, lastRpcTime:5206, electionTimeout:5190ms
2019-09-26 10:06:29,076 [cf63bf87-7688-4ba8-af45-4d7c49885422@group-4209BA40E679:LeaderElection253] INFO  impl.RoleInfo (RoleInfo.java:shutdownLeaderElection(134)) - cf63bf87-7688-4ba8-af45-4d7c49885422: shutdown LeaderElection
2019-09-26 10:06:29,076 [Thread-3206] INFO  impl.RaftServerImpl (RaftServerImpl.java:setRole(174)) - 4994e2c1-9eac-430d-be8a-cb30a727a84e@group-423C73F4A4EA: changes role from  FOLLOWER to CANDIDATE at term 0 for changeToCandidate
2019-09-26 10:06:29,076 [4994e2c1-9eac-430d-be8a-cb30a727a84e@group-3930F033ECA2:LeaderElection250] INFO  impl.LeaderElection (LeaderElection.java:askForVotes(182)) - 4994e2c1-9eac-430d-be8a-cb30a727a84e@group-3930F033ECA2:LeaderElection250: begin an election at term 1 for -1: [4994e2c1-9eac-430d-be8a-cb30a727a84e:192.168.30.13:35200], old=null
2019-09-26 10:06:29,076 [70c8131f-7846-4be9-9772-9c08fe1e82d9@group-D419E5CE76A6:LeaderElection245] INFO  impl.LeaderElection (LeaderElection.java:askForVotes(182)) - 70c8131f-7846-4be9-9772-9c08fe1e82d9@group-D419E5CE76A6:LeaderElection245: begin an election at term 1 for -1: [70c8131f-7846-4be9-9772-9c08fe1e82d9:192.168.30.13:43476], old=null
2019-09-26 10:06:29,076 [70c8131f-7846-4be9-9772-9c08fe1e82d9@group-2FC5C9C63618:LeaderElection249] INFO  impl.LeaderElection (LeaderElection.java:askForVotes(182)) - 70c8131f-7846-4be9-9772-9c08fe1e82d9@group-2FC5C9C63618:LeaderElection249: begin an election at term 1 for -1: [70c8131f-7846-4be9-9772-9c08fe1e82d9:192.168.30.13:43476], old=null
2019-09-26 10:06:29,079 [70c8131f-7846-4be9-9772-9c08fe1e82d9@group-D419E5CE76A6:LeaderElection245] INFO  impl.RoleInfo (RoleInfo.java:shutdownLeaderElection(134)) - 70c8131f-7846-4be9-9772-9c08fe1e82d9: shutdown LeaderElection
2019-09-26 10:06:29,079 [4994e2c1-9eac-430d-be8a-cb30a727a84e@group-3930F033ECA2:LeaderElection250] INFO  impl.RoleInfo (RoleInfo.java:shutdownLeaderElection(134)) - 4994e2c1-9eac-430d-be8a-cb30a727a84e: shutdown LeaderElection
2019-09-26 10:06:29,079 [4994e2c1-9eac-430d-be8a-cb30a727a84e@group-3930F033ECA2:LeaderElection250] INFO  impl.RaftServerImpl (RaftServerImpl.java:setRole(174)) - 4994e2c1-9eac-430d-be8a-cb30a727a84e@group-3930F033ECA2: changes role from CANDIDATE to LEADER at term 1 for changeToLeader
2019-09-26 10:06:29,078 [Thread-3206] INFO  impl.RoleInfo (RoleInfo.java:updateAndGet(143)) - 4994e2c1-9eac-430d-be8a-cb30a727a84e: start LeaderElection
2019-09-26 10:06:29,078 [cf63bf87-7688-4ba8-af45-4d7c49885422@group-4209BA40E679:LeaderElection253] INFO  impl.RaftServerImpl (RaftServerImpl.java:setRole(174)) - cf63bf87-7688-4ba8-af45-4d7c49885422@group-4209BA40E679: changes role from CANDIDATE to LEADER at term 1 for changeToLeader
2019-09-26 10:06:29,078 [Thread-3200] INFO  impl.RoleInfo (RoleInfo.java:shutdownFollowerState(121)) - 445ae746-534e-4611-8a14-965c0672a28b: shutdown FollowerState
2019-09-26 10:06:29,078 [cf63bf87-7688-4ba8-af45-4d7c49885422@group-0766567AA2C7:LeaderElection251] INFO  impl.RaftServerImpl (RaftServerImpl.java:setRole(174)) - cf63bf87-7688-4ba8-af45-4d7c49885422@group-0766567AA2C7: changes role from CANDIDATE to LEADER at term 1 for changeToLeader
2019-09-26 10:06:29,078 [cf63bf87-7688-4ba8-af45-4d7c49885422@group-3FB4B7B9010C:LeaderElection247] INFO  impl.RaftServerImpl (RaftServerImpl.java:setRole(174)) - cf63bf87-7688-4ba8-af45-4d7c49885422@group-3FB4B7B9010C: changes role from CANDIDATE to LEADER at term 1 for changeToLeader
2019-09-26 10:06:29,078 [Thread-3203] INFO  impl.RaftServerImpl (RaftServerImpl.java:setRole(174)) - 4994e2c1-9eac-430d-be8a-cb30a727a84e@group-AD4454FCAD24: changes role from  FOLLOWER to CANDIDATE at term 0 for changeToCandidate
2019-09-26 10:06:29,078 [cf63bf87-7688-4ba8-af45-4d7c49885422@group-D6D7E1486B88:LeaderElection252] INFO  impl.RaftServerImpl (RaftServerImpl.java:setRole(174)) - cf63bf87-7688-4ba8-af45-4d7c49885422@group-D6D7E1486B88: changes role from CANDIDATE to LEADER at term 1 for changeToLeader
2019-09-26 10:06:29,080 [cf63bf87-7688-4ba8-af45-4d7c49885422@group-D6D7E1486B88:LeaderElection252] INFO  impl.RaftServerImpl (ServerState.java:setLeader(253)) - cf63bf87-7688-4ba8-af45-4d7c49885422@group-D6D7E1486B88: change Leader from null to cf63bf87-7688-4ba8-af45-4d7c49885422 at term 1 for becomeLeader, leader elected after 5306ms
2019-09-26 10:06:29,077 [4994e2c1-9eac-430d-be8a-cb30a727a84e@group-C553D199FAE6:LeaderElection248] INFO  server.RaftServerConfigKeys (ConfUtils.java:logGet(43)) - raft.server.rpc.sleep.time = 25ms (default)
2019-09-26 10:06:29,080 [cf63bf87-7688-4ba8-af45-4d7c49885422@group-D6D7E1486B88:LeaderElection252] INFO  server.RaftServerConfigKeys (ConfUtils.java:logGet(43)) - raft.server.staging.catchup.gap = 1000 (default)
2019-09-26 10:06:29,080 [Thread-3203] INFO  impl.RoleInfo (RoleInfo.java:updateAndGet(143)) - 4994e2c1-9eac-430d-be8a-cb30a727a84e: start LeaderElection
2019-09-26 10:06:29,080 [cf63bf87-7688-4ba8-af45-4d7c49885422@group-3FB4B7B9010C:LeaderElection247] INFO  impl.RaftServerImpl (ServerState.java:setLeader(253)) - cf63bf87-7688-4ba8-af45-4d7c49885422@group-3FB4B7B9010C: change Leader from null to cf63bf87-7688-4ba8-af45-4d7c49885422 at term 1 for becomeLeader, leader elected after 5574ms
2019-09-26 10:06:29,080 [cf63bf87-7688-4ba8-af45-4d7c49885422@group-0766567AA2C7:LeaderElection251] INFO  impl.RaftServerImpl (ServerState.java:setLeader(253)) - cf63bf87-7688-4ba8-af45-4d7c49885422@group-0766567AA2C7: change Leader from null to cf63bf87-7688-4ba8-af45-4d7c49885422 at term 1 for becomeLeader, leader elected after 5473ms
2019-09-26 10:06:29,081 [cf63bf87-7688-4ba8-af45-4d7c49885422@group-3FB4B7B9010C:LeaderElection247] INFO  server.RaftServerConfigKeys (ConfUtils.java:logGet(43)) - raft.server.staging.catchup.gap = 1000 (default)
2019-09-26 10:06:29,080 [Thread-3200] INFO  impl.RaftServerImpl (RaftServerImpl.java:setRole(174)) - 445ae746-534e-4611-8a14-965c0672a28b@group-230FAAC88C36: changes role from  FOLLOWER to CANDIDATE at term 0 for changeToCandidate
2019-09-26 10:06:29,079 [cf63bf87-7688-4ba8-af45-4d7c49885422@group-4209BA40E679:LeaderElection253] INFO  impl.RaftServerImpl (ServerState.java:setLeader(253)) - cf63bf87-7688-4ba8-af45-4d7c49885422@group-4209BA40E679: change Leader from null to cf63bf87-7688-4ba8-af45-4d7c49885422 at term 1 for becomeLeader, leader elected after 5345ms
2019-09-26 10:06:29,079 [4994e2c1-9eac-430d-be8a-cb30a727a84e@group-45D5822F74BA:LeaderElection246] INFO  impl.RoleInfo (RoleInfo.java:updateAndGet(143)) - 4994e2c1-9eac-430d-be8a-cb30a727a84e: start LeaderState
2019-09-26 10:06:29,079 [4994e2c1-9eac-430d-be8a-cb30a727a84e@group-3930F033ECA2:LeaderElection250] INFO  impl.RaftServerImpl (ServerState.java:setLeader(253)) - 4994e2c1-9eac-430d-be8a-cb30a727a84e@group-3930F033ECA2: change Leader from null to 4994e2c1-9eac-430d-be8a-cb30a727a84e at term 1 for becomeLeader, leader elected after 5425ms
2019-09-26 10:06:29,079 [70c8131f-7846-4be9-9772-9c08fe1e82d9@group-D419E5CE76A6:LeaderElection245] INFO  impl.RaftServerImpl (RaftServerImpl.java:setRole(174)) - 70c8131f-7846-4be9-9772-9c08fe1e82d9@group-D419E5CE76A6: changes role from CANDIDATE to LEADER at term 1 for changeToLeader
2019-09-26 10:06:29,082 [70c8131f-7846-4be9-9772-9c08fe1e82d9@group-D419E5CE76A6:LeaderElection245] INFO  impl.RaftServerImpl (ServerState.java:setLeader(253)) - 70c8131f-7846-4be9-9772-9c08fe1e82d9@group-D419E5CE76A6: change Leader from null to 70c8131f-7846-4be9-9772-9c08fe1e82d9 at term 1 for becomeLeader, leader elected after 5669ms
2019-09-26 10:06:29,079 [70c8131f-7846-4be9-9772-9c08fe1e82d9@group-2FC5C9C63618:LeaderElection249] INFO  impl.RoleInfo (RoleInfo.java:shutdownLeaderElection(134)) - 70c8131f-7846-4be9-9772-9c08fe1e82d9: shutdown LeaderElection
2019-09-26 10:06:29,082 [70c8131f-7846-4be9-9772-9c08fe1e82d9@group-D419E5CE76A6:LeaderElection245] INFO  server.RaftServerConfigKeys (ConfUtils.java:logGet(43)) - raft.server.staging.catchup.gap = 1000 (default)
2019-09-26 10:06:29,082 [70c8131f-7846-4be9-9772-9c08fe1e82d9@group-D419E5CE76A6:LeaderElection245] INFO  server.RaftServerConfigKeys (ConfUtils.java:logGet(43)) - raft.server.rpc.sleep.time = 25ms (default)
2019-09-26 10:06:29,082 [4994e2c1-9eac-430d-be8a-cb30a727a84e@group-3930F033ECA2:LeaderElection250] INFO  server.RaftServerConfigKeys (ConfUtils.java:logGet(43)) - raft.server.staging.catchup.gap = 1000 (default)
2019-09-26 10:06:29,082 [4994e2c1-9eac-430d-be8a-cb30a727a84e@group-45D5822F74BA:LeaderElection246] INFO  segmented.SegmentedRaftLogWorker (SegmentedRaftLogWorker.java:startLogSegment(380)) - 4994e2c1-9eac-430d-be8a-cb30a727a84e@group-45D5822F74BA-SegmentedRaftLogWorker: Starting segment from index:0
2019-09-26 10:06:29,081 [cf63bf87-7688-4ba8-af45-4d7c49885422@group-4209BA40E679:LeaderElection253] INFO  server.RaftServerConfigKeys (ConfUtils.java:logGet(43)) - raft.server.staging.catchup.gap = 1000 (default)
2019-09-26 10:06:29,081 [Thread-3200] INFO  impl.RoleInfo (RoleInfo.java:updateAndGet(143)) - 445ae746-534e-4611-8a14-965c0672a28b: start LeaderElection
2019-09-26 10:06:29,081 [cf63bf87-7688-4ba8-af45-4d7c49885422@group-3FB4B7B9010C:LeaderElection247] INFO  server.RaftServerConfigKeys (ConfUtils.java:logGet(43)) - raft.server.rpc.sleep.time = 25ms (default)
2019-09-26 10:06:29,081 [cf63bf87-7688-4ba8-af45-4d7c49885422@group-0766567AA2C7:LeaderElection251] INFO  server.RaftServerConfigKeys (ConfUtils.java:logGet(43)) - raft.server.staging.catchup.gap = 1000 (default)
2019-09-26 10:06:29,083 [cf63bf87-7688-4ba8-af45-4d7c49885422@group-3FB4B7B9010C:LeaderElection247] INFO  server.RaftServerConfigKeys (ConfUtils.java:logGet(43)) - raft.server.write.element-limit = 4096 (default)
2019-09-26 10:06:29,081 [cf63bf87-7688-4ba8-af45-4d7c49885422@group-D6D7E1486B88:LeaderElection252] INFO  server.RaftServerConfigKeys (ConfUtils.java:logGet(43)) - raft.server.rpc.sleep.time = 25ms (default)
2019-09-26 10:06:29,081 [4994e2c1-9eac-430d-be8a-cb30a727a84e@group-C553D199FAE6:LeaderElection248] INFO  server.RaftServerConfigKeys (ConfUtils.java:logGet(43)) - raft.server.write.element-limit = 4096 (default)
2019-09-26 10:06:29,084 [cf63bf87-7688-4ba8-af45-4d7c49885422@group-D6D7E1486B88:LeaderElection252] INFO  server.RaftServerConfigKeys (ConfUtils.java:logGet(43)) - raft.server.write.element-limit = 4096 (default)
2019-09-26 10:06:29,084 [cf63bf87-7688-4ba8-af45-4d7c49885422@group-3FB4B7B9010C:LeaderElection247] INFO  server.RaftServerConfigKeys (ConfUtils.java:logGet(43)) - raft.server.watch.timeout = 10s (default)
2019-09-26 10:06:29,084 [cf63bf87-7688-4ba8-af45-4d7c49885422@group-3FB4B7B9010C:LeaderElection247] INFO  server.RaftServerConfigKeys (ConfUtils.java:logGet(43)) - raft.server.watch.timeout.denomination = 1s (default)
2019-09-26 10:06:29,084 [445ae746-534e-4611-8a14-965c0672a28b@group-90F76F749C05:LeaderElection255] INFO  impl.LeaderElection (LeaderElection.java:askForVotes(182)) - 445ae746-534e-4611-8a14-965c0672a28b@group-90F76F749C05:LeaderElection255: begin an election at term 1 for -1: [445ae746-534e-4611-8a14-965c0672a28b:192.168.30.13:35533], old=null
2019-09-26 10:06:29,084 [445ae746-534e-4611-8a14-965c0672a28b@group-90F76F749C05:LeaderElection255] INFO  impl.RoleInfo (RoleInfo.java:shutdownLeaderElection(134)) - 445ae746-534e-4611-8a14-965c0672a28b: shutdown LeaderElection
2019-09-26 10:06:29,084 [cf63bf87-7688-4ba8-af45-4d7c49885422@group-971AA5EE5BC8:LeaderElection254] INFO  impl.LeaderElection (LeaderElection.java:askForVotes(182)) - cf63bf87-7688-4ba8-af45-4d7c49885422@group-971AA5EE5BC8:LeaderElection254: begin an election at term 1 for -1: [cf63bf87-7688-4ba8-af45-4d7c49885422:192.168.30.13:43103], old=null
2019-09-26 10:06:29,083 [cf63bf87-7688-4ba8-af45-4d7c49885422@group-0766567AA2C7:LeaderElection251] INFO  server.RaftServerConfigKeys (ConfUtils.java:logGet(43)) - raft.server.rpc.sleep.time = 25ms (default)
2019-09-26 10:06:29,083 [4994e2c1-9eac-430d-be8a-cb30a727a84e@group-45D5822F74BA:LeaderElection246] INFO  impl.RaftServerImpl (ServerState.java:setRaftConf(354)) - 4994e2c1-9eac-430d-be8a-cb30a727a84e@group-45D5822F74BA: set configuration 0: [4994e2c1-9eac-430d-be8a-cb30a727a84e:192.168.30.13:35200], old=null at 0
2019-09-26 10:06:29,083 [cf63bf87-7688-4ba8-af45-4d7c49885422@group-4209BA40E679:LeaderElection253] INFO  server.RaftServerConfigKeys (ConfUtils.java:logGet(43)) - raft.server.rpc.sleep.time = 25ms (default)
2019-09-26 10:06:29,083 [4994e2c1-9eac-430d-be8a-cb30a727a84e@group-3930F033ECA2:LeaderElection250] INFO  server.RaftServerConfigKeys (ConfUtils.java:logGet(43)) - raft.server.rpc.sleep.time = 25ms (default)
2019-09-26 10:06:29,082 [70c8131f-7846-4be9-9772-9c08fe1e82d9@group-D419E5CE76A6:LeaderElection245] INFO  server.RaftServerConfigKeys (ConfUtils.java:logGet(43)) - raft.server.write.element-limit = 4096 (default)
2019-09-26 10:06:29,082 [70c8131f-7846-4be9-9772-9c08fe1e82d9@group-2FC5C9C63618:LeaderElection249] INFO  impl.RaftServerImpl (RaftServerImpl.java:setRole(174)) - 70c8131f-7846-4be9-9772-9c08fe1e82d9@group-2FC5C9C63618: changes role from CANDIDATE to LEADER at term 1 for changeToLeader
2019-09-26 10:06:29,085 [70c8131f-7846-4be9-9772-9c08fe1e82d9@group-D419E5CE76A6:LeaderElection245] INFO  server.RaftServerConfigKeys (ConfUtils.java:logGet(43)) - raft.server.watch.timeout = 10s (default)
2019-09-26 10:06:29,086 [70c8131f-7846-4be9-9772-9c08fe1e82d9@group-D419E5CE76A6:LeaderElection245] INFO  server.RaftServerConfigKeys (ConfUtils.java:logGet(43)) - raft.server.watch.timeout.denomination = 1s (default)
2019-09-26 10:06:29,085 [4994e2c1-9eac-430d-be8a-cb30a727a84e@group-3930F033ECA2:LeaderElection250] INFO  server.RaftServerConfigKeys (ConfUtils.java:logGet(43)) - raft.server.write.element-limit = 4096 (default)
2019-09-26 10:06:29,085 [cf63bf87-7688-4ba8-af45-4d7c49885422@group-4209BA40E679:LeaderElection253] INFO  server.RaftServerConfigKeys (ConfUtils.java:logGet(43)) - raft.server.write.element-limit = 4096 (default)
2019-09-26 10:06:29,086 [cf63bf87-7688-4ba8-af45-4d7c49885422@group-4209BA40E679:LeaderElection253] INFO  server.RaftServerConfigKeys (ConfUtils.java:logGet(43)) - raft.server.watch.timeout = 10s (default)
2019-09-26 10:06:29,086 [cf63bf87-7688-4ba8-af45-4d7c49885422@group-4209BA40E679:LeaderElection253] INFO  server.RaftServerConfigKeys (ConfUtils.java:logGet(43)) - raft.server.watch.timeout.denomination = 1s (default)
2019-09-26 10:06:29,085 [cf63bf87-7688-4ba8-af45-4d7c49885422@group-0766567AA2C7:LeaderElection251] INFO  server.RaftServerConfigKeys (ConfUtils.java:logGet(43)) - raft.server.write.element-limit = 4096 (default)
2019-09-26 10:06:29,085 [cf63bf87-7688-4ba8-af45-4d7c49885422@group-971AA5EE5BC8:LeaderElection254] INFO  impl.RoleInfo (RoleInfo.java:shutdownLeaderElection(134)) - cf63bf87-7688-4ba8-af45-4d7c49885422: shutdown LeaderElection
2019-09-26 10:06:29,084 [445ae746-534e-4611-8a14-965c0672a28b@group-90F76F749C05:LeaderElection255] INFO  impl.RaftServerImpl (RaftServerImpl.java:setRole(174)) - 445ae746-534e-4611-8a14-965c0672a28b@group-90F76F749C05: changes role from CANDIDATE to LEADER at term 1 for changeToLeader
2019-09-26 10:06:29,084 [cf63bf87-7688-4ba8-af45-4d7c49885422@group-3FB4B7B9010C:LeaderElection247] INFO  server.RaftServerConfigKeys (ConfUtils.java:logGet(43)) - raft.server.watch.element-limit = 65536 (default)
2019-09-26 10:06:29,084 [cf63bf87-7688-4ba8-af45-4d7c49885422@group-D6D7E1486B88:LeaderElection252] INFO  server.RaftServerConfigKeys (ConfUtils.java:logGet(43)) - raft.server.watch.timeout = 10s (default)
2019-09-26 10:06:29,087 [cf63bf87-7688-4ba8-af45-4d7c49885422@group-D6D7E1486B88:LeaderElection252] INFO  server.RaftServerConfigKeys (ConfUtils.java:logGet(43)) - raft.server.watch.timeout.denomination = 1s (default)
2019-09-26 10:06:29,084 [4994e2c1-9eac-430d-be8a-cb30a727a84e@group-C553D199FAE6:LeaderElection248] INFO  server.RaftServerConfigKeys (ConfUtils.java:logGet(43)) - raft.server.watch.timeout = 10s (default)
2019-09-26 10:06:29,087 [cf63bf87-7688-4ba8-af45-4d7c49885422@group-D6D7E1486B88:LeaderElection252] INFO  server.RaftServerConfigKeys (ConfUtils.java:logGet(43)) - raft.server.watch.element-limit = 65536 (default)
2019-09-26 10:06:29,087 [445ae746-534e-4611-8a14-965c0672a28b@group-90F76F749C05:LeaderElection255] INFO  impl.RaftServerImpl (ServerState.java:setLeader(253)) - 445ae746-534e-4611-8a14-965c0672a28b@group-90F76F749C05: change Leader from null to 445ae746-534e-4611-8a14-965c0672a28b at term 1 for becomeLeader, leader elected after 5108ms
2019-09-26 10:06:29,087 [cf63bf87-7688-4ba8-af45-4d7c49885422@group-971AA5EE5BC8:LeaderElection254] INFO  impl.RaftServerImpl (RaftServerImpl.java:setRole(174)) - cf63bf87-7688-4ba8-af45-4d7c49885422@group-971AA5EE5BC8: changes role from CANDIDATE to LEADER at term 1 for changeToLeader
2019-09-26 10:06:29,088 [cf63bf87-7688-4ba8-af45-4d7c49885422@group-971AA5EE5BC8:LeaderElection254] INFO  impl.RaftServerImpl (ServerState.java:setLeader(253)) - cf63bf87-7688-4ba8-af45-4d7c49885422@group-971AA5EE5BC8: change Leader from null to cf63bf87-7688-4ba8-af45-4d7c49885422 at term 1 for becomeLeader, leader elected after 5394ms
2019-09-26 10:06:29,086 [cf63bf87-7688-4ba8-af45-4d7c49885422@group-0766567AA2C7:LeaderElection251] INFO  server.RaftServerConfigKeys (ConfUtils.java:logGet(43)) - raft.server.watch.timeout = 10s (default)
2019-09-26 10:06:29,086 [cf63bf87-7688-4ba8-af45-4d7c49885422@group-4209BA40E679:LeaderElection253] INFO  server.RaftServerConfigKeys (ConfUtils.java:logGet(43)) - raft.server.watch.element-limit = 65536 (default)
2019-09-26 10:06:29,086 [4994e2c1-9eac-430d-be8a-cb30a727a84e@group-3930F033ECA2:LeaderElection250] INFO  server.RaftServerConfigKeys (ConfUtils.java:logGet(43)) - raft.server.watch.timeout = 10s (default)
2019-09-26 10:06:29,086 [70c8131f-7846-4be9-9772-9c08fe1e82d9@group-D419E5CE76A6:LeaderElection245] INFO  server.RaftServerConfigKeys (ConfUtils.java:logGet(43)) - raft.server.watch.element-limit = 65536 (default)
2019-09-26 10:06:29,086 [70c8131f-7846-4be9-9772-9c08fe1e82d9@group-2FC5C9C63618:LeaderElection249] INFO  impl.RaftServerImpl (ServerState.java:setLeader(253)) - 70c8131f-7846-4be9-9772-9c08fe1e82d9@group-2FC5C9C63618: change Leader from null to 70c8131f-7846-4be9-9772-9c08fe1e82d9 at term 1 for becomeLeader, leader elected after 5633ms
2019-09-26 10:06:29,088 [4994e2c1-9eac-430d-be8a-cb30a727a84e@group-3930F033ECA2:LeaderElection250] INFO  server.RaftServerConfigKeys (ConfUtils.java:logGet(43)) - raft.server.watch.timeout.denomination = 1s (default)
2019-09-26 10:06:29,088 [cf63bf87-7688-4ba8-af45-4d7c49885422@group-0766567AA2C7:LeaderElection251] INFO  server.RaftServerConfigKeys (ConfUtils.java:logGet(43)) - raft.server.watch.timeout.denomination = 1s (default)
2019-09-26 10:06:29,089 [cf63bf87-7688-4ba8-af45-4d7c49885422@group-0766567AA2C7:LeaderElection251] INFO  server.RaftServerConfigKeys (ConfUtils.java:logGet(43)) - raft.server.watch.element-limit = 65536 (default)
2019-09-26 10:06:29,088 [cf63bf87-7688-4ba8-af45-4d7c49885422@group-971AA5EE5BC8:LeaderElection254] INFO  server.RaftServerConfigKeys (ConfUtils.java:logGet(43)) - raft.server.staging.catchup.gap = 1000 (default)
2019-09-26 10:06:29,089 [cf63bf87-7688-4ba8-af45-4d7c49885422@group-971AA5EE5BC8:LeaderElection254] INFO  server.RaftServerConfigKeys (ConfUtils.java:logGet(43)) - raft.server.rpc.sleep.time = 25ms (default)
2019-09-26 10:06:29,088 [445ae746-534e-4611-8a14-965c0672a28b@group-90F76F749C05:LeaderElection255] INFO  server.RaftServerConfigKeys (ConfUtils.java:logGet(43)) - raft.server.staging.catchup.gap = 1000 (default)
2019-09-26 10:06:29,090 [445ae746-534e-4611-8a14-965c0672a28b@group-90F76F749C05:LeaderElection255] INFO  server.RaftServerConfigKeys (ConfUtils.java:logGet(43)) - raft.server.rpc.sleep.time = 25ms (default)
2019-09-26 10:06:29,087 [4994e2c1-9eac-430d-be8a-cb30a727a84e@group-C553D199FAE6:LeaderElection248] INFO  server.RaftServerConfigKeys (ConfUtils.java:logGet(43)) - raft.server.watch.timeout.denomination = 1s (default)
2019-09-26 10:06:29,090 [445ae746-534e-4611-8a14-965c0672a28b@group-90F76F749C05:LeaderElection255] INFO  server.RaftServerConfigKeys (ConfUtils.java:logGet(43)) - raft.server.write.element-limit = 4096 (default)
2019-09-26 10:06:29,089 [cf63bf87-7688-4ba8-af45-4d7c49885422@group-971AA5EE5BC8:LeaderElection254] INFO  server.RaftServerConfigKeys (ConfUtils.java:logGet(43)) - raft.server.write.element-limit = 4096 (default)
2019-09-26 10:06:29,089 [4994e2c1-9eac-430d-be8a-cb30a727a84e@group-3930F033ECA2:LeaderElection250] INFO  server.RaftServerConfigKeys (ConfUtils.java:logGet(43)) - raft.server.watch.element-limit = 65536 (default)
2019-09-26 10:06:29,089 [70c8131f-7846-4be9-9772-9c08fe1e82d9@group-2FC5C9C63618:LeaderElection249] INFO  server.RaftServerConfigKeys (ConfUtils.java:logGet(43)) - raft.server.staging.catchup.gap = 1000 (default)
2019-09-26 10:06:29,090 [cf63bf87-7688-4ba8-af45-4d7c49885422@group-3FB4B7B9010C:LeaderElection247] INFO  impl.RoleInfo (RoleInfo.java:updateAndGet(143)) - cf63bf87-7688-4ba8-af45-4d7c49885422: start LeaderState
2019-09-26 10:06:29,090 [cf63bf87-7688-4ba8-af45-4d7c49885422@group-971AA5EE5BC8:LeaderElection254] INFO  server.RaftServerConfigKeys (ConfUtils.java:logGet(43)) - raft.server.watch.timeout = 10s (default)
2019-09-26 10:06:29,090 [445ae746-534e-4611-8a14-965c0672a28b@group-90F76F749C05:LeaderElection255] INFO  server.RaftServerConfigKeys (ConfUtils.java:logGet(43)) - raft.server.watch.timeout = 10s (default)
2019-09-26 10:06:29,090 [4994e2c1-9eac-430d-be8a-cb30a727a84e@group-C553D199FAE6:LeaderElection248] INFO  server.RaftServerConfigKeys (ConfUtils.java:logGet(43)) - raft.server.watch.element-limit = 65536 (default)
2019-09-26 10:06:29,091 [445ae746-534e-4611-8a14-965c0672a28b@group-90F76F749C05:LeaderElection255] INFO  server.RaftServerConfigKeys (ConfUtils.java:logGet(43)) - raft.server.watch.timeout.denomination = 1s (default)
2019-09-26 10:06:29,091 [445ae746-534e-4611-8a14-965c0672a28b@group-90F76F749C05:LeaderElection255] INFO  server.RaftServerConfigKeys (ConfUtils.java:logGet(43)) - raft.server.watch.element-limit = 65536 (default)
2019-09-26 10:06:29,091 [cf63bf87-7688-4ba8-af45-4d7c49885422@group-971AA5EE5BC8:LeaderElection254] INFO  server.RaftServerConfigKeys (ConfUtils.java:logGet(43)) - raft.server.watch.timeout.denomination = 1s (default)
2019-09-26 10:06:29,091 [cf63bf87-7688-4ba8-af45-4d7c49885422@group-3FB4B7B9010C:LeaderElection247] INFO  segmented.SegmentedRaftLogWorker (SegmentedRaftLogWorker.java:startLogSegment(380)) - cf63bf87-7688-4ba8-af45-4d7c49885422@group-3FB4B7B9010C-SegmentedRaftLogWorker: Starting segment from index:0
2019-09-26 10:06:29,090 [70c8131f-7846-4be9-9772-9c08fe1e82d9@group-2FC5C9C63618:LeaderElection249] INFO  server.RaftServerConfigKeys (ConfUtils.java:logGet(43)) - raft.server.rpc.sleep.time = 25ms (default)
2019-09-26 10:06:29,091 [cf63bf87-7688-4ba8-af45-4d7c49885422@group-971AA5EE5BC8:LeaderElection254] INFO  server.RaftServerConfigKeys (ConfUtils.java:logGet(43)) - raft.server.watch.element-limit = 65536 (default)
2019-09-26 10:06:29,092 [70c8131f-7846-4be9-9772-9c08fe1e82d9@group-2FC5C9C63618:LeaderElection249] INFO  server.RaftServerConfigKeys (ConfUtils.java:logGet(43)) - raft.server.write.element-limit = 4096 (default)
2019-09-26 10:06:29,092 [cf63bf87-7688-4ba8-af45-4d7c49885422@group-3FB4B7B9010C:LeaderElection247] INFO  impl.RaftServerImpl (ServerState.java:setRaftConf(354)) - cf63bf87-7688-4ba8-af45-4d7c49885422@group-3FB4B7B9010C: set configuration 0: [cf63bf87-7688-4ba8-af45-4d7c49885422:192.168.30.13:43103], old=null at 0
2019-09-26 10:06:29,092 [70c8131f-7846-4be9-9772-9c08fe1e82d9@group-2FC5C9C63618:LeaderElection249] INFO  server.RaftServerConfigKeys (ConfUtils.java:logGet(43)) - raft.server.watch.timeout = 10s (default)
2019-09-26 10:06:29,092 [70c8131f-7846-4be9-9772-9c08fe1e82d9@group-2FC5C9C63618:LeaderElection249] INFO  server.RaftServerConfigKeys (ConfUtils.java:logGet(43)) - raft.server.watch.timeout.denomination = 1s (default)
2019-09-26 10:06:29,092 [4994e2c1-9eac-430d-be8a-cb30a727a84e@group-423C73F4A4EA:LeaderElection256] INFO  impl.LeaderElection (LeaderElection.java:askForVotes(182)) - 4994e2c1-9eac-430d-be8a-cb30a727a84e@group-423C73F4A4EA:LeaderElection256: begin an election at term 1 for -1: [4994e2c1-9eac-430d-be8a-cb30a727a84e:192.168.30.13:35200], old=null
2019-09-26 10:06:29,092 [4994e2c1-9eac-430d-be8a-cb30a727a84e@group-AD4454FCAD24:LeaderElection257] INFO  impl.LeaderElection (LeaderElection.java:askForVotes(182)) - 4994e2c1-9eac-430d-be8a-cb30a727a84e@group-AD4454FCAD24:LeaderElection257: begin an election at term 1 for -1: [4994e2c1-9eac-430d-be8a-cb30a727a84e:192.168.30.13:35200], old=null
2019-09-26 10:06:29,093 [4994e2c1-9eac-430d-be8a-cb30a727a84e@group-423C73F4A4EA:LeaderElection256] INFO  impl.RoleInfo (RoleInfo.java:shutdownLeaderElection(134)) - 4994e2c1-9eac-430d-be8a-cb30a727a84e: shutdown LeaderElection
2019-09-26 10:06:29,093 [70c8131f-7846-4be9-9772-9c08fe1e82d9@group-2FC5C9C63618:LeaderElection249] INFO  server.RaftServerConfigKeys (ConfUtils.java:logGet(43)) - raft.server.watch.element-limit = 65536 (default)
2019-09-26 10:06:29,093 [4994e2c1-9eac-430d-be8a-cb30a727a84e@group-423C73F4A4EA:LeaderElection256] INFO  impl.RaftServerImpl (RaftServerImpl.java:setRole(174)) - 4994e2c1-9eac-430d-be8a-cb30a727a84e@group-423C73F4A4EA: changes role from CANDIDATE to LEADER at term 1 for changeToLeader
2019-09-26 10:06:29,093 [4994e2c1-9eac-430d-be8a-cb30a727a84e@group-AD4454FCAD24:LeaderElection257] INFO  impl.RoleInfo (RoleInfo.java:shutdownLeaderElection(134)) - 4994e2c1-9eac-430d-be8a-cb30a727a84e: shutdown LeaderElection
2019-09-26 10:06:29,093 [4994e2c1-9eac-430d-be8a-cb30a727a84e@group-423C73F4A4EA:LeaderElection256] INFO  impl.RaftServerImpl (ServerState.java:setLeader(253)) - 4994e2c1-9eac-430d-be8a-cb30a727a84e@group-423C73F4A4EA: change Leader from null to 4994e2c1-9eac-430d-be8a-cb30a727a84e at term 1 for becomeLeader, leader elected after 5153ms
2019-09-26 10:06:29,093 [4994e2c1-9eac-430d-be8a-cb30a727a84e@group-AD4454FCAD24:LeaderElection257] INFO  impl.RaftServerImpl (RaftServerImpl.java:setRole(174)) - 4994e2c1-9eac-430d-be8a-cb30a727a84e@group-AD4454FCAD24: changes role from CANDIDATE to LEADER at term 1 for changeToLeader
2019-09-26 10:06:29,094 [4994e2c1-9eac-430d-be8a-cb30a727a84e@group-423C73F4A4EA:LeaderElection256] INFO  server.RaftServerConfigKeys (ConfUtils.java:logGet(43)) - raft.server.staging.catchup.gap = 1000 (default)
2019-09-26 10:06:29,094 [4994e2c1-9eac-430d-be8a-cb30a727a84e@group-AD4454FCAD24:LeaderElection257] INFO  impl.RaftServerImpl (ServerState.java:setLeader(253)) - 4994e2c1-9eac-430d-be8a-cb30a727a84e@group-AD4454FCAD24: change Leader from null to 4994e2c1-9eac-430d-be8a-cb30a727a84e at term 1 for becomeLeader, leader elected after 5200ms
2019-09-26 10:06:29,094 [4994e2c1-9eac-430d-be8a-cb30a727a84e@group-423C73F4A4EA:LeaderElection256] INFO  server.RaftServerConfigKeys (ConfUtils.java:logGet(43)) - raft.server.rpc.sleep.time = 25ms (default)
2019-09-26 10:06:29,094 [4994e2c1-9eac-430d-be8a-cb30a727a84e@group-AD4454FCAD24:LeaderElection257] INFO  server.RaftServerConfigKeys (ConfUtils.java:logGet(43)) - raft.server.staging.catchup.gap = 1000 (default)
2019-09-26 10:06:29,094 [4994e2c1-9eac-430d-be8a-cb30a727a84e@group-423C73F4A4EA:LeaderElection256] INFO  server.RaftServerConfigKeys (ConfUtils.java:logGet(43)) - raft.server.write.element-limit = 4096 (default)
2019-09-26 10:06:29,094 [4994e2c1-9eac-430d-be8a-cb30a727a84e@group-AD4454FCAD24:LeaderElection257] INFO  server.RaftServerConfigKeys (ConfUtils.java:logGet(43)) - raft.server.rpc.sleep.time = 25ms (default)
2019-09-26 10:06:29,094 [4994e2c1-9eac-430d-be8a-cb30a727a84e@group-423C73F4A4EA:LeaderElection256] INFO  server.RaftServerConfigKeys (ConfUtils.java:logGet(43)) - raft.server.watch.timeout = 10s (default)
2019-09-26 10:06:29,095 [4994e2c1-9eac-430d-be8a-cb30a727a84e@group-AD4454FCAD24:LeaderElection257] INFO  server.RaftServerConfigKeys (ConfUtils.java:logGet(43)) - raft.server.write.element-limit = 4096 (default)
2019-09-26 10:06:29,095 [4994e2c1-9eac-430d-be8a-cb30a727a84e@group-423C73F4A4EA:LeaderElection256] INFO  server.RaftServerConfigKeys (ConfUtils.java:logGet(43)) - raft.server.watch.timeout.denomination = 1s (default)
2019-09-26 10:06:29,095 [4994e2c1-9eac-430d-be8a-cb30a727a84e@group-AD4454FCAD24:LeaderElection257] INFO  server.RaftServerConfigKeys (ConfUtils.java:logGet(43)) - raft.server.watch.timeout = 10s (default)
2019-09-26 10:06:29,095 [4994e2c1-9eac-430d-be8a-cb30a727a84e@group-423C73F4A4EA:LeaderElection256] INFO  server.RaftServerConfigKeys (ConfUtils.java:logGet(43)) - raft.server.watch.element-limit = 65536 (default)
2019-09-26 10:06:29,095 [cf63bf87-7688-4ba8-af45-4d7c49885422@group-D6D7E1486B88:LeaderElection252] INFO  impl.RoleInfo (RoleInfo.java:updateAndGet(143)) - cf63bf87-7688-4ba8-af45-4d7c49885422: start LeaderState
2019-09-26 10:06:29,095 [4994e2c1-9eac-430d-be8a-cb30a727a84e@group-AD4454FCAD24:LeaderElection257] INFO  server.RaftServerConfigKeys (ConfUtils.java:logGet(43)) - raft.server.watch.timeout.denomination = 1s (default)
2019-09-26 10:06:29,095 [cf63bf87-7688-4ba8-af45-4d7c49885422@group-D6D7E1486B88:LeaderElection252] INFO  segmented.SegmentedRaftLogWorker (SegmentedRaftLogWorker.java:startLogSegment(380)) - cf63bf87-7688-4ba8-af45-4d7c49885422@group-D6D7E1486B88-SegmentedRaftLogWorker: Starting segment from index:0
2019-09-26 10:06:29,096 [4994e2c1-9eac-430d-be8a-cb30a727a84e@group-AD4454FCAD24:LeaderElection257] INFO  server.RaftServerConfigKeys (ConfUtils.java:logGet(43)) - raft.server.watch.element-limit = 65536 (default)
2019-09-26 10:06:29,096 [cf63bf87-7688-4ba8-af45-4d7c49885422@group-D6D7E1486B88:LeaderElection252] INFO  impl.RaftServerImpl (ServerState.java:setRaftConf(354)) - cf63bf87-7688-4ba8-af45-4d7c49885422@group-D6D7E1486B88: set configuration 0: [cf63bf87-7688-4ba8-af45-4d7c49885422:192.168.30.13:43103], old=null at 0
2019-09-26 10:06:29,098 [cf63bf87-7688-4ba8-af45-4d7c49885422@group-4209BA40E679:LeaderElection253] INFO  impl.RoleInfo (RoleInfo.java:updateAndGet(143)) - cf63bf87-7688-4ba8-af45-4d7c49885422: start LeaderState
2019-09-26 10:06:29,098 [cf63bf87-7688-4ba8-af45-4d7c49885422@group-4209BA40E679:LeaderElection253] INFO  segmented.SegmentedRaftLogWorker (SegmentedRaftLogWorker.java:startLogSegment(380)) - cf63bf87-7688-4ba8-af45-4d7c49885422@group-4209BA40E679-SegmentedRaftLogWorker: Starting segment from index:0
2019-09-26 10:06:29,098 [cf63bf87-7688-4ba8-af45-4d7c49885422@group-4209BA40E679:LeaderElection253] INFO  impl.RaftServerImpl (ServerState.java:setRaftConf(354)) - cf63bf87-7688-4ba8-af45-4d7c49885422@group-4209BA40E679: set configuration 0: [cf63bf87-7688-4ba8-af45-4d7c49885422:192.168.30.13:43103], old=null at 0
2019-09-26 10:06:29,100 [70c8131f-7846-4be9-9772-9c08fe1e82d9@group-D419E5CE76A6:LeaderElection245] INFO  impl.RoleInfo (RoleInfo.java:updateAndGet(143)) - 70c8131f-7846-4be9-9772-9c08fe1e82d9: start LeaderState
2019-09-26 10:06:29,100 [70c8131f-7846-4be9-9772-9c08fe1e82d9@group-D419E5CE76A6:LeaderElection245] INFO  segmented.SegmentedRaftLogWorker (SegmentedRaftLogWorker.java:startLogSegment(380)) - 70c8131f-7846-4be9-9772-9c08fe1e82d9@group-D419E5CE76A6-SegmentedRaftLogWorker: Starting segment from index:0
2019-09-26 10:06:29,101 [70c8131f-7846-4be9-9772-9c08fe1e82d9@group-D419E5CE76A6:LeaderElection245] INFO  impl.RaftServerImpl (ServerState.java:setRaftConf(354)) - 70c8131f-7846-4be9-9772-9c08fe1e82d9@group-D419E5CE76A6: set configuration 0: [70c8131f-7846-4be9-9772-9c08fe1e82d9:192.168.30.13:43476], old=null at 0
2019-09-26 10:06:29,102 [cf63bf87-7688-4ba8-af45-4d7c49885422@group-0766567AA2C7:LeaderElection251] INFO  impl.RoleInfo (RoleInfo.java:updateAndGet(143)) - cf63bf87-7688-4ba8-af45-4d7c49885422: start LeaderState
2019-09-26 10:06:29,102 [cf63bf87-7688-4ba8-af45-4d7c49885422@group-0766567AA2C7:LeaderElection251] INFO  segmented.SegmentedRaftLogWorker (SegmentedRaftLogWorker.java:startLogSegment(380)) - cf63bf87-7688-4ba8-af45-4d7c49885422@group-0766567AA2C7-SegmentedRaftLogWorker: Starting segment from index:0
2019-09-26 10:06:29,102 [cf63bf87-7688-4ba8-af45-4d7c49885422@group-0766567AA2C7:LeaderElection251] INFO  impl.RaftServerImpl (ServerState.java:setRaftConf(354)) - cf63bf87-7688-4ba8-af45-4d7c49885422@group-0766567AA2C7: set configuration 0: [cf63bf87-7688-4ba8-af45-4d7c49885422:192.168.30.13:43103], old=null at 0
2019-09-26 10:06:29,104 [4994e2c1-9eac-430d-be8a-cb30a727a84e@group-3930F033ECA2:LeaderElection250] INFO  impl.RoleInfo (RoleInfo.java:updateAndGet(143)) - 4994e2c1-9eac-430d-be8a-cb30a727a84e: start LeaderState
2019-09-26 10:06:29,104 [4994e2c1-9eac-430d-be8a-cb30a727a84e@group-3930F033ECA2:LeaderElection250] INFO  segmented.SegmentedRaftLogWorker (SegmentedRaftLogWorker.java:startLogSegment(380)) - 4994e2c1-9eac-430d-be8a-cb30a727a84e@group-3930F033ECA2-SegmentedRaftLogWorker: Starting segment from index:0
2019-09-26 10:06:29,105 [4994e2c1-9eac-430d-be8a-cb30a727a84e@group-3930F033ECA2:LeaderElection250] INFO  impl.RaftServerImpl (ServerState.java:setRaftConf(354)) - 4994e2c1-9eac-430d-be8a-cb30a727a84e@group-3930F033ECA2: set configuration 0: [4994e2c1-9eac-430d-be8a-cb30a727a84e:192.168.30.13:35200], old=null at 0
2019-09-26 10:06:29,105 [4994e2c1-9eac-430d-be8a-cb30a727a84e@group-C553D199FAE6:LeaderElection248] INFO  impl.RoleInfo (RoleInfo.java:updateAndGet(143)) - 4994e2c1-9eac-430d-be8a-cb30a727a84e: start LeaderState
2019-09-26 10:06:29,105 [445ae746-534e-4611-8a14-965c0672a28b@group-90F76F749C05:LeaderElection255] INFO  impl.RoleInfo (RoleInfo.java:updateAndGet(143)) - 445ae746-534e-4611-8a14-965c0672a28b: start LeaderState
2019-09-26 10:06:29,105 [4994e2c1-9eac-430d-be8a-cb30a727a84e@group-C553D199FAE6:LeaderElection248] INFO  segmented.SegmentedRaftLogWorker (SegmentedRaftLogWorker.java:startLogSegment(380)) - 4994e2c1-9eac-430d-be8a-cb30a727a84e@group-C553D199FAE6-SegmentedRaftLogWorker: Starting segment from index:0
2019-09-26 10:06:29,106 [445ae746-534e-4611-8a14-965c0672a28b@group-90F76F749C05:LeaderElection255] INFO  segmented.SegmentedRaftLogWorker (SegmentedRaftLogWorker.java:startLogSegment(380)) - 445ae746-534e-4611-8a14-965c0672a28b@group-90F76F749C05-SegmentedRaftLogWorker: Starting segment from index:0
2019-09-26 10:06:29,106 [cf63bf87-7688-4ba8-af45-4d7c49885422@group-971AA5EE5BC8:LeaderElection254] INFO  impl.RoleInfo (RoleInfo.java:updateAndGet(143)) - cf63bf87-7688-4ba8-af45-4d7c49885422: start LeaderState
2019-09-26 10:06:29,106 [4994e2c1-9eac-430d-be8a-cb30a727a84e@group-C553D199FAE6:LeaderElection248] INFO  impl.RaftServerImpl (ServerState.java:setRaftConf(354)) - 4994e2c1-9eac-430d-be8a-cb30a727a84e@group-C553D199FAE6: set configuration 0: [4994e2c1-9eac-430d-be8a-cb30a727a84e:192.168.30.13:35200], old=null at 0
2019-09-26 10:06:29,106 [445ae746-534e-4611-8a14-965c0672a28b@group-90F76F749C05:LeaderElection255] INFO  impl.RaftServerImpl (ServerState.java:setRaftConf(354)) - 445ae746-534e-4611-8a14-965c0672a28b@group-90F76F749C05: set configuration 0: [445ae746-534e-4611-8a14-965c0672a28b:192.168.30.13:35533], old=null at 0
2019-09-26 10:06:29,106 [cf63bf87-7688-4ba8-af45-4d7c49885422@group-971AA5EE5BC8:LeaderElection254] INFO  segmented.SegmentedRaftLogWorker (SegmentedRaftLogWorker.java:startLogSegment(380)) - cf63bf87-7688-4ba8-af45-4d7c49885422@group-971AA5EE5BC8-SegmentedRaftLogWorker: Starting segment from index:0
2019-09-26 10:06:29,106 [445ae746-534e-4611-8a14-965c0672a28b@group-230FAAC88C36:LeaderElection258] INFO  impl.LeaderElection (LeaderElection.java:askForVotes(182)) - 445ae746-534e-4611-8a14-965c0672a28b@group-230FAAC88C36:LeaderElection258: begin an election at term 1 for -1: [445ae746-534e-4611-8a14-965c0672a28b:192.168.30.13:35533], old=null
2019-09-26 10:06:29,107 [70c8131f-7846-4be9-9772-9c08fe1e82d9@group-2FC5C9C63618:LeaderElection249] INFO  impl.RoleInfo (RoleInfo.java:updateAndGet(143)) - 70c8131f-7846-4be9-9772-9c08fe1e82d9: start LeaderState
2019-09-26 10:06:29,107 [cf63bf87-7688-4ba8-af45-4d7c49885422@group-971AA5EE5BC8:LeaderElection254] INFO  impl.RaftServerImpl (ServerState.java:setRaftConf(354)) - cf63bf87-7688-4ba8-af45-4d7c49885422@group-971AA5EE5BC8: set configuration 0: [cf63bf87-7688-4ba8-af45-4d7c49885422:192.168.30.13:43103], old=null at 0
2019-09-26 10:06:29,107 [445ae746-534e-4611-8a14-965c0672a28b@group-230FAAC88C36:LeaderElection258] INFO  impl.RoleInfo (RoleInfo.java:shutdownLeaderElection(134)) - 445ae746-534e-4611-8a14-965c0672a28b: shutdown LeaderElection
2019-09-26 10:06:29,107 [4994e2c1-9eac-430d-be8a-cb30a727a84e@group-423C73F4A4EA:LeaderElection256] INFO  impl.RoleInfo (RoleInfo.java:updateAndGet(143)) - 4994e2c1-9eac-430d-be8a-cb30a727a84e: start LeaderState
2019-09-26 10:06:29,108 [4994e2c1-9eac-430d-be8a-cb30a727a84e@group-AD4454FCAD24:LeaderElection257] INFO  impl.RoleInfo (RoleInfo.java:updateAndGet(143)) - 4994e2c1-9eac-430d-be8a-cb30a727a84e: start LeaderState
2019-09-26 10:06:29,107 [70c8131f-7846-4be9-9772-9c08fe1e82d9@group-2FC5C9C63618:LeaderElection249] INFO  segmented.SegmentedRaftLogWorker (SegmentedRaftLogWorker.java:startLogSegment(380)) - 70c8131f-7846-4be9-9772-9c08fe1e82d9@group-2FC5C9C63618-SegmentedRaftLogWorker: Starting segment from index:0
2019-09-26 10:06:29,108 [4994e2c1-9eac-430d-be8a-cb30a727a84e@group-AD4454FCAD24:LeaderElection257] INFO  segmented.SegmentedRaftLogWorker (SegmentedRaftLogWorker.java:startLogSegment(380)) - 4994e2c1-9eac-430d-be8a-cb30a727a84e@group-AD4454FCAD24-SegmentedRaftLogWorker: Starting segment from index:0
2019-09-26 10:06:29,108 [4994e2c1-9eac-430d-be8a-cb30a727a84e@group-423C73F4A4EA:LeaderElection256] INFO  segmented.SegmentedRaftLogWorker (SegmentedRaftLogWorker.java:startLogSegment(380)) - 4994e2c1-9eac-430d-be8a-cb30a727a84e@group-423C73F4A4EA-SegmentedRaftLogWorker: Starting segment from index:0
2019-09-26 10:06:29,108 [445ae746-534e-4611-8a14-965c0672a28b@group-230FAAC88C36:LeaderElection258] INFO  impl.RaftServerImpl (RaftServerImpl.java:setRole(174)) - 445ae746-534e-4611-8a14-965c0672a28b@group-230FAAC88C36: changes role from CANDIDATE to LEADER at term 1 for changeToLeader
2019-09-26 10:06:29,108 [70c8131f-7846-4be9-9772-9c08fe1e82d9@group-2FC5C9C63618:LeaderElection249] INFO  impl.RaftServerImpl (ServerState.java:setRaftConf(354)) - 70c8131f-7846-4be9-9772-9c08fe1e82d9@group-2FC5C9C63618: set configuration 0: [70c8131f-7846-4be9-9772-9c08fe1e82d9:192.168.30.13:43476], old=null at 0
2019-09-26 10:06:29,109 [445ae746-534e-4611-8a14-965c0672a28b@group-230FAAC88C36:LeaderElection258] INFO  impl.RaftServerImpl (ServerState.java:setLeader(253)) - 445ae746-534e-4611-8a14-965c0672a28b@group-230FAAC88C36: change Leader from null to 445ae746-534e-4611-8a14-965c0672a28b at term 1 for becomeLeader, leader elected after 5261ms
2019-09-26 10:06:29,109 [4994e2c1-9eac-430d-be8a-cb30a727a84e@group-423C73F4A4EA:LeaderElection256] INFO  impl.RaftServerImpl (ServerState.java:setRaftConf(354)) - 4994e2c1-9eac-430d-be8a-cb30a727a84e@group-423C73F4A4EA: set configuration 0: [4994e2c1-9eac-430d-be8a-cb30a727a84e:192.168.30.13:35200], old=null at 0
2019-09-26 10:06:29,109 [4994e2c1-9eac-430d-be8a-cb30a727a84e@group-AD4454FCAD24:LeaderElection257] INFO  impl.RaftServerImpl (ServerState.java:setRaftConf(354)) - 4994e2c1-9eac-430d-be8a-cb30a727a84e@group-AD4454FCAD24: set configuration 0: [4994e2c1-9eac-430d-be8a-cb30a727a84e:192.168.30.13:35200], old=null at 0
2019-09-26 10:06:29,109 [445ae746-534e-4611-8a14-965c0672a28b@group-230FAAC88C36:LeaderElection258] INFO  server.RaftServerConfigKeys (ConfUtils.java:logGet(43)) - raft.server.staging.catchup.gap = 1000 (default)
2019-09-26 10:06:29,110 [445ae746-534e-4611-8a14-965c0672a28b@group-230FAAC88C36:LeaderElection258] INFO  server.RaftServerConfigKeys (ConfUtils.java:logGet(43)) - raft.server.rpc.sleep.time = 25ms (default)
2019-09-26 10:06:29,110 [445ae746-534e-4611-8a14-965c0672a28b@group-230FAAC88C36:LeaderElection258] INFO  server.RaftServerConfigKeys (ConfUtils.java:logGet(43)) - raft.server.write.element-limit = 4096 (default)
2019-09-26 10:06:29,110 [445ae746-534e-4611-8a14-965c0672a28b@group-230FAAC88C36:LeaderElection258] INFO  server.RaftServerConfigKeys (ConfUtils.java:logGet(43)) - raft.server.watch.timeout = 10s (default)
2019-09-26 10:06:29,110 [445ae746-534e-4611-8a14-965c0672a28b@group-230FAAC88C36:LeaderElection258] INFO  server.RaftServerConfigKeys (ConfUtils.java:logGet(43)) - raft.server.watch.timeout.denomination = 1s (default)
2019-09-26 10:06:29,110 [445ae746-534e-4611-8a14-965c0672a28b@group-230FAAC88C36:LeaderElection258] INFO  server.RaftServerConfigKeys (ConfUtils.java:logGet(43)) - raft.server.watch.element-limit = 65536 (default)
2019-09-26 10:06:29,113 [445ae746-534e-4611-8a14-965c0672a28b@group-230FAAC88C36:LeaderElection258] INFO  impl.RoleInfo (RoleInfo.java:updateAndGet(143)) - 445ae746-534e-4611-8a14-965c0672a28b: start LeaderState
2019-09-26 10:06:29,113 [445ae746-534e-4611-8a14-965c0672a28b@group-230FAAC88C36:LeaderElection258] INFO  segmented.SegmentedRaftLogWorker (SegmentedRaftLogWorker.java:startLogSegment(380)) - 445ae746-534e-4611-8a14-965c0672a28b@group-230FAAC88C36-SegmentedRaftLogWorker: Starting segment from index:0
2019-09-26 10:06:29,113 [445ae746-534e-4611-8a14-965c0672a28b@group-230FAAC88C36:LeaderElection258] INFO  impl.RaftServerImpl (ServerState.java:setRaftConf(354)) - 445ae746-534e-4611-8a14-965c0672a28b@group-230FAAC88C36: set configuration 0: [445ae746-534e-4611-8a14-965c0672a28b:192.168.30.13:35533], old=null at 0
2019-09-26 10:06:29,119 [Thread-3215] INFO  impl.FollowerState (FollowerState.java:run(106)) - 445ae746-534e-4611-8a14-965c0672a28b:group-DEA1073B3F08 changes to CANDIDATE, lastRpcTime:5038, electionTimeout:5038ms
2019-09-26 10:06:29,120 [Thread-3215] INFO  impl.RoleInfo (RoleInfo.java:shutdownFollowerState(121)) - 445ae746-534e-4611-8a14-965c0672a28b: shutdown FollowerState
2019-09-26 10:06:29,120 [Thread-3215] INFO  impl.RaftServerImpl (RaftServerImpl.java:setRole(174)) - 445ae746-534e-4611-8a14-965c0672a28b@group-DEA1073B3F08: changes role from  FOLLOWER to CANDIDATE at term 0 for changeToCandidate
2019-09-26 10:06:29,120 [Thread-3215] INFO  impl.RoleInfo (RoleInfo.java:updateAndGet(143)) - 445ae746-534e-4611-8a14-965c0672a28b: start LeaderElection
2019-09-26 10:06:29,141 [EventQueue-StaleNodeForStaleNodeHandler] INFO  node.StaleNodeHandler (StaleNodeHandler.java:onMessage(58)) - Datanode 3fdc1795-13a2-484d-a1b3-617bb4b52936{ip: 192.168.30.13, host: pr-hdds-1569-wvzgm-824869521, networkLocation: /default-rack, certSerialId: null} moved to stale state. Finalizing its pipelines [PipelineID=bb41d00c-19f9-46a6-8309-21ca7c0f6f9e, PipelineID=d7690786-1153-4e31-ab8f-27526f59899a, PipelineID=8988abf8-6b9f-4408-baeb-bbbfbe8b389c, PipelineID=f54c939b-2386-4493-9f2d-e9424c152f2c, PipelineID=f320938c-56dc-4f46-9404-d8d3b56dce1a, PipelineID=4439a273-abaa-4f29-acb8-5a9f0c104790]
2019-09-26 10:06:29,142 [EventQueue-StaleNodeForStaleNodeHandler] INFO  pipeline.SCMPipelineManager (SCMPipelineManager.java:finalizeAndDestroyPipeline(316)) - destroying pipeline:Pipeline[ Id: bb41d00c-19f9-46a6-8309-21ca7c0f6f9e, Nodes: 3fdc1795-13a2-484d-a1b3-617bb4b52936{ip: 192.168.30.13, host: pr-hdds-1569-wvzgm-824869521, networkLocation: /default-rack, certSerialId: null}, Type:RATIS, Factor:ONE, State:OPEN]
2019-09-26 10:06:29,142 [EventQueue-StaleNodeForStaleNodeHandler] INFO  pipeline.PipelineStateManager (PipelineStateManager.java:finalizePipeline(123)) - Pipeline Pipeline[ Id: bb41d00c-19f9-46a6-8309-21ca7c0f6f9e, Nodes: 3fdc1795-13a2-484d-a1b3-617bb4b52936{ip: 192.168.30.13, host: pr-hdds-1569-wvzgm-824869521, networkLocation: /default-rack, certSerialId: null}, Type:RATIS, Factor:ONE, State:CLOSED] moved to CLOSED state
2019-09-26 10:06:29,142 [EventQueue-StaleNodeForStaleNodeHandler] INFO  pipeline.SCMPipelineManager (SCMPipelineManager.java:finalizeAndDestroyPipeline(316)) - destroying pipeline:Pipeline[ Id: d7690786-1153-4e31-ab8f-27526f59899a, Nodes: 3fdc1795-13a2-484d-a1b3-617bb4b52936{ip: 192.168.30.13, host: pr-hdds-1569-wvzgm-824869521, networkLocation: /default-rack, certSerialId: null}, Type:RATIS, Factor:ONE, State:OPEN]
2019-09-26 10:06:29,142 [EventQueue-StaleNodeForStaleNodeHandler] INFO  pipeline.PipelineStateManager (PipelineStateManager.java:finalizePipeline(123)) - Pipeline Pipeline[ Id: d7690786-1153-4e31-ab8f-27526f59899a, Nodes: 3fdc1795-13a2-484d-a1b3-617bb4b52936{ip: 192.168.30.13, host: pr-hdds-1569-wvzgm-824869521, networkLocation: /default-rack, certSerialId: null}, Type:RATIS, Factor:ONE, State:CLOSED] moved to CLOSED state
2019-09-26 10:06:29,142 [EventQueue-StaleNodeForStaleNodeHandler] INFO  pipeline.SCMPipelineManager (SCMPipelineManager.java:finalizeAndDestroyPipeline(316)) - destroying pipeline:Pipeline[ Id: 8988abf8-6b9f-4408-baeb-bbbfbe8b389c, Nodes: 3fdc1795-13a2-484d-a1b3-617bb4b52936{ip: 192.168.30.13, host: pr-hdds-1569-wvzgm-824869521, networkLocation: /default-rack, certSerialId: null}, Type:RATIS, Factor:ONE, State:OPEN]
2019-09-26 10:06:29,142 [EventQueue-StaleNodeForStaleNodeHandler] INFO  pipeline.PipelineStateManager (PipelineStateManager.java:finalizePipeline(123)) - Pipeline Pipeline[ Id: 8988abf8-6b9f-4408-baeb-bbbfbe8b389c, Nodes: 3fdc1795-13a2-484d-a1b3-617bb4b52936{ip: 192.168.30.13, host: pr-hdds-1569-wvzgm-824869521, networkLocation: /default-rack, certSerialId: null}, Type:RATIS, Factor:ONE, State:CLOSED] moved to CLOSED state
2019-09-26 10:06:29,142 [EventQueue-StaleNodeForStaleNodeHandler] INFO  pipeline.SCMPipelineManager (SCMPipelineManager.java:finalizeAndDestroyPipeline(316)) - destroying pipeline:Pipeline[ Id: f54c939b-2386-4493-9f2d-e9424c152f2c, Nodes: 3fdc1795-13a2-484d-a1b3-617bb4b52936{ip: 192.168.30.13, host: pr-hdds-1569-wvzgm-824869521, networkLocation: /default-rack, certSerialId: null}, Type:RATIS, Factor:ONE, State:OPEN]
2019-09-26 10:06:29,142 [EventQueue-StaleNodeForStaleNodeHandler] INFO  pipeline.PipelineStateManager (PipelineStateManager.java:finalizePipeline(123)) - Pipeline Pipeline[ Id: f54c939b-2386-4493-9f2d-e9424c152f2c, Nodes: 3fdc1795-13a2-484d-a1b3-617bb4b52936{ip: 192.168.30.13, host: pr-hdds-1569-wvzgm-824869521, networkLocation: /default-rack, certSerialId: null}, Type:RATIS, Factor:ONE, State:CLOSED] moved to CLOSED state
2019-09-26 10:06:29,143 [EventQueue-StaleNodeForStaleNodeHandler] INFO  pipeline.SCMPipelineManager (SCMPipelineManager.java:finalizeAndDestroyPipeline(316)) - destroying pipeline:Pipeline[ Id: f320938c-56dc-4f46-9404-d8d3b56dce1a, Nodes: 3fdc1795-13a2-484d-a1b3-617bb4b52936{ip: 192.168.30.13, host: pr-hdds-1569-wvzgm-824869521, networkLocation: /default-rack, certSerialId: null}, Type:RATIS, Factor:ONE, State:OPEN]
2019-09-26 10:06:29,143 [EventQueue-StaleNodeForStaleNodeHandler] INFO  pipeline.PipelineStateManager (PipelineStateManager.java:finalizePipeline(123)) - Pipeline Pipeline[ Id: f320938c-56dc-4f46-9404-d8d3b56dce1a, Nodes: 3fdc1795-13a2-484d-a1b3-617bb4b52936{ip: 192.168.30.13, host: pr-hdds-1569-wvzgm-824869521, networkLocation: /default-rack, certSerialId: null}, Type:RATIS, Factor:ONE, State:CLOSED] moved to CLOSED state
2019-09-26 10:06:29,143 [EventQueue-StaleNodeForStaleNodeHandler] INFO  pipeline.SCMPipelineManager (SCMPipelineManager.java:finalizeAndDestroyPipeline(316)) - destroying pipeline:Pipeline[ Id: 4439a273-abaa-4f29-acb8-5a9f0c104790, Nodes: 3fdc1795-13a2-484d-a1b3-617bb4b52936{ip: 192.168.30.13, host: pr-hdds-1569-wvzgm-824869521, networkLocation: /default-rack, certSerialId: null}, Type:RATIS, Factor:ONE, State:OPEN]
2019-09-26 10:06:29,143 [EventQueue-StaleNodeForStaleNodeHandler] INFO  pipeline.PipelineStateManager (PipelineStateManager.java:finalizePipeline(123)) - Pipeline Pipeline[ Id: 4439a273-abaa-4f29-acb8-5a9f0c104790, Nodes: 3fdc1795-13a2-484d-a1b3-617bb4b52936{ip: 192.168.30.13, host: pr-hdds-1569-wvzgm-824869521, networkLocation: /default-rack, certSerialId: null}, Type:RATIS, Factor:ONE, State:CLOSED] moved to CLOSED state
2019-09-26 10:06:29,146 [445ae746-534e-4611-8a14-965c0672a28b@group-DEA1073B3F08:LeaderElection259] INFO  impl.LeaderElection (LeaderElection.java:askForVotes(182)) - 445ae746-534e-4611-8a14-965c0672a28b@group-DEA1073B3F08:LeaderElection259: begin an election at term 1 for -1: [445ae746-534e-4611-8a14-965c0672a28b:192.168.30.13:35533], old=null
2019-09-26 10:06:29,161 [4994e2c1-9eac-430d-be8a-cb30a727a84e@group-45D5822F74BA-SegmentedRaftLogWorker] INFO  segmented.SegmentedRaftLogWorker (SegmentedRaftLogWorker.java:execute(569)) - 4994e2c1-9eac-430d-be8a-cb30a727a84e@group-45D5822F74BA-SegmentedRaftLogWorker: created new log segment /workdir/hadoop-ozone/integration-test/target/test-dir/MiniOzoneClusterImpl-0a4d6173-89d3-45ab-a960-64e25af93069/datanode-4/data/ratis/3541b79c-4ac7-4e0c-a520-45d5822f74ba/current/log_inprogress_0
2019-09-26 10:06:29,161 [cf63bf87-7688-4ba8-af45-4d7c49885422@group-3FB4B7B9010C-SegmentedRaftLogWorker] INFO  segmented.SegmentedRaftLogWorker (SegmentedRaftLogWorker.java:execute(569)) - cf63bf87-7688-4ba8-af45-4d7c49885422@group-3FB4B7B9010C-SegmentedRaftLogWorker: created new log segment /workdir/hadoop-ozone/integration-test/target/test-dir/MiniOzoneClusterImpl-0a4d6173-89d3-45ab-a960-64e25af93069/datanode-5/data/ratis/7edbae01-37b2-4f28-9c85-3fb4b7b9010c/current/log_inprogress_0
2019-09-26 10:06:29,161 [cf63bf87-7688-4ba8-af45-4d7c49885422@group-D6D7E1486B88-SegmentedRaftLogWorker] INFO  segmented.SegmentedRaftLogWorker (SegmentedRaftLogWorker.java:execute(569)) - cf63bf87-7688-4ba8-af45-4d7c49885422@group-D6D7E1486B88-SegmentedRaftLogWorker: created new log segment /workdir/hadoop-ozone/integration-test/target/test-dir/MiniOzoneClusterImpl-0a4d6173-89d3-45ab-a960-64e25af93069/datanode-5/data/ratis/1f08606e-c66d-4ab2-979f-d6d7e1486b88/current/log_inprogress_0
2019-09-26 10:06:29,162 [Thread-3212] INFO  impl.FollowerState (FollowerState.java:run(106)) - 445ae746-534e-4611-8a14-965c0672a28b:group-B0EF61BE0A35 changes to CANDIDATE, lastRpcTime:5128, electionTimeout:5116ms
2019-09-26 10:06:29,162 [445ae746-534e-4611-8a14-965c0672a28b@group-DEA1073B3F08:LeaderElection259] INFO  impl.RoleInfo (RoleInfo.java:shutdownLeaderElection(134)) - 445ae746-534e-4611-8a14-965c0672a28b: shutdown LeaderElection
2019-09-26 10:06:29,162 [Thread-3212] INFO  impl.RoleInfo (RoleInfo.java:shutdownFollowerState(121)) - 445ae746-534e-4611-8a14-965c0672a28b: shutdown FollowerState
2019-09-26 10:06:29,162 [445ae746-534e-4611-8a14-965c0672a28b@group-DEA1073B3F08:LeaderElection259] INFO  impl.RaftServerImpl (RaftServerImpl.java:setRole(174)) - 445ae746-534e-4611-8a14-965c0672a28b@group-DEA1073B3F08: changes role from CANDIDATE to LEADER at term 1 for changeToLeader
2019-09-26 10:06:29,162 [Thread-3212] INFO  impl.RaftServerImpl (RaftServerImpl.java:setRole(174)) - 445ae746-534e-4611-8a14-965c0672a28b@group-B0EF61BE0A35: changes role from  FOLLOWER to CANDIDATE at term 0 for changeToCandidate
2019-09-26 10:06:29,162 [445ae746-534e-4611-8a14-965c0672a28b@group-DEA1073B3F08:LeaderElection259] INFO  impl.RaftServerImpl (ServerState.java:setLeader(253)) - 445ae746-534e-4611-8a14-965c0672a28b@group-DEA1073B3F08: change Leader from null to 445ae746-534e-4611-8a14-965c0672a28b at term 1 for becomeLeader, leader elected after 5086ms
2019-09-26 10:06:29,162 [Thread-3212] INFO  impl.RoleInfo (RoleInfo.java:updateAndGet(143)) - 445ae746-534e-4611-8a14-965c0672a28b: start LeaderElection
2019-09-26 10:06:29,162 [445ae746-534e-4611-8a14-965c0672a28b@group-DEA1073B3F08:LeaderElection259] INFO  server.RaftServerConfigKeys (ConfUtils.java:logGet(43)) - raft.server.staging.catchup.gap = 1000 (default)
2019-09-26 10:06:29,163 [445ae746-534e-4611-8a14-965c0672a28b@group-DEA1073B3F08:LeaderElection259] INFO  server.RaftServerConfigKeys (ConfUtils.java:logGet(43)) - raft.server.rpc.sleep.time = 25ms (default)
2019-09-26 10:06:29,163 [445ae746-534e-4611-8a14-965c0672a28b@group-DEA1073B3F08:LeaderElection259] INFO  server.RaftServerConfigKeys (ConfUtils.java:logGet(43)) - raft.server.write.element-limit = 4096 (default)
2019-09-26 10:06:29,163 [445ae746-534e-4611-8a14-965c0672a28b@group-DEA1073B3F08:LeaderElection259] INFO  server.RaftServerConfigKeys (ConfUtils.java:logGet(43)) - raft.server.watch.timeout = 10s (default)
2019-09-26 10:06:29,163 [445ae746-534e-4611-8a14-965c0672a28b@group-DEA1073B3F08:LeaderElection259] INFO  server.RaftServerConfigKeys (ConfUtils.java:logGet(43)) - raft.server.watch.timeout.denomination = 1s (default)
2019-09-26 10:06:29,163 [445ae746-534e-4611-8a14-965c0672a28b@group-DEA1073B3F08:LeaderElection259] INFO  server.RaftServerConfigKeys (ConfUtils.java:logGet(43)) - raft.server.watch.element-limit = 65536 (default)
2019-09-26 10:06:29,164 [445ae746-534e-4611-8a14-965c0672a28b@group-DEA1073B3F08:LeaderElection259] INFO  impl.RoleInfo (RoleInfo.java:updateAndGet(143)) - 445ae746-534e-4611-8a14-965c0672a28b: start LeaderState
2019-09-26 10:06:29,164 [445ae746-534e-4611-8a14-965c0672a28b@group-DEA1073B3F08:LeaderElection259] INFO  segmented.SegmentedRaftLogWorker (SegmentedRaftLogWorker.java:startLogSegment(380)) - 445ae746-534e-4611-8a14-965c0672a28b@group-DEA1073B3F08-SegmentedRaftLogWorker: Starting segment from index:0
2019-09-26 10:06:29,165 [445ae746-534e-4611-8a14-965c0672a28b@group-DEA1073B3F08:LeaderElection259] INFO  impl.RaftServerImpl (ServerState.java:setRaftConf(354)) - 445ae746-534e-4611-8a14-965c0672a28b@group-DEA1073B3F08: set configuration 0: [445ae746-534e-4611-8a14-965c0672a28b:192.168.30.13:35533], old=null at 0
2019-09-26 10:06:29,204 [cf63bf87-7688-4ba8-af45-4d7c49885422@group-4209BA40E679-SegmentedRaftLogWorker] INFO  segmented.SegmentedRaftLogWorker (SegmentedRaftLogWorker.java:execute(569)) - cf63bf87-7688-4ba8-af45-4d7c49885422@group-4209BA40E679-SegmentedRaftLogWorker: created new log segment /workdir/hadoop-ozone/integration-test/target/test-dir/MiniOzoneClusterImpl-0a4d6173-89d3-45ab-a960-64e25af93069/datanode-5/data/ratis/89223d94-663c-4bb3-be0c-4209ba40e679/current/log_inprogress_0
2019-09-26 10:06:29,204 [4994e2c1-9eac-430d-be8a-cb30a727a84e@group-3930F033ECA2-SegmentedRaftLogWorker] INFO  segmented.SegmentedRaftLogWorker (SegmentedRaftLogWorker.java:execute(569)) - 4994e2c1-9eac-430d-be8a-cb30a727a84e@group-3930F033ECA2-SegmentedRaftLogWorker: created new log segment /workdir/hadoop-ozone/integration-test/target/test-dir/MiniOzoneClusterImpl-0a4d6173-89d3-45ab-a960-64e25af93069/datanode-4/data/ratis/fa5619f0-a44e-41f3-83f9-3930f033eca2/current/log_inprogress_0
2019-09-26 10:06:29,204 [cf63bf87-7688-4ba8-af45-4d7c49885422@group-971AA5EE5BC8-SegmentedRaftLogWorker] INFO  segmented.SegmentedRaftLogWorker (SegmentedRaftLogWorker.java:execute(569)) - cf63bf87-7688-4ba8-af45-4d7c49885422@group-971AA5EE5BC8-SegmentedRaftLogWorker: created new log segment /workdir/hadoop-ozone/integration-test/target/test-dir/MiniOzoneClusterImpl-0a4d6173-89d3-45ab-a960-64e25af93069/datanode-5/data/ratis/9cf7098b-9ba3-4472-95f6-971aa5ee5bc8/current/log_inprogress_0
2019-09-26 10:06:29,204 [70c8131f-7846-4be9-9772-9c08fe1e82d9@group-D419E5CE76A6-SegmentedRaftLogWorker] INFO  segmented.SegmentedRaftLogWorker (SegmentedRaftLogWorker.java:execute(569)) - 70c8131f-7846-4be9-9772-9c08fe1e82d9@group-D419E5CE76A6-SegmentedRaftLogWorker: created new log segment /workdir/hadoop-ozone/integration-test/target/test-dir/MiniOzoneClusterImpl-0a4d6173-89d3-45ab-a960-64e25af93069/datanode-3/data/ratis/049d34f8-bfd6-4f57-8013-d419e5ce76a6/current/log_inprogress_0
2019-09-26 10:06:29,204 [70c8131f-7846-4be9-9772-9c08fe1e82d9@group-2FC5C9C63618-SegmentedRaftLogWorker] INFO  segmented.SegmentedRaftLogWorker (SegmentedRaftLogWorker.java:execute(569)) - 70c8131f-7846-4be9-9772-9c08fe1e82d9@group-2FC5C9C63618-SegmentedRaftLogWorker: created new log segment /workdir/hadoop-ozone/integration-test/target/test-dir/MiniOzoneClusterImpl-0a4d6173-89d3-45ab-a960-64e25af93069/datanode-3/data/ratis/43ea39ee-aa90-4873-8ea8-2fc5c9c63618/current/log_inprogress_0
2019-09-26 10:06:29,204 [445ae746-534e-4611-8a14-965c0672a28b@group-230FAAC88C36-SegmentedRaftLogWorker] INFO  segmented.SegmentedRaftLogWorker (SegmentedRaftLogWorker.java:execute(569)) - 445ae746-534e-4611-8a14-965c0672a28b@group-230FAAC88C36-SegmentedRaftLogWorker: created new log segment /workdir/hadoop-ozone/integration-test/target/test-dir/MiniOzoneClusterImpl-0a4d6173-89d3-45ab-a960-64e25af93069/datanode-6/data/ratis/aeb7e537-e6e8-42a4-8457-230faac88c36/current/log_inprogress_0
2019-09-26 10:06:29,204 [445ae746-534e-4611-8a14-965c0672a28b@group-90F76F749C05-SegmentedRaftLogWorker] INFO  segmented.SegmentedRaftLogWorker (SegmentedRaftLogWorker.java:execute(569)) - 445ae746-534e-4611-8a14-965c0672a28b@group-90F76F749C05-SegmentedRaftLogWorker: created new log segment /workdir/hadoop-ozone/integration-test/target/test-dir/MiniOzoneClusterImpl-0a4d6173-89d3-45ab-a960-64e25af93069/datanode-6/data/ratis/284955a8-d6da-4533-922c-90f76f749c05/current/log_inprogress_0
2019-09-26 10:06:29,204 [4994e2c1-9eac-430d-be8a-cb30a727a84e@group-AD4454FCAD24-SegmentedRaftLogWorker] INFO  segmented.SegmentedRaftLogWorker (SegmentedRaftLogWorker.java:execute(569)) - 4994e2c1-9eac-430d-be8a-cb30a727a84e@group-AD4454FCAD24-SegmentedRaftLogWorker: created new log segment /workdir/hadoop-ozone/integration-test/target/test-dir/MiniOzoneClusterImpl-0a4d6173-89d3-45ab-a960-64e25af93069/datanode-4/data/ratis/5b3a41af-8031-43ad-8393-ad4454fcad24/current/log_inprogress_0
2019-09-26 10:06:29,204 [4994e2c1-9eac-430d-be8a-cb30a727a84e@group-423C73F4A4EA-SegmentedRaftLogWorker] INFO  segmented.SegmentedRaftLogWorker (SegmentedRaftLogWorker.java:execute(569)) - 4994e2c1-9eac-430d-be8a-cb30a727a84e@group-423C73F4A4EA-SegmentedRaftLogWorker: created new log segment /workdir/hadoop-ozone/integration-test/target/test-dir/MiniOzoneClusterImpl-0a4d6173-89d3-45ab-a960-64e25af93069/datanode-4/data/ratis/807b2f02-76f0-4266-a7cf-423c73f4a4ea/current/log_inprogress_0
2019-09-26 10:06:29,204 [4994e2c1-9eac-430d-be8a-cb30a727a84e@group-C553D199FAE6-SegmentedRaftLogWorker] INFO  segmented.SegmentedRaftLogWorker (SegmentedRaftLogWorker.java:execute(569)) - 4994e2c1-9eac-430d-be8a-cb30a727a84e@group-C553D199FAE6-SegmentedRaftLogWorker: created new log segment /workdir/hadoop-ozone/integration-test/target/test-dir/MiniOzoneClusterImpl-0a4d6173-89d3-45ab-a960-64e25af93069/datanode-4/data/ratis/7d894f52-afe0-4365-8d51-c553d199fae6/current/log_inprogress_0
2019-09-26 10:06:29,204 [cf63bf87-7688-4ba8-af45-4d7c49885422@group-0766567AA2C7-SegmentedRaftLogWorker] INFO  segmented.SegmentedRaftLogWorker (SegmentedRaftLogWorker.java:execute(569)) - cf63bf87-7688-4ba8-af45-4d7c49885422@group-0766567AA2C7-SegmentedRaftLogWorker: created new log segment /workdir/hadoop-ozone/integration-test/target/test-dir/MiniOzoneClusterImpl-0a4d6173-89d3-45ab-a960-64e25af93069/datanode-5/data/ratis/51bc4775-431f-491f-8074-0766567aa2c7/current/log_inprogress_0
2019-09-26 10:06:29,205 [445ae746-534e-4611-8a14-965c0672a28b@group-B0EF61BE0A35:LeaderElection260] INFO  impl.LeaderElection (LeaderElection.java:askForVotes(182)) - 445ae746-534e-4611-8a14-965c0672a28b@group-B0EF61BE0A35:LeaderElection260: begin an election at term 1 for -1: [445ae746-534e-4611-8a14-965c0672a28b:192.168.30.13:35533], old=null
2019-09-26 10:06:29,206 [445ae746-534e-4611-8a14-965c0672a28b@group-B0EF61BE0A35:LeaderElection260] INFO  impl.RoleInfo (RoleInfo.java:shutdownLeaderElection(134)) - 445ae746-534e-4611-8a14-965c0672a28b: shutdown LeaderElection
2019-09-26 10:06:29,206 [445ae746-534e-4611-8a14-965c0672a28b@group-B0EF61BE0A35:LeaderElection260] INFO  impl.RaftServerImpl (RaftServerImpl.java:setRole(174)) - 445ae746-534e-4611-8a14-965c0672a28b@group-B0EF61BE0A35: changes role from CANDIDATE to LEADER at term 1 for changeToLeader
2019-09-26 10:06:29,206 [445ae746-534e-4611-8a14-965c0672a28b@group-B0EF61BE0A35:LeaderElection260] INFO  impl.RaftServerImpl (ServerState.java:setLeader(253)) - 445ae746-534e-4611-8a14-965c0672a28b@group-B0EF61BE0A35: change Leader from null to 445ae746-534e-4611-8a14-965c0672a28b at term 1 for becomeLeader, leader elected after 5187ms
2019-09-26 10:06:29,206 [445ae746-534e-4611-8a14-965c0672a28b@group-B0EF61BE0A35:LeaderElection260] INFO  server.RaftServerConfigKeys (ConfUtils.java:logGet(43)) - raft.server.staging.catchup.gap = 1000 (default)
2019-09-26 10:06:29,206 [445ae746-534e-4611-8a14-965c0672a28b@group-B0EF61BE0A35:LeaderElection260] INFO  server.RaftServerConfigKeys (ConfUtils.java:logGet(43)) - raft.server.rpc.sleep.time = 25ms (default)
2019-09-26 10:06:29,206 [445ae746-534e-4611-8a14-965c0672a28b@group-B0EF61BE0A35:LeaderElection260] INFO  server.RaftServerConfigKeys (ConfUtils.java:logGet(43)) - raft.server.write.element-limit = 4096 (default)
2019-09-26 10:06:29,206 [445ae746-534e-4611-8a14-965c0672a28b@group-B0EF61BE0A35:LeaderElection260] INFO  server.RaftServerConfigKeys (ConfUtils.java:logGet(43)) - raft.server.watch.timeout = 10s (default)
2019-09-26 10:06:29,207 [445ae746-534e-4611-8a14-965c0672a28b@group-DEA1073B3F08-SegmentedRaftLogWorker] INFO  segmented.SegmentedRaftLogWorker (SegmentedRaftLogWorker.java:execute(569)) - 445ae746-534e-4611-8a14-965c0672a28b@group-DEA1073B3F08-SegmentedRaftLogWorker: created new log segment /workdir/hadoop-ozone/integration-test/target/test-dir/MiniOzoneClusterImpl-0a4d6173-89d3-45ab-a960-64e25af93069/datanode-6/data/ratis/9dc4af5d-b92e-4d39-a8f1-dea1073b3f08/current/log_inprogress_0
2019-09-26 10:06:29,207 [445ae746-534e-4611-8a14-965c0672a28b@group-B0EF61BE0A35:LeaderElection260] INFO  server.RaftServerConfigKeys (ConfUtils.java:logGet(43)) - raft.server.watch.timeout.denomination = 1s (default)
2019-09-26 10:06:29,207 [445ae746-534e-4611-8a14-965c0672a28b@group-B0EF61BE0A35:LeaderElection260] INFO  server.RaftServerConfigKeys (ConfUtils.java:logGet(43)) - raft.server.watch.element-limit = 65536 (default)
2019-09-26 10:06:29,208 [445ae746-534e-4611-8a14-965c0672a28b@group-B0EF61BE0A35:LeaderElection260] INFO  impl.RoleInfo (RoleInfo.java:updateAndGet(143)) - 445ae746-534e-4611-8a14-965c0672a28b: start LeaderState
2019-09-26 10:06:29,208 [445ae746-534e-4611-8a14-965c0672a28b@group-B0EF61BE0A35:LeaderElection260] INFO  segmented.SegmentedRaftLogWorker (SegmentedRaftLogWorker.java:startLogSegment(380)) - 445ae746-534e-4611-8a14-965c0672a28b@group-B0EF61BE0A35-SegmentedRaftLogWorker: Starting segment from index:0
2019-09-26 10:06:29,208 [445ae746-534e-4611-8a14-965c0672a28b@group-B0EF61BE0A35:LeaderElection260] INFO  impl.RaftServerImpl (ServerState.java:setRaftConf(354)) - 445ae746-534e-4611-8a14-965c0672a28b@group-B0EF61BE0A35: set configuration 0: [445ae746-534e-4611-8a14-965c0672a28b:192.168.30.13:35533], old=null at 0
2019-09-26 10:06:29,238 [ForkJoinPool.commonPool-worker-0] INFO  ozoneimpl.OzoneContainer (OzoneContainer.java:stop(231)) - Attempting to stop container services.
2019-09-26 10:06:29,238 [main] INFO  ozoneimpl.OzoneContainer (OzoneContainer.java:stop(231)) - Attempting to stop container services.
2019-09-26 10:06:29,238 [ForkJoinPool.commonPool-worker-0] INFO  impl.RaftServerProxy (RaftServerProxy.java:lambda$close$4(314)) - 3fdc1795-13a2-484d-a1b3-617bb4b52936: close
2019-09-26 10:06:29,239 [main] INFO  impl.RaftServerProxy (RaftServerProxy.java:lambda$close$4(314)) - 4994e2c1-9eac-430d-be8a-cb30a727a84e: close
2019-09-26 10:06:29,239 [ForkJoinPool.commonPool-worker-0] INFO  impl.RaftServerImpl (RaftServerImpl.java:lambda$shutdown$3(251)) - 3fdc1795-13a2-484d-a1b3-617bb4b52936@group-BBBFBE8B389C: shutdown
2019-09-26 10:06:29,239 [main] INFO  impl.RaftServerImpl (RaftServerImpl.java:lambda$shutdown$3(251)) - 4994e2c1-9eac-430d-be8a-cb30a727a84e@group-45D5822F74BA: shutdown
2019-09-26 10:06:29,239 [main] INFO  util.JmxRegister (JmxRegister.java:unregister(73)) - Successfully un-registered JMX Bean with object name Ratis:service=RaftServer,group=group-45D5822F74BA,id=4994e2c1-9eac-430d-be8a-cb30a727a84e
2019-09-26 10:06:29,240 [main] INFO  impl.RoleInfo (RoleInfo.java:shutdownLeaderState(104)) - 4994e2c1-9eac-430d-be8a-cb30a727a84e: shutdown LeaderState
2019-09-26 10:06:29,239 [ForkJoinPool.commonPool-worker-0] INFO  util.JmxRegister (JmxRegister.java:unregister(73)) - Successfully un-registered JMX Bean with object name Ratis:service=RaftServer,group=group-BBBFBE8B389C,id=3fdc1795-13a2-484d-a1b3-617bb4b52936
2019-09-26 10:06:29,240 [main] INFO  impl.PendingRequests (PendingRequests.java:sendNotLeaderResponses(202)) - 4994e2c1-9eac-430d-be8a-cb30a727a84e-PendingRequests: sendNotLeaderResponses
2019-09-26 10:06:29,240 [ForkJoinPool.commonPool-worker-0] INFO  impl.RoleInfo (RoleInfo.java:shutdownLeaderState(104)) - 3fdc1795-13a2-484d-a1b3-617bb4b52936: shutdown LeaderState
2019-09-26 10:06:29,240 [main] INFO  impl.StateMachineUpdater (StateMachineUpdater.java:stopAndJoin(125)) - 4994e2c1-9eac-430d-be8a-cb30a727a84e@group-45D5822F74BA-StateMachineUpdater: set stopIndex = 0
2019-09-26 10:06:29,241 [main] INFO  impl.RaftServerImpl (ServerState.java:close(385)) - 4994e2c1-9eac-430d-be8a-cb30a727a84e@group-45D5822F74BA: closes. applyIndex: 0
2019-09-26 10:06:29,241 [ForkJoinPool.commonPool-worker-0] INFO  impl.PendingRequests (PendingRequests.java:sendNotLeaderResponses(202)) - 3fdc1795-13a2-484d-a1b3-617bb4b52936-PendingRequests: sendNotLeaderResponses
2019-09-26 10:06:29,241 [4994e2c1-9eac-430d-be8a-cb30a727a84e@group-45D5822F74BA-SegmentedRaftLogWorker] INFO  segmented.SegmentedRaftLogWorker (SegmentedRaftLogWorker.java:run(313)) - 4994e2c1-9eac-430d-be8a-cb30a727a84e@group-45D5822F74BA-SegmentedRaftLogWorker was interrupted, exiting. There are 0 tasks remaining in the queue.
2019-09-26 10:06:29,242 [ForkJoinPool.commonPool-worker-0] INFO  impl.StateMachineUpdater (StateMachineUpdater.java:stopAndJoin(125)) - 3fdc1795-13a2-484d-a1b3-617bb4b52936@group-BBBFBE8B389C-StateMachineUpdater: set stopIndex = 0
2019-09-26 10:06:29,248 [main] INFO  segmented.SegmentedRaftLogWorker (SegmentedRaftLogWorker.java:close(228)) - 4994e2c1-9eac-430d-be8a-cb30a727a84e@group-45D5822F74BA-SegmentedRaftLogWorker close()
2019-09-26 10:06:29,249 [ForkJoinPool.commonPool-worker-0] INFO  impl.RaftServerImpl (ServerState.java:close(385)) - 3fdc1795-13a2-484d-a1b3-617bb4b52936@group-BBBFBE8B389C: closes. applyIndex: 0
2019-09-26 10:06:29,256 [main] INFO  impl.RaftServerImpl (RaftServerImpl.java:lambda$shutdown$3(251)) - 4994e2c1-9eac-430d-be8a-cb30a727a84e@group-AD4454FCAD24: shutdown
2019-09-26 10:06:29,256 [main] INFO  util.JmxRegister (JmxRegister.java:unregister(73)) - Successfully un-registered JMX Bean with object name Ratis:service=RaftServer,group=group-AD4454FCAD24,id=4994e2c1-9eac-430d-be8a-cb30a727a84e
2019-09-26 10:06:29,252 [Thread-3218] INFO  impl.FollowerState (FollowerState.java:run(106)) - 445ae746-534e-4611-8a14-965c0672a28b:group-A706776D47D0 changes to CANDIDATE, lastRpcTime:5108, electionTimeout:5105ms
2019-09-26 10:06:29,257 [main] INFO  impl.RoleInfo (RoleInfo.java:shutdownLeaderState(104)) - 4994e2c1-9eac-430d-be8a-cb30a727a84e: shutdown LeaderState
2019-09-26 10:06:29,256 [3fdc1795-13a2-484d-a1b3-617bb4b52936@group-BBBFBE8B389C-SegmentedRaftLogWorker] INFO  segmented.SegmentedRaftLogWorker (SegmentedRaftLogWorker.java:run(313)) - 3fdc1795-13a2-484d-a1b3-617bb4b52936@group-BBBFBE8B389C-SegmentedRaftLogWorker was interrupted, exiting. There are 0 tasks remaining in the queue.
2019-09-26 10:06:29,257 [main] INFO  impl.PendingRequests (PendingRequests.java:sendNotLeaderResponses(202)) - 4994e2c1-9eac-430d-be8a-cb30a727a84e-PendingRequests: sendNotLeaderResponses
2019-09-26 10:06:29,257 [Thread-3218] INFO  impl.RoleInfo (RoleInfo.java:shutdownFollowerState(121)) - 445ae746-534e-4611-8a14-965c0672a28b: shutdown FollowerState
2019-09-26 10:06:29,261 [main] INFO  impl.StateMachineUpdater (StateMachineUpdater.java:stopAndJoin(125)) - 4994e2c1-9eac-430d-be8a-cb30a727a84e@group-AD4454FCAD24-StateMachineUpdater: set stopIndex = 0
2019-09-26 10:06:29,262 [main] INFO  impl.RaftServerImpl (ServerState.java:close(385)) - 4994e2c1-9eac-430d-be8a-cb30a727a84e@group-AD4454FCAD24: closes. applyIndex: 0
2019-09-26 10:06:29,261 [Thread-3218] INFO  impl.RaftServerImpl (RaftServerImpl.java:setRole(174)) - 445ae746-534e-4611-8a14-965c0672a28b@group-A706776D47D0: changes role from  FOLLOWER to CANDIDATE at term 0 for changeToCandidate
2019-09-26 10:06:29,262 [4994e2c1-9eac-430d-be8a-cb30a727a84e@group-AD4454FCAD24-SegmentedRaftLogWorker] INFO  segmented.SegmentedRaftLogWorker (SegmentedRaftLogWorker.java:run(313)) - 4994e2c1-9eac-430d-be8a-cb30a727a84e@group-AD4454FCAD24-SegmentedRaftLogWorker was interrupted, exiting. There are 0 tasks remaining in the queue.
2019-09-26 10:06:29,262 [Thread-3218] INFO  impl.RoleInfo (RoleInfo.java:updateAndGet(143)) - 445ae746-534e-4611-8a14-965c0672a28b: start LeaderElection
2019-09-26 10:06:29,273 [main] INFO  segmented.SegmentedRaftLogWorker (SegmentedRaftLogWorker.java:close(228)) - 4994e2c1-9eac-430d-be8a-cb30a727a84e@group-AD4454FCAD24-SegmentedRaftLogWorker close()
2019-09-26 10:06:29,274 [ForkJoinPool.commonPool-worker-0] INFO  segmented.SegmentedRaftLogWorker (SegmentedRaftLogWorker.java:close(228)) - 3fdc1795-13a2-484d-a1b3-617bb4b52936@group-BBBFBE8B389C-SegmentedRaftLogWorker close()
2019-09-26 10:06:29,280 [445ae746-534e-4611-8a14-965c0672a28b@group-B0EF61BE0A35-SegmentedRaftLogWorker] INFO  segmented.SegmentedRaftLogWorker (SegmentedRaftLogWorker.java:execute(569)) - 445ae746-534e-4611-8a14-965c0672a28b@group-B0EF61BE0A35-SegmentedRaftLogWorker: created new log segment /workdir/hadoop-ozone/integration-test/target/test-dir/MiniOzoneClusterImpl-0a4d6173-89d3-45ab-a960-64e25af93069/datanode-6/data/ratis/3998e864-2a66-4deb-a2d2-b0ef61be0a35/current/log_inprogress_0
2019-09-26 10:06:29,280 [445ae746-534e-4611-8a14-965c0672a28b@group-A706776D47D0:LeaderElection261] INFO  impl.LeaderElection (LeaderElection.java:askForVotes(182)) - 445ae746-534e-4611-8a14-965c0672a28b@group-A706776D47D0:LeaderElection261: begin an election at term 1 for -1: [445ae746-534e-4611-8a14-965c0672a28b:192.168.30.13:35533], old=null
2019-09-26 10:06:29,280 [main] INFO  impl.RaftServerImpl (RaftServerImpl.java:lambda$shutdown$3(251)) - 4994e2c1-9eac-430d-be8a-cb30a727a84e@group-423C73F4A4EA: shutdown
2019-09-26 10:06:29,287 [445ae746-534e-4611-8a14-965c0672a28b@group-A706776D47D0:LeaderElection261] INFO  impl.RoleInfo (RoleInfo.java:shutdownLeaderElection(134)) - 445ae746-534e-4611-8a14-965c0672a28b: shutdown LeaderElection
2019-09-26 10:06:29,286 [ForkJoinPool.commonPool-worker-0] INFO  impl.RaftServerImpl (RaftServerImpl.java:lambda$shutdown$3(251)) - 3fdc1795-13a2-484d-a1b3-617bb4b52936@group-E9424C152F2C: shutdown
2019-09-26 10:06:29,287 [445ae746-534e-4611-8a14-965c0672a28b@group-A706776D47D0:LeaderElection261] INFO  impl.RaftServerImpl (RaftServerImpl.java:setRole(174)) - 445ae746-534e-4611-8a14-965c0672a28b@group-A706776D47D0: changes role from CANDIDATE to LEADER at term 1 for changeToLeader
2019-09-26 10:06:29,287 [445ae746-534e-4611-8a14-965c0672a28b@group-A706776D47D0:LeaderElection261] INFO  impl.RaftServerImpl (ServerState.java:setLeader(253)) - 445ae746-534e-4611-8a14-965c0672a28b@group-A706776D47D0: change Leader from null to 445ae746-534e-4611-8a14-965c0672a28b at term 1 for becomeLeader, leader elected after 5149ms
2019-09-26 10:06:29,287 [main] INFO  util.JmxRegister (JmxRegister.java:unregister(73)) - Successfully un-registered JMX Bean with object name Ratis:service=RaftServer,group=group-423C73F4A4EA,id=4994e2c1-9eac-430d-be8a-cb30a727a84e
2019-09-26 10:06:29,288 [445ae746-534e-4611-8a14-965c0672a28b@group-A706776D47D0:LeaderElection261] INFO  server.RaftServerConfigKeys (ConfUtils.java:logGet(43)) - raft.server.staging.catchup.gap = 1000 (default)
2019-09-26 10:06:29,288 [445ae746-534e-4611-8a14-965c0672a28b@group-A706776D47D0:LeaderElection261] INFO  server.RaftServerConfigKeys (ConfUtils.java:logGet(43)) - raft.server.rpc.sleep.time = 25ms (default)
2019-09-26 10:06:29,287 [ForkJoinPool.commonPool-worker-0] INFO  util.JmxRegister (JmxRegister.java:unregister(73)) - Successfully un-registered JMX Bean with object name Ratis:service=RaftServer,group=group-E9424C152F2C,id=3fdc1795-13a2-484d-a1b3-617bb4b52936
2019-09-26 10:06:29,288 [445ae746-534e-4611-8a14-965c0672a28b@group-A706776D47D0:LeaderElection261] INFO  server.RaftServerConfigKeys (ConfUtils.java:logGet(43)) - raft.server.write.element-limit = 4096 (default)
2019-09-26 10:06:29,288 [main] INFO  impl.RoleInfo (RoleInfo.java:shutdownLeaderState(104)) - 4994e2c1-9eac-430d-be8a-cb30a727a84e: shutdown LeaderState
2019-09-26 10:06:29,288 [445ae746-534e-4611-8a14-965c0672a28b@group-A706776D47D0:LeaderElection261] INFO  server.RaftServerConfigKeys (ConfUtils.java:logGet(43)) - raft.server.watch.timeout = 10s (default)
2019-09-26 10:06:29,289 [445ae746-534e-4611-8a14-965c0672a28b@group-A706776D47D0:LeaderElection261] INFO  server.RaftServerConfigKeys (ConfUtils.java:logGet(43)) - raft.server.watch.timeout.denomination = 1s (default)
2019-09-26 10:06:29,288 [ForkJoinPool.commonPool-worker-0] INFO  impl.RoleInfo (RoleInfo.java:shutdownLeaderState(104)) - 3fdc1795-13a2-484d-a1b3-617bb4b52936: shutdown LeaderState
2019-09-26 10:06:29,289 [445ae746-534e-4611-8a14-965c0672a28b@group-A706776D47D0:LeaderElection261] INFO  server.RaftServerConfigKeys (ConfUtils.java:logGet(43)) - raft.server.watch.element-limit = 65536 (default)
2019-09-26 10:06:29,289 [main] INFO  impl.PendingRequests (PendingRequests.java:sendNotLeaderResponses(202)) - 4994e2c1-9eac-430d-be8a-cb30a727a84e-PendingRequests: sendNotLeaderResponses
2019-09-26 10:06:29,289 [ForkJoinPool.commonPool-worker-0] INFO  impl.PendingRequests (PendingRequests.java:sendNotLeaderResponses(202)) - 3fdc1795-13a2-484d-a1b3-617bb4b52936-PendingRequests: sendNotLeaderResponses
2019-09-26 10:06:29,290 [main] INFO  impl.StateMachineUpdater (StateMachineUpdater.java:stopAndJoin(125)) - 4994e2c1-9eac-430d-be8a-cb30a727a84e@group-423C73F4A4EA-StateMachineUpdater: set stopIndex = 0
2019-09-26 10:06:29,290 [main] INFO  impl.RaftServerImpl (ServerState.java:close(385)) - 4994e2c1-9eac-430d-be8a-cb30a727a84e@group-423C73F4A4EA: closes. applyIndex: 0
2019-09-26 10:06:29,290 [ForkJoinPool.commonPool-worker-0] INFO  impl.StateMachineUpdater (StateMachineUpdater.java:stopAndJoin(125)) - 3fdc1795-13a2-484d-a1b3-617bb4b52936@group-E9424C152F2C-StateMachineUpdater: set stopIndex = 0
2019-09-26 10:06:29,291 [4994e2c1-9eac-430d-be8a-cb30a727a84e@group-423C73F4A4EA-SegmentedRaftLogWorker] INFO  segmented.SegmentedRaftLogWorker (SegmentedRaftLogWorker.java:run(313)) - 4994e2c1-9eac-430d-be8a-cb30a727a84e@group-423C73F4A4EA-SegmentedRaftLogWorker was interrupted, exiting. There are 0 tasks remaining in the queue.
2019-09-26 10:06:29,291 [445ae746-534e-4611-8a14-965c0672a28b@group-A706776D47D0:LeaderElection261] INFO  impl.RoleInfo (RoleInfo.java:updateAndGet(143)) - 445ae746-534e-4611-8a14-965c0672a28b: start LeaderState
2019-09-26 10:06:29,291 [ForkJoinPool.commonPool-worker-0] INFO  impl.RaftServerImpl (ServerState.java:close(385)) - 3fdc1795-13a2-484d-a1b3-617bb4b52936@group-E9424C152F2C: closes. applyIndex: 0
2019-09-26 10:06:29,294 [445ae746-534e-4611-8a14-965c0672a28b@group-A706776D47D0:LeaderElection261] INFO  segmented.SegmentedRaftLogWorker (SegmentedRaftLogWorker.java:startLogSegment(380)) - 445ae746-534e-4611-8a14-965c0672a28b@group-A706776D47D0-SegmentedRaftLogWorker: Starting segment from index:0
2019-09-26 10:06:29,294 [main] INFO  segmented.SegmentedRaftLogWorker (SegmentedRaftLogWorker.java:close(228)) - 4994e2c1-9eac-430d-be8a-cb30a727a84e@group-423C73F4A4EA-SegmentedRaftLogWorker close()
2019-09-26 10:06:29,294 [445ae746-534e-4611-8a14-965c0672a28b@group-A706776D47D0:LeaderElection261] INFO  impl.RaftServerImpl (ServerState.java:setRaftConf(354)) - 445ae746-534e-4611-8a14-965c0672a28b@group-A706776D47D0: set configuration 0: [445ae746-534e-4611-8a14-965c0672a28b:192.168.30.13:35533], old=null at 0
2019-09-26 10:06:29,294 [3fdc1795-13a2-484d-a1b3-617bb4b52936@group-E9424C152F2C-SegmentedRaftLogWorker] INFO  segmented.SegmentedRaftLogWorker (SegmentedRaftLogWorker.java:run(313)) - 3fdc1795-13a2-484d-a1b3-617bb4b52936@group-E9424C152F2C-SegmentedRaftLogWorker was interrupted, exiting. There are 0 tasks remaining in the queue.
2019-09-26 10:06:29,330 [main] INFO  impl.RaftServerImpl (RaftServerImpl.java:lambda$shutdown$3(251)) - 4994e2c1-9eac-430d-be8a-cb30a727a84e@group-C553D199FAE6: shutdown
2019-09-26 10:06:29,335 [main] INFO  util.JmxRegister (JmxRegister.java:unregister(73)) - Successfully un-registered JMX Bean with object name Ratis:service=RaftServer,group=group-C553D199FAE6,id=4994e2c1-9eac-430d-be8a-cb30a727a84e
2019-09-26 10:06:29,334 [ForkJoinPool.commonPool-worker-0] INFO  segmented.SegmentedRaftLogWorker (SegmentedRaftLogWorker.java:close(228)) - 3fdc1795-13a2-484d-a1b3-617bb4b52936@group-E9424C152F2C-SegmentedRaftLogWorker close()
2019-09-26 10:06:29,335 [main] INFO  impl.RoleInfo (RoleInfo.java:shutdownLeaderState(104)) - 4994e2c1-9eac-430d-be8a-cb30a727a84e: shutdown LeaderState
2019-09-26 10:06:29,341 [ForkJoinPool.commonPool-worker-0] INFO  impl.RaftServerImpl (RaftServerImpl.java:lambda$shutdown$3(251)) - 3fdc1795-13a2-484d-a1b3-617bb4b52936@group-D8D3B56DCE1A: shutdown
2019-09-26 10:06:29,341 [main] INFO  impl.PendingRequests (PendingRequests.java:sendNotLeaderResponses(202)) - 4994e2c1-9eac-430d-be8a-cb30a727a84e-PendingRequests: sendNotLeaderResponses
2019-09-26 10:06:29,342 [ForkJoinPool.commonPool-worker-0] INFO  util.JmxRegister (JmxRegister.java:unregister(73)) - Successfully un-registered JMX Bean with object name Ratis:service=RaftServer,group=group-D8D3B56DCE1A,id=3fdc1795-13a2-484d-a1b3-617bb4b52936
2019-09-26 10:06:29,342 [main] INFO  impl.StateMachineUpdater (StateMachineUpdater.java:stopAndJoin(125)) - 4994e2c1-9eac-430d-be8a-cb30a727a84e@group-C553D199FAE6-StateMachineUpdater: set stopIndex = 0
2019-09-26 10:06:29,343 [main] INFO  impl.RaftServerImpl (ServerState.java:close(385)) - 4994e2c1-9eac-430d-be8a-cb30a727a84e@group-C553D199FAE6: closes. applyIndex: 0
2019-09-26 10:06:29,342 [ForkJoinPool.commonPool-worker-0] INFO  impl.RoleInfo (RoleInfo.java:shutdownLeaderState(104)) - 3fdc1795-13a2-484d-a1b3-617bb4b52936: shutdown LeaderState
2019-09-26 10:06:29,343 [4994e2c1-9eac-430d-be8a-cb30a727a84e@group-C553D199FAE6-SegmentedRaftLogWorker] INFO  segmented.SegmentedRaftLogWorker (SegmentedRaftLogWorker.java:run(313)) - 4994e2c1-9eac-430d-be8a-cb30a727a84e@group-C553D199FAE6-SegmentedRaftLogWorker was interrupted, exiting. There are 0 tasks remaining in the queue.
2019-09-26 10:06:29,343 [ForkJoinPool.commonPool-worker-0] INFO  impl.PendingRequests (PendingRequests.java:sendNotLeaderResponses(202)) - 3fdc1795-13a2-484d-a1b3-617bb4b52936-PendingRequests: sendNotLeaderResponses
2019-09-26 10:06:29,346 [ForkJoinPool.commonPool-worker-0] INFO  impl.StateMachineUpdater (StateMachineUpdater.java:stopAndJoin(125)) - 3fdc1795-13a2-484d-a1b3-617bb4b52936@group-D8D3B56DCE1A-StateMachineUpdater: set stopIndex = 0
2019-09-26 10:06:29,347 [ForkJoinPool.commonPool-worker-0] INFO  impl.RaftServerImpl (ServerState.java:close(385)) - 3fdc1795-13a2-484d-a1b3-617bb4b52936@group-D8D3B56DCE1A: closes. applyIndex: 0
2019-09-26 10:06:29,347 [3fdc1795-13a2-484d-a1b3-617bb4b52936@group-D8D3B56DCE1A-SegmentedRaftLogWorker] INFO  segmented.SegmentedRaftLogWorker (SegmentedRaftLogWorker.java:run(313)) - 3fdc1795-13a2-484d-a1b3-617bb4b52936@group-D8D3B56DCE1A-SegmentedRaftLogWorker was interrupted, exiting. There are 0 tasks remaining in the queue.
2019-09-26 10:06:29,350 [ForkJoinPool.commonPool-worker-0] INFO  segmented.SegmentedRaftLogWorker (SegmentedRaftLogWorker.java:close(228)) - 3fdc1795-13a2-484d-a1b3-617bb4b52936@group-D8D3B56DCE1A-SegmentedRaftLogWorker close()
2019-09-26 10:06:29,350 [main] INFO  segmented.SegmentedRaftLogWorker (SegmentedRaftLogWorker.java:close(228)) - 4994e2c1-9eac-430d-be8a-cb30a727a84e@group-C553D199FAE6-SegmentedRaftLogWorker close()
2019-09-26 10:06:29,356 [ForkJoinPool.commonPool-worker-0] INFO  impl.RaftServerImpl (RaftServerImpl.java:lambda$shutdown$3(251)) - 3fdc1795-13a2-484d-a1b3-617bb4b52936@group-21CA7C0F6F9E: shutdown
2019-09-26 10:06:29,361 [445ae746-534e-4611-8a14-965c0672a28b@group-A706776D47D0-SegmentedRaftLogWorker] INFO  segmented.SegmentedRaftLogWorker (SegmentedRaftLogWorker.java:execute(569)) - 445ae746-534e-4611-8a14-965c0672a28b@group-A706776D47D0-SegmentedRaftLogWorker: created new log segment /workdir/hadoop-ozone/integration-test/target/test-dir/MiniOzoneClusterImpl-0a4d6173-89d3-45ab-a960-64e25af93069/datanode-6/data/ratis/564b3b11-fed4-4bc8-851c-a706776d47d0/current/log_inprogress_0
2019-09-26 10:06:29,361 [main] INFO  impl.RaftServerImpl (RaftServerImpl.java:lambda$shutdown$3(251)) - 4994e2c1-9eac-430d-be8a-cb30a727a84e@group-3930F033ECA2: shutdown
2019-09-26 10:06:29,362 [ForkJoinPool.commonPool-worker-0] INFO  util.JmxRegister (JmxRegister.java:unregister(73)) - Successfully un-registered JMX Bean with object name Ratis:service=RaftServer,group=group-21CA7C0F6F9E,id=3fdc1795-13a2-484d-a1b3-617bb4b52936
2019-09-26 10:06:29,362 [main] INFO  util.JmxRegister (JmxRegister.java:unregister(73)) - Successfully un-registered JMX Bean with object name Ratis:service=RaftServer,group=group-3930F033ECA2,id=4994e2c1-9eac-430d-be8a-cb30a727a84e
2019-09-26 10:06:29,362 [ForkJoinPool.commonPool-worker-0] INFO  impl.RoleInfo (RoleInfo.java:shutdownLeaderState(104)) - 3fdc1795-13a2-484d-a1b3-617bb4b52936: shutdown LeaderState
2019-09-26 10:06:29,363 [main] INFO  impl.RoleInfo (RoleInfo.java:shutdownLeaderState(104)) - 4994e2c1-9eac-430d-be8a-cb30a727a84e: shutdown LeaderState
2019-09-26 10:06:29,363 [ForkJoinPool.commonPool-worker-0] INFO  impl.PendingRequests (PendingRequests.java:sendNotLeaderResponses(202)) - 3fdc1795-13a2-484d-a1b3-617bb4b52936-PendingRequests: sendNotLeaderResponses
2019-09-26 10:06:29,363 [main] INFO  impl.PendingRequests (PendingRequests.java:sendNotLeaderResponses(202)) - 4994e2c1-9eac-430d-be8a-cb30a727a84e-PendingRequests: sendNotLeaderResponses
2019-09-26 10:06:29,364 [ForkJoinPool.commonPool-worker-0] INFO  impl.StateMachineUpdater (StateMachineUpdater.java:stopAndJoin(125)) - 3fdc1795-13a2-484d-a1b3-617bb4b52936@group-21CA7C0F6F9E-StateMachineUpdater: set stopIndex = 0
2019-09-26 10:06:29,364 [main] INFO  impl.StateMachineUpdater (StateMachineUpdater.java:stopAndJoin(125)) - 4994e2c1-9eac-430d-be8a-cb30a727a84e@group-3930F033ECA2-StateMachineUpdater: set stopIndex = 0
2019-09-26 10:06:29,365 [main] INFO  impl.RaftServerImpl (ServerState.java:close(385)) - 4994e2c1-9eac-430d-be8a-cb30a727a84e@group-3930F033ECA2: closes. applyIndex: 0
2019-09-26 10:06:29,365 [ForkJoinPool.commonPool-worker-0] INFO  impl.RaftServerImpl (ServerState.java:close(385)) - 3fdc1795-13a2-484d-a1b3-617bb4b52936@group-21CA7C0F6F9E: closes. applyIndex: 0
2019-09-26 10:06:29,365 [4994e2c1-9eac-430d-be8a-cb30a727a84e@group-3930F033ECA2-SegmentedRaftLogWorker] INFO  segmented.SegmentedRaftLogWorker (SegmentedRaftLogWorker.java:run(313)) - 4994e2c1-9eac-430d-be8a-cb30a727a84e@group-3930F033ECA2-SegmentedRaftLogWorker was interrupted, exiting. There are 0 tasks remaining in the queue.
2019-09-26 10:06:29,366 [3fdc1795-13a2-484d-a1b3-617bb4b52936@group-21CA7C0F6F9E-SegmentedRaftLogWorker] INFO  segmented.SegmentedRaftLogWorker (SegmentedRaftLogWorker.java:run(313)) - 3fdc1795-13a2-484d-a1b3-617bb4b52936@group-21CA7C0F6F9E-SegmentedRaftLogWorker was interrupted, exiting. There are 0 tasks remaining in the queue.
2019-09-26 10:06:29,368 [main] INFO  segmented.SegmentedRaftLogWorker (SegmentedRaftLogWorker.java:close(228)) - 4994e2c1-9eac-430d-be8a-cb30a727a84e@group-3930F033ECA2-SegmentedRaftLogWorker close()
2019-09-26 10:06:29,371 [ForkJoinPool.commonPool-worker-0] INFO  segmented.SegmentedRaftLogWorker (SegmentedRaftLogWorker.java:close(228)) - 3fdc1795-13a2-484d-a1b3-617bb4b52936@group-21CA7C0F6F9E-SegmentedRaftLogWorker close()
2019-09-26 10:06:29,376 [main] INFO  impl.RaftServerImpl (RaftServerImpl.java:lambda$shutdown$3(251)) - 4994e2c1-9eac-430d-be8a-cb30a727a84e@group-235DADF8ECB8: shutdown
2019-09-26 10:06:29,381 [ForkJoinPool.commonPool-worker-0] INFO  impl.RaftServerImpl (RaftServerImpl.java:lambda$shutdown$3(251)) - 3fdc1795-13a2-484d-a1b3-617bb4b52936@group-27526F59899A: shutdown
2019-09-26 10:06:29,382 [main] INFO  util.JmxRegister (JmxRegister.java:unregister(73)) - Successfully un-registered JMX Bean with object name Ratis:service=RaftServer,group=group-235DADF8ECB8,id=4994e2c1-9eac-430d-be8a-cb30a727a84e
2019-09-26 10:06:29,382 [main] INFO  impl.RoleInfo (RoleInfo.java:shutdownLeaderState(104)) - 4994e2c1-9eac-430d-be8a-cb30a727a84e: shutdown LeaderState
2019-09-26 10:06:29,382 [ForkJoinPool.commonPool-worker-0] INFO  util.JmxRegister (JmxRegister.java:unregister(73)) - Successfully un-registered JMX Bean with object name Ratis:service=RaftServer,group=group-27526F59899A,id=3fdc1795-13a2-484d-a1b3-617bb4b52936
2019-09-26 10:06:29,383 [main] INFO  impl.PendingRequests (PendingRequests.java:sendNotLeaderResponses(202)) - 4994e2c1-9eac-430d-be8a-cb30a727a84e-PendingRequests: sendNotLeaderResponses
2019-09-26 10:06:29,383 [ForkJoinPool.commonPool-worker-0] INFO  impl.RoleInfo (RoleInfo.java:shutdownLeaderState(104)) - 3fdc1795-13a2-484d-a1b3-617bb4b52936: shutdown LeaderState
2019-09-26 10:06:29,383 [main] INFO  impl.StateMachineUpdater (StateMachineUpdater.java:stopAndJoin(125)) - 4994e2c1-9eac-430d-be8a-cb30a727a84e@group-235DADF8ECB8-StateMachineUpdater: set stopIndex = 0
2019-09-26 10:06:29,384 [main] INFO  impl.RaftServerImpl (ServerState.java:close(385)) - 4994e2c1-9eac-430d-be8a-cb30a727a84e@group-235DADF8ECB8: closes. applyIndex: 0
2019-09-26 10:06:29,384 [ForkJoinPool.commonPool-worker-0] INFO  impl.PendingRequests (PendingRequests.java:sendNotLeaderResponses(202)) - 3fdc1795-13a2-484d-a1b3-617bb4b52936-PendingRequests: sendNotLeaderResponses
2019-09-26 10:06:29,384 [4994e2c1-9eac-430d-be8a-cb30a727a84e@group-235DADF8ECB8-SegmentedRaftLogWorker] INFO  segmented.SegmentedRaftLogWorker (SegmentedRaftLogWorker.java:run(313)) - 4994e2c1-9eac-430d-be8a-cb30a727a84e@group-235DADF8ECB8-SegmentedRaftLogWorker was interrupted, exiting. There are 0 tasks remaining in the queue.
2019-09-26 10:06:29,385 [ForkJoinPool.commonPool-worker-0] INFO  impl.StateMachineUpdater (StateMachineUpdater.java:stopAndJoin(125)) - 3fdc1795-13a2-484d-a1b3-617bb4b52936@group-27526F59899A-StateMachineUpdater: set stopIndex = 0
2019-09-26 10:06:29,387 [main] INFO  segmented.SegmentedRaftLogWorker (SegmentedRaftLogWorker.java:close(228)) - 4994e2c1-9eac-430d-be8a-cb30a727a84e@group-235DADF8ECB8-SegmentedRaftLogWorker close()
2019-09-26 10:06:29,388 [ForkJoinPool.commonPool-worker-0] INFO  impl.RaftServerImpl (ServerState.java:close(385)) - 3fdc1795-13a2-484d-a1b3-617bb4b52936@group-27526F59899A: closes. applyIndex: 0
2019-09-26 10:06:29,401 [main] INFO  server.GrpcService (GrpcService.java:closeImpl(164)) - 4994e2c1-9eac-430d-be8a-cb30a727a84e: shutdown server with port 35200 now
2019-09-26 10:06:29,401 [3fdc1795-13a2-484d-a1b3-617bb4b52936@group-27526F59899A-SegmentedRaftLogWorker] INFO  segmented.SegmentedRaftLogWorker (SegmentedRaftLogWorker.java:run(313)) - 3fdc1795-13a2-484d-a1b3-617bb4b52936@group-27526F59899A-SegmentedRaftLogWorker was interrupted, exiting. There are 0 tasks remaining in the queue.
2019-09-26 10:06:29,404 [main] INFO  server.GrpcService (GrpcService.java:closeImpl(172)) - 4994e2c1-9eac-430d-be8a-cb30a727a84e: shutdown server with port 35200 successfully
2019-09-26 10:06:29,404 [ForkJoinPool.commonPool-worker-0] INFO  segmented.SegmentedRaftLogWorker (SegmentedRaftLogWorker.java:close(228)) - 3fdc1795-13a2-484d-a1b3-617bb4b52936@group-27526F59899A-SegmentedRaftLogWorker close()
2019-09-26 10:06:29,408 [ForkJoinPool.commonPool-worker-0] INFO  impl.RaftServerImpl (RaftServerImpl.java:lambda$shutdown$3(251)) - 3fdc1795-13a2-484d-a1b3-617bb4b52936@group-5A9F0C104790: shutdown
2019-09-26 10:06:29,409 [ForkJoinPool.commonPool-worker-0] INFO  util.JmxRegister (JmxRegister.java:unregister(73)) - Successfully un-registered JMX Bean with object name Ratis:service=RaftServer,group=group-5A9F0C104790,id=3fdc1795-13a2-484d-a1b3-617bb4b52936
2019-09-26 10:06:29,409 [refreshUsed-/workdir/hadoop-ozone/integration-test/target/test-dir/MiniOzoneClusterImpl-0a4d6173-89d3-45ab-a960-64e25af93069/datanode-4/data/containers] WARN  fs.CachingGetSpaceUsed (CachingGetSpaceUsed.java:run(183)) - Thread Interrupted waiting to refresh disk information: sleep interrupted
2019-09-26 10:06:29,409 [ForkJoinPool.commonPool-worker-0] INFO  impl.RoleInfo (RoleInfo.java:shutdownLeaderState(104)) - 3fdc1795-13a2-484d-a1b3-617bb4b52936: shutdown LeaderState
2019-09-26 10:06:29,410 [ForkJoinPool.commonPool-worker-0] INFO  impl.PendingRequests (PendingRequests.java:sendNotLeaderResponses(202)) - 3fdc1795-13a2-484d-a1b3-617bb4b52936-PendingRequests: sendNotLeaderResponses
2019-09-26 10:06:29,410 [ForkJoinPool.commonPool-worker-0] INFO  impl.StateMachineUpdater (StateMachineUpdater.java:stopAndJoin(125)) - 3fdc1795-13a2-484d-a1b3-617bb4b52936@group-5A9F0C104790-StateMachineUpdater: set stopIndex = 0
2019-09-26 10:06:29,411 [ForkJoinPool.commonPool-worker-0] INFO  impl.RaftServerImpl (ServerState.java:close(385)) - 3fdc1795-13a2-484d-a1b3-617bb4b52936@group-5A9F0C104790: closes. applyIndex: 0
2019-09-26 10:06:29,411 [3fdc1795-13a2-484d-a1b3-617bb4b52936@group-5A9F0C104790-SegmentedRaftLogWorker] INFO  segmented.SegmentedRaftLogWorker (SegmentedRaftLogWorker.java:run(313)) - 3fdc1795-13a2-484d-a1b3-617bb4b52936@group-5A9F0C104790-SegmentedRaftLogWorker was interrupted, exiting. There are 0 tasks remaining in the queue.
2019-09-26 10:06:29,411 [ForkJoinPool.commonPool-worker-0] INFO  segmented.SegmentedRaftLogWorker (SegmentedRaftLogWorker.java:close(228)) - 3fdc1795-13a2-484d-a1b3-617bb4b52936@group-5A9F0C104790-SegmentedRaftLogWorker close()
2019-09-26 10:06:29,416 [ForkJoinPool.commonPool-worker-0] INFO  server.GrpcService (GrpcService.java:closeImpl(164)) - 3fdc1795-13a2-484d-a1b3-617bb4b52936: shutdown server with port 38491 now
2019-09-26 10:06:29,419 [ForkJoinPool.commonPool-worker-0] INFO  server.GrpcService (GrpcService.java:closeImpl(172)) - 3fdc1795-13a2-484d-a1b3-617bb4b52936: shutdown server with port 38491 successfully
2019-09-26 10:06:29,424 [refreshUsed-/workdir/hadoop-ozone/integration-test/target/test-dir/MiniOzoneClusterImpl-0a4d6173-89d3-45ab-a960-64e25af93069/datanode-1/data/containers] WARN  fs.CachingGetSpaceUsed (CachingGetSpaceUsed.java:run(183)) - Thread Interrupted waiting to refresh disk information: sleep interrupted
2019-09-26 10:06:29,434 [ForkJoinPool.commonPool-worker-0] INFO  utils.BackgroundService (BackgroundService.java:shutdown(148)) - Shutting down service BlockDeletingService
2019-09-26 10:06:29,455 [ForkJoinPool.commonPool-worker-0] INFO  statemachine.DatanodeStateMachine (DatanodeStateMachine.java:stopDaemon(395)) - Ozone container server stopped.
2019-09-26 10:06:29,467 [ForkJoinPool.commonPool-worker-0] INFO  handler.ContextHandler (ContextHandler.java:doStop(910)) - Stopped o.e.j.w.WebAppContext@11399548{/,null,UNAVAILABLE}{/hddsDatanode}
2019-09-26 10:06:29,467 [main] INFO  utils.BackgroundService (BackgroundService.java:shutdown(148)) - Shutting down service BlockDeletingService
2019-09-26 10:06:29,468 [ForkJoinPool.commonPool-worker-0] INFO  server.AbstractConnector (AbstractConnector.java:doStop(318)) - Stopped ServerConnector@610fbe1c{HTTP/1.1,[http/1.1]}{0.0.0.0:0}
2019-09-26 10:06:29,472 [ForkJoinPool.commonPool-worker-0] INFO  handler.ContextHandler (ContextHandler.java:doStop(910)) - Stopped o.e.j.s.ServletContextHandler@5cd8d029{/static,jar:file:/home/user/.m2/repository/org/apache/hadoop/hadoop-hdds-container-service/0.5.0-SNAPSHOT/hadoop-hdds-container-service-0.5.0-SNAPSHOT.jar!/webapps/static,UNAVAILABLE}
2019-09-26 10:06:29,476 [main] INFO  statemachine.DatanodeStateMachine (DatanodeStateMachine.java:stopDaemon(395)) - Ozone container server stopped.
2019-09-26 10:06:29,476 [ForkJoinPool.commonPool-worker-0] INFO  handler.ContextHandler (ContextHandler.java:doStop(910)) - Stopped o.e.j.s.ServletContextHandler@54c11750{/logs,file:///workdir/hadoop-ozone/integration-test/target/log,UNAVAILABLE}
2019-09-26 10:06:29,477 [main] INFO  handler.ContextHandler (ContextHandler.java:doStop(910)) - Stopped o.e.j.w.WebAppContext@6d7740f0{/,null,UNAVAILABLE}{/hddsDatanode}
2019-09-26 10:06:29,478 [main] INFO  server.AbstractConnector (AbstractConnector.java:doStop(318)) - Stopped ServerConnector@7b1a30e5{HTTP/1.1,[http/1.1]}{0.0.0.0:0}
2019-09-26 10:06:29,478 [main] INFO  handler.ContextHandler (ContextHandler.java:doStop(910)) - Stopped o.e.j.s.ServletContextHandler@61808ecd{/static,jar:file:/home/user/.m2/repository/org/apache/hadoop/hadoop-hdds-container-service/0.5.0-SNAPSHOT/hadoop-hdds-container-service-0.5.0-SNAPSHOT.jar!/webapps/static,UNAVAILABLE}
2019-09-26 10:06:29,478 [main] INFO  handler.ContextHandler (ContextHandler.java:doStop(910)) - Stopped o.e.j.s.ServletContextHandler@4fe8f2ae{/logs,file:///workdir/hadoop-ozone/integration-test/target/log,UNAVAILABLE}
2019-09-26 10:06:29,773 [Datanode State Machine Thread - 0] INFO  statemachine.DatanodeStateMachine (DatanodeStateMachine.java:lambda$startDaemon$0(350)) - Ozone container server started.
2019-09-26 10:06:30,237 [Datanode State Machine Thread - 0] INFO  statemachine.DatanodeStateMachine (DatanodeStateMachine.java:lambda$startDaemon$0(350)) - Ozone container server started.
2019-09-26 10:06:33,857 [EventQueue-StaleNodeForStaleNodeHandler] INFO  node.StaleNodeHandler (StaleNodeHandler.java:onMessage(58)) - Datanode 70c8131f-7846-4be9-9772-9c08fe1e82d9{ip: 192.168.30.13, host: pr-hdds-1569-wvzgm-824869521, networkLocation: /default-rack, certSerialId: null} moved to stale state. Finalizing its pipelines [PipelineID=50f03e39-c429-45c0-aed1-e12c186aef17, PipelineID=5d7929bf-baf7-49dc-b6b8-30ce5c74894f, PipelineID=37eb1504-a776-459f-9caa-e80900959e82, PipelineID=43ea39ee-aa90-4873-8ea8-2fc5c9c63618, PipelineID=049d34f8-bfd6-4f57-8013-d419e5ce76a6, PipelineID=af3ecf8b-5bc4-477e-88e6-ed96edb64f62]
2019-09-26 10:06:33,857 [EventQueue-StaleNodeForStaleNodeHandler] INFO  pipeline.SCMPipelineManager (SCMPipelineManager.java:finalizeAndDestroyPipeline(316)) - destroying pipeline:Pipeline[ Id: 50f03e39-c429-45c0-aed1-e12c186aef17, Nodes: 70c8131f-7846-4be9-9772-9c08fe1e82d9{ip: 192.168.30.13, host: pr-hdds-1569-wvzgm-824869521, networkLocation: /default-rack, certSerialId: null}, Type:RATIS, Factor:ONE, State:OPEN]
2019-09-26 10:06:33,858 [EventQueue-StaleNodeForStaleNodeHandler] INFO  pipeline.PipelineStateManager (PipelineStateManager.java:finalizePipeline(123)) - Pipeline Pipeline[ Id: 50f03e39-c429-45c0-aed1-e12c186aef17, Nodes: 70c8131f-7846-4be9-9772-9c08fe1e82d9{ip: 192.168.30.13, host: pr-hdds-1569-wvzgm-824869521, networkLocation: /default-rack, certSerialId: null}, Type:RATIS, Factor:ONE, State:CLOSED] moved to CLOSED state
2019-09-26 10:06:33,858 [EventQueue-StaleNodeForStaleNodeHandler] INFO  pipeline.SCMPipelineManager (SCMPipelineManager.java:finalizeAndDestroyPipeline(316)) - destroying pipeline:Pipeline[ Id: 5d7929bf-baf7-49dc-b6b8-30ce5c74894f, Nodes: 70c8131f-7846-4be9-9772-9c08fe1e82d9{ip: 192.168.30.13, host: pr-hdds-1569-wvzgm-824869521, networkLocation: /default-rack, certSerialId: null}, Type:RATIS, Factor:ONE, State:OPEN]
2019-09-26 10:06:33,858 [EventQueue-StaleNodeForStaleNodeHandler] INFO  pipeline.PipelineStateManager (PipelineStateManager.java:finalizePipeline(123)) - Pipeline Pipeline[ Id: 5d7929bf-baf7-49dc-b6b8-30ce5c74894f, Nodes: 70c8131f-7846-4be9-9772-9c08fe1e82d9{ip: 192.168.30.13, host: pr-hdds-1569-wvzgm-824869521, networkLocation: /default-rack, certSerialId: null}, Type:RATIS, Factor:ONE, State:CLOSED] moved to CLOSED state
2019-09-26 10:06:33,858 [EventQueue-StaleNodeForStaleNodeHandler] INFO  pipeline.SCMPipelineManager (SCMPipelineManager.java:finalizeAndDestroyPipeline(316)) - destroying pipeline:Pipeline[ Id: 37eb1504-a776-459f-9caa-e80900959e82, Nodes: 70c8131f-7846-4be9-9772-9c08fe1e82d9{ip: 192.168.30.13, host: pr-hdds-1569-wvzgm-824869521, networkLocation: /default-rack, certSerialId: null}, Type:RATIS, Factor:ONE, State:OPEN]
2019-09-26 10:06:33,858 [EventQueue-StaleNodeForStaleNodeHandler] INFO  pipeline.PipelineStateManager (PipelineStateManager.java:finalizePipeline(123)) - Pipeline Pipeline[ Id: 37eb1504-a776-459f-9caa-e80900959e82, Nodes: 70c8131f-7846-4be9-9772-9c08fe1e82d9{ip: 192.168.30.13, host: pr-hdds-1569-wvzgm-824869521, networkLocation: /default-rack, certSerialId: null}, Type:RATIS, Factor:ONE, State:CLOSED] moved to CLOSED state
2019-09-26 10:06:33,859 [EventQueue-StaleNodeForStaleNodeHandler] INFO  pipeline.SCMPipelineManager (SCMPipelineManager.java:finalizeAndDestroyPipeline(316)) - destroying pipeline:Pipeline[ Id: 43ea39ee-aa90-4873-8ea8-2fc5c9c63618, Nodes: 70c8131f-7846-4be9-9772-9c08fe1e82d9{ip: 192.168.30.13, host: pr-hdds-1569-wvzgm-824869521, networkLocation: /default-rack, certSerialId: null}, Type:RATIS, Factor:ONE, State:OPEN]
2019-09-26 10:06:33,859 [EventQueue-StaleNodeForStaleNodeHandler] INFO  pipeline.PipelineStateManager (PipelineStateManager.java:finalizePipeline(123)) - Pipeline Pipeline[ Id: 43ea39ee-aa90-4873-8ea8-2fc5c9c63618, Nodes: 70c8131f-7846-4be9-9772-9c08fe1e82d9{ip: 192.168.30.13, host: pr-hdds-1569-wvzgm-824869521, networkLocation: /default-rack, certSerialId: null}, Type:RATIS, Factor:ONE, State:CLOSED] moved to CLOSED state
2019-09-26 10:06:33,859 [EventQueue-StaleNodeForStaleNodeHandler] INFO  pipeline.SCMPipelineManager (SCMPipelineManager.java:finalizeAndDestroyPipeline(316)) - destroying pipeline:Pipeline[ Id: 049d34f8-bfd6-4f57-8013-d419e5ce76a6, Nodes: 70c8131f-7846-4be9-9772-9c08fe1e82d9{ip: 192.168.30.13, host: pr-hdds-1569-wvzgm-824869521, networkLocation: /default-rack, certSerialId: null}, Type:RATIS, Factor:ONE, State:OPEN]
2019-09-26 10:06:33,859 [EventQueue-StaleNodeForStaleNodeHandler] INFO  pipeline.PipelineStateManager (PipelineStateManager.java:finalizePipeline(123)) - Pipeline Pipeline[ Id: 049d34f8-bfd6-4f57-8013-d419e5ce76a6, Nodes: 70c8131f-7846-4be9-9772-9c08fe1e82d9{ip: 192.168.30.13, host: pr-hdds-1569-wvzgm-824869521, networkLocation: /default-rack, certSerialId: null}, Type:RATIS, Factor:ONE, State:CLOSED] moved to CLOSED state
2019-09-26 10:06:33,859 [EventQueue-StaleNodeForStaleNodeHandler] INFO  pipeline.SCMPipelineManager (SCMPipelineManager.java:finalizeAndDestroyPipeline(316)) - destroying pipeline:Pipeline[ Id: af3ecf8b-5bc4-477e-88e6-ed96edb64f62, Nodes: 70c8131f-7846-4be9-9772-9c08fe1e82d9{ip: 192.168.30.13, host: pr-hdds-1569-wvzgm-824869521, networkLocation: /default-rack, certSerialId: null}, Type:RATIS, Factor:ONE, State:OPEN]
2019-09-26 10:06:33,859 [EventQueue-StaleNodeForStaleNodeHandler] INFO  pipeline.PipelineStateManager (PipelineStateManager.java:finalizePipeline(123)) - Pipeline Pipeline[ Id: af3ecf8b-5bc4-477e-88e6-ed96edb64f62, Nodes: 70c8131f-7846-4be9-9772-9c08fe1e82d9{ip: 192.168.30.13, host: pr-hdds-1569-wvzgm-824869521, networkLocation: /default-rack, certSerialId: null}, Type:RATIS, Factor:ONE, State:CLOSED] moved to CLOSED state
2019-09-26 10:06:34,258 [EventQueue-StaleNodeForStaleNodeHandler] INFO  node.StaleNodeHandler (StaleNodeHandler.java:onMessage(58)) - Datanode af49d7a1-7bac-4fb8-a68b-38a7dab2a9f5{ip: 192.168.30.13, host: pr-hdds-1569-wvzgm-824869521, networkLocation: /default-rack, certSerialId: null} moved to stale state. Finalizing its pipelines [PipelineID=02f761b3-428d-4626-81d3-81f0707b1837, PipelineID=57f81472-92c3-4aed-8ac5-dec974e7c7da, PipelineID=1adbdf0a-dff5-40de-bd29-de5efa8461be, PipelineID=e44c9983-7824-41ef-a4ae-1c9b28f1f628, PipelineID=e97eb398-ea56-4a2a-9640-4be667d8575d, PipelineID=4406c8b0-13b0-4170-88c6-5ab571b74d1d]
2019-09-26 10:06:34,258 [EventQueue-StaleNodeForStaleNodeHandler] INFO  pipeline.SCMPipelineManager (SCMPipelineManager.java:finalizeAndDestroyPipeline(316)) - destroying pipeline:Pipeline[ Id: 02f761b3-428d-4626-81d3-81f0707b1837, Nodes: af49d7a1-7bac-4fb8-a68b-38a7dab2a9f5{ip: 192.168.30.13, host: pr-hdds-1569-wvzgm-824869521, networkLocation: /default-rack, certSerialId: null}, Type:RATIS, Factor:ONE, State:OPEN]
2019-09-26 10:06:34,258 [EventQueue-StaleNodeForStaleNodeHandler] INFO  pipeline.PipelineStateManager (PipelineStateManager.java:finalizePipeline(123)) - Pipeline Pipeline[ Id: 02f761b3-428d-4626-81d3-81f0707b1837, Nodes: af49d7a1-7bac-4fb8-a68b-38a7dab2a9f5{ip: 192.168.30.13, host: pr-hdds-1569-wvzgm-824869521, networkLocation: /default-rack, certSerialId: null}, Type:RATIS, Factor:ONE, State:CLOSED] moved to CLOSED state
2019-09-26 10:06:34,258 [EventQueue-StaleNodeForStaleNodeHandler] INFO  pipeline.SCMPipelineManager (SCMPipelineManager.java:finalizeAndDestroyPipeline(316)) - destroying pipeline:Pipeline[ Id: 57f81472-92c3-4aed-8ac5-dec974e7c7da, Nodes: af49d7a1-7bac-4fb8-a68b-38a7dab2a9f5{ip: 192.168.30.13, host: pr-hdds-1569-wvzgm-824869521, networkLocation: /default-rack, certSerialId: null}, Type:RATIS, Factor:ONE, State:OPEN]
2019-09-26 10:06:34,259 [EventQueue-StaleNodeForStaleNodeHandler] INFO  pipeline.PipelineStateManager (PipelineStateManager.java:finalizePipeline(123)) - Pipeline Pipeline[ Id: 57f81472-92c3-4aed-8ac5-dec974e7c7da, Nodes: af49d7a1-7bac-4fb8-a68b-38a7dab2a9f5{ip: 192.168.30.13, host: pr-hdds-1569-wvzgm-824869521, networkLocation: /default-rack, certSerialId: null}, Type:RATIS, Factor:ONE, State:CLOSED] moved to CLOSED state
2019-09-26 10:06:34,259 [EventQueue-StaleNodeForStaleNodeHandler] INFO  pipeline.SCMPipelineManager (SCMPipelineManager.java:finalizeAndDestroyPipeline(316)) - destroying pipeline:Pipeline[ Id: 1adbdf0a-dff5-40de-bd29-de5efa8461be, Nodes: af49d7a1-7bac-4fb8-a68b-38a7dab2a9f5{ip: 192.168.30.13, host: pr-hdds-1569-wvzgm-824869521, networkLocation: /default-rack, certSerialId: null}, Type:RATIS, Factor:ONE, State:OPEN]
2019-09-26 10:06:34,259 [EventQueue-StaleNodeForStaleNodeHandler] INFO  pipeline.PipelineStateManager (PipelineStateManager.java:finalizePipeline(123)) - Pipeline Pipeline[ Id: 1adbdf0a-dff5-40de-bd29-de5efa8461be, Nodes: af49d7a1-7bac-4fb8-a68b-38a7dab2a9f5{ip: 192.168.30.13, host: pr-hdds-1569-wvzgm-824869521, networkLocation: /default-rack, certSerialId: null}, Type:RATIS, Factor:ONE, State:CLOSED] moved to CLOSED state
2019-09-26 10:06:34,259 [EventQueue-StaleNodeForStaleNodeHandler] INFO  pipeline.SCMPipelineManager (SCMPipelineManager.java:finalizeAndDestroyPipeline(316)) - destroying pipeline:Pipeline[ Id: e44c9983-7824-41ef-a4ae-1c9b28f1f628, Nodes: af49d7a1-7bac-4fb8-a68b-38a7dab2a9f5{ip: 192.168.30.13, host: pr-hdds-1569-wvzgm-824869521, networkLocation: /default-rack, certSerialId: null}, Type:RATIS, Factor:ONE, State:OPEN]
2019-09-26 10:06:34,259 [EventQueue-StaleNodeForStaleNodeHandler] INFO  pipeline.PipelineStateManager (PipelineStateManager.java:finalizePipeline(123)) - Pipeline Pipeline[ Id: e44c9983-7824-41ef-a4ae-1c9b28f1f628, Nodes: af49d7a1-7bac-4fb8-a68b-38a7dab2a9f5{ip: 192.168.30.13, host: pr-hdds-1569-wvzgm-824869521, networkLocation: /default-rack, certSerialId: null}, Type:RATIS, Factor:ONE, State:CLOSED] moved to CLOSED state
2019-09-26 10:06:34,259 [EventQueue-StaleNodeForStaleNodeHandler] INFO  pipeline.SCMPipelineManager (SCMPipelineManager.java:finalizeAndDestroyPipeline(316)) - destroying pipeline:Pipeline[ Id: e97eb398-ea56-4a2a-9640-4be667d8575d, Nodes: af49d7a1-7bac-4fb8-a68b-38a7dab2a9f5{ip: 192.168.30.13, host: pr-hdds-1569-wvzgm-824869521, networkLocation: /default-rack, certSerialId: null}, Type:RATIS, Factor:ONE, State:OPEN]
2019-09-26 10:06:34,259 [EventQueue-StaleNodeForStaleNodeHandler] INFO  pipeline.PipelineStateManager (PipelineStateManager.java:finalizePipeline(123)) - Pipeline Pipeline[ Id: e97eb398-ea56-4a2a-9640-4be667d8575d, Nodes: af49d7a1-7bac-4fb8-a68b-38a7dab2a9f5{ip: 192.168.30.13, host: pr-hdds-1569-wvzgm-824869521, networkLocation: /default-rack, certSerialId: null}, Type:RATIS, Factor:ONE, State:CLOSED] moved to CLOSED state
2019-09-26 10:06:34,260 [EventQueue-StaleNodeForStaleNodeHandler] INFO  pipeline.SCMPipelineManager (SCMPipelineManager.java:finalizeAndDestroyPipeline(316)) - destroying pipeline:Pipeline[ Id: 4406c8b0-13b0-4170-88c6-5ab571b74d1d, Nodes: af49d7a1-7bac-4fb8-a68b-38a7dab2a9f5{ip: 192.168.30.13, host: pr-hdds-1569-wvzgm-824869521, networkLocation: /default-rack, certSerialId: null}, Type:RATIS, Factor:ONE, State:OPEN]
2019-09-26 10:06:34,260 [EventQueue-StaleNodeForStaleNodeHandler] INFO  pipeline.PipelineStateManager (PipelineStateManager.java:finalizePipeline(123)) - Pipeline Pipeline[ Id: 4406c8b0-13b0-4170-88c6-5ab571b74d1d, Nodes: af49d7a1-7bac-4fb8-a68b-38a7dab2a9f5{ip: 192.168.30.13, host: pr-hdds-1569-wvzgm-824869521, networkLocation: /default-rack, certSerialId: null}, Type:RATIS, Factor:ONE, State:CLOSED] moved to CLOSED state
2019-09-26 10:06:34,478 [ForkJoinPool.commonPool-worker-0] INFO  ozoneimpl.OzoneContainer (OzoneContainer.java:stop(231)) - Attempting to stop container services.
2019-09-26 10:06:34,483 [main] INFO  ozoneimpl.OzoneContainer (OzoneContainer.java:stop(231)) - Attempting to stop container services.
2019-09-26 10:06:34,483 [ForkJoinPool.commonPool-worker-0] INFO  impl.RaftServerProxy (RaftServerProxy.java:lambda$close$4(314)) - af49d7a1-7bac-4fb8-a68b-38a7dab2a9f5: close
2019-09-26 10:06:34,483 [main] INFO  impl.RaftServerProxy (RaftServerProxy.java:lambda$close$4(314)) - 70c8131f-7846-4be9-9772-9c08fe1e82d9: close
2019-09-26 10:06:34,486 [ForkJoinPool.commonPool-worker-0] INFO  impl.RaftServerImpl (RaftServerImpl.java:lambda$shutdown$3(251)) - af49d7a1-7bac-4fb8-a68b-38a7dab2a9f5@group-DEC974E7C7DA: shutdown
2019-09-26 10:06:34,489 [main] INFO  impl.RaftServerImpl (RaftServerImpl.java:lambda$shutdown$3(251)) - 70c8131f-7846-4be9-9772-9c08fe1e82d9@group-2FC5C9C63618: shutdown
2019-09-26 10:06:34,489 [ForkJoinPool.commonPool-worker-0] INFO  util.JmxRegister (JmxRegister.java:unregister(73)) - Successfully un-registered JMX Bean with object name Ratis:service=RaftServer,group=group-DEC974E7C7DA,id=af49d7a1-7bac-4fb8-a68b-38a7dab2a9f5
2019-09-26 10:06:34,490 [main] INFO  util.JmxRegister (JmxRegister.java:unregister(73)) - Successfully un-registered JMX Bean with object name Ratis:service=RaftServer,group=group-2FC5C9C63618,id=70c8131f-7846-4be9-9772-9c08fe1e82d9
2019-09-26 10:06:34,490 [ForkJoinPool.commonPool-worker-0] INFO  impl.RoleInfo (RoleInfo.java:shutdownLeaderState(104)) - af49d7a1-7bac-4fb8-a68b-38a7dab2a9f5: shutdown LeaderState
2019-09-26 10:06:34,490 [main] INFO  impl.RoleInfo (RoleInfo.java:shutdownLeaderState(104)) - 70c8131f-7846-4be9-9772-9c08fe1e82d9: shutdown LeaderState
2019-09-26 10:06:34,490 [ForkJoinPool.commonPool-worker-0] INFO  impl.PendingRequests (PendingRequests.java:sendNotLeaderResponses(202)) - af49d7a1-7bac-4fb8-a68b-38a7dab2a9f5-PendingRequests: sendNotLeaderResponses
2019-09-26 10:06:34,491 [main] INFO  impl.PendingRequests (PendingRequests.java:sendNotLeaderResponses(202)) - 70c8131f-7846-4be9-9772-9c08fe1e82d9-PendingRequests: sendNotLeaderResponses
2019-09-26 10:06:34,491 [ForkJoinPool.commonPool-worker-0] INFO  impl.StateMachineUpdater (StateMachineUpdater.java:stopAndJoin(125)) - af49d7a1-7bac-4fb8-a68b-38a7dab2a9f5@group-DEC974E7C7DA-StateMachineUpdater: set stopIndex = 0
2019-09-26 10:06:34,491 [main] INFO  impl.StateMachineUpdater (StateMachineUpdater.java:stopAndJoin(125)) - 70c8131f-7846-4be9-9772-9c08fe1e82d9@group-2FC5C9C63618-StateMachineUpdater: set stopIndex = 0
2019-09-26 10:06:34,492 [main] INFO  impl.RaftServerImpl (ServerState.java:close(385)) - 70c8131f-7846-4be9-9772-9c08fe1e82d9@group-2FC5C9C63618: closes. applyIndex: 0
2019-09-26 10:06:34,491 [ForkJoinPool.commonPool-worker-0] INFO  impl.RaftServerImpl (ServerState.java:close(385)) - af49d7a1-7bac-4fb8-a68b-38a7dab2a9f5@group-DEC974E7C7DA: closes. applyIndex: 0
2019-09-26 10:06:34,492 [70c8131f-7846-4be9-9772-9c08fe1e82d9@group-2FC5C9C63618-SegmentedRaftLogWorker] INFO  segmented.SegmentedRaftLogWorker (SegmentedRaftLogWorker.java:run(313)) - 70c8131f-7846-4be9-9772-9c08fe1e82d9@group-2FC5C9C63618-SegmentedRaftLogWorker was interrupted, exiting. There are 0 tasks remaining in the queue.
2019-09-26 10:06:34,492 [af49d7a1-7bac-4fb8-a68b-38a7dab2a9f5@group-DEC974E7C7DA-SegmentedRaftLogWorker] INFO  segmented.SegmentedRaftLogWorker (SegmentedRaftLogWorker.java:run(313)) - af49d7a1-7bac-4fb8-a68b-38a7dab2a9f5@group-DEC974E7C7DA-SegmentedRaftLogWorker was interrupted, exiting. There are 0 tasks remaining in the queue.
2019-09-26 10:06:34,492 [main] INFO  segmented.SegmentedRaftLogWorker (SegmentedRaftLogWorker.java:close(228)) - 70c8131f-7846-4be9-9772-9c08fe1e82d9@group-2FC5C9C63618-SegmentedRaftLogWorker close()
2019-09-26 10:06:34,493 [ForkJoinPool.commonPool-worker-0] INFO  segmented.SegmentedRaftLogWorker (SegmentedRaftLogWorker.java:close(228)) - af49d7a1-7bac-4fb8-a68b-38a7dab2a9f5@group-DEC974E7C7DA-SegmentedRaftLogWorker close()
2019-09-26 10:06:34,495 [main] INFO  impl.RaftServerImpl (RaftServerImpl.java:lambda$shutdown$3(251)) - 70c8131f-7846-4be9-9772-9c08fe1e82d9@group-D419E5CE76A6: shutdown
2019-09-26 10:06:34,498 [main] INFO  util.JmxRegister (JmxRegister.java:unregister(73)) - Successfully un-registered JMX Bean with object name Ratis:service=RaftServer,group=group-D419E5CE76A6,id=70c8131f-7846-4be9-9772-9c08fe1e82d9
2019-09-26 10:06:34,498 [ForkJoinPool.commonPool-worker-0] INFO  impl.RaftServerImpl (RaftServerImpl.java:lambda$shutdown$3(251)) - af49d7a1-7bac-4fb8-a68b-38a7dab2a9f5@group-DE5EFA8461BE: shutdown
2019-09-26 10:06:34,498 [main] INFO  impl.RoleInfo (RoleInfo.java:shutdownLeaderState(104)) - 70c8131f-7846-4be9-9772-9c08fe1e82d9: shutdown LeaderState
2019-09-26 10:06:34,499 [ForkJoinPool.commonPool-worker-0] INFO  util.JmxRegister (JmxRegister.java:unregister(73)) - Successfully un-registered JMX Bean with object name Ratis:service=RaftServer,group=group-DE5EFA8461BE,id=af49d7a1-7bac-4fb8-a68b-38a7dab2a9f5
2019-09-26 10:06:34,499 [main] INFO  impl.PendingRequests (PendingRequests.java:sendNotLeaderResponses(202)) - 70c8131f-7846-4be9-9772-9c08fe1e82d9-PendingRequests: sendNotLeaderResponses
2019-09-26 10:06:34,499 [ForkJoinPool.commonPool-worker-0] INFO  impl.RoleInfo (RoleInfo.java:shutdownLeaderState(104)) - af49d7a1-7bac-4fb8-a68b-38a7dab2a9f5: shutdown LeaderState
2019-09-26 10:06:34,499 [main] INFO  impl.StateMachineUpdater (StateMachineUpdater.java:stopAndJoin(125)) - 70c8131f-7846-4be9-9772-9c08fe1e82d9@group-D419E5CE76A6-StateMachineUpdater: set stopIndex = 0
2019-09-26 10:06:34,500 [main] INFO  impl.RaftServerImpl (ServerState.java:close(385)) - 70c8131f-7846-4be9-9772-9c08fe1e82d9@group-D419E5CE76A6: closes. applyIndex: 0
2019-09-26 10:06:34,500 [ForkJoinPool.commonPool-worker-0] INFO  impl.PendingRequests (PendingRequests.java:sendNotLeaderResponses(202)) - af49d7a1-7bac-4fb8-a68b-38a7dab2a9f5-PendingRequests: sendNotLeaderResponses
2019-09-26 10:06:34,500 [70c8131f-7846-4be9-9772-9c08fe1e82d9@group-D419E5CE76A6-SegmentedRaftLogWorker] INFO  segmented.SegmentedRaftLogWorker (SegmentedRaftLogWorker.java:run(313)) - 70c8131f-7846-4be9-9772-9c08fe1e82d9@group-D419E5CE76A6-SegmentedRaftLogWorker was interrupted, exiting. There are 0 tasks remaining in the queue.
2019-09-26 10:06:34,500 [ForkJoinPool.commonPool-worker-0] INFO  impl.StateMachineUpdater (StateMachineUpdater.java:stopAndJoin(125)) - af49d7a1-7bac-4fb8-a68b-38a7dab2a9f5@group-DE5EFA8461BE-StateMachineUpdater: set stopIndex = 0
2019-09-26 10:06:34,500 [main] INFO  segmented.SegmentedRaftLogWorker (SegmentedRaftLogWorker.java:close(228)) - 70c8131f-7846-4be9-9772-9c08fe1e82d9@group-D419E5CE76A6-SegmentedRaftLogWorker close()
2019-09-26 10:06:34,501 [ForkJoinPool.commonPool-worker-0] INFO  impl.RaftServerImpl (ServerState.java:close(385)) - af49d7a1-7bac-4fb8-a68b-38a7dab2a9f5@group-DE5EFA8461BE: closes. applyIndex: 0
2019-09-26 10:06:34,503 [main] INFO  impl.RaftServerImpl (RaftServerImpl.java:lambda$shutdown$3(251)) - 70c8131f-7846-4be9-9772-9c08fe1e82d9@group-E12C186AEF17: shutdown
2019-09-26 10:06:34,503 [af49d7a1-7bac-4fb8-a68b-38a7dab2a9f5@group-DE5EFA8461BE-SegmentedRaftLogWorker] INFO  segmented.SegmentedRaftLogWorker (SegmentedRaftLogWorker.java:run(313)) - af49d7a1-7bac-4fb8-a68b-38a7dab2a9f5@group-DE5EFA8461BE-SegmentedRaftLogWorker was interrupted, exiting. There are 0 tasks remaining in the queue.
2019-09-26 10:06:34,503 [main] INFO  util.JmxRegister (JmxRegister.java:unregister(73)) - Successfully un-registered JMX Bean with object name Ratis:service=RaftServer,group=group-E12C186AEF17,id=70c8131f-7846-4be9-9772-9c08fe1e82d9
2019-09-26 10:06:34,504 [ForkJoinPool.commonPool-worker-0] INFO  segmented.SegmentedRaftLogWorker (SegmentedRaftLogWorker.java:close(228)) - af49d7a1-7bac-4fb8-a68b-38a7dab2a9f5@group-DE5EFA8461BE-SegmentedRaftLogWorker close()
2019-09-26 10:06:34,504 [main] INFO  impl.RoleInfo (RoleInfo.java:shutdownLeaderState(104)) - 70c8131f-7846-4be9-9772-9c08fe1e82d9: shutdown LeaderState
2019-09-26 10:06:34,506 [ForkJoinPool.commonPool-worker-0] INFO  impl.RaftServerImpl (RaftServerImpl.java:lambda$shutdown$3(251)) - af49d7a1-7bac-4fb8-a68b-38a7dab2a9f5@group-81F0707B1837: shutdown
2019-09-26 10:06:34,507 [ForkJoinPool.commonPool-worker-0] INFO  util.JmxRegister (JmxRegister.java:unregister(73)) - Successfully un-registered JMX Bean with object name Ratis:service=RaftServer,group=group-81F0707B1837,id=af49d7a1-7bac-4fb8-a68b-38a7dab2a9f5
2019-09-26 10:06:34,507 [ForkJoinPool.commonPool-worker-0] INFO  impl.RoleInfo (RoleInfo.java:shutdownLeaderState(104)) - af49d7a1-7bac-4fb8-a68b-38a7dab2a9f5: shutdown LeaderState
2019-09-26 10:06:34,506 [main] INFO  impl.PendingRequests (PendingRequests.java:sendNotLeaderResponses(202)) - 70c8131f-7846-4be9-9772-9c08fe1e82d9-PendingRequests: sendNotLeaderResponses
2019-09-26 10:06:34,507 [ForkJoinPool.commonPool-worker-0] INFO  impl.PendingRequests (PendingRequests.java:sendNotLeaderResponses(202)) - af49d7a1-7bac-4fb8-a68b-38a7dab2a9f5-PendingRequests: sendNotLeaderResponses
2019-09-26 10:06:34,507 [main] INFO  impl.StateMachineUpdater (StateMachineUpdater.java:stopAndJoin(125)) - 70c8131f-7846-4be9-9772-9c08fe1e82d9@group-E12C186AEF17-StateMachineUpdater: set stopIndex = 0
2019-09-26 10:06:34,508 [main] INFO  impl.RaftServerImpl (ServerState.java:close(385)) - 70c8131f-7846-4be9-9772-9c08fe1e82d9@group-E12C186AEF17: closes. applyIndex: 0
2019-09-26 10:06:34,508 [ForkJoinPool.commonPool-worker-0] INFO  impl.StateMachineUpdater (StateMachineUpdater.java:stopAndJoin(125)) - af49d7a1-7bac-4fb8-a68b-38a7dab2a9f5@group-81F0707B1837-StateMachineUpdater: set stopIndex = 0
2019-09-26 10:06:34,508 [ForkJoinPool.commonPool-worker-0] INFO  impl.RaftServerImpl (ServerState.java:close(385)) - af49d7a1-7bac-4fb8-a68b-38a7dab2a9f5@group-81F0707B1837: closes. applyIndex: 0
2019-09-26 10:06:34,508 [70c8131f-7846-4be9-9772-9c08fe1e82d9@group-E12C186AEF17-SegmentedRaftLogWorker] INFO  segmented.SegmentedRaftLogWorker (SegmentedRaftLogWorker.java:run(313)) - 70c8131f-7846-4be9-9772-9c08fe1e82d9@group-E12C186AEF17-SegmentedRaftLogWorker was interrupted, exiting. There are 0 tasks remaining in the queue.
2019-09-26 10:06:34,509 [af49d7a1-7bac-4fb8-a68b-38a7dab2a9f5@group-81F0707B1837-SegmentedRaftLogWorker] INFO  segmented.SegmentedRaftLogWorker (SegmentedRaftLogWorker.java:run(313)) - af49d7a1-7bac-4fb8-a68b-38a7dab2a9f5@group-81F0707B1837-SegmentedRaftLogWorker was interrupted, exiting. There are 0 tasks remaining in the queue.
2019-09-26 10:06:34,509 [main] INFO  segmented.SegmentedRaftLogWorker (SegmentedRaftLogWorker.java:close(228)) - 70c8131f-7846-4be9-9772-9c08fe1e82d9@group-E12C186AEF17-SegmentedRaftLogWorker close()
2019-09-26 10:06:34,509 [ForkJoinPool.commonPool-worker-0] INFO  segmented.SegmentedRaftLogWorker (SegmentedRaftLogWorker.java:close(228)) - af49d7a1-7bac-4fb8-a68b-38a7dab2a9f5@group-81F0707B1837-SegmentedRaftLogWorker close()
2019-09-26 10:06:34,511 [main] INFO  impl.RaftServerImpl (RaftServerImpl.java:lambda$shutdown$3(251)) - 70c8131f-7846-4be9-9772-9c08fe1e82d9@group-30CE5C74894F: shutdown
2019-09-26 10:06:34,514 [ForkJoinPool.commonPool-worker-0] INFO  impl.RaftServerImpl (RaftServerImpl.java:lambda$shutdown$3(251)) - af49d7a1-7bac-4fb8-a68b-38a7dab2a9f5@group-1C9B28F1F628: shutdown
2019-09-26 10:06:34,514 [main] INFO  util.JmxRegister (JmxRegister.java:unregister(73)) - Successfully un-registered JMX Bean with object name Ratis:service=RaftServer,group=group-30CE5C74894F,id=70c8131f-7846-4be9-9772-9c08fe1e82d9
2019-09-26 10:06:34,514 [ForkJoinPool.commonPool-worker-0] INFO  util.JmxRegister (JmxRegister.java:unregister(73)) - Successfully un-registered JMX Bean with object name Ratis:service=RaftServer,group=group-1C9B28F1F628,id=af49d7a1-7bac-4fb8-a68b-38a7dab2a9f5
2019-09-26 10:06:34,514 [main] INFO  impl.RoleInfo (RoleInfo.java:shutdownLeaderState(104)) - 70c8131f-7846-4be9-9772-9c08fe1e82d9: shutdown LeaderState
2019-09-26 10:06:34,515 [ForkJoinPool.commonPool-worker-0] INFO  impl.RoleInfo (RoleInfo.java:shutdownLeaderState(104)) - af49d7a1-7bac-4fb8-a68b-38a7dab2a9f5: shutdown LeaderState
2019-09-26 10:06:34,515 [main] INFO  impl.PendingRequests (PendingRequests.java:sendNotLeaderResponses(202)) - 70c8131f-7846-4be9-9772-9c08fe1e82d9-PendingRequests: sendNotLeaderResponses
2019-09-26 10:06:34,515 [ForkJoinPool.commonPool-worker-0] INFO  impl.PendingRequests (PendingRequests.java:sendNotLeaderResponses(202)) - af49d7a1-7bac-4fb8-a68b-38a7dab2a9f5-PendingRequests: sendNotLeaderResponses
2019-09-26 10:06:34,515 [main] INFO  impl.StateMachineUpdater (StateMachineUpdater.java:stopAndJoin(125)) - 70c8131f-7846-4be9-9772-9c08fe1e82d9@group-30CE5C74894F-StateMachineUpdater: set stopIndex = 0
2019-09-26 10:06:34,517 [ForkJoinPool.commonPool-worker-0] INFO  impl.StateMachineUpdater (StateMachineUpdater.java:stopAndJoin(125)) - af49d7a1-7bac-4fb8-a68b-38a7dab2a9f5@group-1C9B28F1F628-StateMachineUpdater: set stopIndex = 0
2019-09-26 10:06:34,518 [ForkJoinPool.commonPool-worker-0] INFO  impl.RaftServerImpl (ServerState.java:close(385)) - af49d7a1-7bac-4fb8-a68b-38a7dab2a9f5@group-1C9B28F1F628: closes. applyIndex: 0
2019-09-26 10:06:34,517 [main] INFO  impl.RaftServerImpl (ServerState.java:close(385)) - 70c8131f-7846-4be9-9772-9c08fe1e82d9@group-30CE5C74894F: closes. applyIndex: 0
2019-09-26 10:06:34,518 [af49d7a1-7bac-4fb8-a68b-38a7dab2a9f5@group-1C9B28F1F628-SegmentedRaftLogWorker] INFO  segmented.SegmentedRaftLogWorker (SegmentedRaftLogWorker.java:run(313)) - af49d7a1-7bac-4fb8-a68b-38a7dab2a9f5@group-1C9B28F1F628-SegmentedRaftLogWorker was interrupted, exiting. There are 0 tasks remaining in the queue.
2019-09-26 10:06:34,518 [70c8131f-7846-4be9-9772-9c08fe1e82d9@group-30CE5C74894F-SegmentedRaftLogWorker] INFO  segmented.SegmentedRaftLogWorker (SegmentedRaftLogWorker.java:run(313)) - 70c8131f-7846-4be9-9772-9c08fe1e82d9@group-30CE5C74894F-SegmentedRaftLogWorker was interrupted, exiting. There are 0 tasks remaining in the queue.
2019-09-26 10:06:34,519 [ForkJoinPool.commonPool-worker-0] INFO  segmented.SegmentedRaftLogWorker (SegmentedRaftLogWorker.java:close(228)) - af49d7a1-7bac-4fb8-a68b-38a7dab2a9f5@group-1C9B28F1F628-SegmentedRaftLogWorker close()
2019-09-26 10:06:34,519 [main] INFO  segmented.SegmentedRaftLogWorker (SegmentedRaftLogWorker.java:close(228)) - 70c8131f-7846-4be9-9772-9c08fe1e82d9@group-30CE5C74894F-SegmentedRaftLogWorker close()
2019-09-26 10:06:34,521 [ForkJoinPool.commonPool-worker-0] INFO  impl.RaftServerImpl (RaftServerImpl.java:lambda$shutdown$3(251)) - af49d7a1-7bac-4fb8-a68b-38a7dab2a9f5@group-4BE667D8575D: shutdown
2019-09-26 10:06:34,536 [main] INFO  impl.RaftServerImpl (RaftServerImpl.java:lambda$shutdown$3(251)) - 70c8131f-7846-4be9-9772-9c08fe1e82d9@group-E80900959E82: shutdown
2019-09-26 10:06:34,537 [ForkJoinPool.commonPool-worker-0] INFO  util.JmxRegister (JmxRegister.java:unregister(73)) - Successfully un-registered JMX Bean with object name Ratis:service=RaftServer,group=group-4BE667D8575D,id=af49d7a1-7bac-4fb8-a68b-38a7dab2a9f5
2019-09-26 10:06:34,537 [main] INFO  util.JmxRegister (JmxRegister.java:unregister(73)) - Successfully un-registered JMX Bean with object name Ratis:service=RaftServer,group=group-E80900959E82,id=70c8131f-7846-4be9-9772-9c08fe1e82d9
2019-09-26 10:06:34,537 [ForkJoinPool.commonPool-worker-0] INFO  impl.RoleInfo (RoleInfo.java:shutdownLeaderState(104)) - af49d7a1-7bac-4fb8-a68b-38a7dab2a9f5: shutdown LeaderState
2019-09-26 10:06:34,538 [main] INFO  impl.RoleInfo (RoleInfo.java:shutdownLeaderState(104)) - 70c8131f-7846-4be9-9772-9c08fe1e82d9: shutdown LeaderState
2019-09-26 10:06:34,538 [ForkJoinPool.commonPool-worker-0] INFO  impl.PendingRequests (PendingRequests.java:sendNotLeaderResponses(202)) - af49d7a1-7bac-4fb8-a68b-38a7dab2a9f5-PendingRequests: sendNotLeaderResponses
2019-09-26 10:06:34,539 [main] INFO  impl.PendingRequests (PendingRequests.java:sendNotLeaderResponses(202)) - 70c8131f-7846-4be9-9772-9c08fe1e82d9-PendingRequests: sendNotLeaderResponses
2019-09-26 10:06:34,539 [ForkJoinPool.commonPool-worker-0] INFO  impl.StateMachineUpdater (StateMachineUpdater.java:stopAndJoin(125)) - af49d7a1-7bac-4fb8-a68b-38a7dab2a9f5@group-4BE667D8575D-StateMachineUpdater: set stopIndex = 0
2019-09-26 10:06:34,539 [main] INFO  impl.StateMachineUpdater (StateMachineUpdater.java:stopAndJoin(125)) - 70c8131f-7846-4be9-9772-9c08fe1e82d9@group-E80900959E82-StateMachineUpdater: set stopIndex = 0
2019-09-26 10:06:34,540 [ForkJoinPool.commonPool-worker-0] INFO  impl.RaftServerImpl (ServerState.java:close(385)) - af49d7a1-7bac-4fb8-a68b-38a7dab2a9f5@group-4BE667D8575D: closes. applyIndex: 0
2019-09-26 10:06:34,540 [main] INFO  impl.RaftServerImpl (ServerState.java:close(385)) - 70c8131f-7846-4be9-9772-9c08fe1e82d9@group-E80900959E82: closes. applyIndex: 0
2019-09-26 10:06:34,540 [af49d7a1-7bac-4fb8-a68b-38a7dab2a9f5@group-4BE667D8575D-SegmentedRaftLogWorker] INFO  segmented.SegmentedRaftLogWorker (SegmentedRaftLogWorker.java:run(313)) - af49d7a1-7bac-4fb8-a68b-38a7dab2a9f5@group-4BE667D8575D-SegmentedRaftLogWorker was interrupted, exiting. There are 0 tasks remaining in the queue.
2019-09-26 10:06:34,541 [70c8131f-7846-4be9-9772-9c08fe1e82d9@group-E80900959E82-SegmentedRaftLogWorker] INFO  segmented.SegmentedRaftLogWorker (SegmentedRaftLogWorker.java:run(313)) - 70c8131f-7846-4be9-9772-9c08fe1e82d9@group-E80900959E82-SegmentedRaftLogWorker was interrupted, exiting. There are 0 tasks remaining in the queue.
2019-09-26 10:06:34,541 [ForkJoinPool.commonPool-worker-0] INFO  segmented.SegmentedRaftLogWorker (SegmentedRaftLogWorker.java:close(228)) - af49d7a1-7bac-4fb8-a68b-38a7dab2a9f5@group-4BE667D8575D-SegmentedRaftLogWorker close()
2019-09-26 10:06:34,541 [main] INFO  segmented.SegmentedRaftLogWorker (SegmentedRaftLogWorker.java:close(228)) - 70c8131f-7846-4be9-9772-9c08fe1e82d9@group-E80900959E82-SegmentedRaftLogWorker close()
2019-09-26 10:06:34,541 [ForkJoinPool.commonPool-worker-0] INFO  impl.RaftServerImpl (RaftServerImpl.java:lambda$shutdown$3(251)) - af49d7a1-7bac-4fb8-a68b-38a7dab2a9f5@group-5AB571B74D1D: shutdown
2019-09-26 10:06:34,542 [main] INFO  impl.RaftServerImpl (RaftServerImpl.java:lambda$shutdown$3(251)) - 70c8131f-7846-4be9-9772-9c08fe1e82d9@group-ED96EDB64F62: shutdown
2019-09-26 10:06:34,542 [ForkJoinPool.commonPool-worker-0] INFO  util.JmxRegister (JmxRegister.java:unregister(73)) - Successfully un-registered JMX Bean with object name Ratis:service=RaftServer,group=group-5AB571B74D1D,id=af49d7a1-7bac-4fb8-a68b-38a7dab2a9f5
2019-09-26 10:06:34,542 [main] INFO  util.JmxRegister (JmxRegister.java:unregister(73)) - Successfully un-registered JMX Bean with object name Ratis:service=RaftServer,group=group-ED96EDB64F62,id=70c8131f-7846-4be9-9772-9c08fe1e82d9
2019-09-26 10:06:34,543 [ForkJoinPool.commonPool-worker-0] INFO  impl.RoleInfo (RoleInfo.java:shutdownLeaderState(104)) - af49d7a1-7bac-4fb8-a68b-38a7dab2a9f5: shutdown LeaderState
2019-09-26 10:06:34,543 [main] INFO  impl.RoleInfo (RoleInfo.java:shutdownLeaderState(104)) - 70c8131f-7846-4be9-9772-9c08fe1e82d9: shutdown LeaderState
2019-09-26 10:06:34,543 [ForkJoinPool.commonPool-worker-0] INFO  impl.PendingRequests (PendingRequests.java:sendNotLeaderResponses(202)) - af49d7a1-7bac-4fb8-a68b-38a7dab2a9f5-PendingRequests: sendNotLeaderResponses
2019-09-26 10:06:34,544 [main] INFO  impl.PendingRequests (PendingRequests.java:sendNotLeaderResponses(202)) - 70c8131f-7846-4be9-9772-9c08fe1e82d9-PendingRequests: sendNotLeaderResponses
2019-09-26 10:06:34,544 [ForkJoinPool.commonPool-worker-0] INFO  impl.StateMachineUpdater (StateMachineUpdater.java:stopAndJoin(125)) - af49d7a1-7bac-4fb8-a68b-38a7dab2a9f5@group-5AB571B74D1D-StateMachineUpdater: set stopIndex = 0
2019-09-26 10:06:34,545 [main] INFO  impl.StateMachineUpdater (StateMachineUpdater.java:stopAndJoin(125)) - 70c8131f-7846-4be9-9772-9c08fe1e82d9@group-ED96EDB64F62-StateMachineUpdater: set stopIndex = 0
2019-09-26 10:06:34,545 [main] INFO  impl.RaftServerImpl (ServerState.java:close(385)) - 70c8131f-7846-4be9-9772-9c08fe1e82d9@group-ED96EDB64F62: closes. applyIndex: 0
2019-09-26 10:06:34,545 [ForkJoinPool.commonPool-worker-0] INFO  impl.RaftServerImpl (ServerState.java:close(385)) - af49d7a1-7bac-4fb8-a68b-38a7dab2a9f5@group-5AB571B74D1D: closes. applyIndex: 0
2019-09-26 10:06:34,546 [70c8131f-7846-4be9-9772-9c08fe1e82d9@group-ED96EDB64F62-SegmentedRaftLogWorker] INFO  segmented.SegmentedRaftLogWorker (SegmentedRaftLogWorker.java:run(313)) - 70c8131f-7846-4be9-9772-9c08fe1e82d9@group-ED96EDB64F62-SegmentedRaftLogWorker was interrupted, exiting. There are 0 tasks remaining in the queue.
2019-09-26 10:06:34,546 [af49d7a1-7bac-4fb8-a68b-38a7dab2a9f5@group-5AB571B74D1D-SegmentedRaftLogWorker] INFO  segmented.SegmentedRaftLogWorker (SegmentedRaftLogWorker.java:run(313)) - af49d7a1-7bac-4fb8-a68b-38a7dab2a9f5@group-5AB571B74D1D-SegmentedRaftLogWorker was interrupted, exiting. There are 0 tasks remaining in the queue.
2019-09-26 10:06:34,546 [main] INFO  segmented.SegmentedRaftLogWorker (SegmentedRaftLogWorker.java:close(228)) - 70c8131f-7846-4be9-9772-9c08fe1e82d9@group-ED96EDB64F62-SegmentedRaftLogWorker close()
2019-09-26 10:06:34,546 [ForkJoinPool.commonPool-worker-0] INFO  segmented.SegmentedRaftLogWorker (SegmentedRaftLogWorker.java:close(228)) - af49d7a1-7bac-4fb8-a68b-38a7dab2a9f5@group-5AB571B74D1D-SegmentedRaftLogWorker close()
2019-09-26 10:06:34,547 [main] INFO  server.GrpcService (GrpcService.java:closeImpl(164)) - 70c8131f-7846-4be9-9772-9c08fe1e82d9: shutdown server with port 43476 now
2019-09-26 10:06:34,547 [ForkJoinPool.commonPool-worker-0] INFO  server.GrpcService (GrpcService.java:closeImpl(164)) - af49d7a1-7bac-4fb8-a68b-38a7dab2a9f5: shutdown server with port 41624 now
2019-09-26 10:06:34,551 [main] INFO  server.GrpcService (GrpcService.java:closeImpl(172)) - 70c8131f-7846-4be9-9772-9c08fe1e82d9: shutdown server with port 43476 successfully
2019-09-26 10:06:34,553 [ForkJoinPool.commonPool-worker-0] INFO  server.GrpcService (GrpcService.java:closeImpl(172)) - af49d7a1-7bac-4fb8-a68b-38a7dab2a9f5: shutdown server with port 41624 successfully
2019-09-26 10:06:34,556 [refreshUsed-/workdir/hadoop-ozone/integration-test/target/test-dir/MiniOzoneClusterImpl-0a4d6173-89d3-45ab-a960-64e25af93069/datanode-3/data/containers] WARN  fs.CachingGetSpaceUsed (CachingGetSpaceUsed.java:run(183)) - Thread Interrupted waiting to refresh disk information: sleep interrupted
2019-09-26 10:06:34,558 [refreshUsed-/workdir/hadoop-ozone/integration-test/target/test-dir/MiniOzoneClusterImpl-0a4d6173-89d3-45ab-a960-64e25af93069/datanode-2/data/containers] WARN  fs.CachingGetSpaceUsed (CachingGetSpaceUsed.java:run(183)) - Thread Interrupted waiting to refresh disk information: sleep interrupted
2019-09-26 10:06:34,571 [ForkJoinPool.commonPool-worker-0] INFO  utils.BackgroundService (BackgroundService.java:shutdown(148)) - Shutting down service BlockDeletingService
2019-09-26 10:06:34,576 [ForkJoinPool.commonPool-worker-0] INFO  statemachine.DatanodeStateMachine (DatanodeStateMachine.java:stopDaemon(395)) - Ozone container server stopped.
2019-09-26 10:06:34,595 [ForkJoinPool.commonPool-worker-0] INFO  handler.ContextHandler (ContextHandler.java:doStop(910)) - Stopped o.e.j.w.WebAppContext@4fbaa7f5{/,null,UNAVAILABLE}{/hddsDatanode}
2019-09-26 10:06:34,596 [ForkJoinPool.commonPool-worker-0] INFO  server.AbstractConnector (AbstractConnector.java:doStop(318)) - Stopped ServerConnector@3b3056a6{HTTP/1.1,[http/1.1]}{0.0.0.0:0}
2019-09-26 10:06:34,598 [ForkJoinPool.commonPool-worker-0] INFO  handler.ContextHandler (ContextHandler.java:doStop(910)) - Stopped o.e.j.s.ServletContextHandler@4ce267cc{/static,jar:file:/home/user/.m2/repository/org/apache/hadoop/hadoop-hdds-container-service/0.5.0-SNAPSHOT/hadoop-hdds-container-service-0.5.0-SNAPSHOT.jar!/webapps/static,UNAVAILABLE}
2019-09-26 10:06:34,600 [ForkJoinPool.commonPool-worker-0] INFO  handler.ContextHandler (ContextHandler.java:doStop(910)) - Stopped o.e.j.s.ServletContextHandler@6734ff92{/logs,file:///workdir/hadoop-ozone/integration-test/target/log,UNAVAILABLE}
2019-09-26 10:06:34,603 [main] INFO  utils.BackgroundService (BackgroundService.java:shutdown(148)) - Shutting down service BlockDeletingService
2019-09-26 10:06:34,615 [main] INFO  statemachine.DatanodeStateMachine (DatanodeStateMachine.java:stopDaemon(395)) - Ozone container server stopped.
2019-09-26 10:06:34,615 [main] INFO  handler.ContextHandler (ContextHandler.java:doStop(910)) - Stopped o.e.j.w.WebAppContext@44da7eb3{/,null,UNAVAILABLE}{/hddsDatanode}
2019-09-26 10:06:34,616 [main] INFO  server.AbstractConnector (AbstractConnector.java:doStop(318)) - Stopped ServerConnector@5e69cf07{HTTP/1.1,[http/1.1]}{0.0.0.0:0}
2019-09-26 10:06:34,616 [main] INFO  handler.ContextHandler (ContextHandler.java:doStop(910)) - Stopped o.e.j.s.ServletContextHandler@7196a8f1{/static,jar:file:/home/user/.m2/repository/org/apache/hadoop/hadoop-hdds-container-service/0.5.0-SNAPSHOT/hadoop-hdds-container-service-0.5.0-SNAPSHOT.jar!/webapps/static,UNAVAILABLE}
2019-09-26 10:06:34,617 [main] INFO  handler.ContextHandler (ContextHandler.java:doStop(910)) - Stopped o.e.j.s.ServletContextHandler@5546e754{/logs,file:///workdir/hadoop-ozone/integration-test/target/log,UNAVAILABLE}
2019-09-26 10:06:34,769 [Datanode State Machine Thread - 0] INFO  statemachine.DatanodeStateMachine (DatanodeStateMachine.java:lambda$startDaemon$0(350)) - Ozone container server started.
2019-09-26 10:06:35,041 [Datanode State Machine Thread - 0] INFO  statemachine.DatanodeStateMachine (DatanodeStateMachine.java:lambda$startDaemon$0(350)) - Ozone container server started.
2019-09-26 10:06:38,866 [EventQueue-StaleNodeForStaleNodeHandler] INFO  node.StaleNodeHandler (StaleNodeHandler.java:onMessage(58)) - Datanode 445ae746-534e-4611-8a14-965c0672a28b{ip: 192.168.30.13, host: pr-hdds-1569-wvzgm-824869521, networkLocation: /default-rack, certSerialId: null} moved to stale state. Finalizing its pipelines [PipelineID=564b3b11-fed4-4bc8-851c-a706776d47d0, PipelineID=284955a8-d6da-4533-922c-90f76f749c05, PipelineID=3998e864-2a66-4deb-a2d2-b0ef61be0a35, PipelineID=aeb7e537-e6e8-42a4-8457-230faac88c36, PipelineID=29baa857-25d3-43cd-8031-f9cf476a663b, PipelineID=9dc4af5d-b92e-4d39-a8f1-dea1073b3f08]
2019-09-26 10:06:38,866 [EventQueue-StaleNodeForStaleNodeHandler] INFO  pipeline.SCMPipelineManager (SCMPipelineManager.java:finalizeAndDestroyPipeline(316)) - destroying pipeline:Pipeline[ Id: 564b3b11-fed4-4bc8-851c-a706776d47d0, Nodes: 445ae746-534e-4611-8a14-965c0672a28b{ip: 192.168.30.13, host: pr-hdds-1569-wvzgm-824869521, networkLocation: /default-rack, certSerialId: null}, Type:RATIS, Factor:ONE, State:OPEN]
2019-09-26 10:06:38,866 [EventQueue-StaleNodeForStaleNodeHandler] INFO  pipeline.PipelineStateManager (PipelineStateManager.java:finalizePipeline(123)) - Pipeline Pipeline[ Id: 564b3b11-fed4-4bc8-851c-a706776d47d0, Nodes: 445ae746-534e-4611-8a14-965c0672a28b{ip: 192.168.30.13, host: pr-hdds-1569-wvzgm-824869521, networkLocation: /default-rack, certSerialId: null}, Type:RATIS, Factor:ONE, State:CLOSED] moved to CLOSED state
2019-09-26 10:06:38,866 [EventQueue-StaleNodeForStaleNodeHandler] INFO  pipeline.SCMPipelineManager (SCMPipelineManager.java:finalizeAndDestroyPipeline(316)) - destroying pipeline:Pipeline[ Id: 284955a8-d6da-4533-922c-90f76f749c05, Nodes: 445ae746-534e-4611-8a14-965c0672a28b{ip: 192.168.30.13, host: pr-hdds-1569-wvzgm-824869521, networkLocation: /default-rack, certSerialId: null}, Type:RATIS, Factor:ONE, State:OPEN]
2019-09-26 10:06:38,867 [EventQueue-StaleNodeForStaleNodeHandler] INFO  pipeline.PipelineStateManager (PipelineStateManager.java:finalizePipeline(123)) - Pipeline Pipeline[ Id: 284955a8-d6da-4533-922c-90f76f749c05, Nodes: 445ae746-534e-4611-8a14-965c0672a28b{ip: 192.168.30.13, host: pr-hdds-1569-wvzgm-824869521, networkLocation: /default-rack, certSerialId: null}, Type:RATIS, Factor:ONE, State:CLOSED] moved to CLOSED state
2019-09-26 10:06:38,867 [EventQueue-StaleNodeForStaleNodeHandler] INFO  pipeline.SCMPipelineManager (SCMPipelineManager.java:finalizeAndDestroyPipeline(316)) - destroying pipeline:Pipeline[ Id: 3998e864-2a66-4deb-a2d2-b0ef61be0a35, Nodes: 445ae746-534e-4611-8a14-965c0672a28b{ip: 192.168.30.13, host: pr-hdds-1569-wvzgm-824869521, networkLocation: /default-rack, certSerialId: null}, Type:RATIS, Factor:ONE, State:OPEN]
2019-09-26 10:06:38,867 [EventQueue-StaleNodeForStaleNodeHandler] INFO  pipeline.PipelineStateManager (PipelineStateManager.java:finalizePipeline(123)) - Pipeline Pipeline[ Id: 3998e864-2a66-4deb-a2d2-b0ef61be0a35, Nodes: 445ae746-534e-4611-8a14-965c0672a28b{ip: 192.168.30.13, host: pr-hdds-1569-wvzgm-824869521, networkLocation: /default-rack, certSerialId: null}, Type:RATIS, Factor:ONE, State:CLOSED] moved to CLOSED state
2019-09-26 10:06:38,867 [EventQueue-StaleNodeForStaleNodeHandler] INFO  pipeline.SCMPipelineManager (SCMPipelineManager.java:finalizeAndDestroyPipeline(316)) - destroying pipeline:Pipeline[ Id: aeb7e537-e6e8-42a4-8457-230faac88c36, Nodes: 445ae746-534e-4611-8a14-965c0672a28b{ip: 192.168.30.13, host: pr-hdds-1569-wvzgm-824869521, networkLocation: /default-rack, certSerialId: null}, Type:RATIS, Factor:ONE, State:OPEN]
2019-09-26 10:06:38,867 [EventQueue-StaleNodeForStaleNodeHandler] INFO  pipeline.PipelineStateManager (PipelineStateManager.java:finalizePipeline(123)) - Pipeline Pipeline[ Id: aeb7e537-e6e8-42a4-8457-230faac88c36, Nodes: 445ae746-534e-4611-8a14-965c0672a28b{ip: 192.168.30.13, host: pr-hdds-1569-wvzgm-824869521, networkLocation: /default-rack, certSerialId: null}, Type:RATIS, Factor:ONE, State:CLOSED] moved to CLOSED state
2019-09-26 10:06:38,867 [EventQueue-StaleNodeForStaleNodeHandler] INFO  pipeline.SCMPipelineManager (SCMPipelineManager.java:finalizeAndDestroyPipeline(316)) - destroying pipeline:Pipeline[ Id: 29baa857-25d3-43cd-8031-f9cf476a663b, Nodes: 445ae746-534e-4611-8a14-965c0672a28b{ip: 192.168.30.13, host: pr-hdds-1569-wvzgm-824869521, networkLocation: /default-rack, certSerialId: null}, Type:RATIS, Factor:ONE, State:OPEN]
2019-09-26 10:06:38,867 [EventQueue-StaleNodeForStaleNodeHandler] INFO  pipeline.PipelineStateManager (PipelineStateManager.java:finalizePipeline(123)) - Pipeline Pipeline[ Id: 29baa857-25d3-43cd-8031-f9cf476a663b, Nodes: 445ae746-534e-4611-8a14-965c0672a28b{ip: 192.168.30.13, host: pr-hdds-1569-wvzgm-824869521, networkLocation: /default-rack, certSerialId: null}, Type:RATIS, Factor:ONE, State:CLOSED] moved to CLOSED state
2019-09-26 10:06:38,868 [EventQueue-StaleNodeForStaleNodeHandler] INFO  pipeline.SCMPipelineManager (SCMPipelineManager.java:finalizeAndDestroyPipeline(316)) - destroying pipeline:Pipeline[ Id: 9dc4af5d-b92e-4d39-a8f1-dea1073b3f08, Nodes: 445ae746-534e-4611-8a14-965c0672a28b{ip: 192.168.30.13, host: pr-hdds-1569-wvzgm-824869521, networkLocation: /default-rack, certSerialId: null}, Type:RATIS, Factor:ONE, State:OPEN]
2019-09-26 10:06:38,868 [EventQueue-StaleNodeForStaleNodeHandler] INFO  pipeline.PipelineStateManager (PipelineStateManager.java:finalizePipeline(123)) - Pipeline Pipeline[ Id: 9dc4af5d-b92e-4d39-a8f1-dea1073b3f08, Nodes: 445ae746-534e-4611-8a14-965c0672a28b{ip: 192.168.30.13, host: pr-hdds-1569-wvzgm-824869521, networkLocation: /default-rack, certSerialId: null}, Type:RATIS, Factor:ONE, State:CLOSED] moved to CLOSED state
2019-09-26 10:06:39,066 [EventQueue-StaleNodeForStaleNodeHandler] INFO  node.StaleNodeHandler (StaleNodeHandler.java:onMessage(58)) - Datanode 13165a8c-4572-43f4-b795-0eb0b3a8cfdc{ip: 192.168.30.13, host: pr-hdds-1569-wvzgm-824869521, networkLocation: /default-rack, certSerialId: null} moved to stale state. Finalizing its pipelines [PipelineID=bb8b0e44-4ed7-47c1-a68a-2fd6ecf985dd, PipelineID=e14e785d-7ce8-4090-a1fe-875f2bed2334, PipelineID=77ea4f75-2810-4a2e-a75d-fca59b41651c, PipelineID=71af4203-f810-4936-a685-0f3b31ec96ae, PipelineID=cc199dda-b561-4a39-bf4c-7739920095d9, PipelineID=2881a85f-3437-4877-99e7-c49137ec952c]
2019-09-26 10:06:39,066 [EventQueue-StaleNodeForStaleNodeHandler] INFO  pipeline.SCMPipelineManager (SCMPipelineManager.java:finalizeAndDestroyPipeline(316)) - destroying pipeline:Pipeline[ Id: bb8b0e44-4ed7-47c1-a68a-2fd6ecf985dd, Nodes: 13165a8c-4572-43f4-b795-0eb0b3a8cfdc{ip: 192.168.30.13, host: pr-hdds-1569-wvzgm-824869521, networkLocation: /default-rack, certSerialId: null}, Type:RATIS, Factor:ONE, State:OPEN]
2019-09-26 10:06:39,066 [EventQueue-StaleNodeForStaleNodeHandler] INFO  pipeline.PipelineStateManager (PipelineStateManager.java:finalizePipeline(123)) - Pipeline Pipeline[ Id: bb8b0e44-4ed7-47c1-a68a-2fd6ecf985dd, Nodes: 13165a8c-4572-43f4-b795-0eb0b3a8cfdc{ip: 192.168.30.13, host: pr-hdds-1569-wvzgm-824869521, networkLocation: /default-rack, certSerialId: null}, Type:RATIS, Factor:ONE, State:CLOSED] moved to CLOSED state
2019-09-26 10:06:39,067 [EventQueue-StaleNodeForStaleNodeHandler] INFO  pipeline.SCMPipelineManager (SCMPipelineManager.java:finalizeAndDestroyPipeline(316)) - destroying pipeline:Pipeline[ Id: e14e785d-7ce8-4090-a1fe-875f2bed2334, Nodes: 13165a8c-4572-43f4-b795-0eb0b3a8cfdc{ip: 192.168.30.13, host: pr-hdds-1569-wvzgm-824869521, networkLocation: /default-rack, certSerialId: null}, Type:RATIS, Factor:ONE, State:OPEN]
2019-09-26 10:06:39,067 [EventQueue-StaleNodeForStaleNodeHandler] INFO  pipeline.PipelineStateManager (PipelineStateManager.java:finalizePipeline(123)) - Pipeline Pipeline[ Id: e14e785d-7ce8-4090-a1fe-875f2bed2334, Nodes: 13165a8c-4572-43f4-b795-0eb0b3a8cfdc{ip: 192.168.30.13, host: pr-hdds-1569-wvzgm-824869521, networkLocation: /default-rack, certSerialId: null}, Type:RATIS, Factor:ONE, State:CLOSED] moved to CLOSED state
2019-09-26 10:06:39,067 [EventQueue-StaleNodeForStaleNodeHandler] INFO  pipeline.SCMPipelineManager (SCMPipelineManager.java:finalizeAndDestroyPipeline(316)) - destroying pipeline:Pipeline[ Id: 77ea4f75-2810-4a2e-a75d-fca59b41651c, Nodes: 13165a8c-4572-43f4-b795-0eb0b3a8cfdc{ip: 192.168.30.13, host: pr-hdds-1569-wvzgm-824869521, networkLocation: /default-rack, certSerialId: null}, Type:RATIS, Factor:ONE, State:OPEN]
2019-09-26 10:06:39,067 [EventQueue-StaleNodeForStaleNodeHandler] INFO  pipeline.PipelineStateManager (PipelineStateManager.java:finalizePipeline(123)) - Pipeline Pipeline[ Id: 77ea4f75-2810-4a2e-a75d-fca59b41651c, Nodes: 13165a8c-4572-43f4-b795-0eb0b3a8cfdc{ip: 192.168.30.13, host: pr-hdds-1569-wvzgm-824869521, networkLocation: /default-rack, certSerialId: null}, Type:RATIS, Factor:ONE, State:CLOSED] moved to CLOSED state
2019-09-26 10:06:39,067 [EventQueue-StaleNodeForStaleNodeHandler] INFO  pipeline.SCMPipelineManager (SCMPipelineManager.java:finalizeAndDestroyPipeline(316)) - destroying pipeline:Pipeline[ Id: 71af4203-f810-4936-a685-0f3b31ec96ae, Nodes: 13165a8c-4572-43f4-b795-0eb0b3a8cfdc{ip: 192.168.30.13, host: pr-hdds-1569-wvzgm-824869521, networkLocation: /default-rack, certSerialId: null}, Type:RATIS, Factor:ONE, State:OPEN]
2019-09-26 10:06:39,067 [EventQueue-StaleNodeForStaleNodeHandler] INFO  pipeline.PipelineStateManager (PipelineStateManager.java:finalizePipeline(123)) - Pipeline Pipeline[ Id: 71af4203-f810-4936-a685-0f3b31ec96ae, Nodes: 13165a8c-4572-43f4-b795-0eb0b3a8cfdc{ip: 192.168.30.13, host: pr-hdds-1569-wvzgm-824869521, networkLocation: /default-rack, certSerialId: null}, Type:RATIS, Factor:ONE, State:CLOSED] moved to CLOSED state
2019-09-26 10:06:39,067 [EventQueue-StaleNodeForStaleNodeHandler] INFO  pipeline.SCMPipelineManager (SCMPipelineManager.java:finalizeAndDestroyPipeline(316)) - destroying pipeline:Pipeline[ Id: cc199dda-b561-4a39-bf4c-7739920095d9, Nodes: 13165a8c-4572-43f4-b795-0eb0b3a8cfdc{ip: 192.168.30.13, host: pr-hdds-1569-wvzgm-824869521, networkLocation: /default-rack, certSerialId: null}, Type:RATIS, Factor:ONE, State:OPEN]
2019-09-26 10:06:39,067 [EventQueue-StaleNodeForStaleNodeHandler] INFO  pipeline.PipelineStateManager (PipelineStateManager.java:finalizePipeline(123)) - Pipeline Pipeline[ Id: cc199dda-b561-4a39-bf4c-7739920095d9, Nodes: 13165a8c-4572-43f4-b795-0eb0b3a8cfdc{ip: 192.168.30.13, host: pr-hdds-1569-wvzgm-824869521, networkLocation: /default-rack, certSerialId: null}, Type:RATIS, Factor:ONE, State:CLOSED] moved to CLOSED state
2019-09-26 10:06:39,068 [EventQueue-StaleNodeForStaleNodeHandler] INFO  pipeline.SCMPipelineManager (SCMPipelineManager.java:finalizeAndDestroyPipeline(316)) - destroying pipeline:Pipeline[ Id: 2881a85f-3437-4877-99e7-c49137ec952c, Nodes: 13165a8c-4572-43f4-b795-0eb0b3a8cfdc{ip: 192.168.30.13, host: pr-hdds-1569-wvzgm-824869521, networkLocation: /default-rack, certSerialId: null}, Type:RATIS, Factor:ONE, State:OPEN]
2019-09-26 10:06:39,068 [EventQueue-StaleNodeForStaleNodeHandler] INFO  pipeline.PipelineStateManager (PipelineStateManager.java:finalizePipeline(123)) - Pipeline Pipeline[ Id: 2881a85f-3437-4877-99e7-c49137ec952c, Nodes: 13165a8c-4572-43f4-b795-0eb0b3a8cfdc{ip: 192.168.30.13, host: pr-hdds-1569-wvzgm-824869521, networkLocation: /default-rack, certSerialId: null}, Type:RATIS, Factor:ONE, State:CLOSED] moved to CLOSED state
2019-09-26 10:06:39,602 [ForkJoinPool.commonPool-worker-0] INFO  ozoneimpl.OzoneContainer (OzoneContainer.java:stop(231)) - Attempting to stop container services.
2019-09-26 10:06:39,607 [ForkJoinPool.commonPool-worker-0] INFO  impl.RaftServerProxy (RaftServerProxy.java:lambda$close$4(314)) - 13165a8c-4572-43f4-b795-0eb0b3a8cfdc: close
2019-09-26 10:06:39,607 [ForkJoinPool.commonPool-worker-0] INFO  impl.RaftServerImpl (RaftServerImpl.java:lambda$shutdown$3(251)) - 13165a8c-4572-43f4-b795-0eb0b3a8cfdc@group-FCA59B41651C: shutdown
2019-09-26 10:06:39,607 [ForkJoinPool.commonPool-worker-0] INFO  util.JmxRegister (JmxRegister.java:unregister(73)) - Successfully un-registered JMX Bean with object name Ratis:service=RaftServer,group=group-FCA59B41651C,id=13165a8c-4572-43f4-b795-0eb0b3a8cfdc
2019-09-26 10:06:39,608 [ForkJoinPool.commonPool-worker-0] INFO  impl.RoleInfo (RoleInfo.java:shutdownLeaderState(104)) - 13165a8c-4572-43f4-b795-0eb0b3a8cfdc: shutdown LeaderState
2019-09-26 10:06:39,608 [ForkJoinPool.commonPool-worker-0] INFO  impl.PendingRequests (PendingRequests.java:sendNotLeaderResponses(202)) - 13165a8c-4572-43f4-b795-0eb0b3a8cfdc-PendingRequests: sendNotLeaderResponses
2019-09-26 10:06:39,608 [ForkJoinPool.commonPool-worker-0] INFO  impl.StateMachineUpdater (StateMachineUpdater.java:stopAndJoin(125)) - 13165a8c-4572-43f4-b795-0eb0b3a8cfdc@group-FCA59B41651C-StateMachineUpdater: set stopIndex = 0
2019-09-26 10:06:39,609 [ForkJoinPool.commonPool-worker-0] INFO  impl.RaftServerImpl (ServerState.java:close(385)) - 13165a8c-4572-43f4-b795-0eb0b3a8cfdc@group-FCA59B41651C: closes. applyIndex: 0
2019-09-26 10:06:39,610 [13165a8c-4572-43f4-b795-0eb0b3a8cfdc@group-FCA59B41651C-SegmentedRaftLogWorker] INFO  segmented.SegmentedRaftLogWorker (SegmentedRaftLogWorker.java:run(313)) - 13165a8c-4572-43f4-b795-0eb0b3a8cfdc@group-FCA59B41651C-SegmentedRaftLogWorker was interrupted, exiting. There are 0 tasks remaining in the queue.
2019-09-26 10:06:39,610 [ForkJoinPool.commonPool-worker-0] INFO  segmented.SegmentedRaftLogWorker (SegmentedRaftLogWorker.java:close(228)) - 13165a8c-4572-43f4-b795-0eb0b3a8cfdc@group-FCA59B41651C-SegmentedRaftLogWorker close()
2019-09-26 10:06:39,610 [ForkJoinPool.commonPool-worker-0] INFO  impl.RaftServerImpl (RaftServerImpl.java:lambda$shutdown$3(251)) - 13165a8c-4572-43f4-b795-0eb0b3a8cfdc@group-0F3B31EC96AE: shutdown
2019-09-26 10:06:39,611 [ForkJoinPool.commonPool-worker-0] INFO  util.JmxRegister (JmxRegister.java:unregister(73)) - Successfully un-registered JMX Bean with object name Ratis:service=RaftServer,group=group-0F3B31EC96AE,id=13165a8c-4572-43f4-b795-0eb0b3a8cfdc
2019-09-26 10:06:39,611 [ForkJoinPool.commonPool-worker-0] INFO  impl.RoleInfo (RoleInfo.java:shutdownLeaderState(104)) - 13165a8c-4572-43f4-b795-0eb0b3a8cfdc: shutdown LeaderState
2019-09-26 10:06:39,611 [ForkJoinPool.commonPool-worker-0] INFO  impl.PendingRequests (PendingRequests.java:sendNotLeaderResponses(202)) - 13165a8c-4572-43f4-b795-0eb0b3a8cfdc-PendingRequests: sendNotLeaderResponses
2019-09-26 10:06:39,611 [ForkJoinPool.commonPool-worker-0] INFO  impl.StateMachineUpdater (StateMachineUpdater.java:stopAndJoin(125)) - 13165a8c-4572-43f4-b795-0eb0b3a8cfdc@group-0F3B31EC96AE-StateMachineUpdater: set stopIndex = 0
2019-09-26 10:06:39,612 [ForkJoinPool.commonPool-worker-0] INFO  impl.RaftServerImpl (ServerState.java:close(385)) - 13165a8c-4572-43f4-b795-0eb0b3a8cfdc@group-0F3B31EC96AE: closes. applyIndex: 0
2019-09-26 10:06:39,612 [13165a8c-4572-43f4-b795-0eb0b3a8cfdc@group-0F3B31EC96AE-SegmentedRaftLogWorker] INFO  segmented.SegmentedRaftLogWorker (SegmentedRaftLogWorker.java:run(313)) - 13165a8c-4572-43f4-b795-0eb0b3a8cfdc@group-0F3B31EC96AE-SegmentedRaftLogWorker was interrupted, exiting. There are 0 tasks remaining in the queue.
2019-09-26 10:06:39,612 [ForkJoinPool.commonPool-worker-0] INFO  segmented.SegmentedRaftLogWorker (SegmentedRaftLogWorker.java:close(228)) - 13165a8c-4572-43f4-b795-0eb0b3a8cfdc@group-0F3B31EC96AE-SegmentedRaftLogWorker close()
2019-09-26 10:06:39,613 [ForkJoinPool.commonPool-worker-0] INFO  impl.RaftServerImpl (RaftServerImpl.java:lambda$shutdown$3(251)) - 13165a8c-4572-43f4-b795-0eb0b3a8cfdc@group-7739920095D9: shutdown
2019-09-26 10:06:39,613 [ForkJoinPool.commonPool-worker-0] INFO  util.JmxRegister (JmxRegister.java:unregister(73)) - Successfully un-registered JMX Bean with object name Ratis:service=RaftServer,group=group-7739920095D9,id=13165a8c-4572-43f4-b795-0eb0b3a8cfdc
2019-09-26 10:06:39,613 [ForkJoinPool.commonPool-worker-0] INFO  impl.RoleInfo (RoleInfo.java:shutdownLeaderState(104)) - 13165a8c-4572-43f4-b795-0eb0b3a8cfdc: shutdown LeaderState
2019-09-26 10:06:39,614 [ForkJoinPool.commonPool-worker-0] INFO  impl.PendingRequests (PendingRequests.java:sendNotLeaderResponses(202)) - 13165a8c-4572-43f4-b795-0eb0b3a8cfdc-PendingRequests: sendNotLeaderResponses
2019-09-26 10:06:39,614 [ForkJoinPool.commonPool-worker-0] INFO  impl.StateMachineUpdater (StateMachineUpdater.java:stopAndJoin(125)) - 13165a8c-4572-43f4-b795-0eb0b3a8cfdc@group-7739920095D9-StateMachineUpdater: set stopIndex = 0
2019-09-26 10:06:39,614 [ForkJoinPool.commonPool-worker-0] INFO  impl.RaftServerImpl (ServerState.java:close(385)) - 13165a8c-4572-43f4-b795-0eb0b3a8cfdc@group-7739920095D9: closes. applyIndex: 0
2019-09-26 10:06:39,615 [13165a8c-4572-43f4-b795-0eb0b3a8cfdc@group-7739920095D9-SegmentedRaftLogWorker] INFO  segmented.SegmentedRaftLogWorker (SegmentedRaftLogWorker.java:run(313)) - 13165a8c-4572-43f4-b795-0eb0b3a8cfdc@group-7739920095D9-SegmentedRaftLogWorker was interrupted, exiting. There are 0 tasks remaining in the queue.
2019-09-26 10:06:39,615 [ForkJoinPool.commonPool-worker-0] INFO  segmented.SegmentedRaftLogWorker (SegmentedRaftLogWorker.java:close(228)) - 13165a8c-4572-43f4-b795-0eb0b3a8cfdc@group-7739920095D9-SegmentedRaftLogWorker close()
2019-09-26 10:06:39,615 [ForkJoinPool.commonPool-worker-0] INFO  impl.RaftServerImpl (RaftServerImpl.java:lambda$shutdown$3(251)) - 13165a8c-4572-43f4-b795-0eb0b3a8cfdc@group-2FD6ECF985DD: shutdown
2019-09-26 10:06:39,616 [ForkJoinPool.commonPool-worker-0] INFO  util.JmxRegister (JmxRegister.java:unregister(73)) - Successfully un-registered JMX Bean with object name Ratis:service=RaftServer,group=group-2FD6ECF985DD,id=13165a8c-4572-43f4-b795-0eb0b3a8cfdc
2019-09-26 10:06:39,616 [ForkJoinPool.commonPool-worker-0] INFO  impl.RoleInfo (RoleInfo.java:shutdownLeaderState(104)) - 13165a8c-4572-43f4-b795-0eb0b3a8cfdc: shutdown LeaderState
2019-09-26 10:06:39,616 [ForkJoinPool.commonPool-worker-0] INFO  impl.PendingRequests (PendingRequests.java:sendNotLeaderResponses(202)) - 13165a8c-4572-43f4-b795-0eb0b3a8cfdc-PendingRequests: sendNotLeaderResponses
2019-09-26 10:06:39,617 [ForkJoinPool.commonPool-worker-0] INFO  impl.StateMachineUpdater (StateMachineUpdater.java:stopAndJoin(125)) - 13165a8c-4572-43f4-b795-0eb0b3a8cfdc@group-2FD6ECF985DD-StateMachineUpdater: set stopIndex = 0
2019-09-26 10:06:39,617 [ForkJoinPool.commonPool-worker-0] INFO  impl.RaftServerImpl (ServerState.java:close(385)) - 13165a8c-4572-43f4-b795-0eb0b3a8cfdc@group-2FD6ECF985DD: closes. applyIndex: 0
2019-09-26 10:06:39,617 [13165a8c-4572-43f4-b795-0eb0b3a8cfdc@group-2FD6ECF985DD-SegmentedRaftLogWorker] INFO  segmented.SegmentedRaftLogWorker (SegmentedRaftLogWorker.java:run(313)) - 13165a8c-4572-43f4-b795-0eb0b3a8cfdc@group-2FD6ECF985DD-SegmentedRaftLogWorker was interrupted, exiting. There are 0 tasks remaining in the queue.
2019-09-26 10:06:39,618 [ForkJoinPool.commonPool-worker-0] INFO  segmented.SegmentedRaftLogWorker (SegmentedRaftLogWorker.java:close(228)) - 13165a8c-4572-43f4-b795-0eb0b3a8cfdc@group-2FD6ECF985DD-SegmentedRaftLogWorker close()
2019-09-26 10:06:39,618 [ForkJoinPool.commonPool-worker-0] INFO  impl.RaftServerImpl (RaftServerImpl.java:lambda$shutdown$3(251)) - 13165a8c-4572-43f4-b795-0eb0b3a8cfdc@group-875F2BED2334: shutdown
2019-09-26 10:06:39,618 [ForkJoinPool.commonPool-worker-0] INFO  util.JmxRegister (JmxRegister.java:unregister(73)) - Successfully un-registered JMX Bean with object name Ratis:service=RaftServer,group=group-875F2BED2334,id=13165a8c-4572-43f4-b795-0eb0b3a8cfdc
2019-09-26 10:06:39,618 [main] INFO  ozoneimpl.OzoneContainer (OzoneContainer.java:stop(231)) - Attempting to stop container services.
2019-09-26 10:06:39,619 [ForkJoinPool.commonPool-worker-0] INFO  impl.RoleInfo (RoleInfo.java:shutdownLeaderState(104)) - 13165a8c-4572-43f4-b795-0eb0b3a8cfdc: shutdown LeaderState
2019-09-26 10:06:39,619 [main] INFO  impl.RaftServerProxy (RaftServerProxy.java:lambda$close$4(314)) - 445ae746-534e-4611-8a14-965c0672a28b: close
2019-09-26 10:06:39,619 [ForkJoinPool.commonPool-worker-0] INFO  impl.PendingRequests (PendingRequests.java:sendNotLeaderResponses(202)) - 13165a8c-4572-43f4-b795-0eb0b3a8cfdc-PendingRequests: sendNotLeaderResponses
2019-09-26 10:06:39,620 [main] INFO  impl.RaftServerImpl (RaftServerImpl.java:lambda$shutdown$3(251)) - 445ae746-534e-4611-8a14-965c0672a28b@group-B0EF61BE0A35: shutdown
2019-09-26 10:06:39,620 [ForkJoinPool.commonPool-worker-0] INFO  impl.StateMachineUpdater (StateMachineUpdater.java:stopAndJoin(125)) - 13165a8c-4572-43f4-b795-0eb0b3a8cfdc@group-875F2BED2334-StateMachineUpdater: set stopIndex = 0
2019-09-26 10:06:39,621 [ForkJoinPool.commonPool-worker-0] INFO  impl.RaftServerImpl (ServerState.java:close(385)) - 13165a8c-4572-43f4-b795-0eb0b3a8cfdc@group-875F2BED2334: closes. applyIndex: 0
2019-09-26 10:06:39,620 [main] INFO  util.JmxRegister (JmxRegister.java:unregister(73)) - Successfully un-registered JMX Bean with object name Ratis:service=RaftServer,group=group-B0EF61BE0A35,id=445ae746-534e-4611-8a14-965c0672a28b
2019-09-26 10:06:39,621 [main] INFO  impl.RoleInfo (RoleInfo.java:shutdownLeaderState(104)) - 445ae746-534e-4611-8a14-965c0672a28b: shutdown LeaderState
2019-09-26 10:06:39,621 [13165a8c-4572-43f4-b795-0eb0b3a8cfdc@group-875F2BED2334-SegmentedRaftLogWorker] INFO  segmented.SegmentedRaftLogWorker (SegmentedRaftLogWorker.java:run(313)) - 13165a8c-4572-43f4-b795-0eb0b3a8cfdc@group-875F2BED2334-SegmentedRaftLogWorker was interrupted, exiting. There are 0 tasks remaining in the queue.
2019-09-26 10:06:39,622 [main] INFO  impl.PendingRequests (PendingRequests.java:sendNotLeaderResponses(202)) - 445ae746-534e-4611-8a14-965c0672a28b-PendingRequests: sendNotLeaderResponses
2019-09-26 10:06:39,622 [ForkJoinPool.commonPool-worker-0] INFO  segmented.SegmentedRaftLogWorker (SegmentedRaftLogWorker.java:close(228)) - 13165a8c-4572-43f4-b795-0eb0b3a8cfdc@group-875F2BED2334-SegmentedRaftLogWorker close()
2019-09-26 10:06:39,622 [main] INFO  impl.StateMachineUpdater (StateMachineUpdater.java:stopAndJoin(125)) - 445ae746-534e-4611-8a14-965c0672a28b@group-B0EF61BE0A35-StateMachineUpdater: set stopIndex = 0
2019-09-26 10:06:39,623 [ForkJoinPool.commonPool-worker-0] INFO  impl.RaftServerImpl (RaftServerImpl.java:lambda$shutdown$3(251)) - 13165a8c-4572-43f4-b795-0eb0b3a8cfdc@group-C49137EC952C: shutdown
2019-09-26 10:06:39,623 [main] INFO  impl.RaftServerImpl (ServerState.java:close(385)) - 445ae746-534e-4611-8a14-965c0672a28b@group-B0EF61BE0A35: closes. applyIndex: 0
2019-09-26 10:06:39,623 [ForkJoinPool.commonPool-worker-0] INFO  util.JmxRegister (JmxRegister.java:unregister(73)) - Successfully un-registered JMX Bean with object name Ratis:service=RaftServer,group=group-C49137EC952C,id=13165a8c-4572-43f4-b795-0eb0b3a8cfdc
2019-09-26 10:06:39,624 [445ae746-534e-4611-8a14-965c0672a28b@group-B0EF61BE0A35-SegmentedRaftLogWorker] INFO  segmented.SegmentedRaftLogWorker (SegmentedRaftLogWorker.java:run(313)) - 445ae746-534e-4611-8a14-965c0672a28b@group-B0EF61BE0A35-SegmentedRaftLogWorker was interrupted, exiting. There are 0 tasks remaining in the queue.
2019-09-26 10:06:39,624 [ForkJoinPool.commonPool-worker-0] INFO  impl.RoleInfo (RoleInfo.java:shutdownLeaderState(104)) - 13165a8c-4572-43f4-b795-0eb0b3a8cfdc: shutdown LeaderState
2019-09-26 10:06:39,624 [main] INFO  segmented.SegmentedRaftLogWorker (SegmentedRaftLogWorker.java:close(228)) - 445ae746-534e-4611-8a14-965c0672a28b@group-B0EF61BE0A35-SegmentedRaftLogWorker close()
2019-09-26 10:06:39,625 [ForkJoinPool.commonPool-worker-0] INFO  impl.PendingRequests (PendingRequests.java:sendNotLeaderResponses(202)) - 13165a8c-4572-43f4-b795-0eb0b3a8cfdc-PendingRequests: sendNotLeaderResponses
2019-09-26 10:06:39,625 [main] INFO  impl.RaftServerImpl (RaftServerImpl.java:lambda$shutdown$3(251)) - 445ae746-534e-4611-8a14-965c0672a28b@group-A706776D47D0: shutdown
2019-09-26 10:06:39,625 [ForkJoinPool.commonPool-worker-0] INFO  impl.StateMachineUpdater (StateMachineUpdater.java:stopAndJoin(125)) - 13165a8c-4572-43f4-b795-0eb0b3a8cfdc@group-C49137EC952C-StateMachineUpdater: set stopIndex = 0
2019-09-26 10:06:39,626 [main] INFO  util.JmxRegister (JmxRegister.java:unregister(73)) - Successfully un-registered JMX Bean with object name Ratis:service=RaftServer,group=group-A706776D47D0,id=445ae746-534e-4611-8a14-965c0672a28b
2019-09-26 10:06:39,626 [main] INFO  impl.RoleInfo (RoleInfo.java:shutdownLeaderState(104)) - 445ae746-534e-4611-8a14-965c0672a28b: shutdown LeaderState
2019-09-26 10:06:39,626 [ForkJoinPool.commonPool-worker-0] INFO  impl.RaftServerImpl (ServerState.java:close(385)) - 13165a8c-4572-43f4-b795-0eb0b3a8cfdc@group-C49137EC952C: closes. applyIndex: 0
2019-09-26 10:06:39,627 [main] INFO  impl.PendingRequests (PendingRequests.java:sendNotLeaderResponses(202)) - 445ae746-534e-4611-8a14-965c0672a28b-PendingRequests: sendNotLeaderResponses
2019-09-26 10:06:39,627 [13165a8c-4572-43f4-b795-0eb0b3a8cfdc@group-C49137EC952C-SegmentedRaftLogWorker] INFO  segmented.SegmentedRaftLogWorker (SegmentedRaftLogWorker.java:run(313)) - 13165a8c-4572-43f4-b795-0eb0b3a8cfdc@group-C49137EC952C-SegmentedRaftLogWorker was interrupted, exiting. There are 0 tasks remaining in the queue.
2019-09-26 10:06:39,627 [main] INFO  impl.StateMachineUpdater (StateMachineUpdater.java:stopAndJoin(125)) - 445ae746-534e-4611-8a14-965c0672a28b@group-A706776D47D0-StateMachineUpdater: set stopIndex = 0
2019-09-26 10:06:39,628 [ForkJoinPool.commonPool-worker-0] INFO  segmented.SegmentedRaftLogWorker (SegmentedRaftLogWorker.java:close(228)) - 13165a8c-4572-43f4-b795-0eb0b3a8cfdc@group-C49137EC952C-SegmentedRaftLogWorker close()
2019-09-26 10:06:39,628 [main] INFO  impl.RaftServerImpl (ServerState.java:close(385)) - 445ae746-534e-4611-8a14-965c0672a28b@group-A706776D47D0: closes. applyIndex: 0
2019-09-26 10:06:39,628 [ForkJoinPool.commonPool-worker-0] INFO  server.GrpcService (GrpcService.java:closeImpl(164)) - 13165a8c-4572-43f4-b795-0eb0b3a8cfdc: shutdown server with port 41099 now
2019-09-26 10:06:39,629 [445ae746-534e-4611-8a14-965c0672a28b@group-A706776D47D0-SegmentedRaftLogWorker] INFO  segmented.SegmentedRaftLogWorker (SegmentedRaftLogWorker.java:run(313)) - 445ae746-534e-4611-8a14-965c0672a28b@group-A706776D47D0-SegmentedRaftLogWorker was interrupted, exiting. There are 0 tasks remaining in the queue.
2019-09-26 10:06:39,642 [ForkJoinPool.commonPool-worker-0] INFO  server.GrpcService (GrpcService.java:closeImpl(172)) - 13165a8c-4572-43f4-b795-0eb0b3a8cfdc: shutdown server with port 41099 successfully
2019-09-26 10:06:39,642 [main] INFO  segmented.SegmentedRaftLogWorker (SegmentedRaftLogWorker.java:close(228)) - 445ae746-534e-4611-8a14-965c0672a28b@group-A706776D47D0-SegmentedRaftLogWorker close()
2019-09-26 10:06:39,642 [main] INFO  impl.RaftServerImpl (RaftServerImpl.java:lambda$shutdown$3(251)) - 445ae746-534e-4611-8a14-965c0672a28b@group-90F76F749C05: shutdown
2019-09-26 10:06:39,643 [main] INFO  util.JmxRegister (JmxRegister.java:unregister(73)) - Successfully un-registered JMX Bean with object name Ratis:service=RaftServer,group=group-90F76F749C05,id=445ae746-534e-4611-8a14-965c0672a28b
2019-09-26 10:06:39,643 [main] INFO  impl.RoleInfo (RoleInfo.java:shutdownLeaderState(104)) - 445ae746-534e-4611-8a14-965c0672a28b: shutdown LeaderState
2019-09-26 10:06:39,644 [main] INFO  impl.PendingRequests (PendingRequests.java:sendNotLeaderResponses(202)) - 445ae746-534e-4611-8a14-965c0672a28b-PendingRequests: sendNotLeaderResponses
2019-09-26 10:06:39,644 [main] INFO  impl.StateMachineUpdater (StateMachineUpdater.java:stopAndJoin(125)) - 445ae746-534e-4611-8a14-965c0672a28b@group-90F76F749C05-StateMachineUpdater: set stopIndex = 0
2019-09-26 10:06:39,646 [main] INFO  impl.RaftServerImpl (ServerState.java:close(385)) - 445ae746-534e-4611-8a14-965c0672a28b@group-90F76F749C05: closes. applyIndex: 0
2019-09-26 10:06:39,646 [refreshUsed-/workdir/hadoop-ozone/integration-test/target/test-dir/MiniOzoneClusterImpl-0a4d6173-89d3-45ab-a960-64e25af93069/datanode-0/data/containers] WARN  fs.CachingGetSpaceUsed (CachingGetSpaceUsed.java:run(183)) - Thread Interrupted waiting to refresh disk information: sleep interrupted
2019-09-26 10:06:39,647 [445ae746-534e-4611-8a14-965c0672a28b@group-90F76F749C05-SegmentedRaftLogWorker] INFO  segmented.SegmentedRaftLogWorker (SegmentedRaftLogWorker.java:run(313)) - 445ae746-534e-4611-8a14-965c0672a28b@group-90F76F749C05-SegmentedRaftLogWorker was interrupted, exiting. There are 0 tasks remaining in the queue.
2019-09-26 10:06:39,647 [main] INFO  segmented.SegmentedRaftLogWorker (SegmentedRaftLogWorker.java:close(228)) - 445ae746-534e-4611-8a14-965c0672a28b@group-90F76F749C05-SegmentedRaftLogWorker close()
2019-09-26 10:06:39,648 [main] INFO  impl.RaftServerImpl (RaftServerImpl.java:lambda$shutdown$3(251)) - 445ae746-534e-4611-8a14-965c0672a28b@group-230FAAC88C36: shutdown
2019-09-26 10:06:39,648 [main] INFO  util.JmxRegister (JmxRegister.java:unregister(73)) - Successfully un-registered JMX Bean with object name Ratis:service=RaftServer,group=group-230FAAC88C36,id=445ae746-534e-4611-8a14-965c0672a28b
2019-09-26 10:06:39,648 [main] INFO  impl.RoleInfo (RoleInfo.java:shutdownLeaderState(104)) - 445ae746-534e-4611-8a14-965c0672a28b: shutdown LeaderState
2019-09-26 10:06:39,649 [main] INFO  impl.PendingRequests (PendingRequests.java:sendNotLeaderResponses(202)) - 445ae746-534e-4611-8a14-965c0672a28b-PendingRequests: sendNotLeaderResponses
2019-09-26 10:06:39,649 [main] INFO  impl.StateMachineUpdater (StateMachineUpdater.java:stopAndJoin(125)) - 445ae746-534e-4611-8a14-965c0672a28b@group-230FAAC88C36-StateMachineUpdater: set stopIndex = 0
2019-09-26 10:06:39,650 [main] INFO  impl.RaftServerImpl (ServerState.java:close(385)) - 445ae746-534e-4611-8a14-965c0672a28b@group-230FAAC88C36: closes. applyIndex: 0
2019-09-26 10:06:39,650 [445ae746-534e-4611-8a14-965c0672a28b@group-230FAAC88C36-SegmentedRaftLogWorker] INFO  segmented.SegmentedRaftLogWorker (SegmentedRaftLogWorker.java:run(313)) - 445ae746-534e-4611-8a14-965c0672a28b@group-230FAAC88C36-SegmentedRaftLogWorker was interrupted, exiting. There are 0 tasks remaining in the queue.
2019-09-26 10:06:39,651 [main] INFO  segmented.SegmentedRaftLogWorker (SegmentedRaftLogWorker.java:close(228)) - 445ae746-534e-4611-8a14-965c0672a28b@group-230FAAC88C36-SegmentedRaftLogWorker close()
2019-09-26 10:06:39,651 [main] INFO  impl.RaftServerImpl (RaftServerImpl.java:lambda$shutdown$3(251)) - 445ae746-534e-4611-8a14-965c0672a28b@group-F9CF476A663B: shutdown
2019-09-26 10:06:39,651 [main] INFO  util.JmxRegister (JmxRegister.java:unregister(73)) - Successfully un-registered JMX Bean with object name Ratis:service=RaftServer,group=group-F9CF476A663B,id=445ae746-534e-4611-8a14-965c0672a28b
2019-09-26 10:06:39,652 [main] INFO  impl.RoleInfo (RoleInfo.java:shutdownLeaderState(104)) - 445ae746-534e-4611-8a14-965c0672a28b: shutdown LeaderState
2019-09-26 10:06:39,652 [main] INFO  impl.PendingRequests (PendingRequests.java:sendNotLeaderResponses(202)) - 445ae746-534e-4611-8a14-965c0672a28b-PendingRequests: sendNotLeaderResponses
2019-09-26 10:06:39,653 [main] INFO  impl.StateMachineUpdater (StateMachineUpdater.java:stopAndJoin(125)) - 445ae746-534e-4611-8a14-965c0672a28b@group-F9CF476A663B-StateMachineUpdater: set stopIndex = 0
2019-09-26 10:06:39,653 [main] INFO  impl.RaftServerImpl (ServerState.java:close(385)) - 445ae746-534e-4611-8a14-965c0672a28b@group-F9CF476A663B: closes. applyIndex: 0
2019-09-26 10:06:39,654 [445ae746-534e-4611-8a14-965c0672a28b@group-F9CF476A663B-SegmentedRaftLogWorker] INFO  segmented.SegmentedRaftLogWorker (SegmentedRaftLogWorker.java:run(313)) - 445ae746-534e-4611-8a14-965c0672a28b@group-F9CF476A663B-SegmentedRaftLogWorker was interrupted, exiting. There are 0 tasks remaining in the queue.
2019-09-26 10:06:39,654 [main] INFO  segmented.SegmentedRaftLogWorker (SegmentedRaftLogWorker.java:close(228)) - 445ae746-534e-4611-8a14-965c0672a28b@group-F9CF476A663B-SegmentedRaftLogWorker close()
2019-09-26 10:06:39,654 [main] INFO  impl.RaftServerImpl (RaftServerImpl.java:lambda$shutdown$3(251)) - 445ae746-534e-4611-8a14-965c0672a28b@group-DEA1073B3F08: shutdown
2019-09-26 10:06:39,655 [main] INFO  util.JmxRegister (JmxRegister.java:unregister(73)) - Successfully un-registered JMX Bean with object name Ratis:service=RaftServer,group=group-DEA1073B3F08,id=445ae746-534e-4611-8a14-965c0672a28b
2019-09-26 10:06:39,655 [main] INFO  impl.RoleInfo (RoleInfo.java:shutdownLeaderState(104)) - 445ae746-534e-4611-8a14-965c0672a28b: shutdown LeaderState
2019-09-26 10:06:39,656 [main] INFO  impl.PendingRequests (PendingRequests.java:sendNotLeaderResponses(202)) - 445ae746-534e-4611-8a14-965c0672a28b-PendingRequests: sendNotLeaderResponses
2019-09-26 10:06:39,656 [main] INFO  impl.StateMachineUpdater (StateMachineUpdater.java:stopAndJoin(125)) - 445ae746-534e-4611-8a14-965c0672a28b@group-DEA1073B3F08-StateMachineUpdater: set stopIndex = 0
2019-09-26 10:06:39,657 [main] INFO  impl.RaftServerImpl (ServerState.java:close(385)) - 445ae746-534e-4611-8a14-965c0672a28b@group-DEA1073B3F08: closes. applyIndex: 0
2019-09-26 10:06:39,657 [445ae746-534e-4611-8a14-965c0672a28b@group-DEA1073B3F08-SegmentedRaftLogWorker] INFO  segmented.SegmentedRaftLogWorker (SegmentedRaftLogWorker.java:run(313)) - 445ae746-534e-4611-8a14-965c0672a28b@group-DEA1073B3F08-SegmentedRaftLogWorker was interrupted, exiting. There are 0 tasks remaining in the queue.
2019-09-26 10:06:39,657 [main] INFO  segmented.SegmentedRaftLogWorker (SegmentedRaftLogWorker.java:close(228)) - 445ae746-534e-4611-8a14-965c0672a28b@group-DEA1073B3F08-SegmentedRaftLogWorker close()
2019-09-26 10:06:39,658 [main] INFO  server.GrpcService (GrpcService.java:closeImpl(164)) - 445ae746-534e-4611-8a14-965c0672a28b: shutdown server with port 35533 now
2019-09-26 10:06:39,658 [main] INFO  server.GrpcService (GrpcService.java:closeImpl(172)) - 445ae746-534e-4611-8a14-965c0672a28b: shutdown server with port 35533 successfully
2019-09-26 10:06:39,660 [refreshUsed-/workdir/hadoop-ozone/integration-test/target/test-dir/MiniOzoneClusterImpl-0a4d6173-89d3-45ab-a960-64e25af93069/datanode-6/data/containers] WARN  fs.CachingGetSpaceUsed (CachingGetSpaceUsed.java:run(183)) - Thread Interrupted waiting to refresh disk information: sleep interrupted
2019-09-26 10:06:39,665 [ForkJoinPool.commonPool-worker-0] INFO  utils.BackgroundService (BackgroundService.java:shutdown(148)) - Shutting down service BlockDeletingService
2019-09-26 10:06:39,671 [ForkJoinPool.commonPool-worker-0] INFO  statemachine.DatanodeStateMachine (DatanodeStateMachine.java:stopDaemon(395)) - Ozone container server stopped.
2019-09-26 10:06:39,674 [ForkJoinPool.commonPool-worker-0] INFO  handler.ContextHandler (ContextHandler.java:doStop(910)) - Stopped o.e.j.w.WebAppContext@1e120628{/,null,UNAVAILABLE}{/hddsDatanode}
2019-09-26 10:06:39,675 [ForkJoinPool.commonPool-worker-0] INFO  server.AbstractConnector (AbstractConnector.java:doStop(318)) - Stopped ServerConnector@4e4894d{HTTP/1.1,[http/1.1]}{0.0.0.0:0}
2019-09-26 10:06:39,677 [ForkJoinPool.commonPool-worker-0] INFO  handler.ContextHandler (ContextHandler.java:doStop(910)) - Stopped o.e.j.s.ServletContextHandler@2c99c8d{/static,jar:file:/home/user/.m2/repository/org/apache/hadoop/hadoop-hdds-container-service/0.5.0-SNAPSHOT/hadoop-hdds-container-service-0.5.0-SNAPSHOT.jar!/webapps/static,UNAVAILABLE}
2019-09-26 10:06:39,680 [ForkJoinPool.commonPool-worker-0] INFO  handler.ContextHandler (ContextHandler.java:doStop(910)) - Stopped o.e.j.s.ServletContextHandler@2049e582{/logs,file:///workdir/hadoop-ozone/integration-test/target/log,UNAVAILABLE}
2019-09-26 10:06:39,689 [main] INFO  utils.BackgroundService (BackgroundService.java:shutdown(148)) - Shutting down service BlockDeletingService
2019-09-26 10:06:39,704 [main] INFO  statemachine.DatanodeStateMachine (DatanodeStateMachine.java:stopDaemon(395)) - Ozone container server stopped.
2019-09-26 10:06:39,705 [main] INFO  handler.ContextHandler (ContextHandler.java:doStop(910)) - Stopped o.e.j.w.WebAppContext@2fac80a8{/,null,UNAVAILABLE}{/hddsDatanode}
2019-09-26 10:06:39,706 [main] INFO  server.AbstractConnector (AbstractConnector.java:doStop(318)) - Stopped ServerConnector@6987a133{HTTP/1.1,[http/1.1]}{0.0.0.0:0}
2019-09-26 10:06:39,706 [main] INFO  handler.ContextHandler (ContextHandler.java:doStop(910)) - Stopped o.e.j.s.ServletContextHandler@510da778{/static,jar:file:/home/user/.m2/repository/org/apache/hadoop/hadoop-hdds-container-service/0.5.0-SNAPSHOT/hadoop-hdds-container-service-0.5.0-SNAPSHOT.jar!/webapps/static,UNAVAILABLE}
2019-09-26 10:06:39,707 [main] INFO  handler.ContextHandler (ContextHandler.java:doStop(910)) - Stopped o.e.j.s.ServletContextHandler@12fccff0{/logs,file:///workdir/hadoop-ozone/integration-test/target/log,UNAVAILABLE}
2019-09-26 10:06:39,770 [Datanode State Machine Thread - 0] INFO  statemachine.DatanodeStateMachine (DatanodeStateMachine.java:lambda$startDaemon$0(350)) - Ozone container server started.
2019-09-26 10:06:43,774 [EventQueue-StaleNodeForStaleNodeHandler] INFO  node.StaleNodeHandler (StaleNodeHandler.java:onMessage(58)) - Datanode cf63bf87-7688-4ba8-af45-4d7c49885422{ip: 192.168.30.13, host: pr-hdds-1569-wvzgm-824869521, networkLocation: /default-rack, certSerialId: null} moved to stale state. Finalizing its pipelines [PipelineID=1f08606e-c66d-4ab2-979f-d6d7e1486b88, PipelineID=7edbae01-37b2-4f28-9c85-3fb4b7b9010c, PipelineID=89223d94-663c-4bb3-be0c-4209ba40e679, PipelineID=51bc4775-431f-491f-8074-0766567aa2c7, PipelineID=9cf7098b-9ba3-4472-95f6-971aa5ee5bc8, PipelineID=4de17486-a30d-4383-b0e0-ac5b73179c6e]
2019-09-26 10:06:43,774 [EventQueue-StaleNodeForStaleNodeHandler] INFO  pipeline.SCMPipelineManager (SCMPipelineManager.java:finalizeAndDestroyPipeline(316)) - destroying pipeline:Pipeline[ Id: 1f08606e-c66d-4ab2-979f-d6d7e1486b88, Nodes: cf63bf87-7688-4ba8-af45-4d7c49885422{ip: 192.168.30.13, host: pr-hdds-1569-wvzgm-824869521, networkLocation: /default-rack, certSerialId: null}, Type:RATIS, Factor:ONE, State:OPEN]
2019-09-26 10:06:43,775 [EventQueue-StaleNodeForStaleNodeHandler] INFO  pipeline.PipelineStateManager (PipelineStateManager.java:finalizePipeline(123)) - Pipeline Pipeline[ Id: 1f08606e-c66d-4ab2-979f-d6d7e1486b88, Nodes: cf63bf87-7688-4ba8-af45-4d7c49885422{ip: 192.168.30.13, host: pr-hdds-1569-wvzgm-824869521, networkLocation: /default-rack, certSerialId: null}, Type:RATIS, Factor:ONE, State:CLOSED] moved to CLOSED state
2019-09-26 10:06:43,775 [EventQueue-StaleNodeForStaleNodeHandler] INFO  pipeline.SCMPipelineManager (SCMPipelineManager.java:finalizeAndDestroyPipeline(316)) - destroying pipeline:Pipeline[ Id: 7edbae01-37b2-4f28-9c85-3fb4b7b9010c, Nodes: cf63bf87-7688-4ba8-af45-4d7c49885422{ip: 192.168.30.13, host: pr-hdds-1569-wvzgm-824869521, networkLocation: /default-rack, certSerialId: null}, Type:RATIS, Factor:ONE, State:OPEN]
2019-09-26 10:06:43,775 [EventQueue-StaleNodeForStaleNodeHandler] INFO  pipeline.PipelineStateManager (PipelineStateManager.java:finalizePipeline(123)) - Pipeline Pipeline[ Id: 7edbae01-37b2-4f28-9c85-3fb4b7b9010c, Nodes: cf63bf87-7688-4ba8-af45-4d7c49885422{ip: 192.168.30.13, host: pr-hdds-1569-wvzgm-824869521, networkLocation: /default-rack, certSerialId: null}, Type:RATIS, Factor:ONE, State:CLOSED] moved to CLOSED state
2019-09-26 10:06:43,775 [EventQueue-StaleNodeForStaleNodeHandler] INFO  pipeline.SCMPipelineManager (SCMPipelineManager.java:finalizeAndDestroyPipeline(316)) - destroying pipeline:Pipeline[ Id: 89223d94-663c-4bb3-be0c-4209ba40e679, Nodes: cf63bf87-7688-4ba8-af45-4d7c49885422{ip: 192.168.30.13, host: pr-hdds-1569-wvzgm-824869521, networkLocation: /default-rack, certSerialId: null}, Type:RATIS, Factor:ONE, State:OPEN]
2019-09-26 10:06:43,775 [EventQueue-StaleNodeForStaleNodeHandler] INFO  pipeline.PipelineStateManager (PipelineStateManager.java:finalizePipeline(123)) - Pipeline Pipeline[ Id: 89223d94-663c-4bb3-be0c-4209ba40e679, Nodes: cf63bf87-7688-4ba8-af45-4d7c49885422{ip: 192.168.30.13, host: pr-hdds-1569-wvzgm-824869521, networkLocation: /default-rack, certSerialId: null}, Type:RATIS, Factor:ONE, State:CLOSED] moved to CLOSED state
2019-09-26 10:06:43,775 [EventQueue-StaleNodeForStaleNodeHandler] INFO  pipeline.SCMPipelineManager (SCMPipelineManager.java:finalizeAndDestroyPipeline(316)) - destroying pipeline:Pipeline[ Id: 51bc4775-431f-491f-8074-0766567aa2c7, Nodes: cf63bf87-7688-4ba8-af45-4d7c49885422{ip: 192.168.30.13, host: pr-hdds-1569-wvzgm-824869521, networkLocation: /default-rack, certSerialId: null}, Type:RATIS, Factor:ONE, State:OPEN]
2019-09-26 10:06:43,776 [EventQueue-StaleNodeForStaleNodeHandler] INFO  pipeline.PipelineStateManager (PipelineStateManager.java:finalizePipeline(123)) - Pipeline Pipeline[ Id: 51bc4775-431f-491f-8074-0766567aa2c7, Nodes: cf63bf87-7688-4ba8-af45-4d7c49885422{ip: 192.168.30.13, host: pr-hdds-1569-wvzgm-824869521, networkLocation: /default-rack, certSerialId: null}, Type:RATIS, Factor:ONE, State:CLOSED] moved to CLOSED state
2019-09-26 10:06:43,776 [EventQueue-StaleNodeForStaleNodeHandler] INFO  pipeline.SCMPipelineManager (SCMPipelineManager.java:finalizeAndDestroyPipeline(316)) - destroying pipeline:Pipeline[ Id: 9cf7098b-9ba3-4472-95f6-971aa5ee5bc8, Nodes: cf63bf87-7688-4ba8-af45-4d7c49885422{ip: 192.168.30.13, host: pr-hdds-1569-wvzgm-824869521, networkLocation: /default-rack, certSerialId: null}, Type:RATIS, Factor:ONE, State:OPEN]
2019-09-26 10:06:43,776 [EventQueue-StaleNodeForStaleNodeHandler] INFO  pipeline.PipelineStateManager (PipelineStateManager.java:finalizePipeline(123)) - Pipeline Pipeline[ Id: 9cf7098b-9ba3-4472-95f6-971aa5ee5bc8, Nodes: cf63bf87-7688-4ba8-af45-4d7c49885422{ip: 192.168.30.13, host: pr-hdds-1569-wvzgm-824869521, networkLocation: /default-rack, certSerialId: null}, Type:RATIS, Factor:ONE, State:CLOSED] moved to CLOSED state
2019-09-26 10:06:43,776 [EventQueue-StaleNodeForStaleNodeHandler] INFO  pipeline.SCMPipelineManager (SCMPipelineManager.java:finalizeAndDestroyPipeline(316)) - destroying pipeline:Pipeline[ Id: 4de17486-a30d-4383-b0e0-ac5b73179c6e, Nodes: cf63bf87-7688-4ba8-af45-4d7c49885422{ip: 192.168.30.13, host: pr-hdds-1569-wvzgm-824869521, networkLocation: /default-rack, certSerialId: null}, Type:RATIS, Factor:ONE, State:OPEN]
2019-09-26 10:06:43,776 [EventQueue-StaleNodeForStaleNodeHandler] INFO  pipeline.PipelineStateManager (PipelineStateManager.java:finalizePipeline(123)) - Pipeline Pipeline[ Id: 4de17486-a30d-4383-b0e0-ac5b73179c6e, Nodes: cf63bf87-7688-4ba8-af45-4d7c49885422{ip: 192.168.30.13, host: pr-hdds-1569-wvzgm-824869521, networkLocation: /default-rack, certSerialId: null}, Type:RATIS, Factor:ONE, State:CLOSED] moved to CLOSED state
2019-09-26 10:06:44,682 [ForkJoinPool.commonPool-worker-0] INFO  ozoneimpl.OzoneContainer (OzoneContainer.java:stop(231)) - Attempting to stop container services.
2019-09-26 10:06:44,688 [ForkJoinPool.commonPool-worker-0] INFO  impl.RaftServerProxy (RaftServerProxy.java:lambda$close$4(314)) - cf63bf87-7688-4ba8-af45-4d7c49885422: close
2019-09-26 10:06:44,688 [ForkJoinPool.commonPool-worker-0] INFO  impl.RaftServerImpl (RaftServerImpl.java:lambda$shutdown$3(251)) - cf63bf87-7688-4ba8-af45-4d7c49885422@group-3FB4B7B9010C: shutdown
2019-09-26 10:06:44,689 [ForkJoinPool.commonPool-worker-0] INFO  util.JmxRegister (JmxRegister.java:unregister(73)) - Successfully un-registered JMX Bean with object name Ratis:service=RaftServer,group=group-3FB4B7B9010C,id=cf63bf87-7688-4ba8-af45-4d7c49885422
2019-09-26 10:06:44,689 [ForkJoinPool.commonPool-worker-0] INFO  impl.RoleInfo (RoleInfo.java:shutdownLeaderState(104)) - cf63bf87-7688-4ba8-af45-4d7c49885422: shutdown LeaderState
2019-09-26 10:06:44,689 [ForkJoinPool.commonPool-worker-0] INFO  impl.PendingRequests (PendingRequests.java:sendNotLeaderResponses(202)) - cf63bf87-7688-4ba8-af45-4d7c49885422-PendingRequests: sendNotLeaderResponses
2019-09-26 10:06:44,690 [ForkJoinPool.commonPool-worker-0] INFO  impl.StateMachineUpdater (StateMachineUpdater.java:stopAndJoin(125)) - cf63bf87-7688-4ba8-af45-4d7c49885422@group-3FB4B7B9010C-StateMachineUpdater: set stopIndex = 0
2019-09-26 10:06:44,690 [ForkJoinPool.commonPool-worker-0] INFO  impl.RaftServerImpl (ServerState.java:close(385)) - cf63bf87-7688-4ba8-af45-4d7c49885422@group-3FB4B7B9010C: closes. applyIndex: 0
2019-09-26 10:06:44,691 [cf63bf87-7688-4ba8-af45-4d7c49885422@group-3FB4B7B9010C-SegmentedRaftLogWorker] INFO  segmented.SegmentedRaftLogWorker (SegmentedRaftLogWorker.java:run(313)) - cf63bf87-7688-4ba8-af45-4d7c49885422@group-3FB4B7B9010C-SegmentedRaftLogWorker was interrupted, exiting. There are 0 tasks remaining in the queue.
2019-09-26 10:06:44,693 [ForkJoinPool.commonPool-worker-0] INFO  segmented.SegmentedRaftLogWorker (SegmentedRaftLogWorker.java:close(228)) - cf63bf87-7688-4ba8-af45-4d7c49885422@group-3FB4B7B9010C-SegmentedRaftLogWorker close()
2019-09-26 10:06:44,693 [ForkJoinPool.commonPool-worker-0] INFO  impl.RaftServerImpl (RaftServerImpl.java:lambda$shutdown$3(251)) - cf63bf87-7688-4ba8-af45-4d7c49885422@group-4209BA40E679: shutdown
2019-09-26 10:06:44,693 [ForkJoinPool.commonPool-worker-0] INFO  util.JmxRegister (JmxRegister.java:unregister(73)) - Successfully un-registered JMX Bean with object name Ratis:service=RaftServer,group=group-4209BA40E679,id=cf63bf87-7688-4ba8-af45-4d7c49885422
2019-09-26 10:06:44,694 [ForkJoinPool.commonPool-worker-0] INFO  impl.RoleInfo (RoleInfo.java:shutdownLeaderState(104)) - cf63bf87-7688-4ba8-af45-4d7c49885422: shutdown LeaderState
2019-09-26 10:06:44,694 [ForkJoinPool.commonPool-worker-0] INFO  impl.PendingRequests (PendingRequests.java:sendNotLeaderResponses(202)) - cf63bf87-7688-4ba8-af45-4d7c49885422-PendingRequests: sendNotLeaderResponses
2019-09-26 10:06:44,694 [ForkJoinPool.commonPool-worker-0] INFO  impl.StateMachineUpdater (StateMachineUpdater.java:stopAndJoin(125)) - cf63bf87-7688-4ba8-af45-4d7c49885422@group-4209BA40E679-StateMachineUpdater: set stopIndex = 0
2019-09-26 10:06:44,695 [ForkJoinPool.commonPool-worker-0] INFO  impl.RaftServerImpl (ServerState.java:close(385)) - cf63bf87-7688-4ba8-af45-4d7c49885422@group-4209BA40E679: closes. applyIndex: 0
2019-09-26 10:06:44,695 [cf63bf87-7688-4ba8-af45-4d7c49885422@group-4209BA40E679-SegmentedRaftLogWorker] INFO  segmented.SegmentedRaftLogWorker (SegmentedRaftLogWorker.java:run(313)) - cf63bf87-7688-4ba8-af45-4d7c49885422@group-4209BA40E679-SegmentedRaftLogWorker was interrupted, exiting. There are 0 tasks remaining in the queue.
2019-09-26 10:06:44,695 [ForkJoinPool.commonPool-worker-0] INFO  segmented.SegmentedRaftLogWorker (SegmentedRaftLogWorker.java:close(228)) - cf63bf87-7688-4ba8-af45-4d7c49885422@group-4209BA40E679-SegmentedRaftLogWorker close()
2019-09-26 10:06:44,696 [ForkJoinPool.commonPool-worker-0] INFO  impl.RaftServerImpl (RaftServerImpl.java:lambda$shutdown$3(251)) - cf63bf87-7688-4ba8-af45-4d7c49885422@group-0766567AA2C7: shutdown
2019-09-26 10:06:44,696 [ForkJoinPool.commonPool-worker-0] INFO  util.JmxRegister (JmxRegister.java:unregister(73)) - Successfully un-registered JMX Bean with object name Ratis:service=RaftServer,group=group-0766567AA2C7,id=cf63bf87-7688-4ba8-af45-4d7c49885422
2019-09-26 10:06:44,696 [ForkJoinPool.commonPool-worker-0] INFO  impl.RoleInfo (RoleInfo.java:shutdownLeaderState(104)) - cf63bf87-7688-4ba8-af45-4d7c49885422: shutdown LeaderState
2019-09-26 10:06:44,697 [ForkJoinPool.commonPool-worker-0] INFO  impl.PendingRequests (PendingRequests.java:sendNotLeaderResponses(202)) - cf63bf87-7688-4ba8-af45-4d7c49885422-PendingRequests: sendNotLeaderResponses
2019-09-26 10:06:44,697 [ForkJoinPool.commonPool-worker-0] INFO  impl.StateMachineUpdater (StateMachineUpdater.java:stopAndJoin(125)) - cf63bf87-7688-4ba8-af45-4d7c49885422@group-0766567AA2C7-StateMachineUpdater: set stopIndex = 0
2019-09-26 10:06:44,697 [ForkJoinPool.commonPool-worker-0] INFO  impl.RaftServerImpl (ServerState.java:close(385)) - cf63bf87-7688-4ba8-af45-4d7c49885422@group-0766567AA2C7: closes. applyIndex: 0
2019-09-26 10:06:44,698 [cf63bf87-7688-4ba8-af45-4d7c49885422@group-0766567AA2C7-SegmentedRaftLogWorker] INFO  segmented.SegmentedRaftLogWorker (SegmentedRaftLogWorker.java:run(313)) - cf63bf87-7688-4ba8-af45-4d7c49885422@group-0766567AA2C7-SegmentedRaftLogWorker was interrupted, exiting. There are 0 tasks remaining in the queue.
2019-09-26 10:06:44,698 [ForkJoinPool.commonPool-worker-0] INFO  segmented.SegmentedRaftLogWorker (SegmentedRaftLogWorker.java:close(228)) - cf63bf87-7688-4ba8-af45-4d7c49885422@group-0766567AA2C7-SegmentedRaftLogWorker close()
2019-09-26 10:06:44,699 [ForkJoinPool.commonPool-worker-0] INFO  impl.RaftServerImpl (RaftServerImpl.java:lambda$shutdown$3(251)) - cf63bf87-7688-4ba8-af45-4d7c49885422@group-971AA5EE5BC8: shutdown
2019-09-26 10:06:44,699 [ForkJoinPool.commonPool-worker-0] INFO  util.JmxRegister (JmxRegister.java:unregister(73)) - Successfully un-registered JMX Bean with object name Ratis:service=RaftServer,group=group-971AA5EE5BC8,id=cf63bf87-7688-4ba8-af45-4d7c49885422
2019-09-26 10:06:44,699 [ForkJoinPool.commonPool-worker-0] INFO  impl.RoleInfo (RoleInfo.java:shutdownLeaderState(104)) - cf63bf87-7688-4ba8-af45-4d7c49885422: shutdown LeaderState
2019-09-26 10:06:44,699 [ForkJoinPool.commonPool-worker-0] INFO  impl.PendingRequests (PendingRequests.java:sendNotLeaderResponses(202)) - cf63bf87-7688-4ba8-af45-4d7c49885422-PendingRequests: sendNotLeaderResponses
2019-09-26 10:06:44,700 [ForkJoinPool.commonPool-worker-0] INFO  impl.StateMachineUpdater (StateMachineUpdater.java:stopAndJoin(125)) - cf63bf87-7688-4ba8-af45-4d7c49885422@group-971AA5EE5BC8-StateMachineUpdater: set stopIndex = 0
2019-09-26 10:06:44,700 [ForkJoinPool.commonPool-worker-0] INFO  impl.RaftServerImpl (ServerState.java:close(385)) - cf63bf87-7688-4ba8-af45-4d7c49885422@group-971AA5EE5BC8: closes. applyIndex: 0
2019-09-26 10:06:44,701 [cf63bf87-7688-4ba8-af45-4d7c49885422@group-971AA5EE5BC8-SegmentedRaftLogWorker] INFO  segmented.SegmentedRaftLogWorker (SegmentedRaftLogWorker.java:run(313)) - cf63bf87-7688-4ba8-af45-4d7c49885422@group-971AA5EE5BC8-SegmentedRaftLogWorker was interrupted, exiting. There are 0 tasks remaining in the queue.
2019-09-26 10:06:44,701 [ForkJoinPool.commonPool-worker-0] INFO  segmented.SegmentedRaftLogWorker (SegmentedRaftLogWorker.java:close(228)) - cf63bf87-7688-4ba8-af45-4d7c49885422@group-971AA5EE5BC8-SegmentedRaftLogWorker close()
2019-09-26 10:06:44,701 [ForkJoinPool.commonPool-worker-0] INFO  impl.RaftServerImpl (RaftServerImpl.java:lambda$shutdown$3(251)) - cf63bf87-7688-4ba8-af45-4d7c49885422@group-D6D7E1486B88: shutdown
2019-09-26 10:06:44,701 [ForkJoinPool.commonPool-worker-0] INFO  util.JmxRegister (JmxRegister.java:unregister(73)) - Successfully un-registered JMX Bean with object name Ratis:service=RaftServer,group=group-D6D7E1486B88,id=cf63bf87-7688-4ba8-af45-4d7c49885422
2019-09-26 10:06:44,702 [ForkJoinPool.commonPool-worker-0] INFO  impl.RoleInfo (RoleInfo.java:shutdownLeaderState(104)) - cf63bf87-7688-4ba8-af45-4d7c49885422: shutdown LeaderState
2019-09-26 10:06:44,702 [ForkJoinPool.commonPool-worker-0] INFO  impl.PendingRequests (PendingRequests.java:sendNotLeaderResponses(202)) - cf63bf87-7688-4ba8-af45-4d7c49885422-PendingRequests: sendNotLeaderResponses
2019-09-26 10:06:44,702 [ForkJoinPool.commonPool-worker-0] INFO  impl.StateMachineUpdater (StateMachineUpdater.java:stopAndJoin(125)) - cf63bf87-7688-4ba8-af45-4d7c49885422@group-D6D7E1486B88-StateMachineUpdater: set stopIndex = 0
2019-09-26 10:06:44,703 [ForkJoinPool.commonPool-worker-0] INFO  impl.RaftServerImpl (ServerState.java:close(385)) - cf63bf87-7688-4ba8-af45-4d7c49885422@group-D6D7E1486B88: closes. applyIndex: 0
2019-09-26 10:06:44,703 [cf63bf87-7688-4ba8-af45-4d7c49885422@group-D6D7E1486B88-SegmentedRaftLogWorker] INFO  segmented.SegmentedRaftLogWorker (SegmentedRaftLogWorker.java:run(313)) - cf63bf87-7688-4ba8-af45-4d7c49885422@group-D6D7E1486B88-SegmentedRaftLogWorker was interrupted, exiting. There are 0 tasks remaining in the queue.
2019-09-26 10:06:44,703 [ForkJoinPool.commonPool-worker-0] INFO  segmented.SegmentedRaftLogWorker (SegmentedRaftLogWorker.java:close(228)) - cf63bf87-7688-4ba8-af45-4d7c49885422@group-D6D7E1486B88-SegmentedRaftLogWorker close()
2019-09-26 10:06:44,703 [ForkJoinPool.commonPool-worker-0] INFO  impl.RaftServerImpl (RaftServerImpl.java:lambda$shutdown$3(251)) - cf63bf87-7688-4ba8-af45-4d7c49885422@group-AC5B73179C6E: shutdown
2019-09-26 10:06:44,704 [ForkJoinPool.commonPool-worker-0] INFO  util.JmxRegister (JmxRegister.java:unregister(73)) - Successfully un-registered JMX Bean with object name Ratis:service=RaftServer,group=group-AC5B73179C6E,id=cf63bf87-7688-4ba8-af45-4d7c49885422
2019-09-26 10:06:44,704 [ForkJoinPool.commonPool-worker-0] INFO  impl.RoleInfo (RoleInfo.java:shutdownLeaderState(104)) - cf63bf87-7688-4ba8-af45-4d7c49885422: shutdown LeaderState
2019-09-26 10:06:44,704 [ForkJoinPool.commonPool-worker-0] INFO  impl.PendingRequests (PendingRequests.java:sendNotLeaderResponses(202)) - cf63bf87-7688-4ba8-af45-4d7c49885422-PendingRequests: sendNotLeaderResponses
2019-09-26 10:06:44,705 [ForkJoinPool.commonPool-worker-0] INFO  impl.StateMachineUpdater (StateMachineUpdater.java:stopAndJoin(125)) - cf63bf87-7688-4ba8-af45-4d7c49885422@group-AC5B73179C6E-StateMachineUpdater: set stopIndex = 0
2019-09-26 10:06:44,705 [ForkJoinPool.commonPool-worker-0] INFO  impl.RaftServerImpl (ServerState.java:close(385)) - cf63bf87-7688-4ba8-af45-4d7c49885422@group-AC5B73179C6E: closes. applyIndex: 0
2019-09-26 10:06:44,705 [cf63bf87-7688-4ba8-af45-4d7c49885422@group-AC5B73179C6E-SegmentedRaftLogWorker] INFO  segmented.SegmentedRaftLogWorker (SegmentedRaftLogWorker.java:run(313)) - cf63bf87-7688-4ba8-af45-4d7c49885422@group-AC5B73179C6E-SegmentedRaftLogWorker was interrupted, exiting. There are 0 tasks remaining in the queue.
2019-09-26 10:06:44,706 [ForkJoinPool.commonPool-worker-0] INFO  segmented.SegmentedRaftLogWorker (SegmentedRaftLogWorker.java:close(228)) - cf63bf87-7688-4ba8-af45-4d7c49885422@group-AC5B73179C6E-SegmentedRaftLogWorker close()
2019-09-26 10:06:44,706 [ForkJoinPool.commonPool-worker-0] INFO  server.GrpcService (GrpcService.java:closeImpl(164)) - cf63bf87-7688-4ba8-af45-4d7c49885422: shutdown server with port 43103 now
2019-09-26 10:06:44,706 [ForkJoinPool.commonPool-worker-0] INFO  server.GrpcService (GrpcService.java:closeImpl(172)) - cf63bf87-7688-4ba8-af45-4d7c49885422: shutdown server with port 43103 successfully
2019-09-26 10:06:44,708 [refreshUsed-/workdir/hadoop-ozone/integration-test/target/test-dir/MiniOzoneClusterImpl-0a4d6173-89d3-45ab-a960-64e25af93069/datanode-5/data/containers] WARN  fs.CachingGetSpaceUsed (CachingGetSpaceUsed.java:run(183)) - Thread Interrupted waiting to refresh disk information: sleep interrupted
2019-09-26 10:06:44,723 [ForkJoinPool.commonPool-worker-0] INFO  utils.BackgroundService (BackgroundService.java:shutdown(148)) - Shutting down service BlockDeletingService
2019-09-26 10:06:44,723 [ForkJoinPool.commonPool-worker-0] INFO  statemachine.DatanodeStateMachine (DatanodeStateMachine.java:stopDaemon(395)) - Ozone container server stopped.
2019-09-26 10:06:44,727 [ForkJoinPool.commonPool-worker-0] INFO  handler.ContextHandler (ContextHandler.java:doStop(910)) - Stopped o.e.j.w.WebAppContext@25a290ee{/,null,UNAVAILABLE}{/hddsDatanode}
2019-09-26 10:06:44,728 [ForkJoinPool.commonPool-worker-0] INFO  server.AbstractConnector (AbstractConnector.java:doStop(318)) - Stopped ServerConnector@37d0d373{HTTP/1.1,[http/1.1]}{0.0.0.0:0}
2019-09-26 10:06:44,730 [ForkJoinPool.commonPool-worker-0] INFO  handler.ContextHandler (ContextHandler.java:doStop(910)) - Stopped o.e.j.s.ServletContextHandler@5be51aa{/static,jar:file:/home/user/.m2/repository/org/apache/hadoop/hadoop-hdds-container-service/0.5.0-SNAPSHOT/hadoop-hdds-container-service-0.5.0-SNAPSHOT.jar!/webapps/static,UNAVAILABLE}
2019-09-26 10:06:44,731 [ForkJoinPool.commonPool-worker-0] INFO  handler.ContextHandler (ContextHandler.java:doStop(910)) - Stopped o.e.j.s.ServletContextHandler@74b1838{/logs,file:///workdir/hadoop-ozone/integration-test/target/log,UNAVAILABLE}
2019-09-26 10:06:44,732 [main] INFO  ozone.MiniOzoneClusterImpl (MiniOzoneClusterImpl.java:stopSCM(392)) - Stopping the StorageContainerManager
2019-09-26 10:06:44,733 [main] INFO  server.StorageContainerManager (StorageContainerManager.java:stop(808)) - Stopping Replication Manager Service.
2019-09-26 10:06:44,733 [main] INFO  container.ReplicationManager (ReplicationManager.java:stop(204)) - Stopping Replication Monitor Thread.
2019-09-26 10:06:44,733 [main] INFO  server.StorageContainerManager (StorageContainerManager.java:stop(815)) - Stopping Lease Manager of the command watchers
2019-09-26 10:06:44,733 [main] INFO  server.StorageContainerManager (StorageContainerManager.java:stop(822)) - Stopping datanode service RPC server
2019-09-26 10:06:44,733 [main] INFO  server.SCMDatanodeProtocolServer (SCMDatanodeProtocolServer.java:stop(367)) - Stopping the RPC server for DataNodes
2019-09-26 10:06:44,733 [main] INFO  ipc.Server (Server.java:stop(3082)) - Stopping server on 44141
2019-09-26 10:06:44,736 [IPC Server listener on 44141] INFO  ipc.Server (Server.java:run(1185)) - Stopping IPC Server listener on 44141
2019-09-26 10:06:44,736 [IPC Server Responder] INFO  ipc.Server (Server.java:run(1319)) - Stopping IPC Server Responder
2019-09-26 10:06:44,775 [SCM Heartbeat Processing Thread - 0] WARN  node.NodeStateManager (NodeStateManager.java:scheduleNextHealthCheck(655)) - Current Thread is interrupted, shutting down HB processing thread for Node Manager.
2019-09-26 10:06:44,775 [main] INFO  server.StorageContainerManager (StorageContainerManager.java:stop(830)) - Stopping block service RPC server
2019-09-26 10:06:44,775 [main] INFO  server.SCMBlockProtocolServer (SCMBlockProtocolServer.java:stop(155)) - Stopping the RPC server for Block Protocol
2019-09-26 10:06:44,775 [main] INFO  ipc.Server (Server.java:stop(3082)) - Stopping server on 44738
2019-09-26 10:06:44,779 [main] INFO  server.StorageContainerManager (StorageContainerManager.java:stop(837)) - Stopping the StorageContainerLocationProtocol RPC server
2019-09-26 10:06:44,779 [IPC Server Responder] INFO  ipc.Server (Server.java:run(1319)) - Stopping IPC Server Responder
2019-09-26 10:06:44,779 [main] INFO  server.SCMClientProtocolServer (SCMClientProtocolServer.java:stop(159)) - Stopping the RPC server for Client Protocol
2019-09-26 10:06:44,779 [IPC Server listener on 44738] INFO  ipc.Server (Server.java:run(1185)) - Stopping IPC Server listener on 44738
2019-09-26 10:06:44,779 [main] INFO  ipc.Server (Server.java:stop(3082)) - Stopping server on 44391
2019-09-26 10:06:44,790 [main] INFO  server.StorageContainerManager (StorageContainerManager.java:stop(844)) - Stopping Storage Container Manager HTTP server.
2019-09-26 10:06:44,790 [IPC Server listener on 44391] INFO  ipc.Server (Server.java:run(1185)) - Stopping IPC Server listener on 44391
2019-09-26 10:06:44,790 [IPC Server Responder] INFO  ipc.Server (Server.java:run(1319)) - Stopping IPC Server Responder
2019-09-26 10:06:44,792 [main] INFO  handler.ContextHandler (ContextHandler.java:doStop(910)) - Stopped o.e.j.w.WebAppContext@da09250{/,null,UNAVAILABLE}{/scm}
2019-09-26 10:06:44,793 [main] INFO  server.AbstractConnector (AbstractConnector.java:doStop(318)) - Stopped ServerConnector@6d31f106{HTTP/1.1,[http/1.1]}{0.0.0.0:0}
2019-09-26 10:06:44,793 [main] INFO  handler.ContextHandler (ContextHandler.java:doStop(910)) - Stopped o.e.j.s.ServletContextHandler@504497fa{/static,file:///workdir/hadoop-ozone/integration-test/target/test-classes/webapps/static,UNAVAILABLE}
2019-09-26 10:06:44,793 [main] INFO  handler.ContextHandler (ContextHandler.java:doStop(910)) - Stopped o.e.j.s.ServletContextHandler@566c1e71{/logs,file:///workdir/hadoop-ozone/integration-test/target/log,UNAVAILABLE}
2019-09-26 10:06:44,794 [main] INFO  server.StorageContainerManager (StorageContainerManager.java:stop(855)) - Stopping Block Manager Service.
2019-09-26 10:06:44,794 [main] INFO  utils.BackgroundService (BackgroundService.java:shutdown(148)) - Shutting down service SCMBlockDeletingService
2019-09-26 10:06:44,794 [main] INFO  utils.BackgroundService (BackgroundService.java:shutdown(148)) - Shutting down service SCMBlockDeletingService
2019-09-26 10:06:44,794 [main] INFO  server.StorageContainerManager (StorageContainerManager.java:stop(877)) - Stopping SCM Event Queue.
2019-09-26 10:06:44,798 [main] INFO  impl.MetricsSystemImpl (MetricsSystemImpl.java:stop(210)) - Stopping HddsDatanode metrics system...
2019-09-26 10:06:44,842 [main] INFO  impl.MetricsSystemImpl (MetricsSystemImpl.java:stop(216)) - HddsDatanode metrics system stopped.
]]></system-out>
    <system-err><![CDATA[Sep 26, 2019 10:06:22 AM org.apache.ratis.thirdparty.io.grpc.internal.ManagedChannelOrphanWrapper$ManagedChannelReference cleanQueue
SEVERE: *~*~*~ Channel ManagedChannelImpl{logId=2733, target=192.168.30.13:43954} was not shutdown properly!!! ~*~*~*
    Make sure to call shutdown()/shutdownNow() and wait until awaitTermination() returns true.
java.lang.RuntimeException: ManagedChannel allocation site
	at org.apache.ratis.thirdparty.io.grpc.internal.ManagedChannelOrphanWrapper$ManagedChannelReference.<init>(ManagedChannelOrphanWrapper.java:103)
	at org.apache.ratis.thirdparty.io.grpc.internal.ManagedChannelOrphanWrapper.<init>(ManagedChannelOrphanWrapper.java:53)
	at org.apache.ratis.thirdparty.io.grpc.internal.ManagedChannelOrphanWrapper.<init>(ManagedChannelOrphanWrapper.java:44)
	at org.apache.ratis.thirdparty.io.grpc.internal.AbstractManagedChannelImplBuilder.build(AbstractManagedChannelImplBuilder.java:411)
	at org.apache.hadoop.hdds.scm.XceiverClientGrpc.connectToDatanode(XceiverClientGrpc.java:181)
	at org.apache.hadoop.hdds.scm.XceiverClientGrpc.reconnect(XceiverClientGrpc.java:429)
	at org.apache.hadoop.hdds.scm.XceiverClientGrpc.sendCommandAsync(XceiverClientGrpc.java:378)
	at org.apache.hadoop.hdds.scm.XceiverClientGrpc.sendCommandWithRetry(XceiverClientGrpc.java:291)
	at org.apache.hadoop.hdds.scm.XceiverClientGrpc.sendCommandWithTraceIDAndRetry(XceiverClientGrpc.java:257)
	at org.apache.hadoop.hdds.scm.XceiverClientGrpc.sendCommand(XceiverClientGrpc.java:240)
	at org.apache.hadoop.hdds.scm.storage.ContainerProtocolCalls.getBlock(ContainerProtocolCalls.java:118)
	at org.apache.hadoop.hdds.scm.storage.BlockInputStream.getChunkInfos(BlockInputStream.java:167)
	at org.apache.hadoop.hdds.scm.storage.BlockInputStream.initialize(BlockInputStream.java:118)
	at org.apache.hadoop.hdds.scm.storage.BlockInputStream.read(BlockInputStream.java:222)
	at org.apache.hadoop.ozone.client.io.KeyInputStream.read(KeyInputStream.java:171)
	at org.apache.hadoop.ozone.client.io.OzoneInputStream.read(OzoneInputStream.java:47)
	at java.io.InputStream.read(InputStream.java:101)
	at org.apache.hadoop.ozone.container.ContainerTestHelper.validateData(ContainerTestHelper.java:714)
	at org.apache.hadoop.ozone.client.rpc.TestBlockOutputStreamWithFailures.validateData(TestBlockOutputStreamWithFailures.java:1216)
	at org.apache.hadoop.ozone.client.rpc.TestBlockOutputStreamWithFailures.testWatchForCommitWithSingleNodeRatis(TestBlockOutputStreamWithFailures.java:918)
	at sun.reflect.NativeMethodAccessorImpl.invoke0(Native Method)
	at sun.reflect.NativeMethodAccessorImpl.invoke(NativeMethodAccessorImpl.java:62)
	at sun.reflect.DelegatingMethodAccessorImpl.invoke(DelegatingMethodAccessorImpl.java:43)
	at java.lang.reflect.Method.invoke(Method.java:498)
	at org.junit.runners.model.FrameworkMethod$1.runReflectiveCall(FrameworkMethod.java:47)
	at org.junit.internal.runners.model.ReflectiveCallable.run(ReflectiveCallable.java:12)
	at org.junit.runners.model.FrameworkMethod.invokeExplosively(FrameworkMethod.java:44)
	at org.junit.internal.runners.statements.InvokeMethod.evaluate(InvokeMethod.java:17)
	at org.junit.internal.runners.statements.RunBefores.evaluate(RunBefores.java:26)
	at org.junit.internal.runners.statements.RunAfters.evaluate(RunAfters.java:27)
	at org.junit.runners.ParentRunner.runLeaf(ParentRunner.java:271)
	at org.junit.runners.BlockJUnit4ClassRunner.runChild(BlockJUnit4ClassRunner.java:70)
	at org.junit.runners.BlockJUnit4ClassRunner.runChild(BlockJUnit4ClassRunner.java:50)
	at org.junit.runners.ParentRunner$3.run(ParentRunner.java:238)
	at org.junit.runners.ParentRunner$1.schedule(ParentRunner.java:63)
	at org.junit.runners.ParentRunner.runChildren(ParentRunner.java:236)
	at org.junit.runners.ParentRunner.access$000(ParentRunner.java:53)
	at org.junit.runners.ParentRunner$2.evaluate(ParentRunner.java:229)
	at org.junit.runners.ParentRunner.run(ParentRunner.java:309)
	at org.apache.maven.surefire.junit4.JUnit4Provider.execute(JUnit4Provider.java:365)
	at org.apache.maven.surefire.junit4.JUnit4Provider.executeWithRerun(JUnit4Provider.java:273)
	at org.apache.maven.surefire.junit4.JUnit4Provider.executeTestSet(JUnit4Provider.java:238)
	at org.apache.maven.surefire.junit4.JUnit4Provider.invoke(JUnit4Provider.java:159)
	at org.apache.maven.surefire.booter.ForkedBooter.invokeProviderInSameClassLoader(ForkedBooter.java:384)
	at org.apache.maven.surefire.booter.ForkedBooter.runSuitesInProcess(ForkedBooter.java:345)
	at org.apache.maven.surefire.booter.ForkedBooter.execute(ForkedBooter.java:126)
	at org.apache.maven.surefire.booter.ForkedBooter.main(ForkedBooter.java:418)

Sep 26, 2019 10:06:22 AM org.apache.ratis.thirdparty.io.grpc.internal.ManagedChannelOrphanWrapper$ManagedChannelReference cleanQueue
SEVERE: *~*~*~ Channel ManagedChannelImpl{logId=2713, target=192.168.30.13:42285} was not shutdown properly!!! ~*~*~*
    Make sure to call shutdown()/shutdownNow() and wait until awaitTermination() returns true.
java.lang.RuntimeException: ManagedChannel allocation site
	at org.apache.ratis.thirdparty.io.grpc.internal.ManagedChannelOrphanWrapper$ManagedChannelReference.<init>(ManagedChannelOrphanWrapper.java:103)
	at org.apache.ratis.thirdparty.io.grpc.internal.ManagedChannelOrphanWrapper.<init>(ManagedChannelOrphanWrapper.java:53)
	at org.apache.ratis.thirdparty.io.grpc.internal.ManagedChannelOrphanWrapper.<init>(ManagedChannelOrphanWrapper.java:44)
	at org.apache.ratis.thirdparty.io.grpc.internal.AbstractManagedChannelImplBuilder.build(AbstractManagedChannelImplBuilder.java:411)
	at org.apache.ratis.grpc.client.GrpcClientProtocolClient.<init>(GrpcClientProtocolClient.java:127)
	at org.apache.ratis.grpc.client.GrpcClientRpc.lambda$new$0(GrpcClientRpc.java:55)
	at org.apache.ratis.util.PeerProxyMap$PeerAndProxy.lambda$getProxy$0(PeerProxyMap.java:61)
	at org.apache.ratis.util.LifeCycle.startAndTransition(LifeCycle.java:202)
	at org.apache.ratis.util.PeerProxyMap$PeerAndProxy.getProxy(PeerProxyMap.java:60)
	at org.apache.ratis.util.PeerProxyMap.getProxy(PeerProxyMap.java:108)
	at org.apache.ratis.grpc.client.GrpcClientRpc.sendRequestAsync(GrpcClientRpc.java:66)
	at org.apache.ratis.client.impl.OrderedAsync.sendRequest(OrderedAsync.java:208)
	at org.apache.ratis.client.impl.OrderedAsync.sendRequestWithRetry(OrderedAsync.java:169)
	at org.apache.ratis.util.SlidingWindow$Client.sendOrDelayRequest(SlidingWindow.java:278)
	at org.apache.ratis.util.SlidingWindow$Client.retry(SlidingWindow.java:294)
	at org.apache.ratis.client.impl.OrderedAsync.lambda$scheduleWithTimeout$7(OrderedAsync.java:195)
	at org.apache.ratis.util.TimeoutScheduler.lambda$onTimeout$0(TimeoutScheduler.java:113)
	at org.apache.ratis.util.TimeoutScheduler.lambda$onTimeout$1(TimeoutScheduler.java:133)
	at org.apache.ratis.util.LogUtils.runAndLog(LogUtils.java:50)
	at org.apache.ratis.util.LogUtils$1.run(LogUtils.java:91)
	at java.util.concurrent.Executors$RunnableAdapter.call(Executors.java:511)
	at java.util.concurrent.FutureTask.run(FutureTask.java:266)
	at java.util.concurrent.ScheduledThreadPoolExecutor$ScheduledFutureTask.access$201(ScheduledThreadPoolExecutor.java:180)
	at java.util.concurrent.ScheduledThreadPoolExecutor$ScheduledFutureTask.run(ScheduledThreadPoolExecutor.java:293)
	at java.util.concurrent.ThreadPoolExecutor.runWorker(ThreadPoolExecutor.java:1149)
	at java.util.concurrent.ThreadPoolExecutor$Worker.run(ThreadPoolExecutor.java:624)
	at java.lang.Thread.run(Thread.java:748)

Sep 26, 2019 10:06:22 AM org.apache.ratis.thirdparty.io.grpc.internal.ManagedChannelOrphanWrapper$ManagedChannelReference cleanQueue
SEVERE: *~*~*~ Channel ManagedChannelImpl{logId=2723, target=192.168.30.13:35036} was not shutdown properly!!! ~*~*~*
    Make sure to call shutdown()/shutdownNow() and wait until awaitTermination() returns true.
java.lang.RuntimeException: ManagedChannel allocation site
	at org.apache.ratis.thirdparty.io.grpc.internal.ManagedChannelOrphanWrapper$ManagedChannelReference.<init>(ManagedChannelOrphanWrapper.java:103)
	at org.apache.ratis.thirdparty.io.grpc.internal.ManagedChannelOrphanWrapper.<init>(ManagedChannelOrphanWrapper.java:53)
	at org.apache.ratis.thirdparty.io.grpc.internal.ManagedChannelOrphanWrapper.<init>(ManagedChannelOrphanWrapper.java:44)
	at org.apache.ratis.thirdparty.io.grpc.internal.AbstractManagedChannelImplBuilder.build(AbstractManagedChannelImplBuilder.java:411)
	at org.apache.ratis.grpc.client.GrpcClientProtocolClient.<init>(GrpcClientProtocolClient.java:127)
	at org.apache.ratis.grpc.client.GrpcClientRpc.lambda$new$0(GrpcClientRpc.java:55)
	at org.apache.ratis.util.PeerProxyMap$PeerAndProxy.lambda$getProxy$0(PeerProxyMap.java:61)
	at org.apache.ratis.util.LifeCycle.startAndTransition(LifeCycle.java:202)
	at org.apache.ratis.util.PeerProxyMap$PeerAndProxy.getProxy(PeerProxyMap.java:60)
	at org.apache.ratis.util.PeerProxyMap.getProxy(PeerProxyMap.java:108)
	at org.apache.ratis.grpc.client.GrpcClientRpc.sendRequestAsync(GrpcClientRpc.java:66)
	at org.apache.ratis.client.impl.OrderedAsync.sendRequest(OrderedAsync.java:208)
	at org.apache.ratis.client.impl.OrderedAsync.sendRequestWithRetry(OrderedAsync.java:169)
	at org.apache.ratis.util.SlidingWindow$Client.sendOrDelayRequest(SlidingWindow.java:278)
	at org.apache.ratis.util.SlidingWindow$Client.retry(SlidingWindow.java:294)
	at org.apache.ratis.client.impl.OrderedAsync.lambda$scheduleWithTimeout$7(OrderedAsync.java:195)
	at org.apache.ratis.util.TimeoutScheduler.lambda$onTimeout$0(TimeoutScheduler.java:113)
	at org.apache.ratis.util.TimeoutScheduler.lambda$onTimeout$1(TimeoutScheduler.java:133)
	at org.apache.ratis.util.LogUtils.runAndLog(LogUtils.java:50)
	at org.apache.ratis.util.LogUtils$1.run(LogUtils.java:91)
	at java.util.concurrent.Executors$RunnableAdapter.call(Executors.java:511)
	at java.util.concurrent.FutureTask.run(FutureTask.java:266)
	at java.util.concurrent.ScheduledThreadPoolExecutor$ScheduledFutureTask.access$201(ScheduledThreadPoolExecutor.java:180)
	at java.util.concurrent.ScheduledThreadPoolExecutor$ScheduledFutureTask.run(ScheduledThreadPoolExecutor.java:293)
	at java.util.concurrent.ThreadPoolExecutor.runWorker(ThreadPoolExecutor.java:1149)
	at java.util.concurrent.ThreadPoolExecutor$Worker.run(ThreadPoolExecutor.java:624)
	at java.lang.Thread.run(Thread.java:748)

Sep 26, 2019 10:06:22 AM org.apache.ratis.thirdparty.io.grpc.internal.ManagedChannelOrphanWrapper$ManagedChannelReference cleanQueue
SEVERE: *~*~*~ Channel ManagedChannelImpl{logId=2728, target=192.168.30.13:45471} was not shutdown properly!!! ~*~*~*
    Make sure to call shutdown()/shutdownNow() and wait until awaitTermination() returns true.
java.lang.RuntimeException: ManagedChannel allocation site
	at org.apache.ratis.thirdparty.io.grpc.internal.ManagedChannelOrphanWrapper$ManagedChannelReference.<init>(ManagedChannelOrphanWrapper.java:103)
	at org.apache.ratis.thirdparty.io.grpc.internal.ManagedChannelOrphanWrapper.<init>(ManagedChannelOrphanWrapper.java:53)
	at org.apache.ratis.thirdparty.io.grpc.internal.ManagedChannelOrphanWrapper.<init>(ManagedChannelOrphanWrapper.java:44)
	at org.apache.ratis.thirdparty.io.grpc.internal.AbstractManagedChannelImplBuilder.build(AbstractManagedChannelImplBuilder.java:411)
	at org.apache.hadoop.hdds.scm.XceiverClientGrpc.connectToDatanode(XceiverClientGrpc.java:181)
	at org.apache.hadoop.hdds.scm.XceiverClientGrpc.reconnect(XceiverClientGrpc.java:429)
	at org.apache.hadoop.hdds.scm.XceiverClientGrpc.sendCommandAsync(XceiverClientGrpc.java:378)
	at org.apache.hadoop.hdds.scm.XceiverClientGrpc.sendCommandWithRetry(XceiverClientGrpc.java:291)
	at org.apache.hadoop.hdds.scm.XceiverClientGrpc.sendCommandWithTraceIDAndRetry(XceiverClientGrpc.java:257)
	at org.apache.hadoop.hdds.scm.XceiverClientGrpc.sendCommand(XceiverClientGrpc.java:240)
	at org.apache.hadoop.hdds.scm.storage.ContainerProtocolCalls.getBlock(ContainerProtocolCalls.java:118)
	at org.apache.hadoop.hdds.scm.storage.BlockInputStream.getChunkInfos(BlockInputStream.java:167)
	at org.apache.hadoop.hdds.scm.storage.BlockInputStream.initialize(BlockInputStream.java:118)
	at org.apache.hadoop.hdds.scm.storage.BlockInputStream.read(BlockInputStream.java:222)
	at org.apache.hadoop.ozone.client.io.KeyInputStream.read(KeyInputStream.java:171)
	at org.apache.hadoop.ozone.client.io.OzoneInputStream.read(OzoneInputStream.java:47)
	at java.io.InputStream.read(InputStream.java:101)
	at org.apache.hadoop.ozone.container.ContainerTestHelper.validateData(ContainerTestHelper.java:714)
	at org.apache.hadoop.ozone.client.rpc.TestBlockOutputStreamWithFailures.validateData(TestBlockOutputStreamWithFailures.java:1216)
	at org.apache.hadoop.ozone.client.rpc.TestBlockOutputStreamWithFailures.testWatchForCommitWithSingleNodeRatis(TestBlockOutputStreamWithFailures.java:918)
	at sun.reflect.NativeMethodAccessorImpl.invoke0(Native Method)
	at sun.reflect.NativeMethodAccessorImpl.invoke(NativeMethodAccessorImpl.java:62)
	at sun.reflect.DelegatingMethodAccessorImpl.invoke(DelegatingMethodAccessorImpl.java:43)
	at java.lang.reflect.Method.invoke(Method.java:498)
	at org.junit.runners.model.FrameworkMethod$1.runReflectiveCall(FrameworkMethod.java:47)
	at org.junit.internal.runners.model.ReflectiveCallable.run(ReflectiveCallable.java:12)
	at org.junit.runners.model.FrameworkMethod.invokeExplosively(FrameworkMethod.java:44)
	at org.junit.internal.runners.statements.InvokeMethod.evaluate(InvokeMethod.java:17)
	at org.junit.internal.runners.statements.RunBefores.evaluate(RunBefores.java:26)
	at org.junit.internal.runners.statements.RunAfters.evaluate(RunAfters.java:27)
	at org.junit.runners.ParentRunner.runLeaf(ParentRunner.java:271)
	at org.junit.runners.BlockJUnit4ClassRunner.runChild(BlockJUnit4ClassRunner.java:70)
	at org.junit.runners.BlockJUnit4ClassRunner.runChild(BlockJUnit4ClassRunner.java:50)
	at org.junit.runners.ParentRunner$3.run(ParentRunner.java:238)
	at org.junit.runners.ParentRunner$1.schedule(ParentRunner.java:63)
	at org.junit.runners.ParentRunner.runChildren(ParentRunner.java:236)
	at org.junit.runners.ParentRunner.access$000(ParentRunner.java:53)
	at org.junit.runners.ParentRunner$2.evaluate(ParentRunner.java:229)
	at org.junit.runners.ParentRunner.run(ParentRunner.java:309)
	at org.apache.maven.surefire.junit4.JUnit4Provider.execute(JUnit4Provider.java:365)
	at org.apache.maven.surefire.junit4.JUnit4Provider.executeWithRerun(JUnit4Provider.java:273)
	at org.apache.maven.surefire.junit4.JUnit4Provider.executeTestSet(JUnit4Provider.java:238)
	at org.apache.maven.surefire.junit4.JUnit4Provider.invoke(JUnit4Provider.java:159)
	at org.apache.maven.surefire.booter.ForkedBooter.invokeProviderInSameClassLoader(ForkedBooter.java:384)
	at org.apache.maven.surefire.booter.ForkedBooter.runSuitesInProcess(ForkedBooter.java:345)
	at org.apache.maven.surefire.booter.ForkedBooter.execute(ForkedBooter.java:126)
	at org.apache.maven.surefire.booter.ForkedBooter.main(ForkedBooter.java:418)

]]></system-err>
  </testcase>
  <testcase name="testWatchForCommitWithCloseContainerException" classname="org.apache.hadoop.ozone.client.rpc.TestBlockOutputStreamWithFailures" time="30.483">
    <error message="Allocated 0 blocks. Requested 1 blocks" type="INTERNAL_ERROR org.apache.hadoop.ozone.om.exceptions.OMException">INTERNAL_ERROR org.apache.hadoop.ozone.om.exceptions.OMException: Allocated 0 blocks. Requested 1 blocks
	at org.apache.hadoop.ozone.om.protocolPB.OzoneManagerProtocolClientSideTranslatorPB.handleError(OzoneManagerProtocolClientSideTranslatorPB.java:732)
	at org.apache.hadoop.ozone.om.protocolPB.OzoneManagerProtocolClientSideTranslatorPB.openKey(OzoneManagerProtocolClientSideTranslatorPB.java:723)
	at sun.reflect.NativeMethodAccessorImpl.invoke0(Native Method)
	at sun.reflect.NativeMethodAccessorImpl.invoke(NativeMethodAccessorImpl.java:62)
	at sun.reflect.DelegatingMethodAccessorImpl.invoke(DelegatingMethodAccessorImpl.java:43)
	at java.lang.reflect.Method.invoke(Method.java:498)
	at org.apache.hadoop.hdds.tracing.TraceAllMethod.invoke(TraceAllMethod.java:66)
	at com.sun.proxy.$Proxy37.openKey(Unknown Source)
	at org.apache.hadoop.ozone.client.rpc.RpcClient.createKey(RpcClient.java:614)
	at org.apache.hadoop.ozone.client.OzoneBucket.createKey(OzoneBucket.java:325)
	at org.apache.hadoop.ozone.container.ContainerTestHelper.createKey(ContainerTestHelper.java:704)
	at org.apache.hadoop.ozone.client.rpc.TestBlockOutputStreamWithFailures.createKey(TestBlockOutputStreamWithFailures.java:1210)
	at org.apache.hadoop.ozone.client.rpc.TestBlockOutputStreamWithFailures.createKey(TestBlockOutputStreamWithFailures.java:1204)
	at org.apache.hadoop.ozone.client.rpc.TestBlockOutputStreamWithFailures.testWatchForCommitWithCloseContainerException(TestBlockOutputStreamWithFailures.java:137)
	at sun.reflect.NativeMethodAccessorImpl.invoke0(Native Method)
	at sun.reflect.NativeMethodAccessorImpl.invoke(NativeMethodAccessorImpl.java:62)
	at sun.reflect.DelegatingMethodAccessorImpl.invoke(DelegatingMethodAccessorImpl.java:43)
	at java.lang.reflect.Method.invoke(Method.java:498)
	at org.junit.runners.model.FrameworkMethod$1.runReflectiveCall(FrameworkMethod.java:47)
	at org.junit.internal.runners.model.ReflectiveCallable.run(ReflectiveCallable.java:12)
	at org.junit.runners.model.FrameworkMethod.invokeExplosively(FrameworkMethod.java:44)
	at org.junit.internal.runners.statements.InvokeMethod.evaluate(InvokeMethod.java:17)
	at org.junit.internal.runners.statements.RunBefores.evaluate(RunBefores.java:26)
	at org.junit.internal.runners.statements.RunAfters.evaluate(RunAfters.java:27)
	at org.junit.runners.ParentRunner.runLeaf(ParentRunner.java:271)
	at org.junit.runners.BlockJUnit4ClassRunner.runChild(BlockJUnit4ClassRunner.java:70)
	at org.junit.runners.BlockJUnit4ClassRunner.runChild(BlockJUnit4ClassRunner.java:50)
	at org.junit.runners.ParentRunner$3.run(ParentRunner.java:238)
	at org.junit.runners.ParentRunner$1.schedule(ParentRunner.java:63)
	at org.junit.runners.ParentRunner.runChildren(ParentRunner.java:236)
	at org.junit.runners.ParentRunner.access$000(ParentRunner.java:53)
	at org.junit.runners.ParentRunner$2.evaluate(ParentRunner.java:229)
	at org.junit.runners.ParentRunner.run(ParentRunner.java:309)
	at org.apache.maven.surefire.junit4.JUnit4Provider.execute(JUnit4Provider.java:365)
	at org.apache.maven.surefire.junit4.JUnit4Provider.executeWithRerun(JUnit4Provider.java:273)
	at org.apache.maven.surefire.junit4.JUnit4Provider.executeTestSet(JUnit4Provider.java:238)
	at org.apache.maven.surefire.junit4.JUnit4Provider.invoke(JUnit4Provider.java:159)
	at org.apache.maven.surefire.booter.ForkedBooter.invokeProviderInSameClassLoader(ForkedBooter.java:384)
	at org.apache.maven.surefire.booter.ForkedBooter.runSuitesInProcess(ForkedBooter.java:345)
	at org.apache.maven.surefire.booter.ForkedBooter.execute(ForkedBooter.java:126)
	at org.apache.maven.surefire.booter.ForkedBooter.main(ForkedBooter.java:418)
</error>
    <system-out><![CDATA[2019-09-26 10:06:45,011 [main] WARN  server.ServerUtils (ServerUtils.java:getScmDbDir(145)) - ozone.scm.db.dirs is not configured. We recommend adding this setting. Falling back to ozone.metadata.dirs instead.
2019-09-26 10:06:45,038 [main] WARN  server.ServerUtils (ServerUtils.java:getScmDbDir(145)) - ozone.scm.db.dirs is not configured. We recommend adding this setting. Falling back to ozone.metadata.dirs instead.
2019-09-26 10:06:45,039 [main] WARN  server.ServerUtils (ServerUtils.java:getScmDbDir(145)) - ozone.scm.db.dirs is not configured. We recommend adding this setting. Falling back to ozone.metadata.dirs instead.
2019-09-26 10:06:45,039 [main] INFO  db.DBStoreBuilder (DBStoreBuilder.java:addTable(110)) - using custom profile for table: deletedBlocks
2019-09-26 10:06:45,040 [main] INFO  db.DBStoreBuilder (DBStoreBuilder.java:processTables(161)) - Using default column profile:DBProfile.DISK for Table:deletedBlocks
2019-09-26 10:06:45,040 [main] INFO  db.DBStoreBuilder (DBStoreBuilder.java:addTable(110)) - using custom profile for table: validCerts
2019-09-26 10:06:45,040 [main] INFO  db.DBStoreBuilder (DBStoreBuilder.java:processTables(161)) - Using default column profile:DBProfile.DISK for Table:validCerts
2019-09-26 10:06:45,041 [main] INFO  db.DBStoreBuilder (DBStoreBuilder.java:addTable(110)) - using custom profile for table: revokedCerts
2019-09-26 10:06:45,041 [main] INFO  db.DBStoreBuilder (DBStoreBuilder.java:processTables(161)) - Using default column profile:DBProfile.DISK for Table:revokedCerts
2019-09-26 10:06:45,041 [main] INFO  db.DBStoreBuilder (DBStoreBuilder.java:addTable(110)) - using custom profile for table: default
2019-09-26 10:06:45,041 [main] INFO  db.DBStoreBuilder (DBStoreBuilder.java:processTables(167)) - Using default column profile:DBProfile.DISK for Table:default
2019-09-26 10:06:45,042 [main] INFO  db.DBStoreBuilder (DBStoreBuilder.java:getDbProfile(198)) - Using default options. DBProfile.DISK
2019-09-26 10:06:45,122 [main] INFO  net.NodeSchemaLoader (NodeSchemaLoader.java:loadSchemaFromFile(125)) - Loading file from sun.misc.CompoundEnumeration@2d74cbbd
2019-09-26 10:06:45,122 [main] INFO  net.NodeSchemaLoader (NodeSchemaLoader.java:loadSchema(171)) - Loading network topology layer schema file
2019-09-26 10:06:45,127 [main] INFO  node.SCMNodeManager (SCMNodeManager.java:<init>(114)) - Entering startup safe mode.
2019-09-26 10:06:45,128 [main] INFO  algorithms.ContainerPlacementPolicyFactory (ContainerPlacementPolicyFactory.java:getPolicy(59)) - Create container placement policy of type org.apache.hadoop.hdds.scm.container.placement.algorithms.SCMContainerPlacementRandom
2019-09-26 10:06:45,128 [main] WARN  server.ServerUtils (ServerUtils.java:getScmDbDir(145)) - ozone.scm.db.dirs is not configured. We recommend adding this setting. Falling back to ozone.metadata.dirs instead.
2019-09-26 10:06:45,149 [main] INFO  pipeline.SCMPipelineManager (SCMPipelineManager.java:initializePipelineState(132)) - No pipeline exists in current db
2019-09-26 10:06:45,149 [main] WARN  server.ServerUtils (ServerUtils.java:getScmDbDir(145)) - ozone.scm.db.dirs is not configured. We recommend adding this setting. Falling back to ozone.metadata.dirs instead.
2019-09-26 10:06:45,187 [main] WARN  events.EventQueue (EventQueue.java:fireEvent(183)) - No event handler registered for event TypedEvent{payloadType=SafeModeStatus, name='SafeModeStatus'}
2019-09-26 10:06:45,188 [main] INFO  ipc.CallQueueManager (CallQueueManager.java:<init>(84)) - Using callQueue: class java.util.concurrent.LinkedBlockingQueue, queueCapacity: 2000, scheduler: class org.apache.hadoop.ipc.DefaultRpcScheduler, ipcBackoff: false.
2019-09-26 10:06:45,189 [Socket Reader #1 for port 34587] INFO  ipc.Server (Server.java:run(1074)) - Starting Socket Reader #1 for port 34587
2019-09-26 10:06:45,193 [main] INFO  ipc.CallQueueManager (CallQueueManager.java:<init>(84)) - Using callQueue: class java.util.concurrent.LinkedBlockingQueue, queueCapacity: 2000, scheduler: class org.apache.hadoop.ipc.DefaultRpcScheduler, ipcBackoff: false.
2019-09-26 10:06:45,194 [Socket Reader #1 for port 35074] INFO  ipc.Server (Server.java:run(1074)) - Starting Socket Reader #1 for port 35074
2019-09-26 10:06:45,197 [main] INFO  ipc.CallQueueManager (CallQueueManager.java:<init>(84)) - Using callQueue: class java.util.concurrent.LinkedBlockingQueue, queueCapacity: 2000, scheduler: class org.apache.hadoop.ipc.DefaultRpcScheduler, ipcBackoff: false.
2019-09-26 10:06:45,198 [Socket Reader #1 for port 41849] INFO  ipc.Server (Server.java:run(1074)) - Starting Socket Reader #1 for port 41849
2019-09-26 10:06:45,201 [main] INFO  hdfs.DFSUtil (DFSUtil.java:httpServerTemplateForNNAndJN(1641)) - Starting Web-server for scm at: http://0.0.0.0:0
2019-09-26 10:06:45,204 [main] INFO  server.AuthenticationFilter (AuthenticationFilter.java:constructSecretProvider(240)) - Unable to initialize FileSignerSecretProvider, falling back to use random secrets.
2019-09-26 10:06:45,204 [main] WARN  http.HttpRequestLog (HttpRequestLog.java:getRequestLog(97)) - Jetty request log can only be enabled using Log4j
2019-09-26 10:06:45,206 [main] INFO  http.HttpServer2 (HttpServer2.java:addGlobalFilter(975)) - Added global filter 'safety' (class=org.apache.hadoop.http.HttpServer2$QuotingInputFilter)
2019-09-26 10:06:45,206 [main] INFO  http.HttpServer2 (HttpServer2.java:addFilter(948)) - Added filter static_user_filter (class=org.apache.hadoop.http.lib.StaticUserWebFilter$StaticUserFilter) to context scm
2019-09-26 10:06:45,207 [main] INFO  http.HttpServer2 (HttpServer2.java:addFilter(958)) - Added filter static_user_filter (class=org.apache.hadoop.http.lib.StaticUserWebFilter$StaticUserFilter) to context static
2019-09-26 10:06:45,207 [main] INFO  http.HttpServer2 (HttpServer2.java:addFilter(958)) - Added filter static_user_filter (class=org.apache.hadoop.http.lib.StaticUserWebFilter$StaticUserFilter) to context logs
2019-09-26 10:06:45,208 [main] INFO  server.StorageContainerManager (StorageContainerManager.java:start(770)) - StorageContainerLocationProtocol RPC server is listening at /0.0.0.0:41849
2019-09-26 10:06:45,210 [main] WARN  impl.MetricsConfig (MetricsConfig.java:loadFirst(134)) - Cannot locate configuration: tried hadoop-metrics2-storagecontainermanager.properties,hadoop-metrics2.properties
2019-09-26 10:06:45,211 [main] INFO  impl.MetricsSystemImpl (MetricsSystemImpl.java:startTimer(374)) - Scheduled Metric snapshot period at 10 second(s).
2019-09-26 10:06:45,211 [main] INFO  impl.MetricsSystemImpl (MetricsSystemImpl.java:start(191)) - StorageContainerManager metrics system started
2019-09-26 10:06:45,447 [main] WARN  impl.MetricsSystemImpl (MetricsSystemImpl.java:register(276)) - Sink prometheus already exists!
2019-09-26 10:06:45,806 [main] INFO  server.SCMClientProtocolServer (SCMClientProtocolServer.java:start(151)) - RPC server for Client  is listening at /0.0.0.0:41849
2019-09-26 10:06:45,806 [IPC Server Responder] INFO  ipc.Server (Server.java:run(1314)) - IPC Server Responder: starting
2019-09-26 10:06:45,809 [IPC Server listener on 41849] INFO  ipc.Server (Server.java:run(1153)) - IPC Server listener on 41849: starting
2019-09-26 10:06:45,815 [main] INFO  server.StorageContainerManager (StorageContainerManager.java:start(780)) - ScmBlockLocationProtocol RPC server is listening at /0.0.0.0:35074
2019-09-26 10:06:45,815 [main] INFO  server.SCMBlockProtocolServer (SCMBlockProtocolServer.java:start(146)) - RPC server for Block Protocol is listening at /0.0.0.0:35074
2019-09-26 10:06:45,816 [IPC Server Responder] INFO  ipc.Server (Server.java:run(1314)) - IPC Server Responder: starting
2019-09-26 10:06:45,816 [IPC Server listener on 35074] INFO  ipc.Server (Server.java:run(1153)) - IPC Server listener on 35074: starting
2019-09-26 10:06:45,824 [main] INFO  server.StorageContainerManager (StorageContainerManager.java:start(784)) - ScmDatanodeProtocl RPC server is listening at /0.0.0.0:34587
2019-09-26 10:06:45,824 [main] INFO  server.SCMDatanodeProtocolServer (SCMDatanodeProtocolServer.java:start(191)) - RPC server for DataNodes is listening at /0.0.0.0:34587
2019-09-26 10:06:45,825 [IPC Server Responder] INFO  ipc.Server (Server.java:run(1314)) - IPC Server Responder: starting
2019-09-26 10:06:45,825 [IPC Server listener on 34587] INFO  ipc.Server (Server.java:run(1153)) - IPC Server listener on 34587: starting
2019-09-26 10:06:45,833 [main] INFO  http.HttpServer2 (HttpServer2.java:bindListener(1191)) - Jetty bound to port 41444
2019-09-26 10:06:45,833 [main] INFO  server.Server (Server.java:doStart(351)) - jetty-9.3.25.v20180904, build timestamp: 2018-09-04T21:11:46Z, git hash: 3ce520221d0240229c862b122d2b06c12a625732
2019-09-26 10:06:45,835 [main] INFO  handler.ContextHandler (ContextHandler.java:doStart(781)) - Started o.e.j.s.ServletContextHandler@9f0fc36{/logs,file:///workdir/hadoop-ozone/integration-test/target/log,AVAILABLE}
2019-09-26 10:06:45,835 [main] INFO  handler.ContextHandler (ContextHandler.java:doStart(781)) - Started o.e.j.s.ServletContextHandler@5a06904{/static,file:///workdir/hadoop-ozone/integration-test/target/test-classes/webapps/static,AVAILABLE}
2019-09-26 10:06:45,839 [main] INFO  handler.ContextHandler (ContextHandler.java:doStart(781)) - Started o.e.j.w.WebAppContext@322b09da{/,file:///workdir/hadoop-ozone/integration-test/target/test-classes/webapps/scm/,AVAILABLE}{/scm}
2019-09-26 10:06:45,839 [main] INFO  server.AbstractConnector (AbstractConnector.java:doStart(278)) - Started ServerConnector@45d389f2{HTTP/1.1,[http/1.1]}{0.0.0.0:41444}
2019-09-26 10:06:45,842 [main] INFO  server.Server (Server.java:doStart(419)) - Started @580756ms
2019-09-26 10:06:45,842 [main] WARN  impl.MetricsSystemImpl (MetricsSystemImpl.java:register(276)) - Sink prometheus already exists!
2019-09-26 10:06:45,842 [main] INFO  server.BaseHttpServer (BaseHttpServer.java:updateConnectorAddress(215)) - HTTP server of SCM is listening at http://0.0.0.0:41444
2019-09-26 10:06:45,843 [main] WARN  server.ServerUtils (ServerUtils.java:getDBPath(222)) - ozone.om.db.dirs is not configured. We recommend adding this setting. Falling back to ozone.metadata.dirs instead.
2019-09-26 10:06:45,844 [org.apache.hadoop.util.JvmPauseMonitor$Monitor@66298fe9] INFO  util.JvmPauseMonitor (JvmPauseMonitor.java:run(188)) - Starting JVM pause monitor
2019-09-26 10:06:45,860 [main] WARN  server.ServerUtils (ServerUtils.java:getDBPath(222)) - ozone.om.db.dirs is not configured. We recommend adding this setting. Falling back to ozone.metadata.dirs instead.
2019-09-26 10:06:45,860 [main] WARN  server.ServerUtils (ServerUtils.java:getDBPath(222)) - ozone.om.db.dirs is not configured. We recommend adding this setting. Falling back to ozone.metadata.dirs instead.
2019-09-26 10:06:45,860 [main] INFO  om.OzoneManager (OzoneManager.java:setOMNodeDetails(652)) - OM Service ID is not set. Setting it to the default ID: omServiceIdDefault
2019-09-26 10:06:45,860 [main] INFO  om.OzoneManager (OzoneManager.java:setOMNodeDetails(658)) - OM Node ID is not set. Setting it to the OmStorage's OmID: f5753dde-3c16-4004-80b0-76766a6eeb24
2019-09-26 10:06:45,860 [main] INFO  om.OzoneManager (OzoneManager.java:loadOMHAConfigs(609)) - Found matching OM address with OMServiceId: null, OMNodeId: null, RPC Address: localhost:0 and Ratis port: 9872
2019-09-26 10:06:45,868 [main] WARN  server.ServerUtils (ServerUtils.java:getDBPath(222)) - ozone.om.db.dirs is not configured. We recommend adding this setting. Falling back to ozone.metadata.dirs instead.
2019-09-26 10:06:45,868 [main] INFO  db.DBStoreBuilder (DBStoreBuilder.java:addTable(110)) - using custom profile for table: userTable
2019-09-26 10:06:45,868 [main] INFO  db.DBStoreBuilder (DBStoreBuilder.java:processTables(161)) - Using default column profile:DBProfile.DISK for Table:userTable
2019-09-26 10:06:45,868 [main] INFO  db.DBStoreBuilder (DBStoreBuilder.java:addTable(110)) - using custom profile for table: volumeTable
2019-09-26 10:06:45,868 [main] INFO  db.DBStoreBuilder (DBStoreBuilder.java:processTables(161)) - Using default column profile:DBProfile.DISK for Table:volumeTable
2019-09-26 10:06:45,869 [main] INFO  db.DBStoreBuilder (DBStoreBuilder.java:addTable(110)) - using custom profile for table: bucketTable
2019-09-26 10:06:45,869 [main] INFO  db.DBStoreBuilder (DBStoreBuilder.java:processTables(161)) - Using default column profile:DBProfile.DISK for Table:bucketTable
2019-09-26 10:06:45,869 [main] INFO  db.DBStoreBuilder (DBStoreBuilder.java:addTable(110)) - using custom profile for table: keyTable
2019-09-26 10:06:45,869 [main] INFO  db.DBStoreBuilder (DBStoreBuilder.java:processTables(161)) - Using default column profile:DBProfile.DISK for Table:keyTable
2019-09-26 10:06:45,870 [main] INFO  db.DBStoreBuilder (DBStoreBuilder.java:addTable(110)) - using custom profile for table: deletedTable
2019-09-26 10:06:45,870 [main] INFO  db.DBStoreBuilder (DBStoreBuilder.java:processTables(161)) - Using default column profile:DBProfile.DISK for Table:deletedTable
2019-09-26 10:06:45,870 [main] INFO  db.DBStoreBuilder (DBStoreBuilder.java:addTable(110)) - using custom profile for table: openKeyTable
2019-09-26 10:06:45,870 [main] INFO  db.DBStoreBuilder (DBStoreBuilder.java:processTables(161)) - Using default column profile:DBProfile.DISK for Table:openKeyTable
2019-09-26 10:06:45,871 [main] INFO  db.DBStoreBuilder (DBStoreBuilder.java:addTable(110)) - using custom profile for table: s3Table
2019-09-26 10:06:45,871 [main] INFO  db.DBStoreBuilder (DBStoreBuilder.java:processTables(161)) - Using default column profile:DBProfile.DISK for Table:s3Table
2019-09-26 10:06:45,871 [main] INFO  db.DBStoreBuilder (DBStoreBuilder.java:addTable(110)) - using custom profile for table: multipartInfoTable
2019-09-26 10:06:45,871 [main] INFO  db.DBStoreBuilder (DBStoreBuilder.java:processTables(161)) - Using default column profile:DBProfile.DISK for Table:multipartInfoTable
2019-09-26 10:06:45,872 [main] INFO  db.DBStoreBuilder (DBStoreBuilder.java:addTable(110)) - using custom profile for table: dTokenTable
2019-09-26 10:06:45,872 [main] INFO  db.DBStoreBuilder (DBStoreBuilder.java:processTables(161)) - Using default column profile:DBProfile.DISK for Table:dTokenTable
2019-09-26 10:06:45,872 [main] INFO  db.DBStoreBuilder (DBStoreBuilder.java:addTable(110)) - using custom profile for table: s3SecretTable
2019-09-26 10:06:45,872 [main] INFO  db.DBStoreBuilder (DBStoreBuilder.java:processTables(161)) - Using default column profile:DBProfile.DISK for Table:s3SecretTable
2019-09-26 10:06:45,873 [main] INFO  db.DBStoreBuilder (DBStoreBuilder.java:addTable(110)) - using custom profile for table: prefixTable
2019-09-26 10:06:45,873 [main] INFO  db.DBStoreBuilder (DBStoreBuilder.java:processTables(161)) - Using default column profile:DBProfile.DISK for Table:prefixTable
2019-09-26 10:06:45,873 [main] INFO  db.DBStoreBuilder (DBStoreBuilder.java:addTable(110)) - using custom profile for table: default
2019-09-26 10:06:45,873 [main] INFO  db.DBStoreBuilder (DBStoreBuilder.java:processTables(167)) - Using default column profile:DBProfile.DISK for Table:default
2019-09-26 10:06:45,873 [main] INFO  db.DBStoreBuilder (DBStoreBuilder.java:getDbProfile(198)) - Using default options. DBProfile.DISK
2019-09-26 10:06:47,247 [main] INFO  ipc.CallQueueManager (CallQueueManager.java:<init>(84)) - Using callQueue: class java.util.concurrent.LinkedBlockingQueue, queueCapacity: 2000, scheduler: class org.apache.hadoop.ipc.DefaultRpcScheduler, ipcBackoff: false.
2019-09-26 10:06:47,248 [Socket Reader #1 for port 37481] INFO  ipc.Server (Server.java:run(1074)) - Starting Socket Reader #1 for port 37481
2019-09-26 10:06:47,268 [main] INFO  om.OzoneManager (OzoneManager.java:start(1243)) - OzoneManager RPC server is listening at localhost/127.0.0.1:37481
2019-09-26 10:06:47,268 [main] INFO  impl.MetricsSystemImpl (MetricsSystemImpl.java:init(158)) - OzoneManager metrics system started (again)
2019-09-26 10:06:47,269 [IPC Server Responder] INFO  ipc.Server (Server.java:run(1314)) - IPC Server Responder: starting
2019-09-26 10:06:47,272 [IPC Server listener on 37481] INFO  ipc.Server (Server.java:run(1153)) - IPC Server listener on 37481: starting
2019-09-26 10:06:47,280 [main] INFO  hdfs.DFSUtil (DFSUtil.java:httpServerTemplateForNNAndJN(1641)) - Starting Web-server for ozoneManager at: http://0.0.0.0:0
2019-09-26 10:06:47,282 [main] INFO  server.AuthenticationFilter (AuthenticationFilter.java:constructSecretProvider(240)) - Unable to initialize FileSignerSecretProvider, falling back to use random secrets.
2019-09-26 10:06:47,282 [main] WARN  http.HttpRequestLog (HttpRequestLog.java:getRequestLog(97)) - Jetty request log can only be enabled using Log4j
2019-09-26 10:06:47,284 [main] INFO  http.HttpServer2 (HttpServer2.java:addGlobalFilter(975)) - Added global filter 'safety' (class=org.apache.hadoop.http.HttpServer2$QuotingInputFilter)
2019-09-26 10:06:47,285 [main] INFO  http.HttpServer2 (HttpServer2.java:addFilter(948)) - Added filter static_user_filter (class=org.apache.hadoop.http.lib.StaticUserWebFilter$StaticUserFilter) to context ozoneManager
2019-09-26 10:06:47,285 [main] INFO  http.HttpServer2 (HttpServer2.java:addFilter(958)) - Added filter static_user_filter (class=org.apache.hadoop.http.lib.StaticUserWebFilter$StaticUserFilter) to context logs
2019-09-26 10:06:47,285 [main] INFO  http.HttpServer2 (HttpServer2.java:addFilter(958)) - Added filter static_user_filter (class=org.apache.hadoop.http.lib.StaticUserWebFilter$StaticUserFilter) to context static
2019-09-26 10:06:47,286 [main] INFO  http.HttpServer2 (HttpServer2.java:bindListener(1191)) - Jetty bound to port 41248
2019-09-26 10:06:47,286 [main] INFO  server.Server (Server.java:doStart(351)) - jetty-9.3.25.v20180904, build timestamp: 2018-09-04T21:11:46Z, git hash: 3ce520221d0240229c862b122d2b06c12a625732
2019-09-26 10:06:47,288 [main] INFO  handler.ContextHandler (ContextHandler.java:doStart(781)) - Started o.e.j.s.ServletContextHandler@a826ff8{/logs,file:///workdir/hadoop-ozone/integration-test/target/log,AVAILABLE}
2019-09-26 10:06:47,288 [main] INFO  handler.ContextHandler (ContextHandler.java:doStart(781)) - Started o.e.j.s.ServletContextHandler@49889154{/static,file:///workdir/hadoop-ozone/integration-test/target/test-classes/webapps/static,AVAILABLE}
2019-09-26 10:06:47,292 [main] INFO  handler.ContextHandler (ContextHandler.java:doStart(781)) - Started o.e.j.w.WebAppContext@38f502fc{/,file:///workdir/hadoop-ozone/integration-test/target/test-classes/webapps/ozoneManager/,AVAILABLE}{/ozoneManager}
2019-09-26 10:06:47,293 [main] INFO  server.AbstractConnector (AbstractConnector.java:doStart(278)) - Started ServerConnector@67c21bf{HTTP/1.1,[http/1.1]}{0.0.0.0:41248}
2019-09-26 10:06:47,293 [main] INFO  server.Server (Server.java:doStart(419)) - Started @582207ms
2019-09-26 10:06:47,295 [main] WARN  impl.MetricsSystemImpl (MetricsSystemImpl.java:register(276)) - Sink prometheus already exists!
2019-09-26 10:06:47,296 [main] INFO  server.BaseHttpServer (BaseHttpServer.java:updateConnectorAddress(215)) - HTTP server of OZONEMANAGER is listening at http://0.0.0.0:41248
2019-09-26 10:06:47,312 [main] INFO  impl.MetricsSystemImpl (MetricsSystemImpl.java:init(158)) - HddsDatanode metrics system started (again)
2019-09-26 10:06:47,329 [main] INFO  ozone.HddsDatanodeService (HddsDatanodeService.java:start(184)) - HddsDatanodeService host:pr-hdds-1569-wvzgm-824869521 ip:192.168.30.13
2019-09-26 10:06:47,338 [main] INFO  volume.HddsVolume (HddsVolume.java:<init>(176)) - Creating Volume: /workdir/hadoop-ozone/integration-test/target/test-dir/MiniOzoneClusterImpl-3237421e-5f73-41b0-8605-c54d21f4eaa5/datanode-0/data/containers/hdds of  storage type : DISK and capacity : 1482555576320
2019-09-26 10:06:47,338 [main] INFO  volume.VolumeSet (VolumeSet.java:initializeVolumeSet(170)) - Added Volume : /workdir/hadoop-ozone/integration-test/target/test-dir/MiniOzoneClusterImpl-3237421e-5f73-41b0-8605-c54d21f4eaa5/datanode-0/data/containers/hdds to VolumeSet
2019-09-26 10:06:47,338 [main] INFO  volume.ThrottledAsyncChecker (ThrottledAsyncChecker.java:schedule(139)) - Scheduling a check for org.apache.hadoop.ozone.container.common.volume.HddsVolume@a9e8da1
2019-09-26 10:06:47,339 [main] INFO  volume.HddsVolumeChecker (HddsVolumeChecker.java:checkAllVolumes(202)) - Scheduled health check for volume org.apache.hadoop.ozone.container.common.volume.HddsVolume@a9e8da1
2019-09-26 10:06:47,353 [main] INFO  impl.RaftServerProxy (ConfUtils.java:logGet(43)) - raft.rpc.type = GRPC (default)
2019-09-26 10:06:47,353 [main] INFO  grpc.GrpcFactory (GrpcFactory.java:checkPooledByteBufAllocatorUseCacheForAllThreads(45)) - PERFORMANCE WARNING: useCacheForAllThreads is true that may cause Netty to create a lot garbage objects and, as a result, trigger GC.
	It is recommended to disable useCacheForAllThreads by setting -Dorg.apache.ratis.thirdparty.io.netty.allocator.useCacheForAllThreads=false in command line.
2019-09-26 10:06:47,353 [main] INFO  grpc.GrpcConfigKeys$Server (ConfUtils.java:logGet(43)) - raft.grpc.server.port = 0 (default)
2019-09-26 10:06:47,354 [main] INFO  server.GrpcService (ConfUtils.java:logGet(43)) - raft.grpc.message.size.max = 33570816 (custom)
2019-09-26 10:06:47,354 [main] INFO  server.RaftServerConfigKeys (ConfUtils.java:logGet(43)) - raft.server.log.appender.buffer.byte-limit = 33554432 (custom)
2019-09-26 10:06:47,354 [main] INFO  server.GrpcService (ConfUtils.java:logGet(43)) - raft.grpc.flow.control.window = 1MB (=1048576) (default)
2019-09-26 10:06:47,354 [main] INFO  server.RaftServerConfigKeys (ConfUtils.java:logGet(43)) - raft.server.rpc.request.timeout = 3000ms (default)
2019-09-26 10:06:47,355 [main] INFO  server.RaftServerConfigKeys (ConfUtils.java:logGet(43)) - raft.server.storage.dir = [/workdir/hadoop-ozone/integration-test/target/test-dir/MiniOzoneClusterImpl-3237421e-5f73-41b0-8605-c54d21f4eaa5/datanode-0/data/ratis] (custom)
2019-09-26 10:06:47,356 [main] INFO  hdfs.DFSUtil (DFSUtil.java:httpServerTemplateForNNAndJN(1641)) - Starting Web-server for hddsDatanode at: http://0.0.0.0:0
2019-09-26 10:06:47,357 [main] INFO  server.AuthenticationFilter (AuthenticationFilter.java:constructSecretProvider(240)) - Unable to initialize FileSignerSecretProvider, falling back to use random secrets.
2019-09-26 10:06:47,358 [main] WARN  http.HttpRequestLog (HttpRequestLog.java:getRequestLog(97)) - Jetty request log can only be enabled using Log4j
2019-09-26 10:06:47,359 [main] INFO  http.HttpServer2 (HttpServer2.java:addGlobalFilter(975)) - Added global filter 'safety' (class=org.apache.hadoop.http.HttpServer2$QuotingInputFilter)
2019-09-26 10:06:47,359 [main] INFO  http.HttpServer2 (HttpServer2.java:addFilter(948)) - Added filter static_user_filter (class=org.apache.hadoop.http.lib.StaticUserWebFilter$StaticUserFilter) to context hddsDatanode
2019-09-26 10:06:47,359 [main] INFO  http.HttpServer2 (HttpServer2.java:addFilter(958)) - Added filter static_user_filter (class=org.apache.hadoop.http.lib.StaticUserWebFilter$StaticUserFilter) to context logs
2019-09-26 10:06:47,360 [main] INFO  http.HttpServer2 (HttpServer2.java:addFilter(958)) - Added filter static_user_filter (class=org.apache.hadoop.http.lib.StaticUserWebFilter$StaticUserFilter) to context static
2019-09-26 10:06:47,360 [main] INFO  http.HttpServer2 (HttpServer2.java:bindListener(1191)) - Jetty bound to port 43433
2019-09-26 10:06:47,360 [main] INFO  server.Server (Server.java:doStart(351)) - jetty-9.3.25.v20180904, build timestamp: 2018-09-04T21:11:46Z, git hash: 3ce520221d0240229c862b122d2b06c12a625732
2019-09-26 10:06:47,362 [main] INFO  handler.ContextHandler (ContextHandler.java:doStart(781)) - Started o.e.j.s.ServletContextHandler@d28c214{/logs,file:///workdir/hadoop-ozone/integration-test/target/log,AVAILABLE}
2019-09-26 10:06:47,362 [main] INFO  handler.ContextHandler (ContextHandler.java:doStart(781)) - Started o.e.j.s.ServletContextHandler@7f8c48f3{/static,jar:file:/home/user/.m2/repository/org/apache/hadoop/hadoop-hdds-container-service/0.5.0-SNAPSHOT/hadoop-hdds-container-service-0.5.0-SNAPSHOT.jar!/webapps/static,AVAILABLE}
2019-09-26 10:06:47,390 [main] INFO  handler.ContextHandler (ContextHandler.java:doStart(781)) - Started o.e.j.w.WebAppContext@36d697ab{/,file:///tmp/jetty-0.0.0.0-43433-hddsDatanode-_-any-8722344711522615076.dir/webapp/,AVAILABLE}{/hddsDatanode}
2019-09-26 10:06:47,390 [main] INFO  server.AbstractConnector (AbstractConnector.java:doStart(278)) - Started ServerConnector@28831d69{HTTP/1.1,[http/1.1]}{0.0.0.0:43433}
2019-09-26 10:06:47,390 [main] INFO  server.Server (Server.java:doStart(419)) - Started @582304ms
2019-09-26 10:06:47,392 [main] WARN  impl.MetricsSystemImpl (MetricsSystemImpl.java:register(276)) - Sink prometheus already exists!
2019-09-26 10:06:47,393 [main] INFO  server.BaseHttpServer (BaseHttpServer.java:updateConnectorAddress(215)) - HTTP server of HDDSDATANODE is listening at http://0.0.0.0:43433
2019-09-26 10:06:47,393 [main] INFO  impl.MetricsSystemImpl (MetricsSystemImpl.java:init(158)) - HddsDatanode metrics system started (again)
2019-09-26 10:06:47,406 [org.apache.hadoop.util.JvmPauseMonitor$Monitor@265bf162] INFO  util.JvmPauseMonitor (JvmPauseMonitor.java:run(188)) - Starting JVM pause monitor
2019-09-26 10:06:47,407 [main] INFO  ozone.HddsDatanodeService (HddsDatanodeService.java:start(184)) - HddsDatanodeService host:pr-hdds-1569-wvzgm-824869521 ip:192.168.30.13
2019-09-26 10:06:47,408 [Datanode State Machine Thread - 0] INFO  datanode.InitDatanodeState (InitDatanodeState.java:persistContainerDatanodeDetails(140)) - DatanodeDetails is persisted to /workdir/hadoop-ozone/integration-test/target/test-dir/MiniOzoneClusterImpl-3237421e-5f73-41b0-8605-c54d21f4eaa5/datanode-0/meta/datanode.id
2019-09-26 10:06:47,414 [main] INFO  volume.HddsVolume (HddsVolume.java:<init>(176)) - Creating Volume: /workdir/hadoop-ozone/integration-test/target/test-dir/MiniOzoneClusterImpl-3237421e-5f73-41b0-8605-c54d21f4eaa5/datanode-1/data/containers/hdds of  storage type : DISK and capacity : 1482555576320
2019-09-26 10:06:47,414 [main] INFO  volume.VolumeSet (VolumeSet.java:initializeVolumeSet(170)) - Added Volume : /workdir/hadoop-ozone/integration-test/target/test-dir/MiniOzoneClusterImpl-3237421e-5f73-41b0-8605-c54d21f4eaa5/datanode-1/data/containers/hdds to VolumeSet
2019-09-26 10:06:47,415 [main] INFO  volume.ThrottledAsyncChecker (ThrottledAsyncChecker.java:schedule(139)) - Scheduling a check for org.apache.hadoop.ozone.container.common.volume.HddsVolume@2c16677c
2019-09-26 10:06:47,415 [main] INFO  volume.HddsVolumeChecker (HddsVolumeChecker.java:checkAllVolumes(202)) - Scheduled health check for volume org.apache.hadoop.ozone.container.common.volume.HddsVolume@2c16677c
2019-09-26 10:06:47,429 [main] INFO  impl.RaftServerProxy (ConfUtils.java:logGet(43)) - raft.rpc.type = GRPC (default)
2019-09-26 10:06:47,429 [main] INFO  grpc.GrpcFactory (GrpcFactory.java:checkPooledByteBufAllocatorUseCacheForAllThreads(45)) - PERFORMANCE WARNING: useCacheForAllThreads is true that may cause Netty to create a lot garbage objects and, as a result, trigger GC.
	It is recommended to disable useCacheForAllThreads by setting -Dorg.apache.ratis.thirdparty.io.netty.allocator.useCacheForAllThreads=false in command line.
2019-09-26 10:06:47,430 [main] INFO  grpc.GrpcConfigKeys$Server (ConfUtils.java:logGet(43)) - raft.grpc.server.port = 0 (default)
2019-09-26 10:06:47,430 [main] INFO  server.GrpcService (ConfUtils.java:logGet(43)) - raft.grpc.message.size.max = 33570816 (custom)
2019-09-26 10:06:47,430 [main] INFO  server.RaftServerConfigKeys (ConfUtils.java:logGet(43)) - raft.server.log.appender.buffer.byte-limit = 33554432 (custom)
2019-09-26 10:06:47,430 [main] INFO  server.GrpcService (ConfUtils.java:logGet(43)) - raft.grpc.flow.control.window = 1MB (=1048576) (default)
2019-09-26 10:06:47,430 [main] INFO  server.RaftServerConfigKeys (ConfUtils.java:logGet(43)) - raft.server.rpc.request.timeout = 3000ms (default)
2019-09-26 10:06:47,431 [main] INFO  server.RaftServerConfigKeys (ConfUtils.java:logGet(43)) - raft.server.storage.dir = [/workdir/hadoop-ozone/integration-test/target/test-dir/MiniOzoneClusterImpl-3237421e-5f73-41b0-8605-c54d21f4eaa5/datanode-1/data/ratis] (custom)
2019-09-26 10:06:47,432 [main] INFO  hdfs.DFSUtil (DFSUtil.java:httpServerTemplateForNNAndJN(1641)) - Starting Web-server for hddsDatanode at: http://0.0.0.0:0
2019-09-26 10:06:47,433 [main] INFO  server.AuthenticationFilter (AuthenticationFilter.java:constructSecretProvider(240)) - Unable to initialize FileSignerSecretProvider, falling back to use random secrets.
2019-09-26 10:06:47,434 [main] WARN  http.HttpRequestLog (HttpRequestLog.java:getRequestLog(97)) - Jetty request log can only be enabled using Log4j
2019-09-26 10:06:47,435 [main] INFO  http.HttpServer2 (HttpServer2.java:addGlobalFilter(975)) - Added global filter 'safety' (class=org.apache.hadoop.http.HttpServer2$QuotingInputFilter)
2019-09-26 10:06:47,435 [main] INFO  http.HttpServer2 (HttpServer2.java:addFilter(948)) - Added filter static_user_filter (class=org.apache.hadoop.http.lib.StaticUserWebFilter$StaticUserFilter) to context hddsDatanode
2019-09-26 10:06:47,436 [main] INFO  http.HttpServer2 (HttpServer2.java:addFilter(958)) - Added filter static_user_filter (class=org.apache.hadoop.http.lib.StaticUserWebFilter$StaticUserFilter) to context logs
2019-09-26 10:06:47,436 [main] INFO  http.HttpServer2 (HttpServer2.java:addFilter(958)) - Added filter static_user_filter (class=org.apache.hadoop.http.lib.StaticUserWebFilter$StaticUserFilter) to context static
2019-09-26 10:06:47,436 [main] INFO  http.HttpServer2 (HttpServer2.java:bindListener(1191)) - Jetty bound to port 38277
2019-09-26 10:06:47,436 [main] INFO  server.Server (Server.java:doStart(351)) - jetty-9.3.25.v20180904, build timestamp: 2018-09-04T21:11:46Z, git hash: 3ce520221d0240229c862b122d2b06c12a625732
2019-09-26 10:06:47,438 [main] INFO  handler.ContextHandler (ContextHandler.java:doStart(781)) - Started o.e.j.s.ServletContextHandler@7c4d1c7b{/logs,file:///workdir/hadoop-ozone/integration-test/target/log,AVAILABLE}
2019-09-26 10:06:47,438 [main] INFO  handler.ContextHandler (ContextHandler.java:doStart(781)) - Started o.e.j.s.ServletContextHandler@36f6d25c{/static,jar:file:/home/user/.m2/repository/org/apache/hadoop/hadoop-hdds-container-service/0.5.0-SNAPSHOT/hadoop-hdds-container-service-0.5.0-SNAPSHOT.jar!/webapps/static,AVAILABLE}
2019-09-26 10:06:47,466 [main] INFO  handler.ContextHandler (ContextHandler.java:doStart(781)) - Started o.e.j.w.WebAppContext@259195fe{/,file:///tmp/jetty-0.0.0.0-38277-hddsDatanode-_-any-5168059118050037836.dir/webapp/,AVAILABLE}{/hddsDatanode}
2019-09-26 10:06:47,466 [main] INFO  server.AbstractConnector (AbstractConnector.java:doStart(278)) - Started ServerConnector@12209826{HTTP/1.1,[http/1.1]}{0.0.0.0:38277}
2019-09-26 10:06:47,469 [main] INFO  server.Server (Server.java:doStart(419)) - Started @582383ms
2019-09-26 10:06:47,469 [main] WARN  impl.MetricsSystemImpl (MetricsSystemImpl.java:register(276)) - Sink prometheus already exists!
2019-09-26 10:06:47,471 [main] INFO  server.BaseHttpServer (BaseHttpServer.java:updateConnectorAddress(215)) - HTTP server of HDDSDATANODE is listening at http://0.0.0.0:38277
2019-09-26 10:06:47,471 [main] INFO  impl.MetricsSystemImpl (MetricsSystemImpl.java:init(158)) - HddsDatanode metrics system started (again)
2019-09-26 10:06:47,491 [org.apache.hadoop.util.JvmPauseMonitor$Monitor@67862ae6] INFO  util.JvmPauseMonitor (JvmPauseMonitor.java:run(188)) - Starting JVM pause monitor
2019-09-26 10:06:47,492 [Datanode State Machine Thread - 0] INFO  datanode.InitDatanodeState (InitDatanodeState.java:persistContainerDatanodeDetails(140)) - DatanodeDetails is persisted to /workdir/hadoop-ozone/integration-test/target/test-dir/MiniOzoneClusterImpl-3237421e-5f73-41b0-8605-c54d21f4eaa5/datanode-1/meta/datanode.id
2019-09-26 10:06:47,493 [main] INFO  ozone.HddsDatanodeService (HddsDatanodeService.java:start(184)) - HddsDatanodeService host:pr-hdds-1569-wvzgm-824869521 ip:192.168.30.13
2019-09-26 10:06:47,502 [main] INFO  volume.HddsVolume (HddsVolume.java:<init>(176)) - Creating Volume: /workdir/hadoop-ozone/integration-test/target/test-dir/MiniOzoneClusterImpl-3237421e-5f73-41b0-8605-c54d21f4eaa5/datanode-2/data/containers/hdds of  storage type : DISK and capacity : 1482555576320
2019-09-26 10:06:47,502 [main] INFO  volume.VolumeSet (VolumeSet.java:initializeVolumeSet(170)) - Added Volume : /workdir/hadoop-ozone/integration-test/target/test-dir/MiniOzoneClusterImpl-3237421e-5f73-41b0-8605-c54d21f4eaa5/datanode-2/data/containers/hdds to VolumeSet
2019-09-26 10:06:47,502 [main] INFO  volume.ThrottledAsyncChecker (ThrottledAsyncChecker.java:schedule(139)) - Scheduling a check for org.apache.hadoop.ozone.container.common.volume.HddsVolume@27d98bef
2019-09-26 10:06:47,503 [main] INFO  volume.HddsVolumeChecker (HddsVolumeChecker.java:checkAllVolumes(202)) - Scheduled health check for volume org.apache.hadoop.ozone.container.common.volume.HddsVolume@27d98bef
2019-09-26 10:06:47,523 [main] INFO  impl.RaftServerProxy (ConfUtils.java:logGet(43)) - raft.rpc.type = GRPC (default)
2019-09-26 10:06:47,523 [main] INFO  grpc.GrpcFactory (GrpcFactory.java:checkPooledByteBufAllocatorUseCacheForAllThreads(45)) - PERFORMANCE WARNING: useCacheForAllThreads is true that may cause Netty to create a lot garbage objects and, as a result, trigger GC.
	It is recommended to disable useCacheForAllThreads by setting -Dorg.apache.ratis.thirdparty.io.netty.allocator.useCacheForAllThreads=false in command line.
2019-09-26 10:06:47,523 [main] INFO  grpc.GrpcConfigKeys$Server (ConfUtils.java:logGet(43)) - raft.grpc.server.port = 0 (default)
2019-09-26 10:06:47,524 [main] INFO  server.GrpcService (ConfUtils.java:logGet(43)) - raft.grpc.message.size.max = 33570816 (custom)
2019-09-26 10:06:47,524 [main] INFO  server.RaftServerConfigKeys (ConfUtils.java:logGet(43)) - raft.server.log.appender.buffer.byte-limit = 33554432 (custom)
2019-09-26 10:06:47,524 [main] INFO  server.GrpcService (ConfUtils.java:logGet(43)) - raft.grpc.flow.control.window = 1MB (=1048576) (default)
2019-09-26 10:06:47,525 [main] INFO  server.RaftServerConfigKeys (ConfUtils.java:logGet(43)) - raft.server.rpc.request.timeout = 3000ms (default)
2019-09-26 10:06:47,525 [main] INFO  server.RaftServerConfigKeys (ConfUtils.java:logGet(43)) - raft.server.storage.dir = [/workdir/hadoop-ozone/integration-test/target/test-dir/MiniOzoneClusterImpl-3237421e-5f73-41b0-8605-c54d21f4eaa5/datanode-2/data/ratis] (custom)
2019-09-26 10:06:47,527 [main] INFO  hdfs.DFSUtil (DFSUtil.java:httpServerTemplateForNNAndJN(1641)) - Starting Web-server for hddsDatanode at: http://0.0.0.0:0
2019-09-26 10:06:47,529 [main] INFO  server.AuthenticationFilter (AuthenticationFilter.java:constructSecretProvider(240)) - Unable to initialize FileSignerSecretProvider, falling back to use random secrets.
2019-09-26 10:06:47,529 [main] WARN  http.HttpRequestLog (HttpRequestLog.java:getRequestLog(97)) - Jetty request log can only be enabled using Log4j
2019-09-26 10:06:47,534 [main] INFO  http.HttpServer2 (HttpServer2.java:addGlobalFilter(975)) - Added global filter 'safety' (class=org.apache.hadoop.http.HttpServer2$QuotingInputFilter)
2019-09-26 10:06:47,535 [main] INFO  http.HttpServer2 (HttpServer2.java:addFilter(948)) - Added filter static_user_filter (class=org.apache.hadoop.http.lib.StaticUserWebFilter$StaticUserFilter) to context hddsDatanode
2019-09-26 10:06:47,535 [main] INFO  http.HttpServer2 (HttpServer2.java:addFilter(958)) - Added filter static_user_filter (class=org.apache.hadoop.http.lib.StaticUserWebFilter$StaticUserFilter) to context logs
2019-09-26 10:06:47,535 [main] INFO  http.HttpServer2 (HttpServer2.java:addFilter(958)) - Added filter static_user_filter (class=org.apache.hadoop.http.lib.StaticUserWebFilter$StaticUserFilter) to context static
2019-09-26 10:06:47,536 [main] INFO  http.HttpServer2 (HttpServer2.java:bindListener(1191)) - Jetty bound to port 38890
2019-09-26 10:06:47,536 [main] INFO  server.Server (Server.java:doStart(351)) - jetty-9.3.25.v20180904, build timestamp: 2018-09-04T21:11:46Z, git hash: 3ce520221d0240229c862b122d2b06c12a625732
2019-09-26 10:06:47,538 [main] INFO  handler.ContextHandler (ContextHandler.java:doStart(781)) - Started o.e.j.s.ServletContextHandler@5238896f{/logs,file:///workdir/hadoop-ozone/integration-test/target/log,AVAILABLE}
2019-09-26 10:06:47,538 [main] INFO  handler.ContextHandler (ContextHandler.java:doStart(781)) - Started o.e.j.s.ServletContextHandler@4a2e1e52{/static,jar:file:/home/user/.m2/repository/org/apache/hadoop/hadoop-hdds-container-service/0.5.0-SNAPSHOT/hadoop-hdds-container-service-0.5.0-SNAPSHOT.jar!/webapps/static,AVAILABLE}
2019-09-26 10:06:47,565 [main] INFO  handler.ContextHandler (ContextHandler.java:doStart(781)) - Started o.e.j.w.WebAppContext@1d4cc7{/,file:///tmp/jetty-0.0.0.0-38890-hddsDatanode-_-any-8696672012023120495.dir/webapp/,AVAILABLE}{/hddsDatanode}
2019-09-26 10:06:47,566 [main] INFO  server.AbstractConnector (AbstractConnector.java:doStart(278)) - Started ServerConnector@7d28cdcd{HTTP/1.1,[http/1.1]}{0.0.0.0:38890}
2019-09-26 10:06:47,569 [main] INFO  server.Server (Server.java:doStart(419)) - Started @582483ms
2019-09-26 10:06:47,569 [main] WARN  impl.MetricsSystemImpl (MetricsSystemImpl.java:register(276)) - Sink prometheus already exists!
2019-09-26 10:06:47,570 [main] INFO  server.BaseHttpServer (BaseHttpServer.java:updateConnectorAddress(215)) - HTTP server of HDDSDATANODE is listening at http://0.0.0.0:38890
2019-09-26 10:06:47,570 [main] INFO  impl.MetricsSystemImpl (MetricsSystemImpl.java:init(158)) - HddsDatanode metrics system started (again)
2019-09-26 10:06:47,585 [org.apache.hadoop.util.JvmPauseMonitor$Monitor@533ef6a2] INFO  util.JvmPauseMonitor (JvmPauseMonitor.java:run(188)) - Starting JVM pause monitor
2019-09-26 10:06:47,586 [Datanode State Machine Thread - 0] INFO  datanode.InitDatanodeState (InitDatanodeState.java:persistContainerDatanodeDetails(140)) - DatanodeDetails is persisted to /workdir/hadoop-ozone/integration-test/target/test-dir/MiniOzoneClusterImpl-3237421e-5f73-41b0-8605-c54d21f4eaa5/datanode-2/meta/datanode.id
2019-09-26 10:06:47,586 [main] INFO  ozone.HddsDatanodeService (HddsDatanodeService.java:start(184)) - HddsDatanodeService host:pr-hdds-1569-wvzgm-824869521 ip:192.168.30.13
2019-09-26 10:06:47,597 [main] INFO  volume.HddsVolume (HddsVolume.java:<init>(176)) - Creating Volume: /workdir/hadoop-ozone/integration-test/target/test-dir/MiniOzoneClusterImpl-3237421e-5f73-41b0-8605-c54d21f4eaa5/datanode-3/data/containers/hdds of  storage type : DISK and capacity : 1482555576320
2019-09-26 10:06:47,597 [main] INFO  volume.VolumeSet (VolumeSet.java:initializeVolumeSet(170)) - Added Volume : /workdir/hadoop-ozone/integration-test/target/test-dir/MiniOzoneClusterImpl-3237421e-5f73-41b0-8605-c54d21f4eaa5/datanode-3/data/containers/hdds to VolumeSet
2019-09-26 10:06:47,598 [main] INFO  volume.ThrottledAsyncChecker (ThrottledAsyncChecker.java:schedule(139)) - Scheduling a check for org.apache.hadoop.ozone.container.common.volume.HddsVolume@4def42c3
2019-09-26 10:06:47,598 [main] INFO  volume.HddsVolumeChecker (HddsVolumeChecker.java:checkAllVolumes(202)) - Scheduled health check for volume org.apache.hadoop.ozone.container.common.volume.HddsVolume@4def42c3
2019-09-26 10:06:47,613 [main] INFO  impl.RaftServerProxy (ConfUtils.java:logGet(43)) - raft.rpc.type = GRPC (default)
2019-09-26 10:06:47,613 [main] INFO  grpc.GrpcFactory (GrpcFactory.java:checkPooledByteBufAllocatorUseCacheForAllThreads(45)) - PERFORMANCE WARNING: useCacheForAllThreads is true that may cause Netty to create a lot garbage objects and, as a result, trigger GC.
	It is recommended to disable useCacheForAllThreads by setting -Dorg.apache.ratis.thirdparty.io.netty.allocator.useCacheForAllThreads=false in command line.
2019-09-26 10:06:47,614 [main] INFO  grpc.GrpcConfigKeys$Server (ConfUtils.java:logGet(43)) - raft.grpc.server.port = 0 (default)
2019-09-26 10:06:47,614 [main] INFO  server.GrpcService (ConfUtils.java:logGet(43)) - raft.grpc.message.size.max = 33570816 (custom)
2019-09-26 10:06:47,614 [main] INFO  server.RaftServerConfigKeys (ConfUtils.java:logGet(43)) - raft.server.log.appender.buffer.byte-limit = 33554432 (custom)
2019-09-26 10:06:47,614 [main] INFO  server.GrpcService (ConfUtils.java:logGet(43)) - raft.grpc.flow.control.window = 1MB (=1048576) (default)
2019-09-26 10:06:47,614 [main] INFO  server.RaftServerConfigKeys (ConfUtils.java:logGet(43)) - raft.server.rpc.request.timeout = 3000ms (default)
2019-09-26 10:06:47,615 [main] INFO  server.RaftServerConfigKeys (ConfUtils.java:logGet(43)) - raft.server.storage.dir = [/workdir/hadoop-ozone/integration-test/target/test-dir/MiniOzoneClusterImpl-3237421e-5f73-41b0-8605-c54d21f4eaa5/datanode-3/data/ratis] (custom)
2019-09-26 10:06:47,616 [main] INFO  hdfs.DFSUtil (DFSUtil.java:httpServerTemplateForNNAndJN(1641)) - Starting Web-server for hddsDatanode at: http://0.0.0.0:0
2019-09-26 10:06:47,618 [main] INFO  server.AuthenticationFilter (AuthenticationFilter.java:constructSecretProvider(240)) - Unable to initialize FileSignerSecretProvider, falling back to use random secrets.
2019-09-26 10:06:47,618 [main] WARN  http.HttpRequestLog (HttpRequestLog.java:getRequestLog(97)) - Jetty request log can only be enabled using Log4j
2019-09-26 10:06:47,620 [main] INFO  http.HttpServer2 (HttpServer2.java:addGlobalFilter(975)) - Added global filter 'safety' (class=org.apache.hadoop.http.HttpServer2$QuotingInputFilter)
2019-09-26 10:06:47,621 [main] INFO  http.HttpServer2 (HttpServer2.java:addFilter(948)) - Added filter static_user_filter (class=org.apache.hadoop.http.lib.StaticUserWebFilter$StaticUserFilter) to context hddsDatanode
2019-09-26 10:06:47,621 [main] INFO  http.HttpServer2 (HttpServer2.java:addFilter(958)) - Added filter static_user_filter (class=org.apache.hadoop.http.lib.StaticUserWebFilter$StaticUserFilter) to context logs
2019-09-26 10:06:47,621 [main] INFO  http.HttpServer2 (HttpServer2.java:addFilter(958)) - Added filter static_user_filter (class=org.apache.hadoop.http.lib.StaticUserWebFilter$StaticUserFilter) to context static
2019-09-26 10:06:47,622 [main] INFO  http.HttpServer2 (HttpServer2.java:bindListener(1191)) - Jetty bound to port 44833
2019-09-26 10:06:47,622 [main] INFO  server.Server (Server.java:doStart(351)) - jetty-9.3.25.v20180904, build timestamp: 2018-09-04T21:11:46Z, git hash: 3ce520221d0240229c862b122d2b06c12a625732
2019-09-26 10:06:47,624 [main] INFO  handler.ContextHandler (ContextHandler.java:doStart(781)) - Started o.e.j.s.ServletContextHandler@4b691611{/logs,file:///workdir/hadoop-ozone/integration-test/target/log,AVAILABLE}
2019-09-26 10:06:47,625 [main] INFO  handler.ContextHandler (ContextHandler.java:doStart(781)) - Started o.e.j.s.ServletContextHandler@379f9555{/static,jar:file:/home/user/.m2/repository/org/apache/hadoop/hadoop-hdds-container-service/0.5.0-SNAPSHOT/hadoop-hdds-container-service-0.5.0-SNAPSHOT.jar!/webapps/static,AVAILABLE}
2019-09-26 10:06:47,663 [main] INFO  handler.ContextHandler (ContextHandler.java:doStart(781)) - Started o.e.j.w.WebAppContext@d84418a{/,file:///tmp/jetty-0.0.0.0-44833-hddsDatanode-_-any-9185600914117051802.dir/webapp/,AVAILABLE}{/hddsDatanode}
2019-09-26 10:06:47,664 [main] INFO  server.AbstractConnector (AbstractConnector.java:doStart(278)) - Started ServerConnector@45e11627{HTTP/1.1,[http/1.1]}{0.0.0.0:44833}
2019-09-26 10:06:47,667 [main] INFO  server.Server (Server.java:doStart(419)) - Started @582581ms
2019-09-26 10:06:47,667 [main] WARN  impl.MetricsSystemImpl (MetricsSystemImpl.java:register(276)) - Sink prometheus already exists!
2019-09-26 10:06:47,668 [main] INFO  server.BaseHttpServer (BaseHttpServer.java:updateConnectorAddress(215)) - HTTP server of HDDSDATANODE is listening at http://0.0.0.0:44833
2019-09-26 10:06:47,668 [main] INFO  impl.MetricsSystemImpl (MetricsSystemImpl.java:init(158)) - HddsDatanode metrics system started (again)
2019-09-26 10:06:47,683 [org.apache.hadoop.util.JvmPauseMonitor$Monitor@738771af] INFO  util.JvmPauseMonitor (JvmPauseMonitor.java:run(188)) - Starting JVM pause monitor
2019-09-26 10:06:47,684 [main] INFO  ozone.HddsDatanodeService (HddsDatanodeService.java:start(184)) - HddsDatanodeService host:pr-hdds-1569-wvzgm-824869521 ip:192.168.30.13
2019-09-26 10:06:47,685 [Datanode State Machine Thread - 0] INFO  datanode.InitDatanodeState (InitDatanodeState.java:persistContainerDatanodeDetails(140)) - DatanodeDetails is persisted to /workdir/hadoop-ozone/integration-test/target/test-dir/MiniOzoneClusterImpl-3237421e-5f73-41b0-8605-c54d21f4eaa5/datanode-3/meta/datanode.id
2019-09-26 10:06:47,693 [main] INFO  volume.HddsVolume (HddsVolume.java:<init>(176)) - Creating Volume: /workdir/hadoop-ozone/integration-test/target/test-dir/MiniOzoneClusterImpl-3237421e-5f73-41b0-8605-c54d21f4eaa5/datanode-4/data/containers/hdds of  storage type : DISK and capacity : 1482555576320
2019-09-26 10:06:47,693 [main] INFO  volume.VolumeSet (VolumeSet.java:initializeVolumeSet(170)) - Added Volume : /workdir/hadoop-ozone/integration-test/target/test-dir/MiniOzoneClusterImpl-3237421e-5f73-41b0-8605-c54d21f4eaa5/datanode-4/data/containers/hdds to VolumeSet
2019-09-26 10:06:47,694 [main] INFO  volume.ThrottledAsyncChecker (ThrottledAsyncChecker.java:schedule(139)) - Scheduling a check for org.apache.hadoop.ozone.container.common.volume.HddsVolume@5fd18419
2019-09-26 10:06:47,694 [main] INFO  volume.HddsVolumeChecker (HddsVolumeChecker.java:checkAllVolumes(202)) - Scheduled health check for volume org.apache.hadoop.ozone.container.common.volume.HddsVolume@5fd18419
2019-09-26 10:06:47,707 [main] INFO  impl.RaftServerProxy (ConfUtils.java:logGet(43)) - raft.rpc.type = GRPC (default)
2019-09-26 10:06:47,707 [main] INFO  grpc.GrpcFactory (GrpcFactory.java:checkPooledByteBufAllocatorUseCacheForAllThreads(45)) - PERFORMANCE WARNING: useCacheForAllThreads is true that may cause Netty to create a lot garbage objects and, as a result, trigger GC.
	It is recommended to disable useCacheForAllThreads by setting -Dorg.apache.ratis.thirdparty.io.netty.allocator.useCacheForAllThreads=false in command line.
2019-09-26 10:06:47,707 [main] INFO  grpc.GrpcConfigKeys$Server (ConfUtils.java:logGet(43)) - raft.grpc.server.port = 0 (default)
2019-09-26 10:06:47,708 [main] INFO  server.GrpcService (ConfUtils.java:logGet(43)) - raft.grpc.message.size.max = 33570816 (custom)
2019-09-26 10:06:47,708 [main] INFO  server.RaftServerConfigKeys (ConfUtils.java:logGet(43)) - raft.server.log.appender.buffer.byte-limit = 33554432 (custom)
2019-09-26 10:06:47,708 [main] INFO  server.GrpcService (ConfUtils.java:logGet(43)) - raft.grpc.flow.control.window = 1MB (=1048576) (default)
2019-09-26 10:06:47,708 [main] INFO  server.RaftServerConfigKeys (ConfUtils.java:logGet(43)) - raft.server.rpc.request.timeout = 3000ms (default)
2019-09-26 10:06:47,709 [main] INFO  server.RaftServerConfigKeys (ConfUtils.java:logGet(43)) - raft.server.storage.dir = [/workdir/hadoop-ozone/integration-test/target/test-dir/MiniOzoneClusterImpl-3237421e-5f73-41b0-8605-c54d21f4eaa5/datanode-4/data/ratis] (custom)
2019-09-26 10:06:47,710 [main] INFO  hdfs.DFSUtil (DFSUtil.java:httpServerTemplateForNNAndJN(1641)) - Starting Web-server for hddsDatanode at: http://0.0.0.0:0
2019-09-26 10:06:47,712 [main] INFO  server.AuthenticationFilter (AuthenticationFilter.java:constructSecretProvider(240)) - Unable to initialize FileSignerSecretProvider, falling back to use random secrets.
2019-09-26 10:06:47,713 [main] WARN  http.HttpRequestLog (HttpRequestLog.java:getRequestLog(97)) - Jetty request log can only be enabled using Log4j
2019-09-26 10:06:47,715 [main] INFO  http.HttpServer2 (HttpServer2.java:addGlobalFilter(975)) - Added global filter 'safety' (class=org.apache.hadoop.http.HttpServer2$QuotingInputFilter)
2019-09-26 10:06:47,715 [main] INFO  http.HttpServer2 (HttpServer2.java:addFilter(948)) - Added filter static_user_filter (class=org.apache.hadoop.http.lib.StaticUserWebFilter$StaticUserFilter) to context hddsDatanode
2019-09-26 10:06:47,716 [main] INFO  http.HttpServer2 (HttpServer2.java:addFilter(958)) - Added filter static_user_filter (class=org.apache.hadoop.http.lib.StaticUserWebFilter$StaticUserFilter) to context logs
2019-09-26 10:06:47,716 [main] INFO  http.HttpServer2 (HttpServer2.java:addFilter(958)) - Added filter static_user_filter (class=org.apache.hadoop.http.lib.StaticUserWebFilter$StaticUserFilter) to context static
2019-09-26 10:06:47,717 [main] INFO  http.HttpServer2 (HttpServer2.java:bindListener(1191)) - Jetty bound to port 45081
2019-09-26 10:06:47,717 [main] INFO  server.Server (Server.java:doStart(351)) - jetty-9.3.25.v20180904, build timestamp: 2018-09-04T21:11:46Z, git hash: 3ce520221d0240229c862b122d2b06c12a625732
2019-09-26 10:06:47,719 [main] INFO  handler.ContextHandler (ContextHandler.java:doStart(781)) - Started o.e.j.s.ServletContextHandler@709d86a2{/logs,file:///workdir/hadoop-ozone/integration-test/target/log,AVAILABLE}
2019-09-26 10:06:47,720 [main] INFO  handler.ContextHandler (ContextHandler.java:doStart(781)) - Started o.e.j.s.ServletContextHandler@ce655b9{/static,jar:file:/home/user/.m2/repository/org/apache/hadoop/hadoop-hdds-container-service/0.5.0-SNAPSHOT/hadoop-hdds-container-service-0.5.0-SNAPSHOT.jar!/webapps/static,AVAILABLE}
2019-09-26 10:06:47,760 [main] INFO  handler.ContextHandler (ContextHandler.java:doStart(781)) - Started o.e.j.w.WebAppContext@62108cd3{/,file:///tmp/jetty-0.0.0.0-45081-hddsDatanode-_-any-8264477903219696361.dir/webapp/,AVAILABLE}{/hddsDatanode}
2019-09-26 10:06:47,761 [main] INFO  server.AbstractConnector (AbstractConnector.java:doStart(278)) - Started ServerConnector@7cd1ec54{HTTP/1.1,[http/1.1]}{0.0.0.0:45081}
2019-09-26 10:06:47,765 [main] INFO  server.Server (Server.java:doStart(419)) - Started @582679ms
2019-09-26 10:06:47,765 [main] WARN  impl.MetricsSystemImpl (MetricsSystemImpl.java:register(276)) - Sink prometheus already exists!
2019-09-26 10:06:47,766 [main] INFO  server.BaseHttpServer (BaseHttpServer.java:updateConnectorAddress(215)) - HTTP server of HDDSDATANODE is listening at http://0.0.0.0:45081
2019-09-26 10:06:47,766 [main] INFO  impl.MetricsSystemImpl (MetricsSystemImpl.java:init(158)) - HddsDatanode metrics system started (again)
2019-09-26 10:06:47,789 [org.apache.hadoop.util.JvmPauseMonitor$Monitor@3cf9c8c5] INFO  util.JvmPauseMonitor (JvmPauseMonitor.java:run(188)) - Starting JVM pause monitor
2019-09-26 10:06:47,790 [main] INFO  ozone.HddsDatanodeService (HddsDatanodeService.java:start(184)) - HddsDatanodeService host:pr-hdds-1569-wvzgm-824869521 ip:192.168.30.13
2019-09-26 10:06:47,791 [Datanode State Machine Thread - 0] INFO  datanode.InitDatanodeState (InitDatanodeState.java:persistContainerDatanodeDetails(140)) - DatanodeDetails is persisted to /workdir/hadoop-ozone/integration-test/target/test-dir/MiniOzoneClusterImpl-3237421e-5f73-41b0-8605-c54d21f4eaa5/datanode-4/meta/datanode.id
2019-09-26 10:06:47,803 [main] INFO  volume.HddsVolume (HddsVolume.java:<init>(176)) - Creating Volume: /workdir/hadoop-ozone/integration-test/target/test-dir/MiniOzoneClusterImpl-3237421e-5f73-41b0-8605-c54d21f4eaa5/datanode-5/data/containers/hdds of  storage type : DISK and capacity : 1482555576320
2019-09-26 10:06:47,804 [main] INFO  volume.VolumeSet (VolumeSet.java:initializeVolumeSet(170)) - Added Volume : /workdir/hadoop-ozone/integration-test/target/test-dir/MiniOzoneClusterImpl-3237421e-5f73-41b0-8605-c54d21f4eaa5/datanode-5/data/containers/hdds to VolumeSet
2019-09-26 10:06:47,804 [main] INFO  volume.ThrottledAsyncChecker (ThrottledAsyncChecker.java:schedule(139)) - Scheduling a check for org.apache.hadoop.ozone.container.common.volume.HddsVolume@d66502
2019-09-26 10:06:47,804 [main] INFO  volume.HddsVolumeChecker (HddsVolumeChecker.java:checkAllVolumes(202)) - Scheduled health check for volume org.apache.hadoop.ozone.container.common.volume.HddsVolume@d66502
2019-09-26 10:06:47,821 [main] INFO  impl.RaftServerProxy (ConfUtils.java:logGet(43)) - raft.rpc.type = GRPC (default)
2019-09-26 10:06:47,821 [main] INFO  grpc.GrpcFactory (GrpcFactory.java:checkPooledByteBufAllocatorUseCacheForAllThreads(45)) - PERFORMANCE WARNING: useCacheForAllThreads is true that may cause Netty to create a lot garbage objects and, as a result, trigger GC.
	It is recommended to disable useCacheForAllThreads by setting -Dorg.apache.ratis.thirdparty.io.netty.allocator.useCacheForAllThreads=false in command line.
2019-09-26 10:06:47,821 [main] INFO  grpc.GrpcConfigKeys$Server (ConfUtils.java:logGet(43)) - raft.grpc.server.port = 0 (default)
2019-09-26 10:06:47,822 [main] INFO  server.GrpcService (ConfUtils.java:logGet(43)) - raft.grpc.message.size.max = 33570816 (custom)
2019-09-26 10:06:47,822 [main] INFO  server.RaftServerConfigKeys (ConfUtils.java:logGet(43)) - raft.server.log.appender.buffer.byte-limit = 33554432 (custom)
2019-09-26 10:06:47,822 [main] INFO  server.GrpcService (ConfUtils.java:logGet(43)) - raft.grpc.flow.control.window = 1MB (=1048576) (default)
2019-09-26 10:06:47,822 [main] INFO  server.RaftServerConfigKeys (ConfUtils.java:logGet(43)) - raft.server.rpc.request.timeout = 3000ms (default)
2019-09-26 10:06:47,823 [main] INFO  server.RaftServerConfigKeys (ConfUtils.java:logGet(43)) - raft.server.storage.dir = [/workdir/hadoop-ozone/integration-test/target/test-dir/MiniOzoneClusterImpl-3237421e-5f73-41b0-8605-c54d21f4eaa5/datanode-5/data/ratis] (custom)
2019-09-26 10:06:47,825 [main] INFO  hdfs.DFSUtil (DFSUtil.java:httpServerTemplateForNNAndJN(1641)) - Starting Web-server for hddsDatanode at: http://0.0.0.0:0
2019-09-26 10:06:47,827 [main] INFO  server.AuthenticationFilter (AuthenticationFilter.java:constructSecretProvider(240)) - Unable to initialize FileSignerSecretProvider, falling back to use random secrets.
2019-09-26 10:06:47,827 [main] WARN  http.HttpRequestLog (HttpRequestLog.java:getRequestLog(97)) - Jetty request log can only be enabled using Log4j
2019-09-26 10:06:47,829 [main] INFO  http.HttpServer2 (HttpServer2.java:addGlobalFilter(975)) - Added global filter 'safety' (class=org.apache.hadoop.http.HttpServer2$QuotingInputFilter)
2019-09-26 10:06:47,829 [main] INFO  http.HttpServer2 (HttpServer2.java:addFilter(948)) - Added filter static_user_filter (class=org.apache.hadoop.http.lib.StaticUserWebFilter$StaticUserFilter) to context hddsDatanode
2019-09-26 10:06:47,829 [main] INFO  http.HttpServer2 (HttpServer2.java:addFilter(958)) - Added filter static_user_filter (class=org.apache.hadoop.http.lib.StaticUserWebFilter$StaticUserFilter) to context static
2019-09-26 10:06:47,830 [main] INFO  http.HttpServer2 (HttpServer2.java:addFilter(958)) - Added filter static_user_filter (class=org.apache.hadoop.http.lib.StaticUserWebFilter$StaticUserFilter) to context logs
2019-09-26 10:06:47,830 [main] INFO  http.HttpServer2 (HttpServer2.java:bindListener(1191)) - Jetty bound to port 46681
2019-09-26 10:06:47,831 [main] INFO  server.Server (Server.java:doStart(351)) - jetty-9.3.25.v20180904, build timestamp: 2018-09-04T21:11:46Z, git hash: 3ce520221d0240229c862b122d2b06c12a625732
2019-09-26 10:06:47,833 [main] INFO  handler.ContextHandler (ContextHandler.java:doStart(781)) - Started o.e.j.s.ServletContextHandler@502c2278{/logs,file:///workdir/hadoop-ozone/integration-test/target/log,AVAILABLE}
2019-09-26 10:06:47,833 [main] INFO  handler.ContextHandler (ContextHandler.java:doStart(781)) - Started o.e.j.s.ServletContextHandler@696174d3{/static,jar:file:/home/user/.m2/repository/org/apache/hadoop/hadoop-hdds-container-service/0.5.0-SNAPSHOT/hadoop-hdds-container-service-0.5.0-SNAPSHOT.jar!/webapps/static,AVAILABLE}
2019-09-26 10:06:47,866 [main] INFO  handler.ContextHandler (ContextHandler.java:doStart(781)) - Started o.e.j.w.WebAppContext@2e1add6f{/,file:///tmp/jetty-0.0.0.0-46681-hddsDatanode-_-any-7701483955149144476.dir/webapp/,AVAILABLE}{/hddsDatanode}
2019-09-26 10:06:47,866 [main] INFO  server.AbstractConnector (AbstractConnector.java:doStart(278)) - Started ServerConnector@467af68c{HTTP/1.1,[http/1.1]}{0.0.0.0:46681}
2019-09-26 10:06:47,871 [main] INFO  server.Server (Server.java:doStart(419)) - Started @582785ms
2019-09-26 10:06:47,871 [main] WARN  impl.MetricsSystemImpl (MetricsSystemImpl.java:register(276)) - Sink prometheus already exists!
2019-09-26 10:06:47,872 [main] INFO  server.BaseHttpServer (BaseHttpServer.java:updateConnectorAddress(215)) - HTTP server of HDDSDATANODE is listening at http://0.0.0.0:46681
2019-09-26 10:06:47,872 [main] INFO  impl.MetricsSystemImpl (MetricsSystemImpl.java:init(158)) - HddsDatanode metrics system started (again)
2019-09-26 10:06:47,892 [org.apache.hadoop.util.JvmPauseMonitor$Monitor@3487a568] INFO  util.JvmPauseMonitor (JvmPauseMonitor.java:run(188)) - Starting JVM pause monitor
2019-09-26 10:06:47,894 [Datanode State Machine Thread - 0] INFO  datanode.InitDatanodeState (InitDatanodeState.java:persistContainerDatanodeDetails(140)) - DatanodeDetails is persisted to /workdir/hadoop-ozone/integration-test/target/test-dir/MiniOzoneClusterImpl-3237421e-5f73-41b0-8605-c54d21f4eaa5/datanode-5/meta/datanode.id
2019-09-26 10:06:47,894 [main] INFO  ozone.HddsDatanodeService (HddsDatanodeService.java:start(184)) - HddsDatanodeService host:pr-hdds-1569-wvzgm-824869521 ip:192.168.30.13
2019-09-26 10:06:47,905 [main] INFO  volume.HddsVolume (HddsVolume.java:<init>(176)) - Creating Volume: /workdir/hadoop-ozone/integration-test/target/test-dir/MiniOzoneClusterImpl-3237421e-5f73-41b0-8605-c54d21f4eaa5/datanode-6/data/containers/hdds of  storage type : DISK and capacity : 1482555576320
2019-09-26 10:06:47,906 [main] INFO  volume.VolumeSet (VolumeSet.java:initializeVolumeSet(170)) - Added Volume : /workdir/hadoop-ozone/integration-test/target/test-dir/MiniOzoneClusterImpl-3237421e-5f73-41b0-8605-c54d21f4eaa5/datanode-6/data/containers/hdds to VolumeSet
2019-09-26 10:06:47,906 [main] INFO  volume.ThrottledAsyncChecker (ThrottledAsyncChecker.java:schedule(139)) - Scheduling a check for org.apache.hadoop.ozone.container.common.volume.HddsVolume@697a92af
2019-09-26 10:06:47,906 [main] INFO  volume.HddsVolumeChecker (HddsVolumeChecker.java:checkAllVolumes(202)) - Scheduled health check for volume org.apache.hadoop.ozone.container.common.volume.HddsVolume@697a92af
2019-09-26 10:06:47,922 [main] INFO  impl.RaftServerProxy (ConfUtils.java:logGet(43)) - raft.rpc.type = GRPC (default)
2019-09-26 10:06:47,923 [main] INFO  grpc.GrpcFactory (GrpcFactory.java:checkPooledByteBufAllocatorUseCacheForAllThreads(45)) - PERFORMANCE WARNING: useCacheForAllThreads is true that may cause Netty to create a lot garbage objects and, as a result, trigger GC.
	It is recommended to disable useCacheForAllThreads by setting -Dorg.apache.ratis.thirdparty.io.netty.allocator.useCacheForAllThreads=false in command line.
2019-09-26 10:06:47,923 [main] INFO  grpc.GrpcConfigKeys$Server (ConfUtils.java:logGet(43)) - raft.grpc.server.port = 0 (default)
2019-09-26 10:06:47,923 [main] INFO  server.GrpcService (ConfUtils.java:logGet(43)) - raft.grpc.message.size.max = 33570816 (custom)
2019-09-26 10:06:47,923 [main] INFO  server.RaftServerConfigKeys (ConfUtils.java:logGet(43)) - raft.server.log.appender.buffer.byte-limit = 33554432 (custom)
2019-09-26 10:06:47,923 [main] INFO  server.GrpcService (ConfUtils.java:logGet(43)) - raft.grpc.flow.control.window = 1MB (=1048576) (default)
2019-09-26 10:06:47,924 [main] INFO  server.RaftServerConfigKeys (ConfUtils.java:logGet(43)) - raft.server.rpc.request.timeout = 3000ms (default)
2019-09-26 10:06:47,924 [main] INFO  server.RaftServerConfigKeys (ConfUtils.java:logGet(43)) - raft.server.storage.dir = [/workdir/hadoop-ozone/integration-test/target/test-dir/MiniOzoneClusterImpl-3237421e-5f73-41b0-8605-c54d21f4eaa5/datanode-6/data/ratis] (custom)
2019-09-26 10:06:47,925 [main] INFO  hdfs.DFSUtil (DFSUtil.java:httpServerTemplateForNNAndJN(1641)) - Starting Web-server for hddsDatanode at: http://0.0.0.0:0
2019-09-26 10:06:47,926 [main] INFO  server.AuthenticationFilter (AuthenticationFilter.java:constructSecretProvider(240)) - Unable to initialize FileSignerSecretProvider, falling back to use random secrets.
2019-09-26 10:06:47,927 [main] WARN  http.HttpRequestLog (HttpRequestLog.java:getRequestLog(97)) - Jetty request log can only be enabled using Log4j
2019-09-26 10:06:47,928 [main] INFO  http.HttpServer2 (HttpServer2.java:addGlobalFilter(975)) - Added global filter 'safety' (class=org.apache.hadoop.http.HttpServer2$QuotingInputFilter)
2019-09-26 10:06:47,928 [main] INFO  http.HttpServer2 (HttpServer2.java:addFilter(948)) - Added filter static_user_filter (class=org.apache.hadoop.http.lib.StaticUserWebFilter$StaticUserFilter) to context hddsDatanode
2019-09-26 10:06:47,929 [main] INFO  http.HttpServer2 (HttpServer2.java:addFilter(958)) - Added filter static_user_filter (class=org.apache.hadoop.http.lib.StaticUserWebFilter$StaticUserFilter) to context static
2019-09-26 10:06:47,929 [main] INFO  http.HttpServer2 (HttpServer2.java:addFilter(958)) - Added filter static_user_filter (class=org.apache.hadoop.http.lib.StaticUserWebFilter$StaticUserFilter) to context logs
2019-09-26 10:06:47,929 [main] INFO  http.HttpServer2 (HttpServer2.java:bindListener(1191)) - Jetty bound to port 39880
2019-09-26 10:06:47,929 [main] INFO  server.Server (Server.java:doStart(351)) - jetty-9.3.25.v20180904, build timestamp: 2018-09-04T21:11:46Z, git hash: 3ce520221d0240229c862b122d2b06c12a625732
2019-09-26 10:06:47,931 [main] INFO  handler.ContextHandler (ContextHandler.java:doStart(781)) - Started o.e.j.s.ServletContextHandler@52909a97{/logs,file:///workdir/hadoop-ozone/integration-test/target/log,AVAILABLE}
2019-09-26 10:06:47,932 [main] INFO  handler.ContextHandler (ContextHandler.java:doStart(781)) - Started o.e.j.s.ServletContextHandler@145e958f{/static,jar:file:/home/user/.m2/repository/org/apache/hadoop/hadoop-hdds-container-service/0.5.0-SNAPSHOT/hadoop-hdds-container-service-0.5.0-SNAPSHOT.jar!/webapps/static,AVAILABLE}
2019-09-26 10:06:47,960 [main] INFO  handler.ContextHandler (ContextHandler.java:doStart(781)) - Started o.e.j.w.WebAppContext@295b07e0{/,file:///tmp/jetty-0.0.0.0-39880-hddsDatanode-_-any-4431754269193734938.dir/webapp/,AVAILABLE}{/hddsDatanode}
2019-09-26 10:06:47,960 [main] INFO  server.AbstractConnector (AbstractConnector.java:doStart(278)) - Started ServerConnector@55053f81{HTTP/1.1,[http/1.1]}{0.0.0.0:39880}
2019-09-26 10:06:47,965 [main] INFO  server.Server (Server.java:doStart(419)) - Started @582879ms
2019-09-26 10:06:47,965 [main] WARN  impl.MetricsSystemImpl (MetricsSystemImpl.java:register(276)) - Sink prometheus already exists!
2019-09-26 10:06:47,966 [main] INFO  server.BaseHttpServer (BaseHttpServer.java:updateConnectorAddress(215)) - HTTP server of HDDSDATANODE is listening at http://0.0.0.0:39880
2019-09-26 10:06:47,966 [main] INFO  ozone.MiniOzoneClusterImpl (MiniOzoneClusterImpl.java:lambda$waitForClusterToBeReady$0(147)) - Waiting for cluster to be ready. Got 0 of 7 DN Heartbeats.
2019-09-26 10:06:47,968 [org.apache.hadoop.util.JvmPauseMonitor$Monitor@32654030] INFO  util.JvmPauseMonitor (JvmPauseMonitor.java:run(188)) - Starting JVM pause monitor
2019-09-26 10:06:47,969 [Datanode State Machine Thread - 0] INFO  datanode.InitDatanodeState (InitDatanodeState.java:persistContainerDatanodeDetails(140)) - DatanodeDetails is persisted to /workdir/hadoop-ozone/integration-test/target/test-dir/MiniOzoneClusterImpl-3237421e-5f73-41b0-8605-c54d21f4eaa5/datanode-6/meta/datanode.id
2019-09-26 10:06:48,966 [main] INFO  ozone.MiniOzoneClusterImpl (MiniOzoneClusterImpl.java:lambda$waitForClusterToBeReady$0(147)) - Waiting for cluster to be ready. Got 0 of 7 DN Heartbeats.
2019-09-26 10:06:49,431 [Datanode State Machine Thread - 0] INFO  ozoneimpl.OzoneContainer (OzoneContainer.java:start(217)) - Attempting to start container services.
2019-09-26 10:06:49,432 [Datanode State Machine Thread - 0] INFO  ozoneimpl.OzoneContainer (OzoneContainer.java:startContainerScrub(179)) - Background container scanner has been disabled.
2019-09-26 10:06:49,432 [Datanode State Machine Thread - 0] INFO  ratis.XceiverServerRatis (XceiverServerRatis.java:start(411)) - Starting XceiverServerRatis 4f799f37-ab1c-4be0-adf3-be30f86725ba at port 0
2019-09-26 10:06:49,438 [Datanode State Machine Thread - 0] INFO  impl.RaftServerProxy (RaftServerProxy.java:lambda$start$3(299)) - 4f799f37-ab1c-4be0-adf3-be30f86725ba: start RPC server
2019-09-26 10:06:49,440 [Datanode State Machine Thread - 0] INFO  server.GrpcService (GrpcService.java:startImpl(158)) - 4f799f37-ab1c-4be0-adf3-be30f86725ba: GrpcService started, listening on 0.0.0.0/0.0.0.0:45015
2019-09-26 10:06:49,440 [Datanode State Machine Thread - 0] INFO  ratis.XceiverServerRatis (XceiverServerRatis.java:start(421)) - XceiverServerRatis 4f799f37-ab1c-4be0-adf3-be30f86725ba is started using port 45015
2019-09-26 10:06:49,441 [Datanode State Machine Thread - 0] INFO  server.XceiverServerGrpc (XceiverServerGrpc.java:start(149)) - XceiverServerGrpc 4f799f37-ab1c-4be0-adf3-be30f86725ba is started using port 40699
2019-09-26 10:06:49,513 [Datanode State Machine Thread - 0] INFO  ozoneimpl.OzoneContainer (OzoneContainer.java:start(217)) - Attempting to start container services.
2019-09-26 10:06:49,513 [Datanode State Machine Thread - 0] INFO  ozoneimpl.OzoneContainer (OzoneContainer.java:startContainerScrub(179)) - Background container scanner has been disabled.
2019-09-26 10:06:49,514 [Datanode State Machine Thread - 0] INFO  ratis.XceiverServerRatis (XceiverServerRatis.java:start(411)) - Starting XceiverServerRatis 77afb7a9-3f27-4b85-962a-c9c70d1ecd8b at port 0
2019-09-26 10:06:49,521 [Datanode State Machine Thread - 0] INFO  impl.RaftServerProxy (RaftServerProxy.java:lambda$start$3(299)) - 77afb7a9-3f27-4b85-962a-c9c70d1ecd8b: start RPC server
2019-09-26 10:06:49,550 [Datanode State Machine Thread - 0] INFO  server.GrpcService (GrpcService.java:startImpl(158)) - 77afb7a9-3f27-4b85-962a-c9c70d1ecd8b: GrpcService started, listening on 0.0.0.0/0.0.0.0:39117
2019-09-26 10:06:49,551 [Datanode State Machine Thread - 0] INFO  ratis.XceiverServerRatis (XceiverServerRatis.java:start(421)) - XceiverServerRatis 77afb7a9-3f27-4b85-962a-c9c70d1ecd8b is started using port 39117
2019-09-26 10:06:49,551 [Datanode State Machine Thread - 0] INFO  server.XceiverServerGrpc (XceiverServerGrpc.java:start(149)) - XceiverServerGrpc 77afb7a9-3f27-4b85-962a-c9c70d1ecd8b is started using port 34076
2019-09-26 10:06:49,600 [Datanode State Machine Thread - 0] INFO  ozoneimpl.OzoneContainer (OzoneContainer.java:start(217)) - Attempting to start container services.
2019-09-26 10:06:49,600 [Datanode State Machine Thread - 0] INFO  ozoneimpl.OzoneContainer (OzoneContainer.java:startContainerScrub(179)) - Background container scanner has been disabled.
2019-09-26 10:06:49,600 [Datanode State Machine Thread - 0] INFO  ratis.XceiverServerRatis (XceiverServerRatis.java:start(411)) - Starting XceiverServerRatis c3e403b7-5a1e-4aac-9b5a-0aedadd701b5 at port 0
2019-09-26 10:06:49,609 [Datanode State Machine Thread - 0] INFO  impl.RaftServerProxy (RaftServerProxy.java:lambda$start$3(299)) - c3e403b7-5a1e-4aac-9b5a-0aedadd701b5: start RPC server
2019-09-26 10:06:49,613 [Datanode State Machine Thread - 0] INFO  server.GrpcService (GrpcService.java:startImpl(158)) - c3e403b7-5a1e-4aac-9b5a-0aedadd701b5: GrpcService started, listening on 0.0.0.0/0.0.0.0:38271
2019-09-26 10:06:49,613 [Datanode State Machine Thread - 0] INFO  ratis.XceiverServerRatis (XceiverServerRatis.java:start(421)) - XceiverServerRatis c3e403b7-5a1e-4aac-9b5a-0aedadd701b5 is started using port 38271
2019-09-26 10:06:49,614 [Datanode State Machine Thread - 0] INFO  server.XceiverServerGrpc (XceiverServerGrpc.java:start(149)) - XceiverServerGrpc c3e403b7-5a1e-4aac-9b5a-0aedadd701b5 is started using port 36916
2019-09-26 10:06:49,697 [Datanode State Machine Thread - 0] INFO  ozoneimpl.OzoneContainer (OzoneContainer.java:start(217)) - Attempting to start container services.
2019-09-26 10:06:49,697 [Datanode State Machine Thread - 0] INFO  ozoneimpl.OzoneContainer (OzoneContainer.java:startContainerScrub(179)) - Background container scanner has been disabled.
2019-09-26 10:06:49,697 [Datanode State Machine Thread - 0] INFO  ratis.XceiverServerRatis (XceiverServerRatis.java:start(411)) - Starting XceiverServerRatis 4c0de2d3-09dd-47d7-b7a1-4f63a4eb8acf at port 0
2019-09-26 10:06:49,705 [Datanode State Machine Thread - 0] INFO  impl.RaftServerProxy (RaftServerProxy.java:lambda$start$3(299)) - 4c0de2d3-09dd-47d7-b7a1-4f63a4eb8acf: start RPC server
2019-09-26 10:06:49,709 [Datanode State Machine Thread - 0] INFO  server.GrpcService (GrpcService.java:startImpl(158)) - 4c0de2d3-09dd-47d7-b7a1-4f63a4eb8acf: GrpcService started, listening on 0.0.0.0/0.0.0.0:40522
2019-09-26 10:06:49,709 [Datanode State Machine Thread - 0] INFO  ratis.XceiverServerRatis (XceiverServerRatis.java:start(421)) - XceiverServerRatis 4c0de2d3-09dd-47d7-b7a1-4f63a4eb8acf is started using port 40522
2019-09-26 10:06:49,709 [Datanode State Machine Thread - 0] INFO  server.XceiverServerGrpc (XceiverServerGrpc.java:start(149)) - XceiverServerGrpc 4c0de2d3-09dd-47d7-b7a1-4f63a4eb8acf is started using port 36115
2019-09-26 10:06:49,803 [Datanode State Machine Thread - 0] INFO  ozoneimpl.OzoneContainer (OzoneContainer.java:start(217)) - Attempting to start container services.
2019-09-26 10:06:49,803 [Datanode State Machine Thread - 0] INFO  ozoneimpl.OzoneContainer (OzoneContainer.java:startContainerScrub(179)) - Background container scanner has been disabled.
2019-09-26 10:06:49,804 [Datanode State Machine Thread - 0] INFO  ratis.XceiverServerRatis (XceiverServerRatis.java:start(411)) - Starting XceiverServerRatis c14de6c3-ad97-4da4-b999-5d30d93b25e7 at port 0
2019-09-26 10:06:49,813 [Datanode State Machine Thread - 0] INFO  impl.RaftServerProxy (RaftServerProxy.java:lambda$start$3(299)) - c14de6c3-ad97-4da4-b999-5d30d93b25e7: start RPC server
2019-09-26 10:06:49,814 [Datanode State Machine Thread - 0] INFO  server.GrpcService (GrpcService.java:startImpl(158)) - c14de6c3-ad97-4da4-b999-5d30d93b25e7: GrpcService started, listening on 0.0.0.0/0.0.0.0:38350
2019-09-26 10:06:49,814 [Datanode State Machine Thread - 0] INFO  ratis.XceiverServerRatis (XceiverServerRatis.java:start(421)) - XceiverServerRatis c14de6c3-ad97-4da4-b999-5d30d93b25e7 is started using port 38350
2019-09-26 10:06:49,814 [Datanode State Machine Thread - 0] INFO  server.XceiverServerGrpc (XceiverServerGrpc.java:start(149)) - XceiverServerGrpc c14de6c3-ad97-4da4-b999-5d30d93b25e7 is started using port 38253
2019-09-26 10:06:49,906 [Datanode State Machine Thread - 0] INFO  ozoneimpl.OzoneContainer (OzoneContainer.java:start(217)) - Attempting to start container services.
2019-09-26 10:06:49,906 [Datanode State Machine Thread - 0] INFO  ozoneimpl.OzoneContainer (OzoneContainer.java:startContainerScrub(179)) - Background container scanner has been disabled.
2019-09-26 10:06:49,906 [Datanode State Machine Thread - 0] INFO  ratis.XceiverServerRatis (XceiverServerRatis.java:start(411)) - Starting XceiverServerRatis c8968d10-b107-4a89-b805-dd56466e025e at port 0
2019-09-26 10:06:49,915 [Datanode State Machine Thread - 0] INFO  impl.RaftServerProxy (RaftServerProxy.java:lambda$start$3(299)) - c8968d10-b107-4a89-b805-dd56466e025e: start RPC server
2019-09-26 10:06:49,916 [Datanode State Machine Thread - 0] INFO  server.GrpcService (GrpcService.java:startImpl(158)) - c8968d10-b107-4a89-b805-dd56466e025e: GrpcService started, listening on 0.0.0.0/0.0.0.0:41045
2019-09-26 10:06:49,916 [Datanode State Machine Thread - 0] INFO  ratis.XceiverServerRatis (XceiverServerRatis.java:start(421)) - XceiverServerRatis c8968d10-b107-4a89-b805-dd56466e025e is started using port 41045
2019-09-26 10:06:49,917 [Datanode State Machine Thread - 0] INFO  server.XceiverServerGrpc (XceiverServerGrpc.java:start(149)) - XceiverServerGrpc c8968d10-b107-4a89-b805-dd56466e025e is started using port 33451
2019-09-26 10:06:49,967 [main] INFO  ozone.MiniOzoneClusterImpl (MiniOzoneClusterImpl.java:lambda$waitForClusterToBeReady$0(147)) - Waiting for cluster to be ready. Got 0 of 7 DN Heartbeats.
2019-09-26 10:06:49,980 [Datanode State Machine Thread - 0] INFO  ozoneimpl.OzoneContainer (OzoneContainer.java:start(217)) - Attempting to start container services.
2019-09-26 10:06:49,981 [Datanode State Machine Thread - 0] INFO  ozoneimpl.OzoneContainer (OzoneContainer.java:startContainerScrub(179)) - Background container scanner has been disabled.
2019-09-26 10:06:49,981 [Datanode State Machine Thread - 0] INFO  ratis.XceiverServerRatis (XceiverServerRatis.java:start(411)) - Starting XceiverServerRatis 84f656f9-4033-4770-bbd1-3f79d04a65ff at port 0
2019-09-26 10:06:49,989 [Datanode State Machine Thread - 0] INFO  impl.RaftServerProxy (RaftServerProxy.java:lambda$start$3(299)) - 84f656f9-4033-4770-bbd1-3f79d04a65ff: start RPC server
2019-09-26 10:06:49,996 [Datanode State Machine Thread - 0] INFO  server.GrpcService (GrpcService.java:startImpl(158)) - 84f656f9-4033-4770-bbd1-3f79d04a65ff: GrpcService started, listening on 0.0.0.0/0.0.0.0:43165
2019-09-26 10:06:49,996 [Datanode State Machine Thread - 0] INFO  ratis.XceiverServerRatis (XceiverServerRatis.java:start(421)) - XceiverServerRatis 84f656f9-4033-4770-bbd1-3f79d04a65ff is started using port 43165
2019-09-26 10:06:49,996 [Datanode State Machine Thread - 0] INFO  server.XceiverServerGrpc (XceiverServerGrpc.java:start(149)) - XceiverServerGrpc 84f656f9-4033-4770-bbd1-3f79d04a65ff is started using port 46647
2019-09-26 10:06:50,967 [main] INFO  ozone.MiniOzoneClusterImpl (MiniOzoneClusterImpl.java:lambda$waitForClusterToBeReady$0(147)) - Waiting for cluster to be ready. Got 0 of 7 DN Heartbeats.
2019-09-26 10:06:51,414 [IPC Server handler 3 on 34587] INFO  net.NetworkTopology (NetworkTopologyImpl.java:add(111)) - Added a new node: /default-rack/4f799f37-ab1c-4be0-adf3-be30f86725ba
2019-09-26 10:06:51,419 [IPC Server handler 3 on 34587] INFO  node.SCMNodeManager (SCMNodeManager.java:register(266)) - Registered Data node : 4f799f37-ab1c-4be0-adf3-be30f86725ba{ip: 192.168.30.13, host: pr-hdds-1569-wvzgm-824869521, networkLocation: /default-rack, certSerialId: null}
2019-09-26 10:06:51,420 [EventQueue-NodeRegistrationContainerReportForDataNodeSafeModeRule] INFO  safemode.SCMSafeModeManager (DataNodeSafeModeRule.java:process(71)) - SCM in safe mode. 1 DataNodes registered, 1 required.
2019-09-26 10:06:51,424 [EventQueue-NodeRegistrationContainerReportForDataNodeSafeModeRule] INFO  safemode.SCMSafeModeManager (SCMSafeModeManager.java:validateSafeModeExitRules(177)) - ScmSafeModeManager, all rules are successfully validated
2019-09-26 10:06:51,424 [EventQueue-NodeRegistrationContainerReportForDataNodeSafeModeRule] INFO  safemode.SCMSafeModeManager (SCMSafeModeManager.java:exitSafeMode(193)) - SCM exiting safe mode.
2019-09-26 10:06:51,434 [grpc-default-executor-1] INFO  impl.RaftServerProxy (RaftServerProxy.java:addNew(89)) - 4f799f37-ab1c-4be0-adf3-be30f86725ba: addNew group-965E1FDBB6CA:[4f799f37-ab1c-4be0-adf3-be30f86725ba:192.168.30.13:45015] returns group-965E1FDBB6CA:java.util.concurrent.CompletableFuture@4771b652[Not completed]
2019-09-26 10:06:51,436 [pool-585-thread-1] INFO  impl.RaftServerImpl (RaftServerImpl.java:<init>(95)) - 4f799f37-ab1c-4be0-adf3-be30f86725ba: new RaftServerImpl for group-965E1FDBB6CA:[4f799f37-ab1c-4be0-adf3-be30f86725ba:192.168.30.13:45015] with ContainerStateMachine:uninitialized
2019-09-26 10:06:51,436 [pool-585-thread-1] INFO  server.RaftServerConfigKeys (ConfUtils.java:logGet(43)) - raft.server.rpc.timeout.min = 5s (custom)
2019-09-26 10:06:51,436 [pool-585-thread-1] INFO  server.RaftServerConfigKeys (ConfUtils.java:logGet(43)) - raft.server.rpc.timeout.max = 5200ms (custom)
2019-09-26 10:06:51,436 [pool-585-thread-1] INFO  server.RaftServerConfigKeys (ConfUtils.java:logGet(43)) - raft.server.rpcslowness.timeout = 120s (custom)
2019-09-26 10:06:51,436 [pool-585-thread-1] INFO  server.RaftServerConfigKeys (ConfUtils.java:logGet(43)) - raft.server.sleep.deviation.threshold = 300 (default)
2019-09-26 10:06:51,437 [pool-585-thread-1] INFO  server.RaftServerConfigKeys (ConfUtils.java:logGet(43)) - raft.server.log.appender.install.snapshot.enabled = false (custom)
2019-09-26 10:06:51,437 [pool-585-thread-1] INFO  impl.RaftServerImpl (ServerState.java:<init>(103)) - 4f799f37-ab1c-4be0-adf3-be30f86725ba@group-965E1FDBB6CA: ConfigurationManager, init=-1: [4f799f37-ab1c-4be0-adf3-be30f86725ba:192.168.30.13:45015], old=null, confs=<EMPTY_MAP>
2019-09-26 10:06:51,437 [pool-585-thread-1] INFO  server.RaftServerConfigKeys (ConfUtils.java:logGet(43)) - raft.server.storage.dir = [/workdir/hadoop-ozone/integration-test/target/test-dir/MiniOzoneClusterImpl-3237421e-5f73-41b0-8605-c54d21f4eaa5/datanode-0/data/ratis] (custom)
2019-09-26 10:06:51,437 [pool-585-thread-1] INFO  storage.RaftStorageDirectory (RaftStorageDirectory.java:analyzeStorage(246)) - The storage directory /workdir/hadoop-ozone/integration-test/target/test-dir/MiniOzoneClusterImpl-3237421e-5f73-41b0-8605-c54d21f4eaa5/datanode-0/data/ratis/3e1ad023-5a1b-46c4-9ef1-965e1fdbb6ca does not exist. Creating ...
2019-09-26 10:06:51,452 [pool-585-thread-1] INFO  storage.RaftStorageDirectory (RaftStorageDirectory.java:tryLock(328)) - Lock on /workdir/hadoop-ozone/integration-test/target/test-dir/MiniOzoneClusterImpl-3237421e-5f73-41b0-8605-c54d21f4eaa5/datanode-0/data/ratis/3e1ad023-5a1b-46c4-9ef1-965e1fdbb6ca/in_use.lock acquired by nodename 19604@pr-hdds-1569-wvzgm-824869521
2019-09-26 10:06:51,465 [pool-585-thread-1] INFO  storage.RaftStorage (RaftStorage.java:format(72)) - Storage directory /workdir/hadoop-ozone/integration-test/target/test-dir/MiniOzoneClusterImpl-3237421e-5f73-41b0-8605-c54d21f4eaa5/datanode-0/data/ratis/3e1ad023-5a1b-46c4-9ef1-965e1fdbb6ca has been successfully formatted.
2019-09-26 10:06:51,465 [pool-585-thread-1] INFO  ratis.ContainerStateMachine (ContainerStateMachine.java:loadSnapshot(230)) - group-965E1FDBB6CA: The snapshot info is null. Setting the last applied indexto:(t:0, i:~)
2019-09-26 10:06:51,465 [pool-585-thread-1] INFO  server.RaftServerConfigKeys (ConfUtils.java:logGet(43)) - raft.server.notification.no-leader.timeout = 120s (custom)
2019-09-26 10:06:51,465 [pool-585-thread-1] INFO  server.RaftServerConfigKeys (ConfUtils.java:logGet(43)) - raft.server.log.use.memory = false (default)
2019-09-26 10:06:51,465 [pool-585-thread-1] INFO  server.RaftServerConfigKeys (ConfUtils.java:logGet(43)) - raft.server.log.purge.gap = 1000000 (custom)
2019-09-26 10:06:51,466 [pool-585-thread-1] INFO  server.RaftServerConfigKeys (ConfUtils.java:logGet(43)) - raft.server.log.appender.buffer.byte-limit = 33554432 (custom)
2019-09-26 10:06:51,466 [pool-585-thread-1] INFO  server.RaftServerConfigKeys (ConfUtils.java:logGet(43)) - raft.server.log.segment.size.max = 1048576 (custom)
2019-09-26 10:06:51,466 [pool-585-thread-1] INFO  server.RaftServerConfigKeys (ConfUtils.java:logGet(43)) - raft.server.log.segment.cache.num.max = 2 (custom)
2019-09-26 10:06:51,466 [pool-585-thread-1] INFO  segmented.SegmentedRaftLogWorker (SegmentedRaftLogWorker.java:<init>(172)) - new 4f799f37-ab1c-4be0-adf3-be30f86725ba@group-965E1FDBB6CA-SegmentedRaftLogWorker for RaftStorage:Storage Directory /workdir/hadoop-ozone/integration-test/target/test-dir/MiniOzoneClusterImpl-3237421e-5f73-41b0-8605-c54d21f4eaa5/datanode-0/data/ratis/3e1ad023-5a1b-46c4-9ef1-965e1fdbb6ca
2019-09-26 10:06:51,468 [pool-585-thread-1] INFO  server.RaftServerConfigKeys (ConfUtils.java:logGet(43)) - raft.server.log.queue.byte-limit = 2147483647 (custom)
2019-09-26 10:06:51,468 [pool-585-thread-1] INFO  server.RaftServerConfigKeys (ConfUtils.java:logGet(43)) - raft.server.log.queue.element-limit = 1024 (custom)
2019-09-26 10:06:51,468 [pool-585-thread-1] INFO  server.RaftServerConfigKeys (ConfUtils.java:logGet(43)) - raft.server.log.segment.size.max = 1048576 (custom)
2019-09-26 10:06:51,469 [pool-585-thread-1] INFO  server.RaftServerConfigKeys (ConfUtils.java:logGet(43)) - raft.server.log.preallocated.size = 16384 (custom)
2019-09-26 10:06:51,469 [pool-585-thread-1] INFO  server.RaftServerConfigKeys (ConfUtils.java:logGet(43)) - raft.server.log.write.buffer.size = 33554432 (custom)
2019-09-26 10:06:51,469 [pool-585-thread-1] INFO  server.RaftServerConfigKeys (ConfUtils.java:logGet(43)) - raft.server.log.force.sync.num = 128 (default)
2019-09-26 10:06:51,469 [pool-585-thread-1] INFO  server.RaftServerConfigKeys (ConfUtils.java:logGet(43)) - raft.server.log.statemachine.data.sync = true (default)
2019-09-26 10:06:51,469 [pool-585-thread-1] INFO  server.RaftServerConfigKeys (ConfUtils.java:logGet(43)) - raft.server.log.statemachine.data.sync.timeout = 10s (default)
2019-09-26 10:06:51,469 [pool-585-thread-1] INFO  server.RaftServerConfigKeys (ConfUtils.java:logGet(43)) - raft.server.log.statemachine.data.sync.timeout.retry = -1 (default)
2019-09-26 10:06:51,470 [pool-585-thread-1] INFO  server.RaftServerConfigKeys (ConfUtils.java:logGet(43)) - raft.server.log.statemachine.data.caching.enabled = true (custom)
2019-09-26 10:06:51,470 [pool-585-thread-1] INFO  segmented.SegmentedRaftLogWorker (SegmentedRaftLogWorker.java:lambda$new$0(132)) - 4f799f37-ab1c-4be0-adf3-be30f86725ba@group-965E1FDBB6CA-SegmentedRaftLogWorker: flushIndex: setUnconditionally 0 -> -1
2019-09-26 10:06:51,470 [pool-585-thread-1] INFO  server.RaftServerConfigKeys (ConfUtils.java:logGet(43)) - raft.server.snapshot.auto.trigger.enabled = true (custom)
2019-09-26 10:06:51,470 [pool-585-thread-1] INFO  server.RaftServerConfigKeys (ConfUtils.java:logGet(43)) - raft.server.snapshot.auto.trigger.threshold = 10000 (custom)
2019-09-26 10:06:51,471 [pool-585-thread-1] INFO  server.RaftServerConfigKeys (ConfUtils.java:logGet(43)) - raft.server.snapshot.retention.num.files = 5 (custom)
2019-09-26 10:06:51,471 [pool-585-thread-1] INFO  server.RaftServerConfigKeys (ConfUtils.java:logGet(43)) - raft.server.retrycache.expirytime = 600000ms (custom)
2019-09-26 10:06:51,472 [pool-585-thread-1] INFO  impl.RaftServerImpl (RaftServerImpl.java:start(185)) - 4f799f37-ab1c-4be0-adf3-be30f86725ba@group-965E1FDBB6CA: start as a follower, conf=-1: [4f799f37-ab1c-4be0-adf3-be30f86725ba:192.168.30.13:45015], old=null
2019-09-26 10:06:51,473 [pool-585-thread-1] INFO  impl.RaftServerImpl (RaftServerImpl.java:setRole(174)) - 4f799f37-ab1c-4be0-adf3-be30f86725ba@group-965E1FDBB6CA: changes role from      null to FOLLOWER at term 0 for startAsFollower
2019-09-26 10:06:51,473 [pool-585-thread-1] INFO  impl.RoleInfo (RoleInfo.java:updateAndGet(143)) - 4f799f37-ab1c-4be0-adf3-be30f86725ba: start FollowerState
2019-09-26 10:06:51,473 [pool-585-thread-1] INFO  util.JmxRegister (JmxRegister.java:tryRegister(44)) - Successfully registered JMX Bean with object name Ratis:service=RaftServer,group=group-965E1FDBB6CA,id=4f799f37-ab1c-4be0-adf3-be30f86725ba
2019-09-26 10:06:51,476 [RatisPipelineUtilsThread] INFO  pipeline.PipelineStateManager (PipelineStateManager.java:addPipeline(56)) - Created pipeline Pipeline[ Id: 3e1ad023-5a1b-46c4-9ef1-965e1fdbb6ca, Nodes: 4f799f37-ab1c-4be0-adf3-be30f86725ba{ip: 192.168.30.13, host: pr-hdds-1569-wvzgm-824869521, networkLocation: /default-rack, certSerialId: null}, Type:RATIS, Factor:ONE, State:OPEN]
2019-09-26 10:06:51,480 [grpc-default-executor-1] INFO  impl.RaftServerProxy (RaftServerProxy.java:addNew(89)) - 4f799f37-ab1c-4be0-adf3-be30f86725ba: addNew group-484FD330C780:[4f799f37-ab1c-4be0-adf3-be30f86725ba:192.168.30.13:45015] returns group-484FD330C780:java.util.concurrent.CompletableFuture@47e8ffbb[Not completed]
2019-09-26 10:06:51,481 [pool-585-thread-1] INFO  impl.RaftServerImpl (RaftServerImpl.java:<init>(95)) - 4f799f37-ab1c-4be0-adf3-be30f86725ba: new RaftServerImpl for group-484FD330C780:[4f799f37-ab1c-4be0-adf3-be30f86725ba:192.168.30.13:45015] with ContainerStateMachine:uninitialized
2019-09-26 10:06:51,482 [pool-585-thread-1] INFO  server.RaftServerConfigKeys (ConfUtils.java:logGet(43)) - raft.server.rpc.timeout.min = 5s (custom)
2019-09-26 10:06:51,482 [pool-585-thread-1] INFO  server.RaftServerConfigKeys (ConfUtils.java:logGet(43)) - raft.server.rpc.timeout.max = 5200ms (custom)
2019-09-26 10:06:51,482 [pool-585-thread-1] INFO  server.RaftServerConfigKeys (ConfUtils.java:logGet(43)) - raft.server.rpcslowness.timeout = 120s (custom)
2019-09-26 10:06:51,482 [pool-585-thread-1] INFO  server.RaftServerConfigKeys (ConfUtils.java:logGet(43)) - raft.server.sleep.deviation.threshold = 300 (default)
2019-09-26 10:06:51,482 [pool-585-thread-1] INFO  server.RaftServerConfigKeys (ConfUtils.java:logGet(43)) - raft.server.log.appender.install.snapshot.enabled = false (custom)
2019-09-26 10:06:51,482 [pool-585-thread-1] INFO  impl.RaftServerImpl (ServerState.java:<init>(103)) - 4f799f37-ab1c-4be0-adf3-be30f86725ba@group-484FD330C780: ConfigurationManager, init=-1: [4f799f37-ab1c-4be0-adf3-be30f86725ba:192.168.30.13:45015], old=null, confs=<EMPTY_MAP>
2019-09-26 10:06:51,482 [pool-585-thread-1] INFO  server.RaftServerConfigKeys (ConfUtils.java:logGet(43)) - raft.server.storage.dir = [/workdir/hadoop-ozone/integration-test/target/test-dir/MiniOzoneClusterImpl-3237421e-5f73-41b0-8605-c54d21f4eaa5/datanode-0/data/ratis] (custom)
2019-09-26 10:06:51,483 [pool-585-thread-1] INFO  storage.RaftStorageDirectory (RaftStorageDirectory.java:analyzeStorage(246)) - The storage directory /workdir/hadoop-ozone/integration-test/target/test-dir/MiniOzoneClusterImpl-3237421e-5f73-41b0-8605-c54d21f4eaa5/datanode-0/data/ratis/6d538642-8e30-4301-84a3-484fd330c780 does not exist. Creating ...
2019-09-26 10:06:51,493 [IPC Server handler 2 on 34587] INFO  net.NetworkTopology (NetworkTopologyImpl.java:add(111)) - Added a new node: /default-rack/77afb7a9-3f27-4b85-962a-c9c70d1ecd8b
2019-09-26 10:06:51,493 [IPC Server handler 2 on 34587] INFO  node.SCMNodeManager (SCMNodeManager.java:register(266)) - Registered Data node : 77afb7a9-3f27-4b85-962a-c9c70d1ecd8b{ip: 192.168.30.13, host: pr-hdds-1569-wvzgm-824869521, networkLocation: /default-rack, certSerialId: null}
2019-09-26 10:06:51,497 [pool-585-thread-1] INFO  storage.RaftStorageDirectory (RaftStorageDirectory.java:tryLock(328)) - Lock on /workdir/hadoop-ozone/integration-test/target/test-dir/MiniOzoneClusterImpl-3237421e-5f73-41b0-8605-c54d21f4eaa5/datanode-0/data/ratis/6d538642-8e30-4301-84a3-484fd330c780/in_use.lock acquired by nodename 19604@pr-hdds-1569-wvzgm-824869521
2019-09-26 10:06:51,509 [pool-585-thread-1] INFO  storage.RaftStorage (RaftStorage.java:format(72)) - Storage directory /workdir/hadoop-ozone/integration-test/target/test-dir/MiniOzoneClusterImpl-3237421e-5f73-41b0-8605-c54d21f4eaa5/datanode-0/data/ratis/6d538642-8e30-4301-84a3-484fd330c780 has been successfully formatted.
2019-09-26 10:06:51,510 [pool-585-thread-1] INFO  ratis.ContainerStateMachine (ContainerStateMachine.java:loadSnapshot(230)) - group-484FD330C780: The snapshot info is null. Setting the last applied indexto:(t:0, i:~)
2019-09-26 10:06:51,510 [pool-585-thread-1] INFO  server.RaftServerConfigKeys (ConfUtils.java:logGet(43)) - raft.server.notification.no-leader.timeout = 120s (custom)
2019-09-26 10:06:51,510 [pool-585-thread-1] INFO  server.RaftServerConfigKeys (ConfUtils.java:logGet(43)) - raft.server.log.use.memory = false (default)
2019-09-26 10:06:51,510 [pool-585-thread-1] INFO  server.RaftServerConfigKeys (ConfUtils.java:logGet(43)) - raft.server.log.purge.gap = 1000000 (custom)
2019-09-26 10:06:51,511 [pool-585-thread-1] INFO  server.RaftServerConfigKeys (ConfUtils.java:logGet(43)) - raft.server.log.appender.buffer.byte-limit = 33554432 (custom)
2019-09-26 10:06:51,511 [pool-585-thread-1] INFO  server.RaftServerConfigKeys (ConfUtils.java:logGet(43)) - raft.server.log.segment.size.max = 1048576 (custom)
2019-09-26 10:06:51,511 [pool-585-thread-1] INFO  server.RaftServerConfigKeys (ConfUtils.java:logGet(43)) - raft.server.log.segment.cache.num.max = 2 (custom)
2019-09-26 10:06:51,511 [pool-585-thread-1] INFO  segmented.SegmentedRaftLogWorker (SegmentedRaftLogWorker.java:<init>(172)) - new 4f799f37-ab1c-4be0-adf3-be30f86725ba@group-484FD330C780-SegmentedRaftLogWorker for RaftStorage:Storage Directory /workdir/hadoop-ozone/integration-test/target/test-dir/MiniOzoneClusterImpl-3237421e-5f73-41b0-8605-c54d21f4eaa5/datanode-0/data/ratis/6d538642-8e30-4301-84a3-484fd330c780
2019-09-26 10:06:51,511 [pool-585-thread-1] INFO  server.RaftServerConfigKeys (ConfUtils.java:logGet(43)) - raft.server.log.queue.byte-limit = 2147483647 (custom)
2019-09-26 10:06:51,511 [pool-585-thread-1] INFO  server.RaftServerConfigKeys (ConfUtils.java:logGet(43)) - raft.server.log.queue.element-limit = 1024 (custom)
2019-09-26 10:06:51,512 [pool-585-thread-1] INFO  server.RaftServerConfigKeys (ConfUtils.java:logGet(43)) - raft.server.log.segment.size.max = 1048576 (custom)
2019-09-26 10:06:51,512 [pool-585-thread-1] INFO  server.RaftServerConfigKeys (ConfUtils.java:logGet(43)) - raft.server.log.preallocated.size = 16384 (custom)
2019-09-26 10:06:51,512 [pool-585-thread-1] INFO  server.RaftServerConfigKeys (ConfUtils.java:logGet(43)) - raft.server.log.write.buffer.size = 33554432 (custom)
2019-09-26 10:06:51,512 [pool-585-thread-1] INFO  server.RaftServerConfigKeys (ConfUtils.java:logGet(43)) - raft.server.log.force.sync.num = 128 (default)
2019-09-26 10:06:51,512 [pool-585-thread-1] INFO  server.RaftServerConfigKeys (ConfUtils.java:logGet(43)) - raft.server.log.statemachine.data.sync = true (default)
2019-09-26 10:06:51,512 [pool-585-thread-1] INFO  server.RaftServerConfigKeys (ConfUtils.java:logGet(43)) - raft.server.log.statemachine.data.sync.timeout = 10s (default)
2019-09-26 10:06:51,513 [pool-585-thread-1] INFO  server.RaftServerConfigKeys (ConfUtils.java:logGet(43)) - raft.server.log.statemachine.data.sync.timeout.retry = -1 (default)
2019-09-26 10:06:51,513 [pool-585-thread-1] INFO  server.RaftServerConfigKeys (ConfUtils.java:logGet(43)) - raft.server.log.statemachine.data.caching.enabled = true (custom)
2019-09-26 10:06:51,513 [pool-585-thread-1] INFO  segmented.SegmentedRaftLogWorker (SegmentedRaftLogWorker.java:lambda$new$0(132)) - 4f799f37-ab1c-4be0-adf3-be30f86725ba@group-484FD330C780-SegmentedRaftLogWorker: flushIndex: setUnconditionally 0 -> -1
2019-09-26 10:06:51,514 [pool-585-thread-1] INFO  server.RaftServerConfigKeys (ConfUtils.java:logGet(43)) - raft.server.snapshot.auto.trigger.enabled = true (custom)
2019-09-26 10:06:51,514 [pool-585-thread-1] INFO  server.RaftServerConfigKeys (ConfUtils.java:logGet(43)) - raft.server.snapshot.auto.trigger.threshold = 10000 (custom)
2019-09-26 10:06:51,514 [pool-585-thread-1] INFO  server.RaftServerConfigKeys (ConfUtils.java:logGet(43)) - raft.server.snapshot.retention.num.files = 5 (custom)
2019-09-26 10:06:51,514 [pool-585-thread-1] INFO  server.RaftServerConfigKeys (ConfUtils.java:logGet(43)) - raft.server.retrycache.expirytime = 600000ms (custom)
2019-09-26 10:06:51,516 [pool-585-thread-1] INFO  impl.RaftServerImpl (RaftServerImpl.java:start(185)) - 4f799f37-ab1c-4be0-adf3-be30f86725ba@group-484FD330C780: start as a follower, conf=-1: [4f799f37-ab1c-4be0-adf3-be30f86725ba:192.168.30.13:45015], old=null
2019-09-26 10:06:51,516 [pool-585-thread-1] INFO  impl.RaftServerImpl (RaftServerImpl.java:setRole(174)) - 4f799f37-ab1c-4be0-adf3-be30f86725ba@group-484FD330C780: changes role from      null to FOLLOWER at term 0 for startAsFollower
2019-09-26 10:06:51,517 [pool-585-thread-1] INFO  impl.RoleInfo (RoleInfo.java:updateAndGet(143)) - 4f799f37-ab1c-4be0-adf3-be30f86725ba: start FollowerState
2019-09-26 10:06:51,517 [pool-585-thread-1] INFO  util.JmxRegister (JmxRegister.java:tryRegister(44)) - Successfully registered JMX Bean with object name Ratis:service=RaftServer,group=group-484FD330C780,id=4f799f37-ab1c-4be0-adf3-be30f86725ba
2019-09-26 10:06:51,520 [RatisPipelineUtilsThread] INFO  pipeline.PipelineStateManager (PipelineStateManager.java:addPipeline(56)) - Created pipeline Pipeline[ Id: 6d538642-8e30-4301-84a3-484fd330c780, Nodes: 4f799f37-ab1c-4be0-adf3-be30f86725ba{ip: 192.168.30.13, host: pr-hdds-1569-wvzgm-824869521, networkLocation: /default-rack, certSerialId: null}, Type:RATIS, Factor:ONE, State:OPEN]
2019-09-26 10:06:51,524 [grpc-default-executor-1] INFO  impl.RaftServerProxy (RaftServerProxy.java:addNew(89)) - 4f799f37-ab1c-4be0-adf3-be30f86725ba: addNew group-A8F35B55102F:[4f799f37-ab1c-4be0-adf3-be30f86725ba:192.168.30.13:45015] returns group-A8F35B55102F:java.util.concurrent.CompletableFuture@18492a72[Not completed]
2019-09-26 10:06:51,525 [pool-585-thread-1] INFO  impl.RaftServerImpl (RaftServerImpl.java:<init>(95)) - 4f799f37-ab1c-4be0-adf3-be30f86725ba: new RaftServerImpl for group-A8F35B55102F:[4f799f37-ab1c-4be0-adf3-be30f86725ba:192.168.30.13:45015] with ContainerStateMachine:uninitialized
2019-09-26 10:06:51,525 [pool-585-thread-1] INFO  server.RaftServerConfigKeys (ConfUtils.java:logGet(43)) - raft.server.rpc.timeout.min = 5s (custom)
2019-09-26 10:06:51,525 [pool-585-thread-1] INFO  server.RaftServerConfigKeys (ConfUtils.java:logGet(43)) - raft.server.rpc.timeout.max = 5200ms (custom)
2019-09-26 10:06:51,526 [pool-585-thread-1] INFO  server.RaftServerConfigKeys (ConfUtils.java:logGet(43)) - raft.server.rpcslowness.timeout = 120s (custom)
2019-09-26 10:06:51,526 [pool-585-thread-1] INFO  server.RaftServerConfigKeys (ConfUtils.java:logGet(43)) - raft.server.sleep.deviation.threshold = 300 (default)
2019-09-26 10:06:51,526 [pool-585-thread-1] INFO  server.RaftServerConfigKeys (ConfUtils.java:logGet(43)) - raft.server.log.appender.install.snapshot.enabled = false (custom)
2019-09-26 10:06:51,526 [pool-585-thread-1] INFO  impl.RaftServerImpl (ServerState.java:<init>(103)) - 4f799f37-ab1c-4be0-adf3-be30f86725ba@group-A8F35B55102F: ConfigurationManager, init=-1: [4f799f37-ab1c-4be0-adf3-be30f86725ba:192.168.30.13:45015], old=null, confs=<EMPTY_MAP>
2019-09-26 10:06:51,526 [pool-585-thread-1] INFO  server.RaftServerConfigKeys (ConfUtils.java:logGet(43)) - raft.server.storage.dir = [/workdir/hadoop-ozone/integration-test/target/test-dir/MiniOzoneClusterImpl-3237421e-5f73-41b0-8605-c54d21f4eaa5/datanode-0/data/ratis] (custom)
2019-09-26 10:06:51,527 [pool-585-thread-1] INFO  storage.RaftStorageDirectory (RaftStorageDirectory.java:analyzeStorage(246)) - The storage directory /workdir/hadoop-ozone/integration-test/target/test-dir/MiniOzoneClusterImpl-3237421e-5f73-41b0-8605-c54d21f4eaa5/datanode-0/data/ratis/0effad44-969c-4920-b346-a8f35b55102f does not exist. Creating ...
2019-09-26 10:06:51,551 [pool-585-thread-1] INFO  storage.RaftStorageDirectory (RaftStorageDirectory.java:tryLock(328)) - Lock on /workdir/hadoop-ozone/integration-test/target/test-dir/MiniOzoneClusterImpl-3237421e-5f73-41b0-8605-c54d21f4eaa5/datanode-0/data/ratis/0effad44-969c-4920-b346-a8f35b55102f/in_use.lock acquired by nodename 19604@pr-hdds-1569-wvzgm-824869521
2019-09-26 10:06:51,565 [pool-585-thread-1] INFO  storage.RaftStorage (RaftStorage.java:format(72)) - Storage directory /workdir/hadoop-ozone/integration-test/target/test-dir/MiniOzoneClusterImpl-3237421e-5f73-41b0-8605-c54d21f4eaa5/datanode-0/data/ratis/0effad44-969c-4920-b346-a8f35b55102f has been successfully formatted.
2019-09-26 10:06:51,565 [pool-585-thread-1] INFO  ratis.ContainerStateMachine (ContainerStateMachine.java:loadSnapshot(230)) - group-A8F35B55102F: The snapshot info is null. Setting the last applied indexto:(t:0, i:~)
2019-09-26 10:06:51,565 [pool-585-thread-1] INFO  server.RaftServerConfigKeys (ConfUtils.java:logGet(43)) - raft.server.notification.no-leader.timeout = 120s (custom)
2019-09-26 10:06:51,565 [pool-585-thread-1] INFO  server.RaftServerConfigKeys (ConfUtils.java:logGet(43)) - raft.server.log.use.memory = false (default)
2019-09-26 10:06:51,565 [pool-585-thread-1] INFO  server.RaftServerConfigKeys (ConfUtils.java:logGet(43)) - raft.server.log.purge.gap = 1000000 (custom)
2019-09-26 10:06:51,566 [pool-585-thread-1] INFO  server.RaftServerConfigKeys (ConfUtils.java:logGet(43)) - raft.server.log.appender.buffer.byte-limit = 33554432 (custom)
2019-09-26 10:06:51,566 [pool-585-thread-1] INFO  server.RaftServerConfigKeys (ConfUtils.java:logGet(43)) - raft.server.log.segment.size.max = 1048576 (custom)
2019-09-26 10:06:51,566 [pool-585-thread-1] INFO  server.RaftServerConfigKeys (ConfUtils.java:logGet(43)) - raft.server.log.segment.cache.num.max = 2 (custom)
2019-09-26 10:06:51,566 [pool-585-thread-1] INFO  segmented.SegmentedRaftLogWorker (SegmentedRaftLogWorker.java:<init>(172)) - new 4f799f37-ab1c-4be0-adf3-be30f86725ba@group-A8F35B55102F-SegmentedRaftLogWorker for RaftStorage:Storage Directory /workdir/hadoop-ozone/integration-test/target/test-dir/MiniOzoneClusterImpl-3237421e-5f73-41b0-8605-c54d21f4eaa5/datanode-0/data/ratis/0effad44-969c-4920-b346-a8f35b55102f
2019-09-26 10:06:51,566 [pool-585-thread-1] INFO  server.RaftServerConfigKeys (ConfUtils.java:logGet(43)) - raft.server.log.queue.byte-limit = 2147483647 (custom)
2019-09-26 10:06:51,566 [pool-585-thread-1] INFO  server.RaftServerConfigKeys (ConfUtils.java:logGet(43)) - raft.server.log.queue.element-limit = 1024 (custom)
2019-09-26 10:06:51,567 [pool-585-thread-1] INFO  server.RaftServerConfigKeys (ConfUtils.java:logGet(43)) - raft.server.log.segment.size.max = 1048576 (custom)
2019-09-26 10:06:51,567 [pool-585-thread-1] INFO  server.RaftServerConfigKeys (ConfUtils.java:logGet(43)) - raft.server.log.preallocated.size = 16384 (custom)
2019-09-26 10:06:51,567 [pool-585-thread-1] INFO  server.RaftServerConfigKeys (ConfUtils.java:logGet(43)) - raft.server.log.write.buffer.size = 33554432 (custom)
2019-09-26 10:06:51,567 [pool-585-thread-1] INFO  server.RaftServerConfigKeys (ConfUtils.java:logGet(43)) - raft.server.log.force.sync.num = 128 (default)
2019-09-26 10:06:51,567 [pool-585-thread-1] INFO  server.RaftServerConfigKeys (ConfUtils.java:logGet(43)) - raft.server.log.statemachine.data.sync = true (default)
2019-09-26 10:06:51,567 [pool-585-thread-1] INFO  server.RaftServerConfigKeys (ConfUtils.java:logGet(43)) - raft.server.log.statemachine.data.sync.timeout = 10s (default)
2019-09-26 10:06:51,567 [pool-585-thread-1] INFO  server.RaftServerConfigKeys (ConfUtils.java:logGet(43)) - raft.server.log.statemachine.data.sync.timeout.retry = -1 (default)
2019-09-26 10:06:51,568 [pool-585-thread-1] INFO  server.RaftServerConfigKeys (ConfUtils.java:logGet(43)) - raft.server.log.statemachine.data.caching.enabled = true (custom)
2019-09-26 10:06:51,568 [pool-585-thread-1] INFO  segmented.SegmentedRaftLogWorker (SegmentedRaftLogWorker.java:lambda$new$0(132)) - 4f799f37-ab1c-4be0-adf3-be30f86725ba@group-A8F35B55102F-SegmentedRaftLogWorker: flushIndex: setUnconditionally 0 -> -1
2019-09-26 10:06:51,569 [pool-585-thread-1] INFO  server.RaftServerConfigKeys (ConfUtils.java:logGet(43)) - raft.server.snapshot.auto.trigger.enabled = true (custom)
2019-09-26 10:06:51,569 [pool-585-thread-1] INFO  server.RaftServerConfigKeys (ConfUtils.java:logGet(43)) - raft.server.snapshot.auto.trigger.threshold = 10000 (custom)
2019-09-26 10:06:51,569 [pool-585-thread-1] INFO  server.RaftServerConfigKeys (ConfUtils.java:logGet(43)) - raft.server.snapshot.retention.num.files = 5 (custom)
2019-09-26 10:06:51,569 [pool-585-thread-1] INFO  server.RaftServerConfigKeys (ConfUtils.java:logGet(43)) - raft.server.retrycache.expirytime = 600000ms (custom)
2019-09-26 10:06:51,571 [pool-585-thread-1] INFO  impl.RaftServerImpl (RaftServerImpl.java:start(185)) - 4f799f37-ab1c-4be0-adf3-be30f86725ba@group-A8F35B55102F: start as a follower, conf=-1: [4f799f37-ab1c-4be0-adf3-be30f86725ba:192.168.30.13:45015], old=null
2019-09-26 10:06:51,571 [pool-585-thread-1] INFO  impl.RaftServerImpl (RaftServerImpl.java:setRole(174)) - 4f799f37-ab1c-4be0-adf3-be30f86725ba@group-A8F35B55102F: changes role from      null to FOLLOWER at term 0 for startAsFollower
2019-09-26 10:06:51,571 [pool-585-thread-1] INFO  impl.RoleInfo (RoleInfo.java:updateAndGet(143)) - 4f799f37-ab1c-4be0-adf3-be30f86725ba: start FollowerState
2019-09-26 10:06:51,572 [pool-585-thread-1] INFO  util.JmxRegister (JmxRegister.java:tryRegister(44)) - Successfully registered JMX Bean with object name Ratis:service=RaftServer,group=group-A8F35B55102F,id=4f799f37-ab1c-4be0-adf3-be30f86725ba
2019-09-26 10:06:51,574 [RatisPipelineUtilsThread] INFO  pipeline.PipelineStateManager (PipelineStateManager.java:addPipeline(56)) - Created pipeline Pipeline[ Id: 0effad44-969c-4920-b346-a8f35b55102f, Nodes: 4f799f37-ab1c-4be0-adf3-be30f86725ba{ip: 192.168.30.13, host: pr-hdds-1569-wvzgm-824869521, networkLocation: /default-rack, certSerialId: null}, Type:RATIS, Factor:ONE, State:OPEN]
2019-09-26 10:06:51,578 [grpc-default-executor-1] INFO  impl.RaftServerProxy (RaftServerProxy.java:addNew(89)) - 4f799f37-ab1c-4be0-adf3-be30f86725ba: addNew group-C9A82E656A1C:[4f799f37-ab1c-4be0-adf3-be30f86725ba:192.168.30.13:45015] returns group-C9A82E656A1C:java.util.concurrent.CompletableFuture@79cce530[Not completed]
2019-09-26 10:06:51,579 [pool-585-thread-1] INFO  impl.RaftServerImpl (RaftServerImpl.java:<init>(95)) - 4f799f37-ab1c-4be0-adf3-be30f86725ba: new RaftServerImpl for group-C9A82E656A1C:[4f799f37-ab1c-4be0-adf3-be30f86725ba:192.168.30.13:45015] with ContainerStateMachine:uninitialized
2019-09-26 10:06:51,579 [pool-585-thread-1] INFO  server.RaftServerConfigKeys (ConfUtils.java:logGet(43)) - raft.server.rpc.timeout.min = 5s (custom)
2019-09-26 10:06:51,579 [pool-585-thread-1] INFO  server.RaftServerConfigKeys (ConfUtils.java:logGet(43)) - raft.server.rpc.timeout.max = 5200ms (custom)
2019-09-26 10:06:51,579 [pool-585-thread-1] INFO  server.RaftServerConfigKeys (ConfUtils.java:logGet(43)) - raft.server.rpcslowness.timeout = 120s (custom)
2019-09-26 10:06:51,579 [pool-585-thread-1] INFO  server.RaftServerConfigKeys (ConfUtils.java:logGet(43)) - raft.server.sleep.deviation.threshold = 300 (default)
2019-09-26 10:06:51,580 [pool-585-thread-1] INFO  server.RaftServerConfigKeys (ConfUtils.java:logGet(43)) - raft.server.log.appender.install.snapshot.enabled = false (custom)
2019-09-26 10:06:51,580 [pool-585-thread-1] INFO  impl.RaftServerImpl (ServerState.java:<init>(103)) - 4f799f37-ab1c-4be0-adf3-be30f86725ba@group-C9A82E656A1C: ConfigurationManager, init=-1: [4f799f37-ab1c-4be0-adf3-be30f86725ba:192.168.30.13:45015], old=null, confs=<EMPTY_MAP>
2019-09-26 10:06:51,580 [pool-585-thread-1] INFO  server.RaftServerConfigKeys (ConfUtils.java:logGet(43)) - raft.server.storage.dir = [/workdir/hadoop-ozone/integration-test/target/test-dir/MiniOzoneClusterImpl-3237421e-5f73-41b0-8605-c54d21f4eaa5/datanode-0/data/ratis] (custom)
2019-09-26 10:06:51,580 [pool-585-thread-1] INFO  storage.RaftStorageDirectory (RaftStorageDirectory.java:analyzeStorage(246)) - The storage directory /workdir/hadoop-ozone/integration-test/target/test-dir/MiniOzoneClusterImpl-3237421e-5f73-41b0-8605-c54d21f4eaa5/datanode-0/data/ratis/9542c668-1079-4554-994a-c9a82e656a1c does not exist. Creating ...
2019-09-26 10:06:51,588 [IPC Server handler 4 on 34587] INFO  net.NetworkTopology (NetworkTopologyImpl.java:add(111)) - Added a new node: /default-rack/c3e403b7-5a1e-4aac-9b5a-0aedadd701b5
2019-09-26 10:06:51,588 [IPC Server handler 4 on 34587] INFO  node.SCMNodeManager (SCMNodeManager.java:register(266)) - Registered Data node : c3e403b7-5a1e-4aac-9b5a-0aedadd701b5{ip: 192.168.30.13, host: pr-hdds-1569-wvzgm-824869521, networkLocation: /default-rack, certSerialId: null}
2019-09-26 10:06:51,593 [pool-585-thread-1] INFO  storage.RaftStorageDirectory (RaftStorageDirectory.java:tryLock(328)) - Lock on /workdir/hadoop-ozone/integration-test/target/test-dir/MiniOzoneClusterImpl-3237421e-5f73-41b0-8605-c54d21f4eaa5/datanode-0/data/ratis/9542c668-1079-4554-994a-c9a82e656a1c/in_use.lock acquired by nodename 19604@pr-hdds-1569-wvzgm-824869521
2019-09-26 10:06:51,606 [pool-585-thread-1] INFO  storage.RaftStorage (RaftStorage.java:format(72)) - Storage directory /workdir/hadoop-ozone/integration-test/target/test-dir/MiniOzoneClusterImpl-3237421e-5f73-41b0-8605-c54d21f4eaa5/datanode-0/data/ratis/9542c668-1079-4554-994a-c9a82e656a1c has been successfully formatted.
2019-09-26 10:06:51,607 [pool-585-thread-1] INFO  ratis.ContainerStateMachine (ContainerStateMachine.java:loadSnapshot(230)) - group-C9A82E656A1C: The snapshot info is null. Setting the last applied indexto:(t:0, i:~)
2019-09-26 10:06:51,607 [pool-585-thread-1] INFO  server.RaftServerConfigKeys (ConfUtils.java:logGet(43)) - raft.server.notification.no-leader.timeout = 120s (custom)
2019-09-26 10:06:51,607 [pool-585-thread-1] INFO  server.RaftServerConfigKeys (ConfUtils.java:logGet(43)) - raft.server.log.use.memory = false (default)
2019-09-26 10:06:51,607 [pool-585-thread-1] INFO  server.RaftServerConfigKeys (ConfUtils.java:logGet(43)) - raft.server.log.purge.gap = 1000000 (custom)
2019-09-26 10:06:51,607 [pool-585-thread-1] INFO  server.RaftServerConfigKeys (ConfUtils.java:logGet(43)) - raft.server.log.appender.buffer.byte-limit = 33554432 (custom)
2019-09-26 10:06:51,607 [pool-585-thread-1] INFO  server.RaftServerConfigKeys (ConfUtils.java:logGet(43)) - raft.server.log.segment.size.max = 1048576 (custom)
2019-09-26 10:06:51,607 [pool-585-thread-1] INFO  server.RaftServerConfigKeys (ConfUtils.java:logGet(43)) - raft.server.log.segment.cache.num.max = 2 (custom)
2019-09-26 10:06:51,608 [pool-585-thread-1] INFO  segmented.SegmentedRaftLogWorker (SegmentedRaftLogWorker.java:<init>(172)) - new 4f799f37-ab1c-4be0-adf3-be30f86725ba@group-C9A82E656A1C-SegmentedRaftLogWorker for RaftStorage:Storage Directory /workdir/hadoop-ozone/integration-test/target/test-dir/MiniOzoneClusterImpl-3237421e-5f73-41b0-8605-c54d21f4eaa5/datanode-0/data/ratis/9542c668-1079-4554-994a-c9a82e656a1c
2019-09-26 10:06:51,608 [pool-585-thread-1] INFO  server.RaftServerConfigKeys (ConfUtils.java:logGet(43)) - raft.server.log.queue.byte-limit = 2147483647 (custom)
2019-09-26 10:06:51,608 [pool-585-thread-1] INFO  server.RaftServerConfigKeys (ConfUtils.java:logGet(43)) - raft.server.log.queue.element-limit = 1024 (custom)
2019-09-26 10:06:51,608 [pool-585-thread-1] INFO  server.RaftServerConfigKeys (ConfUtils.java:logGet(43)) - raft.server.log.segment.size.max = 1048576 (custom)
2019-09-26 10:06:51,608 [pool-585-thread-1] INFO  server.RaftServerConfigKeys (ConfUtils.java:logGet(43)) - raft.server.log.preallocated.size = 16384 (custom)
2019-09-26 10:06:51,608 [pool-585-thread-1] INFO  server.RaftServerConfigKeys (ConfUtils.java:logGet(43)) - raft.server.log.write.buffer.size = 33554432 (custom)
2019-09-26 10:06:51,608 [pool-585-thread-1] INFO  server.RaftServerConfigKeys (ConfUtils.java:logGet(43)) - raft.server.log.force.sync.num = 128 (default)
2019-09-26 10:06:51,609 [pool-585-thread-1] INFO  server.RaftServerConfigKeys (ConfUtils.java:logGet(43)) - raft.server.log.statemachine.data.sync = true (default)
2019-09-26 10:06:51,609 [pool-585-thread-1] INFO  server.RaftServerConfigKeys (ConfUtils.java:logGet(43)) - raft.server.log.statemachine.data.sync.timeout = 10s (default)
2019-09-26 10:06:51,609 [pool-585-thread-1] INFO  server.RaftServerConfigKeys (ConfUtils.java:logGet(43)) - raft.server.log.statemachine.data.sync.timeout.retry = -1 (default)
2019-09-26 10:06:51,609 [pool-585-thread-1] INFO  server.RaftServerConfigKeys (ConfUtils.java:logGet(43)) - raft.server.log.statemachine.data.caching.enabled = true (custom)
2019-09-26 10:06:51,609 [pool-585-thread-1] INFO  segmented.SegmentedRaftLogWorker (SegmentedRaftLogWorker.java:lambda$new$0(132)) - 4f799f37-ab1c-4be0-adf3-be30f86725ba@group-C9A82E656A1C-SegmentedRaftLogWorker: flushIndex: setUnconditionally 0 -> -1
2019-09-26 10:06:51,610 [pool-585-thread-1] INFO  server.RaftServerConfigKeys (ConfUtils.java:logGet(43)) - raft.server.snapshot.auto.trigger.enabled = true (custom)
2019-09-26 10:06:51,610 [pool-585-thread-1] INFO  server.RaftServerConfigKeys (ConfUtils.java:logGet(43)) - raft.server.snapshot.auto.trigger.threshold = 10000 (custom)
2019-09-26 10:06:51,610 [pool-585-thread-1] INFO  server.RaftServerConfigKeys (ConfUtils.java:logGet(43)) - raft.server.snapshot.retention.num.files = 5 (custom)
2019-09-26 10:06:51,610 [pool-585-thread-1] INFO  server.RaftServerConfigKeys (ConfUtils.java:logGet(43)) - raft.server.retrycache.expirytime = 600000ms (custom)
2019-09-26 10:06:51,612 [pool-585-thread-1] INFO  impl.RaftServerImpl (RaftServerImpl.java:start(185)) - 4f799f37-ab1c-4be0-adf3-be30f86725ba@group-C9A82E656A1C: start as a follower, conf=-1: [4f799f37-ab1c-4be0-adf3-be30f86725ba:192.168.30.13:45015], old=null
2019-09-26 10:06:51,612 [pool-585-thread-1] INFO  impl.RaftServerImpl (RaftServerImpl.java:setRole(174)) - 4f799f37-ab1c-4be0-adf3-be30f86725ba@group-C9A82E656A1C: changes role from      null to FOLLOWER at term 0 for startAsFollower
2019-09-26 10:06:51,613 [pool-585-thread-1] INFO  impl.RoleInfo (RoleInfo.java:updateAndGet(143)) - 4f799f37-ab1c-4be0-adf3-be30f86725ba: start FollowerState
2019-09-26 10:06:51,613 [pool-585-thread-1] INFO  util.JmxRegister (JmxRegister.java:tryRegister(44)) - Successfully registered JMX Bean with object name Ratis:service=RaftServer,group=group-C9A82E656A1C,id=4f799f37-ab1c-4be0-adf3-be30f86725ba
2019-09-26 10:06:51,616 [RatisPipelineUtilsThread] INFO  pipeline.PipelineStateManager (PipelineStateManager.java:addPipeline(56)) - Created pipeline Pipeline[ Id: 9542c668-1079-4554-994a-c9a82e656a1c, Nodes: 4f799f37-ab1c-4be0-adf3-be30f86725ba{ip: 192.168.30.13, host: pr-hdds-1569-wvzgm-824869521, networkLocation: /default-rack, certSerialId: null}, Type:RATIS, Factor:ONE, State:OPEN]
2019-09-26 10:06:51,628 [grpc-default-executor-1] INFO  impl.RaftServerProxy (RaftServerProxy.java:addNew(89)) - 77afb7a9-3f27-4b85-962a-c9c70d1ecd8b: addNew group-5505A0F9A3F5:[77afb7a9-3f27-4b85-962a-c9c70d1ecd8b:192.168.30.13:39117] returns group-5505A0F9A3F5:java.util.concurrent.CompletableFuture@4b9372e4[Not completed]
2019-09-26 10:06:51,629 [pool-595-thread-1] INFO  impl.RaftServerImpl (RaftServerImpl.java:<init>(95)) - 77afb7a9-3f27-4b85-962a-c9c70d1ecd8b: new RaftServerImpl for group-5505A0F9A3F5:[77afb7a9-3f27-4b85-962a-c9c70d1ecd8b:192.168.30.13:39117] with ContainerStateMachine:uninitialized
2019-09-26 10:06:51,629 [pool-595-thread-1] INFO  server.RaftServerConfigKeys (ConfUtils.java:logGet(43)) - raft.server.rpc.timeout.min = 5s (custom)
2019-09-26 10:06:51,629 [pool-595-thread-1] INFO  server.RaftServerConfigKeys (ConfUtils.java:logGet(43)) - raft.server.rpc.timeout.max = 5200ms (custom)
2019-09-26 10:06:51,630 [pool-595-thread-1] INFO  server.RaftServerConfigKeys (ConfUtils.java:logGet(43)) - raft.server.rpcslowness.timeout = 120s (custom)
2019-09-26 10:06:51,630 [pool-595-thread-1] INFO  server.RaftServerConfigKeys (ConfUtils.java:logGet(43)) - raft.server.sleep.deviation.threshold = 300 (default)
2019-09-26 10:06:51,630 [pool-595-thread-1] INFO  server.RaftServerConfigKeys (ConfUtils.java:logGet(43)) - raft.server.log.appender.install.snapshot.enabled = false (custom)
2019-09-26 10:06:51,630 [pool-595-thread-1] INFO  impl.RaftServerImpl (ServerState.java:<init>(103)) - 77afb7a9-3f27-4b85-962a-c9c70d1ecd8b@group-5505A0F9A3F5: ConfigurationManager, init=-1: [77afb7a9-3f27-4b85-962a-c9c70d1ecd8b:192.168.30.13:39117], old=null, confs=<EMPTY_MAP>
2019-09-26 10:06:51,630 [pool-595-thread-1] INFO  server.RaftServerConfigKeys (ConfUtils.java:logGet(43)) - raft.server.storage.dir = [/workdir/hadoop-ozone/integration-test/target/test-dir/MiniOzoneClusterImpl-3237421e-5f73-41b0-8605-c54d21f4eaa5/datanode-1/data/ratis] (custom)
2019-09-26 10:06:51,631 [pool-595-thread-1] INFO  storage.RaftStorageDirectory (RaftStorageDirectory.java:analyzeStorage(246)) - The storage directory /workdir/hadoop-ozone/integration-test/target/test-dir/MiniOzoneClusterImpl-3237421e-5f73-41b0-8605-c54d21f4eaa5/datanode-1/data/ratis/26bacfd2-1a0f-457b-b1d7-5505a0f9a3f5 does not exist. Creating ...
2019-09-26 10:06:51,635 [pool-595-thread-1] INFO  storage.RaftStorageDirectory (RaftStorageDirectory.java:tryLock(328)) - Lock on /workdir/hadoop-ozone/integration-test/target/test-dir/MiniOzoneClusterImpl-3237421e-5f73-41b0-8605-c54d21f4eaa5/datanode-1/data/ratis/26bacfd2-1a0f-457b-b1d7-5505a0f9a3f5/in_use.lock acquired by nodename 19604@pr-hdds-1569-wvzgm-824869521
2019-09-26 10:06:51,638 [pool-595-thread-1] INFO  storage.RaftStorage (RaftStorage.java:format(72)) - Storage directory /workdir/hadoop-ozone/integration-test/target/test-dir/MiniOzoneClusterImpl-3237421e-5f73-41b0-8605-c54d21f4eaa5/datanode-1/data/ratis/26bacfd2-1a0f-457b-b1d7-5505a0f9a3f5 has been successfully formatted.
2019-09-26 10:06:51,638 [pool-595-thread-1] INFO  ratis.ContainerStateMachine (ContainerStateMachine.java:loadSnapshot(230)) - group-5505A0F9A3F5: The snapshot info is null. Setting the last applied indexto:(t:0, i:~)
2019-09-26 10:06:51,638 [pool-595-thread-1] INFO  server.RaftServerConfigKeys (ConfUtils.java:logGet(43)) - raft.server.notification.no-leader.timeout = 120s (custom)
2019-09-26 10:06:51,638 [pool-595-thread-1] INFO  server.RaftServerConfigKeys (ConfUtils.java:logGet(43)) - raft.server.log.use.memory = false (default)
2019-09-26 10:06:51,639 [pool-595-thread-1] INFO  server.RaftServerConfigKeys (ConfUtils.java:logGet(43)) - raft.server.log.purge.gap = 1000000 (custom)
2019-09-26 10:06:51,639 [pool-595-thread-1] INFO  server.RaftServerConfigKeys (ConfUtils.java:logGet(43)) - raft.server.log.appender.buffer.byte-limit = 33554432 (custom)
2019-09-26 10:06:51,639 [pool-595-thread-1] INFO  server.RaftServerConfigKeys (ConfUtils.java:logGet(43)) - raft.server.log.segment.size.max = 1048576 (custom)
2019-09-26 10:06:51,639 [pool-595-thread-1] INFO  server.RaftServerConfigKeys (ConfUtils.java:logGet(43)) - raft.server.log.segment.cache.num.max = 2 (custom)
2019-09-26 10:06:51,639 [pool-595-thread-1] INFO  segmented.SegmentedRaftLogWorker (SegmentedRaftLogWorker.java:<init>(172)) - new 77afb7a9-3f27-4b85-962a-c9c70d1ecd8b@group-5505A0F9A3F5-SegmentedRaftLogWorker for RaftStorage:Storage Directory /workdir/hadoop-ozone/integration-test/target/test-dir/MiniOzoneClusterImpl-3237421e-5f73-41b0-8605-c54d21f4eaa5/datanode-1/data/ratis/26bacfd2-1a0f-457b-b1d7-5505a0f9a3f5
2019-09-26 10:06:51,642 [pool-595-thread-1] INFO  server.RaftServerConfigKeys (ConfUtils.java:logGet(43)) - raft.server.log.queue.byte-limit = 2147483647 (custom)
2019-09-26 10:06:51,642 [pool-595-thread-1] INFO  server.RaftServerConfigKeys (ConfUtils.java:logGet(43)) - raft.server.log.queue.element-limit = 1024 (custom)
2019-09-26 10:06:51,642 [pool-595-thread-1] INFO  server.RaftServerConfigKeys (ConfUtils.java:logGet(43)) - raft.server.log.segment.size.max = 1048576 (custom)
2019-09-26 10:06:51,642 [pool-595-thread-1] INFO  server.RaftServerConfigKeys (ConfUtils.java:logGet(43)) - raft.server.log.preallocated.size = 16384 (custom)
2019-09-26 10:06:51,642 [pool-595-thread-1] INFO  server.RaftServerConfigKeys (ConfUtils.java:logGet(43)) - raft.server.log.write.buffer.size = 33554432 (custom)
2019-09-26 10:06:51,643 [pool-595-thread-1] INFO  server.RaftServerConfigKeys (ConfUtils.java:logGet(43)) - raft.server.log.force.sync.num = 128 (default)
2019-09-26 10:06:51,643 [pool-595-thread-1] INFO  server.RaftServerConfigKeys (ConfUtils.java:logGet(43)) - raft.server.log.statemachine.data.sync = true (default)
2019-09-26 10:06:51,643 [pool-595-thread-1] INFO  server.RaftServerConfigKeys (ConfUtils.java:logGet(43)) - raft.server.log.statemachine.data.sync.timeout = 10s (default)
2019-09-26 10:06:51,643 [pool-595-thread-1] INFO  server.RaftServerConfigKeys (ConfUtils.java:logGet(43)) - raft.server.log.statemachine.data.sync.timeout.retry = -1 (default)
2019-09-26 10:06:51,643 [pool-595-thread-1] INFO  server.RaftServerConfigKeys (ConfUtils.java:logGet(43)) - raft.server.log.statemachine.data.caching.enabled = true (custom)
2019-09-26 10:06:51,644 [pool-595-thread-1] INFO  segmented.SegmentedRaftLogWorker (SegmentedRaftLogWorker.java:lambda$new$0(132)) - 77afb7a9-3f27-4b85-962a-c9c70d1ecd8b@group-5505A0F9A3F5-SegmentedRaftLogWorker: flushIndex: setUnconditionally 0 -> -1
2019-09-26 10:06:51,644 [pool-595-thread-1] INFO  server.RaftServerConfigKeys (ConfUtils.java:logGet(43)) - raft.server.snapshot.auto.trigger.enabled = true (custom)
2019-09-26 10:06:51,644 [pool-595-thread-1] INFO  server.RaftServerConfigKeys (ConfUtils.java:logGet(43)) - raft.server.snapshot.auto.trigger.threshold = 10000 (custom)
2019-09-26 10:06:51,644 [pool-595-thread-1] INFO  server.RaftServerConfigKeys (ConfUtils.java:logGet(43)) - raft.server.snapshot.retention.num.files = 5 (custom)
2019-09-26 10:06:51,644 [pool-595-thread-1] INFO  server.RaftServerConfigKeys (ConfUtils.java:logGet(43)) - raft.server.retrycache.expirytime = 600000ms (custom)
2019-09-26 10:06:51,646 [pool-595-thread-1] INFO  impl.RaftServerImpl (RaftServerImpl.java:start(185)) - 77afb7a9-3f27-4b85-962a-c9c70d1ecd8b@group-5505A0F9A3F5: start as a follower, conf=-1: [77afb7a9-3f27-4b85-962a-c9c70d1ecd8b:192.168.30.13:39117], old=null
2019-09-26 10:06:51,646 [pool-595-thread-1] INFO  impl.RaftServerImpl (RaftServerImpl.java:setRole(174)) - 77afb7a9-3f27-4b85-962a-c9c70d1ecd8b@group-5505A0F9A3F5: changes role from      null to FOLLOWER at term 0 for startAsFollower
2019-09-26 10:06:51,646 [pool-595-thread-1] INFO  impl.RoleInfo (RoleInfo.java:updateAndGet(143)) - 77afb7a9-3f27-4b85-962a-c9c70d1ecd8b: start FollowerState
2019-09-26 10:06:51,647 [pool-595-thread-1] INFO  util.JmxRegister (JmxRegister.java:tryRegister(44)) - Successfully registered JMX Bean with object name Ratis:service=RaftServer,group=group-5505A0F9A3F5,id=77afb7a9-3f27-4b85-962a-c9c70d1ecd8b
2019-09-26 10:06:51,649 [RatisPipelineUtilsThread] INFO  pipeline.PipelineStateManager (PipelineStateManager.java:addPipeline(56)) - Created pipeline Pipeline[ Id: 26bacfd2-1a0f-457b-b1d7-5505a0f9a3f5, Nodes: 77afb7a9-3f27-4b85-962a-c9c70d1ecd8b{ip: 192.168.30.13, host: pr-hdds-1569-wvzgm-824869521, networkLocation: /default-rack, certSerialId: null}, Type:RATIS, Factor:ONE, State:OPEN]
2019-09-26 10:06:51,654 [grpc-default-executor-1] INFO  impl.RaftServerProxy (RaftServerProxy.java:addNew(89)) - 4f799f37-ab1c-4be0-adf3-be30f86725ba: addNew group-F84277A0C1F9:[4f799f37-ab1c-4be0-adf3-be30f86725ba:192.168.30.13:45015] returns group-F84277A0C1F9:java.util.concurrent.CompletableFuture@6d891d29[Not completed]
2019-09-26 10:06:51,656 [pool-585-thread-1] INFO  impl.RaftServerImpl (RaftServerImpl.java:<init>(95)) - 4f799f37-ab1c-4be0-adf3-be30f86725ba: new RaftServerImpl for group-F84277A0C1F9:[4f799f37-ab1c-4be0-adf3-be30f86725ba:192.168.30.13:45015] with ContainerStateMachine:uninitialized
2019-09-26 10:06:51,656 [pool-585-thread-1] INFO  server.RaftServerConfigKeys (ConfUtils.java:logGet(43)) - raft.server.rpc.timeout.min = 5s (custom)
2019-09-26 10:06:51,656 [pool-585-thread-1] INFO  server.RaftServerConfigKeys (ConfUtils.java:logGet(43)) - raft.server.rpc.timeout.max = 5200ms (custom)
2019-09-26 10:06:51,656 [pool-585-thread-1] INFO  server.RaftServerConfigKeys (ConfUtils.java:logGet(43)) - raft.server.rpcslowness.timeout = 120s (custom)
2019-09-26 10:06:51,656 [pool-585-thread-1] INFO  server.RaftServerConfigKeys (ConfUtils.java:logGet(43)) - raft.server.sleep.deviation.threshold = 300 (default)
2019-09-26 10:06:51,656 [pool-585-thread-1] INFO  server.RaftServerConfigKeys (ConfUtils.java:logGet(43)) - raft.server.log.appender.install.snapshot.enabled = false (custom)
2019-09-26 10:06:51,656 [pool-585-thread-1] INFO  impl.RaftServerImpl (ServerState.java:<init>(103)) - 4f799f37-ab1c-4be0-adf3-be30f86725ba@group-F84277A0C1F9: ConfigurationManager, init=-1: [4f799f37-ab1c-4be0-adf3-be30f86725ba:192.168.30.13:45015], old=null, confs=<EMPTY_MAP>
2019-09-26 10:06:51,657 [pool-585-thread-1] INFO  server.RaftServerConfigKeys (ConfUtils.java:logGet(43)) - raft.server.storage.dir = [/workdir/hadoop-ozone/integration-test/target/test-dir/MiniOzoneClusterImpl-3237421e-5f73-41b0-8605-c54d21f4eaa5/datanode-0/data/ratis] (custom)
2019-09-26 10:06:51,657 [pool-585-thread-1] INFO  storage.RaftStorageDirectory (RaftStorageDirectory.java:analyzeStorage(246)) - The storage directory /workdir/hadoop-ozone/integration-test/target/test-dir/MiniOzoneClusterImpl-3237421e-5f73-41b0-8605-c54d21f4eaa5/datanode-0/data/ratis/f4ecf2ba-389c-49ac-baed-f84277a0c1f9 does not exist. Creating ...
2019-09-26 10:06:51,663 [pool-585-thread-1] INFO  storage.RaftStorageDirectory (RaftStorageDirectory.java:tryLock(328)) - Lock on /workdir/hadoop-ozone/integration-test/target/test-dir/MiniOzoneClusterImpl-3237421e-5f73-41b0-8605-c54d21f4eaa5/datanode-0/data/ratis/f4ecf2ba-389c-49ac-baed-f84277a0c1f9/in_use.lock acquired by nodename 19604@pr-hdds-1569-wvzgm-824869521
2019-09-26 10:06:51,684 [IPC Server handler 6 on 34587] INFO  net.NetworkTopology (NetworkTopologyImpl.java:add(111)) - Added a new node: /default-rack/4c0de2d3-09dd-47d7-b7a1-4f63a4eb8acf
2019-09-26 10:06:51,684 [IPC Server handler 6 on 34587] INFO  node.SCMNodeManager (SCMNodeManager.java:register(266)) - Registered Data node : 4c0de2d3-09dd-47d7-b7a1-4f63a4eb8acf{ip: 192.168.30.13, host: pr-hdds-1569-wvzgm-824869521, networkLocation: /default-rack, certSerialId: null}
2019-09-26 10:06:51,790 [IPC Server handler 8 on 34587] INFO  net.NetworkTopology (NetworkTopologyImpl.java:add(111)) - Added a new node: /default-rack/c14de6c3-ad97-4da4-b999-5d30d93b25e7
2019-09-26 10:06:51,790 [IPC Server handler 8 on 34587] INFO  node.SCMNodeManager (SCMNodeManager.java:register(266)) - Registered Data node : c14de6c3-ad97-4da4-b999-5d30d93b25e7{ip: 192.168.30.13, host: pr-hdds-1569-wvzgm-824869521, networkLocation: /default-rack, certSerialId: null}
2019-09-26 10:06:51,893 [IPC Server handler 0 on 34587] INFO  net.NetworkTopology (NetworkTopologyImpl.java:add(111)) - Added a new node: /default-rack/c8968d10-b107-4a89-b805-dd56466e025e
2019-09-26 10:06:51,893 [IPC Server handler 0 on 34587] INFO  node.SCMNodeManager (SCMNodeManager.java:register(266)) - Registered Data node : c8968d10-b107-4a89-b805-dd56466e025e{ip: 192.168.30.13, host: pr-hdds-1569-wvzgm-824869521, networkLocation: /default-rack, certSerialId: null}
2019-09-26 10:06:51,968 [main] INFO  ozone.MiniOzoneClusterImpl (MiniOzoneClusterImpl.java:lambda$waitForClusterToBeReady$0(147)) - Waiting for cluster to be ready. Got 6 of 7 DN Heartbeats.
2019-09-26 10:06:51,968 [IPC Server handler 3 on 34587] INFO  net.NetworkTopology (NetworkTopologyImpl.java:add(111)) - Added a new node: /default-rack/84f656f9-4033-4770-bbd1-3f79d04a65ff
2019-09-26 10:06:51,969 [IPC Server handler 3 on 34587] INFO  node.SCMNodeManager (SCMNodeManager.java:register(266)) - Registered Data node : 84f656f9-4033-4770-bbd1-3f79d04a65ff{ip: 192.168.30.13, host: pr-hdds-1569-wvzgm-824869521, networkLocation: /default-rack, certSerialId: null}
2019-09-26 10:06:51,992 [pool-585-thread-1] INFO  storage.RaftStorage (RaftStorage.java:format(72)) - Storage directory /workdir/hadoop-ozone/integration-test/target/test-dir/MiniOzoneClusterImpl-3237421e-5f73-41b0-8605-c54d21f4eaa5/datanode-0/data/ratis/f4ecf2ba-389c-49ac-baed-f84277a0c1f9 has been successfully formatted.
2019-09-26 10:06:51,993 [pool-585-thread-1] INFO  ratis.ContainerStateMachine (ContainerStateMachine.java:loadSnapshot(230)) - group-F84277A0C1F9: The snapshot info is null. Setting the last applied indexto:(t:0, i:~)
2019-09-26 10:06:51,993 [pool-585-thread-1] INFO  server.RaftServerConfigKeys (ConfUtils.java:logGet(43)) - raft.server.notification.no-leader.timeout = 120s (custom)
2019-09-26 10:06:51,993 [pool-585-thread-1] INFO  server.RaftServerConfigKeys (ConfUtils.java:logGet(43)) - raft.server.log.use.memory = false (default)
2019-09-26 10:06:51,993 [pool-585-thread-1] INFO  server.RaftServerConfigKeys (ConfUtils.java:logGet(43)) - raft.server.log.purge.gap = 1000000 (custom)
2019-09-26 10:06:51,993 [pool-585-thread-1] INFO  server.RaftServerConfigKeys (ConfUtils.java:logGet(43)) - raft.server.log.appender.buffer.byte-limit = 33554432 (custom)
2019-09-26 10:06:51,993 [pool-585-thread-1] INFO  server.RaftServerConfigKeys (ConfUtils.java:logGet(43)) - raft.server.log.segment.size.max = 1048576 (custom)
2019-09-26 10:06:51,994 [pool-585-thread-1] INFO  server.RaftServerConfigKeys (ConfUtils.java:logGet(43)) - raft.server.log.segment.cache.num.max = 2 (custom)
2019-09-26 10:06:51,994 [pool-585-thread-1] INFO  segmented.SegmentedRaftLogWorker (SegmentedRaftLogWorker.java:<init>(172)) - new 4f799f37-ab1c-4be0-adf3-be30f86725ba@group-F84277A0C1F9-SegmentedRaftLogWorker for RaftStorage:Storage Directory /workdir/hadoop-ozone/integration-test/target/test-dir/MiniOzoneClusterImpl-3237421e-5f73-41b0-8605-c54d21f4eaa5/datanode-0/data/ratis/f4ecf2ba-389c-49ac-baed-f84277a0c1f9
2019-09-26 10:06:51,994 [pool-585-thread-1] INFO  server.RaftServerConfigKeys (ConfUtils.java:logGet(43)) - raft.server.log.queue.byte-limit = 2147483647 (custom)
2019-09-26 10:06:51,994 [pool-585-thread-1] INFO  server.RaftServerConfigKeys (ConfUtils.java:logGet(43)) - raft.server.log.queue.element-limit = 1024 (custom)
2019-09-26 10:06:51,994 [pool-585-thread-1] INFO  server.RaftServerConfigKeys (ConfUtils.java:logGet(43)) - raft.server.log.segment.size.max = 1048576 (custom)
2019-09-26 10:06:51,995 [pool-585-thread-1] INFO  server.RaftServerConfigKeys (ConfUtils.java:logGet(43)) - raft.server.log.preallocated.size = 16384 (custom)
2019-09-26 10:06:51,995 [pool-585-thread-1] INFO  server.RaftServerConfigKeys (ConfUtils.java:logGet(43)) - raft.server.log.write.buffer.size = 33554432 (custom)
2019-09-26 10:06:51,995 [pool-585-thread-1] INFO  server.RaftServerConfigKeys (ConfUtils.java:logGet(43)) - raft.server.log.force.sync.num = 128 (default)
2019-09-26 10:06:51,995 [pool-585-thread-1] INFO  server.RaftServerConfigKeys (ConfUtils.java:logGet(43)) - raft.server.log.statemachine.data.sync = true (default)
2019-09-26 10:06:51,995 [pool-585-thread-1] INFO  server.RaftServerConfigKeys (ConfUtils.java:logGet(43)) - raft.server.log.statemachine.data.sync.timeout = 10s (default)
2019-09-26 10:06:51,995 [pool-585-thread-1] INFO  server.RaftServerConfigKeys (ConfUtils.java:logGet(43)) - raft.server.log.statemachine.data.sync.timeout.retry = -1 (default)
2019-09-26 10:06:51,996 [pool-585-thread-1] INFO  server.RaftServerConfigKeys (ConfUtils.java:logGet(43)) - raft.server.log.statemachine.data.caching.enabled = true (custom)
2019-09-26 10:06:51,996 [pool-585-thread-1] INFO  segmented.SegmentedRaftLogWorker (SegmentedRaftLogWorker.java:lambda$new$0(132)) - 4f799f37-ab1c-4be0-adf3-be30f86725ba@group-F84277A0C1F9-SegmentedRaftLogWorker: flushIndex: setUnconditionally 0 -> -1
2019-09-26 10:06:51,996 [pool-585-thread-1] INFO  server.RaftServerConfigKeys (ConfUtils.java:logGet(43)) - raft.server.snapshot.auto.trigger.enabled = true (custom)
2019-09-26 10:06:51,997 [pool-585-thread-1] INFO  server.RaftServerConfigKeys (ConfUtils.java:logGet(43)) - raft.server.snapshot.auto.trigger.threshold = 10000 (custom)
2019-09-26 10:06:51,997 [pool-585-thread-1] INFO  server.RaftServerConfigKeys (ConfUtils.java:logGet(43)) - raft.server.snapshot.retention.num.files = 5 (custom)
2019-09-26 10:06:51,997 [pool-585-thread-1] INFO  server.RaftServerConfigKeys (ConfUtils.java:logGet(43)) - raft.server.retrycache.expirytime = 600000ms (custom)
2019-09-26 10:06:51,999 [pool-585-thread-1] INFO  impl.RaftServerImpl (RaftServerImpl.java:start(185)) - 4f799f37-ab1c-4be0-adf3-be30f86725ba@group-F84277A0C1F9: start as a follower, conf=-1: [4f799f37-ab1c-4be0-adf3-be30f86725ba:192.168.30.13:45015], old=null
2019-09-26 10:06:51,999 [pool-585-thread-1] INFO  impl.RaftServerImpl (RaftServerImpl.java:setRole(174)) - 4f799f37-ab1c-4be0-adf3-be30f86725ba@group-F84277A0C1F9: changes role from      null to FOLLOWER at term 0 for startAsFollower
2019-09-26 10:06:51,999 [pool-585-thread-1] INFO  impl.RoleInfo (RoleInfo.java:updateAndGet(143)) - 4f799f37-ab1c-4be0-adf3-be30f86725ba: start FollowerState
2019-09-26 10:06:52,000 [pool-585-thread-1] INFO  util.JmxRegister (JmxRegister.java:tryRegister(44)) - Successfully registered JMX Bean with object name Ratis:service=RaftServer,group=group-F84277A0C1F9,id=4f799f37-ab1c-4be0-adf3-be30f86725ba
2019-09-26 10:06:52,002 [RatisPipelineUtilsThread] INFO  pipeline.PipelineStateManager (PipelineStateManager.java:addPipeline(56)) - Created pipeline Pipeline[ Id: f4ecf2ba-389c-49ac-baed-f84277a0c1f9, Nodes: 4f799f37-ab1c-4be0-adf3-be30f86725ba{ip: 192.168.30.13, host: pr-hdds-1569-wvzgm-824869521, networkLocation: /default-rack, certSerialId: null}, Type:RATIS, Factor:ONE, State:OPEN]
2019-09-26 10:06:52,007 [grpc-default-executor-1] INFO  impl.RaftServerProxy (RaftServerProxy.java:addNew(89)) - 77afb7a9-3f27-4b85-962a-c9c70d1ecd8b: addNew group-7528A96E1D6C:[77afb7a9-3f27-4b85-962a-c9c70d1ecd8b:192.168.30.13:39117] returns group-7528A96E1D6C:java.util.concurrent.CompletableFuture@950c4ba[Not completed]
2019-09-26 10:06:52,009 [pool-595-thread-1] INFO  impl.RaftServerImpl (RaftServerImpl.java:<init>(95)) - 77afb7a9-3f27-4b85-962a-c9c70d1ecd8b: new RaftServerImpl for group-7528A96E1D6C:[77afb7a9-3f27-4b85-962a-c9c70d1ecd8b:192.168.30.13:39117] with ContainerStateMachine:uninitialized
2019-09-26 10:06:52,009 [pool-595-thread-1] INFO  server.RaftServerConfigKeys (ConfUtils.java:logGet(43)) - raft.server.rpc.timeout.min = 5s (custom)
2019-09-26 10:06:52,009 [pool-595-thread-1] INFO  server.RaftServerConfigKeys (ConfUtils.java:logGet(43)) - raft.server.rpc.timeout.max = 5200ms (custom)
2019-09-26 10:06:52,009 [pool-595-thread-1] INFO  server.RaftServerConfigKeys (ConfUtils.java:logGet(43)) - raft.server.rpcslowness.timeout = 120s (custom)
2019-09-26 10:06:52,009 [pool-595-thread-1] INFO  server.RaftServerConfigKeys (ConfUtils.java:logGet(43)) - raft.server.sleep.deviation.threshold = 300 (default)
2019-09-26 10:06:52,009 [pool-595-thread-1] INFO  server.RaftServerConfigKeys (ConfUtils.java:logGet(43)) - raft.server.log.appender.install.snapshot.enabled = false (custom)
2019-09-26 10:06:52,010 [pool-595-thread-1] INFO  impl.RaftServerImpl (ServerState.java:<init>(103)) - 77afb7a9-3f27-4b85-962a-c9c70d1ecd8b@group-7528A96E1D6C: ConfigurationManager, init=-1: [77afb7a9-3f27-4b85-962a-c9c70d1ecd8b:192.168.30.13:39117], old=null, confs=<EMPTY_MAP>
2019-09-26 10:06:52,010 [pool-595-thread-1] INFO  server.RaftServerConfigKeys (ConfUtils.java:logGet(43)) - raft.server.storage.dir = [/workdir/hadoop-ozone/integration-test/target/test-dir/MiniOzoneClusterImpl-3237421e-5f73-41b0-8605-c54d21f4eaa5/datanode-1/data/ratis] (custom)
2019-09-26 10:06:52,010 [pool-595-thread-1] INFO  storage.RaftStorageDirectory (RaftStorageDirectory.java:analyzeStorage(246)) - The storage directory /workdir/hadoop-ozone/integration-test/target/test-dir/MiniOzoneClusterImpl-3237421e-5f73-41b0-8605-c54d21f4eaa5/datanode-1/data/ratis/2a5f5a4e-9cd3-4de2-96c7-7528a96e1d6c does not exist. Creating ...
2019-09-26 10:06:52,314 [pool-595-thread-1] INFO  storage.RaftStorageDirectory (RaftStorageDirectory.java:tryLock(328)) - Lock on /workdir/hadoop-ozone/integration-test/target/test-dir/MiniOzoneClusterImpl-3237421e-5f73-41b0-8605-c54d21f4eaa5/datanode-1/data/ratis/2a5f5a4e-9cd3-4de2-96c7-7528a96e1d6c/in_use.lock acquired by nodename 19604@pr-hdds-1569-wvzgm-824869521
2019-09-26 10:06:52,349 [pool-595-thread-1] INFO  storage.RaftStorage (RaftStorage.java:format(72)) - Storage directory /workdir/hadoop-ozone/integration-test/target/test-dir/MiniOzoneClusterImpl-3237421e-5f73-41b0-8605-c54d21f4eaa5/datanode-1/data/ratis/2a5f5a4e-9cd3-4de2-96c7-7528a96e1d6c has been successfully formatted.
2019-09-26 10:06:52,349 [pool-595-thread-1] INFO  ratis.ContainerStateMachine (ContainerStateMachine.java:loadSnapshot(230)) - group-7528A96E1D6C: The snapshot info is null. Setting the last applied indexto:(t:0, i:~)
2019-09-26 10:06:52,349 [pool-595-thread-1] INFO  server.RaftServerConfigKeys (ConfUtils.java:logGet(43)) - raft.server.notification.no-leader.timeout = 120s (custom)
2019-09-26 10:06:52,350 [pool-595-thread-1] INFO  server.RaftServerConfigKeys (ConfUtils.java:logGet(43)) - raft.server.log.use.memory = false (default)
2019-09-26 10:06:52,350 [pool-595-thread-1] INFO  server.RaftServerConfigKeys (ConfUtils.java:logGet(43)) - raft.server.log.purge.gap = 1000000 (custom)
2019-09-26 10:06:52,350 [pool-595-thread-1] INFO  server.RaftServerConfigKeys (ConfUtils.java:logGet(43)) - raft.server.log.appender.buffer.byte-limit = 33554432 (custom)
2019-09-26 10:06:52,350 [pool-595-thread-1] INFO  server.RaftServerConfigKeys (ConfUtils.java:logGet(43)) - raft.server.log.segment.size.max = 1048576 (custom)
2019-09-26 10:06:52,350 [pool-595-thread-1] INFO  server.RaftServerConfigKeys (ConfUtils.java:logGet(43)) - raft.server.log.segment.cache.num.max = 2 (custom)
2019-09-26 10:06:52,351 [pool-595-thread-1] INFO  segmented.SegmentedRaftLogWorker (SegmentedRaftLogWorker.java:<init>(172)) - new 77afb7a9-3f27-4b85-962a-c9c70d1ecd8b@group-7528A96E1D6C-SegmentedRaftLogWorker for RaftStorage:Storage Directory /workdir/hadoop-ozone/integration-test/target/test-dir/MiniOzoneClusterImpl-3237421e-5f73-41b0-8605-c54d21f4eaa5/datanode-1/data/ratis/2a5f5a4e-9cd3-4de2-96c7-7528a96e1d6c
2019-09-26 10:06:52,351 [pool-595-thread-1] INFO  server.RaftServerConfigKeys (ConfUtils.java:logGet(43)) - raft.server.log.queue.byte-limit = 2147483647 (custom)
2019-09-26 10:06:52,351 [pool-595-thread-1] INFO  server.RaftServerConfigKeys (ConfUtils.java:logGet(43)) - raft.server.log.queue.element-limit = 1024 (custom)
2019-09-26 10:06:52,351 [pool-595-thread-1] INFO  server.RaftServerConfigKeys (ConfUtils.java:logGet(43)) - raft.server.log.segment.size.max = 1048576 (custom)
2019-09-26 10:06:52,351 [pool-595-thread-1] INFO  server.RaftServerConfigKeys (ConfUtils.java:logGet(43)) - raft.server.log.preallocated.size = 16384 (custom)
2019-09-26 10:06:52,351 [pool-595-thread-1] INFO  server.RaftServerConfigKeys (ConfUtils.java:logGet(43)) - raft.server.log.write.buffer.size = 33554432 (custom)
2019-09-26 10:06:52,351 [pool-595-thread-1] INFO  server.RaftServerConfigKeys (ConfUtils.java:logGet(43)) - raft.server.log.force.sync.num = 128 (default)
2019-09-26 10:06:52,352 [pool-595-thread-1] INFO  server.RaftServerConfigKeys (ConfUtils.java:logGet(43)) - raft.server.log.statemachine.data.sync = true (default)
2019-09-26 10:06:52,352 [pool-595-thread-1] INFO  server.RaftServerConfigKeys (ConfUtils.java:logGet(43)) - raft.server.log.statemachine.data.sync.timeout = 10s (default)
2019-09-26 10:06:52,352 [pool-595-thread-1] INFO  server.RaftServerConfigKeys (ConfUtils.java:logGet(43)) - raft.server.log.statemachine.data.sync.timeout.retry = -1 (default)
2019-09-26 10:06:52,352 [pool-595-thread-1] INFO  server.RaftServerConfigKeys (ConfUtils.java:logGet(43)) - raft.server.log.statemachine.data.caching.enabled = true (custom)
2019-09-26 10:06:52,353 [pool-595-thread-1] INFO  segmented.SegmentedRaftLogWorker (SegmentedRaftLogWorker.java:lambda$new$0(132)) - 77afb7a9-3f27-4b85-962a-c9c70d1ecd8b@group-7528A96E1D6C-SegmentedRaftLogWorker: flushIndex: setUnconditionally 0 -> -1
2019-09-26 10:06:52,353 [pool-595-thread-1] INFO  server.RaftServerConfigKeys (ConfUtils.java:logGet(43)) - raft.server.snapshot.auto.trigger.enabled = true (custom)
2019-09-26 10:06:52,353 [pool-595-thread-1] INFO  server.RaftServerConfigKeys (ConfUtils.java:logGet(43)) - raft.server.snapshot.auto.trigger.threshold = 10000 (custom)
2019-09-26 10:06:52,353 [pool-595-thread-1] INFO  server.RaftServerConfigKeys (ConfUtils.java:logGet(43)) - raft.server.snapshot.retention.num.files = 5 (custom)
2019-09-26 10:06:52,353 [pool-595-thread-1] INFO  server.RaftServerConfigKeys (ConfUtils.java:logGet(43)) - raft.server.retrycache.expirytime = 600000ms (custom)
2019-09-26 10:06:52,356 [pool-595-thread-1] INFO  impl.RaftServerImpl (RaftServerImpl.java:start(185)) - 77afb7a9-3f27-4b85-962a-c9c70d1ecd8b@group-7528A96E1D6C: start as a follower, conf=-1: [77afb7a9-3f27-4b85-962a-c9c70d1ecd8b:192.168.30.13:39117], old=null
2019-09-26 10:06:52,356 [pool-595-thread-1] INFO  impl.RaftServerImpl (RaftServerImpl.java:setRole(174)) - 77afb7a9-3f27-4b85-962a-c9c70d1ecd8b@group-7528A96E1D6C: changes role from      null to FOLLOWER at term 0 for startAsFollower
2019-09-26 10:06:52,356 [pool-595-thread-1] INFO  impl.RoleInfo (RoleInfo.java:updateAndGet(143)) - 77afb7a9-3f27-4b85-962a-c9c70d1ecd8b: start FollowerState
2019-09-26 10:06:52,357 [pool-595-thread-1] INFO  util.JmxRegister (JmxRegister.java:tryRegister(44)) - Successfully registered JMX Bean with object name Ratis:service=RaftServer,group=group-7528A96E1D6C,id=77afb7a9-3f27-4b85-962a-c9c70d1ecd8b
2019-09-26 10:06:52,359 [RatisPipelineUtilsThread] INFO  pipeline.PipelineStateManager (PipelineStateManager.java:addPipeline(56)) - Created pipeline Pipeline[ Id: 2a5f5a4e-9cd3-4de2-96c7-7528a96e1d6c, Nodes: 77afb7a9-3f27-4b85-962a-c9c70d1ecd8b{ip: 192.168.30.13, host: pr-hdds-1569-wvzgm-824869521, networkLocation: /default-rack, certSerialId: null}, Type:RATIS, Factor:ONE, State:OPEN]
2019-09-26 10:06:52,364 [grpc-default-executor-1] INFO  impl.RaftServerProxy (RaftServerProxy.java:addNew(89)) - 4f799f37-ab1c-4be0-adf3-be30f86725ba: addNew group-2F5591CADDE5:[4f799f37-ab1c-4be0-adf3-be30f86725ba:192.168.30.13:45015] returns group-2F5591CADDE5:java.util.concurrent.CompletableFuture@3eb136b2[Not completed]
2019-09-26 10:06:52,365 [pool-585-thread-1] INFO  impl.RaftServerImpl (RaftServerImpl.java:<init>(95)) - 4f799f37-ab1c-4be0-adf3-be30f86725ba: new RaftServerImpl for group-2F5591CADDE5:[4f799f37-ab1c-4be0-adf3-be30f86725ba:192.168.30.13:45015] with ContainerStateMachine:uninitialized
2019-09-26 10:06:52,365 [pool-585-thread-1] INFO  server.RaftServerConfigKeys (ConfUtils.java:logGet(43)) - raft.server.rpc.timeout.min = 5s (custom)
2019-09-26 10:06:52,365 [pool-585-thread-1] INFO  server.RaftServerConfigKeys (ConfUtils.java:logGet(43)) - raft.server.rpc.timeout.max = 5200ms (custom)
2019-09-26 10:06:52,366 [pool-585-thread-1] INFO  server.RaftServerConfigKeys (ConfUtils.java:logGet(43)) - raft.server.rpcslowness.timeout = 120s (custom)
2019-09-26 10:06:52,366 [pool-585-thread-1] INFO  server.RaftServerConfigKeys (ConfUtils.java:logGet(43)) - raft.server.sleep.deviation.threshold = 300 (default)
2019-09-26 10:06:52,366 [pool-585-thread-1] INFO  server.RaftServerConfigKeys (ConfUtils.java:logGet(43)) - raft.server.log.appender.install.snapshot.enabled = false (custom)
2019-09-26 10:06:52,366 [pool-585-thread-1] INFO  impl.RaftServerImpl (ServerState.java:<init>(103)) - 4f799f37-ab1c-4be0-adf3-be30f86725ba@group-2F5591CADDE5: ConfigurationManager, init=-1: [4f799f37-ab1c-4be0-adf3-be30f86725ba:192.168.30.13:45015], old=null, confs=<EMPTY_MAP>
2019-09-26 10:06:52,366 [pool-585-thread-1] INFO  server.RaftServerConfigKeys (ConfUtils.java:logGet(43)) - raft.server.storage.dir = [/workdir/hadoop-ozone/integration-test/target/test-dir/MiniOzoneClusterImpl-3237421e-5f73-41b0-8605-c54d21f4eaa5/datanode-0/data/ratis] (custom)
2019-09-26 10:06:52,367 [pool-585-thread-1] INFO  storage.RaftStorageDirectory (RaftStorageDirectory.java:analyzeStorage(246)) - The storage directory /workdir/hadoop-ozone/integration-test/target/test-dir/MiniOzoneClusterImpl-3237421e-5f73-41b0-8605-c54d21f4eaa5/datanode-0/data/ratis/62e727a5-856b-4659-8ff0-2f5591cadde5 does not exist. Creating ...
2019-09-26 10:06:52,375 [pool-585-thread-1] INFO  storage.RaftStorageDirectory (RaftStorageDirectory.java:tryLock(328)) - Lock on /workdir/hadoop-ozone/integration-test/target/test-dir/MiniOzoneClusterImpl-3237421e-5f73-41b0-8605-c54d21f4eaa5/datanode-0/data/ratis/62e727a5-856b-4659-8ff0-2f5591cadde5/in_use.lock acquired by nodename 19604@pr-hdds-1569-wvzgm-824869521
2019-09-26 10:06:52,384 [pool-585-thread-1] INFO  storage.RaftStorage (RaftStorage.java:format(72)) - Storage directory /workdir/hadoop-ozone/integration-test/target/test-dir/MiniOzoneClusterImpl-3237421e-5f73-41b0-8605-c54d21f4eaa5/datanode-0/data/ratis/62e727a5-856b-4659-8ff0-2f5591cadde5 has been successfully formatted.
2019-09-26 10:06:52,384 [pool-585-thread-1] INFO  ratis.ContainerStateMachine (ContainerStateMachine.java:loadSnapshot(230)) - group-2F5591CADDE5: The snapshot info is null. Setting the last applied indexto:(t:0, i:~)
2019-09-26 10:06:52,384 [pool-585-thread-1] INFO  server.RaftServerConfigKeys (ConfUtils.java:logGet(43)) - raft.server.notification.no-leader.timeout = 120s (custom)
2019-09-26 10:06:52,384 [pool-585-thread-1] INFO  server.RaftServerConfigKeys (ConfUtils.java:logGet(43)) - raft.server.log.use.memory = false (default)
2019-09-26 10:06:52,385 [pool-585-thread-1] INFO  server.RaftServerConfigKeys (ConfUtils.java:logGet(43)) - raft.server.log.purge.gap = 1000000 (custom)
2019-09-26 10:06:52,385 [pool-585-thread-1] INFO  server.RaftServerConfigKeys (ConfUtils.java:logGet(43)) - raft.server.log.appender.buffer.byte-limit = 33554432 (custom)
2019-09-26 10:06:52,385 [pool-585-thread-1] INFO  server.RaftServerConfigKeys (ConfUtils.java:logGet(43)) - raft.server.log.segment.size.max = 1048576 (custom)
2019-09-26 10:06:52,385 [pool-585-thread-1] INFO  server.RaftServerConfigKeys (ConfUtils.java:logGet(43)) - raft.server.log.segment.cache.num.max = 2 (custom)
2019-09-26 10:06:52,385 [pool-585-thread-1] INFO  segmented.SegmentedRaftLogWorker (SegmentedRaftLogWorker.java:<init>(172)) - new 4f799f37-ab1c-4be0-adf3-be30f86725ba@group-2F5591CADDE5-SegmentedRaftLogWorker for RaftStorage:Storage Directory /workdir/hadoop-ozone/integration-test/target/test-dir/MiniOzoneClusterImpl-3237421e-5f73-41b0-8605-c54d21f4eaa5/datanode-0/data/ratis/62e727a5-856b-4659-8ff0-2f5591cadde5
2019-09-26 10:06:52,385 [pool-585-thread-1] INFO  server.RaftServerConfigKeys (ConfUtils.java:logGet(43)) - raft.server.log.queue.byte-limit = 2147483647 (custom)
2019-09-26 10:06:52,385 [pool-585-thread-1] INFO  server.RaftServerConfigKeys (ConfUtils.java:logGet(43)) - raft.server.log.queue.element-limit = 1024 (custom)
2019-09-26 10:06:52,386 [pool-585-thread-1] INFO  server.RaftServerConfigKeys (ConfUtils.java:logGet(43)) - raft.server.log.segment.size.max = 1048576 (custom)
2019-09-26 10:06:52,386 [pool-585-thread-1] INFO  server.RaftServerConfigKeys (ConfUtils.java:logGet(43)) - raft.server.log.preallocated.size = 16384 (custom)
2019-09-26 10:06:52,386 [pool-585-thread-1] INFO  server.RaftServerConfigKeys (ConfUtils.java:logGet(43)) - raft.server.log.write.buffer.size = 33554432 (custom)
2019-09-26 10:06:52,386 [pool-585-thread-1] INFO  server.RaftServerConfigKeys (ConfUtils.java:logGet(43)) - raft.server.log.force.sync.num = 128 (default)
2019-09-26 10:06:52,386 [pool-585-thread-1] INFO  server.RaftServerConfigKeys (ConfUtils.java:logGet(43)) - raft.server.log.statemachine.data.sync = true (default)
2019-09-26 10:06:52,386 [pool-585-thread-1] INFO  server.RaftServerConfigKeys (ConfUtils.java:logGet(43)) - raft.server.log.statemachine.data.sync.timeout = 10s (default)
2019-09-26 10:06:52,386 [pool-585-thread-1] INFO  server.RaftServerConfigKeys (ConfUtils.java:logGet(43)) - raft.server.log.statemachine.data.sync.timeout.retry = -1 (default)
2019-09-26 10:06:52,387 [pool-585-thread-1] INFO  server.RaftServerConfigKeys (ConfUtils.java:logGet(43)) - raft.server.log.statemachine.data.caching.enabled = true (custom)
2019-09-26 10:06:52,387 [pool-585-thread-1] INFO  segmented.SegmentedRaftLogWorker (SegmentedRaftLogWorker.java:lambda$new$0(132)) - 4f799f37-ab1c-4be0-adf3-be30f86725ba@group-2F5591CADDE5-SegmentedRaftLogWorker: flushIndex: setUnconditionally 0 -> -1
2019-09-26 10:06:52,387 [pool-585-thread-1] INFO  server.RaftServerConfigKeys (ConfUtils.java:logGet(43)) - raft.server.snapshot.auto.trigger.enabled = true (custom)
2019-09-26 10:06:52,387 [pool-585-thread-1] INFO  server.RaftServerConfigKeys (ConfUtils.java:logGet(43)) - raft.server.snapshot.auto.trigger.threshold = 10000 (custom)
2019-09-26 10:06:52,388 [pool-585-thread-1] INFO  server.RaftServerConfigKeys (ConfUtils.java:logGet(43)) - raft.server.snapshot.retention.num.files = 5 (custom)
2019-09-26 10:06:52,388 [pool-585-thread-1] INFO  server.RaftServerConfigKeys (ConfUtils.java:logGet(43)) - raft.server.retrycache.expirytime = 600000ms (custom)
2019-09-26 10:06:52,389 [pool-585-thread-1] INFO  impl.RaftServerImpl (RaftServerImpl.java:start(185)) - 4f799f37-ab1c-4be0-adf3-be30f86725ba@group-2F5591CADDE5: start as a follower, conf=-1: [4f799f37-ab1c-4be0-adf3-be30f86725ba:192.168.30.13:45015], old=null
2019-09-26 10:06:52,389 [pool-585-thread-1] INFO  impl.RaftServerImpl (RaftServerImpl.java:setRole(174)) - 4f799f37-ab1c-4be0-adf3-be30f86725ba@group-2F5591CADDE5: changes role from      null to FOLLOWER at term 0 for startAsFollower
2019-09-26 10:06:52,390 [pool-585-thread-1] INFO  impl.RoleInfo (RoleInfo.java:updateAndGet(143)) - 4f799f37-ab1c-4be0-adf3-be30f86725ba: start FollowerState
2019-09-26 10:06:52,390 [pool-585-thread-1] INFO  util.JmxRegister (JmxRegister.java:tryRegister(44)) - Successfully registered JMX Bean with object name Ratis:service=RaftServer,group=group-2F5591CADDE5,id=4f799f37-ab1c-4be0-adf3-be30f86725ba
2019-09-26 10:06:52,392 [RatisPipelineUtilsThread] INFO  pipeline.PipelineStateManager (PipelineStateManager.java:addPipeline(56)) - Created pipeline Pipeline[ Id: 62e727a5-856b-4659-8ff0-2f5591cadde5, Nodes: 4f799f37-ab1c-4be0-adf3-be30f86725ba{ip: 192.168.30.13, host: pr-hdds-1569-wvzgm-824869521, networkLocation: /default-rack, certSerialId: null}, Type:RATIS, Factor:ONE, State:OPEN]
2019-09-26 10:06:52,393 [RatisPipelineUtilsThread] INFO  pipeline.PipelinePlacementPolicy (PipelinePlacementPolicy.java:meetCriteria(91)) - Pipeline Placement: can't place more pipeline on heavy datanode： 4f799f37-ab1c-4be0-adf3-be30f86725ba Heaviness: 6 limit: 5
2019-09-26 10:06:52,402 [grpc-default-executor-1] INFO  impl.RaftServerProxy (RaftServerProxy.java:addNew(89)) - 4c0de2d3-09dd-47d7-b7a1-4f63a4eb8acf: addNew group-D86C3C9722A3:[4c0de2d3-09dd-47d7-b7a1-4f63a4eb8acf:192.168.30.13:40522] returns group-D86C3C9722A3:java.util.concurrent.CompletableFuture@77b11450[Not completed]
2019-09-26 10:06:52,404 [pool-615-thread-1] INFO  impl.RaftServerImpl (RaftServerImpl.java:<init>(95)) - 4c0de2d3-09dd-47d7-b7a1-4f63a4eb8acf: new RaftServerImpl for group-D86C3C9722A3:[4c0de2d3-09dd-47d7-b7a1-4f63a4eb8acf:192.168.30.13:40522] with ContainerStateMachine:uninitialized
2019-09-26 10:06:52,404 [pool-615-thread-1] INFO  server.RaftServerConfigKeys (ConfUtils.java:logGet(43)) - raft.server.rpc.timeout.min = 5s (custom)
2019-09-26 10:06:52,404 [pool-615-thread-1] INFO  server.RaftServerConfigKeys (ConfUtils.java:logGet(43)) - raft.server.rpc.timeout.max = 5200ms (custom)
2019-09-26 10:06:52,404 [pool-615-thread-1] INFO  server.RaftServerConfigKeys (ConfUtils.java:logGet(43)) - raft.server.rpcslowness.timeout = 120s (custom)
2019-09-26 10:06:52,405 [pool-615-thread-1] INFO  server.RaftServerConfigKeys (ConfUtils.java:logGet(43)) - raft.server.sleep.deviation.threshold = 300 (default)
2019-09-26 10:06:52,405 [pool-615-thread-1] INFO  server.RaftServerConfigKeys (ConfUtils.java:logGet(43)) - raft.server.log.appender.install.snapshot.enabled = false (custom)
2019-09-26 10:06:52,405 [pool-615-thread-1] INFO  impl.RaftServerImpl (ServerState.java:<init>(103)) - 4c0de2d3-09dd-47d7-b7a1-4f63a4eb8acf@group-D86C3C9722A3: ConfigurationManager, init=-1: [4c0de2d3-09dd-47d7-b7a1-4f63a4eb8acf:192.168.30.13:40522], old=null, confs=<EMPTY_MAP>
2019-09-26 10:06:52,405 [pool-615-thread-1] INFO  server.RaftServerConfigKeys (ConfUtils.java:logGet(43)) - raft.server.storage.dir = [/workdir/hadoop-ozone/integration-test/target/test-dir/MiniOzoneClusterImpl-3237421e-5f73-41b0-8605-c54d21f4eaa5/datanode-3/data/ratis] (custom)
2019-09-26 10:06:52,406 [pool-615-thread-1] INFO  storage.RaftStorageDirectory (RaftStorageDirectory.java:analyzeStorage(246)) - The storage directory /workdir/hadoop-ozone/integration-test/target/test-dir/MiniOzoneClusterImpl-3237421e-5f73-41b0-8605-c54d21f4eaa5/datanode-3/data/ratis/eb77b42c-57ac-4ed8-9848-d86c3c9722a3 does not exist. Creating ...
2019-09-26 10:06:52,419 [pool-615-thread-1] INFO  storage.RaftStorageDirectory (RaftStorageDirectory.java:tryLock(328)) - Lock on /workdir/hadoop-ozone/integration-test/target/test-dir/MiniOzoneClusterImpl-3237421e-5f73-41b0-8605-c54d21f4eaa5/datanode-3/data/ratis/eb77b42c-57ac-4ed8-9848-d86c3c9722a3/in_use.lock acquired by nodename 19604@pr-hdds-1569-wvzgm-824869521
2019-09-26 10:06:52,433 [pool-615-thread-1] INFO  storage.RaftStorage (RaftStorage.java:format(72)) - Storage directory /workdir/hadoop-ozone/integration-test/target/test-dir/MiniOzoneClusterImpl-3237421e-5f73-41b0-8605-c54d21f4eaa5/datanode-3/data/ratis/eb77b42c-57ac-4ed8-9848-d86c3c9722a3 has been successfully formatted.
2019-09-26 10:06:52,433 [pool-615-thread-1] INFO  ratis.ContainerStateMachine (ContainerStateMachine.java:loadSnapshot(230)) - group-D86C3C9722A3: The snapshot info is null. Setting the last applied indexto:(t:0, i:~)
2019-09-26 10:06:52,433 [pool-615-thread-1] INFO  server.RaftServerConfigKeys (ConfUtils.java:logGet(43)) - raft.server.notification.no-leader.timeout = 120s (custom)
2019-09-26 10:06:52,433 [pool-615-thread-1] INFO  server.RaftServerConfigKeys (ConfUtils.java:logGet(43)) - raft.server.log.use.memory = false (default)
2019-09-26 10:06:52,433 [pool-615-thread-1] INFO  server.RaftServerConfigKeys (ConfUtils.java:logGet(43)) - raft.server.log.purge.gap = 1000000 (custom)
2019-09-26 10:06:52,434 [pool-615-thread-1] INFO  server.RaftServerConfigKeys (ConfUtils.java:logGet(43)) - raft.server.log.appender.buffer.byte-limit = 33554432 (custom)
2019-09-26 10:06:52,434 [pool-615-thread-1] INFO  server.RaftServerConfigKeys (ConfUtils.java:logGet(43)) - raft.server.log.segment.size.max = 1048576 (custom)
2019-09-26 10:06:52,434 [pool-615-thread-1] INFO  server.RaftServerConfigKeys (ConfUtils.java:logGet(43)) - raft.server.log.segment.cache.num.max = 2 (custom)
2019-09-26 10:06:52,434 [pool-615-thread-1] INFO  segmented.SegmentedRaftLogWorker (SegmentedRaftLogWorker.java:<init>(172)) - new 4c0de2d3-09dd-47d7-b7a1-4f63a4eb8acf@group-D86C3C9722A3-SegmentedRaftLogWorker for RaftStorage:Storage Directory /workdir/hadoop-ozone/integration-test/target/test-dir/MiniOzoneClusterImpl-3237421e-5f73-41b0-8605-c54d21f4eaa5/datanode-3/data/ratis/eb77b42c-57ac-4ed8-9848-d86c3c9722a3
2019-09-26 10:06:52,436 [pool-615-thread-1] INFO  server.RaftServerConfigKeys (ConfUtils.java:logGet(43)) - raft.server.log.queue.byte-limit = 2147483647 (custom)
2019-09-26 10:06:52,436 [pool-615-thread-1] INFO  server.RaftServerConfigKeys (ConfUtils.java:logGet(43)) - raft.server.log.queue.element-limit = 1024 (custom)
2019-09-26 10:06:52,436 [pool-615-thread-1] INFO  server.RaftServerConfigKeys (ConfUtils.java:logGet(43)) - raft.server.log.segment.size.max = 1048576 (custom)
2019-09-26 10:06:52,436 [pool-615-thread-1] INFO  server.RaftServerConfigKeys (ConfUtils.java:logGet(43)) - raft.server.log.preallocated.size = 16384 (custom)
2019-09-26 10:06:52,437 [pool-615-thread-1] INFO  server.RaftServerConfigKeys (ConfUtils.java:logGet(43)) - raft.server.log.write.buffer.size = 33554432 (custom)
2019-09-26 10:06:52,437 [pool-615-thread-1] INFO  server.RaftServerConfigKeys (ConfUtils.java:logGet(43)) - raft.server.log.force.sync.num = 128 (default)
2019-09-26 10:06:52,437 [pool-615-thread-1] INFO  server.RaftServerConfigKeys (ConfUtils.java:logGet(43)) - raft.server.log.statemachine.data.sync = true (default)
2019-09-26 10:06:52,437 [pool-615-thread-1] INFO  server.RaftServerConfigKeys (ConfUtils.java:logGet(43)) - raft.server.log.statemachine.data.sync.timeout = 10s (default)
2019-09-26 10:06:52,437 [pool-615-thread-1] INFO  server.RaftServerConfigKeys (ConfUtils.java:logGet(43)) - raft.server.log.statemachine.data.sync.timeout.retry = -1 (default)
2019-09-26 10:06:52,437 [pool-615-thread-1] INFO  server.RaftServerConfigKeys (ConfUtils.java:logGet(43)) - raft.server.log.statemachine.data.caching.enabled = true (custom)
2019-09-26 10:06:52,438 [pool-615-thread-1] INFO  segmented.SegmentedRaftLogWorker (SegmentedRaftLogWorker.java:lambda$new$0(132)) - 4c0de2d3-09dd-47d7-b7a1-4f63a4eb8acf@group-D86C3C9722A3-SegmentedRaftLogWorker: flushIndex: setUnconditionally 0 -> -1
2019-09-26 10:06:52,438 [pool-615-thread-1] INFO  server.RaftServerConfigKeys (ConfUtils.java:logGet(43)) - raft.server.snapshot.auto.trigger.enabled = true (custom)
2019-09-26 10:06:52,438 [pool-615-thread-1] INFO  server.RaftServerConfigKeys (ConfUtils.java:logGet(43)) - raft.server.snapshot.auto.trigger.threshold = 10000 (custom)
2019-09-26 10:06:52,438 [pool-615-thread-1] INFO  server.RaftServerConfigKeys (ConfUtils.java:logGet(43)) - raft.server.snapshot.retention.num.files = 5 (custom)
2019-09-26 10:06:52,438 [pool-615-thread-1] INFO  server.RaftServerConfigKeys (ConfUtils.java:logGet(43)) - raft.server.retrycache.expirytime = 600000ms (custom)
2019-09-26 10:06:52,440 [pool-615-thread-1] INFO  impl.RaftServerImpl (RaftServerImpl.java:start(185)) - 4c0de2d3-09dd-47d7-b7a1-4f63a4eb8acf@group-D86C3C9722A3: start as a follower, conf=-1: [4c0de2d3-09dd-47d7-b7a1-4f63a4eb8acf:192.168.30.13:40522], old=null
2019-09-26 10:06:52,440 [pool-615-thread-1] INFO  impl.RaftServerImpl (RaftServerImpl.java:setRole(174)) - 4c0de2d3-09dd-47d7-b7a1-4f63a4eb8acf@group-D86C3C9722A3: changes role from      null to FOLLOWER at term 0 for startAsFollower
2019-09-26 10:06:52,440 [pool-615-thread-1] INFO  impl.RoleInfo (RoleInfo.java:updateAndGet(143)) - 4c0de2d3-09dd-47d7-b7a1-4f63a4eb8acf: start FollowerState
2019-09-26 10:06:52,441 [pool-615-thread-1] INFO  util.JmxRegister (JmxRegister.java:tryRegister(44)) - Successfully registered JMX Bean with object name Ratis:service=RaftServer,group=group-D86C3C9722A3,id=4c0de2d3-09dd-47d7-b7a1-4f63a4eb8acf
2019-09-26 10:06:52,443 [RatisPipelineUtilsThread] INFO  pipeline.PipelineStateManager (PipelineStateManager.java:addPipeline(56)) - Created pipeline Pipeline[ Id: eb77b42c-57ac-4ed8-9848-d86c3c9722a3, Nodes: 4c0de2d3-09dd-47d7-b7a1-4f63a4eb8acf{ip: 192.168.30.13, host: pr-hdds-1569-wvzgm-824869521, networkLocation: /default-rack, certSerialId: null}, Type:RATIS, Factor:ONE, State:OPEN]
2019-09-26 10:06:52,443 [RatisPipelineUtilsThread] INFO  pipeline.PipelinePlacementPolicy (PipelinePlacementPolicy.java:meetCriteria(91)) - Pipeline Placement: can't place more pipeline on heavy datanode： 4f799f37-ab1c-4be0-adf3-be30f86725ba Heaviness: 6 limit: 5
2019-09-26 10:06:52,447 [grpc-default-executor-1] INFO  impl.RaftServerProxy (RaftServerProxy.java:addNew(89)) - 77afb7a9-3f27-4b85-962a-c9c70d1ecd8b: addNew group-D3B14EF27706:[77afb7a9-3f27-4b85-962a-c9c70d1ecd8b:192.168.30.13:39117] returns group-D3B14EF27706:java.util.concurrent.CompletableFuture@be1059e[Not completed]
2019-09-26 10:06:52,449 [pool-595-thread-1] INFO  impl.RaftServerImpl (RaftServerImpl.java:<init>(95)) - 77afb7a9-3f27-4b85-962a-c9c70d1ecd8b: new RaftServerImpl for group-D3B14EF27706:[77afb7a9-3f27-4b85-962a-c9c70d1ecd8b:192.168.30.13:39117] with ContainerStateMachine:uninitialized
2019-09-26 10:06:52,449 [pool-595-thread-1] INFO  server.RaftServerConfigKeys (ConfUtils.java:logGet(43)) - raft.server.rpc.timeout.min = 5s (custom)
2019-09-26 10:06:52,449 [pool-595-thread-1] INFO  server.RaftServerConfigKeys (ConfUtils.java:logGet(43)) - raft.server.rpc.timeout.max = 5200ms (custom)
2019-09-26 10:06:52,449 [pool-595-thread-1] INFO  server.RaftServerConfigKeys (ConfUtils.java:logGet(43)) - raft.server.rpcslowness.timeout = 120s (custom)
2019-09-26 10:06:52,449 [pool-595-thread-1] INFO  server.RaftServerConfigKeys (ConfUtils.java:logGet(43)) - raft.server.sleep.deviation.threshold = 300 (default)
2019-09-26 10:06:52,449 [pool-595-thread-1] INFO  server.RaftServerConfigKeys (ConfUtils.java:logGet(43)) - raft.server.log.appender.install.snapshot.enabled = false (custom)
2019-09-26 10:06:52,449 [pool-595-thread-1] INFO  impl.RaftServerImpl (ServerState.java:<init>(103)) - 77afb7a9-3f27-4b85-962a-c9c70d1ecd8b@group-D3B14EF27706: ConfigurationManager, init=-1: [77afb7a9-3f27-4b85-962a-c9c70d1ecd8b:192.168.30.13:39117], old=null, confs=<EMPTY_MAP>
2019-09-26 10:06:52,450 [pool-595-thread-1] INFO  server.RaftServerConfigKeys (ConfUtils.java:logGet(43)) - raft.server.storage.dir = [/workdir/hadoop-ozone/integration-test/target/test-dir/MiniOzoneClusterImpl-3237421e-5f73-41b0-8605-c54d21f4eaa5/datanode-1/data/ratis] (custom)
2019-09-26 10:06:52,450 [pool-595-thread-1] INFO  storage.RaftStorageDirectory (RaftStorageDirectory.java:analyzeStorage(246)) - The storage directory /workdir/hadoop-ozone/integration-test/target/test-dir/MiniOzoneClusterImpl-3237421e-5f73-41b0-8605-c54d21f4eaa5/datanode-1/data/ratis/6d9e264c-5819-475a-9f7c-d3b14ef27706 does not exist. Creating ...
2019-09-26 10:06:52,462 [pool-595-thread-1] INFO  storage.RaftStorageDirectory (RaftStorageDirectory.java:tryLock(328)) - Lock on /workdir/hadoop-ozone/integration-test/target/test-dir/MiniOzoneClusterImpl-3237421e-5f73-41b0-8605-c54d21f4eaa5/datanode-1/data/ratis/6d9e264c-5819-475a-9f7c-d3b14ef27706/in_use.lock acquired by nodename 19604@pr-hdds-1569-wvzgm-824869521
2019-09-26 10:06:52,476 [pool-595-thread-1] INFO  storage.RaftStorage (RaftStorage.java:format(72)) - Storage directory /workdir/hadoop-ozone/integration-test/target/test-dir/MiniOzoneClusterImpl-3237421e-5f73-41b0-8605-c54d21f4eaa5/datanode-1/data/ratis/6d9e264c-5819-475a-9f7c-d3b14ef27706 has been successfully formatted.
2019-09-26 10:06:52,476 [pool-595-thread-1] INFO  ratis.ContainerStateMachine (ContainerStateMachine.java:loadSnapshot(230)) - group-D3B14EF27706: The snapshot info is null. Setting the last applied indexto:(t:0, i:~)
2019-09-26 10:06:52,476 [pool-595-thread-1] INFO  server.RaftServerConfigKeys (ConfUtils.java:logGet(43)) - raft.server.notification.no-leader.timeout = 120s (custom)
2019-09-26 10:06:52,477 [pool-595-thread-1] INFO  server.RaftServerConfigKeys (ConfUtils.java:logGet(43)) - raft.server.log.use.memory = false (default)
2019-09-26 10:06:52,477 [pool-595-thread-1] INFO  server.RaftServerConfigKeys (ConfUtils.java:logGet(43)) - raft.server.log.purge.gap = 1000000 (custom)
2019-09-26 10:06:52,477 [pool-595-thread-1] INFO  server.RaftServerConfigKeys (ConfUtils.java:logGet(43)) - raft.server.log.appender.buffer.byte-limit = 33554432 (custom)
2019-09-26 10:06:52,477 [pool-595-thread-1] INFO  server.RaftServerConfigKeys (ConfUtils.java:logGet(43)) - raft.server.log.segment.size.max = 1048576 (custom)
2019-09-26 10:06:52,477 [pool-595-thread-1] INFO  server.RaftServerConfigKeys (ConfUtils.java:logGet(43)) - raft.server.log.segment.cache.num.max = 2 (custom)
2019-09-26 10:06:52,477 [pool-595-thread-1] INFO  segmented.SegmentedRaftLogWorker (SegmentedRaftLogWorker.java:<init>(172)) - new 77afb7a9-3f27-4b85-962a-c9c70d1ecd8b@group-D3B14EF27706-SegmentedRaftLogWorker for RaftStorage:Storage Directory /workdir/hadoop-ozone/integration-test/target/test-dir/MiniOzoneClusterImpl-3237421e-5f73-41b0-8605-c54d21f4eaa5/datanode-1/data/ratis/6d9e264c-5819-475a-9f7c-d3b14ef27706
2019-09-26 10:06:52,478 [pool-595-thread-1] INFO  server.RaftServerConfigKeys (ConfUtils.java:logGet(43)) - raft.server.log.queue.byte-limit = 2147483647 (custom)
2019-09-26 10:06:52,478 [pool-595-thread-1] INFO  server.RaftServerConfigKeys (ConfUtils.java:logGet(43)) - raft.server.log.queue.element-limit = 1024 (custom)
2019-09-26 10:06:52,478 [pool-595-thread-1] INFO  server.RaftServerConfigKeys (ConfUtils.java:logGet(43)) - raft.server.log.segment.size.max = 1048576 (custom)
2019-09-26 10:06:52,478 [pool-595-thread-1] INFO  server.RaftServerConfigKeys (ConfUtils.java:logGet(43)) - raft.server.log.preallocated.size = 16384 (custom)
2019-09-26 10:06:52,478 [pool-595-thread-1] INFO  server.RaftServerConfigKeys (ConfUtils.java:logGet(43)) - raft.server.log.write.buffer.size = 33554432 (custom)
2019-09-26 10:06:52,478 [pool-595-thread-1] INFO  server.RaftServerConfigKeys (ConfUtils.java:logGet(43)) - raft.server.log.force.sync.num = 128 (default)
2019-09-26 10:06:52,478 [pool-595-thread-1] INFO  server.RaftServerConfigKeys (ConfUtils.java:logGet(43)) - raft.server.log.statemachine.data.sync = true (default)
2019-09-26 10:06:52,479 [pool-595-thread-1] INFO  server.RaftServerConfigKeys (ConfUtils.java:logGet(43)) - raft.server.log.statemachine.data.sync.timeout = 10s (default)
2019-09-26 10:06:52,479 [pool-595-thread-1] INFO  server.RaftServerConfigKeys (ConfUtils.java:logGet(43)) - raft.server.log.statemachine.data.sync.timeout.retry = -1 (default)
2019-09-26 10:06:52,479 [pool-595-thread-1] INFO  server.RaftServerConfigKeys (ConfUtils.java:logGet(43)) - raft.server.log.statemachine.data.caching.enabled = true (custom)
2019-09-26 10:06:52,479 [pool-595-thread-1] INFO  segmented.SegmentedRaftLogWorker (SegmentedRaftLogWorker.java:lambda$new$0(132)) - 77afb7a9-3f27-4b85-962a-c9c70d1ecd8b@group-D3B14EF27706-SegmentedRaftLogWorker: flushIndex: setUnconditionally 0 -> -1
2019-09-26 10:06:52,480 [pool-595-thread-1] INFO  server.RaftServerConfigKeys (ConfUtils.java:logGet(43)) - raft.server.snapshot.auto.trigger.enabled = true (custom)
2019-09-26 10:06:52,480 [pool-595-thread-1] INFO  server.RaftServerConfigKeys (ConfUtils.java:logGet(43)) - raft.server.snapshot.auto.trigger.threshold = 10000 (custom)
2019-09-26 10:06:52,480 [pool-595-thread-1] INFO  server.RaftServerConfigKeys (ConfUtils.java:logGet(43)) - raft.server.snapshot.retention.num.files = 5 (custom)
2019-09-26 10:06:52,480 [pool-595-thread-1] INFO  server.RaftServerConfigKeys (ConfUtils.java:logGet(43)) - raft.server.retrycache.expirytime = 600000ms (custom)
2019-09-26 10:06:52,482 [pool-595-thread-1] INFO  impl.RaftServerImpl (RaftServerImpl.java:start(185)) - 77afb7a9-3f27-4b85-962a-c9c70d1ecd8b@group-D3B14EF27706: start as a follower, conf=-1: [77afb7a9-3f27-4b85-962a-c9c70d1ecd8b:192.168.30.13:39117], old=null
2019-09-26 10:06:52,482 [pool-595-thread-1] INFO  impl.RaftServerImpl (RaftServerImpl.java:setRole(174)) - 77afb7a9-3f27-4b85-962a-c9c70d1ecd8b@group-D3B14EF27706: changes role from      null to FOLLOWER at term 0 for startAsFollower
2019-09-26 10:06:52,483 [pool-595-thread-1] INFO  impl.RoleInfo (RoleInfo.java:updateAndGet(143)) - 77afb7a9-3f27-4b85-962a-c9c70d1ecd8b: start FollowerState
2019-09-26 10:06:52,483 [pool-595-thread-1] INFO  util.JmxRegister (JmxRegister.java:tryRegister(44)) - Successfully registered JMX Bean with object name Ratis:service=RaftServer,group=group-D3B14EF27706,id=77afb7a9-3f27-4b85-962a-c9c70d1ecd8b
2019-09-26 10:06:52,486 [RatisPipelineUtilsThread] INFO  pipeline.PipelineStateManager (PipelineStateManager.java:addPipeline(56)) - Created pipeline Pipeline[ Id: 6d9e264c-5819-475a-9f7c-d3b14ef27706, Nodes: 77afb7a9-3f27-4b85-962a-c9c70d1ecd8b{ip: 192.168.30.13, host: pr-hdds-1569-wvzgm-824869521, networkLocation: /default-rack, certSerialId: null}, Type:RATIS, Factor:ONE, State:OPEN]
2019-09-26 10:06:52,486 [RatisPipelineUtilsThread] INFO  pipeline.PipelinePlacementPolicy (PipelinePlacementPolicy.java:meetCriteria(91)) - Pipeline Placement: can't place more pipeline on heavy datanode： 4f799f37-ab1c-4be0-adf3-be30f86725ba Heaviness: 6 limit: 5
2019-09-26 10:06:52,490 [grpc-default-executor-1] INFO  impl.RaftServerProxy (RaftServerProxy.java:addNew(89)) - 77afb7a9-3f27-4b85-962a-c9c70d1ecd8b: addNew group-56070B4B380A:[77afb7a9-3f27-4b85-962a-c9c70d1ecd8b:192.168.30.13:39117] returns group-56070B4B380A:java.util.concurrent.CompletableFuture@638698d0[Not completed]
2019-09-26 10:06:52,491 [pool-595-thread-1] INFO  impl.RaftServerImpl (RaftServerImpl.java:<init>(95)) - 77afb7a9-3f27-4b85-962a-c9c70d1ecd8b: new RaftServerImpl for group-56070B4B380A:[77afb7a9-3f27-4b85-962a-c9c70d1ecd8b:192.168.30.13:39117] with ContainerStateMachine:uninitialized
2019-09-26 10:06:52,491 [pool-595-thread-1] INFO  server.RaftServerConfigKeys (ConfUtils.java:logGet(43)) - raft.server.rpc.timeout.min = 5s (custom)
2019-09-26 10:06:52,491 [pool-595-thread-1] INFO  server.RaftServerConfigKeys (ConfUtils.java:logGet(43)) - raft.server.rpc.timeout.max = 5200ms (custom)
2019-09-26 10:06:52,491 [pool-595-thread-1] INFO  server.RaftServerConfigKeys (ConfUtils.java:logGet(43)) - raft.server.rpcslowness.timeout = 120s (custom)
2019-09-26 10:06:52,491 [pool-595-thread-1] INFO  server.RaftServerConfigKeys (ConfUtils.java:logGet(43)) - raft.server.sleep.deviation.threshold = 300 (default)
2019-09-26 10:06:52,491 [pool-595-thread-1] INFO  server.RaftServerConfigKeys (ConfUtils.java:logGet(43)) - raft.server.log.appender.install.snapshot.enabled = false (custom)
2019-09-26 10:06:52,491 [pool-595-thread-1] INFO  impl.RaftServerImpl (ServerState.java:<init>(103)) - 77afb7a9-3f27-4b85-962a-c9c70d1ecd8b@group-56070B4B380A: ConfigurationManager, init=-1: [77afb7a9-3f27-4b85-962a-c9c70d1ecd8b:192.168.30.13:39117], old=null, confs=<EMPTY_MAP>
2019-09-26 10:06:52,492 [pool-595-thread-1] INFO  server.RaftServerConfigKeys (ConfUtils.java:logGet(43)) - raft.server.storage.dir = [/workdir/hadoop-ozone/integration-test/target/test-dir/MiniOzoneClusterImpl-3237421e-5f73-41b0-8605-c54d21f4eaa5/datanode-1/data/ratis] (custom)
2019-09-26 10:06:52,492 [pool-595-thread-1] INFO  storage.RaftStorageDirectory (RaftStorageDirectory.java:analyzeStorage(246)) - The storage directory /workdir/hadoop-ozone/integration-test/target/test-dir/MiniOzoneClusterImpl-3237421e-5f73-41b0-8605-c54d21f4eaa5/datanode-1/data/ratis/b5ea533c-f1d0-4764-87f4-56070b4b380a does not exist. Creating ...
2019-09-26 10:06:52,516 [pool-595-thread-1] INFO  storage.RaftStorageDirectory (RaftStorageDirectory.java:tryLock(328)) - Lock on /workdir/hadoop-ozone/integration-test/target/test-dir/MiniOzoneClusterImpl-3237421e-5f73-41b0-8605-c54d21f4eaa5/datanode-1/data/ratis/b5ea533c-f1d0-4764-87f4-56070b4b380a/in_use.lock acquired by nodename 19604@pr-hdds-1569-wvzgm-824869521
2019-09-26 10:06:52,529 [pool-595-thread-1] INFO  storage.RaftStorage (RaftStorage.java:format(72)) - Storage directory /workdir/hadoop-ozone/integration-test/target/test-dir/MiniOzoneClusterImpl-3237421e-5f73-41b0-8605-c54d21f4eaa5/datanode-1/data/ratis/b5ea533c-f1d0-4764-87f4-56070b4b380a has been successfully formatted.
2019-09-26 10:06:52,529 [pool-595-thread-1] INFO  ratis.ContainerStateMachine (ContainerStateMachine.java:loadSnapshot(230)) - group-56070B4B380A: The snapshot info is null. Setting the last applied indexto:(t:0, i:~)
2019-09-26 10:06:52,529 [pool-595-thread-1] INFO  server.RaftServerConfigKeys (ConfUtils.java:logGet(43)) - raft.server.notification.no-leader.timeout = 120s (custom)
2019-09-26 10:06:52,530 [pool-595-thread-1] INFO  server.RaftServerConfigKeys (ConfUtils.java:logGet(43)) - raft.server.log.use.memory = false (default)
2019-09-26 10:06:52,530 [pool-595-thread-1] INFO  server.RaftServerConfigKeys (ConfUtils.java:logGet(43)) - raft.server.log.purge.gap = 1000000 (custom)
2019-09-26 10:06:52,530 [pool-595-thread-1] INFO  server.RaftServerConfigKeys (ConfUtils.java:logGet(43)) - raft.server.log.appender.buffer.byte-limit = 33554432 (custom)
2019-09-26 10:06:52,530 [pool-595-thread-1] INFO  server.RaftServerConfigKeys (ConfUtils.java:logGet(43)) - raft.server.log.segment.size.max = 1048576 (custom)
2019-09-26 10:06:52,530 [pool-595-thread-1] INFO  server.RaftServerConfigKeys (ConfUtils.java:logGet(43)) - raft.server.log.segment.cache.num.max = 2 (custom)
2019-09-26 10:06:52,530 [pool-595-thread-1] INFO  segmented.SegmentedRaftLogWorker (SegmentedRaftLogWorker.java:<init>(172)) - new 77afb7a9-3f27-4b85-962a-c9c70d1ecd8b@group-56070B4B380A-SegmentedRaftLogWorker for RaftStorage:Storage Directory /workdir/hadoop-ozone/integration-test/target/test-dir/MiniOzoneClusterImpl-3237421e-5f73-41b0-8605-c54d21f4eaa5/datanode-1/data/ratis/b5ea533c-f1d0-4764-87f4-56070b4b380a
2019-09-26 10:06:52,530 [pool-595-thread-1] INFO  server.RaftServerConfigKeys (ConfUtils.java:logGet(43)) - raft.server.log.queue.byte-limit = 2147483647 (custom)
2019-09-26 10:06:52,531 [pool-595-thread-1] INFO  server.RaftServerConfigKeys (ConfUtils.java:logGet(43)) - raft.server.log.queue.element-limit = 1024 (custom)
2019-09-26 10:06:52,531 [pool-595-thread-1] INFO  server.RaftServerConfigKeys (ConfUtils.java:logGet(43)) - raft.server.log.segment.size.max = 1048576 (custom)
2019-09-26 10:06:52,531 [pool-595-thread-1] INFO  server.RaftServerConfigKeys (ConfUtils.java:logGet(43)) - raft.server.log.preallocated.size = 16384 (custom)
2019-09-26 10:06:52,531 [pool-595-thread-1] INFO  server.RaftServerConfigKeys (ConfUtils.java:logGet(43)) - raft.server.log.write.buffer.size = 33554432 (custom)
2019-09-26 10:06:52,531 [pool-595-thread-1] INFO  server.RaftServerConfigKeys (ConfUtils.java:logGet(43)) - raft.server.log.force.sync.num = 128 (default)
2019-09-26 10:06:52,531 [pool-595-thread-1] INFO  server.RaftServerConfigKeys (ConfUtils.java:logGet(43)) - raft.server.log.statemachine.data.sync = true (default)
2019-09-26 10:06:52,531 [pool-595-thread-1] INFO  server.RaftServerConfigKeys (ConfUtils.java:logGet(43)) - raft.server.log.statemachine.data.sync.timeout = 10s (default)
2019-09-26 10:06:52,532 [pool-595-thread-1] INFO  server.RaftServerConfigKeys (ConfUtils.java:logGet(43)) - raft.server.log.statemachine.data.sync.timeout.retry = -1 (default)
2019-09-26 10:06:52,532 [pool-595-thread-1] INFO  server.RaftServerConfigKeys (ConfUtils.java:logGet(43)) - raft.server.log.statemachine.data.caching.enabled = true (custom)
2019-09-26 10:06:52,532 [pool-595-thread-1] INFO  segmented.SegmentedRaftLogWorker (SegmentedRaftLogWorker.java:lambda$new$0(132)) - 77afb7a9-3f27-4b85-962a-c9c70d1ecd8b@group-56070B4B380A-SegmentedRaftLogWorker: flushIndex: setUnconditionally 0 -> -1
2019-09-26 10:06:52,532 [pool-595-thread-1] INFO  server.RaftServerConfigKeys (ConfUtils.java:logGet(43)) - raft.server.snapshot.auto.trigger.enabled = true (custom)
2019-09-26 10:06:52,533 [pool-595-thread-1] INFO  server.RaftServerConfigKeys (ConfUtils.java:logGet(43)) - raft.server.snapshot.auto.trigger.threshold = 10000 (custom)
2019-09-26 10:06:52,533 [pool-595-thread-1] INFO  server.RaftServerConfigKeys (ConfUtils.java:logGet(43)) - raft.server.snapshot.retention.num.files = 5 (custom)
2019-09-26 10:06:52,533 [pool-595-thread-1] INFO  server.RaftServerConfigKeys (ConfUtils.java:logGet(43)) - raft.server.retrycache.expirytime = 600000ms (custom)
2019-09-26 10:06:52,535 [pool-595-thread-1] INFO  impl.RaftServerImpl (RaftServerImpl.java:start(185)) - 77afb7a9-3f27-4b85-962a-c9c70d1ecd8b@group-56070B4B380A: start as a follower, conf=-1: [77afb7a9-3f27-4b85-962a-c9c70d1ecd8b:192.168.30.13:39117], old=null
2019-09-26 10:06:52,535 [pool-595-thread-1] INFO  impl.RaftServerImpl (RaftServerImpl.java:setRole(174)) - 77afb7a9-3f27-4b85-962a-c9c70d1ecd8b@group-56070B4B380A: changes role from      null to FOLLOWER at term 0 for startAsFollower
2019-09-26 10:06:52,535 [pool-595-thread-1] INFO  impl.RoleInfo (RoleInfo.java:updateAndGet(143)) - 77afb7a9-3f27-4b85-962a-c9c70d1ecd8b: start FollowerState
2019-09-26 10:06:52,535 [pool-595-thread-1] INFO  util.JmxRegister (JmxRegister.java:tryRegister(44)) - Successfully registered JMX Bean with object name Ratis:service=RaftServer,group=group-56070B4B380A,id=77afb7a9-3f27-4b85-962a-c9c70d1ecd8b
2019-09-26 10:06:52,538 [RatisPipelineUtilsThread] INFO  pipeline.PipelineStateManager (PipelineStateManager.java:addPipeline(56)) - Created pipeline Pipeline[ Id: b5ea533c-f1d0-4764-87f4-56070b4b380a, Nodes: 77afb7a9-3f27-4b85-962a-c9c70d1ecd8b{ip: 192.168.30.13, host: pr-hdds-1569-wvzgm-824869521, networkLocation: /default-rack, certSerialId: null}, Type:RATIS, Factor:ONE, State:OPEN]
2019-09-26 10:06:52,538 [RatisPipelineUtilsThread] INFO  pipeline.PipelinePlacementPolicy (PipelinePlacementPolicy.java:meetCriteria(91)) - Pipeline Placement: can't place more pipeline on heavy datanode： 4f799f37-ab1c-4be0-adf3-be30f86725ba Heaviness: 6 limit: 5
2019-09-26 10:06:52,549 [grpc-default-executor-1] INFO  impl.RaftServerProxy (RaftServerProxy.java:addNew(89)) - c8968d10-b107-4a89-b805-dd56466e025e: addNew group-E3B5766409A2:[c8968d10-b107-4a89-b805-dd56466e025e:192.168.30.13:41045] returns group-E3B5766409A2:java.util.concurrent.CompletableFuture@791809f5[Not completed]
2019-09-26 10:06:52,550 [pool-635-thread-1] INFO  impl.RaftServerImpl (RaftServerImpl.java:<init>(95)) - c8968d10-b107-4a89-b805-dd56466e025e: new RaftServerImpl for group-E3B5766409A2:[c8968d10-b107-4a89-b805-dd56466e025e:192.168.30.13:41045] with ContainerStateMachine:uninitialized
2019-09-26 10:06:52,550 [pool-635-thread-1] INFO  server.RaftServerConfigKeys (ConfUtils.java:logGet(43)) - raft.server.rpc.timeout.min = 5s (custom)
2019-09-26 10:06:52,550 [pool-635-thread-1] INFO  server.RaftServerConfigKeys (ConfUtils.java:logGet(43)) - raft.server.rpc.timeout.max = 5200ms (custom)
2019-09-26 10:06:52,551 [pool-635-thread-1] INFO  server.RaftServerConfigKeys (ConfUtils.java:logGet(43)) - raft.server.rpcslowness.timeout = 120s (custom)
2019-09-26 10:06:52,551 [pool-635-thread-1] INFO  server.RaftServerConfigKeys (ConfUtils.java:logGet(43)) - raft.server.sleep.deviation.threshold = 300 (default)
2019-09-26 10:06:52,551 [pool-635-thread-1] INFO  server.RaftServerConfigKeys (ConfUtils.java:logGet(43)) - raft.server.log.appender.install.snapshot.enabled = false (custom)
2019-09-26 10:06:52,551 [pool-635-thread-1] INFO  impl.RaftServerImpl (ServerState.java:<init>(103)) - c8968d10-b107-4a89-b805-dd56466e025e@group-E3B5766409A2: ConfigurationManager, init=-1: [c8968d10-b107-4a89-b805-dd56466e025e:192.168.30.13:41045], old=null, confs=<EMPTY_MAP>
2019-09-26 10:06:52,551 [pool-635-thread-1] INFO  server.RaftServerConfigKeys (ConfUtils.java:logGet(43)) - raft.server.storage.dir = [/workdir/hadoop-ozone/integration-test/target/test-dir/MiniOzoneClusterImpl-3237421e-5f73-41b0-8605-c54d21f4eaa5/datanode-5/data/ratis] (custom)
2019-09-26 10:06:52,552 [pool-635-thread-1] INFO  storage.RaftStorageDirectory (RaftStorageDirectory.java:analyzeStorage(246)) - The storage directory /workdir/hadoop-ozone/integration-test/target/test-dir/MiniOzoneClusterImpl-3237421e-5f73-41b0-8605-c54d21f4eaa5/datanode-5/data/ratis/840c5877-91ab-4066-8f34-e3b5766409a2 does not exist. Creating ...
2019-09-26 10:06:52,565 [pool-635-thread-1] INFO  storage.RaftStorageDirectory (RaftStorageDirectory.java:tryLock(328)) - Lock on /workdir/hadoop-ozone/integration-test/target/test-dir/MiniOzoneClusterImpl-3237421e-5f73-41b0-8605-c54d21f4eaa5/datanode-5/data/ratis/840c5877-91ab-4066-8f34-e3b5766409a2/in_use.lock acquired by nodename 19604@pr-hdds-1569-wvzgm-824869521
2019-09-26 10:06:52,577 [pool-635-thread-1] INFO  storage.RaftStorage (RaftStorage.java:format(72)) - Storage directory /workdir/hadoop-ozone/integration-test/target/test-dir/MiniOzoneClusterImpl-3237421e-5f73-41b0-8605-c54d21f4eaa5/datanode-5/data/ratis/840c5877-91ab-4066-8f34-e3b5766409a2 has been successfully formatted.
2019-09-26 10:06:52,577 [pool-635-thread-1] INFO  ratis.ContainerStateMachine (ContainerStateMachine.java:loadSnapshot(230)) - group-E3B5766409A2: The snapshot info is null. Setting the last applied indexto:(t:0, i:~)
2019-09-26 10:06:52,578 [pool-635-thread-1] INFO  server.RaftServerConfigKeys (ConfUtils.java:logGet(43)) - raft.server.notification.no-leader.timeout = 120s (custom)
2019-09-26 10:06:52,578 [pool-635-thread-1] INFO  server.RaftServerConfigKeys (ConfUtils.java:logGet(43)) - raft.server.log.use.memory = false (default)
2019-09-26 10:06:52,578 [pool-635-thread-1] INFO  server.RaftServerConfigKeys (ConfUtils.java:logGet(43)) - raft.server.log.purge.gap = 1000000 (custom)
2019-09-26 10:06:52,578 [pool-635-thread-1] INFO  server.RaftServerConfigKeys (ConfUtils.java:logGet(43)) - raft.server.log.appender.buffer.byte-limit = 33554432 (custom)
2019-09-26 10:06:52,578 [pool-635-thread-1] INFO  server.RaftServerConfigKeys (ConfUtils.java:logGet(43)) - raft.server.log.segment.size.max = 1048576 (custom)
2019-09-26 10:06:52,578 [pool-635-thread-1] INFO  server.RaftServerConfigKeys (ConfUtils.java:logGet(43)) - raft.server.log.segment.cache.num.max = 2 (custom)
2019-09-26 10:06:52,579 [pool-635-thread-1] INFO  segmented.SegmentedRaftLogWorker (SegmentedRaftLogWorker.java:<init>(172)) - new c8968d10-b107-4a89-b805-dd56466e025e@group-E3B5766409A2-SegmentedRaftLogWorker for RaftStorage:Storage Directory /workdir/hadoop-ozone/integration-test/target/test-dir/MiniOzoneClusterImpl-3237421e-5f73-41b0-8605-c54d21f4eaa5/datanode-5/data/ratis/840c5877-91ab-4066-8f34-e3b5766409a2
2019-09-26 10:06:52,580 [pool-635-thread-1] INFO  server.RaftServerConfigKeys (ConfUtils.java:logGet(43)) - raft.server.log.queue.byte-limit = 2147483647 (custom)
2019-09-26 10:06:52,581 [pool-635-thread-1] INFO  server.RaftServerConfigKeys (ConfUtils.java:logGet(43)) - raft.server.log.queue.element-limit = 1024 (custom)
2019-09-26 10:06:52,581 [pool-635-thread-1] INFO  server.RaftServerConfigKeys (ConfUtils.java:logGet(43)) - raft.server.log.segment.size.max = 1048576 (custom)
2019-09-26 10:06:52,581 [pool-635-thread-1] INFO  server.RaftServerConfigKeys (ConfUtils.java:logGet(43)) - raft.server.log.preallocated.size = 16384 (custom)
2019-09-26 10:06:52,581 [pool-635-thread-1] INFO  server.RaftServerConfigKeys (ConfUtils.java:logGet(43)) - raft.server.log.write.buffer.size = 33554432 (custom)
2019-09-26 10:06:52,581 [pool-635-thread-1] INFO  server.RaftServerConfigKeys (ConfUtils.java:logGet(43)) - raft.server.log.force.sync.num = 128 (default)
2019-09-26 10:06:52,581 [pool-635-thread-1] INFO  server.RaftServerConfigKeys (ConfUtils.java:logGet(43)) - raft.server.log.statemachine.data.sync = true (default)
2019-09-26 10:06:52,582 [pool-635-thread-1] INFO  server.RaftServerConfigKeys (ConfUtils.java:logGet(43)) - raft.server.log.statemachine.data.sync.timeout = 10s (default)
2019-09-26 10:06:52,582 [pool-635-thread-1] INFO  server.RaftServerConfigKeys (ConfUtils.java:logGet(43)) - raft.server.log.statemachine.data.sync.timeout.retry = -1 (default)
2019-09-26 10:06:52,582 [pool-635-thread-1] INFO  server.RaftServerConfigKeys (ConfUtils.java:logGet(43)) - raft.server.log.statemachine.data.caching.enabled = true (custom)
2019-09-26 10:06:52,582 [pool-635-thread-1] INFO  segmented.SegmentedRaftLogWorker (SegmentedRaftLogWorker.java:lambda$new$0(132)) - c8968d10-b107-4a89-b805-dd56466e025e@group-E3B5766409A2-SegmentedRaftLogWorker: flushIndex: setUnconditionally 0 -> -1
2019-09-26 10:06:52,583 [pool-635-thread-1] INFO  server.RaftServerConfigKeys (ConfUtils.java:logGet(43)) - raft.server.snapshot.auto.trigger.enabled = true (custom)
2019-09-26 10:06:52,583 [pool-635-thread-1] INFO  server.RaftServerConfigKeys (ConfUtils.java:logGet(43)) - raft.server.snapshot.auto.trigger.threshold = 10000 (custom)
2019-09-26 10:06:52,583 [pool-635-thread-1] INFO  server.RaftServerConfigKeys (ConfUtils.java:logGet(43)) - raft.server.snapshot.retention.num.files = 5 (custom)
2019-09-26 10:06:52,583 [pool-635-thread-1] INFO  server.RaftServerConfigKeys (ConfUtils.java:logGet(43)) - raft.server.retrycache.expirytime = 600000ms (custom)
2019-09-26 10:06:52,585 [pool-635-thread-1] INFO  impl.RaftServerImpl (RaftServerImpl.java:start(185)) - c8968d10-b107-4a89-b805-dd56466e025e@group-E3B5766409A2: start as a follower, conf=-1: [c8968d10-b107-4a89-b805-dd56466e025e:192.168.30.13:41045], old=null
2019-09-26 10:06:52,585 [pool-635-thread-1] INFO  impl.RaftServerImpl (RaftServerImpl.java:setRole(174)) - c8968d10-b107-4a89-b805-dd56466e025e@group-E3B5766409A2: changes role from      null to FOLLOWER at term 0 for startAsFollower
2019-09-26 10:06:52,585 [pool-635-thread-1] INFO  impl.RoleInfo (RoleInfo.java:updateAndGet(143)) - c8968d10-b107-4a89-b805-dd56466e025e: start FollowerState
2019-09-26 10:06:52,586 [pool-635-thread-1] INFO  util.JmxRegister (JmxRegister.java:tryRegister(44)) - Successfully registered JMX Bean with object name Ratis:service=RaftServer,group=group-E3B5766409A2,id=c8968d10-b107-4a89-b805-dd56466e025e
2019-09-26 10:06:52,588 [RatisPipelineUtilsThread] INFO  pipeline.PipelineStateManager (PipelineStateManager.java:addPipeline(56)) - Created pipeline Pipeline[ Id: 840c5877-91ab-4066-8f34-e3b5766409a2, Nodes: c8968d10-b107-4a89-b805-dd56466e025e{ip: 192.168.30.13, host: pr-hdds-1569-wvzgm-824869521, networkLocation: /default-rack, certSerialId: null}, Type:RATIS, Factor:ONE, State:OPEN]
2019-09-26 10:06:52,589 [RatisPipelineUtilsThread] INFO  pipeline.PipelinePlacementPolicy (PipelinePlacementPolicy.java:meetCriteria(91)) - Pipeline Placement: can't place more pipeline on heavy datanode： 4f799f37-ab1c-4be0-adf3-be30f86725ba Heaviness: 6 limit: 5
2019-09-26 10:06:52,592 [grpc-default-executor-1] INFO  impl.RaftServerProxy (RaftServerProxy.java:addNew(89)) - 4c0de2d3-09dd-47d7-b7a1-4f63a4eb8acf: addNew group-FCA0847B1241:[4c0de2d3-09dd-47d7-b7a1-4f63a4eb8acf:192.168.30.13:40522] returns group-FCA0847B1241:java.util.concurrent.CompletableFuture@3fd3ad4e[Not completed]
2019-09-26 10:06:52,593 [pool-615-thread-1] INFO  impl.RaftServerImpl (RaftServerImpl.java:<init>(95)) - 4c0de2d3-09dd-47d7-b7a1-4f63a4eb8acf: new RaftServerImpl for group-FCA0847B1241:[4c0de2d3-09dd-47d7-b7a1-4f63a4eb8acf:192.168.30.13:40522] with ContainerStateMachine:uninitialized
2019-09-26 10:06:52,593 [pool-615-thread-1] INFO  server.RaftServerConfigKeys (ConfUtils.java:logGet(43)) - raft.server.rpc.timeout.min = 5s (custom)
2019-09-26 10:06:52,594 [pool-615-thread-1] INFO  server.RaftServerConfigKeys (ConfUtils.java:logGet(43)) - raft.server.rpc.timeout.max = 5200ms (custom)
2019-09-26 10:06:52,594 [pool-615-thread-1] INFO  server.RaftServerConfigKeys (ConfUtils.java:logGet(43)) - raft.server.rpcslowness.timeout = 120s (custom)
2019-09-26 10:06:52,594 [pool-615-thread-1] INFO  server.RaftServerConfigKeys (ConfUtils.java:logGet(43)) - raft.server.sleep.deviation.threshold = 300 (default)
2019-09-26 10:06:52,594 [pool-615-thread-1] INFO  server.RaftServerConfigKeys (ConfUtils.java:logGet(43)) - raft.server.log.appender.install.snapshot.enabled = false (custom)
2019-09-26 10:06:52,594 [pool-615-thread-1] INFO  impl.RaftServerImpl (ServerState.java:<init>(103)) - 4c0de2d3-09dd-47d7-b7a1-4f63a4eb8acf@group-FCA0847B1241: ConfigurationManager, init=-1: [4c0de2d3-09dd-47d7-b7a1-4f63a4eb8acf:192.168.30.13:40522], old=null, confs=<EMPTY_MAP>
2019-09-26 10:06:52,594 [pool-615-thread-1] INFO  server.RaftServerConfigKeys (ConfUtils.java:logGet(43)) - raft.server.storage.dir = [/workdir/hadoop-ozone/integration-test/target/test-dir/MiniOzoneClusterImpl-3237421e-5f73-41b0-8605-c54d21f4eaa5/datanode-3/data/ratis] (custom)
2019-09-26 10:06:52,595 [pool-615-thread-1] INFO  storage.RaftStorageDirectory (RaftStorageDirectory.java:analyzeStorage(246)) - The storage directory /workdir/hadoop-ozone/integration-test/target/test-dir/MiniOzoneClusterImpl-3237421e-5f73-41b0-8605-c54d21f4eaa5/datanode-3/data/ratis/eea51f1f-606a-4731-9468-fca0847b1241 does not exist. Creating ...
2019-09-26 10:06:52,608 [pool-615-thread-1] INFO  storage.RaftStorageDirectory (RaftStorageDirectory.java:tryLock(328)) - Lock on /workdir/hadoop-ozone/integration-test/target/test-dir/MiniOzoneClusterImpl-3237421e-5f73-41b0-8605-c54d21f4eaa5/datanode-3/data/ratis/eea51f1f-606a-4731-9468-fca0847b1241/in_use.lock acquired by nodename 19604@pr-hdds-1569-wvzgm-824869521
2019-09-26 10:06:52,626 [pool-615-thread-1] INFO  storage.RaftStorage (RaftStorage.java:format(72)) - Storage directory /workdir/hadoop-ozone/integration-test/target/test-dir/MiniOzoneClusterImpl-3237421e-5f73-41b0-8605-c54d21f4eaa5/datanode-3/data/ratis/eea51f1f-606a-4731-9468-fca0847b1241 has been successfully formatted.
2019-09-26 10:06:52,626 [pool-615-thread-1] INFO  ratis.ContainerStateMachine (ContainerStateMachine.java:loadSnapshot(230)) - group-FCA0847B1241: The snapshot info is null. Setting the last applied indexto:(t:0, i:~)
2019-09-26 10:06:52,626 [pool-615-thread-1] INFO  server.RaftServerConfigKeys (ConfUtils.java:logGet(43)) - raft.server.notification.no-leader.timeout = 120s (custom)
2019-09-26 10:06:52,626 [pool-615-thread-1] INFO  server.RaftServerConfigKeys (ConfUtils.java:logGet(43)) - raft.server.log.use.memory = false (default)
2019-09-26 10:06:52,626 [pool-615-thread-1] INFO  server.RaftServerConfigKeys (ConfUtils.java:logGet(43)) - raft.server.log.purge.gap = 1000000 (custom)
2019-09-26 10:06:52,626 [pool-615-thread-1] INFO  server.RaftServerConfigKeys (ConfUtils.java:logGet(43)) - raft.server.log.appender.buffer.byte-limit = 33554432 (custom)
2019-09-26 10:06:52,627 [pool-615-thread-1] INFO  server.RaftServerConfigKeys (ConfUtils.java:logGet(43)) - raft.server.log.segment.size.max = 1048576 (custom)
2019-09-26 10:06:52,627 [pool-615-thread-1] INFO  server.RaftServerConfigKeys (ConfUtils.java:logGet(43)) - raft.server.log.segment.cache.num.max = 2 (custom)
2019-09-26 10:06:52,627 [pool-615-thread-1] INFO  segmented.SegmentedRaftLogWorker (SegmentedRaftLogWorker.java:<init>(172)) - new 4c0de2d3-09dd-47d7-b7a1-4f63a4eb8acf@group-FCA0847B1241-SegmentedRaftLogWorker for RaftStorage:Storage Directory /workdir/hadoop-ozone/integration-test/target/test-dir/MiniOzoneClusterImpl-3237421e-5f73-41b0-8605-c54d21f4eaa5/datanode-3/data/ratis/eea51f1f-606a-4731-9468-fca0847b1241
2019-09-26 10:06:52,627 [pool-615-thread-1] INFO  server.RaftServerConfigKeys (ConfUtils.java:logGet(43)) - raft.server.log.queue.byte-limit = 2147483647 (custom)
2019-09-26 10:06:52,627 [pool-615-thread-1] INFO  server.RaftServerConfigKeys (ConfUtils.java:logGet(43)) - raft.server.log.queue.element-limit = 1024 (custom)
2019-09-26 10:06:52,627 [pool-615-thread-1] INFO  server.RaftServerConfigKeys (ConfUtils.java:logGet(43)) - raft.server.log.segment.size.max = 1048576 (custom)
2019-09-26 10:06:52,627 [pool-615-thread-1] INFO  server.RaftServerConfigKeys (ConfUtils.java:logGet(43)) - raft.server.log.preallocated.size = 16384 (custom)
2019-09-26 10:06:52,628 [pool-615-thread-1] INFO  server.RaftServerConfigKeys (ConfUtils.java:logGet(43)) - raft.server.log.write.buffer.size = 33554432 (custom)
2019-09-26 10:06:52,628 [pool-615-thread-1] INFO  server.RaftServerConfigKeys (ConfUtils.java:logGet(43)) - raft.server.log.force.sync.num = 128 (default)
2019-09-26 10:06:52,628 [pool-615-thread-1] INFO  server.RaftServerConfigKeys (ConfUtils.java:logGet(43)) - raft.server.log.statemachine.data.sync = true (default)
2019-09-26 10:06:52,628 [pool-615-thread-1] INFO  server.RaftServerConfigKeys (ConfUtils.java:logGet(43)) - raft.server.log.statemachine.data.sync.timeout = 10s (default)
2019-09-26 10:06:52,628 [pool-615-thread-1] INFO  server.RaftServerConfigKeys (ConfUtils.java:logGet(43)) - raft.server.log.statemachine.data.sync.timeout.retry = -1 (default)
2019-09-26 10:06:52,628 [pool-615-thread-1] INFO  server.RaftServerConfigKeys (ConfUtils.java:logGet(43)) - raft.server.log.statemachine.data.caching.enabled = true (custom)
2019-09-26 10:06:52,629 [pool-615-thread-1] INFO  segmented.SegmentedRaftLogWorker (SegmentedRaftLogWorker.java:lambda$new$0(132)) - 4c0de2d3-09dd-47d7-b7a1-4f63a4eb8acf@group-FCA0847B1241-SegmentedRaftLogWorker: flushIndex: setUnconditionally 0 -> -1
2019-09-26 10:06:52,629 [pool-615-thread-1] INFO  server.RaftServerConfigKeys (ConfUtils.java:logGet(43)) - raft.server.snapshot.auto.trigger.enabled = true (custom)
2019-09-26 10:06:52,629 [pool-615-thread-1] INFO  server.RaftServerConfigKeys (ConfUtils.java:logGet(43)) - raft.server.snapshot.auto.trigger.threshold = 10000 (custom)
2019-09-26 10:06:52,629 [pool-615-thread-1] INFO  server.RaftServerConfigKeys (ConfUtils.java:logGet(43)) - raft.server.snapshot.retention.num.files = 5 (custom)
2019-09-26 10:06:52,629 [pool-615-thread-1] INFO  server.RaftServerConfigKeys (ConfUtils.java:logGet(43)) - raft.server.retrycache.expirytime = 600000ms (custom)
2019-09-26 10:06:52,631 [pool-615-thread-1] INFO  impl.RaftServerImpl (RaftServerImpl.java:start(185)) - 4c0de2d3-09dd-47d7-b7a1-4f63a4eb8acf@group-FCA0847B1241: start as a follower, conf=-1: [4c0de2d3-09dd-47d7-b7a1-4f63a4eb8acf:192.168.30.13:40522], old=null
2019-09-26 10:06:52,631 [pool-615-thread-1] INFO  impl.RaftServerImpl (RaftServerImpl.java:setRole(174)) - 4c0de2d3-09dd-47d7-b7a1-4f63a4eb8acf@group-FCA0847B1241: changes role from      null to FOLLOWER at term 0 for startAsFollower
2019-09-26 10:06:52,631 [pool-615-thread-1] INFO  impl.RoleInfo (RoleInfo.java:updateAndGet(143)) - 4c0de2d3-09dd-47d7-b7a1-4f63a4eb8acf: start FollowerState
2019-09-26 10:06:52,632 [pool-615-thread-1] INFO  util.JmxRegister (JmxRegister.java:tryRegister(44)) - Successfully registered JMX Bean with object name Ratis:service=RaftServer,group=group-FCA0847B1241,id=4c0de2d3-09dd-47d7-b7a1-4f63a4eb8acf
2019-09-26 10:06:52,634 [RatisPipelineUtilsThread] INFO  pipeline.PipelineStateManager (PipelineStateManager.java:addPipeline(56)) - Created pipeline Pipeline[ Id: eea51f1f-606a-4731-9468-fca0847b1241, Nodes: 4c0de2d3-09dd-47d7-b7a1-4f63a4eb8acf{ip: 192.168.30.13, host: pr-hdds-1569-wvzgm-824869521, networkLocation: /default-rack, certSerialId: null}, Type:RATIS, Factor:ONE, State:OPEN]
2019-09-26 10:06:52,634 [RatisPipelineUtilsThread] INFO  pipeline.PipelinePlacementPolicy (PipelinePlacementPolicy.java:meetCriteria(91)) - Pipeline Placement: can't place more pipeline on heavy datanode： 4f799f37-ab1c-4be0-adf3-be30f86725ba Heaviness: 6 limit: 5
2019-09-26 10:06:52,644 [grpc-default-executor-1] INFO  impl.RaftServerProxy (RaftServerProxy.java:addNew(89)) - c3e403b7-5a1e-4aac-9b5a-0aedadd701b5: addNew group-18FB135A52EE:[c3e403b7-5a1e-4aac-9b5a-0aedadd701b5:192.168.30.13:38271] returns group-18FB135A52EE:java.util.concurrent.CompletableFuture@310331b3[Not completed]
2019-09-26 10:06:52,646 [pool-605-thread-1] INFO  impl.RaftServerImpl (RaftServerImpl.java:<init>(95)) - c3e403b7-5a1e-4aac-9b5a-0aedadd701b5: new RaftServerImpl for group-18FB135A52EE:[c3e403b7-5a1e-4aac-9b5a-0aedadd701b5:192.168.30.13:38271] with ContainerStateMachine:uninitialized
2019-09-26 10:06:52,646 [pool-605-thread-1] INFO  server.RaftServerConfigKeys (ConfUtils.java:logGet(43)) - raft.server.rpc.timeout.min = 5s (custom)
2019-09-26 10:06:52,646 [pool-605-thread-1] INFO  server.RaftServerConfigKeys (ConfUtils.java:logGet(43)) - raft.server.rpc.timeout.max = 5200ms (custom)
2019-09-26 10:06:52,646 [pool-605-thread-1] INFO  server.RaftServerConfigKeys (ConfUtils.java:logGet(43)) - raft.server.rpcslowness.timeout = 120s (custom)
2019-09-26 10:06:52,646 [pool-605-thread-1] INFO  server.RaftServerConfigKeys (ConfUtils.java:logGet(43)) - raft.server.sleep.deviation.threshold = 300 (default)
2019-09-26 10:06:52,647 [pool-605-thread-1] INFO  server.RaftServerConfigKeys (ConfUtils.java:logGet(43)) - raft.server.log.appender.install.snapshot.enabled = false (custom)
2019-09-26 10:06:52,647 [pool-605-thread-1] INFO  impl.RaftServerImpl (ServerState.java:<init>(103)) - c3e403b7-5a1e-4aac-9b5a-0aedadd701b5@group-18FB135A52EE: ConfigurationManager, init=-1: [c3e403b7-5a1e-4aac-9b5a-0aedadd701b5:192.168.30.13:38271], old=null, confs=<EMPTY_MAP>
2019-09-26 10:06:52,647 [pool-605-thread-1] INFO  server.RaftServerConfigKeys (ConfUtils.java:logGet(43)) - raft.server.storage.dir = [/workdir/hadoop-ozone/integration-test/target/test-dir/MiniOzoneClusterImpl-3237421e-5f73-41b0-8605-c54d21f4eaa5/datanode-2/data/ratis] (custom)
2019-09-26 10:06:52,647 [pool-605-thread-1] INFO  storage.RaftStorageDirectory (RaftStorageDirectory.java:analyzeStorage(246)) - The storage directory /workdir/hadoop-ozone/integration-test/target/test-dir/MiniOzoneClusterImpl-3237421e-5f73-41b0-8605-c54d21f4eaa5/datanode-2/data/ratis/34d298c7-a3c6-4ac1-baa2-18fb135a52ee does not exist. Creating ...
2019-09-26 10:06:52,660 [pool-605-thread-1] INFO  storage.RaftStorageDirectory (RaftStorageDirectory.java:tryLock(328)) - Lock on /workdir/hadoop-ozone/integration-test/target/test-dir/MiniOzoneClusterImpl-3237421e-5f73-41b0-8605-c54d21f4eaa5/datanode-2/data/ratis/34d298c7-a3c6-4ac1-baa2-18fb135a52ee/in_use.lock acquired by nodename 19604@pr-hdds-1569-wvzgm-824869521
2019-09-26 10:06:52,673 [pool-605-thread-1] INFO  storage.RaftStorage (RaftStorage.java:format(72)) - Storage directory /workdir/hadoop-ozone/integration-test/target/test-dir/MiniOzoneClusterImpl-3237421e-5f73-41b0-8605-c54d21f4eaa5/datanode-2/data/ratis/34d298c7-a3c6-4ac1-baa2-18fb135a52ee has been successfully formatted.
2019-09-26 10:06:52,673 [pool-605-thread-1] INFO  ratis.ContainerStateMachine (ContainerStateMachine.java:loadSnapshot(230)) - group-18FB135A52EE: The snapshot info is null. Setting the last applied indexto:(t:0, i:~)
2019-09-26 10:06:52,673 [pool-605-thread-1] INFO  server.RaftServerConfigKeys (ConfUtils.java:logGet(43)) - raft.server.notification.no-leader.timeout = 120s (custom)
2019-09-26 10:06:52,674 [pool-605-thread-1] INFO  server.RaftServerConfigKeys (ConfUtils.java:logGet(43)) - raft.server.log.use.memory = false (default)
2019-09-26 10:06:52,674 [pool-605-thread-1] INFO  server.RaftServerConfigKeys (ConfUtils.java:logGet(43)) - raft.server.log.purge.gap = 1000000 (custom)
2019-09-26 10:06:52,674 [pool-605-thread-1] INFO  server.RaftServerConfigKeys (ConfUtils.java:logGet(43)) - raft.server.log.appender.buffer.byte-limit = 33554432 (custom)
2019-09-26 10:06:52,674 [pool-605-thread-1] INFO  server.RaftServerConfigKeys (ConfUtils.java:logGet(43)) - raft.server.log.segment.size.max = 1048576 (custom)
2019-09-26 10:06:52,674 [pool-605-thread-1] INFO  server.RaftServerConfigKeys (ConfUtils.java:logGet(43)) - raft.server.log.segment.cache.num.max = 2 (custom)
2019-09-26 10:06:52,674 [pool-605-thread-1] INFO  segmented.SegmentedRaftLogWorker (SegmentedRaftLogWorker.java:<init>(172)) - new c3e403b7-5a1e-4aac-9b5a-0aedadd701b5@group-18FB135A52EE-SegmentedRaftLogWorker for RaftStorage:Storage Directory /workdir/hadoop-ozone/integration-test/target/test-dir/MiniOzoneClusterImpl-3237421e-5f73-41b0-8605-c54d21f4eaa5/datanode-2/data/ratis/34d298c7-a3c6-4ac1-baa2-18fb135a52ee
2019-09-26 10:06:52,676 [pool-605-thread-1] INFO  server.RaftServerConfigKeys (ConfUtils.java:logGet(43)) - raft.server.log.queue.byte-limit = 2147483647 (custom)
2019-09-26 10:06:52,676 [pool-605-thread-1] INFO  server.RaftServerConfigKeys (ConfUtils.java:logGet(43)) - raft.server.log.queue.element-limit = 1024 (custom)
2019-09-26 10:06:52,677 [pool-605-thread-1] INFO  server.RaftServerConfigKeys (ConfUtils.java:logGet(43)) - raft.server.log.segment.size.max = 1048576 (custom)
2019-09-26 10:06:52,677 [pool-605-thread-1] INFO  server.RaftServerConfigKeys (ConfUtils.java:logGet(43)) - raft.server.log.preallocated.size = 16384 (custom)
2019-09-26 10:06:52,677 [pool-605-thread-1] INFO  server.RaftServerConfigKeys (ConfUtils.java:logGet(43)) - raft.server.log.write.buffer.size = 33554432 (custom)
2019-09-26 10:06:52,677 [pool-605-thread-1] INFO  server.RaftServerConfigKeys (ConfUtils.java:logGet(43)) - raft.server.log.force.sync.num = 128 (default)
2019-09-26 10:06:52,677 [pool-605-thread-1] INFO  server.RaftServerConfigKeys (ConfUtils.java:logGet(43)) - raft.server.log.statemachine.data.sync = true (default)
2019-09-26 10:06:52,677 [pool-605-thread-1] INFO  server.RaftServerConfigKeys (ConfUtils.java:logGet(43)) - raft.server.log.statemachine.data.sync.timeout = 10s (default)
2019-09-26 10:06:52,678 [pool-605-thread-1] INFO  server.RaftServerConfigKeys (ConfUtils.java:logGet(43)) - raft.server.log.statemachine.data.sync.timeout.retry = -1 (default)
2019-09-26 10:06:52,678 [pool-605-thread-1] INFO  server.RaftServerConfigKeys (ConfUtils.java:logGet(43)) - raft.server.log.statemachine.data.caching.enabled = true (custom)
2019-09-26 10:06:52,678 [pool-605-thread-1] INFO  segmented.SegmentedRaftLogWorker (SegmentedRaftLogWorker.java:lambda$new$0(132)) - c3e403b7-5a1e-4aac-9b5a-0aedadd701b5@group-18FB135A52EE-SegmentedRaftLogWorker: flushIndex: setUnconditionally 0 -> -1
2019-09-26 10:06:52,679 [pool-605-thread-1] INFO  server.RaftServerConfigKeys (ConfUtils.java:logGet(43)) - raft.server.snapshot.auto.trigger.enabled = true (custom)
2019-09-26 10:06:52,679 [pool-605-thread-1] INFO  server.RaftServerConfigKeys (ConfUtils.java:logGet(43)) - raft.server.snapshot.auto.trigger.threshold = 10000 (custom)
2019-09-26 10:06:52,679 [pool-605-thread-1] INFO  server.RaftServerConfigKeys (ConfUtils.java:logGet(43)) - raft.server.snapshot.retention.num.files = 5 (custom)
2019-09-26 10:06:52,679 [pool-605-thread-1] INFO  server.RaftServerConfigKeys (ConfUtils.java:logGet(43)) - raft.server.retrycache.expirytime = 600000ms (custom)
2019-09-26 10:06:52,681 [pool-605-thread-1] INFO  impl.RaftServerImpl (RaftServerImpl.java:start(185)) - c3e403b7-5a1e-4aac-9b5a-0aedadd701b5@group-18FB135A52EE: start as a follower, conf=-1: [c3e403b7-5a1e-4aac-9b5a-0aedadd701b5:192.168.30.13:38271], old=null
2019-09-26 10:06:52,681 [pool-605-thread-1] INFO  impl.RaftServerImpl (RaftServerImpl.java:setRole(174)) - c3e403b7-5a1e-4aac-9b5a-0aedadd701b5@group-18FB135A52EE: changes role from      null to FOLLOWER at term 0 for startAsFollower
2019-09-26 10:06:52,681 [pool-605-thread-1] INFO  impl.RoleInfo (RoleInfo.java:updateAndGet(143)) - c3e403b7-5a1e-4aac-9b5a-0aedadd701b5: start FollowerState
2019-09-26 10:06:52,681 [pool-605-thread-1] INFO  util.JmxRegister (JmxRegister.java:tryRegister(44)) - Successfully registered JMX Bean with object name Ratis:service=RaftServer,group=group-18FB135A52EE,id=c3e403b7-5a1e-4aac-9b5a-0aedadd701b5
2019-09-26 10:06:52,683 [RatisPipelineUtilsThread] INFO  pipeline.PipelineStateManager (PipelineStateManager.java:addPipeline(56)) - Created pipeline Pipeline[ Id: 34d298c7-a3c6-4ac1-baa2-18fb135a52ee, Nodes: c3e403b7-5a1e-4aac-9b5a-0aedadd701b5{ip: 192.168.30.13, host: pr-hdds-1569-wvzgm-824869521, networkLocation: /default-rack, certSerialId: null}, Type:RATIS, Factor:ONE, State:OPEN]
2019-09-26 10:06:52,684 [RatisPipelineUtilsThread] INFO  pipeline.PipelinePlacementPolicy (PipelinePlacementPolicy.java:meetCriteria(91)) - Pipeline Placement: can't place more pipeline on heavy datanode： 4f799f37-ab1c-4be0-adf3-be30f86725ba Heaviness: 6 limit: 5
2019-09-26 10:06:52,687 [grpc-default-executor-1] INFO  impl.RaftServerProxy (RaftServerProxy.java:addNew(89)) - 77afb7a9-3f27-4b85-962a-c9c70d1ecd8b: addNew group-0915DA565C1F:[77afb7a9-3f27-4b85-962a-c9c70d1ecd8b:192.168.30.13:39117] returns group-0915DA565C1F:java.util.concurrent.CompletableFuture@7f394d48[Not completed]
2019-09-26 10:06:52,689 [pool-595-thread-1] INFO  impl.RaftServerImpl (RaftServerImpl.java:<init>(95)) - 77afb7a9-3f27-4b85-962a-c9c70d1ecd8b: new RaftServerImpl for group-0915DA565C1F:[77afb7a9-3f27-4b85-962a-c9c70d1ecd8b:192.168.30.13:39117] with ContainerStateMachine:uninitialized
2019-09-26 10:06:52,690 [pool-595-thread-1] INFO  server.RaftServerConfigKeys (ConfUtils.java:logGet(43)) - raft.server.rpc.timeout.min = 5s (custom)
2019-09-26 10:06:52,690 [pool-595-thread-1] INFO  server.RaftServerConfigKeys (ConfUtils.java:logGet(43)) - raft.server.rpc.timeout.max = 5200ms (custom)
2019-09-26 10:06:52,690 [pool-595-thread-1] INFO  server.RaftServerConfigKeys (ConfUtils.java:logGet(43)) - raft.server.rpcslowness.timeout = 120s (custom)
2019-09-26 10:06:52,690 [pool-595-thread-1] INFO  server.RaftServerConfigKeys (ConfUtils.java:logGet(43)) - raft.server.sleep.deviation.threshold = 300 (default)
2019-09-26 10:06:52,690 [pool-595-thread-1] INFO  server.RaftServerConfigKeys (ConfUtils.java:logGet(43)) - raft.server.log.appender.install.snapshot.enabled = false (custom)
2019-09-26 10:06:52,690 [pool-595-thread-1] INFO  impl.RaftServerImpl (ServerState.java:<init>(103)) - 77afb7a9-3f27-4b85-962a-c9c70d1ecd8b@group-0915DA565C1F: ConfigurationManager, init=-1: [77afb7a9-3f27-4b85-962a-c9c70d1ecd8b:192.168.30.13:39117], old=null, confs=<EMPTY_MAP>
2019-09-26 10:06:52,691 [pool-595-thread-1] INFO  server.RaftServerConfigKeys (ConfUtils.java:logGet(43)) - raft.server.storage.dir = [/workdir/hadoop-ozone/integration-test/target/test-dir/MiniOzoneClusterImpl-3237421e-5f73-41b0-8605-c54d21f4eaa5/datanode-1/data/ratis] (custom)
2019-09-26 10:06:52,691 [pool-595-thread-1] INFO  storage.RaftStorageDirectory (RaftStorageDirectory.java:analyzeStorage(246)) - The storage directory /workdir/hadoop-ozone/integration-test/target/test-dir/MiniOzoneClusterImpl-3237421e-5f73-41b0-8605-c54d21f4eaa5/datanode-1/data/ratis/30ebf5f0-b1d8-4f94-a832-0915da565c1f does not exist. Creating ...
2019-09-26 10:06:52,704 [pool-595-thread-1] INFO  storage.RaftStorageDirectory (RaftStorageDirectory.java:tryLock(328)) - Lock on /workdir/hadoop-ozone/integration-test/target/test-dir/MiniOzoneClusterImpl-3237421e-5f73-41b0-8605-c54d21f4eaa5/datanode-1/data/ratis/30ebf5f0-b1d8-4f94-a832-0915da565c1f/in_use.lock acquired by nodename 19604@pr-hdds-1569-wvzgm-824869521
2019-09-26 10:06:52,718 [pool-595-thread-1] INFO  storage.RaftStorage (RaftStorage.java:format(72)) - Storage directory /workdir/hadoop-ozone/integration-test/target/test-dir/MiniOzoneClusterImpl-3237421e-5f73-41b0-8605-c54d21f4eaa5/datanode-1/data/ratis/30ebf5f0-b1d8-4f94-a832-0915da565c1f has been successfully formatted.
2019-09-26 10:06:52,718 [pool-595-thread-1] INFO  ratis.ContainerStateMachine (ContainerStateMachine.java:loadSnapshot(230)) - group-0915DA565C1F: The snapshot info is null. Setting the last applied indexto:(t:0, i:~)
2019-09-26 10:06:52,719 [pool-595-thread-1] INFO  server.RaftServerConfigKeys (ConfUtils.java:logGet(43)) - raft.server.notification.no-leader.timeout = 120s (custom)
2019-09-26 10:06:52,719 [pool-595-thread-1] INFO  server.RaftServerConfigKeys (ConfUtils.java:logGet(43)) - raft.server.log.use.memory = false (default)
2019-09-26 10:06:52,719 [pool-595-thread-1] INFO  server.RaftServerConfigKeys (ConfUtils.java:logGet(43)) - raft.server.log.purge.gap = 1000000 (custom)
2019-09-26 10:06:52,719 [pool-595-thread-1] INFO  server.RaftServerConfigKeys (ConfUtils.java:logGet(43)) - raft.server.log.appender.buffer.byte-limit = 33554432 (custom)
2019-09-26 10:06:52,719 [pool-595-thread-1] INFO  server.RaftServerConfigKeys (ConfUtils.java:logGet(43)) - raft.server.log.segment.size.max = 1048576 (custom)
2019-09-26 10:06:52,719 [pool-595-thread-1] INFO  server.RaftServerConfigKeys (ConfUtils.java:logGet(43)) - raft.server.log.segment.cache.num.max = 2 (custom)
2019-09-26 10:06:52,720 [pool-595-thread-1] INFO  segmented.SegmentedRaftLogWorker (SegmentedRaftLogWorker.java:<init>(172)) - new 77afb7a9-3f27-4b85-962a-c9c70d1ecd8b@group-0915DA565C1F-SegmentedRaftLogWorker for RaftStorage:Storage Directory /workdir/hadoop-ozone/integration-test/target/test-dir/MiniOzoneClusterImpl-3237421e-5f73-41b0-8605-c54d21f4eaa5/datanode-1/data/ratis/30ebf5f0-b1d8-4f94-a832-0915da565c1f
2019-09-26 10:06:52,720 [pool-595-thread-1] INFO  server.RaftServerConfigKeys (ConfUtils.java:logGet(43)) - raft.server.log.queue.byte-limit = 2147483647 (custom)
2019-09-26 10:06:52,720 [pool-595-thread-1] INFO  server.RaftServerConfigKeys (ConfUtils.java:logGet(43)) - raft.server.log.queue.element-limit = 1024 (custom)
2019-09-26 10:06:52,720 [pool-595-thread-1] INFO  server.RaftServerConfigKeys (ConfUtils.java:logGet(43)) - raft.server.log.segment.size.max = 1048576 (custom)
2019-09-26 10:06:52,720 [pool-595-thread-1] INFO  server.RaftServerConfigKeys (ConfUtils.java:logGet(43)) - raft.server.log.preallocated.size = 16384 (custom)
2019-09-26 10:06:52,721 [pool-595-thread-1] INFO  server.RaftServerConfigKeys (ConfUtils.java:logGet(43)) - raft.server.log.write.buffer.size = 33554432 (custom)
2019-09-26 10:06:52,721 [pool-595-thread-1] INFO  server.RaftServerConfigKeys (ConfUtils.java:logGet(43)) - raft.server.log.force.sync.num = 128 (default)
2019-09-26 10:06:52,721 [pool-595-thread-1] INFO  server.RaftServerConfigKeys (ConfUtils.java:logGet(43)) - raft.server.log.statemachine.data.sync = true (default)
2019-09-26 10:06:52,721 [pool-595-thread-1] INFO  server.RaftServerConfigKeys (ConfUtils.java:logGet(43)) - raft.server.log.statemachine.data.sync.timeout = 10s (default)
2019-09-26 10:06:52,721 [pool-595-thread-1] INFO  server.RaftServerConfigKeys (ConfUtils.java:logGet(43)) - raft.server.log.statemachine.data.sync.timeout.retry = -1 (default)
2019-09-26 10:06:52,721 [pool-595-thread-1] INFO  server.RaftServerConfigKeys (ConfUtils.java:logGet(43)) - raft.server.log.statemachine.data.caching.enabled = true (custom)
2019-09-26 10:06:52,722 [pool-595-thread-1] INFO  segmented.SegmentedRaftLogWorker (SegmentedRaftLogWorker.java:lambda$new$0(132)) - 77afb7a9-3f27-4b85-962a-c9c70d1ecd8b@group-0915DA565C1F-SegmentedRaftLogWorker: flushIndex: setUnconditionally 0 -> -1
2019-09-26 10:06:52,722 [pool-595-thread-1] INFO  server.RaftServerConfigKeys (ConfUtils.java:logGet(43)) - raft.server.snapshot.auto.trigger.enabled = true (custom)
2019-09-26 10:06:52,722 [pool-595-thread-1] INFO  server.RaftServerConfigKeys (ConfUtils.java:logGet(43)) - raft.server.snapshot.auto.trigger.threshold = 10000 (custom)
2019-09-26 10:06:52,723 [pool-595-thread-1] INFO  server.RaftServerConfigKeys (ConfUtils.java:logGet(43)) - raft.server.snapshot.retention.num.files = 5 (custom)
2019-09-26 10:06:52,723 [pool-595-thread-1] INFO  server.RaftServerConfigKeys (ConfUtils.java:logGet(43)) - raft.server.retrycache.expirytime = 600000ms (custom)
2019-09-26 10:06:52,725 [pool-595-thread-1] INFO  impl.RaftServerImpl (RaftServerImpl.java:start(185)) - 77afb7a9-3f27-4b85-962a-c9c70d1ecd8b@group-0915DA565C1F: start as a follower, conf=-1: [77afb7a9-3f27-4b85-962a-c9c70d1ecd8b:192.168.30.13:39117], old=null
2019-09-26 10:06:52,725 [pool-595-thread-1] INFO  impl.RaftServerImpl (RaftServerImpl.java:setRole(174)) - 77afb7a9-3f27-4b85-962a-c9c70d1ecd8b@group-0915DA565C1F: changes role from      null to FOLLOWER at term 0 for startAsFollower
2019-09-26 10:06:52,725 [pool-595-thread-1] INFO  impl.RoleInfo (RoleInfo.java:updateAndGet(143)) - 77afb7a9-3f27-4b85-962a-c9c70d1ecd8b: start FollowerState
2019-09-26 10:06:52,725 [pool-595-thread-1] INFO  util.JmxRegister (JmxRegister.java:tryRegister(44)) - Successfully registered JMX Bean with object name Ratis:service=RaftServer,group=group-0915DA565C1F,id=77afb7a9-3f27-4b85-962a-c9c70d1ecd8b
2019-09-26 10:06:52,728 [RatisPipelineUtilsThread] INFO  pipeline.PipelineStateManager (PipelineStateManager.java:addPipeline(56)) - Created pipeline Pipeline[ Id: 30ebf5f0-b1d8-4f94-a832-0915da565c1f, Nodes: 77afb7a9-3f27-4b85-962a-c9c70d1ecd8b{ip: 192.168.30.13, host: pr-hdds-1569-wvzgm-824869521, networkLocation: /default-rack, certSerialId: null}, Type:RATIS, Factor:ONE, State:OPEN]
2019-09-26 10:06:52,728 [RatisPipelineUtilsThread] INFO  pipeline.PipelinePlacementPolicy (PipelinePlacementPolicy.java:meetCriteria(91)) - Pipeline Placement: can't place more pipeline on heavy datanode： 4f799f37-ab1c-4be0-adf3-be30f86725ba Heaviness: 6 limit: 5
2019-09-26 10:06:52,732 [grpc-default-executor-1] INFO  impl.RaftServerProxy (RaftServerProxy.java:addNew(89)) - 4c0de2d3-09dd-47d7-b7a1-4f63a4eb8acf: addNew group-9601102D5746:[4c0de2d3-09dd-47d7-b7a1-4f63a4eb8acf:192.168.30.13:40522] returns group-9601102D5746:java.util.concurrent.CompletableFuture@75f0ffe5[Not completed]
2019-09-26 10:06:52,733 [pool-615-thread-1] INFO  impl.RaftServerImpl (RaftServerImpl.java:<init>(95)) - 4c0de2d3-09dd-47d7-b7a1-4f63a4eb8acf: new RaftServerImpl for group-9601102D5746:[4c0de2d3-09dd-47d7-b7a1-4f63a4eb8acf:192.168.30.13:40522] with ContainerStateMachine:uninitialized
2019-09-26 10:06:52,733 [pool-615-thread-1] INFO  server.RaftServerConfigKeys (ConfUtils.java:logGet(43)) - raft.server.rpc.timeout.min = 5s (custom)
2019-09-26 10:06:52,733 [pool-615-thread-1] INFO  server.RaftServerConfigKeys (ConfUtils.java:logGet(43)) - raft.server.rpc.timeout.max = 5200ms (custom)
2019-09-26 10:06:52,734 [pool-615-thread-1] INFO  server.RaftServerConfigKeys (ConfUtils.java:logGet(43)) - raft.server.rpcslowness.timeout = 120s (custom)
2019-09-26 10:06:52,734 [pool-615-thread-1] INFO  server.RaftServerConfigKeys (ConfUtils.java:logGet(43)) - raft.server.sleep.deviation.threshold = 300 (default)
2019-09-26 10:06:52,734 [pool-615-thread-1] INFO  server.RaftServerConfigKeys (ConfUtils.java:logGet(43)) - raft.server.log.appender.install.snapshot.enabled = false (custom)
2019-09-26 10:06:52,734 [pool-615-thread-1] INFO  impl.RaftServerImpl (ServerState.java:<init>(103)) - 4c0de2d3-09dd-47d7-b7a1-4f63a4eb8acf@group-9601102D5746: ConfigurationManager, init=-1: [4c0de2d3-09dd-47d7-b7a1-4f63a4eb8acf:192.168.30.13:40522], old=null, confs=<EMPTY_MAP>
2019-09-26 10:06:52,734 [pool-615-thread-1] INFO  server.RaftServerConfigKeys (ConfUtils.java:logGet(43)) - raft.server.storage.dir = [/workdir/hadoop-ozone/integration-test/target/test-dir/MiniOzoneClusterImpl-3237421e-5f73-41b0-8605-c54d21f4eaa5/datanode-3/data/ratis] (custom)
2019-09-26 10:06:52,735 [pool-615-thread-1] INFO  storage.RaftStorageDirectory (RaftStorageDirectory.java:analyzeStorage(246)) - The storage directory /workdir/hadoop-ozone/integration-test/target/test-dir/MiniOzoneClusterImpl-3237421e-5f73-41b0-8605-c54d21f4eaa5/datanode-3/data/ratis/b7b6dbe1-50ec-454a-83ff-9601102d5746 does not exist. Creating ...
2019-09-26 10:06:52,747 [pool-615-thread-1] INFO  storage.RaftStorageDirectory (RaftStorageDirectory.java:tryLock(328)) - Lock on /workdir/hadoop-ozone/integration-test/target/test-dir/MiniOzoneClusterImpl-3237421e-5f73-41b0-8605-c54d21f4eaa5/datanode-3/data/ratis/b7b6dbe1-50ec-454a-83ff-9601102d5746/in_use.lock acquired by nodename 19604@pr-hdds-1569-wvzgm-824869521
2019-09-26 10:06:52,761 [pool-615-thread-1] INFO  storage.RaftStorage (RaftStorage.java:format(72)) - Storage directory /workdir/hadoop-ozone/integration-test/target/test-dir/MiniOzoneClusterImpl-3237421e-5f73-41b0-8605-c54d21f4eaa5/datanode-3/data/ratis/b7b6dbe1-50ec-454a-83ff-9601102d5746 has been successfully formatted.
2019-09-26 10:06:52,761 [pool-615-thread-1] INFO  ratis.ContainerStateMachine (ContainerStateMachine.java:loadSnapshot(230)) - group-9601102D5746: The snapshot info is null. Setting the last applied indexto:(t:0, i:~)
2019-09-26 10:06:52,761 [pool-615-thread-1] INFO  server.RaftServerConfigKeys (ConfUtils.java:logGet(43)) - raft.server.notification.no-leader.timeout = 120s (custom)
2019-09-26 10:06:52,762 [pool-615-thread-1] INFO  server.RaftServerConfigKeys (ConfUtils.java:logGet(43)) - raft.server.log.use.memory = false (default)
2019-09-26 10:06:52,762 [pool-615-thread-1] INFO  server.RaftServerConfigKeys (ConfUtils.java:logGet(43)) - raft.server.log.purge.gap = 1000000 (custom)
2019-09-26 10:06:52,762 [pool-615-thread-1] INFO  server.RaftServerConfigKeys (ConfUtils.java:logGet(43)) - raft.server.log.appender.buffer.byte-limit = 33554432 (custom)
2019-09-26 10:06:52,762 [pool-615-thread-1] INFO  server.RaftServerConfigKeys (ConfUtils.java:logGet(43)) - raft.server.log.segment.size.max = 1048576 (custom)
2019-09-26 10:06:52,762 [pool-615-thread-1] INFO  server.RaftServerConfigKeys (ConfUtils.java:logGet(43)) - raft.server.log.segment.cache.num.max = 2 (custom)
2019-09-26 10:06:52,762 [pool-615-thread-1] INFO  segmented.SegmentedRaftLogWorker (SegmentedRaftLogWorker.java:<init>(172)) - new 4c0de2d3-09dd-47d7-b7a1-4f63a4eb8acf@group-9601102D5746-SegmentedRaftLogWorker for RaftStorage:Storage Directory /workdir/hadoop-ozone/integration-test/target/test-dir/MiniOzoneClusterImpl-3237421e-5f73-41b0-8605-c54d21f4eaa5/datanode-3/data/ratis/b7b6dbe1-50ec-454a-83ff-9601102d5746
2019-09-26 10:06:52,763 [pool-615-thread-1] INFO  server.RaftServerConfigKeys (ConfUtils.java:logGet(43)) - raft.server.log.queue.byte-limit = 2147483647 (custom)
2019-09-26 10:06:52,763 [pool-615-thread-1] INFO  server.RaftServerConfigKeys (ConfUtils.java:logGet(43)) - raft.server.log.queue.element-limit = 1024 (custom)
2019-09-26 10:06:52,763 [pool-615-thread-1] INFO  server.RaftServerConfigKeys (ConfUtils.java:logGet(43)) - raft.server.log.segment.size.max = 1048576 (custom)
2019-09-26 10:06:52,763 [pool-615-thread-1] INFO  server.RaftServerConfigKeys (ConfUtils.java:logGet(43)) - raft.server.log.preallocated.size = 16384 (custom)
2019-09-26 10:06:52,763 [pool-615-thread-1] INFO  server.RaftServerConfigKeys (ConfUtils.java:logGet(43)) - raft.server.log.write.buffer.size = 33554432 (custom)
2019-09-26 10:06:52,763 [pool-615-thread-1] INFO  server.RaftServerConfigKeys (ConfUtils.java:logGet(43)) - raft.server.log.force.sync.num = 128 (default)
2019-09-26 10:06:52,763 [pool-615-thread-1] INFO  server.RaftServerConfigKeys (ConfUtils.java:logGet(43)) - raft.server.log.statemachine.data.sync = true (default)
2019-09-26 10:06:52,763 [pool-615-thread-1] INFO  server.RaftServerConfigKeys (ConfUtils.java:logGet(43)) - raft.server.log.statemachine.data.sync.timeout = 10s (default)
2019-09-26 10:06:52,764 [pool-615-thread-1] INFO  server.RaftServerConfigKeys (ConfUtils.java:logGet(43)) - raft.server.log.statemachine.data.sync.timeout.retry = -1 (default)
2019-09-26 10:06:52,764 [pool-615-thread-1] INFO  server.RaftServerConfigKeys (ConfUtils.java:logGet(43)) - raft.server.log.statemachine.data.caching.enabled = true (custom)
2019-09-26 10:06:52,764 [pool-615-thread-1] INFO  segmented.SegmentedRaftLogWorker (SegmentedRaftLogWorker.java:lambda$new$0(132)) - 4c0de2d3-09dd-47d7-b7a1-4f63a4eb8acf@group-9601102D5746-SegmentedRaftLogWorker: flushIndex: setUnconditionally 0 -> -1
2019-09-26 10:06:52,764 [pool-615-thread-1] INFO  server.RaftServerConfigKeys (ConfUtils.java:logGet(43)) - raft.server.snapshot.auto.trigger.enabled = true (custom)
2019-09-26 10:06:52,765 [pool-615-thread-1] INFO  server.RaftServerConfigKeys (ConfUtils.java:logGet(43)) - raft.server.snapshot.auto.trigger.threshold = 10000 (custom)
2019-09-26 10:06:52,765 [pool-615-thread-1] INFO  server.RaftServerConfigKeys (ConfUtils.java:logGet(43)) - raft.server.snapshot.retention.num.files = 5 (custom)
2019-09-26 10:06:52,765 [pool-615-thread-1] INFO  server.RaftServerConfigKeys (ConfUtils.java:logGet(43)) - raft.server.retrycache.expirytime = 600000ms (custom)
2019-09-26 10:06:52,767 [pool-615-thread-1] INFO  impl.RaftServerImpl (RaftServerImpl.java:start(185)) - 4c0de2d3-09dd-47d7-b7a1-4f63a4eb8acf@group-9601102D5746: start as a follower, conf=-1: [4c0de2d3-09dd-47d7-b7a1-4f63a4eb8acf:192.168.30.13:40522], old=null
2019-09-26 10:06:52,767 [pool-615-thread-1] INFO  impl.RaftServerImpl (RaftServerImpl.java:setRole(174)) - 4c0de2d3-09dd-47d7-b7a1-4f63a4eb8acf@group-9601102D5746: changes role from      null to FOLLOWER at term 0 for startAsFollower
2019-09-26 10:06:52,767 [pool-615-thread-1] INFO  impl.RoleInfo (RoleInfo.java:updateAndGet(143)) - 4c0de2d3-09dd-47d7-b7a1-4f63a4eb8acf: start FollowerState
2019-09-26 10:06:52,767 [pool-615-thread-1] INFO  util.JmxRegister (JmxRegister.java:tryRegister(44)) - Successfully registered JMX Bean with object name Ratis:service=RaftServer,group=group-9601102D5746,id=4c0de2d3-09dd-47d7-b7a1-4f63a4eb8acf
2019-09-26 10:06:52,769 [RatisPipelineUtilsThread] INFO  pipeline.PipelineStateManager (PipelineStateManager.java:addPipeline(56)) - Created pipeline Pipeline[ Id: b7b6dbe1-50ec-454a-83ff-9601102d5746, Nodes: 4c0de2d3-09dd-47d7-b7a1-4f63a4eb8acf{ip: 192.168.30.13, host: pr-hdds-1569-wvzgm-824869521, networkLocation: /default-rack, certSerialId: null}, Type:RATIS, Factor:ONE, State:OPEN]
2019-09-26 10:06:52,770 [RatisPipelineUtilsThread] INFO  pipeline.PipelinePlacementPolicy (PipelinePlacementPolicy.java:meetCriteria(91)) - Pipeline Placement: can't place more pipeline on heavy datanode： 4f799f37-ab1c-4be0-adf3-be30f86725ba Heaviness: 6 limit: 5
2019-09-26 10:06:52,774 [grpc-default-executor-1] INFO  impl.RaftServerProxy (RaftServerProxy.java:addNew(89)) - c3e403b7-5a1e-4aac-9b5a-0aedadd701b5: addNew group-7B1C962A7F05:[c3e403b7-5a1e-4aac-9b5a-0aedadd701b5:192.168.30.13:38271] returns group-7B1C962A7F05:java.util.concurrent.CompletableFuture@11c768d9[Not completed]
2019-09-26 10:06:52,775 [pool-605-thread-1] INFO  impl.RaftServerImpl (RaftServerImpl.java:<init>(95)) - c3e403b7-5a1e-4aac-9b5a-0aedadd701b5: new RaftServerImpl for group-7B1C962A7F05:[c3e403b7-5a1e-4aac-9b5a-0aedadd701b5:192.168.30.13:38271] with ContainerStateMachine:uninitialized
2019-09-26 10:06:52,776 [pool-605-thread-1] INFO  server.RaftServerConfigKeys (ConfUtils.java:logGet(43)) - raft.server.rpc.timeout.min = 5s (custom)
2019-09-26 10:06:52,776 [pool-605-thread-1] INFO  server.RaftServerConfigKeys (ConfUtils.java:logGet(43)) - raft.server.rpc.timeout.max = 5200ms (custom)
2019-09-26 10:06:52,776 [pool-605-thread-1] INFO  server.RaftServerConfigKeys (ConfUtils.java:logGet(43)) - raft.server.rpcslowness.timeout = 120s (custom)
2019-09-26 10:06:52,776 [pool-605-thread-1] INFO  server.RaftServerConfigKeys (ConfUtils.java:logGet(43)) - raft.server.sleep.deviation.threshold = 300 (default)
2019-09-26 10:06:52,776 [pool-605-thread-1] INFO  server.RaftServerConfigKeys (ConfUtils.java:logGet(43)) - raft.server.log.appender.install.snapshot.enabled = false (custom)
2019-09-26 10:06:52,776 [pool-605-thread-1] INFO  impl.RaftServerImpl (ServerState.java:<init>(103)) - c3e403b7-5a1e-4aac-9b5a-0aedadd701b5@group-7B1C962A7F05: ConfigurationManager, init=-1: [c3e403b7-5a1e-4aac-9b5a-0aedadd701b5:192.168.30.13:38271], old=null, confs=<EMPTY_MAP>
2019-09-26 10:06:52,776 [pool-605-thread-1] INFO  server.RaftServerConfigKeys (ConfUtils.java:logGet(43)) - raft.server.storage.dir = [/workdir/hadoop-ozone/integration-test/target/test-dir/MiniOzoneClusterImpl-3237421e-5f73-41b0-8605-c54d21f4eaa5/datanode-2/data/ratis] (custom)
2019-09-26 10:06:52,777 [pool-605-thread-1] INFO  storage.RaftStorageDirectory (RaftStorageDirectory.java:analyzeStorage(246)) - The storage directory /workdir/hadoop-ozone/integration-test/target/test-dir/MiniOzoneClusterImpl-3237421e-5f73-41b0-8605-c54d21f4eaa5/datanode-2/data/ratis/3cc2e409-75b7-4761-a42d-7b1c962a7f05 does not exist. Creating ...
2019-09-26 10:06:52,790 [pool-605-thread-1] INFO  storage.RaftStorageDirectory (RaftStorageDirectory.java:tryLock(328)) - Lock on /workdir/hadoop-ozone/integration-test/target/test-dir/MiniOzoneClusterImpl-3237421e-5f73-41b0-8605-c54d21f4eaa5/datanode-2/data/ratis/3cc2e409-75b7-4761-a42d-7b1c962a7f05/in_use.lock acquired by nodename 19604@pr-hdds-1569-wvzgm-824869521
2019-09-26 10:06:52,968 [main] INFO  ozone.MiniOzoneClusterImpl (MiniOzoneClusterImpl.java:lambda$waitForClusterToBeReady$0(147)) - Cluster is ready. Got 7 of 7 DN Heartbeats.
2019-09-26 10:06:53,027 [main] INFO  rpc.RpcClient (RpcClient.java:createVolume(276)) - Creating Volume: testblockoutputstream, with jenkins1000 as owner.
2019-09-26 10:06:53,030 [IPC Server handler 2 on 37481] INFO  volume.OMVolumeCreateRequest (OMVolumeCreateRequest.java:validateAndUpdateCache(189)) - created volume:testblockoutputstream for user:jenkins1000
2019-09-26 10:06:53,051 [main] INFO  rpc.RpcClient (RpcClient.java:createBucket(415)) - Creating Bucket: testblockoutputstream/testblockoutputstream, with Versioning false and Storage Type set to DISK and Encryption set to false 
2019-09-26 10:06:53,401 [pool-605-thread-1] INFO  storage.RaftStorage (RaftStorage.java:format(72)) - Storage directory /workdir/hadoop-ozone/integration-test/target/test-dir/MiniOzoneClusterImpl-3237421e-5f73-41b0-8605-c54d21f4eaa5/datanode-2/data/ratis/3cc2e409-75b7-4761-a42d-7b1c962a7f05 has been successfully formatted.
2019-09-26 10:06:53,402 [pool-605-thread-1] INFO  ratis.ContainerStateMachine (ContainerStateMachine.java:loadSnapshot(230)) - group-7B1C962A7F05: The snapshot info is null. Setting the last applied indexto:(t:0, i:~)
2019-09-26 10:06:53,402 [pool-605-thread-1] INFO  server.RaftServerConfigKeys (ConfUtils.java:logGet(43)) - raft.server.notification.no-leader.timeout = 120s (custom)
2019-09-26 10:06:53,402 [pool-605-thread-1] INFO  server.RaftServerConfigKeys (ConfUtils.java:logGet(43)) - raft.server.log.use.memory = false (default)
2019-09-26 10:06:53,402 [pool-605-thread-1] INFO  server.RaftServerConfigKeys (ConfUtils.java:logGet(43)) - raft.server.log.purge.gap = 1000000 (custom)
2019-09-26 10:06:53,403 [pool-605-thread-1] INFO  server.RaftServerConfigKeys (ConfUtils.java:logGet(43)) - raft.server.log.appender.buffer.byte-limit = 33554432 (custom)
2019-09-26 10:06:53,403 [pool-605-thread-1] INFO  server.RaftServerConfigKeys (ConfUtils.java:logGet(43)) - raft.server.log.segment.size.max = 1048576 (custom)
2019-09-26 10:06:53,403 [pool-605-thread-1] INFO  server.RaftServerConfigKeys (ConfUtils.java:logGet(43)) - raft.server.log.segment.cache.num.max = 2 (custom)
2019-09-26 10:06:53,403 [pool-605-thread-1] INFO  segmented.SegmentedRaftLogWorker (SegmentedRaftLogWorker.java:<init>(172)) - new c3e403b7-5a1e-4aac-9b5a-0aedadd701b5@group-7B1C962A7F05-SegmentedRaftLogWorker for RaftStorage:Storage Directory /workdir/hadoop-ozone/integration-test/target/test-dir/MiniOzoneClusterImpl-3237421e-5f73-41b0-8605-c54d21f4eaa5/datanode-2/data/ratis/3cc2e409-75b7-4761-a42d-7b1c962a7f05
2019-09-26 10:06:53,403 [pool-605-thread-1] INFO  server.RaftServerConfigKeys (ConfUtils.java:logGet(43)) - raft.server.log.queue.byte-limit = 2147483647 (custom)
2019-09-26 10:06:53,403 [pool-605-thread-1] INFO  server.RaftServerConfigKeys (ConfUtils.java:logGet(43)) - raft.server.log.queue.element-limit = 1024 (custom)
2019-09-26 10:06:53,404 [pool-605-thread-1] INFO  server.RaftServerConfigKeys (ConfUtils.java:logGet(43)) - raft.server.log.segment.size.max = 1048576 (custom)
2019-09-26 10:06:53,404 [pool-605-thread-1] INFO  server.RaftServerConfigKeys (ConfUtils.java:logGet(43)) - raft.server.log.preallocated.size = 16384 (custom)
2019-09-26 10:06:53,404 [pool-605-thread-1] INFO  server.RaftServerConfigKeys (ConfUtils.java:logGet(43)) - raft.server.log.write.buffer.size = 33554432 (custom)
2019-09-26 10:06:53,404 [pool-605-thread-1] INFO  server.RaftServerConfigKeys (ConfUtils.java:logGet(43)) - raft.server.log.force.sync.num = 128 (default)
2019-09-26 10:06:53,404 [pool-605-thread-1] INFO  server.RaftServerConfigKeys (ConfUtils.java:logGet(43)) - raft.server.log.statemachine.data.sync = true (default)
2019-09-26 10:06:53,404 [pool-605-thread-1] INFO  server.RaftServerConfigKeys (ConfUtils.java:logGet(43)) - raft.server.log.statemachine.data.sync.timeout = 10s (default)
2019-09-26 10:06:53,404 [pool-605-thread-1] INFO  server.RaftServerConfigKeys (ConfUtils.java:logGet(43)) - raft.server.log.statemachine.data.sync.timeout.retry = -1 (default)
2019-09-26 10:06:53,405 [pool-605-thread-1] INFO  server.RaftServerConfigKeys (ConfUtils.java:logGet(43)) - raft.server.log.statemachine.data.caching.enabled = true (custom)
2019-09-26 10:06:53,405 [pool-605-thread-1] INFO  segmented.SegmentedRaftLogWorker (SegmentedRaftLogWorker.java:lambda$new$0(132)) - c3e403b7-5a1e-4aac-9b5a-0aedadd701b5@group-7B1C962A7F05-SegmentedRaftLogWorker: flushIndex: setUnconditionally 0 -> -1
2019-09-26 10:06:53,406 [pool-605-thread-1] INFO  server.RaftServerConfigKeys (ConfUtils.java:logGet(43)) - raft.server.snapshot.auto.trigger.enabled = true (custom)
2019-09-26 10:06:53,406 [pool-605-thread-1] INFO  server.RaftServerConfigKeys (ConfUtils.java:logGet(43)) - raft.server.snapshot.auto.trigger.threshold = 10000 (custom)
2019-09-26 10:06:53,406 [pool-605-thread-1] INFO  server.RaftServerConfigKeys (ConfUtils.java:logGet(43)) - raft.server.snapshot.retention.num.files = 5 (custom)
2019-09-26 10:06:53,406 [pool-605-thread-1] INFO  server.RaftServerConfigKeys (ConfUtils.java:logGet(43)) - raft.server.retrycache.expirytime = 600000ms (custom)
2019-09-26 10:06:53,408 [pool-605-thread-1] INFO  impl.RaftServerImpl (RaftServerImpl.java:start(185)) - c3e403b7-5a1e-4aac-9b5a-0aedadd701b5@group-7B1C962A7F05: start as a follower, conf=-1: [c3e403b7-5a1e-4aac-9b5a-0aedadd701b5:192.168.30.13:38271], old=null
2019-09-26 10:06:53,408 [pool-605-thread-1] INFO  impl.RaftServerImpl (RaftServerImpl.java:setRole(174)) - c3e403b7-5a1e-4aac-9b5a-0aedadd701b5@group-7B1C962A7F05: changes role from      null to FOLLOWER at term 0 for startAsFollower
2019-09-26 10:06:53,409 [pool-605-thread-1] INFO  impl.RoleInfo (RoleInfo.java:updateAndGet(143)) - c3e403b7-5a1e-4aac-9b5a-0aedadd701b5: start FollowerState
2019-09-26 10:06:53,409 [pool-605-thread-1] INFO  util.JmxRegister (JmxRegister.java:tryRegister(44)) - Successfully registered JMX Bean with object name Ratis:service=RaftServer,group=group-7B1C962A7F05,id=c3e403b7-5a1e-4aac-9b5a-0aedadd701b5
2019-09-26 10:06:53,412 [RatisPipelineUtilsThread] INFO  pipeline.PipelineStateManager (PipelineStateManager.java:addPipeline(56)) - Created pipeline Pipeline[ Id: 3cc2e409-75b7-4761-a42d-7b1c962a7f05, Nodes: c3e403b7-5a1e-4aac-9b5a-0aedadd701b5{ip: 192.168.30.13, host: pr-hdds-1569-wvzgm-824869521, networkLocation: /default-rack, certSerialId: null}, Type:RATIS, Factor:ONE, State:OPEN]
2019-09-26 10:06:53,412 [RatisPipelineUtilsThread] INFO  pipeline.PipelinePlacementPolicy (PipelinePlacementPolicy.java:meetCriteria(91)) - Pipeline Placement: can't place more pipeline on heavy datanode： 4f799f37-ab1c-4be0-adf3-be30f86725ba Heaviness: 6 limit: 5
2019-09-26 10:06:53,424 [grpc-default-executor-1] INFO  impl.RaftServerProxy (RaftServerProxy.java:addNew(89)) - c14de6c3-ad97-4da4-b999-5d30d93b25e7: addNew group-8EE1661CFE3B:[c14de6c3-ad97-4da4-b999-5d30d93b25e7:192.168.30.13:38350] returns group-8EE1661CFE3B:java.util.concurrent.CompletableFuture@2581d8d8[Not completed]
2019-09-26 10:06:53,426 [pool-625-thread-1] INFO  impl.RaftServerImpl (RaftServerImpl.java:<init>(95)) - c14de6c3-ad97-4da4-b999-5d30d93b25e7: new RaftServerImpl for group-8EE1661CFE3B:[c14de6c3-ad97-4da4-b999-5d30d93b25e7:192.168.30.13:38350] with ContainerStateMachine:uninitialized
2019-09-26 10:06:53,426 [pool-625-thread-1] INFO  server.RaftServerConfigKeys (ConfUtils.java:logGet(43)) - raft.server.rpc.timeout.min = 5s (custom)
2019-09-26 10:06:53,426 [pool-625-thread-1] INFO  server.RaftServerConfigKeys (ConfUtils.java:logGet(43)) - raft.server.rpc.timeout.max = 5200ms (custom)
2019-09-26 10:06:53,426 [pool-625-thread-1] INFO  server.RaftServerConfigKeys (ConfUtils.java:logGet(43)) - raft.server.rpcslowness.timeout = 120s (custom)
2019-09-26 10:06:53,426 [pool-625-thread-1] INFO  server.RaftServerConfigKeys (ConfUtils.java:logGet(43)) - raft.server.sleep.deviation.threshold = 300 (default)
2019-09-26 10:06:53,427 [pool-625-thread-1] INFO  server.RaftServerConfigKeys (ConfUtils.java:logGet(43)) - raft.server.log.appender.install.snapshot.enabled = false (custom)
2019-09-26 10:06:53,427 [pool-625-thread-1] INFO  impl.RaftServerImpl (ServerState.java:<init>(103)) - c14de6c3-ad97-4da4-b999-5d30d93b25e7@group-8EE1661CFE3B: ConfigurationManager, init=-1: [c14de6c3-ad97-4da4-b999-5d30d93b25e7:192.168.30.13:38350], old=null, confs=<EMPTY_MAP>
2019-09-26 10:06:53,427 [pool-625-thread-1] INFO  server.RaftServerConfigKeys (ConfUtils.java:logGet(43)) - raft.server.storage.dir = [/workdir/hadoop-ozone/integration-test/target/test-dir/MiniOzoneClusterImpl-3237421e-5f73-41b0-8605-c54d21f4eaa5/datanode-4/data/ratis] (custom)
2019-09-26 10:06:53,427 [pool-625-thread-1] INFO  storage.RaftStorageDirectory (RaftStorageDirectory.java:analyzeStorage(246)) - The storage directory /workdir/hadoop-ozone/integration-test/target/test-dir/MiniOzoneClusterImpl-3237421e-5f73-41b0-8605-c54d21f4eaa5/datanode-4/data/ratis/b778792c-d461-4083-b7a9-8ee1661cfe3b does not exist. Creating ...
2019-09-26 10:06:53,442 [pool-625-thread-1] INFO  storage.RaftStorageDirectory (RaftStorageDirectory.java:tryLock(328)) - Lock on /workdir/hadoop-ozone/integration-test/target/test-dir/MiniOzoneClusterImpl-3237421e-5f73-41b0-8605-c54d21f4eaa5/datanode-4/data/ratis/b778792c-d461-4083-b7a9-8ee1661cfe3b/in_use.lock acquired by nodename 19604@pr-hdds-1569-wvzgm-824869521
2019-09-26 10:06:53,475 [pool-625-thread-1] INFO  storage.RaftStorage (RaftStorage.java:format(72)) - Storage directory /workdir/hadoop-ozone/integration-test/target/test-dir/MiniOzoneClusterImpl-3237421e-5f73-41b0-8605-c54d21f4eaa5/datanode-4/data/ratis/b778792c-d461-4083-b7a9-8ee1661cfe3b has been successfully formatted.
2019-09-26 10:06:53,475 [pool-625-thread-1] INFO  ratis.ContainerStateMachine (ContainerStateMachine.java:loadSnapshot(230)) - group-8EE1661CFE3B: The snapshot info is null. Setting the last applied indexto:(t:0, i:~)
2019-09-26 10:06:53,475 [pool-625-thread-1] INFO  server.RaftServerConfigKeys (ConfUtils.java:logGet(43)) - raft.server.notification.no-leader.timeout = 120s (custom)
2019-09-26 10:06:53,476 [pool-625-thread-1] INFO  server.RaftServerConfigKeys (ConfUtils.java:logGet(43)) - raft.server.log.use.memory = false (default)
2019-09-26 10:06:53,476 [pool-625-thread-1] INFO  server.RaftServerConfigKeys (ConfUtils.java:logGet(43)) - raft.server.log.purge.gap = 1000000 (custom)
2019-09-26 10:06:53,476 [pool-625-thread-1] INFO  server.RaftServerConfigKeys (ConfUtils.java:logGet(43)) - raft.server.log.appender.buffer.byte-limit = 33554432 (custom)
2019-09-26 10:06:53,476 [pool-625-thread-1] INFO  server.RaftServerConfigKeys (ConfUtils.java:logGet(43)) - raft.server.log.segment.size.max = 1048576 (custom)
2019-09-26 10:06:53,476 [pool-625-thread-1] INFO  server.RaftServerConfigKeys (ConfUtils.java:logGet(43)) - raft.server.log.segment.cache.num.max = 2 (custom)
2019-09-26 10:06:53,477 [pool-625-thread-1] INFO  segmented.SegmentedRaftLogWorker (SegmentedRaftLogWorker.java:<init>(172)) - new c14de6c3-ad97-4da4-b999-5d30d93b25e7@group-8EE1661CFE3B-SegmentedRaftLogWorker for RaftStorage:Storage Directory /workdir/hadoop-ozone/integration-test/target/test-dir/MiniOzoneClusterImpl-3237421e-5f73-41b0-8605-c54d21f4eaa5/datanode-4/data/ratis/b778792c-d461-4083-b7a9-8ee1661cfe3b
2019-09-26 10:06:53,479 [pool-625-thread-1] INFO  server.RaftServerConfigKeys (ConfUtils.java:logGet(43)) - raft.server.log.queue.byte-limit = 2147483647 (custom)
2019-09-26 10:06:53,479 [pool-625-thread-1] INFO  server.RaftServerConfigKeys (ConfUtils.java:logGet(43)) - raft.server.log.queue.element-limit = 1024 (custom)
2019-09-26 10:06:53,479 [pool-625-thread-1] INFO  server.RaftServerConfigKeys (ConfUtils.java:logGet(43)) - raft.server.log.segment.size.max = 1048576 (custom)
2019-09-26 10:06:53,479 [pool-625-thread-1] INFO  server.RaftServerConfigKeys (ConfUtils.java:logGet(43)) - raft.server.log.preallocated.size = 16384 (custom)
2019-09-26 10:06:53,479 [pool-625-thread-1] INFO  server.RaftServerConfigKeys (ConfUtils.java:logGet(43)) - raft.server.log.write.buffer.size = 33554432 (custom)
2019-09-26 10:06:53,479 [pool-625-thread-1] INFO  server.RaftServerConfigKeys (ConfUtils.java:logGet(43)) - raft.server.log.force.sync.num = 128 (default)
2019-09-26 10:06:53,480 [pool-625-thread-1] INFO  server.RaftServerConfigKeys (ConfUtils.java:logGet(43)) - raft.server.log.statemachine.data.sync = true (default)
2019-09-26 10:06:53,480 [pool-625-thread-1] INFO  server.RaftServerConfigKeys (ConfUtils.java:logGet(43)) - raft.server.log.statemachine.data.sync.timeout = 10s (default)
2019-09-26 10:06:53,480 [pool-625-thread-1] INFO  server.RaftServerConfigKeys (ConfUtils.java:logGet(43)) - raft.server.log.statemachine.data.sync.timeout.retry = -1 (default)
2019-09-26 10:06:53,480 [pool-625-thread-1] INFO  server.RaftServerConfigKeys (ConfUtils.java:logGet(43)) - raft.server.log.statemachine.data.caching.enabled = true (custom)
2019-09-26 10:06:53,481 [pool-625-thread-1] INFO  segmented.SegmentedRaftLogWorker (SegmentedRaftLogWorker.java:lambda$new$0(132)) - c14de6c3-ad97-4da4-b999-5d30d93b25e7@group-8EE1661CFE3B-SegmentedRaftLogWorker: flushIndex: setUnconditionally 0 -> -1
2019-09-26 10:06:53,481 [pool-625-thread-1] INFO  server.RaftServerConfigKeys (ConfUtils.java:logGet(43)) - raft.server.snapshot.auto.trigger.enabled = true (custom)
2019-09-26 10:06:53,481 [pool-625-thread-1] INFO  server.RaftServerConfigKeys (ConfUtils.java:logGet(43)) - raft.server.snapshot.auto.trigger.threshold = 10000 (custom)
2019-09-26 10:06:53,481 [pool-625-thread-1] INFO  server.RaftServerConfigKeys (ConfUtils.java:logGet(43)) - raft.server.snapshot.retention.num.files = 5 (custom)
2019-09-26 10:06:53,482 [pool-625-thread-1] INFO  server.RaftServerConfigKeys (ConfUtils.java:logGet(43)) - raft.server.retrycache.expirytime = 600000ms (custom)
2019-09-26 10:06:53,483 [pool-625-thread-1] INFO  impl.RaftServerImpl (RaftServerImpl.java:start(185)) - c14de6c3-ad97-4da4-b999-5d30d93b25e7@group-8EE1661CFE3B: start as a follower, conf=-1: [c14de6c3-ad97-4da4-b999-5d30d93b25e7:192.168.30.13:38350], old=null
2019-09-26 10:06:53,483 [pool-625-thread-1] INFO  impl.RaftServerImpl (RaftServerImpl.java:setRole(174)) - c14de6c3-ad97-4da4-b999-5d30d93b25e7@group-8EE1661CFE3B: changes role from      null to FOLLOWER at term 0 for startAsFollower
2019-09-26 10:06:53,484 [pool-625-thread-1] INFO  impl.RoleInfo (RoleInfo.java:updateAndGet(143)) - c14de6c3-ad97-4da4-b999-5d30d93b25e7: start FollowerState
2019-09-26 10:06:53,484 [pool-625-thread-1] INFO  util.JmxRegister (JmxRegister.java:tryRegister(44)) - Successfully registered JMX Bean with object name Ratis:service=RaftServer,group=group-8EE1661CFE3B,id=c14de6c3-ad97-4da4-b999-5d30d93b25e7
2019-09-26 10:06:53,486 [RatisPipelineUtilsThread] INFO  pipeline.PipelineStateManager (PipelineStateManager.java:addPipeline(56)) - Created pipeline Pipeline[ Id: b778792c-d461-4083-b7a9-8ee1661cfe3b, Nodes: c14de6c3-ad97-4da4-b999-5d30d93b25e7{ip: 192.168.30.13, host: pr-hdds-1569-wvzgm-824869521, networkLocation: /default-rack, certSerialId: null}, Type:RATIS, Factor:ONE, State:OPEN]
2019-09-26 10:06:53,487 [RatisPipelineUtilsThread] INFO  pipeline.PipelinePlacementPolicy (PipelinePlacementPolicy.java:meetCriteria(91)) - Pipeline Placement: can't place more pipeline on heavy datanode： 4f799f37-ab1c-4be0-adf3-be30f86725ba Heaviness: 6 limit: 5
2019-09-26 10:06:53,491 [grpc-default-executor-1] INFO  impl.RaftServerProxy (RaftServerProxy.java:addNew(89)) - c14de6c3-ad97-4da4-b999-5d30d93b25e7: addNew group-DA6032F392B0:[c14de6c3-ad97-4da4-b999-5d30d93b25e7:192.168.30.13:38350] returns group-DA6032F392B0:java.util.concurrent.CompletableFuture@735c538e[Not completed]
2019-09-26 10:06:53,493 [pool-625-thread-1] INFO  impl.RaftServerImpl (RaftServerImpl.java:<init>(95)) - c14de6c3-ad97-4da4-b999-5d30d93b25e7: new RaftServerImpl for group-DA6032F392B0:[c14de6c3-ad97-4da4-b999-5d30d93b25e7:192.168.30.13:38350] with ContainerStateMachine:uninitialized
2019-09-26 10:06:53,493 [pool-625-thread-1] INFO  server.RaftServerConfigKeys (ConfUtils.java:logGet(43)) - raft.server.rpc.timeout.min = 5s (custom)
2019-09-26 10:06:53,493 [pool-625-thread-1] INFO  server.RaftServerConfigKeys (ConfUtils.java:logGet(43)) - raft.server.rpc.timeout.max = 5200ms (custom)
2019-09-26 10:06:53,493 [pool-625-thread-1] INFO  server.RaftServerConfigKeys (ConfUtils.java:logGet(43)) - raft.server.rpcslowness.timeout = 120s (custom)
2019-09-26 10:06:53,493 [pool-625-thread-1] INFO  server.RaftServerConfigKeys (ConfUtils.java:logGet(43)) - raft.server.sleep.deviation.threshold = 300 (default)
2019-09-26 10:06:53,493 [pool-625-thread-1] INFO  server.RaftServerConfigKeys (ConfUtils.java:logGet(43)) - raft.server.log.appender.install.snapshot.enabled = false (custom)
2019-09-26 10:06:53,493 [pool-625-thread-1] INFO  impl.RaftServerImpl (ServerState.java:<init>(103)) - c14de6c3-ad97-4da4-b999-5d30d93b25e7@group-DA6032F392B0: ConfigurationManager, init=-1: [c14de6c3-ad97-4da4-b999-5d30d93b25e7:192.168.30.13:38350], old=null, confs=<EMPTY_MAP>
2019-09-26 10:06:53,494 [pool-625-thread-1] INFO  server.RaftServerConfigKeys (ConfUtils.java:logGet(43)) - raft.server.storage.dir = [/workdir/hadoop-ozone/integration-test/target/test-dir/MiniOzoneClusterImpl-3237421e-5f73-41b0-8605-c54d21f4eaa5/datanode-4/data/ratis] (custom)
2019-09-26 10:06:53,494 [pool-625-thread-1] INFO  storage.RaftStorageDirectory (RaftStorageDirectory.java:analyzeStorage(246)) - The storage directory /workdir/hadoop-ozone/integration-test/target/test-dir/MiniOzoneClusterImpl-3237421e-5f73-41b0-8605-c54d21f4eaa5/datanode-4/data/ratis/e6a5ead2-cf67-4d66-a934-da6032f392b0 does not exist. Creating ...
2019-09-26 10:06:53,514 [pool-625-thread-1] INFO  storage.RaftStorageDirectory (RaftStorageDirectory.java:tryLock(328)) - Lock on /workdir/hadoop-ozone/integration-test/target/test-dir/MiniOzoneClusterImpl-3237421e-5f73-41b0-8605-c54d21f4eaa5/datanode-4/data/ratis/e6a5ead2-cf67-4d66-a934-da6032f392b0/in_use.lock acquired by nodename 19604@pr-hdds-1569-wvzgm-824869521
2019-09-26 10:06:53,539 [pool-625-thread-1] INFO  storage.RaftStorage (RaftStorage.java:format(72)) - Storage directory /workdir/hadoop-ozone/integration-test/target/test-dir/MiniOzoneClusterImpl-3237421e-5f73-41b0-8605-c54d21f4eaa5/datanode-4/data/ratis/e6a5ead2-cf67-4d66-a934-da6032f392b0 has been successfully formatted.
2019-09-26 10:06:53,540 [pool-625-thread-1] INFO  ratis.ContainerStateMachine (ContainerStateMachine.java:loadSnapshot(230)) - group-DA6032F392B0: The snapshot info is null. Setting the last applied indexto:(t:0, i:~)
2019-09-26 10:06:53,540 [pool-625-thread-1] INFO  server.RaftServerConfigKeys (ConfUtils.java:logGet(43)) - raft.server.notification.no-leader.timeout = 120s (custom)
2019-09-26 10:06:53,540 [pool-625-thread-1] INFO  server.RaftServerConfigKeys (ConfUtils.java:logGet(43)) - raft.server.log.use.memory = false (default)
2019-09-26 10:06:53,540 [pool-625-thread-1] INFO  server.RaftServerConfigKeys (ConfUtils.java:logGet(43)) - raft.server.log.purge.gap = 1000000 (custom)
2019-09-26 10:06:53,540 [pool-625-thread-1] INFO  server.RaftServerConfigKeys (ConfUtils.java:logGet(43)) - raft.server.log.appender.buffer.byte-limit = 33554432 (custom)
2019-09-26 10:06:53,540 [pool-625-thread-1] INFO  server.RaftServerConfigKeys (ConfUtils.java:logGet(43)) - raft.server.log.segment.size.max = 1048576 (custom)
2019-09-26 10:06:53,540 [pool-625-thread-1] INFO  server.RaftServerConfigKeys (ConfUtils.java:logGet(43)) - raft.server.log.segment.cache.num.max = 2 (custom)
2019-09-26 10:06:53,541 [pool-625-thread-1] INFO  segmented.SegmentedRaftLogWorker (SegmentedRaftLogWorker.java:<init>(172)) - new c14de6c3-ad97-4da4-b999-5d30d93b25e7@group-DA6032F392B0-SegmentedRaftLogWorker for RaftStorage:Storage Directory /workdir/hadoop-ozone/integration-test/target/test-dir/MiniOzoneClusterImpl-3237421e-5f73-41b0-8605-c54d21f4eaa5/datanode-4/data/ratis/e6a5ead2-cf67-4d66-a934-da6032f392b0
2019-09-26 10:06:53,541 [pool-625-thread-1] INFO  server.RaftServerConfigKeys (ConfUtils.java:logGet(43)) - raft.server.log.queue.byte-limit = 2147483647 (custom)
2019-09-26 10:06:53,541 [pool-625-thread-1] INFO  server.RaftServerConfigKeys (ConfUtils.java:logGet(43)) - raft.server.log.queue.element-limit = 1024 (custom)
2019-09-26 10:06:53,541 [pool-625-thread-1] INFO  server.RaftServerConfigKeys (ConfUtils.java:logGet(43)) - raft.server.log.segment.size.max = 1048576 (custom)
2019-09-26 10:06:53,541 [pool-625-thread-1] INFO  server.RaftServerConfigKeys (ConfUtils.java:logGet(43)) - raft.server.log.preallocated.size = 16384 (custom)
2019-09-26 10:06:53,541 [pool-625-thread-1] INFO  server.RaftServerConfigKeys (ConfUtils.java:logGet(43)) - raft.server.log.write.buffer.size = 33554432 (custom)
2019-09-26 10:06:53,541 [pool-625-thread-1] INFO  server.RaftServerConfigKeys (ConfUtils.java:logGet(43)) - raft.server.log.force.sync.num = 128 (default)
2019-09-26 10:06:53,541 [pool-625-thread-1] INFO  server.RaftServerConfigKeys (ConfUtils.java:logGet(43)) - raft.server.log.statemachine.data.sync = true (default)
2019-09-26 10:06:53,542 [pool-625-thread-1] INFO  server.RaftServerConfigKeys (ConfUtils.java:logGet(43)) - raft.server.log.statemachine.data.sync.timeout = 10s (default)
2019-09-26 10:06:53,542 [pool-625-thread-1] INFO  server.RaftServerConfigKeys (ConfUtils.java:logGet(43)) - raft.server.log.statemachine.data.sync.timeout.retry = -1 (default)
2019-09-26 10:06:53,542 [pool-625-thread-1] INFO  server.RaftServerConfigKeys (ConfUtils.java:logGet(43)) - raft.server.log.statemachine.data.caching.enabled = true (custom)
2019-09-26 10:06:53,542 [pool-625-thread-1] INFO  segmented.SegmentedRaftLogWorker (SegmentedRaftLogWorker.java:lambda$new$0(132)) - c14de6c3-ad97-4da4-b999-5d30d93b25e7@group-DA6032F392B0-SegmentedRaftLogWorker: flushIndex: setUnconditionally 0 -> -1
2019-09-26 10:06:53,542 [pool-625-thread-1] INFO  server.RaftServerConfigKeys (ConfUtils.java:logGet(43)) - raft.server.snapshot.auto.trigger.enabled = true (custom)
2019-09-26 10:06:53,543 [pool-625-thread-1] INFO  server.RaftServerConfigKeys (ConfUtils.java:logGet(43)) - raft.server.snapshot.auto.trigger.threshold = 10000 (custom)
2019-09-26 10:06:53,543 [pool-625-thread-1] INFO  server.RaftServerConfigKeys (ConfUtils.java:logGet(43)) - raft.server.snapshot.retention.num.files = 5 (custom)
2019-09-26 10:06:53,543 [pool-625-thread-1] INFO  server.RaftServerConfigKeys (ConfUtils.java:logGet(43)) - raft.server.retrycache.expirytime = 600000ms (custom)
2019-09-26 10:06:53,545 [pool-625-thread-1] INFO  impl.RaftServerImpl (RaftServerImpl.java:start(185)) - c14de6c3-ad97-4da4-b999-5d30d93b25e7@group-DA6032F392B0: start as a follower, conf=-1: [c14de6c3-ad97-4da4-b999-5d30d93b25e7:192.168.30.13:38350], old=null
2019-09-26 10:06:53,545 [pool-625-thread-1] INFO  impl.RaftServerImpl (RaftServerImpl.java:setRole(174)) - c14de6c3-ad97-4da4-b999-5d30d93b25e7@group-DA6032F392B0: changes role from      null to FOLLOWER at term 0 for startAsFollower
2019-09-26 10:06:53,545 [pool-625-thread-1] INFO  impl.RoleInfo (RoleInfo.java:updateAndGet(143)) - c14de6c3-ad97-4da4-b999-5d30d93b25e7: start FollowerState
2019-09-26 10:06:53,545 [pool-625-thread-1] INFO  util.JmxRegister (JmxRegister.java:tryRegister(44)) - Successfully registered JMX Bean with object name Ratis:service=RaftServer,group=group-DA6032F392B0,id=c14de6c3-ad97-4da4-b999-5d30d93b25e7
2019-09-26 10:06:53,547 [RatisPipelineUtilsThread] INFO  pipeline.PipelineStateManager (PipelineStateManager.java:addPipeline(56)) - Created pipeline Pipeline[ Id: e6a5ead2-cf67-4d66-a934-da6032f392b0, Nodes: c14de6c3-ad97-4da4-b999-5d30d93b25e7{ip: 192.168.30.13, host: pr-hdds-1569-wvzgm-824869521, networkLocation: /default-rack, certSerialId: null}, Type:RATIS, Factor:ONE, State:OPEN]
2019-09-26 10:06:53,548 [RatisPipelineUtilsThread] INFO  pipeline.PipelinePlacementPolicy (PipelinePlacementPolicy.java:meetCriteria(91)) - Pipeline Placement: can't place more pipeline on heavy datanode： 4f799f37-ab1c-4be0-adf3-be30f86725ba Heaviness: 6 limit: 5
2019-09-26 10:06:53,557 [grpc-default-executor-1] INFO  impl.RaftServerProxy (RaftServerProxy.java:addNew(89)) - 84f656f9-4033-4770-bbd1-3f79d04a65ff: addNew group-9BB82E59BFD0:[84f656f9-4033-4770-bbd1-3f79d04a65ff:192.168.30.13:43165] returns group-9BB82E59BFD0:java.util.concurrent.CompletableFuture@60067e1f[Not completed]
2019-09-26 10:06:53,558 [pool-645-thread-1] INFO  impl.RaftServerImpl (RaftServerImpl.java:<init>(95)) - 84f656f9-4033-4770-bbd1-3f79d04a65ff: new RaftServerImpl for group-9BB82E59BFD0:[84f656f9-4033-4770-bbd1-3f79d04a65ff:192.168.30.13:43165] with ContainerStateMachine:uninitialized
2019-09-26 10:06:53,559 [pool-645-thread-1] INFO  server.RaftServerConfigKeys (ConfUtils.java:logGet(43)) - raft.server.rpc.timeout.min = 5s (custom)
2019-09-26 10:06:53,559 [pool-645-thread-1] INFO  server.RaftServerConfigKeys (ConfUtils.java:logGet(43)) - raft.server.rpc.timeout.max = 5200ms (custom)
2019-09-26 10:06:53,559 [pool-645-thread-1] INFO  server.RaftServerConfigKeys (ConfUtils.java:logGet(43)) - raft.server.rpcslowness.timeout = 120s (custom)
2019-09-26 10:06:53,559 [pool-645-thread-1] INFO  server.RaftServerConfigKeys (ConfUtils.java:logGet(43)) - raft.server.sleep.deviation.threshold = 300 (default)
2019-09-26 10:06:53,559 [pool-645-thread-1] INFO  server.RaftServerConfigKeys (ConfUtils.java:logGet(43)) - raft.server.log.appender.install.snapshot.enabled = false (custom)
2019-09-26 10:06:53,559 [pool-645-thread-1] INFO  impl.RaftServerImpl (ServerState.java:<init>(103)) - 84f656f9-4033-4770-bbd1-3f79d04a65ff@group-9BB82E59BFD0: ConfigurationManager, init=-1: [84f656f9-4033-4770-bbd1-3f79d04a65ff:192.168.30.13:43165], old=null, confs=<EMPTY_MAP>
2019-09-26 10:06:53,559 [pool-645-thread-1] INFO  server.RaftServerConfigKeys (ConfUtils.java:logGet(43)) - raft.server.storage.dir = [/workdir/hadoop-ozone/integration-test/target/test-dir/MiniOzoneClusterImpl-3237421e-5f73-41b0-8605-c54d21f4eaa5/datanode-6/data/ratis] (custom)
2019-09-26 10:06:53,560 [pool-645-thread-1] INFO  storage.RaftStorageDirectory (RaftStorageDirectory.java:analyzeStorage(246)) - The storage directory /workdir/hadoop-ozone/integration-test/target/test-dir/MiniOzoneClusterImpl-3237421e-5f73-41b0-8605-c54d21f4eaa5/datanode-6/data/ratis/0c225628-8c9b-4f46-b317-9bb82e59bfd0 does not exist. Creating ...
2019-09-26 10:06:53,565 [pool-645-thread-1] INFO  storage.RaftStorageDirectory (RaftStorageDirectory.java:tryLock(328)) - Lock on /workdir/hadoop-ozone/integration-test/target/test-dir/MiniOzoneClusterImpl-3237421e-5f73-41b0-8605-c54d21f4eaa5/datanode-6/data/ratis/0c225628-8c9b-4f46-b317-9bb82e59bfd0/in_use.lock acquired by nodename 19604@pr-hdds-1569-wvzgm-824869521
2019-09-26 10:06:53,592 [pool-645-thread-1] INFO  storage.RaftStorage (RaftStorage.java:format(72)) - Storage directory /workdir/hadoop-ozone/integration-test/target/test-dir/MiniOzoneClusterImpl-3237421e-5f73-41b0-8605-c54d21f4eaa5/datanode-6/data/ratis/0c225628-8c9b-4f46-b317-9bb82e59bfd0 has been successfully formatted.
2019-09-26 10:06:53,592 [pool-645-thread-1] INFO  ratis.ContainerStateMachine (ContainerStateMachine.java:loadSnapshot(230)) - group-9BB82E59BFD0: The snapshot info is null. Setting the last applied indexto:(t:0, i:~)
2019-09-26 10:06:53,593 [pool-645-thread-1] INFO  server.RaftServerConfigKeys (ConfUtils.java:logGet(43)) - raft.server.notification.no-leader.timeout = 120s (custom)
2019-09-26 10:06:53,593 [pool-645-thread-1] INFO  server.RaftServerConfigKeys (ConfUtils.java:logGet(43)) - raft.server.log.use.memory = false (default)
2019-09-26 10:06:53,593 [pool-645-thread-1] INFO  server.RaftServerConfigKeys (ConfUtils.java:logGet(43)) - raft.server.log.purge.gap = 1000000 (custom)
2019-09-26 10:06:53,593 [pool-645-thread-1] INFO  server.RaftServerConfigKeys (ConfUtils.java:logGet(43)) - raft.server.log.appender.buffer.byte-limit = 33554432 (custom)
2019-09-26 10:06:53,593 [pool-645-thread-1] INFO  server.RaftServerConfigKeys (ConfUtils.java:logGet(43)) - raft.server.log.segment.size.max = 1048576 (custom)
2019-09-26 10:06:53,593 [pool-645-thread-1] INFO  server.RaftServerConfigKeys (ConfUtils.java:logGet(43)) - raft.server.log.segment.cache.num.max = 2 (custom)
2019-09-26 10:06:53,594 [pool-645-thread-1] INFO  segmented.SegmentedRaftLogWorker (SegmentedRaftLogWorker.java:<init>(172)) - new 84f656f9-4033-4770-bbd1-3f79d04a65ff@group-9BB82E59BFD0-SegmentedRaftLogWorker for RaftStorage:Storage Directory /workdir/hadoop-ozone/integration-test/target/test-dir/MiniOzoneClusterImpl-3237421e-5f73-41b0-8605-c54d21f4eaa5/datanode-6/data/ratis/0c225628-8c9b-4f46-b317-9bb82e59bfd0
2019-09-26 10:06:53,595 [pool-645-thread-1] INFO  server.RaftServerConfigKeys (ConfUtils.java:logGet(43)) - raft.server.log.queue.byte-limit = 2147483647 (custom)
2019-09-26 10:06:53,595 [pool-645-thread-1] INFO  server.RaftServerConfigKeys (ConfUtils.java:logGet(43)) - raft.server.log.queue.element-limit = 1024 (custom)
2019-09-26 10:06:53,596 [pool-645-thread-1] INFO  server.RaftServerConfigKeys (ConfUtils.java:logGet(43)) - raft.server.log.segment.size.max = 1048576 (custom)
2019-09-26 10:06:53,596 [pool-645-thread-1] INFO  server.RaftServerConfigKeys (ConfUtils.java:logGet(43)) - raft.server.log.preallocated.size = 16384 (custom)
2019-09-26 10:06:53,596 [pool-645-thread-1] INFO  server.RaftServerConfigKeys (ConfUtils.java:logGet(43)) - raft.server.log.write.buffer.size = 33554432 (custom)
2019-09-26 10:06:53,596 [pool-645-thread-1] INFO  server.RaftServerConfigKeys (ConfUtils.java:logGet(43)) - raft.server.log.force.sync.num = 128 (default)
2019-09-26 10:06:53,596 [pool-645-thread-1] INFO  server.RaftServerConfigKeys (ConfUtils.java:logGet(43)) - raft.server.log.statemachine.data.sync = true (default)
2019-09-26 10:06:53,596 [pool-645-thread-1] INFO  server.RaftServerConfigKeys (ConfUtils.java:logGet(43)) - raft.server.log.statemachine.data.sync.timeout = 10s (default)
2019-09-26 10:06:53,596 [pool-645-thread-1] INFO  server.RaftServerConfigKeys (ConfUtils.java:logGet(43)) - raft.server.log.statemachine.data.sync.timeout.retry = -1 (default)
2019-09-26 10:06:53,597 [pool-645-thread-1] INFO  server.RaftServerConfigKeys (ConfUtils.java:logGet(43)) - raft.server.log.statemachine.data.caching.enabled = true (custom)
2019-09-26 10:06:53,597 [pool-645-thread-1] INFO  segmented.SegmentedRaftLogWorker (SegmentedRaftLogWorker.java:lambda$new$0(132)) - 84f656f9-4033-4770-bbd1-3f79d04a65ff@group-9BB82E59BFD0-SegmentedRaftLogWorker: flushIndex: setUnconditionally 0 -> -1
2019-09-26 10:06:53,597 [pool-645-thread-1] INFO  server.RaftServerConfigKeys (ConfUtils.java:logGet(43)) - raft.server.snapshot.auto.trigger.enabled = true (custom)
2019-09-26 10:06:53,597 [pool-645-thread-1] INFO  server.RaftServerConfigKeys (ConfUtils.java:logGet(43)) - raft.server.snapshot.auto.trigger.threshold = 10000 (custom)
2019-09-26 10:06:53,598 [pool-645-thread-1] INFO  server.RaftServerConfigKeys (ConfUtils.java:logGet(43)) - raft.server.snapshot.retention.num.files = 5 (custom)
2019-09-26 10:06:53,598 [pool-645-thread-1] INFO  server.RaftServerConfigKeys (ConfUtils.java:logGet(43)) - raft.server.retrycache.expirytime = 600000ms (custom)
2019-09-26 10:06:53,599 [pool-645-thread-1] INFO  impl.RaftServerImpl (RaftServerImpl.java:start(185)) - 84f656f9-4033-4770-bbd1-3f79d04a65ff@group-9BB82E59BFD0: start as a follower, conf=-1: [84f656f9-4033-4770-bbd1-3f79d04a65ff:192.168.30.13:43165], old=null
2019-09-26 10:06:53,600 [pool-645-thread-1] INFO  impl.RaftServerImpl (RaftServerImpl.java:setRole(174)) - 84f656f9-4033-4770-bbd1-3f79d04a65ff@group-9BB82E59BFD0: changes role from      null to FOLLOWER at term 0 for startAsFollower
2019-09-26 10:06:53,600 [pool-645-thread-1] INFO  impl.RoleInfo (RoleInfo.java:updateAndGet(143)) - 84f656f9-4033-4770-bbd1-3f79d04a65ff: start FollowerState
2019-09-26 10:06:53,600 [pool-645-thread-1] INFO  util.JmxRegister (JmxRegister.java:tryRegister(44)) - Successfully registered JMX Bean with object name Ratis:service=RaftServer,group=group-9BB82E59BFD0,id=84f656f9-4033-4770-bbd1-3f79d04a65ff
2019-09-26 10:06:53,602 [RatisPipelineUtilsThread] INFO  pipeline.PipelineStateManager (PipelineStateManager.java:addPipeline(56)) - Created pipeline Pipeline[ Id: 0c225628-8c9b-4f46-b317-9bb82e59bfd0, Nodes: 84f656f9-4033-4770-bbd1-3f79d04a65ff{ip: 192.168.30.13, host: pr-hdds-1569-wvzgm-824869521, networkLocation: /default-rack, certSerialId: null}, Type:RATIS, Factor:ONE, State:OPEN]
2019-09-26 10:06:53,603 [RatisPipelineUtilsThread] INFO  pipeline.PipelinePlacementPolicy (PipelinePlacementPolicy.java:meetCriteria(91)) - Pipeline Placement: can't place more pipeline on heavy datanode： 4f799f37-ab1c-4be0-adf3-be30f86725ba Heaviness: 6 limit: 5
2019-09-26 10:06:53,607 [grpc-default-executor-1] INFO  impl.RaftServerProxy (RaftServerProxy.java:addNew(89)) - 77afb7a9-3f27-4b85-962a-c9c70d1ecd8b: addNew group-06F50ACDD772:[77afb7a9-3f27-4b85-962a-c9c70d1ecd8b:192.168.30.13:39117] returns group-06F50ACDD772:java.util.concurrent.CompletableFuture@66aed27d[Not completed]
2019-09-26 10:06:53,608 [pool-595-thread-1] INFO  impl.RaftServerImpl (RaftServerImpl.java:<init>(95)) - 77afb7a9-3f27-4b85-962a-c9c70d1ecd8b: new RaftServerImpl for group-06F50ACDD772:[77afb7a9-3f27-4b85-962a-c9c70d1ecd8b:192.168.30.13:39117] with ContainerStateMachine:uninitialized
2019-09-26 10:06:53,608 [pool-595-thread-1] INFO  server.RaftServerConfigKeys (ConfUtils.java:logGet(43)) - raft.server.rpc.timeout.min = 5s (custom)
2019-09-26 10:06:53,608 [pool-595-thread-1] INFO  server.RaftServerConfigKeys (ConfUtils.java:logGet(43)) - raft.server.rpc.timeout.max = 5200ms (custom)
2019-09-26 10:06:53,608 [pool-595-thread-1] INFO  server.RaftServerConfigKeys (ConfUtils.java:logGet(43)) - raft.server.rpcslowness.timeout = 120s (custom)
2019-09-26 10:06:53,608 [pool-595-thread-1] INFO  server.RaftServerConfigKeys (ConfUtils.java:logGet(43)) - raft.server.sleep.deviation.threshold = 300 (default)
2019-09-26 10:06:53,608 [pool-595-thread-1] INFO  server.RaftServerConfigKeys (ConfUtils.java:logGet(43)) - raft.server.log.appender.install.snapshot.enabled = false (custom)
2019-09-26 10:06:53,608 [pool-595-thread-1] INFO  impl.RaftServerImpl (ServerState.java:<init>(103)) - 77afb7a9-3f27-4b85-962a-c9c70d1ecd8b@group-06F50ACDD772: ConfigurationManager, init=-1: [77afb7a9-3f27-4b85-962a-c9c70d1ecd8b:192.168.30.13:39117], old=null, confs=<EMPTY_MAP>
2019-09-26 10:06:53,609 [pool-595-thread-1] INFO  server.RaftServerConfigKeys (ConfUtils.java:logGet(43)) - raft.server.storage.dir = [/workdir/hadoop-ozone/integration-test/target/test-dir/MiniOzoneClusterImpl-3237421e-5f73-41b0-8605-c54d21f4eaa5/datanode-1/data/ratis] (custom)
2019-09-26 10:06:53,609 [pool-595-thread-1] INFO  storage.RaftStorageDirectory (RaftStorageDirectory.java:analyzeStorage(246)) - The storage directory /workdir/hadoop-ozone/integration-test/target/test-dir/MiniOzoneClusterImpl-3237421e-5f73-41b0-8605-c54d21f4eaa5/datanode-1/data/ratis/04d5b7fc-e3d4-484b-9be7-06f50acdd772 does not exist. Creating ...
2019-09-26 10:06:53,621 [pool-595-thread-1] INFO  storage.RaftStorageDirectory (RaftStorageDirectory.java:tryLock(328)) - Lock on /workdir/hadoop-ozone/integration-test/target/test-dir/MiniOzoneClusterImpl-3237421e-5f73-41b0-8605-c54d21f4eaa5/datanode-1/data/ratis/04d5b7fc-e3d4-484b-9be7-06f50acdd772/in_use.lock acquired by nodename 19604@pr-hdds-1569-wvzgm-824869521
2019-09-26 10:06:53,638 [pool-595-thread-1] INFO  storage.RaftStorage (RaftStorage.java:format(72)) - Storage directory /workdir/hadoop-ozone/integration-test/target/test-dir/MiniOzoneClusterImpl-3237421e-5f73-41b0-8605-c54d21f4eaa5/datanode-1/data/ratis/04d5b7fc-e3d4-484b-9be7-06f50acdd772 has been successfully formatted.
2019-09-26 10:06:53,638 [pool-595-thread-1] INFO  ratis.ContainerStateMachine (ContainerStateMachine.java:loadSnapshot(230)) - group-06F50ACDD772: The snapshot info is null. Setting the last applied indexto:(t:0, i:~)
2019-09-26 10:06:53,638 [pool-595-thread-1] INFO  server.RaftServerConfigKeys (ConfUtils.java:logGet(43)) - raft.server.notification.no-leader.timeout = 120s (custom)
2019-09-26 10:06:53,638 [pool-595-thread-1] INFO  server.RaftServerConfigKeys (ConfUtils.java:logGet(43)) - raft.server.log.use.memory = false (default)
2019-09-26 10:06:53,639 [pool-595-thread-1] INFO  server.RaftServerConfigKeys (ConfUtils.java:logGet(43)) - raft.server.log.purge.gap = 1000000 (custom)
2019-09-26 10:06:53,639 [pool-595-thread-1] INFO  server.RaftServerConfigKeys (ConfUtils.java:logGet(43)) - raft.server.log.appender.buffer.byte-limit = 33554432 (custom)
2019-09-26 10:06:53,639 [pool-595-thread-1] INFO  server.RaftServerConfigKeys (ConfUtils.java:logGet(43)) - raft.server.log.segment.size.max = 1048576 (custom)
2019-09-26 10:06:53,639 [pool-595-thread-1] INFO  server.RaftServerConfigKeys (ConfUtils.java:logGet(43)) - raft.server.log.segment.cache.num.max = 2 (custom)
2019-09-26 10:06:53,639 [pool-595-thread-1] INFO  segmented.SegmentedRaftLogWorker (SegmentedRaftLogWorker.java:<init>(172)) - new 77afb7a9-3f27-4b85-962a-c9c70d1ecd8b@group-06F50ACDD772-SegmentedRaftLogWorker for RaftStorage:Storage Directory /workdir/hadoop-ozone/integration-test/target/test-dir/MiniOzoneClusterImpl-3237421e-5f73-41b0-8605-c54d21f4eaa5/datanode-1/data/ratis/04d5b7fc-e3d4-484b-9be7-06f50acdd772
2019-09-26 10:06:53,639 [pool-595-thread-1] INFO  server.RaftServerConfigKeys (ConfUtils.java:logGet(43)) - raft.server.log.queue.byte-limit = 2147483647 (custom)
2019-09-26 10:06:53,639 [pool-595-thread-1] INFO  server.RaftServerConfigKeys (ConfUtils.java:logGet(43)) - raft.server.log.queue.element-limit = 1024 (custom)
2019-09-26 10:06:53,640 [pool-595-thread-1] INFO  server.RaftServerConfigKeys (ConfUtils.java:logGet(43)) - raft.server.log.segment.size.max = 1048576 (custom)
2019-09-26 10:06:53,640 [pool-595-thread-1] INFO  server.RaftServerConfigKeys (ConfUtils.java:logGet(43)) - raft.server.log.preallocated.size = 16384 (custom)
2019-09-26 10:06:53,640 [pool-595-thread-1] INFO  server.RaftServerConfigKeys (ConfUtils.java:logGet(43)) - raft.server.log.write.buffer.size = 33554432 (custom)
2019-09-26 10:06:53,640 [pool-595-thread-1] INFO  server.RaftServerConfigKeys (ConfUtils.java:logGet(43)) - raft.server.log.force.sync.num = 128 (default)
2019-09-26 10:06:53,640 [pool-595-thread-1] INFO  server.RaftServerConfigKeys (ConfUtils.java:logGet(43)) - raft.server.log.statemachine.data.sync = true (default)
2019-09-26 10:06:53,640 [pool-595-thread-1] INFO  server.RaftServerConfigKeys (ConfUtils.java:logGet(43)) - raft.server.log.statemachine.data.sync.timeout = 10s (default)
2019-09-26 10:06:53,640 [pool-595-thread-1] INFO  server.RaftServerConfigKeys (ConfUtils.java:logGet(43)) - raft.server.log.statemachine.data.sync.timeout.retry = -1 (default)
2019-09-26 10:06:53,641 [pool-595-thread-1] INFO  server.RaftServerConfigKeys (ConfUtils.java:logGet(43)) - raft.server.log.statemachine.data.caching.enabled = true (custom)
2019-09-26 10:06:53,641 [pool-595-thread-1] INFO  segmented.SegmentedRaftLogWorker (SegmentedRaftLogWorker.java:lambda$new$0(132)) - 77afb7a9-3f27-4b85-962a-c9c70d1ecd8b@group-06F50ACDD772-SegmentedRaftLogWorker: flushIndex: setUnconditionally 0 -> -1
2019-09-26 10:06:53,641 [pool-595-thread-1] INFO  server.RaftServerConfigKeys (ConfUtils.java:logGet(43)) - raft.server.snapshot.auto.trigger.enabled = true (custom)
2019-09-26 10:06:53,641 [pool-595-thread-1] INFO  server.RaftServerConfigKeys (ConfUtils.java:logGet(43)) - raft.server.snapshot.auto.trigger.threshold = 10000 (custom)
2019-09-26 10:06:53,642 [pool-595-thread-1] INFO  server.RaftServerConfigKeys (ConfUtils.java:logGet(43)) - raft.server.snapshot.retention.num.files = 5 (custom)
2019-09-26 10:06:53,642 [pool-595-thread-1] INFO  server.RaftServerConfigKeys (ConfUtils.java:logGet(43)) - raft.server.retrycache.expirytime = 600000ms (custom)
2019-09-26 10:06:53,644 [pool-595-thread-1] INFO  impl.RaftServerImpl (RaftServerImpl.java:start(185)) - 77afb7a9-3f27-4b85-962a-c9c70d1ecd8b@group-06F50ACDD772: start as a follower, conf=-1: [77afb7a9-3f27-4b85-962a-c9c70d1ecd8b:192.168.30.13:39117], old=null
2019-09-26 10:06:53,644 [pool-595-thread-1] INFO  impl.RaftServerImpl (RaftServerImpl.java:setRole(174)) - 77afb7a9-3f27-4b85-962a-c9c70d1ecd8b@group-06F50ACDD772: changes role from      null to FOLLOWER at term 0 for startAsFollower
2019-09-26 10:06:53,644 [pool-595-thread-1] INFO  impl.RoleInfo (RoleInfo.java:updateAndGet(143)) - 77afb7a9-3f27-4b85-962a-c9c70d1ecd8b: start FollowerState
2019-09-26 10:06:53,644 [pool-595-thread-1] INFO  util.JmxRegister (JmxRegister.java:tryRegister(44)) - Successfully registered JMX Bean with object name Ratis:service=RaftServer,group=group-06F50ACDD772,id=77afb7a9-3f27-4b85-962a-c9c70d1ecd8b
2019-09-26 10:06:53,647 [RatisPipelineUtilsThread] INFO  pipeline.PipelineStateManager (PipelineStateManager.java:addPipeline(56)) - Created pipeline Pipeline[ Id: 04d5b7fc-e3d4-484b-9be7-06f50acdd772, Nodes: 77afb7a9-3f27-4b85-962a-c9c70d1ecd8b{ip: 192.168.30.13, host: pr-hdds-1569-wvzgm-824869521, networkLocation: /default-rack, certSerialId: null}, Type:RATIS, Factor:ONE, State:OPEN]
2019-09-26 10:06:53,647 [RatisPipelineUtilsThread] INFO  pipeline.PipelinePlacementPolicy (PipelinePlacementPolicy.java:meetCriteria(91)) - Pipeline Placement: can't place more pipeline on heavy datanode： 4f799f37-ab1c-4be0-adf3-be30f86725ba Heaviness: 6 limit: 5
2019-09-26 10:06:53,647 [RatisPipelineUtilsThread] INFO  pipeline.PipelinePlacementPolicy (PipelinePlacementPolicy.java:meetCriteria(91)) - Pipeline Placement: can't place more pipeline on heavy datanode： 77afb7a9-3f27-4b85-962a-c9c70d1ecd8b Heaviness: 6 limit: 5
2019-09-26 10:06:53,651 [grpc-default-executor-1] INFO  impl.RaftServerProxy (RaftServerProxy.java:addNew(89)) - c3e403b7-5a1e-4aac-9b5a-0aedadd701b5: addNew group-CC175C5D86BF:[c3e403b7-5a1e-4aac-9b5a-0aedadd701b5:192.168.30.13:38271] returns group-CC175C5D86BF:java.util.concurrent.CompletableFuture@6bba58d4[Not completed]
2019-09-26 10:06:53,652 [pool-605-thread-1] INFO  impl.RaftServerImpl (RaftServerImpl.java:<init>(95)) - c3e403b7-5a1e-4aac-9b5a-0aedadd701b5: new RaftServerImpl for group-CC175C5D86BF:[c3e403b7-5a1e-4aac-9b5a-0aedadd701b5:192.168.30.13:38271] with ContainerStateMachine:uninitialized
2019-09-26 10:06:53,653 [pool-605-thread-1] INFO  server.RaftServerConfigKeys (ConfUtils.java:logGet(43)) - raft.server.rpc.timeout.min = 5s (custom)
2019-09-26 10:06:53,653 [pool-605-thread-1] INFO  server.RaftServerConfigKeys (ConfUtils.java:logGet(43)) - raft.server.rpc.timeout.max = 5200ms (custom)
2019-09-26 10:06:53,653 [pool-605-thread-1] INFO  server.RaftServerConfigKeys (ConfUtils.java:logGet(43)) - raft.server.rpcslowness.timeout = 120s (custom)
2019-09-26 10:06:53,653 [pool-605-thread-1] INFO  server.RaftServerConfigKeys (ConfUtils.java:logGet(43)) - raft.server.sleep.deviation.threshold = 300 (default)
2019-09-26 10:06:53,653 [pool-605-thread-1] INFO  server.RaftServerConfigKeys (ConfUtils.java:logGet(43)) - raft.server.log.appender.install.snapshot.enabled = false (custom)
2019-09-26 10:06:53,653 [pool-605-thread-1] INFO  impl.RaftServerImpl (ServerState.java:<init>(103)) - c3e403b7-5a1e-4aac-9b5a-0aedadd701b5@group-CC175C5D86BF: ConfigurationManager, init=-1: [c3e403b7-5a1e-4aac-9b5a-0aedadd701b5:192.168.30.13:38271], old=null, confs=<EMPTY_MAP>
2019-09-26 10:06:53,653 [pool-605-thread-1] INFO  server.RaftServerConfigKeys (ConfUtils.java:logGet(43)) - raft.server.storage.dir = [/workdir/hadoop-ozone/integration-test/target/test-dir/MiniOzoneClusterImpl-3237421e-5f73-41b0-8605-c54d21f4eaa5/datanode-2/data/ratis] (custom)
2019-09-26 10:06:53,654 [pool-605-thread-1] INFO  storage.RaftStorageDirectory (RaftStorageDirectory.java:analyzeStorage(246)) - The storage directory /workdir/hadoop-ozone/integration-test/target/test-dir/MiniOzoneClusterImpl-3237421e-5f73-41b0-8605-c54d21f4eaa5/datanode-2/data/ratis/f30f0906-14ba-4472-89ab-cc175c5d86bf does not exist. Creating ...
2019-09-26 10:06:53,689 [pool-605-thread-1] INFO  storage.RaftStorageDirectory (RaftStorageDirectory.java:tryLock(328)) - Lock on /workdir/hadoop-ozone/integration-test/target/test-dir/MiniOzoneClusterImpl-3237421e-5f73-41b0-8605-c54d21f4eaa5/datanode-2/data/ratis/f30f0906-14ba-4472-89ab-cc175c5d86bf/in_use.lock acquired by nodename 19604@pr-hdds-1569-wvzgm-824869521
2019-09-26 10:06:53,703 [pool-605-thread-1] INFO  storage.RaftStorage (RaftStorage.java:format(72)) - Storage directory /workdir/hadoop-ozone/integration-test/target/test-dir/MiniOzoneClusterImpl-3237421e-5f73-41b0-8605-c54d21f4eaa5/datanode-2/data/ratis/f30f0906-14ba-4472-89ab-cc175c5d86bf has been successfully formatted.
2019-09-26 10:06:53,703 [pool-605-thread-1] INFO  ratis.ContainerStateMachine (ContainerStateMachine.java:loadSnapshot(230)) - group-CC175C5D86BF: The snapshot info is null. Setting the last applied indexto:(t:0, i:~)
2019-09-26 10:06:53,703 [pool-605-thread-1] INFO  server.RaftServerConfigKeys (ConfUtils.java:logGet(43)) - raft.server.notification.no-leader.timeout = 120s (custom)
2019-09-26 10:06:53,704 [pool-605-thread-1] INFO  server.RaftServerConfigKeys (ConfUtils.java:logGet(43)) - raft.server.log.use.memory = false (default)
2019-09-26 10:06:53,704 [pool-605-thread-1] INFO  server.RaftServerConfigKeys (ConfUtils.java:logGet(43)) - raft.server.log.purge.gap = 1000000 (custom)
2019-09-26 10:06:53,704 [pool-605-thread-1] INFO  server.RaftServerConfigKeys (ConfUtils.java:logGet(43)) - raft.server.log.appender.buffer.byte-limit = 33554432 (custom)
2019-09-26 10:06:53,704 [pool-605-thread-1] INFO  server.RaftServerConfigKeys (ConfUtils.java:logGet(43)) - raft.server.log.segment.size.max = 1048576 (custom)
2019-09-26 10:06:53,704 [pool-605-thread-1] INFO  server.RaftServerConfigKeys (ConfUtils.java:logGet(43)) - raft.server.log.segment.cache.num.max = 2 (custom)
2019-09-26 10:06:53,704 [pool-605-thread-1] INFO  segmented.SegmentedRaftLogWorker (SegmentedRaftLogWorker.java:<init>(172)) - new c3e403b7-5a1e-4aac-9b5a-0aedadd701b5@group-CC175C5D86BF-SegmentedRaftLogWorker for RaftStorage:Storage Directory /workdir/hadoop-ozone/integration-test/target/test-dir/MiniOzoneClusterImpl-3237421e-5f73-41b0-8605-c54d21f4eaa5/datanode-2/data/ratis/f30f0906-14ba-4472-89ab-cc175c5d86bf
2019-09-26 10:06:53,705 [pool-605-thread-1] INFO  server.RaftServerConfigKeys (ConfUtils.java:logGet(43)) - raft.server.log.queue.byte-limit = 2147483647 (custom)
2019-09-26 10:06:53,705 [pool-605-thread-1] INFO  server.RaftServerConfigKeys (ConfUtils.java:logGet(43)) - raft.server.log.queue.element-limit = 1024 (custom)
2019-09-26 10:06:53,705 [pool-605-thread-1] INFO  server.RaftServerConfigKeys (ConfUtils.java:logGet(43)) - raft.server.log.segment.size.max = 1048576 (custom)
2019-09-26 10:06:53,705 [pool-605-thread-1] INFO  server.RaftServerConfigKeys (ConfUtils.java:logGet(43)) - raft.server.log.preallocated.size = 16384 (custom)
2019-09-26 10:06:53,705 [pool-605-thread-1] INFO  server.RaftServerConfigKeys (ConfUtils.java:logGet(43)) - raft.server.log.write.buffer.size = 33554432 (custom)
2019-09-26 10:06:53,705 [pool-605-thread-1] INFO  server.RaftServerConfigKeys (ConfUtils.java:logGet(43)) - raft.server.log.force.sync.num = 128 (default)
2019-09-26 10:06:53,705 [pool-605-thread-1] INFO  server.RaftServerConfigKeys (ConfUtils.java:logGet(43)) - raft.server.log.statemachine.data.sync = true (default)
2019-09-26 10:06:53,705 [pool-605-thread-1] INFO  server.RaftServerConfigKeys (ConfUtils.java:logGet(43)) - raft.server.log.statemachine.data.sync.timeout = 10s (default)
2019-09-26 10:06:53,706 [pool-605-thread-1] INFO  server.RaftServerConfigKeys (ConfUtils.java:logGet(43)) - raft.server.log.statemachine.data.sync.timeout.retry = -1 (default)
2019-09-26 10:06:53,706 [pool-605-thread-1] INFO  server.RaftServerConfigKeys (ConfUtils.java:logGet(43)) - raft.server.log.statemachine.data.caching.enabled = true (custom)
2019-09-26 10:06:53,706 [pool-605-thread-1] INFO  segmented.SegmentedRaftLogWorker (SegmentedRaftLogWorker.java:lambda$new$0(132)) - c3e403b7-5a1e-4aac-9b5a-0aedadd701b5@group-CC175C5D86BF-SegmentedRaftLogWorker: flushIndex: setUnconditionally 0 -> -1
2019-09-26 10:06:53,706 [pool-605-thread-1] INFO  server.RaftServerConfigKeys (ConfUtils.java:logGet(43)) - raft.server.snapshot.auto.trigger.enabled = true (custom)
2019-09-26 10:06:53,707 [pool-605-thread-1] INFO  server.RaftServerConfigKeys (ConfUtils.java:logGet(43)) - raft.server.snapshot.auto.trigger.threshold = 10000 (custom)
2019-09-26 10:06:53,707 [pool-605-thread-1] INFO  server.RaftServerConfigKeys (ConfUtils.java:logGet(43)) - raft.server.snapshot.retention.num.files = 5 (custom)
2019-09-26 10:06:53,707 [pool-605-thread-1] INFO  server.RaftServerConfigKeys (ConfUtils.java:logGet(43)) - raft.server.retrycache.expirytime = 600000ms (custom)
2019-09-26 10:06:53,708 [pool-605-thread-1] INFO  impl.RaftServerImpl (RaftServerImpl.java:start(185)) - c3e403b7-5a1e-4aac-9b5a-0aedadd701b5@group-CC175C5D86BF: start as a follower, conf=-1: [c3e403b7-5a1e-4aac-9b5a-0aedadd701b5:192.168.30.13:38271], old=null
2019-09-26 10:06:53,709 [pool-605-thread-1] INFO  impl.RaftServerImpl (RaftServerImpl.java:setRole(174)) - c3e403b7-5a1e-4aac-9b5a-0aedadd701b5@group-CC175C5D86BF: changes role from      null to FOLLOWER at term 0 for startAsFollower
2019-09-26 10:06:53,709 [pool-605-thread-1] INFO  impl.RoleInfo (RoleInfo.java:updateAndGet(143)) - c3e403b7-5a1e-4aac-9b5a-0aedadd701b5: start FollowerState
2019-09-26 10:06:53,709 [pool-605-thread-1] INFO  util.JmxRegister (JmxRegister.java:tryRegister(44)) - Successfully registered JMX Bean with object name Ratis:service=RaftServer,group=group-CC175C5D86BF,id=c3e403b7-5a1e-4aac-9b5a-0aedadd701b5
2019-09-26 10:06:53,711 [RatisPipelineUtilsThread] INFO  pipeline.PipelineStateManager (PipelineStateManager.java:addPipeline(56)) - Created pipeline Pipeline[ Id: f30f0906-14ba-4472-89ab-cc175c5d86bf, Nodes: c3e403b7-5a1e-4aac-9b5a-0aedadd701b5{ip: 192.168.30.13, host: pr-hdds-1569-wvzgm-824869521, networkLocation: /default-rack, certSerialId: null}, Type:RATIS, Factor:ONE, State:OPEN]
2019-09-26 10:06:53,712 [RatisPipelineUtilsThread] INFO  pipeline.PipelinePlacementPolicy (PipelinePlacementPolicy.java:meetCriteria(91)) - Pipeline Placement: can't place more pipeline on heavy datanode： 4f799f37-ab1c-4be0-adf3-be30f86725ba Heaviness: 6 limit: 5
2019-09-26 10:06:53,712 [RatisPipelineUtilsThread] INFO  pipeline.PipelinePlacementPolicy (PipelinePlacementPolicy.java:meetCriteria(91)) - Pipeline Placement: can't place more pipeline on heavy datanode： 77afb7a9-3f27-4b85-962a-c9c70d1ecd8b Heaviness: 6 limit: 5
2019-09-26 10:06:53,715 [grpc-default-executor-1] INFO  impl.RaftServerProxy (RaftServerProxy.java:addNew(89)) - 4c0de2d3-09dd-47d7-b7a1-4f63a4eb8acf: addNew group-AFFCF8A8623E:[4c0de2d3-09dd-47d7-b7a1-4f63a4eb8acf:192.168.30.13:40522] returns group-AFFCF8A8623E:java.util.concurrent.CompletableFuture@36809d82[Not completed]
2019-09-26 10:06:53,716 [pool-615-thread-1] INFO  impl.RaftServerImpl (RaftServerImpl.java:<init>(95)) - 4c0de2d3-09dd-47d7-b7a1-4f63a4eb8acf: new RaftServerImpl for group-AFFCF8A8623E:[4c0de2d3-09dd-47d7-b7a1-4f63a4eb8acf:192.168.30.13:40522] with ContainerStateMachine:uninitialized
2019-09-26 10:06:53,716 [pool-615-thread-1] INFO  server.RaftServerConfigKeys (ConfUtils.java:logGet(43)) - raft.server.rpc.timeout.min = 5s (custom)
2019-09-26 10:06:53,716 [pool-615-thread-1] INFO  server.RaftServerConfigKeys (ConfUtils.java:logGet(43)) - raft.server.rpc.timeout.max = 5200ms (custom)
2019-09-26 10:06:53,717 [pool-615-thread-1] INFO  server.RaftServerConfigKeys (ConfUtils.java:logGet(43)) - raft.server.rpcslowness.timeout = 120s (custom)
2019-09-26 10:06:53,717 [pool-615-thread-1] INFO  server.RaftServerConfigKeys (ConfUtils.java:logGet(43)) - raft.server.sleep.deviation.threshold = 300 (default)
2019-09-26 10:06:53,717 [pool-615-thread-1] INFO  server.RaftServerConfigKeys (ConfUtils.java:logGet(43)) - raft.server.log.appender.install.snapshot.enabled = false (custom)
2019-09-26 10:06:53,717 [pool-615-thread-1] INFO  impl.RaftServerImpl (ServerState.java:<init>(103)) - 4c0de2d3-09dd-47d7-b7a1-4f63a4eb8acf@group-AFFCF8A8623E: ConfigurationManager, init=-1: [4c0de2d3-09dd-47d7-b7a1-4f63a4eb8acf:192.168.30.13:40522], old=null, confs=<EMPTY_MAP>
2019-09-26 10:06:53,717 [pool-615-thread-1] INFO  server.RaftServerConfigKeys (ConfUtils.java:logGet(43)) - raft.server.storage.dir = [/workdir/hadoop-ozone/integration-test/target/test-dir/MiniOzoneClusterImpl-3237421e-5f73-41b0-8605-c54d21f4eaa5/datanode-3/data/ratis] (custom)
2019-09-26 10:06:53,717 [pool-615-thread-1] INFO  storage.RaftStorageDirectory (RaftStorageDirectory.java:analyzeStorage(246)) - The storage directory /workdir/hadoop-ozone/integration-test/target/test-dir/MiniOzoneClusterImpl-3237421e-5f73-41b0-8605-c54d21f4eaa5/datanode-3/data/ratis/da3f337d-3b2c-45e4-a5bc-affcf8a8623e does not exist. Creating ...
2019-09-26 10:06:53,752 [pool-615-thread-1] INFO  storage.RaftStorageDirectory (RaftStorageDirectory.java:tryLock(328)) - Lock on /workdir/hadoop-ozone/integration-test/target/test-dir/MiniOzoneClusterImpl-3237421e-5f73-41b0-8605-c54d21f4eaa5/datanode-3/data/ratis/da3f337d-3b2c-45e4-a5bc-affcf8a8623e/in_use.lock acquired by nodename 19604@pr-hdds-1569-wvzgm-824869521
2019-09-26 10:06:53,766 [pool-615-thread-1] INFO  storage.RaftStorage (RaftStorage.java:format(72)) - Storage directory /workdir/hadoop-ozone/integration-test/target/test-dir/MiniOzoneClusterImpl-3237421e-5f73-41b0-8605-c54d21f4eaa5/datanode-3/data/ratis/da3f337d-3b2c-45e4-a5bc-affcf8a8623e has been successfully formatted.
2019-09-26 10:06:53,766 [pool-615-thread-1] INFO  ratis.ContainerStateMachine (ContainerStateMachine.java:loadSnapshot(230)) - group-AFFCF8A8623E: The snapshot info is null. Setting the last applied indexto:(t:0, i:~)
2019-09-26 10:06:53,766 [pool-615-thread-1] INFO  server.RaftServerConfigKeys (ConfUtils.java:logGet(43)) - raft.server.notification.no-leader.timeout = 120s (custom)
2019-09-26 10:06:53,767 [pool-615-thread-1] INFO  server.RaftServerConfigKeys (ConfUtils.java:logGet(43)) - raft.server.log.use.memory = false (default)
2019-09-26 10:06:53,767 [pool-615-thread-1] INFO  server.RaftServerConfigKeys (ConfUtils.java:logGet(43)) - raft.server.log.purge.gap = 1000000 (custom)
2019-09-26 10:06:53,767 [pool-615-thread-1] INFO  server.RaftServerConfigKeys (ConfUtils.java:logGet(43)) - raft.server.log.appender.buffer.byte-limit = 33554432 (custom)
2019-09-26 10:06:53,767 [pool-615-thread-1] INFO  server.RaftServerConfigKeys (ConfUtils.java:logGet(43)) - raft.server.log.segment.size.max = 1048576 (custom)
2019-09-26 10:06:53,767 [pool-615-thread-1] INFO  server.RaftServerConfigKeys (ConfUtils.java:logGet(43)) - raft.server.log.segment.cache.num.max = 2 (custom)
2019-09-26 10:06:53,767 [pool-615-thread-1] INFO  segmented.SegmentedRaftLogWorker (SegmentedRaftLogWorker.java:<init>(172)) - new 4c0de2d3-09dd-47d7-b7a1-4f63a4eb8acf@group-AFFCF8A8623E-SegmentedRaftLogWorker for RaftStorage:Storage Directory /workdir/hadoop-ozone/integration-test/target/test-dir/MiniOzoneClusterImpl-3237421e-5f73-41b0-8605-c54d21f4eaa5/datanode-3/data/ratis/da3f337d-3b2c-45e4-a5bc-affcf8a8623e
2019-09-26 10:06:53,768 [pool-615-thread-1] INFO  server.RaftServerConfigKeys (ConfUtils.java:logGet(43)) - raft.server.log.queue.byte-limit = 2147483647 (custom)
2019-09-26 10:06:53,768 [pool-615-thread-1] INFO  server.RaftServerConfigKeys (ConfUtils.java:logGet(43)) - raft.server.log.queue.element-limit = 1024 (custom)
2019-09-26 10:06:53,768 [pool-615-thread-1] INFO  server.RaftServerConfigKeys (ConfUtils.java:logGet(43)) - raft.server.log.segment.size.max = 1048576 (custom)
2019-09-26 10:06:53,768 [pool-615-thread-1] INFO  server.RaftServerConfigKeys (ConfUtils.java:logGet(43)) - raft.server.log.preallocated.size = 16384 (custom)
2019-09-26 10:06:53,768 [pool-615-thread-1] INFO  server.RaftServerConfigKeys (ConfUtils.java:logGet(43)) - raft.server.log.write.buffer.size = 33554432 (custom)
2019-09-26 10:06:53,768 [pool-615-thread-1] INFO  server.RaftServerConfigKeys (ConfUtils.java:logGet(43)) - raft.server.log.force.sync.num = 128 (default)
2019-09-26 10:06:53,768 [pool-615-thread-1] INFO  server.RaftServerConfigKeys (ConfUtils.java:logGet(43)) - raft.server.log.statemachine.data.sync = true (default)
2019-09-26 10:06:53,769 [pool-615-thread-1] INFO  server.RaftServerConfigKeys (ConfUtils.java:logGet(43)) - raft.server.log.statemachine.data.sync.timeout = 10s (default)
2019-09-26 10:06:53,769 [pool-615-thread-1] INFO  server.RaftServerConfigKeys (ConfUtils.java:logGet(43)) - raft.server.log.statemachine.data.sync.timeout.retry = -1 (default)
2019-09-26 10:06:53,769 [pool-615-thread-1] INFO  server.RaftServerConfigKeys (ConfUtils.java:logGet(43)) - raft.server.log.statemachine.data.caching.enabled = true (custom)
2019-09-26 10:06:53,769 [pool-615-thread-1] INFO  segmented.SegmentedRaftLogWorker (SegmentedRaftLogWorker.java:lambda$new$0(132)) - 4c0de2d3-09dd-47d7-b7a1-4f63a4eb8acf@group-AFFCF8A8623E-SegmentedRaftLogWorker: flushIndex: setUnconditionally 0 -> -1
2019-09-26 10:06:53,769 [pool-615-thread-1] INFO  server.RaftServerConfigKeys (ConfUtils.java:logGet(43)) - raft.server.snapshot.auto.trigger.enabled = true (custom)
2019-09-26 10:06:53,770 [pool-615-thread-1] INFO  server.RaftServerConfigKeys (ConfUtils.java:logGet(43)) - raft.server.snapshot.auto.trigger.threshold = 10000 (custom)
2019-09-26 10:06:53,770 [pool-615-thread-1] INFO  server.RaftServerConfigKeys (ConfUtils.java:logGet(43)) - raft.server.snapshot.retention.num.files = 5 (custom)
2019-09-26 10:06:53,770 [pool-615-thread-1] INFO  server.RaftServerConfigKeys (ConfUtils.java:logGet(43)) - raft.server.retrycache.expirytime = 600000ms (custom)
2019-09-26 10:06:53,772 [pool-615-thread-1] INFO  impl.RaftServerImpl (RaftServerImpl.java:start(185)) - 4c0de2d3-09dd-47d7-b7a1-4f63a4eb8acf@group-AFFCF8A8623E: start as a follower, conf=-1: [4c0de2d3-09dd-47d7-b7a1-4f63a4eb8acf:192.168.30.13:40522], old=null
2019-09-26 10:06:53,772 [pool-615-thread-1] INFO  impl.RaftServerImpl (RaftServerImpl.java:setRole(174)) - 4c0de2d3-09dd-47d7-b7a1-4f63a4eb8acf@group-AFFCF8A8623E: changes role from      null to FOLLOWER at term 0 for startAsFollower
2019-09-26 10:06:53,772 [pool-615-thread-1] INFO  impl.RoleInfo (RoleInfo.java:updateAndGet(143)) - 4c0de2d3-09dd-47d7-b7a1-4f63a4eb8acf: start FollowerState
2019-09-26 10:06:53,772 [pool-615-thread-1] INFO  util.JmxRegister (JmxRegister.java:tryRegister(44)) - Successfully registered JMX Bean with object name Ratis:service=RaftServer,group=group-AFFCF8A8623E,id=4c0de2d3-09dd-47d7-b7a1-4f63a4eb8acf
2019-09-26 10:06:53,774 [RatisPipelineUtilsThread] INFO  pipeline.PipelineStateManager (PipelineStateManager.java:addPipeline(56)) - Created pipeline Pipeline[ Id: da3f337d-3b2c-45e4-a5bc-affcf8a8623e, Nodes: 4c0de2d3-09dd-47d7-b7a1-4f63a4eb8acf{ip: 192.168.30.13, host: pr-hdds-1569-wvzgm-824869521, networkLocation: /default-rack, certSerialId: null}, Type:RATIS, Factor:ONE, State:OPEN]
2019-09-26 10:06:53,775 [RatisPipelineUtilsThread] INFO  pipeline.PipelinePlacementPolicy (PipelinePlacementPolicy.java:meetCriteria(91)) - Pipeline Placement: can't place more pipeline on heavy datanode： 4f799f37-ab1c-4be0-adf3-be30f86725ba Heaviness: 6 limit: 5
2019-09-26 10:06:53,775 [RatisPipelineUtilsThread] INFO  pipeline.PipelinePlacementPolicy (PipelinePlacementPolicy.java:meetCriteria(91)) - Pipeline Placement: can't place more pipeline on heavy datanode： 77afb7a9-3f27-4b85-962a-c9c70d1ecd8b Heaviness: 6 limit: 5
2019-09-26 10:06:53,778 [grpc-default-executor-1] INFO  impl.RaftServerProxy (RaftServerProxy.java:addNew(89)) - c3e403b7-5a1e-4aac-9b5a-0aedadd701b5: addNew group-DC556B58D3F1:[c3e403b7-5a1e-4aac-9b5a-0aedadd701b5:192.168.30.13:38271] returns group-DC556B58D3F1:java.util.concurrent.CompletableFuture@4e61bb1b[Not completed]
2019-09-26 10:06:53,779 [pool-605-thread-1] INFO  impl.RaftServerImpl (RaftServerImpl.java:<init>(95)) - c3e403b7-5a1e-4aac-9b5a-0aedadd701b5: new RaftServerImpl for group-DC556B58D3F1:[c3e403b7-5a1e-4aac-9b5a-0aedadd701b5:192.168.30.13:38271] with ContainerStateMachine:uninitialized
2019-09-26 10:06:53,779 [pool-605-thread-1] INFO  server.RaftServerConfigKeys (ConfUtils.java:logGet(43)) - raft.server.rpc.timeout.min = 5s (custom)
2019-09-26 10:06:53,780 [pool-605-thread-1] INFO  server.RaftServerConfigKeys (ConfUtils.java:logGet(43)) - raft.server.rpc.timeout.max = 5200ms (custom)
2019-09-26 10:06:53,780 [pool-605-thread-1] INFO  server.RaftServerConfigKeys (ConfUtils.java:logGet(43)) - raft.server.rpcslowness.timeout = 120s (custom)
2019-09-26 10:06:53,780 [pool-605-thread-1] INFO  server.RaftServerConfigKeys (ConfUtils.java:logGet(43)) - raft.server.sleep.deviation.threshold = 300 (default)
2019-09-26 10:06:53,780 [pool-605-thread-1] INFO  server.RaftServerConfigKeys (ConfUtils.java:logGet(43)) - raft.server.log.appender.install.snapshot.enabled = false (custom)
2019-09-26 10:06:53,780 [pool-605-thread-1] INFO  impl.RaftServerImpl (ServerState.java:<init>(103)) - c3e403b7-5a1e-4aac-9b5a-0aedadd701b5@group-DC556B58D3F1: ConfigurationManager, init=-1: [c3e403b7-5a1e-4aac-9b5a-0aedadd701b5:192.168.30.13:38271], old=null, confs=<EMPTY_MAP>
2019-09-26 10:06:53,780 [pool-605-thread-1] INFO  server.RaftServerConfigKeys (ConfUtils.java:logGet(43)) - raft.server.storage.dir = [/workdir/hadoop-ozone/integration-test/target/test-dir/MiniOzoneClusterImpl-3237421e-5f73-41b0-8605-c54d21f4eaa5/datanode-2/data/ratis] (custom)
2019-09-26 10:06:53,781 [pool-605-thread-1] INFO  storage.RaftStorageDirectory (RaftStorageDirectory.java:analyzeStorage(246)) - The storage directory /workdir/hadoop-ozone/integration-test/target/test-dir/MiniOzoneClusterImpl-3237421e-5f73-41b0-8605-c54d21f4eaa5/datanode-2/data/ratis/172cf70b-5f97-4cd3-99ec-dc556b58d3f1 does not exist. Creating ...
2019-09-26 10:06:53,805 [pool-605-thread-1] INFO  storage.RaftStorageDirectory (RaftStorageDirectory.java:tryLock(328)) - Lock on /workdir/hadoop-ozone/integration-test/target/test-dir/MiniOzoneClusterImpl-3237421e-5f73-41b0-8605-c54d21f4eaa5/datanode-2/data/ratis/172cf70b-5f97-4cd3-99ec-dc556b58d3f1/in_use.lock acquired by nodename 19604@pr-hdds-1569-wvzgm-824869521
2019-09-26 10:06:53,829 [pool-605-thread-1] INFO  storage.RaftStorage (RaftStorage.java:format(72)) - Storage directory /workdir/hadoop-ozone/integration-test/target/test-dir/MiniOzoneClusterImpl-3237421e-5f73-41b0-8605-c54d21f4eaa5/datanode-2/data/ratis/172cf70b-5f97-4cd3-99ec-dc556b58d3f1 has been successfully formatted.
2019-09-26 10:06:53,830 [pool-605-thread-1] INFO  ratis.ContainerStateMachine (ContainerStateMachine.java:loadSnapshot(230)) - group-DC556B58D3F1: The snapshot info is null. Setting the last applied indexto:(t:0, i:~)
2019-09-26 10:06:53,830 [pool-605-thread-1] INFO  server.RaftServerConfigKeys (ConfUtils.java:logGet(43)) - raft.server.notification.no-leader.timeout = 120s (custom)
2019-09-26 10:06:53,830 [pool-605-thread-1] INFO  server.RaftServerConfigKeys (ConfUtils.java:logGet(43)) - raft.server.log.use.memory = false (default)
2019-09-26 10:06:53,830 [pool-605-thread-1] INFO  server.RaftServerConfigKeys (ConfUtils.java:logGet(43)) - raft.server.log.purge.gap = 1000000 (custom)
2019-09-26 10:06:53,830 [pool-605-thread-1] INFO  server.RaftServerConfigKeys (ConfUtils.java:logGet(43)) - raft.server.log.appender.buffer.byte-limit = 33554432 (custom)
2019-09-26 10:06:53,831 [pool-605-thread-1] INFO  server.RaftServerConfigKeys (ConfUtils.java:logGet(43)) - raft.server.log.segment.size.max = 1048576 (custom)
2019-09-26 10:06:53,831 [pool-605-thread-1] INFO  server.RaftServerConfigKeys (ConfUtils.java:logGet(43)) - raft.server.log.segment.cache.num.max = 2 (custom)
2019-09-26 10:06:53,831 [pool-605-thread-1] INFO  segmented.SegmentedRaftLogWorker (SegmentedRaftLogWorker.java:<init>(172)) - new c3e403b7-5a1e-4aac-9b5a-0aedadd701b5@group-DC556B58D3F1-SegmentedRaftLogWorker for RaftStorage:Storage Directory /workdir/hadoop-ozone/integration-test/target/test-dir/MiniOzoneClusterImpl-3237421e-5f73-41b0-8605-c54d21f4eaa5/datanode-2/data/ratis/172cf70b-5f97-4cd3-99ec-dc556b58d3f1
2019-09-26 10:06:53,831 [pool-605-thread-1] INFO  server.RaftServerConfigKeys (ConfUtils.java:logGet(43)) - raft.server.log.queue.byte-limit = 2147483647 (custom)
2019-09-26 10:06:53,831 [pool-605-thread-1] INFO  server.RaftServerConfigKeys (ConfUtils.java:logGet(43)) - raft.server.log.queue.element-limit = 1024 (custom)
2019-09-26 10:06:53,832 [pool-605-thread-1] INFO  server.RaftServerConfigKeys (ConfUtils.java:logGet(43)) - raft.server.log.segment.size.max = 1048576 (custom)
2019-09-26 10:06:53,832 [pool-605-thread-1] INFO  server.RaftServerConfigKeys (ConfUtils.java:logGet(43)) - raft.server.log.preallocated.size = 16384 (custom)
2019-09-26 10:06:53,832 [pool-605-thread-1] INFO  server.RaftServerConfigKeys (ConfUtils.java:logGet(43)) - raft.server.log.write.buffer.size = 33554432 (custom)
2019-09-26 10:06:53,832 [pool-605-thread-1] INFO  server.RaftServerConfigKeys (ConfUtils.java:logGet(43)) - raft.server.log.force.sync.num = 128 (default)
2019-09-26 10:06:53,832 [pool-605-thread-1] INFO  server.RaftServerConfigKeys (ConfUtils.java:logGet(43)) - raft.server.log.statemachine.data.sync = true (default)
2019-09-26 10:06:53,832 [pool-605-thread-1] INFO  server.RaftServerConfigKeys (ConfUtils.java:logGet(43)) - raft.server.log.statemachine.data.sync.timeout = 10s (default)
2019-09-26 10:06:53,833 [pool-605-thread-1] INFO  server.RaftServerConfigKeys (ConfUtils.java:logGet(43)) - raft.server.log.statemachine.data.sync.timeout.retry = -1 (default)
2019-09-26 10:06:53,833 [pool-605-thread-1] INFO  server.RaftServerConfigKeys (ConfUtils.java:logGet(43)) - raft.server.log.statemachine.data.caching.enabled = true (custom)
2019-09-26 10:06:53,833 [pool-605-thread-1] INFO  segmented.SegmentedRaftLogWorker (SegmentedRaftLogWorker.java:lambda$new$0(132)) - c3e403b7-5a1e-4aac-9b5a-0aedadd701b5@group-DC556B58D3F1-SegmentedRaftLogWorker: flushIndex: setUnconditionally 0 -> -1
2019-09-26 10:06:53,834 [pool-605-thread-1] INFO  server.RaftServerConfigKeys (ConfUtils.java:logGet(43)) - raft.server.snapshot.auto.trigger.enabled = true (custom)
2019-09-26 10:06:53,834 [pool-605-thread-1] INFO  server.RaftServerConfigKeys (ConfUtils.java:logGet(43)) - raft.server.snapshot.auto.trigger.threshold = 10000 (custom)
2019-09-26 10:06:53,834 [pool-605-thread-1] INFO  server.RaftServerConfigKeys (ConfUtils.java:logGet(43)) - raft.server.snapshot.retention.num.files = 5 (custom)
2019-09-26 10:06:53,834 [pool-605-thread-1] INFO  server.RaftServerConfigKeys (ConfUtils.java:logGet(43)) - raft.server.retrycache.expirytime = 600000ms (custom)
2019-09-26 10:06:53,837 [pool-605-thread-1] INFO  impl.RaftServerImpl (RaftServerImpl.java:start(185)) - c3e403b7-5a1e-4aac-9b5a-0aedadd701b5@group-DC556B58D3F1: start as a follower, conf=-1: [c3e403b7-5a1e-4aac-9b5a-0aedadd701b5:192.168.30.13:38271], old=null
2019-09-26 10:06:53,837 [pool-605-thread-1] INFO  impl.RaftServerImpl (RaftServerImpl.java:setRole(174)) - c3e403b7-5a1e-4aac-9b5a-0aedadd701b5@group-DC556B58D3F1: changes role from      null to FOLLOWER at term 0 for startAsFollower
2019-09-26 10:06:53,837 [pool-605-thread-1] INFO  impl.RoleInfo (RoleInfo.java:updateAndGet(143)) - c3e403b7-5a1e-4aac-9b5a-0aedadd701b5: start FollowerState
2019-09-26 10:06:53,837 [pool-605-thread-1] INFO  util.JmxRegister (JmxRegister.java:tryRegister(44)) - Successfully registered JMX Bean with object name Ratis:service=RaftServer,group=group-DC556B58D3F1,id=c3e403b7-5a1e-4aac-9b5a-0aedadd701b5
2019-09-26 10:06:53,840 [RatisPipelineUtilsThread] INFO  pipeline.PipelineStateManager (PipelineStateManager.java:addPipeline(56)) - Created pipeline Pipeline[ Id: 172cf70b-5f97-4cd3-99ec-dc556b58d3f1, Nodes: c3e403b7-5a1e-4aac-9b5a-0aedadd701b5{ip: 192.168.30.13, host: pr-hdds-1569-wvzgm-824869521, networkLocation: /default-rack, certSerialId: null}, Type:RATIS, Factor:ONE, State:OPEN]
2019-09-26 10:06:53,840 [RatisPipelineUtilsThread] INFO  pipeline.PipelinePlacementPolicy (PipelinePlacementPolicy.java:meetCriteria(91)) - Pipeline Placement: can't place more pipeline on heavy datanode： 4f799f37-ab1c-4be0-adf3-be30f86725ba Heaviness: 6 limit: 5
2019-09-26 10:06:53,840 [RatisPipelineUtilsThread] INFO  pipeline.PipelinePlacementPolicy (PipelinePlacementPolicy.java:meetCriteria(91)) - Pipeline Placement: can't place more pipeline on heavy datanode： 77afb7a9-3f27-4b85-962a-c9c70d1ecd8b Heaviness: 6 limit: 5
2019-09-26 10:06:53,844 [grpc-default-executor-1] INFO  impl.RaftServerProxy (RaftServerProxy.java:addNew(89)) - c3e403b7-5a1e-4aac-9b5a-0aedadd701b5: addNew group-07323C0E4172:[c3e403b7-5a1e-4aac-9b5a-0aedadd701b5:192.168.30.13:38271] returns group-07323C0E4172:java.util.concurrent.CompletableFuture@362810d8[Not completed]
2019-09-26 10:06:53,845 [pool-605-thread-1] INFO  impl.RaftServerImpl (RaftServerImpl.java:<init>(95)) - c3e403b7-5a1e-4aac-9b5a-0aedadd701b5: new RaftServerImpl for group-07323C0E4172:[c3e403b7-5a1e-4aac-9b5a-0aedadd701b5:192.168.30.13:38271] with ContainerStateMachine:uninitialized
2019-09-26 10:06:53,845 [pool-605-thread-1] INFO  server.RaftServerConfigKeys (ConfUtils.java:logGet(43)) - raft.server.rpc.timeout.min = 5s (custom)
2019-09-26 10:06:53,845 [pool-605-thread-1] INFO  server.RaftServerConfigKeys (ConfUtils.java:logGet(43)) - raft.server.rpc.timeout.max = 5200ms (custom)
2019-09-26 10:06:53,845 [pool-605-thread-1] INFO  server.RaftServerConfigKeys (ConfUtils.java:logGet(43)) - raft.server.rpcslowness.timeout = 120s (custom)
2019-09-26 10:06:53,845 [pool-605-thread-1] INFO  server.RaftServerConfigKeys (ConfUtils.java:logGet(43)) - raft.server.sleep.deviation.threshold = 300 (default)
2019-09-26 10:06:53,846 [pool-605-thread-1] INFO  server.RaftServerConfigKeys (ConfUtils.java:logGet(43)) - raft.server.log.appender.install.snapshot.enabled = false (custom)
2019-09-26 10:06:53,846 [pool-605-thread-1] INFO  impl.RaftServerImpl (ServerState.java:<init>(103)) - c3e403b7-5a1e-4aac-9b5a-0aedadd701b5@group-07323C0E4172: ConfigurationManager, init=-1: [c3e403b7-5a1e-4aac-9b5a-0aedadd701b5:192.168.30.13:38271], old=null, confs=<EMPTY_MAP>
2019-09-26 10:06:53,846 [pool-605-thread-1] INFO  server.RaftServerConfigKeys (ConfUtils.java:logGet(43)) - raft.server.storage.dir = [/workdir/hadoop-ozone/integration-test/target/test-dir/MiniOzoneClusterImpl-3237421e-5f73-41b0-8605-c54d21f4eaa5/datanode-2/data/ratis] (custom)
2019-09-26 10:06:53,846 [pool-605-thread-1] INFO  storage.RaftStorageDirectory (RaftStorageDirectory.java:analyzeStorage(246)) - The storage directory /workdir/hadoop-ozone/integration-test/target/test-dir/MiniOzoneClusterImpl-3237421e-5f73-41b0-8605-c54d21f4eaa5/datanode-2/data/ratis/888dabee-5437-4840-b9b7-07323c0e4172 does not exist. Creating ...
2019-09-26 10:06:53,872 [pool-605-thread-1] INFO  storage.RaftStorageDirectory (RaftStorageDirectory.java:tryLock(328)) - Lock on /workdir/hadoop-ozone/integration-test/target/test-dir/MiniOzoneClusterImpl-3237421e-5f73-41b0-8605-c54d21f4eaa5/datanode-2/data/ratis/888dabee-5437-4840-b9b7-07323c0e4172/in_use.lock acquired by nodename 19604@pr-hdds-1569-wvzgm-824869521
2019-09-26 10:06:53,893 [pool-605-thread-1] INFO  storage.RaftStorage (RaftStorage.java:format(72)) - Storage directory /workdir/hadoop-ozone/integration-test/target/test-dir/MiniOzoneClusterImpl-3237421e-5f73-41b0-8605-c54d21f4eaa5/datanode-2/data/ratis/888dabee-5437-4840-b9b7-07323c0e4172 has been successfully formatted.
2019-09-26 10:06:53,893 [pool-605-thread-1] INFO  ratis.ContainerStateMachine (ContainerStateMachine.java:loadSnapshot(230)) - group-07323C0E4172: The snapshot info is null. Setting the last applied indexto:(t:0, i:~)
2019-09-26 10:06:53,893 [pool-605-thread-1] INFO  server.RaftServerConfigKeys (ConfUtils.java:logGet(43)) - raft.server.notification.no-leader.timeout = 120s (custom)
2019-09-26 10:06:53,894 [pool-605-thread-1] INFO  server.RaftServerConfigKeys (ConfUtils.java:logGet(43)) - raft.server.log.use.memory = false (default)
2019-09-26 10:06:53,894 [pool-605-thread-1] INFO  server.RaftServerConfigKeys (ConfUtils.java:logGet(43)) - raft.server.log.purge.gap = 1000000 (custom)
2019-09-26 10:06:53,894 [pool-605-thread-1] INFO  server.RaftServerConfigKeys (ConfUtils.java:logGet(43)) - raft.server.log.appender.buffer.byte-limit = 33554432 (custom)
2019-09-26 10:06:53,894 [pool-605-thread-1] INFO  server.RaftServerConfigKeys (ConfUtils.java:logGet(43)) - raft.server.log.segment.size.max = 1048576 (custom)
2019-09-26 10:06:53,894 [pool-605-thread-1] INFO  server.RaftServerConfigKeys (ConfUtils.java:logGet(43)) - raft.server.log.segment.cache.num.max = 2 (custom)
2019-09-26 10:06:53,894 [pool-605-thread-1] INFO  segmented.SegmentedRaftLogWorker (SegmentedRaftLogWorker.java:<init>(172)) - new c3e403b7-5a1e-4aac-9b5a-0aedadd701b5@group-07323C0E4172-SegmentedRaftLogWorker for RaftStorage:Storage Directory /workdir/hadoop-ozone/integration-test/target/test-dir/MiniOzoneClusterImpl-3237421e-5f73-41b0-8605-c54d21f4eaa5/datanode-2/data/ratis/888dabee-5437-4840-b9b7-07323c0e4172
2019-09-26 10:06:53,895 [pool-605-thread-1] INFO  server.RaftServerConfigKeys (ConfUtils.java:logGet(43)) - raft.server.log.queue.byte-limit = 2147483647 (custom)
2019-09-26 10:06:53,895 [pool-605-thread-1] INFO  server.RaftServerConfigKeys (ConfUtils.java:logGet(43)) - raft.server.log.queue.element-limit = 1024 (custom)
2019-09-26 10:06:53,895 [pool-605-thread-1] INFO  server.RaftServerConfigKeys (ConfUtils.java:logGet(43)) - raft.server.log.segment.size.max = 1048576 (custom)
2019-09-26 10:06:53,895 [pool-605-thread-1] INFO  server.RaftServerConfigKeys (ConfUtils.java:logGet(43)) - raft.server.log.preallocated.size = 16384 (custom)
2019-09-26 10:06:53,895 [pool-605-thread-1] INFO  server.RaftServerConfigKeys (ConfUtils.java:logGet(43)) - raft.server.log.write.buffer.size = 33554432 (custom)
2019-09-26 10:06:53,895 [pool-605-thread-1] INFO  server.RaftServerConfigKeys (ConfUtils.java:logGet(43)) - raft.server.log.force.sync.num = 128 (default)
2019-09-26 10:06:53,896 [pool-605-thread-1] INFO  server.RaftServerConfigKeys (ConfUtils.java:logGet(43)) - raft.server.log.statemachine.data.sync = true (default)
2019-09-26 10:06:53,896 [pool-605-thread-1] INFO  server.RaftServerConfigKeys (ConfUtils.java:logGet(43)) - raft.server.log.statemachine.data.sync.timeout = 10s (default)
2019-09-26 10:06:53,896 [pool-605-thread-1] INFO  server.RaftServerConfigKeys (ConfUtils.java:logGet(43)) - raft.server.log.statemachine.data.sync.timeout.retry = -1 (default)
2019-09-26 10:06:53,896 [pool-605-thread-1] INFO  server.RaftServerConfigKeys (ConfUtils.java:logGet(43)) - raft.server.log.statemachine.data.caching.enabled = true (custom)
2019-09-26 10:06:53,897 [pool-605-thread-1] INFO  segmented.SegmentedRaftLogWorker (SegmentedRaftLogWorker.java:lambda$new$0(132)) - c3e403b7-5a1e-4aac-9b5a-0aedadd701b5@group-07323C0E4172-SegmentedRaftLogWorker: flushIndex: setUnconditionally 0 -> -1
2019-09-26 10:06:53,897 [pool-605-thread-1] INFO  server.RaftServerConfigKeys (ConfUtils.java:logGet(43)) - raft.server.snapshot.auto.trigger.enabled = true (custom)
2019-09-26 10:06:53,897 [pool-605-thread-1] INFO  server.RaftServerConfigKeys (ConfUtils.java:logGet(43)) - raft.server.snapshot.auto.trigger.threshold = 10000 (custom)
2019-09-26 10:06:53,897 [pool-605-thread-1] INFO  server.RaftServerConfigKeys (ConfUtils.java:logGet(43)) - raft.server.snapshot.retention.num.files = 5 (custom)
2019-09-26 10:06:53,897 [pool-605-thread-1] INFO  server.RaftServerConfigKeys (ConfUtils.java:logGet(43)) - raft.server.retrycache.expirytime = 600000ms (custom)
2019-09-26 10:06:53,899 [pool-605-thread-1] INFO  impl.RaftServerImpl (RaftServerImpl.java:start(185)) - c3e403b7-5a1e-4aac-9b5a-0aedadd701b5@group-07323C0E4172: start as a follower, conf=-1: [c3e403b7-5a1e-4aac-9b5a-0aedadd701b5:192.168.30.13:38271], old=null
2019-09-26 10:06:53,900 [pool-605-thread-1] INFO  impl.RaftServerImpl (RaftServerImpl.java:setRole(174)) - c3e403b7-5a1e-4aac-9b5a-0aedadd701b5@group-07323C0E4172: changes role from      null to FOLLOWER at term 0 for startAsFollower
2019-09-26 10:06:53,900 [pool-605-thread-1] INFO  impl.RoleInfo (RoleInfo.java:updateAndGet(143)) - c3e403b7-5a1e-4aac-9b5a-0aedadd701b5: start FollowerState
2019-09-26 10:06:53,900 [pool-605-thread-1] INFO  util.JmxRegister (JmxRegister.java:tryRegister(44)) - Successfully registered JMX Bean with object name Ratis:service=RaftServer,group=group-07323C0E4172,id=c3e403b7-5a1e-4aac-9b5a-0aedadd701b5
2019-09-26 10:06:53,902 [RatisPipelineUtilsThread] INFO  pipeline.PipelineStateManager (PipelineStateManager.java:addPipeline(56)) - Created pipeline Pipeline[ Id: 888dabee-5437-4840-b9b7-07323c0e4172, Nodes: c3e403b7-5a1e-4aac-9b5a-0aedadd701b5{ip: 192.168.30.13, host: pr-hdds-1569-wvzgm-824869521, networkLocation: /default-rack, certSerialId: null}, Type:RATIS, Factor:ONE, State:OPEN]
2019-09-26 10:06:53,903 [RatisPipelineUtilsThread] INFO  pipeline.PipelinePlacementPolicy (PipelinePlacementPolicy.java:meetCriteria(91)) - Pipeline Placement: can't place more pipeline on heavy datanode： 4f799f37-ab1c-4be0-adf3-be30f86725ba Heaviness: 6 limit: 5
2019-09-26 10:06:53,903 [RatisPipelineUtilsThread] INFO  pipeline.PipelinePlacementPolicy (PipelinePlacementPolicy.java:meetCriteria(91)) - Pipeline Placement: can't place more pipeline on heavy datanode： 77afb7a9-3f27-4b85-962a-c9c70d1ecd8b Heaviness: 6 limit: 5
2019-09-26 10:06:53,907 [grpc-default-executor-1] INFO  impl.RaftServerProxy (RaftServerProxy.java:addNew(89)) - 4c0de2d3-09dd-47d7-b7a1-4f63a4eb8acf: addNew group-9CA1D242824F:[4c0de2d3-09dd-47d7-b7a1-4f63a4eb8acf:192.168.30.13:40522] returns group-9CA1D242824F:java.util.concurrent.CompletableFuture@23ae4395[Not completed]
2019-09-26 10:06:53,908 [pool-615-thread-1] INFO  impl.RaftServerImpl (RaftServerImpl.java:<init>(95)) - 4c0de2d3-09dd-47d7-b7a1-4f63a4eb8acf: new RaftServerImpl for group-9CA1D242824F:[4c0de2d3-09dd-47d7-b7a1-4f63a4eb8acf:192.168.30.13:40522] with ContainerStateMachine:uninitialized
2019-09-26 10:06:53,908 [pool-615-thread-1] INFO  server.RaftServerConfigKeys (ConfUtils.java:logGet(43)) - raft.server.rpc.timeout.min = 5s (custom)
2019-09-26 10:06:53,908 [pool-615-thread-1] INFO  server.RaftServerConfigKeys (ConfUtils.java:logGet(43)) - raft.server.rpc.timeout.max = 5200ms (custom)
2019-09-26 10:06:53,908 [pool-615-thread-1] INFO  server.RaftServerConfigKeys (ConfUtils.java:logGet(43)) - raft.server.rpcslowness.timeout = 120s (custom)
2019-09-26 10:06:53,909 [pool-615-thread-1] INFO  server.RaftServerConfigKeys (ConfUtils.java:logGet(43)) - raft.server.sleep.deviation.threshold = 300 (default)
2019-09-26 10:06:53,909 [pool-615-thread-1] INFO  server.RaftServerConfigKeys (ConfUtils.java:logGet(43)) - raft.server.log.appender.install.snapshot.enabled = false (custom)
2019-09-26 10:06:53,909 [pool-615-thread-1] INFO  impl.RaftServerImpl (ServerState.java:<init>(103)) - 4c0de2d3-09dd-47d7-b7a1-4f63a4eb8acf@group-9CA1D242824F: ConfigurationManager, init=-1: [4c0de2d3-09dd-47d7-b7a1-4f63a4eb8acf:192.168.30.13:40522], old=null, confs=<EMPTY_MAP>
2019-09-26 10:06:53,909 [pool-615-thread-1] INFO  server.RaftServerConfigKeys (ConfUtils.java:logGet(43)) - raft.server.storage.dir = [/workdir/hadoop-ozone/integration-test/target/test-dir/MiniOzoneClusterImpl-3237421e-5f73-41b0-8605-c54d21f4eaa5/datanode-3/data/ratis] (custom)
2019-09-26 10:06:53,910 [pool-615-thread-1] INFO  storage.RaftStorageDirectory (RaftStorageDirectory.java:analyzeStorage(246)) - The storage directory /workdir/hadoop-ozone/integration-test/target/test-dir/MiniOzoneClusterImpl-3237421e-5f73-41b0-8605-c54d21f4eaa5/datanode-3/data/ratis/6717c115-e855-4e7f-bbc5-9ca1d242824f does not exist. Creating ...
2019-09-26 10:06:53,934 [pool-615-thread-1] INFO  storage.RaftStorageDirectory (RaftStorageDirectory.java:tryLock(328)) - Lock on /workdir/hadoop-ozone/integration-test/target/test-dir/MiniOzoneClusterImpl-3237421e-5f73-41b0-8605-c54d21f4eaa5/datanode-3/data/ratis/6717c115-e855-4e7f-bbc5-9ca1d242824f/in_use.lock acquired by nodename 19604@pr-hdds-1569-wvzgm-824869521
2019-09-26 10:06:53,948 [pool-615-thread-1] INFO  storage.RaftStorage (RaftStorage.java:format(72)) - Storage directory /workdir/hadoop-ozone/integration-test/target/test-dir/MiniOzoneClusterImpl-3237421e-5f73-41b0-8605-c54d21f4eaa5/datanode-3/data/ratis/6717c115-e855-4e7f-bbc5-9ca1d242824f has been successfully formatted.
2019-09-26 10:06:53,948 [pool-615-thread-1] INFO  ratis.ContainerStateMachine (ContainerStateMachine.java:loadSnapshot(230)) - group-9CA1D242824F: The snapshot info is null. Setting the last applied indexto:(t:0, i:~)
2019-09-26 10:06:53,948 [pool-615-thread-1] INFO  server.RaftServerConfigKeys (ConfUtils.java:logGet(43)) - raft.server.notification.no-leader.timeout = 120s (custom)
2019-09-26 10:06:53,948 [pool-615-thread-1] INFO  server.RaftServerConfigKeys (ConfUtils.java:logGet(43)) - raft.server.log.use.memory = false (default)
2019-09-26 10:06:53,949 [pool-615-thread-1] INFO  server.RaftServerConfigKeys (ConfUtils.java:logGet(43)) - raft.server.log.purge.gap = 1000000 (custom)
2019-09-26 10:06:53,949 [pool-615-thread-1] INFO  server.RaftServerConfigKeys (ConfUtils.java:logGet(43)) - raft.server.log.appender.buffer.byte-limit = 33554432 (custom)
2019-09-26 10:06:53,949 [pool-615-thread-1] INFO  server.RaftServerConfigKeys (ConfUtils.java:logGet(43)) - raft.server.log.segment.size.max = 1048576 (custom)
2019-09-26 10:06:53,949 [pool-615-thread-1] INFO  server.RaftServerConfigKeys (ConfUtils.java:logGet(43)) - raft.server.log.segment.cache.num.max = 2 (custom)
2019-09-26 10:06:53,949 [pool-615-thread-1] INFO  segmented.SegmentedRaftLogWorker (SegmentedRaftLogWorker.java:<init>(172)) - new 4c0de2d3-09dd-47d7-b7a1-4f63a4eb8acf@group-9CA1D242824F-SegmentedRaftLogWorker for RaftStorage:Storage Directory /workdir/hadoop-ozone/integration-test/target/test-dir/MiniOzoneClusterImpl-3237421e-5f73-41b0-8605-c54d21f4eaa5/datanode-3/data/ratis/6717c115-e855-4e7f-bbc5-9ca1d242824f
2019-09-26 10:06:53,949 [pool-615-thread-1] INFO  server.RaftServerConfigKeys (ConfUtils.java:logGet(43)) - raft.server.log.queue.byte-limit = 2147483647 (custom)
2019-09-26 10:06:53,950 [pool-615-thread-1] INFO  server.RaftServerConfigKeys (ConfUtils.java:logGet(43)) - raft.server.log.queue.element-limit = 1024 (custom)
2019-09-26 10:06:53,950 [pool-615-thread-1] INFO  server.RaftServerConfigKeys (ConfUtils.java:logGet(43)) - raft.server.log.segment.size.max = 1048576 (custom)
2019-09-26 10:06:53,950 [pool-615-thread-1] INFO  server.RaftServerConfigKeys (ConfUtils.java:logGet(43)) - raft.server.log.preallocated.size = 16384 (custom)
2019-09-26 10:06:53,950 [pool-615-thread-1] INFO  server.RaftServerConfigKeys (ConfUtils.java:logGet(43)) - raft.server.log.write.buffer.size = 33554432 (custom)
2019-09-26 10:06:53,950 [pool-615-thread-1] INFO  server.RaftServerConfigKeys (ConfUtils.java:logGet(43)) - raft.server.log.force.sync.num = 128 (default)
2019-09-26 10:06:53,950 [pool-615-thread-1] INFO  server.RaftServerConfigKeys (ConfUtils.java:logGet(43)) - raft.server.log.statemachine.data.sync = true (default)
2019-09-26 10:06:53,951 [pool-615-thread-1] INFO  server.RaftServerConfigKeys (ConfUtils.java:logGet(43)) - raft.server.log.statemachine.data.sync.timeout = 10s (default)
2019-09-26 10:06:53,951 [pool-615-thread-1] INFO  server.RaftServerConfigKeys (ConfUtils.java:logGet(43)) - raft.server.log.statemachine.data.sync.timeout.retry = -1 (default)
2019-09-26 10:06:53,951 [pool-615-thread-1] INFO  server.RaftServerConfigKeys (ConfUtils.java:logGet(43)) - raft.server.log.statemachine.data.caching.enabled = true (custom)
2019-09-26 10:06:53,951 [pool-615-thread-1] INFO  segmented.SegmentedRaftLogWorker (SegmentedRaftLogWorker.java:lambda$new$0(132)) - 4c0de2d3-09dd-47d7-b7a1-4f63a4eb8acf@group-9CA1D242824F-SegmentedRaftLogWorker: flushIndex: setUnconditionally 0 -> -1
2019-09-26 10:06:53,952 [pool-615-thread-1] INFO  server.RaftServerConfigKeys (ConfUtils.java:logGet(43)) - raft.server.snapshot.auto.trigger.enabled = true (custom)
2019-09-26 10:06:53,952 [pool-615-thread-1] INFO  server.RaftServerConfigKeys (ConfUtils.java:logGet(43)) - raft.server.snapshot.auto.trigger.threshold = 10000 (custom)
2019-09-26 10:06:53,952 [pool-615-thread-1] INFO  server.RaftServerConfigKeys (ConfUtils.java:logGet(43)) - raft.server.snapshot.retention.num.files = 5 (custom)
2019-09-26 10:06:53,952 [pool-615-thread-1] INFO  server.RaftServerConfigKeys (ConfUtils.java:logGet(43)) - raft.server.retrycache.expirytime = 600000ms (custom)
2019-09-26 10:06:53,955 [pool-615-thread-1] INFO  impl.RaftServerImpl (RaftServerImpl.java:start(185)) - 4c0de2d3-09dd-47d7-b7a1-4f63a4eb8acf@group-9CA1D242824F: start as a follower, conf=-1: [4c0de2d3-09dd-47d7-b7a1-4f63a4eb8acf:192.168.30.13:40522], old=null
2019-09-26 10:06:53,955 [pool-615-thread-1] INFO  impl.RaftServerImpl (RaftServerImpl.java:setRole(174)) - 4c0de2d3-09dd-47d7-b7a1-4f63a4eb8acf@group-9CA1D242824F: changes role from      null to FOLLOWER at term 0 for startAsFollower
2019-09-26 10:06:53,955 [pool-615-thread-1] INFO  impl.RoleInfo (RoleInfo.java:updateAndGet(143)) - 4c0de2d3-09dd-47d7-b7a1-4f63a4eb8acf: start FollowerState
2019-09-26 10:06:53,956 [pool-615-thread-1] INFO  util.JmxRegister (JmxRegister.java:tryRegister(44)) - Successfully registered JMX Bean with object name Ratis:service=RaftServer,group=group-9CA1D242824F,id=4c0de2d3-09dd-47d7-b7a1-4f63a4eb8acf
2019-09-26 10:06:53,958 [RatisPipelineUtilsThread] INFO  pipeline.PipelineStateManager (PipelineStateManager.java:addPipeline(56)) - Created pipeline Pipeline[ Id: 6717c115-e855-4e7f-bbc5-9ca1d242824f, Nodes: 4c0de2d3-09dd-47d7-b7a1-4f63a4eb8acf{ip: 192.168.30.13, host: pr-hdds-1569-wvzgm-824869521, networkLocation: /default-rack, certSerialId: null}, Type:RATIS, Factor:ONE, State:OPEN]
2019-09-26 10:06:53,959 [RatisPipelineUtilsThread] INFO  pipeline.PipelinePlacementPolicy (PipelinePlacementPolicy.java:meetCriteria(91)) - Pipeline Placement: can't place more pipeline on heavy datanode： 4f799f37-ab1c-4be0-adf3-be30f86725ba Heaviness: 6 limit: 5
2019-09-26 10:06:53,959 [RatisPipelineUtilsThread] INFO  pipeline.PipelinePlacementPolicy (PipelinePlacementPolicy.java:meetCriteria(91)) - Pipeline Placement: can't place more pipeline on heavy datanode： 77afb7a9-3f27-4b85-962a-c9c70d1ecd8b Heaviness: 6 limit: 5
2019-09-26 10:06:53,960 [grpc-default-worker-ELG-5-2] WARN  nio.NioEventLoop (NioEventLoop.java:select(786)) - Selector.select() returned prematurely {} times in a row; rebuilding Selector {}.
2019-09-26 10:06:53,961 [grpc-default-worker-ELG-5-2] INFO  nio.NioEventLoop (NioEventLoop.java:rebuildSelector0(396)) - Migrated 0 channel(s) to the new Selector.
2019-09-26 10:06:53,964 [grpc-default-executor-1] INFO  impl.RaftServerProxy (RaftServerProxy.java:addNew(89)) - 4c0de2d3-09dd-47d7-b7a1-4f63a4eb8acf: addNew group-21F0F974A56F:[4c0de2d3-09dd-47d7-b7a1-4f63a4eb8acf:192.168.30.13:40522] returns group-21F0F974A56F:java.util.concurrent.CompletableFuture@6639ee14[Not completed]
2019-09-26 10:06:53,965 [pool-615-thread-1] INFO  impl.RaftServerImpl (RaftServerImpl.java:<init>(95)) - 4c0de2d3-09dd-47d7-b7a1-4f63a4eb8acf: new RaftServerImpl for group-21F0F974A56F:[4c0de2d3-09dd-47d7-b7a1-4f63a4eb8acf:192.168.30.13:40522] with ContainerStateMachine:uninitialized
2019-09-26 10:06:53,965 [pool-615-thread-1] INFO  server.RaftServerConfigKeys (ConfUtils.java:logGet(43)) - raft.server.rpc.timeout.min = 5s (custom)
2019-09-26 10:06:53,965 [pool-615-thread-1] INFO  server.RaftServerConfigKeys (ConfUtils.java:logGet(43)) - raft.server.rpc.timeout.max = 5200ms (custom)
2019-09-26 10:06:53,965 [pool-615-thread-1] INFO  server.RaftServerConfigKeys (ConfUtils.java:logGet(43)) - raft.server.rpcslowness.timeout = 120s (custom)
2019-09-26 10:06:53,966 [pool-615-thread-1] INFO  server.RaftServerConfigKeys (ConfUtils.java:logGet(43)) - raft.server.sleep.deviation.threshold = 300 (default)
2019-09-26 10:06:53,966 [pool-615-thread-1] INFO  server.RaftServerConfigKeys (ConfUtils.java:logGet(43)) - raft.server.log.appender.install.snapshot.enabled = false (custom)
2019-09-26 10:06:53,966 [pool-615-thread-1] INFO  impl.RaftServerImpl (ServerState.java:<init>(103)) - 4c0de2d3-09dd-47d7-b7a1-4f63a4eb8acf@group-21F0F974A56F: ConfigurationManager, init=-1: [4c0de2d3-09dd-47d7-b7a1-4f63a4eb8acf:192.168.30.13:40522], old=null, confs=<EMPTY_MAP>
2019-09-26 10:06:53,966 [pool-615-thread-1] INFO  server.RaftServerConfigKeys (ConfUtils.java:logGet(43)) - raft.server.storage.dir = [/workdir/hadoop-ozone/integration-test/target/test-dir/MiniOzoneClusterImpl-3237421e-5f73-41b0-8605-c54d21f4eaa5/datanode-3/data/ratis] (custom)
2019-09-26 10:06:53,966 [pool-615-thread-1] INFO  storage.RaftStorageDirectory (RaftStorageDirectory.java:analyzeStorage(246)) - The storage directory /workdir/hadoop-ozone/integration-test/target/test-dir/MiniOzoneClusterImpl-3237421e-5f73-41b0-8605-c54d21f4eaa5/datanode-3/data/ratis/a46adbbe-ae49-43f5-9f8c-21f0f974a56f does not exist. Creating ...
2019-09-26 10:06:53,981 [pool-615-thread-1] INFO  storage.RaftStorageDirectory (RaftStorageDirectory.java:tryLock(328)) - Lock on /workdir/hadoop-ozone/integration-test/target/test-dir/MiniOzoneClusterImpl-3237421e-5f73-41b0-8605-c54d21f4eaa5/datanode-3/data/ratis/a46adbbe-ae49-43f5-9f8c-21f0f974a56f/in_use.lock acquired by nodename 19604@pr-hdds-1569-wvzgm-824869521
2019-09-26 10:06:53,993 [pool-615-thread-1] INFO  storage.RaftStorage (RaftStorage.java:format(72)) - Storage directory /workdir/hadoop-ozone/integration-test/target/test-dir/MiniOzoneClusterImpl-3237421e-5f73-41b0-8605-c54d21f4eaa5/datanode-3/data/ratis/a46adbbe-ae49-43f5-9f8c-21f0f974a56f has been successfully formatted.
2019-09-26 10:06:53,994 [pool-615-thread-1] INFO  ratis.ContainerStateMachine (ContainerStateMachine.java:loadSnapshot(230)) - group-21F0F974A56F: The snapshot info is null. Setting the last applied indexto:(t:0, i:~)
2019-09-26 10:06:53,994 [pool-615-thread-1] INFO  server.RaftServerConfigKeys (ConfUtils.java:logGet(43)) - raft.server.notification.no-leader.timeout = 120s (custom)
2019-09-26 10:06:53,994 [pool-615-thread-1] INFO  server.RaftServerConfigKeys (ConfUtils.java:logGet(43)) - raft.server.log.use.memory = false (default)
2019-09-26 10:06:53,994 [pool-615-thread-1] INFO  server.RaftServerConfigKeys (ConfUtils.java:logGet(43)) - raft.server.log.purge.gap = 1000000 (custom)
2019-09-26 10:06:53,994 [pool-615-thread-1] INFO  server.RaftServerConfigKeys (ConfUtils.java:logGet(43)) - raft.server.log.appender.buffer.byte-limit = 33554432 (custom)
2019-09-26 10:06:53,994 [pool-615-thread-1] INFO  server.RaftServerConfigKeys (ConfUtils.java:logGet(43)) - raft.server.log.segment.size.max = 1048576 (custom)
2019-09-26 10:06:53,995 [pool-615-thread-1] INFO  server.RaftServerConfigKeys (ConfUtils.java:logGet(43)) - raft.server.log.segment.cache.num.max = 2 (custom)
2019-09-26 10:06:53,995 [pool-615-thread-1] INFO  segmented.SegmentedRaftLogWorker (SegmentedRaftLogWorker.java:<init>(172)) - new 4c0de2d3-09dd-47d7-b7a1-4f63a4eb8acf@group-21F0F974A56F-SegmentedRaftLogWorker for RaftStorage:Storage Directory /workdir/hadoop-ozone/integration-test/target/test-dir/MiniOzoneClusterImpl-3237421e-5f73-41b0-8605-c54d21f4eaa5/datanode-3/data/ratis/a46adbbe-ae49-43f5-9f8c-21f0f974a56f
2019-09-26 10:06:53,995 [pool-615-thread-1] INFO  server.RaftServerConfigKeys (ConfUtils.java:logGet(43)) - raft.server.log.queue.byte-limit = 2147483647 (custom)
2019-09-26 10:06:53,995 [pool-615-thread-1] INFO  server.RaftServerConfigKeys (ConfUtils.java:logGet(43)) - raft.server.log.queue.element-limit = 1024 (custom)
2019-09-26 10:06:53,995 [pool-615-thread-1] INFO  server.RaftServerConfigKeys (ConfUtils.java:logGet(43)) - raft.server.log.segment.size.max = 1048576 (custom)
2019-09-26 10:06:53,995 [pool-615-thread-1] INFO  server.RaftServerConfigKeys (ConfUtils.java:logGet(43)) - raft.server.log.preallocated.size = 16384 (custom)
2019-09-26 10:06:53,995 [pool-615-thread-1] INFO  server.RaftServerConfigKeys (ConfUtils.java:logGet(43)) - raft.server.log.write.buffer.size = 33554432 (custom)
2019-09-26 10:06:53,995 [pool-615-thread-1] INFO  server.RaftServerConfigKeys (ConfUtils.java:logGet(43)) - raft.server.log.force.sync.num = 128 (default)
2019-09-26 10:06:53,996 [pool-615-thread-1] INFO  server.RaftServerConfigKeys (ConfUtils.java:logGet(43)) - raft.server.log.statemachine.data.sync = true (default)
2019-09-26 10:06:53,996 [pool-615-thread-1] INFO  server.RaftServerConfigKeys (ConfUtils.java:logGet(43)) - raft.server.log.statemachine.data.sync.timeout = 10s (default)
2019-09-26 10:06:53,996 [pool-615-thread-1] INFO  server.RaftServerConfigKeys (ConfUtils.java:logGet(43)) - raft.server.log.statemachine.data.sync.timeout.retry = -1 (default)
2019-09-26 10:06:53,996 [pool-615-thread-1] INFO  server.RaftServerConfigKeys (ConfUtils.java:logGet(43)) - raft.server.log.statemachine.data.caching.enabled = true (custom)
2019-09-26 10:06:53,996 [pool-615-thread-1] INFO  segmented.SegmentedRaftLogWorker (SegmentedRaftLogWorker.java:lambda$new$0(132)) - 4c0de2d3-09dd-47d7-b7a1-4f63a4eb8acf@group-21F0F974A56F-SegmentedRaftLogWorker: flushIndex: setUnconditionally 0 -> -1
2019-09-26 10:06:53,997 [pool-615-thread-1] INFO  server.RaftServerConfigKeys (ConfUtils.java:logGet(43)) - raft.server.snapshot.auto.trigger.enabled = true (custom)
2019-09-26 10:06:53,997 [pool-615-thread-1] INFO  server.RaftServerConfigKeys (ConfUtils.java:logGet(43)) - raft.server.snapshot.auto.trigger.threshold = 10000 (custom)
2019-09-26 10:06:53,997 [pool-615-thread-1] INFO  server.RaftServerConfigKeys (ConfUtils.java:logGet(43)) - raft.server.snapshot.retention.num.files = 5 (custom)
2019-09-26 10:06:53,997 [pool-615-thread-1] INFO  server.RaftServerConfigKeys (ConfUtils.java:logGet(43)) - raft.server.retrycache.expirytime = 600000ms (custom)
2019-09-26 10:06:53,999 [pool-615-thread-1] INFO  impl.RaftServerImpl (RaftServerImpl.java:start(185)) - 4c0de2d3-09dd-47d7-b7a1-4f63a4eb8acf@group-21F0F974A56F: start as a follower, conf=-1: [4c0de2d3-09dd-47d7-b7a1-4f63a4eb8acf:192.168.30.13:40522], old=null
2019-09-26 10:06:53,999 [pool-615-thread-1] INFO  impl.RaftServerImpl (RaftServerImpl.java:setRole(174)) - 4c0de2d3-09dd-47d7-b7a1-4f63a4eb8acf@group-21F0F974A56F: changes role from      null to FOLLOWER at term 0 for startAsFollower
2019-09-26 10:06:53,999 [pool-615-thread-1] INFO  impl.RoleInfo (RoleInfo.java:updateAndGet(143)) - 4c0de2d3-09dd-47d7-b7a1-4f63a4eb8acf: start FollowerState
2019-09-26 10:06:54,000 [pool-615-thread-1] INFO  util.JmxRegister (JmxRegister.java:tryRegister(44)) - Successfully registered JMX Bean with object name Ratis:service=RaftServer,group=group-21F0F974A56F,id=4c0de2d3-09dd-47d7-b7a1-4f63a4eb8acf
2019-09-26 10:06:54,002 [RatisPipelineUtilsThread] INFO  pipeline.PipelineStateManager (PipelineStateManager.java:addPipeline(56)) - Created pipeline Pipeline[ Id: a46adbbe-ae49-43f5-9f8c-21f0f974a56f, Nodes: 4c0de2d3-09dd-47d7-b7a1-4f63a4eb8acf{ip: 192.168.30.13, host: pr-hdds-1569-wvzgm-824869521, networkLocation: /default-rack, certSerialId: null}, Type:RATIS, Factor:ONE, State:OPEN]
2019-09-26 10:06:54,002 [RatisPipelineUtilsThread] INFO  pipeline.PipelinePlacementPolicy (PipelinePlacementPolicy.java:meetCriteria(91)) - Pipeline Placement: can't place more pipeline on heavy datanode： 4c0de2d3-09dd-47d7-b7a1-4f63a4eb8acf Heaviness: 6 limit: 5
2019-09-26 10:06:54,003 [RatisPipelineUtilsThread] INFO  pipeline.PipelinePlacementPolicy (PipelinePlacementPolicy.java:meetCriteria(91)) - Pipeline Placement: can't place more pipeline on heavy datanode： 4f799f37-ab1c-4be0-adf3-be30f86725ba Heaviness: 6 limit: 5
2019-09-26 10:06:54,003 [RatisPipelineUtilsThread] INFO  pipeline.PipelinePlacementPolicy (PipelinePlacementPolicy.java:meetCriteria(91)) - Pipeline Placement: can't place more pipeline on heavy datanode： 77afb7a9-3f27-4b85-962a-c9c70d1ecd8b Heaviness: 6 limit: 5
2019-09-26 10:06:54,006 [grpc-default-executor-1] INFO  impl.RaftServerProxy (RaftServerProxy.java:addNew(89)) - c3e403b7-5a1e-4aac-9b5a-0aedadd701b5: addNew group-F188A7B02470:[c3e403b7-5a1e-4aac-9b5a-0aedadd701b5:192.168.30.13:38271] returns group-F188A7B02470:java.util.concurrent.CompletableFuture@73e5f9a7[Not completed]
2019-09-26 10:06:54,007 [pool-605-thread-1] INFO  impl.RaftServerImpl (RaftServerImpl.java:<init>(95)) - c3e403b7-5a1e-4aac-9b5a-0aedadd701b5: new RaftServerImpl for group-F188A7B02470:[c3e403b7-5a1e-4aac-9b5a-0aedadd701b5:192.168.30.13:38271] with ContainerStateMachine:uninitialized
2019-09-26 10:06:54,007 [pool-605-thread-1] INFO  server.RaftServerConfigKeys (ConfUtils.java:logGet(43)) - raft.server.rpc.timeout.min = 5s (custom)
2019-09-26 10:06:54,007 [pool-605-thread-1] INFO  server.RaftServerConfigKeys (ConfUtils.java:logGet(43)) - raft.server.rpc.timeout.max = 5200ms (custom)
2019-09-26 10:06:54,008 [pool-605-thread-1] INFO  server.RaftServerConfigKeys (ConfUtils.java:logGet(43)) - raft.server.rpcslowness.timeout = 120s (custom)
2019-09-26 10:06:54,008 [pool-605-thread-1] INFO  server.RaftServerConfigKeys (ConfUtils.java:logGet(43)) - raft.server.sleep.deviation.threshold = 300 (default)
2019-09-26 10:06:54,008 [pool-605-thread-1] INFO  server.RaftServerConfigKeys (ConfUtils.java:logGet(43)) - raft.server.log.appender.install.snapshot.enabled = false (custom)
2019-09-26 10:06:54,008 [pool-605-thread-1] INFO  impl.RaftServerImpl (ServerState.java:<init>(103)) - c3e403b7-5a1e-4aac-9b5a-0aedadd701b5@group-F188A7B02470: ConfigurationManager, init=-1: [c3e403b7-5a1e-4aac-9b5a-0aedadd701b5:192.168.30.13:38271], old=null, confs=<EMPTY_MAP>
2019-09-26 10:06:54,008 [pool-605-thread-1] INFO  server.RaftServerConfigKeys (ConfUtils.java:logGet(43)) - raft.server.storage.dir = [/workdir/hadoop-ozone/integration-test/target/test-dir/MiniOzoneClusterImpl-3237421e-5f73-41b0-8605-c54d21f4eaa5/datanode-2/data/ratis] (custom)
2019-09-26 10:06:54,008 [pool-605-thread-1] INFO  storage.RaftStorageDirectory (RaftStorageDirectory.java:analyzeStorage(246)) - The storage directory /workdir/hadoop-ozone/integration-test/target/test-dir/MiniOzoneClusterImpl-3237421e-5f73-41b0-8605-c54d21f4eaa5/datanode-2/data/ratis/82ab33e9-6c54-4daf-aa48-f188a7b02470 does not exist. Creating ...
2019-09-26 10:06:54,021 [pool-605-thread-1] INFO  storage.RaftStorageDirectory (RaftStorageDirectory.java:tryLock(328)) - Lock on /workdir/hadoop-ozone/integration-test/target/test-dir/MiniOzoneClusterImpl-3237421e-5f73-41b0-8605-c54d21f4eaa5/datanode-2/data/ratis/82ab33e9-6c54-4daf-aa48-f188a7b02470/in_use.lock acquired by nodename 19604@pr-hdds-1569-wvzgm-824869521
2019-09-26 10:06:54,034 [pool-605-thread-1] INFO  storage.RaftStorage (RaftStorage.java:format(72)) - Storage directory /workdir/hadoop-ozone/integration-test/target/test-dir/MiniOzoneClusterImpl-3237421e-5f73-41b0-8605-c54d21f4eaa5/datanode-2/data/ratis/82ab33e9-6c54-4daf-aa48-f188a7b02470 has been successfully formatted.
2019-09-26 10:06:54,034 [pool-605-thread-1] INFO  ratis.ContainerStateMachine (ContainerStateMachine.java:loadSnapshot(230)) - group-F188A7B02470: The snapshot info is null. Setting the last applied indexto:(t:0, i:~)
2019-09-26 10:06:54,034 [pool-605-thread-1] INFO  server.RaftServerConfigKeys (ConfUtils.java:logGet(43)) - raft.server.notification.no-leader.timeout = 120s (custom)
2019-09-26 10:06:54,034 [pool-605-thread-1] INFO  server.RaftServerConfigKeys (ConfUtils.java:logGet(43)) - raft.server.log.use.memory = false (default)
2019-09-26 10:06:54,034 [pool-605-thread-1] INFO  server.RaftServerConfigKeys (ConfUtils.java:logGet(43)) - raft.server.log.purge.gap = 1000000 (custom)
2019-09-26 10:06:54,035 [pool-605-thread-1] INFO  server.RaftServerConfigKeys (ConfUtils.java:logGet(43)) - raft.server.log.appender.buffer.byte-limit = 33554432 (custom)
2019-09-26 10:06:54,035 [pool-605-thread-1] INFO  server.RaftServerConfigKeys (ConfUtils.java:logGet(43)) - raft.server.log.segment.size.max = 1048576 (custom)
2019-09-26 10:06:54,035 [pool-605-thread-1] INFO  server.RaftServerConfigKeys (ConfUtils.java:logGet(43)) - raft.server.log.segment.cache.num.max = 2 (custom)
2019-09-26 10:06:54,035 [pool-605-thread-1] INFO  segmented.SegmentedRaftLogWorker (SegmentedRaftLogWorker.java:<init>(172)) - new c3e403b7-5a1e-4aac-9b5a-0aedadd701b5@group-F188A7B02470-SegmentedRaftLogWorker for RaftStorage:Storage Directory /workdir/hadoop-ozone/integration-test/target/test-dir/MiniOzoneClusterImpl-3237421e-5f73-41b0-8605-c54d21f4eaa5/datanode-2/data/ratis/82ab33e9-6c54-4daf-aa48-f188a7b02470
2019-09-26 10:06:54,035 [pool-605-thread-1] INFO  server.RaftServerConfigKeys (ConfUtils.java:logGet(43)) - raft.server.log.queue.byte-limit = 2147483647 (custom)
2019-09-26 10:06:54,035 [pool-605-thread-1] INFO  server.RaftServerConfigKeys (ConfUtils.java:logGet(43)) - raft.server.log.queue.element-limit = 1024 (custom)
2019-09-26 10:06:54,035 [pool-605-thread-1] INFO  server.RaftServerConfigKeys (ConfUtils.java:logGet(43)) - raft.server.log.segment.size.max = 1048576 (custom)
2019-09-26 10:06:54,036 [pool-605-thread-1] INFO  server.RaftServerConfigKeys (ConfUtils.java:logGet(43)) - raft.server.log.preallocated.size = 16384 (custom)
2019-09-26 10:06:54,036 [pool-605-thread-1] INFO  server.RaftServerConfigKeys (ConfUtils.java:logGet(43)) - raft.server.log.write.buffer.size = 33554432 (custom)
2019-09-26 10:06:54,036 [pool-605-thread-1] INFO  server.RaftServerConfigKeys (ConfUtils.java:logGet(43)) - raft.server.log.force.sync.num = 128 (default)
2019-09-26 10:06:54,036 [pool-605-thread-1] INFO  server.RaftServerConfigKeys (ConfUtils.java:logGet(43)) - raft.server.log.statemachine.data.sync = true (default)
2019-09-26 10:06:54,036 [pool-605-thread-1] INFO  server.RaftServerConfigKeys (ConfUtils.java:logGet(43)) - raft.server.log.statemachine.data.sync.timeout = 10s (default)
2019-09-26 10:06:54,036 [pool-605-thread-1] INFO  server.RaftServerConfigKeys (ConfUtils.java:logGet(43)) - raft.server.log.statemachine.data.sync.timeout.retry = -1 (default)
2019-09-26 10:06:54,036 [pool-605-thread-1] INFO  server.RaftServerConfigKeys (ConfUtils.java:logGet(43)) - raft.server.log.statemachine.data.caching.enabled = true (custom)
2019-09-26 10:06:54,037 [pool-605-thread-1] INFO  segmented.SegmentedRaftLogWorker (SegmentedRaftLogWorker.java:lambda$new$0(132)) - c3e403b7-5a1e-4aac-9b5a-0aedadd701b5@group-F188A7B02470-SegmentedRaftLogWorker: flushIndex: setUnconditionally 0 -> -1
2019-09-26 10:06:54,037 [pool-605-thread-1] INFO  server.RaftServerConfigKeys (ConfUtils.java:logGet(43)) - raft.server.snapshot.auto.trigger.enabled = true (custom)
2019-09-26 10:06:54,037 [pool-605-thread-1] INFO  server.RaftServerConfigKeys (ConfUtils.java:logGet(43)) - raft.server.snapshot.auto.trigger.threshold = 10000 (custom)
2019-09-26 10:06:54,037 [pool-605-thread-1] INFO  server.RaftServerConfigKeys (ConfUtils.java:logGet(43)) - raft.server.snapshot.retention.num.files = 5 (custom)
2019-09-26 10:06:54,037 [pool-605-thread-1] INFO  server.RaftServerConfigKeys (ConfUtils.java:logGet(43)) - raft.server.retrycache.expirytime = 600000ms (custom)
2019-09-26 10:06:54,039 [pool-605-thread-1] INFO  impl.RaftServerImpl (RaftServerImpl.java:start(185)) - c3e403b7-5a1e-4aac-9b5a-0aedadd701b5@group-F188A7B02470: start as a follower, conf=-1: [c3e403b7-5a1e-4aac-9b5a-0aedadd701b5:192.168.30.13:38271], old=null
2019-09-26 10:06:54,039 [pool-605-thread-1] INFO  impl.RaftServerImpl (RaftServerImpl.java:setRole(174)) - c3e403b7-5a1e-4aac-9b5a-0aedadd701b5@group-F188A7B02470: changes role from      null to FOLLOWER at term 0 for startAsFollower
2019-09-26 10:06:54,040 [pool-605-thread-1] INFO  impl.RoleInfo (RoleInfo.java:updateAndGet(143)) - c3e403b7-5a1e-4aac-9b5a-0aedadd701b5: start FollowerState
2019-09-26 10:06:54,040 [pool-605-thread-1] INFO  util.JmxRegister (JmxRegister.java:tryRegister(44)) - Successfully registered JMX Bean with object name Ratis:service=RaftServer,group=group-F188A7B02470,id=c3e403b7-5a1e-4aac-9b5a-0aedadd701b5
2019-09-26 10:06:54,042 [RatisPipelineUtilsThread] INFO  pipeline.PipelineStateManager (PipelineStateManager.java:addPipeline(56)) - Created pipeline Pipeline[ Id: 82ab33e9-6c54-4daf-aa48-f188a7b02470, Nodes: c3e403b7-5a1e-4aac-9b5a-0aedadd701b5{ip: 192.168.30.13, host: pr-hdds-1569-wvzgm-824869521, networkLocation: /default-rack, certSerialId: null}, Type:RATIS, Factor:ONE, State:OPEN]
2019-09-26 10:06:54,042 [RatisPipelineUtilsThread] INFO  pipeline.PipelinePlacementPolicy (PipelinePlacementPolicy.java:meetCriteria(91)) - Pipeline Placement: can't place more pipeline on heavy datanode： 4c0de2d3-09dd-47d7-b7a1-4f63a4eb8acf Heaviness: 6 limit: 5
2019-09-26 10:06:54,043 [RatisPipelineUtilsThread] INFO  pipeline.PipelinePlacementPolicy (PipelinePlacementPolicy.java:meetCriteria(91)) - Pipeline Placement: can't place more pipeline on heavy datanode： c3e403b7-5a1e-4aac-9b5a-0aedadd701b5 Heaviness: 6 limit: 5
2019-09-26 10:06:54,043 [RatisPipelineUtilsThread] INFO  pipeline.PipelinePlacementPolicy (PipelinePlacementPolicy.java:meetCriteria(91)) - Pipeline Placement: can't place more pipeline on heavy datanode： 4f799f37-ab1c-4be0-adf3-be30f86725ba Heaviness: 6 limit: 5
2019-09-26 10:06:54,043 [RatisPipelineUtilsThread] INFO  pipeline.PipelinePlacementPolicy (PipelinePlacementPolicy.java:meetCriteria(91)) - Pipeline Placement: can't place more pipeline on heavy datanode： 77afb7a9-3f27-4b85-962a-c9c70d1ecd8b Heaviness: 6 limit: 5
2019-09-26 10:06:54,047 [grpc-default-executor-1] INFO  impl.RaftServerProxy (RaftServerProxy.java:addNew(89)) - 84f656f9-4033-4770-bbd1-3f79d04a65ff: addNew group-9B4EF2817FB4:[84f656f9-4033-4770-bbd1-3f79d04a65ff:192.168.30.13:43165] returns group-9B4EF2817FB4:java.util.concurrent.CompletableFuture@46e89e72[Not completed]
2019-09-26 10:06:54,048 [pool-645-thread-1] INFO  impl.RaftServerImpl (RaftServerImpl.java:<init>(95)) - 84f656f9-4033-4770-bbd1-3f79d04a65ff: new RaftServerImpl for group-9B4EF2817FB4:[84f656f9-4033-4770-bbd1-3f79d04a65ff:192.168.30.13:43165] with ContainerStateMachine:uninitialized
2019-09-26 10:06:54,048 [pool-645-thread-1] INFO  server.RaftServerConfigKeys (ConfUtils.java:logGet(43)) - raft.server.rpc.timeout.min = 5s (custom)
2019-09-26 10:06:54,048 [pool-645-thread-1] INFO  server.RaftServerConfigKeys (ConfUtils.java:logGet(43)) - raft.server.rpc.timeout.max = 5200ms (custom)
2019-09-26 10:06:54,048 [pool-645-thread-1] INFO  server.RaftServerConfigKeys (ConfUtils.java:logGet(43)) - raft.server.rpcslowness.timeout = 120s (custom)
2019-09-26 10:06:54,048 [pool-645-thread-1] INFO  server.RaftServerConfigKeys (ConfUtils.java:logGet(43)) - raft.server.sleep.deviation.threshold = 300 (default)
2019-09-26 10:06:54,048 [pool-645-thread-1] INFO  server.RaftServerConfigKeys (ConfUtils.java:logGet(43)) - raft.server.log.appender.install.snapshot.enabled = false (custom)
2019-09-26 10:06:54,049 [pool-645-thread-1] INFO  impl.RaftServerImpl (ServerState.java:<init>(103)) - 84f656f9-4033-4770-bbd1-3f79d04a65ff@group-9B4EF2817FB4: ConfigurationManager, init=-1: [84f656f9-4033-4770-bbd1-3f79d04a65ff:192.168.30.13:43165], old=null, confs=<EMPTY_MAP>
2019-09-26 10:06:54,049 [pool-645-thread-1] INFO  server.RaftServerConfigKeys (ConfUtils.java:logGet(43)) - raft.server.storage.dir = [/workdir/hadoop-ozone/integration-test/target/test-dir/MiniOzoneClusterImpl-3237421e-5f73-41b0-8605-c54d21f4eaa5/datanode-6/data/ratis] (custom)
2019-09-26 10:06:54,049 [pool-645-thread-1] INFO  storage.RaftStorageDirectory (RaftStorageDirectory.java:analyzeStorage(246)) - The storage directory /workdir/hadoop-ozone/integration-test/target/test-dir/MiniOzoneClusterImpl-3237421e-5f73-41b0-8605-c54d21f4eaa5/datanode-6/data/ratis/70733bfd-e7d4-4adc-a782-9b4ef2817fb4 does not exist. Creating ...
2019-09-26 10:06:54,063 [pool-645-thread-1] INFO  storage.RaftStorageDirectory (RaftStorageDirectory.java:tryLock(328)) - Lock on /workdir/hadoop-ozone/integration-test/target/test-dir/MiniOzoneClusterImpl-3237421e-5f73-41b0-8605-c54d21f4eaa5/datanode-6/data/ratis/70733bfd-e7d4-4adc-a782-9b4ef2817fb4/in_use.lock acquired by nodename 19604@pr-hdds-1569-wvzgm-824869521
2019-09-26 10:06:54,096 [pool-645-thread-1] INFO  storage.RaftStorage (RaftStorage.java:format(72)) - Storage directory /workdir/hadoop-ozone/integration-test/target/test-dir/MiniOzoneClusterImpl-3237421e-5f73-41b0-8605-c54d21f4eaa5/datanode-6/data/ratis/70733bfd-e7d4-4adc-a782-9b4ef2817fb4 has been successfully formatted.
2019-09-26 10:06:54,097 [pool-645-thread-1] INFO  ratis.ContainerStateMachine (ContainerStateMachine.java:loadSnapshot(230)) - group-9B4EF2817FB4: The snapshot info is null. Setting the last applied indexto:(t:0, i:~)
2019-09-26 10:06:54,097 [pool-645-thread-1] INFO  server.RaftServerConfigKeys (ConfUtils.java:logGet(43)) - raft.server.notification.no-leader.timeout = 120s (custom)
2019-09-26 10:06:54,097 [pool-645-thread-1] INFO  server.RaftServerConfigKeys (ConfUtils.java:logGet(43)) - raft.server.log.use.memory = false (default)
2019-09-26 10:06:54,097 [pool-645-thread-1] INFO  server.RaftServerConfigKeys (ConfUtils.java:logGet(43)) - raft.server.log.purge.gap = 1000000 (custom)
2019-09-26 10:06:54,097 [pool-645-thread-1] INFO  server.RaftServerConfigKeys (ConfUtils.java:logGet(43)) - raft.server.log.appender.buffer.byte-limit = 33554432 (custom)
2019-09-26 10:06:54,097 [pool-645-thread-1] INFO  server.RaftServerConfigKeys (ConfUtils.java:logGet(43)) - raft.server.log.segment.size.max = 1048576 (custom)
2019-09-26 10:06:54,097 [pool-645-thread-1] INFO  server.RaftServerConfigKeys (ConfUtils.java:logGet(43)) - raft.server.log.segment.cache.num.max = 2 (custom)
2019-09-26 10:06:54,098 [pool-645-thread-1] INFO  segmented.SegmentedRaftLogWorker (SegmentedRaftLogWorker.java:<init>(172)) - new 84f656f9-4033-4770-bbd1-3f79d04a65ff@group-9B4EF2817FB4-SegmentedRaftLogWorker for RaftStorage:Storage Directory /workdir/hadoop-ozone/integration-test/target/test-dir/MiniOzoneClusterImpl-3237421e-5f73-41b0-8605-c54d21f4eaa5/datanode-6/data/ratis/70733bfd-e7d4-4adc-a782-9b4ef2817fb4
2019-09-26 10:06:54,098 [pool-645-thread-1] INFO  server.RaftServerConfigKeys (ConfUtils.java:logGet(43)) - raft.server.log.queue.byte-limit = 2147483647 (custom)
2019-09-26 10:06:54,098 [pool-645-thread-1] INFO  server.RaftServerConfigKeys (ConfUtils.java:logGet(43)) - raft.server.log.queue.element-limit = 1024 (custom)
2019-09-26 10:06:54,098 [pool-645-thread-1] INFO  server.RaftServerConfigKeys (ConfUtils.java:logGet(43)) - raft.server.log.segment.size.max = 1048576 (custom)
2019-09-26 10:06:54,098 [pool-645-thread-1] INFO  server.RaftServerConfigKeys (ConfUtils.java:logGet(43)) - raft.server.log.preallocated.size = 16384 (custom)
2019-09-26 10:06:54,098 [pool-645-thread-1] INFO  server.RaftServerConfigKeys (ConfUtils.java:logGet(43)) - raft.server.log.write.buffer.size = 33554432 (custom)
2019-09-26 10:06:54,098 [pool-645-thread-1] INFO  server.RaftServerConfigKeys (ConfUtils.java:logGet(43)) - raft.server.log.force.sync.num = 128 (default)
2019-09-26 10:06:54,098 [pool-645-thread-1] INFO  server.RaftServerConfigKeys (ConfUtils.java:logGet(43)) - raft.server.log.statemachine.data.sync = true (default)
2019-09-26 10:06:54,098 [pool-645-thread-1] INFO  server.RaftServerConfigKeys (ConfUtils.java:logGet(43)) - raft.server.log.statemachine.data.sync.timeout = 10s (default)
2019-09-26 10:06:54,098 [pool-645-thread-1] INFO  server.RaftServerConfigKeys (ConfUtils.java:logGet(43)) - raft.server.log.statemachine.data.sync.timeout.retry = -1 (default)
2019-09-26 10:06:54,099 [pool-645-thread-1] INFO  server.RaftServerConfigKeys (ConfUtils.java:logGet(43)) - raft.server.log.statemachine.data.caching.enabled = true (custom)
2019-09-26 10:06:54,099 [pool-645-thread-1] INFO  segmented.SegmentedRaftLogWorker (SegmentedRaftLogWorker.java:lambda$new$0(132)) - 84f656f9-4033-4770-bbd1-3f79d04a65ff@group-9B4EF2817FB4-SegmentedRaftLogWorker: flushIndex: setUnconditionally 0 -> -1
2019-09-26 10:06:54,099 [pool-645-thread-1] INFO  server.RaftServerConfigKeys (ConfUtils.java:logGet(43)) - raft.server.snapshot.auto.trigger.enabled = true (custom)
2019-09-26 10:06:54,099 [pool-645-thread-1] INFO  server.RaftServerConfigKeys (ConfUtils.java:logGet(43)) - raft.server.snapshot.auto.trigger.threshold = 10000 (custom)
2019-09-26 10:06:54,099 [pool-645-thread-1] INFO  server.RaftServerConfigKeys (ConfUtils.java:logGet(43)) - raft.server.snapshot.retention.num.files = 5 (custom)
2019-09-26 10:06:54,100 [pool-645-thread-1] INFO  server.RaftServerConfigKeys (ConfUtils.java:logGet(43)) - raft.server.retrycache.expirytime = 600000ms (custom)
2019-09-26 10:06:54,101 [pool-645-thread-1] INFO  impl.RaftServerImpl (RaftServerImpl.java:start(185)) - 84f656f9-4033-4770-bbd1-3f79d04a65ff@group-9B4EF2817FB4: start as a follower, conf=-1: [84f656f9-4033-4770-bbd1-3f79d04a65ff:192.168.30.13:43165], old=null
2019-09-26 10:06:54,101 [pool-645-thread-1] INFO  impl.RaftServerImpl (RaftServerImpl.java:setRole(174)) - 84f656f9-4033-4770-bbd1-3f79d04a65ff@group-9B4EF2817FB4: changes role from      null to FOLLOWER at term 0 for startAsFollower
2019-09-26 10:06:54,101 [pool-645-thread-1] INFO  impl.RoleInfo (RoleInfo.java:updateAndGet(143)) - 84f656f9-4033-4770-bbd1-3f79d04a65ff: start FollowerState
2019-09-26 10:06:54,102 [pool-645-thread-1] INFO  util.JmxRegister (JmxRegister.java:tryRegister(44)) - Successfully registered JMX Bean with object name Ratis:service=RaftServer,group=group-9B4EF2817FB4,id=84f656f9-4033-4770-bbd1-3f79d04a65ff
2019-09-26 10:06:54,104 [RatisPipelineUtilsThread] INFO  pipeline.PipelineStateManager (PipelineStateManager.java:addPipeline(56)) - Created pipeline Pipeline[ Id: 70733bfd-e7d4-4adc-a782-9b4ef2817fb4, Nodes: 84f656f9-4033-4770-bbd1-3f79d04a65ff{ip: 192.168.30.13, host: pr-hdds-1569-wvzgm-824869521, networkLocation: /default-rack, certSerialId: null}, Type:RATIS, Factor:ONE, State:OPEN]
2019-09-26 10:06:54,104 [RatisPipelineUtilsThread] INFO  pipeline.PipelinePlacementPolicy (PipelinePlacementPolicy.java:meetCriteria(91)) - Pipeline Placement: can't place more pipeline on heavy datanode： 4c0de2d3-09dd-47d7-b7a1-4f63a4eb8acf Heaviness: 6 limit: 5
2019-09-26 10:06:54,104 [RatisPipelineUtilsThread] INFO  pipeline.PipelinePlacementPolicy (PipelinePlacementPolicy.java:meetCriteria(91)) - Pipeline Placement: can't place more pipeline on heavy datanode： c3e403b7-5a1e-4aac-9b5a-0aedadd701b5 Heaviness: 6 limit: 5
2019-09-26 10:06:54,105 [RatisPipelineUtilsThread] INFO  pipeline.PipelinePlacementPolicy (PipelinePlacementPolicy.java:meetCriteria(91)) - Pipeline Placement: can't place more pipeline on heavy datanode： 4f799f37-ab1c-4be0-adf3-be30f86725ba Heaviness: 6 limit: 5
2019-09-26 10:06:54,105 [RatisPipelineUtilsThread] INFO  pipeline.PipelinePlacementPolicy (PipelinePlacementPolicy.java:meetCriteria(91)) - Pipeline Placement: can't place more pipeline on heavy datanode： 77afb7a9-3f27-4b85-962a-c9c70d1ecd8b Heaviness: 6 limit: 5
2019-09-26 10:06:54,112 [grpc-default-executor-1] INFO  impl.RaftServerProxy (RaftServerProxy.java:addNew(89)) - c8968d10-b107-4a89-b805-dd56466e025e: addNew group-1E34219C1302:[c8968d10-b107-4a89-b805-dd56466e025e:192.168.30.13:41045] returns group-1E34219C1302:java.util.concurrent.CompletableFuture@d29bb17[Not completed]
2019-09-26 10:06:54,113 [pool-635-thread-1] INFO  impl.RaftServerImpl (RaftServerImpl.java:<init>(95)) - c8968d10-b107-4a89-b805-dd56466e025e: new RaftServerImpl for group-1E34219C1302:[c8968d10-b107-4a89-b805-dd56466e025e:192.168.30.13:41045] with ContainerStateMachine:uninitialized
2019-09-26 10:06:54,113 [pool-635-thread-1] INFO  server.RaftServerConfigKeys (ConfUtils.java:logGet(43)) - raft.server.rpc.timeout.min = 5s (custom)
2019-09-26 10:06:54,113 [pool-635-thread-1] INFO  server.RaftServerConfigKeys (ConfUtils.java:logGet(43)) - raft.server.rpc.timeout.max = 5200ms (custom)
2019-09-26 10:06:54,113 [pool-635-thread-1] INFO  server.RaftServerConfigKeys (ConfUtils.java:logGet(43)) - raft.server.rpcslowness.timeout = 120s (custom)
2019-09-26 10:06:54,113 [pool-635-thread-1] INFO  server.RaftServerConfigKeys (ConfUtils.java:logGet(43)) - raft.server.sleep.deviation.threshold = 300 (default)
2019-09-26 10:06:54,114 [pool-635-thread-1] INFO  server.RaftServerConfigKeys (ConfUtils.java:logGet(43)) - raft.server.log.appender.install.snapshot.enabled = false (custom)
2019-09-26 10:06:54,114 [pool-635-thread-1] INFO  impl.RaftServerImpl (ServerState.java:<init>(103)) - c8968d10-b107-4a89-b805-dd56466e025e@group-1E34219C1302: ConfigurationManager, init=-1: [c8968d10-b107-4a89-b805-dd56466e025e:192.168.30.13:41045], old=null, confs=<EMPTY_MAP>
2019-09-26 10:06:54,114 [pool-635-thread-1] INFO  server.RaftServerConfigKeys (ConfUtils.java:logGet(43)) - raft.server.storage.dir = [/workdir/hadoop-ozone/integration-test/target/test-dir/MiniOzoneClusterImpl-3237421e-5f73-41b0-8605-c54d21f4eaa5/datanode-5/data/ratis] (custom)
2019-09-26 10:06:54,114 [pool-635-thread-1] INFO  storage.RaftStorageDirectory (RaftStorageDirectory.java:analyzeStorage(246)) - The storage directory /workdir/hadoop-ozone/integration-test/target/test-dir/MiniOzoneClusterImpl-3237421e-5f73-41b0-8605-c54d21f4eaa5/datanode-5/data/ratis/1e851923-98dd-4295-937a-1e34219c1302 does not exist. Creating ...
2019-09-26 10:06:54,139 [pool-635-thread-1] INFO  storage.RaftStorageDirectory (RaftStorageDirectory.java:tryLock(328)) - Lock on /workdir/hadoop-ozone/integration-test/target/test-dir/MiniOzoneClusterImpl-3237421e-5f73-41b0-8605-c54d21f4eaa5/datanode-5/data/ratis/1e851923-98dd-4295-937a-1e34219c1302/in_use.lock acquired by nodename 19604@pr-hdds-1569-wvzgm-824869521
2019-09-26 10:06:54,153 [pool-635-thread-1] INFO  storage.RaftStorage (RaftStorage.java:format(72)) - Storage directory /workdir/hadoop-ozone/integration-test/target/test-dir/MiniOzoneClusterImpl-3237421e-5f73-41b0-8605-c54d21f4eaa5/datanode-5/data/ratis/1e851923-98dd-4295-937a-1e34219c1302 has been successfully formatted.
2019-09-26 10:06:54,154 [pool-635-thread-1] INFO  ratis.ContainerStateMachine (ContainerStateMachine.java:loadSnapshot(230)) - group-1E34219C1302: The snapshot info is null. Setting the last applied indexto:(t:0, i:~)
2019-09-26 10:06:54,154 [pool-635-thread-1] INFO  server.RaftServerConfigKeys (ConfUtils.java:logGet(43)) - raft.server.notification.no-leader.timeout = 120s (custom)
2019-09-26 10:06:54,154 [pool-635-thread-1] INFO  server.RaftServerConfigKeys (ConfUtils.java:logGet(43)) - raft.server.log.use.memory = false (default)
2019-09-26 10:06:54,154 [pool-635-thread-1] INFO  server.RaftServerConfigKeys (ConfUtils.java:logGet(43)) - raft.server.log.purge.gap = 1000000 (custom)
2019-09-26 10:06:54,154 [pool-635-thread-1] INFO  server.RaftServerConfigKeys (ConfUtils.java:logGet(43)) - raft.server.log.appender.buffer.byte-limit = 33554432 (custom)
2019-09-26 10:06:54,154 [pool-635-thread-1] INFO  server.RaftServerConfigKeys (ConfUtils.java:logGet(43)) - raft.server.log.segment.size.max = 1048576 (custom)
2019-09-26 10:06:54,154 [pool-635-thread-1] INFO  server.RaftServerConfigKeys (ConfUtils.java:logGet(43)) - raft.server.log.segment.cache.num.max = 2 (custom)
2019-09-26 10:06:54,154 [pool-635-thread-1] INFO  segmented.SegmentedRaftLogWorker (SegmentedRaftLogWorker.java:<init>(172)) - new c8968d10-b107-4a89-b805-dd56466e025e@group-1E34219C1302-SegmentedRaftLogWorker for RaftStorage:Storage Directory /workdir/hadoop-ozone/integration-test/target/test-dir/MiniOzoneClusterImpl-3237421e-5f73-41b0-8605-c54d21f4eaa5/datanode-5/data/ratis/1e851923-98dd-4295-937a-1e34219c1302
2019-09-26 10:06:54,155 [pool-635-thread-1] INFO  server.RaftServerConfigKeys (ConfUtils.java:logGet(43)) - raft.server.log.queue.byte-limit = 2147483647 (custom)
2019-09-26 10:06:54,155 [pool-635-thread-1] INFO  server.RaftServerConfigKeys (ConfUtils.java:logGet(43)) - raft.server.log.queue.element-limit = 1024 (custom)
2019-09-26 10:06:54,155 [pool-635-thread-1] INFO  server.RaftServerConfigKeys (ConfUtils.java:logGet(43)) - raft.server.log.segment.size.max = 1048576 (custom)
2019-09-26 10:06:54,155 [pool-635-thread-1] INFO  server.RaftServerConfigKeys (ConfUtils.java:logGet(43)) - raft.server.log.preallocated.size = 16384 (custom)
2019-09-26 10:06:54,155 [pool-635-thread-1] INFO  server.RaftServerConfigKeys (ConfUtils.java:logGet(43)) - raft.server.log.write.buffer.size = 33554432 (custom)
2019-09-26 10:06:54,155 [pool-635-thread-1] INFO  server.RaftServerConfigKeys (ConfUtils.java:logGet(43)) - raft.server.log.force.sync.num = 128 (default)
2019-09-26 10:06:54,155 [pool-635-thread-1] INFO  server.RaftServerConfigKeys (ConfUtils.java:logGet(43)) - raft.server.log.statemachine.data.sync = true (default)
2019-09-26 10:06:54,155 [pool-635-thread-1] INFO  server.RaftServerConfigKeys (ConfUtils.java:logGet(43)) - raft.server.log.statemachine.data.sync.timeout = 10s (default)
2019-09-26 10:06:54,156 [pool-635-thread-1] INFO  server.RaftServerConfigKeys (ConfUtils.java:logGet(43)) - raft.server.log.statemachine.data.sync.timeout.retry = -1 (default)
2019-09-26 10:06:54,156 [pool-635-thread-1] INFO  server.RaftServerConfigKeys (ConfUtils.java:logGet(43)) - raft.server.log.statemachine.data.caching.enabled = true (custom)
2019-09-26 10:06:54,156 [pool-635-thread-1] INFO  segmented.SegmentedRaftLogWorker (SegmentedRaftLogWorker.java:lambda$new$0(132)) - c8968d10-b107-4a89-b805-dd56466e025e@group-1E34219C1302-SegmentedRaftLogWorker: flushIndex: setUnconditionally 0 -> -1
2019-09-26 10:06:54,156 [pool-635-thread-1] INFO  server.RaftServerConfigKeys (ConfUtils.java:logGet(43)) - raft.server.snapshot.auto.trigger.enabled = true (custom)
2019-09-26 10:06:54,156 [pool-635-thread-1] INFO  server.RaftServerConfigKeys (ConfUtils.java:logGet(43)) - raft.server.snapshot.auto.trigger.threshold = 10000 (custom)
2019-09-26 10:06:54,157 [pool-635-thread-1] INFO  server.RaftServerConfigKeys (ConfUtils.java:logGet(43)) - raft.server.snapshot.retention.num.files = 5 (custom)
2019-09-26 10:06:54,157 [pool-635-thread-1] INFO  server.RaftServerConfigKeys (ConfUtils.java:logGet(43)) - raft.server.retrycache.expirytime = 600000ms (custom)
2019-09-26 10:06:54,158 [pool-635-thread-1] INFO  impl.RaftServerImpl (RaftServerImpl.java:start(185)) - c8968d10-b107-4a89-b805-dd56466e025e@group-1E34219C1302: start as a follower, conf=-1: [c8968d10-b107-4a89-b805-dd56466e025e:192.168.30.13:41045], old=null
2019-09-26 10:06:54,158 [pool-635-thread-1] INFO  impl.RaftServerImpl (RaftServerImpl.java:setRole(174)) - c8968d10-b107-4a89-b805-dd56466e025e@group-1E34219C1302: changes role from      null to FOLLOWER at term 0 for startAsFollower
2019-09-26 10:06:54,158 [pool-635-thread-1] INFO  impl.RoleInfo (RoleInfo.java:updateAndGet(143)) - c8968d10-b107-4a89-b805-dd56466e025e: start FollowerState
2019-09-26 10:06:54,159 [pool-635-thread-1] INFO  util.JmxRegister (JmxRegister.java:tryRegister(44)) - Successfully registered JMX Bean with object name Ratis:service=RaftServer,group=group-1E34219C1302,id=c8968d10-b107-4a89-b805-dd56466e025e
2019-09-26 10:06:54,161 [RatisPipelineUtilsThread] INFO  pipeline.PipelineStateManager (PipelineStateManager.java:addPipeline(56)) - Created pipeline Pipeline[ Id: 1e851923-98dd-4295-937a-1e34219c1302, Nodes: c8968d10-b107-4a89-b805-dd56466e025e{ip: 192.168.30.13, host: pr-hdds-1569-wvzgm-824869521, networkLocation: /default-rack, certSerialId: null}, Type:RATIS, Factor:ONE, State:OPEN]
2019-09-26 10:06:54,161 [RatisPipelineUtilsThread] INFO  pipeline.PipelinePlacementPolicy (PipelinePlacementPolicy.java:meetCriteria(91)) - Pipeline Placement: can't place more pipeline on heavy datanode： 4c0de2d3-09dd-47d7-b7a1-4f63a4eb8acf Heaviness: 6 limit: 5
2019-09-26 10:06:54,161 [RatisPipelineUtilsThread] INFO  pipeline.PipelinePlacementPolicy (PipelinePlacementPolicy.java:meetCriteria(91)) - Pipeline Placement: can't place more pipeline on heavy datanode： c3e403b7-5a1e-4aac-9b5a-0aedadd701b5 Heaviness: 6 limit: 5
2019-09-26 10:06:54,161 [RatisPipelineUtilsThread] INFO  pipeline.PipelinePlacementPolicy (PipelinePlacementPolicy.java:meetCriteria(91)) - Pipeline Placement: can't place more pipeline on heavy datanode： 4f799f37-ab1c-4be0-adf3-be30f86725ba Heaviness: 6 limit: 5
2019-09-26 10:06:54,161 [RatisPipelineUtilsThread] INFO  pipeline.PipelinePlacementPolicy (PipelinePlacementPolicy.java:meetCriteria(91)) - Pipeline Placement: can't place more pipeline on heavy datanode： 77afb7a9-3f27-4b85-962a-c9c70d1ecd8b Heaviness: 6 limit: 5
2019-09-26 10:06:54,165 [grpc-default-executor-1] INFO  impl.RaftServerProxy (RaftServerProxy.java:addNew(89)) - c14de6c3-ad97-4da4-b999-5d30d93b25e7: addNew group-B46351D9F597:[c14de6c3-ad97-4da4-b999-5d30d93b25e7:192.168.30.13:38350] returns group-B46351D9F597:java.util.concurrent.CompletableFuture@2435d90e[Not completed]
2019-09-26 10:06:54,166 [pool-625-thread-1] INFO  impl.RaftServerImpl (RaftServerImpl.java:<init>(95)) - c14de6c3-ad97-4da4-b999-5d30d93b25e7: new RaftServerImpl for group-B46351D9F597:[c14de6c3-ad97-4da4-b999-5d30d93b25e7:192.168.30.13:38350] with ContainerStateMachine:uninitialized
2019-09-26 10:06:54,166 [pool-625-thread-1] INFO  server.RaftServerConfigKeys (ConfUtils.java:logGet(43)) - raft.server.rpc.timeout.min = 5s (custom)
2019-09-26 10:06:54,166 [pool-625-thread-1] INFO  server.RaftServerConfigKeys (ConfUtils.java:logGet(43)) - raft.server.rpc.timeout.max = 5200ms (custom)
2019-09-26 10:06:54,166 [pool-625-thread-1] INFO  server.RaftServerConfigKeys (ConfUtils.java:logGet(43)) - raft.server.rpcslowness.timeout = 120s (custom)
2019-09-26 10:06:54,166 [pool-625-thread-1] INFO  server.RaftServerConfigKeys (ConfUtils.java:logGet(43)) - raft.server.sleep.deviation.threshold = 300 (default)
2019-09-26 10:06:54,166 [pool-625-thread-1] INFO  server.RaftServerConfigKeys (ConfUtils.java:logGet(43)) - raft.server.log.appender.install.snapshot.enabled = false (custom)
2019-09-26 10:06:54,166 [pool-625-thread-1] INFO  impl.RaftServerImpl (ServerState.java:<init>(103)) - c14de6c3-ad97-4da4-b999-5d30d93b25e7@group-B46351D9F597: ConfigurationManager, init=-1: [c14de6c3-ad97-4da4-b999-5d30d93b25e7:192.168.30.13:38350], old=null, confs=<EMPTY_MAP>
2019-09-26 10:06:54,166 [pool-625-thread-1] INFO  server.RaftServerConfigKeys (ConfUtils.java:logGet(43)) - raft.server.storage.dir = [/workdir/hadoop-ozone/integration-test/target/test-dir/MiniOzoneClusterImpl-3237421e-5f73-41b0-8605-c54d21f4eaa5/datanode-4/data/ratis] (custom)
2019-09-26 10:06:54,167 [pool-625-thread-1] INFO  storage.RaftStorageDirectory (RaftStorageDirectory.java:analyzeStorage(246)) - The storage directory /workdir/hadoop-ozone/integration-test/target/test-dir/MiniOzoneClusterImpl-3237421e-5f73-41b0-8605-c54d21f4eaa5/datanode-4/data/ratis/1459d035-a28a-4200-bfa2-b46351d9f597 does not exist. Creating ...
2019-09-26 10:06:54,181 [pool-625-thread-1] INFO  storage.RaftStorageDirectory (RaftStorageDirectory.java:tryLock(328)) - Lock on /workdir/hadoop-ozone/integration-test/target/test-dir/MiniOzoneClusterImpl-3237421e-5f73-41b0-8605-c54d21f4eaa5/datanode-4/data/ratis/1459d035-a28a-4200-bfa2-b46351d9f597/in_use.lock acquired by nodename 19604@pr-hdds-1569-wvzgm-824869521
2019-09-26 10:06:54,207 [pool-625-thread-1] INFO  storage.RaftStorage (RaftStorage.java:format(72)) - Storage directory /workdir/hadoop-ozone/integration-test/target/test-dir/MiniOzoneClusterImpl-3237421e-5f73-41b0-8605-c54d21f4eaa5/datanode-4/data/ratis/1459d035-a28a-4200-bfa2-b46351d9f597 has been successfully formatted.
2019-09-26 10:06:54,207 [pool-625-thread-1] INFO  ratis.ContainerStateMachine (ContainerStateMachine.java:loadSnapshot(230)) - group-B46351D9F597: The snapshot info is null. Setting the last applied indexto:(t:0, i:~)
2019-09-26 10:06:54,208 [pool-625-thread-1] INFO  server.RaftServerConfigKeys (ConfUtils.java:logGet(43)) - raft.server.notification.no-leader.timeout = 120s (custom)
2019-09-26 10:06:54,208 [pool-625-thread-1] INFO  server.RaftServerConfigKeys (ConfUtils.java:logGet(43)) - raft.server.log.use.memory = false (default)
2019-09-26 10:06:54,208 [pool-625-thread-1] INFO  server.RaftServerConfigKeys (ConfUtils.java:logGet(43)) - raft.server.log.purge.gap = 1000000 (custom)
2019-09-26 10:06:54,208 [pool-625-thread-1] INFO  server.RaftServerConfigKeys (ConfUtils.java:logGet(43)) - raft.server.log.appender.buffer.byte-limit = 33554432 (custom)
2019-09-26 10:06:54,208 [pool-625-thread-1] INFO  server.RaftServerConfigKeys (ConfUtils.java:logGet(43)) - raft.server.log.segment.size.max = 1048576 (custom)
2019-09-26 10:06:54,208 [pool-625-thread-1] INFO  server.RaftServerConfigKeys (ConfUtils.java:logGet(43)) - raft.server.log.segment.cache.num.max = 2 (custom)
2019-09-26 10:06:54,208 [pool-625-thread-1] INFO  segmented.SegmentedRaftLogWorker (SegmentedRaftLogWorker.java:<init>(172)) - new c14de6c3-ad97-4da4-b999-5d30d93b25e7@group-B46351D9F597-SegmentedRaftLogWorker for RaftStorage:Storage Directory /workdir/hadoop-ozone/integration-test/target/test-dir/MiniOzoneClusterImpl-3237421e-5f73-41b0-8605-c54d21f4eaa5/datanode-4/data/ratis/1459d035-a28a-4200-bfa2-b46351d9f597
2019-09-26 10:06:54,209 [pool-625-thread-1] INFO  server.RaftServerConfigKeys (ConfUtils.java:logGet(43)) - raft.server.log.queue.byte-limit = 2147483647 (custom)
2019-09-26 10:06:54,209 [pool-625-thread-1] INFO  server.RaftServerConfigKeys (ConfUtils.java:logGet(43)) - raft.server.log.queue.element-limit = 1024 (custom)
2019-09-26 10:06:54,209 [pool-625-thread-1] INFO  server.RaftServerConfigKeys (ConfUtils.java:logGet(43)) - raft.server.log.segment.size.max = 1048576 (custom)
2019-09-26 10:06:54,209 [pool-625-thread-1] INFO  server.RaftServerConfigKeys (ConfUtils.java:logGet(43)) - raft.server.log.preallocated.size = 16384 (custom)
2019-09-26 10:06:54,209 [pool-625-thread-1] INFO  server.RaftServerConfigKeys (ConfUtils.java:logGet(43)) - raft.server.log.write.buffer.size = 33554432 (custom)
2019-09-26 10:06:54,209 [pool-625-thread-1] INFO  server.RaftServerConfigKeys (ConfUtils.java:logGet(43)) - raft.server.log.force.sync.num = 128 (default)
2019-09-26 10:06:54,209 [pool-625-thread-1] INFO  server.RaftServerConfigKeys (ConfUtils.java:logGet(43)) - raft.server.log.statemachine.data.sync = true (default)
2019-09-26 10:06:54,209 [pool-625-thread-1] INFO  server.RaftServerConfigKeys (ConfUtils.java:logGet(43)) - raft.server.log.statemachine.data.sync.timeout = 10s (default)
2019-09-26 10:06:54,210 [pool-625-thread-1] INFO  server.RaftServerConfigKeys (ConfUtils.java:logGet(43)) - raft.server.log.statemachine.data.sync.timeout.retry = -1 (default)
2019-09-26 10:06:54,210 [pool-625-thread-1] INFO  server.RaftServerConfigKeys (ConfUtils.java:logGet(43)) - raft.server.log.statemachine.data.caching.enabled = true (custom)
2019-09-26 10:06:54,210 [pool-625-thread-1] INFO  segmented.SegmentedRaftLogWorker (SegmentedRaftLogWorker.java:lambda$new$0(132)) - c14de6c3-ad97-4da4-b999-5d30d93b25e7@group-B46351D9F597-SegmentedRaftLogWorker: flushIndex: setUnconditionally 0 -> -1
2019-09-26 10:06:54,210 [pool-625-thread-1] INFO  server.RaftServerConfigKeys (ConfUtils.java:logGet(43)) - raft.server.snapshot.auto.trigger.enabled = true (custom)
2019-09-26 10:06:54,211 [pool-625-thread-1] INFO  server.RaftServerConfigKeys (ConfUtils.java:logGet(43)) - raft.server.snapshot.auto.trigger.threshold = 10000 (custom)
2019-09-26 10:06:54,211 [pool-625-thread-1] INFO  server.RaftServerConfigKeys (ConfUtils.java:logGet(43)) - raft.server.snapshot.retention.num.files = 5 (custom)
2019-09-26 10:06:54,211 [pool-625-thread-1] INFO  server.RaftServerConfigKeys (ConfUtils.java:logGet(43)) - raft.server.retrycache.expirytime = 600000ms (custom)
2019-09-26 10:06:54,213 [pool-625-thread-1] INFO  impl.RaftServerImpl (RaftServerImpl.java:start(185)) - c14de6c3-ad97-4da4-b999-5d30d93b25e7@group-B46351D9F597: start as a follower, conf=-1: [c14de6c3-ad97-4da4-b999-5d30d93b25e7:192.168.30.13:38350], old=null
2019-09-26 10:06:54,213 [pool-625-thread-1] INFO  impl.RaftServerImpl (RaftServerImpl.java:setRole(174)) - c14de6c3-ad97-4da4-b999-5d30d93b25e7@group-B46351D9F597: changes role from      null to FOLLOWER at term 0 for startAsFollower
2019-09-26 10:06:54,213 [pool-625-thread-1] INFO  impl.RoleInfo (RoleInfo.java:updateAndGet(143)) - c14de6c3-ad97-4da4-b999-5d30d93b25e7: start FollowerState
2019-09-26 10:06:54,214 [pool-625-thread-1] INFO  util.JmxRegister (JmxRegister.java:tryRegister(44)) - Successfully registered JMX Bean with object name Ratis:service=RaftServer,group=group-B46351D9F597,id=c14de6c3-ad97-4da4-b999-5d30d93b25e7
2019-09-26 10:06:54,216 [RatisPipelineUtilsThread] INFO  pipeline.PipelineStateManager (PipelineStateManager.java:addPipeline(56)) - Created pipeline Pipeline[ Id: 1459d035-a28a-4200-bfa2-b46351d9f597, Nodes: c14de6c3-ad97-4da4-b999-5d30d93b25e7{ip: 192.168.30.13, host: pr-hdds-1569-wvzgm-824869521, networkLocation: /default-rack, certSerialId: null}, Type:RATIS, Factor:ONE, State:OPEN]
2019-09-26 10:06:54,216 [RatisPipelineUtilsThread] INFO  pipeline.PipelinePlacementPolicy (PipelinePlacementPolicy.java:meetCriteria(91)) - Pipeline Placement: can't place more pipeline on heavy datanode： 4c0de2d3-09dd-47d7-b7a1-4f63a4eb8acf Heaviness: 6 limit: 5
2019-09-26 10:06:54,217 [RatisPipelineUtilsThread] INFO  pipeline.PipelinePlacementPolicy (PipelinePlacementPolicy.java:meetCriteria(91)) - Pipeline Placement: can't place more pipeline on heavy datanode： c3e403b7-5a1e-4aac-9b5a-0aedadd701b5 Heaviness: 6 limit: 5
2019-09-26 10:06:54,217 [RatisPipelineUtilsThread] INFO  pipeline.PipelinePlacementPolicy (PipelinePlacementPolicy.java:meetCriteria(91)) - Pipeline Placement: can't place more pipeline on heavy datanode： 4f799f37-ab1c-4be0-adf3-be30f86725ba Heaviness: 6 limit: 5
2019-09-26 10:06:54,217 [RatisPipelineUtilsThread] INFO  pipeline.PipelinePlacementPolicy (PipelinePlacementPolicy.java:meetCriteria(91)) - Pipeline Placement: can't place more pipeline on heavy datanode： 77afb7a9-3f27-4b85-962a-c9c70d1ecd8b Heaviness: 6 limit: 5
2019-09-26 10:06:54,221 [grpc-default-executor-1] INFO  impl.RaftServerProxy (RaftServerProxy.java:addNew(89)) - c8968d10-b107-4a89-b805-dd56466e025e: addNew group-FF42C95B4F72:[c8968d10-b107-4a89-b805-dd56466e025e:192.168.30.13:41045] returns group-FF42C95B4F72:java.util.concurrent.CompletableFuture@5fa02b2c[Not completed]
2019-09-26 10:06:54,221 [pool-635-thread-1] INFO  impl.RaftServerImpl (RaftServerImpl.java:<init>(95)) - c8968d10-b107-4a89-b805-dd56466e025e: new RaftServerImpl for group-FF42C95B4F72:[c8968d10-b107-4a89-b805-dd56466e025e:192.168.30.13:41045] with ContainerStateMachine:uninitialized
2019-09-26 10:06:54,222 [pool-635-thread-1] INFO  server.RaftServerConfigKeys (ConfUtils.java:logGet(43)) - raft.server.rpc.timeout.min = 5s (custom)
2019-09-26 10:06:54,222 [pool-635-thread-1] INFO  server.RaftServerConfigKeys (ConfUtils.java:logGet(43)) - raft.server.rpc.timeout.max = 5200ms (custom)
2019-09-26 10:06:54,222 [pool-635-thread-1] INFO  server.RaftServerConfigKeys (ConfUtils.java:logGet(43)) - raft.server.rpcslowness.timeout = 120s (custom)
2019-09-26 10:06:54,222 [pool-635-thread-1] INFO  server.RaftServerConfigKeys (ConfUtils.java:logGet(43)) - raft.server.sleep.deviation.threshold = 300 (default)
2019-09-26 10:06:54,222 [pool-635-thread-1] INFO  server.RaftServerConfigKeys (ConfUtils.java:logGet(43)) - raft.server.log.appender.install.snapshot.enabled = false (custom)
2019-09-26 10:06:54,222 [pool-635-thread-1] INFO  impl.RaftServerImpl (ServerState.java:<init>(103)) - c8968d10-b107-4a89-b805-dd56466e025e@group-FF42C95B4F72: ConfigurationManager, init=-1: [c8968d10-b107-4a89-b805-dd56466e025e:192.168.30.13:41045], old=null, confs=<EMPTY_MAP>
2019-09-26 10:06:54,222 [pool-635-thread-1] INFO  server.RaftServerConfigKeys (ConfUtils.java:logGet(43)) - raft.server.storage.dir = [/workdir/hadoop-ozone/integration-test/target/test-dir/MiniOzoneClusterImpl-3237421e-5f73-41b0-8605-c54d21f4eaa5/datanode-5/data/ratis] (custom)
2019-09-26 10:06:54,223 [pool-635-thread-1] INFO  storage.RaftStorageDirectory (RaftStorageDirectory.java:analyzeStorage(246)) - The storage directory /workdir/hadoop-ozone/integration-test/target/test-dir/MiniOzoneClusterImpl-3237421e-5f73-41b0-8605-c54d21f4eaa5/datanode-5/data/ratis/428e7121-b228-452e-a388-ff42c95b4f72 does not exist. Creating ...
2019-09-26 10:06:54,235 [pool-635-thread-1] INFO  storage.RaftStorageDirectory (RaftStorageDirectory.java:tryLock(328)) - Lock on /workdir/hadoop-ozone/integration-test/target/test-dir/MiniOzoneClusterImpl-3237421e-5f73-41b0-8605-c54d21f4eaa5/datanode-5/data/ratis/428e7121-b228-452e-a388-ff42c95b4f72/in_use.lock acquired by nodename 19604@pr-hdds-1569-wvzgm-824869521
2019-09-26 10:06:54,247 [pool-635-thread-1] INFO  storage.RaftStorage (RaftStorage.java:format(72)) - Storage directory /workdir/hadoop-ozone/integration-test/target/test-dir/MiniOzoneClusterImpl-3237421e-5f73-41b0-8605-c54d21f4eaa5/datanode-5/data/ratis/428e7121-b228-452e-a388-ff42c95b4f72 has been successfully formatted.
2019-09-26 10:06:54,248 [pool-635-thread-1] INFO  ratis.ContainerStateMachine (ContainerStateMachine.java:loadSnapshot(230)) - group-FF42C95B4F72: The snapshot info is null. Setting the last applied indexto:(t:0, i:~)
2019-09-26 10:06:54,248 [pool-635-thread-1] INFO  server.RaftServerConfigKeys (ConfUtils.java:logGet(43)) - raft.server.notification.no-leader.timeout = 120s (custom)
2019-09-26 10:06:54,248 [pool-635-thread-1] INFO  server.RaftServerConfigKeys (ConfUtils.java:logGet(43)) - raft.server.log.use.memory = false (default)
2019-09-26 10:06:54,248 [pool-635-thread-1] INFO  server.RaftServerConfigKeys (ConfUtils.java:logGet(43)) - raft.server.log.purge.gap = 1000000 (custom)
2019-09-26 10:06:54,248 [pool-635-thread-1] INFO  server.RaftServerConfigKeys (ConfUtils.java:logGet(43)) - raft.server.log.appender.buffer.byte-limit = 33554432 (custom)
2019-09-26 10:06:54,248 [pool-635-thread-1] INFO  server.RaftServerConfigKeys (ConfUtils.java:logGet(43)) - raft.server.log.segment.size.max = 1048576 (custom)
2019-09-26 10:06:54,248 [pool-635-thread-1] INFO  server.RaftServerConfigKeys (ConfUtils.java:logGet(43)) - raft.server.log.segment.cache.num.max = 2 (custom)
2019-09-26 10:06:54,248 [pool-635-thread-1] INFO  segmented.SegmentedRaftLogWorker (SegmentedRaftLogWorker.java:<init>(172)) - new c8968d10-b107-4a89-b805-dd56466e025e@group-FF42C95B4F72-SegmentedRaftLogWorker for RaftStorage:Storage Directory /workdir/hadoop-ozone/integration-test/target/test-dir/MiniOzoneClusterImpl-3237421e-5f73-41b0-8605-c54d21f4eaa5/datanode-5/data/ratis/428e7121-b228-452e-a388-ff42c95b4f72
2019-09-26 10:06:54,249 [pool-635-thread-1] INFO  server.RaftServerConfigKeys (ConfUtils.java:logGet(43)) - raft.server.log.queue.byte-limit = 2147483647 (custom)
2019-09-26 10:06:54,249 [pool-635-thread-1] INFO  server.RaftServerConfigKeys (ConfUtils.java:logGet(43)) - raft.server.log.queue.element-limit = 1024 (custom)
2019-09-26 10:06:54,249 [pool-635-thread-1] INFO  server.RaftServerConfigKeys (ConfUtils.java:logGet(43)) - raft.server.log.segment.size.max = 1048576 (custom)
2019-09-26 10:06:54,249 [pool-635-thread-1] INFO  server.RaftServerConfigKeys (ConfUtils.java:logGet(43)) - raft.server.log.preallocated.size = 16384 (custom)
2019-09-26 10:06:54,249 [pool-635-thread-1] INFO  server.RaftServerConfigKeys (ConfUtils.java:logGet(43)) - raft.server.log.write.buffer.size = 33554432 (custom)
2019-09-26 10:06:54,249 [pool-635-thread-1] INFO  server.RaftServerConfigKeys (ConfUtils.java:logGet(43)) - raft.server.log.force.sync.num = 128 (default)
2019-09-26 10:06:54,249 [pool-635-thread-1] INFO  server.RaftServerConfigKeys (ConfUtils.java:logGet(43)) - raft.server.log.statemachine.data.sync = true (default)
2019-09-26 10:06:54,249 [pool-635-thread-1] INFO  server.RaftServerConfigKeys (ConfUtils.java:logGet(43)) - raft.server.log.statemachine.data.sync.timeout = 10s (default)
2019-09-26 10:06:54,249 [pool-635-thread-1] INFO  server.RaftServerConfigKeys (ConfUtils.java:logGet(43)) - raft.server.log.statemachine.data.sync.timeout.retry = -1 (default)
2019-09-26 10:06:54,250 [pool-635-thread-1] INFO  server.RaftServerConfigKeys (ConfUtils.java:logGet(43)) - raft.server.log.statemachine.data.caching.enabled = true (custom)
2019-09-26 10:06:54,250 [pool-635-thread-1] INFO  segmented.SegmentedRaftLogWorker (SegmentedRaftLogWorker.java:lambda$new$0(132)) - c8968d10-b107-4a89-b805-dd56466e025e@group-FF42C95B4F72-SegmentedRaftLogWorker: flushIndex: setUnconditionally 0 -> -1
2019-09-26 10:06:54,250 [pool-635-thread-1] INFO  server.RaftServerConfigKeys (ConfUtils.java:logGet(43)) - raft.server.snapshot.auto.trigger.enabled = true (custom)
2019-09-26 10:06:54,250 [pool-635-thread-1] INFO  server.RaftServerConfigKeys (ConfUtils.java:logGet(43)) - raft.server.snapshot.auto.trigger.threshold = 10000 (custom)
2019-09-26 10:06:54,250 [pool-635-thread-1] INFO  server.RaftServerConfigKeys (ConfUtils.java:logGet(43)) - raft.server.snapshot.retention.num.files = 5 (custom)
2019-09-26 10:06:54,251 [pool-635-thread-1] INFO  server.RaftServerConfigKeys (ConfUtils.java:logGet(43)) - raft.server.retrycache.expirytime = 600000ms (custom)
2019-09-26 10:06:54,252 [pool-635-thread-1] INFO  impl.RaftServerImpl (RaftServerImpl.java:start(185)) - c8968d10-b107-4a89-b805-dd56466e025e@group-FF42C95B4F72: start as a follower, conf=-1: [c8968d10-b107-4a89-b805-dd56466e025e:192.168.30.13:41045], old=null
2019-09-26 10:06:54,252 [pool-635-thread-1] INFO  impl.RaftServerImpl (RaftServerImpl.java:setRole(174)) - c8968d10-b107-4a89-b805-dd56466e025e@group-FF42C95B4F72: changes role from      null to FOLLOWER at term 0 for startAsFollower
2019-09-26 10:06:54,252 [pool-635-thread-1] INFO  impl.RoleInfo (RoleInfo.java:updateAndGet(143)) - c8968d10-b107-4a89-b805-dd56466e025e: start FollowerState
2019-09-26 10:06:54,253 [pool-635-thread-1] INFO  util.JmxRegister (JmxRegister.java:tryRegister(44)) - Successfully registered JMX Bean with object name Ratis:service=RaftServer,group=group-FF42C95B4F72,id=c8968d10-b107-4a89-b805-dd56466e025e
2019-09-26 10:06:54,255 [RatisPipelineUtilsThread] INFO  pipeline.PipelineStateManager (PipelineStateManager.java:addPipeline(56)) - Created pipeline Pipeline[ Id: 428e7121-b228-452e-a388-ff42c95b4f72, Nodes: c8968d10-b107-4a89-b805-dd56466e025e{ip: 192.168.30.13, host: pr-hdds-1569-wvzgm-824869521, networkLocation: /default-rack, certSerialId: null}, Type:RATIS, Factor:ONE, State:OPEN]
2019-09-26 10:06:54,255 [RatisPipelineUtilsThread] INFO  pipeline.PipelinePlacementPolicy (PipelinePlacementPolicy.java:meetCriteria(91)) - Pipeline Placement: can't place more pipeline on heavy datanode： 4c0de2d3-09dd-47d7-b7a1-4f63a4eb8acf Heaviness: 6 limit: 5
2019-09-26 10:06:54,255 [RatisPipelineUtilsThread] INFO  pipeline.PipelinePlacementPolicy (PipelinePlacementPolicy.java:meetCriteria(91)) - Pipeline Placement: can't place more pipeline on heavy datanode： c3e403b7-5a1e-4aac-9b5a-0aedadd701b5 Heaviness: 6 limit: 5
2019-09-26 10:06:54,255 [RatisPipelineUtilsThread] INFO  pipeline.PipelinePlacementPolicy (PipelinePlacementPolicy.java:meetCriteria(91)) - Pipeline Placement: can't place more pipeline on heavy datanode： 4f799f37-ab1c-4be0-adf3-be30f86725ba Heaviness: 6 limit: 5
2019-09-26 10:06:54,255 [RatisPipelineUtilsThread] INFO  pipeline.PipelinePlacementPolicy (PipelinePlacementPolicy.java:meetCriteria(91)) - Pipeline Placement: can't place more pipeline on heavy datanode： 77afb7a9-3f27-4b85-962a-c9c70d1ecd8b Heaviness: 6 limit: 5
2019-09-26 10:06:54,259 [grpc-default-executor-1] INFO  impl.RaftServerProxy (RaftServerProxy.java:addNew(89)) - c14de6c3-ad97-4da4-b999-5d30d93b25e7: addNew group-8703D663A69C:[c14de6c3-ad97-4da4-b999-5d30d93b25e7:192.168.30.13:38350] returns group-8703D663A69C:java.util.concurrent.CompletableFuture@157eeed9[Not completed]
2019-09-26 10:06:54,260 [pool-625-thread-1] INFO  impl.RaftServerImpl (RaftServerImpl.java:<init>(95)) - c14de6c3-ad97-4da4-b999-5d30d93b25e7: new RaftServerImpl for group-8703D663A69C:[c14de6c3-ad97-4da4-b999-5d30d93b25e7:192.168.30.13:38350] with ContainerStateMachine:uninitialized
2019-09-26 10:06:54,260 [pool-625-thread-1] INFO  server.RaftServerConfigKeys (ConfUtils.java:logGet(43)) - raft.server.rpc.timeout.min = 5s (custom)
2019-09-26 10:06:54,260 [pool-625-thread-1] INFO  server.RaftServerConfigKeys (ConfUtils.java:logGet(43)) - raft.server.rpc.timeout.max = 5200ms (custom)
2019-09-26 10:06:54,260 [pool-625-thread-1] INFO  server.RaftServerConfigKeys (ConfUtils.java:logGet(43)) - raft.server.rpcslowness.timeout = 120s (custom)
2019-09-26 10:06:54,260 [pool-625-thread-1] INFO  server.RaftServerConfigKeys (ConfUtils.java:logGet(43)) - raft.server.sleep.deviation.threshold = 300 (default)
2019-09-26 10:06:54,260 [pool-625-thread-1] INFO  server.RaftServerConfigKeys (ConfUtils.java:logGet(43)) - raft.server.log.appender.install.snapshot.enabled = false (custom)
2019-09-26 10:06:54,261 [pool-625-thread-1] INFO  impl.RaftServerImpl (ServerState.java:<init>(103)) - c14de6c3-ad97-4da4-b999-5d30d93b25e7@group-8703D663A69C: ConfigurationManager, init=-1: [c14de6c3-ad97-4da4-b999-5d30d93b25e7:192.168.30.13:38350], old=null, confs=<EMPTY_MAP>
2019-09-26 10:06:54,261 [pool-625-thread-1] INFO  server.RaftServerConfigKeys (ConfUtils.java:logGet(43)) - raft.server.storage.dir = [/workdir/hadoop-ozone/integration-test/target/test-dir/MiniOzoneClusterImpl-3237421e-5f73-41b0-8605-c54d21f4eaa5/datanode-4/data/ratis] (custom)
2019-09-26 10:06:54,261 [pool-625-thread-1] INFO  storage.RaftStorageDirectory (RaftStorageDirectory.java:analyzeStorage(246)) - The storage directory /workdir/hadoop-ozone/integration-test/target/test-dir/MiniOzoneClusterImpl-3237421e-5f73-41b0-8605-c54d21f4eaa5/datanode-4/data/ratis/a2e42140-ce6e-4f1b-aa0c-8703d663a69c does not exist. Creating ...
2019-09-26 10:06:54,284 [pool-625-thread-1] INFO  storage.RaftStorageDirectory (RaftStorageDirectory.java:tryLock(328)) - Lock on /workdir/hadoop-ozone/integration-test/target/test-dir/MiniOzoneClusterImpl-3237421e-5f73-41b0-8605-c54d21f4eaa5/datanode-4/data/ratis/a2e42140-ce6e-4f1b-aa0c-8703d663a69c/in_use.lock acquired by nodename 19604@pr-hdds-1569-wvzgm-824869521
2019-09-26 10:06:54,306 [pool-625-thread-1] INFO  storage.RaftStorage (RaftStorage.java:format(72)) - Storage directory /workdir/hadoop-ozone/integration-test/target/test-dir/MiniOzoneClusterImpl-3237421e-5f73-41b0-8605-c54d21f4eaa5/datanode-4/data/ratis/a2e42140-ce6e-4f1b-aa0c-8703d663a69c has been successfully formatted.
2019-09-26 10:06:54,307 [pool-625-thread-1] INFO  ratis.ContainerStateMachine (ContainerStateMachine.java:loadSnapshot(230)) - group-8703D663A69C: The snapshot info is null. Setting the last applied indexto:(t:0, i:~)
2019-09-26 10:06:54,307 [pool-625-thread-1] INFO  server.RaftServerConfigKeys (ConfUtils.java:logGet(43)) - raft.server.notification.no-leader.timeout = 120s (custom)
2019-09-26 10:06:54,307 [pool-625-thread-1] INFO  server.RaftServerConfigKeys (ConfUtils.java:logGet(43)) - raft.server.log.use.memory = false (default)
2019-09-26 10:06:54,307 [pool-625-thread-1] INFO  server.RaftServerConfigKeys (ConfUtils.java:logGet(43)) - raft.server.log.purge.gap = 1000000 (custom)
2019-09-26 10:06:54,307 [pool-625-thread-1] INFO  server.RaftServerConfigKeys (ConfUtils.java:logGet(43)) - raft.server.log.appender.buffer.byte-limit = 33554432 (custom)
2019-09-26 10:06:54,308 [pool-625-thread-1] INFO  server.RaftServerConfigKeys (ConfUtils.java:logGet(43)) - raft.server.log.segment.size.max = 1048576 (custom)
2019-09-26 10:06:54,308 [pool-625-thread-1] INFO  server.RaftServerConfigKeys (ConfUtils.java:logGet(43)) - raft.server.log.segment.cache.num.max = 2 (custom)
2019-09-26 10:06:54,308 [pool-625-thread-1] INFO  segmented.SegmentedRaftLogWorker (SegmentedRaftLogWorker.java:<init>(172)) - new c14de6c3-ad97-4da4-b999-5d30d93b25e7@group-8703D663A69C-SegmentedRaftLogWorker for RaftStorage:Storage Directory /workdir/hadoop-ozone/integration-test/target/test-dir/MiniOzoneClusterImpl-3237421e-5f73-41b0-8605-c54d21f4eaa5/datanode-4/data/ratis/a2e42140-ce6e-4f1b-aa0c-8703d663a69c
2019-09-26 10:06:54,308 [pool-625-thread-1] INFO  server.RaftServerConfigKeys (ConfUtils.java:logGet(43)) - raft.server.log.queue.byte-limit = 2147483647 (custom)
2019-09-26 10:06:54,308 [pool-625-thread-1] INFO  server.RaftServerConfigKeys (ConfUtils.java:logGet(43)) - raft.server.log.queue.element-limit = 1024 (custom)
2019-09-26 10:06:54,309 [pool-625-thread-1] INFO  server.RaftServerConfigKeys (ConfUtils.java:logGet(43)) - raft.server.log.segment.size.max = 1048576 (custom)
2019-09-26 10:06:54,309 [pool-625-thread-1] INFO  server.RaftServerConfigKeys (ConfUtils.java:logGet(43)) - raft.server.log.preallocated.size = 16384 (custom)
2019-09-26 10:06:54,309 [pool-625-thread-1] INFO  server.RaftServerConfigKeys (ConfUtils.java:logGet(43)) - raft.server.log.write.buffer.size = 33554432 (custom)
2019-09-26 10:06:54,309 [pool-625-thread-1] INFO  server.RaftServerConfigKeys (ConfUtils.java:logGet(43)) - raft.server.log.force.sync.num = 128 (default)
2019-09-26 10:06:54,309 [pool-625-thread-1] INFO  server.RaftServerConfigKeys (ConfUtils.java:logGet(43)) - raft.server.log.statemachine.data.sync = true (default)
2019-09-26 10:06:54,309 [pool-625-thread-1] INFO  server.RaftServerConfigKeys (ConfUtils.java:logGet(43)) - raft.server.log.statemachine.data.sync.timeout = 10s (default)
2019-09-26 10:06:54,310 [pool-625-thread-1] INFO  server.RaftServerConfigKeys (ConfUtils.java:logGet(43)) - raft.server.log.statemachine.data.sync.timeout.retry = -1 (default)
2019-09-26 10:06:54,310 [pool-625-thread-1] INFO  server.RaftServerConfigKeys (ConfUtils.java:logGet(43)) - raft.server.log.statemachine.data.caching.enabled = true (custom)
2019-09-26 10:06:54,310 [pool-625-thread-1] INFO  segmented.SegmentedRaftLogWorker (SegmentedRaftLogWorker.java:lambda$new$0(132)) - c14de6c3-ad97-4da4-b999-5d30d93b25e7@group-8703D663A69C-SegmentedRaftLogWorker: flushIndex: setUnconditionally 0 -> -1
2019-09-26 10:06:54,311 [pool-625-thread-1] INFO  server.RaftServerConfigKeys (ConfUtils.java:logGet(43)) - raft.server.snapshot.auto.trigger.enabled = true (custom)
2019-09-26 10:06:54,311 [pool-625-thread-1] INFO  server.RaftServerConfigKeys (ConfUtils.java:logGet(43)) - raft.server.snapshot.auto.trigger.threshold = 10000 (custom)
2019-09-26 10:06:54,311 [pool-625-thread-1] INFO  server.RaftServerConfigKeys (ConfUtils.java:logGet(43)) - raft.server.snapshot.retention.num.files = 5 (custom)
2019-09-26 10:06:54,311 [pool-625-thread-1] INFO  server.RaftServerConfigKeys (ConfUtils.java:logGet(43)) - raft.server.retrycache.expirytime = 600000ms (custom)
2019-09-26 10:06:54,313 [pool-625-thread-1] INFO  impl.RaftServerImpl (RaftServerImpl.java:start(185)) - c14de6c3-ad97-4da4-b999-5d30d93b25e7@group-8703D663A69C: start as a follower, conf=-1: [c14de6c3-ad97-4da4-b999-5d30d93b25e7:192.168.30.13:38350], old=null
2019-09-26 10:06:54,313 [pool-625-thread-1] INFO  impl.RaftServerImpl (RaftServerImpl.java:setRole(174)) - c14de6c3-ad97-4da4-b999-5d30d93b25e7@group-8703D663A69C: changes role from      null to FOLLOWER at term 0 for startAsFollower
2019-09-26 10:06:54,313 [pool-625-thread-1] INFO  impl.RoleInfo (RoleInfo.java:updateAndGet(143)) - c14de6c3-ad97-4da4-b999-5d30d93b25e7: start FollowerState
2019-09-26 10:06:54,314 [pool-625-thread-1] INFO  util.JmxRegister (JmxRegister.java:tryRegister(44)) - Successfully registered JMX Bean with object name Ratis:service=RaftServer,group=group-8703D663A69C,id=c14de6c3-ad97-4da4-b999-5d30d93b25e7
2019-09-26 10:06:54,316 [RatisPipelineUtilsThread] INFO  pipeline.PipelineStateManager (PipelineStateManager.java:addPipeline(56)) - Created pipeline Pipeline[ Id: a2e42140-ce6e-4f1b-aa0c-8703d663a69c, Nodes: c14de6c3-ad97-4da4-b999-5d30d93b25e7{ip: 192.168.30.13, host: pr-hdds-1569-wvzgm-824869521, networkLocation: /default-rack, certSerialId: null}, Type:RATIS, Factor:ONE, State:OPEN]
2019-09-26 10:06:54,316 [RatisPipelineUtilsThread] INFO  pipeline.PipelinePlacementPolicy (PipelinePlacementPolicy.java:meetCriteria(91)) - Pipeline Placement: can't place more pipeline on heavy datanode： 4c0de2d3-09dd-47d7-b7a1-4f63a4eb8acf Heaviness: 6 limit: 5
2019-09-26 10:06:54,316 [RatisPipelineUtilsThread] INFO  pipeline.PipelinePlacementPolicy (PipelinePlacementPolicy.java:meetCriteria(91)) - Pipeline Placement: can't place more pipeline on heavy datanode： c3e403b7-5a1e-4aac-9b5a-0aedadd701b5 Heaviness: 6 limit: 5
2019-09-26 10:06:54,316 [RatisPipelineUtilsThread] INFO  pipeline.PipelinePlacementPolicy (PipelinePlacementPolicy.java:meetCriteria(91)) - Pipeline Placement: can't place more pipeline on heavy datanode： 4f799f37-ab1c-4be0-adf3-be30f86725ba Heaviness: 6 limit: 5
2019-09-26 10:06:54,317 [RatisPipelineUtilsThread] INFO  pipeline.PipelinePlacementPolicy (PipelinePlacementPolicy.java:meetCriteria(91)) - Pipeline Placement: can't place more pipeline on heavy datanode： 77afb7a9-3f27-4b85-962a-c9c70d1ecd8b Heaviness: 6 limit: 5
2019-09-26 10:06:54,320 [grpc-default-executor-1] INFO  impl.RaftServerProxy (RaftServerProxy.java:addNew(89)) - c14de6c3-ad97-4da4-b999-5d30d93b25e7: addNew group-A77FB9A89323:[c14de6c3-ad97-4da4-b999-5d30d93b25e7:192.168.30.13:38350] returns group-A77FB9A89323:java.util.concurrent.CompletableFuture@5a0f03d4[Not completed]
2019-09-26 10:06:54,321 [pool-625-thread-1] INFO  impl.RaftServerImpl (RaftServerImpl.java:<init>(95)) - c14de6c3-ad97-4da4-b999-5d30d93b25e7: new RaftServerImpl for group-A77FB9A89323:[c14de6c3-ad97-4da4-b999-5d30d93b25e7:192.168.30.13:38350] with ContainerStateMachine:uninitialized
2019-09-26 10:06:54,321 [pool-625-thread-1] INFO  server.RaftServerConfigKeys (ConfUtils.java:logGet(43)) - raft.server.rpc.timeout.min = 5s (custom)
2019-09-26 10:06:54,322 [pool-625-thread-1] INFO  server.RaftServerConfigKeys (ConfUtils.java:logGet(43)) - raft.server.rpc.timeout.max = 5200ms (custom)
2019-09-26 10:06:54,322 [pool-625-thread-1] INFO  server.RaftServerConfigKeys (ConfUtils.java:logGet(43)) - raft.server.rpcslowness.timeout = 120s (custom)
2019-09-26 10:06:54,322 [pool-625-thread-1] INFO  server.RaftServerConfigKeys (ConfUtils.java:logGet(43)) - raft.server.sleep.deviation.threshold = 300 (default)
2019-09-26 10:06:54,322 [pool-625-thread-1] INFO  server.RaftServerConfigKeys (ConfUtils.java:logGet(43)) - raft.server.log.appender.install.snapshot.enabled = false (custom)
2019-09-26 10:06:54,322 [pool-625-thread-1] INFO  impl.RaftServerImpl (ServerState.java:<init>(103)) - c14de6c3-ad97-4da4-b999-5d30d93b25e7@group-A77FB9A89323: ConfigurationManager, init=-1: [c14de6c3-ad97-4da4-b999-5d30d93b25e7:192.168.30.13:38350], old=null, confs=<EMPTY_MAP>
2019-09-26 10:06:54,322 [pool-625-thread-1] INFO  server.RaftServerConfigKeys (ConfUtils.java:logGet(43)) - raft.server.storage.dir = [/workdir/hadoop-ozone/integration-test/target/test-dir/MiniOzoneClusterImpl-3237421e-5f73-41b0-8605-c54d21f4eaa5/datanode-4/data/ratis] (custom)
2019-09-26 10:06:54,323 [pool-625-thread-1] INFO  storage.RaftStorageDirectory (RaftStorageDirectory.java:analyzeStorage(246)) - The storage directory /workdir/hadoop-ozone/integration-test/target/test-dir/MiniOzoneClusterImpl-3237421e-5f73-41b0-8605-c54d21f4eaa5/datanode-4/data/ratis/c2b4039e-0f94-4015-9873-a77fb9a89323 does not exist. Creating ...
2019-09-26 10:06:54,331 [pool-625-thread-1] INFO  storage.RaftStorageDirectory (RaftStorageDirectory.java:tryLock(328)) - Lock on /workdir/hadoop-ozone/integration-test/target/test-dir/MiniOzoneClusterImpl-3237421e-5f73-41b0-8605-c54d21f4eaa5/datanode-4/data/ratis/c2b4039e-0f94-4015-9873-a77fb9a89323/in_use.lock acquired by nodename 19604@pr-hdds-1569-wvzgm-824869521
2019-09-26 10:06:54,353 [pool-625-thread-1] INFO  storage.RaftStorage (RaftStorage.java:format(72)) - Storage directory /workdir/hadoop-ozone/integration-test/target/test-dir/MiniOzoneClusterImpl-3237421e-5f73-41b0-8605-c54d21f4eaa5/datanode-4/data/ratis/c2b4039e-0f94-4015-9873-a77fb9a89323 has been successfully formatted.
2019-09-26 10:06:54,353 [pool-625-thread-1] INFO  ratis.ContainerStateMachine (ContainerStateMachine.java:loadSnapshot(230)) - group-A77FB9A89323: The snapshot info is null. Setting the last applied indexto:(t:0, i:~)
2019-09-26 10:06:54,353 [pool-625-thread-1] INFO  server.RaftServerConfigKeys (ConfUtils.java:logGet(43)) - raft.server.notification.no-leader.timeout = 120s (custom)
2019-09-26 10:06:54,354 [pool-625-thread-1] INFO  server.RaftServerConfigKeys (ConfUtils.java:logGet(43)) - raft.server.log.use.memory = false (default)
2019-09-26 10:06:54,354 [pool-625-thread-1] INFO  server.RaftServerConfigKeys (ConfUtils.java:logGet(43)) - raft.server.log.purge.gap = 1000000 (custom)
2019-09-26 10:06:54,354 [pool-625-thread-1] INFO  server.RaftServerConfigKeys (ConfUtils.java:logGet(43)) - raft.server.log.appender.buffer.byte-limit = 33554432 (custom)
2019-09-26 10:06:54,354 [pool-625-thread-1] INFO  server.RaftServerConfigKeys (ConfUtils.java:logGet(43)) - raft.server.log.segment.size.max = 1048576 (custom)
2019-09-26 10:06:54,355 [pool-625-thread-1] INFO  server.RaftServerConfigKeys (ConfUtils.java:logGet(43)) - raft.server.log.segment.cache.num.max = 2 (custom)
2019-09-26 10:06:54,355 [pool-625-thread-1] INFO  segmented.SegmentedRaftLogWorker (SegmentedRaftLogWorker.java:<init>(172)) - new c14de6c3-ad97-4da4-b999-5d30d93b25e7@group-A77FB9A89323-SegmentedRaftLogWorker for RaftStorage:Storage Directory /workdir/hadoop-ozone/integration-test/target/test-dir/MiniOzoneClusterImpl-3237421e-5f73-41b0-8605-c54d21f4eaa5/datanode-4/data/ratis/c2b4039e-0f94-4015-9873-a77fb9a89323
2019-09-26 10:06:54,355 [pool-625-thread-1] INFO  server.RaftServerConfigKeys (ConfUtils.java:logGet(43)) - raft.server.log.queue.byte-limit = 2147483647 (custom)
2019-09-26 10:06:54,355 [pool-625-thread-1] INFO  server.RaftServerConfigKeys (ConfUtils.java:logGet(43)) - raft.server.log.queue.element-limit = 1024 (custom)
2019-09-26 10:06:54,356 [pool-625-thread-1] INFO  server.RaftServerConfigKeys (ConfUtils.java:logGet(43)) - raft.server.log.segment.size.max = 1048576 (custom)
2019-09-26 10:06:54,356 [pool-625-thread-1] INFO  server.RaftServerConfigKeys (ConfUtils.java:logGet(43)) - raft.server.log.preallocated.size = 16384 (custom)
2019-09-26 10:06:54,356 [pool-625-thread-1] INFO  server.RaftServerConfigKeys (ConfUtils.java:logGet(43)) - raft.server.log.write.buffer.size = 33554432 (custom)
2019-09-26 10:06:54,356 [pool-625-thread-1] INFO  server.RaftServerConfigKeys (ConfUtils.java:logGet(43)) - raft.server.log.force.sync.num = 128 (default)
2019-09-26 10:06:54,356 [pool-625-thread-1] INFO  server.RaftServerConfigKeys (ConfUtils.java:logGet(43)) - raft.server.log.statemachine.data.sync = true (default)
2019-09-26 10:06:54,357 [pool-625-thread-1] INFO  server.RaftServerConfigKeys (ConfUtils.java:logGet(43)) - raft.server.log.statemachine.data.sync.timeout = 10s (default)
2019-09-26 10:06:54,357 [pool-625-thread-1] INFO  server.RaftServerConfigKeys (ConfUtils.java:logGet(43)) - raft.server.log.statemachine.data.sync.timeout.retry = -1 (default)
2019-09-26 10:06:54,357 [pool-625-thread-1] INFO  server.RaftServerConfigKeys (ConfUtils.java:logGet(43)) - raft.server.log.statemachine.data.caching.enabled = true (custom)
2019-09-26 10:06:54,358 [pool-625-thread-1] INFO  segmented.SegmentedRaftLogWorker (SegmentedRaftLogWorker.java:lambda$new$0(132)) - c14de6c3-ad97-4da4-b999-5d30d93b25e7@group-A77FB9A89323-SegmentedRaftLogWorker: flushIndex: setUnconditionally 0 -> -1
2019-09-26 10:06:54,358 [pool-625-thread-1] INFO  server.RaftServerConfigKeys (ConfUtils.java:logGet(43)) - raft.server.snapshot.auto.trigger.enabled = true (custom)
2019-09-26 10:06:54,358 [pool-625-thread-1] INFO  server.RaftServerConfigKeys (ConfUtils.java:logGet(43)) - raft.server.snapshot.auto.trigger.threshold = 10000 (custom)
2019-09-26 10:06:54,359 [pool-625-thread-1] INFO  server.RaftServerConfigKeys (ConfUtils.java:logGet(43)) - raft.server.snapshot.retention.num.files = 5 (custom)
2019-09-26 10:06:54,359 [pool-625-thread-1] INFO  server.RaftServerConfigKeys (ConfUtils.java:logGet(43)) - raft.server.retrycache.expirytime = 600000ms (custom)
2019-09-26 10:06:54,361 [pool-625-thread-1] INFO  impl.RaftServerImpl (RaftServerImpl.java:start(185)) - c14de6c3-ad97-4da4-b999-5d30d93b25e7@group-A77FB9A89323: start as a follower, conf=-1: [c14de6c3-ad97-4da4-b999-5d30d93b25e7:192.168.30.13:38350], old=null
2019-09-26 10:06:54,361 [pool-625-thread-1] INFO  impl.RaftServerImpl (RaftServerImpl.java:setRole(174)) - c14de6c3-ad97-4da4-b999-5d30d93b25e7@group-A77FB9A89323: changes role from      null to FOLLOWER at term 0 for startAsFollower
2019-09-26 10:06:54,362 [pool-625-thread-1] INFO  impl.RoleInfo (RoleInfo.java:updateAndGet(143)) - c14de6c3-ad97-4da4-b999-5d30d93b25e7: start FollowerState
2019-09-26 10:06:54,362 [pool-625-thread-1] INFO  util.JmxRegister (JmxRegister.java:tryRegister(44)) - Successfully registered JMX Bean with object name Ratis:service=RaftServer,group=group-A77FB9A89323,id=c14de6c3-ad97-4da4-b999-5d30d93b25e7
2019-09-26 10:06:54,366 [RatisPipelineUtilsThread] INFO  pipeline.PipelineStateManager (PipelineStateManager.java:addPipeline(56)) - Created pipeline Pipeline[ Id: c2b4039e-0f94-4015-9873-a77fb9a89323, Nodes: c14de6c3-ad97-4da4-b999-5d30d93b25e7{ip: 192.168.30.13, host: pr-hdds-1569-wvzgm-824869521, networkLocation: /default-rack, certSerialId: null}, Type:RATIS, Factor:ONE, State:OPEN]
2019-09-26 10:06:54,366 [RatisPipelineUtilsThread] INFO  pipeline.PipelinePlacementPolicy (PipelinePlacementPolicy.java:meetCriteria(91)) - Pipeline Placement: can't place more pipeline on heavy datanode： 4c0de2d3-09dd-47d7-b7a1-4f63a4eb8acf Heaviness: 6 limit: 5
2019-09-26 10:06:54,366 [RatisPipelineUtilsThread] INFO  pipeline.PipelinePlacementPolicy (PipelinePlacementPolicy.java:meetCriteria(91)) - Pipeline Placement: can't place more pipeline on heavy datanode： c3e403b7-5a1e-4aac-9b5a-0aedadd701b5 Heaviness: 6 limit: 5
2019-09-26 10:06:54,367 [RatisPipelineUtilsThread] INFO  pipeline.PipelinePlacementPolicy (PipelinePlacementPolicy.java:meetCriteria(91)) - Pipeline Placement: can't place more pipeline on heavy datanode： 4f799f37-ab1c-4be0-adf3-be30f86725ba Heaviness: 6 limit: 5
2019-09-26 10:06:54,367 [RatisPipelineUtilsThread] INFO  pipeline.PipelinePlacementPolicy (PipelinePlacementPolicy.java:meetCriteria(91)) - Pipeline Placement: can't place more pipeline on heavy datanode： 77afb7a9-3f27-4b85-962a-c9c70d1ecd8b Heaviness: 6 limit: 5
2019-09-26 10:06:54,372 [grpc-default-executor-1] INFO  impl.RaftServerProxy (RaftServerProxy.java:addNew(89)) - c14de6c3-ad97-4da4-b999-5d30d93b25e7: addNew group-9EEA07129309:[c14de6c3-ad97-4da4-b999-5d30d93b25e7:192.168.30.13:38350] returns group-9EEA07129309:java.util.concurrent.CompletableFuture@6a7223b7[Not completed]
2019-09-26 10:06:54,373 [pool-625-thread-1] INFO  impl.RaftServerImpl (RaftServerImpl.java:<init>(95)) - c14de6c3-ad97-4da4-b999-5d30d93b25e7: new RaftServerImpl for group-9EEA07129309:[c14de6c3-ad97-4da4-b999-5d30d93b25e7:192.168.30.13:38350] with ContainerStateMachine:uninitialized
2019-09-26 10:06:54,373 [pool-625-thread-1] INFO  server.RaftServerConfigKeys (ConfUtils.java:logGet(43)) - raft.server.rpc.timeout.min = 5s (custom)
2019-09-26 10:06:54,373 [pool-625-thread-1] INFO  server.RaftServerConfigKeys (ConfUtils.java:logGet(43)) - raft.server.rpc.timeout.max = 5200ms (custom)
2019-09-26 10:06:54,374 [pool-625-thread-1] INFO  server.RaftServerConfigKeys (ConfUtils.java:logGet(43)) - raft.server.rpcslowness.timeout = 120s (custom)
2019-09-26 10:06:54,374 [pool-625-thread-1] INFO  server.RaftServerConfigKeys (ConfUtils.java:logGet(43)) - raft.server.sleep.deviation.threshold = 300 (default)
2019-09-26 10:06:54,374 [pool-625-thread-1] INFO  server.RaftServerConfigKeys (ConfUtils.java:logGet(43)) - raft.server.log.appender.install.snapshot.enabled = false (custom)
2019-09-26 10:06:54,374 [pool-625-thread-1] INFO  impl.RaftServerImpl (ServerState.java:<init>(103)) - c14de6c3-ad97-4da4-b999-5d30d93b25e7@group-9EEA07129309: ConfigurationManager, init=-1: [c14de6c3-ad97-4da4-b999-5d30d93b25e7:192.168.30.13:38350], old=null, confs=<EMPTY_MAP>
2019-09-26 10:06:54,374 [pool-625-thread-1] INFO  server.RaftServerConfigKeys (ConfUtils.java:logGet(43)) - raft.server.storage.dir = [/workdir/hadoop-ozone/integration-test/target/test-dir/MiniOzoneClusterImpl-3237421e-5f73-41b0-8605-c54d21f4eaa5/datanode-4/data/ratis] (custom)
2019-09-26 10:06:54,375 [pool-625-thread-1] INFO  storage.RaftStorageDirectory (RaftStorageDirectory.java:analyzeStorage(246)) - The storage directory /workdir/hadoop-ozone/integration-test/target/test-dir/MiniOzoneClusterImpl-3237421e-5f73-41b0-8605-c54d21f4eaa5/datanode-4/data/ratis/08a64c88-9d72-42bc-b435-9eea07129309 does not exist. Creating ...
2019-09-26 10:06:54,400 [pool-625-thread-1] INFO  storage.RaftStorageDirectory (RaftStorageDirectory.java:tryLock(328)) - Lock on /workdir/hadoop-ozone/integration-test/target/test-dir/MiniOzoneClusterImpl-3237421e-5f73-41b0-8605-c54d21f4eaa5/datanode-4/data/ratis/08a64c88-9d72-42bc-b435-9eea07129309/in_use.lock acquired by nodename 19604@pr-hdds-1569-wvzgm-824869521
2019-09-26 10:06:54,412 [pool-625-thread-1] INFO  storage.RaftStorage (RaftStorage.java:format(72)) - Storage directory /workdir/hadoop-ozone/integration-test/target/test-dir/MiniOzoneClusterImpl-3237421e-5f73-41b0-8605-c54d21f4eaa5/datanode-4/data/ratis/08a64c88-9d72-42bc-b435-9eea07129309 has been successfully formatted.
2019-09-26 10:06:54,413 [pool-625-thread-1] INFO  ratis.ContainerStateMachine (ContainerStateMachine.java:loadSnapshot(230)) - group-9EEA07129309: The snapshot info is null. Setting the last applied indexto:(t:0, i:~)
2019-09-26 10:06:54,413 [pool-625-thread-1] INFO  server.RaftServerConfigKeys (ConfUtils.java:logGet(43)) - raft.server.notification.no-leader.timeout = 120s (custom)
2019-09-26 10:06:54,413 [pool-625-thread-1] INFO  server.RaftServerConfigKeys (ConfUtils.java:logGet(43)) - raft.server.log.use.memory = false (default)
2019-09-26 10:06:54,413 [pool-625-thread-1] INFO  server.RaftServerConfigKeys (ConfUtils.java:logGet(43)) - raft.server.log.purge.gap = 1000000 (custom)
2019-09-26 10:06:54,413 [pool-625-thread-1] INFO  server.RaftServerConfigKeys (ConfUtils.java:logGet(43)) - raft.server.log.appender.buffer.byte-limit = 33554432 (custom)
2019-09-26 10:06:54,414 [pool-625-thread-1] INFO  server.RaftServerConfigKeys (ConfUtils.java:logGet(43)) - raft.server.log.segment.size.max = 1048576 (custom)
2019-09-26 10:06:54,414 [pool-625-thread-1] INFO  server.RaftServerConfigKeys (ConfUtils.java:logGet(43)) - raft.server.log.segment.cache.num.max = 2 (custom)
2019-09-26 10:06:54,414 [pool-625-thread-1] INFO  segmented.SegmentedRaftLogWorker (SegmentedRaftLogWorker.java:<init>(172)) - new c14de6c3-ad97-4da4-b999-5d30d93b25e7@group-9EEA07129309-SegmentedRaftLogWorker for RaftStorage:Storage Directory /workdir/hadoop-ozone/integration-test/target/test-dir/MiniOzoneClusterImpl-3237421e-5f73-41b0-8605-c54d21f4eaa5/datanode-4/data/ratis/08a64c88-9d72-42bc-b435-9eea07129309
2019-09-26 10:06:54,414 [pool-625-thread-1] INFO  server.RaftServerConfigKeys (ConfUtils.java:logGet(43)) - raft.server.log.queue.byte-limit = 2147483647 (custom)
2019-09-26 10:06:54,414 [pool-625-thread-1] INFO  server.RaftServerConfigKeys (ConfUtils.java:logGet(43)) - raft.server.log.queue.element-limit = 1024 (custom)
2019-09-26 10:06:54,414 [pool-625-thread-1] INFO  server.RaftServerConfigKeys (ConfUtils.java:logGet(43)) - raft.server.log.segment.size.max = 1048576 (custom)
2019-09-26 10:06:54,415 [pool-625-thread-1] INFO  server.RaftServerConfigKeys (ConfUtils.java:logGet(43)) - raft.server.log.preallocated.size = 16384 (custom)
2019-09-26 10:06:54,415 [pool-625-thread-1] INFO  server.RaftServerConfigKeys (ConfUtils.java:logGet(43)) - raft.server.log.write.buffer.size = 33554432 (custom)
2019-09-26 10:06:54,415 [pool-625-thread-1] INFO  server.RaftServerConfigKeys (ConfUtils.java:logGet(43)) - raft.server.log.force.sync.num = 128 (default)
2019-09-26 10:06:54,415 [pool-625-thread-1] INFO  server.RaftServerConfigKeys (ConfUtils.java:logGet(43)) - raft.server.log.statemachine.data.sync = true (default)
2019-09-26 10:06:54,415 [pool-625-thread-1] INFO  server.RaftServerConfigKeys (ConfUtils.java:logGet(43)) - raft.server.log.statemachine.data.sync.timeout = 10s (default)
2019-09-26 10:06:54,415 [pool-625-thread-1] INFO  server.RaftServerConfigKeys (ConfUtils.java:logGet(43)) - raft.server.log.statemachine.data.sync.timeout.retry = -1 (default)
2019-09-26 10:06:54,416 [pool-625-thread-1] INFO  server.RaftServerConfigKeys (ConfUtils.java:logGet(43)) - raft.server.log.statemachine.data.caching.enabled = true (custom)
2019-09-26 10:06:54,416 [pool-625-thread-1] INFO  segmented.SegmentedRaftLogWorker (SegmentedRaftLogWorker.java:lambda$new$0(132)) - c14de6c3-ad97-4da4-b999-5d30d93b25e7@group-9EEA07129309-SegmentedRaftLogWorker: flushIndex: setUnconditionally 0 -> -1
2019-09-26 10:06:54,416 [pool-625-thread-1] INFO  server.RaftServerConfigKeys (ConfUtils.java:logGet(43)) - raft.server.snapshot.auto.trigger.enabled = true (custom)
2019-09-26 10:06:54,416 [pool-625-thread-1] INFO  server.RaftServerConfigKeys (ConfUtils.java:logGet(43)) - raft.server.snapshot.auto.trigger.threshold = 10000 (custom)
2019-09-26 10:06:54,417 [pool-625-thread-1] INFO  server.RaftServerConfigKeys (ConfUtils.java:logGet(43)) - raft.server.snapshot.retention.num.files = 5 (custom)
2019-09-26 10:06:54,417 [pool-625-thread-1] INFO  server.RaftServerConfigKeys (ConfUtils.java:logGet(43)) - raft.server.retrycache.expirytime = 600000ms (custom)
2019-09-26 10:06:54,419 [pool-625-thread-1] INFO  impl.RaftServerImpl (RaftServerImpl.java:start(185)) - c14de6c3-ad97-4da4-b999-5d30d93b25e7@group-9EEA07129309: start as a follower, conf=-1: [c14de6c3-ad97-4da4-b999-5d30d93b25e7:192.168.30.13:38350], old=null
2019-09-26 10:06:54,419 [pool-625-thread-1] INFO  impl.RaftServerImpl (RaftServerImpl.java:setRole(174)) - c14de6c3-ad97-4da4-b999-5d30d93b25e7@group-9EEA07129309: changes role from      null to FOLLOWER at term 0 for startAsFollower
2019-09-26 10:06:54,419 [pool-625-thread-1] INFO  impl.RoleInfo (RoleInfo.java:updateAndGet(143)) - c14de6c3-ad97-4da4-b999-5d30d93b25e7: start FollowerState
2019-09-26 10:06:54,419 [pool-625-thread-1] INFO  util.JmxRegister (JmxRegister.java:tryRegister(44)) - Successfully registered JMX Bean with object name Ratis:service=RaftServer,group=group-9EEA07129309,id=c14de6c3-ad97-4da4-b999-5d30d93b25e7
2019-09-26 10:06:54,421 [RatisPipelineUtilsThread] INFO  pipeline.PipelineStateManager (PipelineStateManager.java:addPipeline(56)) - Created pipeline Pipeline[ Id: 08a64c88-9d72-42bc-b435-9eea07129309, Nodes: c14de6c3-ad97-4da4-b999-5d30d93b25e7{ip: 192.168.30.13, host: pr-hdds-1569-wvzgm-824869521, networkLocation: /default-rack, certSerialId: null}, Type:RATIS, Factor:ONE, State:OPEN]
2019-09-26 10:06:54,422 [RatisPipelineUtilsThread] INFO  pipeline.PipelinePlacementPolicy (PipelinePlacementPolicy.java:meetCriteria(91)) - Pipeline Placement: can't place more pipeline on heavy datanode： 4c0de2d3-09dd-47d7-b7a1-4f63a4eb8acf Heaviness: 6 limit: 5
2019-09-26 10:06:54,422 [RatisPipelineUtilsThread] INFO  pipeline.PipelinePlacementPolicy (PipelinePlacementPolicy.java:meetCriteria(91)) - Pipeline Placement: can't place more pipeline on heavy datanode： c3e403b7-5a1e-4aac-9b5a-0aedadd701b5 Heaviness: 6 limit: 5
2019-09-26 10:06:54,422 [RatisPipelineUtilsThread] INFO  pipeline.PipelinePlacementPolicy (PipelinePlacementPolicy.java:meetCriteria(91)) - Pipeline Placement: can't place more pipeline on heavy datanode： c14de6c3-ad97-4da4-b999-5d30d93b25e7 Heaviness: 6 limit: 5
2019-09-26 10:06:54,422 [RatisPipelineUtilsThread] INFO  pipeline.PipelinePlacementPolicy (PipelinePlacementPolicy.java:meetCriteria(91)) - Pipeline Placement: can't place more pipeline on heavy datanode： 4f799f37-ab1c-4be0-adf3-be30f86725ba Heaviness: 6 limit: 5
2019-09-26 10:06:54,422 [RatisPipelineUtilsThread] INFO  pipeline.PipelinePlacementPolicy (PipelinePlacementPolicy.java:meetCriteria(91)) - Pipeline Placement: can't place more pipeline on heavy datanode： 77afb7a9-3f27-4b85-962a-c9c70d1ecd8b Heaviness: 6 limit: 5
2019-09-26 10:06:54,426 [Thread-3537] INFO  container.ReplicationManager (ReplicationManager.java:start(163)) - Starting Replication Monitor Thread.
2019-09-26 10:06:54,426 [grpc-default-executor-1] INFO  impl.RaftServerProxy (RaftServerProxy.java:addNew(89)) - c8968d10-b107-4a89-b805-dd56466e025e: addNew group-22A5EAB8D91F:[c8968d10-b107-4a89-b805-dd56466e025e:192.168.30.13:41045] returns group-22A5EAB8D91F:java.util.concurrent.CompletableFuture@921394b[Not completed]
2019-09-26 10:06:54,435 [ReplicationMonitor] INFO  container.ReplicationManager (ReplicationManager.java:run(226)) - Replication Monitor Thread took 0 milliseconds for processing 0 containers.
2019-09-26 10:06:54,436 [pool-635-thread-1] INFO  impl.RaftServerImpl (RaftServerImpl.java:<init>(95)) - c8968d10-b107-4a89-b805-dd56466e025e: new RaftServerImpl for group-22A5EAB8D91F:[c8968d10-b107-4a89-b805-dd56466e025e:192.168.30.13:41045] with ContainerStateMachine:uninitialized
2019-09-26 10:06:54,436 [pool-635-thread-1] INFO  server.RaftServerConfigKeys (ConfUtils.java:logGet(43)) - raft.server.rpc.timeout.min = 5s (custom)
2019-09-26 10:06:54,436 [pool-635-thread-1] INFO  server.RaftServerConfigKeys (ConfUtils.java:logGet(43)) - raft.server.rpc.timeout.max = 5200ms (custom)
2019-09-26 10:06:54,437 [pool-635-thread-1] INFO  server.RaftServerConfigKeys (ConfUtils.java:logGet(43)) - raft.server.rpcslowness.timeout = 120s (custom)
2019-09-26 10:06:54,437 [pool-635-thread-1] INFO  server.RaftServerConfigKeys (ConfUtils.java:logGet(43)) - raft.server.sleep.deviation.threshold = 300 (default)
2019-09-26 10:06:54,437 [pool-635-thread-1] INFO  server.RaftServerConfigKeys (ConfUtils.java:logGet(43)) - raft.server.log.appender.install.snapshot.enabled = false (custom)
2019-09-26 10:06:54,437 [pool-635-thread-1] INFO  impl.RaftServerImpl (ServerState.java:<init>(103)) - c8968d10-b107-4a89-b805-dd56466e025e@group-22A5EAB8D91F: ConfigurationManager, init=-1: [c8968d10-b107-4a89-b805-dd56466e025e:192.168.30.13:41045], old=null, confs=<EMPTY_MAP>
2019-09-26 10:06:54,437 [pool-635-thread-1] INFO  server.RaftServerConfigKeys (ConfUtils.java:logGet(43)) - raft.server.storage.dir = [/workdir/hadoop-ozone/integration-test/target/test-dir/MiniOzoneClusterImpl-3237421e-5f73-41b0-8605-c54d21f4eaa5/datanode-5/data/ratis] (custom)
2019-09-26 10:06:54,438 [pool-635-thread-1] INFO  storage.RaftStorageDirectory (RaftStorageDirectory.java:analyzeStorage(246)) - The storage directory /workdir/hadoop-ozone/integration-test/target/test-dir/MiniOzoneClusterImpl-3237421e-5f73-41b0-8605-c54d21f4eaa5/datanode-5/data/ratis/fbe8feca-694d-455a-8ad9-22a5eab8d91f does not exist. Creating ...
2019-09-26 10:06:54,450 [pool-635-thread-1] INFO  storage.RaftStorageDirectory (RaftStorageDirectory.java:tryLock(328)) - Lock on /workdir/hadoop-ozone/integration-test/target/test-dir/MiniOzoneClusterImpl-3237421e-5f73-41b0-8605-c54d21f4eaa5/datanode-5/data/ratis/fbe8feca-694d-455a-8ad9-22a5eab8d91f/in_use.lock acquired by nodename 19604@pr-hdds-1569-wvzgm-824869521
2019-09-26 10:06:54,463 [pool-635-thread-1] INFO  storage.RaftStorage (RaftStorage.java:format(72)) - Storage directory /workdir/hadoop-ozone/integration-test/target/test-dir/MiniOzoneClusterImpl-3237421e-5f73-41b0-8605-c54d21f4eaa5/datanode-5/data/ratis/fbe8feca-694d-455a-8ad9-22a5eab8d91f has been successfully formatted.
2019-09-26 10:06:54,464 [pool-635-thread-1] INFO  ratis.ContainerStateMachine (ContainerStateMachine.java:loadSnapshot(230)) - group-22A5EAB8D91F: The snapshot info is null. Setting the last applied indexto:(t:0, i:~)
2019-09-26 10:06:54,464 [pool-635-thread-1] INFO  server.RaftServerConfigKeys (ConfUtils.java:logGet(43)) - raft.server.notification.no-leader.timeout = 120s (custom)
2019-09-26 10:06:54,464 [pool-635-thread-1] INFO  server.RaftServerConfigKeys (ConfUtils.java:logGet(43)) - raft.server.log.use.memory = false (default)
2019-09-26 10:06:54,464 [pool-635-thread-1] INFO  server.RaftServerConfigKeys (ConfUtils.java:logGet(43)) - raft.server.log.purge.gap = 1000000 (custom)
2019-09-26 10:06:54,464 [pool-635-thread-1] INFO  server.RaftServerConfigKeys (ConfUtils.java:logGet(43)) - raft.server.log.appender.buffer.byte-limit = 33554432 (custom)
2019-09-26 10:06:54,464 [pool-635-thread-1] INFO  server.RaftServerConfigKeys (ConfUtils.java:logGet(43)) - raft.server.log.segment.size.max = 1048576 (custom)
2019-09-26 10:06:54,464 [pool-635-thread-1] INFO  server.RaftServerConfigKeys (ConfUtils.java:logGet(43)) - raft.server.log.segment.cache.num.max = 2 (custom)
2019-09-26 10:06:54,465 [pool-635-thread-1] INFO  segmented.SegmentedRaftLogWorker (SegmentedRaftLogWorker.java:<init>(172)) - new c8968d10-b107-4a89-b805-dd56466e025e@group-22A5EAB8D91F-SegmentedRaftLogWorker for RaftStorage:Storage Directory /workdir/hadoop-ozone/integration-test/target/test-dir/MiniOzoneClusterImpl-3237421e-5f73-41b0-8605-c54d21f4eaa5/datanode-5/data/ratis/fbe8feca-694d-455a-8ad9-22a5eab8d91f
2019-09-26 10:06:54,465 [pool-635-thread-1] INFO  server.RaftServerConfigKeys (ConfUtils.java:logGet(43)) - raft.server.log.queue.byte-limit = 2147483647 (custom)
2019-09-26 10:06:54,465 [pool-635-thread-1] INFO  server.RaftServerConfigKeys (ConfUtils.java:logGet(43)) - raft.server.log.queue.element-limit = 1024 (custom)
2019-09-26 10:06:54,465 [pool-635-thread-1] INFO  server.RaftServerConfigKeys (ConfUtils.java:logGet(43)) - raft.server.log.segment.size.max = 1048576 (custom)
2019-09-26 10:06:54,465 [pool-635-thread-1] INFO  server.RaftServerConfigKeys (ConfUtils.java:logGet(43)) - raft.server.log.preallocated.size = 16384 (custom)
2019-09-26 10:06:54,465 [pool-635-thread-1] INFO  server.RaftServerConfigKeys (ConfUtils.java:logGet(43)) - raft.server.log.write.buffer.size = 33554432 (custom)
2019-09-26 10:06:54,466 [pool-635-thread-1] INFO  server.RaftServerConfigKeys (ConfUtils.java:logGet(43)) - raft.server.log.force.sync.num = 128 (default)
2019-09-26 10:06:54,466 [pool-635-thread-1] INFO  server.RaftServerConfigKeys (ConfUtils.java:logGet(43)) - raft.server.log.statemachine.data.sync = true (default)
2019-09-26 10:06:54,466 [pool-635-thread-1] INFO  server.RaftServerConfigKeys (ConfUtils.java:logGet(43)) - raft.server.log.statemachine.data.sync.timeout = 10s (default)
2019-09-26 10:06:54,466 [pool-635-thread-1] INFO  server.RaftServerConfigKeys (ConfUtils.java:logGet(43)) - raft.server.log.statemachine.data.sync.timeout.retry = -1 (default)
2019-09-26 10:06:54,466 [pool-635-thread-1] INFO  server.RaftServerConfigKeys (ConfUtils.java:logGet(43)) - raft.server.log.statemachine.data.caching.enabled = true (custom)
2019-09-26 10:06:54,466 [pool-635-thread-1] INFO  segmented.SegmentedRaftLogWorker (SegmentedRaftLogWorker.java:lambda$new$0(132)) - c8968d10-b107-4a89-b805-dd56466e025e@group-22A5EAB8D91F-SegmentedRaftLogWorker: flushIndex: setUnconditionally 0 -> -1
2019-09-26 10:06:54,467 [pool-635-thread-1] INFO  server.RaftServerConfigKeys (ConfUtils.java:logGet(43)) - raft.server.snapshot.auto.trigger.enabled = true (custom)
2019-09-26 10:06:54,467 [pool-635-thread-1] INFO  server.RaftServerConfigKeys (ConfUtils.java:logGet(43)) - raft.server.snapshot.auto.trigger.threshold = 10000 (custom)
2019-09-26 10:06:54,467 [pool-635-thread-1] INFO  server.RaftServerConfigKeys (ConfUtils.java:logGet(43)) - raft.server.snapshot.retention.num.files = 5 (custom)
2019-09-26 10:06:54,467 [pool-635-thread-1] INFO  server.RaftServerConfigKeys (ConfUtils.java:logGet(43)) - raft.server.retrycache.expirytime = 600000ms (custom)
2019-09-26 10:06:54,469 [pool-635-thread-1] INFO  impl.RaftServerImpl (RaftServerImpl.java:start(185)) - c8968d10-b107-4a89-b805-dd56466e025e@group-22A5EAB8D91F: start as a follower, conf=-1: [c8968d10-b107-4a89-b805-dd56466e025e:192.168.30.13:41045], old=null
2019-09-26 10:06:54,469 [pool-635-thread-1] INFO  impl.RaftServerImpl (RaftServerImpl.java:setRole(174)) - c8968d10-b107-4a89-b805-dd56466e025e@group-22A5EAB8D91F: changes role from      null to FOLLOWER at term 0 for startAsFollower
2019-09-26 10:06:54,469 [pool-635-thread-1] INFO  impl.RoleInfo (RoleInfo.java:updateAndGet(143)) - c8968d10-b107-4a89-b805-dd56466e025e: start FollowerState
2019-09-26 10:06:54,470 [pool-635-thread-1] INFO  util.JmxRegister (JmxRegister.java:tryRegister(44)) - Successfully registered JMX Bean with object name Ratis:service=RaftServer,group=group-22A5EAB8D91F,id=c8968d10-b107-4a89-b805-dd56466e025e
2019-09-26 10:06:54,472 [RatisPipelineUtilsThread] INFO  pipeline.PipelineStateManager (PipelineStateManager.java:addPipeline(56)) - Created pipeline Pipeline[ Id: fbe8feca-694d-455a-8ad9-22a5eab8d91f, Nodes: c8968d10-b107-4a89-b805-dd56466e025e{ip: 192.168.30.13, host: pr-hdds-1569-wvzgm-824869521, networkLocation: /default-rack, certSerialId: null}, Type:RATIS, Factor:ONE, State:OPEN]
2019-09-26 10:06:54,472 [RatisPipelineUtilsThread] INFO  pipeline.PipelinePlacementPolicy (PipelinePlacementPolicy.java:meetCriteria(91)) - Pipeline Placement: can't place more pipeline on heavy datanode： 4c0de2d3-09dd-47d7-b7a1-4f63a4eb8acf Heaviness: 6 limit: 5
2019-09-26 10:06:54,473 [RatisPipelineUtilsThread] INFO  pipeline.PipelinePlacementPolicy (PipelinePlacementPolicy.java:meetCriteria(91)) - Pipeline Placement: can't place more pipeline on heavy datanode： c3e403b7-5a1e-4aac-9b5a-0aedadd701b5 Heaviness: 6 limit: 5
2019-09-26 10:06:54,473 [RatisPipelineUtilsThread] INFO  pipeline.PipelinePlacementPolicy (PipelinePlacementPolicy.java:meetCriteria(91)) - Pipeline Placement: can't place more pipeline on heavy datanode： c14de6c3-ad97-4da4-b999-5d30d93b25e7 Heaviness: 6 limit: 5
2019-09-26 10:06:54,473 [RatisPipelineUtilsThread] INFO  pipeline.PipelinePlacementPolicy (PipelinePlacementPolicy.java:meetCriteria(91)) - Pipeline Placement: can't place more pipeline on heavy datanode： 4f799f37-ab1c-4be0-adf3-be30f86725ba Heaviness: 6 limit: 5
2019-09-26 10:06:54,473 [RatisPipelineUtilsThread] INFO  pipeline.PipelinePlacementPolicy (PipelinePlacementPolicy.java:meetCriteria(91)) - Pipeline Placement: can't place more pipeline on heavy datanode： 77afb7a9-3f27-4b85-962a-c9c70d1ecd8b Heaviness: 6 limit: 5
2019-09-26 10:06:54,477 [grpc-default-executor-1] INFO  impl.RaftServerProxy (RaftServerProxy.java:addNew(89)) - c8968d10-b107-4a89-b805-dd56466e025e: addNew group-057B12688465:[c8968d10-b107-4a89-b805-dd56466e025e:192.168.30.13:41045] returns group-057B12688465:java.util.concurrent.CompletableFuture@3a877afe[Not completed]
2019-09-26 10:06:54,477 [pool-635-thread-1] INFO  impl.RaftServerImpl (RaftServerImpl.java:<init>(95)) - c8968d10-b107-4a89-b805-dd56466e025e: new RaftServerImpl for group-057B12688465:[c8968d10-b107-4a89-b805-dd56466e025e:192.168.30.13:41045] with ContainerStateMachine:uninitialized
2019-09-26 10:06:54,477 [pool-635-thread-1] INFO  server.RaftServerConfigKeys (ConfUtils.java:logGet(43)) - raft.server.rpc.timeout.min = 5s (custom)
2019-09-26 10:06:54,478 [pool-635-thread-1] INFO  server.RaftServerConfigKeys (ConfUtils.java:logGet(43)) - raft.server.rpc.timeout.max = 5200ms (custom)
2019-09-26 10:06:54,478 [pool-635-thread-1] INFO  server.RaftServerConfigKeys (ConfUtils.java:logGet(43)) - raft.server.rpcslowness.timeout = 120s (custom)
2019-09-26 10:06:54,478 [pool-635-thread-1] INFO  server.RaftServerConfigKeys (ConfUtils.java:logGet(43)) - raft.server.sleep.deviation.threshold = 300 (default)
2019-09-26 10:06:54,478 [pool-635-thread-1] INFO  server.RaftServerConfigKeys (ConfUtils.java:logGet(43)) - raft.server.log.appender.install.snapshot.enabled = false (custom)
2019-09-26 10:06:54,478 [pool-635-thread-1] INFO  impl.RaftServerImpl (ServerState.java:<init>(103)) - c8968d10-b107-4a89-b805-dd56466e025e@group-057B12688465: ConfigurationManager, init=-1: [c8968d10-b107-4a89-b805-dd56466e025e:192.168.30.13:41045], old=null, confs=<EMPTY_MAP>
2019-09-26 10:06:54,478 [pool-635-thread-1] INFO  server.RaftServerConfigKeys (ConfUtils.java:logGet(43)) - raft.server.storage.dir = [/workdir/hadoop-ozone/integration-test/target/test-dir/MiniOzoneClusterImpl-3237421e-5f73-41b0-8605-c54d21f4eaa5/datanode-5/data/ratis] (custom)
2019-09-26 10:06:54,479 [pool-635-thread-1] INFO  storage.RaftStorageDirectory (RaftStorageDirectory.java:analyzeStorage(246)) - The storage directory /workdir/hadoop-ozone/integration-test/target/test-dir/MiniOzoneClusterImpl-3237421e-5f73-41b0-8605-c54d21f4eaa5/datanode-5/data/ratis/b30ff15a-b7cb-4b5d-b40b-057b12688465 does not exist. Creating ...
2019-09-26 10:06:54,493 [pool-635-thread-1] INFO  storage.RaftStorageDirectory (RaftStorageDirectory.java:tryLock(328)) - Lock on /workdir/hadoop-ozone/integration-test/target/test-dir/MiniOzoneClusterImpl-3237421e-5f73-41b0-8605-c54d21f4eaa5/datanode-5/data/ratis/b30ff15a-b7cb-4b5d-b40b-057b12688465/in_use.lock acquired by nodename 19604@pr-hdds-1569-wvzgm-824869521
2019-09-26 10:06:54,505 [pool-635-thread-1] INFO  storage.RaftStorage (RaftStorage.java:format(72)) - Storage directory /workdir/hadoop-ozone/integration-test/target/test-dir/MiniOzoneClusterImpl-3237421e-5f73-41b0-8605-c54d21f4eaa5/datanode-5/data/ratis/b30ff15a-b7cb-4b5d-b40b-057b12688465 has been successfully formatted.
2019-09-26 10:06:54,506 [pool-635-thread-1] INFO  ratis.ContainerStateMachine (ContainerStateMachine.java:loadSnapshot(230)) - group-057B12688465: The snapshot info is null. Setting the last applied indexto:(t:0, i:~)
2019-09-26 10:06:54,506 [pool-635-thread-1] INFO  server.RaftServerConfigKeys (ConfUtils.java:logGet(43)) - raft.server.notification.no-leader.timeout = 120s (custom)
2019-09-26 10:06:54,506 [pool-635-thread-1] INFO  server.RaftServerConfigKeys (ConfUtils.java:logGet(43)) - raft.server.log.use.memory = false (default)
2019-09-26 10:06:54,506 [pool-635-thread-1] INFO  server.RaftServerConfigKeys (ConfUtils.java:logGet(43)) - raft.server.log.purge.gap = 1000000 (custom)
2019-09-26 10:06:54,506 [pool-635-thread-1] INFO  server.RaftServerConfigKeys (ConfUtils.java:logGet(43)) - raft.server.log.appender.buffer.byte-limit = 33554432 (custom)
2019-09-26 10:06:54,506 [pool-635-thread-1] INFO  server.RaftServerConfigKeys (ConfUtils.java:logGet(43)) - raft.server.log.segment.size.max = 1048576 (custom)
2019-09-26 10:06:54,506 [pool-635-thread-1] INFO  server.RaftServerConfigKeys (ConfUtils.java:logGet(43)) - raft.server.log.segment.cache.num.max = 2 (custom)
2019-09-26 10:06:54,507 [pool-635-thread-1] INFO  segmented.SegmentedRaftLogWorker (SegmentedRaftLogWorker.java:<init>(172)) - new c8968d10-b107-4a89-b805-dd56466e025e@group-057B12688465-SegmentedRaftLogWorker for RaftStorage:Storage Directory /workdir/hadoop-ozone/integration-test/target/test-dir/MiniOzoneClusterImpl-3237421e-5f73-41b0-8605-c54d21f4eaa5/datanode-5/data/ratis/b30ff15a-b7cb-4b5d-b40b-057b12688465
2019-09-26 10:06:54,507 [pool-635-thread-1] INFO  server.RaftServerConfigKeys (ConfUtils.java:logGet(43)) - raft.server.log.queue.byte-limit = 2147483647 (custom)
2019-09-26 10:06:54,507 [pool-635-thread-1] INFO  server.RaftServerConfigKeys (ConfUtils.java:logGet(43)) - raft.server.log.queue.element-limit = 1024 (custom)
2019-09-26 10:06:54,507 [pool-635-thread-1] INFO  server.RaftServerConfigKeys (ConfUtils.java:logGet(43)) - raft.server.log.segment.size.max = 1048576 (custom)
2019-09-26 10:06:54,507 [pool-635-thread-1] INFO  server.RaftServerConfigKeys (ConfUtils.java:logGet(43)) - raft.server.log.preallocated.size = 16384 (custom)
2019-09-26 10:06:54,507 [pool-635-thread-1] INFO  server.RaftServerConfigKeys (ConfUtils.java:logGet(43)) - raft.server.log.write.buffer.size = 33554432 (custom)
2019-09-26 10:06:54,507 [pool-635-thread-1] INFO  server.RaftServerConfigKeys (ConfUtils.java:logGet(43)) - raft.server.log.force.sync.num = 128 (default)
2019-09-26 10:06:54,507 [pool-635-thread-1] INFO  server.RaftServerConfigKeys (ConfUtils.java:logGet(43)) - raft.server.log.statemachine.data.sync = true (default)
2019-09-26 10:06:54,508 [pool-635-thread-1] INFO  server.RaftServerConfigKeys (ConfUtils.java:logGet(43)) - raft.server.log.statemachine.data.sync.timeout = 10s (default)
2019-09-26 10:06:54,508 [pool-635-thread-1] INFO  server.RaftServerConfigKeys (ConfUtils.java:logGet(43)) - raft.server.log.statemachine.data.sync.timeout.retry = -1 (default)
2019-09-26 10:06:54,508 [pool-635-thread-1] INFO  server.RaftServerConfigKeys (ConfUtils.java:logGet(43)) - raft.server.log.statemachine.data.caching.enabled = true (custom)
2019-09-26 10:06:54,508 [pool-635-thread-1] INFO  segmented.SegmentedRaftLogWorker (SegmentedRaftLogWorker.java:lambda$new$0(132)) - c8968d10-b107-4a89-b805-dd56466e025e@group-057B12688465-SegmentedRaftLogWorker: flushIndex: setUnconditionally 0 -> -1
2019-09-26 10:06:54,508 [pool-635-thread-1] INFO  server.RaftServerConfigKeys (ConfUtils.java:logGet(43)) - raft.server.snapshot.auto.trigger.enabled = true (custom)
2019-09-26 10:06:54,509 [pool-635-thread-1] INFO  server.RaftServerConfigKeys (ConfUtils.java:logGet(43)) - raft.server.snapshot.auto.trigger.threshold = 10000 (custom)
2019-09-26 10:06:54,509 [pool-635-thread-1] INFO  server.RaftServerConfigKeys (ConfUtils.java:logGet(43)) - raft.server.snapshot.retention.num.files = 5 (custom)
2019-09-26 10:06:54,509 [pool-635-thread-1] INFO  server.RaftServerConfigKeys (ConfUtils.java:logGet(43)) - raft.server.retrycache.expirytime = 600000ms (custom)
2019-09-26 10:06:54,510 [pool-635-thread-1] INFO  impl.RaftServerImpl (RaftServerImpl.java:start(185)) - c8968d10-b107-4a89-b805-dd56466e025e@group-057B12688465: start as a follower, conf=-1: [c8968d10-b107-4a89-b805-dd56466e025e:192.168.30.13:41045], old=null
2019-09-26 10:06:54,510 [pool-635-thread-1] INFO  impl.RaftServerImpl (RaftServerImpl.java:setRole(174)) - c8968d10-b107-4a89-b805-dd56466e025e@group-057B12688465: changes role from      null to FOLLOWER at term 0 for startAsFollower
2019-09-26 10:06:54,511 [pool-635-thread-1] INFO  impl.RoleInfo (RoleInfo.java:updateAndGet(143)) - c8968d10-b107-4a89-b805-dd56466e025e: start FollowerState
2019-09-26 10:06:54,511 [pool-635-thread-1] INFO  util.JmxRegister (JmxRegister.java:tryRegister(44)) - Successfully registered JMX Bean with object name Ratis:service=RaftServer,group=group-057B12688465,id=c8968d10-b107-4a89-b805-dd56466e025e
2019-09-26 10:06:54,513 [RatisPipelineUtilsThread] INFO  pipeline.PipelineStateManager (PipelineStateManager.java:addPipeline(56)) - Created pipeline Pipeline[ Id: b30ff15a-b7cb-4b5d-b40b-057b12688465, Nodes: c8968d10-b107-4a89-b805-dd56466e025e{ip: 192.168.30.13, host: pr-hdds-1569-wvzgm-824869521, networkLocation: /default-rack, certSerialId: null}, Type:RATIS, Factor:ONE, State:OPEN]
2019-09-26 10:06:54,514 [RatisPipelineUtilsThread] INFO  pipeline.PipelinePlacementPolicy (PipelinePlacementPolicy.java:meetCriteria(91)) - Pipeline Placement: can't place more pipeline on heavy datanode： 4c0de2d3-09dd-47d7-b7a1-4f63a4eb8acf Heaviness: 6 limit: 5
2019-09-26 10:06:54,514 [RatisPipelineUtilsThread] INFO  pipeline.PipelinePlacementPolicy (PipelinePlacementPolicy.java:meetCriteria(91)) - Pipeline Placement: can't place more pipeline on heavy datanode： c3e403b7-5a1e-4aac-9b5a-0aedadd701b5 Heaviness: 6 limit: 5
2019-09-26 10:06:54,514 [RatisPipelineUtilsThread] INFO  pipeline.PipelinePlacementPolicy (PipelinePlacementPolicy.java:meetCriteria(91)) - Pipeline Placement: can't place more pipeline on heavy datanode： c14de6c3-ad97-4da4-b999-5d30d93b25e7 Heaviness: 6 limit: 5
2019-09-26 10:06:54,515 [RatisPipelineUtilsThread] INFO  pipeline.PipelinePlacementPolicy (PipelinePlacementPolicy.java:meetCriteria(91)) - Pipeline Placement: can't place more pipeline on heavy datanode： 4f799f37-ab1c-4be0-adf3-be30f86725ba Heaviness: 6 limit: 5
2019-09-26 10:06:54,515 [RatisPipelineUtilsThread] INFO  pipeline.PipelinePlacementPolicy (PipelinePlacementPolicy.java:meetCriteria(91)) - Pipeline Placement: can't place more pipeline on heavy datanode： 77afb7a9-3f27-4b85-962a-c9c70d1ecd8b Heaviness: 6 limit: 5
2019-09-26 10:06:54,519 [grpc-default-executor-1] INFO  impl.RaftServerProxy (RaftServerProxy.java:addNew(89)) - 84f656f9-4033-4770-bbd1-3f79d04a65ff: addNew group-DFF9BBD7E03E:[84f656f9-4033-4770-bbd1-3f79d04a65ff:192.168.30.13:43165] returns group-DFF9BBD7E03E:java.util.concurrent.CompletableFuture@5b3f90f[Not completed]
2019-09-26 10:06:54,520 [pool-645-thread-1] INFO  impl.RaftServerImpl (RaftServerImpl.java:<init>(95)) - 84f656f9-4033-4770-bbd1-3f79d04a65ff: new RaftServerImpl for group-DFF9BBD7E03E:[84f656f9-4033-4770-bbd1-3f79d04a65ff:192.168.30.13:43165] with ContainerStateMachine:uninitialized
2019-09-26 10:06:54,520 [pool-645-thread-1] INFO  server.RaftServerConfigKeys (ConfUtils.java:logGet(43)) - raft.server.rpc.timeout.min = 5s (custom)
2019-09-26 10:06:54,520 [pool-645-thread-1] INFO  server.RaftServerConfigKeys (ConfUtils.java:logGet(43)) - raft.server.rpc.timeout.max = 5200ms (custom)
2019-09-26 10:06:54,521 [pool-645-thread-1] INFO  server.RaftServerConfigKeys (ConfUtils.java:logGet(43)) - raft.server.rpcslowness.timeout = 120s (custom)
2019-09-26 10:06:54,521 [pool-645-thread-1] INFO  server.RaftServerConfigKeys (ConfUtils.java:logGet(43)) - raft.server.sleep.deviation.threshold = 300 (default)
2019-09-26 10:06:54,521 [pool-645-thread-1] INFO  server.RaftServerConfigKeys (ConfUtils.java:logGet(43)) - raft.server.log.appender.install.snapshot.enabled = false (custom)
2019-09-26 10:06:54,521 [pool-645-thread-1] INFO  impl.RaftServerImpl (ServerState.java:<init>(103)) - 84f656f9-4033-4770-bbd1-3f79d04a65ff@group-DFF9BBD7E03E: ConfigurationManager, init=-1: [84f656f9-4033-4770-bbd1-3f79d04a65ff:192.168.30.13:43165], old=null, confs=<EMPTY_MAP>
2019-09-26 10:06:54,521 [pool-645-thread-1] INFO  server.RaftServerConfigKeys (ConfUtils.java:logGet(43)) - raft.server.storage.dir = [/workdir/hadoop-ozone/integration-test/target/test-dir/MiniOzoneClusterImpl-3237421e-5f73-41b0-8605-c54d21f4eaa5/datanode-6/data/ratis] (custom)
2019-09-26 10:06:54,521 [pool-645-thread-1] INFO  storage.RaftStorageDirectory (RaftStorageDirectory.java:analyzeStorage(246)) - The storage directory /workdir/hadoop-ozone/integration-test/target/test-dir/MiniOzoneClusterImpl-3237421e-5f73-41b0-8605-c54d21f4eaa5/datanode-6/data/ratis/32ee0b9c-687c-4a82-9eaf-dff9bbd7e03e does not exist. Creating ...
2019-09-26 10:06:54,535 [pool-645-thread-1] INFO  storage.RaftStorageDirectory (RaftStorageDirectory.java:tryLock(328)) - Lock on /workdir/hadoop-ozone/integration-test/target/test-dir/MiniOzoneClusterImpl-3237421e-5f73-41b0-8605-c54d21f4eaa5/datanode-6/data/ratis/32ee0b9c-687c-4a82-9eaf-dff9bbd7e03e/in_use.lock acquired by nodename 19604@pr-hdds-1569-wvzgm-824869521
2019-09-26 10:06:54,549 [pool-645-thread-1] INFO  storage.RaftStorage (RaftStorage.java:format(72)) - Storage directory /workdir/hadoop-ozone/integration-test/target/test-dir/MiniOzoneClusterImpl-3237421e-5f73-41b0-8605-c54d21f4eaa5/datanode-6/data/ratis/32ee0b9c-687c-4a82-9eaf-dff9bbd7e03e has been successfully formatted.
2019-09-26 10:06:54,549 [pool-645-thread-1] INFO  ratis.ContainerStateMachine (ContainerStateMachine.java:loadSnapshot(230)) - group-DFF9BBD7E03E: The snapshot info is null. Setting the last applied indexto:(t:0, i:~)
2019-09-26 10:06:54,549 [pool-645-thread-1] INFO  server.RaftServerConfigKeys (ConfUtils.java:logGet(43)) - raft.server.notification.no-leader.timeout = 120s (custom)
2019-09-26 10:06:54,549 [pool-645-thread-1] INFO  server.RaftServerConfigKeys (ConfUtils.java:logGet(43)) - raft.server.log.use.memory = false (default)
2019-09-26 10:06:54,549 [pool-645-thread-1] INFO  server.RaftServerConfigKeys (ConfUtils.java:logGet(43)) - raft.server.log.purge.gap = 1000000 (custom)
2019-09-26 10:06:54,550 [pool-645-thread-1] INFO  server.RaftServerConfigKeys (ConfUtils.java:logGet(43)) - raft.server.log.appender.buffer.byte-limit = 33554432 (custom)
2019-09-26 10:06:54,550 [pool-645-thread-1] INFO  server.RaftServerConfigKeys (ConfUtils.java:logGet(43)) - raft.server.log.segment.size.max = 1048576 (custom)
2019-09-26 10:06:54,550 [pool-645-thread-1] INFO  server.RaftServerConfigKeys (ConfUtils.java:logGet(43)) - raft.server.log.segment.cache.num.max = 2 (custom)
2019-09-26 10:06:54,550 [pool-645-thread-1] INFO  segmented.SegmentedRaftLogWorker (SegmentedRaftLogWorker.java:<init>(172)) - new 84f656f9-4033-4770-bbd1-3f79d04a65ff@group-DFF9BBD7E03E-SegmentedRaftLogWorker for RaftStorage:Storage Directory /workdir/hadoop-ozone/integration-test/target/test-dir/MiniOzoneClusterImpl-3237421e-5f73-41b0-8605-c54d21f4eaa5/datanode-6/data/ratis/32ee0b9c-687c-4a82-9eaf-dff9bbd7e03e
2019-09-26 10:06:54,550 [pool-645-thread-1] INFO  server.RaftServerConfigKeys (ConfUtils.java:logGet(43)) - raft.server.log.queue.byte-limit = 2147483647 (custom)
2019-09-26 10:06:54,551 [pool-645-thread-1] INFO  server.RaftServerConfigKeys (ConfUtils.java:logGet(43)) - raft.server.log.queue.element-limit = 1024 (custom)
2019-09-26 10:06:54,551 [pool-645-thread-1] INFO  server.RaftServerConfigKeys (ConfUtils.java:logGet(43)) - raft.server.log.segment.size.max = 1048576 (custom)
2019-09-26 10:06:54,551 [pool-645-thread-1] INFO  server.RaftServerConfigKeys (ConfUtils.java:logGet(43)) - raft.server.log.preallocated.size = 16384 (custom)
2019-09-26 10:06:54,551 [pool-645-thread-1] INFO  server.RaftServerConfigKeys (ConfUtils.java:logGet(43)) - raft.server.log.write.buffer.size = 33554432 (custom)
2019-09-26 10:06:54,551 [pool-645-thread-1] INFO  server.RaftServerConfigKeys (ConfUtils.java:logGet(43)) - raft.server.log.force.sync.num = 128 (default)
2019-09-26 10:06:54,551 [pool-645-thread-1] INFO  server.RaftServerConfigKeys (ConfUtils.java:logGet(43)) - raft.server.log.statemachine.data.sync = true (default)
2019-09-26 10:06:54,552 [pool-645-thread-1] INFO  server.RaftServerConfigKeys (ConfUtils.java:logGet(43)) - raft.server.log.statemachine.data.sync.timeout = 10s (default)
2019-09-26 10:06:54,552 [pool-645-thread-1] INFO  server.RaftServerConfigKeys (ConfUtils.java:logGet(43)) - raft.server.log.statemachine.data.sync.timeout.retry = -1 (default)
2019-09-26 10:06:54,552 [pool-645-thread-1] INFO  server.RaftServerConfigKeys (ConfUtils.java:logGet(43)) - raft.server.log.statemachine.data.caching.enabled = true (custom)
2019-09-26 10:06:54,552 [pool-645-thread-1] INFO  segmented.SegmentedRaftLogWorker (SegmentedRaftLogWorker.java:lambda$new$0(132)) - 84f656f9-4033-4770-bbd1-3f79d04a65ff@group-DFF9BBD7E03E-SegmentedRaftLogWorker: flushIndex: setUnconditionally 0 -> -1
2019-09-26 10:06:54,553 [pool-645-thread-1] INFO  server.RaftServerConfigKeys (ConfUtils.java:logGet(43)) - raft.server.snapshot.auto.trigger.enabled = true (custom)
2019-09-26 10:06:54,553 [pool-645-thread-1] INFO  server.RaftServerConfigKeys (ConfUtils.java:logGet(43)) - raft.server.snapshot.auto.trigger.threshold = 10000 (custom)
2019-09-26 10:06:54,553 [pool-645-thread-1] INFO  server.RaftServerConfigKeys (ConfUtils.java:logGet(43)) - raft.server.snapshot.retention.num.files = 5 (custom)
2019-09-26 10:06:54,553 [pool-645-thread-1] INFO  server.RaftServerConfigKeys (ConfUtils.java:logGet(43)) - raft.server.retrycache.expirytime = 600000ms (custom)
2019-09-26 10:06:54,555 [pool-645-thread-1] INFO  impl.RaftServerImpl (RaftServerImpl.java:start(185)) - 84f656f9-4033-4770-bbd1-3f79d04a65ff@group-DFF9BBD7E03E: start as a follower, conf=-1: [84f656f9-4033-4770-bbd1-3f79d04a65ff:192.168.30.13:43165], old=null
2019-09-26 10:06:54,555 [pool-645-thread-1] INFO  impl.RaftServerImpl (RaftServerImpl.java:setRole(174)) - 84f656f9-4033-4770-bbd1-3f79d04a65ff@group-DFF9BBD7E03E: changes role from      null to FOLLOWER at term 0 for startAsFollower
2019-09-26 10:06:54,555 [pool-645-thread-1] INFO  impl.RoleInfo (RoleInfo.java:updateAndGet(143)) - 84f656f9-4033-4770-bbd1-3f79d04a65ff: start FollowerState
2019-09-26 10:06:54,556 [pool-645-thread-1] INFO  util.JmxRegister (JmxRegister.java:tryRegister(44)) - Successfully registered JMX Bean with object name Ratis:service=RaftServer,group=group-DFF9BBD7E03E,id=84f656f9-4033-4770-bbd1-3f79d04a65ff
2019-09-26 10:06:54,558 [RatisPipelineUtilsThread] INFO  pipeline.PipelineStateManager (PipelineStateManager.java:addPipeline(56)) - Created pipeline Pipeline[ Id: 32ee0b9c-687c-4a82-9eaf-dff9bbd7e03e, Nodes: 84f656f9-4033-4770-bbd1-3f79d04a65ff{ip: 192.168.30.13, host: pr-hdds-1569-wvzgm-824869521, networkLocation: /default-rack, certSerialId: null}, Type:RATIS, Factor:ONE, State:OPEN]
2019-09-26 10:06:54,558 [RatisPipelineUtilsThread] INFO  pipeline.PipelinePlacementPolicy (PipelinePlacementPolicy.java:meetCriteria(91)) - Pipeline Placement: can't place more pipeline on heavy datanode： 4c0de2d3-09dd-47d7-b7a1-4f63a4eb8acf Heaviness: 6 limit: 5
2019-09-26 10:06:54,558 [RatisPipelineUtilsThread] INFO  pipeline.PipelinePlacementPolicy (PipelinePlacementPolicy.java:meetCriteria(91)) - Pipeline Placement: can't place more pipeline on heavy datanode： c3e403b7-5a1e-4aac-9b5a-0aedadd701b5 Heaviness: 6 limit: 5
2019-09-26 10:06:54,558 [RatisPipelineUtilsThread] INFO  pipeline.PipelinePlacementPolicy (PipelinePlacementPolicy.java:meetCriteria(91)) - Pipeline Placement: can't place more pipeline on heavy datanode： c14de6c3-ad97-4da4-b999-5d30d93b25e7 Heaviness: 6 limit: 5
2019-09-26 10:06:54,559 [RatisPipelineUtilsThread] INFO  pipeline.PipelinePlacementPolicy (PipelinePlacementPolicy.java:meetCriteria(91)) - Pipeline Placement: can't place more pipeline on heavy datanode： 4f799f37-ab1c-4be0-adf3-be30f86725ba Heaviness: 6 limit: 5
2019-09-26 10:06:54,559 [RatisPipelineUtilsThread] INFO  pipeline.PipelinePlacementPolicy (PipelinePlacementPolicy.java:meetCriteria(91)) - Pipeline Placement: can't place more pipeline on heavy datanode： 77afb7a9-3f27-4b85-962a-c9c70d1ecd8b Heaviness: 6 limit: 5
2019-09-26 10:06:54,564 [grpc-default-executor-1] INFO  impl.RaftServerProxy (RaftServerProxy.java:addNew(89)) - c8968d10-b107-4a89-b805-dd56466e025e: addNew group-65107FFF564E:[c8968d10-b107-4a89-b805-dd56466e025e:192.168.30.13:41045] returns group-65107FFF564E:java.util.concurrent.CompletableFuture@599b1a32[Not completed]
2019-09-26 10:06:54,565 [pool-635-thread-1] INFO  impl.RaftServerImpl (RaftServerImpl.java:<init>(95)) - c8968d10-b107-4a89-b805-dd56466e025e: new RaftServerImpl for group-65107FFF564E:[c8968d10-b107-4a89-b805-dd56466e025e:192.168.30.13:41045] with ContainerStateMachine:uninitialized
2019-09-26 10:06:54,565 [pool-635-thread-1] INFO  server.RaftServerConfigKeys (ConfUtils.java:logGet(43)) - raft.server.rpc.timeout.min = 5s (custom)
2019-09-26 10:06:54,565 [pool-635-thread-1] INFO  server.RaftServerConfigKeys (ConfUtils.java:logGet(43)) - raft.server.rpc.timeout.max = 5200ms (custom)
2019-09-26 10:06:54,565 [pool-635-thread-1] INFO  server.RaftServerConfigKeys (ConfUtils.java:logGet(43)) - raft.server.rpcslowness.timeout = 120s (custom)
2019-09-26 10:06:54,565 [pool-635-thread-1] INFO  server.RaftServerConfigKeys (ConfUtils.java:logGet(43)) - raft.server.sleep.deviation.threshold = 300 (default)
2019-09-26 10:06:54,565 [pool-635-thread-1] INFO  server.RaftServerConfigKeys (ConfUtils.java:logGet(43)) - raft.server.log.appender.install.snapshot.enabled = false (custom)
2019-09-26 10:06:54,566 [pool-635-thread-1] INFO  impl.RaftServerImpl (ServerState.java:<init>(103)) - c8968d10-b107-4a89-b805-dd56466e025e@group-65107FFF564E: ConfigurationManager, init=-1: [c8968d10-b107-4a89-b805-dd56466e025e:192.168.30.13:41045], old=null, confs=<EMPTY_MAP>
2019-09-26 10:06:54,566 [pool-635-thread-1] INFO  server.RaftServerConfigKeys (ConfUtils.java:logGet(43)) - raft.server.storage.dir = [/workdir/hadoop-ozone/integration-test/target/test-dir/MiniOzoneClusterImpl-3237421e-5f73-41b0-8605-c54d21f4eaa5/datanode-5/data/ratis] (custom)
2019-09-26 10:06:54,566 [pool-635-thread-1] INFO  storage.RaftStorageDirectory (RaftStorageDirectory.java:analyzeStorage(246)) - The storage directory /workdir/hadoop-ozone/integration-test/target/test-dir/MiniOzoneClusterImpl-3237421e-5f73-41b0-8605-c54d21f4eaa5/datanode-5/data/ratis/8117139a-7a0b-4050-bc8c-65107fff564e does not exist. Creating ...
2019-09-26 10:06:54,591 [pool-635-thread-1] INFO  storage.RaftStorageDirectory (RaftStorageDirectory.java:tryLock(328)) - Lock on /workdir/hadoop-ozone/integration-test/target/test-dir/MiniOzoneClusterImpl-3237421e-5f73-41b0-8605-c54d21f4eaa5/datanode-5/data/ratis/8117139a-7a0b-4050-bc8c-65107fff564e/in_use.lock acquired by nodename 19604@pr-hdds-1569-wvzgm-824869521
2019-09-26 10:06:54,604 [pool-635-thread-1] INFO  storage.RaftStorage (RaftStorage.java:format(72)) - Storage directory /workdir/hadoop-ozone/integration-test/target/test-dir/MiniOzoneClusterImpl-3237421e-5f73-41b0-8605-c54d21f4eaa5/datanode-5/data/ratis/8117139a-7a0b-4050-bc8c-65107fff564e has been successfully formatted.
2019-09-26 10:06:54,604 [pool-635-thread-1] INFO  ratis.ContainerStateMachine (ContainerStateMachine.java:loadSnapshot(230)) - group-65107FFF564E: The snapshot info is null. Setting the last applied indexto:(t:0, i:~)
2019-09-26 10:06:54,605 [pool-635-thread-1] INFO  server.RaftServerConfigKeys (ConfUtils.java:logGet(43)) - raft.server.notification.no-leader.timeout = 120s (custom)
2019-09-26 10:06:54,605 [pool-635-thread-1] INFO  server.RaftServerConfigKeys (ConfUtils.java:logGet(43)) - raft.server.log.use.memory = false (default)
2019-09-26 10:06:54,605 [pool-635-thread-1] INFO  server.RaftServerConfigKeys (ConfUtils.java:logGet(43)) - raft.server.log.purge.gap = 1000000 (custom)
2019-09-26 10:06:54,605 [pool-635-thread-1] INFO  server.RaftServerConfigKeys (ConfUtils.java:logGet(43)) - raft.server.log.appender.buffer.byte-limit = 33554432 (custom)
2019-09-26 10:06:54,605 [pool-635-thread-1] INFO  server.RaftServerConfigKeys (ConfUtils.java:logGet(43)) - raft.server.log.segment.size.max = 1048576 (custom)
2019-09-26 10:06:54,605 [pool-635-thread-1] INFO  server.RaftServerConfigKeys (ConfUtils.java:logGet(43)) - raft.server.log.segment.cache.num.max = 2 (custom)
2019-09-26 10:06:54,605 [pool-635-thread-1] INFO  segmented.SegmentedRaftLogWorker (SegmentedRaftLogWorker.java:<init>(172)) - new c8968d10-b107-4a89-b805-dd56466e025e@group-65107FFF564E-SegmentedRaftLogWorker for RaftStorage:Storage Directory /workdir/hadoop-ozone/integration-test/target/test-dir/MiniOzoneClusterImpl-3237421e-5f73-41b0-8605-c54d21f4eaa5/datanode-5/data/ratis/8117139a-7a0b-4050-bc8c-65107fff564e
2019-09-26 10:06:54,606 [pool-635-thread-1] INFO  server.RaftServerConfigKeys (ConfUtils.java:logGet(43)) - raft.server.log.queue.byte-limit = 2147483647 (custom)
2019-09-26 10:06:54,606 [pool-635-thread-1] INFO  server.RaftServerConfigKeys (ConfUtils.java:logGet(43)) - raft.server.log.queue.element-limit = 1024 (custom)
2019-09-26 10:06:54,606 [pool-635-thread-1] INFO  server.RaftServerConfigKeys (ConfUtils.java:logGet(43)) - raft.server.log.segment.size.max = 1048576 (custom)
2019-09-26 10:06:54,606 [pool-635-thread-1] INFO  server.RaftServerConfigKeys (ConfUtils.java:logGet(43)) - raft.server.log.preallocated.size = 16384 (custom)
2019-09-26 10:06:54,606 [pool-635-thread-1] INFO  server.RaftServerConfigKeys (ConfUtils.java:logGet(43)) - raft.server.log.write.buffer.size = 33554432 (custom)
2019-09-26 10:06:54,606 [pool-635-thread-1] INFO  server.RaftServerConfigKeys (ConfUtils.java:logGet(43)) - raft.server.log.force.sync.num = 128 (default)
2019-09-26 10:06:54,606 [pool-635-thread-1] INFO  server.RaftServerConfigKeys (ConfUtils.java:logGet(43)) - raft.server.log.statemachine.data.sync = true (default)
2019-09-26 10:06:54,607 [pool-635-thread-1] INFO  server.RaftServerConfigKeys (ConfUtils.java:logGet(43)) - raft.server.log.statemachine.data.sync.timeout = 10s (default)
2019-09-26 10:06:54,607 [pool-635-thread-1] INFO  server.RaftServerConfigKeys (ConfUtils.java:logGet(43)) - raft.server.log.statemachine.data.sync.timeout.retry = -1 (default)
2019-09-26 10:06:54,607 [pool-635-thread-1] INFO  server.RaftServerConfigKeys (ConfUtils.java:logGet(43)) - raft.server.log.statemachine.data.caching.enabled = true (custom)
2019-09-26 10:06:54,607 [pool-635-thread-1] INFO  segmented.SegmentedRaftLogWorker (SegmentedRaftLogWorker.java:lambda$new$0(132)) - c8968d10-b107-4a89-b805-dd56466e025e@group-65107FFF564E-SegmentedRaftLogWorker: flushIndex: setUnconditionally 0 -> -1
2019-09-26 10:06:54,608 [pool-635-thread-1] INFO  server.RaftServerConfigKeys (ConfUtils.java:logGet(43)) - raft.server.snapshot.auto.trigger.enabled = true (custom)
2019-09-26 10:06:54,608 [pool-635-thread-1] INFO  server.RaftServerConfigKeys (ConfUtils.java:logGet(43)) - raft.server.snapshot.auto.trigger.threshold = 10000 (custom)
2019-09-26 10:06:54,608 [pool-635-thread-1] INFO  server.RaftServerConfigKeys (ConfUtils.java:logGet(43)) - raft.server.snapshot.retention.num.files = 5 (custom)
2019-09-26 10:06:54,608 [pool-635-thread-1] INFO  server.RaftServerConfigKeys (ConfUtils.java:logGet(43)) - raft.server.retrycache.expirytime = 600000ms (custom)
2019-09-26 10:06:54,610 [pool-635-thread-1] INFO  impl.RaftServerImpl (RaftServerImpl.java:start(185)) - c8968d10-b107-4a89-b805-dd56466e025e@group-65107FFF564E: start as a follower, conf=-1: [c8968d10-b107-4a89-b805-dd56466e025e:192.168.30.13:41045], old=null
2019-09-26 10:06:54,610 [pool-635-thread-1] INFO  impl.RaftServerImpl (RaftServerImpl.java:setRole(174)) - c8968d10-b107-4a89-b805-dd56466e025e@group-65107FFF564E: changes role from      null to FOLLOWER at term 0 for startAsFollower
2019-09-26 10:06:54,610 [pool-635-thread-1] INFO  impl.RoleInfo (RoleInfo.java:updateAndGet(143)) - c8968d10-b107-4a89-b805-dd56466e025e: start FollowerState
2019-09-26 10:06:54,610 [pool-635-thread-1] INFO  util.JmxRegister (JmxRegister.java:tryRegister(44)) - Successfully registered JMX Bean with object name Ratis:service=RaftServer,group=group-65107FFF564E,id=c8968d10-b107-4a89-b805-dd56466e025e
2019-09-26 10:06:54,612 [RatisPipelineUtilsThread] INFO  pipeline.PipelineStateManager (PipelineStateManager.java:addPipeline(56)) - Created pipeline Pipeline[ Id: 8117139a-7a0b-4050-bc8c-65107fff564e, Nodes: c8968d10-b107-4a89-b805-dd56466e025e{ip: 192.168.30.13, host: pr-hdds-1569-wvzgm-824869521, networkLocation: /default-rack, certSerialId: null}, Type:RATIS, Factor:ONE, State:OPEN]
2019-09-26 10:06:54,613 [RatisPipelineUtilsThread] INFO  pipeline.PipelinePlacementPolicy (PipelinePlacementPolicy.java:meetCriteria(91)) - Pipeline Placement: can't place more pipeline on heavy datanode： 4c0de2d3-09dd-47d7-b7a1-4f63a4eb8acf Heaviness: 6 limit: 5
2019-09-26 10:06:54,613 [RatisPipelineUtilsThread] INFO  pipeline.PipelinePlacementPolicy (PipelinePlacementPolicy.java:meetCriteria(91)) - Pipeline Placement: can't place more pipeline on heavy datanode： c3e403b7-5a1e-4aac-9b5a-0aedadd701b5 Heaviness: 6 limit: 5
2019-09-26 10:06:54,613 [RatisPipelineUtilsThread] INFO  pipeline.PipelinePlacementPolicy (PipelinePlacementPolicy.java:meetCriteria(91)) - Pipeline Placement: can't place more pipeline on heavy datanode： c14de6c3-ad97-4da4-b999-5d30d93b25e7 Heaviness: 6 limit: 5
2019-09-26 10:06:54,613 [RatisPipelineUtilsThread] INFO  pipeline.PipelinePlacementPolicy (PipelinePlacementPolicy.java:meetCriteria(91)) - Pipeline Placement: can't place more pipeline on heavy datanode： c8968d10-b107-4a89-b805-dd56466e025e Heaviness: 6 limit: 5
2019-09-26 10:06:54,613 [RatisPipelineUtilsThread] INFO  pipeline.PipelinePlacementPolicy (PipelinePlacementPolicy.java:meetCriteria(91)) - Pipeline Placement: can't place more pipeline on heavy datanode： 4f799f37-ab1c-4be0-adf3-be30f86725ba Heaviness: 6 limit: 5
2019-09-26 10:06:54,614 [RatisPipelineUtilsThread] INFO  pipeline.PipelinePlacementPolicy (PipelinePlacementPolicy.java:meetCriteria(91)) - Pipeline Placement: can't place more pipeline on heavy datanode： 77afb7a9-3f27-4b85-962a-c9c70d1ecd8b Heaviness: 6 limit: 5
2019-09-26 10:06:54,617 [grpc-default-executor-1] INFO  impl.RaftServerProxy (RaftServerProxy.java:addNew(89)) - 84f656f9-4033-4770-bbd1-3f79d04a65ff: addNew group-FC993C0D653C:[84f656f9-4033-4770-bbd1-3f79d04a65ff:192.168.30.13:43165] returns group-FC993C0D653C:java.util.concurrent.CompletableFuture@5783ff1[Not completed]
2019-09-26 10:06:54,618 [pool-645-thread-1] INFO  impl.RaftServerImpl (RaftServerImpl.java:<init>(95)) - 84f656f9-4033-4770-bbd1-3f79d04a65ff: new RaftServerImpl for group-FC993C0D653C:[84f656f9-4033-4770-bbd1-3f79d04a65ff:192.168.30.13:43165] with ContainerStateMachine:uninitialized
2019-09-26 10:06:54,618 [pool-645-thread-1] INFO  server.RaftServerConfigKeys (ConfUtils.java:logGet(43)) - raft.server.rpc.timeout.min = 5s (custom)
2019-09-26 10:06:54,619 [pool-645-thread-1] INFO  server.RaftServerConfigKeys (ConfUtils.java:logGet(43)) - raft.server.rpc.timeout.max = 5200ms (custom)
2019-09-26 10:06:54,619 [pool-645-thread-1] INFO  server.RaftServerConfigKeys (ConfUtils.java:logGet(43)) - raft.server.rpcslowness.timeout = 120s (custom)
2019-09-26 10:06:54,619 [pool-645-thread-1] INFO  server.RaftServerConfigKeys (ConfUtils.java:logGet(43)) - raft.server.sleep.deviation.threshold = 300 (default)
2019-09-26 10:06:54,619 [pool-645-thread-1] INFO  server.RaftServerConfigKeys (ConfUtils.java:logGet(43)) - raft.server.log.appender.install.snapshot.enabled = false (custom)
2019-09-26 10:06:54,619 [pool-645-thread-1] INFO  impl.RaftServerImpl (ServerState.java:<init>(103)) - 84f656f9-4033-4770-bbd1-3f79d04a65ff@group-FC993C0D653C: ConfigurationManager, init=-1: [84f656f9-4033-4770-bbd1-3f79d04a65ff:192.168.30.13:43165], old=null, confs=<EMPTY_MAP>
2019-09-26 10:06:54,619 [pool-645-thread-1] INFO  server.RaftServerConfigKeys (ConfUtils.java:logGet(43)) - raft.server.storage.dir = [/workdir/hadoop-ozone/integration-test/target/test-dir/MiniOzoneClusterImpl-3237421e-5f73-41b0-8605-c54d21f4eaa5/datanode-6/data/ratis] (custom)
2019-09-26 10:06:54,620 [pool-645-thread-1] INFO  storage.RaftStorageDirectory (RaftStorageDirectory.java:analyzeStorage(246)) - The storage directory /workdir/hadoop-ozone/integration-test/target/test-dir/MiniOzoneClusterImpl-3237421e-5f73-41b0-8605-c54d21f4eaa5/datanode-6/data/ratis/39e1dd74-5950-4738-97b8-fc993c0d653c does not exist. Creating ...
2019-09-26 10:06:54,642 [pool-645-thread-1] INFO  storage.RaftStorageDirectory (RaftStorageDirectory.java:tryLock(328)) - Lock on /workdir/hadoop-ozone/integration-test/target/test-dir/MiniOzoneClusterImpl-3237421e-5f73-41b0-8605-c54d21f4eaa5/datanode-6/data/ratis/39e1dd74-5950-4738-97b8-fc993c0d653c/in_use.lock acquired by nodename 19604@pr-hdds-1569-wvzgm-824869521
2019-09-26 10:06:54,655 [pool-645-thread-1] INFO  storage.RaftStorage (RaftStorage.java:format(72)) - Storage directory /workdir/hadoop-ozone/integration-test/target/test-dir/MiniOzoneClusterImpl-3237421e-5f73-41b0-8605-c54d21f4eaa5/datanode-6/data/ratis/39e1dd74-5950-4738-97b8-fc993c0d653c has been successfully formatted.
2019-09-26 10:06:54,656 [pool-645-thread-1] INFO  ratis.ContainerStateMachine (ContainerStateMachine.java:loadSnapshot(230)) - group-FC993C0D653C: The snapshot info is null. Setting the last applied indexto:(t:0, i:~)
2019-09-26 10:06:54,656 [pool-645-thread-1] INFO  server.RaftServerConfigKeys (ConfUtils.java:logGet(43)) - raft.server.notification.no-leader.timeout = 120s (custom)
2019-09-26 10:06:54,656 [pool-645-thread-1] INFO  server.RaftServerConfigKeys (ConfUtils.java:logGet(43)) - raft.server.log.use.memory = false (default)
2019-09-26 10:06:54,656 [pool-645-thread-1] INFO  server.RaftServerConfigKeys (ConfUtils.java:logGet(43)) - raft.server.log.purge.gap = 1000000 (custom)
2019-09-26 10:06:54,656 [pool-645-thread-1] INFO  server.RaftServerConfigKeys (ConfUtils.java:logGet(43)) - raft.server.log.appender.buffer.byte-limit = 33554432 (custom)
2019-09-26 10:06:54,657 [pool-645-thread-1] INFO  server.RaftServerConfigKeys (ConfUtils.java:logGet(43)) - raft.server.log.segment.size.max = 1048576 (custom)
2019-09-26 10:06:54,657 [pool-645-thread-1] INFO  server.RaftServerConfigKeys (ConfUtils.java:logGet(43)) - raft.server.log.segment.cache.num.max = 2 (custom)
2019-09-26 10:06:54,657 [pool-645-thread-1] INFO  segmented.SegmentedRaftLogWorker (SegmentedRaftLogWorker.java:<init>(172)) - new 84f656f9-4033-4770-bbd1-3f79d04a65ff@group-FC993C0D653C-SegmentedRaftLogWorker for RaftStorage:Storage Directory /workdir/hadoop-ozone/integration-test/target/test-dir/MiniOzoneClusterImpl-3237421e-5f73-41b0-8605-c54d21f4eaa5/datanode-6/data/ratis/39e1dd74-5950-4738-97b8-fc993c0d653c
2019-09-26 10:06:54,657 [pool-645-thread-1] INFO  server.RaftServerConfigKeys (ConfUtils.java:logGet(43)) - raft.server.log.queue.byte-limit = 2147483647 (custom)
2019-09-26 10:06:54,657 [pool-645-thread-1] INFO  server.RaftServerConfigKeys (ConfUtils.java:logGet(43)) - raft.server.log.queue.element-limit = 1024 (custom)
2019-09-26 10:06:54,657 [pool-645-thread-1] INFO  server.RaftServerConfigKeys (ConfUtils.java:logGet(43)) - raft.server.log.segment.size.max = 1048576 (custom)
2019-09-26 10:06:54,657 [pool-645-thread-1] INFO  server.RaftServerConfigKeys (ConfUtils.java:logGet(43)) - raft.server.log.preallocated.size = 16384 (custom)
2019-09-26 10:06:54,658 [pool-645-thread-1] INFO  server.RaftServerConfigKeys (ConfUtils.java:logGet(43)) - raft.server.log.write.buffer.size = 33554432 (custom)
2019-09-26 10:06:54,658 [pool-645-thread-1] INFO  server.RaftServerConfigKeys (ConfUtils.java:logGet(43)) - raft.server.log.force.sync.num = 128 (default)
2019-09-26 10:06:54,658 [pool-645-thread-1] INFO  server.RaftServerConfigKeys (ConfUtils.java:logGet(43)) - raft.server.log.statemachine.data.sync = true (default)
2019-09-26 10:06:54,658 [pool-645-thread-1] INFO  server.RaftServerConfigKeys (ConfUtils.java:logGet(43)) - raft.server.log.statemachine.data.sync.timeout = 10s (default)
2019-09-26 10:06:54,658 [pool-645-thread-1] INFO  server.RaftServerConfigKeys (ConfUtils.java:logGet(43)) - raft.server.log.statemachine.data.sync.timeout.retry = -1 (default)
2019-09-26 10:06:54,658 [pool-645-thread-1] INFO  server.RaftServerConfigKeys (ConfUtils.java:logGet(43)) - raft.server.log.statemachine.data.caching.enabled = true (custom)
2019-09-26 10:06:54,659 [pool-645-thread-1] INFO  segmented.SegmentedRaftLogWorker (SegmentedRaftLogWorker.java:lambda$new$0(132)) - 84f656f9-4033-4770-bbd1-3f79d04a65ff@group-FC993C0D653C-SegmentedRaftLogWorker: flushIndex: setUnconditionally 0 -> -1
2019-09-26 10:06:54,659 [pool-645-thread-1] INFO  server.RaftServerConfigKeys (ConfUtils.java:logGet(43)) - raft.server.snapshot.auto.trigger.enabled = true (custom)
2019-09-26 10:06:54,659 [pool-645-thread-1] INFO  server.RaftServerConfigKeys (ConfUtils.java:logGet(43)) - raft.server.snapshot.auto.trigger.threshold = 10000 (custom)
2019-09-26 10:06:54,659 [pool-645-thread-1] INFO  server.RaftServerConfigKeys (ConfUtils.java:logGet(43)) - raft.server.snapshot.retention.num.files = 5 (custom)
2019-09-26 10:06:54,660 [pool-645-thread-1] INFO  server.RaftServerConfigKeys (ConfUtils.java:logGet(43)) - raft.server.retrycache.expirytime = 600000ms (custom)
2019-09-26 10:06:54,662 [pool-645-thread-1] INFO  impl.RaftServerImpl (RaftServerImpl.java:start(185)) - 84f656f9-4033-4770-bbd1-3f79d04a65ff@group-FC993C0D653C: start as a follower, conf=-1: [84f656f9-4033-4770-bbd1-3f79d04a65ff:192.168.30.13:43165], old=null
2019-09-26 10:06:54,662 [pool-645-thread-1] INFO  impl.RaftServerImpl (RaftServerImpl.java:setRole(174)) - 84f656f9-4033-4770-bbd1-3f79d04a65ff@group-FC993C0D653C: changes role from      null to FOLLOWER at term 0 for startAsFollower
2019-09-26 10:06:54,662 [pool-645-thread-1] INFO  impl.RoleInfo (RoleInfo.java:updateAndGet(143)) - 84f656f9-4033-4770-bbd1-3f79d04a65ff: start FollowerState
2019-09-26 10:06:54,663 [pool-645-thread-1] INFO  util.JmxRegister (JmxRegister.java:tryRegister(44)) - Successfully registered JMX Bean with object name Ratis:service=RaftServer,group=group-FC993C0D653C,id=84f656f9-4033-4770-bbd1-3f79d04a65ff
2019-09-26 10:06:54,665 [RatisPipelineUtilsThread] INFO  pipeline.PipelineStateManager (PipelineStateManager.java:addPipeline(56)) - Created pipeline Pipeline[ Id: 39e1dd74-5950-4738-97b8-fc993c0d653c, Nodes: 84f656f9-4033-4770-bbd1-3f79d04a65ff{ip: 192.168.30.13, host: pr-hdds-1569-wvzgm-824869521, networkLocation: /default-rack, certSerialId: null}, Type:RATIS, Factor:ONE, State:OPEN]
2019-09-26 10:06:54,665 [RatisPipelineUtilsThread] INFO  pipeline.PipelinePlacementPolicy (PipelinePlacementPolicy.java:meetCriteria(91)) - Pipeline Placement: can't place more pipeline on heavy datanode： 4c0de2d3-09dd-47d7-b7a1-4f63a4eb8acf Heaviness: 6 limit: 5
2019-09-26 10:06:54,666 [RatisPipelineUtilsThread] INFO  pipeline.PipelinePlacementPolicy (PipelinePlacementPolicy.java:meetCriteria(91)) - Pipeline Placement: can't place more pipeline on heavy datanode： c3e403b7-5a1e-4aac-9b5a-0aedadd701b5 Heaviness: 6 limit: 5
2019-09-26 10:06:54,666 [RatisPipelineUtilsThread] INFO  pipeline.PipelinePlacementPolicy (PipelinePlacementPolicy.java:meetCriteria(91)) - Pipeline Placement: can't place more pipeline on heavy datanode： c14de6c3-ad97-4da4-b999-5d30d93b25e7 Heaviness: 6 limit: 5
2019-09-26 10:06:54,666 [RatisPipelineUtilsThread] INFO  pipeline.PipelinePlacementPolicy (PipelinePlacementPolicy.java:meetCriteria(91)) - Pipeline Placement: can't place more pipeline on heavy datanode： c8968d10-b107-4a89-b805-dd56466e025e Heaviness: 6 limit: 5
2019-09-26 10:06:54,666 [RatisPipelineUtilsThread] INFO  pipeline.PipelinePlacementPolicy (PipelinePlacementPolicy.java:meetCriteria(91)) - Pipeline Placement: can't place more pipeline on heavy datanode： 4f799f37-ab1c-4be0-adf3-be30f86725ba Heaviness: 6 limit: 5
2019-09-26 10:06:54,666 [RatisPipelineUtilsThread] INFO  pipeline.PipelinePlacementPolicy (PipelinePlacementPolicy.java:meetCriteria(91)) - Pipeline Placement: can't place more pipeline on heavy datanode： 77afb7a9-3f27-4b85-962a-c9c70d1ecd8b Heaviness: 6 limit: 5
2019-09-26 10:06:54,670 [grpc-default-executor-1] INFO  impl.RaftServerProxy (RaftServerProxy.java:addNew(89)) - 84f656f9-4033-4770-bbd1-3f79d04a65ff: addNew group-0EC594D92665:[84f656f9-4033-4770-bbd1-3f79d04a65ff:192.168.30.13:43165] returns group-0EC594D92665:java.util.concurrent.CompletableFuture@aaddd66[Not completed]
2019-09-26 10:06:54,672 [pool-645-thread-1] INFO  impl.RaftServerImpl (RaftServerImpl.java:<init>(95)) - 84f656f9-4033-4770-bbd1-3f79d04a65ff: new RaftServerImpl for group-0EC594D92665:[84f656f9-4033-4770-bbd1-3f79d04a65ff:192.168.30.13:43165] with ContainerStateMachine:uninitialized
2019-09-26 10:06:54,672 [pool-645-thread-1] INFO  server.RaftServerConfigKeys (ConfUtils.java:logGet(43)) - raft.server.rpc.timeout.min = 5s (custom)
2019-09-26 10:06:54,672 [pool-645-thread-1] INFO  server.RaftServerConfigKeys (ConfUtils.java:logGet(43)) - raft.server.rpc.timeout.max = 5200ms (custom)
2019-09-26 10:06:54,672 [pool-645-thread-1] INFO  server.RaftServerConfigKeys (ConfUtils.java:logGet(43)) - raft.server.rpcslowness.timeout = 120s (custom)
2019-09-26 10:06:54,672 [pool-645-thread-1] INFO  server.RaftServerConfigKeys (ConfUtils.java:logGet(43)) - raft.server.sleep.deviation.threshold = 300 (default)
2019-09-26 10:06:54,672 [pool-645-thread-1] INFO  server.RaftServerConfigKeys (ConfUtils.java:logGet(43)) - raft.server.log.appender.install.snapshot.enabled = false (custom)
2019-09-26 10:06:54,672 [pool-645-thread-1] INFO  impl.RaftServerImpl (ServerState.java:<init>(103)) - 84f656f9-4033-4770-bbd1-3f79d04a65ff@group-0EC594D92665: ConfigurationManager, init=-1: [84f656f9-4033-4770-bbd1-3f79d04a65ff:192.168.30.13:43165], old=null, confs=<EMPTY_MAP>
2019-09-26 10:06:54,673 [pool-645-thread-1] INFO  server.RaftServerConfigKeys (ConfUtils.java:logGet(43)) - raft.server.storage.dir = [/workdir/hadoop-ozone/integration-test/target/test-dir/MiniOzoneClusterImpl-3237421e-5f73-41b0-8605-c54d21f4eaa5/datanode-6/data/ratis] (custom)
2019-09-26 10:06:54,673 [pool-645-thread-1] INFO  storage.RaftStorageDirectory (RaftStorageDirectory.java:analyzeStorage(246)) - The storage directory /workdir/hadoop-ozone/integration-test/target/test-dir/MiniOzoneClusterImpl-3237421e-5f73-41b0-8605-c54d21f4eaa5/datanode-6/data/ratis/a40a0920-d121-425d-99df-0ec594d92665 does not exist. Creating ...
2019-09-26 10:06:54,682 [pool-645-thread-1] INFO  storage.RaftStorageDirectory (RaftStorageDirectory.java:tryLock(328)) - Lock on /workdir/hadoop-ozone/integration-test/target/test-dir/MiniOzoneClusterImpl-3237421e-5f73-41b0-8605-c54d21f4eaa5/datanode-6/data/ratis/a40a0920-d121-425d-99df-0ec594d92665/in_use.lock acquired by nodename 19604@pr-hdds-1569-wvzgm-824869521
2019-09-26 10:06:54,708 [pool-645-thread-1] INFO  storage.RaftStorage (RaftStorage.java:format(72)) - Storage directory /workdir/hadoop-ozone/integration-test/target/test-dir/MiniOzoneClusterImpl-3237421e-5f73-41b0-8605-c54d21f4eaa5/datanode-6/data/ratis/a40a0920-d121-425d-99df-0ec594d92665 has been successfully formatted.
2019-09-26 10:06:54,708 [pool-645-thread-1] INFO  ratis.ContainerStateMachine (ContainerStateMachine.java:loadSnapshot(230)) - group-0EC594D92665: The snapshot info is null. Setting the last applied indexto:(t:0, i:~)
2019-09-26 10:06:54,708 [pool-645-thread-1] INFO  server.RaftServerConfigKeys (ConfUtils.java:logGet(43)) - raft.server.notification.no-leader.timeout = 120s (custom)
2019-09-26 10:06:54,708 [pool-645-thread-1] INFO  server.RaftServerConfigKeys (ConfUtils.java:logGet(43)) - raft.server.log.use.memory = false (default)
2019-09-26 10:06:54,708 [pool-645-thread-1] INFO  server.RaftServerConfigKeys (ConfUtils.java:logGet(43)) - raft.server.log.purge.gap = 1000000 (custom)
2019-09-26 10:06:54,708 [pool-645-thread-1] INFO  server.RaftServerConfigKeys (ConfUtils.java:logGet(43)) - raft.server.log.appender.buffer.byte-limit = 33554432 (custom)
2019-09-26 10:06:54,709 [pool-645-thread-1] INFO  server.RaftServerConfigKeys (ConfUtils.java:logGet(43)) - raft.server.log.segment.size.max = 1048576 (custom)
2019-09-26 10:06:54,709 [pool-645-thread-1] INFO  server.RaftServerConfigKeys (ConfUtils.java:logGet(43)) - raft.server.log.segment.cache.num.max = 2 (custom)
2019-09-26 10:06:54,709 [pool-645-thread-1] INFO  segmented.SegmentedRaftLogWorker (SegmentedRaftLogWorker.java:<init>(172)) - new 84f656f9-4033-4770-bbd1-3f79d04a65ff@group-0EC594D92665-SegmentedRaftLogWorker for RaftStorage:Storage Directory /workdir/hadoop-ozone/integration-test/target/test-dir/MiniOzoneClusterImpl-3237421e-5f73-41b0-8605-c54d21f4eaa5/datanode-6/data/ratis/a40a0920-d121-425d-99df-0ec594d92665
2019-09-26 10:06:54,709 [pool-645-thread-1] INFO  server.RaftServerConfigKeys (ConfUtils.java:logGet(43)) - raft.server.log.queue.byte-limit = 2147483647 (custom)
2019-09-26 10:06:54,709 [pool-645-thread-1] INFO  server.RaftServerConfigKeys (ConfUtils.java:logGet(43)) - raft.server.log.queue.element-limit = 1024 (custom)
2019-09-26 10:06:54,709 [pool-645-thread-1] INFO  server.RaftServerConfigKeys (ConfUtils.java:logGet(43)) - raft.server.log.segment.size.max = 1048576 (custom)
2019-09-26 10:06:54,710 [pool-645-thread-1] INFO  server.RaftServerConfigKeys (ConfUtils.java:logGet(43)) - raft.server.log.preallocated.size = 16384 (custom)
2019-09-26 10:06:54,710 [pool-645-thread-1] INFO  server.RaftServerConfigKeys (ConfUtils.java:logGet(43)) - raft.server.log.write.buffer.size = 33554432 (custom)
2019-09-26 10:06:54,710 [pool-645-thread-1] INFO  server.RaftServerConfigKeys (ConfUtils.java:logGet(43)) - raft.server.log.force.sync.num = 128 (default)
2019-09-26 10:06:54,710 [pool-645-thread-1] INFO  server.RaftServerConfigKeys (ConfUtils.java:logGet(43)) - raft.server.log.statemachine.data.sync = true (default)
2019-09-26 10:06:54,710 [pool-645-thread-1] INFO  server.RaftServerConfigKeys (ConfUtils.java:logGet(43)) - raft.server.log.statemachine.data.sync.timeout = 10s (default)
2019-09-26 10:06:54,710 [pool-645-thread-1] INFO  server.RaftServerConfigKeys (ConfUtils.java:logGet(43)) - raft.server.log.statemachine.data.sync.timeout.retry = -1 (default)
2019-09-26 10:06:54,711 [pool-645-thread-1] INFO  server.RaftServerConfigKeys (ConfUtils.java:logGet(43)) - raft.server.log.statemachine.data.caching.enabled = true (custom)
2019-09-26 10:06:54,711 [pool-645-thread-1] INFO  segmented.SegmentedRaftLogWorker (SegmentedRaftLogWorker.java:lambda$new$0(132)) - 84f656f9-4033-4770-bbd1-3f79d04a65ff@group-0EC594D92665-SegmentedRaftLogWorker: flushIndex: setUnconditionally 0 -> -1
2019-09-26 10:06:54,711 [pool-645-thread-1] INFO  server.RaftServerConfigKeys (ConfUtils.java:logGet(43)) - raft.server.snapshot.auto.trigger.enabled = true (custom)
2019-09-26 10:06:54,711 [pool-645-thread-1] INFO  server.RaftServerConfigKeys (ConfUtils.java:logGet(43)) - raft.server.snapshot.auto.trigger.threshold = 10000 (custom)
2019-09-26 10:06:54,712 [pool-645-thread-1] INFO  server.RaftServerConfigKeys (ConfUtils.java:logGet(43)) - raft.server.snapshot.retention.num.files = 5 (custom)
2019-09-26 10:06:54,712 [pool-645-thread-1] INFO  server.RaftServerConfigKeys (ConfUtils.java:logGet(43)) - raft.server.retrycache.expirytime = 600000ms (custom)
2019-09-26 10:06:54,714 [pool-645-thread-1] INFO  impl.RaftServerImpl (RaftServerImpl.java:start(185)) - 84f656f9-4033-4770-bbd1-3f79d04a65ff@group-0EC594D92665: start as a follower, conf=-1: [84f656f9-4033-4770-bbd1-3f79d04a65ff:192.168.30.13:43165], old=null
2019-09-26 10:06:54,714 [pool-645-thread-1] INFO  impl.RaftServerImpl (RaftServerImpl.java:setRole(174)) - 84f656f9-4033-4770-bbd1-3f79d04a65ff@group-0EC594D92665: changes role from      null to FOLLOWER at term 0 for startAsFollower
2019-09-26 10:06:54,714 [pool-645-thread-1] INFO  impl.RoleInfo (RoleInfo.java:updateAndGet(143)) - 84f656f9-4033-4770-bbd1-3f79d04a65ff: start FollowerState
2019-09-26 10:06:54,715 [pool-645-thread-1] INFO  util.JmxRegister (JmxRegister.java:tryRegister(44)) - Successfully registered JMX Bean with object name Ratis:service=RaftServer,group=group-0EC594D92665,id=84f656f9-4033-4770-bbd1-3f79d04a65ff
2019-09-26 10:06:54,717 [RatisPipelineUtilsThread] INFO  pipeline.PipelineStateManager (PipelineStateManager.java:addPipeline(56)) - Created pipeline Pipeline[ Id: a40a0920-d121-425d-99df-0ec594d92665, Nodes: 84f656f9-4033-4770-bbd1-3f79d04a65ff{ip: 192.168.30.13, host: pr-hdds-1569-wvzgm-824869521, networkLocation: /default-rack, certSerialId: null}, Type:RATIS, Factor:ONE, State:OPEN]
2019-09-26 10:06:54,717 [RatisPipelineUtilsThread] INFO  pipeline.PipelinePlacementPolicy (PipelinePlacementPolicy.java:meetCriteria(91)) - Pipeline Placement: can't place more pipeline on heavy datanode： 4c0de2d3-09dd-47d7-b7a1-4f63a4eb8acf Heaviness: 6 limit: 5
2019-09-26 10:06:54,717 [RatisPipelineUtilsThread] INFO  pipeline.PipelinePlacementPolicy (PipelinePlacementPolicy.java:meetCriteria(91)) - Pipeline Placement: can't place more pipeline on heavy datanode： c3e403b7-5a1e-4aac-9b5a-0aedadd701b5 Heaviness: 6 limit: 5
2019-09-26 10:06:54,718 [RatisPipelineUtilsThread] INFO  pipeline.PipelinePlacementPolicy (PipelinePlacementPolicy.java:meetCriteria(91)) - Pipeline Placement: can't place more pipeline on heavy datanode： c14de6c3-ad97-4da4-b999-5d30d93b25e7 Heaviness: 6 limit: 5
2019-09-26 10:06:54,718 [RatisPipelineUtilsThread] INFO  pipeline.PipelinePlacementPolicy (PipelinePlacementPolicy.java:meetCriteria(91)) - Pipeline Placement: can't place more pipeline on heavy datanode： c8968d10-b107-4a89-b805-dd56466e025e Heaviness: 6 limit: 5
2019-09-26 10:06:54,718 [RatisPipelineUtilsThread] INFO  pipeline.PipelinePlacementPolicy (PipelinePlacementPolicy.java:meetCriteria(91)) - Pipeline Placement: can't place more pipeline on heavy datanode： 4f799f37-ab1c-4be0-adf3-be30f86725ba Heaviness: 6 limit: 5
2019-09-26 10:06:54,718 [RatisPipelineUtilsThread] INFO  pipeline.PipelinePlacementPolicy (PipelinePlacementPolicy.java:meetCriteria(91)) - Pipeline Placement: can't place more pipeline on heavy datanode： 77afb7a9-3f27-4b85-962a-c9c70d1ecd8b Heaviness: 6 limit: 5
2019-09-26 10:06:54,722 [grpc-default-executor-1] INFO  impl.RaftServerProxy (RaftServerProxy.java:addNew(89)) - 84f656f9-4033-4770-bbd1-3f79d04a65ff: addNew group-00D8D57C107A:[84f656f9-4033-4770-bbd1-3f79d04a65ff:192.168.30.13:43165] returns group-00D8D57C107A:java.util.concurrent.CompletableFuture@1f927c35[Not completed]
2019-09-26 10:06:54,724 [pool-645-thread-1] INFO  impl.RaftServerImpl (RaftServerImpl.java:<init>(95)) - 84f656f9-4033-4770-bbd1-3f79d04a65ff: new RaftServerImpl for group-00D8D57C107A:[84f656f9-4033-4770-bbd1-3f79d04a65ff:192.168.30.13:43165] with ContainerStateMachine:uninitialized
2019-09-26 10:06:54,724 [pool-645-thread-1] INFO  server.RaftServerConfigKeys (ConfUtils.java:logGet(43)) - raft.server.rpc.timeout.min = 5s (custom)
2019-09-26 10:06:54,724 [pool-645-thread-1] INFO  server.RaftServerConfigKeys (ConfUtils.java:logGet(43)) - raft.server.rpc.timeout.max = 5200ms (custom)
2019-09-26 10:06:54,724 [pool-645-thread-1] INFO  server.RaftServerConfigKeys (ConfUtils.java:logGet(43)) - raft.server.rpcslowness.timeout = 120s (custom)
2019-09-26 10:06:54,725 [pool-645-thread-1] INFO  server.RaftServerConfigKeys (ConfUtils.java:logGet(43)) - raft.server.sleep.deviation.threshold = 300 (default)
2019-09-26 10:06:54,725 [pool-645-thread-1] INFO  server.RaftServerConfigKeys (ConfUtils.java:logGet(43)) - raft.server.log.appender.install.snapshot.enabled = false (custom)
2019-09-26 10:06:54,725 [pool-645-thread-1] INFO  impl.RaftServerImpl (ServerState.java:<init>(103)) - 84f656f9-4033-4770-bbd1-3f79d04a65ff@group-00D8D57C107A: ConfigurationManager, init=-1: [84f656f9-4033-4770-bbd1-3f79d04a65ff:192.168.30.13:43165], old=null, confs=<EMPTY_MAP>
2019-09-26 10:06:54,725 [pool-645-thread-1] INFO  server.RaftServerConfigKeys (ConfUtils.java:logGet(43)) - raft.server.storage.dir = [/workdir/hadoop-ozone/integration-test/target/test-dir/MiniOzoneClusterImpl-3237421e-5f73-41b0-8605-c54d21f4eaa5/datanode-6/data/ratis] (custom)
2019-09-26 10:06:54,726 [pool-645-thread-1] INFO  storage.RaftStorageDirectory (RaftStorageDirectory.java:analyzeStorage(246)) - The storage directory /workdir/hadoop-ozone/integration-test/target/test-dir/MiniOzoneClusterImpl-3237421e-5f73-41b0-8605-c54d21f4eaa5/datanode-6/data/ratis/e2e97510-ba16-4b93-b468-00d8d57c107a does not exist. Creating ...
2019-09-26 10:06:54,739 [pool-645-thread-1] INFO  storage.RaftStorageDirectory (RaftStorageDirectory.java:tryLock(328)) - Lock on /workdir/hadoop-ozone/integration-test/target/test-dir/MiniOzoneClusterImpl-3237421e-5f73-41b0-8605-c54d21f4eaa5/datanode-6/data/ratis/e2e97510-ba16-4b93-b468-00d8d57c107a/in_use.lock acquired by nodename 19604@pr-hdds-1569-wvzgm-824869521
2019-09-26 10:06:54,765 [pool-645-thread-1] INFO  storage.RaftStorage (RaftStorage.java:format(72)) - Storage directory /workdir/hadoop-ozone/integration-test/target/test-dir/MiniOzoneClusterImpl-3237421e-5f73-41b0-8605-c54d21f4eaa5/datanode-6/data/ratis/e2e97510-ba16-4b93-b468-00d8d57c107a has been successfully formatted.
2019-09-26 10:06:54,765 [pool-645-thread-1] INFO  ratis.ContainerStateMachine (ContainerStateMachine.java:loadSnapshot(230)) - group-00D8D57C107A: The snapshot info is null. Setting the last applied indexto:(t:0, i:~)
2019-09-26 10:06:54,765 [pool-645-thread-1] INFO  server.RaftServerConfigKeys (ConfUtils.java:logGet(43)) - raft.server.notification.no-leader.timeout = 120s (custom)
2019-09-26 10:06:54,765 [pool-645-thread-1] INFO  server.RaftServerConfigKeys (ConfUtils.java:logGet(43)) - raft.server.log.use.memory = false (default)
2019-09-26 10:06:54,766 [pool-645-thread-1] INFO  server.RaftServerConfigKeys (ConfUtils.java:logGet(43)) - raft.server.log.purge.gap = 1000000 (custom)
2019-09-26 10:06:54,766 [pool-645-thread-1] INFO  server.RaftServerConfigKeys (ConfUtils.java:logGet(43)) - raft.server.log.appender.buffer.byte-limit = 33554432 (custom)
2019-09-26 10:06:54,766 [pool-645-thread-1] INFO  server.RaftServerConfigKeys (ConfUtils.java:logGet(43)) - raft.server.log.segment.size.max = 1048576 (custom)
2019-09-26 10:06:54,766 [pool-645-thread-1] INFO  server.RaftServerConfigKeys (ConfUtils.java:logGet(43)) - raft.server.log.segment.cache.num.max = 2 (custom)
2019-09-26 10:06:54,766 [pool-645-thread-1] INFO  segmented.SegmentedRaftLogWorker (SegmentedRaftLogWorker.java:<init>(172)) - new 84f656f9-4033-4770-bbd1-3f79d04a65ff@group-00D8D57C107A-SegmentedRaftLogWorker for RaftStorage:Storage Directory /workdir/hadoop-ozone/integration-test/target/test-dir/MiniOzoneClusterImpl-3237421e-5f73-41b0-8605-c54d21f4eaa5/datanode-6/data/ratis/e2e97510-ba16-4b93-b468-00d8d57c107a
2019-09-26 10:06:54,766 [pool-645-thread-1] INFO  server.RaftServerConfigKeys (ConfUtils.java:logGet(43)) - raft.server.log.queue.byte-limit = 2147483647 (custom)
2019-09-26 10:06:54,767 [pool-645-thread-1] INFO  server.RaftServerConfigKeys (ConfUtils.java:logGet(43)) - raft.server.log.queue.element-limit = 1024 (custom)
2019-09-26 10:06:54,767 [pool-645-thread-1] INFO  server.RaftServerConfigKeys (ConfUtils.java:logGet(43)) - raft.server.log.segment.size.max = 1048576 (custom)
2019-09-26 10:06:54,767 [pool-645-thread-1] INFO  server.RaftServerConfigKeys (ConfUtils.java:logGet(43)) - raft.server.log.preallocated.size = 16384 (custom)
2019-09-26 10:06:54,767 [pool-645-thread-1] INFO  server.RaftServerConfigKeys (ConfUtils.java:logGet(43)) - raft.server.log.write.buffer.size = 33554432 (custom)
2019-09-26 10:06:54,767 [pool-645-thread-1] INFO  server.RaftServerConfigKeys (ConfUtils.java:logGet(43)) - raft.server.log.force.sync.num = 128 (default)
2019-09-26 10:06:54,767 [pool-645-thread-1] INFO  server.RaftServerConfigKeys (ConfUtils.java:logGet(43)) - raft.server.log.statemachine.data.sync = true (default)
2019-09-26 10:06:54,768 [pool-645-thread-1] INFO  server.RaftServerConfigKeys (ConfUtils.java:logGet(43)) - raft.server.log.statemachine.data.sync.timeout = 10s (default)
2019-09-26 10:06:54,768 [pool-645-thread-1] INFO  server.RaftServerConfigKeys (ConfUtils.java:logGet(43)) - raft.server.log.statemachine.data.sync.timeout.retry = -1 (default)
2019-09-26 10:06:54,768 [pool-645-thread-1] INFO  server.RaftServerConfigKeys (ConfUtils.java:logGet(43)) - raft.server.log.statemachine.data.caching.enabled = true (custom)
2019-09-26 10:06:54,768 [pool-645-thread-1] INFO  segmented.SegmentedRaftLogWorker (SegmentedRaftLogWorker.java:lambda$new$0(132)) - 84f656f9-4033-4770-bbd1-3f79d04a65ff@group-00D8D57C107A-SegmentedRaftLogWorker: flushIndex: setUnconditionally 0 -> -1
2019-09-26 10:06:54,769 [pool-645-thread-1] INFO  server.RaftServerConfigKeys (ConfUtils.java:logGet(43)) - raft.server.snapshot.auto.trigger.enabled = true (custom)
2019-09-26 10:06:54,769 [pool-645-thread-1] INFO  server.RaftServerConfigKeys (ConfUtils.java:logGet(43)) - raft.server.snapshot.auto.trigger.threshold = 10000 (custom)
2019-09-26 10:06:54,769 [pool-645-thread-1] INFO  server.RaftServerConfigKeys (ConfUtils.java:logGet(43)) - raft.server.snapshot.retention.num.files = 5 (custom)
2019-09-26 10:06:54,769 [pool-645-thread-1] INFO  server.RaftServerConfigKeys (ConfUtils.java:logGet(43)) - raft.server.retrycache.expirytime = 600000ms (custom)
2019-09-26 10:06:54,771 [pool-645-thread-1] INFO  impl.RaftServerImpl (RaftServerImpl.java:start(185)) - 84f656f9-4033-4770-bbd1-3f79d04a65ff@group-00D8D57C107A: start as a follower, conf=-1: [84f656f9-4033-4770-bbd1-3f79d04a65ff:192.168.30.13:43165], old=null
2019-09-26 10:06:54,771 [pool-645-thread-1] INFO  impl.RaftServerImpl (RaftServerImpl.java:setRole(174)) - 84f656f9-4033-4770-bbd1-3f79d04a65ff@group-00D8D57C107A: changes role from      null to FOLLOWER at term 0 for startAsFollower
2019-09-26 10:06:54,771 [pool-645-thread-1] INFO  impl.RoleInfo (RoleInfo.java:updateAndGet(143)) - 84f656f9-4033-4770-bbd1-3f79d04a65ff: start FollowerState
2019-09-26 10:06:54,772 [pool-645-thread-1] INFO  util.JmxRegister (JmxRegister.java:tryRegister(44)) - Successfully registered JMX Bean with object name Ratis:service=RaftServer,group=group-00D8D57C107A,id=84f656f9-4033-4770-bbd1-3f79d04a65ff
2019-09-26 10:06:54,774 [RatisPipelineUtilsThread] INFO  pipeline.PipelineStateManager (PipelineStateManager.java:addPipeline(56)) - Created pipeline Pipeline[ Id: e2e97510-ba16-4b93-b468-00d8d57c107a, Nodes: 84f656f9-4033-4770-bbd1-3f79d04a65ff{ip: 192.168.30.13, host: pr-hdds-1569-wvzgm-824869521, networkLocation: /default-rack, certSerialId: null}, Type:RATIS, Factor:ONE, State:OPEN]
2019-09-26 10:06:54,774 [RatisPipelineUtilsThread] INFO  pipeline.PipelinePlacementPolicy (PipelinePlacementPolicy.java:meetCriteria(91)) - Pipeline Placement: can't place more pipeline on heavy datanode： 84f656f9-4033-4770-bbd1-3f79d04a65ff Heaviness: 6 limit: 5
2019-09-26 10:06:54,774 [RatisPipelineUtilsThread] INFO  pipeline.PipelinePlacementPolicy (PipelinePlacementPolicy.java:meetCriteria(91)) - Pipeline Placement: can't place more pipeline on heavy datanode： 4c0de2d3-09dd-47d7-b7a1-4f63a4eb8acf Heaviness: 6 limit: 5
2019-09-26 10:06:54,774 [RatisPipelineUtilsThread] INFO  pipeline.PipelinePlacementPolicy (PipelinePlacementPolicy.java:meetCriteria(91)) - Pipeline Placement: can't place more pipeline on heavy datanode： c3e403b7-5a1e-4aac-9b5a-0aedadd701b5 Heaviness: 6 limit: 5
2019-09-26 10:06:54,774 [RatisPipelineUtilsThread] INFO  pipeline.PipelinePlacementPolicy (PipelinePlacementPolicy.java:meetCriteria(91)) - Pipeline Placement: can't place more pipeline on heavy datanode： c14de6c3-ad97-4da4-b999-5d30d93b25e7 Heaviness: 6 limit: 5
2019-09-26 10:06:54,775 [RatisPipelineUtilsThread] INFO  pipeline.PipelinePlacementPolicy (PipelinePlacementPolicy.java:meetCriteria(91)) - Pipeline Placement: can't place more pipeline on heavy datanode： c8968d10-b107-4a89-b805-dd56466e025e Heaviness: 6 limit: 5
2019-09-26 10:06:54,775 [RatisPipelineUtilsThread] INFO  pipeline.PipelinePlacementPolicy (PipelinePlacementPolicy.java:meetCriteria(91)) - Pipeline Placement: can't place more pipeline on heavy datanode： 4f799f37-ab1c-4be0-adf3-be30f86725ba Heaviness: 6 limit: 5
2019-09-26 10:06:54,775 [RatisPipelineUtilsThread] INFO  pipeline.PipelinePlacementPolicy (PipelinePlacementPolicy.java:meetCriteria(91)) - Pipeline Placement: can't place more pipeline on heavy datanode： 77afb7a9-3f27-4b85-962a-c9c70d1ecd8b Heaviness: 6 limit: 5
2019-09-26 10:06:54,775 [RatisPipelineUtilsThread] ERROR pipeline.PipelinePlacementPolicy (PipelinePlacementPolicy.java:filterViableNodes(148)) - Unable to find enough nodes that meet the criteria that cannot engage in more than 5 pipelines. Nodes required: 1 Found: 0, healthy nodes count inNodeManager: 7.
2019-09-26 10:06:54,775 [RatisPipelineUtilsThread] ERROR pipeline.SCMPipelineManager (SCMPipelineManager.java:createPipeline(167)) - Pipeline creation failed.
org.apache.hadoop.hdds.scm.exceptions.SCMException: Unable to find enough nodes that meet the criteria that cannot engage in more than 5 pipelines. Nodes required: 1 Found: 0, healthy nodes count inNodeManager: 7.
	at org.apache.hadoop.hdds.scm.pipeline.PipelinePlacementPolicy.filterViableNodes(PipelinePlacementPolicy.java:149)
	at org.apache.hadoop.hdds.scm.pipeline.PipelinePlacementPolicy.chooseDatanodes(PipelinePlacementPolicy.java:172)
	at org.apache.hadoop.hdds.scm.pipeline.RatisPipelineProvider.create(RatisPipelineProvider.java:93)
	at org.apache.hadoop.hdds.scm.pipeline.PipelineFactory.create(PipelineFactory.java:58)
	at org.apache.hadoop.hdds.scm.pipeline.SCMPipelineManager.createPipeline(SCMPipelineManager.java:155)
	at org.apache.hadoop.hdds.scm.pipeline.BackgroundPipelineCreator.createPipelines(BackgroundPipelineCreator.java:99)
	at java.util.concurrent.Executors$RunnableAdapter.call(Executors.java:511)
	at java.util.concurrent.FutureTask.run(FutureTask.java:266)
	at java.util.concurrent.ScheduledThreadPoolExecutor$ScheduledFutureTask.access$201(ScheduledThreadPoolExecutor.java:180)
	at java.util.concurrent.ScheduledThreadPoolExecutor$ScheduledFutureTask.run(ScheduledThreadPoolExecutor.java:293)
	at java.util.concurrent.ThreadPoolExecutor.runWorker(ThreadPoolExecutor.java:1149)
	at java.util.concurrent.ThreadPoolExecutor$Worker.run(ThreadPoolExecutor.java:624)
	at java.lang.Thread.run(Thread.java:748)
2019-09-26 10:06:54,776 [RatisPipelineUtilsThread] INFO  pipeline.PipelinePlacementPolicy (PipelinePlacementPolicy.java:meetCriteria(91)) - Pipeline Placement: can't place more pipeline on heavy datanode： 84f656f9-4033-4770-bbd1-3f79d04a65ff Heaviness: 6 limit: 5
2019-09-26 10:06:54,776 [RatisPipelineUtilsThread] INFO  pipeline.PipelinePlacementPolicy (PipelinePlacementPolicy.java:meetCriteria(91)) - Pipeline Placement: can't place more pipeline on heavy datanode： 4c0de2d3-09dd-47d7-b7a1-4f63a4eb8acf Heaviness: 6 limit: 5
2019-09-26 10:06:54,776 [RatisPipelineUtilsThread] INFO  pipeline.PipelinePlacementPolicy (PipelinePlacementPolicy.java:meetCriteria(91)) - Pipeline Placement: can't place more pipeline on heavy datanode： c3e403b7-5a1e-4aac-9b5a-0aedadd701b5 Heaviness: 6 limit: 5
2019-09-26 10:06:54,776 [RatisPipelineUtilsThread] INFO  pipeline.PipelinePlacementPolicy (PipelinePlacementPolicy.java:meetCriteria(91)) - Pipeline Placement: can't place more pipeline on heavy datanode： c14de6c3-ad97-4da4-b999-5d30d93b25e7 Heaviness: 6 limit: 5
2019-09-26 10:06:54,776 [RatisPipelineUtilsThread] INFO  pipeline.PipelinePlacementPolicy (PipelinePlacementPolicy.java:meetCriteria(91)) - Pipeline Placement: can't place more pipeline on heavy datanode： c8968d10-b107-4a89-b805-dd56466e025e Heaviness: 6 limit: 5
2019-09-26 10:06:54,776 [RatisPipelineUtilsThread] INFO  pipeline.PipelinePlacementPolicy (PipelinePlacementPolicy.java:meetCriteria(91)) - Pipeline Placement: can't place more pipeline on heavy datanode： 4f799f37-ab1c-4be0-adf3-be30f86725ba Heaviness: 6 limit: 5
2019-09-26 10:06:54,776 [RatisPipelineUtilsThread] INFO  pipeline.PipelinePlacementPolicy (PipelinePlacementPolicy.java:meetCriteria(91)) - Pipeline Placement: can't place more pipeline on heavy datanode： 77afb7a9-3f27-4b85-962a-c9c70d1ecd8b Heaviness: 6 limit: 5
2019-09-26 10:06:54,777 [RatisPipelineUtilsThread] ERROR pipeline.PipelinePlacementPolicy (PipelinePlacementPolicy.java:filterViableNodes(148)) - Unable to find enough nodes that meet the criteria that cannot engage in more than 5 pipelines. Nodes required: 3 Found: 0, healthy nodes count inNodeManager: 7.
2019-09-26 10:06:54,777 [RatisPipelineUtilsThread] ERROR pipeline.SCMPipelineManager (SCMPipelineManager.java:createPipeline(167)) - Pipeline creation failed.
org.apache.hadoop.hdds.scm.exceptions.SCMException: Unable to find enough nodes that meet the criteria that cannot engage in more than 5 pipelines. Nodes required: 3 Found: 0, healthy nodes count inNodeManager: 7.
	at org.apache.hadoop.hdds.scm.pipeline.PipelinePlacementPolicy.filterViableNodes(PipelinePlacementPolicy.java:149)
	at org.apache.hadoop.hdds.scm.pipeline.PipelinePlacementPolicy.chooseDatanodes(PipelinePlacementPolicy.java:172)
	at org.apache.hadoop.hdds.scm.pipeline.RatisPipelineProvider.create(RatisPipelineProvider.java:93)
	at org.apache.hadoop.hdds.scm.pipeline.PipelineFactory.create(PipelineFactory.java:58)
	at org.apache.hadoop.hdds.scm.pipeline.SCMPipelineManager.createPipeline(SCMPipelineManager.java:155)
	at org.apache.hadoop.hdds.scm.pipeline.BackgroundPipelineCreator.createPipelines(BackgroundPipelineCreator.java:99)
	at java.util.concurrent.Executors$RunnableAdapter.call(Executors.java:511)
	at java.util.concurrent.FutureTask.run(FutureTask.java:266)
	at java.util.concurrent.ScheduledThreadPoolExecutor$ScheduledFutureTask.access$201(ScheduledThreadPoolExecutor.java:180)
	at java.util.concurrent.ScheduledThreadPoolExecutor$ScheduledFutureTask.run(ScheduledThreadPoolExecutor.java:293)
	at java.util.concurrent.ThreadPoolExecutor.runWorker(ThreadPoolExecutor.java:1149)
	at java.util.concurrent.ThreadPoolExecutor$Worker.run(ThreadPoolExecutor.java:624)
	at java.lang.Thread.run(Thread.java:748)
2019-09-26 10:06:54,806 [RatisPipelineUtilsThread] INFO  pipeline.PipelinePlacementPolicy (PipelinePlacementPolicy.java:meetCriteria(91)) - Pipeline Placement: can't place more pipeline on heavy datanode： 84f656f9-4033-4770-bbd1-3f79d04a65ff Heaviness: 6 limit: 5
2019-09-26 10:06:54,807 [RatisPipelineUtilsThread] INFO  pipeline.PipelinePlacementPolicy (PipelinePlacementPolicy.java:meetCriteria(91)) - Pipeline Placement: can't place more pipeline on heavy datanode： 4c0de2d3-09dd-47d7-b7a1-4f63a4eb8acf Heaviness: 6 limit: 5
2019-09-26 10:06:54,807 [RatisPipelineUtilsThread] INFO  pipeline.PipelinePlacementPolicy (PipelinePlacementPolicy.java:meetCriteria(91)) - Pipeline Placement: can't place more pipeline on heavy datanode： c3e403b7-5a1e-4aac-9b5a-0aedadd701b5 Heaviness: 6 limit: 5
2019-09-26 10:06:54,807 [RatisPipelineUtilsThread] INFO  pipeline.PipelinePlacementPolicy (PipelinePlacementPolicy.java:meetCriteria(91)) - Pipeline Placement: can't place more pipeline on heavy datanode： c14de6c3-ad97-4da4-b999-5d30d93b25e7 Heaviness: 6 limit: 5
2019-09-26 10:06:54,807 [RatisPipelineUtilsThread] INFO  pipeline.PipelinePlacementPolicy (PipelinePlacementPolicy.java:meetCriteria(91)) - Pipeline Placement: can't place more pipeline on heavy datanode： c8968d10-b107-4a89-b805-dd56466e025e Heaviness: 6 limit: 5
2019-09-26 10:06:54,807 [RatisPipelineUtilsThread] INFO  pipeline.PipelinePlacementPolicy (PipelinePlacementPolicy.java:meetCriteria(91)) - Pipeline Placement: can't place more pipeline on heavy datanode： 4f799f37-ab1c-4be0-adf3-be30f86725ba Heaviness: 6 limit: 5
2019-09-26 10:06:54,807 [RatisPipelineUtilsThread] INFO  pipeline.PipelinePlacementPolicy (PipelinePlacementPolicy.java:meetCriteria(91)) - Pipeline Placement: can't place more pipeline on heavy datanode： 77afb7a9-3f27-4b85-962a-c9c70d1ecd8b Heaviness: 6 limit: 5
2019-09-26 10:06:54,807 [RatisPipelineUtilsThread] ERROR pipeline.PipelinePlacementPolicy (PipelinePlacementPolicy.java:filterViableNodes(148)) - Unable to find enough nodes that meet the criteria that cannot engage in more than 5 pipelines. Nodes required: 1 Found: 0, healthy nodes count inNodeManager: 7.
2019-09-26 10:06:54,808 [RatisPipelineUtilsThread] ERROR pipeline.SCMPipelineManager (SCMPipelineManager.java:createPipeline(167)) - Pipeline creation failed.
org.apache.hadoop.hdds.scm.exceptions.SCMException: Unable to find enough nodes that meet the criteria that cannot engage in more than 5 pipelines. Nodes required: 1 Found: 0, healthy nodes count inNodeManager: 7.
	at org.apache.hadoop.hdds.scm.pipeline.PipelinePlacementPolicy.filterViableNodes(PipelinePlacementPolicy.java:149)
	at org.apache.hadoop.hdds.scm.pipeline.PipelinePlacementPolicy.chooseDatanodes(PipelinePlacementPolicy.java:172)
	at org.apache.hadoop.hdds.scm.pipeline.RatisPipelineProvider.create(RatisPipelineProvider.java:93)
	at org.apache.hadoop.hdds.scm.pipeline.PipelineFactory.create(PipelineFactory.java:58)
	at org.apache.hadoop.hdds.scm.pipeline.SCMPipelineManager.createPipeline(SCMPipelineManager.java:155)
	at org.apache.hadoop.hdds.scm.pipeline.BackgroundPipelineCreator.createPipelines(BackgroundPipelineCreator.java:99)
	at org.apache.hadoop.hdds.scm.pipeline.BackgroundPipelineCreator.lambda$startFixedIntervalPipelineCreator$0(BackgroundPipelineCreator.java:70)
	at java.util.concurrent.Executors$RunnableAdapter.call(Executors.java:511)
	at java.util.concurrent.FutureTask.runAndReset(FutureTask.java:308)
	at java.util.concurrent.ScheduledThreadPoolExecutor$ScheduledFutureTask.access$301(ScheduledThreadPoolExecutor.java:180)
	at java.util.concurrent.ScheduledThreadPoolExecutor$ScheduledFutureTask.run(ScheduledThreadPoolExecutor.java:294)
	at java.util.concurrent.ThreadPoolExecutor.runWorker(ThreadPoolExecutor.java:1149)
	at java.util.concurrent.ThreadPoolExecutor$Worker.run(ThreadPoolExecutor.java:624)
	at java.lang.Thread.run(Thread.java:748)
2019-09-26 10:06:54,808 [RatisPipelineUtilsThread] INFO  pipeline.PipelinePlacementPolicy (PipelinePlacementPolicy.java:meetCriteria(91)) - Pipeline Placement: can't place more pipeline on heavy datanode： 84f656f9-4033-4770-bbd1-3f79d04a65ff Heaviness: 6 limit: 5
2019-09-26 10:06:54,808 [RatisPipelineUtilsThread] INFO  pipeline.PipelinePlacementPolicy (PipelinePlacementPolicy.java:meetCriteria(91)) - Pipeline Placement: can't place more pipeline on heavy datanode： 4c0de2d3-09dd-47d7-b7a1-4f63a4eb8acf Heaviness: 6 limit: 5
2019-09-26 10:06:54,808 [RatisPipelineUtilsThread] INFO  pipeline.PipelinePlacementPolicy (PipelinePlacementPolicy.java:meetCriteria(91)) - Pipeline Placement: can't place more pipeline on heavy datanode： c3e403b7-5a1e-4aac-9b5a-0aedadd701b5 Heaviness: 6 limit: 5
2019-09-26 10:06:54,808 [RatisPipelineUtilsThread] INFO  pipeline.PipelinePlacementPolicy (PipelinePlacementPolicy.java:meetCriteria(91)) - Pipeline Placement: can't place more pipeline on heavy datanode： c14de6c3-ad97-4da4-b999-5d30d93b25e7 Heaviness: 6 limit: 5
2019-09-26 10:06:54,808 [RatisPipelineUtilsThread] INFO  pipeline.PipelinePlacementPolicy (PipelinePlacementPolicy.java:meetCriteria(91)) - Pipeline Placement: can't place more pipeline on heavy datanode： c8968d10-b107-4a89-b805-dd56466e025e Heaviness: 6 limit: 5
2019-09-26 10:06:54,808 [RatisPipelineUtilsThread] INFO  pipeline.PipelinePlacementPolicy (PipelinePlacementPolicy.java:meetCriteria(91)) - Pipeline Placement: can't place more pipeline on heavy datanode： 4f799f37-ab1c-4be0-adf3-be30f86725ba Heaviness: 6 limit: 5
2019-09-26 10:06:54,809 [RatisPipelineUtilsThread] INFO  pipeline.PipelinePlacementPolicy (PipelinePlacementPolicy.java:meetCriteria(91)) - Pipeline Placement: can't place more pipeline on heavy datanode： 77afb7a9-3f27-4b85-962a-c9c70d1ecd8b Heaviness: 6 limit: 5
2019-09-26 10:06:54,809 [RatisPipelineUtilsThread] ERROR pipeline.PipelinePlacementPolicy (PipelinePlacementPolicy.java:filterViableNodes(148)) - Unable to find enough nodes that meet the criteria that cannot engage in more than 5 pipelines. Nodes required: 3 Found: 0, healthy nodes count inNodeManager: 7.
2019-09-26 10:06:54,809 [RatisPipelineUtilsThread] ERROR pipeline.SCMPipelineManager (SCMPipelineManager.java:createPipeline(167)) - Pipeline creation failed.
org.apache.hadoop.hdds.scm.exceptions.SCMException: Unable to find enough nodes that meet the criteria that cannot engage in more than 5 pipelines. Nodes required: 3 Found: 0, healthy nodes count inNodeManager: 7.
	at org.apache.hadoop.hdds.scm.pipeline.PipelinePlacementPolicy.filterViableNodes(PipelinePlacementPolicy.java:149)
	at org.apache.hadoop.hdds.scm.pipeline.PipelinePlacementPolicy.chooseDatanodes(PipelinePlacementPolicy.java:172)
	at org.apache.hadoop.hdds.scm.pipeline.RatisPipelineProvider.create(RatisPipelineProvider.java:93)
	at org.apache.hadoop.hdds.scm.pipeline.PipelineFactory.create(PipelineFactory.java:58)
	at org.apache.hadoop.hdds.scm.pipeline.SCMPipelineManager.createPipeline(SCMPipelineManager.java:155)
	at org.apache.hadoop.hdds.scm.pipeline.BackgroundPipelineCreator.createPipelines(BackgroundPipelineCreator.java:99)
	at org.apache.hadoop.hdds.scm.pipeline.BackgroundPipelineCreator.lambda$startFixedIntervalPipelineCreator$0(BackgroundPipelineCreator.java:70)
	at java.util.concurrent.Executors$RunnableAdapter.call(Executors.java:511)
	at java.util.concurrent.FutureTask.runAndReset(FutureTask.java:308)
	at java.util.concurrent.ScheduledThreadPoolExecutor$ScheduledFutureTask.access$301(ScheduledThreadPoolExecutor.java:180)
	at java.util.concurrent.ScheduledThreadPoolExecutor$ScheduledFutureTask.run(ScheduledThreadPoolExecutor.java:294)
	at java.util.concurrent.ThreadPoolExecutor.runWorker(ThreadPoolExecutor.java:1149)
	at java.util.concurrent.ThreadPoolExecutor$Worker.run(ThreadPoolExecutor.java:624)
	at java.lang.Thread.run(Thread.java:748)
2019-09-26 10:06:54,809 [IPC Server handler 1 on 35074] INFO  pipeline.PipelinePlacementPolicy (PipelinePlacementPolicy.java:meetCriteria(91)) - Pipeline Placement: can't place more pipeline on heavy datanode： 84f656f9-4033-4770-bbd1-3f79d04a65ff Heaviness: 6 limit: 5
2019-09-26 10:06:54,809 [IPC Server handler 1 on 35074] INFO  pipeline.PipelinePlacementPolicy (PipelinePlacementPolicy.java:meetCriteria(91)) - Pipeline Placement: can't place more pipeline on heavy datanode： 4c0de2d3-09dd-47d7-b7a1-4f63a4eb8acf Heaviness: 6 limit: 5
2019-09-26 10:06:54,810 [IPC Server handler 1 on 35074] INFO  pipeline.PipelinePlacementPolicy (PipelinePlacementPolicy.java:meetCriteria(91)) - Pipeline Placement: can't place more pipeline on heavy datanode： c3e403b7-5a1e-4aac-9b5a-0aedadd701b5 Heaviness: 6 limit: 5
2019-09-26 10:06:54,810 [IPC Server handler 1 on 35074] INFO  pipeline.PipelinePlacementPolicy (PipelinePlacementPolicy.java:meetCriteria(91)) - Pipeline Placement: can't place more pipeline on heavy datanode： c14de6c3-ad97-4da4-b999-5d30d93b25e7 Heaviness: 6 limit: 5
2019-09-26 10:06:54,810 [IPC Server handler 1 on 35074] INFO  pipeline.PipelinePlacementPolicy (PipelinePlacementPolicy.java:meetCriteria(91)) - Pipeline Placement: can't place more pipeline on heavy datanode： c8968d10-b107-4a89-b805-dd56466e025e Heaviness: 6 limit: 5
2019-09-26 10:06:54,810 [IPC Server handler 1 on 35074] INFO  pipeline.PipelinePlacementPolicy (PipelinePlacementPolicy.java:meetCriteria(91)) - Pipeline Placement: can't place more pipeline on heavy datanode： 4f799f37-ab1c-4be0-adf3-be30f86725ba Heaviness: 6 limit: 5
2019-09-26 10:06:54,810 [IPC Server handler 1 on 35074] INFO  pipeline.PipelinePlacementPolicy (PipelinePlacementPolicy.java:meetCriteria(91)) - Pipeline Placement: can't place more pipeline on heavy datanode： 77afb7a9-3f27-4b85-962a-c9c70d1ecd8b Heaviness: 6 limit: 5
2019-09-26 10:06:54,811 [IPC Server handler 1 on 35074] ERROR pipeline.PipelinePlacementPolicy (PipelinePlacementPolicy.java:filterViableNodes(148)) - Unable to find enough nodes that meet the criteria that cannot engage in more than 5 pipelines. Nodes required: 3 Found: 0, healthy nodes count inNodeManager: 7.
2019-09-26 10:06:54,811 [IPC Server handler 1 on 35074] ERROR pipeline.SCMPipelineManager (SCMPipelineManager.java:createPipeline(167)) - Pipeline creation failed.
org.apache.hadoop.hdds.scm.exceptions.SCMException: Unable to find enough nodes that meet the criteria that cannot engage in more than 5 pipelines. Nodes required: 3 Found: 0, healthy nodes count inNodeManager: 7.
	at org.apache.hadoop.hdds.scm.pipeline.PipelinePlacementPolicy.filterViableNodes(PipelinePlacementPolicy.java:149)
	at org.apache.hadoop.hdds.scm.pipeline.PipelinePlacementPolicy.chooseDatanodes(PipelinePlacementPolicy.java:172)
	at org.apache.hadoop.hdds.scm.pipeline.RatisPipelineProvider.create(RatisPipelineProvider.java:93)
	at org.apache.hadoop.hdds.scm.pipeline.PipelineFactory.create(PipelineFactory.java:58)
	at org.apache.hadoop.hdds.scm.pipeline.SCMPipelineManager.createPipeline(SCMPipelineManager.java:155)
	at org.apache.hadoop.hdds.scm.block.BlockManagerImpl.allocateBlock(BlockManagerImpl.java:190)
	at org.apache.hadoop.hdds.scm.server.SCMBlockProtocolServer.allocateBlock(SCMBlockProtocolServer.java:182)
	at org.apache.hadoop.ozone.protocolPB.ScmBlockLocationProtocolServerSideTranslatorPB.allocateScmBlock(ScmBlockLocationProtocolServerSideTranslatorPB.java:183)
	at org.apache.hadoop.ozone.protocolPB.ScmBlockLocationProtocolServerSideTranslatorPB.processMessage(ScmBlockLocationProtocolServerSideTranslatorPB.java:141)
	at org.apache.hadoop.ozone.protocolPB.ScmBlockLocationProtocolServerSideTranslatorPB.send(ScmBlockLocationProtocolServerSideTranslatorPB.java:116)
	at org.apache.hadoop.hdds.protocol.proto.ScmBlockLocationProtocolProtos$ScmBlockLocationProtocolService$2.callBlockingMethod(ScmBlockLocationProtocolProtos.java:13157)
	at org.apache.hadoop.ipc.ProtobufRpcEngine$Server$ProtoBufRpcInvoker.call(ProtobufRpcEngine.java:524)
	at org.apache.hadoop.ipc.RPC$Server.call(RPC.java:1025)
	at org.apache.hadoop.ipc.Server$RpcCall.run(Server.java:876)
	at org.apache.hadoop.ipc.Server$RpcCall.run(Server.java:822)
	at java.security.AccessController.doPrivileged(Native Method)
	at javax.security.auth.Subject.doAs(Subject.java:422)
	at org.apache.hadoop.security.UserGroupInformation.doAs(UserGroupInformation.java:1730)
	at org.apache.hadoop.ipc.Server$Handler.run(Server.java:2682)
2019-09-26 10:06:54,811 [IPC Server handler 1 on 35074] WARN  block.BlockManagerImpl (BlockManagerImpl.java:allocateBlock(192)) - Pipeline creation failed for type:RATIS factor:THREE. Retrying get pipelines call once.
org.apache.hadoop.hdds.scm.exceptions.SCMException: Unable to find enough nodes that meet the criteria that cannot engage in more than 5 pipelines. Nodes required: 3 Found: 0, healthy nodes count inNodeManager: 7.
	at org.apache.hadoop.hdds.scm.pipeline.PipelinePlacementPolicy.filterViableNodes(PipelinePlacementPolicy.java:149)
	at org.apache.hadoop.hdds.scm.pipeline.PipelinePlacementPolicy.chooseDatanodes(PipelinePlacementPolicy.java:172)
	at org.apache.hadoop.hdds.scm.pipeline.RatisPipelineProvider.create(RatisPipelineProvider.java:93)
	at org.apache.hadoop.hdds.scm.pipeline.PipelineFactory.create(PipelineFactory.java:58)
	at org.apache.hadoop.hdds.scm.pipeline.SCMPipelineManager.createPipeline(SCMPipelineManager.java:155)
	at org.apache.hadoop.hdds.scm.block.BlockManagerImpl.allocateBlock(BlockManagerImpl.java:190)
	at org.apache.hadoop.hdds.scm.server.SCMBlockProtocolServer.allocateBlock(SCMBlockProtocolServer.java:182)
	at org.apache.hadoop.ozone.protocolPB.ScmBlockLocationProtocolServerSideTranslatorPB.allocateScmBlock(ScmBlockLocationProtocolServerSideTranslatorPB.java:183)
	at org.apache.hadoop.ozone.protocolPB.ScmBlockLocationProtocolServerSideTranslatorPB.processMessage(ScmBlockLocationProtocolServerSideTranslatorPB.java:141)
	at org.apache.hadoop.ozone.protocolPB.ScmBlockLocationProtocolServerSideTranslatorPB.send(ScmBlockLocationProtocolServerSideTranslatorPB.java:116)
	at org.apache.hadoop.hdds.protocol.proto.ScmBlockLocationProtocolProtos$ScmBlockLocationProtocolService$2.callBlockingMethod(ScmBlockLocationProtocolProtos.java:13157)
	at org.apache.hadoop.ipc.ProtobufRpcEngine$Server$ProtoBufRpcInvoker.call(ProtobufRpcEngine.java:524)
	at org.apache.hadoop.ipc.RPC$Server.call(RPC.java:1025)
	at org.apache.hadoop.ipc.Server$RpcCall.run(Server.java:876)
	at org.apache.hadoop.ipc.Server$RpcCall.run(Server.java:822)
	at java.security.AccessController.doPrivileged(Native Method)
	at javax.security.auth.Subject.doAs(Subject.java:422)
	at org.apache.hadoop.security.UserGroupInformation.doAs(UserGroupInformation.java:1730)
	at org.apache.hadoop.ipc.Server$Handler.run(Server.java:2682)
2019-09-26 10:06:54,812 [IPC Server handler 1 on 35074] INFO  block.BlockManagerImpl (BlockManagerImpl.java:allocateBlock(198)) - Could not find available pipeline of type:RATIS and factor:THREE even after retrying
2019-09-26 10:06:54,812 [IPC Server handler 1 on 35074] ERROR block.BlockManagerImpl (BlockManagerImpl.java:allocateBlock(222)) - Unable to allocate a block for the size: 800, type: RATIS, factor: THREE
2019-09-26 10:06:54,818 [main] INFO  ozone.MiniOzoneClusterImpl (MiniOzoneClusterImpl.java:shutdown(314)) - Shutting down the Mini Ozone Cluster
2019-09-26 10:06:54,819 [main] INFO  ozone.MiniOzoneClusterImpl (MiniOzoneClusterImpl.java:stop(330)) - Stopping the Mini Ozone Cluster
2019-09-26 10:06:54,819 [main] INFO  ozone.MiniOzoneClusterImpl (MiniOzoneClusterImpl.java:stopOM(400)) - Stopping the OzoneManager
2019-09-26 10:06:54,819 [main] INFO  ipc.Server (Server.java:stop(3082)) - Stopping server on 37481
2019-09-26 10:06:54,835 [IPC Server listener on 37481] INFO  ipc.Server (Server.java:run(1185)) - Stopping IPC Server listener on 37481
2019-09-26 10:06:54,835 [main] INFO  ratis.OzoneManagerDoubleBuffer (OzoneManagerDoubleBuffer.java:stop(248)) - Stopping OMDoubleBuffer flush thread
2019-09-26 10:06:54,835 [IPC Server Responder] INFO  ipc.Server (Server.java:run(1319)) - Stopping IPC Server Responder
2019-09-26 10:06:54,835 [OMDoubleBufferFlushThread] INFO  ratis.OzoneManagerDoubleBuffer (OzoneManagerDoubleBuffer.java:flushTransactions(191)) - OMDoubleBuffer flush thread OMDoubleBufferFlushThread is interrupted and will exit. OMDoubleBufferFlushThread
2019-09-26 10:06:54,844 [main] INFO  utils.BackgroundService (BackgroundService.java:shutdown(148)) - Shutting down service KeyDeletingService
2019-09-26 10:06:54,877 [main] INFO  handler.ContextHandler (ContextHandler.java:doStop(910)) - Stopped o.e.j.w.WebAppContext@38f502fc{/,null,UNAVAILABLE}{/ozoneManager}
2019-09-26 10:06:54,878 [main] INFO  server.AbstractConnector (AbstractConnector.java:doStop(318)) - Stopped ServerConnector@67c21bf{HTTP/1.1,[http/1.1]}{0.0.0.0:0}
2019-09-26 10:06:54,878 [main] INFO  handler.ContextHandler (ContextHandler.java:doStop(910)) - Stopped o.e.j.s.ServletContextHandler@49889154{/static,file:///workdir/hadoop-ozone/integration-test/target/test-classes/webapps/static,UNAVAILABLE}
2019-09-26 10:06:54,879 [main] INFO  handler.ContextHandler (ContextHandler.java:doStop(910)) - Stopped o.e.j.s.ServletContextHandler@a826ff8{/logs,file:///workdir/hadoop-ozone/integration-test/target/log,UNAVAILABLE}
2019-09-26 10:06:54,881 [main] INFO  ozone.MiniOzoneClusterImpl (MiniOzoneClusterImpl.java:stopDatanodes(377)) - Stopping the HddsDatanodes
2019-09-26 10:06:55,493 [Datanode State Machine Thread - 0] INFO  statemachine.DatanodeStateMachine (DatanodeStateMachine.java:lambda$startDaemon$0(350)) - Ozone container server started.
2019-09-26 10:06:55,806 [Datanode State Machine Thread - 0] INFO  statemachine.DatanodeStateMachine (DatanodeStateMachine.java:lambda$startDaemon$0(350)) - Ozone container server started.
2019-09-26 10:06:56,536 [Thread-3539] INFO  impl.FollowerState (FollowerState.java:run(106)) - 4f799f37-ab1c-4be0-adf3-be30f86725ba:group-965E1FDBB6CA changes to CANDIDATE, lastRpcTime:5063, electionTimeout:5063ms
2019-09-26 10:06:56,537 [Thread-3539] INFO  impl.RoleInfo (RoleInfo.java:shutdownFollowerState(121)) - 4f799f37-ab1c-4be0-adf3-be30f86725ba: shutdown FollowerState
2019-09-26 10:06:56,537 [Thread-3539] INFO  impl.RaftServerImpl (RaftServerImpl.java:setRole(174)) - 4f799f37-ab1c-4be0-adf3-be30f86725ba@group-965E1FDBB6CA: changes role from  FOLLOWER to CANDIDATE at term 0 for changeToCandidate
2019-09-26 10:06:56,537 [Thread-3539] INFO  impl.RoleInfo (RoleInfo.java:updateAndGet(143)) - 4f799f37-ab1c-4be0-adf3-be30f86725ba: start LeaderElection
2019-09-26 10:06:56,564 [Thread-3542] INFO  impl.FollowerState (FollowerState.java:run(106)) - 4f799f37-ab1c-4be0-adf3-be30f86725ba:group-484FD330C780 changes to CANDIDATE, lastRpcTime:5047, electionTimeout:5047ms
2019-09-26 10:06:56,564 [Thread-3542] INFO  impl.RoleInfo (RoleInfo.java:shutdownFollowerState(121)) - 4f799f37-ab1c-4be0-adf3-be30f86725ba: shutdown FollowerState
2019-09-26 10:06:56,564 [Thread-3542] INFO  impl.RaftServerImpl (RaftServerImpl.java:setRole(174)) - 4f799f37-ab1c-4be0-adf3-be30f86725ba@group-484FD330C780: changes role from  FOLLOWER to CANDIDATE at term 0 for changeToCandidate
2019-09-26 10:06:56,565 [Thread-3542] INFO  impl.RoleInfo (RoleInfo.java:updateAndGet(143)) - 4f799f37-ab1c-4be0-adf3-be30f86725ba: start LeaderElection
2019-09-26 10:06:56,597 [Thread-3545] INFO  impl.FollowerState (FollowerState.java:run(106)) - 4f799f37-ab1c-4be0-adf3-be30f86725ba:group-A8F35B55102F changes to CANDIDATE, lastRpcTime:5025, electionTimeout:5025ms
2019-09-26 10:06:56,597 [Thread-3545] INFO  impl.RoleInfo (RoleInfo.java:shutdownFollowerState(121)) - 4f799f37-ab1c-4be0-adf3-be30f86725ba: shutdown FollowerState
2019-09-26 10:06:56,597 [Thread-3545] INFO  impl.RaftServerImpl (RaftServerImpl.java:setRole(174)) - 4f799f37-ab1c-4be0-adf3-be30f86725ba@group-A8F35B55102F: changes role from  FOLLOWER to CANDIDATE at term 0 for changeToCandidate
2019-09-26 10:06:56,598 [Thread-3545] INFO  impl.RoleInfo (RoleInfo.java:updateAndGet(143)) - 4f799f37-ab1c-4be0-adf3-be30f86725ba: start LeaderElection
2019-09-26 10:06:56,734 [Thread-3551] INFO  impl.FollowerState (FollowerState.java:run(106)) - 77afb7a9-3f27-4b85-962a-c9c70d1ecd8b:group-5505A0F9A3F5 changes to CANDIDATE, lastRpcTime:5087, electionTimeout:5087ms
2019-09-26 10:06:56,734 [Thread-3551] INFO  impl.RoleInfo (RoleInfo.java:shutdownFollowerState(121)) - 77afb7a9-3f27-4b85-962a-c9c70d1ecd8b: shutdown FollowerState
2019-09-26 10:06:56,734 [Thread-3551] INFO  impl.RaftServerImpl (RaftServerImpl.java:setRole(174)) - 77afb7a9-3f27-4b85-962a-c9c70d1ecd8b@group-5505A0F9A3F5: changes role from  FOLLOWER to CANDIDATE at term 0 for changeToCandidate
2019-09-26 10:06:56,734 [Thread-3551] INFO  impl.RoleInfo (RoleInfo.java:updateAndGet(143)) - 77afb7a9-3f27-4b85-962a-c9c70d1ecd8b: start LeaderElection
2019-09-26 10:06:56,796 [Thread-3548] INFO  impl.FollowerState (FollowerState.java:run(106)) - 4f799f37-ab1c-4be0-adf3-be30f86725ba:group-C9A82E656A1C changes to CANDIDATE, lastRpcTime:5183, electionTimeout:5183ms
2019-09-26 10:06:56,797 [Thread-3548] INFO  impl.RoleInfo (RoleInfo.java:shutdownFollowerState(121)) - 4f799f37-ab1c-4be0-adf3-be30f86725ba: shutdown FollowerState
2019-09-26 10:06:56,797 [Thread-3548] INFO  impl.RaftServerImpl (RaftServerImpl.java:setRole(174)) - 4f799f37-ab1c-4be0-adf3-be30f86725ba@group-C9A82E656A1C: changes role from  FOLLOWER to CANDIDATE at term 0 for changeToCandidate
2019-09-26 10:06:56,797 [Thread-3548] INFO  impl.RoleInfo (RoleInfo.java:updateAndGet(143)) - 4f799f37-ab1c-4be0-adf3-be30f86725ba: start LeaderElection
2019-09-26 10:06:57,109 [Thread-3554] INFO  impl.FollowerState (FollowerState.java:run(106)) - 4f799f37-ab1c-4be0-adf3-be30f86725ba:group-F84277A0C1F9 changes to CANDIDATE, lastRpcTime:5109, electionTimeout:5109ms
2019-09-26 10:06:57,109 [Thread-3554] INFO  impl.RoleInfo (RoleInfo.java:shutdownFollowerState(121)) - 4f799f37-ab1c-4be0-adf3-be30f86725ba: shutdown FollowerState
2019-09-26 10:06:57,109 [Thread-3554] INFO  impl.RaftServerImpl (RaftServerImpl.java:setRole(174)) - 4f799f37-ab1c-4be0-adf3-be30f86725ba@group-F84277A0C1F9: changes role from  FOLLOWER to CANDIDATE at term 0 for changeToCandidate
2019-09-26 10:06:57,110 [Thread-3554] INFO  impl.RoleInfo (RoleInfo.java:updateAndGet(143)) - 4f799f37-ab1c-4be0-adf3-be30f86725ba: start LeaderElection
2019-09-26 10:06:57,140 [4f799f37-ab1c-4be0-adf3-be30f86725ba@group-F84277A0C1F9:LeaderElection267] INFO  impl.LeaderElection (LeaderElection.java:askForVotes(182)) - 4f799f37-ab1c-4be0-adf3-be30f86725ba@group-F84277A0C1F9:LeaderElection267: begin an election at term 1 for -1: [4f799f37-ab1c-4be0-adf3-be30f86725ba:192.168.30.13:45015], old=null
2019-09-26 10:06:57,140 [4f799f37-ab1c-4be0-adf3-be30f86725ba@group-A8F35B55102F:LeaderElection264] INFO  impl.LeaderElection (LeaderElection.java:askForVotes(182)) - 4f799f37-ab1c-4be0-adf3-be30f86725ba@group-A8F35B55102F:LeaderElection264: begin an election at term 1 for -1: [4f799f37-ab1c-4be0-adf3-be30f86725ba:192.168.30.13:45015], old=null
2019-09-26 10:06:57,140 [4f799f37-ab1c-4be0-adf3-be30f86725ba@group-F84277A0C1F9:LeaderElection267] INFO  impl.RoleInfo (RoleInfo.java:shutdownLeaderElection(134)) - 4f799f37-ab1c-4be0-adf3-be30f86725ba: shutdown LeaderElection
2019-09-26 10:06:57,140 [77afb7a9-3f27-4b85-962a-c9c70d1ecd8b@group-5505A0F9A3F5:LeaderElection265] INFO  impl.LeaderElection (LeaderElection.java:askForVotes(182)) - 77afb7a9-3f27-4b85-962a-c9c70d1ecd8b@group-5505A0F9A3F5:LeaderElection265: begin an election at term 1 for -1: [77afb7a9-3f27-4b85-962a-c9c70d1ecd8b:192.168.30.13:39117], old=null
2019-09-26 10:06:57,140 [4f799f37-ab1c-4be0-adf3-be30f86725ba@group-484FD330C780:LeaderElection263] INFO  impl.LeaderElection (LeaderElection.java:askForVotes(182)) - 4f799f37-ab1c-4be0-adf3-be30f86725ba@group-484FD330C780:LeaderElection263: begin an election at term 1 for -1: [4f799f37-ab1c-4be0-adf3-be30f86725ba:192.168.30.13:45015], old=null
2019-09-26 10:06:57,140 [4f799f37-ab1c-4be0-adf3-be30f86725ba@group-C9A82E656A1C:LeaderElection266] INFO  impl.LeaderElection (LeaderElection.java:askForVotes(182)) - 4f799f37-ab1c-4be0-adf3-be30f86725ba@group-C9A82E656A1C:LeaderElection266: begin an election at term 1 for -1: [4f799f37-ab1c-4be0-adf3-be30f86725ba:192.168.30.13:45015], old=null
2019-09-26 10:06:57,140 [4f799f37-ab1c-4be0-adf3-be30f86725ba@group-965E1FDBB6CA:LeaderElection262] INFO  impl.LeaderElection (LeaderElection.java:askForVotes(182)) - 4f799f37-ab1c-4be0-adf3-be30f86725ba@group-965E1FDBB6CA:LeaderElection262: begin an election at term 1 for -1: [4f799f37-ab1c-4be0-adf3-be30f86725ba:192.168.30.13:45015], old=null
2019-09-26 10:06:57,141 [4f799f37-ab1c-4be0-adf3-be30f86725ba@group-C9A82E656A1C:LeaderElection266] INFO  impl.RoleInfo (RoleInfo.java:shutdownLeaderElection(134)) - 4f799f37-ab1c-4be0-adf3-be30f86725ba: shutdown LeaderElection
2019-09-26 10:06:57,141 [4f799f37-ab1c-4be0-adf3-be30f86725ba@group-484FD330C780:LeaderElection263] INFO  impl.RoleInfo (RoleInfo.java:shutdownLeaderElection(134)) - 4f799f37-ab1c-4be0-adf3-be30f86725ba: shutdown LeaderElection
2019-09-26 10:06:57,141 [77afb7a9-3f27-4b85-962a-c9c70d1ecd8b@group-5505A0F9A3F5:LeaderElection265] INFO  impl.RoleInfo (RoleInfo.java:shutdownLeaderElection(134)) - 77afb7a9-3f27-4b85-962a-c9c70d1ecd8b: shutdown LeaderElection
2019-09-26 10:06:57,141 [4f799f37-ab1c-4be0-adf3-be30f86725ba@group-F84277A0C1F9:LeaderElection267] INFO  impl.RaftServerImpl (RaftServerImpl.java:setRole(174)) - 4f799f37-ab1c-4be0-adf3-be30f86725ba@group-F84277A0C1F9: changes role from CANDIDATE to LEADER at term 1 for changeToLeader
2019-09-26 10:06:57,140 [4f799f37-ab1c-4be0-adf3-be30f86725ba@group-A8F35B55102F:LeaderElection264] INFO  impl.RoleInfo (RoleInfo.java:shutdownLeaderElection(134)) - 4f799f37-ab1c-4be0-adf3-be30f86725ba: shutdown LeaderElection
2019-09-26 10:06:57,142 [4f799f37-ab1c-4be0-adf3-be30f86725ba@group-F84277A0C1F9:LeaderElection267] INFO  impl.RaftServerImpl (ServerState.java:setLeader(253)) - 4f799f37-ab1c-4be0-adf3-be30f86725ba@group-F84277A0C1F9: change Leader from null to 4f799f37-ab1c-4be0-adf3-be30f86725ba at term 1 for becomeLeader, leader elected after 5149ms
2019-09-26 10:06:57,142 [77afb7a9-3f27-4b85-962a-c9c70d1ecd8b@group-5505A0F9A3F5:LeaderElection265] INFO  impl.RaftServerImpl (RaftServerImpl.java:setRole(174)) - 77afb7a9-3f27-4b85-962a-c9c70d1ecd8b@group-5505A0F9A3F5: changes role from CANDIDATE to LEADER at term 1 for changeToLeader
2019-09-26 10:06:57,142 [4f799f37-ab1c-4be0-adf3-be30f86725ba@group-F84277A0C1F9:LeaderElection267] INFO  server.RaftServerConfigKeys (ConfUtils.java:logGet(43)) - raft.server.staging.catchup.gap = 1000 (default)
2019-09-26 10:06:57,142 [4f799f37-ab1c-4be0-adf3-be30f86725ba@group-484FD330C780:LeaderElection263] INFO  impl.RaftServerImpl (RaftServerImpl.java:setRole(174)) - 4f799f37-ab1c-4be0-adf3-be30f86725ba@group-484FD330C780: changes role from CANDIDATE to LEADER at term 1 for changeToLeader
2019-09-26 10:06:57,141 [4f799f37-ab1c-4be0-adf3-be30f86725ba@group-C9A82E656A1C:LeaderElection266] INFO  impl.RaftServerImpl (RaftServerImpl.java:setRole(174)) - 4f799f37-ab1c-4be0-adf3-be30f86725ba@group-C9A82E656A1C: changes role from CANDIDATE to LEADER at term 1 for changeToLeader
2019-09-26 10:06:57,141 [4f799f37-ab1c-4be0-adf3-be30f86725ba@group-965E1FDBB6CA:LeaderElection262] INFO  impl.RoleInfo (RoleInfo.java:shutdownLeaderElection(134)) - 4f799f37-ab1c-4be0-adf3-be30f86725ba: shutdown LeaderElection
2019-09-26 10:06:57,143 [4f799f37-ab1c-4be0-adf3-be30f86725ba@group-C9A82E656A1C:LeaderElection266] INFO  impl.RaftServerImpl (ServerState.java:setLeader(253)) - 4f799f37-ab1c-4be0-adf3-be30f86725ba@group-C9A82E656A1C: change Leader from null to 4f799f37-ab1c-4be0-adf3-be30f86725ba at term 1 for becomeLeader, leader elected after 5536ms
2019-09-26 10:06:57,143 [4f799f37-ab1c-4be0-adf3-be30f86725ba@group-484FD330C780:LeaderElection263] INFO  impl.RaftServerImpl (ServerState.java:setLeader(253)) - 4f799f37-ab1c-4be0-adf3-be30f86725ba@group-484FD330C780: change Leader from null to 4f799f37-ab1c-4be0-adf3-be30f86725ba at term 1 for becomeLeader, leader elected after 5632ms
2019-09-26 10:06:57,142 [4f799f37-ab1c-4be0-adf3-be30f86725ba@group-F84277A0C1F9:LeaderElection267] INFO  server.RaftServerConfigKeys (ConfUtils.java:logGet(43)) - raft.server.rpc.sleep.time = 25ms (default)
2019-09-26 10:06:57,142 [77afb7a9-3f27-4b85-962a-c9c70d1ecd8b@group-5505A0F9A3F5:LeaderElection265] INFO  impl.RaftServerImpl (ServerState.java:setLeader(253)) - 77afb7a9-3f27-4b85-962a-c9c70d1ecd8b@group-5505A0F9A3F5: change Leader from null to 77afb7a9-3f27-4b85-962a-c9c70d1ecd8b at term 1 for becomeLeader, leader elected after 5503ms
2019-09-26 10:06:57,142 [4f799f37-ab1c-4be0-adf3-be30f86725ba@group-A8F35B55102F:LeaderElection264] INFO  impl.RaftServerImpl (RaftServerImpl.java:setRole(174)) - 4f799f37-ab1c-4be0-adf3-be30f86725ba@group-A8F35B55102F: changes role from CANDIDATE to LEADER at term 1 for changeToLeader
2019-09-26 10:06:57,143 [77afb7a9-3f27-4b85-962a-c9c70d1ecd8b@group-5505A0F9A3F5:LeaderElection265] INFO  server.RaftServerConfigKeys (ConfUtils.java:logGet(43)) - raft.server.staging.catchup.gap = 1000 (default)
2019-09-26 10:06:57,144 [77afb7a9-3f27-4b85-962a-c9c70d1ecd8b@group-5505A0F9A3F5:LeaderElection265] INFO  server.RaftServerConfigKeys (ConfUtils.java:logGet(43)) - raft.server.rpc.sleep.time = 25ms (default)
2019-09-26 10:06:57,143 [4f799f37-ab1c-4be0-adf3-be30f86725ba@group-F84277A0C1F9:LeaderElection267] INFO  server.RaftServerConfigKeys (ConfUtils.java:logGet(43)) - raft.server.write.element-limit = 4096 (default)
2019-09-26 10:06:57,143 [4f799f37-ab1c-4be0-adf3-be30f86725ba@group-484FD330C780:LeaderElection263] INFO  server.RaftServerConfigKeys (ConfUtils.java:logGet(43)) - raft.server.staging.catchup.gap = 1000 (default)
2019-09-26 10:06:57,143 [4f799f37-ab1c-4be0-adf3-be30f86725ba@group-C9A82E656A1C:LeaderElection266] INFO  server.RaftServerConfigKeys (ConfUtils.java:logGet(43)) - raft.server.staging.catchup.gap = 1000 (default)
2019-09-26 10:06:57,143 [4f799f37-ab1c-4be0-adf3-be30f86725ba@group-965E1FDBB6CA:LeaderElection262] INFO  impl.RaftServerImpl (RaftServerImpl.java:setRole(174)) - 4f799f37-ab1c-4be0-adf3-be30f86725ba@group-965E1FDBB6CA: changes role from CANDIDATE to LEADER at term 1 for changeToLeader
2019-09-26 10:06:57,144 [4f799f37-ab1c-4be0-adf3-be30f86725ba@group-C9A82E656A1C:LeaderElection266] INFO  server.RaftServerConfigKeys (ConfUtils.java:logGet(43)) - raft.server.rpc.sleep.time = 25ms (default)
2019-09-26 10:06:57,144 [4f799f37-ab1c-4be0-adf3-be30f86725ba@group-484FD330C780:LeaderElection263] INFO  server.RaftServerConfigKeys (ConfUtils.java:logGet(43)) - raft.server.rpc.sleep.time = 25ms (default)
2019-09-26 10:06:57,144 [4f799f37-ab1c-4be0-adf3-be30f86725ba@group-F84277A0C1F9:LeaderElection267] INFO  server.RaftServerConfigKeys (ConfUtils.java:logGet(43)) - raft.server.watch.timeout = 10s (default)
2019-09-26 10:06:57,144 [77afb7a9-3f27-4b85-962a-c9c70d1ecd8b@group-5505A0F9A3F5:LeaderElection265] INFO  server.RaftServerConfigKeys (ConfUtils.java:logGet(43)) - raft.server.write.element-limit = 4096 (default)
2019-09-26 10:06:57,144 [4f799f37-ab1c-4be0-adf3-be30f86725ba@group-A8F35B55102F:LeaderElection264] INFO  impl.RaftServerImpl (ServerState.java:setLeader(253)) - 4f799f37-ab1c-4be0-adf3-be30f86725ba@group-A8F35B55102F: change Leader from null to 4f799f37-ab1c-4be0-adf3-be30f86725ba at term 1 for becomeLeader, leader elected after 5578ms
2019-09-26 10:06:57,145 [77afb7a9-3f27-4b85-962a-c9c70d1ecd8b@group-5505A0F9A3F5:LeaderElection265] INFO  server.RaftServerConfigKeys (ConfUtils.java:logGet(43)) - raft.server.watch.timeout = 10s (default)
2019-09-26 10:06:57,145 [77afb7a9-3f27-4b85-962a-c9c70d1ecd8b@group-5505A0F9A3F5:LeaderElection265] INFO  server.RaftServerConfigKeys (ConfUtils.java:logGet(43)) - raft.server.watch.timeout.denomination = 1s (default)
2019-09-26 10:06:57,145 [4f799f37-ab1c-4be0-adf3-be30f86725ba@group-F84277A0C1F9:LeaderElection267] INFO  server.RaftServerConfigKeys (ConfUtils.java:logGet(43)) - raft.server.watch.timeout.denomination = 1s (default)
2019-09-26 10:06:57,145 [4f799f37-ab1c-4be0-adf3-be30f86725ba@group-484FD330C780:LeaderElection263] INFO  server.RaftServerConfigKeys (ConfUtils.java:logGet(43)) - raft.server.write.element-limit = 4096 (default)
2019-09-26 10:06:57,145 [4f799f37-ab1c-4be0-adf3-be30f86725ba@group-C9A82E656A1C:LeaderElection266] INFO  server.RaftServerConfigKeys (ConfUtils.java:logGet(43)) - raft.server.write.element-limit = 4096 (default)
2019-09-26 10:06:57,144 [4f799f37-ab1c-4be0-adf3-be30f86725ba@group-965E1FDBB6CA:LeaderElection262] INFO  impl.RaftServerImpl (ServerState.java:setLeader(253)) - 4f799f37-ab1c-4be0-adf3-be30f86725ba@group-965E1FDBB6CA: change Leader from null to 4f799f37-ab1c-4be0-adf3-be30f86725ba at term 1 for becomeLeader, leader elected after 5679ms
2019-09-26 10:06:57,146 [4f799f37-ab1c-4be0-adf3-be30f86725ba@group-C9A82E656A1C:LeaderElection266] INFO  server.RaftServerConfigKeys (ConfUtils.java:logGet(43)) - raft.server.watch.timeout = 10s (default)
2019-09-26 10:06:57,146 [4f799f37-ab1c-4be0-adf3-be30f86725ba@group-484FD330C780:LeaderElection263] INFO  server.RaftServerConfigKeys (ConfUtils.java:logGet(43)) - raft.server.watch.timeout = 10s (default)
2019-09-26 10:06:57,146 [4f799f37-ab1c-4be0-adf3-be30f86725ba@group-F84277A0C1F9:LeaderElection267] INFO  server.RaftServerConfigKeys (ConfUtils.java:logGet(43)) - raft.server.watch.element-limit = 65536 (default)
2019-09-26 10:06:57,146 [77afb7a9-3f27-4b85-962a-c9c70d1ecd8b@group-5505A0F9A3F5:LeaderElection265] INFO  server.RaftServerConfigKeys (ConfUtils.java:logGet(43)) - raft.server.watch.element-limit = 65536 (default)
2019-09-26 10:06:57,145 [4f799f37-ab1c-4be0-adf3-be30f86725ba@group-A8F35B55102F:LeaderElection264] INFO  server.RaftServerConfigKeys (ConfUtils.java:logGet(43)) - raft.server.staging.catchup.gap = 1000 (default)
2019-09-26 10:06:57,147 [4f799f37-ab1c-4be0-adf3-be30f86725ba@group-484FD330C780:LeaderElection263] INFO  server.RaftServerConfigKeys (ConfUtils.java:logGet(43)) - raft.server.watch.timeout.denomination = 1s (default)
2019-09-26 10:06:57,146 [4f799f37-ab1c-4be0-adf3-be30f86725ba@group-C9A82E656A1C:LeaderElection266] INFO  server.RaftServerConfigKeys (ConfUtils.java:logGet(43)) - raft.server.watch.timeout.denomination = 1s (default)
2019-09-26 10:06:57,147 [4f799f37-ab1c-4be0-adf3-be30f86725ba@group-C9A82E656A1C:LeaderElection266] INFO  server.RaftServerConfigKeys (ConfUtils.java:logGet(43)) - raft.server.watch.element-limit = 65536 (default)
2019-09-26 10:06:57,146 [4f799f37-ab1c-4be0-adf3-be30f86725ba@group-965E1FDBB6CA:LeaderElection262] INFO  server.RaftServerConfigKeys (ConfUtils.java:logGet(43)) - raft.server.staging.catchup.gap = 1000 (default)
2019-09-26 10:06:57,147 [4f799f37-ab1c-4be0-adf3-be30f86725ba@group-484FD330C780:LeaderElection263] INFO  server.RaftServerConfigKeys (ConfUtils.java:logGet(43)) - raft.server.watch.element-limit = 65536 (default)
2019-09-26 10:06:57,147 [4f799f37-ab1c-4be0-adf3-be30f86725ba@group-A8F35B55102F:LeaderElection264] INFO  server.RaftServerConfigKeys (ConfUtils.java:logGet(43)) - raft.server.rpc.sleep.time = 25ms (default)
2019-09-26 10:06:57,148 [4f799f37-ab1c-4be0-adf3-be30f86725ba@group-965E1FDBB6CA:LeaderElection262] INFO  server.RaftServerConfigKeys (ConfUtils.java:logGet(43)) - raft.server.rpc.sleep.time = 25ms (default)
2019-09-26 10:06:57,148 [4f799f37-ab1c-4be0-adf3-be30f86725ba@group-A8F35B55102F:LeaderElection264] INFO  server.RaftServerConfigKeys (ConfUtils.java:logGet(43)) - raft.server.write.element-limit = 4096 (default)
2019-09-26 10:06:57,148 [4f799f37-ab1c-4be0-adf3-be30f86725ba@group-965E1FDBB6CA:LeaderElection262] INFO  server.RaftServerConfigKeys (ConfUtils.java:logGet(43)) - raft.server.write.element-limit = 4096 (default)
2019-09-26 10:06:57,149 [4f799f37-ab1c-4be0-adf3-be30f86725ba@group-A8F35B55102F:LeaderElection264] INFO  server.RaftServerConfigKeys (ConfUtils.java:logGet(43)) - raft.server.watch.timeout = 10s (default)
2019-09-26 10:06:57,149 [4f799f37-ab1c-4be0-adf3-be30f86725ba@group-965E1FDBB6CA:LeaderElection262] INFO  server.RaftServerConfigKeys (ConfUtils.java:logGet(43)) - raft.server.watch.timeout = 10s (default)
2019-09-26 10:06:57,149 [4f799f37-ab1c-4be0-adf3-be30f86725ba@group-A8F35B55102F:LeaderElection264] INFO  server.RaftServerConfigKeys (ConfUtils.java:logGet(43)) - raft.server.watch.timeout.denomination = 1s (default)
2019-09-26 10:06:57,149 [4f799f37-ab1c-4be0-adf3-be30f86725ba@group-965E1FDBB6CA:LeaderElection262] INFO  server.RaftServerConfigKeys (ConfUtils.java:logGet(43)) - raft.server.watch.timeout.denomination = 1s (default)
2019-09-26 10:06:57,149 [4f799f37-ab1c-4be0-adf3-be30f86725ba@group-A8F35B55102F:LeaderElection264] INFO  server.RaftServerConfigKeys (ConfUtils.java:logGet(43)) - raft.server.watch.element-limit = 65536 (default)
2019-09-26 10:06:57,149 [4f799f37-ab1c-4be0-adf3-be30f86725ba@group-965E1FDBB6CA:LeaderElection262] INFO  server.RaftServerConfigKeys (ConfUtils.java:logGet(43)) - raft.server.watch.element-limit = 65536 (default)
2019-09-26 10:06:57,154 [4f799f37-ab1c-4be0-adf3-be30f86725ba@group-F84277A0C1F9:LeaderElection267] INFO  impl.RoleInfo (RoleInfo.java:updateAndGet(143)) - 4f799f37-ab1c-4be0-adf3-be30f86725ba: start LeaderState
2019-09-26 10:06:57,155 [4f799f37-ab1c-4be0-adf3-be30f86725ba@group-F84277A0C1F9:LeaderElection267] INFO  segmented.SegmentedRaftLogWorker (SegmentedRaftLogWorker.java:startLogSegment(380)) - 4f799f37-ab1c-4be0-adf3-be30f86725ba@group-F84277A0C1F9-SegmentedRaftLogWorker: Starting segment from index:0
2019-09-26 10:06:57,155 [4f799f37-ab1c-4be0-adf3-be30f86725ba@group-F84277A0C1F9:LeaderElection267] INFO  impl.RaftServerImpl (ServerState.java:setRaftConf(354)) - 4f799f37-ab1c-4be0-adf3-be30f86725ba@group-F84277A0C1F9: set configuration 0: [4f799f37-ab1c-4be0-adf3-be30f86725ba:192.168.30.13:45015], old=null at 0
2019-09-26 10:06:57,157 [77afb7a9-3f27-4b85-962a-c9c70d1ecd8b@group-5505A0F9A3F5:LeaderElection265] INFO  impl.RoleInfo (RoleInfo.java:updateAndGet(143)) - 77afb7a9-3f27-4b85-962a-c9c70d1ecd8b: start LeaderState
2019-09-26 10:06:57,157 [77afb7a9-3f27-4b85-962a-c9c70d1ecd8b@group-5505A0F9A3F5:LeaderElection265] INFO  segmented.SegmentedRaftLogWorker (SegmentedRaftLogWorker.java:startLogSegment(380)) - 77afb7a9-3f27-4b85-962a-c9c70d1ecd8b@group-5505A0F9A3F5-SegmentedRaftLogWorker: Starting segment from index:0
2019-09-26 10:06:57,157 [77afb7a9-3f27-4b85-962a-c9c70d1ecd8b@group-5505A0F9A3F5:LeaderElection265] INFO  impl.RaftServerImpl (ServerState.java:setRaftConf(354)) - 77afb7a9-3f27-4b85-962a-c9c70d1ecd8b@group-5505A0F9A3F5: set configuration 0: [77afb7a9-3f27-4b85-962a-c9c70d1ecd8b:192.168.30.13:39117], old=null at 0
2019-09-26 10:06:57,158 [4f799f37-ab1c-4be0-adf3-be30f86725ba@group-C9A82E656A1C:LeaderElection266] INFO  impl.RoleInfo (RoleInfo.java:updateAndGet(143)) - 4f799f37-ab1c-4be0-adf3-be30f86725ba: start LeaderState
2019-09-26 10:06:57,158 [4f799f37-ab1c-4be0-adf3-be30f86725ba@group-C9A82E656A1C:LeaderElection266] INFO  segmented.SegmentedRaftLogWorker (SegmentedRaftLogWorker.java:startLogSegment(380)) - 4f799f37-ab1c-4be0-adf3-be30f86725ba@group-C9A82E656A1C-SegmentedRaftLogWorker: Starting segment from index:0
2019-09-26 10:06:57,158 [4f799f37-ab1c-4be0-adf3-be30f86725ba@group-484FD330C780:LeaderElection263] INFO  impl.RoleInfo (RoleInfo.java:updateAndGet(143)) - 4f799f37-ab1c-4be0-adf3-be30f86725ba: start LeaderState
2019-09-26 10:06:57,158 [4f799f37-ab1c-4be0-adf3-be30f86725ba@group-C9A82E656A1C:LeaderElection266] INFO  impl.RaftServerImpl (ServerState.java:setRaftConf(354)) - 4f799f37-ab1c-4be0-adf3-be30f86725ba@group-C9A82E656A1C: set configuration 0: [4f799f37-ab1c-4be0-adf3-be30f86725ba:192.168.30.13:45015], old=null at 0
2019-09-26 10:06:57,158 [4f799f37-ab1c-4be0-adf3-be30f86725ba@group-484FD330C780:LeaderElection263] INFO  segmented.SegmentedRaftLogWorker (SegmentedRaftLogWorker.java:startLogSegment(380)) - 4f799f37-ab1c-4be0-adf3-be30f86725ba@group-484FD330C780-SegmentedRaftLogWorker: Starting segment from index:0
2019-09-26 10:06:57,159 [4f799f37-ab1c-4be0-adf3-be30f86725ba@group-A8F35B55102F:LeaderElection264] INFO  impl.RoleInfo (RoleInfo.java:updateAndGet(143)) - 4f799f37-ab1c-4be0-adf3-be30f86725ba: start LeaderState
2019-09-26 10:06:57,159 [4f799f37-ab1c-4be0-adf3-be30f86725ba@group-A8F35B55102F:LeaderElection264] INFO  segmented.SegmentedRaftLogWorker (SegmentedRaftLogWorker.java:startLogSegment(380)) - 4f799f37-ab1c-4be0-adf3-be30f86725ba@group-A8F35B55102F-SegmentedRaftLogWorker: Starting segment from index:0
2019-09-26 10:06:57,159 [4f799f37-ab1c-4be0-adf3-be30f86725ba@group-484FD330C780:LeaderElection263] INFO  impl.RaftServerImpl (ServerState.java:setRaftConf(354)) - 4f799f37-ab1c-4be0-adf3-be30f86725ba@group-484FD330C780: set configuration 0: [4f799f37-ab1c-4be0-adf3-be30f86725ba:192.168.30.13:45015], old=null at 0
2019-09-26 10:06:57,159 [4f799f37-ab1c-4be0-adf3-be30f86725ba@group-965E1FDBB6CA:LeaderElection262] INFO  impl.RoleInfo (RoleInfo.java:updateAndGet(143)) - 4f799f37-ab1c-4be0-adf3-be30f86725ba: start LeaderState
2019-09-26 10:06:57,159 [4f799f37-ab1c-4be0-adf3-be30f86725ba@group-A8F35B55102F:LeaderElection264] INFO  impl.RaftServerImpl (ServerState.java:setRaftConf(354)) - 4f799f37-ab1c-4be0-adf3-be30f86725ba@group-A8F35B55102F: set configuration 0: [4f799f37-ab1c-4be0-adf3-be30f86725ba:192.168.30.13:45015], old=null at 0
2019-09-26 10:06:57,160 [4f799f37-ab1c-4be0-adf3-be30f86725ba@group-965E1FDBB6CA:LeaderElection262] INFO  segmented.SegmentedRaftLogWorker (SegmentedRaftLogWorker.java:startLogSegment(380)) - 4f799f37-ab1c-4be0-adf3-be30f86725ba@group-965E1FDBB6CA-SegmentedRaftLogWorker: Starting segment from index:0
2019-09-26 10:06:57,160 [4f799f37-ab1c-4be0-adf3-be30f86725ba@group-965E1FDBB6CA:LeaderElection262] INFO  impl.RaftServerImpl (ServerState.java:setRaftConf(354)) - 4f799f37-ab1c-4be0-adf3-be30f86725ba@group-965E1FDBB6CA: set configuration 0: [4f799f37-ab1c-4be0-adf3-be30f86725ba:192.168.30.13:45015], old=null at 0
2019-09-26 10:06:57,222 [4f799f37-ab1c-4be0-adf3-be30f86725ba@group-484FD330C780-SegmentedRaftLogWorker] INFO  segmented.SegmentedRaftLogWorker (SegmentedRaftLogWorker.java:execute(569)) - 4f799f37-ab1c-4be0-adf3-be30f86725ba@group-484FD330C780-SegmentedRaftLogWorker: created new log segment /workdir/hadoop-ozone/integration-test/target/test-dir/MiniOzoneClusterImpl-3237421e-5f73-41b0-8605-c54d21f4eaa5/datanode-0/data/ratis/6d538642-8e30-4301-84a3-484fd330c780/current/log_inprogress_0
2019-09-26 10:06:57,222 [4f799f37-ab1c-4be0-adf3-be30f86725ba@group-F84277A0C1F9-SegmentedRaftLogWorker] INFO  segmented.SegmentedRaftLogWorker (SegmentedRaftLogWorker.java:execute(569)) - 4f799f37-ab1c-4be0-adf3-be30f86725ba@group-F84277A0C1F9-SegmentedRaftLogWorker: created new log segment /workdir/hadoop-ozone/integration-test/target/test-dir/MiniOzoneClusterImpl-3237421e-5f73-41b0-8605-c54d21f4eaa5/datanode-0/data/ratis/f4ecf2ba-389c-49ac-baed-f84277a0c1f9/current/log_inprogress_0
2019-09-26 10:06:57,222 [4f799f37-ab1c-4be0-adf3-be30f86725ba@group-A8F35B55102F-SegmentedRaftLogWorker] INFO  segmented.SegmentedRaftLogWorker (SegmentedRaftLogWorker.java:execute(569)) - 4f799f37-ab1c-4be0-adf3-be30f86725ba@group-A8F35B55102F-SegmentedRaftLogWorker: created new log segment /workdir/hadoop-ozone/integration-test/target/test-dir/MiniOzoneClusterImpl-3237421e-5f73-41b0-8605-c54d21f4eaa5/datanode-0/data/ratis/0effad44-969c-4920-b346-a8f35b55102f/current/log_inprogress_0
2019-09-26 10:06:57,222 [77afb7a9-3f27-4b85-962a-c9c70d1ecd8b@group-5505A0F9A3F5-SegmentedRaftLogWorker] INFO  segmented.SegmentedRaftLogWorker (SegmentedRaftLogWorker.java:execute(569)) - 77afb7a9-3f27-4b85-962a-c9c70d1ecd8b@group-5505A0F9A3F5-SegmentedRaftLogWorker: created new log segment /workdir/hadoop-ozone/integration-test/target/test-dir/MiniOzoneClusterImpl-3237421e-5f73-41b0-8605-c54d21f4eaa5/datanode-1/data/ratis/26bacfd2-1a0f-457b-b1d7-5505a0f9a3f5/current/log_inprogress_0
2019-09-26 10:06:57,237 [4f799f37-ab1c-4be0-adf3-be30f86725ba@group-C9A82E656A1C-SegmentedRaftLogWorker] INFO  segmented.SegmentedRaftLogWorker (SegmentedRaftLogWorker.java:execute(569)) - 4f799f37-ab1c-4be0-adf3-be30f86725ba@group-C9A82E656A1C-SegmentedRaftLogWorker: created new log segment /workdir/hadoop-ozone/integration-test/target/test-dir/MiniOzoneClusterImpl-3237421e-5f73-41b0-8605-c54d21f4eaa5/datanode-0/data/ratis/9542c668-1079-4554-994a-c9a82e656a1c/current/log_inprogress_0
2019-09-26 10:06:57,237 [4f799f37-ab1c-4be0-adf3-be30f86725ba@group-965E1FDBB6CA-SegmentedRaftLogWorker] INFO  segmented.SegmentedRaftLogWorker (SegmentedRaftLogWorker.java:execute(569)) - 4f799f37-ab1c-4be0-adf3-be30f86725ba@group-965E1FDBB6CA-SegmentedRaftLogWorker: created new log segment /workdir/hadoop-ozone/integration-test/target/test-dir/MiniOzoneClusterImpl-3237421e-5f73-41b0-8605-c54d21f4eaa5/datanode-0/data/ratis/3e1ad023-5a1b-46c4-9ef1-965e1fdbb6ca/current/log_inprogress_0
2019-09-26 10:06:57,417 [Thread-3560] INFO  impl.FollowerState (FollowerState.java:run(106)) - 4f799f37-ab1c-4be0-adf3-be30f86725ba:group-2F5591CADDE5 changes to CANDIDATE, lastRpcTime:5027, electionTimeout:5027ms
2019-09-26 10:06:57,418 [Thread-3560] INFO  impl.RoleInfo (RoleInfo.java:shutdownFollowerState(121)) - 4f799f37-ab1c-4be0-adf3-be30f86725ba: shutdown FollowerState
2019-09-26 10:06:57,418 [Thread-3560] INFO  impl.RaftServerImpl (RaftServerImpl.java:setRole(174)) - 4f799f37-ab1c-4be0-adf3-be30f86725ba@group-2F5591CADDE5: changes role from  FOLLOWER to CANDIDATE at term 0 for changeToCandidate
2019-09-26 10:06:57,418 [Thread-3560] INFO  impl.RoleInfo (RoleInfo.java:updateAndGet(143)) - 4f799f37-ab1c-4be0-adf3-be30f86725ba: start LeaderElection
2019-09-26 10:06:57,439 [4f799f37-ab1c-4be0-adf3-be30f86725ba@group-2F5591CADDE5:LeaderElection268] INFO  impl.LeaderElection (LeaderElection.java:askForVotes(182)) - 4f799f37-ab1c-4be0-adf3-be30f86725ba@group-2F5591CADDE5:LeaderElection268: begin an election at term 1 for -1: [4f799f37-ab1c-4be0-adf3-be30f86725ba:192.168.30.13:45015], old=null
2019-09-26 10:06:57,440 [4f799f37-ab1c-4be0-adf3-be30f86725ba@group-2F5591CADDE5:LeaderElection268] INFO  impl.RoleInfo (RoleInfo.java:shutdownLeaderElection(134)) - 4f799f37-ab1c-4be0-adf3-be30f86725ba: shutdown LeaderElection
2019-09-26 10:06:57,440 [4f799f37-ab1c-4be0-adf3-be30f86725ba@group-2F5591CADDE5:LeaderElection268] INFO  impl.RaftServerImpl (RaftServerImpl.java:setRole(174)) - 4f799f37-ab1c-4be0-adf3-be30f86725ba@group-2F5591CADDE5: changes role from CANDIDATE to LEADER at term 1 for changeToLeader
2019-09-26 10:06:57,440 [4f799f37-ab1c-4be0-adf3-be30f86725ba@group-2F5591CADDE5:LeaderElection268] INFO  impl.RaftServerImpl (ServerState.java:setLeader(253)) - 4f799f37-ab1c-4be0-adf3-be30f86725ba@group-2F5591CADDE5: change Leader from null to 4f799f37-ab1c-4be0-adf3-be30f86725ba at term 1 for becomeLeader, leader elected after 5055ms
2019-09-26 10:06:57,440 [4f799f37-ab1c-4be0-adf3-be30f86725ba@group-2F5591CADDE5:LeaderElection268] INFO  server.RaftServerConfigKeys (ConfUtils.java:logGet(43)) - raft.server.staging.catchup.gap = 1000 (default)
2019-09-26 10:06:57,440 [4f799f37-ab1c-4be0-adf3-be30f86725ba@group-2F5591CADDE5:LeaderElection268] INFO  server.RaftServerConfigKeys (ConfUtils.java:logGet(43)) - raft.server.rpc.sleep.time = 25ms (default)
2019-09-26 10:06:57,440 [4f799f37-ab1c-4be0-adf3-be30f86725ba@group-2F5591CADDE5:LeaderElection268] INFO  server.RaftServerConfigKeys (ConfUtils.java:logGet(43)) - raft.server.write.element-limit = 4096 (default)
2019-09-26 10:06:57,441 [4f799f37-ab1c-4be0-adf3-be30f86725ba@group-2F5591CADDE5:LeaderElection268] INFO  server.RaftServerConfigKeys (ConfUtils.java:logGet(43)) - raft.server.watch.timeout = 10s (default)
2019-09-26 10:06:57,441 [4f799f37-ab1c-4be0-adf3-be30f86725ba@group-2F5591CADDE5:LeaderElection268] INFO  server.RaftServerConfigKeys (ConfUtils.java:logGet(43)) - raft.server.watch.timeout.denomination = 1s (default)
2019-09-26 10:06:57,441 [4f799f37-ab1c-4be0-adf3-be30f86725ba@group-2F5591CADDE5:LeaderElection268] INFO  server.RaftServerConfigKeys (ConfUtils.java:logGet(43)) - raft.server.watch.element-limit = 65536 (default)
2019-09-26 10:06:57,442 [Thread-3557] INFO  impl.FollowerState (FollowerState.java:run(106)) - 77afb7a9-3f27-4b85-962a-c9c70d1ecd8b:group-7528A96E1D6C changes to CANDIDATE, lastRpcTime:5085, electionTimeout:5085ms
2019-09-26 10:06:57,442 [Thread-3557] INFO  impl.RoleInfo (RoleInfo.java:shutdownFollowerState(121)) - 77afb7a9-3f27-4b85-962a-c9c70d1ecd8b: shutdown FollowerState
2019-09-26 10:06:57,442 [Thread-3557] INFO  impl.RaftServerImpl (RaftServerImpl.java:setRole(174)) - 77afb7a9-3f27-4b85-962a-c9c70d1ecd8b@group-7528A96E1D6C: changes role from  FOLLOWER to CANDIDATE at term 0 for changeToCandidate
2019-09-26 10:06:57,442 [Thread-3557] INFO  impl.RoleInfo (RoleInfo.java:updateAndGet(143)) - 77afb7a9-3f27-4b85-962a-c9c70d1ecd8b: start LeaderElection
2019-09-26 10:06:57,448 [4f799f37-ab1c-4be0-adf3-be30f86725ba@group-2F5591CADDE5:LeaderElection268] INFO  impl.RoleInfo (RoleInfo.java:updateAndGet(143)) - 4f799f37-ab1c-4be0-adf3-be30f86725ba: start LeaderState
2019-09-26 10:06:57,448 [4f799f37-ab1c-4be0-adf3-be30f86725ba@group-2F5591CADDE5:LeaderElection268] INFO  segmented.SegmentedRaftLogWorker (SegmentedRaftLogWorker.java:startLogSegment(380)) - 4f799f37-ab1c-4be0-adf3-be30f86725ba@group-2F5591CADDE5-SegmentedRaftLogWorker: Starting segment from index:0
2019-09-26 10:06:57,449 [4f799f37-ab1c-4be0-adf3-be30f86725ba@group-2F5591CADDE5:LeaderElection268] INFO  impl.RaftServerImpl (ServerState.java:setRaftConf(354)) - 4f799f37-ab1c-4be0-adf3-be30f86725ba@group-2F5591CADDE5: set configuration 0: [4f799f37-ab1c-4be0-adf3-be30f86725ba:192.168.30.13:45015], old=null at 0
2019-09-26 10:06:57,461 [77afb7a9-3f27-4b85-962a-c9c70d1ecd8b@group-7528A96E1D6C:LeaderElection269] INFO  impl.LeaderElection (LeaderElection.java:askForVotes(182)) - 77afb7a9-3f27-4b85-962a-c9c70d1ecd8b@group-7528A96E1D6C:LeaderElection269: begin an election at term 1 for -1: [77afb7a9-3f27-4b85-962a-c9c70d1ecd8b:192.168.30.13:39117], old=null
2019-09-26 10:06:57,461 [77afb7a9-3f27-4b85-962a-c9c70d1ecd8b@group-7528A96E1D6C:LeaderElection269] INFO  impl.RoleInfo (RoleInfo.java:shutdownLeaderElection(134)) - 77afb7a9-3f27-4b85-962a-c9c70d1ecd8b: shutdown LeaderElection
2019-09-26 10:06:57,461 [77afb7a9-3f27-4b85-962a-c9c70d1ecd8b@group-7528A96E1D6C:LeaderElection269] INFO  impl.RaftServerImpl (RaftServerImpl.java:setRole(174)) - 77afb7a9-3f27-4b85-962a-c9c70d1ecd8b@group-7528A96E1D6C: changes role from CANDIDATE to LEADER at term 1 for changeToLeader
2019-09-26 10:06:57,461 [77afb7a9-3f27-4b85-962a-c9c70d1ecd8b@group-7528A96E1D6C:LeaderElection269] INFO  impl.RaftServerImpl (ServerState.java:setLeader(253)) - 77afb7a9-3f27-4b85-962a-c9c70d1ecd8b@group-7528A96E1D6C: change Leader from null to 77afb7a9-3f27-4b85-962a-c9c70d1ecd8b at term 1 for becomeLeader, leader elected after 5111ms
2019-09-26 10:06:57,461 [77afb7a9-3f27-4b85-962a-c9c70d1ecd8b@group-7528A96E1D6C:LeaderElection269] INFO  server.RaftServerConfigKeys (ConfUtils.java:logGet(43)) - raft.server.staging.catchup.gap = 1000 (default)
2019-09-26 10:06:57,462 [77afb7a9-3f27-4b85-962a-c9c70d1ecd8b@group-7528A96E1D6C:LeaderElection269] INFO  server.RaftServerConfigKeys (ConfUtils.java:logGet(43)) - raft.server.rpc.sleep.time = 25ms (default)
2019-09-26 10:06:57,462 [77afb7a9-3f27-4b85-962a-c9c70d1ecd8b@group-7528A96E1D6C:LeaderElection269] INFO  server.RaftServerConfigKeys (ConfUtils.java:logGet(43)) - raft.server.write.element-limit = 4096 (default)
2019-09-26 10:06:57,462 [77afb7a9-3f27-4b85-962a-c9c70d1ecd8b@group-7528A96E1D6C:LeaderElection269] INFO  server.RaftServerConfigKeys (ConfUtils.java:logGet(43)) - raft.server.watch.timeout = 10s (default)
2019-09-26 10:06:57,462 [77afb7a9-3f27-4b85-962a-c9c70d1ecd8b@group-7528A96E1D6C:LeaderElection269] INFO  server.RaftServerConfigKeys (ConfUtils.java:logGet(43)) - raft.server.watch.timeout.denomination = 1s (default)
2019-09-26 10:06:57,462 [77afb7a9-3f27-4b85-962a-c9c70d1ecd8b@group-7528A96E1D6C:LeaderElection269] INFO  server.RaftServerConfigKeys (ConfUtils.java:logGet(43)) - raft.server.watch.element-limit = 65536 (default)
2019-09-26 10:06:57,464 [77afb7a9-3f27-4b85-962a-c9c70d1ecd8b@group-7528A96E1D6C:LeaderElection269] INFO  impl.RoleInfo (RoleInfo.java:updateAndGet(143)) - 77afb7a9-3f27-4b85-962a-c9c70d1ecd8b: start LeaderState
2019-09-26 10:06:57,464 [77afb7a9-3f27-4b85-962a-c9c70d1ecd8b@group-7528A96E1D6C:LeaderElection269] INFO  segmented.SegmentedRaftLogWorker (SegmentedRaftLogWorker.java:startLogSegment(380)) - 77afb7a9-3f27-4b85-962a-c9c70d1ecd8b@group-7528A96E1D6C-SegmentedRaftLogWorker: Starting segment from index:0
2019-09-26 10:06:57,465 [77afb7a9-3f27-4b85-962a-c9c70d1ecd8b@group-7528A96E1D6C:LeaderElection269] INFO  impl.RaftServerImpl (ServerState.java:setRaftConf(354)) - 77afb7a9-3f27-4b85-962a-c9c70d1ecd8b@group-7528A96E1D6C: set configuration 0: [77afb7a9-3f27-4b85-962a-c9c70d1ecd8b:192.168.30.13:39117], old=null at 0
2019-09-26 10:06:57,484 [Thread-3563] INFO  impl.FollowerState (FollowerState.java:run(106)) - 4c0de2d3-09dd-47d7-b7a1-4f63a4eb8acf:group-D86C3C9722A3 changes to CANDIDATE, lastRpcTime:5043, electionTimeout:5043ms
2019-09-26 10:06:57,484 [Thread-3563] INFO  impl.RoleInfo (RoleInfo.java:shutdownFollowerState(121)) - 4c0de2d3-09dd-47d7-b7a1-4f63a4eb8acf: shutdown FollowerState
2019-09-26 10:06:57,484 [Thread-3563] INFO  impl.RaftServerImpl (RaftServerImpl.java:setRole(174)) - 4c0de2d3-09dd-47d7-b7a1-4f63a4eb8acf@group-D86C3C9722A3: changes role from  FOLLOWER to CANDIDATE at term 0 for changeToCandidate
2019-09-26 10:06:57,484 [Thread-3563] INFO  impl.RoleInfo (RoleInfo.java:updateAndGet(143)) - 4c0de2d3-09dd-47d7-b7a1-4f63a4eb8acf: start LeaderElection
2019-09-26 10:06:57,523 [4f799f37-ab1c-4be0-adf3-be30f86725ba@group-2F5591CADDE5-SegmentedRaftLogWorker] INFO  segmented.SegmentedRaftLogWorker (SegmentedRaftLogWorker.java:execute(569)) - 4f799f37-ab1c-4be0-adf3-be30f86725ba@group-2F5591CADDE5-SegmentedRaftLogWorker: created new log segment /workdir/hadoop-ozone/integration-test/target/test-dir/MiniOzoneClusterImpl-3237421e-5f73-41b0-8605-c54d21f4eaa5/datanode-0/data/ratis/62e727a5-856b-4659-8ff0-2f5591cadde5/current/log_inprogress_0
2019-09-26 10:06:57,524 [4c0de2d3-09dd-47d7-b7a1-4f63a4eb8acf@group-D86C3C9722A3:LeaderElection270] INFO  impl.LeaderElection (LeaderElection.java:askForVotes(182)) - 4c0de2d3-09dd-47d7-b7a1-4f63a4eb8acf@group-D86C3C9722A3:LeaderElection270: begin an election at term 1 for -1: [4c0de2d3-09dd-47d7-b7a1-4f63a4eb8acf:192.168.30.13:40522], old=null
2019-09-26 10:06:57,524 [4c0de2d3-09dd-47d7-b7a1-4f63a4eb8acf@group-D86C3C9722A3:LeaderElection270] INFO  impl.RoleInfo (RoleInfo.java:shutdownLeaderElection(134)) - 4c0de2d3-09dd-47d7-b7a1-4f63a4eb8acf: shutdown LeaderElection
2019-09-26 10:06:57,524 [4c0de2d3-09dd-47d7-b7a1-4f63a4eb8acf@group-D86C3C9722A3:LeaderElection270] INFO  impl.RaftServerImpl (RaftServerImpl.java:setRole(174)) - 4c0de2d3-09dd-47d7-b7a1-4f63a4eb8acf@group-D86C3C9722A3: changes role from CANDIDATE to LEADER at term 1 for changeToLeader
2019-09-26 10:06:57,524 [4c0de2d3-09dd-47d7-b7a1-4f63a4eb8acf@group-D86C3C9722A3:LeaderElection270] INFO  impl.RaftServerImpl (ServerState.java:setLeader(253)) - 4c0de2d3-09dd-47d7-b7a1-4f63a4eb8acf@group-D86C3C9722A3: change Leader from null to 4c0de2d3-09dd-47d7-b7a1-4f63a4eb8acf at term 1 for becomeLeader, leader elected after 5091ms
2019-09-26 10:06:57,524 [4c0de2d3-09dd-47d7-b7a1-4f63a4eb8acf@group-D86C3C9722A3:LeaderElection270] INFO  server.RaftServerConfigKeys (ConfUtils.java:logGet(43)) - raft.server.staging.catchup.gap = 1000 (default)
2019-09-26 10:06:57,525 [4c0de2d3-09dd-47d7-b7a1-4f63a4eb8acf@group-D86C3C9722A3:LeaderElection270] INFO  server.RaftServerConfigKeys (ConfUtils.java:logGet(43)) - raft.server.rpc.sleep.time = 25ms (default)
2019-09-26 10:06:57,525 [4c0de2d3-09dd-47d7-b7a1-4f63a4eb8acf@group-D86C3C9722A3:LeaderElection270] INFO  server.RaftServerConfigKeys (ConfUtils.java:logGet(43)) - raft.server.write.element-limit = 4096 (default)
2019-09-26 10:06:57,525 [4c0de2d3-09dd-47d7-b7a1-4f63a4eb8acf@group-D86C3C9722A3:LeaderElection270] INFO  server.RaftServerConfigKeys (ConfUtils.java:logGet(43)) - raft.server.watch.timeout = 10s (default)
2019-09-26 10:06:57,525 [4c0de2d3-09dd-47d7-b7a1-4f63a4eb8acf@group-D86C3C9722A3:LeaderElection270] INFO  server.RaftServerConfigKeys (ConfUtils.java:logGet(43)) - raft.server.watch.timeout.denomination = 1s (default)
2019-09-26 10:06:57,525 [4c0de2d3-09dd-47d7-b7a1-4f63a4eb8acf@group-D86C3C9722A3:LeaderElection270] INFO  server.RaftServerConfigKeys (ConfUtils.java:logGet(43)) - raft.server.watch.element-limit = 65536 (default)
2019-09-26 10:06:57,523 [77afb7a9-3f27-4b85-962a-c9c70d1ecd8b@group-7528A96E1D6C-SegmentedRaftLogWorker] INFO  segmented.SegmentedRaftLogWorker (SegmentedRaftLogWorker.java:execute(569)) - 77afb7a9-3f27-4b85-962a-c9c70d1ecd8b@group-7528A96E1D6C-SegmentedRaftLogWorker: created new log segment /workdir/hadoop-ozone/integration-test/target/test-dir/MiniOzoneClusterImpl-3237421e-5f73-41b0-8605-c54d21f4eaa5/datanode-1/data/ratis/2a5f5a4e-9cd3-4de2-96c7-7528a96e1d6c/current/log_inprogress_0
2019-09-26 10:06:57,528 [4c0de2d3-09dd-47d7-b7a1-4f63a4eb8acf@group-D86C3C9722A3:LeaderElection270] INFO  impl.RoleInfo (RoleInfo.java:updateAndGet(143)) - 4c0de2d3-09dd-47d7-b7a1-4f63a4eb8acf: start LeaderState
2019-09-26 10:06:57,529 [4c0de2d3-09dd-47d7-b7a1-4f63a4eb8acf@group-D86C3C9722A3:LeaderElection270] INFO  segmented.SegmentedRaftLogWorker (SegmentedRaftLogWorker.java:startLogSegment(380)) - 4c0de2d3-09dd-47d7-b7a1-4f63a4eb8acf@group-D86C3C9722A3-SegmentedRaftLogWorker: Starting segment from index:0
2019-09-26 10:06:57,529 [4c0de2d3-09dd-47d7-b7a1-4f63a4eb8acf@group-D86C3C9722A3:LeaderElection270] INFO  impl.RaftServerImpl (ServerState.java:setRaftConf(354)) - 4c0de2d3-09dd-47d7-b7a1-4f63a4eb8acf@group-D86C3C9722A3: set configuration 0: [4c0de2d3-09dd-47d7-b7a1-4f63a4eb8acf:192.168.30.13:40522], old=null at 0
2019-09-26 10:06:57,536 [Thread-3569] INFO  impl.FollowerState (FollowerState.java:run(106)) - 77afb7a9-3f27-4b85-962a-c9c70d1ecd8b:group-56070B4B380A changes to CANDIDATE, lastRpcTime:5000, electionTimeout:5000ms
2019-09-26 10:06:57,536 [Thread-3569] INFO  impl.RoleInfo (RoleInfo.java:shutdownFollowerState(121)) - 77afb7a9-3f27-4b85-962a-c9c70d1ecd8b: shutdown FollowerState
2019-09-26 10:06:57,536 [Thread-3569] INFO  impl.RaftServerImpl (RaftServerImpl.java:setRole(174)) - 77afb7a9-3f27-4b85-962a-c9c70d1ecd8b@group-56070B4B380A: changes role from  FOLLOWER to CANDIDATE at term 0 for changeToCandidate
2019-09-26 10:06:57,536 [Thread-3569] INFO  impl.RoleInfo (RoleInfo.java:updateAndGet(143)) - 77afb7a9-3f27-4b85-962a-c9c70d1ecd8b: start LeaderElection
2019-09-26 10:06:57,579 [Thread-3566] INFO  impl.FollowerState (FollowerState.java:run(106)) - 77afb7a9-3f27-4b85-962a-c9c70d1ecd8b:group-D3B14EF27706 changes to CANDIDATE, lastRpcTime:5096, electionTimeout:5096ms
2019-09-26 10:06:57,580 [Thread-3566] INFO  impl.RoleInfo (RoleInfo.java:shutdownFollowerState(121)) - 77afb7a9-3f27-4b85-962a-c9c70d1ecd8b: shutdown FollowerState
2019-09-26 10:06:57,580 [Thread-3566] INFO  impl.RaftServerImpl (RaftServerImpl.java:setRole(174)) - 77afb7a9-3f27-4b85-962a-c9c70d1ecd8b@group-D3B14EF27706: changes role from  FOLLOWER to CANDIDATE at term 0 for changeToCandidate
2019-09-26 10:06:57,580 [Thread-3566] INFO  impl.RoleInfo (RoleInfo.java:updateAndGet(143)) - 77afb7a9-3f27-4b85-962a-c9c70d1ecd8b: start LeaderElection
2019-09-26 10:06:57,593 [4c0de2d3-09dd-47d7-b7a1-4f63a4eb8acf@group-D86C3C9722A3-SegmentedRaftLogWorker] INFO  segmented.SegmentedRaftLogWorker (SegmentedRaftLogWorker.java:execute(569)) - 4c0de2d3-09dd-47d7-b7a1-4f63a4eb8acf@group-D86C3C9722A3-SegmentedRaftLogWorker: created new log segment /workdir/hadoop-ozone/integration-test/target/test-dir/MiniOzoneClusterImpl-3237421e-5f73-41b0-8605-c54d21f4eaa5/datanode-3/data/ratis/eb77b42c-57ac-4ed8-9848-d86c3c9722a3/current/log_inprogress_0
2019-09-26 10:06:57,593 [77afb7a9-3f27-4b85-962a-c9c70d1ecd8b@group-56070B4B380A:LeaderElection271] INFO  impl.LeaderElection (LeaderElection.java:askForVotes(182)) - 77afb7a9-3f27-4b85-962a-c9c70d1ecd8b@group-56070B4B380A:LeaderElection271: begin an election at term 1 for -1: [77afb7a9-3f27-4b85-962a-c9c70d1ecd8b:192.168.30.13:39117], old=null
2019-09-26 10:06:57,593 [77afb7a9-3f27-4b85-962a-c9c70d1ecd8b@group-56070B4B380A:LeaderElection271] INFO  impl.RoleInfo (RoleInfo.java:shutdownLeaderElection(134)) - 77afb7a9-3f27-4b85-962a-c9c70d1ecd8b: shutdown LeaderElection
2019-09-26 10:06:57,593 [77afb7a9-3f27-4b85-962a-c9c70d1ecd8b@group-56070B4B380A:LeaderElection271] INFO  impl.RaftServerImpl (RaftServerImpl.java:setRole(174)) - 77afb7a9-3f27-4b85-962a-c9c70d1ecd8b@group-56070B4B380A: changes role from CANDIDATE to LEADER at term 1 for changeToLeader
2019-09-26 10:06:57,593 [77afb7a9-3f27-4b85-962a-c9c70d1ecd8b@group-56070B4B380A:LeaderElection271] INFO  impl.RaftServerImpl (ServerState.java:setLeader(253)) - 77afb7a9-3f27-4b85-962a-c9c70d1ecd8b@group-56070B4B380A: change Leader from null to 77afb7a9-3f27-4b85-962a-c9c70d1ecd8b at term 1 for becomeLeader, leader elected after 5063ms
2019-09-26 10:06:57,593 [77afb7a9-3f27-4b85-962a-c9c70d1ecd8b@group-56070B4B380A:LeaderElection271] INFO  server.RaftServerConfigKeys (ConfUtils.java:logGet(43)) - raft.server.staging.catchup.gap = 1000 (default)
2019-09-26 10:06:57,593 [77afb7a9-3f27-4b85-962a-c9c70d1ecd8b@group-56070B4B380A:LeaderElection271] INFO  server.RaftServerConfigKeys (ConfUtils.java:logGet(43)) - raft.server.rpc.sleep.time = 25ms (default)
2019-09-26 10:06:57,594 [77afb7a9-3f27-4b85-962a-c9c70d1ecd8b@group-56070B4B380A:LeaderElection271] INFO  server.RaftServerConfigKeys (ConfUtils.java:logGet(43)) - raft.server.write.element-limit = 4096 (default)
2019-09-26 10:06:57,594 [77afb7a9-3f27-4b85-962a-c9c70d1ecd8b@group-56070B4B380A:LeaderElection271] INFO  server.RaftServerConfigKeys (ConfUtils.java:logGet(43)) - raft.server.watch.timeout = 10s (default)
2019-09-26 10:06:57,594 [77afb7a9-3f27-4b85-962a-c9c70d1ecd8b@group-56070B4B380A:LeaderElection271] INFO  server.RaftServerConfigKeys (ConfUtils.java:logGet(43)) - raft.server.watch.timeout.denomination = 1s (default)
2019-09-26 10:06:57,594 [77afb7a9-3f27-4b85-962a-c9c70d1ecd8b@group-56070B4B380A:LeaderElection271] INFO  server.RaftServerConfigKeys (ConfUtils.java:logGet(43)) - raft.server.watch.element-limit = 65536 (default)
2019-09-26 10:06:57,595 [77afb7a9-3f27-4b85-962a-c9c70d1ecd8b@group-D3B14EF27706:LeaderElection272] INFO  impl.LeaderElection (LeaderElection.java:askForVotes(182)) - 77afb7a9-3f27-4b85-962a-c9c70d1ecd8b@group-D3B14EF27706:LeaderElection272: begin an election at term 1 for -1: [77afb7a9-3f27-4b85-962a-c9c70d1ecd8b:192.168.30.13:39117], old=null
2019-09-26 10:06:57,595 [77afb7a9-3f27-4b85-962a-c9c70d1ecd8b@group-D3B14EF27706:LeaderElection272] INFO  impl.RoleInfo (RoleInfo.java:shutdownLeaderElection(134)) - 77afb7a9-3f27-4b85-962a-c9c70d1ecd8b: shutdown LeaderElection
2019-09-26 10:06:57,595 [77afb7a9-3f27-4b85-962a-c9c70d1ecd8b@group-D3B14EF27706:LeaderElection272] INFO  impl.RaftServerImpl (RaftServerImpl.java:setRole(174)) - 77afb7a9-3f27-4b85-962a-c9c70d1ecd8b@group-D3B14EF27706: changes role from CANDIDATE to LEADER at term 1 for changeToLeader
2019-09-26 10:06:57,595 [77afb7a9-3f27-4b85-962a-c9c70d1ecd8b@group-D3B14EF27706:LeaderElection272] INFO  impl.RaftServerImpl (ServerState.java:setLeader(253)) - 77afb7a9-3f27-4b85-962a-c9c70d1ecd8b@group-D3B14EF27706: change Leader from null to 77afb7a9-3f27-4b85-962a-c9c70d1ecd8b at term 1 for becomeLeader, leader elected after 5118ms
2019-09-26 10:06:57,595 [77afb7a9-3f27-4b85-962a-c9c70d1ecd8b@group-56070B4B380A:LeaderElection271] INFO  impl.RoleInfo (RoleInfo.java:updateAndGet(143)) - 77afb7a9-3f27-4b85-962a-c9c70d1ecd8b: start LeaderState
2019-09-26 10:06:57,595 [77afb7a9-3f27-4b85-962a-c9c70d1ecd8b@group-D3B14EF27706:LeaderElection272] INFO  server.RaftServerConfigKeys (ConfUtils.java:logGet(43)) - raft.server.staging.catchup.gap = 1000 (default)
2019-09-26 10:06:57,595 [77afb7a9-3f27-4b85-962a-c9c70d1ecd8b@group-56070B4B380A:LeaderElection271] INFO  segmented.SegmentedRaftLogWorker (SegmentedRaftLogWorker.java:startLogSegment(380)) - 77afb7a9-3f27-4b85-962a-c9c70d1ecd8b@group-56070B4B380A-SegmentedRaftLogWorker: Starting segment from index:0
2019-09-26 10:06:57,595 [77afb7a9-3f27-4b85-962a-c9c70d1ecd8b@group-D3B14EF27706:LeaderElection272] INFO  server.RaftServerConfigKeys (ConfUtils.java:logGet(43)) - raft.server.rpc.sleep.time = 25ms (default)
2019-09-26 10:06:57,596 [77afb7a9-3f27-4b85-962a-c9c70d1ecd8b@group-D3B14EF27706:LeaderElection272] INFO  server.RaftServerConfigKeys (ConfUtils.java:logGet(43)) - raft.server.write.element-limit = 4096 (default)
2019-09-26 10:06:57,596 [77afb7a9-3f27-4b85-962a-c9c70d1ecd8b@group-56070B4B380A:LeaderElection271] INFO  impl.RaftServerImpl (ServerState.java:setRaftConf(354)) - 77afb7a9-3f27-4b85-962a-c9c70d1ecd8b@group-56070B4B380A: set configuration 0: [77afb7a9-3f27-4b85-962a-c9c70d1ecd8b:192.168.30.13:39117], old=null at 0
2019-09-26 10:06:57,596 [77afb7a9-3f27-4b85-962a-c9c70d1ecd8b@group-D3B14EF27706:LeaderElection272] INFO  server.RaftServerConfigKeys (ConfUtils.java:logGet(43)) - raft.server.watch.timeout = 10s (default)
2019-09-26 10:06:57,596 [77afb7a9-3f27-4b85-962a-c9c70d1ecd8b@group-D3B14EF27706:LeaderElection272] INFO  server.RaftServerConfigKeys (ConfUtils.java:logGet(43)) - raft.server.watch.timeout.denomination = 1s (default)
2019-09-26 10:06:57,596 [77afb7a9-3f27-4b85-962a-c9c70d1ecd8b@group-D3B14EF27706:LeaderElection272] INFO  server.RaftServerConfigKeys (ConfUtils.java:logGet(43)) - raft.server.watch.element-limit = 65536 (default)
2019-09-26 10:06:57,598 [77afb7a9-3f27-4b85-962a-c9c70d1ecd8b@group-D3B14EF27706:LeaderElection272] INFO  impl.RoleInfo (RoleInfo.java:updateAndGet(143)) - 77afb7a9-3f27-4b85-962a-c9c70d1ecd8b: start LeaderState
2019-09-26 10:06:57,598 [77afb7a9-3f27-4b85-962a-c9c70d1ecd8b@group-D3B14EF27706:LeaderElection272] INFO  segmented.SegmentedRaftLogWorker (SegmentedRaftLogWorker.java:startLogSegment(380)) - 77afb7a9-3f27-4b85-962a-c9c70d1ecd8b@group-D3B14EF27706-SegmentedRaftLogWorker: Starting segment from index:0
2019-09-26 10:06:57,598 [77afb7a9-3f27-4b85-962a-c9c70d1ecd8b@group-D3B14EF27706:LeaderElection272] INFO  impl.RaftServerImpl (ServerState.java:setRaftConf(354)) - 77afb7a9-3f27-4b85-962a-c9c70d1ecd8b@group-D3B14EF27706: set configuration 0: [77afb7a9-3f27-4b85-962a-c9c70d1ecd8b:192.168.30.13:39117], old=null at 0
2019-09-26 10:06:57,634 [Thread-3575] INFO  impl.FollowerState (FollowerState.java:run(106)) - 4c0de2d3-09dd-47d7-b7a1-4f63a4eb8acf:group-FCA0847B1241 changes to CANDIDATE, lastRpcTime:5002, electionTimeout:5002ms
2019-09-26 10:06:57,634 [Thread-3575] INFO  impl.RoleInfo (RoleInfo.java:shutdownFollowerState(121)) - 4c0de2d3-09dd-47d7-b7a1-4f63a4eb8acf: shutdown FollowerState
2019-09-26 10:06:57,634 [Thread-3575] INFO  impl.RaftServerImpl (RaftServerImpl.java:setRole(174)) - 4c0de2d3-09dd-47d7-b7a1-4f63a4eb8acf@group-FCA0847B1241: changes role from  FOLLOWER to CANDIDATE at term 0 for changeToCandidate
2019-09-26 10:06:57,635 [Thread-3575] INFO  impl.RoleInfo (RoleInfo.java:updateAndGet(143)) - 4c0de2d3-09dd-47d7-b7a1-4f63a4eb8acf: start LeaderElection
2019-09-26 10:06:57,641 [77afb7a9-3f27-4b85-962a-c9c70d1ecd8b@group-D3B14EF27706-SegmentedRaftLogWorker] INFO  segmented.SegmentedRaftLogWorker (SegmentedRaftLogWorker.java:execute(569)) - 77afb7a9-3f27-4b85-962a-c9c70d1ecd8b@group-D3B14EF27706-SegmentedRaftLogWorker: created new log segment /workdir/hadoop-ozone/integration-test/target/test-dir/MiniOzoneClusterImpl-3237421e-5f73-41b0-8605-c54d21f4eaa5/datanode-1/data/ratis/6d9e264c-5819-475a-9f7c-d3b14ef27706/current/log_inprogress_0
2019-09-26 10:06:57,641 [77afb7a9-3f27-4b85-962a-c9c70d1ecd8b@group-56070B4B380A-SegmentedRaftLogWorker] INFO  segmented.SegmentedRaftLogWorker (SegmentedRaftLogWorker.java:execute(569)) - 77afb7a9-3f27-4b85-962a-c9c70d1ecd8b@group-56070B4B380A-SegmentedRaftLogWorker: created new log segment /workdir/hadoop-ozone/integration-test/target/test-dir/MiniOzoneClusterImpl-3237421e-5f73-41b0-8605-c54d21f4eaa5/datanode-1/data/ratis/b5ea533c-f1d0-4764-87f4-56070b4b380a/current/log_inprogress_0
2019-09-26 10:06:57,666 [4c0de2d3-09dd-47d7-b7a1-4f63a4eb8acf@group-FCA0847B1241:LeaderElection273] INFO  impl.LeaderElection (LeaderElection.java:askForVotes(182)) - 4c0de2d3-09dd-47d7-b7a1-4f63a4eb8acf@group-FCA0847B1241:LeaderElection273: begin an election at term 1 for -1: [4c0de2d3-09dd-47d7-b7a1-4f63a4eb8acf:192.168.30.13:40522], old=null
2019-09-26 10:06:57,666 [4c0de2d3-09dd-47d7-b7a1-4f63a4eb8acf@group-FCA0847B1241:LeaderElection273] INFO  impl.RoleInfo (RoleInfo.java:shutdownLeaderElection(134)) - 4c0de2d3-09dd-47d7-b7a1-4f63a4eb8acf: shutdown LeaderElection
2019-09-26 10:06:57,666 [4c0de2d3-09dd-47d7-b7a1-4f63a4eb8acf@group-FCA0847B1241:LeaderElection273] INFO  impl.RaftServerImpl (RaftServerImpl.java:setRole(174)) - 4c0de2d3-09dd-47d7-b7a1-4f63a4eb8acf@group-FCA0847B1241: changes role from CANDIDATE to LEADER at term 1 for changeToLeader
2019-09-26 10:06:57,666 [4c0de2d3-09dd-47d7-b7a1-4f63a4eb8acf@group-FCA0847B1241:LeaderElection273] INFO  impl.RaftServerImpl (ServerState.java:setLeader(253)) - 4c0de2d3-09dd-47d7-b7a1-4f63a4eb8acf@group-FCA0847B1241: change Leader from null to 4c0de2d3-09dd-47d7-b7a1-4f63a4eb8acf at term 1 for becomeLeader, leader elected after 5040ms
2019-09-26 10:06:57,666 [4c0de2d3-09dd-47d7-b7a1-4f63a4eb8acf@group-FCA0847B1241:LeaderElection273] INFO  server.RaftServerConfigKeys (ConfUtils.java:logGet(43)) - raft.server.staging.catchup.gap = 1000 (default)
2019-09-26 10:06:57,666 [4c0de2d3-09dd-47d7-b7a1-4f63a4eb8acf@group-FCA0847B1241:LeaderElection273] INFO  server.RaftServerConfigKeys (ConfUtils.java:logGet(43)) - raft.server.rpc.sleep.time = 25ms (default)
2019-09-26 10:06:57,666 [4c0de2d3-09dd-47d7-b7a1-4f63a4eb8acf@group-FCA0847B1241:LeaderElection273] INFO  server.RaftServerConfigKeys (ConfUtils.java:logGet(43)) - raft.server.write.element-limit = 4096 (default)
2019-09-26 10:06:57,667 [4c0de2d3-09dd-47d7-b7a1-4f63a4eb8acf@group-FCA0847B1241:LeaderElection273] INFO  server.RaftServerConfigKeys (ConfUtils.java:logGet(43)) - raft.server.watch.timeout = 10s (default)
2019-09-26 10:06:57,667 [4c0de2d3-09dd-47d7-b7a1-4f63a4eb8acf@group-FCA0847B1241:LeaderElection273] INFO  server.RaftServerConfigKeys (ConfUtils.java:logGet(43)) - raft.server.watch.timeout.denomination = 1s (default)
2019-09-26 10:06:57,667 [4c0de2d3-09dd-47d7-b7a1-4f63a4eb8acf@group-FCA0847B1241:LeaderElection273] INFO  server.RaftServerConfigKeys (ConfUtils.java:logGet(43)) - raft.server.watch.element-limit = 65536 (default)
2019-09-26 10:06:57,669 [4c0de2d3-09dd-47d7-b7a1-4f63a4eb8acf@group-FCA0847B1241:LeaderElection273] INFO  impl.RoleInfo (RoleInfo.java:updateAndGet(143)) - 4c0de2d3-09dd-47d7-b7a1-4f63a4eb8acf: start LeaderState
2019-09-26 10:06:57,669 [4c0de2d3-09dd-47d7-b7a1-4f63a4eb8acf@group-FCA0847B1241:LeaderElection273] INFO  segmented.SegmentedRaftLogWorker (SegmentedRaftLogWorker.java:startLogSegment(380)) - 4c0de2d3-09dd-47d7-b7a1-4f63a4eb8acf@group-FCA0847B1241-SegmentedRaftLogWorker: Starting segment from index:0
2019-09-26 10:06:57,669 [4c0de2d3-09dd-47d7-b7a1-4f63a4eb8acf@group-FCA0847B1241:LeaderElection273] INFO  impl.RaftServerImpl (ServerState.java:setRaftConf(354)) - 4c0de2d3-09dd-47d7-b7a1-4f63a4eb8acf@group-FCA0847B1241: set configuration 0: [4c0de2d3-09dd-47d7-b7a1-4f63a4eb8acf:192.168.30.13:40522], old=null at 0
2019-09-26 10:06:57,722 [4c0de2d3-09dd-47d7-b7a1-4f63a4eb8acf@group-FCA0847B1241-SegmentedRaftLogWorker] INFO  segmented.SegmentedRaftLogWorker (SegmentedRaftLogWorker.java:execute(569)) - 4c0de2d3-09dd-47d7-b7a1-4f63a4eb8acf@group-FCA0847B1241-SegmentedRaftLogWorker: created new log segment /workdir/hadoop-ozone/integration-test/target/test-dir/MiniOzoneClusterImpl-3237421e-5f73-41b0-8605-c54d21f4eaa5/datanode-3/data/ratis/eea51f1f-606a-4731-9468-fca0847b1241/current/log_inprogress_0
2019-09-26 10:06:57,785 [Thread-3572] INFO  impl.FollowerState (FollowerState.java:run(106)) - c8968d10-b107-4a89-b805-dd56466e025e:group-E3B5766409A2 changes to CANDIDATE, lastRpcTime:5199, electionTimeout:5199ms
2019-09-26 10:06:57,785 [Thread-3572] INFO  impl.RoleInfo (RoleInfo.java:shutdownFollowerState(121)) - c8968d10-b107-4a89-b805-dd56466e025e: shutdown FollowerState
2019-09-26 10:06:57,785 [Thread-3572] INFO  impl.RaftServerImpl (RaftServerImpl.java:setRole(174)) - c8968d10-b107-4a89-b805-dd56466e025e@group-E3B5766409A2: changes role from  FOLLOWER to CANDIDATE at term 0 for changeToCandidate
2019-09-26 10:06:57,786 [Thread-3572] INFO  impl.RoleInfo (RoleInfo.java:updateAndGet(143)) - c8968d10-b107-4a89-b805-dd56466e025e: start LeaderElection
2019-09-26 10:06:57,806 [c8968d10-b107-4a89-b805-dd56466e025e@group-E3B5766409A2:LeaderElection274] INFO  impl.LeaderElection (LeaderElection.java:askForVotes(182)) - c8968d10-b107-4a89-b805-dd56466e025e@group-E3B5766409A2:LeaderElection274: begin an election at term 1 for -1: [c8968d10-b107-4a89-b805-dd56466e025e:192.168.30.13:41045], old=null
2019-09-26 10:06:57,806 [c8968d10-b107-4a89-b805-dd56466e025e@group-E3B5766409A2:LeaderElection274] INFO  impl.RoleInfo (RoleInfo.java:shutdownLeaderElection(134)) - c8968d10-b107-4a89-b805-dd56466e025e: shutdown LeaderElection
2019-09-26 10:06:57,806 [c8968d10-b107-4a89-b805-dd56466e025e@group-E3B5766409A2:LeaderElection274] INFO  impl.RaftServerImpl (RaftServerImpl.java:setRole(174)) - c8968d10-b107-4a89-b805-dd56466e025e@group-E3B5766409A2: changes role from CANDIDATE to LEADER at term 1 for changeToLeader
2019-09-26 10:06:57,806 [c8968d10-b107-4a89-b805-dd56466e025e@group-E3B5766409A2:LeaderElection274] INFO  impl.RaftServerImpl (ServerState.java:setLeader(253)) - c8968d10-b107-4a89-b805-dd56466e025e@group-E3B5766409A2: change Leader from null to c8968d10-b107-4a89-b805-dd56466e025e at term 1 for becomeLeader, leader elected after 5228ms
2019-09-26 10:06:57,806 [c8968d10-b107-4a89-b805-dd56466e025e@group-E3B5766409A2:LeaderElection274] INFO  server.RaftServerConfigKeys (ConfUtils.java:logGet(43)) - raft.server.staging.catchup.gap = 1000 (default)
2019-09-26 10:06:57,806 [c8968d10-b107-4a89-b805-dd56466e025e@group-E3B5766409A2:LeaderElection274] INFO  server.RaftServerConfigKeys (ConfUtils.java:logGet(43)) - raft.server.rpc.sleep.time = 25ms (default)
2019-09-26 10:06:57,806 [c8968d10-b107-4a89-b805-dd56466e025e@group-E3B5766409A2:LeaderElection274] INFO  server.RaftServerConfigKeys (ConfUtils.java:logGet(43)) - raft.server.write.element-limit = 4096 (default)
2019-09-26 10:06:57,807 [c8968d10-b107-4a89-b805-dd56466e025e@group-E3B5766409A2:LeaderElection274] INFO  server.RaftServerConfigKeys (ConfUtils.java:logGet(43)) - raft.server.watch.timeout = 10s (default)
2019-09-26 10:06:57,807 [c8968d10-b107-4a89-b805-dd56466e025e@group-E3B5766409A2:LeaderElection274] INFO  server.RaftServerConfigKeys (ConfUtils.java:logGet(43)) - raft.server.watch.timeout.denomination = 1s (default)
2019-09-26 10:06:57,807 [c8968d10-b107-4a89-b805-dd56466e025e@group-E3B5766409A2:LeaderElection274] INFO  server.RaftServerConfigKeys (ConfUtils.java:logGet(43)) - raft.server.watch.element-limit = 65536 (default)
2019-09-26 10:06:57,809 [c8968d10-b107-4a89-b805-dd56466e025e@group-E3B5766409A2:LeaderElection274] INFO  impl.RoleInfo (RoleInfo.java:updateAndGet(143)) - c8968d10-b107-4a89-b805-dd56466e025e: start LeaderState
2019-09-26 10:06:57,809 [c8968d10-b107-4a89-b805-dd56466e025e@group-E3B5766409A2:LeaderElection274] INFO  segmented.SegmentedRaftLogWorker (SegmentedRaftLogWorker.java:startLogSegment(380)) - c8968d10-b107-4a89-b805-dd56466e025e@group-E3B5766409A2-SegmentedRaftLogWorker: Starting segment from index:0
2019-09-26 10:06:57,809 [c8968d10-b107-4a89-b805-dd56466e025e@group-E3B5766409A2:LeaderElection274] INFO  impl.RaftServerImpl (ServerState.java:setRaftConf(354)) - c8968d10-b107-4a89-b805-dd56466e025e@group-E3B5766409A2: set configuration 0: [c8968d10-b107-4a89-b805-dd56466e025e:192.168.30.13:41045], old=null at 0
2019-09-26 10:06:57,825 [Thread-3584] INFO  impl.FollowerState (FollowerState.java:run(106)) - 4c0de2d3-09dd-47d7-b7a1-4f63a4eb8acf:group-9601102D5746 changes to CANDIDATE, lastRpcTime:5058, electionTimeout:5058ms
2019-09-26 10:06:57,826 [Thread-3584] INFO  impl.RoleInfo (RoleInfo.java:shutdownFollowerState(121)) - 4c0de2d3-09dd-47d7-b7a1-4f63a4eb8acf: shutdown FollowerState
2019-09-26 10:06:57,826 [Thread-3584] INFO  impl.RaftServerImpl (RaftServerImpl.java:setRole(174)) - 4c0de2d3-09dd-47d7-b7a1-4f63a4eb8acf@group-9601102D5746: changes role from  FOLLOWER to CANDIDATE at term 0 for changeToCandidate
2019-09-26 10:06:57,826 [Thread-3584] INFO  impl.RoleInfo (RoleInfo.java:updateAndGet(143)) - 4c0de2d3-09dd-47d7-b7a1-4f63a4eb8acf: start LeaderElection
2019-09-26 10:06:57,842 [Thread-3581] INFO  impl.FollowerState (FollowerState.java:run(106)) - 77afb7a9-3f27-4b85-962a-c9c70d1ecd8b:group-0915DA565C1F changes to CANDIDATE, lastRpcTime:5116, electionTimeout:5109ms
2019-09-26 10:06:57,842 [Thread-3581] INFO  impl.RoleInfo (RoleInfo.java:shutdownFollowerState(121)) - 77afb7a9-3f27-4b85-962a-c9c70d1ecd8b: shutdown FollowerState
2019-09-26 10:06:57,842 [Thread-3581] INFO  impl.RaftServerImpl (RaftServerImpl.java:setRole(174)) - 77afb7a9-3f27-4b85-962a-c9c70d1ecd8b@group-0915DA565C1F: changes role from  FOLLOWER to CANDIDATE at term 0 for changeToCandidate
2019-09-26 10:06:57,842 [Thread-3581] INFO  impl.RoleInfo (RoleInfo.java:updateAndGet(143)) - 77afb7a9-3f27-4b85-962a-c9c70d1ecd8b: start LeaderElection
2019-09-26 10:06:57,854 [c8968d10-b107-4a89-b805-dd56466e025e@group-E3B5766409A2-SegmentedRaftLogWorker] INFO  segmented.SegmentedRaftLogWorker (SegmentedRaftLogWorker.java:execute(569)) - c8968d10-b107-4a89-b805-dd56466e025e@group-E3B5766409A2-SegmentedRaftLogWorker: created new log segment /workdir/hadoop-ozone/integration-test/target/test-dir/MiniOzoneClusterImpl-3237421e-5f73-41b0-8605-c54d21f4eaa5/datanode-5/data/ratis/840c5877-91ab-4066-8f34-e3b5766409a2/current/log_inprogress_0
2019-09-26 10:06:57,854 [4c0de2d3-09dd-47d7-b7a1-4f63a4eb8acf@group-9601102D5746:LeaderElection275] INFO  impl.LeaderElection (LeaderElection.java:askForVotes(182)) - 4c0de2d3-09dd-47d7-b7a1-4f63a4eb8acf@group-9601102D5746:LeaderElection275: begin an election at term 1 for -1: [4c0de2d3-09dd-47d7-b7a1-4f63a4eb8acf:192.168.30.13:40522], old=null
2019-09-26 10:06:57,854 [77afb7a9-3f27-4b85-962a-c9c70d1ecd8b@group-0915DA565C1F:LeaderElection276] INFO  impl.LeaderElection (LeaderElection.java:askForVotes(182)) - 77afb7a9-3f27-4b85-962a-c9c70d1ecd8b@group-0915DA565C1F:LeaderElection276: begin an election at term 1 for -1: [77afb7a9-3f27-4b85-962a-c9c70d1ecd8b:192.168.30.13:39117], old=null
2019-09-26 10:06:57,855 [4c0de2d3-09dd-47d7-b7a1-4f63a4eb8acf@group-9601102D5746:LeaderElection275] INFO  impl.RoleInfo (RoleInfo.java:shutdownLeaderElection(134)) - 4c0de2d3-09dd-47d7-b7a1-4f63a4eb8acf: shutdown LeaderElection
2019-09-26 10:06:57,855 [77afb7a9-3f27-4b85-962a-c9c70d1ecd8b@group-0915DA565C1F:LeaderElection276] INFO  impl.RoleInfo (RoleInfo.java:shutdownLeaderElection(134)) - 77afb7a9-3f27-4b85-962a-c9c70d1ecd8b: shutdown LeaderElection
2019-09-26 10:06:57,855 [4c0de2d3-09dd-47d7-b7a1-4f63a4eb8acf@group-9601102D5746:LeaderElection275] INFO  impl.RaftServerImpl (RaftServerImpl.java:setRole(174)) - 4c0de2d3-09dd-47d7-b7a1-4f63a4eb8acf@group-9601102D5746: changes role from CANDIDATE to LEADER at term 1 for changeToLeader
2019-09-26 10:06:57,855 [77afb7a9-3f27-4b85-962a-c9c70d1ecd8b@group-0915DA565C1F:LeaderElection276] INFO  impl.RaftServerImpl (RaftServerImpl.java:setRole(174)) - 77afb7a9-3f27-4b85-962a-c9c70d1ecd8b@group-0915DA565C1F: changes role from CANDIDATE to LEADER at term 1 for changeToLeader
2019-09-26 10:06:57,855 [4c0de2d3-09dd-47d7-b7a1-4f63a4eb8acf@group-9601102D5746:LeaderElection275] INFO  impl.RaftServerImpl (ServerState.java:setLeader(253)) - 4c0de2d3-09dd-47d7-b7a1-4f63a4eb8acf@group-9601102D5746: change Leader from null to 4c0de2d3-09dd-47d7-b7a1-4f63a4eb8acf at term 1 for becomeLeader, leader elected after 5093ms
2019-09-26 10:06:57,855 [77afb7a9-3f27-4b85-962a-c9c70d1ecd8b@group-0915DA565C1F:LeaderElection276] INFO  impl.RaftServerImpl (ServerState.java:setLeader(253)) - 77afb7a9-3f27-4b85-962a-c9c70d1ecd8b@group-0915DA565C1F: change Leader from null to 77afb7a9-3f27-4b85-962a-c9c70d1ecd8b at term 1 for becomeLeader, leader elected after 5136ms
2019-09-26 10:06:57,855 [4c0de2d3-09dd-47d7-b7a1-4f63a4eb8acf@group-9601102D5746:LeaderElection275] INFO  server.RaftServerConfigKeys (ConfUtils.java:logGet(43)) - raft.server.staging.catchup.gap = 1000 (default)
2019-09-26 10:06:57,855 [77afb7a9-3f27-4b85-962a-c9c70d1ecd8b@group-0915DA565C1F:LeaderElection276] INFO  server.RaftServerConfigKeys (ConfUtils.java:logGet(43)) - raft.server.staging.catchup.gap = 1000 (default)
2019-09-26 10:06:57,855 [4c0de2d3-09dd-47d7-b7a1-4f63a4eb8acf@group-9601102D5746:LeaderElection275] INFO  server.RaftServerConfigKeys (ConfUtils.java:logGet(43)) - raft.server.rpc.sleep.time = 25ms (default)
2019-09-26 10:06:57,856 [77afb7a9-3f27-4b85-962a-c9c70d1ecd8b@group-0915DA565C1F:LeaderElection276] INFO  server.RaftServerConfigKeys (ConfUtils.java:logGet(43)) - raft.server.rpc.sleep.time = 25ms (default)
2019-09-26 10:06:57,856 [4c0de2d3-09dd-47d7-b7a1-4f63a4eb8acf@group-9601102D5746:LeaderElection275] INFO  server.RaftServerConfigKeys (ConfUtils.java:logGet(43)) - raft.server.write.element-limit = 4096 (default)
2019-09-26 10:06:57,856 [77afb7a9-3f27-4b85-962a-c9c70d1ecd8b@group-0915DA565C1F:LeaderElection276] INFO  server.RaftServerConfigKeys (ConfUtils.java:logGet(43)) - raft.server.write.element-limit = 4096 (default)
2019-09-26 10:06:57,856 [4c0de2d3-09dd-47d7-b7a1-4f63a4eb8acf@group-9601102D5746:LeaderElection275] INFO  server.RaftServerConfigKeys (ConfUtils.java:logGet(43)) - raft.server.watch.timeout = 10s (default)
2019-09-26 10:06:57,856 [77afb7a9-3f27-4b85-962a-c9c70d1ecd8b@group-0915DA565C1F:LeaderElection276] INFO  server.RaftServerConfigKeys (ConfUtils.java:logGet(43)) - raft.server.watch.timeout = 10s (default)
2019-09-26 10:06:57,856 [4c0de2d3-09dd-47d7-b7a1-4f63a4eb8acf@group-9601102D5746:LeaderElection275] INFO  server.RaftServerConfigKeys (ConfUtils.java:logGet(43)) - raft.server.watch.timeout.denomination = 1s (default)
2019-09-26 10:06:57,856 [77afb7a9-3f27-4b85-962a-c9c70d1ecd8b@group-0915DA565C1F:LeaderElection276] INFO  server.RaftServerConfigKeys (ConfUtils.java:logGet(43)) - raft.server.watch.timeout.denomination = 1s (default)
2019-09-26 10:06:57,857 [4c0de2d3-09dd-47d7-b7a1-4f63a4eb8acf@group-9601102D5746:LeaderElection275] INFO  server.RaftServerConfigKeys (ConfUtils.java:logGet(43)) - raft.server.watch.element-limit = 65536 (default)
2019-09-26 10:06:57,857 [77afb7a9-3f27-4b85-962a-c9c70d1ecd8b@group-0915DA565C1F:LeaderElection276] INFO  server.RaftServerConfigKeys (ConfUtils.java:logGet(43)) - raft.server.watch.element-limit = 65536 (default)
2019-09-26 10:06:57,859 [4c0de2d3-09dd-47d7-b7a1-4f63a4eb8acf@group-9601102D5746:LeaderElection275] INFO  impl.RoleInfo (RoleInfo.java:updateAndGet(143)) - 4c0de2d3-09dd-47d7-b7a1-4f63a4eb8acf: start LeaderState
2019-09-26 10:06:57,859 [4c0de2d3-09dd-47d7-b7a1-4f63a4eb8acf@group-9601102D5746:LeaderElection275] INFO  segmented.SegmentedRaftLogWorker (SegmentedRaftLogWorker.java:startLogSegment(380)) - 4c0de2d3-09dd-47d7-b7a1-4f63a4eb8acf@group-9601102D5746-SegmentedRaftLogWorker: Starting segment from index:0
2019-09-26 10:06:57,859 [77afb7a9-3f27-4b85-962a-c9c70d1ecd8b@group-0915DA565C1F:LeaderElection276] INFO  impl.RoleInfo (RoleInfo.java:updateAndGet(143)) - 77afb7a9-3f27-4b85-962a-c9c70d1ecd8b: start LeaderState
2019-09-26 10:06:57,860 [77afb7a9-3f27-4b85-962a-c9c70d1ecd8b@group-0915DA565C1F:LeaderElection276] INFO  segmented.SegmentedRaftLogWorker (SegmentedRaftLogWorker.java:startLogSegment(380)) - 77afb7a9-3f27-4b85-962a-c9c70d1ecd8b@group-0915DA565C1F-SegmentedRaftLogWorker: Starting segment from index:0
2019-09-26 10:06:57,860 [4c0de2d3-09dd-47d7-b7a1-4f63a4eb8acf@group-9601102D5746:LeaderElection275] INFO  impl.RaftServerImpl (ServerState.java:setRaftConf(354)) - 4c0de2d3-09dd-47d7-b7a1-4f63a4eb8acf@group-9601102D5746: set configuration 0: [4c0de2d3-09dd-47d7-b7a1-4f63a4eb8acf:192.168.30.13:40522], old=null at 0
2019-09-26 10:06:57,860 [77afb7a9-3f27-4b85-962a-c9c70d1ecd8b@group-0915DA565C1F:LeaderElection276] INFO  impl.RaftServerImpl (ServerState.java:setRaftConf(354)) - 77afb7a9-3f27-4b85-962a-c9c70d1ecd8b@group-0915DA565C1F: set configuration 0: [77afb7a9-3f27-4b85-962a-c9c70d1ecd8b:192.168.30.13:39117], old=null at 0
2019-09-26 10:06:57,880 [Thread-3578] INFO  impl.FollowerState (FollowerState.java:run(106)) - c3e403b7-5a1e-4aac-9b5a-0aedadd701b5:group-18FB135A52EE changes to CANDIDATE, lastRpcTime:5198, electionTimeout:5198ms
2019-09-26 10:06:57,880 [Thread-3578] INFO  impl.RoleInfo (RoleInfo.java:shutdownFollowerState(121)) - c3e403b7-5a1e-4aac-9b5a-0aedadd701b5: shutdown FollowerState
2019-09-26 10:06:57,880 [Thread-3578] INFO  impl.RaftServerImpl (RaftServerImpl.java:setRole(174)) - c3e403b7-5a1e-4aac-9b5a-0aedadd701b5@group-18FB135A52EE: changes role from  FOLLOWER to CANDIDATE at term 0 for changeToCandidate
2019-09-26 10:06:57,880 [Thread-3578] INFO  impl.RoleInfo (RoleInfo.java:updateAndGet(143)) - c3e403b7-5a1e-4aac-9b5a-0aedadd701b5: start LeaderElection
2019-09-26 10:06:57,918 [4c0de2d3-09dd-47d7-b7a1-4f63a4eb8acf@group-9601102D5746-SegmentedRaftLogWorker] INFO  segmented.SegmentedRaftLogWorker (SegmentedRaftLogWorker.java:execute(569)) - 4c0de2d3-09dd-47d7-b7a1-4f63a4eb8acf@group-9601102D5746-SegmentedRaftLogWorker: created new log segment /workdir/hadoop-ozone/integration-test/target/test-dir/MiniOzoneClusterImpl-3237421e-5f73-41b0-8605-c54d21f4eaa5/datanode-3/data/ratis/b7b6dbe1-50ec-454a-83ff-9601102d5746/current/log_inprogress_0
2019-09-26 10:06:57,918 [c3e403b7-5a1e-4aac-9b5a-0aedadd701b5@group-18FB135A52EE:LeaderElection277] INFO  impl.LeaderElection (LeaderElection.java:askForVotes(182)) - c3e403b7-5a1e-4aac-9b5a-0aedadd701b5@group-18FB135A52EE:LeaderElection277: begin an election at term 1 for -1: [c3e403b7-5a1e-4aac-9b5a-0aedadd701b5:192.168.30.13:38271], old=null
2019-09-26 10:06:57,918 [77afb7a9-3f27-4b85-962a-c9c70d1ecd8b@group-0915DA565C1F-SegmentedRaftLogWorker] INFO  segmented.SegmentedRaftLogWorker (SegmentedRaftLogWorker.java:execute(569)) - 77afb7a9-3f27-4b85-962a-c9c70d1ecd8b@group-0915DA565C1F-SegmentedRaftLogWorker: created new log segment /workdir/hadoop-ozone/integration-test/target/test-dir/MiniOzoneClusterImpl-3237421e-5f73-41b0-8605-c54d21f4eaa5/datanode-1/data/ratis/30ebf5f0-b1d8-4f94-a832-0915da565c1f/current/log_inprogress_0
2019-09-26 10:06:57,918 [c3e403b7-5a1e-4aac-9b5a-0aedadd701b5@group-18FB135A52EE:LeaderElection277] INFO  impl.RoleInfo (RoleInfo.java:shutdownLeaderElection(134)) - c3e403b7-5a1e-4aac-9b5a-0aedadd701b5: shutdown LeaderElection
2019-09-26 10:06:57,918 [c3e403b7-5a1e-4aac-9b5a-0aedadd701b5@group-18FB135A52EE:LeaderElection277] INFO  impl.RaftServerImpl (RaftServerImpl.java:setRole(174)) - c3e403b7-5a1e-4aac-9b5a-0aedadd701b5@group-18FB135A52EE: changes role from CANDIDATE to LEADER at term 1 for changeToLeader
2019-09-26 10:06:57,918 [c3e403b7-5a1e-4aac-9b5a-0aedadd701b5@group-18FB135A52EE:LeaderElection277] INFO  impl.RaftServerImpl (ServerState.java:setLeader(253)) - c3e403b7-5a1e-4aac-9b5a-0aedadd701b5@group-18FB135A52EE: change Leader from null to c3e403b7-5a1e-4aac-9b5a-0aedadd701b5 at term 1 for becomeLeader, leader elected after 5244ms
2019-09-26 10:06:57,918 [c3e403b7-5a1e-4aac-9b5a-0aedadd701b5@group-18FB135A52EE:LeaderElection277] INFO  server.RaftServerConfigKeys (ConfUtils.java:logGet(43)) - raft.server.staging.catchup.gap = 1000 (default)
2019-09-26 10:06:57,918 [c3e403b7-5a1e-4aac-9b5a-0aedadd701b5@group-18FB135A52EE:LeaderElection277] INFO  server.RaftServerConfigKeys (ConfUtils.java:logGet(43)) - raft.server.rpc.sleep.time = 25ms (default)
2019-09-26 10:06:57,919 [c3e403b7-5a1e-4aac-9b5a-0aedadd701b5@group-18FB135A52EE:LeaderElection277] INFO  server.RaftServerConfigKeys (ConfUtils.java:logGet(43)) - raft.server.write.element-limit = 4096 (default)
2019-09-26 10:06:57,919 [c3e403b7-5a1e-4aac-9b5a-0aedadd701b5@group-18FB135A52EE:LeaderElection277] INFO  server.RaftServerConfigKeys (ConfUtils.java:logGet(43)) - raft.server.watch.timeout = 10s (default)
2019-09-26 10:06:57,919 [c3e403b7-5a1e-4aac-9b5a-0aedadd701b5@group-18FB135A52EE:LeaderElection277] INFO  server.RaftServerConfigKeys (ConfUtils.java:logGet(43)) - raft.server.watch.timeout.denomination = 1s (default)
2019-09-26 10:06:57,919 [c3e403b7-5a1e-4aac-9b5a-0aedadd701b5@group-18FB135A52EE:LeaderElection277] INFO  server.RaftServerConfigKeys (ConfUtils.java:logGet(43)) - raft.server.watch.element-limit = 65536 (default)
2019-09-26 10:06:57,927 [c3e403b7-5a1e-4aac-9b5a-0aedadd701b5@group-18FB135A52EE:LeaderElection277] INFO  impl.RoleInfo (RoleInfo.java:updateAndGet(143)) - c3e403b7-5a1e-4aac-9b5a-0aedadd701b5: start LeaderState
2019-09-26 10:06:57,927 [c3e403b7-5a1e-4aac-9b5a-0aedadd701b5@group-18FB135A52EE:LeaderElection277] INFO  segmented.SegmentedRaftLogWorker (SegmentedRaftLogWorker.java:startLogSegment(380)) - c3e403b7-5a1e-4aac-9b5a-0aedadd701b5@group-18FB135A52EE-SegmentedRaftLogWorker: Starting segment from index:0
2019-09-26 10:06:57,927 [c3e403b7-5a1e-4aac-9b5a-0aedadd701b5@group-18FB135A52EE:LeaderElection277] INFO  impl.RaftServerImpl (ServerState.java:setRaftConf(354)) - c3e403b7-5a1e-4aac-9b5a-0aedadd701b5@group-18FB135A52EE: set configuration 0: [c3e403b7-5a1e-4aac-9b5a-0aedadd701b5:192.168.30.13:38271], old=null at 0
2019-09-26 10:06:57,988 [c3e403b7-5a1e-4aac-9b5a-0aedadd701b5@group-18FB135A52EE-SegmentedRaftLogWorker] INFO  segmented.SegmentedRaftLogWorker (SegmentedRaftLogWorker.java:execute(569)) - c3e403b7-5a1e-4aac-9b5a-0aedadd701b5@group-18FB135A52EE-SegmentedRaftLogWorker: created new log segment /workdir/hadoop-ozone/integration-test/target/test-dir/MiniOzoneClusterImpl-3237421e-5f73-41b0-8605-c54d21f4eaa5/datanode-2/data/ratis/34d298c7-a3c6-4ac1-baa2-18fb135a52ee/current/log_inprogress_0
2019-09-26 10:06:58,485 [Thread-3589] INFO  impl.FollowerState (FollowerState.java:run(106)) - c3e403b7-5a1e-4aac-9b5a-0aedadd701b5:group-7B1C962A7F05 changes to CANDIDATE, lastRpcTime:5076, electionTimeout:5076ms
2019-09-26 10:06:58,486 [Thread-3589] INFO  impl.RoleInfo (RoleInfo.java:shutdownFollowerState(121)) - c3e403b7-5a1e-4aac-9b5a-0aedadd701b5: shutdown FollowerState
2019-09-26 10:06:58,486 [Thread-3589] INFO  impl.RaftServerImpl (RaftServerImpl.java:setRole(174)) - c3e403b7-5a1e-4aac-9b5a-0aedadd701b5@group-7B1C962A7F05: changes role from  FOLLOWER to CANDIDATE at term 0 for changeToCandidate
2019-09-26 10:06:58,486 [Thread-3589] INFO  impl.RoleInfo (RoleInfo.java:updateAndGet(143)) - c3e403b7-5a1e-4aac-9b5a-0aedadd701b5: start LeaderElection
2019-09-26 10:06:58,513 [Thread-3592] INFO  impl.FollowerState (FollowerState.java:run(106)) - c14de6c3-ad97-4da4-b999-5d30d93b25e7:group-8EE1661CFE3B changes to CANDIDATE, lastRpcTime:5029, electionTimeout:5029ms
2019-09-26 10:06:58,513 [Thread-3592] INFO  impl.RoleInfo (RoleInfo.java:shutdownFollowerState(121)) - c14de6c3-ad97-4da4-b999-5d30d93b25e7: shutdown FollowerState
2019-09-26 10:06:58,514 [Thread-3592] INFO  impl.RaftServerImpl (RaftServerImpl.java:setRole(174)) - c14de6c3-ad97-4da4-b999-5d30d93b25e7@group-8EE1661CFE3B: changes role from  FOLLOWER to CANDIDATE at term 0 for changeToCandidate
2019-09-26 10:06:58,514 [Thread-3592] INFO  impl.RoleInfo (RoleInfo.java:updateAndGet(143)) - c14de6c3-ad97-4da4-b999-5d30d93b25e7: start LeaderElection
2019-09-26 10:06:58,529 [c3e403b7-5a1e-4aac-9b5a-0aedadd701b5@group-7B1C962A7F05:LeaderElection278] INFO  impl.LeaderElection (LeaderElection.java:askForVotes(182)) - c3e403b7-5a1e-4aac-9b5a-0aedadd701b5@group-7B1C962A7F05:LeaderElection278: begin an election at term 1 for -1: [c3e403b7-5a1e-4aac-9b5a-0aedadd701b5:192.168.30.13:38271], old=null
2019-09-26 10:06:58,529 [c3e403b7-5a1e-4aac-9b5a-0aedadd701b5@group-7B1C962A7F05:LeaderElection278] INFO  impl.RoleInfo (RoleInfo.java:shutdownLeaderElection(134)) - c3e403b7-5a1e-4aac-9b5a-0aedadd701b5: shutdown LeaderElection
2019-09-26 10:06:58,529 [c3e403b7-5a1e-4aac-9b5a-0aedadd701b5@group-7B1C962A7F05:LeaderElection278] INFO  impl.RaftServerImpl (RaftServerImpl.java:setRole(174)) - c3e403b7-5a1e-4aac-9b5a-0aedadd701b5@group-7B1C962A7F05: changes role from CANDIDATE to LEADER at term 1 for changeToLeader
2019-09-26 10:06:58,529 [c3e403b7-5a1e-4aac-9b5a-0aedadd701b5@group-7B1C962A7F05:LeaderElection278] INFO  impl.RaftServerImpl (ServerState.java:setLeader(253)) - c3e403b7-5a1e-4aac-9b5a-0aedadd701b5@group-7B1C962A7F05: change Leader from null to c3e403b7-5a1e-4aac-9b5a-0aedadd701b5 at term 1 for becomeLeader, leader elected after 5127ms
2019-09-26 10:06:58,529 [c3e403b7-5a1e-4aac-9b5a-0aedadd701b5@group-7B1C962A7F05:LeaderElection278] INFO  server.RaftServerConfigKeys (ConfUtils.java:logGet(43)) - raft.server.staging.catchup.gap = 1000 (default)
2019-09-26 10:06:58,530 [c3e403b7-5a1e-4aac-9b5a-0aedadd701b5@group-7B1C962A7F05:LeaderElection278] INFO  server.RaftServerConfigKeys (ConfUtils.java:logGet(43)) - raft.server.rpc.sleep.time = 25ms (default)
2019-09-26 10:06:58,530 [c3e403b7-5a1e-4aac-9b5a-0aedadd701b5@group-7B1C962A7F05:LeaderElection278] INFO  server.RaftServerConfigKeys (ConfUtils.java:logGet(43)) - raft.server.write.element-limit = 4096 (default)
2019-09-26 10:06:58,530 [c3e403b7-5a1e-4aac-9b5a-0aedadd701b5@group-7B1C962A7F05:LeaderElection278] INFO  server.RaftServerConfigKeys (ConfUtils.java:logGet(43)) - raft.server.watch.timeout = 10s (default)
2019-09-26 10:06:58,530 [c3e403b7-5a1e-4aac-9b5a-0aedadd701b5@group-7B1C962A7F05:LeaderElection278] INFO  server.RaftServerConfigKeys (ConfUtils.java:logGet(43)) - raft.server.watch.timeout.denomination = 1s (default)
2019-09-26 10:06:58,530 [c3e403b7-5a1e-4aac-9b5a-0aedadd701b5@group-7B1C962A7F05:LeaderElection278] INFO  server.RaftServerConfigKeys (ConfUtils.java:logGet(43)) - raft.server.watch.element-limit = 65536 (default)
2019-09-26 10:06:58,531 [c14de6c3-ad97-4da4-b999-5d30d93b25e7@group-8EE1661CFE3B:LeaderElection279] INFO  impl.LeaderElection (LeaderElection.java:askForVotes(182)) - c14de6c3-ad97-4da4-b999-5d30d93b25e7@group-8EE1661CFE3B:LeaderElection279: begin an election at term 1 for -1: [c14de6c3-ad97-4da4-b999-5d30d93b25e7:192.168.30.13:38350], old=null
2019-09-26 10:06:58,531 [c14de6c3-ad97-4da4-b999-5d30d93b25e7@group-8EE1661CFE3B:LeaderElection279] INFO  impl.RoleInfo (RoleInfo.java:shutdownLeaderElection(134)) - c14de6c3-ad97-4da4-b999-5d30d93b25e7: shutdown LeaderElection
2019-09-26 10:06:58,531 [c14de6c3-ad97-4da4-b999-5d30d93b25e7@group-8EE1661CFE3B:LeaderElection279] INFO  impl.RaftServerImpl (RaftServerImpl.java:setRole(174)) - c14de6c3-ad97-4da4-b999-5d30d93b25e7@group-8EE1661CFE3B: changes role from CANDIDATE to LEADER at term 1 for changeToLeader
2019-09-26 10:06:58,531 [c14de6c3-ad97-4da4-b999-5d30d93b25e7@group-8EE1661CFE3B:LeaderElection279] INFO  impl.RaftServerImpl (ServerState.java:setLeader(253)) - c14de6c3-ad97-4da4-b999-5d30d93b25e7@group-8EE1661CFE3B: change Leader from null to c14de6c3-ad97-4da4-b999-5d30d93b25e7 at term 1 for becomeLeader, leader elected after 5055ms
2019-09-26 10:06:58,531 [c14de6c3-ad97-4da4-b999-5d30d93b25e7@group-8EE1661CFE3B:LeaderElection279] INFO  server.RaftServerConfigKeys (ConfUtils.java:logGet(43)) - raft.server.staging.catchup.gap = 1000 (default)
2019-09-26 10:06:58,531 [c14de6c3-ad97-4da4-b999-5d30d93b25e7@group-8EE1661CFE3B:LeaderElection279] INFO  server.RaftServerConfigKeys (ConfUtils.java:logGet(43)) - raft.server.rpc.sleep.time = 25ms (default)
2019-09-26 10:06:58,532 [c14de6c3-ad97-4da4-b999-5d30d93b25e7@group-8EE1661CFE3B:LeaderElection279] INFO  server.RaftServerConfigKeys (ConfUtils.java:logGet(43)) - raft.server.write.element-limit = 4096 (default)
2019-09-26 10:06:58,532 [c14de6c3-ad97-4da4-b999-5d30d93b25e7@group-8EE1661CFE3B:LeaderElection279] INFO  server.RaftServerConfigKeys (ConfUtils.java:logGet(43)) - raft.server.watch.timeout = 10s (default)
2019-09-26 10:06:58,532 [c14de6c3-ad97-4da4-b999-5d30d93b25e7@group-8EE1661CFE3B:LeaderElection279] INFO  server.RaftServerConfigKeys (ConfUtils.java:logGet(43)) - raft.server.watch.timeout.denomination = 1s (default)
2019-09-26 10:06:58,532 [c14de6c3-ad97-4da4-b999-5d30d93b25e7@group-8EE1661CFE3B:LeaderElection279] INFO  server.RaftServerConfigKeys (ConfUtils.java:logGet(43)) - raft.server.watch.element-limit = 65536 (default)
2019-09-26 10:06:58,532 [c3e403b7-5a1e-4aac-9b5a-0aedadd701b5@group-7B1C962A7F05:LeaderElection278] INFO  impl.RoleInfo (RoleInfo.java:updateAndGet(143)) - c3e403b7-5a1e-4aac-9b5a-0aedadd701b5: start LeaderState
2019-09-26 10:06:58,533 [c3e403b7-5a1e-4aac-9b5a-0aedadd701b5@group-7B1C962A7F05:LeaderElection278] INFO  segmented.SegmentedRaftLogWorker (SegmentedRaftLogWorker.java:startLogSegment(380)) - c3e403b7-5a1e-4aac-9b5a-0aedadd701b5@group-7B1C962A7F05-SegmentedRaftLogWorker: Starting segment from index:0
2019-09-26 10:06:58,533 [c3e403b7-5a1e-4aac-9b5a-0aedadd701b5@group-7B1C962A7F05:LeaderElection278] INFO  impl.RaftServerImpl (ServerState.java:setRaftConf(354)) - c3e403b7-5a1e-4aac-9b5a-0aedadd701b5@group-7B1C962A7F05: set configuration 0: [c3e403b7-5a1e-4aac-9b5a-0aedadd701b5:192.168.30.13:38271], old=null at 0
2019-09-26 10:06:58,534 [c14de6c3-ad97-4da4-b999-5d30d93b25e7@group-8EE1661CFE3B:LeaderElection279] INFO  impl.RoleInfo (RoleInfo.java:updateAndGet(143)) - c14de6c3-ad97-4da4-b999-5d30d93b25e7: start LeaderState
2019-09-26 10:06:58,534 [c14de6c3-ad97-4da4-b999-5d30d93b25e7@group-8EE1661CFE3B:LeaderElection279] INFO  segmented.SegmentedRaftLogWorker (SegmentedRaftLogWorker.java:startLogSegment(380)) - c14de6c3-ad97-4da4-b999-5d30d93b25e7@group-8EE1661CFE3B-SegmentedRaftLogWorker: Starting segment from index:0
2019-09-26 10:06:58,535 [c14de6c3-ad97-4da4-b999-5d30d93b25e7@group-8EE1661CFE3B:LeaderElection279] INFO  impl.RaftServerImpl (ServerState.java:setRaftConf(354)) - c14de6c3-ad97-4da4-b999-5d30d93b25e7@group-8EE1661CFE3B: set configuration 0: [c14de6c3-ad97-4da4-b999-5d30d93b25e7:192.168.30.13:38350], old=null at 0
2019-09-26 10:06:58,580 [c14de6c3-ad97-4da4-b999-5d30d93b25e7@group-8EE1661CFE3B-SegmentedRaftLogWorker] INFO  segmented.SegmentedRaftLogWorker (SegmentedRaftLogWorker.java:execute(569)) - c14de6c3-ad97-4da4-b999-5d30d93b25e7@group-8EE1661CFE3B-SegmentedRaftLogWorker: created new log segment /workdir/hadoop-ozone/integration-test/target/test-dir/MiniOzoneClusterImpl-3237421e-5f73-41b0-8605-c54d21f4eaa5/datanode-4/data/ratis/b778792c-d461-4083-b7a9-8ee1661cfe3b/current/log_inprogress_0
2019-09-26 10:06:58,582 [c3e403b7-5a1e-4aac-9b5a-0aedadd701b5@group-7B1C962A7F05-SegmentedRaftLogWorker] INFO  segmented.SegmentedRaftLogWorker (SegmentedRaftLogWorker.java:execute(569)) - c3e403b7-5a1e-4aac-9b5a-0aedadd701b5@group-7B1C962A7F05-SegmentedRaftLogWorker: created new log segment /workdir/hadoop-ozone/integration-test/target/test-dir/MiniOzoneClusterImpl-3237421e-5f73-41b0-8605-c54d21f4eaa5/datanode-2/data/ratis/3cc2e409-75b7-4761-a42d-7b1c962a7f05/current/log_inprogress_0
2019-09-26 10:06:58,610 [Thread-3598] INFO  impl.FollowerState (FollowerState.java:run(106)) - 84f656f9-4033-4770-bbd1-3f79d04a65ff:group-9BB82E59BFD0 changes to CANDIDATE, lastRpcTime:5010, electionTimeout:5010ms
2019-09-26 10:06:58,610 [Thread-3598] INFO  impl.RoleInfo (RoleInfo.java:shutdownFollowerState(121)) - 84f656f9-4033-4770-bbd1-3f79d04a65ff: shutdown FollowerState
2019-09-26 10:06:58,611 [Thread-3598] INFO  impl.RaftServerImpl (RaftServerImpl.java:setRole(174)) - 84f656f9-4033-4770-bbd1-3f79d04a65ff@group-9BB82E59BFD0: changes role from  FOLLOWER to CANDIDATE at term 0 for changeToCandidate
2019-09-26 10:06:58,611 [Thread-3598] INFO  impl.RoleInfo (RoleInfo.java:updateAndGet(143)) - 84f656f9-4033-4770-bbd1-3f79d04a65ff: start LeaderElection
2019-09-26 10:06:58,639 [84f656f9-4033-4770-bbd1-3f79d04a65ff@group-9BB82E59BFD0:LeaderElection280] INFO  impl.LeaderElection (LeaderElection.java:askForVotes(182)) - 84f656f9-4033-4770-bbd1-3f79d04a65ff@group-9BB82E59BFD0:LeaderElection280: begin an election at term 1 for -1: [84f656f9-4033-4770-bbd1-3f79d04a65ff:192.168.30.13:43165], old=null
2019-09-26 10:06:58,640 [84f656f9-4033-4770-bbd1-3f79d04a65ff@group-9BB82E59BFD0:LeaderElection280] INFO  impl.RoleInfo (RoleInfo.java:shutdownLeaderElection(134)) - 84f656f9-4033-4770-bbd1-3f79d04a65ff: shutdown LeaderElection
2019-09-26 10:06:58,640 [84f656f9-4033-4770-bbd1-3f79d04a65ff@group-9BB82E59BFD0:LeaderElection280] INFO  impl.RaftServerImpl (RaftServerImpl.java:setRole(174)) - 84f656f9-4033-4770-bbd1-3f79d04a65ff@group-9BB82E59BFD0: changes role from CANDIDATE to LEADER at term 1 for changeToLeader
2019-09-26 10:06:58,640 [84f656f9-4033-4770-bbd1-3f79d04a65ff@group-9BB82E59BFD0:LeaderElection280] INFO  impl.RaftServerImpl (ServerState.java:setLeader(253)) - 84f656f9-4033-4770-bbd1-3f79d04a65ff@group-9BB82E59BFD0: change Leader from null to 84f656f9-4033-4770-bbd1-3f79d04a65ff at term 1 for becomeLeader, leader elected after 5047ms
2019-09-26 10:06:58,640 [84f656f9-4033-4770-bbd1-3f79d04a65ff@group-9BB82E59BFD0:LeaderElection280] INFO  server.RaftServerConfigKeys (ConfUtils.java:logGet(43)) - raft.server.staging.catchup.gap = 1000 (default)
2019-09-26 10:06:58,640 [84f656f9-4033-4770-bbd1-3f79d04a65ff@group-9BB82E59BFD0:LeaderElection280] INFO  server.RaftServerConfigKeys (ConfUtils.java:logGet(43)) - raft.server.rpc.sleep.time = 25ms (default)
2019-09-26 10:06:58,640 [84f656f9-4033-4770-bbd1-3f79d04a65ff@group-9BB82E59BFD0:LeaderElection280] INFO  server.RaftServerConfigKeys (ConfUtils.java:logGet(43)) - raft.server.write.element-limit = 4096 (default)
2019-09-26 10:06:58,641 [84f656f9-4033-4770-bbd1-3f79d04a65ff@group-9BB82E59BFD0:LeaderElection280] INFO  server.RaftServerConfigKeys (ConfUtils.java:logGet(43)) - raft.server.watch.timeout = 10s (default)
2019-09-26 10:06:58,641 [84f656f9-4033-4770-bbd1-3f79d04a65ff@group-9BB82E59BFD0:LeaderElection280] INFO  server.RaftServerConfigKeys (ConfUtils.java:logGet(43)) - raft.server.watch.timeout.denomination = 1s (default)
2019-09-26 10:06:58,641 [84f656f9-4033-4770-bbd1-3f79d04a65ff@group-9BB82E59BFD0:LeaderElection280] INFO  server.RaftServerConfigKeys (ConfUtils.java:logGet(43)) - raft.server.watch.element-limit = 65536 (default)
2019-09-26 10:06:58,643 [84f656f9-4033-4770-bbd1-3f79d04a65ff@group-9BB82E59BFD0:LeaderElection280] INFO  impl.RoleInfo (RoleInfo.java:updateAndGet(143)) - 84f656f9-4033-4770-bbd1-3f79d04a65ff: start LeaderState
2019-09-26 10:06:58,643 [84f656f9-4033-4770-bbd1-3f79d04a65ff@group-9BB82E59BFD0:LeaderElection280] INFO  segmented.SegmentedRaftLogWorker (SegmentedRaftLogWorker.java:startLogSegment(380)) - 84f656f9-4033-4770-bbd1-3f79d04a65ff@group-9BB82E59BFD0-SegmentedRaftLogWorker: Starting segment from index:0
2019-09-26 10:06:58,644 [84f656f9-4033-4770-bbd1-3f79d04a65ff@group-9BB82E59BFD0:LeaderElection280] INFO  impl.RaftServerImpl (ServerState.java:setRaftConf(354)) - 84f656f9-4033-4770-bbd1-3f79d04a65ff@group-9BB82E59BFD0: set configuration 0: [84f656f9-4033-4770-bbd1-3f79d04a65ff:192.168.30.13:43165], old=null at 0
2019-09-26 10:06:58,645 [Thread-3595] INFO  impl.FollowerState (FollowerState.java:run(106)) - c14de6c3-ad97-4da4-b999-5d30d93b25e7:group-DA6032F392B0 changes to CANDIDATE, lastRpcTime:5100, electionTimeout:5100ms
2019-09-26 10:06:58,646 [Thread-3595] INFO  impl.RoleInfo (RoleInfo.java:shutdownFollowerState(121)) - c14de6c3-ad97-4da4-b999-5d30d93b25e7: shutdown FollowerState
2019-09-26 10:06:58,646 [Thread-3595] INFO  impl.RaftServerImpl (RaftServerImpl.java:setRole(174)) - c14de6c3-ad97-4da4-b999-5d30d93b25e7@group-DA6032F392B0: changes role from  FOLLOWER to CANDIDATE at term 0 for changeToCandidate
2019-09-26 10:06:58,646 [Thread-3595] INFO  impl.RoleInfo (RoleInfo.java:updateAndGet(143)) - c14de6c3-ad97-4da4-b999-5d30d93b25e7: start LeaderElection
2019-09-26 10:06:58,736 [84f656f9-4033-4770-bbd1-3f79d04a65ff@group-9BB82E59BFD0-SegmentedRaftLogWorker] INFO  segmented.SegmentedRaftLogWorker (SegmentedRaftLogWorker.java:execute(569)) - 84f656f9-4033-4770-bbd1-3f79d04a65ff@group-9BB82E59BFD0-SegmentedRaftLogWorker: created new log segment /workdir/hadoop-ozone/integration-test/target/test-dir/MiniOzoneClusterImpl-3237421e-5f73-41b0-8605-c54d21f4eaa5/datanode-6/data/ratis/0c225628-8c9b-4f46-b317-9bb82e59bfd0/current/log_inprogress_0
2019-09-26 10:06:58,737 [c14de6c3-ad97-4da4-b999-5d30d93b25e7@group-DA6032F392B0:LeaderElection281] INFO  impl.LeaderElection (LeaderElection.java:askForVotes(182)) - c14de6c3-ad97-4da4-b999-5d30d93b25e7@group-DA6032F392B0:LeaderElection281: begin an election at term 1 for -1: [c14de6c3-ad97-4da4-b999-5d30d93b25e7:192.168.30.13:38350], old=null
2019-09-26 10:06:58,737 [c14de6c3-ad97-4da4-b999-5d30d93b25e7@group-DA6032F392B0:LeaderElection281] INFO  impl.RoleInfo (RoleInfo.java:shutdownLeaderElection(134)) - c14de6c3-ad97-4da4-b999-5d30d93b25e7: shutdown LeaderElection
2019-09-26 10:06:58,737 [c14de6c3-ad97-4da4-b999-5d30d93b25e7@group-DA6032F392B0:LeaderElection281] INFO  impl.RaftServerImpl (RaftServerImpl.java:setRole(174)) - c14de6c3-ad97-4da4-b999-5d30d93b25e7@group-DA6032F392B0: changes role from CANDIDATE to LEADER at term 1 for changeToLeader
2019-09-26 10:06:58,737 [c14de6c3-ad97-4da4-b999-5d30d93b25e7@group-DA6032F392B0:LeaderElection281] INFO  impl.RaftServerImpl (ServerState.java:setLeader(253)) - c14de6c3-ad97-4da4-b999-5d30d93b25e7@group-DA6032F392B0: change Leader from null to c14de6c3-ad97-4da4-b999-5d30d93b25e7 at term 1 for becomeLeader, leader elected after 5197ms
2019-09-26 10:06:58,737 [c14de6c3-ad97-4da4-b999-5d30d93b25e7@group-DA6032F392B0:LeaderElection281] INFO  server.RaftServerConfigKeys (ConfUtils.java:logGet(43)) - raft.server.staging.catchup.gap = 1000 (default)
2019-09-26 10:06:58,737 [c14de6c3-ad97-4da4-b999-5d30d93b25e7@group-DA6032F392B0:LeaderElection281] INFO  server.RaftServerConfigKeys (ConfUtils.java:logGet(43)) - raft.server.rpc.sleep.time = 25ms (default)
2019-09-26 10:06:58,738 [c14de6c3-ad97-4da4-b999-5d30d93b25e7@group-DA6032F392B0:LeaderElection281] INFO  server.RaftServerConfigKeys (ConfUtils.java:logGet(43)) - raft.server.write.element-limit = 4096 (default)
2019-09-26 10:06:58,738 [c14de6c3-ad97-4da4-b999-5d30d93b25e7@group-DA6032F392B0:LeaderElection281] INFO  server.RaftServerConfigKeys (ConfUtils.java:logGet(43)) - raft.server.watch.timeout = 10s (default)
2019-09-26 10:06:58,738 [c14de6c3-ad97-4da4-b999-5d30d93b25e7@group-DA6032F392B0:LeaderElection281] INFO  server.RaftServerConfigKeys (ConfUtils.java:logGet(43)) - raft.server.watch.timeout.denomination = 1s (default)
2019-09-26 10:06:58,738 [c14de6c3-ad97-4da4-b999-5d30d93b25e7@group-DA6032F392B0:LeaderElection281] INFO  server.RaftServerConfigKeys (ConfUtils.java:logGet(43)) - raft.server.watch.element-limit = 65536 (default)
2019-09-26 10:06:58,740 [c14de6c3-ad97-4da4-b999-5d30d93b25e7@group-DA6032F392B0:LeaderElection281] INFO  impl.RoleInfo (RoleInfo.java:updateAndGet(143)) - c14de6c3-ad97-4da4-b999-5d30d93b25e7: start LeaderState
2019-09-26 10:06:58,740 [c14de6c3-ad97-4da4-b999-5d30d93b25e7@group-DA6032F392B0:LeaderElection281] INFO  segmented.SegmentedRaftLogWorker (SegmentedRaftLogWorker.java:startLogSegment(380)) - c14de6c3-ad97-4da4-b999-5d30d93b25e7@group-DA6032F392B0-SegmentedRaftLogWorker: Starting segment from index:0
2019-09-26 10:06:58,740 [Thread-3601] INFO  impl.FollowerState (FollowerState.java:run(106)) - 77afb7a9-3f27-4b85-962a-c9c70d1ecd8b:group-06F50ACDD772 changes to CANDIDATE, lastRpcTime:5096, electionTimeout:5096ms
2019-09-26 10:06:59,409 [Thread-3607] WARN  util.JavaUtils (JavaUtils.java:sleep(250)) - Unexpected long sleep: sleep(5017ms) actually took 5630ms which is over the threshold 300ms
2019-09-26 10:06:59,396 [Thread-3610] WARN  util.JavaUtils (JavaUtils.java:sleep(250)) - Unexpected long sleep: sleep(5000ms) actually took 5554ms which is over the threshold 300ms
2019-09-26 10:06:59,396 [Thread-3604] WARN  util.JavaUtils (JavaUtils.java:sleep(250)) - Unexpected long sleep: sleep(5140ms) actually took 5682ms which is over the threshold 300ms
2019-09-26 10:06:59,391 [Thread-3613] WARN  util.JavaUtils (JavaUtils.java:sleep(250)) - Unexpected long sleep: sleep(5050ms) actually took 5487ms which is over the threshold 300ms
2019-09-26 10:06:59,391 [Thread-3619] WARN  util.JavaUtils (JavaUtils.java:sleep(250)) - Unexpected long sleep: sleep(5073ms) actually took 5384ms which is over the threshold 300ms
2019-09-26 10:06:59,384 [Thread-3616] INFO  impl.FollowerState (FollowerState.java:run(106)) - 4c0de2d3-09dd-47d7-b7a1-4f63a4eb8acf:group-9CA1D242824F changes to CANDIDATE, lastRpcTime:5428, electionTimeout:5152ms
2019-09-26 10:06:59,383 [Thread-3622] INFO  impl.FollowerState (FollowerState.java:run(106)) - c3e403b7-5a1e-4aac-9b5a-0aedadd701b5:group-F188A7B02470 changes to CANDIDATE, lastRpcTime:5343, electionTimeout:5055ms
2019-09-26 10:06:59,383 [Thread-3628] INFO  impl.FollowerState (FollowerState.java:run(106)) - c8968d10-b107-4a89-b805-dd56466e025e:group-1E34219C1302 changes to CANDIDATE, lastRpcTime:5224, electionTimeout:5112ms
2019-09-26 10:06:59,376 [Thread-3625] INFO  impl.FollowerState (FollowerState.java:run(106)) - 84f656f9-4033-4770-bbd1-3f79d04a65ff:group-9B4EF2817FB4 changes to CANDIDATE, lastRpcTime:5275, electionTimeout:5182ms
2019-09-26 10:06:59,376 [Thread-3631] INFO  impl.FollowerState (FollowerState.java:run(106)) - c14de6c3-ad97-4da4-b999-5d30d93b25e7:group-B46351D9F597 changes to CANDIDATE, lastRpcTime:5163, electionTimeout:5136ms
2019-09-26 10:06:58,741 [c14de6c3-ad97-4da4-b999-5d30d93b25e7@group-DA6032F392B0:LeaderElection281] INFO  impl.RaftServerImpl (ServerState.java:setRaftConf(354)) - c14de6c3-ad97-4da4-b999-5d30d93b25e7@group-DA6032F392B0: set configuration 0: [c14de6c3-ad97-4da4-b999-5d30d93b25e7:192.168.30.13:38350], old=null at 0
2019-09-26 10:06:59,545 [Thread-3631] INFO  impl.RoleInfo (RoleInfo.java:shutdownFollowerState(121)) - c14de6c3-ad97-4da4-b999-5d30d93b25e7: shutdown FollowerState
2019-09-26 10:06:59,536 [Thread-3625] INFO  impl.RoleInfo (RoleInfo.java:shutdownFollowerState(121)) - 84f656f9-4033-4770-bbd1-3f79d04a65ff: shutdown FollowerState
2019-09-26 10:06:59,531 [Thread-3628] INFO  impl.RoleInfo (RoleInfo.java:shutdownFollowerState(121)) - c8968d10-b107-4a89-b805-dd56466e025e: shutdown FollowerState
2019-09-26 10:06:59,526 [Thread-3622] INFO  impl.RoleInfo (RoleInfo.java:shutdownFollowerState(121)) - c3e403b7-5a1e-4aac-9b5a-0aedadd701b5: shutdown FollowerState
2019-09-26 10:06:59,521 [Thread-3616] INFO  impl.RoleInfo (RoleInfo.java:shutdownFollowerState(121)) - 4c0de2d3-09dd-47d7-b7a1-4f63a4eb8acf: shutdown FollowerState
2019-09-26 10:06:59,500 [Thread-3643] INFO  impl.FollowerState (FollowerState.java:run(106)) - c14de6c3-ad97-4da4-b999-5d30d93b25e7:group-9EEA07129309 changes to CANDIDATE, lastRpcTime:5076, electionTimeout:5072ms
2019-09-26 10:06:59,458 [Thread-3640] INFO  impl.FollowerState (FollowerState.java:run(106)) - c14de6c3-ad97-4da4-b999-5d30d93b25e7:group-A77FB9A89323 changes to CANDIDATE, lastRpcTime:5096, electionTimeout:5095ms
2019-09-26 10:06:59,438 [Thread-3634] INFO  impl.FollowerState (FollowerState.java:run(106)) - c8968d10-b107-4a89-b805-dd56466e025e:group-FF42C95B4F72 changes to CANDIDATE, lastRpcTime:5186, electionTimeout:5185ms
2019-09-26 10:06:59,430 [Thread-3637] INFO  impl.FollowerState (FollowerState.java:run(106)) - c14de6c3-ad97-4da4-b999-5d30d93b25e7:group-8703D663A69C changes to CANDIDATE, lastRpcTime:5116, electionTimeout:5115ms
2019-09-26 10:06:59,420 [Thread-3601] INFO  impl.RoleInfo (RoleInfo.java:shutdownFollowerState(121)) - 77afb7a9-3f27-4b85-962a-c9c70d1ecd8b: shutdown FollowerState
2019-09-26 10:06:59,712 [Thread-3637] INFO  impl.RoleInfo (RoleInfo.java:shutdownFollowerState(121)) - c14de6c3-ad97-4da4-b999-5d30d93b25e7: shutdown FollowerState
2019-09-26 10:06:59,712 [Thread-3601] INFO  impl.RaftServerImpl (RaftServerImpl.java:setRole(174)) - 77afb7a9-3f27-4b85-962a-c9c70d1ecd8b@group-06F50ACDD772: changes role from  FOLLOWER to CANDIDATE at term 0 for changeToCandidate
2019-09-26 10:06:59,711 [Thread-3634] INFO  impl.RoleInfo (RoleInfo.java:shutdownFollowerState(121)) - c8968d10-b107-4a89-b805-dd56466e025e: shutdown FollowerState
2019-09-26 10:06:59,711 [Thread-3640] INFO  impl.RoleInfo (RoleInfo.java:shutdownFollowerState(121)) - c14de6c3-ad97-4da4-b999-5d30d93b25e7: shutdown FollowerState
2019-09-26 10:06:59,711 [Thread-3643] INFO  impl.RoleInfo (RoleInfo.java:shutdownFollowerState(121)) - c14de6c3-ad97-4da4-b999-5d30d93b25e7: shutdown FollowerState
2019-09-26 10:06:59,710 [EventQueue-StaleNodeForStaleNodeHandler] INFO  node.StaleNodeHandler (StaleNodeHandler.java:onMessage(58)) - Datanode 77afb7a9-3f27-4b85-962a-c9c70d1ecd8b{ip: 192.168.30.13, host: pr-hdds-1569-wvzgm-824869521, networkLocation: /default-rack, certSerialId: null} moved to stale state. Finalizing its pipelines [PipelineID=b5ea533c-f1d0-4764-87f4-56070b4b380a, PipelineID=26bacfd2-1a0f-457b-b1d7-5505a0f9a3f5, PipelineID=6d9e264c-5819-475a-9f7c-d3b14ef27706, PipelineID=30ebf5f0-b1d8-4f94-a832-0915da565c1f, PipelineID=04d5b7fc-e3d4-484b-9be7-06f50acdd772, PipelineID=2a5f5a4e-9cd3-4de2-96c7-7528a96e1d6c]
2019-09-26 10:06:59,708 [Thread-3650] INFO  impl.FollowerState (FollowerState.java:run(106)) - c8968d10-b107-4a89-b805-dd56466e025e:group-057B12688465 changes to CANDIDATE, lastRpcTime:5197, electionTimeout:5118ms
2019-09-26 10:06:59,706 [Thread-3647] INFO  impl.FollowerState (FollowerState.java:run(106)) - c8968d10-b107-4a89-b805-dd56466e025e:group-22A5EAB8D91F changes to CANDIDATE, lastRpcTime:5237, electionTimeout:5185ms
2019-09-26 10:06:59,583 [Thread-3616] INFO  impl.RaftServerImpl (RaftServerImpl.java:setRole(174)) - 4c0de2d3-09dd-47d7-b7a1-4f63a4eb8acf@group-9CA1D242824F: changes role from  FOLLOWER to CANDIDATE at term 0 for changeToCandidate
2019-09-26 10:06:59,583 [Thread-3622] INFO  impl.RaftServerImpl (RaftServerImpl.java:setRole(174)) - c3e403b7-5a1e-4aac-9b5a-0aedadd701b5@group-F188A7B02470: changes role from  FOLLOWER to CANDIDATE at term 0 for changeToCandidate
2019-09-26 10:06:59,583 [Thread-3628] INFO  impl.RaftServerImpl (RaftServerImpl.java:setRole(174)) - c8968d10-b107-4a89-b805-dd56466e025e@group-1E34219C1302: changes role from  FOLLOWER to CANDIDATE at term 0 for changeToCandidate
2019-09-26 10:06:59,577 [Thread-3625] INFO  impl.RaftServerImpl (RaftServerImpl.java:setRole(174)) - 84f656f9-4033-4770-bbd1-3f79d04a65ff@group-9B4EF2817FB4: changes role from  FOLLOWER to CANDIDATE at term 0 for changeToCandidate
2019-09-26 10:06:59,568 [Thread-3631] INFO  impl.RaftServerImpl (RaftServerImpl.java:setRole(174)) - c14de6c3-ad97-4da4-b999-5d30d93b25e7@group-B46351D9F597: changes role from  FOLLOWER to CANDIDATE at term 0 for changeToCandidate
2019-09-26 10:06:59,717 [Thread-3625] INFO  impl.RoleInfo (RoleInfo.java:updateAndGet(143)) - 84f656f9-4033-4770-bbd1-3f79d04a65ff: start LeaderElection
2019-09-26 10:06:59,717 [Thread-3628] INFO  impl.RoleInfo (RoleInfo.java:updateAndGet(143)) - c8968d10-b107-4a89-b805-dd56466e025e: start LeaderElection
2019-09-26 10:06:59,717 [Thread-3622] INFO  impl.RoleInfo (RoleInfo.java:updateAndGet(143)) - c3e403b7-5a1e-4aac-9b5a-0aedadd701b5: start LeaderElection
2019-09-26 10:06:59,717 [Thread-3616] INFO  impl.RoleInfo (RoleInfo.java:updateAndGet(143)) - 4c0de2d3-09dd-47d7-b7a1-4f63a4eb8acf: start LeaderElection
2019-09-26 10:06:59,717 [Thread-3656] INFO  impl.FollowerState (FollowerState.java:run(106)) - c8968d10-b107-4a89-b805-dd56466e025e:group-65107FFF564E changes to CANDIDATE, lastRpcTime:5106, electionTimeout:5103ms
2019-09-26 10:06:59,717 [Thread-3647] INFO  impl.RoleInfo (RoleInfo.java:shutdownFollowerState(121)) - c8968d10-b107-4a89-b805-dd56466e025e: shutdown FollowerState
2019-09-26 10:06:59,713 [Thread-3650] INFO  impl.RoleInfo (RoleInfo.java:shutdownFollowerState(121)) - c8968d10-b107-4a89-b805-dd56466e025e: shutdown FollowerState
2019-09-26 10:06:59,713 [EventQueue-StaleNodeForStaleNodeHandler] INFO  pipeline.SCMPipelineManager (SCMPipelineManager.java:finalizeAndDestroyPipeline(316)) - destroying pipeline:Pipeline[ Id: b5ea533c-f1d0-4764-87f4-56070b4b380a, Nodes: 77afb7a9-3f27-4b85-962a-c9c70d1ecd8b{ip: 192.168.30.13, host: pr-hdds-1569-wvzgm-824869521, networkLocation: /default-rack, certSerialId: null}, Type:RATIS, Factor:ONE, State:OPEN]
2019-09-26 10:06:59,713 [Thread-3643] INFO  impl.RaftServerImpl (RaftServerImpl.java:setRole(174)) - c14de6c3-ad97-4da4-b999-5d30d93b25e7@group-9EEA07129309: changes role from  FOLLOWER to CANDIDATE at term 0 for changeToCandidate
2019-09-26 10:06:59,712 [Thread-3640] INFO  impl.RaftServerImpl (RaftServerImpl.java:setRole(174)) - c14de6c3-ad97-4da4-b999-5d30d93b25e7@group-A77FB9A89323: changes role from  FOLLOWER to CANDIDATE at term 0 for changeToCandidate
2019-09-26 10:06:59,712 [Thread-3634] INFO  impl.RaftServerImpl (RaftServerImpl.java:setRole(174)) - c8968d10-b107-4a89-b805-dd56466e025e@group-FF42C95B4F72: changes role from  FOLLOWER to CANDIDATE at term 0 for changeToCandidate
2019-09-26 10:06:59,712 [Thread-3601] INFO  impl.RoleInfo (RoleInfo.java:updateAndGet(143)) - 77afb7a9-3f27-4b85-962a-c9c70d1ecd8b: start LeaderElection
2019-09-26 10:06:59,712 [Thread-3637] INFO  impl.RaftServerImpl (RaftServerImpl.java:setRole(174)) - c14de6c3-ad97-4da4-b999-5d30d93b25e7@group-8703D663A69C: changes role from  FOLLOWER to CANDIDATE at term 0 for changeToCandidate
2019-09-26 10:06:59,720 [Thread-3634] INFO  impl.RoleInfo (RoleInfo.java:updateAndGet(143)) - c8968d10-b107-4a89-b805-dd56466e025e: start LeaderElection
2019-09-26 10:06:59,720 [Thread-3637] INFO  impl.RoleInfo (RoleInfo.java:updateAndGet(143)) - c14de6c3-ad97-4da4-b999-5d30d93b25e7: start LeaderElection
2019-09-26 10:06:59,719 [Thread-3640] INFO  impl.RoleInfo (RoleInfo.java:updateAndGet(143)) - c14de6c3-ad97-4da4-b999-5d30d93b25e7: start LeaderElection
2019-09-26 10:06:59,719 [Thread-3643] INFO  impl.RoleInfo (RoleInfo.java:updateAndGet(143)) - c14de6c3-ad97-4da4-b999-5d30d93b25e7: start LeaderElection
2019-09-26 10:06:59,719 [EventQueue-StaleNodeForStaleNodeHandler] INFO  pipeline.PipelineStateManager (PipelineStateManager.java:finalizePipeline(123)) - Pipeline Pipeline[ Id: b5ea533c-f1d0-4764-87f4-56070b4b380a, Nodes: 77afb7a9-3f27-4b85-962a-c9c70d1ecd8b{ip: 192.168.30.13, host: pr-hdds-1569-wvzgm-824869521, networkLocation: /default-rack, certSerialId: null}, Type:RATIS, Factor:ONE, State:CLOSED] moved to CLOSED state
2019-09-26 10:06:59,719 [Thread-3650] INFO  impl.RaftServerImpl (RaftServerImpl.java:setRole(174)) - c8968d10-b107-4a89-b805-dd56466e025e@group-057B12688465: changes role from  FOLLOWER to CANDIDATE at term 0 for changeToCandidate
2019-09-26 10:06:59,719 [Thread-3647] INFO  impl.RaftServerImpl (RaftServerImpl.java:setRole(174)) - c8968d10-b107-4a89-b805-dd56466e025e@group-22A5EAB8D91F: changes role from  FOLLOWER to CANDIDATE at term 0 for changeToCandidate
2019-09-26 10:06:59,719 [Thread-3656] INFO  impl.RoleInfo (RoleInfo.java:shutdownFollowerState(121)) - c8968d10-b107-4a89-b805-dd56466e025e: shutdown FollowerState
2019-09-26 10:06:59,718 [Thread-3631] INFO  impl.RoleInfo (RoleInfo.java:updateAndGet(143)) - c14de6c3-ad97-4da4-b999-5d30d93b25e7: start LeaderElection
2019-09-26 10:06:59,721 [Thread-3656] INFO  impl.RaftServerImpl (RaftServerImpl.java:setRole(174)) - c8968d10-b107-4a89-b805-dd56466e025e@group-65107FFF564E: changes role from  FOLLOWER to CANDIDATE at term 0 for changeToCandidate
2019-09-26 10:06:59,721 [Thread-3647] INFO  impl.RoleInfo (RoleInfo.java:updateAndGet(143)) - c8968d10-b107-4a89-b805-dd56466e025e: start LeaderElection
2019-09-26 10:06:59,721 [Thread-3650] INFO  impl.RoleInfo (RoleInfo.java:updateAndGet(143)) - c8968d10-b107-4a89-b805-dd56466e025e: start LeaderElection
2019-09-26 10:06:59,721 [EventQueue-StaleNodeForStaleNodeHandler] INFO  pipeline.SCMPipelineManager (SCMPipelineManager.java:finalizeAndDestroyPipeline(316)) - destroying pipeline:Pipeline[ Id: 26bacfd2-1a0f-457b-b1d7-5505a0f9a3f5, Nodes: 77afb7a9-3f27-4b85-962a-c9c70d1ecd8b{ip: 192.168.30.13, host: pr-hdds-1569-wvzgm-824869521, networkLocation: /default-rack, certSerialId: null}, Type:RATIS, Factor:ONE, State:OPEN]
2019-09-26 10:06:59,722 [Thread-3656] INFO  impl.RoleInfo (RoleInfo.java:updateAndGet(143)) - c8968d10-b107-4a89-b805-dd56466e025e: start LeaderElection
2019-09-26 10:06:59,722 [EventQueue-StaleNodeForStaleNodeHandler] INFO  pipeline.PipelineStateManager (PipelineStateManager.java:finalizePipeline(123)) - Pipeline Pipeline[ Id: 26bacfd2-1a0f-457b-b1d7-5505a0f9a3f5, Nodes: 77afb7a9-3f27-4b85-962a-c9c70d1ecd8b{ip: 192.168.30.13, host: pr-hdds-1569-wvzgm-824869521, networkLocation: /default-rack, certSerialId: null}, Type:RATIS, Factor:ONE, State:CLOSED] moved to CLOSED state
2019-09-26 10:06:59,723 [EventQueue-StaleNodeForStaleNodeHandler] INFO  pipeline.SCMPipelineManager (SCMPipelineManager.java:finalizeAndDestroyPipeline(316)) - destroying pipeline:Pipeline[ Id: 6d9e264c-5819-475a-9f7c-d3b14ef27706, Nodes: 77afb7a9-3f27-4b85-962a-c9c70d1ecd8b{ip: 192.168.30.13, host: pr-hdds-1569-wvzgm-824869521, networkLocation: /default-rack, certSerialId: null}, Type:RATIS, Factor:ONE, State:OPEN]
2019-09-26 10:06:59,723 [EventQueue-StaleNodeForStaleNodeHandler] INFO  pipeline.PipelineStateManager (PipelineStateManager.java:finalizePipeline(123)) - Pipeline Pipeline[ Id: 6d9e264c-5819-475a-9f7c-d3b14ef27706, Nodes: 77afb7a9-3f27-4b85-962a-c9c70d1ecd8b{ip: 192.168.30.13, host: pr-hdds-1569-wvzgm-824869521, networkLocation: /default-rack, certSerialId: null}, Type:RATIS, Factor:ONE, State:CLOSED] moved to CLOSED state
2019-09-26 10:06:59,723 [EventQueue-StaleNodeForStaleNodeHandler] INFO  pipeline.SCMPipelineManager (SCMPipelineManager.java:finalizeAndDestroyPipeline(316)) - destroying pipeline:Pipeline[ Id: 30ebf5f0-b1d8-4f94-a832-0915da565c1f, Nodes: 77afb7a9-3f27-4b85-962a-c9c70d1ecd8b{ip: 192.168.30.13, host: pr-hdds-1569-wvzgm-824869521, networkLocation: /default-rack, certSerialId: null}, Type:RATIS, Factor:ONE, State:OPEN]
2019-09-26 10:06:59,723 [c14de6c3-ad97-4da4-b999-5d30d93b25e7@group-DA6032F392B0-SegmentedRaftLogWorker] INFO  segmented.SegmentedRaftLogWorker (SegmentedRaftLogWorker.java:execute(569)) - c14de6c3-ad97-4da4-b999-5d30d93b25e7@group-DA6032F392B0-SegmentedRaftLogWorker: created new log segment /workdir/hadoop-ozone/integration-test/target/test-dir/MiniOzoneClusterImpl-3237421e-5f73-41b0-8605-c54d21f4eaa5/datanode-4/data/ratis/e6a5ead2-cf67-4d66-a934-da6032f392b0/current/log_inprogress_0
2019-09-26 10:06:59,723 [EventQueue-StaleNodeForStaleNodeHandler] INFO  pipeline.PipelineStateManager (PipelineStateManager.java:finalizePipeline(123)) - Pipeline Pipeline[ Id: 30ebf5f0-b1d8-4f94-a832-0915da565c1f, Nodes: 77afb7a9-3f27-4b85-962a-c9c70d1ecd8b{ip: 192.168.30.13, host: pr-hdds-1569-wvzgm-824869521, networkLocation: /default-rack, certSerialId: null}, Type:RATIS, Factor:ONE, State:CLOSED] moved to CLOSED state
2019-09-26 10:06:59,724 [EventQueue-StaleNodeForStaleNodeHandler] INFO  pipeline.SCMPipelineManager (SCMPipelineManager.java:finalizeAndDestroyPipeline(316)) - destroying pipeline:Pipeline[ Id: 04d5b7fc-e3d4-484b-9be7-06f50acdd772, Nodes: 77afb7a9-3f27-4b85-962a-c9c70d1ecd8b{ip: 192.168.30.13, host: pr-hdds-1569-wvzgm-824869521, networkLocation: /default-rack, certSerialId: null}, Type:RATIS, Factor:ONE, State:OPEN]
2019-09-26 10:06:59,724 [EventQueue-StaleNodeForStaleNodeHandler] INFO  pipeline.PipelineStateManager (PipelineStateManager.java:finalizePipeline(123)) - Pipeline Pipeline[ Id: 04d5b7fc-e3d4-484b-9be7-06f50acdd772, Nodes: 77afb7a9-3f27-4b85-962a-c9c70d1ecd8b{ip: 192.168.30.13, host: pr-hdds-1569-wvzgm-824869521, networkLocation: /default-rack, certSerialId: null}, Type:RATIS, Factor:ONE, State:CLOSED] moved to CLOSED state
2019-09-26 10:06:59,724 [EventQueue-StaleNodeForStaleNodeHandler] INFO  pipeline.SCMPipelineManager (SCMPipelineManager.java:finalizeAndDestroyPipeline(316)) - destroying pipeline:Pipeline[ Id: 2a5f5a4e-9cd3-4de2-96c7-7528a96e1d6c, Nodes: 77afb7a9-3f27-4b85-962a-c9c70d1ecd8b{ip: 192.168.30.13, host: pr-hdds-1569-wvzgm-824869521, networkLocation: /default-rack, certSerialId: null}, Type:RATIS, Factor:ONE, State:OPEN]
2019-09-26 10:06:59,724 [EventQueue-StaleNodeForStaleNodeHandler] INFO  pipeline.PipelineStateManager (PipelineStateManager.java:finalizePipeline(123)) - Pipeline Pipeline[ Id: 2a5f5a4e-9cd3-4de2-96c7-7528a96e1d6c, Nodes: 77afb7a9-3f27-4b85-962a-c9c70d1ecd8b{ip: 192.168.30.13, host: pr-hdds-1569-wvzgm-824869521, networkLocation: /default-rack, certSerialId: null}, Type:RATIS, Factor:ONE, State:CLOSED] moved to CLOSED state
2019-09-26 10:06:59,737 [Thread-3662] INFO  impl.FollowerState (FollowerState.java:run(106)) - 84f656f9-4033-4770-bbd1-3f79d04a65ff:group-0EC594D92665 changes to CANDIDATE, lastRpcTime:5022, electionTimeout:5022ms
2019-09-26 10:06:59,737 [Thread-3662] INFO  impl.RoleInfo (RoleInfo.java:shutdownFollowerState(121)) - 84f656f9-4033-4770-bbd1-3f79d04a65ff: shutdown FollowerState
2019-09-26 10:06:59,737 [Thread-3662] INFO  impl.RaftServerImpl (RaftServerImpl.java:setRole(174)) - 84f656f9-4033-4770-bbd1-3f79d04a65ff@group-0EC594D92665: changes role from  FOLLOWER to CANDIDATE at term 0 for changeToCandidate
2019-09-26 10:06:59,737 [Thread-3662] INFO  impl.RoleInfo (RoleInfo.java:updateAndGet(143)) - 84f656f9-4033-4770-bbd1-3f79d04a65ff: start LeaderElection
2019-09-26 10:06:59,737 [c3e403b7-5a1e-4aac-9b5a-0aedadd701b5@group-F188A7B02470:LeaderElection284] INFO  impl.LeaderElection (LeaderElection.java:askForVotes(182)) - c3e403b7-5a1e-4aac-9b5a-0aedadd701b5@group-F188A7B02470:LeaderElection284: begin an election at term 1 for -1: [c3e403b7-5a1e-4aac-9b5a-0aedadd701b5:192.168.30.13:38271], old=null
2019-09-26 10:06:59,737 [77afb7a9-3f27-4b85-962a-c9c70d1ecd8b@group-06F50ACDD772:LeaderElection282] INFO  impl.LeaderElection (LeaderElection.java:askForVotes(182)) - 77afb7a9-3f27-4b85-962a-c9c70d1ecd8b@group-06F50ACDD772:LeaderElection282: begin an election at term 1 for -1: [77afb7a9-3f27-4b85-962a-c9c70d1ecd8b:192.168.30.13:39117], old=null
2019-09-26 10:06:59,737 [84f656f9-4033-4770-bbd1-3f79d04a65ff@group-9B4EF2817FB4:LeaderElection286] INFO  impl.LeaderElection (LeaderElection.java:askForVotes(182)) - 84f656f9-4033-4770-bbd1-3f79d04a65ff@group-9B4EF2817FB4:LeaderElection286: begin an election at term 1 for -1: [84f656f9-4033-4770-bbd1-3f79d04a65ff:192.168.30.13:43165], old=null
2019-09-26 10:06:59,737 [c14de6c3-ad97-4da4-b999-5d30d93b25e7@group-9EEA07129309:LeaderElection288] INFO  impl.LeaderElection (LeaderElection.java:askForVotes(182)) - c14de6c3-ad97-4da4-b999-5d30d93b25e7@group-9EEA07129309:LeaderElection288: begin an election at term 1 for -1: [c14de6c3-ad97-4da4-b999-5d30d93b25e7:192.168.30.13:38350], old=null
2019-09-26 10:06:59,738 [c14de6c3-ad97-4da4-b999-5d30d93b25e7@group-9EEA07129309:LeaderElection288] INFO  impl.RoleInfo (RoleInfo.java:shutdownLeaderElection(134)) - c14de6c3-ad97-4da4-b999-5d30d93b25e7: shutdown LeaderElection
2019-09-26 10:06:59,737 [c14de6c3-ad97-4da4-b999-5d30d93b25e7@group-A77FB9A89323:LeaderElection289] INFO  impl.LeaderElection (LeaderElection.java:askForVotes(182)) - c14de6c3-ad97-4da4-b999-5d30d93b25e7@group-A77FB9A89323:LeaderElection289: begin an election at term 1 for -1: [c14de6c3-ad97-4da4-b999-5d30d93b25e7:192.168.30.13:38350], old=null
2019-09-26 10:06:59,737 [4c0de2d3-09dd-47d7-b7a1-4f63a4eb8acf@group-9CA1D242824F:LeaderElection283] INFO  impl.LeaderElection (LeaderElection.java:askForVotes(182)) - 4c0de2d3-09dd-47d7-b7a1-4f63a4eb8acf@group-9CA1D242824F:LeaderElection283: begin an election at term 1 for -1: [4c0de2d3-09dd-47d7-b7a1-4f63a4eb8acf:192.168.30.13:40522], old=null
2019-09-26 10:06:59,738 [c14de6c3-ad97-4da4-b999-5d30d93b25e7@group-A77FB9A89323:LeaderElection289] INFO  impl.RoleInfo (RoleInfo.java:shutdownLeaderElection(134)) - c14de6c3-ad97-4da4-b999-5d30d93b25e7: shutdown LeaderElection
2019-09-26 10:06:59,738 [c8968d10-b107-4a89-b805-dd56466e025e@group-057B12688465:LeaderElection292] INFO  impl.LeaderElection (LeaderElection.java:askForVotes(182)) - c8968d10-b107-4a89-b805-dd56466e025e@group-057B12688465:LeaderElection292: begin an election at term 1 for -1: [c8968d10-b107-4a89-b805-dd56466e025e:192.168.30.13:41045], old=null
2019-09-26 10:06:59,738 [c8968d10-b107-4a89-b805-dd56466e025e@group-057B12688465:LeaderElection292] INFO  impl.RoleInfo (RoleInfo.java:shutdownLeaderElection(134)) - c8968d10-b107-4a89-b805-dd56466e025e: shutdown LeaderElection
2019-09-26 10:06:59,738 [c8968d10-b107-4a89-b805-dd56466e025e@group-65107FFF564E:LeaderElection294] INFO  impl.LeaderElection (LeaderElection.java:askForVotes(182)) - c8968d10-b107-4a89-b805-dd56466e025e@group-65107FFF564E:LeaderElection294: begin an election at term 1 for -1: [c8968d10-b107-4a89-b805-dd56466e025e:192.168.30.13:41045], old=null
2019-09-26 10:06:59,738 [c8968d10-b107-4a89-b805-dd56466e025e@group-22A5EAB8D91F:LeaderElection293] INFO  impl.LeaderElection (LeaderElection.java:askForVotes(182)) - c8968d10-b107-4a89-b805-dd56466e025e@group-22A5EAB8D91F:LeaderElection293: begin an election at term 1 for -1: [c8968d10-b107-4a89-b805-dd56466e025e:192.168.30.13:41045], old=null
2019-09-26 10:06:59,739 [c8968d10-b107-4a89-b805-dd56466e025e@group-22A5EAB8D91F:LeaderElection293] INFO  impl.RoleInfo (RoleInfo.java:shutdownLeaderElection(134)) - c8968d10-b107-4a89-b805-dd56466e025e: shutdown LeaderElection
2019-09-26 10:06:59,738 [c14de6c3-ad97-4da4-b999-5d30d93b25e7@group-9EEA07129309:LeaderElection288] INFO  impl.RaftServerImpl (RaftServerImpl.java:setRole(174)) - c14de6c3-ad97-4da4-b999-5d30d93b25e7@group-9EEA07129309: changes role from CANDIDATE to LEADER at term 1 for changeToLeader
2019-09-26 10:06:59,738 [84f656f9-4033-4770-bbd1-3f79d04a65ff@group-9B4EF2817FB4:LeaderElection286] INFO  impl.RoleInfo (RoleInfo.java:shutdownLeaderElection(134)) - 84f656f9-4033-4770-bbd1-3f79d04a65ff: shutdown LeaderElection
2019-09-26 10:06:59,739 [84f656f9-4033-4770-bbd1-3f79d04a65ff@group-9B4EF2817FB4:LeaderElection286] INFO  impl.RaftServerImpl (RaftServerImpl.java:setRole(174)) - 84f656f9-4033-4770-bbd1-3f79d04a65ff@group-9B4EF2817FB4: changes role from CANDIDATE to LEADER at term 1 for changeToLeader
2019-09-26 10:06:59,738 [77afb7a9-3f27-4b85-962a-c9c70d1ecd8b@group-06F50ACDD772:LeaderElection282] INFO  impl.RoleInfo (RoleInfo.java:shutdownLeaderElection(134)) - 77afb7a9-3f27-4b85-962a-c9c70d1ecd8b: shutdown LeaderElection
2019-09-26 10:06:59,738 [c14de6c3-ad97-4da4-b999-5d30d93b25e7@group-B46351D9F597:LeaderElection287] INFO  impl.LeaderElection (LeaderElection.java:askForVotes(182)) - c14de6c3-ad97-4da4-b999-5d30d93b25e7@group-B46351D9F597:LeaderElection287: begin an election at term 1 for -1: [c14de6c3-ad97-4da4-b999-5d30d93b25e7:192.168.30.13:38350], old=null
2019-09-26 10:06:59,738 [c8968d10-b107-4a89-b805-dd56466e025e@group-1E34219C1302:LeaderElection285] INFO  impl.LeaderElection (LeaderElection.java:askForVotes(182)) - c8968d10-b107-4a89-b805-dd56466e025e@group-1E34219C1302:LeaderElection285: begin an election at term 1 for -1: [c8968d10-b107-4a89-b805-dd56466e025e:192.168.30.13:41045], old=null
2019-09-26 10:06:59,738 [c14de6c3-ad97-4da4-b999-5d30d93b25e7@group-8703D663A69C:LeaderElection291] INFO  impl.LeaderElection (LeaderElection.java:askForVotes(182)) - c14de6c3-ad97-4da4-b999-5d30d93b25e7@group-8703D663A69C:LeaderElection291: begin an election at term 1 for -1: [c14de6c3-ad97-4da4-b999-5d30d93b25e7:192.168.30.13:38350], old=null
2019-09-26 10:06:59,740 [c14de6c3-ad97-4da4-b999-5d30d93b25e7@group-8703D663A69C:LeaderElection291] INFO  impl.RoleInfo (RoleInfo.java:shutdownLeaderElection(134)) - c14de6c3-ad97-4da4-b999-5d30d93b25e7: shutdown LeaderElection
2019-09-26 10:06:59,738 [c8968d10-b107-4a89-b805-dd56466e025e@group-FF42C95B4F72:LeaderElection290] INFO  impl.LeaderElection (LeaderElection.java:askForVotes(182)) - c8968d10-b107-4a89-b805-dd56466e025e@group-FF42C95B4F72:LeaderElection290: begin an election at term 1 for -1: [c8968d10-b107-4a89-b805-dd56466e025e:192.168.30.13:41045], old=null
2019-09-26 10:06:59,740 [c8968d10-b107-4a89-b805-dd56466e025e@group-FF42C95B4F72:LeaderElection290] INFO  impl.RoleInfo (RoleInfo.java:shutdownLeaderElection(134)) - c8968d10-b107-4a89-b805-dd56466e025e: shutdown LeaderElection
2019-09-26 10:06:59,737 [c3e403b7-5a1e-4aac-9b5a-0aedadd701b5@group-F188A7B02470:LeaderElection284] INFO  impl.RoleInfo (RoleInfo.java:shutdownLeaderElection(134)) - c3e403b7-5a1e-4aac-9b5a-0aedadd701b5: shutdown LeaderElection
2019-09-26 10:06:59,740 [c8968d10-b107-4a89-b805-dd56466e025e@group-FF42C95B4F72:LeaderElection290] INFO  impl.RaftServerImpl (RaftServerImpl.java:setRole(174)) - c8968d10-b107-4a89-b805-dd56466e025e@group-FF42C95B4F72: changes role from CANDIDATE to LEADER at term 1 for changeToLeader
2019-09-26 10:06:59,740 [c8968d10-b107-4a89-b805-dd56466e025e@group-FF42C95B4F72:LeaderElection290] INFO  impl.RaftServerImpl (ServerState.java:setLeader(253)) - c8968d10-b107-4a89-b805-dd56466e025e@group-FF42C95B4F72: change Leader from null to c8968d10-b107-4a89-b805-dd56466e025e at term 1 for becomeLeader, leader elected after 5492ms
2019-09-26 10:06:59,740 [Thread-3653] INFO  impl.FollowerState (FollowerState.java:run(106)) - 84f656f9-4033-4770-bbd1-3f79d04a65ff:group-DFF9BBD7E03E changes to CANDIDATE, lastRpcTime:5184, electionTimeout:5184ms
2019-09-26 10:06:59,740 [c14de6c3-ad97-4da4-b999-5d30d93b25e7@group-8703D663A69C:LeaderElection291] INFO  impl.RaftServerImpl (RaftServerImpl.java:setRole(174)) - c14de6c3-ad97-4da4-b999-5d30d93b25e7@group-8703D663A69C: changes role from CANDIDATE to LEADER at term 1 for changeToLeader
2019-09-26 10:06:59,741 [c14de6c3-ad97-4da4-b999-5d30d93b25e7@group-8703D663A69C:LeaderElection291] INFO  impl.RaftServerImpl (ServerState.java:setLeader(253)) - c14de6c3-ad97-4da4-b999-5d30d93b25e7@group-8703D663A69C: change Leader from null to c14de6c3-ad97-4da4-b999-5d30d93b25e7 at term 1 for becomeLeader, leader elected after 5433ms
2019-09-26 10:06:59,740 [c8968d10-b107-4a89-b805-dd56466e025e@group-1E34219C1302:LeaderElection285] INFO  impl.RoleInfo (RoleInfo.java:shutdownLeaderElection(134)) - c8968d10-b107-4a89-b805-dd56466e025e: shutdown LeaderElection
2019-09-26 10:06:59,740 [c14de6c3-ad97-4da4-b999-5d30d93b25e7@group-B46351D9F597:LeaderElection287] INFO  impl.RoleInfo (RoleInfo.java:shutdownLeaderElection(134)) - c14de6c3-ad97-4da4-b999-5d30d93b25e7: shutdown LeaderElection
2019-09-26 10:06:59,741 [c14de6c3-ad97-4da4-b999-5d30d93b25e7@group-B46351D9F597:LeaderElection287] INFO  impl.RaftServerImpl (RaftServerImpl.java:setRole(174)) - c14de6c3-ad97-4da4-b999-5d30d93b25e7@group-B46351D9F597: changes role from CANDIDATE to LEADER at term 1 for changeToLeader
2019-09-26 10:06:59,739 [77afb7a9-3f27-4b85-962a-c9c70d1ecd8b@group-06F50ACDD772:LeaderElection282] INFO  impl.RaftServerImpl (RaftServerImpl.java:setRole(174)) - 77afb7a9-3f27-4b85-962a-c9c70d1ecd8b@group-06F50ACDD772: changes role from CANDIDATE to LEADER at term 1 for changeToLeader
2019-09-26 10:06:59,741 [77afb7a9-3f27-4b85-962a-c9c70d1ecd8b@group-06F50ACDD772:LeaderElection282] INFO  impl.RaftServerImpl (ServerState.java:setLeader(253)) - 77afb7a9-3f27-4b85-962a-c9c70d1ecd8b@group-06F50ACDD772: change Leader from null to 77afb7a9-3f27-4b85-962a-c9c70d1ecd8b at term 1 for becomeLeader, leader elected after 6103ms
2019-09-26 10:06:59,739 [84f656f9-4033-4770-bbd1-3f79d04a65ff@group-9B4EF2817FB4:LeaderElection286] INFO  impl.RaftServerImpl (ServerState.java:setLeader(253)) - 84f656f9-4033-4770-bbd1-3f79d04a65ff@group-9B4EF2817FB4: change Leader from null to 84f656f9-4033-4770-bbd1-3f79d04a65ff at term 1 for becomeLeader, leader elected after 5642ms
2019-09-26 10:06:59,739 [c14de6c3-ad97-4da4-b999-5d30d93b25e7@group-9EEA07129309:LeaderElection288] INFO  impl.RaftServerImpl (ServerState.java:setLeader(253)) - c14de6c3-ad97-4da4-b999-5d30d93b25e7@group-9EEA07129309: change Leader from null to c14de6c3-ad97-4da4-b999-5d30d93b25e7 at term 1 for becomeLeader, leader elected after 5326ms
2019-09-26 10:06:59,739 [c8968d10-b107-4a89-b805-dd56466e025e@group-22A5EAB8D91F:LeaderElection293] INFO  impl.RaftServerImpl (RaftServerImpl.java:setRole(174)) - c8968d10-b107-4a89-b805-dd56466e025e@group-22A5EAB8D91F: changes role from CANDIDATE to LEADER at term 1 for changeToLeader
2019-09-26 10:06:59,742 [c8968d10-b107-4a89-b805-dd56466e025e@group-22A5EAB8D91F:LeaderElection293] INFO  impl.RaftServerImpl (ServerState.java:setLeader(253)) - c8968d10-b107-4a89-b805-dd56466e025e@group-22A5EAB8D91F: change Leader from null to c8968d10-b107-4a89-b805-dd56466e025e at term 1 for becomeLeader, leader elected after 5278ms
2019-09-26 10:06:59,739 [c8968d10-b107-4a89-b805-dd56466e025e@group-65107FFF564E:LeaderElection294] INFO  impl.RoleInfo (RoleInfo.java:shutdownLeaderElection(134)) - c8968d10-b107-4a89-b805-dd56466e025e: shutdown LeaderElection
2019-09-26 10:06:59,742 [c8968d10-b107-4a89-b805-dd56466e025e@group-65107FFF564E:LeaderElection294] INFO  impl.RaftServerImpl (RaftServerImpl.java:setRole(174)) - c8968d10-b107-4a89-b805-dd56466e025e@group-65107FFF564E: changes role from CANDIDATE to LEADER at term 1 for changeToLeader
2019-09-26 10:06:59,739 [c8968d10-b107-4a89-b805-dd56466e025e@group-057B12688465:LeaderElection292] INFO  impl.RaftServerImpl (RaftServerImpl.java:setRole(174)) - c8968d10-b107-4a89-b805-dd56466e025e@group-057B12688465: changes role from CANDIDATE to LEADER at term 1 for changeToLeader
2019-09-26 10:06:59,742 [c8968d10-b107-4a89-b805-dd56466e025e@group-057B12688465:LeaderElection292] INFO  impl.RaftServerImpl (ServerState.java:setLeader(253)) - c8968d10-b107-4a89-b805-dd56466e025e@group-057B12688465: change Leader from null to c8968d10-b107-4a89-b805-dd56466e025e at term 1 for becomeLeader, leader elected after 5236ms
2019-09-26 10:06:59,738 [c14de6c3-ad97-4da4-b999-5d30d93b25e7@group-A77FB9A89323:LeaderElection289] INFO  impl.RaftServerImpl (RaftServerImpl.java:setRole(174)) - c14de6c3-ad97-4da4-b999-5d30d93b25e7@group-A77FB9A89323: changes role from CANDIDATE to LEADER at term 1 for changeToLeader
2019-09-26 10:06:59,738 [4c0de2d3-09dd-47d7-b7a1-4f63a4eb8acf@group-9CA1D242824F:LeaderElection283] INFO  impl.RoleInfo (RoleInfo.java:shutdownLeaderElection(134)) - 4c0de2d3-09dd-47d7-b7a1-4f63a4eb8acf: shutdown LeaderElection
2019-09-26 10:06:59,743 [c14de6c3-ad97-4da4-b999-5d30d93b25e7@group-A77FB9A89323:LeaderElection289] INFO  impl.RaftServerImpl (ServerState.java:setLeader(253)) - c14de6c3-ad97-4da4-b999-5d30d93b25e7@group-A77FB9A89323: change Leader from null to c14de6c3-ad97-4da4-b999-5d30d93b25e7 at term 1 for becomeLeader, leader elected after 5389ms
2019-09-26 10:06:59,742 [c8968d10-b107-4a89-b805-dd56466e025e@group-057B12688465:LeaderElection292] INFO  server.RaftServerConfigKeys (ConfUtils.java:logGet(43)) - raft.server.staging.catchup.gap = 1000 (default)
2019-09-26 10:06:59,743 [c8968d10-b107-4a89-b805-dd56466e025e@group-057B12688465:LeaderElection292] INFO  server.RaftServerConfigKeys (ConfUtils.java:logGet(43)) - raft.server.rpc.sleep.time = 25ms (default)
2019-09-26 10:06:59,742 [c8968d10-b107-4a89-b805-dd56466e025e@group-65107FFF564E:LeaderElection294] INFO  impl.RaftServerImpl (ServerState.java:setLeader(253)) - c8968d10-b107-4a89-b805-dd56466e025e@group-65107FFF564E: change Leader from null to c8968d10-b107-4a89-b805-dd56466e025e at term 1 for becomeLeader, leader elected after 5137ms
2019-09-26 10:06:59,742 [c8968d10-b107-4a89-b805-dd56466e025e@group-22A5EAB8D91F:LeaderElection293] INFO  server.RaftServerConfigKeys (ConfUtils.java:logGet(43)) - raft.server.staging.catchup.gap = 1000 (default)
2019-09-26 10:06:59,743 [c8968d10-b107-4a89-b805-dd56466e025e@group-22A5EAB8D91F:LeaderElection293] INFO  server.RaftServerConfigKeys (ConfUtils.java:logGet(43)) - raft.server.rpc.sleep.time = 25ms (default)
2019-09-26 10:06:59,742 [c14de6c3-ad97-4da4-b999-5d30d93b25e7@group-9EEA07129309:LeaderElection288] INFO  server.RaftServerConfigKeys (ConfUtils.java:logGet(43)) - raft.server.staging.catchup.gap = 1000 (default)
2019-09-26 10:06:59,742 [84f656f9-4033-4770-bbd1-3f79d04a65ff@group-9B4EF2817FB4:LeaderElection286] INFO  server.RaftServerConfigKeys (ConfUtils.java:logGet(43)) - raft.server.staging.catchup.gap = 1000 (default)
2019-09-26 10:06:59,744 [84f656f9-4033-4770-bbd1-3f79d04a65ff@group-9B4EF2817FB4:LeaderElection286] INFO  server.RaftServerConfigKeys (ConfUtils.java:logGet(43)) - raft.server.rpc.sleep.time = 25ms (default)
2019-09-26 10:06:59,742 [77afb7a9-3f27-4b85-962a-c9c70d1ecd8b@group-06F50ACDD772:LeaderElection282] INFO  server.RaftServerConfigKeys (ConfUtils.java:logGet(43)) - raft.server.staging.catchup.gap = 1000 (default)
2019-09-26 10:06:59,741 [c14de6c3-ad97-4da4-b999-5d30d93b25e7@group-B46351D9F597:LeaderElection287] INFO  impl.RaftServerImpl (ServerState.java:setLeader(253)) - c14de6c3-ad97-4da4-b999-5d30d93b25e7@group-B46351D9F597: change Leader from null to c14de6c3-ad97-4da4-b999-5d30d93b25e7 at term 1 for becomeLeader, leader elected after 5533ms
2019-09-26 10:06:59,741 [c8968d10-b107-4a89-b805-dd56466e025e@group-1E34219C1302:LeaderElection285] INFO  impl.RaftServerImpl (RaftServerImpl.java:setRole(174)) - c8968d10-b107-4a89-b805-dd56466e025e@group-1E34219C1302: changes role from CANDIDATE to LEADER at term 1 for changeToLeader
2019-09-26 10:06:59,741 [c14de6c3-ad97-4da4-b999-5d30d93b25e7@group-8703D663A69C:LeaderElection291] INFO  server.RaftServerConfigKeys (ConfUtils.java:logGet(43)) - raft.server.staging.catchup.gap = 1000 (default)
2019-09-26 10:06:59,744 [c14de6c3-ad97-4da4-b999-5d30d93b25e7@group-8703D663A69C:LeaderElection291] INFO  server.RaftServerConfigKeys (ConfUtils.java:logGet(43)) - raft.server.rpc.sleep.time = 25ms (default)
2019-09-26 10:06:59,741 [Thread-3653] INFO  impl.RoleInfo (RoleInfo.java:shutdownFollowerState(121)) - 84f656f9-4033-4770-bbd1-3f79d04a65ff: shutdown FollowerState
2019-09-26 10:06:59,745 [Thread-3653] INFO  impl.RaftServerImpl (RaftServerImpl.java:setRole(174)) - 84f656f9-4033-4770-bbd1-3f79d04a65ff@group-DFF9BBD7E03E: changes role from  FOLLOWER to CANDIDATE at term 0 for changeToCandidate
2019-09-26 10:06:59,741 [c8968d10-b107-4a89-b805-dd56466e025e@group-FF42C95B4F72:LeaderElection290] INFO  server.RaftServerConfigKeys (ConfUtils.java:logGet(43)) - raft.server.staging.catchup.gap = 1000 (default)
2019-09-26 10:06:59,745 [c8968d10-b107-4a89-b805-dd56466e025e@group-FF42C95B4F72:LeaderElection290] INFO  server.RaftServerConfigKeys (ConfUtils.java:logGet(43)) - raft.server.rpc.sleep.time = 25ms (default)
2019-09-26 10:06:59,740 [c3e403b7-5a1e-4aac-9b5a-0aedadd701b5@group-F188A7B02470:LeaderElection284] INFO  impl.RaftServerImpl (RaftServerImpl.java:setRole(174)) - c3e403b7-5a1e-4aac-9b5a-0aedadd701b5@group-F188A7B02470: changes role from CANDIDATE to LEADER at term 1 for changeToLeader
2019-09-26 10:06:59,745 [c8968d10-b107-4a89-b805-dd56466e025e@group-FF42C95B4F72:LeaderElection290] INFO  server.RaftServerConfigKeys (ConfUtils.java:logGet(43)) - raft.server.write.element-limit = 4096 (default)
2019-09-26 10:06:59,745 [Thread-3653] INFO  impl.RoleInfo (RoleInfo.java:updateAndGet(143)) - 84f656f9-4033-4770-bbd1-3f79d04a65ff: start LeaderElection
2019-09-26 10:06:59,745 [c14de6c3-ad97-4da4-b999-5d30d93b25e7@group-8703D663A69C:LeaderElection291] INFO  server.RaftServerConfigKeys (ConfUtils.java:logGet(43)) - raft.server.write.element-limit = 4096 (default)
2019-09-26 10:06:59,746 [c14de6c3-ad97-4da4-b999-5d30d93b25e7@group-8703D663A69C:LeaderElection291] INFO  server.RaftServerConfigKeys (ConfUtils.java:logGet(43)) - raft.server.watch.timeout = 10s (default)
2019-09-26 10:06:59,744 [c8968d10-b107-4a89-b805-dd56466e025e@group-1E34219C1302:LeaderElection285] INFO  impl.RaftServerImpl (ServerState.java:setLeader(253)) - c8968d10-b107-4a89-b805-dd56466e025e@group-1E34219C1302: change Leader from null to c8968d10-b107-4a89-b805-dd56466e025e at term 1 for becomeLeader, leader elected after 5590ms
2019-09-26 10:06:59,744 [c14de6c3-ad97-4da4-b999-5d30d93b25e7@group-B46351D9F597:LeaderElection287] INFO  server.RaftServerConfigKeys (ConfUtils.java:logGet(43)) - raft.server.staging.catchup.gap = 1000 (default)
2019-09-26 10:06:59,746 [c14de6c3-ad97-4da4-b999-5d30d93b25e7@group-B46351D9F597:LeaderElection287] INFO  server.RaftServerConfigKeys (ConfUtils.java:logGet(43)) - raft.server.rpc.sleep.time = 25ms (default)
2019-09-26 10:06:59,744 [77afb7a9-3f27-4b85-962a-c9c70d1ecd8b@group-06F50ACDD772:LeaderElection282] INFO  server.RaftServerConfigKeys (ConfUtils.java:logGet(43)) - raft.server.rpc.sleep.time = 25ms (default)
2019-09-26 10:06:59,744 [84f656f9-4033-4770-bbd1-3f79d04a65ff@group-9B4EF2817FB4:LeaderElection286] INFO  server.RaftServerConfigKeys (ConfUtils.java:logGet(43)) - raft.server.write.element-limit = 4096 (default)
2019-09-26 10:06:59,747 [84f656f9-4033-4770-bbd1-3f79d04a65ff@group-9B4EF2817FB4:LeaderElection286] INFO  server.RaftServerConfigKeys (ConfUtils.java:logGet(43)) - raft.server.watch.timeout = 10s (default)
2019-09-26 10:06:59,744 [c14de6c3-ad97-4da4-b999-5d30d93b25e7@group-9EEA07129309:LeaderElection288] INFO  server.RaftServerConfigKeys (ConfUtils.java:logGet(43)) - raft.server.rpc.sleep.time = 25ms (default)
2019-09-26 10:06:59,743 [c8968d10-b107-4a89-b805-dd56466e025e@group-22A5EAB8D91F:LeaderElection293] INFO  server.RaftServerConfigKeys (ConfUtils.java:logGet(43)) - raft.server.write.element-limit = 4096 (default)
2019-09-26 10:06:59,743 [c8968d10-b107-4a89-b805-dd56466e025e@group-65107FFF564E:LeaderElection294] INFO  server.RaftServerConfigKeys (ConfUtils.java:logGet(43)) - raft.server.staging.catchup.gap = 1000 (default)
2019-09-26 10:06:59,747 [c8968d10-b107-4a89-b805-dd56466e025e@group-65107FFF564E:LeaderElection294] INFO  server.RaftServerConfigKeys (ConfUtils.java:logGet(43)) - raft.server.rpc.sleep.time = 25ms (default)
2019-09-26 10:06:59,743 [c8968d10-b107-4a89-b805-dd56466e025e@group-057B12688465:LeaderElection292] INFO  server.RaftServerConfigKeys (ConfUtils.java:logGet(43)) - raft.server.write.element-limit = 4096 (default)
2019-09-26 10:06:59,743 [c14de6c3-ad97-4da4-b999-5d30d93b25e7@group-A77FB9A89323:LeaderElection289] INFO  server.RaftServerConfigKeys (ConfUtils.java:logGet(43)) - raft.server.staging.catchup.gap = 1000 (default)
2019-09-26 10:06:59,743 [4c0de2d3-09dd-47d7-b7a1-4f63a4eb8acf@group-9CA1D242824F:LeaderElection283] INFO  impl.RaftServerImpl (RaftServerImpl.java:setRole(174)) - 4c0de2d3-09dd-47d7-b7a1-4f63a4eb8acf@group-9CA1D242824F: changes role from CANDIDATE to LEADER at term 1 for changeToLeader
2019-09-26 10:06:59,748 [c14de6c3-ad97-4da4-b999-5d30d93b25e7@group-A77FB9A89323:LeaderElection289] INFO  server.RaftServerConfigKeys (ConfUtils.java:logGet(43)) - raft.server.rpc.sleep.time = 25ms (default)
2019-09-26 10:06:59,748 [c8968d10-b107-4a89-b805-dd56466e025e@group-057B12688465:LeaderElection292] INFO  server.RaftServerConfigKeys (ConfUtils.java:logGet(43)) - raft.server.watch.timeout = 10s (default)
2019-09-26 10:06:59,748 [c8968d10-b107-4a89-b805-dd56466e025e@group-65107FFF564E:LeaderElection294] INFO  server.RaftServerConfigKeys (ConfUtils.java:logGet(43)) - raft.server.write.element-limit = 4096 (default)
2019-09-26 10:06:59,747 [c8968d10-b107-4a89-b805-dd56466e025e@group-22A5EAB8D91F:LeaderElection293] INFO  server.RaftServerConfigKeys (ConfUtils.java:logGet(43)) - raft.server.watch.timeout = 10s (default)
2019-09-26 10:06:59,747 [c14de6c3-ad97-4da4-b999-5d30d93b25e7@group-9EEA07129309:LeaderElection288] INFO  server.RaftServerConfigKeys (ConfUtils.java:logGet(43)) - raft.server.write.element-limit = 4096 (default)
2019-09-26 10:06:59,747 [84f656f9-4033-4770-bbd1-3f79d04a65ff@group-9B4EF2817FB4:LeaderElection286] INFO  server.RaftServerConfigKeys (ConfUtils.java:logGet(43)) - raft.server.watch.timeout.denomination = 1s (default)
2019-09-26 10:06:59,749 [84f656f9-4033-4770-bbd1-3f79d04a65ff@group-9B4EF2817FB4:LeaderElection286] INFO  server.RaftServerConfigKeys (ConfUtils.java:logGet(43)) - raft.server.watch.element-limit = 65536 (default)
2019-09-26 10:06:59,747 [77afb7a9-3f27-4b85-962a-c9c70d1ecd8b@group-06F50ACDD772:LeaderElection282] INFO  server.RaftServerConfigKeys (ConfUtils.java:logGet(43)) - raft.server.write.element-limit = 4096 (default)
2019-09-26 10:06:59,746 [c14de6c3-ad97-4da4-b999-5d30d93b25e7@group-B46351D9F597:LeaderElection287] INFO  server.RaftServerConfigKeys (ConfUtils.java:logGet(43)) - raft.server.write.element-limit = 4096 (default)
2019-09-26 10:06:59,746 [c8968d10-b107-4a89-b805-dd56466e025e@group-1E34219C1302:LeaderElection285] INFO  server.RaftServerConfigKeys (ConfUtils.java:logGet(43)) - raft.server.staging.catchup.gap = 1000 (default)
2019-09-26 10:06:59,746 [c14de6c3-ad97-4da4-b999-5d30d93b25e7@group-8703D663A69C:LeaderElection291] INFO  server.RaftServerConfigKeys (ConfUtils.java:logGet(43)) - raft.server.watch.timeout.denomination = 1s (default)
2019-09-26 10:06:59,746 [c8968d10-b107-4a89-b805-dd56466e025e@group-FF42C95B4F72:LeaderElection290] INFO  server.RaftServerConfigKeys (ConfUtils.java:logGet(43)) - raft.server.watch.timeout = 10s (default)
2019-09-26 10:06:59,745 [c3e403b7-5a1e-4aac-9b5a-0aedadd701b5@group-F188A7B02470:LeaderElection284] INFO  impl.RaftServerImpl (ServerState.java:setLeader(253)) - c3e403b7-5a1e-4aac-9b5a-0aedadd701b5@group-F188A7B02470: change Leader from null to c3e403b7-5a1e-4aac-9b5a-0aedadd701b5 at term 1 for becomeLeader, leader elected after 5711ms
2019-09-26 10:06:59,750 [c8968d10-b107-4a89-b805-dd56466e025e@group-FF42C95B4F72:LeaderElection290] INFO  server.RaftServerConfigKeys (ConfUtils.java:logGet(43)) - raft.server.watch.timeout.denomination = 1s (default)
2019-09-26 10:06:59,750 [c8968d10-b107-4a89-b805-dd56466e025e@group-FF42C95B4F72:LeaderElection290] INFO  server.RaftServerConfigKeys (ConfUtils.java:logGet(43)) - raft.server.watch.element-limit = 65536 (default)
2019-09-26 10:06:59,750 [c14de6c3-ad97-4da4-b999-5d30d93b25e7@group-8703D663A69C:LeaderElection291] INFO  server.RaftServerConfigKeys (ConfUtils.java:logGet(43)) - raft.server.watch.element-limit = 65536 (default)
2019-09-26 10:06:59,750 [c8968d10-b107-4a89-b805-dd56466e025e@group-1E34219C1302:LeaderElection285] INFO  server.RaftServerConfigKeys (ConfUtils.java:logGet(43)) - raft.server.rpc.sleep.time = 25ms (default)
2019-09-26 10:06:59,749 [c14de6c3-ad97-4da4-b999-5d30d93b25e7@group-B46351D9F597:LeaderElection287] INFO  server.RaftServerConfigKeys (ConfUtils.java:logGet(43)) - raft.server.watch.timeout = 10s (default)
2019-09-26 10:06:59,749 [77afb7a9-3f27-4b85-962a-c9c70d1ecd8b@group-06F50ACDD772:LeaderElection282] INFO  server.RaftServerConfigKeys (ConfUtils.java:logGet(43)) - raft.server.watch.timeout = 10s (default)
2019-09-26 10:06:59,749 [c14de6c3-ad97-4da4-b999-5d30d93b25e7@group-9EEA07129309:LeaderElection288] INFO  server.RaftServerConfigKeys (ConfUtils.java:logGet(43)) - raft.server.watch.timeout = 10s (default)
2019-09-26 10:06:59,749 [c8968d10-b107-4a89-b805-dd56466e025e@group-22A5EAB8D91F:LeaderElection293] INFO  server.RaftServerConfigKeys (ConfUtils.java:logGet(43)) - raft.server.watch.timeout.denomination = 1s (default)
2019-09-26 10:06:59,751 [c8968d10-b107-4a89-b805-dd56466e025e@group-22A5EAB8D91F:LeaderElection293] INFO  server.RaftServerConfigKeys (ConfUtils.java:logGet(43)) - raft.server.watch.element-limit = 65536 (default)
2019-09-26 10:06:59,748 [c8968d10-b107-4a89-b805-dd56466e025e@group-65107FFF564E:LeaderElection294] INFO  server.RaftServerConfigKeys (ConfUtils.java:logGet(43)) - raft.server.watch.timeout = 10s (default)
2019-09-26 10:06:59,748 [c8968d10-b107-4a89-b805-dd56466e025e@group-057B12688465:LeaderElection292] INFO  server.RaftServerConfigKeys (ConfUtils.java:logGet(43)) - raft.server.watch.timeout.denomination = 1s (default)
2019-09-26 10:06:59,748 [c14de6c3-ad97-4da4-b999-5d30d93b25e7@group-A77FB9A89323:LeaderElection289] INFO  server.RaftServerConfigKeys (ConfUtils.java:logGet(43)) - raft.server.write.element-limit = 4096 (default)
2019-09-26 10:06:59,748 [4c0de2d3-09dd-47d7-b7a1-4f63a4eb8acf@group-9CA1D242824F:LeaderElection283] INFO  impl.RaftServerImpl (ServerState.java:setLeader(253)) - 4c0de2d3-09dd-47d7-b7a1-4f63a4eb8acf@group-9CA1D242824F: change Leader from null to 4c0de2d3-09dd-47d7-b7a1-4f63a4eb8acf at term 1 for becomeLeader, leader elected after 5799ms
2019-09-26 10:06:59,752 [c14de6c3-ad97-4da4-b999-5d30d93b25e7@group-A77FB9A89323:LeaderElection289] INFO  server.RaftServerConfigKeys (ConfUtils.java:logGet(43)) - raft.server.watch.timeout = 10s (default)
2019-09-26 10:06:59,752 [c8968d10-b107-4a89-b805-dd56466e025e@group-057B12688465:LeaderElection292] INFO  server.RaftServerConfigKeys (ConfUtils.java:logGet(43)) - raft.server.watch.element-limit = 65536 (default)
2019-09-26 10:06:59,752 [c8968d10-b107-4a89-b805-dd56466e025e@group-65107FFF564E:LeaderElection294] INFO  server.RaftServerConfigKeys (ConfUtils.java:logGet(43)) - raft.server.watch.timeout.denomination = 1s (default)
2019-09-26 10:06:59,752 [c8968d10-b107-4a89-b805-dd56466e025e@group-65107FFF564E:LeaderElection294] INFO  server.RaftServerConfigKeys (ConfUtils.java:logGet(43)) - raft.server.watch.element-limit = 65536 (default)
2019-09-26 10:06:59,751 [84f656f9-4033-4770-bbd1-3f79d04a65ff@group-DFF9BBD7E03E:LeaderElection296] INFO  impl.LeaderElection (LeaderElection.java:askForVotes(182)) - 84f656f9-4033-4770-bbd1-3f79d04a65ff@group-DFF9BBD7E03E:LeaderElection296: begin an election at term 1 for -1: [84f656f9-4033-4770-bbd1-3f79d04a65ff:192.168.30.13:43165], old=null
2019-09-26 10:06:59,751 [84f656f9-4033-4770-bbd1-3f79d04a65ff@group-0EC594D92665:LeaderElection295] INFO  impl.LeaderElection (LeaderElection.java:askForVotes(182)) - 84f656f9-4033-4770-bbd1-3f79d04a65ff@group-0EC594D92665:LeaderElection295: begin an election at term 1 for -1: [84f656f9-4033-4770-bbd1-3f79d04a65ff:192.168.30.13:43165], old=null
2019-09-26 10:06:59,751 [c14de6c3-ad97-4da4-b999-5d30d93b25e7@group-9EEA07129309:LeaderElection288] INFO  server.RaftServerConfigKeys (ConfUtils.java:logGet(43)) - raft.server.watch.timeout.denomination = 1s (default)
2019-09-26 10:06:59,751 [77afb7a9-3f27-4b85-962a-c9c70d1ecd8b@group-06F50ACDD772:LeaderElection282] INFO  server.RaftServerConfigKeys (ConfUtils.java:logGet(43)) - raft.server.watch.timeout.denomination = 1s (default)
2019-09-26 10:06:59,751 [c14de6c3-ad97-4da4-b999-5d30d93b25e7@group-B46351D9F597:LeaderElection287] INFO  server.RaftServerConfigKeys (ConfUtils.java:logGet(43)) - raft.server.watch.timeout.denomination = 1s (default)
2019-09-26 10:06:59,751 [84f656f9-4033-4770-bbd1-3f79d04a65ff@group-9B4EF2817FB4:LeaderElection286] INFO  impl.RoleInfo (RoleInfo.java:updateAndGet(143)) - 84f656f9-4033-4770-bbd1-3f79d04a65ff: start LeaderState
2019-09-26 10:06:59,751 [c8968d10-b107-4a89-b805-dd56466e025e@group-1E34219C1302:LeaderElection285] INFO  server.RaftServerConfigKeys (ConfUtils.java:logGet(43)) - raft.server.write.element-limit = 4096 (default)
2019-09-26 10:06:59,750 [c3e403b7-5a1e-4aac-9b5a-0aedadd701b5@group-F188A7B02470:LeaderElection284] INFO  server.RaftServerConfigKeys (ConfUtils.java:logGet(43)) - raft.server.staging.catchup.gap = 1000 (default)
2019-09-26 10:06:59,754 [c8968d10-b107-4a89-b805-dd56466e025e@group-1E34219C1302:LeaderElection285] INFO  server.RaftServerConfigKeys (ConfUtils.java:logGet(43)) - raft.server.watch.timeout = 10s (default)
2019-09-26 10:06:59,754 [84f656f9-4033-4770-bbd1-3f79d04a65ff@group-9B4EF2817FB4:LeaderElection286] INFO  segmented.SegmentedRaftLogWorker (SegmentedRaftLogWorker.java:startLogSegment(380)) - 84f656f9-4033-4770-bbd1-3f79d04a65ff@group-9B4EF2817FB4-SegmentedRaftLogWorker: Starting segment from index:0
2019-09-26 10:06:59,753 [c14de6c3-ad97-4da4-b999-5d30d93b25e7@group-B46351D9F597:LeaderElection287] INFO  server.RaftServerConfigKeys (ConfUtils.java:logGet(43)) - raft.server.watch.element-limit = 65536 (default)
2019-09-26 10:06:59,753 [77afb7a9-3f27-4b85-962a-c9c70d1ecd8b@group-06F50ACDD772:LeaderElection282] INFO  server.RaftServerConfigKeys (ConfUtils.java:logGet(43)) - raft.server.watch.element-limit = 65536 (default)
2019-09-26 10:06:59,753 [c14de6c3-ad97-4da4-b999-5d30d93b25e7@group-9EEA07129309:LeaderElection288] INFO  server.RaftServerConfigKeys (ConfUtils.java:logGet(43)) - raft.server.watch.element-limit = 65536 (default)
2019-09-26 10:06:59,753 [84f656f9-4033-4770-bbd1-3f79d04a65ff@group-0EC594D92665:LeaderElection295] INFO  impl.RoleInfo (RoleInfo.java:shutdownLeaderElection(134)) - 84f656f9-4033-4770-bbd1-3f79d04a65ff: shutdown LeaderElection
2019-09-26 10:06:59,753 [84f656f9-4033-4770-bbd1-3f79d04a65ff@group-DFF9BBD7E03E:LeaderElection296] INFO  impl.RoleInfo (RoleInfo.java:shutdownLeaderElection(134)) - 84f656f9-4033-4770-bbd1-3f79d04a65ff: shutdown LeaderElection
2019-09-26 10:06:59,752 [c14de6c3-ad97-4da4-b999-5d30d93b25e7@group-A77FB9A89323:LeaderElection289] INFO  server.RaftServerConfigKeys (ConfUtils.java:logGet(43)) - raft.server.watch.timeout.denomination = 1s (default)
2019-09-26 10:06:59,752 [4c0de2d3-09dd-47d7-b7a1-4f63a4eb8acf@group-9CA1D242824F:LeaderElection283] INFO  server.RaftServerConfigKeys (ConfUtils.java:logGet(43)) - raft.server.staging.catchup.gap = 1000 (default)
2019-09-26 10:06:59,755 [c14de6c3-ad97-4da4-b999-5d30d93b25e7@group-A77FB9A89323:LeaderElection289] INFO  server.RaftServerConfigKeys (ConfUtils.java:logGet(43)) - raft.server.watch.element-limit = 65536 (default)
2019-09-26 10:06:59,755 [84f656f9-4033-4770-bbd1-3f79d04a65ff@group-DFF9BBD7E03E:LeaderElection296] INFO  impl.RaftServerImpl (RaftServerImpl.java:setRole(174)) - 84f656f9-4033-4770-bbd1-3f79d04a65ff@group-DFF9BBD7E03E: changes role from CANDIDATE to LEADER at term 1 for changeToLeader
2019-09-26 10:06:59,755 [84f656f9-4033-4770-bbd1-3f79d04a65ff@group-0EC594D92665:LeaderElection295] INFO  impl.RaftServerImpl (RaftServerImpl.java:setRole(174)) - 84f656f9-4033-4770-bbd1-3f79d04a65ff@group-0EC594D92665: changes role from CANDIDATE to LEADER at term 1 for changeToLeader
2019-09-26 10:06:59,755 [84f656f9-4033-4770-bbd1-3f79d04a65ff@group-9B4EF2817FB4:LeaderElection286] INFO  impl.RaftServerImpl (ServerState.java:setRaftConf(354)) - 84f656f9-4033-4770-bbd1-3f79d04a65ff@group-9B4EF2817FB4: set configuration 0: [84f656f9-4033-4770-bbd1-3f79d04a65ff:192.168.30.13:43165], old=null at 0
2019-09-26 10:06:59,754 [c8968d10-b107-4a89-b805-dd56466e025e@group-1E34219C1302:LeaderElection285] INFO  server.RaftServerConfigKeys (ConfUtils.java:logGet(43)) - raft.server.watch.timeout.denomination = 1s (default)
2019-09-26 10:06:59,754 [c3e403b7-5a1e-4aac-9b5a-0aedadd701b5@group-F188A7B02470:LeaderElection284] INFO  server.RaftServerConfigKeys (ConfUtils.java:logGet(43)) - raft.server.rpc.sleep.time = 25ms (default)
2019-09-26 10:06:59,756 [c8968d10-b107-4a89-b805-dd56466e025e@group-1E34219C1302:LeaderElection285] INFO  server.RaftServerConfigKeys (ConfUtils.java:logGet(43)) - raft.server.watch.element-limit = 65536 (default)
2019-09-26 10:06:59,756 [84f656f9-4033-4770-bbd1-3f79d04a65ff@group-0EC594D92665:LeaderElection295] INFO  impl.RaftServerImpl (ServerState.java:setLeader(253)) - 84f656f9-4033-4770-bbd1-3f79d04a65ff@group-0EC594D92665: change Leader from null to 84f656f9-4033-4770-bbd1-3f79d04a65ff at term 1 for becomeLeader, leader elected after 5048ms
2019-09-26 10:06:59,756 [84f656f9-4033-4770-bbd1-3f79d04a65ff@group-DFF9BBD7E03E:LeaderElection296] INFO  impl.RaftServerImpl (ServerState.java:setLeader(253)) - 84f656f9-4033-4770-bbd1-3f79d04a65ff@group-DFF9BBD7E03E: change Leader from null to 84f656f9-4033-4770-bbd1-3f79d04a65ff at term 1 for becomeLeader, leader elected after 5206ms
2019-09-26 10:06:59,756 [4c0de2d3-09dd-47d7-b7a1-4f63a4eb8acf@group-9CA1D242824F:LeaderElection283] INFO  server.RaftServerConfigKeys (ConfUtils.java:logGet(43)) - raft.server.rpc.sleep.time = 25ms (default)
2019-09-26 10:06:59,757 [84f656f9-4033-4770-bbd1-3f79d04a65ff@group-DFF9BBD7E03E:LeaderElection296] INFO  server.RaftServerConfigKeys (ConfUtils.java:logGet(43)) - raft.server.staging.catchup.gap = 1000 (default)
2019-09-26 10:06:59,757 [84f656f9-4033-4770-bbd1-3f79d04a65ff@group-0EC594D92665:LeaderElection295] INFO  server.RaftServerConfigKeys (ConfUtils.java:logGet(43)) - raft.server.staging.catchup.gap = 1000 (default)
2019-09-26 10:06:59,757 [c8968d10-b107-4a89-b805-dd56466e025e@group-FF42C95B4F72:LeaderElection290] INFO  impl.RoleInfo (RoleInfo.java:updateAndGet(143)) - c8968d10-b107-4a89-b805-dd56466e025e: start LeaderState
2019-09-26 10:06:59,757 [c3e403b7-5a1e-4aac-9b5a-0aedadd701b5@group-F188A7B02470:LeaderElection284] INFO  server.RaftServerConfigKeys (ConfUtils.java:logGet(43)) - raft.server.write.element-limit = 4096 (default)
2019-09-26 10:06:59,758 [c8968d10-b107-4a89-b805-dd56466e025e@group-FF42C95B4F72:LeaderElection290] INFO  segmented.SegmentedRaftLogWorker (SegmentedRaftLogWorker.java:startLogSegment(380)) - c8968d10-b107-4a89-b805-dd56466e025e@group-FF42C95B4F72-SegmentedRaftLogWorker: Starting segment from index:0
2019-09-26 10:06:59,757 [84f656f9-4033-4770-bbd1-3f79d04a65ff@group-0EC594D92665:LeaderElection295] INFO  server.RaftServerConfigKeys (ConfUtils.java:logGet(43)) - raft.server.rpc.sleep.time = 25ms (default)
2019-09-26 10:06:59,757 [84f656f9-4033-4770-bbd1-3f79d04a65ff@group-DFF9BBD7E03E:LeaderElection296] INFO  server.RaftServerConfigKeys (ConfUtils.java:logGet(43)) - raft.server.rpc.sleep.time = 25ms (default)
2019-09-26 10:06:59,757 [4c0de2d3-09dd-47d7-b7a1-4f63a4eb8acf@group-9CA1D242824F:LeaderElection283] INFO  server.RaftServerConfigKeys (ConfUtils.java:logGet(43)) - raft.server.write.element-limit = 4096 (default)
2019-09-26 10:06:59,758 [84f656f9-4033-4770-bbd1-3f79d04a65ff@group-DFF9BBD7E03E:LeaderElection296] INFO  server.RaftServerConfigKeys (ConfUtils.java:logGet(43)) - raft.server.write.element-limit = 4096 (default)
2019-09-26 10:06:59,758 [c8968d10-b107-4a89-b805-dd56466e025e@group-FF42C95B4F72:LeaderElection290] INFO  impl.RaftServerImpl (ServerState.java:setRaftConf(354)) - c8968d10-b107-4a89-b805-dd56466e025e@group-FF42C95B4F72: set configuration 0: [c8968d10-b107-4a89-b805-dd56466e025e:192.168.30.13:41045], old=null at 0
2019-09-26 10:06:59,758 [84f656f9-4033-4770-bbd1-3f79d04a65ff@group-0EC594D92665:LeaderElection295] INFO  server.RaftServerConfigKeys (ConfUtils.java:logGet(43)) - raft.server.write.element-limit = 4096 (default)
2019-09-26 10:06:59,758 [c3e403b7-5a1e-4aac-9b5a-0aedadd701b5@group-F188A7B02470:LeaderElection284] INFO  server.RaftServerConfigKeys (ConfUtils.java:logGet(43)) - raft.server.watch.timeout = 10s (default)
2019-09-26 10:06:59,759 [84f656f9-4033-4770-bbd1-3f79d04a65ff@group-0EC594D92665:LeaderElection295] INFO  server.RaftServerConfigKeys (ConfUtils.java:logGet(43)) - raft.server.watch.timeout = 10s (default)
2019-09-26 10:06:59,759 [84f656f9-4033-4770-bbd1-3f79d04a65ff@group-DFF9BBD7E03E:LeaderElection296] INFO  server.RaftServerConfigKeys (ConfUtils.java:logGet(43)) - raft.server.watch.timeout = 10s (default)
2019-09-26 10:06:59,758 [4c0de2d3-09dd-47d7-b7a1-4f63a4eb8acf@group-9CA1D242824F:LeaderElection283] INFO  server.RaftServerConfigKeys (ConfUtils.java:logGet(43)) - raft.server.watch.timeout = 10s (default)
2019-09-26 10:06:59,759 [84f656f9-4033-4770-bbd1-3f79d04a65ff@group-DFF9BBD7E03E:LeaderElection296] INFO  server.RaftServerConfigKeys (ConfUtils.java:logGet(43)) - raft.server.watch.timeout.denomination = 1s (default)
2019-09-26 10:06:59,759 [84f656f9-4033-4770-bbd1-3f79d04a65ff@group-0EC594D92665:LeaderElection295] INFO  server.RaftServerConfigKeys (ConfUtils.java:logGet(43)) - raft.server.watch.timeout.denomination = 1s (default)
2019-09-26 10:06:59,759 [c3e403b7-5a1e-4aac-9b5a-0aedadd701b5@group-F188A7B02470:LeaderElection284] INFO  server.RaftServerConfigKeys (ConfUtils.java:logGet(43)) - raft.server.watch.timeout.denomination = 1s (default)
2019-09-26 10:06:59,760 [84f656f9-4033-4770-bbd1-3f79d04a65ff@group-0EC594D92665:LeaderElection295] INFO  server.RaftServerConfigKeys (ConfUtils.java:logGet(43)) - raft.server.watch.element-limit = 65536 (default)
2019-09-26 10:06:59,760 [84f656f9-4033-4770-bbd1-3f79d04a65ff@group-DFF9BBD7E03E:LeaderElection296] INFO  server.RaftServerConfigKeys (ConfUtils.java:logGet(43)) - raft.server.watch.element-limit = 65536 (default)
2019-09-26 10:06:59,759 [4c0de2d3-09dd-47d7-b7a1-4f63a4eb8acf@group-9CA1D242824F:LeaderElection283] INFO  server.RaftServerConfigKeys (ConfUtils.java:logGet(43)) - raft.server.watch.timeout.denomination = 1s (default)
2019-09-26 10:06:59,760 [c3e403b7-5a1e-4aac-9b5a-0aedadd701b5@group-F188A7B02470:LeaderElection284] INFO  server.RaftServerConfigKeys (ConfUtils.java:logGet(43)) - raft.server.watch.element-limit = 65536 (default)
2019-09-26 10:06:59,760 [4c0de2d3-09dd-47d7-b7a1-4f63a4eb8acf@group-9CA1D242824F:LeaderElection283] INFO  server.RaftServerConfigKeys (ConfUtils.java:logGet(43)) - raft.server.watch.element-limit = 65536 (default)
2019-09-26 10:06:59,761 [c14de6c3-ad97-4da4-b999-5d30d93b25e7@group-8703D663A69C:LeaderElection291] INFO  impl.RoleInfo (RoleInfo.java:updateAndGet(143)) - c14de6c3-ad97-4da4-b999-5d30d93b25e7: start LeaderState
2019-09-26 10:06:59,761 [c14de6c3-ad97-4da4-b999-5d30d93b25e7@group-8703D663A69C:LeaderElection291] INFO  segmented.SegmentedRaftLogWorker (SegmentedRaftLogWorker.java:startLogSegment(380)) - c14de6c3-ad97-4da4-b999-5d30d93b25e7@group-8703D663A69C-SegmentedRaftLogWorker: Starting segment from index:0
2019-09-26 10:06:59,762 [c14de6c3-ad97-4da4-b999-5d30d93b25e7@group-8703D663A69C:LeaderElection291] INFO  impl.RaftServerImpl (ServerState.java:setRaftConf(354)) - c14de6c3-ad97-4da4-b999-5d30d93b25e7@group-8703D663A69C: set configuration 0: [c14de6c3-ad97-4da4-b999-5d30d93b25e7:192.168.30.13:38350], old=null at 0
2019-09-26 10:06:59,768 [c8968d10-b107-4a89-b805-dd56466e025e@group-22A5EAB8D91F:LeaderElection293] INFO  impl.RoleInfo (RoleInfo.java:updateAndGet(143)) - c8968d10-b107-4a89-b805-dd56466e025e: start LeaderState
2019-09-26 10:06:59,769 [c8968d10-b107-4a89-b805-dd56466e025e@group-22A5EAB8D91F:LeaderElection293] INFO  segmented.SegmentedRaftLogWorker (SegmentedRaftLogWorker.java:startLogSegment(380)) - c8968d10-b107-4a89-b805-dd56466e025e@group-22A5EAB8D91F-SegmentedRaftLogWorker: Starting segment from index:0
2019-09-26 10:06:59,769 [c8968d10-b107-4a89-b805-dd56466e025e@group-22A5EAB8D91F:LeaderElection293] INFO  impl.RaftServerImpl (ServerState.java:setRaftConf(354)) - c8968d10-b107-4a89-b805-dd56466e025e@group-22A5EAB8D91F: set configuration 0: [c8968d10-b107-4a89-b805-dd56466e025e:192.168.30.13:41045], old=null at 0
2019-09-26 10:06:59,774 [c8968d10-b107-4a89-b805-dd56466e025e@group-057B12688465:LeaderElection292] INFO  impl.RoleInfo (RoleInfo.java:updateAndGet(143)) - c8968d10-b107-4a89-b805-dd56466e025e: start LeaderState
2019-09-26 10:06:59,774 [c8968d10-b107-4a89-b805-dd56466e025e@group-057B12688465:LeaderElection292] INFO  segmented.SegmentedRaftLogWorker (SegmentedRaftLogWorker.java:startLogSegment(380)) - c8968d10-b107-4a89-b805-dd56466e025e@group-057B12688465-SegmentedRaftLogWorker: Starting segment from index:0
2019-09-26 10:06:59,775 [c8968d10-b107-4a89-b805-dd56466e025e@group-057B12688465:LeaderElection292] INFO  impl.RaftServerImpl (ServerState.java:setRaftConf(354)) - c8968d10-b107-4a89-b805-dd56466e025e@group-057B12688465: set configuration 0: [c8968d10-b107-4a89-b805-dd56466e025e:192.168.30.13:41045], old=null at 0
2019-09-26 10:06:59,776 [c8968d10-b107-4a89-b805-dd56466e025e@group-65107FFF564E:LeaderElection294] INFO  impl.RoleInfo (RoleInfo.java:updateAndGet(143)) - c8968d10-b107-4a89-b805-dd56466e025e: start LeaderState
2019-09-26 10:06:59,776 [c8968d10-b107-4a89-b805-dd56466e025e@group-65107FFF564E:LeaderElection294] INFO  segmented.SegmentedRaftLogWorker (SegmentedRaftLogWorker.java:startLogSegment(380)) - c8968d10-b107-4a89-b805-dd56466e025e@group-65107FFF564E-SegmentedRaftLogWorker: Starting segment from index:0
2019-09-26 10:06:59,776 [c8968d10-b107-4a89-b805-dd56466e025e@group-65107FFF564E:LeaderElection294] INFO  impl.RaftServerImpl (ServerState.java:setRaftConf(354)) - c8968d10-b107-4a89-b805-dd56466e025e@group-65107FFF564E: set configuration 0: [c8968d10-b107-4a89-b805-dd56466e025e:192.168.30.13:41045], old=null at 0
2019-09-26 10:06:59,781 [c14de6c3-ad97-4da4-b999-5d30d93b25e7@group-B46351D9F597:LeaderElection287] INFO  impl.RoleInfo (RoleInfo.java:updateAndGet(143)) - c14de6c3-ad97-4da4-b999-5d30d93b25e7: start LeaderState
2019-09-26 10:06:59,781 [c14de6c3-ad97-4da4-b999-5d30d93b25e7@group-B46351D9F597:LeaderElection287] INFO  segmented.SegmentedRaftLogWorker (SegmentedRaftLogWorker.java:startLogSegment(380)) - c14de6c3-ad97-4da4-b999-5d30d93b25e7@group-B46351D9F597-SegmentedRaftLogWorker: Starting segment from index:0
2019-09-26 10:06:59,782 [c14de6c3-ad97-4da4-b999-5d30d93b25e7@group-B46351D9F597:LeaderElection287] INFO  impl.RaftServerImpl (ServerState.java:setRaftConf(354)) - c14de6c3-ad97-4da4-b999-5d30d93b25e7@group-B46351D9F597: set configuration 0: [c14de6c3-ad97-4da4-b999-5d30d93b25e7:192.168.30.13:38350], old=null at 0
2019-09-26 10:06:59,782 [c14de6c3-ad97-4da4-b999-5d30d93b25e7@group-9EEA07129309:LeaderElection288] INFO  impl.RoleInfo (RoleInfo.java:updateAndGet(143)) - c14de6c3-ad97-4da4-b999-5d30d93b25e7: start LeaderState
2019-09-26 10:06:59,782 [c14de6c3-ad97-4da4-b999-5d30d93b25e7@group-A77FB9A89323:LeaderElection289] INFO  impl.RoleInfo (RoleInfo.java:updateAndGet(143)) - c14de6c3-ad97-4da4-b999-5d30d93b25e7: start LeaderState
2019-09-26 10:06:59,782 [c14de6c3-ad97-4da4-b999-5d30d93b25e7@group-9EEA07129309:LeaderElection288] INFO  segmented.SegmentedRaftLogWorker (SegmentedRaftLogWorker.java:startLogSegment(380)) - c14de6c3-ad97-4da4-b999-5d30d93b25e7@group-9EEA07129309-SegmentedRaftLogWorker: Starting segment from index:0
2019-09-26 10:06:59,782 [c14de6c3-ad97-4da4-b999-5d30d93b25e7@group-A77FB9A89323:LeaderElection289] INFO  segmented.SegmentedRaftLogWorker (SegmentedRaftLogWorker.java:startLogSegment(380)) - c14de6c3-ad97-4da4-b999-5d30d93b25e7@group-A77FB9A89323-SegmentedRaftLogWorker: Starting segment from index:0
2019-09-26 10:06:59,783 [c14de6c3-ad97-4da4-b999-5d30d93b25e7@group-9EEA07129309:LeaderElection288] INFO  impl.RaftServerImpl (ServerState.java:setRaftConf(354)) - c14de6c3-ad97-4da4-b999-5d30d93b25e7@group-9EEA07129309: set configuration 0: [c14de6c3-ad97-4da4-b999-5d30d93b25e7:192.168.30.13:38350], old=null at 0
2019-09-26 10:06:59,783 [77afb7a9-3f27-4b85-962a-c9c70d1ecd8b@group-06F50ACDD772:LeaderElection282] INFO  impl.RoleInfo (RoleInfo.java:updateAndGet(143)) - 77afb7a9-3f27-4b85-962a-c9c70d1ecd8b: start LeaderState
2019-09-26 10:06:59,783 [c8968d10-b107-4a89-b805-dd56466e025e@group-1E34219C1302:LeaderElection285] INFO  impl.RoleInfo (RoleInfo.java:updateAndGet(143)) - c8968d10-b107-4a89-b805-dd56466e025e: start LeaderState
2019-09-26 10:06:59,783 [c14de6c3-ad97-4da4-b999-5d30d93b25e7@group-A77FB9A89323:LeaderElection289] INFO  impl.RaftServerImpl (ServerState.java:setRaftConf(354)) - c14de6c3-ad97-4da4-b999-5d30d93b25e7@group-A77FB9A89323: set configuration 0: [c14de6c3-ad97-4da4-b999-5d30d93b25e7:192.168.30.13:38350], old=null at 0
2019-09-26 10:06:59,783 [c8968d10-b107-4a89-b805-dd56466e025e@group-1E34219C1302:LeaderElection285] INFO  segmented.SegmentedRaftLogWorker (SegmentedRaftLogWorker.java:startLogSegment(380)) - c8968d10-b107-4a89-b805-dd56466e025e@group-1E34219C1302-SegmentedRaftLogWorker: Starting segment from index:0
2019-09-26 10:06:59,783 [77afb7a9-3f27-4b85-962a-c9c70d1ecd8b@group-06F50ACDD772:LeaderElection282] INFO  segmented.SegmentedRaftLogWorker (SegmentedRaftLogWorker.java:startLogSegment(380)) - 77afb7a9-3f27-4b85-962a-c9c70d1ecd8b@group-06F50ACDD772-SegmentedRaftLogWorker: Starting segment from index:0
2019-09-26 10:06:59,784 [c8968d10-b107-4a89-b805-dd56466e025e@group-1E34219C1302:LeaderElection285] INFO  impl.RaftServerImpl (ServerState.java:setRaftConf(354)) - c8968d10-b107-4a89-b805-dd56466e025e@group-1E34219C1302: set configuration 0: [c8968d10-b107-4a89-b805-dd56466e025e:192.168.30.13:41045], old=null at 0
2019-09-26 10:06:59,784 [77afb7a9-3f27-4b85-962a-c9c70d1ecd8b@group-06F50ACDD772:LeaderElection282] INFO  impl.RaftServerImpl (ServerState.java:setRaftConf(354)) - 77afb7a9-3f27-4b85-962a-c9c70d1ecd8b@group-06F50ACDD772: set configuration 0: [77afb7a9-3f27-4b85-962a-c9c70d1ecd8b:192.168.30.13:39117], old=null at 0
2019-09-26 10:06:59,785 [84f656f9-4033-4770-bbd1-3f79d04a65ff@group-0EC594D92665:LeaderElection295] INFO  impl.RoleInfo (RoleInfo.java:updateAndGet(143)) - 84f656f9-4033-4770-bbd1-3f79d04a65ff: start LeaderState
2019-09-26 10:06:59,785 [84f656f9-4033-4770-bbd1-3f79d04a65ff@group-0EC594D92665:LeaderElection295] INFO  segmented.SegmentedRaftLogWorker (SegmentedRaftLogWorker.java:startLogSegment(380)) - 84f656f9-4033-4770-bbd1-3f79d04a65ff@group-0EC594D92665-SegmentedRaftLogWorker: Starting segment from index:0
2019-09-26 10:06:59,785 [84f656f9-4033-4770-bbd1-3f79d04a65ff@group-DFF9BBD7E03E:LeaderElection296] INFO  impl.RoleInfo (RoleInfo.java:updateAndGet(143)) - 84f656f9-4033-4770-bbd1-3f79d04a65ff: start LeaderState
2019-09-26 10:06:59,785 [c3e403b7-5a1e-4aac-9b5a-0aedadd701b5@group-F188A7B02470:LeaderElection284] INFO  impl.RoleInfo (RoleInfo.java:updateAndGet(143)) - c3e403b7-5a1e-4aac-9b5a-0aedadd701b5: start LeaderState
2019-09-26 10:06:59,785 [4c0de2d3-09dd-47d7-b7a1-4f63a4eb8acf@group-9CA1D242824F:LeaderElection283] INFO  impl.RoleInfo (RoleInfo.java:updateAndGet(143)) - 4c0de2d3-09dd-47d7-b7a1-4f63a4eb8acf: start LeaderState
2019-09-26 10:06:59,786 [c3e403b7-5a1e-4aac-9b5a-0aedadd701b5@group-F188A7B02470:LeaderElection284] INFO  segmented.SegmentedRaftLogWorker (SegmentedRaftLogWorker.java:startLogSegment(380)) - c3e403b7-5a1e-4aac-9b5a-0aedadd701b5@group-F188A7B02470-SegmentedRaftLogWorker: Starting segment from index:0
2019-09-26 10:06:59,786 [84f656f9-4033-4770-bbd1-3f79d04a65ff@group-0EC594D92665:LeaderElection295] INFO  impl.RaftServerImpl (ServerState.java:setRaftConf(354)) - 84f656f9-4033-4770-bbd1-3f79d04a65ff@group-0EC594D92665: set configuration 0: [84f656f9-4033-4770-bbd1-3f79d04a65ff:192.168.30.13:43165], old=null at 0
2019-09-26 10:06:59,786 [84f656f9-4033-4770-bbd1-3f79d04a65ff@group-DFF9BBD7E03E:LeaderElection296] INFO  segmented.SegmentedRaftLogWorker (SegmentedRaftLogWorker.java:startLogSegment(380)) - 84f656f9-4033-4770-bbd1-3f79d04a65ff@group-DFF9BBD7E03E-SegmentedRaftLogWorker: Starting segment from index:0
2019-09-26 10:06:59,786 [c3e403b7-5a1e-4aac-9b5a-0aedadd701b5@group-F188A7B02470:LeaderElection284] INFO  impl.RaftServerImpl (ServerState.java:setRaftConf(354)) - c3e403b7-5a1e-4aac-9b5a-0aedadd701b5@group-F188A7B02470: set configuration 0: [c3e403b7-5a1e-4aac-9b5a-0aedadd701b5:192.168.30.13:38271], old=null at 0
2019-09-26 10:06:59,786 [4c0de2d3-09dd-47d7-b7a1-4f63a4eb8acf@group-9CA1D242824F:LeaderElection283] INFO  segmented.SegmentedRaftLogWorker (SegmentedRaftLogWorker.java:startLogSegment(380)) - 4c0de2d3-09dd-47d7-b7a1-4f63a4eb8acf@group-9CA1D242824F-SegmentedRaftLogWorker: Starting segment from index:0
2019-09-26 10:06:59,787 [84f656f9-4033-4770-bbd1-3f79d04a65ff@group-DFF9BBD7E03E:LeaderElection296] INFO  impl.RaftServerImpl (ServerState.java:setRaftConf(354)) - 84f656f9-4033-4770-bbd1-3f79d04a65ff@group-DFF9BBD7E03E: set configuration 0: [84f656f9-4033-4770-bbd1-3f79d04a65ff:192.168.30.13:43165], old=null at 0
2019-09-26 10:06:59,788 [4c0de2d3-09dd-47d7-b7a1-4f63a4eb8acf@group-9CA1D242824F:LeaderElection283] INFO  impl.RaftServerImpl (ServerState.java:setRaftConf(354)) - 4c0de2d3-09dd-47d7-b7a1-4f63a4eb8acf@group-9CA1D242824F: set configuration 0: [4c0de2d3-09dd-47d7-b7a1-4f63a4eb8acf:192.168.30.13:40522], old=null at 0
2019-09-26 10:06:59,810 [EventQueue-StaleNodeForStaleNodeHandler] INFO  node.StaleNodeHandler (StaleNodeHandler.java:onMessage(58)) - Datanode c14de6c3-ad97-4da4-b999-5d30d93b25e7{ip: 192.168.30.13, host: pr-hdds-1569-wvzgm-824869521, networkLocation: /default-rack, certSerialId: null} moved to stale state. Finalizing its pipelines [PipelineID=e6a5ead2-cf67-4d66-a934-da6032f392b0, PipelineID=a2e42140-ce6e-4f1b-aa0c-8703d663a69c, PipelineID=08a64c88-9d72-42bc-b435-9eea07129309, PipelineID=b778792c-d461-4083-b7a9-8ee1661cfe3b, PipelineID=1459d035-a28a-4200-bfa2-b46351d9f597, PipelineID=c2b4039e-0f94-4015-9873-a77fb9a89323]
2019-09-26 10:06:59,811 [EventQueue-StaleNodeForStaleNodeHandler] INFO  pipeline.SCMPipelineManager (SCMPipelineManager.java:finalizeAndDestroyPipeline(316)) - destroying pipeline:Pipeline[ Id: e6a5ead2-cf67-4d66-a934-da6032f392b0, Nodes: c14de6c3-ad97-4da4-b999-5d30d93b25e7{ip: 192.168.30.13, host: pr-hdds-1569-wvzgm-824869521, networkLocation: /default-rack, certSerialId: null}, Type:RATIS, Factor:ONE, State:OPEN]
2019-09-26 10:06:59,811 [EventQueue-StaleNodeForStaleNodeHandler] INFO  pipeline.PipelineStateManager (PipelineStateManager.java:finalizePipeline(123)) - Pipeline Pipeline[ Id: e6a5ead2-cf67-4d66-a934-da6032f392b0, Nodes: c14de6c3-ad97-4da4-b999-5d30d93b25e7{ip: 192.168.30.13, host: pr-hdds-1569-wvzgm-824869521, networkLocation: /default-rack, certSerialId: null}, Type:RATIS, Factor:ONE, State:CLOSED] moved to CLOSED state
2019-09-26 10:06:59,811 [EventQueue-StaleNodeForStaleNodeHandler] INFO  pipeline.SCMPipelineManager (SCMPipelineManager.java:finalizeAndDestroyPipeline(316)) - destroying pipeline:Pipeline[ Id: a2e42140-ce6e-4f1b-aa0c-8703d663a69c, Nodes: c14de6c3-ad97-4da4-b999-5d30d93b25e7{ip: 192.168.30.13, host: pr-hdds-1569-wvzgm-824869521, networkLocation: /default-rack, certSerialId: null}, Type:RATIS, Factor:ONE, State:OPEN]
2019-09-26 10:06:59,811 [EventQueue-StaleNodeForStaleNodeHandler] INFO  pipeline.PipelineStateManager (PipelineStateManager.java:finalizePipeline(123)) - Pipeline Pipeline[ Id: a2e42140-ce6e-4f1b-aa0c-8703d663a69c, Nodes: c14de6c3-ad97-4da4-b999-5d30d93b25e7{ip: 192.168.30.13, host: pr-hdds-1569-wvzgm-824869521, networkLocation: /default-rack, certSerialId: null}, Type:RATIS, Factor:ONE, State:CLOSED] moved to CLOSED state
2019-09-26 10:06:59,811 [EventQueue-StaleNodeForStaleNodeHandler] INFO  pipeline.SCMPipelineManager (SCMPipelineManager.java:finalizeAndDestroyPipeline(316)) - destroying pipeline:Pipeline[ Id: 08a64c88-9d72-42bc-b435-9eea07129309, Nodes: c14de6c3-ad97-4da4-b999-5d30d93b25e7{ip: 192.168.30.13, host: pr-hdds-1569-wvzgm-824869521, networkLocation: /default-rack, certSerialId: null}, Type:RATIS, Factor:ONE, State:OPEN]
2019-09-26 10:06:59,812 [EventQueue-StaleNodeForStaleNodeHandler] INFO  pipeline.PipelineStateManager (PipelineStateManager.java:finalizePipeline(123)) - Pipeline Pipeline[ Id: 08a64c88-9d72-42bc-b435-9eea07129309, Nodes: c14de6c3-ad97-4da4-b999-5d30d93b25e7{ip: 192.168.30.13, host: pr-hdds-1569-wvzgm-824869521, networkLocation: /default-rack, certSerialId: null}, Type:RATIS, Factor:ONE, State:CLOSED] moved to CLOSED state
2019-09-26 10:06:59,812 [EventQueue-StaleNodeForStaleNodeHandler] INFO  pipeline.SCMPipelineManager (SCMPipelineManager.java:finalizeAndDestroyPipeline(316)) - destroying pipeline:Pipeline[ Id: b778792c-d461-4083-b7a9-8ee1661cfe3b, Nodes: c14de6c3-ad97-4da4-b999-5d30d93b25e7{ip: 192.168.30.13, host: pr-hdds-1569-wvzgm-824869521, networkLocation: /default-rack, certSerialId: null}, Type:RATIS, Factor:ONE, State:OPEN]
2019-09-26 10:06:59,812 [EventQueue-StaleNodeForStaleNodeHandler] INFO  pipeline.PipelineStateManager (PipelineStateManager.java:finalizePipeline(123)) - Pipeline Pipeline[ Id: b778792c-d461-4083-b7a9-8ee1661cfe3b, Nodes: c14de6c3-ad97-4da4-b999-5d30d93b25e7{ip: 192.168.30.13, host: pr-hdds-1569-wvzgm-824869521, networkLocation: /default-rack, certSerialId: null}, Type:RATIS, Factor:ONE, State:CLOSED] moved to CLOSED state
2019-09-26 10:06:59,812 [EventQueue-StaleNodeForStaleNodeHandler] INFO  pipeline.SCMPipelineManager (SCMPipelineManager.java:finalizeAndDestroyPipeline(316)) - destroying pipeline:Pipeline[ Id: 1459d035-a28a-4200-bfa2-b46351d9f597, Nodes: c14de6c3-ad97-4da4-b999-5d30d93b25e7{ip: 192.168.30.13, host: pr-hdds-1569-wvzgm-824869521, networkLocation: /default-rack, certSerialId: null}, Type:RATIS, Factor:ONE, State:OPEN]
2019-09-26 10:06:59,812 [EventQueue-StaleNodeForStaleNodeHandler] INFO  pipeline.PipelineStateManager (PipelineStateManager.java:finalizePipeline(123)) - Pipeline Pipeline[ Id: 1459d035-a28a-4200-bfa2-b46351d9f597, Nodes: c14de6c3-ad97-4da4-b999-5d30d93b25e7{ip: 192.168.30.13, host: pr-hdds-1569-wvzgm-824869521, networkLocation: /default-rack, certSerialId: null}, Type:RATIS, Factor:ONE, State:CLOSED] moved to CLOSED state
2019-09-26 10:06:59,813 [EventQueue-StaleNodeForStaleNodeHandler] INFO  pipeline.SCMPipelineManager (SCMPipelineManager.java:finalizeAndDestroyPipeline(316)) - destroying pipeline:Pipeline[ Id: c2b4039e-0f94-4015-9873-a77fb9a89323, Nodes: c14de6c3-ad97-4da4-b999-5d30d93b25e7{ip: 192.168.30.13, host: pr-hdds-1569-wvzgm-824869521, networkLocation: /default-rack, certSerialId: null}, Type:RATIS, Factor:ONE, State:OPEN]
2019-09-26 10:06:59,813 [EventQueue-StaleNodeForStaleNodeHandler] INFO  pipeline.PipelineStateManager (PipelineStateManager.java:finalizePipeline(123)) - Pipeline Pipeline[ Id: c2b4039e-0f94-4015-9873-a77fb9a89323, Nodes: c14de6c3-ad97-4da4-b999-5d30d93b25e7{ip: 192.168.30.13, host: pr-hdds-1569-wvzgm-824869521, networkLocation: /default-rack, certSerialId: null}, Type:RATIS, Factor:ONE, State:CLOSED] moved to CLOSED state
2019-09-26 10:06:59,823 [c8968d10-b107-4a89-b805-dd56466e025e@group-FF42C95B4F72-SegmentedRaftLogWorker] INFO  segmented.SegmentedRaftLogWorker (SegmentedRaftLogWorker.java:execute(569)) - c8968d10-b107-4a89-b805-dd56466e025e@group-FF42C95B4F72-SegmentedRaftLogWorker: created new log segment /workdir/hadoop-ozone/integration-test/target/test-dir/MiniOzoneClusterImpl-3237421e-5f73-41b0-8605-c54d21f4eaa5/datanode-5/data/ratis/428e7121-b228-452e-a388-ff42c95b4f72/current/log_inprogress_0
2019-09-26 10:06:59,842 [c8968d10-b107-4a89-b805-dd56466e025e@group-22A5EAB8D91F-SegmentedRaftLogWorker] INFO  segmented.SegmentedRaftLogWorker (SegmentedRaftLogWorker.java:execute(569)) - c8968d10-b107-4a89-b805-dd56466e025e@group-22A5EAB8D91F-SegmentedRaftLogWorker: created new log segment /workdir/hadoop-ozone/integration-test/target/test-dir/MiniOzoneClusterImpl-3237421e-5f73-41b0-8605-c54d21f4eaa5/datanode-5/data/ratis/fbe8feca-694d-455a-8ad9-22a5eab8d91f/current/log_inprogress_0
2019-09-26 10:06:59,823 [c14de6c3-ad97-4da4-b999-5d30d93b25e7@group-8703D663A69C-SegmentedRaftLogWorker] INFO  segmented.SegmentedRaftLogWorker (SegmentedRaftLogWorker.java:execute(569)) - c14de6c3-ad97-4da4-b999-5d30d93b25e7@group-8703D663A69C-SegmentedRaftLogWorker: created new log segment /workdir/hadoop-ozone/integration-test/target/test-dir/MiniOzoneClusterImpl-3237421e-5f73-41b0-8605-c54d21f4eaa5/datanode-4/data/ratis/a2e42140-ce6e-4f1b-aa0c-8703d663a69c/current/log_inprogress_0
2019-09-26 10:06:59,823 [84f656f9-4033-4770-bbd1-3f79d04a65ff@group-9B4EF2817FB4-SegmentedRaftLogWorker] INFO  segmented.SegmentedRaftLogWorker (SegmentedRaftLogWorker.java:execute(569)) - 84f656f9-4033-4770-bbd1-3f79d04a65ff@group-9B4EF2817FB4-SegmentedRaftLogWorker: created new log segment /workdir/hadoop-ozone/integration-test/target/test-dir/MiniOzoneClusterImpl-3237421e-5f73-41b0-8605-c54d21f4eaa5/datanode-6/data/ratis/70733bfd-e7d4-4adc-a782-9b4ef2817fb4/current/log_inprogress_0
2019-09-26 10:06:59,845 [Thread-3659] INFO  impl.FollowerState (FollowerState.java:run(106)) - 84f656f9-4033-4770-bbd1-3f79d04a65ff:group-FC993C0D653C changes to CANDIDATE, lastRpcTime:5182, electionTimeout:5182ms
2019-09-26 10:06:59,845 [Thread-3659] INFO  impl.RoleInfo (RoleInfo.java:shutdownFollowerState(121)) - 84f656f9-4033-4770-bbd1-3f79d04a65ff: shutdown FollowerState
2019-09-26 10:06:59,845 [Thread-3659] INFO  impl.RaftServerImpl (RaftServerImpl.java:setRole(174)) - 84f656f9-4033-4770-bbd1-3f79d04a65ff@group-FC993C0D653C: changes role from  FOLLOWER to CANDIDATE at term 0 for changeToCandidate
2019-09-26 10:06:59,845 [Thread-3659] INFO  impl.RoleInfo (RoleInfo.java:updateAndGet(143)) - 84f656f9-4033-4770-bbd1-3f79d04a65ff: start LeaderElection
2019-09-26 10:06:59,862 [c14de6c3-ad97-4da4-b999-5d30d93b25e7@group-B46351D9F597-SegmentedRaftLogWorker] INFO  segmented.SegmentedRaftLogWorker (SegmentedRaftLogWorker.java:execute(569)) - c14de6c3-ad97-4da4-b999-5d30d93b25e7@group-B46351D9F597-SegmentedRaftLogWorker: created new log segment /workdir/hadoop-ozone/integration-test/target/test-dir/MiniOzoneClusterImpl-3237421e-5f73-41b0-8605-c54d21f4eaa5/datanode-4/data/ratis/1459d035-a28a-4200-bfa2-b46351d9f597/current/log_inprogress_0
2019-09-26 10:06:59,862 [c8968d10-b107-4a89-b805-dd56466e025e@group-1E34219C1302-SegmentedRaftLogWorker] INFO  segmented.SegmentedRaftLogWorker (SegmentedRaftLogWorker.java:execute(569)) - c8968d10-b107-4a89-b805-dd56466e025e@group-1E34219C1302-SegmentedRaftLogWorker: created new log segment /workdir/hadoop-ozone/integration-test/target/test-dir/MiniOzoneClusterImpl-3237421e-5f73-41b0-8605-c54d21f4eaa5/datanode-5/data/ratis/1e851923-98dd-4295-937a-1e34219c1302/current/log_inprogress_0
2019-09-26 10:06:59,862 [84f656f9-4033-4770-bbd1-3f79d04a65ff@group-0EC594D92665-SegmentedRaftLogWorker] INFO  segmented.SegmentedRaftLogWorker (SegmentedRaftLogWorker.java:execute(569)) - 84f656f9-4033-4770-bbd1-3f79d04a65ff@group-0EC594D92665-SegmentedRaftLogWorker: created new log segment /workdir/hadoop-ozone/integration-test/target/test-dir/MiniOzoneClusterImpl-3237421e-5f73-41b0-8605-c54d21f4eaa5/datanode-6/data/ratis/a40a0920-d121-425d-99df-0ec594d92665/current/log_inprogress_0
2019-09-26 10:06:59,862 [84f656f9-4033-4770-bbd1-3f79d04a65ff@group-DFF9BBD7E03E-SegmentedRaftLogWorker] INFO  segmented.SegmentedRaftLogWorker (SegmentedRaftLogWorker.java:execute(569)) - 84f656f9-4033-4770-bbd1-3f79d04a65ff@group-DFF9BBD7E03E-SegmentedRaftLogWorker: created new log segment /workdir/hadoop-ozone/integration-test/target/test-dir/MiniOzoneClusterImpl-3237421e-5f73-41b0-8605-c54d21f4eaa5/datanode-6/data/ratis/32ee0b9c-687c-4a82-9eaf-dff9bbd7e03e/current/log_inprogress_0
2019-09-26 10:06:59,862 [c8968d10-b107-4a89-b805-dd56466e025e@group-057B12688465-SegmentedRaftLogWorker] INFO  segmented.SegmentedRaftLogWorker (SegmentedRaftLogWorker.java:execute(569)) - c8968d10-b107-4a89-b805-dd56466e025e@group-057B12688465-SegmentedRaftLogWorker: created new log segment /workdir/hadoop-ozone/integration-test/target/test-dir/MiniOzoneClusterImpl-3237421e-5f73-41b0-8605-c54d21f4eaa5/datanode-5/data/ratis/b30ff15a-b7cb-4b5d-b40b-057b12688465/current/log_inprogress_0
2019-09-26 10:06:59,862 [c14de6c3-ad97-4da4-b999-5d30d93b25e7@group-A77FB9A89323-SegmentedRaftLogWorker] INFO  segmented.SegmentedRaftLogWorker (SegmentedRaftLogWorker.java:execute(569)) - c14de6c3-ad97-4da4-b999-5d30d93b25e7@group-A77FB9A89323-SegmentedRaftLogWorker: created new log segment /workdir/hadoop-ozone/integration-test/target/test-dir/MiniOzoneClusterImpl-3237421e-5f73-41b0-8605-c54d21f4eaa5/datanode-4/data/ratis/c2b4039e-0f94-4015-9873-a77fb9a89323/current/log_inprogress_0
2019-09-26 10:06:59,862 [77afb7a9-3f27-4b85-962a-c9c70d1ecd8b@group-06F50ACDD772-SegmentedRaftLogWorker] INFO  segmented.SegmentedRaftLogWorker (SegmentedRaftLogWorker.java:execute(569)) - 77afb7a9-3f27-4b85-962a-c9c70d1ecd8b@group-06F50ACDD772-SegmentedRaftLogWorker: created new log segment /workdir/hadoop-ozone/integration-test/target/test-dir/MiniOzoneClusterImpl-3237421e-5f73-41b0-8605-c54d21f4eaa5/datanode-1/data/ratis/04d5b7fc-e3d4-484b-9be7-06f50acdd772/current/log_inprogress_0
2019-09-26 10:06:59,862 [c8968d10-b107-4a89-b805-dd56466e025e@group-65107FFF564E-SegmentedRaftLogWorker] INFO  segmented.SegmentedRaftLogWorker (SegmentedRaftLogWorker.java:execute(569)) - c8968d10-b107-4a89-b805-dd56466e025e@group-65107FFF564E-SegmentedRaftLogWorker: created new log segment /workdir/hadoop-ozone/integration-test/target/test-dir/MiniOzoneClusterImpl-3237421e-5f73-41b0-8605-c54d21f4eaa5/datanode-5/data/ratis/8117139a-7a0b-4050-bc8c-65107fff564e/current/log_inprogress_0
2019-09-26 10:06:59,862 [4c0de2d3-09dd-47d7-b7a1-4f63a4eb8acf@group-9CA1D242824F-SegmentedRaftLogWorker] INFO  segmented.SegmentedRaftLogWorker (SegmentedRaftLogWorker.java:execute(569)) - 4c0de2d3-09dd-47d7-b7a1-4f63a4eb8acf@group-9CA1D242824F-SegmentedRaftLogWorker: created new log segment /workdir/hadoop-ozone/integration-test/target/test-dir/MiniOzoneClusterImpl-3237421e-5f73-41b0-8605-c54d21f4eaa5/datanode-3/data/ratis/6717c115-e855-4e7f-bbc5-9ca1d242824f/current/log_inprogress_0
2019-09-26 10:06:59,862 [c3e403b7-5a1e-4aac-9b5a-0aedadd701b5@group-F188A7B02470-SegmentedRaftLogWorker] INFO  segmented.SegmentedRaftLogWorker (SegmentedRaftLogWorker.java:execute(569)) - c3e403b7-5a1e-4aac-9b5a-0aedadd701b5@group-F188A7B02470-SegmentedRaftLogWorker: created new log segment /workdir/hadoop-ozone/integration-test/target/test-dir/MiniOzoneClusterImpl-3237421e-5f73-41b0-8605-c54d21f4eaa5/datanode-2/data/ratis/82ab33e9-6c54-4daf-aa48-f188a7b02470/current/log_inprogress_0
2019-09-26 10:06:59,862 [84f656f9-4033-4770-bbd1-3f79d04a65ff@group-FC993C0D653C:LeaderElection297] INFO  impl.LeaderElection (LeaderElection.java:askForVotes(182)) - 84f656f9-4033-4770-bbd1-3f79d04a65ff@group-FC993C0D653C:LeaderElection297: begin an election at term 1 for -1: [84f656f9-4033-4770-bbd1-3f79d04a65ff:192.168.30.13:43165], old=null
2019-09-26 10:06:59,862 [c14de6c3-ad97-4da4-b999-5d30d93b25e7@group-9EEA07129309-SegmentedRaftLogWorker] INFO  segmented.SegmentedRaftLogWorker (SegmentedRaftLogWorker.java:execute(569)) - c14de6c3-ad97-4da4-b999-5d30d93b25e7@group-9EEA07129309-SegmentedRaftLogWorker: created new log segment /workdir/hadoop-ozone/integration-test/target/test-dir/MiniOzoneClusterImpl-3237421e-5f73-41b0-8605-c54d21f4eaa5/datanode-4/data/ratis/08a64c88-9d72-42bc-b435-9eea07129309/current/log_inprogress_0
2019-09-26 10:06:59,863 [84f656f9-4033-4770-bbd1-3f79d04a65ff@group-FC993C0D653C:LeaderElection297] INFO  impl.RoleInfo (RoleInfo.java:shutdownLeaderElection(134)) - 84f656f9-4033-4770-bbd1-3f79d04a65ff: shutdown LeaderElection
2019-09-26 10:06:59,863 [84f656f9-4033-4770-bbd1-3f79d04a65ff@group-FC993C0D653C:LeaderElection297] INFO  impl.RaftServerImpl (RaftServerImpl.java:setRole(174)) - 84f656f9-4033-4770-bbd1-3f79d04a65ff@group-FC993C0D653C: changes role from CANDIDATE to LEADER at term 1 for changeToLeader
2019-09-26 10:06:59,863 [84f656f9-4033-4770-bbd1-3f79d04a65ff@group-FC993C0D653C:LeaderElection297] INFO  impl.RaftServerImpl (ServerState.java:setLeader(253)) - 84f656f9-4033-4770-bbd1-3f79d04a65ff@group-FC993C0D653C: change Leader from null to 84f656f9-4033-4770-bbd1-3f79d04a65ff at term 1 for becomeLeader, leader elected after 5207ms
2019-09-26 10:06:59,863 [84f656f9-4033-4770-bbd1-3f79d04a65ff@group-FC993C0D653C:LeaderElection297] INFO  server.RaftServerConfigKeys (ConfUtils.java:logGet(43)) - raft.server.staging.catchup.gap = 1000 (default)
2019-09-26 10:06:59,864 [84f656f9-4033-4770-bbd1-3f79d04a65ff@group-FC993C0D653C:LeaderElection297] INFO  server.RaftServerConfigKeys (ConfUtils.java:logGet(43)) - raft.server.rpc.sleep.time = 25ms (default)
2019-09-26 10:06:59,864 [84f656f9-4033-4770-bbd1-3f79d04a65ff@group-FC993C0D653C:LeaderElection297] INFO  server.RaftServerConfigKeys (ConfUtils.java:logGet(43)) - raft.server.write.element-limit = 4096 (default)
2019-09-26 10:06:59,864 [84f656f9-4033-4770-bbd1-3f79d04a65ff@group-FC993C0D653C:LeaderElection297] INFO  server.RaftServerConfigKeys (ConfUtils.java:logGet(43)) - raft.server.watch.timeout = 10s (default)
2019-09-26 10:06:59,864 [84f656f9-4033-4770-bbd1-3f79d04a65ff@group-FC993C0D653C:LeaderElection297] INFO  server.RaftServerConfigKeys (ConfUtils.java:logGet(43)) - raft.server.watch.timeout.denomination = 1s (default)
2019-09-26 10:06:59,864 [84f656f9-4033-4770-bbd1-3f79d04a65ff@group-FC993C0D653C:LeaderElection297] INFO  server.RaftServerConfigKeys (ConfUtils.java:logGet(43)) - raft.server.watch.element-limit = 65536 (default)
2019-09-26 10:06:59,866 [84f656f9-4033-4770-bbd1-3f79d04a65ff@group-FC993C0D653C:LeaderElection297] INFO  impl.RoleInfo (RoleInfo.java:updateAndGet(143)) - 84f656f9-4033-4770-bbd1-3f79d04a65ff: start LeaderState
2019-09-26 10:06:59,866 [84f656f9-4033-4770-bbd1-3f79d04a65ff@group-FC993C0D653C:LeaderElection297] INFO  segmented.SegmentedRaftLogWorker (SegmentedRaftLogWorker.java:startLogSegment(380)) - 84f656f9-4033-4770-bbd1-3f79d04a65ff@group-FC993C0D653C-SegmentedRaftLogWorker: Starting segment from index:0
2019-09-26 10:06:59,867 [84f656f9-4033-4770-bbd1-3f79d04a65ff@group-FC993C0D653C:LeaderElection297] INFO  impl.RaftServerImpl (ServerState.java:setRaftConf(354)) - 84f656f9-4033-4770-bbd1-3f79d04a65ff@group-FC993C0D653C: set configuration 0: [84f656f9-4033-4770-bbd1-3f79d04a65ff:192.168.30.13:43165], old=null at 0
2019-09-26 10:06:59,882 [main] INFO  ozoneimpl.OzoneContainer (OzoneContainer.java:stop(231)) - Attempting to stop container services.
2019-09-26 10:06:59,882 [ForkJoinPool.commonPool-worker-1] INFO  ozoneimpl.OzoneContainer (OzoneContainer.java:stop(231)) - Attempting to stop container services.
2019-09-26 10:06:59,882 [main] INFO  impl.RaftServerProxy (RaftServerProxy.java:lambda$close$4(314)) - c14de6c3-ad97-4da4-b999-5d30d93b25e7: close
2019-09-26 10:06:59,882 [ForkJoinPool.commonPool-worker-1] INFO  impl.RaftServerProxy (RaftServerProxy.java:lambda$close$4(314)) - 77afb7a9-3f27-4b85-962a-c9c70d1ecd8b: close
2019-09-26 10:06:59,883 [main] INFO  impl.RaftServerImpl (RaftServerImpl.java:lambda$shutdown$3(251)) - c14de6c3-ad97-4da4-b999-5d30d93b25e7@group-9EEA07129309: shutdown
2019-09-26 10:06:59,883 [ForkJoinPool.commonPool-worker-1] INFO  impl.RaftServerImpl (RaftServerImpl.java:lambda$shutdown$3(251)) - 77afb7a9-3f27-4b85-962a-c9c70d1ecd8b@group-56070B4B380A: shutdown
2019-09-26 10:06:59,883 [main] INFO  util.JmxRegister (JmxRegister.java:unregister(73)) - Successfully un-registered JMX Bean with object name Ratis:service=RaftServer,group=group-9EEA07129309,id=c14de6c3-ad97-4da4-b999-5d30d93b25e7
2019-09-26 10:06:59,884 [ForkJoinPool.commonPool-worker-1] INFO  util.JmxRegister (JmxRegister.java:unregister(73)) - Successfully un-registered JMX Bean with object name Ratis:service=RaftServer,group=group-56070B4B380A,id=77afb7a9-3f27-4b85-962a-c9c70d1ecd8b
2019-09-26 10:06:59,884 [main] INFO  impl.RoleInfo (RoleInfo.java:shutdownLeaderState(104)) - c14de6c3-ad97-4da4-b999-5d30d93b25e7: shutdown LeaderState
2019-09-26 10:06:59,884 [ForkJoinPool.commonPool-worker-1] INFO  impl.RoleInfo (RoleInfo.java:shutdownLeaderState(104)) - 77afb7a9-3f27-4b85-962a-c9c70d1ecd8b: shutdown LeaderState
2019-09-26 10:06:59,885 [main] INFO  impl.PendingRequests (PendingRequests.java:sendNotLeaderResponses(202)) - c14de6c3-ad97-4da4-b999-5d30d93b25e7-PendingRequests: sendNotLeaderResponses
2019-09-26 10:06:59,885 [ForkJoinPool.commonPool-worker-1] INFO  impl.PendingRequests (PendingRequests.java:sendNotLeaderResponses(202)) - 77afb7a9-3f27-4b85-962a-c9c70d1ecd8b-PendingRequests: sendNotLeaderResponses
2019-09-26 10:06:59,886 [ForkJoinPool.commonPool-worker-1] INFO  impl.StateMachineUpdater (StateMachineUpdater.java:stopAndJoin(125)) - 77afb7a9-3f27-4b85-962a-c9c70d1ecd8b@group-56070B4B380A-StateMachineUpdater: set stopIndex = 0
2019-09-26 10:06:59,886 [main] INFO  impl.StateMachineUpdater (StateMachineUpdater.java:stopAndJoin(125)) - c14de6c3-ad97-4da4-b999-5d30d93b25e7@group-9EEA07129309-StateMachineUpdater: set stopIndex = 0
2019-09-26 10:06:59,886 [ForkJoinPool.commonPool-worker-1] INFO  impl.RaftServerImpl (ServerState.java:close(385)) - 77afb7a9-3f27-4b85-962a-c9c70d1ecd8b@group-56070B4B380A: closes. applyIndex: 0
2019-09-26 10:06:59,886 [main] INFO  impl.RaftServerImpl (ServerState.java:close(385)) - c14de6c3-ad97-4da4-b999-5d30d93b25e7@group-9EEA07129309: closes. applyIndex: 0
2019-09-26 10:06:59,887 [77afb7a9-3f27-4b85-962a-c9c70d1ecd8b@group-56070B4B380A-SegmentedRaftLogWorker] INFO  segmented.SegmentedRaftLogWorker (SegmentedRaftLogWorker.java:run(313)) - 77afb7a9-3f27-4b85-962a-c9c70d1ecd8b@group-56070B4B380A-SegmentedRaftLogWorker was interrupted, exiting. There are 0 tasks remaining in the queue.
2019-09-26 10:06:59,887 [c14de6c3-ad97-4da4-b999-5d30d93b25e7@group-9EEA07129309-SegmentedRaftLogWorker] INFO  segmented.SegmentedRaftLogWorker (SegmentedRaftLogWorker.java:run(313)) - c14de6c3-ad97-4da4-b999-5d30d93b25e7@group-9EEA07129309-SegmentedRaftLogWorker was interrupted, exiting. There are 0 tasks remaining in the queue.
2019-09-26 10:06:59,887 [ForkJoinPool.commonPool-worker-1] INFO  segmented.SegmentedRaftLogWorker (SegmentedRaftLogWorker.java:close(228)) - 77afb7a9-3f27-4b85-962a-c9c70d1ecd8b@group-56070B4B380A-SegmentedRaftLogWorker close()
2019-09-26 10:06:59,887 [main] INFO  segmented.SegmentedRaftLogWorker (SegmentedRaftLogWorker.java:close(228)) - c14de6c3-ad97-4da4-b999-5d30d93b25e7@group-9EEA07129309-SegmentedRaftLogWorker close()
2019-09-26 10:06:59,887 [ForkJoinPool.commonPool-worker-1] INFO  impl.RaftServerImpl (RaftServerImpl.java:lambda$shutdown$3(251)) - 77afb7a9-3f27-4b85-962a-c9c70d1ecd8b@group-5505A0F9A3F5: shutdown
2019-09-26 10:06:59,888 [main] INFO  impl.RaftServerImpl (RaftServerImpl.java:lambda$shutdown$3(251)) - c14de6c3-ad97-4da4-b999-5d30d93b25e7@group-DA6032F392B0: shutdown
2019-09-26 10:06:59,888 [ForkJoinPool.commonPool-worker-1] INFO  util.JmxRegister (JmxRegister.java:unregister(73)) - Successfully un-registered JMX Bean with object name Ratis:service=RaftServer,group=group-5505A0F9A3F5,id=77afb7a9-3f27-4b85-962a-c9c70d1ecd8b
2019-09-26 10:06:59,889 [main] INFO  util.JmxRegister (JmxRegister.java:unregister(73)) - Successfully un-registered JMX Bean with object name Ratis:service=RaftServer,group=group-DA6032F392B0,id=c14de6c3-ad97-4da4-b999-5d30d93b25e7
2019-09-26 10:06:59,889 [ForkJoinPool.commonPool-worker-1] INFO  impl.RoleInfo (RoleInfo.java:shutdownLeaderState(104)) - 77afb7a9-3f27-4b85-962a-c9c70d1ecd8b: shutdown LeaderState
2019-09-26 10:06:59,890 [main] INFO  impl.RoleInfo (RoleInfo.java:shutdownLeaderState(104)) - c14de6c3-ad97-4da4-b999-5d30d93b25e7: shutdown LeaderState
2019-09-26 10:06:59,890 [ForkJoinPool.commonPool-worker-1] INFO  impl.PendingRequests (PendingRequests.java:sendNotLeaderResponses(202)) - 77afb7a9-3f27-4b85-962a-c9c70d1ecd8b-PendingRequests: sendNotLeaderResponses
2019-09-26 10:06:59,890 [main] INFO  impl.PendingRequests (PendingRequests.java:sendNotLeaderResponses(202)) - c14de6c3-ad97-4da4-b999-5d30d93b25e7-PendingRequests: sendNotLeaderResponses
2019-09-26 10:06:59,891 [ForkJoinPool.commonPool-worker-1] INFO  impl.StateMachineUpdater (StateMachineUpdater.java:stopAndJoin(125)) - 77afb7a9-3f27-4b85-962a-c9c70d1ecd8b@group-5505A0F9A3F5-StateMachineUpdater: set stopIndex = 0
2019-09-26 10:06:59,891 [ForkJoinPool.commonPool-worker-1] INFO  impl.RaftServerImpl (ServerState.java:close(385)) - 77afb7a9-3f27-4b85-962a-c9c70d1ecd8b@group-5505A0F9A3F5: closes. applyIndex: 0
2019-09-26 10:06:59,891 [main] INFO  impl.StateMachineUpdater (StateMachineUpdater.java:stopAndJoin(125)) - c14de6c3-ad97-4da4-b999-5d30d93b25e7@group-DA6032F392B0-StateMachineUpdater: set stopIndex = 0
2019-09-26 10:06:59,892 [main] INFO  impl.RaftServerImpl (ServerState.java:close(385)) - c14de6c3-ad97-4da4-b999-5d30d93b25e7@group-DA6032F392B0: closes. applyIndex: 0
2019-09-26 10:06:59,892 [77afb7a9-3f27-4b85-962a-c9c70d1ecd8b@group-5505A0F9A3F5-SegmentedRaftLogWorker] INFO  segmented.SegmentedRaftLogWorker (SegmentedRaftLogWorker.java:run(313)) - 77afb7a9-3f27-4b85-962a-c9c70d1ecd8b@group-5505A0F9A3F5-SegmentedRaftLogWorker was interrupted, exiting. There are 0 tasks remaining in the queue.
2019-09-26 10:06:59,893 [c14de6c3-ad97-4da4-b999-5d30d93b25e7@group-DA6032F392B0-SegmentedRaftLogWorker] INFO  segmented.SegmentedRaftLogWorker (SegmentedRaftLogWorker.java:run(313)) - c14de6c3-ad97-4da4-b999-5d30d93b25e7@group-DA6032F392B0-SegmentedRaftLogWorker was interrupted, exiting. There are 0 tasks remaining in the queue.
2019-09-26 10:06:59,893 [ForkJoinPool.commonPool-worker-1] INFO  segmented.SegmentedRaftLogWorker (SegmentedRaftLogWorker.java:close(228)) - 77afb7a9-3f27-4b85-962a-c9c70d1ecd8b@group-5505A0F9A3F5-SegmentedRaftLogWorker close()
2019-09-26 10:06:59,893 [main] INFO  segmented.SegmentedRaftLogWorker (SegmentedRaftLogWorker.java:close(228)) - c14de6c3-ad97-4da4-b999-5d30d93b25e7@group-DA6032F392B0-SegmentedRaftLogWorker close()
2019-09-26 10:06:59,893 [ForkJoinPool.commonPool-worker-1] INFO  impl.RaftServerImpl (RaftServerImpl.java:lambda$shutdown$3(251)) - 77afb7a9-3f27-4b85-962a-c9c70d1ecd8b@group-D3B14EF27706: shutdown
2019-09-26 10:06:59,894 [main] INFO  impl.RaftServerImpl (RaftServerImpl.java:lambda$shutdown$3(251)) - c14de6c3-ad97-4da4-b999-5d30d93b25e7@group-8703D663A69C: shutdown
2019-09-26 10:06:59,894 [main] INFO  util.JmxRegister (JmxRegister.java:unregister(73)) - Successfully un-registered JMX Bean with object name Ratis:service=RaftServer,group=group-8703D663A69C,id=c14de6c3-ad97-4da4-b999-5d30d93b25e7
2019-09-26 10:06:59,894 [main] INFO  impl.RoleInfo (RoleInfo.java:shutdownLeaderState(104)) - c14de6c3-ad97-4da4-b999-5d30d93b25e7: shutdown LeaderState
2019-09-26 10:06:59,894 [ForkJoinPool.commonPool-worker-1] INFO  util.JmxRegister (JmxRegister.java:unregister(73)) - Successfully un-registered JMX Bean with object name Ratis:service=RaftServer,group=group-D3B14EF27706,id=77afb7a9-3f27-4b85-962a-c9c70d1ecd8b
2019-09-26 10:06:59,895 [main] INFO  impl.PendingRequests (PendingRequests.java:sendNotLeaderResponses(202)) - c14de6c3-ad97-4da4-b999-5d30d93b25e7-PendingRequests: sendNotLeaderResponses
2019-09-26 10:06:59,895 [ForkJoinPool.commonPool-worker-1] INFO  impl.RoleInfo (RoleInfo.java:shutdownLeaderState(104)) - 77afb7a9-3f27-4b85-962a-c9c70d1ecd8b: shutdown LeaderState
2019-09-26 10:06:59,895 [main] INFO  impl.StateMachineUpdater (StateMachineUpdater.java:stopAndJoin(125)) - c14de6c3-ad97-4da4-b999-5d30d93b25e7@group-8703D663A69C-StateMachineUpdater: set stopIndex = 0
2019-09-26 10:06:59,896 [ForkJoinPool.commonPool-worker-1] INFO  impl.PendingRequests (PendingRequests.java:sendNotLeaderResponses(202)) - 77afb7a9-3f27-4b85-962a-c9c70d1ecd8b-PendingRequests: sendNotLeaderResponses
2019-09-26 10:06:59,896 [main] INFO  impl.RaftServerImpl (ServerState.java:close(385)) - c14de6c3-ad97-4da4-b999-5d30d93b25e7@group-8703D663A69C: closes. applyIndex: 0
2019-09-26 10:06:59,896 [ForkJoinPool.commonPool-worker-1] INFO  impl.StateMachineUpdater (StateMachineUpdater.java:stopAndJoin(125)) - 77afb7a9-3f27-4b85-962a-c9c70d1ecd8b@group-D3B14EF27706-StateMachineUpdater: set stopIndex = 0
2019-09-26 10:06:59,897 [c14de6c3-ad97-4da4-b999-5d30d93b25e7@group-8703D663A69C-SegmentedRaftLogWorker] INFO  segmented.SegmentedRaftLogWorker (SegmentedRaftLogWorker.java:run(313)) - c14de6c3-ad97-4da4-b999-5d30d93b25e7@group-8703D663A69C-SegmentedRaftLogWorker was interrupted, exiting. There are 0 tasks remaining in the queue.
2019-09-26 10:06:59,897 [ForkJoinPool.commonPool-worker-1] INFO  impl.RaftServerImpl (ServerState.java:close(385)) - 77afb7a9-3f27-4b85-962a-c9c70d1ecd8b@group-D3B14EF27706: closes. applyIndex: 0
2019-09-26 10:06:59,897 [main] INFO  segmented.SegmentedRaftLogWorker (SegmentedRaftLogWorker.java:close(228)) - c14de6c3-ad97-4da4-b999-5d30d93b25e7@group-8703D663A69C-SegmentedRaftLogWorker close()
2019-09-26 10:06:59,897 [77afb7a9-3f27-4b85-962a-c9c70d1ecd8b@group-D3B14EF27706-SegmentedRaftLogWorker] INFO  segmented.SegmentedRaftLogWorker (SegmentedRaftLogWorker.java:run(313)) - 77afb7a9-3f27-4b85-962a-c9c70d1ecd8b@group-D3B14EF27706-SegmentedRaftLogWorker was interrupted, exiting. There are 0 tasks remaining in the queue.
2019-09-26 10:06:59,897 [main] INFO  impl.RaftServerImpl (RaftServerImpl.java:lambda$shutdown$3(251)) - c14de6c3-ad97-4da4-b999-5d30d93b25e7@group-8EE1661CFE3B: shutdown
2019-09-26 10:06:59,898 [main] INFO  util.JmxRegister (JmxRegister.java:unregister(73)) - Successfully un-registered JMX Bean with object name Ratis:service=RaftServer,group=group-8EE1661CFE3B,id=c14de6c3-ad97-4da4-b999-5d30d93b25e7
2019-09-26 10:06:59,898 [main] INFO  impl.RoleInfo (RoleInfo.java:shutdownLeaderState(104)) - c14de6c3-ad97-4da4-b999-5d30d93b25e7: shutdown LeaderState
2019-09-26 10:06:59,898 [ForkJoinPool.commonPool-worker-1] INFO  segmented.SegmentedRaftLogWorker (SegmentedRaftLogWorker.java:close(228)) - 77afb7a9-3f27-4b85-962a-c9c70d1ecd8b@group-D3B14EF27706-SegmentedRaftLogWorker close()
2019-09-26 10:06:59,899 [main] INFO  impl.PendingRequests (PendingRequests.java:sendNotLeaderResponses(202)) - c14de6c3-ad97-4da4-b999-5d30d93b25e7-PendingRequests: sendNotLeaderResponses
2019-09-26 10:06:59,899 [ForkJoinPool.commonPool-worker-1] INFO  impl.RaftServerImpl (RaftServerImpl.java:lambda$shutdown$3(251)) - 77afb7a9-3f27-4b85-962a-c9c70d1ecd8b@group-0915DA565C1F: shutdown
2019-09-26 10:06:59,899 [main] INFO  impl.StateMachineUpdater (StateMachineUpdater.java:stopAndJoin(125)) - c14de6c3-ad97-4da4-b999-5d30d93b25e7@group-8EE1661CFE3B-StateMachineUpdater: set stopIndex = 0
2019-09-26 10:06:59,900 [main] INFO  impl.RaftServerImpl (ServerState.java:close(385)) - c14de6c3-ad97-4da4-b999-5d30d93b25e7@group-8EE1661CFE3B: closes. applyIndex: 0
2019-09-26 10:06:59,899 [ForkJoinPool.commonPool-worker-1] INFO  util.JmxRegister (JmxRegister.java:unregister(73)) - Successfully un-registered JMX Bean with object name Ratis:service=RaftServer,group=group-0915DA565C1F,id=77afb7a9-3f27-4b85-962a-c9c70d1ecd8b
2019-09-26 10:06:59,900 [c14de6c3-ad97-4da4-b999-5d30d93b25e7@group-8EE1661CFE3B-SegmentedRaftLogWorker] INFO  segmented.SegmentedRaftLogWorker (SegmentedRaftLogWorker.java:run(313)) - c14de6c3-ad97-4da4-b999-5d30d93b25e7@group-8EE1661CFE3B-SegmentedRaftLogWorker was interrupted, exiting. There are 0 tasks remaining in the queue.
2019-09-26 10:06:59,900 [ForkJoinPool.commonPool-worker-1] INFO  impl.RoleInfo (RoleInfo.java:shutdownLeaderState(104)) - 77afb7a9-3f27-4b85-962a-c9c70d1ecd8b: shutdown LeaderState
2019-09-26 10:06:59,901 [main] INFO  segmented.SegmentedRaftLogWorker (SegmentedRaftLogWorker.java:close(228)) - c14de6c3-ad97-4da4-b999-5d30d93b25e7@group-8EE1661CFE3B-SegmentedRaftLogWorker close()
2019-09-26 10:06:59,901 [ForkJoinPool.commonPool-worker-1] INFO  impl.PendingRequests (PendingRequests.java:sendNotLeaderResponses(202)) - 77afb7a9-3f27-4b85-962a-c9c70d1ecd8b-PendingRequests: sendNotLeaderResponses
2019-09-26 10:06:59,901 [main] INFO  impl.RaftServerImpl (RaftServerImpl.java:lambda$shutdown$3(251)) - c14de6c3-ad97-4da4-b999-5d30d93b25e7@group-B46351D9F597: shutdown
2019-09-26 10:06:59,901 [ForkJoinPool.commonPool-worker-1] INFO  impl.StateMachineUpdater (StateMachineUpdater.java:stopAndJoin(125)) - 77afb7a9-3f27-4b85-962a-c9c70d1ecd8b@group-0915DA565C1F-StateMachineUpdater: set stopIndex = 0
2019-09-26 10:06:59,902 [ForkJoinPool.commonPool-worker-1] INFO  impl.RaftServerImpl (ServerState.java:close(385)) - 77afb7a9-3f27-4b85-962a-c9c70d1ecd8b@group-0915DA565C1F: closes. applyIndex: 0
2019-09-26 10:06:59,902 [main] INFO  util.JmxRegister (JmxRegister.java:unregister(73)) - Successfully un-registered JMX Bean with object name Ratis:service=RaftServer,group=group-B46351D9F597,id=c14de6c3-ad97-4da4-b999-5d30d93b25e7
2019-09-26 10:06:59,902 [main] INFO  impl.RoleInfo (RoleInfo.java:shutdownLeaderState(104)) - c14de6c3-ad97-4da4-b999-5d30d93b25e7: shutdown LeaderState
2019-09-26 10:06:59,902 [77afb7a9-3f27-4b85-962a-c9c70d1ecd8b@group-0915DA565C1F-SegmentedRaftLogWorker] INFO  segmented.SegmentedRaftLogWorker (SegmentedRaftLogWorker.java:run(313)) - 77afb7a9-3f27-4b85-962a-c9c70d1ecd8b@group-0915DA565C1F-SegmentedRaftLogWorker was interrupted, exiting. There are 0 tasks remaining in the queue.
2019-09-26 10:06:59,902 [Thread-3665] INFO  impl.FollowerState (FollowerState.java:run(106)) - 84f656f9-4033-4770-bbd1-3f79d04a65ff:group-00D8D57C107A changes to CANDIDATE, lastRpcTime:5130, electionTimeout:5130ms
2019-09-26 10:06:59,903 [main] INFO  impl.PendingRequests (PendingRequests.java:sendNotLeaderResponses(202)) - c14de6c3-ad97-4da4-b999-5d30d93b25e7-PendingRequests: sendNotLeaderResponses
2019-09-26 10:06:59,903 [Thread-3665] INFO  impl.RoleInfo (RoleInfo.java:shutdownFollowerState(121)) - 84f656f9-4033-4770-bbd1-3f79d04a65ff: shutdown FollowerState
2019-09-26 10:06:59,903 [Thread-3665] INFO  impl.RaftServerImpl (RaftServerImpl.java:setRole(174)) - 84f656f9-4033-4770-bbd1-3f79d04a65ff@group-00D8D57C107A: changes role from  FOLLOWER to CANDIDATE at term 0 for changeToCandidate
2019-09-26 10:06:59,903 [ForkJoinPool.commonPool-worker-1] INFO  segmented.SegmentedRaftLogWorker (SegmentedRaftLogWorker.java:close(228)) - 77afb7a9-3f27-4b85-962a-c9c70d1ecd8b@group-0915DA565C1F-SegmentedRaftLogWorker close()
2019-09-26 10:06:59,903 [Thread-3665] INFO  impl.RoleInfo (RoleInfo.java:updateAndGet(143)) - 84f656f9-4033-4770-bbd1-3f79d04a65ff: start LeaderElection
2019-09-26 10:06:59,903 [main] INFO  impl.StateMachineUpdater (StateMachineUpdater.java:stopAndJoin(125)) - c14de6c3-ad97-4da4-b999-5d30d93b25e7@group-B46351D9F597-StateMachineUpdater: set stopIndex = 0
2019-09-26 10:06:59,904 [main] INFO  impl.RaftServerImpl (ServerState.java:close(385)) - c14de6c3-ad97-4da4-b999-5d30d93b25e7@group-B46351D9F597: closes. applyIndex: 0
2019-09-26 10:06:59,904 [ForkJoinPool.commonPool-worker-1] INFO  impl.RaftServerImpl (RaftServerImpl.java:lambda$shutdown$3(251)) - 77afb7a9-3f27-4b85-962a-c9c70d1ecd8b@group-06F50ACDD772: shutdown
2019-09-26 10:06:59,904 [c14de6c3-ad97-4da4-b999-5d30d93b25e7@group-B46351D9F597-SegmentedRaftLogWorker] INFO  segmented.SegmentedRaftLogWorker (SegmentedRaftLogWorker.java:run(313)) - c14de6c3-ad97-4da4-b999-5d30d93b25e7@group-B46351D9F597-SegmentedRaftLogWorker was interrupted, exiting. There are 0 tasks remaining in the queue.
2019-09-26 10:06:59,905 [ForkJoinPool.commonPool-worker-1] INFO  util.JmxRegister (JmxRegister.java:unregister(73)) - Successfully un-registered JMX Bean with object name Ratis:service=RaftServer,group=group-06F50ACDD772,id=77afb7a9-3f27-4b85-962a-c9c70d1ecd8b
2019-09-26 10:06:59,905 [ForkJoinPool.commonPool-worker-1] INFO  impl.RoleInfo (RoleInfo.java:shutdownLeaderState(104)) - 77afb7a9-3f27-4b85-962a-c9c70d1ecd8b: shutdown LeaderState
2019-09-26 10:06:59,905 [ForkJoinPool.commonPool-worker-1] INFO  impl.PendingRequests (PendingRequests.java:sendNotLeaderResponses(202)) - 77afb7a9-3f27-4b85-962a-c9c70d1ecd8b-PendingRequests: sendNotLeaderResponses
2019-09-26 10:06:59,905 [ForkJoinPool.commonPool-worker-1] INFO  impl.StateMachineUpdater (StateMachineUpdater.java:stopAndJoin(125)) - 77afb7a9-3f27-4b85-962a-c9c70d1ecd8b@group-06F50ACDD772-StateMachineUpdater: set stopIndex = 0
2019-09-26 10:06:59,905 [ForkJoinPool.commonPool-worker-1] INFO  impl.RaftServerImpl (ServerState.java:close(385)) - 77afb7a9-3f27-4b85-962a-c9c70d1ecd8b@group-06F50ACDD772: closes. applyIndex: 0
2019-09-26 10:06:59,906 [77afb7a9-3f27-4b85-962a-c9c70d1ecd8b@group-06F50ACDD772-SegmentedRaftLogWorker] INFO  segmented.SegmentedRaftLogWorker (SegmentedRaftLogWorker.java:run(313)) - 77afb7a9-3f27-4b85-962a-c9c70d1ecd8b@group-06F50ACDD772-SegmentedRaftLogWorker was interrupted, exiting. There are 0 tasks remaining in the queue.
2019-09-26 10:06:59,920 [main] INFO  segmented.SegmentedRaftLogWorker (SegmentedRaftLogWorker.java:close(228)) - c14de6c3-ad97-4da4-b999-5d30d93b25e7@group-B46351D9F597-SegmentedRaftLogWorker close()
2019-09-26 10:06:59,920 [ForkJoinPool.commonPool-worker-1] INFO  segmented.SegmentedRaftLogWorker (SegmentedRaftLogWorker.java:close(228)) - 77afb7a9-3f27-4b85-962a-c9c70d1ecd8b@group-06F50ACDD772-SegmentedRaftLogWorker close()
2019-09-26 10:06:59,921 [main] INFO  impl.RaftServerImpl (RaftServerImpl.java:lambda$shutdown$3(251)) - c14de6c3-ad97-4da4-b999-5d30d93b25e7@group-A77FB9A89323: shutdown
2019-09-26 10:06:59,921 [main] INFO  util.JmxRegister (JmxRegister.java:unregister(73)) - Successfully un-registered JMX Bean with object name Ratis:service=RaftServer,group=group-A77FB9A89323,id=c14de6c3-ad97-4da4-b999-5d30d93b25e7
2019-09-26 10:06:59,922 [main] INFO  impl.RoleInfo (RoleInfo.java:shutdownLeaderState(104)) - c14de6c3-ad97-4da4-b999-5d30d93b25e7: shutdown LeaderState
2019-09-26 10:06:59,921 [84f656f9-4033-4770-bbd1-3f79d04a65ff@group-00D8D57C107A:LeaderElection298] INFO  impl.LeaderElection (LeaderElection.java:askForVotes(182)) - 84f656f9-4033-4770-bbd1-3f79d04a65ff@group-00D8D57C107A:LeaderElection298: begin an election at term 1 for -1: [84f656f9-4033-4770-bbd1-3f79d04a65ff:192.168.30.13:43165], old=null
2019-09-26 10:06:59,921 [84f656f9-4033-4770-bbd1-3f79d04a65ff@group-FC993C0D653C-SegmentedRaftLogWorker] INFO  segmented.SegmentedRaftLogWorker (SegmentedRaftLogWorker.java:execute(569)) - 84f656f9-4033-4770-bbd1-3f79d04a65ff@group-FC993C0D653C-SegmentedRaftLogWorker: created new log segment /workdir/hadoop-ozone/integration-test/target/test-dir/MiniOzoneClusterImpl-3237421e-5f73-41b0-8605-c54d21f4eaa5/datanode-6/data/ratis/39e1dd74-5950-4738-97b8-fc993c0d653c/current/log_inprogress_0
2019-09-26 10:06:59,921 [ForkJoinPool.commonPool-worker-1] INFO  impl.RaftServerImpl (RaftServerImpl.java:lambda$shutdown$3(251)) - 77afb7a9-3f27-4b85-962a-c9c70d1ecd8b@group-7528A96E1D6C: shutdown
2019-09-26 10:06:59,922 [84f656f9-4033-4770-bbd1-3f79d04a65ff@group-00D8D57C107A:LeaderElection298] INFO  impl.RoleInfo (RoleInfo.java:shutdownLeaderElection(134)) - 84f656f9-4033-4770-bbd1-3f79d04a65ff: shutdown LeaderElection
2019-09-26 10:06:59,922 [main] INFO  impl.PendingRequests (PendingRequests.java:sendNotLeaderResponses(202)) - c14de6c3-ad97-4da4-b999-5d30d93b25e7-PendingRequests: sendNotLeaderResponses
2019-09-26 10:06:59,923 [main] INFO  impl.StateMachineUpdater (StateMachineUpdater.java:stopAndJoin(125)) - c14de6c3-ad97-4da4-b999-5d30d93b25e7@group-A77FB9A89323-StateMachineUpdater: set stopIndex = 0
2019-09-26 10:06:59,923 [main] INFO  impl.RaftServerImpl (ServerState.java:close(385)) - c14de6c3-ad97-4da4-b999-5d30d93b25e7@group-A77FB9A89323: closes. applyIndex: 0
2019-09-26 10:06:59,923 [84f656f9-4033-4770-bbd1-3f79d04a65ff@group-00D8D57C107A:LeaderElection298] INFO  impl.RaftServerImpl (RaftServerImpl.java:setRole(174)) - 84f656f9-4033-4770-bbd1-3f79d04a65ff@group-00D8D57C107A: changes role from CANDIDATE to LEADER at term 1 for changeToLeader
2019-09-26 10:06:59,923 [ForkJoinPool.commonPool-worker-1] INFO  util.JmxRegister (JmxRegister.java:unregister(73)) - Successfully un-registered JMX Bean with object name Ratis:service=RaftServer,group=group-7528A96E1D6C,id=77afb7a9-3f27-4b85-962a-c9c70d1ecd8b
2019-09-26 10:06:59,924 [84f656f9-4033-4770-bbd1-3f79d04a65ff@group-00D8D57C107A:LeaderElection298] INFO  impl.RaftServerImpl (ServerState.java:setLeader(253)) - 84f656f9-4033-4770-bbd1-3f79d04a65ff@group-00D8D57C107A: change Leader from null to 84f656f9-4033-4770-bbd1-3f79d04a65ff at term 1 for becomeLeader, leader elected after 5158ms
2019-09-26 10:06:59,924 [c14de6c3-ad97-4da4-b999-5d30d93b25e7@group-A77FB9A89323-SegmentedRaftLogWorker] INFO  segmented.SegmentedRaftLogWorker (SegmentedRaftLogWorker.java:run(313)) - c14de6c3-ad97-4da4-b999-5d30d93b25e7@group-A77FB9A89323-SegmentedRaftLogWorker was interrupted, exiting. There are 0 tasks remaining in the queue.
2019-09-26 10:06:59,924 [84f656f9-4033-4770-bbd1-3f79d04a65ff@group-00D8D57C107A:LeaderElection298] INFO  server.RaftServerConfigKeys (ConfUtils.java:logGet(43)) - raft.server.staging.catchup.gap = 1000 (default)
2019-09-26 10:06:59,924 [ForkJoinPool.commonPool-worker-1] INFO  impl.RoleInfo (RoleInfo.java:shutdownLeaderState(104)) - 77afb7a9-3f27-4b85-962a-c9c70d1ecd8b: shutdown LeaderState
2019-09-26 10:06:59,925 [84f656f9-4033-4770-bbd1-3f79d04a65ff@group-00D8D57C107A:LeaderElection298] INFO  server.RaftServerConfigKeys (ConfUtils.java:logGet(43)) - raft.server.rpc.sleep.time = 25ms (default)
2019-09-26 10:06:59,925 [main] INFO  segmented.SegmentedRaftLogWorker (SegmentedRaftLogWorker.java:close(228)) - c14de6c3-ad97-4da4-b999-5d30d93b25e7@group-A77FB9A89323-SegmentedRaftLogWorker close()
2019-09-26 10:06:59,925 [84f656f9-4033-4770-bbd1-3f79d04a65ff@group-00D8D57C107A:LeaderElection298] INFO  server.RaftServerConfigKeys (ConfUtils.java:logGet(43)) - raft.server.write.element-limit = 4096 (default)
2019-09-26 10:06:59,925 [ForkJoinPool.commonPool-worker-1] INFO  impl.PendingRequests (PendingRequests.java:sendNotLeaderResponses(202)) - 77afb7a9-3f27-4b85-962a-c9c70d1ecd8b-PendingRequests: sendNotLeaderResponses
2019-09-26 10:06:59,925 [84f656f9-4033-4770-bbd1-3f79d04a65ff@group-00D8D57C107A:LeaderElection298] INFO  server.RaftServerConfigKeys (ConfUtils.java:logGet(43)) - raft.server.watch.timeout = 10s (default)
2019-09-26 10:06:59,925 [main] INFO  server.GrpcService (GrpcService.java:closeImpl(164)) - c14de6c3-ad97-4da4-b999-5d30d93b25e7: shutdown server with port 38350 now
2019-09-26 10:06:59,926 [84f656f9-4033-4770-bbd1-3f79d04a65ff@group-00D8D57C107A:LeaderElection298] INFO  server.RaftServerConfigKeys (ConfUtils.java:logGet(43)) - raft.server.watch.timeout.denomination = 1s (default)
2019-09-26 10:06:59,926 [ForkJoinPool.commonPool-worker-1] INFO  impl.StateMachineUpdater (StateMachineUpdater.java:stopAndJoin(125)) - 77afb7a9-3f27-4b85-962a-c9c70d1ecd8b@group-7528A96E1D6C-StateMachineUpdater: set stopIndex = 0
2019-09-26 10:06:59,931 [ForkJoinPool.commonPool-worker-1] INFO  impl.RaftServerImpl (ServerState.java:close(385)) - 77afb7a9-3f27-4b85-962a-c9c70d1ecd8b@group-7528A96E1D6C: closes. applyIndex: 0
2019-09-26 10:06:59,931 [main] INFO  server.GrpcService (GrpcService.java:closeImpl(172)) - c14de6c3-ad97-4da4-b999-5d30d93b25e7: shutdown server with port 38350 successfully
2019-09-26 10:06:59,926 [84f656f9-4033-4770-bbd1-3f79d04a65ff@group-00D8D57C107A:LeaderElection298] INFO  server.RaftServerConfigKeys (ConfUtils.java:logGet(43)) - raft.server.watch.element-limit = 65536 (default)
2019-09-26 10:06:59,932 [77afb7a9-3f27-4b85-962a-c9c70d1ecd8b@group-7528A96E1D6C-SegmentedRaftLogWorker] INFO  segmented.SegmentedRaftLogWorker (SegmentedRaftLogWorker.java:run(313)) - 77afb7a9-3f27-4b85-962a-c9c70d1ecd8b@group-7528A96E1D6C-SegmentedRaftLogWorker was interrupted, exiting. There are 0 tasks remaining in the queue.
2019-09-26 10:06:59,932 [ForkJoinPool.commonPool-worker-1] INFO  segmented.SegmentedRaftLogWorker (SegmentedRaftLogWorker.java:close(228)) - 77afb7a9-3f27-4b85-962a-c9c70d1ecd8b@group-7528A96E1D6C-SegmentedRaftLogWorker close()
2019-09-26 10:06:59,932 [ForkJoinPool.commonPool-worker-1] INFO  server.GrpcService (GrpcService.java:closeImpl(164)) - 77afb7a9-3f27-4b85-962a-c9c70d1ecd8b: shutdown server with port 39117 now
2019-09-26 10:06:59,935 [ForkJoinPool.commonPool-worker-1] INFO  server.GrpcService (GrpcService.java:closeImpl(172)) - 77afb7a9-3f27-4b85-962a-c9c70d1ecd8b: shutdown server with port 39117 successfully
2019-09-26 10:06:59,938 [refreshUsed-/workdir/hadoop-ozone/integration-test/target/test-dir/MiniOzoneClusterImpl-3237421e-5f73-41b0-8605-c54d21f4eaa5/datanode-4/data/containers] WARN  fs.CachingGetSpaceUsed (CachingGetSpaceUsed.java:run(183)) - Thread Interrupted waiting to refresh disk information: sleep interrupted
2019-09-26 10:06:59,939 [refreshUsed-/workdir/hadoop-ozone/integration-test/target/test-dir/MiniOzoneClusterImpl-3237421e-5f73-41b0-8605-c54d21f4eaa5/datanode-1/data/containers] WARN  fs.CachingGetSpaceUsed (CachingGetSpaceUsed.java:run(183)) - Thread Interrupted waiting to refresh disk information: sleep interrupted
2019-09-26 10:06:59,941 [84f656f9-4033-4770-bbd1-3f79d04a65ff@group-00D8D57C107A:LeaderElection298] INFO  impl.RoleInfo (RoleInfo.java:updateAndGet(143)) - 84f656f9-4033-4770-bbd1-3f79d04a65ff: start LeaderState
2019-09-26 10:06:59,941 [84f656f9-4033-4770-bbd1-3f79d04a65ff@group-00D8D57C107A:LeaderElection298] INFO  segmented.SegmentedRaftLogWorker (SegmentedRaftLogWorker.java:startLogSegment(380)) - 84f656f9-4033-4770-bbd1-3f79d04a65ff@group-00D8D57C107A-SegmentedRaftLogWorker: Starting segment from index:0
2019-09-26 10:06:59,942 [84f656f9-4033-4770-bbd1-3f79d04a65ff@group-00D8D57C107A:LeaderElection298] INFO  impl.RaftServerImpl (ServerState.java:setRaftConf(354)) - 84f656f9-4033-4770-bbd1-3f79d04a65ff@group-00D8D57C107A: set configuration 0: [84f656f9-4033-4770-bbd1-3f79d04a65ff:192.168.30.13:43165], old=null at 0
2019-09-26 10:06:59,960 [ForkJoinPool.commonPool-worker-1] INFO  utils.BackgroundService (BackgroundService.java:shutdown(148)) - Shutting down service BlockDeletingService
2019-09-26 10:06:59,960 [main] INFO  utils.BackgroundService (BackgroundService.java:shutdown(148)) - Shutting down service BlockDeletingService
2019-09-26 10:06:59,995 [ForkJoinPool.commonPool-worker-1] INFO  statemachine.DatanodeStateMachine (DatanodeStateMachine.java:stopDaemon(395)) - Ozone container server stopped.
2019-09-26 10:06:59,999 [main] INFO  statemachine.DatanodeStateMachine (DatanodeStateMachine.java:stopDaemon(395)) - Ozone container server stopped.
2019-09-26 10:07:00,005 [84f656f9-4033-4770-bbd1-3f79d04a65ff@group-00D8D57C107A-SegmentedRaftLogWorker] INFO  segmented.SegmentedRaftLogWorker (SegmentedRaftLogWorker.java:execute(569)) - 84f656f9-4033-4770-bbd1-3f79d04a65ff@group-00D8D57C107A-SegmentedRaftLogWorker: created new log segment /workdir/hadoop-ozone/integration-test/target/test-dir/MiniOzoneClusterImpl-3237421e-5f73-41b0-8605-c54d21f4eaa5/datanode-6/data/ratis/e2e97510-ba16-4b93-b468-00d8d57c107a/current/log_inprogress_0
2019-09-26 10:07:00,007 [ForkJoinPool.commonPool-worker-1] INFO  handler.ContextHandler (ContextHandler.java:doStop(910)) - Stopped o.e.j.w.WebAppContext@259195fe{/,null,UNAVAILABLE}{/hddsDatanode}
2019-09-26 10:07:00,008 [main] INFO  handler.ContextHandler (ContextHandler.java:doStop(910)) - Stopped o.e.j.w.WebAppContext@62108cd3{/,null,UNAVAILABLE}{/hddsDatanode}
2019-09-26 10:07:00,008 [ForkJoinPool.commonPool-worker-1] INFO  server.AbstractConnector (AbstractConnector.java:doStop(318)) - Stopped ServerConnector@12209826{HTTP/1.1,[http/1.1]}{0.0.0.0:0}
2019-09-26 10:07:00,008 [main] INFO  server.AbstractConnector (AbstractConnector.java:doStop(318)) - Stopped ServerConnector@7cd1ec54{HTTP/1.1,[http/1.1]}{0.0.0.0:0}
2019-09-26 10:07:00,011 [ForkJoinPool.commonPool-worker-1] INFO  handler.ContextHandler (ContextHandler.java:doStop(910)) - Stopped o.e.j.s.ServletContextHandler@36f6d25c{/static,jar:file:/home/user/.m2/repository/org/apache/hadoop/hadoop-hdds-container-service/0.5.0-SNAPSHOT/hadoop-hdds-container-service-0.5.0-SNAPSHOT.jar!/webapps/static,UNAVAILABLE}
2019-09-26 10:07:00,011 [main] INFO  handler.ContextHandler (ContextHandler.java:doStop(910)) - Stopped o.e.j.s.ServletContextHandler@ce655b9{/static,jar:file:/home/user/.m2/repository/org/apache/hadoop/hadoop-hdds-container-service/0.5.0-SNAPSHOT/hadoop-hdds-container-service-0.5.0-SNAPSHOT.jar!/webapps/static,UNAVAILABLE}
2019-09-26 10:07:00,014 [ForkJoinPool.commonPool-worker-1] INFO  handler.ContextHandler (ContextHandler.java:doStop(910)) - Stopped o.e.j.s.ServletContextHandler@7c4d1c7b{/logs,file:///workdir/hadoop-ozone/integration-test/target/log,UNAVAILABLE}
2019-09-26 10:07:00,014 [main] INFO  handler.ContextHandler (ContextHandler.java:doStop(910)) - Stopped o.e.j.s.ServletContextHandler@709d86a2{/logs,file:///workdir/hadoop-ozone/integration-test/target/log,UNAVAILABLE}
2019-09-26 10:07:00,680 [Datanode State Machine Thread - 0] INFO  statemachine.DatanodeStateMachine (DatanodeStateMachine.java:lambda$startDaemon$0(350)) - Ozone container server started.
2019-09-26 10:07:00,710 [Datanode State Machine Thread - 0] INFO  statemachine.DatanodeStateMachine (DatanodeStateMachine.java:lambda$startDaemon$0(350)) - Ozone container server started.
2019-09-26 10:07:04,501 [Thread-3604] INFO  impl.FollowerState (FollowerState.java:run(106)) - c3e403b7-5a1e-4aac-9b5a-0aedadd701b5:group-CC175C5D86BF changes to CANDIDATE, lastRpcTime:10792, electionTimeout:5000ms
2019-09-26 10:07:04,501 [Thread-3604] INFO  impl.RoleInfo (RoleInfo.java:shutdownFollowerState(121)) - c3e403b7-5a1e-4aac-9b5a-0aedadd701b5: shutdown FollowerState
2019-09-26 10:07:04,502 [Thread-3604] INFO  impl.RaftServerImpl (RaftServerImpl.java:setRole(174)) - c3e403b7-5a1e-4aac-9b5a-0aedadd701b5@group-CC175C5D86BF: changes role from  FOLLOWER to CANDIDATE at term 0 for changeToCandidate
2019-09-26 10:07:04,502 [Thread-3604] INFO  impl.RoleInfo (RoleInfo.java:updateAndGet(143)) - c3e403b7-5a1e-4aac-9b5a-0aedadd701b5: start LeaderElection
2019-09-26 10:07:04,512 [Thread-3607] INFO  impl.FollowerState (FollowerState.java:run(106)) - 4c0de2d3-09dd-47d7-b7a1-4f63a4eb8acf:group-AFFCF8A8623E changes to CANDIDATE, lastRpcTime:10739, electionTimeout:5011ms
2019-09-26 10:07:04,512 [Thread-3607] INFO  impl.RoleInfo (RoleInfo.java:shutdownFollowerState(121)) - 4c0de2d3-09dd-47d7-b7a1-4f63a4eb8acf: shutdown FollowerState
2019-09-26 10:07:04,512 [Thread-3607] INFO  impl.RaftServerImpl (RaftServerImpl.java:setRole(174)) - 4c0de2d3-09dd-47d7-b7a1-4f63a4eb8acf@group-AFFCF8A8623E: changes role from  FOLLOWER to CANDIDATE at term 0 for changeToCandidate
2019-09-26 10:07:04,512 [Thread-3607] INFO  impl.RoleInfo (RoleInfo.java:updateAndGet(143)) - 4c0de2d3-09dd-47d7-b7a1-4f63a4eb8acf: start LeaderElection
2019-09-26 10:07:04,518 [4c0de2d3-09dd-47d7-b7a1-4f63a4eb8acf@group-AFFCF8A8623E:LeaderElection300] INFO  impl.LeaderElection (LeaderElection.java:askForVotes(182)) - 4c0de2d3-09dd-47d7-b7a1-4f63a4eb8acf@group-AFFCF8A8623E:LeaderElection300: begin an election at term 1 for -1: [4c0de2d3-09dd-47d7-b7a1-4f63a4eb8acf:192.168.30.13:40522], old=null
2019-09-26 10:07:04,518 [c3e403b7-5a1e-4aac-9b5a-0aedadd701b5@group-CC175C5D86BF:LeaderElection299] INFO  impl.LeaderElection (LeaderElection.java:askForVotes(182)) - c3e403b7-5a1e-4aac-9b5a-0aedadd701b5@group-CC175C5D86BF:LeaderElection299: begin an election at term 1 for -1: [c3e403b7-5a1e-4aac-9b5a-0aedadd701b5:192.168.30.13:38271], old=null
2019-09-26 10:07:04,518 [4c0de2d3-09dd-47d7-b7a1-4f63a4eb8acf@group-AFFCF8A8623E:LeaderElection300] INFO  impl.RoleInfo (RoleInfo.java:shutdownLeaderElection(134)) - 4c0de2d3-09dd-47d7-b7a1-4f63a4eb8acf: shutdown LeaderElection
2019-09-26 10:07:04,518 [c3e403b7-5a1e-4aac-9b5a-0aedadd701b5@group-CC175C5D86BF:LeaderElection299] INFO  impl.RoleInfo (RoleInfo.java:shutdownLeaderElection(134)) - c3e403b7-5a1e-4aac-9b5a-0aedadd701b5: shutdown LeaderElection
2019-09-26 10:07:04,518 [4c0de2d3-09dd-47d7-b7a1-4f63a4eb8acf@group-AFFCF8A8623E:LeaderElection300] INFO  impl.RaftServerImpl (RaftServerImpl.java:setRole(174)) - 4c0de2d3-09dd-47d7-b7a1-4f63a4eb8acf@group-AFFCF8A8623E: changes role from CANDIDATE to LEADER at term 1 for changeToLeader
2019-09-26 10:07:04,518 [4c0de2d3-09dd-47d7-b7a1-4f63a4eb8acf@group-AFFCF8A8623E:LeaderElection300] INFO  impl.RaftServerImpl (ServerState.java:setLeader(253)) - 4c0de2d3-09dd-47d7-b7a1-4f63a4eb8acf@group-AFFCF8A8623E: change Leader from null to 4c0de2d3-09dd-47d7-b7a1-4f63a4eb8acf at term 1 for becomeLeader, leader elected after 10752ms
2019-09-26 10:07:04,518 [c3e403b7-5a1e-4aac-9b5a-0aedadd701b5@group-CC175C5D86BF:LeaderElection299] INFO  impl.RaftServerImpl (RaftServerImpl.java:setRole(174)) - c3e403b7-5a1e-4aac-9b5a-0aedadd701b5@group-CC175C5D86BF: changes role from CANDIDATE to LEADER at term 1 for changeToLeader
2019-09-26 10:07:04,519 [4c0de2d3-09dd-47d7-b7a1-4f63a4eb8acf@group-AFFCF8A8623E:LeaderElection300] INFO  server.RaftServerConfigKeys (ConfUtils.java:logGet(43)) - raft.server.staging.catchup.gap = 1000 (default)
2019-09-26 10:07:04,519 [c3e403b7-5a1e-4aac-9b5a-0aedadd701b5@group-CC175C5D86BF:LeaderElection299] INFO  impl.RaftServerImpl (ServerState.java:setLeader(253)) - c3e403b7-5a1e-4aac-9b5a-0aedadd701b5@group-CC175C5D86BF: change Leader from null to c3e403b7-5a1e-4aac-9b5a-0aedadd701b5 at term 1 for becomeLeader, leader elected after 10815ms
2019-09-26 10:07:04,519 [4c0de2d3-09dd-47d7-b7a1-4f63a4eb8acf@group-AFFCF8A8623E:LeaderElection300] INFO  server.RaftServerConfigKeys (ConfUtils.java:logGet(43)) - raft.server.rpc.sleep.time = 25ms (default)
2019-09-26 10:07:04,519 [c3e403b7-5a1e-4aac-9b5a-0aedadd701b5@group-CC175C5D86BF:LeaderElection299] INFO  server.RaftServerConfigKeys (ConfUtils.java:logGet(43)) - raft.server.staging.catchup.gap = 1000 (default)
2019-09-26 10:07:04,519 [4c0de2d3-09dd-47d7-b7a1-4f63a4eb8acf@group-AFFCF8A8623E:LeaderElection300] INFO  server.RaftServerConfigKeys (ConfUtils.java:logGet(43)) - raft.server.write.element-limit = 4096 (default)
2019-09-26 10:07:04,519 [c3e403b7-5a1e-4aac-9b5a-0aedadd701b5@group-CC175C5D86BF:LeaderElection299] INFO  server.RaftServerConfigKeys (ConfUtils.java:logGet(43)) - raft.server.rpc.sleep.time = 25ms (default)
2019-09-26 10:07:04,519 [4c0de2d3-09dd-47d7-b7a1-4f63a4eb8acf@group-AFFCF8A8623E:LeaderElection300] INFO  server.RaftServerConfigKeys (ConfUtils.java:logGet(43)) - raft.server.watch.timeout = 10s (default)
2019-09-26 10:07:04,520 [c3e403b7-5a1e-4aac-9b5a-0aedadd701b5@group-CC175C5D86BF:LeaderElection299] INFO  server.RaftServerConfigKeys (ConfUtils.java:logGet(43)) - raft.server.write.element-limit = 4096 (default)
2019-09-26 10:07:04,520 [4c0de2d3-09dd-47d7-b7a1-4f63a4eb8acf@group-AFFCF8A8623E:LeaderElection300] INFO  server.RaftServerConfigKeys (ConfUtils.java:logGet(43)) - raft.server.watch.timeout.denomination = 1s (default)
2019-09-26 10:07:04,520 [c3e403b7-5a1e-4aac-9b5a-0aedadd701b5@group-CC175C5D86BF:LeaderElection299] INFO  server.RaftServerConfigKeys (ConfUtils.java:logGet(43)) - raft.server.watch.timeout = 10s (default)
2019-09-26 10:07:04,520 [4c0de2d3-09dd-47d7-b7a1-4f63a4eb8acf@group-AFFCF8A8623E:LeaderElection300] INFO  server.RaftServerConfigKeys (ConfUtils.java:logGet(43)) - raft.server.watch.element-limit = 65536 (default)
2019-09-26 10:07:04,520 [c3e403b7-5a1e-4aac-9b5a-0aedadd701b5@group-CC175C5D86BF:LeaderElection299] INFO  server.RaftServerConfigKeys (ConfUtils.java:logGet(43)) - raft.server.watch.timeout.denomination = 1s (default)
2019-09-26 10:07:04,520 [c3e403b7-5a1e-4aac-9b5a-0aedadd701b5@group-CC175C5D86BF:LeaderElection299] INFO  server.RaftServerConfigKeys (ConfUtils.java:logGet(43)) - raft.server.watch.element-limit = 65536 (default)
2019-09-26 10:07:04,523 [4c0de2d3-09dd-47d7-b7a1-4f63a4eb8acf@group-AFFCF8A8623E:LeaderElection300] INFO  impl.RoleInfo (RoleInfo.java:updateAndGet(143)) - 4c0de2d3-09dd-47d7-b7a1-4f63a4eb8acf: start LeaderState
2019-09-26 10:07:04,523 [4c0de2d3-09dd-47d7-b7a1-4f63a4eb8acf@group-AFFCF8A8623E:LeaderElection300] INFO  segmented.SegmentedRaftLogWorker (SegmentedRaftLogWorker.java:startLogSegment(380)) - 4c0de2d3-09dd-47d7-b7a1-4f63a4eb8acf@group-AFFCF8A8623E-SegmentedRaftLogWorker: Starting segment from index:0
2019-09-26 10:07:04,523 [c3e403b7-5a1e-4aac-9b5a-0aedadd701b5@group-CC175C5D86BF:LeaderElection299] INFO  impl.RoleInfo (RoleInfo.java:updateAndGet(143)) - c3e403b7-5a1e-4aac-9b5a-0aedadd701b5: start LeaderState
2019-09-26 10:07:04,524 [c3e403b7-5a1e-4aac-9b5a-0aedadd701b5@group-CC175C5D86BF:LeaderElection299] INFO  segmented.SegmentedRaftLogWorker (SegmentedRaftLogWorker.java:startLogSegment(380)) - c3e403b7-5a1e-4aac-9b5a-0aedadd701b5@group-CC175C5D86BF-SegmentedRaftLogWorker: Starting segment from index:0
2019-09-26 10:07:04,524 [4c0de2d3-09dd-47d7-b7a1-4f63a4eb8acf@group-AFFCF8A8623E:LeaderElection300] INFO  impl.RaftServerImpl (ServerState.java:setRaftConf(354)) - 4c0de2d3-09dd-47d7-b7a1-4f63a4eb8acf@group-AFFCF8A8623E: set configuration 0: [4c0de2d3-09dd-47d7-b7a1-4f63a4eb8acf:192.168.30.13:40522], old=null at 0
2019-09-26 10:07:04,524 [c3e403b7-5a1e-4aac-9b5a-0aedadd701b5@group-CC175C5D86BF:LeaderElection299] INFO  impl.RaftServerImpl (ServerState.java:setRaftConf(354)) - c3e403b7-5a1e-4aac-9b5a-0aedadd701b5@group-CC175C5D86BF: set configuration 0: [c3e403b7-5a1e-4aac-9b5a-0aedadd701b5:192.168.30.13:38271], old=null at 0
2019-09-26 10:07:04,550 [Thread-3619] INFO  impl.FollowerState (FollowerState.java:run(106)) - 4c0de2d3-09dd-47d7-b7a1-4f63a4eb8acf:group-21F0F974A56F changes to CANDIDATE, lastRpcTime:10551, electionTimeout:5049ms
2019-09-26 10:07:04,551 [Thread-3619] INFO  impl.RoleInfo (RoleInfo.java:shutdownFollowerState(121)) - 4c0de2d3-09dd-47d7-b7a1-4f63a4eb8acf: shutdown FollowerState
2019-09-26 10:07:04,551 [Thread-3619] INFO  impl.RaftServerImpl (RaftServerImpl.java:setRole(174)) - 4c0de2d3-09dd-47d7-b7a1-4f63a4eb8acf@group-21F0F974A56F: changes role from  FOLLOWER to CANDIDATE at term 0 for changeToCandidate
2019-09-26 10:07:04,551 [Thread-3619] INFO  impl.RoleInfo (RoleInfo.java:updateAndGet(143)) - 4c0de2d3-09dd-47d7-b7a1-4f63a4eb8acf: start LeaderElection
2019-09-26 10:07:04,564 [4c0de2d3-09dd-47d7-b7a1-4f63a4eb8acf@group-21F0F974A56F:LeaderElection301] INFO  impl.LeaderElection (LeaderElection.java:askForVotes(182)) - 4c0de2d3-09dd-47d7-b7a1-4f63a4eb8acf@group-21F0F974A56F:LeaderElection301: begin an election at term 1 for -1: [4c0de2d3-09dd-47d7-b7a1-4f63a4eb8acf:192.168.30.13:40522], old=null
2019-09-26 10:07:04,565 [4c0de2d3-09dd-47d7-b7a1-4f63a4eb8acf@group-21F0F974A56F:LeaderElection301] INFO  impl.RoleInfo (RoleInfo.java:shutdownLeaderElection(134)) - 4c0de2d3-09dd-47d7-b7a1-4f63a4eb8acf: shutdown LeaderElection
2019-09-26 10:07:04,565 [4c0de2d3-09dd-47d7-b7a1-4f63a4eb8acf@group-21F0F974A56F:LeaderElection301] INFO  impl.RaftServerImpl (RaftServerImpl.java:setRole(174)) - 4c0de2d3-09dd-47d7-b7a1-4f63a4eb8acf@group-21F0F974A56F: changes role from CANDIDATE to LEADER at term 1 for changeToLeader
2019-09-26 10:07:04,565 [4c0de2d3-09dd-47d7-b7a1-4f63a4eb8acf@group-21F0F974A56F:LeaderElection301] INFO  impl.RaftServerImpl (ServerState.java:setLeader(253)) - 4c0de2d3-09dd-47d7-b7a1-4f63a4eb8acf@group-21F0F974A56F: change Leader from null to 4c0de2d3-09dd-47d7-b7a1-4f63a4eb8acf at term 1 for becomeLeader, leader elected after 10571ms
2019-09-26 10:07:04,565 [4c0de2d3-09dd-47d7-b7a1-4f63a4eb8acf@group-21F0F974A56F:LeaderElection301] INFO  server.RaftServerConfigKeys (ConfUtils.java:logGet(43)) - raft.server.staging.catchup.gap = 1000 (default)
2019-09-26 10:07:04,565 [4c0de2d3-09dd-47d7-b7a1-4f63a4eb8acf@group-21F0F974A56F:LeaderElection301] INFO  server.RaftServerConfigKeys (ConfUtils.java:logGet(43)) - raft.server.rpc.sleep.time = 25ms (default)
2019-09-26 10:07:04,565 [4c0de2d3-09dd-47d7-b7a1-4f63a4eb8acf@group-21F0F974A56F:LeaderElection301] INFO  server.RaftServerConfigKeys (ConfUtils.java:logGet(43)) - raft.server.write.element-limit = 4096 (default)
2019-09-26 10:07:04,565 [4c0de2d3-09dd-47d7-b7a1-4f63a4eb8acf@group-21F0F974A56F:LeaderElection301] INFO  server.RaftServerConfigKeys (ConfUtils.java:logGet(43)) - raft.server.watch.timeout = 10s (default)
2019-09-26 10:07:04,566 [4c0de2d3-09dd-47d7-b7a1-4f63a4eb8acf@group-21F0F974A56F:LeaderElection301] INFO  server.RaftServerConfigKeys (ConfUtils.java:logGet(43)) - raft.server.watch.timeout.denomination = 1s (default)
2019-09-26 10:07:04,566 [4c0de2d3-09dd-47d7-b7a1-4f63a4eb8acf@group-21F0F974A56F:LeaderElection301] INFO  server.RaftServerConfigKeys (ConfUtils.java:logGet(43)) - raft.server.watch.element-limit = 65536 (default)
2019-09-26 10:07:04,567 [4c0de2d3-09dd-47d7-b7a1-4f63a4eb8acf@group-21F0F974A56F:LeaderElection301] INFO  impl.RoleInfo (RoleInfo.java:updateAndGet(143)) - 4c0de2d3-09dd-47d7-b7a1-4f63a4eb8acf: start LeaderState
2019-09-26 10:07:04,567 [4c0de2d3-09dd-47d7-b7a1-4f63a4eb8acf@group-21F0F974A56F:LeaderElection301] INFO  segmented.SegmentedRaftLogWorker (SegmentedRaftLogWorker.java:startLogSegment(380)) - 4c0de2d3-09dd-47d7-b7a1-4f63a4eb8acf@group-21F0F974A56F-SegmentedRaftLogWorker: Starting segment from index:0
2019-09-26 10:07:04,568 [4c0de2d3-09dd-47d7-b7a1-4f63a4eb8acf@group-21F0F974A56F:LeaderElection301] INFO  impl.RaftServerImpl (ServerState.java:setRaftConf(354)) - 4c0de2d3-09dd-47d7-b7a1-4f63a4eb8acf@group-21F0F974A56F: set configuration 0: [4c0de2d3-09dd-47d7-b7a1-4f63a4eb8acf:192.168.30.13:40522], old=null at 0
2019-09-26 10:07:04,573 [Thread-3613] INFO  impl.FollowerState (FollowerState.java:run(106)) - c3e403b7-5a1e-4aac-9b5a-0aedadd701b5:group-07323C0E4172 changes to CANDIDATE, lastRpcTime:10673, electionTimeout:5072ms
2019-09-26 10:07:04,573 [Thread-3613] INFO  impl.RoleInfo (RoleInfo.java:shutdownFollowerState(121)) - c3e403b7-5a1e-4aac-9b5a-0aedadd701b5: shutdown FollowerState
2019-09-26 10:07:04,574 [Thread-3613] INFO  impl.RaftServerImpl (RaftServerImpl.java:setRole(174)) - c3e403b7-5a1e-4aac-9b5a-0aedadd701b5@group-07323C0E4172: changes role from  FOLLOWER to CANDIDATE at term 0 for changeToCandidate
2019-09-26 10:07:04,574 [Thread-3613] INFO  impl.RoleInfo (RoleInfo.java:updateAndGet(143)) - c3e403b7-5a1e-4aac-9b5a-0aedadd701b5: start LeaderElection
2019-09-26 10:07:04,582 [c3e403b7-5a1e-4aac-9b5a-0aedadd701b5@group-CC175C5D86BF-SegmentedRaftLogWorker] INFO  segmented.SegmentedRaftLogWorker (SegmentedRaftLogWorker.java:execute(569)) - c3e403b7-5a1e-4aac-9b5a-0aedadd701b5@group-CC175C5D86BF-SegmentedRaftLogWorker: created new log segment /workdir/hadoop-ozone/integration-test/target/test-dir/MiniOzoneClusterImpl-3237421e-5f73-41b0-8605-c54d21f4eaa5/datanode-2/data/ratis/f30f0906-14ba-4472-89ab-cc175c5d86bf/current/log_inprogress_0
2019-09-26 10:07:04,582 [c3e403b7-5a1e-4aac-9b5a-0aedadd701b5@group-07323C0E4172:LeaderElection302] INFO  impl.LeaderElection (LeaderElection.java:askForVotes(182)) - c3e403b7-5a1e-4aac-9b5a-0aedadd701b5@group-07323C0E4172:LeaderElection302: begin an election at term 1 for -1: [c3e403b7-5a1e-4aac-9b5a-0aedadd701b5:192.168.30.13:38271], old=null
2019-09-26 10:07:04,582 [4c0de2d3-09dd-47d7-b7a1-4f63a4eb8acf@group-AFFCF8A8623E-SegmentedRaftLogWorker] INFO  segmented.SegmentedRaftLogWorker (SegmentedRaftLogWorker.java:execute(569)) - 4c0de2d3-09dd-47d7-b7a1-4f63a4eb8acf@group-AFFCF8A8623E-SegmentedRaftLogWorker: created new log segment /workdir/hadoop-ozone/integration-test/target/test-dir/MiniOzoneClusterImpl-3237421e-5f73-41b0-8605-c54d21f4eaa5/datanode-3/data/ratis/da3f337d-3b2c-45e4-a5bc-affcf8a8623e/current/log_inprogress_0
2019-09-26 10:07:04,582 [c3e403b7-5a1e-4aac-9b5a-0aedadd701b5@group-07323C0E4172:LeaderElection302] INFO  impl.RoleInfo (RoleInfo.java:shutdownLeaderElection(134)) - c3e403b7-5a1e-4aac-9b5a-0aedadd701b5: shutdown LeaderElection
2019-09-26 10:07:04,582 [c3e403b7-5a1e-4aac-9b5a-0aedadd701b5@group-07323C0E4172:LeaderElection302] INFO  impl.RaftServerImpl (RaftServerImpl.java:setRole(174)) - c3e403b7-5a1e-4aac-9b5a-0aedadd701b5@group-07323C0E4172: changes role from CANDIDATE to LEADER at term 1 for changeToLeader
2019-09-26 10:07:04,582 [c3e403b7-5a1e-4aac-9b5a-0aedadd701b5@group-07323C0E4172:LeaderElection302] INFO  impl.RaftServerImpl (ServerState.java:setLeader(253)) - c3e403b7-5a1e-4aac-9b5a-0aedadd701b5@group-07323C0E4172: change Leader from null to c3e403b7-5a1e-4aac-9b5a-0aedadd701b5 at term 1 for becomeLeader, leader elected after 10689ms
2019-09-26 10:07:04,583 [c3e403b7-5a1e-4aac-9b5a-0aedadd701b5@group-07323C0E4172:LeaderElection302] INFO  server.RaftServerConfigKeys (ConfUtils.java:logGet(43)) - raft.server.staging.catchup.gap = 1000 (default)
2019-09-26 10:07:04,583 [c3e403b7-5a1e-4aac-9b5a-0aedadd701b5@group-07323C0E4172:LeaderElection302] INFO  server.RaftServerConfigKeys (ConfUtils.java:logGet(43)) - raft.server.rpc.sleep.time = 25ms (default)
2019-09-26 10:07:04,583 [c3e403b7-5a1e-4aac-9b5a-0aedadd701b5@group-07323C0E4172:LeaderElection302] INFO  server.RaftServerConfigKeys (ConfUtils.java:logGet(43)) - raft.server.write.element-limit = 4096 (default)
2019-09-26 10:07:04,583 [c3e403b7-5a1e-4aac-9b5a-0aedadd701b5@group-07323C0E4172:LeaderElection302] INFO  server.RaftServerConfigKeys (ConfUtils.java:logGet(43)) - raft.server.watch.timeout = 10s (default)
2019-09-26 10:07:04,583 [c3e403b7-5a1e-4aac-9b5a-0aedadd701b5@group-07323C0E4172:LeaderElection302] INFO  server.RaftServerConfigKeys (ConfUtils.java:logGet(43)) - raft.server.watch.timeout.denomination = 1s (default)
2019-09-26 10:07:04,584 [c3e403b7-5a1e-4aac-9b5a-0aedadd701b5@group-07323C0E4172:LeaderElection302] INFO  server.RaftServerConfigKeys (ConfUtils.java:logGet(43)) - raft.server.watch.element-limit = 65536 (default)
2019-09-26 10:07:04,585 [c3e403b7-5a1e-4aac-9b5a-0aedadd701b5@group-07323C0E4172:LeaderElection302] INFO  impl.RoleInfo (RoleInfo.java:updateAndGet(143)) - c3e403b7-5a1e-4aac-9b5a-0aedadd701b5: start LeaderState
2019-09-26 10:07:04,586 [c3e403b7-5a1e-4aac-9b5a-0aedadd701b5@group-07323C0E4172:LeaderElection302] INFO  segmented.SegmentedRaftLogWorker (SegmentedRaftLogWorker.java:startLogSegment(380)) - c3e403b7-5a1e-4aac-9b5a-0aedadd701b5@group-07323C0E4172-SegmentedRaftLogWorker: Starting segment from index:0
2019-09-26 10:07:04,586 [c3e403b7-5a1e-4aac-9b5a-0aedadd701b5@group-07323C0E4172:LeaderElection302] INFO  impl.RaftServerImpl (ServerState.java:setRaftConf(354)) - c3e403b7-5a1e-4aac-9b5a-0aedadd701b5@group-07323C0E4172: set configuration 0: [c3e403b7-5a1e-4aac-9b5a-0aedadd701b5:192.168.30.13:38271], old=null at 0
2019-09-26 10:07:04,596 [Thread-3610] INFO  impl.FollowerState (FollowerState.java:run(106)) - c3e403b7-5a1e-4aac-9b5a-0aedadd701b5:group-DC556B58D3F1 changes to CANDIDATE, lastRpcTime:10759, electionTimeout:5095ms
2019-09-26 10:07:04,596 [Thread-3610] INFO  impl.RoleInfo (RoleInfo.java:shutdownFollowerState(121)) - c3e403b7-5a1e-4aac-9b5a-0aedadd701b5: shutdown FollowerState
2019-09-26 10:07:04,596 [Thread-3610] INFO  impl.RaftServerImpl (RaftServerImpl.java:setRole(174)) - c3e403b7-5a1e-4aac-9b5a-0aedadd701b5@group-DC556B58D3F1: changes role from  FOLLOWER to CANDIDATE at term 0 for changeToCandidate
2019-09-26 10:07:04,596 [Thread-3610] INFO  impl.RoleInfo (RoleInfo.java:updateAndGet(143)) - c3e403b7-5a1e-4aac-9b5a-0aedadd701b5: start LeaderElection
2019-09-26 10:07:04,611 [4c0de2d3-09dd-47d7-b7a1-4f63a4eb8acf@group-21F0F974A56F-SegmentedRaftLogWorker] INFO  segmented.SegmentedRaftLogWorker (SegmentedRaftLogWorker.java:execute(569)) - 4c0de2d3-09dd-47d7-b7a1-4f63a4eb8acf@group-21F0F974A56F-SegmentedRaftLogWorker: created new log segment /workdir/hadoop-ozone/integration-test/target/test-dir/MiniOzoneClusterImpl-3237421e-5f73-41b0-8605-c54d21f4eaa5/datanode-3/data/ratis/a46adbbe-ae49-43f5-9f8c-21f0f974a56f/current/log_inprogress_0
2019-09-26 10:07:04,611 [c3e403b7-5a1e-4aac-9b5a-0aedadd701b5@group-DC556B58D3F1:LeaderElection303] INFO  impl.LeaderElection (LeaderElection.java:askForVotes(182)) - c3e403b7-5a1e-4aac-9b5a-0aedadd701b5@group-DC556B58D3F1:LeaderElection303: begin an election at term 1 for -1: [c3e403b7-5a1e-4aac-9b5a-0aedadd701b5:192.168.30.13:38271], old=null
2019-09-26 10:07:04,611 [c3e403b7-5a1e-4aac-9b5a-0aedadd701b5@group-DC556B58D3F1:LeaderElection303] INFO  impl.RoleInfo (RoleInfo.java:shutdownLeaderElection(134)) - c3e403b7-5a1e-4aac-9b5a-0aedadd701b5: shutdown LeaderElection
2019-09-26 10:07:04,611 [c3e403b7-5a1e-4aac-9b5a-0aedadd701b5@group-DC556B58D3F1:LeaderElection303] INFO  impl.RaftServerImpl (RaftServerImpl.java:setRole(174)) - c3e403b7-5a1e-4aac-9b5a-0aedadd701b5@group-DC556B58D3F1: changes role from CANDIDATE to LEADER at term 1 for changeToLeader
2019-09-26 10:07:04,611 [c3e403b7-5a1e-4aac-9b5a-0aedadd701b5@group-DC556B58D3F1:LeaderElection303] INFO  impl.RaftServerImpl (ServerState.java:setLeader(253)) - c3e403b7-5a1e-4aac-9b5a-0aedadd701b5@group-DC556B58D3F1: change Leader from null to c3e403b7-5a1e-4aac-9b5a-0aedadd701b5 at term 1 for becomeLeader, leader elected after 10781ms
2019-09-26 10:07:04,611 [c3e403b7-5a1e-4aac-9b5a-0aedadd701b5@group-DC556B58D3F1:LeaderElection303] INFO  server.RaftServerConfigKeys (ConfUtils.java:logGet(43)) - raft.server.staging.catchup.gap = 1000 (default)
2019-09-26 10:07:04,611 [c3e403b7-5a1e-4aac-9b5a-0aedadd701b5@group-DC556B58D3F1:LeaderElection303] INFO  server.RaftServerConfigKeys (ConfUtils.java:logGet(43)) - raft.server.rpc.sleep.time = 25ms (default)
2019-09-26 10:07:04,611 [c3e403b7-5a1e-4aac-9b5a-0aedadd701b5@group-DC556B58D3F1:LeaderElection303] INFO  server.RaftServerConfigKeys (ConfUtils.java:logGet(43)) - raft.server.write.element-limit = 4096 (default)
2019-09-26 10:07:04,611 [c3e403b7-5a1e-4aac-9b5a-0aedadd701b5@group-DC556B58D3F1:LeaderElection303] INFO  server.RaftServerConfigKeys (ConfUtils.java:logGet(43)) - raft.server.watch.timeout = 10s (default)
2019-09-26 10:07:04,611 [c3e403b7-5a1e-4aac-9b5a-0aedadd701b5@group-DC556B58D3F1:LeaderElection303] INFO  server.RaftServerConfigKeys (ConfUtils.java:logGet(43)) - raft.server.watch.timeout.denomination = 1s (default)
2019-09-26 10:07:04,612 [c3e403b7-5a1e-4aac-9b5a-0aedadd701b5@group-DC556B58D3F1:LeaderElection303] INFO  server.RaftServerConfigKeys (ConfUtils.java:logGet(43)) - raft.server.watch.element-limit = 65536 (default)
2019-09-26 10:07:04,613 [c3e403b7-5a1e-4aac-9b5a-0aedadd701b5@group-DC556B58D3F1:LeaderElection303] INFO  impl.RoleInfo (RoleInfo.java:updateAndGet(143)) - c3e403b7-5a1e-4aac-9b5a-0aedadd701b5: start LeaderState
2019-09-26 10:07:04,613 [c3e403b7-5a1e-4aac-9b5a-0aedadd701b5@group-DC556B58D3F1:LeaderElection303] INFO  segmented.SegmentedRaftLogWorker (SegmentedRaftLogWorker.java:startLogSegment(380)) - c3e403b7-5a1e-4aac-9b5a-0aedadd701b5@group-DC556B58D3F1-SegmentedRaftLogWorker: Starting segment from index:0
2019-09-26 10:07:04,613 [c3e403b7-5a1e-4aac-9b5a-0aedadd701b5@group-DC556B58D3F1:LeaderElection303] INFO  impl.RaftServerImpl (ServerState.java:setRaftConf(354)) - c3e403b7-5a1e-4aac-9b5a-0aedadd701b5@group-DC556B58D3F1: set configuration 0: [c3e403b7-5a1e-4aac-9b5a-0aedadd701b5:192.168.30.13:38271], old=null at 0
2019-09-26 10:07:04,650 [c3e403b7-5a1e-4aac-9b5a-0aedadd701b5@group-07323C0E4172-SegmentedRaftLogWorker] INFO  segmented.SegmentedRaftLogWorker (SegmentedRaftLogWorker.java:execute(569)) - c3e403b7-5a1e-4aac-9b5a-0aedadd701b5@group-07323C0E4172-SegmentedRaftLogWorker: created new log segment /workdir/hadoop-ozone/integration-test/target/test-dir/MiniOzoneClusterImpl-3237421e-5f73-41b0-8605-c54d21f4eaa5/datanode-2/data/ratis/888dabee-5437-4840-b9b7-07323c0e4172/current/log_inprogress_0
2019-09-26 10:07:04,663 [c3e403b7-5a1e-4aac-9b5a-0aedadd701b5@group-DC556B58D3F1-SegmentedRaftLogWorker] INFO  segmented.SegmentedRaftLogWorker (SegmentedRaftLogWorker.java:execute(569)) - c3e403b7-5a1e-4aac-9b5a-0aedadd701b5@group-DC556B58D3F1-SegmentedRaftLogWorker: created new log segment /workdir/hadoop-ozone/integration-test/target/test-dir/MiniOzoneClusterImpl-3237421e-5f73-41b0-8605-c54d21f4eaa5/datanode-2/data/ratis/172cf70b-5f97-4cd3-99ec-dc556b58d3f1/current/log_inprogress_0
2019-09-26 10:07:04,717 [EventQueue-StaleNodeForStaleNodeHandler] INFO  node.StaleNodeHandler (StaleNodeHandler.java:onMessage(58)) - Datanode 4c0de2d3-09dd-47d7-b7a1-4f63a4eb8acf{ip: 192.168.30.13, host: pr-hdds-1569-wvzgm-824869521, networkLocation: /default-rack, certSerialId: null} moved to stale state. Finalizing its pipelines [PipelineID=6717c115-e855-4e7f-bbc5-9ca1d242824f, PipelineID=eea51f1f-606a-4731-9468-fca0847b1241, PipelineID=b7b6dbe1-50ec-454a-83ff-9601102d5746, PipelineID=da3f337d-3b2c-45e4-a5bc-affcf8a8623e, PipelineID=eb77b42c-57ac-4ed8-9848-d86c3c9722a3, PipelineID=a46adbbe-ae49-43f5-9f8c-21f0f974a56f]
2019-09-26 10:07:04,717 [EventQueue-StaleNodeForStaleNodeHandler] INFO  pipeline.SCMPipelineManager (SCMPipelineManager.java:finalizeAndDestroyPipeline(316)) - destroying pipeline:Pipeline[ Id: 6717c115-e855-4e7f-bbc5-9ca1d242824f, Nodes: 4c0de2d3-09dd-47d7-b7a1-4f63a4eb8acf{ip: 192.168.30.13, host: pr-hdds-1569-wvzgm-824869521, networkLocation: /default-rack, certSerialId: null}, Type:RATIS, Factor:ONE, State:OPEN]
2019-09-26 10:07:04,717 [EventQueue-StaleNodeForStaleNodeHandler] INFO  pipeline.PipelineStateManager (PipelineStateManager.java:finalizePipeline(123)) - Pipeline Pipeline[ Id: 6717c115-e855-4e7f-bbc5-9ca1d242824f, Nodes: 4c0de2d3-09dd-47d7-b7a1-4f63a4eb8acf{ip: 192.168.30.13, host: pr-hdds-1569-wvzgm-824869521, networkLocation: /default-rack, certSerialId: null}, Type:RATIS, Factor:ONE, State:CLOSED] moved to CLOSED state
2019-09-26 10:07:04,717 [EventQueue-StaleNodeForStaleNodeHandler] INFO  pipeline.SCMPipelineManager (SCMPipelineManager.java:finalizeAndDestroyPipeline(316)) - destroying pipeline:Pipeline[ Id: eea51f1f-606a-4731-9468-fca0847b1241, Nodes: 4c0de2d3-09dd-47d7-b7a1-4f63a4eb8acf{ip: 192.168.30.13, host: pr-hdds-1569-wvzgm-824869521, networkLocation: /default-rack, certSerialId: null}, Type:RATIS, Factor:ONE, State:OPEN]
2019-09-26 10:07:04,717 [EventQueue-StaleNodeForStaleNodeHandler] INFO  pipeline.PipelineStateManager (PipelineStateManager.java:finalizePipeline(123)) - Pipeline Pipeline[ Id: eea51f1f-606a-4731-9468-fca0847b1241, Nodes: 4c0de2d3-09dd-47d7-b7a1-4f63a4eb8acf{ip: 192.168.30.13, host: pr-hdds-1569-wvzgm-824869521, networkLocation: /default-rack, certSerialId: null}, Type:RATIS, Factor:ONE, State:CLOSED] moved to CLOSED state
2019-09-26 10:07:04,718 [EventQueue-StaleNodeForStaleNodeHandler] INFO  pipeline.SCMPipelineManager (SCMPipelineManager.java:finalizeAndDestroyPipeline(316)) - destroying pipeline:Pipeline[ Id: b7b6dbe1-50ec-454a-83ff-9601102d5746, Nodes: 4c0de2d3-09dd-47d7-b7a1-4f63a4eb8acf{ip: 192.168.30.13, host: pr-hdds-1569-wvzgm-824869521, networkLocation: /default-rack, certSerialId: null}, Type:RATIS, Factor:ONE, State:OPEN]
2019-09-26 10:07:04,718 [EventQueue-StaleNodeForStaleNodeHandler] INFO  pipeline.PipelineStateManager (PipelineStateManager.java:finalizePipeline(123)) - Pipeline Pipeline[ Id: b7b6dbe1-50ec-454a-83ff-9601102d5746, Nodes: 4c0de2d3-09dd-47d7-b7a1-4f63a4eb8acf{ip: 192.168.30.13, host: pr-hdds-1569-wvzgm-824869521, networkLocation: /default-rack, certSerialId: null}, Type:RATIS, Factor:ONE, State:CLOSED] moved to CLOSED state
2019-09-26 10:07:04,718 [EventQueue-StaleNodeForStaleNodeHandler] INFO  pipeline.SCMPipelineManager (SCMPipelineManager.java:finalizeAndDestroyPipeline(316)) - destroying pipeline:Pipeline[ Id: da3f337d-3b2c-45e4-a5bc-affcf8a8623e, Nodes: 4c0de2d3-09dd-47d7-b7a1-4f63a4eb8acf{ip: 192.168.30.13, host: pr-hdds-1569-wvzgm-824869521, networkLocation: /default-rack, certSerialId: null}, Type:RATIS, Factor:ONE, State:OPEN]
2019-09-26 10:07:04,718 [EventQueue-StaleNodeForStaleNodeHandler] INFO  pipeline.PipelineStateManager (PipelineStateManager.java:finalizePipeline(123)) - Pipeline Pipeline[ Id: da3f337d-3b2c-45e4-a5bc-affcf8a8623e, Nodes: 4c0de2d3-09dd-47d7-b7a1-4f63a4eb8acf{ip: 192.168.30.13, host: pr-hdds-1569-wvzgm-824869521, networkLocation: /default-rack, certSerialId: null}, Type:RATIS, Factor:ONE, State:CLOSED] moved to CLOSED state
2019-09-26 10:07:04,718 [EventQueue-StaleNodeForStaleNodeHandler] INFO  pipeline.SCMPipelineManager (SCMPipelineManager.java:finalizeAndDestroyPipeline(316)) - destroying pipeline:Pipeline[ Id: eb77b42c-57ac-4ed8-9848-d86c3c9722a3, Nodes: 4c0de2d3-09dd-47d7-b7a1-4f63a4eb8acf{ip: 192.168.30.13, host: pr-hdds-1569-wvzgm-824869521, networkLocation: /default-rack, certSerialId: null}, Type:RATIS, Factor:ONE, State:OPEN]
2019-09-26 10:07:04,719 [EventQueue-StaleNodeForStaleNodeHandler] INFO  pipeline.PipelineStateManager (PipelineStateManager.java:finalizePipeline(123)) - Pipeline Pipeline[ Id: eb77b42c-57ac-4ed8-9848-d86c3c9722a3, Nodes: 4c0de2d3-09dd-47d7-b7a1-4f63a4eb8acf{ip: 192.168.30.13, host: pr-hdds-1569-wvzgm-824869521, networkLocation: /default-rack, certSerialId: null}, Type:RATIS, Factor:ONE, State:CLOSED] moved to CLOSED state
2019-09-26 10:07:04,719 [EventQueue-StaleNodeForStaleNodeHandler] INFO  pipeline.SCMPipelineManager (SCMPipelineManager.java:finalizeAndDestroyPipeline(316)) - destroying pipeline:Pipeline[ Id: a46adbbe-ae49-43f5-9f8c-21f0f974a56f, Nodes: 4c0de2d3-09dd-47d7-b7a1-4f63a4eb8acf{ip: 192.168.30.13, host: pr-hdds-1569-wvzgm-824869521, networkLocation: /default-rack, certSerialId: null}, Type:RATIS, Factor:ONE, State:OPEN]
2019-09-26 10:07:04,719 [EventQueue-StaleNodeForStaleNodeHandler] INFO  pipeline.PipelineStateManager (PipelineStateManager.java:finalizePipeline(123)) - Pipeline Pipeline[ Id: a46adbbe-ae49-43f5-9f8c-21f0f974a56f, Nodes: 4c0de2d3-09dd-47d7-b7a1-4f63a4eb8acf{ip: 192.168.30.13, host: pr-hdds-1569-wvzgm-824869521, networkLocation: /default-rack, certSerialId: null}, Type:RATIS, Factor:ONE, State:CLOSED] moved to CLOSED state
2019-09-26 10:07:04,719 [EventQueue-StaleNodeForStaleNodeHandler] INFO  node.StaleNodeHandler (StaleNodeHandler.java:onMessage(58)) - Datanode c3e403b7-5a1e-4aac-9b5a-0aedadd701b5{ip: 192.168.30.13, host: pr-hdds-1569-wvzgm-824869521, networkLocation: /default-rack, certSerialId: null} moved to stale state. Finalizing its pipelines [PipelineID=3cc2e409-75b7-4761-a42d-7b1c962a7f05, PipelineID=172cf70b-5f97-4cd3-99ec-dc556b58d3f1, PipelineID=82ab33e9-6c54-4daf-aa48-f188a7b02470, PipelineID=888dabee-5437-4840-b9b7-07323c0e4172, PipelineID=34d298c7-a3c6-4ac1-baa2-18fb135a52ee, PipelineID=f30f0906-14ba-4472-89ab-cc175c5d86bf]
2019-09-26 10:07:04,719 [EventQueue-StaleNodeForStaleNodeHandler] INFO  pipeline.SCMPipelineManager (SCMPipelineManager.java:finalizeAndDestroyPipeline(316)) - destroying pipeline:Pipeline[ Id: 3cc2e409-75b7-4761-a42d-7b1c962a7f05, Nodes: c3e403b7-5a1e-4aac-9b5a-0aedadd701b5{ip: 192.168.30.13, host: pr-hdds-1569-wvzgm-824869521, networkLocation: /default-rack, certSerialId: null}, Type:RATIS, Factor:ONE, State:OPEN]
2019-09-26 10:07:04,719 [EventQueue-StaleNodeForStaleNodeHandler] INFO  pipeline.PipelineStateManager (PipelineStateManager.java:finalizePipeline(123)) - Pipeline Pipeline[ Id: 3cc2e409-75b7-4761-a42d-7b1c962a7f05, Nodes: c3e403b7-5a1e-4aac-9b5a-0aedadd701b5{ip: 192.168.30.13, host: pr-hdds-1569-wvzgm-824869521, networkLocation: /default-rack, certSerialId: null}, Type:RATIS, Factor:ONE, State:CLOSED] moved to CLOSED state
2019-09-26 10:07:04,719 [EventQueue-StaleNodeForStaleNodeHandler] INFO  pipeline.SCMPipelineManager (SCMPipelineManager.java:finalizeAndDestroyPipeline(316)) - destroying pipeline:Pipeline[ Id: 172cf70b-5f97-4cd3-99ec-dc556b58d3f1, Nodes: c3e403b7-5a1e-4aac-9b5a-0aedadd701b5{ip: 192.168.30.13, host: pr-hdds-1569-wvzgm-824869521, networkLocation: /default-rack, certSerialId: null}, Type:RATIS, Factor:ONE, State:OPEN]
2019-09-26 10:07:04,720 [EventQueue-StaleNodeForStaleNodeHandler] INFO  pipeline.PipelineStateManager (PipelineStateManager.java:finalizePipeline(123)) - Pipeline Pipeline[ Id: 172cf70b-5f97-4cd3-99ec-dc556b58d3f1, Nodes: c3e403b7-5a1e-4aac-9b5a-0aedadd701b5{ip: 192.168.30.13, host: pr-hdds-1569-wvzgm-824869521, networkLocation: /default-rack, certSerialId: null}, Type:RATIS, Factor:ONE, State:CLOSED] moved to CLOSED state
2019-09-26 10:07:04,720 [EventQueue-StaleNodeForStaleNodeHandler] INFO  pipeline.SCMPipelineManager (SCMPipelineManager.java:finalizeAndDestroyPipeline(316)) - destroying pipeline:Pipeline[ Id: 82ab33e9-6c54-4daf-aa48-f188a7b02470, Nodes: c3e403b7-5a1e-4aac-9b5a-0aedadd701b5{ip: 192.168.30.13, host: pr-hdds-1569-wvzgm-824869521, networkLocation: /default-rack, certSerialId: null}, Type:RATIS, Factor:ONE, State:OPEN]
2019-09-26 10:07:04,720 [EventQueue-StaleNodeForStaleNodeHandler] INFO  pipeline.PipelineStateManager (PipelineStateManager.java:finalizePipeline(123)) - Pipeline Pipeline[ Id: 82ab33e9-6c54-4daf-aa48-f188a7b02470, Nodes: c3e403b7-5a1e-4aac-9b5a-0aedadd701b5{ip: 192.168.30.13, host: pr-hdds-1569-wvzgm-824869521, networkLocation: /default-rack, certSerialId: null}, Type:RATIS, Factor:ONE, State:CLOSED] moved to CLOSED state
2019-09-26 10:07:04,720 [EventQueue-StaleNodeForStaleNodeHandler] INFO  pipeline.SCMPipelineManager (SCMPipelineManager.java:finalizeAndDestroyPipeline(316)) - destroying pipeline:Pipeline[ Id: 888dabee-5437-4840-b9b7-07323c0e4172, Nodes: c3e403b7-5a1e-4aac-9b5a-0aedadd701b5{ip: 192.168.30.13, host: pr-hdds-1569-wvzgm-824869521, networkLocation: /default-rack, certSerialId: null}, Type:RATIS, Factor:ONE, State:OPEN]
2019-09-26 10:07:04,720 [EventQueue-StaleNodeForStaleNodeHandler] INFO  pipeline.PipelineStateManager (PipelineStateManager.java:finalizePipeline(123)) - Pipeline Pipeline[ Id: 888dabee-5437-4840-b9b7-07323c0e4172, Nodes: c3e403b7-5a1e-4aac-9b5a-0aedadd701b5{ip: 192.168.30.13, host: pr-hdds-1569-wvzgm-824869521, networkLocation: /default-rack, certSerialId: null}, Type:RATIS, Factor:ONE, State:CLOSED] moved to CLOSED state
2019-09-26 10:07:04,720 [EventQueue-StaleNodeForStaleNodeHandler] INFO  pipeline.SCMPipelineManager (SCMPipelineManager.java:finalizeAndDestroyPipeline(316)) - destroying pipeline:Pipeline[ Id: 34d298c7-a3c6-4ac1-baa2-18fb135a52ee, Nodes: c3e403b7-5a1e-4aac-9b5a-0aedadd701b5{ip: 192.168.30.13, host: pr-hdds-1569-wvzgm-824869521, networkLocation: /default-rack, certSerialId: null}, Type:RATIS, Factor:ONE, State:OPEN]
2019-09-26 10:07:04,721 [EventQueue-StaleNodeForStaleNodeHandler] INFO  pipeline.PipelineStateManager (PipelineStateManager.java:finalizePipeline(123)) - Pipeline Pipeline[ Id: 34d298c7-a3c6-4ac1-baa2-18fb135a52ee, Nodes: c3e403b7-5a1e-4aac-9b5a-0aedadd701b5{ip: 192.168.30.13, host: pr-hdds-1569-wvzgm-824869521, networkLocation: /default-rack, certSerialId: null}, Type:RATIS, Factor:ONE, State:CLOSED] moved to CLOSED state
2019-09-26 10:07:04,721 [EventQueue-StaleNodeForStaleNodeHandler] INFO  pipeline.SCMPipelineManager (SCMPipelineManager.java:finalizeAndDestroyPipeline(316)) - destroying pipeline:Pipeline[ Id: f30f0906-14ba-4472-89ab-cc175c5d86bf, Nodes: c3e403b7-5a1e-4aac-9b5a-0aedadd701b5{ip: 192.168.30.13, host: pr-hdds-1569-wvzgm-824869521, networkLocation: /default-rack, certSerialId: null}, Type:RATIS, Factor:ONE, State:OPEN]
2019-09-26 10:07:04,721 [EventQueue-StaleNodeForStaleNodeHandler] INFO  pipeline.PipelineStateManager (PipelineStateManager.java:finalizePipeline(123)) - Pipeline Pipeline[ Id: f30f0906-14ba-4472-89ab-cc175c5d86bf, Nodes: c3e403b7-5a1e-4aac-9b5a-0aedadd701b5{ip: 192.168.30.13, host: pr-hdds-1569-wvzgm-824869521, networkLocation: /default-rack, certSerialId: null}, Type:RATIS, Factor:ONE, State:CLOSED] moved to CLOSED state
2019-09-26 10:07:05,016 [ForkJoinPool.commonPool-worker-1] INFO  ozoneimpl.OzoneContainer (OzoneContainer.java:stop(231)) - Attempting to stop container services.
2019-09-26 10:07:05,022 [ForkJoinPool.commonPool-worker-1] INFO  impl.RaftServerProxy (RaftServerProxy.java:lambda$close$4(314)) - c3e403b7-5a1e-4aac-9b5a-0aedadd701b5: close
2019-09-26 10:07:05,023 [main] INFO  ozoneimpl.OzoneContainer (OzoneContainer.java:stop(231)) - Attempting to stop container services.
2019-09-26 10:07:05,023 [ForkJoinPool.commonPool-worker-1] INFO  impl.RaftServerImpl (RaftServerImpl.java:lambda$shutdown$3(251)) - c3e403b7-5a1e-4aac-9b5a-0aedadd701b5@group-7B1C962A7F05: shutdown
2019-09-26 10:07:05,023 [main] INFO  impl.RaftServerProxy (RaftServerProxy.java:lambda$close$4(314)) - 4c0de2d3-09dd-47d7-b7a1-4f63a4eb8acf: close
2019-09-26 10:07:05,024 [ForkJoinPool.commonPool-worker-1] INFO  util.JmxRegister (JmxRegister.java:unregister(73)) - Successfully un-registered JMX Bean with object name Ratis:service=RaftServer,group=group-7B1C962A7F05,id=c3e403b7-5a1e-4aac-9b5a-0aedadd701b5
2019-09-26 10:07:05,024 [main] INFO  impl.RaftServerImpl (RaftServerImpl.java:lambda$shutdown$3(251)) - 4c0de2d3-09dd-47d7-b7a1-4f63a4eb8acf@group-9601102D5746: shutdown
2019-09-26 10:07:05,024 [ForkJoinPool.commonPool-worker-1] INFO  impl.RoleInfo (RoleInfo.java:shutdownLeaderState(104)) - c3e403b7-5a1e-4aac-9b5a-0aedadd701b5: shutdown LeaderState
2019-09-26 10:07:05,025 [main] INFO  util.JmxRegister (JmxRegister.java:unregister(73)) - Successfully un-registered JMX Bean with object name Ratis:service=RaftServer,group=group-9601102D5746,id=4c0de2d3-09dd-47d7-b7a1-4f63a4eb8acf
2019-09-26 10:07:05,025 [ForkJoinPool.commonPool-worker-1] INFO  impl.PendingRequests (PendingRequests.java:sendNotLeaderResponses(202)) - c3e403b7-5a1e-4aac-9b5a-0aedadd701b5-PendingRequests: sendNotLeaderResponses
2019-09-26 10:07:05,026 [main] INFO  impl.RoleInfo (RoleInfo.java:shutdownLeaderState(104)) - 4c0de2d3-09dd-47d7-b7a1-4f63a4eb8acf: shutdown LeaderState
2019-09-26 10:07:05,026 [ForkJoinPool.commonPool-worker-1] INFO  impl.StateMachineUpdater (StateMachineUpdater.java:stopAndJoin(125)) - c3e403b7-5a1e-4aac-9b5a-0aedadd701b5@group-7B1C962A7F05-StateMachineUpdater: set stopIndex = 0
2019-09-26 10:07:05,026 [main] INFO  impl.PendingRequests (PendingRequests.java:sendNotLeaderResponses(202)) - 4c0de2d3-09dd-47d7-b7a1-4f63a4eb8acf-PendingRequests: sendNotLeaderResponses
2019-09-26 10:07:05,027 [ForkJoinPool.commonPool-worker-1] INFO  impl.RaftServerImpl (ServerState.java:close(385)) - c3e403b7-5a1e-4aac-9b5a-0aedadd701b5@group-7B1C962A7F05: closes. applyIndex: 0
2019-09-26 10:07:05,027 [main] INFO  impl.StateMachineUpdater (StateMachineUpdater.java:stopAndJoin(125)) - 4c0de2d3-09dd-47d7-b7a1-4f63a4eb8acf@group-9601102D5746-StateMachineUpdater: set stopIndex = 0
2019-09-26 10:07:05,028 [main] INFO  impl.RaftServerImpl (ServerState.java:close(385)) - 4c0de2d3-09dd-47d7-b7a1-4f63a4eb8acf@group-9601102D5746: closes. applyIndex: 0
2019-09-26 10:07:05,028 [c3e403b7-5a1e-4aac-9b5a-0aedadd701b5@group-7B1C962A7F05-SegmentedRaftLogWorker] INFO  segmented.SegmentedRaftLogWorker (SegmentedRaftLogWorker.java:run(313)) - c3e403b7-5a1e-4aac-9b5a-0aedadd701b5@group-7B1C962A7F05-SegmentedRaftLogWorker was interrupted, exiting. There are 0 tasks remaining in the queue.
2019-09-26 10:07:05,028 [4c0de2d3-09dd-47d7-b7a1-4f63a4eb8acf@group-9601102D5746-SegmentedRaftLogWorker] INFO  segmented.SegmentedRaftLogWorker (SegmentedRaftLogWorker.java:run(313)) - 4c0de2d3-09dd-47d7-b7a1-4f63a4eb8acf@group-9601102D5746-SegmentedRaftLogWorker was interrupted, exiting. There are 0 tasks remaining in the queue.
2019-09-26 10:07:05,029 [ForkJoinPool.commonPool-worker-1] INFO  segmented.SegmentedRaftLogWorker (SegmentedRaftLogWorker.java:close(228)) - c3e403b7-5a1e-4aac-9b5a-0aedadd701b5@group-7B1C962A7F05-SegmentedRaftLogWorker close()
2019-09-26 10:07:05,029 [main] INFO  segmented.SegmentedRaftLogWorker (SegmentedRaftLogWorker.java:close(228)) - 4c0de2d3-09dd-47d7-b7a1-4f63a4eb8acf@group-9601102D5746-SegmentedRaftLogWorker close()
2019-09-26 10:07:05,029 [ForkJoinPool.commonPool-worker-1] INFO  impl.RaftServerImpl (RaftServerImpl.java:lambda$shutdown$3(251)) - c3e403b7-5a1e-4aac-9b5a-0aedadd701b5@group-DC556B58D3F1: shutdown
2019-09-26 10:07:05,030 [main] INFO  impl.RaftServerImpl (RaftServerImpl.java:lambda$shutdown$3(251)) - 4c0de2d3-09dd-47d7-b7a1-4f63a4eb8acf@group-9CA1D242824F: shutdown
2019-09-26 10:07:05,030 [ForkJoinPool.commonPool-worker-1] INFO  util.JmxRegister (JmxRegister.java:unregister(73)) - Successfully un-registered JMX Bean with object name Ratis:service=RaftServer,group=group-DC556B58D3F1,id=c3e403b7-5a1e-4aac-9b5a-0aedadd701b5
2019-09-26 10:07:05,030 [main] INFO  util.JmxRegister (JmxRegister.java:unregister(73)) - Successfully un-registered JMX Bean with object name Ratis:service=RaftServer,group=group-9CA1D242824F,id=4c0de2d3-09dd-47d7-b7a1-4f63a4eb8acf
2019-09-26 10:07:05,031 [ForkJoinPool.commonPool-worker-1] INFO  impl.RoleInfo (RoleInfo.java:shutdownLeaderState(104)) - c3e403b7-5a1e-4aac-9b5a-0aedadd701b5: shutdown LeaderState
2019-09-26 10:07:05,031 [main] INFO  impl.RoleInfo (RoleInfo.java:shutdownLeaderState(104)) - 4c0de2d3-09dd-47d7-b7a1-4f63a4eb8acf: shutdown LeaderState
2019-09-26 10:07:05,031 [ForkJoinPool.commonPool-worker-1] INFO  impl.PendingRequests (PendingRequests.java:sendNotLeaderResponses(202)) - c3e403b7-5a1e-4aac-9b5a-0aedadd701b5-PendingRequests: sendNotLeaderResponses
2019-09-26 10:07:05,032 [main] INFO  impl.PendingRequests (PendingRequests.java:sendNotLeaderResponses(202)) - 4c0de2d3-09dd-47d7-b7a1-4f63a4eb8acf-PendingRequests: sendNotLeaderResponses
2019-09-26 10:07:05,032 [ForkJoinPool.commonPool-worker-1] INFO  impl.StateMachineUpdater (StateMachineUpdater.java:stopAndJoin(125)) - c3e403b7-5a1e-4aac-9b5a-0aedadd701b5@group-DC556B58D3F1-StateMachineUpdater: set stopIndex = 0
2019-09-26 10:07:05,033 [main] INFO  impl.StateMachineUpdater (StateMachineUpdater.java:stopAndJoin(125)) - 4c0de2d3-09dd-47d7-b7a1-4f63a4eb8acf@group-9CA1D242824F-StateMachineUpdater: set stopIndex = 0
2019-09-26 10:07:05,033 [ForkJoinPool.commonPool-worker-1] INFO  impl.RaftServerImpl (ServerState.java:close(385)) - c3e403b7-5a1e-4aac-9b5a-0aedadd701b5@group-DC556B58D3F1: closes. applyIndex: 0
2019-09-26 10:07:05,033 [main] INFO  impl.RaftServerImpl (ServerState.java:close(385)) - 4c0de2d3-09dd-47d7-b7a1-4f63a4eb8acf@group-9CA1D242824F: closes. applyIndex: 0
2019-09-26 10:07:05,034 [c3e403b7-5a1e-4aac-9b5a-0aedadd701b5@group-DC556B58D3F1-SegmentedRaftLogWorker] INFO  segmented.SegmentedRaftLogWorker (SegmentedRaftLogWorker.java:run(313)) - c3e403b7-5a1e-4aac-9b5a-0aedadd701b5@group-DC556B58D3F1-SegmentedRaftLogWorker was interrupted, exiting. There are 0 tasks remaining in the queue.
2019-09-26 10:07:05,034 [4c0de2d3-09dd-47d7-b7a1-4f63a4eb8acf@group-9CA1D242824F-SegmentedRaftLogWorker] INFO  segmented.SegmentedRaftLogWorker (SegmentedRaftLogWorker.java:run(313)) - 4c0de2d3-09dd-47d7-b7a1-4f63a4eb8acf@group-9CA1D242824F-SegmentedRaftLogWorker was interrupted, exiting. There are 0 tasks remaining in the queue.
2019-09-26 10:07:05,034 [ForkJoinPool.commonPool-worker-1] INFO  segmented.SegmentedRaftLogWorker (SegmentedRaftLogWorker.java:close(228)) - c3e403b7-5a1e-4aac-9b5a-0aedadd701b5@group-DC556B58D3F1-SegmentedRaftLogWorker close()
2019-09-26 10:07:05,035 [main] INFO  segmented.SegmentedRaftLogWorker (SegmentedRaftLogWorker.java:close(228)) - 4c0de2d3-09dd-47d7-b7a1-4f63a4eb8acf@group-9CA1D242824F-SegmentedRaftLogWorker close()
2019-09-26 10:07:05,035 [ForkJoinPool.commonPool-worker-1] INFO  impl.RaftServerImpl (RaftServerImpl.java:lambda$shutdown$3(251)) - c3e403b7-5a1e-4aac-9b5a-0aedadd701b5@group-F188A7B02470: shutdown
2019-09-26 10:07:05,035 [main] INFO  impl.RaftServerImpl (RaftServerImpl.java:lambda$shutdown$3(251)) - 4c0de2d3-09dd-47d7-b7a1-4f63a4eb8acf@group-FCA0847B1241: shutdown
2019-09-26 10:07:05,035 [ForkJoinPool.commonPool-worker-1] INFO  util.JmxRegister (JmxRegister.java:unregister(73)) - Successfully un-registered JMX Bean with object name Ratis:service=RaftServer,group=group-F188A7B02470,id=c3e403b7-5a1e-4aac-9b5a-0aedadd701b5
2019-09-26 10:07:05,036 [main] INFO  util.JmxRegister (JmxRegister.java:unregister(73)) - Successfully un-registered JMX Bean with object name Ratis:service=RaftServer,group=group-FCA0847B1241,id=4c0de2d3-09dd-47d7-b7a1-4f63a4eb8acf
2019-09-26 10:07:05,036 [ForkJoinPool.commonPool-worker-1] INFO  impl.RoleInfo (RoleInfo.java:shutdownLeaderState(104)) - c3e403b7-5a1e-4aac-9b5a-0aedadd701b5: shutdown LeaderState
2019-09-26 10:07:05,037 [main] INFO  impl.RoleInfo (RoleInfo.java:shutdownLeaderState(104)) - 4c0de2d3-09dd-47d7-b7a1-4f63a4eb8acf: shutdown LeaderState
2019-09-26 10:07:05,037 [ForkJoinPool.commonPool-worker-1] INFO  impl.PendingRequests (PendingRequests.java:sendNotLeaderResponses(202)) - c3e403b7-5a1e-4aac-9b5a-0aedadd701b5-PendingRequests: sendNotLeaderResponses
2019-09-26 10:07:05,037 [main] INFO  impl.PendingRequests (PendingRequests.java:sendNotLeaderResponses(202)) - 4c0de2d3-09dd-47d7-b7a1-4f63a4eb8acf-PendingRequests: sendNotLeaderResponses
2019-09-26 10:07:05,038 [ForkJoinPool.commonPool-worker-1] INFO  impl.StateMachineUpdater (StateMachineUpdater.java:stopAndJoin(125)) - c3e403b7-5a1e-4aac-9b5a-0aedadd701b5@group-F188A7B02470-StateMachineUpdater: set stopIndex = 0
2019-09-26 10:07:05,038 [main] INFO  impl.StateMachineUpdater (StateMachineUpdater.java:stopAndJoin(125)) - 4c0de2d3-09dd-47d7-b7a1-4f63a4eb8acf@group-FCA0847B1241-StateMachineUpdater: set stopIndex = 0
2019-09-26 10:07:05,038 [ForkJoinPool.commonPool-worker-1] INFO  impl.RaftServerImpl (ServerState.java:close(385)) - c3e403b7-5a1e-4aac-9b5a-0aedadd701b5@group-F188A7B02470: closes. applyIndex: 0
2019-09-26 10:07:05,044 [main] INFO  impl.RaftServerImpl (ServerState.java:close(385)) - 4c0de2d3-09dd-47d7-b7a1-4f63a4eb8acf@group-FCA0847B1241: closes. applyIndex: 0
2019-09-26 10:07:05,044 [c3e403b7-5a1e-4aac-9b5a-0aedadd701b5@group-F188A7B02470-SegmentedRaftLogWorker] INFO  segmented.SegmentedRaftLogWorker (SegmentedRaftLogWorker.java:run(313)) - c3e403b7-5a1e-4aac-9b5a-0aedadd701b5@group-F188A7B02470-SegmentedRaftLogWorker was interrupted, exiting. There are 0 tasks remaining in the queue.
2019-09-26 10:07:05,044 [4c0de2d3-09dd-47d7-b7a1-4f63a4eb8acf@group-FCA0847B1241-SegmentedRaftLogWorker] INFO  segmented.SegmentedRaftLogWorker (SegmentedRaftLogWorker.java:run(313)) - 4c0de2d3-09dd-47d7-b7a1-4f63a4eb8acf@group-FCA0847B1241-SegmentedRaftLogWorker was interrupted, exiting. There are 0 tasks remaining in the queue.
2019-09-26 10:07:05,045 [ForkJoinPool.commonPool-worker-1] INFO  segmented.SegmentedRaftLogWorker (SegmentedRaftLogWorker.java:close(228)) - c3e403b7-5a1e-4aac-9b5a-0aedadd701b5@group-F188A7B02470-SegmentedRaftLogWorker close()
2019-09-26 10:07:05,045 [main] INFO  segmented.SegmentedRaftLogWorker (SegmentedRaftLogWorker.java:close(228)) - 4c0de2d3-09dd-47d7-b7a1-4f63a4eb8acf@group-FCA0847B1241-SegmentedRaftLogWorker close()
2019-09-26 10:07:05,045 [ForkJoinPool.commonPool-worker-1] INFO  impl.RaftServerImpl (RaftServerImpl.java:lambda$shutdown$3(251)) - c3e403b7-5a1e-4aac-9b5a-0aedadd701b5@group-07323C0E4172: shutdown
2019-09-26 10:07:05,046 [main] INFO  impl.RaftServerImpl (RaftServerImpl.java:lambda$shutdown$3(251)) - 4c0de2d3-09dd-47d7-b7a1-4f63a4eb8acf@group-AFFCF8A8623E: shutdown
2019-09-26 10:07:05,046 [ForkJoinPool.commonPool-worker-1] INFO  util.JmxRegister (JmxRegister.java:unregister(73)) - Successfully un-registered JMX Bean with object name Ratis:service=RaftServer,group=group-07323C0E4172,id=c3e403b7-5a1e-4aac-9b5a-0aedadd701b5
2019-09-26 10:07:05,046 [main] INFO  util.JmxRegister (JmxRegister.java:unregister(73)) - Successfully un-registered JMX Bean with object name Ratis:service=RaftServer,group=group-AFFCF8A8623E,id=4c0de2d3-09dd-47d7-b7a1-4f63a4eb8acf
2019-09-26 10:07:05,046 [ForkJoinPool.commonPool-worker-1] INFO  impl.RoleInfo (RoleInfo.java:shutdownLeaderState(104)) - c3e403b7-5a1e-4aac-9b5a-0aedadd701b5: shutdown LeaderState
2019-09-26 10:07:05,047 [main] INFO  impl.RoleInfo (RoleInfo.java:shutdownLeaderState(104)) - 4c0de2d3-09dd-47d7-b7a1-4f63a4eb8acf: shutdown LeaderState
2019-09-26 10:07:05,047 [ForkJoinPool.commonPool-worker-1] INFO  impl.PendingRequests (PendingRequests.java:sendNotLeaderResponses(202)) - c3e403b7-5a1e-4aac-9b5a-0aedadd701b5-PendingRequests: sendNotLeaderResponses
2019-09-26 10:07:05,048 [main] INFO  impl.PendingRequests (PendingRequests.java:sendNotLeaderResponses(202)) - 4c0de2d3-09dd-47d7-b7a1-4f63a4eb8acf-PendingRequests: sendNotLeaderResponses
2019-09-26 10:07:05,048 [ForkJoinPool.commonPool-worker-1] INFO  impl.StateMachineUpdater (StateMachineUpdater.java:stopAndJoin(125)) - c3e403b7-5a1e-4aac-9b5a-0aedadd701b5@group-07323C0E4172-StateMachineUpdater: set stopIndex = 0
2019-09-26 10:07:05,048 [main] INFO  impl.StateMachineUpdater (StateMachineUpdater.java:stopAndJoin(125)) - 4c0de2d3-09dd-47d7-b7a1-4f63a4eb8acf@group-AFFCF8A8623E-StateMachineUpdater: set stopIndex = 0
2019-09-26 10:07:05,048 [ForkJoinPool.commonPool-worker-1] INFO  impl.RaftServerImpl (ServerState.java:close(385)) - c3e403b7-5a1e-4aac-9b5a-0aedadd701b5@group-07323C0E4172: closes. applyIndex: 0
2019-09-26 10:07:05,049 [main] INFO  impl.RaftServerImpl (ServerState.java:close(385)) - 4c0de2d3-09dd-47d7-b7a1-4f63a4eb8acf@group-AFFCF8A8623E: closes. applyIndex: 0
2019-09-26 10:07:05,049 [c3e403b7-5a1e-4aac-9b5a-0aedadd701b5@group-07323C0E4172-SegmentedRaftLogWorker] INFO  segmented.SegmentedRaftLogWorker (SegmentedRaftLogWorker.java:run(313)) - c3e403b7-5a1e-4aac-9b5a-0aedadd701b5@group-07323C0E4172-SegmentedRaftLogWorker was interrupted, exiting. There are 0 tasks remaining in the queue.
2019-09-26 10:07:05,050 [4c0de2d3-09dd-47d7-b7a1-4f63a4eb8acf@group-AFFCF8A8623E-SegmentedRaftLogWorker] INFO  segmented.SegmentedRaftLogWorker (SegmentedRaftLogWorker.java:run(313)) - 4c0de2d3-09dd-47d7-b7a1-4f63a4eb8acf@group-AFFCF8A8623E-SegmentedRaftLogWorker was interrupted, exiting. There are 0 tasks remaining in the queue.
2019-09-26 10:07:05,050 [ForkJoinPool.commonPool-worker-1] INFO  segmented.SegmentedRaftLogWorker (SegmentedRaftLogWorker.java:close(228)) - c3e403b7-5a1e-4aac-9b5a-0aedadd701b5@group-07323C0E4172-SegmentedRaftLogWorker close()
2019-09-26 10:07:05,050 [main] INFO  segmented.SegmentedRaftLogWorker (SegmentedRaftLogWorker.java:close(228)) - 4c0de2d3-09dd-47d7-b7a1-4f63a4eb8acf@group-AFFCF8A8623E-SegmentedRaftLogWorker close()
2019-09-26 10:07:05,050 [ForkJoinPool.commonPool-worker-1] INFO  impl.RaftServerImpl (RaftServerImpl.java:lambda$shutdown$3(251)) - c3e403b7-5a1e-4aac-9b5a-0aedadd701b5@group-18FB135A52EE: shutdown
2019-09-26 10:07:05,051 [main] INFO  impl.RaftServerImpl (RaftServerImpl.java:lambda$shutdown$3(251)) - 4c0de2d3-09dd-47d7-b7a1-4f63a4eb8acf@group-D86C3C9722A3: shutdown
2019-09-26 10:07:05,051 [ForkJoinPool.commonPool-worker-1] INFO  util.JmxRegister (JmxRegister.java:unregister(73)) - Successfully un-registered JMX Bean with object name Ratis:service=RaftServer,group=group-18FB135A52EE,id=c3e403b7-5a1e-4aac-9b5a-0aedadd701b5
2019-09-26 10:07:05,051 [main] INFO  util.JmxRegister (JmxRegister.java:unregister(73)) - Successfully un-registered JMX Bean with object name Ratis:service=RaftServer,group=group-D86C3C9722A3,id=4c0de2d3-09dd-47d7-b7a1-4f63a4eb8acf
2019-09-26 10:07:05,052 [ForkJoinPool.commonPool-worker-1] INFO  impl.RoleInfo (RoleInfo.java:shutdownLeaderState(104)) - c3e403b7-5a1e-4aac-9b5a-0aedadd701b5: shutdown LeaderState
2019-09-26 10:07:05,052 [main] INFO  impl.RoleInfo (RoleInfo.java:shutdownLeaderState(104)) - 4c0de2d3-09dd-47d7-b7a1-4f63a4eb8acf: shutdown LeaderState
2019-09-26 10:07:05,052 [ForkJoinPool.commonPool-worker-1] INFO  impl.PendingRequests (PendingRequests.java:sendNotLeaderResponses(202)) - c3e403b7-5a1e-4aac-9b5a-0aedadd701b5-PendingRequests: sendNotLeaderResponses
2019-09-26 10:07:05,053 [main] INFO  impl.PendingRequests (PendingRequests.java:sendNotLeaderResponses(202)) - 4c0de2d3-09dd-47d7-b7a1-4f63a4eb8acf-PendingRequests: sendNotLeaderResponses
2019-09-26 10:07:05,053 [ForkJoinPool.commonPool-worker-1] INFO  impl.StateMachineUpdater (StateMachineUpdater.java:stopAndJoin(125)) - c3e403b7-5a1e-4aac-9b5a-0aedadd701b5@group-18FB135A52EE-StateMachineUpdater: set stopIndex = 0
2019-09-26 10:07:05,053 [main] INFO  impl.StateMachineUpdater (StateMachineUpdater.java:stopAndJoin(125)) - 4c0de2d3-09dd-47d7-b7a1-4f63a4eb8acf@group-D86C3C9722A3-StateMachineUpdater: set stopIndex = 0
2019-09-26 10:07:05,053 [ForkJoinPool.commonPool-worker-1] INFO  impl.RaftServerImpl (ServerState.java:close(385)) - c3e403b7-5a1e-4aac-9b5a-0aedadd701b5@group-18FB135A52EE: closes. applyIndex: 0
2019-09-26 10:07:05,054 [main] INFO  impl.RaftServerImpl (ServerState.java:close(385)) - 4c0de2d3-09dd-47d7-b7a1-4f63a4eb8acf@group-D86C3C9722A3: closes. applyIndex: 0
2019-09-26 10:07:05,054 [c3e403b7-5a1e-4aac-9b5a-0aedadd701b5@group-18FB135A52EE-SegmentedRaftLogWorker] INFO  segmented.SegmentedRaftLogWorker (SegmentedRaftLogWorker.java:run(313)) - c3e403b7-5a1e-4aac-9b5a-0aedadd701b5@group-18FB135A52EE-SegmentedRaftLogWorker was interrupted, exiting. There are 0 tasks remaining in the queue.
2019-09-26 10:07:05,055 [4c0de2d3-09dd-47d7-b7a1-4f63a4eb8acf@group-D86C3C9722A3-SegmentedRaftLogWorker] INFO  segmented.SegmentedRaftLogWorker (SegmentedRaftLogWorker.java:run(313)) - 4c0de2d3-09dd-47d7-b7a1-4f63a4eb8acf@group-D86C3C9722A3-SegmentedRaftLogWorker was interrupted, exiting. There are 0 tasks remaining in the queue.
2019-09-26 10:07:05,055 [ForkJoinPool.commonPool-worker-1] INFO  segmented.SegmentedRaftLogWorker (SegmentedRaftLogWorker.java:close(228)) - c3e403b7-5a1e-4aac-9b5a-0aedadd701b5@group-18FB135A52EE-SegmentedRaftLogWorker close()
2019-09-26 10:07:05,055 [main] INFO  segmented.SegmentedRaftLogWorker (SegmentedRaftLogWorker.java:close(228)) - 4c0de2d3-09dd-47d7-b7a1-4f63a4eb8acf@group-D86C3C9722A3-SegmentedRaftLogWorker close()
2019-09-26 10:07:05,055 [ForkJoinPool.commonPool-worker-1] INFO  impl.RaftServerImpl (RaftServerImpl.java:lambda$shutdown$3(251)) - c3e403b7-5a1e-4aac-9b5a-0aedadd701b5@group-CC175C5D86BF: shutdown
2019-09-26 10:07:05,056 [main] INFO  impl.RaftServerImpl (RaftServerImpl.java:lambda$shutdown$3(251)) - 4c0de2d3-09dd-47d7-b7a1-4f63a4eb8acf@group-21F0F974A56F: shutdown
2019-09-26 10:07:05,056 [ForkJoinPool.commonPool-worker-1] INFO  util.JmxRegister (JmxRegister.java:unregister(73)) - Successfully un-registered JMX Bean with object name Ratis:service=RaftServer,group=group-CC175C5D86BF,id=c3e403b7-5a1e-4aac-9b5a-0aedadd701b5
2019-09-26 10:07:05,056 [main] INFO  util.JmxRegister (JmxRegister.java:unregister(73)) - Successfully un-registered JMX Bean with object name Ratis:service=RaftServer,group=group-21F0F974A56F,id=4c0de2d3-09dd-47d7-b7a1-4f63a4eb8acf
2019-09-26 10:07:05,056 [ForkJoinPool.commonPool-worker-1] INFO  impl.RoleInfo (RoleInfo.java:shutdownLeaderState(104)) - c3e403b7-5a1e-4aac-9b5a-0aedadd701b5: shutdown LeaderState
2019-09-26 10:07:05,057 [main] INFO  impl.RoleInfo (RoleInfo.java:shutdownLeaderState(104)) - 4c0de2d3-09dd-47d7-b7a1-4f63a4eb8acf: shutdown LeaderState
2019-09-26 10:07:05,057 [ForkJoinPool.commonPool-worker-1] INFO  impl.PendingRequests (PendingRequests.java:sendNotLeaderResponses(202)) - c3e403b7-5a1e-4aac-9b5a-0aedadd701b5-PendingRequests: sendNotLeaderResponses
2019-09-26 10:07:05,057 [main] INFO  impl.PendingRequests (PendingRequests.java:sendNotLeaderResponses(202)) - 4c0de2d3-09dd-47d7-b7a1-4f63a4eb8acf-PendingRequests: sendNotLeaderResponses
2019-09-26 10:07:05,058 [ForkJoinPool.commonPool-worker-1] INFO  impl.StateMachineUpdater (StateMachineUpdater.java:stopAndJoin(125)) - c3e403b7-5a1e-4aac-9b5a-0aedadd701b5@group-CC175C5D86BF-StateMachineUpdater: set stopIndex = 0
2019-09-26 10:07:05,058 [main] INFO  impl.StateMachineUpdater (StateMachineUpdater.java:stopAndJoin(125)) - 4c0de2d3-09dd-47d7-b7a1-4f63a4eb8acf@group-21F0F974A56F-StateMachineUpdater: set stopIndex = 0
2019-09-26 10:07:05,059 [main] INFO  impl.RaftServerImpl (ServerState.java:close(385)) - 4c0de2d3-09dd-47d7-b7a1-4f63a4eb8acf@group-21F0F974A56F: closes. applyIndex: 0
2019-09-26 10:07:05,058 [ForkJoinPool.commonPool-worker-1] INFO  impl.RaftServerImpl (ServerState.java:close(385)) - c3e403b7-5a1e-4aac-9b5a-0aedadd701b5@group-CC175C5D86BF: closes. applyIndex: 0
2019-09-26 10:07:05,059 [4c0de2d3-09dd-47d7-b7a1-4f63a4eb8acf@group-21F0F974A56F-SegmentedRaftLogWorker] INFO  segmented.SegmentedRaftLogWorker (SegmentedRaftLogWorker.java:run(313)) - 4c0de2d3-09dd-47d7-b7a1-4f63a4eb8acf@group-21F0F974A56F-SegmentedRaftLogWorker was interrupted, exiting. There are 0 tasks remaining in the queue.
2019-09-26 10:07:05,059 [c3e403b7-5a1e-4aac-9b5a-0aedadd701b5@group-CC175C5D86BF-SegmentedRaftLogWorker] INFO  segmented.SegmentedRaftLogWorker (SegmentedRaftLogWorker.java:run(313)) - c3e403b7-5a1e-4aac-9b5a-0aedadd701b5@group-CC175C5D86BF-SegmentedRaftLogWorker was interrupted, exiting. There are 0 tasks remaining in the queue.
2019-09-26 10:07:05,060 [main] INFO  segmented.SegmentedRaftLogWorker (SegmentedRaftLogWorker.java:close(228)) - 4c0de2d3-09dd-47d7-b7a1-4f63a4eb8acf@group-21F0F974A56F-SegmentedRaftLogWorker close()
2019-09-26 10:07:05,060 [ForkJoinPool.commonPool-worker-1] INFO  segmented.SegmentedRaftLogWorker (SegmentedRaftLogWorker.java:close(228)) - c3e403b7-5a1e-4aac-9b5a-0aedadd701b5@group-CC175C5D86BF-SegmentedRaftLogWorker close()
2019-09-26 10:07:05,060 [main] INFO  server.GrpcService (GrpcService.java:closeImpl(164)) - 4c0de2d3-09dd-47d7-b7a1-4f63a4eb8acf: shutdown server with port 40522 now
2019-09-26 10:07:05,060 [ForkJoinPool.commonPool-worker-1] INFO  server.GrpcService (GrpcService.java:closeImpl(164)) - c3e403b7-5a1e-4aac-9b5a-0aedadd701b5: shutdown server with port 38271 now
2019-09-26 10:07:05,066 [main] INFO  server.GrpcService (GrpcService.java:closeImpl(172)) - 4c0de2d3-09dd-47d7-b7a1-4f63a4eb8acf: shutdown server with port 40522 successfully
2019-09-26 10:07:05,070 [ForkJoinPool.commonPool-worker-1] INFO  server.GrpcService (GrpcService.java:closeImpl(172)) - c3e403b7-5a1e-4aac-9b5a-0aedadd701b5: shutdown server with port 38271 successfully
2019-09-26 10:07:05,073 [refreshUsed-/workdir/hadoop-ozone/integration-test/target/test-dir/MiniOzoneClusterImpl-3237421e-5f73-41b0-8605-c54d21f4eaa5/datanode-3/data/containers] WARN  fs.CachingGetSpaceUsed (CachingGetSpaceUsed.java:run(183)) - Thread Interrupted waiting to refresh disk information: sleep interrupted
2019-09-26 10:07:05,075 [refreshUsed-/workdir/hadoop-ozone/integration-test/target/test-dir/MiniOzoneClusterImpl-3237421e-5f73-41b0-8605-c54d21f4eaa5/datanode-2/data/containers] WARN  fs.CachingGetSpaceUsed (CachingGetSpaceUsed.java:run(183)) - Thread Interrupted waiting to refresh disk information: sleep interrupted
2019-09-26 10:07:05,091 [ForkJoinPool.commonPool-worker-1] INFO  utils.BackgroundService (BackgroundService.java:shutdown(148)) - Shutting down service BlockDeletingService
2019-09-26 10:07:05,102 [ForkJoinPool.commonPool-worker-1] INFO  statemachine.DatanodeStateMachine (DatanodeStateMachine.java:stopDaemon(395)) - Ozone container server stopped.
2019-09-26 10:07:05,111 [ForkJoinPool.commonPool-worker-1] INFO  handler.ContextHandler (ContextHandler.java:doStop(910)) - Stopped o.e.j.w.WebAppContext@1d4cc7{/,null,UNAVAILABLE}{/hddsDatanode}
2019-09-26 10:07:05,112 [ForkJoinPool.commonPool-worker-1] INFO  server.AbstractConnector (AbstractConnector.java:doStop(318)) - Stopped ServerConnector@7d28cdcd{HTTP/1.1,[http/1.1]}{0.0.0.0:0}
2019-09-26 10:07:05,129 [ForkJoinPool.commonPool-worker-1] INFO  handler.ContextHandler (ContextHandler.java:doStop(910)) - Stopped o.e.j.s.ServletContextHandler@4a2e1e52{/static,jar:file:/home/user/.m2/repository/org/apache/hadoop/hadoop-hdds-container-service/0.5.0-SNAPSHOT/hadoop-hdds-container-service-0.5.0-SNAPSHOT.jar!/webapps/static,UNAVAILABLE}
2019-09-26 10:07:05,129 [ForkJoinPool.commonPool-worker-1] INFO  handler.ContextHandler (ContextHandler.java:doStop(910)) - Stopped o.e.j.s.ServletContextHandler@5238896f{/logs,file:///workdir/hadoop-ozone/integration-test/target/log,UNAVAILABLE}
2019-09-26 10:07:05,131 [main] INFO  utils.BackgroundService (BackgroundService.java:shutdown(148)) - Shutting down service BlockDeletingService
2019-09-26 10:07:05,139 [main] INFO  statemachine.DatanodeStateMachine (DatanodeStateMachine.java:stopDaemon(395)) - Ozone container server stopped.
2019-09-26 10:07:05,140 [main] INFO  handler.ContextHandler (ContextHandler.java:doStop(910)) - Stopped o.e.j.w.WebAppContext@d84418a{/,null,UNAVAILABLE}{/hddsDatanode}
2019-09-26 10:07:05,141 [main] INFO  server.AbstractConnector (AbstractConnector.java:doStop(318)) - Stopped ServerConnector@45e11627{HTTP/1.1,[http/1.1]}{0.0.0.0:0}
2019-09-26 10:07:05,142 [main] INFO  handler.ContextHandler (ContextHandler.java:doStop(910)) - Stopped o.e.j.s.ServletContextHandler@379f9555{/static,jar:file:/home/user/.m2/repository/org/apache/hadoop/hadoop-hdds-container-service/0.5.0-SNAPSHOT/hadoop-hdds-container-service-0.5.0-SNAPSHOT.jar!/webapps/static,UNAVAILABLE}
2019-09-26 10:07:05,142 [main] INFO  handler.ContextHandler (ContextHandler.java:doStop(910)) - Stopped o.e.j.s.ServletContextHandler@4b691611{/logs,file:///workdir/hadoop-ozone/integration-test/target/log,UNAVAILABLE}
2019-09-26 10:07:05,396 [Datanode State Machine Thread - 0] INFO  statemachine.DatanodeStateMachine (DatanodeStateMachine.java:lambda$startDaemon$0(350)) - Ozone container server started.
2019-09-26 10:07:05,409 [Datanode State Machine Thread - 0] INFO  statemachine.DatanodeStateMachine (DatanodeStateMachine.java:lambda$startDaemon$0(350)) - Ozone container server started.
2019-09-26 10:07:09,435 [EventQueue-StaleNodeForStaleNodeHandler] INFO  node.StaleNodeHandler (StaleNodeHandler.java:onMessage(58)) - Datanode 84f656f9-4033-4770-bbd1-3f79d04a65ff{ip: 192.168.30.13, host: pr-hdds-1569-wvzgm-824869521, networkLocation: /default-rack, certSerialId: null} moved to stale state. Finalizing its pipelines [PipelineID=a40a0920-d121-425d-99df-0ec594d92665, PipelineID=0c225628-8c9b-4f46-b317-9bb82e59bfd0, PipelineID=32ee0b9c-687c-4a82-9eaf-dff9bbd7e03e, PipelineID=e2e97510-ba16-4b93-b468-00d8d57c107a, PipelineID=39e1dd74-5950-4738-97b8-fc993c0d653c, PipelineID=70733bfd-e7d4-4adc-a782-9b4ef2817fb4]
2019-09-26 10:07:09,435 [EventQueue-StaleNodeForStaleNodeHandler] INFO  pipeline.SCMPipelineManager (SCMPipelineManager.java:finalizeAndDestroyPipeline(316)) - destroying pipeline:Pipeline[ Id: a40a0920-d121-425d-99df-0ec594d92665, Nodes: 84f656f9-4033-4770-bbd1-3f79d04a65ff{ip: 192.168.30.13, host: pr-hdds-1569-wvzgm-824869521, networkLocation: /default-rack, certSerialId: null}, Type:RATIS, Factor:ONE, State:OPEN]
2019-09-26 10:07:09,435 [EventQueue-StaleNodeForStaleNodeHandler] INFO  pipeline.PipelineStateManager (PipelineStateManager.java:finalizePipeline(123)) - Pipeline Pipeline[ Id: a40a0920-d121-425d-99df-0ec594d92665, Nodes: 84f656f9-4033-4770-bbd1-3f79d04a65ff{ip: 192.168.30.13, host: pr-hdds-1569-wvzgm-824869521, networkLocation: /default-rack, certSerialId: null}, Type:RATIS, Factor:ONE, State:CLOSED] moved to CLOSED state
2019-09-26 10:07:09,436 [EventQueue-StaleNodeForStaleNodeHandler] INFO  pipeline.SCMPipelineManager (SCMPipelineManager.java:finalizeAndDestroyPipeline(316)) - destroying pipeline:Pipeline[ Id: 0c225628-8c9b-4f46-b317-9bb82e59bfd0, Nodes: 84f656f9-4033-4770-bbd1-3f79d04a65ff{ip: 192.168.30.13, host: pr-hdds-1569-wvzgm-824869521, networkLocation: /default-rack, certSerialId: null}, Type:RATIS, Factor:ONE, State:OPEN]
2019-09-26 10:07:09,436 [EventQueue-StaleNodeForStaleNodeHandler] INFO  pipeline.PipelineStateManager (PipelineStateManager.java:finalizePipeline(123)) - Pipeline Pipeline[ Id: 0c225628-8c9b-4f46-b317-9bb82e59bfd0, Nodes: 84f656f9-4033-4770-bbd1-3f79d04a65ff{ip: 192.168.30.13, host: pr-hdds-1569-wvzgm-824869521, networkLocation: /default-rack, certSerialId: null}, Type:RATIS, Factor:ONE, State:CLOSED] moved to CLOSED state
2019-09-26 10:07:09,436 [EventQueue-StaleNodeForStaleNodeHandler] INFO  pipeline.SCMPipelineManager (SCMPipelineManager.java:finalizeAndDestroyPipeline(316)) - destroying pipeline:Pipeline[ Id: 32ee0b9c-687c-4a82-9eaf-dff9bbd7e03e, Nodes: 84f656f9-4033-4770-bbd1-3f79d04a65ff{ip: 192.168.30.13, host: pr-hdds-1569-wvzgm-824869521, networkLocation: /default-rack, certSerialId: null}, Type:RATIS, Factor:ONE, State:OPEN]
2019-09-26 10:07:09,436 [EventQueue-StaleNodeForStaleNodeHandler] INFO  pipeline.PipelineStateManager (PipelineStateManager.java:finalizePipeline(123)) - Pipeline Pipeline[ Id: 32ee0b9c-687c-4a82-9eaf-dff9bbd7e03e, Nodes: 84f656f9-4033-4770-bbd1-3f79d04a65ff{ip: 192.168.30.13, host: pr-hdds-1569-wvzgm-824869521, networkLocation: /default-rack, certSerialId: null}, Type:RATIS, Factor:ONE, State:CLOSED] moved to CLOSED state
2019-09-26 10:07:09,436 [EventQueue-StaleNodeForStaleNodeHandler] INFO  pipeline.SCMPipelineManager (SCMPipelineManager.java:finalizeAndDestroyPipeline(316)) - destroying pipeline:Pipeline[ Id: e2e97510-ba16-4b93-b468-00d8d57c107a, Nodes: 84f656f9-4033-4770-bbd1-3f79d04a65ff{ip: 192.168.30.13, host: pr-hdds-1569-wvzgm-824869521, networkLocation: /default-rack, certSerialId: null}, Type:RATIS, Factor:ONE, State:OPEN]
2019-09-26 10:07:09,436 [EventQueue-StaleNodeForStaleNodeHandler] INFO  pipeline.PipelineStateManager (PipelineStateManager.java:finalizePipeline(123)) - Pipeline Pipeline[ Id: e2e97510-ba16-4b93-b468-00d8d57c107a, Nodes: 84f656f9-4033-4770-bbd1-3f79d04a65ff{ip: 192.168.30.13, host: pr-hdds-1569-wvzgm-824869521, networkLocation: /default-rack, certSerialId: null}, Type:RATIS, Factor:ONE, State:CLOSED] moved to CLOSED state
2019-09-26 10:07:09,437 [EventQueue-StaleNodeForStaleNodeHandler] INFO  pipeline.SCMPipelineManager (SCMPipelineManager.java:finalizeAndDestroyPipeline(316)) - destroying pipeline:Pipeline[ Id: 39e1dd74-5950-4738-97b8-fc993c0d653c, Nodes: 84f656f9-4033-4770-bbd1-3f79d04a65ff{ip: 192.168.30.13, host: pr-hdds-1569-wvzgm-824869521, networkLocation: /default-rack, certSerialId: null}, Type:RATIS, Factor:ONE, State:OPEN]
2019-09-26 10:07:09,437 [EventQueue-StaleNodeForStaleNodeHandler] INFO  pipeline.PipelineStateManager (PipelineStateManager.java:finalizePipeline(123)) - Pipeline Pipeline[ Id: 39e1dd74-5950-4738-97b8-fc993c0d653c, Nodes: 84f656f9-4033-4770-bbd1-3f79d04a65ff{ip: 192.168.30.13, host: pr-hdds-1569-wvzgm-824869521, networkLocation: /default-rack, certSerialId: null}, Type:RATIS, Factor:ONE, State:CLOSED] moved to CLOSED state
2019-09-26 10:07:09,437 [EventQueue-StaleNodeForStaleNodeHandler] INFO  pipeline.SCMPipelineManager (SCMPipelineManager.java:finalizeAndDestroyPipeline(316)) - destroying pipeline:Pipeline[ Id: 70733bfd-e7d4-4adc-a782-9b4ef2817fb4, Nodes: 84f656f9-4033-4770-bbd1-3f79d04a65ff{ip: 192.168.30.13, host: pr-hdds-1569-wvzgm-824869521, networkLocation: /default-rack, certSerialId: null}, Type:RATIS, Factor:ONE, State:OPEN]
2019-09-26 10:07:09,437 [EventQueue-StaleNodeForStaleNodeHandler] INFO  pipeline.PipelineStateManager (PipelineStateManager.java:finalizePipeline(123)) - Pipeline Pipeline[ Id: 70733bfd-e7d4-4adc-a782-9b4ef2817fb4, Nodes: 84f656f9-4033-4770-bbd1-3f79d04a65ff{ip: 192.168.30.13, host: pr-hdds-1569-wvzgm-824869521, networkLocation: /default-rack, certSerialId: null}, Type:RATIS, Factor:ONE, State:CLOSED] moved to CLOSED state
2019-09-26 10:07:09,437 [EventQueue-StaleNodeForStaleNodeHandler] INFO  node.StaleNodeHandler (StaleNodeHandler.java:onMessage(58)) - Datanode 4f799f37-ab1c-4be0-adf3-be30f86725ba{ip: 192.168.30.13, host: pr-hdds-1569-wvzgm-824869521, networkLocation: /default-rack, certSerialId: null} moved to stale state. Finalizing its pipelines [PipelineID=f4ecf2ba-389c-49ac-baed-f84277a0c1f9, PipelineID=3e1ad023-5a1b-46c4-9ef1-965e1fdbb6ca, PipelineID=0effad44-969c-4920-b346-a8f35b55102f, PipelineID=62e727a5-856b-4659-8ff0-2f5591cadde5, PipelineID=6d538642-8e30-4301-84a3-484fd330c780, PipelineID=9542c668-1079-4554-994a-c9a82e656a1c]
2019-09-26 10:07:09,437 [EventQueue-StaleNodeForStaleNodeHandler] INFO  pipeline.SCMPipelineManager (SCMPipelineManager.java:finalizeAndDestroyPipeline(316)) - destroying pipeline:Pipeline[ Id: f4ecf2ba-389c-49ac-baed-f84277a0c1f9, Nodes: 4f799f37-ab1c-4be0-adf3-be30f86725ba{ip: 192.168.30.13, host: pr-hdds-1569-wvzgm-824869521, networkLocation: /default-rack, certSerialId: null}, Type:RATIS, Factor:ONE, State:OPEN]
2019-09-26 10:07:09,438 [EventQueue-StaleNodeForStaleNodeHandler] INFO  pipeline.PipelineStateManager (PipelineStateManager.java:finalizePipeline(123)) - Pipeline Pipeline[ Id: f4ecf2ba-389c-49ac-baed-f84277a0c1f9, Nodes: 4f799f37-ab1c-4be0-adf3-be30f86725ba{ip: 192.168.30.13, host: pr-hdds-1569-wvzgm-824869521, networkLocation: /default-rack, certSerialId: null}, Type:RATIS, Factor:ONE, State:CLOSED] moved to CLOSED state
2019-09-26 10:07:09,438 [EventQueue-StaleNodeForStaleNodeHandler] INFO  pipeline.SCMPipelineManager (SCMPipelineManager.java:finalizeAndDestroyPipeline(316)) - destroying pipeline:Pipeline[ Id: 3e1ad023-5a1b-46c4-9ef1-965e1fdbb6ca, Nodes: 4f799f37-ab1c-4be0-adf3-be30f86725ba{ip: 192.168.30.13, host: pr-hdds-1569-wvzgm-824869521, networkLocation: /default-rack, certSerialId: null}, Type:RATIS, Factor:ONE, State:OPEN]
2019-09-26 10:07:09,438 [EventQueue-StaleNodeForStaleNodeHandler] INFO  pipeline.PipelineStateManager (PipelineStateManager.java:finalizePipeline(123)) - Pipeline Pipeline[ Id: 3e1ad023-5a1b-46c4-9ef1-965e1fdbb6ca, Nodes: 4f799f37-ab1c-4be0-adf3-be30f86725ba{ip: 192.168.30.13, host: pr-hdds-1569-wvzgm-824869521, networkLocation: /default-rack, certSerialId: null}, Type:RATIS, Factor:ONE, State:CLOSED] moved to CLOSED state
2019-09-26 10:07:09,438 [EventQueue-StaleNodeForStaleNodeHandler] INFO  pipeline.SCMPipelineManager (SCMPipelineManager.java:finalizeAndDestroyPipeline(316)) - destroying pipeline:Pipeline[ Id: 0effad44-969c-4920-b346-a8f35b55102f, Nodes: 4f799f37-ab1c-4be0-adf3-be30f86725ba{ip: 192.168.30.13, host: pr-hdds-1569-wvzgm-824869521, networkLocation: /default-rack, certSerialId: null}, Type:RATIS, Factor:ONE, State:OPEN]
2019-09-26 10:07:09,438 [EventQueue-StaleNodeForStaleNodeHandler] INFO  pipeline.PipelineStateManager (PipelineStateManager.java:finalizePipeline(123)) - Pipeline Pipeline[ Id: 0effad44-969c-4920-b346-a8f35b55102f, Nodes: 4f799f37-ab1c-4be0-adf3-be30f86725ba{ip: 192.168.30.13, host: pr-hdds-1569-wvzgm-824869521, networkLocation: /default-rack, certSerialId: null}, Type:RATIS, Factor:ONE, State:CLOSED] moved to CLOSED state
2019-09-26 10:07:09,439 [EventQueue-StaleNodeForStaleNodeHandler] INFO  pipeline.SCMPipelineManager (SCMPipelineManager.java:finalizeAndDestroyPipeline(316)) - destroying pipeline:Pipeline[ Id: 62e727a5-856b-4659-8ff0-2f5591cadde5, Nodes: 4f799f37-ab1c-4be0-adf3-be30f86725ba{ip: 192.168.30.13, host: pr-hdds-1569-wvzgm-824869521, networkLocation: /default-rack, certSerialId: null}, Type:RATIS, Factor:ONE, State:OPEN]
2019-09-26 10:07:09,439 [EventQueue-StaleNodeForStaleNodeHandler] INFO  pipeline.PipelineStateManager (PipelineStateManager.java:finalizePipeline(123)) - Pipeline Pipeline[ Id: 62e727a5-856b-4659-8ff0-2f5591cadde5, Nodes: 4f799f37-ab1c-4be0-adf3-be30f86725ba{ip: 192.168.30.13, host: pr-hdds-1569-wvzgm-824869521, networkLocation: /default-rack, certSerialId: null}, Type:RATIS, Factor:ONE, State:CLOSED] moved to CLOSED state
2019-09-26 10:07:09,439 [EventQueue-StaleNodeForStaleNodeHandler] INFO  pipeline.SCMPipelineManager (SCMPipelineManager.java:finalizeAndDestroyPipeline(316)) - destroying pipeline:Pipeline[ Id: 6d538642-8e30-4301-84a3-484fd330c780, Nodes: 4f799f37-ab1c-4be0-adf3-be30f86725ba{ip: 192.168.30.13, host: pr-hdds-1569-wvzgm-824869521, networkLocation: /default-rack, certSerialId: null}, Type:RATIS, Factor:ONE, State:OPEN]
2019-09-26 10:07:09,439 [EventQueue-StaleNodeForStaleNodeHandler] INFO  pipeline.PipelineStateManager (PipelineStateManager.java:finalizePipeline(123)) - Pipeline Pipeline[ Id: 6d538642-8e30-4301-84a3-484fd330c780, Nodes: 4f799f37-ab1c-4be0-adf3-be30f86725ba{ip: 192.168.30.13, host: pr-hdds-1569-wvzgm-824869521, networkLocation: /default-rack, certSerialId: null}, Type:RATIS, Factor:ONE, State:CLOSED] moved to CLOSED state
2019-09-26 10:07:09,439 [EventQueue-StaleNodeForStaleNodeHandler] INFO  pipeline.SCMPipelineManager (SCMPipelineManager.java:finalizeAndDestroyPipeline(316)) - destroying pipeline:Pipeline[ Id: 9542c668-1079-4554-994a-c9a82e656a1c, Nodes: 4f799f37-ab1c-4be0-adf3-be30f86725ba{ip: 192.168.30.13, host: pr-hdds-1569-wvzgm-824869521, networkLocation: /default-rack, certSerialId: null}, Type:RATIS, Factor:ONE, State:OPEN]
2019-09-26 10:07:09,439 [EventQueue-StaleNodeForStaleNodeHandler] INFO  pipeline.PipelineStateManager (PipelineStateManager.java:finalizePipeline(123)) - Pipeline Pipeline[ Id: 9542c668-1079-4554-994a-c9a82e656a1c, Nodes: 4f799f37-ab1c-4be0-adf3-be30f86725ba{ip: 192.168.30.13, host: pr-hdds-1569-wvzgm-824869521, networkLocation: /default-rack, certSerialId: null}, Type:RATIS, Factor:ONE, State:CLOSED] moved to CLOSED state
2019-09-26 10:07:10,131 [ForkJoinPool.commonPool-worker-1] INFO  ozoneimpl.OzoneContainer (OzoneContainer.java:stop(231)) - Attempting to stop container services.
2019-09-26 10:07:10,137 [ForkJoinPool.commonPool-worker-1] INFO  impl.RaftServerProxy (RaftServerProxy.java:lambda$close$4(314)) - 4f799f37-ab1c-4be0-adf3-be30f86725ba: close
2019-09-26 10:07:10,137 [ForkJoinPool.commonPool-worker-1] INFO  impl.RaftServerImpl (RaftServerImpl.java:lambda$shutdown$3(251)) - 4f799f37-ab1c-4be0-adf3-be30f86725ba@group-F84277A0C1F9: shutdown
2019-09-26 10:07:10,138 [ForkJoinPool.commonPool-worker-1] INFO  util.JmxRegister (JmxRegister.java:unregister(73)) - Successfully un-registered JMX Bean with object name Ratis:service=RaftServer,group=group-F84277A0C1F9,id=4f799f37-ab1c-4be0-adf3-be30f86725ba
2019-09-26 10:07:10,138 [ForkJoinPool.commonPool-worker-1] INFO  impl.RoleInfo (RoleInfo.java:shutdownLeaderState(104)) - 4f799f37-ab1c-4be0-adf3-be30f86725ba: shutdown LeaderState
2019-09-26 10:07:10,138 [ForkJoinPool.commonPool-worker-1] INFO  impl.PendingRequests (PendingRequests.java:sendNotLeaderResponses(202)) - 4f799f37-ab1c-4be0-adf3-be30f86725ba-PendingRequests: sendNotLeaderResponses
2019-09-26 10:07:10,139 [ForkJoinPool.commonPool-worker-1] INFO  impl.StateMachineUpdater (StateMachineUpdater.java:stopAndJoin(125)) - 4f799f37-ab1c-4be0-adf3-be30f86725ba@group-F84277A0C1F9-StateMachineUpdater: set stopIndex = 0
2019-09-26 10:07:10,139 [ForkJoinPool.commonPool-worker-1] INFO  impl.RaftServerImpl (ServerState.java:close(385)) - 4f799f37-ab1c-4be0-adf3-be30f86725ba@group-F84277A0C1F9: closes. applyIndex: 0
2019-09-26 10:07:10,139 [4f799f37-ab1c-4be0-adf3-be30f86725ba@group-F84277A0C1F9-SegmentedRaftLogWorker] INFO  segmented.SegmentedRaftLogWorker (SegmentedRaftLogWorker.java:run(313)) - 4f799f37-ab1c-4be0-adf3-be30f86725ba@group-F84277A0C1F9-SegmentedRaftLogWorker was interrupted, exiting. There are 0 tasks remaining in the queue.
2019-09-26 10:07:10,141 [ForkJoinPool.commonPool-worker-1] INFO  segmented.SegmentedRaftLogWorker (SegmentedRaftLogWorker.java:close(228)) - 4f799f37-ab1c-4be0-adf3-be30f86725ba@group-F84277A0C1F9-SegmentedRaftLogWorker close()
2019-09-26 10:07:10,141 [ForkJoinPool.commonPool-worker-1] INFO  impl.RaftServerImpl (RaftServerImpl.java:lambda$shutdown$3(251)) - 4f799f37-ab1c-4be0-adf3-be30f86725ba@group-965E1FDBB6CA: shutdown
2019-09-26 10:07:10,141 [ForkJoinPool.commonPool-worker-1] INFO  util.JmxRegister (JmxRegister.java:unregister(73)) - Successfully un-registered JMX Bean with object name Ratis:service=RaftServer,group=group-965E1FDBB6CA,id=4f799f37-ab1c-4be0-adf3-be30f86725ba
2019-09-26 10:07:10,141 [ForkJoinPool.commonPool-worker-1] INFO  impl.RoleInfo (RoleInfo.java:shutdownLeaderState(104)) - 4f799f37-ab1c-4be0-adf3-be30f86725ba: shutdown LeaderState
2019-09-26 10:07:10,142 [ForkJoinPool.commonPool-worker-1] INFO  impl.PendingRequests (PendingRequests.java:sendNotLeaderResponses(202)) - 4f799f37-ab1c-4be0-adf3-be30f86725ba-PendingRequests: sendNotLeaderResponses
2019-09-26 10:07:10,142 [ForkJoinPool.commonPool-worker-1] INFO  impl.StateMachineUpdater (StateMachineUpdater.java:stopAndJoin(125)) - 4f799f37-ab1c-4be0-adf3-be30f86725ba@group-965E1FDBB6CA-StateMachineUpdater: set stopIndex = 0
2019-09-26 10:07:10,142 [ForkJoinPool.commonPool-worker-1] INFO  impl.RaftServerImpl (ServerState.java:close(385)) - 4f799f37-ab1c-4be0-adf3-be30f86725ba@group-965E1FDBB6CA: closes. applyIndex: 0
2019-09-26 10:07:10,143 [4f799f37-ab1c-4be0-adf3-be30f86725ba@group-965E1FDBB6CA-SegmentedRaftLogWorker] INFO  segmented.SegmentedRaftLogWorker (SegmentedRaftLogWorker.java:run(313)) - 4f799f37-ab1c-4be0-adf3-be30f86725ba@group-965E1FDBB6CA-SegmentedRaftLogWorker was interrupted, exiting. There are 0 tasks remaining in the queue.
2019-09-26 10:07:10,143 [main] INFO  ozoneimpl.OzoneContainer (OzoneContainer.java:stop(231)) - Attempting to stop container services.
2019-09-26 10:07:10,144 [main] INFO  impl.RaftServerProxy (RaftServerProxy.java:lambda$close$4(314)) - 84f656f9-4033-4770-bbd1-3f79d04a65ff: close
2019-09-26 10:07:10,144 [main] INFO  impl.RaftServerImpl (RaftServerImpl.java:lambda$shutdown$3(251)) - 84f656f9-4033-4770-bbd1-3f79d04a65ff@group-0EC594D92665: shutdown
2019-09-26 10:07:10,145 [main] INFO  util.JmxRegister (JmxRegister.java:unregister(73)) - Successfully un-registered JMX Bean with object name Ratis:service=RaftServer,group=group-0EC594D92665,id=84f656f9-4033-4770-bbd1-3f79d04a65ff
2019-09-26 10:07:10,145 [main] INFO  impl.RoleInfo (RoleInfo.java:shutdownLeaderState(104)) - 84f656f9-4033-4770-bbd1-3f79d04a65ff: shutdown LeaderState
2019-09-26 10:07:10,146 [main] INFO  impl.PendingRequests (PendingRequests.java:sendNotLeaderResponses(202)) - 84f656f9-4033-4770-bbd1-3f79d04a65ff-PendingRequests: sendNotLeaderResponses
2019-09-26 10:07:10,146 [main] INFO  impl.StateMachineUpdater (StateMachineUpdater.java:stopAndJoin(125)) - 84f656f9-4033-4770-bbd1-3f79d04a65ff@group-0EC594D92665-StateMachineUpdater: set stopIndex = 0
2019-09-26 10:07:10,147 [main] INFO  impl.RaftServerImpl (ServerState.java:close(385)) - 84f656f9-4033-4770-bbd1-3f79d04a65ff@group-0EC594D92665: closes. applyIndex: 0
2019-09-26 10:07:10,147 [84f656f9-4033-4770-bbd1-3f79d04a65ff@group-0EC594D92665-SegmentedRaftLogWorker] INFO  segmented.SegmentedRaftLogWorker (SegmentedRaftLogWorker.java:run(313)) - 84f656f9-4033-4770-bbd1-3f79d04a65ff@group-0EC594D92665-SegmentedRaftLogWorker was interrupted, exiting. There are 0 tasks remaining in the queue.
2019-09-26 10:07:10,154 [main] INFO  segmented.SegmentedRaftLogWorker (SegmentedRaftLogWorker.java:close(228)) - 84f656f9-4033-4770-bbd1-3f79d04a65ff@group-0EC594D92665-SegmentedRaftLogWorker close()
2019-09-26 10:07:10,154 [ForkJoinPool.commonPool-worker-1] INFO  segmented.SegmentedRaftLogWorker (SegmentedRaftLogWorker.java:close(228)) - 4f799f37-ab1c-4be0-adf3-be30f86725ba@group-965E1FDBB6CA-SegmentedRaftLogWorker close()
2019-09-26 10:07:10,154 [main] INFO  impl.RaftServerImpl (RaftServerImpl.java:lambda$shutdown$3(251)) - 84f656f9-4033-4770-bbd1-3f79d04a65ff@group-9BB82E59BFD0: shutdown
2019-09-26 10:07:10,155 [ForkJoinPool.commonPool-worker-1] INFO  impl.RaftServerImpl (RaftServerImpl.java:lambda$shutdown$3(251)) - 4f799f37-ab1c-4be0-adf3-be30f86725ba@group-A8F35B55102F: shutdown
2019-09-26 10:07:10,155 [main] INFO  util.JmxRegister (JmxRegister.java:unregister(73)) - Successfully un-registered JMX Bean with object name Ratis:service=RaftServer,group=group-9BB82E59BFD0,id=84f656f9-4033-4770-bbd1-3f79d04a65ff
2019-09-26 10:07:10,155 [ForkJoinPool.commonPool-worker-1] INFO  util.JmxRegister (JmxRegister.java:unregister(73)) - Successfully un-registered JMX Bean with object name Ratis:service=RaftServer,group=group-A8F35B55102F,id=4f799f37-ab1c-4be0-adf3-be30f86725ba
2019-09-26 10:07:10,156 [main] INFO  impl.RoleInfo (RoleInfo.java:shutdownLeaderState(104)) - 84f656f9-4033-4770-bbd1-3f79d04a65ff: shutdown LeaderState
2019-09-26 10:07:10,156 [ForkJoinPool.commonPool-worker-1] INFO  impl.RoleInfo (RoleInfo.java:shutdownLeaderState(104)) - 4f799f37-ab1c-4be0-adf3-be30f86725ba: shutdown LeaderState
2019-09-26 10:07:10,157 [main] INFO  impl.PendingRequests (PendingRequests.java:sendNotLeaderResponses(202)) - 84f656f9-4033-4770-bbd1-3f79d04a65ff-PendingRequests: sendNotLeaderResponses
2019-09-26 10:07:10,157 [ForkJoinPool.commonPool-worker-1] INFO  impl.PendingRequests (PendingRequests.java:sendNotLeaderResponses(202)) - 4f799f37-ab1c-4be0-adf3-be30f86725ba-PendingRequests: sendNotLeaderResponses
2019-09-26 10:07:10,157 [main] INFO  impl.StateMachineUpdater (StateMachineUpdater.java:stopAndJoin(125)) - 84f656f9-4033-4770-bbd1-3f79d04a65ff@group-9BB82E59BFD0-StateMachineUpdater: set stopIndex = 0
2019-09-26 10:07:10,158 [ForkJoinPool.commonPool-worker-1] INFO  impl.StateMachineUpdater (StateMachineUpdater.java:stopAndJoin(125)) - 4f799f37-ab1c-4be0-adf3-be30f86725ba@group-A8F35B55102F-StateMachineUpdater: set stopIndex = 0
2019-09-26 10:07:10,158 [main] INFO  impl.RaftServerImpl (ServerState.java:close(385)) - 84f656f9-4033-4770-bbd1-3f79d04a65ff@group-9BB82E59BFD0: closes. applyIndex: 0
2019-09-26 10:07:10,158 [ForkJoinPool.commonPool-worker-1] INFO  impl.RaftServerImpl (ServerState.java:close(385)) - 4f799f37-ab1c-4be0-adf3-be30f86725ba@group-A8F35B55102F: closes. applyIndex: 0
2019-09-26 10:07:10,159 [84f656f9-4033-4770-bbd1-3f79d04a65ff@group-9BB82E59BFD0-SegmentedRaftLogWorker] INFO  segmented.SegmentedRaftLogWorker (SegmentedRaftLogWorker.java:run(313)) - 84f656f9-4033-4770-bbd1-3f79d04a65ff@group-9BB82E59BFD0-SegmentedRaftLogWorker was interrupted, exiting. There are 0 tasks remaining in the queue.
2019-09-26 10:07:10,159 [4f799f37-ab1c-4be0-adf3-be30f86725ba@group-A8F35B55102F-SegmentedRaftLogWorker] INFO  segmented.SegmentedRaftLogWorker (SegmentedRaftLogWorker.java:run(313)) - 4f799f37-ab1c-4be0-adf3-be30f86725ba@group-A8F35B55102F-SegmentedRaftLogWorker was interrupted, exiting. There are 0 tasks remaining in the queue.
2019-09-26 10:07:10,160 [main] INFO  segmented.SegmentedRaftLogWorker (SegmentedRaftLogWorker.java:close(228)) - 84f656f9-4033-4770-bbd1-3f79d04a65ff@group-9BB82E59BFD0-SegmentedRaftLogWorker close()
2019-09-26 10:07:10,160 [ForkJoinPool.commonPool-worker-1] INFO  segmented.SegmentedRaftLogWorker (SegmentedRaftLogWorker.java:close(228)) - 4f799f37-ab1c-4be0-adf3-be30f86725ba@group-A8F35B55102F-SegmentedRaftLogWorker close()
2019-09-26 10:07:10,160 [main] INFO  impl.RaftServerImpl (RaftServerImpl.java:lambda$shutdown$3(251)) - 84f656f9-4033-4770-bbd1-3f79d04a65ff@group-DFF9BBD7E03E: shutdown
2019-09-26 10:07:10,160 [ForkJoinPool.commonPool-worker-1] INFO  impl.RaftServerImpl (RaftServerImpl.java:lambda$shutdown$3(251)) - 4f799f37-ab1c-4be0-adf3-be30f86725ba@group-2F5591CADDE5: shutdown
2019-09-26 10:07:10,161 [main] INFO  util.JmxRegister (JmxRegister.java:unregister(73)) - Successfully un-registered JMX Bean with object name Ratis:service=RaftServer,group=group-DFF9BBD7E03E,id=84f656f9-4033-4770-bbd1-3f79d04a65ff
2019-09-26 10:07:10,161 [ForkJoinPool.commonPool-worker-1] INFO  util.JmxRegister (JmxRegister.java:unregister(73)) - Successfully un-registered JMX Bean with object name Ratis:service=RaftServer,group=group-2F5591CADDE5,id=4f799f37-ab1c-4be0-adf3-be30f86725ba
2019-09-26 10:07:10,162 [main] INFO  impl.RoleInfo (RoleInfo.java:shutdownLeaderState(104)) - 84f656f9-4033-4770-bbd1-3f79d04a65ff: shutdown LeaderState
2019-09-26 10:07:10,162 [ForkJoinPool.commonPool-worker-1] INFO  impl.RoleInfo (RoleInfo.java:shutdownLeaderState(104)) - 4f799f37-ab1c-4be0-adf3-be30f86725ba: shutdown LeaderState
2019-09-26 10:07:10,162 [main] INFO  impl.PendingRequests (PendingRequests.java:sendNotLeaderResponses(202)) - 84f656f9-4033-4770-bbd1-3f79d04a65ff-PendingRequests: sendNotLeaderResponses
2019-09-26 10:07:10,163 [ForkJoinPool.commonPool-worker-1] INFO  impl.PendingRequests (PendingRequests.java:sendNotLeaderResponses(202)) - 4f799f37-ab1c-4be0-adf3-be30f86725ba-PendingRequests: sendNotLeaderResponses
2019-09-26 10:07:10,163 [main] INFO  impl.StateMachineUpdater (StateMachineUpdater.java:stopAndJoin(125)) - 84f656f9-4033-4770-bbd1-3f79d04a65ff@group-DFF9BBD7E03E-StateMachineUpdater: set stopIndex = 0
2019-09-26 10:07:10,163 [ForkJoinPool.commonPool-worker-1] INFO  impl.StateMachineUpdater (StateMachineUpdater.java:stopAndJoin(125)) - 4f799f37-ab1c-4be0-adf3-be30f86725ba@group-2F5591CADDE5-StateMachineUpdater: set stopIndex = 0
2019-09-26 10:07:10,164 [main] INFO  impl.RaftServerImpl (ServerState.java:close(385)) - 84f656f9-4033-4770-bbd1-3f79d04a65ff@group-DFF9BBD7E03E: closes. applyIndex: 0
2019-09-26 10:07:10,164 [ForkJoinPool.commonPool-worker-1] INFO  impl.RaftServerImpl (ServerState.java:close(385)) - 4f799f37-ab1c-4be0-adf3-be30f86725ba@group-2F5591CADDE5: closes. applyIndex: 0
2019-09-26 10:07:10,165 [84f656f9-4033-4770-bbd1-3f79d04a65ff@group-DFF9BBD7E03E-SegmentedRaftLogWorker] INFO  segmented.SegmentedRaftLogWorker (SegmentedRaftLogWorker.java:run(313)) - 84f656f9-4033-4770-bbd1-3f79d04a65ff@group-DFF9BBD7E03E-SegmentedRaftLogWorker was interrupted, exiting. There are 0 tasks remaining in the queue.
2019-09-26 10:07:10,165 [4f799f37-ab1c-4be0-adf3-be30f86725ba@group-2F5591CADDE5-SegmentedRaftLogWorker] INFO  segmented.SegmentedRaftLogWorker (SegmentedRaftLogWorker.java:run(313)) - 4f799f37-ab1c-4be0-adf3-be30f86725ba@group-2F5591CADDE5-SegmentedRaftLogWorker was interrupted, exiting. There are 0 tasks remaining in the queue.
2019-09-26 10:07:10,165 [main] INFO  segmented.SegmentedRaftLogWorker (SegmentedRaftLogWorker.java:close(228)) - 84f656f9-4033-4770-bbd1-3f79d04a65ff@group-DFF9BBD7E03E-SegmentedRaftLogWorker close()
2019-09-26 10:07:10,165 [ForkJoinPool.commonPool-worker-1] INFO  segmented.SegmentedRaftLogWorker (SegmentedRaftLogWorker.java:close(228)) - 4f799f37-ab1c-4be0-adf3-be30f86725ba@group-2F5591CADDE5-SegmentedRaftLogWorker close()
2019-09-26 10:07:10,166 [main] INFO  impl.RaftServerImpl (RaftServerImpl.java:lambda$shutdown$3(251)) - 84f656f9-4033-4770-bbd1-3f79d04a65ff@group-00D8D57C107A: shutdown
2019-09-26 10:07:10,167 [main] INFO  util.JmxRegister (JmxRegister.java:unregister(73)) - Successfully un-registered JMX Bean with object name Ratis:service=RaftServer,group=group-00D8D57C107A,id=84f656f9-4033-4770-bbd1-3f79d04a65ff
2019-09-26 10:07:10,167 [main] INFO  impl.RoleInfo (RoleInfo.java:shutdownLeaderState(104)) - 84f656f9-4033-4770-bbd1-3f79d04a65ff: shutdown LeaderState
2019-09-26 10:07:10,166 [ForkJoinPool.commonPool-worker-1] INFO  impl.RaftServerImpl (RaftServerImpl.java:lambda$shutdown$3(251)) - 4f799f37-ab1c-4be0-adf3-be30f86725ba@group-484FD330C780: shutdown
2019-09-26 10:07:10,168 [main] INFO  impl.PendingRequests (PendingRequests.java:sendNotLeaderResponses(202)) - 84f656f9-4033-4770-bbd1-3f79d04a65ff-PendingRequests: sendNotLeaderResponses
2019-09-26 10:07:10,168 [ForkJoinPool.commonPool-worker-1] INFO  util.JmxRegister (JmxRegister.java:unregister(73)) - Successfully un-registered JMX Bean with object name Ratis:service=RaftServer,group=group-484FD330C780,id=4f799f37-ab1c-4be0-adf3-be30f86725ba
2019-09-26 10:07:10,169 [ForkJoinPool.commonPool-worker-1] INFO  impl.RoleInfo (RoleInfo.java:shutdownLeaderState(104)) - 4f799f37-ab1c-4be0-adf3-be30f86725ba: shutdown LeaderState
2019-09-26 10:07:10,168 [main] INFO  impl.StateMachineUpdater (StateMachineUpdater.java:stopAndJoin(125)) - 84f656f9-4033-4770-bbd1-3f79d04a65ff@group-00D8D57C107A-StateMachineUpdater: set stopIndex = 0
2019-09-26 10:07:10,170 [main] INFO  impl.RaftServerImpl (ServerState.java:close(385)) - 84f656f9-4033-4770-bbd1-3f79d04a65ff@group-00D8D57C107A: closes. applyIndex: 0
2019-09-26 10:07:10,169 [ForkJoinPool.commonPool-worker-1] INFO  impl.PendingRequests (PendingRequests.java:sendNotLeaderResponses(202)) - 4f799f37-ab1c-4be0-adf3-be30f86725ba-PendingRequests: sendNotLeaderResponses
2019-09-26 10:07:10,170 [84f656f9-4033-4770-bbd1-3f79d04a65ff@group-00D8D57C107A-SegmentedRaftLogWorker] INFO  segmented.SegmentedRaftLogWorker (SegmentedRaftLogWorker.java:run(313)) - 84f656f9-4033-4770-bbd1-3f79d04a65ff@group-00D8D57C107A-SegmentedRaftLogWorker was interrupted, exiting. There are 0 tasks remaining in the queue.
2019-09-26 10:07:10,170 [ForkJoinPool.commonPool-worker-1] INFO  impl.StateMachineUpdater (StateMachineUpdater.java:stopAndJoin(125)) - 4f799f37-ab1c-4be0-adf3-be30f86725ba@group-484FD330C780-StateMachineUpdater: set stopIndex = 0
2019-09-26 10:07:10,171 [main] INFO  segmented.SegmentedRaftLogWorker (SegmentedRaftLogWorker.java:close(228)) - 84f656f9-4033-4770-bbd1-3f79d04a65ff@group-00D8D57C107A-SegmentedRaftLogWorker close()
2019-09-26 10:07:10,171 [ForkJoinPool.commonPool-worker-1] INFO  impl.RaftServerImpl (ServerState.java:close(385)) - 4f799f37-ab1c-4be0-adf3-be30f86725ba@group-484FD330C780: closes. applyIndex: 0
2019-09-26 10:07:10,171 [main] INFO  impl.RaftServerImpl (RaftServerImpl.java:lambda$shutdown$3(251)) - 84f656f9-4033-4770-bbd1-3f79d04a65ff@group-FC993C0D653C: shutdown
2019-09-26 10:07:10,172 [main] INFO  util.JmxRegister (JmxRegister.java:unregister(73)) - Successfully un-registered JMX Bean with object name Ratis:service=RaftServer,group=group-FC993C0D653C,id=84f656f9-4033-4770-bbd1-3f79d04a65ff
2019-09-26 10:07:10,172 [main] INFO  impl.RoleInfo (RoleInfo.java:shutdownLeaderState(104)) - 84f656f9-4033-4770-bbd1-3f79d04a65ff: shutdown LeaderState
2019-09-26 10:07:10,172 [4f799f37-ab1c-4be0-adf3-be30f86725ba@group-484FD330C780-SegmentedRaftLogWorker] INFO  segmented.SegmentedRaftLogWorker (SegmentedRaftLogWorker.java:run(313)) - 4f799f37-ab1c-4be0-adf3-be30f86725ba@group-484FD330C780-SegmentedRaftLogWorker was interrupted, exiting. There are 0 tasks remaining in the queue.
2019-09-26 10:07:10,173 [main] INFO  impl.PendingRequests (PendingRequests.java:sendNotLeaderResponses(202)) - 84f656f9-4033-4770-bbd1-3f79d04a65ff-PendingRequests: sendNotLeaderResponses
2019-09-26 10:07:10,173 [ForkJoinPool.commonPool-worker-1] INFO  segmented.SegmentedRaftLogWorker (SegmentedRaftLogWorker.java:close(228)) - 4f799f37-ab1c-4be0-adf3-be30f86725ba@group-484FD330C780-SegmentedRaftLogWorker close()
2019-09-26 10:07:10,173 [main] INFO  impl.StateMachineUpdater (StateMachineUpdater.java:stopAndJoin(125)) - 84f656f9-4033-4770-bbd1-3f79d04a65ff@group-FC993C0D653C-StateMachineUpdater: set stopIndex = 0
2019-09-26 10:07:10,174 [ForkJoinPool.commonPool-worker-1] INFO  impl.RaftServerImpl (RaftServerImpl.java:lambda$shutdown$3(251)) - 4f799f37-ab1c-4be0-adf3-be30f86725ba@group-C9A82E656A1C: shutdown
2019-09-26 10:07:10,174 [main] INFO  impl.RaftServerImpl (ServerState.java:close(385)) - 84f656f9-4033-4770-bbd1-3f79d04a65ff@group-FC993C0D653C: closes. applyIndex: 0
2019-09-26 10:07:10,174 [ForkJoinPool.commonPool-worker-1] INFO  util.JmxRegister (JmxRegister.java:unregister(73)) - Successfully un-registered JMX Bean with object name Ratis:service=RaftServer,group=group-C9A82E656A1C,id=4f799f37-ab1c-4be0-adf3-be30f86725ba
2019-09-26 10:07:10,175 [ForkJoinPool.commonPool-worker-1] INFO  impl.RoleInfo (RoleInfo.java:shutdownLeaderState(104)) - 4f799f37-ab1c-4be0-adf3-be30f86725ba: shutdown LeaderState
2019-09-26 10:07:10,175 [84f656f9-4033-4770-bbd1-3f79d04a65ff@group-FC993C0D653C-SegmentedRaftLogWorker] INFO  segmented.SegmentedRaftLogWorker (SegmentedRaftLogWorker.java:run(313)) - 84f656f9-4033-4770-bbd1-3f79d04a65ff@group-FC993C0D653C-SegmentedRaftLogWorker was interrupted, exiting. There are 0 tasks remaining in the queue.
2019-09-26 10:07:10,175 [ForkJoinPool.commonPool-worker-1] INFO  impl.PendingRequests (PendingRequests.java:sendNotLeaderResponses(202)) - 4f799f37-ab1c-4be0-adf3-be30f86725ba-PendingRequests: sendNotLeaderResponses
2019-09-26 10:07:10,175 [main] INFO  segmented.SegmentedRaftLogWorker (SegmentedRaftLogWorker.java:close(228)) - 84f656f9-4033-4770-bbd1-3f79d04a65ff@group-FC993C0D653C-SegmentedRaftLogWorker close()
2019-09-26 10:07:10,176 [ForkJoinPool.commonPool-worker-1] INFO  impl.StateMachineUpdater (StateMachineUpdater.java:stopAndJoin(125)) - 4f799f37-ab1c-4be0-adf3-be30f86725ba@group-C9A82E656A1C-StateMachineUpdater: set stopIndex = 0
2019-09-26 10:07:10,176 [ForkJoinPool.commonPool-worker-1] INFO  impl.RaftServerImpl (ServerState.java:close(385)) - 4f799f37-ab1c-4be0-adf3-be30f86725ba@group-C9A82E656A1C: closes. applyIndex: 0
2019-09-26 10:07:10,176 [main] INFO  impl.RaftServerImpl (RaftServerImpl.java:lambda$shutdown$3(251)) - 84f656f9-4033-4770-bbd1-3f79d04a65ff@group-9B4EF2817FB4: shutdown
2019-09-26 10:07:10,177 [4f799f37-ab1c-4be0-adf3-be30f86725ba@group-C9A82E656A1C-SegmentedRaftLogWorker] INFO  segmented.SegmentedRaftLogWorker (SegmentedRaftLogWorker.java:run(313)) - 4f799f37-ab1c-4be0-adf3-be30f86725ba@group-C9A82E656A1C-SegmentedRaftLogWorker was interrupted, exiting. There are 0 tasks remaining in the queue.
2019-09-26 10:07:10,177 [main] INFO  util.JmxRegister (JmxRegister.java:unregister(73)) - Successfully un-registered JMX Bean with object name Ratis:service=RaftServer,group=group-9B4EF2817FB4,id=84f656f9-4033-4770-bbd1-3f79d04a65ff
2019-09-26 10:07:10,177 [main] INFO  impl.RoleInfo (RoleInfo.java:shutdownLeaderState(104)) - 84f656f9-4033-4770-bbd1-3f79d04a65ff: shutdown LeaderState
2019-09-26 10:07:10,177 [ForkJoinPool.commonPool-worker-1] INFO  segmented.SegmentedRaftLogWorker (SegmentedRaftLogWorker.java:close(228)) - 4f799f37-ab1c-4be0-adf3-be30f86725ba@group-C9A82E656A1C-SegmentedRaftLogWorker close()
2019-09-26 10:07:10,178 [main] INFO  impl.PendingRequests (PendingRequests.java:sendNotLeaderResponses(202)) - 84f656f9-4033-4770-bbd1-3f79d04a65ff-PendingRequests: sendNotLeaderResponses
2019-09-26 10:07:10,178 [ForkJoinPool.commonPool-worker-1] INFO  server.GrpcService (GrpcService.java:closeImpl(164)) - 4f799f37-ab1c-4be0-adf3-be30f86725ba: shutdown server with port 45015 now
2019-09-26 10:07:10,178 [main] INFO  impl.StateMachineUpdater (StateMachineUpdater.java:stopAndJoin(125)) - 84f656f9-4033-4770-bbd1-3f79d04a65ff@group-9B4EF2817FB4-StateMachineUpdater: set stopIndex = 0
2019-09-26 10:07:10,183 [ForkJoinPool.commonPool-worker-1] INFO  server.GrpcService (GrpcService.java:closeImpl(172)) - 4f799f37-ab1c-4be0-adf3-be30f86725ba: shutdown server with port 45015 successfully
2019-09-26 10:07:10,183 [main] INFO  impl.RaftServerImpl (ServerState.java:close(385)) - 84f656f9-4033-4770-bbd1-3f79d04a65ff@group-9B4EF2817FB4: closes. applyIndex: 0
2019-09-26 10:07:10,185 [84f656f9-4033-4770-bbd1-3f79d04a65ff@group-9B4EF2817FB4-SegmentedRaftLogWorker] INFO  segmented.SegmentedRaftLogWorker (SegmentedRaftLogWorker.java:run(313)) - 84f656f9-4033-4770-bbd1-3f79d04a65ff@group-9B4EF2817FB4-SegmentedRaftLogWorker was interrupted, exiting. There are 0 tasks remaining in the queue.
2019-09-26 10:07:10,186 [main] INFO  segmented.SegmentedRaftLogWorker (SegmentedRaftLogWorker.java:close(228)) - 84f656f9-4033-4770-bbd1-3f79d04a65ff@group-9B4EF2817FB4-SegmentedRaftLogWorker close()
2019-09-26 10:07:10,186 [refreshUsed-/workdir/hadoop-ozone/integration-test/target/test-dir/MiniOzoneClusterImpl-3237421e-5f73-41b0-8605-c54d21f4eaa5/datanode-0/data/containers] WARN  fs.CachingGetSpaceUsed (CachingGetSpaceUsed.java:run(183)) - Thread Interrupted waiting to refresh disk information: sleep interrupted
2019-09-26 10:07:10,186 [main] INFO  server.GrpcService (GrpcService.java:closeImpl(164)) - 84f656f9-4033-4770-bbd1-3f79d04a65ff: shutdown server with port 43165 now
2019-09-26 10:07:10,190 [main] INFO  server.GrpcService (GrpcService.java:closeImpl(172)) - 84f656f9-4033-4770-bbd1-3f79d04a65ff: shutdown server with port 43165 successfully
2019-09-26 10:07:10,201 [refreshUsed-/workdir/hadoop-ozone/integration-test/target/test-dir/MiniOzoneClusterImpl-3237421e-5f73-41b0-8605-c54d21f4eaa5/datanode-6/data/containers] WARN  fs.CachingGetSpaceUsed (CachingGetSpaceUsed.java:run(183)) - Thread Interrupted waiting to refresh disk information: sleep interrupted
2019-09-26 10:07:10,211 [ForkJoinPool.commonPool-worker-1] INFO  utils.BackgroundService (BackgroundService.java:shutdown(148)) - Shutting down service BlockDeletingService
2019-09-26 10:07:10,220 [ForkJoinPool.commonPool-worker-1] INFO  statemachine.DatanodeStateMachine (DatanodeStateMachine.java:stopDaemon(395)) - Ozone container server stopped.
2019-09-26 10:07:10,226 [ForkJoinPool.commonPool-worker-1] INFO  handler.ContextHandler (ContextHandler.java:doStop(910)) - Stopped o.e.j.w.WebAppContext@36d697ab{/,null,UNAVAILABLE}{/hddsDatanode}
2019-09-26 10:07:10,227 [ForkJoinPool.commonPool-worker-1] INFO  server.AbstractConnector (AbstractConnector.java:doStop(318)) - Stopped ServerConnector@28831d69{HTTP/1.1,[http/1.1]}{0.0.0.0:0}
2019-09-26 10:07:10,228 [ForkJoinPool.commonPool-worker-1] INFO  handler.ContextHandler (ContextHandler.java:doStop(910)) - Stopped o.e.j.s.ServletContextHandler@7f8c48f3{/static,jar:file:/home/user/.m2/repository/org/apache/hadoop/hadoop-hdds-container-service/0.5.0-SNAPSHOT/hadoop-hdds-container-service-0.5.0-SNAPSHOT.jar!/webapps/static,UNAVAILABLE}
2019-09-26 10:07:10,228 [ForkJoinPool.commonPool-worker-1] INFO  handler.ContextHandler (ContextHandler.java:doStop(910)) - Stopped o.e.j.s.ServletContextHandler@d28c214{/logs,file:///workdir/hadoop-ozone/integration-test/target/log,UNAVAILABLE}
2019-09-26 10:07:10,229 [main] INFO  utils.BackgroundService (BackgroundService.java:shutdown(148)) - Shutting down service BlockDeletingService
2019-09-26 10:07:10,237 [main] INFO  statemachine.DatanodeStateMachine (DatanodeStateMachine.java:stopDaemon(395)) - Ozone container server stopped.
2019-09-26 10:07:10,238 [main] INFO  handler.ContextHandler (ContextHandler.java:doStop(910)) - Stopped o.e.j.w.WebAppContext@295b07e0{/,null,UNAVAILABLE}{/hddsDatanode}
2019-09-26 10:07:10,239 [main] INFO  server.AbstractConnector (AbstractConnector.java:doStop(318)) - Stopped ServerConnector@55053f81{HTTP/1.1,[http/1.1]}{0.0.0.0:0}
2019-09-26 10:07:10,239 [main] INFO  handler.ContextHandler (ContextHandler.java:doStop(910)) - Stopped o.e.j.s.ServletContextHandler@145e958f{/static,jar:file:/home/user/.m2/repository/org/apache/hadoop/hadoop-hdds-container-service/0.5.0-SNAPSHOT/hadoop-hdds-container-service-0.5.0-SNAPSHOT.jar!/webapps/static,UNAVAILABLE}
2019-09-26 10:07:10,240 [main] INFO  handler.ContextHandler (ContextHandler.java:doStop(910)) - Stopped o.e.j.s.ServletContextHandler@52909a97{/logs,file:///workdir/hadoop-ozone/integration-test/target/log,UNAVAILABLE}
2019-09-26 10:07:10,396 [Datanode State Machine Thread - 0] INFO  statemachine.DatanodeStateMachine (DatanodeStateMachine.java:lambda$startDaemon$0(350)) - Ozone container server started.
2019-09-26 10:07:14,443 [EventQueue-StaleNodeForStaleNodeHandler] INFO  node.StaleNodeHandler (StaleNodeHandler.java:onMessage(58)) - Datanode c8968d10-b107-4a89-b805-dd56466e025e{ip: 192.168.30.13, host: pr-hdds-1569-wvzgm-824869521, networkLocation: /default-rack, certSerialId: null} moved to stale state. Finalizing its pipelines [PipelineID=840c5877-91ab-4066-8f34-e3b5766409a2, PipelineID=428e7121-b228-452e-a388-ff42c95b4f72, PipelineID=8117139a-7a0b-4050-bc8c-65107fff564e, PipelineID=1e851923-98dd-4295-937a-1e34219c1302, PipelineID=fbe8feca-694d-455a-8ad9-22a5eab8d91f, PipelineID=b30ff15a-b7cb-4b5d-b40b-057b12688465]
2019-09-26 10:07:14,443 [EventQueue-StaleNodeForStaleNodeHandler] INFO  pipeline.SCMPipelineManager (SCMPipelineManager.java:finalizeAndDestroyPipeline(316)) - destroying pipeline:Pipeline[ Id: 840c5877-91ab-4066-8f34-e3b5766409a2, Nodes: c8968d10-b107-4a89-b805-dd56466e025e{ip: 192.168.30.13, host: pr-hdds-1569-wvzgm-824869521, networkLocation: /default-rack, certSerialId: null}, Type:RATIS, Factor:ONE, State:OPEN]
2019-09-26 10:07:14,443 [EventQueue-StaleNodeForStaleNodeHandler] INFO  pipeline.PipelineStateManager (PipelineStateManager.java:finalizePipeline(123)) - Pipeline Pipeline[ Id: 840c5877-91ab-4066-8f34-e3b5766409a2, Nodes: c8968d10-b107-4a89-b805-dd56466e025e{ip: 192.168.30.13, host: pr-hdds-1569-wvzgm-824869521, networkLocation: /default-rack, certSerialId: null}, Type:RATIS, Factor:ONE, State:CLOSED] moved to CLOSED state
2019-09-26 10:07:14,444 [EventQueue-StaleNodeForStaleNodeHandler] INFO  pipeline.SCMPipelineManager (SCMPipelineManager.java:finalizeAndDestroyPipeline(316)) - destroying pipeline:Pipeline[ Id: 428e7121-b228-452e-a388-ff42c95b4f72, Nodes: c8968d10-b107-4a89-b805-dd56466e025e{ip: 192.168.30.13, host: pr-hdds-1569-wvzgm-824869521, networkLocation: /default-rack, certSerialId: null}, Type:RATIS, Factor:ONE, State:OPEN]
2019-09-26 10:07:14,444 [EventQueue-StaleNodeForStaleNodeHandler] INFO  pipeline.PipelineStateManager (PipelineStateManager.java:finalizePipeline(123)) - Pipeline Pipeline[ Id: 428e7121-b228-452e-a388-ff42c95b4f72, Nodes: c8968d10-b107-4a89-b805-dd56466e025e{ip: 192.168.30.13, host: pr-hdds-1569-wvzgm-824869521, networkLocation: /default-rack, certSerialId: null}, Type:RATIS, Factor:ONE, State:CLOSED] moved to CLOSED state
2019-09-26 10:07:14,444 [EventQueue-StaleNodeForStaleNodeHandler] INFO  pipeline.SCMPipelineManager (SCMPipelineManager.java:finalizeAndDestroyPipeline(316)) - destroying pipeline:Pipeline[ Id: 8117139a-7a0b-4050-bc8c-65107fff564e, Nodes: c8968d10-b107-4a89-b805-dd56466e025e{ip: 192.168.30.13, host: pr-hdds-1569-wvzgm-824869521, networkLocation: /default-rack, certSerialId: null}, Type:RATIS, Factor:ONE, State:OPEN]
2019-09-26 10:07:14,444 [EventQueue-StaleNodeForStaleNodeHandler] INFO  pipeline.PipelineStateManager (PipelineStateManager.java:finalizePipeline(123)) - Pipeline Pipeline[ Id: 8117139a-7a0b-4050-bc8c-65107fff564e, Nodes: c8968d10-b107-4a89-b805-dd56466e025e{ip: 192.168.30.13, host: pr-hdds-1569-wvzgm-824869521, networkLocation: /default-rack, certSerialId: null}, Type:RATIS, Factor:ONE, State:CLOSED] moved to CLOSED state
2019-09-26 10:07:14,444 [EventQueue-StaleNodeForStaleNodeHandler] INFO  pipeline.SCMPipelineManager (SCMPipelineManager.java:finalizeAndDestroyPipeline(316)) - destroying pipeline:Pipeline[ Id: 1e851923-98dd-4295-937a-1e34219c1302, Nodes: c8968d10-b107-4a89-b805-dd56466e025e{ip: 192.168.30.13, host: pr-hdds-1569-wvzgm-824869521, networkLocation: /default-rack, certSerialId: null}, Type:RATIS, Factor:ONE, State:OPEN]
2019-09-26 10:07:14,444 [EventQueue-StaleNodeForStaleNodeHandler] INFO  pipeline.PipelineStateManager (PipelineStateManager.java:finalizePipeline(123)) - Pipeline Pipeline[ Id: 1e851923-98dd-4295-937a-1e34219c1302, Nodes: c8968d10-b107-4a89-b805-dd56466e025e{ip: 192.168.30.13, host: pr-hdds-1569-wvzgm-824869521, networkLocation: /default-rack, certSerialId: null}, Type:RATIS, Factor:ONE, State:CLOSED] moved to CLOSED state
2019-09-26 10:07:14,445 [EventQueue-StaleNodeForStaleNodeHandler] INFO  pipeline.SCMPipelineManager (SCMPipelineManager.java:finalizeAndDestroyPipeline(316)) - destroying pipeline:Pipeline[ Id: fbe8feca-694d-455a-8ad9-22a5eab8d91f, Nodes: c8968d10-b107-4a89-b805-dd56466e025e{ip: 192.168.30.13, host: pr-hdds-1569-wvzgm-824869521, networkLocation: /default-rack, certSerialId: null}, Type:RATIS, Factor:ONE, State:OPEN]
2019-09-26 10:07:14,445 [EventQueue-StaleNodeForStaleNodeHandler] INFO  pipeline.PipelineStateManager (PipelineStateManager.java:finalizePipeline(123)) - Pipeline Pipeline[ Id: fbe8feca-694d-455a-8ad9-22a5eab8d91f, Nodes: c8968d10-b107-4a89-b805-dd56466e025e{ip: 192.168.30.13, host: pr-hdds-1569-wvzgm-824869521, networkLocation: /default-rack, certSerialId: null}, Type:RATIS, Factor:ONE, State:CLOSED] moved to CLOSED state
2019-09-26 10:07:14,445 [EventQueue-StaleNodeForStaleNodeHandler] INFO  pipeline.SCMPipelineManager (SCMPipelineManager.java:finalizeAndDestroyPipeline(316)) - destroying pipeline:Pipeline[ Id: b30ff15a-b7cb-4b5d-b40b-057b12688465, Nodes: c8968d10-b107-4a89-b805-dd56466e025e{ip: 192.168.30.13, host: pr-hdds-1569-wvzgm-824869521, networkLocation: /default-rack, certSerialId: null}, Type:RATIS, Factor:ONE, State:OPEN]
2019-09-26 10:07:14,445 [EventQueue-StaleNodeForStaleNodeHandler] INFO  pipeline.PipelineStateManager (PipelineStateManager.java:finalizePipeline(123)) - Pipeline Pipeline[ Id: b30ff15a-b7cb-4b5d-b40b-057b12688465, Nodes: c8968d10-b107-4a89-b805-dd56466e025e{ip: 192.168.30.13, host: pr-hdds-1569-wvzgm-824869521, networkLocation: /default-rack, certSerialId: null}, Type:RATIS, Factor:ONE, State:CLOSED] moved to CLOSED state
2019-09-26 10:07:15,229 [ForkJoinPool.commonPool-worker-1] INFO  ozoneimpl.OzoneContainer (OzoneContainer.java:stop(231)) - Attempting to stop container services.
2019-09-26 10:07:15,234 [ForkJoinPool.commonPool-worker-1] INFO  impl.RaftServerProxy (RaftServerProxy.java:lambda$close$4(314)) - c8968d10-b107-4a89-b805-dd56466e025e: close
2019-09-26 10:07:15,234 [ForkJoinPool.commonPool-worker-1] INFO  impl.RaftServerImpl (RaftServerImpl.java:lambda$shutdown$3(251)) - c8968d10-b107-4a89-b805-dd56466e025e@group-E3B5766409A2: shutdown
2019-09-26 10:07:15,235 [ForkJoinPool.commonPool-worker-1] INFO  util.JmxRegister (JmxRegister.java:unregister(73)) - Successfully un-registered JMX Bean with object name Ratis:service=RaftServer,group=group-E3B5766409A2,id=c8968d10-b107-4a89-b805-dd56466e025e
2019-09-26 10:07:15,235 [ForkJoinPool.commonPool-worker-1] INFO  impl.RoleInfo (RoleInfo.java:shutdownLeaderState(104)) - c8968d10-b107-4a89-b805-dd56466e025e: shutdown LeaderState
2019-09-26 10:07:15,235 [ForkJoinPool.commonPool-worker-1] INFO  impl.PendingRequests (PendingRequests.java:sendNotLeaderResponses(202)) - c8968d10-b107-4a89-b805-dd56466e025e-PendingRequests: sendNotLeaderResponses
2019-09-26 10:07:15,235 [ForkJoinPool.commonPool-worker-1] INFO  impl.StateMachineUpdater (StateMachineUpdater.java:stopAndJoin(125)) - c8968d10-b107-4a89-b805-dd56466e025e@group-E3B5766409A2-StateMachineUpdater: set stopIndex = 0
2019-09-26 10:07:15,236 [ForkJoinPool.commonPool-worker-1] INFO  impl.RaftServerImpl (ServerState.java:close(385)) - c8968d10-b107-4a89-b805-dd56466e025e@group-E3B5766409A2: closes. applyIndex: 0
2019-09-26 10:07:15,236 [c8968d10-b107-4a89-b805-dd56466e025e@group-E3B5766409A2-SegmentedRaftLogWorker] INFO  segmented.SegmentedRaftLogWorker (SegmentedRaftLogWorker.java:run(313)) - c8968d10-b107-4a89-b805-dd56466e025e@group-E3B5766409A2-SegmentedRaftLogWorker was interrupted, exiting. There are 0 tasks remaining in the queue.
2019-09-26 10:07:15,237 [ForkJoinPool.commonPool-worker-1] INFO  segmented.SegmentedRaftLogWorker (SegmentedRaftLogWorker.java:close(228)) - c8968d10-b107-4a89-b805-dd56466e025e@group-E3B5766409A2-SegmentedRaftLogWorker close()
2019-09-26 10:07:15,237 [ForkJoinPool.commonPool-worker-1] INFO  impl.RaftServerImpl (RaftServerImpl.java:lambda$shutdown$3(251)) - c8968d10-b107-4a89-b805-dd56466e025e@group-FF42C95B4F72: shutdown
2019-09-26 10:07:15,237 [ForkJoinPool.commonPool-worker-1] INFO  util.JmxRegister (JmxRegister.java:unregister(73)) - Successfully un-registered JMX Bean with object name Ratis:service=RaftServer,group=group-FF42C95B4F72,id=c8968d10-b107-4a89-b805-dd56466e025e
2019-09-26 10:07:15,237 [ForkJoinPool.commonPool-worker-1] INFO  impl.RoleInfo (RoleInfo.java:shutdownLeaderState(104)) - c8968d10-b107-4a89-b805-dd56466e025e: shutdown LeaderState
2019-09-26 10:07:15,238 [ForkJoinPool.commonPool-worker-1] INFO  impl.PendingRequests (PendingRequests.java:sendNotLeaderResponses(202)) - c8968d10-b107-4a89-b805-dd56466e025e-PendingRequests: sendNotLeaderResponses
2019-09-26 10:07:15,238 [ForkJoinPool.commonPool-worker-1] INFO  impl.StateMachineUpdater (StateMachineUpdater.java:stopAndJoin(125)) - c8968d10-b107-4a89-b805-dd56466e025e@group-FF42C95B4F72-StateMachineUpdater: set stopIndex = 0
2019-09-26 10:07:15,238 [ForkJoinPool.commonPool-worker-1] INFO  impl.RaftServerImpl (ServerState.java:close(385)) - c8968d10-b107-4a89-b805-dd56466e025e@group-FF42C95B4F72: closes. applyIndex: 0
2019-09-26 10:07:15,239 [c8968d10-b107-4a89-b805-dd56466e025e@group-FF42C95B4F72-SegmentedRaftLogWorker] INFO  segmented.SegmentedRaftLogWorker (SegmentedRaftLogWorker.java:run(313)) - c8968d10-b107-4a89-b805-dd56466e025e@group-FF42C95B4F72-SegmentedRaftLogWorker was interrupted, exiting. There are 0 tasks remaining in the queue.
2019-09-26 10:07:15,239 [ForkJoinPool.commonPool-worker-1] INFO  segmented.SegmentedRaftLogWorker (SegmentedRaftLogWorker.java:close(228)) - c8968d10-b107-4a89-b805-dd56466e025e@group-FF42C95B4F72-SegmentedRaftLogWorker close()
2019-09-26 10:07:15,239 [ForkJoinPool.commonPool-worker-1] INFO  impl.RaftServerImpl (RaftServerImpl.java:lambda$shutdown$3(251)) - c8968d10-b107-4a89-b805-dd56466e025e@group-65107FFF564E: shutdown
2019-09-26 10:07:15,240 [ForkJoinPool.commonPool-worker-1] INFO  util.JmxRegister (JmxRegister.java:unregister(73)) - Successfully un-registered JMX Bean with object name Ratis:service=RaftServer,group=group-65107FFF564E,id=c8968d10-b107-4a89-b805-dd56466e025e
2019-09-26 10:07:15,240 [ForkJoinPool.commonPool-worker-1] INFO  impl.RoleInfo (RoleInfo.java:shutdownLeaderState(104)) - c8968d10-b107-4a89-b805-dd56466e025e: shutdown LeaderState
2019-09-26 10:07:15,240 [ForkJoinPool.commonPool-worker-1] INFO  impl.PendingRequests (PendingRequests.java:sendNotLeaderResponses(202)) - c8968d10-b107-4a89-b805-dd56466e025e-PendingRequests: sendNotLeaderResponses
2019-09-26 10:07:15,240 [ForkJoinPool.commonPool-worker-1] INFO  impl.StateMachineUpdater (StateMachineUpdater.java:stopAndJoin(125)) - c8968d10-b107-4a89-b805-dd56466e025e@group-65107FFF564E-StateMachineUpdater: set stopIndex = 0
2019-09-26 10:07:15,241 [ForkJoinPool.commonPool-worker-1] INFO  impl.RaftServerImpl (ServerState.java:close(385)) - c8968d10-b107-4a89-b805-dd56466e025e@group-65107FFF564E: closes. applyIndex: 0
2019-09-26 10:07:15,241 [c8968d10-b107-4a89-b805-dd56466e025e@group-65107FFF564E-SegmentedRaftLogWorker] INFO  segmented.SegmentedRaftLogWorker (SegmentedRaftLogWorker.java:run(313)) - c8968d10-b107-4a89-b805-dd56466e025e@group-65107FFF564E-SegmentedRaftLogWorker was interrupted, exiting. There are 0 tasks remaining in the queue.
2019-09-26 10:07:15,241 [ForkJoinPool.commonPool-worker-1] INFO  segmented.SegmentedRaftLogWorker (SegmentedRaftLogWorker.java:close(228)) - c8968d10-b107-4a89-b805-dd56466e025e@group-65107FFF564E-SegmentedRaftLogWorker close()
2019-09-26 10:07:15,241 [ForkJoinPool.commonPool-worker-1] INFO  impl.RaftServerImpl (RaftServerImpl.java:lambda$shutdown$3(251)) - c8968d10-b107-4a89-b805-dd56466e025e@group-1E34219C1302: shutdown
2019-09-26 10:07:15,242 [ForkJoinPool.commonPool-worker-1] INFO  util.JmxRegister (JmxRegister.java:unregister(73)) - Successfully un-registered JMX Bean with object name Ratis:service=RaftServer,group=group-1E34219C1302,id=c8968d10-b107-4a89-b805-dd56466e025e
2019-09-26 10:07:15,242 [ForkJoinPool.commonPool-worker-1] INFO  impl.RoleInfo (RoleInfo.java:shutdownLeaderState(104)) - c8968d10-b107-4a89-b805-dd56466e025e: shutdown LeaderState
2019-09-26 10:07:15,242 [ForkJoinPool.commonPool-worker-1] INFO  impl.PendingRequests (PendingRequests.java:sendNotLeaderResponses(202)) - c8968d10-b107-4a89-b805-dd56466e025e-PendingRequests: sendNotLeaderResponses
2019-09-26 10:07:15,242 [ForkJoinPool.commonPool-worker-1] INFO  impl.StateMachineUpdater (StateMachineUpdater.java:stopAndJoin(125)) - c8968d10-b107-4a89-b805-dd56466e025e@group-1E34219C1302-StateMachineUpdater: set stopIndex = 0
2019-09-26 10:07:15,243 [ForkJoinPool.commonPool-worker-1] INFO  impl.RaftServerImpl (ServerState.java:close(385)) - c8968d10-b107-4a89-b805-dd56466e025e@group-1E34219C1302: closes. applyIndex: 0
2019-09-26 10:07:15,243 [c8968d10-b107-4a89-b805-dd56466e025e@group-1E34219C1302-SegmentedRaftLogWorker] INFO  segmented.SegmentedRaftLogWorker (SegmentedRaftLogWorker.java:run(313)) - c8968d10-b107-4a89-b805-dd56466e025e@group-1E34219C1302-SegmentedRaftLogWorker was interrupted, exiting. There are 0 tasks remaining in the queue.
2019-09-26 10:07:15,243 [ForkJoinPool.commonPool-worker-1] INFO  segmented.SegmentedRaftLogWorker (SegmentedRaftLogWorker.java:close(228)) - c8968d10-b107-4a89-b805-dd56466e025e@group-1E34219C1302-SegmentedRaftLogWorker close()
2019-09-26 10:07:15,244 [ForkJoinPool.commonPool-worker-1] INFO  impl.RaftServerImpl (RaftServerImpl.java:lambda$shutdown$3(251)) - c8968d10-b107-4a89-b805-dd56466e025e@group-22A5EAB8D91F: shutdown
2019-09-26 10:07:15,244 [ForkJoinPool.commonPool-worker-1] INFO  util.JmxRegister (JmxRegister.java:unregister(73)) - Successfully un-registered JMX Bean with object name Ratis:service=RaftServer,group=group-22A5EAB8D91F,id=c8968d10-b107-4a89-b805-dd56466e025e
2019-09-26 10:07:15,244 [ForkJoinPool.commonPool-worker-1] INFO  impl.RoleInfo (RoleInfo.java:shutdownLeaderState(104)) - c8968d10-b107-4a89-b805-dd56466e025e: shutdown LeaderState
2019-09-26 10:07:15,244 [ForkJoinPool.commonPool-worker-1] INFO  impl.PendingRequests (PendingRequests.java:sendNotLeaderResponses(202)) - c8968d10-b107-4a89-b805-dd56466e025e-PendingRequests: sendNotLeaderResponses
2019-09-26 10:07:15,245 [ForkJoinPool.commonPool-worker-1] INFO  impl.StateMachineUpdater (StateMachineUpdater.java:stopAndJoin(125)) - c8968d10-b107-4a89-b805-dd56466e025e@group-22A5EAB8D91F-StateMachineUpdater: set stopIndex = 0
2019-09-26 10:07:15,245 [ForkJoinPool.commonPool-worker-1] INFO  impl.RaftServerImpl (ServerState.java:close(385)) - c8968d10-b107-4a89-b805-dd56466e025e@group-22A5EAB8D91F: closes. applyIndex: 0
2019-09-26 10:07:15,245 [c8968d10-b107-4a89-b805-dd56466e025e@group-22A5EAB8D91F-SegmentedRaftLogWorker] INFO  segmented.SegmentedRaftLogWorker (SegmentedRaftLogWorker.java:run(313)) - c8968d10-b107-4a89-b805-dd56466e025e@group-22A5EAB8D91F-SegmentedRaftLogWorker was interrupted, exiting. There are 0 tasks remaining in the queue.
2019-09-26 10:07:15,245 [ForkJoinPool.commonPool-worker-1] INFO  segmented.SegmentedRaftLogWorker (SegmentedRaftLogWorker.java:close(228)) - c8968d10-b107-4a89-b805-dd56466e025e@group-22A5EAB8D91F-SegmentedRaftLogWorker close()
2019-09-26 10:07:15,246 [ForkJoinPool.commonPool-worker-1] INFO  impl.RaftServerImpl (RaftServerImpl.java:lambda$shutdown$3(251)) - c8968d10-b107-4a89-b805-dd56466e025e@group-057B12688465: shutdown
2019-09-26 10:07:15,246 [ForkJoinPool.commonPool-worker-1] INFO  util.JmxRegister (JmxRegister.java:unregister(73)) - Successfully un-registered JMX Bean with object name Ratis:service=RaftServer,group=group-057B12688465,id=c8968d10-b107-4a89-b805-dd56466e025e
2019-09-26 10:07:15,246 [ForkJoinPool.commonPool-worker-1] INFO  impl.RoleInfo (RoleInfo.java:shutdownLeaderState(104)) - c8968d10-b107-4a89-b805-dd56466e025e: shutdown LeaderState
2019-09-26 10:07:15,246 [ForkJoinPool.commonPool-worker-1] INFO  impl.PendingRequests (PendingRequests.java:sendNotLeaderResponses(202)) - c8968d10-b107-4a89-b805-dd56466e025e-PendingRequests: sendNotLeaderResponses
2019-09-26 10:07:15,247 [ForkJoinPool.commonPool-worker-1] INFO  impl.StateMachineUpdater (StateMachineUpdater.java:stopAndJoin(125)) - c8968d10-b107-4a89-b805-dd56466e025e@group-057B12688465-StateMachineUpdater: set stopIndex = 0
2019-09-26 10:07:15,247 [ForkJoinPool.commonPool-worker-1] INFO  impl.RaftServerImpl (ServerState.java:close(385)) - c8968d10-b107-4a89-b805-dd56466e025e@group-057B12688465: closes. applyIndex: 0
2019-09-26 10:07:15,247 [c8968d10-b107-4a89-b805-dd56466e025e@group-057B12688465-SegmentedRaftLogWorker] INFO  segmented.SegmentedRaftLogWorker (SegmentedRaftLogWorker.java:run(313)) - c8968d10-b107-4a89-b805-dd56466e025e@group-057B12688465-SegmentedRaftLogWorker was interrupted, exiting. There are 0 tasks remaining in the queue.
2019-09-26 10:07:15,247 [ForkJoinPool.commonPool-worker-1] INFO  segmented.SegmentedRaftLogWorker (SegmentedRaftLogWorker.java:close(228)) - c8968d10-b107-4a89-b805-dd56466e025e@group-057B12688465-SegmentedRaftLogWorker close()
2019-09-26 10:07:15,248 [ForkJoinPool.commonPool-worker-1] INFO  server.GrpcService (GrpcService.java:closeImpl(164)) - c8968d10-b107-4a89-b805-dd56466e025e: shutdown server with port 41045 now
2019-09-26 10:07:15,251 [ForkJoinPool.commonPool-worker-1] INFO  server.GrpcService (GrpcService.java:closeImpl(172)) - c8968d10-b107-4a89-b805-dd56466e025e: shutdown server with port 41045 successfully
2019-09-26 10:07:15,253 [refreshUsed-/workdir/hadoop-ozone/integration-test/target/test-dir/MiniOzoneClusterImpl-3237421e-5f73-41b0-8605-c54d21f4eaa5/datanode-5/data/containers] WARN  fs.CachingGetSpaceUsed (CachingGetSpaceUsed.java:run(183)) - Thread Interrupted waiting to refresh disk information: sleep interrupted
2019-09-26 10:07:15,270 [ForkJoinPool.commonPool-worker-1] INFO  utils.BackgroundService (BackgroundService.java:shutdown(148)) - Shutting down service BlockDeletingService
2019-09-26 10:07:15,279 [ForkJoinPool.commonPool-worker-1] INFO  statemachine.DatanodeStateMachine (DatanodeStateMachine.java:stopDaemon(395)) - Ozone container server stopped.
2019-09-26 10:07:15,285 [ForkJoinPool.commonPool-worker-1] INFO  handler.ContextHandler (ContextHandler.java:doStop(910)) - Stopped o.e.j.w.WebAppContext@2e1add6f{/,null,UNAVAILABLE}{/hddsDatanode}
2019-09-26 10:07:15,286 [ForkJoinPool.commonPool-worker-1] INFO  server.AbstractConnector (AbstractConnector.java:doStop(318)) - Stopped ServerConnector@467af68c{HTTP/1.1,[http/1.1]}{0.0.0.0:0}
2019-09-26 10:07:15,286 [ForkJoinPool.commonPool-worker-1] INFO  handler.ContextHandler (ContextHandler.java:doStop(910)) - Stopped o.e.j.s.ServletContextHandler@696174d3{/static,jar:file:/home/user/.m2/repository/org/apache/hadoop/hadoop-hdds-container-service/0.5.0-SNAPSHOT/hadoop-hdds-container-service-0.5.0-SNAPSHOT.jar!/webapps/static,UNAVAILABLE}
2019-09-26 10:07:15,287 [ForkJoinPool.commonPool-worker-1] INFO  handler.ContextHandler (ContextHandler.java:doStop(910)) - Stopped o.e.j.s.ServletContextHandler@502c2278{/logs,file:///workdir/hadoop-ozone/integration-test/target/log,UNAVAILABLE}
2019-09-26 10:07:15,288 [main] INFO  ozone.MiniOzoneClusterImpl (MiniOzoneClusterImpl.java:stopSCM(392)) - Stopping the StorageContainerManager
2019-09-26 10:07:15,288 [main] INFO  server.StorageContainerManager (StorageContainerManager.java:stop(808)) - Stopping Replication Manager Service.
2019-09-26 10:07:15,288 [main] INFO  container.ReplicationManager (ReplicationManager.java:stop(204)) - Stopping Replication Monitor Thread.
2019-09-26 10:07:15,288 [main] INFO  server.StorageContainerManager (StorageContainerManager.java:stop(815)) - Stopping Lease Manager of the command watchers
2019-09-26 10:07:15,288 [main] INFO  server.StorageContainerManager (StorageContainerManager.java:stop(822)) - Stopping datanode service RPC server
2019-09-26 10:07:15,289 [main] INFO  server.SCMDatanodeProtocolServer (SCMDatanodeProtocolServer.java:stop(367)) - Stopping the RPC server for DataNodes
2019-09-26 10:07:15,289 [main] INFO  ipc.Server (Server.java:stop(3082)) - Stopping server on 34587
2019-09-26 10:07:15,293 [IPC Server listener on 34587] INFO  ipc.Server (Server.java:run(1185)) - Stopping IPC Server listener on 34587
2019-09-26 10:07:15,293 [IPC Server Responder] INFO  ipc.Server (Server.java:run(1319)) - Stopping IPC Server Responder
2019-09-26 10:07:15,344 [SCM Heartbeat Processing Thread - 0] WARN  node.NodeStateManager (NodeStateManager.java:scheduleNextHealthCheck(655)) - Current Thread is interrupted, shutting down HB processing thread for Node Manager.
2019-09-26 10:07:15,344 [main] INFO  server.StorageContainerManager (StorageContainerManager.java:stop(830)) - Stopping block service RPC server
2019-09-26 10:07:15,344 [main] INFO  server.SCMBlockProtocolServer (SCMBlockProtocolServer.java:stop(155)) - Stopping the RPC server for Block Protocol
2019-09-26 10:07:15,345 [main] INFO  ipc.Server (Server.java:stop(3082)) - Stopping server on 35074
2019-09-26 10:07:15,349 [main] INFO  server.StorageContainerManager (StorageContainerManager.java:stop(837)) - Stopping the StorageContainerLocationProtocol RPC server
2019-09-26 10:07:15,350 [main] INFO  server.SCMClientProtocolServer (SCMClientProtocolServer.java:stop(159)) - Stopping the RPC server for Client Protocol
2019-09-26 10:07:15,350 [IPC Server Responder] INFO  ipc.Server (Server.java:run(1319)) - Stopping IPC Server Responder
2019-09-26 10:07:15,350 [main] INFO  ipc.Server (Server.java:stop(3082)) - Stopping server on 41849
2019-09-26 10:07:15,350 [IPC Server listener on 35074] INFO  ipc.Server (Server.java:run(1185)) - Stopping IPC Server listener on 35074
2019-09-26 10:07:15,357 [IPC Server listener on 41849] INFO  ipc.Server (Server.java:run(1185)) - Stopping IPC Server listener on 41849
2019-09-26 10:07:15,357 [main] INFO  server.StorageContainerManager (StorageContainerManager.java:stop(844)) - Stopping Storage Container Manager HTTP server.
2019-09-26 10:07:15,357 [IPC Server Responder] INFO  ipc.Server (Server.java:run(1319)) - Stopping IPC Server Responder
2019-09-26 10:07:15,361 [main] INFO  handler.ContextHandler (ContextHandler.java:doStop(910)) - Stopped o.e.j.w.WebAppContext@322b09da{/,null,UNAVAILABLE}{/scm}
2019-09-26 10:07:15,362 [main] INFO  server.AbstractConnector (AbstractConnector.java:doStop(318)) - Stopped ServerConnector@45d389f2{HTTP/1.1,[http/1.1]}{0.0.0.0:0}
2019-09-26 10:07:15,362 [main] INFO  handler.ContextHandler (ContextHandler.java:doStop(910)) - Stopped o.e.j.s.ServletContextHandler@5a06904{/static,file:///workdir/hadoop-ozone/integration-test/target/test-classes/webapps/static,UNAVAILABLE}
2019-09-26 10:07:15,362 [main] INFO  handler.ContextHandler (ContextHandler.java:doStop(910)) - Stopped o.e.j.s.ServletContextHandler@9f0fc36{/logs,file:///workdir/hadoop-ozone/integration-test/target/log,UNAVAILABLE}
2019-09-26 10:07:15,363 [main] INFO  server.StorageContainerManager (StorageContainerManager.java:stop(855)) - Stopping Block Manager Service.
2019-09-26 10:07:15,364 [main] INFO  utils.BackgroundService (BackgroundService.java:shutdown(148)) - Shutting down service SCMBlockDeletingService
2019-09-26 10:07:15,364 [main] INFO  utils.BackgroundService (BackgroundService.java:shutdown(148)) - Shutting down service SCMBlockDeletingService
2019-09-26 10:07:15,365 [main] INFO  server.StorageContainerManager (StorageContainerManager.java:stop(877)) - Stopping SCM Event Queue.
2019-09-26 10:07:15,370 [main] INFO  impl.MetricsSystemImpl (MetricsSystemImpl.java:stop(210)) - Stopping HddsDatanode metrics system...
2019-09-26 10:07:15,440 [main] INFO  impl.MetricsSystemImpl (MetricsSystemImpl.java:stop(216)) - HddsDatanode metrics system stopped.
]]></system-out>
  </testcase>
  <testcase name="testExceptionDuringClose" classname="org.apache.hadoop.ozone.client.rpc.TestBlockOutputStreamWithFailures" time="28.991">
    <error message="Allocated 0 blocks. Requested 1 blocks" type="INTERNAL_ERROR org.apache.hadoop.ozone.om.exceptions.OMException">INTERNAL_ERROR org.apache.hadoop.ozone.om.exceptions.OMException: Allocated 0 blocks. Requested 1 blocks
	at org.apache.hadoop.ozone.om.protocolPB.OzoneManagerProtocolClientSideTranslatorPB.handleError(OzoneManagerProtocolClientSideTranslatorPB.java:732)
	at org.apache.hadoop.ozone.om.protocolPB.OzoneManagerProtocolClientSideTranslatorPB.openKey(OzoneManagerProtocolClientSideTranslatorPB.java:723)
	at sun.reflect.NativeMethodAccessorImpl.invoke0(Native Method)
	at sun.reflect.NativeMethodAccessorImpl.invoke(NativeMethodAccessorImpl.java:62)
	at sun.reflect.DelegatingMethodAccessorImpl.invoke(DelegatingMethodAccessorImpl.java:43)
	at java.lang.reflect.Method.invoke(Method.java:498)
	at org.apache.hadoop.hdds.tracing.TraceAllMethod.invoke(TraceAllMethod.java:66)
	at com.sun.proxy.$Proxy37.openKey(Unknown Source)
	at org.apache.hadoop.ozone.client.rpc.RpcClient.createKey(RpcClient.java:614)
	at org.apache.hadoop.ozone.client.OzoneBucket.createKey(OzoneBucket.java:325)
	at org.apache.hadoop.ozone.container.ContainerTestHelper.createKey(ContainerTestHelper.java:704)
	at org.apache.hadoop.ozone.client.rpc.TestBlockOutputStreamWithFailures.createKey(TestBlockOutputStreamWithFailures.java:1210)
	at org.apache.hadoop.ozone.client.rpc.TestBlockOutputStreamWithFailures.createKey(TestBlockOutputStreamWithFailures.java:1204)
	at org.apache.hadoop.ozone.client.rpc.TestBlockOutputStreamWithFailures.testExceptionDuringClose(TestBlockOutputStreamWithFailures.java:679)
	at sun.reflect.NativeMethodAccessorImpl.invoke0(Native Method)
	at sun.reflect.NativeMethodAccessorImpl.invoke(NativeMethodAccessorImpl.java:62)
	at sun.reflect.DelegatingMethodAccessorImpl.invoke(DelegatingMethodAccessorImpl.java:43)
	at java.lang.reflect.Method.invoke(Method.java:498)
	at org.junit.runners.model.FrameworkMethod$1.runReflectiveCall(FrameworkMethod.java:47)
	at org.junit.internal.runners.model.ReflectiveCallable.run(ReflectiveCallable.java:12)
	at org.junit.runners.model.FrameworkMethod.invokeExplosively(FrameworkMethod.java:44)
	at org.junit.internal.runners.statements.InvokeMethod.evaluate(InvokeMethod.java:17)
	at org.junit.internal.runners.statements.RunBefores.evaluate(RunBefores.java:26)
	at org.junit.internal.runners.statements.RunAfters.evaluate(RunAfters.java:27)
	at org.junit.runners.ParentRunner.runLeaf(ParentRunner.java:271)
	at org.junit.runners.BlockJUnit4ClassRunner.runChild(BlockJUnit4ClassRunner.java:70)
	at org.junit.runners.BlockJUnit4ClassRunner.runChild(BlockJUnit4ClassRunner.java:50)
	at org.junit.runners.ParentRunner$3.run(ParentRunner.java:238)
	at org.junit.runners.ParentRunner$1.schedule(ParentRunner.java:63)
	at org.junit.runners.ParentRunner.runChildren(ParentRunner.java:236)
	at org.junit.runners.ParentRunner.access$000(ParentRunner.java:53)
	at org.junit.runners.ParentRunner$2.evaluate(ParentRunner.java:229)
	at org.junit.runners.ParentRunner.run(ParentRunner.java:309)
	at org.apache.maven.surefire.junit4.JUnit4Provider.execute(JUnit4Provider.java:365)
	at org.apache.maven.surefire.junit4.JUnit4Provider.executeWithRerun(JUnit4Provider.java:273)
	at org.apache.maven.surefire.junit4.JUnit4Provider.executeTestSet(JUnit4Provider.java:238)
	at org.apache.maven.surefire.junit4.JUnit4Provider.invoke(JUnit4Provider.java:159)
	at org.apache.maven.surefire.booter.ForkedBooter.invokeProviderInSameClassLoader(ForkedBooter.java:384)
	at org.apache.maven.surefire.booter.ForkedBooter.runSuitesInProcess(ForkedBooter.java:345)
	at org.apache.maven.surefire.booter.ForkedBooter.execute(ForkedBooter.java:126)
	at org.apache.maven.surefire.booter.ForkedBooter.main(ForkedBooter.java:418)
</error>
    <system-out><![CDATA[2019-09-26 10:07:15,496 [main] WARN  server.ServerUtils (ServerUtils.java:getScmDbDir(145)) - ozone.scm.db.dirs is not configured. We recommend adding this setting. Falling back to ozone.metadata.dirs instead.
2019-09-26 10:07:15,522 [main] WARN  server.ServerUtils (ServerUtils.java:getScmDbDir(145)) - ozone.scm.db.dirs is not configured. We recommend adding this setting. Falling back to ozone.metadata.dirs instead.
2019-09-26 10:07:15,522 [main] WARN  server.ServerUtils (ServerUtils.java:getScmDbDir(145)) - ozone.scm.db.dirs is not configured. We recommend adding this setting. Falling back to ozone.metadata.dirs instead.
2019-09-26 10:07:15,523 [main] INFO  db.DBStoreBuilder (DBStoreBuilder.java:addTable(110)) - using custom profile for table: deletedBlocks
2019-09-26 10:07:15,523 [main] INFO  db.DBStoreBuilder (DBStoreBuilder.java:processTables(161)) - Using default column profile:DBProfile.DISK for Table:deletedBlocks
2019-09-26 10:07:15,523 [main] INFO  db.DBStoreBuilder (DBStoreBuilder.java:addTable(110)) - using custom profile for table: validCerts
2019-09-26 10:07:15,524 [main] INFO  db.DBStoreBuilder (DBStoreBuilder.java:processTables(161)) - Using default column profile:DBProfile.DISK for Table:validCerts
2019-09-26 10:07:15,524 [main] INFO  db.DBStoreBuilder (DBStoreBuilder.java:addTable(110)) - using custom profile for table: revokedCerts
2019-09-26 10:07:15,524 [main] INFO  db.DBStoreBuilder (DBStoreBuilder.java:processTables(161)) - Using default column profile:DBProfile.DISK for Table:revokedCerts
2019-09-26 10:07:15,525 [main] INFO  db.DBStoreBuilder (DBStoreBuilder.java:addTable(110)) - using custom profile for table: default
2019-09-26 10:07:15,525 [main] INFO  db.DBStoreBuilder (DBStoreBuilder.java:processTables(167)) - Using default column profile:DBProfile.DISK for Table:default
2019-09-26 10:07:15,525 [main] INFO  db.DBStoreBuilder (DBStoreBuilder.java:getDbProfile(198)) - Using default options. DBProfile.DISK
2019-09-26 10:07:15,681 [main] INFO  net.NodeSchemaLoader (NodeSchemaLoader.java:loadSchemaFromFile(125)) - Loading file from sun.misc.CompoundEnumeration@7dd3981e
2019-09-26 10:07:15,681 [main] INFO  net.NodeSchemaLoader (NodeSchemaLoader.java:loadSchema(171)) - Loading network topology layer schema file
2019-09-26 10:07:15,687 [main] INFO  node.SCMNodeManager (SCMNodeManager.java:<init>(114)) - Entering startup safe mode.
2019-09-26 10:07:15,687 [main] INFO  algorithms.ContainerPlacementPolicyFactory (ContainerPlacementPolicyFactory.java:getPolicy(59)) - Create container placement policy of type org.apache.hadoop.hdds.scm.container.placement.algorithms.SCMContainerPlacementRandom
2019-09-26 10:07:15,688 [main] WARN  server.ServerUtils (ServerUtils.java:getScmDbDir(145)) - ozone.scm.db.dirs is not configured. We recommend adding this setting. Falling back to ozone.metadata.dirs instead.
2019-09-26 10:07:15,710 [main] INFO  pipeline.SCMPipelineManager (SCMPipelineManager.java:initializePipelineState(132)) - No pipeline exists in current db
2019-09-26 10:07:15,711 [main] WARN  server.ServerUtils (ServerUtils.java:getScmDbDir(145)) - ozone.scm.db.dirs is not configured. We recommend adding this setting. Falling back to ozone.metadata.dirs instead.
2019-09-26 10:07:15,780 [main] WARN  events.EventQueue (EventQueue.java:fireEvent(183)) - No event handler registered for event TypedEvent{payloadType=SafeModeStatus, name='SafeModeStatus'}
2019-09-26 10:07:15,781 [main] INFO  ipc.CallQueueManager (CallQueueManager.java:<init>(84)) - Using callQueue: class java.util.concurrent.LinkedBlockingQueue, queueCapacity: 2000, scheduler: class org.apache.hadoop.ipc.DefaultRpcScheduler, ipcBackoff: false.
2019-09-26 10:07:15,782 [Socket Reader #1 for port 39448] INFO  ipc.Server (Server.java:run(1074)) - Starting Socket Reader #1 for port 39448
2019-09-26 10:07:15,787 [main] INFO  ipc.CallQueueManager (CallQueueManager.java:<init>(84)) - Using callQueue: class java.util.concurrent.LinkedBlockingQueue, queueCapacity: 2000, scheduler: class org.apache.hadoop.ipc.DefaultRpcScheduler, ipcBackoff: false.
2019-09-26 10:07:15,788 [Socket Reader #1 for port 43040] INFO  ipc.Server (Server.java:run(1074)) - Starting Socket Reader #1 for port 43040
2019-09-26 10:07:15,800 [main] INFO  ipc.CallQueueManager (CallQueueManager.java:<init>(84)) - Using callQueue: class java.util.concurrent.LinkedBlockingQueue, queueCapacity: 2000, scheduler: class org.apache.hadoop.ipc.DefaultRpcScheduler, ipcBackoff: false.
2019-09-26 10:07:15,801 [Socket Reader #1 for port 46787] INFO  ipc.Server (Server.java:run(1074)) - Starting Socket Reader #1 for port 46787
2019-09-26 10:07:15,805 [main] INFO  hdfs.DFSUtil (DFSUtil.java:httpServerTemplateForNNAndJN(1641)) - Starting Web-server for scm at: http://0.0.0.0:0
2019-09-26 10:07:15,808 [main] INFO  server.AuthenticationFilter (AuthenticationFilter.java:constructSecretProvider(240)) - Unable to initialize FileSignerSecretProvider, falling back to use random secrets.
2019-09-26 10:07:15,808 [main] WARN  http.HttpRequestLog (HttpRequestLog.java:getRequestLog(97)) - Jetty request log can only be enabled using Log4j
2019-09-26 10:07:15,810 [main] INFO  http.HttpServer2 (HttpServer2.java:addGlobalFilter(975)) - Added global filter 'safety' (class=org.apache.hadoop.http.HttpServer2$QuotingInputFilter)
2019-09-26 10:07:15,811 [main] INFO  http.HttpServer2 (HttpServer2.java:addFilter(948)) - Added filter static_user_filter (class=org.apache.hadoop.http.lib.StaticUserWebFilter$StaticUserFilter) to context scm
2019-09-26 10:07:15,811 [main] INFO  http.HttpServer2 (HttpServer2.java:addFilter(958)) - Added filter static_user_filter (class=org.apache.hadoop.http.lib.StaticUserWebFilter$StaticUserFilter) to context static
2019-09-26 10:07:15,811 [main] INFO  http.HttpServer2 (HttpServer2.java:addFilter(958)) - Added filter static_user_filter (class=org.apache.hadoop.http.lib.StaticUserWebFilter$StaticUserFilter) to context logs
2019-09-26 10:07:15,813 [main] INFO  server.StorageContainerManager (StorageContainerManager.java:start(770)) - StorageContainerLocationProtocol RPC server is listening at /0.0.0.0:46787
2019-09-26 10:07:15,816 [main] WARN  impl.MetricsConfig (MetricsConfig.java:loadFirst(134)) - Cannot locate configuration: tried hadoop-metrics2-storagecontainermanager.properties,hadoop-metrics2.properties
2019-09-26 10:07:15,817 [main] INFO  impl.MetricsSystemImpl (MetricsSystemImpl.java:startTimer(374)) - Scheduled Metric snapshot period at 10 second(s).
2019-09-26 10:07:15,817 [main] INFO  impl.MetricsSystemImpl (MetricsSystemImpl.java:start(191)) - StorageContainerManager metrics system started
2019-09-26 10:07:16,190 [main] WARN  impl.MetricsSystemImpl (MetricsSystemImpl.java:register(276)) - Sink prometheus already exists!
2019-09-26 10:07:16,737 [main] INFO  server.SCMClientProtocolServer (SCMClientProtocolServer.java:start(151)) - RPC server for Client  is listening at /0.0.0.0:46787
2019-09-26 10:07:16,738 [IPC Server listener on 46787] INFO  ipc.Server (Server.java:run(1153)) - IPC Server listener on 46787: starting
2019-09-26 10:07:16,738 [IPC Server Responder] INFO  ipc.Server (Server.java:run(1314)) - IPC Server Responder: starting
2019-09-26 10:07:16,746 [main] INFO  server.StorageContainerManager (StorageContainerManager.java:start(780)) - ScmBlockLocationProtocol RPC server is listening at /0.0.0.0:43040
2019-09-26 10:07:16,746 [main] INFO  server.SCMBlockProtocolServer (SCMBlockProtocolServer.java:start(146)) - RPC server for Block Protocol is listening at /0.0.0.0:43040
2019-09-26 10:07:16,747 [IPC Server Responder] INFO  ipc.Server (Server.java:run(1314)) - IPC Server Responder: starting
2019-09-26 10:07:16,747 [IPC Server listener on 43040] INFO  ipc.Server (Server.java:run(1153)) - IPC Server listener on 43040: starting
2019-09-26 10:07:16,757 [main] INFO  server.StorageContainerManager (StorageContainerManager.java:start(784)) - ScmDatanodeProtocl RPC server is listening at /0.0.0.0:39448
2019-09-26 10:07:16,757 [main] INFO  server.SCMDatanodeProtocolServer (SCMDatanodeProtocolServer.java:start(191)) - RPC server for DataNodes is listening at /0.0.0.0:39448
2019-09-26 10:07:16,758 [IPC Server Responder] INFO  ipc.Server (Server.java:run(1314)) - IPC Server Responder: starting
2019-09-26 10:07:16,758 [IPC Server listener on 39448] INFO  ipc.Server (Server.java:run(1153)) - IPC Server listener on 39448: starting
2019-09-26 10:07:16,771 [main] INFO  http.HttpServer2 (HttpServer2.java:bindListener(1191)) - Jetty bound to port 33153
2019-09-26 10:07:16,772 [main] INFO  server.Server (Server.java:doStart(351)) - jetty-9.3.25.v20180904, build timestamp: 2018-09-04T21:11:46Z, git hash: 3ce520221d0240229c862b122d2b06c12a625732
2019-09-26 10:07:16,774 [main] INFO  handler.ContextHandler (ContextHandler.java:doStart(781)) - Started o.e.j.s.ServletContextHandler@3ce7394f{/logs,file:///workdir/hadoop-ozone/integration-test/target/log,AVAILABLE}
2019-09-26 10:07:16,774 [main] INFO  handler.ContextHandler (ContextHandler.java:doStart(781)) - Started o.e.j.s.ServletContextHandler@74cd798f{/static,file:///workdir/hadoop-ozone/integration-test/target/test-classes/webapps/static,AVAILABLE}
2019-09-26 10:07:16,779 [main] INFO  handler.ContextHandler (ContextHandler.java:doStart(781)) - Started o.e.j.w.WebAppContext@41938e1e{/,file:///workdir/hadoop-ozone/integration-test/target/test-classes/webapps/scm/,AVAILABLE}{/scm}
2019-09-26 10:07:16,780 [main] INFO  server.AbstractConnector (AbstractConnector.java:doStart(278)) - Started ServerConnector@5d2e6f62{HTTP/1.1,[http/1.1]}{0.0.0.0:33153}
2019-09-26 10:07:16,783 [main] INFO  server.Server (Server.java:doStart(419)) - Started @611697ms
2019-09-26 10:07:16,783 [main] WARN  impl.MetricsSystemImpl (MetricsSystemImpl.java:register(276)) - Sink prometheus already exists!
2019-09-26 10:07:16,784 [main] INFO  server.BaseHttpServer (BaseHttpServer.java:updateConnectorAddress(215)) - HTTP server of SCM is listening at http://0.0.0.0:33153
2019-09-26 10:07:16,785 [main] WARN  server.ServerUtils (ServerUtils.java:getDBPath(222)) - ozone.om.db.dirs is not configured. We recommend adding this setting. Falling back to ozone.metadata.dirs instead.
2019-09-26 10:07:16,788 [org.apache.hadoop.util.JvmPauseMonitor$Monitor@733fae8] INFO  util.JvmPauseMonitor (JvmPauseMonitor.java:run(188)) - Starting JVM pause monitor
2019-09-26 10:07:16,813 [main] WARN  server.ServerUtils (ServerUtils.java:getDBPath(222)) - ozone.om.db.dirs is not configured. We recommend adding this setting. Falling back to ozone.metadata.dirs instead.
2019-09-26 10:07:16,814 [main] WARN  server.ServerUtils (ServerUtils.java:getDBPath(222)) - ozone.om.db.dirs is not configured. We recommend adding this setting. Falling back to ozone.metadata.dirs instead.
2019-09-26 10:07:16,814 [main] INFO  om.OzoneManager (OzoneManager.java:setOMNodeDetails(652)) - OM Service ID is not set. Setting it to the default ID: omServiceIdDefault
2019-09-26 10:07:16,814 [main] INFO  om.OzoneManager (OzoneManager.java:setOMNodeDetails(658)) - OM Node ID is not set. Setting it to the OmStorage's OmID: 6fb2b2f4-adca-45c9-91fc-67cef4cffeae
2019-09-26 10:07:16,815 [main] INFO  om.OzoneManager (OzoneManager.java:loadOMHAConfigs(609)) - Found matching OM address with OMServiceId: null, OMNodeId: null, RPC Address: localhost:0 and Ratis port: 9872
2019-09-26 10:07:16,826 [main] WARN  server.ServerUtils (ServerUtils.java:getDBPath(222)) - ozone.om.db.dirs is not configured. We recommend adding this setting. Falling back to ozone.metadata.dirs instead.
2019-09-26 10:07:16,827 [main] INFO  db.DBStoreBuilder (DBStoreBuilder.java:addTable(110)) - using custom profile for table: userTable
2019-09-26 10:07:16,827 [main] INFO  db.DBStoreBuilder (DBStoreBuilder.java:processTables(161)) - Using default column profile:DBProfile.DISK for Table:userTable
2019-09-26 10:07:16,827 [main] INFO  db.DBStoreBuilder (DBStoreBuilder.java:addTable(110)) - using custom profile for table: volumeTable
2019-09-26 10:07:16,828 [main] INFO  db.DBStoreBuilder (DBStoreBuilder.java:processTables(161)) - Using default column profile:DBProfile.DISK for Table:volumeTable
2019-09-26 10:07:16,828 [main] INFO  db.DBStoreBuilder (DBStoreBuilder.java:addTable(110)) - using custom profile for table: bucketTable
2019-09-26 10:07:16,828 [main] INFO  db.DBStoreBuilder (DBStoreBuilder.java:processTables(161)) - Using default column profile:DBProfile.DISK for Table:bucketTable
2019-09-26 10:07:16,828 [main] INFO  db.DBStoreBuilder (DBStoreBuilder.java:addTable(110)) - using custom profile for table: keyTable
2019-09-26 10:07:16,829 [main] INFO  db.DBStoreBuilder (DBStoreBuilder.java:processTables(161)) - Using default column profile:DBProfile.DISK for Table:keyTable
2019-09-26 10:07:16,829 [main] INFO  db.DBStoreBuilder (DBStoreBuilder.java:addTable(110)) - using custom profile for table: deletedTable
2019-09-26 10:07:16,829 [main] INFO  db.DBStoreBuilder (DBStoreBuilder.java:processTables(161)) - Using default column profile:DBProfile.DISK for Table:deletedTable
2019-09-26 10:07:16,829 [main] INFO  db.DBStoreBuilder (DBStoreBuilder.java:addTable(110)) - using custom profile for table: openKeyTable
2019-09-26 10:07:16,830 [main] INFO  db.DBStoreBuilder (DBStoreBuilder.java:processTables(161)) - Using default column profile:DBProfile.DISK for Table:openKeyTable
2019-09-26 10:07:16,830 [main] INFO  db.DBStoreBuilder (DBStoreBuilder.java:addTable(110)) - using custom profile for table: s3Table
2019-09-26 10:07:16,830 [main] INFO  db.DBStoreBuilder (DBStoreBuilder.java:processTables(161)) - Using default column profile:DBProfile.DISK for Table:s3Table
2019-09-26 10:07:16,830 [main] INFO  db.DBStoreBuilder (DBStoreBuilder.java:addTable(110)) - using custom profile for table: multipartInfoTable
2019-09-26 10:07:16,831 [main] INFO  db.DBStoreBuilder (DBStoreBuilder.java:processTables(161)) - Using default column profile:DBProfile.DISK for Table:multipartInfoTable
2019-09-26 10:07:16,831 [main] INFO  db.DBStoreBuilder (DBStoreBuilder.java:addTable(110)) - using custom profile for table: dTokenTable
2019-09-26 10:07:16,831 [main] INFO  db.DBStoreBuilder (DBStoreBuilder.java:processTables(161)) - Using default column profile:DBProfile.DISK for Table:dTokenTable
2019-09-26 10:07:16,831 [main] INFO  db.DBStoreBuilder (DBStoreBuilder.java:addTable(110)) - using custom profile for table: s3SecretTable
2019-09-26 10:07:16,831 [main] INFO  db.DBStoreBuilder (DBStoreBuilder.java:processTables(161)) - Using default column profile:DBProfile.DISK for Table:s3SecretTable
2019-09-26 10:07:16,832 [main] INFO  db.DBStoreBuilder (DBStoreBuilder.java:addTable(110)) - using custom profile for table: prefixTable
2019-09-26 10:07:16,832 [main] INFO  db.DBStoreBuilder (DBStoreBuilder.java:processTables(161)) - Using default column profile:DBProfile.DISK for Table:prefixTable
2019-09-26 10:07:16,832 [main] INFO  db.DBStoreBuilder (DBStoreBuilder.java:addTable(110)) - using custom profile for table: default
2019-09-26 10:07:16,832 [main] INFO  db.DBStoreBuilder (DBStoreBuilder.java:processTables(167)) - Using default column profile:DBProfile.DISK for Table:default
2019-09-26 10:07:16,833 [main] INFO  db.DBStoreBuilder (DBStoreBuilder.java:getDbProfile(198)) - Using default options. DBProfile.DISK
2019-09-26 10:07:17,322 [main] INFO  ipc.CallQueueManager (CallQueueManager.java:<init>(84)) - Using callQueue: class java.util.concurrent.LinkedBlockingQueue, queueCapacity: 2000, scheduler: class org.apache.hadoop.ipc.DefaultRpcScheduler, ipcBackoff: false.
2019-09-26 10:07:17,323 [Socket Reader #1 for port 34952] INFO  ipc.Server (Server.java:run(1074)) - Starting Socket Reader #1 for port 34952
2019-09-26 10:07:17,343 [main] INFO  om.OzoneManager (OzoneManager.java:start(1243)) - OzoneManager RPC server is listening at localhost/127.0.0.1:34952
2019-09-26 10:07:17,343 [main] INFO  impl.MetricsSystemImpl (MetricsSystemImpl.java:init(158)) - OzoneManager metrics system started (again)
2019-09-26 10:07:17,344 [IPC Server Responder] INFO  ipc.Server (Server.java:run(1314)) - IPC Server Responder: starting
2019-09-26 10:07:17,347 [IPC Server listener on 34952] INFO  ipc.Server (Server.java:run(1153)) - IPC Server listener on 34952: starting
2019-09-26 10:07:17,355 [main] INFO  hdfs.DFSUtil (DFSUtil.java:httpServerTemplateForNNAndJN(1641)) - Starting Web-server for ozoneManager at: http://0.0.0.0:0
2019-09-26 10:07:17,358 [main] INFO  server.AuthenticationFilter (AuthenticationFilter.java:constructSecretProvider(240)) - Unable to initialize FileSignerSecretProvider, falling back to use random secrets.
2019-09-26 10:07:17,358 [main] WARN  http.HttpRequestLog (HttpRequestLog.java:getRequestLog(97)) - Jetty request log can only be enabled using Log4j
2019-09-26 10:07:17,361 [main] INFO  http.HttpServer2 (HttpServer2.java:addGlobalFilter(975)) - Added global filter 'safety' (class=org.apache.hadoop.http.HttpServer2$QuotingInputFilter)
2019-09-26 10:07:17,362 [main] INFO  http.HttpServer2 (HttpServer2.java:addFilter(948)) - Added filter static_user_filter (class=org.apache.hadoop.http.lib.StaticUserWebFilter$StaticUserFilter) to context ozoneManager
2019-09-26 10:07:17,362 [main] INFO  http.HttpServer2 (HttpServer2.java:addFilter(958)) - Added filter static_user_filter (class=org.apache.hadoop.http.lib.StaticUserWebFilter$StaticUserFilter) to context static
2019-09-26 10:07:17,362 [main] INFO  http.HttpServer2 (HttpServer2.java:addFilter(958)) - Added filter static_user_filter (class=org.apache.hadoop.http.lib.StaticUserWebFilter$StaticUserFilter) to context logs
2019-09-26 10:07:17,363 [main] INFO  http.HttpServer2 (HttpServer2.java:bindListener(1191)) - Jetty bound to port 40401
2019-09-26 10:07:17,363 [main] INFO  server.Server (Server.java:doStart(351)) - jetty-9.3.25.v20180904, build timestamp: 2018-09-04T21:11:46Z, git hash: 3ce520221d0240229c862b122d2b06c12a625732
2019-09-26 10:07:17,366 [main] INFO  handler.ContextHandler (ContextHandler.java:doStart(781)) - Started o.e.j.s.ServletContextHandler@5fdb7394{/logs,file:///workdir/hadoop-ozone/integration-test/target/log,AVAILABLE}
2019-09-26 10:07:17,366 [main] INFO  handler.ContextHandler (ContextHandler.java:doStart(781)) - Started o.e.j.s.ServletContextHandler@4b5798c2{/static,file:///workdir/hadoop-ozone/integration-test/target/test-classes/webapps/static,AVAILABLE}
2019-09-26 10:07:17,372 [main] INFO  handler.ContextHandler (ContextHandler.java:doStart(781)) - Started o.e.j.w.WebAppContext@296676c4{/,file:///workdir/hadoop-ozone/integration-test/target/test-classes/webapps/ozoneManager/,AVAILABLE}{/ozoneManager}
2019-09-26 10:07:17,373 [main] INFO  server.AbstractConnector (AbstractConnector.java:doStart(278)) - Started ServerConnector@df7d1d4{HTTP/1.1,[http/1.1]}{0.0.0.0:40401}
2019-09-26 10:07:17,385 [main] INFO  server.Server (Server.java:doStart(419)) - Started @612299ms
2019-09-26 10:07:17,385 [main] WARN  impl.MetricsSystemImpl (MetricsSystemImpl.java:register(276)) - Sink prometheus already exists!
2019-09-26 10:07:17,386 [main] INFO  server.BaseHttpServer (BaseHttpServer.java:updateConnectorAddress(215)) - HTTP server of OZONEMANAGER is listening at http://0.0.0.0:40401
2019-09-26 10:07:17,410 [main] INFO  impl.MetricsSystemImpl (MetricsSystemImpl.java:init(158)) - HddsDatanode metrics system started (again)
2019-09-26 10:07:17,435 [main] INFO  ozone.HddsDatanodeService (HddsDatanodeService.java:start(184)) - HddsDatanodeService host:pr-hdds-1569-wvzgm-824869521 ip:192.168.30.13
2019-09-26 10:07:17,446 [main] INFO  volume.HddsVolume (HddsVolume.java:<init>(176)) - Creating Volume: /workdir/hadoop-ozone/integration-test/target/test-dir/MiniOzoneClusterImpl-af826fcf-2e4c-4099-bed4-c1b0f0495924/datanode-0/data/containers/hdds of  storage type : DISK and capacity : 1482555576320
2019-09-26 10:07:17,446 [main] INFO  volume.VolumeSet (VolumeSet.java:initializeVolumeSet(170)) - Added Volume : /workdir/hadoop-ozone/integration-test/target/test-dir/MiniOzoneClusterImpl-af826fcf-2e4c-4099-bed4-c1b0f0495924/datanode-0/data/containers/hdds to VolumeSet
2019-09-26 10:07:17,447 [main] INFO  volume.ThrottledAsyncChecker (ThrottledAsyncChecker.java:schedule(139)) - Scheduling a check for org.apache.hadoop.ozone.container.common.volume.HddsVolume@305aaedf
2019-09-26 10:07:17,447 [main] INFO  volume.HddsVolumeChecker (HddsVolumeChecker.java:checkAllVolumes(202)) - Scheduled health check for volume org.apache.hadoop.ozone.container.common.volume.HddsVolume@305aaedf
2019-09-26 10:07:17,465 [main] INFO  impl.RaftServerProxy (ConfUtils.java:logGet(43)) - raft.rpc.type = GRPC (default)
2019-09-26 10:07:17,466 [main] INFO  grpc.GrpcFactory (GrpcFactory.java:checkPooledByteBufAllocatorUseCacheForAllThreads(45)) - PERFORMANCE WARNING: useCacheForAllThreads is true that may cause Netty to create a lot garbage objects and, as a result, trigger GC.
	It is recommended to disable useCacheForAllThreads by setting -Dorg.apache.ratis.thirdparty.io.netty.allocator.useCacheForAllThreads=false in command line.
2019-09-26 10:07:17,466 [main] INFO  grpc.GrpcConfigKeys$Server (ConfUtils.java:logGet(43)) - raft.grpc.server.port = 0 (default)
2019-09-26 10:07:17,466 [main] INFO  server.GrpcService (ConfUtils.java:logGet(43)) - raft.grpc.message.size.max = 33570816 (custom)
2019-09-26 10:07:17,466 [main] INFO  server.RaftServerConfigKeys (ConfUtils.java:logGet(43)) - raft.server.log.appender.buffer.byte-limit = 33554432 (custom)
2019-09-26 10:07:17,467 [main] INFO  server.GrpcService (ConfUtils.java:logGet(43)) - raft.grpc.flow.control.window = 1MB (=1048576) (default)
2019-09-26 10:07:17,467 [main] INFO  server.RaftServerConfigKeys (ConfUtils.java:logGet(43)) - raft.server.rpc.request.timeout = 3000ms (default)
2019-09-26 10:07:17,468 [main] INFO  server.RaftServerConfigKeys (ConfUtils.java:logGet(43)) - raft.server.storage.dir = [/workdir/hadoop-ozone/integration-test/target/test-dir/MiniOzoneClusterImpl-af826fcf-2e4c-4099-bed4-c1b0f0495924/datanode-0/data/ratis] (custom)
2019-09-26 10:07:17,469 [main] INFO  hdfs.DFSUtil (DFSUtil.java:httpServerTemplateForNNAndJN(1641)) - Starting Web-server for hddsDatanode at: http://0.0.0.0:0
2019-09-26 10:07:17,470 [main] INFO  server.AuthenticationFilter (AuthenticationFilter.java:constructSecretProvider(240)) - Unable to initialize FileSignerSecretProvider, falling back to use random secrets.
2019-09-26 10:07:17,471 [main] WARN  http.HttpRequestLog (HttpRequestLog.java:getRequestLog(97)) - Jetty request log can only be enabled using Log4j
2019-09-26 10:07:17,472 [main] INFO  http.HttpServer2 (HttpServer2.java:addGlobalFilter(975)) - Added global filter 'safety' (class=org.apache.hadoop.http.HttpServer2$QuotingInputFilter)
2019-09-26 10:07:17,473 [main] INFO  http.HttpServer2 (HttpServer2.java:addFilter(948)) - Added filter static_user_filter (class=org.apache.hadoop.http.lib.StaticUserWebFilter$StaticUserFilter) to context hddsDatanode
2019-09-26 10:07:17,473 [main] INFO  http.HttpServer2 (HttpServer2.java:addFilter(958)) - Added filter static_user_filter (class=org.apache.hadoop.http.lib.StaticUserWebFilter$StaticUserFilter) to context logs
2019-09-26 10:07:17,473 [main] INFO  http.HttpServer2 (HttpServer2.java:addFilter(958)) - Added filter static_user_filter (class=org.apache.hadoop.http.lib.StaticUserWebFilter$StaticUserFilter) to context static
2019-09-26 10:07:17,474 [main] INFO  http.HttpServer2 (HttpServer2.java:bindListener(1191)) - Jetty bound to port 35720
2019-09-26 10:07:17,474 [main] INFO  server.Server (Server.java:doStart(351)) - jetty-9.3.25.v20180904, build timestamp: 2018-09-04T21:11:46Z, git hash: 3ce520221d0240229c862b122d2b06c12a625732
2019-09-26 10:07:17,476 [main] INFO  handler.ContextHandler (ContextHandler.java:doStart(781)) - Started o.e.j.s.ServletContextHandler@7c5c20ed{/logs,file:///workdir/hadoop-ozone/integration-test/target/log,AVAILABLE}
2019-09-26 10:07:17,476 [main] INFO  handler.ContextHandler (ContextHandler.java:doStart(781)) - Started o.e.j.s.ServletContextHandler@2aac8ad7{/static,jar:file:/home/user/.m2/repository/org/apache/hadoop/hadoop-hdds-container-service/0.5.0-SNAPSHOT/hadoop-hdds-container-service-0.5.0-SNAPSHOT.jar!/webapps/static,AVAILABLE}
2019-09-26 10:07:17,525 [main] INFO  handler.ContextHandler (ContextHandler.java:doStart(781)) - Started o.e.j.w.WebAppContext@10745a02{/,file:///tmp/jetty-0.0.0.0-35720-hddsDatanode-_-any-9196273608100117493.dir/webapp/,AVAILABLE}{/hddsDatanode}
2019-09-26 10:07:17,526 [main] INFO  server.AbstractConnector (AbstractConnector.java:doStart(278)) - Started ServerConnector@3e2d8623{HTTP/1.1,[http/1.1]}{0.0.0.0:35720}
2019-09-26 10:07:17,534 [main] INFO  server.Server (Server.java:doStart(419)) - Started @612448ms
2019-09-26 10:07:17,534 [main] WARN  impl.MetricsSystemImpl (MetricsSystemImpl.java:register(276)) - Sink prometheus already exists!
2019-09-26 10:07:17,536 [main] INFO  server.BaseHttpServer (BaseHttpServer.java:updateConnectorAddress(215)) - HTTP server of HDDSDATANODE is listening at http://0.0.0.0:35720
2019-09-26 10:07:17,537 [main] INFO  impl.MetricsSystemImpl (MetricsSystemImpl.java:init(158)) - HddsDatanode metrics system started (again)
2019-09-26 10:07:17,565 [org.apache.hadoop.util.JvmPauseMonitor$Monitor@42731b30] INFO  util.JvmPauseMonitor (JvmPauseMonitor.java:run(188)) - Starting JVM pause monitor
2019-09-26 10:07:17,567 [Datanode State Machine Thread - 0] INFO  datanode.InitDatanodeState (InitDatanodeState.java:persistContainerDatanodeDetails(140)) - DatanodeDetails is persisted to /workdir/hadoop-ozone/integration-test/target/test-dir/MiniOzoneClusterImpl-af826fcf-2e4c-4099-bed4-c1b0f0495924/datanode-0/meta/datanode.id
2019-09-26 10:07:17,569 [main] INFO  ozone.HddsDatanodeService (HddsDatanodeService.java:start(184)) - HddsDatanodeService host:pr-hdds-1569-wvzgm-824869521 ip:192.168.30.13
2019-09-26 10:07:17,580 [main] INFO  volume.HddsVolume (HddsVolume.java:<init>(176)) - Creating Volume: /workdir/hadoop-ozone/integration-test/target/test-dir/MiniOzoneClusterImpl-af826fcf-2e4c-4099-bed4-c1b0f0495924/datanode-1/data/containers/hdds of  storage type : DISK and capacity : 1482555576320
2019-09-26 10:07:17,580 [main] INFO  volume.VolumeSet (VolumeSet.java:initializeVolumeSet(170)) - Added Volume : /workdir/hadoop-ozone/integration-test/target/test-dir/MiniOzoneClusterImpl-af826fcf-2e4c-4099-bed4-c1b0f0495924/datanode-1/data/containers/hdds to VolumeSet
2019-09-26 10:07:17,580 [main] INFO  volume.ThrottledAsyncChecker (ThrottledAsyncChecker.java:schedule(139)) - Scheduling a check for org.apache.hadoop.ozone.container.common.volume.HddsVolume@580c17a0
2019-09-26 10:07:17,581 [main] INFO  volume.HddsVolumeChecker (HddsVolumeChecker.java:checkAllVolumes(202)) - Scheduled health check for volume org.apache.hadoop.ozone.container.common.volume.HddsVolume@580c17a0
2019-09-26 10:07:17,602 [main] INFO  impl.RaftServerProxy (ConfUtils.java:logGet(43)) - raft.rpc.type = GRPC (default)
2019-09-26 10:07:17,602 [main] INFO  grpc.GrpcFactory (GrpcFactory.java:checkPooledByteBufAllocatorUseCacheForAllThreads(45)) - PERFORMANCE WARNING: useCacheForAllThreads is true that may cause Netty to create a lot garbage objects and, as a result, trigger GC.
	It is recommended to disable useCacheForAllThreads by setting -Dorg.apache.ratis.thirdparty.io.netty.allocator.useCacheForAllThreads=false in command line.
2019-09-26 10:07:17,603 [main] INFO  grpc.GrpcConfigKeys$Server (ConfUtils.java:logGet(43)) - raft.grpc.server.port = 0 (default)
2019-09-26 10:07:17,603 [main] INFO  server.GrpcService (ConfUtils.java:logGet(43)) - raft.grpc.message.size.max = 33570816 (custom)
2019-09-26 10:07:17,604 [main] INFO  server.RaftServerConfigKeys (ConfUtils.java:logGet(43)) - raft.server.log.appender.buffer.byte-limit = 33554432 (custom)
2019-09-26 10:07:17,604 [main] INFO  server.GrpcService (ConfUtils.java:logGet(43)) - raft.grpc.flow.control.window = 1MB (=1048576) (default)
2019-09-26 10:07:17,604 [main] INFO  server.RaftServerConfigKeys (ConfUtils.java:logGet(43)) - raft.server.rpc.request.timeout = 3000ms (default)
2019-09-26 10:07:17,605 [main] INFO  server.RaftServerConfigKeys (ConfUtils.java:logGet(43)) - raft.server.storage.dir = [/workdir/hadoop-ozone/integration-test/target/test-dir/MiniOzoneClusterImpl-af826fcf-2e4c-4099-bed4-c1b0f0495924/datanode-1/data/ratis] (custom)
2019-09-26 10:07:17,607 [main] INFO  hdfs.DFSUtil (DFSUtil.java:httpServerTemplateForNNAndJN(1641)) - Starting Web-server for hddsDatanode at: http://0.0.0.0:0
2019-09-26 10:07:17,609 [main] INFO  server.AuthenticationFilter (AuthenticationFilter.java:constructSecretProvider(240)) - Unable to initialize FileSignerSecretProvider, falling back to use random secrets.
2019-09-26 10:07:17,610 [main] WARN  http.HttpRequestLog (HttpRequestLog.java:getRequestLog(97)) - Jetty request log can only be enabled using Log4j
2019-09-26 10:07:17,612 [main] INFO  http.HttpServer2 (HttpServer2.java:addGlobalFilter(975)) - Added global filter 'safety' (class=org.apache.hadoop.http.HttpServer2$QuotingInputFilter)
2019-09-26 10:07:17,612 [main] INFO  http.HttpServer2 (HttpServer2.java:addFilter(948)) - Added filter static_user_filter (class=org.apache.hadoop.http.lib.StaticUserWebFilter$StaticUserFilter) to context hddsDatanode
2019-09-26 10:07:17,613 [main] INFO  http.HttpServer2 (HttpServer2.java:addFilter(958)) - Added filter static_user_filter (class=org.apache.hadoop.http.lib.StaticUserWebFilter$StaticUserFilter) to context logs
2019-09-26 10:07:17,613 [main] INFO  http.HttpServer2 (HttpServer2.java:addFilter(958)) - Added filter static_user_filter (class=org.apache.hadoop.http.lib.StaticUserWebFilter$StaticUserFilter) to context static
2019-09-26 10:07:17,614 [main] INFO  http.HttpServer2 (HttpServer2.java:bindListener(1191)) - Jetty bound to port 43195
2019-09-26 10:07:17,614 [main] INFO  server.Server (Server.java:doStart(351)) - jetty-9.3.25.v20180904, build timestamp: 2018-09-04T21:11:46Z, git hash: 3ce520221d0240229c862b122d2b06c12a625732
2019-09-26 10:07:17,616 [main] INFO  handler.ContextHandler (ContextHandler.java:doStart(781)) - Started o.e.j.s.ServletContextHandler@2830315f{/logs,file:///workdir/hadoop-ozone/integration-test/target/log,AVAILABLE}
2019-09-26 10:07:17,617 [main] INFO  handler.ContextHandler (ContextHandler.java:doStart(781)) - Started o.e.j.s.ServletContextHandler@75452aea{/static,jar:file:/home/user/.m2/repository/org/apache/hadoop/hadoop-hdds-container-service/0.5.0-SNAPSHOT/hadoop-hdds-container-service-0.5.0-SNAPSHOT.jar!/webapps/static,AVAILABLE}
2019-09-26 10:07:17,659 [main] INFO  handler.ContextHandler (ContextHandler.java:doStart(781)) - Started o.e.j.w.WebAppContext@7858d31d{/,file:///tmp/jetty-0.0.0.0-43195-hddsDatanode-_-any-2749472610684544670.dir/webapp/,AVAILABLE}{/hddsDatanode}
2019-09-26 10:07:17,659 [main] INFO  server.AbstractConnector (AbstractConnector.java:doStart(278)) - Started ServerConnector@782e6b40{HTTP/1.1,[http/1.1]}{0.0.0.0:43195}
2019-09-26 10:07:17,664 [main] INFO  server.Server (Server.java:doStart(419)) - Started @612578ms
2019-09-26 10:07:17,664 [main] WARN  impl.MetricsSystemImpl (MetricsSystemImpl.java:register(276)) - Sink prometheus already exists!
2019-09-26 10:07:17,665 [main] INFO  server.BaseHttpServer (BaseHttpServer.java:updateConnectorAddress(215)) - HTTP server of HDDSDATANODE is listening at http://0.0.0.0:43195
2019-09-26 10:07:17,665 [main] INFO  impl.MetricsSystemImpl (MetricsSystemImpl.java:init(158)) - HddsDatanode metrics system started (again)
2019-09-26 10:07:17,690 [org.apache.hadoop.util.JvmPauseMonitor$Monitor@370c3d3d] INFO  util.JvmPauseMonitor (JvmPauseMonitor.java:run(188)) - Starting JVM pause monitor
2019-09-26 10:07:17,692 [Datanode State Machine Thread - 0] INFO  datanode.InitDatanodeState (InitDatanodeState.java:persistContainerDatanodeDetails(140)) - DatanodeDetails is persisted to /workdir/hadoop-ozone/integration-test/target/test-dir/MiniOzoneClusterImpl-af826fcf-2e4c-4099-bed4-c1b0f0495924/datanode-1/meta/datanode.id
2019-09-26 10:07:17,693 [main] INFO  ozone.HddsDatanodeService (HddsDatanodeService.java:start(184)) - HddsDatanodeService host:pr-hdds-1569-wvzgm-824869521 ip:192.168.30.13
2019-09-26 10:07:17,704 [main] INFO  volume.HddsVolume (HddsVolume.java:<init>(176)) - Creating Volume: /workdir/hadoop-ozone/integration-test/target/test-dir/MiniOzoneClusterImpl-af826fcf-2e4c-4099-bed4-c1b0f0495924/datanode-2/data/containers/hdds of  storage type : DISK and capacity : 1482555576320
2019-09-26 10:07:17,705 [main] INFO  volume.VolumeSet (VolumeSet.java:initializeVolumeSet(170)) - Added Volume : /workdir/hadoop-ozone/integration-test/target/test-dir/MiniOzoneClusterImpl-af826fcf-2e4c-4099-bed4-c1b0f0495924/datanode-2/data/containers/hdds to VolumeSet
2019-09-26 10:07:17,705 [main] INFO  volume.ThrottledAsyncChecker (ThrottledAsyncChecker.java:schedule(139)) - Scheduling a check for org.apache.hadoop.ozone.container.common.volume.HddsVolume@2c815fdc
2019-09-26 10:07:17,706 [main] INFO  volume.HddsVolumeChecker (HddsVolumeChecker.java:checkAllVolumes(202)) - Scheduled health check for volume org.apache.hadoop.ozone.container.common.volume.HddsVolume@2c815fdc
2019-09-26 10:07:17,742 [main] INFO  impl.RaftServerProxy (ConfUtils.java:logGet(43)) - raft.rpc.type = GRPC (default)
2019-09-26 10:07:17,743 [main] INFO  grpc.GrpcFactory (GrpcFactory.java:checkPooledByteBufAllocatorUseCacheForAllThreads(45)) - PERFORMANCE WARNING: useCacheForAllThreads is true that may cause Netty to create a lot garbage objects and, as a result, trigger GC.
	It is recommended to disable useCacheForAllThreads by setting -Dorg.apache.ratis.thirdparty.io.netty.allocator.useCacheForAllThreads=false in command line.
2019-09-26 10:07:17,743 [main] INFO  grpc.GrpcConfigKeys$Server (ConfUtils.java:logGet(43)) - raft.grpc.server.port = 0 (default)
2019-09-26 10:07:17,743 [main] INFO  server.GrpcService (ConfUtils.java:logGet(43)) - raft.grpc.message.size.max = 33570816 (custom)
2019-09-26 10:07:17,743 [main] INFO  server.RaftServerConfigKeys (ConfUtils.java:logGet(43)) - raft.server.log.appender.buffer.byte-limit = 33554432 (custom)
2019-09-26 10:07:17,744 [main] INFO  server.GrpcService (ConfUtils.java:logGet(43)) - raft.grpc.flow.control.window = 1MB (=1048576) (default)
2019-09-26 10:07:17,744 [main] INFO  server.RaftServerConfigKeys (ConfUtils.java:logGet(43)) - raft.server.rpc.request.timeout = 3000ms (default)
2019-09-26 10:07:17,744 [main] INFO  server.RaftServerConfigKeys (ConfUtils.java:logGet(43)) - raft.server.storage.dir = [/workdir/hadoop-ozone/integration-test/target/test-dir/MiniOzoneClusterImpl-af826fcf-2e4c-4099-bed4-c1b0f0495924/datanode-2/data/ratis] (custom)
2019-09-26 10:07:17,746 [main] INFO  hdfs.DFSUtil (DFSUtil.java:httpServerTemplateForNNAndJN(1641)) - Starting Web-server for hddsDatanode at: http://0.0.0.0:0
2019-09-26 10:07:17,748 [main] INFO  server.AuthenticationFilter (AuthenticationFilter.java:constructSecretProvider(240)) - Unable to initialize FileSignerSecretProvider, falling back to use random secrets.
2019-09-26 10:07:17,749 [main] WARN  http.HttpRequestLog (HttpRequestLog.java:getRequestLog(97)) - Jetty request log can only be enabled using Log4j
2019-09-26 10:07:17,751 [main] INFO  http.HttpServer2 (HttpServer2.java:addGlobalFilter(975)) - Added global filter 'safety' (class=org.apache.hadoop.http.HttpServer2$QuotingInputFilter)
2019-09-26 10:07:17,751 [main] INFO  http.HttpServer2 (HttpServer2.java:addFilter(948)) - Added filter static_user_filter (class=org.apache.hadoop.http.lib.StaticUserWebFilter$StaticUserFilter) to context hddsDatanode
2019-09-26 10:07:17,752 [main] INFO  http.HttpServer2 (HttpServer2.java:addFilter(958)) - Added filter static_user_filter (class=org.apache.hadoop.http.lib.StaticUserWebFilter$StaticUserFilter) to context static
2019-09-26 10:07:17,752 [main] INFO  http.HttpServer2 (HttpServer2.java:addFilter(958)) - Added filter static_user_filter (class=org.apache.hadoop.http.lib.StaticUserWebFilter$StaticUserFilter) to context logs
2019-09-26 10:07:17,757 [main] INFO  http.HttpServer2 (HttpServer2.java:bindListener(1191)) - Jetty bound to port 38928
2019-09-26 10:07:17,757 [main] INFO  server.Server (Server.java:doStart(351)) - jetty-9.3.25.v20180904, build timestamp: 2018-09-04T21:11:46Z, git hash: 3ce520221d0240229c862b122d2b06c12a625732
2019-09-26 10:07:17,760 [main] INFO  handler.ContextHandler (ContextHandler.java:doStart(781)) - Started o.e.j.s.ServletContextHandler@7417ef4f{/logs,file:///workdir/hadoop-ozone/integration-test/target/log,AVAILABLE}
2019-09-26 10:07:17,760 [main] INFO  handler.ContextHandler (ContextHandler.java:doStart(781)) - Started o.e.j.s.ServletContextHandler@4fa8bebb{/static,jar:file:/home/user/.m2/repository/org/apache/hadoop/hadoop-hdds-container-service/0.5.0-SNAPSHOT/hadoop-hdds-container-service-0.5.0-SNAPSHOT.jar!/webapps/static,AVAILABLE}
2019-09-26 10:07:17,804 [main] INFO  handler.ContextHandler (ContextHandler.java:doStart(781)) - Started o.e.j.w.WebAppContext@101c15ad{/,file:///tmp/jetty-0.0.0.0-38928-hddsDatanode-_-any-998675941589996095.dir/webapp/,AVAILABLE}{/hddsDatanode}
2019-09-26 10:07:17,804 [main] INFO  server.AbstractConnector (AbstractConnector.java:doStart(278)) - Started ServerConnector@6068ebb2{HTTP/1.1,[http/1.1]}{0.0.0.0:38928}
2019-09-26 10:07:17,809 [main] INFO  server.Server (Server.java:doStart(419)) - Started @612723ms
2019-09-26 10:07:17,809 [main] WARN  impl.MetricsSystemImpl (MetricsSystemImpl.java:register(276)) - Sink prometheus already exists!
2019-09-26 10:07:17,810 [main] INFO  server.BaseHttpServer (BaseHttpServer.java:updateConnectorAddress(215)) - HTTP server of HDDSDATANODE is listening at http://0.0.0.0:38928
2019-09-26 10:07:17,811 [main] INFO  impl.MetricsSystemImpl (MetricsSystemImpl.java:init(158)) - HddsDatanode metrics system started (again)
2019-09-26 10:07:17,833 [org.apache.hadoop.util.JvmPauseMonitor$Monitor@1b84c8dd] INFO  util.JvmPauseMonitor (JvmPauseMonitor.java:run(188)) - Starting JVM pause monitor
2019-09-26 10:07:17,834 [Datanode State Machine Thread - 0] INFO  datanode.InitDatanodeState (InitDatanodeState.java:persistContainerDatanodeDetails(140)) - DatanodeDetails is persisted to /workdir/hadoop-ozone/integration-test/target/test-dir/MiniOzoneClusterImpl-af826fcf-2e4c-4099-bed4-c1b0f0495924/datanode-2/meta/datanode.id
2019-09-26 10:07:17,835 [main] INFO  ozone.HddsDatanodeService (HddsDatanodeService.java:start(184)) - HddsDatanodeService host:pr-hdds-1569-wvzgm-824869521 ip:192.168.30.13
2019-09-26 10:07:17,845 [main] INFO  volume.HddsVolume (HddsVolume.java:<init>(176)) - Creating Volume: /workdir/hadoop-ozone/integration-test/target/test-dir/MiniOzoneClusterImpl-af826fcf-2e4c-4099-bed4-c1b0f0495924/datanode-3/data/containers/hdds of  storage type : DISK and capacity : 1482555576320
2019-09-26 10:07:17,845 [main] INFO  volume.VolumeSet (VolumeSet.java:initializeVolumeSet(170)) - Added Volume : /workdir/hadoop-ozone/integration-test/target/test-dir/MiniOzoneClusterImpl-af826fcf-2e4c-4099-bed4-c1b0f0495924/datanode-3/data/containers/hdds to VolumeSet
2019-09-26 10:07:17,845 [main] INFO  volume.ThrottledAsyncChecker (ThrottledAsyncChecker.java:schedule(139)) - Scheduling a check for org.apache.hadoop.ozone.container.common.volume.HddsVolume@4fa5cc73
2019-09-26 10:07:17,846 [main] INFO  volume.HddsVolumeChecker (HddsVolumeChecker.java:checkAllVolumes(202)) - Scheduled health check for volume org.apache.hadoop.ozone.container.common.volume.HddsVolume@4fa5cc73
2019-09-26 10:07:17,861 [main] INFO  impl.RaftServerProxy (ConfUtils.java:logGet(43)) - raft.rpc.type = GRPC (default)
2019-09-26 10:07:17,861 [main] INFO  grpc.GrpcFactory (GrpcFactory.java:checkPooledByteBufAllocatorUseCacheForAllThreads(45)) - PERFORMANCE WARNING: useCacheForAllThreads is true that may cause Netty to create a lot garbage objects and, as a result, trigger GC.
	It is recommended to disable useCacheForAllThreads by setting -Dorg.apache.ratis.thirdparty.io.netty.allocator.useCacheForAllThreads=false in command line.
2019-09-26 10:07:17,862 [main] INFO  grpc.GrpcConfigKeys$Server (ConfUtils.java:logGet(43)) - raft.grpc.server.port = 0 (default)
2019-09-26 10:07:17,862 [main] INFO  server.GrpcService (ConfUtils.java:logGet(43)) - raft.grpc.message.size.max = 33570816 (custom)
2019-09-26 10:07:17,862 [main] INFO  server.RaftServerConfigKeys (ConfUtils.java:logGet(43)) - raft.server.log.appender.buffer.byte-limit = 33554432 (custom)
2019-09-26 10:07:17,862 [main] INFO  server.GrpcService (ConfUtils.java:logGet(43)) - raft.grpc.flow.control.window = 1MB (=1048576) (default)
2019-09-26 10:07:17,862 [main] INFO  server.RaftServerConfigKeys (ConfUtils.java:logGet(43)) - raft.server.rpc.request.timeout = 3000ms (default)
2019-09-26 10:07:17,863 [main] INFO  server.RaftServerConfigKeys (ConfUtils.java:logGet(43)) - raft.server.storage.dir = [/workdir/hadoop-ozone/integration-test/target/test-dir/MiniOzoneClusterImpl-af826fcf-2e4c-4099-bed4-c1b0f0495924/datanode-3/data/ratis] (custom)
2019-09-26 10:07:17,864 [main] INFO  hdfs.DFSUtil (DFSUtil.java:httpServerTemplateForNNAndJN(1641)) - Starting Web-server for hddsDatanode at: http://0.0.0.0:0
2019-09-26 10:07:17,865 [main] INFO  server.AuthenticationFilter (AuthenticationFilter.java:constructSecretProvider(240)) - Unable to initialize FileSignerSecretProvider, falling back to use random secrets.
2019-09-26 10:07:17,865 [main] WARN  http.HttpRequestLog (HttpRequestLog.java:getRequestLog(97)) - Jetty request log can only be enabled using Log4j
2019-09-26 10:07:17,867 [main] INFO  http.HttpServer2 (HttpServer2.java:addGlobalFilter(975)) - Added global filter 'safety' (class=org.apache.hadoop.http.HttpServer2$QuotingInputFilter)
2019-09-26 10:07:17,867 [main] INFO  http.HttpServer2 (HttpServer2.java:addFilter(948)) - Added filter static_user_filter (class=org.apache.hadoop.http.lib.StaticUserWebFilter$StaticUserFilter) to context hddsDatanode
2019-09-26 10:07:17,867 [main] INFO  http.HttpServer2 (HttpServer2.java:addFilter(958)) - Added filter static_user_filter (class=org.apache.hadoop.http.lib.StaticUserWebFilter$StaticUserFilter) to context static
2019-09-26 10:07:17,867 [main] INFO  http.HttpServer2 (HttpServer2.java:addFilter(958)) - Added filter static_user_filter (class=org.apache.hadoop.http.lib.StaticUserWebFilter$StaticUserFilter) to context logs
2019-09-26 10:07:17,868 [main] INFO  http.HttpServer2 (HttpServer2.java:bindListener(1191)) - Jetty bound to port 34795
2019-09-26 10:07:17,868 [main] INFO  server.Server (Server.java:doStart(351)) - jetty-9.3.25.v20180904, build timestamp: 2018-09-04T21:11:46Z, git hash: 3ce520221d0240229c862b122d2b06c12a625732
2019-09-26 10:07:17,870 [main] INFO  handler.ContextHandler (ContextHandler.java:doStart(781)) - Started o.e.j.s.ServletContextHandler@b9b97ad{/logs,file:///workdir/hadoop-ozone/integration-test/target/log,AVAILABLE}
2019-09-26 10:07:17,870 [main] INFO  handler.ContextHandler (ContextHandler.java:doStart(781)) - Started o.e.j.s.ServletContextHandler@298e002d{/static,jar:file:/home/user/.m2/repository/org/apache/hadoop/hadoop-hdds-container-service/0.5.0-SNAPSHOT/hadoop-hdds-container-service-0.5.0-SNAPSHOT.jar!/webapps/static,AVAILABLE}
2019-09-26 10:07:17,899 [main] INFO  handler.ContextHandler (ContextHandler.java:doStart(781)) - Started o.e.j.w.WebAppContext@6c830ebd{/,file:///tmp/jetty-0.0.0.0-34795-hddsDatanode-_-any-6206670145041357793.dir/webapp/,AVAILABLE}{/hddsDatanode}
2019-09-26 10:07:17,899 [main] INFO  server.AbstractConnector (AbstractConnector.java:doStart(278)) - Started ServerConnector@15f519f7{HTTP/1.1,[http/1.1]}{0.0.0.0:34795}
2019-09-26 10:07:17,899 [main] INFO  server.Server (Server.java:doStart(419)) - Started @612813ms
2019-09-26 10:07:17,903 [main] WARN  impl.MetricsSystemImpl (MetricsSystemImpl.java:register(276)) - Sink prometheus already exists!
2019-09-26 10:07:17,904 [main] INFO  server.BaseHttpServer (BaseHttpServer.java:updateConnectorAddress(215)) - HTTP server of HDDSDATANODE is listening at http://0.0.0.0:34795
2019-09-26 10:07:17,905 [main] INFO  impl.MetricsSystemImpl (MetricsSystemImpl.java:init(158)) - HddsDatanode metrics system started (again)
2019-09-26 10:07:17,934 [org.apache.hadoop.util.JvmPauseMonitor$Monitor@3ac3ea9] INFO  util.JvmPauseMonitor (JvmPauseMonitor.java:run(188)) - Starting JVM pause monitor
2019-09-26 10:07:17,936 [Datanode State Machine Thread - 0] INFO  datanode.InitDatanodeState (InitDatanodeState.java:persistContainerDatanodeDetails(140)) - DatanodeDetails is persisted to /workdir/hadoop-ozone/integration-test/target/test-dir/MiniOzoneClusterImpl-af826fcf-2e4c-4099-bed4-c1b0f0495924/datanode-3/meta/datanode.id
2019-09-26 10:07:17,937 [main] INFO  ozone.HddsDatanodeService (HddsDatanodeService.java:start(184)) - HddsDatanodeService host:pr-hdds-1569-wvzgm-824869521 ip:192.168.30.13
2019-09-26 10:07:17,948 [main] INFO  volume.HddsVolume (HddsVolume.java:<init>(176)) - Creating Volume: /workdir/hadoop-ozone/integration-test/target/test-dir/MiniOzoneClusterImpl-af826fcf-2e4c-4099-bed4-c1b0f0495924/datanode-4/data/containers/hdds of  storage type : DISK and capacity : 1482555576320
2019-09-26 10:07:17,948 [main] INFO  volume.VolumeSet (VolumeSet.java:initializeVolumeSet(170)) - Added Volume : /workdir/hadoop-ozone/integration-test/target/test-dir/MiniOzoneClusterImpl-af826fcf-2e4c-4099-bed4-c1b0f0495924/datanode-4/data/containers/hdds to VolumeSet
2019-09-26 10:07:17,949 [main] INFO  volume.ThrottledAsyncChecker (ThrottledAsyncChecker.java:schedule(139)) - Scheduling a check for org.apache.hadoop.ozone.container.common.volume.HddsVolume@29f3185c
2019-09-26 10:07:17,949 [main] INFO  volume.HddsVolumeChecker (HddsVolumeChecker.java:checkAllVolumes(202)) - Scheduled health check for volume org.apache.hadoop.ozone.container.common.volume.HddsVolume@29f3185c
2019-09-26 10:07:17,969 [main] INFO  impl.RaftServerProxy (ConfUtils.java:logGet(43)) - raft.rpc.type = GRPC (default)
2019-09-26 10:07:17,969 [main] INFO  grpc.GrpcFactory (GrpcFactory.java:checkPooledByteBufAllocatorUseCacheForAllThreads(45)) - PERFORMANCE WARNING: useCacheForAllThreads is true that may cause Netty to create a lot garbage objects and, as a result, trigger GC.
	It is recommended to disable useCacheForAllThreads by setting -Dorg.apache.ratis.thirdparty.io.netty.allocator.useCacheForAllThreads=false in command line.
2019-09-26 10:07:17,969 [main] INFO  grpc.GrpcConfigKeys$Server (ConfUtils.java:logGet(43)) - raft.grpc.server.port = 0 (default)
2019-09-26 10:07:17,970 [main] INFO  server.GrpcService (ConfUtils.java:logGet(43)) - raft.grpc.message.size.max = 33570816 (custom)
2019-09-26 10:07:17,970 [main] INFO  server.RaftServerConfigKeys (ConfUtils.java:logGet(43)) - raft.server.log.appender.buffer.byte-limit = 33554432 (custom)
2019-09-26 10:07:17,970 [main] INFO  server.GrpcService (ConfUtils.java:logGet(43)) - raft.grpc.flow.control.window = 1MB (=1048576) (default)
2019-09-26 10:07:17,970 [main] INFO  server.RaftServerConfigKeys (ConfUtils.java:logGet(43)) - raft.server.rpc.request.timeout = 3000ms (default)
2019-09-26 10:07:17,971 [main] INFO  server.RaftServerConfigKeys (ConfUtils.java:logGet(43)) - raft.server.storage.dir = [/workdir/hadoop-ozone/integration-test/target/test-dir/MiniOzoneClusterImpl-af826fcf-2e4c-4099-bed4-c1b0f0495924/datanode-4/data/ratis] (custom)
2019-09-26 10:07:17,972 [main] INFO  hdfs.DFSUtil (DFSUtil.java:httpServerTemplateForNNAndJN(1641)) - Starting Web-server for hddsDatanode at: http://0.0.0.0:0
2019-09-26 10:07:17,974 [main] INFO  server.AuthenticationFilter (AuthenticationFilter.java:constructSecretProvider(240)) - Unable to initialize FileSignerSecretProvider, falling back to use random secrets.
2019-09-26 10:07:17,974 [main] WARN  http.HttpRequestLog (HttpRequestLog.java:getRequestLog(97)) - Jetty request log can only be enabled using Log4j
2019-09-26 10:07:17,976 [main] INFO  http.HttpServer2 (HttpServer2.java:addGlobalFilter(975)) - Added global filter 'safety' (class=org.apache.hadoop.http.HttpServer2$QuotingInputFilter)
2019-09-26 10:07:17,977 [main] INFO  http.HttpServer2 (HttpServer2.java:addFilter(948)) - Added filter static_user_filter (class=org.apache.hadoop.http.lib.StaticUserWebFilter$StaticUserFilter) to context hddsDatanode
2019-09-26 10:07:17,977 [main] INFO  http.HttpServer2 (HttpServer2.java:addFilter(958)) - Added filter static_user_filter (class=org.apache.hadoop.http.lib.StaticUserWebFilter$StaticUserFilter) to context logs
2019-09-26 10:07:17,977 [main] INFO  http.HttpServer2 (HttpServer2.java:addFilter(958)) - Added filter static_user_filter (class=org.apache.hadoop.http.lib.StaticUserWebFilter$StaticUserFilter) to context static
2019-09-26 10:07:17,978 [main] INFO  http.HttpServer2 (HttpServer2.java:bindListener(1191)) - Jetty bound to port 39865
2019-09-26 10:07:17,979 [main] INFO  server.Server (Server.java:doStart(351)) - jetty-9.3.25.v20180904, build timestamp: 2018-09-04T21:11:46Z, git hash: 3ce520221d0240229c862b122d2b06c12a625732
2019-09-26 10:07:17,981 [main] INFO  handler.ContextHandler (ContextHandler.java:doStart(781)) - Started o.e.j.s.ServletContextHandler@ff21443{/logs,file:///workdir/hadoop-ozone/integration-test/target/log,AVAILABLE}
2019-09-26 10:07:17,982 [main] INFO  handler.ContextHandler (ContextHandler.java:doStart(781)) - Started o.e.j.s.ServletContextHandler@31b6b0c7{/static,jar:file:/home/user/.m2/repository/org/apache/hadoop/hadoop-hdds-container-service/0.5.0-SNAPSHOT/hadoop-hdds-container-service-0.5.0-SNAPSHOT.jar!/webapps/static,AVAILABLE}
2019-09-26 10:07:18,018 [main] INFO  handler.ContextHandler (ContextHandler.java:doStart(781)) - Started o.e.j.w.WebAppContext@74bdfa0b{/,file:///tmp/jetty-0.0.0.0-39865-hddsDatanode-_-any-7760245274853480059.dir/webapp/,AVAILABLE}{/hddsDatanode}
2019-09-26 10:07:18,018 [main] INFO  server.AbstractConnector (AbstractConnector.java:doStart(278)) - Started ServerConnector@68a5aadd{HTTP/1.1,[http/1.1]}{0.0.0.0:39865}
2019-09-26 10:07:18,018 [main] INFO  server.Server (Server.java:doStart(419)) - Started @612932ms
2019-09-26 10:07:18,022 [main] WARN  impl.MetricsSystemImpl (MetricsSystemImpl.java:register(276)) - Sink prometheus already exists!
2019-09-26 10:07:18,023 [main] INFO  server.BaseHttpServer (BaseHttpServer.java:updateConnectorAddress(215)) - HTTP server of HDDSDATANODE is listening at http://0.0.0.0:39865
2019-09-26 10:07:18,023 [main] INFO  impl.MetricsSystemImpl (MetricsSystemImpl.java:init(158)) - HddsDatanode metrics system started (again)
2019-09-26 10:07:18,058 [org.apache.hadoop.util.JvmPauseMonitor$Monitor@6d7bec7a] INFO  util.JvmPauseMonitor (JvmPauseMonitor.java:run(188)) - Starting JVM pause monitor
2019-09-26 10:07:18,059 [Datanode State Machine Thread - 0] INFO  datanode.InitDatanodeState (InitDatanodeState.java:persistContainerDatanodeDetails(140)) - DatanodeDetails is persisted to /workdir/hadoop-ozone/integration-test/target/test-dir/MiniOzoneClusterImpl-af826fcf-2e4c-4099-bed4-c1b0f0495924/datanode-4/meta/datanode.id
2019-09-26 10:07:18,060 [main] INFO  ozone.HddsDatanodeService (HddsDatanodeService.java:start(184)) - HddsDatanodeService host:pr-hdds-1569-wvzgm-824869521 ip:192.168.30.13
2019-09-26 10:07:18,072 [main] INFO  volume.HddsVolume (HddsVolume.java:<init>(176)) - Creating Volume: /workdir/hadoop-ozone/integration-test/target/test-dir/MiniOzoneClusterImpl-af826fcf-2e4c-4099-bed4-c1b0f0495924/datanode-5/data/containers/hdds of  storage type : DISK and capacity : 1482555576320
2019-09-26 10:07:18,072 [main] INFO  volume.VolumeSet (VolumeSet.java:initializeVolumeSet(170)) - Added Volume : /workdir/hadoop-ozone/integration-test/target/test-dir/MiniOzoneClusterImpl-af826fcf-2e4c-4099-bed4-c1b0f0495924/datanode-5/data/containers/hdds to VolumeSet
2019-09-26 10:07:18,072 [main] INFO  volume.ThrottledAsyncChecker (ThrottledAsyncChecker.java:schedule(139)) - Scheduling a check for org.apache.hadoop.ozone.container.common.volume.HddsVolume@65d7eea4
2019-09-26 10:07:18,073 [main] INFO  volume.HddsVolumeChecker (HddsVolumeChecker.java:checkAllVolumes(202)) - Scheduled health check for volume org.apache.hadoop.ozone.container.common.volume.HddsVolume@65d7eea4
2019-09-26 10:07:18,090 [main] INFO  impl.RaftServerProxy (ConfUtils.java:logGet(43)) - raft.rpc.type = GRPC (default)
2019-09-26 10:07:18,090 [main] INFO  grpc.GrpcFactory (GrpcFactory.java:checkPooledByteBufAllocatorUseCacheForAllThreads(45)) - PERFORMANCE WARNING: useCacheForAllThreads is true that may cause Netty to create a lot garbage objects and, as a result, trigger GC.
	It is recommended to disable useCacheForAllThreads by setting -Dorg.apache.ratis.thirdparty.io.netty.allocator.useCacheForAllThreads=false in command line.
2019-09-26 10:07:18,090 [main] INFO  grpc.GrpcConfigKeys$Server (ConfUtils.java:logGet(43)) - raft.grpc.server.port = 0 (default)
2019-09-26 10:07:18,090 [main] INFO  server.GrpcService (ConfUtils.java:logGet(43)) - raft.grpc.message.size.max = 33570816 (custom)
2019-09-26 10:07:18,090 [main] INFO  server.RaftServerConfigKeys (ConfUtils.java:logGet(43)) - raft.server.log.appender.buffer.byte-limit = 33554432 (custom)
2019-09-26 10:07:18,091 [main] INFO  server.GrpcService (ConfUtils.java:logGet(43)) - raft.grpc.flow.control.window = 1MB (=1048576) (default)
2019-09-26 10:07:18,091 [main] INFO  server.RaftServerConfigKeys (ConfUtils.java:logGet(43)) - raft.server.rpc.request.timeout = 3000ms (default)
2019-09-26 10:07:18,091 [main] INFO  server.RaftServerConfigKeys (ConfUtils.java:logGet(43)) - raft.server.storage.dir = [/workdir/hadoop-ozone/integration-test/target/test-dir/MiniOzoneClusterImpl-af826fcf-2e4c-4099-bed4-c1b0f0495924/datanode-5/data/ratis] (custom)
2019-09-26 10:07:18,093 [main] INFO  hdfs.DFSUtil (DFSUtil.java:httpServerTemplateForNNAndJN(1641)) - Starting Web-server for hddsDatanode at: http://0.0.0.0:0
2019-09-26 10:07:18,094 [main] INFO  server.AuthenticationFilter (AuthenticationFilter.java:constructSecretProvider(240)) - Unable to initialize FileSignerSecretProvider, falling back to use random secrets.
2019-09-26 10:07:18,094 [main] WARN  http.HttpRequestLog (HttpRequestLog.java:getRequestLog(97)) - Jetty request log can only be enabled using Log4j
2019-09-26 10:07:18,096 [main] INFO  http.HttpServer2 (HttpServer2.java:addGlobalFilter(975)) - Added global filter 'safety' (class=org.apache.hadoop.http.HttpServer2$QuotingInputFilter)
2019-09-26 10:07:18,096 [main] INFO  http.HttpServer2 (HttpServer2.java:addFilter(948)) - Added filter static_user_filter (class=org.apache.hadoop.http.lib.StaticUserWebFilter$StaticUserFilter) to context hddsDatanode
2019-09-26 10:07:18,096 [main] INFO  http.HttpServer2 (HttpServer2.java:addFilter(958)) - Added filter static_user_filter (class=org.apache.hadoop.http.lib.StaticUserWebFilter$StaticUserFilter) to context logs
2019-09-26 10:07:18,096 [main] INFO  http.HttpServer2 (HttpServer2.java:addFilter(958)) - Added filter static_user_filter (class=org.apache.hadoop.http.lib.StaticUserWebFilter$StaticUserFilter) to context static
2019-09-26 10:07:18,097 [main] INFO  http.HttpServer2 (HttpServer2.java:bindListener(1191)) - Jetty bound to port 36232
2019-09-26 10:07:18,097 [main] INFO  server.Server (Server.java:doStart(351)) - jetty-9.3.25.v20180904, build timestamp: 2018-09-04T21:11:46Z, git hash: 3ce520221d0240229c862b122d2b06c12a625732
2019-09-26 10:07:18,099 [main] INFO  handler.ContextHandler (ContextHandler.java:doStart(781)) - Started o.e.j.s.ServletContextHandler@311a0b3e{/logs,file:///workdir/hadoop-ozone/integration-test/target/log,AVAILABLE}
2019-09-26 10:07:18,100 [main] INFO  handler.ContextHandler (ContextHandler.java:doStart(781)) - Started o.e.j.s.ServletContextHandler@21abda60{/static,jar:file:/home/user/.m2/repository/org/apache/hadoop/hadoop-hdds-container-service/0.5.0-SNAPSHOT/hadoop-hdds-container-service-0.5.0-SNAPSHOT.jar!/webapps/static,AVAILABLE}
2019-09-26 10:07:18,129 [main] INFO  handler.ContextHandler (ContextHandler.java:doStart(781)) - Started o.e.j.w.WebAppContext@100eeedc{/,file:///tmp/jetty-0.0.0.0-36232-hddsDatanode-_-any-5531926275338774607.dir/webapp/,AVAILABLE}{/hddsDatanode}
2019-09-26 10:07:18,129 [main] INFO  server.AbstractConnector (AbstractConnector.java:doStart(278)) - Started ServerConnector@56266bda{HTTP/1.1,[http/1.1]}{0.0.0.0:36232}
2019-09-26 10:07:18,129 [main] INFO  server.Server (Server.java:doStart(419)) - Started @613043ms
2019-09-26 10:07:18,133 [main] WARN  impl.MetricsSystemImpl (MetricsSystemImpl.java:register(276)) - Sink prometheus already exists!
2019-09-26 10:07:18,133 [main] INFO  server.BaseHttpServer (BaseHttpServer.java:updateConnectorAddress(215)) - HTTP server of HDDSDATANODE is listening at http://0.0.0.0:36232
2019-09-26 10:07:18,134 [main] INFO  impl.MetricsSystemImpl (MetricsSystemImpl.java:init(158)) - HddsDatanode metrics system started (again)
2019-09-26 10:07:18,157 [org.apache.hadoop.util.JvmPauseMonitor$Monitor@24e4cdf7] INFO  util.JvmPauseMonitor (JvmPauseMonitor.java:run(188)) - Starting JVM pause monitor
2019-09-26 10:07:18,159 [main] INFO  ozone.HddsDatanodeService (HddsDatanodeService.java:start(184)) - HddsDatanodeService host:pr-hdds-1569-wvzgm-824869521 ip:192.168.30.13
2019-09-26 10:07:18,159 [Datanode State Machine Thread - 0] INFO  datanode.InitDatanodeState (InitDatanodeState.java:persistContainerDatanodeDetails(140)) - DatanodeDetails is persisted to /workdir/hadoop-ozone/integration-test/target/test-dir/MiniOzoneClusterImpl-af826fcf-2e4c-4099-bed4-c1b0f0495924/datanode-5/meta/datanode.id
2019-09-26 10:07:18,169 [main] INFO  volume.HddsVolume (HddsVolume.java:<init>(176)) - Creating Volume: /workdir/hadoop-ozone/integration-test/target/test-dir/MiniOzoneClusterImpl-af826fcf-2e4c-4099-bed4-c1b0f0495924/datanode-6/data/containers/hdds of  storage type : DISK and capacity : 1482555576320
2019-09-26 10:07:18,169 [main] INFO  volume.VolumeSet (VolumeSet.java:initializeVolumeSet(170)) - Added Volume : /workdir/hadoop-ozone/integration-test/target/test-dir/MiniOzoneClusterImpl-af826fcf-2e4c-4099-bed4-c1b0f0495924/datanode-6/data/containers/hdds to VolumeSet
2019-09-26 10:07:18,169 [main] INFO  volume.ThrottledAsyncChecker (ThrottledAsyncChecker.java:schedule(139)) - Scheduling a check for org.apache.hadoop.ozone.container.common.volume.HddsVolume@55d1f065
2019-09-26 10:07:18,170 [main] INFO  volume.HddsVolumeChecker (HddsVolumeChecker.java:checkAllVolumes(202)) - Scheduled health check for volume org.apache.hadoop.ozone.container.common.volume.HddsVolume@55d1f065
2019-09-26 10:07:18,184 [main] INFO  impl.RaftServerProxy (ConfUtils.java:logGet(43)) - raft.rpc.type = GRPC (default)
2019-09-26 10:07:18,184 [main] INFO  grpc.GrpcFactory (GrpcFactory.java:checkPooledByteBufAllocatorUseCacheForAllThreads(45)) - PERFORMANCE WARNING: useCacheForAllThreads is true that may cause Netty to create a lot garbage objects and, as a result, trigger GC.
	It is recommended to disable useCacheForAllThreads by setting -Dorg.apache.ratis.thirdparty.io.netty.allocator.useCacheForAllThreads=false in command line.
2019-09-26 10:07:18,184 [main] INFO  grpc.GrpcConfigKeys$Server (ConfUtils.java:logGet(43)) - raft.grpc.server.port = 0 (default)
2019-09-26 10:07:18,185 [main] INFO  server.GrpcService (ConfUtils.java:logGet(43)) - raft.grpc.message.size.max = 33570816 (custom)
2019-09-26 10:07:18,185 [main] INFO  server.RaftServerConfigKeys (ConfUtils.java:logGet(43)) - raft.server.log.appender.buffer.byte-limit = 33554432 (custom)
2019-09-26 10:07:18,185 [main] INFO  server.GrpcService (ConfUtils.java:logGet(43)) - raft.grpc.flow.control.window = 1MB (=1048576) (default)
2019-09-26 10:07:18,185 [main] INFO  server.RaftServerConfigKeys (ConfUtils.java:logGet(43)) - raft.server.rpc.request.timeout = 3000ms (default)
2019-09-26 10:07:18,185 [main] INFO  server.RaftServerConfigKeys (ConfUtils.java:logGet(43)) - raft.server.storage.dir = [/workdir/hadoop-ozone/integration-test/target/test-dir/MiniOzoneClusterImpl-af826fcf-2e4c-4099-bed4-c1b0f0495924/datanode-6/data/ratis] (custom)
2019-09-26 10:07:18,187 [main] INFO  hdfs.DFSUtil (DFSUtil.java:httpServerTemplateForNNAndJN(1641)) - Starting Web-server for hddsDatanode at: http://0.0.0.0:0
2019-09-26 10:07:18,188 [main] INFO  server.AuthenticationFilter (AuthenticationFilter.java:constructSecretProvider(240)) - Unable to initialize FileSignerSecretProvider, falling back to use random secrets.
2019-09-26 10:07:18,188 [main] WARN  http.HttpRequestLog (HttpRequestLog.java:getRequestLog(97)) - Jetty request log can only be enabled using Log4j
2019-09-26 10:07:18,189 [main] INFO  http.HttpServer2 (HttpServer2.java:addGlobalFilter(975)) - Added global filter 'safety' (class=org.apache.hadoop.http.HttpServer2$QuotingInputFilter)
2019-09-26 10:07:18,190 [main] INFO  http.HttpServer2 (HttpServer2.java:addFilter(948)) - Added filter static_user_filter (class=org.apache.hadoop.http.lib.StaticUserWebFilter$StaticUserFilter) to context hddsDatanode
2019-09-26 10:07:18,190 [main] INFO  http.HttpServer2 (HttpServer2.java:addFilter(958)) - Added filter static_user_filter (class=org.apache.hadoop.http.lib.StaticUserWebFilter$StaticUserFilter) to context logs
2019-09-26 10:07:18,190 [main] INFO  http.HttpServer2 (HttpServer2.java:addFilter(958)) - Added filter static_user_filter (class=org.apache.hadoop.http.lib.StaticUserWebFilter$StaticUserFilter) to context static
2019-09-26 10:07:18,191 [main] INFO  http.HttpServer2 (HttpServer2.java:bindListener(1191)) - Jetty bound to port 34835
2019-09-26 10:07:18,191 [main] INFO  server.Server (Server.java:doStart(351)) - jetty-9.3.25.v20180904, build timestamp: 2018-09-04T21:11:46Z, git hash: 3ce520221d0240229c862b122d2b06c12a625732
2019-09-26 10:07:18,193 [main] INFO  handler.ContextHandler (ContextHandler.java:doStart(781)) - Started o.e.j.s.ServletContextHandler@70543cae{/logs,file:///workdir/hadoop-ozone/integration-test/target/log,AVAILABLE}
2019-09-26 10:07:18,193 [main] INFO  handler.ContextHandler (ContextHandler.java:doStart(781)) - Started o.e.j.s.ServletContextHandler@1a5b7394{/static,jar:file:/home/user/.m2/repository/org/apache/hadoop/hadoop-hdds-container-service/0.5.0-SNAPSHOT/hadoop-hdds-container-service-0.5.0-SNAPSHOT.jar!/webapps/static,AVAILABLE}
2019-09-26 10:07:18,220 [main] INFO  handler.ContextHandler (ContextHandler.java:doStart(781)) - Started o.e.j.w.WebAppContext@402a69f{/,file:///tmp/jetty-0.0.0.0-34835-hddsDatanode-_-any-7262150852115240467.dir/webapp/,AVAILABLE}{/hddsDatanode}
2019-09-26 10:07:18,220 [main] INFO  server.AbstractConnector (AbstractConnector.java:doStart(278)) - Started ServerConnector@419f0ea{HTTP/1.1,[http/1.1]}{0.0.0.0:34835}
2019-09-26 10:07:18,220 [main] INFO  server.Server (Server.java:doStart(419)) - Started @613134ms
2019-09-26 10:07:18,224 [main] WARN  impl.MetricsSystemImpl (MetricsSystemImpl.java:register(276)) - Sink prometheus already exists!
2019-09-26 10:07:18,224 [main] INFO  server.BaseHttpServer (BaseHttpServer.java:updateConnectorAddress(215)) - HTTP server of HDDSDATANODE is listening at http://0.0.0.0:34835
2019-09-26 10:07:18,225 [main] INFO  ozone.MiniOzoneClusterImpl (MiniOzoneClusterImpl.java:lambda$waitForClusterToBeReady$0(147)) - Waiting for cluster to be ready. Got 0 of 7 DN Heartbeats.
2019-09-26 10:07:18,226 [org.apache.hadoop.util.JvmPauseMonitor$Monitor@5dc164f5] INFO  util.JvmPauseMonitor (JvmPauseMonitor.java:run(188)) - Starting JVM pause monitor
2019-09-26 10:07:18,228 [Datanode State Machine Thread - 0] INFO  datanode.InitDatanodeState (InitDatanodeState.java:persistContainerDatanodeDetails(140)) - DatanodeDetails is persisted to /workdir/hadoop-ozone/integration-test/target/test-dir/MiniOzoneClusterImpl-af826fcf-2e4c-4099-bed4-c1b0f0495924/datanode-6/meta/datanode.id
2019-09-26 10:07:19,225 [main] INFO  ozone.MiniOzoneClusterImpl (MiniOzoneClusterImpl.java:lambda$waitForClusterToBeReady$0(147)) - Waiting for cluster to be ready. Got 0 of 7 DN Heartbeats.
2019-09-26 10:07:19,592 [Datanode State Machine Thread - 0] INFO  ozoneimpl.OzoneContainer (OzoneContainer.java:start(217)) - Attempting to start container services.
2019-09-26 10:07:19,592 [Datanode State Machine Thread - 0] INFO  ozoneimpl.OzoneContainer (OzoneContainer.java:startContainerScrub(179)) - Background container scanner has been disabled.
2019-09-26 10:07:19,592 [Datanode State Machine Thread - 0] INFO  ratis.XceiverServerRatis (XceiverServerRatis.java:start(411)) - Starting XceiverServerRatis 9c045c9c-ba1f-4aea-ae51-5b8bdd601291 at port 0
2019-09-26 10:07:19,603 [Datanode State Machine Thread - 0] INFO  impl.RaftServerProxy (RaftServerProxy.java:lambda$start$3(299)) - 9c045c9c-ba1f-4aea-ae51-5b8bdd601291: start RPC server
2019-09-26 10:07:19,608 [Datanode State Machine Thread - 0] INFO  server.GrpcService (GrpcService.java:startImpl(158)) - 9c045c9c-ba1f-4aea-ae51-5b8bdd601291: GrpcService started, listening on 0.0.0.0/0.0.0.0:39937
2019-09-26 10:07:19,608 [Datanode State Machine Thread - 0] INFO  ratis.XceiverServerRatis (XceiverServerRatis.java:start(421)) - XceiverServerRatis 9c045c9c-ba1f-4aea-ae51-5b8bdd601291 is started using port 39937
2019-09-26 10:07:19,627 [Datanode State Machine Thread - 0] INFO  server.XceiverServerGrpc (XceiverServerGrpc.java:start(149)) - XceiverServerGrpc 9c045c9c-ba1f-4aea-ae51-5b8bdd601291 is started using port 40888
2019-09-26 10:07:19,708 [Datanode State Machine Thread - 0] INFO  ozoneimpl.OzoneContainer (OzoneContainer.java:start(217)) - Attempting to start container services.
2019-09-26 10:07:19,708 [Datanode State Machine Thread - 0] INFO  ozoneimpl.OzoneContainer (OzoneContainer.java:startContainerScrub(179)) - Background container scanner has been disabled.
2019-09-26 10:07:19,708 [Datanode State Machine Thread - 0] INFO  ratis.XceiverServerRatis (XceiverServerRatis.java:start(411)) - Starting XceiverServerRatis 5955fc00-f5b8-4418-b414-62f2e5ec1764 at port 0
2019-09-26 10:07:19,715 [Datanode State Machine Thread - 0] INFO  impl.RaftServerProxy (RaftServerProxy.java:lambda$start$3(299)) - 5955fc00-f5b8-4418-b414-62f2e5ec1764: start RPC server
2019-09-26 10:07:19,716 [Datanode State Machine Thread - 0] INFO  server.GrpcService (GrpcService.java:startImpl(158)) - 5955fc00-f5b8-4418-b414-62f2e5ec1764: GrpcService started, listening on 0.0.0.0/0.0.0.0:35778
2019-09-26 10:07:19,716 [Datanode State Machine Thread - 0] INFO  ratis.XceiverServerRatis (XceiverServerRatis.java:start(421)) - XceiverServerRatis 5955fc00-f5b8-4418-b414-62f2e5ec1764 is started using port 35778
2019-09-26 10:07:19,717 [Datanode State Machine Thread - 0] INFO  server.XceiverServerGrpc (XceiverServerGrpc.java:start(149)) - XceiverServerGrpc 5955fc00-f5b8-4418-b414-62f2e5ec1764 is started using port 39478
2019-09-26 10:07:19,845 [Datanode State Machine Thread - 0] INFO  ozoneimpl.OzoneContainer (OzoneContainer.java:start(217)) - Attempting to start container services.
2019-09-26 10:07:19,846 [Datanode State Machine Thread - 0] INFO  ozoneimpl.OzoneContainer (OzoneContainer.java:startContainerScrub(179)) - Background container scanner has been disabled.
2019-09-26 10:07:19,846 [Datanode State Machine Thread - 0] INFO  ratis.XceiverServerRatis (XceiverServerRatis.java:start(411)) - Starting XceiverServerRatis 9cafecc4-59b7-45e3-9675-340d3e2c3fab at port 0
2019-09-26 10:07:19,854 [Datanode State Machine Thread - 0] INFO  impl.RaftServerProxy (RaftServerProxy.java:lambda$start$3(299)) - 9cafecc4-59b7-45e3-9675-340d3e2c3fab: start RPC server
2019-09-26 10:07:19,859 [Datanode State Machine Thread - 0] INFO  server.GrpcService (GrpcService.java:startImpl(158)) - 9cafecc4-59b7-45e3-9675-340d3e2c3fab: GrpcService started, listening on 0.0.0.0/0.0.0.0:33904
2019-09-26 10:07:19,859 [Datanode State Machine Thread - 0] INFO  ratis.XceiverServerRatis (XceiverServerRatis.java:start(421)) - XceiverServerRatis 9cafecc4-59b7-45e3-9675-340d3e2c3fab is started using port 33904
2019-09-26 10:07:19,879 [Datanode State Machine Thread - 0] INFO  server.XceiverServerGrpc (XceiverServerGrpc.java:start(149)) - XceiverServerGrpc 9cafecc4-59b7-45e3-9675-340d3e2c3fab is started using port 40810
2019-09-26 10:07:19,960 [Datanode State Machine Thread - 0] INFO  ozoneimpl.OzoneContainer (OzoneContainer.java:start(217)) - Attempting to start container services.
2019-09-26 10:07:19,961 [Datanode State Machine Thread - 0] INFO  ozoneimpl.OzoneContainer (OzoneContainer.java:startContainerScrub(179)) - Background container scanner has been disabled.
2019-09-26 10:07:19,961 [Datanode State Machine Thread - 0] INFO  ratis.XceiverServerRatis (XceiverServerRatis.java:start(411)) - Starting XceiverServerRatis bec07a0c-a0ea-4ddf-8714-f8e80b4d678f at port 0
2019-09-26 10:07:19,970 [Datanode State Machine Thread - 0] INFO  impl.RaftServerProxy (RaftServerProxy.java:lambda$start$3(299)) - bec07a0c-a0ea-4ddf-8714-f8e80b4d678f: start RPC server
2019-09-26 10:07:19,971 [Datanode State Machine Thread - 0] INFO  server.GrpcService (GrpcService.java:startImpl(158)) - bec07a0c-a0ea-4ddf-8714-f8e80b4d678f: GrpcService started, listening on 0.0.0.0/0.0.0.0:42402
2019-09-26 10:07:19,971 [Datanode State Machine Thread - 0] INFO  ratis.XceiverServerRatis (XceiverServerRatis.java:start(421)) - XceiverServerRatis bec07a0c-a0ea-4ddf-8714-f8e80b4d678f is started using port 42402
2019-09-26 10:07:19,972 [Datanode State Machine Thread - 0] INFO  server.XceiverServerGrpc (XceiverServerGrpc.java:start(149)) - XceiverServerGrpc bec07a0c-a0ea-4ddf-8714-f8e80b4d678f is started using port 38508
2019-09-26 10:07:20,072 [Datanode State Machine Thread - 0] INFO  ozoneimpl.OzoneContainer (OzoneContainer.java:start(217)) - Attempting to start container services.
2019-09-26 10:07:20,072 [Datanode State Machine Thread - 0] INFO  ozoneimpl.OzoneContainer (OzoneContainer.java:startContainerScrub(179)) - Background container scanner has been disabled.
2019-09-26 10:07:20,072 [Datanode State Machine Thread - 0] INFO  ratis.XceiverServerRatis (XceiverServerRatis.java:start(411)) - Starting XceiverServerRatis d1f6f5bd-a733-436d-b89d-c17e8804c490 at port 0
2019-09-26 10:07:20,082 [Datanode State Machine Thread - 0] INFO  impl.RaftServerProxy (RaftServerProxy.java:lambda$start$3(299)) - d1f6f5bd-a733-436d-b89d-c17e8804c490: start RPC server
2019-09-26 10:07:20,083 [Datanode State Machine Thread - 0] INFO  server.GrpcService (GrpcService.java:startImpl(158)) - d1f6f5bd-a733-436d-b89d-c17e8804c490: GrpcService started, listening on 0.0.0.0/0.0.0.0:37835
2019-09-26 10:07:20,083 [Datanode State Machine Thread - 0] INFO  ratis.XceiverServerRatis (XceiverServerRatis.java:start(421)) - XceiverServerRatis d1f6f5bd-a733-436d-b89d-c17e8804c490 is started using port 37835
2019-09-26 10:07:20,083 [Datanode State Machine Thread - 0] INFO  server.XceiverServerGrpc (XceiverServerGrpc.java:start(149)) - XceiverServerGrpc d1f6f5bd-a733-436d-b89d-c17e8804c490 is started using port 35679
2019-09-26 10:07:20,180 [Datanode State Machine Thread - 0] INFO  ozoneimpl.OzoneContainer (OzoneContainer.java:start(217)) - Attempting to start container services.
2019-09-26 10:07:20,180 [Datanode State Machine Thread - 0] INFO  ozoneimpl.OzoneContainer (OzoneContainer.java:startContainerScrub(179)) - Background container scanner has been disabled.
2019-09-26 10:07:20,180 [Datanode State Machine Thread - 0] INFO  ratis.XceiverServerRatis (XceiverServerRatis.java:start(411)) - Starting XceiverServerRatis 5004b7af-11c5-4c34-b2aa-0091a090c65f at port 0
2019-09-26 10:07:20,189 [Datanode State Machine Thread - 0] INFO  impl.RaftServerProxy (RaftServerProxy.java:lambda$start$3(299)) - 5004b7af-11c5-4c34-b2aa-0091a090c65f: start RPC server
2019-09-26 10:07:20,190 [Datanode State Machine Thread - 0] INFO  server.GrpcService (GrpcService.java:startImpl(158)) - 5004b7af-11c5-4c34-b2aa-0091a090c65f: GrpcService started, listening on 0.0.0.0/0.0.0.0:35706
2019-09-26 10:07:20,191 [Datanode State Machine Thread - 0] INFO  ratis.XceiverServerRatis (XceiverServerRatis.java:start(421)) - XceiverServerRatis 5004b7af-11c5-4c34-b2aa-0091a090c65f is started using port 35706
2019-09-26 10:07:20,191 [Datanode State Machine Thread - 0] INFO  server.XceiverServerGrpc (XceiverServerGrpc.java:start(149)) - XceiverServerGrpc 5004b7af-11c5-4c34-b2aa-0091a090c65f is started using port 38608
2019-09-26 10:07:20,226 [main] INFO  ozone.MiniOzoneClusterImpl (MiniOzoneClusterImpl.java:lambda$waitForClusterToBeReady$0(147)) - Waiting for cluster to be ready. Got 0 of 7 DN Heartbeats.
2019-09-26 10:07:20,252 [Datanode State Machine Thread - 0] INFO  ozoneimpl.OzoneContainer (OzoneContainer.java:start(217)) - Attempting to start container services.
2019-09-26 10:07:20,252 [Datanode State Machine Thread - 0] INFO  ozoneimpl.OzoneContainer (OzoneContainer.java:startContainerScrub(179)) - Background container scanner has been disabled.
2019-09-26 10:07:20,252 [Datanode State Machine Thread - 0] INFO  ratis.XceiverServerRatis (XceiverServerRatis.java:start(411)) - Starting XceiverServerRatis e3e9c20d-70c3-4d54-9af3-1020e4c50fd3 at port 0
2019-09-26 10:07:20,262 [Datanode State Machine Thread - 0] INFO  impl.RaftServerProxy (RaftServerProxy.java:lambda$start$3(299)) - e3e9c20d-70c3-4d54-9af3-1020e4c50fd3: start RPC server
2019-09-26 10:07:20,262 [Datanode State Machine Thread - 0] INFO  server.GrpcService (GrpcService.java:startImpl(158)) - e3e9c20d-70c3-4d54-9af3-1020e4c50fd3: GrpcService started, listening on 0.0.0.0/0.0.0.0:44355
2019-09-26 10:07:20,263 [Datanode State Machine Thread - 0] INFO  ratis.XceiverServerRatis (XceiverServerRatis.java:start(421)) - XceiverServerRatis e3e9c20d-70c3-4d54-9af3-1020e4c50fd3 is started using port 44355
2019-09-26 10:07:20,263 [Datanode State Machine Thread - 0] INFO  server.XceiverServerGrpc (XceiverServerGrpc.java:start(149)) - XceiverServerGrpc e3e9c20d-70c3-4d54-9af3-1020e4c50fd3 is started using port 33931
2019-09-26 10:07:21,226 [main] INFO  ozone.MiniOzoneClusterImpl (MiniOzoneClusterImpl.java:lambda$waitForClusterToBeReady$0(147)) - Waiting for cluster to be ready. Got 0 of 7 DN Heartbeats.
2019-09-26 10:07:21,573 [IPC Server handler 5 on 39448] INFO  net.NetworkTopology (NetworkTopologyImpl.java:add(111)) - Added a new node: /default-rack/9c045c9c-ba1f-4aea-ae51-5b8bdd601291
2019-09-26 10:07:21,578 [IPC Server handler 5 on 39448] INFO  node.SCMNodeManager (SCMNodeManager.java:register(266)) - Registered Data node : 9c045c9c-ba1f-4aea-ae51-5b8bdd601291{ip: 192.168.30.13, host: pr-hdds-1569-wvzgm-824869521, networkLocation: /default-rack, certSerialId: null}
2019-09-26 10:07:21,579 [EventQueue-NodeRegistrationContainerReportForDataNodeSafeModeRule] INFO  safemode.SCMSafeModeManager (DataNodeSafeModeRule.java:process(71)) - SCM in safe mode. 1 DataNodes registered, 1 required.
2019-09-26 10:07:21,583 [EventQueue-NodeRegistrationContainerReportForDataNodeSafeModeRule] INFO  safemode.SCMSafeModeManager (SCMSafeModeManager.java:validateSafeModeExitRules(177)) - ScmSafeModeManager, all rules are successfully validated
2019-09-26 10:07:21,583 [EventQueue-NodeRegistrationContainerReportForDataNodeSafeModeRule] INFO  safemode.SCMSafeModeManager (SCMSafeModeManager.java:exitSafeMode(193)) - SCM exiting safe mode.
2019-09-26 10:07:21,598 [grpc-default-executor-1] INFO  impl.RaftServerProxy (RaftServerProxy.java:addNew(89)) - 9c045c9c-ba1f-4aea-ae51-5b8bdd601291: addNew group-8BEB94E48109:[9c045c9c-ba1f-4aea-ae51-5b8bdd601291:192.168.30.13:39937] returns group-8BEB94E48109:java.util.concurrent.CompletableFuture@1130b1e0[Not completed]
2019-09-26 10:07:21,600 [pool-673-thread-1] INFO  impl.RaftServerImpl (RaftServerImpl.java:<init>(95)) - 9c045c9c-ba1f-4aea-ae51-5b8bdd601291: new RaftServerImpl for group-8BEB94E48109:[9c045c9c-ba1f-4aea-ae51-5b8bdd601291:192.168.30.13:39937] with ContainerStateMachine:uninitialized
2019-09-26 10:07:21,600 [pool-673-thread-1] INFO  server.RaftServerConfigKeys (ConfUtils.java:logGet(43)) - raft.server.rpc.timeout.min = 5s (custom)
2019-09-26 10:07:21,600 [pool-673-thread-1] INFO  server.RaftServerConfigKeys (ConfUtils.java:logGet(43)) - raft.server.rpc.timeout.max = 5200ms (custom)
2019-09-26 10:07:21,600 [pool-673-thread-1] INFO  server.RaftServerConfigKeys (ConfUtils.java:logGet(43)) - raft.server.rpcslowness.timeout = 120s (custom)
2019-09-26 10:07:21,600 [pool-673-thread-1] INFO  server.RaftServerConfigKeys (ConfUtils.java:logGet(43)) - raft.server.sleep.deviation.threshold = 300 (default)
2019-09-26 10:07:21,601 [pool-673-thread-1] INFO  server.RaftServerConfigKeys (ConfUtils.java:logGet(43)) - raft.server.log.appender.install.snapshot.enabled = false (custom)
2019-09-26 10:07:21,601 [pool-673-thread-1] INFO  impl.RaftServerImpl (ServerState.java:<init>(103)) - 9c045c9c-ba1f-4aea-ae51-5b8bdd601291@group-8BEB94E48109: ConfigurationManager, init=-1: [9c045c9c-ba1f-4aea-ae51-5b8bdd601291:192.168.30.13:39937], old=null, confs=<EMPTY_MAP>
2019-09-26 10:07:21,601 [pool-673-thread-1] INFO  server.RaftServerConfigKeys (ConfUtils.java:logGet(43)) - raft.server.storage.dir = [/workdir/hadoop-ozone/integration-test/target/test-dir/MiniOzoneClusterImpl-af826fcf-2e4c-4099-bed4-c1b0f0495924/datanode-0/data/ratis] (custom)
2019-09-26 10:07:21,602 [pool-673-thread-1] INFO  storage.RaftStorageDirectory (RaftStorageDirectory.java:analyzeStorage(246)) - The storage directory /workdir/hadoop-ozone/integration-test/target/test-dir/MiniOzoneClusterImpl-af826fcf-2e4c-4099-bed4-c1b0f0495924/datanode-0/data/ratis/69c50633-affd-4739-8349-8beb94e48109 does not exist. Creating ...
2019-09-26 10:07:21,616 [pool-673-thread-1] INFO  storage.RaftStorageDirectory (RaftStorageDirectory.java:tryLock(328)) - Lock on /workdir/hadoop-ozone/integration-test/target/test-dir/MiniOzoneClusterImpl-af826fcf-2e4c-4099-bed4-c1b0f0495924/datanode-0/data/ratis/69c50633-affd-4739-8349-8beb94e48109/in_use.lock acquired by nodename 19604@pr-hdds-1569-wvzgm-824869521
2019-09-26 10:07:21,629 [pool-673-thread-1] INFO  storage.RaftStorage (RaftStorage.java:format(72)) - Storage directory /workdir/hadoop-ozone/integration-test/target/test-dir/MiniOzoneClusterImpl-af826fcf-2e4c-4099-bed4-c1b0f0495924/datanode-0/data/ratis/69c50633-affd-4739-8349-8beb94e48109 has been successfully formatted.
2019-09-26 10:07:21,630 [pool-673-thread-1] INFO  ratis.ContainerStateMachine (ContainerStateMachine.java:loadSnapshot(230)) - group-8BEB94E48109: The snapshot info is null. Setting the last applied indexto:(t:0, i:~)
2019-09-26 10:07:21,630 [pool-673-thread-1] INFO  server.RaftServerConfigKeys (ConfUtils.java:logGet(43)) - raft.server.notification.no-leader.timeout = 120s (custom)
2019-09-26 10:07:21,630 [pool-673-thread-1] INFO  server.RaftServerConfigKeys (ConfUtils.java:logGet(43)) - raft.server.log.use.memory = false (default)
2019-09-26 10:07:21,630 [pool-673-thread-1] INFO  server.RaftServerConfigKeys (ConfUtils.java:logGet(43)) - raft.server.log.purge.gap = 1000000 (custom)
2019-09-26 10:07:21,631 [pool-673-thread-1] INFO  server.RaftServerConfigKeys (ConfUtils.java:logGet(43)) - raft.server.log.appender.buffer.byte-limit = 33554432 (custom)
2019-09-26 10:07:21,631 [pool-673-thread-1] INFO  server.RaftServerConfigKeys (ConfUtils.java:logGet(43)) - raft.server.log.segment.size.max = 1048576 (custom)
2019-09-26 10:07:21,631 [pool-673-thread-1] INFO  server.RaftServerConfigKeys (ConfUtils.java:logGet(43)) - raft.server.log.segment.cache.num.max = 2 (custom)
2019-09-26 10:07:21,631 [pool-673-thread-1] INFO  segmented.SegmentedRaftLogWorker (SegmentedRaftLogWorker.java:<init>(172)) - new 9c045c9c-ba1f-4aea-ae51-5b8bdd601291@group-8BEB94E48109-SegmentedRaftLogWorker for RaftStorage:Storage Directory /workdir/hadoop-ozone/integration-test/target/test-dir/MiniOzoneClusterImpl-af826fcf-2e4c-4099-bed4-c1b0f0495924/datanode-0/data/ratis/69c50633-affd-4739-8349-8beb94e48109
2019-09-26 10:07:21,634 [pool-673-thread-1] INFO  server.RaftServerConfigKeys (ConfUtils.java:logGet(43)) - raft.server.log.queue.byte-limit = 2147483647 (custom)
2019-09-26 10:07:21,634 [pool-673-thread-1] INFO  server.RaftServerConfigKeys (ConfUtils.java:logGet(43)) - raft.server.log.queue.element-limit = 1024 (custom)
2019-09-26 10:07:21,634 [pool-673-thread-1] INFO  server.RaftServerConfigKeys (ConfUtils.java:logGet(43)) - raft.server.log.segment.size.max = 1048576 (custom)
2019-09-26 10:07:21,634 [pool-673-thread-1] INFO  server.RaftServerConfigKeys (ConfUtils.java:logGet(43)) - raft.server.log.preallocated.size = 16384 (custom)
2019-09-26 10:07:21,634 [pool-673-thread-1] INFO  server.RaftServerConfigKeys (ConfUtils.java:logGet(43)) - raft.server.log.write.buffer.size = 33554432 (custom)
2019-09-26 10:07:21,635 [pool-673-thread-1] INFO  server.RaftServerConfigKeys (ConfUtils.java:logGet(43)) - raft.server.log.force.sync.num = 128 (default)
2019-09-26 10:07:21,635 [pool-673-thread-1] INFO  server.RaftServerConfigKeys (ConfUtils.java:logGet(43)) - raft.server.log.statemachine.data.sync = true (default)
2019-09-26 10:07:21,635 [pool-673-thread-1] INFO  server.RaftServerConfigKeys (ConfUtils.java:logGet(43)) - raft.server.log.statemachine.data.sync.timeout = 10s (default)
2019-09-26 10:07:21,635 [pool-673-thread-1] INFO  server.RaftServerConfigKeys (ConfUtils.java:logGet(43)) - raft.server.log.statemachine.data.sync.timeout.retry = -1 (default)
2019-09-26 10:07:21,635 [pool-673-thread-1] INFO  server.RaftServerConfigKeys (ConfUtils.java:logGet(43)) - raft.server.log.statemachine.data.caching.enabled = true (custom)
2019-09-26 10:07:21,636 [pool-673-thread-1] INFO  segmented.SegmentedRaftLogWorker (SegmentedRaftLogWorker.java:lambda$new$0(132)) - 9c045c9c-ba1f-4aea-ae51-5b8bdd601291@group-8BEB94E48109-SegmentedRaftLogWorker: flushIndex: setUnconditionally 0 -> -1
2019-09-26 10:07:21,636 [pool-673-thread-1] INFO  server.RaftServerConfigKeys (ConfUtils.java:logGet(43)) - raft.server.snapshot.auto.trigger.enabled = true (custom)
2019-09-26 10:07:21,636 [pool-673-thread-1] INFO  server.RaftServerConfigKeys (ConfUtils.java:logGet(43)) - raft.server.snapshot.auto.trigger.threshold = 10000 (custom)
2019-09-26 10:07:21,637 [pool-673-thread-1] INFO  server.RaftServerConfigKeys (ConfUtils.java:logGet(43)) - raft.server.snapshot.retention.num.files = 5 (custom)
2019-09-26 10:07:21,637 [pool-673-thread-1] INFO  server.RaftServerConfigKeys (ConfUtils.java:logGet(43)) - raft.server.retrycache.expirytime = 600000ms (custom)
2019-09-26 10:07:21,639 [pool-673-thread-1] INFO  impl.RaftServerImpl (RaftServerImpl.java:start(185)) - 9c045c9c-ba1f-4aea-ae51-5b8bdd601291@group-8BEB94E48109: start as a follower, conf=-1: [9c045c9c-ba1f-4aea-ae51-5b8bdd601291:192.168.30.13:39937], old=null
2019-09-26 10:07:21,639 [pool-673-thread-1] INFO  impl.RaftServerImpl (RaftServerImpl.java:setRole(174)) - 9c045c9c-ba1f-4aea-ae51-5b8bdd601291@group-8BEB94E48109: changes role from      null to FOLLOWER at term 0 for startAsFollower
2019-09-26 10:07:21,639 [pool-673-thread-1] INFO  impl.RoleInfo (RoleInfo.java:updateAndGet(143)) - 9c045c9c-ba1f-4aea-ae51-5b8bdd601291: start FollowerState
2019-09-26 10:07:21,639 [pool-673-thread-1] INFO  util.JmxRegister (JmxRegister.java:tryRegister(44)) - Successfully registered JMX Bean with object name Ratis:service=RaftServer,group=group-8BEB94E48109,id=9c045c9c-ba1f-4aea-ae51-5b8bdd601291
2019-09-26 10:07:21,643 [RatisPipelineUtilsThread] INFO  pipeline.PipelineStateManager (PipelineStateManager.java:addPipeline(56)) - Created pipeline Pipeline[ Id: 69c50633-affd-4739-8349-8beb94e48109, Nodes: 9c045c9c-ba1f-4aea-ae51-5b8bdd601291{ip: 192.168.30.13, host: pr-hdds-1569-wvzgm-824869521, networkLocation: /default-rack, certSerialId: null}, Type:RATIS, Factor:ONE, State:OPEN]
2019-09-26 10:07:21,648 [grpc-default-executor-1] INFO  impl.RaftServerProxy (RaftServerProxy.java:addNew(89)) - 9c045c9c-ba1f-4aea-ae51-5b8bdd601291: addNew group-74306F4C2CC8:[9c045c9c-ba1f-4aea-ae51-5b8bdd601291:192.168.30.13:39937] returns group-74306F4C2CC8:java.util.concurrent.CompletableFuture@6e9102df[Not completed]
2019-09-26 10:07:21,648 [pool-673-thread-1] INFO  impl.RaftServerImpl (RaftServerImpl.java:<init>(95)) - 9c045c9c-ba1f-4aea-ae51-5b8bdd601291: new RaftServerImpl for group-74306F4C2CC8:[9c045c9c-ba1f-4aea-ae51-5b8bdd601291:192.168.30.13:39937] with ContainerStateMachine:uninitialized
2019-09-26 10:07:21,649 [pool-673-thread-1] INFO  server.RaftServerConfigKeys (ConfUtils.java:logGet(43)) - raft.server.rpc.timeout.min = 5s (custom)
2019-09-26 10:07:21,649 [pool-673-thread-1] INFO  server.RaftServerConfigKeys (ConfUtils.java:logGet(43)) - raft.server.rpc.timeout.max = 5200ms (custom)
2019-09-26 10:07:21,649 [pool-673-thread-1] INFO  server.RaftServerConfigKeys (ConfUtils.java:logGet(43)) - raft.server.rpcslowness.timeout = 120s (custom)
2019-09-26 10:07:21,649 [pool-673-thread-1] INFO  server.RaftServerConfigKeys (ConfUtils.java:logGet(43)) - raft.server.sleep.deviation.threshold = 300 (default)
2019-09-26 10:07:21,649 [pool-673-thread-1] INFO  server.RaftServerConfigKeys (ConfUtils.java:logGet(43)) - raft.server.log.appender.install.snapshot.enabled = false (custom)
2019-09-26 10:07:21,649 [pool-673-thread-1] INFO  impl.RaftServerImpl (ServerState.java:<init>(103)) - 9c045c9c-ba1f-4aea-ae51-5b8bdd601291@group-74306F4C2CC8: ConfigurationManager, init=-1: [9c045c9c-ba1f-4aea-ae51-5b8bdd601291:192.168.30.13:39937], old=null, confs=<EMPTY_MAP>
2019-09-26 10:07:21,649 [pool-673-thread-1] INFO  server.RaftServerConfigKeys (ConfUtils.java:logGet(43)) - raft.server.storage.dir = [/workdir/hadoop-ozone/integration-test/target/test-dir/MiniOzoneClusterImpl-af826fcf-2e4c-4099-bed4-c1b0f0495924/datanode-0/data/ratis] (custom)
2019-09-26 10:07:21,650 [pool-673-thread-1] INFO  storage.RaftStorageDirectory (RaftStorageDirectory.java:analyzeStorage(246)) - The storage directory /workdir/hadoop-ozone/integration-test/target/test-dir/MiniOzoneClusterImpl-af826fcf-2e4c-4099-bed4-c1b0f0495924/datanode-0/data/ratis/e940d17b-7f68-4a6d-9315-74306f4c2cc8 does not exist. Creating ...
2019-09-26 10:07:21,663 [pool-673-thread-1] INFO  storage.RaftStorageDirectory (RaftStorageDirectory.java:tryLock(328)) - Lock on /workdir/hadoop-ozone/integration-test/target/test-dir/MiniOzoneClusterImpl-af826fcf-2e4c-4099-bed4-c1b0f0495924/datanode-0/data/ratis/e940d17b-7f68-4a6d-9315-74306f4c2cc8/in_use.lock acquired by nodename 19604@pr-hdds-1569-wvzgm-824869521
2019-09-26 10:07:21,676 [pool-673-thread-1] INFO  storage.RaftStorage (RaftStorage.java:format(72)) - Storage directory /workdir/hadoop-ozone/integration-test/target/test-dir/MiniOzoneClusterImpl-af826fcf-2e4c-4099-bed4-c1b0f0495924/datanode-0/data/ratis/e940d17b-7f68-4a6d-9315-74306f4c2cc8 has been successfully formatted.
2019-09-26 10:07:21,676 [pool-673-thread-1] INFO  ratis.ContainerStateMachine (ContainerStateMachine.java:loadSnapshot(230)) - group-74306F4C2CC8: The snapshot info is null. Setting the last applied indexto:(t:0, i:~)
2019-09-26 10:07:21,676 [pool-673-thread-1] INFO  server.RaftServerConfigKeys (ConfUtils.java:logGet(43)) - raft.server.notification.no-leader.timeout = 120s (custom)
2019-09-26 10:07:21,676 [pool-673-thread-1] INFO  server.RaftServerConfigKeys (ConfUtils.java:logGet(43)) - raft.server.log.use.memory = false (default)
2019-09-26 10:07:21,676 [pool-673-thread-1] INFO  server.RaftServerConfigKeys (ConfUtils.java:logGet(43)) - raft.server.log.purge.gap = 1000000 (custom)
2019-09-26 10:07:21,676 [pool-673-thread-1] INFO  server.RaftServerConfigKeys (ConfUtils.java:logGet(43)) - raft.server.log.appender.buffer.byte-limit = 33554432 (custom)
2019-09-26 10:07:21,676 [pool-673-thread-1] INFO  server.RaftServerConfigKeys (ConfUtils.java:logGet(43)) - raft.server.log.segment.size.max = 1048576 (custom)
2019-09-26 10:07:21,677 [pool-673-thread-1] INFO  server.RaftServerConfigKeys (ConfUtils.java:logGet(43)) - raft.server.log.segment.cache.num.max = 2 (custom)
2019-09-26 10:07:21,677 [pool-673-thread-1] INFO  segmented.SegmentedRaftLogWorker (SegmentedRaftLogWorker.java:<init>(172)) - new 9c045c9c-ba1f-4aea-ae51-5b8bdd601291@group-74306F4C2CC8-SegmentedRaftLogWorker for RaftStorage:Storage Directory /workdir/hadoop-ozone/integration-test/target/test-dir/MiniOzoneClusterImpl-af826fcf-2e4c-4099-bed4-c1b0f0495924/datanode-0/data/ratis/e940d17b-7f68-4a6d-9315-74306f4c2cc8
2019-09-26 10:07:21,677 [pool-673-thread-1] INFO  server.RaftServerConfigKeys (ConfUtils.java:logGet(43)) - raft.server.log.queue.byte-limit = 2147483647 (custom)
2019-09-26 10:07:21,677 [pool-673-thread-1] INFO  server.RaftServerConfigKeys (ConfUtils.java:logGet(43)) - raft.server.log.queue.element-limit = 1024 (custom)
2019-09-26 10:07:21,677 [pool-673-thread-1] INFO  server.RaftServerConfigKeys (ConfUtils.java:logGet(43)) - raft.server.log.segment.size.max = 1048576 (custom)
2019-09-26 10:07:21,677 [pool-673-thread-1] INFO  server.RaftServerConfigKeys (ConfUtils.java:logGet(43)) - raft.server.log.preallocated.size = 16384 (custom)
2019-09-26 10:07:21,677 [pool-673-thread-1] INFO  server.RaftServerConfigKeys (ConfUtils.java:logGet(43)) - raft.server.log.write.buffer.size = 33554432 (custom)
2019-09-26 10:07:21,678 [pool-673-thread-1] INFO  server.RaftServerConfigKeys (ConfUtils.java:logGet(43)) - raft.server.log.force.sync.num = 128 (default)
2019-09-26 10:07:21,678 [pool-673-thread-1] INFO  server.RaftServerConfigKeys (ConfUtils.java:logGet(43)) - raft.server.log.statemachine.data.sync = true (default)
2019-09-26 10:07:21,678 [pool-673-thread-1] INFO  server.RaftServerConfigKeys (ConfUtils.java:logGet(43)) - raft.server.log.statemachine.data.sync.timeout = 10s (default)
2019-09-26 10:07:21,678 [pool-673-thread-1] INFO  server.RaftServerConfigKeys (ConfUtils.java:logGet(43)) - raft.server.log.statemachine.data.sync.timeout.retry = -1 (default)
2019-09-26 10:07:21,678 [pool-673-thread-1] INFO  server.RaftServerConfigKeys (ConfUtils.java:logGet(43)) - raft.server.log.statemachine.data.caching.enabled = true (custom)
2019-09-26 10:07:21,678 [pool-673-thread-1] INFO  segmented.SegmentedRaftLogWorker (SegmentedRaftLogWorker.java:lambda$new$0(132)) - 9c045c9c-ba1f-4aea-ae51-5b8bdd601291@group-74306F4C2CC8-SegmentedRaftLogWorker: flushIndex: setUnconditionally 0 -> -1
2019-09-26 10:07:21,679 [pool-673-thread-1] INFO  server.RaftServerConfigKeys (ConfUtils.java:logGet(43)) - raft.server.snapshot.auto.trigger.enabled = true (custom)
2019-09-26 10:07:21,679 [pool-673-thread-1] INFO  server.RaftServerConfigKeys (ConfUtils.java:logGet(43)) - raft.server.snapshot.auto.trigger.threshold = 10000 (custom)
2019-09-26 10:07:21,679 [pool-673-thread-1] INFO  server.RaftServerConfigKeys (ConfUtils.java:logGet(43)) - raft.server.snapshot.retention.num.files = 5 (custom)
2019-09-26 10:07:21,679 [pool-673-thread-1] INFO  server.RaftServerConfigKeys (ConfUtils.java:logGet(43)) - raft.server.retrycache.expirytime = 600000ms (custom)
2019-09-26 10:07:21,681 [pool-673-thread-1] INFO  impl.RaftServerImpl (RaftServerImpl.java:start(185)) - 9c045c9c-ba1f-4aea-ae51-5b8bdd601291@group-74306F4C2CC8: start as a follower, conf=-1: [9c045c9c-ba1f-4aea-ae51-5b8bdd601291:192.168.30.13:39937], old=null
2019-09-26 10:07:21,681 [pool-673-thread-1] INFO  impl.RaftServerImpl (RaftServerImpl.java:setRole(174)) - 9c045c9c-ba1f-4aea-ae51-5b8bdd601291@group-74306F4C2CC8: changes role from      null to FOLLOWER at term 0 for startAsFollower
2019-09-26 10:07:21,681 [pool-673-thread-1] INFO  impl.RoleInfo (RoleInfo.java:updateAndGet(143)) - 9c045c9c-ba1f-4aea-ae51-5b8bdd601291: start FollowerState
2019-09-26 10:07:21,681 [pool-673-thread-1] INFO  util.JmxRegister (JmxRegister.java:tryRegister(44)) - Successfully registered JMX Bean with object name Ratis:service=RaftServer,group=group-74306F4C2CC8,id=9c045c9c-ba1f-4aea-ae51-5b8bdd601291
2019-09-26 10:07:21,684 [RatisPipelineUtilsThread] INFO  pipeline.PipelineStateManager (PipelineStateManager.java:addPipeline(56)) - Created pipeline Pipeline[ Id: e940d17b-7f68-4a6d-9315-74306f4c2cc8, Nodes: 9c045c9c-ba1f-4aea-ae51-5b8bdd601291{ip: 192.168.30.13, host: pr-hdds-1569-wvzgm-824869521, networkLocation: /default-rack, certSerialId: null}, Type:RATIS, Factor:ONE, State:OPEN]
2019-09-26 10:07:21,688 [grpc-default-executor-1] INFO  impl.RaftServerProxy (RaftServerProxy.java:addNew(89)) - 9c045c9c-ba1f-4aea-ae51-5b8bdd601291: addNew group-B3B3F4A2B6D5:[9c045c9c-ba1f-4aea-ae51-5b8bdd601291:192.168.30.13:39937] returns group-B3B3F4A2B6D5:java.util.concurrent.CompletableFuture@78cf9c50[Not completed]
2019-09-26 10:07:21,689 [pool-673-thread-1] INFO  impl.RaftServerImpl (RaftServerImpl.java:<init>(95)) - 9c045c9c-ba1f-4aea-ae51-5b8bdd601291: new RaftServerImpl for group-B3B3F4A2B6D5:[9c045c9c-ba1f-4aea-ae51-5b8bdd601291:192.168.30.13:39937] with ContainerStateMachine:uninitialized
2019-09-26 10:07:21,689 [pool-673-thread-1] INFO  server.RaftServerConfigKeys (ConfUtils.java:logGet(43)) - raft.server.rpc.timeout.min = 5s (custom)
2019-09-26 10:07:21,689 [pool-673-thread-1] INFO  server.RaftServerConfigKeys (ConfUtils.java:logGet(43)) - raft.server.rpc.timeout.max = 5200ms (custom)
2019-09-26 10:07:21,689 [pool-673-thread-1] INFO  server.RaftServerConfigKeys (ConfUtils.java:logGet(43)) - raft.server.rpcslowness.timeout = 120s (custom)
2019-09-26 10:07:21,689 [pool-673-thread-1] INFO  server.RaftServerConfigKeys (ConfUtils.java:logGet(43)) - raft.server.sleep.deviation.threshold = 300 (default)
2019-09-26 10:07:21,689 [pool-673-thread-1] INFO  server.RaftServerConfigKeys (ConfUtils.java:logGet(43)) - raft.server.log.appender.install.snapshot.enabled = false (custom)
2019-09-26 10:07:21,689 [pool-673-thread-1] INFO  impl.RaftServerImpl (ServerState.java:<init>(103)) - 9c045c9c-ba1f-4aea-ae51-5b8bdd601291@group-B3B3F4A2B6D5: ConfigurationManager, init=-1: [9c045c9c-ba1f-4aea-ae51-5b8bdd601291:192.168.30.13:39937], old=null, confs=<EMPTY_MAP>
2019-09-26 10:07:21,689 [pool-673-thread-1] INFO  server.RaftServerConfigKeys (ConfUtils.java:logGet(43)) - raft.server.storage.dir = [/workdir/hadoop-ozone/integration-test/target/test-dir/MiniOzoneClusterImpl-af826fcf-2e4c-4099-bed4-c1b0f0495924/datanode-0/data/ratis] (custom)
2019-09-26 10:07:21,690 [pool-673-thread-1] INFO  storage.RaftStorageDirectory (RaftStorageDirectory.java:analyzeStorage(246)) - The storage directory /workdir/hadoop-ozone/integration-test/target/test-dir/MiniOzoneClusterImpl-af826fcf-2e4c-4099-bed4-c1b0f0495924/datanode-0/data/ratis/236ed6fe-f7a0-403f-9bd7-b3b3f4a2b6d5 does not exist. Creating ...
2019-09-26 10:07:21,692 [IPC Server handler 6 on 39448] INFO  net.NetworkTopology (NetworkTopologyImpl.java:add(111)) - Added a new node: /default-rack/5955fc00-f5b8-4418-b414-62f2e5ec1764
2019-09-26 10:07:21,692 [IPC Server handler 6 on 39448] INFO  node.SCMNodeManager (SCMNodeManager.java:register(266)) - Registered Data node : 5955fc00-f5b8-4418-b414-62f2e5ec1764{ip: 192.168.30.13, host: pr-hdds-1569-wvzgm-824869521, networkLocation: /default-rack, certSerialId: null}
2019-09-26 10:07:21,715 [pool-673-thread-1] INFO  storage.RaftStorageDirectory (RaftStorageDirectory.java:tryLock(328)) - Lock on /workdir/hadoop-ozone/integration-test/target/test-dir/MiniOzoneClusterImpl-af826fcf-2e4c-4099-bed4-c1b0f0495924/datanode-0/data/ratis/236ed6fe-f7a0-403f-9bd7-b3b3f4a2b6d5/in_use.lock acquired by nodename 19604@pr-hdds-1569-wvzgm-824869521
2019-09-26 10:07:21,733 [pool-673-thread-1] INFO  storage.RaftStorage (RaftStorage.java:format(72)) - Storage directory /workdir/hadoop-ozone/integration-test/target/test-dir/MiniOzoneClusterImpl-af826fcf-2e4c-4099-bed4-c1b0f0495924/datanode-0/data/ratis/236ed6fe-f7a0-403f-9bd7-b3b3f4a2b6d5 has been successfully formatted.
2019-09-26 10:07:21,733 [pool-673-thread-1] INFO  ratis.ContainerStateMachine (ContainerStateMachine.java:loadSnapshot(230)) - group-B3B3F4A2B6D5: The snapshot info is null. Setting the last applied indexto:(t:0, i:~)
2019-09-26 10:07:21,734 [pool-673-thread-1] INFO  server.RaftServerConfigKeys (ConfUtils.java:logGet(43)) - raft.server.notification.no-leader.timeout = 120s (custom)
2019-09-26 10:07:21,734 [pool-673-thread-1] INFO  server.RaftServerConfigKeys (ConfUtils.java:logGet(43)) - raft.server.log.use.memory = false (default)
2019-09-26 10:07:21,734 [pool-673-thread-1] INFO  server.RaftServerConfigKeys (ConfUtils.java:logGet(43)) - raft.server.log.purge.gap = 1000000 (custom)
2019-09-26 10:07:21,734 [pool-673-thread-1] INFO  server.RaftServerConfigKeys (ConfUtils.java:logGet(43)) - raft.server.log.appender.buffer.byte-limit = 33554432 (custom)
2019-09-26 10:07:21,734 [pool-673-thread-1] INFO  server.RaftServerConfigKeys (ConfUtils.java:logGet(43)) - raft.server.log.segment.size.max = 1048576 (custom)
2019-09-26 10:07:21,734 [pool-673-thread-1] INFO  server.RaftServerConfigKeys (ConfUtils.java:logGet(43)) - raft.server.log.segment.cache.num.max = 2 (custom)
2019-09-26 10:07:21,735 [pool-673-thread-1] INFO  segmented.SegmentedRaftLogWorker (SegmentedRaftLogWorker.java:<init>(172)) - new 9c045c9c-ba1f-4aea-ae51-5b8bdd601291@group-B3B3F4A2B6D5-SegmentedRaftLogWorker for RaftStorage:Storage Directory /workdir/hadoop-ozone/integration-test/target/test-dir/MiniOzoneClusterImpl-af826fcf-2e4c-4099-bed4-c1b0f0495924/datanode-0/data/ratis/236ed6fe-f7a0-403f-9bd7-b3b3f4a2b6d5
2019-09-26 10:07:21,735 [pool-673-thread-1] INFO  server.RaftServerConfigKeys (ConfUtils.java:logGet(43)) - raft.server.log.queue.byte-limit = 2147483647 (custom)
2019-09-26 10:07:21,735 [pool-673-thread-1] INFO  server.RaftServerConfigKeys (ConfUtils.java:logGet(43)) - raft.server.log.queue.element-limit = 1024 (custom)
2019-09-26 10:07:21,735 [pool-673-thread-1] INFO  server.RaftServerConfigKeys (ConfUtils.java:logGet(43)) - raft.server.log.segment.size.max = 1048576 (custom)
2019-09-26 10:07:21,735 [pool-673-thread-1] INFO  server.RaftServerConfigKeys (ConfUtils.java:logGet(43)) - raft.server.log.preallocated.size = 16384 (custom)
2019-09-26 10:07:21,735 [pool-673-thread-1] INFO  server.RaftServerConfigKeys (ConfUtils.java:logGet(43)) - raft.server.log.write.buffer.size = 33554432 (custom)
2019-09-26 10:07:21,736 [pool-673-thread-1] INFO  server.RaftServerConfigKeys (ConfUtils.java:logGet(43)) - raft.server.log.force.sync.num = 128 (default)
2019-09-26 10:07:21,736 [pool-673-thread-1] INFO  server.RaftServerConfigKeys (ConfUtils.java:logGet(43)) - raft.server.log.statemachine.data.sync = true (default)
2019-09-26 10:07:21,736 [pool-673-thread-1] INFO  server.RaftServerConfigKeys (ConfUtils.java:logGet(43)) - raft.server.log.statemachine.data.sync.timeout = 10s (default)
2019-09-26 10:07:21,736 [pool-673-thread-1] INFO  server.RaftServerConfigKeys (ConfUtils.java:logGet(43)) - raft.server.log.statemachine.data.sync.timeout.retry = -1 (default)
2019-09-26 10:07:21,736 [pool-673-thread-1] INFO  server.RaftServerConfigKeys (ConfUtils.java:logGet(43)) - raft.server.log.statemachine.data.caching.enabled = true (custom)
2019-09-26 10:07:21,737 [pool-673-thread-1] INFO  segmented.SegmentedRaftLogWorker (SegmentedRaftLogWorker.java:lambda$new$0(132)) - 9c045c9c-ba1f-4aea-ae51-5b8bdd601291@group-B3B3F4A2B6D5-SegmentedRaftLogWorker: flushIndex: setUnconditionally 0 -> -1
2019-09-26 10:07:21,737 [pool-673-thread-1] INFO  server.RaftServerConfigKeys (ConfUtils.java:logGet(43)) - raft.server.snapshot.auto.trigger.enabled = true (custom)
2019-09-26 10:07:21,737 [pool-673-thread-1] INFO  server.RaftServerConfigKeys (ConfUtils.java:logGet(43)) - raft.server.snapshot.auto.trigger.threshold = 10000 (custom)
2019-09-26 10:07:21,737 [pool-673-thread-1] INFO  server.RaftServerConfigKeys (ConfUtils.java:logGet(43)) - raft.server.snapshot.retention.num.files = 5 (custom)
2019-09-26 10:07:21,738 [pool-673-thread-1] INFO  server.RaftServerConfigKeys (ConfUtils.java:logGet(43)) - raft.server.retrycache.expirytime = 600000ms (custom)
2019-09-26 10:07:21,740 [pool-673-thread-1] INFO  impl.RaftServerImpl (RaftServerImpl.java:start(185)) - 9c045c9c-ba1f-4aea-ae51-5b8bdd601291@group-B3B3F4A2B6D5: start as a follower, conf=-1: [9c045c9c-ba1f-4aea-ae51-5b8bdd601291:192.168.30.13:39937], old=null
2019-09-26 10:07:21,740 [pool-673-thread-1] INFO  impl.RaftServerImpl (RaftServerImpl.java:setRole(174)) - 9c045c9c-ba1f-4aea-ae51-5b8bdd601291@group-B3B3F4A2B6D5: changes role from      null to FOLLOWER at term 0 for startAsFollower
2019-09-26 10:07:21,740 [pool-673-thread-1] INFO  impl.RoleInfo (RoleInfo.java:updateAndGet(143)) - 9c045c9c-ba1f-4aea-ae51-5b8bdd601291: start FollowerState
2019-09-26 10:07:21,740 [pool-673-thread-1] INFO  util.JmxRegister (JmxRegister.java:tryRegister(44)) - Successfully registered JMX Bean with object name Ratis:service=RaftServer,group=group-B3B3F4A2B6D5,id=9c045c9c-ba1f-4aea-ae51-5b8bdd601291
2019-09-26 10:07:21,743 [RatisPipelineUtilsThread] INFO  pipeline.PipelineStateManager (PipelineStateManager.java:addPipeline(56)) - Created pipeline Pipeline[ Id: 236ed6fe-f7a0-403f-9bd7-b3b3f4a2b6d5, Nodes: 9c045c9c-ba1f-4aea-ae51-5b8bdd601291{ip: 192.168.30.13, host: pr-hdds-1569-wvzgm-824869521, networkLocation: /default-rack, certSerialId: null}, Type:RATIS, Factor:ONE, State:OPEN]
2019-09-26 10:07:21,747 [grpc-default-executor-1] INFO  impl.RaftServerProxy (RaftServerProxy.java:addNew(89)) - 9c045c9c-ba1f-4aea-ae51-5b8bdd601291: addNew group-C014BC33E0D6:[9c045c9c-ba1f-4aea-ae51-5b8bdd601291:192.168.30.13:39937] returns group-C014BC33E0D6:java.util.concurrent.CompletableFuture@7ba5afdf[Not completed]
2019-09-26 10:07:21,748 [pool-673-thread-1] INFO  impl.RaftServerImpl (RaftServerImpl.java:<init>(95)) - 9c045c9c-ba1f-4aea-ae51-5b8bdd601291: new RaftServerImpl for group-C014BC33E0D6:[9c045c9c-ba1f-4aea-ae51-5b8bdd601291:192.168.30.13:39937] with ContainerStateMachine:uninitialized
2019-09-26 10:07:21,748 [pool-673-thread-1] INFO  server.RaftServerConfigKeys (ConfUtils.java:logGet(43)) - raft.server.rpc.timeout.min = 5s (custom)
2019-09-26 10:07:21,748 [pool-673-thread-1] INFO  server.RaftServerConfigKeys (ConfUtils.java:logGet(43)) - raft.server.rpc.timeout.max = 5200ms (custom)
2019-09-26 10:07:21,748 [pool-673-thread-1] INFO  server.RaftServerConfigKeys (ConfUtils.java:logGet(43)) - raft.server.rpcslowness.timeout = 120s (custom)
2019-09-26 10:07:21,749 [pool-673-thread-1] INFO  server.RaftServerConfigKeys (ConfUtils.java:logGet(43)) - raft.server.sleep.deviation.threshold = 300 (default)
2019-09-26 10:07:21,749 [pool-673-thread-1] INFO  server.RaftServerConfigKeys (ConfUtils.java:logGet(43)) - raft.server.log.appender.install.snapshot.enabled = false (custom)
2019-09-26 10:07:21,749 [pool-673-thread-1] INFO  impl.RaftServerImpl (ServerState.java:<init>(103)) - 9c045c9c-ba1f-4aea-ae51-5b8bdd601291@group-C014BC33E0D6: ConfigurationManager, init=-1: [9c045c9c-ba1f-4aea-ae51-5b8bdd601291:192.168.30.13:39937], old=null, confs=<EMPTY_MAP>
2019-09-26 10:07:21,749 [pool-673-thread-1] INFO  server.RaftServerConfigKeys (ConfUtils.java:logGet(43)) - raft.server.storage.dir = [/workdir/hadoop-ozone/integration-test/target/test-dir/MiniOzoneClusterImpl-af826fcf-2e4c-4099-bed4-c1b0f0495924/datanode-0/data/ratis] (custom)
2019-09-26 10:07:21,749 [pool-673-thread-1] INFO  storage.RaftStorageDirectory (RaftStorageDirectory.java:analyzeStorage(246)) - The storage directory /workdir/hadoop-ozone/integration-test/target/test-dir/MiniOzoneClusterImpl-af826fcf-2e4c-4099-bed4-c1b0f0495924/datanode-0/data/ratis/3e73db50-707d-49af-abb7-c014bc33e0d6 does not exist. Creating ...
2019-09-26 10:07:21,762 [pool-673-thread-1] INFO  storage.RaftStorageDirectory (RaftStorageDirectory.java:tryLock(328)) - Lock on /workdir/hadoop-ozone/integration-test/target/test-dir/MiniOzoneClusterImpl-af826fcf-2e4c-4099-bed4-c1b0f0495924/datanode-0/data/ratis/3e73db50-707d-49af-abb7-c014bc33e0d6/in_use.lock acquired by nodename 19604@pr-hdds-1569-wvzgm-824869521
2019-09-26 10:07:21,787 [pool-673-thread-1] INFO  storage.RaftStorage (RaftStorage.java:format(72)) - Storage directory /workdir/hadoop-ozone/integration-test/target/test-dir/MiniOzoneClusterImpl-af826fcf-2e4c-4099-bed4-c1b0f0495924/datanode-0/data/ratis/3e73db50-707d-49af-abb7-c014bc33e0d6 has been successfully formatted.
2019-09-26 10:07:21,788 [pool-673-thread-1] INFO  ratis.ContainerStateMachine (ContainerStateMachine.java:loadSnapshot(230)) - group-C014BC33E0D6: The snapshot info is null. Setting the last applied indexto:(t:0, i:~)
2019-09-26 10:07:21,788 [pool-673-thread-1] INFO  server.RaftServerConfigKeys (ConfUtils.java:logGet(43)) - raft.server.notification.no-leader.timeout = 120s (custom)
2019-09-26 10:07:21,788 [pool-673-thread-1] INFO  server.RaftServerConfigKeys (ConfUtils.java:logGet(43)) - raft.server.log.use.memory = false (default)
2019-09-26 10:07:21,788 [pool-673-thread-1] INFO  server.RaftServerConfigKeys (ConfUtils.java:logGet(43)) - raft.server.log.purge.gap = 1000000 (custom)
2019-09-26 10:07:21,788 [pool-673-thread-1] INFO  server.RaftServerConfigKeys (ConfUtils.java:logGet(43)) - raft.server.log.appender.buffer.byte-limit = 33554432 (custom)
2019-09-26 10:07:21,789 [pool-673-thread-1] INFO  server.RaftServerConfigKeys (ConfUtils.java:logGet(43)) - raft.server.log.segment.size.max = 1048576 (custom)
2019-09-26 10:07:21,789 [pool-673-thread-1] INFO  server.RaftServerConfigKeys (ConfUtils.java:logGet(43)) - raft.server.log.segment.cache.num.max = 2 (custom)
2019-09-26 10:07:21,789 [pool-673-thread-1] INFO  segmented.SegmentedRaftLogWorker (SegmentedRaftLogWorker.java:<init>(172)) - new 9c045c9c-ba1f-4aea-ae51-5b8bdd601291@group-C014BC33E0D6-SegmentedRaftLogWorker for RaftStorage:Storage Directory /workdir/hadoop-ozone/integration-test/target/test-dir/MiniOzoneClusterImpl-af826fcf-2e4c-4099-bed4-c1b0f0495924/datanode-0/data/ratis/3e73db50-707d-49af-abb7-c014bc33e0d6
2019-09-26 10:07:21,789 [pool-673-thread-1] INFO  server.RaftServerConfigKeys (ConfUtils.java:logGet(43)) - raft.server.log.queue.byte-limit = 2147483647 (custom)
2019-09-26 10:07:21,789 [pool-673-thread-1] INFO  server.RaftServerConfigKeys (ConfUtils.java:logGet(43)) - raft.server.log.queue.element-limit = 1024 (custom)
2019-09-26 10:07:21,789 [pool-673-thread-1] INFO  server.RaftServerConfigKeys (ConfUtils.java:logGet(43)) - raft.server.log.segment.size.max = 1048576 (custom)
2019-09-26 10:07:21,790 [pool-673-thread-1] INFO  server.RaftServerConfigKeys (ConfUtils.java:logGet(43)) - raft.server.log.preallocated.size = 16384 (custom)
2019-09-26 10:07:21,790 [pool-673-thread-1] INFO  server.RaftServerConfigKeys (ConfUtils.java:logGet(43)) - raft.server.log.write.buffer.size = 33554432 (custom)
2019-09-26 10:07:21,790 [pool-673-thread-1] INFO  server.RaftServerConfigKeys (ConfUtils.java:logGet(43)) - raft.server.log.force.sync.num = 128 (default)
2019-09-26 10:07:21,790 [pool-673-thread-1] INFO  server.RaftServerConfigKeys (ConfUtils.java:logGet(43)) - raft.server.log.statemachine.data.sync = true (default)
2019-09-26 10:07:21,790 [pool-673-thread-1] INFO  server.RaftServerConfigKeys (ConfUtils.java:logGet(43)) - raft.server.log.statemachine.data.sync.timeout = 10s (default)
2019-09-26 10:07:21,790 [pool-673-thread-1] INFO  server.RaftServerConfigKeys (ConfUtils.java:logGet(43)) - raft.server.log.statemachine.data.sync.timeout.retry = -1 (default)
2019-09-26 10:07:21,791 [pool-673-thread-1] INFO  server.RaftServerConfigKeys (ConfUtils.java:logGet(43)) - raft.server.log.statemachine.data.caching.enabled = true (custom)
2019-09-26 10:07:21,791 [pool-673-thread-1] INFO  segmented.SegmentedRaftLogWorker (SegmentedRaftLogWorker.java:lambda$new$0(132)) - 9c045c9c-ba1f-4aea-ae51-5b8bdd601291@group-C014BC33E0D6-SegmentedRaftLogWorker: flushIndex: setUnconditionally 0 -> -1
2019-09-26 10:07:21,791 [pool-673-thread-1] INFO  server.RaftServerConfigKeys (ConfUtils.java:logGet(43)) - raft.server.snapshot.auto.trigger.enabled = true (custom)
2019-09-26 10:07:21,792 [pool-673-thread-1] INFO  server.RaftServerConfigKeys (ConfUtils.java:logGet(43)) - raft.server.snapshot.auto.trigger.threshold = 10000 (custom)
2019-09-26 10:07:21,792 [pool-673-thread-1] INFO  server.RaftServerConfigKeys (ConfUtils.java:logGet(43)) - raft.server.snapshot.retention.num.files = 5 (custom)
2019-09-26 10:07:21,792 [pool-673-thread-1] INFO  server.RaftServerConfigKeys (ConfUtils.java:logGet(43)) - raft.server.retrycache.expirytime = 600000ms (custom)
2019-09-26 10:07:21,794 [pool-673-thread-1] INFO  impl.RaftServerImpl (RaftServerImpl.java:start(185)) - 9c045c9c-ba1f-4aea-ae51-5b8bdd601291@group-C014BC33E0D6: start as a follower, conf=-1: [9c045c9c-ba1f-4aea-ae51-5b8bdd601291:192.168.30.13:39937], old=null
2019-09-26 10:07:21,794 [pool-673-thread-1] INFO  impl.RaftServerImpl (RaftServerImpl.java:setRole(174)) - 9c045c9c-ba1f-4aea-ae51-5b8bdd601291@group-C014BC33E0D6: changes role from      null to FOLLOWER at term 0 for startAsFollower
2019-09-26 10:07:21,794 [pool-673-thread-1] INFO  impl.RoleInfo (RoleInfo.java:updateAndGet(143)) - 9c045c9c-ba1f-4aea-ae51-5b8bdd601291: start FollowerState
2019-09-26 10:07:21,795 [pool-673-thread-1] INFO  util.JmxRegister (JmxRegister.java:tryRegister(44)) - Successfully registered JMX Bean with object name Ratis:service=RaftServer,group=group-C014BC33E0D6,id=9c045c9c-ba1f-4aea-ae51-5b8bdd601291
2019-09-26 10:07:21,797 [RatisPipelineUtilsThread] INFO  pipeline.PipelineStateManager (PipelineStateManager.java:addPipeline(56)) - Created pipeline Pipeline[ Id: 3e73db50-707d-49af-abb7-c014bc33e0d6, Nodes: 9c045c9c-ba1f-4aea-ae51-5b8bdd601291{ip: 192.168.30.13, host: pr-hdds-1569-wvzgm-824869521, networkLocation: /default-rack, certSerialId: null}, Type:RATIS, Factor:ONE, State:OPEN]
2019-09-26 10:07:21,800 [grpc-default-executor-1] INFO  impl.RaftServerProxy (RaftServerProxy.java:addNew(89)) - 9c045c9c-ba1f-4aea-ae51-5b8bdd601291: addNew group-B0C062E0CF84:[9c045c9c-ba1f-4aea-ae51-5b8bdd601291:192.168.30.13:39937] returns group-B0C062E0CF84:java.util.concurrent.CompletableFuture@37dc78e3[Not completed]
2019-09-26 10:07:21,801 [pool-673-thread-1] INFO  impl.RaftServerImpl (RaftServerImpl.java:<init>(95)) - 9c045c9c-ba1f-4aea-ae51-5b8bdd601291: new RaftServerImpl for group-B0C062E0CF84:[9c045c9c-ba1f-4aea-ae51-5b8bdd601291:192.168.30.13:39937] with ContainerStateMachine:uninitialized
2019-09-26 10:07:21,801 [pool-673-thread-1] INFO  server.RaftServerConfigKeys (ConfUtils.java:logGet(43)) - raft.server.rpc.timeout.min = 5s (custom)
2019-09-26 10:07:21,802 [pool-673-thread-1] INFO  server.RaftServerConfigKeys (ConfUtils.java:logGet(43)) - raft.server.rpc.timeout.max = 5200ms (custom)
2019-09-26 10:07:21,802 [pool-673-thread-1] INFO  server.RaftServerConfigKeys (ConfUtils.java:logGet(43)) - raft.server.rpcslowness.timeout = 120s (custom)
2019-09-26 10:07:21,802 [pool-673-thread-1] INFO  server.RaftServerConfigKeys (ConfUtils.java:logGet(43)) - raft.server.sleep.deviation.threshold = 300 (default)
2019-09-26 10:07:21,802 [pool-673-thread-1] INFO  server.RaftServerConfigKeys (ConfUtils.java:logGet(43)) - raft.server.log.appender.install.snapshot.enabled = false (custom)
2019-09-26 10:07:21,802 [pool-673-thread-1] INFO  impl.RaftServerImpl (ServerState.java:<init>(103)) - 9c045c9c-ba1f-4aea-ae51-5b8bdd601291@group-B0C062E0CF84: ConfigurationManager, init=-1: [9c045c9c-ba1f-4aea-ae51-5b8bdd601291:192.168.30.13:39937], old=null, confs=<EMPTY_MAP>
2019-09-26 10:07:21,802 [pool-673-thread-1] INFO  server.RaftServerConfigKeys (ConfUtils.java:logGet(43)) - raft.server.storage.dir = [/workdir/hadoop-ozone/integration-test/target/test-dir/MiniOzoneClusterImpl-af826fcf-2e4c-4099-bed4-c1b0f0495924/datanode-0/data/ratis] (custom)
2019-09-26 10:07:21,803 [pool-673-thread-1] INFO  storage.RaftStorageDirectory (RaftStorageDirectory.java:analyzeStorage(246)) - The storage directory /workdir/hadoop-ozone/integration-test/target/test-dir/MiniOzoneClusterImpl-af826fcf-2e4c-4099-bed4-c1b0f0495924/datanode-0/data/ratis/3e792d02-b608-44d0-8adb-b0c062e0cf84 does not exist. Creating ...
2019-09-26 10:07:21,815 [pool-673-thread-1] INFO  storage.RaftStorageDirectory (RaftStorageDirectory.java:tryLock(328)) - Lock on /workdir/hadoop-ozone/integration-test/target/test-dir/MiniOzoneClusterImpl-af826fcf-2e4c-4099-bed4-c1b0f0495924/datanode-0/data/ratis/3e792d02-b608-44d0-8adb-b0c062e0cf84/in_use.lock acquired by nodename 19604@pr-hdds-1569-wvzgm-824869521
2019-09-26 10:07:21,830 [pool-673-thread-1] INFO  storage.RaftStorage (RaftStorage.java:format(72)) - Storage directory /workdir/hadoop-ozone/integration-test/target/test-dir/MiniOzoneClusterImpl-af826fcf-2e4c-4099-bed4-c1b0f0495924/datanode-0/data/ratis/3e792d02-b608-44d0-8adb-b0c062e0cf84 has been successfully formatted.
2019-09-26 10:07:21,830 [pool-673-thread-1] INFO  ratis.ContainerStateMachine (ContainerStateMachine.java:loadSnapshot(230)) - group-B0C062E0CF84: The snapshot info is null. Setting the last applied indexto:(t:0, i:~)
2019-09-26 10:07:21,831 [pool-673-thread-1] INFO  server.RaftServerConfigKeys (ConfUtils.java:logGet(43)) - raft.server.notification.no-leader.timeout = 120s (custom)
2019-09-26 10:07:21,831 [pool-673-thread-1] INFO  server.RaftServerConfigKeys (ConfUtils.java:logGet(43)) - raft.server.log.use.memory = false (default)
2019-09-26 10:07:21,831 [pool-673-thread-1] INFO  server.RaftServerConfigKeys (ConfUtils.java:logGet(43)) - raft.server.log.purge.gap = 1000000 (custom)
2019-09-26 10:07:21,831 [pool-673-thread-1] INFO  server.RaftServerConfigKeys (ConfUtils.java:logGet(43)) - raft.server.log.appender.buffer.byte-limit = 33554432 (custom)
2019-09-26 10:07:21,831 [pool-673-thread-1] INFO  server.RaftServerConfigKeys (ConfUtils.java:logGet(43)) - raft.server.log.segment.size.max = 1048576 (custom)
2019-09-26 10:07:21,831 [pool-673-thread-1] INFO  server.RaftServerConfigKeys (ConfUtils.java:logGet(43)) - raft.server.log.segment.cache.num.max = 2 (custom)
2019-09-26 10:07:21,832 [pool-673-thread-1] INFO  segmented.SegmentedRaftLogWorker (SegmentedRaftLogWorker.java:<init>(172)) - new 9c045c9c-ba1f-4aea-ae51-5b8bdd601291@group-B0C062E0CF84-SegmentedRaftLogWorker for RaftStorage:Storage Directory /workdir/hadoop-ozone/integration-test/target/test-dir/MiniOzoneClusterImpl-af826fcf-2e4c-4099-bed4-c1b0f0495924/datanode-0/data/ratis/3e792d02-b608-44d0-8adb-b0c062e0cf84
2019-09-26 10:07:21,832 [pool-673-thread-1] INFO  server.RaftServerConfigKeys (ConfUtils.java:logGet(43)) - raft.server.log.queue.byte-limit = 2147483647 (custom)
2019-09-26 10:07:21,832 [pool-673-thread-1] INFO  server.RaftServerConfigKeys (ConfUtils.java:logGet(43)) - raft.server.log.queue.element-limit = 1024 (custom)
2019-09-26 10:07:21,832 [pool-673-thread-1] INFO  server.RaftServerConfigKeys (ConfUtils.java:logGet(43)) - raft.server.log.segment.size.max = 1048576 (custom)
2019-09-26 10:07:21,832 [pool-673-thread-1] INFO  server.RaftServerConfigKeys (ConfUtils.java:logGet(43)) - raft.server.log.preallocated.size = 16384 (custom)
2019-09-26 10:07:21,832 [pool-673-thread-1] INFO  server.RaftServerConfigKeys (ConfUtils.java:logGet(43)) - raft.server.log.write.buffer.size = 33554432 (custom)
2019-09-26 10:07:21,832 [pool-673-thread-1] INFO  server.RaftServerConfigKeys (ConfUtils.java:logGet(43)) - raft.server.log.force.sync.num = 128 (default)
2019-09-26 10:07:21,833 [pool-673-thread-1] INFO  server.RaftServerConfigKeys (ConfUtils.java:logGet(43)) - raft.server.log.statemachine.data.sync = true (default)
2019-09-26 10:07:21,833 [pool-673-thread-1] INFO  server.RaftServerConfigKeys (ConfUtils.java:logGet(43)) - raft.server.log.statemachine.data.sync.timeout = 10s (default)
2019-09-26 10:07:21,833 [pool-673-thread-1] INFO  server.RaftServerConfigKeys (ConfUtils.java:logGet(43)) - raft.server.log.statemachine.data.sync.timeout.retry = -1 (default)
2019-09-26 10:07:21,833 [pool-673-thread-1] INFO  server.RaftServerConfigKeys (ConfUtils.java:logGet(43)) - raft.server.log.statemachine.data.caching.enabled = true (custom)
2019-09-26 10:07:21,834 [pool-673-thread-1] INFO  segmented.SegmentedRaftLogWorker (SegmentedRaftLogWorker.java:lambda$new$0(132)) - 9c045c9c-ba1f-4aea-ae51-5b8bdd601291@group-B0C062E0CF84-SegmentedRaftLogWorker: flushIndex: setUnconditionally 0 -> -1
2019-09-26 10:07:21,834 [IPC Server handler 1 on 39448] INFO  net.NetworkTopology (NetworkTopologyImpl.java:add(111)) - Added a new node: /default-rack/9cafecc4-59b7-45e3-9675-340d3e2c3fab
2019-09-26 10:07:21,834 [pool-673-thread-1] INFO  server.RaftServerConfigKeys (ConfUtils.java:logGet(43)) - raft.server.snapshot.auto.trigger.enabled = true (custom)
2019-09-26 10:07:21,834 [IPC Server handler 1 on 39448] INFO  node.SCMNodeManager (SCMNodeManager.java:register(266)) - Registered Data node : 9cafecc4-59b7-45e3-9675-340d3e2c3fab{ip: 192.168.30.13, host: pr-hdds-1569-wvzgm-824869521, networkLocation: /default-rack, certSerialId: null}
2019-09-26 10:07:21,834 [pool-673-thread-1] INFO  server.RaftServerConfigKeys (ConfUtils.java:logGet(43)) - raft.server.snapshot.auto.trigger.threshold = 10000 (custom)
2019-09-26 10:07:21,834 [pool-673-thread-1] INFO  server.RaftServerConfigKeys (ConfUtils.java:logGet(43)) - raft.server.snapshot.retention.num.files = 5 (custom)
2019-09-26 10:07:21,835 [pool-673-thread-1] INFO  server.RaftServerConfigKeys (ConfUtils.java:logGet(43)) - raft.server.retrycache.expirytime = 600000ms (custom)
2019-09-26 10:07:21,836 [pool-673-thread-1] INFO  impl.RaftServerImpl (RaftServerImpl.java:start(185)) - 9c045c9c-ba1f-4aea-ae51-5b8bdd601291@group-B0C062E0CF84: start as a follower, conf=-1: [9c045c9c-ba1f-4aea-ae51-5b8bdd601291:192.168.30.13:39937], old=null
2019-09-26 10:07:21,836 [pool-673-thread-1] INFO  impl.RaftServerImpl (RaftServerImpl.java:setRole(174)) - 9c045c9c-ba1f-4aea-ae51-5b8bdd601291@group-B0C062E0CF84: changes role from      null to FOLLOWER at term 0 for startAsFollower
2019-09-26 10:07:21,837 [pool-673-thread-1] INFO  impl.RoleInfo (RoleInfo.java:updateAndGet(143)) - 9c045c9c-ba1f-4aea-ae51-5b8bdd601291: start FollowerState
2019-09-26 10:07:21,837 [pool-673-thread-1] INFO  util.JmxRegister (JmxRegister.java:tryRegister(44)) - Successfully registered JMX Bean with object name Ratis:service=RaftServer,group=group-B0C062E0CF84,id=9c045c9c-ba1f-4aea-ae51-5b8bdd601291
2019-09-26 10:07:21,839 [RatisPipelineUtilsThread] INFO  pipeline.PipelineStateManager (PipelineStateManager.java:addPipeline(56)) - Created pipeline Pipeline[ Id: 3e792d02-b608-44d0-8adb-b0c062e0cf84, Nodes: 9c045c9c-ba1f-4aea-ae51-5b8bdd601291{ip: 192.168.30.13, host: pr-hdds-1569-wvzgm-824869521, networkLocation: /default-rack, certSerialId: null}, Type:RATIS, Factor:ONE, State:OPEN]
2019-09-26 10:07:21,843 [grpc-default-executor-1] INFO  impl.RaftServerProxy (RaftServerProxy.java:addNew(89)) - 9c045c9c-ba1f-4aea-ae51-5b8bdd601291: addNew group-CBF18FF8C54D:[9c045c9c-ba1f-4aea-ae51-5b8bdd601291:192.168.30.13:39937] returns group-CBF18FF8C54D:java.util.concurrent.CompletableFuture@5aa47c06[Not completed]
2019-09-26 10:07:21,843 [pool-673-thread-1] INFO  impl.RaftServerImpl (RaftServerImpl.java:<init>(95)) - 9c045c9c-ba1f-4aea-ae51-5b8bdd601291: new RaftServerImpl for group-CBF18FF8C54D:[9c045c9c-ba1f-4aea-ae51-5b8bdd601291:192.168.30.13:39937] with ContainerStateMachine:uninitialized
2019-09-26 10:07:21,844 [pool-673-thread-1] INFO  server.RaftServerConfigKeys (ConfUtils.java:logGet(43)) - raft.server.rpc.timeout.min = 5s (custom)
2019-09-26 10:07:21,844 [pool-673-thread-1] INFO  server.RaftServerConfigKeys (ConfUtils.java:logGet(43)) - raft.server.rpc.timeout.max = 5200ms (custom)
2019-09-26 10:07:21,844 [pool-673-thread-1] INFO  server.RaftServerConfigKeys (ConfUtils.java:logGet(43)) - raft.server.rpcslowness.timeout = 120s (custom)
2019-09-26 10:07:21,844 [pool-673-thread-1] INFO  server.RaftServerConfigKeys (ConfUtils.java:logGet(43)) - raft.server.sleep.deviation.threshold = 300 (default)
2019-09-26 10:07:21,844 [pool-673-thread-1] INFO  server.RaftServerConfigKeys (ConfUtils.java:logGet(43)) - raft.server.log.appender.install.snapshot.enabled = false (custom)
2019-09-26 10:07:21,844 [pool-673-thread-1] INFO  impl.RaftServerImpl (ServerState.java:<init>(103)) - 9c045c9c-ba1f-4aea-ae51-5b8bdd601291@group-CBF18FF8C54D: ConfigurationManager, init=-1: [9c045c9c-ba1f-4aea-ae51-5b8bdd601291:192.168.30.13:39937], old=null, confs=<EMPTY_MAP>
2019-09-26 10:07:21,844 [pool-673-thread-1] INFO  server.RaftServerConfigKeys (ConfUtils.java:logGet(43)) - raft.server.storage.dir = [/workdir/hadoop-ozone/integration-test/target/test-dir/MiniOzoneClusterImpl-af826fcf-2e4c-4099-bed4-c1b0f0495924/datanode-0/data/ratis] (custom)
2019-09-26 10:07:21,845 [pool-673-thread-1] INFO  storage.RaftStorageDirectory (RaftStorageDirectory.java:analyzeStorage(246)) - The storage directory /workdir/hadoop-ozone/integration-test/target/test-dir/MiniOzoneClusterImpl-af826fcf-2e4c-4099-bed4-c1b0f0495924/datanode-0/data/ratis/07cc4157-069e-4553-9b6c-cbf18ff8c54d does not exist. Creating ...
2019-09-26 10:07:21,858 [pool-673-thread-1] INFO  storage.RaftStorageDirectory (RaftStorageDirectory.java:tryLock(328)) - Lock on /workdir/hadoop-ozone/integration-test/target/test-dir/MiniOzoneClusterImpl-af826fcf-2e4c-4099-bed4-c1b0f0495924/datanode-0/data/ratis/07cc4157-069e-4553-9b6c-cbf18ff8c54d/in_use.lock acquired by nodename 19604@pr-hdds-1569-wvzgm-824869521
2019-09-26 10:07:21,870 [pool-673-thread-1] INFO  storage.RaftStorage (RaftStorage.java:format(72)) - Storage directory /workdir/hadoop-ozone/integration-test/target/test-dir/MiniOzoneClusterImpl-af826fcf-2e4c-4099-bed4-c1b0f0495924/datanode-0/data/ratis/07cc4157-069e-4553-9b6c-cbf18ff8c54d has been successfully formatted.
2019-09-26 10:07:21,871 [pool-673-thread-1] INFO  ratis.ContainerStateMachine (ContainerStateMachine.java:loadSnapshot(230)) - group-CBF18FF8C54D: The snapshot info is null. Setting the last applied indexto:(t:0, i:~)
2019-09-26 10:07:21,871 [pool-673-thread-1] INFO  server.RaftServerConfigKeys (ConfUtils.java:logGet(43)) - raft.server.notification.no-leader.timeout = 120s (custom)
2019-09-26 10:07:21,871 [pool-673-thread-1] INFO  server.RaftServerConfigKeys (ConfUtils.java:logGet(43)) - raft.server.log.use.memory = false (default)
2019-09-26 10:07:21,871 [pool-673-thread-1] INFO  server.RaftServerConfigKeys (ConfUtils.java:logGet(43)) - raft.server.log.purge.gap = 1000000 (custom)
2019-09-26 10:07:21,871 [pool-673-thread-1] INFO  server.RaftServerConfigKeys (ConfUtils.java:logGet(43)) - raft.server.log.appender.buffer.byte-limit = 33554432 (custom)
2019-09-26 10:07:21,871 [pool-673-thread-1] INFO  server.RaftServerConfigKeys (ConfUtils.java:logGet(43)) - raft.server.log.segment.size.max = 1048576 (custom)
2019-09-26 10:07:21,871 [pool-673-thread-1] INFO  server.RaftServerConfigKeys (ConfUtils.java:logGet(43)) - raft.server.log.segment.cache.num.max = 2 (custom)
2019-09-26 10:07:21,872 [pool-673-thread-1] INFO  segmented.SegmentedRaftLogWorker (SegmentedRaftLogWorker.java:<init>(172)) - new 9c045c9c-ba1f-4aea-ae51-5b8bdd601291@group-CBF18FF8C54D-SegmentedRaftLogWorker for RaftStorage:Storage Directory /workdir/hadoop-ozone/integration-test/target/test-dir/MiniOzoneClusterImpl-af826fcf-2e4c-4099-bed4-c1b0f0495924/datanode-0/data/ratis/07cc4157-069e-4553-9b6c-cbf18ff8c54d
2019-09-26 10:07:21,872 [pool-673-thread-1] INFO  server.RaftServerConfigKeys (ConfUtils.java:logGet(43)) - raft.server.log.queue.byte-limit = 2147483647 (custom)
2019-09-26 10:07:21,872 [pool-673-thread-1] INFO  server.RaftServerConfigKeys (ConfUtils.java:logGet(43)) - raft.server.log.queue.element-limit = 1024 (custom)
2019-09-26 10:07:21,872 [pool-673-thread-1] INFO  server.RaftServerConfigKeys (ConfUtils.java:logGet(43)) - raft.server.log.segment.size.max = 1048576 (custom)
2019-09-26 10:07:21,872 [pool-673-thread-1] INFO  server.RaftServerConfigKeys (ConfUtils.java:logGet(43)) - raft.server.log.preallocated.size = 16384 (custom)
2019-09-26 10:07:21,872 [pool-673-thread-1] INFO  server.RaftServerConfigKeys (ConfUtils.java:logGet(43)) - raft.server.log.write.buffer.size = 33554432 (custom)
2019-09-26 10:07:21,872 [pool-673-thread-1] INFO  server.RaftServerConfigKeys (ConfUtils.java:logGet(43)) - raft.server.log.force.sync.num = 128 (default)
2019-09-26 10:07:21,873 [pool-673-thread-1] INFO  server.RaftServerConfigKeys (ConfUtils.java:logGet(43)) - raft.server.log.statemachine.data.sync = true (default)
2019-09-26 10:07:21,873 [pool-673-thread-1] INFO  server.RaftServerConfigKeys (ConfUtils.java:logGet(43)) - raft.server.log.statemachine.data.sync.timeout = 10s (default)
2019-09-26 10:07:21,873 [pool-673-thread-1] INFO  server.RaftServerConfigKeys (ConfUtils.java:logGet(43)) - raft.server.log.statemachine.data.sync.timeout.retry = -1 (default)
2019-09-26 10:07:21,873 [pool-673-thread-1] INFO  server.RaftServerConfigKeys (ConfUtils.java:logGet(43)) - raft.server.log.statemachine.data.caching.enabled = true (custom)
2019-09-26 10:07:21,873 [pool-673-thread-1] INFO  segmented.SegmentedRaftLogWorker (SegmentedRaftLogWorker.java:lambda$new$0(132)) - 9c045c9c-ba1f-4aea-ae51-5b8bdd601291@group-CBF18FF8C54D-SegmentedRaftLogWorker: flushIndex: setUnconditionally 0 -> -1
2019-09-26 10:07:21,874 [pool-673-thread-1] INFO  server.RaftServerConfigKeys (ConfUtils.java:logGet(43)) - raft.server.snapshot.auto.trigger.enabled = true (custom)
2019-09-26 10:07:21,874 [pool-673-thread-1] INFO  server.RaftServerConfigKeys (ConfUtils.java:logGet(43)) - raft.server.snapshot.auto.trigger.threshold = 10000 (custom)
2019-09-26 10:07:21,874 [pool-673-thread-1] INFO  server.RaftServerConfigKeys (ConfUtils.java:logGet(43)) - raft.server.snapshot.retention.num.files = 5 (custom)
2019-09-26 10:07:21,874 [pool-673-thread-1] INFO  server.RaftServerConfigKeys (ConfUtils.java:logGet(43)) - raft.server.retrycache.expirytime = 600000ms (custom)
2019-09-26 10:07:21,876 [pool-673-thread-1] INFO  impl.RaftServerImpl (RaftServerImpl.java:start(185)) - 9c045c9c-ba1f-4aea-ae51-5b8bdd601291@group-CBF18FF8C54D: start as a follower, conf=-1: [9c045c9c-ba1f-4aea-ae51-5b8bdd601291:192.168.30.13:39937], old=null
2019-09-26 10:07:21,876 [pool-673-thread-1] INFO  impl.RaftServerImpl (RaftServerImpl.java:setRole(174)) - 9c045c9c-ba1f-4aea-ae51-5b8bdd601291@group-CBF18FF8C54D: changes role from      null to FOLLOWER at term 0 for startAsFollower
2019-09-26 10:07:21,876 [pool-673-thread-1] INFO  impl.RoleInfo (RoleInfo.java:updateAndGet(143)) - 9c045c9c-ba1f-4aea-ae51-5b8bdd601291: start FollowerState
2019-09-26 10:07:21,876 [pool-673-thread-1] INFO  util.JmxRegister (JmxRegister.java:tryRegister(44)) - Successfully registered JMX Bean with object name Ratis:service=RaftServer,group=group-CBF18FF8C54D,id=9c045c9c-ba1f-4aea-ae51-5b8bdd601291
2019-09-26 10:07:21,879 [RatisPipelineUtilsThread] INFO  pipeline.PipelineStateManager (PipelineStateManager.java:addPipeline(56)) - Created pipeline Pipeline[ Id: 07cc4157-069e-4553-9b6c-cbf18ff8c54d, Nodes: 9c045c9c-ba1f-4aea-ae51-5b8bdd601291{ip: 192.168.30.13, host: pr-hdds-1569-wvzgm-824869521, networkLocation: /default-rack, certSerialId: null}, Type:RATIS, Factor:ONE, State:OPEN]
2019-09-26 10:07:21,879 [RatisPipelineUtilsThread] INFO  pipeline.PipelinePlacementPolicy (PipelinePlacementPolicy.java:meetCriteria(91)) - Pipeline Placement: can't place more pipeline on heavy datanode： 9c045c9c-ba1f-4aea-ae51-5b8bdd601291 Heaviness: 6 limit: 5
2019-09-26 10:07:21,891 [grpc-default-executor-1] INFO  impl.RaftServerProxy (RaftServerProxy.java:addNew(89)) - 5955fc00-f5b8-4418-b414-62f2e5ec1764: addNew group-99A8441B1093:[5955fc00-f5b8-4418-b414-62f2e5ec1764:192.168.30.13:35778] returns group-99A8441B1093:java.util.concurrent.CompletableFuture@541bc27c[Not completed]
2019-09-26 10:07:21,892 [pool-683-thread-1] INFO  impl.RaftServerImpl (RaftServerImpl.java:<init>(95)) - 5955fc00-f5b8-4418-b414-62f2e5ec1764: new RaftServerImpl for group-99A8441B1093:[5955fc00-f5b8-4418-b414-62f2e5ec1764:192.168.30.13:35778] with ContainerStateMachine:uninitialized
2019-09-26 10:07:21,892 [pool-683-thread-1] INFO  server.RaftServerConfigKeys (ConfUtils.java:logGet(43)) - raft.server.rpc.timeout.min = 5s (custom)
2019-09-26 10:07:21,892 [pool-683-thread-1] INFO  server.RaftServerConfigKeys (ConfUtils.java:logGet(43)) - raft.server.rpc.timeout.max = 5200ms (custom)
2019-09-26 10:07:21,893 [pool-683-thread-1] INFO  server.RaftServerConfigKeys (ConfUtils.java:logGet(43)) - raft.server.rpcslowness.timeout = 120s (custom)
2019-09-26 10:07:21,893 [pool-683-thread-1] INFO  server.RaftServerConfigKeys (ConfUtils.java:logGet(43)) - raft.server.sleep.deviation.threshold = 300 (default)
2019-09-26 10:07:21,893 [pool-683-thread-1] INFO  server.RaftServerConfigKeys (ConfUtils.java:logGet(43)) - raft.server.log.appender.install.snapshot.enabled = false (custom)
2019-09-26 10:07:21,893 [pool-683-thread-1] INFO  impl.RaftServerImpl (ServerState.java:<init>(103)) - 5955fc00-f5b8-4418-b414-62f2e5ec1764@group-99A8441B1093: ConfigurationManager, init=-1: [5955fc00-f5b8-4418-b414-62f2e5ec1764:192.168.30.13:35778], old=null, confs=<EMPTY_MAP>
2019-09-26 10:07:21,893 [pool-683-thread-1] INFO  server.RaftServerConfigKeys (ConfUtils.java:logGet(43)) - raft.server.storage.dir = [/workdir/hadoop-ozone/integration-test/target/test-dir/MiniOzoneClusterImpl-af826fcf-2e4c-4099-bed4-c1b0f0495924/datanode-1/data/ratis] (custom)
2019-09-26 10:07:21,894 [pool-683-thread-1] INFO  storage.RaftStorageDirectory (RaftStorageDirectory.java:analyzeStorage(246)) - The storage directory /workdir/hadoop-ozone/integration-test/target/test-dir/MiniOzoneClusterImpl-af826fcf-2e4c-4099-bed4-c1b0f0495924/datanode-1/data/ratis/74625ea8-bf2f-400b-81d5-99a8441b1093 does not exist. Creating ...
2019-09-26 10:07:21,906 [pool-683-thread-1] INFO  storage.RaftStorageDirectory (RaftStorageDirectory.java:tryLock(328)) - Lock on /workdir/hadoop-ozone/integration-test/target/test-dir/MiniOzoneClusterImpl-af826fcf-2e4c-4099-bed4-c1b0f0495924/datanode-1/data/ratis/74625ea8-bf2f-400b-81d5-99a8441b1093/in_use.lock acquired by nodename 19604@pr-hdds-1569-wvzgm-824869521
2019-09-26 10:07:21,919 [pool-683-thread-1] INFO  storage.RaftStorage (RaftStorage.java:format(72)) - Storage directory /workdir/hadoop-ozone/integration-test/target/test-dir/MiniOzoneClusterImpl-af826fcf-2e4c-4099-bed4-c1b0f0495924/datanode-1/data/ratis/74625ea8-bf2f-400b-81d5-99a8441b1093 has been successfully formatted.
2019-09-26 10:07:21,919 [pool-683-thread-1] INFO  ratis.ContainerStateMachine (ContainerStateMachine.java:loadSnapshot(230)) - group-99A8441B1093: The snapshot info is null. Setting the last applied indexto:(t:0, i:~)
2019-09-26 10:07:21,920 [pool-683-thread-1] INFO  server.RaftServerConfigKeys (ConfUtils.java:logGet(43)) - raft.server.notification.no-leader.timeout = 120s (custom)
2019-09-26 10:07:21,920 [pool-683-thread-1] INFO  server.RaftServerConfigKeys (ConfUtils.java:logGet(43)) - raft.server.log.use.memory = false (default)
2019-09-26 10:07:21,920 [pool-683-thread-1] INFO  server.RaftServerConfigKeys (ConfUtils.java:logGet(43)) - raft.server.log.purge.gap = 1000000 (custom)
2019-09-26 10:07:21,920 [pool-683-thread-1] INFO  server.RaftServerConfigKeys (ConfUtils.java:logGet(43)) - raft.server.log.appender.buffer.byte-limit = 33554432 (custom)
2019-09-26 10:07:21,920 [pool-683-thread-1] INFO  server.RaftServerConfigKeys (ConfUtils.java:logGet(43)) - raft.server.log.segment.size.max = 1048576 (custom)
2019-09-26 10:07:21,920 [pool-683-thread-1] INFO  server.RaftServerConfigKeys (ConfUtils.java:logGet(43)) - raft.server.log.segment.cache.num.max = 2 (custom)
2019-09-26 10:07:21,920 [pool-683-thread-1] INFO  segmented.SegmentedRaftLogWorker (SegmentedRaftLogWorker.java:<init>(172)) - new 5955fc00-f5b8-4418-b414-62f2e5ec1764@group-99A8441B1093-SegmentedRaftLogWorker for RaftStorage:Storage Directory /workdir/hadoop-ozone/integration-test/target/test-dir/MiniOzoneClusterImpl-af826fcf-2e4c-4099-bed4-c1b0f0495924/datanode-1/data/ratis/74625ea8-bf2f-400b-81d5-99a8441b1093
2019-09-26 10:07:21,922 [pool-683-thread-1] INFO  server.RaftServerConfigKeys (ConfUtils.java:logGet(43)) - raft.server.log.queue.byte-limit = 2147483647 (custom)
2019-09-26 10:07:21,922 [pool-683-thread-1] INFO  server.RaftServerConfigKeys (ConfUtils.java:logGet(43)) - raft.server.log.queue.element-limit = 1024 (custom)
2019-09-26 10:07:21,922 [pool-683-thread-1] INFO  server.RaftServerConfigKeys (ConfUtils.java:logGet(43)) - raft.server.log.segment.size.max = 1048576 (custom)
2019-09-26 10:07:21,922 [pool-683-thread-1] INFO  server.RaftServerConfigKeys (ConfUtils.java:logGet(43)) - raft.server.log.preallocated.size = 16384 (custom)
2019-09-26 10:07:21,923 [pool-683-thread-1] INFO  server.RaftServerConfigKeys (ConfUtils.java:logGet(43)) - raft.server.log.write.buffer.size = 33554432 (custom)
2019-09-26 10:07:21,923 [pool-683-thread-1] INFO  server.RaftServerConfigKeys (ConfUtils.java:logGet(43)) - raft.server.log.force.sync.num = 128 (default)
2019-09-26 10:07:21,923 [pool-683-thread-1] INFO  server.RaftServerConfigKeys (ConfUtils.java:logGet(43)) - raft.server.log.statemachine.data.sync = true (default)
2019-09-26 10:07:21,923 [pool-683-thread-1] INFO  server.RaftServerConfigKeys (ConfUtils.java:logGet(43)) - raft.server.log.statemachine.data.sync.timeout = 10s (default)
2019-09-26 10:07:21,923 [pool-683-thread-1] INFO  server.RaftServerConfigKeys (ConfUtils.java:logGet(43)) - raft.server.log.statemachine.data.sync.timeout.retry = -1 (default)
2019-09-26 10:07:21,923 [pool-683-thread-1] INFO  server.RaftServerConfigKeys (ConfUtils.java:logGet(43)) - raft.server.log.statemachine.data.caching.enabled = true (custom)
2019-09-26 10:07:21,924 [pool-683-thread-1] INFO  segmented.SegmentedRaftLogWorker (SegmentedRaftLogWorker.java:lambda$new$0(132)) - 5955fc00-f5b8-4418-b414-62f2e5ec1764@group-99A8441B1093-SegmentedRaftLogWorker: flushIndex: setUnconditionally 0 -> -1
2019-09-26 10:07:21,924 [pool-683-thread-1] INFO  server.RaftServerConfigKeys (ConfUtils.java:logGet(43)) - raft.server.snapshot.auto.trigger.enabled = true (custom)
2019-09-26 10:07:21,924 [pool-683-thread-1] INFO  server.RaftServerConfigKeys (ConfUtils.java:logGet(43)) - raft.server.snapshot.auto.trigger.threshold = 10000 (custom)
2019-09-26 10:07:21,924 [pool-683-thread-1] INFO  server.RaftServerConfigKeys (ConfUtils.java:logGet(43)) - raft.server.snapshot.retention.num.files = 5 (custom)
2019-09-26 10:07:21,924 [pool-683-thread-1] INFO  server.RaftServerConfigKeys (ConfUtils.java:logGet(43)) - raft.server.retrycache.expirytime = 600000ms (custom)
2019-09-26 10:07:21,926 [pool-683-thread-1] INFO  impl.RaftServerImpl (RaftServerImpl.java:start(185)) - 5955fc00-f5b8-4418-b414-62f2e5ec1764@group-99A8441B1093: start as a follower, conf=-1: [5955fc00-f5b8-4418-b414-62f2e5ec1764:192.168.30.13:35778], old=null
2019-09-26 10:07:21,926 [pool-683-thread-1] INFO  impl.RaftServerImpl (RaftServerImpl.java:setRole(174)) - 5955fc00-f5b8-4418-b414-62f2e5ec1764@group-99A8441B1093: changes role from      null to FOLLOWER at term 0 for startAsFollower
2019-09-26 10:07:21,926 [pool-683-thread-1] INFO  impl.RoleInfo (RoleInfo.java:updateAndGet(143)) - 5955fc00-f5b8-4418-b414-62f2e5ec1764: start FollowerState
2019-09-26 10:07:21,927 [pool-683-thread-1] INFO  util.JmxRegister (JmxRegister.java:tryRegister(44)) - Successfully registered JMX Bean with object name Ratis:service=RaftServer,group=group-99A8441B1093,id=5955fc00-f5b8-4418-b414-62f2e5ec1764
2019-09-26 10:07:21,929 [RatisPipelineUtilsThread] INFO  pipeline.PipelineStateManager (PipelineStateManager.java:addPipeline(56)) - Created pipeline Pipeline[ Id: 74625ea8-bf2f-400b-81d5-99a8441b1093, Nodes: 5955fc00-f5b8-4418-b414-62f2e5ec1764{ip: 192.168.30.13, host: pr-hdds-1569-wvzgm-824869521, networkLocation: /default-rack, certSerialId: null}, Type:RATIS, Factor:ONE, State:OPEN]
2019-09-26 10:07:21,930 [RatisPipelineUtilsThread] INFO  pipeline.PipelinePlacementPolicy (PipelinePlacementPolicy.java:meetCriteria(91)) - Pipeline Placement: can't place more pipeline on heavy datanode： 9c045c9c-ba1f-4aea-ae51-5b8bdd601291 Heaviness: 6 limit: 5
2019-09-26 10:07:21,934 [grpc-default-executor-1] INFO  impl.RaftServerProxy (RaftServerProxy.java:addNew(89)) - 5955fc00-f5b8-4418-b414-62f2e5ec1764: addNew group-A21947F6FF73:[5955fc00-f5b8-4418-b414-62f2e5ec1764:192.168.30.13:35778] returns group-A21947F6FF73:java.util.concurrent.CompletableFuture@5bb8265e[Not completed]
2019-09-26 10:07:21,935 [pool-683-thread-1] INFO  impl.RaftServerImpl (RaftServerImpl.java:<init>(95)) - 5955fc00-f5b8-4418-b414-62f2e5ec1764: new RaftServerImpl for group-A21947F6FF73:[5955fc00-f5b8-4418-b414-62f2e5ec1764:192.168.30.13:35778] with ContainerStateMachine:uninitialized
2019-09-26 10:07:21,935 [pool-683-thread-1] INFO  server.RaftServerConfigKeys (ConfUtils.java:logGet(43)) - raft.server.rpc.timeout.min = 5s (custom)
2019-09-26 10:07:21,935 [pool-683-thread-1] INFO  server.RaftServerConfigKeys (ConfUtils.java:logGet(43)) - raft.server.rpc.timeout.max = 5200ms (custom)
2019-09-26 10:07:21,935 [pool-683-thread-1] INFO  server.RaftServerConfigKeys (ConfUtils.java:logGet(43)) - raft.server.rpcslowness.timeout = 120s (custom)
2019-09-26 10:07:21,935 [pool-683-thread-1] INFO  server.RaftServerConfigKeys (ConfUtils.java:logGet(43)) - raft.server.sleep.deviation.threshold = 300 (default)
2019-09-26 10:07:21,936 [pool-683-thread-1] INFO  server.RaftServerConfigKeys (ConfUtils.java:logGet(43)) - raft.server.log.appender.install.snapshot.enabled = false (custom)
2019-09-26 10:07:21,936 [IPC Server handler 2 on 39448] INFO  net.NetworkTopology (NetworkTopologyImpl.java:add(111)) - Added a new node: /default-rack/bec07a0c-a0ea-4ddf-8714-f8e80b4d678f
2019-09-26 10:07:21,936 [pool-683-thread-1] INFO  impl.RaftServerImpl (ServerState.java:<init>(103)) - 5955fc00-f5b8-4418-b414-62f2e5ec1764@group-A21947F6FF73: ConfigurationManager, init=-1: [5955fc00-f5b8-4418-b414-62f2e5ec1764:192.168.30.13:35778], old=null, confs=<EMPTY_MAP>
2019-09-26 10:07:21,936 [IPC Server handler 2 on 39448] INFO  node.SCMNodeManager (SCMNodeManager.java:register(266)) - Registered Data node : bec07a0c-a0ea-4ddf-8714-f8e80b4d678f{ip: 192.168.30.13, host: pr-hdds-1569-wvzgm-824869521, networkLocation: /default-rack, certSerialId: null}
2019-09-26 10:07:21,936 [pool-683-thread-1] INFO  server.RaftServerConfigKeys (ConfUtils.java:logGet(43)) - raft.server.storage.dir = [/workdir/hadoop-ozone/integration-test/target/test-dir/MiniOzoneClusterImpl-af826fcf-2e4c-4099-bed4-c1b0f0495924/datanode-1/data/ratis] (custom)
2019-09-26 10:07:21,937 [pool-683-thread-1] INFO  storage.RaftStorageDirectory (RaftStorageDirectory.java:analyzeStorage(246)) - The storage directory /workdir/hadoop-ozone/integration-test/target/test-dir/MiniOzoneClusterImpl-af826fcf-2e4c-4099-bed4-c1b0f0495924/datanode-1/data/ratis/a608a748-90f5-4654-bfec-a21947f6ff73 does not exist. Creating ...
2019-09-26 10:07:21,949 [pool-683-thread-1] INFO  storage.RaftStorageDirectory (RaftStorageDirectory.java:tryLock(328)) - Lock on /workdir/hadoop-ozone/integration-test/target/test-dir/MiniOzoneClusterImpl-af826fcf-2e4c-4099-bed4-c1b0f0495924/datanode-1/data/ratis/a608a748-90f5-4654-bfec-a21947f6ff73/in_use.lock acquired by nodename 19604@pr-hdds-1569-wvzgm-824869521
2019-09-26 10:07:21,964 [pool-683-thread-1] INFO  storage.RaftStorage (RaftStorage.java:format(72)) - Storage directory /workdir/hadoop-ozone/integration-test/target/test-dir/MiniOzoneClusterImpl-af826fcf-2e4c-4099-bed4-c1b0f0495924/datanode-1/data/ratis/a608a748-90f5-4654-bfec-a21947f6ff73 has been successfully formatted.
2019-09-26 10:07:21,964 [pool-683-thread-1] INFO  ratis.ContainerStateMachine (ContainerStateMachine.java:loadSnapshot(230)) - group-A21947F6FF73: The snapshot info is null. Setting the last applied indexto:(t:0, i:~)
2019-09-26 10:07:21,964 [pool-683-thread-1] INFO  server.RaftServerConfigKeys (ConfUtils.java:logGet(43)) - raft.server.notification.no-leader.timeout = 120s (custom)
2019-09-26 10:07:21,964 [pool-683-thread-1] INFO  server.RaftServerConfigKeys (ConfUtils.java:logGet(43)) - raft.server.log.use.memory = false (default)
2019-09-26 10:07:21,964 [pool-683-thread-1] INFO  server.RaftServerConfigKeys (ConfUtils.java:logGet(43)) - raft.server.log.purge.gap = 1000000 (custom)
2019-09-26 10:07:21,965 [pool-683-thread-1] INFO  server.RaftServerConfigKeys (ConfUtils.java:logGet(43)) - raft.server.log.appender.buffer.byte-limit = 33554432 (custom)
2019-09-26 10:07:21,965 [pool-683-thread-1] INFO  server.RaftServerConfigKeys (ConfUtils.java:logGet(43)) - raft.server.log.segment.size.max = 1048576 (custom)
2019-09-26 10:07:21,965 [pool-683-thread-1] INFO  server.RaftServerConfigKeys (ConfUtils.java:logGet(43)) - raft.server.log.segment.cache.num.max = 2 (custom)
2019-09-26 10:07:21,965 [pool-683-thread-1] INFO  segmented.SegmentedRaftLogWorker (SegmentedRaftLogWorker.java:<init>(172)) - new 5955fc00-f5b8-4418-b414-62f2e5ec1764@group-A21947F6FF73-SegmentedRaftLogWorker for RaftStorage:Storage Directory /workdir/hadoop-ozone/integration-test/target/test-dir/MiniOzoneClusterImpl-af826fcf-2e4c-4099-bed4-c1b0f0495924/datanode-1/data/ratis/a608a748-90f5-4654-bfec-a21947f6ff73
2019-09-26 10:07:21,965 [pool-683-thread-1] INFO  server.RaftServerConfigKeys (ConfUtils.java:logGet(43)) - raft.server.log.queue.byte-limit = 2147483647 (custom)
2019-09-26 10:07:21,965 [pool-683-thread-1] INFO  server.RaftServerConfigKeys (ConfUtils.java:logGet(43)) - raft.server.log.queue.element-limit = 1024 (custom)
2019-09-26 10:07:21,966 [pool-683-thread-1] INFO  server.RaftServerConfigKeys (ConfUtils.java:logGet(43)) - raft.server.log.segment.size.max = 1048576 (custom)
2019-09-26 10:07:21,966 [pool-683-thread-1] INFO  server.RaftServerConfigKeys (ConfUtils.java:logGet(43)) - raft.server.log.preallocated.size = 16384 (custom)
2019-09-26 10:07:21,966 [pool-683-thread-1] INFO  server.RaftServerConfigKeys (ConfUtils.java:logGet(43)) - raft.server.log.write.buffer.size = 33554432 (custom)
2019-09-26 10:07:21,966 [pool-683-thread-1] INFO  server.RaftServerConfigKeys (ConfUtils.java:logGet(43)) - raft.server.log.force.sync.num = 128 (default)
2019-09-26 10:07:21,966 [pool-683-thread-1] INFO  server.RaftServerConfigKeys (ConfUtils.java:logGet(43)) - raft.server.log.statemachine.data.sync = true (default)
2019-09-26 10:07:21,966 [pool-683-thread-1] INFO  server.RaftServerConfigKeys (ConfUtils.java:logGet(43)) - raft.server.log.statemachine.data.sync.timeout = 10s (default)
2019-09-26 10:07:21,966 [pool-683-thread-1] INFO  server.RaftServerConfigKeys (ConfUtils.java:logGet(43)) - raft.server.log.statemachine.data.sync.timeout.retry = -1 (default)
2019-09-26 10:07:21,967 [pool-683-thread-1] INFO  server.RaftServerConfigKeys (ConfUtils.java:logGet(43)) - raft.server.log.statemachine.data.caching.enabled = true (custom)
2019-09-26 10:07:21,967 [pool-683-thread-1] INFO  segmented.SegmentedRaftLogWorker (SegmentedRaftLogWorker.java:lambda$new$0(132)) - 5955fc00-f5b8-4418-b414-62f2e5ec1764@group-A21947F6FF73-SegmentedRaftLogWorker: flushIndex: setUnconditionally 0 -> -1
2019-09-26 10:07:21,967 [pool-683-thread-1] INFO  server.RaftServerConfigKeys (ConfUtils.java:logGet(43)) - raft.server.snapshot.auto.trigger.enabled = true (custom)
2019-09-26 10:07:21,967 [pool-683-thread-1] INFO  server.RaftServerConfigKeys (ConfUtils.java:logGet(43)) - raft.server.snapshot.auto.trigger.threshold = 10000 (custom)
2019-09-26 10:07:21,967 [pool-683-thread-1] INFO  server.RaftServerConfigKeys (ConfUtils.java:logGet(43)) - raft.server.snapshot.retention.num.files = 5 (custom)
2019-09-26 10:07:21,968 [pool-683-thread-1] INFO  server.RaftServerConfigKeys (ConfUtils.java:logGet(43)) - raft.server.retrycache.expirytime = 600000ms (custom)
2019-09-26 10:07:21,969 [pool-683-thread-1] INFO  impl.RaftServerImpl (RaftServerImpl.java:start(185)) - 5955fc00-f5b8-4418-b414-62f2e5ec1764@group-A21947F6FF73: start as a follower, conf=-1: [5955fc00-f5b8-4418-b414-62f2e5ec1764:192.168.30.13:35778], old=null
2019-09-26 10:07:21,969 [pool-683-thread-1] INFO  impl.RaftServerImpl (RaftServerImpl.java:setRole(174)) - 5955fc00-f5b8-4418-b414-62f2e5ec1764@group-A21947F6FF73: changes role from      null to FOLLOWER at term 0 for startAsFollower
2019-09-26 10:07:21,970 [pool-683-thread-1] INFO  impl.RoleInfo (RoleInfo.java:updateAndGet(143)) - 5955fc00-f5b8-4418-b414-62f2e5ec1764: start FollowerState
2019-09-26 10:07:21,970 [pool-683-thread-1] INFO  util.JmxRegister (JmxRegister.java:tryRegister(44)) - Successfully registered JMX Bean with object name Ratis:service=RaftServer,group=group-A21947F6FF73,id=5955fc00-f5b8-4418-b414-62f2e5ec1764
2019-09-26 10:07:21,972 [RatisPipelineUtilsThread] INFO  pipeline.PipelineStateManager (PipelineStateManager.java:addPipeline(56)) - Created pipeline Pipeline[ Id: a608a748-90f5-4654-bfec-a21947f6ff73, Nodes: 5955fc00-f5b8-4418-b414-62f2e5ec1764{ip: 192.168.30.13, host: pr-hdds-1569-wvzgm-824869521, networkLocation: /default-rack, certSerialId: null}, Type:RATIS, Factor:ONE, State:OPEN]
2019-09-26 10:07:21,972 [RatisPipelineUtilsThread] INFO  pipeline.PipelinePlacementPolicy (PipelinePlacementPolicy.java:meetCriteria(91)) - Pipeline Placement: can't place more pipeline on heavy datanode： 9c045c9c-ba1f-4aea-ae51-5b8bdd601291 Heaviness: 6 limit: 5
2019-09-26 10:07:21,982 [grpc-default-executor-1] INFO  impl.RaftServerProxy (RaftServerProxy.java:addNew(89)) - 9cafecc4-59b7-45e3-9675-340d3e2c3fab: addNew group-252921730EA0:[9cafecc4-59b7-45e3-9675-340d3e2c3fab:192.168.30.13:33904] returns group-252921730EA0:java.util.concurrent.CompletableFuture@13e3350b[Not completed]
2019-09-26 10:07:21,984 [pool-693-thread-1] INFO  impl.RaftServerImpl (RaftServerImpl.java:<init>(95)) - 9cafecc4-59b7-45e3-9675-340d3e2c3fab: new RaftServerImpl for group-252921730EA0:[9cafecc4-59b7-45e3-9675-340d3e2c3fab:192.168.30.13:33904] with ContainerStateMachine:uninitialized
2019-09-26 10:07:21,984 [pool-693-thread-1] INFO  server.RaftServerConfigKeys (ConfUtils.java:logGet(43)) - raft.server.rpc.timeout.min = 5s (custom)
2019-09-26 10:07:21,984 [pool-693-thread-1] INFO  server.RaftServerConfigKeys (ConfUtils.java:logGet(43)) - raft.server.rpc.timeout.max = 5200ms (custom)
2019-09-26 10:07:21,984 [pool-693-thread-1] INFO  server.RaftServerConfigKeys (ConfUtils.java:logGet(43)) - raft.server.rpcslowness.timeout = 120s (custom)
2019-09-26 10:07:21,984 [pool-693-thread-1] INFO  server.RaftServerConfigKeys (ConfUtils.java:logGet(43)) - raft.server.sleep.deviation.threshold = 300 (default)
2019-09-26 10:07:21,984 [pool-693-thread-1] INFO  server.RaftServerConfigKeys (ConfUtils.java:logGet(43)) - raft.server.log.appender.install.snapshot.enabled = false (custom)
2019-09-26 10:07:21,985 [pool-693-thread-1] INFO  impl.RaftServerImpl (ServerState.java:<init>(103)) - 9cafecc4-59b7-45e3-9675-340d3e2c3fab@group-252921730EA0: ConfigurationManager, init=-1: [9cafecc4-59b7-45e3-9675-340d3e2c3fab:192.168.30.13:33904], old=null, confs=<EMPTY_MAP>
2019-09-26 10:07:21,985 [pool-693-thread-1] INFO  server.RaftServerConfigKeys (ConfUtils.java:logGet(43)) - raft.server.storage.dir = [/workdir/hadoop-ozone/integration-test/target/test-dir/MiniOzoneClusterImpl-af826fcf-2e4c-4099-bed4-c1b0f0495924/datanode-2/data/ratis] (custom)
2019-09-26 10:07:21,985 [pool-693-thread-1] INFO  storage.RaftStorageDirectory (RaftStorageDirectory.java:analyzeStorage(246)) - The storage directory /workdir/hadoop-ozone/integration-test/target/test-dir/MiniOzoneClusterImpl-af826fcf-2e4c-4099-bed4-c1b0f0495924/datanode-2/data/ratis/1e18385d-9a06-45c0-836e-252921730ea0 does not exist. Creating ...
2019-09-26 10:07:21,997 [pool-693-thread-1] INFO  storage.RaftStorageDirectory (RaftStorageDirectory.java:tryLock(328)) - Lock on /workdir/hadoop-ozone/integration-test/target/test-dir/MiniOzoneClusterImpl-af826fcf-2e4c-4099-bed4-c1b0f0495924/datanode-2/data/ratis/1e18385d-9a06-45c0-836e-252921730ea0/in_use.lock acquired by nodename 19604@pr-hdds-1569-wvzgm-824869521
2019-09-26 10:07:22,025 [pool-693-thread-1] INFO  storage.RaftStorage (RaftStorage.java:format(72)) - Storage directory /workdir/hadoop-ozone/integration-test/target/test-dir/MiniOzoneClusterImpl-af826fcf-2e4c-4099-bed4-c1b0f0495924/datanode-2/data/ratis/1e18385d-9a06-45c0-836e-252921730ea0 has been successfully formatted.
2019-09-26 10:07:22,026 [pool-693-thread-1] INFO  ratis.ContainerStateMachine (ContainerStateMachine.java:loadSnapshot(230)) - group-252921730EA0: The snapshot info is null. Setting the last applied indexto:(t:0, i:~)
2019-09-26 10:07:22,026 [pool-693-thread-1] INFO  server.RaftServerConfigKeys (ConfUtils.java:logGet(43)) - raft.server.notification.no-leader.timeout = 120s (custom)
2019-09-26 10:07:22,026 [pool-693-thread-1] INFO  server.RaftServerConfigKeys (ConfUtils.java:logGet(43)) - raft.server.log.use.memory = false (default)
2019-09-26 10:07:22,026 [pool-693-thread-1] INFO  server.RaftServerConfigKeys (ConfUtils.java:logGet(43)) - raft.server.log.purge.gap = 1000000 (custom)
2019-09-26 10:07:22,026 [pool-693-thread-1] INFO  server.RaftServerConfigKeys (ConfUtils.java:logGet(43)) - raft.server.log.appender.buffer.byte-limit = 33554432 (custom)
2019-09-26 10:07:22,027 [pool-693-thread-1] INFO  server.RaftServerConfigKeys (ConfUtils.java:logGet(43)) - raft.server.log.segment.size.max = 1048576 (custom)
2019-09-26 10:07:22,027 [pool-693-thread-1] INFO  server.RaftServerConfigKeys (ConfUtils.java:logGet(43)) - raft.server.log.segment.cache.num.max = 2 (custom)
2019-09-26 10:07:22,027 [pool-693-thread-1] INFO  segmented.SegmentedRaftLogWorker (SegmentedRaftLogWorker.java:<init>(172)) - new 9cafecc4-59b7-45e3-9675-340d3e2c3fab@group-252921730EA0-SegmentedRaftLogWorker for RaftStorage:Storage Directory /workdir/hadoop-ozone/integration-test/target/test-dir/MiniOzoneClusterImpl-af826fcf-2e4c-4099-bed4-c1b0f0495924/datanode-2/data/ratis/1e18385d-9a06-45c0-836e-252921730ea0
2019-09-26 10:07:22,028 [pool-693-thread-1] INFO  server.RaftServerConfigKeys (ConfUtils.java:logGet(43)) - raft.server.log.queue.byte-limit = 2147483647 (custom)
2019-09-26 10:07:22,029 [pool-693-thread-1] INFO  server.RaftServerConfigKeys (ConfUtils.java:logGet(43)) - raft.server.log.queue.element-limit = 1024 (custom)
2019-09-26 10:07:22,029 [pool-693-thread-1] INFO  server.RaftServerConfigKeys (ConfUtils.java:logGet(43)) - raft.server.log.segment.size.max = 1048576 (custom)
2019-09-26 10:07:22,029 [pool-693-thread-1] INFO  server.RaftServerConfigKeys (ConfUtils.java:logGet(43)) - raft.server.log.preallocated.size = 16384 (custom)
2019-09-26 10:07:22,029 [pool-693-thread-1] INFO  server.RaftServerConfigKeys (ConfUtils.java:logGet(43)) - raft.server.log.write.buffer.size = 33554432 (custom)
2019-09-26 10:07:22,029 [pool-693-thread-1] INFO  server.RaftServerConfigKeys (ConfUtils.java:logGet(43)) - raft.server.log.force.sync.num = 128 (default)
2019-09-26 10:07:22,029 [pool-693-thread-1] INFO  server.RaftServerConfigKeys (ConfUtils.java:logGet(43)) - raft.server.log.statemachine.data.sync = true (default)
2019-09-26 10:07:22,029 [pool-693-thread-1] INFO  server.RaftServerConfigKeys (ConfUtils.java:logGet(43)) - raft.server.log.statemachine.data.sync.timeout = 10s (default)
2019-09-26 10:07:22,029 [pool-693-thread-1] INFO  server.RaftServerConfigKeys (ConfUtils.java:logGet(43)) - raft.server.log.statemachine.data.sync.timeout.retry = -1 (default)
2019-09-26 10:07:22,030 [pool-693-thread-1] INFO  server.RaftServerConfigKeys (ConfUtils.java:logGet(43)) - raft.server.log.statemachine.data.caching.enabled = true (custom)
2019-09-26 10:07:22,030 [pool-693-thread-1] INFO  segmented.SegmentedRaftLogWorker (SegmentedRaftLogWorker.java:lambda$new$0(132)) - 9cafecc4-59b7-45e3-9675-340d3e2c3fab@group-252921730EA0-SegmentedRaftLogWorker: flushIndex: setUnconditionally 0 -> -1
2019-09-26 10:07:22,030 [pool-693-thread-1] INFO  server.RaftServerConfigKeys (ConfUtils.java:logGet(43)) - raft.server.snapshot.auto.trigger.enabled = true (custom)
2019-09-26 10:07:22,030 [pool-693-thread-1] INFO  server.RaftServerConfigKeys (ConfUtils.java:logGet(43)) - raft.server.snapshot.auto.trigger.threshold = 10000 (custom)
2019-09-26 10:07:22,030 [pool-693-thread-1] INFO  server.RaftServerConfigKeys (ConfUtils.java:logGet(43)) - raft.server.snapshot.retention.num.files = 5 (custom)
2019-09-26 10:07:22,031 [pool-693-thread-1] INFO  server.RaftServerConfigKeys (ConfUtils.java:logGet(43)) - raft.server.retrycache.expirytime = 600000ms (custom)
2019-09-26 10:07:22,032 [pool-693-thread-1] INFO  impl.RaftServerImpl (RaftServerImpl.java:start(185)) - 9cafecc4-59b7-45e3-9675-340d3e2c3fab@group-252921730EA0: start as a follower, conf=-1: [9cafecc4-59b7-45e3-9675-340d3e2c3fab:192.168.30.13:33904], old=null
2019-09-26 10:07:22,032 [pool-693-thread-1] INFO  impl.RaftServerImpl (RaftServerImpl.java:setRole(174)) - 9cafecc4-59b7-45e3-9675-340d3e2c3fab@group-252921730EA0: changes role from      null to FOLLOWER at term 0 for startAsFollower
2019-09-26 10:07:22,032 [pool-693-thread-1] INFO  impl.RoleInfo (RoleInfo.java:updateAndGet(143)) - 9cafecc4-59b7-45e3-9675-340d3e2c3fab: start FollowerState
2019-09-26 10:07:22,033 [pool-693-thread-1] INFO  util.JmxRegister (JmxRegister.java:tryRegister(44)) - Successfully registered JMX Bean with object name Ratis:service=RaftServer,group=group-252921730EA0,id=9cafecc4-59b7-45e3-9675-340d3e2c3fab
2019-09-26 10:07:22,035 [RatisPipelineUtilsThread] INFO  pipeline.PipelineStateManager (PipelineStateManager.java:addPipeline(56)) - Created pipeline Pipeline[ Id: 1e18385d-9a06-45c0-836e-252921730ea0, Nodes: 9cafecc4-59b7-45e3-9675-340d3e2c3fab{ip: 192.168.30.13, host: pr-hdds-1569-wvzgm-824869521, networkLocation: /default-rack, certSerialId: null}, Type:RATIS, Factor:ONE, State:OPEN]
2019-09-26 10:07:22,036 [RatisPipelineUtilsThread] INFO  pipeline.PipelinePlacementPolicy (PipelinePlacementPolicy.java:meetCriteria(91)) - Pipeline Placement: can't place more pipeline on heavy datanode： 9c045c9c-ba1f-4aea-ae51-5b8bdd601291 Heaviness: 6 limit: 5
2019-09-26 10:07:22,039 [grpc-default-executor-1] INFO  impl.RaftServerProxy (RaftServerProxy.java:addNew(89)) - 5955fc00-f5b8-4418-b414-62f2e5ec1764: addNew group-8EEB6675C2A7:[5955fc00-f5b8-4418-b414-62f2e5ec1764:192.168.30.13:35778] returns group-8EEB6675C2A7:java.util.concurrent.CompletableFuture@45c8881c[Not completed]
2019-09-26 10:07:22,040 [pool-683-thread-1] INFO  impl.RaftServerImpl (RaftServerImpl.java:<init>(95)) - 5955fc00-f5b8-4418-b414-62f2e5ec1764: new RaftServerImpl for group-8EEB6675C2A7:[5955fc00-f5b8-4418-b414-62f2e5ec1764:192.168.30.13:35778] with ContainerStateMachine:uninitialized
2019-09-26 10:07:22,040 [pool-683-thread-1] INFO  server.RaftServerConfigKeys (ConfUtils.java:logGet(43)) - raft.server.rpc.timeout.min = 5s (custom)
2019-09-26 10:07:22,040 [pool-683-thread-1] INFO  server.RaftServerConfigKeys (ConfUtils.java:logGet(43)) - raft.server.rpc.timeout.max = 5200ms (custom)
2019-09-26 10:07:22,040 [pool-683-thread-1] INFO  server.RaftServerConfigKeys (ConfUtils.java:logGet(43)) - raft.server.rpcslowness.timeout = 120s (custom)
2019-09-26 10:07:22,040 [pool-683-thread-1] INFO  server.RaftServerConfigKeys (ConfUtils.java:logGet(43)) - raft.server.sleep.deviation.threshold = 300 (default)
2019-09-26 10:07:22,041 [pool-683-thread-1] INFO  server.RaftServerConfigKeys (ConfUtils.java:logGet(43)) - raft.server.log.appender.install.snapshot.enabled = false (custom)
2019-09-26 10:07:22,041 [pool-683-thread-1] INFO  impl.RaftServerImpl (ServerState.java:<init>(103)) - 5955fc00-f5b8-4418-b414-62f2e5ec1764@group-8EEB6675C2A7: ConfigurationManager, init=-1: [5955fc00-f5b8-4418-b414-62f2e5ec1764:192.168.30.13:35778], old=null, confs=<EMPTY_MAP>
2019-09-26 10:07:22,041 [pool-683-thread-1] INFO  server.RaftServerConfigKeys (ConfUtils.java:logGet(43)) - raft.server.storage.dir = [/workdir/hadoop-ozone/integration-test/target/test-dir/MiniOzoneClusterImpl-af826fcf-2e4c-4099-bed4-c1b0f0495924/datanode-1/data/ratis] (custom)
2019-09-26 10:07:22,041 [pool-683-thread-1] INFO  storage.RaftStorageDirectory (RaftStorageDirectory.java:analyzeStorage(246)) - The storage directory /workdir/hadoop-ozone/integration-test/target/test-dir/MiniOzoneClusterImpl-af826fcf-2e4c-4099-bed4-c1b0f0495924/datanode-1/data/ratis/79b70a51-5302-4ed4-a9b7-8eeb6675c2a7 does not exist. Creating ...
2019-09-26 10:07:22,058 [IPC Server handler 3 on 39448] INFO  net.NetworkTopology (NetworkTopologyImpl.java:add(111)) - Added a new node: /default-rack/d1f6f5bd-a733-436d-b89d-c17e8804c490
2019-09-26 10:07:22,058 [IPC Server handler 3 on 39448] INFO  node.SCMNodeManager (SCMNodeManager.java:register(266)) - Registered Data node : d1f6f5bd-a733-436d-b89d-c17e8804c490{ip: 192.168.30.13, host: pr-hdds-1569-wvzgm-824869521, networkLocation: /default-rack, certSerialId: null}
2019-09-26 10:07:22,066 [pool-683-thread-1] INFO  storage.RaftStorageDirectory (RaftStorageDirectory.java:tryLock(328)) - Lock on /workdir/hadoop-ozone/integration-test/target/test-dir/MiniOzoneClusterImpl-af826fcf-2e4c-4099-bed4-c1b0f0495924/datanode-1/data/ratis/79b70a51-5302-4ed4-a9b7-8eeb6675c2a7/in_use.lock acquired by nodename 19604@pr-hdds-1569-wvzgm-824869521
2019-09-26 10:07:22,078 [pool-683-thread-1] INFO  storage.RaftStorage (RaftStorage.java:format(72)) - Storage directory /workdir/hadoop-ozone/integration-test/target/test-dir/MiniOzoneClusterImpl-af826fcf-2e4c-4099-bed4-c1b0f0495924/datanode-1/data/ratis/79b70a51-5302-4ed4-a9b7-8eeb6675c2a7 has been successfully formatted.
2019-09-26 10:07:22,079 [pool-683-thread-1] INFO  ratis.ContainerStateMachine (ContainerStateMachine.java:loadSnapshot(230)) - group-8EEB6675C2A7: The snapshot info is null. Setting the last applied indexto:(t:0, i:~)
2019-09-26 10:07:22,079 [pool-683-thread-1] INFO  server.RaftServerConfigKeys (ConfUtils.java:logGet(43)) - raft.server.notification.no-leader.timeout = 120s (custom)
2019-09-26 10:07:22,079 [pool-683-thread-1] INFO  server.RaftServerConfigKeys (ConfUtils.java:logGet(43)) - raft.server.log.use.memory = false (default)
2019-09-26 10:07:22,079 [pool-683-thread-1] INFO  server.RaftServerConfigKeys (ConfUtils.java:logGet(43)) - raft.server.log.purge.gap = 1000000 (custom)
2019-09-26 10:07:22,079 [pool-683-thread-1] INFO  server.RaftServerConfigKeys (ConfUtils.java:logGet(43)) - raft.server.log.appender.buffer.byte-limit = 33554432 (custom)
2019-09-26 10:07:22,079 [pool-683-thread-1] INFO  server.RaftServerConfigKeys (ConfUtils.java:logGet(43)) - raft.server.log.segment.size.max = 1048576 (custom)
2019-09-26 10:07:22,080 [pool-683-thread-1] INFO  server.RaftServerConfigKeys (ConfUtils.java:logGet(43)) - raft.server.log.segment.cache.num.max = 2 (custom)
2019-09-26 10:07:22,080 [pool-683-thread-1] INFO  segmented.SegmentedRaftLogWorker (SegmentedRaftLogWorker.java:<init>(172)) - new 5955fc00-f5b8-4418-b414-62f2e5ec1764@group-8EEB6675C2A7-SegmentedRaftLogWorker for RaftStorage:Storage Directory /workdir/hadoop-ozone/integration-test/target/test-dir/MiniOzoneClusterImpl-af826fcf-2e4c-4099-bed4-c1b0f0495924/datanode-1/data/ratis/79b70a51-5302-4ed4-a9b7-8eeb6675c2a7
2019-09-26 10:07:22,080 [pool-683-thread-1] INFO  server.RaftServerConfigKeys (ConfUtils.java:logGet(43)) - raft.server.log.queue.byte-limit = 2147483647 (custom)
2019-09-26 10:07:22,080 [pool-683-thread-1] INFO  server.RaftServerConfigKeys (ConfUtils.java:logGet(43)) - raft.server.log.queue.element-limit = 1024 (custom)
2019-09-26 10:07:22,080 [pool-683-thread-1] INFO  server.RaftServerConfigKeys (ConfUtils.java:logGet(43)) - raft.server.log.segment.size.max = 1048576 (custom)
2019-09-26 10:07:22,080 [pool-683-thread-1] INFO  server.RaftServerConfigKeys (ConfUtils.java:logGet(43)) - raft.server.log.preallocated.size = 16384 (custom)
2019-09-26 10:07:22,080 [pool-683-thread-1] INFO  server.RaftServerConfigKeys (ConfUtils.java:logGet(43)) - raft.server.log.write.buffer.size = 33554432 (custom)
2019-09-26 10:07:22,081 [pool-683-thread-1] INFO  server.RaftServerConfigKeys (ConfUtils.java:logGet(43)) - raft.server.log.force.sync.num = 128 (default)
2019-09-26 10:07:22,081 [pool-683-thread-1] INFO  server.RaftServerConfigKeys (ConfUtils.java:logGet(43)) - raft.server.log.statemachine.data.sync = true (default)
2019-09-26 10:07:22,081 [pool-683-thread-1] INFO  server.RaftServerConfigKeys (ConfUtils.java:logGet(43)) - raft.server.log.statemachine.data.sync.timeout = 10s (default)
2019-09-26 10:07:22,081 [pool-683-thread-1] INFO  server.RaftServerConfigKeys (ConfUtils.java:logGet(43)) - raft.server.log.statemachine.data.sync.timeout.retry = -1 (default)
2019-09-26 10:07:22,081 [pool-683-thread-1] INFO  server.RaftServerConfigKeys (ConfUtils.java:logGet(43)) - raft.server.log.statemachine.data.caching.enabled = true (custom)
2019-09-26 10:07:22,081 [pool-683-thread-1] INFO  segmented.SegmentedRaftLogWorker (SegmentedRaftLogWorker.java:lambda$new$0(132)) - 5955fc00-f5b8-4418-b414-62f2e5ec1764@group-8EEB6675C2A7-SegmentedRaftLogWorker: flushIndex: setUnconditionally 0 -> -1
2019-09-26 10:07:22,082 [pool-683-thread-1] INFO  server.RaftServerConfigKeys (ConfUtils.java:logGet(43)) - raft.server.snapshot.auto.trigger.enabled = true (custom)
2019-09-26 10:07:22,082 [pool-683-thread-1] INFO  server.RaftServerConfigKeys (ConfUtils.java:logGet(43)) - raft.server.snapshot.auto.trigger.threshold = 10000 (custom)
2019-09-26 10:07:22,082 [pool-683-thread-1] INFO  server.RaftServerConfigKeys (ConfUtils.java:logGet(43)) - raft.server.snapshot.retention.num.files = 5 (custom)
2019-09-26 10:07:22,082 [pool-683-thread-1] INFO  server.RaftServerConfigKeys (ConfUtils.java:logGet(43)) - raft.server.retrycache.expirytime = 600000ms (custom)
2019-09-26 10:07:22,085 [pool-683-thread-1] INFO  impl.RaftServerImpl (RaftServerImpl.java:start(185)) - 5955fc00-f5b8-4418-b414-62f2e5ec1764@group-8EEB6675C2A7: start as a follower, conf=-1: [5955fc00-f5b8-4418-b414-62f2e5ec1764:192.168.30.13:35778], old=null
2019-09-26 10:07:22,085 [pool-683-thread-1] INFO  impl.RaftServerImpl (RaftServerImpl.java:setRole(174)) - 5955fc00-f5b8-4418-b414-62f2e5ec1764@group-8EEB6675C2A7: changes role from      null to FOLLOWER at term 0 for startAsFollower
2019-09-26 10:07:22,085 [pool-683-thread-1] INFO  impl.RoleInfo (RoleInfo.java:updateAndGet(143)) - 5955fc00-f5b8-4418-b414-62f2e5ec1764: start FollowerState
2019-09-26 10:07:22,085 [pool-683-thread-1] INFO  util.JmxRegister (JmxRegister.java:tryRegister(44)) - Successfully registered JMX Bean with object name Ratis:service=RaftServer,group=group-8EEB6675C2A7,id=5955fc00-f5b8-4418-b414-62f2e5ec1764
2019-09-26 10:07:22,088 [RatisPipelineUtilsThread] INFO  pipeline.PipelineStateManager (PipelineStateManager.java:addPipeline(56)) - Created pipeline Pipeline[ Id: 79b70a51-5302-4ed4-a9b7-8eeb6675c2a7, Nodes: 5955fc00-f5b8-4418-b414-62f2e5ec1764{ip: 192.168.30.13, host: pr-hdds-1569-wvzgm-824869521, networkLocation: /default-rack, certSerialId: null}, Type:RATIS, Factor:ONE, State:OPEN]
2019-09-26 10:07:22,088 [RatisPipelineUtilsThread] INFO  pipeline.PipelinePlacementPolicy (PipelinePlacementPolicy.java:meetCriteria(91)) - Pipeline Placement: can't place more pipeline on heavy datanode： 9c045c9c-ba1f-4aea-ae51-5b8bdd601291 Heaviness: 6 limit: 5
2019-09-26 10:07:22,092 [grpc-default-executor-1] INFO  impl.RaftServerProxy (RaftServerProxy.java:addNew(89)) - 5955fc00-f5b8-4418-b414-62f2e5ec1764: addNew group-782C125C68D7:[5955fc00-f5b8-4418-b414-62f2e5ec1764:192.168.30.13:35778] returns group-782C125C68D7:java.util.concurrent.CompletableFuture@187b164e[Not completed]
2019-09-26 10:07:22,093 [pool-683-thread-1] INFO  impl.RaftServerImpl (RaftServerImpl.java:<init>(95)) - 5955fc00-f5b8-4418-b414-62f2e5ec1764: new RaftServerImpl for group-782C125C68D7:[5955fc00-f5b8-4418-b414-62f2e5ec1764:192.168.30.13:35778] with ContainerStateMachine:uninitialized
2019-09-26 10:07:22,093 [pool-683-thread-1] INFO  server.RaftServerConfigKeys (ConfUtils.java:logGet(43)) - raft.server.rpc.timeout.min = 5s (custom)
2019-09-26 10:07:22,093 [pool-683-thread-1] INFO  server.RaftServerConfigKeys (ConfUtils.java:logGet(43)) - raft.server.rpc.timeout.max = 5200ms (custom)
2019-09-26 10:07:22,093 [pool-683-thread-1] INFO  server.RaftServerConfigKeys (ConfUtils.java:logGet(43)) - raft.server.rpcslowness.timeout = 120s (custom)
2019-09-26 10:07:22,093 [pool-683-thread-1] INFO  server.RaftServerConfigKeys (ConfUtils.java:logGet(43)) - raft.server.sleep.deviation.threshold = 300 (default)
2019-09-26 10:07:22,094 [pool-683-thread-1] INFO  server.RaftServerConfigKeys (ConfUtils.java:logGet(43)) - raft.server.log.appender.install.snapshot.enabled = false (custom)
2019-09-26 10:07:22,094 [pool-683-thread-1] INFO  impl.RaftServerImpl (ServerState.java:<init>(103)) - 5955fc00-f5b8-4418-b414-62f2e5ec1764@group-782C125C68D7: ConfigurationManager, init=-1: [5955fc00-f5b8-4418-b414-62f2e5ec1764:192.168.30.13:35778], old=null, confs=<EMPTY_MAP>
2019-09-26 10:07:22,094 [pool-683-thread-1] INFO  server.RaftServerConfigKeys (ConfUtils.java:logGet(43)) - raft.server.storage.dir = [/workdir/hadoop-ozone/integration-test/target/test-dir/MiniOzoneClusterImpl-af826fcf-2e4c-4099-bed4-c1b0f0495924/datanode-1/data/ratis] (custom)
2019-09-26 10:07:22,094 [pool-683-thread-1] INFO  storage.RaftStorageDirectory (RaftStorageDirectory.java:analyzeStorage(246)) - The storage directory /workdir/hadoop-ozone/integration-test/target/test-dir/MiniOzoneClusterImpl-af826fcf-2e4c-4099-bed4-c1b0f0495924/datanode-1/data/ratis/e8743fb3-cd23-49b7-ad6c-782c125c68d7 does not exist. Creating ...
2019-09-26 10:07:22,108 [pool-683-thread-1] INFO  storage.RaftStorageDirectory (RaftStorageDirectory.java:tryLock(328)) - Lock on /workdir/hadoop-ozone/integration-test/target/test-dir/MiniOzoneClusterImpl-af826fcf-2e4c-4099-bed4-c1b0f0495924/datanode-1/data/ratis/e8743fb3-cd23-49b7-ad6c-782c125c68d7/in_use.lock acquired by nodename 19604@pr-hdds-1569-wvzgm-824869521
2019-09-26 10:07:22,121 [pool-683-thread-1] INFO  storage.RaftStorage (RaftStorage.java:format(72)) - Storage directory /workdir/hadoop-ozone/integration-test/target/test-dir/MiniOzoneClusterImpl-af826fcf-2e4c-4099-bed4-c1b0f0495924/datanode-1/data/ratis/e8743fb3-cd23-49b7-ad6c-782c125c68d7 has been successfully formatted.
2019-09-26 10:07:22,121 [pool-683-thread-1] INFO  ratis.ContainerStateMachine (ContainerStateMachine.java:loadSnapshot(230)) - group-782C125C68D7: The snapshot info is null. Setting the last applied indexto:(t:0, i:~)
2019-09-26 10:07:22,121 [pool-683-thread-1] INFO  server.RaftServerConfigKeys (ConfUtils.java:logGet(43)) - raft.server.notification.no-leader.timeout = 120s (custom)
2019-09-26 10:07:22,121 [pool-683-thread-1] INFO  server.RaftServerConfigKeys (ConfUtils.java:logGet(43)) - raft.server.log.use.memory = false (default)
2019-09-26 10:07:22,122 [pool-683-thread-1] INFO  server.RaftServerConfigKeys (ConfUtils.java:logGet(43)) - raft.server.log.purge.gap = 1000000 (custom)
2019-09-26 10:07:22,122 [pool-683-thread-1] INFO  server.RaftServerConfigKeys (ConfUtils.java:logGet(43)) - raft.server.log.appender.buffer.byte-limit = 33554432 (custom)
2019-09-26 10:07:22,122 [pool-683-thread-1] INFO  server.RaftServerConfigKeys (ConfUtils.java:logGet(43)) - raft.server.log.segment.size.max = 1048576 (custom)
2019-09-26 10:07:22,122 [pool-683-thread-1] INFO  server.RaftServerConfigKeys (ConfUtils.java:logGet(43)) - raft.server.log.segment.cache.num.max = 2 (custom)
2019-09-26 10:07:22,122 [pool-683-thread-1] INFO  segmented.SegmentedRaftLogWorker (SegmentedRaftLogWorker.java:<init>(172)) - new 5955fc00-f5b8-4418-b414-62f2e5ec1764@group-782C125C68D7-SegmentedRaftLogWorker for RaftStorage:Storage Directory /workdir/hadoop-ozone/integration-test/target/test-dir/MiniOzoneClusterImpl-af826fcf-2e4c-4099-bed4-c1b0f0495924/datanode-1/data/ratis/e8743fb3-cd23-49b7-ad6c-782c125c68d7
2019-09-26 10:07:22,122 [pool-683-thread-1] INFO  server.RaftServerConfigKeys (ConfUtils.java:logGet(43)) - raft.server.log.queue.byte-limit = 2147483647 (custom)
2019-09-26 10:07:22,122 [pool-683-thread-1] INFO  server.RaftServerConfigKeys (ConfUtils.java:logGet(43)) - raft.server.log.queue.element-limit = 1024 (custom)
2019-09-26 10:07:22,123 [pool-683-thread-1] INFO  server.RaftServerConfigKeys (ConfUtils.java:logGet(43)) - raft.server.log.segment.size.max = 1048576 (custom)
2019-09-26 10:07:22,123 [pool-683-thread-1] INFO  server.RaftServerConfigKeys (ConfUtils.java:logGet(43)) - raft.server.log.preallocated.size = 16384 (custom)
2019-09-26 10:07:22,123 [pool-683-thread-1] INFO  server.RaftServerConfigKeys (ConfUtils.java:logGet(43)) - raft.server.log.write.buffer.size = 33554432 (custom)
2019-09-26 10:07:22,123 [pool-683-thread-1] INFO  server.RaftServerConfigKeys (ConfUtils.java:logGet(43)) - raft.server.log.force.sync.num = 128 (default)
2019-09-26 10:07:22,123 [pool-683-thread-1] INFO  server.RaftServerConfigKeys (ConfUtils.java:logGet(43)) - raft.server.log.statemachine.data.sync = true (default)
2019-09-26 10:07:22,123 [pool-683-thread-1] INFO  server.RaftServerConfigKeys (ConfUtils.java:logGet(43)) - raft.server.log.statemachine.data.sync.timeout = 10s (default)
2019-09-26 10:07:22,123 [pool-683-thread-1] INFO  server.RaftServerConfigKeys (ConfUtils.java:logGet(43)) - raft.server.log.statemachine.data.sync.timeout.retry = -1 (default)
2019-09-26 10:07:22,124 [pool-683-thread-1] INFO  server.RaftServerConfigKeys (ConfUtils.java:logGet(43)) - raft.server.log.statemachine.data.caching.enabled = true (custom)
2019-09-26 10:07:22,124 [pool-683-thread-1] INFO  segmented.SegmentedRaftLogWorker (SegmentedRaftLogWorker.java:lambda$new$0(132)) - 5955fc00-f5b8-4418-b414-62f2e5ec1764@group-782C125C68D7-SegmentedRaftLogWorker: flushIndex: setUnconditionally 0 -> -1
2019-09-26 10:07:22,124 [pool-683-thread-1] INFO  server.RaftServerConfigKeys (ConfUtils.java:logGet(43)) - raft.server.snapshot.auto.trigger.enabled = true (custom)
2019-09-26 10:07:22,124 [pool-683-thread-1] INFO  server.RaftServerConfigKeys (ConfUtils.java:logGet(43)) - raft.server.snapshot.auto.trigger.threshold = 10000 (custom)
2019-09-26 10:07:22,125 [pool-683-thread-1] INFO  server.RaftServerConfigKeys (ConfUtils.java:logGet(43)) - raft.server.snapshot.retention.num.files = 5 (custom)
2019-09-26 10:07:22,125 [pool-683-thread-1] INFO  server.RaftServerConfigKeys (ConfUtils.java:logGet(43)) - raft.server.retrycache.expirytime = 600000ms (custom)
2019-09-26 10:07:22,127 [pool-683-thread-1] INFO  impl.RaftServerImpl (RaftServerImpl.java:start(185)) - 5955fc00-f5b8-4418-b414-62f2e5ec1764@group-782C125C68D7: start as a follower, conf=-1: [5955fc00-f5b8-4418-b414-62f2e5ec1764:192.168.30.13:35778], old=null
2019-09-26 10:07:22,127 [pool-683-thread-1] INFO  impl.RaftServerImpl (RaftServerImpl.java:setRole(174)) - 5955fc00-f5b8-4418-b414-62f2e5ec1764@group-782C125C68D7: changes role from      null to FOLLOWER at term 0 for startAsFollower
2019-09-26 10:07:22,127 [pool-683-thread-1] INFO  impl.RoleInfo (RoleInfo.java:updateAndGet(143)) - 5955fc00-f5b8-4418-b414-62f2e5ec1764: start FollowerState
2019-09-26 10:07:22,127 [pool-683-thread-1] INFO  util.JmxRegister (JmxRegister.java:tryRegister(44)) - Successfully registered JMX Bean with object name Ratis:service=RaftServer,group=group-782C125C68D7,id=5955fc00-f5b8-4418-b414-62f2e5ec1764
2019-09-26 10:07:22,130 [RatisPipelineUtilsThread] INFO  pipeline.PipelineStateManager (PipelineStateManager.java:addPipeline(56)) - Created pipeline Pipeline[ Id: e8743fb3-cd23-49b7-ad6c-782c125c68d7, Nodes: 5955fc00-f5b8-4418-b414-62f2e5ec1764{ip: 192.168.30.13, host: pr-hdds-1569-wvzgm-824869521, networkLocation: /default-rack, certSerialId: null}, Type:RATIS, Factor:ONE, State:OPEN]
2019-09-26 10:07:22,130 [RatisPipelineUtilsThread] INFO  pipeline.PipelinePlacementPolicy (PipelinePlacementPolicy.java:meetCriteria(91)) - Pipeline Placement: can't place more pipeline on heavy datanode： 9c045c9c-ba1f-4aea-ae51-5b8bdd601291 Heaviness: 6 limit: 5
2019-09-26 10:07:22,134 [grpc-default-executor-1] INFO  impl.RaftServerProxy (RaftServerProxy.java:addNew(89)) - 5955fc00-f5b8-4418-b414-62f2e5ec1764: addNew group-A7DF5C14D480:[5955fc00-f5b8-4418-b414-62f2e5ec1764:192.168.30.13:35778] returns group-A7DF5C14D480:java.util.concurrent.CompletableFuture@bcc4b11[Not completed]
2019-09-26 10:07:22,135 [pool-683-thread-1] INFO  impl.RaftServerImpl (RaftServerImpl.java:<init>(95)) - 5955fc00-f5b8-4418-b414-62f2e5ec1764: new RaftServerImpl for group-A7DF5C14D480:[5955fc00-f5b8-4418-b414-62f2e5ec1764:192.168.30.13:35778] with ContainerStateMachine:uninitialized
2019-09-26 10:07:22,135 [pool-683-thread-1] INFO  server.RaftServerConfigKeys (ConfUtils.java:logGet(43)) - raft.server.rpc.timeout.min = 5s (custom)
2019-09-26 10:07:22,135 [pool-683-thread-1] INFO  server.RaftServerConfigKeys (ConfUtils.java:logGet(43)) - raft.server.rpc.timeout.max = 5200ms (custom)
2019-09-26 10:07:22,135 [pool-683-thread-1] INFO  server.RaftServerConfigKeys (ConfUtils.java:logGet(43)) - raft.server.rpcslowness.timeout = 120s (custom)
2019-09-26 10:07:22,135 [pool-683-thread-1] INFO  server.RaftServerConfigKeys (ConfUtils.java:logGet(43)) - raft.server.sleep.deviation.threshold = 300 (default)
2019-09-26 10:07:22,135 [pool-683-thread-1] INFO  server.RaftServerConfigKeys (ConfUtils.java:logGet(43)) - raft.server.log.appender.install.snapshot.enabled = false (custom)
2019-09-26 10:07:22,136 [pool-683-thread-1] INFO  impl.RaftServerImpl (ServerState.java:<init>(103)) - 5955fc00-f5b8-4418-b414-62f2e5ec1764@group-A7DF5C14D480: ConfigurationManager, init=-1: [5955fc00-f5b8-4418-b414-62f2e5ec1764:192.168.30.13:35778], old=null, confs=<EMPTY_MAP>
2019-09-26 10:07:22,136 [pool-683-thread-1] INFO  server.RaftServerConfigKeys (ConfUtils.java:logGet(43)) - raft.server.storage.dir = [/workdir/hadoop-ozone/integration-test/target/test-dir/MiniOzoneClusterImpl-af826fcf-2e4c-4099-bed4-c1b0f0495924/datanode-1/data/ratis] (custom)
2019-09-26 10:07:22,136 [pool-683-thread-1] INFO  storage.RaftStorageDirectory (RaftStorageDirectory.java:analyzeStorage(246)) - The storage directory /workdir/hadoop-ozone/integration-test/target/test-dir/MiniOzoneClusterImpl-af826fcf-2e4c-4099-bed4-c1b0f0495924/datanode-1/data/ratis/a49d87aa-7ac8-44cc-a686-a7df5c14d480 does not exist. Creating ...
2019-09-26 10:07:22,149 [pool-683-thread-1] INFO  storage.RaftStorageDirectory (RaftStorageDirectory.java:tryLock(328)) - Lock on /workdir/hadoop-ozone/integration-test/target/test-dir/MiniOzoneClusterImpl-af826fcf-2e4c-4099-bed4-c1b0f0495924/datanode-1/data/ratis/a49d87aa-7ac8-44cc-a686-a7df5c14d480/in_use.lock acquired by nodename 19604@pr-hdds-1569-wvzgm-824869521
2019-09-26 10:07:22,159 [IPC Server handler 4 on 39448] INFO  net.NetworkTopology (NetworkTopologyImpl.java:add(111)) - Added a new node: /default-rack/5004b7af-11c5-4c34-b2aa-0091a090c65f
2019-09-26 10:07:22,159 [IPC Server handler 4 on 39448] INFO  node.SCMNodeManager (SCMNodeManager.java:register(266)) - Registered Data node : 5004b7af-11c5-4c34-b2aa-0091a090c65f{ip: 192.168.30.13, host: pr-hdds-1569-wvzgm-824869521, networkLocation: /default-rack, certSerialId: null}
2019-09-26 10:07:22,162 [pool-683-thread-1] INFO  storage.RaftStorage (RaftStorage.java:format(72)) - Storage directory /workdir/hadoop-ozone/integration-test/target/test-dir/MiniOzoneClusterImpl-af826fcf-2e4c-4099-bed4-c1b0f0495924/datanode-1/data/ratis/a49d87aa-7ac8-44cc-a686-a7df5c14d480 has been successfully formatted.
2019-09-26 10:07:22,162 [pool-683-thread-1] INFO  ratis.ContainerStateMachine (ContainerStateMachine.java:loadSnapshot(230)) - group-A7DF5C14D480: The snapshot info is null. Setting the last applied indexto:(t:0, i:~)
2019-09-26 10:07:22,162 [pool-683-thread-1] INFO  server.RaftServerConfigKeys (ConfUtils.java:logGet(43)) - raft.server.notification.no-leader.timeout = 120s (custom)
2019-09-26 10:07:22,162 [pool-683-thread-1] INFO  server.RaftServerConfigKeys (ConfUtils.java:logGet(43)) - raft.server.log.use.memory = false (default)
2019-09-26 10:07:22,163 [pool-683-thread-1] INFO  server.RaftServerConfigKeys (ConfUtils.java:logGet(43)) - raft.server.log.purge.gap = 1000000 (custom)
2019-09-26 10:07:22,163 [pool-683-thread-1] INFO  server.RaftServerConfigKeys (ConfUtils.java:logGet(43)) - raft.server.log.appender.buffer.byte-limit = 33554432 (custom)
2019-09-26 10:07:22,163 [pool-683-thread-1] INFO  server.RaftServerConfigKeys (ConfUtils.java:logGet(43)) - raft.server.log.segment.size.max = 1048576 (custom)
2019-09-26 10:07:22,163 [pool-683-thread-1] INFO  server.RaftServerConfigKeys (ConfUtils.java:logGet(43)) - raft.server.log.segment.cache.num.max = 2 (custom)
2019-09-26 10:07:22,163 [pool-683-thread-1] INFO  segmented.SegmentedRaftLogWorker (SegmentedRaftLogWorker.java:<init>(172)) - new 5955fc00-f5b8-4418-b414-62f2e5ec1764@group-A7DF5C14D480-SegmentedRaftLogWorker for RaftStorage:Storage Directory /workdir/hadoop-ozone/integration-test/target/test-dir/MiniOzoneClusterImpl-af826fcf-2e4c-4099-bed4-c1b0f0495924/datanode-1/data/ratis/a49d87aa-7ac8-44cc-a686-a7df5c14d480
2019-09-26 10:07:22,163 [pool-683-thread-1] INFO  server.RaftServerConfigKeys (ConfUtils.java:logGet(43)) - raft.server.log.queue.byte-limit = 2147483647 (custom)
2019-09-26 10:07:22,163 [pool-683-thread-1] INFO  server.RaftServerConfigKeys (ConfUtils.java:logGet(43)) - raft.server.log.queue.element-limit = 1024 (custom)
2019-09-26 10:07:22,163 [pool-683-thread-1] INFO  server.RaftServerConfigKeys (ConfUtils.java:logGet(43)) - raft.server.log.segment.size.max = 1048576 (custom)
2019-09-26 10:07:22,164 [pool-683-thread-1] INFO  server.RaftServerConfigKeys (ConfUtils.java:logGet(43)) - raft.server.log.preallocated.size = 16384 (custom)
2019-09-26 10:07:22,164 [pool-683-thread-1] INFO  server.RaftServerConfigKeys (ConfUtils.java:logGet(43)) - raft.server.log.write.buffer.size = 33554432 (custom)
2019-09-26 10:07:22,164 [pool-683-thread-1] INFO  server.RaftServerConfigKeys (ConfUtils.java:logGet(43)) - raft.server.log.force.sync.num = 128 (default)
2019-09-26 10:07:22,164 [pool-683-thread-1] INFO  server.RaftServerConfigKeys (ConfUtils.java:logGet(43)) - raft.server.log.statemachine.data.sync = true (default)
2019-09-26 10:07:22,164 [pool-683-thread-1] INFO  server.RaftServerConfigKeys (ConfUtils.java:logGet(43)) - raft.server.log.statemachine.data.sync.timeout = 10s (default)
2019-09-26 10:07:22,164 [pool-683-thread-1] INFO  server.RaftServerConfigKeys (ConfUtils.java:logGet(43)) - raft.server.log.statemachine.data.sync.timeout.retry = -1 (default)
2019-09-26 10:07:22,164 [pool-683-thread-1] INFO  server.RaftServerConfigKeys (ConfUtils.java:logGet(43)) - raft.server.log.statemachine.data.caching.enabled = true (custom)
2019-09-26 10:07:22,164 [pool-683-thread-1] INFO  segmented.SegmentedRaftLogWorker (SegmentedRaftLogWorker.java:lambda$new$0(132)) - 5955fc00-f5b8-4418-b414-62f2e5ec1764@group-A7DF5C14D480-SegmentedRaftLogWorker: flushIndex: setUnconditionally 0 -> -1
2019-09-26 10:07:22,165 [pool-683-thread-1] INFO  server.RaftServerConfigKeys (ConfUtils.java:logGet(43)) - raft.server.snapshot.auto.trigger.enabled = true (custom)
2019-09-26 10:07:22,165 [pool-683-thread-1] INFO  server.RaftServerConfigKeys (ConfUtils.java:logGet(43)) - raft.server.snapshot.auto.trigger.threshold = 10000 (custom)
2019-09-26 10:07:22,165 [pool-683-thread-1] INFO  server.RaftServerConfigKeys (ConfUtils.java:logGet(43)) - raft.server.snapshot.retention.num.files = 5 (custom)
2019-09-26 10:07:22,165 [pool-683-thread-1] INFO  server.RaftServerConfigKeys (ConfUtils.java:logGet(43)) - raft.server.retrycache.expirytime = 600000ms (custom)
2019-09-26 10:07:22,166 [pool-683-thread-1] INFO  impl.RaftServerImpl (RaftServerImpl.java:start(185)) - 5955fc00-f5b8-4418-b414-62f2e5ec1764@group-A7DF5C14D480: start as a follower, conf=-1: [5955fc00-f5b8-4418-b414-62f2e5ec1764:192.168.30.13:35778], old=null
2019-09-26 10:07:22,167 [pool-683-thread-1] INFO  impl.RaftServerImpl (RaftServerImpl.java:setRole(174)) - 5955fc00-f5b8-4418-b414-62f2e5ec1764@group-A7DF5C14D480: changes role from      null to FOLLOWER at term 0 for startAsFollower
2019-09-26 10:07:22,167 [pool-683-thread-1] INFO  impl.RoleInfo (RoleInfo.java:updateAndGet(143)) - 5955fc00-f5b8-4418-b414-62f2e5ec1764: start FollowerState
2019-09-26 10:07:22,167 [pool-683-thread-1] INFO  util.JmxRegister (JmxRegister.java:tryRegister(44)) - Successfully registered JMX Bean with object name Ratis:service=RaftServer,group=group-A7DF5C14D480,id=5955fc00-f5b8-4418-b414-62f2e5ec1764
2019-09-26 10:07:22,169 [RatisPipelineUtilsThread] INFO  pipeline.PipelineStateManager (PipelineStateManager.java:addPipeline(56)) - Created pipeline Pipeline[ Id: a49d87aa-7ac8-44cc-a686-a7df5c14d480, Nodes: 5955fc00-f5b8-4418-b414-62f2e5ec1764{ip: 192.168.30.13, host: pr-hdds-1569-wvzgm-824869521, networkLocation: /default-rack, certSerialId: null}, Type:RATIS, Factor:ONE, State:OPEN]
2019-09-26 10:07:22,169 [RatisPipelineUtilsThread] INFO  pipeline.PipelinePlacementPolicy (PipelinePlacementPolicy.java:meetCriteria(91)) - Pipeline Placement: can't place more pipeline on heavy datanode： 9c045c9c-ba1f-4aea-ae51-5b8bdd601291 Heaviness: 6 limit: 5
2019-09-26 10:07:22,178 [grpc-default-executor-1] INFO  impl.RaftServerProxy (RaftServerProxy.java:addNew(89)) - bec07a0c-a0ea-4ddf-8714-f8e80b4d678f: addNew group-42F6C7325979:[bec07a0c-a0ea-4ddf-8714-f8e80b4d678f:192.168.30.13:42402] returns group-42F6C7325979:java.util.concurrent.CompletableFuture@2f1cc89b[Not completed]
2019-09-26 10:07:22,179 [pool-703-thread-1] INFO  impl.RaftServerImpl (RaftServerImpl.java:<init>(95)) - bec07a0c-a0ea-4ddf-8714-f8e80b4d678f: new RaftServerImpl for group-42F6C7325979:[bec07a0c-a0ea-4ddf-8714-f8e80b4d678f:192.168.30.13:42402] with ContainerStateMachine:uninitialized
2019-09-26 10:07:22,179 [pool-703-thread-1] INFO  server.RaftServerConfigKeys (ConfUtils.java:logGet(43)) - raft.server.rpc.timeout.min = 5s (custom)
2019-09-26 10:07:22,179 [pool-703-thread-1] INFO  server.RaftServerConfigKeys (ConfUtils.java:logGet(43)) - raft.server.rpc.timeout.max = 5200ms (custom)
2019-09-26 10:07:22,179 [pool-703-thread-1] INFO  server.RaftServerConfigKeys (ConfUtils.java:logGet(43)) - raft.server.rpcslowness.timeout = 120s (custom)
2019-09-26 10:07:22,179 [pool-703-thread-1] INFO  server.RaftServerConfigKeys (ConfUtils.java:logGet(43)) - raft.server.sleep.deviation.threshold = 300 (default)
2019-09-26 10:07:22,179 [pool-703-thread-1] INFO  server.RaftServerConfigKeys (ConfUtils.java:logGet(43)) - raft.server.log.appender.install.snapshot.enabled = false (custom)
2019-09-26 10:07:22,179 [pool-703-thread-1] INFO  impl.RaftServerImpl (ServerState.java:<init>(103)) - bec07a0c-a0ea-4ddf-8714-f8e80b4d678f@group-42F6C7325979: ConfigurationManager, init=-1: [bec07a0c-a0ea-4ddf-8714-f8e80b4d678f:192.168.30.13:42402], old=null, confs=<EMPTY_MAP>
2019-09-26 10:07:22,180 [pool-703-thread-1] INFO  server.RaftServerConfigKeys (ConfUtils.java:logGet(43)) - raft.server.storage.dir = [/workdir/hadoop-ozone/integration-test/target/test-dir/MiniOzoneClusterImpl-af826fcf-2e4c-4099-bed4-c1b0f0495924/datanode-3/data/ratis] (custom)
2019-09-26 10:07:22,180 [pool-703-thread-1] INFO  storage.RaftStorageDirectory (RaftStorageDirectory.java:analyzeStorage(246)) - The storage directory /workdir/hadoop-ozone/integration-test/target/test-dir/MiniOzoneClusterImpl-af826fcf-2e4c-4099-bed4-c1b0f0495924/datanode-3/data/ratis/b570ac92-2aa2-43c9-ba1d-42f6c7325979 does not exist. Creating ...
2019-09-26 10:07:22,201 [pool-703-thread-1] INFO  storage.RaftStorageDirectory (RaftStorageDirectory.java:tryLock(328)) - Lock on /workdir/hadoop-ozone/integration-test/target/test-dir/MiniOzoneClusterImpl-af826fcf-2e4c-4099-bed4-c1b0f0495924/datanode-3/data/ratis/b570ac92-2aa2-43c9-ba1d-42f6c7325979/in_use.lock acquired by nodename 19604@pr-hdds-1569-wvzgm-824869521
2019-09-26 10:07:22,213 [pool-703-thread-1] INFO  storage.RaftStorage (RaftStorage.java:format(72)) - Storage directory /workdir/hadoop-ozone/integration-test/target/test-dir/MiniOzoneClusterImpl-af826fcf-2e4c-4099-bed4-c1b0f0495924/datanode-3/data/ratis/b570ac92-2aa2-43c9-ba1d-42f6c7325979 has been successfully formatted.
2019-09-26 10:07:22,213 [pool-703-thread-1] INFO  ratis.ContainerStateMachine (ContainerStateMachine.java:loadSnapshot(230)) - group-42F6C7325979: The snapshot info is null. Setting the last applied indexto:(t:0, i:~)
2019-09-26 10:07:22,214 [pool-703-thread-1] INFO  server.RaftServerConfigKeys (ConfUtils.java:logGet(43)) - raft.server.notification.no-leader.timeout = 120s (custom)
2019-09-26 10:07:22,214 [pool-703-thread-1] INFO  server.RaftServerConfigKeys (ConfUtils.java:logGet(43)) - raft.server.log.use.memory = false (default)
2019-09-26 10:07:22,214 [pool-703-thread-1] INFO  server.RaftServerConfigKeys (ConfUtils.java:logGet(43)) - raft.server.log.purge.gap = 1000000 (custom)
2019-09-26 10:07:22,214 [pool-703-thread-1] INFO  server.RaftServerConfigKeys (ConfUtils.java:logGet(43)) - raft.server.log.appender.buffer.byte-limit = 33554432 (custom)
2019-09-26 10:07:22,214 [pool-703-thread-1] INFO  server.RaftServerConfigKeys (ConfUtils.java:logGet(43)) - raft.server.log.segment.size.max = 1048576 (custom)
2019-09-26 10:07:22,214 [pool-703-thread-1] INFO  server.RaftServerConfigKeys (ConfUtils.java:logGet(43)) - raft.server.log.segment.cache.num.max = 2 (custom)
2019-09-26 10:07:22,215 [pool-703-thread-1] INFO  segmented.SegmentedRaftLogWorker (SegmentedRaftLogWorker.java:<init>(172)) - new bec07a0c-a0ea-4ddf-8714-f8e80b4d678f@group-42F6C7325979-SegmentedRaftLogWorker for RaftStorage:Storage Directory /workdir/hadoop-ozone/integration-test/target/test-dir/MiniOzoneClusterImpl-af826fcf-2e4c-4099-bed4-c1b0f0495924/datanode-3/data/ratis/b570ac92-2aa2-43c9-ba1d-42f6c7325979
2019-09-26 10:07:22,216 [pool-703-thread-1] INFO  server.RaftServerConfigKeys (ConfUtils.java:logGet(43)) - raft.server.log.queue.byte-limit = 2147483647 (custom)
2019-09-26 10:07:22,217 [pool-703-thread-1] INFO  server.RaftServerConfigKeys (ConfUtils.java:logGet(43)) - raft.server.log.queue.element-limit = 1024 (custom)
2019-09-26 10:07:22,217 [pool-703-thread-1] INFO  server.RaftServerConfigKeys (ConfUtils.java:logGet(43)) - raft.server.log.segment.size.max = 1048576 (custom)
2019-09-26 10:07:22,217 [pool-703-thread-1] INFO  server.RaftServerConfigKeys (ConfUtils.java:logGet(43)) - raft.server.log.preallocated.size = 16384 (custom)
2019-09-26 10:07:22,217 [pool-703-thread-1] INFO  server.RaftServerConfigKeys (ConfUtils.java:logGet(43)) - raft.server.log.write.buffer.size = 33554432 (custom)
2019-09-26 10:07:22,217 [pool-703-thread-1] INFO  server.RaftServerConfigKeys (ConfUtils.java:logGet(43)) - raft.server.log.force.sync.num = 128 (default)
2019-09-26 10:07:22,217 [pool-703-thread-1] INFO  server.RaftServerConfigKeys (ConfUtils.java:logGet(43)) - raft.server.log.statemachine.data.sync = true (default)
2019-09-26 10:07:22,217 [pool-703-thread-1] INFO  server.RaftServerConfigKeys (ConfUtils.java:logGet(43)) - raft.server.log.statemachine.data.sync.timeout = 10s (default)
2019-09-26 10:07:22,218 [pool-703-thread-1] INFO  server.RaftServerConfigKeys (ConfUtils.java:logGet(43)) - raft.server.log.statemachine.data.sync.timeout.retry = -1 (default)
2019-09-26 10:07:22,218 [pool-703-thread-1] INFO  server.RaftServerConfigKeys (ConfUtils.java:logGet(43)) - raft.server.log.statemachine.data.caching.enabled = true (custom)
2019-09-26 10:07:22,218 [pool-703-thread-1] INFO  segmented.SegmentedRaftLogWorker (SegmentedRaftLogWorker.java:lambda$new$0(132)) - bec07a0c-a0ea-4ddf-8714-f8e80b4d678f@group-42F6C7325979-SegmentedRaftLogWorker: flushIndex: setUnconditionally 0 -> -1
2019-09-26 10:07:22,218 [pool-703-thread-1] INFO  server.RaftServerConfigKeys (ConfUtils.java:logGet(43)) - raft.server.snapshot.auto.trigger.enabled = true (custom)
2019-09-26 10:07:22,219 [pool-703-thread-1] INFO  server.RaftServerConfigKeys (ConfUtils.java:logGet(43)) - raft.server.snapshot.auto.trigger.threshold = 10000 (custom)
2019-09-26 10:07:22,219 [pool-703-thread-1] INFO  server.RaftServerConfigKeys (ConfUtils.java:logGet(43)) - raft.server.snapshot.retention.num.files = 5 (custom)
2019-09-26 10:07:22,219 [pool-703-thread-1] INFO  server.RaftServerConfigKeys (ConfUtils.java:logGet(43)) - raft.server.retrycache.expirytime = 600000ms (custom)
2019-09-26 10:07:22,220 [pool-703-thread-1] INFO  impl.RaftServerImpl (RaftServerImpl.java:start(185)) - bec07a0c-a0ea-4ddf-8714-f8e80b4d678f@group-42F6C7325979: start as a follower, conf=-1: [bec07a0c-a0ea-4ddf-8714-f8e80b4d678f:192.168.30.13:42402], old=null
2019-09-26 10:07:22,220 [pool-703-thread-1] INFO  impl.RaftServerImpl (RaftServerImpl.java:setRole(174)) - bec07a0c-a0ea-4ddf-8714-f8e80b4d678f@group-42F6C7325979: changes role from      null to FOLLOWER at term 0 for startAsFollower
2019-09-26 10:07:22,220 [pool-703-thread-1] INFO  impl.RoleInfo (RoleInfo.java:updateAndGet(143)) - bec07a0c-a0ea-4ddf-8714-f8e80b4d678f: start FollowerState
2019-09-26 10:07:22,221 [pool-703-thread-1] INFO  util.JmxRegister (JmxRegister.java:tryRegister(44)) - Successfully registered JMX Bean with object name Ratis:service=RaftServer,group=group-42F6C7325979,id=bec07a0c-a0ea-4ddf-8714-f8e80b4d678f
2019-09-26 10:07:22,224 [RatisPipelineUtilsThread] INFO  pipeline.PipelineStateManager (PipelineStateManager.java:addPipeline(56)) - Created pipeline Pipeline[ Id: b570ac92-2aa2-43c9-ba1d-42f6c7325979, Nodes: bec07a0c-a0ea-4ddf-8714-f8e80b4d678f{ip: 192.168.30.13, host: pr-hdds-1569-wvzgm-824869521, networkLocation: /default-rack, certSerialId: null}, Type:RATIS, Factor:ONE, State:OPEN]
2019-09-26 10:07:22,224 [RatisPipelineUtilsThread] INFO  pipeline.PipelinePlacementPolicy (PipelinePlacementPolicy.java:meetCriteria(91)) - Pipeline Placement: can't place more pipeline on heavy datanode： 9c045c9c-ba1f-4aea-ae51-5b8bdd601291 Heaviness: 6 limit: 5
2019-09-26 10:07:22,227 [main] INFO  ozone.MiniOzoneClusterImpl (MiniOzoneClusterImpl.java:lambda$waitForClusterToBeReady$0(147)) - Waiting for cluster to be ready. Got 6 of 7 DN Heartbeats.
2019-09-26 10:07:22,227 [IPC Server handler 5 on 39448] INFO  net.NetworkTopology (NetworkTopologyImpl.java:add(111)) - Added a new node: /default-rack/e3e9c20d-70c3-4d54-9af3-1020e4c50fd3
2019-09-26 10:07:22,228 [IPC Server handler 5 on 39448] INFO  node.SCMNodeManager (SCMNodeManager.java:register(266)) - Registered Data node : e3e9c20d-70c3-4d54-9af3-1020e4c50fd3{ip: 192.168.30.13, host: pr-hdds-1569-wvzgm-824869521, networkLocation: /default-rack, certSerialId: null}
2019-09-26 10:07:22,228 [grpc-default-executor-1] INFO  impl.RaftServerProxy (RaftServerProxy.java:addNew(89)) - bec07a0c-a0ea-4ddf-8714-f8e80b4d678f: addNew group-8D4A2604E7DE:[bec07a0c-a0ea-4ddf-8714-f8e80b4d678f:192.168.30.13:42402] returns group-8D4A2604E7DE:java.util.concurrent.CompletableFuture@3bf43bea[Not completed]
2019-09-26 10:07:22,229 [pool-703-thread-1] INFO  impl.RaftServerImpl (RaftServerImpl.java:<init>(95)) - bec07a0c-a0ea-4ddf-8714-f8e80b4d678f: new RaftServerImpl for group-8D4A2604E7DE:[bec07a0c-a0ea-4ddf-8714-f8e80b4d678f:192.168.30.13:42402] with ContainerStateMachine:uninitialized
2019-09-26 10:07:22,229 [pool-703-thread-1] INFO  server.RaftServerConfigKeys (ConfUtils.java:logGet(43)) - raft.server.rpc.timeout.min = 5s (custom)
2019-09-26 10:07:22,230 [pool-703-thread-1] INFO  server.RaftServerConfigKeys (ConfUtils.java:logGet(43)) - raft.server.rpc.timeout.max = 5200ms (custom)
2019-09-26 10:07:22,230 [pool-703-thread-1] INFO  server.RaftServerConfigKeys (ConfUtils.java:logGet(43)) - raft.server.rpcslowness.timeout = 120s (custom)
2019-09-26 10:07:22,230 [pool-703-thread-1] INFO  server.RaftServerConfigKeys (ConfUtils.java:logGet(43)) - raft.server.sleep.deviation.threshold = 300 (default)
2019-09-26 10:07:22,230 [pool-703-thread-1] INFO  server.RaftServerConfigKeys (ConfUtils.java:logGet(43)) - raft.server.log.appender.install.snapshot.enabled = false (custom)
2019-09-26 10:07:22,230 [pool-703-thread-1] INFO  impl.RaftServerImpl (ServerState.java:<init>(103)) - bec07a0c-a0ea-4ddf-8714-f8e80b4d678f@group-8D4A2604E7DE: ConfigurationManager, init=-1: [bec07a0c-a0ea-4ddf-8714-f8e80b4d678f:192.168.30.13:42402], old=null, confs=<EMPTY_MAP>
2019-09-26 10:07:22,230 [pool-703-thread-1] INFO  server.RaftServerConfigKeys (ConfUtils.java:logGet(43)) - raft.server.storage.dir = [/workdir/hadoop-ozone/integration-test/target/test-dir/MiniOzoneClusterImpl-af826fcf-2e4c-4099-bed4-c1b0f0495924/datanode-3/data/ratis] (custom)
2019-09-26 10:07:22,230 [pool-703-thread-1] INFO  storage.RaftStorageDirectory (RaftStorageDirectory.java:analyzeStorage(246)) - The storage directory /workdir/hadoop-ozone/integration-test/target/test-dir/MiniOzoneClusterImpl-af826fcf-2e4c-4099-bed4-c1b0f0495924/datanode-3/data/ratis/9ce3dd22-7c0d-481e-94dc-8d4a2604e7de does not exist. Creating ...
2019-09-26 10:07:22,243 [pool-703-thread-1] INFO  storage.RaftStorageDirectory (RaftStorageDirectory.java:tryLock(328)) - Lock on /workdir/hadoop-ozone/integration-test/target/test-dir/MiniOzoneClusterImpl-af826fcf-2e4c-4099-bed4-c1b0f0495924/datanode-3/data/ratis/9ce3dd22-7c0d-481e-94dc-8d4a2604e7de/in_use.lock acquired by nodename 19604@pr-hdds-1569-wvzgm-824869521
2019-09-26 10:07:22,280 [pool-703-thread-1] INFO  storage.RaftStorage (RaftStorage.java:format(72)) - Storage directory /workdir/hadoop-ozone/integration-test/target/test-dir/MiniOzoneClusterImpl-af826fcf-2e4c-4099-bed4-c1b0f0495924/datanode-3/data/ratis/9ce3dd22-7c0d-481e-94dc-8d4a2604e7de has been successfully formatted.
2019-09-26 10:07:22,280 [pool-703-thread-1] INFO  ratis.ContainerStateMachine (ContainerStateMachine.java:loadSnapshot(230)) - group-8D4A2604E7DE: The snapshot info is null. Setting the last applied indexto:(t:0, i:~)
2019-09-26 10:07:22,280 [pool-703-thread-1] INFO  server.RaftServerConfigKeys (ConfUtils.java:logGet(43)) - raft.server.notification.no-leader.timeout = 120s (custom)
2019-09-26 10:07:22,280 [pool-703-thread-1] INFO  server.RaftServerConfigKeys (ConfUtils.java:logGet(43)) - raft.server.log.use.memory = false (default)
2019-09-26 10:07:22,281 [pool-703-thread-1] INFO  server.RaftServerConfigKeys (ConfUtils.java:logGet(43)) - raft.server.log.purge.gap = 1000000 (custom)
2019-09-26 10:07:22,281 [pool-703-thread-1] INFO  server.RaftServerConfigKeys (ConfUtils.java:logGet(43)) - raft.server.log.appender.buffer.byte-limit = 33554432 (custom)
2019-09-26 10:07:22,281 [pool-703-thread-1] INFO  server.RaftServerConfigKeys (ConfUtils.java:logGet(43)) - raft.server.log.segment.size.max = 1048576 (custom)
2019-09-26 10:07:22,281 [pool-703-thread-1] INFO  server.RaftServerConfigKeys (ConfUtils.java:logGet(43)) - raft.server.log.segment.cache.num.max = 2 (custom)
2019-09-26 10:07:22,281 [pool-703-thread-1] INFO  segmented.SegmentedRaftLogWorker (SegmentedRaftLogWorker.java:<init>(172)) - new bec07a0c-a0ea-4ddf-8714-f8e80b4d678f@group-8D4A2604E7DE-SegmentedRaftLogWorker for RaftStorage:Storage Directory /workdir/hadoop-ozone/integration-test/target/test-dir/MiniOzoneClusterImpl-af826fcf-2e4c-4099-bed4-c1b0f0495924/datanode-3/data/ratis/9ce3dd22-7c0d-481e-94dc-8d4a2604e7de
2019-09-26 10:07:22,281 [pool-703-thread-1] INFO  server.RaftServerConfigKeys (ConfUtils.java:logGet(43)) - raft.server.log.queue.byte-limit = 2147483647 (custom)
2019-09-26 10:07:22,281 [pool-703-thread-1] INFO  server.RaftServerConfigKeys (ConfUtils.java:logGet(43)) - raft.server.log.queue.element-limit = 1024 (custom)
2019-09-26 10:07:22,282 [pool-703-thread-1] INFO  server.RaftServerConfigKeys (ConfUtils.java:logGet(43)) - raft.server.log.segment.size.max = 1048576 (custom)
2019-09-26 10:07:22,282 [pool-703-thread-1] INFO  server.RaftServerConfigKeys (ConfUtils.java:logGet(43)) - raft.server.log.preallocated.size = 16384 (custom)
2019-09-26 10:07:22,282 [pool-703-thread-1] INFO  server.RaftServerConfigKeys (ConfUtils.java:logGet(43)) - raft.server.log.write.buffer.size = 33554432 (custom)
2019-09-26 10:07:22,282 [pool-703-thread-1] INFO  server.RaftServerConfigKeys (ConfUtils.java:logGet(43)) - raft.server.log.force.sync.num = 128 (default)
2019-09-26 10:07:22,282 [pool-703-thread-1] INFO  server.RaftServerConfigKeys (ConfUtils.java:logGet(43)) - raft.server.log.statemachine.data.sync = true (default)
2019-09-26 10:07:22,282 [pool-703-thread-1] INFO  server.RaftServerConfigKeys (ConfUtils.java:logGet(43)) - raft.server.log.statemachine.data.sync.timeout = 10s (default)
2019-09-26 10:07:22,282 [pool-703-thread-1] INFO  server.RaftServerConfigKeys (ConfUtils.java:logGet(43)) - raft.server.log.statemachine.data.sync.timeout.retry = -1 (default)
2019-09-26 10:07:22,283 [pool-703-thread-1] INFO  server.RaftServerConfigKeys (ConfUtils.java:logGet(43)) - raft.server.log.statemachine.data.caching.enabled = true (custom)
2019-09-26 10:07:22,283 [pool-703-thread-1] INFO  segmented.SegmentedRaftLogWorker (SegmentedRaftLogWorker.java:lambda$new$0(132)) - bec07a0c-a0ea-4ddf-8714-f8e80b4d678f@group-8D4A2604E7DE-SegmentedRaftLogWorker: flushIndex: setUnconditionally 0 -> -1
2019-09-26 10:07:22,283 [pool-703-thread-1] INFO  server.RaftServerConfigKeys (ConfUtils.java:logGet(43)) - raft.server.snapshot.auto.trigger.enabled = true (custom)
2019-09-26 10:07:22,283 [pool-703-thread-1] INFO  server.RaftServerConfigKeys (ConfUtils.java:logGet(43)) - raft.server.snapshot.auto.trigger.threshold = 10000 (custom)
2019-09-26 10:07:22,283 [pool-703-thread-1] INFO  server.RaftServerConfigKeys (ConfUtils.java:logGet(43)) - raft.server.snapshot.retention.num.files = 5 (custom)
2019-09-26 10:07:22,284 [pool-703-thread-1] INFO  server.RaftServerConfigKeys (ConfUtils.java:logGet(43)) - raft.server.retrycache.expirytime = 600000ms (custom)
2019-09-26 10:07:22,285 [pool-703-thread-1] INFO  impl.RaftServerImpl (RaftServerImpl.java:start(185)) - bec07a0c-a0ea-4ddf-8714-f8e80b4d678f@group-8D4A2604E7DE: start as a follower, conf=-1: [bec07a0c-a0ea-4ddf-8714-f8e80b4d678f:192.168.30.13:42402], old=null
2019-09-26 10:07:22,286 [pool-703-thread-1] INFO  impl.RaftServerImpl (RaftServerImpl.java:setRole(174)) - bec07a0c-a0ea-4ddf-8714-f8e80b4d678f@group-8D4A2604E7DE: changes role from      null to FOLLOWER at term 0 for startAsFollower
2019-09-26 10:07:22,286 [pool-703-thread-1] INFO  impl.RoleInfo (RoleInfo.java:updateAndGet(143)) - bec07a0c-a0ea-4ddf-8714-f8e80b4d678f: start FollowerState
2019-09-26 10:07:22,286 [pool-703-thread-1] INFO  util.JmxRegister (JmxRegister.java:tryRegister(44)) - Successfully registered JMX Bean with object name Ratis:service=RaftServer,group=group-8D4A2604E7DE,id=bec07a0c-a0ea-4ddf-8714-f8e80b4d678f
2019-09-26 10:07:22,288 [RatisPipelineUtilsThread] INFO  pipeline.PipelineStateManager (PipelineStateManager.java:addPipeline(56)) - Created pipeline Pipeline[ Id: 9ce3dd22-7c0d-481e-94dc-8d4a2604e7de, Nodes: bec07a0c-a0ea-4ddf-8714-f8e80b4d678f{ip: 192.168.30.13, host: pr-hdds-1569-wvzgm-824869521, networkLocation: /default-rack, certSerialId: null}, Type:RATIS, Factor:ONE, State:OPEN]
2019-09-26 10:07:22,288 [RatisPipelineUtilsThread] INFO  pipeline.PipelinePlacementPolicy (PipelinePlacementPolicy.java:meetCriteria(91)) - Pipeline Placement: can't place more pipeline on heavy datanode： 9c045c9c-ba1f-4aea-ae51-5b8bdd601291 Heaviness: 6 limit: 5
2019-09-26 10:07:22,293 [grpc-default-executor-1] INFO  impl.RaftServerProxy (RaftServerProxy.java:addNew(89)) - bec07a0c-a0ea-4ddf-8714-f8e80b4d678f: addNew group-6B68B34C7C60:[bec07a0c-a0ea-4ddf-8714-f8e80b4d678f:192.168.30.13:42402] returns group-6B68B34C7C60:java.util.concurrent.CompletableFuture@245ba03[Not completed]
2019-09-26 10:07:22,294 [pool-703-thread-1] INFO  impl.RaftServerImpl (RaftServerImpl.java:<init>(95)) - bec07a0c-a0ea-4ddf-8714-f8e80b4d678f: new RaftServerImpl for group-6B68B34C7C60:[bec07a0c-a0ea-4ddf-8714-f8e80b4d678f:192.168.30.13:42402] with ContainerStateMachine:uninitialized
2019-09-26 10:07:22,294 [pool-703-thread-1] INFO  server.RaftServerConfigKeys (ConfUtils.java:logGet(43)) - raft.server.rpc.timeout.min = 5s (custom)
2019-09-26 10:07:22,294 [pool-703-thread-1] INFO  server.RaftServerConfigKeys (ConfUtils.java:logGet(43)) - raft.server.rpc.timeout.max = 5200ms (custom)
2019-09-26 10:07:22,294 [pool-703-thread-1] INFO  server.RaftServerConfigKeys (ConfUtils.java:logGet(43)) - raft.server.rpcslowness.timeout = 120s (custom)
2019-09-26 10:07:22,294 [pool-703-thread-1] INFO  server.RaftServerConfigKeys (ConfUtils.java:logGet(43)) - raft.server.sleep.deviation.threshold = 300 (default)
2019-09-26 10:07:22,295 [pool-703-thread-1] INFO  server.RaftServerConfigKeys (ConfUtils.java:logGet(43)) - raft.server.log.appender.install.snapshot.enabled = false (custom)
2019-09-26 10:07:22,295 [pool-703-thread-1] INFO  impl.RaftServerImpl (ServerState.java:<init>(103)) - bec07a0c-a0ea-4ddf-8714-f8e80b4d678f@group-6B68B34C7C60: ConfigurationManager, init=-1: [bec07a0c-a0ea-4ddf-8714-f8e80b4d678f:192.168.30.13:42402], old=null, confs=<EMPTY_MAP>
2019-09-26 10:07:22,295 [pool-703-thread-1] INFO  server.RaftServerConfigKeys (ConfUtils.java:logGet(43)) - raft.server.storage.dir = [/workdir/hadoop-ozone/integration-test/target/test-dir/MiniOzoneClusterImpl-af826fcf-2e4c-4099-bed4-c1b0f0495924/datanode-3/data/ratis] (custom)
2019-09-26 10:07:22,295 [pool-703-thread-1] INFO  storage.RaftStorageDirectory (RaftStorageDirectory.java:analyzeStorage(246)) - The storage directory /workdir/hadoop-ozone/integration-test/target/test-dir/MiniOzoneClusterImpl-af826fcf-2e4c-4099-bed4-c1b0f0495924/datanode-3/data/ratis/c71bc32c-846b-4e90-812f-6b68b34c7c60 does not exist. Creating ...
2019-09-26 10:07:22,320 [pool-703-thread-1] INFO  storage.RaftStorageDirectory (RaftStorageDirectory.java:tryLock(328)) - Lock on /workdir/hadoop-ozone/integration-test/target/test-dir/MiniOzoneClusterImpl-af826fcf-2e4c-4099-bed4-c1b0f0495924/datanode-3/data/ratis/c71bc32c-846b-4e90-812f-6b68b34c7c60/in_use.lock acquired by nodename 19604@pr-hdds-1569-wvzgm-824869521
2019-09-26 10:07:22,333 [pool-703-thread-1] INFO  storage.RaftStorage (RaftStorage.java:format(72)) - Storage directory /workdir/hadoop-ozone/integration-test/target/test-dir/MiniOzoneClusterImpl-af826fcf-2e4c-4099-bed4-c1b0f0495924/datanode-3/data/ratis/c71bc32c-846b-4e90-812f-6b68b34c7c60 has been successfully formatted.
2019-09-26 10:07:22,334 [pool-703-thread-1] INFO  ratis.ContainerStateMachine (ContainerStateMachine.java:loadSnapshot(230)) - group-6B68B34C7C60: The snapshot info is null. Setting the last applied indexto:(t:0, i:~)
2019-09-26 10:07:22,334 [pool-703-thread-1] INFO  server.RaftServerConfigKeys (ConfUtils.java:logGet(43)) - raft.server.notification.no-leader.timeout = 120s (custom)
2019-09-26 10:07:22,334 [pool-703-thread-1] INFO  server.RaftServerConfigKeys (ConfUtils.java:logGet(43)) - raft.server.log.use.memory = false (default)
2019-09-26 10:07:22,334 [pool-703-thread-1] INFO  server.RaftServerConfigKeys (ConfUtils.java:logGet(43)) - raft.server.log.purge.gap = 1000000 (custom)
2019-09-26 10:07:22,334 [pool-703-thread-1] INFO  server.RaftServerConfigKeys (ConfUtils.java:logGet(43)) - raft.server.log.appender.buffer.byte-limit = 33554432 (custom)
2019-09-26 10:07:22,334 [pool-703-thread-1] INFO  server.RaftServerConfigKeys (ConfUtils.java:logGet(43)) - raft.server.log.segment.size.max = 1048576 (custom)
2019-09-26 10:07:22,334 [pool-703-thread-1] INFO  server.RaftServerConfigKeys (ConfUtils.java:logGet(43)) - raft.server.log.segment.cache.num.max = 2 (custom)
2019-09-26 10:07:22,335 [pool-703-thread-1] INFO  segmented.SegmentedRaftLogWorker (SegmentedRaftLogWorker.java:<init>(172)) - new bec07a0c-a0ea-4ddf-8714-f8e80b4d678f@group-6B68B34C7C60-SegmentedRaftLogWorker for RaftStorage:Storage Directory /workdir/hadoop-ozone/integration-test/target/test-dir/MiniOzoneClusterImpl-af826fcf-2e4c-4099-bed4-c1b0f0495924/datanode-3/data/ratis/c71bc32c-846b-4e90-812f-6b68b34c7c60
2019-09-26 10:07:22,335 [pool-703-thread-1] INFO  server.RaftServerConfigKeys (ConfUtils.java:logGet(43)) - raft.server.log.queue.byte-limit = 2147483647 (custom)
2019-09-26 10:07:22,335 [pool-703-thread-1] INFO  server.RaftServerConfigKeys (ConfUtils.java:logGet(43)) - raft.server.log.queue.element-limit = 1024 (custom)
2019-09-26 10:07:22,335 [pool-703-thread-1] INFO  server.RaftServerConfigKeys (ConfUtils.java:logGet(43)) - raft.server.log.segment.size.max = 1048576 (custom)
2019-09-26 10:07:22,335 [pool-703-thread-1] INFO  server.RaftServerConfigKeys (ConfUtils.java:logGet(43)) - raft.server.log.preallocated.size = 16384 (custom)
2019-09-26 10:07:22,336 [pool-703-thread-1] INFO  server.RaftServerConfigKeys (ConfUtils.java:logGet(43)) - raft.server.log.write.buffer.size = 33554432 (custom)
2019-09-26 10:07:22,336 [pool-703-thread-1] INFO  server.RaftServerConfigKeys (ConfUtils.java:logGet(43)) - raft.server.log.force.sync.num = 128 (default)
2019-09-26 10:07:22,336 [pool-703-thread-1] INFO  server.RaftServerConfigKeys (ConfUtils.java:logGet(43)) - raft.server.log.statemachine.data.sync = true (default)
2019-09-26 10:07:22,336 [pool-703-thread-1] INFO  server.RaftServerConfigKeys (ConfUtils.java:logGet(43)) - raft.server.log.statemachine.data.sync.timeout = 10s (default)
2019-09-26 10:07:22,336 [pool-703-thread-1] INFO  server.RaftServerConfigKeys (ConfUtils.java:logGet(43)) - raft.server.log.statemachine.data.sync.timeout.retry = -1 (default)
2019-09-26 10:07:22,336 [pool-703-thread-1] INFO  server.RaftServerConfigKeys (ConfUtils.java:logGet(43)) - raft.server.log.statemachine.data.caching.enabled = true (custom)
2019-09-26 10:07:22,337 [pool-703-thread-1] INFO  segmented.SegmentedRaftLogWorker (SegmentedRaftLogWorker.java:lambda$new$0(132)) - bec07a0c-a0ea-4ddf-8714-f8e80b4d678f@group-6B68B34C7C60-SegmentedRaftLogWorker: flushIndex: setUnconditionally 0 -> -1
2019-09-26 10:07:22,337 [pool-703-thread-1] INFO  server.RaftServerConfigKeys (ConfUtils.java:logGet(43)) - raft.server.snapshot.auto.trigger.enabled = true (custom)
2019-09-26 10:07:22,337 [pool-703-thread-1] INFO  server.RaftServerConfigKeys (ConfUtils.java:logGet(43)) - raft.server.snapshot.auto.trigger.threshold = 10000 (custom)
2019-09-26 10:07:22,337 [pool-703-thread-1] INFO  server.RaftServerConfigKeys (ConfUtils.java:logGet(43)) - raft.server.snapshot.retention.num.files = 5 (custom)
2019-09-26 10:07:22,337 [pool-703-thread-1] INFO  server.RaftServerConfigKeys (ConfUtils.java:logGet(43)) - raft.server.retrycache.expirytime = 600000ms (custom)
2019-09-26 10:07:22,339 [pool-703-thread-1] INFO  impl.RaftServerImpl (RaftServerImpl.java:start(185)) - bec07a0c-a0ea-4ddf-8714-f8e80b4d678f@group-6B68B34C7C60: start as a follower, conf=-1: [bec07a0c-a0ea-4ddf-8714-f8e80b4d678f:192.168.30.13:42402], old=null
2019-09-26 10:07:22,339 [pool-703-thread-1] INFO  impl.RaftServerImpl (RaftServerImpl.java:setRole(174)) - bec07a0c-a0ea-4ddf-8714-f8e80b4d678f@group-6B68B34C7C60: changes role from      null to FOLLOWER at term 0 for startAsFollower
2019-09-26 10:07:22,340 [pool-703-thread-1] INFO  impl.RoleInfo (RoleInfo.java:updateAndGet(143)) - bec07a0c-a0ea-4ddf-8714-f8e80b4d678f: start FollowerState
2019-09-26 10:07:22,340 [pool-703-thread-1] INFO  util.JmxRegister (JmxRegister.java:tryRegister(44)) - Successfully registered JMX Bean with object name Ratis:service=RaftServer,group=group-6B68B34C7C60,id=bec07a0c-a0ea-4ddf-8714-f8e80b4d678f
2019-09-26 10:07:22,342 [RatisPipelineUtilsThread] INFO  pipeline.PipelineStateManager (PipelineStateManager.java:addPipeline(56)) - Created pipeline Pipeline[ Id: c71bc32c-846b-4e90-812f-6b68b34c7c60, Nodes: bec07a0c-a0ea-4ddf-8714-f8e80b4d678f{ip: 192.168.30.13, host: pr-hdds-1569-wvzgm-824869521, networkLocation: /default-rack, certSerialId: null}, Type:RATIS, Factor:ONE, State:OPEN]
2019-09-26 10:07:22,343 [RatisPipelineUtilsThread] INFO  pipeline.PipelinePlacementPolicy (PipelinePlacementPolicy.java:meetCriteria(91)) - Pipeline Placement: can't place more pipeline on heavy datanode： 9c045c9c-ba1f-4aea-ae51-5b8bdd601291 Heaviness: 6 limit: 5
2019-09-26 10:07:22,346 [grpc-default-executor-1] INFO  impl.RaftServerProxy (RaftServerProxy.java:addNew(89)) - bec07a0c-a0ea-4ddf-8714-f8e80b4d678f: addNew group-52792632C47D:[bec07a0c-a0ea-4ddf-8714-f8e80b4d678f:192.168.30.13:42402] returns group-52792632C47D:java.util.concurrent.CompletableFuture@520a9dad[Not completed]
2019-09-26 10:07:22,347 [pool-703-thread-1] INFO  impl.RaftServerImpl (RaftServerImpl.java:<init>(95)) - bec07a0c-a0ea-4ddf-8714-f8e80b4d678f: new RaftServerImpl for group-52792632C47D:[bec07a0c-a0ea-4ddf-8714-f8e80b4d678f:192.168.30.13:42402] with ContainerStateMachine:uninitialized
2019-09-26 10:07:22,347 [pool-703-thread-1] INFO  server.RaftServerConfigKeys (ConfUtils.java:logGet(43)) - raft.server.rpc.timeout.min = 5s (custom)
2019-09-26 10:07:22,347 [pool-703-thread-1] INFO  server.RaftServerConfigKeys (ConfUtils.java:logGet(43)) - raft.server.rpc.timeout.max = 5200ms (custom)
2019-09-26 10:07:22,347 [pool-703-thread-1] INFO  server.RaftServerConfigKeys (ConfUtils.java:logGet(43)) - raft.server.rpcslowness.timeout = 120s (custom)
2019-09-26 10:07:22,347 [pool-703-thread-1] INFO  server.RaftServerConfigKeys (ConfUtils.java:logGet(43)) - raft.server.sleep.deviation.threshold = 300 (default)
2019-09-26 10:07:22,348 [pool-703-thread-1] INFO  server.RaftServerConfigKeys (ConfUtils.java:logGet(43)) - raft.server.log.appender.install.snapshot.enabled = false (custom)
2019-09-26 10:07:22,348 [pool-703-thread-1] INFO  impl.RaftServerImpl (ServerState.java:<init>(103)) - bec07a0c-a0ea-4ddf-8714-f8e80b4d678f@group-52792632C47D: ConfigurationManager, init=-1: [bec07a0c-a0ea-4ddf-8714-f8e80b4d678f:192.168.30.13:42402], old=null, confs=<EMPTY_MAP>
2019-09-26 10:07:22,348 [pool-703-thread-1] INFO  server.RaftServerConfigKeys (ConfUtils.java:logGet(43)) - raft.server.storage.dir = [/workdir/hadoop-ozone/integration-test/target/test-dir/MiniOzoneClusterImpl-af826fcf-2e4c-4099-bed4-c1b0f0495924/datanode-3/data/ratis] (custom)
2019-09-26 10:07:22,348 [pool-703-thread-1] INFO  storage.RaftStorageDirectory (RaftStorageDirectory.java:analyzeStorage(246)) - The storage directory /workdir/hadoop-ozone/integration-test/target/test-dir/MiniOzoneClusterImpl-af826fcf-2e4c-4099-bed4-c1b0f0495924/datanode-3/data/ratis/25c88908-874b-410b-b81f-52792632c47d does not exist. Creating ...
2019-09-26 10:07:22,361 [pool-703-thread-1] INFO  storage.RaftStorageDirectory (RaftStorageDirectory.java:tryLock(328)) - Lock on /workdir/hadoop-ozone/integration-test/target/test-dir/MiniOzoneClusterImpl-af826fcf-2e4c-4099-bed4-c1b0f0495924/datanode-3/data/ratis/25c88908-874b-410b-b81f-52792632c47d/in_use.lock acquired by nodename 19604@pr-hdds-1569-wvzgm-824869521
2019-09-26 10:07:22,374 [pool-703-thread-1] INFO  storage.RaftStorage (RaftStorage.java:format(72)) - Storage directory /workdir/hadoop-ozone/integration-test/target/test-dir/MiniOzoneClusterImpl-af826fcf-2e4c-4099-bed4-c1b0f0495924/datanode-3/data/ratis/25c88908-874b-410b-b81f-52792632c47d has been successfully formatted.
2019-09-26 10:07:22,374 [pool-703-thread-1] INFO  ratis.ContainerStateMachine (ContainerStateMachine.java:loadSnapshot(230)) - group-52792632C47D: The snapshot info is null. Setting the last applied indexto:(t:0, i:~)
2019-09-26 10:07:22,374 [pool-703-thread-1] INFO  server.RaftServerConfigKeys (ConfUtils.java:logGet(43)) - raft.server.notification.no-leader.timeout = 120s (custom)
2019-09-26 10:07:22,374 [pool-703-thread-1] INFO  server.RaftServerConfigKeys (ConfUtils.java:logGet(43)) - raft.server.log.use.memory = false (default)
2019-09-26 10:07:22,375 [pool-703-thread-1] INFO  server.RaftServerConfigKeys (ConfUtils.java:logGet(43)) - raft.server.log.purge.gap = 1000000 (custom)
2019-09-26 10:07:22,375 [pool-703-thread-1] INFO  server.RaftServerConfigKeys (ConfUtils.java:logGet(43)) - raft.server.log.appender.buffer.byte-limit = 33554432 (custom)
2019-09-26 10:07:22,375 [pool-703-thread-1] INFO  server.RaftServerConfigKeys (ConfUtils.java:logGet(43)) - raft.server.log.segment.size.max = 1048576 (custom)
2019-09-26 10:07:22,375 [pool-703-thread-1] INFO  server.RaftServerConfigKeys (ConfUtils.java:logGet(43)) - raft.server.log.segment.cache.num.max = 2 (custom)
2019-09-26 10:07:22,375 [pool-703-thread-1] INFO  segmented.SegmentedRaftLogWorker (SegmentedRaftLogWorker.java:<init>(172)) - new bec07a0c-a0ea-4ddf-8714-f8e80b4d678f@group-52792632C47D-SegmentedRaftLogWorker for RaftStorage:Storage Directory /workdir/hadoop-ozone/integration-test/target/test-dir/MiniOzoneClusterImpl-af826fcf-2e4c-4099-bed4-c1b0f0495924/datanode-3/data/ratis/25c88908-874b-410b-b81f-52792632c47d
2019-09-26 10:07:22,375 [pool-703-thread-1] INFO  server.RaftServerConfigKeys (ConfUtils.java:logGet(43)) - raft.server.log.queue.byte-limit = 2147483647 (custom)
2019-09-26 10:07:22,376 [pool-703-thread-1] INFO  server.RaftServerConfigKeys (ConfUtils.java:logGet(43)) - raft.server.log.queue.element-limit = 1024 (custom)
2019-09-26 10:07:22,376 [pool-703-thread-1] INFO  server.RaftServerConfigKeys (ConfUtils.java:logGet(43)) - raft.server.log.segment.size.max = 1048576 (custom)
2019-09-26 10:07:22,376 [pool-703-thread-1] INFO  server.RaftServerConfigKeys (ConfUtils.java:logGet(43)) - raft.server.log.preallocated.size = 16384 (custom)
2019-09-26 10:07:22,376 [pool-703-thread-1] INFO  server.RaftServerConfigKeys (ConfUtils.java:logGet(43)) - raft.server.log.write.buffer.size = 33554432 (custom)
2019-09-26 10:07:22,376 [pool-703-thread-1] INFO  server.RaftServerConfigKeys (ConfUtils.java:logGet(43)) - raft.server.log.force.sync.num = 128 (default)
2019-09-26 10:07:22,376 [pool-703-thread-1] INFO  server.RaftServerConfigKeys (ConfUtils.java:logGet(43)) - raft.server.log.statemachine.data.sync = true (default)
2019-09-26 10:07:22,376 [pool-703-thread-1] INFO  server.RaftServerConfigKeys (ConfUtils.java:logGet(43)) - raft.server.log.statemachine.data.sync.timeout = 10s (default)
2019-09-26 10:07:22,377 [pool-703-thread-1] INFO  server.RaftServerConfigKeys (ConfUtils.java:logGet(43)) - raft.server.log.statemachine.data.sync.timeout.retry = -1 (default)
2019-09-26 10:07:22,377 [pool-703-thread-1] INFO  server.RaftServerConfigKeys (ConfUtils.java:logGet(43)) - raft.server.log.statemachine.data.caching.enabled = true (custom)
2019-09-26 10:07:22,377 [pool-703-thread-1] INFO  segmented.SegmentedRaftLogWorker (SegmentedRaftLogWorker.java:lambda$new$0(132)) - bec07a0c-a0ea-4ddf-8714-f8e80b4d678f@group-52792632C47D-SegmentedRaftLogWorker: flushIndex: setUnconditionally 0 -> -1
2019-09-26 10:07:22,377 [pool-703-thread-1] INFO  server.RaftServerConfigKeys (ConfUtils.java:logGet(43)) - raft.server.snapshot.auto.trigger.enabled = true (custom)
2019-09-26 10:07:22,378 [pool-703-thread-1] INFO  server.RaftServerConfigKeys (ConfUtils.java:logGet(43)) - raft.server.snapshot.auto.trigger.threshold = 10000 (custom)
2019-09-26 10:07:22,378 [pool-703-thread-1] INFO  server.RaftServerConfigKeys (ConfUtils.java:logGet(43)) - raft.server.snapshot.retention.num.files = 5 (custom)
2019-09-26 10:07:22,378 [pool-703-thread-1] INFO  server.RaftServerConfigKeys (ConfUtils.java:logGet(43)) - raft.server.retrycache.expirytime = 600000ms (custom)
2019-09-26 10:07:22,380 [pool-703-thread-1] INFO  impl.RaftServerImpl (RaftServerImpl.java:start(185)) - bec07a0c-a0ea-4ddf-8714-f8e80b4d678f@group-52792632C47D: start as a follower, conf=-1: [bec07a0c-a0ea-4ddf-8714-f8e80b4d678f:192.168.30.13:42402], old=null
2019-09-26 10:07:22,380 [pool-703-thread-1] INFO  impl.RaftServerImpl (RaftServerImpl.java:setRole(174)) - bec07a0c-a0ea-4ddf-8714-f8e80b4d678f@group-52792632C47D: changes role from      null to FOLLOWER at term 0 for startAsFollower
2019-09-26 10:07:22,380 [pool-703-thread-1] INFO  impl.RoleInfo (RoleInfo.java:updateAndGet(143)) - bec07a0c-a0ea-4ddf-8714-f8e80b4d678f: start FollowerState
2019-09-26 10:07:22,380 [pool-703-thread-1] INFO  util.JmxRegister (JmxRegister.java:tryRegister(44)) - Successfully registered JMX Bean with object name Ratis:service=RaftServer,group=group-52792632C47D,id=bec07a0c-a0ea-4ddf-8714-f8e80b4d678f
2019-09-26 10:07:22,382 [RatisPipelineUtilsThread] INFO  pipeline.PipelineStateManager (PipelineStateManager.java:addPipeline(56)) - Created pipeline Pipeline[ Id: 25c88908-874b-410b-b81f-52792632c47d, Nodes: bec07a0c-a0ea-4ddf-8714-f8e80b4d678f{ip: 192.168.30.13, host: pr-hdds-1569-wvzgm-824869521, networkLocation: /default-rack, certSerialId: null}, Type:RATIS, Factor:ONE, State:OPEN]
2019-09-26 10:07:22,383 [RatisPipelineUtilsThread] INFO  pipeline.PipelinePlacementPolicy (PipelinePlacementPolicy.java:meetCriteria(91)) - Pipeline Placement: can't place more pipeline on heavy datanode： 9c045c9c-ba1f-4aea-ae51-5b8bdd601291 Heaviness: 6 limit: 5
2019-09-26 10:07:22,386 [grpc-default-executor-1] INFO  impl.RaftServerProxy (RaftServerProxy.java:addNew(89)) - bec07a0c-a0ea-4ddf-8714-f8e80b4d678f: addNew group-434F9C7C5A2D:[bec07a0c-a0ea-4ddf-8714-f8e80b4d678f:192.168.30.13:42402] returns group-434F9C7C5A2D:java.util.concurrent.CompletableFuture@11575719[Not completed]
2019-09-26 10:07:22,387 [pool-703-thread-1] INFO  impl.RaftServerImpl (RaftServerImpl.java:<init>(95)) - bec07a0c-a0ea-4ddf-8714-f8e80b4d678f: new RaftServerImpl for group-434F9C7C5A2D:[bec07a0c-a0ea-4ddf-8714-f8e80b4d678f:192.168.30.13:42402] with ContainerStateMachine:uninitialized
2019-09-26 10:07:22,387 [pool-703-thread-1] INFO  server.RaftServerConfigKeys (ConfUtils.java:logGet(43)) - raft.server.rpc.timeout.min = 5s (custom)
2019-09-26 10:07:22,387 [pool-703-thread-1] INFO  server.RaftServerConfigKeys (ConfUtils.java:logGet(43)) - raft.server.rpc.timeout.max = 5200ms (custom)
2019-09-26 10:07:22,387 [pool-703-thread-1] INFO  server.RaftServerConfigKeys (ConfUtils.java:logGet(43)) - raft.server.rpcslowness.timeout = 120s (custom)
2019-09-26 10:07:22,387 [pool-703-thread-1] INFO  server.RaftServerConfigKeys (ConfUtils.java:logGet(43)) - raft.server.sleep.deviation.threshold = 300 (default)
2019-09-26 10:07:22,387 [pool-703-thread-1] INFO  server.RaftServerConfigKeys (ConfUtils.java:logGet(43)) - raft.server.log.appender.install.snapshot.enabled = false (custom)
2019-09-26 10:07:22,388 [pool-703-thread-1] INFO  impl.RaftServerImpl (ServerState.java:<init>(103)) - bec07a0c-a0ea-4ddf-8714-f8e80b4d678f@group-434F9C7C5A2D: ConfigurationManager, init=-1: [bec07a0c-a0ea-4ddf-8714-f8e80b4d678f:192.168.30.13:42402], old=null, confs=<EMPTY_MAP>
2019-09-26 10:07:22,388 [pool-703-thread-1] INFO  server.RaftServerConfigKeys (ConfUtils.java:logGet(43)) - raft.server.storage.dir = [/workdir/hadoop-ozone/integration-test/target/test-dir/MiniOzoneClusterImpl-af826fcf-2e4c-4099-bed4-c1b0f0495924/datanode-3/data/ratis] (custom)
2019-09-26 10:07:22,388 [pool-703-thread-1] INFO  storage.RaftStorageDirectory (RaftStorageDirectory.java:analyzeStorage(246)) - The storage directory /workdir/hadoop-ozone/integration-test/target/test-dir/MiniOzoneClusterImpl-af826fcf-2e4c-4099-bed4-c1b0f0495924/datanode-3/data/ratis/ad4b20e6-386a-42ad-b35a-434f9c7c5a2d does not exist. Creating ...
2019-09-26 10:07:22,401 [pool-703-thread-1] INFO  storage.RaftStorageDirectory (RaftStorageDirectory.java:tryLock(328)) - Lock on /workdir/hadoop-ozone/integration-test/target/test-dir/MiniOzoneClusterImpl-af826fcf-2e4c-4099-bed4-c1b0f0495924/datanode-3/data/ratis/ad4b20e6-386a-42ad-b35a-434f9c7c5a2d/in_use.lock acquired by nodename 19604@pr-hdds-1569-wvzgm-824869521
2019-09-26 10:07:22,414 [pool-703-thread-1] INFO  storage.RaftStorage (RaftStorage.java:format(72)) - Storage directory /workdir/hadoop-ozone/integration-test/target/test-dir/MiniOzoneClusterImpl-af826fcf-2e4c-4099-bed4-c1b0f0495924/datanode-3/data/ratis/ad4b20e6-386a-42ad-b35a-434f9c7c5a2d has been successfully formatted.
2019-09-26 10:07:22,414 [pool-703-thread-1] INFO  ratis.ContainerStateMachine (ContainerStateMachine.java:loadSnapshot(230)) - group-434F9C7C5A2D: The snapshot info is null. Setting the last applied indexto:(t:0, i:~)
2019-09-26 10:07:22,414 [pool-703-thread-1] INFO  server.RaftServerConfigKeys (ConfUtils.java:logGet(43)) - raft.server.notification.no-leader.timeout = 120s (custom)
2019-09-26 10:07:22,414 [pool-703-thread-1] INFO  server.RaftServerConfigKeys (ConfUtils.java:logGet(43)) - raft.server.log.use.memory = false (default)
2019-09-26 10:07:22,415 [pool-703-thread-1] INFO  server.RaftServerConfigKeys (ConfUtils.java:logGet(43)) - raft.server.log.purge.gap = 1000000 (custom)
2019-09-26 10:07:22,415 [pool-703-thread-1] INFO  server.RaftServerConfigKeys (ConfUtils.java:logGet(43)) - raft.server.log.appender.buffer.byte-limit = 33554432 (custom)
2019-09-26 10:07:22,415 [pool-703-thread-1] INFO  server.RaftServerConfigKeys (ConfUtils.java:logGet(43)) - raft.server.log.segment.size.max = 1048576 (custom)
2019-09-26 10:07:22,415 [pool-703-thread-1] INFO  server.RaftServerConfigKeys (ConfUtils.java:logGet(43)) - raft.server.log.segment.cache.num.max = 2 (custom)
2019-09-26 10:07:22,415 [pool-703-thread-1] INFO  segmented.SegmentedRaftLogWorker (SegmentedRaftLogWorker.java:<init>(172)) - new bec07a0c-a0ea-4ddf-8714-f8e80b4d678f@group-434F9C7C5A2D-SegmentedRaftLogWorker for RaftStorage:Storage Directory /workdir/hadoop-ozone/integration-test/target/test-dir/MiniOzoneClusterImpl-af826fcf-2e4c-4099-bed4-c1b0f0495924/datanode-3/data/ratis/ad4b20e6-386a-42ad-b35a-434f9c7c5a2d
2019-09-26 10:07:22,415 [pool-703-thread-1] INFO  server.RaftServerConfigKeys (ConfUtils.java:logGet(43)) - raft.server.log.queue.byte-limit = 2147483647 (custom)
2019-09-26 10:07:22,415 [pool-703-thread-1] INFO  server.RaftServerConfigKeys (ConfUtils.java:logGet(43)) - raft.server.log.queue.element-limit = 1024 (custom)
2019-09-26 10:07:22,416 [pool-703-thread-1] INFO  server.RaftServerConfigKeys (ConfUtils.java:logGet(43)) - raft.server.log.segment.size.max = 1048576 (custom)
2019-09-26 10:07:22,416 [pool-703-thread-1] INFO  server.RaftServerConfigKeys (ConfUtils.java:logGet(43)) - raft.server.log.preallocated.size = 16384 (custom)
2019-09-26 10:07:22,416 [pool-703-thread-1] INFO  server.RaftServerConfigKeys (ConfUtils.java:logGet(43)) - raft.server.log.write.buffer.size = 33554432 (custom)
2019-09-26 10:07:22,416 [pool-703-thread-1] INFO  server.RaftServerConfigKeys (ConfUtils.java:logGet(43)) - raft.server.log.force.sync.num = 128 (default)
2019-09-26 10:07:22,416 [pool-703-thread-1] INFO  server.RaftServerConfigKeys (ConfUtils.java:logGet(43)) - raft.server.log.statemachine.data.sync = true (default)
2019-09-26 10:07:22,416 [pool-703-thread-1] INFO  server.RaftServerConfigKeys (ConfUtils.java:logGet(43)) - raft.server.log.statemachine.data.sync.timeout = 10s (default)
2019-09-26 10:07:22,416 [pool-703-thread-1] INFO  server.RaftServerConfigKeys (ConfUtils.java:logGet(43)) - raft.server.log.statemachine.data.sync.timeout.retry = -1 (default)
2019-09-26 10:07:22,417 [pool-703-thread-1] INFO  server.RaftServerConfigKeys (ConfUtils.java:logGet(43)) - raft.server.log.statemachine.data.caching.enabled = true (custom)
2019-09-26 10:07:22,417 [pool-703-thread-1] INFO  segmented.SegmentedRaftLogWorker (SegmentedRaftLogWorker.java:lambda$new$0(132)) - bec07a0c-a0ea-4ddf-8714-f8e80b4d678f@group-434F9C7C5A2D-SegmentedRaftLogWorker: flushIndex: setUnconditionally 0 -> -1
2019-09-26 10:07:22,417 [pool-703-thread-1] INFO  server.RaftServerConfigKeys (ConfUtils.java:logGet(43)) - raft.server.snapshot.auto.trigger.enabled = true (custom)
2019-09-26 10:07:22,417 [pool-703-thread-1] INFO  server.RaftServerConfigKeys (ConfUtils.java:logGet(43)) - raft.server.snapshot.auto.trigger.threshold = 10000 (custom)
2019-09-26 10:07:22,418 [pool-703-thread-1] INFO  server.RaftServerConfigKeys (ConfUtils.java:logGet(43)) - raft.server.snapshot.retention.num.files = 5 (custom)
2019-09-26 10:07:22,418 [pool-703-thread-1] INFO  server.RaftServerConfigKeys (ConfUtils.java:logGet(43)) - raft.server.retrycache.expirytime = 600000ms (custom)
2019-09-26 10:07:22,420 [pool-703-thread-1] INFO  impl.RaftServerImpl (RaftServerImpl.java:start(185)) - bec07a0c-a0ea-4ddf-8714-f8e80b4d678f@group-434F9C7C5A2D: start as a follower, conf=-1: [bec07a0c-a0ea-4ddf-8714-f8e80b4d678f:192.168.30.13:42402], old=null
2019-09-26 10:07:22,420 [pool-703-thread-1] INFO  impl.RaftServerImpl (RaftServerImpl.java:setRole(174)) - bec07a0c-a0ea-4ddf-8714-f8e80b4d678f@group-434F9C7C5A2D: changes role from      null to FOLLOWER at term 0 for startAsFollower
2019-09-26 10:07:22,420 [pool-703-thread-1] INFO  impl.RoleInfo (RoleInfo.java:updateAndGet(143)) - bec07a0c-a0ea-4ddf-8714-f8e80b4d678f: start FollowerState
2019-09-26 10:07:22,420 [pool-703-thread-1] INFO  util.JmxRegister (JmxRegister.java:tryRegister(44)) - Successfully registered JMX Bean with object name Ratis:service=RaftServer,group=group-434F9C7C5A2D,id=bec07a0c-a0ea-4ddf-8714-f8e80b4d678f
2019-09-26 10:07:22,423 [RatisPipelineUtilsThread] INFO  pipeline.PipelineStateManager (PipelineStateManager.java:addPipeline(56)) - Created pipeline Pipeline[ Id: ad4b20e6-386a-42ad-b35a-434f9c7c5a2d, Nodes: bec07a0c-a0ea-4ddf-8714-f8e80b4d678f{ip: 192.168.30.13, host: pr-hdds-1569-wvzgm-824869521, networkLocation: /default-rack, certSerialId: null}, Type:RATIS, Factor:ONE, State:OPEN]
2019-09-26 10:07:22,423 [RatisPipelineUtilsThread] INFO  pipeline.PipelinePlacementPolicy (PipelinePlacementPolicy.java:meetCriteria(91)) - Pipeline Placement: can't place more pipeline on heavy datanode： 9c045c9c-ba1f-4aea-ae51-5b8bdd601291 Heaviness: 6 limit: 5
2019-09-26 10:07:22,426 [grpc-default-executor-1] INFO  impl.RaftServerProxy (RaftServerProxy.java:addNew(89)) - 9cafecc4-59b7-45e3-9675-340d3e2c3fab: addNew group-243018DA8377:[9cafecc4-59b7-45e3-9675-340d3e2c3fab:192.168.30.13:33904] returns group-243018DA8377:java.util.concurrent.CompletableFuture@13ac137[Not completed]
2019-09-26 10:07:22,428 [pool-693-thread-1] INFO  impl.RaftServerImpl (RaftServerImpl.java:<init>(95)) - 9cafecc4-59b7-45e3-9675-340d3e2c3fab: new RaftServerImpl for group-243018DA8377:[9cafecc4-59b7-45e3-9675-340d3e2c3fab:192.168.30.13:33904] with ContainerStateMachine:uninitialized
2019-09-26 10:07:22,428 [pool-693-thread-1] INFO  server.RaftServerConfigKeys (ConfUtils.java:logGet(43)) - raft.server.rpc.timeout.min = 5s (custom)
2019-09-26 10:07:22,428 [pool-693-thread-1] INFO  server.RaftServerConfigKeys (ConfUtils.java:logGet(43)) - raft.server.rpc.timeout.max = 5200ms (custom)
2019-09-26 10:07:22,428 [pool-693-thread-1] INFO  server.RaftServerConfigKeys (ConfUtils.java:logGet(43)) - raft.server.rpcslowness.timeout = 120s (custom)
2019-09-26 10:07:22,428 [pool-693-thread-1] INFO  server.RaftServerConfigKeys (ConfUtils.java:logGet(43)) - raft.server.sleep.deviation.threshold = 300 (default)
2019-09-26 10:07:22,428 [pool-693-thread-1] INFO  server.RaftServerConfigKeys (ConfUtils.java:logGet(43)) - raft.server.log.appender.install.snapshot.enabled = false (custom)
2019-09-26 10:07:22,428 [pool-693-thread-1] INFO  impl.RaftServerImpl (ServerState.java:<init>(103)) - 9cafecc4-59b7-45e3-9675-340d3e2c3fab@group-243018DA8377: ConfigurationManager, init=-1: [9cafecc4-59b7-45e3-9675-340d3e2c3fab:192.168.30.13:33904], old=null, confs=<EMPTY_MAP>
2019-09-26 10:07:22,429 [pool-693-thread-1] INFO  server.RaftServerConfigKeys (ConfUtils.java:logGet(43)) - raft.server.storage.dir = [/workdir/hadoop-ozone/integration-test/target/test-dir/MiniOzoneClusterImpl-af826fcf-2e4c-4099-bed4-c1b0f0495924/datanode-2/data/ratis] (custom)
2019-09-26 10:07:22,429 [pool-693-thread-1] INFO  storage.RaftStorageDirectory (RaftStorageDirectory.java:analyzeStorage(246)) - The storage directory /workdir/hadoop-ozone/integration-test/target/test-dir/MiniOzoneClusterImpl-af826fcf-2e4c-4099-bed4-c1b0f0495924/datanode-2/data/ratis/e6ac5aa8-0fb8-40f0-9349-243018da8377 does not exist. Creating ...
2019-09-26 10:07:22,450 [pool-693-thread-1] INFO  storage.RaftStorageDirectory (RaftStorageDirectory.java:tryLock(328)) - Lock on /workdir/hadoop-ozone/integration-test/target/test-dir/MiniOzoneClusterImpl-af826fcf-2e4c-4099-bed4-c1b0f0495924/datanode-2/data/ratis/e6ac5aa8-0fb8-40f0-9349-243018da8377/in_use.lock acquired by nodename 19604@pr-hdds-1569-wvzgm-824869521
2019-09-26 10:07:22,463 [pool-693-thread-1] INFO  storage.RaftStorage (RaftStorage.java:format(72)) - Storage directory /workdir/hadoop-ozone/integration-test/target/test-dir/MiniOzoneClusterImpl-af826fcf-2e4c-4099-bed4-c1b0f0495924/datanode-2/data/ratis/e6ac5aa8-0fb8-40f0-9349-243018da8377 has been successfully formatted.
2019-09-26 10:07:22,464 [pool-693-thread-1] INFO  ratis.ContainerStateMachine (ContainerStateMachine.java:loadSnapshot(230)) - group-243018DA8377: The snapshot info is null. Setting the last applied indexto:(t:0, i:~)
2019-09-26 10:07:22,464 [pool-693-thread-1] INFO  server.RaftServerConfigKeys (ConfUtils.java:logGet(43)) - raft.server.notification.no-leader.timeout = 120s (custom)
2019-09-26 10:07:22,464 [pool-693-thread-1] INFO  server.RaftServerConfigKeys (ConfUtils.java:logGet(43)) - raft.server.log.use.memory = false (default)
2019-09-26 10:07:22,464 [pool-693-thread-1] INFO  server.RaftServerConfigKeys (ConfUtils.java:logGet(43)) - raft.server.log.purge.gap = 1000000 (custom)
2019-09-26 10:07:22,464 [pool-693-thread-1] INFO  server.RaftServerConfigKeys (ConfUtils.java:logGet(43)) - raft.server.log.appender.buffer.byte-limit = 33554432 (custom)
2019-09-26 10:07:22,464 [pool-693-thread-1] INFO  server.RaftServerConfigKeys (ConfUtils.java:logGet(43)) - raft.server.log.segment.size.max = 1048576 (custom)
2019-09-26 10:07:22,465 [pool-693-thread-1] INFO  server.RaftServerConfigKeys (ConfUtils.java:logGet(43)) - raft.server.log.segment.cache.num.max = 2 (custom)
2019-09-26 10:07:22,465 [pool-693-thread-1] INFO  segmented.SegmentedRaftLogWorker (SegmentedRaftLogWorker.java:<init>(172)) - new 9cafecc4-59b7-45e3-9675-340d3e2c3fab@group-243018DA8377-SegmentedRaftLogWorker for RaftStorage:Storage Directory /workdir/hadoop-ozone/integration-test/target/test-dir/MiniOzoneClusterImpl-af826fcf-2e4c-4099-bed4-c1b0f0495924/datanode-2/data/ratis/e6ac5aa8-0fb8-40f0-9349-243018da8377
2019-09-26 10:07:22,465 [pool-693-thread-1] INFO  server.RaftServerConfigKeys (ConfUtils.java:logGet(43)) - raft.server.log.queue.byte-limit = 2147483647 (custom)
2019-09-26 10:07:22,465 [pool-693-thread-1] INFO  server.RaftServerConfigKeys (ConfUtils.java:logGet(43)) - raft.server.log.queue.element-limit = 1024 (custom)
2019-09-26 10:07:22,465 [pool-693-thread-1] INFO  server.RaftServerConfigKeys (ConfUtils.java:logGet(43)) - raft.server.log.segment.size.max = 1048576 (custom)
2019-09-26 10:07:22,465 [pool-693-thread-1] INFO  server.RaftServerConfigKeys (ConfUtils.java:logGet(43)) - raft.server.log.preallocated.size = 16384 (custom)
2019-09-26 10:07:22,466 [pool-693-thread-1] INFO  server.RaftServerConfigKeys (ConfUtils.java:logGet(43)) - raft.server.log.write.buffer.size = 33554432 (custom)
2019-09-26 10:07:22,466 [pool-693-thread-1] INFO  server.RaftServerConfigKeys (ConfUtils.java:logGet(43)) - raft.server.log.force.sync.num = 128 (default)
2019-09-26 10:07:22,466 [pool-693-thread-1] INFO  server.RaftServerConfigKeys (ConfUtils.java:logGet(43)) - raft.server.log.statemachine.data.sync = true (default)
2019-09-26 10:07:22,466 [pool-693-thread-1] INFO  server.RaftServerConfigKeys (ConfUtils.java:logGet(43)) - raft.server.log.statemachine.data.sync.timeout = 10s (default)
2019-09-26 10:07:22,466 [pool-693-thread-1] INFO  server.RaftServerConfigKeys (ConfUtils.java:logGet(43)) - raft.server.log.statemachine.data.sync.timeout.retry = -1 (default)
2019-09-26 10:07:22,466 [pool-693-thread-1] INFO  server.RaftServerConfigKeys (ConfUtils.java:logGet(43)) - raft.server.log.statemachine.data.caching.enabled = true (custom)
2019-09-26 10:07:22,467 [pool-693-thread-1] INFO  segmented.SegmentedRaftLogWorker (SegmentedRaftLogWorker.java:lambda$new$0(132)) - 9cafecc4-59b7-45e3-9675-340d3e2c3fab@group-243018DA8377-SegmentedRaftLogWorker: flushIndex: setUnconditionally 0 -> -1
2019-09-26 10:07:22,467 [pool-693-thread-1] INFO  server.RaftServerConfigKeys (ConfUtils.java:logGet(43)) - raft.server.snapshot.auto.trigger.enabled = true (custom)
2019-09-26 10:07:22,467 [pool-693-thread-1] INFO  server.RaftServerConfigKeys (ConfUtils.java:logGet(43)) - raft.server.snapshot.auto.trigger.threshold = 10000 (custom)
2019-09-26 10:07:22,467 [pool-693-thread-1] INFO  server.RaftServerConfigKeys (ConfUtils.java:logGet(43)) - raft.server.snapshot.retention.num.files = 5 (custom)
2019-09-26 10:07:22,468 [pool-693-thread-1] INFO  server.RaftServerConfigKeys (ConfUtils.java:logGet(43)) - raft.server.retrycache.expirytime = 600000ms (custom)
2019-09-26 10:07:22,470 [pool-693-thread-1] INFO  impl.RaftServerImpl (RaftServerImpl.java:start(185)) - 9cafecc4-59b7-45e3-9675-340d3e2c3fab@group-243018DA8377: start as a follower, conf=-1: [9cafecc4-59b7-45e3-9675-340d3e2c3fab:192.168.30.13:33904], old=null
2019-09-26 10:07:22,470 [pool-693-thread-1] INFO  impl.RaftServerImpl (RaftServerImpl.java:setRole(174)) - 9cafecc4-59b7-45e3-9675-340d3e2c3fab@group-243018DA8377: changes role from      null to FOLLOWER at term 0 for startAsFollower
2019-09-26 10:07:22,470 [pool-693-thread-1] INFO  impl.RoleInfo (RoleInfo.java:updateAndGet(143)) - 9cafecc4-59b7-45e3-9675-340d3e2c3fab: start FollowerState
2019-09-26 10:07:22,470 [pool-693-thread-1] INFO  util.JmxRegister (JmxRegister.java:tryRegister(44)) - Successfully registered JMX Bean with object name Ratis:service=RaftServer,group=group-243018DA8377,id=9cafecc4-59b7-45e3-9675-340d3e2c3fab
2019-09-26 10:07:22,472 [RatisPipelineUtilsThread] INFO  pipeline.PipelineStateManager (PipelineStateManager.java:addPipeline(56)) - Created pipeline Pipeline[ Id: e6ac5aa8-0fb8-40f0-9349-243018da8377, Nodes: 9cafecc4-59b7-45e3-9675-340d3e2c3fab{ip: 192.168.30.13, host: pr-hdds-1569-wvzgm-824869521, networkLocation: /default-rack, certSerialId: null}, Type:RATIS, Factor:ONE, State:OPEN]
2019-09-26 10:07:22,473 [RatisPipelineUtilsThread] INFO  pipeline.PipelinePlacementPolicy (PipelinePlacementPolicy.java:meetCriteria(91)) - Pipeline Placement: can't place more pipeline on heavy datanode： 9c045c9c-ba1f-4aea-ae51-5b8bdd601291 Heaviness: 6 limit: 5
2019-09-26 10:07:22,484 [grpc-default-executor-1] INFO  impl.RaftServerProxy (RaftServerProxy.java:addNew(89)) - e3e9c20d-70c3-4d54-9af3-1020e4c50fd3: addNew group-EFDF868A17CE:[e3e9c20d-70c3-4d54-9af3-1020e4c50fd3:192.168.30.13:44355] returns group-EFDF868A17CE:java.util.concurrent.CompletableFuture@266319b3[Not completed]
2019-09-26 10:07:22,485 [pool-733-thread-1] INFO  impl.RaftServerImpl (RaftServerImpl.java:<init>(95)) - e3e9c20d-70c3-4d54-9af3-1020e4c50fd3: new RaftServerImpl for group-EFDF868A17CE:[e3e9c20d-70c3-4d54-9af3-1020e4c50fd3:192.168.30.13:44355] with ContainerStateMachine:uninitialized
2019-09-26 10:07:22,485 [pool-733-thread-1] INFO  server.RaftServerConfigKeys (ConfUtils.java:logGet(43)) - raft.server.rpc.timeout.min = 5s (custom)
2019-09-26 10:07:22,485 [pool-733-thread-1] INFO  server.RaftServerConfigKeys (ConfUtils.java:logGet(43)) - raft.server.rpc.timeout.max = 5200ms (custom)
2019-09-26 10:07:22,485 [pool-733-thread-1] INFO  server.RaftServerConfigKeys (ConfUtils.java:logGet(43)) - raft.server.rpcslowness.timeout = 120s (custom)
2019-09-26 10:07:22,486 [pool-733-thread-1] INFO  server.RaftServerConfigKeys (ConfUtils.java:logGet(43)) - raft.server.sleep.deviation.threshold = 300 (default)
2019-09-26 10:07:22,486 [pool-733-thread-1] INFO  server.RaftServerConfigKeys (ConfUtils.java:logGet(43)) - raft.server.log.appender.install.snapshot.enabled = false (custom)
2019-09-26 10:07:22,486 [pool-733-thread-1] INFO  impl.RaftServerImpl (ServerState.java:<init>(103)) - e3e9c20d-70c3-4d54-9af3-1020e4c50fd3@group-EFDF868A17CE: ConfigurationManager, init=-1: [e3e9c20d-70c3-4d54-9af3-1020e4c50fd3:192.168.30.13:44355], old=null, confs=<EMPTY_MAP>
2019-09-26 10:07:22,486 [pool-733-thread-1] INFO  server.RaftServerConfigKeys (ConfUtils.java:logGet(43)) - raft.server.storage.dir = [/workdir/hadoop-ozone/integration-test/target/test-dir/MiniOzoneClusterImpl-af826fcf-2e4c-4099-bed4-c1b0f0495924/datanode-6/data/ratis] (custom)
2019-09-26 10:07:22,486 [pool-733-thread-1] INFO  storage.RaftStorageDirectory (RaftStorageDirectory.java:analyzeStorage(246)) - The storage directory /workdir/hadoop-ozone/integration-test/target/test-dir/MiniOzoneClusterImpl-af826fcf-2e4c-4099-bed4-c1b0f0495924/datanode-6/data/ratis/0d49984f-c556-464f-9900-efdf868a17ce does not exist. Creating ...
2019-09-26 10:07:22,499 [pool-733-thread-1] INFO  storage.RaftStorageDirectory (RaftStorageDirectory.java:tryLock(328)) - Lock on /workdir/hadoop-ozone/integration-test/target/test-dir/MiniOzoneClusterImpl-af826fcf-2e4c-4099-bed4-c1b0f0495924/datanode-6/data/ratis/0d49984f-c556-464f-9900-efdf868a17ce/in_use.lock acquired by nodename 19604@pr-hdds-1569-wvzgm-824869521
2019-09-26 10:07:22,529 [pool-733-thread-1] INFO  storage.RaftStorage (RaftStorage.java:format(72)) - Storage directory /workdir/hadoop-ozone/integration-test/target/test-dir/MiniOzoneClusterImpl-af826fcf-2e4c-4099-bed4-c1b0f0495924/datanode-6/data/ratis/0d49984f-c556-464f-9900-efdf868a17ce has been successfully formatted.
2019-09-26 10:07:22,529 [pool-733-thread-1] INFO  ratis.ContainerStateMachine (ContainerStateMachine.java:loadSnapshot(230)) - group-EFDF868A17CE: The snapshot info is null. Setting the last applied indexto:(t:0, i:~)
2019-09-26 10:07:22,530 [pool-733-thread-1] INFO  server.RaftServerConfigKeys (ConfUtils.java:logGet(43)) - raft.server.notification.no-leader.timeout = 120s (custom)
2019-09-26 10:07:22,530 [pool-733-thread-1] INFO  server.RaftServerConfigKeys (ConfUtils.java:logGet(43)) - raft.server.log.use.memory = false (default)
2019-09-26 10:07:22,530 [pool-733-thread-1] INFO  server.RaftServerConfigKeys (ConfUtils.java:logGet(43)) - raft.server.log.purge.gap = 1000000 (custom)
2019-09-26 10:07:22,530 [pool-733-thread-1] INFO  server.RaftServerConfigKeys (ConfUtils.java:logGet(43)) - raft.server.log.appender.buffer.byte-limit = 33554432 (custom)
2019-09-26 10:07:22,530 [pool-733-thread-1] INFO  server.RaftServerConfigKeys (ConfUtils.java:logGet(43)) - raft.server.log.segment.size.max = 1048576 (custom)
2019-09-26 10:07:22,531 [pool-733-thread-1] INFO  server.RaftServerConfigKeys (ConfUtils.java:logGet(43)) - raft.server.log.segment.cache.num.max = 2 (custom)
2019-09-26 10:07:22,531 [pool-733-thread-1] INFO  segmented.SegmentedRaftLogWorker (SegmentedRaftLogWorker.java:<init>(172)) - new e3e9c20d-70c3-4d54-9af3-1020e4c50fd3@group-EFDF868A17CE-SegmentedRaftLogWorker for RaftStorage:Storage Directory /workdir/hadoop-ozone/integration-test/target/test-dir/MiniOzoneClusterImpl-af826fcf-2e4c-4099-bed4-c1b0f0495924/datanode-6/data/ratis/0d49984f-c556-464f-9900-efdf868a17ce
2019-09-26 10:07:22,533 [pool-733-thread-1] INFO  server.RaftServerConfigKeys (ConfUtils.java:logGet(43)) - raft.server.log.queue.byte-limit = 2147483647 (custom)
2019-09-26 10:07:22,533 [pool-733-thread-1] INFO  server.RaftServerConfigKeys (ConfUtils.java:logGet(43)) - raft.server.log.queue.element-limit = 1024 (custom)
2019-09-26 10:07:22,533 [pool-733-thread-1] INFO  server.RaftServerConfigKeys (ConfUtils.java:logGet(43)) - raft.server.log.segment.size.max = 1048576 (custom)
2019-09-26 10:07:22,533 [pool-733-thread-1] INFO  server.RaftServerConfigKeys (ConfUtils.java:logGet(43)) - raft.server.log.preallocated.size = 16384 (custom)
2019-09-26 10:07:22,533 [pool-733-thread-1] INFO  server.RaftServerConfigKeys (ConfUtils.java:logGet(43)) - raft.server.log.write.buffer.size = 33554432 (custom)
2019-09-26 10:07:22,534 [pool-733-thread-1] INFO  server.RaftServerConfigKeys (ConfUtils.java:logGet(43)) - raft.server.log.force.sync.num = 128 (default)
2019-09-26 10:07:22,534 [pool-733-thread-1] INFO  server.RaftServerConfigKeys (ConfUtils.java:logGet(43)) - raft.server.log.statemachine.data.sync = true (default)
2019-09-26 10:07:22,534 [pool-733-thread-1] INFO  server.RaftServerConfigKeys (ConfUtils.java:logGet(43)) - raft.server.log.statemachine.data.sync.timeout = 10s (default)
2019-09-26 10:07:22,534 [pool-733-thread-1] INFO  server.RaftServerConfigKeys (ConfUtils.java:logGet(43)) - raft.server.log.statemachine.data.sync.timeout.retry = -1 (default)
2019-09-26 10:07:22,534 [pool-733-thread-1] INFO  server.RaftServerConfigKeys (ConfUtils.java:logGet(43)) - raft.server.log.statemachine.data.caching.enabled = true (custom)
2019-09-26 10:07:22,535 [pool-733-thread-1] INFO  segmented.SegmentedRaftLogWorker (SegmentedRaftLogWorker.java:lambda$new$0(132)) - e3e9c20d-70c3-4d54-9af3-1020e4c50fd3@group-EFDF868A17CE-SegmentedRaftLogWorker: flushIndex: setUnconditionally 0 -> -1
2019-09-26 10:07:22,535 [pool-733-thread-1] INFO  server.RaftServerConfigKeys (ConfUtils.java:logGet(43)) - raft.server.snapshot.auto.trigger.enabled = true (custom)
2019-09-26 10:07:22,535 [pool-733-thread-1] INFO  server.RaftServerConfigKeys (ConfUtils.java:logGet(43)) - raft.server.snapshot.auto.trigger.threshold = 10000 (custom)
2019-09-26 10:07:22,535 [pool-733-thread-1] INFO  server.RaftServerConfigKeys (ConfUtils.java:logGet(43)) - raft.server.snapshot.retention.num.files = 5 (custom)
2019-09-26 10:07:22,536 [pool-733-thread-1] INFO  server.RaftServerConfigKeys (ConfUtils.java:logGet(43)) - raft.server.retrycache.expirytime = 600000ms (custom)
2019-09-26 10:07:22,537 [pool-733-thread-1] INFO  impl.RaftServerImpl (RaftServerImpl.java:start(185)) - e3e9c20d-70c3-4d54-9af3-1020e4c50fd3@group-EFDF868A17CE: start as a follower, conf=-1: [e3e9c20d-70c3-4d54-9af3-1020e4c50fd3:192.168.30.13:44355], old=null
2019-09-26 10:07:22,538 [pool-733-thread-1] INFO  impl.RaftServerImpl (RaftServerImpl.java:setRole(174)) - e3e9c20d-70c3-4d54-9af3-1020e4c50fd3@group-EFDF868A17CE: changes role from      null to FOLLOWER at term 0 for startAsFollower
2019-09-26 10:07:22,538 [pool-733-thread-1] INFO  impl.RoleInfo (RoleInfo.java:updateAndGet(143)) - e3e9c20d-70c3-4d54-9af3-1020e4c50fd3: start FollowerState
2019-09-26 10:07:22,538 [pool-733-thread-1] INFO  util.JmxRegister (JmxRegister.java:tryRegister(44)) - Successfully registered JMX Bean with object name Ratis:service=RaftServer,group=group-EFDF868A17CE,id=e3e9c20d-70c3-4d54-9af3-1020e4c50fd3
2019-09-26 10:07:22,540 [RatisPipelineUtilsThread] INFO  pipeline.PipelineStateManager (PipelineStateManager.java:addPipeline(56)) - Created pipeline Pipeline[ Id: 0d49984f-c556-464f-9900-efdf868a17ce, Nodes: e3e9c20d-70c3-4d54-9af3-1020e4c50fd3{ip: 192.168.30.13, host: pr-hdds-1569-wvzgm-824869521, networkLocation: /default-rack, certSerialId: null}, Type:RATIS, Factor:ONE, State:OPEN]
2019-09-26 10:07:22,541 [RatisPipelineUtilsThread] INFO  pipeline.PipelinePlacementPolicy (PipelinePlacementPolicy.java:meetCriteria(91)) - Pipeline Placement: can't place more pipeline on heavy datanode： 9c045c9c-ba1f-4aea-ae51-5b8bdd601291 Heaviness: 6 limit: 5
2019-09-26 10:07:22,550 [grpc-default-executor-1] INFO  impl.RaftServerProxy (RaftServerProxy.java:addNew(89)) - d1f6f5bd-a733-436d-b89d-c17e8804c490: addNew group-3FFC298E1CE9:[d1f6f5bd-a733-436d-b89d-c17e8804c490:192.168.30.13:37835] returns group-3FFC298E1CE9:java.util.concurrent.CompletableFuture@791b329e[Not completed]
2019-09-26 10:07:22,552 [pool-713-thread-1] INFO  impl.RaftServerImpl (RaftServerImpl.java:<init>(95)) - d1f6f5bd-a733-436d-b89d-c17e8804c490: new RaftServerImpl for group-3FFC298E1CE9:[d1f6f5bd-a733-436d-b89d-c17e8804c490:192.168.30.13:37835] with ContainerStateMachine:uninitialized
2019-09-26 10:07:22,552 [pool-713-thread-1] INFO  server.RaftServerConfigKeys (ConfUtils.java:logGet(43)) - raft.server.rpc.timeout.min = 5s (custom)
2019-09-26 10:07:22,552 [pool-713-thread-1] INFO  server.RaftServerConfigKeys (ConfUtils.java:logGet(43)) - raft.server.rpc.timeout.max = 5200ms (custom)
2019-09-26 10:07:22,552 [pool-713-thread-1] INFO  server.RaftServerConfigKeys (ConfUtils.java:logGet(43)) - raft.server.rpcslowness.timeout = 120s (custom)
2019-09-26 10:07:22,553 [pool-713-thread-1] INFO  server.RaftServerConfigKeys (ConfUtils.java:logGet(43)) - raft.server.sleep.deviation.threshold = 300 (default)
2019-09-26 10:07:22,553 [pool-713-thread-1] INFO  server.RaftServerConfigKeys (ConfUtils.java:logGet(43)) - raft.server.log.appender.install.snapshot.enabled = false (custom)
2019-09-26 10:07:22,553 [pool-713-thread-1] INFO  impl.RaftServerImpl (ServerState.java:<init>(103)) - d1f6f5bd-a733-436d-b89d-c17e8804c490@group-3FFC298E1CE9: ConfigurationManager, init=-1: [d1f6f5bd-a733-436d-b89d-c17e8804c490:192.168.30.13:37835], old=null, confs=<EMPTY_MAP>
2019-09-26 10:07:22,553 [pool-713-thread-1] INFO  server.RaftServerConfigKeys (ConfUtils.java:logGet(43)) - raft.server.storage.dir = [/workdir/hadoop-ozone/integration-test/target/test-dir/MiniOzoneClusterImpl-af826fcf-2e4c-4099-bed4-c1b0f0495924/datanode-4/data/ratis] (custom)
2019-09-26 10:07:22,554 [pool-713-thread-1] INFO  storage.RaftStorageDirectory (RaftStorageDirectory.java:analyzeStorage(246)) - The storage directory /workdir/hadoop-ozone/integration-test/target/test-dir/MiniOzoneClusterImpl-af826fcf-2e4c-4099-bed4-c1b0f0495924/datanode-4/data/ratis/a1efaf8c-38ab-40f9-9b77-3ffc298e1ce9 does not exist. Creating ...
2019-09-26 10:07:22,569 [pool-713-thread-1] INFO  storage.RaftStorageDirectory (RaftStorageDirectory.java:tryLock(328)) - Lock on /workdir/hadoop-ozone/integration-test/target/test-dir/MiniOzoneClusterImpl-af826fcf-2e4c-4099-bed4-c1b0f0495924/datanode-4/data/ratis/a1efaf8c-38ab-40f9-9b77-3ffc298e1ce9/in_use.lock acquired by nodename 19604@pr-hdds-1569-wvzgm-824869521
2019-09-26 10:07:22,584 [pool-713-thread-1] INFO  storage.RaftStorage (RaftStorage.java:format(72)) - Storage directory /workdir/hadoop-ozone/integration-test/target/test-dir/MiniOzoneClusterImpl-af826fcf-2e4c-4099-bed4-c1b0f0495924/datanode-4/data/ratis/a1efaf8c-38ab-40f9-9b77-3ffc298e1ce9 has been successfully formatted.
2019-09-26 10:07:22,584 [pool-713-thread-1] INFO  ratis.ContainerStateMachine (ContainerStateMachine.java:loadSnapshot(230)) - group-3FFC298E1CE9: The snapshot info is null. Setting the last applied indexto:(t:0, i:~)
2019-09-26 10:07:22,584 [pool-713-thread-1] INFO  server.RaftServerConfigKeys (ConfUtils.java:logGet(43)) - raft.server.notification.no-leader.timeout = 120s (custom)
2019-09-26 10:07:22,585 [pool-713-thread-1] INFO  server.RaftServerConfigKeys (ConfUtils.java:logGet(43)) - raft.server.log.use.memory = false (default)
2019-09-26 10:07:22,585 [pool-713-thread-1] INFO  server.RaftServerConfigKeys (ConfUtils.java:logGet(43)) - raft.server.log.purge.gap = 1000000 (custom)
2019-09-26 10:07:22,585 [pool-713-thread-1] INFO  server.RaftServerConfigKeys (ConfUtils.java:logGet(43)) - raft.server.log.appender.buffer.byte-limit = 33554432 (custom)
2019-09-26 10:07:22,585 [pool-713-thread-1] INFO  server.RaftServerConfigKeys (ConfUtils.java:logGet(43)) - raft.server.log.segment.size.max = 1048576 (custom)
2019-09-26 10:07:22,585 [pool-713-thread-1] INFO  server.RaftServerConfigKeys (ConfUtils.java:logGet(43)) - raft.server.log.segment.cache.num.max = 2 (custom)
2019-09-26 10:07:22,586 [pool-713-thread-1] INFO  segmented.SegmentedRaftLogWorker (SegmentedRaftLogWorker.java:<init>(172)) - new d1f6f5bd-a733-436d-b89d-c17e8804c490@group-3FFC298E1CE9-SegmentedRaftLogWorker for RaftStorage:Storage Directory /workdir/hadoop-ozone/integration-test/target/test-dir/MiniOzoneClusterImpl-af826fcf-2e4c-4099-bed4-c1b0f0495924/datanode-4/data/ratis/a1efaf8c-38ab-40f9-9b77-3ffc298e1ce9
2019-09-26 10:07:22,588 [pool-713-thread-1] INFO  server.RaftServerConfigKeys (ConfUtils.java:logGet(43)) - raft.server.log.queue.byte-limit = 2147483647 (custom)
2019-09-26 10:07:22,588 [pool-713-thread-1] INFO  server.RaftServerConfigKeys (ConfUtils.java:logGet(43)) - raft.server.log.queue.element-limit = 1024 (custom)
2019-09-26 10:07:22,588 [pool-713-thread-1] INFO  server.RaftServerConfigKeys (ConfUtils.java:logGet(43)) - raft.server.log.segment.size.max = 1048576 (custom)
2019-09-26 10:07:22,589 [pool-713-thread-1] INFO  server.RaftServerConfigKeys (ConfUtils.java:logGet(43)) - raft.server.log.preallocated.size = 16384 (custom)
2019-09-26 10:07:22,589 [pool-713-thread-1] INFO  server.RaftServerConfigKeys (ConfUtils.java:logGet(43)) - raft.server.log.write.buffer.size = 33554432 (custom)
2019-09-26 10:07:22,589 [pool-713-thread-1] INFO  server.RaftServerConfigKeys (ConfUtils.java:logGet(43)) - raft.server.log.force.sync.num = 128 (default)
2019-09-26 10:07:22,589 [pool-713-thread-1] INFO  server.RaftServerConfigKeys (ConfUtils.java:logGet(43)) - raft.server.log.statemachine.data.sync = true (default)
2019-09-26 10:07:22,589 [pool-713-thread-1] INFO  server.RaftServerConfigKeys (ConfUtils.java:logGet(43)) - raft.server.log.statemachine.data.sync.timeout = 10s (default)
2019-09-26 10:07:22,589 [pool-713-thread-1] INFO  server.RaftServerConfigKeys (ConfUtils.java:logGet(43)) - raft.server.log.statemachine.data.sync.timeout.retry = -1 (default)
2019-09-26 10:07:22,590 [pool-713-thread-1] INFO  server.RaftServerConfigKeys (ConfUtils.java:logGet(43)) - raft.server.log.statemachine.data.caching.enabled = true (custom)
2019-09-26 10:07:22,590 [pool-713-thread-1] INFO  segmented.SegmentedRaftLogWorker (SegmentedRaftLogWorker.java:lambda$new$0(132)) - d1f6f5bd-a733-436d-b89d-c17e8804c490@group-3FFC298E1CE9-SegmentedRaftLogWorker: flushIndex: setUnconditionally 0 -> -1
2019-09-26 10:07:22,591 [pool-713-thread-1] INFO  server.RaftServerConfigKeys (ConfUtils.java:logGet(43)) - raft.server.snapshot.auto.trigger.enabled = true (custom)
2019-09-26 10:07:22,591 [pool-713-thread-1] INFO  server.RaftServerConfigKeys (ConfUtils.java:logGet(43)) - raft.server.snapshot.auto.trigger.threshold = 10000 (custom)
2019-09-26 10:07:22,591 [pool-713-thread-1] INFO  server.RaftServerConfigKeys (ConfUtils.java:logGet(43)) - raft.server.snapshot.retention.num.files = 5 (custom)
2019-09-26 10:07:22,591 [pool-713-thread-1] INFO  server.RaftServerConfigKeys (ConfUtils.java:logGet(43)) - raft.server.retrycache.expirytime = 600000ms (custom)
2019-09-26 10:07:22,593 [pool-713-thread-1] INFO  impl.RaftServerImpl (RaftServerImpl.java:start(185)) - d1f6f5bd-a733-436d-b89d-c17e8804c490@group-3FFC298E1CE9: start as a follower, conf=-1: [d1f6f5bd-a733-436d-b89d-c17e8804c490:192.168.30.13:37835], old=null
2019-09-26 10:07:22,594 [pool-713-thread-1] INFO  impl.RaftServerImpl (RaftServerImpl.java:setRole(174)) - d1f6f5bd-a733-436d-b89d-c17e8804c490@group-3FFC298E1CE9: changes role from      null to FOLLOWER at term 0 for startAsFollower
2019-09-26 10:07:22,594 [pool-713-thread-1] INFO  impl.RoleInfo (RoleInfo.java:updateAndGet(143)) - d1f6f5bd-a733-436d-b89d-c17e8804c490: start FollowerState
2019-09-26 10:07:22,594 [pool-713-thread-1] INFO  util.JmxRegister (JmxRegister.java:tryRegister(44)) - Successfully registered JMX Bean with object name Ratis:service=RaftServer,group=group-3FFC298E1CE9,id=d1f6f5bd-a733-436d-b89d-c17e8804c490
2019-09-26 10:07:22,596 [RatisPipelineUtilsThread] INFO  pipeline.PipelineStateManager (PipelineStateManager.java:addPipeline(56)) - Created pipeline Pipeline[ Id: a1efaf8c-38ab-40f9-9b77-3ffc298e1ce9, Nodes: d1f6f5bd-a733-436d-b89d-c17e8804c490{ip: 192.168.30.13, host: pr-hdds-1569-wvzgm-824869521, networkLocation: /default-rack, certSerialId: null}, Type:RATIS, Factor:ONE, State:OPEN]
2019-09-26 10:07:22,597 [RatisPipelineUtilsThread] INFO  pipeline.PipelinePlacementPolicy (PipelinePlacementPolicy.java:meetCriteria(91)) - Pipeline Placement: can't place more pipeline on heavy datanode： 9c045c9c-ba1f-4aea-ae51-5b8bdd601291 Heaviness: 6 limit: 5
2019-09-26 10:07:22,601 [grpc-default-executor-1] INFO  impl.RaftServerProxy (RaftServerProxy.java:addNew(89)) - 9cafecc4-59b7-45e3-9675-340d3e2c3fab: addNew group-8EDDA6DEAB50:[9cafecc4-59b7-45e3-9675-340d3e2c3fab:192.168.30.13:33904] returns group-8EDDA6DEAB50:java.util.concurrent.CompletableFuture@cfe7b90[Not completed]
2019-09-26 10:07:22,602 [pool-693-thread-1] INFO  impl.RaftServerImpl (RaftServerImpl.java:<init>(95)) - 9cafecc4-59b7-45e3-9675-340d3e2c3fab: new RaftServerImpl for group-8EDDA6DEAB50:[9cafecc4-59b7-45e3-9675-340d3e2c3fab:192.168.30.13:33904] with ContainerStateMachine:uninitialized
2019-09-26 10:07:22,602 [pool-693-thread-1] INFO  server.RaftServerConfigKeys (ConfUtils.java:logGet(43)) - raft.server.rpc.timeout.min = 5s (custom)
2019-09-26 10:07:22,602 [pool-693-thread-1] INFO  server.RaftServerConfigKeys (ConfUtils.java:logGet(43)) - raft.server.rpc.timeout.max = 5200ms (custom)
2019-09-26 10:07:22,602 [pool-693-thread-1] INFO  server.RaftServerConfigKeys (ConfUtils.java:logGet(43)) - raft.server.rpcslowness.timeout = 120s (custom)
2019-09-26 10:07:22,603 [pool-693-thread-1] INFO  server.RaftServerConfigKeys (ConfUtils.java:logGet(43)) - raft.server.sleep.deviation.threshold = 300 (default)
2019-09-26 10:07:22,603 [pool-693-thread-1] INFO  server.RaftServerConfigKeys (ConfUtils.java:logGet(43)) - raft.server.log.appender.install.snapshot.enabled = false (custom)
2019-09-26 10:07:22,603 [pool-693-thread-1] INFO  impl.RaftServerImpl (ServerState.java:<init>(103)) - 9cafecc4-59b7-45e3-9675-340d3e2c3fab@group-8EDDA6DEAB50: ConfigurationManager, init=-1: [9cafecc4-59b7-45e3-9675-340d3e2c3fab:192.168.30.13:33904], old=null, confs=<EMPTY_MAP>
2019-09-26 10:07:22,603 [pool-693-thread-1] INFO  server.RaftServerConfigKeys (ConfUtils.java:logGet(43)) - raft.server.storage.dir = [/workdir/hadoop-ozone/integration-test/target/test-dir/MiniOzoneClusterImpl-af826fcf-2e4c-4099-bed4-c1b0f0495924/datanode-2/data/ratis] (custom)
2019-09-26 10:07:22,603 [pool-693-thread-1] INFO  storage.RaftStorageDirectory (RaftStorageDirectory.java:analyzeStorage(246)) - The storage directory /workdir/hadoop-ozone/integration-test/target/test-dir/MiniOzoneClusterImpl-af826fcf-2e4c-4099-bed4-c1b0f0495924/datanode-2/data/ratis/ed7eb83d-5ffe-4544-86fb-8edda6deab50 does not exist. Creating ...
2019-09-26 10:07:22,617 [pool-693-thread-1] INFO  storage.RaftStorageDirectory (RaftStorageDirectory.java:tryLock(328)) - Lock on /workdir/hadoop-ozone/integration-test/target/test-dir/MiniOzoneClusterImpl-af826fcf-2e4c-4099-bed4-c1b0f0495924/datanode-2/data/ratis/ed7eb83d-5ffe-4544-86fb-8edda6deab50/in_use.lock acquired by nodename 19604@pr-hdds-1569-wvzgm-824869521
2019-09-26 10:07:22,638 [pool-693-thread-1] INFO  storage.RaftStorage (RaftStorage.java:format(72)) - Storage directory /workdir/hadoop-ozone/integration-test/target/test-dir/MiniOzoneClusterImpl-af826fcf-2e4c-4099-bed4-c1b0f0495924/datanode-2/data/ratis/ed7eb83d-5ffe-4544-86fb-8edda6deab50 has been successfully formatted.
2019-09-26 10:07:22,638 [pool-693-thread-1] INFO  ratis.ContainerStateMachine (ContainerStateMachine.java:loadSnapshot(230)) - group-8EDDA6DEAB50: The snapshot info is null. Setting the last applied indexto:(t:0, i:~)
2019-09-26 10:07:22,638 [pool-693-thread-1] INFO  server.RaftServerConfigKeys (ConfUtils.java:logGet(43)) - raft.server.notification.no-leader.timeout = 120s (custom)
2019-09-26 10:07:22,638 [pool-693-thread-1] INFO  server.RaftServerConfigKeys (ConfUtils.java:logGet(43)) - raft.server.log.use.memory = false (default)
2019-09-26 10:07:22,639 [pool-693-thread-1] INFO  server.RaftServerConfigKeys (ConfUtils.java:logGet(43)) - raft.server.log.purge.gap = 1000000 (custom)
2019-09-26 10:07:22,639 [pool-693-thread-1] INFO  server.RaftServerConfigKeys (ConfUtils.java:logGet(43)) - raft.server.log.appender.buffer.byte-limit = 33554432 (custom)
2019-09-26 10:07:22,639 [pool-693-thread-1] INFO  server.RaftServerConfigKeys (ConfUtils.java:logGet(43)) - raft.server.log.segment.size.max = 1048576 (custom)
2019-09-26 10:07:22,639 [pool-693-thread-1] INFO  server.RaftServerConfigKeys (ConfUtils.java:logGet(43)) - raft.server.log.segment.cache.num.max = 2 (custom)
2019-09-26 10:07:22,639 [pool-693-thread-1] INFO  segmented.SegmentedRaftLogWorker (SegmentedRaftLogWorker.java:<init>(172)) - new 9cafecc4-59b7-45e3-9675-340d3e2c3fab@group-8EDDA6DEAB50-SegmentedRaftLogWorker for RaftStorage:Storage Directory /workdir/hadoop-ozone/integration-test/target/test-dir/MiniOzoneClusterImpl-af826fcf-2e4c-4099-bed4-c1b0f0495924/datanode-2/data/ratis/ed7eb83d-5ffe-4544-86fb-8edda6deab50
2019-09-26 10:07:22,639 [pool-693-thread-1] INFO  server.RaftServerConfigKeys (ConfUtils.java:logGet(43)) - raft.server.log.queue.byte-limit = 2147483647 (custom)
2019-09-26 10:07:22,640 [pool-693-thread-1] INFO  server.RaftServerConfigKeys (ConfUtils.java:logGet(43)) - raft.server.log.queue.element-limit = 1024 (custom)
2019-09-26 10:07:22,640 [pool-693-thread-1] INFO  server.RaftServerConfigKeys (ConfUtils.java:logGet(43)) - raft.server.log.segment.size.max = 1048576 (custom)
2019-09-26 10:07:22,640 [pool-693-thread-1] INFO  server.RaftServerConfigKeys (ConfUtils.java:logGet(43)) - raft.server.log.preallocated.size = 16384 (custom)
2019-09-26 10:07:22,640 [pool-693-thread-1] INFO  server.RaftServerConfigKeys (ConfUtils.java:logGet(43)) - raft.server.log.write.buffer.size = 33554432 (custom)
2019-09-26 10:07:22,640 [pool-693-thread-1] INFO  server.RaftServerConfigKeys (ConfUtils.java:logGet(43)) - raft.server.log.force.sync.num = 128 (default)
2019-09-26 10:07:22,640 [pool-693-thread-1] INFO  server.RaftServerConfigKeys (ConfUtils.java:logGet(43)) - raft.server.log.statemachine.data.sync = true (default)
2019-09-26 10:07:22,640 [pool-693-thread-1] INFO  server.RaftServerConfigKeys (ConfUtils.java:logGet(43)) - raft.server.log.statemachine.data.sync.timeout = 10s (default)
2019-09-26 10:07:22,640 [pool-693-thread-1] INFO  server.RaftServerConfigKeys (ConfUtils.java:logGet(43)) - raft.server.log.statemachine.data.sync.timeout.retry = -1 (default)
2019-09-26 10:07:22,641 [pool-693-thread-1] INFO  server.RaftServerConfigKeys (ConfUtils.java:logGet(43)) - raft.server.log.statemachine.data.caching.enabled = true (custom)
2019-09-26 10:07:22,641 [pool-693-thread-1] INFO  segmented.SegmentedRaftLogWorker (SegmentedRaftLogWorker.java:lambda$new$0(132)) - 9cafecc4-59b7-45e3-9675-340d3e2c3fab@group-8EDDA6DEAB50-SegmentedRaftLogWorker: flushIndex: setUnconditionally 0 -> -1
2019-09-26 10:07:22,641 [pool-693-thread-1] INFO  server.RaftServerConfigKeys (ConfUtils.java:logGet(43)) - raft.server.snapshot.auto.trigger.enabled = true (custom)
2019-09-26 10:07:22,641 [pool-693-thread-1] INFO  server.RaftServerConfigKeys (ConfUtils.java:logGet(43)) - raft.server.snapshot.auto.trigger.threshold = 10000 (custom)
2019-09-26 10:07:22,642 [pool-693-thread-1] INFO  server.RaftServerConfigKeys (ConfUtils.java:logGet(43)) - raft.server.snapshot.retention.num.files = 5 (custom)
2019-09-26 10:07:22,642 [pool-693-thread-1] INFO  server.RaftServerConfigKeys (ConfUtils.java:logGet(43)) - raft.server.retrycache.expirytime = 600000ms (custom)
2019-09-26 10:07:22,643 [pool-693-thread-1] INFO  impl.RaftServerImpl (RaftServerImpl.java:start(185)) - 9cafecc4-59b7-45e3-9675-340d3e2c3fab@group-8EDDA6DEAB50: start as a follower, conf=-1: [9cafecc4-59b7-45e3-9675-340d3e2c3fab:192.168.30.13:33904], old=null
2019-09-26 10:07:22,644 [pool-693-thread-1] INFO  impl.RaftServerImpl (RaftServerImpl.java:setRole(174)) - 9cafecc4-59b7-45e3-9675-340d3e2c3fab@group-8EDDA6DEAB50: changes role from      null to FOLLOWER at term 0 for startAsFollower
2019-09-26 10:07:22,644 [pool-693-thread-1] INFO  impl.RoleInfo (RoleInfo.java:updateAndGet(143)) - 9cafecc4-59b7-45e3-9675-340d3e2c3fab: start FollowerState
2019-09-26 10:07:22,644 [pool-693-thread-1] INFO  util.JmxRegister (JmxRegister.java:tryRegister(44)) - Successfully registered JMX Bean with object name Ratis:service=RaftServer,group=group-8EDDA6DEAB50,id=9cafecc4-59b7-45e3-9675-340d3e2c3fab
2019-09-26 10:07:22,647 [RatisPipelineUtilsThread] INFO  pipeline.PipelineStateManager (PipelineStateManager.java:addPipeline(56)) - Created pipeline Pipeline[ Id: ed7eb83d-5ffe-4544-86fb-8edda6deab50, Nodes: 9cafecc4-59b7-45e3-9675-340d3e2c3fab{ip: 192.168.30.13, host: pr-hdds-1569-wvzgm-824869521, networkLocation: /default-rack, certSerialId: null}, Type:RATIS, Factor:ONE, State:OPEN]
2019-09-26 10:07:22,647 [RatisPipelineUtilsThread] INFO  pipeline.PipelinePlacementPolicy (PipelinePlacementPolicy.java:meetCriteria(91)) - Pipeline Placement: can't place more pipeline on heavy datanode： 9c045c9c-ba1f-4aea-ae51-5b8bdd601291 Heaviness: 6 limit: 5
2019-09-26 10:07:22,651 [grpc-default-executor-1] INFO  impl.RaftServerProxy (RaftServerProxy.java:addNew(89)) - 9cafecc4-59b7-45e3-9675-340d3e2c3fab: addNew group-7B7670B1D956:[9cafecc4-59b7-45e3-9675-340d3e2c3fab:192.168.30.13:33904] returns group-7B7670B1D956:java.util.concurrent.CompletableFuture@6ebba783[Not completed]
2019-09-26 10:07:22,652 [pool-693-thread-1] INFO  impl.RaftServerImpl (RaftServerImpl.java:<init>(95)) - 9cafecc4-59b7-45e3-9675-340d3e2c3fab: new RaftServerImpl for group-7B7670B1D956:[9cafecc4-59b7-45e3-9675-340d3e2c3fab:192.168.30.13:33904] with ContainerStateMachine:uninitialized
2019-09-26 10:07:22,652 [pool-693-thread-1] INFO  server.RaftServerConfigKeys (ConfUtils.java:logGet(43)) - raft.server.rpc.timeout.min = 5s (custom)
2019-09-26 10:07:22,653 [pool-693-thread-1] INFO  server.RaftServerConfigKeys (ConfUtils.java:logGet(43)) - raft.server.rpc.timeout.max = 5200ms (custom)
2019-09-26 10:07:22,653 [pool-693-thread-1] INFO  server.RaftServerConfigKeys (ConfUtils.java:logGet(43)) - raft.server.rpcslowness.timeout = 120s (custom)
2019-09-26 10:07:22,653 [pool-693-thread-1] INFO  server.RaftServerConfigKeys (ConfUtils.java:logGet(43)) - raft.server.sleep.deviation.threshold = 300 (default)
2019-09-26 10:07:22,653 [pool-693-thread-1] INFO  server.RaftServerConfigKeys (ConfUtils.java:logGet(43)) - raft.server.log.appender.install.snapshot.enabled = false (custom)
2019-09-26 10:07:22,653 [pool-693-thread-1] INFO  impl.RaftServerImpl (ServerState.java:<init>(103)) - 9cafecc4-59b7-45e3-9675-340d3e2c3fab@group-7B7670B1D956: ConfigurationManager, init=-1: [9cafecc4-59b7-45e3-9675-340d3e2c3fab:192.168.30.13:33904], old=null, confs=<EMPTY_MAP>
2019-09-26 10:07:22,653 [pool-693-thread-1] INFO  server.RaftServerConfigKeys (ConfUtils.java:logGet(43)) - raft.server.storage.dir = [/workdir/hadoop-ozone/integration-test/target/test-dir/MiniOzoneClusterImpl-af826fcf-2e4c-4099-bed4-c1b0f0495924/datanode-2/data/ratis] (custom)
2019-09-26 10:07:22,654 [pool-693-thread-1] INFO  storage.RaftStorageDirectory (RaftStorageDirectory.java:analyzeStorage(246)) - The storage directory /workdir/hadoop-ozone/integration-test/target/test-dir/MiniOzoneClusterImpl-af826fcf-2e4c-4099-bed4-c1b0f0495924/datanode-2/data/ratis/3220d6b6-fef9-4276-8481-7b7670b1d956 does not exist. Creating ...
2019-09-26 10:07:22,667 [pool-693-thread-1] INFO  storage.RaftStorageDirectory (RaftStorageDirectory.java:tryLock(328)) - Lock on /workdir/hadoop-ozone/integration-test/target/test-dir/MiniOzoneClusterImpl-af826fcf-2e4c-4099-bed4-c1b0f0495924/datanode-2/data/ratis/3220d6b6-fef9-4276-8481-7b7670b1d956/in_use.lock acquired by nodename 19604@pr-hdds-1569-wvzgm-824869521
2019-09-26 10:07:22,680 [pool-693-thread-1] INFO  storage.RaftStorage (RaftStorage.java:format(72)) - Storage directory /workdir/hadoop-ozone/integration-test/target/test-dir/MiniOzoneClusterImpl-af826fcf-2e4c-4099-bed4-c1b0f0495924/datanode-2/data/ratis/3220d6b6-fef9-4276-8481-7b7670b1d956 has been successfully formatted.
2019-09-26 10:07:22,680 [pool-693-thread-1] INFO  ratis.ContainerStateMachine (ContainerStateMachine.java:loadSnapshot(230)) - group-7B7670B1D956: The snapshot info is null. Setting the last applied indexto:(t:0, i:~)
2019-09-26 10:07:22,680 [pool-693-thread-1] INFO  server.RaftServerConfigKeys (ConfUtils.java:logGet(43)) - raft.server.notification.no-leader.timeout = 120s (custom)
2019-09-26 10:07:22,680 [pool-693-thread-1] INFO  server.RaftServerConfigKeys (ConfUtils.java:logGet(43)) - raft.server.log.use.memory = false (default)
2019-09-26 10:07:22,680 [pool-693-thread-1] INFO  server.RaftServerConfigKeys (ConfUtils.java:logGet(43)) - raft.server.log.purge.gap = 1000000 (custom)
2019-09-26 10:07:22,681 [pool-693-thread-1] INFO  server.RaftServerConfigKeys (ConfUtils.java:logGet(43)) - raft.server.log.appender.buffer.byte-limit = 33554432 (custom)
2019-09-26 10:07:22,681 [pool-693-thread-1] INFO  server.RaftServerConfigKeys (ConfUtils.java:logGet(43)) - raft.server.log.segment.size.max = 1048576 (custom)
2019-09-26 10:07:22,681 [pool-693-thread-1] INFO  server.RaftServerConfigKeys (ConfUtils.java:logGet(43)) - raft.server.log.segment.cache.num.max = 2 (custom)
2019-09-26 10:07:22,681 [pool-693-thread-1] INFO  segmented.SegmentedRaftLogWorker (SegmentedRaftLogWorker.java:<init>(172)) - new 9cafecc4-59b7-45e3-9675-340d3e2c3fab@group-7B7670B1D956-SegmentedRaftLogWorker for RaftStorage:Storage Directory /workdir/hadoop-ozone/integration-test/target/test-dir/MiniOzoneClusterImpl-af826fcf-2e4c-4099-bed4-c1b0f0495924/datanode-2/data/ratis/3220d6b6-fef9-4276-8481-7b7670b1d956
2019-09-26 10:07:22,681 [pool-693-thread-1] INFO  server.RaftServerConfigKeys (ConfUtils.java:logGet(43)) - raft.server.log.queue.byte-limit = 2147483647 (custom)
2019-09-26 10:07:22,681 [pool-693-thread-1] INFO  server.RaftServerConfigKeys (ConfUtils.java:logGet(43)) - raft.server.log.queue.element-limit = 1024 (custom)
2019-09-26 10:07:22,682 [pool-693-thread-1] INFO  server.RaftServerConfigKeys (ConfUtils.java:logGet(43)) - raft.server.log.segment.size.max = 1048576 (custom)
2019-09-26 10:07:22,682 [pool-693-thread-1] INFO  server.RaftServerConfigKeys (ConfUtils.java:logGet(43)) - raft.server.log.preallocated.size = 16384 (custom)
2019-09-26 10:07:22,682 [pool-693-thread-1] INFO  server.RaftServerConfigKeys (ConfUtils.java:logGet(43)) - raft.server.log.write.buffer.size = 33554432 (custom)
2019-09-26 10:07:22,682 [pool-693-thread-1] INFO  server.RaftServerConfigKeys (ConfUtils.java:logGet(43)) - raft.server.log.force.sync.num = 128 (default)
2019-09-26 10:07:22,682 [pool-693-thread-1] INFO  server.RaftServerConfigKeys (ConfUtils.java:logGet(43)) - raft.server.log.statemachine.data.sync = true (default)
2019-09-26 10:07:22,682 [pool-693-thread-1] INFO  server.RaftServerConfigKeys (ConfUtils.java:logGet(43)) - raft.server.log.statemachine.data.sync.timeout = 10s (default)
2019-09-26 10:07:22,683 [pool-693-thread-1] INFO  server.RaftServerConfigKeys (ConfUtils.java:logGet(43)) - raft.server.log.statemachine.data.sync.timeout.retry = -1 (default)
2019-09-26 10:07:22,683 [pool-693-thread-1] INFO  server.RaftServerConfigKeys (ConfUtils.java:logGet(43)) - raft.server.log.statemachine.data.caching.enabled = true (custom)
2019-09-26 10:07:22,683 [pool-693-thread-1] INFO  segmented.SegmentedRaftLogWorker (SegmentedRaftLogWorker.java:lambda$new$0(132)) - 9cafecc4-59b7-45e3-9675-340d3e2c3fab@group-7B7670B1D956-SegmentedRaftLogWorker: flushIndex: setUnconditionally 0 -> -1
2019-09-26 10:07:22,683 [pool-693-thread-1] INFO  server.RaftServerConfigKeys (ConfUtils.java:logGet(43)) - raft.server.snapshot.auto.trigger.enabled = true (custom)
2019-09-26 10:07:22,684 [pool-693-thread-1] INFO  server.RaftServerConfigKeys (ConfUtils.java:logGet(43)) - raft.server.snapshot.auto.trigger.threshold = 10000 (custom)
2019-09-26 10:07:22,684 [pool-693-thread-1] INFO  server.RaftServerConfigKeys (ConfUtils.java:logGet(43)) - raft.server.snapshot.retention.num.files = 5 (custom)
2019-09-26 10:07:22,684 [pool-693-thread-1] INFO  server.RaftServerConfigKeys (ConfUtils.java:logGet(43)) - raft.server.retrycache.expirytime = 600000ms (custom)
2019-09-26 10:07:22,686 [pool-693-thread-1] INFO  impl.RaftServerImpl (RaftServerImpl.java:start(185)) - 9cafecc4-59b7-45e3-9675-340d3e2c3fab@group-7B7670B1D956: start as a follower, conf=-1: [9cafecc4-59b7-45e3-9675-340d3e2c3fab:192.168.30.13:33904], old=null
2019-09-26 10:07:22,686 [pool-693-thread-1] INFO  impl.RaftServerImpl (RaftServerImpl.java:setRole(174)) - 9cafecc4-59b7-45e3-9675-340d3e2c3fab@group-7B7670B1D956: changes role from      null to FOLLOWER at term 0 for startAsFollower
2019-09-26 10:07:22,686 [pool-693-thread-1] INFO  impl.RoleInfo (RoleInfo.java:updateAndGet(143)) - 9cafecc4-59b7-45e3-9675-340d3e2c3fab: start FollowerState
2019-09-26 10:07:22,687 [pool-693-thread-1] INFO  util.JmxRegister (JmxRegister.java:tryRegister(44)) - Successfully registered JMX Bean with object name Ratis:service=RaftServer,group=group-7B7670B1D956,id=9cafecc4-59b7-45e3-9675-340d3e2c3fab
2019-09-26 10:07:22,689 [RatisPipelineUtilsThread] INFO  pipeline.PipelineStateManager (PipelineStateManager.java:addPipeline(56)) - Created pipeline Pipeline[ Id: 3220d6b6-fef9-4276-8481-7b7670b1d956, Nodes: 9cafecc4-59b7-45e3-9675-340d3e2c3fab{ip: 192.168.30.13, host: pr-hdds-1569-wvzgm-824869521, networkLocation: /default-rack, certSerialId: null}, Type:RATIS, Factor:ONE, State:OPEN]
2019-09-26 10:07:22,689 [RatisPipelineUtilsThread] INFO  pipeline.PipelinePlacementPolicy (PipelinePlacementPolicy.java:meetCriteria(91)) - Pipeline Placement: can't place more pipeline on heavy datanode： 9c045c9c-ba1f-4aea-ae51-5b8bdd601291 Heaviness: 6 limit: 5
2019-09-26 10:07:22,693 [grpc-default-executor-1] INFO  impl.RaftServerProxy (RaftServerProxy.java:addNew(89)) - d1f6f5bd-a733-436d-b89d-c17e8804c490: addNew group-3BE02FB7C5C4:[d1f6f5bd-a733-436d-b89d-c17e8804c490:192.168.30.13:37835] returns group-3BE02FB7C5C4:java.util.concurrent.CompletableFuture@ee698ed[Not completed]
2019-09-26 10:07:22,694 [pool-713-thread-1] INFO  impl.RaftServerImpl (RaftServerImpl.java:<init>(95)) - d1f6f5bd-a733-436d-b89d-c17e8804c490: new RaftServerImpl for group-3BE02FB7C5C4:[d1f6f5bd-a733-436d-b89d-c17e8804c490:192.168.30.13:37835] with ContainerStateMachine:uninitialized
2019-09-26 10:07:22,694 [pool-713-thread-1] INFO  server.RaftServerConfigKeys (ConfUtils.java:logGet(43)) - raft.server.rpc.timeout.min = 5s (custom)
2019-09-26 10:07:22,694 [pool-713-thread-1] INFO  server.RaftServerConfigKeys (ConfUtils.java:logGet(43)) - raft.server.rpc.timeout.max = 5200ms (custom)
2019-09-26 10:07:22,694 [pool-713-thread-1] INFO  server.RaftServerConfigKeys (ConfUtils.java:logGet(43)) - raft.server.rpcslowness.timeout = 120s (custom)
2019-09-26 10:07:22,694 [pool-713-thread-1] INFO  server.RaftServerConfigKeys (ConfUtils.java:logGet(43)) - raft.server.sleep.deviation.threshold = 300 (default)
2019-09-26 10:07:22,694 [pool-713-thread-1] INFO  server.RaftServerConfigKeys (ConfUtils.java:logGet(43)) - raft.server.log.appender.install.snapshot.enabled = false (custom)
2019-09-26 10:07:22,695 [pool-713-thread-1] INFO  impl.RaftServerImpl (ServerState.java:<init>(103)) - d1f6f5bd-a733-436d-b89d-c17e8804c490@group-3BE02FB7C5C4: ConfigurationManager, init=-1: [d1f6f5bd-a733-436d-b89d-c17e8804c490:192.168.30.13:37835], old=null, confs=<EMPTY_MAP>
2019-09-26 10:07:22,695 [pool-713-thread-1] INFO  server.RaftServerConfigKeys (ConfUtils.java:logGet(43)) - raft.server.storage.dir = [/workdir/hadoop-ozone/integration-test/target/test-dir/MiniOzoneClusterImpl-af826fcf-2e4c-4099-bed4-c1b0f0495924/datanode-4/data/ratis] (custom)
2019-09-26 10:07:22,695 [pool-713-thread-1] INFO  storage.RaftStorageDirectory (RaftStorageDirectory.java:analyzeStorage(246)) - The storage directory /workdir/hadoop-ozone/integration-test/target/test-dir/MiniOzoneClusterImpl-af826fcf-2e4c-4099-bed4-c1b0f0495924/datanode-4/data/ratis/edd68064-3844-483a-9a5a-3be02fb7c5c4 does not exist. Creating ...
2019-09-26 10:07:22,709 [pool-713-thread-1] INFO  storage.RaftStorageDirectory (RaftStorageDirectory.java:tryLock(328)) - Lock on /workdir/hadoop-ozone/integration-test/target/test-dir/MiniOzoneClusterImpl-af826fcf-2e4c-4099-bed4-c1b0f0495924/datanode-4/data/ratis/edd68064-3844-483a-9a5a-3be02fb7c5c4/in_use.lock acquired by nodename 19604@pr-hdds-1569-wvzgm-824869521
2019-09-26 10:07:22,722 [pool-713-thread-1] INFO  storage.RaftStorage (RaftStorage.java:format(72)) - Storage directory /workdir/hadoop-ozone/integration-test/target/test-dir/MiniOzoneClusterImpl-af826fcf-2e4c-4099-bed4-c1b0f0495924/datanode-4/data/ratis/edd68064-3844-483a-9a5a-3be02fb7c5c4 has been successfully formatted.
2019-09-26 10:07:22,722 [pool-713-thread-1] INFO  ratis.ContainerStateMachine (ContainerStateMachine.java:loadSnapshot(230)) - group-3BE02FB7C5C4: The snapshot info is null. Setting the last applied indexto:(t:0, i:~)
2019-09-26 10:07:22,723 [pool-713-thread-1] INFO  server.RaftServerConfigKeys (ConfUtils.java:logGet(43)) - raft.server.notification.no-leader.timeout = 120s (custom)
2019-09-26 10:07:22,723 [pool-713-thread-1] INFO  server.RaftServerConfigKeys (ConfUtils.java:logGet(43)) - raft.server.log.use.memory = false (default)
2019-09-26 10:07:22,723 [pool-713-thread-1] INFO  server.RaftServerConfigKeys (ConfUtils.java:logGet(43)) - raft.server.log.purge.gap = 1000000 (custom)
2019-09-26 10:07:22,723 [pool-713-thread-1] INFO  server.RaftServerConfigKeys (ConfUtils.java:logGet(43)) - raft.server.log.appender.buffer.byte-limit = 33554432 (custom)
2019-09-26 10:07:22,723 [pool-713-thread-1] INFO  server.RaftServerConfigKeys (ConfUtils.java:logGet(43)) - raft.server.log.segment.size.max = 1048576 (custom)
2019-09-26 10:07:22,723 [pool-713-thread-1] INFO  server.RaftServerConfigKeys (ConfUtils.java:logGet(43)) - raft.server.log.segment.cache.num.max = 2 (custom)
2019-09-26 10:07:22,724 [pool-713-thread-1] INFO  segmented.SegmentedRaftLogWorker (SegmentedRaftLogWorker.java:<init>(172)) - new d1f6f5bd-a733-436d-b89d-c17e8804c490@group-3BE02FB7C5C4-SegmentedRaftLogWorker for RaftStorage:Storage Directory /workdir/hadoop-ozone/integration-test/target/test-dir/MiniOzoneClusterImpl-af826fcf-2e4c-4099-bed4-c1b0f0495924/datanode-4/data/ratis/edd68064-3844-483a-9a5a-3be02fb7c5c4
2019-09-26 10:07:22,724 [pool-713-thread-1] INFO  server.RaftServerConfigKeys (ConfUtils.java:logGet(43)) - raft.server.log.queue.byte-limit = 2147483647 (custom)
2019-09-26 10:07:22,724 [pool-713-thread-1] INFO  server.RaftServerConfigKeys (ConfUtils.java:logGet(43)) - raft.server.log.queue.element-limit = 1024 (custom)
2019-09-26 10:07:22,724 [pool-713-thread-1] INFO  server.RaftServerConfigKeys (ConfUtils.java:logGet(43)) - raft.server.log.segment.size.max = 1048576 (custom)
2019-09-26 10:07:22,724 [pool-713-thread-1] INFO  server.RaftServerConfigKeys (ConfUtils.java:logGet(43)) - raft.server.log.preallocated.size = 16384 (custom)
2019-09-26 10:07:22,724 [pool-713-thread-1] INFO  server.RaftServerConfigKeys (ConfUtils.java:logGet(43)) - raft.server.log.write.buffer.size = 33554432 (custom)
2019-09-26 10:07:22,725 [pool-713-thread-1] INFO  server.RaftServerConfigKeys (ConfUtils.java:logGet(43)) - raft.server.log.force.sync.num = 128 (default)
2019-09-26 10:07:22,725 [pool-713-thread-1] INFO  server.RaftServerConfigKeys (ConfUtils.java:logGet(43)) - raft.server.log.statemachine.data.sync = true (default)
2019-09-26 10:07:22,725 [pool-713-thread-1] INFO  server.RaftServerConfigKeys (ConfUtils.java:logGet(43)) - raft.server.log.statemachine.data.sync.timeout = 10s (default)
2019-09-26 10:07:22,725 [pool-713-thread-1] INFO  server.RaftServerConfigKeys (ConfUtils.java:logGet(43)) - raft.server.log.statemachine.data.sync.timeout.retry = -1 (default)
2019-09-26 10:07:22,725 [pool-713-thread-1] INFO  server.RaftServerConfigKeys (ConfUtils.java:logGet(43)) - raft.server.log.statemachine.data.caching.enabled = true (custom)
2019-09-26 10:07:22,726 [pool-713-thread-1] INFO  segmented.SegmentedRaftLogWorker (SegmentedRaftLogWorker.java:lambda$new$0(132)) - d1f6f5bd-a733-436d-b89d-c17e8804c490@group-3BE02FB7C5C4-SegmentedRaftLogWorker: flushIndex: setUnconditionally 0 -> -1
2019-09-26 10:07:22,726 [pool-713-thread-1] INFO  server.RaftServerConfigKeys (ConfUtils.java:logGet(43)) - raft.server.snapshot.auto.trigger.enabled = true (custom)
2019-09-26 10:07:22,726 [pool-713-thread-1] INFO  server.RaftServerConfigKeys (ConfUtils.java:logGet(43)) - raft.server.snapshot.auto.trigger.threshold = 10000 (custom)
2019-09-26 10:07:22,726 [pool-713-thread-1] INFO  server.RaftServerConfigKeys (ConfUtils.java:logGet(43)) - raft.server.snapshot.retention.num.files = 5 (custom)
2019-09-26 10:07:22,726 [pool-713-thread-1] INFO  server.RaftServerConfigKeys (ConfUtils.java:logGet(43)) - raft.server.retrycache.expirytime = 600000ms (custom)
2019-09-26 10:07:22,729 [pool-713-thread-1] INFO  impl.RaftServerImpl (RaftServerImpl.java:start(185)) - d1f6f5bd-a733-436d-b89d-c17e8804c490@group-3BE02FB7C5C4: start as a follower, conf=-1: [d1f6f5bd-a733-436d-b89d-c17e8804c490:192.168.30.13:37835], old=null
2019-09-26 10:07:22,729 [pool-713-thread-1] INFO  impl.RaftServerImpl (RaftServerImpl.java:setRole(174)) - d1f6f5bd-a733-436d-b89d-c17e8804c490@group-3BE02FB7C5C4: changes role from      null to FOLLOWER at term 0 for startAsFollower
2019-09-26 10:07:22,729 [pool-713-thread-1] INFO  impl.RoleInfo (RoleInfo.java:updateAndGet(143)) - d1f6f5bd-a733-436d-b89d-c17e8804c490: start FollowerState
2019-09-26 10:07:22,729 [pool-713-thread-1] INFO  util.JmxRegister (JmxRegister.java:tryRegister(44)) - Successfully registered JMX Bean with object name Ratis:service=RaftServer,group=group-3BE02FB7C5C4,id=d1f6f5bd-a733-436d-b89d-c17e8804c490
2019-09-26 10:07:22,732 [RatisPipelineUtilsThread] INFO  pipeline.PipelineStateManager (PipelineStateManager.java:addPipeline(56)) - Created pipeline Pipeline[ Id: edd68064-3844-483a-9a5a-3be02fb7c5c4, Nodes: d1f6f5bd-a733-436d-b89d-c17e8804c490{ip: 192.168.30.13, host: pr-hdds-1569-wvzgm-824869521, networkLocation: /default-rack, certSerialId: null}, Type:RATIS, Factor:ONE, State:OPEN]
2019-09-26 10:07:22,732 [RatisPipelineUtilsThread] INFO  pipeline.PipelinePlacementPolicy (PipelinePlacementPolicy.java:meetCriteria(91)) - Pipeline Placement: can't place more pipeline on heavy datanode： 9c045c9c-ba1f-4aea-ae51-5b8bdd601291 Heaviness: 6 limit: 5
2019-09-26 10:07:22,736 [grpc-default-executor-1] INFO  impl.RaftServerProxy (RaftServerProxy.java:addNew(89)) - 5955fc00-f5b8-4418-b414-62f2e5ec1764: addNew group-BF0978A44809:[5955fc00-f5b8-4418-b414-62f2e5ec1764:192.168.30.13:35778] returns group-BF0978A44809:java.util.concurrent.CompletableFuture@54b73a6b[Not completed]
2019-09-26 10:07:22,738 [pool-683-thread-1] INFO  impl.RaftServerImpl (RaftServerImpl.java:<init>(95)) - 5955fc00-f5b8-4418-b414-62f2e5ec1764: new RaftServerImpl for group-BF0978A44809:[5955fc00-f5b8-4418-b414-62f2e5ec1764:192.168.30.13:35778] with ContainerStateMachine:uninitialized
2019-09-26 10:07:22,738 [pool-683-thread-1] INFO  server.RaftServerConfigKeys (ConfUtils.java:logGet(43)) - raft.server.rpc.timeout.min = 5s (custom)
2019-09-26 10:07:22,738 [pool-683-thread-1] INFO  server.RaftServerConfigKeys (ConfUtils.java:logGet(43)) - raft.server.rpc.timeout.max = 5200ms (custom)
2019-09-26 10:07:22,738 [pool-683-thread-1] INFO  server.RaftServerConfigKeys (ConfUtils.java:logGet(43)) - raft.server.rpcslowness.timeout = 120s (custom)
2019-09-26 10:07:22,738 [pool-683-thread-1] INFO  server.RaftServerConfigKeys (ConfUtils.java:logGet(43)) - raft.server.sleep.deviation.threshold = 300 (default)
2019-09-26 10:07:22,738 [pool-683-thread-1] INFO  server.RaftServerConfigKeys (ConfUtils.java:logGet(43)) - raft.server.log.appender.install.snapshot.enabled = false (custom)
2019-09-26 10:07:22,739 [pool-683-thread-1] INFO  impl.RaftServerImpl (ServerState.java:<init>(103)) - 5955fc00-f5b8-4418-b414-62f2e5ec1764@group-BF0978A44809: ConfigurationManager, init=-1: [5955fc00-f5b8-4418-b414-62f2e5ec1764:192.168.30.13:35778], old=null, confs=<EMPTY_MAP>
2019-09-26 10:07:22,739 [pool-683-thread-1] INFO  server.RaftServerConfigKeys (ConfUtils.java:logGet(43)) - raft.server.storage.dir = [/workdir/hadoop-ozone/integration-test/target/test-dir/MiniOzoneClusterImpl-af826fcf-2e4c-4099-bed4-c1b0f0495924/datanode-1/data/ratis] (custom)
2019-09-26 10:07:22,739 [pool-683-thread-1] INFO  storage.RaftStorageDirectory (RaftStorageDirectory.java:analyzeStorage(246)) - The storage directory /workdir/hadoop-ozone/integration-test/target/test-dir/MiniOzoneClusterImpl-af826fcf-2e4c-4099-bed4-c1b0f0495924/datanode-1/data/ratis/79a86895-4393-44da-91fb-bf0978a44809 does not exist. Creating ...
2019-09-26 10:07:22,751 [pool-683-thread-1] INFO  storage.RaftStorageDirectory (RaftStorageDirectory.java:tryLock(328)) - Lock on /workdir/hadoop-ozone/integration-test/target/test-dir/MiniOzoneClusterImpl-af826fcf-2e4c-4099-bed4-c1b0f0495924/datanode-1/data/ratis/79a86895-4393-44da-91fb-bf0978a44809/in_use.lock acquired by nodename 19604@pr-hdds-1569-wvzgm-824869521
2019-09-26 10:07:22,772 [pool-683-thread-1] INFO  storage.RaftStorage (RaftStorage.java:format(72)) - Storage directory /workdir/hadoop-ozone/integration-test/target/test-dir/MiniOzoneClusterImpl-af826fcf-2e4c-4099-bed4-c1b0f0495924/datanode-1/data/ratis/79a86895-4393-44da-91fb-bf0978a44809 has been successfully formatted.
2019-09-26 10:07:22,772 [pool-683-thread-1] INFO  ratis.ContainerStateMachine (ContainerStateMachine.java:loadSnapshot(230)) - group-BF0978A44809: The snapshot info is null. Setting the last applied indexto:(t:0, i:~)
2019-09-26 10:07:22,772 [pool-683-thread-1] INFO  server.RaftServerConfigKeys (ConfUtils.java:logGet(43)) - raft.server.notification.no-leader.timeout = 120s (custom)
2019-09-26 10:07:22,772 [pool-683-thread-1] INFO  server.RaftServerConfigKeys (ConfUtils.java:logGet(43)) - raft.server.log.use.memory = false (default)
2019-09-26 10:07:22,772 [pool-683-thread-1] INFO  server.RaftServerConfigKeys (ConfUtils.java:logGet(43)) - raft.server.log.purge.gap = 1000000 (custom)
2019-09-26 10:07:22,773 [pool-683-thread-1] INFO  server.RaftServerConfigKeys (ConfUtils.java:logGet(43)) - raft.server.log.appender.buffer.byte-limit = 33554432 (custom)
2019-09-26 10:07:22,773 [pool-683-thread-1] INFO  server.RaftServerConfigKeys (ConfUtils.java:logGet(43)) - raft.server.log.segment.size.max = 1048576 (custom)
2019-09-26 10:07:22,773 [pool-683-thread-1] INFO  server.RaftServerConfigKeys (ConfUtils.java:logGet(43)) - raft.server.log.segment.cache.num.max = 2 (custom)
2019-09-26 10:07:22,773 [pool-683-thread-1] INFO  segmented.SegmentedRaftLogWorker (SegmentedRaftLogWorker.java:<init>(172)) - new 5955fc00-f5b8-4418-b414-62f2e5ec1764@group-BF0978A44809-SegmentedRaftLogWorker for RaftStorage:Storage Directory /workdir/hadoop-ozone/integration-test/target/test-dir/MiniOzoneClusterImpl-af826fcf-2e4c-4099-bed4-c1b0f0495924/datanode-1/data/ratis/79a86895-4393-44da-91fb-bf0978a44809
2019-09-26 10:07:22,773 [pool-683-thread-1] INFO  server.RaftServerConfigKeys (ConfUtils.java:logGet(43)) - raft.server.log.queue.byte-limit = 2147483647 (custom)
2019-09-26 10:07:22,773 [pool-683-thread-1] INFO  server.RaftServerConfigKeys (ConfUtils.java:logGet(43)) - raft.server.log.queue.element-limit = 1024 (custom)
2019-09-26 10:07:22,774 [pool-683-thread-1] INFO  server.RaftServerConfigKeys (ConfUtils.java:logGet(43)) - raft.server.log.segment.size.max = 1048576 (custom)
2019-09-26 10:07:22,774 [pool-683-thread-1] INFO  server.RaftServerConfigKeys (ConfUtils.java:logGet(43)) - raft.server.log.preallocated.size = 16384 (custom)
2019-09-26 10:07:22,774 [pool-683-thread-1] INFO  server.RaftServerConfigKeys (ConfUtils.java:logGet(43)) - raft.server.log.write.buffer.size = 33554432 (custom)
2019-09-26 10:07:22,774 [pool-683-thread-1] INFO  server.RaftServerConfigKeys (ConfUtils.java:logGet(43)) - raft.server.log.force.sync.num = 128 (default)
2019-09-26 10:07:22,774 [pool-683-thread-1] INFO  server.RaftServerConfigKeys (ConfUtils.java:logGet(43)) - raft.server.log.statemachine.data.sync = true (default)
2019-09-26 10:07:22,774 [pool-683-thread-1] INFO  server.RaftServerConfigKeys (ConfUtils.java:logGet(43)) - raft.server.log.statemachine.data.sync.timeout = 10s (default)
2019-09-26 10:07:22,775 [pool-683-thread-1] INFO  server.RaftServerConfigKeys (ConfUtils.java:logGet(43)) - raft.server.log.statemachine.data.sync.timeout.retry = -1 (default)
2019-09-26 10:07:22,775 [pool-683-thread-1] INFO  server.RaftServerConfigKeys (ConfUtils.java:logGet(43)) - raft.server.log.statemachine.data.caching.enabled = true (custom)
2019-09-26 10:07:22,775 [pool-683-thread-1] INFO  segmented.SegmentedRaftLogWorker (SegmentedRaftLogWorker.java:lambda$new$0(132)) - 5955fc00-f5b8-4418-b414-62f2e5ec1764@group-BF0978A44809-SegmentedRaftLogWorker: flushIndex: setUnconditionally 0 -> -1
2019-09-26 10:07:22,775 [pool-683-thread-1] INFO  server.RaftServerConfigKeys (ConfUtils.java:logGet(43)) - raft.server.snapshot.auto.trigger.enabled = true (custom)
2019-09-26 10:07:22,776 [pool-683-thread-1] INFO  server.RaftServerConfigKeys (ConfUtils.java:logGet(43)) - raft.server.snapshot.auto.trigger.threshold = 10000 (custom)
2019-09-26 10:07:22,776 [pool-683-thread-1] INFO  server.RaftServerConfigKeys (ConfUtils.java:logGet(43)) - raft.server.snapshot.retention.num.files = 5 (custom)
2019-09-26 10:07:22,776 [pool-683-thread-1] INFO  server.RaftServerConfigKeys (ConfUtils.java:logGet(43)) - raft.server.retrycache.expirytime = 600000ms (custom)
2019-09-26 10:07:22,778 [pool-683-thread-1] INFO  impl.RaftServerImpl (RaftServerImpl.java:start(185)) - 5955fc00-f5b8-4418-b414-62f2e5ec1764@group-BF0978A44809: start as a follower, conf=-1: [5955fc00-f5b8-4418-b414-62f2e5ec1764:192.168.30.13:35778], old=null
2019-09-26 10:07:22,778 [pool-683-thread-1] INFO  impl.RaftServerImpl (RaftServerImpl.java:setRole(174)) - 5955fc00-f5b8-4418-b414-62f2e5ec1764@group-BF0978A44809: changes role from      null to FOLLOWER at term 0 for startAsFollower
2019-09-26 10:07:22,778 [pool-683-thread-1] INFO  impl.RoleInfo (RoleInfo.java:updateAndGet(143)) - 5955fc00-f5b8-4418-b414-62f2e5ec1764: start FollowerState
2019-09-26 10:07:22,779 [pool-683-thread-1] INFO  util.JmxRegister (JmxRegister.java:tryRegister(44)) - Successfully registered JMX Bean with object name Ratis:service=RaftServer,group=group-BF0978A44809,id=5955fc00-f5b8-4418-b414-62f2e5ec1764
2019-09-26 10:07:22,781 [RatisPipelineUtilsThread] INFO  pipeline.PipelineStateManager (PipelineStateManager.java:addPipeline(56)) - Created pipeline Pipeline[ Id: 79a86895-4393-44da-91fb-bf0978a44809, Nodes: 5955fc00-f5b8-4418-b414-62f2e5ec1764{ip: 192.168.30.13, host: pr-hdds-1569-wvzgm-824869521, networkLocation: /default-rack, certSerialId: null}, Type:RATIS, Factor:ONE, State:OPEN]
2019-09-26 10:07:22,781 [RatisPipelineUtilsThread] INFO  pipeline.PipelinePlacementPolicy (PipelinePlacementPolicy.java:meetCriteria(91)) - Pipeline Placement: can't place more pipeline on heavy datanode： 9c045c9c-ba1f-4aea-ae51-5b8bdd601291 Heaviness: 6 limit: 5
2019-09-26 10:07:22,781 [RatisPipelineUtilsThread] INFO  pipeline.PipelinePlacementPolicy (PipelinePlacementPolicy.java:meetCriteria(91)) - Pipeline Placement: can't place more pipeline on heavy datanode： 5955fc00-f5b8-4418-b414-62f2e5ec1764 Heaviness: 6 limit: 5
2019-09-26 10:07:22,785 [grpc-default-executor-1] INFO  impl.RaftServerProxy (RaftServerProxy.java:addNew(89)) - 9cafecc4-59b7-45e3-9675-340d3e2c3fab: addNew group-495389C4E655:[9cafecc4-59b7-45e3-9675-340d3e2c3fab:192.168.30.13:33904] returns group-495389C4E655:java.util.concurrent.CompletableFuture@45417f7d[Not completed]
2019-09-26 10:07:22,786 [pool-693-thread-1] INFO  impl.RaftServerImpl (RaftServerImpl.java:<init>(95)) - 9cafecc4-59b7-45e3-9675-340d3e2c3fab: new RaftServerImpl for group-495389C4E655:[9cafecc4-59b7-45e3-9675-340d3e2c3fab:192.168.30.13:33904] with ContainerStateMachine:uninitialized
2019-09-26 10:07:22,786 [pool-693-thread-1] INFO  server.RaftServerConfigKeys (ConfUtils.java:logGet(43)) - raft.server.rpc.timeout.min = 5s (custom)
2019-09-26 10:07:22,786 [pool-693-thread-1] INFO  server.RaftServerConfigKeys (ConfUtils.java:logGet(43)) - raft.server.rpc.timeout.max = 5200ms (custom)
2019-09-26 10:07:22,787 [pool-693-thread-1] INFO  server.RaftServerConfigKeys (ConfUtils.java:logGet(43)) - raft.server.rpcslowness.timeout = 120s (custom)
2019-09-26 10:07:22,787 [pool-693-thread-1] INFO  server.RaftServerConfigKeys (ConfUtils.java:logGet(43)) - raft.server.sleep.deviation.threshold = 300 (default)
2019-09-26 10:07:22,787 [pool-693-thread-1] INFO  server.RaftServerConfigKeys (ConfUtils.java:logGet(43)) - raft.server.log.appender.install.snapshot.enabled = false (custom)
2019-09-26 10:07:22,787 [pool-693-thread-1] INFO  impl.RaftServerImpl (ServerState.java:<init>(103)) - 9cafecc4-59b7-45e3-9675-340d3e2c3fab@group-495389C4E655: ConfigurationManager, init=-1: [9cafecc4-59b7-45e3-9675-340d3e2c3fab:192.168.30.13:33904], old=null, confs=<EMPTY_MAP>
2019-09-26 10:07:22,787 [pool-693-thread-1] INFO  server.RaftServerConfigKeys (ConfUtils.java:logGet(43)) - raft.server.storage.dir = [/workdir/hadoop-ozone/integration-test/target/test-dir/MiniOzoneClusterImpl-af826fcf-2e4c-4099-bed4-c1b0f0495924/datanode-2/data/ratis] (custom)
2019-09-26 10:07:22,787 [pool-693-thread-1] INFO  storage.RaftStorageDirectory (RaftStorageDirectory.java:analyzeStorage(246)) - The storage directory /workdir/hadoop-ozone/integration-test/target/test-dir/MiniOzoneClusterImpl-af826fcf-2e4c-4099-bed4-c1b0f0495924/datanode-2/data/ratis/998ab196-2ae2-4a0f-93b3-495389c4e655 does not exist. Creating ...
2019-09-26 10:07:22,801 [pool-693-thread-1] INFO  storage.RaftStorageDirectory (RaftStorageDirectory.java:tryLock(328)) - Lock on /workdir/hadoop-ozone/integration-test/target/test-dir/MiniOzoneClusterImpl-af826fcf-2e4c-4099-bed4-c1b0f0495924/datanode-2/data/ratis/998ab196-2ae2-4a0f-93b3-495389c4e655/in_use.lock acquired by nodename 19604@pr-hdds-1569-wvzgm-824869521
2019-09-26 10:07:22,814 [pool-693-thread-1] INFO  storage.RaftStorage (RaftStorage.java:format(72)) - Storage directory /workdir/hadoop-ozone/integration-test/target/test-dir/MiniOzoneClusterImpl-af826fcf-2e4c-4099-bed4-c1b0f0495924/datanode-2/data/ratis/998ab196-2ae2-4a0f-93b3-495389c4e655 has been successfully formatted.
2019-09-26 10:07:22,814 [pool-693-thread-1] INFO  ratis.ContainerStateMachine (ContainerStateMachine.java:loadSnapshot(230)) - group-495389C4E655: The snapshot info is null. Setting the last applied indexto:(t:0, i:~)
2019-09-26 10:07:22,815 [pool-693-thread-1] INFO  server.RaftServerConfigKeys (ConfUtils.java:logGet(43)) - raft.server.notification.no-leader.timeout = 120s (custom)
2019-09-26 10:07:22,815 [pool-693-thread-1] INFO  server.RaftServerConfigKeys (ConfUtils.java:logGet(43)) - raft.server.log.use.memory = false (default)
2019-09-26 10:07:22,815 [pool-693-thread-1] INFO  server.RaftServerConfigKeys (ConfUtils.java:logGet(43)) - raft.server.log.purge.gap = 1000000 (custom)
2019-09-26 10:07:22,815 [pool-693-thread-1] INFO  server.RaftServerConfigKeys (ConfUtils.java:logGet(43)) - raft.server.log.appender.buffer.byte-limit = 33554432 (custom)
2019-09-26 10:07:22,815 [pool-693-thread-1] INFO  server.RaftServerConfigKeys (ConfUtils.java:logGet(43)) - raft.server.log.segment.size.max = 1048576 (custom)
2019-09-26 10:07:22,815 [pool-693-thread-1] INFO  server.RaftServerConfigKeys (ConfUtils.java:logGet(43)) - raft.server.log.segment.cache.num.max = 2 (custom)
2019-09-26 10:07:22,816 [pool-693-thread-1] INFO  segmented.SegmentedRaftLogWorker (SegmentedRaftLogWorker.java:<init>(172)) - new 9cafecc4-59b7-45e3-9675-340d3e2c3fab@group-495389C4E655-SegmentedRaftLogWorker for RaftStorage:Storage Directory /workdir/hadoop-ozone/integration-test/target/test-dir/MiniOzoneClusterImpl-af826fcf-2e4c-4099-bed4-c1b0f0495924/datanode-2/data/ratis/998ab196-2ae2-4a0f-93b3-495389c4e655
2019-09-26 10:07:22,816 [pool-693-thread-1] INFO  server.RaftServerConfigKeys (ConfUtils.java:logGet(43)) - raft.server.log.queue.byte-limit = 2147483647 (custom)
2019-09-26 10:07:22,816 [pool-693-thread-1] INFO  server.RaftServerConfigKeys (ConfUtils.java:logGet(43)) - raft.server.log.queue.element-limit = 1024 (custom)
2019-09-26 10:07:22,816 [pool-693-thread-1] INFO  server.RaftServerConfigKeys (ConfUtils.java:logGet(43)) - raft.server.log.segment.size.max = 1048576 (custom)
2019-09-26 10:07:22,816 [pool-693-thread-1] INFO  server.RaftServerConfigKeys (ConfUtils.java:logGet(43)) - raft.server.log.preallocated.size = 16384 (custom)
2019-09-26 10:07:22,816 [pool-693-thread-1] INFO  server.RaftServerConfigKeys (ConfUtils.java:logGet(43)) - raft.server.log.write.buffer.size = 33554432 (custom)
2019-09-26 10:07:22,816 [pool-693-thread-1] INFO  server.RaftServerConfigKeys (ConfUtils.java:logGet(43)) - raft.server.log.force.sync.num = 128 (default)
2019-09-26 10:07:22,817 [pool-693-thread-1] INFO  server.RaftServerConfigKeys (ConfUtils.java:logGet(43)) - raft.server.log.statemachine.data.sync = true (default)
2019-09-26 10:07:22,817 [pool-693-thread-1] INFO  server.RaftServerConfigKeys (ConfUtils.java:logGet(43)) - raft.server.log.statemachine.data.sync.timeout = 10s (default)
2019-09-26 10:07:22,817 [pool-693-thread-1] INFO  server.RaftServerConfigKeys (ConfUtils.java:logGet(43)) - raft.server.log.statemachine.data.sync.timeout.retry = -1 (default)
2019-09-26 10:07:22,817 [pool-693-thread-1] INFO  server.RaftServerConfigKeys (ConfUtils.java:logGet(43)) - raft.server.log.statemachine.data.caching.enabled = true (custom)
2019-09-26 10:07:22,817 [pool-693-thread-1] INFO  segmented.SegmentedRaftLogWorker (SegmentedRaftLogWorker.java:lambda$new$0(132)) - 9cafecc4-59b7-45e3-9675-340d3e2c3fab@group-495389C4E655-SegmentedRaftLogWorker: flushIndex: setUnconditionally 0 -> -1
2019-09-26 10:07:22,818 [pool-693-thread-1] INFO  server.RaftServerConfigKeys (ConfUtils.java:logGet(43)) - raft.server.snapshot.auto.trigger.enabled = true (custom)
2019-09-26 10:07:22,818 [pool-693-thread-1] INFO  server.RaftServerConfigKeys (ConfUtils.java:logGet(43)) - raft.server.snapshot.auto.trigger.threshold = 10000 (custom)
2019-09-26 10:07:22,818 [pool-693-thread-1] INFO  server.RaftServerConfigKeys (ConfUtils.java:logGet(43)) - raft.server.snapshot.retention.num.files = 5 (custom)
2019-09-26 10:07:22,818 [pool-693-thread-1] INFO  server.RaftServerConfigKeys (ConfUtils.java:logGet(43)) - raft.server.retrycache.expirytime = 600000ms (custom)
2019-09-26 10:07:22,820 [pool-693-thread-1] INFO  impl.RaftServerImpl (RaftServerImpl.java:start(185)) - 9cafecc4-59b7-45e3-9675-340d3e2c3fab@group-495389C4E655: start as a follower, conf=-1: [9cafecc4-59b7-45e3-9675-340d3e2c3fab:192.168.30.13:33904], old=null
2019-09-26 10:07:22,820 [pool-693-thread-1] INFO  impl.RaftServerImpl (RaftServerImpl.java:setRole(174)) - 9cafecc4-59b7-45e3-9675-340d3e2c3fab@group-495389C4E655: changes role from      null to FOLLOWER at term 0 for startAsFollower
2019-09-26 10:07:22,820 [pool-693-thread-1] INFO  impl.RoleInfo (RoleInfo.java:updateAndGet(143)) - 9cafecc4-59b7-45e3-9675-340d3e2c3fab: start FollowerState
2019-09-26 10:07:22,821 [pool-693-thread-1] INFO  util.JmxRegister (JmxRegister.java:tryRegister(44)) - Successfully registered JMX Bean with object name Ratis:service=RaftServer,group=group-495389C4E655,id=9cafecc4-59b7-45e3-9675-340d3e2c3fab
2019-09-26 10:07:22,823 [RatisPipelineUtilsThread] INFO  pipeline.PipelineStateManager (PipelineStateManager.java:addPipeline(56)) - Created pipeline Pipeline[ Id: 998ab196-2ae2-4a0f-93b3-495389c4e655, Nodes: 9cafecc4-59b7-45e3-9675-340d3e2c3fab{ip: 192.168.30.13, host: pr-hdds-1569-wvzgm-824869521, networkLocation: /default-rack, certSerialId: null}, Type:RATIS, Factor:ONE, State:OPEN]
2019-09-26 10:07:22,823 [RatisPipelineUtilsThread] INFO  pipeline.PipelinePlacementPolicy (PipelinePlacementPolicy.java:meetCriteria(91)) - Pipeline Placement: can't place more pipeline on heavy datanode： 9c045c9c-ba1f-4aea-ae51-5b8bdd601291 Heaviness: 6 limit: 5
2019-09-26 10:07:22,824 [RatisPipelineUtilsThread] INFO  pipeline.PipelinePlacementPolicy (PipelinePlacementPolicy.java:meetCriteria(91)) - Pipeline Placement: can't place more pipeline on heavy datanode： 5955fc00-f5b8-4418-b414-62f2e5ec1764 Heaviness: 6 limit: 5
2019-09-26 10:07:22,827 [grpc-default-executor-1] INFO  impl.RaftServerProxy (RaftServerProxy.java:addNew(89)) - e3e9c20d-70c3-4d54-9af3-1020e4c50fd3: addNew group-E93F2354340F:[e3e9c20d-70c3-4d54-9af3-1020e4c50fd3:192.168.30.13:44355] returns group-E93F2354340F:java.util.concurrent.CompletableFuture@57413604[Not completed]
2019-09-26 10:07:22,828 [pool-733-thread-1] INFO  impl.RaftServerImpl (RaftServerImpl.java:<init>(95)) - e3e9c20d-70c3-4d54-9af3-1020e4c50fd3: new RaftServerImpl for group-E93F2354340F:[e3e9c20d-70c3-4d54-9af3-1020e4c50fd3:192.168.30.13:44355] with ContainerStateMachine:uninitialized
2019-09-26 10:07:22,829 [pool-733-thread-1] INFO  server.RaftServerConfigKeys (ConfUtils.java:logGet(43)) - raft.server.rpc.timeout.min = 5s (custom)
2019-09-26 10:07:22,829 [pool-733-thread-1] INFO  server.RaftServerConfigKeys (ConfUtils.java:logGet(43)) - raft.server.rpc.timeout.max = 5200ms (custom)
2019-09-26 10:07:22,829 [pool-733-thread-1] INFO  server.RaftServerConfigKeys (ConfUtils.java:logGet(43)) - raft.server.rpcslowness.timeout = 120s (custom)
2019-09-26 10:07:22,829 [pool-733-thread-1] INFO  server.RaftServerConfigKeys (ConfUtils.java:logGet(43)) - raft.server.sleep.deviation.threshold = 300 (default)
2019-09-26 10:07:22,829 [pool-733-thread-1] INFO  server.RaftServerConfigKeys (ConfUtils.java:logGet(43)) - raft.server.log.appender.install.snapshot.enabled = false (custom)
2019-09-26 10:07:22,829 [pool-733-thread-1] INFO  impl.RaftServerImpl (ServerState.java:<init>(103)) - e3e9c20d-70c3-4d54-9af3-1020e4c50fd3@group-E93F2354340F: ConfigurationManager, init=-1: [e3e9c20d-70c3-4d54-9af3-1020e4c50fd3:192.168.30.13:44355], old=null, confs=<EMPTY_MAP>
2019-09-26 10:07:22,829 [pool-733-thread-1] INFO  server.RaftServerConfigKeys (ConfUtils.java:logGet(43)) - raft.server.storage.dir = [/workdir/hadoop-ozone/integration-test/target/test-dir/MiniOzoneClusterImpl-af826fcf-2e4c-4099-bed4-c1b0f0495924/datanode-6/data/ratis] (custom)
2019-09-26 10:07:22,830 [pool-733-thread-1] INFO  storage.RaftStorageDirectory (RaftStorageDirectory.java:analyzeStorage(246)) - The storage directory /workdir/hadoop-ozone/integration-test/target/test-dir/MiniOzoneClusterImpl-af826fcf-2e4c-4099-bed4-c1b0f0495924/datanode-6/data/ratis/7eb5007e-8b4b-40da-9649-e93f2354340f does not exist. Creating ...
2019-09-26 10:07:22,843 [pool-733-thread-1] INFO  storage.RaftStorageDirectory (RaftStorageDirectory.java:tryLock(328)) - Lock on /workdir/hadoop-ozone/integration-test/target/test-dir/MiniOzoneClusterImpl-af826fcf-2e4c-4099-bed4-c1b0f0495924/datanode-6/data/ratis/7eb5007e-8b4b-40da-9649-e93f2354340f/in_use.lock acquired by nodename 19604@pr-hdds-1569-wvzgm-824869521
2019-09-26 10:07:22,857 [pool-733-thread-1] INFO  storage.RaftStorage (RaftStorage.java:format(72)) - Storage directory /workdir/hadoop-ozone/integration-test/target/test-dir/MiniOzoneClusterImpl-af826fcf-2e4c-4099-bed4-c1b0f0495924/datanode-6/data/ratis/7eb5007e-8b4b-40da-9649-e93f2354340f has been successfully formatted.
2019-09-26 10:07:22,857 [pool-733-thread-1] INFO  ratis.ContainerStateMachine (ContainerStateMachine.java:loadSnapshot(230)) - group-E93F2354340F: The snapshot info is null. Setting the last applied indexto:(t:0, i:~)
2019-09-26 10:07:22,857 [pool-733-thread-1] INFO  server.RaftServerConfigKeys (ConfUtils.java:logGet(43)) - raft.server.notification.no-leader.timeout = 120s (custom)
2019-09-26 10:07:22,857 [pool-733-thread-1] INFO  server.RaftServerConfigKeys (ConfUtils.java:logGet(43)) - raft.server.log.use.memory = false (default)
2019-09-26 10:07:22,858 [pool-733-thread-1] INFO  server.RaftServerConfigKeys (ConfUtils.java:logGet(43)) - raft.server.log.purge.gap = 1000000 (custom)
2019-09-26 10:07:22,858 [pool-733-thread-1] INFO  server.RaftServerConfigKeys (ConfUtils.java:logGet(43)) - raft.server.log.appender.buffer.byte-limit = 33554432 (custom)
2019-09-26 10:07:22,858 [pool-733-thread-1] INFO  server.RaftServerConfigKeys (ConfUtils.java:logGet(43)) - raft.server.log.segment.size.max = 1048576 (custom)
2019-09-26 10:07:22,858 [pool-733-thread-1] INFO  server.RaftServerConfigKeys (ConfUtils.java:logGet(43)) - raft.server.log.segment.cache.num.max = 2 (custom)
2019-09-26 10:07:22,858 [pool-733-thread-1] INFO  segmented.SegmentedRaftLogWorker (SegmentedRaftLogWorker.java:<init>(172)) - new e3e9c20d-70c3-4d54-9af3-1020e4c50fd3@group-E93F2354340F-SegmentedRaftLogWorker for RaftStorage:Storage Directory /workdir/hadoop-ozone/integration-test/target/test-dir/MiniOzoneClusterImpl-af826fcf-2e4c-4099-bed4-c1b0f0495924/datanode-6/data/ratis/7eb5007e-8b4b-40da-9649-e93f2354340f
2019-09-26 10:07:22,858 [pool-733-thread-1] INFO  server.RaftServerConfigKeys (ConfUtils.java:logGet(43)) - raft.server.log.queue.byte-limit = 2147483647 (custom)
2019-09-26 10:07:22,859 [pool-733-thread-1] INFO  server.RaftServerConfigKeys (ConfUtils.java:logGet(43)) - raft.server.log.queue.element-limit = 1024 (custom)
2019-09-26 10:07:22,859 [pool-733-thread-1] INFO  server.RaftServerConfigKeys (ConfUtils.java:logGet(43)) - raft.server.log.segment.size.max = 1048576 (custom)
2019-09-26 10:07:22,859 [pool-733-thread-1] INFO  server.RaftServerConfigKeys (ConfUtils.java:logGet(43)) - raft.server.log.preallocated.size = 16384 (custom)
2019-09-26 10:07:22,859 [pool-733-thread-1] INFO  server.RaftServerConfigKeys (ConfUtils.java:logGet(43)) - raft.server.log.write.buffer.size = 33554432 (custom)
2019-09-26 10:07:22,859 [pool-733-thread-1] INFO  server.RaftServerConfigKeys (ConfUtils.java:logGet(43)) - raft.server.log.force.sync.num = 128 (default)
2019-09-26 10:07:22,859 [pool-733-thread-1] INFO  server.RaftServerConfigKeys (ConfUtils.java:logGet(43)) - raft.server.log.statemachine.data.sync = true (default)
2019-09-26 10:07:22,859 [pool-733-thread-1] INFO  server.RaftServerConfigKeys (ConfUtils.java:logGet(43)) - raft.server.log.statemachine.data.sync.timeout = 10s (default)
2019-09-26 10:07:22,860 [pool-733-thread-1] INFO  server.RaftServerConfigKeys (ConfUtils.java:logGet(43)) - raft.server.log.statemachine.data.sync.timeout.retry = -1 (default)
2019-09-26 10:07:22,860 [pool-733-thread-1] INFO  server.RaftServerConfigKeys (ConfUtils.java:logGet(43)) - raft.server.log.statemachine.data.caching.enabled = true (custom)
2019-09-26 10:07:22,860 [pool-733-thread-1] INFO  segmented.SegmentedRaftLogWorker (SegmentedRaftLogWorker.java:lambda$new$0(132)) - e3e9c20d-70c3-4d54-9af3-1020e4c50fd3@group-E93F2354340F-SegmentedRaftLogWorker: flushIndex: setUnconditionally 0 -> -1
2019-09-26 10:07:22,860 [pool-733-thread-1] INFO  server.RaftServerConfigKeys (ConfUtils.java:logGet(43)) - raft.server.snapshot.auto.trigger.enabled = true (custom)
2019-09-26 10:07:22,861 [pool-733-thread-1] INFO  server.RaftServerConfigKeys (ConfUtils.java:logGet(43)) - raft.server.snapshot.auto.trigger.threshold = 10000 (custom)
2019-09-26 10:07:22,861 [pool-733-thread-1] INFO  server.RaftServerConfigKeys (ConfUtils.java:logGet(43)) - raft.server.snapshot.retention.num.files = 5 (custom)
2019-09-26 10:07:22,861 [pool-733-thread-1] INFO  server.RaftServerConfigKeys (ConfUtils.java:logGet(43)) - raft.server.retrycache.expirytime = 600000ms (custom)
2019-09-26 10:07:22,863 [pool-733-thread-1] INFO  impl.RaftServerImpl (RaftServerImpl.java:start(185)) - e3e9c20d-70c3-4d54-9af3-1020e4c50fd3@group-E93F2354340F: start as a follower, conf=-1: [e3e9c20d-70c3-4d54-9af3-1020e4c50fd3:192.168.30.13:44355], old=null
2019-09-26 10:07:22,863 [pool-733-thread-1] INFO  impl.RaftServerImpl (RaftServerImpl.java:setRole(174)) - e3e9c20d-70c3-4d54-9af3-1020e4c50fd3@group-E93F2354340F: changes role from      null to FOLLOWER at term 0 for startAsFollower
2019-09-26 10:07:22,863 [pool-733-thread-1] INFO  impl.RoleInfo (RoleInfo.java:updateAndGet(143)) - e3e9c20d-70c3-4d54-9af3-1020e4c50fd3: start FollowerState
2019-09-26 10:07:22,864 [pool-733-thread-1] INFO  util.JmxRegister (JmxRegister.java:tryRegister(44)) - Successfully registered JMX Bean with object name Ratis:service=RaftServer,group=group-E93F2354340F,id=e3e9c20d-70c3-4d54-9af3-1020e4c50fd3
2019-09-26 10:07:22,866 [RatisPipelineUtilsThread] INFO  pipeline.PipelineStateManager (PipelineStateManager.java:addPipeline(56)) - Created pipeline Pipeline[ Id: 7eb5007e-8b4b-40da-9649-e93f2354340f, Nodes: e3e9c20d-70c3-4d54-9af3-1020e4c50fd3{ip: 192.168.30.13, host: pr-hdds-1569-wvzgm-824869521, networkLocation: /default-rack, certSerialId: null}, Type:RATIS, Factor:ONE, State:OPEN]
2019-09-26 10:07:22,866 [RatisPipelineUtilsThread] INFO  pipeline.PipelinePlacementPolicy (PipelinePlacementPolicy.java:meetCriteria(91)) - Pipeline Placement: can't place more pipeline on heavy datanode： 9c045c9c-ba1f-4aea-ae51-5b8bdd601291 Heaviness: 6 limit: 5
2019-09-26 10:07:22,866 [RatisPipelineUtilsThread] INFO  pipeline.PipelinePlacementPolicy (PipelinePlacementPolicy.java:meetCriteria(91)) - Pipeline Placement: can't place more pipeline on heavy datanode： 5955fc00-f5b8-4418-b414-62f2e5ec1764 Heaviness: 6 limit: 5
2019-09-26 10:07:22,870 [grpc-default-executor-1] INFO  impl.RaftServerProxy (RaftServerProxy.java:addNew(89)) - bec07a0c-a0ea-4ddf-8714-f8e80b4d678f: addNew group-2ABACD13CF37:[bec07a0c-a0ea-4ddf-8714-f8e80b4d678f:192.168.30.13:42402] returns group-2ABACD13CF37:java.util.concurrent.CompletableFuture@3349a143[Not completed]
2019-09-26 10:07:22,871 [pool-703-thread-1] INFO  impl.RaftServerImpl (RaftServerImpl.java:<init>(95)) - bec07a0c-a0ea-4ddf-8714-f8e80b4d678f: new RaftServerImpl for group-2ABACD13CF37:[bec07a0c-a0ea-4ddf-8714-f8e80b4d678f:192.168.30.13:42402] with ContainerStateMachine:uninitialized
2019-09-26 10:07:22,871 [pool-703-thread-1] INFO  server.RaftServerConfigKeys (ConfUtils.java:logGet(43)) - raft.server.rpc.timeout.min = 5s (custom)
2019-09-26 10:07:22,871 [pool-703-thread-1] INFO  server.RaftServerConfigKeys (ConfUtils.java:logGet(43)) - raft.server.rpc.timeout.max = 5200ms (custom)
2019-09-26 10:07:22,871 [pool-703-thread-1] INFO  server.RaftServerConfigKeys (ConfUtils.java:logGet(43)) - raft.server.rpcslowness.timeout = 120s (custom)
2019-09-26 10:07:22,871 [pool-703-thread-1] INFO  server.RaftServerConfigKeys (ConfUtils.java:logGet(43)) - raft.server.sleep.deviation.threshold = 300 (default)
2019-09-26 10:07:22,871 [pool-703-thread-1] INFO  server.RaftServerConfigKeys (ConfUtils.java:logGet(43)) - raft.server.log.appender.install.snapshot.enabled = false (custom)
2019-09-26 10:07:22,871 [pool-703-thread-1] INFO  impl.RaftServerImpl (ServerState.java:<init>(103)) - bec07a0c-a0ea-4ddf-8714-f8e80b4d678f@group-2ABACD13CF37: ConfigurationManager, init=-1: [bec07a0c-a0ea-4ddf-8714-f8e80b4d678f:192.168.30.13:42402], old=null, confs=<EMPTY_MAP>
2019-09-26 10:07:22,872 [pool-703-thread-1] INFO  server.RaftServerConfigKeys (ConfUtils.java:logGet(43)) - raft.server.storage.dir = [/workdir/hadoop-ozone/integration-test/target/test-dir/MiniOzoneClusterImpl-af826fcf-2e4c-4099-bed4-c1b0f0495924/datanode-3/data/ratis] (custom)
2019-09-26 10:07:22,872 [pool-703-thread-1] INFO  storage.RaftStorageDirectory (RaftStorageDirectory.java:analyzeStorage(246)) - The storage directory /workdir/hadoop-ozone/integration-test/target/test-dir/MiniOzoneClusterImpl-af826fcf-2e4c-4099-bed4-c1b0f0495924/datanode-3/data/ratis/16b28da7-e731-4432-a59e-2abacd13cf37 does not exist. Creating ...
2019-09-26 10:07:22,885 [pool-703-thread-1] INFO  storage.RaftStorageDirectory (RaftStorageDirectory.java:tryLock(328)) - Lock on /workdir/hadoop-ozone/integration-test/target/test-dir/MiniOzoneClusterImpl-af826fcf-2e4c-4099-bed4-c1b0f0495924/datanode-3/data/ratis/16b28da7-e731-4432-a59e-2abacd13cf37/in_use.lock acquired by nodename 19604@pr-hdds-1569-wvzgm-824869521
2019-09-26 10:07:22,889 [pool-703-thread-1] INFO  storage.RaftStorage (RaftStorage.java:format(72)) - Storage directory /workdir/hadoop-ozone/integration-test/target/test-dir/MiniOzoneClusterImpl-af826fcf-2e4c-4099-bed4-c1b0f0495924/datanode-3/data/ratis/16b28da7-e731-4432-a59e-2abacd13cf37 has been successfully formatted.
2019-09-26 10:07:22,889 [pool-703-thread-1] INFO  ratis.ContainerStateMachine (ContainerStateMachine.java:loadSnapshot(230)) - group-2ABACD13CF37: The snapshot info is null. Setting the last applied indexto:(t:0, i:~)
2019-09-26 10:07:22,889 [pool-703-thread-1] INFO  server.RaftServerConfigKeys (ConfUtils.java:logGet(43)) - raft.server.notification.no-leader.timeout = 120s (custom)
2019-09-26 10:07:22,890 [pool-703-thread-1] INFO  server.RaftServerConfigKeys (ConfUtils.java:logGet(43)) - raft.server.log.use.memory = false (default)
2019-09-26 10:07:22,890 [pool-703-thread-1] INFO  server.RaftServerConfigKeys (ConfUtils.java:logGet(43)) - raft.server.log.purge.gap = 1000000 (custom)
2019-09-26 10:07:22,890 [pool-703-thread-1] INFO  server.RaftServerConfigKeys (ConfUtils.java:logGet(43)) - raft.server.log.appender.buffer.byte-limit = 33554432 (custom)
2019-09-26 10:07:22,890 [pool-703-thread-1] INFO  server.RaftServerConfigKeys (ConfUtils.java:logGet(43)) - raft.server.log.segment.size.max = 1048576 (custom)
2019-09-26 10:07:22,890 [pool-703-thread-1] INFO  server.RaftServerConfigKeys (ConfUtils.java:logGet(43)) - raft.server.log.segment.cache.num.max = 2 (custom)
2019-09-26 10:07:22,890 [pool-703-thread-1] INFO  segmented.SegmentedRaftLogWorker (SegmentedRaftLogWorker.java:<init>(172)) - new bec07a0c-a0ea-4ddf-8714-f8e80b4d678f@group-2ABACD13CF37-SegmentedRaftLogWorker for RaftStorage:Storage Directory /workdir/hadoop-ozone/integration-test/target/test-dir/MiniOzoneClusterImpl-af826fcf-2e4c-4099-bed4-c1b0f0495924/datanode-3/data/ratis/16b28da7-e731-4432-a59e-2abacd13cf37
2019-09-26 10:07:22,891 [pool-703-thread-1] INFO  server.RaftServerConfigKeys (ConfUtils.java:logGet(43)) - raft.server.log.queue.byte-limit = 2147483647 (custom)
2019-09-26 10:07:22,891 [pool-703-thread-1] INFO  server.RaftServerConfigKeys (ConfUtils.java:logGet(43)) - raft.server.log.queue.element-limit = 1024 (custom)
2019-09-26 10:07:22,891 [pool-703-thread-1] INFO  server.RaftServerConfigKeys (ConfUtils.java:logGet(43)) - raft.server.log.segment.size.max = 1048576 (custom)
2019-09-26 10:07:22,891 [pool-703-thread-1] INFO  server.RaftServerConfigKeys (ConfUtils.java:logGet(43)) - raft.server.log.preallocated.size = 16384 (custom)
2019-09-26 10:07:22,891 [pool-703-thread-1] INFO  server.RaftServerConfigKeys (ConfUtils.java:logGet(43)) - raft.server.log.write.buffer.size = 33554432 (custom)
2019-09-26 10:07:22,891 [pool-703-thread-1] INFO  server.RaftServerConfigKeys (ConfUtils.java:logGet(43)) - raft.server.log.force.sync.num = 128 (default)
2019-09-26 10:07:22,891 [pool-703-thread-1] INFO  server.RaftServerConfigKeys (ConfUtils.java:logGet(43)) - raft.server.log.statemachine.data.sync = true (default)
2019-09-26 10:07:22,892 [pool-703-thread-1] INFO  server.RaftServerConfigKeys (ConfUtils.java:logGet(43)) - raft.server.log.statemachine.data.sync.timeout = 10s (default)
2019-09-26 10:07:22,892 [pool-703-thread-1] INFO  server.RaftServerConfigKeys (ConfUtils.java:logGet(43)) - raft.server.log.statemachine.data.sync.timeout.retry = -1 (default)
2019-09-26 10:07:22,892 [pool-703-thread-1] INFO  server.RaftServerConfigKeys (ConfUtils.java:logGet(43)) - raft.server.log.statemachine.data.caching.enabled = true (custom)
2019-09-26 10:07:22,892 [pool-703-thread-1] INFO  segmented.SegmentedRaftLogWorker (SegmentedRaftLogWorker.java:lambda$new$0(132)) - bec07a0c-a0ea-4ddf-8714-f8e80b4d678f@group-2ABACD13CF37-SegmentedRaftLogWorker: flushIndex: setUnconditionally 0 -> -1
2019-09-26 10:07:22,893 [pool-703-thread-1] INFO  server.RaftServerConfigKeys (ConfUtils.java:logGet(43)) - raft.server.snapshot.auto.trigger.enabled = true (custom)
2019-09-26 10:07:22,893 [pool-703-thread-1] INFO  server.RaftServerConfigKeys (ConfUtils.java:logGet(43)) - raft.server.snapshot.auto.trigger.threshold = 10000 (custom)
2019-09-26 10:07:22,893 [pool-703-thread-1] INFO  server.RaftServerConfigKeys (ConfUtils.java:logGet(43)) - raft.server.snapshot.retention.num.files = 5 (custom)
2019-09-26 10:07:22,893 [pool-703-thread-1] INFO  server.RaftServerConfigKeys (ConfUtils.java:logGet(43)) - raft.server.retrycache.expirytime = 600000ms (custom)
2019-09-26 10:07:22,895 [pool-703-thread-1] INFO  impl.RaftServerImpl (RaftServerImpl.java:start(185)) - bec07a0c-a0ea-4ddf-8714-f8e80b4d678f@group-2ABACD13CF37: start as a follower, conf=-1: [bec07a0c-a0ea-4ddf-8714-f8e80b4d678f:192.168.30.13:42402], old=null
2019-09-26 10:07:22,895 [pool-703-thread-1] INFO  impl.RaftServerImpl (RaftServerImpl.java:setRole(174)) - bec07a0c-a0ea-4ddf-8714-f8e80b4d678f@group-2ABACD13CF37: changes role from      null to FOLLOWER at term 0 for startAsFollower
2019-09-26 10:07:22,895 [pool-703-thread-1] INFO  impl.RoleInfo (RoleInfo.java:updateAndGet(143)) - bec07a0c-a0ea-4ddf-8714-f8e80b4d678f: start FollowerState
2019-09-26 10:07:22,896 [pool-703-thread-1] INFO  util.JmxRegister (JmxRegister.java:tryRegister(44)) - Successfully registered JMX Bean with object name Ratis:service=RaftServer,group=group-2ABACD13CF37,id=bec07a0c-a0ea-4ddf-8714-f8e80b4d678f
2019-09-26 10:07:22,898 [RatisPipelineUtilsThread] INFO  pipeline.PipelineStateManager (PipelineStateManager.java:addPipeline(56)) - Created pipeline Pipeline[ Id: 16b28da7-e731-4432-a59e-2abacd13cf37, Nodes: bec07a0c-a0ea-4ddf-8714-f8e80b4d678f{ip: 192.168.30.13, host: pr-hdds-1569-wvzgm-824869521, networkLocation: /default-rack, certSerialId: null}, Type:RATIS, Factor:ONE, State:OPEN]
2019-09-26 10:07:22,898 [RatisPipelineUtilsThread] INFO  pipeline.PipelinePlacementPolicy (PipelinePlacementPolicy.java:meetCriteria(91)) - Pipeline Placement: can't place more pipeline on heavy datanode： 9c045c9c-ba1f-4aea-ae51-5b8bdd601291 Heaviness: 6 limit: 5
2019-09-26 10:07:22,899 [RatisPipelineUtilsThread] INFO  pipeline.PipelinePlacementPolicy (PipelinePlacementPolicy.java:meetCriteria(91)) - Pipeline Placement: can't place more pipeline on heavy datanode： bec07a0c-a0ea-4ddf-8714-f8e80b4d678f Heaviness: 6 limit: 5
2019-09-26 10:07:22,899 [RatisPipelineUtilsThread] INFO  pipeline.PipelinePlacementPolicy (PipelinePlacementPolicy.java:meetCriteria(91)) - Pipeline Placement: can't place more pipeline on heavy datanode： 5955fc00-f5b8-4418-b414-62f2e5ec1764 Heaviness: 6 limit: 5
2019-09-26 10:07:22,913 [grpc-default-executor-1] INFO  impl.RaftServerProxy (RaftServerProxy.java:addNew(89)) - 5004b7af-11c5-4c34-b2aa-0091a090c65f: addNew group-25676F2A6D91:[5004b7af-11c5-4c34-b2aa-0091a090c65f:192.168.30.13:35706] returns group-25676F2A6D91:java.util.concurrent.CompletableFuture@7db78c3[Not completed]
2019-09-26 10:07:22,914 [pool-723-thread-1] INFO  impl.RaftServerImpl (RaftServerImpl.java:<init>(95)) - 5004b7af-11c5-4c34-b2aa-0091a090c65f: new RaftServerImpl for group-25676F2A6D91:[5004b7af-11c5-4c34-b2aa-0091a090c65f:192.168.30.13:35706] with ContainerStateMachine:uninitialized
2019-09-26 10:07:22,915 [pool-723-thread-1] INFO  server.RaftServerConfigKeys (ConfUtils.java:logGet(43)) - raft.server.rpc.timeout.min = 5s (custom)
2019-09-26 10:07:22,915 [pool-723-thread-1] INFO  server.RaftServerConfigKeys (ConfUtils.java:logGet(43)) - raft.server.rpc.timeout.max = 5200ms (custom)
2019-09-26 10:07:22,915 [pool-723-thread-1] INFO  server.RaftServerConfigKeys (ConfUtils.java:logGet(43)) - raft.server.rpcslowness.timeout = 120s (custom)
2019-09-26 10:07:22,915 [pool-723-thread-1] INFO  server.RaftServerConfigKeys (ConfUtils.java:logGet(43)) - raft.server.sleep.deviation.threshold = 300 (default)
2019-09-26 10:07:22,915 [pool-723-thread-1] INFO  server.RaftServerConfigKeys (ConfUtils.java:logGet(43)) - raft.server.log.appender.install.snapshot.enabled = false (custom)
2019-09-26 10:07:22,915 [pool-723-thread-1] INFO  impl.RaftServerImpl (ServerState.java:<init>(103)) - 5004b7af-11c5-4c34-b2aa-0091a090c65f@group-25676F2A6D91: ConfigurationManager, init=-1: [5004b7af-11c5-4c34-b2aa-0091a090c65f:192.168.30.13:35706], old=null, confs=<EMPTY_MAP>
2019-09-26 10:07:22,915 [pool-723-thread-1] INFO  server.RaftServerConfigKeys (ConfUtils.java:logGet(43)) - raft.server.storage.dir = [/workdir/hadoop-ozone/integration-test/target/test-dir/MiniOzoneClusterImpl-af826fcf-2e4c-4099-bed4-c1b0f0495924/datanode-5/data/ratis] (custom)
2019-09-26 10:07:22,916 [pool-723-thread-1] INFO  storage.RaftStorageDirectory (RaftStorageDirectory.java:analyzeStorage(246)) - The storage directory /workdir/hadoop-ozone/integration-test/target/test-dir/MiniOzoneClusterImpl-af826fcf-2e4c-4099-bed4-c1b0f0495924/datanode-5/data/ratis/922a14f5-ba5b-4b8b-92b9-25676f2a6d91 does not exist. Creating ...
2019-09-26 10:07:22,919 [pool-723-thread-1] INFO  storage.RaftStorageDirectory (RaftStorageDirectory.java:tryLock(328)) - Lock on /workdir/hadoop-ozone/integration-test/target/test-dir/MiniOzoneClusterImpl-af826fcf-2e4c-4099-bed4-c1b0f0495924/datanode-5/data/ratis/922a14f5-ba5b-4b8b-92b9-25676f2a6d91/in_use.lock acquired by nodename 19604@pr-hdds-1569-wvzgm-824869521
2019-09-26 10:07:22,923 [pool-723-thread-1] INFO  storage.RaftStorage (RaftStorage.java:format(72)) - Storage directory /workdir/hadoop-ozone/integration-test/target/test-dir/MiniOzoneClusterImpl-af826fcf-2e4c-4099-bed4-c1b0f0495924/datanode-5/data/ratis/922a14f5-ba5b-4b8b-92b9-25676f2a6d91 has been successfully formatted.
2019-09-26 10:07:22,923 [pool-723-thread-1] INFO  ratis.ContainerStateMachine (ContainerStateMachine.java:loadSnapshot(230)) - group-25676F2A6D91: The snapshot info is null. Setting the last applied indexto:(t:0, i:~)
2019-09-26 10:07:22,923 [pool-723-thread-1] INFO  server.RaftServerConfigKeys (ConfUtils.java:logGet(43)) - raft.server.notification.no-leader.timeout = 120s (custom)
2019-09-26 10:07:22,923 [pool-723-thread-1] INFO  server.RaftServerConfigKeys (ConfUtils.java:logGet(43)) - raft.server.log.use.memory = false (default)
2019-09-26 10:07:22,923 [pool-723-thread-1] INFO  server.RaftServerConfigKeys (ConfUtils.java:logGet(43)) - raft.server.log.purge.gap = 1000000 (custom)
2019-09-26 10:07:22,924 [pool-723-thread-1] INFO  server.RaftServerConfigKeys (ConfUtils.java:logGet(43)) - raft.server.log.appender.buffer.byte-limit = 33554432 (custom)
2019-09-26 10:07:22,924 [pool-723-thread-1] INFO  server.RaftServerConfigKeys (ConfUtils.java:logGet(43)) - raft.server.log.segment.size.max = 1048576 (custom)
2019-09-26 10:07:22,924 [pool-723-thread-1] INFO  server.RaftServerConfigKeys (ConfUtils.java:logGet(43)) - raft.server.log.segment.cache.num.max = 2 (custom)
2019-09-26 10:07:22,924 [pool-723-thread-1] INFO  segmented.SegmentedRaftLogWorker (SegmentedRaftLogWorker.java:<init>(172)) - new 5004b7af-11c5-4c34-b2aa-0091a090c65f@group-25676F2A6D91-SegmentedRaftLogWorker for RaftStorage:Storage Directory /workdir/hadoop-ozone/integration-test/target/test-dir/MiniOzoneClusterImpl-af826fcf-2e4c-4099-bed4-c1b0f0495924/datanode-5/data/ratis/922a14f5-ba5b-4b8b-92b9-25676f2a6d91
2019-09-26 10:07:22,926 [pool-723-thread-1] INFO  server.RaftServerConfigKeys (ConfUtils.java:logGet(43)) - raft.server.log.queue.byte-limit = 2147483647 (custom)
2019-09-26 10:07:22,926 [pool-723-thread-1] INFO  server.RaftServerConfigKeys (ConfUtils.java:logGet(43)) - raft.server.log.queue.element-limit = 1024 (custom)
2019-09-26 10:07:22,926 [pool-723-thread-1] INFO  server.RaftServerConfigKeys (ConfUtils.java:logGet(43)) - raft.server.log.segment.size.max = 1048576 (custom)
2019-09-26 10:07:22,927 [pool-723-thread-1] INFO  server.RaftServerConfigKeys (ConfUtils.java:logGet(43)) - raft.server.log.preallocated.size = 16384 (custom)
2019-09-26 10:07:22,927 [pool-723-thread-1] INFO  server.RaftServerConfigKeys (ConfUtils.java:logGet(43)) - raft.server.log.write.buffer.size = 33554432 (custom)
2019-09-26 10:07:22,927 [pool-723-thread-1] INFO  server.RaftServerConfigKeys (ConfUtils.java:logGet(43)) - raft.server.log.force.sync.num = 128 (default)
2019-09-26 10:07:22,927 [pool-723-thread-1] INFO  server.RaftServerConfigKeys (ConfUtils.java:logGet(43)) - raft.server.log.statemachine.data.sync = true (default)
2019-09-26 10:07:22,927 [pool-723-thread-1] INFO  server.RaftServerConfigKeys (ConfUtils.java:logGet(43)) - raft.server.log.statemachine.data.sync.timeout = 10s (default)
2019-09-26 10:07:22,927 [pool-723-thread-1] INFO  server.RaftServerConfigKeys (ConfUtils.java:logGet(43)) - raft.server.log.statemachine.data.sync.timeout.retry = -1 (default)
2019-09-26 10:07:22,928 [pool-723-thread-1] INFO  server.RaftServerConfigKeys (ConfUtils.java:logGet(43)) - raft.server.log.statemachine.data.caching.enabled = true (custom)
2019-09-26 10:07:22,928 [pool-723-thread-1] INFO  segmented.SegmentedRaftLogWorker (SegmentedRaftLogWorker.java:lambda$new$0(132)) - 5004b7af-11c5-4c34-b2aa-0091a090c65f@group-25676F2A6D91-SegmentedRaftLogWorker: flushIndex: setUnconditionally 0 -> -1
2019-09-26 10:07:22,928 [pool-723-thread-1] INFO  server.RaftServerConfigKeys (ConfUtils.java:logGet(43)) - raft.server.snapshot.auto.trigger.enabled = true (custom)
2019-09-26 10:07:22,928 [pool-723-thread-1] INFO  server.RaftServerConfigKeys (ConfUtils.java:logGet(43)) - raft.server.snapshot.auto.trigger.threshold = 10000 (custom)
2019-09-26 10:07:22,929 [pool-723-thread-1] INFO  server.RaftServerConfigKeys (ConfUtils.java:logGet(43)) - raft.server.snapshot.retention.num.files = 5 (custom)
2019-09-26 10:07:22,929 [pool-723-thread-1] INFO  server.RaftServerConfigKeys (ConfUtils.java:logGet(43)) - raft.server.retrycache.expirytime = 600000ms (custom)
2019-09-26 10:07:22,931 [pool-723-thread-1] INFO  impl.RaftServerImpl (RaftServerImpl.java:start(185)) - 5004b7af-11c5-4c34-b2aa-0091a090c65f@group-25676F2A6D91: start as a follower, conf=-1: [5004b7af-11c5-4c34-b2aa-0091a090c65f:192.168.30.13:35706], old=null
2019-09-26 10:07:22,931 [pool-723-thread-1] INFO  impl.RaftServerImpl (RaftServerImpl.java:setRole(174)) - 5004b7af-11c5-4c34-b2aa-0091a090c65f@group-25676F2A6D91: changes role from      null to FOLLOWER at term 0 for startAsFollower
2019-09-26 10:07:22,931 [pool-723-thread-1] INFO  impl.RoleInfo (RoleInfo.java:updateAndGet(143)) - 5004b7af-11c5-4c34-b2aa-0091a090c65f: start FollowerState
2019-09-26 10:07:22,932 [pool-723-thread-1] INFO  util.JmxRegister (JmxRegister.java:tryRegister(44)) - Successfully registered JMX Bean with object name Ratis:service=RaftServer,group=group-25676F2A6D91,id=5004b7af-11c5-4c34-b2aa-0091a090c65f
2019-09-26 10:07:22,934 [RatisPipelineUtilsThread] INFO  pipeline.PipelineStateManager (PipelineStateManager.java:addPipeline(56)) - Created pipeline Pipeline[ Id: 922a14f5-ba5b-4b8b-92b9-25676f2a6d91, Nodes: 5004b7af-11c5-4c34-b2aa-0091a090c65f{ip: 192.168.30.13, host: pr-hdds-1569-wvzgm-824869521, networkLocation: /default-rack, certSerialId: null}, Type:RATIS, Factor:ONE, State:OPEN]
2019-09-26 10:07:22,934 [RatisPipelineUtilsThread] INFO  pipeline.PipelinePlacementPolicy (PipelinePlacementPolicy.java:meetCriteria(91)) - Pipeline Placement: can't place more pipeline on heavy datanode： 9c045c9c-ba1f-4aea-ae51-5b8bdd601291 Heaviness: 6 limit: 5
2019-09-26 10:07:22,934 [RatisPipelineUtilsThread] INFO  pipeline.PipelinePlacementPolicy (PipelinePlacementPolicy.java:meetCriteria(91)) - Pipeline Placement: can't place more pipeline on heavy datanode： bec07a0c-a0ea-4ddf-8714-f8e80b4d678f Heaviness: 6 limit: 5
2019-09-26 10:07:22,934 [RatisPipelineUtilsThread] INFO  pipeline.PipelinePlacementPolicy (PipelinePlacementPolicy.java:meetCriteria(91)) - Pipeline Placement: can't place more pipeline on heavy datanode： 5955fc00-f5b8-4418-b414-62f2e5ec1764 Heaviness: 6 limit: 5
2019-09-26 10:07:22,939 [grpc-default-executor-1] INFO  impl.RaftServerProxy (RaftServerProxy.java:addNew(89)) - 9cafecc4-59b7-45e3-9675-340d3e2c3fab: addNew group-C2C4276F094E:[9cafecc4-59b7-45e3-9675-340d3e2c3fab:192.168.30.13:33904] returns group-C2C4276F094E:java.util.concurrent.CompletableFuture@337b501d[Not completed]
2019-09-26 10:07:22,939 [pool-693-thread-1] INFO  impl.RaftServerImpl (RaftServerImpl.java:<init>(95)) - 9cafecc4-59b7-45e3-9675-340d3e2c3fab: new RaftServerImpl for group-C2C4276F094E:[9cafecc4-59b7-45e3-9675-340d3e2c3fab:192.168.30.13:33904] with ContainerStateMachine:uninitialized
2019-09-26 10:07:22,939 [pool-693-thread-1] INFO  server.RaftServerConfigKeys (ConfUtils.java:logGet(43)) - raft.server.rpc.timeout.min = 5s (custom)
2019-09-26 10:07:22,940 [pool-693-thread-1] INFO  server.RaftServerConfigKeys (ConfUtils.java:logGet(43)) - raft.server.rpc.timeout.max = 5200ms (custom)
2019-09-26 10:07:22,940 [pool-693-thread-1] INFO  server.RaftServerConfigKeys (ConfUtils.java:logGet(43)) - raft.server.rpcslowness.timeout = 120s (custom)
2019-09-26 10:07:22,940 [pool-693-thread-1] INFO  server.RaftServerConfigKeys (ConfUtils.java:logGet(43)) - raft.server.sleep.deviation.threshold = 300 (default)
2019-09-26 10:07:22,940 [pool-693-thread-1] INFO  server.RaftServerConfigKeys (ConfUtils.java:logGet(43)) - raft.server.log.appender.install.snapshot.enabled = false (custom)
2019-09-26 10:07:22,940 [pool-693-thread-1] INFO  impl.RaftServerImpl (ServerState.java:<init>(103)) - 9cafecc4-59b7-45e3-9675-340d3e2c3fab@group-C2C4276F094E: ConfigurationManager, init=-1: [9cafecc4-59b7-45e3-9675-340d3e2c3fab:192.168.30.13:33904], old=null, confs=<EMPTY_MAP>
2019-09-26 10:07:22,940 [pool-693-thread-1] INFO  server.RaftServerConfigKeys (ConfUtils.java:logGet(43)) - raft.server.storage.dir = [/workdir/hadoop-ozone/integration-test/target/test-dir/MiniOzoneClusterImpl-af826fcf-2e4c-4099-bed4-c1b0f0495924/datanode-2/data/ratis] (custom)
2019-09-26 10:07:22,941 [pool-693-thread-1] INFO  storage.RaftStorageDirectory (RaftStorageDirectory.java:analyzeStorage(246)) - The storage directory /workdir/hadoop-ozone/integration-test/target/test-dir/MiniOzoneClusterImpl-af826fcf-2e4c-4099-bed4-c1b0f0495924/datanode-2/data/ratis/86bf459e-c30b-4481-8eac-c2c4276f094e does not exist. Creating ...
2019-09-26 10:07:22,944 [pool-693-thread-1] INFO  storage.RaftStorageDirectory (RaftStorageDirectory.java:tryLock(328)) - Lock on /workdir/hadoop-ozone/integration-test/target/test-dir/MiniOzoneClusterImpl-af826fcf-2e4c-4099-bed4-c1b0f0495924/datanode-2/data/ratis/86bf459e-c30b-4481-8eac-c2c4276f094e/in_use.lock acquired by nodename 19604@pr-hdds-1569-wvzgm-824869521
2019-09-26 10:07:22,950 [pool-693-thread-1] INFO  storage.RaftStorage (RaftStorage.java:format(72)) - Storage directory /workdir/hadoop-ozone/integration-test/target/test-dir/MiniOzoneClusterImpl-af826fcf-2e4c-4099-bed4-c1b0f0495924/datanode-2/data/ratis/86bf459e-c30b-4481-8eac-c2c4276f094e has been successfully formatted.
2019-09-26 10:07:22,950 [pool-693-thread-1] INFO  ratis.ContainerStateMachine (ContainerStateMachine.java:loadSnapshot(230)) - group-C2C4276F094E: The snapshot info is null. Setting the last applied indexto:(t:0, i:~)
2019-09-26 10:07:22,950 [pool-693-thread-1] INFO  server.RaftServerConfigKeys (ConfUtils.java:logGet(43)) - raft.server.notification.no-leader.timeout = 120s (custom)
2019-09-26 10:07:22,951 [pool-693-thread-1] INFO  server.RaftServerConfigKeys (ConfUtils.java:logGet(43)) - raft.server.log.use.memory = false (default)
2019-09-26 10:07:22,951 [pool-693-thread-1] INFO  server.RaftServerConfigKeys (ConfUtils.java:logGet(43)) - raft.server.log.purge.gap = 1000000 (custom)
2019-09-26 10:07:22,951 [pool-693-thread-1] INFO  server.RaftServerConfigKeys (ConfUtils.java:logGet(43)) - raft.server.log.appender.buffer.byte-limit = 33554432 (custom)
2019-09-26 10:07:22,951 [pool-693-thread-1] INFO  server.RaftServerConfigKeys (ConfUtils.java:logGet(43)) - raft.server.log.segment.size.max = 1048576 (custom)
2019-09-26 10:07:22,951 [pool-693-thread-1] INFO  server.RaftServerConfigKeys (ConfUtils.java:logGet(43)) - raft.server.log.segment.cache.num.max = 2 (custom)
2019-09-26 10:07:22,951 [pool-693-thread-1] INFO  segmented.SegmentedRaftLogWorker (SegmentedRaftLogWorker.java:<init>(172)) - new 9cafecc4-59b7-45e3-9675-340d3e2c3fab@group-C2C4276F094E-SegmentedRaftLogWorker for RaftStorage:Storage Directory /workdir/hadoop-ozone/integration-test/target/test-dir/MiniOzoneClusterImpl-af826fcf-2e4c-4099-bed4-c1b0f0495924/datanode-2/data/ratis/86bf459e-c30b-4481-8eac-c2c4276f094e
2019-09-26 10:07:22,951 [pool-693-thread-1] INFO  server.RaftServerConfigKeys (ConfUtils.java:logGet(43)) - raft.server.log.queue.byte-limit = 2147483647 (custom)
2019-09-26 10:07:22,952 [pool-693-thread-1] INFO  server.RaftServerConfigKeys (ConfUtils.java:logGet(43)) - raft.server.log.queue.element-limit = 1024 (custom)
2019-09-26 10:07:22,952 [pool-693-thread-1] INFO  server.RaftServerConfigKeys (ConfUtils.java:logGet(43)) - raft.server.log.segment.size.max = 1048576 (custom)
2019-09-26 10:07:22,952 [pool-693-thread-1] INFO  server.RaftServerConfigKeys (ConfUtils.java:logGet(43)) - raft.server.log.preallocated.size = 16384 (custom)
2019-09-26 10:07:22,952 [pool-693-thread-1] INFO  server.RaftServerConfigKeys (ConfUtils.java:logGet(43)) - raft.server.log.write.buffer.size = 33554432 (custom)
2019-09-26 10:07:22,952 [pool-693-thread-1] INFO  server.RaftServerConfigKeys (ConfUtils.java:logGet(43)) - raft.server.log.force.sync.num = 128 (default)
2019-09-26 10:07:22,952 [pool-693-thread-1] INFO  server.RaftServerConfigKeys (ConfUtils.java:logGet(43)) - raft.server.log.statemachine.data.sync = true (default)
2019-09-26 10:07:22,952 [pool-693-thread-1] INFO  server.RaftServerConfigKeys (ConfUtils.java:logGet(43)) - raft.server.log.statemachine.data.sync.timeout = 10s (default)
2019-09-26 10:07:22,952 [pool-693-thread-1] INFO  server.RaftServerConfigKeys (ConfUtils.java:logGet(43)) - raft.server.log.statemachine.data.sync.timeout.retry = -1 (default)
2019-09-26 10:07:22,953 [pool-693-thread-1] INFO  server.RaftServerConfigKeys (ConfUtils.java:logGet(43)) - raft.server.log.statemachine.data.caching.enabled = true (custom)
2019-09-26 10:07:22,953 [pool-693-thread-1] INFO  segmented.SegmentedRaftLogWorker (SegmentedRaftLogWorker.java:lambda$new$0(132)) - 9cafecc4-59b7-45e3-9675-340d3e2c3fab@group-C2C4276F094E-SegmentedRaftLogWorker: flushIndex: setUnconditionally 0 -> -1
2019-09-26 10:07:22,953 [pool-693-thread-1] INFO  server.RaftServerConfigKeys (ConfUtils.java:logGet(43)) - raft.server.snapshot.auto.trigger.enabled = true (custom)
2019-09-26 10:07:22,953 [pool-693-thread-1] INFO  server.RaftServerConfigKeys (ConfUtils.java:logGet(43)) - raft.server.snapshot.auto.trigger.threshold = 10000 (custom)
2019-09-26 10:07:22,953 [pool-693-thread-1] INFO  server.RaftServerConfigKeys (ConfUtils.java:logGet(43)) - raft.server.snapshot.retention.num.files = 5 (custom)
2019-09-26 10:07:22,954 [pool-693-thread-1] INFO  server.RaftServerConfigKeys (ConfUtils.java:logGet(43)) - raft.server.retrycache.expirytime = 600000ms (custom)
2019-09-26 10:07:22,955 [pool-693-thread-1] INFO  impl.RaftServerImpl (RaftServerImpl.java:start(185)) - 9cafecc4-59b7-45e3-9675-340d3e2c3fab@group-C2C4276F094E: start as a follower, conf=-1: [9cafecc4-59b7-45e3-9675-340d3e2c3fab:192.168.30.13:33904], old=null
2019-09-26 10:07:22,955 [pool-693-thread-1] INFO  impl.RaftServerImpl (RaftServerImpl.java:setRole(174)) - 9cafecc4-59b7-45e3-9675-340d3e2c3fab@group-C2C4276F094E: changes role from      null to FOLLOWER at term 0 for startAsFollower
2019-09-26 10:07:22,956 [pool-693-thread-1] INFO  impl.RoleInfo (RoleInfo.java:updateAndGet(143)) - 9cafecc4-59b7-45e3-9675-340d3e2c3fab: start FollowerState
2019-09-26 10:07:22,956 [pool-693-thread-1] INFO  util.JmxRegister (JmxRegister.java:tryRegister(44)) - Successfully registered JMX Bean with object name Ratis:service=RaftServer,group=group-C2C4276F094E,id=9cafecc4-59b7-45e3-9675-340d3e2c3fab
2019-09-26 10:07:22,958 [RatisPipelineUtilsThread] INFO  pipeline.PipelineStateManager (PipelineStateManager.java:addPipeline(56)) - Created pipeline Pipeline[ Id: 86bf459e-c30b-4481-8eac-c2c4276f094e, Nodes: 9cafecc4-59b7-45e3-9675-340d3e2c3fab{ip: 192.168.30.13, host: pr-hdds-1569-wvzgm-824869521, networkLocation: /default-rack, certSerialId: null}, Type:RATIS, Factor:ONE, State:OPEN]
2019-09-26 10:07:22,958 [RatisPipelineUtilsThread] INFO  pipeline.PipelinePlacementPolicy (PipelinePlacementPolicy.java:meetCriteria(91)) - Pipeline Placement: can't place more pipeline on heavy datanode： 9cafecc4-59b7-45e3-9675-340d3e2c3fab Heaviness: 6 limit: 5
2019-09-26 10:07:22,959 [RatisPipelineUtilsThread] INFO  pipeline.PipelinePlacementPolicy (PipelinePlacementPolicy.java:meetCriteria(91)) - Pipeline Placement: can't place more pipeline on heavy datanode： 9c045c9c-ba1f-4aea-ae51-5b8bdd601291 Heaviness: 6 limit: 5
2019-09-26 10:07:22,959 [RatisPipelineUtilsThread] INFO  pipeline.PipelinePlacementPolicy (PipelinePlacementPolicy.java:meetCriteria(91)) - Pipeline Placement: can't place more pipeline on heavy datanode： bec07a0c-a0ea-4ddf-8714-f8e80b4d678f Heaviness: 6 limit: 5
2019-09-26 10:07:22,959 [RatisPipelineUtilsThread] INFO  pipeline.PipelinePlacementPolicy (PipelinePlacementPolicy.java:meetCriteria(91)) - Pipeline Placement: can't place more pipeline on heavy datanode： 5955fc00-f5b8-4418-b414-62f2e5ec1764 Heaviness: 6 limit: 5
2019-09-26 10:07:22,962 [grpc-default-executor-1] INFO  impl.RaftServerProxy (RaftServerProxy.java:addNew(89)) - 5004b7af-11c5-4c34-b2aa-0091a090c65f: addNew group-F1A3F15E6558:[5004b7af-11c5-4c34-b2aa-0091a090c65f:192.168.30.13:35706] returns group-F1A3F15E6558:java.util.concurrent.CompletableFuture@4591c15[Not completed]
2019-09-26 10:07:22,963 [pool-723-thread-1] INFO  impl.RaftServerImpl (RaftServerImpl.java:<init>(95)) - 5004b7af-11c5-4c34-b2aa-0091a090c65f: new RaftServerImpl for group-F1A3F15E6558:[5004b7af-11c5-4c34-b2aa-0091a090c65f:192.168.30.13:35706] with ContainerStateMachine:uninitialized
2019-09-26 10:07:22,963 [pool-723-thread-1] INFO  server.RaftServerConfigKeys (ConfUtils.java:logGet(43)) - raft.server.rpc.timeout.min = 5s (custom)
2019-09-26 10:07:22,963 [pool-723-thread-1] INFO  server.RaftServerConfigKeys (ConfUtils.java:logGet(43)) - raft.server.rpc.timeout.max = 5200ms (custom)
2019-09-26 10:07:22,963 [pool-723-thread-1] INFO  server.RaftServerConfigKeys (ConfUtils.java:logGet(43)) - raft.server.rpcslowness.timeout = 120s (custom)
2019-09-26 10:07:22,964 [pool-723-thread-1] INFO  server.RaftServerConfigKeys (ConfUtils.java:logGet(43)) - raft.server.sleep.deviation.threshold = 300 (default)
2019-09-26 10:07:22,964 [pool-723-thread-1] INFO  server.RaftServerConfigKeys (ConfUtils.java:logGet(43)) - raft.server.log.appender.install.snapshot.enabled = false (custom)
2019-09-26 10:07:22,964 [pool-723-thread-1] INFO  impl.RaftServerImpl (ServerState.java:<init>(103)) - 5004b7af-11c5-4c34-b2aa-0091a090c65f@group-F1A3F15E6558: ConfigurationManager, init=-1: [5004b7af-11c5-4c34-b2aa-0091a090c65f:192.168.30.13:35706], old=null, confs=<EMPTY_MAP>
2019-09-26 10:07:22,964 [pool-723-thread-1] INFO  server.RaftServerConfigKeys (ConfUtils.java:logGet(43)) - raft.server.storage.dir = [/workdir/hadoop-ozone/integration-test/target/test-dir/MiniOzoneClusterImpl-af826fcf-2e4c-4099-bed4-c1b0f0495924/datanode-5/data/ratis] (custom)
2019-09-26 10:07:22,964 [pool-723-thread-1] INFO  storage.RaftStorageDirectory (RaftStorageDirectory.java:analyzeStorage(246)) - The storage directory /workdir/hadoop-ozone/integration-test/target/test-dir/MiniOzoneClusterImpl-af826fcf-2e4c-4099-bed4-c1b0f0495924/datanode-5/data/ratis/60fdacc5-92af-46dd-a128-f1a3f15e6558 does not exist. Creating ...
2019-09-26 10:07:22,967 [pool-723-thread-1] INFO  storage.RaftStorageDirectory (RaftStorageDirectory.java:tryLock(328)) - Lock on /workdir/hadoop-ozone/integration-test/target/test-dir/MiniOzoneClusterImpl-af826fcf-2e4c-4099-bed4-c1b0f0495924/datanode-5/data/ratis/60fdacc5-92af-46dd-a128-f1a3f15e6558/in_use.lock acquired by nodename 19604@pr-hdds-1569-wvzgm-824869521
2019-09-26 10:07:22,970 [pool-723-thread-1] INFO  storage.RaftStorage (RaftStorage.java:format(72)) - Storage directory /workdir/hadoop-ozone/integration-test/target/test-dir/MiniOzoneClusterImpl-af826fcf-2e4c-4099-bed4-c1b0f0495924/datanode-5/data/ratis/60fdacc5-92af-46dd-a128-f1a3f15e6558 has been successfully formatted.
2019-09-26 10:07:22,970 [pool-723-thread-1] INFO  ratis.ContainerStateMachine (ContainerStateMachine.java:loadSnapshot(230)) - group-F1A3F15E6558: The snapshot info is null. Setting the last applied indexto:(t:0, i:~)
2019-09-26 10:07:22,970 [pool-723-thread-1] INFO  server.RaftServerConfigKeys (ConfUtils.java:logGet(43)) - raft.server.notification.no-leader.timeout = 120s (custom)
2019-09-26 10:07:22,970 [pool-723-thread-1] INFO  server.RaftServerConfigKeys (ConfUtils.java:logGet(43)) - raft.server.log.use.memory = false (default)
2019-09-26 10:07:22,971 [pool-723-thread-1] INFO  server.RaftServerConfigKeys (ConfUtils.java:logGet(43)) - raft.server.log.purge.gap = 1000000 (custom)
2019-09-26 10:07:22,971 [pool-723-thread-1] INFO  server.RaftServerConfigKeys (ConfUtils.java:logGet(43)) - raft.server.log.appender.buffer.byte-limit = 33554432 (custom)
2019-09-26 10:07:22,971 [pool-723-thread-1] INFO  server.RaftServerConfigKeys (ConfUtils.java:logGet(43)) - raft.server.log.segment.size.max = 1048576 (custom)
2019-09-26 10:07:22,971 [pool-723-thread-1] INFO  server.RaftServerConfigKeys (ConfUtils.java:logGet(43)) - raft.server.log.segment.cache.num.max = 2 (custom)
2019-09-26 10:07:22,971 [pool-723-thread-1] INFO  segmented.SegmentedRaftLogWorker (SegmentedRaftLogWorker.java:<init>(172)) - new 5004b7af-11c5-4c34-b2aa-0091a090c65f@group-F1A3F15E6558-SegmentedRaftLogWorker for RaftStorage:Storage Directory /workdir/hadoop-ozone/integration-test/target/test-dir/MiniOzoneClusterImpl-af826fcf-2e4c-4099-bed4-c1b0f0495924/datanode-5/data/ratis/60fdacc5-92af-46dd-a128-f1a3f15e6558
2019-09-26 10:07:22,971 [pool-723-thread-1] INFO  server.RaftServerConfigKeys (ConfUtils.java:logGet(43)) - raft.server.log.queue.byte-limit = 2147483647 (custom)
2019-09-26 10:07:22,971 [pool-723-thread-1] INFO  server.RaftServerConfigKeys (ConfUtils.java:logGet(43)) - raft.server.log.queue.element-limit = 1024 (custom)
2019-09-26 10:07:22,972 [pool-723-thread-1] INFO  server.RaftServerConfigKeys (ConfUtils.java:logGet(43)) - raft.server.log.segment.size.max = 1048576 (custom)
2019-09-26 10:07:22,972 [pool-723-thread-1] INFO  server.RaftServerConfigKeys (ConfUtils.java:logGet(43)) - raft.server.log.preallocated.size = 16384 (custom)
2019-09-26 10:07:22,972 [pool-723-thread-1] INFO  server.RaftServerConfigKeys (ConfUtils.java:logGet(43)) - raft.server.log.write.buffer.size = 33554432 (custom)
2019-09-26 10:07:22,972 [pool-723-thread-1] INFO  server.RaftServerConfigKeys (ConfUtils.java:logGet(43)) - raft.server.log.force.sync.num = 128 (default)
2019-09-26 10:07:22,972 [pool-723-thread-1] INFO  server.RaftServerConfigKeys (ConfUtils.java:logGet(43)) - raft.server.log.statemachine.data.sync = true (default)
2019-09-26 10:07:22,972 [pool-723-thread-1] INFO  server.RaftServerConfigKeys (ConfUtils.java:logGet(43)) - raft.server.log.statemachine.data.sync.timeout = 10s (default)
2019-09-26 10:07:22,972 [pool-723-thread-1] INFO  server.RaftServerConfigKeys (ConfUtils.java:logGet(43)) - raft.server.log.statemachine.data.sync.timeout.retry = -1 (default)
2019-09-26 10:07:22,973 [pool-723-thread-1] INFO  server.RaftServerConfigKeys (ConfUtils.java:logGet(43)) - raft.server.log.statemachine.data.caching.enabled = true (custom)
2019-09-26 10:07:22,973 [pool-723-thread-1] INFO  segmented.SegmentedRaftLogWorker (SegmentedRaftLogWorker.java:lambda$new$0(132)) - 5004b7af-11c5-4c34-b2aa-0091a090c65f@group-F1A3F15E6558-SegmentedRaftLogWorker: flushIndex: setUnconditionally 0 -> -1
2019-09-26 10:07:22,973 [pool-723-thread-1] INFO  server.RaftServerConfigKeys (ConfUtils.java:logGet(43)) - raft.server.snapshot.auto.trigger.enabled = true (custom)
2019-09-26 10:07:22,973 [pool-723-thread-1] INFO  server.RaftServerConfigKeys (ConfUtils.java:logGet(43)) - raft.server.snapshot.auto.trigger.threshold = 10000 (custom)
2019-09-26 10:07:22,973 [pool-723-thread-1] INFO  server.RaftServerConfigKeys (ConfUtils.java:logGet(43)) - raft.server.snapshot.retention.num.files = 5 (custom)
2019-09-26 10:07:22,974 [pool-723-thread-1] INFO  server.RaftServerConfigKeys (ConfUtils.java:logGet(43)) - raft.server.retrycache.expirytime = 600000ms (custom)
2019-09-26 10:07:22,975 [pool-723-thread-1] INFO  impl.RaftServerImpl (RaftServerImpl.java:start(185)) - 5004b7af-11c5-4c34-b2aa-0091a090c65f@group-F1A3F15E6558: start as a follower, conf=-1: [5004b7af-11c5-4c34-b2aa-0091a090c65f:192.168.30.13:35706], old=null
2019-09-26 10:07:22,975 [pool-723-thread-1] INFO  impl.RaftServerImpl (RaftServerImpl.java:setRole(174)) - 5004b7af-11c5-4c34-b2aa-0091a090c65f@group-F1A3F15E6558: changes role from      null to FOLLOWER at term 0 for startAsFollower
2019-09-26 10:07:22,975 [pool-723-thread-1] INFO  impl.RoleInfo (RoleInfo.java:updateAndGet(143)) - 5004b7af-11c5-4c34-b2aa-0091a090c65f: start FollowerState
2019-09-26 10:07:22,976 [pool-723-thread-1] INFO  util.JmxRegister (JmxRegister.java:tryRegister(44)) - Successfully registered JMX Bean with object name Ratis:service=RaftServer,group=group-F1A3F15E6558,id=5004b7af-11c5-4c34-b2aa-0091a090c65f
2019-09-26 10:07:22,978 [RatisPipelineUtilsThread] INFO  pipeline.PipelineStateManager (PipelineStateManager.java:addPipeline(56)) - Created pipeline Pipeline[ Id: 60fdacc5-92af-46dd-a128-f1a3f15e6558, Nodes: 5004b7af-11c5-4c34-b2aa-0091a090c65f{ip: 192.168.30.13, host: pr-hdds-1569-wvzgm-824869521, networkLocation: /default-rack, certSerialId: null}, Type:RATIS, Factor:ONE, State:OPEN]
2019-09-26 10:07:22,978 [RatisPipelineUtilsThread] INFO  pipeline.PipelinePlacementPolicy (PipelinePlacementPolicy.java:meetCriteria(91)) - Pipeline Placement: can't place more pipeline on heavy datanode： 9cafecc4-59b7-45e3-9675-340d3e2c3fab Heaviness: 6 limit: 5
2019-09-26 10:07:22,978 [RatisPipelineUtilsThread] INFO  pipeline.PipelinePlacementPolicy (PipelinePlacementPolicy.java:meetCriteria(91)) - Pipeline Placement: can't place more pipeline on heavy datanode： 9c045c9c-ba1f-4aea-ae51-5b8bdd601291 Heaviness: 6 limit: 5
2019-09-26 10:07:22,978 [RatisPipelineUtilsThread] INFO  pipeline.PipelinePlacementPolicy (PipelinePlacementPolicy.java:meetCriteria(91)) - Pipeline Placement: can't place more pipeline on heavy datanode： bec07a0c-a0ea-4ddf-8714-f8e80b4d678f Heaviness: 6 limit: 5
2019-09-26 10:07:22,978 [RatisPipelineUtilsThread] INFO  pipeline.PipelinePlacementPolicy (PipelinePlacementPolicy.java:meetCriteria(91)) - Pipeline Placement: can't place more pipeline on heavy datanode： 5955fc00-f5b8-4418-b414-62f2e5ec1764 Heaviness: 6 limit: 5
2019-09-26 10:07:22,982 [grpc-default-executor-1] INFO  impl.RaftServerProxy (RaftServerProxy.java:addNew(89)) - d1f6f5bd-a733-436d-b89d-c17e8804c490: addNew group-D3570381E81E:[d1f6f5bd-a733-436d-b89d-c17e8804c490:192.168.30.13:37835] returns group-D3570381E81E:java.util.concurrent.CompletableFuture@20762447[Not completed]
2019-09-26 10:07:22,983 [pool-713-thread-1] INFO  impl.RaftServerImpl (RaftServerImpl.java:<init>(95)) - d1f6f5bd-a733-436d-b89d-c17e8804c490: new RaftServerImpl for group-D3570381E81E:[d1f6f5bd-a733-436d-b89d-c17e8804c490:192.168.30.13:37835] with ContainerStateMachine:uninitialized
2019-09-26 10:07:22,983 [pool-713-thread-1] INFO  server.RaftServerConfigKeys (ConfUtils.java:logGet(43)) - raft.server.rpc.timeout.min = 5s (custom)
2019-09-26 10:07:22,983 [pool-713-thread-1] INFO  server.RaftServerConfigKeys (ConfUtils.java:logGet(43)) - raft.server.rpc.timeout.max = 5200ms (custom)
2019-09-26 10:07:22,983 [pool-713-thread-1] INFO  server.RaftServerConfigKeys (ConfUtils.java:logGet(43)) - raft.server.rpcslowness.timeout = 120s (custom)
2019-09-26 10:07:22,983 [pool-713-thread-1] INFO  server.RaftServerConfigKeys (ConfUtils.java:logGet(43)) - raft.server.sleep.deviation.threshold = 300 (default)
2019-09-26 10:07:22,983 [pool-713-thread-1] INFO  server.RaftServerConfigKeys (ConfUtils.java:logGet(43)) - raft.server.log.appender.install.snapshot.enabled = false (custom)
2019-09-26 10:07:22,984 [pool-713-thread-1] INFO  impl.RaftServerImpl (ServerState.java:<init>(103)) - d1f6f5bd-a733-436d-b89d-c17e8804c490@group-D3570381E81E: ConfigurationManager, init=-1: [d1f6f5bd-a733-436d-b89d-c17e8804c490:192.168.30.13:37835], old=null, confs=<EMPTY_MAP>
2019-09-26 10:07:22,984 [pool-713-thread-1] INFO  server.RaftServerConfigKeys (ConfUtils.java:logGet(43)) - raft.server.storage.dir = [/workdir/hadoop-ozone/integration-test/target/test-dir/MiniOzoneClusterImpl-af826fcf-2e4c-4099-bed4-c1b0f0495924/datanode-4/data/ratis] (custom)
2019-09-26 10:07:22,984 [pool-713-thread-1] INFO  storage.RaftStorageDirectory (RaftStorageDirectory.java:analyzeStorage(246)) - The storage directory /workdir/hadoop-ozone/integration-test/target/test-dir/MiniOzoneClusterImpl-af826fcf-2e4c-4099-bed4-c1b0f0495924/datanode-4/data/ratis/8c74e8fd-e09e-4c24-a8df-d3570381e81e does not exist. Creating ...
2019-09-26 10:07:22,988 [pool-713-thread-1] INFO  storage.RaftStorageDirectory (RaftStorageDirectory.java:tryLock(328)) - Lock on /workdir/hadoop-ozone/integration-test/target/test-dir/MiniOzoneClusterImpl-af826fcf-2e4c-4099-bed4-c1b0f0495924/datanode-4/data/ratis/8c74e8fd-e09e-4c24-a8df-d3570381e81e/in_use.lock acquired by nodename 19604@pr-hdds-1569-wvzgm-824869521
2019-09-26 10:07:22,990 [pool-713-thread-1] INFO  storage.RaftStorage (RaftStorage.java:format(72)) - Storage directory /workdir/hadoop-ozone/integration-test/target/test-dir/MiniOzoneClusterImpl-af826fcf-2e4c-4099-bed4-c1b0f0495924/datanode-4/data/ratis/8c74e8fd-e09e-4c24-a8df-d3570381e81e has been successfully formatted.
2019-09-26 10:07:22,991 [pool-713-thread-1] INFO  ratis.ContainerStateMachine (ContainerStateMachine.java:loadSnapshot(230)) - group-D3570381E81E: The snapshot info is null. Setting the last applied indexto:(t:0, i:~)
2019-09-26 10:07:22,991 [pool-713-thread-1] INFO  server.RaftServerConfigKeys (ConfUtils.java:logGet(43)) - raft.server.notification.no-leader.timeout = 120s (custom)
2019-09-26 10:07:22,991 [pool-713-thread-1] INFO  server.RaftServerConfigKeys (ConfUtils.java:logGet(43)) - raft.server.log.use.memory = false (default)
2019-09-26 10:07:22,991 [pool-713-thread-1] INFO  server.RaftServerConfigKeys (ConfUtils.java:logGet(43)) - raft.server.log.purge.gap = 1000000 (custom)
2019-09-26 10:07:22,991 [pool-713-thread-1] INFO  server.RaftServerConfigKeys (ConfUtils.java:logGet(43)) - raft.server.log.appender.buffer.byte-limit = 33554432 (custom)
2019-09-26 10:07:22,991 [pool-713-thread-1] INFO  server.RaftServerConfigKeys (ConfUtils.java:logGet(43)) - raft.server.log.segment.size.max = 1048576 (custom)
2019-09-26 10:07:22,991 [pool-713-thread-1] INFO  server.RaftServerConfigKeys (ConfUtils.java:logGet(43)) - raft.server.log.segment.cache.num.max = 2 (custom)
2019-09-26 10:07:22,992 [pool-713-thread-1] INFO  segmented.SegmentedRaftLogWorker (SegmentedRaftLogWorker.java:<init>(172)) - new d1f6f5bd-a733-436d-b89d-c17e8804c490@group-D3570381E81E-SegmentedRaftLogWorker for RaftStorage:Storage Directory /workdir/hadoop-ozone/integration-test/target/test-dir/MiniOzoneClusterImpl-af826fcf-2e4c-4099-bed4-c1b0f0495924/datanode-4/data/ratis/8c74e8fd-e09e-4c24-a8df-d3570381e81e
2019-09-26 10:07:22,992 [pool-713-thread-1] INFO  server.RaftServerConfigKeys (ConfUtils.java:logGet(43)) - raft.server.log.queue.byte-limit = 2147483647 (custom)
2019-09-26 10:07:22,992 [pool-713-thread-1] INFO  server.RaftServerConfigKeys (ConfUtils.java:logGet(43)) - raft.server.log.queue.element-limit = 1024 (custom)
2019-09-26 10:07:22,992 [pool-713-thread-1] INFO  server.RaftServerConfigKeys (ConfUtils.java:logGet(43)) - raft.server.log.segment.size.max = 1048576 (custom)
2019-09-26 10:07:22,992 [pool-713-thread-1] INFO  server.RaftServerConfigKeys (ConfUtils.java:logGet(43)) - raft.server.log.preallocated.size = 16384 (custom)
2019-09-26 10:07:22,992 [pool-713-thread-1] INFO  server.RaftServerConfigKeys (ConfUtils.java:logGet(43)) - raft.server.log.write.buffer.size = 33554432 (custom)
2019-09-26 10:07:22,992 [pool-713-thread-1] INFO  server.RaftServerConfigKeys (ConfUtils.java:logGet(43)) - raft.server.log.force.sync.num = 128 (default)
2019-09-26 10:07:22,992 [pool-713-thread-1] INFO  server.RaftServerConfigKeys (ConfUtils.java:logGet(43)) - raft.server.log.statemachine.data.sync = true (default)
2019-09-26 10:07:22,993 [pool-713-thread-1] INFO  server.RaftServerConfigKeys (ConfUtils.java:logGet(43)) - raft.server.log.statemachine.data.sync.timeout = 10s (default)
2019-09-26 10:07:22,993 [pool-713-thread-1] INFO  server.RaftServerConfigKeys (ConfUtils.java:logGet(43)) - raft.server.log.statemachine.data.sync.timeout.retry = -1 (default)
2019-09-26 10:07:22,993 [pool-713-thread-1] INFO  server.RaftServerConfigKeys (ConfUtils.java:logGet(43)) - raft.server.log.statemachine.data.caching.enabled = true (custom)
2019-09-26 10:07:22,993 [pool-713-thread-1] INFO  segmented.SegmentedRaftLogWorker (SegmentedRaftLogWorker.java:lambda$new$0(132)) - d1f6f5bd-a733-436d-b89d-c17e8804c490@group-D3570381E81E-SegmentedRaftLogWorker: flushIndex: setUnconditionally 0 -> -1
2019-09-26 10:07:22,993 [pool-713-thread-1] INFO  server.RaftServerConfigKeys (ConfUtils.java:logGet(43)) - raft.server.snapshot.auto.trigger.enabled = true (custom)
2019-09-26 10:07:22,994 [pool-713-thread-1] INFO  server.RaftServerConfigKeys (ConfUtils.java:logGet(43)) - raft.server.snapshot.auto.trigger.threshold = 10000 (custom)
2019-09-26 10:07:22,994 [pool-713-thread-1] INFO  server.RaftServerConfigKeys (ConfUtils.java:logGet(43)) - raft.server.snapshot.retention.num.files = 5 (custom)
2019-09-26 10:07:22,994 [pool-713-thread-1] INFO  server.RaftServerConfigKeys (ConfUtils.java:logGet(43)) - raft.server.retrycache.expirytime = 600000ms (custom)
2019-09-26 10:07:22,995 [pool-713-thread-1] INFO  impl.RaftServerImpl (RaftServerImpl.java:start(185)) - d1f6f5bd-a733-436d-b89d-c17e8804c490@group-D3570381E81E: start as a follower, conf=-1: [d1f6f5bd-a733-436d-b89d-c17e8804c490:192.168.30.13:37835], old=null
2019-09-26 10:07:22,996 [pool-713-thread-1] INFO  impl.RaftServerImpl (RaftServerImpl.java:setRole(174)) - d1f6f5bd-a733-436d-b89d-c17e8804c490@group-D3570381E81E: changes role from      null to FOLLOWER at term 0 for startAsFollower
2019-09-26 10:07:22,996 [pool-713-thread-1] INFO  impl.RoleInfo (RoleInfo.java:updateAndGet(143)) - d1f6f5bd-a733-436d-b89d-c17e8804c490: start FollowerState
2019-09-26 10:07:22,996 [pool-713-thread-1] INFO  util.JmxRegister (JmxRegister.java:tryRegister(44)) - Successfully registered JMX Bean with object name Ratis:service=RaftServer,group=group-D3570381E81E,id=d1f6f5bd-a733-436d-b89d-c17e8804c490
2019-09-26 10:07:22,998 [RatisPipelineUtilsThread] INFO  pipeline.PipelineStateManager (PipelineStateManager.java:addPipeline(56)) - Created pipeline Pipeline[ Id: 8c74e8fd-e09e-4c24-a8df-d3570381e81e, Nodes: d1f6f5bd-a733-436d-b89d-c17e8804c490{ip: 192.168.30.13, host: pr-hdds-1569-wvzgm-824869521, networkLocation: /default-rack, certSerialId: null}, Type:RATIS, Factor:ONE, State:OPEN]
2019-09-26 10:07:22,998 [RatisPipelineUtilsThread] INFO  pipeline.PipelinePlacementPolicy (PipelinePlacementPolicy.java:meetCriteria(91)) - Pipeline Placement: can't place more pipeline on heavy datanode： 9cafecc4-59b7-45e3-9675-340d3e2c3fab Heaviness: 6 limit: 5
2019-09-26 10:07:22,998 [RatisPipelineUtilsThread] INFO  pipeline.PipelinePlacementPolicy (PipelinePlacementPolicy.java:meetCriteria(91)) - Pipeline Placement: can't place more pipeline on heavy datanode： 9c045c9c-ba1f-4aea-ae51-5b8bdd601291 Heaviness: 6 limit: 5
2019-09-26 10:07:22,998 [RatisPipelineUtilsThread] INFO  pipeline.PipelinePlacementPolicy (PipelinePlacementPolicy.java:meetCriteria(91)) - Pipeline Placement: can't place more pipeline on heavy datanode： bec07a0c-a0ea-4ddf-8714-f8e80b4d678f Heaviness: 6 limit: 5
2019-09-26 10:07:22,998 [RatisPipelineUtilsThread] INFO  pipeline.PipelinePlacementPolicy (PipelinePlacementPolicy.java:meetCriteria(91)) - Pipeline Placement: can't place more pipeline on heavy datanode： 5955fc00-f5b8-4418-b414-62f2e5ec1764 Heaviness: 6 limit: 5
2019-09-26 10:07:23,002 [grpc-default-executor-1] INFO  impl.RaftServerProxy (RaftServerProxy.java:addNew(89)) - 5004b7af-11c5-4c34-b2aa-0091a090c65f: addNew group-172828DAF1D9:[5004b7af-11c5-4c34-b2aa-0091a090c65f:192.168.30.13:35706] returns group-172828DAF1D9:java.util.concurrent.CompletableFuture@775535fb[Not completed]
2019-09-26 10:07:23,002 [pool-723-thread-1] INFO  impl.RaftServerImpl (RaftServerImpl.java:<init>(95)) - 5004b7af-11c5-4c34-b2aa-0091a090c65f: new RaftServerImpl for group-172828DAF1D9:[5004b7af-11c5-4c34-b2aa-0091a090c65f:192.168.30.13:35706] with ContainerStateMachine:uninitialized
2019-09-26 10:07:23,002 [pool-723-thread-1] INFO  server.RaftServerConfigKeys (ConfUtils.java:logGet(43)) - raft.server.rpc.timeout.min = 5s (custom)
2019-09-26 10:07:23,003 [pool-723-thread-1] INFO  server.RaftServerConfigKeys (ConfUtils.java:logGet(43)) - raft.server.rpc.timeout.max = 5200ms (custom)
2019-09-26 10:07:23,003 [pool-723-thread-1] INFO  server.RaftServerConfigKeys (ConfUtils.java:logGet(43)) - raft.server.rpcslowness.timeout = 120s (custom)
2019-09-26 10:07:23,003 [pool-723-thread-1] INFO  server.RaftServerConfigKeys (ConfUtils.java:logGet(43)) - raft.server.sleep.deviation.threshold = 300 (default)
2019-09-26 10:07:23,003 [pool-723-thread-1] INFO  server.RaftServerConfigKeys (ConfUtils.java:logGet(43)) - raft.server.log.appender.install.snapshot.enabled = false (custom)
2019-09-26 10:07:23,003 [pool-723-thread-1] INFO  impl.RaftServerImpl (ServerState.java:<init>(103)) - 5004b7af-11c5-4c34-b2aa-0091a090c65f@group-172828DAF1D9: ConfigurationManager, init=-1: [5004b7af-11c5-4c34-b2aa-0091a090c65f:192.168.30.13:35706], old=null, confs=<EMPTY_MAP>
2019-09-26 10:07:23,003 [pool-723-thread-1] INFO  server.RaftServerConfigKeys (ConfUtils.java:logGet(43)) - raft.server.storage.dir = [/workdir/hadoop-ozone/integration-test/target/test-dir/MiniOzoneClusterImpl-af826fcf-2e4c-4099-bed4-c1b0f0495924/datanode-5/data/ratis] (custom)
2019-09-26 10:07:23,003 [pool-723-thread-1] INFO  storage.RaftStorageDirectory (RaftStorageDirectory.java:analyzeStorage(246)) - The storage directory /workdir/hadoop-ozone/integration-test/target/test-dir/MiniOzoneClusterImpl-af826fcf-2e4c-4099-bed4-c1b0f0495924/datanode-5/data/ratis/ca120816-9d1e-4bcc-8ba7-172828daf1d9 does not exist. Creating ...
2019-09-26 10:07:23,007 [pool-723-thread-1] INFO  storage.RaftStorageDirectory (RaftStorageDirectory.java:tryLock(328)) - Lock on /workdir/hadoop-ozone/integration-test/target/test-dir/MiniOzoneClusterImpl-af826fcf-2e4c-4099-bed4-c1b0f0495924/datanode-5/data/ratis/ca120816-9d1e-4bcc-8ba7-172828daf1d9/in_use.lock acquired by nodename 19604@pr-hdds-1569-wvzgm-824869521
2019-09-26 10:07:23,011 [pool-723-thread-1] INFO  storage.RaftStorage (RaftStorage.java:format(72)) - Storage directory /workdir/hadoop-ozone/integration-test/target/test-dir/MiniOzoneClusterImpl-af826fcf-2e4c-4099-bed4-c1b0f0495924/datanode-5/data/ratis/ca120816-9d1e-4bcc-8ba7-172828daf1d9 has been successfully formatted.
2019-09-26 10:07:23,011 [pool-723-thread-1] INFO  ratis.ContainerStateMachine (ContainerStateMachine.java:loadSnapshot(230)) - group-172828DAF1D9: The snapshot info is null. Setting the last applied indexto:(t:0, i:~)
2019-09-26 10:07:23,011 [pool-723-thread-1] INFO  server.RaftServerConfigKeys (ConfUtils.java:logGet(43)) - raft.server.notification.no-leader.timeout = 120s (custom)
2019-09-26 10:07:23,012 [pool-723-thread-1] INFO  server.RaftServerConfigKeys (ConfUtils.java:logGet(43)) - raft.server.log.use.memory = false (default)
2019-09-26 10:07:23,012 [pool-723-thread-1] INFO  server.RaftServerConfigKeys (ConfUtils.java:logGet(43)) - raft.server.log.purge.gap = 1000000 (custom)
2019-09-26 10:07:23,012 [pool-723-thread-1] INFO  server.RaftServerConfigKeys (ConfUtils.java:logGet(43)) - raft.server.log.appender.buffer.byte-limit = 33554432 (custom)
2019-09-26 10:07:23,012 [pool-723-thread-1] INFO  server.RaftServerConfigKeys (ConfUtils.java:logGet(43)) - raft.server.log.segment.size.max = 1048576 (custom)
2019-09-26 10:07:23,012 [pool-723-thread-1] INFO  server.RaftServerConfigKeys (ConfUtils.java:logGet(43)) - raft.server.log.segment.cache.num.max = 2 (custom)
2019-09-26 10:07:23,012 [pool-723-thread-1] INFO  segmented.SegmentedRaftLogWorker (SegmentedRaftLogWorker.java:<init>(172)) - new 5004b7af-11c5-4c34-b2aa-0091a090c65f@group-172828DAF1D9-SegmentedRaftLogWorker for RaftStorage:Storage Directory /workdir/hadoop-ozone/integration-test/target/test-dir/MiniOzoneClusterImpl-af826fcf-2e4c-4099-bed4-c1b0f0495924/datanode-5/data/ratis/ca120816-9d1e-4bcc-8ba7-172828daf1d9
2019-09-26 10:07:23,012 [pool-723-thread-1] INFO  server.RaftServerConfigKeys (ConfUtils.java:logGet(43)) - raft.server.log.queue.byte-limit = 2147483647 (custom)
2019-09-26 10:07:23,012 [pool-723-thread-1] INFO  server.RaftServerConfigKeys (ConfUtils.java:logGet(43)) - raft.server.log.queue.element-limit = 1024 (custom)
2019-09-26 10:07:23,012 [pool-723-thread-1] INFO  server.RaftServerConfigKeys (ConfUtils.java:logGet(43)) - raft.server.log.segment.size.max = 1048576 (custom)
2019-09-26 10:07:23,013 [pool-723-thread-1] INFO  server.RaftServerConfigKeys (ConfUtils.java:logGet(43)) - raft.server.log.preallocated.size = 16384 (custom)
2019-09-26 10:07:23,013 [pool-723-thread-1] INFO  server.RaftServerConfigKeys (ConfUtils.java:logGet(43)) - raft.server.log.write.buffer.size = 33554432 (custom)
2019-09-26 10:07:23,013 [pool-723-thread-1] INFO  server.RaftServerConfigKeys (ConfUtils.java:logGet(43)) - raft.server.log.force.sync.num = 128 (default)
2019-09-26 10:07:23,013 [pool-723-thread-1] INFO  server.RaftServerConfigKeys (ConfUtils.java:logGet(43)) - raft.server.log.statemachine.data.sync = true (default)
2019-09-26 10:07:23,013 [pool-723-thread-1] INFO  server.RaftServerConfigKeys (ConfUtils.java:logGet(43)) - raft.server.log.statemachine.data.sync.timeout = 10s (default)
2019-09-26 10:07:23,013 [pool-723-thread-1] INFO  server.RaftServerConfigKeys (ConfUtils.java:logGet(43)) - raft.server.log.statemachine.data.sync.timeout.retry = -1 (default)
2019-09-26 10:07:23,013 [pool-723-thread-1] INFO  server.RaftServerConfigKeys (ConfUtils.java:logGet(43)) - raft.server.log.statemachine.data.caching.enabled = true (custom)
2019-09-26 10:07:23,013 [pool-723-thread-1] INFO  segmented.SegmentedRaftLogWorker (SegmentedRaftLogWorker.java:lambda$new$0(132)) - 5004b7af-11c5-4c34-b2aa-0091a090c65f@group-172828DAF1D9-SegmentedRaftLogWorker: flushIndex: setUnconditionally 0 -> -1
2019-09-26 10:07:23,014 [pool-723-thread-1] INFO  server.RaftServerConfigKeys (ConfUtils.java:logGet(43)) - raft.server.snapshot.auto.trigger.enabled = true (custom)
2019-09-26 10:07:23,014 [pool-723-thread-1] INFO  server.RaftServerConfigKeys (ConfUtils.java:logGet(43)) - raft.server.snapshot.auto.trigger.threshold = 10000 (custom)
2019-09-26 10:07:23,014 [pool-723-thread-1] INFO  server.RaftServerConfigKeys (ConfUtils.java:logGet(43)) - raft.server.snapshot.retention.num.files = 5 (custom)
2019-09-26 10:07:23,014 [pool-723-thread-1] INFO  server.RaftServerConfigKeys (ConfUtils.java:logGet(43)) - raft.server.retrycache.expirytime = 600000ms (custom)
2019-09-26 10:07:23,015 [pool-723-thread-1] INFO  impl.RaftServerImpl (RaftServerImpl.java:start(185)) - 5004b7af-11c5-4c34-b2aa-0091a090c65f@group-172828DAF1D9: start as a follower, conf=-1: [5004b7af-11c5-4c34-b2aa-0091a090c65f:192.168.30.13:35706], old=null
2019-09-26 10:07:23,016 [pool-723-thread-1] INFO  impl.RaftServerImpl (RaftServerImpl.java:setRole(174)) - 5004b7af-11c5-4c34-b2aa-0091a090c65f@group-172828DAF1D9: changes role from      null to FOLLOWER at term 0 for startAsFollower
2019-09-26 10:07:23,016 [pool-723-thread-1] INFO  impl.RoleInfo (RoleInfo.java:updateAndGet(143)) - 5004b7af-11c5-4c34-b2aa-0091a090c65f: start FollowerState
2019-09-26 10:07:23,016 [pool-723-thread-1] INFO  util.JmxRegister (JmxRegister.java:tryRegister(44)) - Successfully registered JMX Bean with object name Ratis:service=RaftServer,group=group-172828DAF1D9,id=5004b7af-11c5-4c34-b2aa-0091a090c65f
2019-09-26 10:07:23,018 [RatisPipelineUtilsThread] INFO  pipeline.PipelineStateManager (PipelineStateManager.java:addPipeline(56)) - Created pipeline Pipeline[ Id: ca120816-9d1e-4bcc-8ba7-172828daf1d9, Nodes: 5004b7af-11c5-4c34-b2aa-0091a090c65f{ip: 192.168.30.13, host: pr-hdds-1569-wvzgm-824869521, networkLocation: /default-rack, certSerialId: null}, Type:RATIS, Factor:ONE, State:OPEN]
2019-09-26 10:07:23,018 [RatisPipelineUtilsThread] INFO  pipeline.PipelinePlacementPolicy (PipelinePlacementPolicy.java:meetCriteria(91)) - Pipeline Placement: can't place more pipeline on heavy datanode： 9cafecc4-59b7-45e3-9675-340d3e2c3fab Heaviness: 6 limit: 5
2019-09-26 10:07:23,018 [RatisPipelineUtilsThread] INFO  pipeline.PipelinePlacementPolicy (PipelinePlacementPolicy.java:meetCriteria(91)) - Pipeline Placement: can't place more pipeline on heavy datanode： 9c045c9c-ba1f-4aea-ae51-5b8bdd601291 Heaviness: 6 limit: 5
2019-09-26 10:07:23,018 [RatisPipelineUtilsThread] INFO  pipeline.PipelinePlacementPolicy (PipelinePlacementPolicy.java:meetCriteria(91)) - Pipeline Placement: can't place more pipeline on heavy datanode： bec07a0c-a0ea-4ddf-8714-f8e80b4d678f Heaviness: 6 limit: 5
2019-09-26 10:07:23,019 [RatisPipelineUtilsThread] INFO  pipeline.PipelinePlacementPolicy (PipelinePlacementPolicy.java:meetCriteria(91)) - Pipeline Placement: can't place more pipeline on heavy datanode： 5955fc00-f5b8-4418-b414-62f2e5ec1764 Heaviness: 6 limit: 5
2019-09-26 10:07:23,021 [grpc-default-executor-1] INFO  impl.RaftServerProxy (RaftServerProxy.java:addNew(89)) - d1f6f5bd-a733-436d-b89d-c17e8804c490: addNew group-168BC434C84B:[d1f6f5bd-a733-436d-b89d-c17e8804c490:192.168.30.13:37835] returns group-168BC434C84B:java.util.concurrent.CompletableFuture@ce8fcaf[Not completed]
2019-09-26 10:07:23,022 [pool-713-thread-1] INFO  impl.RaftServerImpl (RaftServerImpl.java:<init>(95)) - d1f6f5bd-a733-436d-b89d-c17e8804c490: new RaftServerImpl for group-168BC434C84B:[d1f6f5bd-a733-436d-b89d-c17e8804c490:192.168.30.13:37835] with ContainerStateMachine:uninitialized
2019-09-26 10:07:23,022 [pool-713-thread-1] INFO  server.RaftServerConfigKeys (ConfUtils.java:logGet(43)) - raft.server.rpc.timeout.min = 5s (custom)
2019-09-26 10:07:23,022 [pool-713-thread-1] INFO  server.RaftServerConfigKeys (ConfUtils.java:logGet(43)) - raft.server.rpc.timeout.max = 5200ms (custom)
2019-09-26 10:07:23,023 [pool-713-thread-1] INFO  server.RaftServerConfigKeys (ConfUtils.java:logGet(43)) - raft.server.rpcslowness.timeout = 120s (custom)
2019-09-26 10:07:23,023 [pool-713-thread-1] INFO  server.RaftServerConfigKeys (ConfUtils.java:logGet(43)) - raft.server.sleep.deviation.threshold = 300 (default)
2019-09-26 10:07:23,023 [pool-713-thread-1] INFO  server.RaftServerConfigKeys (ConfUtils.java:logGet(43)) - raft.server.log.appender.install.snapshot.enabled = false (custom)
2019-09-26 10:07:23,023 [pool-713-thread-1] INFO  impl.RaftServerImpl (ServerState.java:<init>(103)) - d1f6f5bd-a733-436d-b89d-c17e8804c490@group-168BC434C84B: ConfigurationManager, init=-1: [d1f6f5bd-a733-436d-b89d-c17e8804c490:192.168.30.13:37835], old=null, confs=<EMPTY_MAP>
2019-09-26 10:07:23,023 [pool-713-thread-1] INFO  server.RaftServerConfigKeys (ConfUtils.java:logGet(43)) - raft.server.storage.dir = [/workdir/hadoop-ozone/integration-test/target/test-dir/MiniOzoneClusterImpl-af826fcf-2e4c-4099-bed4-c1b0f0495924/datanode-4/data/ratis] (custom)
2019-09-26 10:07:23,023 [pool-713-thread-1] INFO  storage.RaftStorageDirectory (RaftStorageDirectory.java:analyzeStorage(246)) - The storage directory /workdir/hadoop-ozone/integration-test/target/test-dir/MiniOzoneClusterImpl-af826fcf-2e4c-4099-bed4-c1b0f0495924/datanode-4/data/ratis/4efdf513-2079-42a7-a83c-168bc434c84b does not exist. Creating ...
2019-09-26 10:07:23,057 [pool-713-thread-1] INFO  storage.RaftStorageDirectory (RaftStorageDirectory.java:tryLock(328)) - Lock on /workdir/hadoop-ozone/integration-test/target/test-dir/MiniOzoneClusterImpl-af826fcf-2e4c-4099-bed4-c1b0f0495924/datanode-4/data/ratis/4efdf513-2079-42a7-a83c-168bc434c84b/in_use.lock acquired by nodename 19604@pr-hdds-1569-wvzgm-824869521
2019-09-26 10:07:23,069 [pool-713-thread-1] INFO  storage.RaftStorage (RaftStorage.java:format(72)) - Storage directory /workdir/hadoop-ozone/integration-test/target/test-dir/MiniOzoneClusterImpl-af826fcf-2e4c-4099-bed4-c1b0f0495924/datanode-4/data/ratis/4efdf513-2079-42a7-a83c-168bc434c84b has been successfully formatted.
2019-09-26 10:07:23,069 [pool-713-thread-1] INFO  ratis.ContainerStateMachine (ContainerStateMachine.java:loadSnapshot(230)) - group-168BC434C84B: The snapshot info is null. Setting the last applied indexto:(t:0, i:~)
2019-09-26 10:07:23,070 [pool-713-thread-1] INFO  server.RaftServerConfigKeys (ConfUtils.java:logGet(43)) - raft.server.notification.no-leader.timeout = 120s (custom)
2019-09-26 10:07:23,070 [pool-713-thread-1] INFO  server.RaftServerConfigKeys (ConfUtils.java:logGet(43)) - raft.server.log.use.memory = false (default)
2019-09-26 10:07:23,070 [pool-713-thread-1] INFO  server.RaftServerConfigKeys (ConfUtils.java:logGet(43)) - raft.server.log.purge.gap = 1000000 (custom)
2019-09-26 10:07:23,070 [pool-713-thread-1] INFO  server.RaftServerConfigKeys (ConfUtils.java:logGet(43)) - raft.server.log.appender.buffer.byte-limit = 33554432 (custom)
2019-09-26 10:07:23,071 [pool-713-thread-1] INFO  server.RaftServerConfigKeys (ConfUtils.java:logGet(43)) - raft.server.log.segment.size.max = 1048576 (custom)
2019-09-26 10:07:23,071 [pool-713-thread-1] INFO  server.RaftServerConfigKeys (ConfUtils.java:logGet(43)) - raft.server.log.segment.cache.num.max = 2 (custom)
2019-09-26 10:07:23,071 [pool-713-thread-1] INFO  segmented.SegmentedRaftLogWorker (SegmentedRaftLogWorker.java:<init>(172)) - new d1f6f5bd-a733-436d-b89d-c17e8804c490@group-168BC434C84B-SegmentedRaftLogWorker for RaftStorage:Storage Directory /workdir/hadoop-ozone/integration-test/target/test-dir/MiniOzoneClusterImpl-af826fcf-2e4c-4099-bed4-c1b0f0495924/datanode-4/data/ratis/4efdf513-2079-42a7-a83c-168bc434c84b
2019-09-26 10:07:23,071 [pool-713-thread-1] INFO  server.RaftServerConfigKeys (ConfUtils.java:logGet(43)) - raft.server.log.queue.byte-limit = 2147483647 (custom)
2019-09-26 10:07:23,071 [pool-713-thread-1] INFO  server.RaftServerConfigKeys (ConfUtils.java:logGet(43)) - raft.server.log.queue.element-limit = 1024 (custom)
2019-09-26 10:07:23,071 [pool-713-thread-1] INFO  server.RaftServerConfigKeys (ConfUtils.java:logGet(43)) - raft.server.log.segment.size.max = 1048576 (custom)
2019-09-26 10:07:23,071 [pool-713-thread-1] INFO  server.RaftServerConfigKeys (ConfUtils.java:logGet(43)) - raft.server.log.preallocated.size = 16384 (custom)
2019-09-26 10:07:23,072 [pool-713-thread-1] INFO  server.RaftServerConfigKeys (ConfUtils.java:logGet(43)) - raft.server.log.write.buffer.size = 33554432 (custom)
2019-09-26 10:07:23,072 [pool-713-thread-1] INFO  server.RaftServerConfigKeys (ConfUtils.java:logGet(43)) - raft.server.log.force.sync.num = 128 (default)
2019-09-26 10:07:23,072 [pool-713-thread-1] INFO  server.RaftServerConfigKeys (ConfUtils.java:logGet(43)) - raft.server.log.statemachine.data.sync = true (default)
2019-09-26 10:07:23,072 [pool-713-thread-1] INFO  server.RaftServerConfigKeys (ConfUtils.java:logGet(43)) - raft.server.log.statemachine.data.sync.timeout = 10s (default)
2019-09-26 10:07:23,072 [pool-713-thread-1] INFO  server.RaftServerConfigKeys (ConfUtils.java:logGet(43)) - raft.server.log.statemachine.data.sync.timeout.retry = -1 (default)
2019-09-26 10:07:23,072 [pool-713-thread-1] INFO  server.RaftServerConfigKeys (ConfUtils.java:logGet(43)) - raft.server.log.statemachine.data.caching.enabled = true (custom)
2019-09-26 10:07:23,073 [pool-713-thread-1] INFO  segmented.SegmentedRaftLogWorker (SegmentedRaftLogWorker.java:lambda$new$0(132)) - d1f6f5bd-a733-436d-b89d-c17e8804c490@group-168BC434C84B-SegmentedRaftLogWorker: flushIndex: setUnconditionally 0 -> -1
2019-09-26 10:07:23,073 [pool-713-thread-1] INFO  server.RaftServerConfigKeys (ConfUtils.java:logGet(43)) - raft.server.snapshot.auto.trigger.enabled = true (custom)
2019-09-26 10:07:23,073 [pool-713-thread-1] INFO  server.RaftServerConfigKeys (ConfUtils.java:logGet(43)) - raft.server.snapshot.auto.trigger.threshold = 10000 (custom)
2019-09-26 10:07:23,073 [pool-713-thread-1] INFO  server.RaftServerConfigKeys (ConfUtils.java:logGet(43)) - raft.server.snapshot.retention.num.files = 5 (custom)
2019-09-26 10:07:23,074 [pool-713-thread-1] INFO  server.RaftServerConfigKeys (ConfUtils.java:logGet(43)) - raft.server.retrycache.expirytime = 600000ms (custom)
2019-09-26 10:07:23,076 [pool-713-thread-1] INFO  impl.RaftServerImpl (RaftServerImpl.java:start(185)) - d1f6f5bd-a733-436d-b89d-c17e8804c490@group-168BC434C84B: start as a follower, conf=-1: [d1f6f5bd-a733-436d-b89d-c17e8804c490:192.168.30.13:37835], old=null
2019-09-26 10:07:23,076 [pool-713-thread-1] INFO  impl.RaftServerImpl (RaftServerImpl.java:setRole(174)) - d1f6f5bd-a733-436d-b89d-c17e8804c490@group-168BC434C84B: changes role from      null to FOLLOWER at term 0 for startAsFollower
2019-09-26 10:07:23,076 [pool-713-thread-1] INFO  impl.RoleInfo (RoleInfo.java:updateAndGet(143)) - d1f6f5bd-a733-436d-b89d-c17e8804c490: start FollowerState
2019-09-26 10:07:23,077 [pool-713-thread-1] INFO  util.JmxRegister (JmxRegister.java:tryRegister(44)) - Successfully registered JMX Bean with object name Ratis:service=RaftServer,group=group-168BC434C84B,id=d1f6f5bd-a733-436d-b89d-c17e8804c490
2019-09-26 10:07:23,080 [RatisPipelineUtilsThread] INFO  pipeline.PipelineStateManager (PipelineStateManager.java:addPipeline(56)) - Created pipeline Pipeline[ Id: 4efdf513-2079-42a7-a83c-168bc434c84b, Nodes: d1f6f5bd-a733-436d-b89d-c17e8804c490{ip: 192.168.30.13, host: pr-hdds-1569-wvzgm-824869521, networkLocation: /default-rack, certSerialId: null}, Type:RATIS, Factor:ONE, State:OPEN]
2019-09-26 10:07:23,080 [RatisPipelineUtilsThread] INFO  pipeline.PipelinePlacementPolicy (PipelinePlacementPolicy.java:meetCriteria(91)) - Pipeline Placement: can't place more pipeline on heavy datanode： 9cafecc4-59b7-45e3-9675-340d3e2c3fab Heaviness: 6 limit: 5
2019-09-26 10:07:23,080 [RatisPipelineUtilsThread] INFO  pipeline.PipelinePlacementPolicy (PipelinePlacementPolicy.java:meetCriteria(91)) - Pipeline Placement: can't place more pipeline on heavy datanode： 9c045c9c-ba1f-4aea-ae51-5b8bdd601291 Heaviness: 6 limit: 5
2019-09-26 10:07:23,080 [RatisPipelineUtilsThread] INFO  pipeline.PipelinePlacementPolicy (PipelinePlacementPolicy.java:meetCriteria(91)) - Pipeline Placement: can't place more pipeline on heavy datanode： bec07a0c-a0ea-4ddf-8714-f8e80b4d678f Heaviness: 6 limit: 5
2019-09-26 10:07:23,081 [RatisPipelineUtilsThread] INFO  pipeline.PipelinePlacementPolicy (PipelinePlacementPolicy.java:meetCriteria(91)) - Pipeline Placement: can't place more pipeline on heavy datanode： 5955fc00-f5b8-4418-b414-62f2e5ec1764 Heaviness: 6 limit: 5
2019-09-26 10:07:23,085 [grpc-default-executor-1] INFO  impl.RaftServerProxy (RaftServerProxy.java:addNew(89)) - 5004b7af-11c5-4c34-b2aa-0091a090c65f: addNew group-B827DDAB9806:[5004b7af-11c5-4c34-b2aa-0091a090c65f:192.168.30.13:35706] returns group-B827DDAB9806:java.util.concurrent.CompletableFuture@682f7a84[Not completed]
2019-09-26 10:07:23,085 [pool-723-thread-1] INFO  impl.RaftServerImpl (RaftServerImpl.java:<init>(95)) - 5004b7af-11c5-4c34-b2aa-0091a090c65f: new RaftServerImpl for group-B827DDAB9806:[5004b7af-11c5-4c34-b2aa-0091a090c65f:192.168.30.13:35706] with ContainerStateMachine:uninitialized
2019-09-26 10:07:23,086 [pool-723-thread-1] INFO  server.RaftServerConfigKeys (ConfUtils.java:logGet(43)) - raft.server.rpc.timeout.min = 5s (custom)
2019-09-26 10:07:23,086 [pool-723-thread-1] INFO  server.RaftServerConfigKeys (ConfUtils.java:logGet(43)) - raft.server.rpc.timeout.max = 5200ms (custom)
2019-09-26 10:07:23,086 [pool-723-thread-1] INFO  server.RaftServerConfigKeys (ConfUtils.java:logGet(43)) - raft.server.rpcslowness.timeout = 120s (custom)
2019-09-26 10:07:23,086 [pool-723-thread-1] INFO  server.RaftServerConfigKeys (ConfUtils.java:logGet(43)) - raft.server.sleep.deviation.threshold = 300 (default)
2019-09-26 10:07:23,086 [pool-723-thread-1] INFO  server.RaftServerConfigKeys (ConfUtils.java:logGet(43)) - raft.server.log.appender.install.snapshot.enabled = false (custom)
2019-09-26 10:07:23,086 [pool-723-thread-1] INFO  impl.RaftServerImpl (ServerState.java:<init>(103)) - 5004b7af-11c5-4c34-b2aa-0091a090c65f@group-B827DDAB9806: ConfigurationManager, init=-1: [5004b7af-11c5-4c34-b2aa-0091a090c65f:192.168.30.13:35706], old=null, confs=<EMPTY_MAP>
2019-09-26 10:07:23,087 [pool-723-thread-1] INFO  server.RaftServerConfigKeys (ConfUtils.java:logGet(43)) - raft.server.storage.dir = [/workdir/hadoop-ozone/integration-test/target/test-dir/MiniOzoneClusterImpl-af826fcf-2e4c-4099-bed4-c1b0f0495924/datanode-5/data/ratis] (custom)
2019-09-26 10:07:23,087 [pool-723-thread-1] INFO  storage.RaftStorageDirectory (RaftStorageDirectory.java:analyzeStorage(246)) - The storage directory /workdir/hadoop-ozone/integration-test/target/test-dir/MiniOzoneClusterImpl-af826fcf-2e4c-4099-bed4-c1b0f0495924/datanode-5/data/ratis/fa0520d5-816a-4711-afc2-b827ddab9806 does not exist. Creating ...
2019-09-26 10:07:23,100 [pool-723-thread-1] INFO  storage.RaftStorageDirectory (RaftStorageDirectory.java:tryLock(328)) - Lock on /workdir/hadoop-ozone/integration-test/target/test-dir/MiniOzoneClusterImpl-af826fcf-2e4c-4099-bed4-c1b0f0495924/datanode-5/data/ratis/fa0520d5-816a-4711-afc2-b827ddab9806/in_use.lock acquired by nodename 19604@pr-hdds-1569-wvzgm-824869521
2019-09-26 10:07:23,113 [pool-723-thread-1] INFO  storage.RaftStorage (RaftStorage.java:format(72)) - Storage directory /workdir/hadoop-ozone/integration-test/target/test-dir/MiniOzoneClusterImpl-af826fcf-2e4c-4099-bed4-c1b0f0495924/datanode-5/data/ratis/fa0520d5-816a-4711-afc2-b827ddab9806 has been successfully formatted.
2019-09-26 10:07:23,113 [pool-723-thread-1] INFO  ratis.ContainerStateMachine (ContainerStateMachine.java:loadSnapshot(230)) - group-B827DDAB9806: The snapshot info is null. Setting the last applied indexto:(t:0, i:~)
2019-09-26 10:07:23,113 [pool-723-thread-1] INFO  server.RaftServerConfigKeys (ConfUtils.java:logGet(43)) - raft.server.notification.no-leader.timeout = 120s (custom)
2019-09-26 10:07:23,113 [pool-723-thread-1] INFO  server.RaftServerConfigKeys (ConfUtils.java:logGet(43)) - raft.server.log.use.memory = false (default)
2019-09-26 10:07:23,114 [pool-723-thread-1] INFO  server.RaftServerConfigKeys (ConfUtils.java:logGet(43)) - raft.server.log.purge.gap = 1000000 (custom)
2019-09-26 10:07:23,114 [pool-723-thread-1] INFO  server.RaftServerConfigKeys (ConfUtils.java:logGet(43)) - raft.server.log.appender.buffer.byte-limit = 33554432 (custom)
2019-09-26 10:07:23,114 [pool-723-thread-1] INFO  server.RaftServerConfigKeys (ConfUtils.java:logGet(43)) - raft.server.log.segment.size.max = 1048576 (custom)
2019-09-26 10:07:23,114 [pool-723-thread-1] INFO  server.RaftServerConfigKeys (ConfUtils.java:logGet(43)) - raft.server.log.segment.cache.num.max = 2 (custom)
2019-09-26 10:07:23,114 [pool-723-thread-1] INFO  segmented.SegmentedRaftLogWorker (SegmentedRaftLogWorker.java:<init>(172)) - new 5004b7af-11c5-4c34-b2aa-0091a090c65f@group-B827DDAB9806-SegmentedRaftLogWorker for RaftStorage:Storage Directory /workdir/hadoop-ozone/integration-test/target/test-dir/MiniOzoneClusterImpl-af826fcf-2e4c-4099-bed4-c1b0f0495924/datanode-5/data/ratis/fa0520d5-816a-4711-afc2-b827ddab9806
2019-09-26 10:07:23,114 [pool-723-thread-1] INFO  server.RaftServerConfigKeys (ConfUtils.java:logGet(43)) - raft.server.log.queue.byte-limit = 2147483647 (custom)
2019-09-26 10:07:23,114 [pool-723-thread-1] INFO  server.RaftServerConfigKeys (ConfUtils.java:logGet(43)) - raft.server.log.queue.element-limit = 1024 (custom)
2019-09-26 10:07:23,114 [pool-723-thread-1] INFO  server.RaftServerConfigKeys (ConfUtils.java:logGet(43)) - raft.server.log.segment.size.max = 1048576 (custom)
2019-09-26 10:07:23,115 [pool-723-thread-1] INFO  server.RaftServerConfigKeys (ConfUtils.java:logGet(43)) - raft.server.log.preallocated.size = 16384 (custom)
2019-09-26 10:07:23,115 [pool-723-thread-1] INFO  server.RaftServerConfigKeys (ConfUtils.java:logGet(43)) - raft.server.log.write.buffer.size = 33554432 (custom)
2019-09-26 10:07:23,115 [pool-723-thread-1] INFO  server.RaftServerConfigKeys (ConfUtils.java:logGet(43)) - raft.server.log.force.sync.num = 128 (default)
2019-09-26 10:07:23,115 [pool-723-thread-1] INFO  server.RaftServerConfigKeys (ConfUtils.java:logGet(43)) - raft.server.log.statemachine.data.sync = true (default)
2019-09-26 10:07:23,115 [pool-723-thread-1] INFO  server.RaftServerConfigKeys (ConfUtils.java:logGet(43)) - raft.server.log.statemachine.data.sync.timeout = 10s (default)
2019-09-26 10:07:23,115 [pool-723-thread-1] INFO  server.RaftServerConfigKeys (ConfUtils.java:logGet(43)) - raft.server.log.statemachine.data.sync.timeout.retry = -1 (default)
2019-09-26 10:07:23,115 [pool-723-thread-1] INFO  server.RaftServerConfigKeys (ConfUtils.java:logGet(43)) - raft.server.log.statemachine.data.caching.enabled = true (custom)
2019-09-26 10:07:23,115 [pool-723-thread-1] INFO  segmented.SegmentedRaftLogWorker (SegmentedRaftLogWorker.java:lambda$new$0(132)) - 5004b7af-11c5-4c34-b2aa-0091a090c65f@group-B827DDAB9806-SegmentedRaftLogWorker: flushIndex: setUnconditionally 0 -> -1
2019-09-26 10:07:23,116 [pool-723-thread-1] INFO  server.RaftServerConfigKeys (ConfUtils.java:logGet(43)) - raft.server.snapshot.auto.trigger.enabled = true (custom)
2019-09-26 10:07:23,116 [pool-723-thread-1] INFO  server.RaftServerConfigKeys (ConfUtils.java:logGet(43)) - raft.server.snapshot.auto.trigger.threshold = 10000 (custom)
2019-09-26 10:07:23,116 [pool-723-thread-1] INFO  server.RaftServerConfigKeys (ConfUtils.java:logGet(43)) - raft.server.snapshot.retention.num.files = 5 (custom)
2019-09-26 10:07:23,116 [pool-723-thread-1] INFO  server.RaftServerConfigKeys (ConfUtils.java:logGet(43)) - raft.server.retrycache.expirytime = 600000ms (custom)
2019-09-26 10:07:23,117 [pool-723-thread-1] INFO  impl.RaftServerImpl (RaftServerImpl.java:start(185)) - 5004b7af-11c5-4c34-b2aa-0091a090c65f@group-B827DDAB9806: start as a follower, conf=-1: [5004b7af-11c5-4c34-b2aa-0091a090c65f:192.168.30.13:35706], old=null
2019-09-26 10:07:23,117 [pool-723-thread-1] INFO  impl.RaftServerImpl (RaftServerImpl.java:setRole(174)) - 5004b7af-11c5-4c34-b2aa-0091a090c65f@group-B827DDAB9806: changes role from      null to FOLLOWER at term 0 for startAsFollower
2019-09-26 10:07:23,118 [pool-723-thread-1] INFO  impl.RoleInfo (RoleInfo.java:updateAndGet(143)) - 5004b7af-11c5-4c34-b2aa-0091a090c65f: start FollowerState
2019-09-26 10:07:23,118 [pool-723-thread-1] INFO  util.JmxRegister (JmxRegister.java:tryRegister(44)) - Successfully registered JMX Bean with object name Ratis:service=RaftServer,group=group-B827DDAB9806,id=5004b7af-11c5-4c34-b2aa-0091a090c65f
2019-09-26 10:07:23,120 [RatisPipelineUtilsThread] INFO  pipeline.PipelineStateManager (PipelineStateManager.java:addPipeline(56)) - Created pipeline Pipeline[ Id: fa0520d5-816a-4711-afc2-b827ddab9806, Nodes: 5004b7af-11c5-4c34-b2aa-0091a090c65f{ip: 192.168.30.13, host: pr-hdds-1569-wvzgm-824869521, networkLocation: /default-rack, certSerialId: null}, Type:RATIS, Factor:ONE, State:OPEN]
2019-09-26 10:07:23,120 [RatisPipelineUtilsThread] INFO  pipeline.PipelinePlacementPolicy (PipelinePlacementPolicy.java:meetCriteria(91)) - Pipeline Placement: can't place more pipeline on heavy datanode： 9cafecc4-59b7-45e3-9675-340d3e2c3fab Heaviness: 6 limit: 5
2019-09-26 10:07:23,120 [RatisPipelineUtilsThread] INFO  pipeline.PipelinePlacementPolicy (PipelinePlacementPolicy.java:meetCriteria(91)) - Pipeline Placement: can't place more pipeline on heavy datanode： 9c045c9c-ba1f-4aea-ae51-5b8bdd601291 Heaviness: 6 limit: 5
2019-09-26 10:07:23,120 [RatisPipelineUtilsThread] INFO  pipeline.PipelinePlacementPolicy (PipelinePlacementPolicy.java:meetCriteria(91)) - Pipeline Placement: can't place more pipeline on heavy datanode： bec07a0c-a0ea-4ddf-8714-f8e80b4d678f Heaviness: 6 limit: 5
2019-09-26 10:07:23,120 [RatisPipelineUtilsThread] INFO  pipeline.PipelinePlacementPolicy (PipelinePlacementPolicy.java:meetCriteria(91)) - Pipeline Placement: can't place more pipeline on heavy datanode： 5955fc00-f5b8-4418-b414-62f2e5ec1764 Heaviness: 6 limit: 5
2019-09-26 10:07:23,123 [grpc-default-executor-1] INFO  impl.RaftServerProxy (RaftServerProxy.java:addNew(89)) - d1f6f5bd-a733-436d-b89d-c17e8804c490: addNew group-40492E8DC6CB:[d1f6f5bd-a733-436d-b89d-c17e8804c490:192.168.30.13:37835] returns group-40492E8DC6CB:java.util.concurrent.CompletableFuture@530e555d[Not completed]
2019-09-26 10:07:23,124 [pool-713-thread-1] INFO  impl.RaftServerImpl (RaftServerImpl.java:<init>(95)) - d1f6f5bd-a733-436d-b89d-c17e8804c490: new RaftServerImpl for group-40492E8DC6CB:[d1f6f5bd-a733-436d-b89d-c17e8804c490:192.168.30.13:37835] with ContainerStateMachine:uninitialized
2019-09-26 10:07:23,124 [pool-713-thread-1] INFO  server.RaftServerConfigKeys (ConfUtils.java:logGet(43)) - raft.server.rpc.timeout.min = 5s (custom)
2019-09-26 10:07:23,124 [pool-713-thread-1] INFO  server.RaftServerConfigKeys (ConfUtils.java:logGet(43)) - raft.server.rpc.timeout.max = 5200ms (custom)
2019-09-26 10:07:23,124 [pool-713-thread-1] INFO  server.RaftServerConfigKeys (ConfUtils.java:logGet(43)) - raft.server.rpcslowness.timeout = 120s (custom)
2019-09-26 10:07:23,125 [pool-713-thread-1] INFO  server.RaftServerConfigKeys (ConfUtils.java:logGet(43)) - raft.server.sleep.deviation.threshold = 300 (default)
2019-09-26 10:07:23,125 [pool-713-thread-1] INFO  server.RaftServerConfigKeys (ConfUtils.java:logGet(43)) - raft.server.log.appender.install.snapshot.enabled = false (custom)
2019-09-26 10:07:23,125 [pool-713-thread-1] INFO  impl.RaftServerImpl (ServerState.java:<init>(103)) - d1f6f5bd-a733-436d-b89d-c17e8804c490@group-40492E8DC6CB: ConfigurationManager, init=-1: [d1f6f5bd-a733-436d-b89d-c17e8804c490:192.168.30.13:37835], old=null, confs=<EMPTY_MAP>
2019-09-26 10:07:23,125 [pool-713-thread-1] INFO  server.RaftServerConfigKeys (ConfUtils.java:logGet(43)) - raft.server.storage.dir = [/workdir/hadoop-ozone/integration-test/target/test-dir/MiniOzoneClusterImpl-af826fcf-2e4c-4099-bed4-c1b0f0495924/datanode-4/data/ratis] (custom)
2019-09-26 10:07:23,125 [pool-713-thread-1] INFO  storage.RaftStorageDirectory (RaftStorageDirectory.java:analyzeStorage(246)) - The storage directory /workdir/hadoop-ozone/integration-test/target/test-dir/MiniOzoneClusterImpl-af826fcf-2e4c-4099-bed4-c1b0f0495924/datanode-4/data/ratis/1bd38a1f-ddbe-458e-87a4-40492e8dc6cb does not exist. Creating ...
2019-09-26 10:07:23,138 [pool-713-thread-1] INFO  storage.RaftStorageDirectory (RaftStorageDirectory.java:tryLock(328)) - Lock on /workdir/hadoop-ozone/integration-test/target/test-dir/MiniOzoneClusterImpl-af826fcf-2e4c-4099-bed4-c1b0f0495924/datanode-4/data/ratis/1bd38a1f-ddbe-458e-87a4-40492e8dc6cb/in_use.lock acquired by nodename 19604@pr-hdds-1569-wvzgm-824869521
2019-09-26 10:07:23,151 [pool-713-thread-1] INFO  storage.RaftStorage (RaftStorage.java:format(72)) - Storage directory /workdir/hadoop-ozone/integration-test/target/test-dir/MiniOzoneClusterImpl-af826fcf-2e4c-4099-bed4-c1b0f0495924/datanode-4/data/ratis/1bd38a1f-ddbe-458e-87a4-40492e8dc6cb has been successfully formatted.
2019-09-26 10:07:23,151 [pool-713-thread-1] INFO  ratis.ContainerStateMachine (ContainerStateMachine.java:loadSnapshot(230)) - group-40492E8DC6CB: The snapshot info is null. Setting the last applied indexto:(t:0, i:~)
2019-09-26 10:07:23,151 [pool-713-thread-1] INFO  server.RaftServerConfigKeys (ConfUtils.java:logGet(43)) - raft.server.notification.no-leader.timeout = 120s (custom)
2019-09-26 10:07:23,151 [pool-713-thread-1] INFO  server.RaftServerConfigKeys (ConfUtils.java:logGet(43)) - raft.server.log.use.memory = false (default)
2019-09-26 10:07:23,151 [pool-713-thread-1] INFO  server.RaftServerConfigKeys (ConfUtils.java:logGet(43)) - raft.server.log.purge.gap = 1000000 (custom)
2019-09-26 10:07:23,151 [pool-713-thread-1] INFO  server.RaftServerConfigKeys (ConfUtils.java:logGet(43)) - raft.server.log.appender.buffer.byte-limit = 33554432 (custom)
2019-09-26 10:07:23,151 [pool-713-thread-1] INFO  server.RaftServerConfigKeys (ConfUtils.java:logGet(43)) - raft.server.log.segment.size.max = 1048576 (custom)
2019-09-26 10:07:23,152 [pool-713-thread-1] INFO  server.RaftServerConfigKeys (ConfUtils.java:logGet(43)) - raft.server.log.segment.cache.num.max = 2 (custom)
2019-09-26 10:07:23,152 [pool-713-thread-1] INFO  segmented.SegmentedRaftLogWorker (SegmentedRaftLogWorker.java:<init>(172)) - new d1f6f5bd-a733-436d-b89d-c17e8804c490@group-40492E8DC6CB-SegmentedRaftLogWorker for RaftStorage:Storage Directory /workdir/hadoop-ozone/integration-test/target/test-dir/MiniOzoneClusterImpl-af826fcf-2e4c-4099-bed4-c1b0f0495924/datanode-4/data/ratis/1bd38a1f-ddbe-458e-87a4-40492e8dc6cb
2019-09-26 10:07:23,152 [pool-713-thread-1] INFO  server.RaftServerConfigKeys (ConfUtils.java:logGet(43)) - raft.server.log.queue.byte-limit = 2147483647 (custom)
2019-09-26 10:07:23,152 [pool-713-thread-1] INFO  server.RaftServerConfigKeys (ConfUtils.java:logGet(43)) - raft.server.log.queue.element-limit = 1024 (custom)
2019-09-26 10:07:23,152 [pool-713-thread-1] INFO  server.RaftServerConfigKeys (ConfUtils.java:logGet(43)) - raft.server.log.segment.size.max = 1048576 (custom)
2019-09-26 10:07:23,152 [pool-713-thread-1] INFO  server.RaftServerConfigKeys (ConfUtils.java:logGet(43)) - raft.server.log.preallocated.size = 16384 (custom)
2019-09-26 10:07:23,152 [pool-713-thread-1] INFO  server.RaftServerConfigKeys (ConfUtils.java:logGet(43)) - raft.server.log.write.buffer.size = 33554432 (custom)
2019-09-26 10:07:23,153 [pool-713-thread-1] INFO  server.RaftServerConfigKeys (ConfUtils.java:logGet(43)) - raft.server.log.force.sync.num = 128 (default)
2019-09-26 10:07:23,153 [pool-713-thread-1] INFO  server.RaftServerConfigKeys (ConfUtils.java:logGet(43)) - raft.server.log.statemachine.data.sync = true (default)
2019-09-26 10:07:23,153 [pool-713-thread-1] INFO  server.RaftServerConfigKeys (ConfUtils.java:logGet(43)) - raft.server.log.statemachine.data.sync.timeout = 10s (default)
2019-09-26 10:07:23,153 [pool-713-thread-1] INFO  server.RaftServerConfigKeys (ConfUtils.java:logGet(43)) - raft.server.log.statemachine.data.sync.timeout.retry = -1 (default)
2019-09-26 10:07:23,153 [pool-713-thread-1] INFO  server.RaftServerConfigKeys (ConfUtils.java:logGet(43)) - raft.server.log.statemachine.data.caching.enabled = true (custom)
2019-09-26 10:07:23,153 [pool-713-thread-1] INFO  segmented.SegmentedRaftLogWorker (SegmentedRaftLogWorker.java:lambda$new$0(132)) - d1f6f5bd-a733-436d-b89d-c17e8804c490@group-40492E8DC6CB-SegmentedRaftLogWorker: flushIndex: setUnconditionally 0 -> -1
2019-09-26 10:07:23,154 [pool-713-thread-1] INFO  server.RaftServerConfigKeys (ConfUtils.java:logGet(43)) - raft.server.snapshot.auto.trigger.enabled = true (custom)
2019-09-26 10:07:23,154 [pool-713-thread-1] INFO  server.RaftServerConfigKeys (ConfUtils.java:logGet(43)) - raft.server.snapshot.auto.trigger.threshold = 10000 (custom)
2019-09-26 10:07:23,154 [pool-713-thread-1] INFO  server.RaftServerConfigKeys (ConfUtils.java:logGet(43)) - raft.server.snapshot.retention.num.files = 5 (custom)
2019-09-26 10:07:23,154 [pool-713-thread-1] INFO  server.RaftServerConfigKeys (ConfUtils.java:logGet(43)) - raft.server.retrycache.expirytime = 600000ms (custom)
2019-09-26 10:07:23,156 [pool-713-thread-1] INFO  impl.RaftServerImpl (RaftServerImpl.java:start(185)) - d1f6f5bd-a733-436d-b89d-c17e8804c490@group-40492E8DC6CB: start as a follower, conf=-1: [d1f6f5bd-a733-436d-b89d-c17e8804c490:192.168.30.13:37835], old=null
2019-09-26 10:07:23,156 [pool-713-thread-1] INFO  impl.RaftServerImpl (RaftServerImpl.java:setRole(174)) - d1f6f5bd-a733-436d-b89d-c17e8804c490@group-40492E8DC6CB: changes role from      null to FOLLOWER at term 0 for startAsFollower
2019-09-26 10:07:23,156 [pool-713-thread-1] INFO  impl.RoleInfo (RoleInfo.java:updateAndGet(143)) - d1f6f5bd-a733-436d-b89d-c17e8804c490: start FollowerState
2019-09-26 10:07:23,156 [pool-713-thread-1] INFO  util.JmxRegister (JmxRegister.java:tryRegister(44)) - Successfully registered JMX Bean with object name Ratis:service=RaftServer,group=group-40492E8DC6CB,id=d1f6f5bd-a733-436d-b89d-c17e8804c490
2019-09-26 10:07:23,158 [RatisPipelineUtilsThread] INFO  pipeline.PipelineStateManager (PipelineStateManager.java:addPipeline(56)) - Created pipeline Pipeline[ Id: 1bd38a1f-ddbe-458e-87a4-40492e8dc6cb, Nodes: d1f6f5bd-a733-436d-b89d-c17e8804c490{ip: 192.168.30.13, host: pr-hdds-1569-wvzgm-824869521, networkLocation: /default-rack, certSerialId: null}, Type:RATIS, Factor:ONE, State:OPEN]
2019-09-26 10:07:23,159 [RatisPipelineUtilsThread] INFO  pipeline.PipelinePlacementPolicy (PipelinePlacementPolicy.java:meetCriteria(91)) - Pipeline Placement: can't place more pipeline on heavy datanode： 9cafecc4-59b7-45e3-9675-340d3e2c3fab Heaviness: 6 limit: 5
2019-09-26 10:07:23,159 [RatisPipelineUtilsThread] INFO  pipeline.PipelinePlacementPolicy (PipelinePlacementPolicy.java:meetCriteria(91)) - Pipeline Placement: can't place more pipeline on heavy datanode： 9c045c9c-ba1f-4aea-ae51-5b8bdd601291 Heaviness: 6 limit: 5
2019-09-26 10:07:23,159 [RatisPipelineUtilsThread] INFO  pipeline.PipelinePlacementPolicy (PipelinePlacementPolicy.java:meetCriteria(91)) - Pipeline Placement: can't place more pipeline on heavy datanode： bec07a0c-a0ea-4ddf-8714-f8e80b4d678f Heaviness: 6 limit: 5
2019-09-26 10:07:23,159 [RatisPipelineUtilsThread] INFO  pipeline.PipelinePlacementPolicy (PipelinePlacementPolicy.java:meetCriteria(91)) - Pipeline Placement: can't place more pipeline on heavy datanode： 5955fc00-f5b8-4418-b414-62f2e5ec1764 Heaviness: 6 limit: 5
2019-09-26 10:07:23,163 [grpc-default-executor-1] INFO  impl.RaftServerProxy (RaftServerProxy.java:addNew(89)) - d1f6f5bd-a733-436d-b89d-c17e8804c490: addNew group-1098318319A7:[d1f6f5bd-a733-436d-b89d-c17e8804c490:192.168.30.13:37835] returns group-1098318319A7:java.util.concurrent.CompletableFuture@2ddadb14[Not completed]
2019-09-26 10:07:23,164 [pool-713-thread-1] INFO  impl.RaftServerImpl (RaftServerImpl.java:<init>(95)) - d1f6f5bd-a733-436d-b89d-c17e8804c490: new RaftServerImpl for group-1098318319A7:[d1f6f5bd-a733-436d-b89d-c17e8804c490:192.168.30.13:37835] with ContainerStateMachine:uninitialized
2019-09-26 10:07:23,164 [pool-713-thread-1] INFO  server.RaftServerConfigKeys (ConfUtils.java:logGet(43)) - raft.server.rpc.timeout.min = 5s (custom)
2019-09-26 10:07:23,164 [pool-713-thread-1] INFO  server.RaftServerConfigKeys (ConfUtils.java:logGet(43)) - raft.server.rpc.timeout.max = 5200ms (custom)
2019-09-26 10:07:23,164 [pool-713-thread-1] INFO  server.RaftServerConfigKeys (ConfUtils.java:logGet(43)) - raft.server.rpcslowness.timeout = 120s (custom)
2019-09-26 10:07:23,164 [pool-713-thread-1] INFO  server.RaftServerConfigKeys (ConfUtils.java:logGet(43)) - raft.server.sleep.deviation.threshold = 300 (default)
2019-09-26 10:07:23,164 [pool-713-thread-1] INFO  server.RaftServerConfigKeys (ConfUtils.java:logGet(43)) - raft.server.log.appender.install.snapshot.enabled = false (custom)
2019-09-26 10:07:23,164 [pool-713-thread-1] INFO  impl.RaftServerImpl (ServerState.java:<init>(103)) - d1f6f5bd-a733-436d-b89d-c17e8804c490@group-1098318319A7: ConfigurationManager, init=-1: [d1f6f5bd-a733-436d-b89d-c17e8804c490:192.168.30.13:37835], old=null, confs=<EMPTY_MAP>
2019-09-26 10:07:23,165 [pool-713-thread-1] INFO  server.RaftServerConfigKeys (ConfUtils.java:logGet(43)) - raft.server.storage.dir = [/workdir/hadoop-ozone/integration-test/target/test-dir/MiniOzoneClusterImpl-af826fcf-2e4c-4099-bed4-c1b0f0495924/datanode-4/data/ratis] (custom)
2019-09-26 10:07:23,165 [pool-713-thread-1] INFO  storage.RaftStorageDirectory (RaftStorageDirectory.java:analyzeStorage(246)) - The storage directory /workdir/hadoop-ozone/integration-test/target/test-dir/MiniOzoneClusterImpl-af826fcf-2e4c-4099-bed4-c1b0f0495924/datanode-4/data/ratis/52c1e383-46fd-4f38-910c-1098318319a7 does not exist. Creating ...
2019-09-26 10:07:23,177 [pool-713-thread-1] INFO  storage.RaftStorageDirectory (RaftStorageDirectory.java:tryLock(328)) - Lock on /workdir/hadoop-ozone/integration-test/target/test-dir/MiniOzoneClusterImpl-af826fcf-2e4c-4099-bed4-c1b0f0495924/datanode-4/data/ratis/52c1e383-46fd-4f38-910c-1098318319a7/in_use.lock acquired by nodename 19604@pr-hdds-1569-wvzgm-824869521
2019-09-26 10:07:23,190 [pool-713-thread-1] INFO  storage.RaftStorage (RaftStorage.java:format(72)) - Storage directory /workdir/hadoop-ozone/integration-test/target/test-dir/MiniOzoneClusterImpl-af826fcf-2e4c-4099-bed4-c1b0f0495924/datanode-4/data/ratis/52c1e383-46fd-4f38-910c-1098318319a7 has been successfully formatted.
2019-09-26 10:07:23,191 [pool-713-thread-1] INFO  ratis.ContainerStateMachine (ContainerStateMachine.java:loadSnapshot(230)) - group-1098318319A7: The snapshot info is null. Setting the last applied indexto:(t:0, i:~)
2019-09-26 10:07:23,191 [pool-713-thread-1] INFO  server.RaftServerConfigKeys (ConfUtils.java:logGet(43)) - raft.server.notification.no-leader.timeout = 120s (custom)
2019-09-26 10:07:23,191 [pool-713-thread-1] INFO  server.RaftServerConfigKeys (ConfUtils.java:logGet(43)) - raft.server.log.use.memory = false (default)
2019-09-26 10:07:23,191 [pool-713-thread-1] INFO  server.RaftServerConfigKeys (ConfUtils.java:logGet(43)) - raft.server.log.purge.gap = 1000000 (custom)
2019-09-26 10:07:23,191 [pool-713-thread-1] INFO  server.RaftServerConfigKeys (ConfUtils.java:logGet(43)) - raft.server.log.appender.buffer.byte-limit = 33554432 (custom)
2019-09-26 10:07:23,191 [pool-713-thread-1] INFO  server.RaftServerConfigKeys (ConfUtils.java:logGet(43)) - raft.server.log.segment.size.max = 1048576 (custom)
2019-09-26 10:07:23,191 [pool-713-thread-1] INFO  server.RaftServerConfigKeys (ConfUtils.java:logGet(43)) - raft.server.log.segment.cache.num.max = 2 (custom)
2019-09-26 10:07:23,192 [pool-713-thread-1] INFO  segmented.SegmentedRaftLogWorker (SegmentedRaftLogWorker.java:<init>(172)) - new d1f6f5bd-a733-436d-b89d-c17e8804c490@group-1098318319A7-SegmentedRaftLogWorker for RaftStorage:Storage Directory /workdir/hadoop-ozone/integration-test/target/test-dir/MiniOzoneClusterImpl-af826fcf-2e4c-4099-bed4-c1b0f0495924/datanode-4/data/ratis/52c1e383-46fd-4f38-910c-1098318319a7
2019-09-26 10:07:23,192 [pool-713-thread-1] INFO  server.RaftServerConfigKeys (ConfUtils.java:logGet(43)) - raft.server.log.queue.byte-limit = 2147483647 (custom)
2019-09-26 10:07:23,192 [pool-713-thread-1] INFO  server.RaftServerConfigKeys (ConfUtils.java:logGet(43)) - raft.server.log.queue.element-limit = 1024 (custom)
2019-09-26 10:07:23,192 [pool-713-thread-1] INFO  server.RaftServerConfigKeys (ConfUtils.java:logGet(43)) - raft.server.log.segment.size.max = 1048576 (custom)
2019-09-26 10:07:23,192 [pool-713-thread-1] INFO  server.RaftServerConfigKeys (ConfUtils.java:logGet(43)) - raft.server.log.preallocated.size = 16384 (custom)
2019-09-26 10:07:23,192 [pool-713-thread-1] INFO  server.RaftServerConfigKeys (ConfUtils.java:logGet(43)) - raft.server.log.write.buffer.size = 33554432 (custom)
2019-09-26 10:07:23,192 [pool-713-thread-1] INFO  server.RaftServerConfigKeys (ConfUtils.java:logGet(43)) - raft.server.log.force.sync.num = 128 (default)
2019-09-26 10:07:23,193 [pool-713-thread-1] INFO  server.RaftServerConfigKeys (ConfUtils.java:logGet(43)) - raft.server.log.statemachine.data.sync = true (default)
2019-09-26 10:07:23,193 [pool-713-thread-1] INFO  server.RaftServerConfigKeys (ConfUtils.java:logGet(43)) - raft.server.log.statemachine.data.sync.timeout = 10s (default)
2019-09-26 10:07:23,193 [pool-713-thread-1] INFO  server.RaftServerConfigKeys (ConfUtils.java:logGet(43)) - raft.server.log.statemachine.data.sync.timeout.retry = -1 (default)
2019-09-26 10:07:23,193 [pool-713-thread-1] INFO  server.RaftServerConfigKeys (ConfUtils.java:logGet(43)) - raft.server.log.statemachine.data.caching.enabled = true (custom)
2019-09-26 10:07:23,193 [pool-713-thread-1] INFO  segmented.SegmentedRaftLogWorker (SegmentedRaftLogWorker.java:lambda$new$0(132)) - d1f6f5bd-a733-436d-b89d-c17e8804c490@group-1098318319A7-SegmentedRaftLogWorker: flushIndex: setUnconditionally 0 -> -1
2019-09-26 10:07:23,194 [pool-713-thread-1] INFO  server.RaftServerConfigKeys (ConfUtils.java:logGet(43)) - raft.server.snapshot.auto.trigger.enabled = true (custom)
2019-09-26 10:07:23,194 [pool-713-thread-1] INFO  server.RaftServerConfigKeys (ConfUtils.java:logGet(43)) - raft.server.snapshot.auto.trigger.threshold = 10000 (custom)
2019-09-26 10:07:23,194 [pool-713-thread-1] INFO  server.RaftServerConfigKeys (ConfUtils.java:logGet(43)) - raft.server.snapshot.retention.num.files = 5 (custom)
2019-09-26 10:07:23,194 [pool-713-thread-1] INFO  server.RaftServerConfigKeys (ConfUtils.java:logGet(43)) - raft.server.retrycache.expirytime = 600000ms (custom)
2019-09-26 10:07:23,196 [pool-713-thread-1] INFO  impl.RaftServerImpl (RaftServerImpl.java:start(185)) - d1f6f5bd-a733-436d-b89d-c17e8804c490@group-1098318319A7: start as a follower, conf=-1: [d1f6f5bd-a733-436d-b89d-c17e8804c490:192.168.30.13:37835], old=null
2019-09-26 10:07:23,196 [pool-713-thread-1] INFO  impl.RaftServerImpl (RaftServerImpl.java:setRole(174)) - d1f6f5bd-a733-436d-b89d-c17e8804c490@group-1098318319A7: changes role from      null to FOLLOWER at term 0 for startAsFollower
2019-09-26 10:07:23,196 [pool-713-thread-1] INFO  impl.RoleInfo (RoleInfo.java:updateAndGet(143)) - d1f6f5bd-a733-436d-b89d-c17e8804c490: start FollowerState
2019-09-26 10:07:23,196 [pool-713-thread-1] INFO  util.JmxRegister (JmxRegister.java:tryRegister(44)) - Successfully registered JMX Bean with object name Ratis:service=RaftServer,group=group-1098318319A7,id=d1f6f5bd-a733-436d-b89d-c17e8804c490
2019-09-26 10:07:23,199 [RatisPipelineUtilsThread] INFO  pipeline.PipelineStateManager (PipelineStateManager.java:addPipeline(56)) - Created pipeline Pipeline[ Id: 52c1e383-46fd-4f38-910c-1098318319a7, Nodes: d1f6f5bd-a733-436d-b89d-c17e8804c490{ip: 192.168.30.13, host: pr-hdds-1569-wvzgm-824869521, networkLocation: /default-rack, certSerialId: null}, Type:RATIS, Factor:ONE, State:OPEN]
2019-09-26 10:07:23,199 [RatisPipelineUtilsThread] INFO  pipeline.PipelinePlacementPolicy (PipelinePlacementPolicy.java:meetCriteria(91)) - Pipeline Placement: can't place more pipeline on heavy datanode： 9cafecc4-59b7-45e3-9675-340d3e2c3fab Heaviness: 6 limit: 5
2019-09-26 10:07:23,199 [RatisPipelineUtilsThread] INFO  pipeline.PipelinePlacementPolicy (PipelinePlacementPolicy.java:meetCriteria(91)) - Pipeline Placement: can't place more pipeline on heavy datanode： d1f6f5bd-a733-436d-b89d-c17e8804c490 Heaviness: 6 limit: 5
2019-09-26 10:07:23,199 [RatisPipelineUtilsThread] INFO  pipeline.PipelinePlacementPolicy (PipelinePlacementPolicy.java:meetCriteria(91)) - Pipeline Placement: can't place more pipeline on heavy datanode： 9c045c9c-ba1f-4aea-ae51-5b8bdd601291 Heaviness: 6 limit: 5
2019-09-26 10:07:23,200 [RatisPipelineUtilsThread] INFO  pipeline.PipelinePlacementPolicy (PipelinePlacementPolicy.java:meetCriteria(91)) - Pipeline Placement: can't place more pipeline on heavy datanode： bec07a0c-a0ea-4ddf-8714-f8e80b4d678f Heaviness: 6 limit: 5
2019-09-26 10:07:23,200 [RatisPipelineUtilsThread] INFO  pipeline.PipelinePlacementPolicy (PipelinePlacementPolicy.java:meetCriteria(91)) - Pipeline Placement: can't place more pipeline on heavy datanode： 5955fc00-f5b8-4418-b414-62f2e5ec1764 Heaviness: 6 limit: 5
2019-09-26 10:07:23,208 [grpc-default-executor-1] INFO  impl.RaftServerProxy (RaftServerProxy.java:addNew(89)) - e3e9c20d-70c3-4d54-9af3-1020e4c50fd3: addNew group-8A67FAE9C03C:[e3e9c20d-70c3-4d54-9af3-1020e4c50fd3:192.168.30.13:44355] returns group-8A67FAE9C03C:java.util.concurrent.CompletableFuture@5232dd61[Not completed]
2019-09-26 10:07:23,213 [pool-733-thread-1] INFO  impl.RaftServerImpl (RaftServerImpl.java:<init>(95)) - e3e9c20d-70c3-4d54-9af3-1020e4c50fd3: new RaftServerImpl for group-8A67FAE9C03C:[e3e9c20d-70c3-4d54-9af3-1020e4c50fd3:192.168.30.13:44355] with ContainerStateMachine:uninitialized
2019-09-26 10:07:23,215 [pool-733-thread-1] INFO  server.RaftServerConfigKeys (ConfUtils.java:logGet(43)) - raft.server.rpc.timeout.min = 5s (custom)
2019-09-26 10:07:23,215 [pool-733-thread-1] INFO  server.RaftServerConfigKeys (ConfUtils.java:logGet(43)) - raft.server.rpc.timeout.max = 5200ms (custom)
2019-09-26 10:07:23,215 [pool-733-thread-1] INFO  server.RaftServerConfigKeys (ConfUtils.java:logGet(43)) - raft.server.rpcslowness.timeout = 120s (custom)
2019-09-26 10:07:23,216 [pool-733-thread-1] INFO  server.RaftServerConfigKeys (ConfUtils.java:logGet(43)) - raft.server.sleep.deviation.threshold = 300 (default)
2019-09-26 10:07:23,216 [pool-733-thread-1] INFO  server.RaftServerConfigKeys (ConfUtils.java:logGet(43)) - raft.server.log.appender.install.snapshot.enabled = false (custom)
2019-09-26 10:07:23,216 [pool-733-thread-1] INFO  impl.RaftServerImpl (ServerState.java:<init>(103)) - e3e9c20d-70c3-4d54-9af3-1020e4c50fd3@group-8A67FAE9C03C: ConfigurationManager, init=-1: [e3e9c20d-70c3-4d54-9af3-1020e4c50fd3:192.168.30.13:44355], old=null, confs=<EMPTY_MAP>
2019-09-26 10:07:23,217 [pool-733-thread-1] INFO  server.RaftServerConfigKeys (ConfUtils.java:logGet(43)) - raft.server.storage.dir = [/workdir/hadoop-ozone/integration-test/target/test-dir/MiniOzoneClusterImpl-af826fcf-2e4c-4099-bed4-c1b0f0495924/datanode-6/data/ratis] (custom)
2019-09-26 10:07:23,218 [pool-733-thread-1] INFO  storage.RaftStorageDirectory (RaftStorageDirectory.java:analyzeStorage(246)) - The storage directory /workdir/hadoop-ozone/integration-test/target/test-dir/MiniOzoneClusterImpl-af826fcf-2e4c-4099-bed4-c1b0f0495924/datanode-6/data/ratis/94769cab-093b-42f9-b35b-8a67fae9c03c does not exist. Creating ...
2019-09-26 10:07:23,228 [main] INFO  ozone.MiniOzoneClusterImpl (MiniOzoneClusterImpl.java:lambda$waitForClusterToBeReady$0(147)) - Cluster is ready. Got 7 of 7 DN Heartbeats.
2019-09-26 10:07:23,232 [pool-733-thread-1] INFO  storage.RaftStorageDirectory (RaftStorageDirectory.java:tryLock(328)) - Lock on /workdir/hadoop-ozone/integration-test/target/test-dir/MiniOzoneClusterImpl-af826fcf-2e4c-4099-bed4-c1b0f0495924/datanode-6/data/ratis/94769cab-093b-42f9-b35b-8a67fae9c03c/in_use.lock acquired by nodename 19604@pr-hdds-1569-wvzgm-824869521
2019-09-26 10:07:23,264 [pool-733-thread-1] INFO  storage.RaftStorage (RaftStorage.java:format(72)) - Storage directory /workdir/hadoop-ozone/integration-test/target/test-dir/MiniOzoneClusterImpl-af826fcf-2e4c-4099-bed4-c1b0f0495924/datanode-6/data/ratis/94769cab-093b-42f9-b35b-8a67fae9c03c has been successfully formatted.
2019-09-26 10:07:23,265 [pool-733-thread-1] INFO  ratis.ContainerStateMachine (ContainerStateMachine.java:loadSnapshot(230)) - group-8A67FAE9C03C: The snapshot info is null. Setting the last applied indexto:(t:0, i:~)
2019-09-26 10:07:23,266 [pool-733-thread-1] INFO  server.RaftServerConfigKeys (ConfUtils.java:logGet(43)) - raft.server.notification.no-leader.timeout = 120s (custom)
2019-09-26 10:07:23,266 [pool-733-thread-1] INFO  server.RaftServerConfigKeys (ConfUtils.java:logGet(43)) - raft.server.log.use.memory = false (default)
2019-09-26 10:07:23,266 [pool-733-thread-1] INFO  server.RaftServerConfigKeys (ConfUtils.java:logGet(43)) - raft.server.log.purge.gap = 1000000 (custom)
2019-09-26 10:07:23,266 [pool-733-thread-1] INFO  server.RaftServerConfigKeys (ConfUtils.java:logGet(43)) - raft.server.log.appender.buffer.byte-limit = 33554432 (custom)
2019-09-26 10:07:23,267 [pool-733-thread-1] INFO  server.RaftServerConfigKeys (ConfUtils.java:logGet(43)) - raft.server.log.segment.size.max = 1048576 (custom)
2019-09-26 10:07:23,267 [pool-733-thread-1] INFO  server.RaftServerConfigKeys (ConfUtils.java:logGet(43)) - raft.server.log.segment.cache.num.max = 2 (custom)
2019-09-26 10:07:23,267 [pool-733-thread-1] INFO  segmented.SegmentedRaftLogWorker (SegmentedRaftLogWorker.java:<init>(172)) - new e3e9c20d-70c3-4d54-9af3-1020e4c50fd3@group-8A67FAE9C03C-SegmentedRaftLogWorker for RaftStorage:Storage Directory /workdir/hadoop-ozone/integration-test/target/test-dir/MiniOzoneClusterImpl-af826fcf-2e4c-4099-bed4-c1b0f0495924/datanode-6/data/ratis/94769cab-093b-42f9-b35b-8a67fae9c03c
2019-09-26 10:07:23,267 [pool-733-thread-1] INFO  server.RaftServerConfigKeys (ConfUtils.java:logGet(43)) - raft.server.log.queue.byte-limit = 2147483647 (custom)
2019-09-26 10:07:23,267 [pool-733-thread-1] INFO  server.RaftServerConfigKeys (ConfUtils.java:logGet(43)) - raft.server.log.queue.element-limit = 1024 (custom)
2019-09-26 10:07:23,267 [pool-733-thread-1] INFO  server.RaftServerConfigKeys (ConfUtils.java:logGet(43)) - raft.server.log.segment.size.max = 1048576 (custom)
2019-09-26 10:07:23,268 [pool-733-thread-1] INFO  server.RaftServerConfigKeys (ConfUtils.java:logGet(43)) - raft.server.log.preallocated.size = 16384 (custom)
2019-09-26 10:07:23,268 [pool-733-thread-1] INFO  server.RaftServerConfigKeys (ConfUtils.java:logGet(43)) - raft.server.log.write.buffer.size = 33554432 (custom)
2019-09-26 10:07:23,268 [pool-733-thread-1] INFO  server.RaftServerConfigKeys (ConfUtils.java:logGet(43)) - raft.server.log.force.sync.num = 128 (default)
2019-09-26 10:07:23,268 [pool-733-thread-1] INFO  server.RaftServerConfigKeys (ConfUtils.java:logGet(43)) - raft.server.log.statemachine.data.sync = true (default)
2019-09-26 10:07:23,268 [pool-733-thread-1] INFO  server.RaftServerConfigKeys (ConfUtils.java:logGet(43)) - raft.server.log.statemachine.data.sync.timeout = 10s (default)
2019-09-26 10:07:23,268 [pool-733-thread-1] INFO  server.RaftServerConfigKeys (ConfUtils.java:logGet(43)) - raft.server.log.statemachine.data.sync.timeout.retry = -1 (default)
2019-09-26 10:07:23,268 [pool-733-thread-1] INFO  server.RaftServerConfigKeys (ConfUtils.java:logGet(43)) - raft.server.log.statemachine.data.caching.enabled = true (custom)
2019-09-26 10:07:23,269 [pool-733-thread-1] INFO  segmented.SegmentedRaftLogWorker (SegmentedRaftLogWorker.java:lambda$new$0(132)) - e3e9c20d-70c3-4d54-9af3-1020e4c50fd3@group-8A67FAE9C03C-SegmentedRaftLogWorker: flushIndex: setUnconditionally 0 -> -1
2019-09-26 10:07:23,298 [pool-733-thread-1] INFO  server.RaftServerConfigKeys (ConfUtils.java:logGet(43)) - raft.server.snapshot.auto.trigger.enabled = true (custom)
2019-09-26 10:07:23,298 [pool-733-thread-1] INFO  server.RaftServerConfigKeys (ConfUtils.java:logGet(43)) - raft.server.snapshot.auto.trigger.threshold = 10000 (custom)
2019-09-26 10:07:23,310 [pool-733-thread-1] INFO  server.RaftServerConfigKeys (ConfUtils.java:logGet(43)) - raft.server.snapshot.retention.num.files = 5 (custom)
2019-09-26 10:07:23,324 [pool-733-thread-1] INFO  server.RaftServerConfigKeys (ConfUtils.java:logGet(43)) - raft.server.retrycache.expirytime = 600000ms (custom)
2019-09-26 10:07:23,327 [pool-733-thread-1] INFO  impl.RaftServerImpl (RaftServerImpl.java:start(185)) - e3e9c20d-70c3-4d54-9af3-1020e4c50fd3@group-8A67FAE9C03C: start as a follower, conf=-1: [e3e9c20d-70c3-4d54-9af3-1020e4c50fd3:192.168.30.13:44355], old=null
2019-09-26 10:07:23,327 [pool-733-thread-1] INFO  impl.RaftServerImpl (RaftServerImpl.java:setRole(174)) - e3e9c20d-70c3-4d54-9af3-1020e4c50fd3@group-8A67FAE9C03C: changes role from      null to FOLLOWER at term 0 for startAsFollower
2019-09-26 10:07:23,327 [pool-733-thread-1] INFO  impl.RoleInfo (RoleInfo.java:updateAndGet(143)) - e3e9c20d-70c3-4d54-9af3-1020e4c50fd3: start FollowerState
2019-09-26 10:07:23,328 [pool-733-thread-1] INFO  util.JmxRegister (JmxRegister.java:tryRegister(44)) - Successfully registered JMX Bean with object name Ratis:service=RaftServer,group=group-8A67FAE9C03C,id=e3e9c20d-70c3-4d54-9af3-1020e4c50fd3
2019-09-26 10:07:23,336 [RatisPipelineUtilsThread] INFO  pipeline.PipelineStateManager (PipelineStateManager.java:addPipeline(56)) - Created pipeline Pipeline[ Id: 94769cab-093b-42f9-b35b-8a67fae9c03c, Nodes: e3e9c20d-70c3-4d54-9af3-1020e4c50fd3{ip: 192.168.30.13, host: pr-hdds-1569-wvzgm-824869521, networkLocation: /default-rack, certSerialId: null}, Type:RATIS, Factor:ONE, State:OPEN]
2019-09-26 10:07:23,337 [RatisPipelineUtilsThread] INFO  pipeline.PipelinePlacementPolicy (PipelinePlacementPolicy.java:meetCriteria(91)) - Pipeline Placement: can't place more pipeline on heavy datanode： 9cafecc4-59b7-45e3-9675-340d3e2c3fab Heaviness: 6 limit: 5
2019-09-26 10:07:23,337 [RatisPipelineUtilsThread] INFO  pipeline.PipelinePlacementPolicy (PipelinePlacementPolicy.java:meetCriteria(91)) - Pipeline Placement: can't place more pipeline on heavy datanode： d1f6f5bd-a733-436d-b89d-c17e8804c490 Heaviness: 6 limit: 5
2019-09-26 10:07:23,337 [RatisPipelineUtilsThread] INFO  pipeline.PipelinePlacementPolicy (PipelinePlacementPolicy.java:meetCriteria(91)) - Pipeline Placement: can't place more pipeline on heavy datanode： 9c045c9c-ba1f-4aea-ae51-5b8bdd601291 Heaviness: 6 limit: 5
2019-09-26 10:07:23,337 [main] INFO  rpc.RpcClient (RpcClient.java:createVolume(276)) - Creating Volume: testblockoutputstream, with jenkins1000 as owner.
2019-09-26 10:07:23,337 [RatisPipelineUtilsThread] INFO  pipeline.PipelinePlacementPolicy (PipelinePlacementPolicy.java:meetCriteria(91)) - Pipeline Placement: can't place more pipeline on heavy datanode： bec07a0c-a0ea-4ddf-8714-f8e80b4d678f Heaviness: 6 limit: 5
2019-09-26 10:07:23,338 [RatisPipelineUtilsThread] INFO  pipeline.PipelinePlacementPolicy (PipelinePlacementPolicy.java:meetCriteria(91)) - Pipeline Placement: can't place more pipeline on heavy datanode： 5955fc00-f5b8-4418-b414-62f2e5ec1764 Heaviness: 6 limit: 5
2019-09-26 10:07:23,343 [IPC Server handler 2 on 34952] INFO  volume.OMVolumeCreateRequest (OMVolumeCreateRequest.java:validateAndUpdateCache(189)) - created volume:testblockoutputstream for user:jenkins1000
2019-09-26 10:07:23,350 [grpc-default-executor-1] INFO  impl.RaftServerProxy (RaftServerProxy.java:addNew(89)) - 5004b7af-11c5-4c34-b2aa-0091a090c65f: addNew group-E87AE8E084F5:[5004b7af-11c5-4c34-b2aa-0091a090c65f:192.168.30.13:35706] returns group-E87AE8E084F5:java.util.concurrent.CompletableFuture@4bc7631[Not completed]
2019-09-26 10:07:23,379 [pool-723-thread-1] INFO  impl.RaftServerImpl (RaftServerImpl.java:<init>(95)) - 5004b7af-11c5-4c34-b2aa-0091a090c65f: new RaftServerImpl for group-E87AE8E084F5:[5004b7af-11c5-4c34-b2aa-0091a090c65f:192.168.30.13:35706] with ContainerStateMachine:uninitialized
2019-09-26 10:07:23,379 [pool-723-thread-1] INFO  server.RaftServerConfigKeys (ConfUtils.java:logGet(43)) - raft.server.rpc.timeout.min = 5s (custom)
2019-09-26 10:07:23,379 [pool-723-thread-1] INFO  server.RaftServerConfigKeys (ConfUtils.java:logGet(43)) - raft.server.rpc.timeout.max = 5200ms (custom)
2019-09-26 10:07:23,379 [pool-723-thread-1] INFO  server.RaftServerConfigKeys (ConfUtils.java:logGet(43)) - raft.server.rpcslowness.timeout = 120s (custom)
2019-09-26 10:07:23,379 [pool-723-thread-1] INFO  server.RaftServerConfigKeys (ConfUtils.java:logGet(43)) - raft.server.sleep.deviation.threshold = 300 (default)
2019-09-26 10:07:23,380 [pool-723-thread-1] INFO  server.RaftServerConfigKeys (ConfUtils.java:logGet(43)) - raft.server.log.appender.install.snapshot.enabled = false (custom)
2019-09-26 10:07:23,380 [pool-723-thread-1] INFO  impl.RaftServerImpl (ServerState.java:<init>(103)) - 5004b7af-11c5-4c34-b2aa-0091a090c65f@group-E87AE8E084F5: ConfigurationManager, init=-1: [5004b7af-11c5-4c34-b2aa-0091a090c65f:192.168.30.13:35706], old=null, confs=<EMPTY_MAP>
2019-09-26 10:07:23,380 [main] INFO  rpc.RpcClient (RpcClient.java:createBucket(415)) - Creating Bucket: testblockoutputstream/testblockoutputstream, with Versioning false and Storage Type set to DISK and Encryption set to false 
2019-09-26 10:07:23,380 [pool-723-thread-1] INFO  server.RaftServerConfigKeys (ConfUtils.java:logGet(43)) - raft.server.storage.dir = [/workdir/hadoop-ozone/integration-test/target/test-dir/MiniOzoneClusterImpl-af826fcf-2e4c-4099-bed4-c1b0f0495924/datanode-5/data/ratis] (custom)
2019-09-26 10:07:23,381 [pool-723-thread-1] INFO  storage.RaftStorageDirectory (RaftStorageDirectory.java:analyzeStorage(246)) - The storage directory /workdir/hadoop-ozone/integration-test/target/test-dir/MiniOzoneClusterImpl-af826fcf-2e4c-4099-bed4-c1b0f0495924/datanode-5/data/ratis/2fe6f6dd-1f7e-49f6-b483-e87ae8e084f5 does not exist. Creating ...
2019-09-26 10:07:23,395 [pool-723-thread-1] INFO  storage.RaftStorageDirectory (RaftStorageDirectory.java:tryLock(328)) - Lock on /workdir/hadoop-ozone/integration-test/target/test-dir/MiniOzoneClusterImpl-af826fcf-2e4c-4099-bed4-c1b0f0495924/datanode-5/data/ratis/2fe6f6dd-1f7e-49f6-b483-e87ae8e084f5/in_use.lock acquired by nodename 19604@pr-hdds-1569-wvzgm-824869521
2019-09-26 10:07:23,408 [pool-723-thread-1] INFO  storage.RaftStorage (RaftStorage.java:format(72)) - Storage directory /workdir/hadoop-ozone/integration-test/target/test-dir/MiniOzoneClusterImpl-af826fcf-2e4c-4099-bed4-c1b0f0495924/datanode-5/data/ratis/2fe6f6dd-1f7e-49f6-b483-e87ae8e084f5 has been successfully formatted.
2019-09-26 10:07:23,408 [pool-723-thread-1] INFO  ratis.ContainerStateMachine (ContainerStateMachine.java:loadSnapshot(230)) - group-E87AE8E084F5: The snapshot info is null. Setting the last applied indexto:(t:0, i:~)
2019-09-26 10:07:23,408 [pool-723-thread-1] INFO  server.RaftServerConfigKeys (ConfUtils.java:logGet(43)) - raft.server.notification.no-leader.timeout = 120s (custom)
2019-09-26 10:07:23,408 [pool-723-thread-1] INFO  server.RaftServerConfigKeys (ConfUtils.java:logGet(43)) - raft.server.log.use.memory = false (default)
2019-09-26 10:07:23,408 [pool-723-thread-1] INFO  server.RaftServerConfigKeys (ConfUtils.java:logGet(43)) - raft.server.log.purge.gap = 1000000 (custom)
2019-09-26 10:07:23,408 [pool-723-thread-1] INFO  server.RaftServerConfigKeys (ConfUtils.java:logGet(43)) - raft.server.log.appender.buffer.byte-limit = 33554432 (custom)
2019-09-26 10:07:23,408 [pool-723-thread-1] INFO  server.RaftServerConfigKeys (ConfUtils.java:logGet(43)) - raft.server.log.segment.size.max = 1048576 (custom)
2019-09-26 10:07:23,409 [pool-723-thread-1] INFO  server.RaftServerConfigKeys (ConfUtils.java:logGet(43)) - raft.server.log.segment.cache.num.max = 2 (custom)
2019-09-26 10:07:23,409 [pool-723-thread-1] INFO  segmented.SegmentedRaftLogWorker (SegmentedRaftLogWorker.java:<init>(172)) - new 5004b7af-11c5-4c34-b2aa-0091a090c65f@group-E87AE8E084F5-SegmentedRaftLogWorker for RaftStorage:Storage Directory /workdir/hadoop-ozone/integration-test/target/test-dir/MiniOzoneClusterImpl-af826fcf-2e4c-4099-bed4-c1b0f0495924/datanode-5/data/ratis/2fe6f6dd-1f7e-49f6-b483-e87ae8e084f5
2019-09-26 10:07:23,409 [pool-723-thread-1] INFO  server.RaftServerConfigKeys (ConfUtils.java:logGet(43)) - raft.server.log.queue.byte-limit = 2147483647 (custom)
2019-09-26 10:07:23,409 [pool-723-thread-1] INFO  server.RaftServerConfigKeys (ConfUtils.java:logGet(43)) - raft.server.log.queue.element-limit = 1024 (custom)
2019-09-26 10:07:23,409 [pool-723-thread-1] INFO  server.RaftServerConfigKeys (ConfUtils.java:logGet(43)) - raft.server.log.segment.size.max = 1048576 (custom)
2019-09-26 10:07:23,409 [pool-723-thread-1] INFO  server.RaftServerConfigKeys (ConfUtils.java:logGet(43)) - raft.server.log.preallocated.size = 16384 (custom)
2019-09-26 10:07:23,409 [pool-723-thread-1] INFO  server.RaftServerConfigKeys (ConfUtils.java:logGet(43)) - raft.server.log.write.buffer.size = 33554432 (custom)
2019-09-26 10:07:23,409 [pool-723-thread-1] INFO  server.RaftServerConfigKeys (ConfUtils.java:logGet(43)) - raft.server.log.force.sync.num = 128 (default)
2019-09-26 10:07:23,409 [pool-723-thread-1] INFO  server.RaftServerConfigKeys (ConfUtils.java:logGet(43)) - raft.server.log.statemachine.data.sync = true (default)
2019-09-26 10:07:23,410 [pool-723-thread-1] INFO  server.RaftServerConfigKeys (ConfUtils.java:logGet(43)) - raft.server.log.statemachine.data.sync.timeout = 10s (default)
2019-09-26 10:07:23,410 [pool-723-thread-1] INFO  server.RaftServerConfigKeys (ConfUtils.java:logGet(43)) - raft.server.log.statemachine.data.sync.timeout.retry = -1 (default)
2019-09-26 10:07:23,410 [pool-723-thread-1] INFO  server.RaftServerConfigKeys (ConfUtils.java:logGet(43)) - raft.server.log.statemachine.data.caching.enabled = true (custom)
2019-09-26 10:07:23,410 [pool-723-thread-1] INFO  segmented.SegmentedRaftLogWorker (SegmentedRaftLogWorker.java:lambda$new$0(132)) - 5004b7af-11c5-4c34-b2aa-0091a090c65f@group-E87AE8E084F5-SegmentedRaftLogWorker: flushIndex: setUnconditionally 0 -> -1
2019-09-26 10:07:23,410 [pool-723-thread-1] INFO  server.RaftServerConfigKeys (ConfUtils.java:logGet(43)) - raft.server.snapshot.auto.trigger.enabled = true (custom)
2019-09-26 10:07:23,411 [pool-723-thread-1] INFO  server.RaftServerConfigKeys (ConfUtils.java:logGet(43)) - raft.server.snapshot.auto.trigger.threshold = 10000 (custom)
2019-09-26 10:07:23,411 [pool-723-thread-1] INFO  server.RaftServerConfigKeys (ConfUtils.java:logGet(43)) - raft.server.snapshot.retention.num.files = 5 (custom)
2019-09-26 10:07:23,411 [pool-723-thread-1] INFO  server.RaftServerConfigKeys (ConfUtils.java:logGet(43)) - raft.server.retrycache.expirytime = 600000ms (custom)
2019-09-26 10:07:23,412 [pool-723-thread-1] INFO  impl.RaftServerImpl (RaftServerImpl.java:start(185)) - 5004b7af-11c5-4c34-b2aa-0091a090c65f@group-E87AE8E084F5: start as a follower, conf=-1: [5004b7af-11c5-4c34-b2aa-0091a090c65f:192.168.30.13:35706], old=null
2019-09-26 10:07:23,412 [pool-723-thread-1] INFO  impl.RaftServerImpl (RaftServerImpl.java:setRole(174)) - 5004b7af-11c5-4c34-b2aa-0091a090c65f@group-E87AE8E084F5: changes role from      null to FOLLOWER at term 0 for startAsFollower
2019-09-26 10:07:23,413 [pool-723-thread-1] INFO  impl.RoleInfo (RoleInfo.java:updateAndGet(143)) - 5004b7af-11c5-4c34-b2aa-0091a090c65f: start FollowerState
2019-09-26 10:07:23,413 [pool-723-thread-1] INFO  util.JmxRegister (JmxRegister.java:tryRegister(44)) - Successfully registered JMX Bean with object name Ratis:service=RaftServer,group=group-E87AE8E084F5,id=5004b7af-11c5-4c34-b2aa-0091a090c65f
2019-09-26 10:07:23,416 [RatisPipelineUtilsThread] INFO  pipeline.PipelineStateManager (PipelineStateManager.java:addPipeline(56)) - Created pipeline Pipeline[ Id: 2fe6f6dd-1f7e-49f6-b483-e87ae8e084f5, Nodes: 5004b7af-11c5-4c34-b2aa-0091a090c65f{ip: 192.168.30.13, host: pr-hdds-1569-wvzgm-824869521, networkLocation: /default-rack, certSerialId: null}, Type:RATIS, Factor:ONE, State:OPEN]
2019-09-26 10:07:23,416 [RatisPipelineUtilsThread] INFO  pipeline.PipelinePlacementPolicy (PipelinePlacementPolicy.java:meetCriteria(91)) - Pipeline Placement: can't place more pipeline on heavy datanode： 9cafecc4-59b7-45e3-9675-340d3e2c3fab Heaviness: 6 limit: 5
2019-09-26 10:07:23,416 [RatisPipelineUtilsThread] INFO  pipeline.PipelinePlacementPolicy (PipelinePlacementPolicy.java:meetCriteria(91)) - Pipeline Placement: can't place more pipeline on heavy datanode： d1f6f5bd-a733-436d-b89d-c17e8804c490 Heaviness: 6 limit: 5
2019-09-26 10:07:23,417 [RatisPipelineUtilsThread] INFO  pipeline.PipelinePlacementPolicy (PipelinePlacementPolicy.java:meetCriteria(91)) - Pipeline Placement: can't place more pipeline on heavy datanode： 9c045c9c-ba1f-4aea-ae51-5b8bdd601291 Heaviness: 6 limit: 5
2019-09-26 10:07:23,417 [RatisPipelineUtilsThread] INFO  pipeline.PipelinePlacementPolicy (PipelinePlacementPolicy.java:meetCriteria(91)) - Pipeline Placement: can't place more pipeline on heavy datanode： bec07a0c-a0ea-4ddf-8714-f8e80b4d678f Heaviness: 6 limit: 5
2019-09-26 10:07:23,417 [RatisPipelineUtilsThread] INFO  pipeline.PipelinePlacementPolicy (PipelinePlacementPolicy.java:meetCriteria(91)) - Pipeline Placement: can't place more pipeline on heavy datanode： 5955fc00-f5b8-4418-b414-62f2e5ec1764 Heaviness: 6 limit: 5
2019-09-26 10:07:23,421 [grpc-default-executor-1] INFO  impl.RaftServerProxy (RaftServerProxy.java:addNew(89)) - 5004b7af-11c5-4c34-b2aa-0091a090c65f: addNew group-B962712EDC9B:[5004b7af-11c5-4c34-b2aa-0091a090c65f:192.168.30.13:35706] returns group-B962712EDC9B:java.util.concurrent.CompletableFuture@d8cf125[Not completed]
2019-09-26 10:07:23,422 [pool-723-thread-1] INFO  impl.RaftServerImpl (RaftServerImpl.java:<init>(95)) - 5004b7af-11c5-4c34-b2aa-0091a090c65f: new RaftServerImpl for group-B962712EDC9B:[5004b7af-11c5-4c34-b2aa-0091a090c65f:192.168.30.13:35706] with ContainerStateMachine:uninitialized
2019-09-26 10:07:23,422 [pool-723-thread-1] INFO  server.RaftServerConfigKeys (ConfUtils.java:logGet(43)) - raft.server.rpc.timeout.min = 5s (custom)
2019-09-26 10:07:23,422 [pool-723-thread-1] INFO  server.RaftServerConfigKeys (ConfUtils.java:logGet(43)) - raft.server.rpc.timeout.max = 5200ms (custom)
2019-09-26 10:07:23,422 [pool-723-thread-1] INFO  server.RaftServerConfigKeys (ConfUtils.java:logGet(43)) - raft.server.rpcslowness.timeout = 120s (custom)
2019-09-26 10:07:23,422 [pool-723-thread-1] INFO  server.RaftServerConfigKeys (ConfUtils.java:logGet(43)) - raft.server.sleep.deviation.threshold = 300 (default)
2019-09-26 10:07:23,422 [pool-723-thread-1] INFO  server.RaftServerConfigKeys (ConfUtils.java:logGet(43)) - raft.server.log.appender.install.snapshot.enabled = false (custom)
2019-09-26 10:07:23,422 [pool-723-thread-1] INFO  impl.RaftServerImpl (ServerState.java:<init>(103)) - 5004b7af-11c5-4c34-b2aa-0091a090c65f@group-B962712EDC9B: ConfigurationManager, init=-1: [5004b7af-11c5-4c34-b2aa-0091a090c65f:192.168.30.13:35706], old=null, confs=<EMPTY_MAP>
2019-09-26 10:07:23,422 [pool-723-thread-1] INFO  server.RaftServerConfigKeys (ConfUtils.java:logGet(43)) - raft.server.storage.dir = [/workdir/hadoop-ozone/integration-test/target/test-dir/MiniOzoneClusterImpl-af826fcf-2e4c-4099-bed4-c1b0f0495924/datanode-5/data/ratis] (custom)
2019-09-26 10:07:23,423 [pool-723-thread-1] INFO  storage.RaftStorageDirectory (RaftStorageDirectory.java:analyzeStorage(246)) - The storage directory /workdir/hadoop-ozone/integration-test/target/test-dir/MiniOzoneClusterImpl-af826fcf-2e4c-4099-bed4-c1b0f0495924/datanode-5/data/ratis/77101810-ea5e-4800-bb78-b962712edc9b does not exist. Creating ...
2019-09-26 10:07:23,436 [pool-723-thread-1] INFO  storage.RaftStorageDirectory (RaftStorageDirectory.java:tryLock(328)) - Lock on /workdir/hadoop-ozone/integration-test/target/test-dir/MiniOzoneClusterImpl-af826fcf-2e4c-4099-bed4-c1b0f0495924/datanode-5/data/ratis/77101810-ea5e-4800-bb78-b962712edc9b/in_use.lock acquired by nodename 19604@pr-hdds-1569-wvzgm-824869521
2019-09-26 10:07:23,545 [pool-723-thread-1] INFO  storage.RaftStorage (RaftStorage.java:format(72)) - Storage directory /workdir/hadoop-ozone/integration-test/target/test-dir/MiniOzoneClusterImpl-af826fcf-2e4c-4099-bed4-c1b0f0495924/datanode-5/data/ratis/77101810-ea5e-4800-bb78-b962712edc9b has been successfully formatted.
2019-09-26 10:07:23,545 [pool-723-thread-1] INFO  ratis.ContainerStateMachine (ContainerStateMachine.java:loadSnapshot(230)) - group-B962712EDC9B: The snapshot info is null. Setting the last applied indexto:(t:0, i:~)
2019-09-26 10:07:23,545 [pool-723-thread-1] INFO  server.RaftServerConfigKeys (ConfUtils.java:logGet(43)) - raft.server.notification.no-leader.timeout = 120s (custom)
2019-09-26 10:07:23,545 [pool-723-thread-1] INFO  server.RaftServerConfigKeys (ConfUtils.java:logGet(43)) - raft.server.log.use.memory = false (default)
2019-09-26 10:07:23,545 [pool-723-thread-1] INFO  server.RaftServerConfigKeys (ConfUtils.java:logGet(43)) - raft.server.log.purge.gap = 1000000 (custom)
2019-09-26 10:07:23,545 [pool-723-thread-1] INFO  server.RaftServerConfigKeys (ConfUtils.java:logGet(43)) - raft.server.log.appender.buffer.byte-limit = 33554432 (custom)
2019-09-26 10:07:23,545 [pool-723-thread-1] INFO  server.RaftServerConfigKeys (ConfUtils.java:logGet(43)) - raft.server.log.segment.size.max = 1048576 (custom)
2019-09-26 10:07:23,546 [pool-723-thread-1] INFO  server.RaftServerConfigKeys (ConfUtils.java:logGet(43)) - raft.server.log.segment.cache.num.max = 2 (custom)
2019-09-26 10:07:23,546 [pool-723-thread-1] INFO  segmented.SegmentedRaftLogWorker (SegmentedRaftLogWorker.java:<init>(172)) - new 5004b7af-11c5-4c34-b2aa-0091a090c65f@group-B962712EDC9B-SegmentedRaftLogWorker for RaftStorage:Storage Directory /workdir/hadoop-ozone/integration-test/target/test-dir/MiniOzoneClusterImpl-af826fcf-2e4c-4099-bed4-c1b0f0495924/datanode-5/data/ratis/77101810-ea5e-4800-bb78-b962712edc9b
2019-09-26 10:07:23,546 [pool-723-thread-1] INFO  server.RaftServerConfigKeys (ConfUtils.java:logGet(43)) - raft.server.log.queue.byte-limit = 2147483647 (custom)
2019-09-26 10:07:23,546 [pool-723-thread-1] INFO  server.RaftServerConfigKeys (ConfUtils.java:logGet(43)) - raft.server.log.queue.element-limit = 1024 (custom)
2019-09-26 10:07:23,546 [pool-723-thread-1] INFO  server.RaftServerConfigKeys (ConfUtils.java:logGet(43)) - raft.server.log.segment.size.max = 1048576 (custom)
2019-09-26 10:07:23,546 [pool-723-thread-1] INFO  server.RaftServerConfigKeys (ConfUtils.java:logGet(43)) - raft.server.log.preallocated.size = 16384 (custom)
2019-09-26 10:07:23,547 [pool-723-thread-1] INFO  server.RaftServerConfigKeys (ConfUtils.java:logGet(43)) - raft.server.log.write.buffer.size = 33554432 (custom)
2019-09-26 10:07:23,547 [pool-723-thread-1] INFO  server.RaftServerConfigKeys (ConfUtils.java:logGet(43)) - raft.server.log.force.sync.num = 128 (default)
2019-09-26 10:07:23,547 [pool-723-thread-1] INFO  server.RaftServerConfigKeys (ConfUtils.java:logGet(43)) - raft.server.log.statemachine.data.sync = true (default)
2019-09-26 10:07:23,547 [pool-723-thread-1] INFO  server.RaftServerConfigKeys (ConfUtils.java:logGet(43)) - raft.server.log.statemachine.data.sync.timeout = 10s (default)
2019-09-26 10:07:23,547 [pool-723-thread-1] INFO  server.RaftServerConfigKeys (ConfUtils.java:logGet(43)) - raft.server.log.statemachine.data.sync.timeout.retry = -1 (default)
2019-09-26 10:07:23,547 [pool-723-thread-1] INFO  server.RaftServerConfigKeys (ConfUtils.java:logGet(43)) - raft.server.log.statemachine.data.caching.enabled = true (custom)
2019-09-26 10:07:23,548 [pool-723-thread-1] INFO  segmented.SegmentedRaftLogWorker (SegmentedRaftLogWorker.java:lambda$new$0(132)) - 5004b7af-11c5-4c34-b2aa-0091a090c65f@group-B962712EDC9B-SegmentedRaftLogWorker: flushIndex: setUnconditionally 0 -> -1
2019-09-26 10:07:23,548 [pool-723-thread-1] INFO  server.RaftServerConfigKeys (ConfUtils.java:logGet(43)) - raft.server.snapshot.auto.trigger.enabled = true (custom)
2019-09-26 10:07:23,548 [pool-723-thread-1] INFO  server.RaftServerConfigKeys (ConfUtils.java:logGet(43)) - raft.server.snapshot.auto.trigger.threshold = 10000 (custom)
2019-09-26 10:07:23,548 [pool-723-thread-1] INFO  server.RaftServerConfigKeys (ConfUtils.java:logGet(43)) - raft.server.snapshot.retention.num.files = 5 (custom)
2019-09-26 10:07:23,549 [pool-723-thread-1] INFO  server.RaftServerConfigKeys (ConfUtils.java:logGet(43)) - raft.server.retrycache.expirytime = 600000ms (custom)
2019-09-26 10:07:23,550 [pool-723-thread-1] INFO  impl.RaftServerImpl (RaftServerImpl.java:start(185)) - 5004b7af-11c5-4c34-b2aa-0091a090c65f@group-B962712EDC9B: start as a follower, conf=-1: [5004b7af-11c5-4c34-b2aa-0091a090c65f:192.168.30.13:35706], old=null
2019-09-26 10:07:23,551 [pool-723-thread-1] INFO  impl.RaftServerImpl (RaftServerImpl.java:setRole(174)) - 5004b7af-11c5-4c34-b2aa-0091a090c65f@group-B962712EDC9B: changes role from      null to FOLLOWER at term 0 for startAsFollower
2019-09-26 10:07:23,551 [pool-723-thread-1] INFO  impl.RoleInfo (RoleInfo.java:updateAndGet(143)) - 5004b7af-11c5-4c34-b2aa-0091a090c65f: start FollowerState
2019-09-26 10:07:23,551 [pool-723-thread-1] INFO  util.JmxRegister (JmxRegister.java:tryRegister(44)) - Successfully registered JMX Bean with object name Ratis:service=RaftServer,group=group-B962712EDC9B,id=5004b7af-11c5-4c34-b2aa-0091a090c65f
2019-09-26 10:07:23,553 [RatisPipelineUtilsThread] INFO  pipeline.PipelineStateManager (PipelineStateManager.java:addPipeline(56)) - Created pipeline Pipeline[ Id: 77101810-ea5e-4800-bb78-b962712edc9b, Nodes: 5004b7af-11c5-4c34-b2aa-0091a090c65f{ip: 192.168.30.13, host: pr-hdds-1569-wvzgm-824869521, networkLocation: /default-rack, certSerialId: null}, Type:RATIS, Factor:ONE, State:OPEN]
2019-09-26 10:07:23,553 [RatisPipelineUtilsThread] INFO  pipeline.PipelinePlacementPolicy (PipelinePlacementPolicy.java:meetCriteria(91)) - Pipeline Placement: can't place more pipeline on heavy datanode： 9cafecc4-59b7-45e3-9675-340d3e2c3fab Heaviness: 6 limit: 5
2019-09-26 10:07:23,554 [RatisPipelineUtilsThread] INFO  pipeline.PipelinePlacementPolicy (PipelinePlacementPolicy.java:meetCriteria(91)) - Pipeline Placement: can't place more pipeline on heavy datanode： d1f6f5bd-a733-436d-b89d-c17e8804c490 Heaviness: 6 limit: 5
2019-09-26 10:07:23,554 [RatisPipelineUtilsThread] INFO  pipeline.PipelinePlacementPolicy (PipelinePlacementPolicy.java:meetCriteria(91)) - Pipeline Placement: can't place more pipeline on heavy datanode： 9c045c9c-ba1f-4aea-ae51-5b8bdd601291 Heaviness: 6 limit: 5
2019-09-26 10:07:23,554 [RatisPipelineUtilsThread] INFO  pipeline.PipelinePlacementPolicy (PipelinePlacementPolicy.java:meetCriteria(91)) - Pipeline Placement: can't place more pipeline on heavy datanode： bec07a0c-a0ea-4ddf-8714-f8e80b4d678f Heaviness: 6 limit: 5
2019-09-26 10:07:23,554 [RatisPipelineUtilsThread] INFO  pipeline.PipelinePlacementPolicy (PipelinePlacementPolicy.java:meetCriteria(91)) - Pipeline Placement: can't place more pipeline on heavy datanode： 5955fc00-f5b8-4418-b414-62f2e5ec1764 Heaviness: 6 limit: 5
2019-09-26 10:07:23,554 [RatisPipelineUtilsThread] INFO  pipeline.PipelinePlacementPolicy (PipelinePlacementPolicy.java:meetCriteria(91)) - Pipeline Placement: can't place more pipeline on heavy datanode： 5004b7af-11c5-4c34-b2aa-0091a090c65f Heaviness: 6 limit: 5
2019-09-26 10:07:23,558 [grpc-default-executor-1] INFO  impl.RaftServerProxy (RaftServerProxy.java:addNew(89)) - e3e9c20d-70c3-4d54-9af3-1020e4c50fd3: addNew group-E0AC73341E34:[e3e9c20d-70c3-4d54-9af3-1020e4c50fd3:192.168.30.13:44355] returns group-E0AC73341E34:java.util.concurrent.CompletableFuture@3df1f88e[Not completed]
2019-09-26 10:07:23,559 [pool-733-thread-1] INFO  impl.RaftServerImpl (RaftServerImpl.java:<init>(95)) - e3e9c20d-70c3-4d54-9af3-1020e4c50fd3: new RaftServerImpl for group-E0AC73341E34:[e3e9c20d-70c3-4d54-9af3-1020e4c50fd3:192.168.30.13:44355] with ContainerStateMachine:uninitialized
2019-09-26 10:07:23,559 [pool-733-thread-1] INFO  server.RaftServerConfigKeys (ConfUtils.java:logGet(43)) - raft.server.rpc.timeout.min = 5s (custom)
2019-09-26 10:07:23,559 [pool-733-thread-1] INFO  server.RaftServerConfigKeys (ConfUtils.java:logGet(43)) - raft.server.rpc.timeout.max = 5200ms (custom)
2019-09-26 10:07:23,559 [pool-733-thread-1] INFO  server.RaftServerConfigKeys (ConfUtils.java:logGet(43)) - raft.server.rpcslowness.timeout = 120s (custom)
2019-09-26 10:07:23,560 [pool-733-thread-1] INFO  server.RaftServerConfigKeys (ConfUtils.java:logGet(43)) - raft.server.sleep.deviation.threshold = 300 (default)
2019-09-26 10:07:23,560 [pool-733-thread-1] INFO  server.RaftServerConfigKeys (ConfUtils.java:logGet(43)) - raft.server.log.appender.install.snapshot.enabled = false (custom)
2019-09-26 10:07:23,560 [pool-733-thread-1] INFO  impl.RaftServerImpl (ServerState.java:<init>(103)) - e3e9c20d-70c3-4d54-9af3-1020e4c50fd3@group-E0AC73341E34: ConfigurationManager, init=-1: [e3e9c20d-70c3-4d54-9af3-1020e4c50fd3:192.168.30.13:44355], old=null, confs=<EMPTY_MAP>
2019-09-26 10:07:23,560 [pool-733-thread-1] INFO  server.RaftServerConfigKeys (ConfUtils.java:logGet(43)) - raft.server.storage.dir = [/workdir/hadoop-ozone/integration-test/target/test-dir/MiniOzoneClusterImpl-af826fcf-2e4c-4099-bed4-c1b0f0495924/datanode-6/data/ratis] (custom)
2019-09-26 10:07:23,560 [pool-733-thread-1] INFO  storage.RaftStorageDirectory (RaftStorageDirectory.java:analyzeStorage(246)) - The storage directory /workdir/hadoop-ozone/integration-test/target/test-dir/MiniOzoneClusterImpl-af826fcf-2e4c-4099-bed4-c1b0f0495924/datanode-6/data/ratis/c47fb26e-f991-49d5-a0ab-e0ac73341e34 does not exist. Creating ...
2019-09-26 10:07:23,568 [pool-733-thread-1] INFO  storage.RaftStorageDirectory (RaftStorageDirectory.java:tryLock(328)) - Lock on /workdir/hadoop-ozone/integration-test/target/test-dir/MiniOzoneClusterImpl-af826fcf-2e4c-4099-bed4-c1b0f0495924/datanode-6/data/ratis/c47fb26e-f991-49d5-a0ab-e0ac73341e34/in_use.lock acquired by nodename 19604@pr-hdds-1569-wvzgm-824869521
2019-09-26 10:07:23,575 [pool-733-thread-1] INFO  storage.RaftStorage (RaftStorage.java:format(72)) - Storage directory /workdir/hadoop-ozone/integration-test/target/test-dir/MiniOzoneClusterImpl-af826fcf-2e4c-4099-bed4-c1b0f0495924/datanode-6/data/ratis/c47fb26e-f991-49d5-a0ab-e0ac73341e34 has been successfully formatted.
2019-09-26 10:07:23,575 [pool-733-thread-1] INFO  ratis.ContainerStateMachine (ContainerStateMachine.java:loadSnapshot(230)) - group-E0AC73341E34: The snapshot info is null. Setting the last applied indexto:(t:0, i:~)
2019-09-26 10:07:23,575 [pool-733-thread-1] INFO  server.RaftServerConfigKeys (ConfUtils.java:logGet(43)) - raft.server.notification.no-leader.timeout = 120s (custom)
2019-09-26 10:07:23,575 [pool-733-thread-1] INFO  server.RaftServerConfigKeys (ConfUtils.java:logGet(43)) - raft.server.log.use.memory = false (default)
2019-09-26 10:07:23,576 [pool-733-thread-1] INFO  server.RaftServerConfigKeys (ConfUtils.java:logGet(43)) - raft.server.log.purge.gap = 1000000 (custom)
2019-09-26 10:07:23,576 [pool-733-thread-1] INFO  server.RaftServerConfigKeys (ConfUtils.java:logGet(43)) - raft.server.log.appender.buffer.byte-limit = 33554432 (custom)
2019-09-26 10:07:23,576 [pool-733-thread-1] INFO  server.RaftServerConfigKeys (ConfUtils.java:logGet(43)) - raft.server.log.segment.size.max = 1048576 (custom)
2019-09-26 10:07:23,576 [pool-733-thread-1] INFO  server.RaftServerConfigKeys (ConfUtils.java:logGet(43)) - raft.server.log.segment.cache.num.max = 2 (custom)
2019-09-26 10:07:23,576 [pool-733-thread-1] INFO  segmented.SegmentedRaftLogWorker (SegmentedRaftLogWorker.java:<init>(172)) - new e3e9c20d-70c3-4d54-9af3-1020e4c50fd3@group-E0AC73341E34-SegmentedRaftLogWorker for RaftStorage:Storage Directory /workdir/hadoop-ozone/integration-test/target/test-dir/MiniOzoneClusterImpl-af826fcf-2e4c-4099-bed4-c1b0f0495924/datanode-6/data/ratis/c47fb26e-f991-49d5-a0ab-e0ac73341e34
2019-09-26 10:07:23,576 [pool-733-thread-1] INFO  server.RaftServerConfigKeys (ConfUtils.java:logGet(43)) - raft.server.log.queue.byte-limit = 2147483647 (custom)
2019-09-26 10:07:23,576 [pool-733-thread-1] INFO  server.RaftServerConfigKeys (ConfUtils.java:logGet(43)) - raft.server.log.queue.element-limit = 1024 (custom)
2019-09-26 10:07:23,577 [pool-733-thread-1] INFO  server.RaftServerConfigKeys (ConfUtils.java:logGet(43)) - raft.server.log.segment.size.max = 1048576 (custom)
2019-09-26 10:07:23,577 [pool-733-thread-1] INFO  server.RaftServerConfigKeys (ConfUtils.java:logGet(43)) - raft.server.log.preallocated.size = 16384 (custom)
2019-09-26 10:07:23,577 [pool-733-thread-1] INFO  server.RaftServerConfigKeys (ConfUtils.java:logGet(43)) - raft.server.log.write.buffer.size = 33554432 (custom)
2019-09-26 10:07:23,577 [pool-733-thread-1] INFO  server.RaftServerConfigKeys (ConfUtils.java:logGet(43)) - raft.server.log.force.sync.num = 128 (default)
2019-09-26 10:07:23,577 [pool-733-thread-1] INFO  server.RaftServerConfigKeys (ConfUtils.java:logGet(43)) - raft.server.log.statemachine.data.sync = true (default)
2019-09-26 10:07:23,577 [pool-733-thread-1] INFO  server.RaftServerConfigKeys (ConfUtils.java:logGet(43)) - raft.server.log.statemachine.data.sync.timeout = 10s (default)
2019-09-26 10:07:23,577 [pool-733-thread-1] INFO  server.RaftServerConfigKeys (ConfUtils.java:logGet(43)) - raft.server.log.statemachine.data.sync.timeout.retry = -1 (default)
2019-09-26 10:07:23,578 [pool-733-thread-1] INFO  server.RaftServerConfigKeys (ConfUtils.java:logGet(43)) - raft.server.log.statemachine.data.caching.enabled = true (custom)
2019-09-26 10:07:23,578 [pool-733-thread-1] INFO  segmented.SegmentedRaftLogWorker (SegmentedRaftLogWorker.java:lambda$new$0(132)) - e3e9c20d-70c3-4d54-9af3-1020e4c50fd3@group-E0AC73341E34-SegmentedRaftLogWorker: flushIndex: setUnconditionally 0 -> -1
2019-09-26 10:07:23,578 [pool-733-thread-1] INFO  server.RaftServerConfigKeys (ConfUtils.java:logGet(43)) - raft.server.snapshot.auto.trigger.enabled = true (custom)
2019-09-26 10:07:23,578 [pool-733-thread-1] INFO  server.RaftServerConfigKeys (ConfUtils.java:logGet(43)) - raft.server.snapshot.auto.trigger.threshold = 10000 (custom)
2019-09-26 10:07:23,578 [pool-733-thread-1] INFO  server.RaftServerConfigKeys (ConfUtils.java:logGet(43)) - raft.server.snapshot.retention.num.files = 5 (custom)
2019-09-26 10:07:23,579 [pool-733-thread-1] INFO  server.RaftServerConfigKeys (ConfUtils.java:logGet(43)) - raft.server.retrycache.expirytime = 600000ms (custom)
2019-09-26 10:07:23,580 [pool-733-thread-1] INFO  impl.RaftServerImpl (RaftServerImpl.java:start(185)) - e3e9c20d-70c3-4d54-9af3-1020e4c50fd3@group-E0AC73341E34: start as a follower, conf=-1: [e3e9c20d-70c3-4d54-9af3-1020e4c50fd3:192.168.30.13:44355], old=null
2019-09-26 10:07:23,580 [pool-733-thread-1] INFO  impl.RaftServerImpl (RaftServerImpl.java:setRole(174)) - e3e9c20d-70c3-4d54-9af3-1020e4c50fd3@group-E0AC73341E34: changes role from      null to FOLLOWER at term 0 for startAsFollower
2019-09-26 10:07:23,580 [pool-733-thread-1] INFO  impl.RoleInfo (RoleInfo.java:updateAndGet(143)) - e3e9c20d-70c3-4d54-9af3-1020e4c50fd3: start FollowerState
2019-09-26 10:07:23,581 [pool-733-thread-1] INFO  util.JmxRegister (JmxRegister.java:tryRegister(44)) - Successfully registered JMX Bean with object name Ratis:service=RaftServer,group=group-E0AC73341E34,id=e3e9c20d-70c3-4d54-9af3-1020e4c50fd3
2019-09-26 10:07:23,583 [RatisPipelineUtilsThread] INFO  pipeline.PipelineStateManager (PipelineStateManager.java:addPipeline(56)) - Created pipeline Pipeline[ Id: c47fb26e-f991-49d5-a0ab-e0ac73341e34, Nodes: e3e9c20d-70c3-4d54-9af3-1020e4c50fd3{ip: 192.168.30.13, host: pr-hdds-1569-wvzgm-824869521, networkLocation: /default-rack, certSerialId: null}, Type:RATIS, Factor:ONE, State:OPEN]
2019-09-26 10:07:23,583 [RatisPipelineUtilsThread] INFO  pipeline.PipelinePlacementPolicy (PipelinePlacementPolicy.java:meetCriteria(91)) - Pipeline Placement: can't place more pipeline on heavy datanode： 9cafecc4-59b7-45e3-9675-340d3e2c3fab Heaviness: 6 limit: 5
2019-09-26 10:07:23,583 [RatisPipelineUtilsThread] INFO  pipeline.PipelinePlacementPolicy (PipelinePlacementPolicy.java:meetCriteria(91)) - Pipeline Placement: can't place more pipeline on heavy datanode： d1f6f5bd-a733-436d-b89d-c17e8804c490 Heaviness: 6 limit: 5
2019-09-26 10:07:23,583 [RatisPipelineUtilsThread] INFO  pipeline.PipelinePlacementPolicy (PipelinePlacementPolicy.java:meetCriteria(91)) - Pipeline Placement: can't place more pipeline on heavy datanode： 9c045c9c-ba1f-4aea-ae51-5b8bdd601291 Heaviness: 6 limit: 5
2019-09-26 10:07:23,584 [RatisPipelineUtilsThread] INFO  pipeline.PipelinePlacementPolicy (PipelinePlacementPolicy.java:meetCriteria(91)) - Pipeline Placement: can't place more pipeline on heavy datanode： bec07a0c-a0ea-4ddf-8714-f8e80b4d678f Heaviness: 6 limit: 5
2019-09-26 10:07:23,584 [RatisPipelineUtilsThread] INFO  pipeline.PipelinePlacementPolicy (PipelinePlacementPolicy.java:meetCriteria(91)) - Pipeline Placement: can't place more pipeline on heavy datanode： 5955fc00-f5b8-4418-b414-62f2e5ec1764 Heaviness: 6 limit: 5
2019-09-26 10:07:23,584 [RatisPipelineUtilsThread] INFO  pipeline.PipelinePlacementPolicy (PipelinePlacementPolicy.java:meetCriteria(91)) - Pipeline Placement: can't place more pipeline on heavy datanode： 5004b7af-11c5-4c34-b2aa-0091a090c65f Heaviness: 6 limit: 5
2019-09-26 10:07:23,588 [grpc-default-executor-1] INFO  impl.RaftServerProxy (RaftServerProxy.java:addNew(89)) - e3e9c20d-70c3-4d54-9af3-1020e4c50fd3: addNew group-FCB70F5FB7A8:[e3e9c20d-70c3-4d54-9af3-1020e4c50fd3:192.168.30.13:44355] returns group-FCB70F5FB7A8:java.util.concurrent.CompletableFuture@116c6473[Not completed]
2019-09-26 10:07:23,588 [pool-733-thread-1] INFO  impl.RaftServerImpl (RaftServerImpl.java:<init>(95)) - e3e9c20d-70c3-4d54-9af3-1020e4c50fd3: new RaftServerImpl for group-FCB70F5FB7A8:[e3e9c20d-70c3-4d54-9af3-1020e4c50fd3:192.168.30.13:44355] with ContainerStateMachine:uninitialized
2019-09-26 10:07:23,589 [pool-733-thread-1] INFO  server.RaftServerConfigKeys (ConfUtils.java:logGet(43)) - raft.server.rpc.timeout.min = 5s (custom)
2019-09-26 10:07:23,589 [pool-733-thread-1] INFO  server.RaftServerConfigKeys (ConfUtils.java:logGet(43)) - raft.server.rpc.timeout.max = 5200ms (custom)
2019-09-26 10:07:23,589 [pool-733-thread-1] INFO  server.RaftServerConfigKeys (ConfUtils.java:logGet(43)) - raft.server.rpcslowness.timeout = 120s (custom)
2019-09-26 10:07:23,589 [pool-733-thread-1] INFO  server.RaftServerConfigKeys (ConfUtils.java:logGet(43)) - raft.server.sleep.deviation.threshold = 300 (default)
2019-09-26 10:07:23,589 [pool-733-thread-1] INFO  server.RaftServerConfigKeys (ConfUtils.java:logGet(43)) - raft.server.log.appender.install.snapshot.enabled = false (custom)
2019-09-26 10:07:23,589 [pool-733-thread-1] INFO  impl.RaftServerImpl (ServerState.java:<init>(103)) - e3e9c20d-70c3-4d54-9af3-1020e4c50fd3@group-FCB70F5FB7A8: ConfigurationManager, init=-1: [e3e9c20d-70c3-4d54-9af3-1020e4c50fd3:192.168.30.13:44355], old=null, confs=<EMPTY_MAP>
2019-09-26 10:07:23,589 [pool-733-thread-1] INFO  server.RaftServerConfigKeys (ConfUtils.java:logGet(43)) - raft.server.storage.dir = [/workdir/hadoop-ozone/integration-test/target/test-dir/MiniOzoneClusterImpl-af826fcf-2e4c-4099-bed4-c1b0f0495924/datanode-6/data/ratis] (custom)
2019-09-26 10:07:23,590 [pool-733-thread-1] INFO  storage.RaftStorageDirectory (RaftStorageDirectory.java:analyzeStorage(246)) - The storage directory /workdir/hadoop-ozone/integration-test/target/test-dir/MiniOzoneClusterImpl-af826fcf-2e4c-4099-bed4-c1b0f0495924/datanode-6/data/ratis/cca33e64-5eaa-4c6c-8019-fcb70f5fb7a8 does not exist. Creating ...
2019-09-26 10:07:23,595 [pool-733-thread-1] INFO  storage.RaftStorageDirectory (RaftStorageDirectory.java:tryLock(328)) - Lock on /workdir/hadoop-ozone/integration-test/target/test-dir/MiniOzoneClusterImpl-af826fcf-2e4c-4099-bed4-c1b0f0495924/datanode-6/data/ratis/cca33e64-5eaa-4c6c-8019-fcb70f5fb7a8/in_use.lock acquired by nodename 19604@pr-hdds-1569-wvzgm-824869521
2019-09-26 10:07:23,603 [pool-733-thread-1] INFO  storage.RaftStorage (RaftStorage.java:format(72)) - Storage directory /workdir/hadoop-ozone/integration-test/target/test-dir/MiniOzoneClusterImpl-af826fcf-2e4c-4099-bed4-c1b0f0495924/datanode-6/data/ratis/cca33e64-5eaa-4c6c-8019-fcb70f5fb7a8 has been successfully formatted.
2019-09-26 10:07:23,604 [pool-733-thread-1] INFO  ratis.ContainerStateMachine (ContainerStateMachine.java:loadSnapshot(230)) - group-FCB70F5FB7A8: The snapshot info is null. Setting the last applied indexto:(t:0, i:~)
2019-09-26 10:07:23,604 [pool-733-thread-1] INFO  server.RaftServerConfigKeys (ConfUtils.java:logGet(43)) - raft.server.notification.no-leader.timeout = 120s (custom)
2019-09-26 10:07:23,604 [pool-733-thread-1] INFO  server.RaftServerConfigKeys (ConfUtils.java:logGet(43)) - raft.server.log.use.memory = false (default)
2019-09-26 10:07:23,605 [pool-733-thread-1] INFO  server.RaftServerConfigKeys (ConfUtils.java:logGet(43)) - raft.server.log.purge.gap = 1000000 (custom)
2019-09-26 10:07:23,605 [pool-733-thread-1] INFO  server.RaftServerConfigKeys (ConfUtils.java:logGet(43)) - raft.server.log.appender.buffer.byte-limit = 33554432 (custom)
2019-09-26 10:07:23,605 [pool-733-thread-1] INFO  server.RaftServerConfigKeys (ConfUtils.java:logGet(43)) - raft.server.log.segment.size.max = 1048576 (custom)
2019-09-26 10:07:23,605 [pool-733-thread-1] INFO  server.RaftServerConfigKeys (ConfUtils.java:logGet(43)) - raft.server.log.segment.cache.num.max = 2 (custom)
2019-09-26 10:07:23,605 [pool-733-thread-1] INFO  segmented.SegmentedRaftLogWorker (SegmentedRaftLogWorker.java:<init>(172)) - new e3e9c20d-70c3-4d54-9af3-1020e4c50fd3@group-FCB70F5FB7A8-SegmentedRaftLogWorker for RaftStorage:Storage Directory /workdir/hadoop-ozone/integration-test/target/test-dir/MiniOzoneClusterImpl-af826fcf-2e4c-4099-bed4-c1b0f0495924/datanode-6/data/ratis/cca33e64-5eaa-4c6c-8019-fcb70f5fb7a8
2019-09-26 10:07:23,605 [pool-733-thread-1] INFO  server.RaftServerConfigKeys (ConfUtils.java:logGet(43)) - raft.server.log.queue.byte-limit = 2147483647 (custom)
2019-09-26 10:07:23,606 [pool-733-thread-1] INFO  server.RaftServerConfigKeys (ConfUtils.java:logGet(43)) - raft.server.log.queue.element-limit = 1024 (custom)
2019-09-26 10:07:23,606 [pool-733-thread-1] INFO  server.RaftServerConfigKeys (ConfUtils.java:logGet(43)) - raft.server.log.segment.size.max = 1048576 (custom)
2019-09-26 10:07:23,606 [pool-733-thread-1] INFO  server.RaftServerConfigKeys (ConfUtils.java:logGet(43)) - raft.server.log.preallocated.size = 16384 (custom)
2019-09-26 10:07:23,606 [pool-733-thread-1] INFO  server.RaftServerConfigKeys (ConfUtils.java:logGet(43)) - raft.server.log.write.buffer.size = 33554432 (custom)
2019-09-26 10:07:23,606 [pool-733-thread-1] INFO  server.RaftServerConfigKeys (ConfUtils.java:logGet(43)) - raft.server.log.force.sync.num = 128 (default)
2019-09-26 10:07:23,607 [pool-733-thread-1] INFO  server.RaftServerConfigKeys (ConfUtils.java:logGet(43)) - raft.server.log.statemachine.data.sync = true (default)
2019-09-26 10:07:23,607 [pool-733-thread-1] INFO  server.RaftServerConfigKeys (ConfUtils.java:logGet(43)) - raft.server.log.statemachine.data.sync.timeout = 10s (default)
2019-09-26 10:07:23,607 [pool-733-thread-1] INFO  server.RaftServerConfigKeys (ConfUtils.java:logGet(43)) - raft.server.log.statemachine.data.sync.timeout.retry = -1 (default)
2019-09-26 10:07:23,607 [pool-733-thread-1] INFO  server.RaftServerConfigKeys (ConfUtils.java:logGet(43)) - raft.server.log.statemachine.data.caching.enabled = true (custom)
2019-09-26 10:07:23,608 [pool-733-thread-1] INFO  segmented.SegmentedRaftLogWorker (SegmentedRaftLogWorker.java:lambda$new$0(132)) - e3e9c20d-70c3-4d54-9af3-1020e4c50fd3@group-FCB70F5FB7A8-SegmentedRaftLogWorker: flushIndex: setUnconditionally 0 -> -1
2019-09-26 10:07:23,608 [pool-733-thread-1] INFO  server.RaftServerConfigKeys (ConfUtils.java:logGet(43)) - raft.server.snapshot.auto.trigger.enabled = true (custom)
2019-09-26 10:07:23,608 [pool-733-thread-1] INFO  server.RaftServerConfigKeys (ConfUtils.java:logGet(43)) - raft.server.snapshot.auto.trigger.threshold = 10000 (custom)
2019-09-26 10:07:23,608 [pool-733-thread-1] INFO  server.RaftServerConfigKeys (ConfUtils.java:logGet(43)) - raft.server.snapshot.retention.num.files = 5 (custom)
2019-09-26 10:07:23,609 [pool-733-thread-1] INFO  server.RaftServerConfigKeys (ConfUtils.java:logGet(43)) - raft.server.retrycache.expirytime = 600000ms (custom)
2019-09-26 10:07:23,611 [pool-733-thread-1] INFO  impl.RaftServerImpl (RaftServerImpl.java:start(185)) - e3e9c20d-70c3-4d54-9af3-1020e4c50fd3@group-FCB70F5FB7A8: start as a follower, conf=-1: [e3e9c20d-70c3-4d54-9af3-1020e4c50fd3:192.168.30.13:44355], old=null
2019-09-26 10:07:23,611 [pool-733-thread-1] INFO  impl.RaftServerImpl (RaftServerImpl.java:setRole(174)) - e3e9c20d-70c3-4d54-9af3-1020e4c50fd3@group-FCB70F5FB7A8: changes role from      null to FOLLOWER at term 0 for startAsFollower
2019-09-26 10:07:23,611 [pool-733-thread-1] INFO  impl.RoleInfo (RoleInfo.java:updateAndGet(143)) - e3e9c20d-70c3-4d54-9af3-1020e4c50fd3: start FollowerState
2019-09-26 10:07:23,612 [pool-733-thread-1] INFO  util.JmxRegister (JmxRegister.java:tryRegister(44)) - Successfully registered JMX Bean with object name Ratis:service=RaftServer,group=group-FCB70F5FB7A8,id=e3e9c20d-70c3-4d54-9af3-1020e4c50fd3
2019-09-26 10:07:23,614 [RatisPipelineUtilsThread] INFO  pipeline.PipelineStateManager (PipelineStateManager.java:addPipeline(56)) - Created pipeline Pipeline[ Id: cca33e64-5eaa-4c6c-8019-fcb70f5fb7a8, Nodes: e3e9c20d-70c3-4d54-9af3-1020e4c50fd3{ip: 192.168.30.13, host: pr-hdds-1569-wvzgm-824869521, networkLocation: /default-rack, certSerialId: null}, Type:RATIS, Factor:ONE, State:OPEN]
2019-09-26 10:07:23,615 [RatisPipelineUtilsThread] INFO  pipeline.PipelinePlacementPolicy (PipelinePlacementPolicy.java:meetCriteria(91)) - Pipeline Placement: can't place more pipeline on heavy datanode： 9cafecc4-59b7-45e3-9675-340d3e2c3fab Heaviness: 6 limit: 5
2019-09-26 10:07:23,615 [RatisPipelineUtilsThread] INFO  pipeline.PipelinePlacementPolicy (PipelinePlacementPolicy.java:meetCriteria(91)) - Pipeline Placement: can't place more pipeline on heavy datanode： d1f6f5bd-a733-436d-b89d-c17e8804c490 Heaviness: 6 limit: 5
2019-09-26 10:07:23,615 [RatisPipelineUtilsThread] INFO  pipeline.PipelinePlacementPolicy (PipelinePlacementPolicy.java:meetCriteria(91)) - Pipeline Placement: can't place more pipeline on heavy datanode： 9c045c9c-ba1f-4aea-ae51-5b8bdd601291 Heaviness: 6 limit: 5
2019-09-26 10:07:23,616 [RatisPipelineUtilsThread] INFO  pipeline.PipelinePlacementPolicy (PipelinePlacementPolicy.java:meetCriteria(91)) - Pipeline Placement: can't place more pipeline on heavy datanode： bec07a0c-a0ea-4ddf-8714-f8e80b4d678f Heaviness: 6 limit: 5
2019-09-26 10:07:23,616 [RatisPipelineUtilsThread] INFO  pipeline.PipelinePlacementPolicy (PipelinePlacementPolicy.java:meetCriteria(91)) - Pipeline Placement: can't place more pipeline on heavy datanode： 5955fc00-f5b8-4418-b414-62f2e5ec1764 Heaviness: 6 limit: 5
2019-09-26 10:07:23,616 [RatisPipelineUtilsThread] INFO  pipeline.PipelinePlacementPolicy (PipelinePlacementPolicy.java:meetCriteria(91)) - Pipeline Placement: can't place more pipeline on heavy datanode： 5004b7af-11c5-4c34-b2aa-0091a090c65f Heaviness: 6 limit: 5
2019-09-26 10:07:23,621 [grpc-default-executor-1] INFO  impl.RaftServerProxy (RaftServerProxy.java:addNew(89)) - e3e9c20d-70c3-4d54-9af3-1020e4c50fd3: addNew group-F32135CF196A:[e3e9c20d-70c3-4d54-9af3-1020e4c50fd3:192.168.30.13:44355] returns group-F32135CF196A:java.util.concurrent.CompletableFuture@21724224[Not completed]
2019-09-26 10:07:23,622 [pool-733-thread-1] INFO  impl.RaftServerImpl (RaftServerImpl.java:<init>(95)) - e3e9c20d-70c3-4d54-9af3-1020e4c50fd3: new RaftServerImpl for group-F32135CF196A:[e3e9c20d-70c3-4d54-9af3-1020e4c50fd3:192.168.30.13:44355] with ContainerStateMachine:uninitialized
2019-09-26 10:07:23,622 [pool-733-thread-1] INFO  server.RaftServerConfigKeys (ConfUtils.java:logGet(43)) - raft.server.rpc.timeout.min = 5s (custom)
2019-09-26 10:07:23,622 [pool-733-thread-1] INFO  server.RaftServerConfigKeys (ConfUtils.java:logGet(43)) - raft.server.rpc.timeout.max = 5200ms (custom)
2019-09-26 10:07:23,622 [pool-733-thread-1] INFO  server.RaftServerConfigKeys (ConfUtils.java:logGet(43)) - raft.server.rpcslowness.timeout = 120s (custom)
2019-09-26 10:07:23,622 [pool-733-thread-1] INFO  server.RaftServerConfigKeys (ConfUtils.java:logGet(43)) - raft.server.sleep.deviation.threshold = 300 (default)
2019-09-26 10:07:23,622 [pool-733-thread-1] INFO  server.RaftServerConfigKeys (ConfUtils.java:logGet(43)) - raft.server.log.appender.install.snapshot.enabled = false (custom)
2019-09-26 10:07:23,622 [pool-733-thread-1] INFO  impl.RaftServerImpl (ServerState.java:<init>(103)) - e3e9c20d-70c3-4d54-9af3-1020e4c50fd3@group-F32135CF196A: ConfigurationManager, init=-1: [e3e9c20d-70c3-4d54-9af3-1020e4c50fd3:192.168.30.13:44355], old=null, confs=<EMPTY_MAP>
2019-09-26 10:07:23,623 [pool-733-thread-1] INFO  server.RaftServerConfigKeys (ConfUtils.java:logGet(43)) - raft.server.storage.dir = [/workdir/hadoop-ozone/integration-test/target/test-dir/MiniOzoneClusterImpl-af826fcf-2e4c-4099-bed4-c1b0f0495924/datanode-6/data/ratis] (custom)
2019-09-26 10:07:23,623 [pool-733-thread-1] INFO  storage.RaftStorageDirectory (RaftStorageDirectory.java:analyzeStorage(246)) - The storage directory /workdir/hadoop-ozone/integration-test/target/test-dir/MiniOzoneClusterImpl-af826fcf-2e4c-4099-bed4-c1b0f0495924/datanode-6/data/ratis/b98f78ef-8ac3-43c6-94c0-f32135cf196a does not exist. Creating ...
2019-09-26 10:07:23,659 [pool-733-thread-1] INFO  storage.RaftStorageDirectory (RaftStorageDirectory.java:tryLock(328)) - Lock on /workdir/hadoop-ozone/integration-test/target/test-dir/MiniOzoneClusterImpl-af826fcf-2e4c-4099-bed4-c1b0f0495924/datanode-6/data/ratis/b98f78ef-8ac3-43c6-94c0-f32135cf196a/in_use.lock acquired by nodename 19604@pr-hdds-1569-wvzgm-824869521
2019-09-26 10:07:23,668 [pool-733-thread-1] INFO  storage.RaftStorage (RaftStorage.java:format(72)) - Storage directory /workdir/hadoop-ozone/integration-test/target/test-dir/MiniOzoneClusterImpl-af826fcf-2e4c-4099-bed4-c1b0f0495924/datanode-6/data/ratis/b98f78ef-8ac3-43c6-94c0-f32135cf196a has been successfully formatted.
2019-09-26 10:07:23,668 [pool-733-thread-1] INFO  ratis.ContainerStateMachine (ContainerStateMachine.java:loadSnapshot(230)) - group-F32135CF196A: The snapshot info is null. Setting the last applied indexto:(t:0, i:~)
2019-09-26 10:07:23,669 [pool-733-thread-1] INFO  server.RaftServerConfigKeys (ConfUtils.java:logGet(43)) - raft.server.notification.no-leader.timeout = 120s (custom)
2019-09-26 10:07:23,669 [pool-733-thread-1] INFO  server.RaftServerConfigKeys (ConfUtils.java:logGet(43)) - raft.server.log.use.memory = false (default)
2019-09-26 10:07:23,669 [pool-733-thread-1] INFO  server.RaftServerConfigKeys (ConfUtils.java:logGet(43)) - raft.server.log.purge.gap = 1000000 (custom)
2019-09-26 10:07:23,669 [pool-733-thread-1] INFO  server.RaftServerConfigKeys (ConfUtils.java:logGet(43)) - raft.server.log.appender.buffer.byte-limit = 33554432 (custom)
2019-09-26 10:07:23,669 [pool-733-thread-1] INFO  server.RaftServerConfigKeys (ConfUtils.java:logGet(43)) - raft.server.log.segment.size.max = 1048576 (custom)
2019-09-26 10:07:23,669 [pool-733-thread-1] INFO  server.RaftServerConfigKeys (ConfUtils.java:logGet(43)) - raft.server.log.segment.cache.num.max = 2 (custom)
2019-09-26 10:07:23,670 [pool-733-thread-1] INFO  segmented.SegmentedRaftLogWorker (SegmentedRaftLogWorker.java:<init>(172)) - new e3e9c20d-70c3-4d54-9af3-1020e4c50fd3@group-F32135CF196A-SegmentedRaftLogWorker for RaftStorage:Storage Directory /workdir/hadoop-ozone/integration-test/target/test-dir/MiniOzoneClusterImpl-af826fcf-2e4c-4099-bed4-c1b0f0495924/datanode-6/data/ratis/b98f78ef-8ac3-43c6-94c0-f32135cf196a
2019-09-26 10:07:23,670 [pool-733-thread-1] INFO  server.RaftServerConfigKeys (ConfUtils.java:logGet(43)) - raft.server.log.queue.byte-limit = 2147483647 (custom)
2019-09-26 10:07:23,670 [pool-733-thread-1] INFO  server.RaftServerConfigKeys (ConfUtils.java:logGet(43)) - raft.server.log.queue.element-limit = 1024 (custom)
2019-09-26 10:07:23,670 [pool-733-thread-1] INFO  server.RaftServerConfigKeys (ConfUtils.java:logGet(43)) - raft.server.log.segment.size.max = 1048576 (custom)
2019-09-26 10:07:23,670 [pool-733-thread-1] INFO  server.RaftServerConfigKeys (ConfUtils.java:logGet(43)) - raft.server.log.preallocated.size = 16384 (custom)
2019-09-26 10:07:23,670 [pool-733-thread-1] INFO  server.RaftServerConfigKeys (ConfUtils.java:logGet(43)) - raft.server.log.write.buffer.size = 33554432 (custom)
2019-09-26 10:07:23,671 [pool-733-thread-1] INFO  server.RaftServerConfigKeys (ConfUtils.java:logGet(43)) - raft.server.log.force.sync.num = 128 (default)
2019-09-26 10:07:23,671 [pool-733-thread-1] INFO  server.RaftServerConfigKeys (ConfUtils.java:logGet(43)) - raft.server.log.statemachine.data.sync = true (default)
2019-09-26 10:07:23,671 [pool-733-thread-1] INFO  server.RaftServerConfigKeys (ConfUtils.java:logGet(43)) - raft.server.log.statemachine.data.sync.timeout = 10s (default)
2019-09-26 10:07:23,671 [pool-733-thread-1] INFO  server.RaftServerConfigKeys (ConfUtils.java:logGet(43)) - raft.server.log.statemachine.data.sync.timeout.retry = -1 (default)
2019-09-26 10:07:23,671 [pool-733-thread-1] INFO  server.RaftServerConfigKeys (ConfUtils.java:logGet(43)) - raft.server.log.statemachine.data.caching.enabled = true (custom)
2019-09-26 10:07:23,671 [pool-733-thread-1] INFO  segmented.SegmentedRaftLogWorker (SegmentedRaftLogWorker.java:lambda$new$0(132)) - e3e9c20d-70c3-4d54-9af3-1020e4c50fd3@group-F32135CF196A-SegmentedRaftLogWorker: flushIndex: setUnconditionally 0 -> -1
2019-09-26 10:07:23,672 [pool-733-thread-1] INFO  server.RaftServerConfigKeys (ConfUtils.java:logGet(43)) - raft.server.snapshot.auto.trigger.enabled = true (custom)
2019-09-26 10:07:23,672 [pool-733-thread-1] INFO  server.RaftServerConfigKeys (ConfUtils.java:logGet(43)) - raft.server.snapshot.auto.trigger.threshold = 10000 (custom)
2019-09-26 10:07:23,672 [pool-733-thread-1] INFO  server.RaftServerConfigKeys (ConfUtils.java:logGet(43)) - raft.server.snapshot.retention.num.files = 5 (custom)
2019-09-26 10:07:23,672 [pool-733-thread-1] INFO  server.RaftServerConfigKeys (ConfUtils.java:logGet(43)) - raft.server.retrycache.expirytime = 600000ms (custom)
2019-09-26 10:07:23,675 [pool-733-thread-1] INFO  impl.RaftServerImpl (RaftServerImpl.java:start(185)) - e3e9c20d-70c3-4d54-9af3-1020e4c50fd3@group-F32135CF196A: start as a follower, conf=-1: [e3e9c20d-70c3-4d54-9af3-1020e4c50fd3:192.168.30.13:44355], old=null
2019-09-26 10:07:23,675 [pool-733-thread-1] INFO  impl.RaftServerImpl (RaftServerImpl.java:setRole(174)) - e3e9c20d-70c3-4d54-9af3-1020e4c50fd3@group-F32135CF196A: changes role from      null to FOLLOWER at term 0 for startAsFollower
2019-09-26 10:07:23,675 [pool-733-thread-1] INFO  impl.RoleInfo (RoleInfo.java:updateAndGet(143)) - e3e9c20d-70c3-4d54-9af3-1020e4c50fd3: start FollowerState
2019-09-26 10:07:23,675 [pool-733-thread-1] INFO  util.JmxRegister (JmxRegister.java:tryRegister(44)) - Successfully registered JMX Bean with object name Ratis:service=RaftServer,group=group-F32135CF196A,id=e3e9c20d-70c3-4d54-9af3-1020e4c50fd3
2019-09-26 10:07:23,677 [RatisPipelineUtilsThread] INFO  pipeline.PipelineStateManager (PipelineStateManager.java:addPipeline(56)) - Created pipeline Pipeline[ Id: b98f78ef-8ac3-43c6-94c0-f32135cf196a, Nodes: e3e9c20d-70c3-4d54-9af3-1020e4c50fd3{ip: 192.168.30.13, host: pr-hdds-1569-wvzgm-824869521, networkLocation: /default-rack, certSerialId: null}, Type:RATIS, Factor:ONE, State:OPEN]
2019-09-26 10:07:23,678 [RatisPipelineUtilsThread] INFO  pipeline.PipelinePlacementPolicy (PipelinePlacementPolicy.java:meetCriteria(91)) - Pipeline Placement: can't place more pipeline on heavy datanode： 9cafecc4-59b7-45e3-9675-340d3e2c3fab Heaviness: 6 limit: 5
2019-09-26 10:07:23,678 [RatisPipelineUtilsThread] INFO  pipeline.PipelinePlacementPolicy (PipelinePlacementPolicy.java:meetCriteria(91)) - Pipeline Placement: can't place more pipeline on heavy datanode： d1f6f5bd-a733-436d-b89d-c17e8804c490 Heaviness: 6 limit: 5
2019-09-26 10:07:23,679 [RatisPipelineUtilsThread] INFO  pipeline.PipelinePlacementPolicy (PipelinePlacementPolicy.java:meetCriteria(91)) - Pipeline Placement: can't place more pipeline on heavy datanode： 9c045c9c-ba1f-4aea-ae51-5b8bdd601291 Heaviness: 6 limit: 5
2019-09-26 10:07:23,679 [RatisPipelineUtilsThread] INFO  pipeline.PipelinePlacementPolicy (PipelinePlacementPolicy.java:meetCriteria(91)) - Pipeline Placement: can't place more pipeline on heavy datanode： e3e9c20d-70c3-4d54-9af3-1020e4c50fd3 Heaviness: 6 limit: 5
2019-09-26 10:07:23,679 [RatisPipelineUtilsThread] INFO  pipeline.PipelinePlacementPolicy (PipelinePlacementPolicy.java:meetCriteria(91)) - Pipeline Placement: can't place more pipeline on heavy datanode： bec07a0c-a0ea-4ddf-8714-f8e80b4d678f Heaviness: 6 limit: 5
2019-09-26 10:07:23,679 [RatisPipelineUtilsThread] INFO  pipeline.PipelinePlacementPolicy (PipelinePlacementPolicy.java:meetCriteria(91)) - Pipeline Placement: can't place more pipeline on heavy datanode： 5955fc00-f5b8-4418-b414-62f2e5ec1764 Heaviness: 6 limit: 5
2019-09-26 10:07:23,680 [RatisPipelineUtilsThread] INFO  pipeline.PipelinePlacementPolicy (PipelinePlacementPolicy.java:meetCriteria(91)) - Pipeline Placement: can't place more pipeline on heavy datanode： 5004b7af-11c5-4c34-b2aa-0091a090c65f Heaviness: 6 limit: 5
2019-09-26 10:07:23,680 [RatisPipelineUtilsThread] ERROR pipeline.PipelinePlacementPolicy (PipelinePlacementPolicy.java:filterViableNodes(148)) - Unable to find enough nodes that meet the criteria that cannot engage in more than 5 pipelines. Nodes required: 1 Found: 0, healthy nodes count inNodeManager: 7.
2019-09-26 10:07:23,681 [RatisPipelineUtilsThread] ERROR pipeline.SCMPipelineManager (SCMPipelineManager.java:createPipeline(167)) - Pipeline creation failed.
org.apache.hadoop.hdds.scm.exceptions.SCMException: Unable to find enough nodes that meet the criteria that cannot engage in more than 5 pipelines. Nodes required: 1 Found: 0, healthy nodes count inNodeManager: 7.
	at org.apache.hadoop.hdds.scm.pipeline.PipelinePlacementPolicy.filterViableNodes(PipelinePlacementPolicy.java:149)
	at org.apache.hadoop.hdds.scm.pipeline.PipelinePlacementPolicy.chooseDatanodes(PipelinePlacementPolicy.java:172)
	at org.apache.hadoop.hdds.scm.pipeline.RatisPipelineProvider.create(RatisPipelineProvider.java:93)
	at org.apache.hadoop.hdds.scm.pipeline.PipelineFactory.create(PipelineFactory.java:58)
	at org.apache.hadoop.hdds.scm.pipeline.SCMPipelineManager.createPipeline(SCMPipelineManager.java:155)
	at org.apache.hadoop.hdds.scm.pipeline.BackgroundPipelineCreator.createPipelines(BackgroundPipelineCreator.java:99)
	at java.util.concurrent.Executors$RunnableAdapter.call(Executors.java:511)
	at java.util.concurrent.FutureTask.run(FutureTask.java:266)
	at java.util.concurrent.ScheduledThreadPoolExecutor$ScheduledFutureTask.access$201(ScheduledThreadPoolExecutor.java:180)
	at java.util.concurrent.ScheduledThreadPoolExecutor$ScheduledFutureTask.run(ScheduledThreadPoolExecutor.java:293)
	at java.util.concurrent.ThreadPoolExecutor.runWorker(ThreadPoolExecutor.java:1149)
	at java.util.concurrent.ThreadPoolExecutor$Worker.run(ThreadPoolExecutor.java:624)
	at java.lang.Thread.run(Thread.java:748)
2019-09-26 10:07:23,681 [RatisPipelineUtilsThread] INFO  pipeline.PipelinePlacementPolicy (PipelinePlacementPolicy.java:meetCriteria(91)) - Pipeline Placement: can't place more pipeline on heavy datanode： 9cafecc4-59b7-45e3-9675-340d3e2c3fab Heaviness: 6 limit: 5
2019-09-26 10:07:23,682 [RatisPipelineUtilsThread] INFO  pipeline.PipelinePlacementPolicy (PipelinePlacementPolicy.java:meetCriteria(91)) - Pipeline Placement: can't place more pipeline on heavy datanode： d1f6f5bd-a733-436d-b89d-c17e8804c490 Heaviness: 6 limit: 5
2019-09-26 10:07:23,682 [RatisPipelineUtilsThread] INFO  pipeline.PipelinePlacementPolicy (PipelinePlacementPolicy.java:meetCriteria(91)) - Pipeline Placement: can't place more pipeline on heavy datanode： 9c045c9c-ba1f-4aea-ae51-5b8bdd601291 Heaviness: 6 limit: 5
2019-09-26 10:07:23,682 [RatisPipelineUtilsThread] INFO  pipeline.PipelinePlacementPolicy (PipelinePlacementPolicy.java:meetCriteria(91)) - Pipeline Placement: can't place more pipeline on heavy datanode： e3e9c20d-70c3-4d54-9af3-1020e4c50fd3 Heaviness: 6 limit: 5
2019-09-26 10:07:23,682 [RatisPipelineUtilsThread] INFO  pipeline.PipelinePlacementPolicy (PipelinePlacementPolicy.java:meetCriteria(91)) - Pipeline Placement: can't place more pipeline on heavy datanode： bec07a0c-a0ea-4ddf-8714-f8e80b4d678f Heaviness: 6 limit: 5
2019-09-26 10:07:23,683 [RatisPipelineUtilsThread] INFO  pipeline.PipelinePlacementPolicy (PipelinePlacementPolicy.java:meetCriteria(91)) - Pipeline Placement: can't place more pipeline on heavy datanode： 5955fc00-f5b8-4418-b414-62f2e5ec1764 Heaviness: 6 limit: 5
2019-09-26 10:07:23,683 [RatisPipelineUtilsThread] INFO  pipeline.PipelinePlacementPolicy (PipelinePlacementPolicy.java:meetCriteria(91)) - Pipeline Placement: can't place more pipeline on heavy datanode： 5004b7af-11c5-4c34-b2aa-0091a090c65f Heaviness: 6 limit: 5
2019-09-26 10:07:23,683 [RatisPipelineUtilsThread] ERROR pipeline.PipelinePlacementPolicy (PipelinePlacementPolicy.java:filterViableNodes(148)) - Unable to find enough nodes that meet the criteria that cannot engage in more than 5 pipelines. Nodes required: 3 Found: 0, healthy nodes count inNodeManager: 7.
2019-09-26 10:07:23,684 [RatisPipelineUtilsThread] ERROR pipeline.SCMPipelineManager (SCMPipelineManager.java:createPipeline(167)) - Pipeline creation failed.
org.apache.hadoop.hdds.scm.exceptions.SCMException: Unable to find enough nodes that meet the criteria that cannot engage in more than 5 pipelines. Nodes required: 3 Found: 0, healthy nodes count inNodeManager: 7.
	at org.apache.hadoop.hdds.scm.pipeline.PipelinePlacementPolicy.filterViableNodes(PipelinePlacementPolicy.java:149)
	at org.apache.hadoop.hdds.scm.pipeline.PipelinePlacementPolicy.chooseDatanodes(PipelinePlacementPolicy.java:172)
	at org.apache.hadoop.hdds.scm.pipeline.RatisPipelineProvider.create(RatisPipelineProvider.java:93)
	at org.apache.hadoop.hdds.scm.pipeline.PipelineFactory.create(PipelineFactory.java:58)
	at org.apache.hadoop.hdds.scm.pipeline.SCMPipelineManager.createPipeline(SCMPipelineManager.java:155)
	at org.apache.hadoop.hdds.scm.pipeline.BackgroundPipelineCreator.createPipelines(BackgroundPipelineCreator.java:99)
	at java.util.concurrent.Executors$RunnableAdapter.call(Executors.java:511)
	at java.util.concurrent.FutureTask.run(FutureTask.java:266)
	at java.util.concurrent.ScheduledThreadPoolExecutor$ScheduledFutureTask.access$201(ScheduledThreadPoolExecutor.java:180)
	at java.util.concurrent.ScheduledThreadPoolExecutor$ScheduledFutureTask.run(ScheduledThreadPoolExecutor.java:293)
	at java.util.concurrent.ThreadPoolExecutor.runWorker(ThreadPoolExecutor.java:1149)
	at java.util.concurrent.ThreadPoolExecutor$Worker.run(ThreadPoolExecutor.java:624)
	at java.lang.Thread.run(Thread.java:748)
2019-09-26 10:07:23,684 [RatisPipelineUtilsThread] INFO  pipeline.PipelinePlacementPolicy (PipelinePlacementPolicy.java:meetCriteria(91)) - Pipeline Placement: can't place more pipeline on heavy datanode： 9cafecc4-59b7-45e3-9675-340d3e2c3fab Heaviness: 6 limit: 5
2019-09-26 10:07:23,684 [RatisPipelineUtilsThread] INFO  pipeline.PipelinePlacementPolicy (PipelinePlacementPolicy.java:meetCriteria(91)) - Pipeline Placement: can't place more pipeline on heavy datanode： d1f6f5bd-a733-436d-b89d-c17e8804c490 Heaviness: 6 limit: 5
2019-09-26 10:07:23,684 [RatisPipelineUtilsThread] INFO  pipeline.PipelinePlacementPolicy (PipelinePlacementPolicy.java:meetCriteria(91)) - Pipeline Placement: can't place more pipeline on heavy datanode： 9c045c9c-ba1f-4aea-ae51-5b8bdd601291 Heaviness: 6 limit: 5
2019-09-26 10:07:23,685 [RatisPipelineUtilsThread] INFO  pipeline.PipelinePlacementPolicy (PipelinePlacementPolicy.java:meetCriteria(91)) - Pipeline Placement: can't place more pipeline on heavy datanode： e3e9c20d-70c3-4d54-9af3-1020e4c50fd3 Heaviness: 6 limit: 5
2019-09-26 10:07:23,685 [RatisPipelineUtilsThread] INFO  pipeline.PipelinePlacementPolicy (PipelinePlacementPolicy.java:meetCriteria(91)) - Pipeline Placement: can't place more pipeline on heavy datanode： bec07a0c-a0ea-4ddf-8714-f8e80b4d678f Heaviness: 6 limit: 5
2019-09-26 10:07:23,685 [RatisPipelineUtilsThread] INFO  pipeline.PipelinePlacementPolicy (PipelinePlacementPolicy.java:meetCriteria(91)) - Pipeline Placement: can't place more pipeline on heavy datanode： 5955fc00-f5b8-4418-b414-62f2e5ec1764 Heaviness: 6 limit: 5
2019-09-26 10:07:23,685 [RatisPipelineUtilsThread] INFO  pipeline.PipelinePlacementPolicy (PipelinePlacementPolicy.java:meetCriteria(91)) - Pipeline Placement: can't place more pipeline on heavy datanode： 5004b7af-11c5-4c34-b2aa-0091a090c65f Heaviness: 6 limit: 5
2019-09-26 10:07:23,685 [RatisPipelineUtilsThread] ERROR pipeline.PipelinePlacementPolicy (PipelinePlacementPolicy.java:filterViableNodes(148)) - Unable to find enough nodes that meet the criteria that cannot engage in more than 5 pipelines. Nodes required: 1 Found: 0, healthy nodes count inNodeManager: 7.
2019-09-26 10:07:23,686 [RatisPipelineUtilsThread] ERROR pipeline.SCMPipelineManager (SCMPipelineManager.java:createPipeline(167)) - Pipeline creation failed.
org.apache.hadoop.hdds.scm.exceptions.SCMException: Unable to find enough nodes that meet the criteria that cannot engage in more than 5 pipelines. Nodes required: 1 Found: 0, healthy nodes count inNodeManager: 7.
	at org.apache.hadoop.hdds.scm.pipeline.PipelinePlacementPolicy.filterViableNodes(PipelinePlacementPolicy.java:149)
	at org.apache.hadoop.hdds.scm.pipeline.PipelinePlacementPolicy.chooseDatanodes(PipelinePlacementPolicy.java:172)
	at org.apache.hadoop.hdds.scm.pipeline.RatisPipelineProvider.create(RatisPipelineProvider.java:93)
	at org.apache.hadoop.hdds.scm.pipeline.PipelineFactory.create(PipelineFactory.java:58)
	at org.apache.hadoop.hdds.scm.pipeline.SCMPipelineManager.createPipeline(SCMPipelineManager.java:155)
	at org.apache.hadoop.hdds.scm.pipeline.BackgroundPipelineCreator.createPipelines(BackgroundPipelineCreator.java:99)
	at org.apache.hadoop.hdds.scm.pipeline.BackgroundPipelineCreator.lambda$startFixedIntervalPipelineCreator$0(BackgroundPipelineCreator.java:70)
	at java.util.concurrent.Executors$RunnableAdapter.call(Executors.java:511)
	at java.util.concurrent.FutureTask.runAndReset(FutureTask.java:308)
	at java.util.concurrent.ScheduledThreadPoolExecutor$ScheduledFutureTask.access$301(ScheduledThreadPoolExecutor.java:180)
	at java.util.concurrent.ScheduledThreadPoolExecutor$ScheduledFutureTask.run(ScheduledThreadPoolExecutor.java:294)
	at java.util.concurrent.ThreadPoolExecutor.runWorker(ThreadPoolExecutor.java:1149)
	at java.util.concurrent.ThreadPoolExecutor$Worker.run(ThreadPoolExecutor.java:624)
	at java.lang.Thread.run(Thread.java:748)
2019-09-26 10:07:23,686 [RatisPipelineUtilsThread] INFO  pipeline.PipelinePlacementPolicy (PipelinePlacementPolicy.java:meetCriteria(91)) - Pipeline Placement: can't place more pipeline on heavy datanode： 9cafecc4-59b7-45e3-9675-340d3e2c3fab Heaviness: 6 limit: 5
2019-09-26 10:07:23,686 [RatisPipelineUtilsThread] INFO  pipeline.PipelinePlacementPolicy (PipelinePlacementPolicy.java:meetCriteria(91)) - Pipeline Placement: can't place more pipeline on heavy datanode： d1f6f5bd-a733-436d-b89d-c17e8804c490 Heaviness: 6 limit: 5
2019-09-26 10:07:23,686 [RatisPipelineUtilsThread] INFO  pipeline.PipelinePlacementPolicy (PipelinePlacementPolicy.java:meetCriteria(91)) - Pipeline Placement: can't place more pipeline on heavy datanode： 9c045c9c-ba1f-4aea-ae51-5b8bdd601291 Heaviness: 6 limit: 5
2019-09-26 10:07:23,686 [RatisPipelineUtilsThread] INFO  pipeline.PipelinePlacementPolicy (PipelinePlacementPolicy.java:meetCriteria(91)) - Pipeline Placement: can't place more pipeline on heavy datanode： e3e9c20d-70c3-4d54-9af3-1020e4c50fd3 Heaviness: 6 limit: 5
2019-09-26 10:07:23,687 [RatisPipelineUtilsThread] INFO  pipeline.PipelinePlacementPolicy (PipelinePlacementPolicy.java:meetCriteria(91)) - Pipeline Placement: can't place more pipeline on heavy datanode： bec07a0c-a0ea-4ddf-8714-f8e80b4d678f Heaviness: 6 limit: 5
2019-09-26 10:07:23,687 [RatisPipelineUtilsThread] INFO  pipeline.PipelinePlacementPolicy (PipelinePlacementPolicy.java:meetCriteria(91)) - Pipeline Placement: can't place more pipeline on heavy datanode： 5955fc00-f5b8-4418-b414-62f2e5ec1764 Heaviness: 6 limit: 5
2019-09-26 10:07:23,687 [RatisPipelineUtilsThread] INFO  pipeline.PipelinePlacementPolicy (PipelinePlacementPolicy.java:meetCriteria(91)) - Pipeline Placement: can't place more pipeline on heavy datanode： 5004b7af-11c5-4c34-b2aa-0091a090c65f Heaviness: 6 limit: 5
2019-09-26 10:07:23,687 [RatisPipelineUtilsThread] ERROR pipeline.PipelinePlacementPolicy (PipelinePlacementPolicy.java:filterViableNodes(148)) - Unable to find enough nodes that meet the criteria that cannot engage in more than 5 pipelines. Nodes required: 3 Found: 0, healthy nodes count inNodeManager: 7.
2019-09-26 10:07:23,687 [RatisPipelineUtilsThread] ERROR pipeline.SCMPipelineManager (SCMPipelineManager.java:createPipeline(167)) - Pipeline creation failed.
org.apache.hadoop.hdds.scm.exceptions.SCMException: Unable to find enough nodes that meet the criteria that cannot engage in more than 5 pipelines. Nodes required: 3 Found: 0, healthy nodes count inNodeManager: 7.
	at org.apache.hadoop.hdds.scm.pipeline.PipelinePlacementPolicy.filterViableNodes(PipelinePlacementPolicy.java:149)
	at org.apache.hadoop.hdds.scm.pipeline.PipelinePlacementPolicy.chooseDatanodes(PipelinePlacementPolicy.java:172)
	at org.apache.hadoop.hdds.scm.pipeline.RatisPipelineProvider.create(RatisPipelineProvider.java:93)
	at org.apache.hadoop.hdds.scm.pipeline.PipelineFactory.create(PipelineFactory.java:58)
	at org.apache.hadoop.hdds.scm.pipeline.SCMPipelineManager.createPipeline(SCMPipelineManager.java:155)
	at org.apache.hadoop.hdds.scm.pipeline.BackgroundPipelineCreator.createPipelines(BackgroundPipelineCreator.java:99)
	at org.apache.hadoop.hdds.scm.pipeline.BackgroundPipelineCreator.lambda$startFixedIntervalPipelineCreator$0(BackgroundPipelineCreator.java:70)
	at java.util.concurrent.Executors$RunnableAdapter.call(Executors.java:511)
	at java.util.concurrent.FutureTask.runAndReset(FutureTask.java:308)
	at java.util.concurrent.ScheduledThreadPoolExecutor$ScheduledFutureTask.access$301(ScheduledThreadPoolExecutor.java:180)
	at java.util.concurrent.ScheduledThreadPoolExecutor$ScheduledFutureTask.run(ScheduledThreadPoolExecutor.java:294)
	at java.util.concurrent.ThreadPoolExecutor.runWorker(ThreadPoolExecutor.java:1149)
	at java.util.concurrent.ThreadPoolExecutor$Worker.run(ThreadPoolExecutor.java:624)
	at java.lang.Thread.run(Thread.java:748)
2019-09-26 10:07:23,688 [IPC Server handler 1 on 43040] INFO  pipeline.PipelinePlacementPolicy (PipelinePlacementPolicy.java:meetCriteria(91)) - Pipeline Placement: can't place more pipeline on heavy datanode： 9cafecc4-59b7-45e3-9675-340d3e2c3fab Heaviness: 6 limit: 5
2019-09-26 10:07:23,688 [IPC Server handler 1 on 43040] INFO  pipeline.PipelinePlacementPolicy (PipelinePlacementPolicy.java:meetCriteria(91)) - Pipeline Placement: can't place more pipeline on heavy datanode： d1f6f5bd-a733-436d-b89d-c17e8804c490 Heaviness: 6 limit: 5
2019-09-26 10:07:23,688 [IPC Server handler 1 on 43040] INFO  pipeline.PipelinePlacementPolicy (PipelinePlacementPolicy.java:meetCriteria(91)) - Pipeline Placement: can't place more pipeline on heavy datanode： 9c045c9c-ba1f-4aea-ae51-5b8bdd601291 Heaviness: 6 limit: 5
2019-09-26 10:07:23,688 [IPC Server handler 1 on 43040] INFO  pipeline.PipelinePlacementPolicy (PipelinePlacementPolicy.java:meetCriteria(91)) - Pipeline Placement: can't place more pipeline on heavy datanode： e3e9c20d-70c3-4d54-9af3-1020e4c50fd3 Heaviness: 6 limit: 5
2019-09-26 10:07:23,689 [IPC Server handler 1 on 43040] INFO  pipeline.PipelinePlacementPolicy (PipelinePlacementPolicy.java:meetCriteria(91)) - Pipeline Placement: can't place more pipeline on heavy datanode： bec07a0c-a0ea-4ddf-8714-f8e80b4d678f Heaviness: 6 limit: 5
2019-09-26 10:07:23,689 [IPC Server handler 1 on 43040] INFO  pipeline.PipelinePlacementPolicy (PipelinePlacementPolicy.java:meetCriteria(91)) - Pipeline Placement: can't place more pipeline on heavy datanode： 5955fc00-f5b8-4418-b414-62f2e5ec1764 Heaviness: 6 limit: 5
2019-09-26 10:07:23,689 [IPC Server handler 1 on 43040] INFO  pipeline.PipelinePlacementPolicy (PipelinePlacementPolicy.java:meetCriteria(91)) - Pipeline Placement: can't place more pipeline on heavy datanode： 5004b7af-11c5-4c34-b2aa-0091a090c65f Heaviness: 6 limit: 5
2019-09-26 10:07:23,689 [IPC Server handler 1 on 43040] ERROR pipeline.PipelinePlacementPolicy (PipelinePlacementPolicy.java:filterViableNodes(148)) - Unable to find enough nodes that meet the criteria that cannot engage in more than 5 pipelines. Nodes required: 3 Found: 0, healthy nodes count inNodeManager: 7.
2019-09-26 10:07:23,689 [IPC Server handler 1 on 43040] ERROR pipeline.SCMPipelineManager (SCMPipelineManager.java:createPipeline(167)) - Pipeline creation failed.
org.apache.hadoop.hdds.scm.exceptions.SCMException: Unable to find enough nodes that meet the criteria that cannot engage in more than 5 pipelines. Nodes required: 3 Found: 0, healthy nodes count inNodeManager: 7.
	at org.apache.hadoop.hdds.scm.pipeline.PipelinePlacementPolicy.filterViableNodes(PipelinePlacementPolicy.java:149)
	at org.apache.hadoop.hdds.scm.pipeline.PipelinePlacementPolicy.chooseDatanodes(PipelinePlacementPolicy.java:172)
	at org.apache.hadoop.hdds.scm.pipeline.RatisPipelineProvider.create(RatisPipelineProvider.java:93)
	at org.apache.hadoop.hdds.scm.pipeline.PipelineFactory.create(PipelineFactory.java:58)
	at org.apache.hadoop.hdds.scm.pipeline.SCMPipelineManager.createPipeline(SCMPipelineManager.java:155)
	at org.apache.hadoop.hdds.scm.block.BlockManagerImpl.allocateBlock(BlockManagerImpl.java:190)
	at org.apache.hadoop.hdds.scm.server.SCMBlockProtocolServer.allocateBlock(SCMBlockProtocolServer.java:182)
	at org.apache.hadoop.ozone.protocolPB.ScmBlockLocationProtocolServerSideTranslatorPB.allocateScmBlock(ScmBlockLocationProtocolServerSideTranslatorPB.java:183)
	at org.apache.hadoop.ozone.protocolPB.ScmBlockLocationProtocolServerSideTranslatorPB.processMessage(ScmBlockLocationProtocolServerSideTranslatorPB.java:141)
	at org.apache.hadoop.ozone.protocolPB.ScmBlockLocationProtocolServerSideTranslatorPB.send(ScmBlockLocationProtocolServerSideTranslatorPB.java:116)
	at org.apache.hadoop.hdds.protocol.proto.ScmBlockLocationProtocolProtos$ScmBlockLocationProtocolService$2.callBlockingMethod(ScmBlockLocationProtocolProtos.java:13157)
	at org.apache.hadoop.ipc.ProtobufRpcEngine$Server$ProtoBufRpcInvoker.call(ProtobufRpcEngine.java:524)
	at org.apache.hadoop.ipc.RPC$Server.call(RPC.java:1025)
	at org.apache.hadoop.ipc.Server$RpcCall.run(Server.java:876)
	at org.apache.hadoop.ipc.Server$RpcCall.run(Server.java:822)
	at java.security.AccessController.doPrivileged(Native Method)
	at javax.security.auth.Subject.doAs(Subject.java:422)
	at org.apache.hadoop.security.UserGroupInformation.doAs(UserGroupInformation.java:1730)
	at org.apache.hadoop.ipc.Server$Handler.run(Server.java:2682)
2019-09-26 10:07:23,690 [IPC Server handler 1 on 43040] WARN  block.BlockManagerImpl (BlockManagerImpl.java:allocateBlock(192)) - Pipeline creation failed for type:RATIS factor:THREE. Retrying get pipelines call once.
org.apache.hadoop.hdds.scm.exceptions.SCMException: Unable to find enough nodes that meet the criteria that cannot engage in more than 5 pipelines. Nodes required: 3 Found: 0, healthy nodes count inNodeManager: 7.
	at org.apache.hadoop.hdds.scm.pipeline.PipelinePlacementPolicy.filterViableNodes(PipelinePlacementPolicy.java:149)
	at org.apache.hadoop.hdds.scm.pipeline.PipelinePlacementPolicy.chooseDatanodes(PipelinePlacementPolicy.java:172)
	at org.apache.hadoop.hdds.scm.pipeline.RatisPipelineProvider.create(RatisPipelineProvider.java:93)
	at org.apache.hadoop.hdds.scm.pipeline.PipelineFactory.create(PipelineFactory.java:58)
	at org.apache.hadoop.hdds.scm.pipeline.SCMPipelineManager.createPipeline(SCMPipelineManager.java:155)
	at org.apache.hadoop.hdds.scm.block.BlockManagerImpl.allocateBlock(BlockManagerImpl.java:190)
	at org.apache.hadoop.hdds.scm.server.SCMBlockProtocolServer.allocateBlock(SCMBlockProtocolServer.java:182)
	at org.apache.hadoop.ozone.protocolPB.ScmBlockLocationProtocolServerSideTranslatorPB.allocateScmBlock(ScmBlockLocationProtocolServerSideTranslatorPB.java:183)
	at org.apache.hadoop.ozone.protocolPB.ScmBlockLocationProtocolServerSideTranslatorPB.processMessage(ScmBlockLocationProtocolServerSideTranslatorPB.java:141)
	at org.apache.hadoop.ozone.protocolPB.ScmBlockLocationProtocolServerSideTranslatorPB.send(ScmBlockLocationProtocolServerSideTranslatorPB.java:116)
	at org.apache.hadoop.hdds.protocol.proto.ScmBlockLocationProtocolProtos$ScmBlockLocationProtocolService$2.callBlockingMethod(ScmBlockLocationProtocolProtos.java:13157)
	at org.apache.hadoop.ipc.ProtobufRpcEngine$Server$ProtoBufRpcInvoker.call(ProtobufRpcEngine.java:524)
	at org.apache.hadoop.ipc.RPC$Server.call(RPC.java:1025)
	at org.apache.hadoop.ipc.Server$RpcCall.run(Server.java:876)
	at org.apache.hadoop.ipc.Server$RpcCall.run(Server.java:822)
	at java.security.AccessController.doPrivileged(Native Method)
	at javax.security.auth.Subject.doAs(Subject.java:422)
	at org.apache.hadoop.security.UserGroupInformation.doAs(UserGroupInformation.java:1730)
	at org.apache.hadoop.ipc.Server$Handler.run(Server.java:2682)
2019-09-26 10:07:23,690 [IPC Server handler 1 on 43040] INFO  block.BlockManagerImpl (BlockManagerImpl.java:allocateBlock(198)) - Could not find available pipeline of type:RATIS and factor:THREE even after retrying
2019-09-26 10:07:23,690 [IPC Server handler 1 on 43040] ERROR block.BlockManagerImpl (BlockManagerImpl.java:allocateBlock(222)) - Unable to allocate a block for the size: 800, type: RATIS, factor: THREE
2019-09-26 10:07:23,693 [main] INFO  ozone.MiniOzoneClusterImpl (MiniOzoneClusterImpl.java:shutdown(314)) - Shutting down the Mini Ozone Cluster
2019-09-26 10:07:23,693 [main] INFO  ozone.MiniOzoneClusterImpl (MiniOzoneClusterImpl.java:stop(330)) - Stopping the Mini Ozone Cluster
2019-09-26 10:07:23,693 [main] INFO  ozone.MiniOzoneClusterImpl (MiniOzoneClusterImpl.java:stopOM(400)) - Stopping the OzoneManager
2019-09-26 10:07:23,693 [main] INFO  ipc.Server (Server.java:stop(3082)) - Stopping server on 34952
2019-09-26 10:07:23,719 [main] INFO  ratis.OzoneManagerDoubleBuffer (OzoneManagerDoubleBuffer.java:stop(248)) - Stopping OMDoubleBuffer flush thread
2019-09-26 10:07:23,719 [IPC Server Responder] INFO  ipc.Server (Server.java:run(1319)) - Stopping IPC Server Responder
2019-09-26 10:07:23,724 [IPC Server listener on 34952] INFO  ipc.Server (Server.java:run(1185)) - Stopping IPC Server listener on 34952
2019-09-26 10:07:23,736 [OMDoubleBufferFlushThread] INFO  ratis.OzoneManagerDoubleBuffer (OzoneManagerDoubleBuffer.java:flushTransactions(191)) - OMDoubleBuffer flush thread OMDoubleBufferFlushThread is interrupted and will exit. OMDoubleBufferFlushThread
2019-09-26 10:07:23,751 [main] INFO  utils.BackgroundService (BackgroundService.java:shutdown(148)) - Shutting down service KeyDeletingService
2019-09-26 10:07:23,779 [main] INFO  handler.ContextHandler (ContextHandler.java:doStop(910)) - Stopped o.e.j.w.WebAppContext@296676c4{/,null,UNAVAILABLE}{/ozoneManager}
2019-09-26 10:07:23,784 [main] INFO  server.AbstractConnector (AbstractConnector.java:doStop(318)) - Stopped ServerConnector@df7d1d4{HTTP/1.1,[http/1.1]}{0.0.0.0:0}
2019-09-26 10:07:23,784 [main] INFO  handler.ContextHandler (ContextHandler.java:doStop(910)) - Stopped o.e.j.s.ServletContextHandler@4b5798c2{/static,file:///workdir/hadoop-ozone/integration-test/target/test-classes/webapps/static,UNAVAILABLE}
2019-09-26 10:07:23,785 [main] INFO  handler.ContextHandler (ContextHandler.java:doStop(910)) - Stopped o.e.j.s.ServletContextHandler@5fdb7394{/logs,file:///workdir/hadoop-ozone/integration-test/target/log,UNAVAILABLE}
2019-09-26 10:07:23,787 [main] INFO  ozone.MiniOzoneClusterImpl (MiniOzoneClusterImpl.java:stopDatanodes(377)) - Stopping the HddsDatanodes
2019-09-26 10:07:24,057 [Datanode State Machine Thread - 0] INFO  statemachine.DatanodeStateMachine (DatanodeStateMachine.java:lambda$startDaemon$0(350)) - Ozone container server started.
2019-09-26 10:07:24,585 [Thread-3983] INFO  container.ReplicationManager (ReplicationManager.java:start(163)) - Starting Replication Monitor Thread.
2019-09-26 10:07:24,592 [ReplicationMonitor] INFO  container.ReplicationManager (ReplicationManager.java:run(226)) - Replication Monitor Thread took 0 milliseconds for processing 0 containers.
2019-09-26 10:07:24,690 [Datanode State Machine Thread - 0] INFO  statemachine.DatanodeStateMachine (DatanodeStateMachine.java:lambda$startDaemon$0(350)) - Ozone container server started.
2019-09-26 10:07:26,731 [Thread-3988] INFO  impl.FollowerState (FollowerState.java:run(106)) - 9c045c9c-ba1f-4aea-ae51-5b8bdd601291:group-74306F4C2CC8 changes to CANDIDATE, lastRpcTime:5049, electionTimeout:5049ms
2019-09-26 10:07:26,731 [Thread-3988] INFO  impl.RoleInfo (RoleInfo.java:shutdownFollowerState(121)) - 9c045c9c-ba1f-4aea-ae51-5b8bdd601291: shutdown FollowerState
2019-09-26 10:07:26,731 [Thread-3988] INFO  impl.RaftServerImpl (RaftServerImpl.java:setRole(174)) - 9c045c9c-ba1f-4aea-ae51-5b8bdd601291@group-74306F4C2CC8: changes role from  FOLLOWER to CANDIDATE at term 0 for changeToCandidate
2019-09-26 10:07:26,731 [Thread-3988] INFO  impl.RoleInfo (RoleInfo.java:updateAndGet(143)) - 9c045c9c-ba1f-4aea-ae51-5b8bdd601291: start LeaderElection
2019-09-26 10:07:26,774 [Thread-3991] INFO  impl.FollowerState (FollowerState.java:run(106)) - 9c045c9c-ba1f-4aea-ae51-5b8bdd601291:group-B3B3F4A2B6D5 changes to CANDIDATE, lastRpcTime:5033, electionTimeout:5033ms
2019-09-26 10:07:26,774 [Thread-3991] INFO  impl.RoleInfo (RoleInfo.java:shutdownFollowerState(121)) - 9c045c9c-ba1f-4aea-ae51-5b8bdd601291: shutdown FollowerState
2019-09-26 10:07:26,774 [Thread-3991] INFO  impl.RaftServerImpl (RaftServerImpl.java:setRole(174)) - 9c045c9c-ba1f-4aea-ae51-5b8bdd601291@group-B3B3F4A2B6D5: changes role from  FOLLOWER to CANDIDATE at term 0 for changeToCandidate
2019-09-26 10:07:26,774 [Thread-3991] INFO  impl.RoleInfo (RoleInfo.java:updateAndGet(143)) - 9c045c9c-ba1f-4aea-ae51-5b8bdd601291: start LeaderElection
2019-09-26 10:07:26,787 [9c045c9c-ba1f-4aea-ae51-5b8bdd601291@group-74306F4C2CC8:LeaderElection304] INFO  impl.LeaderElection (LeaderElection.java:askForVotes(182)) - 9c045c9c-ba1f-4aea-ae51-5b8bdd601291@group-74306F4C2CC8:LeaderElection304: begin an election at term 1 for -1: [9c045c9c-ba1f-4aea-ae51-5b8bdd601291:192.168.30.13:39937], old=null
2019-09-26 10:07:26,788 [9c045c9c-ba1f-4aea-ae51-5b8bdd601291@group-74306F4C2CC8:LeaderElection304] INFO  impl.RoleInfo (RoleInfo.java:shutdownLeaderElection(134)) - 9c045c9c-ba1f-4aea-ae51-5b8bdd601291: shutdown LeaderElection
2019-09-26 10:07:26,788 [9c045c9c-ba1f-4aea-ae51-5b8bdd601291@group-74306F4C2CC8:LeaderElection304] INFO  impl.RaftServerImpl (RaftServerImpl.java:setRole(174)) - 9c045c9c-ba1f-4aea-ae51-5b8bdd601291@group-74306F4C2CC8: changes role from CANDIDATE to LEADER at term 1 for changeToLeader
2019-09-26 10:07:26,788 [9c045c9c-ba1f-4aea-ae51-5b8bdd601291@group-74306F4C2CC8:LeaderElection304] INFO  impl.RaftServerImpl (ServerState.java:setLeader(253)) - 9c045c9c-ba1f-4aea-ae51-5b8bdd601291@group-74306F4C2CC8: change Leader from null to 9c045c9c-ba1f-4aea-ae51-5b8bdd601291 at term 1 for becomeLeader, leader elected after 5111ms
2019-09-26 10:07:26,788 [9c045c9c-ba1f-4aea-ae51-5b8bdd601291@group-74306F4C2CC8:LeaderElection304] INFO  server.RaftServerConfigKeys (ConfUtils.java:logGet(43)) - raft.server.staging.catchup.gap = 1000 (default)
2019-09-26 10:07:26,788 [9c045c9c-ba1f-4aea-ae51-5b8bdd601291@group-74306F4C2CC8:LeaderElection304] INFO  server.RaftServerConfigKeys (ConfUtils.java:logGet(43)) - raft.server.rpc.sleep.time = 25ms (default)
2019-09-26 10:07:26,788 [9c045c9c-ba1f-4aea-ae51-5b8bdd601291@group-74306F4C2CC8:LeaderElection304] INFO  server.RaftServerConfigKeys (ConfUtils.java:logGet(43)) - raft.server.write.element-limit = 4096 (default)
2019-09-26 10:07:26,788 [9c045c9c-ba1f-4aea-ae51-5b8bdd601291@group-74306F4C2CC8:LeaderElection304] INFO  server.RaftServerConfigKeys (ConfUtils.java:logGet(43)) - raft.server.watch.timeout = 10s (default)
2019-09-26 10:07:26,789 [9c045c9c-ba1f-4aea-ae51-5b8bdd601291@group-74306F4C2CC8:LeaderElection304] INFO  server.RaftServerConfigKeys (ConfUtils.java:logGet(43)) - raft.server.watch.timeout.denomination = 1s (default)
2019-09-26 10:07:26,789 [9c045c9c-ba1f-4aea-ae51-5b8bdd601291@group-74306F4C2CC8:LeaderElection304] INFO  server.RaftServerConfigKeys (ConfUtils.java:logGet(43)) - raft.server.watch.element-limit = 65536 (default)
2019-09-26 10:07:26,789 [9c045c9c-ba1f-4aea-ae51-5b8bdd601291@group-B3B3F4A2B6D5:LeaderElection305] INFO  impl.LeaderElection (LeaderElection.java:askForVotes(182)) - 9c045c9c-ba1f-4aea-ae51-5b8bdd601291@group-B3B3F4A2B6D5:LeaderElection305: begin an election at term 1 for -1: [9c045c9c-ba1f-4aea-ae51-5b8bdd601291:192.168.30.13:39937], old=null
2019-09-26 10:07:26,789 [9c045c9c-ba1f-4aea-ae51-5b8bdd601291@group-B3B3F4A2B6D5:LeaderElection305] INFO  impl.RoleInfo (RoleInfo.java:shutdownLeaderElection(134)) - 9c045c9c-ba1f-4aea-ae51-5b8bdd601291: shutdown LeaderElection
2019-09-26 10:07:26,790 [9c045c9c-ba1f-4aea-ae51-5b8bdd601291@group-B3B3F4A2B6D5:LeaderElection305] INFO  impl.RaftServerImpl (RaftServerImpl.java:setRole(174)) - 9c045c9c-ba1f-4aea-ae51-5b8bdd601291@group-B3B3F4A2B6D5: changes role from CANDIDATE to LEADER at term 1 for changeToLeader
2019-09-26 10:07:26,790 [9c045c9c-ba1f-4aea-ae51-5b8bdd601291@group-B3B3F4A2B6D5:LeaderElection305] INFO  impl.RaftServerImpl (ServerState.java:setLeader(253)) - 9c045c9c-ba1f-4aea-ae51-5b8bdd601291@group-B3B3F4A2B6D5: change Leader from null to 9c045c9c-ba1f-4aea-ae51-5b8bdd601291 at term 1 for becomeLeader, leader elected after 5056ms
2019-09-26 10:07:26,790 [9c045c9c-ba1f-4aea-ae51-5b8bdd601291@group-B3B3F4A2B6D5:LeaderElection305] INFO  server.RaftServerConfigKeys (ConfUtils.java:logGet(43)) - raft.server.staging.catchup.gap = 1000 (default)
2019-09-26 10:07:26,790 [9c045c9c-ba1f-4aea-ae51-5b8bdd601291@group-B3B3F4A2B6D5:LeaderElection305] INFO  server.RaftServerConfigKeys (ConfUtils.java:logGet(43)) - raft.server.rpc.sleep.time = 25ms (default)
2019-09-26 10:07:26,790 [9c045c9c-ba1f-4aea-ae51-5b8bdd601291@group-B3B3F4A2B6D5:LeaderElection305] INFO  server.RaftServerConfigKeys (ConfUtils.java:logGet(43)) - raft.server.write.element-limit = 4096 (default)
2019-09-26 10:07:26,790 [9c045c9c-ba1f-4aea-ae51-5b8bdd601291@group-B3B3F4A2B6D5:LeaderElection305] INFO  server.RaftServerConfigKeys (ConfUtils.java:logGet(43)) - raft.server.watch.timeout = 10s (default)
2019-09-26 10:07:26,790 [9c045c9c-ba1f-4aea-ae51-5b8bdd601291@group-B3B3F4A2B6D5:LeaderElection305] INFO  server.RaftServerConfigKeys (ConfUtils.java:logGet(43)) - raft.server.watch.timeout.denomination = 1s (default)
2019-09-26 10:07:26,790 [9c045c9c-ba1f-4aea-ae51-5b8bdd601291@group-B3B3F4A2B6D5:LeaderElection305] INFO  server.RaftServerConfigKeys (ConfUtils.java:logGet(43)) - raft.server.watch.element-limit = 65536 (default)
2019-09-26 10:07:26,791 [9c045c9c-ba1f-4aea-ae51-5b8bdd601291@group-74306F4C2CC8:LeaderElection304] INFO  impl.RoleInfo (RoleInfo.java:updateAndGet(143)) - 9c045c9c-ba1f-4aea-ae51-5b8bdd601291: start LeaderState
2019-09-26 10:07:26,791 [9c045c9c-ba1f-4aea-ae51-5b8bdd601291@group-74306F4C2CC8:LeaderElection304] INFO  segmented.SegmentedRaftLogWorker (SegmentedRaftLogWorker.java:startLogSegment(380)) - 9c045c9c-ba1f-4aea-ae51-5b8bdd601291@group-74306F4C2CC8-SegmentedRaftLogWorker: Starting segment from index:0
2019-09-26 10:07:26,792 [9c045c9c-ba1f-4aea-ae51-5b8bdd601291@group-74306F4C2CC8:LeaderElection304] INFO  impl.RaftServerImpl (ServerState.java:setRaftConf(354)) - 9c045c9c-ba1f-4aea-ae51-5b8bdd601291@group-74306F4C2CC8: set configuration 0: [9c045c9c-ba1f-4aea-ae51-5b8bdd601291:192.168.30.13:39937], old=null at 0
2019-09-26 10:07:26,792 [9c045c9c-ba1f-4aea-ae51-5b8bdd601291@group-B3B3F4A2B6D5:LeaderElection305] INFO  impl.RoleInfo (RoleInfo.java:updateAndGet(143)) - 9c045c9c-ba1f-4aea-ae51-5b8bdd601291: start LeaderState
2019-09-26 10:07:26,792 [9c045c9c-ba1f-4aea-ae51-5b8bdd601291@group-B3B3F4A2B6D5:LeaderElection305] INFO  segmented.SegmentedRaftLogWorker (SegmentedRaftLogWorker.java:startLogSegment(380)) - 9c045c9c-ba1f-4aea-ae51-5b8bdd601291@group-B3B3F4A2B6D5-SegmentedRaftLogWorker: Starting segment from index:0
2019-09-26 10:07:26,792 [9c045c9c-ba1f-4aea-ae51-5b8bdd601291@group-B3B3F4A2B6D5:LeaderElection305] INFO  impl.RaftServerImpl (ServerState.java:setRaftConf(354)) - 9c045c9c-ba1f-4aea-ae51-5b8bdd601291@group-B3B3F4A2B6D5: set configuration 0: [9c045c9c-ba1f-4aea-ae51-5b8bdd601291:192.168.30.13:39937], old=null at 0
2019-09-26 10:07:26,827 [Thread-3985] INFO  impl.FollowerState (FollowerState.java:run(106)) - 9c045c9c-ba1f-4aea-ae51-5b8bdd601291:group-8BEB94E48109 changes to CANDIDATE, lastRpcTime:5187, electionTimeout:5187ms
2019-09-26 10:07:26,827 [Thread-3985] INFO  impl.RoleInfo (RoleInfo.java:shutdownFollowerState(121)) - 9c045c9c-ba1f-4aea-ae51-5b8bdd601291: shutdown FollowerState
2019-09-26 10:07:26,827 [Thread-3985] INFO  impl.RaftServerImpl (RaftServerImpl.java:setRole(174)) - 9c045c9c-ba1f-4aea-ae51-5b8bdd601291@group-8BEB94E48109: changes role from  FOLLOWER to CANDIDATE at term 0 for changeToCandidate
2019-09-26 10:07:26,827 [Thread-3985] INFO  impl.RoleInfo (RoleInfo.java:updateAndGet(143)) - 9c045c9c-ba1f-4aea-ae51-5b8bdd601291: start LeaderElection
2019-09-26 10:07:26,834 [Thread-3994] INFO  impl.FollowerState (FollowerState.java:run(106)) - 9c045c9c-ba1f-4aea-ae51-5b8bdd601291:group-C014BC33E0D6 changes to CANDIDATE, lastRpcTime:5039, electionTimeout:5033ms
2019-09-26 10:07:26,834 [Thread-3994] INFO  impl.RoleInfo (RoleInfo.java:shutdownFollowerState(121)) - 9c045c9c-ba1f-4aea-ae51-5b8bdd601291: shutdown FollowerState
2019-09-26 10:07:26,834 [Thread-3994] INFO  impl.RaftServerImpl (RaftServerImpl.java:setRole(174)) - 9c045c9c-ba1f-4aea-ae51-5b8bdd601291@group-C014BC33E0D6: changes role from  FOLLOWER to CANDIDATE at term 0 for changeToCandidate
2019-09-26 10:07:26,834 [Thread-3994] INFO  impl.RoleInfo (RoleInfo.java:updateAndGet(143)) - 9c045c9c-ba1f-4aea-ae51-5b8bdd601291: start LeaderElection
2019-09-26 10:07:26,834 [9c045c9c-ba1f-4aea-ae51-5b8bdd601291@group-74306F4C2CC8-SegmentedRaftLogWorker] INFO  segmented.SegmentedRaftLogWorker (SegmentedRaftLogWorker.java:execute(569)) - 9c045c9c-ba1f-4aea-ae51-5b8bdd601291@group-74306F4C2CC8-SegmentedRaftLogWorker: created new log segment /workdir/hadoop-ozone/integration-test/target/test-dir/MiniOzoneClusterImpl-af826fcf-2e4c-4099-bed4-c1b0f0495924/datanode-0/data/ratis/e940d17b-7f68-4a6d-9315-74306f4c2cc8/current/log_inprogress_0
2019-09-26 10:07:26,834 [9c045c9c-ba1f-4aea-ae51-5b8bdd601291@group-B3B3F4A2B6D5-SegmentedRaftLogWorker] INFO  segmented.SegmentedRaftLogWorker (SegmentedRaftLogWorker.java:execute(569)) - 9c045c9c-ba1f-4aea-ae51-5b8bdd601291@group-B3B3F4A2B6D5-SegmentedRaftLogWorker: created new log segment /workdir/hadoop-ozone/integration-test/target/test-dir/MiniOzoneClusterImpl-af826fcf-2e4c-4099-bed4-c1b0f0495924/datanode-0/data/ratis/236ed6fe-f7a0-403f-9bd7-b3b3f4a2b6d5/current/log_inprogress_0
2019-09-26 10:07:26,838 [9c045c9c-ba1f-4aea-ae51-5b8bdd601291@group-8BEB94E48109:LeaderElection306] INFO  impl.LeaderElection (LeaderElection.java:askForVotes(182)) - 9c045c9c-ba1f-4aea-ae51-5b8bdd601291@group-8BEB94E48109:LeaderElection306: begin an election at term 1 for -1: [9c045c9c-ba1f-4aea-ae51-5b8bdd601291:192.168.30.13:39937], old=null
2019-09-26 10:07:26,839 [9c045c9c-ba1f-4aea-ae51-5b8bdd601291@group-8BEB94E48109:LeaderElection306] INFO  impl.RoleInfo (RoleInfo.java:shutdownLeaderElection(134)) - 9c045c9c-ba1f-4aea-ae51-5b8bdd601291: shutdown LeaderElection
2019-09-26 10:07:26,839 [9c045c9c-ba1f-4aea-ae51-5b8bdd601291@group-8BEB94E48109:LeaderElection306] INFO  impl.RaftServerImpl (RaftServerImpl.java:setRole(174)) - 9c045c9c-ba1f-4aea-ae51-5b8bdd601291@group-8BEB94E48109: changes role from CANDIDATE to LEADER at term 1 for changeToLeader
2019-09-26 10:07:26,839 [9c045c9c-ba1f-4aea-ae51-5b8bdd601291@group-8BEB94E48109:LeaderElection306] INFO  impl.RaftServerImpl (ServerState.java:setLeader(253)) - 9c045c9c-ba1f-4aea-ae51-5b8bdd601291@group-8BEB94E48109: change Leader from null to 9c045c9c-ba1f-4aea-ae51-5b8bdd601291 at term 1 for becomeLeader, leader elected after 5208ms
2019-09-26 10:07:26,839 [9c045c9c-ba1f-4aea-ae51-5b8bdd601291@group-8BEB94E48109:LeaderElection306] INFO  server.RaftServerConfigKeys (ConfUtils.java:logGet(43)) - raft.server.staging.catchup.gap = 1000 (default)
2019-09-26 10:07:26,839 [9c045c9c-ba1f-4aea-ae51-5b8bdd601291@group-8BEB94E48109:LeaderElection306] INFO  server.RaftServerConfigKeys (ConfUtils.java:logGet(43)) - raft.server.rpc.sleep.time = 25ms (default)
2019-09-26 10:07:26,839 [9c045c9c-ba1f-4aea-ae51-5b8bdd601291@group-8BEB94E48109:LeaderElection306] INFO  server.RaftServerConfigKeys (ConfUtils.java:logGet(43)) - raft.server.write.element-limit = 4096 (default)
2019-09-26 10:07:26,839 [9c045c9c-ba1f-4aea-ae51-5b8bdd601291@group-8BEB94E48109:LeaderElection306] INFO  server.RaftServerConfigKeys (ConfUtils.java:logGet(43)) - raft.server.watch.timeout = 10s (default)
2019-09-26 10:07:26,839 [9c045c9c-ba1f-4aea-ae51-5b8bdd601291@group-8BEB94E48109:LeaderElection306] INFO  server.RaftServerConfigKeys (ConfUtils.java:logGet(43)) - raft.server.watch.timeout.denomination = 1s (default)
2019-09-26 10:07:26,839 [9c045c9c-ba1f-4aea-ae51-5b8bdd601291@group-8BEB94E48109:LeaderElection306] INFO  server.RaftServerConfigKeys (ConfUtils.java:logGet(43)) - raft.server.watch.element-limit = 65536 (default)
2019-09-26 10:07:26,841 [9c045c9c-ba1f-4aea-ae51-5b8bdd601291@group-8BEB94E48109:LeaderElection306] INFO  impl.RoleInfo (RoleInfo.java:updateAndGet(143)) - 9c045c9c-ba1f-4aea-ae51-5b8bdd601291: start LeaderState
2019-09-26 10:07:26,841 [9c045c9c-ba1f-4aea-ae51-5b8bdd601291@group-8BEB94E48109:LeaderElection306] INFO  segmented.SegmentedRaftLogWorker (SegmentedRaftLogWorker.java:startLogSegment(380)) - 9c045c9c-ba1f-4aea-ae51-5b8bdd601291@group-8BEB94E48109-SegmentedRaftLogWorker: Starting segment from index:0
2019-09-26 10:07:26,841 [9c045c9c-ba1f-4aea-ae51-5b8bdd601291@group-8BEB94E48109:LeaderElection306] INFO  impl.RaftServerImpl (ServerState.java:setRaftConf(354)) - 9c045c9c-ba1f-4aea-ae51-5b8bdd601291@group-8BEB94E48109: set configuration 0: [9c045c9c-ba1f-4aea-ae51-5b8bdd601291:192.168.30.13:39937], old=null at 0
2019-09-26 10:07:26,852 [9c045c9c-ba1f-4aea-ae51-5b8bdd601291@group-C014BC33E0D6:LeaderElection307] INFO  impl.LeaderElection (LeaderElection.java:askForVotes(182)) - 9c045c9c-ba1f-4aea-ae51-5b8bdd601291@group-C014BC33E0D6:LeaderElection307: begin an election at term 1 for -1: [9c045c9c-ba1f-4aea-ae51-5b8bdd601291:192.168.30.13:39937], old=null
2019-09-26 10:07:26,852 [9c045c9c-ba1f-4aea-ae51-5b8bdd601291@group-C014BC33E0D6:LeaderElection307] INFO  impl.RoleInfo (RoleInfo.java:shutdownLeaderElection(134)) - 9c045c9c-ba1f-4aea-ae51-5b8bdd601291: shutdown LeaderElection
2019-09-26 10:07:26,852 [9c045c9c-ba1f-4aea-ae51-5b8bdd601291@group-C014BC33E0D6:LeaderElection307] INFO  impl.RaftServerImpl (RaftServerImpl.java:setRole(174)) - 9c045c9c-ba1f-4aea-ae51-5b8bdd601291@group-C014BC33E0D6: changes role from CANDIDATE to LEADER at term 1 for changeToLeader
2019-09-26 10:07:26,852 [9c045c9c-ba1f-4aea-ae51-5b8bdd601291@group-C014BC33E0D6:LeaderElection307] INFO  impl.RaftServerImpl (ServerState.java:setLeader(253)) - 9c045c9c-ba1f-4aea-ae51-5b8bdd601291@group-C014BC33E0D6: change Leader from null to 9c045c9c-ba1f-4aea-ae51-5b8bdd601291 at term 1 for becomeLeader, leader elected after 5064ms
2019-09-26 10:07:26,852 [9c045c9c-ba1f-4aea-ae51-5b8bdd601291@group-C014BC33E0D6:LeaderElection307] INFO  server.RaftServerConfigKeys (ConfUtils.java:logGet(43)) - raft.server.staging.catchup.gap = 1000 (default)
2019-09-26 10:07:26,852 [9c045c9c-ba1f-4aea-ae51-5b8bdd601291@group-C014BC33E0D6:LeaderElection307] INFO  server.RaftServerConfigKeys (ConfUtils.java:logGet(43)) - raft.server.rpc.sleep.time = 25ms (default)
2019-09-26 10:07:26,853 [9c045c9c-ba1f-4aea-ae51-5b8bdd601291@group-C014BC33E0D6:LeaderElection307] INFO  server.RaftServerConfigKeys (ConfUtils.java:logGet(43)) - raft.server.write.element-limit = 4096 (default)
2019-09-26 10:07:26,853 [9c045c9c-ba1f-4aea-ae51-5b8bdd601291@group-C014BC33E0D6:LeaderElection307] INFO  server.RaftServerConfigKeys (ConfUtils.java:logGet(43)) - raft.server.watch.timeout = 10s (default)
2019-09-26 10:07:26,853 [9c045c9c-ba1f-4aea-ae51-5b8bdd601291@group-C014BC33E0D6:LeaderElection307] INFO  server.RaftServerConfigKeys (ConfUtils.java:logGet(43)) - raft.server.watch.timeout.denomination = 1s (default)
2019-09-26 10:07:26,853 [9c045c9c-ba1f-4aea-ae51-5b8bdd601291@group-C014BC33E0D6:LeaderElection307] INFO  server.RaftServerConfigKeys (ConfUtils.java:logGet(43)) - raft.server.watch.element-limit = 65536 (default)
2019-09-26 10:07:26,855 [9c045c9c-ba1f-4aea-ae51-5b8bdd601291@group-C014BC33E0D6:LeaderElection307] INFO  impl.RoleInfo (RoleInfo.java:updateAndGet(143)) - 9c045c9c-ba1f-4aea-ae51-5b8bdd601291: start LeaderState
2019-09-26 10:07:26,855 [9c045c9c-ba1f-4aea-ae51-5b8bdd601291@group-C014BC33E0D6:LeaderElection307] INFO  segmented.SegmentedRaftLogWorker (SegmentedRaftLogWorker.java:startLogSegment(380)) - 9c045c9c-ba1f-4aea-ae51-5b8bdd601291@group-C014BC33E0D6-SegmentedRaftLogWorker: Starting segment from index:0
2019-09-26 10:07:26,855 [9c045c9c-ba1f-4aea-ae51-5b8bdd601291@group-C014BC33E0D6:LeaderElection307] INFO  impl.RaftServerImpl (ServerState.java:setRaftConf(354)) - 9c045c9c-ba1f-4aea-ae51-5b8bdd601291@group-C014BC33E0D6: set configuration 0: [9c045c9c-ba1f-4aea-ae51-5b8bdd601291:192.168.30.13:39937], old=null at 0
2019-09-26 10:07:26,884 [9c045c9c-ba1f-4aea-ae51-5b8bdd601291@group-8BEB94E48109-SegmentedRaftLogWorker] INFO  segmented.SegmentedRaftLogWorker (SegmentedRaftLogWorker.java:execute(569)) - 9c045c9c-ba1f-4aea-ae51-5b8bdd601291@group-8BEB94E48109-SegmentedRaftLogWorker: created new log segment /workdir/hadoop-ozone/integration-test/target/test-dir/MiniOzoneClusterImpl-af826fcf-2e4c-4099-bed4-c1b0f0495924/datanode-0/data/ratis/69c50633-affd-4739-8349-8beb94e48109/current/log_inprogress_0
2019-09-26 10:07:26,886 [9c045c9c-ba1f-4aea-ae51-5b8bdd601291@group-C014BC33E0D6-SegmentedRaftLogWorker] INFO  segmented.SegmentedRaftLogWorker (SegmentedRaftLogWorker.java:execute(569)) - 9c045c9c-ba1f-4aea-ae51-5b8bdd601291@group-C014BC33E0D6-SegmentedRaftLogWorker: created new log segment /workdir/hadoop-ozone/integration-test/target/test-dir/MiniOzoneClusterImpl-af826fcf-2e4c-4099-bed4-c1b0f0495924/datanode-0/data/ratis/3e73db50-707d-49af-abb7-c014bc33e0d6/current/log_inprogress_0
2019-09-26 10:07:26,986 [Thread-3997] INFO  impl.FollowerState (FollowerState.java:run(106)) - 9c045c9c-ba1f-4aea-ae51-5b8bdd601291:group-B0C062E0CF84 changes to CANDIDATE, lastRpcTime:5149, electionTimeout:5149ms
2019-09-26 10:07:26,987 [Thread-3997] INFO  impl.RoleInfo (RoleInfo.java:shutdownFollowerState(121)) - 9c045c9c-ba1f-4aea-ae51-5b8bdd601291: shutdown FollowerState
2019-09-26 10:07:26,987 [Thread-3997] INFO  impl.RaftServerImpl (RaftServerImpl.java:setRole(174)) - 9c045c9c-ba1f-4aea-ae51-5b8bdd601291@group-B0C062E0CF84: changes role from  FOLLOWER to CANDIDATE at term 0 for changeToCandidate
2019-09-26 10:07:26,987 [Thread-3997] INFO  impl.RoleInfo (RoleInfo.java:updateAndGet(143)) - 9c045c9c-ba1f-4aea-ae51-5b8bdd601291: start LeaderElection
2019-09-26 10:07:27,006 [9c045c9c-ba1f-4aea-ae51-5b8bdd601291@group-B0C062E0CF84:LeaderElection308] INFO  impl.LeaderElection (LeaderElection.java:askForVotes(182)) - 9c045c9c-ba1f-4aea-ae51-5b8bdd601291@group-B0C062E0CF84:LeaderElection308: begin an election at term 1 for -1: [9c045c9c-ba1f-4aea-ae51-5b8bdd601291:192.168.30.13:39937], old=null
2019-09-26 10:07:27,006 [9c045c9c-ba1f-4aea-ae51-5b8bdd601291@group-B0C062E0CF84:LeaderElection308] INFO  impl.RoleInfo (RoleInfo.java:shutdownLeaderElection(134)) - 9c045c9c-ba1f-4aea-ae51-5b8bdd601291: shutdown LeaderElection
2019-09-26 10:07:27,006 [9c045c9c-ba1f-4aea-ae51-5b8bdd601291@group-B0C062E0CF84:LeaderElection308] INFO  impl.RaftServerImpl (RaftServerImpl.java:setRole(174)) - 9c045c9c-ba1f-4aea-ae51-5b8bdd601291@group-B0C062E0CF84: changes role from CANDIDATE to LEADER at term 1 for changeToLeader
2019-09-26 10:07:27,006 [9c045c9c-ba1f-4aea-ae51-5b8bdd601291@group-B0C062E0CF84:LeaderElection308] INFO  impl.RaftServerImpl (ServerState.java:setLeader(253)) - 9c045c9c-ba1f-4aea-ae51-5b8bdd601291@group-B0C062E0CF84: change Leader from null to 9c045c9c-ba1f-4aea-ae51-5b8bdd601291 at term 1 for becomeLeader, leader elected after 5175ms
2019-09-26 10:07:27,007 [9c045c9c-ba1f-4aea-ae51-5b8bdd601291@group-B0C062E0CF84:LeaderElection308] INFO  server.RaftServerConfigKeys (ConfUtils.java:logGet(43)) - raft.server.staging.catchup.gap = 1000 (default)
2019-09-26 10:07:27,007 [9c045c9c-ba1f-4aea-ae51-5b8bdd601291@group-B0C062E0CF84:LeaderElection308] INFO  server.RaftServerConfigKeys (ConfUtils.java:logGet(43)) - raft.server.rpc.sleep.time = 25ms (default)
2019-09-26 10:07:27,007 [9c045c9c-ba1f-4aea-ae51-5b8bdd601291@group-B0C062E0CF84:LeaderElection308] INFO  server.RaftServerConfigKeys (ConfUtils.java:logGet(43)) - raft.server.write.element-limit = 4096 (default)
2019-09-26 10:07:27,007 [9c045c9c-ba1f-4aea-ae51-5b8bdd601291@group-B0C062E0CF84:LeaderElection308] INFO  server.RaftServerConfigKeys (ConfUtils.java:logGet(43)) - raft.server.watch.timeout = 10s (default)
2019-09-26 10:07:27,007 [9c045c9c-ba1f-4aea-ae51-5b8bdd601291@group-B0C062E0CF84:LeaderElection308] INFO  server.RaftServerConfigKeys (ConfUtils.java:logGet(43)) - raft.server.watch.timeout.denomination = 1s (default)
2019-09-26 10:07:27,007 [9c045c9c-ba1f-4aea-ae51-5b8bdd601291@group-B0C062E0CF84:LeaderElection308] INFO  server.RaftServerConfigKeys (ConfUtils.java:logGet(43)) - raft.server.watch.element-limit = 65536 (default)
2019-09-26 10:07:27,008 [9c045c9c-ba1f-4aea-ae51-5b8bdd601291@group-B0C062E0CF84:LeaderElection308] INFO  impl.RoleInfo (RoleInfo.java:updateAndGet(143)) - 9c045c9c-ba1f-4aea-ae51-5b8bdd601291: start LeaderState
2019-09-26 10:07:27,009 [9c045c9c-ba1f-4aea-ae51-5b8bdd601291@group-B0C062E0CF84:LeaderElection308] INFO  segmented.SegmentedRaftLogWorker (SegmentedRaftLogWorker.java:startLogSegment(380)) - 9c045c9c-ba1f-4aea-ae51-5b8bdd601291@group-B0C062E0CF84-SegmentedRaftLogWorker: Starting segment from index:0
2019-09-26 10:07:27,009 [9c045c9c-ba1f-4aea-ae51-5b8bdd601291@group-B0C062E0CF84:LeaderElection308] INFO  impl.RaftServerImpl (ServerState.java:setRaftConf(354)) - 9c045c9c-ba1f-4aea-ae51-5b8bdd601291@group-B0C062E0CF84: set configuration 0: [9c045c9c-ba1f-4aea-ae51-5b8bdd601291:192.168.30.13:39937], old=null at 0
2019-09-26 10:07:27,041 [Thread-4006] INFO  impl.FollowerState (FollowerState.java:run(106)) - 5955fc00-f5b8-4418-b414-62f2e5ec1764:group-A21947F6FF73 changes to CANDIDATE, lastRpcTime:5071, electionTimeout:5071ms
2019-09-26 10:07:27,041 [Thread-4006] INFO  impl.RoleInfo (RoleInfo.java:shutdownFollowerState(121)) - 5955fc00-f5b8-4418-b414-62f2e5ec1764: shutdown FollowerState
2019-09-26 10:07:27,041 [Thread-4006] INFO  impl.RaftServerImpl (RaftServerImpl.java:setRole(174)) - 5955fc00-f5b8-4418-b414-62f2e5ec1764@group-A21947F6FF73: changes role from  FOLLOWER to CANDIDATE at term 0 for changeToCandidate
2019-09-26 10:07:27,042 [Thread-4006] INFO  impl.RoleInfo (RoleInfo.java:updateAndGet(143)) - 5955fc00-f5b8-4418-b414-62f2e5ec1764: start LeaderElection
2019-09-26 10:07:27,064 [9c045c9c-ba1f-4aea-ae51-5b8bdd601291@group-B0C062E0CF84-SegmentedRaftLogWorker] INFO  segmented.SegmentedRaftLogWorker (SegmentedRaftLogWorker.java:execute(569)) - 9c045c9c-ba1f-4aea-ae51-5b8bdd601291@group-B0C062E0CF84-SegmentedRaftLogWorker: created new log segment /workdir/hadoop-ozone/integration-test/target/test-dir/MiniOzoneClusterImpl-af826fcf-2e4c-4099-bed4-c1b0f0495924/datanode-0/data/ratis/3e792d02-b608-44d0-8adb-b0c062e0cf84/current/log_inprogress_0
2019-09-26 10:07:27,064 [5955fc00-f5b8-4418-b414-62f2e5ec1764@group-A21947F6FF73:LeaderElection309] INFO  impl.LeaderElection (LeaderElection.java:askForVotes(182)) - 5955fc00-f5b8-4418-b414-62f2e5ec1764@group-A21947F6FF73:LeaderElection309: begin an election at term 1 for -1: [5955fc00-f5b8-4418-b414-62f2e5ec1764:192.168.30.13:35778], old=null
2019-09-26 10:07:27,064 [5955fc00-f5b8-4418-b414-62f2e5ec1764@group-A21947F6FF73:LeaderElection309] INFO  impl.RoleInfo (RoleInfo.java:shutdownLeaderElection(134)) - 5955fc00-f5b8-4418-b414-62f2e5ec1764: shutdown LeaderElection
2019-09-26 10:07:27,065 [5955fc00-f5b8-4418-b414-62f2e5ec1764@group-A21947F6FF73:LeaderElection309] INFO  impl.RaftServerImpl (RaftServerImpl.java:setRole(174)) - 5955fc00-f5b8-4418-b414-62f2e5ec1764@group-A21947F6FF73: changes role from CANDIDATE to LEADER at term 1 for changeToLeader
2019-09-26 10:07:27,065 [5955fc00-f5b8-4418-b414-62f2e5ec1764@group-A21947F6FF73:LeaderElection309] INFO  impl.RaftServerImpl (ServerState.java:setLeader(253)) - 5955fc00-f5b8-4418-b414-62f2e5ec1764@group-A21947F6FF73: change Leader from null to 5955fc00-f5b8-4418-b414-62f2e5ec1764 at term 1 for becomeLeader, leader elected after 5100ms
2019-09-26 10:07:27,065 [5955fc00-f5b8-4418-b414-62f2e5ec1764@group-A21947F6FF73:LeaderElection309] INFO  server.RaftServerConfigKeys (ConfUtils.java:logGet(43)) - raft.server.staging.catchup.gap = 1000 (default)
2019-09-26 10:07:27,065 [5955fc00-f5b8-4418-b414-62f2e5ec1764@group-A21947F6FF73:LeaderElection309] INFO  server.RaftServerConfigKeys (ConfUtils.java:logGet(43)) - raft.server.rpc.sleep.time = 25ms (default)
2019-09-26 10:07:27,065 [5955fc00-f5b8-4418-b414-62f2e5ec1764@group-A21947F6FF73:LeaderElection309] INFO  server.RaftServerConfigKeys (ConfUtils.java:logGet(43)) - raft.server.write.element-limit = 4096 (default)
2019-09-26 10:07:27,065 [5955fc00-f5b8-4418-b414-62f2e5ec1764@group-A21947F6FF73:LeaderElection309] INFO  server.RaftServerConfigKeys (ConfUtils.java:logGet(43)) - raft.server.watch.timeout = 10s (default)
2019-09-26 10:07:27,065 [5955fc00-f5b8-4418-b414-62f2e5ec1764@group-A21947F6FF73:LeaderElection309] INFO  server.RaftServerConfigKeys (ConfUtils.java:logGet(43)) - raft.server.watch.timeout.denomination = 1s (default)
2019-09-26 10:07:27,065 [5955fc00-f5b8-4418-b414-62f2e5ec1764@group-A21947F6FF73:LeaderElection309] INFO  server.RaftServerConfigKeys (ConfUtils.java:logGet(43)) - raft.server.watch.element-limit = 65536 (default)
2019-09-26 10:07:27,067 [5955fc00-f5b8-4418-b414-62f2e5ec1764@group-A21947F6FF73:LeaderElection309] INFO  impl.RoleInfo (RoleInfo.java:updateAndGet(143)) - 5955fc00-f5b8-4418-b414-62f2e5ec1764: start LeaderState
2019-09-26 10:07:27,067 [5955fc00-f5b8-4418-b414-62f2e5ec1764@group-A21947F6FF73:LeaderElection309] INFO  segmented.SegmentedRaftLogWorker (SegmentedRaftLogWorker.java:startLogSegment(380)) - 5955fc00-f5b8-4418-b414-62f2e5ec1764@group-A21947F6FF73-SegmentedRaftLogWorker: Starting segment from index:0
2019-09-26 10:07:27,067 [5955fc00-f5b8-4418-b414-62f2e5ec1764@group-A21947F6FF73:LeaderElection309] INFO  impl.RaftServerImpl (ServerState.java:setRaftConf(354)) - 5955fc00-f5b8-4418-b414-62f2e5ec1764@group-A21947F6FF73: set configuration 0: [5955fc00-f5b8-4418-b414-62f2e5ec1764:192.168.30.13:35778], old=null at 0
2019-09-26 10:07:27,071 [Thread-4000] INFO  impl.FollowerState (FollowerState.java:run(106)) - 9c045c9c-ba1f-4aea-ae51-5b8bdd601291:group-CBF18FF8C54D changes to CANDIDATE, lastRpcTime:5194, electionTimeout:5194ms
2019-09-26 10:07:27,071 [Thread-4000] INFO  impl.RoleInfo (RoleInfo.java:shutdownFollowerState(121)) - 9c045c9c-ba1f-4aea-ae51-5b8bdd601291: shutdown FollowerState
2019-09-26 10:07:27,071 [Thread-4000] INFO  impl.RaftServerImpl (RaftServerImpl.java:setRole(174)) - 9c045c9c-ba1f-4aea-ae51-5b8bdd601291@group-CBF18FF8C54D: changes role from  FOLLOWER to CANDIDATE at term 0 for changeToCandidate
2019-09-26 10:07:27,071 [Thread-4000] INFO  impl.RoleInfo (RoleInfo.java:updateAndGet(143)) - 9c045c9c-ba1f-4aea-ae51-5b8bdd601291: start LeaderElection
2019-09-26 10:07:27,106 [Thread-4003] INFO  impl.FollowerState (FollowerState.java:run(106)) - 5955fc00-f5b8-4418-b414-62f2e5ec1764:group-99A8441B1093 changes to CANDIDATE, lastRpcTime:5179, electionTimeout:5175ms
2019-09-26 10:07:27,106 [Thread-4012] INFO  impl.FollowerState (FollowerState.java:run(106)) - 5955fc00-f5b8-4418-b414-62f2e5ec1764:group-8EEB6675C2A7 changes to CANDIDATE, lastRpcTime:5021, electionTimeout:5004ms
2019-09-26 10:07:27,106 [Thread-4012] INFO  impl.RoleInfo (RoleInfo.java:shutdownFollowerState(121)) - 5955fc00-f5b8-4418-b414-62f2e5ec1764: shutdown FollowerState
2019-09-26 10:07:27,106 [Thread-4012] INFO  impl.RaftServerImpl (RaftServerImpl.java:setRole(174)) - 5955fc00-f5b8-4418-b414-62f2e5ec1764@group-8EEB6675C2A7: changes role from  FOLLOWER to CANDIDATE at term 0 for changeToCandidate
2019-09-26 10:07:27,107 [Thread-4012] INFO  impl.RoleInfo (RoleInfo.java:updateAndGet(143)) - 5955fc00-f5b8-4418-b414-62f2e5ec1764: start LeaderElection
2019-09-26 10:07:27,112 [Thread-4003] INFO  impl.RoleInfo (RoleInfo.java:shutdownFollowerState(121)) - 5955fc00-f5b8-4418-b414-62f2e5ec1764: shutdown FollowerState
2019-09-26 10:07:27,112 [Thread-4003] INFO  impl.RaftServerImpl (RaftServerImpl.java:setRole(174)) - 5955fc00-f5b8-4418-b414-62f2e5ec1764@group-99A8441B1093: changes role from  FOLLOWER to CANDIDATE at term 0 for changeToCandidate
2019-09-26 10:07:27,113 [Thread-4003] INFO  impl.RoleInfo (RoleInfo.java:updateAndGet(143)) - 5955fc00-f5b8-4418-b414-62f2e5ec1764: start LeaderElection
2019-09-26 10:07:27,119 [5955fc00-f5b8-4418-b414-62f2e5ec1764@group-A21947F6FF73-SegmentedRaftLogWorker] INFO  segmented.SegmentedRaftLogWorker (SegmentedRaftLogWorker.java:execute(569)) - 5955fc00-f5b8-4418-b414-62f2e5ec1764@group-A21947F6FF73-SegmentedRaftLogWorker: created new log segment /workdir/hadoop-ozone/integration-test/target/test-dir/MiniOzoneClusterImpl-af826fcf-2e4c-4099-bed4-c1b0f0495924/datanode-1/data/ratis/a608a748-90f5-4654-bfec-a21947f6ff73/current/log_inprogress_0
2019-09-26 10:07:27,119 [9c045c9c-ba1f-4aea-ae51-5b8bdd601291@group-CBF18FF8C54D:LeaderElection310] INFO  impl.LeaderElection (LeaderElection.java:askForVotes(182)) - 9c045c9c-ba1f-4aea-ae51-5b8bdd601291@group-CBF18FF8C54D:LeaderElection310: begin an election at term 1 for -1: [9c045c9c-ba1f-4aea-ae51-5b8bdd601291:192.168.30.13:39937], old=null
2019-09-26 10:07:27,119 [9c045c9c-ba1f-4aea-ae51-5b8bdd601291@group-CBF18FF8C54D:LeaderElection310] INFO  impl.RoleInfo (RoleInfo.java:shutdownLeaderElection(134)) - 9c045c9c-ba1f-4aea-ae51-5b8bdd601291: shutdown LeaderElection
2019-09-26 10:07:27,119 [9c045c9c-ba1f-4aea-ae51-5b8bdd601291@group-CBF18FF8C54D:LeaderElection310] INFO  impl.RaftServerImpl (RaftServerImpl.java:setRole(174)) - 9c045c9c-ba1f-4aea-ae51-5b8bdd601291@group-CBF18FF8C54D: changes role from CANDIDATE to LEADER at term 1 for changeToLeader
2019-09-26 10:07:27,119 [9c045c9c-ba1f-4aea-ae51-5b8bdd601291@group-CBF18FF8C54D:LeaderElection310] INFO  impl.RaftServerImpl (ServerState.java:setLeader(253)) - 9c045c9c-ba1f-4aea-ae51-5b8bdd601291@group-CBF18FF8C54D: change Leader from null to 9c045c9c-ba1f-4aea-ae51-5b8bdd601291 at term 1 for becomeLeader, leader elected after 5248ms
2019-09-26 10:07:27,119 [9c045c9c-ba1f-4aea-ae51-5b8bdd601291@group-CBF18FF8C54D:LeaderElection310] INFO  server.RaftServerConfigKeys (ConfUtils.java:logGet(43)) - raft.server.staging.catchup.gap = 1000 (default)
2019-09-26 10:07:27,119 [9c045c9c-ba1f-4aea-ae51-5b8bdd601291@group-CBF18FF8C54D:LeaderElection310] INFO  server.RaftServerConfigKeys (ConfUtils.java:logGet(43)) - raft.server.rpc.sleep.time = 25ms (default)
2019-09-26 10:07:27,120 [9c045c9c-ba1f-4aea-ae51-5b8bdd601291@group-CBF18FF8C54D:LeaderElection310] INFO  server.RaftServerConfigKeys (ConfUtils.java:logGet(43)) - raft.server.write.element-limit = 4096 (default)
2019-09-26 10:07:27,120 [9c045c9c-ba1f-4aea-ae51-5b8bdd601291@group-CBF18FF8C54D:LeaderElection310] INFO  server.RaftServerConfigKeys (ConfUtils.java:logGet(43)) - raft.server.watch.timeout = 10s (default)
2019-09-26 10:07:27,120 [9c045c9c-ba1f-4aea-ae51-5b8bdd601291@group-CBF18FF8C54D:LeaderElection310] INFO  server.RaftServerConfigKeys (ConfUtils.java:logGet(43)) - raft.server.watch.timeout.denomination = 1s (default)
2019-09-26 10:07:27,120 [9c045c9c-ba1f-4aea-ae51-5b8bdd601291@group-CBF18FF8C54D:LeaderElection310] INFO  server.RaftServerConfigKeys (ConfUtils.java:logGet(43)) - raft.server.watch.element-limit = 65536 (default)
2019-09-26 10:07:27,121 [9c045c9c-ba1f-4aea-ae51-5b8bdd601291@group-CBF18FF8C54D:LeaderElection310] INFO  impl.RoleInfo (RoleInfo.java:updateAndGet(143)) - 9c045c9c-ba1f-4aea-ae51-5b8bdd601291: start LeaderState
2019-09-26 10:07:27,121 [9c045c9c-ba1f-4aea-ae51-5b8bdd601291@group-CBF18FF8C54D:LeaderElection310] INFO  segmented.SegmentedRaftLogWorker (SegmentedRaftLogWorker.java:startLogSegment(380)) - 9c045c9c-ba1f-4aea-ae51-5b8bdd601291@group-CBF18FF8C54D-SegmentedRaftLogWorker: Starting segment from index:0
2019-09-26 10:07:27,122 [5955fc00-f5b8-4418-b414-62f2e5ec1764@group-8EEB6675C2A7:LeaderElection311] INFO  impl.LeaderElection (LeaderElection.java:askForVotes(182)) - 5955fc00-f5b8-4418-b414-62f2e5ec1764@group-8EEB6675C2A7:LeaderElection311: begin an election at term 1 for -1: [5955fc00-f5b8-4418-b414-62f2e5ec1764:192.168.30.13:35778], old=null
2019-09-26 10:07:27,122 [5955fc00-f5b8-4418-b414-62f2e5ec1764@group-99A8441B1093:LeaderElection312] INFO  impl.LeaderElection (LeaderElection.java:askForVotes(182)) - 5955fc00-f5b8-4418-b414-62f2e5ec1764@group-99A8441B1093:LeaderElection312: begin an election at term 1 for -1: [5955fc00-f5b8-4418-b414-62f2e5ec1764:192.168.30.13:35778], old=null
2019-09-26 10:07:27,122 [5955fc00-f5b8-4418-b414-62f2e5ec1764@group-8EEB6675C2A7:LeaderElection311] INFO  impl.RoleInfo (RoleInfo.java:shutdownLeaderElection(134)) - 5955fc00-f5b8-4418-b414-62f2e5ec1764: shutdown LeaderElection
2019-09-26 10:07:27,122 [5955fc00-f5b8-4418-b414-62f2e5ec1764@group-99A8441B1093:LeaderElection312] INFO  impl.RoleInfo (RoleInfo.java:shutdownLeaderElection(134)) - 5955fc00-f5b8-4418-b414-62f2e5ec1764: shutdown LeaderElection
2019-09-26 10:07:27,122 [5955fc00-f5b8-4418-b414-62f2e5ec1764@group-8EEB6675C2A7:LeaderElection311] INFO  impl.RaftServerImpl (RaftServerImpl.java:setRole(174)) - 5955fc00-f5b8-4418-b414-62f2e5ec1764@group-8EEB6675C2A7: changes role from CANDIDATE to LEADER at term 1 for changeToLeader
2019-09-26 10:07:27,122 [5955fc00-f5b8-4418-b414-62f2e5ec1764@group-99A8441B1093:LeaderElection312] INFO  impl.RaftServerImpl (RaftServerImpl.java:setRole(174)) - 5955fc00-f5b8-4418-b414-62f2e5ec1764@group-99A8441B1093: changes role from CANDIDATE to LEADER at term 1 for changeToLeader
2019-09-26 10:07:27,122 [9c045c9c-ba1f-4aea-ae51-5b8bdd601291@group-CBF18FF8C54D:LeaderElection310] INFO  impl.RaftServerImpl (ServerState.java:setRaftConf(354)) - 9c045c9c-ba1f-4aea-ae51-5b8bdd601291@group-CBF18FF8C54D: set configuration 0: [9c045c9c-ba1f-4aea-ae51-5b8bdd601291:192.168.30.13:39937], old=null at 0
2019-09-26 10:07:27,122 [5955fc00-f5b8-4418-b414-62f2e5ec1764@group-8EEB6675C2A7:LeaderElection311] INFO  impl.RaftServerImpl (ServerState.java:setLeader(253)) - 5955fc00-f5b8-4418-b414-62f2e5ec1764@group-8EEB6675C2A7: change Leader from null to 5955fc00-f5b8-4418-b414-62f2e5ec1764 at term 1 for becomeLeader, leader elected after 5043ms
2019-09-26 10:07:27,122 [5955fc00-f5b8-4418-b414-62f2e5ec1764@group-99A8441B1093:LeaderElection312] INFO  impl.RaftServerImpl (ServerState.java:setLeader(253)) - 5955fc00-f5b8-4418-b414-62f2e5ec1764@group-99A8441B1093: change Leader from null to 5955fc00-f5b8-4418-b414-62f2e5ec1764 at term 1 for becomeLeader, leader elected after 5202ms
2019-09-26 10:07:27,123 [5955fc00-f5b8-4418-b414-62f2e5ec1764@group-8EEB6675C2A7:LeaderElection311] INFO  server.RaftServerConfigKeys (ConfUtils.java:logGet(43)) - raft.server.staging.catchup.gap = 1000 (default)
2019-09-26 10:07:27,123 [5955fc00-f5b8-4418-b414-62f2e5ec1764@group-99A8441B1093:LeaderElection312] INFO  server.RaftServerConfigKeys (ConfUtils.java:logGet(43)) - raft.server.staging.catchup.gap = 1000 (default)
2019-09-26 10:07:27,123 [5955fc00-f5b8-4418-b414-62f2e5ec1764@group-8EEB6675C2A7:LeaderElection311] INFO  server.RaftServerConfigKeys (ConfUtils.java:logGet(43)) - raft.server.rpc.sleep.time = 25ms (default)
2019-09-26 10:07:27,123 [5955fc00-f5b8-4418-b414-62f2e5ec1764@group-99A8441B1093:LeaderElection312] INFO  server.RaftServerConfigKeys (ConfUtils.java:logGet(43)) - raft.server.rpc.sleep.time = 25ms (default)
2019-09-26 10:07:27,123 [5955fc00-f5b8-4418-b414-62f2e5ec1764@group-8EEB6675C2A7:LeaderElection311] INFO  server.RaftServerConfigKeys (ConfUtils.java:logGet(43)) - raft.server.write.element-limit = 4096 (default)
2019-09-26 10:07:27,123 [5955fc00-f5b8-4418-b414-62f2e5ec1764@group-99A8441B1093:LeaderElection312] INFO  server.RaftServerConfigKeys (ConfUtils.java:logGet(43)) - raft.server.write.element-limit = 4096 (default)
2019-09-26 10:07:27,123 [5955fc00-f5b8-4418-b414-62f2e5ec1764@group-8EEB6675C2A7:LeaderElection311] INFO  server.RaftServerConfigKeys (ConfUtils.java:logGet(43)) - raft.server.watch.timeout = 10s (default)
2019-09-26 10:07:27,123 [5955fc00-f5b8-4418-b414-62f2e5ec1764@group-99A8441B1093:LeaderElection312] INFO  server.RaftServerConfigKeys (ConfUtils.java:logGet(43)) - raft.server.watch.timeout = 10s (default)
2019-09-26 10:07:27,123 [5955fc00-f5b8-4418-b414-62f2e5ec1764@group-8EEB6675C2A7:LeaderElection311] INFO  server.RaftServerConfigKeys (ConfUtils.java:logGet(43)) - raft.server.watch.timeout.denomination = 1s (default)
2019-09-26 10:07:27,124 [5955fc00-f5b8-4418-b414-62f2e5ec1764@group-99A8441B1093:LeaderElection312] INFO  server.RaftServerConfigKeys (ConfUtils.java:logGet(43)) - raft.server.watch.timeout.denomination = 1s (default)
2019-09-26 10:07:27,124 [5955fc00-f5b8-4418-b414-62f2e5ec1764@group-8EEB6675C2A7:LeaderElection311] INFO  server.RaftServerConfigKeys (ConfUtils.java:logGet(43)) - raft.server.watch.element-limit = 65536 (default)
2019-09-26 10:07:27,124 [5955fc00-f5b8-4418-b414-62f2e5ec1764@group-99A8441B1093:LeaderElection312] INFO  server.RaftServerConfigKeys (ConfUtils.java:logGet(43)) - raft.server.watch.element-limit = 65536 (default)
2019-09-26 10:07:27,126 [5955fc00-f5b8-4418-b414-62f2e5ec1764@group-8EEB6675C2A7:LeaderElection311] INFO  impl.RoleInfo (RoleInfo.java:updateAndGet(143)) - 5955fc00-f5b8-4418-b414-62f2e5ec1764: start LeaderState
2019-09-26 10:07:27,126 [5955fc00-f5b8-4418-b414-62f2e5ec1764@group-99A8441B1093:LeaderElection312] INFO  impl.RoleInfo (RoleInfo.java:updateAndGet(143)) - 5955fc00-f5b8-4418-b414-62f2e5ec1764: start LeaderState
2019-09-26 10:07:27,126 [5955fc00-f5b8-4418-b414-62f2e5ec1764@group-8EEB6675C2A7:LeaderElection311] INFO  segmented.SegmentedRaftLogWorker (SegmentedRaftLogWorker.java:startLogSegment(380)) - 5955fc00-f5b8-4418-b414-62f2e5ec1764@group-8EEB6675C2A7-SegmentedRaftLogWorker: Starting segment from index:0
2019-09-26 10:07:27,127 [5955fc00-f5b8-4418-b414-62f2e5ec1764@group-99A8441B1093:LeaderElection312] INFO  segmented.SegmentedRaftLogWorker (SegmentedRaftLogWorker.java:startLogSegment(380)) - 5955fc00-f5b8-4418-b414-62f2e5ec1764@group-99A8441B1093-SegmentedRaftLogWorker: Starting segment from index:0
2019-09-26 10:07:27,127 [5955fc00-f5b8-4418-b414-62f2e5ec1764@group-8EEB6675C2A7:LeaderElection311] INFO  impl.RaftServerImpl (ServerState.java:setRaftConf(354)) - 5955fc00-f5b8-4418-b414-62f2e5ec1764@group-8EEB6675C2A7: set configuration 0: [5955fc00-f5b8-4418-b414-62f2e5ec1764:192.168.30.13:35778], old=null at 0
2019-09-26 10:07:27,127 [5955fc00-f5b8-4418-b414-62f2e5ec1764@group-99A8441B1093:LeaderElection312] INFO  impl.RaftServerImpl (ServerState.java:setRaftConf(354)) - 5955fc00-f5b8-4418-b414-62f2e5ec1764@group-99A8441B1093: set configuration 0: [5955fc00-f5b8-4418-b414-62f2e5ec1764:192.168.30.13:35778], old=null at 0
2019-09-26 10:07:27,141 [EventQueue-StaleNodeForStaleNodeHandler] INFO  node.StaleNodeHandler (StaleNodeHandler.java:onMessage(58)) - Datanode d1f6f5bd-a733-436d-b89d-c17e8804c490{ip: 192.168.30.13, host: pr-hdds-1569-wvzgm-824869521, networkLocation: /default-rack, certSerialId: null} moved to stale state. Finalizing its pipelines [PipelineID=8c74e8fd-e09e-4c24-a8df-d3570381e81e, PipelineID=edd68064-3844-483a-9a5a-3be02fb7c5c4, PipelineID=1bd38a1f-ddbe-458e-87a4-40492e8dc6cb, PipelineID=52c1e383-46fd-4f38-910c-1098318319a7, PipelineID=4efdf513-2079-42a7-a83c-168bc434c84b, PipelineID=a1efaf8c-38ab-40f9-9b77-3ffc298e1ce9]
2019-09-26 10:07:27,141 [EventQueue-StaleNodeForStaleNodeHandler] INFO  pipeline.SCMPipelineManager (SCMPipelineManager.java:finalizeAndDestroyPipeline(316)) - destroying pipeline:Pipeline[ Id: 8c74e8fd-e09e-4c24-a8df-d3570381e81e, Nodes: d1f6f5bd-a733-436d-b89d-c17e8804c490{ip: 192.168.30.13, host: pr-hdds-1569-wvzgm-824869521, networkLocation: /default-rack, certSerialId: null}, Type:RATIS, Factor:ONE, State:OPEN]
2019-09-26 10:07:27,141 [EventQueue-StaleNodeForStaleNodeHandler] INFO  pipeline.PipelineStateManager (PipelineStateManager.java:finalizePipeline(123)) - Pipeline Pipeline[ Id: 8c74e8fd-e09e-4c24-a8df-d3570381e81e, Nodes: d1f6f5bd-a733-436d-b89d-c17e8804c490{ip: 192.168.30.13, host: pr-hdds-1569-wvzgm-824869521, networkLocation: /default-rack, certSerialId: null}, Type:RATIS, Factor:ONE, State:CLOSED] moved to CLOSED state
2019-09-26 10:07:27,142 [EventQueue-StaleNodeForStaleNodeHandler] INFO  pipeline.SCMPipelineManager (SCMPipelineManager.java:finalizeAndDestroyPipeline(316)) - destroying pipeline:Pipeline[ Id: edd68064-3844-483a-9a5a-3be02fb7c5c4, Nodes: d1f6f5bd-a733-436d-b89d-c17e8804c490{ip: 192.168.30.13, host: pr-hdds-1569-wvzgm-824869521, networkLocation: /default-rack, certSerialId: null}, Type:RATIS, Factor:ONE, State:OPEN]
2019-09-26 10:07:27,142 [EventQueue-StaleNodeForStaleNodeHandler] INFO  pipeline.PipelineStateManager (PipelineStateManager.java:finalizePipeline(123)) - Pipeline Pipeline[ Id: edd68064-3844-483a-9a5a-3be02fb7c5c4, Nodes: d1f6f5bd-a733-436d-b89d-c17e8804c490{ip: 192.168.30.13, host: pr-hdds-1569-wvzgm-824869521, networkLocation: /default-rack, certSerialId: null}, Type:RATIS, Factor:ONE, State:CLOSED] moved to CLOSED state
2019-09-26 10:07:27,142 [EventQueue-StaleNodeForStaleNodeHandler] INFO  pipeline.SCMPipelineManager (SCMPipelineManager.java:finalizeAndDestroyPipeline(316)) - destroying pipeline:Pipeline[ Id: 1bd38a1f-ddbe-458e-87a4-40492e8dc6cb, Nodes: d1f6f5bd-a733-436d-b89d-c17e8804c490{ip: 192.168.30.13, host: pr-hdds-1569-wvzgm-824869521, networkLocation: /default-rack, certSerialId: null}, Type:RATIS, Factor:ONE, State:OPEN]
2019-09-26 10:07:27,142 [EventQueue-StaleNodeForStaleNodeHandler] INFO  pipeline.PipelineStateManager (PipelineStateManager.java:finalizePipeline(123)) - Pipeline Pipeline[ Id: 1bd38a1f-ddbe-458e-87a4-40492e8dc6cb, Nodes: d1f6f5bd-a733-436d-b89d-c17e8804c490{ip: 192.168.30.13, host: pr-hdds-1569-wvzgm-824869521, networkLocation: /default-rack, certSerialId: null}, Type:RATIS, Factor:ONE, State:CLOSED] moved to CLOSED state
2019-09-26 10:07:27,142 [EventQueue-StaleNodeForStaleNodeHandler] INFO  pipeline.SCMPipelineManager (SCMPipelineManager.java:finalizeAndDestroyPipeline(316)) - destroying pipeline:Pipeline[ Id: 52c1e383-46fd-4f38-910c-1098318319a7, Nodes: d1f6f5bd-a733-436d-b89d-c17e8804c490{ip: 192.168.30.13, host: pr-hdds-1569-wvzgm-824869521, networkLocation: /default-rack, certSerialId: null}, Type:RATIS, Factor:ONE, State:OPEN]
2019-09-26 10:07:27,142 [EventQueue-StaleNodeForStaleNodeHandler] INFO  pipeline.PipelineStateManager (PipelineStateManager.java:finalizePipeline(123)) - Pipeline Pipeline[ Id: 52c1e383-46fd-4f38-910c-1098318319a7, Nodes: d1f6f5bd-a733-436d-b89d-c17e8804c490{ip: 192.168.30.13, host: pr-hdds-1569-wvzgm-824869521, networkLocation: /default-rack, certSerialId: null}, Type:RATIS, Factor:ONE, State:CLOSED] moved to CLOSED state
2019-09-26 10:07:27,142 [EventQueue-StaleNodeForStaleNodeHandler] INFO  pipeline.SCMPipelineManager (SCMPipelineManager.java:finalizeAndDestroyPipeline(316)) - destroying pipeline:Pipeline[ Id: 4efdf513-2079-42a7-a83c-168bc434c84b, Nodes: d1f6f5bd-a733-436d-b89d-c17e8804c490{ip: 192.168.30.13, host: pr-hdds-1569-wvzgm-824869521, networkLocation: /default-rack, certSerialId: null}, Type:RATIS, Factor:ONE, State:OPEN]
2019-09-26 10:07:27,143 [EventQueue-StaleNodeForStaleNodeHandler] INFO  pipeline.PipelineStateManager (PipelineStateManager.java:finalizePipeline(123)) - Pipeline Pipeline[ Id: 4efdf513-2079-42a7-a83c-168bc434c84b, Nodes: d1f6f5bd-a733-436d-b89d-c17e8804c490{ip: 192.168.30.13, host: pr-hdds-1569-wvzgm-824869521, networkLocation: /default-rack, certSerialId: null}, Type:RATIS, Factor:ONE, State:CLOSED] moved to CLOSED state
2019-09-26 10:07:27,143 [EventQueue-StaleNodeForStaleNodeHandler] INFO  pipeline.SCMPipelineManager (SCMPipelineManager.java:finalizeAndDestroyPipeline(316)) - destroying pipeline:Pipeline[ Id: a1efaf8c-38ab-40f9-9b77-3ffc298e1ce9, Nodes: d1f6f5bd-a733-436d-b89d-c17e8804c490{ip: 192.168.30.13, host: pr-hdds-1569-wvzgm-824869521, networkLocation: /default-rack, certSerialId: null}, Type:RATIS, Factor:ONE, State:OPEN]
2019-09-26 10:07:27,143 [EventQueue-StaleNodeForStaleNodeHandler] INFO  pipeline.PipelineStateManager (PipelineStateManager.java:finalizePipeline(123)) - Pipeline Pipeline[ Id: a1efaf8c-38ab-40f9-9b77-3ffc298e1ce9, Nodes: d1f6f5bd-a733-436d-b89d-c17e8804c490{ip: 192.168.30.13, host: pr-hdds-1569-wvzgm-824869521, networkLocation: /default-rack, certSerialId: null}, Type:RATIS, Factor:ONE, State:CLOSED] moved to CLOSED state
2019-09-26 10:07:27,165 [5955fc00-f5b8-4418-b414-62f2e5ec1764@group-8EEB6675C2A7-SegmentedRaftLogWorker] INFO  segmented.SegmentedRaftLogWorker (SegmentedRaftLogWorker.java:execute(569)) - 5955fc00-f5b8-4418-b414-62f2e5ec1764@group-8EEB6675C2A7-SegmentedRaftLogWorker: created new log segment /workdir/hadoop-ozone/integration-test/target/test-dir/MiniOzoneClusterImpl-af826fcf-2e4c-4099-bed4-c1b0f0495924/datanode-1/data/ratis/79b70a51-5302-4ed4-a9b7-8eeb6675c2a7/current/log_inprogress_0
2019-09-26 10:07:27,165 [5955fc00-f5b8-4418-b414-62f2e5ec1764@group-99A8441B1093-SegmentedRaftLogWorker] INFO  segmented.SegmentedRaftLogWorker (SegmentedRaftLogWorker.java:execute(569)) - 5955fc00-f5b8-4418-b414-62f2e5ec1764@group-99A8441B1093-SegmentedRaftLogWorker: created new log segment /workdir/hadoop-ozone/integration-test/target/test-dir/MiniOzoneClusterImpl-af826fcf-2e4c-4099-bed4-c1b0f0495924/datanode-1/data/ratis/74625ea8-bf2f-400b-81d5-99a8441b1093/current/log_inprogress_0
2019-09-26 10:07:27,165 [9c045c9c-ba1f-4aea-ae51-5b8bdd601291@group-CBF18FF8C54D-SegmentedRaftLogWorker] INFO  segmented.SegmentedRaftLogWorker (SegmentedRaftLogWorker.java:execute(569)) - 9c045c9c-ba1f-4aea-ae51-5b8bdd601291@group-CBF18FF8C54D-SegmentedRaftLogWorker: created new log segment /workdir/hadoop-ozone/integration-test/target/test-dir/MiniOzoneClusterImpl-af826fcf-2e4c-4099-bed4-c1b0f0495924/datanode-0/data/ratis/07cc4157-069e-4553-9b6c-cbf18ff8c54d/current/log_inprogress_0
2019-09-26 10:07:27,176 [Thread-4009] INFO  impl.FollowerState (FollowerState.java:run(106)) - 9cafecc4-59b7-45e3-9675-340d3e2c3fab:group-252921730EA0 changes to CANDIDATE, lastRpcTime:5143, electionTimeout:5143ms
2019-09-26 10:07:27,176 [Thread-4009] INFO  impl.RoleInfo (RoleInfo.java:shutdownFollowerState(121)) - 9cafecc4-59b7-45e3-9675-340d3e2c3fab: shutdown FollowerState
2019-09-26 10:07:27,176 [Thread-4009] INFO  impl.RaftServerImpl (RaftServerImpl.java:setRole(174)) - 9cafecc4-59b7-45e3-9675-340d3e2c3fab@group-252921730EA0: changes role from  FOLLOWER to CANDIDATE at term 0 for changeToCandidate
2019-09-26 10:07:27,176 [Thread-4009] INFO  impl.RoleInfo (RoleInfo.java:updateAndGet(143)) - 9cafecc4-59b7-45e3-9675-340d3e2c3fab: start LeaderElection
2019-09-26 10:07:27,184 [9cafecc4-59b7-45e3-9675-340d3e2c3fab@group-252921730EA0:LeaderElection313] INFO  impl.LeaderElection (LeaderElection.java:askForVotes(182)) - 9cafecc4-59b7-45e3-9675-340d3e2c3fab@group-252921730EA0:LeaderElection313: begin an election at term 1 for -1: [9cafecc4-59b7-45e3-9675-340d3e2c3fab:192.168.30.13:33904], old=null
2019-09-26 10:07:27,184 [9cafecc4-59b7-45e3-9675-340d3e2c3fab@group-252921730EA0:LeaderElection313] INFO  impl.RoleInfo (RoleInfo.java:shutdownLeaderElection(134)) - 9cafecc4-59b7-45e3-9675-340d3e2c3fab: shutdown LeaderElection
2019-09-26 10:07:27,184 [9cafecc4-59b7-45e3-9675-340d3e2c3fab@group-252921730EA0:LeaderElection313] INFO  impl.RaftServerImpl (RaftServerImpl.java:setRole(174)) - 9cafecc4-59b7-45e3-9675-340d3e2c3fab@group-252921730EA0: changes role from CANDIDATE to LEADER at term 1 for changeToLeader
2019-09-26 10:07:27,184 [9cafecc4-59b7-45e3-9675-340d3e2c3fab@group-252921730EA0:LeaderElection313] INFO  impl.RaftServerImpl (ServerState.java:setLeader(253)) - 9cafecc4-59b7-45e3-9675-340d3e2c3fab@group-252921730EA0: change Leader from null to 9cafecc4-59b7-45e3-9675-340d3e2c3fab at term 1 for becomeLeader, leader elected after 5158ms
2019-09-26 10:07:27,185 [9cafecc4-59b7-45e3-9675-340d3e2c3fab@group-252921730EA0:LeaderElection313] INFO  server.RaftServerConfigKeys (ConfUtils.java:logGet(43)) - raft.server.staging.catchup.gap = 1000 (default)
2019-09-26 10:07:27,185 [9cafecc4-59b7-45e3-9675-340d3e2c3fab@group-252921730EA0:LeaderElection313] INFO  server.RaftServerConfigKeys (ConfUtils.java:logGet(43)) - raft.server.rpc.sleep.time = 25ms (default)
2019-09-26 10:07:27,185 [9cafecc4-59b7-45e3-9675-340d3e2c3fab@group-252921730EA0:LeaderElection313] INFO  server.RaftServerConfigKeys (ConfUtils.java:logGet(43)) - raft.server.write.element-limit = 4096 (default)
2019-09-26 10:07:27,185 [9cafecc4-59b7-45e3-9675-340d3e2c3fab@group-252921730EA0:LeaderElection313] INFO  server.RaftServerConfigKeys (ConfUtils.java:logGet(43)) - raft.server.watch.timeout = 10s (default)
2019-09-26 10:07:27,185 [9cafecc4-59b7-45e3-9675-340d3e2c3fab@group-252921730EA0:LeaderElection313] INFO  server.RaftServerConfigKeys (ConfUtils.java:logGet(43)) - raft.server.watch.timeout.denomination = 1s (default)
2019-09-26 10:07:27,185 [9cafecc4-59b7-45e3-9675-340d3e2c3fab@group-252921730EA0:LeaderElection313] INFO  server.RaftServerConfigKeys (ConfUtils.java:logGet(43)) - raft.server.watch.element-limit = 65536 (default)
2019-09-26 10:07:27,187 [9cafecc4-59b7-45e3-9675-340d3e2c3fab@group-252921730EA0:LeaderElection313] INFO  impl.RoleInfo (RoleInfo.java:updateAndGet(143)) - 9cafecc4-59b7-45e3-9675-340d3e2c3fab: start LeaderState
2019-09-26 10:07:27,187 [9cafecc4-59b7-45e3-9675-340d3e2c3fab@group-252921730EA0:LeaderElection313] INFO  segmented.SegmentedRaftLogWorker (SegmentedRaftLogWorker.java:startLogSegment(380)) - 9cafecc4-59b7-45e3-9675-340d3e2c3fab@group-252921730EA0-SegmentedRaftLogWorker: Starting segment from index:0
2019-09-26 10:07:27,188 [9cafecc4-59b7-45e3-9675-340d3e2c3fab@group-252921730EA0:LeaderElection313] INFO  impl.RaftServerImpl (ServerState.java:setRaftConf(354)) - 9cafecc4-59b7-45e3-9675-340d3e2c3fab@group-252921730EA0: set configuration 0: [9cafecc4-59b7-45e3-9675-340d3e2c3fab:192.168.30.13:33904], old=null at 0
2019-09-26 10:07:27,189 [Thread-4015] INFO  impl.FollowerState (FollowerState.java:run(106)) - 5955fc00-f5b8-4418-b414-62f2e5ec1764:group-782C125C68D7 changes to CANDIDATE, lastRpcTime:5061, electionTimeout:5061ms
2019-09-26 10:07:27,189 [Thread-4015] INFO  impl.RoleInfo (RoleInfo.java:shutdownFollowerState(121)) - 5955fc00-f5b8-4418-b414-62f2e5ec1764: shutdown FollowerState
2019-09-26 10:07:27,189 [Thread-4015] INFO  impl.RaftServerImpl (RaftServerImpl.java:setRole(174)) - 5955fc00-f5b8-4418-b414-62f2e5ec1764@group-782C125C68D7: changes role from  FOLLOWER to CANDIDATE at term 0 for changeToCandidate
2019-09-26 10:07:27,189 [Thread-4015] INFO  impl.RoleInfo (RoleInfo.java:updateAndGet(143)) - 5955fc00-f5b8-4418-b414-62f2e5ec1764: start LeaderElection
2019-09-26 10:07:27,225 [Thread-4018] INFO  impl.FollowerState (FollowerState.java:run(106)) - 5955fc00-f5b8-4418-b414-62f2e5ec1764:group-A7DF5C14D480 changes to CANDIDATE, lastRpcTime:5058, electionTimeout:5050ms
2019-09-26 10:07:27,226 [Thread-4018] INFO  impl.RoleInfo (RoleInfo.java:shutdownFollowerState(121)) - 5955fc00-f5b8-4418-b414-62f2e5ec1764: shutdown FollowerState
2019-09-26 10:07:27,226 [Thread-4018] INFO  impl.RaftServerImpl (RaftServerImpl.java:setRole(174)) - 5955fc00-f5b8-4418-b414-62f2e5ec1764@group-A7DF5C14D480: changes role from  FOLLOWER to CANDIDATE at term 0 for changeToCandidate
2019-09-26 10:07:27,226 [Thread-4018] INFO  impl.RoleInfo (RoleInfo.java:updateAndGet(143)) - 5955fc00-f5b8-4418-b414-62f2e5ec1764: start LeaderElection
2019-09-26 10:07:27,231 [9cafecc4-59b7-45e3-9675-340d3e2c3fab@group-252921730EA0-SegmentedRaftLogWorker] INFO  segmented.SegmentedRaftLogWorker (SegmentedRaftLogWorker.java:execute(569)) - 9cafecc4-59b7-45e3-9675-340d3e2c3fab@group-252921730EA0-SegmentedRaftLogWorker: created new log segment /workdir/hadoop-ozone/integration-test/target/test-dir/MiniOzoneClusterImpl-af826fcf-2e4c-4099-bed4-c1b0f0495924/datanode-2/data/ratis/1e18385d-9a06-45c0-836e-252921730ea0/current/log_inprogress_0
2019-09-26 10:07:27,245 [5955fc00-f5b8-4418-b414-62f2e5ec1764@group-782C125C68D7:LeaderElection314] INFO  impl.LeaderElection (LeaderElection.java:askForVotes(182)) - 5955fc00-f5b8-4418-b414-62f2e5ec1764@group-782C125C68D7:LeaderElection314: begin an election at term 1 for -1: [5955fc00-f5b8-4418-b414-62f2e5ec1764:192.168.30.13:35778], old=null
2019-09-26 10:07:27,245 [5955fc00-f5b8-4418-b414-62f2e5ec1764@group-A7DF5C14D480:LeaderElection315] INFO  impl.LeaderElection (LeaderElection.java:askForVotes(182)) - 5955fc00-f5b8-4418-b414-62f2e5ec1764@group-A7DF5C14D480:LeaderElection315: begin an election at term 1 for -1: [5955fc00-f5b8-4418-b414-62f2e5ec1764:192.168.30.13:35778], old=null
2019-09-26 10:07:27,245 [5955fc00-f5b8-4418-b414-62f2e5ec1764@group-782C125C68D7:LeaderElection314] INFO  impl.RoleInfo (RoleInfo.java:shutdownLeaderElection(134)) - 5955fc00-f5b8-4418-b414-62f2e5ec1764: shutdown LeaderElection
2019-09-26 10:07:27,245 [5955fc00-f5b8-4418-b414-62f2e5ec1764@group-A7DF5C14D480:LeaderElection315] INFO  impl.RoleInfo (RoleInfo.java:shutdownLeaderElection(134)) - 5955fc00-f5b8-4418-b414-62f2e5ec1764: shutdown LeaderElection
2019-09-26 10:07:27,245 [5955fc00-f5b8-4418-b414-62f2e5ec1764@group-782C125C68D7:LeaderElection314] INFO  impl.RaftServerImpl (RaftServerImpl.java:setRole(174)) - 5955fc00-f5b8-4418-b414-62f2e5ec1764@group-782C125C68D7: changes role from CANDIDATE to LEADER at term 1 for changeToLeader
2019-09-26 10:07:27,245 [5955fc00-f5b8-4418-b414-62f2e5ec1764@group-A7DF5C14D480:LeaderElection315] INFO  impl.RaftServerImpl (RaftServerImpl.java:setRole(174)) - 5955fc00-f5b8-4418-b414-62f2e5ec1764@group-A7DF5C14D480: changes role from CANDIDATE to LEADER at term 1 for changeToLeader
2019-09-26 10:07:27,245 [5955fc00-f5b8-4418-b414-62f2e5ec1764@group-782C125C68D7:LeaderElection314] INFO  impl.RaftServerImpl (ServerState.java:setLeader(253)) - 5955fc00-f5b8-4418-b414-62f2e5ec1764@group-782C125C68D7: change Leader from null to 5955fc00-f5b8-4418-b414-62f2e5ec1764 at term 1 for becomeLeader, leader elected after 5123ms
2019-09-26 10:07:27,245 [5955fc00-f5b8-4418-b414-62f2e5ec1764@group-A7DF5C14D480:LeaderElection315] INFO  impl.RaftServerImpl (ServerState.java:setLeader(253)) - 5955fc00-f5b8-4418-b414-62f2e5ec1764@group-A7DF5C14D480: change Leader from null to 5955fc00-f5b8-4418-b414-62f2e5ec1764 at term 1 for becomeLeader, leader elected after 5082ms
2019-09-26 10:07:27,245 [5955fc00-f5b8-4418-b414-62f2e5ec1764@group-782C125C68D7:LeaderElection314] INFO  server.RaftServerConfigKeys (ConfUtils.java:logGet(43)) - raft.server.staging.catchup.gap = 1000 (default)
2019-09-26 10:07:27,245 [5955fc00-f5b8-4418-b414-62f2e5ec1764@group-A7DF5C14D480:LeaderElection315] INFO  server.RaftServerConfigKeys (ConfUtils.java:logGet(43)) - raft.server.staging.catchup.gap = 1000 (default)
2019-09-26 10:07:27,245 [5955fc00-f5b8-4418-b414-62f2e5ec1764@group-782C125C68D7:LeaderElection314] INFO  server.RaftServerConfigKeys (ConfUtils.java:logGet(43)) - raft.server.rpc.sleep.time = 25ms (default)
2019-09-26 10:07:27,246 [5955fc00-f5b8-4418-b414-62f2e5ec1764@group-A7DF5C14D480:LeaderElection315] INFO  server.RaftServerConfigKeys (ConfUtils.java:logGet(43)) - raft.server.rpc.sleep.time = 25ms (default)
2019-09-26 10:07:27,246 [5955fc00-f5b8-4418-b414-62f2e5ec1764@group-782C125C68D7:LeaderElection314] INFO  server.RaftServerConfigKeys (ConfUtils.java:logGet(43)) - raft.server.write.element-limit = 4096 (default)
2019-09-26 10:07:27,246 [5955fc00-f5b8-4418-b414-62f2e5ec1764@group-A7DF5C14D480:LeaderElection315] INFO  server.RaftServerConfigKeys (ConfUtils.java:logGet(43)) - raft.server.write.element-limit = 4096 (default)
2019-09-26 10:07:27,246 [5955fc00-f5b8-4418-b414-62f2e5ec1764@group-782C125C68D7:LeaderElection314] INFO  server.RaftServerConfigKeys (ConfUtils.java:logGet(43)) - raft.server.watch.timeout = 10s (default)
2019-09-26 10:07:27,246 [5955fc00-f5b8-4418-b414-62f2e5ec1764@group-A7DF5C14D480:LeaderElection315] INFO  server.RaftServerConfigKeys (ConfUtils.java:logGet(43)) - raft.server.watch.timeout = 10s (default)
2019-09-26 10:07:27,246 [5955fc00-f5b8-4418-b414-62f2e5ec1764@group-782C125C68D7:LeaderElection314] INFO  server.RaftServerConfigKeys (ConfUtils.java:logGet(43)) - raft.server.watch.timeout.denomination = 1s (default)
2019-09-26 10:07:27,246 [5955fc00-f5b8-4418-b414-62f2e5ec1764@group-A7DF5C14D480:LeaderElection315] INFO  server.RaftServerConfigKeys (ConfUtils.java:logGet(43)) - raft.server.watch.timeout.denomination = 1s (default)
2019-09-26 10:07:27,246 [5955fc00-f5b8-4418-b414-62f2e5ec1764@group-782C125C68D7:LeaderElection314] INFO  server.RaftServerConfigKeys (ConfUtils.java:logGet(43)) - raft.server.watch.element-limit = 65536 (default)
2019-09-26 10:07:27,246 [5955fc00-f5b8-4418-b414-62f2e5ec1764@group-A7DF5C14D480:LeaderElection315] INFO  server.RaftServerConfigKeys (ConfUtils.java:logGet(43)) - raft.server.watch.element-limit = 65536 (default)
2019-09-26 10:07:27,248 [5955fc00-f5b8-4418-b414-62f2e5ec1764@group-782C125C68D7:LeaderElection314] INFO  impl.RoleInfo (RoleInfo.java:updateAndGet(143)) - 5955fc00-f5b8-4418-b414-62f2e5ec1764: start LeaderState
2019-09-26 10:07:27,248 [5955fc00-f5b8-4418-b414-62f2e5ec1764@group-782C125C68D7:LeaderElection314] INFO  segmented.SegmentedRaftLogWorker (SegmentedRaftLogWorker.java:startLogSegment(380)) - 5955fc00-f5b8-4418-b414-62f2e5ec1764@group-782C125C68D7-SegmentedRaftLogWorker: Starting segment from index:0
2019-09-26 10:07:27,248 [5955fc00-f5b8-4418-b414-62f2e5ec1764@group-A7DF5C14D480:LeaderElection315] INFO  impl.RoleInfo (RoleInfo.java:updateAndGet(143)) - 5955fc00-f5b8-4418-b414-62f2e5ec1764: start LeaderState
2019-09-26 10:07:27,249 [5955fc00-f5b8-4418-b414-62f2e5ec1764@group-A7DF5C14D480:LeaderElection315] INFO  segmented.SegmentedRaftLogWorker (SegmentedRaftLogWorker.java:startLogSegment(380)) - 5955fc00-f5b8-4418-b414-62f2e5ec1764@group-A7DF5C14D480-SegmentedRaftLogWorker: Starting segment from index:0
2019-09-26 10:07:27,249 [5955fc00-f5b8-4418-b414-62f2e5ec1764@group-782C125C68D7:LeaderElection314] INFO  impl.RaftServerImpl (ServerState.java:setRaftConf(354)) - 5955fc00-f5b8-4418-b414-62f2e5ec1764@group-782C125C68D7: set configuration 0: [5955fc00-f5b8-4418-b414-62f2e5ec1764:192.168.30.13:35778], old=null at 0
2019-09-26 10:07:27,249 [5955fc00-f5b8-4418-b414-62f2e5ec1764@group-A7DF5C14D480:LeaderElection315] INFO  impl.RaftServerImpl (ServerState.java:setRaftConf(354)) - 5955fc00-f5b8-4418-b414-62f2e5ec1764@group-A7DF5C14D480: set configuration 0: [5955fc00-f5b8-4418-b414-62f2e5ec1764:192.168.30.13:35778], old=null at 0
2019-09-26 10:07:27,281 [Thread-4021] INFO  impl.FollowerState (FollowerState.java:run(106)) - bec07a0c-a0ea-4ddf-8714-f8e80b4d678f:group-42F6C7325979 changes to CANDIDATE, lastRpcTime:5060, electionTimeout:5060ms
2019-09-26 10:07:27,281 [Thread-4021] INFO  impl.RoleInfo (RoleInfo.java:shutdownFollowerState(121)) - bec07a0c-a0ea-4ddf-8714-f8e80b4d678f: shutdown FollowerState
2019-09-26 10:07:27,281 [Thread-4021] INFO  impl.RaftServerImpl (RaftServerImpl.java:setRole(174)) - bec07a0c-a0ea-4ddf-8714-f8e80b4d678f@group-42F6C7325979: changes role from  FOLLOWER to CANDIDATE at term 0 for changeToCandidate
2019-09-26 10:07:27,281 [Thread-4021] INFO  impl.RoleInfo (RoleInfo.java:updateAndGet(143)) - bec07a0c-a0ea-4ddf-8714-f8e80b4d678f: start LeaderElection
2019-09-26 10:07:27,288 [5955fc00-f5b8-4418-b414-62f2e5ec1764@group-782C125C68D7-SegmentedRaftLogWorker] INFO  segmented.SegmentedRaftLogWorker (SegmentedRaftLogWorker.java:execute(569)) - 5955fc00-f5b8-4418-b414-62f2e5ec1764@group-782C125C68D7-SegmentedRaftLogWorker: created new log segment /workdir/hadoop-ozone/integration-test/target/test-dir/MiniOzoneClusterImpl-af826fcf-2e4c-4099-bed4-c1b0f0495924/datanode-1/data/ratis/e8743fb3-cd23-49b7-ad6c-782c125c68d7/current/log_inprogress_0
2019-09-26 10:07:27,288 [5955fc00-f5b8-4418-b414-62f2e5ec1764@group-A7DF5C14D480-SegmentedRaftLogWorker] INFO  segmented.SegmentedRaftLogWorker (SegmentedRaftLogWorker.java:execute(569)) - 5955fc00-f5b8-4418-b414-62f2e5ec1764@group-A7DF5C14D480-SegmentedRaftLogWorker: created new log segment /workdir/hadoop-ozone/integration-test/target/test-dir/MiniOzoneClusterImpl-af826fcf-2e4c-4099-bed4-c1b0f0495924/datanode-1/data/ratis/a49d87aa-7ac8-44cc-a686-a7df5c14d480/current/log_inprogress_0
2019-09-26 10:07:27,291 [bec07a0c-a0ea-4ddf-8714-f8e80b4d678f@group-42F6C7325979:LeaderElection316] INFO  impl.LeaderElection (LeaderElection.java:askForVotes(182)) - bec07a0c-a0ea-4ddf-8714-f8e80b4d678f@group-42F6C7325979:LeaderElection316: begin an election at term 1 for -1: [bec07a0c-a0ea-4ddf-8714-f8e80b4d678f:192.168.30.13:42402], old=null
2019-09-26 10:07:27,291 [bec07a0c-a0ea-4ddf-8714-f8e80b4d678f@group-42F6C7325979:LeaderElection316] INFO  impl.RoleInfo (RoleInfo.java:shutdownLeaderElection(134)) - bec07a0c-a0ea-4ddf-8714-f8e80b4d678f: shutdown LeaderElection
2019-09-26 10:07:27,291 [bec07a0c-a0ea-4ddf-8714-f8e80b4d678f@group-42F6C7325979:LeaderElection316] INFO  impl.RaftServerImpl (RaftServerImpl.java:setRole(174)) - bec07a0c-a0ea-4ddf-8714-f8e80b4d678f@group-42F6C7325979: changes role from CANDIDATE to LEADER at term 1 for changeToLeader
2019-09-26 10:07:27,291 [bec07a0c-a0ea-4ddf-8714-f8e80b4d678f@group-42F6C7325979:LeaderElection316] INFO  impl.RaftServerImpl (ServerState.java:setLeader(253)) - bec07a0c-a0ea-4ddf-8714-f8e80b4d678f@group-42F6C7325979: change Leader from null to bec07a0c-a0ea-4ddf-8714-f8e80b4d678f at term 1 for becomeLeader, leader elected after 5077ms
2019-09-26 10:07:27,291 [bec07a0c-a0ea-4ddf-8714-f8e80b4d678f@group-42F6C7325979:LeaderElection316] INFO  server.RaftServerConfigKeys (ConfUtils.java:logGet(43)) - raft.server.staging.catchup.gap = 1000 (default)
2019-09-26 10:07:27,291 [bec07a0c-a0ea-4ddf-8714-f8e80b4d678f@group-42F6C7325979:LeaderElection316] INFO  server.RaftServerConfigKeys (ConfUtils.java:logGet(43)) - raft.server.rpc.sleep.time = 25ms (default)
2019-09-26 10:07:27,292 [bec07a0c-a0ea-4ddf-8714-f8e80b4d678f@group-42F6C7325979:LeaderElection316] INFO  server.RaftServerConfigKeys (ConfUtils.java:logGet(43)) - raft.server.write.element-limit = 4096 (default)
2019-09-26 10:07:27,292 [bec07a0c-a0ea-4ddf-8714-f8e80b4d678f@group-42F6C7325979:LeaderElection316] INFO  server.RaftServerConfigKeys (ConfUtils.java:logGet(43)) - raft.server.watch.timeout = 10s (default)
2019-09-26 10:07:27,292 [bec07a0c-a0ea-4ddf-8714-f8e80b4d678f@group-42F6C7325979:LeaderElection316] INFO  server.RaftServerConfigKeys (ConfUtils.java:logGet(43)) - raft.server.watch.timeout.denomination = 1s (default)
2019-09-26 10:07:27,292 [bec07a0c-a0ea-4ddf-8714-f8e80b4d678f@group-42F6C7325979:LeaderElection316] INFO  server.RaftServerConfigKeys (ConfUtils.java:logGet(43)) - raft.server.watch.element-limit = 65536 (default)
2019-09-26 10:07:27,293 [bec07a0c-a0ea-4ddf-8714-f8e80b4d678f@group-42F6C7325979:LeaderElection316] INFO  impl.RoleInfo (RoleInfo.java:updateAndGet(143)) - bec07a0c-a0ea-4ddf-8714-f8e80b4d678f: start LeaderState
2019-09-26 10:07:27,293 [bec07a0c-a0ea-4ddf-8714-f8e80b4d678f@group-42F6C7325979:LeaderElection316] INFO  segmented.SegmentedRaftLogWorker (SegmentedRaftLogWorker.java:startLogSegment(380)) - bec07a0c-a0ea-4ddf-8714-f8e80b4d678f@group-42F6C7325979-SegmentedRaftLogWorker: Starting segment from index:0
2019-09-26 10:07:27,294 [bec07a0c-a0ea-4ddf-8714-f8e80b4d678f@group-42F6C7325979:LeaderElection316] INFO  impl.RaftServerImpl (ServerState.java:setRaftConf(354)) - bec07a0c-a0ea-4ddf-8714-f8e80b4d678f@group-42F6C7325979: set configuration 0: [bec07a0c-a0ea-4ddf-8714-f8e80b4d678f:192.168.30.13:42402], old=null at 0
2019-09-26 10:07:27,330 [bec07a0c-a0ea-4ddf-8714-f8e80b4d678f@group-42F6C7325979-SegmentedRaftLogWorker] INFO  segmented.SegmentedRaftLogWorker (SegmentedRaftLogWorker.java:execute(569)) - bec07a0c-a0ea-4ddf-8714-f8e80b4d678f@group-42F6C7325979-SegmentedRaftLogWorker: created new log segment /workdir/hadoop-ozone/integration-test/target/test-dir/MiniOzoneClusterImpl-af826fcf-2e4c-4099-bed4-c1b0f0495924/datanode-3/data/ratis/b570ac92-2aa2-43c9-ba1d-42f6c7325979/current/log_inprogress_0
2019-09-26 10:07:27,460 [Thread-4024] INFO  impl.FollowerState (FollowerState.java:run(106)) - bec07a0c-a0ea-4ddf-8714-f8e80b4d678f:group-8D4A2604E7DE changes to CANDIDATE, lastRpcTime:5174, electionTimeout:5174ms
2019-09-26 10:07:27,461 [Thread-4024] INFO  impl.RoleInfo (RoleInfo.java:shutdownFollowerState(121)) - bec07a0c-a0ea-4ddf-8714-f8e80b4d678f: shutdown FollowerState
2019-09-26 10:07:27,461 [Thread-4024] INFO  impl.RaftServerImpl (RaftServerImpl.java:setRole(174)) - bec07a0c-a0ea-4ddf-8714-f8e80b4d678f@group-8D4A2604E7DE: changes role from  FOLLOWER to CANDIDATE at term 0 for changeToCandidate
2019-09-26 10:07:27,461 [Thread-4024] INFO  impl.RoleInfo (RoleInfo.java:updateAndGet(143)) - bec07a0c-a0ea-4ddf-8714-f8e80b4d678f: start LeaderElection
2019-09-26 10:07:27,481 [bec07a0c-a0ea-4ddf-8714-f8e80b4d678f@group-8D4A2604E7DE:LeaderElection317] INFO  impl.LeaderElection (LeaderElection.java:askForVotes(182)) - bec07a0c-a0ea-4ddf-8714-f8e80b4d678f@group-8D4A2604E7DE:LeaderElection317: begin an election at term 1 for -1: [bec07a0c-a0ea-4ddf-8714-f8e80b4d678f:192.168.30.13:42402], old=null
2019-09-26 10:07:27,481 [bec07a0c-a0ea-4ddf-8714-f8e80b4d678f@group-8D4A2604E7DE:LeaderElection317] INFO  impl.RoleInfo (RoleInfo.java:shutdownLeaderElection(134)) - bec07a0c-a0ea-4ddf-8714-f8e80b4d678f: shutdown LeaderElection
2019-09-26 10:07:27,482 [bec07a0c-a0ea-4ddf-8714-f8e80b4d678f@group-8D4A2604E7DE:LeaderElection317] INFO  impl.RaftServerImpl (RaftServerImpl.java:setRole(174)) - bec07a0c-a0ea-4ddf-8714-f8e80b4d678f@group-8D4A2604E7DE: changes role from CANDIDATE to LEADER at term 1 for changeToLeader
2019-09-26 10:07:27,482 [bec07a0c-a0ea-4ddf-8714-f8e80b4d678f@group-8D4A2604E7DE:LeaderElection317] INFO  impl.RaftServerImpl (ServerState.java:setLeader(253)) - bec07a0c-a0ea-4ddf-8714-f8e80b4d678f@group-8D4A2604E7DE: change Leader from null to bec07a0c-a0ea-4ddf-8714-f8e80b4d678f at term 1 for becomeLeader, leader elected after 5201ms
2019-09-26 10:07:27,482 [bec07a0c-a0ea-4ddf-8714-f8e80b4d678f@group-8D4A2604E7DE:LeaderElection317] INFO  server.RaftServerConfigKeys (ConfUtils.java:logGet(43)) - raft.server.staging.catchup.gap = 1000 (default)
2019-09-26 10:07:27,482 [bec07a0c-a0ea-4ddf-8714-f8e80b4d678f@group-8D4A2604E7DE:LeaderElection317] INFO  server.RaftServerConfigKeys (ConfUtils.java:logGet(43)) - raft.server.rpc.sleep.time = 25ms (default)
2019-09-26 10:07:27,482 [bec07a0c-a0ea-4ddf-8714-f8e80b4d678f@group-8D4A2604E7DE:LeaderElection317] INFO  server.RaftServerConfigKeys (ConfUtils.java:logGet(43)) - raft.server.write.element-limit = 4096 (default)
2019-09-26 10:07:27,482 [bec07a0c-a0ea-4ddf-8714-f8e80b4d678f@group-8D4A2604E7DE:LeaderElection317] INFO  server.RaftServerConfigKeys (ConfUtils.java:logGet(43)) - raft.server.watch.timeout = 10s (default)
2019-09-26 10:07:27,482 [bec07a0c-a0ea-4ddf-8714-f8e80b4d678f@group-8D4A2604E7DE:LeaderElection317] INFO  server.RaftServerConfigKeys (ConfUtils.java:logGet(43)) - raft.server.watch.timeout.denomination = 1s (default)
2019-09-26 10:07:27,482 [bec07a0c-a0ea-4ddf-8714-f8e80b4d678f@group-8D4A2604E7DE:LeaderElection317] INFO  server.RaftServerConfigKeys (ConfUtils.java:logGet(43)) - raft.server.watch.element-limit = 65536 (default)
2019-09-26 10:07:27,484 [bec07a0c-a0ea-4ddf-8714-f8e80b4d678f@group-8D4A2604E7DE:LeaderElection317] INFO  impl.RoleInfo (RoleInfo.java:updateAndGet(143)) - bec07a0c-a0ea-4ddf-8714-f8e80b4d678f: start LeaderState
2019-09-26 10:07:27,484 [bec07a0c-a0ea-4ddf-8714-f8e80b4d678f@group-8D4A2604E7DE:LeaderElection317] INFO  segmented.SegmentedRaftLogWorker (SegmentedRaftLogWorker.java:startLogSegment(380)) - bec07a0c-a0ea-4ddf-8714-f8e80b4d678f@group-8D4A2604E7DE-SegmentedRaftLogWorker: Starting segment from index:0
2019-09-26 10:07:27,485 [bec07a0c-a0ea-4ddf-8714-f8e80b4d678f@group-8D4A2604E7DE:LeaderElection317] INFO  impl.RaftServerImpl (ServerState.java:setRaftConf(354)) - bec07a0c-a0ea-4ddf-8714-f8e80b4d678f@group-8D4A2604E7DE: set configuration 0: [bec07a0c-a0ea-4ddf-8714-f8e80b4d678f:192.168.30.13:42402], old=null at 0
2019-09-26 10:07:27,490 [Thread-4027] INFO  impl.FollowerState (FollowerState.java:run(106)) - bec07a0c-a0ea-4ddf-8714-f8e80b4d678f:group-6B68B34C7C60 changes to CANDIDATE, lastRpcTime:5150, electionTimeout:5150ms
2019-09-26 10:07:27,490 [Thread-4027] INFO  impl.RoleInfo (RoleInfo.java:shutdownFollowerState(121)) - bec07a0c-a0ea-4ddf-8714-f8e80b4d678f: shutdown FollowerState
2019-09-26 10:07:27,491 [Thread-4027] INFO  impl.RaftServerImpl (RaftServerImpl.java:setRole(174)) - bec07a0c-a0ea-4ddf-8714-f8e80b4d678f@group-6B68B34C7C60: changes role from  FOLLOWER to CANDIDATE at term 0 for changeToCandidate
2019-09-26 10:07:27,491 [Thread-4027] INFO  impl.RoleInfo (RoleInfo.java:updateAndGet(143)) - bec07a0c-a0ea-4ddf-8714-f8e80b4d678f: start LeaderElection
2019-09-26 10:07:27,536 [bec07a0c-a0ea-4ddf-8714-f8e80b4d678f@group-8D4A2604E7DE-SegmentedRaftLogWorker] INFO  segmented.SegmentedRaftLogWorker (SegmentedRaftLogWorker.java:execute(569)) - bec07a0c-a0ea-4ddf-8714-f8e80b4d678f@group-8D4A2604E7DE-SegmentedRaftLogWorker: created new log segment /workdir/hadoop-ozone/integration-test/target/test-dir/MiniOzoneClusterImpl-af826fcf-2e4c-4099-bed4-c1b0f0495924/datanode-3/data/ratis/9ce3dd22-7c0d-481e-94dc-8d4a2604e7de/current/log_inprogress_0
2019-09-26 10:07:27,536 [bec07a0c-a0ea-4ddf-8714-f8e80b4d678f@group-6B68B34C7C60:LeaderElection318] INFO  impl.LeaderElection (LeaderElection.java:askForVotes(182)) - bec07a0c-a0ea-4ddf-8714-f8e80b4d678f@group-6B68B34C7C60:LeaderElection318: begin an election at term 1 for -1: [bec07a0c-a0ea-4ddf-8714-f8e80b4d678f:192.168.30.13:42402], old=null
2019-09-26 10:07:27,536 [bec07a0c-a0ea-4ddf-8714-f8e80b4d678f@group-6B68B34C7C60:LeaderElection318] INFO  impl.RoleInfo (RoleInfo.java:shutdownLeaderElection(134)) - bec07a0c-a0ea-4ddf-8714-f8e80b4d678f: shutdown LeaderElection
2019-09-26 10:07:27,536 [bec07a0c-a0ea-4ddf-8714-f8e80b4d678f@group-6B68B34C7C60:LeaderElection318] INFO  impl.RaftServerImpl (RaftServerImpl.java:setRole(174)) - bec07a0c-a0ea-4ddf-8714-f8e80b4d678f@group-6B68B34C7C60: changes role from CANDIDATE to LEADER at term 1 for changeToLeader
2019-09-26 10:07:27,536 [bec07a0c-a0ea-4ddf-8714-f8e80b4d678f@group-6B68B34C7C60:LeaderElection318] INFO  impl.RaftServerImpl (ServerState.java:setLeader(253)) - bec07a0c-a0ea-4ddf-8714-f8e80b4d678f@group-6B68B34C7C60: change Leader from null to bec07a0c-a0ea-4ddf-8714-f8e80b4d678f at term 1 for becomeLeader, leader elected after 5202ms
2019-09-26 10:07:27,536 [bec07a0c-a0ea-4ddf-8714-f8e80b4d678f@group-6B68B34C7C60:LeaderElection318] INFO  server.RaftServerConfigKeys (ConfUtils.java:logGet(43)) - raft.server.staging.catchup.gap = 1000 (default)
2019-09-26 10:07:27,537 [bec07a0c-a0ea-4ddf-8714-f8e80b4d678f@group-6B68B34C7C60:LeaderElection318] INFO  server.RaftServerConfigKeys (ConfUtils.java:logGet(43)) - raft.server.rpc.sleep.time = 25ms (default)
2019-09-26 10:07:27,537 [bec07a0c-a0ea-4ddf-8714-f8e80b4d678f@group-6B68B34C7C60:LeaderElection318] INFO  server.RaftServerConfigKeys (ConfUtils.java:logGet(43)) - raft.server.write.element-limit = 4096 (default)
2019-09-26 10:07:27,537 [bec07a0c-a0ea-4ddf-8714-f8e80b4d678f@group-6B68B34C7C60:LeaderElection318] INFO  server.RaftServerConfigKeys (ConfUtils.java:logGet(43)) - raft.server.watch.timeout = 10s (default)
2019-09-26 10:07:27,537 [bec07a0c-a0ea-4ddf-8714-f8e80b4d678f@group-6B68B34C7C60:LeaderElection318] INFO  server.RaftServerConfigKeys (ConfUtils.java:logGet(43)) - raft.server.watch.timeout.denomination = 1s (default)
2019-09-26 10:07:27,537 [bec07a0c-a0ea-4ddf-8714-f8e80b4d678f@group-6B68B34C7C60:LeaderElection318] INFO  server.RaftServerConfigKeys (ConfUtils.java:logGet(43)) - raft.server.watch.element-limit = 65536 (default)
2019-09-26 10:07:27,539 [bec07a0c-a0ea-4ddf-8714-f8e80b4d678f@group-6B68B34C7C60:LeaderElection318] INFO  impl.RoleInfo (RoleInfo.java:updateAndGet(143)) - bec07a0c-a0ea-4ddf-8714-f8e80b4d678f: start LeaderState
2019-09-26 10:07:27,539 [bec07a0c-a0ea-4ddf-8714-f8e80b4d678f@group-6B68B34C7C60:LeaderElection318] INFO  segmented.SegmentedRaftLogWorker (SegmentedRaftLogWorker.java:startLogSegment(380)) - bec07a0c-a0ea-4ddf-8714-f8e80b4d678f@group-6B68B34C7C60-SegmentedRaftLogWorker: Starting segment from index:0
2019-09-26 10:07:27,540 [bec07a0c-a0ea-4ddf-8714-f8e80b4d678f@group-6B68B34C7C60:LeaderElection318] INFO  impl.RaftServerImpl (ServerState.java:setRaftConf(354)) - bec07a0c-a0ea-4ddf-8714-f8e80b4d678f@group-6B68B34C7C60: set configuration 0: [bec07a0c-a0ea-4ddf-8714-f8e80b4d678f:192.168.30.13:42402], old=null at 0
2019-09-26 10:07:27,547 [Thread-4036] INFO  impl.FollowerState (FollowerState.java:run(106)) - 9cafecc4-59b7-45e3-9675-340d3e2c3fab:group-243018DA8377 changes to CANDIDATE, lastRpcTime:5077, electionTimeout:5077ms
2019-09-26 10:07:27,548 [Thread-4036] INFO  impl.RoleInfo (RoleInfo.java:shutdownFollowerState(121)) - 9cafecc4-59b7-45e3-9675-340d3e2c3fab: shutdown FollowerState
2019-09-26 10:07:27,548 [Thread-4036] INFO  impl.RaftServerImpl (RaftServerImpl.java:setRole(174)) - 9cafecc4-59b7-45e3-9675-340d3e2c3fab@group-243018DA8377: changes role from  FOLLOWER to CANDIDATE at term 0 for changeToCandidate
2019-09-26 10:07:27,548 [Thread-4036] INFO  impl.RoleInfo (RoleInfo.java:updateAndGet(143)) - 9cafecc4-59b7-45e3-9675-340d3e2c3fab: start LeaderElection
2019-09-26 10:07:27,579 [Thread-4030] INFO  impl.FollowerState (FollowerState.java:run(106)) - bec07a0c-a0ea-4ddf-8714-f8e80b4d678f:group-52792632C47D changes to CANDIDATE, lastRpcTime:5199, electionTimeout:5181ms
2019-09-26 10:07:27,580 [Thread-4030] INFO  impl.RoleInfo (RoleInfo.java:shutdownFollowerState(121)) - bec07a0c-a0ea-4ddf-8714-f8e80b4d678f: shutdown FollowerState
2019-09-26 10:07:27,580 [Thread-4030] INFO  impl.RaftServerImpl (RaftServerImpl.java:setRole(174)) - bec07a0c-a0ea-4ddf-8714-f8e80b4d678f@group-52792632C47D: changes role from  FOLLOWER to CANDIDATE at term 0 for changeToCandidate
2019-09-26 10:07:27,580 [Thread-4030] INFO  impl.RoleInfo (RoleInfo.java:updateAndGet(143)) - bec07a0c-a0ea-4ddf-8714-f8e80b4d678f: start LeaderElection
2019-09-26 10:07:27,592 [bec07a0c-a0ea-4ddf-8714-f8e80b4d678f@group-6B68B34C7C60-SegmentedRaftLogWorker] INFO  segmented.SegmentedRaftLogWorker (SegmentedRaftLogWorker.java:execute(569)) - bec07a0c-a0ea-4ddf-8714-f8e80b4d678f@group-6B68B34C7C60-SegmentedRaftLogWorker: created new log segment /workdir/hadoop-ozone/integration-test/target/test-dir/MiniOzoneClusterImpl-af826fcf-2e4c-4099-bed4-c1b0f0495924/datanode-3/data/ratis/c71bc32c-846b-4e90-812f-6b68b34c7c60/current/log_inprogress_0
2019-09-26 10:07:27,592 [9cafecc4-59b7-45e3-9675-340d3e2c3fab@group-243018DA8377:LeaderElection319] INFO  impl.LeaderElection (LeaderElection.java:askForVotes(182)) - 9cafecc4-59b7-45e3-9675-340d3e2c3fab@group-243018DA8377:LeaderElection319: begin an election at term 1 for -1: [9cafecc4-59b7-45e3-9675-340d3e2c3fab:192.168.30.13:33904], old=null
2019-09-26 10:07:27,592 [bec07a0c-a0ea-4ddf-8714-f8e80b4d678f@group-52792632C47D:LeaderElection320] INFO  impl.LeaderElection (LeaderElection.java:askForVotes(182)) - bec07a0c-a0ea-4ddf-8714-f8e80b4d678f@group-52792632C47D:LeaderElection320: begin an election at term 1 for -1: [bec07a0c-a0ea-4ddf-8714-f8e80b4d678f:192.168.30.13:42402], old=null
2019-09-26 10:07:27,592 [9cafecc4-59b7-45e3-9675-340d3e2c3fab@group-243018DA8377:LeaderElection319] INFO  impl.RoleInfo (RoleInfo.java:shutdownLeaderElection(134)) - 9cafecc4-59b7-45e3-9675-340d3e2c3fab: shutdown LeaderElection
2019-09-26 10:07:27,592 [bec07a0c-a0ea-4ddf-8714-f8e80b4d678f@group-52792632C47D:LeaderElection320] INFO  impl.RoleInfo (RoleInfo.java:shutdownLeaderElection(134)) - bec07a0c-a0ea-4ddf-8714-f8e80b4d678f: shutdown LeaderElection
2019-09-26 10:07:27,593 [9cafecc4-59b7-45e3-9675-340d3e2c3fab@group-243018DA8377:LeaderElection319] INFO  impl.RaftServerImpl (RaftServerImpl.java:setRole(174)) - 9cafecc4-59b7-45e3-9675-340d3e2c3fab@group-243018DA8377: changes role from CANDIDATE to LEADER at term 1 for changeToLeader
2019-09-26 10:07:27,593 [bec07a0c-a0ea-4ddf-8714-f8e80b4d678f@group-52792632C47D:LeaderElection320] INFO  impl.RaftServerImpl (RaftServerImpl.java:setRole(174)) - bec07a0c-a0ea-4ddf-8714-f8e80b4d678f@group-52792632C47D: changes role from CANDIDATE to LEADER at term 1 for changeToLeader
2019-09-26 10:07:27,593 [9cafecc4-59b7-45e3-9675-340d3e2c3fab@group-243018DA8377:LeaderElection319] INFO  impl.RaftServerImpl (ServerState.java:setLeader(253)) - 9cafecc4-59b7-45e3-9675-340d3e2c3fab@group-243018DA8377: change Leader from null to 9cafecc4-59b7-45e3-9675-340d3e2c3fab at term 1 for becomeLeader, leader elected after 5128ms
2019-09-26 10:07:27,593 [bec07a0c-a0ea-4ddf-8714-f8e80b4d678f@group-52792632C47D:LeaderElection320] INFO  impl.RaftServerImpl (ServerState.java:setLeader(253)) - bec07a0c-a0ea-4ddf-8714-f8e80b4d678f@group-52792632C47D: change Leader from null to bec07a0c-a0ea-4ddf-8714-f8e80b4d678f at term 1 for becomeLeader, leader elected after 5218ms
2019-09-26 10:07:27,593 [9cafecc4-59b7-45e3-9675-340d3e2c3fab@group-243018DA8377:LeaderElection319] INFO  server.RaftServerConfigKeys (ConfUtils.java:logGet(43)) - raft.server.staging.catchup.gap = 1000 (default)
2019-09-26 10:07:27,593 [bec07a0c-a0ea-4ddf-8714-f8e80b4d678f@group-52792632C47D:LeaderElection320] INFO  server.RaftServerConfigKeys (ConfUtils.java:logGet(43)) - raft.server.staging.catchup.gap = 1000 (default)
2019-09-26 10:07:27,593 [9cafecc4-59b7-45e3-9675-340d3e2c3fab@group-243018DA8377:LeaderElection319] INFO  server.RaftServerConfigKeys (ConfUtils.java:logGet(43)) - raft.server.rpc.sleep.time = 25ms (default)
2019-09-26 10:07:27,593 [Thread-4039] INFO  impl.FollowerState (FollowerState.java:run(106)) - e3e9c20d-70c3-4d54-9af3-1020e4c50fd3:group-EFDF868A17CE changes to CANDIDATE, lastRpcTime:5055, electionTimeout:5055ms
2019-09-26 10:07:27,594 [9cafecc4-59b7-45e3-9675-340d3e2c3fab@group-243018DA8377:LeaderElection319] INFO  server.RaftServerConfigKeys (ConfUtils.java:logGet(43)) - raft.server.write.element-limit = 4096 (default)
2019-09-26 10:07:27,593 [bec07a0c-a0ea-4ddf-8714-f8e80b4d678f@group-52792632C47D:LeaderElection320] INFO  server.RaftServerConfigKeys (ConfUtils.java:logGet(43)) - raft.server.rpc.sleep.time = 25ms (default)
2019-09-26 10:07:27,594 [9cafecc4-59b7-45e3-9675-340d3e2c3fab@group-243018DA8377:LeaderElection319] INFO  server.RaftServerConfigKeys (ConfUtils.java:logGet(43)) - raft.server.watch.timeout = 10s (default)
2019-09-26 10:07:27,594 [9cafecc4-59b7-45e3-9675-340d3e2c3fab@group-243018DA8377:LeaderElection319] INFO  server.RaftServerConfigKeys (ConfUtils.java:logGet(43)) - raft.server.watch.timeout.denomination = 1s (default)
2019-09-26 10:07:27,594 [Thread-4039] INFO  impl.RoleInfo (RoleInfo.java:shutdownFollowerState(121)) - e3e9c20d-70c3-4d54-9af3-1020e4c50fd3: shutdown FollowerState
2019-09-26 10:07:27,594 [9cafecc4-59b7-45e3-9675-340d3e2c3fab@group-243018DA8377:LeaderElection319] INFO  server.RaftServerConfigKeys (ConfUtils.java:logGet(43)) - raft.server.watch.element-limit = 65536 (default)
2019-09-26 10:07:27,594 [bec07a0c-a0ea-4ddf-8714-f8e80b4d678f@group-52792632C47D:LeaderElection320] INFO  server.RaftServerConfigKeys (ConfUtils.java:logGet(43)) - raft.server.write.element-limit = 4096 (default)
2019-09-26 10:07:27,595 [bec07a0c-a0ea-4ddf-8714-f8e80b4d678f@group-52792632C47D:LeaderElection320] INFO  server.RaftServerConfigKeys (ConfUtils.java:logGet(43)) - raft.server.watch.timeout = 10s (default)
2019-09-26 10:07:27,594 [Thread-4039] INFO  impl.RaftServerImpl (RaftServerImpl.java:setRole(174)) - e3e9c20d-70c3-4d54-9af3-1020e4c50fd3@group-EFDF868A17CE: changes role from  FOLLOWER to CANDIDATE at term 0 for changeToCandidate
2019-09-26 10:07:27,595 [bec07a0c-a0ea-4ddf-8714-f8e80b4d678f@group-52792632C47D:LeaderElection320] INFO  server.RaftServerConfigKeys (ConfUtils.java:logGet(43)) - raft.server.watch.timeout.denomination = 1s (default)
2019-09-26 10:07:27,595 [Thread-4039] INFO  impl.RoleInfo (RoleInfo.java:updateAndGet(143)) - e3e9c20d-70c3-4d54-9af3-1020e4c50fd3: start LeaderElection
2019-09-26 10:07:27,595 [bec07a0c-a0ea-4ddf-8714-f8e80b4d678f@group-52792632C47D:LeaderElection320] INFO  server.RaftServerConfigKeys (ConfUtils.java:logGet(43)) - raft.server.watch.element-limit = 65536 (default)
2019-09-26 10:07:27,601 [9cafecc4-59b7-45e3-9675-340d3e2c3fab@group-243018DA8377:LeaderElection319] INFO  impl.RoleInfo (RoleInfo.java:updateAndGet(143)) - 9cafecc4-59b7-45e3-9675-340d3e2c3fab: start LeaderState
2019-09-26 10:07:27,601 [9cafecc4-59b7-45e3-9675-340d3e2c3fab@group-243018DA8377:LeaderElection319] INFO  segmented.SegmentedRaftLogWorker (SegmentedRaftLogWorker.java:startLogSegment(380)) - 9cafecc4-59b7-45e3-9675-340d3e2c3fab@group-243018DA8377-SegmentedRaftLogWorker: Starting segment from index:0
2019-09-26 10:07:27,601 [bec07a0c-a0ea-4ddf-8714-f8e80b4d678f@group-52792632C47D:LeaderElection320] INFO  impl.RoleInfo (RoleInfo.java:updateAndGet(143)) - bec07a0c-a0ea-4ddf-8714-f8e80b4d678f: start LeaderState
2019-09-26 10:07:27,601 [9cafecc4-59b7-45e3-9675-340d3e2c3fab@group-243018DA8377:LeaderElection319] INFO  impl.RaftServerImpl (ServerState.java:setRaftConf(354)) - 9cafecc4-59b7-45e3-9675-340d3e2c3fab@group-243018DA8377: set configuration 0: [9cafecc4-59b7-45e3-9675-340d3e2c3fab:192.168.30.13:33904], old=null at 0
2019-09-26 10:07:27,602 [bec07a0c-a0ea-4ddf-8714-f8e80b4d678f@group-52792632C47D:LeaderElection320] INFO  segmented.SegmentedRaftLogWorker (SegmentedRaftLogWorker.java:startLogSegment(380)) - bec07a0c-a0ea-4ddf-8714-f8e80b4d678f@group-52792632C47D-SegmentedRaftLogWorker: Starting segment from index:0
2019-09-26 10:07:27,602 [bec07a0c-a0ea-4ddf-8714-f8e80b4d678f@group-52792632C47D:LeaderElection320] INFO  impl.RaftServerImpl (ServerState.java:setRaftConf(354)) - bec07a0c-a0ea-4ddf-8714-f8e80b4d678f@group-52792632C47D: set configuration 0: [bec07a0c-a0ea-4ddf-8714-f8e80b4d678f:192.168.30.13:42402], old=null at 0
2019-09-26 10:07:27,614 [e3e9c20d-70c3-4d54-9af3-1020e4c50fd3@group-EFDF868A17CE:LeaderElection321] INFO  impl.LeaderElection (LeaderElection.java:askForVotes(182)) - e3e9c20d-70c3-4d54-9af3-1020e4c50fd3@group-EFDF868A17CE:LeaderElection321: begin an election at term 1 for -1: [e3e9c20d-70c3-4d54-9af3-1020e4c50fd3:192.168.30.13:44355], old=null
2019-09-26 10:07:27,614 [e3e9c20d-70c3-4d54-9af3-1020e4c50fd3@group-EFDF868A17CE:LeaderElection321] INFO  impl.RoleInfo (RoleInfo.java:shutdownLeaderElection(134)) - e3e9c20d-70c3-4d54-9af3-1020e4c50fd3: shutdown LeaderElection
2019-09-26 10:07:27,614 [e3e9c20d-70c3-4d54-9af3-1020e4c50fd3@group-EFDF868A17CE:LeaderElection321] INFO  impl.RaftServerImpl (RaftServerImpl.java:setRole(174)) - e3e9c20d-70c3-4d54-9af3-1020e4c50fd3@group-EFDF868A17CE: changes role from CANDIDATE to LEADER at term 1 for changeToLeader
2019-09-26 10:07:27,614 [e3e9c20d-70c3-4d54-9af3-1020e4c50fd3@group-EFDF868A17CE:LeaderElection321] INFO  impl.RaftServerImpl (ServerState.java:setLeader(253)) - e3e9c20d-70c3-4d54-9af3-1020e4c50fd3@group-EFDF868A17CE: change Leader from null to e3e9c20d-70c3-4d54-9af3-1020e4c50fd3 at term 1 for becomeLeader, leader elected after 5084ms
2019-09-26 10:07:27,614 [e3e9c20d-70c3-4d54-9af3-1020e4c50fd3@group-EFDF868A17CE:LeaderElection321] INFO  server.RaftServerConfigKeys (ConfUtils.java:logGet(43)) - raft.server.staging.catchup.gap = 1000 (default)
2019-09-26 10:07:27,614 [e3e9c20d-70c3-4d54-9af3-1020e4c50fd3@group-EFDF868A17CE:LeaderElection321] INFO  server.RaftServerConfigKeys (ConfUtils.java:logGet(43)) - raft.server.rpc.sleep.time = 25ms (default)
2019-09-26 10:07:27,614 [e3e9c20d-70c3-4d54-9af3-1020e4c50fd3@group-EFDF868A17CE:LeaderElection321] INFO  server.RaftServerConfigKeys (ConfUtils.java:logGet(43)) - raft.server.write.element-limit = 4096 (default)
2019-09-26 10:07:27,615 [e3e9c20d-70c3-4d54-9af3-1020e4c50fd3@group-EFDF868A17CE:LeaderElection321] INFO  server.RaftServerConfigKeys (ConfUtils.java:logGet(43)) - raft.server.watch.timeout = 10s (default)
2019-09-26 10:07:27,615 [e3e9c20d-70c3-4d54-9af3-1020e4c50fd3@group-EFDF868A17CE:LeaderElection321] INFO  server.RaftServerConfigKeys (ConfUtils.java:logGet(43)) - raft.server.watch.timeout.denomination = 1s (default)
2019-09-26 10:07:27,615 [e3e9c20d-70c3-4d54-9af3-1020e4c50fd3@group-EFDF868A17CE:LeaderElection321] INFO  server.RaftServerConfigKeys (ConfUtils.java:logGet(43)) - raft.server.watch.element-limit = 65536 (default)
2019-09-26 10:07:27,617 [e3e9c20d-70c3-4d54-9af3-1020e4c50fd3@group-EFDF868A17CE:LeaderElection321] INFO  impl.RoleInfo (RoleInfo.java:updateAndGet(143)) - e3e9c20d-70c3-4d54-9af3-1020e4c50fd3: start LeaderState
2019-09-26 10:07:27,617 [e3e9c20d-70c3-4d54-9af3-1020e4c50fd3@group-EFDF868A17CE:LeaderElection321] INFO  segmented.SegmentedRaftLogWorker (SegmentedRaftLogWorker.java:startLogSegment(380)) - e3e9c20d-70c3-4d54-9af3-1020e4c50fd3@group-EFDF868A17CE-SegmentedRaftLogWorker: Starting segment from index:0
2019-09-26 10:07:27,617 [e3e9c20d-70c3-4d54-9af3-1020e4c50fd3@group-EFDF868A17CE:LeaderElection321] INFO  impl.RaftServerImpl (ServerState.java:setRaftConf(354)) - e3e9c20d-70c3-4d54-9af3-1020e4c50fd3@group-EFDF868A17CE: set configuration 0: [e3e9c20d-70c3-4d54-9af3-1020e4c50fd3:192.168.30.13:44355], old=null at 0
2019-09-26 10:07:27,617 [Thread-4033] INFO  impl.FollowerState (FollowerState.java:run(106)) - bec07a0c-a0ea-4ddf-8714-f8e80b4d678f:group-434F9C7C5A2D changes to CANDIDATE, lastRpcTime:5197, electionTimeout:5197ms
2019-09-26 10:07:27,618 [Thread-4033] INFO  impl.RoleInfo (RoleInfo.java:shutdownFollowerState(121)) - bec07a0c-a0ea-4ddf-8714-f8e80b4d678f: shutdown FollowerState
2019-09-26 10:07:27,618 [Thread-4033] INFO  impl.RaftServerImpl (RaftServerImpl.java:setRole(174)) - bec07a0c-a0ea-4ddf-8714-f8e80b4d678f@group-434F9C7C5A2D: changes role from  FOLLOWER to CANDIDATE at term 0 for changeToCandidate
2019-09-26 10:07:27,618 [Thread-4033] INFO  impl.RoleInfo (RoleInfo.java:updateAndGet(143)) - bec07a0c-a0ea-4ddf-8714-f8e80b4d678f: start LeaderElection
2019-09-26 10:07:27,656 [Thread-4042] INFO  impl.FollowerState (FollowerState.java:run(106)) - d1f6f5bd-a733-436d-b89d-c17e8804c490:group-3FFC298E1CE9 changes to CANDIDATE, lastRpcTime:5062, electionTimeout:5057ms
2019-09-26 10:07:27,657 [Thread-4042] INFO  impl.RoleInfo (RoleInfo.java:shutdownFollowerState(121)) - d1f6f5bd-a733-436d-b89d-c17e8804c490: shutdown FollowerState
2019-09-26 10:07:27,657 [Thread-4042] INFO  impl.RaftServerImpl (RaftServerImpl.java:setRole(174)) - d1f6f5bd-a733-436d-b89d-c17e8804c490@group-3FFC298E1CE9: changes role from  FOLLOWER to CANDIDATE at term 0 for changeToCandidate
2019-09-26 10:07:27,657 [Thread-4042] INFO  impl.RoleInfo (RoleInfo.java:updateAndGet(143)) - d1f6f5bd-a733-436d-b89d-c17e8804c490: start LeaderElection
2019-09-26 10:07:27,677 [e3e9c20d-70c3-4d54-9af3-1020e4c50fd3@group-EFDF868A17CE-SegmentedRaftLogWorker] INFO  segmented.SegmentedRaftLogWorker (SegmentedRaftLogWorker.java:execute(569)) - e3e9c20d-70c3-4d54-9af3-1020e4c50fd3@group-EFDF868A17CE-SegmentedRaftLogWorker: created new log segment /workdir/hadoop-ozone/integration-test/target/test-dir/MiniOzoneClusterImpl-af826fcf-2e4c-4099-bed4-c1b0f0495924/datanode-6/data/ratis/0d49984f-c556-464f-9900-efdf868a17ce/current/log_inprogress_0
2019-09-26 10:07:27,677 [Thread-4045] INFO  impl.FollowerState (FollowerState.java:run(106)) - 9cafecc4-59b7-45e3-9675-340d3e2c3fab:group-8EDDA6DEAB50 changes to CANDIDATE, lastRpcTime:5033, electionTimeout:5019ms
2019-09-26 10:07:27,678 [Thread-4045] INFO  impl.RoleInfo (RoleInfo.java:shutdownFollowerState(121)) - 9cafecc4-59b7-45e3-9675-340d3e2c3fab: shutdown FollowerState
2019-09-26 10:07:27,678 [Thread-4045] INFO  impl.RaftServerImpl (RaftServerImpl.java:setRole(174)) - 9cafecc4-59b7-45e3-9675-340d3e2c3fab@group-8EDDA6DEAB50: changes role from  FOLLOWER to CANDIDATE at term 0 for changeToCandidate
2019-09-26 10:07:27,678 [Thread-4045] INFO  impl.RoleInfo (RoleInfo.java:updateAndGet(143)) - 9cafecc4-59b7-45e3-9675-340d3e2c3fab: start LeaderElection
2019-09-26 10:07:27,691 [9cafecc4-59b7-45e3-9675-340d3e2c3fab@group-243018DA8377-SegmentedRaftLogWorker] INFO  segmented.SegmentedRaftLogWorker (SegmentedRaftLogWorker.java:execute(569)) - 9cafecc4-59b7-45e3-9675-340d3e2c3fab@group-243018DA8377-SegmentedRaftLogWorker: created new log segment /workdir/hadoop-ozone/integration-test/target/test-dir/MiniOzoneClusterImpl-af826fcf-2e4c-4099-bed4-c1b0f0495924/datanode-2/data/ratis/e6ac5aa8-0fb8-40f0-9349-243018da8377/current/log_inprogress_0
2019-09-26 10:07:27,691 [bec07a0c-a0ea-4ddf-8714-f8e80b4d678f@group-52792632C47D-SegmentedRaftLogWorker] INFO  segmented.SegmentedRaftLogWorker (SegmentedRaftLogWorker.java:execute(569)) - bec07a0c-a0ea-4ddf-8714-f8e80b4d678f@group-52792632C47D-SegmentedRaftLogWorker: created new log segment /workdir/hadoop-ozone/integration-test/target/test-dir/MiniOzoneClusterImpl-af826fcf-2e4c-4099-bed4-c1b0f0495924/datanode-3/data/ratis/25c88908-874b-410b-b81f-52792632c47d/current/log_inprogress_0
2019-09-26 10:07:27,691 [9cafecc4-59b7-45e3-9675-340d3e2c3fab@group-8EDDA6DEAB50:LeaderElection324] INFO  impl.LeaderElection (LeaderElection.java:askForVotes(182)) - 9cafecc4-59b7-45e3-9675-340d3e2c3fab@group-8EDDA6DEAB50:LeaderElection324: begin an election at term 1 for -1: [9cafecc4-59b7-45e3-9675-340d3e2c3fab:192.168.30.13:33904], old=null
2019-09-26 10:07:27,691 [bec07a0c-a0ea-4ddf-8714-f8e80b4d678f@group-434F9C7C5A2D:LeaderElection322] INFO  impl.LeaderElection (LeaderElection.java:askForVotes(182)) - bec07a0c-a0ea-4ddf-8714-f8e80b4d678f@group-434F9C7C5A2D:LeaderElection322: begin an election at term 1 for -1: [bec07a0c-a0ea-4ddf-8714-f8e80b4d678f:192.168.30.13:42402], old=null
2019-09-26 10:07:27,691 [d1f6f5bd-a733-436d-b89d-c17e8804c490@group-3FFC298E1CE9:LeaderElection323] INFO  impl.LeaderElection (LeaderElection.java:askForVotes(182)) - d1f6f5bd-a733-436d-b89d-c17e8804c490@group-3FFC298E1CE9:LeaderElection323: begin an election at term 1 for -1: [d1f6f5bd-a733-436d-b89d-c17e8804c490:192.168.30.13:37835], old=null
2019-09-26 10:07:27,692 [bec07a0c-a0ea-4ddf-8714-f8e80b4d678f@group-434F9C7C5A2D:LeaderElection322] INFO  impl.RoleInfo (RoleInfo.java:shutdownLeaderElection(134)) - bec07a0c-a0ea-4ddf-8714-f8e80b4d678f: shutdown LeaderElection
2019-09-26 10:07:27,691 [9cafecc4-59b7-45e3-9675-340d3e2c3fab@group-8EDDA6DEAB50:LeaderElection324] INFO  impl.RoleInfo (RoleInfo.java:shutdownLeaderElection(134)) - 9cafecc4-59b7-45e3-9675-340d3e2c3fab: shutdown LeaderElection
2019-09-26 10:07:27,692 [bec07a0c-a0ea-4ddf-8714-f8e80b4d678f@group-434F9C7C5A2D:LeaderElection322] INFO  impl.RaftServerImpl (RaftServerImpl.java:setRole(174)) - bec07a0c-a0ea-4ddf-8714-f8e80b4d678f@group-434F9C7C5A2D: changes role from CANDIDATE to LEADER at term 1 for changeToLeader
2019-09-26 10:07:27,692 [d1f6f5bd-a733-436d-b89d-c17e8804c490@group-3FFC298E1CE9:LeaderElection323] INFO  impl.RoleInfo (RoleInfo.java:shutdownLeaderElection(134)) - d1f6f5bd-a733-436d-b89d-c17e8804c490: shutdown LeaderElection
2019-09-26 10:07:27,692 [bec07a0c-a0ea-4ddf-8714-f8e80b4d678f@group-434F9C7C5A2D:LeaderElection322] INFO  impl.RaftServerImpl (ServerState.java:setLeader(253)) - bec07a0c-a0ea-4ddf-8714-f8e80b4d678f@group-434F9C7C5A2D: change Leader from null to bec07a0c-a0ea-4ddf-8714-f8e80b4d678f at term 1 for becomeLeader, leader elected after 5277ms
2019-09-26 10:07:27,692 [9cafecc4-59b7-45e3-9675-340d3e2c3fab@group-8EDDA6DEAB50:LeaderElection324] INFO  impl.RaftServerImpl (RaftServerImpl.java:setRole(174)) - 9cafecc4-59b7-45e3-9675-340d3e2c3fab@group-8EDDA6DEAB50: changes role from CANDIDATE to LEADER at term 1 for changeToLeader
2019-09-26 10:07:27,692 [bec07a0c-a0ea-4ddf-8714-f8e80b4d678f@group-434F9C7C5A2D:LeaderElection322] INFO  server.RaftServerConfigKeys (ConfUtils.java:logGet(43)) - raft.server.staging.catchup.gap = 1000 (default)
2019-09-26 10:07:27,692 [d1f6f5bd-a733-436d-b89d-c17e8804c490@group-3FFC298E1CE9:LeaderElection323] INFO  impl.RaftServerImpl (RaftServerImpl.java:setRole(174)) - d1f6f5bd-a733-436d-b89d-c17e8804c490@group-3FFC298E1CE9: changes role from CANDIDATE to LEADER at term 1 for changeToLeader
2019-09-26 10:07:27,692 [bec07a0c-a0ea-4ddf-8714-f8e80b4d678f@group-434F9C7C5A2D:LeaderElection322] INFO  server.RaftServerConfigKeys (ConfUtils.java:logGet(43)) - raft.server.rpc.sleep.time = 25ms (default)
2019-09-26 10:07:27,692 [9cafecc4-59b7-45e3-9675-340d3e2c3fab@group-8EDDA6DEAB50:LeaderElection324] INFO  impl.RaftServerImpl (ServerState.java:setLeader(253)) - 9cafecc4-59b7-45e3-9675-340d3e2c3fab@group-8EDDA6DEAB50: change Leader from null to 9cafecc4-59b7-45e3-9675-340d3e2c3fab at term 1 for becomeLeader, leader elected after 5053ms
2019-09-26 10:07:27,693 [bec07a0c-a0ea-4ddf-8714-f8e80b4d678f@group-434F9C7C5A2D:LeaderElection322] INFO  server.RaftServerConfigKeys (ConfUtils.java:logGet(43)) - raft.server.write.element-limit = 4096 (default)
2019-09-26 10:07:27,692 [d1f6f5bd-a733-436d-b89d-c17e8804c490@group-3FFC298E1CE9:LeaderElection323] INFO  impl.RaftServerImpl (ServerState.java:setLeader(253)) - d1f6f5bd-a733-436d-b89d-c17e8804c490@group-3FFC298E1CE9: change Leader from null to d1f6f5bd-a733-436d-b89d-c17e8804c490 at term 1 for becomeLeader, leader elected after 5108ms
2019-09-26 10:07:27,693 [bec07a0c-a0ea-4ddf-8714-f8e80b4d678f@group-434F9C7C5A2D:LeaderElection322] INFO  server.RaftServerConfigKeys (ConfUtils.java:logGet(43)) - raft.server.watch.timeout = 10s (default)
2019-09-26 10:07:27,693 [9cafecc4-59b7-45e3-9675-340d3e2c3fab@group-8EDDA6DEAB50:LeaderElection324] INFO  server.RaftServerConfigKeys (ConfUtils.java:logGet(43)) - raft.server.staging.catchup.gap = 1000 (default)
2019-09-26 10:07:27,693 [bec07a0c-a0ea-4ddf-8714-f8e80b4d678f@group-434F9C7C5A2D:LeaderElection322] INFO  server.RaftServerConfigKeys (ConfUtils.java:logGet(43)) - raft.server.watch.timeout.denomination = 1s (default)
2019-09-26 10:07:27,693 [d1f6f5bd-a733-436d-b89d-c17e8804c490@group-3FFC298E1CE9:LeaderElection323] INFO  server.RaftServerConfigKeys (ConfUtils.java:logGet(43)) - raft.server.staging.catchup.gap = 1000 (default)
2019-09-26 10:07:27,693 [bec07a0c-a0ea-4ddf-8714-f8e80b4d678f@group-434F9C7C5A2D:LeaderElection322] INFO  server.RaftServerConfigKeys (ConfUtils.java:logGet(43)) - raft.server.watch.element-limit = 65536 (default)
2019-09-26 10:07:27,693 [9cafecc4-59b7-45e3-9675-340d3e2c3fab@group-8EDDA6DEAB50:LeaderElection324] INFO  server.RaftServerConfigKeys (ConfUtils.java:logGet(43)) - raft.server.rpc.sleep.time = 25ms (default)
2019-09-26 10:07:27,693 [d1f6f5bd-a733-436d-b89d-c17e8804c490@group-3FFC298E1CE9:LeaderElection323] INFO  server.RaftServerConfigKeys (ConfUtils.java:logGet(43)) - raft.server.rpc.sleep.time = 25ms (default)
2019-09-26 10:07:27,694 [9cafecc4-59b7-45e3-9675-340d3e2c3fab@group-8EDDA6DEAB50:LeaderElection324] INFO  server.RaftServerConfigKeys (ConfUtils.java:logGet(43)) - raft.server.write.element-limit = 4096 (default)
2019-09-26 10:07:27,694 [d1f6f5bd-a733-436d-b89d-c17e8804c490@group-3FFC298E1CE9:LeaderElection323] INFO  server.RaftServerConfigKeys (ConfUtils.java:logGet(43)) - raft.server.write.element-limit = 4096 (default)
2019-09-26 10:07:27,694 [9cafecc4-59b7-45e3-9675-340d3e2c3fab@group-8EDDA6DEAB50:LeaderElection324] INFO  server.RaftServerConfigKeys (ConfUtils.java:logGet(43)) - raft.server.watch.timeout = 10s (default)
2019-09-26 10:07:27,694 [d1f6f5bd-a733-436d-b89d-c17e8804c490@group-3FFC298E1CE9:LeaderElection323] INFO  server.RaftServerConfigKeys (ConfUtils.java:logGet(43)) - raft.server.watch.timeout = 10s (default)
2019-09-26 10:07:27,694 [9cafecc4-59b7-45e3-9675-340d3e2c3fab@group-8EDDA6DEAB50:LeaderElection324] INFO  server.RaftServerConfigKeys (ConfUtils.java:logGet(43)) - raft.server.watch.timeout.denomination = 1s (default)
2019-09-26 10:07:27,694 [d1f6f5bd-a733-436d-b89d-c17e8804c490@group-3FFC298E1CE9:LeaderElection323] INFO  server.RaftServerConfigKeys (ConfUtils.java:logGet(43)) - raft.server.watch.timeout.denomination = 1s (default)
2019-09-26 10:07:27,694 [9cafecc4-59b7-45e3-9675-340d3e2c3fab@group-8EDDA6DEAB50:LeaderElection324] INFO  server.RaftServerConfigKeys (ConfUtils.java:logGet(43)) - raft.server.watch.element-limit = 65536 (default)
2019-09-26 10:07:27,694 [d1f6f5bd-a733-436d-b89d-c17e8804c490@group-3FFC298E1CE9:LeaderElection323] INFO  server.RaftServerConfigKeys (ConfUtils.java:logGet(43)) - raft.server.watch.element-limit = 65536 (default)
2019-09-26 10:07:27,695 [bec07a0c-a0ea-4ddf-8714-f8e80b4d678f@group-434F9C7C5A2D:LeaderElection322] INFO  impl.RoleInfo (RoleInfo.java:updateAndGet(143)) - bec07a0c-a0ea-4ddf-8714-f8e80b4d678f: start LeaderState
2019-09-26 10:07:27,695 [bec07a0c-a0ea-4ddf-8714-f8e80b4d678f@group-434F9C7C5A2D:LeaderElection322] INFO  segmented.SegmentedRaftLogWorker (SegmentedRaftLogWorker.java:startLogSegment(380)) - bec07a0c-a0ea-4ddf-8714-f8e80b4d678f@group-434F9C7C5A2D-SegmentedRaftLogWorker: Starting segment from index:0
2019-09-26 10:07:27,696 [bec07a0c-a0ea-4ddf-8714-f8e80b4d678f@group-434F9C7C5A2D:LeaderElection322] INFO  impl.RaftServerImpl (ServerState.java:setRaftConf(354)) - bec07a0c-a0ea-4ddf-8714-f8e80b4d678f@group-434F9C7C5A2D: set configuration 0: [bec07a0c-a0ea-4ddf-8714-f8e80b4d678f:192.168.30.13:42402], old=null at 0
2019-09-26 10:07:27,698 [9cafecc4-59b7-45e3-9675-340d3e2c3fab@group-8EDDA6DEAB50:LeaderElection324] INFO  impl.RoleInfo (RoleInfo.java:updateAndGet(143)) - 9cafecc4-59b7-45e3-9675-340d3e2c3fab: start LeaderState
2019-09-26 10:07:27,698 [d1f6f5bd-a733-436d-b89d-c17e8804c490@group-3FFC298E1CE9:LeaderElection323] INFO  impl.RoleInfo (RoleInfo.java:updateAndGet(143)) - d1f6f5bd-a733-436d-b89d-c17e8804c490: start LeaderState
2019-09-26 10:07:27,698 [9cafecc4-59b7-45e3-9675-340d3e2c3fab@group-8EDDA6DEAB50:LeaderElection324] INFO  segmented.SegmentedRaftLogWorker (SegmentedRaftLogWorker.java:startLogSegment(380)) - 9cafecc4-59b7-45e3-9675-340d3e2c3fab@group-8EDDA6DEAB50-SegmentedRaftLogWorker: Starting segment from index:0
2019-09-26 10:07:27,698 [d1f6f5bd-a733-436d-b89d-c17e8804c490@group-3FFC298E1CE9:LeaderElection323] INFO  segmented.SegmentedRaftLogWorker (SegmentedRaftLogWorker.java:startLogSegment(380)) - d1f6f5bd-a733-436d-b89d-c17e8804c490@group-3FFC298E1CE9-SegmentedRaftLogWorker: Starting segment from index:0
2019-09-26 10:07:27,698 [9cafecc4-59b7-45e3-9675-340d3e2c3fab@group-8EDDA6DEAB50:LeaderElection324] INFO  impl.RaftServerImpl (ServerState.java:setRaftConf(354)) - 9cafecc4-59b7-45e3-9675-340d3e2c3fab@group-8EDDA6DEAB50: set configuration 0: [9cafecc4-59b7-45e3-9675-340d3e2c3fab:192.168.30.13:33904], old=null at 0
2019-09-26 10:07:28,393 [Thread-4090] INFO  impl.FollowerState (FollowerState.java:run(106)) - d1f6f5bd-a733-436d-b89d-c17e8804c490:group-1098318319A7 changes to CANDIDATE, lastRpcTime:5196, electionTimeout:5076ms
2019-09-26 10:07:28,395 [Thread-4078] INFO  impl.FollowerState (FollowerState.java:run(106)) - 5004b7af-11c5-4c34-b2aa-0091a090c65f:group-172828DAF1D9 changes to CANDIDATE, lastRpcTime:5379, electionTimeout:5118ms
2019-09-26 10:07:28,395 [Thread-4072] INFO  impl.FollowerState (FollowerState.java:run(106)) - 5004b7af-11c5-4c34-b2aa-0091a090c65f:group-F1A3F15E6558 changes to CANDIDATE, lastRpcTime:5419, electionTimeout:5170ms
2019-09-26 10:07:28,394 [Thread-4087] INFO  impl.FollowerState (FollowerState.java:run(106)) - d1f6f5bd-a733-436d-b89d-c17e8804c490:group-40492E8DC6CB changes to CANDIDATE, lastRpcTime:5238, electionTimeout:5014ms
2019-09-26 10:07:28,393 [Thread-4081] INFO  impl.FollowerState (FollowerState.java:run(106)) - d1f6f5bd-a733-436d-b89d-c17e8804c490:group-168BC434C84B changes to CANDIDATE, lastRpcTime:5316, electionTimeout:5141ms
2019-09-26 10:07:28,393 [Thread-4084] INFO  impl.FollowerState (FollowerState.java:run(106)) - 5004b7af-11c5-4c34-b2aa-0091a090c65f:group-B827DDAB9806 changes to CANDIDATE, lastRpcTime:5275, electionTimeout:5116ms
2019-09-26 10:07:28,416 [Thread-4095] INFO  impl.FollowerState (FollowerState.java:run(106)) - e3e9c20d-70c3-4d54-9af3-1020e4c50fd3:group-8A67FAE9C03C changes to CANDIDATE, lastRpcTime:5088, electionTimeout:5087ms
2019-09-26 10:07:28,411 [Thread-4081] INFO  impl.RoleInfo (RoleInfo.java:shutdownFollowerState(121)) - d1f6f5bd-a733-436d-b89d-c17e8804c490: shutdown FollowerState
2019-09-26 10:07:28,408 [Thread-4087] INFO  impl.RoleInfo (RoleInfo.java:shutdownFollowerState(121)) - d1f6f5bd-a733-436d-b89d-c17e8804c490: shutdown FollowerState
2019-09-26 10:07:28,408 [Thread-4048] WARN  util.JavaUtils (JavaUtils.java:sleep(250)) - Unexpected long sleep: sleep(5033ms) actually took 5719ms which is over the threshold 300ms
2019-09-26 10:07:28,406 [d1f6f5bd-a733-436d-b89d-c17e8804c490@group-3FFC298E1CE9:LeaderElection323] INFO  impl.RaftServerImpl (ServerState.java:setRaftConf(354)) - d1f6f5bd-a733-436d-b89d-c17e8804c490@group-3FFC298E1CE9: set configuration 0: [d1f6f5bd-a733-436d-b89d-c17e8804c490:192.168.30.13:37835], old=null at 0
2019-09-26 10:07:28,405 [Thread-4072] INFO  impl.RoleInfo (RoleInfo.java:shutdownFollowerState(121)) - 5004b7af-11c5-4c34-b2aa-0091a090c65f: shutdown FollowerState
2019-09-26 10:07:28,405 [Thread-4051] WARN  util.JavaUtils (JavaUtils.java:sleep(250)) - Unexpected long sleep: sleep(5053ms) actually took 5674ms which is over the threshold 300ms
2019-09-26 10:07:28,405 [Thread-4057] WARN  util.JavaUtils (JavaUtils.java:sleep(250)) - Unexpected long sleep: sleep(5118ms) actually took 5579ms which is over the threshold 300ms
2019-09-26 10:07:28,405 [Thread-4054] WARN  util.JavaUtils (JavaUtils.java:sleep(250)) - Unexpected long sleep: sleep(5030ms) actually took 5624ms which is over the threshold 300ms
2019-09-26 10:07:28,400 [Thread-4078] INFO  impl.RoleInfo (RoleInfo.java:shutdownFollowerState(121)) - 5004b7af-11c5-4c34-b2aa-0091a090c65f: shutdown FollowerState
2019-09-26 10:07:28,400 [Thread-4066] WARN  util.JavaUtils (JavaUtils.java:sleep(250)) - Unexpected long sleep: sleep(5107ms) actually took 5466ms which is over the threshold 300ms
2019-09-26 10:07:28,400 [Thread-4063] WARN  util.JavaUtils (JavaUtils.java:sleep(250)) - Unexpected long sleep: sleep(5084ms) actually took 5503ms which is over the threshold 300ms
2019-09-26 10:07:28,400 [Thread-4060] WARN  util.JavaUtils (JavaUtils.java:sleep(250)) - Unexpected long sleep: sleep(5171ms) actually took 5534ms which is over the threshold 300ms
2019-09-26 10:07:28,400 [Thread-4069] WARN  util.JavaUtils (JavaUtils.java:sleep(250)) - Unexpected long sleep: sleep(5121ms) actually took 5440ms which is over the threshold 300ms
2019-09-26 10:07:28,400 [Thread-4075] WARN  util.JavaUtils (JavaUtils.java:sleep(250)) - Unexpected long sleep: sleep(5058ms) actually took 5401ms which is over the threshold 300ms
2019-09-26 10:07:28,397 [Thread-4090] INFO  impl.RoleInfo (RoleInfo.java:shutdownFollowerState(121)) - d1f6f5bd-a733-436d-b89d-c17e8804c490: shutdown FollowerState
2019-09-26 10:07:28,476 [bec07a0c-a0ea-4ddf-8714-f8e80b4d678f@group-434F9C7C5A2D-SegmentedRaftLogWorker] INFO  segmented.SegmentedRaftLogWorker (SegmentedRaftLogWorker.java:execute(569)) - bec07a0c-a0ea-4ddf-8714-f8e80b4d678f@group-434F9C7C5A2D-SegmentedRaftLogWorker: created new log segment /workdir/hadoop-ozone/integration-test/target/test-dir/MiniOzoneClusterImpl-af826fcf-2e4c-4099-bed4-c1b0f0495924/datanode-3/data/ratis/ad4b20e6-386a-42ad-b35a-434f9c7c5a2d/current/log_inprogress_0
2019-09-26 10:07:28,468 [Thread-4078] INFO  impl.RaftServerImpl (RaftServerImpl.java:setRole(174)) - 5004b7af-11c5-4c34-b2aa-0091a090c65f@group-172828DAF1D9: changes role from  FOLLOWER to CANDIDATE at term 0 for changeToCandidate
2019-09-26 10:07:28,455 [Thread-4072] INFO  impl.RaftServerImpl (RaftServerImpl.java:setRole(174)) - 5004b7af-11c5-4c34-b2aa-0091a090c65f@group-F1A3F15E6558: changes role from  FOLLOWER to CANDIDATE at term 0 for changeToCandidate
2019-09-26 10:07:28,449 [Thread-4087] INFO  impl.RaftServerImpl (RaftServerImpl.java:setRole(174)) - d1f6f5bd-a733-436d-b89d-c17e8804c490@group-40492E8DC6CB: changes role from  FOLLOWER to CANDIDATE at term 0 for changeToCandidate
2019-09-26 10:07:28,507 [Thread-4072] INFO  impl.RoleInfo (RoleInfo.java:updateAndGet(143)) - 5004b7af-11c5-4c34-b2aa-0091a090c65f: start LeaderElection
2019-09-26 10:07:28,440 [Thread-4081] INFO  impl.RaftServerImpl (RaftServerImpl.java:setRole(174)) - d1f6f5bd-a733-436d-b89d-c17e8804c490@group-168BC434C84B: changes role from  FOLLOWER to CANDIDATE at term 0 for changeToCandidate
2019-09-26 10:07:28,433 [Thread-4095] INFO  impl.RoleInfo (RoleInfo.java:shutdownFollowerState(121)) - e3e9c20d-70c3-4d54-9af3-1020e4c50fd3: shutdown FollowerState
2019-09-26 10:07:28,430 [Thread-4084] INFO  impl.RoleInfo (RoleInfo.java:shutdownFollowerState(121)) - 5004b7af-11c5-4c34-b2aa-0091a090c65f: shutdown FollowerState
2019-09-26 10:07:28,423 [Thread-4098] INFO  impl.FollowerState (FollowerState.java:run(106)) - 5004b7af-11c5-4c34-b2aa-0091a090c65f:group-E87AE8E084F5 changes to CANDIDATE, lastRpcTime:5010, electionTimeout:5009ms
2019-09-26 10:07:28,543 [Thread-4084] INFO  impl.RaftServerImpl (RaftServerImpl.java:setRole(174)) - 5004b7af-11c5-4c34-b2aa-0091a090c65f@group-B827DDAB9806: changes role from  FOLLOWER to CANDIDATE at term 0 for changeToCandidate
2019-09-26 10:07:28,534 [Thread-4095] INFO  impl.RaftServerImpl (RaftServerImpl.java:setRole(174)) - e3e9c20d-70c3-4d54-9af3-1020e4c50fd3@group-8A67FAE9C03C: changes role from  FOLLOWER to CANDIDATE at term 0 for changeToCandidate
2019-09-26 10:07:28,521 [Thread-4081] INFO  impl.RoleInfo (RoleInfo.java:updateAndGet(143)) - d1f6f5bd-a733-436d-b89d-c17e8804c490: start LeaderElection
2019-09-26 10:07:28,512 [Thread-4087] INFO  impl.RoleInfo (RoleInfo.java:updateAndGet(143)) - d1f6f5bd-a733-436d-b89d-c17e8804c490: start LeaderElection
2019-09-26 10:07:28,502 [Thread-4078] INFO  impl.RoleInfo (RoleInfo.java:updateAndGet(143)) - 5004b7af-11c5-4c34-b2aa-0091a090c65f: start LeaderElection
2019-09-26 10:07:28,478 [Thread-4090] INFO  impl.RaftServerImpl (RaftServerImpl.java:setRole(174)) - d1f6f5bd-a733-436d-b89d-c17e8804c490@group-1098318319A7: changes role from  FOLLOWER to CANDIDATE at term 0 for changeToCandidate
2019-09-26 10:07:28,571 [Thread-4095] INFO  impl.RoleInfo (RoleInfo.java:updateAndGet(143)) - e3e9c20d-70c3-4d54-9af3-1020e4c50fd3: start LeaderElection
2019-09-26 10:07:28,708 [Thread-4101] INFO  impl.FollowerState (FollowerState.java:run(106)) - 5004b7af-11c5-4c34-b2aa-0091a090c65f:group-B962712EDC9B changes to CANDIDATE, lastRpcTime:5156, electionTimeout:5150ms
2019-09-26 10:07:28,565 [Thread-4098] INFO  impl.RoleInfo (RoleInfo.java:shutdownFollowerState(121)) - 5004b7af-11c5-4c34-b2aa-0091a090c65f: shutdown FollowerState
2019-09-26 10:07:28,565 [Thread-4084] INFO  impl.RoleInfo (RoleInfo.java:updateAndGet(143)) - 5004b7af-11c5-4c34-b2aa-0091a090c65f: start LeaderElection
2019-09-26 10:07:28,708 [Thread-4098] INFO  impl.RaftServerImpl (RaftServerImpl.java:setRole(174)) - 5004b7af-11c5-4c34-b2aa-0091a090c65f@group-E87AE8E084F5: changes role from  FOLLOWER to CANDIDATE at term 0 for changeToCandidate
2019-09-26 10:07:28,708 [Thread-4101] INFO  impl.RoleInfo (RoleInfo.java:shutdownFollowerState(121)) - 5004b7af-11c5-4c34-b2aa-0091a090c65f: shutdown FollowerState
2019-09-26 10:07:28,708 [Thread-4098] INFO  impl.RoleInfo (RoleInfo.java:updateAndGet(143)) - 5004b7af-11c5-4c34-b2aa-0091a090c65f: start LeaderElection
2019-09-26 10:07:28,708 [Thread-4101] INFO  impl.RaftServerImpl (RaftServerImpl.java:setRole(174)) - 5004b7af-11c5-4c34-b2aa-0091a090c65f@group-B962712EDC9B: changes role from  FOLLOWER to CANDIDATE at term 0 for changeToCandidate
2019-09-26 10:07:28,709 [Thread-4104] INFO  impl.FollowerState (FollowerState.java:run(106)) - e3e9c20d-70c3-4d54-9af3-1020e4c50fd3:group-E0AC73341E34 changes to CANDIDATE, lastRpcTime:5128, electionTimeout:5010ms
2019-09-26 10:07:28,709 [Thread-4104] INFO  impl.RoleInfo (RoleInfo.java:shutdownFollowerState(121)) - e3e9c20d-70c3-4d54-9af3-1020e4c50fd3: shutdown FollowerState
2019-09-26 10:07:28,709 [Thread-4104] INFO  impl.RaftServerImpl (RaftServerImpl.java:setRole(174)) - e3e9c20d-70c3-4d54-9af3-1020e4c50fd3@group-E0AC73341E34: changes role from  FOLLOWER to CANDIDATE at term 0 for changeToCandidate
2019-09-26 10:07:28,710 [Thread-4104] INFO  impl.RoleInfo (RoleInfo.java:updateAndGet(143)) - e3e9c20d-70c3-4d54-9af3-1020e4c50fd3: start LeaderElection
2019-09-26 10:07:28,710 [Thread-4107] INFO  impl.FollowerState (FollowerState.java:run(106)) - e3e9c20d-70c3-4d54-9af3-1020e4c50fd3:group-FCB70F5FB7A8 changes to CANDIDATE, lastRpcTime:5098, electionTimeout:5029ms
2019-09-26 10:07:28,710 [Thread-4107] INFO  impl.RoleInfo (RoleInfo.java:shutdownFollowerState(121)) - e3e9c20d-70c3-4d54-9af3-1020e4c50fd3: shutdown FollowerState
2019-09-26 10:07:28,710 [Thread-4107] INFO  impl.RaftServerImpl (RaftServerImpl.java:setRole(174)) - e3e9c20d-70c3-4d54-9af3-1020e4c50fd3@group-FCB70F5FB7A8: changes role from  FOLLOWER to CANDIDATE at term 0 for changeToCandidate
2019-09-26 10:07:28,710 [Thread-4107] INFO  impl.RoleInfo (RoleInfo.java:updateAndGet(143)) - e3e9c20d-70c3-4d54-9af3-1020e4c50fd3: start LeaderElection
2019-09-26 10:07:28,711 [Thread-4101] INFO  impl.RoleInfo (RoleInfo.java:updateAndGet(143)) - 5004b7af-11c5-4c34-b2aa-0091a090c65f: start LeaderElection
2019-09-26 10:07:28,711 [Thread-4090] INFO  impl.RoleInfo (RoleInfo.java:updateAndGet(143)) - d1f6f5bd-a733-436d-b89d-c17e8804c490: start LeaderElection
2019-09-26 10:07:28,732 [EventQueue-StaleNodeForStaleNodeHandler] INFO  node.StaleNodeHandler (StaleNodeHandler.java:onMessage(58)) - Datanode 5955fc00-f5b8-4418-b414-62f2e5ec1764{ip: 192.168.30.13, host: pr-hdds-1569-wvzgm-824869521, networkLocation: /default-rack, certSerialId: null} moved to stale state. Finalizing its pipelines [PipelineID=a608a748-90f5-4654-bfec-a21947f6ff73, PipelineID=e8743fb3-cd23-49b7-ad6c-782c125c68d7, PipelineID=74625ea8-bf2f-400b-81d5-99a8441b1093, PipelineID=79a86895-4393-44da-91fb-bf0978a44809, PipelineID=79b70a51-5302-4ed4-a9b7-8eeb6675c2a7, PipelineID=a49d87aa-7ac8-44cc-a686-a7df5c14d480]
2019-09-26 10:07:28,732 [EventQueue-StaleNodeForStaleNodeHandler] INFO  pipeline.SCMPipelineManager (SCMPipelineManager.java:finalizeAndDestroyPipeline(316)) - destroying pipeline:Pipeline[ Id: a608a748-90f5-4654-bfec-a21947f6ff73, Nodes: 5955fc00-f5b8-4418-b414-62f2e5ec1764{ip: 192.168.30.13, host: pr-hdds-1569-wvzgm-824869521, networkLocation: /default-rack, certSerialId: null}, Type:RATIS, Factor:ONE, State:OPEN]
2019-09-26 10:07:28,733 [EventQueue-StaleNodeForStaleNodeHandler] INFO  pipeline.PipelineStateManager (PipelineStateManager.java:finalizePipeline(123)) - Pipeline Pipeline[ Id: a608a748-90f5-4654-bfec-a21947f6ff73, Nodes: 5955fc00-f5b8-4418-b414-62f2e5ec1764{ip: 192.168.30.13, host: pr-hdds-1569-wvzgm-824869521, networkLocation: /default-rack, certSerialId: null}, Type:RATIS, Factor:ONE, State:CLOSED] moved to CLOSED state
2019-09-26 10:07:28,733 [EventQueue-StaleNodeForStaleNodeHandler] INFO  pipeline.SCMPipelineManager (SCMPipelineManager.java:finalizeAndDestroyPipeline(316)) - destroying pipeline:Pipeline[ Id: e8743fb3-cd23-49b7-ad6c-782c125c68d7, Nodes: 5955fc00-f5b8-4418-b414-62f2e5ec1764{ip: 192.168.30.13, host: pr-hdds-1569-wvzgm-824869521, networkLocation: /default-rack, certSerialId: null}, Type:RATIS, Factor:ONE, State:OPEN]
2019-09-26 10:07:28,733 [EventQueue-StaleNodeForStaleNodeHandler] INFO  pipeline.PipelineStateManager (PipelineStateManager.java:finalizePipeline(123)) - Pipeline Pipeline[ Id: e8743fb3-cd23-49b7-ad6c-782c125c68d7, Nodes: 5955fc00-f5b8-4418-b414-62f2e5ec1764{ip: 192.168.30.13, host: pr-hdds-1569-wvzgm-824869521, networkLocation: /default-rack, certSerialId: null}, Type:RATIS, Factor:ONE, State:CLOSED] moved to CLOSED state
2019-09-26 10:07:28,733 [EventQueue-StaleNodeForStaleNodeHandler] INFO  pipeline.SCMPipelineManager (SCMPipelineManager.java:finalizeAndDestroyPipeline(316)) - destroying pipeline:Pipeline[ Id: 74625ea8-bf2f-400b-81d5-99a8441b1093, Nodes: 5955fc00-f5b8-4418-b414-62f2e5ec1764{ip: 192.168.30.13, host: pr-hdds-1569-wvzgm-824869521, networkLocation: /default-rack, certSerialId: null}, Type:RATIS, Factor:ONE, State:OPEN]
2019-09-26 10:07:28,733 [EventQueue-StaleNodeForStaleNodeHandler] INFO  pipeline.PipelineStateManager (PipelineStateManager.java:finalizePipeline(123)) - Pipeline Pipeline[ Id: 74625ea8-bf2f-400b-81d5-99a8441b1093, Nodes: 5955fc00-f5b8-4418-b414-62f2e5ec1764{ip: 192.168.30.13, host: pr-hdds-1569-wvzgm-824869521, networkLocation: /default-rack, certSerialId: null}, Type:RATIS, Factor:ONE, State:CLOSED] moved to CLOSED state
2019-09-26 10:07:28,733 [EventQueue-StaleNodeForStaleNodeHandler] INFO  pipeline.SCMPipelineManager (SCMPipelineManager.java:finalizeAndDestroyPipeline(316)) - destroying pipeline:Pipeline[ Id: 79a86895-4393-44da-91fb-bf0978a44809, Nodes: 5955fc00-f5b8-4418-b414-62f2e5ec1764{ip: 192.168.30.13, host: pr-hdds-1569-wvzgm-824869521, networkLocation: /default-rack, certSerialId: null}, Type:RATIS, Factor:ONE, State:OPEN]
2019-09-26 10:07:28,734 [EventQueue-StaleNodeForStaleNodeHandler] INFO  pipeline.PipelineStateManager (PipelineStateManager.java:finalizePipeline(123)) - Pipeline Pipeline[ Id: 79a86895-4393-44da-91fb-bf0978a44809, Nodes: 5955fc00-f5b8-4418-b414-62f2e5ec1764{ip: 192.168.30.13, host: pr-hdds-1569-wvzgm-824869521, networkLocation: /default-rack, certSerialId: null}, Type:RATIS, Factor:ONE, State:CLOSED] moved to CLOSED state
2019-09-26 10:07:28,734 [EventQueue-StaleNodeForStaleNodeHandler] INFO  pipeline.SCMPipelineManager (SCMPipelineManager.java:finalizeAndDestroyPipeline(316)) - destroying pipeline:Pipeline[ Id: 79b70a51-5302-4ed4-a9b7-8eeb6675c2a7, Nodes: 5955fc00-f5b8-4418-b414-62f2e5ec1764{ip: 192.168.30.13, host: pr-hdds-1569-wvzgm-824869521, networkLocation: /default-rack, certSerialId: null}, Type:RATIS, Factor:ONE, State:OPEN]
2019-09-26 10:07:28,734 [EventQueue-StaleNodeForStaleNodeHandler] INFO  pipeline.PipelineStateManager (PipelineStateManager.java:finalizePipeline(123)) - Pipeline Pipeline[ Id: 79b70a51-5302-4ed4-a9b7-8eeb6675c2a7, Nodes: 5955fc00-f5b8-4418-b414-62f2e5ec1764{ip: 192.168.30.13, host: pr-hdds-1569-wvzgm-824869521, networkLocation: /default-rack, certSerialId: null}, Type:RATIS, Factor:ONE, State:CLOSED] moved to CLOSED state
2019-09-26 10:07:28,734 [EventQueue-StaleNodeForStaleNodeHandler] INFO  pipeline.SCMPipelineManager (SCMPipelineManager.java:finalizeAndDestroyPipeline(316)) - destroying pipeline:Pipeline[ Id: a49d87aa-7ac8-44cc-a686-a7df5c14d480, Nodes: 5955fc00-f5b8-4418-b414-62f2e5ec1764{ip: 192.168.30.13, host: pr-hdds-1569-wvzgm-824869521, networkLocation: /default-rack, certSerialId: null}, Type:RATIS, Factor:ONE, State:OPEN]
2019-09-26 10:07:28,734 [EventQueue-StaleNodeForStaleNodeHandler] INFO  pipeline.PipelineStateManager (PipelineStateManager.java:finalizePipeline(123)) - Pipeline Pipeline[ Id: a49d87aa-7ac8-44cc-a686-a7df5c14d480, Nodes: 5955fc00-f5b8-4418-b414-62f2e5ec1764{ip: 192.168.30.13, host: pr-hdds-1569-wvzgm-824869521, networkLocation: /default-rack, certSerialId: null}, Type:RATIS, Factor:ONE, State:CLOSED] moved to CLOSED state
2019-09-26 10:07:28,788 [main] INFO  ozoneimpl.OzoneContainer (OzoneContainer.java:stop(231)) - Attempting to stop container services.
2019-09-26 10:07:28,794 [ForkJoinPool.commonPool-worker-0] INFO  ozoneimpl.OzoneContainer (OzoneContainer.java:stop(231)) - Attempting to stop container services.
2019-09-26 10:07:28,794 [main] INFO  impl.RaftServerProxy (RaftServerProxy.java:lambda$close$4(314)) - d1f6f5bd-a733-436d-b89d-c17e8804c490: close
2019-09-26 10:07:28,794 [ForkJoinPool.commonPool-worker-0] INFO  impl.RaftServerProxy (RaftServerProxy.java:lambda$close$4(314)) - 5955fc00-f5b8-4418-b414-62f2e5ec1764: close
2019-09-26 10:07:28,794 [main] INFO  impl.RaftServerImpl (RaftServerImpl.java:lambda$shutdown$3(251)) - d1f6f5bd-a733-436d-b89d-c17e8804c490@group-D3570381E81E: shutdown
2019-09-26 10:07:28,795 [ForkJoinPool.commonPool-worker-0] INFO  impl.RaftServerImpl (RaftServerImpl.java:lambda$shutdown$3(251)) - 5955fc00-f5b8-4418-b414-62f2e5ec1764@group-A21947F6FF73: shutdown
2019-09-26 10:07:28,795 [main] INFO  util.JmxRegister (JmxRegister.java:unregister(73)) - Successfully un-registered JMX Bean with object name Ratis:service=RaftServer,group=group-D3570381E81E,id=d1f6f5bd-a733-436d-b89d-c17e8804c490
2019-09-26 10:07:28,795 [ForkJoinPool.commonPool-worker-0] INFO  util.JmxRegister (JmxRegister.java:unregister(73)) - Successfully un-registered JMX Bean with object name Ratis:service=RaftServer,group=group-A21947F6FF73,id=5955fc00-f5b8-4418-b414-62f2e5ec1764
2019-09-26 10:07:28,795 [main] INFO  impl.RoleInfo (RoleInfo.java:shutdownFollowerState(121)) - d1f6f5bd-a733-436d-b89d-c17e8804c490: shutdown FollowerState
2019-09-26 10:07:28,796 [ForkJoinPool.commonPool-worker-0] INFO  impl.RoleInfo (RoleInfo.java:shutdownLeaderState(104)) - 5955fc00-f5b8-4418-b414-62f2e5ec1764: shutdown LeaderState
2019-09-26 10:07:28,796 [Thread-4075] INFO  impl.FollowerState (FollowerState.java:run(115)) - d1f6f5bd-a733-436d-b89d-c17e8804c490: FollowerState was interrupted: java.lang.InterruptedException: sleep interrupted
2019-09-26 10:07:28,796 [main] INFO  impl.StateMachineUpdater (StateMachineUpdater.java:stopAndJoin(125)) - d1f6f5bd-a733-436d-b89d-c17e8804c490@group-D3570381E81E-StateMachineUpdater: set stopIndex = -1
2019-09-26 10:07:28,796 [ForkJoinPool.commonPool-worker-0] INFO  impl.PendingRequests (PendingRequests.java:sendNotLeaderResponses(202)) - 5955fc00-f5b8-4418-b414-62f2e5ec1764-PendingRequests: sendNotLeaderResponses
2019-09-26 10:07:28,797 [main] INFO  impl.RaftServerImpl (ServerState.java:close(385)) - d1f6f5bd-a733-436d-b89d-c17e8804c490@group-D3570381E81E: closes. applyIndex: -1
2019-09-26 10:07:28,797 [ForkJoinPool.commonPool-worker-0] INFO  impl.StateMachineUpdater (StateMachineUpdater.java:stopAndJoin(125)) - 5955fc00-f5b8-4418-b414-62f2e5ec1764@group-A21947F6FF73-StateMachineUpdater: set stopIndex = 0
2019-09-26 10:07:28,798 [ForkJoinPool.commonPool-worker-0] INFO  impl.RaftServerImpl (ServerState.java:close(385)) - 5955fc00-f5b8-4418-b414-62f2e5ec1764@group-A21947F6FF73: closes. applyIndex: 0
2019-09-26 10:07:28,798 [d1f6f5bd-a733-436d-b89d-c17e8804c490@group-D3570381E81E-SegmentedRaftLogWorker] INFO  segmented.SegmentedRaftLogWorker (SegmentedRaftLogWorker.java:run(313)) - d1f6f5bd-a733-436d-b89d-c17e8804c490@group-D3570381E81E-SegmentedRaftLogWorker was interrupted, exiting. There are 0 tasks remaining in the queue.
2019-09-26 10:07:28,798 [5955fc00-f5b8-4418-b414-62f2e5ec1764@group-A21947F6FF73-SegmentedRaftLogWorker] INFO  segmented.SegmentedRaftLogWorker (SegmentedRaftLogWorker.java:run(313)) - 5955fc00-f5b8-4418-b414-62f2e5ec1764@group-A21947F6FF73-SegmentedRaftLogWorker was interrupted, exiting. There are 0 tasks remaining in the queue.
2019-09-26 10:07:28,798 [main] INFO  segmented.SegmentedRaftLogWorker (SegmentedRaftLogWorker.java:close(228)) - d1f6f5bd-a733-436d-b89d-c17e8804c490@group-D3570381E81E-SegmentedRaftLogWorker close()
2019-09-26 10:07:28,798 [ForkJoinPool.commonPool-worker-0] INFO  segmented.SegmentedRaftLogWorker (SegmentedRaftLogWorker.java:close(228)) - 5955fc00-f5b8-4418-b414-62f2e5ec1764@group-A21947F6FF73-SegmentedRaftLogWorker close()
2019-09-26 10:07:28,799 [main] INFO  impl.RaftServerImpl (RaftServerImpl.java:lambda$shutdown$3(251)) - d1f6f5bd-a733-436d-b89d-c17e8804c490@group-3BE02FB7C5C4: shutdown
2019-09-26 10:07:28,799 [ForkJoinPool.commonPool-worker-0] INFO  impl.RaftServerImpl (RaftServerImpl.java:lambda$shutdown$3(251)) - 5955fc00-f5b8-4418-b414-62f2e5ec1764@group-782C125C68D7: shutdown
2019-09-26 10:07:28,799 [main] INFO  util.JmxRegister (JmxRegister.java:unregister(73)) - Successfully un-registered JMX Bean with object name Ratis:service=RaftServer,group=group-3BE02FB7C5C4,id=d1f6f5bd-a733-436d-b89d-c17e8804c490
2019-09-26 10:07:28,799 [ForkJoinPool.commonPool-worker-0] INFO  util.JmxRegister (JmxRegister.java:unregister(73)) - Successfully un-registered JMX Bean with object name Ratis:service=RaftServer,group=group-782C125C68D7,id=5955fc00-f5b8-4418-b414-62f2e5ec1764
2019-09-26 10:07:28,800 [main] INFO  impl.RoleInfo (RoleInfo.java:shutdownFollowerState(121)) - d1f6f5bd-a733-436d-b89d-c17e8804c490: shutdown FollowerState
2019-09-26 10:07:28,800 [main] INFO  impl.StateMachineUpdater (StateMachineUpdater.java:stopAndJoin(125)) - d1f6f5bd-a733-436d-b89d-c17e8804c490@group-3BE02FB7C5C4-StateMachineUpdater: set stopIndex = -1
2019-09-26 10:07:28,800 [main] INFO  impl.RaftServerImpl (ServerState.java:close(385)) - d1f6f5bd-a733-436d-b89d-c17e8804c490@group-3BE02FB7C5C4: closes. applyIndex: -1
2019-09-26 10:07:28,800 [ForkJoinPool.commonPool-worker-0] INFO  impl.RoleInfo (RoleInfo.java:shutdownLeaderState(104)) - 5955fc00-f5b8-4418-b414-62f2e5ec1764: shutdown LeaderState
2019-09-26 10:07:28,801 [d1f6f5bd-a733-436d-b89d-c17e8804c490@group-3BE02FB7C5C4-SegmentedRaftLogWorker] INFO  segmented.SegmentedRaftLogWorker (SegmentedRaftLogWorker.java:run(313)) - d1f6f5bd-a733-436d-b89d-c17e8804c490@group-3BE02FB7C5C4-SegmentedRaftLogWorker was interrupted, exiting. There are 0 tasks remaining in the queue.
2019-09-26 10:07:28,800 [Thread-4051] INFO  impl.FollowerState (FollowerState.java:run(115)) - d1f6f5bd-a733-436d-b89d-c17e8804c490: FollowerState was interrupted: java.lang.InterruptedException: sleep interrupted
2019-09-26 10:07:28,801 [main] INFO  segmented.SegmentedRaftLogWorker (SegmentedRaftLogWorker.java:close(228)) - d1f6f5bd-a733-436d-b89d-c17e8804c490@group-3BE02FB7C5C4-SegmentedRaftLogWorker close()
2019-09-26 10:07:28,801 [ForkJoinPool.commonPool-worker-0] INFO  impl.PendingRequests (PendingRequests.java:sendNotLeaderResponses(202)) - 5955fc00-f5b8-4418-b414-62f2e5ec1764-PendingRequests: sendNotLeaderResponses
2019-09-26 10:07:28,801 [main] INFO  impl.RaftServerImpl (RaftServerImpl.java:lambda$shutdown$3(251)) - d1f6f5bd-a733-436d-b89d-c17e8804c490@group-40492E8DC6CB: shutdown
2019-09-26 10:07:28,802 [ForkJoinPool.commonPool-worker-0] INFO  impl.StateMachineUpdater (StateMachineUpdater.java:stopAndJoin(125)) - 5955fc00-f5b8-4418-b414-62f2e5ec1764@group-782C125C68D7-StateMachineUpdater: set stopIndex = 0
2019-09-26 10:07:28,802 [main] INFO  util.JmxRegister (JmxRegister.java:unregister(73)) - Successfully un-registered JMX Bean with object name Ratis:service=RaftServer,group=group-40492E8DC6CB,id=d1f6f5bd-a733-436d-b89d-c17e8804c490
2019-09-26 10:07:28,802 [ForkJoinPool.commonPool-worker-0] INFO  impl.RaftServerImpl (ServerState.java:close(385)) - 5955fc00-f5b8-4418-b414-62f2e5ec1764@group-782C125C68D7: closes. applyIndex: 0
2019-09-26 10:07:28,803 [main] INFO  impl.RoleInfo (RoleInfo.java:shutdownLeaderElection(134)) - d1f6f5bd-a733-436d-b89d-c17e8804c490: shutdown LeaderElection
2019-09-26 10:07:28,803 [5955fc00-f5b8-4418-b414-62f2e5ec1764@group-782C125C68D7-SegmentedRaftLogWorker] INFO  segmented.SegmentedRaftLogWorker (SegmentedRaftLogWorker.java:run(313)) - 5955fc00-f5b8-4418-b414-62f2e5ec1764@group-782C125C68D7-SegmentedRaftLogWorker was interrupted, exiting. There are 0 tasks remaining in the queue.
2019-09-26 10:07:28,803 [main] INFO  impl.StateMachineUpdater (StateMachineUpdater.java:stopAndJoin(125)) - d1f6f5bd-a733-436d-b89d-c17e8804c490@group-40492E8DC6CB-StateMachineUpdater: set stopIndex = -1
2019-09-26 10:07:28,803 [ForkJoinPool.commonPool-worker-0] INFO  segmented.SegmentedRaftLogWorker (SegmentedRaftLogWorker.java:close(228)) - 5955fc00-f5b8-4418-b414-62f2e5ec1764@group-782C125C68D7-SegmentedRaftLogWorker close()
2019-09-26 10:07:28,803 [main] INFO  impl.RaftServerImpl (ServerState.java:close(385)) - d1f6f5bd-a733-436d-b89d-c17e8804c490@group-40492E8DC6CB: closes. applyIndex: -1
2019-09-26 10:07:28,804 [ForkJoinPool.commonPool-worker-0] INFO  impl.RaftServerImpl (RaftServerImpl.java:lambda$shutdown$3(251)) - 5955fc00-f5b8-4418-b414-62f2e5ec1764@group-99A8441B1093: shutdown
2019-09-26 10:07:28,804 [d1f6f5bd-a733-436d-b89d-c17e8804c490@group-40492E8DC6CB-SegmentedRaftLogWorker] INFO  segmented.SegmentedRaftLogWorker (SegmentedRaftLogWorker.java:run(313)) - d1f6f5bd-a733-436d-b89d-c17e8804c490@group-40492E8DC6CB-SegmentedRaftLogWorker was interrupted, exiting. There are 0 tasks remaining in the queue.
2019-09-26 10:07:28,804 [ForkJoinPool.commonPool-worker-0] INFO  util.JmxRegister (JmxRegister.java:unregister(73)) - Successfully un-registered JMX Bean with object name Ratis:service=RaftServer,group=group-99A8441B1093,id=5955fc00-f5b8-4418-b414-62f2e5ec1764
2019-09-26 10:07:28,804 [main] INFO  segmented.SegmentedRaftLogWorker (SegmentedRaftLogWorker.java:close(228)) - d1f6f5bd-a733-436d-b89d-c17e8804c490@group-40492E8DC6CB-SegmentedRaftLogWorker close()
2019-09-26 10:07:28,804 [ForkJoinPool.commonPool-worker-0] INFO  impl.RoleInfo (RoleInfo.java:shutdownLeaderState(104)) - 5955fc00-f5b8-4418-b414-62f2e5ec1764: shutdown LeaderState
2019-09-26 10:07:28,805 [main] INFO  impl.RaftServerImpl (RaftServerImpl.java:lambda$shutdown$3(251)) - d1f6f5bd-a733-436d-b89d-c17e8804c490@group-1098318319A7: shutdown
2019-09-26 10:07:28,805 [main] INFO  util.JmxRegister (JmxRegister.java:unregister(73)) - Successfully un-registered JMX Bean with object name Ratis:service=RaftServer,group=group-1098318319A7,id=d1f6f5bd-a733-436d-b89d-c17e8804c490
2019-09-26 10:07:28,805 [ForkJoinPool.commonPool-worker-0] INFO  impl.PendingRequests (PendingRequests.java:sendNotLeaderResponses(202)) - 5955fc00-f5b8-4418-b414-62f2e5ec1764-PendingRequests: sendNotLeaderResponses
2019-09-26 10:07:28,806 [main] INFO  impl.RoleInfo (RoleInfo.java:shutdownLeaderElection(134)) - d1f6f5bd-a733-436d-b89d-c17e8804c490: shutdown LeaderElection
2019-09-26 10:07:28,806 [main] INFO  impl.StateMachineUpdater (StateMachineUpdater.java:stopAndJoin(125)) - d1f6f5bd-a733-436d-b89d-c17e8804c490@group-1098318319A7-StateMachineUpdater: set stopIndex = -1
2019-09-26 10:07:28,806 [main] INFO  impl.RaftServerImpl (ServerState.java:close(385)) - d1f6f5bd-a733-436d-b89d-c17e8804c490@group-1098318319A7: closes. applyIndex: -1
2019-09-26 10:07:28,806 [ForkJoinPool.commonPool-worker-0] INFO  impl.StateMachineUpdater (StateMachineUpdater.java:stopAndJoin(125)) - 5955fc00-f5b8-4418-b414-62f2e5ec1764@group-99A8441B1093-StateMachineUpdater: set stopIndex = 0
2019-09-26 10:07:28,807 [ForkJoinPool.commonPool-worker-0] INFO  impl.RaftServerImpl (ServerState.java:close(385)) - 5955fc00-f5b8-4418-b414-62f2e5ec1764@group-99A8441B1093: closes. applyIndex: 0
2019-09-26 10:07:28,807 [d1f6f5bd-a733-436d-b89d-c17e8804c490@group-1098318319A7-SegmentedRaftLogWorker] INFO  segmented.SegmentedRaftLogWorker (SegmentedRaftLogWorker.java:run(313)) - d1f6f5bd-a733-436d-b89d-c17e8804c490@group-1098318319A7-SegmentedRaftLogWorker was interrupted, exiting. There are 0 tasks remaining in the queue.
2019-09-26 10:07:28,807 [5955fc00-f5b8-4418-b414-62f2e5ec1764@group-99A8441B1093-SegmentedRaftLogWorker] INFO  segmented.SegmentedRaftLogWorker (SegmentedRaftLogWorker.java:run(313)) - 5955fc00-f5b8-4418-b414-62f2e5ec1764@group-99A8441B1093-SegmentedRaftLogWorker was interrupted, exiting. There are 0 tasks remaining in the queue.
2019-09-26 10:07:28,807 [main] INFO  segmented.SegmentedRaftLogWorker (SegmentedRaftLogWorker.java:close(228)) - d1f6f5bd-a733-436d-b89d-c17e8804c490@group-1098318319A7-SegmentedRaftLogWorker close()
2019-09-26 10:07:28,808 [ForkJoinPool.commonPool-worker-0] INFO  segmented.SegmentedRaftLogWorker (SegmentedRaftLogWorker.java:close(228)) - 5955fc00-f5b8-4418-b414-62f2e5ec1764@group-99A8441B1093-SegmentedRaftLogWorker close()
2019-09-26 10:07:28,808 [main] INFO  impl.RaftServerImpl (RaftServerImpl.java:lambda$shutdown$3(251)) - d1f6f5bd-a733-436d-b89d-c17e8804c490@group-168BC434C84B: shutdown
2019-09-26 10:07:28,808 [ForkJoinPool.commonPool-worker-0] INFO  impl.RaftServerImpl (RaftServerImpl.java:lambda$shutdown$3(251)) - 5955fc00-f5b8-4418-b414-62f2e5ec1764@group-BF0978A44809: shutdown
2019-09-26 10:07:28,808 [main] INFO  util.JmxRegister (JmxRegister.java:unregister(73)) - Successfully un-registered JMX Bean with object name Ratis:service=RaftServer,group=group-168BC434C84B,id=d1f6f5bd-a733-436d-b89d-c17e8804c490
2019-09-26 10:07:28,809 [ForkJoinPool.commonPool-worker-0] INFO  util.JmxRegister (JmxRegister.java:unregister(73)) - Successfully un-registered JMX Bean with object name Ratis:service=RaftServer,group=group-BF0978A44809,id=5955fc00-f5b8-4418-b414-62f2e5ec1764
2019-09-26 10:07:28,809 [main] INFO  impl.RoleInfo (RoleInfo.java:shutdownLeaderElection(134)) - d1f6f5bd-a733-436d-b89d-c17e8804c490: shutdown LeaderElection
2019-09-26 10:07:28,809 [ForkJoinPool.commonPool-worker-0] INFO  impl.RoleInfo (RoleInfo.java:shutdownFollowerState(121)) - 5955fc00-f5b8-4418-b414-62f2e5ec1764: shutdown FollowerState
2019-09-26 10:07:28,809 [main] INFO  impl.StateMachineUpdater (StateMachineUpdater.java:stopAndJoin(125)) - d1f6f5bd-a733-436d-b89d-c17e8804c490@group-168BC434C84B-StateMachineUpdater: set stopIndex = -1
2019-09-26 10:07:28,810 [main] INFO  impl.RaftServerImpl (ServerState.java:close(385)) - d1f6f5bd-a733-436d-b89d-c17e8804c490@group-168BC434C84B: closes. applyIndex: -1
2019-09-26 10:07:28,810 [Thread-4054] INFO  impl.FollowerState (FollowerState.java:run(115)) - 5955fc00-f5b8-4418-b414-62f2e5ec1764: FollowerState was interrupted: java.lang.InterruptedException: sleep interrupted
2019-09-26 10:07:28,810 [ForkJoinPool.commonPool-worker-0] INFO  impl.StateMachineUpdater (StateMachineUpdater.java:stopAndJoin(125)) - 5955fc00-f5b8-4418-b414-62f2e5ec1764@group-BF0978A44809-StateMachineUpdater: set stopIndex = -1
2019-09-26 10:07:28,810 [ForkJoinPool.commonPool-worker-0] INFO  impl.RaftServerImpl (ServerState.java:close(385)) - 5955fc00-f5b8-4418-b414-62f2e5ec1764@group-BF0978A44809: closes. applyIndex: -1
2019-09-26 10:07:28,810 [d1f6f5bd-a733-436d-b89d-c17e8804c490@group-168BC434C84B-SegmentedRaftLogWorker] INFO  segmented.SegmentedRaftLogWorker (SegmentedRaftLogWorker.java:run(313)) - d1f6f5bd-a733-436d-b89d-c17e8804c490@group-168BC434C84B-SegmentedRaftLogWorker was interrupted, exiting. There are 0 tasks remaining in the queue.
2019-09-26 10:07:28,811 [5955fc00-f5b8-4418-b414-62f2e5ec1764@group-BF0978A44809-SegmentedRaftLogWorker] INFO  segmented.SegmentedRaftLogWorker (SegmentedRaftLogWorker.java:run(313)) - 5955fc00-f5b8-4418-b414-62f2e5ec1764@group-BF0978A44809-SegmentedRaftLogWorker was interrupted, exiting. There are 0 tasks remaining in the queue.
2019-09-26 10:07:28,811 [main] INFO  segmented.SegmentedRaftLogWorker (SegmentedRaftLogWorker.java:close(228)) - d1f6f5bd-a733-436d-b89d-c17e8804c490@group-168BC434C84B-SegmentedRaftLogWorker close()
2019-09-26 10:07:28,811 [ForkJoinPool.commonPool-worker-0] INFO  segmented.SegmentedRaftLogWorker (SegmentedRaftLogWorker.java:close(228)) - 5955fc00-f5b8-4418-b414-62f2e5ec1764@group-BF0978A44809-SegmentedRaftLogWorker close()
2019-09-26 10:07:28,811 [main] INFO  impl.RaftServerImpl (RaftServerImpl.java:lambda$shutdown$3(251)) - d1f6f5bd-a733-436d-b89d-c17e8804c490@group-3FFC298E1CE9: shutdown
2019-09-26 10:07:28,811 [ForkJoinPool.commonPool-worker-0] INFO  impl.RaftServerImpl (RaftServerImpl.java:lambda$shutdown$3(251)) - 5955fc00-f5b8-4418-b414-62f2e5ec1764@group-8EEB6675C2A7: shutdown
2019-09-26 10:07:28,812 [main] INFO  util.JmxRegister (JmxRegister.java:unregister(73)) - Successfully un-registered JMX Bean with object name Ratis:service=RaftServer,group=group-3FFC298E1CE9,id=d1f6f5bd-a733-436d-b89d-c17e8804c490
2019-09-26 10:07:28,812 [ForkJoinPool.commonPool-worker-0] INFO  util.JmxRegister (JmxRegister.java:unregister(73)) - Successfully un-registered JMX Bean with object name Ratis:service=RaftServer,group=group-8EEB6675C2A7,id=5955fc00-f5b8-4418-b414-62f2e5ec1764
2019-09-26 10:07:28,812 [main] INFO  impl.RoleInfo (RoleInfo.java:shutdownLeaderState(104)) - d1f6f5bd-a733-436d-b89d-c17e8804c490: shutdown LeaderState
2019-09-26 10:07:28,812 [ForkJoinPool.commonPool-worker-0] INFO  impl.RoleInfo (RoleInfo.java:shutdownLeaderState(104)) - 5955fc00-f5b8-4418-b414-62f2e5ec1764: shutdown LeaderState
2019-09-26 10:07:28,813 [main] INFO  impl.PendingRequests (PendingRequests.java:sendNotLeaderResponses(202)) - d1f6f5bd-a733-436d-b89d-c17e8804c490-PendingRequests: sendNotLeaderResponses
2019-09-26 10:07:28,813 [ForkJoinPool.commonPool-worker-0] INFO  impl.PendingRequests (PendingRequests.java:sendNotLeaderResponses(202)) - 5955fc00-f5b8-4418-b414-62f2e5ec1764-PendingRequests: sendNotLeaderResponses
2019-09-26 10:07:28,813 [main] INFO  impl.StateMachineUpdater (StateMachineUpdater.java:stopAndJoin(125)) - d1f6f5bd-a733-436d-b89d-c17e8804c490@group-3FFC298E1CE9-StateMachineUpdater: set stopIndex = -1
2019-09-26 10:07:28,813 [ForkJoinPool.commonPool-worker-0] INFO  impl.StateMachineUpdater (StateMachineUpdater.java:stopAndJoin(125)) - 5955fc00-f5b8-4418-b414-62f2e5ec1764@group-8EEB6675C2A7-StateMachineUpdater: set stopIndex = 0
2019-09-26 10:07:28,814 [main] INFO  impl.RaftServerImpl (ServerState.java:close(385)) - d1f6f5bd-a733-436d-b89d-c17e8804c490@group-3FFC298E1CE9: closes. applyIndex: -1
2019-09-26 10:07:28,814 [ForkJoinPool.commonPool-worker-0] INFO  impl.RaftServerImpl (ServerState.java:close(385)) - 5955fc00-f5b8-4418-b414-62f2e5ec1764@group-8EEB6675C2A7: closes. applyIndex: 0
2019-09-26 10:07:28,815 [5955fc00-f5b8-4418-b414-62f2e5ec1764@group-8EEB6675C2A7-SegmentedRaftLogWorker] INFO  segmented.SegmentedRaftLogWorker (SegmentedRaftLogWorker.java:run(313)) - 5955fc00-f5b8-4418-b414-62f2e5ec1764@group-8EEB6675C2A7-SegmentedRaftLogWorker was interrupted, exiting. There are 0 tasks remaining in the queue.
2019-09-26 10:07:28,815 [ForkJoinPool.commonPool-worker-0] INFO  segmented.SegmentedRaftLogWorker (SegmentedRaftLogWorker.java:close(228)) - 5955fc00-f5b8-4418-b414-62f2e5ec1764@group-8EEB6675C2A7-SegmentedRaftLogWorker close()
2019-09-26 10:07:28,815 [ForkJoinPool.commonPool-worker-0] INFO  impl.RaftServerImpl (RaftServerImpl.java:lambda$shutdown$3(251)) - 5955fc00-f5b8-4418-b414-62f2e5ec1764@group-A7DF5C14D480: shutdown
2019-09-26 10:07:28,815 [ForkJoinPool.commonPool-worker-0] INFO  util.JmxRegister (JmxRegister.java:unregister(73)) - Successfully un-registered JMX Bean with object name Ratis:service=RaftServer,group=group-A7DF5C14D480,id=5955fc00-f5b8-4418-b414-62f2e5ec1764
2019-09-26 10:07:28,815 [ForkJoinPool.commonPool-worker-0] INFO  impl.RoleInfo (RoleInfo.java:shutdownLeaderState(104)) - 5955fc00-f5b8-4418-b414-62f2e5ec1764: shutdown LeaderState
2019-09-26 10:07:28,816 [ForkJoinPool.commonPool-worker-0] INFO  impl.PendingRequests (PendingRequests.java:sendNotLeaderResponses(202)) - 5955fc00-f5b8-4418-b414-62f2e5ec1764-PendingRequests: sendNotLeaderResponses
2019-09-26 10:07:28,816 [ForkJoinPool.commonPool-worker-0] INFO  impl.StateMachineUpdater (StateMachineUpdater.java:stopAndJoin(125)) - 5955fc00-f5b8-4418-b414-62f2e5ec1764@group-A7DF5C14D480-StateMachineUpdater: set stopIndex = 0
2019-09-26 10:07:28,816 [ForkJoinPool.commonPool-worker-0] INFO  impl.RaftServerImpl (ServerState.java:close(385)) - 5955fc00-f5b8-4418-b414-62f2e5ec1764@group-A7DF5C14D480: closes. applyIndex: 0
2019-09-26 10:07:28,816 [5955fc00-f5b8-4418-b414-62f2e5ec1764@group-A7DF5C14D480-SegmentedRaftLogWorker] INFO  segmented.SegmentedRaftLogWorker (SegmentedRaftLogWorker.java:run(313)) - 5955fc00-f5b8-4418-b414-62f2e5ec1764@group-A7DF5C14D480-SegmentedRaftLogWorker was interrupted, exiting. There are 0 tasks remaining in the queue.
2019-09-26 10:07:28,816 [ForkJoinPool.commonPool-worker-0] INFO  segmented.SegmentedRaftLogWorker (SegmentedRaftLogWorker.java:close(228)) - 5955fc00-f5b8-4418-b414-62f2e5ec1764@group-A7DF5C14D480-SegmentedRaftLogWorker close()
2019-09-26 10:07:28,817 [ForkJoinPool.commonPool-worker-0] INFO  server.GrpcService (GrpcService.java:closeImpl(164)) - 5955fc00-f5b8-4418-b414-62f2e5ec1764: shutdown server with port 35778 now
2019-09-26 10:07:28,821 [ForkJoinPool.commonPool-worker-0] INFO  server.GrpcService (GrpcService.java:closeImpl(172)) - 5955fc00-f5b8-4418-b414-62f2e5ec1764: shutdown server with port 35778 successfully
2019-09-26 10:07:28,823 [refreshUsed-/workdir/hadoop-ozone/integration-test/target/test-dir/MiniOzoneClusterImpl-af826fcf-2e4c-4099-bed4-c1b0f0495924/datanode-1/data/containers] WARN  fs.CachingGetSpaceUsed (CachingGetSpaceUsed.java:run(183)) - Thread Interrupted waiting to refresh disk information: sleep interrupted
2019-09-26 10:07:28,826 [Thread-4110] INFO  impl.FollowerState (FollowerState.java:run(106)) - e3e9c20d-70c3-4d54-9af3-1020e4c50fd3:group-F32135CF196A changes to CANDIDATE, lastRpcTime:5151, electionTimeout:5151ms
2019-09-26 10:07:28,826 [Thread-4110] INFO  impl.RoleInfo (RoleInfo.java:shutdownFollowerState(121)) - e3e9c20d-70c3-4d54-9af3-1020e4c50fd3: shutdown FollowerState
2019-09-26 10:07:28,827 [Thread-4110] INFO  impl.RaftServerImpl (RaftServerImpl.java:setRole(174)) - e3e9c20d-70c3-4d54-9af3-1020e4c50fd3@group-F32135CF196A: changes role from  FOLLOWER to CANDIDATE at term 0 for changeToCandidate
2019-09-26 10:07:28,827 [Thread-4110] INFO  impl.RoleInfo (RoleInfo.java:updateAndGet(143)) - e3e9c20d-70c3-4d54-9af3-1020e4c50fd3: start LeaderElection
2019-09-26 10:07:28,837 [ForkJoinPool.commonPool-worker-0] INFO  utils.BackgroundService (BackgroundService.java:shutdown(148)) - Shutting down service BlockDeletingService
2019-09-26 10:07:28,849 [ForkJoinPool.commonPool-worker-0] INFO  statemachine.DatanodeStateMachine (DatanodeStateMachine.java:stopDaemon(395)) - Ozone container server stopped.
2019-09-26 10:07:28,858 [ForkJoinPool.commonPool-worker-0] INFO  handler.ContextHandler (ContextHandler.java:doStop(910)) - Stopped o.e.j.w.WebAppContext@7858d31d{/,null,UNAVAILABLE}{/hddsDatanode}
2019-09-26 10:07:28,858 [ForkJoinPool.commonPool-worker-0] INFO  server.AbstractConnector (AbstractConnector.java:doStop(318)) - Stopped ServerConnector@782e6b40{HTTP/1.1,[http/1.1]}{0.0.0.0:0}
2019-09-26 10:07:28,861 [ForkJoinPool.commonPool-worker-0] INFO  handler.ContextHandler (ContextHandler.java:doStop(910)) - Stopped o.e.j.s.ServletContextHandler@75452aea{/static,jar:file:/home/user/.m2/repository/org/apache/hadoop/hadoop-hdds-container-service/0.5.0-SNAPSHOT/hadoop-hdds-container-service-0.5.0-SNAPSHOT.jar!/webapps/static,UNAVAILABLE}
2019-09-26 10:07:28,863 [ForkJoinPool.commonPool-worker-0] INFO  handler.ContextHandler (ContextHandler.java:doStop(910)) - Stopped o.e.j.s.ServletContextHandler@2830315f{/logs,file:///workdir/hadoop-ozone/integration-test/target/log,UNAVAILABLE}
2019-09-26 10:07:29,025 [9cafecc4-59b7-45e3-9675-340d3e2c3fab@group-8EDDA6DEAB50-SegmentedRaftLogWorker] INFO  segmented.SegmentedRaftLogWorker (SegmentedRaftLogWorker.java:execute(569)) - 9cafecc4-59b7-45e3-9675-340d3e2c3fab@group-8EDDA6DEAB50-SegmentedRaftLogWorker: created new log segment /workdir/hadoop-ozone/integration-test/target/test-dir/MiniOzoneClusterImpl-af826fcf-2e4c-4099-bed4-c1b0f0495924/datanode-2/data/ratis/ed7eb83d-5ffe-4544-86fb-8edda6deab50/current/log_inprogress_0
2019-09-26 10:07:29,025 [5004b7af-11c5-4c34-b2aa-0091a090c65f@group-F1A3F15E6558:LeaderElection326] INFO  impl.LeaderElection (LeaderElection.java:askForVotes(182)) - 5004b7af-11c5-4c34-b2aa-0091a090c65f@group-F1A3F15E6558:LeaderElection326: begin an election at term 1 for -1: [5004b7af-11c5-4c34-b2aa-0091a090c65f:192.168.30.13:35706], old=null
2019-09-26 10:07:29,025 [e3e9c20d-70c3-4d54-9af3-1020e4c50fd3@group-F32135CF196A:LeaderElection336] INFO  impl.LeaderElection (LeaderElection.java:askForVotes(182)) - e3e9c20d-70c3-4d54-9af3-1020e4c50fd3@group-F32135CF196A:LeaderElection336: begin an election at term 1 for -1: [e3e9c20d-70c3-4d54-9af3-1020e4c50fd3:192.168.30.13:44355], old=null
2019-09-26 10:07:29,025 [5004b7af-11c5-4c34-b2aa-0091a090c65f@group-F1A3F15E6558:LeaderElection326] INFO  impl.RoleInfo (RoleInfo.java:shutdownLeaderElection(134)) - 5004b7af-11c5-4c34-b2aa-0091a090c65f: shutdown LeaderElection
2019-09-26 10:07:29,025 [d1f6f5bd-a733-436d-b89d-c17e8804c490@group-3FFC298E1CE9-SegmentedRaftLogWorker] WARN  segmented.SegmentedRaftLogOutputStream (SegmentedRaftLogOutputStream.java:<init>(77)) - Hit IOException while creating log segment /workdir/hadoop-ozone/integration-test/target/test-dir/MiniOzoneClusterImpl-af826fcf-2e4c-4099-bed4-c1b0f0495924/datanode-4/data/ratis/a1efaf8c-38ab-40f9-9b77-3ffc298e1ce9/current/log_inprogress_0, delete the partial file.
2019-09-26 10:07:29,025 [e3e9c20d-70c3-4d54-9af3-1020e4c50fd3@group-FCB70F5FB7A8:LeaderElection335] INFO  impl.LeaderElection (LeaderElection.java:askForVotes(182)) - e3e9c20d-70c3-4d54-9af3-1020e4c50fd3@group-FCB70F5FB7A8:LeaderElection335: begin an election at term 1 for -1: [e3e9c20d-70c3-4d54-9af3-1020e4c50fd3:192.168.30.13:44355], old=null
2019-09-26 10:07:29,025 [5004b7af-11c5-4c34-b2aa-0091a090c65f@group-B962712EDC9B:LeaderElection333] INFO  impl.LeaderElection (LeaderElection.java:askForVotes(182)) - 5004b7af-11c5-4c34-b2aa-0091a090c65f@group-B962712EDC9B:LeaderElection333: begin an election at term 1 for -1: [5004b7af-11c5-4c34-b2aa-0091a090c65f:192.168.30.13:35706], old=null
2019-09-26 10:07:29,025 [5004b7af-11c5-4c34-b2aa-0091a090c65f@group-B827DDAB9806:LeaderElection329] INFO  impl.LeaderElection (LeaderElection.java:askForVotes(182)) - 5004b7af-11c5-4c34-b2aa-0091a090c65f@group-B827DDAB9806:LeaderElection329: begin an election at term 1 for -1: [5004b7af-11c5-4c34-b2aa-0091a090c65f:192.168.30.13:35706], old=null
2019-09-26 10:07:29,025 [e3e9c20d-70c3-4d54-9af3-1020e4c50fd3@group-E0AC73341E34:LeaderElection334] INFO  impl.LeaderElection (LeaderElection.java:askForVotes(182)) - e3e9c20d-70c3-4d54-9af3-1020e4c50fd3@group-E0AC73341E34:LeaderElection334: begin an election at term 1 for -1: [e3e9c20d-70c3-4d54-9af3-1020e4c50fd3:192.168.30.13:44355], old=null
2019-09-26 10:07:29,025 [5004b7af-11c5-4c34-b2aa-0091a090c65f@group-172828DAF1D9:LeaderElection325] INFO  impl.LeaderElection (LeaderElection.java:askForVotes(182)) - 5004b7af-11c5-4c34-b2aa-0091a090c65f@group-172828DAF1D9:LeaderElection325: begin an election at term 1 for -1: [5004b7af-11c5-4c34-b2aa-0091a090c65f:192.168.30.13:35706], old=null
2019-09-26 10:07:29,025 [d1f6f5bd-a733-436d-b89d-c17e8804c490@group-40492E8DC6CB:LeaderElection327] INFO  impl.LeaderElection (LeaderElection.java:askForVotes(182)) - d1f6f5bd-a733-436d-b89d-c17e8804c490@group-40492E8DC6CB:LeaderElection327: begin an election at term 1 for -1: [d1f6f5bd-a733-436d-b89d-c17e8804c490:192.168.30.13:37835], old=null
2019-09-26 10:07:29,025 [d1f6f5bd-a733-436d-b89d-c17e8804c490@group-1098318319A7:LeaderElection331] INFO  impl.LeaderElection (LeaderElection.java:askForVotes(182)) - d1f6f5bd-a733-436d-b89d-c17e8804c490@group-1098318319A7:LeaderElection331: begin an election at term 1 for -1: [d1f6f5bd-a733-436d-b89d-c17e8804c490:192.168.30.13:37835], old=null
2019-09-26 10:07:29,025 [e3e9c20d-70c3-4d54-9af3-1020e4c50fd3@group-8A67FAE9C03C:LeaderElection330] INFO  impl.LeaderElection (LeaderElection.java:askForVotes(182)) - e3e9c20d-70c3-4d54-9af3-1020e4c50fd3@group-8A67FAE9C03C:LeaderElection330: begin an election at term 1 for -1: [e3e9c20d-70c3-4d54-9af3-1020e4c50fd3:192.168.30.13:44355], old=null
2019-09-26 10:07:29,026 [e3e9c20d-70c3-4d54-9af3-1020e4c50fd3@group-8A67FAE9C03C:LeaderElection330] INFO  impl.RoleInfo (RoleInfo.java:shutdownLeaderElection(134)) - e3e9c20d-70c3-4d54-9af3-1020e4c50fd3: shutdown LeaderElection
2019-09-26 10:07:29,025 [5004b7af-11c5-4c34-b2aa-0091a090c65f@group-E87AE8E084F5:LeaderElection332] INFO  impl.LeaderElection (LeaderElection.java:askForVotes(182)) - 5004b7af-11c5-4c34-b2aa-0091a090c65f@group-E87AE8E084F5:LeaderElection332: begin an election at term 1 for -1: [5004b7af-11c5-4c34-b2aa-0091a090c65f:192.168.30.13:35706], old=null
2019-09-26 10:07:29,025 [d1f6f5bd-a733-436d-b89d-c17e8804c490@group-168BC434C84B:LeaderElection328] INFO  impl.LeaderElection (LeaderElection.java:askForVotes(182)) - d1f6f5bd-a733-436d-b89d-c17e8804c490@group-168BC434C84B:LeaderElection328: begin an election at term 1 for -1: [d1f6f5bd-a733-436d-b89d-c17e8804c490:192.168.30.13:37835], old=null
2019-09-26 10:07:29,027 [5004b7af-11c5-4c34-b2aa-0091a090c65f@group-E87AE8E084F5:LeaderElection332] INFO  impl.RoleInfo (RoleInfo.java:shutdownLeaderElection(134)) - 5004b7af-11c5-4c34-b2aa-0091a090c65f: shutdown LeaderElection
2019-09-26 10:07:29,027 [e3e9c20d-70c3-4d54-9af3-1020e4c50fd3@group-8A67FAE9C03C:LeaderElection330] INFO  impl.RaftServerImpl (RaftServerImpl.java:setRole(174)) - e3e9c20d-70c3-4d54-9af3-1020e4c50fd3@group-8A67FAE9C03C: changes role from CANDIDATE to LEADER at term 1 for changeToLeader
2019-09-26 10:07:29,027 [e3e9c20d-70c3-4d54-9af3-1020e4c50fd3@group-8A67FAE9C03C:LeaderElection330] INFO  impl.RaftServerImpl (ServerState.java:setLeader(253)) - e3e9c20d-70c3-4d54-9af3-1020e4c50fd3@group-8A67FAE9C03C: change Leader from null to e3e9c20d-70c3-4d54-9af3-1020e4c50fd3 at term 1 for becomeLeader, leader elected after 5761ms
2019-09-26 10:07:29,026 [main] INFO  segmented.SegmentedRaftLogWorker (SegmentedRaftLogWorker.java:close(228)) - d1f6f5bd-a733-436d-b89d-c17e8804c490@group-3FFC298E1CE9-SegmentedRaftLogWorker close()
2019-09-26 10:07:29,026 [5004b7af-11c5-4c34-b2aa-0091a090c65f@group-172828DAF1D9:LeaderElection325] INFO  impl.RoleInfo (RoleInfo.java:shutdownLeaderElection(134)) - 5004b7af-11c5-4c34-b2aa-0091a090c65f: shutdown LeaderElection
2019-09-26 10:07:29,026 [e3e9c20d-70c3-4d54-9af3-1020e4c50fd3@group-E0AC73341E34:LeaderElection334] INFO  impl.RoleInfo (RoleInfo.java:shutdownLeaderElection(134)) - e3e9c20d-70c3-4d54-9af3-1020e4c50fd3: shutdown LeaderElection
2019-09-26 10:07:29,026 [5004b7af-11c5-4c34-b2aa-0091a090c65f@group-B827DDAB9806:LeaderElection329] INFO  impl.RoleInfo (RoleInfo.java:shutdownLeaderElection(134)) - 5004b7af-11c5-4c34-b2aa-0091a090c65f: shutdown LeaderElection
2019-09-26 10:07:29,028 [5004b7af-11c5-4c34-b2aa-0091a090c65f@group-B827DDAB9806:LeaderElection329] INFO  impl.RaftServerImpl (RaftServerImpl.java:setRole(174)) - 5004b7af-11c5-4c34-b2aa-0091a090c65f@group-B827DDAB9806: changes role from CANDIDATE to LEADER at term 1 for changeToLeader
2019-09-26 10:07:29,026 [5004b7af-11c5-4c34-b2aa-0091a090c65f@group-B962712EDC9B:LeaderElection333] INFO  impl.RoleInfo (RoleInfo.java:shutdownLeaderElection(134)) - 5004b7af-11c5-4c34-b2aa-0091a090c65f: shutdown LeaderElection
2019-09-26 10:07:29,025 [e3e9c20d-70c3-4d54-9af3-1020e4c50fd3@group-FCB70F5FB7A8:LeaderElection335] INFO  impl.RoleInfo (RoleInfo.java:shutdownLeaderElection(134)) - e3e9c20d-70c3-4d54-9af3-1020e4c50fd3: shutdown LeaderElection
2019-09-26 10:07:29,025 [5004b7af-11c5-4c34-b2aa-0091a090c65f@group-F1A3F15E6558:LeaderElection326] INFO  impl.RaftServerImpl (RaftServerImpl.java:setRole(174)) - 5004b7af-11c5-4c34-b2aa-0091a090c65f@group-F1A3F15E6558: changes role from CANDIDATE to LEADER at term 1 for changeToLeader
2019-09-26 10:07:29,029 [5004b7af-11c5-4c34-b2aa-0091a090c65f@group-F1A3F15E6558:LeaderElection326] INFO  impl.RaftServerImpl (ServerState.java:setLeader(253)) - 5004b7af-11c5-4c34-b2aa-0091a090c65f@group-F1A3F15E6558: change Leader from null to 5004b7af-11c5-4c34-b2aa-0091a090c65f at term 1 for becomeLeader, leader elected after 6058ms
2019-09-26 10:07:29,025 [e3e9c20d-70c3-4d54-9af3-1020e4c50fd3@group-F32135CF196A:LeaderElection336] INFO  impl.RoleInfo (RoleInfo.java:shutdownLeaderElection(134)) - e3e9c20d-70c3-4d54-9af3-1020e4c50fd3: shutdown LeaderElection
2019-09-26 10:07:29,029 [5004b7af-11c5-4c34-b2aa-0091a090c65f@group-F1A3F15E6558:LeaderElection326] INFO  server.RaftServerConfigKeys (ConfUtils.java:logGet(43)) - raft.server.staging.catchup.gap = 1000 (default)
2019-09-26 10:07:29,029 [5004b7af-11c5-4c34-b2aa-0091a090c65f@group-F1A3F15E6558:LeaderElection326] INFO  server.RaftServerConfigKeys (ConfUtils.java:logGet(43)) - raft.server.rpc.sleep.time = 25ms (default)
2019-09-26 10:07:29,029 [e3e9c20d-70c3-4d54-9af3-1020e4c50fd3@group-FCB70F5FB7A8:LeaderElection335] INFO  impl.RaftServerImpl (RaftServerImpl.java:setRole(174)) - e3e9c20d-70c3-4d54-9af3-1020e4c50fd3@group-FCB70F5FB7A8: changes role from CANDIDATE to LEADER at term 1 for changeToLeader
2019-09-26 10:07:29,029 [5004b7af-11c5-4c34-b2aa-0091a090c65f@group-B962712EDC9B:LeaderElection333] INFO  impl.RaftServerImpl (RaftServerImpl.java:setRole(174)) - 5004b7af-11c5-4c34-b2aa-0091a090c65f@group-B962712EDC9B: changes role from CANDIDATE to LEADER at term 1 for changeToLeader
2019-09-26 10:07:29,028 [5004b7af-11c5-4c34-b2aa-0091a090c65f@group-B827DDAB9806:LeaderElection329] INFO  impl.RaftServerImpl (ServerState.java:setLeader(253)) - 5004b7af-11c5-4c34-b2aa-0091a090c65f@group-B827DDAB9806: change Leader from null to 5004b7af-11c5-4c34-b2aa-0091a090c65f at term 1 for becomeLeader, leader elected after 5915ms
2019-09-26 10:07:29,028 [e3e9c20d-70c3-4d54-9af3-1020e4c50fd3@group-E0AC73341E34:LeaderElection334] INFO  impl.RaftServerImpl (RaftServerImpl.java:setRole(174)) - e3e9c20d-70c3-4d54-9af3-1020e4c50fd3@group-E0AC73341E34: changes role from CANDIDATE to LEADER at term 1 for changeToLeader
2019-09-26 10:07:29,028 [5004b7af-11c5-4c34-b2aa-0091a090c65f@group-172828DAF1D9:LeaderElection325] INFO  impl.RaftServerImpl (RaftServerImpl.java:setRole(174)) - 5004b7af-11c5-4c34-b2aa-0091a090c65f@group-172828DAF1D9: changes role from CANDIDATE to LEADER at term 1 for changeToLeader
2019-09-26 10:07:29,030 [5004b7af-11c5-4c34-b2aa-0091a090c65f@group-172828DAF1D9:LeaderElection325] INFO  impl.RaftServerImpl (ServerState.java:setLeader(253)) - 5004b7af-11c5-4c34-b2aa-0091a090c65f@group-172828DAF1D9: change Leader from null to 5004b7af-11c5-4c34-b2aa-0091a090c65f at term 1 for becomeLeader, leader elected after 6018ms
2019-09-26 10:07:29,028 [main] INFO  server.GrpcService (GrpcService.java:closeImpl(164)) - d1f6f5bd-a733-436d-b89d-c17e8804c490: shutdown server with port 37835 now
2019-09-26 10:07:29,027 [d1f6f5bd-a733-436d-b89d-c17e8804c490@group-168BC434C84B:LeaderElection328] INFO  impl.LeaderElection (LogUtils.java:infoOrTrace(149)) - Failed d1f6f5bd-a733-436d-b89d-c17e8804c490@group-168BC434C84B:LeaderElection328, state=CLOSING: {}
java.lang.IllegalArgumentException: d1f6f5bd-a733-436d-b89d-c17e8804c490@group-168BC434C84B-SegmentedRaftLog is expected to be opened but it is CLOSED
	at org.apache.ratis.util.OpenCloseState.assertOpen(OpenCloseState.java:63)
	at org.apache.ratis.server.raftlog.RaftLog.checkLogState(RaftLog.java:102)
	at org.apache.ratis.server.raftlog.segmented.SegmentedRaftLog.getLastEntryTermIndex(SegmentedRaftLog.java:324)
	at org.apache.ratis.server.impl.LeaderElection.askForVotes(LeaderElection.java:184)
	at org.apache.ratis.server.impl.LeaderElection.run(LeaderElection.java:133)
	at java.lang.Thread.run(Thread.java:748)
Caused by: org.apache.ratis.util.OpenCloseState$CloseTrace: Close d1f6f5bd-a733-436d-b89d-c17e8804c490@group-168BC434C84B-SegmentedRaftLog
	at org.apache.ratis.util.OpenCloseState.lambda$close$1(OpenCloseState.java:109)
	at java.util.concurrent.atomic.AtomicReference.getAndUpdate(AtomicReference.java:160)
	at org.apache.ratis.util.OpenCloseState.close(OpenCloseState.java:109)
	at org.apache.ratis.server.raftlog.RaftLog.close(RaftLog.java:437)
	at org.apache.ratis.server.raftlog.segmented.SegmentedRaftLog.close(SegmentedRaftLog.java:476)
	at org.apache.ratis.server.impl.ServerState.close(ServerState.java:387)
	at org.apache.ratis.server.impl.RaftServerImpl.lambda$shutdown$3(RaftServerImpl.java:273)
	at org.apache.ratis.util.LifeCycle.lambda$checkStateAndClose$2(LifeCycle.java:231)
	at org.apache.ratis.util.LifeCycle.checkStateAndClose(LifeCycle.java:251)
	at org.apache.ratis.util.LifeCycle.checkStateAndClose(LifeCycle.java:229)
	at org.apache.ratis.server.impl.RaftServerImpl.shutdown(RaftServerImpl.java:250)
	at org.apache.ratis.server.impl.RaftServerProxy$ImplMap.lambda$close$0(RaftServerProxy.java:107)
	at java.util.stream.ForEachOps$ForEachOp$OfRef.accept(ForEachOps.java:184)
	at java.util.stream.ReferencePipeline$3$1.accept(ReferencePipeline.java:193)
	at java.util.concurrent.ConcurrentHashMap$ValueSpliterator.forEachRemaining(ConcurrentHashMap.java:3566)
	at java.util.stream.AbstractPipeline.copyInto(AbstractPipeline.java:482)
	at java.util.stream.ForEachOps$ForEachTask.compute(ForEachOps.java:291)
	at java.util.concurrent.CountedCompleter.exec(CountedCompleter.java:731)
	at java.util.concurrent.ForkJoinTask.doExec(ForkJoinTask.java:289)
	at java.util.concurrent.ForkJoinPool.helpComplete(ForkJoinPool.java:1870)
	at java.util.concurrent.ForkJoinPool.externalHelpComplete(ForkJoinPool.java:2467)
	at java.util.concurrent.ForkJoinTask.externalAwaitDone(ForkJoinTask.java:324)
	at java.util.concurrent.ForkJoinTask.doInvoke(ForkJoinTask.java:405)
	at java.util.concurrent.ForkJoinTask.invoke(ForkJoinTask.java:734)
	at java.util.stream.ForEachOps$ForEachOp.evaluateParallel(ForEachOps.java:160)
	at java.util.stream.ForEachOps$ForEachOp$OfRef.evaluateParallel(ForEachOps.java:174)
	at java.util.stream.AbstractPipeline.evaluate(AbstractPipeline.java:233)
	at java.util.stream.ReferencePipeline.forEach(ReferencePipeline.java:418)
	at org.apache.ratis.server.impl.RaftServerProxy$ImplMap.close(RaftServerProxy.java:107)
	at org.apache.ratis.server.impl.RaftServerProxy.lambda$close$4(RaftServerProxy.java:315)
	at org.apache.ratis.util.LifeCycle.lambda$checkStateAndClose$2(LifeCycle.java:231)
	at org.apache.ratis.util.LifeCycle.checkStateAndClose(LifeCycle.java:251)
	at org.apache.ratis.util.LifeCycle.checkStateAndClose(LifeCycle.java:229)
	at org.apache.ratis.server.impl.RaftServerProxy.close(RaftServerProxy.java:313)
	at org.apache.hadoop.ozone.container.common.transport.server.ratis.XceiverServerRatis.stop(XceiverServerRatis.java:441)
	at org.apache.hadoop.ozone.container.ozoneimpl.OzoneContainer.stop(OzoneContainer.java:233)
	at org.apache.hadoop.ozone.container.common.statemachine.DatanodeStateMachine.close(DatanodeStateMachine.java:270)
	at org.apache.hadoop.ozone.container.common.statemachine.DatanodeStateMachine.stopDaemon(DatanodeStateMachine.java:394)
	at org.apache.hadoop.ozone.HddsDatanodeService.stop(HddsDatanodeService.java:457)
	at org.apache.hadoop.ozone.MiniOzoneClusterImpl.stopDatanode(MiniOzoneClusterImpl.java:385)
	at java.util.stream.ForEachOps$ForEachOp$OfRef.accept(ForEachOps.java:184)
	at java.util.ArrayList$ArrayListSpliterator.forEachRemaining(ArrayList.java:1382)
	at java.util.stream.AbstractPipeline.copyInto(AbstractPipeline.java:482)
	at java.util.stream.ForEachOps$ForEachTask.compute(ForEachOps.java:291)
	at java.util.concurrent.CountedCompleter.exec(CountedCompleter.java:731)
	at java.util.concurrent.ForkJoinTask.doExec(ForkJoinTask.java:289)
	at java.util.concurrent.ForkJoinTask.doInvoke(ForkJoinTask.java:401)
	at java.util.concurrent.ForkJoinTask.invoke(ForkJoinTask.java:734)
	at java.util.stream.ForEachOps$ForEachOp.evaluateParallel(ForEachOps.java:160)
	at java.util.stream.ForEachOps$ForEachOp$OfRef.evaluateParallel(ForEachOps.java:174)
	at java.util.stream.AbstractPipeline.evaluate(AbstractPipeline.java:233)
	at java.util.stream.ReferencePipeline.forEach(ReferencePipeline.java:418)
	at java.util.stream.ReferencePipeline$Head.forEach(ReferencePipeline.java:583)
	at org.apache.hadoop.ozone.MiniOzoneClusterImpl.stopDatanodes(MiniOzoneClusterImpl.java:379)
	at org.apache.hadoop.ozone.MiniOzoneClusterImpl.stop(MiniOzoneClusterImpl.java:332)
	at org.apache.hadoop.ozone.MiniOzoneClusterImpl.shutdown(MiniOzoneClusterImpl.java:319)
	at org.apache.hadoop.ozone.client.rpc.TestBlockOutputStreamWithFailures.shutdown(TestBlockOutputStreamWithFailures.java:118)
	at sun.reflect.NativeMethodAccessorImpl.invoke0(Native Method)
	at sun.reflect.NativeMethodAccessorImpl.invoke(NativeMethodAccessorImpl.java:62)
	at sun.reflect.DelegatingMethodAccessorImpl.invoke(DelegatingMethodAccessorImpl.java:43)
	at java.lang.reflect.Method.invoke(Method.java:498)
	at org.junit.runners.model.FrameworkMethod$1.runReflectiveCall(FrameworkMethod.java:47)
	at org.junit.internal.runners.model.ReflectiveCallable.run(ReflectiveCallable.java:12)
	at org.junit.runners.model.FrameworkMethod.invokeExplosively(FrameworkMethod.java:44)
	at org.junit.internal.runners.statements.RunAfters.evaluate(RunAfters.java:33)
	at org.junit.runners.ParentRunner.runLeaf(ParentRunner.java:271)
	at org.junit.runners.BlockJUnit4ClassRunner.runChild(BlockJUnit4ClassRunner.java:70)
	at org.junit.runners.BlockJUnit4ClassRunner.runChild(BlockJUnit4ClassRunner.java:50)
	at org.junit.runners.ParentRunner$3.run(ParentRunner.java:238)
	at org.junit.runners.ParentRunner$1.schedule(ParentRunner.java:63)
	at org.junit.runners.ParentRunner.runChildren(ParentRunner.java:236)
	at org.junit.runners.ParentRunner.access$000(ParentRunner.java:53)
	at org.junit.runners.ParentRunner$2.evaluate(ParentRunner.java:229)
	at org.junit.runners.ParentRunner.run(ParentRunner.java:309)
	at org.apache.maven.surefire.junit4.JUnit4Provider.execute(JUnit4Provider.java:365)
	at org.apache.maven.surefire.junit4.JUnit4Provider.executeWithRerun(JUnit4Provider.java:273)
	at org.apache.maven.surefire.junit4.JUnit4Provider.executeTestSet(JUnit4Provider.java:238)
	at org.apache.maven.surefire.junit4.JUnit4Provider.invoke(JUnit4Provider.java:159)
	at org.apache.maven.surefire.booter.ForkedBooter.invokeProviderInSameClassLoader(ForkedBooter.java:384)
	at org.apache.maven.surefire.booter.ForkedBooter.runSuitesInProcess(ForkedBooter.java:345)
	at org.apache.maven.surefire.booter.ForkedBooter.execute(ForkedBooter.java:126)
	at org.apache.maven.surefire.booter.ForkedBooter.main(ForkedBooter.java:418)
2019-09-26 10:07:29,043 [d1f6f5bd-a733-436d-b89d-c17e8804c490@group-168BC434C84B:LeaderElection328] INFO  impl.LeaderElection (LeaderElection.java:run(140)) - d1f6f5bd-a733-436d-b89d-c17e8804c490@group-168BC434C84B:LeaderElection328: IllegalArgumentException is safely ignored since this is already CLOSING
2019-09-26 10:07:29,027 [e3e9c20d-70c3-4d54-9af3-1020e4c50fd3@group-8A67FAE9C03C:LeaderElection330] INFO  server.RaftServerConfigKeys (ConfUtils.java:logGet(43)) - raft.server.staging.catchup.gap = 1000 (default)
2019-09-26 10:07:29,044 [e3e9c20d-70c3-4d54-9af3-1020e4c50fd3@group-8A67FAE9C03C:LeaderElection330] INFO  server.RaftServerConfigKeys (ConfUtils.java:logGet(43)) - raft.server.rpc.sleep.time = 25ms (default)
2019-09-26 10:07:29,027 [d1f6f5bd-a733-436d-b89d-c17e8804c490@group-40492E8DC6CB:LeaderElection327] INFO  impl.LeaderElection (LogUtils.java:infoOrTrace(149)) - Failed d1f6f5bd-a733-436d-b89d-c17e8804c490@group-40492E8DC6CB:LeaderElection327, state=CLOSING: {}
java.lang.IllegalArgumentException: d1f6f5bd-a733-436d-b89d-c17e8804c490@group-40492E8DC6CB-SegmentedRaftLog is expected to be opened but it is CLOSED
	at org.apache.ratis.util.OpenCloseState.assertOpen(OpenCloseState.java:63)
	at org.apache.ratis.server.raftlog.RaftLog.checkLogState(RaftLog.java:102)
	at org.apache.ratis.server.raftlog.segmented.SegmentedRaftLog.getLastEntryTermIndex(SegmentedRaftLog.java:324)
	at org.apache.ratis.server.impl.LeaderElection.askForVotes(LeaderElection.java:184)
	at org.apache.ratis.server.impl.LeaderElection.run(LeaderElection.java:133)
	at java.lang.Thread.run(Thread.java:748)
Caused by: org.apache.ratis.util.OpenCloseState$CloseTrace: Close d1f6f5bd-a733-436d-b89d-c17e8804c490@group-40492E8DC6CB-SegmentedRaftLog
	at org.apache.ratis.util.OpenCloseState.lambda$close$1(OpenCloseState.java:109)
	at java.util.concurrent.atomic.AtomicReference.getAndUpdate(AtomicReference.java:160)
	at org.apache.ratis.util.OpenCloseState.close(OpenCloseState.java:109)
	at org.apache.ratis.server.raftlog.RaftLog.close(RaftLog.java:437)
	at org.apache.ratis.server.raftlog.segmented.SegmentedRaftLog.close(SegmentedRaftLog.java:476)
	at org.apache.ratis.server.impl.ServerState.close(ServerState.java:387)
	at org.apache.ratis.server.impl.RaftServerImpl.lambda$shutdown$3(RaftServerImpl.java:273)
	at org.apache.ratis.util.LifeCycle.lambda$checkStateAndClose$2(LifeCycle.java:231)
	at org.apache.ratis.util.LifeCycle.checkStateAndClose(LifeCycle.java:251)
	at org.apache.ratis.util.LifeCycle.checkStateAndClose(LifeCycle.java:229)
	at org.apache.ratis.server.impl.RaftServerImpl.shutdown(RaftServerImpl.java:250)
	at org.apache.ratis.server.impl.RaftServerProxy$ImplMap.lambda$close$0(RaftServerProxy.java:107)
	at java.util.stream.ForEachOps$ForEachOp$OfRef.accept(ForEachOps.java:184)
	at java.util.stream.ReferencePipeline$3$1.accept(ReferencePipeline.java:193)
	at java.util.concurrent.ConcurrentHashMap$ValueSpliterator.forEachRemaining(ConcurrentHashMap.java:3566)
	at java.util.stream.AbstractPipeline.copyInto(AbstractPipeline.java:482)
	at java.util.stream.ForEachOps$ForEachTask.compute(ForEachOps.java:291)
	at java.util.concurrent.CountedCompleter.exec(CountedCompleter.java:731)
	at java.util.concurrent.ForkJoinTask.doExec(ForkJoinTask.java:289)
	at java.util.concurrent.ForkJoinTask.doInvoke(ForkJoinTask.java:401)
	at java.util.concurrent.ForkJoinTask.invoke(ForkJoinTask.java:734)
	at java.util.stream.ForEachOps$ForEachOp.evaluateParallel(ForEachOps.java:160)
	at java.util.stream.ForEachOps$ForEachOp$OfRef.evaluateParallel(ForEachOps.java:174)
	at java.util.stream.AbstractPipeline.evaluate(AbstractPipeline.java:233)
	at java.util.stream.ReferencePipeline.forEach(ReferencePipeline.java:418)
	at org.apache.ratis.server.impl.RaftServerProxy$ImplMap.close(RaftServerProxy.java:107)
	at org.apache.ratis.server.impl.RaftServerProxy.lambda$close$4(RaftServerProxy.java:315)
	at org.apache.ratis.util.LifeCycle.lambda$checkStateAndClose$2(LifeCycle.java:231)
	at org.apache.ratis.util.LifeCycle.checkStateAndClose(LifeCycle.java:251)
	at org.apache.ratis.util.LifeCycle.checkStateAndClose(LifeCycle.java:229)
	at org.apache.ratis.server.impl.RaftServerProxy.close(RaftServerProxy.java:313)
	at org.apache.hadoop.ozone.container.common.transport.server.ratis.XceiverServerRatis.stop(XceiverServerRatis.java:441)
	at org.apache.hadoop.ozone.container.ozoneimpl.OzoneContainer.stop(OzoneContainer.java:233)
	at org.apache.hadoop.ozone.container.common.statemachine.DatanodeStateMachine.close(DatanodeStateMachine.java:270)
	at org.apache.hadoop.ozone.container.common.statemachine.DatanodeStateMachine.stopDaemon(DatanodeStateMachine.java:394)
	at org.apache.hadoop.ozone.HddsDatanodeService.stop(HddsDatanodeService.java:457)
	at org.apache.hadoop.ozone.MiniOzoneClusterImpl.stopDatanode(MiniOzoneClusterImpl.java:385)
	at java.util.stream.ForEachOps$ForEachOp$OfRef.accept(ForEachOps.java:184)
	at java.util.ArrayList$ArrayListSpliterator.forEachRemaining(ArrayList.java:1382)
	at java.util.stream.AbstractPipeline.copyInto(AbstractPipeline.java:482)
	at java.util.stream.ForEachOps$ForEachTask.compute(ForEachOps.java:291)
	at java.util.concurrent.CountedCompleter.exec(CountedCompleter.java:731)
	at java.util.concurrent.ForkJoinTask.doExec(ForkJoinTask.java:289)
	at java.util.concurrent.ForkJoinTask.doInvoke(ForkJoinTask.java:401)
	at java.util.concurrent.ForkJoinTask.invoke(ForkJoinTask.java:734)
	at java.util.stream.ForEachOps$ForEachOp.evaluateParallel(ForEachOps.java:160)
	at java.util.stream.ForEachOps$ForEachOp$OfRef.evaluateParallel(ForEachOps.java:174)
	at java.util.stream.AbstractPipeline.evaluate(AbstractPipeline.java:233)
	at java.util.stream.ReferencePipeline.forEach(ReferencePipeline.java:418)
	at java.util.stream.ReferencePipeline$Head.forEach(ReferencePipeline.java:583)
	at org.apache.hadoop.ozone.MiniOzoneClusterImpl.stopDatanodes(MiniOzoneClusterImpl.java:379)
	at org.apache.hadoop.ozone.MiniOzoneClusterImpl.stop(MiniOzoneClusterImpl.java:332)
	at org.apache.hadoop.ozone.MiniOzoneClusterImpl.shutdown(MiniOzoneClusterImpl.java:319)
	at org.apache.hadoop.ozone.client.rpc.TestBlockOutputStreamWithFailures.shutdown(TestBlockOutputStreamWithFailures.java:118)
	at sun.reflect.NativeMethodAccessorImpl.invoke0(Native Method)
	at sun.reflect.NativeMethodAccessorImpl.invoke(NativeMethodAccessorImpl.java:62)
	at sun.reflect.DelegatingMethodAccessorImpl.invoke(DelegatingMethodAccessorImpl.java:43)
	at java.lang.reflect.Method.invoke(Method.java:498)
	at org.junit.runners.model.FrameworkMethod$1.runReflectiveCall(FrameworkMethod.java:47)
	at org.junit.internal.runners.model.ReflectiveCallable.run(ReflectiveCallable.java:12)
	at org.junit.runners.model.FrameworkMethod.invokeExplosively(FrameworkMethod.java:44)
	at org.junit.internal.runners.statements.RunAfters.evaluate(RunAfters.java:33)
	at org.junit.runners.ParentRunner.runLeaf(ParentRunner.java:271)
	at org.junit.runners.BlockJUnit4ClassRunner.runChild(BlockJUnit4ClassRunner.java:70)
	at org.junit.runners.BlockJUnit4ClassRunner.runChild(BlockJUnit4ClassRunner.java:50)
	at org.junit.runners.ParentRunner$3.run(ParentRunner.java:238)
	at org.junit.runners.ParentRunner$1.schedule(ParentRunner.java:63)
	at org.junit.runners.ParentRunner.runChildren(ParentRunner.java:236)
	at org.junit.runners.ParentRunner.access$000(ParentRunner.java:53)
	at org.junit.runners.ParentRunner$2.evaluate(ParentRunner.java:229)
	at org.junit.runners.ParentRunner.run(ParentRunner.java:309)
	at org.apache.maven.surefire.junit4.JUnit4Provider.execute(JUnit4Provider.java:365)
	at org.apache.maven.surefire.junit4.JUnit4Provider.executeWithRerun(JUnit4Provider.java:273)
	at org.apache.maven.surefire.junit4.JUnit4Provider.executeTestSet(JUnit4Provider.java:238)
	at org.apache.maven.surefire.junit4.JUnit4Provider.invoke(JUnit4Provider.java:159)
	at org.apache.maven.surefire.booter.ForkedBooter.invokeProviderInSameClassLoader(ForkedBooter.java:384)
	at org.apache.maven.surefire.booter.ForkedBooter.runSuitesInProcess(ForkedBooter.java:345)
	at org.apache.maven.surefire.booter.ForkedBooter.execute(ForkedBooter.java:126)
	at org.apache.maven.surefire.booter.ForkedBooter.main(ForkedBooter.java:418)
2019-09-26 10:07:29,049 [d1f6f5bd-a733-436d-b89d-c17e8804c490@group-40492E8DC6CB:LeaderElection327] INFO  impl.LeaderElection (LeaderElection.java:run(140)) - d1f6f5bd-a733-436d-b89d-c17e8804c490@group-40492E8DC6CB:LeaderElection327: IllegalArgumentException is safely ignored since this is already CLOSING
2019-09-26 10:07:29,027 [d1f6f5bd-a733-436d-b89d-c17e8804c490@group-1098318319A7:LeaderElection331] INFO  impl.LeaderElection (LogUtils.java:infoOrTrace(149)) - Failed d1f6f5bd-a733-436d-b89d-c17e8804c490@group-1098318319A7:LeaderElection331, state=CLOSING: {}
java.lang.IllegalArgumentException: d1f6f5bd-a733-436d-b89d-c17e8804c490@group-1098318319A7-SegmentedRaftLog is expected to be opened but it is CLOSED
	at org.apache.ratis.util.OpenCloseState.assertOpen(OpenCloseState.java:63)
	at org.apache.ratis.server.raftlog.RaftLog.checkLogState(RaftLog.java:102)
	at org.apache.ratis.server.raftlog.segmented.SegmentedRaftLog.getLastEntryTermIndex(SegmentedRaftLog.java:324)
	at org.apache.ratis.server.impl.LeaderElection.askForVotes(LeaderElection.java:184)
	at org.apache.ratis.server.impl.LeaderElection.run(LeaderElection.java:133)
	at java.lang.Thread.run(Thread.java:748)
Caused by: org.apache.ratis.util.OpenCloseState$CloseTrace: Close d1f6f5bd-a733-436d-b89d-c17e8804c490@group-1098318319A7-SegmentedRaftLog
	at org.apache.ratis.util.OpenCloseState.lambda$close$1(OpenCloseState.java:109)
	at java.util.concurrent.atomic.AtomicReference.getAndUpdate(AtomicReference.java:160)
	at org.apache.ratis.util.OpenCloseState.close(OpenCloseState.java:109)
	at org.apache.ratis.server.raftlog.RaftLog.close(RaftLog.java:437)
	at org.apache.ratis.server.raftlog.segmented.SegmentedRaftLog.close(SegmentedRaftLog.java:476)
	at org.apache.ratis.server.impl.ServerState.close(ServerState.java:387)
	at org.apache.ratis.server.impl.RaftServerImpl.lambda$shutdown$3(RaftServerImpl.java:273)
	at org.apache.ratis.util.LifeCycle.lambda$checkStateAndClose$2(LifeCycle.java:231)
	at org.apache.ratis.util.LifeCycle.checkStateAndClose(LifeCycle.java:251)
	at org.apache.ratis.util.LifeCycle.checkStateAndClose(LifeCycle.java:229)
	at org.apache.ratis.server.impl.RaftServerImpl.shutdown(RaftServerImpl.java:250)
	at org.apache.ratis.server.impl.RaftServerProxy$ImplMap.lambda$close$0(RaftServerProxy.java:107)
	at java.util.stream.ForEachOps$ForEachOp$OfRef.accept(ForEachOps.java:184)
	at java.util.stream.ReferencePipeline$3$1.accept(ReferencePipeline.java:193)
	at java.util.concurrent.ConcurrentHashMap$ValueSpliterator.forEachRemaining(ConcurrentHashMap.java:3566)
	at java.util.stream.AbstractPipeline.copyInto(AbstractPipeline.java:482)
	at java.util.stream.ForEachOps$ForEachTask.compute(ForEachOps.java:291)
	at java.util.concurrent.CountedCompleter.exec(CountedCompleter.java:731)
	at java.util.concurrent.ForkJoinTask.doExec(ForkJoinTask.java:289)
	at java.util.concurrent.ForkJoinTask.doInvoke(ForkJoinTask.java:401)
	at java.util.concurrent.ForkJoinTask.invoke(ForkJoinTask.java:734)
	at java.util.stream.ForEachOps$ForEachOp.evaluateParallel(ForEachOps.java:160)
	at java.util.stream.ForEachOps$ForEachOp$OfRef.evaluateParallel(ForEachOps.java:174)
	at java.util.stream.AbstractPipeline.evaluate(AbstractPipeline.java:233)
	at java.util.stream.ReferencePipeline.forEach(ReferencePipeline.java:418)
	at org.apache.ratis.server.impl.RaftServerProxy$ImplMap.close(RaftServerProxy.java:107)
	at org.apache.ratis.server.impl.RaftServerProxy.lambda$close$4(RaftServerProxy.java:315)
	at org.apache.ratis.util.LifeCycle.lambda$checkStateAndClose$2(LifeCycle.java:231)
	at org.apache.ratis.util.LifeCycle.checkStateAndClose(LifeCycle.java:251)
	at org.apache.ratis.util.LifeCycle.checkStateAndClose(LifeCycle.java:229)
	at org.apache.ratis.server.impl.RaftServerProxy.close(RaftServerProxy.java:313)
	at org.apache.hadoop.ozone.container.common.transport.server.ratis.XceiverServerRatis.stop(XceiverServerRatis.java:441)
	at org.apache.hadoop.ozone.container.ozoneimpl.OzoneContainer.stop(OzoneContainer.java:233)
	at org.apache.hadoop.ozone.container.common.statemachine.DatanodeStateMachine.close(DatanodeStateMachine.java:270)
	at org.apache.hadoop.ozone.container.common.statemachine.DatanodeStateMachine.stopDaemon(DatanodeStateMachine.java:394)
	at org.apache.hadoop.ozone.HddsDatanodeService.stop(HddsDatanodeService.java:457)
	at org.apache.hadoop.ozone.MiniOzoneClusterImpl.stopDatanode(MiniOzoneClusterImpl.java:385)
	at java.util.stream.ForEachOps$ForEachOp$OfRef.accept(ForEachOps.java:184)
	at java.util.ArrayList$ArrayListSpliterator.forEachRemaining(ArrayList.java:1382)
	at java.util.stream.AbstractPipeline.copyInto(AbstractPipeline.java:482)
	at java.util.stream.ForEachOps$ForEachTask.compute(ForEachOps.java:291)
	at java.util.concurrent.CountedCompleter.exec(CountedCompleter.java:731)
	at java.util.concurrent.ForkJoinTask.doExec(ForkJoinTask.java:289)
	at java.util.concurrent.ForkJoinTask.doInvoke(ForkJoinTask.java:401)
	at java.util.concurrent.ForkJoinTask.invoke(ForkJoinTask.java:734)
	at java.util.stream.ForEachOps$ForEachOp.evaluateParallel(ForEachOps.java:160)
	at java.util.stream.ForEachOps$ForEachOp$OfRef.evaluateParallel(ForEachOps.java:174)
	at java.util.stream.AbstractPipeline.evaluate(AbstractPipeline.java:233)
	at java.util.stream.ReferencePipeline.forEach(ReferencePipeline.java:418)
	at java.util.stream.ReferencePipeline$Head.forEach(ReferencePipeline.java:583)
	at org.apache.hadoop.ozone.MiniOzoneClusterImpl.stopDatanodes(MiniOzoneClusterImpl.java:379)
	at org.apache.hadoop.ozone.MiniOzoneClusterImpl.stop(MiniOzoneClusterImpl.java:332)
	at org.apache.hadoop.ozone.MiniOzoneClusterImpl.shutdown(MiniOzoneClusterImpl.java:319)
	at org.apache.hadoop.ozone.client.rpc.TestBlockOutputStreamWithFailures.shutdown(TestBlockOutputStreamWithFailures.java:118)
	at sun.reflect.NativeMethodAccessorImpl.invoke0(Native Method)
	at sun.reflect.NativeMethodAccessorImpl.invoke(NativeMethodAccessorImpl.java:62)
	at sun.reflect.DelegatingMethodAccessorImpl.invoke(DelegatingMethodAccessorImpl.java:43)
	at java.lang.reflect.Method.invoke(Method.java:498)
	at org.junit.runners.model.FrameworkMethod$1.runReflectiveCall(FrameworkMethod.java:47)
	at org.junit.internal.runners.model.ReflectiveCallable.run(ReflectiveCallable.java:12)
	at org.junit.runners.model.FrameworkMethod.invokeExplosively(FrameworkMethod.java:44)
	at org.junit.internal.runners.statements.RunAfters.evaluate(RunAfters.java:33)
	at org.junit.runners.ParentRunner.runLeaf(ParentRunner.java:271)
	at org.junit.runners.BlockJUnit4ClassRunner.runChild(BlockJUnit4ClassRunner.java:70)
	at org.junit.runners.BlockJUnit4ClassRunner.runChild(BlockJUnit4ClassRunner.java:50)
	at org.junit.runners.ParentRunner$3.run(ParentRunner.java:238)
	at org.junit.runners.ParentRunner$1.schedule(ParentRunner.java:63)
	at org.junit.runners.ParentRunner.runChildren(ParentRunner.java:236)
	at org.junit.runners.ParentRunner.access$000(ParentRunner.java:53)
	at org.junit.runners.ParentRunner$2.evaluate(ParentRunner.java:229)
	at org.junit.runners.ParentRunner.run(ParentRunner.java:309)
	at org.apache.maven.surefire.junit4.JUnit4Provider.execute(JUnit4Provider.java:365)
	at org.apache.maven.surefire.junit4.JUnit4Provider.executeWithRerun(JUnit4Provider.java:273)
	at org.apache.maven.surefire.junit4.JUnit4Provider.executeTestSet(JUnit4Provider.java:238)
	at org.apache.maven.surefire.junit4.JUnit4Provider.invoke(JUnit4Provider.java:159)
	at org.apache.maven.surefire.booter.ForkedBooter.invokeProviderInSameClassLoader(ForkedBooter.java:384)
	at org.apache.maven.surefire.booter.ForkedBooter.runSuitesInProcess(ForkedBooter.java:345)
	at org.apache.maven.surefire.booter.ForkedBooter.execute(ForkedBooter.java:126)
	at org.apache.maven.surefire.booter.ForkedBooter.main(ForkedBooter.java:418)
2019-09-26 10:07:29,027 [5004b7af-11c5-4c34-b2aa-0091a090c65f@group-E87AE8E084F5:LeaderElection332] INFO  impl.RaftServerImpl (RaftServerImpl.java:setRole(174)) - 5004b7af-11c5-4c34-b2aa-0091a090c65f@group-E87AE8E084F5: changes role from CANDIDATE to LEADER at term 1 for changeToLeader
2019-09-26 10:07:29,055 [d1f6f5bd-a733-436d-b89d-c17e8804c490@group-1098318319A7:LeaderElection331] INFO  impl.LeaderElection (LeaderElection.java:run(140)) - d1f6f5bd-a733-436d-b89d-c17e8804c490@group-1098318319A7:LeaderElection331: IllegalArgumentException is safely ignored since this is already CLOSING
2019-09-26 10:07:29,044 [e3e9c20d-70c3-4d54-9af3-1020e4c50fd3@group-8A67FAE9C03C:LeaderElection330] INFO  server.RaftServerConfigKeys (ConfUtils.java:logGet(43)) - raft.server.write.element-limit = 4096 (default)
2019-09-26 10:07:29,037 [main] INFO  server.GrpcService (GrpcService.java:closeImpl(172)) - d1f6f5bd-a733-436d-b89d-c17e8804c490: shutdown server with port 37835 successfully
2019-09-26 10:07:29,030 [5004b7af-11c5-4c34-b2aa-0091a090c65f@group-172828DAF1D9:LeaderElection325] INFO  server.RaftServerConfigKeys (ConfUtils.java:logGet(43)) - raft.server.staging.catchup.gap = 1000 (default)
2019-09-26 10:07:29,056 [5004b7af-11c5-4c34-b2aa-0091a090c65f@group-172828DAF1D9:LeaderElection325] INFO  server.RaftServerConfigKeys (ConfUtils.java:logGet(43)) - raft.server.rpc.sleep.time = 25ms (default)
2019-09-26 10:07:29,030 [e3e9c20d-70c3-4d54-9af3-1020e4c50fd3@group-E0AC73341E34:LeaderElection334] INFO  impl.RaftServerImpl (ServerState.java:setLeader(253)) - e3e9c20d-70c3-4d54-9af3-1020e4c50fd3@group-E0AC73341E34: change Leader from null to e3e9c20d-70c3-4d54-9af3-1020e4c50fd3 at term 1 for becomeLeader, leader elected after 5454ms
2019-09-26 10:07:29,056 [e3e9c20d-70c3-4d54-9af3-1020e4c50fd3@group-E0AC73341E34:LeaderElection334] INFO  server.RaftServerConfigKeys (ConfUtils.java:logGet(43)) - raft.server.staging.catchup.gap = 1000 (default)
2019-09-26 10:07:29,030 [5004b7af-11c5-4c34-b2aa-0091a090c65f@group-B827DDAB9806:LeaderElection329] INFO  server.RaftServerConfigKeys (ConfUtils.java:logGet(43)) - raft.server.staging.catchup.gap = 1000 (default)
2019-09-26 10:07:29,030 [5004b7af-11c5-4c34-b2aa-0091a090c65f@group-B962712EDC9B:LeaderElection333] INFO  impl.RaftServerImpl (ServerState.java:setLeader(253)) - 5004b7af-11c5-4c34-b2aa-0091a090c65f@group-B962712EDC9B: change Leader from null to 5004b7af-11c5-4c34-b2aa-0091a090c65f at term 1 for becomeLeader, leader elected after 5484ms
2019-09-26 10:07:29,029 [e3e9c20d-70c3-4d54-9af3-1020e4c50fd3@group-FCB70F5FB7A8:LeaderElection335] INFO  impl.RaftServerImpl (ServerState.java:setLeader(253)) - e3e9c20d-70c3-4d54-9af3-1020e4c50fd3@group-FCB70F5FB7A8: change Leader from null to e3e9c20d-70c3-4d54-9af3-1020e4c50fd3 at term 1 for becomeLeader, leader elected after 5425ms
2019-09-26 10:07:29,057 [e3e9c20d-70c3-4d54-9af3-1020e4c50fd3@group-FCB70F5FB7A8:LeaderElection335] INFO  server.RaftServerConfigKeys (ConfUtils.java:logGet(43)) - raft.server.staging.catchup.gap = 1000 (default)
2019-09-26 10:07:29,029 [5004b7af-11c5-4c34-b2aa-0091a090c65f@group-F1A3F15E6558:LeaderElection326] INFO  server.RaftServerConfigKeys (ConfUtils.java:logGet(43)) - raft.server.write.element-limit = 4096 (default)
2019-09-26 10:07:29,029 [e3e9c20d-70c3-4d54-9af3-1020e4c50fd3@group-F32135CF196A:LeaderElection336] INFO  impl.RaftServerImpl (RaftServerImpl.java:setRole(174)) - e3e9c20d-70c3-4d54-9af3-1020e4c50fd3@group-F32135CF196A: changes role from CANDIDATE to LEADER at term 1 for changeToLeader
2019-09-26 10:07:29,057 [5004b7af-11c5-4c34-b2aa-0091a090c65f@group-F1A3F15E6558:LeaderElection326] INFO  server.RaftServerConfigKeys (ConfUtils.java:logGet(43)) - raft.server.watch.timeout = 10s (default)
2019-09-26 10:07:29,057 [e3e9c20d-70c3-4d54-9af3-1020e4c50fd3@group-FCB70F5FB7A8:LeaderElection335] INFO  server.RaftServerConfigKeys (ConfUtils.java:logGet(43)) - raft.server.rpc.sleep.time = 25ms (default)
2019-09-26 10:07:29,057 [refreshUsed-/workdir/hadoop-ozone/integration-test/target/test-dir/MiniOzoneClusterImpl-af826fcf-2e4c-4099-bed4-c1b0f0495924/datanode-4/data/containers] WARN  fs.CachingGetSpaceUsed (CachingGetSpaceUsed.java:run(183)) - Thread Interrupted waiting to refresh disk information: sleep interrupted
2019-09-26 10:07:29,057 [5004b7af-11c5-4c34-b2aa-0091a090c65f@group-B962712EDC9B:LeaderElection333] INFO  server.RaftServerConfigKeys (ConfUtils.java:logGet(43)) - raft.server.staging.catchup.gap = 1000 (default)
2019-09-26 10:07:29,057 [5004b7af-11c5-4c34-b2aa-0091a090c65f@group-B827DDAB9806:LeaderElection329] INFO  server.RaftServerConfigKeys (ConfUtils.java:logGet(43)) - raft.server.rpc.sleep.time = 25ms (default)
2019-09-26 10:07:29,057 [5004b7af-11c5-4c34-b2aa-0091a090c65f@group-172828DAF1D9:LeaderElection325] INFO  server.RaftServerConfigKeys (ConfUtils.java:logGet(43)) - raft.server.write.element-limit = 4096 (default)
2019-09-26 10:07:29,058 [5004b7af-11c5-4c34-b2aa-0091a090c65f@group-B827DDAB9806:LeaderElection329] INFO  server.RaftServerConfigKeys (ConfUtils.java:logGet(43)) - raft.server.write.element-limit = 4096 (default)
2019-09-26 10:07:29,056 [e3e9c20d-70c3-4d54-9af3-1020e4c50fd3@group-E0AC73341E34:LeaderElection334] INFO  server.RaftServerConfigKeys (ConfUtils.java:logGet(43)) - raft.server.rpc.sleep.time = 25ms (default)
2019-09-26 10:07:29,055 [e3e9c20d-70c3-4d54-9af3-1020e4c50fd3@group-8A67FAE9C03C:LeaderElection330] INFO  server.RaftServerConfigKeys (ConfUtils.java:logGet(43)) - raft.server.watch.timeout = 10s (default)
2019-09-26 10:07:29,055 [5004b7af-11c5-4c34-b2aa-0091a090c65f@group-E87AE8E084F5:LeaderElection332] INFO  impl.RaftServerImpl (ServerState.java:setLeader(253)) - 5004b7af-11c5-4c34-b2aa-0091a090c65f@group-E87AE8E084F5: change Leader from null to 5004b7af-11c5-4c34-b2aa-0091a090c65f at term 1 for becomeLeader, leader elected after 5647ms
2019-09-26 10:07:29,059 [e3e9c20d-70c3-4d54-9af3-1020e4c50fd3@group-8A67FAE9C03C:LeaderElection330] INFO  server.RaftServerConfigKeys (ConfUtils.java:logGet(43)) - raft.server.watch.timeout.denomination = 1s (default)
2019-09-26 10:07:29,059 [e3e9c20d-70c3-4d54-9af3-1020e4c50fd3@group-E0AC73341E34:LeaderElection334] INFO  server.RaftServerConfigKeys (ConfUtils.java:logGet(43)) - raft.server.write.element-limit = 4096 (default)
2019-09-26 10:07:29,059 [5004b7af-11c5-4c34-b2aa-0091a090c65f@group-B827DDAB9806:LeaderElection329] INFO  server.RaftServerConfigKeys (ConfUtils.java:logGet(43)) - raft.server.watch.timeout = 10s (default)
2019-09-26 10:07:29,058 [5004b7af-11c5-4c34-b2aa-0091a090c65f@group-172828DAF1D9:LeaderElection325] INFO  server.RaftServerConfigKeys (ConfUtils.java:logGet(43)) - raft.server.watch.timeout = 10s (default)
2019-09-26 10:07:29,058 [5004b7af-11c5-4c34-b2aa-0091a090c65f@group-B962712EDC9B:LeaderElection333] INFO  server.RaftServerConfigKeys (ConfUtils.java:logGet(43)) - raft.server.rpc.sleep.time = 25ms (default)
2019-09-26 10:07:29,058 [e3e9c20d-70c3-4d54-9af3-1020e4c50fd3@group-FCB70F5FB7A8:LeaderElection335] INFO  server.RaftServerConfigKeys (ConfUtils.java:logGet(43)) - raft.server.write.element-limit = 4096 (default)
2019-09-26 10:07:29,058 [5004b7af-11c5-4c34-b2aa-0091a090c65f@group-F1A3F15E6558:LeaderElection326] INFO  server.RaftServerConfigKeys (ConfUtils.java:logGet(43)) - raft.server.watch.timeout.denomination = 1s (default)
2019-09-26 10:07:29,058 [e3e9c20d-70c3-4d54-9af3-1020e4c50fd3@group-F32135CF196A:LeaderElection336] INFO  impl.RaftServerImpl (ServerState.java:setLeader(253)) - e3e9c20d-70c3-4d54-9af3-1020e4c50fd3@group-F32135CF196A: change Leader from null to e3e9c20d-70c3-4d54-9af3-1020e4c50fd3 at term 1 for becomeLeader, leader elected after 5389ms
2019-09-26 10:07:29,060 [5004b7af-11c5-4c34-b2aa-0091a090c65f@group-F1A3F15E6558:LeaderElection326] INFO  server.RaftServerConfigKeys (ConfUtils.java:logGet(43)) - raft.server.watch.element-limit = 65536 (default)
2019-09-26 10:07:29,060 [e3e9c20d-70c3-4d54-9af3-1020e4c50fd3@group-FCB70F5FB7A8:LeaderElection335] INFO  server.RaftServerConfigKeys (ConfUtils.java:logGet(43)) - raft.server.watch.timeout = 10s (default)
2019-09-26 10:07:29,060 [5004b7af-11c5-4c34-b2aa-0091a090c65f@group-B962712EDC9B:LeaderElection333] INFO  server.RaftServerConfigKeys (ConfUtils.java:logGet(43)) - raft.server.write.element-limit = 4096 (default)
2019-09-26 10:07:29,060 [5004b7af-11c5-4c34-b2aa-0091a090c65f@group-172828DAF1D9:LeaderElection325] INFO  server.RaftServerConfigKeys (ConfUtils.java:logGet(43)) - raft.server.watch.timeout.denomination = 1s (default)
2019-09-26 10:07:29,060 [5004b7af-11c5-4c34-b2aa-0091a090c65f@group-B827DDAB9806:LeaderElection329] INFO  server.RaftServerConfigKeys (ConfUtils.java:logGet(43)) - raft.server.watch.timeout.denomination = 1s (default)
2019-09-26 10:07:29,059 [e3e9c20d-70c3-4d54-9af3-1020e4c50fd3@group-E0AC73341E34:LeaderElection334] INFO  server.RaftServerConfigKeys (ConfUtils.java:logGet(43)) - raft.server.watch.timeout = 10s (default)
2019-09-26 10:07:29,059 [e3e9c20d-70c3-4d54-9af3-1020e4c50fd3@group-8A67FAE9C03C:LeaderElection330] INFO  server.RaftServerConfigKeys (ConfUtils.java:logGet(43)) - raft.server.watch.element-limit = 65536 (default)
2019-09-26 10:07:29,059 [5004b7af-11c5-4c34-b2aa-0091a090c65f@group-E87AE8E084F5:LeaderElection332] INFO  server.RaftServerConfigKeys (ConfUtils.java:logGet(43)) - raft.server.staging.catchup.gap = 1000 (default)
2019-09-26 10:07:29,061 [e3e9c20d-70c3-4d54-9af3-1020e4c50fd3@group-E0AC73341E34:LeaderElection334] INFO  server.RaftServerConfigKeys (ConfUtils.java:logGet(43)) - raft.server.watch.timeout.denomination = 1s (default)
2019-09-26 10:07:29,062 [e3e9c20d-70c3-4d54-9af3-1020e4c50fd3@group-E0AC73341E34:LeaderElection334] INFO  server.RaftServerConfigKeys (ConfUtils.java:logGet(43)) - raft.server.watch.element-limit = 65536 (default)
2019-09-26 10:07:29,061 [5004b7af-11c5-4c34-b2aa-0091a090c65f@group-B827DDAB9806:LeaderElection329] INFO  server.RaftServerConfigKeys (ConfUtils.java:logGet(43)) - raft.server.watch.element-limit = 65536 (default)
2019-09-26 10:07:29,061 [5004b7af-11c5-4c34-b2aa-0091a090c65f@group-172828DAF1D9:LeaderElection325] INFO  server.RaftServerConfigKeys (ConfUtils.java:logGet(43)) - raft.server.watch.element-limit = 65536 (default)
2019-09-26 10:07:29,061 [5004b7af-11c5-4c34-b2aa-0091a090c65f@group-B962712EDC9B:LeaderElection333] INFO  server.RaftServerConfigKeys (ConfUtils.java:logGet(43)) - raft.server.watch.timeout = 10s (default)
2019-09-26 10:07:29,061 [e3e9c20d-70c3-4d54-9af3-1020e4c50fd3@group-FCB70F5FB7A8:LeaderElection335] INFO  server.RaftServerConfigKeys (ConfUtils.java:logGet(43)) - raft.server.watch.timeout.denomination = 1s (default)
2019-09-26 10:07:29,060 [e3e9c20d-70c3-4d54-9af3-1020e4c50fd3@group-F32135CF196A:LeaderElection336] INFO  server.RaftServerConfigKeys (ConfUtils.java:logGet(43)) - raft.server.staging.catchup.gap = 1000 (default)
2019-09-26 10:07:29,063 [e3e9c20d-70c3-4d54-9af3-1020e4c50fd3@group-FCB70F5FB7A8:LeaderElection335] INFO  server.RaftServerConfigKeys (ConfUtils.java:logGet(43)) - raft.server.watch.element-limit = 65536 (default)
2019-09-26 10:07:29,062 [5004b7af-11c5-4c34-b2aa-0091a090c65f@group-B962712EDC9B:LeaderElection333] INFO  server.RaftServerConfigKeys (ConfUtils.java:logGet(43)) - raft.server.watch.timeout.denomination = 1s (default)
2019-09-26 10:07:29,062 [5004b7af-11c5-4c34-b2aa-0091a090c65f@group-F1A3F15E6558:LeaderElection326] INFO  impl.RoleInfo (RoleInfo.java:updateAndGet(143)) - 5004b7af-11c5-4c34-b2aa-0091a090c65f: start LeaderState
2019-09-26 10:07:29,062 [5004b7af-11c5-4c34-b2aa-0091a090c65f@group-E87AE8E084F5:LeaderElection332] INFO  server.RaftServerConfigKeys (ConfUtils.java:logGet(43)) - raft.server.rpc.sleep.time = 25ms (default)
2019-09-26 10:07:29,063 [5004b7af-11c5-4c34-b2aa-0091a090c65f@group-F1A3F15E6558:LeaderElection326] INFO  segmented.SegmentedRaftLogWorker (SegmentedRaftLogWorker.java:startLogSegment(380)) - 5004b7af-11c5-4c34-b2aa-0091a090c65f@group-F1A3F15E6558-SegmentedRaftLogWorker: Starting segment from index:0
2019-09-26 10:07:29,063 [5004b7af-11c5-4c34-b2aa-0091a090c65f@group-E87AE8E084F5:LeaderElection332] INFO  server.RaftServerConfigKeys (ConfUtils.java:logGet(43)) - raft.server.write.element-limit = 4096 (default)
2019-09-26 10:07:29,063 [5004b7af-11c5-4c34-b2aa-0091a090c65f@group-B962712EDC9B:LeaderElection333] INFO  server.RaftServerConfigKeys (ConfUtils.java:logGet(43)) - raft.server.watch.element-limit = 65536 (default)
2019-09-26 10:07:29,063 [e3e9c20d-70c3-4d54-9af3-1020e4c50fd3@group-F32135CF196A:LeaderElection336] INFO  server.RaftServerConfigKeys (ConfUtils.java:logGet(43)) - raft.server.rpc.sleep.time = 25ms (default)
2019-09-26 10:07:29,064 [5004b7af-11c5-4c34-b2aa-0091a090c65f@group-F1A3F15E6558:LeaderElection326] INFO  impl.RaftServerImpl (ServerState.java:setRaftConf(354)) - 5004b7af-11c5-4c34-b2aa-0091a090c65f@group-F1A3F15E6558: set configuration 0: [5004b7af-11c5-4c34-b2aa-0091a090c65f:192.168.30.13:35706], old=null at 0
2019-09-26 10:07:29,064 [5004b7af-11c5-4c34-b2aa-0091a090c65f@group-E87AE8E084F5:LeaderElection332] INFO  server.RaftServerConfigKeys (ConfUtils.java:logGet(43)) - raft.server.watch.timeout = 10s (default)
2019-09-26 10:07:29,064 [e3e9c20d-70c3-4d54-9af3-1020e4c50fd3@group-F32135CF196A:LeaderElection336] INFO  server.RaftServerConfigKeys (ConfUtils.java:logGet(43)) - raft.server.write.element-limit = 4096 (default)
2019-09-26 10:07:29,064 [5004b7af-11c5-4c34-b2aa-0091a090c65f@group-E87AE8E084F5:LeaderElection332] INFO  server.RaftServerConfigKeys (ConfUtils.java:logGet(43)) - raft.server.watch.timeout.denomination = 1s (default)
2019-09-26 10:07:29,064 [e3e9c20d-70c3-4d54-9af3-1020e4c50fd3@group-F32135CF196A:LeaderElection336] INFO  server.RaftServerConfigKeys (ConfUtils.java:logGet(43)) - raft.server.watch.timeout = 10s (default)
2019-09-26 10:07:29,065 [5004b7af-11c5-4c34-b2aa-0091a090c65f@group-E87AE8E084F5:LeaderElection332] INFO  server.RaftServerConfigKeys (ConfUtils.java:logGet(43)) - raft.server.watch.element-limit = 65536 (default)
2019-09-26 10:07:29,065 [e3e9c20d-70c3-4d54-9af3-1020e4c50fd3@group-F32135CF196A:LeaderElection336] INFO  server.RaftServerConfigKeys (ConfUtils.java:logGet(43)) - raft.server.watch.timeout.denomination = 1s (default)
2019-09-26 10:07:29,065 [e3e9c20d-70c3-4d54-9af3-1020e4c50fd3@group-F32135CF196A:LeaderElection336] INFO  server.RaftServerConfigKeys (ConfUtils.java:logGet(43)) - raft.server.watch.element-limit = 65536 (default)
2019-09-26 10:07:29,067 [e3e9c20d-70c3-4d54-9af3-1020e4c50fd3@group-8A67FAE9C03C:LeaderElection330] INFO  impl.RoleInfo (RoleInfo.java:updateAndGet(143)) - e3e9c20d-70c3-4d54-9af3-1020e4c50fd3: start LeaderState
2019-09-26 10:07:29,068 [e3e9c20d-70c3-4d54-9af3-1020e4c50fd3@group-8A67FAE9C03C:LeaderElection330] INFO  segmented.SegmentedRaftLogWorker (SegmentedRaftLogWorker.java:startLogSegment(380)) - e3e9c20d-70c3-4d54-9af3-1020e4c50fd3@group-8A67FAE9C03C-SegmentedRaftLogWorker: Starting segment from index:0
2019-09-26 10:07:29,068 [e3e9c20d-70c3-4d54-9af3-1020e4c50fd3@group-8A67FAE9C03C:LeaderElection330] INFO  impl.RaftServerImpl (ServerState.java:setRaftConf(354)) - e3e9c20d-70c3-4d54-9af3-1020e4c50fd3@group-8A67FAE9C03C: set configuration 0: [e3e9c20d-70c3-4d54-9af3-1020e4c50fd3:192.168.30.13:44355], old=null at 0
2019-09-26 10:07:29,069 [e3e9c20d-70c3-4d54-9af3-1020e4c50fd3@group-E0AC73341E34:LeaderElection334] INFO  impl.RoleInfo (RoleInfo.java:updateAndGet(143)) - e3e9c20d-70c3-4d54-9af3-1020e4c50fd3: start LeaderState
2019-09-26 10:07:29,069 [e3e9c20d-70c3-4d54-9af3-1020e4c50fd3@group-E0AC73341E34:LeaderElection334] INFO  segmented.SegmentedRaftLogWorker (SegmentedRaftLogWorker.java:startLogSegment(380)) - e3e9c20d-70c3-4d54-9af3-1020e4c50fd3@group-E0AC73341E34-SegmentedRaftLogWorker: Starting segment from index:0
2019-09-26 10:07:29,070 [e3e9c20d-70c3-4d54-9af3-1020e4c50fd3@group-E0AC73341E34:LeaderElection334] INFO  impl.RaftServerImpl (ServerState.java:setRaftConf(354)) - e3e9c20d-70c3-4d54-9af3-1020e4c50fd3@group-E0AC73341E34: set configuration 0: [e3e9c20d-70c3-4d54-9af3-1020e4c50fd3:192.168.30.13:44355], old=null at 0
2019-09-26 10:07:29,070 [5004b7af-11c5-4c34-b2aa-0091a090c65f@group-B827DDAB9806:LeaderElection329] INFO  impl.RoleInfo (RoleInfo.java:updateAndGet(143)) - 5004b7af-11c5-4c34-b2aa-0091a090c65f: start LeaderState
2019-09-26 10:07:29,070 [5004b7af-11c5-4c34-b2aa-0091a090c65f@group-B827DDAB9806:LeaderElection329] INFO  segmented.SegmentedRaftLogWorker (SegmentedRaftLogWorker.java:startLogSegment(380)) - 5004b7af-11c5-4c34-b2aa-0091a090c65f@group-B827DDAB9806-SegmentedRaftLogWorker: Starting segment from index:0
2019-09-26 10:07:29,070 [5004b7af-11c5-4c34-b2aa-0091a090c65f@group-172828DAF1D9:LeaderElection325] INFO  impl.RoleInfo (RoleInfo.java:updateAndGet(143)) - 5004b7af-11c5-4c34-b2aa-0091a090c65f: start LeaderState
2019-09-26 10:07:29,071 [5004b7af-11c5-4c34-b2aa-0091a090c65f@group-172828DAF1D9:LeaderElection325] INFO  segmented.SegmentedRaftLogWorker (SegmentedRaftLogWorker.java:startLogSegment(380)) - 5004b7af-11c5-4c34-b2aa-0091a090c65f@group-172828DAF1D9-SegmentedRaftLogWorker: Starting segment from index:0
2019-09-26 10:07:29,071 [5004b7af-11c5-4c34-b2aa-0091a090c65f@group-B827DDAB9806:LeaderElection329] INFO  impl.RaftServerImpl (ServerState.java:setRaftConf(354)) - 5004b7af-11c5-4c34-b2aa-0091a090c65f@group-B827DDAB9806: set configuration 0: [5004b7af-11c5-4c34-b2aa-0091a090c65f:192.168.30.13:35706], old=null at 0
2019-09-26 10:07:29,071 [5004b7af-11c5-4c34-b2aa-0091a090c65f@group-172828DAF1D9:LeaderElection325] INFO  impl.RaftServerImpl (ServerState.java:setRaftConf(354)) - 5004b7af-11c5-4c34-b2aa-0091a090c65f@group-172828DAF1D9: set configuration 0: [5004b7af-11c5-4c34-b2aa-0091a090c65f:192.168.30.13:35706], old=null at 0
2019-09-26 10:07:29,071 [e3e9c20d-70c3-4d54-9af3-1020e4c50fd3@group-FCB70F5FB7A8:LeaderElection335] INFO  impl.RoleInfo (RoleInfo.java:updateAndGet(143)) - e3e9c20d-70c3-4d54-9af3-1020e4c50fd3: start LeaderState
2019-09-26 10:07:29,071 [e3e9c20d-70c3-4d54-9af3-1020e4c50fd3@group-FCB70F5FB7A8:LeaderElection335] INFO  segmented.SegmentedRaftLogWorker (SegmentedRaftLogWorker.java:startLogSegment(380)) - e3e9c20d-70c3-4d54-9af3-1020e4c50fd3@group-FCB70F5FB7A8-SegmentedRaftLogWorker: Starting segment from index:0
2019-09-26 10:07:29,072 [5004b7af-11c5-4c34-b2aa-0091a090c65f@group-B962712EDC9B:LeaderElection333] INFO  impl.RoleInfo (RoleInfo.java:updateAndGet(143)) - 5004b7af-11c5-4c34-b2aa-0091a090c65f: start LeaderState
2019-09-26 10:07:29,072 [5004b7af-11c5-4c34-b2aa-0091a090c65f@group-B962712EDC9B:LeaderElection333] INFO  segmented.SegmentedRaftLogWorker (SegmentedRaftLogWorker.java:startLogSegment(380)) - 5004b7af-11c5-4c34-b2aa-0091a090c65f@group-B962712EDC9B-SegmentedRaftLogWorker: Starting segment from index:0
2019-09-26 10:07:29,072 [5004b7af-11c5-4c34-b2aa-0091a090c65f@group-E87AE8E084F5:LeaderElection332] INFO  impl.RoleInfo (RoleInfo.java:updateAndGet(143)) - 5004b7af-11c5-4c34-b2aa-0091a090c65f: start LeaderState
2019-09-26 10:07:29,072 [e3e9c20d-70c3-4d54-9af3-1020e4c50fd3@group-F32135CF196A:LeaderElection336] INFO  impl.RoleInfo (RoleInfo.java:updateAndGet(143)) - e3e9c20d-70c3-4d54-9af3-1020e4c50fd3: start LeaderState
2019-09-26 10:07:29,072 [e3e9c20d-70c3-4d54-9af3-1020e4c50fd3@group-FCB70F5FB7A8:LeaderElection335] INFO  impl.RaftServerImpl (ServerState.java:setRaftConf(354)) - e3e9c20d-70c3-4d54-9af3-1020e4c50fd3@group-FCB70F5FB7A8: set configuration 0: [e3e9c20d-70c3-4d54-9af3-1020e4c50fd3:192.168.30.13:44355], old=null at 0
2019-09-26 10:07:29,072 [e3e9c20d-70c3-4d54-9af3-1020e4c50fd3@group-F32135CF196A:LeaderElection336] INFO  segmented.SegmentedRaftLogWorker (SegmentedRaftLogWorker.java:startLogSegment(380)) - e3e9c20d-70c3-4d54-9af3-1020e4c50fd3@group-F32135CF196A-SegmentedRaftLogWorker: Starting segment from index:0
2019-09-26 10:07:29,072 [5004b7af-11c5-4c34-b2aa-0091a090c65f@group-B962712EDC9B:LeaderElection333] INFO  impl.RaftServerImpl (ServerState.java:setRaftConf(354)) - 5004b7af-11c5-4c34-b2aa-0091a090c65f@group-B962712EDC9B: set configuration 0: [5004b7af-11c5-4c34-b2aa-0091a090c65f:192.168.30.13:35706], old=null at 0
2019-09-26 10:07:29,072 [5004b7af-11c5-4c34-b2aa-0091a090c65f@group-E87AE8E084F5:LeaderElection332] INFO  segmented.SegmentedRaftLogWorker (SegmentedRaftLogWorker.java:startLogSegment(380)) - 5004b7af-11c5-4c34-b2aa-0091a090c65f@group-E87AE8E084F5-SegmentedRaftLogWorker: Starting segment from index:0
2019-09-26 10:07:29,073 [e3e9c20d-70c3-4d54-9af3-1020e4c50fd3@group-F32135CF196A:LeaderElection336] INFO  impl.RaftServerImpl (ServerState.java:setRaftConf(354)) - e3e9c20d-70c3-4d54-9af3-1020e4c50fd3@group-F32135CF196A: set configuration 0: [e3e9c20d-70c3-4d54-9af3-1020e4c50fd3:192.168.30.13:44355], old=null at 0
2019-09-26 10:07:29,073 [main] INFO  utils.BackgroundService (BackgroundService.java:shutdown(148)) - Shutting down service BlockDeletingService
2019-09-26 10:07:29,073 [5004b7af-11c5-4c34-b2aa-0091a090c65f@group-E87AE8E084F5:LeaderElection332] INFO  impl.RaftServerImpl (ServerState.java:setRaftConf(354)) - 5004b7af-11c5-4c34-b2aa-0091a090c65f@group-E87AE8E084F5: set configuration 0: [5004b7af-11c5-4c34-b2aa-0091a090c65f:192.168.30.13:35706], old=null at 0
2019-09-26 10:07:29,127 [main] INFO  statemachine.DatanodeStateMachine (DatanodeStateMachine.java:stopDaemon(395)) - Ozone container server stopped.
2019-09-26 10:07:29,128 [main] INFO  handler.ContextHandler (ContextHandler.java:doStop(910)) - Stopped o.e.j.w.WebAppContext@74bdfa0b{/,null,UNAVAILABLE}{/hddsDatanode}
2019-09-26 10:07:29,128 [main] INFO  server.AbstractConnector (AbstractConnector.java:doStop(318)) - Stopped ServerConnector@68a5aadd{HTTP/1.1,[http/1.1]}{0.0.0.0:0}
2019-09-26 10:07:29,128 [main] INFO  handler.ContextHandler (ContextHandler.java:doStop(910)) - Stopped o.e.j.s.ServletContextHandler@31b6b0c7{/static,jar:file:/home/user/.m2/repository/org/apache/hadoop/hadoop-hdds-container-service/0.5.0-SNAPSHOT/hadoop-hdds-container-service-0.5.0-SNAPSHOT.jar!/webapps/static,UNAVAILABLE}
2019-09-26 10:07:29,129 [main] INFO  handler.ContextHandler (ContextHandler.java:doStop(910)) - Stopped o.e.j.s.ServletContextHandler@ff21443{/logs,file:///workdir/hadoop-ozone/integration-test/target/log,UNAVAILABLE}
2019-09-26 10:07:29,188 [e3e9c20d-70c3-4d54-9af3-1020e4c50fd3@group-8A67FAE9C03C-SegmentedRaftLogWorker] INFO  segmented.SegmentedRaftLogWorker (SegmentedRaftLogWorker.java:execute(569)) - e3e9c20d-70c3-4d54-9af3-1020e4c50fd3@group-8A67FAE9C03C-SegmentedRaftLogWorker: created new log segment /workdir/hadoop-ozone/integration-test/target/test-dir/MiniOzoneClusterImpl-af826fcf-2e4c-4099-bed4-c1b0f0495924/datanode-6/data/ratis/94769cab-093b-42f9-b35b-8a67fae9c03c/current/log_inprogress_0
2019-09-26 10:07:29,188 [5004b7af-11c5-4c34-b2aa-0091a090c65f@group-B827DDAB9806-SegmentedRaftLogWorker] INFO  segmented.SegmentedRaftLogWorker (SegmentedRaftLogWorker.java:execute(569)) - 5004b7af-11c5-4c34-b2aa-0091a090c65f@group-B827DDAB9806-SegmentedRaftLogWorker: created new log segment /workdir/hadoop-ozone/integration-test/target/test-dir/MiniOzoneClusterImpl-af826fcf-2e4c-4099-bed4-c1b0f0495924/datanode-5/data/ratis/fa0520d5-816a-4711-afc2-b827ddab9806/current/log_inprogress_0
2019-09-26 10:07:29,188 [5004b7af-11c5-4c34-b2aa-0091a090c65f@group-172828DAF1D9-SegmentedRaftLogWorker] INFO  segmented.SegmentedRaftLogWorker (SegmentedRaftLogWorker.java:execute(569)) - 5004b7af-11c5-4c34-b2aa-0091a090c65f@group-172828DAF1D9-SegmentedRaftLogWorker: created new log segment /workdir/hadoop-ozone/integration-test/target/test-dir/MiniOzoneClusterImpl-af826fcf-2e4c-4099-bed4-c1b0f0495924/datanode-5/data/ratis/ca120816-9d1e-4bcc-8ba7-172828daf1d9/current/log_inprogress_0
2019-09-26 10:07:29,188 [e3e9c20d-70c3-4d54-9af3-1020e4c50fd3@group-F32135CF196A-SegmentedRaftLogWorker] INFO  segmented.SegmentedRaftLogWorker (SegmentedRaftLogWorker.java:execute(569)) - e3e9c20d-70c3-4d54-9af3-1020e4c50fd3@group-F32135CF196A-SegmentedRaftLogWorker: created new log segment /workdir/hadoop-ozone/integration-test/target/test-dir/MiniOzoneClusterImpl-af826fcf-2e4c-4099-bed4-c1b0f0495924/datanode-6/data/ratis/b98f78ef-8ac3-43c6-94c0-f32135cf196a/current/log_inprogress_0
2019-09-26 10:07:29,188 [e3e9c20d-70c3-4d54-9af3-1020e4c50fd3@group-E0AC73341E34-SegmentedRaftLogWorker] INFO  segmented.SegmentedRaftLogWorker (SegmentedRaftLogWorker.java:execute(569)) - e3e9c20d-70c3-4d54-9af3-1020e4c50fd3@group-E0AC73341E34-SegmentedRaftLogWorker: created new log segment /workdir/hadoop-ozone/integration-test/target/test-dir/MiniOzoneClusterImpl-af826fcf-2e4c-4099-bed4-c1b0f0495924/datanode-6/data/ratis/c47fb26e-f991-49d5-a0ab-e0ac73341e34/current/log_inprogress_0
2019-09-26 10:07:29,188 [5004b7af-11c5-4c34-b2aa-0091a090c65f@group-E87AE8E084F5-SegmentedRaftLogWorker] INFO  segmented.SegmentedRaftLogWorker (SegmentedRaftLogWorker.java:execute(569)) - 5004b7af-11c5-4c34-b2aa-0091a090c65f@group-E87AE8E084F5-SegmentedRaftLogWorker: created new log segment /workdir/hadoop-ozone/integration-test/target/test-dir/MiniOzoneClusterImpl-af826fcf-2e4c-4099-bed4-c1b0f0495924/datanode-5/data/ratis/2fe6f6dd-1f7e-49f6-b483-e87ae8e084f5/current/log_inprogress_0
2019-09-26 10:07:29,188 [5004b7af-11c5-4c34-b2aa-0091a090c65f@group-B962712EDC9B-SegmentedRaftLogWorker] INFO  segmented.SegmentedRaftLogWorker (SegmentedRaftLogWorker.java:execute(569)) - 5004b7af-11c5-4c34-b2aa-0091a090c65f@group-B962712EDC9B-SegmentedRaftLogWorker: created new log segment /workdir/hadoop-ozone/integration-test/target/test-dir/MiniOzoneClusterImpl-af826fcf-2e4c-4099-bed4-c1b0f0495924/datanode-5/data/ratis/77101810-ea5e-4800-bb78-b962712edc9b/current/log_inprogress_0
2019-09-26 10:07:29,188 [5004b7af-11c5-4c34-b2aa-0091a090c65f@group-F1A3F15E6558-SegmentedRaftLogWorker] INFO  segmented.SegmentedRaftLogWorker (SegmentedRaftLogWorker.java:execute(569)) - 5004b7af-11c5-4c34-b2aa-0091a090c65f@group-F1A3F15E6558-SegmentedRaftLogWorker: created new log segment /workdir/hadoop-ozone/integration-test/target/test-dir/MiniOzoneClusterImpl-af826fcf-2e4c-4099-bed4-c1b0f0495924/datanode-5/data/ratis/60fdacc5-92af-46dd-a128-f1a3f15e6558/current/log_inprogress_0
2019-09-26 10:07:29,188 [e3e9c20d-70c3-4d54-9af3-1020e4c50fd3@group-FCB70F5FB7A8-SegmentedRaftLogWorker] INFO  segmented.SegmentedRaftLogWorker (SegmentedRaftLogWorker.java:execute(569)) - e3e9c20d-70c3-4d54-9af3-1020e4c50fd3@group-FCB70F5FB7A8-SegmentedRaftLogWorker: created new log segment /workdir/hadoop-ozone/integration-test/target/test-dir/MiniOzoneClusterImpl-af826fcf-2e4c-4099-bed4-c1b0f0495924/datanode-6/data/ratis/cca33e64-5eaa-4c6c-8019-fcb70f5fb7a8/current/log_inprogress_0
2019-09-26 10:07:29,401 [Datanode State Machine Thread - 0] INFO  statemachine.DatanodeStateMachine (DatanodeStateMachine.java:lambda$startDaemon$0(350)) - Ozone container server started.
2019-09-26 10:07:29,404 [Datanode State Machine Thread - 0] INFO  statemachine.DatanodeStateMachine (DatanodeStateMachine.java:lambda$startDaemon$0(350)) - Ozone container server started.
2019-09-26 10:07:33,443 [EventQueue-StaleNodeForStaleNodeHandler] INFO  node.StaleNodeHandler (StaleNodeHandler.java:onMessage(58)) - Datanode 9cafecc4-59b7-45e3-9675-340d3e2c3fab{ip: 192.168.30.13, host: pr-hdds-1569-wvzgm-824869521, networkLocation: /default-rack, certSerialId: null} moved to stale state. Finalizing its pipelines [PipelineID=998ab196-2ae2-4a0f-93b3-495389c4e655, PipelineID=ed7eb83d-5ffe-4544-86fb-8edda6deab50, PipelineID=86bf459e-c30b-4481-8eac-c2c4276f094e, PipelineID=1e18385d-9a06-45c0-836e-252921730ea0, PipelineID=e6ac5aa8-0fb8-40f0-9349-243018da8377, PipelineID=3220d6b6-fef9-4276-8481-7b7670b1d956]
2019-09-26 10:07:33,443 [EventQueue-StaleNodeForStaleNodeHandler] INFO  pipeline.SCMPipelineManager (SCMPipelineManager.java:finalizeAndDestroyPipeline(316)) - destroying pipeline:Pipeline[ Id: 998ab196-2ae2-4a0f-93b3-495389c4e655, Nodes: 9cafecc4-59b7-45e3-9675-340d3e2c3fab{ip: 192.168.30.13, host: pr-hdds-1569-wvzgm-824869521, networkLocation: /default-rack, certSerialId: null}, Type:RATIS, Factor:ONE, State:OPEN]
2019-09-26 10:07:33,443 [EventQueue-StaleNodeForStaleNodeHandler] INFO  pipeline.PipelineStateManager (PipelineStateManager.java:finalizePipeline(123)) - Pipeline Pipeline[ Id: 998ab196-2ae2-4a0f-93b3-495389c4e655, Nodes: 9cafecc4-59b7-45e3-9675-340d3e2c3fab{ip: 192.168.30.13, host: pr-hdds-1569-wvzgm-824869521, networkLocation: /default-rack, certSerialId: null}, Type:RATIS, Factor:ONE, State:CLOSED] moved to CLOSED state
2019-09-26 10:07:33,443 [EventQueue-StaleNodeForStaleNodeHandler] INFO  pipeline.SCMPipelineManager (SCMPipelineManager.java:finalizeAndDestroyPipeline(316)) - destroying pipeline:Pipeline[ Id: ed7eb83d-5ffe-4544-86fb-8edda6deab50, Nodes: 9cafecc4-59b7-45e3-9675-340d3e2c3fab{ip: 192.168.30.13, host: pr-hdds-1569-wvzgm-824869521, networkLocation: /default-rack, certSerialId: null}, Type:RATIS, Factor:ONE, State:OPEN]
2019-09-26 10:07:33,443 [EventQueue-StaleNodeForStaleNodeHandler] INFO  pipeline.PipelineStateManager (PipelineStateManager.java:finalizePipeline(123)) - Pipeline Pipeline[ Id: ed7eb83d-5ffe-4544-86fb-8edda6deab50, Nodes: 9cafecc4-59b7-45e3-9675-340d3e2c3fab{ip: 192.168.30.13, host: pr-hdds-1569-wvzgm-824869521, networkLocation: /default-rack, certSerialId: null}, Type:RATIS, Factor:ONE, State:CLOSED] moved to CLOSED state
2019-09-26 10:07:33,444 [EventQueue-StaleNodeForStaleNodeHandler] INFO  pipeline.SCMPipelineManager (SCMPipelineManager.java:finalizeAndDestroyPipeline(316)) - destroying pipeline:Pipeline[ Id: 86bf459e-c30b-4481-8eac-c2c4276f094e, Nodes: 9cafecc4-59b7-45e3-9675-340d3e2c3fab{ip: 192.168.30.13, host: pr-hdds-1569-wvzgm-824869521, networkLocation: /default-rack, certSerialId: null}, Type:RATIS, Factor:ONE, State:OPEN]
2019-09-26 10:07:33,444 [EventQueue-StaleNodeForStaleNodeHandler] INFO  pipeline.PipelineStateManager (PipelineStateManager.java:finalizePipeline(123)) - Pipeline Pipeline[ Id: 86bf459e-c30b-4481-8eac-c2c4276f094e, Nodes: 9cafecc4-59b7-45e3-9675-340d3e2c3fab{ip: 192.168.30.13, host: pr-hdds-1569-wvzgm-824869521, networkLocation: /default-rack, certSerialId: null}, Type:RATIS, Factor:ONE, State:CLOSED] moved to CLOSED state
2019-09-26 10:07:33,444 [EventQueue-StaleNodeForStaleNodeHandler] INFO  pipeline.SCMPipelineManager (SCMPipelineManager.java:finalizeAndDestroyPipeline(316)) - destroying pipeline:Pipeline[ Id: 1e18385d-9a06-45c0-836e-252921730ea0, Nodes: 9cafecc4-59b7-45e3-9675-340d3e2c3fab{ip: 192.168.30.13, host: pr-hdds-1569-wvzgm-824869521, networkLocation: /default-rack, certSerialId: null}, Type:RATIS, Factor:ONE, State:OPEN]
2019-09-26 10:07:33,444 [EventQueue-StaleNodeForStaleNodeHandler] INFO  pipeline.PipelineStateManager (PipelineStateManager.java:finalizePipeline(123)) - Pipeline Pipeline[ Id: 1e18385d-9a06-45c0-836e-252921730ea0, Nodes: 9cafecc4-59b7-45e3-9675-340d3e2c3fab{ip: 192.168.30.13, host: pr-hdds-1569-wvzgm-824869521, networkLocation: /default-rack, certSerialId: null}, Type:RATIS, Factor:ONE, State:CLOSED] moved to CLOSED state
2019-09-26 10:07:33,444 [EventQueue-StaleNodeForStaleNodeHandler] INFO  pipeline.SCMPipelineManager (SCMPipelineManager.java:finalizeAndDestroyPipeline(316)) - destroying pipeline:Pipeline[ Id: e6ac5aa8-0fb8-40f0-9349-243018da8377, Nodes: 9cafecc4-59b7-45e3-9675-340d3e2c3fab{ip: 192.168.30.13, host: pr-hdds-1569-wvzgm-824869521, networkLocation: /default-rack, certSerialId: null}, Type:RATIS, Factor:ONE, State:OPEN]
2019-09-26 10:07:33,444 [EventQueue-StaleNodeForStaleNodeHandler] INFO  pipeline.PipelineStateManager (PipelineStateManager.java:finalizePipeline(123)) - Pipeline Pipeline[ Id: e6ac5aa8-0fb8-40f0-9349-243018da8377, Nodes: 9cafecc4-59b7-45e3-9675-340d3e2c3fab{ip: 192.168.30.13, host: pr-hdds-1569-wvzgm-824869521, networkLocation: /default-rack, certSerialId: null}, Type:RATIS, Factor:ONE, State:CLOSED] moved to CLOSED state
2019-09-26 10:07:33,444 [EventQueue-StaleNodeForStaleNodeHandler] INFO  pipeline.SCMPipelineManager (SCMPipelineManager.java:finalizeAndDestroyPipeline(316)) - destroying pipeline:Pipeline[ Id: 3220d6b6-fef9-4276-8481-7b7670b1d956, Nodes: 9cafecc4-59b7-45e3-9675-340d3e2c3fab{ip: 192.168.30.13, host: pr-hdds-1569-wvzgm-824869521, networkLocation: /default-rack, certSerialId: null}, Type:RATIS, Factor:ONE, State:OPEN]
2019-09-26 10:07:33,444 [EventQueue-StaleNodeForStaleNodeHandler] INFO  pipeline.PipelineStateManager (PipelineStateManager.java:finalizePipeline(123)) - Pipeline Pipeline[ Id: 3220d6b6-fef9-4276-8481-7b7670b1d956, Nodes: 9cafecc4-59b7-45e3-9675-340d3e2c3fab{ip: 192.168.30.13, host: pr-hdds-1569-wvzgm-824869521, networkLocation: /default-rack, certSerialId: null}, Type:RATIS, Factor:ONE, State:CLOSED] moved to CLOSED state
2019-09-26 10:07:33,445 [EventQueue-StaleNodeForStaleNodeHandler] INFO  node.StaleNodeHandler (StaleNodeHandler.java:onMessage(58)) - Datanode bec07a0c-a0ea-4ddf-8714-f8e80b4d678f{ip: 192.168.30.13, host: pr-hdds-1569-wvzgm-824869521, networkLocation: /default-rack, certSerialId: null} moved to stale state. Finalizing its pipelines [PipelineID=16b28da7-e731-4432-a59e-2abacd13cf37, PipelineID=c71bc32c-846b-4e90-812f-6b68b34c7c60, PipelineID=b570ac92-2aa2-43c9-ba1d-42f6c7325979, PipelineID=25c88908-874b-410b-b81f-52792632c47d, PipelineID=9ce3dd22-7c0d-481e-94dc-8d4a2604e7de, PipelineID=ad4b20e6-386a-42ad-b35a-434f9c7c5a2d]
2019-09-26 10:07:33,445 [EventQueue-StaleNodeForStaleNodeHandler] INFO  pipeline.SCMPipelineManager (SCMPipelineManager.java:finalizeAndDestroyPipeline(316)) - destroying pipeline:Pipeline[ Id: 16b28da7-e731-4432-a59e-2abacd13cf37, Nodes: bec07a0c-a0ea-4ddf-8714-f8e80b4d678f{ip: 192.168.30.13, host: pr-hdds-1569-wvzgm-824869521, networkLocation: /default-rack, certSerialId: null}, Type:RATIS, Factor:ONE, State:OPEN]
2019-09-26 10:07:33,445 [EventQueue-StaleNodeForStaleNodeHandler] INFO  pipeline.PipelineStateManager (PipelineStateManager.java:finalizePipeline(123)) - Pipeline Pipeline[ Id: 16b28da7-e731-4432-a59e-2abacd13cf37, Nodes: bec07a0c-a0ea-4ddf-8714-f8e80b4d678f{ip: 192.168.30.13, host: pr-hdds-1569-wvzgm-824869521, networkLocation: /default-rack, certSerialId: null}, Type:RATIS, Factor:ONE, State:CLOSED] moved to CLOSED state
2019-09-26 10:07:33,445 [EventQueue-StaleNodeForStaleNodeHandler] INFO  pipeline.SCMPipelineManager (SCMPipelineManager.java:finalizeAndDestroyPipeline(316)) - destroying pipeline:Pipeline[ Id: c71bc32c-846b-4e90-812f-6b68b34c7c60, Nodes: bec07a0c-a0ea-4ddf-8714-f8e80b4d678f{ip: 192.168.30.13, host: pr-hdds-1569-wvzgm-824869521, networkLocation: /default-rack, certSerialId: null}, Type:RATIS, Factor:ONE, State:OPEN]
2019-09-26 10:07:33,445 [EventQueue-StaleNodeForStaleNodeHandler] INFO  pipeline.PipelineStateManager (PipelineStateManager.java:finalizePipeline(123)) - Pipeline Pipeline[ Id: c71bc32c-846b-4e90-812f-6b68b34c7c60, Nodes: bec07a0c-a0ea-4ddf-8714-f8e80b4d678f{ip: 192.168.30.13, host: pr-hdds-1569-wvzgm-824869521, networkLocation: /default-rack, certSerialId: null}, Type:RATIS, Factor:ONE, State:CLOSED] moved to CLOSED state
2019-09-26 10:07:33,445 [EventQueue-StaleNodeForStaleNodeHandler] INFO  pipeline.SCMPipelineManager (SCMPipelineManager.java:finalizeAndDestroyPipeline(316)) - destroying pipeline:Pipeline[ Id: b570ac92-2aa2-43c9-ba1d-42f6c7325979, Nodes: bec07a0c-a0ea-4ddf-8714-f8e80b4d678f{ip: 192.168.30.13, host: pr-hdds-1569-wvzgm-824869521, networkLocation: /default-rack, certSerialId: null}, Type:RATIS, Factor:ONE, State:OPEN]
2019-09-26 10:07:33,445 [EventQueue-StaleNodeForStaleNodeHandler] INFO  pipeline.PipelineStateManager (PipelineStateManager.java:finalizePipeline(123)) - Pipeline Pipeline[ Id: b570ac92-2aa2-43c9-ba1d-42f6c7325979, Nodes: bec07a0c-a0ea-4ddf-8714-f8e80b4d678f{ip: 192.168.30.13, host: pr-hdds-1569-wvzgm-824869521, networkLocation: /default-rack, certSerialId: null}, Type:RATIS, Factor:ONE, State:CLOSED] moved to CLOSED state
2019-09-26 10:07:33,445 [EventQueue-StaleNodeForStaleNodeHandler] INFO  pipeline.SCMPipelineManager (SCMPipelineManager.java:finalizeAndDestroyPipeline(316)) - destroying pipeline:Pipeline[ Id: 25c88908-874b-410b-b81f-52792632c47d, Nodes: bec07a0c-a0ea-4ddf-8714-f8e80b4d678f{ip: 192.168.30.13, host: pr-hdds-1569-wvzgm-824869521, networkLocation: /default-rack, certSerialId: null}, Type:RATIS, Factor:ONE, State:OPEN]
2019-09-26 10:07:33,445 [EventQueue-StaleNodeForStaleNodeHandler] INFO  pipeline.PipelineStateManager (PipelineStateManager.java:finalizePipeline(123)) - Pipeline Pipeline[ Id: 25c88908-874b-410b-b81f-52792632c47d, Nodes: bec07a0c-a0ea-4ddf-8714-f8e80b4d678f{ip: 192.168.30.13, host: pr-hdds-1569-wvzgm-824869521, networkLocation: /default-rack, certSerialId: null}, Type:RATIS, Factor:ONE, State:CLOSED] moved to CLOSED state
2019-09-26 10:07:33,446 [EventQueue-StaleNodeForStaleNodeHandler] INFO  pipeline.SCMPipelineManager (SCMPipelineManager.java:finalizeAndDestroyPipeline(316)) - destroying pipeline:Pipeline[ Id: 9ce3dd22-7c0d-481e-94dc-8d4a2604e7de, Nodes: bec07a0c-a0ea-4ddf-8714-f8e80b4d678f{ip: 192.168.30.13, host: pr-hdds-1569-wvzgm-824869521, networkLocation: /default-rack, certSerialId: null}, Type:RATIS, Factor:ONE, State:OPEN]
2019-09-26 10:07:33,446 [EventQueue-StaleNodeForStaleNodeHandler] INFO  pipeline.PipelineStateManager (PipelineStateManager.java:finalizePipeline(123)) - Pipeline Pipeline[ Id: 9ce3dd22-7c0d-481e-94dc-8d4a2604e7de, Nodes: bec07a0c-a0ea-4ddf-8714-f8e80b4d678f{ip: 192.168.30.13, host: pr-hdds-1569-wvzgm-824869521, networkLocation: /default-rack, certSerialId: null}, Type:RATIS, Factor:ONE, State:CLOSED] moved to CLOSED state
2019-09-26 10:07:33,446 [EventQueue-StaleNodeForStaleNodeHandler] INFO  pipeline.SCMPipelineManager (SCMPipelineManager.java:finalizeAndDestroyPipeline(316)) - destroying pipeline:Pipeline[ Id: ad4b20e6-386a-42ad-b35a-434f9c7c5a2d, Nodes: bec07a0c-a0ea-4ddf-8714-f8e80b4d678f{ip: 192.168.30.13, host: pr-hdds-1569-wvzgm-824869521, networkLocation: /default-rack, certSerialId: null}, Type:RATIS, Factor:ONE, State:OPEN]
2019-09-26 10:07:33,446 [EventQueue-StaleNodeForStaleNodeHandler] INFO  pipeline.PipelineStateManager (PipelineStateManager.java:finalizePipeline(123)) - Pipeline Pipeline[ Id: ad4b20e6-386a-42ad-b35a-434f9c7c5a2d, Nodes: bec07a0c-a0ea-4ddf-8714-f8e80b4d678f{ip: 192.168.30.13, host: pr-hdds-1569-wvzgm-824869521, networkLocation: /default-rack, certSerialId: null}, Type:RATIS, Factor:ONE, State:CLOSED] moved to CLOSED state
2019-09-26 10:07:33,475 [Thread-4060] INFO  impl.FollowerState (FollowerState.java:run(106)) - e3e9c20d-70c3-4d54-9af3-1020e4c50fd3:group-E93F2354340F changes to CANDIDATE, lastRpcTime:10612, electionTimeout:5002ms
2019-09-26 10:07:33,480 [Thread-4060] INFO  impl.RoleInfo (RoleInfo.java:shutdownFollowerState(121)) - e3e9c20d-70c3-4d54-9af3-1020e4c50fd3: shutdown FollowerState
2019-09-26 10:07:33,480 [Thread-4060] INFO  impl.RaftServerImpl (RaftServerImpl.java:setRole(174)) - e3e9c20d-70c3-4d54-9af3-1020e4c50fd3@group-E93F2354340F: changes role from  FOLLOWER to CANDIDATE at term 0 for changeToCandidate
2019-09-26 10:07:33,480 [Thread-4060] INFO  impl.RoleInfo (RoleInfo.java:updateAndGet(143)) - e3e9c20d-70c3-4d54-9af3-1020e4c50fd3: start LeaderElection
2019-09-26 10:07:33,494 [Thread-4063] INFO  impl.FollowerState (FollowerState.java:run(106)) - bec07a0c-a0ea-4ddf-8714-f8e80b4d678f:group-2ABACD13CF37 changes to CANDIDATE, lastRpcTime:10598, electionTimeout:5021ms
2019-09-26 10:07:33,494 [Thread-4063] INFO  impl.RoleInfo (RoleInfo.java:shutdownFollowerState(121)) - bec07a0c-a0ea-4ddf-8714-f8e80b4d678f: shutdown FollowerState
2019-09-26 10:07:33,494 [Thread-4063] INFO  impl.RaftServerImpl (RaftServerImpl.java:setRole(174)) - bec07a0c-a0ea-4ddf-8714-f8e80b4d678f@group-2ABACD13CF37: changes role from  FOLLOWER to CANDIDATE at term 0 for changeToCandidate
2019-09-26 10:07:33,494 [Thread-4063] INFO  impl.RoleInfo (RoleInfo.java:updateAndGet(143)) - bec07a0c-a0ea-4ddf-8714-f8e80b4d678f: start LeaderElection
2019-09-26 10:07:33,495 [Thread-4066] INFO  impl.FollowerState (FollowerState.java:run(106)) - 5004b7af-11c5-4c34-b2aa-0091a090c65f:group-25676F2A6D91 changes to CANDIDATE, lastRpcTime:10563, electionTimeout:5022ms
2019-09-26 10:07:33,495 [Thread-4066] INFO  impl.RoleInfo (RoleInfo.java:shutdownFollowerState(121)) - 5004b7af-11c5-4c34-b2aa-0091a090c65f: shutdown FollowerState
2019-09-26 10:07:33,495 [Thread-4066] INFO  impl.RaftServerImpl (RaftServerImpl.java:setRole(174)) - 5004b7af-11c5-4c34-b2aa-0091a090c65f@group-25676F2A6D91: changes role from  FOLLOWER to CANDIDATE at term 0 for changeToCandidate
2019-09-26 10:07:33,495 [Thread-4066] INFO  impl.RoleInfo (RoleInfo.java:updateAndGet(143)) - 5004b7af-11c5-4c34-b2aa-0091a090c65f: start LeaderElection
2019-09-26 10:07:33,526 [Thread-4069] INFO  impl.FollowerState (FollowerState.java:run(106)) - 9cafecc4-59b7-45e3-9675-340d3e2c3fab:group-C2C4276F094E changes to CANDIDATE, lastRpcTime:10570, electionTimeout:5053ms
2019-09-26 10:07:33,526 [Thread-4069] INFO  impl.RoleInfo (RoleInfo.java:shutdownFollowerState(121)) - 9cafecc4-59b7-45e3-9675-340d3e2c3fab: shutdown FollowerState
2019-09-26 10:07:33,527 [Thread-4069] INFO  impl.RaftServerImpl (RaftServerImpl.java:setRole(174)) - 9cafecc4-59b7-45e3-9675-340d3e2c3fab@group-C2C4276F094E: changes role from  FOLLOWER to CANDIDATE at term 0 for changeToCandidate
2019-09-26 10:07:33,527 [Thread-4069] INFO  impl.RoleInfo (RoleInfo.java:updateAndGet(143)) - 9cafecc4-59b7-45e3-9675-340d3e2c3fab: start LeaderElection
2019-09-26 10:07:33,561 [Thread-4048] INFO  impl.FollowerState (FollowerState.java:run(106)) - 9cafecc4-59b7-45e3-9675-340d3e2c3fab:group-7B7670B1D956 changes to CANDIDATE, lastRpcTime:10874, electionTimeout:5112ms
2019-09-26 10:07:33,561 [Thread-4048] INFO  impl.RoleInfo (RoleInfo.java:shutdownFollowerState(121)) - 9cafecc4-59b7-45e3-9675-340d3e2c3fab: shutdown FollowerState
2019-09-26 10:07:33,561 [Thread-4048] INFO  impl.RaftServerImpl (RaftServerImpl.java:setRole(174)) - 9cafecc4-59b7-45e3-9675-340d3e2c3fab@group-7B7670B1D956: changes role from  FOLLOWER to CANDIDATE at term 0 for changeToCandidate
2019-09-26 10:07:33,561 [Thread-4048] INFO  impl.RoleInfo (RoleInfo.java:updateAndGet(143)) - 9cafecc4-59b7-45e3-9675-340d3e2c3fab: start LeaderElection
2019-09-26 10:07:33,654 [Thread-4057] INFO  impl.FollowerState (FollowerState.java:run(106)) - 9cafecc4-59b7-45e3-9675-340d3e2c3fab:group-495389C4E655 changes to CANDIDATE, lastRpcTime:10833, electionTimeout:5194ms
2019-09-26 10:07:33,654 [Thread-4057] INFO  impl.RoleInfo (RoleInfo.java:shutdownFollowerState(121)) - 9cafecc4-59b7-45e3-9675-340d3e2c3fab: shutdown FollowerState
2019-09-26 10:07:33,654 [Thread-4057] INFO  impl.RaftServerImpl (RaftServerImpl.java:setRole(174)) - 9cafecc4-59b7-45e3-9675-340d3e2c3fab@group-495389C4E655: changes role from  FOLLOWER to CANDIDATE at term 0 for changeToCandidate
2019-09-26 10:07:33,654 [Thread-4057] INFO  impl.RoleInfo (RoleInfo.java:updateAndGet(143)) - 9cafecc4-59b7-45e3-9675-340d3e2c3fab: start LeaderElection
2019-09-26 10:07:33,689 [e3e9c20d-70c3-4d54-9af3-1020e4c50fd3@group-E93F2354340F:LeaderElection337] INFO  impl.LeaderElection (LeaderElection.java:askForVotes(182)) - e3e9c20d-70c3-4d54-9af3-1020e4c50fd3@group-E93F2354340F:LeaderElection337: begin an election at term 1 for -1: [e3e9c20d-70c3-4d54-9af3-1020e4c50fd3:192.168.30.13:44355], old=null
2019-09-26 10:07:33,689 [e3e9c20d-70c3-4d54-9af3-1020e4c50fd3@group-E93F2354340F:LeaderElection337] INFO  impl.RoleInfo (RoleInfo.java:shutdownLeaderElection(134)) - e3e9c20d-70c3-4d54-9af3-1020e4c50fd3: shutdown LeaderElection
2019-09-26 10:07:33,689 [e3e9c20d-70c3-4d54-9af3-1020e4c50fd3@group-E93F2354340F:LeaderElection337] INFO  impl.RaftServerImpl (RaftServerImpl.java:setRole(174)) - e3e9c20d-70c3-4d54-9af3-1020e4c50fd3@group-E93F2354340F: changes role from CANDIDATE to LEADER at term 1 for changeToLeader
2019-09-26 10:07:33,690 [e3e9c20d-70c3-4d54-9af3-1020e4c50fd3@group-E93F2354340F:LeaderElection337] INFO  impl.RaftServerImpl (ServerState.java:setLeader(253)) - e3e9c20d-70c3-4d54-9af3-1020e4c50fd3@group-E93F2354340F: change Leader from null to e3e9c20d-70c3-4d54-9af3-1020e4c50fd3 at term 1 for becomeLeader, leader elected after 10832ms
2019-09-26 10:07:33,690 [e3e9c20d-70c3-4d54-9af3-1020e4c50fd3@group-E93F2354340F:LeaderElection337] INFO  server.RaftServerConfigKeys (ConfUtils.java:logGet(43)) - raft.server.staging.catchup.gap = 1000 (default)
2019-09-26 10:07:33,690 [e3e9c20d-70c3-4d54-9af3-1020e4c50fd3@group-E93F2354340F:LeaderElection337] INFO  server.RaftServerConfigKeys (ConfUtils.java:logGet(43)) - raft.server.rpc.sleep.time = 25ms (default)
2019-09-26 10:07:33,690 [e3e9c20d-70c3-4d54-9af3-1020e4c50fd3@group-E93F2354340F:LeaderElection337] INFO  server.RaftServerConfigKeys (ConfUtils.java:logGet(43)) - raft.server.write.element-limit = 4096 (default)
2019-09-26 10:07:33,690 [e3e9c20d-70c3-4d54-9af3-1020e4c50fd3@group-E93F2354340F:LeaderElection337] INFO  server.RaftServerConfigKeys (ConfUtils.java:logGet(43)) - raft.server.watch.timeout = 10s (default)
2019-09-26 10:07:33,690 [e3e9c20d-70c3-4d54-9af3-1020e4c50fd3@group-E93F2354340F:LeaderElection337] INFO  server.RaftServerConfigKeys (ConfUtils.java:logGet(43)) - raft.server.watch.timeout.denomination = 1s (default)
2019-09-26 10:07:33,690 [bec07a0c-a0ea-4ddf-8714-f8e80b4d678f@group-2ABACD13CF37:LeaderElection338] INFO  impl.LeaderElection (LeaderElection.java:askForVotes(182)) - bec07a0c-a0ea-4ddf-8714-f8e80b4d678f@group-2ABACD13CF37:LeaderElection338: begin an election at term 1 for -1: [bec07a0c-a0ea-4ddf-8714-f8e80b4d678f:192.168.30.13:42402], old=null
2019-09-26 10:07:33,690 [9cafecc4-59b7-45e3-9675-340d3e2c3fab@group-495389C4E655:LeaderElection342] INFO  impl.LeaderElection (LeaderElection.java:askForVotes(182)) - 9cafecc4-59b7-45e3-9675-340d3e2c3fab@group-495389C4E655:LeaderElection342: begin an election at term 1 for -1: [9cafecc4-59b7-45e3-9675-340d3e2c3fab:192.168.30.13:33904], old=null
2019-09-26 10:07:33,691 [bec07a0c-a0ea-4ddf-8714-f8e80b4d678f@group-2ABACD13CF37:LeaderElection338] INFO  impl.RoleInfo (RoleInfo.java:shutdownLeaderElection(134)) - bec07a0c-a0ea-4ddf-8714-f8e80b4d678f: shutdown LeaderElection
2019-09-26 10:07:33,690 [9cafecc4-59b7-45e3-9675-340d3e2c3fab@group-7B7670B1D956:LeaderElection341] INFO  impl.LeaderElection (LeaderElection.java:askForVotes(182)) - 9cafecc4-59b7-45e3-9675-340d3e2c3fab@group-7B7670B1D956:LeaderElection341: begin an election at term 1 for -1: [9cafecc4-59b7-45e3-9675-340d3e2c3fab:192.168.30.13:33904], old=null
2019-09-26 10:07:33,690 [9cafecc4-59b7-45e3-9675-340d3e2c3fab@group-C2C4276F094E:LeaderElection340] INFO  impl.LeaderElection (LeaderElection.java:askForVotes(182)) - 9cafecc4-59b7-45e3-9675-340d3e2c3fab@group-C2C4276F094E:LeaderElection340: begin an election at term 1 for -1: [9cafecc4-59b7-45e3-9675-340d3e2c3fab:192.168.30.13:33904], old=null
2019-09-26 10:07:33,690 [5004b7af-11c5-4c34-b2aa-0091a090c65f@group-25676F2A6D91:LeaderElection339] INFO  impl.LeaderElection (LeaderElection.java:askForVotes(182)) - 5004b7af-11c5-4c34-b2aa-0091a090c65f@group-25676F2A6D91:LeaderElection339: begin an election at term 1 for -1: [5004b7af-11c5-4c34-b2aa-0091a090c65f:192.168.30.13:35706], old=null
2019-09-26 10:07:33,690 [e3e9c20d-70c3-4d54-9af3-1020e4c50fd3@group-E93F2354340F:LeaderElection337] INFO  server.RaftServerConfigKeys (ConfUtils.java:logGet(43)) - raft.server.watch.element-limit = 65536 (default)
2019-09-26 10:07:33,691 [5004b7af-11c5-4c34-b2aa-0091a090c65f@group-25676F2A6D91:LeaderElection339] INFO  impl.RoleInfo (RoleInfo.java:shutdownLeaderElection(134)) - 5004b7af-11c5-4c34-b2aa-0091a090c65f: shutdown LeaderElection
2019-09-26 10:07:33,691 [9cafecc4-59b7-45e3-9675-340d3e2c3fab@group-C2C4276F094E:LeaderElection340] INFO  impl.RoleInfo (RoleInfo.java:shutdownLeaderElection(134)) - 9cafecc4-59b7-45e3-9675-340d3e2c3fab: shutdown LeaderElection
2019-09-26 10:07:33,691 [9cafecc4-59b7-45e3-9675-340d3e2c3fab@group-7B7670B1D956:LeaderElection341] INFO  impl.RoleInfo (RoleInfo.java:shutdownLeaderElection(134)) - 9cafecc4-59b7-45e3-9675-340d3e2c3fab: shutdown LeaderElection
2019-09-26 10:07:33,692 [9cafecc4-59b7-45e3-9675-340d3e2c3fab@group-7B7670B1D956:LeaderElection341] INFO  impl.RaftServerImpl (RaftServerImpl.java:setRole(174)) - 9cafecc4-59b7-45e3-9675-340d3e2c3fab@group-7B7670B1D956: changes role from CANDIDATE to LEADER at term 1 for changeToLeader
2019-09-26 10:07:33,691 [bec07a0c-a0ea-4ddf-8714-f8e80b4d678f@group-2ABACD13CF37:LeaderElection338] INFO  impl.RaftServerImpl (RaftServerImpl.java:setRole(174)) - bec07a0c-a0ea-4ddf-8714-f8e80b4d678f@group-2ABACD13CF37: changes role from CANDIDATE to LEADER at term 1 for changeToLeader
2019-09-26 10:07:33,692 [bec07a0c-a0ea-4ddf-8714-f8e80b4d678f@group-2ABACD13CF37:LeaderElection338] INFO  impl.RaftServerImpl (ServerState.java:setLeader(253)) - bec07a0c-a0ea-4ddf-8714-f8e80b4d678f@group-2ABACD13CF37: change Leader from null to bec07a0c-a0ea-4ddf-8714-f8e80b4d678f at term 1 for becomeLeader, leader elected after 10802ms
2019-09-26 10:07:33,691 [9cafecc4-59b7-45e3-9675-340d3e2c3fab@group-495389C4E655:LeaderElection342] INFO  impl.RoleInfo (RoleInfo.java:shutdownLeaderElection(134)) - 9cafecc4-59b7-45e3-9675-340d3e2c3fab: shutdown LeaderElection
2019-09-26 10:07:33,692 [bec07a0c-a0ea-4ddf-8714-f8e80b4d678f@group-2ABACD13CF37:LeaderElection338] INFO  server.RaftServerConfigKeys (ConfUtils.java:logGet(43)) - raft.server.staging.catchup.gap = 1000 (default)
2019-09-26 10:07:33,692 [9cafecc4-59b7-45e3-9675-340d3e2c3fab@group-7B7670B1D956:LeaderElection341] INFO  impl.RaftServerImpl (ServerState.java:setLeader(253)) - 9cafecc4-59b7-45e3-9675-340d3e2c3fab@group-7B7670B1D956: change Leader from null to 9cafecc4-59b7-45e3-9675-340d3e2c3fab at term 1 for becomeLeader, leader elected after 11011ms
2019-09-26 10:07:33,692 [9cafecc4-59b7-45e3-9675-340d3e2c3fab@group-C2C4276F094E:LeaderElection340] INFO  impl.RaftServerImpl (RaftServerImpl.java:setRole(174)) - 9cafecc4-59b7-45e3-9675-340d3e2c3fab@group-C2C4276F094E: changes role from CANDIDATE to LEADER at term 1 for changeToLeader
2019-09-26 10:07:33,693 [9cafecc4-59b7-45e3-9675-340d3e2c3fab@group-C2C4276F094E:LeaderElection340] INFO  impl.RaftServerImpl (ServerState.java:setLeader(253)) - 9cafecc4-59b7-45e3-9675-340d3e2c3fab@group-C2C4276F094E: change Leader from null to 9cafecc4-59b7-45e3-9675-340d3e2c3fab at term 1 for becomeLeader, leader elected after 10742ms
2019-09-26 10:07:33,692 [5004b7af-11c5-4c34-b2aa-0091a090c65f@group-25676F2A6D91:LeaderElection339] INFO  impl.RaftServerImpl (RaftServerImpl.java:setRole(174)) - 5004b7af-11c5-4c34-b2aa-0091a090c65f@group-25676F2A6D91: changes role from CANDIDATE to LEADER at term 1 for changeToLeader
2019-09-26 10:07:33,693 [5004b7af-11c5-4c34-b2aa-0091a090c65f@group-25676F2A6D91:LeaderElection339] INFO  impl.RaftServerImpl (ServerState.java:setLeader(253)) - 5004b7af-11c5-4c34-b2aa-0091a090c65f@group-25676F2A6D91: change Leader from null to 5004b7af-11c5-4c34-b2aa-0091a090c65f at term 1 for becomeLeader, leader elected after 10770ms
2019-09-26 10:07:33,693 [e3e9c20d-70c3-4d54-9af3-1020e4c50fd3@group-E93F2354340F:LeaderElection337] INFO  impl.RoleInfo (RoleInfo.java:updateAndGet(143)) - e3e9c20d-70c3-4d54-9af3-1020e4c50fd3: start LeaderState
2019-09-26 10:07:33,693 [9cafecc4-59b7-45e3-9675-340d3e2c3fab@group-C2C4276F094E:LeaderElection340] INFO  server.RaftServerConfigKeys (ConfUtils.java:logGet(43)) - raft.server.staging.catchup.gap = 1000 (default)
2019-09-26 10:07:33,693 [9cafecc4-59b7-45e3-9675-340d3e2c3fab@group-7B7670B1D956:LeaderElection341] INFO  server.RaftServerConfigKeys (ConfUtils.java:logGet(43)) - raft.server.staging.catchup.gap = 1000 (default)
2019-09-26 10:07:33,693 [bec07a0c-a0ea-4ddf-8714-f8e80b4d678f@group-2ABACD13CF37:LeaderElection338] INFO  server.RaftServerConfigKeys (ConfUtils.java:logGet(43)) - raft.server.rpc.sleep.time = 25ms (default)
2019-09-26 10:07:33,692 [9cafecc4-59b7-45e3-9675-340d3e2c3fab@group-495389C4E655:LeaderElection342] INFO  impl.RaftServerImpl (RaftServerImpl.java:setRole(174)) - 9cafecc4-59b7-45e3-9675-340d3e2c3fab@group-495389C4E655: changes role from CANDIDATE to LEADER at term 1 for changeToLeader
2019-09-26 10:07:33,694 [bec07a0c-a0ea-4ddf-8714-f8e80b4d678f@group-2ABACD13CF37:LeaderElection338] INFO  server.RaftServerConfigKeys (ConfUtils.java:logGet(43)) - raft.server.write.element-limit = 4096 (default)
2019-09-26 10:07:33,694 [9cafecc4-59b7-45e3-9675-340d3e2c3fab@group-7B7670B1D956:LeaderElection341] INFO  server.RaftServerConfigKeys (ConfUtils.java:logGet(43)) - raft.server.rpc.sleep.time = 25ms (default)
2019-09-26 10:07:33,694 [9cafecc4-59b7-45e3-9675-340d3e2c3fab@group-C2C4276F094E:LeaderElection340] INFO  server.RaftServerConfigKeys (ConfUtils.java:logGet(43)) - raft.server.rpc.sleep.time = 25ms (default)
2019-09-26 10:07:33,693 [e3e9c20d-70c3-4d54-9af3-1020e4c50fd3@group-E93F2354340F:LeaderElection337] INFO  segmented.SegmentedRaftLogWorker (SegmentedRaftLogWorker.java:startLogSegment(380)) - e3e9c20d-70c3-4d54-9af3-1020e4c50fd3@group-E93F2354340F-SegmentedRaftLogWorker: Starting segment from index:0
2019-09-26 10:07:33,693 [5004b7af-11c5-4c34-b2aa-0091a090c65f@group-25676F2A6D91:LeaderElection339] INFO  server.RaftServerConfigKeys (ConfUtils.java:logGet(43)) - raft.server.staging.catchup.gap = 1000 (default)
2019-09-26 10:07:33,695 [5004b7af-11c5-4c34-b2aa-0091a090c65f@group-25676F2A6D91:LeaderElection339] INFO  server.RaftServerConfigKeys (ConfUtils.java:logGet(43)) - raft.server.rpc.sleep.time = 25ms (default)
2019-09-26 10:07:33,694 [9cafecc4-59b7-45e3-9675-340d3e2c3fab@group-C2C4276F094E:LeaderElection340] INFO  server.RaftServerConfigKeys (ConfUtils.java:logGet(43)) - raft.server.write.element-limit = 4096 (default)
2019-09-26 10:07:33,694 [9cafecc4-59b7-45e3-9675-340d3e2c3fab@group-7B7670B1D956:LeaderElection341] INFO  server.RaftServerConfigKeys (ConfUtils.java:logGet(43)) - raft.server.write.element-limit = 4096 (default)
2019-09-26 10:07:33,694 [bec07a0c-a0ea-4ddf-8714-f8e80b4d678f@group-2ABACD13CF37:LeaderElection338] INFO  server.RaftServerConfigKeys (ConfUtils.java:logGet(43)) - raft.server.watch.timeout = 10s (default)
2019-09-26 10:07:33,694 [9cafecc4-59b7-45e3-9675-340d3e2c3fab@group-495389C4E655:LeaderElection342] INFO  impl.RaftServerImpl (ServerState.java:setLeader(253)) - 9cafecc4-59b7-45e3-9675-340d3e2c3fab@group-495389C4E655: change Leader from null to 9cafecc4-59b7-45e3-9675-340d3e2c3fab at term 1 for becomeLeader, leader elected after 10879ms
2019-09-26 10:07:33,696 [bec07a0c-a0ea-4ddf-8714-f8e80b4d678f@group-2ABACD13CF37:LeaderElection338] INFO  server.RaftServerConfigKeys (ConfUtils.java:logGet(43)) - raft.server.watch.timeout.denomination = 1s (default)
2019-09-26 10:07:33,696 [bec07a0c-a0ea-4ddf-8714-f8e80b4d678f@group-2ABACD13CF37:LeaderElection338] INFO  server.RaftServerConfigKeys (ConfUtils.java:logGet(43)) - raft.server.watch.element-limit = 65536 (default)
2019-09-26 10:07:33,695 [9cafecc4-59b7-45e3-9675-340d3e2c3fab@group-7B7670B1D956:LeaderElection341] INFO  server.RaftServerConfigKeys (ConfUtils.java:logGet(43)) - raft.server.watch.timeout = 10s (default)
2019-09-26 10:07:33,696 [9cafecc4-59b7-45e3-9675-340d3e2c3fab@group-7B7670B1D956:LeaderElection341] INFO  server.RaftServerConfigKeys (ConfUtils.java:logGet(43)) - raft.server.watch.timeout.denomination = 1s (default)
2019-09-26 10:07:33,695 [9cafecc4-59b7-45e3-9675-340d3e2c3fab@group-C2C4276F094E:LeaderElection340] INFO  server.RaftServerConfigKeys (ConfUtils.java:logGet(43)) - raft.server.watch.timeout = 10s (default)
2019-09-26 10:07:33,695 [5004b7af-11c5-4c34-b2aa-0091a090c65f@group-25676F2A6D91:LeaderElection339] INFO  server.RaftServerConfigKeys (ConfUtils.java:logGet(43)) - raft.server.write.element-limit = 4096 (default)
2019-09-26 10:07:33,695 [e3e9c20d-70c3-4d54-9af3-1020e4c50fd3@group-E93F2354340F:LeaderElection337] INFO  impl.RaftServerImpl (ServerState.java:setRaftConf(354)) - e3e9c20d-70c3-4d54-9af3-1020e4c50fd3@group-E93F2354340F: set configuration 0: [e3e9c20d-70c3-4d54-9af3-1020e4c50fd3:192.168.30.13:44355], old=null at 0
2019-09-26 10:07:33,697 [5004b7af-11c5-4c34-b2aa-0091a090c65f@group-25676F2A6D91:LeaderElection339] INFO  server.RaftServerConfigKeys (ConfUtils.java:logGet(43)) - raft.server.watch.timeout = 10s (default)
2019-09-26 10:07:33,697 [9cafecc4-59b7-45e3-9675-340d3e2c3fab@group-C2C4276F094E:LeaderElection340] INFO  server.RaftServerConfigKeys (ConfUtils.java:logGet(43)) - raft.server.watch.timeout.denomination = 1s (default)
2019-09-26 10:07:33,697 [9cafecc4-59b7-45e3-9675-340d3e2c3fab@group-C2C4276F094E:LeaderElection340] INFO  server.RaftServerConfigKeys (ConfUtils.java:logGet(43)) - raft.server.watch.element-limit = 65536 (default)
2019-09-26 10:07:33,696 [9cafecc4-59b7-45e3-9675-340d3e2c3fab@group-7B7670B1D956:LeaderElection341] INFO  server.RaftServerConfigKeys (ConfUtils.java:logGet(43)) - raft.server.watch.element-limit = 65536 (default)
2019-09-26 10:07:33,696 [9cafecc4-59b7-45e3-9675-340d3e2c3fab@group-495389C4E655:LeaderElection342] INFO  server.RaftServerConfigKeys (ConfUtils.java:logGet(43)) - raft.server.staging.catchup.gap = 1000 (default)
2019-09-26 10:07:33,697 [bec07a0c-a0ea-4ddf-8714-f8e80b4d678f@group-2ABACD13CF37:LeaderElection338] INFO  impl.RoleInfo (RoleInfo.java:updateAndGet(143)) - bec07a0c-a0ea-4ddf-8714-f8e80b4d678f: start LeaderState
2019-09-26 10:07:33,697 [5004b7af-11c5-4c34-b2aa-0091a090c65f@group-25676F2A6D91:LeaderElection339] INFO  server.RaftServerConfigKeys (ConfUtils.java:logGet(43)) - raft.server.watch.timeout.denomination = 1s (default)
2019-09-26 10:07:33,698 [bec07a0c-a0ea-4ddf-8714-f8e80b4d678f@group-2ABACD13CF37:LeaderElection338] INFO  segmented.SegmentedRaftLogWorker (SegmentedRaftLogWorker.java:startLogSegment(380)) - bec07a0c-a0ea-4ddf-8714-f8e80b4d678f@group-2ABACD13CF37-SegmentedRaftLogWorker: Starting segment from index:0
2019-09-26 10:07:33,698 [9cafecc4-59b7-45e3-9675-340d3e2c3fab@group-495389C4E655:LeaderElection342] INFO  server.RaftServerConfigKeys (ConfUtils.java:logGet(43)) - raft.server.rpc.sleep.time = 25ms (default)
2019-09-26 10:07:33,698 [5004b7af-11c5-4c34-b2aa-0091a090c65f@group-25676F2A6D91:LeaderElection339] INFO  server.RaftServerConfigKeys (ConfUtils.java:logGet(43)) - raft.server.watch.element-limit = 65536 (default)
2019-09-26 10:07:33,698 [bec07a0c-a0ea-4ddf-8714-f8e80b4d678f@group-2ABACD13CF37:LeaderElection338] INFO  impl.RaftServerImpl (ServerState.java:setRaftConf(354)) - bec07a0c-a0ea-4ddf-8714-f8e80b4d678f@group-2ABACD13CF37: set configuration 0: [bec07a0c-a0ea-4ddf-8714-f8e80b4d678f:192.168.30.13:42402], old=null at 0
2019-09-26 10:07:33,698 [9cafecc4-59b7-45e3-9675-340d3e2c3fab@group-495389C4E655:LeaderElection342] INFO  server.RaftServerConfigKeys (ConfUtils.java:logGet(43)) - raft.server.write.element-limit = 4096 (default)
2019-09-26 10:07:33,699 [9cafecc4-59b7-45e3-9675-340d3e2c3fab@group-495389C4E655:LeaderElection342] INFO  server.RaftServerConfigKeys (ConfUtils.java:logGet(43)) - raft.server.watch.timeout = 10s (default)
2019-09-26 10:07:33,699 [9cafecc4-59b7-45e3-9675-340d3e2c3fab@group-495389C4E655:LeaderElection342] INFO  server.RaftServerConfigKeys (ConfUtils.java:logGet(43)) - raft.server.watch.timeout.denomination = 1s (default)
2019-09-26 10:07:33,699 [9cafecc4-59b7-45e3-9675-340d3e2c3fab@group-495389C4E655:LeaderElection342] INFO  server.RaftServerConfigKeys (ConfUtils.java:logGet(43)) - raft.server.watch.element-limit = 65536 (default)
2019-09-26 10:07:33,701 [9cafecc4-59b7-45e3-9675-340d3e2c3fab@group-C2C4276F094E:LeaderElection340] INFO  impl.RoleInfo (RoleInfo.java:updateAndGet(143)) - 9cafecc4-59b7-45e3-9675-340d3e2c3fab: start LeaderState
2019-09-26 10:07:33,701 [9cafecc4-59b7-45e3-9675-340d3e2c3fab@group-C2C4276F094E:LeaderElection340] INFO  segmented.SegmentedRaftLogWorker (SegmentedRaftLogWorker.java:startLogSegment(380)) - 9cafecc4-59b7-45e3-9675-340d3e2c3fab@group-C2C4276F094E-SegmentedRaftLogWorker: Starting segment from index:0
2019-09-26 10:07:33,702 [9cafecc4-59b7-45e3-9675-340d3e2c3fab@group-7B7670B1D956:LeaderElection341] INFO  impl.RoleInfo (RoleInfo.java:updateAndGet(143)) - 9cafecc4-59b7-45e3-9675-340d3e2c3fab: start LeaderState
2019-09-26 10:07:33,702 [9cafecc4-59b7-45e3-9675-340d3e2c3fab@group-C2C4276F094E:LeaderElection340] INFO  impl.RaftServerImpl (ServerState.java:setRaftConf(354)) - 9cafecc4-59b7-45e3-9675-340d3e2c3fab@group-C2C4276F094E: set configuration 0: [9cafecc4-59b7-45e3-9675-340d3e2c3fab:192.168.30.13:33904], old=null at 0
2019-09-26 10:07:33,702 [9cafecc4-59b7-45e3-9675-340d3e2c3fab@group-7B7670B1D956:LeaderElection341] INFO  segmented.SegmentedRaftLogWorker (SegmentedRaftLogWorker.java:startLogSegment(380)) - 9cafecc4-59b7-45e3-9675-340d3e2c3fab@group-7B7670B1D956-SegmentedRaftLogWorker: Starting segment from index:0
2019-09-26 10:07:33,703 [5004b7af-11c5-4c34-b2aa-0091a090c65f@group-25676F2A6D91:LeaderElection339] INFO  impl.RoleInfo (RoleInfo.java:updateAndGet(143)) - 5004b7af-11c5-4c34-b2aa-0091a090c65f: start LeaderState
2019-09-26 10:07:33,703 [9cafecc4-59b7-45e3-9675-340d3e2c3fab@group-7B7670B1D956:LeaderElection341] INFO  impl.RaftServerImpl (ServerState.java:setRaftConf(354)) - 9cafecc4-59b7-45e3-9675-340d3e2c3fab@group-7B7670B1D956: set configuration 0: [9cafecc4-59b7-45e3-9675-340d3e2c3fab:192.168.30.13:33904], old=null at 0
2019-09-26 10:07:33,703 [5004b7af-11c5-4c34-b2aa-0091a090c65f@group-25676F2A6D91:LeaderElection339] INFO  segmented.SegmentedRaftLogWorker (SegmentedRaftLogWorker.java:startLogSegment(380)) - 5004b7af-11c5-4c34-b2aa-0091a090c65f@group-25676F2A6D91-SegmentedRaftLogWorker: Starting segment from index:0
2019-09-26 10:07:33,703 [9cafecc4-59b7-45e3-9675-340d3e2c3fab@group-495389C4E655:LeaderElection342] INFO  impl.RoleInfo (RoleInfo.java:updateAndGet(143)) - 9cafecc4-59b7-45e3-9675-340d3e2c3fab: start LeaderState
2019-09-26 10:07:33,703 [9cafecc4-59b7-45e3-9675-340d3e2c3fab@group-495389C4E655:LeaderElection342] INFO  segmented.SegmentedRaftLogWorker (SegmentedRaftLogWorker.java:startLogSegment(380)) - 9cafecc4-59b7-45e3-9675-340d3e2c3fab@group-495389C4E655-SegmentedRaftLogWorker: Starting segment from index:0
2019-09-26 10:07:33,703 [5004b7af-11c5-4c34-b2aa-0091a090c65f@group-25676F2A6D91:LeaderElection339] INFO  impl.RaftServerImpl (ServerState.java:setRaftConf(354)) - 5004b7af-11c5-4c34-b2aa-0091a090c65f@group-25676F2A6D91: set configuration 0: [5004b7af-11c5-4c34-b2aa-0091a090c65f:192.168.30.13:35706], old=null at 0
2019-09-26 10:07:33,704 [9cafecc4-59b7-45e3-9675-340d3e2c3fab@group-495389C4E655:LeaderElection342] INFO  impl.RaftServerImpl (ServerState.java:setRaftConf(354)) - 9cafecc4-59b7-45e3-9675-340d3e2c3fab@group-495389C4E655: set configuration 0: [9cafecc4-59b7-45e3-9675-340d3e2c3fab:192.168.30.13:33904], old=null at 0
2019-09-26 10:07:33,865 [ForkJoinPool.commonPool-worker-0] INFO  ozoneimpl.OzoneContainer (OzoneContainer.java:stop(231)) - Attempting to stop container services.
2019-09-26 10:07:33,865 [ForkJoinPool.commonPool-worker-0] INFO  impl.RaftServerProxy (RaftServerProxy.java:lambda$close$4(314)) - 9cafecc4-59b7-45e3-9675-340d3e2c3fab: close
2019-09-26 10:07:33,865 [ForkJoinPool.commonPool-worker-0] INFO  impl.RaftServerImpl (RaftServerImpl.java:lambda$shutdown$3(251)) - 9cafecc4-59b7-45e3-9675-340d3e2c3fab@group-252921730EA0: shutdown
2019-09-26 10:07:33,866 [ForkJoinPool.commonPool-worker-0] INFO  util.JmxRegister (JmxRegister.java:unregister(73)) - Successfully un-registered JMX Bean with object name Ratis:service=RaftServer,group=group-252921730EA0,id=9cafecc4-59b7-45e3-9675-340d3e2c3fab
2019-09-26 10:07:33,866 [ForkJoinPool.commonPool-worker-0] INFO  impl.RoleInfo (RoleInfo.java:shutdownLeaderState(104)) - 9cafecc4-59b7-45e3-9675-340d3e2c3fab: shutdown LeaderState
2019-09-26 10:07:33,866 [ForkJoinPool.commonPool-worker-0] INFO  impl.PendingRequests (PendingRequests.java:sendNotLeaderResponses(202)) - 9cafecc4-59b7-45e3-9675-340d3e2c3fab-PendingRequests: sendNotLeaderResponses
2019-09-26 10:07:33,867 [ForkJoinPool.commonPool-worker-0] INFO  impl.StateMachineUpdater (StateMachineUpdater.java:stopAndJoin(125)) - 9cafecc4-59b7-45e3-9675-340d3e2c3fab@group-252921730EA0-StateMachineUpdater: set stopIndex = 0
2019-09-26 10:07:33,867 [ForkJoinPool.commonPool-worker-0] INFO  impl.RaftServerImpl (ServerState.java:close(385)) - 9cafecc4-59b7-45e3-9675-340d3e2c3fab@group-252921730EA0: closes. applyIndex: 0
2019-09-26 10:07:33,867 [9cafecc4-59b7-45e3-9675-340d3e2c3fab@group-252921730EA0-SegmentedRaftLogWorker] INFO  segmented.SegmentedRaftLogWorker (SegmentedRaftLogWorker.java:run(313)) - 9cafecc4-59b7-45e3-9675-340d3e2c3fab@group-252921730EA0-SegmentedRaftLogWorker was interrupted, exiting. There are 0 tasks remaining in the queue.
2019-09-26 10:07:33,868 [ForkJoinPool.commonPool-worker-0] INFO  segmented.SegmentedRaftLogWorker (SegmentedRaftLogWorker.java:close(228)) - 9cafecc4-59b7-45e3-9675-340d3e2c3fab@group-252921730EA0-SegmentedRaftLogWorker close()
2019-09-26 10:07:33,868 [ForkJoinPool.commonPool-worker-0] INFO  impl.RaftServerImpl (RaftServerImpl.java:lambda$shutdown$3(251)) - 9cafecc4-59b7-45e3-9675-340d3e2c3fab@group-495389C4E655: shutdown
2019-09-26 10:07:33,868 [ForkJoinPool.commonPool-worker-0] INFO  util.JmxRegister (JmxRegister.java:unregister(73)) - Successfully un-registered JMX Bean with object name Ratis:service=RaftServer,group=group-495389C4E655,id=9cafecc4-59b7-45e3-9675-340d3e2c3fab
2019-09-26 10:07:33,868 [ForkJoinPool.commonPool-worker-0] INFO  impl.RoleInfo (RoleInfo.java:shutdownLeaderState(104)) - 9cafecc4-59b7-45e3-9675-340d3e2c3fab: shutdown LeaderState
2019-09-26 10:07:33,869 [ForkJoinPool.commonPool-worker-0] INFO  impl.PendingRequests (PendingRequests.java:sendNotLeaderResponses(202)) - 9cafecc4-59b7-45e3-9675-340d3e2c3fab-PendingRequests: sendNotLeaderResponses
2019-09-26 10:07:33,869 [ForkJoinPool.commonPool-worker-0] INFO  impl.StateMachineUpdater (StateMachineUpdater.java:stopAndJoin(125)) - 9cafecc4-59b7-45e3-9675-340d3e2c3fab@group-495389C4E655-StateMachineUpdater: set stopIndex = -1
2019-09-26 10:07:33,869 [ForkJoinPool.commonPool-worker-0] INFO  impl.RaftServerImpl (ServerState.java:close(385)) - 9cafecc4-59b7-45e3-9675-340d3e2c3fab@group-495389C4E655: closes. applyIndex: -1
2019-09-26 10:07:34,087 [9cafecc4-59b7-45e3-9675-340d3e2c3fab@group-7B7670B1D956-SegmentedRaftLogWorker] INFO  segmented.SegmentedRaftLogWorker (SegmentedRaftLogWorker.java:execute(569)) - 9cafecc4-59b7-45e3-9675-340d3e2c3fab@group-7B7670B1D956-SegmentedRaftLogWorker: created new log segment /workdir/hadoop-ozone/integration-test/target/test-dir/MiniOzoneClusterImpl-af826fcf-2e4c-4099-bed4-c1b0f0495924/datanode-2/data/ratis/3220d6b6-fef9-4276-8481-7b7670b1d956/current/log_inprogress_0
2019-09-26 10:07:34,087 [5004b7af-11c5-4c34-b2aa-0091a090c65f@group-25676F2A6D91-SegmentedRaftLogWorker] INFO  segmented.SegmentedRaftLogWorker (SegmentedRaftLogWorker.java:execute(569)) - 5004b7af-11c5-4c34-b2aa-0091a090c65f@group-25676F2A6D91-SegmentedRaftLogWorker: created new log segment /workdir/hadoop-ozone/integration-test/target/test-dir/MiniOzoneClusterImpl-af826fcf-2e4c-4099-bed4-c1b0f0495924/datanode-5/data/ratis/922a14f5-ba5b-4b8b-92b9-25676f2a6d91/current/log_inprogress_0
2019-09-26 10:07:34,087 [e3e9c20d-70c3-4d54-9af3-1020e4c50fd3@group-E93F2354340F-SegmentedRaftLogWorker] INFO  segmented.SegmentedRaftLogWorker (SegmentedRaftLogWorker.java:execute(569)) - e3e9c20d-70c3-4d54-9af3-1020e4c50fd3@group-E93F2354340F-SegmentedRaftLogWorker: created new log segment /workdir/hadoop-ozone/integration-test/target/test-dir/MiniOzoneClusterImpl-af826fcf-2e4c-4099-bed4-c1b0f0495924/datanode-6/data/ratis/7eb5007e-8b4b-40da-9649-e93f2354340f/current/log_inprogress_0
2019-09-26 10:07:34,087 [9cafecc4-59b7-45e3-9675-340d3e2c3fab@group-C2C4276F094E-SegmentedRaftLogWorker] INFO  segmented.SegmentedRaftLogWorker (SegmentedRaftLogWorker.java:execute(569)) - 9cafecc4-59b7-45e3-9675-340d3e2c3fab@group-C2C4276F094E-SegmentedRaftLogWorker: created new log segment /workdir/hadoop-ozone/integration-test/target/test-dir/MiniOzoneClusterImpl-af826fcf-2e4c-4099-bed4-c1b0f0495924/datanode-2/data/ratis/86bf459e-c30b-4481-8eac-c2c4276f094e/current/log_inprogress_0
2019-09-26 10:07:34,087 [bec07a0c-a0ea-4ddf-8714-f8e80b4d678f@group-2ABACD13CF37-SegmentedRaftLogWorker] INFO  segmented.SegmentedRaftLogWorker (SegmentedRaftLogWorker.java:execute(569)) - bec07a0c-a0ea-4ddf-8714-f8e80b4d678f@group-2ABACD13CF37-SegmentedRaftLogWorker: created new log segment /workdir/hadoop-ozone/integration-test/target/test-dir/MiniOzoneClusterImpl-af826fcf-2e4c-4099-bed4-c1b0f0495924/datanode-3/data/ratis/16b28da7-e731-4432-a59e-2abacd13cf37/current/log_inprogress_0
2019-09-26 10:07:34,088 [9cafecc4-59b7-45e3-9675-340d3e2c3fab@group-495389C4E655-SegmentedRaftLogWorker] WARN  segmented.SegmentedRaftLogOutputStream (SegmentedRaftLogOutputStream.java:<init>(77)) - Hit IOException while creating log segment /workdir/hadoop-ozone/integration-test/target/test-dir/MiniOzoneClusterImpl-af826fcf-2e4c-4099-bed4-c1b0f0495924/datanode-2/data/ratis/998ab196-2ae2-4a0f-93b3-495389c4e655/current/log_inprogress_0, delete the partial file.
2019-09-26 10:07:34,096 [ForkJoinPool.commonPool-worker-0] INFO  segmented.SegmentedRaftLogWorker (SegmentedRaftLogWorker.java:close(228)) - 9cafecc4-59b7-45e3-9675-340d3e2c3fab@group-495389C4E655-SegmentedRaftLogWorker close()
2019-09-26 10:07:34,097 [ForkJoinPool.commonPool-worker-0] INFO  impl.RaftServerImpl (RaftServerImpl.java:lambda$shutdown$3(251)) - 9cafecc4-59b7-45e3-9675-340d3e2c3fab@group-8EDDA6DEAB50: shutdown
2019-09-26 10:07:34,097 [ForkJoinPool.commonPool-worker-0] INFO  util.JmxRegister (JmxRegister.java:unregister(73)) - Successfully un-registered JMX Bean with object name Ratis:service=RaftServer,group=group-8EDDA6DEAB50,id=9cafecc4-59b7-45e3-9675-340d3e2c3fab
2019-09-26 10:07:34,097 [ForkJoinPool.commonPool-worker-0] INFO  impl.RoleInfo (RoleInfo.java:shutdownLeaderState(104)) - 9cafecc4-59b7-45e3-9675-340d3e2c3fab: shutdown LeaderState
2019-09-26 10:07:34,098 [ForkJoinPool.commonPool-worker-0] INFO  impl.PendingRequests (PendingRequests.java:sendNotLeaderResponses(202)) - 9cafecc4-59b7-45e3-9675-340d3e2c3fab-PendingRequests: sendNotLeaderResponses
2019-09-26 10:07:34,098 [ForkJoinPool.commonPool-worker-0] INFO  impl.StateMachineUpdater (StateMachineUpdater.java:stopAndJoin(125)) - 9cafecc4-59b7-45e3-9675-340d3e2c3fab@group-8EDDA6DEAB50-StateMachineUpdater: set stopIndex = 0
2019-09-26 10:07:34,098 [ForkJoinPool.commonPool-worker-0] INFO  impl.RaftServerImpl (ServerState.java:close(385)) - 9cafecc4-59b7-45e3-9675-340d3e2c3fab@group-8EDDA6DEAB50: closes. applyIndex: 0
2019-09-26 10:07:34,099 [9cafecc4-59b7-45e3-9675-340d3e2c3fab@group-8EDDA6DEAB50-SegmentedRaftLogWorker] INFO  segmented.SegmentedRaftLogWorker (SegmentedRaftLogWorker.java:run(313)) - 9cafecc4-59b7-45e3-9675-340d3e2c3fab@group-8EDDA6DEAB50-SegmentedRaftLogWorker was interrupted, exiting. There are 0 tasks remaining in the queue.
2019-09-26 10:07:34,099 [ForkJoinPool.commonPool-worker-0] INFO  segmented.SegmentedRaftLogWorker (SegmentedRaftLogWorker.java:close(228)) - 9cafecc4-59b7-45e3-9675-340d3e2c3fab@group-8EDDA6DEAB50-SegmentedRaftLogWorker close()
2019-09-26 10:07:34,099 [ForkJoinPool.commonPool-worker-0] INFO  impl.RaftServerImpl (RaftServerImpl.java:lambda$shutdown$3(251)) - 9cafecc4-59b7-45e3-9675-340d3e2c3fab@group-C2C4276F094E: shutdown
2019-09-26 10:07:34,100 [ForkJoinPool.commonPool-worker-0] INFO  util.JmxRegister (JmxRegister.java:unregister(73)) - Successfully un-registered JMX Bean with object name Ratis:service=RaftServer,group=group-C2C4276F094E,id=9cafecc4-59b7-45e3-9675-340d3e2c3fab
2019-09-26 10:07:34,100 [ForkJoinPool.commonPool-worker-0] INFO  impl.RoleInfo (RoleInfo.java:shutdownLeaderState(104)) - 9cafecc4-59b7-45e3-9675-340d3e2c3fab: shutdown LeaderState
2019-09-26 10:07:34,100 [ForkJoinPool.commonPool-worker-0] INFO  impl.PendingRequests (PendingRequests.java:sendNotLeaderResponses(202)) - 9cafecc4-59b7-45e3-9675-340d3e2c3fab-PendingRequests: sendNotLeaderResponses
2019-09-26 10:07:34,101 [ForkJoinPool.commonPool-worker-0] INFO  impl.StateMachineUpdater (StateMachineUpdater.java:stopAndJoin(125)) - 9cafecc4-59b7-45e3-9675-340d3e2c3fab@group-C2C4276F094E-StateMachineUpdater: set stopIndex = 0
2019-09-26 10:07:34,101 [ForkJoinPool.commonPool-worker-0] INFO  impl.RaftServerImpl (ServerState.java:close(385)) - 9cafecc4-59b7-45e3-9675-340d3e2c3fab@group-C2C4276F094E: closes. applyIndex: 0
2019-09-26 10:07:34,101 [9cafecc4-59b7-45e3-9675-340d3e2c3fab@group-C2C4276F094E-SegmentedRaftLogWorker] INFO  segmented.SegmentedRaftLogWorker (SegmentedRaftLogWorker.java:run(313)) - 9cafecc4-59b7-45e3-9675-340d3e2c3fab@group-C2C4276F094E-SegmentedRaftLogWorker was interrupted, exiting. There are 0 tasks remaining in the queue.
2019-09-26 10:07:34,102 [ForkJoinPool.commonPool-worker-0] INFO  segmented.SegmentedRaftLogWorker (SegmentedRaftLogWorker.java:close(228)) - 9cafecc4-59b7-45e3-9675-340d3e2c3fab@group-C2C4276F094E-SegmentedRaftLogWorker close()
2019-09-26 10:07:34,102 [ForkJoinPool.commonPool-worker-0] INFO  impl.RaftServerImpl (RaftServerImpl.java:lambda$shutdown$3(251)) - 9cafecc4-59b7-45e3-9675-340d3e2c3fab@group-243018DA8377: shutdown
2019-09-26 10:07:34,102 [ForkJoinPool.commonPool-worker-0] INFO  util.JmxRegister (JmxRegister.java:unregister(73)) - Successfully un-registered JMX Bean with object name Ratis:service=RaftServer,group=group-243018DA8377,id=9cafecc4-59b7-45e3-9675-340d3e2c3fab
2019-09-26 10:07:34,102 [ForkJoinPool.commonPool-worker-0] INFO  impl.RoleInfo (RoleInfo.java:shutdownLeaderState(104)) - 9cafecc4-59b7-45e3-9675-340d3e2c3fab: shutdown LeaderState
2019-09-26 10:07:34,103 [ForkJoinPool.commonPool-worker-0] INFO  impl.PendingRequests (PendingRequests.java:sendNotLeaderResponses(202)) - 9cafecc4-59b7-45e3-9675-340d3e2c3fab-PendingRequests: sendNotLeaderResponses
2019-09-26 10:07:34,103 [ForkJoinPool.commonPool-worker-0] INFO  impl.StateMachineUpdater (StateMachineUpdater.java:stopAndJoin(125)) - 9cafecc4-59b7-45e3-9675-340d3e2c3fab@group-243018DA8377-StateMachineUpdater: set stopIndex = 0
2019-09-26 10:07:34,103 [ForkJoinPool.commonPool-worker-0] INFO  impl.RaftServerImpl (ServerState.java:close(385)) - 9cafecc4-59b7-45e3-9675-340d3e2c3fab@group-243018DA8377: closes. applyIndex: 0
2019-09-26 10:07:34,104 [9cafecc4-59b7-45e3-9675-340d3e2c3fab@group-243018DA8377-SegmentedRaftLogWorker] INFO  segmented.SegmentedRaftLogWorker (SegmentedRaftLogWorker.java:run(313)) - 9cafecc4-59b7-45e3-9675-340d3e2c3fab@group-243018DA8377-SegmentedRaftLogWorker was interrupted, exiting. There are 0 tasks remaining in the queue.
2019-09-26 10:07:34,104 [ForkJoinPool.commonPool-worker-0] INFO  segmented.SegmentedRaftLogWorker (SegmentedRaftLogWorker.java:close(228)) - 9cafecc4-59b7-45e3-9675-340d3e2c3fab@group-243018DA8377-SegmentedRaftLogWorker close()
2019-09-26 10:07:34,104 [ForkJoinPool.commonPool-worker-0] INFO  impl.RaftServerImpl (RaftServerImpl.java:lambda$shutdown$3(251)) - 9cafecc4-59b7-45e3-9675-340d3e2c3fab@group-7B7670B1D956: shutdown
2019-09-26 10:07:34,105 [ForkJoinPool.commonPool-worker-0] INFO  util.JmxRegister (JmxRegister.java:unregister(73)) - Successfully un-registered JMX Bean with object name Ratis:service=RaftServer,group=group-7B7670B1D956,id=9cafecc4-59b7-45e3-9675-340d3e2c3fab
2019-09-26 10:07:34,105 [ForkJoinPool.commonPool-worker-0] INFO  impl.RoleInfo (RoleInfo.java:shutdownLeaderState(104)) - 9cafecc4-59b7-45e3-9675-340d3e2c3fab: shutdown LeaderState
2019-09-26 10:07:34,105 [ForkJoinPool.commonPool-worker-0] INFO  impl.PendingRequests (PendingRequests.java:sendNotLeaderResponses(202)) - 9cafecc4-59b7-45e3-9675-340d3e2c3fab-PendingRequests: sendNotLeaderResponses
2019-09-26 10:07:34,105 [ForkJoinPool.commonPool-worker-0] INFO  impl.StateMachineUpdater (StateMachineUpdater.java:stopAndJoin(125)) - 9cafecc4-59b7-45e3-9675-340d3e2c3fab@group-7B7670B1D956-StateMachineUpdater: set stopIndex = 0
2019-09-26 10:07:34,106 [ForkJoinPool.commonPool-worker-0] INFO  impl.RaftServerImpl (ServerState.java:close(385)) - 9cafecc4-59b7-45e3-9675-340d3e2c3fab@group-7B7670B1D956: closes. applyIndex: 0
2019-09-26 10:07:34,106 [9cafecc4-59b7-45e3-9675-340d3e2c3fab@group-7B7670B1D956-SegmentedRaftLogWorker] INFO  segmented.SegmentedRaftLogWorker (SegmentedRaftLogWorker.java:run(313)) - 9cafecc4-59b7-45e3-9675-340d3e2c3fab@group-7B7670B1D956-SegmentedRaftLogWorker was interrupted, exiting. There are 0 tasks remaining in the queue.
2019-09-26 10:07:34,106 [ForkJoinPool.commonPool-worker-0] INFO  segmented.SegmentedRaftLogWorker (SegmentedRaftLogWorker.java:close(228)) - 9cafecc4-59b7-45e3-9675-340d3e2c3fab@group-7B7670B1D956-SegmentedRaftLogWorker close()
2019-09-26 10:07:34,107 [ForkJoinPool.commonPool-worker-0] INFO  server.GrpcService (GrpcService.java:closeImpl(164)) - 9cafecc4-59b7-45e3-9675-340d3e2c3fab: shutdown server with port 33904 now
2019-09-26 10:07:34,114 [ForkJoinPool.commonPool-worker-0] INFO  server.GrpcService (GrpcService.java:closeImpl(172)) - 9cafecc4-59b7-45e3-9675-340d3e2c3fab: shutdown server with port 33904 successfully
2019-09-26 10:07:34,117 [refreshUsed-/workdir/hadoop-ozone/integration-test/target/test-dir/MiniOzoneClusterImpl-af826fcf-2e4c-4099-bed4-c1b0f0495924/datanode-2/data/containers] WARN  fs.CachingGetSpaceUsed (CachingGetSpaceUsed.java:run(183)) - Thread Interrupted waiting to refresh disk information: sleep interrupted
2019-09-26 10:07:34,130 [main] INFO  ozoneimpl.OzoneContainer (OzoneContainer.java:stop(231)) - Attempting to stop container services.
2019-09-26 10:07:34,130 [main] INFO  impl.RaftServerProxy (RaftServerProxy.java:lambda$close$4(314)) - bec07a0c-a0ea-4ddf-8714-f8e80b4d678f: close
2019-09-26 10:07:34,131 [main] INFO  impl.RaftServerImpl (RaftServerImpl.java:lambda$shutdown$3(251)) - bec07a0c-a0ea-4ddf-8714-f8e80b4d678f@group-2ABACD13CF37: shutdown
2019-09-26 10:07:34,131 [ForkJoinPool.commonPool-worker-0] INFO  utils.BackgroundService (BackgroundService.java:shutdown(148)) - Shutting down service BlockDeletingService
2019-09-26 10:07:34,131 [main] INFO  util.JmxRegister (JmxRegister.java:unregister(73)) - Successfully un-registered JMX Bean with object name Ratis:service=RaftServer,group=group-2ABACD13CF37,id=bec07a0c-a0ea-4ddf-8714-f8e80b4d678f
2019-09-26 10:07:34,132 [main] INFO  impl.RoleInfo (RoleInfo.java:shutdownLeaderState(104)) - bec07a0c-a0ea-4ddf-8714-f8e80b4d678f: shutdown LeaderState
2019-09-26 10:07:34,145 [ForkJoinPool.commonPool-worker-0] INFO  statemachine.DatanodeStateMachine (DatanodeStateMachine.java:stopDaemon(395)) - Ozone container server stopped.
2019-09-26 10:07:34,145 [main] INFO  impl.PendingRequests (PendingRequests.java:sendNotLeaderResponses(202)) - bec07a0c-a0ea-4ddf-8714-f8e80b4d678f-PendingRequests: sendNotLeaderResponses
2019-09-26 10:07:34,152 [main] INFO  impl.StateMachineUpdater (StateMachineUpdater.java:stopAndJoin(125)) - bec07a0c-a0ea-4ddf-8714-f8e80b4d678f@group-2ABACD13CF37-StateMachineUpdater: set stopIndex = 0
2019-09-26 10:07:34,152 [main] INFO  impl.RaftServerImpl (ServerState.java:close(385)) - bec07a0c-a0ea-4ddf-8714-f8e80b4d678f@group-2ABACD13CF37: closes. applyIndex: 0
2019-09-26 10:07:34,152 [bec07a0c-a0ea-4ddf-8714-f8e80b4d678f@group-2ABACD13CF37-SegmentedRaftLogWorker] INFO  segmented.SegmentedRaftLogWorker (SegmentedRaftLogWorker.java:run(313)) - bec07a0c-a0ea-4ddf-8714-f8e80b4d678f@group-2ABACD13CF37-SegmentedRaftLogWorker was interrupted, exiting. There are 0 tasks remaining in the queue.
2019-09-26 10:07:34,153 [main] INFO  segmented.SegmentedRaftLogWorker (SegmentedRaftLogWorker.java:close(228)) - bec07a0c-a0ea-4ddf-8714-f8e80b4d678f@group-2ABACD13CF37-SegmentedRaftLogWorker close()
2019-09-26 10:07:34,153 [main] INFO  impl.RaftServerImpl (RaftServerImpl.java:lambda$shutdown$3(251)) - bec07a0c-a0ea-4ddf-8714-f8e80b4d678f@group-6B68B34C7C60: shutdown
2019-09-26 10:07:34,154 [main] INFO  util.JmxRegister (JmxRegister.java:unregister(73)) - Successfully un-registered JMX Bean with object name Ratis:service=RaftServer,group=group-6B68B34C7C60,id=bec07a0c-a0ea-4ddf-8714-f8e80b4d678f
2019-09-26 10:07:34,154 [main] INFO  impl.RoleInfo (RoleInfo.java:shutdownLeaderState(104)) - bec07a0c-a0ea-4ddf-8714-f8e80b4d678f: shutdown LeaderState
2019-09-26 10:07:34,154 [main] INFO  impl.PendingRequests (PendingRequests.java:sendNotLeaderResponses(202)) - bec07a0c-a0ea-4ddf-8714-f8e80b4d678f-PendingRequests: sendNotLeaderResponses
2019-09-26 10:07:34,155 [main] INFO  impl.StateMachineUpdater (StateMachineUpdater.java:stopAndJoin(125)) - bec07a0c-a0ea-4ddf-8714-f8e80b4d678f@group-6B68B34C7C60-StateMachineUpdater: set stopIndex = 0
2019-09-26 10:07:34,155 [main] INFO  impl.RaftServerImpl (ServerState.java:close(385)) - bec07a0c-a0ea-4ddf-8714-f8e80b4d678f@group-6B68B34C7C60: closes. applyIndex: 0
2019-09-26 10:07:34,156 [bec07a0c-a0ea-4ddf-8714-f8e80b4d678f@group-6B68B34C7C60-SegmentedRaftLogWorker] INFO  segmented.SegmentedRaftLogWorker (SegmentedRaftLogWorker.java:run(313)) - bec07a0c-a0ea-4ddf-8714-f8e80b4d678f@group-6B68B34C7C60-SegmentedRaftLogWorker was interrupted, exiting. There are 0 tasks remaining in the queue.
2019-09-26 10:07:34,156 [main] INFO  segmented.SegmentedRaftLogWorker (SegmentedRaftLogWorker.java:close(228)) - bec07a0c-a0ea-4ddf-8714-f8e80b4d678f@group-6B68B34C7C60-SegmentedRaftLogWorker close()
2019-09-26 10:07:34,156 [main] INFO  impl.RaftServerImpl (RaftServerImpl.java:lambda$shutdown$3(251)) - bec07a0c-a0ea-4ddf-8714-f8e80b4d678f@group-42F6C7325979: shutdown
2019-09-26 10:07:34,157 [main] INFO  util.JmxRegister (JmxRegister.java:unregister(73)) - Successfully un-registered JMX Bean with object name Ratis:service=RaftServer,group=group-42F6C7325979,id=bec07a0c-a0ea-4ddf-8714-f8e80b4d678f
2019-09-26 10:07:34,157 [main] INFO  impl.RoleInfo (RoleInfo.java:shutdownLeaderState(104)) - bec07a0c-a0ea-4ddf-8714-f8e80b4d678f: shutdown LeaderState
2019-09-26 10:07:34,157 [main] INFO  impl.PendingRequests (PendingRequests.java:sendNotLeaderResponses(202)) - bec07a0c-a0ea-4ddf-8714-f8e80b4d678f-PendingRequests: sendNotLeaderResponses
2019-09-26 10:07:34,158 [main] INFO  impl.StateMachineUpdater (StateMachineUpdater.java:stopAndJoin(125)) - bec07a0c-a0ea-4ddf-8714-f8e80b4d678f@group-42F6C7325979-StateMachineUpdater: set stopIndex = 0
2019-09-26 10:07:34,158 [main] INFO  impl.RaftServerImpl (ServerState.java:close(385)) - bec07a0c-a0ea-4ddf-8714-f8e80b4d678f@group-42F6C7325979: closes. applyIndex: 0
2019-09-26 10:07:34,158 [bec07a0c-a0ea-4ddf-8714-f8e80b4d678f@group-42F6C7325979-SegmentedRaftLogWorker] INFO  segmented.SegmentedRaftLogWorker (SegmentedRaftLogWorker.java:run(313)) - bec07a0c-a0ea-4ddf-8714-f8e80b4d678f@group-42F6C7325979-SegmentedRaftLogWorker was interrupted, exiting. There are 0 tasks remaining in the queue.
2019-09-26 10:07:34,158 [main] INFO  segmented.SegmentedRaftLogWorker (SegmentedRaftLogWorker.java:close(228)) - bec07a0c-a0ea-4ddf-8714-f8e80b4d678f@group-42F6C7325979-SegmentedRaftLogWorker close()
2019-09-26 10:07:34,159 [main] INFO  impl.RaftServerImpl (RaftServerImpl.java:lambda$shutdown$3(251)) - bec07a0c-a0ea-4ddf-8714-f8e80b4d678f@group-52792632C47D: shutdown
2019-09-26 10:07:34,159 [main] INFO  util.JmxRegister (JmxRegister.java:unregister(73)) - Successfully un-registered JMX Bean with object name Ratis:service=RaftServer,group=group-52792632C47D,id=bec07a0c-a0ea-4ddf-8714-f8e80b4d678f
2019-09-26 10:07:34,160 [main] INFO  impl.RoleInfo (RoleInfo.java:shutdownLeaderState(104)) - bec07a0c-a0ea-4ddf-8714-f8e80b4d678f: shutdown LeaderState
2019-09-26 10:07:34,160 [main] INFO  impl.PendingRequests (PendingRequests.java:sendNotLeaderResponses(202)) - bec07a0c-a0ea-4ddf-8714-f8e80b4d678f-PendingRequests: sendNotLeaderResponses
2019-09-26 10:07:34,160 [main] INFO  impl.StateMachineUpdater (StateMachineUpdater.java:stopAndJoin(125)) - bec07a0c-a0ea-4ddf-8714-f8e80b4d678f@group-52792632C47D-StateMachineUpdater: set stopIndex = 0
2019-09-26 10:07:34,161 [main] INFO  impl.RaftServerImpl (ServerState.java:close(385)) - bec07a0c-a0ea-4ddf-8714-f8e80b4d678f@group-52792632C47D: closes. applyIndex: 0
2019-09-26 10:07:34,164 [ForkJoinPool.commonPool-worker-0] INFO  handler.ContextHandler (ContextHandler.java:doStop(910)) - Stopped o.e.j.w.WebAppContext@101c15ad{/,null,UNAVAILABLE}{/hddsDatanode}
2019-09-26 10:07:34,164 [bec07a0c-a0ea-4ddf-8714-f8e80b4d678f@group-52792632C47D-SegmentedRaftLogWorker] INFO  segmented.SegmentedRaftLogWorker (SegmentedRaftLogWorker.java:run(313)) - bec07a0c-a0ea-4ddf-8714-f8e80b4d678f@group-52792632C47D-SegmentedRaftLogWorker was interrupted, exiting. There are 0 tasks remaining in the queue.
2019-09-26 10:07:34,164 [main] INFO  segmented.SegmentedRaftLogWorker (SegmentedRaftLogWorker.java:close(228)) - bec07a0c-a0ea-4ddf-8714-f8e80b4d678f@group-52792632C47D-SegmentedRaftLogWorker close()
2019-09-26 10:07:34,165 [main] INFO  impl.RaftServerImpl (RaftServerImpl.java:lambda$shutdown$3(251)) - bec07a0c-a0ea-4ddf-8714-f8e80b4d678f@group-8D4A2604E7DE: shutdown
2019-09-26 10:07:34,165 [ForkJoinPool.commonPool-worker-0] INFO  server.AbstractConnector (AbstractConnector.java:doStop(318)) - Stopped ServerConnector@6068ebb2{HTTP/1.1,[http/1.1]}{0.0.0.0:0}
2019-09-26 10:07:34,165 [main] INFO  util.JmxRegister (JmxRegister.java:unregister(73)) - Successfully un-registered JMX Bean with object name Ratis:service=RaftServer,group=group-8D4A2604E7DE,id=bec07a0c-a0ea-4ddf-8714-f8e80b4d678f
2019-09-26 10:07:34,168 [main] INFO  impl.RoleInfo (RoleInfo.java:shutdownLeaderState(104)) - bec07a0c-a0ea-4ddf-8714-f8e80b4d678f: shutdown LeaderState
2019-09-26 10:07:34,168 [ForkJoinPool.commonPool-worker-0] INFO  handler.ContextHandler (ContextHandler.java:doStop(910)) - Stopped o.e.j.s.ServletContextHandler@4fa8bebb{/static,jar:file:/home/user/.m2/repository/org/apache/hadoop/hadoop-hdds-container-service/0.5.0-SNAPSHOT/hadoop-hdds-container-service-0.5.0-SNAPSHOT.jar!/webapps/static,UNAVAILABLE}
2019-09-26 10:07:34,169 [main] INFO  impl.PendingRequests (PendingRequests.java:sendNotLeaderResponses(202)) - bec07a0c-a0ea-4ddf-8714-f8e80b4d678f-PendingRequests: sendNotLeaderResponses
2019-09-26 10:07:34,172 [ForkJoinPool.commonPool-worker-0] INFO  handler.ContextHandler (ContextHandler.java:doStop(910)) - Stopped o.e.j.s.ServletContextHandler@7417ef4f{/logs,file:///workdir/hadoop-ozone/integration-test/target/log,UNAVAILABLE}
2019-09-26 10:07:34,172 [main] INFO  impl.StateMachineUpdater (StateMachineUpdater.java:stopAndJoin(125)) - bec07a0c-a0ea-4ddf-8714-f8e80b4d678f@group-8D4A2604E7DE-StateMachineUpdater: set stopIndex = 0
2019-09-26 10:07:34,173 [main] INFO  impl.RaftServerImpl (ServerState.java:close(385)) - bec07a0c-a0ea-4ddf-8714-f8e80b4d678f@group-8D4A2604E7DE: closes. applyIndex: 0
2019-09-26 10:07:34,173 [bec07a0c-a0ea-4ddf-8714-f8e80b4d678f@group-8D4A2604E7DE-SegmentedRaftLogWorker] INFO  segmented.SegmentedRaftLogWorker (SegmentedRaftLogWorker.java:run(313)) - bec07a0c-a0ea-4ddf-8714-f8e80b4d678f@group-8D4A2604E7DE-SegmentedRaftLogWorker was interrupted, exiting. There are 0 tasks remaining in the queue.
2019-09-26 10:07:34,173 [main] INFO  segmented.SegmentedRaftLogWorker (SegmentedRaftLogWorker.java:close(228)) - bec07a0c-a0ea-4ddf-8714-f8e80b4d678f@group-8D4A2604E7DE-SegmentedRaftLogWorker close()
2019-09-26 10:07:34,173 [main] INFO  impl.RaftServerImpl (RaftServerImpl.java:lambda$shutdown$3(251)) - bec07a0c-a0ea-4ddf-8714-f8e80b4d678f@group-434F9C7C5A2D: shutdown
2019-09-26 10:07:34,174 [main] INFO  util.JmxRegister (JmxRegister.java:unregister(73)) - Successfully un-registered JMX Bean with object name Ratis:service=RaftServer,group=group-434F9C7C5A2D,id=bec07a0c-a0ea-4ddf-8714-f8e80b4d678f
2019-09-26 10:07:34,174 [main] INFO  impl.RoleInfo (RoleInfo.java:shutdownLeaderState(104)) - bec07a0c-a0ea-4ddf-8714-f8e80b4d678f: shutdown LeaderState
2019-09-26 10:07:34,174 [main] INFO  impl.PendingRequests (PendingRequests.java:sendNotLeaderResponses(202)) - bec07a0c-a0ea-4ddf-8714-f8e80b4d678f-PendingRequests: sendNotLeaderResponses
2019-09-26 10:07:34,175 [main] INFO  impl.StateMachineUpdater (StateMachineUpdater.java:stopAndJoin(125)) - bec07a0c-a0ea-4ddf-8714-f8e80b4d678f@group-434F9C7C5A2D-StateMachineUpdater: set stopIndex = 0
2019-09-26 10:07:34,175 [main] INFO  impl.RaftServerImpl (ServerState.java:close(385)) - bec07a0c-a0ea-4ddf-8714-f8e80b4d678f@group-434F9C7C5A2D: closes. applyIndex: 0
2019-09-26 10:07:34,175 [bec07a0c-a0ea-4ddf-8714-f8e80b4d678f@group-434F9C7C5A2D-SegmentedRaftLogWorker] INFO  segmented.SegmentedRaftLogWorker (SegmentedRaftLogWorker.java:run(313)) - bec07a0c-a0ea-4ddf-8714-f8e80b4d678f@group-434F9C7C5A2D-SegmentedRaftLogWorker was interrupted, exiting. There are 0 tasks remaining in the queue.
2019-09-26 10:07:34,175 [main] INFO  segmented.SegmentedRaftLogWorker (SegmentedRaftLogWorker.java:close(228)) - bec07a0c-a0ea-4ddf-8714-f8e80b4d678f@group-434F9C7C5A2D-SegmentedRaftLogWorker close()
2019-09-26 10:07:34,176 [main] INFO  server.GrpcService (GrpcService.java:closeImpl(164)) - bec07a0c-a0ea-4ddf-8714-f8e80b4d678f: shutdown server with port 42402 now
2019-09-26 10:07:34,179 [main] INFO  server.GrpcService (GrpcService.java:closeImpl(172)) - bec07a0c-a0ea-4ddf-8714-f8e80b4d678f: shutdown server with port 42402 successfully
2019-09-26 10:07:34,184 [refreshUsed-/workdir/hadoop-ozone/integration-test/target/test-dir/MiniOzoneClusterImpl-af826fcf-2e4c-4099-bed4-c1b0f0495924/datanode-3/data/containers] WARN  fs.CachingGetSpaceUsed (CachingGetSpaceUsed.java:run(183)) - Thread Interrupted waiting to refresh disk information: sleep interrupted
2019-09-26 10:07:34,194 [main] INFO  utils.BackgroundService (BackgroundService.java:shutdown(148)) - Shutting down service BlockDeletingService
2019-09-26 10:07:34,204 [main] INFO  statemachine.DatanodeStateMachine (DatanodeStateMachine.java:stopDaemon(395)) - Ozone container server stopped.
2019-09-26 10:07:34,204 [main] INFO  handler.ContextHandler (ContextHandler.java:doStop(910)) - Stopped o.e.j.w.WebAppContext@6c830ebd{/,null,UNAVAILABLE}{/hddsDatanode}
2019-09-26 10:07:34,205 [main] INFO  server.AbstractConnector (AbstractConnector.java:doStop(318)) - Stopped ServerConnector@15f519f7{HTTP/1.1,[http/1.1]}{0.0.0.0:0}
2019-09-26 10:07:34,205 [main] INFO  handler.ContextHandler (ContextHandler.java:doStop(910)) - Stopped o.e.j.s.ServletContextHandler@298e002d{/static,jar:file:/home/user/.m2/repository/org/apache/hadoop/hadoop-hdds-container-service/0.5.0-SNAPSHOT/hadoop-hdds-container-service-0.5.0-SNAPSHOT.jar!/webapps/static,UNAVAILABLE}
2019-09-26 10:07:34,206 [main] INFO  handler.ContextHandler (ContextHandler.java:doStop(910)) - Stopped o.e.j.s.ServletContextHandler@b9b97ad{/logs,file:///workdir/hadoop-ozone/integration-test/target/log,UNAVAILABLE}
2019-09-26 10:07:34,395 [Datanode State Machine Thread - 0] INFO  statemachine.DatanodeStateMachine (DatanodeStateMachine.java:lambda$startDaemon$0(350)) - Ozone container server started.
2019-09-26 10:07:34,708 [Datanode State Machine Thread - 0] INFO  statemachine.DatanodeStateMachine (DatanodeStateMachine.java:lambda$startDaemon$0(350)) - Ozone container server started.
2019-09-26 10:07:38,450 [EventQueue-StaleNodeForStaleNodeHandler] INFO  node.StaleNodeHandler (StaleNodeHandler.java:onMessage(58)) - Datanode e3e9c20d-70c3-4d54-9af3-1020e4c50fd3{ip: 192.168.30.13, host: pr-hdds-1569-wvzgm-824869521, networkLocation: /default-rack, certSerialId: null} moved to stale state. Finalizing its pipelines [PipelineID=b98f78ef-8ac3-43c6-94c0-f32135cf196a, PipelineID=c47fb26e-f991-49d5-a0ab-e0ac73341e34, PipelineID=0d49984f-c556-464f-9900-efdf868a17ce, PipelineID=94769cab-093b-42f9-b35b-8a67fae9c03c, PipelineID=7eb5007e-8b4b-40da-9649-e93f2354340f, PipelineID=cca33e64-5eaa-4c6c-8019-fcb70f5fb7a8]
2019-09-26 10:07:38,450 [EventQueue-StaleNodeForStaleNodeHandler] INFO  pipeline.SCMPipelineManager (SCMPipelineManager.java:finalizeAndDestroyPipeline(316)) - destroying pipeline:Pipeline[ Id: b98f78ef-8ac3-43c6-94c0-f32135cf196a, Nodes: e3e9c20d-70c3-4d54-9af3-1020e4c50fd3{ip: 192.168.30.13, host: pr-hdds-1569-wvzgm-824869521, networkLocation: /default-rack, certSerialId: null}, Type:RATIS, Factor:ONE, State:OPEN]
2019-09-26 10:07:38,451 [EventQueue-StaleNodeForStaleNodeHandler] INFO  pipeline.PipelineStateManager (PipelineStateManager.java:finalizePipeline(123)) - Pipeline Pipeline[ Id: b98f78ef-8ac3-43c6-94c0-f32135cf196a, Nodes: e3e9c20d-70c3-4d54-9af3-1020e4c50fd3{ip: 192.168.30.13, host: pr-hdds-1569-wvzgm-824869521, networkLocation: /default-rack, certSerialId: null}, Type:RATIS, Factor:ONE, State:CLOSED] moved to CLOSED state
2019-09-26 10:07:38,451 [EventQueue-StaleNodeForStaleNodeHandler] INFO  pipeline.SCMPipelineManager (SCMPipelineManager.java:finalizeAndDestroyPipeline(316)) - destroying pipeline:Pipeline[ Id: c47fb26e-f991-49d5-a0ab-e0ac73341e34, Nodes: e3e9c20d-70c3-4d54-9af3-1020e4c50fd3{ip: 192.168.30.13, host: pr-hdds-1569-wvzgm-824869521, networkLocation: /default-rack, certSerialId: null}, Type:RATIS, Factor:ONE, State:OPEN]
2019-09-26 10:07:38,451 [EventQueue-StaleNodeForStaleNodeHandler] INFO  pipeline.PipelineStateManager (PipelineStateManager.java:finalizePipeline(123)) - Pipeline Pipeline[ Id: c47fb26e-f991-49d5-a0ab-e0ac73341e34, Nodes: e3e9c20d-70c3-4d54-9af3-1020e4c50fd3{ip: 192.168.30.13, host: pr-hdds-1569-wvzgm-824869521, networkLocation: /default-rack, certSerialId: null}, Type:RATIS, Factor:ONE, State:CLOSED] moved to CLOSED state
2019-09-26 10:07:38,451 [EventQueue-StaleNodeForStaleNodeHandler] INFO  pipeline.SCMPipelineManager (SCMPipelineManager.java:finalizeAndDestroyPipeline(316)) - destroying pipeline:Pipeline[ Id: 0d49984f-c556-464f-9900-efdf868a17ce, Nodes: e3e9c20d-70c3-4d54-9af3-1020e4c50fd3{ip: 192.168.30.13, host: pr-hdds-1569-wvzgm-824869521, networkLocation: /default-rack, certSerialId: null}, Type:RATIS, Factor:ONE, State:OPEN]
2019-09-26 10:07:38,451 [EventQueue-StaleNodeForStaleNodeHandler] INFO  pipeline.PipelineStateManager (PipelineStateManager.java:finalizePipeline(123)) - Pipeline Pipeline[ Id: 0d49984f-c556-464f-9900-efdf868a17ce, Nodes: e3e9c20d-70c3-4d54-9af3-1020e4c50fd3{ip: 192.168.30.13, host: pr-hdds-1569-wvzgm-824869521, networkLocation: /default-rack, certSerialId: null}, Type:RATIS, Factor:ONE, State:CLOSED] moved to CLOSED state
2019-09-26 10:07:38,451 [EventQueue-StaleNodeForStaleNodeHandler] INFO  pipeline.SCMPipelineManager (SCMPipelineManager.java:finalizeAndDestroyPipeline(316)) - destroying pipeline:Pipeline[ Id: 94769cab-093b-42f9-b35b-8a67fae9c03c, Nodes: e3e9c20d-70c3-4d54-9af3-1020e4c50fd3{ip: 192.168.30.13, host: pr-hdds-1569-wvzgm-824869521, networkLocation: /default-rack, certSerialId: null}, Type:RATIS, Factor:ONE, State:OPEN]
2019-09-26 10:07:38,451 [EventQueue-StaleNodeForStaleNodeHandler] INFO  pipeline.PipelineStateManager (PipelineStateManager.java:finalizePipeline(123)) - Pipeline Pipeline[ Id: 94769cab-093b-42f9-b35b-8a67fae9c03c, Nodes: e3e9c20d-70c3-4d54-9af3-1020e4c50fd3{ip: 192.168.30.13, host: pr-hdds-1569-wvzgm-824869521, networkLocation: /default-rack, certSerialId: null}, Type:RATIS, Factor:ONE, State:CLOSED] moved to CLOSED state
2019-09-26 10:07:38,451 [EventQueue-StaleNodeForStaleNodeHandler] INFO  pipeline.SCMPipelineManager (SCMPipelineManager.java:finalizeAndDestroyPipeline(316)) - destroying pipeline:Pipeline[ Id: 7eb5007e-8b4b-40da-9649-e93f2354340f, Nodes: e3e9c20d-70c3-4d54-9af3-1020e4c50fd3{ip: 192.168.30.13, host: pr-hdds-1569-wvzgm-824869521, networkLocation: /default-rack, certSerialId: null}, Type:RATIS, Factor:ONE, State:OPEN]
2019-09-26 10:07:38,451 [EventQueue-StaleNodeForStaleNodeHandler] INFO  pipeline.PipelineStateManager (PipelineStateManager.java:finalizePipeline(123)) - Pipeline Pipeline[ Id: 7eb5007e-8b4b-40da-9649-e93f2354340f, Nodes: e3e9c20d-70c3-4d54-9af3-1020e4c50fd3{ip: 192.168.30.13, host: pr-hdds-1569-wvzgm-824869521, networkLocation: /default-rack, certSerialId: null}, Type:RATIS, Factor:ONE, State:CLOSED] moved to CLOSED state
2019-09-26 10:07:38,451 [EventQueue-StaleNodeForStaleNodeHandler] INFO  pipeline.SCMPipelineManager (SCMPipelineManager.java:finalizeAndDestroyPipeline(316)) - destroying pipeline:Pipeline[ Id: cca33e64-5eaa-4c6c-8019-fcb70f5fb7a8, Nodes: e3e9c20d-70c3-4d54-9af3-1020e4c50fd3{ip: 192.168.30.13, host: pr-hdds-1569-wvzgm-824869521, networkLocation: /default-rack, certSerialId: null}, Type:RATIS, Factor:ONE, State:OPEN]
2019-09-26 10:07:38,452 [EventQueue-StaleNodeForStaleNodeHandler] INFO  pipeline.PipelineStateManager (PipelineStateManager.java:finalizePipeline(123)) - Pipeline Pipeline[ Id: cca33e64-5eaa-4c6c-8019-fcb70f5fb7a8, Nodes: e3e9c20d-70c3-4d54-9af3-1020e4c50fd3{ip: 192.168.30.13, host: pr-hdds-1569-wvzgm-824869521, networkLocation: /default-rack, certSerialId: null}, Type:RATIS, Factor:ONE, State:CLOSED] moved to CLOSED state
2019-09-26 10:07:38,751 [EventQueue-StaleNodeForStaleNodeHandler] INFO  node.StaleNodeHandler (StaleNodeHandler.java:onMessage(58)) - Datanode 9c045c9c-ba1f-4aea-ae51-5b8bdd601291{ip: 192.168.30.13, host: pr-hdds-1569-wvzgm-824869521, networkLocation: /default-rack, certSerialId: null} moved to stale state. Finalizing its pipelines [PipelineID=3e73db50-707d-49af-abb7-c014bc33e0d6, PipelineID=236ed6fe-f7a0-403f-9bd7-b3b3f4a2b6d5, PipelineID=3e792d02-b608-44d0-8adb-b0c062e0cf84, PipelineID=69c50633-affd-4739-8349-8beb94e48109, PipelineID=07cc4157-069e-4553-9b6c-cbf18ff8c54d, PipelineID=e940d17b-7f68-4a6d-9315-74306f4c2cc8]
2019-09-26 10:07:38,751 [EventQueue-StaleNodeForStaleNodeHandler] INFO  pipeline.SCMPipelineManager (SCMPipelineManager.java:finalizeAndDestroyPipeline(316)) - destroying pipeline:Pipeline[ Id: 3e73db50-707d-49af-abb7-c014bc33e0d6, Nodes: 9c045c9c-ba1f-4aea-ae51-5b8bdd601291{ip: 192.168.30.13, host: pr-hdds-1569-wvzgm-824869521, networkLocation: /default-rack, certSerialId: null}, Type:RATIS, Factor:ONE, State:OPEN]
2019-09-26 10:07:38,751 [EventQueue-StaleNodeForStaleNodeHandler] INFO  pipeline.PipelineStateManager (PipelineStateManager.java:finalizePipeline(123)) - Pipeline Pipeline[ Id: 3e73db50-707d-49af-abb7-c014bc33e0d6, Nodes: 9c045c9c-ba1f-4aea-ae51-5b8bdd601291{ip: 192.168.30.13, host: pr-hdds-1569-wvzgm-824869521, networkLocation: /default-rack, certSerialId: null}, Type:RATIS, Factor:ONE, State:CLOSED] moved to CLOSED state
2019-09-26 10:07:38,751 [EventQueue-StaleNodeForStaleNodeHandler] INFO  pipeline.SCMPipelineManager (SCMPipelineManager.java:finalizeAndDestroyPipeline(316)) - destroying pipeline:Pipeline[ Id: 236ed6fe-f7a0-403f-9bd7-b3b3f4a2b6d5, Nodes: 9c045c9c-ba1f-4aea-ae51-5b8bdd601291{ip: 192.168.30.13, host: pr-hdds-1569-wvzgm-824869521, networkLocation: /default-rack, certSerialId: null}, Type:RATIS, Factor:ONE, State:OPEN]
2019-09-26 10:07:38,751 [EventQueue-StaleNodeForStaleNodeHandler] INFO  pipeline.PipelineStateManager (PipelineStateManager.java:finalizePipeline(123)) - Pipeline Pipeline[ Id: 236ed6fe-f7a0-403f-9bd7-b3b3f4a2b6d5, Nodes: 9c045c9c-ba1f-4aea-ae51-5b8bdd601291{ip: 192.168.30.13, host: pr-hdds-1569-wvzgm-824869521, networkLocation: /default-rack, certSerialId: null}, Type:RATIS, Factor:ONE, State:CLOSED] moved to CLOSED state
2019-09-26 10:07:38,751 [EventQueue-StaleNodeForStaleNodeHandler] INFO  pipeline.SCMPipelineManager (SCMPipelineManager.java:finalizeAndDestroyPipeline(316)) - destroying pipeline:Pipeline[ Id: 3e792d02-b608-44d0-8adb-b0c062e0cf84, Nodes: 9c045c9c-ba1f-4aea-ae51-5b8bdd601291{ip: 192.168.30.13, host: pr-hdds-1569-wvzgm-824869521, networkLocation: /default-rack, certSerialId: null}, Type:RATIS, Factor:ONE, State:OPEN]
2019-09-26 10:07:38,751 [EventQueue-StaleNodeForStaleNodeHandler] INFO  pipeline.PipelineStateManager (PipelineStateManager.java:finalizePipeline(123)) - Pipeline Pipeline[ Id: 3e792d02-b608-44d0-8adb-b0c062e0cf84, Nodes: 9c045c9c-ba1f-4aea-ae51-5b8bdd601291{ip: 192.168.30.13, host: pr-hdds-1569-wvzgm-824869521, networkLocation: /default-rack, certSerialId: null}, Type:RATIS, Factor:ONE, State:CLOSED] moved to CLOSED state
2019-09-26 10:07:38,752 [EventQueue-StaleNodeForStaleNodeHandler] INFO  pipeline.SCMPipelineManager (SCMPipelineManager.java:finalizeAndDestroyPipeline(316)) - destroying pipeline:Pipeline[ Id: 69c50633-affd-4739-8349-8beb94e48109, Nodes: 9c045c9c-ba1f-4aea-ae51-5b8bdd601291{ip: 192.168.30.13, host: pr-hdds-1569-wvzgm-824869521, networkLocation: /default-rack, certSerialId: null}, Type:RATIS, Factor:ONE, State:OPEN]
2019-09-26 10:07:38,752 [EventQueue-StaleNodeForStaleNodeHandler] INFO  pipeline.PipelineStateManager (PipelineStateManager.java:finalizePipeline(123)) - Pipeline Pipeline[ Id: 69c50633-affd-4739-8349-8beb94e48109, Nodes: 9c045c9c-ba1f-4aea-ae51-5b8bdd601291{ip: 192.168.30.13, host: pr-hdds-1569-wvzgm-824869521, networkLocation: /default-rack, certSerialId: null}, Type:RATIS, Factor:ONE, State:CLOSED] moved to CLOSED state
2019-09-26 10:07:38,752 [EventQueue-StaleNodeForStaleNodeHandler] INFO  pipeline.SCMPipelineManager (SCMPipelineManager.java:finalizeAndDestroyPipeline(316)) - destroying pipeline:Pipeline[ Id: 07cc4157-069e-4553-9b6c-cbf18ff8c54d, Nodes: 9c045c9c-ba1f-4aea-ae51-5b8bdd601291{ip: 192.168.30.13, host: pr-hdds-1569-wvzgm-824869521, networkLocation: /default-rack, certSerialId: null}, Type:RATIS, Factor:ONE, State:OPEN]
2019-09-26 10:07:38,752 [EventQueue-StaleNodeForStaleNodeHandler] INFO  pipeline.PipelineStateManager (PipelineStateManager.java:finalizePipeline(123)) - Pipeline Pipeline[ Id: 07cc4157-069e-4553-9b6c-cbf18ff8c54d, Nodes: 9c045c9c-ba1f-4aea-ae51-5b8bdd601291{ip: 192.168.30.13, host: pr-hdds-1569-wvzgm-824869521, networkLocation: /default-rack, certSerialId: null}, Type:RATIS, Factor:ONE, State:CLOSED] moved to CLOSED state
2019-09-26 10:07:38,752 [EventQueue-StaleNodeForStaleNodeHandler] INFO  pipeline.SCMPipelineManager (SCMPipelineManager.java:finalizeAndDestroyPipeline(316)) - destroying pipeline:Pipeline[ Id: e940d17b-7f68-4a6d-9315-74306f4c2cc8, Nodes: 9c045c9c-ba1f-4aea-ae51-5b8bdd601291{ip: 192.168.30.13, host: pr-hdds-1569-wvzgm-824869521, networkLocation: /default-rack, certSerialId: null}, Type:RATIS, Factor:ONE, State:OPEN]
2019-09-26 10:07:38,752 [EventQueue-StaleNodeForStaleNodeHandler] INFO  pipeline.PipelineStateManager (PipelineStateManager.java:finalizePipeline(123)) - Pipeline Pipeline[ Id: e940d17b-7f68-4a6d-9315-74306f4c2cc8, Nodes: 9c045c9c-ba1f-4aea-ae51-5b8bdd601291{ip: 192.168.30.13, host: pr-hdds-1569-wvzgm-824869521, networkLocation: /default-rack, certSerialId: null}, Type:RATIS, Factor:ONE, State:CLOSED] moved to CLOSED state
2019-09-26 10:07:39,173 [ForkJoinPool.commonPool-worker-0] INFO  ozoneimpl.OzoneContainer (OzoneContainer.java:stop(231)) - Attempting to stop container services.
2019-09-26 10:07:39,195 [ForkJoinPool.commonPool-worker-0] INFO  impl.RaftServerProxy (RaftServerProxy.java:lambda$close$4(314)) - 9c045c9c-ba1f-4aea-ae51-5b8bdd601291: close
2019-09-26 10:07:39,195 [ForkJoinPool.commonPool-worker-0] INFO  impl.RaftServerImpl (RaftServerImpl.java:lambda$shutdown$3(251)) - 9c045c9c-ba1f-4aea-ae51-5b8bdd601291@group-C014BC33E0D6: shutdown
2019-09-26 10:07:39,196 [ForkJoinPool.commonPool-worker-0] INFO  util.JmxRegister (JmxRegister.java:unregister(73)) - Successfully un-registered JMX Bean with object name Ratis:service=RaftServer,group=group-C014BC33E0D6,id=9c045c9c-ba1f-4aea-ae51-5b8bdd601291
2019-09-26 10:07:39,196 [ForkJoinPool.commonPool-worker-0] INFO  impl.RoleInfo (RoleInfo.java:shutdownLeaderState(104)) - 9c045c9c-ba1f-4aea-ae51-5b8bdd601291: shutdown LeaderState
2019-09-26 10:07:39,196 [ForkJoinPool.commonPool-worker-0] INFO  impl.PendingRequests (PendingRequests.java:sendNotLeaderResponses(202)) - 9c045c9c-ba1f-4aea-ae51-5b8bdd601291-PendingRequests: sendNotLeaderResponses
2019-09-26 10:07:39,196 [ForkJoinPool.commonPool-worker-0] INFO  impl.StateMachineUpdater (StateMachineUpdater.java:stopAndJoin(125)) - 9c045c9c-ba1f-4aea-ae51-5b8bdd601291@group-C014BC33E0D6-StateMachineUpdater: set stopIndex = 0
2019-09-26 10:07:39,197 [ForkJoinPool.commonPool-worker-0] INFO  impl.RaftServerImpl (ServerState.java:close(385)) - 9c045c9c-ba1f-4aea-ae51-5b8bdd601291@group-C014BC33E0D6: closes. applyIndex: 0
2019-09-26 10:07:39,197 [9c045c9c-ba1f-4aea-ae51-5b8bdd601291@group-C014BC33E0D6-SegmentedRaftLogWorker] INFO  segmented.SegmentedRaftLogWorker (SegmentedRaftLogWorker.java:run(313)) - 9c045c9c-ba1f-4aea-ae51-5b8bdd601291@group-C014BC33E0D6-SegmentedRaftLogWorker was interrupted, exiting. There are 0 tasks remaining in the queue.
2019-09-26 10:07:39,202 [ForkJoinPool.commonPool-worker-0] INFO  segmented.SegmentedRaftLogWorker (SegmentedRaftLogWorker.java:close(228)) - 9c045c9c-ba1f-4aea-ae51-5b8bdd601291@group-C014BC33E0D6-SegmentedRaftLogWorker close()
2019-09-26 10:07:39,202 [ForkJoinPool.commonPool-worker-0] INFO  impl.RaftServerImpl (RaftServerImpl.java:lambda$shutdown$3(251)) - 9c045c9c-ba1f-4aea-ae51-5b8bdd601291@group-B3B3F4A2B6D5: shutdown
2019-09-26 10:07:39,203 [ForkJoinPool.commonPool-worker-0] INFO  util.JmxRegister (JmxRegister.java:unregister(73)) - Successfully un-registered JMX Bean with object name Ratis:service=RaftServer,group=group-B3B3F4A2B6D5,id=9c045c9c-ba1f-4aea-ae51-5b8bdd601291
2019-09-26 10:07:39,203 [ForkJoinPool.commonPool-worker-0] INFO  impl.RoleInfo (RoleInfo.java:shutdownLeaderState(104)) - 9c045c9c-ba1f-4aea-ae51-5b8bdd601291: shutdown LeaderState
2019-09-26 10:07:39,203 [ForkJoinPool.commonPool-worker-0] INFO  impl.PendingRequests (PendingRequests.java:sendNotLeaderResponses(202)) - 9c045c9c-ba1f-4aea-ae51-5b8bdd601291-PendingRequests: sendNotLeaderResponses
2019-09-26 10:07:39,203 [ForkJoinPool.commonPool-worker-0] INFO  impl.StateMachineUpdater (StateMachineUpdater.java:stopAndJoin(125)) - 9c045c9c-ba1f-4aea-ae51-5b8bdd601291@group-B3B3F4A2B6D5-StateMachineUpdater: set stopIndex = 0
2019-09-26 10:07:39,204 [ForkJoinPool.commonPool-worker-0] INFO  impl.RaftServerImpl (ServerState.java:close(385)) - 9c045c9c-ba1f-4aea-ae51-5b8bdd601291@group-B3B3F4A2B6D5: closes. applyIndex: 0
2019-09-26 10:07:39,204 [9c045c9c-ba1f-4aea-ae51-5b8bdd601291@group-B3B3F4A2B6D5-SegmentedRaftLogWorker] INFO  segmented.SegmentedRaftLogWorker (SegmentedRaftLogWorker.java:run(313)) - 9c045c9c-ba1f-4aea-ae51-5b8bdd601291@group-B3B3F4A2B6D5-SegmentedRaftLogWorker was interrupted, exiting. There are 0 tasks remaining in the queue.
2019-09-26 10:07:39,204 [ForkJoinPool.commonPool-worker-0] INFO  segmented.SegmentedRaftLogWorker (SegmentedRaftLogWorker.java:close(228)) - 9c045c9c-ba1f-4aea-ae51-5b8bdd601291@group-B3B3F4A2B6D5-SegmentedRaftLogWorker close()
2019-09-26 10:07:39,205 [ForkJoinPool.commonPool-worker-0] INFO  impl.RaftServerImpl (RaftServerImpl.java:lambda$shutdown$3(251)) - 9c045c9c-ba1f-4aea-ae51-5b8bdd601291@group-B0C062E0CF84: shutdown
2019-09-26 10:07:39,205 [ForkJoinPool.commonPool-worker-0] INFO  util.JmxRegister (JmxRegister.java:unregister(73)) - Successfully un-registered JMX Bean with object name Ratis:service=RaftServer,group=group-B0C062E0CF84,id=9c045c9c-ba1f-4aea-ae51-5b8bdd601291
2019-09-26 10:07:39,205 [ForkJoinPool.commonPool-worker-0] INFO  impl.RoleInfo (RoleInfo.java:shutdownLeaderState(104)) - 9c045c9c-ba1f-4aea-ae51-5b8bdd601291: shutdown LeaderState
2019-09-26 10:07:39,205 [ForkJoinPool.commonPool-worker-0] INFO  impl.PendingRequests (PendingRequests.java:sendNotLeaderResponses(202)) - 9c045c9c-ba1f-4aea-ae51-5b8bdd601291-PendingRequests: sendNotLeaderResponses
2019-09-26 10:07:39,206 [ForkJoinPool.commonPool-worker-0] INFO  impl.StateMachineUpdater (StateMachineUpdater.java:stopAndJoin(125)) - 9c045c9c-ba1f-4aea-ae51-5b8bdd601291@group-B0C062E0CF84-StateMachineUpdater: set stopIndex = 0
2019-09-26 10:07:39,206 [ForkJoinPool.commonPool-worker-0] INFO  impl.RaftServerImpl (ServerState.java:close(385)) - 9c045c9c-ba1f-4aea-ae51-5b8bdd601291@group-B0C062E0CF84: closes. applyIndex: 0
2019-09-26 10:07:39,206 [9c045c9c-ba1f-4aea-ae51-5b8bdd601291@group-B0C062E0CF84-SegmentedRaftLogWorker] INFO  segmented.SegmentedRaftLogWorker (SegmentedRaftLogWorker.java:run(313)) - 9c045c9c-ba1f-4aea-ae51-5b8bdd601291@group-B0C062E0CF84-SegmentedRaftLogWorker was interrupted, exiting. There are 0 tasks remaining in the queue.
2019-09-26 10:07:39,206 [ForkJoinPool.commonPool-worker-0] INFO  segmented.SegmentedRaftLogWorker (SegmentedRaftLogWorker.java:close(228)) - 9c045c9c-ba1f-4aea-ae51-5b8bdd601291@group-B0C062E0CF84-SegmentedRaftLogWorker close()
2019-09-26 10:07:39,207 [ForkJoinPool.commonPool-worker-0] INFO  impl.RaftServerImpl (RaftServerImpl.java:lambda$shutdown$3(251)) - 9c045c9c-ba1f-4aea-ae51-5b8bdd601291@group-8BEB94E48109: shutdown
2019-09-26 10:07:39,207 [ForkJoinPool.commonPool-worker-0] INFO  util.JmxRegister (JmxRegister.java:unregister(73)) - Successfully un-registered JMX Bean with object name Ratis:service=RaftServer,group=group-8BEB94E48109,id=9c045c9c-ba1f-4aea-ae51-5b8bdd601291
2019-09-26 10:07:39,207 [ForkJoinPool.commonPool-worker-0] INFO  impl.RoleInfo (RoleInfo.java:shutdownLeaderState(104)) - 9c045c9c-ba1f-4aea-ae51-5b8bdd601291: shutdown LeaderState
2019-09-26 10:07:39,207 [main] INFO  ozoneimpl.OzoneContainer (OzoneContainer.java:stop(231)) - Attempting to stop container services.
2019-09-26 10:07:39,207 [ForkJoinPool.commonPool-worker-0] INFO  impl.PendingRequests (PendingRequests.java:sendNotLeaderResponses(202)) - 9c045c9c-ba1f-4aea-ae51-5b8bdd601291-PendingRequests: sendNotLeaderResponses
2019-09-26 10:07:39,208 [main] INFO  impl.RaftServerProxy (RaftServerProxy.java:lambda$close$4(314)) - e3e9c20d-70c3-4d54-9af3-1020e4c50fd3: close
2019-09-26 10:07:39,208 [ForkJoinPool.commonPool-worker-0] INFO  impl.StateMachineUpdater (StateMachineUpdater.java:stopAndJoin(125)) - 9c045c9c-ba1f-4aea-ae51-5b8bdd601291@group-8BEB94E48109-StateMachineUpdater: set stopIndex = 0
2019-09-26 10:07:39,209 [ForkJoinPool.commonPool-worker-0] INFO  impl.RaftServerImpl (ServerState.java:close(385)) - 9c045c9c-ba1f-4aea-ae51-5b8bdd601291@group-8BEB94E48109: closes. applyIndex: 0
2019-09-26 10:07:39,209 [main] INFO  impl.RaftServerImpl (RaftServerImpl.java:lambda$shutdown$3(251)) - e3e9c20d-70c3-4d54-9af3-1020e4c50fd3@group-EFDF868A17CE: shutdown
2019-09-26 10:07:39,209 [9c045c9c-ba1f-4aea-ae51-5b8bdd601291@group-8BEB94E48109-SegmentedRaftLogWorker] INFO  segmented.SegmentedRaftLogWorker (SegmentedRaftLogWorker.java:run(313)) - 9c045c9c-ba1f-4aea-ae51-5b8bdd601291@group-8BEB94E48109-SegmentedRaftLogWorker was interrupted, exiting. There are 0 tasks remaining in the queue.
2019-09-26 10:07:39,210 [main] INFO  util.JmxRegister (JmxRegister.java:unregister(73)) - Successfully un-registered JMX Bean with object name Ratis:service=RaftServer,group=group-EFDF868A17CE,id=e3e9c20d-70c3-4d54-9af3-1020e4c50fd3
2019-09-26 10:07:39,210 [ForkJoinPool.commonPool-worker-0] INFO  segmented.SegmentedRaftLogWorker (SegmentedRaftLogWorker.java:close(228)) - 9c045c9c-ba1f-4aea-ae51-5b8bdd601291@group-8BEB94E48109-SegmentedRaftLogWorker close()
2019-09-26 10:07:39,210 [main] INFO  impl.RoleInfo (RoleInfo.java:shutdownLeaderState(104)) - e3e9c20d-70c3-4d54-9af3-1020e4c50fd3: shutdown LeaderState
2019-09-26 10:07:39,211 [ForkJoinPool.commonPool-worker-0] INFO  impl.RaftServerImpl (RaftServerImpl.java:lambda$shutdown$3(251)) - 9c045c9c-ba1f-4aea-ae51-5b8bdd601291@group-CBF18FF8C54D: shutdown
2019-09-26 10:07:39,211 [main] INFO  impl.PendingRequests (PendingRequests.java:sendNotLeaderResponses(202)) - e3e9c20d-70c3-4d54-9af3-1020e4c50fd3-PendingRequests: sendNotLeaderResponses
2019-09-26 10:07:39,212 [ForkJoinPool.commonPool-worker-0] INFO  util.JmxRegister (JmxRegister.java:unregister(73)) - Successfully un-registered JMX Bean with object name Ratis:service=RaftServer,group=group-CBF18FF8C54D,id=9c045c9c-ba1f-4aea-ae51-5b8bdd601291
2019-09-26 10:07:39,212 [ForkJoinPool.commonPool-worker-0] INFO  impl.RoleInfo (RoleInfo.java:shutdownLeaderState(104)) - 9c045c9c-ba1f-4aea-ae51-5b8bdd601291: shutdown LeaderState
2019-09-26 10:07:39,212 [main] INFO  impl.StateMachineUpdater (StateMachineUpdater.java:stopAndJoin(125)) - e3e9c20d-70c3-4d54-9af3-1020e4c50fd3@group-EFDF868A17CE-StateMachineUpdater: set stopIndex = 0
2019-09-26 10:07:39,213 [ForkJoinPool.commonPool-worker-0] INFO  impl.PendingRequests (PendingRequests.java:sendNotLeaderResponses(202)) - 9c045c9c-ba1f-4aea-ae51-5b8bdd601291-PendingRequests: sendNotLeaderResponses
2019-09-26 10:07:39,213 [main] INFO  impl.RaftServerImpl (ServerState.java:close(385)) - e3e9c20d-70c3-4d54-9af3-1020e4c50fd3@group-EFDF868A17CE: closes. applyIndex: 0
2019-09-26 10:07:39,214 [ForkJoinPool.commonPool-worker-0] INFO  impl.StateMachineUpdater (StateMachineUpdater.java:stopAndJoin(125)) - 9c045c9c-ba1f-4aea-ae51-5b8bdd601291@group-CBF18FF8C54D-StateMachineUpdater: set stopIndex = 0
2019-09-26 10:07:39,214 [ForkJoinPool.commonPool-worker-0] INFO  impl.RaftServerImpl (ServerState.java:close(385)) - 9c045c9c-ba1f-4aea-ae51-5b8bdd601291@group-CBF18FF8C54D: closes. applyIndex: 0
2019-09-26 10:07:39,214 [e3e9c20d-70c3-4d54-9af3-1020e4c50fd3@group-EFDF868A17CE-SegmentedRaftLogWorker] INFO  segmented.SegmentedRaftLogWorker (SegmentedRaftLogWorker.java:run(313)) - e3e9c20d-70c3-4d54-9af3-1020e4c50fd3@group-EFDF868A17CE-SegmentedRaftLogWorker was interrupted, exiting. There are 0 tasks remaining in the queue.
2019-09-26 10:07:39,215 [9c045c9c-ba1f-4aea-ae51-5b8bdd601291@group-CBF18FF8C54D-SegmentedRaftLogWorker] INFO  segmented.SegmentedRaftLogWorker (SegmentedRaftLogWorker.java:run(313)) - 9c045c9c-ba1f-4aea-ae51-5b8bdd601291@group-CBF18FF8C54D-SegmentedRaftLogWorker was interrupted, exiting. There are 0 tasks remaining in the queue.
2019-09-26 10:07:39,215 [main] INFO  segmented.SegmentedRaftLogWorker (SegmentedRaftLogWorker.java:close(228)) - e3e9c20d-70c3-4d54-9af3-1020e4c50fd3@group-EFDF868A17CE-SegmentedRaftLogWorker close()
2019-09-26 10:07:39,215 [ForkJoinPool.commonPool-worker-0] INFO  segmented.SegmentedRaftLogWorker (SegmentedRaftLogWorker.java:close(228)) - 9c045c9c-ba1f-4aea-ae51-5b8bdd601291@group-CBF18FF8C54D-SegmentedRaftLogWorker close()
2019-09-26 10:07:39,216 [main] INFO  impl.RaftServerImpl (RaftServerImpl.java:lambda$shutdown$3(251)) - e3e9c20d-70c3-4d54-9af3-1020e4c50fd3@group-8A67FAE9C03C: shutdown
2019-09-26 10:07:39,216 [ForkJoinPool.commonPool-worker-0] INFO  impl.RaftServerImpl (RaftServerImpl.java:lambda$shutdown$3(251)) - 9c045c9c-ba1f-4aea-ae51-5b8bdd601291@group-74306F4C2CC8: shutdown
2019-09-26 10:07:39,216 [main] INFO  util.JmxRegister (JmxRegister.java:unregister(73)) - Successfully un-registered JMX Bean with object name Ratis:service=RaftServer,group=group-8A67FAE9C03C,id=e3e9c20d-70c3-4d54-9af3-1020e4c50fd3
2019-09-26 10:07:39,217 [ForkJoinPool.commonPool-worker-0] INFO  util.JmxRegister (JmxRegister.java:unregister(73)) - Successfully un-registered JMX Bean with object name Ratis:service=RaftServer,group=group-74306F4C2CC8,id=9c045c9c-ba1f-4aea-ae51-5b8bdd601291
2019-09-26 10:07:39,217 [ForkJoinPool.commonPool-worker-0] INFO  impl.RoleInfo (RoleInfo.java:shutdownLeaderState(104)) - 9c045c9c-ba1f-4aea-ae51-5b8bdd601291: shutdown LeaderState
2019-09-26 10:07:39,217 [main] INFO  impl.RoleInfo (RoleInfo.java:shutdownLeaderState(104)) - e3e9c20d-70c3-4d54-9af3-1020e4c50fd3: shutdown LeaderState
2019-09-26 10:07:39,218 [ForkJoinPool.commonPool-worker-0] INFO  impl.PendingRequests (PendingRequests.java:sendNotLeaderResponses(202)) - 9c045c9c-ba1f-4aea-ae51-5b8bdd601291-PendingRequests: sendNotLeaderResponses
2019-09-26 10:07:39,218 [main] INFO  impl.PendingRequests (PendingRequests.java:sendNotLeaderResponses(202)) - e3e9c20d-70c3-4d54-9af3-1020e4c50fd3-PendingRequests: sendNotLeaderResponses
2019-09-26 10:07:39,218 [ForkJoinPool.commonPool-worker-0] INFO  impl.StateMachineUpdater (StateMachineUpdater.java:stopAndJoin(125)) - 9c045c9c-ba1f-4aea-ae51-5b8bdd601291@group-74306F4C2CC8-StateMachineUpdater: set stopIndex = 0
2019-09-26 10:07:39,219 [ForkJoinPool.commonPool-worker-0] INFO  impl.RaftServerImpl (ServerState.java:close(385)) - 9c045c9c-ba1f-4aea-ae51-5b8bdd601291@group-74306F4C2CC8: closes. applyIndex: 0
2019-09-26 10:07:39,219 [main] INFO  impl.StateMachineUpdater (StateMachineUpdater.java:stopAndJoin(125)) - e3e9c20d-70c3-4d54-9af3-1020e4c50fd3@group-8A67FAE9C03C-StateMachineUpdater: set stopIndex = 0
2019-09-26 10:07:39,220 [9c045c9c-ba1f-4aea-ae51-5b8bdd601291@group-74306F4C2CC8-SegmentedRaftLogWorker] INFO  segmented.SegmentedRaftLogWorker (SegmentedRaftLogWorker.java:run(313)) - 9c045c9c-ba1f-4aea-ae51-5b8bdd601291@group-74306F4C2CC8-SegmentedRaftLogWorker was interrupted, exiting. There are 0 tasks remaining in the queue.
2019-09-26 10:07:39,220 [main] INFO  impl.RaftServerImpl (ServerState.java:close(385)) - e3e9c20d-70c3-4d54-9af3-1020e4c50fd3@group-8A67FAE9C03C: closes. applyIndex: 0
2019-09-26 10:07:39,220 [ForkJoinPool.commonPool-worker-0] INFO  segmented.SegmentedRaftLogWorker (SegmentedRaftLogWorker.java:close(228)) - 9c045c9c-ba1f-4aea-ae51-5b8bdd601291@group-74306F4C2CC8-SegmentedRaftLogWorker close()
2019-09-26 10:07:39,221 [e3e9c20d-70c3-4d54-9af3-1020e4c50fd3@group-8A67FAE9C03C-SegmentedRaftLogWorker] INFO  segmented.SegmentedRaftLogWorker (SegmentedRaftLogWorker.java:run(313)) - e3e9c20d-70c3-4d54-9af3-1020e4c50fd3@group-8A67FAE9C03C-SegmentedRaftLogWorker was interrupted, exiting. There are 0 tasks remaining in the queue.
2019-09-26 10:07:39,221 [ForkJoinPool.commonPool-worker-0] INFO  server.GrpcService (GrpcService.java:closeImpl(164)) - 9c045c9c-ba1f-4aea-ae51-5b8bdd601291: shutdown server with port 39937 now
2019-09-26 10:07:39,221 [main] INFO  segmented.SegmentedRaftLogWorker (SegmentedRaftLogWorker.java:close(228)) - e3e9c20d-70c3-4d54-9af3-1020e4c50fd3@group-8A67FAE9C03C-SegmentedRaftLogWorker close()
2019-09-26 10:07:39,226 [ForkJoinPool.commonPool-worker-0] INFO  server.GrpcService (GrpcService.java:closeImpl(172)) - 9c045c9c-ba1f-4aea-ae51-5b8bdd601291: shutdown server with port 39937 successfully
2019-09-26 10:07:39,226 [main] INFO  impl.RaftServerImpl (RaftServerImpl.java:lambda$shutdown$3(251)) - e3e9c20d-70c3-4d54-9af3-1020e4c50fd3@group-E93F2354340F: shutdown
2019-09-26 10:07:39,227 [main] INFO  util.JmxRegister (JmxRegister.java:unregister(73)) - Successfully un-registered JMX Bean with object name Ratis:service=RaftServer,group=group-E93F2354340F,id=e3e9c20d-70c3-4d54-9af3-1020e4c50fd3
2019-09-26 10:07:39,227 [main] INFO  impl.RoleInfo (RoleInfo.java:shutdownLeaderState(104)) - e3e9c20d-70c3-4d54-9af3-1020e4c50fd3: shutdown LeaderState
2019-09-26 10:07:39,228 [main] INFO  impl.PendingRequests (PendingRequests.java:sendNotLeaderResponses(202)) - e3e9c20d-70c3-4d54-9af3-1020e4c50fd3-PendingRequests: sendNotLeaderResponses
2019-09-26 10:07:39,228 [main] INFO  impl.StateMachineUpdater (StateMachineUpdater.java:stopAndJoin(125)) - e3e9c20d-70c3-4d54-9af3-1020e4c50fd3@group-E93F2354340F-StateMachineUpdater: set stopIndex = 0
2019-09-26 10:07:39,228 [main] INFO  impl.RaftServerImpl (ServerState.java:close(385)) - e3e9c20d-70c3-4d54-9af3-1020e4c50fd3@group-E93F2354340F: closes. applyIndex: 0
2019-09-26 10:07:39,229 [e3e9c20d-70c3-4d54-9af3-1020e4c50fd3@group-E93F2354340F-SegmentedRaftLogWorker] INFO  segmented.SegmentedRaftLogWorker (SegmentedRaftLogWorker.java:run(313)) - e3e9c20d-70c3-4d54-9af3-1020e4c50fd3@group-E93F2354340F-SegmentedRaftLogWorker was interrupted, exiting. There are 0 tasks remaining in the queue.
2019-09-26 10:07:39,229 [main] INFO  segmented.SegmentedRaftLogWorker (SegmentedRaftLogWorker.java:close(228)) - e3e9c20d-70c3-4d54-9af3-1020e4c50fd3@group-E93F2354340F-SegmentedRaftLogWorker close()
2019-09-26 10:07:39,230 [main] INFO  impl.RaftServerImpl (RaftServerImpl.java:lambda$shutdown$3(251)) - e3e9c20d-70c3-4d54-9af3-1020e4c50fd3@group-F32135CF196A: shutdown
2019-09-26 10:07:39,230 [main] INFO  util.JmxRegister (JmxRegister.java:unregister(73)) - Successfully un-registered JMX Bean with object name Ratis:service=RaftServer,group=group-F32135CF196A,id=e3e9c20d-70c3-4d54-9af3-1020e4c50fd3
2019-09-26 10:07:39,230 [refreshUsed-/workdir/hadoop-ozone/integration-test/target/test-dir/MiniOzoneClusterImpl-af826fcf-2e4c-4099-bed4-c1b0f0495924/datanode-0/data/containers] WARN  fs.CachingGetSpaceUsed (CachingGetSpaceUsed.java:run(183)) - Thread Interrupted waiting to refresh disk information: sleep interrupted
2019-09-26 10:07:39,231 [main] INFO  impl.RoleInfo (RoleInfo.java:shutdownLeaderState(104)) - e3e9c20d-70c3-4d54-9af3-1020e4c50fd3: shutdown LeaderState
2019-09-26 10:07:39,231 [main] INFO  impl.PendingRequests (PendingRequests.java:sendNotLeaderResponses(202)) - e3e9c20d-70c3-4d54-9af3-1020e4c50fd3-PendingRequests: sendNotLeaderResponses
2019-09-26 10:07:39,232 [main] INFO  impl.StateMachineUpdater (StateMachineUpdater.java:stopAndJoin(125)) - e3e9c20d-70c3-4d54-9af3-1020e4c50fd3@group-F32135CF196A-StateMachineUpdater: set stopIndex = 0
2019-09-26 10:07:39,232 [main] INFO  impl.RaftServerImpl (ServerState.java:close(385)) - e3e9c20d-70c3-4d54-9af3-1020e4c50fd3@group-F32135CF196A: closes. applyIndex: 0
2019-09-26 10:07:39,233 [e3e9c20d-70c3-4d54-9af3-1020e4c50fd3@group-F32135CF196A-SegmentedRaftLogWorker] INFO  segmented.SegmentedRaftLogWorker (SegmentedRaftLogWorker.java:run(313)) - e3e9c20d-70c3-4d54-9af3-1020e4c50fd3@group-F32135CF196A-SegmentedRaftLogWorker was interrupted, exiting. There are 0 tasks remaining in the queue.
2019-09-26 10:07:39,233 [main] INFO  segmented.SegmentedRaftLogWorker (SegmentedRaftLogWorker.java:close(228)) - e3e9c20d-70c3-4d54-9af3-1020e4c50fd3@group-F32135CF196A-SegmentedRaftLogWorker close()
2019-09-26 10:07:39,233 [main] INFO  impl.RaftServerImpl (RaftServerImpl.java:lambda$shutdown$3(251)) - e3e9c20d-70c3-4d54-9af3-1020e4c50fd3@group-E0AC73341E34: shutdown
2019-09-26 10:07:39,234 [main] INFO  util.JmxRegister (JmxRegister.java:unregister(73)) - Successfully un-registered JMX Bean with object name Ratis:service=RaftServer,group=group-E0AC73341E34,id=e3e9c20d-70c3-4d54-9af3-1020e4c50fd3
2019-09-26 10:07:39,234 [main] INFO  impl.RoleInfo (RoleInfo.java:shutdownLeaderState(104)) - e3e9c20d-70c3-4d54-9af3-1020e4c50fd3: shutdown LeaderState
2019-09-26 10:07:39,234 [main] INFO  impl.PendingRequests (PendingRequests.java:sendNotLeaderResponses(202)) - e3e9c20d-70c3-4d54-9af3-1020e4c50fd3-PendingRequests: sendNotLeaderResponses
2019-09-26 10:07:39,235 [main] INFO  impl.StateMachineUpdater (StateMachineUpdater.java:stopAndJoin(125)) - e3e9c20d-70c3-4d54-9af3-1020e4c50fd3@group-E0AC73341E34-StateMachineUpdater: set stopIndex = 0
2019-09-26 10:07:39,235 [main] INFO  impl.RaftServerImpl (ServerState.java:close(385)) - e3e9c20d-70c3-4d54-9af3-1020e4c50fd3@group-E0AC73341E34: closes. applyIndex: 0
2019-09-26 10:07:39,235 [e3e9c20d-70c3-4d54-9af3-1020e4c50fd3@group-E0AC73341E34-SegmentedRaftLogWorker] INFO  segmented.SegmentedRaftLogWorker (SegmentedRaftLogWorker.java:run(313)) - e3e9c20d-70c3-4d54-9af3-1020e4c50fd3@group-E0AC73341E34-SegmentedRaftLogWorker was interrupted, exiting. There are 0 tasks remaining in the queue.
2019-09-26 10:07:39,236 [main] INFO  segmented.SegmentedRaftLogWorker (SegmentedRaftLogWorker.java:close(228)) - e3e9c20d-70c3-4d54-9af3-1020e4c50fd3@group-E0AC73341E34-SegmentedRaftLogWorker close()
2019-09-26 10:07:39,236 [main] INFO  impl.RaftServerImpl (RaftServerImpl.java:lambda$shutdown$3(251)) - e3e9c20d-70c3-4d54-9af3-1020e4c50fd3@group-FCB70F5FB7A8: shutdown
2019-09-26 10:07:39,236 [main] INFO  util.JmxRegister (JmxRegister.java:unregister(73)) - Successfully un-registered JMX Bean with object name Ratis:service=RaftServer,group=group-FCB70F5FB7A8,id=e3e9c20d-70c3-4d54-9af3-1020e4c50fd3
2019-09-26 10:07:39,237 [main] INFO  impl.RoleInfo (RoleInfo.java:shutdownLeaderState(104)) - e3e9c20d-70c3-4d54-9af3-1020e4c50fd3: shutdown LeaderState
2019-09-26 10:07:39,237 [main] INFO  impl.PendingRequests (PendingRequests.java:sendNotLeaderResponses(202)) - e3e9c20d-70c3-4d54-9af3-1020e4c50fd3-PendingRequests: sendNotLeaderResponses
2019-09-26 10:07:39,237 [main] INFO  impl.StateMachineUpdater (StateMachineUpdater.java:stopAndJoin(125)) - e3e9c20d-70c3-4d54-9af3-1020e4c50fd3@group-FCB70F5FB7A8-StateMachineUpdater: set stopIndex = 0
2019-09-26 10:07:39,238 [main] INFO  impl.RaftServerImpl (ServerState.java:close(385)) - e3e9c20d-70c3-4d54-9af3-1020e4c50fd3@group-FCB70F5FB7A8: closes. applyIndex: 0
2019-09-26 10:07:39,238 [e3e9c20d-70c3-4d54-9af3-1020e4c50fd3@group-FCB70F5FB7A8-SegmentedRaftLogWorker] INFO  segmented.SegmentedRaftLogWorker (SegmentedRaftLogWorker.java:run(313)) - e3e9c20d-70c3-4d54-9af3-1020e4c50fd3@group-FCB70F5FB7A8-SegmentedRaftLogWorker was interrupted, exiting. There are 0 tasks remaining in the queue.
2019-09-26 10:07:39,238 [main] INFO  segmented.SegmentedRaftLogWorker (SegmentedRaftLogWorker.java:close(228)) - e3e9c20d-70c3-4d54-9af3-1020e4c50fd3@group-FCB70F5FB7A8-SegmentedRaftLogWorker close()
2019-09-26 10:07:39,239 [main] INFO  server.GrpcService (GrpcService.java:closeImpl(164)) - e3e9c20d-70c3-4d54-9af3-1020e4c50fd3: shutdown server with port 44355 now
2019-09-26 10:07:39,243 [main] INFO  server.GrpcService (GrpcService.java:closeImpl(172)) - e3e9c20d-70c3-4d54-9af3-1020e4c50fd3: shutdown server with port 44355 successfully
2019-09-26 10:07:39,247 [refreshUsed-/workdir/hadoop-ozone/integration-test/target/test-dir/MiniOzoneClusterImpl-af826fcf-2e4c-4099-bed4-c1b0f0495924/datanode-6/data/containers] WARN  fs.CachingGetSpaceUsed (CachingGetSpaceUsed.java:run(183)) - Thread Interrupted waiting to refresh disk information: sleep interrupted
2019-09-26 10:07:39,247 [ForkJoinPool.commonPool-worker-0] INFO  utils.BackgroundService (BackgroundService.java:shutdown(148)) - Shutting down service BlockDeletingService
2019-09-26 10:07:39,258 [ForkJoinPool.commonPool-worker-0] INFO  statemachine.DatanodeStateMachine (DatanodeStateMachine.java:stopDaemon(395)) - Ozone container server stopped.
2019-09-26 10:07:39,265 [ForkJoinPool.commonPool-worker-0] INFO  handler.ContextHandler (ContextHandler.java:doStop(910)) - Stopped o.e.j.w.WebAppContext@10745a02{/,null,UNAVAILABLE}{/hddsDatanode}
2019-09-26 10:07:39,266 [ForkJoinPool.commonPool-worker-0] INFO  server.AbstractConnector (AbstractConnector.java:doStop(318)) - Stopped ServerConnector@3e2d8623{HTTP/1.1,[http/1.1]}{0.0.0.0:0}
2019-09-26 10:07:39,269 [ForkJoinPool.commonPool-worker-0] INFO  handler.ContextHandler (ContextHandler.java:doStop(910)) - Stopped o.e.j.s.ServletContextHandler@2aac8ad7{/static,jar:file:/home/user/.m2/repository/org/apache/hadoop/hadoop-hdds-container-service/0.5.0-SNAPSHOT/hadoop-hdds-container-service-0.5.0-SNAPSHOT.jar!/webapps/static,UNAVAILABLE}
2019-09-26 10:07:39,271 [ForkJoinPool.commonPool-worker-0] INFO  handler.ContextHandler (ContextHandler.java:doStop(910)) - Stopped o.e.j.s.ServletContextHandler@7c5c20ed{/logs,file:///workdir/hadoop-ozone/integration-test/target/log,UNAVAILABLE}
2019-09-26 10:07:39,276 [main] INFO  utils.BackgroundService (BackgroundService.java:shutdown(148)) - Shutting down service BlockDeletingService
2019-09-26 10:07:39,284 [main] INFO  statemachine.DatanodeStateMachine (DatanodeStateMachine.java:stopDaemon(395)) - Ozone container server stopped.
2019-09-26 10:07:39,285 [main] INFO  handler.ContextHandler (ContextHandler.java:doStop(910)) - Stopped o.e.j.w.WebAppContext@402a69f{/,null,UNAVAILABLE}{/hddsDatanode}
2019-09-26 10:07:39,285 [main] INFO  server.AbstractConnector (AbstractConnector.java:doStop(318)) - Stopped ServerConnector@419f0ea{HTTP/1.1,[http/1.1]}{0.0.0.0:0}
2019-09-26 10:07:39,286 [main] INFO  handler.ContextHandler (ContextHandler.java:doStop(910)) - Stopped o.e.j.s.ServletContextHandler@1a5b7394{/static,jar:file:/home/user/.m2/repository/org/apache/hadoop/hadoop-hdds-container-service/0.5.0-SNAPSHOT/hadoop-hdds-container-service-0.5.0-SNAPSHOT.jar!/webapps/static,UNAVAILABLE}
2019-09-26 10:07:39,286 [main] INFO  handler.ContextHandler (ContextHandler.java:doStop(910)) - Stopped o.e.j.s.ServletContextHandler@70543cae{/logs,file:///workdir/hadoop-ozone/integration-test/target/log,UNAVAILABLE}
2019-09-26 10:07:39,396 [Datanode State Machine Thread - 0] INFO  statemachine.DatanodeStateMachine (DatanodeStateMachine.java:lambda$startDaemon$0(350)) - Ozone container server started.
2019-09-26 10:07:43,463 [EventQueue-StaleNodeForStaleNodeHandler] INFO  node.StaleNodeHandler (StaleNodeHandler.java:onMessage(58)) - Datanode 5004b7af-11c5-4c34-b2aa-0091a090c65f{ip: 192.168.30.13, host: pr-hdds-1569-wvzgm-824869521, networkLocation: /default-rack, certSerialId: null} moved to stale state. Finalizing its pipelines [PipelineID=77101810-ea5e-4800-bb78-b962712edc9b, PipelineID=fa0520d5-816a-4711-afc2-b827ddab9806, PipelineID=60fdacc5-92af-46dd-a128-f1a3f15e6558, PipelineID=922a14f5-ba5b-4b8b-92b9-25676f2a6d91, PipelineID=ca120816-9d1e-4bcc-8ba7-172828daf1d9, PipelineID=2fe6f6dd-1f7e-49f6-b483-e87ae8e084f5]
2019-09-26 10:07:43,464 [EventQueue-StaleNodeForStaleNodeHandler] INFO  pipeline.SCMPipelineManager (SCMPipelineManager.java:finalizeAndDestroyPipeline(316)) - destroying pipeline:Pipeline[ Id: 77101810-ea5e-4800-bb78-b962712edc9b, Nodes: 5004b7af-11c5-4c34-b2aa-0091a090c65f{ip: 192.168.30.13, host: pr-hdds-1569-wvzgm-824869521, networkLocation: /default-rack, certSerialId: null}, Type:RATIS, Factor:ONE, State:OPEN]
2019-09-26 10:07:43,464 [EventQueue-StaleNodeForStaleNodeHandler] INFO  pipeline.PipelineStateManager (PipelineStateManager.java:finalizePipeline(123)) - Pipeline Pipeline[ Id: 77101810-ea5e-4800-bb78-b962712edc9b, Nodes: 5004b7af-11c5-4c34-b2aa-0091a090c65f{ip: 192.168.30.13, host: pr-hdds-1569-wvzgm-824869521, networkLocation: /default-rack, certSerialId: null}, Type:RATIS, Factor:ONE, State:CLOSED] moved to CLOSED state
2019-09-26 10:07:43,464 [EventQueue-StaleNodeForStaleNodeHandler] INFO  pipeline.SCMPipelineManager (SCMPipelineManager.java:finalizeAndDestroyPipeline(316)) - destroying pipeline:Pipeline[ Id: fa0520d5-816a-4711-afc2-b827ddab9806, Nodes: 5004b7af-11c5-4c34-b2aa-0091a090c65f{ip: 192.168.30.13, host: pr-hdds-1569-wvzgm-824869521, networkLocation: /default-rack, certSerialId: null}, Type:RATIS, Factor:ONE, State:OPEN]
2019-09-26 10:07:43,464 [EventQueue-StaleNodeForStaleNodeHandler] INFO  pipeline.PipelineStateManager (PipelineStateManager.java:finalizePipeline(123)) - Pipeline Pipeline[ Id: fa0520d5-816a-4711-afc2-b827ddab9806, Nodes: 5004b7af-11c5-4c34-b2aa-0091a090c65f{ip: 192.168.30.13, host: pr-hdds-1569-wvzgm-824869521, networkLocation: /default-rack, certSerialId: null}, Type:RATIS, Factor:ONE, State:CLOSED] moved to CLOSED state
2019-09-26 10:07:43,464 [EventQueue-StaleNodeForStaleNodeHandler] INFO  pipeline.SCMPipelineManager (SCMPipelineManager.java:finalizeAndDestroyPipeline(316)) - destroying pipeline:Pipeline[ Id: 60fdacc5-92af-46dd-a128-f1a3f15e6558, Nodes: 5004b7af-11c5-4c34-b2aa-0091a090c65f{ip: 192.168.30.13, host: pr-hdds-1569-wvzgm-824869521, networkLocation: /default-rack, certSerialId: null}, Type:RATIS, Factor:ONE, State:OPEN]
2019-09-26 10:07:43,464 [EventQueue-StaleNodeForStaleNodeHandler] INFO  pipeline.PipelineStateManager (PipelineStateManager.java:finalizePipeline(123)) - Pipeline Pipeline[ Id: 60fdacc5-92af-46dd-a128-f1a3f15e6558, Nodes: 5004b7af-11c5-4c34-b2aa-0091a090c65f{ip: 192.168.30.13, host: pr-hdds-1569-wvzgm-824869521, networkLocation: /default-rack, certSerialId: null}, Type:RATIS, Factor:ONE, State:CLOSED] moved to CLOSED state
2019-09-26 10:07:43,465 [EventQueue-StaleNodeForStaleNodeHandler] INFO  pipeline.SCMPipelineManager (SCMPipelineManager.java:finalizeAndDestroyPipeline(316)) - destroying pipeline:Pipeline[ Id: 922a14f5-ba5b-4b8b-92b9-25676f2a6d91, Nodes: 5004b7af-11c5-4c34-b2aa-0091a090c65f{ip: 192.168.30.13, host: pr-hdds-1569-wvzgm-824869521, networkLocation: /default-rack, certSerialId: null}, Type:RATIS, Factor:ONE, State:OPEN]
2019-09-26 10:07:43,465 [EventQueue-StaleNodeForStaleNodeHandler] INFO  pipeline.PipelineStateManager (PipelineStateManager.java:finalizePipeline(123)) - Pipeline Pipeline[ Id: 922a14f5-ba5b-4b8b-92b9-25676f2a6d91, Nodes: 5004b7af-11c5-4c34-b2aa-0091a090c65f{ip: 192.168.30.13, host: pr-hdds-1569-wvzgm-824869521, networkLocation: /default-rack, certSerialId: null}, Type:RATIS, Factor:ONE, State:CLOSED] moved to CLOSED state
2019-09-26 10:07:43,465 [EventQueue-StaleNodeForStaleNodeHandler] INFO  pipeline.SCMPipelineManager (SCMPipelineManager.java:finalizeAndDestroyPipeline(316)) - destroying pipeline:Pipeline[ Id: ca120816-9d1e-4bcc-8ba7-172828daf1d9, Nodes: 5004b7af-11c5-4c34-b2aa-0091a090c65f{ip: 192.168.30.13, host: pr-hdds-1569-wvzgm-824869521, networkLocation: /default-rack, certSerialId: null}, Type:RATIS, Factor:ONE, State:OPEN]
2019-09-26 10:07:43,465 [EventQueue-StaleNodeForStaleNodeHandler] INFO  pipeline.PipelineStateManager (PipelineStateManager.java:finalizePipeline(123)) - Pipeline Pipeline[ Id: ca120816-9d1e-4bcc-8ba7-172828daf1d9, Nodes: 5004b7af-11c5-4c34-b2aa-0091a090c65f{ip: 192.168.30.13, host: pr-hdds-1569-wvzgm-824869521, networkLocation: /default-rack, certSerialId: null}, Type:RATIS, Factor:ONE, State:CLOSED] moved to CLOSED state
2019-09-26 10:07:43,465 [EventQueue-StaleNodeForStaleNodeHandler] INFO  pipeline.SCMPipelineManager (SCMPipelineManager.java:finalizeAndDestroyPipeline(316)) - destroying pipeline:Pipeline[ Id: 2fe6f6dd-1f7e-49f6-b483-e87ae8e084f5, Nodes: 5004b7af-11c5-4c34-b2aa-0091a090c65f{ip: 192.168.30.13, host: pr-hdds-1569-wvzgm-824869521, networkLocation: /default-rack, certSerialId: null}, Type:RATIS, Factor:ONE, State:OPEN]
2019-09-26 10:07:43,465 [EventQueue-StaleNodeForStaleNodeHandler] INFO  pipeline.PipelineStateManager (PipelineStateManager.java:finalizePipeline(123)) - Pipeline Pipeline[ Id: 2fe6f6dd-1f7e-49f6-b483-e87ae8e084f5, Nodes: 5004b7af-11c5-4c34-b2aa-0091a090c65f{ip: 192.168.30.13, host: pr-hdds-1569-wvzgm-824869521, networkLocation: /default-rack, certSerialId: null}, Type:RATIS, Factor:ONE, State:CLOSED] moved to CLOSED state
2019-09-26 10:07:44,272 [ForkJoinPool.commonPool-worker-0] INFO  ozoneimpl.OzoneContainer (OzoneContainer.java:stop(231)) - Attempting to stop container services.
2019-09-26 10:07:44,277 [ForkJoinPool.commonPool-worker-0] INFO  impl.RaftServerProxy (RaftServerProxy.java:lambda$close$4(314)) - 5004b7af-11c5-4c34-b2aa-0091a090c65f: close
2019-09-26 10:07:44,277 [ForkJoinPool.commonPool-worker-0] INFO  impl.RaftServerImpl (RaftServerImpl.java:lambda$shutdown$3(251)) - 5004b7af-11c5-4c34-b2aa-0091a090c65f@group-F1A3F15E6558: shutdown
2019-09-26 10:07:44,277 [ForkJoinPool.commonPool-worker-0] INFO  util.JmxRegister (JmxRegister.java:unregister(73)) - Successfully un-registered JMX Bean with object name Ratis:service=RaftServer,group=group-F1A3F15E6558,id=5004b7af-11c5-4c34-b2aa-0091a090c65f
2019-09-26 10:07:44,278 [ForkJoinPool.commonPool-worker-0] INFO  impl.RoleInfo (RoleInfo.java:shutdownLeaderState(104)) - 5004b7af-11c5-4c34-b2aa-0091a090c65f: shutdown LeaderState
2019-09-26 10:07:44,278 [ForkJoinPool.commonPool-worker-0] INFO  impl.PendingRequests (PendingRequests.java:sendNotLeaderResponses(202)) - 5004b7af-11c5-4c34-b2aa-0091a090c65f-PendingRequests: sendNotLeaderResponses
2019-09-26 10:07:44,278 [ForkJoinPool.commonPool-worker-0] INFO  impl.StateMachineUpdater (StateMachineUpdater.java:stopAndJoin(125)) - 5004b7af-11c5-4c34-b2aa-0091a090c65f@group-F1A3F15E6558-StateMachineUpdater: set stopIndex = 0
2019-09-26 10:07:44,279 [ForkJoinPool.commonPool-worker-0] INFO  impl.RaftServerImpl (ServerState.java:close(385)) - 5004b7af-11c5-4c34-b2aa-0091a090c65f@group-F1A3F15E6558: closes. applyIndex: 0
2019-09-26 10:07:44,279 [5004b7af-11c5-4c34-b2aa-0091a090c65f@group-F1A3F15E6558-SegmentedRaftLogWorker] INFO  segmented.SegmentedRaftLogWorker (SegmentedRaftLogWorker.java:run(313)) - 5004b7af-11c5-4c34-b2aa-0091a090c65f@group-F1A3F15E6558-SegmentedRaftLogWorker was interrupted, exiting. There are 0 tasks remaining in the queue.
2019-09-26 10:07:44,279 [ForkJoinPool.commonPool-worker-0] INFO  segmented.SegmentedRaftLogWorker (SegmentedRaftLogWorker.java:close(228)) - 5004b7af-11c5-4c34-b2aa-0091a090c65f@group-F1A3F15E6558-SegmentedRaftLogWorker close()
2019-09-26 10:07:44,280 [ForkJoinPool.commonPool-worker-0] INFO  impl.RaftServerImpl (RaftServerImpl.java:lambda$shutdown$3(251)) - 5004b7af-11c5-4c34-b2aa-0091a090c65f@group-B962712EDC9B: shutdown
2019-09-26 10:07:44,280 [ForkJoinPool.commonPool-worker-0] INFO  util.JmxRegister (JmxRegister.java:unregister(73)) - Successfully un-registered JMX Bean with object name Ratis:service=RaftServer,group=group-B962712EDC9B,id=5004b7af-11c5-4c34-b2aa-0091a090c65f
2019-09-26 10:07:44,280 [ForkJoinPool.commonPool-worker-0] INFO  impl.RoleInfo (RoleInfo.java:shutdownLeaderState(104)) - 5004b7af-11c5-4c34-b2aa-0091a090c65f: shutdown LeaderState
2019-09-26 10:07:44,280 [ForkJoinPool.commonPool-worker-0] INFO  impl.PendingRequests (PendingRequests.java:sendNotLeaderResponses(202)) - 5004b7af-11c5-4c34-b2aa-0091a090c65f-PendingRequests: sendNotLeaderResponses
2019-09-26 10:07:44,281 [ForkJoinPool.commonPool-worker-0] INFO  impl.StateMachineUpdater (StateMachineUpdater.java:stopAndJoin(125)) - 5004b7af-11c5-4c34-b2aa-0091a090c65f@group-B962712EDC9B-StateMachineUpdater: set stopIndex = 0
2019-09-26 10:07:44,281 [ForkJoinPool.commonPool-worker-0] INFO  impl.RaftServerImpl (ServerState.java:close(385)) - 5004b7af-11c5-4c34-b2aa-0091a090c65f@group-B962712EDC9B: closes. applyIndex: 0
2019-09-26 10:07:44,281 [5004b7af-11c5-4c34-b2aa-0091a090c65f@group-B962712EDC9B-SegmentedRaftLogWorker] INFO  segmented.SegmentedRaftLogWorker (SegmentedRaftLogWorker.java:run(313)) - 5004b7af-11c5-4c34-b2aa-0091a090c65f@group-B962712EDC9B-SegmentedRaftLogWorker was interrupted, exiting. There are 0 tasks remaining in the queue.
2019-09-26 10:07:44,282 [ForkJoinPool.commonPool-worker-0] INFO  segmented.SegmentedRaftLogWorker (SegmentedRaftLogWorker.java:close(228)) - 5004b7af-11c5-4c34-b2aa-0091a090c65f@group-B962712EDC9B-SegmentedRaftLogWorker close()
2019-09-26 10:07:44,282 [ForkJoinPool.commonPool-worker-0] INFO  impl.RaftServerImpl (RaftServerImpl.java:lambda$shutdown$3(251)) - 5004b7af-11c5-4c34-b2aa-0091a090c65f@group-B827DDAB9806: shutdown
2019-09-26 10:07:44,282 [ForkJoinPool.commonPool-worker-0] INFO  util.JmxRegister (JmxRegister.java:unregister(73)) - Successfully un-registered JMX Bean with object name Ratis:service=RaftServer,group=group-B827DDAB9806,id=5004b7af-11c5-4c34-b2aa-0091a090c65f
2019-09-26 10:07:44,282 [ForkJoinPool.commonPool-worker-0] INFO  impl.RoleInfo (RoleInfo.java:shutdownLeaderState(104)) - 5004b7af-11c5-4c34-b2aa-0091a090c65f: shutdown LeaderState
2019-09-26 10:07:44,283 [ForkJoinPool.commonPool-worker-0] INFO  impl.PendingRequests (PendingRequests.java:sendNotLeaderResponses(202)) - 5004b7af-11c5-4c34-b2aa-0091a090c65f-PendingRequests: sendNotLeaderResponses
2019-09-26 10:07:44,283 [ForkJoinPool.commonPool-worker-0] INFO  impl.StateMachineUpdater (StateMachineUpdater.java:stopAndJoin(125)) - 5004b7af-11c5-4c34-b2aa-0091a090c65f@group-B827DDAB9806-StateMachineUpdater: set stopIndex = 0
2019-09-26 10:07:44,283 [ForkJoinPool.commonPool-worker-0] INFO  impl.RaftServerImpl (ServerState.java:close(385)) - 5004b7af-11c5-4c34-b2aa-0091a090c65f@group-B827DDAB9806: closes. applyIndex: 0
2019-09-26 10:07:44,284 [5004b7af-11c5-4c34-b2aa-0091a090c65f@group-B827DDAB9806-SegmentedRaftLogWorker] INFO  segmented.SegmentedRaftLogWorker (SegmentedRaftLogWorker.java:run(313)) - 5004b7af-11c5-4c34-b2aa-0091a090c65f@group-B827DDAB9806-SegmentedRaftLogWorker was interrupted, exiting. There are 0 tasks remaining in the queue.
2019-09-26 10:07:44,284 [ForkJoinPool.commonPool-worker-0] INFO  segmented.SegmentedRaftLogWorker (SegmentedRaftLogWorker.java:close(228)) - 5004b7af-11c5-4c34-b2aa-0091a090c65f@group-B827DDAB9806-SegmentedRaftLogWorker close()
2019-09-26 10:07:44,284 [ForkJoinPool.commonPool-worker-0] INFO  impl.RaftServerImpl (RaftServerImpl.java:lambda$shutdown$3(251)) - 5004b7af-11c5-4c34-b2aa-0091a090c65f@group-25676F2A6D91: shutdown
2019-09-26 10:07:44,284 [ForkJoinPool.commonPool-worker-0] INFO  util.JmxRegister (JmxRegister.java:unregister(73)) - Successfully un-registered JMX Bean with object name Ratis:service=RaftServer,group=group-25676F2A6D91,id=5004b7af-11c5-4c34-b2aa-0091a090c65f
2019-09-26 10:07:44,285 [ForkJoinPool.commonPool-worker-0] INFO  impl.RoleInfo (RoleInfo.java:shutdownLeaderState(104)) - 5004b7af-11c5-4c34-b2aa-0091a090c65f: shutdown LeaderState
2019-09-26 10:07:44,285 [ForkJoinPool.commonPool-worker-0] INFO  impl.PendingRequests (PendingRequests.java:sendNotLeaderResponses(202)) - 5004b7af-11c5-4c34-b2aa-0091a090c65f-PendingRequests: sendNotLeaderResponses
2019-09-26 10:07:44,285 [ForkJoinPool.commonPool-worker-0] INFO  impl.StateMachineUpdater (StateMachineUpdater.java:stopAndJoin(125)) - 5004b7af-11c5-4c34-b2aa-0091a090c65f@group-25676F2A6D91-StateMachineUpdater: set stopIndex = 0
2019-09-26 10:07:44,285 [ForkJoinPool.commonPool-worker-0] INFO  impl.RaftServerImpl (ServerState.java:close(385)) - 5004b7af-11c5-4c34-b2aa-0091a090c65f@group-25676F2A6D91: closes. applyIndex: 0
2019-09-26 10:07:44,286 [5004b7af-11c5-4c34-b2aa-0091a090c65f@group-25676F2A6D91-SegmentedRaftLogWorker] INFO  segmented.SegmentedRaftLogWorker (SegmentedRaftLogWorker.java:run(313)) - 5004b7af-11c5-4c34-b2aa-0091a090c65f@group-25676F2A6D91-SegmentedRaftLogWorker was interrupted, exiting. There are 0 tasks remaining in the queue.
2019-09-26 10:07:44,286 [ForkJoinPool.commonPool-worker-0] INFO  segmented.SegmentedRaftLogWorker (SegmentedRaftLogWorker.java:close(228)) - 5004b7af-11c5-4c34-b2aa-0091a090c65f@group-25676F2A6D91-SegmentedRaftLogWorker close()
2019-09-26 10:07:44,286 [ForkJoinPool.commonPool-worker-0] INFO  impl.RaftServerImpl (RaftServerImpl.java:lambda$shutdown$3(251)) - 5004b7af-11c5-4c34-b2aa-0091a090c65f@group-172828DAF1D9: shutdown
2019-09-26 10:07:44,286 [ForkJoinPool.commonPool-worker-0] INFO  util.JmxRegister (JmxRegister.java:unregister(73)) - Successfully un-registered JMX Bean with object name Ratis:service=RaftServer,group=group-172828DAF1D9,id=5004b7af-11c5-4c34-b2aa-0091a090c65f
2019-09-26 10:07:44,287 [ForkJoinPool.commonPool-worker-0] INFO  impl.RoleInfo (RoleInfo.java:shutdownLeaderState(104)) - 5004b7af-11c5-4c34-b2aa-0091a090c65f: shutdown LeaderState
2019-09-26 10:07:44,287 [ForkJoinPool.commonPool-worker-0] INFO  impl.PendingRequests (PendingRequests.java:sendNotLeaderResponses(202)) - 5004b7af-11c5-4c34-b2aa-0091a090c65f-PendingRequests: sendNotLeaderResponses
2019-09-26 10:07:44,287 [ForkJoinPool.commonPool-worker-0] INFO  impl.StateMachineUpdater (StateMachineUpdater.java:stopAndJoin(125)) - 5004b7af-11c5-4c34-b2aa-0091a090c65f@group-172828DAF1D9-StateMachineUpdater: set stopIndex = 0
2019-09-26 10:07:44,287 [ForkJoinPool.commonPool-worker-0] INFO  impl.RaftServerImpl (ServerState.java:close(385)) - 5004b7af-11c5-4c34-b2aa-0091a090c65f@group-172828DAF1D9: closes. applyIndex: 0
2019-09-26 10:07:44,288 [5004b7af-11c5-4c34-b2aa-0091a090c65f@group-172828DAF1D9-SegmentedRaftLogWorker] INFO  segmented.SegmentedRaftLogWorker (SegmentedRaftLogWorker.java:run(313)) - 5004b7af-11c5-4c34-b2aa-0091a090c65f@group-172828DAF1D9-SegmentedRaftLogWorker was interrupted, exiting. There are 0 tasks remaining in the queue.
2019-09-26 10:07:44,288 [ForkJoinPool.commonPool-worker-0] INFO  segmented.SegmentedRaftLogWorker (SegmentedRaftLogWorker.java:close(228)) - 5004b7af-11c5-4c34-b2aa-0091a090c65f@group-172828DAF1D9-SegmentedRaftLogWorker close()
2019-09-26 10:07:44,288 [ForkJoinPool.commonPool-worker-0] INFO  impl.RaftServerImpl (RaftServerImpl.java:lambda$shutdown$3(251)) - 5004b7af-11c5-4c34-b2aa-0091a090c65f@group-E87AE8E084F5: shutdown
2019-09-26 10:07:44,288 [ForkJoinPool.commonPool-worker-0] INFO  util.JmxRegister (JmxRegister.java:unregister(73)) - Successfully un-registered JMX Bean with object name Ratis:service=RaftServer,group=group-E87AE8E084F5,id=5004b7af-11c5-4c34-b2aa-0091a090c65f
2019-09-26 10:07:44,289 [ForkJoinPool.commonPool-worker-0] INFO  impl.RoleInfo (RoleInfo.java:shutdownLeaderState(104)) - 5004b7af-11c5-4c34-b2aa-0091a090c65f: shutdown LeaderState
2019-09-26 10:07:44,289 [ForkJoinPool.commonPool-worker-0] INFO  impl.PendingRequests (PendingRequests.java:sendNotLeaderResponses(202)) - 5004b7af-11c5-4c34-b2aa-0091a090c65f-PendingRequests: sendNotLeaderResponses
2019-09-26 10:07:44,289 [ForkJoinPool.commonPool-worker-0] INFO  impl.StateMachineUpdater (StateMachineUpdater.java:stopAndJoin(125)) - 5004b7af-11c5-4c34-b2aa-0091a090c65f@group-E87AE8E084F5-StateMachineUpdater: set stopIndex = 0
2019-09-26 10:07:44,289 [ForkJoinPool.commonPool-worker-0] INFO  impl.RaftServerImpl (ServerState.java:close(385)) - 5004b7af-11c5-4c34-b2aa-0091a090c65f@group-E87AE8E084F5: closes. applyIndex: 0
2019-09-26 10:07:44,290 [5004b7af-11c5-4c34-b2aa-0091a090c65f@group-E87AE8E084F5-SegmentedRaftLogWorker] INFO  segmented.SegmentedRaftLogWorker (SegmentedRaftLogWorker.java:run(313)) - 5004b7af-11c5-4c34-b2aa-0091a090c65f@group-E87AE8E084F5-SegmentedRaftLogWorker was interrupted, exiting. There are 0 tasks remaining in the queue.
2019-09-26 10:07:44,290 [ForkJoinPool.commonPool-worker-0] INFO  segmented.SegmentedRaftLogWorker (SegmentedRaftLogWorker.java:close(228)) - 5004b7af-11c5-4c34-b2aa-0091a090c65f@group-E87AE8E084F5-SegmentedRaftLogWorker close()
2019-09-26 10:07:44,290 [ForkJoinPool.commonPool-worker-0] INFO  server.GrpcService (GrpcService.java:closeImpl(164)) - 5004b7af-11c5-4c34-b2aa-0091a090c65f: shutdown server with port 35706 now
2019-09-26 10:07:44,294 [ForkJoinPool.commonPool-worker-0] INFO  server.GrpcService (GrpcService.java:closeImpl(172)) - 5004b7af-11c5-4c34-b2aa-0091a090c65f: shutdown server with port 35706 successfully
2019-09-26 10:07:44,295 [refreshUsed-/workdir/hadoop-ozone/integration-test/target/test-dir/MiniOzoneClusterImpl-af826fcf-2e4c-4099-bed4-c1b0f0495924/datanode-5/data/containers] WARN  fs.CachingGetSpaceUsed (CachingGetSpaceUsed.java:run(183)) - Thread Interrupted waiting to refresh disk information: sleep interrupted
2019-09-26 10:07:44,310 [ForkJoinPool.commonPool-worker-0] INFO  utils.BackgroundService (BackgroundService.java:shutdown(148)) - Shutting down service BlockDeletingService
2019-09-26 10:07:44,319 [ForkJoinPool.commonPool-worker-0] INFO  statemachine.DatanodeStateMachine (DatanodeStateMachine.java:stopDaemon(395)) - Ozone container server stopped.
2019-09-26 10:07:44,327 [ForkJoinPool.commonPool-worker-0] INFO  handler.ContextHandler (ContextHandler.java:doStop(910)) - Stopped o.e.j.w.WebAppContext@100eeedc{/,null,UNAVAILABLE}{/hddsDatanode}
2019-09-26 10:07:44,328 [ForkJoinPool.commonPool-worker-0] INFO  server.AbstractConnector (AbstractConnector.java:doStop(318)) - Stopped ServerConnector@56266bda{HTTP/1.1,[http/1.1]}{0.0.0.0:0}
2019-09-26 10:07:44,332 [ForkJoinPool.commonPool-worker-0] INFO  handler.ContextHandler (ContextHandler.java:doStop(910)) - Stopped o.e.j.s.ServletContextHandler@21abda60{/static,jar:file:/home/user/.m2/repository/org/apache/hadoop/hadoop-hdds-container-service/0.5.0-SNAPSHOT/hadoop-hdds-container-service-0.5.0-SNAPSHOT.jar!/webapps/static,UNAVAILABLE}
2019-09-26 10:07:44,334 [ForkJoinPool.commonPool-worker-0] INFO  handler.ContextHandler (ContextHandler.java:doStop(910)) - Stopped o.e.j.s.ServletContextHandler@311a0b3e{/logs,file:///workdir/hadoop-ozone/integration-test/target/log,UNAVAILABLE}
2019-09-26 10:07:44,335 [main] INFO  ozone.MiniOzoneClusterImpl (MiniOzoneClusterImpl.java:stopSCM(392)) - Stopping the StorageContainerManager
2019-09-26 10:07:44,335 [main] INFO  server.StorageContainerManager (StorageContainerManager.java:stop(808)) - Stopping Replication Manager Service.
2019-09-26 10:07:44,336 [main] INFO  container.ReplicationManager (ReplicationManager.java:stop(204)) - Stopping Replication Monitor Thread.
2019-09-26 10:07:44,336 [main] INFO  server.StorageContainerManager (StorageContainerManager.java:stop(815)) - Stopping Lease Manager of the command watchers
2019-09-26 10:07:44,336 [main] INFO  server.StorageContainerManager (StorageContainerManager.java:stop(822)) - Stopping datanode service RPC server
2019-09-26 10:07:44,336 [main] INFO  server.SCMDatanodeProtocolServer (SCMDatanodeProtocolServer.java:stop(367)) - Stopping the RPC server for DataNodes
2019-09-26 10:07:44,336 [main] INFO  ipc.Server (Server.java:stop(3082)) - Stopping server on 39448
2019-09-26 10:07:44,340 [IPC Server listener on 39448] INFO  ipc.Server (Server.java:run(1185)) - Stopping IPC Server listener on 39448
2019-09-26 10:07:44,341 [IPC Server Responder] INFO  ipc.Server (Server.java:run(1319)) - Stopping IPC Server Responder
2019-09-26 10:07:44,364 [SCM Heartbeat Processing Thread - 0] WARN  node.NodeStateManager (NodeStateManager.java:scheduleNextHealthCheck(655)) - Current Thread is interrupted, shutting down HB processing thread for Node Manager.
2019-09-26 10:07:44,364 [main] INFO  server.StorageContainerManager (StorageContainerManager.java:stop(830)) - Stopping block service RPC server
2019-09-26 10:07:44,365 [main] INFO  server.SCMBlockProtocolServer (SCMBlockProtocolServer.java:stop(155)) - Stopping the RPC server for Block Protocol
2019-09-26 10:07:44,365 [main] INFO  ipc.Server (Server.java:stop(3082)) - Stopping server on 43040
2019-09-26 10:07:44,368 [main] INFO  server.StorageContainerManager (StorageContainerManager.java:stop(837)) - Stopping the StorageContainerLocationProtocol RPC server
2019-09-26 10:07:44,368 [IPC Server listener on 43040] INFO  ipc.Server (Server.java:run(1185)) - Stopping IPC Server listener on 43040
2019-09-26 10:07:44,368 [main] INFO  server.SCMClientProtocolServer (SCMClientProtocolServer.java:stop(159)) - Stopping the RPC server for Client Protocol
2019-09-26 10:07:44,369 [IPC Server Responder] INFO  ipc.Server (Server.java:run(1319)) - Stopping IPC Server Responder
2019-09-26 10:07:44,369 [main] INFO  ipc.Server (Server.java:stop(3082)) - Stopping server on 46787
2019-09-26 10:07:44,375 [IPC Server listener on 46787] INFO  ipc.Server (Server.java:run(1185)) - Stopping IPC Server listener on 46787
2019-09-26 10:07:44,375 [main] INFO  server.StorageContainerManager (StorageContainerManager.java:stop(844)) - Stopping Storage Container Manager HTTP server.
2019-09-26 10:07:44,378 [IPC Server Responder] INFO  ipc.Server (Server.java:run(1319)) - Stopping IPC Server Responder
2019-09-26 10:07:44,379 [main] INFO  handler.ContextHandler (ContextHandler.java:doStop(910)) - Stopped o.e.j.w.WebAppContext@41938e1e{/,null,UNAVAILABLE}{/scm}
2019-09-26 10:07:44,379 [main] INFO  server.AbstractConnector (AbstractConnector.java:doStop(318)) - Stopped ServerConnector@5d2e6f62{HTTP/1.1,[http/1.1]}{0.0.0.0:0}
2019-09-26 10:07:44,380 [main] INFO  handler.ContextHandler (ContextHandler.java:doStop(910)) - Stopped o.e.j.s.ServletContextHandler@74cd798f{/static,file:///workdir/hadoop-ozone/integration-test/target/test-classes/webapps/static,UNAVAILABLE}
2019-09-26 10:07:44,380 [main] INFO  handler.ContextHandler (ContextHandler.java:doStop(910)) - Stopped o.e.j.s.ServletContextHandler@3ce7394f{/logs,file:///workdir/hadoop-ozone/integration-test/target/log,UNAVAILABLE}
2019-09-26 10:07:44,381 [main] INFO  server.StorageContainerManager (StorageContainerManager.java:stop(855)) - Stopping Block Manager Service.
2019-09-26 10:07:44,381 [main] INFO  utils.BackgroundService (BackgroundService.java:shutdown(148)) - Shutting down service SCMBlockDeletingService
2019-09-26 10:07:44,381 [main] INFO  utils.BackgroundService (BackgroundService.java:shutdown(148)) - Shutting down service SCMBlockDeletingService
2019-09-26 10:07:44,382 [main] INFO  server.StorageContainerManager (StorageContainerManager.java:stop(877)) - Stopping SCM Event Queue.
2019-09-26 10:07:44,385 [main] INFO  impl.MetricsSystemImpl (MetricsSystemImpl.java:stop(210)) - Stopping HddsDatanode metrics system...
2019-09-26 10:07:44,449 [main] INFO  impl.MetricsSystemImpl (MetricsSystemImpl.java:stop(216)) - HddsDatanode metrics system stopped.
]]></system-out>
  </testcase>
</testsuite>