<?xml version="1.0" encoding="UTF-8"?>
<testsuite xmlns:xsi="http://www.w3.org/2001/XMLSchema-instance" xsi:noNamespaceSchemaLocation="https://maven.apache.org/surefire/maven-surefire-plugin/xsd/surefire-test-report.xsd" name="org.apache.hadoop.ozone.client.rpc.TestOzoneClientRetriesOnException" time="173.467" tests="2" errors="1" skipped="0" failures="0">
  <properties>
    <property name="awt.toolkit" value="sun.awt.X11.XToolkit"/>
    <property name="file.encoding.pkg" value="sun.io"/>
    <property name="java.specification.version" value="1.8"/>
    <property name="sun.cpu.isalist" value=""/>
    <property name="sun.jnu.encoding" value="UTF-8"/>
    <property name="java.class.path" value="/workdir/hadoop-ozone/integration-test/target/test-classes:/workdir/hadoop-ozone/integration-test/target/classes:/home/user/.m2/repository/org/apache/hadoop/hadoop-ozone-common/0.5.0-SNAPSHOT/hadoop-ozone-common-0.5.0-SNAPSHOT.jar:/home/user/.m2/repository/org/apache/commons/commons-compress/1.4.1/commons-compress-1.4.1.jar:/home/user/.m2/repository/org/tukaani/xz/1.0/xz-1.0.jar:/home/user/.m2/repository/org/apache/hadoop/hadoop-common/3.2.0/hadoop-common-3.2.0.jar:/home/user/.m2/repository/org/apache/hadoop/hadoop-hdfs/3.2.0/hadoop-hdfs-3.2.0.jar:/home/user/.m2/repository/org/apache/hadoop/hadoop-hdfs-client/3.2.0/hadoop-hdfs-client-3.2.0.jar:/home/user/.m2/repository/com/fasterxml/jackson/core/jackson-annotations/2.9.9/jackson-annotations-2.9.9.jar:/home/user/.m2/repository/org/apache/hadoop/hadoop-hdds-common/0.5.0-SNAPSHOT/hadoop-hdds-common-0.5.0-SNAPSHOT.jar:/home/user/.m2/repository/javax/annotation/javax.annotation-api/1.2/javax.annotation-api-1.2.jar:/home/user/.m2/repository/org/apache/ratis/ratis-server/0.4.0/ratis-server-0.4.0.jar:/home/user/.m2/repository/org/apache/ratis/ratis-thirdparty-misc/0.2.0/ratis-thirdparty-misc-0.2.0.jar:/home/user/.m2/repository/org/apache/ratis/ratis-proto/0.4.0/ratis-proto-0.4.0.jar:/home/user/.m2/repository/org/apache/ratis/ratis-common/0.4.0/ratis-common-0.4.0.jar:/home/user/.m2/repository/org/apache/ratis/ratis-client/0.4.0/ratis-client-0.4.0.jar:/home/user/.m2/repository/org/apache/ratis/ratis-metrics/0.4.0/ratis-metrics-0.4.0.jar:/home/user/.m2/repository/com/github/joshelser/dropwizard-metrics-hadoop-metrics2-reporter/0.1.2/dropwizard-metrics-hadoop-metrics2-reporter-0.1.2.jar:/home/user/.m2/repository/io/dropwizard/metrics/metrics-jvm/3.2.5/metrics-jvm-3.2.5.jar:/home/user/.m2/repository/io/dropwizard/metrics/metrics-ganglia/3.2.5/metrics-ganglia-3.2.5.jar:/home/user/.m2/repository/info/ganglia/gmetric4j/gmetric4j/1.0.7/gmetric4j-1.0.7.jar:/home/user/.m2/repository/org/apache/ratis/ratis-netty/0.4.0/ratis-netty-0.4.0.jar:/home/user/.m2/repository/org/apache/ratis/ratis-grpc/0.4.0/ratis-grpc-0.4.0.jar:/home/user/.m2/repository/org/rocksdb/rocksdbjni/6.0.1/rocksdbjni-6.0.1.jar:/home/user/.m2/repository/org/apache/logging/log4j/log4j-api/2.11.0/log4j-api-2.11.0.jar:/home/user/.m2/repository/org/apache/logging/log4j/log4j-core/2.11.0/log4j-core-2.11.0.jar:/home/user/.m2/repository/com/lmax/disruptor/3.4.2/disruptor-3.4.2.jar:/home/user/.m2/repository/org/apache/commons/commons-pool2/2.6.0/commons-pool2-2.6.0.jar:/home/user/.m2/repository/org/bouncycastle/bcpkix-jdk15on/1.60/bcpkix-jdk15on-1.60.jar:/home/user/.m2/repository/commons-validator/commons-validator/1.6/commons-validator-1.6.jar:/home/user/.m2/repository/commons-digester/commons-digester/1.8.1/commons-digester-1.8.1.jar:/home/user/.m2/repository/io/jaegertracing/jaeger-client/0.34.0/jaeger-client-0.34.0.jar:/home/user/.m2/repository/io/jaegertracing/jaeger-thrift/0.34.0/jaeger-thrift-0.34.0.jar:/home/user/.m2/repository/org/apache/thrift/libthrift/0.12.0/libthrift-0.12.0.jar:/home/user/.m2/repository/com/squareup/okhttp3/okhttp/3.9.0/okhttp-3.9.0.jar:/home/user/.m2/repository/com/squareup/okio/okio/1.13.0/okio-1.13.0.jar:/home/user/.m2/repository/io/jaegertracing/jaeger-core/0.34.0/jaeger-core-0.34.0.jar:/home/user/.m2/repository/io/jaegertracing/jaeger-tracerresolver/0.34.0/jaeger-tracerresolver-0.34.0.jar:/home/user/.m2/repository/io/opentracing/contrib/opentracing-tracerresolver/0.1.5/opentracing-tracerresolver-0.1.5.jar:/home/user/.m2/repository/io/opentracing/opentracing-util/0.31.0/opentracing-util-0.31.0.jar:/home/user/.m2/repository/io/opentracing/opentracing-api/0.31.0/opentracing-api-0.31.0.jar:/home/user/.m2/repository/io/opentracing/opentracing-noop/0.31.0/opentracing-noop-0.31.0.jar:/home/user/.m2/repository/org/apache/hadoop/hadoop-hdds-server-framework/0.5.0-SNAPSHOT/hadoop-hdds-server-framework-0.5.0-SNAPSHOT.jar:/home/user/.m2/repository/org/apache/hadoop/hadoop-hdds-container-service/0.5.0-SNAPSHOT/hadoop-hdds-container-service-0.5.0-SNAPSHOT.jar:/home/user/.m2/repository/org/apache/hadoop/hadoop-hdds-client/0.5.0-SNAPSHOT/hadoop-hdds-client-0.5.0-SNAPSHOT.jar:/home/user/.m2/repository/org/apache/hadoop/hadoop-hdds-tools/0.5.0-SNAPSHOT/hadoop-hdds-tools-0.5.0-SNAPSHOT.jar:/home/user/.m2/repository/org/apache/hadoop/hadoop-hdds-server-scm/0.5.0-SNAPSHOT/hadoop-hdds-server-scm-0.5.0-SNAPSHOT.jar:/home/user/.m2/repository/org/apache/hadoop/hadoop-hdds-docs/0.5.0-SNAPSHOT/hadoop-hdds-docs-0.5.0-SNAPSHOT.jar:/home/user/.m2/repository/io/dropwizard/metrics/metrics-core/3.2.4/metrics-core-3.2.4.jar:/home/user/.m2/repository/org/hamcrest/hamcrest-all/1.3/hamcrest-all-1.3.jar:/home/user/.m2/repository/org/bouncycastle/bcprov-jdk15on/1.60/bcprov-jdk15on-1.60.jar:/home/user/.m2/repository/info/picocli/picocli/3.9.6/picocli-3.9.6.jar:/home/user/.m2/repository/com/google/protobuf/protobuf-java/2.5.0/protobuf-java-2.5.0.jar:/home/user/.m2/repository/com/google/guava/guava/11.0.2/guava-11.0.2.jar:/home/user/.m2/repository/org/apache/hadoop/hadoop-ozone-ozone-manager/0.5.0-SNAPSHOT/hadoop-ozone-ozone-manager-0.5.0-SNAPSHOT.jar:/home/user/.m2/repository/org/apache/hadoop/hadoop-minikdc/3.2.0/hadoop-minikdc-3.2.0.jar:/home/user/.m2/repository/commons-io/commons-io/2.5/commons-io-2.5.jar:/home/user/.m2/repository/org/apache/kerby/kerb-simplekdc/1.0.1/kerb-simplekdc-1.0.1.jar:/home/user/.m2/repository/org/apache/kerby/kerb-client/1.0.1/kerb-client-1.0.1.jar:/home/user/.m2/repository/org/apache/kerby/kerby-config/1.0.1/kerby-config-1.0.1.jar:/home/user/.m2/repository/org/apache/kerby/kerb-core/1.0.1/kerb-core-1.0.1.jar:/home/user/.m2/repository/org/apache/kerby/kerby-pkix/1.0.1/kerby-pkix-1.0.1.jar:/home/user/.m2/repository/org/apache/kerby/kerby-asn1/1.0.1/kerby-asn1-1.0.1.jar:/home/user/.m2/repository/org/apache/kerby/kerby-util/1.0.1/kerby-util-1.0.1.jar:/home/user/.m2/repository/org/apache/kerby/kerb-common/1.0.1/kerb-common-1.0.1.jar:/home/user/.m2/repository/org/apache/kerby/kerb-crypto/1.0.1/kerb-crypto-1.0.1.jar:/home/user/.m2/repository/org/apache/kerby/kerb-util/1.0.1/kerb-util-1.0.1.jar:/home/user/.m2/repository/org/apache/kerby/token-provider/1.0.1/token-provider-1.0.1.jar:/home/user/.m2/repository/org/apache/kerby/kerb-admin/1.0.1/kerb-admin-1.0.1.jar:/home/user/.m2/repository/org/apache/kerby/kerb-server/1.0.1/kerb-server-1.0.1.jar:/home/user/.m2/repository/org/apache/kerby/kerb-identity/1.0.1/kerb-identity-1.0.1.jar:/home/user/.m2/repository/org/apache/kerby/kerby-xdr/1.0.1/kerby-xdr-1.0.1.jar:/home/user/.m2/repository/org/slf4j/slf4j-log4j12/1.7.25/slf4j-log4j12-1.7.25.jar:/home/user/.m2/repository/org/apache/hadoop/hadoop-ozone-s3gateway/0.5.0-SNAPSHOT/hadoop-ozone-s3gateway-0.5.0-SNAPSHOT.jar:/home/user/.m2/repository/org/jboss/weld/servlet/weld-servlet/2.4.7.Final/weld-servlet-2.4.7.Final.jar:/home/user/.m2/repository/org/glassfish/jersey/containers/jersey-container-servlet-core/2.27/jersey-container-servlet-core-2.27.jar:/home/user/.m2/repository/org/glassfish/hk2/external/javax.inject/2.5.0-b42/javax.inject-2.5.0-b42.jar:/home/user/.m2/repository/org/glassfish/jersey/core/jersey-common/2.27/jersey-common-2.27.jar:/home/user/.m2/repository/org/glassfish/hk2/osgi-resource-locator/1.0.1/osgi-resource-locator-1.0.1.jar:/home/user/.m2/repository/javax/ws/rs/javax.ws.rs-api/2.1/javax.ws.rs-api-2.1.jar:/home/user/.m2/repository/org/glassfish/jersey/ext/cdi/jersey-cdi1x/2.27/jersey-cdi1x-2.27.jar:/home/user/.m2/repository/org/glassfish/jersey/inject/jersey-hk2/2.27/jersey-hk2-2.27.jar:/home/user/.m2/repository/org/glassfish/hk2/hk2-locator/2.5.0-b42/hk2-locator-2.5.0-b42.jar:/home/user/.m2/repository/org/javassist/javassist/3.22.0-CR2/javassist-3.22.0-CR2.jar:/home/user/.m2/repository/org/glassfish/hk2/hk2-api/2.5.0/hk2-api-2.5.0.jar:/home/user/.m2/repository/org/glassfish/hk2/external/jakarta.inject/2.5.0/jakarta.inject-2.5.0.jar:/home/user/.m2/repository/org/glassfish/hk2/hk2-utils/2.5.0/hk2-utils-2.5.0.jar:/home/user/.m2/repository/jakarta/annotation/jakarta.annotation-api/1.3.4/jakarta.annotation-api-1.3.4.jar:/home/user/.m2/repository/org/glassfish/hk2/external/aopalliance-repackaged/2.5.0/aopalliance-repackaged-2.5.0.jar:/home/user/.m2/repository/com/fasterxml/jackson/dataformat/jackson-dataformat-xml/2.9.0/jackson-dataformat-xml-2.9.0.jar:/home/user/.m2/repository/com/fasterxml/jackson/core/jackson-core/2.9.9/jackson-core-2.9.9.jar:/home/user/.m2/repository/com/fasterxml/jackson/module/jackson-module-jaxb-annotations/2.9.9/jackson-module-jaxb-annotations-2.9.9.jar:/home/user/.m2/repository/javax/enterprise/cdi-api/1.2/cdi-api-1.2.jar:/home/user/.m2/repository/javax/el/javax.el-api/3.0.0/javax.el-api-3.0.0.jar:/home/user/.m2/repository/javax/interceptor/javax.interceptor-api/1.2/javax.interceptor-api-1.2.jar:/home/user/.m2/repository/javax/inject/javax.inject/1/javax.inject-1.jar:/home/user/.m2/repository/com/sun/xml/bind/jaxb-impl/2.3.0.1/jaxb-impl-2.3.0.1.jar:/home/user/.m2/repository/com/sun/xml/bind/jaxb-core/2.3.0.1/jaxb-core-2.3.0.1.jar:/home/user/.m2/repository/javax/xml/bind/jaxb-api/2.3.0/jaxb-api-2.3.0.jar:/home/user/.m2/repository/javax/activation/activation/1.1.1/activation-1.1.1.jar:/home/user/.m2/repository/org/apache/hadoop/hadoop-ozone-csi/0.5.0-SNAPSHOT/hadoop-ozone-csi-0.5.0-SNAPSHOT.jar:/home/user/.m2/repository/com/google/protobuf/protobuf-java-util/3.5.1/protobuf-java-util-3.5.1.jar:/home/user/.m2/repository/org/apache/hadoop/hadoop-hdds-config/0.5.0-SNAPSHOT/hadoop-hdds-config-0.5.0-SNAPSHOT.jar:/home/user/.m2/repository/io/grpc/grpc-netty/1.17.1/grpc-netty-1.17.1.jar:/home/user/.m2/repository/io/grpc/grpc-core/1.17.1/grpc-core-1.17.1.jar:/home/user/.m2/repository/io/grpc/grpc-context/1.17.1/grpc-context-1.17.1.jar:/home/user/.m2/repository/com/google/errorprone/error_prone_annotations/2.2.0/error_prone_annotations-2.2.0.jar:/home/user/.m2/repository/org/codehaus/mojo/animal-sniffer-annotations/1.17/animal-sniffer-annotations-1.17.jar:/home/user/.m2/repository/io/opencensus/opencensus-api/0.17.0/opencensus-api-0.17.0.jar:/home/user/.m2/repository/io/opencensus/opencensus-contrib-grpc-metrics/0.17.0/opencensus-contrib-grpc-metrics-0.17.0.jar:/home/user/.m2/repository/io/netty/netty-codec-http2/4.1.30.Final/netty-codec-http2-4.1.30.Final.jar:/home/user/.m2/repository/io/netty/netty-codec-http/4.1.30.Final/netty-codec-http-4.1.30.Final.jar:/home/user/.m2/repository/io/netty/netty-codec/4.1.30.Final/netty-codec-4.1.30.Final.jar:/home/user/.m2/repository/io/netty/netty-handler/4.1.30.Final/netty-handler-4.1.30.Final.jar:/home/user/.m2/repository/io/netty/netty-handler-proxy/4.1.30.Final/netty-handler-proxy-4.1.30.Final.jar:/home/user/.m2/repository/io/netty/netty-codec-socks/4.1.30.Final/netty-codec-socks-4.1.30.Final.jar:/home/user/.m2/repository/io/netty/netty-transport-native-epoll/4.1.30.Final/netty-transport-native-epoll-4.1.30.Final.jar:/home/user/.m2/repository/io/netty/netty-common/4.1.30.Final/netty-common-4.1.30.Final.jar:/home/user/.m2/repository/io/netty/netty-buffer/4.1.30.Final/netty-buffer-4.1.30.Final.jar:/home/user/.m2/repository/io/netty/netty-transport/4.1.30.Final/netty-transport-4.1.30.Final.jar:/home/user/.m2/repository/io/netty/netty-resolver/4.1.30.Final/netty-resolver-4.1.30.Final.jar:/home/user/.m2/repository/io/netty/netty-transport-native-unix-common/4.1.30.Final/netty-transport-native-unix-common-4.1.30.Final.jar:/home/user/.m2/repository/io/grpc/grpc-protobuf/1.17.1/grpc-protobuf-1.17.1.jar:/home/user/.m2/repository/com/google/api/grpc/proto-google-common-protos/1.0.0/proto-google-common-protos-1.0.0.jar:/home/user/.m2/repository/io/grpc/grpc-protobuf-lite/1.17.1/grpc-protobuf-lite-1.17.1.jar:/home/user/.m2/repository/io/grpc/grpc-stub/1.17.1/grpc-stub-1.17.1.jar:/home/user/.m2/repository/org/apache/hadoop/hadoop-ozone-recon/0.5.0-SNAPSHOT/hadoop-ozone-recon-0.5.0-SNAPSHOT.jar:/home/user/.m2/repository/org/apache/hadoop/hadoop-ozone-reconcodegen/0.5.0-SNAPSHOT/hadoop-ozone-reconcodegen-0.5.0-SNAPSHOT.jar:/home/user/.m2/repository/com/google/inject/extensions/guice-multibindings/4.0/guice-multibindings-4.0.jar:/home/user/.m2/repository/com/google/inject/guice/4.0/guice-4.0.jar:/home/user/.m2/repository/aopalliance/aopalliance/1.0/aopalliance-1.0.jar:/home/user/.m2/repository/com/google/inject/extensions/guice-servlet/4.0/guice-servlet-4.0.jar:/home/user/.m2/repository/org/glassfish/jersey/containers/jersey-container-servlet/2.27/jersey-container-servlet-2.27.jar:/home/user/.m2/repository/org/glassfish/hk2/guice-bridge/2.5.0/guice-bridge-2.5.0.jar:/home/user/.m2/repository/org/glassfish/jersey/core/jersey-server/2.27/jersey-server-2.27.jar:/home/user/.m2/repository/org/glassfish/jersey/core/jersey-client/2.27/jersey-client-2.27.jar:/home/user/.m2/repository/org/glassfish/jersey/media/jersey-media-jaxb/2.27/jersey-media-jaxb-2.27.jar:/home/user/.m2/repository/javax/validation/validation-api/1.1.0.Final/validation-api-1.1.0.Final.jar:/home/user/.m2/repository/org/glassfish/jersey/media/jersey-media-json-jackson/2.27/jersey-media-json-jackson-2.27.jar:/home/user/.m2/repository/org/glassfish/jersey/ext/jersey-entity-filtering/2.27/jersey-entity-filtering-2.27.jar:/home/user/.m2/repository/com/google/inject/extensions/guice-assistedinject/4.0/guice-assistedinject-4.0.jar:/home/user/.m2/repository/org/jooq/jooq/3.11.10/jooq-3.11.10.jar:/home/user/.m2/repository/org/jooq/jooq-meta/3.11.10/jooq-meta-3.11.10.jar:/home/user/.m2/repository/org/jooq/jooq-codegen/3.11.10/jooq-codegen-3.11.10.jar:/home/user/.m2/repository/com/jolbox/bonecp/0.8.0.RELEASE/bonecp-0.8.0.RELEASE.jar:/home/user/.m2/repository/org/xerial/sqlite-jdbc/3.25.2/sqlite-jdbc-3.25.2.jar:/home/user/.m2/repository/org/springframework/spring-jdbc/5.1.3.RELEASE/spring-jdbc-5.1.3.RELEASE.jar:/home/user/.m2/repository/org/springframework/spring-beans/5.1.3.RELEASE/spring-beans-5.1.3.RELEASE.jar:/home/user/.m2/repository/org/springframework/spring-core/5.1.3.RELEASE/spring-core-5.1.3.RELEASE.jar:/home/user/.m2/repository/org/springframework/spring-jcl/5.1.3.RELEASE/spring-jcl-5.1.3.RELEASE.jar:/home/user/.m2/repository/org/springframework/spring-tx/5.1.3.RELEASE/spring-tx-5.1.3.RELEASE.jar:/home/user/.m2/repository/org/apache/hadoop/hadoop-ozone-client/0.5.0-SNAPSHOT/hadoop-ozone-client-0.5.0-SNAPSHOT.jar:/home/user/.m2/repository/commons-lang/commons-lang/2.6/commons-lang-2.6.jar:/home/user/.m2/repository/org/apache/hadoop/hadoop-ozone-ozone-manager/0.5.0-SNAPSHOT/hadoop-ozone-ozone-manager-0.5.0-SNAPSHOT-tests.jar:/home/user/.m2/repository/junit/junit/4.11/junit-4.11.jar:/home/user/.m2/repository/org/hamcrest/hamcrest-core/1.3/hamcrest-core-1.3.jar:/home/user/.m2/repository/org/openjdk/jmh/jmh-core/1.19/jmh-core-1.19.jar:/home/user/.m2/repository/net/sf/jopt-simple/jopt-simple/4.6/jopt-simple-4.6.jar:/home/user/.m2/repository/org/apache/commons/commons-math3/3.1.1/commons-math3-3.1.1.jar:/home/user/.m2/repository/org/openjdk/jmh/jmh-generator-annprocess/1.19/jmh-generator-annprocess-1.19.jar:/home/user/.m2/repository/org/mockito/mockito-all/1.8.5/mockito-all-1.8.5.jar:/home/user/.m2/repository/org/apache/hadoop/hadoop-kms/3.2.0/hadoop-kms-3.2.0.jar:/home/user/.m2/repository/org/apache/hadoop/hadoop-auth/3.2.0/hadoop-auth-3.2.0.jar:/home/user/.m2/repository/com/nimbusds/nimbus-jose-jwt/4.41.1/nimbus-jose-jwt-4.41.1.jar:/home/user/.m2/repository/com/github/stephenc/jcip/jcip-annotations/1.0-1/jcip-annotations-1.0-1.jar:/home/user/.m2/repository/net/minidev/json-smart/2.3/json-smart-2.3.jar:/home/user/.m2/repository/net/minidev/accessors-smart/1.2/accessors-smart-1.2.jar:/home/user/.m2/repository/org/ow2/asm/asm/5.0.4/asm-5.0.4.jar:/home/user/.m2/repository/org/apache/curator/curator-framework/2.12.0/curator-framework-2.12.0.jar:/home/user/.m2/repository/com/sun/jersey/jersey-core/1.19/jersey-core-1.19.jar:/home/user/.m2/repository/javax/ws/rs/jsr311-api/1.1.1/jsr311-api-1.1.1.jar:/home/user/.m2/repository/com/sun/jersey/jersey-server/1.19/jersey-server-1.19.jar:/home/user/.m2/repository/javax/servlet/javax.servlet-api/3.1.0/javax.servlet-api-3.1.0.jar:/home/user/.m2/repository/org/eclipse/jetty/jetty-server/9.3.25.v20180904/jetty-server-9.3.25.v20180904.jar:/home/user/.m2/repository/org/eclipse/jetty/jetty-http/9.3.25.v20180904/jetty-http-9.3.25.v20180904.jar:/home/user/.m2/repository/org/eclipse/jetty/jetty-io/9.3.25.v20180904/jetty-io-9.3.25.v20180904.jar:/home/user/.m2/repository/org/eclipse/jetty/jetty-webapp/9.3.25.v20180904/jetty-webapp-9.3.25.v20180904.jar:/home/user/.m2/repository/org/eclipse/jetty/jetty-xml/9.3.25.v20180904/jetty-xml-9.3.25.v20180904.jar:/home/user/.m2/repository/log4j/log4j/1.2.17/log4j-1.2.17.jar:/home/user/.m2/repository/org/slf4j/slf4j-api/1.7.25/slf4j-api-1.7.25.jar:/home/user/.m2/repository/org/slf4j/jul-to-slf4j/1.7.25/jul-to-slf4j-1.7.25.jar:/home/user/.m2/repository/org/eclipse/jetty/jetty-util/9.3.25.v20180904/jetty-util-9.3.25.v20180904.jar:/home/user/.m2/repository/com/fasterxml/jackson/core/jackson-databind/2.9.9/jackson-databind-2.9.9.jar:/home/user/.m2/repository/org/apache/hadoop/hadoop-kms/3.2.0/hadoop-kms-3.2.0-tests.jar:/home/user/.m2/repository/org/apache/hadoop/hadoop-hdds-server-scm/0.5.0-SNAPSHOT/hadoop-hdds-server-scm-0.5.0-SNAPSHOT-tests.jar:/home/user/.m2/repository/org/apache/hadoop/hadoop-hdds-container-service/0.5.0-SNAPSHOT/hadoop-hdds-container-service-0.5.0-SNAPSHOT-tests.jar:/home/user/.m2/repository/org/yaml/snakeyaml/1.16/snakeyaml-1.16.jar:/home/user/.m2/repository/org/apache/hadoop/hadoop-common/3.2.0/hadoop-common-3.2.0-tests.jar:/home/user/.m2/repository/org/apache/hadoop/hadoop-annotations/3.2.0/hadoop-annotations-3.2.0.jar:/usr/lib/jvm/java-1.8-openjdk/jre/../lib/tools.jar:/home/user/.m2/repository/commons-cli/commons-cli/1.2/commons-cli-1.2.jar:/home/user/.m2/repository/org/apache/httpcomponents/httpclient/4.5.2/httpclient-4.5.2.jar:/home/user/.m2/repository/org/apache/httpcomponents/httpcore/4.4.4/httpcore-4.4.4.jar:/home/user/.m2/repository/commons-codec/commons-codec/1.11/commons-codec-1.11.jar:/home/user/.m2/repository/commons-net/commons-net/3.6/commons-net-3.6.jar:/home/user/.m2/repository/commons-collections/commons-collections/3.2.2/commons-collections-3.2.2.jar:/home/user/.m2/repository/org/eclipse/jetty/jetty-servlet/9.3.25.v20180904/jetty-servlet-9.3.25.v20180904.jar:/home/user/.m2/repository/org/eclipse/jetty/jetty-security/9.3.25.v20180904/jetty-security-9.3.25.v20180904.jar:/home/user/.m2/repository/javax/servlet/jsp/jsp-api/2.1/jsp-api-2.1.jar:/home/user/.m2/repository/com/sun/jersey/jersey-servlet/1.19/jersey-servlet-1.19.jar:/home/user/.m2/repository/com/sun/jersey/jersey-json/1.19/jersey-json-1.19.jar:/home/user/.m2/repository/org/codehaus/jettison/jettison/1.1/jettison-1.1.jar:/home/user/.m2/repository/org/codehaus/jackson/jackson-core-asl/1.9.13/jackson-core-asl-1.9.13.jar:/home/user/.m2/repository/org/codehaus/jackson/jackson-mapper-asl/1.9.13/jackson-mapper-asl-1.9.13.jar:/home/user/.m2/repository/org/codehaus/jackson/jackson-jaxrs/1.9.13/jackson-jaxrs-1.9.13.jar:/home/user/.m2/repository/org/codehaus/jackson/jackson-xc/1.9.13/jackson-xc-1.9.13.jar:/home/user/.m2/repository/commons-logging/commons-logging/1.1.3/commons-logging-1.1.3.jar:/home/user/.m2/repository/commons-beanutils/commons-beanutils/1.9.4/commons-beanutils-1.9.4.jar:/home/user/.m2/repository/org/apache/commons/commons-configuration2/2.1.1/commons-configuration2-2.1.1.jar:/home/user/.m2/repository/org/apache/commons/commons-lang3/3.7/commons-lang3-3.7.jar:/home/user/.m2/repository/org/apache/commons/commons-text/1.4/commons-text-1.4.jar:/home/user/.m2/repository/org/apache/avro/avro/1.7.7/avro-1.7.7.jar:/home/user/.m2/repository/com/thoughtworks/paranamer/paranamer/2.3/paranamer-2.3.jar:/home/user/.m2/repository/org/xerial/snappy/snappy-java/1.0.5/snappy-java-1.0.5.jar:/home/user/.m2/repository/com/google/re2j/re2j/1.1/re2j-1.1.jar:/home/user/.m2/repository/com/google/code/gson/gson/2.2.4/gson-2.2.4.jar:/home/user/.m2/repository/com/jcraft/jsch/0.1.54/jsch-0.1.54.jar:/home/user/.m2/repository/org/apache/curator/curator-client/2.12.0/curator-client-2.12.0.jar:/home/user/.m2/repository/org/apache/curator/curator-recipes/2.12.0/curator-recipes-2.12.0.jar:/home/user/.m2/repository/com/google/code/findbugs/jsr305/3.0.0/jsr305-3.0.0.jar:/home/user/.m2/repository/org/apache/htrace/htrace-core4/4.1.0-incubating/htrace-core4-4.1.0-incubating.jar:/home/user/.m2/repository/org/apache/zookeeper/zookeeper/3.4.13/zookeeper-3.4.13.jar:/home/user/.m2/repository/jline/jline/0.9.94/jline-0.9.94.jar:/home/user/.m2/repository/org/apache/yetus/audience-annotations/0.5.0/audience-annotations-0.5.0.jar:/home/user/.m2/repository/org/codehaus/woodstox/stax2-api/3.1.4/stax2-api-3.1.4.jar:/home/user/.m2/repository/com/fasterxml/woodstox/woodstox-core/5.0.3/woodstox-core-5.0.3.jar:/home/user/.m2/repository/dnsjava/dnsjava/2.1.7/dnsjava-2.1.7.jar:/home/user/.m2/repository/org/apache/hadoop/hadoop-hdfs/3.2.0/hadoop-hdfs-3.2.0-tests.jar:/home/user/.m2/repository/org/eclipse/jetty/jetty-util-ajax/9.3.25.v20180904/jetty-util-ajax-9.3.25.v20180904.jar:/home/user/.m2/repository/commons-daemon/commons-daemon/1.0.13/commons-daemon-1.0.13.jar:/home/user/.m2/repository/io/netty/netty/3.10.5.Final/netty-3.10.5.Final.jar:/home/user/.m2/repository/io/netty/netty-all/4.0.52.Final/netty-all-4.0.52.Final.jar:/home/user/.m2/repository/org/fusesource/leveldbjni/leveldbjni-all/1.8/leveldbjni-all-1.8.jar:"/>
    <property name="java.vm.vendor" value="IcedTea"/>
    <property name="sun.arch.data.model" value="64"/>
    <property name="test.build.dir" value="/workdir/hadoop-ozone/integration-test/target/test-dir"/>
    <property name="test.cache.data" value=""/>
    <property name="java.vendor.url" value="https://icedtea.classpath.org"/>
    <property name="user.timezone" value=""/>
    <property name="java.vm.specification.version" value="1.8"/>
    <property name="os.name" value="Linux"/>
    <property name="test.build.data" value="/workdir/hadoop-ozone/integration-test/target/test-dir"/>
    <property name="user.country" value="US"/>
    <property name="sun.java.launcher" value="SUN_STANDARD"/>
    <property name="sun.boot.library.path" value="/usr/lib/jvm/java-1.8-openjdk/jre/lib/amd64"/>
    <property name="sun.java.command" value="/workdir/hadoop-ozone/integration-test/target/surefire/surefirebooter5233235191310649344.jar /workdir/hadoop-ozone/integration-test/target/surefire 2019-09-25T09-26-45_648-jvmRun1 surefire3988280201620373052tmp surefire_516611999309912714670tmp"/>
    <property name="test" value="!TestMiniChaosOzoneCluster"/>
    <property name="surefire.test.class.path" value="/workdir/hadoop-ozone/integration-test/target/test-classes:/workdir/hadoop-ozone/integration-test/target/classes:/home/user/.m2/repository/org/apache/hadoop/hadoop-ozone-common/0.5.0-SNAPSHOT/hadoop-ozone-common-0.5.0-SNAPSHOT.jar:/home/user/.m2/repository/org/apache/commons/commons-compress/1.4.1/commons-compress-1.4.1.jar:/home/user/.m2/repository/org/tukaani/xz/1.0/xz-1.0.jar:/home/user/.m2/repository/org/apache/hadoop/hadoop-common/3.2.0/hadoop-common-3.2.0.jar:/home/user/.m2/repository/org/apache/hadoop/hadoop-hdfs/3.2.0/hadoop-hdfs-3.2.0.jar:/home/user/.m2/repository/org/apache/hadoop/hadoop-hdfs-client/3.2.0/hadoop-hdfs-client-3.2.0.jar:/home/user/.m2/repository/com/fasterxml/jackson/core/jackson-annotations/2.9.9/jackson-annotations-2.9.9.jar:/home/user/.m2/repository/org/apache/hadoop/hadoop-hdds-common/0.5.0-SNAPSHOT/hadoop-hdds-common-0.5.0-SNAPSHOT.jar:/home/user/.m2/repository/javax/annotation/javax.annotation-api/1.2/javax.annotation-api-1.2.jar:/home/user/.m2/repository/org/apache/ratis/ratis-server/0.4.0/ratis-server-0.4.0.jar:/home/user/.m2/repository/org/apache/ratis/ratis-thirdparty-misc/0.2.0/ratis-thirdparty-misc-0.2.0.jar:/home/user/.m2/repository/org/apache/ratis/ratis-proto/0.4.0/ratis-proto-0.4.0.jar:/home/user/.m2/repository/org/apache/ratis/ratis-common/0.4.0/ratis-common-0.4.0.jar:/home/user/.m2/repository/org/apache/ratis/ratis-client/0.4.0/ratis-client-0.4.0.jar:/home/user/.m2/repository/org/apache/ratis/ratis-metrics/0.4.0/ratis-metrics-0.4.0.jar:/home/user/.m2/repository/com/github/joshelser/dropwizard-metrics-hadoop-metrics2-reporter/0.1.2/dropwizard-metrics-hadoop-metrics2-reporter-0.1.2.jar:/home/user/.m2/repository/io/dropwizard/metrics/metrics-jvm/3.2.5/metrics-jvm-3.2.5.jar:/home/user/.m2/repository/io/dropwizard/metrics/metrics-ganglia/3.2.5/metrics-ganglia-3.2.5.jar:/home/user/.m2/repository/info/ganglia/gmetric4j/gmetric4j/1.0.7/gmetric4j-1.0.7.jar:/home/user/.m2/repository/org/apache/ratis/ratis-netty/0.4.0/ratis-netty-0.4.0.jar:/home/user/.m2/repository/org/apache/ratis/ratis-grpc/0.4.0/ratis-grpc-0.4.0.jar:/home/user/.m2/repository/org/rocksdb/rocksdbjni/6.0.1/rocksdbjni-6.0.1.jar:/home/user/.m2/repository/org/apache/logging/log4j/log4j-api/2.11.0/log4j-api-2.11.0.jar:/home/user/.m2/repository/org/apache/logging/log4j/log4j-core/2.11.0/log4j-core-2.11.0.jar:/home/user/.m2/repository/com/lmax/disruptor/3.4.2/disruptor-3.4.2.jar:/home/user/.m2/repository/org/apache/commons/commons-pool2/2.6.0/commons-pool2-2.6.0.jar:/home/user/.m2/repository/org/bouncycastle/bcpkix-jdk15on/1.60/bcpkix-jdk15on-1.60.jar:/home/user/.m2/repository/commons-validator/commons-validator/1.6/commons-validator-1.6.jar:/home/user/.m2/repository/commons-digester/commons-digester/1.8.1/commons-digester-1.8.1.jar:/home/user/.m2/repository/io/jaegertracing/jaeger-client/0.34.0/jaeger-client-0.34.0.jar:/home/user/.m2/repository/io/jaegertracing/jaeger-thrift/0.34.0/jaeger-thrift-0.34.0.jar:/home/user/.m2/repository/org/apache/thrift/libthrift/0.12.0/libthrift-0.12.0.jar:/home/user/.m2/repository/com/squareup/okhttp3/okhttp/3.9.0/okhttp-3.9.0.jar:/home/user/.m2/repository/com/squareup/okio/okio/1.13.0/okio-1.13.0.jar:/home/user/.m2/repository/io/jaegertracing/jaeger-core/0.34.0/jaeger-core-0.34.0.jar:/home/user/.m2/repository/io/jaegertracing/jaeger-tracerresolver/0.34.0/jaeger-tracerresolver-0.34.0.jar:/home/user/.m2/repository/io/opentracing/contrib/opentracing-tracerresolver/0.1.5/opentracing-tracerresolver-0.1.5.jar:/home/user/.m2/repository/io/opentracing/opentracing-util/0.31.0/opentracing-util-0.31.0.jar:/home/user/.m2/repository/io/opentracing/opentracing-api/0.31.0/opentracing-api-0.31.0.jar:/home/user/.m2/repository/io/opentracing/opentracing-noop/0.31.0/opentracing-noop-0.31.0.jar:/home/user/.m2/repository/org/apache/hadoop/hadoop-hdds-server-framework/0.5.0-SNAPSHOT/hadoop-hdds-server-framework-0.5.0-SNAPSHOT.jar:/home/user/.m2/repository/org/apache/hadoop/hadoop-hdds-container-service/0.5.0-SNAPSHOT/hadoop-hdds-container-service-0.5.0-SNAPSHOT.jar:/home/user/.m2/repository/org/apache/hadoop/hadoop-hdds-client/0.5.0-SNAPSHOT/hadoop-hdds-client-0.5.0-SNAPSHOT.jar:/home/user/.m2/repository/org/apache/hadoop/hadoop-hdds-tools/0.5.0-SNAPSHOT/hadoop-hdds-tools-0.5.0-SNAPSHOT.jar:/home/user/.m2/repository/org/apache/hadoop/hadoop-hdds-server-scm/0.5.0-SNAPSHOT/hadoop-hdds-server-scm-0.5.0-SNAPSHOT.jar:/home/user/.m2/repository/org/apache/hadoop/hadoop-hdds-docs/0.5.0-SNAPSHOT/hadoop-hdds-docs-0.5.0-SNAPSHOT.jar:/home/user/.m2/repository/io/dropwizard/metrics/metrics-core/3.2.4/metrics-core-3.2.4.jar:/home/user/.m2/repository/org/hamcrest/hamcrest-all/1.3/hamcrest-all-1.3.jar:/home/user/.m2/repository/org/bouncycastle/bcprov-jdk15on/1.60/bcprov-jdk15on-1.60.jar:/home/user/.m2/repository/info/picocli/picocli/3.9.6/picocli-3.9.6.jar:/home/user/.m2/repository/com/google/protobuf/protobuf-java/2.5.0/protobuf-java-2.5.0.jar:/home/user/.m2/repository/com/google/guava/guava/11.0.2/guava-11.0.2.jar:/home/user/.m2/repository/org/apache/hadoop/hadoop-ozone-ozone-manager/0.5.0-SNAPSHOT/hadoop-ozone-ozone-manager-0.5.0-SNAPSHOT.jar:/home/user/.m2/repository/org/apache/hadoop/hadoop-minikdc/3.2.0/hadoop-minikdc-3.2.0.jar:/home/user/.m2/repository/commons-io/commons-io/2.5/commons-io-2.5.jar:/home/user/.m2/repository/org/apache/kerby/kerb-simplekdc/1.0.1/kerb-simplekdc-1.0.1.jar:/home/user/.m2/repository/org/apache/kerby/kerb-client/1.0.1/kerb-client-1.0.1.jar:/home/user/.m2/repository/org/apache/kerby/kerby-config/1.0.1/kerby-config-1.0.1.jar:/home/user/.m2/repository/org/apache/kerby/kerb-core/1.0.1/kerb-core-1.0.1.jar:/home/user/.m2/repository/org/apache/kerby/kerby-pkix/1.0.1/kerby-pkix-1.0.1.jar:/home/user/.m2/repository/org/apache/kerby/kerby-asn1/1.0.1/kerby-asn1-1.0.1.jar:/home/user/.m2/repository/org/apache/kerby/kerby-util/1.0.1/kerby-util-1.0.1.jar:/home/user/.m2/repository/org/apache/kerby/kerb-common/1.0.1/kerb-common-1.0.1.jar:/home/user/.m2/repository/org/apache/kerby/kerb-crypto/1.0.1/kerb-crypto-1.0.1.jar:/home/user/.m2/repository/org/apache/kerby/kerb-util/1.0.1/kerb-util-1.0.1.jar:/home/user/.m2/repository/org/apache/kerby/token-provider/1.0.1/token-provider-1.0.1.jar:/home/user/.m2/repository/org/apache/kerby/kerb-admin/1.0.1/kerb-admin-1.0.1.jar:/home/user/.m2/repository/org/apache/kerby/kerb-server/1.0.1/kerb-server-1.0.1.jar:/home/user/.m2/repository/org/apache/kerby/kerb-identity/1.0.1/kerb-identity-1.0.1.jar:/home/user/.m2/repository/org/apache/kerby/kerby-xdr/1.0.1/kerby-xdr-1.0.1.jar:/home/user/.m2/repository/org/slf4j/slf4j-log4j12/1.7.25/slf4j-log4j12-1.7.25.jar:/home/user/.m2/repository/org/apache/hadoop/hadoop-ozone-s3gateway/0.5.0-SNAPSHOT/hadoop-ozone-s3gateway-0.5.0-SNAPSHOT.jar:/home/user/.m2/repository/org/jboss/weld/servlet/weld-servlet/2.4.7.Final/weld-servlet-2.4.7.Final.jar:/home/user/.m2/repository/org/glassfish/jersey/containers/jersey-container-servlet-core/2.27/jersey-container-servlet-core-2.27.jar:/home/user/.m2/repository/org/glassfish/hk2/external/javax.inject/2.5.0-b42/javax.inject-2.5.0-b42.jar:/home/user/.m2/repository/org/glassfish/jersey/core/jersey-common/2.27/jersey-common-2.27.jar:/home/user/.m2/repository/org/glassfish/hk2/osgi-resource-locator/1.0.1/osgi-resource-locator-1.0.1.jar:/home/user/.m2/repository/javax/ws/rs/javax.ws.rs-api/2.1/javax.ws.rs-api-2.1.jar:/home/user/.m2/repository/org/glassfish/jersey/ext/cdi/jersey-cdi1x/2.27/jersey-cdi1x-2.27.jar:/home/user/.m2/repository/org/glassfish/jersey/inject/jersey-hk2/2.27/jersey-hk2-2.27.jar:/home/user/.m2/repository/org/glassfish/hk2/hk2-locator/2.5.0-b42/hk2-locator-2.5.0-b42.jar:/home/user/.m2/repository/org/javassist/javassist/3.22.0-CR2/javassist-3.22.0-CR2.jar:/home/user/.m2/repository/org/glassfish/hk2/hk2-api/2.5.0/hk2-api-2.5.0.jar:/home/user/.m2/repository/org/glassfish/hk2/external/jakarta.inject/2.5.0/jakarta.inject-2.5.0.jar:/home/user/.m2/repository/org/glassfish/hk2/hk2-utils/2.5.0/hk2-utils-2.5.0.jar:/home/user/.m2/repository/jakarta/annotation/jakarta.annotation-api/1.3.4/jakarta.annotation-api-1.3.4.jar:/home/user/.m2/repository/org/glassfish/hk2/external/aopalliance-repackaged/2.5.0/aopalliance-repackaged-2.5.0.jar:/home/user/.m2/repository/com/fasterxml/jackson/dataformat/jackson-dataformat-xml/2.9.0/jackson-dataformat-xml-2.9.0.jar:/home/user/.m2/repository/com/fasterxml/jackson/core/jackson-core/2.9.9/jackson-core-2.9.9.jar:/home/user/.m2/repository/com/fasterxml/jackson/module/jackson-module-jaxb-annotations/2.9.9/jackson-module-jaxb-annotations-2.9.9.jar:/home/user/.m2/repository/javax/enterprise/cdi-api/1.2/cdi-api-1.2.jar:/home/user/.m2/repository/javax/el/javax.el-api/3.0.0/javax.el-api-3.0.0.jar:/home/user/.m2/repository/javax/interceptor/javax.interceptor-api/1.2/javax.interceptor-api-1.2.jar:/home/user/.m2/repository/javax/inject/javax.inject/1/javax.inject-1.jar:/home/user/.m2/repository/com/sun/xml/bind/jaxb-impl/2.3.0.1/jaxb-impl-2.3.0.1.jar:/home/user/.m2/repository/com/sun/xml/bind/jaxb-core/2.3.0.1/jaxb-core-2.3.0.1.jar:/home/user/.m2/repository/javax/xml/bind/jaxb-api/2.3.0/jaxb-api-2.3.0.jar:/home/user/.m2/repository/javax/activation/activation/1.1.1/activation-1.1.1.jar:/home/user/.m2/repository/org/apache/hadoop/hadoop-ozone-csi/0.5.0-SNAPSHOT/hadoop-ozone-csi-0.5.0-SNAPSHOT.jar:/home/user/.m2/repository/com/google/protobuf/protobuf-java-util/3.5.1/protobuf-java-util-3.5.1.jar:/home/user/.m2/repository/org/apache/hadoop/hadoop-hdds-config/0.5.0-SNAPSHOT/hadoop-hdds-config-0.5.0-SNAPSHOT.jar:/home/user/.m2/repository/io/grpc/grpc-netty/1.17.1/grpc-netty-1.17.1.jar:/home/user/.m2/repository/io/grpc/grpc-core/1.17.1/grpc-core-1.17.1.jar:/home/user/.m2/repository/io/grpc/grpc-context/1.17.1/grpc-context-1.17.1.jar:/home/user/.m2/repository/com/google/errorprone/error_prone_annotations/2.2.0/error_prone_annotations-2.2.0.jar:/home/user/.m2/repository/org/codehaus/mojo/animal-sniffer-annotations/1.17/animal-sniffer-annotations-1.17.jar:/home/user/.m2/repository/io/opencensus/opencensus-api/0.17.0/opencensus-api-0.17.0.jar:/home/user/.m2/repository/io/opencensus/opencensus-contrib-grpc-metrics/0.17.0/opencensus-contrib-grpc-metrics-0.17.0.jar:/home/user/.m2/repository/io/netty/netty-codec-http2/4.1.30.Final/netty-codec-http2-4.1.30.Final.jar:/home/user/.m2/repository/io/netty/netty-codec-http/4.1.30.Final/netty-codec-http-4.1.30.Final.jar:/home/user/.m2/repository/io/netty/netty-codec/4.1.30.Final/netty-codec-4.1.30.Final.jar:/home/user/.m2/repository/io/netty/netty-handler/4.1.30.Final/netty-handler-4.1.30.Final.jar:/home/user/.m2/repository/io/netty/netty-handler-proxy/4.1.30.Final/netty-handler-proxy-4.1.30.Final.jar:/home/user/.m2/repository/io/netty/netty-codec-socks/4.1.30.Final/netty-codec-socks-4.1.30.Final.jar:/home/user/.m2/repository/io/netty/netty-transport-native-epoll/4.1.30.Final/netty-transport-native-epoll-4.1.30.Final.jar:/home/user/.m2/repository/io/netty/netty-common/4.1.30.Final/netty-common-4.1.30.Final.jar:/home/user/.m2/repository/io/netty/netty-buffer/4.1.30.Final/netty-buffer-4.1.30.Final.jar:/home/user/.m2/repository/io/netty/netty-transport/4.1.30.Final/netty-transport-4.1.30.Final.jar:/home/user/.m2/repository/io/netty/netty-resolver/4.1.30.Final/netty-resolver-4.1.30.Final.jar:/home/user/.m2/repository/io/netty/netty-transport-native-unix-common/4.1.30.Final/netty-transport-native-unix-common-4.1.30.Final.jar:/home/user/.m2/repository/io/grpc/grpc-protobuf/1.17.1/grpc-protobuf-1.17.1.jar:/home/user/.m2/repository/com/google/api/grpc/proto-google-common-protos/1.0.0/proto-google-common-protos-1.0.0.jar:/home/user/.m2/repository/io/grpc/grpc-protobuf-lite/1.17.1/grpc-protobuf-lite-1.17.1.jar:/home/user/.m2/repository/io/grpc/grpc-stub/1.17.1/grpc-stub-1.17.1.jar:/home/user/.m2/repository/org/apache/hadoop/hadoop-ozone-recon/0.5.0-SNAPSHOT/hadoop-ozone-recon-0.5.0-SNAPSHOT.jar:/home/user/.m2/repository/org/apache/hadoop/hadoop-ozone-reconcodegen/0.5.0-SNAPSHOT/hadoop-ozone-reconcodegen-0.5.0-SNAPSHOT.jar:/home/user/.m2/repository/com/google/inject/extensions/guice-multibindings/4.0/guice-multibindings-4.0.jar:/home/user/.m2/repository/com/google/inject/guice/4.0/guice-4.0.jar:/home/user/.m2/repository/aopalliance/aopalliance/1.0/aopalliance-1.0.jar:/home/user/.m2/repository/com/google/inject/extensions/guice-servlet/4.0/guice-servlet-4.0.jar:/home/user/.m2/repository/org/glassfish/jersey/containers/jersey-container-servlet/2.27/jersey-container-servlet-2.27.jar:/home/user/.m2/repository/org/glassfish/hk2/guice-bridge/2.5.0/guice-bridge-2.5.0.jar:/home/user/.m2/repository/org/glassfish/jersey/core/jersey-server/2.27/jersey-server-2.27.jar:/home/user/.m2/repository/org/glassfish/jersey/core/jersey-client/2.27/jersey-client-2.27.jar:/home/user/.m2/repository/org/glassfish/jersey/media/jersey-media-jaxb/2.27/jersey-media-jaxb-2.27.jar:/home/user/.m2/repository/javax/validation/validation-api/1.1.0.Final/validation-api-1.1.0.Final.jar:/home/user/.m2/repository/org/glassfish/jersey/media/jersey-media-json-jackson/2.27/jersey-media-json-jackson-2.27.jar:/home/user/.m2/repository/org/glassfish/jersey/ext/jersey-entity-filtering/2.27/jersey-entity-filtering-2.27.jar:/home/user/.m2/repository/com/google/inject/extensions/guice-assistedinject/4.0/guice-assistedinject-4.0.jar:/home/user/.m2/repository/org/jooq/jooq/3.11.10/jooq-3.11.10.jar:/home/user/.m2/repository/org/jooq/jooq-meta/3.11.10/jooq-meta-3.11.10.jar:/home/user/.m2/repository/org/jooq/jooq-codegen/3.11.10/jooq-codegen-3.11.10.jar:/home/user/.m2/repository/com/jolbox/bonecp/0.8.0.RELEASE/bonecp-0.8.0.RELEASE.jar:/home/user/.m2/repository/org/xerial/sqlite-jdbc/3.25.2/sqlite-jdbc-3.25.2.jar:/home/user/.m2/repository/org/springframework/spring-jdbc/5.1.3.RELEASE/spring-jdbc-5.1.3.RELEASE.jar:/home/user/.m2/repository/org/springframework/spring-beans/5.1.3.RELEASE/spring-beans-5.1.3.RELEASE.jar:/home/user/.m2/repository/org/springframework/spring-core/5.1.3.RELEASE/spring-core-5.1.3.RELEASE.jar:/home/user/.m2/repository/org/springframework/spring-jcl/5.1.3.RELEASE/spring-jcl-5.1.3.RELEASE.jar:/home/user/.m2/repository/org/springframework/spring-tx/5.1.3.RELEASE/spring-tx-5.1.3.RELEASE.jar:/home/user/.m2/repository/org/apache/hadoop/hadoop-ozone-client/0.5.0-SNAPSHOT/hadoop-ozone-client-0.5.0-SNAPSHOT.jar:/home/user/.m2/repository/commons-lang/commons-lang/2.6/commons-lang-2.6.jar:/home/user/.m2/repository/org/apache/hadoop/hadoop-ozone-ozone-manager/0.5.0-SNAPSHOT/hadoop-ozone-ozone-manager-0.5.0-SNAPSHOT-tests.jar:/home/user/.m2/repository/junit/junit/4.11/junit-4.11.jar:/home/user/.m2/repository/org/hamcrest/hamcrest-core/1.3/hamcrest-core-1.3.jar:/home/user/.m2/repository/org/openjdk/jmh/jmh-core/1.19/jmh-core-1.19.jar:/home/user/.m2/repository/net/sf/jopt-simple/jopt-simple/4.6/jopt-simple-4.6.jar:/home/user/.m2/repository/org/apache/commons/commons-math3/3.1.1/commons-math3-3.1.1.jar:/home/user/.m2/repository/org/openjdk/jmh/jmh-generator-annprocess/1.19/jmh-generator-annprocess-1.19.jar:/home/user/.m2/repository/org/mockito/mockito-all/1.8.5/mockito-all-1.8.5.jar:/home/user/.m2/repository/org/apache/hadoop/hadoop-kms/3.2.0/hadoop-kms-3.2.0.jar:/home/user/.m2/repository/org/apache/hadoop/hadoop-auth/3.2.0/hadoop-auth-3.2.0.jar:/home/user/.m2/repository/com/nimbusds/nimbus-jose-jwt/4.41.1/nimbus-jose-jwt-4.41.1.jar:/home/user/.m2/repository/com/github/stephenc/jcip/jcip-annotations/1.0-1/jcip-annotations-1.0-1.jar:/home/user/.m2/repository/net/minidev/json-smart/2.3/json-smart-2.3.jar:/home/user/.m2/repository/net/minidev/accessors-smart/1.2/accessors-smart-1.2.jar:/home/user/.m2/repository/org/ow2/asm/asm/5.0.4/asm-5.0.4.jar:/home/user/.m2/repository/org/apache/curator/curator-framework/2.12.0/curator-framework-2.12.0.jar:/home/user/.m2/repository/com/sun/jersey/jersey-core/1.19/jersey-core-1.19.jar:/home/user/.m2/repository/javax/ws/rs/jsr311-api/1.1.1/jsr311-api-1.1.1.jar:/home/user/.m2/repository/com/sun/jersey/jersey-server/1.19/jersey-server-1.19.jar:/home/user/.m2/repository/javax/servlet/javax.servlet-api/3.1.0/javax.servlet-api-3.1.0.jar:/home/user/.m2/repository/org/eclipse/jetty/jetty-server/9.3.25.v20180904/jetty-server-9.3.25.v20180904.jar:/home/user/.m2/repository/org/eclipse/jetty/jetty-http/9.3.25.v20180904/jetty-http-9.3.25.v20180904.jar:/home/user/.m2/repository/org/eclipse/jetty/jetty-io/9.3.25.v20180904/jetty-io-9.3.25.v20180904.jar:/home/user/.m2/repository/org/eclipse/jetty/jetty-webapp/9.3.25.v20180904/jetty-webapp-9.3.25.v20180904.jar:/home/user/.m2/repository/org/eclipse/jetty/jetty-xml/9.3.25.v20180904/jetty-xml-9.3.25.v20180904.jar:/home/user/.m2/repository/log4j/log4j/1.2.17/log4j-1.2.17.jar:/home/user/.m2/repository/org/slf4j/slf4j-api/1.7.25/slf4j-api-1.7.25.jar:/home/user/.m2/repository/org/slf4j/jul-to-slf4j/1.7.25/jul-to-slf4j-1.7.25.jar:/home/user/.m2/repository/org/eclipse/jetty/jetty-util/9.3.25.v20180904/jetty-util-9.3.25.v20180904.jar:/home/user/.m2/repository/com/fasterxml/jackson/core/jackson-databind/2.9.9/jackson-databind-2.9.9.jar:/home/user/.m2/repository/org/apache/hadoop/hadoop-kms/3.2.0/hadoop-kms-3.2.0-tests.jar:/home/user/.m2/repository/org/apache/hadoop/hadoop-hdds-server-scm/0.5.0-SNAPSHOT/hadoop-hdds-server-scm-0.5.0-SNAPSHOT-tests.jar:/home/user/.m2/repository/org/apache/hadoop/hadoop-hdds-container-service/0.5.0-SNAPSHOT/hadoop-hdds-container-service-0.5.0-SNAPSHOT-tests.jar:/home/user/.m2/repository/org/yaml/snakeyaml/1.16/snakeyaml-1.16.jar:/home/user/.m2/repository/org/apache/hadoop/hadoop-common/3.2.0/hadoop-common-3.2.0-tests.jar:/home/user/.m2/repository/org/apache/hadoop/hadoop-annotations/3.2.0/hadoop-annotations-3.2.0.jar:/usr/lib/jvm/java-1.8-openjdk/jre/../lib/tools.jar:/home/user/.m2/repository/commons-cli/commons-cli/1.2/commons-cli-1.2.jar:/home/user/.m2/repository/org/apache/httpcomponents/httpclient/4.5.2/httpclient-4.5.2.jar:/home/user/.m2/repository/org/apache/httpcomponents/httpcore/4.4.4/httpcore-4.4.4.jar:/home/user/.m2/repository/commons-codec/commons-codec/1.11/commons-codec-1.11.jar:/home/user/.m2/repository/commons-net/commons-net/3.6/commons-net-3.6.jar:/home/user/.m2/repository/commons-collections/commons-collections/3.2.2/commons-collections-3.2.2.jar:/home/user/.m2/repository/org/eclipse/jetty/jetty-servlet/9.3.25.v20180904/jetty-servlet-9.3.25.v20180904.jar:/home/user/.m2/repository/org/eclipse/jetty/jetty-security/9.3.25.v20180904/jetty-security-9.3.25.v20180904.jar:/home/user/.m2/repository/javax/servlet/jsp/jsp-api/2.1/jsp-api-2.1.jar:/home/user/.m2/repository/com/sun/jersey/jersey-servlet/1.19/jersey-servlet-1.19.jar:/home/user/.m2/repository/com/sun/jersey/jersey-json/1.19/jersey-json-1.19.jar:/home/user/.m2/repository/org/codehaus/jettison/jettison/1.1/jettison-1.1.jar:/home/user/.m2/repository/org/codehaus/jackson/jackson-core-asl/1.9.13/jackson-core-asl-1.9.13.jar:/home/user/.m2/repository/org/codehaus/jackson/jackson-mapper-asl/1.9.13/jackson-mapper-asl-1.9.13.jar:/home/user/.m2/repository/org/codehaus/jackson/jackson-jaxrs/1.9.13/jackson-jaxrs-1.9.13.jar:/home/user/.m2/repository/org/codehaus/jackson/jackson-xc/1.9.13/jackson-xc-1.9.13.jar:/home/user/.m2/repository/commons-logging/commons-logging/1.1.3/commons-logging-1.1.3.jar:/home/user/.m2/repository/commons-beanutils/commons-beanutils/1.9.4/commons-beanutils-1.9.4.jar:/home/user/.m2/repository/org/apache/commons/commons-configuration2/2.1.1/commons-configuration2-2.1.1.jar:/home/user/.m2/repository/org/apache/commons/commons-lang3/3.7/commons-lang3-3.7.jar:/home/user/.m2/repository/org/apache/commons/commons-text/1.4/commons-text-1.4.jar:/home/user/.m2/repository/org/apache/avro/avro/1.7.7/avro-1.7.7.jar:/home/user/.m2/repository/com/thoughtworks/paranamer/paranamer/2.3/paranamer-2.3.jar:/home/user/.m2/repository/org/xerial/snappy/snappy-java/1.0.5/snappy-java-1.0.5.jar:/home/user/.m2/repository/com/google/re2j/re2j/1.1/re2j-1.1.jar:/home/user/.m2/repository/com/google/code/gson/gson/2.2.4/gson-2.2.4.jar:/home/user/.m2/repository/com/jcraft/jsch/0.1.54/jsch-0.1.54.jar:/home/user/.m2/repository/org/apache/curator/curator-client/2.12.0/curator-client-2.12.0.jar:/home/user/.m2/repository/org/apache/curator/curator-recipes/2.12.0/curator-recipes-2.12.0.jar:/home/user/.m2/repository/com/google/code/findbugs/jsr305/3.0.0/jsr305-3.0.0.jar:/home/user/.m2/repository/org/apache/htrace/htrace-core4/4.1.0-incubating/htrace-core4-4.1.0-incubating.jar:/home/user/.m2/repository/org/apache/zookeeper/zookeeper/3.4.13/zookeeper-3.4.13.jar:/home/user/.m2/repository/jline/jline/0.9.94/jline-0.9.94.jar:/home/user/.m2/repository/org/apache/yetus/audience-annotations/0.5.0/audience-annotations-0.5.0.jar:/home/user/.m2/repository/org/codehaus/woodstox/stax2-api/3.1.4/stax2-api-3.1.4.jar:/home/user/.m2/repository/com/fasterxml/woodstox/woodstox-core/5.0.3/woodstox-core-5.0.3.jar:/home/user/.m2/repository/dnsjava/dnsjava/2.1.7/dnsjava-2.1.7.jar:/home/user/.m2/repository/org/apache/hadoop/hadoop-hdfs/3.2.0/hadoop-hdfs-3.2.0-tests.jar:/home/user/.m2/repository/org/eclipse/jetty/jetty-util-ajax/9.3.25.v20180904/jetty-util-ajax-9.3.25.v20180904.jar:/home/user/.m2/repository/commons-daemon/commons-daemon/1.0.13/commons-daemon-1.0.13.jar:/home/user/.m2/repository/io/netty/netty/3.10.5.Final/netty-3.10.5.Final.jar:/home/user/.m2/repository/io/netty/netty-all/4.0.52.Final/netty-all-4.0.52.Final.jar:/home/user/.m2/repository/org/fusesource/leveldbjni/leveldbjni-all/1.8/leveldbjni-all-1.8.jar:"/>
    <property name="sun.cpu.endian" value="little"/>
    <property name="user.home" value="/home/user"/>
    <property name="user.language" value="en"/>
    <property name="java.specification.vendor" value="Oracle Corporation"/>
    <property name="java.home" value="/usr/lib/jvm/java-1.8-openjdk/jre"/>
    <property name="java.security.krb5.conf" value="/workdir/hadoop-ozone/integration-test/target/test-classes/krb5.conf"/>
    <property name="basedir" value="/workdir/hadoop-ozone/integration-test"/>
    <property name="file.separator" value="/"/>
    <property name="line.separator" value="&#10;"/>
    <property name="java.vm.specification.vendor" value="Oracle Corporation"/>
    <property name="java.specification.name" value="Java Platform API Specification"/>
    <property name="java.awt.graphicsenv" value="sun.awt.X11GraphicsEnvironment"/>
    <property name="surefire.real.class.path" value="/workdir/hadoop-ozone/integration-test/target/surefire/surefirebooter5233235191310649344.jar"/>
    <property name="hadoop.log.dir" value="/workdir/hadoop-ozone/integration-test/target/log"/>
    <property name="sun.boot.class.path" value="/usr/lib/jvm/java-1.8-openjdk/jre/lib/resources.jar:/usr/lib/jvm/java-1.8-openjdk/jre/lib/rt.jar:/usr/lib/jvm/java-1.8-openjdk/jre/lib/sunrsasign.jar:/usr/lib/jvm/java-1.8-openjdk/jre/lib/jsse.jar:/usr/lib/jvm/java-1.8-openjdk/jre/lib/jce.jar:/usr/lib/jvm/java-1.8-openjdk/jre/lib/charsets.jar:/usr/lib/jvm/java-1.8-openjdk/jre/lib/jfr.jar:/usr/lib/jvm/java-1.8-openjdk/jre/classes"/>
    <property name="sun.management.compiler" value="HotSpot 64-Bit Tiered Compilers"/>
    <property name="java.runtime.version" value="1.8.0_212-b04"/>
    <property name="java.net.preferIPv4Stack" value="true"/>
    <property name="user.name" value="jenkins1000"/>
    <property name="path.separator" value=":"/>
    <property name="java.security.egd" value="file:///dev/urandom"/>
    <property name="os.version" value="3.10.0-957.12.2.el7.x86_64"/>
    <property name="java.endorsed.dirs" value="/usr/lib/jvm/java-1.8-openjdk/jre/lib/endorsed"/>
    <property name="java.runtime.name" value="OpenJDK Runtime Environment"/>
    <property name="file.encoding" value="UTF-8"/>
    <property name="java.vm.name" value="OpenJDK 64-Bit Server VM"/>
    <property name="test.build.webapps" value=""/>
    <property name="localRepository" value="/home/user/.m2/repository"/>
    <property name="java.vendor.url.bug" value="https://icedtea.classpath.org/bugzilla"/>
    <property name="java.io.tmpdir" value="/tmp"/>
    <property name="require.test.libhadoop" value=""/>
    <property name="java.version" value="1.8.0_212"/>
    <property name="user.dir" value="/workdir/hadoop-ozone/integration-test"/>
    <property name="os.arch" value="amd64"/>
    <property name="java.vm.specification.name" value="Java Virtual Machine Specification"/>
    <property name="test.build.classes" value="/workdir/hadoop-ozone/integration-test/target/test-classes"/>
    <property name="java.awt.printerjob" value="sun.print.PSPrinterJob"/>
    <property name="sun.os.patch.level" value="unknown"/>
    <property name="hadoop.tmp.dir" value="/workdir/hadoop-ozone/integration-test/target/tmp"/>
    <property name="java.library.path" value="/usr/lib/jvm/java-1.8-openjdk/jre/lib/amd64/server:/usr/lib/jvm/java-1.8-openjdk/jre/lib/amd64:/usr/lib/jvm/java-1.8-openjdk/jre/../lib/amd64:/workdir/hadoop-ozone/integration-test/target/native/target/usr/local/lib:/workdir/hadoop-ozone/integration-test/../../hadoop-common-project/hadoop-common/target/native/target/usr/local/lib:/usr/java/packages/lib/amd64:/usr/lib64:/lib64:/lib:/usr/lib"/>
    <property name="java.vm.info" value="mixed mode"/>
    <property name="java.vendor" value="IcedTea"/>
    <property name="java.vm.version" value="25.212-b04"/>
    <property name="java.ext.dirs" value="/usr/lib/jvm/java-1.8-openjdk/jre/lib/ext:/usr/java/packages/lib/ext"/>
    <property name="sun.io.unicode.encoding" value="UnicodeLittle"/>
    <property name="java.class.version" value="52.0"/>
  </properties>
  <testcase name="testGroupMismatchExceptionHandling" classname="org.apache.hadoop.ozone.client.rpc.TestOzoneClientRetriesOnException" time="49.013"/>
  <testcase name="testMaxRetriesByOzoneClient" classname="org.apache.hadoop.ozone.client.rpc.TestOzoneClientRetriesOnException" time="124.235">
    <error message="Failed to command cmdType: CreateContainer&#10;containerID: 1&#10;datanodeUuid: &quot;00008384-59d3-451f-b64d-d1f14470a714&quot;&#10;createContainer {&#10;}&#10;" type="java.io.IOException">java.io.IOException: 
Failed to command cmdType: CreateContainer
containerID: 1
datanodeUuid: "00008384-59d3-451f-b64d-d1f14470a714"
createContainer {
}

	at org.apache.hadoop.hdds.scm.XceiverClientSpi.sendCommand(XceiverClientSpi.java:113)
	at org.apache.hadoop.ozone.client.rpc.TestOzoneClientRetriesOnException.testMaxRetriesByOzoneClient(TestOzoneClientRetriesOnException.java:190)
	at sun.reflect.NativeMethodAccessorImpl.invoke0(Native Method)
	at sun.reflect.NativeMethodAccessorImpl.invoke(NativeMethodAccessorImpl.java:62)
	at sun.reflect.DelegatingMethodAccessorImpl.invoke(DelegatingMethodAccessorImpl.java:43)
	at java.lang.reflect.Method.invoke(Method.java:498)
	at org.junit.runners.model.FrameworkMethod$1.runReflectiveCall(FrameworkMethod.java:47)
	at org.junit.internal.runners.model.ReflectiveCallable.run(ReflectiveCallable.java:12)
	at org.junit.runners.model.FrameworkMethod.invokeExplosively(FrameworkMethod.java:44)
	at org.junit.internal.runners.statements.InvokeMethod.evaluate(InvokeMethod.java:17)
	at org.junit.internal.runners.statements.RunBefores.evaluate(RunBefores.java:26)
	at org.junit.internal.runners.statements.RunAfters.evaluate(RunAfters.java:27)
	at org.junit.runners.ParentRunner.runLeaf(ParentRunner.java:271)
	at org.junit.runners.BlockJUnit4ClassRunner.runChild(BlockJUnit4ClassRunner.java:70)
	at org.junit.runners.BlockJUnit4ClassRunner.runChild(BlockJUnit4ClassRunner.java:50)
	at org.junit.runners.ParentRunner$3.run(ParentRunner.java:238)
	at org.junit.runners.ParentRunner$1.schedule(ParentRunner.java:63)
	at org.junit.runners.ParentRunner.runChildren(ParentRunner.java:236)
	at org.junit.runners.ParentRunner.access$000(ParentRunner.java:53)
	at org.junit.runners.ParentRunner$2.evaluate(ParentRunner.java:229)
	at org.junit.runners.ParentRunner.run(ParentRunner.java:309)
	at org.apache.maven.surefire.junit4.JUnit4Provider.execute(JUnit4Provider.java:365)
	at org.apache.maven.surefire.junit4.JUnit4Provider.executeWithRerun(JUnit4Provider.java:273)
	at org.apache.maven.surefire.junit4.JUnit4Provider.executeTestSet(JUnit4Provider.java:238)
	at org.apache.maven.surefire.junit4.JUnit4Provider.invoke(JUnit4Provider.java:159)
	at org.apache.maven.surefire.booter.ForkedBooter.invokeProviderInSameClassLoader(ForkedBooter.java:384)
	at org.apache.maven.surefire.booter.ForkedBooter.runSuitesInProcess(ForkedBooter.java:345)
	at org.apache.maven.surefire.booter.ForkedBooter.execute(ForkedBooter.java:126)
	at org.apache.maven.surefire.booter.ForkedBooter.main(ForkedBooter.java:418)
Caused by: java.util.concurrent.ExecutionException: org.apache.ratis.protocol.RaftRetryFailureException: Failed RaftClientRequest:client-805929C5305C->6aa10c05-48fc-4ac9-9cd7-308cacba71f0@group-1B1D3B05D62B, cid=45, seq=4*, RW, org.apache.hadoop.hdds.scm.XceiverClientRatis$$Lambda$350/1172943149@9bd2a6b for 180 attempts with RetryLimited(maxAttempts=180, sleepTime=1000ms)
	at java.util.concurrent.CompletableFuture.reportGet(CompletableFuture.java:357)
	at java.util.concurrent.CompletableFuture.get(CompletableFuture.java:1895)
	at org.apache.hadoop.hdds.scm.XceiverClientSpi.sendCommand(XceiverClientSpi.java:110)
	... 28 more
Caused by: org.apache.ratis.protocol.RaftRetryFailureException: Failed RaftClientRequest:client-805929C5305C->6aa10c05-48fc-4ac9-9cd7-308cacba71f0@group-1B1D3B05D62B, cid=45, seq=4*, RW, org.apache.hadoop.hdds.scm.XceiverClientRatis$$Lambda$350/1172943149@9bd2a6b for 180 attempts with RetryLimited(maxAttempts=180, sleepTime=1000ms)
	at org.apache.ratis.client.impl.RaftClientImpl.noMoreRetries(RaftClientImpl.java:271)
	at org.apache.ratis.client.impl.OrderedAsync.handleAsyncRetryFailure(OrderedAsync.java:138)
	at org.apache.ratis.client.impl.OrderedAsync.lambda$sendRequest$10(OrderedAsync.java:230)
	at java.util.concurrent.CompletableFuture.uniExceptionally(CompletableFuture.java:870)
	at java.util.concurrent.CompletableFuture$UniExceptionally.tryFire(CompletableFuture.java:852)
	at java.util.concurrent.CompletableFuture.postComplete(CompletableFuture.java:474)
	at java.util.concurrent.CompletableFuture.completeExceptionally(CompletableFuture.java:1977)
	at org.apache.ratis.grpc.client.GrpcClientProtocolClient$AsyncStreamObservers.completeReplyExceptionally(GrpcClientProtocolClient.java:339)
	at org.apache.ratis.grpc.client.GrpcClientProtocolClient$AsyncStreamObservers.access$000(GrpcClientProtocolClient.java:255)
	at org.apache.ratis.grpc.client.GrpcClientProtocolClient$AsyncStreamObservers$1.onNext(GrpcClientProtocolClient.java:267)
	at org.apache.ratis.grpc.client.GrpcClientProtocolClient$AsyncStreamObservers$1.onNext(GrpcClientProtocolClient.java:258)
	at org.apache.ratis.thirdparty.io.grpc.stub.ClientCalls$StreamObserverToCallListenerAdapter.onMessage(ClientCalls.java:421)
	at org.apache.ratis.thirdparty.io.grpc.ForwardingClientCallListener.onMessage(ForwardingClientCallListener.java:33)
	at org.apache.ratis.thirdparty.io.grpc.ForwardingClientCallListener.onMessage(ForwardingClientCallListener.java:33)
	at org.apache.ratis.thirdparty.io.grpc.internal.ClientCallImpl$ClientStreamListenerImpl$1MessagesAvailable.runInContext(ClientCallImpl.java:519)
	at org.apache.ratis.thirdparty.io.grpc.internal.ContextRunnable.run(ContextRunnable.java:37)
	at org.apache.ratis.thirdparty.io.grpc.internal.SerializingExecutor.run(SerializingExecutor.java:123)
	at java.util.concurrent.ThreadPoolExecutor.runWorker(ThreadPoolExecutor.java:1149)
	at java.util.concurrent.ThreadPoolExecutor$Worker.run(ThreadPoolExecutor.java:624)
	at java.lang.Thread.run(Thread.java:748)
Caused by: org.apache.ratis.protocol.NotLeaderException: Server 6aa10c05-48fc-4ac9-9cd7-308cacba71f0@group-1B1D3B05D62B is not the leader 7a949e52-d361-4472-b94e-f2b9035b6b4f:192.168.164.234:34433
	at org.apache.ratis.client.impl.ClientProtoUtils.toRaftClientReply(ClientProtoUtils.java:243)
	at org.apache.ratis.grpc.client.GrpcClientProtocolClient$AsyncStreamObservers$1.onNext(GrpcClientProtocolClient.java:263)
	... 10 more
</error>
    <system-out><![CDATA[2019-09-25 10:46:01,952 [main] WARN  server.ServerUtils (ServerUtils.java:getScmDbDir(145)) - ozone.scm.db.dirs is not configured. We recommend adding this setting. Falling back to ozone.metadata.dirs instead.
2019-09-25 10:46:01,987 [main] WARN  server.ServerUtils (ServerUtils.java:getScmDbDir(145)) - ozone.scm.db.dirs is not configured. We recommend adding this setting. Falling back to ozone.metadata.dirs instead.
2019-09-25 10:46:01,988 [main] WARN  server.ServerUtils (ServerUtils.java:getScmDbDir(145)) - ozone.scm.db.dirs is not configured. We recommend adding this setting. Falling back to ozone.metadata.dirs instead.
2019-09-25 10:46:01,989 [main] INFO  db.DBStoreBuilder (DBStoreBuilder.java:addTable(110)) - using custom profile for table: deletedBlocks
2019-09-25 10:46:01,989 [main] INFO  db.DBStoreBuilder (DBStoreBuilder.java:processTables(161)) - Using default column profile:DBProfile.DISK for Table:deletedBlocks
2019-09-25 10:46:01,990 [main] INFO  db.DBStoreBuilder (DBStoreBuilder.java:addTable(110)) - using custom profile for table: validCerts
2019-09-25 10:46:01,990 [main] INFO  db.DBStoreBuilder (DBStoreBuilder.java:processTables(161)) - Using default column profile:DBProfile.DISK for Table:validCerts
2019-09-25 10:46:01,990 [main] INFO  db.DBStoreBuilder (DBStoreBuilder.java:addTable(110)) - using custom profile for table: revokedCerts
2019-09-25 10:46:01,991 [main] INFO  db.DBStoreBuilder (DBStoreBuilder.java:processTables(161)) - Using default column profile:DBProfile.DISK for Table:revokedCerts
2019-09-25 10:46:01,991 [main] INFO  db.DBStoreBuilder (DBStoreBuilder.java:addTable(110)) - using custom profile for table: default
2019-09-25 10:46:01,992 [main] INFO  db.DBStoreBuilder (DBStoreBuilder.java:processTables(167)) - Using default column profile:DBProfile.DISK for Table:default
2019-09-25 10:46:01,992 [main] INFO  db.DBStoreBuilder (DBStoreBuilder.java:getDbProfile(198)) - Using default options. DBProfile.DISK
2019-09-25 10:46:02,150 [main] INFO  net.NodeSchemaLoader (NodeSchemaLoader.java:loadSchemaFromFile(125)) - Loading file from sun.misc.CompoundEnumeration@5de5e95
2019-09-25 10:46:02,150 [main] INFO  net.NodeSchemaLoader (NodeSchemaLoader.java:loadSchema(171)) - Loading network topology layer schema file
2019-09-25 10:46:02,155 [main] WARN  server.ServerUtils (ServerUtils.java:sanitizeUserArgs(70)) - ozone.scm.stale.node.interval value = 300000 is larger than max = 100000 based on the key value of ozone.scm.heartbeat.thread.interval, reset to the max value 100000.
2019-09-25 10:46:02,155 [main] WARN  server.ServerUtils (ServerUtils.java:sanitizeUserArgs(70)) - ozone.scm.stale.node.interval value = 300000 is larger than max = 100000 based on the key value of ozone.scm.heartbeat.thread.interval, reset to the max value 100000.
2019-09-25 10:46:02,156 [main] INFO  node.SCMNodeManager (SCMNodeManager.java:<init>(114)) - Entering startup safe mode.
2019-09-25 10:46:02,157 [main] INFO  algorithms.ContainerPlacementPolicyFactory (ContainerPlacementPolicyFactory.java:getPolicy(57)) - Create container placement policy of type org.apache.hadoop.hdds.scm.container.placement.algorithms.SCMContainerPlacementRandom
2019-09-25 10:46:02,157 [main] WARN  server.ServerUtils (ServerUtils.java:getScmDbDir(145)) - ozone.scm.db.dirs is not configured. We recommend adding this setting. Falling back to ozone.metadata.dirs instead.
2019-09-25 10:46:02,179 [main] INFO  pipeline.SCMPipelineManager (SCMPipelineManager.java:initializePipelineState(132)) - No pipeline exists in current db
2019-09-25 10:46:02,179 [main] WARN  server.ServerUtils (ServerUtils.java:getScmDbDir(145)) - ozone.scm.db.dirs is not configured. We recommend adding this setting. Falling back to ozone.metadata.dirs instead.
2019-09-25 10:46:02,203 [main] WARN  events.EventQueue (EventQueue.java:fireEvent(183)) - No event handler registered for event TypedEvent{payloadType=SafeModeStatus, name='SafeModeStatus'}
2019-09-25 10:46:02,203 [main] INFO  ipc.CallQueueManager (CallQueueManager.java:<init>(84)) - Using callQueue: class java.util.concurrent.LinkedBlockingQueue, queueCapacity: 2000, scheduler: class org.apache.hadoop.ipc.DefaultRpcScheduler, ipcBackoff: false.
2019-09-25 10:46:02,204 [Socket Reader #1 for port 39300] INFO  ipc.Server (Server.java:run(1074)) - Starting Socket Reader #1 for port 39300
2019-09-25 10:46:02,206 [main] INFO  ipc.CallQueueManager (CallQueueManager.java:<init>(84)) - Using callQueue: class java.util.concurrent.LinkedBlockingQueue, queueCapacity: 2000, scheduler: class org.apache.hadoop.ipc.DefaultRpcScheduler, ipcBackoff: false.
2019-09-25 10:46:02,206 [Socket Reader #1 for port 38317] INFO  ipc.Server (Server.java:run(1074)) - Starting Socket Reader #1 for port 38317
2019-09-25 10:46:02,207 [main] INFO  ipc.CallQueueManager (CallQueueManager.java:<init>(84)) - Using callQueue: class java.util.concurrent.LinkedBlockingQueue, queueCapacity: 2000, scheduler: class org.apache.hadoop.ipc.DefaultRpcScheduler, ipcBackoff: false.
2019-09-25 10:46:02,208 [Socket Reader #1 for port 33271] INFO  ipc.Server (Server.java:run(1074)) - Starting Socket Reader #1 for port 33271
2019-09-25 10:46:02,209 [main] INFO  hdfs.DFSUtil (DFSUtil.java:httpServerTemplateForNNAndJN(1641)) - Starting Web-server for scm at: http://0.0.0.0:0
2019-09-25 10:46:02,211 [main] INFO  server.AuthenticationFilter (AuthenticationFilter.java:constructSecretProvider(240)) - Unable to initialize FileSignerSecretProvider, falling back to use random secrets.
2019-09-25 10:46:02,212 [main] WARN  http.HttpRequestLog (HttpRequestLog.java:getRequestLog(97)) - Jetty request log can only be enabled using Log4j
2019-09-25 10:46:02,213 [main] INFO  http.HttpServer2 (HttpServer2.java:addGlobalFilter(975)) - Added global filter 'safety' (class=org.apache.hadoop.http.HttpServer2$QuotingInputFilter)
2019-09-25 10:46:02,214 [main] INFO  http.HttpServer2 (HttpServer2.java:addFilter(948)) - Added filter static_user_filter (class=org.apache.hadoop.http.lib.StaticUserWebFilter$StaticUserFilter) to context scm
2019-09-25 10:46:02,214 [main] INFO  http.HttpServer2 (HttpServer2.java:addFilter(958)) - Added filter static_user_filter (class=org.apache.hadoop.http.lib.StaticUserWebFilter$StaticUserFilter) to context static
2019-09-25 10:46:02,214 [main] INFO  http.HttpServer2 (HttpServer2.java:addFilter(958)) - Added filter static_user_filter (class=org.apache.hadoop.http.lib.StaticUserWebFilter$StaticUserFilter) to context logs
2019-09-25 10:46:02,216 [main] INFO  server.StorageContainerManager (StorageContainerManager.java:start(770)) - StorageContainerLocationProtocol RPC server is listening at /0.0.0.0:33271
2019-09-25 10:46:02,218 [main] WARN  impl.MetricsConfig (MetricsConfig.java:loadFirst(134)) - Cannot locate configuration: tried hadoop-metrics2-storagecontainermanager.properties,hadoop-metrics2.properties
2019-09-25 10:46:02,219 [main] INFO  impl.MetricsSystemImpl (MetricsSystemImpl.java:startTimer(374)) - Scheduled Metric snapshot period at 10 second(s).
2019-09-25 10:46:02,219 [main] INFO  impl.MetricsSystemImpl (MetricsSystemImpl.java:start(191)) - StorageContainerManager metrics system started
2019-09-25 10:46:02,254 [main] WARN  impl.MetricsSystemImpl (MetricsSystemImpl.java:register(276)) - Sink prometheus already exists!
2019-09-25 10:46:02,259 [main] INFO  server.SCMClientProtocolServer (SCMClientProtocolServer.java:start(150)) - RPC server for Client  is listening at /0.0.0.0:33271
2019-09-25 10:46:02,259 [IPC Server Responder] INFO  ipc.Server (Server.java:run(1314)) - IPC Server Responder: starting
2019-09-25 10:46:02,259 [IPC Server listener on 33271] INFO  ipc.Server (Server.java:run(1153)) - IPC Server listener on 33271: starting
2019-09-25 10:46:02,263 [main] INFO  server.StorageContainerManager (StorageContainerManager.java:start(780)) - ScmBlockLocationProtocol RPC server is listening at /0.0.0.0:38317
2019-09-25 10:46:02,263 [main] INFO  server.SCMBlockProtocolServer (SCMBlockProtocolServer.java:start(146)) - RPC server for Block Protocol is listening at /0.0.0.0:38317
2019-09-25 10:46:02,263 [IPC Server Responder] INFO  ipc.Server (Server.java:run(1314)) - IPC Server Responder: starting
2019-09-25 10:46:02,264 [IPC Server listener on 38317] INFO  ipc.Server (Server.java:run(1153)) - IPC Server listener on 38317: starting
2019-09-25 10:46:02,267 [main] INFO  server.StorageContainerManager (StorageContainerManager.java:start(784)) - ScmDatanodeProtocl RPC server is listening at /0.0.0.0:39300
2019-09-25 10:46:02,267 [main] INFO  server.SCMDatanodeProtocolServer (SCMDatanodeProtocolServer.java:start(191)) - RPC server for DataNodes is listening at /0.0.0.0:39300
2019-09-25 10:46:02,267 [IPC Server listener on 39300] INFO  ipc.Server (Server.java:run(1153)) - IPC Server listener on 39300: starting
2019-09-25 10:46:02,267 [IPC Server Responder] INFO  ipc.Server (Server.java:run(1314)) - IPC Server Responder: starting
2019-09-25 10:46:02,270 [main] INFO  http.HttpServer2 (HttpServer2.java:bindListener(1191)) - Jetty bound to port 39896
2019-09-25 10:46:02,270 [main] INFO  server.Server (Server.java:doStart(351)) - jetty-9.3.25.v20180904, build timestamp: 2018-09-04T21:11:46Z, git hash: 3ce520221d0240229c862b122d2b06c12a625732
2019-09-25 10:46:02,272 [main] INFO  handler.ContextHandler (ContextHandler.java:doStart(781)) - Started o.e.j.s.ServletContextHandler@40fa8766{/logs,file:///workdir/hadoop-ozone/integration-test/target/log,AVAILABLE}
2019-09-25 10:46:02,273 [main] INFO  handler.ContextHandler (ContextHandler.java:doStart(781)) - Started o.e.j.s.ServletContextHandler@663f237a{/static,file:///workdir/hadoop-ozone/integration-test/target/test-classes/webapps/static,AVAILABLE}
2019-09-25 10:46:02,277 [main] INFO  handler.ContextHandler (ContextHandler.java:doStart(781)) - Started o.e.j.w.WebAppContext@56476c16{/,file:///workdir/hadoop-ozone/integration-test/target/test-classes/webapps/scm/,AVAILABLE}{/scm}
2019-09-25 10:46:02,278 [main] INFO  server.AbstractConnector (AbstractConnector.java:doStart(278)) - Started ServerConnector@497b560e{HTTP/1.1,[http/1.1]}{0.0.0.0:39896}
2019-09-25 10:46:02,278 [main] INFO  server.Server (Server.java:doStart(419)) - Started @49901ms
2019-09-25 10:46:02,278 [main] WARN  impl.MetricsSystemImpl (MetricsSystemImpl.java:register(276)) - Sink prometheus already exists!
2019-09-25 10:46:02,279 [main] INFO  server.BaseHttpServer (BaseHttpServer.java:updateConnectorAddress(215)) - HTTP server of SCM is listening at http://0.0.0.0:39896
2019-09-25 10:46:02,280 [main] WARN  server.ServerUtils (ServerUtils.java:getDBPath(222)) - ozone.om.db.dirs is not configured. We recommend adding this setting. Falling back to ozone.metadata.dirs instead.
2019-09-25 10:46:02,280 [org.apache.hadoop.util.JvmPauseMonitor$Monitor@3ba348ca] INFO  util.JvmPauseMonitor (JvmPauseMonitor.java:run(188)) - Starting JVM pause monitor
2019-09-25 10:46:02,294 [main] WARN  server.ServerUtils (ServerUtils.java:getDBPath(222)) - ozone.om.db.dirs is not configured. We recommend adding this setting. Falling back to ozone.metadata.dirs instead.
2019-09-25 10:46:02,295 [main] WARN  server.ServerUtils (ServerUtils.java:getDBPath(222)) - ozone.om.db.dirs is not configured. We recommend adding this setting. Falling back to ozone.metadata.dirs instead.
2019-09-25 10:46:02,295 [main] INFO  om.OzoneManager (OzoneManager.java:setOMNodeDetails(652)) - OM Service ID is not set. Setting it to the default ID: omServiceIdDefault
2019-09-25 10:46:02,295 [main] INFO  om.OzoneManager (OzoneManager.java:setOMNodeDetails(658)) - OM Node ID is not set. Setting it to the OmStorage's OmID: cdcf8226-67ff-4fc9-887f-d0d3dcad6d52
2019-09-25 10:46:02,295 [main] INFO  om.OzoneManager (OzoneManager.java:loadOMHAConfigs(609)) - Found matching OM address with OMServiceId: null, OMNodeId: null, RPC Address: localhost:0 and Ratis port: 9872
2019-09-25 10:46:02,301 [main] WARN  server.ServerUtils (ServerUtils.java:getDBPath(222)) - ozone.om.db.dirs is not configured. We recommend adding this setting. Falling back to ozone.metadata.dirs instead.
2019-09-25 10:46:02,302 [main] INFO  db.DBStoreBuilder (DBStoreBuilder.java:addTable(110)) - using custom profile for table: userTable
2019-09-25 10:46:02,302 [main] INFO  db.DBStoreBuilder (DBStoreBuilder.java:processTables(161)) - Using default column profile:DBProfile.DISK for Table:userTable
2019-09-25 10:46:02,302 [main] INFO  db.DBStoreBuilder (DBStoreBuilder.java:addTable(110)) - using custom profile for table: volumeTable
2019-09-25 10:46:02,303 [main] INFO  db.DBStoreBuilder (DBStoreBuilder.java:processTables(161)) - Using default column profile:DBProfile.DISK for Table:volumeTable
2019-09-25 10:46:02,303 [main] INFO  db.DBStoreBuilder (DBStoreBuilder.java:addTable(110)) - using custom profile for table: bucketTable
2019-09-25 10:46:02,303 [main] INFO  db.DBStoreBuilder (DBStoreBuilder.java:processTables(161)) - Using default column profile:DBProfile.DISK for Table:bucketTable
2019-09-25 10:46:02,303 [main] INFO  db.DBStoreBuilder (DBStoreBuilder.java:addTable(110)) - using custom profile for table: keyTable
2019-09-25 10:46:02,303 [main] INFO  db.DBStoreBuilder (DBStoreBuilder.java:processTables(161)) - Using default column profile:DBProfile.DISK for Table:keyTable
2019-09-25 10:46:02,304 [main] INFO  db.DBStoreBuilder (DBStoreBuilder.java:addTable(110)) - using custom profile for table: deletedTable
2019-09-25 10:46:02,304 [main] INFO  db.DBStoreBuilder (DBStoreBuilder.java:processTables(161)) - Using default column profile:DBProfile.DISK for Table:deletedTable
2019-09-25 10:46:02,304 [main] INFO  db.DBStoreBuilder (DBStoreBuilder.java:addTable(110)) - using custom profile for table: openKeyTable
2019-09-25 10:46:02,304 [main] INFO  db.DBStoreBuilder (DBStoreBuilder.java:processTables(161)) - Using default column profile:DBProfile.DISK for Table:openKeyTable
2019-09-25 10:46:02,305 [main] INFO  db.DBStoreBuilder (DBStoreBuilder.java:addTable(110)) - using custom profile for table: s3Table
2019-09-25 10:46:02,305 [main] INFO  db.DBStoreBuilder (DBStoreBuilder.java:processTables(161)) - Using default column profile:DBProfile.DISK for Table:s3Table
2019-09-25 10:46:02,305 [main] INFO  db.DBStoreBuilder (DBStoreBuilder.java:addTable(110)) - using custom profile for table: multipartInfoTable
2019-09-25 10:46:02,305 [main] INFO  db.DBStoreBuilder (DBStoreBuilder.java:processTables(161)) - Using default column profile:DBProfile.DISK for Table:multipartInfoTable
2019-09-25 10:46:02,306 [main] INFO  db.DBStoreBuilder (DBStoreBuilder.java:addTable(110)) - using custom profile for table: dTokenTable
2019-09-25 10:46:02,306 [main] INFO  db.DBStoreBuilder (DBStoreBuilder.java:processTables(161)) - Using default column profile:DBProfile.DISK for Table:dTokenTable
2019-09-25 10:46:02,306 [main] INFO  db.DBStoreBuilder (DBStoreBuilder.java:addTable(110)) - using custom profile for table: s3SecretTable
2019-09-25 10:46:02,306 [main] INFO  db.DBStoreBuilder (DBStoreBuilder.java:processTables(161)) - Using default column profile:DBProfile.DISK for Table:s3SecretTable
2019-09-25 10:46:02,307 [main] INFO  db.DBStoreBuilder (DBStoreBuilder.java:addTable(110)) - using custom profile for table: prefixTable
2019-09-25 10:46:02,307 [main] INFO  db.DBStoreBuilder (DBStoreBuilder.java:processTables(161)) - Using default column profile:DBProfile.DISK for Table:prefixTable
2019-09-25 10:46:02,307 [main] INFO  db.DBStoreBuilder (DBStoreBuilder.java:addTable(110)) - using custom profile for table: default
2019-09-25 10:46:02,307 [main] INFO  db.DBStoreBuilder (DBStoreBuilder.java:processTables(167)) - Using default column profile:DBProfile.DISK for Table:default
2019-09-25 10:46:02,308 [main] INFO  db.DBStoreBuilder (DBStoreBuilder.java:getDbProfile(198)) - Using default options. DBProfile.DISK
2019-09-25 10:46:02,675 [main] INFO  ipc.CallQueueManager (CallQueueManager.java:<init>(84)) - Using callQueue: class java.util.concurrent.LinkedBlockingQueue, queueCapacity: 2000, scheduler: class org.apache.hadoop.ipc.DefaultRpcScheduler, ipcBackoff: false.
2019-09-25 10:46:02,676 [Socket Reader #1 for port 36330] INFO  ipc.Server (Server.java:run(1074)) - Starting Socket Reader #1 for port 36330
2019-09-25 10:46:02,688 [main] INFO  om.OzoneManager (OzoneManager.java:start(1243)) - OzoneManager RPC server is listening at localhost/127.0.0.1:36330
2019-09-25 10:46:02,688 [main] INFO  impl.MetricsSystemImpl (MetricsSystemImpl.java:init(158)) - OzoneManager metrics system started (again)
2019-09-25 10:46:02,689 [IPC Server Responder] INFO  ipc.Server (Server.java:run(1314)) - IPC Server Responder: starting
2019-09-25 10:46:02,690 [IPC Server listener on 36330] INFO  ipc.Server (Server.java:run(1153)) - IPC Server listener on 36330: starting
2019-09-25 10:46:02,694 [main] INFO  hdfs.DFSUtil (DFSUtil.java:httpServerTemplateForNNAndJN(1641)) - Starting Web-server for ozoneManager at: http://0.0.0.0:0
2019-09-25 10:46:02,696 [main] INFO  server.AuthenticationFilter (AuthenticationFilter.java:constructSecretProvider(240)) - Unable to initialize FileSignerSecretProvider, falling back to use random secrets.
2019-09-25 10:46:02,696 [main] WARN  http.HttpRequestLog (HttpRequestLog.java:getRequestLog(97)) - Jetty request log can only be enabled using Log4j
2019-09-25 10:46:02,697 [main] INFO  http.HttpServer2 (HttpServer2.java:addGlobalFilter(975)) - Added global filter 'safety' (class=org.apache.hadoop.http.HttpServer2$QuotingInputFilter)
2019-09-25 10:46:02,698 [main] INFO  http.HttpServer2 (HttpServer2.java:addFilter(948)) - Added filter static_user_filter (class=org.apache.hadoop.http.lib.StaticUserWebFilter$StaticUserFilter) to context ozoneManager
2019-09-25 10:46:02,698 [main] INFO  http.HttpServer2 (HttpServer2.java:addFilter(958)) - Added filter static_user_filter (class=org.apache.hadoop.http.lib.StaticUserWebFilter$StaticUserFilter) to context static
2019-09-25 10:46:02,698 [main] INFO  http.HttpServer2 (HttpServer2.java:addFilter(958)) - Added filter static_user_filter (class=org.apache.hadoop.http.lib.StaticUserWebFilter$StaticUserFilter) to context logs
2019-09-25 10:46:02,699 [main] INFO  http.HttpServer2 (HttpServer2.java:bindListener(1191)) - Jetty bound to port 35996
2019-09-25 10:46:02,699 [main] INFO  server.Server (Server.java:doStart(351)) - jetty-9.3.25.v20180904, build timestamp: 2018-09-04T21:11:46Z, git hash: 3ce520221d0240229c862b122d2b06c12a625732
2019-09-25 10:46:02,701 [main] INFO  handler.ContextHandler (ContextHandler.java:doStart(781)) - Started o.e.j.s.ServletContextHandler@1682c08c{/logs,file:///workdir/hadoop-ozone/integration-test/target/log,AVAILABLE}
2019-09-25 10:46:02,701 [main] INFO  handler.ContextHandler (ContextHandler.java:doStart(781)) - Started o.e.j.s.ServletContextHandler@4eb9f2af{/static,file:///workdir/hadoop-ozone/integration-test/target/test-classes/webapps/static,AVAILABLE}
2019-09-25 10:46:02,705 [main] INFO  handler.ContextHandler (ContextHandler.java:doStart(781)) - Started o.e.j.w.WebAppContext@630390b9{/,file:///workdir/hadoop-ozone/integration-test/target/test-classes/webapps/ozoneManager/,AVAILABLE}{/ozoneManager}
2019-09-25 10:46:02,705 [main] INFO  server.AbstractConnector (AbstractConnector.java:doStart(278)) - Started ServerConnector@6690b9fa{HTTP/1.1,[http/1.1]}{0.0.0.0:35996}
2019-09-25 10:46:02,706 [main] INFO  server.Server (Server.java:doStart(419)) - Started @50329ms
2019-09-25 10:46:02,706 [main] WARN  impl.MetricsSystemImpl (MetricsSystemImpl.java:register(276)) - Sink prometheus already exists!
2019-09-25 10:46:02,707 [main] INFO  server.BaseHttpServer (BaseHttpServer.java:updateConnectorAddress(215)) - HTTP server of OZONEMANAGER is listening at http://0.0.0.0:35996
2019-09-25 10:46:02,722 [main] INFO  impl.MetricsSystemImpl (MetricsSystemImpl.java:init(158)) - HddsDatanode metrics system started (again)
2019-09-25 10:46:02,724 [main] INFO  ozone.HddsDatanodeService (HddsDatanodeService.java:start(184)) - HddsDatanodeService host:pr-hdds-2067-fv87d-1578606345 ip:192.168.164.234
2019-09-25 10:46:02,730 [main] INFO  volume.HddsVolume (HddsVolume.java:<init>(176)) - Creating Volume: /workdir/hadoop-ozone/integration-test/target/test-dir/MiniOzoneClusterImpl-98543f66-0f4c-4586-80e6-01b94623704d/datanode-0/data/containers/hdds of  storage type : DISK and capacity : 1482555576320
2019-09-25 10:46:02,730 [main] INFO  volume.VolumeSet (VolumeSet.java:initializeVolumeSet(170)) - Added Volume : /workdir/hadoop-ozone/integration-test/target/test-dir/MiniOzoneClusterImpl-98543f66-0f4c-4586-80e6-01b94623704d/datanode-0/data/containers/hdds to VolumeSet
2019-09-25 10:46:02,730 [main] INFO  volume.ThrottledAsyncChecker (ThrottledAsyncChecker.java:schedule(139)) - Scheduling a check for org.apache.hadoop.ozone.container.common.volume.HddsVolume@1e692555
2019-09-25 10:46:02,731 [main] INFO  volume.HddsVolumeChecker (HddsVolumeChecker.java:checkAllVolumes(202)) - Scheduled health check for volume org.apache.hadoop.ozone.container.common.volume.HddsVolume@1e692555
2019-09-25 10:46:02,744 [main] INFO  impl.RaftServerProxy (ConfUtils.java:logGet(43)) - raft.rpc.type = GRPC (default)
2019-09-25 10:46:02,744 [main] INFO  grpc.GrpcFactory (GrpcFactory.java:checkPooledByteBufAllocatorUseCacheForAllThreads(45)) - PERFORMANCE WARNING: useCacheForAllThreads is true that may cause Netty to create a lot garbage objects and, as a result, trigger GC.
	It is recommended to disable useCacheForAllThreads by setting -Dorg.apache.ratis.thirdparty.io.netty.allocator.useCacheForAllThreads=false in command line.
2019-09-25 10:46:02,744 [main] INFO  grpc.GrpcConfigKeys$Server (ConfUtils.java:logGet(43)) - raft.grpc.server.port = 0 (default)
2019-09-25 10:46:02,744 [main] INFO  server.GrpcService (ConfUtils.java:logGet(43)) - raft.grpc.message.size.max = 33570816 (custom)
2019-09-25 10:46:02,744 [main] INFO  server.RaftServerConfigKeys (ConfUtils.java:logGet(43)) - raft.server.log.appender.buffer.byte-limit = 33554432 (custom)
2019-09-25 10:46:02,745 [main] INFO  server.GrpcService (ConfUtils.java:logGet(43)) - raft.grpc.flow.control.window = 1MB (=1048576) (default)
2019-09-25 10:46:02,745 [main] INFO  server.RaftServerConfigKeys (ConfUtils.java:logGet(43)) - raft.server.rpc.request.timeout = 3000ms (default)
2019-09-25 10:46:02,746 [main] INFO  server.RaftServerConfigKeys (ConfUtils.java:logGet(43)) - raft.server.storage.dir = [/workdir/hadoop-ozone/integration-test/target/test-dir/MiniOzoneClusterImpl-98543f66-0f4c-4586-80e6-01b94623704d/datanode-0/data/ratis] (custom)
2019-09-25 10:46:02,747 [main] INFO  hdfs.DFSUtil (DFSUtil.java:httpServerTemplateForNNAndJN(1641)) - Starting Web-server for hddsDatanode at: http://0.0.0.0:0
2019-09-25 10:46:02,748 [main] INFO  server.AuthenticationFilter (AuthenticationFilter.java:constructSecretProvider(240)) - Unable to initialize FileSignerSecretProvider, falling back to use random secrets.
2019-09-25 10:46:02,748 [main] WARN  http.HttpRequestLog (HttpRequestLog.java:getRequestLog(97)) - Jetty request log can only be enabled using Log4j
2019-09-25 10:46:02,750 [main] INFO  http.HttpServer2 (HttpServer2.java:addGlobalFilter(975)) - Added global filter 'safety' (class=org.apache.hadoop.http.HttpServer2$QuotingInputFilter)
2019-09-25 10:46:02,750 [main] INFO  http.HttpServer2 (HttpServer2.java:addFilter(948)) - Added filter static_user_filter (class=org.apache.hadoop.http.lib.StaticUserWebFilter$StaticUserFilter) to context hddsDatanode
2019-09-25 10:46:02,751 [main] INFO  http.HttpServer2 (HttpServer2.java:addFilter(958)) - Added filter static_user_filter (class=org.apache.hadoop.http.lib.StaticUserWebFilter$StaticUserFilter) to context logs
2019-09-25 10:46:02,751 [main] INFO  http.HttpServer2 (HttpServer2.java:addFilter(958)) - Added filter static_user_filter (class=org.apache.hadoop.http.lib.StaticUserWebFilter$StaticUserFilter) to context static
2019-09-25 10:46:02,751 [main] INFO  http.HttpServer2 (HttpServer2.java:bindListener(1191)) - Jetty bound to port 34675
2019-09-25 10:46:02,752 [main] INFO  server.Server (Server.java:doStart(351)) - jetty-9.3.25.v20180904, build timestamp: 2018-09-04T21:11:46Z, git hash: 3ce520221d0240229c862b122d2b06c12a625732
2019-09-25 10:46:02,753 [main] INFO  handler.ContextHandler (ContextHandler.java:doStart(781)) - Started o.e.j.s.ServletContextHandler@631cb129{/logs,file:///workdir/hadoop-ozone/integration-test/target/log,AVAILABLE}
2019-09-25 10:46:02,754 [main] INFO  handler.ContextHandler (ContextHandler.java:doStart(781)) - Started o.e.j.s.ServletContextHandler@3252747e{/static,jar:file:/home/user/.m2/repository/org/apache/hadoop/hadoop-hdds-container-service/0.5.0-SNAPSHOT/hadoop-hdds-container-service-0.5.0-SNAPSHOT.jar!/webapps/static,AVAILABLE}
2019-09-25 10:46:02,782 [main] INFO  handler.ContextHandler (ContextHandler.java:doStart(781)) - Started o.e.j.w.WebAppContext@3eb292cd{/,file:///tmp/jetty-0.0.0.0-34675-hddsDatanode-_-any-825341102986319341.dir/webapp/,AVAILABLE}{/hddsDatanode}
2019-09-25 10:46:02,782 [main] INFO  server.AbstractConnector (AbstractConnector.java:doStart(278)) - Started ServerConnector@7fd987ef{HTTP/1.1,[http/1.1]}{0.0.0.0:34675}
2019-09-25 10:46:02,783 [main] INFO  server.Server (Server.java:doStart(419)) - Started @50406ms
2019-09-25 10:46:02,783 [main] WARN  impl.MetricsSystemImpl (MetricsSystemImpl.java:register(276)) - Sink prometheus already exists!
2019-09-25 10:46:02,784 [main] INFO  server.BaseHttpServer (BaseHttpServer.java:updateConnectorAddress(215)) - HTTP server of HDDSDATANODE is listening at http://0.0.0.0:34675
2019-09-25 10:46:02,784 [main] INFO  impl.MetricsSystemImpl (MetricsSystemImpl.java:init(158)) - HddsDatanode metrics system started (again)
2019-09-25 10:46:02,788 [org.apache.hadoop.util.JvmPauseMonitor$Monitor@4d4050b6] INFO  util.JvmPauseMonitor (JvmPauseMonitor.java:run(188)) - Starting JVM pause monitor
2019-09-25 10:46:02,788 [main] INFO  ozone.HddsDatanodeService (HddsDatanodeService.java:start(184)) - HddsDatanodeService host:pr-hdds-2067-fv87d-1578606345 ip:192.168.164.234
2019-09-25 10:46:02,790 [Datanode State Machine Thread - 0] INFO  datanode.InitDatanodeState (InitDatanodeState.java:persistContainerDatanodeDetails(140)) - DatanodeDetails is persisted to /workdir/hadoop-ozone/integration-test/target/test-dir/MiniOzoneClusterImpl-98543f66-0f4c-4586-80e6-01b94623704d/datanode-0/meta/datanode.id
2019-09-25 10:46:02,793 [main] INFO  volume.HddsVolume (HddsVolume.java:<init>(176)) - Creating Volume: /workdir/hadoop-ozone/integration-test/target/test-dir/MiniOzoneClusterImpl-98543f66-0f4c-4586-80e6-01b94623704d/datanode-1/data/containers/hdds of  storage type : DISK and capacity : 1482555576320
2019-09-25 10:46:02,793 [main] INFO  volume.VolumeSet (VolumeSet.java:initializeVolumeSet(170)) - Added Volume : /workdir/hadoop-ozone/integration-test/target/test-dir/MiniOzoneClusterImpl-98543f66-0f4c-4586-80e6-01b94623704d/datanode-1/data/containers/hdds to VolumeSet
2019-09-25 10:46:02,794 [main] INFO  volume.ThrottledAsyncChecker (ThrottledAsyncChecker.java:schedule(139)) - Scheduling a check for org.apache.hadoop.ozone.container.common.volume.HddsVolume@25f15f50
2019-09-25 10:46:02,795 [main] INFO  volume.HddsVolumeChecker (HddsVolumeChecker.java:checkAllVolumes(202)) - Scheduled health check for volume org.apache.hadoop.ozone.container.common.volume.HddsVolume@25f15f50
2019-09-25 10:46:02,809 [main] INFO  impl.RaftServerProxy (ConfUtils.java:logGet(43)) - raft.rpc.type = GRPC (default)
2019-09-25 10:46:02,809 [main] INFO  grpc.GrpcFactory (GrpcFactory.java:checkPooledByteBufAllocatorUseCacheForAllThreads(45)) - PERFORMANCE WARNING: useCacheForAllThreads is true that may cause Netty to create a lot garbage objects and, as a result, trigger GC.
	It is recommended to disable useCacheForAllThreads by setting -Dorg.apache.ratis.thirdparty.io.netty.allocator.useCacheForAllThreads=false in command line.
2019-09-25 10:46:02,809 [main] INFO  grpc.GrpcConfigKeys$Server (ConfUtils.java:logGet(43)) - raft.grpc.server.port = 0 (default)
2019-09-25 10:46:02,809 [main] INFO  server.GrpcService (ConfUtils.java:logGet(43)) - raft.grpc.message.size.max = 33570816 (custom)
2019-09-25 10:46:02,810 [main] INFO  server.RaftServerConfigKeys (ConfUtils.java:logGet(43)) - raft.server.log.appender.buffer.byte-limit = 33554432 (custom)
2019-09-25 10:46:02,810 [main] INFO  server.GrpcService (ConfUtils.java:logGet(43)) - raft.grpc.flow.control.window = 1MB (=1048576) (default)
2019-09-25 10:46:02,810 [main] INFO  server.RaftServerConfigKeys (ConfUtils.java:logGet(43)) - raft.server.rpc.request.timeout = 3000ms (default)
2019-09-25 10:46:02,810 [main] INFO  server.RaftServerConfigKeys (ConfUtils.java:logGet(43)) - raft.server.storage.dir = [/workdir/hadoop-ozone/integration-test/target/test-dir/MiniOzoneClusterImpl-98543f66-0f4c-4586-80e6-01b94623704d/datanode-1/data/ratis] (custom)
2019-09-25 10:46:02,812 [main] INFO  hdfs.DFSUtil (DFSUtil.java:httpServerTemplateForNNAndJN(1641)) - Starting Web-server for hddsDatanode at: http://0.0.0.0:0
2019-09-25 10:46:02,813 [main] INFO  server.AuthenticationFilter (AuthenticationFilter.java:constructSecretProvider(240)) - Unable to initialize FileSignerSecretProvider, falling back to use random secrets.
2019-09-25 10:46:02,813 [main] WARN  http.HttpRequestLog (HttpRequestLog.java:getRequestLog(97)) - Jetty request log can only be enabled using Log4j
2019-09-25 10:46:02,815 [main] INFO  http.HttpServer2 (HttpServer2.java:addGlobalFilter(975)) - Added global filter 'safety' (class=org.apache.hadoop.http.HttpServer2$QuotingInputFilter)
2019-09-25 10:46:02,815 [main] INFO  http.HttpServer2 (HttpServer2.java:addFilter(948)) - Added filter static_user_filter (class=org.apache.hadoop.http.lib.StaticUserWebFilter$StaticUserFilter) to context hddsDatanode
2019-09-25 10:46:02,815 [main] INFO  http.HttpServer2 (HttpServer2.java:addFilter(958)) - Added filter static_user_filter (class=org.apache.hadoop.http.lib.StaticUserWebFilter$StaticUserFilter) to context static
2019-09-25 10:46:02,815 [main] INFO  http.HttpServer2 (HttpServer2.java:addFilter(958)) - Added filter static_user_filter (class=org.apache.hadoop.http.lib.StaticUserWebFilter$StaticUserFilter) to context logs
2019-09-25 10:46:02,816 [main] INFO  http.HttpServer2 (HttpServer2.java:bindListener(1191)) - Jetty bound to port 46139
2019-09-25 10:46:02,816 [main] INFO  server.Server (Server.java:doStart(351)) - jetty-9.3.25.v20180904, build timestamp: 2018-09-04T21:11:46Z, git hash: 3ce520221d0240229c862b122d2b06c12a625732
2019-09-25 10:46:02,818 [main] INFO  handler.ContextHandler (ContextHandler.java:doStart(781)) - Started o.e.j.s.ServletContextHandler@748ac6f3{/logs,file:///workdir/hadoop-ozone/integration-test/target/log,AVAILABLE}
2019-09-25 10:46:02,818 [main] INFO  handler.ContextHandler (ContextHandler.java:doStart(781)) - Started o.e.j.s.ServletContextHandler@6fff46bf{/static,jar:file:/home/user/.m2/repository/org/apache/hadoop/hadoop-hdds-container-service/0.5.0-SNAPSHOT/hadoop-hdds-container-service-0.5.0-SNAPSHOT.jar!/webapps/static,AVAILABLE}
2019-09-25 10:46:02,846 [main] INFO  handler.ContextHandler (ContextHandler.java:doStart(781)) - Started o.e.j.w.WebAppContext@1bf14704{/,file:///tmp/jetty-0.0.0.0-46139-hddsDatanode-_-any-8232471430463545588.dir/webapp/,AVAILABLE}{/hddsDatanode}
2019-09-25 10:46:02,846 [main] INFO  server.AbstractConnector (AbstractConnector.java:doStart(278)) - Started ServerConnector@5a545b0f{HTTP/1.1,[http/1.1]}{0.0.0.0:46139}
2019-09-25 10:46:02,848 [main] INFO  server.Server (Server.java:doStart(419)) - Started @50470ms
2019-09-25 10:46:02,848 [main] WARN  impl.MetricsSystemImpl (MetricsSystemImpl.java:register(276)) - Sink prometheus already exists!
2019-09-25 10:46:02,848 [main] INFO  server.BaseHttpServer (BaseHttpServer.java:updateConnectorAddress(215)) - HTTP server of HDDSDATANODE is listening at http://0.0.0.0:46139
2019-09-25 10:46:02,849 [main] INFO  impl.MetricsSystemImpl (MetricsSystemImpl.java:init(158)) - HddsDatanode metrics system started (again)
2019-09-25 10:46:02,853 [org.apache.hadoop.util.JvmPauseMonitor$Monitor@23f5d12c] INFO  util.JvmPauseMonitor (JvmPauseMonitor.java:run(188)) - Starting JVM pause monitor
2019-09-25 10:46:02,853 [main] INFO  ozone.HddsDatanodeService (HddsDatanodeService.java:start(184)) - HddsDatanodeService host:pr-hdds-2067-fv87d-1578606345 ip:192.168.164.234
2019-09-25 10:46:02,854 [Datanode State Machine Thread - 0] INFO  datanode.InitDatanodeState (InitDatanodeState.java:persistContainerDatanodeDetails(140)) - DatanodeDetails is persisted to /workdir/hadoop-ozone/integration-test/target/test-dir/MiniOzoneClusterImpl-98543f66-0f4c-4586-80e6-01b94623704d/datanode-1/meta/datanode.id
2019-09-25 10:46:02,858 [main] INFO  volume.HddsVolume (HddsVolume.java:<init>(176)) - Creating Volume: /workdir/hadoop-ozone/integration-test/target/test-dir/MiniOzoneClusterImpl-98543f66-0f4c-4586-80e6-01b94623704d/datanode-2/data/containers/hdds of  storage type : DISK and capacity : 1482555576320
2019-09-25 10:46:02,859 [main] INFO  volume.VolumeSet (VolumeSet.java:initializeVolumeSet(170)) - Added Volume : /workdir/hadoop-ozone/integration-test/target/test-dir/MiniOzoneClusterImpl-98543f66-0f4c-4586-80e6-01b94623704d/datanode-2/data/containers/hdds to VolumeSet
2019-09-25 10:46:02,859 [main] INFO  volume.ThrottledAsyncChecker (ThrottledAsyncChecker.java:schedule(139)) - Scheduling a check for org.apache.hadoop.ozone.container.common.volume.HddsVolume@6413d7e7
2019-09-25 10:46:02,859 [main] INFO  volume.HddsVolumeChecker (HddsVolumeChecker.java:checkAllVolumes(202)) - Scheduled health check for volume org.apache.hadoop.ozone.container.common.volume.HddsVolume@6413d7e7
2019-09-25 10:46:02,876 [main] INFO  impl.RaftServerProxy (ConfUtils.java:logGet(43)) - raft.rpc.type = GRPC (default)
2019-09-25 10:46:02,877 [main] INFO  grpc.GrpcFactory (GrpcFactory.java:checkPooledByteBufAllocatorUseCacheForAllThreads(45)) - PERFORMANCE WARNING: useCacheForAllThreads is true that may cause Netty to create a lot garbage objects and, as a result, trigger GC.
	It is recommended to disable useCacheForAllThreads by setting -Dorg.apache.ratis.thirdparty.io.netty.allocator.useCacheForAllThreads=false in command line.
2019-09-25 10:46:02,877 [main] INFO  grpc.GrpcConfigKeys$Server (ConfUtils.java:logGet(43)) - raft.grpc.server.port = 0 (default)
2019-09-25 10:46:02,877 [main] INFO  server.GrpcService (ConfUtils.java:logGet(43)) - raft.grpc.message.size.max = 33570816 (custom)
2019-09-25 10:46:02,877 [main] INFO  server.RaftServerConfigKeys (ConfUtils.java:logGet(43)) - raft.server.log.appender.buffer.byte-limit = 33554432 (custom)
2019-09-25 10:46:02,877 [main] INFO  server.GrpcService (ConfUtils.java:logGet(43)) - raft.grpc.flow.control.window = 1MB (=1048576) (default)
2019-09-25 10:46:02,878 [main] INFO  server.RaftServerConfigKeys (ConfUtils.java:logGet(43)) - raft.server.rpc.request.timeout = 3000ms (default)
2019-09-25 10:46:02,878 [main] INFO  server.RaftServerConfigKeys (ConfUtils.java:logGet(43)) - raft.server.storage.dir = [/workdir/hadoop-ozone/integration-test/target/test-dir/MiniOzoneClusterImpl-98543f66-0f4c-4586-80e6-01b94623704d/datanode-2/data/ratis] (custom)
2019-09-25 10:46:02,879 [main] INFO  hdfs.DFSUtil (DFSUtil.java:httpServerTemplateForNNAndJN(1641)) - Starting Web-server for hddsDatanode at: http://0.0.0.0:0
2019-09-25 10:46:02,881 [main] INFO  server.AuthenticationFilter (AuthenticationFilter.java:constructSecretProvider(240)) - Unable to initialize FileSignerSecretProvider, falling back to use random secrets.
2019-09-25 10:46:02,881 [main] WARN  http.HttpRequestLog (HttpRequestLog.java:getRequestLog(97)) - Jetty request log can only be enabled using Log4j
2019-09-25 10:46:02,882 [main] INFO  http.HttpServer2 (HttpServer2.java:addGlobalFilter(975)) - Added global filter 'safety' (class=org.apache.hadoop.http.HttpServer2$QuotingInputFilter)
2019-09-25 10:46:02,883 [main] INFO  http.HttpServer2 (HttpServer2.java:addFilter(948)) - Added filter static_user_filter (class=org.apache.hadoop.http.lib.StaticUserWebFilter$StaticUserFilter) to context hddsDatanode
2019-09-25 10:46:02,883 [main] INFO  http.HttpServer2 (HttpServer2.java:addFilter(958)) - Added filter static_user_filter (class=org.apache.hadoop.http.lib.StaticUserWebFilter$StaticUserFilter) to context logs
2019-09-25 10:46:02,883 [main] INFO  http.HttpServer2 (HttpServer2.java:addFilter(958)) - Added filter static_user_filter (class=org.apache.hadoop.http.lib.StaticUserWebFilter$StaticUserFilter) to context static
2019-09-25 10:46:02,884 [main] INFO  http.HttpServer2 (HttpServer2.java:bindListener(1191)) - Jetty bound to port 34927
2019-09-25 10:46:02,884 [main] INFO  server.Server (Server.java:doStart(351)) - jetty-9.3.25.v20180904, build timestamp: 2018-09-04T21:11:46Z, git hash: 3ce520221d0240229c862b122d2b06c12a625732
2019-09-25 10:46:02,885 [main] INFO  handler.ContextHandler (ContextHandler.java:doStart(781)) - Started o.e.j.s.ServletContextHandler@3b55dd15{/logs,file:///workdir/hadoop-ozone/integration-test/target/log,AVAILABLE}
2019-09-25 10:46:02,886 [main] INFO  handler.ContextHandler (ContextHandler.java:doStart(781)) - Started o.e.j.s.ServletContextHandler@3ba3d4b6{/static,jar:file:/home/user/.m2/repository/org/apache/hadoop/hadoop-hdds-container-service/0.5.0-SNAPSHOT/hadoop-hdds-container-service-0.5.0-SNAPSHOT.jar!/webapps/static,AVAILABLE}
2019-09-25 10:46:02,917 [main] INFO  handler.ContextHandler (ContextHandler.java:doStart(781)) - Started o.e.j.w.WebAppContext@2ceee4b6{/,file:///tmp/jetty-0.0.0.0-34927-hddsDatanode-_-any-576097805481533345.dir/webapp/,AVAILABLE}{/hddsDatanode}
2019-09-25 10:46:02,917 [main] INFO  server.AbstractConnector (AbstractConnector.java:doStart(278)) - Started ServerConnector@12a470dd{HTTP/1.1,[http/1.1]}{0.0.0.0:34927}
2019-09-25 10:46:02,919 [main] INFO  server.Server (Server.java:doStart(419)) - Started @50541ms
2019-09-25 10:46:02,919 [main] WARN  impl.MetricsSystemImpl (MetricsSystemImpl.java:register(276)) - Sink prometheus already exists!
2019-09-25 10:46:02,920 [main] INFO  server.BaseHttpServer (BaseHttpServer.java:updateConnectorAddress(215)) - HTTP server of HDDSDATANODE is listening at http://0.0.0.0:34927
2019-09-25 10:46:02,920 [main] INFO  impl.MetricsSystemImpl (MetricsSystemImpl.java:init(158)) - HddsDatanode metrics system started (again)
2019-09-25 10:46:02,924 [org.apache.hadoop.util.JvmPauseMonitor$Monitor@16f5444a] INFO  util.JvmPauseMonitor (JvmPauseMonitor.java:run(188)) - Starting JVM pause monitor
2019-09-25 10:46:02,924 [main] INFO  ozone.HddsDatanodeService (HddsDatanodeService.java:start(184)) - HddsDatanodeService host:pr-hdds-2067-fv87d-1578606345 ip:192.168.164.234
2019-09-25 10:46:02,929 [Datanode State Machine Thread - 0] INFO  datanode.InitDatanodeState (InitDatanodeState.java:persistContainerDatanodeDetails(140)) - DatanodeDetails is persisted to /workdir/hadoop-ozone/integration-test/target/test-dir/MiniOzoneClusterImpl-98543f66-0f4c-4586-80e6-01b94623704d/datanode-2/meta/datanode.id
2019-09-25 10:46:02,932 [main] INFO  volume.HddsVolume (HddsVolume.java:<init>(176)) - Creating Volume: /workdir/hadoop-ozone/integration-test/target/test-dir/MiniOzoneClusterImpl-98543f66-0f4c-4586-80e6-01b94623704d/datanode-3/data/containers/hdds of  storage type : DISK and capacity : 1482555576320
2019-09-25 10:46:02,932 [main] INFO  volume.VolumeSet (VolumeSet.java:initializeVolumeSet(170)) - Added Volume : /workdir/hadoop-ozone/integration-test/target/test-dir/MiniOzoneClusterImpl-98543f66-0f4c-4586-80e6-01b94623704d/datanode-3/data/containers/hdds to VolumeSet
2019-09-25 10:46:02,932 [main] INFO  volume.ThrottledAsyncChecker (ThrottledAsyncChecker.java:schedule(139)) - Scheduling a check for org.apache.hadoop.ozone.container.common.volume.HddsVolume@158ae284
2019-09-25 10:46:02,932 [main] INFO  volume.HddsVolumeChecker (HddsVolumeChecker.java:checkAllVolumes(202)) - Scheduled health check for volume org.apache.hadoop.ozone.container.common.volume.HddsVolume@158ae284
2019-09-25 10:46:02,946 [main] INFO  impl.RaftServerProxy (ConfUtils.java:logGet(43)) - raft.rpc.type = GRPC (default)
2019-09-25 10:46:02,947 [main] INFO  grpc.GrpcFactory (GrpcFactory.java:checkPooledByteBufAllocatorUseCacheForAllThreads(45)) - PERFORMANCE WARNING: useCacheForAllThreads is true that may cause Netty to create a lot garbage objects and, as a result, trigger GC.
	It is recommended to disable useCacheForAllThreads by setting -Dorg.apache.ratis.thirdparty.io.netty.allocator.useCacheForAllThreads=false in command line.
2019-09-25 10:46:02,947 [main] INFO  grpc.GrpcConfigKeys$Server (ConfUtils.java:logGet(43)) - raft.grpc.server.port = 0 (default)
2019-09-25 10:46:02,947 [main] INFO  server.GrpcService (ConfUtils.java:logGet(43)) - raft.grpc.message.size.max = 33570816 (custom)
2019-09-25 10:46:02,947 [main] INFO  server.RaftServerConfigKeys (ConfUtils.java:logGet(43)) - raft.server.log.appender.buffer.byte-limit = 33554432 (custom)
2019-09-25 10:46:02,948 [main] INFO  server.GrpcService (ConfUtils.java:logGet(43)) - raft.grpc.flow.control.window = 1MB (=1048576) (default)
2019-09-25 10:46:02,948 [main] INFO  server.RaftServerConfigKeys (ConfUtils.java:logGet(43)) - raft.server.rpc.request.timeout = 3000ms (default)
2019-09-25 10:46:02,949 [main] INFO  server.RaftServerConfigKeys (ConfUtils.java:logGet(43)) - raft.server.storage.dir = [/workdir/hadoop-ozone/integration-test/target/test-dir/MiniOzoneClusterImpl-98543f66-0f4c-4586-80e6-01b94623704d/datanode-3/data/ratis] (custom)
2019-09-25 10:46:02,950 [main] INFO  hdfs.DFSUtil (DFSUtil.java:httpServerTemplateForNNAndJN(1641)) - Starting Web-server for hddsDatanode at: http://0.0.0.0:0
2019-09-25 10:46:02,952 [main] INFO  server.AuthenticationFilter (AuthenticationFilter.java:constructSecretProvider(240)) - Unable to initialize FileSignerSecretProvider, falling back to use random secrets.
2019-09-25 10:46:02,952 [main] WARN  http.HttpRequestLog (HttpRequestLog.java:getRequestLog(97)) - Jetty request log can only be enabled using Log4j
2019-09-25 10:46:02,954 [main] INFO  http.HttpServer2 (HttpServer2.java:addGlobalFilter(975)) - Added global filter 'safety' (class=org.apache.hadoop.http.HttpServer2$QuotingInputFilter)
2019-09-25 10:46:02,955 [main] INFO  http.HttpServer2 (HttpServer2.java:addFilter(948)) - Added filter static_user_filter (class=org.apache.hadoop.http.lib.StaticUserWebFilter$StaticUserFilter) to context hddsDatanode
2019-09-25 10:46:02,955 [main] INFO  http.HttpServer2 (HttpServer2.java:addFilter(958)) - Added filter static_user_filter (class=org.apache.hadoop.http.lib.StaticUserWebFilter$StaticUserFilter) to context logs
2019-09-25 10:46:02,956 [main] INFO  http.HttpServer2 (HttpServer2.java:addFilter(958)) - Added filter static_user_filter (class=org.apache.hadoop.http.lib.StaticUserWebFilter$StaticUserFilter) to context static
2019-09-25 10:46:02,957 [main] INFO  http.HttpServer2 (HttpServer2.java:bindListener(1191)) - Jetty bound to port 39327
2019-09-25 10:46:02,957 [main] INFO  server.Server (Server.java:doStart(351)) - jetty-9.3.25.v20180904, build timestamp: 2018-09-04T21:11:46Z, git hash: 3ce520221d0240229c862b122d2b06c12a625732
2019-09-25 10:46:02,959 [main] INFO  handler.ContextHandler (ContextHandler.java:doStart(781)) - Started o.e.j.s.ServletContextHandler@46dcbeab{/logs,file:///workdir/hadoop-ozone/integration-test/target/log,AVAILABLE}
2019-09-25 10:46:02,959 [main] INFO  handler.ContextHandler (ContextHandler.java:doStart(781)) - Started o.e.j.s.ServletContextHandler@152c4495{/static,jar:file:/home/user/.m2/repository/org/apache/hadoop/hadoop-hdds-container-service/0.5.0-SNAPSHOT/hadoop-hdds-container-service-0.5.0-SNAPSHOT.jar!/webapps/static,AVAILABLE}
2019-09-25 10:46:02,991 [main] INFO  handler.ContextHandler (ContextHandler.java:doStart(781)) - Started o.e.j.w.WebAppContext@fb0a08c{/,file:///tmp/jetty-0.0.0.0-39327-hddsDatanode-_-any-8846986130705521736.dir/webapp/,AVAILABLE}{/hddsDatanode}
2019-09-25 10:46:02,992 [main] INFO  server.AbstractConnector (AbstractConnector.java:doStart(278)) - Started ServerConnector@1faf386c{HTTP/1.1,[http/1.1]}{0.0.0.0:39327}
2019-09-25 10:46:02,994 [main] INFO  server.Server (Server.java:doStart(419)) - Started @50616ms
2019-09-25 10:46:02,994 [main] WARN  impl.MetricsSystemImpl (MetricsSystemImpl.java:register(276)) - Sink prometheus already exists!
2019-09-25 10:46:02,994 [main] INFO  server.BaseHttpServer (BaseHttpServer.java:updateConnectorAddress(215)) - HTTP server of HDDSDATANODE is listening at http://0.0.0.0:39327
2019-09-25 10:46:02,995 [main] INFO  impl.MetricsSystemImpl (MetricsSystemImpl.java:init(158)) - HddsDatanode metrics system started (again)
2019-09-25 10:46:02,997 [org.apache.hadoop.util.JvmPauseMonitor$Monitor@1b45d0d8] INFO  util.JvmPauseMonitor (JvmPauseMonitor.java:run(188)) - Starting JVM pause monitor
2019-09-25 10:46:02,997 [main] INFO  ozone.HddsDatanodeService (HddsDatanodeService.java:start(184)) - HddsDatanodeService host:pr-hdds-2067-fv87d-1578606345 ip:192.168.164.234
2019-09-25 10:46:02,999 [Datanode State Machine Thread - 0] INFO  datanode.InitDatanodeState (InitDatanodeState.java:persistContainerDatanodeDetails(140)) - DatanodeDetails is persisted to /workdir/hadoop-ozone/integration-test/target/test-dir/MiniOzoneClusterImpl-98543f66-0f4c-4586-80e6-01b94623704d/datanode-3/meta/datanode.id
2019-09-25 10:46:03,003 [main] INFO  volume.HddsVolume (HddsVolume.java:<init>(176)) - Creating Volume: /workdir/hadoop-ozone/integration-test/target/test-dir/MiniOzoneClusterImpl-98543f66-0f4c-4586-80e6-01b94623704d/datanode-4/data/containers/hdds of  storage type : DISK and capacity : 1482555576320
2019-09-25 10:46:03,004 [main] INFO  volume.VolumeSet (VolumeSet.java:initializeVolumeSet(170)) - Added Volume : /workdir/hadoop-ozone/integration-test/target/test-dir/MiniOzoneClusterImpl-98543f66-0f4c-4586-80e6-01b94623704d/datanode-4/data/containers/hdds to VolumeSet
2019-09-25 10:46:03,004 [main] INFO  volume.ThrottledAsyncChecker (ThrottledAsyncChecker.java:schedule(139)) - Scheduling a check for org.apache.hadoop.ozone.container.common.volume.HddsVolume@18a19e
2019-09-25 10:46:03,004 [main] INFO  volume.HddsVolumeChecker (HddsVolumeChecker.java:checkAllVolumes(202)) - Scheduled health check for volume org.apache.hadoop.ozone.container.common.volume.HddsVolume@18a19e
2019-09-25 10:46:03,017 [main] INFO  impl.RaftServerProxy (ConfUtils.java:logGet(43)) - raft.rpc.type = GRPC (default)
2019-09-25 10:46:03,017 [main] INFO  grpc.GrpcFactory (GrpcFactory.java:checkPooledByteBufAllocatorUseCacheForAllThreads(45)) - PERFORMANCE WARNING: useCacheForAllThreads is true that may cause Netty to create a lot garbage objects and, as a result, trigger GC.
	It is recommended to disable useCacheForAllThreads by setting -Dorg.apache.ratis.thirdparty.io.netty.allocator.useCacheForAllThreads=false in command line.
2019-09-25 10:46:03,018 [main] INFO  grpc.GrpcConfigKeys$Server (ConfUtils.java:logGet(43)) - raft.grpc.server.port = 0 (default)
2019-09-25 10:46:03,018 [main] INFO  server.GrpcService (ConfUtils.java:logGet(43)) - raft.grpc.message.size.max = 33570816 (custom)
2019-09-25 10:46:03,018 [main] INFO  server.RaftServerConfigKeys (ConfUtils.java:logGet(43)) - raft.server.log.appender.buffer.byte-limit = 33554432 (custom)
2019-09-25 10:46:03,018 [main] INFO  server.GrpcService (ConfUtils.java:logGet(43)) - raft.grpc.flow.control.window = 1MB (=1048576) (default)
2019-09-25 10:46:03,018 [main] INFO  server.RaftServerConfigKeys (ConfUtils.java:logGet(43)) - raft.server.rpc.request.timeout = 3000ms (default)
2019-09-25 10:46:03,019 [main] INFO  server.RaftServerConfigKeys (ConfUtils.java:logGet(43)) - raft.server.storage.dir = [/workdir/hadoop-ozone/integration-test/target/test-dir/MiniOzoneClusterImpl-98543f66-0f4c-4586-80e6-01b94623704d/datanode-4/data/ratis] (custom)
2019-09-25 10:46:03,020 [main] INFO  hdfs.DFSUtil (DFSUtil.java:httpServerTemplateForNNAndJN(1641)) - Starting Web-server for hddsDatanode at: http://0.0.0.0:0
2019-09-25 10:46:03,022 [main] INFO  server.AuthenticationFilter (AuthenticationFilter.java:constructSecretProvider(240)) - Unable to initialize FileSignerSecretProvider, falling back to use random secrets.
2019-09-25 10:46:03,022 [main] WARN  http.HttpRequestLog (HttpRequestLog.java:getRequestLog(97)) - Jetty request log can only be enabled using Log4j
2019-09-25 10:46:03,023 [main] INFO  http.HttpServer2 (HttpServer2.java:addGlobalFilter(975)) - Added global filter 'safety' (class=org.apache.hadoop.http.HttpServer2$QuotingInputFilter)
2019-09-25 10:46:03,024 [main] INFO  http.HttpServer2 (HttpServer2.java:addFilter(948)) - Added filter static_user_filter (class=org.apache.hadoop.http.lib.StaticUserWebFilter$StaticUserFilter) to context hddsDatanode
2019-09-25 10:46:03,024 [main] INFO  http.HttpServer2 (HttpServer2.java:addFilter(958)) - Added filter static_user_filter (class=org.apache.hadoop.http.lib.StaticUserWebFilter$StaticUserFilter) to context logs
2019-09-25 10:46:03,024 [main] INFO  http.HttpServer2 (HttpServer2.java:addFilter(958)) - Added filter static_user_filter (class=org.apache.hadoop.http.lib.StaticUserWebFilter$StaticUserFilter) to context static
2019-09-25 10:46:03,025 [main] INFO  http.HttpServer2 (HttpServer2.java:bindListener(1191)) - Jetty bound to port 39890
2019-09-25 10:46:03,025 [main] INFO  server.Server (Server.java:doStart(351)) - jetty-9.3.25.v20180904, build timestamp: 2018-09-04T21:11:46Z, git hash: 3ce520221d0240229c862b122d2b06c12a625732
2019-09-25 10:46:03,027 [main] INFO  handler.ContextHandler (ContextHandler.java:doStart(781)) - Started o.e.j.s.ServletContextHandler@3b4825f0{/logs,file:///workdir/hadoop-ozone/integration-test/target/log,AVAILABLE}
2019-09-25 10:46:03,027 [main] INFO  handler.ContextHandler (ContextHandler.java:doStart(781)) - Started o.e.j.s.ServletContextHandler@7980cf2c{/static,jar:file:/home/user/.m2/repository/org/apache/hadoop/hadoop-hdds-container-service/0.5.0-SNAPSHOT/hadoop-hdds-container-service-0.5.0-SNAPSHOT.jar!/webapps/static,AVAILABLE}
2019-09-25 10:46:03,052 [main] INFO  handler.ContextHandler (ContextHandler.java:doStart(781)) - Started o.e.j.w.WebAppContext@71cea1b8{/,file:///tmp/jetty-0.0.0.0-39890-hddsDatanode-_-any-8906997356980798402.dir/webapp/,AVAILABLE}{/hddsDatanode}
2019-09-25 10:46:03,053 [main] INFO  server.AbstractConnector (AbstractConnector.java:doStart(278)) - Started ServerConnector@659f226a{HTTP/1.1,[http/1.1]}{0.0.0.0:39890}
2019-09-25 10:46:03,054 [main] INFO  server.Server (Server.java:doStart(419)) - Started @50676ms
2019-09-25 10:46:03,054 [main] WARN  impl.MetricsSystemImpl (MetricsSystemImpl.java:register(276)) - Sink prometheus already exists!
2019-09-25 10:46:03,055 [main] INFO  server.BaseHttpServer (BaseHttpServer.java:updateConnectorAddress(215)) - HTTP server of HDDSDATANODE is listening at http://0.0.0.0:39890
2019-09-25 10:46:03,055 [main] INFO  impl.MetricsSystemImpl (MetricsSystemImpl.java:init(158)) - HddsDatanode metrics system started (again)
2019-09-25 10:46:03,060 [main] INFO  ozone.HddsDatanodeService (HddsDatanodeService.java:start(184)) - HddsDatanodeService host:pr-hdds-2067-fv87d-1578606345 ip:192.168.164.234
2019-09-25 10:46:03,060 [org.apache.hadoop.util.JvmPauseMonitor$Monitor@75286e79] INFO  util.JvmPauseMonitor (JvmPauseMonitor.java:run(188)) - Starting JVM pause monitor
2019-09-25 10:46:03,061 [Datanode State Machine Thread - 0] INFO  datanode.InitDatanodeState (InitDatanodeState.java:persistContainerDatanodeDetails(140)) - DatanodeDetails is persisted to /workdir/hadoop-ozone/integration-test/target/test-dir/MiniOzoneClusterImpl-98543f66-0f4c-4586-80e6-01b94623704d/datanode-4/meta/datanode.id
2019-09-25 10:46:03,066 [main] INFO  volume.HddsVolume (HddsVolume.java:<init>(176)) - Creating Volume: /workdir/hadoop-ozone/integration-test/target/test-dir/MiniOzoneClusterImpl-98543f66-0f4c-4586-80e6-01b94623704d/datanode-5/data/containers/hdds of  storage type : DISK and capacity : 1482555576320
2019-09-25 10:46:03,066 [main] INFO  volume.VolumeSet (VolumeSet.java:initializeVolumeSet(170)) - Added Volume : /workdir/hadoop-ozone/integration-test/target/test-dir/MiniOzoneClusterImpl-98543f66-0f4c-4586-80e6-01b94623704d/datanode-5/data/containers/hdds to VolumeSet
2019-09-25 10:46:03,066 [main] INFO  volume.ThrottledAsyncChecker (ThrottledAsyncChecker.java:schedule(139)) - Scheduling a check for org.apache.hadoop.ozone.container.common.volume.HddsVolume@1a07bf6
2019-09-25 10:46:03,066 [main] INFO  volume.HddsVolumeChecker (HddsVolumeChecker.java:checkAllVolumes(202)) - Scheduled health check for volume org.apache.hadoop.ozone.container.common.volume.HddsVolume@1a07bf6
2019-09-25 10:46:03,077 [main] INFO  impl.RaftServerProxy (ConfUtils.java:logGet(43)) - raft.rpc.type = GRPC (default)
2019-09-25 10:46:03,077 [main] INFO  grpc.GrpcFactory (GrpcFactory.java:checkPooledByteBufAllocatorUseCacheForAllThreads(45)) - PERFORMANCE WARNING: useCacheForAllThreads is true that may cause Netty to create a lot garbage objects and, as a result, trigger GC.
	It is recommended to disable useCacheForAllThreads by setting -Dorg.apache.ratis.thirdparty.io.netty.allocator.useCacheForAllThreads=false in command line.
2019-09-25 10:46:03,077 [main] INFO  grpc.GrpcConfigKeys$Server (ConfUtils.java:logGet(43)) - raft.grpc.server.port = 0 (default)
2019-09-25 10:46:03,078 [main] INFO  server.GrpcService (ConfUtils.java:logGet(43)) - raft.grpc.message.size.max = 33570816 (custom)
2019-09-25 10:46:03,078 [main] INFO  server.RaftServerConfigKeys (ConfUtils.java:logGet(43)) - raft.server.log.appender.buffer.byte-limit = 33554432 (custom)
2019-09-25 10:46:03,078 [main] INFO  server.GrpcService (ConfUtils.java:logGet(43)) - raft.grpc.flow.control.window = 1MB (=1048576) (default)
2019-09-25 10:46:03,078 [main] INFO  server.RaftServerConfigKeys (ConfUtils.java:logGet(43)) - raft.server.rpc.request.timeout = 3000ms (default)
2019-09-25 10:46:03,079 [main] INFO  server.RaftServerConfigKeys (ConfUtils.java:logGet(43)) - raft.server.storage.dir = [/workdir/hadoop-ozone/integration-test/target/test-dir/MiniOzoneClusterImpl-98543f66-0f4c-4586-80e6-01b94623704d/datanode-5/data/ratis] (custom)
2019-09-25 10:46:03,080 [main] INFO  hdfs.DFSUtil (DFSUtil.java:httpServerTemplateForNNAndJN(1641)) - Starting Web-server for hddsDatanode at: http://0.0.0.0:0
2019-09-25 10:46:03,081 [main] INFO  server.AuthenticationFilter (AuthenticationFilter.java:constructSecretProvider(240)) - Unable to initialize FileSignerSecretProvider, falling back to use random secrets.
2019-09-25 10:46:03,081 [main] WARN  http.HttpRequestLog (HttpRequestLog.java:getRequestLog(97)) - Jetty request log can only be enabled using Log4j
2019-09-25 10:46:03,082 [main] INFO  http.HttpServer2 (HttpServer2.java:addGlobalFilter(975)) - Added global filter 'safety' (class=org.apache.hadoop.http.HttpServer2$QuotingInputFilter)
2019-09-25 10:46:03,083 [main] INFO  http.HttpServer2 (HttpServer2.java:addFilter(948)) - Added filter static_user_filter (class=org.apache.hadoop.http.lib.StaticUserWebFilter$StaticUserFilter) to context hddsDatanode
2019-09-25 10:46:03,083 [main] INFO  http.HttpServer2 (HttpServer2.java:addFilter(958)) - Added filter static_user_filter (class=org.apache.hadoop.http.lib.StaticUserWebFilter$StaticUserFilter) to context logs
2019-09-25 10:46:03,083 [main] INFO  http.HttpServer2 (HttpServer2.java:addFilter(958)) - Added filter static_user_filter (class=org.apache.hadoop.http.lib.StaticUserWebFilter$StaticUserFilter) to context static
2019-09-25 10:46:03,083 [main] INFO  http.HttpServer2 (HttpServer2.java:bindListener(1191)) - Jetty bound to port 45662
2019-09-25 10:46:03,084 [main] INFO  server.Server (Server.java:doStart(351)) - jetty-9.3.25.v20180904, build timestamp: 2018-09-04T21:11:46Z, git hash: 3ce520221d0240229c862b122d2b06c12a625732
2019-09-25 10:46:03,085 [main] INFO  handler.ContextHandler (ContextHandler.java:doStart(781)) - Started o.e.j.s.ServletContextHandler@29be997f{/logs,file:///workdir/hadoop-ozone/integration-test/target/log,AVAILABLE}
2019-09-25 10:46:03,086 [main] INFO  handler.ContextHandler (ContextHandler.java:doStart(781)) - Started o.e.j.s.ServletContextHandler@f8a6243{/static,jar:file:/home/user/.m2/repository/org/apache/hadoop/hadoop-hdds-container-service/0.5.0-SNAPSHOT/hadoop-hdds-container-service-0.5.0-SNAPSHOT.jar!/webapps/static,AVAILABLE}
2019-09-25 10:46:03,111 [main] INFO  handler.ContextHandler (ContextHandler.java:doStart(781)) - Started o.e.j.w.WebAppContext@66813e6e{/,file:///tmp/jetty-0.0.0.0-45662-hddsDatanode-_-any-77202796218365344.dir/webapp/,AVAILABLE}{/hddsDatanode}
2019-09-25 10:46:03,112 [main] INFO  server.AbstractConnector (AbstractConnector.java:doStart(278)) - Started ServerConnector@dab1f89{HTTP/1.1,[http/1.1]}{0.0.0.0:45662}
2019-09-25 10:46:03,113 [main] INFO  server.Server (Server.java:doStart(419)) - Started @50736ms
2019-09-25 10:46:03,113 [main] WARN  impl.MetricsSystemImpl (MetricsSystemImpl.java:register(276)) - Sink prometheus already exists!
2019-09-25 10:46:03,114 [main] INFO  server.BaseHttpServer (BaseHttpServer.java:updateConnectorAddress(215)) - HTTP server of HDDSDATANODE is listening at http://0.0.0.0:45662
2019-09-25 10:46:03,114 [main] INFO  impl.MetricsSystemImpl (MetricsSystemImpl.java:init(158)) - HddsDatanode metrics system started (again)
2019-09-25 10:46:03,119 [org.apache.hadoop.util.JvmPauseMonitor$Monitor@5d0508e2] INFO  util.JvmPauseMonitor (JvmPauseMonitor.java:run(188)) - Starting JVM pause monitor
2019-09-25 10:46:03,119 [main] INFO  ozone.HddsDatanodeService (HddsDatanodeService.java:start(184)) - HddsDatanodeService host:pr-hdds-2067-fv87d-1578606345 ip:192.168.164.234
2019-09-25 10:46:03,120 [Datanode State Machine Thread - 0] INFO  datanode.InitDatanodeState (InitDatanodeState.java:persistContainerDatanodeDetails(140)) - DatanodeDetails is persisted to /workdir/hadoop-ozone/integration-test/target/test-dir/MiniOzoneClusterImpl-98543f66-0f4c-4586-80e6-01b94623704d/datanode-5/meta/datanode.id
2019-09-25 10:46:03,124 [main] INFO  volume.HddsVolume (HddsVolume.java:<init>(176)) - Creating Volume: /workdir/hadoop-ozone/integration-test/target/test-dir/MiniOzoneClusterImpl-98543f66-0f4c-4586-80e6-01b94623704d/datanode-6/data/containers/hdds of  storage type : DISK and capacity : 1482555576320
2019-09-25 10:46:03,124 [main] INFO  volume.VolumeSet (VolumeSet.java:initializeVolumeSet(170)) - Added Volume : /workdir/hadoop-ozone/integration-test/target/test-dir/MiniOzoneClusterImpl-98543f66-0f4c-4586-80e6-01b94623704d/datanode-6/data/containers/hdds to VolumeSet
2019-09-25 10:46:03,125 [main] INFO  volume.ThrottledAsyncChecker (ThrottledAsyncChecker.java:schedule(139)) - Scheduling a check for org.apache.hadoop.ozone.container.common.volume.HddsVolume@388d14e
2019-09-25 10:46:03,125 [main] INFO  volume.HddsVolumeChecker (HddsVolumeChecker.java:checkAllVolumes(202)) - Scheduled health check for volume org.apache.hadoop.ozone.container.common.volume.HddsVolume@388d14e
2019-09-25 10:46:03,138 [main] INFO  impl.RaftServerProxy (ConfUtils.java:logGet(43)) - raft.rpc.type = GRPC (default)
2019-09-25 10:46:03,138 [main] INFO  grpc.GrpcFactory (GrpcFactory.java:checkPooledByteBufAllocatorUseCacheForAllThreads(45)) - PERFORMANCE WARNING: useCacheForAllThreads is true that may cause Netty to create a lot garbage objects and, as a result, trigger GC.
	It is recommended to disable useCacheForAllThreads by setting -Dorg.apache.ratis.thirdparty.io.netty.allocator.useCacheForAllThreads=false in command line.
2019-09-25 10:46:03,138 [main] INFO  grpc.GrpcConfigKeys$Server (ConfUtils.java:logGet(43)) - raft.grpc.server.port = 0 (default)
2019-09-25 10:46:03,139 [main] INFO  server.GrpcService (ConfUtils.java:logGet(43)) - raft.grpc.message.size.max = 33570816 (custom)
2019-09-25 10:46:03,139 [main] INFO  server.RaftServerConfigKeys (ConfUtils.java:logGet(43)) - raft.server.log.appender.buffer.byte-limit = 33554432 (custom)
2019-09-25 10:46:03,139 [main] INFO  server.GrpcService (ConfUtils.java:logGet(43)) - raft.grpc.flow.control.window = 1MB (=1048576) (default)
2019-09-25 10:46:03,139 [main] INFO  server.RaftServerConfigKeys (ConfUtils.java:logGet(43)) - raft.server.rpc.request.timeout = 3000ms (default)
2019-09-25 10:46:03,140 [main] INFO  server.RaftServerConfigKeys (ConfUtils.java:logGet(43)) - raft.server.storage.dir = [/workdir/hadoop-ozone/integration-test/target/test-dir/MiniOzoneClusterImpl-98543f66-0f4c-4586-80e6-01b94623704d/datanode-6/data/ratis] (custom)
2019-09-25 10:46:03,141 [main] INFO  hdfs.DFSUtil (DFSUtil.java:httpServerTemplateForNNAndJN(1641)) - Starting Web-server for hddsDatanode at: http://0.0.0.0:0
2019-09-25 10:46:03,142 [main] INFO  server.AuthenticationFilter (AuthenticationFilter.java:constructSecretProvider(240)) - Unable to initialize FileSignerSecretProvider, falling back to use random secrets.
2019-09-25 10:46:03,143 [main] WARN  http.HttpRequestLog (HttpRequestLog.java:getRequestLog(97)) - Jetty request log can only be enabled using Log4j
2019-09-25 10:46:03,144 [main] INFO  http.HttpServer2 (HttpServer2.java:addGlobalFilter(975)) - Added global filter 'safety' (class=org.apache.hadoop.http.HttpServer2$QuotingInputFilter)
2019-09-25 10:46:03,145 [main] INFO  http.HttpServer2 (HttpServer2.java:addFilter(948)) - Added filter static_user_filter (class=org.apache.hadoop.http.lib.StaticUserWebFilter$StaticUserFilter) to context hddsDatanode
2019-09-25 10:46:03,145 [main] INFO  http.HttpServer2 (HttpServer2.java:addFilter(958)) - Added filter static_user_filter (class=org.apache.hadoop.http.lib.StaticUserWebFilter$StaticUserFilter) to context static
2019-09-25 10:46:03,145 [main] INFO  http.HttpServer2 (HttpServer2.java:addFilter(958)) - Added filter static_user_filter (class=org.apache.hadoop.http.lib.StaticUserWebFilter$StaticUserFilter) to context logs
2019-09-25 10:46:03,146 [main] INFO  http.HttpServer2 (HttpServer2.java:bindListener(1191)) - Jetty bound to port 42656
2019-09-25 10:46:03,146 [main] INFO  server.Server (Server.java:doStart(351)) - jetty-9.3.25.v20180904, build timestamp: 2018-09-04T21:11:46Z, git hash: 3ce520221d0240229c862b122d2b06c12a625732
2019-09-25 10:46:03,148 [main] INFO  handler.ContextHandler (ContextHandler.java:doStart(781)) - Started o.e.j.s.ServletContextHandler@2e7bf7b7{/logs,file:///workdir/hadoop-ozone/integration-test/target/log,AVAILABLE}
2019-09-25 10:46:03,148 [main] INFO  handler.ContextHandler (ContextHandler.java:doStart(781)) - Started o.e.j.s.ServletContextHandler@de81be1{/static,jar:file:/home/user/.m2/repository/org/apache/hadoop/hadoop-hdds-container-service/0.5.0-SNAPSHOT/hadoop-hdds-container-service-0.5.0-SNAPSHOT.jar!/webapps/static,AVAILABLE}
2019-09-25 10:46:03,178 [main] INFO  handler.ContextHandler (ContextHandler.java:doStart(781)) - Started o.e.j.w.WebAppContext@45900b64{/,file:///tmp/jetty-0.0.0.0-42656-hddsDatanode-_-any-1143281954169929791.dir/webapp/,AVAILABLE}{/hddsDatanode}
2019-09-25 10:46:03,178 [main] INFO  server.AbstractConnector (AbstractConnector.java:doStart(278)) - Started ServerConnector@f2a1813{HTTP/1.1,[http/1.1]}{0.0.0.0:42656}
2019-09-25 10:46:03,180 [main] INFO  server.Server (Server.java:doStart(419)) - Started @50802ms
2019-09-25 10:46:03,180 [main] WARN  impl.MetricsSystemImpl (MetricsSystemImpl.java:register(276)) - Sink prometheus already exists!
2019-09-25 10:46:03,180 [main] INFO  server.BaseHttpServer (BaseHttpServer.java:updateConnectorAddress(215)) - HTTP server of HDDSDATANODE is listening at http://0.0.0.0:42656
2019-09-25 10:46:03,181 [main] INFO  ozone.MiniOzoneClusterImpl (MiniOzoneClusterImpl.java:lambda$waitForClusterToBeReady$0(147)) - Waiting for cluster to be ready. Got 0 of 7 DN Heartbeats.
2019-09-25 10:46:03,184 [org.apache.hadoop.util.JvmPauseMonitor$Monitor@69763594] INFO  util.JvmPauseMonitor (JvmPauseMonitor.java:run(188)) - Starting JVM pause monitor
2019-09-25 10:46:03,186 [Datanode State Machine Thread - 0] INFO  datanode.InitDatanodeState (InitDatanodeState.java:persistContainerDatanodeDetails(140)) - DatanodeDetails is persisted to /workdir/hadoop-ozone/integration-test/target/test-dir/MiniOzoneClusterImpl-98543f66-0f4c-4586-80e6-01b94623704d/datanode-6/meta/datanode.id
2019-09-25 10:46:04,181 [main] INFO  ozone.MiniOzoneClusterImpl (MiniOzoneClusterImpl.java:lambda$waitForClusterToBeReady$0(147)) - Waiting for cluster to be ready. Got 0 of 7 DN Heartbeats.
2019-09-25 10:46:04,818 [Datanode State Machine Thread - 0] INFO  ozoneimpl.OzoneContainer (OzoneContainer.java:start(217)) - Attempting to start container services.
2019-09-25 10:46:04,820 [Datanode State Machine Thread - 0] INFO  ozoneimpl.OzoneContainer (OzoneContainer.java:startContainerScrub(179)) - Background container scanner has been disabled.
2019-09-25 10:46:04,820 [Datanode State Machine Thread - 0] INFO  ratis.XceiverServerRatis (XceiverServerRatis.java:start(411)) - Starting XceiverServerRatis 8fd6a8fc-1907-40b5-8fe0-7b694f87b35b at port 0
2019-09-25 10:46:04,827 [Datanode State Machine Thread - 0] INFO  impl.RaftServerProxy (RaftServerProxy.java:lambda$start$3(299)) - 8fd6a8fc-1907-40b5-8fe0-7b694f87b35b: start RPC server
2019-09-25 10:46:04,828 [Datanode State Machine Thread - 0] INFO  server.GrpcService (GrpcService.java:startImpl(158)) - 8fd6a8fc-1907-40b5-8fe0-7b694f87b35b: GrpcService started, listening on 0.0.0.0/0.0.0.0:42284
2019-09-25 10:46:04,828 [Datanode State Machine Thread - 0] INFO  ratis.XceiverServerRatis (XceiverServerRatis.java:start(421)) - XceiverServerRatis 8fd6a8fc-1907-40b5-8fe0-7b694f87b35b is started using port 42284
2019-09-25 10:46:04,829 [Datanode State Machine Thread - 0] INFO  server.XceiverServerGrpc (XceiverServerGrpc.java:start(149)) - XceiverServerGrpc 8fd6a8fc-1907-40b5-8fe0-7b694f87b35b is started using port 44448
2019-09-25 10:46:04,868 [Datanode State Machine Thread - 0] INFO  ozoneimpl.OzoneContainer (OzoneContainer.java:start(217)) - Attempting to start container services.
2019-09-25 10:46:04,871 [Datanode State Machine Thread - 0] INFO  ozoneimpl.OzoneContainer (OzoneContainer.java:startContainerScrub(179)) - Background container scanner has been disabled.
2019-09-25 10:46:04,871 [Datanode State Machine Thread - 0] INFO  ratis.XceiverServerRatis (XceiverServerRatis.java:start(411)) - Starting XceiverServerRatis 7a949e52-d361-4472-b94e-f2b9035b6b4f at port 0
2019-09-25 10:46:04,877 [Datanode State Machine Thread - 0] INFO  impl.RaftServerProxy (RaftServerProxy.java:lambda$start$3(299)) - 7a949e52-d361-4472-b94e-f2b9035b6b4f: start RPC server
2019-09-25 10:46:04,880 [Datanode State Machine Thread - 0] INFO  server.GrpcService (GrpcService.java:startImpl(158)) - 7a949e52-d361-4472-b94e-f2b9035b6b4f: GrpcService started, listening on 0.0.0.0/0.0.0.0:34433
2019-09-25 10:46:04,880 [Datanode State Machine Thread - 0] INFO  ratis.XceiverServerRatis (XceiverServerRatis.java:start(421)) - XceiverServerRatis 7a949e52-d361-4472-b94e-f2b9035b6b4f is started using port 34433
2019-09-25 10:46:04,887 [Datanode State Machine Thread - 0] INFO  server.XceiverServerGrpc (XceiverServerGrpc.java:start(149)) - XceiverServerGrpc 7a949e52-d361-4472-b94e-f2b9035b6b4f is started using port 44873
2019-09-25 10:46:04,940 [Datanode State Machine Thread - 0] INFO  ozoneimpl.OzoneContainer (OzoneContainer.java:start(217)) - Attempting to start container services.
2019-09-25 10:46:04,945 [Datanode State Machine Thread - 0] INFO  ozoneimpl.OzoneContainer (OzoneContainer.java:startContainerScrub(179)) - Background container scanner has been disabled.
2019-09-25 10:46:04,945 [Datanode State Machine Thread - 0] INFO  ratis.XceiverServerRatis (XceiverServerRatis.java:start(411)) - Starting XceiverServerRatis 00008384-59d3-451f-b64d-d1f14470a714 at port 0
2019-09-25 10:46:04,952 [Datanode State Machine Thread - 0] INFO  impl.RaftServerProxy (RaftServerProxy.java:lambda$start$3(299)) - 00008384-59d3-451f-b64d-d1f14470a714: start RPC server
2019-09-25 10:46:04,953 [Datanode State Machine Thread - 0] INFO  server.GrpcService (GrpcService.java:startImpl(158)) - 00008384-59d3-451f-b64d-d1f14470a714: GrpcService started, listening on 0.0.0.0/0.0.0.0:42495
2019-09-25 10:46:04,953 [Datanode State Machine Thread - 0] INFO  ratis.XceiverServerRatis (XceiverServerRatis.java:start(421)) - XceiverServerRatis 00008384-59d3-451f-b64d-d1f14470a714 is started using port 42495
2019-09-25 10:46:04,960 [Datanode State Machine Thread - 0] INFO  server.XceiverServerGrpc (XceiverServerGrpc.java:start(149)) - XceiverServerGrpc 00008384-59d3-451f-b64d-d1f14470a714 is started using port 44547
2019-09-25 10:46:05,011 [Datanode State Machine Thread - 0] INFO  ozoneimpl.OzoneContainer (OzoneContainer.java:start(217)) - Attempting to start container services.
2019-09-25 10:46:05,012 [Datanode State Machine Thread - 0] INFO  ozoneimpl.OzoneContainer (OzoneContainer.java:startContainerScrub(179)) - Background container scanner has been disabled.
2019-09-25 10:46:05,012 [Datanode State Machine Thread - 0] INFO  ratis.XceiverServerRatis (XceiverServerRatis.java:start(411)) - Starting XceiverServerRatis d65383a8-5e7b-4702-94a1-f30c59e703ae at port 0
2019-09-25 10:46:05,018 [Datanode State Machine Thread - 0] INFO  impl.RaftServerProxy (RaftServerProxy.java:lambda$start$3(299)) - d65383a8-5e7b-4702-94a1-f30c59e703ae: start RPC server
2019-09-25 10:46:05,019 [Datanode State Machine Thread - 0] INFO  server.GrpcService (GrpcService.java:startImpl(158)) - d65383a8-5e7b-4702-94a1-f30c59e703ae: GrpcService started, listening on 0.0.0.0/0.0.0.0:40862
2019-09-25 10:46:05,019 [Datanode State Machine Thread - 0] INFO  ratis.XceiverServerRatis (XceiverServerRatis.java:start(421)) - XceiverServerRatis d65383a8-5e7b-4702-94a1-f30c59e703ae is started using port 40862
2019-09-25 10:46:05,020 [Datanode State Machine Thread - 0] INFO  server.XceiverServerGrpc (XceiverServerGrpc.java:start(149)) - XceiverServerGrpc d65383a8-5e7b-4702-94a1-f30c59e703ae is started using port 43492
2019-09-25 10:46:05,076 [Datanode State Machine Thread - 0] INFO  ozoneimpl.OzoneContainer (OzoneContainer.java:start(217)) - Attempting to start container services.
2019-09-25 10:46:05,076 [Datanode State Machine Thread - 0] INFO  ozoneimpl.OzoneContainer (OzoneContainer.java:startContainerScrub(179)) - Background container scanner has been disabled.
2019-09-25 10:46:05,077 [Datanode State Machine Thread - 0] INFO  ratis.XceiverServerRatis (XceiverServerRatis.java:start(411)) - Starting XceiverServerRatis 61124df1-009c-4638-aa5a-8c2de913e894 at port 0
2019-09-25 10:46:05,083 [Datanode State Machine Thread - 0] INFO  impl.RaftServerProxy (RaftServerProxy.java:lambda$start$3(299)) - 61124df1-009c-4638-aa5a-8c2de913e894: start RPC server
2019-09-25 10:46:05,084 [Datanode State Machine Thread - 0] INFO  server.GrpcService (GrpcService.java:startImpl(158)) - 61124df1-009c-4638-aa5a-8c2de913e894: GrpcService started, listening on 0.0.0.0/0.0.0.0:37220
2019-09-25 10:46:05,084 [Datanode State Machine Thread - 0] INFO  ratis.XceiverServerRatis (XceiverServerRatis.java:start(421)) - XceiverServerRatis 61124df1-009c-4638-aa5a-8c2de913e894 is started using port 37220
2019-09-25 10:46:05,087 [Datanode State Machine Thread - 0] INFO  server.XceiverServerGrpc (XceiverServerGrpc.java:start(149)) - XceiverServerGrpc 61124df1-009c-4638-aa5a-8c2de913e894 is started using port 38211
2019-09-25 10:46:05,134 [Datanode State Machine Thread - 0] INFO  ozoneimpl.OzoneContainer (OzoneContainer.java:start(217)) - Attempting to start container services.
2019-09-25 10:46:05,135 [Datanode State Machine Thread - 0] INFO  ozoneimpl.OzoneContainer (OzoneContainer.java:startContainerScrub(179)) - Background container scanner has been disabled.
2019-09-25 10:46:05,135 [Datanode State Machine Thread - 0] INFO  ratis.XceiverServerRatis (XceiverServerRatis.java:start(411)) - Starting XceiverServerRatis ce695c2b-5bea-4187-952b-b1ab4bd81dd9 at port 0
2019-09-25 10:46:05,142 [Datanode State Machine Thread - 0] INFO  impl.RaftServerProxy (RaftServerProxy.java:lambda$start$3(299)) - ce695c2b-5bea-4187-952b-b1ab4bd81dd9: start RPC server
2019-09-25 10:46:05,145 [Datanode State Machine Thread - 0] INFO  server.GrpcService (GrpcService.java:startImpl(158)) - ce695c2b-5bea-4187-952b-b1ab4bd81dd9: GrpcService started, listening on 0.0.0.0/0.0.0.0:34875
2019-09-25 10:46:05,145 [Datanode State Machine Thread - 0] INFO  ratis.XceiverServerRatis (XceiverServerRatis.java:start(421)) - XceiverServerRatis ce695c2b-5bea-4187-952b-b1ab4bd81dd9 is started using port 34875
2019-09-25 10:46:05,147 [Datanode State Machine Thread - 0] INFO  server.XceiverServerGrpc (XceiverServerGrpc.java:start(149)) - XceiverServerGrpc ce695c2b-5bea-4187-952b-b1ab4bd81dd9 is started using port 43185
2019-09-25 10:46:05,182 [main] INFO  ozone.MiniOzoneClusterImpl (MiniOzoneClusterImpl.java:lambda$waitForClusterToBeReady$0(147)) - Waiting for cluster to be ready. Got 0 of 7 DN Heartbeats.
2019-09-25 10:46:05,199 [Datanode State Machine Thread - 0] INFO  ozoneimpl.OzoneContainer (OzoneContainer.java:start(217)) - Attempting to start container services.
2019-09-25 10:46:05,200 [Datanode State Machine Thread - 0] INFO  ozoneimpl.OzoneContainer (OzoneContainer.java:startContainerScrub(179)) - Background container scanner has been disabled.
2019-09-25 10:46:05,200 [Datanode State Machine Thread - 0] INFO  ratis.XceiverServerRatis (XceiverServerRatis.java:start(411)) - Starting XceiverServerRatis 6aa10c05-48fc-4ac9-9cd7-308cacba71f0 at port 0
2019-09-25 10:46:05,206 [Datanode State Machine Thread - 0] INFO  impl.RaftServerProxy (RaftServerProxy.java:lambda$start$3(299)) - 6aa10c05-48fc-4ac9-9cd7-308cacba71f0: start RPC server
2019-09-25 10:46:05,206 [Datanode State Machine Thread - 0] INFO  server.GrpcService (GrpcService.java:startImpl(158)) - 6aa10c05-48fc-4ac9-9cd7-308cacba71f0: GrpcService started, listening on 0.0.0.0/0.0.0.0:41883
2019-09-25 10:46:05,207 [Datanode State Machine Thread - 0] INFO  ratis.XceiverServerRatis (XceiverServerRatis.java:start(421)) - XceiverServerRatis 6aa10c05-48fc-4ac9-9cd7-308cacba71f0 is started using port 41883
2019-09-25 10:46:05,207 [Datanode State Machine Thread - 0] INFO  server.XceiverServerGrpc (XceiverServerGrpc.java:start(149)) - XceiverServerGrpc 6aa10c05-48fc-4ac9-9cd7-308cacba71f0 is started using port 37963
2019-09-25 10:46:06,182 [main] INFO  ozone.MiniOzoneClusterImpl (MiniOzoneClusterImpl.java:lambda$waitForClusterToBeReady$0(147)) - Waiting for cluster to be ready. Got 0 of 7 DN Heartbeats.
2019-09-25 10:46:06,809 [IPC Server handler 0 on 39300] INFO  net.NetworkTopology (NetworkTopologyImpl.java:add(111)) - Added a new node: /default-rack/8fd6a8fc-1907-40b5-8fe0-7b694f87b35b
2019-09-25 10:46:06,813 [IPC Server handler 0 on 39300] INFO  node.SCMNodeManager (SCMNodeManager.java:register(266)) - Registered Data node : 8fd6a8fc-1907-40b5-8fe0-7b694f87b35b{ip: 192.168.164.234, host: pr-hdds-2067-fv87d-1578606345, networkLocation: /default-rack, certSerialId: null}
2019-09-25 10:46:06,814 [EventQueue-NodeRegistrationContainerReportForDataNodeSafeModeRule] INFO  safemode.SCMSafeModeManager (DataNodeSafeModeRule.java:process(71)) - SCM in safe mode. 1 DataNodes registered, 1 required.
2019-09-25 10:46:06,817 [EventQueue-NodeRegistrationContainerReportForDataNodeSafeModeRule] INFO  safemode.SCMSafeModeManager (SCMSafeModeManager.java:validateSafeModeExitRules(177)) - ScmSafeModeManager, all rules are successfully validated
2019-09-25 10:46:06,817 [EventQueue-NodeRegistrationContainerReportForDataNodeSafeModeRule] INFO  safemode.SCMSafeModeManager (SCMSafeModeManager.java:exitSafeMode(193)) - SCM exiting safe mode.
2019-09-25 10:46:06,844 [grpc-default-executor-2] INFO  impl.RaftServerProxy (RaftServerProxy.java:addNew(89)) - 8fd6a8fc-1907-40b5-8fe0-7b694f87b35b: addNew group-3545C189BBA5:[8fd6a8fc-1907-40b5-8fe0-7b694f87b35b:192.168.164.234:42284] returns group-3545C189BBA5:java.util.concurrent.CompletableFuture@1f03af87[Not completed]
2019-09-25 10:46:06,847 [pool-119-thread-1] INFO  impl.RaftServerImpl (RaftServerImpl.java:<init>(95)) - 8fd6a8fc-1907-40b5-8fe0-7b694f87b35b: new RaftServerImpl for group-3545C189BBA5:[8fd6a8fc-1907-40b5-8fe0-7b694f87b35b:192.168.164.234:42284] with ContainerStateMachine:uninitialized
2019-09-25 10:46:06,847 [pool-119-thread-1] INFO  server.RaftServerConfigKeys (ConfUtils.java:logGet(43)) - raft.server.rpc.timeout.min = 5s (custom)
2019-09-25 10:46:06,848 [pool-119-thread-1] INFO  server.RaftServerConfigKeys (ConfUtils.java:logGet(43)) - raft.server.rpc.timeout.max = 5200ms (custom)
2019-09-25 10:46:06,848 [pool-119-thread-1] INFO  server.RaftServerConfigKeys (ConfUtils.java:logGet(43)) - raft.server.rpcslowness.timeout = 120s (custom)
2019-09-25 10:46:06,848 [pool-119-thread-1] INFO  server.RaftServerConfigKeys (ConfUtils.java:logGet(43)) - raft.server.sleep.deviation.threshold = 300 (default)
2019-09-25 10:46:06,848 [pool-119-thread-1] INFO  server.RaftServerConfigKeys (ConfUtils.java:logGet(43)) - raft.server.log.appender.install.snapshot.enabled = false (custom)
2019-09-25 10:46:06,848 [pool-119-thread-1] INFO  impl.RaftServerImpl (ServerState.java:<init>(103)) - 8fd6a8fc-1907-40b5-8fe0-7b694f87b35b@group-3545C189BBA5: ConfigurationManager, init=-1: [8fd6a8fc-1907-40b5-8fe0-7b694f87b35b:192.168.164.234:42284], old=null, confs=<EMPTY_MAP>
2019-09-25 10:46:06,849 [pool-119-thread-1] INFO  server.RaftServerConfigKeys (ConfUtils.java:logGet(43)) - raft.server.storage.dir = [/workdir/hadoop-ozone/integration-test/target/test-dir/MiniOzoneClusterImpl-98543f66-0f4c-4586-80e6-01b94623704d/datanode-0/data/ratis] (custom)
2019-09-25 10:46:06,850 [pool-119-thread-1] INFO  storage.RaftStorageDirectory (RaftStorageDirectory.java:analyzeStorage(246)) - The storage directory /workdir/hadoop-ozone/integration-test/target/test-dir/MiniOzoneClusterImpl-98543f66-0f4c-4586-80e6-01b94623704d/datanode-0/data/ratis/71b67f84-3748-4e4d-89ac-3545c189bba5 does not exist. Creating ...
2019-09-25 10:46:06,855 [IPC Server handler 4 on 39300] INFO  net.NetworkTopology (NetworkTopologyImpl.java:add(111)) - Added a new node: /default-rack/7a949e52-d361-4472-b94e-f2b9035b6b4f
2019-09-25 10:46:06,855 [IPC Server handler 4 on 39300] INFO  node.SCMNodeManager (SCMNodeManager.java:register(266)) - Registered Data node : 7a949e52-d361-4472-b94e-f2b9035b6b4f{ip: 192.168.164.234, host: pr-hdds-2067-fv87d-1578606345, networkLocation: /default-rack, certSerialId: null}
2019-09-25 10:46:06,863 [pool-119-thread-1] INFO  storage.RaftStorageDirectory (RaftStorageDirectory.java:tryLock(328)) - Lock on /workdir/hadoop-ozone/integration-test/target/test-dir/MiniOzoneClusterImpl-98543f66-0f4c-4586-80e6-01b94623704d/datanode-0/data/ratis/71b67f84-3748-4e4d-89ac-3545c189bba5/in_use.lock acquired by nodename 26801@pr-hdds-2067-fv87d-1578606345
2019-09-25 10:46:06,885 [pool-119-thread-1] INFO  storage.RaftStorage (RaftStorage.java:format(72)) - Storage directory /workdir/hadoop-ozone/integration-test/target/test-dir/MiniOzoneClusterImpl-98543f66-0f4c-4586-80e6-01b94623704d/datanode-0/data/ratis/71b67f84-3748-4e4d-89ac-3545c189bba5 has been successfully formatted.
2019-09-25 10:46:06,885 [pool-119-thread-1] INFO  ratis.ContainerStateMachine (ContainerStateMachine.java:loadSnapshot(230)) - group-3545C189BBA5: The snapshot info is null. Setting the last applied indexto:(t:0, i:~)
2019-09-25 10:46:06,885 [pool-119-thread-1] INFO  server.RaftServerConfigKeys (ConfUtils.java:logGet(43)) - raft.server.notification.no-leader.timeout = 120s (custom)
2019-09-25 10:46:06,886 [pool-119-thread-1] INFO  server.RaftServerConfigKeys (ConfUtils.java:logGet(43)) - raft.server.log.use.memory = false (default)
2019-09-25 10:46:06,886 [pool-119-thread-1] INFO  server.RaftServerConfigKeys (ConfUtils.java:logGet(43)) - raft.server.log.purge.gap = 1000000 (custom)
2019-09-25 10:46:06,886 [pool-119-thread-1] INFO  server.RaftServerConfigKeys (ConfUtils.java:logGet(43)) - raft.server.log.appender.buffer.byte-limit = 33554432 (custom)
2019-09-25 10:46:06,886 [pool-119-thread-1] INFO  server.RaftServerConfigKeys (ConfUtils.java:logGet(43)) - raft.server.log.segment.size.max = 1048576 (custom)
2019-09-25 10:46:06,887 [pool-119-thread-1] INFO  server.RaftServerConfigKeys (ConfUtils.java:logGet(43)) - raft.server.log.segment.cache.num.max = 2 (custom)
2019-09-25 10:46:06,887 [pool-119-thread-1] INFO  segmented.SegmentedRaftLogWorker (SegmentedRaftLogWorker.java:<init>(172)) - new 8fd6a8fc-1907-40b5-8fe0-7b694f87b35b@group-3545C189BBA5-SegmentedRaftLogWorker for RaftStorage:Storage Directory /workdir/hadoop-ozone/integration-test/target/test-dir/MiniOzoneClusterImpl-98543f66-0f4c-4586-80e6-01b94623704d/datanode-0/data/ratis/71b67f84-3748-4e4d-89ac-3545c189bba5
2019-09-25 10:46:06,891 [pool-119-thread-1] INFO  server.RaftServerConfigKeys (ConfUtils.java:logGet(43)) - raft.server.log.queue.byte-limit = 2147483647 (custom)
2019-09-25 10:46:06,891 [pool-119-thread-1] INFO  server.RaftServerConfigKeys (ConfUtils.java:logGet(43)) - raft.server.log.queue.element-limit = 1024 (custom)
2019-09-25 10:46:06,891 [pool-119-thread-1] INFO  server.RaftServerConfigKeys (ConfUtils.java:logGet(43)) - raft.server.log.segment.size.max = 1048576 (custom)
2019-09-25 10:46:06,891 [pool-119-thread-1] INFO  server.RaftServerConfigKeys (ConfUtils.java:logGet(43)) - raft.server.log.preallocated.size = 16384 (custom)
2019-09-25 10:46:06,892 [pool-119-thread-1] INFO  server.RaftServerConfigKeys (ConfUtils.java:logGet(43)) - raft.server.log.write.buffer.size = 33554432 (custom)
2019-09-25 10:46:06,892 [pool-119-thread-1] INFO  server.RaftServerConfigKeys (ConfUtils.java:logGet(43)) - raft.server.log.force.sync.num = 128 (default)
2019-09-25 10:46:06,892 [pool-119-thread-1] INFO  server.RaftServerConfigKeys (ConfUtils.java:logGet(43)) - raft.server.log.statemachine.data.sync = true (default)
2019-09-25 10:46:06,893 [pool-119-thread-1] INFO  server.RaftServerConfigKeys (ConfUtils.java:logGet(43)) - raft.server.log.statemachine.data.sync.timeout = 10s (default)
2019-09-25 10:46:06,893 [pool-119-thread-1] INFO  server.RaftServerConfigKeys (ConfUtils.java:logGet(43)) - raft.server.log.statemachine.data.sync.timeout.retry = -1 (default)
2019-09-25 10:46:06,893 [pool-119-thread-1] INFO  server.RaftServerConfigKeys (ConfUtils.java:logGet(43)) - raft.server.log.statemachine.data.caching.enabled = true (custom)
2019-09-25 10:46:06,894 [pool-119-thread-1] INFO  segmented.SegmentedRaftLogWorker (SegmentedRaftLogWorker.java:lambda$new$0(132)) - 8fd6a8fc-1907-40b5-8fe0-7b694f87b35b@group-3545C189BBA5-SegmentedRaftLogWorker: flushIndex: setUnconditionally 0 -> -1
2019-09-25 10:46:06,894 [pool-119-thread-1] INFO  server.RaftServerConfigKeys (ConfUtils.java:logGet(43)) - raft.server.snapshot.auto.trigger.enabled = true (custom)
2019-09-25 10:46:06,894 [pool-119-thread-1] INFO  server.RaftServerConfigKeys (ConfUtils.java:logGet(43)) - raft.server.snapshot.auto.trigger.threshold = 10000 (custom)
2019-09-25 10:46:06,895 [pool-119-thread-1] INFO  server.RaftServerConfigKeys (ConfUtils.java:logGet(43)) - raft.server.snapshot.retention.num.files = 5 (custom)
2019-09-25 10:46:06,895 [pool-119-thread-1] INFO  server.RaftServerConfigKeys (ConfUtils.java:logGet(43)) - raft.server.retrycache.expirytime = 600000ms (custom)
2019-09-25 10:46:06,900 [pool-119-thread-1] INFO  impl.RaftServerImpl (RaftServerImpl.java:start(185)) - 8fd6a8fc-1907-40b5-8fe0-7b694f87b35b@group-3545C189BBA5: start as a follower, conf=-1: [8fd6a8fc-1907-40b5-8fe0-7b694f87b35b:192.168.164.234:42284], old=null
2019-09-25 10:46:06,901 [pool-119-thread-1] INFO  impl.RaftServerImpl (RaftServerImpl.java:setRole(174)) - 8fd6a8fc-1907-40b5-8fe0-7b694f87b35b@group-3545C189BBA5: changes role from      null to FOLLOWER at term 0 for startAsFollower
2019-09-25 10:46:06,901 [pool-119-thread-1] INFO  impl.RoleInfo (RoleInfo.java:updateAndGet(143)) - 8fd6a8fc-1907-40b5-8fe0-7b694f87b35b: start FollowerState
2019-09-25 10:46:06,902 [pool-119-thread-1] INFO  util.JmxRegister (JmxRegister.java:tryRegister(44)) - Successfully registered JMX Bean with object name Ratis:service=RaftServer,group=group-3545C189BBA5,id=8fd6a8fc-1907-40b5-8fe0-7b694f87b35b
2019-09-25 10:46:06,907 [RatisPipelineUtilsThread] INFO  pipeline.PipelineStateManager (PipelineStateManager.java:addPipeline(56)) - Created pipeline Pipeline[ Id: 71b67f84-3748-4e4d-89ac-3545c189bba5, Nodes: 8fd6a8fc-1907-40b5-8fe0-7b694f87b35b{ip: 192.168.164.234, host: pr-hdds-2067-fv87d-1578606345, networkLocation: /default-rack, certSerialId: null}, Type:RATIS, Factor:ONE, State:OPEN]
2019-09-25 10:46:06,917 [grpc-default-executor-2] INFO  impl.RaftServerProxy (RaftServerProxy.java:addNew(89)) - 7a949e52-d361-4472-b94e-f2b9035b6b4f: addNew group-E3A780AB1A98:[7a949e52-d361-4472-b94e-f2b9035b6b4f:192.168.164.234:34433] returns group-E3A780AB1A98:java.util.concurrent.CompletableFuture@7e0e64b3[Not completed]
2019-09-25 10:46:06,919 [pool-129-thread-1] INFO  impl.RaftServerImpl (RaftServerImpl.java:<init>(95)) - 7a949e52-d361-4472-b94e-f2b9035b6b4f: new RaftServerImpl for group-E3A780AB1A98:[7a949e52-d361-4472-b94e-f2b9035b6b4f:192.168.164.234:34433] with ContainerStateMachine:uninitialized
2019-09-25 10:46:06,919 [pool-129-thread-1] INFO  server.RaftServerConfigKeys (ConfUtils.java:logGet(43)) - raft.server.rpc.timeout.min = 5s (custom)
2019-09-25 10:46:06,919 [pool-129-thread-1] INFO  server.RaftServerConfigKeys (ConfUtils.java:logGet(43)) - raft.server.rpc.timeout.max = 5200ms (custom)
2019-09-25 10:46:06,919 [pool-129-thread-1] INFO  server.RaftServerConfigKeys (ConfUtils.java:logGet(43)) - raft.server.rpcslowness.timeout = 120s (custom)
2019-09-25 10:46:06,920 [pool-129-thread-1] INFO  server.RaftServerConfigKeys (ConfUtils.java:logGet(43)) - raft.server.sleep.deviation.threshold = 300 (default)
2019-09-25 10:46:06,920 [pool-129-thread-1] INFO  server.RaftServerConfigKeys (ConfUtils.java:logGet(43)) - raft.server.log.appender.install.snapshot.enabled = false (custom)
2019-09-25 10:46:06,920 [pool-129-thread-1] INFO  impl.RaftServerImpl (ServerState.java:<init>(103)) - 7a949e52-d361-4472-b94e-f2b9035b6b4f@group-E3A780AB1A98: ConfigurationManager, init=-1: [7a949e52-d361-4472-b94e-f2b9035b6b4f:192.168.164.234:34433], old=null, confs=<EMPTY_MAP>
2019-09-25 10:46:06,920 [pool-129-thread-1] INFO  server.RaftServerConfigKeys (ConfUtils.java:logGet(43)) - raft.server.storage.dir = [/workdir/hadoop-ozone/integration-test/target/test-dir/MiniOzoneClusterImpl-98543f66-0f4c-4586-80e6-01b94623704d/datanode-1/data/ratis] (custom)
2019-09-25 10:46:06,921 [pool-129-thread-1] INFO  storage.RaftStorageDirectory (RaftStorageDirectory.java:analyzeStorage(246)) - The storage directory /workdir/hadoop-ozone/integration-test/target/test-dir/MiniOzoneClusterImpl-98543f66-0f4c-4586-80e6-01b94623704d/datanode-1/data/ratis/092b0e01-88e9-4f5c-a3c5-e3a780ab1a98 does not exist. Creating ...
2019-09-25 10:46:06,925 [IPC Server handler 1 on 39300] INFO  net.NetworkTopology (NetworkTopologyImpl.java:add(111)) - Added a new node: /default-rack/00008384-59d3-451f-b64d-d1f14470a714
2019-09-25 10:46:06,926 [IPC Server handler 1 on 39300] INFO  node.SCMNodeManager (SCMNodeManager.java:register(266)) - Registered Data node : 00008384-59d3-451f-b64d-d1f14470a714{ip: 192.168.164.234, host: pr-hdds-2067-fv87d-1578606345, networkLocation: /default-rack, certSerialId: null}
2019-09-25 10:46:06,934 [pool-129-thread-1] INFO  storage.RaftStorageDirectory (RaftStorageDirectory.java:tryLock(328)) - Lock on /workdir/hadoop-ozone/integration-test/target/test-dir/MiniOzoneClusterImpl-98543f66-0f4c-4586-80e6-01b94623704d/datanode-1/data/ratis/092b0e01-88e9-4f5c-a3c5-e3a780ab1a98/in_use.lock acquired by nodename 26801@pr-hdds-2067-fv87d-1578606345
2019-09-25 10:46:06,946 [pool-129-thread-1] INFO  storage.RaftStorage (RaftStorage.java:format(72)) - Storage directory /workdir/hadoop-ozone/integration-test/target/test-dir/MiniOzoneClusterImpl-98543f66-0f4c-4586-80e6-01b94623704d/datanode-1/data/ratis/092b0e01-88e9-4f5c-a3c5-e3a780ab1a98 has been successfully formatted.
2019-09-25 10:46:06,946 [pool-129-thread-1] INFO  ratis.ContainerStateMachine (ContainerStateMachine.java:loadSnapshot(230)) - group-E3A780AB1A98: The snapshot info is null. Setting the last applied indexto:(t:0, i:~)
2019-09-25 10:46:06,946 [pool-129-thread-1] INFO  server.RaftServerConfigKeys (ConfUtils.java:logGet(43)) - raft.server.notification.no-leader.timeout = 120s (custom)
2019-09-25 10:46:06,947 [pool-129-thread-1] INFO  server.RaftServerConfigKeys (ConfUtils.java:logGet(43)) - raft.server.log.use.memory = false (default)
2019-09-25 10:46:06,947 [pool-129-thread-1] INFO  server.RaftServerConfigKeys (ConfUtils.java:logGet(43)) - raft.server.log.purge.gap = 1000000 (custom)
2019-09-25 10:46:06,947 [pool-129-thread-1] INFO  server.RaftServerConfigKeys (ConfUtils.java:logGet(43)) - raft.server.log.appender.buffer.byte-limit = 33554432 (custom)
2019-09-25 10:46:06,947 [pool-129-thread-1] INFO  server.RaftServerConfigKeys (ConfUtils.java:logGet(43)) - raft.server.log.segment.size.max = 1048576 (custom)
2019-09-25 10:46:06,947 [pool-129-thread-1] INFO  server.RaftServerConfigKeys (ConfUtils.java:logGet(43)) - raft.server.log.segment.cache.num.max = 2 (custom)
2019-09-25 10:46:06,947 [pool-129-thread-1] INFO  segmented.SegmentedRaftLogWorker (SegmentedRaftLogWorker.java:<init>(172)) - new 7a949e52-d361-4472-b94e-f2b9035b6b4f@group-E3A780AB1A98-SegmentedRaftLogWorker for RaftStorage:Storage Directory /workdir/hadoop-ozone/integration-test/target/test-dir/MiniOzoneClusterImpl-98543f66-0f4c-4586-80e6-01b94623704d/datanode-1/data/ratis/092b0e01-88e9-4f5c-a3c5-e3a780ab1a98
2019-09-25 10:46:06,949 [pool-129-thread-1] INFO  server.RaftServerConfigKeys (ConfUtils.java:logGet(43)) - raft.server.log.queue.byte-limit = 2147483647 (custom)
2019-09-25 10:46:06,949 [pool-129-thread-1] INFO  server.RaftServerConfigKeys (ConfUtils.java:logGet(43)) - raft.server.log.queue.element-limit = 1024 (custom)
2019-09-25 10:46:06,949 [pool-129-thread-1] INFO  server.RaftServerConfigKeys (ConfUtils.java:logGet(43)) - raft.server.log.segment.size.max = 1048576 (custom)
2019-09-25 10:46:06,949 [pool-129-thread-1] INFO  server.RaftServerConfigKeys (ConfUtils.java:logGet(43)) - raft.server.log.preallocated.size = 16384 (custom)
2019-09-25 10:46:06,949 [pool-129-thread-1] INFO  server.RaftServerConfigKeys (ConfUtils.java:logGet(43)) - raft.server.log.write.buffer.size = 33554432 (custom)
2019-09-25 10:46:06,949 [pool-129-thread-1] INFO  server.RaftServerConfigKeys (ConfUtils.java:logGet(43)) - raft.server.log.force.sync.num = 128 (default)
2019-09-25 10:46:06,950 [pool-129-thread-1] INFO  server.RaftServerConfigKeys (ConfUtils.java:logGet(43)) - raft.server.log.statemachine.data.sync = true (default)
2019-09-25 10:46:06,950 [pool-129-thread-1] INFO  server.RaftServerConfigKeys (ConfUtils.java:logGet(43)) - raft.server.log.statemachine.data.sync.timeout = 10s (default)
2019-09-25 10:46:06,950 [pool-129-thread-1] INFO  server.RaftServerConfigKeys (ConfUtils.java:logGet(43)) - raft.server.log.statemachine.data.sync.timeout.retry = -1 (default)
2019-09-25 10:46:06,950 [pool-129-thread-1] INFO  server.RaftServerConfigKeys (ConfUtils.java:logGet(43)) - raft.server.log.statemachine.data.caching.enabled = true (custom)
2019-09-25 10:46:06,950 [pool-129-thread-1] INFO  segmented.SegmentedRaftLogWorker (SegmentedRaftLogWorker.java:lambda$new$0(132)) - 7a949e52-d361-4472-b94e-f2b9035b6b4f@group-E3A780AB1A98-SegmentedRaftLogWorker: flushIndex: setUnconditionally 0 -> -1
2019-09-25 10:46:06,950 [pool-129-thread-1] INFO  server.RaftServerConfigKeys (ConfUtils.java:logGet(43)) - raft.server.snapshot.auto.trigger.enabled = true (custom)
2019-09-25 10:46:06,950 [pool-129-thread-1] INFO  server.RaftServerConfigKeys (ConfUtils.java:logGet(43)) - raft.server.snapshot.auto.trigger.threshold = 10000 (custom)
2019-09-25 10:46:06,951 [pool-129-thread-1] INFO  server.RaftServerConfigKeys (ConfUtils.java:logGet(43)) - raft.server.snapshot.retention.num.files = 5 (custom)
2019-09-25 10:46:06,951 [pool-129-thread-1] INFO  server.RaftServerConfigKeys (ConfUtils.java:logGet(43)) - raft.server.retrycache.expirytime = 600000ms (custom)
2019-09-25 10:46:06,953 [pool-129-thread-1] INFO  impl.RaftServerImpl (RaftServerImpl.java:start(185)) - 7a949e52-d361-4472-b94e-f2b9035b6b4f@group-E3A780AB1A98: start as a follower, conf=-1: [7a949e52-d361-4472-b94e-f2b9035b6b4f:192.168.164.234:34433], old=null
2019-09-25 10:46:06,953 [pool-129-thread-1] INFO  impl.RaftServerImpl (RaftServerImpl.java:setRole(174)) - 7a949e52-d361-4472-b94e-f2b9035b6b4f@group-E3A780AB1A98: changes role from      null to FOLLOWER at term 0 for startAsFollower
2019-09-25 10:46:06,953 [pool-129-thread-1] INFO  impl.RoleInfo (RoleInfo.java:updateAndGet(143)) - 7a949e52-d361-4472-b94e-f2b9035b6b4f: start FollowerState
2019-09-25 10:46:06,953 [pool-129-thread-1] INFO  util.JmxRegister (JmxRegister.java:tryRegister(44)) - Successfully registered JMX Bean with object name Ratis:service=RaftServer,group=group-E3A780AB1A98,id=7a949e52-d361-4472-b94e-f2b9035b6b4f
2019-09-25 10:46:06,956 [RatisPipelineUtilsThread] INFO  pipeline.PipelineStateManager (PipelineStateManager.java:addPipeline(56)) - Created pipeline Pipeline[ Id: 092b0e01-88e9-4f5c-a3c5-e3a780ab1a98, Nodes: 7a949e52-d361-4472-b94e-f2b9035b6b4f{ip: 192.168.164.234, host: pr-hdds-2067-fv87d-1578606345, networkLocation: /default-rack, certSerialId: null}, Type:RATIS, Factor:ONE, State:OPEN]
2019-09-25 10:46:06,967 [grpc-default-executor-2] INFO  impl.RaftServerProxy (RaftServerProxy.java:addNew(89)) - 00008384-59d3-451f-b64d-d1f14470a714: addNew group-67FDEB4C0355:[00008384-59d3-451f-b64d-d1f14470a714:192.168.164.234:42495] returns group-67FDEB4C0355:java.util.concurrent.CompletableFuture@563009d5[Not completed]
2019-09-25 10:46:06,973 [pool-139-thread-1] INFO  impl.RaftServerImpl (RaftServerImpl.java:<init>(95)) - 00008384-59d3-451f-b64d-d1f14470a714: new RaftServerImpl for group-67FDEB4C0355:[00008384-59d3-451f-b64d-d1f14470a714:192.168.164.234:42495] with ContainerStateMachine:uninitialized
2019-09-25 10:46:06,973 [pool-139-thread-1] INFO  server.RaftServerConfigKeys (ConfUtils.java:logGet(43)) - raft.server.rpc.timeout.min = 5s (custom)
2019-09-25 10:46:06,973 [pool-139-thread-1] INFO  server.RaftServerConfigKeys (ConfUtils.java:logGet(43)) - raft.server.rpc.timeout.max = 5200ms (custom)
2019-09-25 10:46:06,973 [pool-139-thread-1] INFO  server.RaftServerConfigKeys (ConfUtils.java:logGet(43)) - raft.server.rpcslowness.timeout = 120s (custom)
2019-09-25 10:46:06,974 [pool-139-thread-1] INFO  server.RaftServerConfigKeys (ConfUtils.java:logGet(43)) - raft.server.sleep.deviation.threshold = 300 (default)
2019-09-25 10:46:06,974 [pool-139-thread-1] INFO  server.RaftServerConfigKeys (ConfUtils.java:logGet(43)) - raft.server.log.appender.install.snapshot.enabled = false (custom)
2019-09-25 10:46:06,974 [pool-139-thread-1] INFO  impl.RaftServerImpl (ServerState.java:<init>(103)) - 00008384-59d3-451f-b64d-d1f14470a714@group-67FDEB4C0355: ConfigurationManager, init=-1: [00008384-59d3-451f-b64d-d1f14470a714:192.168.164.234:42495], old=null, confs=<EMPTY_MAP>
2019-09-25 10:46:06,974 [pool-139-thread-1] INFO  server.RaftServerConfigKeys (ConfUtils.java:logGet(43)) - raft.server.storage.dir = [/workdir/hadoop-ozone/integration-test/target/test-dir/MiniOzoneClusterImpl-98543f66-0f4c-4586-80e6-01b94623704d/datanode-2/data/ratis] (custom)
2019-09-25 10:46:06,974 [pool-139-thread-1] INFO  storage.RaftStorageDirectory (RaftStorageDirectory.java:analyzeStorage(246)) - The storage directory /workdir/hadoop-ozone/integration-test/target/test-dir/MiniOzoneClusterImpl-98543f66-0f4c-4586-80e6-01b94623704d/datanode-2/data/ratis/d631e605-902a-4794-8320-67fdeb4c0355 does not exist. Creating ...
2019-09-25 10:46:06,987 [pool-139-thread-1] INFO  storage.RaftStorageDirectory (RaftStorageDirectory.java:tryLock(328)) - Lock on /workdir/hadoop-ozone/integration-test/target/test-dir/MiniOzoneClusterImpl-98543f66-0f4c-4586-80e6-01b94623704d/datanode-2/data/ratis/d631e605-902a-4794-8320-67fdeb4c0355/in_use.lock acquired by nodename 26801@pr-hdds-2067-fv87d-1578606345
2019-09-25 10:46:06,998 [IPC Server handler 3 on 39300] INFO  net.NetworkTopology (NetworkTopologyImpl.java:add(111)) - Added a new node: /default-rack/d65383a8-5e7b-4702-94a1-f30c59e703ae
2019-09-25 10:46:06,998 [IPC Server handler 3 on 39300] INFO  node.SCMNodeManager (SCMNodeManager.java:register(266)) - Registered Data node : d65383a8-5e7b-4702-94a1-f30c59e703ae{ip: 192.168.164.234, host: pr-hdds-2067-fv87d-1578606345, networkLocation: /default-rack, certSerialId: null}
2019-09-25 10:46:07,000 [pool-139-thread-1] INFO  storage.RaftStorage (RaftStorage.java:format(72)) - Storage directory /workdir/hadoop-ozone/integration-test/target/test-dir/MiniOzoneClusterImpl-98543f66-0f4c-4586-80e6-01b94623704d/datanode-2/data/ratis/d631e605-902a-4794-8320-67fdeb4c0355 has been successfully formatted.
2019-09-25 10:46:07,000 [pool-139-thread-1] INFO  ratis.ContainerStateMachine (ContainerStateMachine.java:loadSnapshot(230)) - group-67FDEB4C0355: The snapshot info is null. Setting the last applied indexto:(t:0, i:~)
2019-09-25 10:46:07,000 [pool-139-thread-1] INFO  server.RaftServerConfigKeys (ConfUtils.java:logGet(43)) - raft.server.notification.no-leader.timeout = 120s (custom)
2019-09-25 10:46:07,000 [pool-139-thread-1] INFO  server.RaftServerConfigKeys (ConfUtils.java:logGet(43)) - raft.server.log.use.memory = false (default)
2019-09-25 10:46:07,001 [pool-139-thread-1] INFO  server.RaftServerConfigKeys (ConfUtils.java:logGet(43)) - raft.server.log.purge.gap = 1000000 (custom)
2019-09-25 10:46:07,001 [pool-139-thread-1] INFO  server.RaftServerConfigKeys (ConfUtils.java:logGet(43)) - raft.server.log.appender.buffer.byte-limit = 33554432 (custom)
2019-09-25 10:46:07,001 [pool-139-thread-1] INFO  server.RaftServerConfigKeys (ConfUtils.java:logGet(43)) - raft.server.log.segment.size.max = 1048576 (custom)
2019-09-25 10:46:07,001 [pool-139-thread-1] INFO  server.RaftServerConfigKeys (ConfUtils.java:logGet(43)) - raft.server.log.segment.cache.num.max = 2 (custom)
2019-09-25 10:46:07,001 [pool-139-thread-1] INFO  segmented.SegmentedRaftLogWorker (SegmentedRaftLogWorker.java:<init>(172)) - new 00008384-59d3-451f-b64d-d1f14470a714@group-67FDEB4C0355-SegmentedRaftLogWorker for RaftStorage:Storage Directory /workdir/hadoop-ozone/integration-test/target/test-dir/MiniOzoneClusterImpl-98543f66-0f4c-4586-80e6-01b94623704d/datanode-2/data/ratis/d631e605-902a-4794-8320-67fdeb4c0355
2019-09-25 10:46:07,004 [pool-139-thread-1] INFO  server.RaftServerConfigKeys (ConfUtils.java:logGet(43)) - raft.server.log.queue.byte-limit = 2147483647 (custom)
2019-09-25 10:46:07,004 [pool-139-thread-1] INFO  server.RaftServerConfigKeys (ConfUtils.java:logGet(43)) - raft.server.log.queue.element-limit = 1024 (custom)
2019-09-25 10:46:07,004 [pool-139-thread-1] INFO  server.RaftServerConfigKeys (ConfUtils.java:logGet(43)) - raft.server.log.segment.size.max = 1048576 (custom)
2019-09-25 10:46:07,005 [pool-139-thread-1] INFO  server.RaftServerConfigKeys (ConfUtils.java:logGet(43)) - raft.server.log.preallocated.size = 16384 (custom)
2019-09-25 10:46:07,005 [pool-139-thread-1] INFO  server.RaftServerConfigKeys (ConfUtils.java:logGet(43)) - raft.server.log.write.buffer.size = 33554432 (custom)
2019-09-25 10:46:07,005 [pool-139-thread-1] INFO  server.RaftServerConfigKeys (ConfUtils.java:logGet(43)) - raft.server.log.force.sync.num = 128 (default)
2019-09-25 10:46:07,005 [pool-139-thread-1] INFO  server.RaftServerConfigKeys (ConfUtils.java:logGet(43)) - raft.server.log.statemachine.data.sync = true (default)
2019-09-25 10:46:07,005 [pool-139-thread-1] INFO  server.RaftServerConfigKeys (ConfUtils.java:logGet(43)) - raft.server.log.statemachine.data.sync.timeout = 10s (default)
2019-09-25 10:46:07,006 [pool-139-thread-1] INFO  server.RaftServerConfigKeys (ConfUtils.java:logGet(43)) - raft.server.log.statemachine.data.sync.timeout.retry = -1 (default)
2019-09-25 10:46:07,006 [pool-139-thread-1] INFO  server.RaftServerConfigKeys (ConfUtils.java:logGet(43)) - raft.server.log.statemachine.data.caching.enabled = true (custom)
2019-09-25 10:46:07,006 [pool-139-thread-1] INFO  segmented.SegmentedRaftLogWorker (SegmentedRaftLogWorker.java:lambda$new$0(132)) - 00008384-59d3-451f-b64d-d1f14470a714@group-67FDEB4C0355-SegmentedRaftLogWorker: flushIndex: setUnconditionally 0 -> -1
2019-09-25 10:46:07,007 [pool-139-thread-1] INFO  server.RaftServerConfigKeys (ConfUtils.java:logGet(43)) - raft.server.snapshot.auto.trigger.enabled = true (custom)
2019-09-25 10:46:07,007 [pool-139-thread-1] INFO  server.RaftServerConfigKeys (ConfUtils.java:logGet(43)) - raft.server.snapshot.auto.trigger.threshold = 10000 (custom)
2019-09-25 10:46:07,007 [pool-139-thread-1] INFO  server.RaftServerConfigKeys (ConfUtils.java:logGet(43)) - raft.server.snapshot.retention.num.files = 5 (custom)
2019-09-25 10:46:07,007 [pool-139-thread-1] INFO  server.RaftServerConfigKeys (ConfUtils.java:logGet(43)) - raft.server.retrycache.expirytime = 600000ms (custom)
2019-09-25 10:46:07,010 [pool-139-thread-1] INFO  impl.RaftServerImpl (RaftServerImpl.java:start(185)) - 00008384-59d3-451f-b64d-d1f14470a714@group-67FDEB4C0355: start as a follower, conf=-1: [00008384-59d3-451f-b64d-d1f14470a714:192.168.164.234:42495], old=null
2019-09-25 10:46:07,010 [pool-139-thread-1] INFO  impl.RaftServerImpl (RaftServerImpl.java:setRole(174)) - 00008384-59d3-451f-b64d-d1f14470a714@group-67FDEB4C0355: changes role from      null to FOLLOWER at term 0 for startAsFollower
2019-09-25 10:46:07,011 [pool-139-thread-1] INFO  impl.RoleInfo (RoleInfo.java:updateAndGet(143)) - 00008384-59d3-451f-b64d-d1f14470a714: start FollowerState
2019-09-25 10:46:07,011 [pool-139-thread-1] INFO  util.JmxRegister (JmxRegister.java:tryRegister(44)) - Successfully registered JMX Bean with object name Ratis:service=RaftServer,group=group-67FDEB4C0355,id=00008384-59d3-451f-b64d-d1f14470a714
2019-09-25 10:46:07,014 [RatisPipelineUtilsThread] INFO  pipeline.PipelineStateManager (PipelineStateManager.java:addPipeline(56)) - Created pipeline Pipeline[ Id: d631e605-902a-4794-8320-67fdeb4c0355, Nodes: 00008384-59d3-451f-b64d-d1f14470a714{ip: 192.168.164.234, host: pr-hdds-2067-fv87d-1578606345, networkLocation: /default-rack, certSerialId: null}, Type:RATIS, Factor:ONE, State:OPEN]
2019-09-25 10:46:07,023 [grpc-default-executor-2] INFO  impl.RaftServerProxy (RaftServerProxy.java:addNew(89)) - d65383a8-5e7b-4702-94a1-f30c59e703ae: addNew group-649480B588A8:[d65383a8-5e7b-4702-94a1-f30c59e703ae:192.168.164.234:40862] returns group-649480B588A8:java.util.concurrent.CompletableFuture@6743ba8e[Not completed]
2019-09-25 10:46:07,029 [pool-149-thread-1] INFO  impl.RaftServerImpl (RaftServerImpl.java:<init>(95)) - d65383a8-5e7b-4702-94a1-f30c59e703ae: new RaftServerImpl for group-649480B588A8:[d65383a8-5e7b-4702-94a1-f30c59e703ae:192.168.164.234:40862] with ContainerStateMachine:uninitialized
2019-09-25 10:46:07,030 [pool-149-thread-1] INFO  server.RaftServerConfigKeys (ConfUtils.java:logGet(43)) - raft.server.rpc.timeout.min = 5s (custom)
2019-09-25 10:46:07,030 [pool-149-thread-1] INFO  server.RaftServerConfigKeys (ConfUtils.java:logGet(43)) - raft.server.rpc.timeout.max = 5200ms (custom)
2019-09-25 10:46:07,030 [pool-149-thread-1] INFO  server.RaftServerConfigKeys (ConfUtils.java:logGet(43)) - raft.server.rpcslowness.timeout = 120s (custom)
2019-09-25 10:46:07,030 [pool-149-thread-1] INFO  server.RaftServerConfigKeys (ConfUtils.java:logGet(43)) - raft.server.sleep.deviation.threshold = 300 (default)
2019-09-25 10:46:07,030 [pool-149-thread-1] INFO  server.RaftServerConfigKeys (ConfUtils.java:logGet(43)) - raft.server.log.appender.install.snapshot.enabled = false (custom)
2019-09-25 10:46:07,031 [pool-149-thread-1] INFO  impl.RaftServerImpl (ServerState.java:<init>(103)) - d65383a8-5e7b-4702-94a1-f30c59e703ae@group-649480B588A8: ConfigurationManager, init=-1: [d65383a8-5e7b-4702-94a1-f30c59e703ae:192.168.164.234:40862], old=null, confs=<EMPTY_MAP>
2019-09-25 10:46:07,031 [pool-149-thread-1] INFO  server.RaftServerConfigKeys (ConfUtils.java:logGet(43)) - raft.server.storage.dir = [/workdir/hadoop-ozone/integration-test/target/test-dir/MiniOzoneClusterImpl-98543f66-0f4c-4586-80e6-01b94623704d/datanode-3/data/ratis] (custom)
2019-09-25 10:46:07,031 [pool-149-thread-1] INFO  storage.RaftStorageDirectory (RaftStorageDirectory.java:analyzeStorage(246)) - The storage directory /workdir/hadoop-ozone/integration-test/target/test-dir/MiniOzoneClusterImpl-98543f66-0f4c-4586-80e6-01b94623704d/datanode-3/data/ratis/35a60369-82a6-4dcc-a21b-649480b588a8 does not exist. Creating ...
2019-09-25 10:46:07,044 [pool-149-thread-1] INFO  storage.RaftStorageDirectory (RaftStorageDirectory.java:tryLock(328)) - Lock on /workdir/hadoop-ozone/integration-test/target/test-dir/MiniOzoneClusterImpl-98543f66-0f4c-4586-80e6-01b94623704d/datanode-3/data/ratis/35a60369-82a6-4dcc-a21b-649480b588a8/in_use.lock acquired by nodename 26801@pr-hdds-2067-fv87d-1578606345
2019-09-25 10:46:07,056 [pool-149-thread-1] INFO  storage.RaftStorage (RaftStorage.java:format(72)) - Storage directory /workdir/hadoop-ozone/integration-test/target/test-dir/MiniOzoneClusterImpl-98543f66-0f4c-4586-80e6-01b94623704d/datanode-3/data/ratis/35a60369-82a6-4dcc-a21b-649480b588a8 has been successfully formatted.
2019-09-25 10:46:07,057 [pool-149-thread-1] INFO  ratis.ContainerStateMachine (ContainerStateMachine.java:loadSnapshot(230)) - group-649480B588A8: The snapshot info is null. Setting the last applied indexto:(t:0, i:~)
2019-09-25 10:46:07,057 [pool-149-thread-1] INFO  server.RaftServerConfigKeys (ConfUtils.java:logGet(43)) - raft.server.notification.no-leader.timeout = 120s (custom)
2019-09-25 10:46:07,057 [pool-149-thread-1] INFO  server.RaftServerConfigKeys (ConfUtils.java:logGet(43)) - raft.server.log.use.memory = false (default)
2019-09-25 10:46:07,057 [pool-149-thread-1] INFO  server.RaftServerConfigKeys (ConfUtils.java:logGet(43)) - raft.server.log.purge.gap = 1000000 (custom)
2019-09-25 10:46:07,057 [pool-149-thread-1] INFO  server.RaftServerConfigKeys (ConfUtils.java:logGet(43)) - raft.server.log.appender.buffer.byte-limit = 33554432 (custom)
2019-09-25 10:46:07,058 [pool-149-thread-1] INFO  server.RaftServerConfigKeys (ConfUtils.java:logGet(43)) - raft.server.log.segment.size.max = 1048576 (custom)
2019-09-25 10:46:07,058 [pool-149-thread-1] INFO  server.RaftServerConfigKeys (ConfUtils.java:logGet(43)) - raft.server.log.segment.cache.num.max = 2 (custom)
2019-09-25 10:46:07,058 [pool-149-thread-1] INFO  segmented.SegmentedRaftLogWorker (SegmentedRaftLogWorker.java:<init>(172)) - new d65383a8-5e7b-4702-94a1-f30c59e703ae@group-649480B588A8-SegmentedRaftLogWorker for RaftStorage:Storage Directory /workdir/hadoop-ozone/integration-test/target/test-dir/MiniOzoneClusterImpl-98543f66-0f4c-4586-80e6-01b94623704d/datanode-3/data/ratis/35a60369-82a6-4dcc-a21b-649480b588a8
2019-09-25 10:46:07,061 [pool-149-thread-1] INFO  server.RaftServerConfigKeys (ConfUtils.java:logGet(43)) - raft.server.log.queue.byte-limit = 2147483647 (custom)
2019-09-25 10:46:07,061 [pool-149-thread-1] INFO  server.RaftServerConfigKeys (ConfUtils.java:logGet(43)) - raft.server.log.queue.element-limit = 1024 (custom)
2019-09-25 10:46:07,061 [pool-149-thread-1] INFO  server.RaftServerConfigKeys (ConfUtils.java:logGet(43)) - raft.server.log.segment.size.max = 1048576 (custom)
2019-09-25 10:46:07,061 [pool-149-thread-1] INFO  server.RaftServerConfigKeys (ConfUtils.java:logGet(43)) - raft.server.log.preallocated.size = 16384 (custom)
2019-09-25 10:46:07,061 [IPC Server handler 2 on 39300] INFO  net.NetworkTopology (NetworkTopologyImpl.java:add(111)) - Added a new node: /default-rack/61124df1-009c-4638-aa5a-8c2de913e894
2019-09-25 10:46:07,062 [pool-149-thread-1] INFO  server.RaftServerConfigKeys (ConfUtils.java:logGet(43)) - raft.server.log.write.buffer.size = 33554432 (custom)
2019-09-25 10:46:07,062 [IPC Server handler 2 on 39300] INFO  node.SCMNodeManager (SCMNodeManager.java:register(266)) - Registered Data node : 61124df1-009c-4638-aa5a-8c2de913e894{ip: 192.168.164.234, host: pr-hdds-2067-fv87d-1578606345, networkLocation: /default-rack, certSerialId: null}
2019-09-25 10:46:07,062 [pool-149-thread-1] INFO  server.RaftServerConfigKeys (ConfUtils.java:logGet(43)) - raft.server.log.force.sync.num = 128 (default)
2019-09-25 10:46:07,062 [pool-149-thread-1] INFO  server.RaftServerConfigKeys (ConfUtils.java:logGet(43)) - raft.server.log.statemachine.data.sync = true (default)
2019-09-25 10:46:07,063 [pool-149-thread-1] INFO  server.RaftServerConfigKeys (ConfUtils.java:logGet(43)) - raft.server.log.statemachine.data.sync.timeout = 10s (default)
2019-09-25 10:46:07,063 [pool-149-thread-1] INFO  server.RaftServerConfigKeys (ConfUtils.java:logGet(43)) - raft.server.log.statemachine.data.sync.timeout.retry = -1 (default)
2019-09-25 10:46:07,063 [pool-149-thread-1] INFO  server.RaftServerConfigKeys (ConfUtils.java:logGet(43)) - raft.server.log.statemachine.data.caching.enabled = true (custom)
2019-09-25 10:46:07,064 [pool-149-thread-1] INFO  segmented.SegmentedRaftLogWorker (SegmentedRaftLogWorker.java:lambda$new$0(132)) - d65383a8-5e7b-4702-94a1-f30c59e703ae@group-649480B588A8-SegmentedRaftLogWorker: flushIndex: setUnconditionally 0 -> -1
2019-09-25 10:46:07,064 [pool-149-thread-1] INFO  server.RaftServerConfigKeys (ConfUtils.java:logGet(43)) - raft.server.snapshot.auto.trigger.enabled = true (custom)
2019-09-25 10:46:07,064 [pool-149-thread-1] INFO  server.RaftServerConfigKeys (ConfUtils.java:logGet(43)) - raft.server.snapshot.auto.trigger.threshold = 10000 (custom)
2019-09-25 10:46:07,064 [pool-149-thread-1] INFO  server.RaftServerConfigKeys (ConfUtils.java:logGet(43)) - raft.server.snapshot.retention.num.files = 5 (custom)
2019-09-25 10:46:07,065 [pool-149-thread-1] INFO  server.RaftServerConfigKeys (ConfUtils.java:logGet(43)) - raft.server.retrycache.expirytime = 600000ms (custom)
2019-09-25 10:46:07,067 [pool-149-thread-1] INFO  impl.RaftServerImpl (RaftServerImpl.java:start(185)) - d65383a8-5e7b-4702-94a1-f30c59e703ae@group-649480B588A8: start as a follower, conf=-1: [d65383a8-5e7b-4702-94a1-f30c59e703ae:192.168.164.234:40862], old=null
2019-09-25 10:46:07,068 [pool-149-thread-1] INFO  impl.RaftServerImpl (RaftServerImpl.java:setRole(174)) - d65383a8-5e7b-4702-94a1-f30c59e703ae@group-649480B588A8: changes role from      null to FOLLOWER at term 0 for startAsFollower
2019-09-25 10:46:07,068 [pool-149-thread-1] INFO  impl.RoleInfo (RoleInfo.java:updateAndGet(143)) - d65383a8-5e7b-4702-94a1-f30c59e703ae: start FollowerState
2019-09-25 10:46:07,083 [pool-149-thread-1] INFO  util.JmxRegister (JmxRegister.java:tryRegister(44)) - Successfully registered JMX Bean with object name Ratis:service=RaftServer,group=group-649480B588A8,id=d65383a8-5e7b-4702-94a1-f30c59e703ae
2019-09-25 10:46:07,092 [RatisPipelineUtilsThread] INFO  pipeline.PipelineStateManager (PipelineStateManager.java:addPipeline(56)) - Created pipeline Pipeline[ Id: 35a60369-82a6-4dcc-a21b-649480b588a8, Nodes: d65383a8-5e7b-4702-94a1-f30c59e703ae{ip: 192.168.164.234, host: pr-hdds-2067-fv87d-1578606345, networkLocation: /default-rack, certSerialId: null}, Type:RATIS, Factor:ONE, State:OPEN]
2019-09-25 10:46:07,101 [grpc-default-executor-2] INFO  impl.RaftServerProxy (RaftServerProxy.java:addNew(89)) - 61124df1-009c-4638-aa5a-8c2de913e894: addNew group-012C95686DBA:[61124df1-009c-4638-aa5a-8c2de913e894:192.168.164.234:37220] returns group-012C95686DBA:java.util.concurrent.CompletableFuture@12c480c2[Not completed]
2019-09-25 10:46:07,106 [pool-159-thread-1] INFO  impl.RaftServerImpl (RaftServerImpl.java:<init>(95)) - 61124df1-009c-4638-aa5a-8c2de913e894: new RaftServerImpl for group-012C95686DBA:[61124df1-009c-4638-aa5a-8c2de913e894:192.168.164.234:37220] with ContainerStateMachine:uninitialized
2019-09-25 10:46:07,106 [pool-159-thread-1] INFO  server.RaftServerConfigKeys (ConfUtils.java:logGet(43)) - raft.server.rpc.timeout.min = 5s (custom)
2019-09-25 10:46:07,106 [pool-159-thread-1] INFO  server.RaftServerConfigKeys (ConfUtils.java:logGet(43)) - raft.server.rpc.timeout.max = 5200ms (custom)
2019-09-25 10:46:07,106 [pool-159-thread-1] INFO  server.RaftServerConfigKeys (ConfUtils.java:logGet(43)) - raft.server.rpcslowness.timeout = 120s (custom)
2019-09-25 10:46:07,106 [pool-159-thread-1] INFO  server.RaftServerConfigKeys (ConfUtils.java:logGet(43)) - raft.server.sleep.deviation.threshold = 300 (default)
2019-09-25 10:46:07,106 [pool-159-thread-1] INFO  server.RaftServerConfigKeys (ConfUtils.java:logGet(43)) - raft.server.log.appender.install.snapshot.enabled = false (custom)
2019-09-25 10:46:07,106 [pool-159-thread-1] INFO  impl.RaftServerImpl (ServerState.java:<init>(103)) - 61124df1-009c-4638-aa5a-8c2de913e894@group-012C95686DBA: ConfigurationManager, init=-1: [61124df1-009c-4638-aa5a-8c2de913e894:192.168.164.234:37220], old=null, confs=<EMPTY_MAP>
2019-09-25 10:46:07,106 [pool-159-thread-1] INFO  server.RaftServerConfigKeys (ConfUtils.java:logGet(43)) - raft.server.storage.dir = [/workdir/hadoop-ozone/integration-test/target/test-dir/MiniOzoneClusterImpl-98543f66-0f4c-4586-80e6-01b94623704d/datanode-4/data/ratis] (custom)
2019-09-25 10:46:07,107 [pool-159-thread-1] INFO  storage.RaftStorageDirectory (RaftStorageDirectory.java:analyzeStorage(246)) - The storage directory /workdir/hadoop-ozone/integration-test/target/test-dir/MiniOzoneClusterImpl-98543f66-0f4c-4586-80e6-01b94623704d/datanode-4/data/ratis/940048df-413f-4dd8-ba51-012c95686dba does not exist. Creating ...
2019-09-25 10:46:07,119 [pool-159-thread-1] INFO  storage.RaftStorageDirectory (RaftStorageDirectory.java:tryLock(328)) - Lock on /workdir/hadoop-ozone/integration-test/target/test-dir/MiniOzoneClusterImpl-98543f66-0f4c-4586-80e6-01b94623704d/datanode-4/data/ratis/940048df-413f-4dd8-ba51-012c95686dba/in_use.lock acquired by nodename 26801@pr-hdds-2067-fv87d-1578606345
2019-09-25 10:46:07,121 [IPC Server handler 5 on 39300] INFO  net.NetworkTopology (NetworkTopologyImpl.java:add(111)) - Added a new node: /default-rack/ce695c2b-5bea-4187-952b-b1ab4bd81dd9
2019-09-25 10:46:07,121 [IPC Server handler 5 on 39300] INFO  node.SCMNodeManager (SCMNodeManager.java:register(266)) - Registered Data node : ce695c2b-5bea-4187-952b-b1ab4bd81dd9{ip: 192.168.164.234, host: pr-hdds-2067-fv87d-1578606345, networkLocation: /default-rack, certSerialId: null}
2019-09-25 10:46:07,132 [pool-159-thread-1] INFO  storage.RaftStorage (RaftStorage.java:format(72)) - Storage directory /workdir/hadoop-ozone/integration-test/target/test-dir/MiniOzoneClusterImpl-98543f66-0f4c-4586-80e6-01b94623704d/datanode-4/data/ratis/940048df-413f-4dd8-ba51-012c95686dba has been successfully formatted.
2019-09-25 10:46:07,132 [pool-159-thread-1] INFO  ratis.ContainerStateMachine (ContainerStateMachine.java:loadSnapshot(230)) - group-012C95686DBA: The snapshot info is null. Setting the last applied indexto:(t:0, i:~)
2019-09-25 10:46:07,132 [pool-159-thread-1] INFO  server.RaftServerConfigKeys (ConfUtils.java:logGet(43)) - raft.server.notification.no-leader.timeout = 120s (custom)
2019-09-25 10:46:07,132 [pool-159-thread-1] INFO  server.RaftServerConfigKeys (ConfUtils.java:logGet(43)) - raft.server.log.use.memory = false (default)
2019-09-25 10:46:07,132 [pool-159-thread-1] INFO  server.RaftServerConfigKeys (ConfUtils.java:logGet(43)) - raft.server.log.purge.gap = 1000000 (custom)
2019-09-25 10:46:07,132 [pool-159-thread-1] INFO  server.RaftServerConfigKeys (ConfUtils.java:logGet(43)) - raft.server.log.appender.buffer.byte-limit = 33554432 (custom)
2019-09-25 10:46:07,133 [pool-159-thread-1] INFO  server.RaftServerConfigKeys (ConfUtils.java:logGet(43)) - raft.server.log.segment.size.max = 1048576 (custom)
2019-09-25 10:46:07,133 [pool-159-thread-1] INFO  server.RaftServerConfigKeys (ConfUtils.java:logGet(43)) - raft.server.log.segment.cache.num.max = 2 (custom)
2019-09-25 10:46:07,133 [pool-159-thread-1] INFO  segmented.SegmentedRaftLogWorker (SegmentedRaftLogWorker.java:<init>(172)) - new 61124df1-009c-4638-aa5a-8c2de913e894@group-012C95686DBA-SegmentedRaftLogWorker for RaftStorage:Storage Directory /workdir/hadoop-ozone/integration-test/target/test-dir/MiniOzoneClusterImpl-98543f66-0f4c-4586-80e6-01b94623704d/datanode-4/data/ratis/940048df-413f-4dd8-ba51-012c95686dba
2019-09-25 10:46:07,135 [pool-159-thread-1] INFO  server.RaftServerConfigKeys (ConfUtils.java:logGet(43)) - raft.server.log.queue.byte-limit = 2147483647 (custom)
2019-09-25 10:46:07,135 [pool-159-thread-1] INFO  server.RaftServerConfigKeys (ConfUtils.java:logGet(43)) - raft.server.log.queue.element-limit = 1024 (custom)
2019-09-25 10:46:07,136 [pool-159-thread-1] INFO  server.RaftServerConfigKeys (ConfUtils.java:logGet(43)) - raft.server.log.segment.size.max = 1048576 (custom)
2019-09-25 10:46:07,136 [pool-159-thread-1] INFO  server.RaftServerConfigKeys (ConfUtils.java:logGet(43)) - raft.server.log.preallocated.size = 16384 (custom)
2019-09-25 10:46:07,136 [pool-159-thread-1] INFO  server.RaftServerConfigKeys (ConfUtils.java:logGet(43)) - raft.server.log.write.buffer.size = 33554432 (custom)
2019-09-25 10:46:07,136 [pool-159-thread-1] INFO  server.RaftServerConfigKeys (ConfUtils.java:logGet(43)) - raft.server.log.force.sync.num = 128 (default)
2019-09-25 10:46:07,136 [pool-159-thread-1] INFO  server.RaftServerConfigKeys (ConfUtils.java:logGet(43)) - raft.server.log.statemachine.data.sync = true (default)
2019-09-25 10:46:07,137 [pool-159-thread-1] INFO  server.RaftServerConfigKeys (ConfUtils.java:logGet(43)) - raft.server.log.statemachine.data.sync.timeout = 10s (default)
2019-09-25 10:46:07,137 [pool-159-thread-1] INFO  server.RaftServerConfigKeys (ConfUtils.java:logGet(43)) - raft.server.log.statemachine.data.sync.timeout.retry = -1 (default)
2019-09-25 10:46:07,137 [pool-159-thread-1] INFO  server.RaftServerConfigKeys (ConfUtils.java:logGet(43)) - raft.server.log.statemachine.data.caching.enabled = true (custom)
2019-09-25 10:46:07,137 [pool-159-thread-1] INFO  segmented.SegmentedRaftLogWorker (SegmentedRaftLogWorker.java:lambda$new$0(132)) - 61124df1-009c-4638-aa5a-8c2de913e894@group-012C95686DBA-SegmentedRaftLogWorker: flushIndex: setUnconditionally 0 -> -1
2019-09-25 10:46:07,137 [pool-159-thread-1] INFO  server.RaftServerConfigKeys (ConfUtils.java:logGet(43)) - raft.server.snapshot.auto.trigger.enabled = true (custom)
2019-09-25 10:46:07,137 [pool-159-thread-1] INFO  server.RaftServerConfigKeys (ConfUtils.java:logGet(43)) - raft.server.snapshot.auto.trigger.threshold = 10000 (custom)
2019-09-25 10:46:07,138 [pool-159-thread-1] INFO  server.RaftServerConfigKeys (ConfUtils.java:logGet(43)) - raft.server.snapshot.retention.num.files = 5 (custom)
2019-09-25 10:46:07,138 [pool-159-thread-1] INFO  server.RaftServerConfigKeys (ConfUtils.java:logGet(43)) - raft.server.retrycache.expirytime = 600000ms (custom)
2019-09-25 10:46:07,140 [pool-159-thread-1] INFO  impl.RaftServerImpl (RaftServerImpl.java:start(185)) - 61124df1-009c-4638-aa5a-8c2de913e894@group-012C95686DBA: start as a follower, conf=-1: [61124df1-009c-4638-aa5a-8c2de913e894:192.168.164.234:37220], old=null
2019-09-25 10:46:07,140 [pool-159-thread-1] INFO  impl.RaftServerImpl (RaftServerImpl.java:setRole(174)) - 61124df1-009c-4638-aa5a-8c2de913e894@group-012C95686DBA: changes role from      null to FOLLOWER at term 0 for startAsFollower
2019-09-25 10:46:07,140 [pool-159-thread-1] INFO  impl.RoleInfo (RoleInfo.java:updateAndGet(143)) - 61124df1-009c-4638-aa5a-8c2de913e894: start FollowerState
2019-09-25 10:46:07,141 [pool-159-thread-1] INFO  util.JmxRegister (JmxRegister.java:tryRegister(44)) - Successfully registered JMX Bean with object name Ratis:service=RaftServer,group=group-012C95686DBA,id=61124df1-009c-4638-aa5a-8c2de913e894
2019-09-25 10:46:07,144 [RatisPipelineUtilsThread] INFO  pipeline.PipelineStateManager (PipelineStateManager.java:addPipeline(56)) - Created pipeline Pipeline[ Id: 940048df-413f-4dd8-ba51-012c95686dba, Nodes: 61124df1-009c-4638-aa5a-8c2de913e894{ip: 192.168.164.234, host: pr-hdds-2067-fv87d-1578606345, networkLocation: /default-rack, certSerialId: null}, Type:RATIS, Factor:ONE, State:OPEN]
2019-09-25 10:46:07,154 [grpc-default-executor-2] INFO  impl.RaftServerProxy (RaftServerProxy.java:addNew(89)) - ce695c2b-5bea-4187-952b-b1ab4bd81dd9: addNew group-E53018FAD212:[ce695c2b-5bea-4187-952b-b1ab4bd81dd9:192.168.164.234:34875] returns group-E53018FAD212:java.util.concurrent.CompletableFuture@4d67877c[Not completed]
2019-09-25 10:46:07,159 [pool-169-thread-1] INFO  impl.RaftServerImpl (RaftServerImpl.java:<init>(95)) - ce695c2b-5bea-4187-952b-b1ab4bd81dd9: new RaftServerImpl for group-E53018FAD212:[ce695c2b-5bea-4187-952b-b1ab4bd81dd9:192.168.164.234:34875] with ContainerStateMachine:uninitialized
2019-09-25 10:46:07,159 [pool-169-thread-1] INFO  server.RaftServerConfigKeys (ConfUtils.java:logGet(43)) - raft.server.rpc.timeout.min = 5s (custom)
2019-09-25 10:46:07,159 [pool-169-thread-1] INFO  server.RaftServerConfigKeys (ConfUtils.java:logGet(43)) - raft.server.rpc.timeout.max = 5200ms (custom)
2019-09-25 10:46:07,159 [pool-169-thread-1] INFO  server.RaftServerConfigKeys (ConfUtils.java:logGet(43)) - raft.server.rpcslowness.timeout = 120s (custom)
2019-09-25 10:46:07,159 [pool-169-thread-1] INFO  server.RaftServerConfigKeys (ConfUtils.java:logGet(43)) - raft.server.sleep.deviation.threshold = 300 (default)
2019-09-25 10:46:07,159 [pool-169-thread-1] INFO  server.RaftServerConfigKeys (ConfUtils.java:logGet(43)) - raft.server.log.appender.install.snapshot.enabled = false (custom)
2019-09-25 10:46:07,159 [pool-169-thread-1] INFO  impl.RaftServerImpl (ServerState.java:<init>(103)) - ce695c2b-5bea-4187-952b-b1ab4bd81dd9@group-E53018FAD212: ConfigurationManager, init=-1: [ce695c2b-5bea-4187-952b-b1ab4bd81dd9:192.168.164.234:34875], old=null, confs=<EMPTY_MAP>
2019-09-25 10:46:07,160 [pool-169-thread-1] INFO  server.RaftServerConfigKeys (ConfUtils.java:logGet(43)) - raft.server.storage.dir = [/workdir/hadoop-ozone/integration-test/target/test-dir/MiniOzoneClusterImpl-98543f66-0f4c-4586-80e6-01b94623704d/datanode-5/data/ratis] (custom)
2019-09-25 10:46:07,160 [pool-169-thread-1] INFO  storage.RaftStorageDirectory (RaftStorageDirectory.java:analyzeStorage(246)) - The storage directory /workdir/hadoop-ozone/integration-test/target/test-dir/MiniOzoneClusterImpl-98543f66-0f4c-4586-80e6-01b94623704d/datanode-5/data/ratis/fa21a956-7288-4f02-b7a4-e53018fad212 does not exist. Creating ...
2019-09-25 10:46:07,172 [pool-169-thread-1] INFO  storage.RaftStorageDirectory (RaftStorageDirectory.java:tryLock(328)) - Lock on /workdir/hadoop-ozone/integration-test/target/test-dir/MiniOzoneClusterImpl-98543f66-0f4c-4586-80e6-01b94623704d/datanode-5/data/ratis/fa21a956-7288-4f02-b7a4-e53018fad212/in_use.lock acquired by nodename 26801@pr-hdds-2067-fv87d-1578606345
2019-09-25 10:46:07,183 [main] INFO  ozone.MiniOzoneClusterImpl (MiniOzoneClusterImpl.java:lambda$waitForClusterToBeReady$0(147)) - Waiting for cluster to be ready. Got 6 of 7 DN Heartbeats.
2019-09-25 10:46:07,185 [IPC Server handler 7 on 39300] INFO  net.NetworkTopology (NetworkTopologyImpl.java:add(111)) - Added a new node: /default-rack/6aa10c05-48fc-4ac9-9cd7-308cacba71f0
2019-09-25 10:46:07,185 [IPC Server handler 7 on 39300] INFO  node.SCMNodeManager (SCMNodeManager.java:register(266)) - Registered Data node : 6aa10c05-48fc-4ac9-9cd7-308cacba71f0{ip: 192.168.164.234, host: pr-hdds-2067-fv87d-1578606345, networkLocation: /default-rack, certSerialId: null}
2019-09-25 10:46:07,187 [pool-169-thread-1] INFO  storage.RaftStorage (RaftStorage.java:format(72)) - Storage directory /workdir/hadoop-ozone/integration-test/target/test-dir/MiniOzoneClusterImpl-98543f66-0f4c-4586-80e6-01b94623704d/datanode-5/data/ratis/fa21a956-7288-4f02-b7a4-e53018fad212 has been successfully formatted.
2019-09-25 10:46:07,188 [pool-169-thread-1] INFO  ratis.ContainerStateMachine (ContainerStateMachine.java:loadSnapshot(230)) - group-E53018FAD212: The snapshot info is null. Setting the last applied indexto:(t:0, i:~)
2019-09-25 10:46:07,188 [pool-169-thread-1] INFO  server.RaftServerConfigKeys (ConfUtils.java:logGet(43)) - raft.server.notification.no-leader.timeout = 120s (custom)
2019-09-25 10:46:07,188 [pool-169-thread-1] INFO  server.RaftServerConfigKeys (ConfUtils.java:logGet(43)) - raft.server.log.use.memory = false (default)
2019-09-25 10:46:07,188 [pool-169-thread-1] INFO  server.RaftServerConfigKeys (ConfUtils.java:logGet(43)) - raft.server.log.purge.gap = 1000000 (custom)
2019-09-25 10:46:07,189 [pool-169-thread-1] INFO  server.RaftServerConfigKeys (ConfUtils.java:logGet(43)) - raft.server.log.appender.buffer.byte-limit = 33554432 (custom)
2019-09-25 10:46:07,189 [pool-169-thread-1] INFO  server.RaftServerConfigKeys (ConfUtils.java:logGet(43)) - raft.server.log.segment.size.max = 1048576 (custom)
2019-09-25 10:46:07,189 [pool-169-thread-1] INFO  server.RaftServerConfigKeys (ConfUtils.java:logGet(43)) - raft.server.log.segment.cache.num.max = 2 (custom)
2019-09-25 10:46:07,189 [pool-169-thread-1] INFO  segmented.SegmentedRaftLogWorker (SegmentedRaftLogWorker.java:<init>(172)) - new ce695c2b-5bea-4187-952b-b1ab4bd81dd9@group-E53018FAD212-SegmentedRaftLogWorker for RaftStorage:Storage Directory /workdir/hadoop-ozone/integration-test/target/test-dir/MiniOzoneClusterImpl-98543f66-0f4c-4586-80e6-01b94623704d/datanode-5/data/ratis/fa21a956-7288-4f02-b7a4-e53018fad212
2019-09-25 10:46:07,192 [pool-169-thread-1] INFO  server.RaftServerConfigKeys (ConfUtils.java:logGet(43)) - raft.server.log.queue.byte-limit = 2147483647 (custom)
2019-09-25 10:46:07,193 [pool-169-thread-1] INFO  server.RaftServerConfigKeys (ConfUtils.java:logGet(43)) - raft.server.log.queue.element-limit = 1024 (custom)
2019-09-25 10:46:07,193 [pool-169-thread-1] INFO  server.RaftServerConfigKeys (ConfUtils.java:logGet(43)) - raft.server.log.segment.size.max = 1048576 (custom)
2019-09-25 10:46:07,193 [pool-169-thread-1] INFO  server.RaftServerConfigKeys (ConfUtils.java:logGet(43)) - raft.server.log.preallocated.size = 16384 (custom)
2019-09-25 10:46:07,193 [pool-169-thread-1] INFO  server.RaftServerConfigKeys (ConfUtils.java:logGet(43)) - raft.server.log.write.buffer.size = 33554432 (custom)
2019-09-25 10:46:07,193 [pool-169-thread-1] INFO  server.RaftServerConfigKeys (ConfUtils.java:logGet(43)) - raft.server.log.force.sync.num = 128 (default)
2019-09-25 10:46:07,193 [pool-169-thread-1] INFO  server.RaftServerConfigKeys (ConfUtils.java:logGet(43)) - raft.server.log.statemachine.data.sync = true (default)
2019-09-25 10:46:07,194 [pool-169-thread-1] INFO  server.RaftServerConfigKeys (ConfUtils.java:logGet(43)) - raft.server.log.statemachine.data.sync.timeout = 10s (default)
2019-09-25 10:46:07,194 [pool-169-thread-1] INFO  server.RaftServerConfigKeys (ConfUtils.java:logGet(43)) - raft.server.log.statemachine.data.sync.timeout.retry = -1 (default)
2019-09-25 10:46:07,194 [pool-169-thread-1] INFO  server.RaftServerConfigKeys (ConfUtils.java:logGet(43)) - raft.server.log.statemachine.data.caching.enabled = true (custom)
2019-09-25 10:46:07,195 [pool-169-thread-1] INFO  segmented.SegmentedRaftLogWorker (SegmentedRaftLogWorker.java:lambda$new$0(132)) - ce695c2b-5bea-4187-952b-b1ab4bd81dd9@group-E53018FAD212-SegmentedRaftLogWorker: flushIndex: setUnconditionally 0 -> -1
2019-09-25 10:46:07,195 [pool-169-thread-1] INFO  server.RaftServerConfigKeys (ConfUtils.java:logGet(43)) - raft.server.snapshot.auto.trigger.enabled = true (custom)
2019-09-25 10:46:07,195 [pool-169-thread-1] INFO  server.RaftServerConfigKeys (ConfUtils.java:logGet(43)) - raft.server.snapshot.auto.trigger.threshold = 10000 (custom)
2019-09-25 10:46:07,195 [pool-169-thread-1] INFO  server.RaftServerConfigKeys (ConfUtils.java:logGet(43)) - raft.server.snapshot.retention.num.files = 5 (custom)
2019-09-25 10:46:07,196 [pool-169-thread-1] INFO  server.RaftServerConfigKeys (ConfUtils.java:logGet(43)) - raft.server.retrycache.expirytime = 600000ms (custom)
2019-09-25 10:46:07,198 [pool-169-thread-1] INFO  impl.RaftServerImpl (RaftServerImpl.java:start(185)) - ce695c2b-5bea-4187-952b-b1ab4bd81dd9@group-E53018FAD212: start as a follower, conf=-1: [ce695c2b-5bea-4187-952b-b1ab4bd81dd9:192.168.164.234:34875], old=null
2019-09-25 10:46:07,198 [pool-169-thread-1] INFO  impl.RaftServerImpl (RaftServerImpl.java:setRole(174)) - ce695c2b-5bea-4187-952b-b1ab4bd81dd9@group-E53018FAD212: changes role from      null to FOLLOWER at term 0 for startAsFollower
2019-09-25 10:46:07,198 [pool-169-thread-1] INFO  impl.RoleInfo (RoleInfo.java:updateAndGet(143)) - ce695c2b-5bea-4187-952b-b1ab4bd81dd9: start FollowerState
2019-09-25 10:46:07,199 [pool-169-thread-1] INFO  util.JmxRegister (JmxRegister.java:tryRegister(44)) - Successfully registered JMX Bean with object name Ratis:service=RaftServer,group=group-E53018FAD212,id=ce695c2b-5bea-4187-952b-b1ab4bd81dd9
2019-09-25 10:46:07,202 [RatisPipelineUtilsThread] INFO  pipeline.PipelineStateManager (PipelineStateManager.java:addPipeline(56)) - Created pipeline Pipeline[ Id: fa21a956-7288-4f02-b7a4-e53018fad212, Nodes: ce695c2b-5bea-4187-952b-b1ab4bd81dd9{ip: 192.168.164.234, host: pr-hdds-2067-fv87d-1578606345, networkLocation: /default-rack, certSerialId: null}, Type:RATIS, Factor:ONE, State:OPEN]
2019-09-25 10:46:07,210 [grpc-default-executor-2] INFO  impl.RaftServerProxy (RaftServerProxy.java:addNew(89)) - 6aa10c05-48fc-4ac9-9cd7-308cacba71f0: addNew group-D1F63E14906E:[6aa10c05-48fc-4ac9-9cd7-308cacba71f0:192.168.164.234:41883] returns group-D1F63E14906E:java.util.concurrent.CompletableFuture@5bc58985[Not completed]
2019-09-25 10:46:07,215 [pool-179-thread-1] INFO  impl.RaftServerImpl (RaftServerImpl.java:<init>(95)) - 6aa10c05-48fc-4ac9-9cd7-308cacba71f0: new RaftServerImpl for group-D1F63E14906E:[6aa10c05-48fc-4ac9-9cd7-308cacba71f0:192.168.164.234:41883] with ContainerStateMachine:uninitialized
2019-09-25 10:46:07,215 [pool-179-thread-1] INFO  server.RaftServerConfigKeys (ConfUtils.java:logGet(43)) - raft.server.rpc.timeout.min = 5s (custom)
2019-09-25 10:46:07,215 [pool-179-thread-1] INFO  server.RaftServerConfigKeys (ConfUtils.java:logGet(43)) - raft.server.rpc.timeout.max = 5200ms (custom)
2019-09-25 10:46:07,215 [pool-179-thread-1] INFO  server.RaftServerConfigKeys (ConfUtils.java:logGet(43)) - raft.server.rpcslowness.timeout = 120s (custom)
2019-09-25 10:46:07,215 [pool-179-thread-1] INFO  server.RaftServerConfigKeys (ConfUtils.java:logGet(43)) - raft.server.sleep.deviation.threshold = 300 (default)
2019-09-25 10:46:07,215 [pool-179-thread-1] INFO  server.RaftServerConfigKeys (ConfUtils.java:logGet(43)) - raft.server.log.appender.install.snapshot.enabled = false (custom)
2019-09-25 10:46:07,216 [pool-179-thread-1] INFO  impl.RaftServerImpl (ServerState.java:<init>(103)) - 6aa10c05-48fc-4ac9-9cd7-308cacba71f0@group-D1F63E14906E: ConfigurationManager, init=-1: [6aa10c05-48fc-4ac9-9cd7-308cacba71f0:192.168.164.234:41883], old=null, confs=<EMPTY_MAP>
2019-09-25 10:46:07,216 [pool-179-thread-1] INFO  server.RaftServerConfigKeys (ConfUtils.java:logGet(43)) - raft.server.storage.dir = [/workdir/hadoop-ozone/integration-test/target/test-dir/MiniOzoneClusterImpl-98543f66-0f4c-4586-80e6-01b94623704d/datanode-6/data/ratis] (custom)
2019-09-25 10:46:07,216 [pool-179-thread-1] INFO  storage.RaftStorageDirectory (RaftStorageDirectory.java:analyzeStorage(246)) - The storage directory /workdir/hadoop-ozone/integration-test/target/test-dir/MiniOzoneClusterImpl-98543f66-0f4c-4586-80e6-01b94623704d/datanode-6/data/ratis/e24260e2-7954-436d-9527-d1f63e14906e does not exist. Creating ...
2019-09-25 10:46:07,230 [pool-179-thread-1] INFO  storage.RaftStorageDirectory (RaftStorageDirectory.java:tryLock(328)) - Lock on /workdir/hadoop-ozone/integration-test/target/test-dir/MiniOzoneClusterImpl-98543f66-0f4c-4586-80e6-01b94623704d/datanode-6/data/ratis/e24260e2-7954-436d-9527-d1f63e14906e/in_use.lock acquired by nodename 26801@pr-hdds-2067-fv87d-1578606345
2019-09-25 10:46:07,242 [pool-179-thread-1] INFO  storage.RaftStorage (RaftStorage.java:format(72)) - Storage directory /workdir/hadoop-ozone/integration-test/target/test-dir/MiniOzoneClusterImpl-98543f66-0f4c-4586-80e6-01b94623704d/datanode-6/data/ratis/e24260e2-7954-436d-9527-d1f63e14906e has been successfully formatted.
2019-09-25 10:46:07,243 [pool-179-thread-1] INFO  ratis.ContainerStateMachine (ContainerStateMachine.java:loadSnapshot(230)) - group-D1F63E14906E: The snapshot info is null. Setting the last applied indexto:(t:0, i:~)
2019-09-25 10:46:07,243 [pool-179-thread-1] INFO  server.RaftServerConfigKeys (ConfUtils.java:logGet(43)) - raft.server.notification.no-leader.timeout = 120s (custom)
2019-09-25 10:46:07,243 [pool-179-thread-1] INFO  server.RaftServerConfigKeys (ConfUtils.java:logGet(43)) - raft.server.log.use.memory = false (default)
2019-09-25 10:46:07,243 [pool-179-thread-1] INFO  server.RaftServerConfigKeys (ConfUtils.java:logGet(43)) - raft.server.log.purge.gap = 1000000 (custom)
2019-09-25 10:46:07,243 [pool-179-thread-1] INFO  server.RaftServerConfigKeys (ConfUtils.java:logGet(43)) - raft.server.log.appender.buffer.byte-limit = 33554432 (custom)
2019-09-25 10:46:07,244 [pool-179-thread-1] INFO  server.RaftServerConfigKeys (ConfUtils.java:logGet(43)) - raft.server.log.segment.size.max = 1048576 (custom)
2019-09-25 10:46:07,244 [pool-179-thread-1] INFO  server.RaftServerConfigKeys (ConfUtils.java:logGet(43)) - raft.server.log.segment.cache.num.max = 2 (custom)
2019-09-25 10:46:07,244 [pool-179-thread-1] INFO  segmented.SegmentedRaftLogWorker (SegmentedRaftLogWorker.java:<init>(172)) - new 6aa10c05-48fc-4ac9-9cd7-308cacba71f0@group-D1F63E14906E-SegmentedRaftLogWorker for RaftStorage:Storage Directory /workdir/hadoop-ozone/integration-test/target/test-dir/MiniOzoneClusterImpl-98543f66-0f4c-4586-80e6-01b94623704d/datanode-6/data/ratis/e24260e2-7954-436d-9527-d1f63e14906e
2019-09-25 10:46:07,246 [pool-179-thread-1] INFO  server.RaftServerConfigKeys (ConfUtils.java:logGet(43)) - raft.server.log.queue.byte-limit = 2147483647 (custom)
2019-09-25 10:46:07,246 [pool-179-thread-1] INFO  server.RaftServerConfigKeys (ConfUtils.java:logGet(43)) - raft.server.log.queue.element-limit = 1024 (custom)
2019-09-25 10:46:07,247 [pool-179-thread-1] INFO  server.RaftServerConfigKeys (ConfUtils.java:logGet(43)) - raft.server.log.segment.size.max = 1048576 (custom)
2019-09-25 10:46:07,247 [pool-179-thread-1] INFO  server.RaftServerConfigKeys (ConfUtils.java:logGet(43)) - raft.server.log.preallocated.size = 16384 (custom)
2019-09-25 10:46:07,247 [pool-179-thread-1] INFO  server.RaftServerConfigKeys (ConfUtils.java:logGet(43)) - raft.server.log.write.buffer.size = 33554432 (custom)
2019-09-25 10:46:07,247 [pool-179-thread-1] INFO  server.RaftServerConfigKeys (ConfUtils.java:logGet(43)) - raft.server.log.force.sync.num = 128 (default)
2019-09-25 10:46:07,247 [pool-179-thread-1] INFO  server.RaftServerConfigKeys (ConfUtils.java:logGet(43)) - raft.server.log.statemachine.data.sync = true (default)
2019-09-25 10:46:07,247 [pool-179-thread-1] INFO  server.RaftServerConfigKeys (ConfUtils.java:logGet(43)) - raft.server.log.statemachine.data.sync.timeout = 10s (default)
2019-09-25 10:46:07,247 [pool-179-thread-1] INFO  server.RaftServerConfigKeys (ConfUtils.java:logGet(43)) - raft.server.log.statemachine.data.sync.timeout.retry = -1 (default)
2019-09-25 10:46:07,247 [pool-179-thread-1] INFO  server.RaftServerConfigKeys (ConfUtils.java:logGet(43)) - raft.server.log.statemachine.data.caching.enabled = true (custom)
2019-09-25 10:46:07,248 [pool-179-thread-1] INFO  segmented.SegmentedRaftLogWorker (SegmentedRaftLogWorker.java:lambda$new$0(132)) - 6aa10c05-48fc-4ac9-9cd7-308cacba71f0@group-D1F63E14906E-SegmentedRaftLogWorker: flushIndex: setUnconditionally 0 -> -1
2019-09-25 10:46:07,248 [pool-179-thread-1] INFO  server.RaftServerConfigKeys (ConfUtils.java:logGet(43)) - raft.server.snapshot.auto.trigger.enabled = true (custom)
2019-09-25 10:46:07,248 [pool-179-thread-1] INFO  server.RaftServerConfigKeys (ConfUtils.java:logGet(43)) - raft.server.snapshot.auto.trigger.threshold = 10000 (custom)
2019-09-25 10:46:07,248 [pool-179-thread-1] INFO  server.RaftServerConfigKeys (ConfUtils.java:logGet(43)) - raft.server.snapshot.retention.num.files = 5 (custom)
2019-09-25 10:46:07,248 [pool-179-thread-1] INFO  server.RaftServerConfigKeys (ConfUtils.java:logGet(43)) - raft.server.retrycache.expirytime = 600000ms (custom)
2019-09-25 10:46:07,250 [pool-179-thread-1] INFO  impl.RaftServerImpl (RaftServerImpl.java:start(185)) - 6aa10c05-48fc-4ac9-9cd7-308cacba71f0@group-D1F63E14906E: start as a follower, conf=-1: [6aa10c05-48fc-4ac9-9cd7-308cacba71f0:192.168.164.234:41883], old=null
2019-09-25 10:46:07,250 [pool-179-thread-1] INFO  impl.RaftServerImpl (RaftServerImpl.java:setRole(174)) - 6aa10c05-48fc-4ac9-9cd7-308cacba71f0@group-D1F63E14906E: changes role from      null to FOLLOWER at term 0 for startAsFollower
2019-09-25 10:46:07,250 [pool-179-thread-1] INFO  impl.RoleInfo (RoleInfo.java:updateAndGet(143)) - 6aa10c05-48fc-4ac9-9cd7-308cacba71f0: start FollowerState
2019-09-25 10:46:07,250 [pool-179-thread-1] INFO  util.JmxRegister (JmxRegister.java:tryRegister(44)) - Successfully registered JMX Bean with object name Ratis:service=RaftServer,group=group-D1F63E14906E,id=6aa10c05-48fc-4ac9-9cd7-308cacba71f0
2019-09-25 10:46:07,253 [RatisPipelineUtilsThread] INFO  pipeline.PipelineStateManager (PipelineStateManager.java:addPipeline(56)) - Created pipeline Pipeline[ Id: e24260e2-7954-436d-9527-d1f63e14906e, Nodes: 6aa10c05-48fc-4ac9-9cd7-308cacba71f0{ip: 192.168.164.234, host: pr-hdds-2067-fv87d-1578606345, networkLocation: /default-rack, certSerialId: null}, Type:RATIS, Factor:ONE, State:OPEN]
2019-09-25 10:46:07,267 [grpc-default-executor-2] INFO  impl.RaftServerProxy (RaftServerProxy.java:addNew(89)) - 6aa10c05-48fc-4ac9-9cd7-308cacba71f0: addNew group-1B1D3B05D62B:[6aa10c05-48fc-4ac9-9cd7-308cacba71f0:192.168.164.234:41883, 7a949e52-d361-4472-b94e-f2b9035b6b4f:192.168.164.234:34433, 00008384-59d3-451f-b64d-d1f14470a714:192.168.164.234:42495] returns group-1B1D3B05D62B:java.util.concurrent.CompletableFuture@78897b8[Not completed]
2019-09-25 10:46:07,268 [pool-179-thread-1] INFO  impl.RaftServerImpl (RaftServerImpl.java:<init>(95)) - 6aa10c05-48fc-4ac9-9cd7-308cacba71f0: new RaftServerImpl for group-1B1D3B05D62B:[6aa10c05-48fc-4ac9-9cd7-308cacba71f0:192.168.164.234:41883, 7a949e52-d361-4472-b94e-f2b9035b6b4f:192.168.164.234:34433, 00008384-59d3-451f-b64d-d1f14470a714:192.168.164.234:42495] with ContainerStateMachine:uninitialized
2019-09-25 10:46:07,269 [pool-179-thread-1] INFO  server.RaftServerConfigKeys (ConfUtils.java:logGet(43)) - raft.server.rpc.timeout.min = 5s (custom)
2019-09-25 10:46:07,269 [grpc-default-executor-2] INFO  impl.RaftServerProxy (RaftServerProxy.java:addNew(89)) - 00008384-59d3-451f-b64d-d1f14470a714: addNew group-1B1D3B05D62B:[6aa10c05-48fc-4ac9-9cd7-308cacba71f0:192.168.164.234:41883, 7a949e52-d361-4472-b94e-f2b9035b6b4f:192.168.164.234:34433, 00008384-59d3-451f-b64d-d1f14470a714:192.168.164.234:42495] returns group-1B1D3B05D62B:java.util.concurrent.CompletableFuture@7076bf6d[Not completed]
2019-09-25 10:46:07,269 [pool-179-thread-1] INFO  server.RaftServerConfigKeys (ConfUtils.java:logGet(43)) - raft.server.rpc.timeout.max = 5200ms (custom)
2019-09-25 10:46:07,269 [grpc-default-executor-4] INFO  impl.RaftServerProxy (RaftServerProxy.java:addNew(89)) - 7a949e52-d361-4472-b94e-f2b9035b6b4f: addNew group-1B1D3B05D62B:[6aa10c05-48fc-4ac9-9cd7-308cacba71f0:192.168.164.234:41883, 7a949e52-d361-4472-b94e-f2b9035b6b4f:192.168.164.234:34433, 00008384-59d3-451f-b64d-d1f14470a714:192.168.164.234:42495] returns group-1B1D3B05D62B:java.util.concurrent.CompletableFuture@8c67a25[Not completed]
2019-09-25 10:46:07,269 [pool-179-thread-1] INFO  server.RaftServerConfigKeys (ConfUtils.java:logGet(43)) - raft.server.rpcslowness.timeout = 120s (custom)
2019-09-25 10:46:07,269 [pool-179-thread-1] INFO  server.RaftServerConfigKeys (ConfUtils.java:logGet(43)) - raft.server.sleep.deviation.threshold = 300 (default)
2019-09-25 10:46:07,269 [pool-139-thread-1] INFO  impl.RaftServerImpl (RaftServerImpl.java:<init>(95)) - 00008384-59d3-451f-b64d-d1f14470a714: new RaftServerImpl for group-1B1D3B05D62B:[6aa10c05-48fc-4ac9-9cd7-308cacba71f0:192.168.164.234:41883, 7a949e52-d361-4472-b94e-f2b9035b6b4f:192.168.164.234:34433, 00008384-59d3-451f-b64d-d1f14470a714:192.168.164.234:42495] with ContainerStateMachine:uninitialized
2019-09-25 10:46:07,269 [pool-179-thread-1] INFO  server.RaftServerConfigKeys (ConfUtils.java:logGet(43)) - raft.server.log.appender.install.snapshot.enabled = false (custom)
2019-09-25 10:46:07,270 [pool-139-thread-1] INFO  server.RaftServerConfigKeys (ConfUtils.java:logGet(43)) - raft.server.rpc.timeout.min = 5s (custom)
2019-09-25 10:46:07,270 [pool-179-thread-1] INFO  impl.RaftServerImpl (ServerState.java:<init>(103)) - 6aa10c05-48fc-4ac9-9cd7-308cacba71f0@group-1B1D3B05D62B: ConfigurationManager, init=-1: [6aa10c05-48fc-4ac9-9cd7-308cacba71f0:192.168.164.234:41883, 7a949e52-d361-4472-b94e-f2b9035b6b4f:192.168.164.234:34433, 00008384-59d3-451f-b64d-d1f14470a714:192.168.164.234:42495], old=null, confs=<EMPTY_MAP>
2019-09-25 10:46:07,270 [pool-139-thread-1] INFO  server.RaftServerConfigKeys (ConfUtils.java:logGet(43)) - raft.server.rpc.timeout.max = 5200ms (custom)
2019-09-25 10:46:07,270 [pool-179-thread-1] INFO  server.RaftServerConfigKeys (ConfUtils.java:logGet(43)) - raft.server.storage.dir = [/workdir/hadoop-ozone/integration-test/target/test-dir/MiniOzoneClusterImpl-98543f66-0f4c-4586-80e6-01b94623704d/datanode-6/data/ratis] (custom)
2019-09-25 10:46:07,270 [pool-129-thread-1] INFO  impl.RaftServerImpl (RaftServerImpl.java:<init>(95)) - 7a949e52-d361-4472-b94e-f2b9035b6b4f: new RaftServerImpl for group-1B1D3B05D62B:[6aa10c05-48fc-4ac9-9cd7-308cacba71f0:192.168.164.234:41883, 7a949e52-d361-4472-b94e-f2b9035b6b4f:192.168.164.234:34433, 00008384-59d3-451f-b64d-d1f14470a714:192.168.164.234:42495] with ContainerStateMachine:uninitialized
2019-09-25 10:46:07,270 [pool-139-thread-1] INFO  server.RaftServerConfigKeys (ConfUtils.java:logGet(43)) - raft.server.rpcslowness.timeout = 120s (custom)
2019-09-25 10:46:07,270 [pool-129-thread-1] INFO  server.RaftServerConfigKeys (ConfUtils.java:logGet(43)) - raft.server.rpc.timeout.min = 5s (custom)
2019-09-25 10:46:07,270 [pool-179-thread-1] INFO  storage.RaftStorageDirectory (RaftStorageDirectory.java:analyzeStorage(246)) - The storage directory /workdir/hadoop-ozone/integration-test/target/test-dir/MiniOzoneClusterImpl-98543f66-0f4c-4586-80e6-01b94623704d/datanode-6/data/ratis/e9bea230-6a68-4f56-bf80-1b1d3b05d62b does not exist. Creating ...
2019-09-25 10:46:07,270 [pool-139-thread-1] INFO  server.RaftServerConfigKeys (ConfUtils.java:logGet(43)) - raft.server.sleep.deviation.threshold = 300 (default)
2019-09-25 10:46:07,270 [pool-129-thread-1] INFO  server.RaftServerConfigKeys (ConfUtils.java:logGet(43)) - raft.server.rpc.timeout.max = 5200ms (custom)
2019-09-25 10:46:07,271 [pool-139-thread-1] INFO  server.RaftServerConfigKeys (ConfUtils.java:logGet(43)) - raft.server.log.appender.install.snapshot.enabled = false (custom)
2019-09-25 10:46:07,271 [pool-129-thread-1] INFO  server.RaftServerConfigKeys (ConfUtils.java:logGet(43)) - raft.server.rpcslowness.timeout = 120s (custom)
2019-09-25 10:46:07,271 [pool-139-thread-1] INFO  impl.RaftServerImpl (ServerState.java:<init>(103)) - 00008384-59d3-451f-b64d-d1f14470a714@group-1B1D3B05D62B: ConfigurationManager, init=-1: [6aa10c05-48fc-4ac9-9cd7-308cacba71f0:192.168.164.234:41883, 7a949e52-d361-4472-b94e-f2b9035b6b4f:192.168.164.234:34433, 00008384-59d3-451f-b64d-d1f14470a714:192.168.164.234:42495], old=null, confs=<EMPTY_MAP>
2019-09-25 10:46:07,271 [pool-129-thread-1] INFO  server.RaftServerConfigKeys (ConfUtils.java:logGet(43)) - raft.server.sleep.deviation.threshold = 300 (default)
2019-09-25 10:46:07,271 [pool-139-thread-1] INFO  server.RaftServerConfigKeys (ConfUtils.java:logGet(43)) - raft.server.storage.dir = [/workdir/hadoop-ozone/integration-test/target/test-dir/MiniOzoneClusterImpl-98543f66-0f4c-4586-80e6-01b94623704d/datanode-2/data/ratis] (custom)
2019-09-25 10:46:07,271 [pool-129-thread-1] INFO  server.RaftServerConfigKeys (ConfUtils.java:logGet(43)) - raft.server.log.appender.install.snapshot.enabled = false (custom)
2019-09-25 10:46:07,271 [pool-129-thread-1] INFO  impl.RaftServerImpl (ServerState.java:<init>(103)) - 7a949e52-d361-4472-b94e-f2b9035b6b4f@group-1B1D3B05D62B: ConfigurationManager, init=-1: [6aa10c05-48fc-4ac9-9cd7-308cacba71f0:192.168.164.234:41883, 7a949e52-d361-4472-b94e-f2b9035b6b4f:192.168.164.234:34433, 00008384-59d3-451f-b64d-d1f14470a714:192.168.164.234:42495], old=null, confs=<EMPTY_MAP>
2019-09-25 10:46:07,271 [pool-139-thread-1] INFO  storage.RaftStorageDirectory (RaftStorageDirectory.java:analyzeStorage(246)) - The storage directory /workdir/hadoop-ozone/integration-test/target/test-dir/MiniOzoneClusterImpl-98543f66-0f4c-4586-80e6-01b94623704d/datanode-2/data/ratis/e9bea230-6a68-4f56-bf80-1b1d3b05d62b does not exist. Creating ...
2019-09-25 10:46:07,271 [pool-129-thread-1] INFO  server.RaftServerConfigKeys (ConfUtils.java:logGet(43)) - raft.server.storage.dir = [/workdir/hadoop-ozone/integration-test/target/test-dir/MiniOzoneClusterImpl-98543f66-0f4c-4586-80e6-01b94623704d/datanode-1/data/ratis] (custom)
2019-09-25 10:46:07,272 [pool-129-thread-1] INFO  storage.RaftStorageDirectory (RaftStorageDirectory.java:analyzeStorage(246)) - The storage directory /workdir/hadoop-ozone/integration-test/target/test-dir/MiniOzoneClusterImpl-98543f66-0f4c-4586-80e6-01b94623704d/datanode-1/data/ratis/e9bea230-6a68-4f56-bf80-1b1d3b05d62b does not exist. Creating ...
2019-09-25 10:46:07,296 [pool-129-thread-1] INFO  storage.RaftStorageDirectory (RaftStorageDirectory.java:tryLock(328)) - Lock on /workdir/hadoop-ozone/integration-test/target/test-dir/MiniOzoneClusterImpl-98543f66-0f4c-4586-80e6-01b94623704d/datanode-1/data/ratis/e9bea230-6a68-4f56-bf80-1b1d3b05d62b/in_use.lock acquired by nodename 26801@pr-hdds-2067-fv87d-1578606345
2019-09-25 10:46:07,296 [pool-179-thread-1] INFO  storage.RaftStorageDirectory (RaftStorageDirectory.java:tryLock(328)) - Lock on /workdir/hadoop-ozone/integration-test/target/test-dir/MiniOzoneClusterImpl-98543f66-0f4c-4586-80e6-01b94623704d/datanode-6/data/ratis/e9bea230-6a68-4f56-bf80-1b1d3b05d62b/in_use.lock acquired by nodename 26801@pr-hdds-2067-fv87d-1578606345
2019-09-25 10:46:07,296 [pool-139-thread-1] INFO  storage.RaftStorageDirectory (RaftStorageDirectory.java:tryLock(328)) - Lock on /workdir/hadoop-ozone/integration-test/target/test-dir/MiniOzoneClusterImpl-98543f66-0f4c-4586-80e6-01b94623704d/datanode-2/data/ratis/e9bea230-6a68-4f56-bf80-1b1d3b05d62b/in_use.lock acquired by nodename 26801@pr-hdds-2067-fv87d-1578606345
2019-09-25 10:46:07,321 [pool-179-thread-1] INFO  storage.RaftStorage (RaftStorage.java:format(72)) - Storage directory /workdir/hadoop-ozone/integration-test/target/test-dir/MiniOzoneClusterImpl-98543f66-0f4c-4586-80e6-01b94623704d/datanode-6/data/ratis/e9bea230-6a68-4f56-bf80-1b1d3b05d62b has been successfully formatted.
2019-09-25 10:46:07,321 [pool-129-thread-1] INFO  storage.RaftStorage (RaftStorage.java:format(72)) - Storage directory /workdir/hadoop-ozone/integration-test/target/test-dir/MiniOzoneClusterImpl-98543f66-0f4c-4586-80e6-01b94623704d/datanode-1/data/ratis/e9bea230-6a68-4f56-bf80-1b1d3b05d62b has been successfully formatted.
2019-09-25 10:46:07,321 [pool-139-thread-1] INFO  storage.RaftStorage (RaftStorage.java:format(72)) - Storage directory /workdir/hadoop-ozone/integration-test/target/test-dir/MiniOzoneClusterImpl-98543f66-0f4c-4586-80e6-01b94623704d/datanode-2/data/ratis/e9bea230-6a68-4f56-bf80-1b1d3b05d62b has been successfully formatted.
2019-09-25 10:46:07,321 [pool-179-thread-1] INFO  ratis.ContainerStateMachine (ContainerStateMachine.java:loadSnapshot(230)) - group-1B1D3B05D62B: The snapshot info is null. Setting the last applied indexto:(t:0, i:~)
2019-09-25 10:46:07,321 [pool-139-thread-1] INFO  ratis.ContainerStateMachine (ContainerStateMachine.java:loadSnapshot(230)) - group-1B1D3B05D62B: The snapshot info is null. Setting the last applied indexto:(t:0, i:~)
2019-09-25 10:46:07,321 [pool-179-thread-1] INFO  server.RaftServerConfigKeys (ConfUtils.java:logGet(43)) - raft.server.notification.no-leader.timeout = 120s (custom)
2019-09-25 10:46:07,321 [pool-129-thread-1] INFO  ratis.ContainerStateMachine (ContainerStateMachine.java:loadSnapshot(230)) - group-1B1D3B05D62B: The snapshot info is null. Setting the last applied indexto:(t:0, i:~)
2019-09-25 10:46:07,322 [pool-179-thread-1] INFO  server.RaftServerConfigKeys (ConfUtils.java:logGet(43)) - raft.server.log.use.memory = false (default)
2019-09-25 10:46:07,322 [pool-139-thread-1] INFO  server.RaftServerConfigKeys (ConfUtils.java:logGet(43)) - raft.server.notification.no-leader.timeout = 120s (custom)
2019-09-25 10:46:07,322 [pool-179-thread-1] INFO  server.RaftServerConfigKeys (ConfUtils.java:logGet(43)) - raft.server.log.purge.gap = 1000000 (custom)
2019-09-25 10:46:07,322 [pool-129-thread-1] INFO  server.RaftServerConfigKeys (ConfUtils.java:logGet(43)) - raft.server.notification.no-leader.timeout = 120s (custom)
2019-09-25 10:46:07,322 [pool-179-thread-1] INFO  server.RaftServerConfigKeys (ConfUtils.java:logGet(43)) - raft.server.log.appender.buffer.byte-limit = 33554432 (custom)
2019-09-25 10:46:07,322 [pool-139-thread-1] INFO  server.RaftServerConfigKeys (ConfUtils.java:logGet(43)) - raft.server.log.use.memory = false (default)
2019-09-25 10:46:07,322 [pool-179-thread-1] INFO  server.RaftServerConfigKeys (ConfUtils.java:logGet(43)) - raft.server.log.segment.size.max = 1048576 (custom)
2019-09-25 10:46:07,322 [pool-129-thread-1] INFO  server.RaftServerConfigKeys (ConfUtils.java:logGet(43)) - raft.server.log.use.memory = false (default)
2019-09-25 10:46:07,323 [pool-179-thread-1] INFO  server.RaftServerConfigKeys (ConfUtils.java:logGet(43)) - raft.server.log.segment.cache.num.max = 2 (custom)
2019-09-25 10:46:07,322 [pool-139-thread-1] INFO  server.RaftServerConfigKeys (ConfUtils.java:logGet(43)) - raft.server.log.purge.gap = 1000000 (custom)
2019-09-25 10:46:07,323 [pool-179-thread-1] INFO  segmented.SegmentedRaftLogWorker (SegmentedRaftLogWorker.java:<init>(172)) - new 6aa10c05-48fc-4ac9-9cd7-308cacba71f0@group-1B1D3B05D62B-SegmentedRaftLogWorker for RaftStorage:Storage Directory /workdir/hadoop-ozone/integration-test/target/test-dir/MiniOzoneClusterImpl-98543f66-0f4c-4586-80e6-01b94623704d/datanode-6/data/ratis/e9bea230-6a68-4f56-bf80-1b1d3b05d62b
2019-09-25 10:46:07,323 [pool-129-thread-1] INFO  server.RaftServerConfigKeys (ConfUtils.java:logGet(43)) - raft.server.log.purge.gap = 1000000 (custom)
2019-09-25 10:46:07,323 [pool-179-thread-1] INFO  server.RaftServerConfigKeys (ConfUtils.java:logGet(43)) - raft.server.log.queue.byte-limit = 2147483647 (custom)
2019-09-25 10:46:07,323 [pool-139-thread-1] INFO  server.RaftServerConfigKeys (ConfUtils.java:logGet(43)) - raft.server.log.appender.buffer.byte-limit = 33554432 (custom)
2019-09-25 10:46:07,323 [pool-179-thread-1] INFO  server.RaftServerConfigKeys (ConfUtils.java:logGet(43)) - raft.server.log.queue.element-limit = 1024 (custom)
2019-09-25 10:46:07,323 [pool-129-thread-1] INFO  server.RaftServerConfigKeys (ConfUtils.java:logGet(43)) - raft.server.log.appender.buffer.byte-limit = 33554432 (custom)
2019-09-25 10:46:07,323 [pool-179-thread-1] INFO  server.RaftServerConfigKeys (ConfUtils.java:logGet(43)) - raft.server.log.segment.size.max = 1048576 (custom)
2019-09-25 10:46:07,323 [pool-139-thread-1] INFO  server.RaftServerConfigKeys (ConfUtils.java:logGet(43)) - raft.server.log.segment.size.max = 1048576 (custom)
2019-09-25 10:46:07,324 [pool-179-thread-1] INFO  server.RaftServerConfigKeys (ConfUtils.java:logGet(43)) - raft.server.log.preallocated.size = 16384 (custom)
2019-09-25 10:46:07,324 [pool-129-thread-1] INFO  server.RaftServerConfigKeys (ConfUtils.java:logGet(43)) - raft.server.log.segment.size.max = 1048576 (custom)
2019-09-25 10:46:07,324 [pool-179-thread-1] INFO  server.RaftServerConfigKeys (ConfUtils.java:logGet(43)) - raft.server.log.write.buffer.size = 33554432 (custom)
2019-09-25 10:46:07,324 [pool-139-thread-1] INFO  server.RaftServerConfigKeys (ConfUtils.java:logGet(43)) - raft.server.log.segment.cache.num.max = 2 (custom)
2019-09-25 10:46:07,324 [pool-179-thread-1] INFO  server.RaftServerConfigKeys (ConfUtils.java:logGet(43)) - raft.server.log.force.sync.num = 128 (default)
2019-09-25 10:46:07,324 [pool-129-thread-1] INFO  server.RaftServerConfigKeys (ConfUtils.java:logGet(43)) - raft.server.log.segment.cache.num.max = 2 (custom)
2019-09-25 10:46:07,324 [pool-179-thread-1] INFO  server.RaftServerConfigKeys (ConfUtils.java:logGet(43)) - raft.server.log.statemachine.data.sync = true (default)
2019-09-25 10:46:07,324 [pool-139-thread-1] INFO  segmented.SegmentedRaftLogWorker (SegmentedRaftLogWorker.java:<init>(172)) - new 00008384-59d3-451f-b64d-d1f14470a714@group-1B1D3B05D62B-SegmentedRaftLogWorker for RaftStorage:Storage Directory /workdir/hadoop-ozone/integration-test/target/test-dir/MiniOzoneClusterImpl-98543f66-0f4c-4586-80e6-01b94623704d/datanode-2/data/ratis/e9bea230-6a68-4f56-bf80-1b1d3b05d62b
2019-09-25 10:46:07,325 [pool-179-thread-1] INFO  server.RaftServerConfigKeys (ConfUtils.java:logGet(43)) - raft.server.log.statemachine.data.sync.timeout = 10s (default)
2019-09-25 10:46:07,325 [pool-129-thread-1] INFO  segmented.SegmentedRaftLogWorker (SegmentedRaftLogWorker.java:<init>(172)) - new 7a949e52-d361-4472-b94e-f2b9035b6b4f@group-1B1D3B05D62B-SegmentedRaftLogWorker for RaftStorage:Storage Directory /workdir/hadoop-ozone/integration-test/target/test-dir/MiniOzoneClusterImpl-98543f66-0f4c-4586-80e6-01b94623704d/datanode-1/data/ratis/e9bea230-6a68-4f56-bf80-1b1d3b05d62b
2019-09-25 10:46:07,325 [pool-179-thread-1] INFO  server.RaftServerConfigKeys (ConfUtils.java:logGet(43)) - raft.server.log.statemachine.data.sync.timeout.retry = -1 (default)
2019-09-25 10:46:07,325 [pool-139-thread-1] INFO  server.RaftServerConfigKeys (ConfUtils.java:logGet(43)) - raft.server.log.queue.byte-limit = 2147483647 (custom)
2019-09-25 10:46:07,325 [pool-179-thread-1] INFO  server.RaftServerConfigKeys (ConfUtils.java:logGet(43)) - raft.server.log.statemachine.data.caching.enabled = true (custom)
2019-09-25 10:46:07,325 [pool-129-thread-1] INFO  server.RaftServerConfigKeys (ConfUtils.java:logGet(43)) - raft.server.log.queue.byte-limit = 2147483647 (custom)
2019-09-25 10:46:07,325 [pool-139-thread-1] INFO  server.RaftServerConfigKeys (ConfUtils.java:logGet(43)) - raft.server.log.queue.element-limit = 1024 (custom)
2019-09-25 10:46:07,326 [pool-129-thread-1] INFO  server.RaftServerConfigKeys (ConfUtils.java:logGet(43)) - raft.server.log.queue.element-limit = 1024 (custom)
2019-09-25 10:46:07,326 [pool-179-thread-1] INFO  segmented.SegmentedRaftLogWorker (SegmentedRaftLogWorker.java:lambda$new$0(132)) - 6aa10c05-48fc-4ac9-9cd7-308cacba71f0@group-1B1D3B05D62B-SegmentedRaftLogWorker: flushIndex: setUnconditionally 0 -> -1
2019-09-25 10:46:07,326 [pool-129-thread-1] INFO  server.RaftServerConfigKeys (ConfUtils.java:logGet(43)) - raft.server.log.segment.size.max = 1048576 (custom)
2019-09-25 10:46:07,326 [pool-139-thread-1] INFO  server.RaftServerConfigKeys (ConfUtils.java:logGet(43)) - raft.server.log.segment.size.max = 1048576 (custom)
2019-09-25 10:46:07,326 [pool-129-thread-1] INFO  server.RaftServerConfigKeys (ConfUtils.java:logGet(43)) - raft.server.log.preallocated.size = 16384 (custom)
2019-09-25 10:46:07,326 [pool-179-thread-1] INFO  server.RaftServerConfigKeys (ConfUtils.java:logGet(43)) - raft.server.snapshot.auto.trigger.enabled = true (custom)
2019-09-25 10:46:07,326 [pool-129-thread-1] INFO  server.RaftServerConfigKeys (ConfUtils.java:logGet(43)) - raft.server.log.write.buffer.size = 33554432 (custom)
2019-09-25 10:46:07,326 [pool-139-thread-1] INFO  server.RaftServerConfigKeys (ConfUtils.java:logGet(43)) - raft.server.log.preallocated.size = 16384 (custom)
2019-09-25 10:46:07,327 [pool-129-thread-1] INFO  server.RaftServerConfigKeys (ConfUtils.java:logGet(43)) - raft.server.log.force.sync.num = 128 (default)
2019-09-25 10:46:07,327 [pool-179-thread-1] INFO  server.RaftServerConfigKeys (ConfUtils.java:logGet(43)) - raft.server.snapshot.auto.trigger.threshold = 10000 (custom)
2019-09-25 10:46:07,327 [pool-129-thread-1] INFO  server.RaftServerConfigKeys (ConfUtils.java:logGet(43)) - raft.server.log.statemachine.data.sync = true (default)
2019-09-25 10:46:07,327 [pool-139-thread-1] INFO  server.RaftServerConfigKeys (ConfUtils.java:logGet(43)) - raft.server.log.write.buffer.size = 33554432 (custom)
2019-09-25 10:46:07,327 [pool-129-thread-1] INFO  server.RaftServerConfigKeys (ConfUtils.java:logGet(43)) - raft.server.log.statemachine.data.sync.timeout = 10s (default)
2019-09-25 10:46:07,327 [pool-179-thread-1] INFO  server.RaftServerConfigKeys (ConfUtils.java:logGet(43)) - raft.server.snapshot.retention.num.files = 5 (custom)
2019-09-25 10:46:07,327 [pool-129-thread-1] INFO  server.RaftServerConfigKeys (ConfUtils.java:logGet(43)) - raft.server.log.statemachine.data.sync.timeout.retry = -1 (default)
2019-09-25 10:46:07,327 [pool-139-thread-1] INFO  server.RaftServerConfigKeys (ConfUtils.java:logGet(43)) - raft.server.log.force.sync.num = 128 (default)
2019-09-25 10:46:07,328 [pool-129-thread-1] INFO  server.RaftServerConfigKeys (ConfUtils.java:logGet(43)) - raft.server.log.statemachine.data.caching.enabled = true (custom)
2019-09-25 10:46:07,328 [pool-179-thread-1] INFO  server.RaftServerConfigKeys (ConfUtils.java:logGet(43)) - raft.server.retrycache.expirytime = 600000ms (custom)
2019-09-25 10:46:07,328 [pool-139-thread-1] INFO  server.RaftServerConfigKeys (ConfUtils.java:logGet(43)) - raft.server.log.statemachine.data.sync = true (default)
2019-09-25 10:46:07,328 [pool-139-thread-1] INFO  server.RaftServerConfigKeys (ConfUtils.java:logGet(43)) - raft.server.log.statemachine.data.sync.timeout = 10s (default)
2019-09-25 10:46:07,328 [pool-129-thread-1] INFO  segmented.SegmentedRaftLogWorker (SegmentedRaftLogWorker.java:lambda$new$0(132)) - 7a949e52-d361-4472-b94e-f2b9035b6b4f@group-1B1D3B05D62B-SegmentedRaftLogWorker: flushIndex: setUnconditionally 0 -> -1
2019-09-25 10:46:07,328 [pool-139-thread-1] INFO  server.RaftServerConfigKeys (ConfUtils.java:logGet(43)) - raft.server.log.statemachine.data.sync.timeout.retry = -1 (default)
2019-09-25 10:46:07,329 [pool-129-thread-1] INFO  server.RaftServerConfigKeys (ConfUtils.java:logGet(43)) - raft.server.snapshot.auto.trigger.enabled = true (custom)
2019-09-25 10:46:07,329 [pool-139-thread-1] INFO  server.RaftServerConfigKeys (ConfUtils.java:logGet(43)) - raft.server.log.statemachine.data.caching.enabled = true (custom)
2019-09-25 10:46:07,329 [pool-129-thread-1] INFO  server.RaftServerConfigKeys (ConfUtils.java:logGet(43)) - raft.server.snapshot.auto.trigger.threshold = 10000 (custom)
2019-09-25 10:46:07,329 [pool-139-thread-1] INFO  segmented.SegmentedRaftLogWorker (SegmentedRaftLogWorker.java:lambda$new$0(132)) - 00008384-59d3-451f-b64d-d1f14470a714@group-1B1D3B05D62B-SegmentedRaftLogWorker: flushIndex: setUnconditionally 0 -> -1
2019-09-25 10:46:07,329 [pool-129-thread-1] INFO  server.RaftServerConfigKeys (ConfUtils.java:logGet(43)) - raft.server.snapshot.retention.num.files = 5 (custom)
2019-09-25 10:46:07,329 [pool-139-thread-1] INFO  server.RaftServerConfigKeys (ConfUtils.java:logGet(43)) - raft.server.snapshot.auto.trigger.enabled = true (custom)
2019-09-25 10:46:07,329 [pool-139-thread-1] INFO  server.RaftServerConfigKeys (ConfUtils.java:logGet(43)) - raft.server.snapshot.auto.trigger.threshold = 10000 (custom)
2019-09-25 10:46:07,329 [pool-129-thread-1] INFO  server.RaftServerConfigKeys (ConfUtils.java:logGet(43)) - raft.server.retrycache.expirytime = 600000ms (custom)
2019-09-25 10:46:07,329 [pool-139-thread-1] INFO  server.RaftServerConfigKeys (ConfUtils.java:logGet(43)) - raft.server.snapshot.retention.num.files = 5 (custom)
2019-09-25 10:46:07,330 [pool-139-thread-1] INFO  server.RaftServerConfigKeys (ConfUtils.java:logGet(43)) - raft.server.retrycache.expirytime = 600000ms (custom)
2019-09-25 10:46:07,330 [pool-179-thread-1] INFO  impl.RaftServerImpl (RaftServerImpl.java:start(185)) - 6aa10c05-48fc-4ac9-9cd7-308cacba71f0@group-1B1D3B05D62B: start as a follower, conf=-1: [6aa10c05-48fc-4ac9-9cd7-308cacba71f0:192.168.164.234:41883, 7a949e52-d361-4472-b94e-f2b9035b6b4f:192.168.164.234:34433, 00008384-59d3-451f-b64d-d1f14470a714:192.168.164.234:42495], old=null
2019-09-25 10:46:07,330 [pool-179-thread-1] INFO  impl.RaftServerImpl (RaftServerImpl.java:setRole(174)) - 6aa10c05-48fc-4ac9-9cd7-308cacba71f0@group-1B1D3B05D62B: changes role from      null to FOLLOWER at term 0 for startAsFollower
2019-09-25 10:46:07,330 [pool-179-thread-1] INFO  impl.RoleInfo (RoleInfo.java:updateAndGet(143)) - 6aa10c05-48fc-4ac9-9cd7-308cacba71f0: start FollowerState
2019-09-25 10:46:07,331 [pool-179-thread-1] INFO  util.JmxRegister (JmxRegister.java:tryRegister(44)) - Successfully registered JMX Bean with object name Ratis:service=RaftServer,group=group-1B1D3B05D62B,id=6aa10c05-48fc-4ac9-9cd7-308cacba71f0
2019-09-25 10:46:07,333 [pool-139-thread-1] INFO  impl.RaftServerImpl (RaftServerImpl.java:start(185)) - 00008384-59d3-451f-b64d-d1f14470a714@group-1B1D3B05D62B: start as a follower, conf=-1: [6aa10c05-48fc-4ac9-9cd7-308cacba71f0:192.168.164.234:41883, 7a949e52-d361-4472-b94e-f2b9035b6b4f:192.168.164.234:34433, 00008384-59d3-451f-b64d-d1f14470a714:192.168.164.234:42495], old=null
2019-09-25 10:46:07,333 [pool-139-thread-1] INFO  impl.RaftServerImpl (RaftServerImpl.java:setRole(174)) - 00008384-59d3-451f-b64d-d1f14470a714@group-1B1D3B05D62B: changes role from      null to FOLLOWER at term 0 for startAsFollower
2019-09-25 10:46:07,333 [pool-139-thread-1] INFO  impl.RoleInfo (RoleInfo.java:updateAndGet(143)) - 00008384-59d3-451f-b64d-d1f14470a714: start FollowerState
2019-09-25 10:46:07,333 [pool-129-thread-1] INFO  impl.RaftServerImpl (RaftServerImpl.java:start(185)) - 7a949e52-d361-4472-b94e-f2b9035b6b4f@group-1B1D3B05D62B: start as a follower, conf=-1: [6aa10c05-48fc-4ac9-9cd7-308cacba71f0:192.168.164.234:41883, 7a949e52-d361-4472-b94e-f2b9035b6b4f:192.168.164.234:34433, 00008384-59d3-451f-b64d-d1f14470a714:192.168.164.234:42495], old=null
2019-09-25 10:46:07,333 [pool-139-thread-1] INFO  util.JmxRegister (JmxRegister.java:tryRegister(44)) - Successfully registered JMX Bean with object name Ratis:service=RaftServer,group=group-1B1D3B05D62B,id=00008384-59d3-451f-b64d-d1f14470a714
2019-09-25 10:46:07,333 [pool-129-thread-1] INFO  impl.RaftServerImpl (RaftServerImpl.java:setRole(174)) - 7a949e52-d361-4472-b94e-f2b9035b6b4f@group-1B1D3B05D62B: changes role from      null to FOLLOWER at term 0 for startAsFollower
2019-09-25 10:46:07,334 [pool-129-thread-1] INFO  impl.RoleInfo (RoleInfo.java:updateAndGet(143)) - 7a949e52-d361-4472-b94e-f2b9035b6b4f: start FollowerState
2019-09-25 10:46:07,334 [pool-129-thread-1] INFO  util.JmxRegister (JmxRegister.java:tryRegister(44)) - Successfully registered JMX Bean with object name Ratis:service=RaftServer,group=group-1B1D3B05D62B,id=7a949e52-d361-4472-b94e-f2b9035b6b4f
2019-09-25 10:46:07,337 [RatisPipelineUtilsThread] INFO  pipeline.PipelineStateManager (PipelineStateManager.java:addPipeline(56)) - Created pipeline Pipeline[ Id: e9bea230-6a68-4f56-bf80-1b1d3b05d62b, Nodes: 00008384-59d3-451f-b64d-d1f14470a714{ip: 192.168.164.234, host: pr-hdds-2067-fv87d-1578606345, networkLocation: /default-rack, certSerialId: null}6aa10c05-48fc-4ac9-9cd7-308cacba71f0{ip: 192.168.164.234, host: pr-hdds-2067-fv87d-1578606345, networkLocation: /default-rack, certSerialId: null}7a949e52-d361-4472-b94e-f2b9035b6b4f{ip: 192.168.164.234, host: pr-hdds-2067-fv87d-1578606345, networkLocation: /default-rack, certSerialId: null}, Type:RATIS, Factor:THREE, State:OPEN]
2019-09-25 10:46:07,350 [grpc-default-executor-3] INFO  impl.RaftServerProxy (RaftServerProxy.java:addNew(89)) - 61124df1-009c-4638-aa5a-8c2de913e894: addNew group-A5425C89B524:[d65383a8-5e7b-4702-94a1-f30c59e703ae:192.168.164.234:40862, 61124df1-009c-4638-aa5a-8c2de913e894:192.168.164.234:37220, 8fd6a8fc-1907-40b5-8fe0-7b694f87b35b:192.168.164.234:42284] returns group-A5425C89B524:java.util.concurrent.CompletableFuture@2a498a7f[Not completed]
2019-09-25 10:46:07,350 [grpc-default-executor-4] INFO  impl.RaftServerProxy (RaftServerProxy.java:addNew(89)) - d65383a8-5e7b-4702-94a1-f30c59e703ae: addNew group-A5425C89B524:[d65383a8-5e7b-4702-94a1-f30c59e703ae:192.168.164.234:40862, 61124df1-009c-4638-aa5a-8c2de913e894:192.168.164.234:37220, 8fd6a8fc-1907-40b5-8fe0-7b694f87b35b:192.168.164.234:42284] returns group-A5425C89B524:java.util.concurrent.CompletableFuture@3e880fa7[Not completed]
2019-09-25 10:46:07,352 [grpc-default-executor-2] INFO  impl.RaftServerProxy (RaftServerProxy.java:addNew(89)) - 8fd6a8fc-1907-40b5-8fe0-7b694f87b35b: addNew group-A5425C89B524:[d65383a8-5e7b-4702-94a1-f30c59e703ae:192.168.164.234:40862, 61124df1-009c-4638-aa5a-8c2de913e894:192.168.164.234:37220, 8fd6a8fc-1907-40b5-8fe0-7b694f87b35b:192.168.164.234:42284] returns group-A5425C89B524:java.util.concurrent.CompletableFuture@4e07631[Not completed]
2019-09-25 10:46:07,352 [pool-159-thread-1] INFO  impl.RaftServerImpl (RaftServerImpl.java:<init>(95)) - 61124df1-009c-4638-aa5a-8c2de913e894: new RaftServerImpl for group-A5425C89B524:[d65383a8-5e7b-4702-94a1-f30c59e703ae:192.168.164.234:40862, 61124df1-009c-4638-aa5a-8c2de913e894:192.168.164.234:37220, 8fd6a8fc-1907-40b5-8fe0-7b694f87b35b:192.168.164.234:42284] with ContainerStateMachine:uninitialized
2019-09-25 10:46:07,352 [pool-159-thread-1] INFO  server.RaftServerConfigKeys (ConfUtils.java:logGet(43)) - raft.server.rpc.timeout.min = 5s (custom)
2019-09-25 10:46:07,353 [pool-159-thread-1] INFO  server.RaftServerConfigKeys (ConfUtils.java:logGet(43)) - raft.server.rpc.timeout.max = 5200ms (custom)
2019-09-25 10:46:07,353 [pool-159-thread-1] INFO  server.RaftServerConfigKeys (ConfUtils.java:logGet(43)) - raft.server.rpcslowness.timeout = 120s (custom)
2019-09-25 10:46:07,353 [pool-159-thread-1] INFO  server.RaftServerConfigKeys (ConfUtils.java:logGet(43)) - raft.server.sleep.deviation.threshold = 300 (default)
2019-09-25 10:46:07,353 [pool-119-thread-1] INFO  impl.RaftServerImpl (RaftServerImpl.java:<init>(95)) - 8fd6a8fc-1907-40b5-8fe0-7b694f87b35b: new RaftServerImpl for group-A5425C89B524:[d65383a8-5e7b-4702-94a1-f30c59e703ae:192.168.164.234:40862, 61124df1-009c-4638-aa5a-8c2de913e894:192.168.164.234:37220, 8fd6a8fc-1907-40b5-8fe0-7b694f87b35b:192.168.164.234:42284] with ContainerStateMachine:uninitialized
2019-09-25 10:46:07,353 [pool-159-thread-1] INFO  server.RaftServerConfigKeys (ConfUtils.java:logGet(43)) - raft.server.log.appender.install.snapshot.enabled = false (custom)
2019-09-25 10:46:07,353 [pool-119-thread-1] INFO  server.RaftServerConfigKeys (ConfUtils.java:logGet(43)) - raft.server.rpc.timeout.min = 5s (custom)
2019-09-25 10:46:07,353 [pool-159-thread-1] INFO  impl.RaftServerImpl (ServerState.java:<init>(103)) - 61124df1-009c-4638-aa5a-8c2de913e894@group-A5425C89B524: ConfigurationManager, init=-1: [d65383a8-5e7b-4702-94a1-f30c59e703ae:192.168.164.234:40862, 61124df1-009c-4638-aa5a-8c2de913e894:192.168.164.234:37220, 8fd6a8fc-1907-40b5-8fe0-7b694f87b35b:192.168.164.234:42284], old=null, confs=<EMPTY_MAP>
2019-09-25 10:46:07,353 [pool-119-thread-1] INFO  server.RaftServerConfigKeys (ConfUtils.java:logGet(43)) - raft.server.rpc.timeout.max = 5200ms (custom)
2019-09-25 10:46:07,353 [pool-159-thread-1] INFO  server.RaftServerConfigKeys (ConfUtils.java:logGet(43)) - raft.server.storage.dir = [/workdir/hadoop-ozone/integration-test/target/test-dir/MiniOzoneClusterImpl-98543f66-0f4c-4586-80e6-01b94623704d/datanode-4/data/ratis] (custom)
2019-09-25 10:46:07,353 [pool-119-thread-1] INFO  server.RaftServerConfigKeys (ConfUtils.java:logGet(43)) - raft.server.rpcslowness.timeout = 120s (custom)
2019-09-25 10:46:07,353 [pool-119-thread-1] INFO  server.RaftServerConfigKeys (ConfUtils.java:logGet(43)) - raft.server.sleep.deviation.threshold = 300 (default)
2019-09-25 10:46:07,354 [pool-119-thread-1] INFO  server.RaftServerConfigKeys (ConfUtils.java:logGet(43)) - raft.server.log.appender.install.snapshot.enabled = false (custom)
2019-09-25 10:46:07,354 [pool-159-thread-1] INFO  storage.RaftStorageDirectory (RaftStorageDirectory.java:analyzeStorage(246)) - The storage directory /workdir/hadoop-ozone/integration-test/target/test-dir/MiniOzoneClusterImpl-98543f66-0f4c-4586-80e6-01b94623704d/datanode-4/data/ratis/118e1ac5-121b-44a4-93b6-a5425c89b524 does not exist. Creating ...
2019-09-25 10:46:07,354 [pool-119-thread-1] INFO  impl.RaftServerImpl (ServerState.java:<init>(103)) - 8fd6a8fc-1907-40b5-8fe0-7b694f87b35b@group-A5425C89B524: ConfigurationManager, init=-1: [d65383a8-5e7b-4702-94a1-f30c59e703ae:192.168.164.234:40862, 61124df1-009c-4638-aa5a-8c2de913e894:192.168.164.234:37220, 8fd6a8fc-1907-40b5-8fe0-7b694f87b35b:192.168.164.234:42284], old=null, confs=<EMPTY_MAP>
2019-09-25 10:46:07,354 [pool-149-thread-1] INFO  impl.RaftServerImpl (RaftServerImpl.java:<init>(95)) - d65383a8-5e7b-4702-94a1-f30c59e703ae: new RaftServerImpl for group-A5425C89B524:[d65383a8-5e7b-4702-94a1-f30c59e703ae:192.168.164.234:40862, 61124df1-009c-4638-aa5a-8c2de913e894:192.168.164.234:37220, 8fd6a8fc-1907-40b5-8fe0-7b694f87b35b:192.168.164.234:42284] with ContainerStateMachine:uninitialized
2019-09-25 10:46:07,354 [pool-119-thread-1] INFO  server.RaftServerConfigKeys (ConfUtils.java:logGet(43)) - raft.server.storage.dir = [/workdir/hadoop-ozone/integration-test/target/test-dir/MiniOzoneClusterImpl-98543f66-0f4c-4586-80e6-01b94623704d/datanode-0/data/ratis] (custom)
2019-09-25 10:46:07,354 [pool-149-thread-1] INFO  server.RaftServerConfigKeys (ConfUtils.java:logGet(43)) - raft.server.rpc.timeout.min = 5s (custom)
2019-09-25 10:46:07,354 [pool-119-thread-1] INFO  storage.RaftStorageDirectory (RaftStorageDirectory.java:analyzeStorage(246)) - The storage directory /workdir/hadoop-ozone/integration-test/target/test-dir/MiniOzoneClusterImpl-98543f66-0f4c-4586-80e6-01b94623704d/datanode-0/data/ratis/118e1ac5-121b-44a4-93b6-a5425c89b524 does not exist. Creating ...
2019-09-25 10:46:07,354 [pool-149-thread-1] INFO  server.RaftServerConfigKeys (ConfUtils.java:logGet(43)) - raft.server.rpc.timeout.max = 5200ms (custom)
2019-09-25 10:46:07,354 [pool-149-thread-1] INFO  server.RaftServerConfigKeys (ConfUtils.java:logGet(43)) - raft.server.rpcslowness.timeout = 120s (custom)
2019-09-25 10:46:07,355 [pool-149-thread-1] INFO  server.RaftServerConfigKeys (ConfUtils.java:logGet(43)) - raft.server.sleep.deviation.threshold = 300 (default)
2019-09-25 10:46:07,355 [pool-149-thread-1] INFO  server.RaftServerConfigKeys (ConfUtils.java:logGet(43)) - raft.server.log.appender.install.snapshot.enabled = false (custom)
2019-09-25 10:46:07,355 [pool-149-thread-1] INFO  impl.RaftServerImpl (ServerState.java:<init>(103)) - d65383a8-5e7b-4702-94a1-f30c59e703ae@group-A5425C89B524: ConfigurationManager, init=-1: [d65383a8-5e7b-4702-94a1-f30c59e703ae:192.168.164.234:40862, 61124df1-009c-4638-aa5a-8c2de913e894:192.168.164.234:37220, 8fd6a8fc-1907-40b5-8fe0-7b694f87b35b:192.168.164.234:42284], old=null, confs=<EMPTY_MAP>
2019-09-25 10:46:07,355 [pool-149-thread-1] INFO  server.RaftServerConfigKeys (ConfUtils.java:logGet(43)) - raft.server.storage.dir = [/workdir/hadoop-ozone/integration-test/target/test-dir/MiniOzoneClusterImpl-98543f66-0f4c-4586-80e6-01b94623704d/datanode-3/data/ratis] (custom)
2019-09-25 10:46:07,355 [pool-149-thread-1] INFO  storage.RaftStorageDirectory (RaftStorageDirectory.java:analyzeStorage(246)) - The storage directory /workdir/hadoop-ozone/integration-test/target/test-dir/MiniOzoneClusterImpl-98543f66-0f4c-4586-80e6-01b94623704d/datanode-3/data/ratis/118e1ac5-121b-44a4-93b6-a5425c89b524 does not exist. Creating ...
2019-09-25 10:46:07,379 [pool-149-thread-1] INFO  storage.RaftStorageDirectory (RaftStorageDirectory.java:tryLock(328)) - Lock on /workdir/hadoop-ozone/integration-test/target/test-dir/MiniOzoneClusterImpl-98543f66-0f4c-4586-80e6-01b94623704d/datanode-3/data/ratis/118e1ac5-121b-44a4-93b6-a5425c89b524/in_use.lock acquired by nodename 26801@pr-hdds-2067-fv87d-1578606345
2019-09-25 10:46:07,379 [pool-119-thread-1] INFO  storage.RaftStorageDirectory (RaftStorageDirectory.java:tryLock(328)) - Lock on /workdir/hadoop-ozone/integration-test/target/test-dir/MiniOzoneClusterImpl-98543f66-0f4c-4586-80e6-01b94623704d/datanode-0/data/ratis/118e1ac5-121b-44a4-93b6-a5425c89b524/in_use.lock acquired by nodename 26801@pr-hdds-2067-fv87d-1578606345
2019-09-25 10:46:07,379 [pool-159-thread-1] INFO  storage.RaftStorageDirectory (RaftStorageDirectory.java:tryLock(328)) - Lock on /workdir/hadoop-ozone/integration-test/target/test-dir/MiniOzoneClusterImpl-98543f66-0f4c-4586-80e6-01b94623704d/datanode-4/data/ratis/118e1ac5-121b-44a4-93b6-a5425c89b524/in_use.lock acquired by nodename 26801@pr-hdds-2067-fv87d-1578606345
2019-09-25 10:46:07,403 [pool-149-thread-1] INFO  storage.RaftStorage (RaftStorage.java:format(72)) - Storage directory /workdir/hadoop-ozone/integration-test/target/test-dir/MiniOzoneClusterImpl-98543f66-0f4c-4586-80e6-01b94623704d/datanode-3/data/ratis/118e1ac5-121b-44a4-93b6-a5425c89b524 has been successfully formatted.
2019-09-25 10:46:07,403 [pool-159-thread-1] INFO  storage.RaftStorage (RaftStorage.java:format(72)) - Storage directory /workdir/hadoop-ozone/integration-test/target/test-dir/MiniOzoneClusterImpl-98543f66-0f4c-4586-80e6-01b94623704d/datanode-4/data/ratis/118e1ac5-121b-44a4-93b6-a5425c89b524 has been successfully formatted.
2019-09-25 10:46:07,403 [pool-119-thread-1] INFO  storage.RaftStorage (RaftStorage.java:format(72)) - Storage directory /workdir/hadoop-ozone/integration-test/target/test-dir/MiniOzoneClusterImpl-98543f66-0f4c-4586-80e6-01b94623704d/datanode-0/data/ratis/118e1ac5-121b-44a4-93b6-a5425c89b524 has been successfully formatted.
2019-09-25 10:46:07,403 [pool-149-thread-1] INFO  ratis.ContainerStateMachine (ContainerStateMachine.java:loadSnapshot(230)) - group-A5425C89B524: The snapshot info is null. Setting the last applied indexto:(t:0, i:~)
2019-09-25 10:46:07,404 [pool-159-thread-1] INFO  ratis.ContainerStateMachine (ContainerStateMachine.java:loadSnapshot(230)) - group-A5425C89B524: The snapshot info is null. Setting the last applied indexto:(t:0, i:~)
2019-09-25 10:46:07,404 [pool-119-thread-1] INFO  ratis.ContainerStateMachine (ContainerStateMachine.java:loadSnapshot(230)) - group-A5425C89B524: The snapshot info is null. Setting the last applied indexto:(t:0, i:~)
2019-09-25 10:46:07,404 [pool-149-thread-1] INFO  server.RaftServerConfigKeys (ConfUtils.java:logGet(43)) - raft.server.notification.no-leader.timeout = 120s (custom)
2019-09-25 10:46:07,404 [pool-119-thread-1] INFO  server.RaftServerConfigKeys (ConfUtils.java:logGet(43)) - raft.server.notification.no-leader.timeout = 120s (custom)
2019-09-25 10:46:07,404 [pool-159-thread-1] INFO  server.RaftServerConfigKeys (ConfUtils.java:logGet(43)) - raft.server.notification.no-leader.timeout = 120s (custom)
2019-09-25 10:46:07,404 [pool-119-thread-1] INFO  server.RaftServerConfigKeys (ConfUtils.java:logGet(43)) - raft.server.log.use.memory = false (default)
2019-09-25 10:46:07,404 [pool-149-thread-1] INFO  server.RaftServerConfigKeys (ConfUtils.java:logGet(43)) - raft.server.log.use.memory = false (default)
2019-09-25 10:46:07,405 [pool-119-thread-1] INFO  server.RaftServerConfigKeys (ConfUtils.java:logGet(43)) - raft.server.log.purge.gap = 1000000 (custom)
2019-09-25 10:46:07,404 [pool-159-thread-1] INFO  server.RaftServerConfigKeys (ConfUtils.java:logGet(43)) - raft.server.log.use.memory = false (default)
2019-09-25 10:46:07,405 [pool-119-thread-1] INFO  server.RaftServerConfigKeys (ConfUtils.java:logGet(43)) - raft.server.log.appender.buffer.byte-limit = 33554432 (custom)
2019-09-25 10:46:07,405 [pool-149-thread-1] INFO  server.RaftServerConfigKeys (ConfUtils.java:logGet(43)) - raft.server.log.purge.gap = 1000000 (custom)
2019-09-25 10:46:07,405 [pool-119-thread-1] INFO  server.RaftServerConfigKeys (ConfUtils.java:logGet(43)) - raft.server.log.segment.size.max = 1048576 (custom)
2019-09-25 10:46:07,405 [pool-159-thread-1] INFO  server.RaftServerConfigKeys (ConfUtils.java:logGet(43)) - raft.server.log.purge.gap = 1000000 (custom)
2019-09-25 10:46:07,406 [pool-119-thread-1] INFO  server.RaftServerConfigKeys (ConfUtils.java:logGet(43)) - raft.server.log.segment.cache.num.max = 2 (custom)
2019-09-25 10:46:07,405 [pool-149-thread-1] INFO  server.RaftServerConfigKeys (ConfUtils.java:logGet(43)) - raft.server.log.appender.buffer.byte-limit = 33554432 (custom)
2019-09-25 10:46:07,406 [pool-119-thread-1] INFO  segmented.SegmentedRaftLogWorker (SegmentedRaftLogWorker.java:<init>(172)) - new 8fd6a8fc-1907-40b5-8fe0-7b694f87b35b@group-A5425C89B524-SegmentedRaftLogWorker for RaftStorage:Storage Directory /workdir/hadoop-ozone/integration-test/target/test-dir/MiniOzoneClusterImpl-98543f66-0f4c-4586-80e6-01b94623704d/datanode-0/data/ratis/118e1ac5-121b-44a4-93b6-a5425c89b524
2019-09-25 10:46:07,406 [pool-159-thread-1] INFO  server.RaftServerConfigKeys (ConfUtils.java:logGet(43)) - raft.server.log.appender.buffer.byte-limit = 33554432 (custom)
2019-09-25 10:46:07,406 [pool-119-thread-1] INFO  server.RaftServerConfigKeys (ConfUtils.java:logGet(43)) - raft.server.log.queue.byte-limit = 2147483647 (custom)
2019-09-25 10:46:07,406 [pool-149-thread-1] INFO  server.RaftServerConfigKeys (ConfUtils.java:logGet(43)) - raft.server.log.segment.size.max = 1048576 (custom)
2019-09-25 10:46:07,407 [pool-119-thread-1] INFO  server.RaftServerConfigKeys (ConfUtils.java:logGet(43)) - raft.server.log.queue.element-limit = 1024 (custom)
2019-09-25 10:46:07,406 [pool-159-thread-1] INFO  server.RaftServerConfigKeys (ConfUtils.java:logGet(43)) - raft.server.log.segment.size.max = 1048576 (custom)
2019-09-25 10:46:07,407 [pool-119-thread-1] INFO  server.RaftServerConfigKeys (ConfUtils.java:logGet(43)) - raft.server.log.segment.size.max = 1048576 (custom)
2019-09-25 10:46:07,407 [pool-149-thread-1] INFO  server.RaftServerConfigKeys (ConfUtils.java:logGet(43)) - raft.server.log.segment.cache.num.max = 2 (custom)
2019-09-25 10:46:07,407 [pool-119-thread-1] INFO  server.RaftServerConfigKeys (ConfUtils.java:logGet(43)) - raft.server.log.preallocated.size = 16384 (custom)
2019-09-25 10:46:07,407 [pool-159-thread-1] INFO  server.RaftServerConfigKeys (ConfUtils.java:logGet(43)) - raft.server.log.segment.cache.num.max = 2 (custom)
2019-09-25 10:46:07,407 [pool-119-thread-1] INFO  server.RaftServerConfigKeys (ConfUtils.java:logGet(43)) - raft.server.log.write.buffer.size = 33554432 (custom)
2019-09-25 10:46:07,407 [pool-149-thread-1] INFO  segmented.SegmentedRaftLogWorker (SegmentedRaftLogWorker.java:<init>(172)) - new d65383a8-5e7b-4702-94a1-f30c59e703ae@group-A5425C89B524-SegmentedRaftLogWorker for RaftStorage:Storage Directory /workdir/hadoop-ozone/integration-test/target/test-dir/MiniOzoneClusterImpl-98543f66-0f4c-4586-80e6-01b94623704d/datanode-3/data/ratis/118e1ac5-121b-44a4-93b6-a5425c89b524
2019-09-25 10:46:07,408 [pool-119-thread-1] INFO  server.RaftServerConfigKeys (ConfUtils.java:logGet(43)) - raft.server.log.force.sync.num = 128 (default)
2019-09-25 10:46:07,408 [pool-159-thread-1] INFO  segmented.SegmentedRaftLogWorker (SegmentedRaftLogWorker.java:<init>(172)) - new 61124df1-009c-4638-aa5a-8c2de913e894@group-A5425C89B524-SegmentedRaftLogWorker for RaftStorage:Storage Directory /workdir/hadoop-ozone/integration-test/target/test-dir/MiniOzoneClusterImpl-98543f66-0f4c-4586-80e6-01b94623704d/datanode-4/data/ratis/118e1ac5-121b-44a4-93b6-a5425c89b524
2019-09-25 10:46:07,408 [pool-119-thread-1] INFO  server.RaftServerConfigKeys (ConfUtils.java:logGet(43)) - raft.server.log.statemachine.data.sync = true (default)
2019-09-25 10:46:07,408 [pool-149-thread-1] INFO  server.RaftServerConfigKeys (ConfUtils.java:logGet(43)) - raft.server.log.queue.byte-limit = 2147483647 (custom)
2019-09-25 10:46:07,408 [pool-119-thread-1] INFO  server.RaftServerConfigKeys (ConfUtils.java:logGet(43)) - raft.server.log.statemachine.data.sync.timeout = 10s (default)
2019-09-25 10:46:07,408 [pool-159-thread-1] INFO  server.RaftServerConfigKeys (ConfUtils.java:logGet(43)) - raft.server.log.queue.byte-limit = 2147483647 (custom)
2019-09-25 10:46:07,409 [pool-119-thread-1] INFO  server.RaftServerConfigKeys (ConfUtils.java:logGet(43)) - raft.server.log.statemachine.data.sync.timeout.retry = -1 (default)
2019-09-25 10:46:07,408 [pool-149-thread-1] INFO  server.RaftServerConfigKeys (ConfUtils.java:logGet(43)) - raft.server.log.queue.element-limit = 1024 (custom)
2019-09-25 10:46:07,409 [pool-119-thread-1] INFO  server.RaftServerConfigKeys (ConfUtils.java:logGet(43)) - raft.server.log.statemachine.data.caching.enabled = true (custom)
2019-09-25 10:46:07,409 [pool-159-thread-1] INFO  server.RaftServerConfigKeys (ConfUtils.java:logGet(43)) - raft.server.log.queue.element-limit = 1024 (custom)
2019-09-25 10:46:07,409 [pool-149-thread-1] INFO  server.RaftServerConfigKeys (ConfUtils.java:logGet(43)) - raft.server.log.segment.size.max = 1048576 (custom)
2019-09-25 10:46:07,410 [pool-159-thread-1] INFO  server.RaftServerConfigKeys (ConfUtils.java:logGet(43)) - raft.server.log.segment.size.max = 1048576 (custom)
2019-09-25 10:46:07,410 [pool-119-thread-1] INFO  segmented.SegmentedRaftLogWorker (SegmentedRaftLogWorker.java:lambda$new$0(132)) - 8fd6a8fc-1907-40b5-8fe0-7b694f87b35b@group-A5425C89B524-SegmentedRaftLogWorker: flushIndex: setUnconditionally 0 -> -1
2019-09-25 10:46:07,410 [pool-159-thread-1] INFO  server.RaftServerConfigKeys (ConfUtils.java:logGet(43)) - raft.server.log.preallocated.size = 16384 (custom)
2019-09-25 10:46:07,410 [pool-149-thread-1] INFO  server.RaftServerConfigKeys (ConfUtils.java:logGet(43)) - raft.server.log.preallocated.size = 16384 (custom)
2019-09-25 10:46:07,410 [pool-119-thread-1] INFO  server.RaftServerConfigKeys (ConfUtils.java:logGet(43)) - raft.server.snapshot.auto.trigger.enabled = true (custom)
2019-09-25 10:46:07,410 [pool-159-thread-1] INFO  server.RaftServerConfigKeys (ConfUtils.java:logGet(43)) - raft.server.log.write.buffer.size = 33554432 (custom)
2019-09-25 10:46:07,411 [pool-119-thread-1] INFO  server.RaftServerConfigKeys (ConfUtils.java:logGet(43)) - raft.server.snapshot.auto.trigger.threshold = 10000 (custom)
2019-09-25 10:46:07,410 [pool-149-thread-1] INFO  server.RaftServerConfigKeys (ConfUtils.java:logGet(43)) - raft.server.log.write.buffer.size = 33554432 (custom)
2019-09-25 10:46:07,411 [pool-119-thread-1] INFO  server.RaftServerConfigKeys (ConfUtils.java:logGet(43)) - raft.server.snapshot.retention.num.files = 5 (custom)
2019-09-25 10:46:07,411 [pool-159-thread-1] INFO  server.RaftServerConfigKeys (ConfUtils.java:logGet(43)) - raft.server.log.force.sync.num = 128 (default)
2019-09-25 10:46:07,411 [pool-119-thread-1] INFO  server.RaftServerConfigKeys (ConfUtils.java:logGet(43)) - raft.server.retrycache.expirytime = 600000ms (custom)
2019-09-25 10:46:07,411 [pool-149-thread-1] INFO  server.RaftServerConfigKeys (ConfUtils.java:logGet(43)) - raft.server.log.force.sync.num = 128 (default)
2019-09-25 10:46:07,411 [pool-159-thread-1] INFO  server.RaftServerConfigKeys (ConfUtils.java:logGet(43)) - raft.server.log.statemachine.data.sync = true (default)
2019-09-25 10:46:07,412 [pool-149-thread-1] INFO  server.RaftServerConfigKeys (ConfUtils.java:logGet(43)) - raft.server.log.statemachine.data.sync = true (default)
2019-09-25 10:46:07,412 [pool-159-thread-1] INFO  server.RaftServerConfigKeys (ConfUtils.java:logGet(43)) - raft.server.log.statemachine.data.sync.timeout = 10s (default)
2019-09-25 10:46:07,412 [pool-149-thread-1] INFO  server.RaftServerConfigKeys (ConfUtils.java:logGet(43)) - raft.server.log.statemachine.data.sync.timeout = 10s (default)
2019-09-25 10:46:07,412 [pool-159-thread-1] INFO  server.RaftServerConfigKeys (ConfUtils.java:logGet(43)) - raft.server.log.statemachine.data.sync.timeout.retry = -1 (default)
2019-09-25 10:46:07,412 [pool-149-thread-1] INFO  server.RaftServerConfigKeys (ConfUtils.java:logGet(43)) - raft.server.log.statemachine.data.sync.timeout.retry = -1 (default)
2019-09-25 10:46:07,412 [pool-159-thread-1] INFO  server.RaftServerConfigKeys (ConfUtils.java:logGet(43)) - raft.server.log.statemachine.data.caching.enabled = true (custom)
2019-09-25 10:46:07,413 [pool-149-thread-1] INFO  server.RaftServerConfigKeys (ConfUtils.java:logGet(43)) - raft.server.log.statemachine.data.caching.enabled = true (custom)
2019-09-25 10:46:07,413 [pool-159-thread-1] INFO  segmented.SegmentedRaftLogWorker (SegmentedRaftLogWorker.java:lambda$new$0(132)) - 61124df1-009c-4638-aa5a-8c2de913e894@group-A5425C89B524-SegmentedRaftLogWorker: flushIndex: setUnconditionally 0 -> -1
2019-09-25 10:46:07,413 [pool-149-thread-1] INFO  segmented.SegmentedRaftLogWorker (SegmentedRaftLogWorker.java:lambda$new$0(132)) - d65383a8-5e7b-4702-94a1-f30c59e703ae@group-A5425C89B524-SegmentedRaftLogWorker: flushIndex: setUnconditionally 0 -> -1
2019-09-25 10:46:07,413 [pool-159-thread-1] INFO  server.RaftServerConfigKeys (ConfUtils.java:logGet(43)) - raft.server.snapshot.auto.trigger.enabled = true (custom)
2019-09-25 10:46:07,413 [pool-149-thread-1] INFO  server.RaftServerConfigKeys (ConfUtils.java:logGet(43)) - raft.server.snapshot.auto.trigger.enabled = true (custom)
2019-09-25 10:46:07,413 [pool-159-thread-1] INFO  server.RaftServerConfigKeys (ConfUtils.java:logGet(43)) - raft.server.snapshot.auto.trigger.threshold = 10000 (custom)
2019-09-25 10:46:07,413 [pool-149-thread-1] INFO  server.RaftServerConfigKeys (ConfUtils.java:logGet(43)) - raft.server.snapshot.auto.trigger.threshold = 10000 (custom)
2019-09-25 10:46:07,414 [pool-159-thread-1] INFO  server.RaftServerConfigKeys (ConfUtils.java:logGet(43)) - raft.server.snapshot.retention.num.files = 5 (custom)
2019-09-25 10:46:07,414 [pool-149-thread-1] INFO  server.RaftServerConfigKeys (ConfUtils.java:logGet(43)) - raft.server.snapshot.retention.num.files = 5 (custom)
2019-09-25 10:46:07,414 [pool-159-thread-1] INFO  server.RaftServerConfigKeys (ConfUtils.java:logGet(43)) - raft.server.retrycache.expirytime = 600000ms (custom)
2019-09-25 10:46:07,414 [pool-149-thread-1] INFO  server.RaftServerConfigKeys (ConfUtils.java:logGet(43)) - raft.server.retrycache.expirytime = 600000ms (custom)
2019-09-25 10:46:07,414 [pool-119-thread-1] INFO  impl.RaftServerImpl (RaftServerImpl.java:start(185)) - 8fd6a8fc-1907-40b5-8fe0-7b694f87b35b@group-A5425C89B524: start as a follower, conf=-1: [d65383a8-5e7b-4702-94a1-f30c59e703ae:192.168.164.234:40862, 61124df1-009c-4638-aa5a-8c2de913e894:192.168.164.234:37220, 8fd6a8fc-1907-40b5-8fe0-7b694f87b35b:192.168.164.234:42284], old=null
2019-09-25 10:46:07,414 [pool-119-thread-1] INFO  impl.RaftServerImpl (RaftServerImpl.java:setRole(174)) - 8fd6a8fc-1907-40b5-8fe0-7b694f87b35b@group-A5425C89B524: changes role from      null to FOLLOWER at term 0 for startAsFollower
2019-09-25 10:46:07,415 [pool-119-thread-1] INFO  impl.RoleInfo (RoleInfo.java:updateAndGet(143)) - 8fd6a8fc-1907-40b5-8fe0-7b694f87b35b: start FollowerState
2019-09-25 10:46:07,415 [pool-119-thread-1] INFO  util.JmxRegister (JmxRegister.java:tryRegister(44)) - Successfully registered JMX Bean with object name Ratis:service=RaftServer,group=group-A5425C89B524,id=8fd6a8fc-1907-40b5-8fe0-7b694f87b35b
2019-09-25 10:46:07,417 [pool-159-thread-1] INFO  impl.RaftServerImpl (RaftServerImpl.java:start(185)) - 61124df1-009c-4638-aa5a-8c2de913e894@group-A5425C89B524: start as a follower, conf=-1: [d65383a8-5e7b-4702-94a1-f30c59e703ae:192.168.164.234:40862, 61124df1-009c-4638-aa5a-8c2de913e894:192.168.164.234:37220, 8fd6a8fc-1907-40b5-8fe0-7b694f87b35b:192.168.164.234:42284], old=null
2019-09-25 10:46:07,417 [pool-149-thread-1] INFO  impl.RaftServerImpl (RaftServerImpl.java:start(185)) - d65383a8-5e7b-4702-94a1-f30c59e703ae@group-A5425C89B524: start as a follower, conf=-1: [d65383a8-5e7b-4702-94a1-f30c59e703ae:192.168.164.234:40862, 61124df1-009c-4638-aa5a-8c2de913e894:192.168.164.234:37220, 8fd6a8fc-1907-40b5-8fe0-7b694f87b35b:192.168.164.234:42284], old=null
2019-09-25 10:46:07,417 [pool-159-thread-1] INFO  impl.RaftServerImpl (RaftServerImpl.java:setRole(174)) - 61124df1-009c-4638-aa5a-8c2de913e894@group-A5425C89B524: changes role from      null to FOLLOWER at term 0 for startAsFollower
2019-09-25 10:46:07,418 [pool-149-thread-1] INFO  impl.RaftServerImpl (RaftServerImpl.java:setRole(174)) - d65383a8-5e7b-4702-94a1-f30c59e703ae@group-A5425C89B524: changes role from      null to FOLLOWER at term 0 for startAsFollower
2019-09-25 10:46:07,418 [pool-159-thread-1] INFO  impl.RoleInfo (RoleInfo.java:updateAndGet(143)) - 61124df1-009c-4638-aa5a-8c2de913e894: start FollowerState
2019-09-25 10:46:07,418 [pool-149-thread-1] INFO  impl.RoleInfo (RoleInfo.java:updateAndGet(143)) - d65383a8-5e7b-4702-94a1-f30c59e703ae: start FollowerState
2019-09-25 10:46:07,418 [pool-159-thread-1] INFO  util.JmxRegister (JmxRegister.java:tryRegister(44)) - Successfully registered JMX Bean with object name Ratis:service=RaftServer,group=group-A5425C89B524,id=61124df1-009c-4638-aa5a-8c2de913e894
2019-09-25 10:46:07,418 [pool-149-thread-1] INFO  util.JmxRegister (JmxRegister.java:tryRegister(44)) - Successfully registered JMX Bean with object name Ratis:service=RaftServer,group=group-A5425C89B524,id=d65383a8-5e7b-4702-94a1-f30c59e703ae
2019-09-25 10:46:07,421 [RatisPipelineUtilsThread] INFO  pipeline.PipelineStateManager (PipelineStateManager.java:addPipeline(56)) - Created pipeline Pipeline[ Id: 118e1ac5-121b-44a4-93b6-a5425c89b524, Nodes: d65383a8-5e7b-4702-94a1-f30c59e703ae{ip: 192.168.164.234, host: pr-hdds-2067-fv87d-1578606345, networkLocation: /default-rack, certSerialId: null}61124df1-009c-4638-aa5a-8c2de913e894{ip: 192.168.164.234, host: pr-hdds-2067-fv87d-1578606345, networkLocation: /default-rack, certSerialId: null}8fd6a8fc-1907-40b5-8fe0-7b694f87b35b{ip: 192.168.164.234, host: pr-hdds-2067-fv87d-1578606345, networkLocation: /default-rack, certSerialId: null}, Type:RATIS, Factor:THREE, State:OPEN]
2019-09-25 10:46:08,183 [main] INFO  ozone.MiniOzoneClusterImpl (MiniOzoneClusterImpl.java:lambda$waitForClusterToBeReady$0(147)) - Cluster is ready. Got 7 of 7 DN Heartbeats.
2019-09-25 10:46:08,218 [main] INFO  rpc.RpcClient (RpcClient.java:createVolume(276)) - Creating Volume: testblockoutputstreamwithretries, with jenkins1000 as owner.
2019-09-25 10:46:08,221 [IPC Server handler 12 on 36330] INFO  volume.OMVolumeCreateRequest (OMVolumeCreateRequest.java:validateAndUpdateCache(194)) - created volume:testblockoutputstreamwithretries for user:jenkins1000
2019-09-25 10:46:08,238 [main] INFO  rpc.RpcClient (RpcClient.java:createBucket(415)) - Creating Bucket: testblockoutputstreamwithretries/testblockoutputstreamwithretries, with Versioning false and Storage Type set to DISK and Encryption set to false 
2019-09-25 10:46:09,823 [Thread-710] INFO  container.ReplicationManager (ReplicationManager.java:start(162)) - Starting Replication Monitor Thread.
2019-09-25 10:46:09,826 [ReplicationMonitor] INFO  container.ReplicationManager (ReplicationManager.java:run(225)) - Replication Monitor Thread took 1 milliseconds for processing 3 containers.
2019-09-25 10:46:11,958 [Thread-715] INFO  impl.FollowerState (FollowerState.java:run(106)) - 7a949e52-d361-4472-b94e-f2b9035b6b4f:group-E3A780AB1A98 changes to CANDIDATE, lastRpcTime:5005, electionTimeout:5005ms
2019-09-25 10:46:11,959 [Thread-715] INFO  impl.RoleInfo (RoleInfo.java:shutdownFollowerState(121)) - 7a949e52-d361-4472-b94e-f2b9035b6b4f: shutdown FollowerState
2019-09-25 10:46:11,959 [Thread-715] INFO  impl.RaftServerImpl (RaftServerImpl.java:setRole(174)) - 7a949e52-d361-4472-b94e-f2b9035b6b4f@group-E3A780AB1A98: changes role from  FOLLOWER to CANDIDATE at term 0 for changeToCandidate
2019-09-25 10:46:11,960 [Thread-715] INFO  impl.RoleInfo (RoleInfo.java:updateAndGet(143)) - 7a949e52-d361-4472-b94e-f2b9035b6b4f: start LeaderElection
2019-09-25 10:46:12,013 [7a949e52-d361-4472-b94e-f2b9035b6b4f@group-E3A780AB1A98:LeaderElection16] INFO  impl.LeaderElection (LeaderElection.java:askForVotes(182)) - 7a949e52-d361-4472-b94e-f2b9035b6b4f@group-E3A780AB1A98:LeaderElection16: begin an election at term 1 for -1: [7a949e52-d361-4472-b94e-f2b9035b6b4f:192.168.164.234:34433], old=null
2019-09-25 10:46:12,014 [7a949e52-d361-4472-b94e-f2b9035b6b4f@group-E3A780AB1A98:LeaderElection16] INFO  impl.RoleInfo (RoleInfo.java:shutdownLeaderElection(134)) - 7a949e52-d361-4472-b94e-f2b9035b6b4f: shutdown LeaderElection
2019-09-25 10:46:12,014 [7a949e52-d361-4472-b94e-f2b9035b6b4f@group-E3A780AB1A98:LeaderElection16] INFO  impl.RaftServerImpl (RaftServerImpl.java:setRole(174)) - 7a949e52-d361-4472-b94e-f2b9035b6b4f@group-E3A780AB1A98: changes role from CANDIDATE to LEADER at term 1 for changeToLeader
2019-09-25 10:46:12,014 [7a949e52-d361-4472-b94e-f2b9035b6b4f@group-E3A780AB1A98:LeaderElection16] INFO  impl.RaftServerImpl (ServerState.java:setLeader(253)) - 7a949e52-d361-4472-b94e-f2b9035b6b4f@group-E3A780AB1A98: change Leader from null to 7a949e52-d361-4472-b94e-f2b9035b6b4f at term 1 for becomeLeader, leader elected after 5067ms
2019-09-25 10:46:12,017 [7a949e52-d361-4472-b94e-f2b9035b6b4f@group-E3A780AB1A98:LeaderElection16] INFO  server.RaftServerConfigKeys (ConfUtils.java:logGet(43)) - raft.server.staging.catchup.gap = 1000 (default)
2019-09-25 10:46:12,017 [7a949e52-d361-4472-b94e-f2b9035b6b4f@group-E3A780AB1A98:LeaderElection16] INFO  server.RaftServerConfigKeys (ConfUtils.java:logGet(43)) - raft.server.rpc.sleep.time = 25ms (default)
2019-09-25 10:46:12,017 [7a949e52-d361-4472-b94e-f2b9035b6b4f@group-E3A780AB1A98:LeaderElection16] INFO  server.RaftServerConfigKeys (ConfUtils.java:logGet(43)) - raft.server.write.element-limit = 4096 (default)
2019-09-25 10:46:12,018 [7a949e52-d361-4472-b94e-f2b9035b6b4f@group-E3A780AB1A98:LeaderElection16] INFO  server.RaftServerConfigKeys (ConfUtils.java:logGet(43)) - raft.server.watch.timeout = 10s (default)
2019-09-25 10:46:12,018 [7a949e52-d361-4472-b94e-f2b9035b6b4f@group-E3A780AB1A98:LeaderElection16] INFO  server.RaftServerConfigKeys (ConfUtils.java:logGet(43)) - raft.server.watch.timeout.denomination = 1s (default)
2019-09-25 10:46:12,018 [7a949e52-d361-4472-b94e-f2b9035b6b4f@group-E3A780AB1A98:LeaderElection16] INFO  server.RaftServerConfigKeys (ConfUtils.java:logGet(43)) - raft.server.watch.element-limit = 65536 (default)
2019-09-25 10:46:12,021 [7a949e52-d361-4472-b94e-f2b9035b6b4f@group-E3A780AB1A98:LeaderElection16] INFO  impl.RoleInfo (RoleInfo.java:updateAndGet(143)) - 7a949e52-d361-4472-b94e-f2b9035b6b4f: start LeaderState
2019-09-25 10:46:12,021 [7a949e52-d361-4472-b94e-f2b9035b6b4f@group-E3A780AB1A98:LeaderElection16] INFO  segmented.SegmentedRaftLogWorker (SegmentedRaftLogWorker.java:startLogSegment(380)) - 7a949e52-d361-4472-b94e-f2b9035b6b4f@group-E3A780AB1A98-SegmentedRaftLogWorker: Starting segment from index:0
2019-09-25 10:46:12,022 [7a949e52-d361-4472-b94e-f2b9035b6b4f@group-E3A780AB1A98:LeaderElection16] INFO  impl.RaftServerImpl (ServerState.java:setRaftConf(354)) - 7a949e52-d361-4472-b94e-f2b9035b6b4f@group-E3A780AB1A98: set configuration 0: [7a949e52-d361-4472-b94e-f2b9035b6b4f:192.168.164.234:34433], old=null at 0
2019-09-25 10:46:12,055 [Thread-718] INFO  impl.FollowerState (FollowerState.java:run(106)) - 00008384-59d3-451f-b64d-d1f14470a714:group-67FDEB4C0355 changes to CANDIDATE, lastRpcTime:5044, electionTimeout:5044ms
2019-09-25 10:46:12,056 [Thread-718] INFO  impl.RoleInfo (RoleInfo.java:shutdownFollowerState(121)) - 00008384-59d3-451f-b64d-d1f14470a714: shutdown FollowerState
2019-09-25 10:46:12,056 [Thread-718] INFO  impl.RaftServerImpl (RaftServerImpl.java:setRole(174)) - 00008384-59d3-451f-b64d-d1f14470a714@group-67FDEB4C0355: changes role from  FOLLOWER to CANDIDATE at term 0 for changeToCandidate
2019-09-25 10:46:12,056 [Thread-718] INFO  impl.RoleInfo (RoleInfo.java:updateAndGet(143)) - 00008384-59d3-451f-b64d-d1f14470a714: start LeaderElection
2019-09-25 10:46:12,063 [7a949e52-d361-4472-b94e-f2b9035b6b4f@group-E3A780AB1A98-SegmentedRaftLogWorker] INFO  segmented.SegmentedRaftLogWorker (SegmentedRaftLogWorker.java:execute(569)) - 7a949e52-d361-4472-b94e-f2b9035b6b4f@group-E3A780AB1A98-SegmentedRaftLogWorker: created new log segment /workdir/hadoop-ozone/integration-test/target/test-dir/MiniOzoneClusterImpl-98543f66-0f4c-4586-80e6-01b94623704d/datanode-1/data/ratis/092b0e01-88e9-4f5c-a3c5-e3a780ab1a98/current/log_inprogress_0
2019-09-25 10:46:12,063 [00008384-59d3-451f-b64d-d1f14470a714@group-67FDEB4C0355:LeaderElection17] INFO  impl.LeaderElection (LeaderElection.java:askForVotes(182)) - 00008384-59d3-451f-b64d-d1f14470a714@group-67FDEB4C0355:LeaderElection17: begin an election at term 1 for -1: [00008384-59d3-451f-b64d-d1f14470a714:192.168.164.234:42495], old=null
2019-09-25 10:46:12,064 [00008384-59d3-451f-b64d-d1f14470a714@group-67FDEB4C0355:LeaderElection17] INFO  impl.RoleInfo (RoleInfo.java:shutdownLeaderElection(134)) - 00008384-59d3-451f-b64d-d1f14470a714: shutdown LeaderElection
2019-09-25 10:46:12,064 [00008384-59d3-451f-b64d-d1f14470a714@group-67FDEB4C0355:LeaderElection17] INFO  impl.RaftServerImpl (RaftServerImpl.java:setRole(174)) - 00008384-59d3-451f-b64d-d1f14470a714@group-67FDEB4C0355: changes role from CANDIDATE to LEADER at term 1 for changeToLeader
2019-09-25 10:46:12,064 [00008384-59d3-451f-b64d-d1f14470a714@group-67FDEB4C0355:LeaderElection17] INFO  impl.RaftServerImpl (ServerState.java:setLeader(253)) - 00008384-59d3-451f-b64d-d1f14470a714@group-67FDEB4C0355: change Leader from null to 00008384-59d3-451f-b64d-d1f14470a714 at term 1 for becomeLeader, leader elected after 5063ms
2019-09-25 10:46:12,066 [00008384-59d3-451f-b64d-d1f14470a714@group-67FDEB4C0355:LeaderElection17] INFO  server.RaftServerConfigKeys (ConfUtils.java:logGet(43)) - raft.server.staging.catchup.gap = 1000 (default)
2019-09-25 10:46:12,066 [00008384-59d3-451f-b64d-d1f14470a714@group-67FDEB4C0355:LeaderElection17] INFO  server.RaftServerConfigKeys (ConfUtils.java:logGet(43)) - raft.server.rpc.sleep.time = 25ms (default)
2019-09-25 10:46:12,066 [00008384-59d3-451f-b64d-d1f14470a714@group-67FDEB4C0355:LeaderElection17] INFO  server.RaftServerConfigKeys (ConfUtils.java:logGet(43)) - raft.server.write.element-limit = 4096 (default)
2019-09-25 10:46:12,067 [00008384-59d3-451f-b64d-d1f14470a714@group-67FDEB4C0355:LeaderElection17] INFO  server.RaftServerConfigKeys (ConfUtils.java:logGet(43)) - raft.server.watch.timeout = 10s (default)
2019-09-25 10:46:12,067 [00008384-59d3-451f-b64d-d1f14470a714@group-67FDEB4C0355:LeaderElection17] INFO  server.RaftServerConfigKeys (ConfUtils.java:logGet(43)) - raft.server.watch.timeout.denomination = 1s (default)
2019-09-25 10:46:12,067 [00008384-59d3-451f-b64d-d1f14470a714@group-67FDEB4C0355:LeaderElection17] INFO  server.RaftServerConfigKeys (ConfUtils.java:logGet(43)) - raft.server.watch.element-limit = 65536 (default)
2019-09-25 10:46:12,070 [00008384-59d3-451f-b64d-d1f14470a714@group-67FDEB4C0355:LeaderElection17] INFO  impl.RoleInfo (RoleInfo.java:updateAndGet(143)) - 00008384-59d3-451f-b64d-d1f14470a714: start LeaderState
2019-09-25 10:46:12,070 [00008384-59d3-451f-b64d-d1f14470a714@group-67FDEB4C0355:LeaderElection17] INFO  segmented.SegmentedRaftLogWorker (SegmentedRaftLogWorker.java:startLogSegment(380)) - 00008384-59d3-451f-b64d-d1f14470a714@group-67FDEB4C0355-SegmentedRaftLogWorker: Starting segment from index:0
2019-09-25 10:46:12,071 [00008384-59d3-451f-b64d-d1f14470a714@group-67FDEB4C0355:LeaderElection17] INFO  impl.RaftServerImpl (ServerState.java:setRaftConf(354)) - 00008384-59d3-451f-b64d-d1f14470a714@group-67FDEB4C0355: set configuration 0: [00008384-59d3-451f-b64d-d1f14470a714:192.168.164.234:42495], old=null at 0
2019-09-25 10:46:12,105 [Thread-712] INFO  impl.FollowerState (FollowerState.java:run(106)) - 8fd6a8fc-1907-40b5-8fe0-7b694f87b35b:group-3545C189BBA5 changes to CANDIDATE, lastRpcTime:5203, electionTimeout:5182ms
2019-09-25 10:46:12,105 [Thread-712] INFO  impl.RoleInfo (RoleInfo.java:shutdownFollowerState(121)) - 8fd6a8fc-1907-40b5-8fe0-7b694f87b35b: shutdown FollowerState
2019-09-25 10:46:12,105 [Thread-712] INFO  impl.RaftServerImpl (RaftServerImpl.java:setRole(174)) - 8fd6a8fc-1907-40b5-8fe0-7b694f87b35b@group-3545C189BBA5: changes role from  FOLLOWER to CANDIDATE at term 0 for changeToCandidate
2019-09-25 10:46:12,106 [Thread-712] INFO  impl.RoleInfo (RoleInfo.java:updateAndGet(143)) - 8fd6a8fc-1907-40b5-8fe0-7b694f87b35b: start LeaderElection
2019-09-25 10:46:12,118 [00008384-59d3-451f-b64d-d1f14470a714@group-67FDEB4C0355-SegmentedRaftLogWorker] INFO  segmented.SegmentedRaftLogWorker (SegmentedRaftLogWorker.java:execute(569)) - 00008384-59d3-451f-b64d-d1f14470a714@group-67FDEB4C0355-SegmentedRaftLogWorker: created new log segment /workdir/hadoop-ozone/integration-test/target/test-dir/MiniOzoneClusterImpl-98543f66-0f4c-4586-80e6-01b94623704d/datanode-2/data/ratis/d631e605-902a-4794-8320-67fdeb4c0355/current/log_inprogress_0
2019-09-25 10:46:12,118 [8fd6a8fc-1907-40b5-8fe0-7b694f87b35b@group-3545C189BBA5:LeaderElection18] INFO  impl.LeaderElection (LeaderElection.java:askForVotes(182)) - 8fd6a8fc-1907-40b5-8fe0-7b694f87b35b@group-3545C189BBA5:LeaderElection18: begin an election at term 1 for -1: [8fd6a8fc-1907-40b5-8fe0-7b694f87b35b:192.168.164.234:42284], old=null
2019-09-25 10:46:12,118 [8fd6a8fc-1907-40b5-8fe0-7b694f87b35b@group-3545C189BBA5:LeaderElection18] INFO  impl.RoleInfo (RoleInfo.java:shutdownLeaderElection(134)) - 8fd6a8fc-1907-40b5-8fe0-7b694f87b35b: shutdown LeaderElection
2019-09-25 10:46:12,118 [8fd6a8fc-1907-40b5-8fe0-7b694f87b35b@group-3545C189BBA5:LeaderElection18] INFO  impl.RaftServerImpl (RaftServerImpl.java:setRole(174)) - 8fd6a8fc-1907-40b5-8fe0-7b694f87b35b@group-3545C189BBA5: changes role from CANDIDATE to LEADER at term 1 for changeToLeader
2019-09-25 10:46:12,119 [8fd6a8fc-1907-40b5-8fe0-7b694f87b35b@group-3545C189BBA5:LeaderElection18] INFO  impl.RaftServerImpl (ServerState.java:setLeader(253)) - 8fd6a8fc-1907-40b5-8fe0-7b694f87b35b@group-3545C189BBA5: change Leader from null to 8fd6a8fc-1907-40b5-8fe0-7b694f87b35b at term 1 for becomeLeader, leader elected after 5233ms
2019-09-25 10:46:12,121 [8fd6a8fc-1907-40b5-8fe0-7b694f87b35b@group-3545C189BBA5:LeaderElection18] INFO  server.RaftServerConfigKeys (ConfUtils.java:logGet(43)) - raft.server.staging.catchup.gap = 1000 (default)
2019-09-25 10:46:12,121 [8fd6a8fc-1907-40b5-8fe0-7b694f87b35b@group-3545C189BBA5:LeaderElection18] INFO  server.RaftServerConfigKeys (ConfUtils.java:logGet(43)) - raft.server.rpc.sleep.time = 25ms (default)
2019-09-25 10:46:12,121 [8fd6a8fc-1907-40b5-8fe0-7b694f87b35b@group-3545C189BBA5:LeaderElection18] INFO  server.RaftServerConfigKeys (ConfUtils.java:logGet(43)) - raft.server.write.element-limit = 4096 (default)
2019-09-25 10:46:12,122 [8fd6a8fc-1907-40b5-8fe0-7b694f87b35b@group-3545C189BBA5:LeaderElection18] INFO  server.RaftServerConfigKeys (ConfUtils.java:logGet(43)) - raft.server.watch.timeout = 10s (default)
2019-09-25 10:46:12,122 [8fd6a8fc-1907-40b5-8fe0-7b694f87b35b@group-3545C189BBA5:LeaderElection18] INFO  server.RaftServerConfigKeys (ConfUtils.java:logGet(43)) - raft.server.watch.timeout.denomination = 1s (default)
2019-09-25 10:46:12,122 [8fd6a8fc-1907-40b5-8fe0-7b694f87b35b@group-3545C189BBA5:LeaderElection18] INFO  server.RaftServerConfigKeys (ConfUtils.java:logGet(43)) - raft.server.watch.element-limit = 65536 (default)
2019-09-25 10:46:12,124 [8fd6a8fc-1907-40b5-8fe0-7b694f87b35b@group-3545C189BBA5:LeaderElection18] INFO  impl.RoleInfo (RoleInfo.java:updateAndGet(143)) - 8fd6a8fc-1907-40b5-8fe0-7b694f87b35b: start LeaderState
2019-09-25 10:46:12,125 [8fd6a8fc-1907-40b5-8fe0-7b694f87b35b@group-3545C189BBA5:LeaderElection18] INFO  segmented.SegmentedRaftLogWorker (SegmentedRaftLogWorker.java:startLogSegment(380)) - 8fd6a8fc-1907-40b5-8fe0-7b694f87b35b@group-3545C189BBA5-SegmentedRaftLogWorker: Starting segment from index:0
2019-09-25 10:46:12,125 [8fd6a8fc-1907-40b5-8fe0-7b694f87b35b@group-3545C189BBA5:LeaderElection18] INFO  impl.RaftServerImpl (ServerState.java:setRaftConf(354)) - 8fd6a8fc-1907-40b5-8fe0-7b694f87b35b@group-3545C189BBA5: set configuration 0: [8fd6a8fc-1907-40b5-8fe0-7b694f87b35b:192.168.164.234:42284], old=null at 0
2019-09-25 10:46:12,169 [8fd6a8fc-1907-40b5-8fe0-7b694f87b35b@group-3545C189BBA5-SegmentedRaftLogWorker] INFO  segmented.SegmentedRaftLogWorker (SegmentedRaftLogWorker.java:execute(569)) - 8fd6a8fc-1907-40b5-8fe0-7b694f87b35b@group-3545C189BBA5-SegmentedRaftLogWorker: created new log segment /workdir/hadoop-ozone/integration-test/target/test-dir/MiniOzoneClusterImpl-98543f66-0f4c-4586-80e6-01b94623704d/datanode-0/data/ratis/71b67f84-3748-4e4d-89ac-3545c189bba5/current/log_inprogress_0
2019-09-25 10:46:12,241 [Thread-721] INFO  impl.FollowerState (FollowerState.java:run(106)) - d65383a8-5e7b-4702-94a1-f30c59e703ae:group-649480B588A8 changes to CANDIDATE, lastRpcTime:5173, electionTimeout:5173ms
2019-09-25 10:46:12,242 [Thread-721] INFO  impl.RoleInfo (RoleInfo.java:shutdownFollowerState(121)) - d65383a8-5e7b-4702-94a1-f30c59e703ae: shutdown FollowerState
2019-09-25 10:46:12,242 [Thread-721] INFO  impl.RaftServerImpl (RaftServerImpl.java:setRole(174)) - d65383a8-5e7b-4702-94a1-f30c59e703ae@group-649480B588A8: changes role from  FOLLOWER to CANDIDATE at term 0 for changeToCandidate
2019-09-25 10:46:12,242 [Thread-721] INFO  impl.RoleInfo (RoleInfo.java:updateAndGet(143)) - d65383a8-5e7b-4702-94a1-f30c59e703ae: start LeaderElection
2019-09-25 10:46:12,255 [d65383a8-5e7b-4702-94a1-f30c59e703ae@group-649480B588A8:LeaderElection19] INFO  impl.LeaderElection (LeaderElection.java:askForVotes(182)) - d65383a8-5e7b-4702-94a1-f30c59e703ae@group-649480B588A8:LeaderElection19: begin an election at term 1 for -1: [d65383a8-5e7b-4702-94a1-f30c59e703ae:192.168.164.234:40862], old=null
2019-09-25 10:46:12,255 [d65383a8-5e7b-4702-94a1-f30c59e703ae@group-649480B588A8:LeaderElection19] INFO  impl.RoleInfo (RoleInfo.java:shutdownLeaderElection(134)) - d65383a8-5e7b-4702-94a1-f30c59e703ae: shutdown LeaderElection
2019-09-25 10:46:12,256 [d65383a8-5e7b-4702-94a1-f30c59e703ae@group-649480B588A8:LeaderElection19] INFO  impl.RaftServerImpl (RaftServerImpl.java:setRole(174)) - d65383a8-5e7b-4702-94a1-f30c59e703ae@group-649480B588A8: changes role from CANDIDATE to LEADER at term 1 for changeToLeader
2019-09-25 10:46:12,256 [d65383a8-5e7b-4702-94a1-f30c59e703ae@group-649480B588A8:LeaderElection19] INFO  impl.RaftServerImpl (ServerState.java:setLeader(253)) - d65383a8-5e7b-4702-94a1-f30c59e703ae@group-649480B588A8: change Leader from null to d65383a8-5e7b-4702-94a1-f30c59e703ae at term 1 for becomeLeader, leader elected after 5198ms
2019-09-25 10:46:12,258 [d65383a8-5e7b-4702-94a1-f30c59e703ae@group-649480B588A8:LeaderElection19] INFO  server.RaftServerConfigKeys (ConfUtils.java:logGet(43)) - raft.server.staging.catchup.gap = 1000 (default)
2019-09-25 10:46:12,258 [d65383a8-5e7b-4702-94a1-f30c59e703ae@group-649480B588A8:LeaderElection19] INFO  server.RaftServerConfigKeys (ConfUtils.java:logGet(43)) - raft.server.rpc.sleep.time = 25ms (default)
2019-09-25 10:46:12,259 [d65383a8-5e7b-4702-94a1-f30c59e703ae@group-649480B588A8:LeaderElection19] INFO  server.RaftServerConfigKeys (ConfUtils.java:logGet(43)) - raft.server.write.element-limit = 4096 (default)
2019-09-25 10:46:12,259 [d65383a8-5e7b-4702-94a1-f30c59e703ae@group-649480B588A8:LeaderElection19] INFO  server.RaftServerConfigKeys (ConfUtils.java:logGet(43)) - raft.server.watch.timeout = 10s (default)
2019-09-25 10:46:12,259 [d65383a8-5e7b-4702-94a1-f30c59e703ae@group-649480B588A8:LeaderElection19] INFO  server.RaftServerConfigKeys (ConfUtils.java:logGet(43)) - raft.server.watch.timeout.denomination = 1s (default)
2019-09-25 10:46:12,259 [d65383a8-5e7b-4702-94a1-f30c59e703ae@group-649480B588A8:LeaderElection19] INFO  server.RaftServerConfigKeys (ConfUtils.java:logGet(43)) - raft.server.watch.element-limit = 65536 (default)
2019-09-25 10:46:12,261 [d65383a8-5e7b-4702-94a1-f30c59e703ae@group-649480B588A8:LeaderElection19] INFO  impl.RoleInfo (RoleInfo.java:updateAndGet(143)) - d65383a8-5e7b-4702-94a1-f30c59e703ae: start LeaderState
2019-09-25 10:46:12,261 [d65383a8-5e7b-4702-94a1-f30c59e703ae@group-649480B588A8:LeaderElection19] INFO  segmented.SegmentedRaftLogWorker (SegmentedRaftLogWorker.java:startLogSegment(380)) - d65383a8-5e7b-4702-94a1-f30c59e703ae@group-649480B588A8-SegmentedRaftLogWorker: Starting segment from index:0
2019-09-25 10:46:12,293 [d65383a8-5e7b-4702-94a1-f30c59e703ae@group-649480B588A8:LeaderElection19] INFO  impl.RaftServerImpl (ServerState.java:setRaftConf(354)) - d65383a8-5e7b-4702-94a1-f30c59e703ae@group-649480B588A8: set configuration 0: [d65383a8-5e7b-4702-94a1-f30c59e703ae:192.168.164.234:40862], old=null at 0
2019-09-25 10:46:12,316 [Thread-724] INFO  impl.FollowerState (FollowerState.java:run(106)) - 61124df1-009c-4638-aa5a-8c2de913e894:group-012C95686DBA changes to CANDIDATE, lastRpcTime:5175, electionTimeout:5175ms
2019-09-25 10:46:12,316 [Thread-724] INFO  impl.RoleInfo (RoleInfo.java:shutdownFollowerState(121)) - 61124df1-009c-4638-aa5a-8c2de913e894: shutdown FollowerState
2019-09-25 10:46:12,316 [Thread-724] INFO  impl.RaftServerImpl (RaftServerImpl.java:setRole(174)) - 61124df1-009c-4638-aa5a-8c2de913e894@group-012C95686DBA: changes role from  FOLLOWER to CANDIDATE at term 0 for changeToCandidate
2019-09-25 10:46:12,316 [Thread-724] INFO  impl.RoleInfo (RoleInfo.java:updateAndGet(143)) - 61124df1-009c-4638-aa5a-8c2de913e894: start LeaderElection
2019-09-25 10:46:12,317 [d65383a8-5e7b-4702-94a1-f30c59e703ae@group-649480B588A8-SegmentedRaftLogWorker] INFO  segmented.SegmentedRaftLogWorker (SegmentedRaftLogWorker.java:execute(569)) - d65383a8-5e7b-4702-94a1-f30c59e703ae@group-649480B588A8-SegmentedRaftLogWorker: created new log segment /workdir/hadoop-ozone/integration-test/target/test-dir/MiniOzoneClusterImpl-98543f66-0f4c-4586-80e6-01b94623704d/datanode-3/data/ratis/35a60369-82a6-4dcc-a21b-649480b588a8/current/log_inprogress_0
2019-09-25 10:46:12,333 [Thread-727] INFO  impl.FollowerState (FollowerState.java:run(106)) - ce695c2b-5bea-4187-952b-b1ab4bd81dd9:group-E53018FAD212 changes to CANDIDATE, lastRpcTime:5134, electionTimeout:5134ms
2019-09-25 10:46:12,333 [Thread-727] INFO  impl.RoleInfo (RoleInfo.java:shutdownFollowerState(121)) - ce695c2b-5bea-4187-952b-b1ab4bd81dd9: shutdown FollowerState
2019-09-25 10:46:12,333 [Thread-727] INFO  impl.RaftServerImpl (RaftServerImpl.java:setRole(174)) - ce695c2b-5bea-4187-952b-b1ab4bd81dd9@group-E53018FAD212: changes role from  FOLLOWER to CANDIDATE at term 0 for changeToCandidate
2019-09-25 10:46:12,333 [Thread-727] INFO  impl.RoleInfo (RoleInfo.java:updateAndGet(143)) - ce695c2b-5bea-4187-952b-b1ab4bd81dd9: start LeaderElection
2019-09-25 10:46:12,336 [61124df1-009c-4638-aa5a-8c2de913e894@group-012C95686DBA:LeaderElection20] INFO  impl.LeaderElection (LeaderElection.java:askForVotes(182)) - 61124df1-009c-4638-aa5a-8c2de913e894@group-012C95686DBA:LeaderElection20: begin an election at term 1 for -1: [61124df1-009c-4638-aa5a-8c2de913e894:192.168.164.234:37220], old=null
2019-09-25 10:46:12,336 [61124df1-009c-4638-aa5a-8c2de913e894@group-012C95686DBA:LeaderElection20] INFO  impl.RoleInfo (RoleInfo.java:shutdownLeaderElection(134)) - 61124df1-009c-4638-aa5a-8c2de913e894: shutdown LeaderElection
2019-09-25 10:46:12,336 [61124df1-009c-4638-aa5a-8c2de913e894@group-012C95686DBA:LeaderElection20] INFO  impl.RaftServerImpl (RaftServerImpl.java:setRole(174)) - 61124df1-009c-4638-aa5a-8c2de913e894@group-012C95686DBA: changes role from CANDIDATE to LEADER at term 1 for changeToLeader
2019-09-25 10:46:12,336 [61124df1-009c-4638-aa5a-8c2de913e894@group-012C95686DBA:LeaderElection20] INFO  impl.RaftServerImpl (ServerState.java:setLeader(253)) - 61124df1-009c-4638-aa5a-8c2de913e894@group-012C95686DBA: change Leader from null to 61124df1-009c-4638-aa5a-8c2de913e894 at term 1 for becomeLeader, leader elected after 5203ms
2019-09-25 10:46:12,338 [61124df1-009c-4638-aa5a-8c2de913e894@group-012C95686DBA:LeaderElection20] INFO  server.RaftServerConfigKeys (ConfUtils.java:logGet(43)) - raft.server.staging.catchup.gap = 1000 (default)
2019-09-25 10:46:12,338 [61124df1-009c-4638-aa5a-8c2de913e894@group-012C95686DBA:LeaderElection20] INFO  server.RaftServerConfigKeys (ConfUtils.java:logGet(43)) - raft.server.rpc.sleep.time = 25ms (default)
2019-09-25 10:46:12,338 [61124df1-009c-4638-aa5a-8c2de913e894@group-012C95686DBA:LeaderElection20] INFO  server.RaftServerConfigKeys (ConfUtils.java:logGet(43)) - raft.server.write.element-limit = 4096 (default)
2019-09-25 10:46:12,339 [61124df1-009c-4638-aa5a-8c2de913e894@group-012C95686DBA:LeaderElection20] INFO  server.RaftServerConfigKeys (ConfUtils.java:logGet(43)) - raft.server.watch.timeout = 10s (default)
2019-09-25 10:46:12,339 [61124df1-009c-4638-aa5a-8c2de913e894@group-012C95686DBA:LeaderElection20] INFO  server.RaftServerConfigKeys (ConfUtils.java:logGet(43)) - raft.server.watch.timeout.denomination = 1s (default)
2019-09-25 10:46:12,339 [61124df1-009c-4638-aa5a-8c2de913e894@group-012C95686DBA:LeaderElection20] INFO  server.RaftServerConfigKeys (ConfUtils.java:logGet(43)) - raft.server.watch.element-limit = 65536 (default)
2019-09-25 10:46:12,341 [61124df1-009c-4638-aa5a-8c2de913e894@group-012C95686DBA:LeaderElection20] INFO  impl.RoleInfo (RoleInfo.java:updateAndGet(143)) - 61124df1-009c-4638-aa5a-8c2de913e894: start LeaderState
2019-09-25 10:46:12,341 [61124df1-009c-4638-aa5a-8c2de913e894@group-012C95686DBA:LeaderElection20] INFO  segmented.SegmentedRaftLogWorker (SegmentedRaftLogWorker.java:startLogSegment(380)) - 61124df1-009c-4638-aa5a-8c2de913e894@group-012C95686DBA-SegmentedRaftLogWorker: Starting segment from index:0
2019-09-25 10:46:12,342 [61124df1-009c-4638-aa5a-8c2de913e894@group-012C95686DBA:LeaderElection20] INFO  impl.RaftServerImpl (ServerState.java:setRaftConf(354)) - 61124df1-009c-4638-aa5a-8c2de913e894@group-012C95686DBA: set configuration 0: [61124df1-009c-4638-aa5a-8c2de913e894:192.168.164.234:37220], old=null at 0
2019-09-25 10:46:12,369 [ce695c2b-5bea-4187-952b-b1ab4bd81dd9@group-E53018FAD212:LeaderElection21] INFO  impl.LeaderElection (LeaderElection.java:askForVotes(182)) - ce695c2b-5bea-4187-952b-b1ab4bd81dd9@group-E53018FAD212:LeaderElection21: begin an election at term 1 for -1: [ce695c2b-5bea-4187-952b-b1ab4bd81dd9:192.168.164.234:34875], old=null
2019-09-25 10:46:12,369 [ce695c2b-5bea-4187-952b-b1ab4bd81dd9@group-E53018FAD212:LeaderElection21] INFO  impl.RoleInfo (RoleInfo.java:shutdownLeaderElection(134)) - ce695c2b-5bea-4187-952b-b1ab4bd81dd9: shutdown LeaderElection
2019-09-25 10:46:12,369 [ce695c2b-5bea-4187-952b-b1ab4bd81dd9@group-E53018FAD212:LeaderElection21] INFO  impl.RaftServerImpl (RaftServerImpl.java:setRole(174)) - ce695c2b-5bea-4187-952b-b1ab4bd81dd9@group-E53018FAD212: changes role from CANDIDATE to LEADER at term 1 for changeToLeader
2019-09-25 10:46:12,369 [ce695c2b-5bea-4187-952b-b1ab4bd81dd9@group-E53018FAD212:LeaderElection21] INFO  impl.RaftServerImpl (ServerState.java:setLeader(253)) - ce695c2b-5bea-4187-952b-b1ab4bd81dd9@group-E53018FAD212: change Leader from null to ce695c2b-5bea-4187-952b-b1ab4bd81dd9 at term 1 for becomeLeader, leader elected after 5181ms
2019-09-25 10:46:12,372 [ce695c2b-5bea-4187-952b-b1ab4bd81dd9@group-E53018FAD212:LeaderElection21] INFO  server.RaftServerConfigKeys (ConfUtils.java:logGet(43)) - raft.server.staging.catchup.gap = 1000 (default)
2019-09-25 10:46:12,372 [ce695c2b-5bea-4187-952b-b1ab4bd81dd9@group-E53018FAD212:LeaderElection21] INFO  server.RaftServerConfigKeys (ConfUtils.java:logGet(43)) - raft.server.rpc.sleep.time = 25ms (default)
2019-09-25 10:46:12,372 [ce695c2b-5bea-4187-952b-b1ab4bd81dd9@group-E53018FAD212:LeaderElection21] INFO  server.RaftServerConfigKeys (ConfUtils.java:logGet(43)) - raft.server.write.element-limit = 4096 (default)
2019-09-25 10:46:12,372 [ce695c2b-5bea-4187-952b-b1ab4bd81dd9@group-E53018FAD212:LeaderElection21] INFO  server.RaftServerConfigKeys (ConfUtils.java:logGet(43)) - raft.server.watch.timeout = 10s (default)
2019-09-25 10:46:12,372 [ce695c2b-5bea-4187-952b-b1ab4bd81dd9@group-E53018FAD212:LeaderElection21] INFO  server.RaftServerConfigKeys (ConfUtils.java:logGet(43)) - raft.server.watch.timeout.denomination = 1s (default)
2019-09-25 10:46:12,373 [ce695c2b-5bea-4187-952b-b1ab4bd81dd9@group-E53018FAD212:LeaderElection21] INFO  server.RaftServerConfigKeys (ConfUtils.java:logGet(43)) - raft.server.watch.element-limit = 65536 (default)
2019-09-25 10:46:12,374 [Thread-730] INFO  impl.FollowerState (FollowerState.java:run(106)) - 6aa10c05-48fc-4ac9-9cd7-308cacba71f0:group-D1F63E14906E changes to CANDIDATE, lastRpcTime:5123, electionTimeout:5123ms
2019-09-25 10:46:12,374 [Thread-730] INFO  impl.RoleInfo (RoleInfo.java:shutdownFollowerState(121)) - 6aa10c05-48fc-4ac9-9cd7-308cacba71f0: shutdown FollowerState
2019-09-25 10:46:12,374 [Thread-730] INFO  impl.RaftServerImpl (RaftServerImpl.java:setRole(174)) - 6aa10c05-48fc-4ac9-9cd7-308cacba71f0@group-D1F63E14906E: changes role from  FOLLOWER to CANDIDATE at term 0 for changeToCandidate
2019-09-25 10:46:12,374 [Thread-730] INFO  impl.RoleInfo (RoleInfo.java:updateAndGet(143)) - 6aa10c05-48fc-4ac9-9cd7-308cacba71f0: start LeaderElection
2019-09-25 10:46:12,379 [ce695c2b-5bea-4187-952b-b1ab4bd81dd9@group-E53018FAD212:LeaderElection21] INFO  impl.RoleInfo (RoleInfo.java:updateAndGet(143)) - ce695c2b-5bea-4187-952b-b1ab4bd81dd9: start LeaderState
2019-09-25 10:46:12,379 [ce695c2b-5bea-4187-952b-b1ab4bd81dd9@group-E53018FAD212:LeaderElection21] INFO  segmented.SegmentedRaftLogWorker (SegmentedRaftLogWorker.java:startLogSegment(380)) - ce695c2b-5bea-4187-952b-b1ab4bd81dd9@group-E53018FAD212-SegmentedRaftLogWorker: Starting segment from index:0
2019-09-25 10:46:12,380 [ce695c2b-5bea-4187-952b-b1ab4bd81dd9@group-E53018FAD212:LeaderElection21] INFO  impl.RaftServerImpl (ServerState.java:setRaftConf(354)) - ce695c2b-5bea-4187-952b-b1ab4bd81dd9@group-E53018FAD212: set configuration 0: [ce695c2b-5bea-4187-952b-b1ab4bd81dd9:192.168.164.234:34875], old=null at 0
2019-09-25 10:46:12,380 [61124df1-009c-4638-aa5a-8c2de913e894@group-012C95686DBA-SegmentedRaftLogWorker] INFO  segmented.SegmentedRaftLogWorker (SegmentedRaftLogWorker.java:execute(569)) - 61124df1-009c-4638-aa5a-8c2de913e894@group-012C95686DBA-SegmentedRaftLogWorker: created new log segment /workdir/hadoop-ozone/integration-test/target/test-dir/MiniOzoneClusterImpl-98543f66-0f4c-4586-80e6-01b94623704d/datanode-4/data/ratis/940048df-413f-4dd8-ba51-012c95686dba/current/log_inprogress_0
2019-09-25 10:46:12,418 [6aa10c05-48fc-4ac9-9cd7-308cacba71f0@group-D1F63E14906E:LeaderElection22] INFO  impl.LeaderElection (LeaderElection.java:askForVotes(182)) - 6aa10c05-48fc-4ac9-9cd7-308cacba71f0@group-D1F63E14906E:LeaderElection22: begin an election at term 1 for -1: [6aa10c05-48fc-4ac9-9cd7-308cacba71f0:192.168.164.234:41883], old=null
2019-09-25 10:46:12,419 [Thread-739] INFO  impl.FollowerState (FollowerState.java:run(106)) - 7a949e52-d361-4472-b94e-f2b9035b6b4f:group-1B1D3B05D62B changes to CANDIDATE, lastRpcTime:5084, electionTimeout:5062ms
2019-09-25 10:46:12,419 [6aa10c05-48fc-4ac9-9cd7-308cacba71f0@group-D1F63E14906E:LeaderElection22] INFO  impl.RoleInfo (RoleInfo.java:shutdownLeaderElection(134)) - 6aa10c05-48fc-4ac9-9cd7-308cacba71f0: shutdown LeaderElection
2019-09-25 10:46:12,419 [6aa10c05-48fc-4ac9-9cd7-308cacba71f0@group-D1F63E14906E:LeaderElection22] INFO  impl.RaftServerImpl (RaftServerImpl.java:setRole(174)) - 6aa10c05-48fc-4ac9-9cd7-308cacba71f0@group-D1F63E14906E: changes role from CANDIDATE to LEADER at term 1 for changeToLeader
2019-09-25 10:46:12,419 [Thread-739] INFO  impl.RoleInfo (RoleInfo.java:shutdownFollowerState(121)) - 7a949e52-d361-4472-b94e-f2b9035b6b4f: shutdown FollowerState
2019-09-25 10:46:12,419 [6aa10c05-48fc-4ac9-9cd7-308cacba71f0@group-D1F63E14906E:LeaderElection22] INFO  impl.RaftServerImpl (ServerState.java:setLeader(253)) - 6aa10c05-48fc-4ac9-9cd7-308cacba71f0@group-D1F63E14906E: change Leader from null to 6aa10c05-48fc-4ac9-9cd7-308cacba71f0 at term 1 for becomeLeader, leader elected after 5176ms
2019-09-25 10:46:12,419 [Thread-739] INFO  impl.RaftServerImpl (RaftServerImpl.java:setRole(174)) - 7a949e52-d361-4472-b94e-f2b9035b6b4f@group-1B1D3B05D62B: changes role from  FOLLOWER to CANDIDATE at term 0 for changeToCandidate
2019-09-25 10:46:12,428 [6aa10c05-48fc-4ac9-9cd7-308cacba71f0@group-D1F63E14906E:LeaderElection22] INFO  server.RaftServerConfigKeys (ConfUtils.java:logGet(43)) - raft.server.staging.catchup.gap = 1000 (default)
2019-09-25 10:46:12,428 [6aa10c05-48fc-4ac9-9cd7-308cacba71f0@group-D1F63E14906E:LeaderElection22] INFO  server.RaftServerConfigKeys (ConfUtils.java:logGet(43)) - raft.server.rpc.sleep.time = 25ms (default)
2019-09-25 10:46:12,430 [ce695c2b-5bea-4187-952b-b1ab4bd81dd9@group-E53018FAD212-SegmentedRaftLogWorker] INFO  segmented.SegmentedRaftLogWorker (SegmentedRaftLogWorker.java:execute(569)) - ce695c2b-5bea-4187-952b-b1ab4bd81dd9@group-E53018FAD212-SegmentedRaftLogWorker: created new log segment /workdir/hadoop-ozone/integration-test/target/test-dir/MiniOzoneClusterImpl-98543f66-0f4c-4586-80e6-01b94623704d/datanode-5/data/ratis/fa21a956-7288-4f02-b7a4-e53018fad212/current/log_inprogress_0
2019-09-25 10:46:12,431 [Thread-739] INFO  impl.RoleInfo (RoleInfo.java:updateAndGet(143)) - 7a949e52-d361-4472-b94e-f2b9035b6b4f: start LeaderElection
2019-09-25 10:46:12,431 [6aa10c05-48fc-4ac9-9cd7-308cacba71f0@group-D1F63E14906E:LeaderElection22] INFO  server.RaftServerConfigKeys (ConfUtils.java:logGet(43)) - raft.server.write.element-limit = 4096 (default)
2019-09-25 10:46:12,439 [6aa10c05-48fc-4ac9-9cd7-308cacba71f0@group-D1F63E14906E:LeaderElection22] INFO  server.RaftServerConfigKeys (ConfUtils.java:logGet(43)) - raft.server.watch.timeout = 10s (default)
2019-09-25 10:46:12,439 [6aa10c05-48fc-4ac9-9cd7-308cacba71f0@group-D1F63E14906E:LeaderElection22] INFO  server.RaftServerConfigKeys (ConfUtils.java:logGet(43)) - raft.server.watch.timeout.denomination = 1s (default)
2019-09-25 10:46:12,442 [6aa10c05-48fc-4ac9-9cd7-308cacba71f0@group-D1F63E14906E:LeaderElection22] INFO  server.RaftServerConfigKeys (ConfUtils.java:logGet(43)) - raft.server.watch.element-limit = 65536 (default)
2019-09-25 10:46:12,447 [6aa10c05-48fc-4ac9-9cd7-308cacba71f0@group-D1F63E14906E:LeaderElection22] INFO  impl.RoleInfo (RoleInfo.java:updateAndGet(143)) - 6aa10c05-48fc-4ac9-9cd7-308cacba71f0: start LeaderState
2019-09-25 10:46:12,447 [6aa10c05-48fc-4ac9-9cd7-308cacba71f0@group-D1F63E14906E:LeaderElection22] INFO  segmented.SegmentedRaftLogWorker (SegmentedRaftLogWorker.java:startLogSegment(380)) - 6aa10c05-48fc-4ac9-9cd7-308cacba71f0@group-D1F63E14906E-SegmentedRaftLogWorker: Starting segment from index:0
2019-09-25 10:46:12,447 [6aa10c05-48fc-4ac9-9cd7-308cacba71f0@group-D1F63E14906E:LeaderElection22] INFO  impl.RaftServerImpl (ServerState.java:setRaftConf(354)) - 6aa10c05-48fc-4ac9-9cd7-308cacba71f0@group-D1F63E14906E: set configuration 0: [6aa10c05-48fc-4ac9-9cd7-308cacba71f0:192.168.164.234:41883], old=null at 0
2019-09-25 10:46:12,450 [7a949e52-d361-4472-b94e-f2b9035b6b4f@group-1B1D3B05D62B:LeaderElection23] INFO  impl.LeaderElection (LeaderElection.java:askForVotes(182)) - 7a949e52-d361-4472-b94e-f2b9035b6b4f@group-1B1D3B05D62B:LeaderElection23: begin an election at term 1 for -1: [6aa10c05-48fc-4ac9-9cd7-308cacba71f0:192.168.164.234:41883, 7a949e52-d361-4472-b94e-f2b9035b6b4f:192.168.164.234:34433, 00008384-59d3-451f-b64d-d1f14470a714:192.168.164.234:42495], old=null
2019-09-25 10:46:12,456 [grpc-default-executor-4] INFO  impl.RaftServerImpl (RaftServerImpl.java:setRole(174)) - 6aa10c05-48fc-4ac9-9cd7-308cacba71f0@group-1B1D3B05D62B: changes role from  FOLLOWER to FOLLOWER at term 1 for recognizeCandidate:7a949e52-d361-4472-b94e-f2b9035b6b4f
2019-09-25 10:46:12,456 [grpc-default-executor-2] INFO  impl.RaftServerImpl (RaftServerImpl.java:setRole(174)) - 00008384-59d3-451f-b64d-d1f14470a714@group-1B1D3B05D62B: changes role from  FOLLOWER to FOLLOWER at term 1 for recognizeCandidate:7a949e52-d361-4472-b94e-f2b9035b6b4f
2019-09-25 10:46:12,457 [grpc-default-executor-4] INFO  impl.RoleInfo (RoleInfo.java:shutdownFollowerState(121)) - 6aa10c05-48fc-4ac9-9cd7-308cacba71f0: shutdown FollowerState
2019-09-25 10:46:12,457 [grpc-default-executor-2] INFO  impl.RoleInfo (RoleInfo.java:shutdownFollowerState(121)) - 00008384-59d3-451f-b64d-d1f14470a714: shutdown FollowerState
2019-09-25 10:46:12,457 [grpc-default-executor-4] INFO  impl.RoleInfo (RoleInfo.java:updateAndGet(143)) - 6aa10c05-48fc-4ac9-9cd7-308cacba71f0: start FollowerState
2019-09-25 10:46:12,457 [grpc-default-executor-2] INFO  impl.RoleInfo (RoleInfo.java:updateAndGet(143)) - 00008384-59d3-451f-b64d-d1f14470a714: start FollowerState
2019-09-25 10:46:12,457 [Thread-735] INFO  impl.FollowerState (FollowerState.java:run(115)) - 6aa10c05-48fc-4ac9-9cd7-308cacba71f0: FollowerState was interrupted: java.lang.InterruptedException: sleep interrupted
2019-09-25 10:46:12,483 [Thread-737] INFO  impl.FollowerState (FollowerState.java:run(115)) - 00008384-59d3-451f-b64d-d1f14470a714: FollowerState was interrupted: java.lang.InterruptedException: sleep interrupted
2019-09-25 10:46:12,485 [Thread-746] INFO  impl.FollowerState (FollowerState.java:run(106)) - 61124df1-009c-4638-aa5a-8c2de913e894:group-A5425C89B524 changes to CANDIDATE, lastRpcTime:5065, electionTimeout:5047ms
2019-09-25 10:46:12,486 [Thread-746] INFO  impl.RoleInfo (RoleInfo.java:shutdownFollowerState(121)) - 61124df1-009c-4638-aa5a-8c2de913e894: shutdown FollowerState
2019-09-25 10:46:12,486 [Thread-746] INFO  impl.RaftServerImpl (RaftServerImpl.java:setRole(174)) - 61124df1-009c-4638-aa5a-8c2de913e894@group-A5425C89B524: changes role from  FOLLOWER to CANDIDATE at term 0 for changeToCandidate
2019-09-25 10:46:12,486 [Thread-746] INFO  impl.RoleInfo (RoleInfo.java:updateAndGet(143)) - 61124df1-009c-4638-aa5a-8c2de913e894: start LeaderElection
2019-09-25 10:46:12,496 [6aa10c05-48fc-4ac9-9cd7-308cacba71f0@group-D1F63E14906E-SegmentedRaftLogWorker] INFO  segmented.SegmentedRaftLogWorker (SegmentedRaftLogWorker.java:execute(569)) - 6aa10c05-48fc-4ac9-9cd7-308cacba71f0@group-D1F63E14906E-SegmentedRaftLogWorker: created new log segment /workdir/hadoop-ozone/integration-test/target/test-dir/MiniOzoneClusterImpl-98543f66-0f4c-4586-80e6-01b94623704d/datanode-6/data/ratis/e24260e2-7954-436d-9527-d1f63e14906e/current/log_inprogress_0
2019-09-25 10:46:12,496 [61124df1-009c-4638-aa5a-8c2de913e894@group-A5425C89B524:LeaderElection24] INFO  impl.LeaderElection (LeaderElection.java:askForVotes(182)) - 61124df1-009c-4638-aa5a-8c2de913e894@group-A5425C89B524:LeaderElection24: begin an election at term 1 for -1: [d65383a8-5e7b-4702-94a1-f30c59e703ae:192.168.164.234:40862, 61124df1-009c-4638-aa5a-8c2de913e894:192.168.164.234:37220, 8fd6a8fc-1907-40b5-8fe0-7b694f87b35b:192.168.164.234:42284], old=null
2019-09-25 10:46:12,497 [7a949e52-d361-4472-b94e-f2b9035b6b4f@group-1B1D3B05D62B:LeaderElection23] INFO  impl.LeaderElection (LeaderElection.java:logAndReturn(56)) - 7a949e52-d361-4472-b94e-f2b9035b6b4f@group-1B1D3B05D62B:LeaderElection23: Election PASSED; received 1 response(s) [7a949e52-d361-4472-b94e-f2b9035b6b4f<-6aa10c05-48fc-4ac9-9cd7-308cacba71f0#0:OK-t1] and 0 exception(s); 7a949e52-d361-4472-b94e-f2b9035b6b4f@group-1B1D3B05D62B:t1, leader=null, voted=7a949e52-d361-4472-b94e-f2b9035b6b4f, raftlog=7a949e52-d361-4472-b94e-f2b9035b6b4f@group-1B1D3B05D62B-SegmentedRaftLog:OPENED:c-1,f-1,i0, conf=-1: [6aa10c05-48fc-4ac9-9cd7-308cacba71f0:192.168.164.234:41883, 7a949e52-d361-4472-b94e-f2b9035b6b4f:192.168.164.234:34433, 00008384-59d3-451f-b64d-d1f14470a714:192.168.164.234:42495], old=null
2019-09-25 10:46:12,498 [7a949e52-d361-4472-b94e-f2b9035b6b4f@group-1B1D3B05D62B:LeaderElection23] INFO  impl.RoleInfo (RoleInfo.java:shutdownLeaderElection(134)) - 7a949e52-d361-4472-b94e-f2b9035b6b4f: shutdown LeaderElection
2019-09-25 10:46:12,498 [7a949e52-d361-4472-b94e-f2b9035b6b4f@group-1B1D3B05D62B:LeaderElection23] INFO  impl.RaftServerImpl (RaftServerImpl.java:setRole(174)) - 7a949e52-d361-4472-b94e-f2b9035b6b4f@group-1B1D3B05D62B: changes role from CANDIDATE to LEADER at term 1 for changeToLeader
2019-09-25 10:46:12,498 [7a949e52-d361-4472-b94e-f2b9035b6b4f@group-1B1D3B05D62B:LeaderElection23] INFO  impl.RaftServerImpl (ServerState.java:setLeader(253)) - 7a949e52-d361-4472-b94e-f2b9035b6b4f@group-1B1D3B05D62B: change Leader from null to 7a949e52-d361-4472-b94e-f2b9035b6b4f at term 1 for becomeLeader, leader elected after 5176ms
2019-09-25 10:46:12,498 [7a949e52-d361-4472-b94e-f2b9035b6b4f@group-1B1D3B05D62B:LeaderElection23] INFO  server.RaftServerConfigKeys (ConfUtils.java:logGet(43)) - raft.server.staging.catchup.gap = 1000 (default)
2019-09-25 10:46:12,498 [7a949e52-d361-4472-b94e-f2b9035b6b4f@group-1B1D3B05D62B:LeaderElection23] INFO  server.RaftServerConfigKeys (ConfUtils.java:logGet(43)) - raft.server.rpc.sleep.time = 25ms (default)
2019-09-25 10:46:12,498 [7a949e52-d361-4472-b94e-f2b9035b6b4f@group-1B1D3B05D62B:LeaderElection23] INFO  server.RaftServerConfigKeys (ConfUtils.java:logGet(43)) - raft.server.write.element-limit = 4096 (default)
2019-09-25 10:46:12,501 [7a949e52-d361-4472-b94e-f2b9035b6b4f@group-1B1D3B05D62B:LeaderElection23] INFO  server.RaftServerConfigKeys (ConfUtils.java:logGet(43)) - raft.server.watch.timeout = 10s (default)
2019-09-25 10:46:12,501 [7a949e52-d361-4472-b94e-f2b9035b6b4f@group-1B1D3B05D62B:LeaderElection23] INFO  server.RaftServerConfigKeys (ConfUtils.java:logGet(43)) - raft.server.watch.timeout.denomination = 1s (default)
2019-09-25 10:46:12,501 [7a949e52-d361-4472-b94e-f2b9035b6b4f@group-1B1D3B05D62B:LeaderElection23] INFO  server.RaftServerConfigKeys (ConfUtils.java:logGet(43)) - raft.server.watch.element-limit = 65536 (default)
2019-09-25 10:46:12,503 [grpc-default-executor-2] INFO  impl.RaftServerImpl (RaftServerImpl.java:setRole(174)) - d65383a8-5e7b-4702-94a1-f30c59e703ae@group-A5425C89B524: changes role from  FOLLOWER to FOLLOWER at term 1 for recognizeCandidate:61124df1-009c-4638-aa5a-8c2de913e894
2019-09-25 10:46:12,506 [grpc-default-executor-2] INFO  impl.RoleInfo (RoleInfo.java:shutdownFollowerState(121)) - d65383a8-5e7b-4702-94a1-f30c59e703ae: shutdown FollowerState
2019-09-25 10:46:12,506 [grpc-default-executor-4] INFO  impl.RaftServerImpl (RaftServerImpl.java:setRole(174)) - 8fd6a8fc-1907-40b5-8fe0-7b694f87b35b@group-A5425C89B524: changes role from  FOLLOWER to FOLLOWER at term 1 for recognizeCandidate:61124df1-009c-4638-aa5a-8c2de913e894
2019-09-25 10:46:12,506 [Thread-747] INFO  impl.FollowerState (FollowerState.java:run(115)) - d65383a8-5e7b-4702-94a1-f30c59e703ae: FollowerState was interrupted: java.lang.InterruptedException: sleep interrupted
2019-09-25 10:46:12,506 [grpc-default-executor-2] INFO  impl.RoleInfo (RoleInfo.java:updateAndGet(143)) - d65383a8-5e7b-4702-94a1-f30c59e703ae: start FollowerState
2019-09-25 10:46:12,506 [grpc-default-executor-4] INFO  impl.RoleInfo (RoleInfo.java:shutdownFollowerState(121)) - 8fd6a8fc-1907-40b5-8fe0-7b694f87b35b: shutdown FollowerState
2019-09-25 10:46:12,509 [grpc-default-executor-4] INFO  impl.RoleInfo (RoleInfo.java:updateAndGet(143)) - 8fd6a8fc-1907-40b5-8fe0-7b694f87b35b: start FollowerState
2019-09-25 10:46:12,509 [Thread-744] INFO  impl.FollowerState (FollowerState.java:run(115)) - 8fd6a8fc-1907-40b5-8fe0-7b694f87b35b: FollowerState was interrupted: java.lang.InterruptedException: sleep interrupted
2019-09-25 10:46:12,509 [7a949e52-d361-4472-b94e-f2b9035b6b4f@group-1B1D3B05D62B:LeaderElection23] INFO  server.RaftServerConfigKeys (ConfUtils.java:logGet(43)) - raft.server.log.appender.snapshot.chunk.size.max = 16MB (=16777216) (default)
2019-09-25 10:46:12,511 [7a949e52-d361-4472-b94e-f2b9035b6b4f@group-1B1D3B05D62B:LeaderElection23] INFO  server.RaftServerConfigKeys (ConfUtils.java:logGet(43)) - raft.server.log.appender.buffer.byte-limit = 33554432 (custom)
2019-09-25 10:46:12,511 [7a949e52-d361-4472-b94e-f2b9035b6b4f@group-1B1D3B05D62B:LeaderElection23] INFO  server.RaftServerConfigKeys (ConfUtils.java:logGet(43)) - raft.server.log.appender.buffer.element-limit = 1 (custom)
2019-09-25 10:46:12,512 [7a949e52-d361-4472-b94e-f2b9035b6b4f@group-1B1D3B05D62B:LeaderElection23] INFO  grpc.GrpcConfigKeys$Server (ConfUtils.java:logGet(43)) - raft.grpc.server.leader.outstanding.appends.max = 128 (default)
2019-09-25 10:46:12,512 [7a949e52-d361-4472-b94e-f2b9035b6b4f@group-1B1D3B05D62B:LeaderElection23] INFO  server.RaftServerConfigKeys (ConfUtils.java:logGet(43)) - raft.server.rpc.request.timeout = 3000ms (default)
2019-09-25 10:46:12,512 [7a949e52-d361-4472-b94e-f2b9035b6b4f@group-1B1D3B05D62B:LeaderElection23] INFO  server.RaftServerConfigKeys (ConfUtils.java:logGet(43)) - raft.server.log.appender.install.snapshot.enabled = false (custom)
2019-09-25 10:46:12,512 [7a949e52-d361-4472-b94e-f2b9035b6b4f@group-1B1D3B05D62B:LeaderElection23] INFO  server.RaftServerConfigKeys (ConfUtils.java:logGet(43)) - raft.server.log.appender.snapshot.chunk.size.max = 16MB (=16777216) (default)
2019-09-25 10:46:12,513 [7a949e52-d361-4472-b94e-f2b9035b6b4f@group-1B1D3B05D62B:LeaderElection23] INFO  server.RaftServerConfigKeys (ConfUtils.java:logGet(43)) - raft.server.log.appender.buffer.byte-limit = 33554432 (custom)
2019-09-25 10:46:12,513 [7a949e52-d361-4472-b94e-f2b9035b6b4f@group-1B1D3B05D62B:LeaderElection23] INFO  server.RaftServerConfigKeys (ConfUtils.java:logGet(43)) - raft.server.log.appender.buffer.element-limit = 1 (custom)
2019-09-25 10:46:12,513 [7a949e52-d361-4472-b94e-f2b9035b6b4f@group-1B1D3B05D62B:LeaderElection23] INFO  grpc.GrpcConfigKeys$Server (ConfUtils.java:logGet(43)) - raft.grpc.server.leader.outstanding.appends.max = 128 (default)
2019-09-25 10:46:12,513 [7a949e52-d361-4472-b94e-f2b9035b6b4f@group-1B1D3B05D62B:LeaderElection23] INFO  server.RaftServerConfigKeys (ConfUtils.java:logGet(43)) - raft.server.rpc.request.timeout = 3000ms (default)
2019-09-25 10:46:12,513 [7a949e52-d361-4472-b94e-f2b9035b6b4f@group-1B1D3B05D62B:LeaderElection23] INFO  server.RaftServerConfigKeys (ConfUtils.java:logGet(43)) - raft.server.log.appender.install.snapshot.enabled = false (custom)
2019-09-25 10:46:12,514 [7a949e52-d361-4472-b94e-f2b9035b6b4f@group-1B1D3B05D62B:LeaderElection23] INFO  impl.RoleInfo (RoleInfo.java:updateAndGet(143)) - 7a949e52-d361-4472-b94e-f2b9035b6b4f: start LeaderState
2019-09-25 10:46:12,514 [7a949e52-d361-4472-b94e-f2b9035b6b4f@group-1B1D3B05D62B:LeaderElection23] INFO  segmented.SegmentedRaftLogWorker (SegmentedRaftLogWorker.java:startLogSegment(380)) - 7a949e52-d361-4472-b94e-f2b9035b6b4f@group-1B1D3B05D62B-SegmentedRaftLogWorker: Starting segment from index:0
2019-09-25 10:46:12,515 [7a949e52-d361-4472-b94e-f2b9035b6b4f@group-1B1D3B05D62B:LeaderElection23] INFO  impl.RaftServerImpl (ServerState.java:setRaftConf(354)) - 7a949e52-d361-4472-b94e-f2b9035b6b4f@group-1B1D3B05D62B: set configuration 0: [6aa10c05-48fc-4ac9-9cd7-308cacba71f0:192.168.164.234:41883, 7a949e52-d361-4472-b94e-f2b9035b6b4f:192.168.164.234:34433, 00008384-59d3-451f-b64d-d1f14470a714:192.168.164.234:42495], old=null at 0
2019-09-25 10:46:12,551 [61124df1-009c-4638-aa5a-8c2de913e894@group-A5425C89B524:LeaderElection24] INFO  impl.LeaderElection (LeaderElection.java:logAndReturn(56)) - 61124df1-009c-4638-aa5a-8c2de913e894@group-A5425C89B524:LeaderElection24: Election PASSED; received 1 response(s) [61124df1-009c-4638-aa5a-8c2de913e894<-8fd6a8fc-1907-40b5-8fe0-7b694f87b35b#0:OK-t1] and 0 exception(s); 61124df1-009c-4638-aa5a-8c2de913e894@group-A5425C89B524:t1, leader=null, voted=61124df1-009c-4638-aa5a-8c2de913e894, raftlog=61124df1-009c-4638-aa5a-8c2de913e894@group-A5425C89B524-SegmentedRaftLog:OPENED:c-1,f-1,i0, conf=-1: [d65383a8-5e7b-4702-94a1-f30c59e703ae:192.168.164.234:40862, 61124df1-009c-4638-aa5a-8c2de913e894:192.168.164.234:37220, 8fd6a8fc-1907-40b5-8fe0-7b694f87b35b:192.168.164.234:42284], old=null
2019-09-25 10:46:12,551 [61124df1-009c-4638-aa5a-8c2de913e894@group-A5425C89B524:LeaderElection24] INFO  impl.RoleInfo (RoleInfo.java:shutdownLeaderElection(134)) - 61124df1-009c-4638-aa5a-8c2de913e894: shutdown LeaderElection
2019-09-25 10:46:12,551 [61124df1-009c-4638-aa5a-8c2de913e894@group-A5425C89B524:LeaderElection24] INFO  impl.RaftServerImpl (RaftServerImpl.java:setRole(174)) - 61124df1-009c-4638-aa5a-8c2de913e894@group-A5425C89B524: changes role from CANDIDATE to LEADER at term 1 for changeToLeader
2019-09-25 10:46:12,551 [61124df1-009c-4638-aa5a-8c2de913e894@group-A5425C89B524:LeaderElection24] INFO  impl.RaftServerImpl (ServerState.java:setLeader(253)) - 61124df1-009c-4638-aa5a-8c2de913e894@group-A5425C89B524: change Leader from null to 61124df1-009c-4638-aa5a-8c2de913e894 at term 1 for becomeLeader, leader elected after 5147ms
2019-09-25 10:46:12,551 [61124df1-009c-4638-aa5a-8c2de913e894@group-A5425C89B524:LeaderElection24] INFO  server.RaftServerConfigKeys (ConfUtils.java:logGet(43)) - raft.server.staging.catchup.gap = 1000 (default)
2019-09-25 10:46:12,554 [61124df1-009c-4638-aa5a-8c2de913e894@group-A5425C89B524:LeaderElection24] INFO  server.RaftServerConfigKeys (ConfUtils.java:logGet(43)) - raft.server.rpc.sleep.time = 25ms (default)
2019-09-25 10:46:12,554 [grpc-default-executor-4] INFO  impl.RaftServerImpl (ServerState.java:setLeader(253)) - 00008384-59d3-451f-b64d-d1f14470a714@group-1B1D3B05D62B: change Leader from null to 7a949e52-d361-4472-b94e-f2b9035b6b4f at term 1 for appendEntries, leader elected after 5232ms
2019-09-25 10:46:12,554 [grpc-default-executor-2] INFO  impl.RaftServerImpl (ServerState.java:setLeader(253)) - 6aa10c05-48fc-4ac9-9cd7-308cacba71f0@group-1B1D3B05D62B: change Leader from null to 7a949e52-d361-4472-b94e-f2b9035b6b4f at term 1 for appendEntries, leader elected after 5232ms
2019-09-25 10:46:12,554 [61124df1-009c-4638-aa5a-8c2de913e894@group-A5425C89B524:LeaderElection24] INFO  server.RaftServerConfigKeys (ConfUtils.java:logGet(43)) - raft.server.write.element-limit = 4096 (default)
2019-09-25 10:46:12,558 [61124df1-009c-4638-aa5a-8c2de913e894@group-A5425C89B524:LeaderElection24] INFO  server.RaftServerConfigKeys (ConfUtils.java:logGet(43)) - raft.server.watch.timeout = 10s (default)
2019-09-25 10:46:12,558 [61124df1-009c-4638-aa5a-8c2de913e894@group-A5425C89B524:LeaderElection24] INFO  server.RaftServerConfigKeys (ConfUtils.java:logGet(43)) - raft.server.watch.timeout.denomination = 1s (default)
2019-09-25 10:46:12,558 [61124df1-009c-4638-aa5a-8c2de913e894@group-A5425C89B524:LeaderElection24] INFO  server.RaftServerConfigKeys (ConfUtils.java:logGet(43)) - raft.server.watch.element-limit = 65536 (default)
2019-09-25 10:46:12,561 [grpc-default-executor-2] INFO  impl.RaftServerImpl (ServerState.java:setRaftConf(354)) - 00008384-59d3-451f-b64d-d1f14470a714@group-1B1D3B05D62B: set configuration 0: [6aa10c05-48fc-4ac9-9cd7-308cacba71f0:192.168.164.234:41883, 7a949e52-d361-4472-b94e-f2b9035b6b4f:192.168.164.234:34433, 00008384-59d3-451f-b64d-d1f14470a714:192.168.164.234:42495], old=null at 0
2019-09-25 10:46:12,561 [61124df1-009c-4638-aa5a-8c2de913e894@group-A5425C89B524:LeaderElection24] INFO  server.RaftServerConfigKeys (ConfUtils.java:logGet(43)) - raft.server.log.appender.snapshot.chunk.size.max = 16MB (=16777216) (default)
2019-09-25 10:46:12,562 [grpc-default-executor-2] INFO  segmented.SegmentedRaftLogWorker (SegmentedRaftLogWorker.java:startLogSegment(380)) - 00008384-59d3-451f-b64d-d1f14470a714@group-1B1D3B05D62B-SegmentedRaftLogWorker: Starting segment from index:0
2019-09-25 10:46:12,562 [7a949e52-d361-4472-b94e-f2b9035b6b4f@group-1B1D3B05D62B-SegmentedRaftLogWorker] INFO  segmented.SegmentedRaftLogWorker (SegmentedRaftLogWorker.java:execute(569)) - 7a949e52-d361-4472-b94e-f2b9035b6b4f@group-1B1D3B05D62B-SegmentedRaftLogWorker: created new log segment /workdir/hadoop-ozone/integration-test/target/test-dir/MiniOzoneClusterImpl-98543f66-0f4c-4586-80e6-01b94623704d/datanode-1/data/ratis/e9bea230-6a68-4f56-bf80-1b1d3b05d62b/current/log_inprogress_0
2019-09-25 10:46:12,562 [grpc-default-executor-4] INFO  impl.RaftServerImpl (ServerState.java:setRaftConf(354)) - 6aa10c05-48fc-4ac9-9cd7-308cacba71f0@group-1B1D3B05D62B: set configuration 0: [6aa10c05-48fc-4ac9-9cd7-308cacba71f0:192.168.164.234:41883, 7a949e52-d361-4472-b94e-f2b9035b6b4f:192.168.164.234:34433, 00008384-59d3-451f-b64d-d1f14470a714:192.168.164.234:42495], old=null at 0
2019-09-25 10:46:12,562 [61124df1-009c-4638-aa5a-8c2de913e894@group-A5425C89B524:LeaderElection24] INFO  server.RaftServerConfigKeys (ConfUtils.java:logGet(43)) - raft.server.log.appender.buffer.byte-limit = 33554432 (custom)
2019-09-25 10:46:12,562 [grpc-default-executor-4] INFO  segmented.SegmentedRaftLogWorker (SegmentedRaftLogWorker.java:startLogSegment(380)) - 6aa10c05-48fc-4ac9-9cd7-308cacba71f0@group-1B1D3B05D62B-SegmentedRaftLogWorker: Starting segment from index:0
2019-09-25 10:46:12,563 [61124df1-009c-4638-aa5a-8c2de913e894@group-A5425C89B524:LeaderElection24] INFO  server.RaftServerConfigKeys (ConfUtils.java:logGet(43)) - raft.server.log.appender.buffer.element-limit = 1 (custom)
2019-09-25 10:46:12,563 [61124df1-009c-4638-aa5a-8c2de913e894@group-A5425C89B524:LeaderElection24] INFO  grpc.GrpcConfigKeys$Server (ConfUtils.java:logGet(43)) - raft.grpc.server.leader.outstanding.appends.max = 128 (default)
2019-09-25 10:46:12,563 [61124df1-009c-4638-aa5a-8c2de913e894@group-A5425C89B524:LeaderElection24] INFO  server.RaftServerConfigKeys (ConfUtils.java:logGet(43)) - raft.server.rpc.request.timeout = 3000ms (default)
2019-09-25 10:46:12,563 [61124df1-009c-4638-aa5a-8c2de913e894@group-A5425C89B524:LeaderElection24] INFO  server.RaftServerConfigKeys (ConfUtils.java:logGet(43)) - raft.server.log.appender.install.snapshot.enabled = false (custom)
2019-09-25 10:46:12,564 [61124df1-009c-4638-aa5a-8c2de913e894@group-A5425C89B524:LeaderElection24] INFO  server.RaftServerConfigKeys (ConfUtils.java:logGet(43)) - raft.server.log.appender.snapshot.chunk.size.max = 16MB (=16777216) (default)
2019-09-25 10:46:12,564 [61124df1-009c-4638-aa5a-8c2de913e894@group-A5425C89B524:LeaderElection24] INFO  server.RaftServerConfigKeys (ConfUtils.java:logGet(43)) - raft.server.log.appender.buffer.byte-limit = 33554432 (custom)
2019-09-25 10:46:12,564 [61124df1-009c-4638-aa5a-8c2de913e894@group-A5425C89B524:LeaderElection24] INFO  server.RaftServerConfigKeys (ConfUtils.java:logGet(43)) - raft.server.log.appender.buffer.element-limit = 1 (custom)
2019-09-25 10:46:12,564 [61124df1-009c-4638-aa5a-8c2de913e894@group-A5425C89B524:LeaderElection24] INFO  grpc.GrpcConfigKeys$Server (ConfUtils.java:logGet(43)) - raft.grpc.server.leader.outstanding.appends.max = 128 (default)
2019-09-25 10:46:12,564 [61124df1-009c-4638-aa5a-8c2de913e894@group-A5425C89B524:LeaderElection24] INFO  server.RaftServerConfigKeys (ConfUtils.java:logGet(43)) - raft.server.rpc.request.timeout = 3000ms (default)
2019-09-25 10:46:12,564 [61124df1-009c-4638-aa5a-8c2de913e894@group-A5425C89B524:LeaderElection24] INFO  server.RaftServerConfigKeys (ConfUtils.java:logGet(43)) - raft.server.log.appender.install.snapshot.enabled = false (custom)
2019-09-25 10:46:12,565 [61124df1-009c-4638-aa5a-8c2de913e894@group-A5425C89B524:LeaderElection24] INFO  impl.RoleInfo (RoleInfo.java:updateAndGet(143)) - 61124df1-009c-4638-aa5a-8c2de913e894: start LeaderState
2019-09-25 10:46:12,565 [61124df1-009c-4638-aa5a-8c2de913e894@group-A5425C89B524:LeaderElection24] INFO  segmented.SegmentedRaftLogWorker (SegmentedRaftLogWorker.java:startLogSegment(380)) - 61124df1-009c-4638-aa5a-8c2de913e894@group-A5425C89B524-SegmentedRaftLogWorker: Starting segment from index:0
2019-09-25 10:46:12,566 [61124df1-009c-4638-aa5a-8c2de913e894@group-A5425C89B524:LeaderElection24] INFO  impl.RaftServerImpl (ServerState.java:setRaftConf(354)) - 61124df1-009c-4638-aa5a-8c2de913e894@group-A5425C89B524: set configuration 0: [d65383a8-5e7b-4702-94a1-f30c59e703ae:192.168.164.234:40862, 61124df1-009c-4638-aa5a-8c2de913e894:192.168.164.234:37220, 8fd6a8fc-1907-40b5-8fe0-7b694f87b35b:192.168.164.234:42284], old=null at 0
2019-09-25 10:46:12,613 [grpc-default-executor-4] INFO  impl.RaftServerImpl (ServerState.java:setLeader(253)) - d65383a8-5e7b-4702-94a1-f30c59e703ae@group-A5425C89B524: change Leader from null to 61124df1-009c-4638-aa5a-8c2de913e894 at term 1 for appendEntries, leader elected after 5209ms
2019-09-25 10:46:12,616 [grpc-default-executor-2] INFO  impl.RaftServerImpl (ServerState.java:setLeader(253)) - 8fd6a8fc-1907-40b5-8fe0-7b694f87b35b@group-A5425C89B524: change Leader from null to 61124df1-009c-4638-aa5a-8c2de913e894 at term 1 for appendEntries, leader elected after 5212ms
2019-09-25 10:46:12,620 [grpc-default-executor-2] INFO  impl.RaftServerImpl (ServerState.java:setRaftConf(354)) - d65383a8-5e7b-4702-94a1-f30c59e703ae@group-A5425C89B524: set configuration 0: [d65383a8-5e7b-4702-94a1-f30c59e703ae:192.168.164.234:40862, 61124df1-009c-4638-aa5a-8c2de913e894:192.168.164.234:37220, 8fd6a8fc-1907-40b5-8fe0-7b694f87b35b:192.168.164.234:42284], old=null at 0
2019-09-25 10:46:12,620 [grpc-default-executor-2] INFO  segmented.SegmentedRaftLogWorker (SegmentedRaftLogWorker.java:startLogSegment(380)) - d65383a8-5e7b-4702-94a1-f30c59e703ae@group-A5425C89B524-SegmentedRaftLogWorker: Starting segment from index:0
2019-09-25 10:46:12,621 [grpc-default-executor-4] INFO  impl.RaftServerImpl (ServerState.java:setRaftConf(354)) - 8fd6a8fc-1907-40b5-8fe0-7b694f87b35b@group-A5425C89B524: set configuration 0: [d65383a8-5e7b-4702-94a1-f30c59e703ae:192.168.164.234:40862, 61124df1-009c-4638-aa5a-8c2de913e894:192.168.164.234:37220, 8fd6a8fc-1907-40b5-8fe0-7b694f87b35b:192.168.164.234:42284], old=null at 0
2019-09-25 10:46:12,621 [grpc-default-executor-4] INFO  segmented.SegmentedRaftLogWorker (SegmentedRaftLogWorker.java:startLogSegment(380)) - 8fd6a8fc-1907-40b5-8fe0-7b694f87b35b@group-A5425C89B524-SegmentedRaftLogWorker: Starting segment from index:0
2019-09-25 10:46:12,659 [00008384-59d3-451f-b64d-d1f14470a714@group-1B1D3B05D62B-SegmentedRaftLogWorker] INFO  segmented.SegmentedRaftLogWorker (SegmentedRaftLogWorker.java:execute(569)) - 00008384-59d3-451f-b64d-d1f14470a714@group-1B1D3B05D62B-SegmentedRaftLogWorker: created new log segment /workdir/hadoop-ozone/integration-test/target/test-dir/MiniOzoneClusterImpl-98543f66-0f4c-4586-80e6-01b94623704d/datanode-2/data/ratis/e9bea230-6a68-4f56-bf80-1b1d3b05d62b/current/log_inprogress_0
2019-09-25 10:46:12,659 [61124df1-009c-4638-aa5a-8c2de913e894@group-A5425C89B524-SegmentedRaftLogWorker] INFO  segmented.SegmentedRaftLogWorker (SegmentedRaftLogWorker.java:execute(569)) - 61124df1-009c-4638-aa5a-8c2de913e894@group-A5425C89B524-SegmentedRaftLogWorker: created new log segment /workdir/hadoop-ozone/integration-test/target/test-dir/MiniOzoneClusterImpl-98543f66-0f4c-4586-80e6-01b94623704d/datanode-4/data/ratis/118e1ac5-121b-44a4-93b6-a5425c89b524/current/log_inprogress_0
2019-09-25 10:46:12,659 [6aa10c05-48fc-4ac9-9cd7-308cacba71f0@group-1B1D3B05D62B-SegmentedRaftLogWorker] INFO  segmented.SegmentedRaftLogWorker (SegmentedRaftLogWorker.java:execute(569)) - 6aa10c05-48fc-4ac9-9cd7-308cacba71f0@group-1B1D3B05D62B-SegmentedRaftLogWorker: created new log segment /workdir/hadoop-ozone/integration-test/target/test-dir/MiniOzoneClusterImpl-98543f66-0f4c-4586-80e6-01b94623704d/datanode-6/data/ratis/e9bea230-6a68-4f56-bf80-1b1d3b05d62b/current/log_inprogress_0
2019-09-25 10:46:12,672 [8fd6a8fc-1907-40b5-8fe0-7b694f87b35b@group-A5425C89B524-SegmentedRaftLogWorker] INFO  segmented.SegmentedRaftLogWorker (SegmentedRaftLogWorker.java:execute(569)) - 8fd6a8fc-1907-40b5-8fe0-7b694f87b35b@group-A5425C89B524-SegmentedRaftLogWorker: created new log segment /workdir/hadoop-ozone/integration-test/target/test-dir/MiniOzoneClusterImpl-98543f66-0f4c-4586-80e6-01b94623704d/datanode-0/data/ratis/118e1ac5-121b-44a4-93b6-a5425c89b524/current/log_inprogress_0
2019-09-25 10:46:12,672 [d65383a8-5e7b-4702-94a1-f30c59e703ae@group-A5425C89B524-SegmentedRaftLogWorker] INFO  segmented.SegmentedRaftLogWorker (SegmentedRaftLogWorker.java:execute(569)) - d65383a8-5e7b-4702-94a1-f30c59e703ae@group-A5425C89B524-SegmentedRaftLogWorker: created new log segment /workdir/hadoop-ozone/integration-test/target/test-dir/MiniOzoneClusterImpl-98543f66-0f4c-4586-80e6-01b94623704d/datanode-3/data/ratis/118e1ac5-121b-44a4-93b6-a5425c89b524/current/log_inprogress_0
2019-09-25 10:46:13,873 [RatisApplyTransactionExecutor 1] ERROR ratis.ContainerStateMachine (ContainerStateMachine.java:lambda$applyTransaction$6(721)) - gid group-1B1D3B05D62B : ApplyTransaction failed. cmd CreateContainer logIndex 7 exception {}
java.lang.IllegalArgumentException
	at com.google.common.base.Preconditions.checkArgument(Preconditions.java:72)
	at org.apache.hadoop.ozone.container.keyvalue.KeyValueHandler.handleCreateContainer(KeyValueHandler.java:215)
	at org.apache.hadoop.ozone.container.keyvalue.KeyValueHandler.handle(KeyValueHandler.java:152)
	at org.apache.hadoop.ozone.container.common.impl.HddsDispatcher.dispatchRequest(HddsDispatcher.java:275)
	at org.apache.hadoop.ozone.container.common.impl.HddsDispatcher.dispatch(HddsDispatcher.java:150)
	at org.apache.hadoop.ozone.container.common.transport.server.ratis.ContainerStateMachine.dispatchCommand(ContainerStateMachine.java:401)
	at org.apache.hadoop.ozone.container.common.transport.server.ratis.ContainerStateMachine.runCommand(ContainerStateMachine.java:409)
	at org.apache.hadoop.ozone.container.common.transport.server.ratis.ContainerStateMachine.lambda$applyTransaction$6(ContainerStateMachine.java:719)
	at java.util.concurrent.CompletableFuture$AsyncSupply.run(CompletableFuture.java:1590)
	at java.util.concurrent.ThreadPoolExecutor.runWorker(ThreadPoolExecutor.java:1149)
	at java.util.concurrent.ThreadPoolExecutor$Worker.run(ThreadPoolExecutor.java:624)
	at java.lang.Thread.run(Thread.java:748)
2019-09-25 10:46:13,877 [RatisApplyTransactionExecutor 1] ERROR ratis.ContainerStateMachine (ContainerStateMachine.java:lambda$applyTransaction$6(721)) - gid group-1B1D3B05D62B : ApplyTransaction failed. cmd CreateContainer logIndex 7 exception {}
java.lang.IllegalArgumentException
	at com.google.common.base.Preconditions.checkArgument(Preconditions.java:72)
	at org.apache.hadoop.ozone.container.keyvalue.KeyValueHandler.handleCreateContainer(KeyValueHandler.java:215)
	at org.apache.hadoop.ozone.container.keyvalue.KeyValueHandler.handle(KeyValueHandler.java:152)
	at org.apache.hadoop.ozone.container.common.impl.HddsDispatcher.dispatchRequest(HddsDispatcher.java:275)
	at org.apache.hadoop.ozone.container.common.impl.HddsDispatcher.dispatch(HddsDispatcher.java:150)
	at org.apache.hadoop.ozone.container.common.transport.server.ratis.ContainerStateMachine.dispatchCommand(ContainerStateMachine.java:401)
	at org.apache.hadoop.ozone.container.common.transport.server.ratis.ContainerStateMachine.runCommand(ContainerStateMachine.java:409)
	at org.apache.hadoop.ozone.container.common.transport.server.ratis.ContainerStateMachine.lambda$applyTransaction$6(ContainerStateMachine.java:719)
	at java.util.concurrent.CompletableFuture$AsyncSupply.run(CompletableFuture.java:1590)
	at java.util.concurrent.ThreadPoolExecutor.runWorker(ThreadPoolExecutor.java:1149)
	at java.util.concurrent.ThreadPoolExecutor$Worker.run(ThreadPoolExecutor.java:624)
	at java.lang.Thread.run(Thread.java:748)
2019-09-25 10:46:13,878 [RatisApplyTransactionExecutor 1] ERROR ratis.ContainerStateMachine (ContainerStateMachine.java:lambda$applyTransaction$6(721)) - gid group-1B1D3B05D62B : ApplyTransaction failed. cmd CreateContainer logIndex 7 exception {}
java.lang.IllegalArgumentException
	at com.google.common.base.Preconditions.checkArgument(Preconditions.java:72)
	at org.apache.hadoop.ozone.container.keyvalue.KeyValueHandler.handleCreateContainer(KeyValueHandler.java:215)
	at org.apache.hadoop.ozone.container.keyvalue.KeyValueHandler.handle(KeyValueHandler.java:152)
	at org.apache.hadoop.ozone.container.common.impl.HddsDispatcher.dispatchRequest(HddsDispatcher.java:275)
	at org.apache.hadoop.ozone.container.common.impl.HddsDispatcher.dispatch(HddsDispatcher.java:150)
	at org.apache.hadoop.ozone.container.common.transport.server.ratis.ContainerStateMachine.dispatchCommand(ContainerStateMachine.java:401)
	at org.apache.hadoop.ozone.container.common.transport.server.ratis.ContainerStateMachine.runCommand(ContainerStateMachine.java:409)
	at org.apache.hadoop.ozone.container.common.transport.server.ratis.ContainerStateMachine.lambda$applyTransaction$6(ContainerStateMachine.java:719)
	at java.util.concurrent.CompletableFuture$AsyncSupply.run(CompletableFuture.java:1590)
	at java.util.concurrent.ThreadPoolExecutor.runWorker(ThreadPoolExecutor.java:1149)
	at java.util.concurrent.ThreadPoolExecutor$Worker.run(ThreadPoolExecutor.java:624)
	at java.lang.Thread.run(Thread.java:748)
2019-09-25 10:47:45,677 [main] INFO  ozone.MiniOzoneClusterImpl (MiniOzoneClusterImpl.java:shutdown(314)) - Shutting down the Mini Ozone Cluster
2019-09-25 10:47:45,679 [main] INFO  ozone.MiniOzoneClusterImpl (MiniOzoneClusterImpl.java:stop(330)) - Stopping the Mini Ozone Cluster
2019-09-25 10:47:45,679 [main] INFO  ozone.MiniOzoneClusterImpl (MiniOzoneClusterImpl.java:stopOM(400)) - Stopping the OzoneManager
2019-09-25 10:47:45,679 [main] INFO  ipc.Server (Server.java:stop(3082)) - Stopping server on 36330
2019-09-25 10:47:45,697 [main] INFO  ratis.OzoneManagerDoubleBuffer (OzoneManagerDoubleBuffer.java:stop(248)) - Stopping OMDoubleBuffer flush thread
2019-09-25 10:47:45,700 [IPC Server Responder] INFO  ipc.Server (Server.java:run(1319)) - Stopping IPC Server Responder
2019-09-25 10:47:45,697 [IPC Server listener on 36330] INFO  ipc.Server (Server.java:run(1185)) - Stopping IPC Server listener on 36330
2019-09-25 10:47:45,720 [OMDoubleBufferFlushThread] INFO  ratis.OzoneManagerDoubleBuffer (OzoneManagerDoubleBuffer.java:flushTransactions(191)) - OMDoubleBuffer flush thread OMDoubleBufferFlushThread is interrupted and will exit. OMDoubleBufferFlushThread
2019-09-25 10:47:45,723 [main] INFO  utils.BackgroundService (BackgroundService.java:shutdown(148)) - Shutting down service KeyDeletingService
2019-09-25 10:47:45,726 [main] INFO  handler.ContextHandler (ContextHandler.java:doStop(910)) - Stopped o.e.j.w.WebAppContext@630390b9{/,null,UNAVAILABLE}{/ozoneManager}
2019-09-25 10:47:45,727 [main] INFO  server.AbstractConnector (AbstractConnector.java:doStop(318)) - Stopped ServerConnector@6690b9fa{HTTP/1.1,[http/1.1]}{0.0.0.0:0}
2019-09-25 10:47:45,727 [main] INFO  handler.ContextHandler (ContextHandler.java:doStop(910)) - Stopped o.e.j.s.ServletContextHandler@4eb9f2af{/static,file:///workdir/hadoop-ozone/integration-test/target/test-classes/webapps/static,UNAVAILABLE}
2019-09-25 10:47:45,727 [main] INFO  handler.ContextHandler (ContextHandler.java:doStop(910)) - Stopped o.e.j.s.ServletContextHandler@1682c08c{/logs,file:///workdir/hadoop-ozone/integration-test/target/log,UNAVAILABLE}
2019-09-25 10:47:45,731 [main] INFO  ozone.MiniOzoneClusterImpl (MiniOzoneClusterImpl.java:stopDatanodes(377)) - Stopping the HddsDatanodes
2019-09-25 10:47:45,875 [Datanode State Machine Thread - 0] INFO  statemachine.DatanodeStateMachine (DatanodeStateMachine.java:lambda$startDaemon$0(350)) - Ozone container server started.
2019-09-25 10:47:46,069 [Datanode State Machine Thread - 0] INFO  statemachine.DatanodeStateMachine (DatanodeStateMachine.java:lambda$startDaemon$0(350)) - Ozone container server started.
2019-09-25 10:47:50,733 [main] INFO  ozoneimpl.OzoneContainer (OzoneContainer.java:stop(231)) - Attempting to stop container services.
2019-09-25 10:47:50,733 [ForkJoinPool.commonPool-worker-0] INFO  ozoneimpl.OzoneContainer (OzoneContainer.java:stop(231)) - Attempting to stop container services.
2019-09-25 10:47:50,735 [main] INFO  impl.RaftServerProxy (RaftServerProxy.java:lambda$close$4(314)) - 61124df1-009c-4638-aa5a-8c2de913e894: close
2019-09-25 10:47:50,735 [ForkJoinPool.commonPool-worker-0] INFO  impl.RaftServerProxy (RaftServerProxy.java:lambda$close$4(314)) - 7a949e52-d361-4472-b94e-f2b9035b6b4f: close
2019-09-25 10:47:50,736 [main] INFO  impl.RaftServerImpl (RaftServerImpl.java:lambda$shutdown$3(251)) - 61124df1-009c-4638-aa5a-8c2de913e894@group-012C95686DBA: shutdown
2019-09-25 10:47:50,736 [ForkJoinPool.commonPool-worker-0] INFO  impl.RaftServerImpl (RaftServerImpl.java:lambda$shutdown$3(251)) - 7a949e52-d361-4472-b94e-f2b9035b6b4f@group-1B1D3B05D62B: shutdown
2019-09-25 10:47:50,737 [main] INFO  util.JmxRegister (JmxRegister.java:unregister(73)) - Successfully un-registered JMX Bean with object name Ratis:service=RaftServer,group=group-012C95686DBA,id=61124df1-009c-4638-aa5a-8c2de913e894
2019-09-25 10:47:50,737 [ForkJoinPool.commonPool-worker-0] INFO  util.JmxRegister (JmxRegister.java:unregister(73)) - Successfully un-registered JMX Bean with object name Ratis:service=RaftServer,group=group-1B1D3B05D62B,id=7a949e52-d361-4472-b94e-f2b9035b6b4f
2019-09-25 10:47:50,737 [main] INFO  impl.RoleInfo (RoleInfo.java:shutdownLeaderState(104)) - 61124df1-009c-4638-aa5a-8c2de913e894: shutdown LeaderState
2019-09-25 10:47:50,738 [ForkJoinPool.commonPool-worker-0] INFO  impl.RoleInfo (RoleInfo.java:shutdownLeaderState(104)) - 7a949e52-d361-4472-b94e-f2b9035b6b4f: shutdown LeaderState
2019-09-25 10:47:50,738 [main] INFO  impl.PendingRequests (PendingRequests.java:sendNotLeaderResponses(202)) - 61124df1-009c-4638-aa5a-8c2de913e894-PendingRequests: sendNotLeaderResponses
2019-09-25 10:47:50,744 [org.apache.ratis.server.impl.LogAppender$AppenderDaemon$$Lambda$513/1257798711@710f09d9] WARN  server.GrpcLogAppender (GrpcLogAppender.java:mayWait(143)) - 7a949e52-d361-4472-b94e-f2b9035b6b4f@group-1B1D3B05D62B->6aa10c05-48fc-4ac9-9cd7-308cacba71f0-GrpcLogAppender: Wait interrupted by java.lang.InterruptedException
2019-09-25 10:47:50,744 [org.apache.ratis.server.impl.LogAppender$AppenderDaemon$$Lambda$513/1257798711@60b92a3e] WARN  server.GrpcLogAppender (GrpcLogAppender.java:mayWait(143)) - 7a949e52-d361-4472-b94e-f2b9035b6b4f@group-1B1D3B05D62B->00008384-59d3-451f-b64d-d1f14470a714-GrpcLogAppender: Wait interrupted by java.lang.InterruptedException
2019-09-25 10:47:50,744 [ForkJoinPool.commonPool-worker-0] INFO  impl.PendingRequests (PendingRequests.java:sendNotLeaderResponses(202)) - 7a949e52-d361-4472-b94e-f2b9035b6b4f-PendingRequests: sendNotLeaderResponses
2019-09-25 10:47:50,747 [ForkJoinPool.commonPool-worker-0] INFO  impl.StateMachineUpdater (StateMachineUpdater.java:stopAndJoin(125)) - 7a949e52-d361-4472-b94e-f2b9035b6b4f@group-1B1D3B05D62B-StateMachineUpdater: set stopIndex = 8
2019-09-25 10:47:50,747 [7a949e52-d361-4472-b94e-f2b9035b6b4f@group-1B1D3B05D62B-StateMachineUpdater] INFO  ratis.ContainerStateMachine (ContainerStateMachine.java:takeSnapshot(289)) - group-1B1D3B05D62B: Taking a snapshot at:(t:1, i:6) file /workdir/hadoop-ozone/integration-test/target/test-dir/MiniOzoneClusterImpl-98543f66-0f4c-4586-80e6-01b94623704d/datanode-1/data/ratis/e9bea230-6a68-4f56-bf80-1b1d3b05d62b/sm/snapshot.1_6
2019-09-25 10:47:50,747 [main] INFO  impl.StateMachineUpdater (StateMachineUpdater.java:stopAndJoin(125)) - 61124df1-009c-4638-aa5a-8c2de913e894@group-012C95686DBA-StateMachineUpdater: set stopIndex = 0
2019-09-25 10:47:50,747 [grpc-default-executor-3] INFO  server.GrpcServerProtocolService (GrpcServerProtocolService.java:onCompleted(113)) - 00008384-59d3-451f-b64d-d1f14470a714: Completed APPEND_ENTRIES, lastRequest: 7a949e52-d361-4472-b94e-f2b9035b6b4f->00008384-59d3-451f-b64d-d1f14470a714#47-t1, previous=(t:1, i:8), leaderCommit=8, initializing? false, entries: <empty>
2019-09-25 10:47:50,747 [grpc-default-executor-2] INFO  server.GrpcServerProtocolService (GrpcServerProtocolService.java:onCompleted(113)) - 6aa10c05-48fc-4ac9-9cd7-308cacba71f0: Completed APPEND_ENTRIES, lastRequest: 7a949e52-d361-4472-b94e-f2b9035b6b4f->6aa10c05-48fc-4ac9-9cd7-308cacba71f0#47-t1, previous=(t:1, i:8), leaderCommit=8, initializing? false, entries: <empty>
2019-09-25 10:47:50,748 [main] INFO  impl.RaftServerImpl (ServerState.java:close(385)) - 61124df1-009c-4638-aa5a-8c2de913e894@group-012C95686DBA: closes. applyIndex: 0
2019-09-25 10:47:50,749 [grpc-default-executor-3] INFO  server.GrpcLogAppender (GrpcLogAppender.java:onCompleted(293)) - 7a949e52-d361-4472-b94e-f2b9035b6b4f@group-1B1D3B05D62B->00008384-59d3-451f-b64d-d1f14470a714-AppendLogResponseHandler: follower responses appendEntries COMPLETED
2019-09-25 10:47:50,749 [61124df1-009c-4638-aa5a-8c2de913e894@group-012C95686DBA-SegmentedRaftLogWorker] INFO  segmented.SegmentedRaftLogWorker (SegmentedRaftLogWorker.java:run(313)) - 61124df1-009c-4638-aa5a-8c2de913e894@group-012C95686DBA-SegmentedRaftLogWorker was interrupted, exiting. There are 0 tasks remaining in the queue.
2019-09-25 10:47:50,749 [grpc-default-executor-2] INFO  server.GrpcLogAppender (GrpcLogAppender.java:onCompleted(293)) - 7a949e52-d361-4472-b94e-f2b9035b6b4f@group-1B1D3B05D62B->6aa10c05-48fc-4ac9-9cd7-308cacba71f0-AppendLogResponseHandler: follower responses appendEntries COMPLETED
2019-09-25 10:47:50,752 [grpc-default-executor-3] INFO  impl.FollowerInfo (FollowerInfo.java:lambda$new$0(51)) - 7a949e52-d361-4472-b94e-f2b9035b6b4f@group-1B1D3B05D62B->00008384-59d3-451f-b64d-d1f14470a714: nextIndex: updateUnconditionally 9 -> 8
2019-09-25 10:47:50,752 [grpc-default-executor-2] INFO  impl.FollowerInfo (FollowerInfo.java:lambda$new$0(51)) - 7a949e52-d361-4472-b94e-f2b9035b6b4f@group-1B1D3B05D62B->6aa10c05-48fc-4ac9-9cd7-308cacba71f0: nextIndex: updateUnconditionally 9 -> 8
2019-09-25 10:47:50,758 [main] INFO  segmented.SegmentedRaftLogWorker (SegmentedRaftLogWorker.java:close(228)) - 61124df1-009c-4638-aa5a-8c2de913e894@group-012C95686DBA-SegmentedRaftLogWorker close()
2019-09-25 10:47:50,763 [main] INFO  impl.RaftServerImpl (RaftServerImpl.java:lambda$shutdown$3(251)) - 61124df1-009c-4638-aa5a-8c2de913e894@group-A5425C89B524: shutdown
2019-09-25 10:47:50,763 [main] INFO  util.JmxRegister (JmxRegister.java:unregister(73)) - Successfully un-registered JMX Bean with object name Ratis:service=RaftServer,group=group-A5425C89B524,id=61124df1-009c-4638-aa5a-8c2de913e894
2019-09-25 10:47:50,764 [main] INFO  impl.RoleInfo (RoleInfo.java:shutdownLeaderState(104)) - 61124df1-009c-4638-aa5a-8c2de913e894: shutdown LeaderState
2019-09-25 10:47:50,768 [main] INFO  impl.PendingRequests (PendingRequests.java:sendNotLeaderResponses(202)) - 61124df1-009c-4638-aa5a-8c2de913e894-PendingRequests: sendNotLeaderResponses
2019-09-25 10:47:50,768 [org.apache.ratis.server.impl.LogAppender$AppenderDaemon$$Lambda$513/1257798711@790ae7cf] WARN  server.GrpcLogAppender (GrpcLogAppender.java:mayWait(143)) - 61124df1-009c-4638-aa5a-8c2de913e894@group-A5425C89B524->d65383a8-5e7b-4702-94a1-f30c59e703ae-GrpcLogAppender: Wait interrupted by java.lang.InterruptedException
2019-09-25 10:47:50,768 [org.apache.ratis.server.impl.LogAppender$AppenderDaemon$$Lambda$513/1257798711@4fe66771] WARN  server.GrpcLogAppender (GrpcLogAppender.java:mayWait(143)) - 61124df1-009c-4638-aa5a-8c2de913e894@group-A5425C89B524->8fd6a8fc-1907-40b5-8fe0-7b694f87b35b-GrpcLogAppender: Wait interrupted by java.lang.InterruptedException
2019-09-25 10:47:50,768 [7a949e52-d361-4472-b94e-f2b9035b6b4f@group-1B1D3B05D62B-StateMachineUpdater] INFO  ratis.ContainerStateMachine (ContainerStateMachine.java:takeSnapshot(300)) - group-1B1D3B05D62B: Finished taking a snapshot at:(t:1, i:6) file:/workdir/hadoop-ozone/integration-test/target/test-dir/MiniOzoneClusterImpl-98543f66-0f4c-4586-80e6-01b94623704d/datanode-1/data/ratis/e9bea230-6a68-4f56-bf80-1b1d3b05d62b/sm/snapshot.1_6 time:21
2019-09-25 10:47:50,768 [main] INFO  impl.StateMachineUpdater (StateMachineUpdater.java:stopAndJoin(125)) - 61124df1-009c-4638-aa5a-8c2de913e894@group-A5425C89B524-StateMachineUpdater: set stopIndex = 0
2019-09-25 10:47:50,769 [7a949e52-d361-4472-b94e-f2b9035b6b4f@group-1B1D3B05D62B-StateMachineUpdater] INFO  impl.StateMachineUpdater (StateMachineUpdater.java:takeSnapshot(258)) - 7a949e52-d361-4472-b94e-f2b9035b6b4f@group-1B1D3B05D62B-StateMachineUpdater: Took a snapshot at index 6
2019-09-25 10:47:50,769 [grpc-default-executor-3] INFO  server.GrpcServerProtocolService (GrpcServerProtocolService.java:onCompleted(113)) - 8fd6a8fc-1907-40b5-8fe0-7b694f87b35b: Completed APPEND_ENTRIES, lastRequest: 61124df1-009c-4638-aa5a-8c2de913e894->8fd6a8fc-1907-40b5-8fe0-7b694f87b35b#40-t1, previous=(t:1, i:0), leaderCommit=0, initializing? false, entries: <empty>
2019-09-25 10:47:50,769 [grpc-default-executor-2] INFO  server.GrpcServerProtocolService (GrpcServerProtocolService.java:onCompleted(113)) - d65383a8-5e7b-4702-94a1-f30c59e703ae: Completed APPEND_ENTRIES, lastRequest: 61124df1-009c-4638-aa5a-8c2de913e894->d65383a8-5e7b-4702-94a1-f30c59e703ae#40-t1, previous=(t:1, i:0), leaderCommit=0, initializing? false, entries: <empty>
2019-09-25 10:47:50,769 [main] INFO  impl.RaftServerImpl (ServerState.java:close(385)) - 61124df1-009c-4638-aa5a-8c2de913e894@group-A5425C89B524: closes. applyIndex: 0
2019-09-25 10:47:50,769 [7a949e52-d361-4472-b94e-f2b9035b6b4f@group-1B1D3B05D62B-StateMachineUpdater] INFO  impl.StateMachineUpdater (StateMachineUpdater.java:lambda$new$0(83)) - 7a949e52-d361-4472-b94e-f2b9035b6b4f@group-1B1D3B05D62B-StateMachineUpdater: snapshotIndex: updateIncreasingly -1 -> 6
2019-09-25 10:47:50,770 [grpc-default-executor-2] INFO  server.GrpcLogAppender (GrpcLogAppender.java:onCompleted(293)) - 61124df1-009c-4638-aa5a-8c2de913e894@group-A5425C89B524->d65383a8-5e7b-4702-94a1-f30c59e703ae-AppendLogResponseHandler: follower responses appendEntries COMPLETED
2019-09-25 10:47:50,769 [grpc-default-executor-3] INFO  server.GrpcLogAppender (GrpcLogAppender.java:onCompleted(293)) - 61124df1-009c-4638-aa5a-8c2de913e894@group-A5425C89B524->8fd6a8fc-1907-40b5-8fe0-7b694f87b35b-AppendLogResponseHandler: follower responses appendEntries COMPLETED
2019-09-25 10:47:50,770 [grpc-default-executor-2] INFO  impl.FollowerInfo (FollowerInfo.java:lambda$new$0(51)) - 61124df1-009c-4638-aa5a-8c2de913e894@group-A5425C89B524->d65383a8-5e7b-4702-94a1-f30c59e703ae: nextIndex: updateUnconditionally 1 -> 0
2019-09-25 10:47:50,770 [7a949e52-d361-4472-b94e-f2b9035b6b4f@group-1B1D3B05D62B-StateMachineUpdater] INFO  ratis.ContainerStateMachine (ContainerStateMachine.java:takeSnapshot(289)) - group-1B1D3B05D62B: Taking a snapshot at:(t:1, i:6) file /workdir/hadoop-ozone/integration-test/target/test-dir/MiniOzoneClusterImpl-98543f66-0f4c-4586-80e6-01b94623704d/datanode-1/data/ratis/e9bea230-6a68-4f56-bf80-1b1d3b05d62b/sm/snapshot.1_6
2019-09-25 10:47:50,770 [61124df1-009c-4638-aa5a-8c2de913e894@group-A5425C89B524-SegmentedRaftLogWorker] INFO  segmented.SegmentedRaftLogWorker (SegmentedRaftLogWorker.java:run(313)) - 61124df1-009c-4638-aa5a-8c2de913e894@group-A5425C89B524-SegmentedRaftLogWorker was interrupted, exiting. There are 0 tasks remaining in the queue.
2019-09-25 10:47:50,770 [grpc-default-executor-3] INFO  impl.FollowerInfo (FollowerInfo.java:lambda$new$0(51)) - 61124df1-009c-4638-aa5a-8c2de913e894@group-A5425C89B524->8fd6a8fc-1907-40b5-8fe0-7b694f87b35b: nextIndex: updateUnconditionally 1 -> 0
2019-09-25 10:47:50,773 [main] INFO  segmented.SegmentedRaftLogWorker (SegmentedRaftLogWorker.java:close(228)) - 61124df1-009c-4638-aa5a-8c2de913e894@group-A5425C89B524-SegmentedRaftLogWorker close()
2019-09-25 10:47:50,777 [main] INFO  server.GrpcService (GrpcService.java:closeImpl(164)) - 61124df1-009c-4638-aa5a-8c2de913e894: shutdown server with port 37220 now
2019-09-25 10:47:50,778 [main] INFO  server.GrpcService (GrpcService.java:closeImpl(172)) - 61124df1-009c-4638-aa5a-8c2de913e894: shutdown server with port 37220 successfully
2019-09-25 10:47:50,784 [refreshUsed-/workdir/hadoop-ozone/integration-test/target/test-dir/MiniOzoneClusterImpl-98543f66-0f4c-4586-80e6-01b94623704d/datanode-4/data/containers] WARN  fs.CachingGetSpaceUsed (CachingGetSpaceUsed.java:run(183)) - Thread Interrupted waiting to refresh disk information: sleep interrupted
2019-09-25 10:47:50,792 [7a949e52-d361-4472-b94e-f2b9035b6b4f@group-1B1D3B05D62B-StateMachineUpdater] INFO  ratis.ContainerStateMachine (ContainerStateMachine.java:takeSnapshot(300)) - group-1B1D3B05D62B: Finished taking a snapshot at:(t:1, i:6) file:/workdir/hadoop-ozone/integration-test/target/test-dir/MiniOzoneClusterImpl-98543f66-0f4c-4586-80e6-01b94623704d/datanode-1/data/ratis/e9bea230-6a68-4f56-bf80-1b1d3b05d62b/sm/snapshot.1_6 time:23
2019-09-25 10:47:50,793 [7a949e52-d361-4472-b94e-f2b9035b6b4f@group-1B1D3B05D62B-StateMachineUpdater] INFO  impl.StateMachineUpdater (StateMachineUpdater.java:takeSnapshot(258)) - 7a949e52-d361-4472-b94e-f2b9035b6b4f@group-1B1D3B05D62B-StateMachineUpdater: Took a snapshot at index 6
2019-09-25 10:47:50,793 [7a949e52-d361-4472-b94e-f2b9035b6b4f@group-1B1D3B05D62B-StateMachineUpdater] INFO  impl.StateMachineUpdater (StateMachineUpdater.java:lambda$new$0(83)) - 7a949e52-d361-4472-b94e-f2b9035b6b4f@group-1B1D3B05D62B-StateMachineUpdater: snapshotIndex: updateIncreasingly 6 -> 6
2019-09-25 10:47:50,793 [ForkJoinPool.commonPool-worker-0] INFO  impl.RaftServerImpl (ServerState.java:close(385)) - 7a949e52-d361-4472-b94e-f2b9035b6b4f@group-1B1D3B05D62B: closes. applyIndex: 8
2019-09-25 10:47:50,793 [7a949e52-d361-4472-b94e-f2b9035b6b4f@group-1B1D3B05D62B-SegmentedRaftLogWorker] INFO  segmented.SegmentedRaftLogWorker (SegmentedRaftLogWorker.java:run(313)) - 7a949e52-d361-4472-b94e-f2b9035b6b4f@group-1B1D3B05D62B-SegmentedRaftLogWorker was interrupted, exiting. There are 0 tasks remaining in the queue.
2019-09-25 10:47:50,795 [ForkJoinPool.commonPool-worker-0] INFO  segmented.SegmentedRaftLogWorker (SegmentedRaftLogWorker.java:close(228)) - 7a949e52-d361-4472-b94e-f2b9035b6b4f@group-1B1D3B05D62B-SegmentedRaftLogWorker close()
2019-09-25 10:47:50,799 [ForkJoinPool.commonPool-worker-0] INFO  impl.RaftServerImpl (RaftServerImpl.java:lambda$shutdown$3(251)) - 7a949e52-d361-4472-b94e-f2b9035b6b4f@group-E3A780AB1A98: shutdown
2019-09-25 10:47:50,799 [ForkJoinPool.commonPool-worker-0] INFO  util.JmxRegister (JmxRegister.java:unregister(73)) - Successfully un-registered JMX Bean with object name Ratis:service=RaftServer,group=group-E3A780AB1A98,id=7a949e52-d361-4472-b94e-f2b9035b6b4f
2019-09-25 10:47:50,800 [ForkJoinPool.commonPool-worker-0] INFO  impl.RoleInfo (RoleInfo.java:shutdownLeaderState(104)) - 7a949e52-d361-4472-b94e-f2b9035b6b4f: shutdown LeaderState
2019-09-25 10:47:50,800 [ForkJoinPool.commonPool-worker-0] INFO  impl.PendingRequests (PendingRequests.java:sendNotLeaderResponses(202)) - 7a949e52-d361-4472-b94e-f2b9035b6b4f-PendingRequests: sendNotLeaderResponses
2019-09-25 10:47:50,800 [ForkJoinPool.commonPool-worker-0] INFO  impl.StateMachineUpdater (StateMachineUpdater.java:stopAndJoin(125)) - 7a949e52-d361-4472-b94e-f2b9035b6b4f@group-E3A780AB1A98-StateMachineUpdater: set stopIndex = 0
2019-09-25 10:47:50,800 [ForkJoinPool.commonPool-worker-0] INFO  impl.RaftServerImpl (ServerState.java:close(385)) - 7a949e52-d361-4472-b94e-f2b9035b6b4f@group-E3A780AB1A98: closes. applyIndex: 0
2019-09-25 10:47:50,801 [7a949e52-d361-4472-b94e-f2b9035b6b4f@group-E3A780AB1A98-SegmentedRaftLogWorker] INFO  segmented.SegmentedRaftLogWorker (SegmentedRaftLogWorker.java:run(313)) - 7a949e52-d361-4472-b94e-f2b9035b6b4f@group-E3A780AB1A98-SegmentedRaftLogWorker was interrupted, exiting. There are 0 tasks remaining in the queue.
2019-09-25 10:47:50,803 [ForkJoinPool.commonPool-worker-0] INFO  segmented.SegmentedRaftLogWorker (SegmentedRaftLogWorker.java:close(228)) - 7a949e52-d361-4472-b94e-f2b9035b6b4f@group-E3A780AB1A98-SegmentedRaftLogWorker close()
2019-09-25 10:47:50,816 [ForkJoinPool.commonPool-worker-0] INFO  server.GrpcService (GrpcService.java:closeImpl(164)) - 7a949e52-d361-4472-b94e-f2b9035b6b4f: shutdown server with port 34433 now
2019-09-25 10:47:50,816 [ForkJoinPool.commonPool-worker-0] INFO  server.GrpcService (GrpcService.java:closeImpl(172)) - 7a949e52-d361-4472-b94e-f2b9035b6b4f: shutdown server with port 34433 successfully
2019-09-25 10:47:50,819 [main] INFO  utils.BackgroundService (BackgroundService.java:shutdown(148)) - Shutting down service BlockDeletingService
2019-09-25 10:47:50,822 [refreshUsed-/workdir/hadoop-ozone/integration-test/target/test-dir/MiniOzoneClusterImpl-98543f66-0f4c-4586-80e6-01b94623704d/datanode-1/data/containers] WARN  fs.CachingGetSpaceUsed (CachingGetSpaceUsed.java:run(183)) - Thread Interrupted waiting to refresh disk information: sleep interrupted
2019-09-25 10:47:50,826 [main] INFO  statemachine.DatanodeStateMachine (DatanodeStateMachine.java:stopDaemon(395)) - Ozone container server stopped.
2019-09-25 10:47:50,828 [main] INFO  handler.ContextHandler (ContextHandler.java:doStop(910)) - Stopped o.e.j.w.WebAppContext@71cea1b8{/,null,UNAVAILABLE}{/hddsDatanode}
2019-09-25 10:47:50,829 [main] INFO  server.AbstractConnector (AbstractConnector.java:doStop(318)) - Stopped ServerConnector@659f226a{HTTP/1.1,[http/1.1]}{0.0.0.0:0}
2019-09-25 10:47:50,829 [main] INFO  handler.ContextHandler (ContextHandler.java:doStop(910)) - Stopped o.e.j.s.ServletContextHandler@7980cf2c{/static,jar:file:/home/user/.m2/repository/org/apache/hadoop/hadoop-hdds-container-service/0.5.0-SNAPSHOT/hadoop-hdds-container-service-0.5.0-SNAPSHOT.jar!/webapps/static,UNAVAILABLE}
2019-09-25 10:47:50,830 [main] INFO  handler.ContextHandler (ContextHandler.java:doStop(910)) - Stopped o.e.j.s.ServletContextHandler@3b4825f0{/logs,file:///workdir/hadoop-ozone/integration-test/target/log,UNAVAILABLE}
2019-09-25 10:47:50,841 [ForkJoinPool.commonPool-worker-0] INFO  utils.BackgroundService (BackgroundService.java:shutdown(148)) - Shutting down service BlockDeletingService
2019-09-25 10:47:50,845 [ForkJoinPool.commonPool-worker-0] INFO  statemachine.DatanodeStateMachine (DatanodeStateMachine.java:stopDaemon(395)) - Ozone container server stopped.
2019-09-25 10:47:50,849 [ForkJoinPool.commonPool-worker-0] INFO  handler.ContextHandler (ContextHandler.java:doStop(910)) - Stopped o.e.j.w.WebAppContext@1bf14704{/,null,UNAVAILABLE}{/hddsDatanode}
2019-09-25 10:47:50,850 [ForkJoinPool.commonPool-worker-0] INFO  server.AbstractConnector (AbstractConnector.java:doStop(318)) - Stopped ServerConnector@5a545b0f{HTTP/1.1,[http/1.1]}{0.0.0.0:0}
2019-09-25 10:47:50,851 [ForkJoinPool.commonPool-worker-0] INFO  handler.ContextHandler (ContextHandler.java:doStop(910)) - Stopped o.e.j.s.ServletContextHandler@6fff46bf{/static,jar:file:/home/user/.m2/repository/org/apache/hadoop/hadoop-hdds-container-service/0.5.0-SNAPSHOT/hadoop-hdds-container-service-0.5.0-SNAPSHOT.jar!/webapps/static,UNAVAILABLE}
2019-09-25 10:47:50,853 [ForkJoinPool.commonPool-worker-0] INFO  handler.ContextHandler (ContextHandler.java:doStop(910)) - Stopped o.e.j.s.ServletContextHandler@748ac6f3{/logs,file:///workdir/hadoop-ozone/integration-test/target/log,UNAVAILABLE}
2019-09-25 10:47:50,910 [Datanode State Machine Thread - 0] INFO  statemachine.DatanodeStateMachine (DatanodeStateMachine.java:lambda$startDaemon$0(350)) - Ozone container server started.
2019-09-25 10:47:51,009 [Datanode State Machine Thread - 0] INFO  statemachine.DatanodeStateMachine (DatanodeStateMachine.java:lambda$startDaemon$0(350)) - Ozone container server started.
2019-09-25 10:47:54,427 [Thread-782] INFO  impl.FollowerState (FollowerState.java:run(106)) - 00008384-59d3-451f-b64d-d1f14470a714:group-1B1D3B05D62B changes to CANDIDATE, lastRpcTime:5164, electionTimeout:5041ms
2019-09-25 10:47:54,429 [Thread-782] INFO  impl.RoleInfo (RoleInfo.java:shutdownFollowerState(121)) - 00008384-59d3-451f-b64d-d1f14470a714: shutdown FollowerState
2019-09-25 10:47:54,429 [Thread-782] INFO  impl.RaftServerImpl (RaftServerImpl.java:setRole(174)) - 00008384-59d3-451f-b64d-d1f14470a714@group-1B1D3B05D62B: changes role from  FOLLOWER to CANDIDATE at term 1 for changeToCandidate
2019-09-25 10:47:54,430 [Thread-782] INFO  impl.RoleInfo (RoleInfo.java:updateAndGet(143)) - 00008384-59d3-451f-b64d-d1f14470a714: start LeaderElection
2019-09-25 10:47:54,435 [00008384-59d3-451f-b64d-d1f14470a714@group-1B1D3B05D62B:LeaderElection25] INFO  impl.RaftServerImpl (ServerState.java:setLeader(253)) - 00008384-59d3-451f-b64d-d1f14470a714@group-1B1D3B05D62B: change Leader from 7a949e52-d361-4472-b94e-f2b9035b6b4f to null at term 1 for initElection
2019-09-25 10:47:54,451 [00008384-59d3-451f-b64d-d1f14470a714@group-1B1D3B05D62B:LeaderElection25] INFO  impl.LeaderElection (LeaderElection.java:askForVotes(182)) - 00008384-59d3-451f-b64d-d1f14470a714@group-1B1D3B05D62B:LeaderElection25: begin an election at term 2 for 0: [6aa10c05-48fc-4ac9-9cd7-308cacba71f0:192.168.164.234:41883, 7a949e52-d361-4472-b94e-f2b9035b6b4f:192.168.164.234:34433, 00008384-59d3-451f-b64d-d1f14470a714:192.168.164.234:42495], old=null
2019-09-25 10:47:54,459 [00008384-59d3-451f-b64d-d1f14470a714@group-1B1D3B05D62B:LeaderElection25] INFO  impl.LeaderElection (LogUtils.java:infoOrTrace(149)) - 00008384-59d3-451f-b64d-d1f14470a714@group-1B1D3B05D62B:LeaderElection25 got exception when requesting votes: {}
java.util.concurrent.ExecutionException: org.apache.ratis.thirdparty.io.grpc.StatusRuntimeException: UNAVAILABLE: io exception
	at java.util.concurrent.FutureTask.report(FutureTask.java:122)
	at java.util.concurrent.FutureTask.get(FutureTask.java:192)
	at org.apache.ratis.server.impl.LeaderElection.waitForResults(LeaderElection.java:263)
	at org.apache.ratis.server.impl.LeaderElection.askForVotes(LeaderElection.java:201)
	at org.apache.ratis.server.impl.LeaderElection.run(LeaderElection.java:133)
	at java.lang.Thread.run(Thread.java:748)
Caused by: org.apache.ratis.thirdparty.io.grpc.StatusRuntimeException: UNAVAILABLE: io exception
	at org.apache.ratis.thirdparty.io.grpc.stub.ClientCalls.toStatusRuntimeException(ClientCalls.java:233)
	at org.apache.ratis.thirdparty.io.grpc.stub.ClientCalls.getUnchecked(ClientCalls.java:214)
	at org.apache.ratis.thirdparty.io.grpc.stub.ClientCalls.blockingUnaryCall(ClientCalls.java:139)
	at org.apache.ratis.proto.grpc.RaftServerProtocolServiceGrpc$RaftServerProtocolServiceBlockingStub.requestVote(RaftServerProtocolServiceGrpc.java:265)
	at org.apache.ratis.grpc.server.GrpcServerProtocolClient.requestVote(GrpcServerProtocolClient.java:90)
	at org.apache.ratis.grpc.server.GrpcService.requestVote(GrpcService.java:204)
	at org.apache.ratis.server.impl.LeaderElection.lambda$submitRequests$1(LeaderElection.java:238)
	at java.util.concurrent.FutureTask.run(FutureTask.java:266)
	at java.util.concurrent.Executors$RunnableAdapter.call(Executors.java:511)
	at java.util.concurrent.FutureTask.run(FutureTask.java:266)
	at java.util.concurrent.ThreadPoolExecutor.runWorker(ThreadPoolExecutor.java:1149)
	at java.util.concurrent.ThreadPoolExecutor$Worker.run(ThreadPoolExecutor.java:624)
	... 1 more
Caused by: org.apache.ratis.thirdparty.io.netty.channel.AbstractChannel$AnnotatedConnectException: Connection refused: /192.168.164.234:34433
	at sun.nio.ch.SocketChannelImpl.checkConnect(Native Method)
	at sun.nio.ch.SocketChannelImpl.finishConnect(SocketChannelImpl.java:717)
	at org.apache.ratis.thirdparty.io.netty.channel.socket.nio.NioSocketChannel.doFinishConnect(NioSocketChannel.java:327)
	at org.apache.ratis.thirdparty.io.netty.channel.nio.AbstractNioChannel$AbstractNioUnsafe.finishConnect(AbstractNioChannel.java:340)
	at org.apache.ratis.thirdparty.io.netty.channel.nio.NioEventLoop.processSelectedKey(NioEventLoop.java:632)
	at org.apache.ratis.thirdparty.io.netty.channel.nio.NioEventLoop.processSelectedKeysOptimized(NioEventLoop.java:579)
	at org.apache.ratis.thirdparty.io.netty.channel.nio.NioEventLoop.processSelectedKeys(NioEventLoop.java:496)
	at org.apache.ratis.thirdparty.io.netty.channel.nio.NioEventLoop.run(NioEventLoop.java:458)
	at org.apache.ratis.thirdparty.io.netty.util.concurrent.SingleThreadEventExecutor$5.run(SingleThreadEventExecutor.java:897)
	at org.apache.ratis.thirdparty.io.netty.util.concurrent.FastThreadLocalRunnable.run(FastThreadLocalRunnable.java:30)
	... 1 more
Caused by: java.net.ConnectException: Connection refused
	... 11 more
2019-09-25 10:47:54,464 [grpc-default-executor-3] INFO  impl.RaftServerImpl (ServerState.java:setLeader(253)) - 6aa10c05-48fc-4ac9-9cd7-308cacba71f0@group-1B1D3B05D62B: change Leader from 7a949e52-d361-4472-b94e-f2b9035b6b4f to null at term 2 for updateCurrentTerm
2019-09-25 10:47:54,465 [grpc-default-executor-3] INFO  impl.RaftServerImpl (RaftServerImpl.java:setRole(174)) - 6aa10c05-48fc-4ac9-9cd7-308cacba71f0@group-1B1D3B05D62B: changes role from  FOLLOWER to FOLLOWER at term 2 for recognizeCandidate:00008384-59d3-451f-b64d-d1f14470a714
2019-09-25 10:47:54,465 [grpc-default-executor-3] INFO  impl.RoleInfo (RoleInfo.java:shutdownFollowerState(121)) - 6aa10c05-48fc-4ac9-9cd7-308cacba71f0: shutdown FollowerState
2019-09-25 10:47:54,465 [grpc-default-executor-3] INFO  impl.RoleInfo (RoleInfo.java:updateAndGet(143)) - 6aa10c05-48fc-4ac9-9cd7-308cacba71f0: start FollowerState
2019-09-25 10:47:54,465 [Thread-781] INFO  impl.FollowerState (FollowerState.java:run(115)) - 6aa10c05-48fc-4ac9-9cd7-308cacba71f0: FollowerState was interrupted: java.lang.InterruptedException: sleep interrupted
2019-09-25 10:47:54,481 [00008384-59d3-451f-b64d-d1f14470a714@group-1B1D3B05D62B:LeaderElection25] INFO  impl.LeaderElection (LeaderElection.java:logAndReturn(56)) - 00008384-59d3-451f-b64d-d1f14470a714@group-1B1D3B05D62B:LeaderElection25: Election PASSED; received 1 response(s) [00008384-59d3-451f-b64d-d1f14470a714<-6aa10c05-48fc-4ac9-9cd7-308cacba71f0#0:OK-t2] and 1 exception(s); 00008384-59d3-451f-b64d-d1f14470a714@group-1B1D3B05D62B:t2, leader=null, voted=00008384-59d3-451f-b64d-d1f14470a714, raftlog=00008384-59d3-451f-b64d-d1f14470a714@group-1B1D3B05D62B-SegmentedRaftLog:OPENED:c8,f8,i8, conf=0: [6aa10c05-48fc-4ac9-9cd7-308cacba71f0:192.168.164.234:41883, 7a949e52-d361-4472-b94e-f2b9035b6b4f:192.168.164.234:34433, 00008384-59d3-451f-b64d-d1f14470a714:192.168.164.234:42495], old=null
2019-09-25 10:47:54,481 [00008384-59d3-451f-b64d-d1f14470a714@group-1B1D3B05D62B:LeaderElection25] INFO  impl.LeaderElection (LogUtils.java:infoOrTrace(149)) -   Exception 0: {}
java.util.concurrent.ExecutionException: org.apache.ratis.thirdparty.io.grpc.StatusRuntimeException: UNAVAILABLE: io exception
	at java.util.concurrent.FutureTask.report(FutureTask.java:122)
	at java.util.concurrent.FutureTask.get(FutureTask.java:192)
	at org.apache.ratis.server.impl.LeaderElection.waitForResults(LeaderElection.java:263)
	at org.apache.ratis.server.impl.LeaderElection.askForVotes(LeaderElection.java:201)
	at org.apache.ratis.server.impl.LeaderElection.run(LeaderElection.java:133)
	at java.lang.Thread.run(Thread.java:748)
Caused by: org.apache.ratis.thirdparty.io.grpc.StatusRuntimeException: UNAVAILABLE: io exception
	at org.apache.ratis.thirdparty.io.grpc.stub.ClientCalls.toStatusRuntimeException(ClientCalls.java:233)
	at org.apache.ratis.thirdparty.io.grpc.stub.ClientCalls.getUnchecked(ClientCalls.java:214)
	at org.apache.ratis.thirdparty.io.grpc.stub.ClientCalls.blockingUnaryCall(ClientCalls.java:139)
	at org.apache.ratis.proto.grpc.RaftServerProtocolServiceGrpc$RaftServerProtocolServiceBlockingStub.requestVote(RaftServerProtocolServiceGrpc.java:265)
	at org.apache.ratis.grpc.server.GrpcServerProtocolClient.requestVote(GrpcServerProtocolClient.java:90)
	at org.apache.ratis.grpc.server.GrpcService.requestVote(GrpcService.java:204)
	at org.apache.ratis.server.impl.LeaderElection.lambda$submitRequests$1(LeaderElection.java:238)
	at java.util.concurrent.FutureTask.run(FutureTask.java:266)
	at java.util.concurrent.Executors$RunnableAdapter.call(Executors.java:511)
	at java.util.concurrent.FutureTask.run(FutureTask.java:266)
	at java.util.concurrent.ThreadPoolExecutor.runWorker(ThreadPoolExecutor.java:1149)
	at java.util.concurrent.ThreadPoolExecutor$Worker.run(ThreadPoolExecutor.java:624)
	... 1 more
Caused by: org.apache.ratis.thirdparty.io.netty.channel.AbstractChannel$AnnotatedConnectException: Connection refused: /192.168.164.234:34433
	at sun.nio.ch.SocketChannelImpl.checkConnect(Native Method)
	at sun.nio.ch.SocketChannelImpl.finishConnect(SocketChannelImpl.java:717)
	at org.apache.ratis.thirdparty.io.netty.channel.socket.nio.NioSocketChannel.doFinishConnect(NioSocketChannel.java:327)
	at org.apache.ratis.thirdparty.io.netty.channel.nio.AbstractNioChannel$AbstractNioUnsafe.finishConnect(AbstractNioChannel.java:340)
	at org.apache.ratis.thirdparty.io.netty.channel.nio.NioEventLoop.processSelectedKey(NioEventLoop.java:632)
	at org.apache.ratis.thirdparty.io.netty.channel.nio.NioEventLoop.processSelectedKeysOptimized(NioEventLoop.java:579)
	at org.apache.ratis.thirdparty.io.netty.channel.nio.NioEventLoop.processSelectedKeys(NioEventLoop.java:496)
	at org.apache.ratis.thirdparty.io.netty.channel.nio.NioEventLoop.run(NioEventLoop.java:458)
	at org.apache.ratis.thirdparty.io.netty.util.concurrent.SingleThreadEventExecutor$5.run(SingleThreadEventExecutor.java:897)
	at org.apache.ratis.thirdparty.io.netty.util.concurrent.FastThreadLocalRunnable.run(FastThreadLocalRunnable.java:30)
	... 1 more
Caused by: java.net.ConnectException: Connection refused
	... 11 more
2019-09-25 10:47:54,482 [00008384-59d3-451f-b64d-d1f14470a714@group-1B1D3B05D62B:LeaderElection25] INFO  impl.RoleInfo (RoleInfo.java:shutdownLeaderElection(134)) - 00008384-59d3-451f-b64d-d1f14470a714: shutdown LeaderElection
2019-09-25 10:47:54,482 [00008384-59d3-451f-b64d-d1f14470a714@group-1B1D3B05D62B:LeaderElection25] INFO  impl.RaftServerImpl (RaftServerImpl.java:setRole(174)) - 00008384-59d3-451f-b64d-d1f14470a714@group-1B1D3B05D62B: changes role from CANDIDATE to LEADER at term 2 for changeToLeader
2019-09-25 10:47:54,482 [00008384-59d3-451f-b64d-d1f14470a714@group-1B1D3B05D62B:LeaderElection25] INFO  impl.RaftServerImpl (ServerState.java:setLeader(253)) - 00008384-59d3-451f-b64d-d1f14470a714@group-1B1D3B05D62B: change Leader from null to 00008384-59d3-451f-b64d-d1f14470a714 at term 2 for becomeLeader, leader elected after 47ms
2019-09-25 10:47:54,482 [00008384-59d3-451f-b64d-d1f14470a714@group-1B1D3B05D62B:LeaderElection25] INFO  server.RaftServerConfigKeys (ConfUtils.java:logGet(43)) - raft.server.staging.catchup.gap = 1000 (default)
2019-09-25 10:47:54,483 [00008384-59d3-451f-b64d-d1f14470a714@group-1B1D3B05D62B:LeaderElection25] INFO  server.RaftServerConfigKeys (ConfUtils.java:logGet(43)) - raft.server.rpc.sleep.time = 25ms (default)
2019-09-25 10:47:54,483 [00008384-59d3-451f-b64d-d1f14470a714@group-1B1D3B05D62B:LeaderElection25] INFO  server.RaftServerConfigKeys (ConfUtils.java:logGet(43)) - raft.server.write.element-limit = 4096 (default)
2019-09-25 10:47:54,483 [00008384-59d3-451f-b64d-d1f14470a714@group-1B1D3B05D62B:LeaderElection25] INFO  server.RaftServerConfigKeys (ConfUtils.java:logGet(43)) - raft.server.watch.timeout = 10s (default)
2019-09-25 10:47:54,483 [00008384-59d3-451f-b64d-d1f14470a714@group-1B1D3B05D62B:LeaderElection25] INFO  server.RaftServerConfigKeys (ConfUtils.java:logGet(43)) - raft.server.watch.timeout.denomination = 1s (default)
2019-09-25 10:47:54,483 [00008384-59d3-451f-b64d-d1f14470a714@group-1B1D3B05D62B:LeaderElection25] INFO  server.RaftServerConfigKeys (ConfUtils.java:logGet(43)) - raft.server.watch.element-limit = 65536 (default)
2019-09-25 10:47:54,487 [00008384-59d3-451f-b64d-d1f14470a714@group-1B1D3B05D62B:LeaderElection25] INFO  server.RaftServerConfigKeys (ConfUtils.java:logGet(43)) - raft.server.log.appender.snapshot.chunk.size.max = 16MB (=16777216) (default)
2019-09-25 10:47:54,487 [00008384-59d3-451f-b64d-d1f14470a714@group-1B1D3B05D62B:LeaderElection25] INFO  server.RaftServerConfigKeys (ConfUtils.java:logGet(43)) - raft.server.log.appender.buffer.byte-limit = 33554432 (custom)
2019-09-25 10:47:54,488 [00008384-59d3-451f-b64d-d1f14470a714@group-1B1D3B05D62B:LeaderElection25] INFO  server.RaftServerConfigKeys (ConfUtils.java:logGet(43)) - raft.server.log.appender.buffer.element-limit = 1 (custom)
2019-09-25 10:47:54,488 [00008384-59d3-451f-b64d-d1f14470a714@group-1B1D3B05D62B:LeaderElection25] INFO  grpc.GrpcConfigKeys$Server (ConfUtils.java:logGet(43)) - raft.grpc.server.leader.outstanding.appends.max = 128 (default)
2019-09-25 10:47:54,488 [00008384-59d3-451f-b64d-d1f14470a714@group-1B1D3B05D62B:LeaderElection25] INFO  server.RaftServerConfigKeys (ConfUtils.java:logGet(43)) - raft.server.rpc.request.timeout = 3000ms (default)
2019-09-25 10:47:54,488 [00008384-59d3-451f-b64d-d1f14470a714@group-1B1D3B05D62B:LeaderElection25] INFO  server.RaftServerConfigKeys (ConfUtils.java:logGet(43)) - raft.server.log.appender.install.snapshot.enabled = false (custom)
2019-09-25 10:47:54,489 [00008384-59d3-451f-b64d-d1f14470a714@group-1B1D3B05D62B:LeaderElection25] INFO  server.RaftServerConfigKeys (ConfUtils.java:logGet(43)) - raft.server.log.appender.snapshot.chunk.size.max = 16MB (=16777216) (default)
2019-09-25 10:47:54,489 [00008384-59d3-451f-b64d-d1f14470a714@group-1B1D3B05D62B:LeaderElection25] INFO  server.RaftServerConfigKeys (ConfUtils.java:logGet(43)) - raft.server.log.appender.buffer.byte-limit = 33554432 (custom)
2019-09-25 10:47:54,489 [00008384-59d3-451f-b64d-d1f14470a714@group-1B1D3B05D62B:LeaderElection25] INFO  server.RaftServerConfigKeys (ConfUtils.java:logGet(43)) - raft.server.log.appender.buffer.element-limit = 1 (custom)
2019-09-25 10:47:54,489 [00008384-59d3-451f-b64d-d1f14470a714@group-1B1D3B05D62B:LeaderElection25] INFO  grpc.GrpcConfigKeys$Server (ConfUtils.java:logGet(43)) - raft.grpc.server.leader.outstanding.appends.max = 128 (default)
2019-09-25 10:47:54,489 [00008384-59d3-451f-b64d-d1f14470a714@group-1B1D3B05D62B:LeaderElection25] INFO  server.RaftServerConfigKeys (ConfUtils.java:logGet(43)) - raft.server.rpc.request.timeout = 3000ms (default)
2019-09-25 10:47:54,489 [00008384-59d3-451f-b64d-d1f14470a714@group-1B1D3B05D62B:LeaderElection25] INFO  server.RaftServerConfigKeys (ConfUtils.java:logGet(43)) - raft.server.log.appender.install.snapshot.enabled = false (custom)
2019-09-25 10:47:54,490 [00008384-59d3-451f-b64d-d1f14470a714@group-1B1D3B05D62B:LeaderElection25] INFO  impl.RoleInfo (RoleInfo.java:updateAndGet(143)) - 00008384-59d3-451f-b64d-d1f14470a714: start LeaderState
2019-09-25 10:47:54,491 [00008384-59d3-451f-b64d-d1f14470a714@group-1B1D3B05D62B:LeaderElection25] INFO  segmented.SegmentedRaftLogWorker (SegmentedRaftLogWorker.java:rollLogSegment(385)) - 00008384-59d3-451f-b64d-d1f14470a714@group-1B1D3B05D62B-SegmentedRaftLogWorker: Rolling segment log-0_8 to index:8
2019-09-25 10:47:54,494 [00008384-59d3-451f-b64d-d1f14470a714@group-1B1D3B05D62B:LeaderElection25] INFO  impl.RaftServerImpl (ServerState.java:setRaftConf(354)) - 00008384-59d3-451f-b64d-d1f14470a714@group-1B1D3B05D62B: set configuration 9: [6aa10c05-48fc-4ac9-9cd7-308cacba71f0:192.168.164.234:41883, 7a949e52-d361-4472-b94e-f2b9035b6b4f:192.168.164.234:34433, 00008384-59d3-451f-b64d-d1f14470a714:192.168.164.234:42495], old=null at 9
2019-09-25 10:47:54,494 [00008384-59d3-451f-b64d-d1f14470a714@group-1B1D3B05D62B-SegmentedRaftLogWorker] INFO  segmented.SegmentedRaftLogWorker (SegmentedRaftLogWorker.java:execute(526)) - 00008384-59d3-451f-b64d-d1f14470a714@group-1B1D3B05D62B-SegmentedRaftLogWorker: Rolled log segment from /workdir/hadoop-ozone/integration-test/target/test-dir/MiniOzoneClusterImpl-98543f66-0f4c-4586-80e6-01b94623704d/datanode-2/data/ratis/e9bea230-6a68-4f56-bf80-1b1d3b05d62b/current/log_inprogress_0 to /workdir/hadoop-ozone/integration-test/target/test-dir/MiniOzoneClusterImpl-98543f66-0f4c-4586-80e6-01b94623704d/datanode-2/data/ratis/e9bea230-6a68-4f56-bf80-1b1d3b05d62b/current/log_0-8
2019-09-25 10:47:54,496 [grpc-default-executor-3] WARN  server.GrpcLogAppender (LogUtils.java:warn(134)) - 00008384-59d3-451f-b64d-d1f14470a714@group-1B1D3B05D62B->7a949e52-d361-4472-b94e-f2b9035b6b4f-AppendLogResponseHandler: Failed appendEntries: org.apache.ratis.thirdparty.io.grpc.StatusRuntimeException: UNAVAILABLE: io exception
2019-09-25 10:47:54,497 [grpc-default-executor-3] INFO  impl.FollowerInfo (FollowerInfo.java:lambda$new$0(51)) - 00008384-59d3-451f-b64d-d1f14470a714@group-1B1D3B05D62B->7a949e52-d361-4472-b94e-f2b9035b6b4f: nextIndex: updateUnconditionally 9 -> 1
2019-09-25 10:47:54,498 [grpc-default-executor-3] INFO  impl.RaftServerImpl (ServerState.java:setLeader(253)) - 6aa10c05-48fc-4ac9-9cd7-308cacba71f0@group-1B1D3B05D62B: change Leader from null to 00008384-59d3-451f-b64d-d1f14470a714 at term 2 for appendEntries, leader elected after 33ms
2019-09-25 10:47:54,500 [grpc-default-executor-3] INFO  impl.RaftServerImpl (ServerState.java:setRaftConf(354)) - 6aa10c05-48fc-4ac9-9cd7-308cacba71f0@group-1B1D3B05D62B: set configuration 9: [6aa10c05-48fc-4ac9-9cd7-308cacba71f0:192.168.164.234:41883, 7a949e52-d361-4472-b94e-f2b9035b6b4f:192.168.164.234:34433, 00008384-59d3-451f-b64d-d1f14470a714:192.168.164.234:42495], old=null at 9
2019-09-25 10:47:54,500 [grpc-default-executor-3] INFO  segmented.SegmentedRaftLogWorker (SegmentedRaftLogWorker.java:rollLogSegment(385)) - 6aa10c05-48fc-4ac9-9cd7-308cacba71f0@group-1B1D3B05D62B-SegmentedRaftLogWorker: Rolling segment log-0_8 to index:8
2019-09-25 10:47:54,501 [6aa10c05-48fc-4ac9-9cd7-308cacba71f0@group-1B1D3B05D62B-SegmentedRaftLogWorker] INFO  segmented.SegmentedRaftLogWorker (SegmentedRaftLogWorker.java:execute(526)) - 6aa10c05-48fc-4ac9-9cd7-308cacba71f0@group-1B1D3B05D62B-SegmentedRaftLogWorker: Rolled log segment from /workdir/hadoop-ozone/integration-test/target/test-dir/MiniOzoneClusterImpl-98543f66-0f4c-4586-80e6-01b94623704d/datanode-6/data/ratis/e9bea230-6a68-4f56-bf80-1b1d3b05d62b/current/log_inprogress_0 to /workdir/hadoop-ozone/integration-test/target/test-dir/MiniOzoneClusterImpl-98543f66-0f4c-4586-80e6-01b94623704d/datanode-6/data/ratis/e9bea230-6a68-4f56-bf80-1b1d3b05d62b/current/log_0-8
2019-09-25 10:47:54,549 [00008384-59d3-451f-b64d-d1f14470a714@group-1B1D3B05D62B-SegmentedRaftLogWorker] INFO  segmented.SegmentedRaftLogWorker (SegmentedRaftLogWorker.java:execute(569)) - 00008384-59d3-451f-b64d-d1f14470a714@group-1B1D3B05D62B-SegmentedRaftLogWorker: created new log segment /workdir/hadoop-ozone/integration-test/target/test-dir/MiniOzoneClusterImpl-98543f66-0f4c-4586-80e6-01b94623704d/datanode-2/data/ratis/e9bea230-6a68-4f56-bf80-1b1d3b05d62b/current/log_inprogress_9
2019-09-25 10:47:54,561 [6aa10c05-48fc-4ac9-9cd7-308cacba71f0@group-1B1D3B05D62B-SegmentedRaftLogWorker] INFO  segmented.SegmentedRaftLogWorker (SegmentedRaftLogWorker.java:execute(569)) - 6aa10c05-48fc-4ac9-9cd7-308cacba71f0@group-1B1D3B05D62B-SegmentedRaftLogWorker: created new log segment /workdir/hadoop-ozone/integration-test/target/test-dir/MiniOzoneClusterImpl-98543f66-0f4c-4586-80e6-01b94623704d/datanode-6/data/ratis/e9bea230-6a68-4f56-bf80-1b1d3b05d62b/current/log_inprogress_9
2019-09-25 10:47:54,580 [grpc-default-executor-4] WARN  server.GrpcLogAppender (LogUtils.java:warn(134)) - 00008384-59d3-451f-b64d-d1f14470a714@group-1B1D3B05D62B->7a949e52-d361-4472-b94e-f2b9035b6b4f-AppendLogResponseHandler: Failed appendEntries: org.apache.ratis.thirdparty.io.grpc.StatusRuntimeException: UNAVAILABLE: io exception
2019-09-25 10:47:54,581 [grpc-default-executor-4] INFO  impl.FollowerInfo (FollowerInfo.java:lambda$new$0(51)) - 00008384-59d3-451f-b64d-d1f14470a714@group-1B1D3B05D62B->7a949e52-d361-4472-b94e-f2b9035b6b4f: nextIndex: updateUnconditionally 2 -> 1
2019-09-25 10:47:54,595 [grpc-default-executor-3] WARN  server.GrpcLogAppender (LogUtils.java:warn(134)) - 00008384-59d3-451f-b64d-d1f14470a714@group-1B1D3B05D62B->7a949e52-d361-4472-b94e-f2b9035b6b4f-AppendLogResponseHandler: Failed appendEntries: org.apache.ratis.thirdparty.io.grpc.StatusRuntimeException: UNAVAILABLE: io exception
2019-09-25 10:47:54,596 [grpc-default-executor-3] INFO  impl.FollowerInfo (FollowerInfo.java:lambda$new$0(51)) - 00008384-59d3-451f-b64d-d1f14470a714@group-1B1D3B05D62B->7a949e52-d361-4472-b94e-f2b9035b6b4f: nextIndex: updateUnconditionally 2 -> 1
2019-09-25 10:47:55,832 [main] INFO  ozoneimpl.OzoneContainer (OzoneContainer.java:stop(231)) - Attempting to stop container services.
2019-09-25 10:47:55,833 [main] INFO  impl.RaftServerProxy (RaftServerProxy.java:lambda$close$4(314)) - d65383a8-5e7b-4702-94a1-f30c59e703ae: close
2019-09-25 10:47:55,834 [main] INFO  impl.RaftServerImpl (RaftServerImpl.java:lambda$shutdown$3(251)) - d65383a8-5e7b-4702-94a1-f30c59e703ae@group-649480B588A8: shutdown
2019-09-25 10:47:55,834 [main] INFO  util.JmxRegister (JmxRegister.java:unregister(73)) - Successfully un-registered JMX Bean with object name Ratis:service=RaftServer,group=group-649480B588A8,id=d65383a8-5e7b-4702-94a1-f30c59e703ae
2019-09-25 10:47:55,834 [main] INFO  impl.RoleInfo (RoleInfo.java:shutdownLeaderState(104)) - d65383a8-5e7b-4702-94a1-f30c59e703ae: shutdown LeaderState
2019-09-25 10:47:55,834 [main] INFO  impl.PendingRequests (PendingRequests.java:sendNotLeaderResponses(202)) - d65383a8-5e7b-4702-94a1-f30c59e703ae-PendingRequests: sendNotLeaderResponses
2019-09-25 10:47:55,835 [main] INFO  impl.StateMachineUpdater (StateMachineUpdater.java:stopAndJoin(125)) - d65383a8-5e7b-4702-94a1-f30c59e703ae@group-649480B588A8-StateMachineUpdater: set stopIndex = 0
2019-09-25 10:47:55,836 [main] INFO  impl.RaftServerImpl (ServerState.java:close(385)) - d65383a8-5e7b-4702-94a1-f30c59e703ae@group-649480B588A8: closes. applyIndex: 0
2019-09-25 10:47:55,836 [d65383a8-5e7b-4702-94a1-f30c59e703ae@group-649480B588A8-SegmentedRaftLogWorker] INFO  segmented.SegmentedRaftLogWorker (SegmentedRaftLogWorker.java:run(313)) - d65383a8-5e7b-4702-94a1-f30c59e703ae@group-649480B588A8-SegmentedRaftLogWorker was interrupted, exiting. There are 0 tasks remaining in the queue.
2019-09-25 10:47:55,841 [main] INFO  segmented.SegmentedRaftLogWorker (SegmentedRaftLogWorker.java:close(228)) - d65383a8-5e7b-4702-94a1-f30c59e703ae@group-649480B588A8-SegmentedRaftLogWorker close()
2019-09-25 10:47:55,843 [main] INFO  impl.RaftServerImpl (RaftServerImpl.java:lambda$shutdown$3(251)) - d65383a8-5e7b-4702-94a1-f30c59e703ae@group-A5425C89B524: shutdown
2019-09-25 10:47:55,844 [main] INFO  util.JmxRegister (JmxRegister.java:unregister(73)) - Successfully un-registered JMX Bean with object name Ratis:service=RaftServer,group=group-A5425C89B524,id=d65383a8-5e7b-4702-94a1-f30c59e703ae
2019-09-25 10:47:55,844 [main] INFO  impl.RoleInfo (RoleInfo.java:shutdownFollowerState(121)) - d65383a8-5e7b-4702-94a1-f30c59e703ae: shutdown FollowerState
2019-09-25 10:47:55,844 [main] INFO  impl.StateMachineUpdater (StateMachineUpdater.java:stopAndJoin(125)) - d65383a8-5e7b-4702-94a1-f30c59e703ae@group-A5425C89B524-StateMachineUpdater: set stopIndex = 0
2019-09-25 10:47:55,844 [Thread-787] INFO  impl.FollowerState (FollowerState.java:run(115)) - d65383a8-5e7b-4702-94a1-f30c59e703ae: FollowerState was interrupted: java.lang.InterruptedException: sleep interrupted
2019-09-25 10:47:55,844 [main] INFO  impl.RaftServerImpl (ServerState.java:close(385)) - d65383a8-5e7b-4702-94a1-f30c59e703ae@group-A5425C89B524: closes. applyIndex: 0
2019-09-25 10:47:55,847 [d65383a8-5e7b-4702-94a1-f30c59e703ae@group-A5425C89B524-SegmentedRaftLogWorker] INFO  segmented.SegmentedRaftLogWorker (SegmentedRaftLogWorker.java:run(313)) - d65383a8-5e7b-4702-94a1-f30c59e703ae@group-A5425C89B524-SegmentedRaftLogWorker was interrupted, exiting. There are 0 tasks remaining in the queue.
2019-09-25 10:47:55,849 [main] INFO  segmented.SegmentedRaftLogWorker (SegmentedRaftLogWorker.java:close(228)) - d65383a8-5e7b-4702-94a1-f30c59e703ae@group-A5425C89B524-SegmentedRaftLogWorker close()
2019-09-25 10:47:55,851 [main] INFO  server.GrpcService (GrpcService.java:closeImpl(164)) - d65383a8-5e7b-4702-94a1-f30c59e703ae: shutdown server with port 40862 now
2019-09-25 10:47:55,851 [main] INFO  server.GrpcService (GrpcService.java:closeImpl(172)) - d65383a8-5e7b-4702-94a1-f30c59e703ae: shutdown server with port 40862 successfully
2019-09-25 10:47:55,853 [refreshUsed-/workdir/hadoop-ozone/integration-test/target/test-dir/MiniOzoneClusterImpl-98543f66-0f4c-4586-80e6-01b94623704d/datanode-3/data/containers] WARN  fs.CachingGetSpaceUsed (CachingGetSpaceUsed.java:run(183)) - Thread Interrupted waiting to refresh disk information: sleep interrupted
2019-09-25 10:47:55,855 [ForkJoinPool.commonPool-worker-0] INFO  ozoneimpl.OzoneContainer (OzoneContainer.java:stop(231)) - Attempting to stop container services.
2019-09-25 10:47:55,856 [ForkJoinPool.commonPool-worker-0] INFO  impl.RaftServerProxy (RaftServerProxy.java:lambda$close$4(314)) - 00008384-59d3-451f-b64d-d1f14470a714: close
2019-09-25 10:47:55,856 [ForkJoinPool.commonPool-worker-0] INFO  impl.RaftServerImpl (RaftServerImpl.java:lambda$shutdown$3(251)) - 00008384-59d3-451f-b64d-d1f14470a714@group-1B1D3B05D62B: shutdown
2019-09-25 10:47:55,857 [ForkJoinPool.commonPool-worker-0] INFO  util.JmxRegister (JmxRegister.java:unregister(73)) - Successfully un-registered JMX Bean with object name Ratis:service=RaftServer,group=group-1B1D3B05D62B,id=00008384-59d3-451f-b64d-d1f14470a714
2019-09-25 10:47:55,859 [ForkJoinPool.commonPool-worker-0] INFO  impl.RoleInfo (RoleInfo.java:shutdownLeaderState(104)) - 00008384-59d3-451f-b64d-d1f14470a714: shutdown LeaderState
2019-09-25 10:47:55,865 [ForkJoinPool.commonPool-worker-0] INFO  impl.PendingRequests (PendingRequests.java:sendNotLeaderResponses(202)) - 00008384-59d3-451f-b64d-d1f14470a714-PendingRequests: sendNotLeaderResponses
2019-09-25 10:47:55,865 [org.apache.ratis.server.impl.LogAppender$AppenderDaemon$$Lambda$513/1257798711@64ee160a] WARN  server.GrpcLogAppender (GrpcLogAppender.java:mayWait(143)) - 00008384-59d3-451f-b64d-d1f14470a714@group-1B1D3B05D62B->6aa10c05-48fc-4ac9-9cd7-308cacba71f0-GrpcLogAppender: Wait interrupted by java.lang.InterruptedException
2019-09-25 10:47:55,865 [org.apache.ratis.server.impl.LogAppender$AppenderDaemon$$Lambda$513/1257798711@6edd0279] WARN  server.GrpcLogAppender (GrpcLogAppender.java:mayWait(143)) - 00008384-59d3-451f-b64d-d1f14470a714@group-1B1D3B05D62B->7a949e52-d361-4472-b94e-f2b9035b6b4f-GrpcLogAppender: Wait interrupted by java.lang.InterruptedException
2019-09-25 10:47:55,866 [ForkJoinPool.commonPool-worker-0] INFO  impl.StateMachineUpdater (StateMachineUpdater.java:stopAndJoin(125)) - 00008384-59d3-451f-b64d-d1f14470a714@group-1B1D3B05D62B-StateMachineUpdater: set stopIndex = 10
2019-09-25 10:47:55,866 [00008384-59d3-451f-b64d-d1f14470a714@group-1B1D3B05D62B-StateMachineUpdater] INFO  ratis.ContainerStateMachine (ContainerStateMachine.java:takeSnapshot(289)) - group-1B1D3B05D62B: Taking a snapshot at:(t:1, i:6) file /workdir/hadoop-ozone/integration-test/target/test-dir/MiniOzoneClusterImpl-98543f66-0f4c-4586-80e6-01b94623704d/datanode-2/data/ratis/e9bea230-6a68-4f56-bf80-1b1d3b05d62b/sm/snapshot.1_6
2019-09-25 10:47:55,867 [grpc-default-executor-3] INFO  server.GrpcServerProtocolService (GrpcServerProtocolService.java:onCompleted(113)) - 6aa10c05-48fc-4ac9-9cd7-308cacba71f0: Completed APPEND_ENTRIES, lastRequest: 00008384-59d3-451f-b64d-d1f14470a714->6aa10c05-48fc-4ac9-9cd7-308cacba71f0#2-t2, previous=(t:2, i:9), leaderCommit=9, initializing? false, entries: size=1, first=(t:2, i:10), METADATAENTRY(c9)
2019-09-25 10:47:55,868 [grpc-default-executor-3] INFO  server.GrpcLogAppender (GrpcLogAppender.java:onCompleted(293)) - 00008384-59d3-451f-b64d-d1f14470a714@group-1B1D3B05D62B->6aa10c05-48fc-4ac9-9cd7-308cacba71f0-AppendLogResponseHandler: follower responses appendEntries COMPLETED
2019-09-25 10:47:55,869 [grpc-default-executor-3] INFO  impl.FollowerInfo (FollowerInfo.java:lambda$new$0(51)) - 00008384-59d3-451f-b64d-d1f14470a714@group-1B1D3B05D62B->6aa10c05-48fc-4ac9-9cd7-308cacba71f0: nextIndex: updateUnconditionally 11 -> 10
2019-09-25 10:47:55,873 [main] INFO  utils.BackgroundService (BackgroundService.java:shutdown(148)) - Shutting down service BlockDeletingService
2019-09-25 10:47:55,878 [main] INFO  statemachine.DatanodeStateMachine (DatanodeStateMachine.java:stopDaemon(395)) - Ozone container server stopped.
2019-09-25 10:47:55,891 [main] INFO  handler.ContextHandler (ContextHandler.java:doStop(910)) - Stopped o.e.j.w.WebAppContext@fb0a08c{/,null,UNAVAILABLE}{/hddsDatanode}
2019-09-25 10:47:55,892 [main] INFO  server.AbstractConnector (AbstractConnector.java:doStop(318)) - Stopped ServerConnector@1faf386c{HTTP/1.1,[http/1.1]}{0.0.0.0:0}
2019-09-25 10:47:55,892 [main] INFO  handler.ContextHandler (ContextHandler.java:doStop(910)) - Stopped o.e.j.s.ServletContextHandler@152c4495{/static,jar:file:/home/user/.m2/repository/org/apache/hadoop/hadoop-hdds-container-service/0.5.0-SNAPSHOT/hadoop-hdds-container-service-0.5.0-SNAPSHOT.jar!/webapps/static,UNAVAILABLE}
2019-09-25 10:47:55,893 [main] INFO  handler.ContextHandler (ContextHandler.java:doStop(910)) - Stopped o.e.j.s.ServletContextHandler@46dcbeab{/logs,file:///workdir/hadoop-ozone/integration-test/target/log,UNAVAILABLE}
2019-09-25 10:47:55,893 [00008384-59d3-451f-b64d-d1f14470a714@group-1B1D3B05D62B-StateMachineUpdater] INFO  ratis.ContainerStateMachine (ContainerStateMachine.java:takeSnapshot(300)) - group-1B1D3B05D62B: Finished taking a snapshot at:(t:1, i:6) file:/workdir/hadoop-ozone/integration-test/target/test-dir/MiniOzoneClusterImpl-98543f66-0f4c-4586-80e6-01b94623704d/datanode-2/data/ratis/e9bea230-6a68-4f56-bf80-1b1d3b05d62b/sm/snapshot.1_6 time:27
2019-09-25 10:47:55,894 [00008384-59d3-451f-b64d-d1f14470a714@group-1B1D3B05D62B-StateMachineUpdater] INFO  impl.StateMachineUpdater (StateMachineUpdater.java:takeSnapshot(258)) - 00008384-59d3-451f-b64d-d1f14470a714@group-1B1D3B05D62B-StateMachineUpdater: Took a snapshot at index 6
2019-09-25 10:47:55,894 [00008384-59d3-451f-b64d-d1f14470a714@group-1B1D3B05D62B-StateMachineUpdater] INFO  impl.StateMachineUpdater (StateMachineUpdater.java:lambda$new$0(83)) - 00008384-59d3-451f-b64d-d1f14470a714@group-1B1D3B05D62B-StateMachineUpdater: snapshotIndex: updateIncreasingly -1 -> 6
2019-09-25 10:47:55,895 [00008384-59d3-451f-b64d-d1f14470a714@group-1B1D3B05D62B-StateMachineUpdater] INFO  ratis.ContainerStateMachine (ContainerStateMachine.java:takeSnapshot(289)) - group-1B1D3B05D62B: Taking a snapshot at:(t:1, i:6) file /workdir/hadoop-ozone/integration-test/target/test-dir/MiniOzoneClusterImpl-98543f66-0f4c-4586-80e6-01b94623704d/datanode-2/data/ratis/e9bea230-6a68-4f56-bf80-1b1d3b05d62b/sm/snapshot.1_6
2019-09-25 10:47:55,908 [00008384-59d3-451f-b64d-d1f14470a714@group-1B1D3B05D62B-StateMachineUpdater] INFO  ratis.ContainerStateMachine (ContainerStateMachine.java:takeSnapshot(300)) - group-1B1D3B05D62B: Finished taking a snapshot at:(t:1, i:6) file:/workdir/hadoop-ozone/integration-test/target/test-dir/MiniOzoneClusterImpl-98543f66-0f4c-4586-80e6-01b94623704d/datanode-2/data/ratis/e9bea230-6a68-4f56-bf80-1b1d3b05d62b/sm/snapshot.1_6 time:14
2019-09-25 10:47:55,909 [00008384-59d3-451f-b64d-d1f14470a714@group-1B1D3B05D62B-StateMachineUpdater] INFO  impl.StateMachineUpdater (StateMachineUpdater.java:takeSnapshot(258)) - 00008384-59d3-451f-b64d-d1f14470a714@group-1B1D3B05D62B-StateMachineUpdater: Took a snapshot at index 6
2019-09-25 10:47:55,909 [00008384-59d3-451f-b64d-d1f14470a714@group-1B1D3B05D62B-StateMachineUpdater] INFO  impl.StateMachineUpdater (StateMachineUpdater.java:lambda$new$0(83)) - 00008384-59d3-451f-b64d-d1f14470a714@group-1B1D3B05D62B-StateMachineUpdater: snapshotIndex: updateIncreasingly 6 -> 6
2019-09-25 10:47:55,909 [Datanode State Machine Thread - 0] INFO  statemachine.DatanodeStateMachine (DatanodeStateMachine.java:lambda$startDaemon$0(350)) - Ozone container server started.
2019-09-25 10:47:55,909 [ForkJoinPool.commonPool-worker-0] INFO  impl.RaftServerImpl (ServerState.java:close(385)) - 00008384-59d3-451f-b64d-d1f14470a714@group-1B1D3B05D62B: closes. applyIndex: 10
2019-09-25 10:47:55,910 [00008384-59d3-451f-b64d-d1f14470a714@group-1B1D3B05D62B-SegmentedRaftLogWorker] INFO  segmented.SegmentedRaftLogWorker (SegmentedRaftLogWorker.java:run(313)) - 00008384-59d3-451f-b64d-d1f14470a714@group-1B1D3B05D62B-SegmentedRaftLogWorker was interrupted, exiting. There are 0 tasks remaining in the queue.
2019-09-25 10:47:55,911 [ForkJoinPool.commonPool-worker-0] INFO  segmented.SegmentedRaftLogWorker (SegmentedRaftLogWorker.java:close(228)) - 00008384-59d3-451f-b64d-d1f14470a714@group-1B1D3B05D62B-SegmentedRaftLogWorker close()
2019-09-25 10:47:55,913 [ForkJoinPool.commonPool-worker-0] INFO  impl.RaftServerImpl (RaftServerImpl.java:lambda$shutdown$3(251)) - 00008384-59d3-451f-b64d-d1f14470a714@group-67FDEB4C0355: shutdown
2019-09-25 10:47:55,913 [ForkJoinPool.commonPool-worker-0] INFO  util.JmxRegister (JmxRegister.java:unregister(73)) - Successfully un-registered JMX Bean with object name Ratis:service=RaftServer,group=group-67FDEB4C0355,id=00008384-59d3-451f-b64d-d1f14470a714
2019-09-25 10:47:55,914 [ForkJoinPool.commonPool-worker-0] INFO  impl.RoleInfo (RoleInfo.java:shutdownLeaderState(104)) - 00008384-59d3-451f-b64d-d1f14470a714: shutdown LeaderState
2019-09-25 10:47:55,914 [ForkJoinPool.commonPool-worker-0] INFO  impl.PendingRequests (PendingRequests.java:sendNotLeaderResponses(202)) - 00008384-59d3-451f-b64d-d1f14470a714-PendingRequests: sendNotLeaderResponses
2019-09-25 10:47:55,914 [ForkJoinPool.commonPool-worker-0] INFO  impl.StateMachineUpdater (StateMachineUpdater.java:stopAndJoin(125)) - 00008384-59d3-451f-b64d-d1f14470a714@group-67FDEB4C0355-StateMachineUpdater: set stopIndex = 0
2019-09-25 10:47:55,915 [ForkJoinPool.commonPool-worker-0] INFO  impl.RaftServerImpl (ServerState.java:close(385)) - 00008384-59d3-451f-b64d-d1f14470a714@group-67FDEB4C0355: closes. applyIndex: 0
2019-09-25 10:47:55,915 [00008384-59d3-451f-b64d-d1f14470a714@group-67FDEB4C0355-SegmentedRaftLogWorker] INFO  segmented.SegmentedRaftLogWorker (SegmentedRaftLogWorker.java:run(313)) - 00008384-59d3-451f-b64d-d1f14470a714@group-67FDEB4C0355-SegmentedRaftLogWorker was interrupted, exiting. There are 0 tasks remaining in the queue.
2019-09-25 10:47:55,917 [ForkJoinPool.commonPool-worker-0] INFO  segmented.SegmentedRaftLogWorker (SegmentedRaftLogWorker.java:close(228)) - 00008384-59d3-451f-b64d-d1f14470a714@group-67FDEB4C0355-SegmentedRaftLogWorker close()
2019-09-25 10:47:55,918 [ForkJoinPool.commonPool-worker-0] INFO  server.GrpcService (GrpcService.java:closeImpl(164)) - 00008384-59d3-451f-b64d-d1f14470a714: shutdown server with port 42495 now
2019-09-25 10:47:55,919 [ForkJoinPool.commonPool-worker-0] INFO  server.GrpcService (GrpcService.java:closeImpl(172)) - 00008384-59d3-451f-b64d-d1f14470a714: shutdown server with port 42495 successfully
2019-09-25 10:47:55,924 [refreshUsed-/workdir/hadoop-ozone/integration-test/target/test-dir/MiniOzoneClusterImpl-98543f66-0f4c-4586-80e6-01b94623704d/datanode-2/data/containers] WARN  fs.CachingGetSpaceUsed (CachingGetSpaceUsed.java:run(183)) - Thread Interrupted waiting to refresh disk information: sleep interrupted
2019-09-25 10:47:55,940 [ForkJoinPool.commonPool-worker-0] INFO  utils.BackgroundService (BackgroundService.java:shutdown(148)) - Shutting down service BlockDeletingService
2019-09-25 10:47:55,943 [ForkJoinPool.commonPool-worker-0] INFO  statemachine.DatanodeStateMachine (DatanodeStateMachine.java:stopDaemon(395)) - Ozone container server stopped.
2019-09-25 10:47:55,946 [ForkJoinPool.commonPool-worker-0] INFO  handler.ContextHandler (ContextHandler.java:doStop(910)) - Stopped o.e.j.w.WebAppContext@2ceee4b6{/,null,UNAVAILABLE}{/hddsDatanode}
2019-09-25 10:47:55,947 [ForkJoinPool.commonPool-worker-0] INFO  server.AbstractConnector (AbstractConnector.java:doStop(318)) - Stopped ServerConnector@12a470dd{HTTP/1.1,[http/1.1]}{0.0.0.0:0}
2019-09-25 10:47:55,948 [ForkJoinPool.commonPool-worker-0] INFO  handler.ContextHandler (ContextHandler.java:doStop(910)) - Stopped o.e.j.s.ServletContextHandler@3ba3d4b6{/static,jar:file:/home/user/.m2/repository/org/apache/hadoop/hadoop-hdds-container-service/0.5.0-SNAPSHOT/hadoop-hdds-container-service-0.5.0-SNAPSHOT.jar!/webapps/static,UNAVAILABLE}
2019-09-25 10:47:55,949 [ForkJoinPool.commonPool-worker-0] INFO  handler.ContextHandler (ContextHandler.java:doStop(910)) - Stopped o.e.j.s.ServletContextHandler@3b55dd15{/logs,file:///workdir/hadoop-ozone/integration-test/target/log,UNAVAILABLE}
2019-09-25 10:47:56,817 [Datanode State Machine Thread - 0] INFO  statemachine.DatanodeStateMachine (DatanodeStateMachine.java:lambda$startDaemon$0(350)) - Ozone container server started.
2019-09-25 10:47:59,909 [Thread-788] INFO  impl.FollowerState (FollowerState.java:run(106)) - 8fd6a8fc-1907-40b5-8fe0-7b694f87b35b:group-A5425C89B524 changes to CANDIDATE, lastRpcTime:9592, electionTimeout:5159ms
2019-09-25 10:47:59,911 [Thread-788] INFO  impl.RoleInfo (RoleInfo.java:shutdownFollowerState(121)) - 8fd6a8fc-1907-40b5-8fe0-7b694f87b35b: shutdown FollowerState
2019-09-25 10:47:59,911 [Thread-788] INFO  impl.RaftServerImpl (RaftServerImpl.java:setRole(174)) - 8fd6a8fc-1907-40b5-8fe0-7b694f87b35b@group-A5425C89B524: changes role from  FOLLOWER to CANDIDATE at term 1 for changeToCandidate
2019-09-25 10:47:59,912 [Thread-788] INFO  impl.RoleInfo (RoleInfo.java:updateAndGet(143)) - 8fd6a8fc-1907-40b5-8fe0-7b694f87b35b: start LeaderElection
2019-09-25 10:47:59,915 [8fd6a8fc-1907-40b5-8fe0-7b694f87b35b@group-A5425C89B524:LeaderElection26] INFO  impl.RaftServerImpl (ServerState.java:setLeader(253)) - 8fd6a8fc-1907-40b5-8fe0-7b694f87b35b@group-A5425C89B524: change Leader from 61124df1-009c-4638-aa5a-8c2de913e894 to null at term 1 for initElection
2019-09-25 10:47:59,944 [8fd6a8fc-1907-40b5-8fe0-7b694f87b35b@group-A5425C89B524:LeaderElection26] INFO  impl.LeaderElection (LeaderElection.java:askForVotes(182)) - 8fd6a8fc-1907-40b5-8fe0-7b694f87b35b@group-A5425C89B524:LeaderElection26: begin an election at term 2 for 0: [d65383a8-5e7b-4702-94a1-f30c59e703ae:192.168.164.234:40862, 61124df1-009c-4638-aa5a-8c2de913e894:192.168.164.234:37220, 8fd6a8fc-1907-40b5-8fe0-7b694f87b35b:192.168.164.234:42284], old=null
2019-09-25 10:47:59,954 [8fd6a8fc-1907-40b5-8fe0-7b694f87b35b@group-A5425C89B524:LeaderElection26] INFO  impl.LeaderElection (LogUtils.java:infoOrTrace(149)) - 8fd6a8fc-1907-40b5-8fe0-7b694f87b35b@group-A5425C89B524:LeaderElection26 got exception when requesting votes: {}
java.util.concurrent.ExecutionException: org.apache.ratis.thirdparty.io.grpc.StatusRuntimeException: UNAVAILABLE: io exception
	at java.util.concurrent.FutureTask.report(FutureTask.java:122)
	at java.util.concurrent.FutureTask.get(FutureTask.java:192)
	at org.apache.ratis.server.impl.LeaderElection.waitForResults(LeaderElection.java:263)
	at org.apache.ratis.server.impl.LeaderElection.askForVotes(LeaderElection.java:201)
	at org.apache.ratis.server.impl.LeaderElection.run(LeaderElection.java:133)
	at java.lang.Thread.run(Thread.java:748)
Caused by: org.apache.ratis.thirdparty.io.grpc.StatusRuntimeException: UNAVAILABLE: io exception
	at org.apache.ratis.thirdparty.io.grpc.stub.ClientCalls.toStatusRuntimeException(ClientCalls.java:233)
	at org.apache.ratis.thirdparty.io.grpc.stub.ClientCalls.getUnchecked(ClientCalls.java:214)
	at org.apache.ratis.thirdparty.io.grpc.stub.ClientCalls.blockingUnaryCall(ClientCalls.java:139)
	at org.apache.ratis.proto.grpc.RaftServerProtocolServiceGrpc$RaftServerProtocolServiceBlockingStub.requestVote(RaftServerProtocolServiceGrpc.java:265)
	at org.apache.ratis.grpc.server.GrpcServerProtocolClient.requestVote(GrpcServerProtocolClient.java:90)
	at org.apache.ratis.grpc.server.GrpcService.requestVote(GrpcService.java:204)
	at org.apache.ratis.server.impl.LeaderElection.lambda$submitRequests$1(LeaderElection.java:238)
	at java.util.concurrent.FutureTask.run(FutureTask.java:266)
	at java.util.concurrent.Executors$RunnableAdapter.call(Executors.java:511)
	at java.util.concurrent.FutureTask.run(FutureTask.java:266)
	at java.util.concurrent.ThreadPoolExecutor.runWorker(ThreadPoolExecutor.java:1149)
	at java.util.concurrent.ThreadPoolExecutor$Worker.run(ThreadPoolExecutor.java:624)
	... 1 more
Caused by: org.apache.ratis.thirdparty.io.netty.channel.AbstractChannel$AnnotatedConnectException: Connection refused: /192.168.164.234:40862
	at sun.nio.ch.SocketChannelImpl.checkConnect(Native Method)
	at sun.nio.ch.SocketChannelImpl.finishConnect(SocketChannelImpl.java:717)
	at org.apache.ratis.thirdparty.io.netty.channel.socket.nio.NioSocketChannel.doFinishConnect(NioSocketChannel.java:327)
	at org.apache.ratis.thirdparty.io.netty.channel.nio.AbstractNioChannel$AbstractNioUnsafe.finishConnect(AbstractNioChannel.java:340)
	at org.apache.ratis.thirdparty.io.netty.channel.nio.NioEventLoop.processSelectedKey(NioEventLoop.java:632)
	at org.apache.ratis.thirdparty.io.netty.channel.nio.NioEventLoop.processSelectedKeysOptimized(NioEventLoop.java:579)
	at org.apache.ratis.thirdparty.io.netty.channel.nio.NioEventLoop.processSelectedKeys(NioEventLoop.java:496)
	at org.apache.ratis.thirdparty.io.netty.channel.nio.NioEventLoop.run(NioEventLoop.java:458)
	at org.apache.ratis.thirdparty.io.netty.util.concurrent.SingleThreadEventExecutor$5.run(SingleThreadEventExecutor.java:897)
	at org.apache.ratis.thirdparty.io.netty.util.concurrent.FastThreadLocalRunnable.run(FastThreadLocalRunnable.java:30)
	... 1 more
Caused by: java.net.ConnectException: Connection refused
	... 11 more
2019-09-25 10:47:59,956 [8fd6a8fc-1907-40b5-8fe0-7b694f87b35b@group-A5425C89B524:LeaderElection26] INFO  impl.LeaderElection (LogUtils.java:infoOrTrace(149)) - 8fd6a8fc-1907-40b5-8fe0-7b694f87b35b@group-A5425C89B524:LeaderElection26 got exception when requesting votes: {}
java.util.concurrent.ExecutionException: org.apache.ratis.thirdparty.io.grpc.StatusRuntimeException: UNAVAILABLE: io exception
	at java.util.concurrent.FutureTask.report(FutureTask.java:122)
	at java.util.concurrent.FutureTask.get(FutureTask.java:192)
	at org.apache.ratis.server.impl.LeaderElection.waitForResults(LeaderElection.java:263)
	at org.apache.ratis.server.impl.LeaderElection.askForVotes(LeaderElection.java:201)
	at org.apache.ratis.server.impl.LeaderElection.run(LeaderElection.java:133)
	at java.lang.Thread.run(Thread.java:748)
Caused by: org.apache.ratis.thirdparty.io.grpc.StatusRuntimeException: UNAVAILABLE: io exception
	at org.apache.ratis.thirdparty.io.grpc.stub.ClientCalls.toStatusRuntimeException(ClientCalls.java:233)
	at org.apache.ratis.thirdparty.io.grpc.stub.ClientCalls.getUnchecked(ClientCalls.java:214)
	at org.apache.ratis.thirdparty.io.grpc.stub.ClientCalls.blockingUnaryCall(ClientCalls.java:139)
	at org.apache.ratis.proto.grpc.RaftServerProtocolServiceGrpc$RaftServerProtocolServiceBlockingStub.requestVote(RaftServerProtocolServiceGrpc.java:265)
	at org.apache.ratis.grpc.server.GrpcServerProtocolClient.requestVote(GrpcServerProtocolClient.java:90)
	at org.apache.ratis.grpc.server.GrpcService.requestVote(GrpcService.java:204)
	at org.apache.ratis.server.impl.LeaderElection.lambda$submitRequests$1(LeaderElection.java:238)
	at java.util.concurrent.FutureTask.run(FutureTask.java:266)
	at java.util.concurrent.Executors$RunnableAdapter.call(Executors.java:511)
	at java.util.concurrent.FutureTask.run(FutureTask.java:266)
	at java.util.concurrent.ThreadPoolExecutor.runWorker(ThreadPoolExecutor.java:1149)
	at java.util.concurrent.ThreadPoolExecutor$Worker.run(ThreadPoolExecutor.java:624)
	... 1 more
Caused by: org.apache.ratis.thirdparty.io.netty.channel.AbstractChannel$AnnotatedConnectException: Connection refused: /192.168.164.234:37220
	at sun.nio.ch.SocketChannelImpl.checkConnect(Native Method)
	at sun.nio.ch.SocketChannelImpl.finishConnect(SocketChannelImpl.java:717)
	at org.apache.ratis.thirdparty.io.netty.channel.socket.nio.NioSocketChannel.doFinishConnect(NioSocketChannel.java:327)
	at org.apache.ratis.thirdparty.io.netty.channel.nio.AbstractNioChannel$AbstractNioUnsafe.finishConnect(AbstractNioChannel.java:340)
	at org.apache.ratis.thirdparty.io.netty.channel.nio.NioEventLoop.processSelectedKey(NioEventLoop.java:632)
	at org.apache.ratis.thirdparty.io.netty.channel.nio.NioEventLoop.processSelectedKeysOptimized(NioEventLoop.java:579)
	at org.apache.ratis.thirdparty.io.netty.channel.nio.NioEventLoop.processSelectedKeys(NioEventLoop.java:496)
	at org.apache.ratis.thirdparty.io.netty.channel.nio.NioEventLoop.run(NioEventLoop.java:458)
	at org.apache.ratis.thirdparty.io.netty.util.concurrent.SingleThreadEventExecutor$5.run(SingleThreadEventExecutor.java:897)
	at org.apache.ratis.thirdparty.io.netty.util.concurrent.FastThreadLocalRunnable.run(FastThreadLocalRunnable.java:30)
	... 1 more
Caused by: java.net.ConnectException: Connection refused
	... 11 more
2019-09-25 10:47:59,958 [8fd6a8fc-1907-40b5-8fe0-7b694f87b35b@group-A5425C89B524:LeaderElection26] INFO  impl.LeaderElection (LeaderElection.java:logAndReturn(56)) - 8fd6a8fc-1907-40b5-8fe0-7b694f87b35b@group-A5425C89B524:LeaderElection26: Election REJECTED; received 0 response(s) [] and 2 exception(s); 8fd6a8fc-1907-40b5-8fe0-7b694f87b35b@group-A5425C89B524:t2, leader=null, voted=8fd6a8fc-1907-40b5-8fe0-7b694f87b35b, raftlog=8fd6a8fc-1907-40b5-8fe0-7b694f87b35b@group-A5425C89B524-SegmentedRaftLog:OPENED:c0,f0,i0, conf=0: [d65383a8-5e7b-4702-94a1-f30c59e703ae:192.168.164.234:40862, 61124df1-009c-4638-aa5a-8c2de913e894:192.168.164.234:37220, 8fd6a8fc-1907-40b5-8fe0-7b694f87b35b:192.168.164.234:42284], old=null
2019-09-25 10:47:59,958 [8fd6a8fc-1907-40b5-8fe0-7b694f87b35b@group-A5425C89B524:LeaderElection26] INFO  impl.LeaderElection (LogUtils.java:infoOrTrace(149)) -   Exception 0: {}
java.util.concurrent.ExecutionException: org.apache.ratis.thirdparty.io.grpc.StatusRuntimeException: UNAVAILABLE: io exception
	at java.util.concurrent.FutureTask.report(FutureTask.java:122)
	at java.util.concurrent.FutureTask.get(FutureTask.java:192)
	at org.apache.ratis.server.impl.LeaderElection.waitForResults(LeaderElection.java:263)
	at org.apache.ratis.server.impl.LeaderElection.askForVotes(LeaderElection.java:201)
	at org.apache.ratis.server.impl.LeaderElection.run(LeaderElection.java:133)
	at java.lang.Thread.run(Thread.java:748)
Caused by: org.apache.ratis.thirdparty.io.grpc.StatusRuntimeException: UNAVAILABLE: io exception
	at org.apache.ratis.thirdparty.io.grpc.stub.ClientCalls.toStatusRuntimeException(ClientCalls.java:233)
	at org.apache.ratis.thirdparty.io.grpc.stub.ClientCalls.getUnchecked(ClientCalls.java:214)
	at org.apache.ratis.thirdparty.io.grpc.stub.ClientCalls.blockingUnaryCall(ClientCalls.java:139)
	at org.apache.ratis.proto.grpc.RaftServerProtocolServiceGrpc$RaftServerProtocolServiceBlockingStub.requestVote(RaftServerProtocolServiceGrpc.java:265)
	at org.apache.ratis.grpc.server.GrpcServerProtocolClient.requestVote(GrpcServerProtocolClient.java:90)
	at org.apache.ratis.grpc.server.GrpcService.requestVote(GrpcService.java:204)
	at org.apache.ratis.server.impl.LeaderElection.lambda$submitRequests$1(LeaderElection.java:238)
	at java.util.concurrent.FutureTask.run(FutureTask.java:266)
	at java.util.concurrent.Executors$RunnableAdapter.call(Executors.java:511)
	at java.util.concurrent.FutureTask.run(FutureTask.java:266)
	at java.util.concurrent.ThreadPoolExecutor.runWorker(ThreadPoolExecutor.java:1149)
	at java.util.concurrent.ThreadPoolExecutor$Worker.run(ThreadPoolExecutor.java:624)
	... 1 more
Caused by: org.apache.ratis.thirdparty.io.netty.channel.AbstractChannel$AnnotatedConnectException: Connection refused: /192.168.164.234:40862
	at sun.nio.ch.SocketChannelImpl.checkConnect(Native Method)
	at sun.nio.ch.SocketChannelImpl.finishConnect(SocketChannelImpl.java:717)
	at org.apache.ratis.thirdparty.io.netty.channel.socket.nio.NioSocketChannel.doFinishConnect(NioSocketChannel.java:327)
	at org.apache.ratis.thirdparty.io.netty.channel.nio.AbstractNioChannel$AbstractNioUnsafe.finishConnect(AbstractNioChannel.java:340)
	at org.apache.ratis.thirdparty.io.netty.channel.nio.NioEventLoop.processSelectedKey(NioEventLoop.java:632)
	at org.apache.ratis.thirdparty.io.netty.channel.nio.NioEventLoop.processSelectedKeysOptimized(NioEventLoop.java:579)
	at org.apache.ratis.thirdparty.io.netty.channel.nio.NioEventLoop.processSelectedKeys(NioEventLoop.java:496)
	at org.apache.ratis.thirdparty.io.netty.channel.nio.NioEventLoop.run(NioEventLoop.java:458)
	at org.apache.ratis.thirdparty.io.netty.util.concurrent.SingleThreadEventExecutor$5.run(SingleThreadEventExecutor.java:897)
	at org.apache.ratis.thirdparty.io.netty.util.concurrent.FastThreadLocalRunnable.run(FastThreadLocalRunnable.java:30)
	... 1 more
Caused by: java.net.ConnectException: Connection refused
	... 11 more
2019-09-25 10:47:59,959 [8fd6a8fc-1907-40b5-8fe0-7b694f87b35b@group-A5425C89B524:LeaderElection26] INFO  impl.LeaderElection (LogUtils.java:infoOrTrace(149)) -   Exception 1: {}
java.util.concurrent.ExecutionException: org.apache.ratis.thirdparty.io.grpc.StatusRuntimeException: UNAVAILABLE: io exception
	at java.util.concurrent.FutureTask.report(FutureTask.java:122)
	at java.util.concurrent.FutureTask.get(FutureTask.java:192)
	at org.apache.ratis.server.impl.LeaderElection.waitForResults(LeaderElection.java:263)
	at org.apache.ratis.server.impl.LeaderElection.askForVotes(LeaderElection.java:201)
	at org.apache.ratis.server.impl.LeaderElection.run(LeaderElection.java:133)
	at java.lang.Thread.run(Thread.java:748)
Caused by: org.apache.ratis.thirdparty.io.grpc.StatusRuntimeException: UNAVAILABLE: io exception
	at org.apache.ratis.thirdparty.io.grpc.stub.ClientCalls.toStatusRuntimeException(ClientCalls.java:233)
	at org.apache.ratis.thirdparty.io.grpc.stub.ClientCalls.getUnchecked(ClientCalls.java:214)
	at org.apache.ratis.thirdparty.io.grpc.stub.ClientCalls.blockingUnaryCall(ClientCalls.java:139)
	at org.apache.ratis.proto.grpc.RaftServerProtocolServiceGrpc$RaftServerProtocolServiceBlockingStub.requestVote(RaftServerProtocolServiceGrpc.java:265)
	at org.apache.ratis.grpc.server.GrpcServerProtocolClient.requestVote(GrpcServerProtocolClient.java:90)
	at org.apache.ratis.grpc.server.GrpcService.requestVote(GrpcService.java:204)
	at org.apache.ratis.server.impl.LeaderElection.lambda$submitRequests$1(LeaderElection.java:238)
	at java.util.concurrent.FutureTask.run(FutureTask.java:266)
	at java.util.concurrent.Executors$RunnableAdapter.call(Executors.java:511)
	at java.util.concurrent.FutureTask.run(FutureTask.java:266)
	at java.util.concurrent.ThreadPoolExecutor.runWorker(ThreadPoolExecutor.java:1149)
	at java.util.concurrent.ThreadPoolExecutor$Worker.run(ThreadPoolExecutor.java:624)
	... 1 more
Caused by: org.apache.ratis.thirdparty.io.netty.channel.AbstractChannel$AnnotatedConnectException: Connection refused: /192.168.164.234:37220
	at sun.nio.ch.SocketChannelImpl.checkConnect(Native Method)
	at sun.nio.ch.SocketChannelImpl.finishConnect(SocketChannelImpl.java:717)
	at org.apache.ratis.thirdparty.io.netty.channel.socket.nio.NioSocketChannel.doFinishConnect(NioSocketChannel.java:327)
	at org.apache.ratis.thirdparty.io.netty.channel.nio.AbstractNioChannel$AbstractNioUnsafe.finishConnect(AbstractNioChannel.java:340)
	at org.apache.ratis.thirdparty.io.netty.channel.nio.NioEventLoop.processSelectedKey(NioEventLoop.java:632)
	at org.apache.ratis.thirdparty.io.netty.channel.nio.NioEventLoop.processSelectedKeysOptimized(NioEventLoop.java:579)
	at org.apache.ratis.thirdparty.io.netty.channel.nio.NioEventLoop.processSelectedKeys(NioEventLoop.java:496)
	at org.apache.ratis.thirdparty.io.netty.channel.nio.NioEventLoop.run(NioEventLoop.java:458)
	at org.apache.ratis.thirdparty.io.netty.util.concurrent.SingleThreadEventExecutor$5.run(SingleThreadEventExecutor.java:897)
	at org.apache.ratis.thirdparty.io.netty.util.concurrent.FastThreadLocalRunnable.run(FastThreadLocalRunnable.java:30)
	... 1 more
Caused by: java.net.ConnectException: Connection refused
	... 11 more
2019-09-25 10:47:59,959 [8fd6a8fc-1907-40b5-8fe0-7b694f87b35b@group-A5425C89B524:LeaderElection26] INFO  impl.RaftServerImpl (RaftServerImpl.java:setRole(174)) - 8fd6a8fc-1907-40b5-8fe0-7b694f87b35b@group-A5425C89B524: changes role from CANDIDATE to FOLLOWER at term 2 for DISCOVERED_A_NEW_TERM
2019-09-25 10:47:59,960 [8fd6a8fc-1907-40b5-8fe0-7b694f87b35b@group-A5425C89B524:LeaderElection26] INFO  impl.RoleInfo (RoleInfo.java:shutdownLeaderElection(134)) - 8fd6a8fc-1907-40b5-8fe0-7b694f87b35b: shutdown LeaderElection
2019-09-25 10:47:59,960 [8fd6a8fc-1907-40b5-8fe0-7b694f87b35b@group-A5425C89B524:LeaderElection26] INFO  impl.RoleInfo (RoleInfo.java:updateAndGet(143)) - 8fd6a8fc-1907-40b5-8fe0-7b694f87b35b: start FollowerState
2019-09-25 10:48:00,895 [main] INFO  ozoneimpl.OzoneContainer (OzoneContainer.java:stop(231)) - Attempting to stop container services.
2019-09-25 10:48:00,899 [main] INFO  impl.RaftServerProxy (RaftServerProxy.java:lambda$close$4(314)) - 6aa10c05-48fc-4ac9-9cd7-308cacba71f0: close
2019-09-25 10:48:00,900 [main] INFO  impl.RaftServerImpl (RaftServerImpl.java:lambda$shutdown$3(251)) - 6aa10c05-48fc-4ac9-9cd7-308cacba71f0@group-D1F63E14906E: shutdown
2019-09-25 10:48:00,900 [main] INFO  util.JmxRegister (JmxRegister.java:unregister(73)) - Successfully un-registered JMX Bean with object name Ratis:service=RaftServer,group=group-D1F63E14906E,id=6aa10c05-48fc-4ac9-9cd7-308cacba71f0
2019-09-25 10:48:00,901 [main] INFO  impl.RoleInfo (RoleInfo.java:shutdownLeaderState(104)) - 6aa10c05-48fc-4ac9-9cd7-308cacba71f0: shutdown LeaderState
2019-09-25 10:48:00,901 [main] INFO  impl.PendingRequests (PendingRequests.java:sendNotLeaderResponses(202)) - 6aa10c05-48fc-4ac9-9cd7-308cacba71f0-PendingRequests: sendNotLeaderResponses
2019-09-25 10:48:00,902 [main] INFO  impl.StateMachineUpdater (StateMachineUpdater.java:stopAndJoin(125)) - 6aa10c05-48fc-4ac9-9cd7-308cacba71f0@group-D1F63E14906E-StateMachineUpdater: set stopIndex = 0
2019-09-25 10:48:00,903 [main] INFO  impl.RaftServerImpl (ServerState.java:close(385)) - 6aa10c05-48fc-4ac9-9cd7-308cacba71f0@group-D1F63E14906E: closes. applyIndex: 0
2019-09-25 10:48:00,904 [6aa10c05-48fc-4ac9-9cd7-308cacba71f0@group-D1F63E14906E-SegmentedRaftLogWorker] INFO  segmented.SegmentedRaftLogWorker (SegmentedRaftLogWorker.java:run(313)) - 6aa10c05-48fc-4ac9-9cd7-308cacba71f0@group-D1F63E14906E-SegmentedRaftLogWorker was interrupted, exiting. There are 0 tasks remaining in the queue.
2019-09-25 10:48:00,906 [main] INFO  segmented.SegmentedRaftLogWorker (SegmentedRaftLogWorker.java:close(228)) - 6aa10c05-48fc-4ac9-9cd7-308cacba71f0@group-D1F63E14906E-SegmentedRaftLogWorker close()
2019-09-25 10:48:00,908 [main] INFO  impl.RaftServerImpl (RaftServerImpl.java:lambda$shutdown$3(251)) - 6aa10c05-48fc-4ac9-9cd7-308cacba71f0@group-1B1D3B05D62B: shutdown
2019-09-25 10:48:00,908 [main] INFO  util.JmxRegister (JmxRegister.java:unregister(73)) - Successfully un-registered JMX Bean with object name Ratis:service=RaftServer,group=group-1B1D3B05D62B,id=6aa10c05-48fc-4ac9-9cd7-308cacba71f0
2019-09-25 10:48:00,909 [main] INFO  impl.RoleInfo (RoleInfo.java:shutdownFollowerState(121)) - 6aa10c05-48fc-4ac9-9cd7-308cacba71f0: shutdown FollowerState
2019-09-25 10:48:00,909 [main] INFO  impl.StateMachineUpdater (StateMachineUpdater.java:stopAndJoin(125)) - 6aa10c05-48fc-4ac9-9cd7-308cacba71f0@group-1B1D3B05D62B-StateMachineUpdater: set stopIndex = 9
2019-09-25 10:48:00,909 [Thread-1362] INFO  impl.FollowerState (FollowerState.java:run(115)) - 6aa10c05-48fc-4ac9-9cd7-308cacba71f0: FollowerState was interrupted: java.lang.InterruptedException: sleep interrupted
2019-09-25 10:48:00,910 [6aa10c05-48fc-4ac9-9cd7-308cacba71f0@group-1B1D3B05D62B-StateMachineUpdater] INFO  ratis.ContainerStateMachine (ContainerStateMachine.java:takeSnapshot(289)) - group-1B1D3B05D62B: Taking a snapshot at:(t:1, i:6) file /workdir/hadoop-ozone/integration-test/target/test-dir/MiniOzoneClusterImpl-98543f66-0f4c-4586-80e6-01b94623704d/datanode-6/data/ratis/e9bea230-6a68-4f56-bf80-1b1d3b05d62b/sm/snapshot.1_6
2019-09-25 10:48:00,926 [6aa10c05-48fc-4ac9-9cd7-308cacba71f0@group-1B1D3B05D62B-StateMachineUpdater] INFO  ratis.ContainerStateMachine (ContainerStateMachine.java:takeSnapshot(300)) - group-1B1D3B05D62B: Finished taking a snapshot at:(t:1, i:6) file:/workdir/hadoop-ozone/integration-test/target/test-dir/MiniOzoneClusterImpl-98543f66-0f4c-4586-80e6-01b94623704d/datanode-6/data/ratis/e9bea230-6a68-4f56-bf80-1b1d3b05d62b/sm/snapshot.1_6 time:16
2019-09-25 10:48:00,926 [6aa10c05-48fc-4ac9-9cd7-308cacba71f0@group-1B1D3B05D62B-StateMachineUpdater] INFO  impl.StateMachineUpdater (StateMachineUpdater.java:takeSnapshot(258)) - 6aa10c05-48fc-4ac9-9cd7-308cacba71f0@group-1B1D3B05D62B-StateMachineUpdater: Took a snapshot at index 6
2019-09-25 10:48:00,926 [6aa10c05-48fc-4ac9-9cd7-308cacba71f0@group-1B1D3B05D62B-StateMachineUpdater] INFO  impl.StateMachineUpdater (StateMachineUpdater.java:lambda$new$0(83)) - 6aa10c05-48fc-4ac9-9cd7-308cacba71f0@group-1B1D3B05D62B-StateMachineUpdater: snapshotIndex: updateIncreasingly -1 -> 6
2019-09-25 10:48:00,927 [6aa10c05-48fc-4ac9-9cd7-308cacba71f0@group-1B1D3B05D62B-StateMachineUpdater] INFO  ratis.ContainerStateMachine (ContainerStateMachine.java:takeSnapshot(289)) - group-1B1D3B05D62B: Taking a snapshot at:(t:1, i:6) file /workdir/hadoop-ozone/integration-test/target/test-dir/MiniOzoneClusterImpl-98543f66-0f4c-4586-80e6-01b94623704d/datanode-6/data/ratis/e9bea230-6a68-4f56-bf80-1b1d3b05d62b/sm/snapshot.1_6
2019-09-25 10:48:00,940 [6aa10c05-48fc-4ac9-9cd7-308cacba71f0@group-1B1D3B05D62B-StateMachineUpdater] INFO  ratis.ContainerStateMachine (ContainerStateMachine.java:takeSnapshot(300)) - group-1B1D3B05D62B: Finished taking a snapshot at:(t:1, i:6) file:/workdir/hadoop-ozone/integration-test/target/test-dir/MiniOzoneClusterImpl-98543f66-0f4c-4586-80e6-01b94623704d/datanode-6/data/ratis/e9bea230-6a68-4f56-bf80-1b1d3b05d62b/sm/snapshot.1_6 time:13
2019-09-25 10:48:00,940 [6aa10c05-48fc-4ac9-9cd7-308cacba71f0@group-1B1D3B05D62B-StateMachineUpdater] INFO  impl.StateMachineUpdater (StateMachineUpdater.java:takeSnapshot(258)) - 6aa10c05-48fc-4ac9-9cd7-308cacba71f0@group-1B1D3B05D62B-StateMachineUpdater: Took a snapshot at index 6
2019-09-25 10:48:00,940 [6aa10c05-48fc-4ac9-9cd7-308cacba71f0@group-1B1D3B05D62B-StateMachineUpdater] INFO  impl.StateMachineUpdater (StateMachineUpdater.java:lambda$new$0(83)) - 6aa10c05-48fc-4ac9-9cd7-308cacba71f0@group-1B1D3B05D62B-StateMachineUpdater: snapshotIndex: updateIncreasingly 6 -> 6
2019-09-25 10:48:00,941 [main] INFO  impl.RaftServerImpl (ServerState.java:close(385)) - 6aa10c05-48fc-4ac9-9cd7-308cacba71f0@group-1B1D3B05D62B: closes. applyIndex: 9
2019-09-25 10:48:00,941 [6aa10c05-48fc-4ac9-9cd7-308cacba71f0@group-1B1D3B05D62B-SegmentedRaftLogWorker] INFO  segmented.SegmentedRaftLogWorker (SegmentedRaftLogWorker.java:run(313)) - 6aa10c05-48fc-4ac9-9cd7-308cacba71f0@group-1B1D3B05D62B-SegmentedRaftLogWorker was interrupted, exiting. There are 0 tasks remaining in the queue.
2019-09-25 10:48:00,943 [main] INFO  segmented.SegmentedRaftLogWorker (SegmentedRaftLogWorker.java:close(228)) - 6aa10c05-48fc-4ac9-9cd7-308cacba71f0@group-1B1D3B05D62B-SegmentedRaftLogWorker close()
2019-09-25 10:48:00,953 [main] INFO  server.GrpcService (GrpcService.java:closeImpl(164)) - 6aa10c05-48fc-4ac9-9cd7-308cacba71f0: shutdown server with port 41883 now
2019-09-25 10:48:00,953 [ForkJoinPool.commonPool-worker-0] INFO  ozoneimpl.OzoneContainer (OzoneContainer.java:stop(231)) - Attempting to stop container services.
2019-09-25 10:48:00,953 [ForkJoinPool.commonPool-worker-0] INFO  impl.RaftServerProxy (RaftServerProxy.java:lambda$close$4(314)) - 8fd6a8fc-1907-40b5-8fe0-7b694f87b35b: close
2019-09-25 10:48:00,957 [ForkJoinPool.commonPool-worker-0] INFO  impl.RaftServerImpl (RaftServerImpl.java:lambda$shutdown$3(251)) - 8fd6a8fc-1907-40b5-8fe0-7b694f87b35b@group-3545C189BBA5: shutdown
2019-09-25 10:48:00,958 [ForkJoinPool.commonPool-worker-0] INFO  util.JmxRegister (JmxRegister.java:unregister(73)) - Successfully un-registered JMX Bean with object name Ratis:service=RaftServer,group=group-3545C189BBA5,id=8fd6a8fc-1907-40b5-8fe0-7b694f87b35b
2019-09-25 10:48:00,958 [ForkJoinPool.commonPool-worker-0] INFO  impl.RoleInfo (RoleInfo.java:shutdownLeaderState(104)) - 8fd6a8fc-1907-40b5-8fe0-7b694f87b35b: shutdown LeaderState
2019-09-25 10:48:00,958 [ForkJoinPool.commonPool-worker-0] INFO  impl.PendingRequests (PendingRequests.java:sendNotLeaderResponses(202)) - 8fd6a8fc-1907-40b5-8fe0-7b694f87b35b-PendingRequests: sendNotLeaderResponses
2019-09-25 10:48:00,958 [main] INFO  server.GrpcService (GrpcService.java:closeImpl(172)) - 6aa10c05-48fc-4ac9-9cd7-308cacba71f0: shutdown server with port 41883 successfully
2019-09-25 10:48:00,959 [ForkJoinPool.commonPool-worker-0] INFO  impl.StateMachineUpdater (StateMachineUpdater.java:stopAndJoin(125)) - 8fd6a8fc-1907-40b5-8fe0-7b694f87b35b@group-3545C189BBA5-StateMachineUpdater: set stopIndex = 0
2019-09-25 10:48:00,959 [ForkJoinPool.commonPool-worker-0] INFO  impl.RaftServerImpl (ServerState.java:close(385)) - 8fd6a8fc-1907-40b5-8fe0-7b694f87b35b@group-3545C189BBA5: closes. applyIndex: 0
2019-09-25 10:48:00,960 [8fd6a8fc-1907-40b5-8fe0-7b694f87b35b@group-3545C189BBA5-SegmentedRaftLogWorker] INFO  segmented.SegmentedRaftLogWorker (SegmentedRaftLogWorker.java:run(313)) - 8fd6a8fc-1907-40b5-8fe0-7b694f87b35b@group-3545C189BBA5-SegmentedRaftLogWorker was interrupted, exiting. There are 0 tasks remaining in the queue.
2019-09-25 10:48:00,960 [ForkJoinPool.commonPool-worker-0] INFO  segmented.SegmentedRaftLogWorker (SegmentedRaftLogWorker.java:close(228)) - 8fd6a8fc-1907-40b5-8fe0-7b694f87b35b@group-3545C189BBA5-SegmentedRaftLogWorker close()
2019-09-25 10:48:00,961 [ForkJoinPool.commonPool-worker-0] INFO  impl.RaftServerImpl (RaftServerImpl.java:lambda$shutdown$3(251)) - 8fd6a8fc-1907-40b5-8fe0-7b694f87b35b@group-A5425C89B524: shutdown
2019-09-25 10:48:00,961 [ForkJoinPool.commonPool-worker-0] INFO  util.JmxRegister (JmxRegister.java:unregister(73)) - Successfully un-registered JMX Bean with object name Ratis:service=RaftServer,group=group-A5425C89B524,id=8fd6a8fc-1907-40b5-8fe0-7b694f87b35b
2019-09-25 10:48:00,961 [grpc-default-executor-3] WARN  client.GrpcClientProtocolService (LogUtils.java:warn(134)) - 50-OrderedRequestStreamObserver50: onError: org.apache.ratis.thirdparty.io.grpc.StatusRuntimeException: CANCELLED: cancelled before receiving half close
2019-09-25 10:48:00,961 [refreshUsed-/workdir/hadoop-ozone/integration-test/target/test-dir/MiniOzoneClusterImpl-98543f66-0f4c-4586-80e6-01b94623704d/datanode-6/data/containers] WARN  fs.CachingGetSpaceUsed (CachingGetSpaceUsed.java:run(183)) - Thread Interrupted waiting to refresh disk information: sleep interrupted
2019-09-25 10:48:00,961 [ForkJoinPool.commonPool-worker-0] INFO  impl.RoleInfo (RoleInfo.java:shutdownFollowerState(121)) - 8fd6a8fc-1907-40b5-8fe0-7b694f87b35b: shutdown FollowerState
2019-09-25 10:48:00,962 [ForkJoinPool.commonPool-worker-0] INFO  impl.StateMachineUpdater (StateMachineUpdater.java:stopAndJoin(125)) - 8fd6a8fc-1907-40b5-8fe0-7b694f87b35b@group-A5425C89B524-StateMachineUpdater: set stopIndex = 0
2019-09-25 10:48:00,962 [Thread-1374] INFO  impl.FollowerState (FollowerState.java:run(115)) - 8fd6a8fc-1907-40b5-8fe0-7b694f87b35b: FollowerState was interrupted: java.lang.InterruptedException: sleep interrupted
2019-09-25 10:48:00,963 [ForkJoinPool.commonPool-worker-0] INFO  impl.RaftServerImpl (ServerState.java:close(385)) - 8fd6a8fc-1907-40b5-8fe0-7b694f87b35b@group-A5425C89B524: closes. applyIndex: 0
2019-09-25 10:48:00,966 [8fd6a8fc-1907-40b5-8fe0-7b694f87b35b@group-A5425C89B524-SegmentedRaftLogWorker] INFO  segmented.SegmentedRaftLogWorker (SegmentedRaftLogWorker.java:run(313)) - 8fd6a8fc-1907-40b5-8fe0-7b694f87b35b@group-A5425C89B524-SegmentedRaftLogWorker was interrupted, exiting. There are 0 tasks remaining in the queue.
2019-09-25 10:48:00,966 [ForkJoinPool.commonPool-worker-0] INFO  segmented.SegmentedRaftLogWorker (SegmentedRaftLogWorker.java:close(228)) - 8fd6a8fc-1907-40b5-8fe0-7b694f87b35b@group-A5425C89B524-SegmentedRaftLogWorker close()
2019-09-25 10:48:00,967 [ForkJoinPool.commonPool-worker-0] INFO  server.GrpcService (GrpcService.java:closeImpl(164)) - 8fd6a8fc-1907-40b5-8fe0-7b694f87b35b: shutdown server with port 42284 now
2019-09-25 10:48:00,967 [ForkJoinPool.commonPool-worker-0] INFO  server.GrpcService (GrpcService.java:closeImpl(172)) - 8fd6a8fc-1907-40b5-8fe0-7b694f87b35b: shutdown server with port 42284 successfully
2019-09-25 10:48:00,969 [refreshUsed-/workdir/hadoop-ozone/integration-test/target/test-dir/MiniOzoneClusterImpl-98543f66-0f4c-4586-80e6-01b94623704d/datanode-0/data/containers] WARN  fs.CachingGetSpaceUsed (CachingGetSpaceUsed.java:run(183)) - Thread Interrupted waiting to refresh disk information: sleep interrupted
2019-09-25 10:48:00,985 [main] INFO  utils.BackgroundService (BackgroundService.java:shutdown(148)) - Shutting down service BlockDeletingService
2019-09-25 10:48:00,988 [main] INFO  statemachine.DatanodeStateMachine (DatanodeStateMachine.java:stopDaemon(395)) - Ozone container server stopped.
2019-09-25 10:48:00,991 [ForkJoinPool.commonPool-worker-0] INFO  utils.BackgroundService (BackgroundService.java:shutdown(148)) - Shutting down service BlockDeletingService
2019-09-25 10:48:00,994 [ForkJoinPool.commonPool-worker-0] INFO  statemachine.DatanodeStateMachine (DatanodeStateMachine.java:stopDaemon(395)) - Ozone container server stopped.
2019-09-25 10:48:01,002 [main] INFO  handler.ContextHandler (ContextHandler.java:doStop(910)) - Stopped o.e.j.w.WebAppContext@45900b64{/,null,UNAVAILABLE}{/hddsDatanode}
2019-09-25 10:48:01,002 [ForkJoinPool.commonPool-worker-0] INFO  handler.ContextHandler (ContextHandler.java:doStop(910)) - Stopped o.e.j.w.WebAppContext@3eb292cd{/,null,UNAVAILABLE}{/hddsDatanode}
2019-09-25 10:48:01,003 [main] INFO  server.AbstractConnector (AbstractConnector.java:doStop(318)) - Stopped ServerConnector@f2a1813{HTTP/1.1,[http/1.1]}{0.0.0.0:0}
2019-09-25 10:48:01,003 [ForkJoinPool.commonPool-worker-0] INFO  server.AbstractConnector (AbstractConnector.java:doStop(318)) - Stopped ServerConnector@7fd987ef{HTTP/1.1,[http/1.1]}{0.0.0.0:0}
2019-09-25 10:48:01,003 [main] INFO  handler.ContextHandler (ContextHandler.java:doStop(910)) - Stopped o.e.j.s.ServletContextHandler@de81be1{/static,jar:file:/home/user/.m2/repository/org/apache/hadoop/hadoop-hdds-container-service/0.5.0-SNAPSHOT/hadoop-hdds-container-service-0.5.0-SNAPSHOT.jar!/webapps/static,UNAVAILABLE}
2019-09-25 10:48:01,004 [ForkJoinPool.commonPool-worker-0] INFO  handler.ContextHandler (ContextHandler.java:doStop(910)) - Stopped o.e.j.s.ServletContextHandler@3252747e{/static,jar:file:/home/user/.m2/repository/org/apache/hadoop/hadoop-hdds-container-service/0.5.0-SNAPSHOT/hadoop-hdds-container-service-0.5.0-SNAPSHOT.jar!/webapps/static,UNAVAILABLE}
2019-09-25 10:48:01,005 [main] INFO  handler.ContextHandler (ContextHandler.java:doStop(910)) - Stopped o.e.j.s.ServletContextHandler@2e7bf7b7{/logs,file:///workdir/hadoop-ozone/integration-test/target/log,UNAVAILABLE}
2019-09-25 10:48:01,006 [ForkJoinPool.commonPool-worker-0] INFO  handler.ContextHandler (ContextHandler.java:doStop(910)) - Stopped o.e.j.s.ServletContextHandler@631cb129{/logs,file:///workdir/hadoop-ozone/integration-test/target/log,UNAVAILABLE}
2019-09-25 10:48:01,129 [Datanode State Machine Thread - 0] INFO  statemachine.DatanodeStateMachine (DatanodeStateMachine.java:lambda$startDaemon$0(350)) - Ozone container server started.
2019-09-25 10:48:06,009 [main] INFO  ozoneimpl.OzoneContainer (OzoneContainer.java:stop(231)) - Attempting to stop container services.
2019-09-25 10:48:06,012 [main] INFO  impl.RaftServerProxy (RaftServerProxy.java:lambda$close$4(314)) - ce695c2b-5bea-4187-952b-b1ab4bd81dd9: close
2019-09-25 10:48:06,012 [main] INFO  impl.RaftServerImpl (RaftServerImpl.java:lambda$shutdown$3(251)) - ce695c2b-5bea-4187-952b-b1ab4bd81dd9@group-E53018FAD212: shutdown
2019-09-25 10:48:06,013 [main] INFO  util.JmxRegister (JmxRegister.java:unregister(73)) - Successfully un-registered JMX Bean with object name Ratis:service=RaftServer,group=group-E53018FAD212,id=ce695c2b-5bea-4187-952b-b1ab4bd81dd9
2019-09-25 10:48:06,013 [main] INFO  impl.RoleInfo (RoleInfo.java:shutdownLeaderState(104)) - ce695c2b-5bea-4187-952b-b1ab4bd81dd9: shutdown LeaderState
2019-09-25 10:48:06,014 [main] INFO  impl.PendingRequests (PendingRequests.java:sendNotLeaderResponses(202)) - ce695c2b-5bea-4187-952b-b1ab4bd81dd9-PendingRequests: sendNotLeaderResponses
2019-09-25 10:48:06,015 [main] INFO  impl.StateMachineUpdater (StateMachineUpdater.java:stopAndJoin(125)) - ce695c2b-5bea-4187-952b-b1ab4bd81dd9@group-E53018FAD212-StateMachineUpdater: set stopIndex = 0
2019-09-25 10:48:06,016 [main] INFO  impl.RaftServerImpl (ServerState.java:close(385)) - ce695c2b-5bea-4187-952b-b1ab4bd81dd9@group-E53018FAD212: closes. applyIndex: 0
2019-09-25 10:48:06,017 [ce695c2b-5bea-4187-952b-b1ab4bd81dd9@group-E53018FAD212-SegmentedRaftLogWorker] INFO  segmented.SegmentedRaftLogWorker (SegmentedRaftLogWorker.java:run(313)) - ce695c2b-5bea-4187-952b-b1ab4bd81dd9@group-E53018FAD212-SegmentedRaftLogWorker was interrupted, exiting. There are 0 tasks remaining in the queue.
2019-09-25 10:48:06,017 [main] INFO  segmented.SegmentedRaftLogWorker (SegmentedRaftLogWorker.java:close(228)) - ce695c2b-5bea-4187-952b-b1ab4bd81dd9@group-E53018FAD212-SegmentedRaftLogWorker close()
2019-09-25 10:48:06,018 [main] INFO  server.GrpcService (GrpcService.java:closeImpl(164)) - ce695c2b-5bea-4187-952b-b1ab4bd81dd9: shutdown server with port 34875 now
2019-09-25 10:48:06,022 [main] INFO  server.GrpcService (GrpcService.java:closeImpl(172)) - ce695c2b-5bea-4187-952b-b1ab4bd81dd9: shutdown server with port 34875 successfully
2019-09-25 10:48:06,029 [refreshUsed-/workdir/hadoop-ozone/integration-test/target/test-dir/MiniOzoneClusterImpl-98543f66-0f4c-4586-80e6-01b94623704d/datanode-5/data/containers] WARN  fs.CachingGetSpaceUsed (CachingGetSpaceUsed.java:run(183)) - Thread Interrupted waiting to refresh disk information: sleep interrupted
2019-09-25 10:48:06,048 [main] INFO  utils.BackgroundService (BackgroundService.java:shutdown(148)) - Shutting down service BlockDeletingService
2019-09-25 10:48:06,052 [main] INFO  statemachine.DatanodeStateMachine (DatanodeStateMachine.java:stopDaemon(395)) - Ozone container server stopped.
2019-09-25 10:48:06,064 [main] INFO  handler.ContextHandler (ContextHandler.java:doStop(910)) - Stopped o.e.j.w.WebAppContext@66813e6e{/,null,UNAVAILABLE}{/hddsDatanode}
2019-09-25 10:48:06,066 [main] INFO  server.AbstractConnector (AbstractConnector.java:doStop(318)) - Stopped ServerConnector@dab1f89{HTTP/1.1,[http/1.1]}{0.0.0.0:0}
2019-09-25 10:48:06,066 [main] INFO  handler.ContextHandler (ContextHandler.java:doStop(910)) - Stopped o.e.j.s.ServletContextHandler@f8a6243{/static,jar:file:/home/user/.m2/repository/org/apache/hadoop/hadoop-hdds-container-service/0.5.0-SNAPSHOT/hadoop-hdds-container-service-0.5.0-SNAPSHOT.jar!/webapps/static,UNAVAILABLE}
2019-09-25 10:48:06,067 [main] INFO  handler.ContextHandler (ContextHandler.java:doStop(910)) - Stopped o.e.j.s.ServletContextHandler@29be997f{/logs,file:///workdir/hadoop-ozone/integration-test/target/log,UNAVAILABLE}
2019-09-25 10:48:06,069 [main] INFO  ozone.MiniOzoneClusterImpl (MiniOzoneClusterImpl.java:stopSCM(392)) - Stopping the StorageContainerManager
2019-09-25 10:48:06,069 [main] INFO  server.StorageContainerManager (StorageContainerManager.java:stop(808)) - Stopping Replication Manager Service.
2019-09-25 10:48:06,069 [main] INFO  container.ReplicationManager (ReplicationManager.java:stop(203)) - Stopping Replication Monitor Thread.
2019-09-25 10:48:06,069 [main] INFO  server.StorageContainerManager (StorageContainerManager.java:stop(815)) - Stopping Lease Manager of the command watchers
2019-09-25 10:48:06,070 [main] INFO  server.StorageContainerManager (StorageContainerManager.java:stop(822)) - Stopping datanode service RPC server
2019-09-25 10:48:06,070 [main] INFO  server.SCMDatanodeProtocolServer (SCMDatanodeProtocolServer.java:stop(367)) - Stopping the RPC server for DataNodes
2019-09-25 10:48:06,070 [main] INFO  ipc.Server (Server.java:stop(3082)) - Stopping server on 39300
2019-09-25 10:48:06,073 [IPC Server listener on 39300] INFO  ipc.Server (Server.java:run(1185)) - Stopping IPC Server listener on 39300
2019-09-25 10:48:06,074 [IPC Server Responder] INFO  ipc.Server (Server.java:run(1319)) - Stopping IPC Server Responder
2019-09-25 10:48:06,095 [SCM Heartbeat Processing Thread - 0] WARN  node.NodeStateManager (NodeStateManager.java:scheduleNextHealthCheck(646)) - Current Thread is interrupted, shutting down HB processing thread for Node Manager.
2019-09-25 10:48:06,095 [main] INFO  server.StorageContainerManager (StorageContainerManager.java:stop(830)) - Stopping block service RPC server
2019-09-25 10:48:06,095 [main] INFO  server.SCMBlockProtocolServer (SCMBlockProtocolServer.java:stop(155)) - Stopping the RPC server for Block Protocol
2019-09-25 10:48:06,096 [main] INFO  ipc.Server (Server.java:stop(3082)) - Stopping server on 38317
2019-09-25 10:48:06,098 [IPC Server listener on 38317] INFO  ipc.Server (Server.java:run(1185)) - Stopping IPC Server listener on 38317
2019-09-25 10:48:06,098 [main] INFO  server.StorageContainerManager (StorageContainerManager.java:stop(837)) - Stopping the StorageContainerLocationProtocol RPC server
2019-09-25 10:48:06,098 [IPC Server Responder] INFO  ipc.Server (Server.java:run(1319)) - Stopping IPC Server Responder
2019-09-25 10:48:06,099 [main] INFO  server.SCMClientProtocolServer (SCMClientProtocolServer.java:stop(158)) - Stopping the RPC server for Client Protocol
2019-09-25 10:48:06,100 [main] INFO  ipc.Server (Server.java:stop(3082)) - Stopping server on 33271
2019-09-25 10:48:06,102 [IPC Server listener on 33271] INFO  ipc.Server (Server.java:run(1185)) - Stopping IPC Server listener on 33271
2019-09-25 10:48:06,102 [main] INFO  server.StorageContainerManager (StorageContainerManager.java:stop(844)) - Stopping Storage Container Manager HTTP server.
2019-09-25 10:48:06,102 [IPC Server Responder] INFO  ipc.Server (Server.java:run(1319)) - Stopping IPC Server Responder
2019-09-25 10:48:06,104 [main] INFO  handler.ContextHandler (ContextHandler.java:doStop(910)) - Stopped o.e.j.w.WebAppContext@56476c16{/,null,UNAVAILABLE}{/scm}
2019-09-25 10:48:06,105 [main] INFO  server.AbstractConnector (AbstractConnector.java:doStop(318)) - Stopped ServerConnector@497b560e{HTTP/1.1,[http/1.1]}{0.0.0.0:0}
2019-09-25 10:48:06,105 [main] INFO  handler.ContextHandler (ContextHandler.java:doStop(910)) - Stopped o.e.j.s.ServletContextHandler@663f237a{/static,file:///workdir/hadoop-ozone/integration-test/target/test-classes/webapps/static,UNAVAILABLE}
2019-09-25 10:48:06,105 [main] INFO  handler.ContextHandler (ContextHandler.java:doStop(910)) - Stopped o.e.j.s.ServletContextHandler@40fa8766{/logs,file:///workdir/hadoop-ozone/integration-test/target/log,UNAVAILABLE}
2019-09-25 10:48:06,106 [main] INFO  server.StorageContainerManager (StorageContainerManager.java:stop(855)) - Stopping Block Manager Service.
2019-09-25 10:48:06,107 [main] INFO  utils.BackgroundService (BackgroundService.java:shutdown(148)) - Shutting down service SCMBlockDeletingService
2019-09-25 10:48:06,107 [main] INFO  utils.BackgroundService (BackgroundService.java:shutdown(148)) - Shutting down service SCMBlockDeletingService
2019-09-25 10:48:06,107 [main] INFO  server.StorageContainerManager (StorageContainerManager.java:stop(877)) - Stopping SCM Event Queue.
2019-09-25 10:48:06,113 [main] INFO  impl.MetricsSystemImpl (MetricsSystemImpl.java:stop(210)) - Stopping HddsDatanode metrics system...
2019-09-25 10:48:06,128 [main] INFO  impl.MetricsSystemImpl (MetricsSystemImpl.java:stop(216)) - HddsDatanode metrics system stopped.
]]></system-out>
  </testcase>
</testsuite>