<?xml version="1.0" encoding="UTF-8"?>
<testsuite xmlns:xsi="http://www.w3.org/2001/XMLSchema-instance" xsi:noNamespaceSchemaLocation="https://maven.apache.org/surefire/maven-surefire-plugin/xsd/surefire-test-report.xsd" name="org.apache.hadoop.ozone.client.rpc.TestOzoneClientRetriesOnException" time="380.986" tests="2" errors="1" skipped="0" failures="0">
  <properties>
    <property name="awt.toolkit" value="sun.awt.X11.XToolkit"/>
    <property name="file.encoding.pkg" value="sun.io"/>
    <property name="java.specification.version" value="1.8"/>
    <property name="sun.cpu.isalist" value=""/>
    <property name="sun.jnu.encoding" value="UTF-8"/>
    <property name="java.class.path" value="/workdir/hadoop-ozone/integration-test/target/test-classes:/workdir/hadoop-ozone/integration-test/target/classes:/home/user/.m2/repository/org/apache/hadoop/hadoop-ozone-common/0.5.0-SNAPSHOT/hadoop-ozone-common-0.5.0-SNAPSHOT.jar:/home/user/.m2/repository/org/apache/commons/commons-compress/1.4.1/commons-compress-1.4.1.jar:/home/user/.m2/repository/org/tukaani/xz/1.0/xz-1.0.jar:/home/user/.m2/repository/org/apache/hadoop/hadoop-common/3.2.0/hadoop-common-3.2.0.jar:/home/user/.m2/repository/org/apache/hadoop/hadoop-hdfs/3.2.0/hadoop-hdfs-3.2.0.jar:/home/user/.m2/repository/org/apache/hadoop/hadoop-hdfs-client/3.2.0/hadoop-hdfs-client-3.2.0.jar:/home/user/.m2/repository/com/fasterxml/jackson/core/jackson-annotations/2.9.5/jackson-annotations-2.9.5.jar:/home/user/.m2/repository/org/apache/hadoop/hadoop-hdds-common/0.5.0-SNAPSHOT/hadoop-hdds-common-0.5.0-SNAPSHOT.jar:/home/user/.m2/repository/javax/annotation/javax.annotation-api/1.2/javax.annotation-api-1.2.jar:/home/user/.m2/repository/org/apache/ratis/ratis-server/0.4.0-2337318-SNAPSHOT/ratis-server-0.4.0-2337318-SNAPSHOT.jar:/home/user/.m2/repository/org/apache/ratis/ratis-thirdparty-misc/0.2.0/ratis-thirdparty-misc-0.2.0.jar:/home/user/.m2/repository/org/apache/ratis/ratis-proto/0.4.0-2337318-SNAPSHOT/ratis-proto-0.4.0-2337318-SNAPSHOT.jar:/home/user/.m2/repository/org/apache/ratis/ratis-common/0.4.0-2337318-SNAPSHOT/ratis-common-0.4.0-2337318-SNAPSHOT.jar:/home/user/.m2/repository/org/apache/ratis/ratis-client/0.4.0-2337318-SNAPSHOT/ratis-client-0.4.0-2337318-SNAPSHOT.jar:/home/user/.m2/repository/org/apache/ratis/ratis-metrics/0.4.0-2337318-SNAPSHOT/ratis-metrics-0.4.0-2337318-SNAPSHOT.jar:/home/user/.m2/repository/org/apache/ratis/ratis-netty/0.4.0-2337318-SNAPSHOT/ratis-netty-0.4.0-2337318-SNAPSHOT.jar:/home/user/.m2/repository/org/apache/ratis/ratis-grpc/0.4.0-2337318-SNAPSHOT/ratis-grpc-0.4.0-2337318-SNAPSHOT.jar:/home/user/.m2/repository/org/rocksdb/rocksdbjni/6.0.1/rocksdbjni-6.0.1.jar:/home/user/.m2/repository/org/apache/logging/log4j/log4j-api/2.11.0/log4j-api-2.11.0.jar:/home/user/.m2/repository/org/apache/logging/log4j/log4j-core/2.11.0/log4j-core-2.11.0.jar:/home/user/.m2/repository/com/lmax/disruptor/3.4.2/disruptor-3.4.2.jar:/home/user/.m2/repository/org/apache/commons/commons-pool2/2.6.0/commons-pool2-2.6.0.jar:/home/user/.m2/repository/org/bouncycastle/bcpkix-jdk15on/1.60/bcpkix-jdk15on-1.60.jar:/home/user/.m2/repository/commons-validator/commons-validator/1.6/commons-validator-1.6.jar:/home/user/.m2/repository/commons-digester/commons-digester/1.8.1/commons-digester-1.8.1.jar:/home/user/.m2/repository/io/jaegertracing/jaeger-client/0.33.1/jaeger-client-0.33.1.jar:/home/user/.m2/repository/io/jaegertracing/jaeger-thrift/0.33.1/jaeger-thrift-0.33.1.jar:/home/user/.m2/repository/org/apache/thrift/libthrift/0.11.0/libthrift-0.11.0.jar:/home/user/.m2/repository/com/squareup/okhttp3/okhttp/3.9.0/okhttp-3.9.0.jar:/home/user/.m2/repository/com/squareup/okio/okio/1.13.0/okio-1.13.0.jar:/home/user/.m2/repository/io/jaegertracing/jaeger-core/0.33.1/jaeger-core-0.33.1.jar:/home/user/.m2/repository/io/jaegertracing/jaeger-tracerresolver/0.33.1/jaeger-tracerresolver-0.33.1.jar:/home/user/.m2/repository/io/opentracing/contrib/opentracing-tracerresolver/0.1.5/opentracing-tracerresolver-0.1.5.jar:/home/user/.m2/repository/io/opentracing/opentracing-util/0.31.0/opentracing-util-0.31.0.jar:/home/user/.m2/repository/io/opentracing/opentracing-api/0.31.0/opentracing-api-0.31.0.jar:/home/user/.m2/repository/io/opentracing/opentracing-noop/0.31.0/opentracing-noop-0.31.0.jar:/home/user/.m2/repository/org/apache/hadoop/hadoop-hdds-server-framework/0.5.0-SNAPSHOT/hadoop-hdds-server-framework-0.5.0-SNAPSHOT.jar:/home/user/.m2/repository/org/apache/hadoop/hadoop-hdds-container-service/0.5.0-SNAPSHOT/hadoop-hdds-container-service-0.5.0-SNAPSHOT.jar:/home/user/.m2/repository/org/apache/hadoop/hadoop-hdds-client/0.5.0-SNAPSHOT/hadoop-hdds-client-0.5.0-SNAPSHOT.jar:/home/user/.m2/repository/org/apache/hadoop/hadoop-hdds-tools/0.5.0-SNAPSHOT/hadoop-hdds-tools-0.5.0-SNAPSHOT.jar:/home/user/.m2/repository/org/apache/hadoop/hadoop-hdds-server-scm/0.5.0-SNAPSHOT/hadoop-hdds-server-scm-0.5.0-SNAPSHOT.jar:/home/user/.m2/repository/org/apache/hadoop/hadoop-hdds-docs/0.5.0-SNAPSHOT/hadoop-hdds-docs-0.5.0-SNAPSHOT.jar:/home/user/.m2/repository/io/dropwizard/metrics/metrics-core/3.2.4/metrics-core-3.2.4.jar:/home/user/.m2/repository/org/hamcrest/hamcrest-all/1.3/hamcrest-all-1.3.jar:/home/user/.m2/repository/org/bouncycastle/bcprov-jdk15on/1.60/bcprov-jdk15on-1.60.jar:/home/user/.m2/repository/info/picocli/picocli/3.9.6/picocli-3.9.6.jar:/home/user/.m2/repository/com/google/protobuf/protobuf-java/2.5.0/protobuf-java-2.5.0.jar:/home/user/.m2/repository/com/google/guava/guava/11.0.2/guava-11.0.2.jar:/home/user/.m2/repository/org/apache/hadoop/hadoop-ozone-ozone-manager/0.5.0-SNAPSHOT/hadoop-ozone-ozone-manager-0.5.0-SNAPSHOT.jar:/home/user/.m2/repository/org/apache/hadoop/hadoop-minikdc/3.2.0/hadoop-minikdc-3.2.0.jar:/home/user/.m2/repository/commons-io/commons-io/2.5/commons-io-2.5.jar:/home/user/.m2/repository/org/apache/kerby/kerb-simplekdc/1.0.1/kerb-simplekdc-1.0.1.jar:/home/user/.m2/repository/org/apache/kerby/kerb-client/1.0.1/kerb-client-1.0.1.jar:/home/user/.m2/repository/org/apache/kerby/kerby-config/1.0.1/kerby-config-1.0.1.jar:/home/user/.m2/repository/org/apache/kerby/kerb-core/1.0.1/kerb-core-1.0.1.jar:/home/user/.m2/repository/org/apache/kerby/kerby-pkix/1.0.1/kerby-pkix-1.0.1.jar:/home/user/.m2/repository/org/apache/kerby/kerby-asn1/1.0.1/kerby-asn1-1.0.1.jar:/home/user/.m2/repository/org/apache/kerby/kerby-util/1.0.1/kerby-util-1.0.1.jar:/home/user/.m2/repository/org/apache/kerby/kerb-common/1.0.1/kerb-common-1.0.1.jar:/home/user/.m2/repository/org/apache/kerby/kerb-crypto/1.0.1/kerb-crypto-1.0.1.jar:/home/user/.m2/repository/org/apache/kerby/kerb-util/1.0.1/kerb-util-1.0.1.jar:/home/user/.m2/repository/org/apache/kerby/token-provider/1.0.1/token-provider-1.0.1.jar:/home/user/.m2/repository/org/apache/kerby/kerb-admin/1.0.1/kerb-admin-1.0.1.jar:/home/user/.m2/repository/org/apache/kerby/kerb-server/1.0.1/kerb-server-1.0.1.jar:/home/user/.m2/repository/org/apache/kerby/kerb-identity/1.0.1/kerb-identity-1.0.1.jar:/home/user/.m2/repository/org/apache/kerby/kerby-xdr/1.0.1/kerby-xdr-1.0.1.jar:/home/user/.m2/repository/org/slf4j/slf4j-log4j12/1.7.25/slf4j-log4j12-1.7.25.jar:/home/user/.m2/repository/org/apache/hadoop/hadoop-ozone-objectstore-service/0.5.0-SNAPSHOT/hadoop-ozone-objectstore-service-0.5.0-SNAPSHOT.jar:/home/user/.m2/repository/org/apache/hadoop/hadoop-ozone-s3gateway/0.5.0-SNAPSHOT/hadoop-ozone-s3gateway-0.5.0-SNAPSHOT.jar:/home/user/.m2/repository/org/jboss/weld/servlet/weld-servlet/2.4.7.Final/weld-servlet-2.4.7.Final.jar:/home/user/.m2/repository/org/glassfish/jersey/containers/jersey-container-servlet-core/2.27/jersey-container-servlet-core-2.27.jar:/home/user/.m2/repository/org/glassfish/hk2/external/javax.inject/2.5.0-b42/javax.inject-2.5.0-b42.jar:/home/user/.m2/repository/org/glassfish/jersey/core/jersey-common/2.27/jersey-common-2.27.jar:/home/user/.m2/repository/org/glassfish/hk2/osgi-resource-locator/1.0.1/osgi-resource-locator-1.0.1.jar:/home/user/.m2/repository/javax/ws/rs/javax.ws.rs-api/2.1/javax.ws.rs-api-2.1.jar:/home/user/.m2/repository/org/glassfish/jersey/ext/cdi/jersey-cdi1x/2.27/jersey-cdi1x-2.27.jar:/home/user/.m2/repository/org/glassfish/jersey/inject/jersey-hk2/2.27/jersey-hk2-2.27.jar:/home/user/.m2/repository/org/glassfish/hk2/hk2-locator/2.5.0-b42/hk2-locator-2.5.0-b42.jar:/home/user/.m2/repository/org/javassist/javassist/3.22.0-CR2/javassist-3.22.0-CR2.jar:/home/user/.m2/repository/org/glassfish/hk2/hk2-api/2.5.0/hk2-api-2.5.0.jar:/home/user/.m2/repository/org/glassfish/hk2/external/jakarta.inject/2.5.0/jakarta.inject-2.5.0.jar:/home/user/.m2/repository/org/glassfish/hk2/hk2-utils/2.5.0/hk2-utils-2.5.0.jar:/home/user/.m2/repository/jakarta/annotation/jakarta.annotation-api/1.3.4/jakarta.annotation-api-1.3.4.jar:/home/user/.m2/repository/org/glassfish/hk2/external/aopalliance-repackaged/2.5.0/aopalliance-repackaged-2.5.0.jar:/home/user/.m2/repository/com/fasterxml/jackson/dataformat/jackson-dataformat-xml/2.9.0/jackson-dataformat-xml-2.9.0.jar:/home/user/.m2/repository/com/fasterxml/jackson/core/jackson-core/2.9.5/jackson-core-2.9.5.jar:/home/user/.m2/repository/com/fasterxml/jackson/module/jackson-module-jaxb-annotations/2.9.5/jackson-module-jaxb-annotations-2.9.5.jar:/home/user/.m2/repository/javax/enterprise/cdi-api/1.2/cdi-api-1.2.jar:/home/user/.m2/repository/javax/el/javax.el-api/3.0.0/javax.el-api-3.0.0.jar:/home/user/.m2/repository/javax/interceptor/javax.interceptor-api/1.2/javax.interceptor-api-1.2.jar:/home/user/.m2/repository/javax/inject/javax.inject/1/javax.inject-1.jar:/home/user/.m2/repository/com/sun/xml/bind/jaxb-impl/2.3.0.1/jaxb-impl-2.3.0.1.jar:/home/user/.m2/repository/com/sun/xml/bind/jaxb-core/2.3.0.1/jaxb-core-2.3.0.1.jar:/home/user/.m2/repository/javax/xml/bind/jaxb-api/2.3.0/jaxb-api-2.3.0.jar:/home/user/.m2/repository/javax/activation/activation/1.1.1/activation-1.1.1.jar:/home/user/.m2/repository/org/apache/hadoop/hadoop-ozone-csi/0.5.0-SNAPSHOT/hadoop-ozone-csi-0.5.0-SNAPSHOT.jar:/home/user/.m2/repository/com/google/protobuf/protobuf-java-util/3.5.1/protobuf-java-util-3.5.1.jar:/home/user/.m2/repository/org/apache/hadoop/hadoop-hdds-config/0.5.0-SNAPSHOT/hadoop-hdds-config-0.5.0-SNAPSHOT.jar:/home/user/.m2/repository/io/grpc/grpc-netty/1.17.1/grpc-netty-1.17.1.jar:/home/user/.m2/repository/io/grpc/grpc-core/1.17.1/grpc-core-1.17.1.jar:/home/user/.m2/repository/io/grpc/grpc-context/1.17.1/grpc-context-1.17.1.jar:/home/user/.m2/repository/com/google/errorprone/error_prone_annotations/2.2.0/error_prone_annotations-2.2.0.jar:/home/user/.m2/repository/org/codehaus/mojo/animal-sniffer-annotations/1.17/animal-sniffer-annotations-1.17.jar:/home/user/.m2/repository/io/opencensus/opencensus-api/0.17.0/opencensus-api-0.17.0.jar:/home/user/.m2/repository/io/opencensus/opencensus-contrib-grpc-metrics/0.17.0/opencensus-contrib-grpc-metrics-0.17.0.jar:/home/user/.m2/repository/io/netty/netty-codec-http2/4.1.30.Final/netty-codec-http2-4.1.30.Final.jar:/home/user/.m2/repository/io/netty/netty-codec-http/4.1.30.Final/netty-codec-http-4.1.30.Final.jar:/home/user/.m2/repository/io/netty/netty-codec/4.1.30.Final/netty-codec-4.1.30.Final.jar:/home/user/.m2/repository/io/netty/netty-handler/4.1.30.Final/netty-handler-4.1.30.Final.jar:/home/user/.m2/repository/io/netty/netty-handler-proxy/4.1.30.Final/netty-handler-proxy-4.1.30.Final.jar:/home/user/.m2/repository/io/netty/netty-codec-socks/4.1.30.Final/netty-codec-socks-4.1.30.Final.jar:/home/user/.m2/repository/io/netty/netty-transport-native-epoll/4.1.30.Final/netty-transport-native-epoll-4.1.30.Final.jar:/home/user/.m2/repository/io/netty/netty-common/4.1.30.Final/netty-common-4.1.30.Final.jar:/home/user/.m2/repository/io/netty/netty-buffer/4.1.30.Final/netty-buffer-4.1.30.Final.jar:/home/user/.m2/repository/io/netty/netty-transport/4.1.30.Final/netty-transport-4.1.30.Final.jar:/home/user/.m2/repository/io/netty/netty-resolver/4.1.30.Final/netty-resolver-4.1.30.Final.jar:/home/user/.m2/repository/io/netty/netty-transport-native-unix-common/4.1.30.Final/netty-transport-native-unix-common-4.1.30.Final.jar:/home/user/.m2/repository/io/grpc/grpc-protobuf/1.17.1/grpc-protobuf-1.17.1.jar:/home/user/.m2/repository/com/google/api/grpc/proto-google-common-protos/1.0.0/proto-google-common-protos-1.0.0.jar:/home/user/.m2/repository/io/grpc/grpc-protobuf-lite/1.17.1/grpc-protobuf-lite-1.17.1.jar:/home/user/.m2/repository/io/grpc/grpc-stub/1.17.1/grpc-stub-1.17.1.jar:/home/user/.m2/repository/org/apache/hadoop/hadoop-ozone-recon/0.5.0-SNAPSHOT/hadoop-ozone-recon-0.5.0-SNAPSHOT.jar:/home/user/.m2/repository/org/apache/hadoop/hadoop-ozone-reconcodegen/0.5.0-SNAPSHOT/hadoop-ozone-reconcodegen-0.5.0-SNAPSHOT.jar:/home/user/.m2/repository/com/google/inject/extensions/guice-multibindings/4.0/guice-multibindings-4.0.jar:/home/user/.m2/repository/com/google/inject/guice/4.0/guice-4.0.jar:/home/user/.m2/repository/aopalliance/aopalliance/1.0/aopalliance-1.0.jar:/home/user/.m2/repository/com/google/inject/extensions/guice-servlet/4.0/guice-servlet-4.0.jar:/home/user/.m2/repository/org/glassfish/jersey/containers/jersey-container-servlet/2.27/jersey-container-servlet-2.27.jar:/home/user/.m2/repository/org/glassfish/hk2/guice-bridge/2.5.0/guice-bridge-2.5.0.jar:/home/user/.m2/repository/org/glassfish/jersey/core/jersey-server/2.27/jersey-server-2.27.jar:/home/user/.m2/repository/org/glassfish/jersey/core/jersey-client/2.27/jersey-client-2.27.jar:/home/user/.m2/repository/org/glassfish/jersey/media/jersey-media-jaxb/2.27/jersey-media-jaxb-2.27.jar:/home/user/.m2/repository/javax/validation/validation-api/1.1.0.Final/validation-api-1.1.0.Final.jar:/home/user/.m2/repository/org/glassfish/jersey/media/jersey-media-json-jackson/2.27/jersey-media-json-jackson-2.27.jar:/home/user/.m2/repository/org/glassfish/jersey/ext/jersey-entity-filtering/2.27/jersey-entity-filtering-2.27.jar:/home/user/.m2/repository/com/google/inject/extensions/guice-assistedinject/4.0/guice-assistedinject-4.0.jar:/home/user/.m2/repository/org/jooq/jooq/3.11.10/jooq-3.11.10.jar:/home/user/.m2/repository/org/jooq/jooq-meta/3.11.10/jooq-meta-3.11.10.jar:/home/user/.m2/repository/org/jooq/jooq-codegen/3.11.10/jooq-codegen-3.11.10.jar:/home/user/.m2/repository/com/jolbox/bonecp/0.8.0.RELEASE/bonecp-0.8.0.RELEASE.jar:/home/user/.m2/repository/org/xerial/sqlite-jdbc/3.25.2/sqlite-jdbc-3.25.2.jar:/home/user/.m2/repository/org/springframework/spring-jdbc/5.1.3.RELEASE/spring-jdbc-5.1.3.RELEASE.jar:/home/user/.m2/repository/org/springframework/spring-beans/5.1.3.RELEASE/spring-beans-5.1.3.RELEASE.jar:/home/user/.m2/repository/org/springframework/spring-core/5.1.3.RELEASE/spring-core-5.1.3.RELEASE.jar:/home/user/.m2/repository/org/springframework/spring-jcl/5.1.3.RELEASE/spring-jcl-5.1.3.RELEASE.jar:/home/user/.m2/repository/org/springframework/spring-tx/5.1.3.RELEASE/spring-tx-5.1.3.RELEASE.jar:/home/user/.m2/repository/org/apache/hadoop/hadoop-ozone-client/0.5.0-SNAPSHOT/hadoop-ozone-client-0.5.0-SNAPSHOT.jar:/home/user/.m2/repository/commons-lang/commons-lang/2.6/commons-lang-2.6.jar:/home/user/.m2/repository/org/apache/hadoop/hadoop-ozone-ozone-manager/0.5.0-SNAPSHOT/hadoop-ozone-ozone-manager-0.5.0-SNAPSHOT-tests.jar:/home/user/.m2/repository/junit/junit/4.11/junit-4.11.jar:/home/user/.m2/repository/org/hamcrest/hamcrest-core/1.3/hamcrest-core-1.3.jar:/home/user/.m2/repository/org/openjdk/jmh/jmh-core/1.19/jmh-core-1.19.jar:/home/user/.m2/repository/net/sf/jopt-simple/jopt-simple/4.6/jopt-simple-4.6.jar:/home/user/.m2/repository/org/apache/commons/commons-math3/3.1.1/commons-math3-3.1.1.jar:/home/user/.m2/repository/org/openjdk/jmh/jmh-generator-annprocess/1.19/jmh-generator-annprocess-1.19.jar:/home/user/.m2/repository/org/mockito/mockito-all/1.8.5/mockito-all-1.8.5.jar:/home/user/.m2/repository/org/apache/hadoop/hadoop-kms/3.2.0/hadoop-kms-3.2.0.jar:/home/user/.m2/repository/org/apache/hadoop/hadoop-auth/3.2.0/hadoop-auth-3.2.0.jar:/home/user/.m2/repository/com/nimbusds/nimbus-jose-jwt/4.41.1/nimbus-jose-jwt-4.41.1.jar:/home/user/.m2/repository/com/github/stephenc/jcip/jcip-annotations/1.0-1/jcip-annotations-1.0-1.jar:/home/user/.m2/repository/net/minidev/json-smart/2.3/json-smart-2.3.jar:/home/user/.m2/repository/net/minidev/accessors-smart/1.2/accessors-smart-1.2.jar:/home/user/.m2/repository/org/ow2/asm/asm/5.0.4/asm-5.0.4.jar:/home/user/.m2/repository/org/apache/curator/curator-framework/2.12.0/curator-framework-2.12.0.jar:/home/user/.m2/repository/com/sun/jersey/jersey-core/1.19/jersey-core-1.19.jar:/home/user/.m2/repository/javax/ws/rs/jsr311-api/1.1.1/jsr311-api-1.1.1.jar:/home/user/.m2/repository/com/sun/jersey/jersey-server/1.19/jersey-server-1.19.jar:/home/user/.m2/repository/javax/servlet/javax.servlet-api/3.1.0/javax.servlet-api-3.1.0.jar:/home/user/.m2/repository/org/eclipse/jetty/jetty-server/9.3.24.v20180605/jetty-server-9.3.24.v20180605.jar:/home/user/.m2/repository/org/eclipse/jetty/jetty-http/9.3.24.v20180605/jetty-http-9.3.24.v20180605.jar:/home/user/.m2/repository/org/eclipse/jetty/jetty-io/9.3.24.v20180605/jetty-io-9.3.24.v20180605.jar:/home/user/.m2/repository/org/eclipse/jetty/jetty-webapp/9.3.24.v20180605/jetty-webapp-9.3.24.v20180605.jar:/home/user/.m2/repository/org/eclipse/jetty/jetty-xml/9.3.24.v20180605/jetty-xml-9.3.24.v20180605.jar:/home/user/.m2/repository/log4j/log4j/1.2.17/log4j-1.2.17.jar:/home/user/.m2/repository/org/slf4j/slf4j-api/1.7.25/slf4j-api-1.7.25.jar:/home/user/.m2/repository/org/slf4j/jul-to-slf4j/1.7.25/jul-to-slf4j-1.7.25.jar:/home/user/.m2/repository/org/eclipse/jetty/jetty-util/9.3.24.v20180605/jetty-util-9.3.24.v20180605.jar:/home/user/.m2/repository/com/fasterxml/jackson/core/jackson-databind/2.9.5/jackson-databind-2.9.5.jar:/home/user/.m2/repository/org/apache/hadoop/hadoop-kms/3.2.0/hadoop-kms-3.2.0-tests.jar:/home/user/.m2/repository/org/apache/hadoop/hadoop-hdds-server-scm/0.5.0-SNAPSHOT/hadoop-hdds-server-scm-0.5.0-SNAPSHOT-tests.jar:/home/user/.m2/repository/org/apache/hadoop/hadoop-hdds-container-service/0.5.0-SNAPSHOT/hadoop-hdds-container-service-0.5.0-SNAPSHOT-tests.jar:/home/user/.m2/repository/org/yaml/snakeyaml/1.16/snakeyaml-1.16.jar:/home/user/.m2/repository/org/apache/hadoop/hadoop-common/3.2.0/hadoop-common-3.2.0-tests.jar:/home/user/.m2/repository/org/apache/hadoop/hadoop-annotations/3.2.0/hadoop-annotations-3.2.0.jar:/usr/lib/jvm/java-1.8-openjdk/jre/../lib/tools.jar:/home/user/.m2/repository/commons-cli/commons-cli/1.2/commons-cli-1.2.jar:/home/user/.m2/repository/org/apache/httpcomponents/httpclient/4.5.2/httpclient-4.5.2.jar:/home/user/.m2/repository/org/apache/httpcomponents/httpcore/4.4.4/httpcore-4.4.4.jar:/home/user/.m2/repository/commons-codec/commons-codec/1.11/commons-codec-1.11.jar:/home/user/.m2/repository/commons-net/commons-net/3.6/commons-net-3.6.jar:/home/user/.m2/repository/commons-collections/commons-collections/3.2.2/commons-collections-3.2.2.jar:/home/user/.m2/repository/org/eclipse/jetty/jetty-servlet/9.3.24.v20180605/jetty-servlet-9.3.24.v20180605.jar:/home/user/.m2/repository/org/eclipse/jetty/jetty-security/9.3.24.v20180605/jetty-security-9.3.24.v20180605.jar:/home/user/.m2/repository/javax/servlet/jsp/jsp-api/2.1/jsp-api-2.1.jar:/home/user/.m2/repository/com/sun/jersey/jersey-servlet/1.19/jersey-servlet-1.19.jar:/home/user/.m2/repository/com/sun/jersey/jersey-json/1.19/jersey-json-1.19.jar:/home/user/.m2/repository/org/codehaus/jettison/jettison/1.1/jettison-1.1.jar:/home/user/.m2/repository/org/codehaus/jackson/jackson-core-asl/1.9.13/jackson-core-asl-1.9.13.jar:/home/user/.m2/repository/org/codehaus/jackson/jackson-mapper-asl/1.9.13/jackson-mapper-asl-1.9.13.jar:/home/user/.m2/repository/org/codehaus/jackson/jackson-jaxrs/1.9.13/jackson-jaxrs-1.9.13.jar:/home/user/.m2/repository/org/codehaus/jackson/jackson-xc/1.9.13/jackson-xc-1.9.13.jar:/home/user/.m2/repository/commons-logging/commons-logging/1.1.3/commons-logging-1.1.3.jar:/home/user/.m2/repository/commons-beanutils/commons-beanutils/1.9.3/commons-beanutils-1.9.3.jar:/home/user/.m2/repository/org/apache/commons/commons-configuration2/2.1.1/commons-configuration2-2.1.1.jar:/home/user/.m2/repository/org/apache/commons/commons-lang3/3.7/commons-lang3-3.7.jar:/home/user/.m2/repository/org/apache/commons/commons-text/1.4/commons-text-1.4.jar:/home/user/.m2/repository/org/apache/avro/avro/1.7.7/avro-1.7.7.jar:/home/user/.m2/repository/com/thoughtworks/paranamer/paranamer/2.3/paranamer-2.3.jar:/home/user/.m2/repository/org/xerial/snappy/snappy-java/1.0.5/snappy-java-1.0.5.jar:/home/user/.m2/repository/com/google/re2j/re2j/1.1/re2j-1.1.jar:/home/user/.m2/repository/com/google/code/gson/gson/2.2.4/gson-2.2.4.jar:/home/user/.m2/repository/com/jcraft/jsch/0.1.54/jsch-0.1.54.jar:/home/user/.m2/repository/org/apache/curator/curator-client/2.12.0/curator-client-2.12.0.jar:/home/user/.m2/repository/org/apache/curator/curator-recipes/2.12.0/curator-recipes-2.12.0.jar:/home/user/.m2/repository/com/google/code/findbugs/jsr305/3.0.0/jsr305-3.0.0.jar:/home/user/.m2/repository/org/apache/htrace/htrace-core4/4.1.0-incubating/htrace-core4-4.1.0-incubating.jar:/home/user/.m2/repository/org/apache/zookeeper/zookeeper/3.4.13/zookeeper-3.4.13.jar:/home/user/.m2/repository/org/apache/yetus/audience-annotations/0.5.0/audience-annotations-0.5.0.jar:/home/user/.m2/repository/org/codehaus/woodstox/stax2-api/3.1.4/stax2-api-3.1.4.jar:/home/user/.m2/repository/com/fasterxml/woodstox/woodstox-core/5.0.3/woodstox-core-5.0.3.jar:/home/user/.m2/repository/dnsjava/dnsjava/2.1.7/dnsjava-2.1.7.jar:/home/user/.m2/repository/org/apache/hadoop/hadoop-hdfs/3.2.0/hadoop-hdfs-3.2.0-tests.jar:/home/user/.m2/repository/org/eclipse/jetty/jetty-util-ajax/9.3.24.v20180605/jetty-util-ajax-9.3.24.v20180605.jar:/home/user/.m2/repository/commons-daemon/commons-daemon/1.0.13/commons-daemon-1.0.13.jar:/home/user/.m2/repository/io/netty/netty/3.10.5.Final/netty-3.10.5.Final.jar:/home/user/.m2/repository/io/netty/netty-all/4.0.52.Final/netty-all-4.0.52.Final.jar:/home/user/.m2/repository/org/fusesource/leveldbjni/leveldbjni-all/1.8/leveldbjni-all-1.8.jar:"/>
    <property name="java.vm.vendor" value="IcedTea"/>
    <property name="sun.arch.data.model" value="64"/>
    <property name="test.build.dir" value="/workdir/hadoop-ozone/integration-test/target/test-dir"/>
    <property name="test.cache.data" value=""/>
    <property name="java.vendor.url" value="https://icedtea.classpath.org"/>
    <property name="user.timezone" value=""/>
    <property name="java.vm.specification.version" value="1.8"/>
    <property name="os.name" value="Linux"/>
    <property name="test.build.data" value="/workdir/hadoop-ozone/integration-test/target/test-dir"/>
    <property name="user.country" value="US"/>
    <property name="sun.java.launcher" value="SUN_STANDARD"/>
    <property name="sun.boot.library.path" value="/usr/lib/jvm/java-1.8-openjdk/jre/lib/amd64"/>
    <property name="sun.java.command" value="/workdir/hadoop-ozone/integration-test/target/surefire/surefirebooter7484764965744342998.jar /workdir/hadoop-ozone/integration-test/target/surefire 2019-08-23T23-25-03_353-jvmRun1 surefire3765163245361916740tmp surefire_638488579985825132381tmp"/>
    <property name="test" value="!TestMiniChaosOzoneCluster"/>
    <property name="surefire.test.class.path" value="/workdir/hadoop-ozone/integration-test/target/test-classes:/workdir/hadoop-ozone/integration-test/target/classes:/home/user/.m2/repository/org/apache/hadoop/hadoop-ozone-common/0.5.0-SNAPSHOT/hadoop-ozone-common-0.5.0-SNAPSHOT.jar:/home/user/.m2/repository/org/apache/commons/commons-compress/1.4.1/commons-compress-1.4.1.jar:/home/user/.m2/repository/org/tukaani/xz/1.0/xz-1.0.jar:/home/user/.m2/repository/org/apache/hadoop/hadoop-common/3.2.0/hadoop-common-3.2.0.jar:/home/user/.m2/repository/org/apache/hadoop/hadoop-hdfs/3.2.0/hadoop-hdfs-3.2.0.jar:/home/user/.m2/repository/org/apache/hadoop/hadoop-hdfs-client/3.2.0/hadoop-hdfs-client-3.2.0.jar:/home/user/.m2/repository/com/fasterxml/jackson/core/jackson-annotations/2.9.5/jackson-annotations-2.9.5.jar:/home/user/.m2/repository/org/apache/hadoop/hadoop-hdds-common/0.5.0-SNAPSHOT/hadoop-hdds-common-0.5.0-SNAPSHOT.jar:/home/user/.m2/repository/javax/annotation/javax.annotation-api/1.2/javax.annotation-api-1.2.jar:/home/user/.m2/repository/org/apache/ratis/ratis-server/0.4.0-2337318-SNAPSHOT/ratis-server-0.4.0-2337318-SNAPSHOT.jar:/home/user/.m2/repository/org/apache/ratis/ratis-thirdparty-misc/0.2.0/ratis-thirdparty-misc-0.2.0.jar:/home/user/.m2/repository/org/apache/ratis/ratis-proto/0.4.0-2337318-SNAPSHOT/ratis-proto-0.4.0-2337318-SNAPSHOT.jar:/home/user/.m2/repository/org/apache/ratis/ratis-common/0.4.0-2337318-SNAPSHOT/ratis-common-0.4.0-2337318-SNAPSHOT.jar:/home/user/.m2/repository/org/apache/ratis/ratis-client/0.4.0-2337318-SNAPSHOT/ratis-client-0.4.0-2337318-SNAPSHOT.jar:/home/user/.m2/repository/org/apache/ratis/ratis-metrics/0.4.0-2337318-SNAPSHOT/ratis-metrics-0.4.0-2337318-SNAPSHOT.jar:/home/user/.m2/repository/org/apache/ratis/ratis-netty/0.4.0-2337318-SNAPSHOT/ratis-netty-0.4.0-2337318-SNAPSHOT.jar:/home/user/.m2/repository/org/apache/ratis/ratis-grpc/0.4.0-2337318-SNAPSHOT/ratis-grpc-0.4.0-2337318-SNAPSHOT.jar:/home/user/.m2/repository/org/rocksdb/rocksdbjni/6.0.1/rocksdbjni-6.0.1.jar:/home/user/.m2/repository/org/apache/logging/log4j/log4j-api/2.11.0/log4j-api-2.11.0.jar:/home/user/.m2/repository/org/apache/logging/log4j/log4j-core/2.11.0/log4j-core-2.11.0.jar:/home/user/.m2/repository/com/lmax/disruptor/3.4.2/disruptor-3.4.2.jar:/home/user/.m2/repository/org/apache/commons/commons-pool2/2.6.0/commons-pool2-2.6.0.jar:/home/user/.m2/repository/org/bouncycastle/bcpkix-jdk15on/1.60/bcpkix-jdk15on-1.60.jar:/home/user/.m2/repository/commons-validator/commons-validator/1.6/commons-validator-1.6.jar:/home/user/.m2/repository/commons-digester/commons-digester/1.8.1/commons-digester-1.8.1.jar:/home/user/.m2/repository/io/jaegertracing/jaeger-client/0.33.1/jaeger-client-0.33.1.jar:/home/user/.m2/repository/io/jaegertracing/jaeger-thrift/0.33.1/jaeger-thrift-0.33.1.jar:/home/user/.m2/repository/org/apache/thrift/libthrift/0.11.0/libthrift-0.11.0.jar:/home/user/.m2/repository/com/squareup/okhttp3/okhttp/3.9.0/okhttp-3.9.0.jar:/home/user/.m2/repository/com/squareup/okio/okio/1.13.0/okio-1.13.0.jar:/home/user/.m2/repository/io/jaegertracing/jaeger-core/0.33.1/jaeger-core-0.33.1.jar:/home/user/.m2/repository/io/jaegertracing/jaeger-tracerresolver/0.33.1/jaeger-tracerresolver-0.33.1.jar:/home/user/.m2/repository/io/opentracing/contrib/opentracing-tracerresolver/0.1.5/opentracing-tracerresolver-0.1.5.jar:/home/user/.m2/repository/io/opentracing/opentracing-util/0.31.0/opentracing-util-0.31.0.jar:/home/user/.m2/repository/io/opentracing/opentracing-api/0.31.0/opentracing-api-0.31.0.jar:/home/user/.m2/repository/io/opentracing/opentracing-noop/0.31.0/opentracing-noop-0.31.0.jar:/home/user/.m2/repository/org/apache/hadoop/hadoop-hdds-server-framework/0.5.0-SNAPSHOT/hadoop-hdds-server-framework-0.5.0-SNAPSHOT.jar:/home/user/.m2/repository/org/apache/hadoop/hadoop-hdds-container-service/0.5.0-SNAPSHOT/hadoop-hdds-container-service-0.5.0-SNAPSHOT.jar:/home/user/.m2/repository/org/apache/hadoop/hadoop-hdds-client/0.5.0-SNAPSHOT/hadoop-hdds-client-0.5.0-SNAPSHOT.jar:/home/user/.m2/repository/org/apache/hadoop/hadoop-hdds-tools/0.5.0-SNAPSHOT/hadoop-hdds-tools-0.5.0-SNAPSHOT.jar:/home/user/.m2/repository/org/apache/hadoop/hadoop-hdds-server-scm/0.5.0-SNAPSHOT/hadoop-hdds-server-scm-0.5.0-SNAPSHOT.jar:/home/user/.m2/repository/org/apache/hadoop/hadoop-hdds-docs/0.5.0-SNAPSHOT/hadoop-hdds-docs-0.5.0-SNAPSHOT.jar:/home/user/.m2/repository/io/dropwizard/metrics/metrics-core/3.2.4/metrics-core-3.2.4.jar:/home/user/.m2/repository/org/hamcrest/hamcrest-all/1.3/hamcrest-all-1.3.jar:/home/user/.m2/repository/org/bouncycastle/bcprov-jdk15on/1.60/bcprov-jdk15on-1.60.jar:/home/user/.m2/repository/info/picocli/picocli/3.9.6/picocli-3.9.6.jar:/home/user/.m2/repository/com/google/protobuf/protobuf-java/2.5.0/protobuf-java-2.5.0.jar:/home/user/.m2/repository/com/google/guava/guava/11.0.2/guava-11.0.2.jar:/home/user/.m2/repository/org/apache/hadoop/hadoop-ozone-ozone-manager/0.5.0-SNAPSHOT/hadoop-ozone-ozone-manager-0.5.0-SNAPSHOT.jar:/home/user/.m2/repository/org/apache/hadoop/hadoop-minikdc/3.2.0/hadoop-minikdc-3.2.0.jar:/home/user/.m2/repository/commons-io/commons-io/2.5/commons-io-2.5.jar:/home/user/.m2/repository/org/apache/kerby/kerb-simplekdc/1.0.1/kerb-simplekdc-1.0.1.jar:/home/user/.m2/repository/org/apache/kerby/kerb-client/1.0.1/kerb-client-1.0.1.jar:/home/user/.m2/repository/org/apache/kerby/kerby-config/1.0.1/kerby-config-1.0.1.jar:/home/user/.m2/repository/org/apache/kerby/kerb-core/1.0.1/kerb-core-1.0.1.jar:/home/user/.m2/repository/org/apache/kerby/kerby-pkix/1.0.1/kerby-pkix-1.0.1.jar:/home/user/.m2/repository/org/apache/kerby/kerby-asn1/1.0.1/kerby-asn1-1.0.1.jar:/home/user/.m2/repository/org/apache/kerby/kerby-util/1.0.1/kerby-util-1.0.1.jar:/home/user/.m2/repository/org/apache/kerby/kerb-common/1.0.1/kerb-common-1.0.1.jar:/home/user/.m2/repository/org/apache/kerby/kerb-crypto/1.0.1/kerb-crypto-1.0.1.jar:/home/user/.m2/repository/org/apache/kerby/kerb-util/1.0.1/kerb-util-1.0.1.jar:/home/user/.m2/repository/org/apache/kerby/token-provider/1.0.1/token-provider-1.0.1.jar:/home/user/.m2/repository/org/apache/kerby/kerb-admin/1.0.1/kerb-admin-1.0.1.jar:/home/user/.m2/repository/org/apache/kerby/kerb-server/1.0.1/kerb-server-1.0.1.jar:/home/user/.m2/repository/org/apache/kerby/kerb-identity/1.0.1/kerb-identity-1.0.1.jar:/home/user/.m2/repository/org/apache/kerby/kerby-xdr/1.0.1/kerby-xdr-1.0.1.jar:/home/user/.m2/repository/org/slf4j/slf4j-log4j12/1.7.25/slf4j-log4j12-1.7.25.jar:/home/user/.m2/repository/org/apache/hadoop/hadoop-ozone-objectstore-service/0.5.0-SNAPSHOT/hadoop-ozone-objectstore-service-0.5.0-SNAPSHOT.jar:/home/user/.m2/repository/org/apache/hadoop/hadoop-ozone-s3gateway/0.5.0-SNAPSHOT/hadoop-ozone-s3gateway-0.5.0-SNAPSHOT.jar:/home/user/.m2/repository/org/jboss/weld/servlet/weld-servlet/2.4.7.Final/weld-servlet-2.4.7.Final.jar:/home/user/.m2/repository/org/glassfish/jersey/containers/jersey-container-servlet-core/2.27/jersey-container-servlet-core-2.27.jar:/home/user/.m2/repository/org/glassfish/hk2/external/javax.inject/2.5.0-b42/javax.inject-2.5.0-b42.jar:/home/user/.m2/repository/org/glassfish/jersey/core/jersey-common/2.27/jersey-common-2.27.jar:/home/user/.m2/repository/org/glassfish/hk2/osgi-resource-locator/1.0.1/osgi-resource-locator-1.0.1.jar:/home/user/.m2/repository/javax/ws/rs/javax.ws.rs-api/2.1/javax.ws.rs-api-2.1.jar:/home/user/.m2/repository/org/glassfish/jersey/ext/cdi/jersey-cdi1x/2.27/jersey-cdi1x-2.27.jar:/home/user/.m2/repository/org/glassfish/jersey/inject/jersey-hk2/2.27/jersey-hk2-2.27.jar:/home/user/.m2/repository/org/glassfish/hk2/hk2-locator/2.5.0-b42/hk2-locator-2.5.0-b42.jar:/home/user/.m2/repository/org/javassist/javassist/3.22.0-CR2/javassist-3.22.0-CR2.jar:/home/user/.m2/repository/org/glassfish/hk2/hk2-api/2.5.0/hk2-api-2.5.0.jar:/home/user/.m2/repository/org/glassfish/hk2/external/jakarta.inject/2.5.0/jakarta.inject-2.5.0.jar:/home/user/.m2/repository/org/glassfish/hk2/hk2-utils/2.5.0/hk2-utils-2.5.0.jar:/home/user/.m2/repository/jakarta/annotation/jakarta.annotation-api/1.3.4/jakarta.annotation-api-1.3.4.jar:/home/user/.m2/repository/org/glassfish/hk2/external/aopalliance-repackaged/2.5.0/aopalliance-repackaged-2.5.0.jar:/home/user/.m2/repository/com/fasterxml/jackson/dataformat/jackson-dataformat-xml/2.9.0/jackson-dataformat-xml-2.9.0.jar:/home/user/.m2/repository/com/fasterxml/jackson/core/jackson-core/2.9.5/jackson-core-2.9.5.jar:/home/user/.m2/repository/com/fasterxml/jackson/module/jackson-module-jaxb-annotations/2.9.5/jackson-module-jaxb-annotations-2.9.5.jar:/home/user/.m2/repository/javax/enterprise/cdi-api/1.2/cdi-api-1.2.jar:/home/user/.m2/repository/javax/el/javax.el-api/3.0.0/javax.el-api-3.0.0.jar:/home/user/.m2/repository/javax/interceptor/javax.interceptor-api/1.2/javax.interceptor-api-1.2.jar:/home/user/.m2/repository/javax/inject/javax.inject/1/javax.inject-1.jar:/home/user/.m2/repository/com/sun/xml/bind/jaxb-impl/2.3.0.1/jaxb-impl-2.3.0.1.jar:/home/user/.m2/repository/com/sun/xml/bind/jaxb-core/2.3.0.1/jaxb-core-2.3.0.1.jar:/home/user/.m2/repository/javax/xml/bind/jaxb-api/2.3.0/jaxb-api-2.3.0.jar:/home/user/.m2/repository/javax/activation/activation/1.1.1/activation-1.1.1.jar:/home/user/.m2/repository/org/apache/hadoop/hadoop-ozone-csi/0.5.0-SNAPSHOT/hadoop-ozone-csi-0.5.0-SNAPSHOT.jar:/home/user/.m2/repository/com/google/protobuf/protobuf-java-util/3.5.1/protobuf-java-util-3.5.1.jar:/home/user/.m2/repository/org/apache/hadoop/hadoop-hdds-config/0.5.0-SNAPSHOT/hadoop-hdds-config-0.5.0-SNAPSHOT.jar:/home/user/.m2/repository/io/grpc/grpc-netty/1.17.1/grpc-netty-1.17.1.jar:/home/user/.m2/repository/io/grpc/grpc-core/1.17.1/grpc-core-1.17.1.jar:/home/user/.m2/repository/io/grpc/grpc-context/1.17.1/grpc-context-1.17.1.jar:/home/user/.m2/repository/com/google/errorprone/error_prone_annotations/2.2.0/error_prone_annotations-2.2.0.jar:/home/user/.m2/repository/org/codehaus/mojo/animal-sniffer-annotations/1.17/animal-sniffer-annotations-1.17.jar:/home/user/.m2/repository/io/opencensus/opencensus-api/0.17.0/opencensus-api-0.17.0.jar:/home/user/.m2/repository/io/opencensus/opencensus-contrib-grpc-metrics/0.17.0/opencensus-contrib-grpc-metrics-0.17.0.jar:/home/user/.m2/repository/io/netty/netty-codec-http2/4.1.30.Final/netty-codec-http2-4.1.30.Final.jar:/home/user/.m2/repository/io/netty/netty-codec-http/4.1.30.Final/netty-codec-http-4.1.30.Final.jar:/home/user/.m2/repository/io/netty/netty-codec/4.1.30.Final/netty-codec-4.1.30.Final.jar:/home/user/.m2/repository/io/netty/netty-handler/4.1.30.Final/netty-handler-4.1.30.Final.jar:/home/user/.m2/repository/io/netty/netty-handler-proxy/4.1.30.Final/netty-handler-proxy-4.1.30.Final.jar:/home/user/.m2/repository/io/netty/netty-codec-socks/4.1.30.Final/netty-codec-socks-4.1.30.Final.jar:/home/user/.m2/repository/io/netty/netty-transport-native-epoll/4.1.30.Final/netty-transport-native-epoll-4.1.30.Final.jar:/home/user/.m2/repository/io/netty/netty-common/4.1.30.Final/netty-common-4.1.30.Final.jar:/home/user/.m2/repository/io/netty/netty-buffer/4.1.30.Final/netty-buffer-4.1.30.Final.jar:/home/user/.m2/repository/io/netty/netty-transport/4.1.30.Final/netty-transport-4.1.30.Final.jar:/home/user/.m2/repository/io/netty/netty-resolver/4.1.30.Final/netty-resolver-4.1.30.Final.jar:/home/user/.m2/repository/io/netty/netty-transport-native-unix-common/4.1.30.Final/netty-transport-native-unix-common-4.1.30.Final.jar:/home/user/.m2/repository/io/grpc/grpc-protobuf/1.17.1/grpc-protobuf-1.17.1.jar:/home/user/.m2/repository/com/google/api/grpc/proto-google-common-protos/1.0.0/proto-google-common-protos-1.0.0.jar:/home/user/.m2/repository/io/grpc/grpc-protobuf-lite/1.17.1/grpc-protobuf-lite-1.17.1.jar:/home/user/.m2/repository/io/grpc/grpc-stub/1.17.1/grpc-stub-1.17.1.jar:/home/user/.m2/repository/org/apache/hadoop/hadoop-ozone-recon/0.5.0-SNAPSHOT/hadoop-ozone-recon-0.5.0-SNAPSHOT.jar:/home/user/.m2/repository/org/apache/hadoop/hadoop-ozone-reconcodegen/0.5.0-SNAPSHOT/hadoop-ozone-reconcodegen-0.5.0-SNAPSHOT.jar:/home/user/.m2/repository/com/google/inject/extensions/guice-multibindings/4.0/guice-multibindings-4.0.jar:/home/user/.m2/repository/com/google/inject/guice/4.0/guice-4.0.jar:/home/user/.m2/repository/aopalliance/aopalliance/1.0/aopalliance-1.0.jar:/home/user/.m2/repository/com/google/inject/extensions/guice-servlet/4.0/guice-servlet-4.0.jar:/home/user/.m2/repository/org/glassfish/jersey/containers/jersey-container-servlet/2.27/jersey-container-servlet-2.27.jar:/home/user/.m2/repository/org/glassfish/hk2/guice-bridge/2.5.0/guice-bridge-2.5.0.jar:/home/user/.m2/repository/org/glassfish/jersey/core/jersey-server/2.27/jersey-server-2.27.jar:/home/user/.m2/repository/org/glassfish/jersey/core/jersey-client/2.27/jersey-client-2.27.jar:/home/user/.m2/repository/org/glassfish/jersey/media/jersey-media-jaxb/2.27/jersey-media-jaxb-2.27.jar:/home/user/.m2/repository/javax/validation/validation-api/1.1.0.Final/validation-api-1.1.0.Final.jar:/home/user/.m2/repository/org/glassfish/jersey/media/jersey-media-json-jackson/2.27/jersey-media-json-jackson-2.27.jar:/home/user/.m2/repository/org/glassfish/jersey/ext/jersey-entity-filtering/2.27/jersey-entity-filtering-2.27.jar:/home/user/.m2/repository/com/google/inject/extensions/guice-assistedinject/4.0/guice-assistedinject-4.0.jar:/home/user/.m2/repository/org/jooq/jooq/3.11.10/jooq-3.11.10.jar:/home/user/.m2/repository/org/jooq/jooq-meta/3.11.10/jooq-meta-3.11.10.jar:/home/user/.m2/repository/org/jooq/jooq-codegen/3.11.10/jooq-codegen-3.11.10.jar:/home/user/.m2/repository/com/jolbox/bonecp/0.8.0.RELEASE/bonecp-0.8.0.RELEASE.jar:/home/user/.m2/repository/org/xerial/sqlite-jdbc/3.25.2/sqlite-jdbc-3.25.2.jar:/home/user/.m2/repository/org/springframework/spring-jdbc/5.1.3.RELEASE/spring-jdbc-5.1.3.RELEASE.jar:/home/user/.m2/repository/org/springframework/spring-beans/5.1.3.RELEASE/spring-beans-5.1.3.RELEASE.jar:/home/user/.m2/repository/org/springframework/spring-core/5.1.3.RELEASE/spring-core-5.1.3.RELEASE.jar:/home/user/.m2/repository/org/springframework/spring-jcl/5.1.3.RELEASE/spring-jcl-5.1.3.RELEASE.jar:/home/user/.m2/repository/org/springframework/spring-tx/5.1.3.RELEASE/spring-tx-5.1.3.RELEASE.jar:/home/user/.m2/repository/org/apache/hadoop/hadoop-ozone-client/0.5.0-SNAPSHOT/hadoop-ozone-client-0.5.0-SNAPSHOT.jar:/home/user/.m2/repository/commons-lang/commons-lang/2.6/commons-lang-2.6.jar:/home/user/.m2/repository/org/apache/hadoop/hadoop-ozone-ozone-manager/0.5.0-SNAPSHOT/hadoop-ozone-ozone-manager-0.5.0-SNAPSHOT-tests.jar:/home/user/.m2/repository/junit/junit/4.11/junit-4.11.jar:/home/user/.m2/repository/org/hamcrest/hamcrest-core/1.3/hamcrest-core-1.3.jar:/home/user/.m2/repository/org/openjdk/jmh/jmh-core/1.19/jmh-core-1.19.jar:/home/user/.m2/repository/net/sf/jopt-simple/jopt-simple/4.6/jopt-simple-4.6.jar:/home/user/.m2/repository/org/apache/commons/commons-math3/3.1.1/commons-math3-3.1.1.jar:/home/user/.m2/repository/org/openjdk/jmh/jmh-generator-annprocess/1.19/jmh-generator-annprocess-1.19.jar:/home/user/.m2/repository/org/mockito/mockito-all/1.8.5/mockito-all-1.8.5.jar:/home/user/.m2/repository/org/apache/hadoop/hadoop-kms/3.2.0/hadoop-kms-3.2.0.jar:/home/user/.m2/repository/org/apache/hadoop/hadoop-auth/3.2.0/hadoop-auth-3.2.0.jar:/home/user/.m2/repository/com/nimbusds/nimbus-jose-jwt/4.41.1/nimbus-jose-jwt-4.41.1.jar:/home/user/.m2/repository/com/github/stephenc/jcip/jcip-annotations/1.0-1/jcip-annotations-1.0-1.jar:/home/user/.m2/repository/net/minidev/json-smart/2.3/json-smart-2.3.jar:/home/user/.m2/repository/net/minidev/accessors-smart/1.2/accessors-smart-1.2.jar:/home/user/.m2/repository/org/ow2/asm/asm/5.0.4/asm-5.0.4.jar:/home/user/.m2/repository/org/apache/curator/curator-framework/2.12.0/curator-framework-2.12.0.jar:/home/user/.m2/repository/com/sun/jersey/jersey-core/1.19/jersey-core-1.19.jar:/home/user/.m2/repository/javax/ws/rs/jsr311-api/1.1.1/jsr311-api-1.1.1.jar:/home/user/.m2/repository/com/sun/jersey/jersey-server/1.19/jersey-server-1.19.jar:/home/user/.m2/repository/javax/servlet/javax.servlet-api/3.1.0/javax.servlet-api-3.1.0.jar:/home/user/.m2/repository/org/eclipse/jetty/jetty-server/9.3.24.v20180605/jetty-server-9.3.24.v20180605.jar:/home/user/.m2/repository/org/eclipse/jetty/jetty-http/9.3.24.v20180605/jetty-http-9.3.24.v20180605.jar:/home/user/.m2/repository/org/eclipse/jetty/jetty-io/9.3.24.v20180605/jetty-io-9.3.24.v20180605.jar:/home/user/.m2/repository/org/eclipse/jetty/jetty-webapp/9.3.24.v20180605/jetty-webapp-9.3.24.v20180605.jar:/home/user/.m2/repository/org/eclipse/jetty/jetty-xml/9.3.24.v20180605/jetty-xml-9.3.24.v20180605.jar:/home/user/.m2/repository/log4j/log4j/1.2.17/log4j-1.2.17.jar:/home/user/.m2/repository/org/slf4j/slf4j-api/1.7.25/slf4j-api-1.7.25.jar:/home/user/.m2/repository/org/slf4j/jul-to-slf4j/1.7.25/jul-to-slf4j-1.7.25.jar:/home/user/.m2/repository/org/eclipse/jetty/jetty-util/9.3.24.v20180605/jetty-util-9.3.24.v20180605.jar:/home/user/.m2/repository/com/fasterxml/jackson/core/jackson-databind/2.9.5/jackson-databind-2.9.5.jar:/home/user/.m2/repository/org/apache/hadoop/hadoop-kms/3.2.0/hadoop-kms-3.2.0-tests.jar:/home/user/.m2/repository/org/apache/hadoop/hadoop-hdds-server-scm/0.5.0-SNAPSHOT/hadoop-hdds-server-scm-0.5.0-SNAPSHOT-tests.jar:/home/user/.m2/repository/org/apache/hadoop/hadoop-hdds-container-service/0.5.0-SNAPSHOT/hadoop-hdds-container-service-0.5.0-SNAPSHOT-tests.jar:/home/user/.m2/repository/org/yaml/snakeyaml/1.16/snakeyaml-1.16.jar:/home/user/.m2/repository/org/apache/hadoop/hadoop-common/3.2.0/hadoop-common-3.2.0-tests.jar:/home/user/.m2/repository/org/apache/hadoop/hadoop-annotations/3.2.0/hadoop-annotations-3.2.0.jar:/usr/lib/jvm/java-1.8-openjdk/jre/../lib/tools.jar:/home/user/.m2/repository/commons-cli/commons-cli/1.2/commons-cli-1.2.jar:/home/user/.m2/repository/org/apache/httpcomponents/httpclient/4.5.2/httpclient-4.5.2.jar:/home/user/.m2/repository/org/apache/httpcomponents/httpcore/4.4.4/httpcore-4.4.4.jar:/home/user/.m2/repository/commons-codec/commons-codec/1.11/commons-codec-1.11.jar:/home/user/.m2/repository/commons-net/commons-net/3.6/commons-net-3.6.jar:/home/user/.m2/repository/commons-collections/commons-collections/3.2.2/commons-collections-3.2.2.jar:/home/user/.m2/repository/org/eclipse/jetty/jetty-servlet/9.3.24.v20180605/jetty-servlet-9.3.24.v20180605.jar:/home/user/.m2/repository/org/eclipse/jetty/jetty-security/9.3.24.v20180605/jetty-security-9.3.24.v20180605.jar:/home/user/.m2/repository/javax/servlet/jsp/jsp-api/2.1/jsp-api-2.1.jar:/home/user/.m2/repository/com/sun/jersey/jersey-servlet/1.19/jersey-servlet-1.19.jar:/home/user/.m2/repository/com/sun/jersey/jersey-json/1.19/jersey-json-1.19.jar:/home/user/.m2/repository/org/codehaus/jettison/jettison/1.1/jettison-1.1.jar:/home/user/.m2/repository/org/codehaus/jackson/jackson-core-asl/1.9.13/jackson-core-asl-1.9.13.jar:/home/user/.m2/repository/org/codehaus/jackson/jackson-mapper-asl/1.9.13/jackson-mapper-asl-1.9.13.jar:/home/user/.m2/repository/org/codehaus/jackson/jackson-jaxrs/1.9.13/jackson-jaxrs-1.9.13.jar:/home/user/.m2/repository/org/codehaus/jackson/jackson-xc/1.9.13/jackson-xc-1.9.13.jar:/home/user/.m2/repository/commons-logging/commons-logging/1.1.3/commons-logging-1.1.3.jar:/home/user/.m2/repository/commons-beanutils/commons-beanutils/1.9.3/commons-beanutils-1.9.3.jar:/home/user/.m2/repository/org/apache/commons/commons-configuration2/2.1.1/commons-configuration2-2.1.1.jar:/home/user/.m2/repository/org/apache/commons/commons-lang3/3.7/commons-lang3-3.7.jar:/home/user/.m2/repository/org/apache/commons/commons-text/1.4/commons-text-1.4.jar:/home/user/.m2/repository/org/apache/avro/avro/1.7.7/avro-1.7.7.jar:/home/user/.m2/repository/com/thoughtworks/paranamer/paranamer/2.3/paranamer-2.3.jar:/home/user/.m2/repository/org/xerial/snappy/snappy-java/1.0.5/snappy-java-1.0.5.jar:/home/user/.m2/repository/com/google/re2j/re2j/1.1/re2j-1.1.jar:/home/user/.m2/repository/com/google/code/gson/gson/2.2.4/gson-2.2.4.jar:/home/user/.m2/repository/com/jcraft/jsch/0.1.54/jsch-0.1.54.jar:/home/user/.m2/repository/org/apache/curator/curator-client/2.12.0/curator-client-2.12.0.jar:/home/user/.m2/repository/org/apache/curator/curator-recipes/2.12.0/curator-recipes-2.12.0.jar:/home/user/.m2/repository/com/google/code/findbugs/jsr305/3.0.0/jsr305-3.0.0.jar:/home/user/.m2/repository/org/apache/htrace/htrace-core4/4.1.0-incubating/htrace-core4-4.1.0-incubating.jar:/home/user/.m2/repository/org/apache/zookeeper/zookeeper/3.4.13/zookeeper-3.4.13.jar:/home/user/.m2/repository/org/apache/yetus/audience-annotations/0.5.0/audience-annotations-0.5.0.jar:/home/user/.m2/repository/org/codehaus/woodstox/stax2-api/3.1.4/stax2-api-3.1.4.jar:/home/user/.m2/repository/com/fasterxml/woodstox/woodstox-core/5.0.3/woodstox-core-5.0.3.jar:/home/user/.m2/repository/dnsjava/dnsjava/2.1.7/dnsjava-2.1.7.jar:/home/user/.m2/repository/org/apache/hadoop/hadoop-hdfs/3.2.0/hadoop-hdfs-3.2.0-tests.jar:/home/user/.m2/repository/org/eclipse/jetty/jetty-util-ajax/9.3.24.v20180605/jetty-util-ajax-9.3.24.v20180605.jar:/home/user/.m2/repository/commons-daemon/commons-daemon/1.0.13/commons-daemon-1.0.13.jar:/home/user/.m2/repository/io/netty/netty/3.10.5.Final/netty-3.10.5.Final.jar:/home/user/.m2/repository/io/netty/netty-all/4.0.52.Final/netty-all-4.0.52.Final.jar:/home/user/.m2/repository/org/fusesource/leveldbjni/leveldbjni-all/1.8/leveldbjni-all-1.8.jar:"/>
    <property name="sun.cpu.endian" value="little"/>
    <property name="user.home" value="/home/user"/>
    <property name="user.language" value="en"/>
    <property name="java.specification.vendor" value="Oracle Corporation"/>
    <property name="java.home" value="/usr/lib/jvm/java-1.8-openjdk/jre"/>
    <property name="java.security.krb5.conf" value="/workdir/hadoop-ozone/integration-test/target/test-classes/krb5.conf"/>
    <property name="basedir" value="/workdir/hadoop-ozone/integration-test"/>
    <property name="file.separator" value="/"/>
    <property name="line.separator" value="&#10;"/>
    <property name="java.vm.specification.vendor" value="Oracle Corporation"/>
    <property name="java.specification.name" value="Java Platform API Specification"/>
    <property name="java.awt.graphicsenv" value="sun.awt.X11GraphicsEnvironment"/>
    <property name="surefire.real.class.path" value="/workdir/hadoop-ozone/integration-test/target/surefire/surefirebooter7484764965744342998.jar"/>
    <property name="hadoop.log.dir" value="/workdir/hadoop-ozone/integration-test/target/log"/>
    <property name="sun.boot.class.path" value="/usr/lib/jvm/java-1.8-openjdk/jre/lib/resources.jar:/usr/lib/jvm/java-1.8-openjdk/jre/lib/rt.jar:/usr/lib/jvm/java-1.8-openjdk/jre/lib/sunrsasign.jar:/usr/lib/jvm/java-1.8-openjdk/jre/lib/jsse.jar:/usr/lib/jvm/java-1.8-openjdk/jre/lib/jce.jar:/usr/lib/jvm/java-1.8-openjdk/jre/lib/charsets.jar:/usr/lib/jvm/java-1.8-openjdk/jre/lib/jfr.jar:/usr/lib/jvm/java-1.8-openjdk/jre/classes"/>
    <property name="sun.management.compiler" value="HotSpot 64-Bit Tiered Compilers"/>
    <property name="java.runtime.version" value="1.8.0_212-b04"/>
    <property name="java.net.preferIPv4Stack" value="true"/>
    <property name="user.name" value="jenkins1000"/>
    <property name="path.separator" value=":"/>
    <property name="java.security.egd" value="file:///dev/urandom"/>
    <property name="os.version" value="3.10.0-957.12.2.el7.x86_64"/>
    <property name="java.endorsed.dirs" value="/usr/lib/jvm/java-1.8-openjdk/jre/lib/endorsed"/>
    <property name="java.runtime.name" value="OpenJDK Runtime Environment"/>
    <property name="file.encoding" value="UTF-8"/>
    <property name="java.vm.name" value="OpenJDK 64-Bit Server VM"/>
    <property name="test.build.webapps" value=""/>
    <property name="localRepository" value="/home/user/.m2/repository"/>
    <property name="java.vendor.url.bug" value="https://icedtea.classpath.org/bugzilla"/>
    <property name="java.io.tmpdir" value="/tmp"/>
    <property name="require.test.libhadoop" value=""/>
    <property name="java.version" value="1.8.0_212"/>
    <property name="user.dir" value="/workdir/hadoop-ozone/integration-test"/>
    <property name="os.arch" value="amd64"/>
    <property name="java.vm.specification.name" value="Java Virtual Machine Specification"/>
    <property name="test.build.classes" value="/workdir/hadoop-ozone/integration-test/target/test-classes"/>
    <property name="java.awt.printerjob" value="sun.print.PSPrinterJob"/>
    <property name="sun.os.patch.level" value="unknown"/>
    <property name="hadoop.tmp.dir" value="/workdir/hadoop-ozone/integration-test/target/tmp"/>
    <property name="java.library.path" value="/usr/lib/jvm/java-1.8-openjdk/jre/lib/amd64/server:/usr/lib/jvm/java-1.8-openjdk/jre/lib/amd64:/usr/lib/jvm/java-1.8-openjdk/jre/../lib/amd64:/workdir/hadoop-ozone/integration-test/target/native/target/usr/local/lib:/workdir/hadoop-ozone/integration-test/../../hadoop-common-project/hadoop-common/target/native/target/usr/local/lib:/usr/java/packages/lib/amd64:/usr/lib64:/lib64:/lib:/usr/lib"/>
    <property name="java.vm.info" value="mixed mode"/>
    <property name="java.vendor" value="IcedTea"/>
    <property name="java.vm.version" value="25.212-b04"/>
    <property name="java.ext.dirs" value="/usr/lib/jvm/java-1.8-openjdk/jre/lib/ext:/usr/java/packages/lib/ext"/>
    <property name="sun.io.unicode.encoding" value="UnicodeLittle"/>
    <property name="java.class.version" value="52.0"/>
  </properties>
  <testcase name="testGroupMismatchExceptionHandling" classname="org.apache.hadoop.ozone.client.rpc.TestOzoneClientRetriesOnException" time="45.236"/>
  <testcase name="testMaxRetriesByOzoneClient" classname="org.apache.hadoop.ozone.client.rpc.TestOzoneClientRetriesOnException" time="335.501">
    <error message="Failed to command cmdType: CreateContainer&#10;containerID: 1&#10;datanodeUuid: &quot;3a14c1ba-d90f-4e55-9b74-34a12c0cf08b&quot;&#10;createContainer {&#10;}&#10;" type="java.io.IOException">java.io.IOException: 
Failed to command cmdType: CreateContainer
containerID: 1
datanodeUuid: "3a14c1ba-d90f-4e55-9b74-34a12c0cf08b"
createContainer {
}

	at org.apache.hadoop.hdds.scm.XceiverClientSpi.sendCommand(XceiverClientSpi.java:113)
	at org.apache.hadoop.ozone.client.rpc.TestOzoneClientRetriesOnException.testMaxRetriesByOzoneClient(TestOzoneClientRetriesOnException.java:190)
	at sun.reflect.NativeMethodAccessorImpl.invoke0(Native Method)
	at sun.reflect.NativeMethodAccessorImpl.invoke(NativeMethodAccessorImpl.java:62)
	at sun.reflect.DelegatingMethodAccessorImpl.invoke(DelegatingMethodAccessorImpl.java:43)
	at java.lang.reflect.Method.invoke(Method.java:498)
	at org.junit.runners.model.FrameworkMethod$1.runReflectiveCall(FrameworkMethod.java:47)
	at org.junit.internal.runners.model.ReflectiveCallable.run(ReflectiveCallable.java:12)
	at org.junit.runners.model.FrameworkMethod.invokeExplosively(FrameworkMethod.java:44)
	at org.junit.internal.runners.statements.InvokeMethod.evaluate(InvokeMethod.java:17)
	at org.junit.internal.runners.statements.RunBefores.evaluate(RunBefores.java:26)
	at org.junit.internal.runners.statements.RunAfters.evaluate(RunAfters.java:27)
	at org.junit.runners.ParentRunner.runLeaf(ParentRunner.java:271)
	at org.junit.runners.BlockJUnit4ClassRunner.runChild(BlockJUnit4ClassRunner.java:70)
	at org.junit.runners.BlockJUnit4ClassRunner.runChild(BlockJUnit4ClassRunner.java:50)
	at org.junit.runners.ParentRunner$3.run(ParentRunner.java:238)
	at org.junit.runners.ParentRunner$1.schedule(ParentRunner.java:63)
	at org.junit.runners.ParentRunner.runChildren(ParentRunner.java:236)
	at org.junit.runners.ParentRunner.access$000(ParentRunner.java:53)
	at org.junit.runners.ParentRunner$2.evaluate(ParentRunner.java:229)
	at org.junit.runners.ParentRunner.run(ParentRunner.java:309)
	at org.apache.maven.surefire.junit4.JUnit4Provider.execute(JUnit4Provider.java:365)
	at org.apache.maven.surefire.junit4.JUnit4Provider.executeWithRerun(JUnit4Provider.java:273)
	at org.apache.maven.surefire.junit4.JUnit4Provider.executeTestSet(JUnit4Provider.java:238)
	at org.apache.maven.surefire.junit4.JUnit4Provider.invoke(JUnit4Provider.java:159)
	at org.apache.maven.surefire.booter.ForkedBooter.invokeProviderInSameClassLoader(ForkedBooter.java:384)
	at org.apache.maven.surefire.booter.ForkedBooter.runSuitesInProcess(ForkedBooter.java:345)
	at org.apache.maven.surefire.booter.ForkedBooter.execute(ForkedBooter.java:126)
	at org.apache.maven.surefire.booter.ForkedBooter.main(ForkedBooter.java:418)
Caused by: java.util.concurrent.ExecutionException: org.apache.ratis.protocol.RaftRetryFailureException: Failed RaftClientRequest:client-090605BECF39->9b1b75a9-c857-4b9a-9bce-dd664e78af57@group-7922B4F3146A, cid=45, seq=4*, RW, org.apache.hadoop.hdds.scm.XceiverClientRatis$$Lambda$325/1290606579@40fe08f5 for 180 attempts with RetryLimited(maxAttempts=180, sleepTime=1000ms)
	at java.util.concurrent.CompletableFuture.reportGet(CompletableFuture.java:357)
	at java.util.concurrent.CompletableFuture.get(CompletableFuture.java:1895)
	at org.apache.hadoop.hdds.scm.XceiverClientSpi.sendCommand(XceiverClientSpi.java:110)
	... 28 more
Caused by: org.apache.ratis.protocol.RaftRetryFailureException: Failed RaftClientRequest:client-090605BECF39->9b1b75a9-c857-4b9a-9bce-dd664e78af57@group-7922B4F3146A, cid=45, seq=4*, RW, org.apache.hadoop.hdds.scm.XceiverClientRatis$$Lambda$325/1290606579@40fe08f5 for 180 attempts with RetryLimited(maxAttempts=180, sleepTime=1000ms)
	at org.apache.ratis.client.impl.RaftClientImpl.noMoreRetries(RaftClientImpl.java:272)
	at org.apache.ratis.client.impl.OrderedAsync.handleAsyncRetryFailure(OrderedAsync.java:138)
	at org.apache.ratis.client.impl.OrderedAsync.lambda$sendRequest$10(OrderedAsync.java:230)
	at java.util.concurrent.CompletableFuture.uniExceptionally(CompletableFuture.java:870)
	at java.util.concurrent.CompletableFuture$UniExceptionally.tryFire(CompletableFuture.java:852)
	at java.util.concurrent.CompletableFuture.postComplete(CompletableFuture.java:474)
	at java.util.concurrent.CompletableFuture.completeExceptionally(CompletableFuture.java:1977)
	at org.apache.ratis.grpc.client.GrpcClientProtocolClient$AsyncStreamObservers.completeReplyExceptionally(GrpcClientProtocolClient.java:330)
	at org.apache.ratis.grpc.client.GrpcClientProtocolClient$AsyncStreamObservers.access$000(GrpcClientProtocolClient.java:246)
	at org.apache.ratis.grpc.client.GrpcClientProtocolClient$AsyncStreamObservers$1.onNext(GrpcClientProtocolClient.java:258)
	at org.apache.ratis.grpc.client.GrpcClientProtocolClient$AsyncStreamObservers$1.onNext(GrpcClientProtocolClient.java:249)
	at org.apache.ratis.thirdparty.io.grpc.stub.ClientCalls$StreamObserverToCallListenerAdapter.onMessage(ClientCalls.java:421)
	at org.apache.ratis.thirdparty.io.grpc.ForwardingClientCallListener.onMessage(ForwardingClientCallListener.java:33)
	at org.apache.ratis.thirdparty.io.grpc.ForwardingClientCallListener.onMessage(ForwardingClientCallListener.java:33)
	at org.apache.ratis.thirdparty.io.grpc.internal.ClientCallImpl$ClientStreamListenerImpl$1MessagesAvailable.runInContext(ClientCallImpl.java:519)
	at org.apache.ratis.thirdparty.io.grpc.internal.ContextRunnable.run(ContextRunnable.java:37)
	at org.apache.ratis.thirdparty.io.grpc.internal.SerializingExecutor.run(SerializingExecutor.java:123)
	at java.util.concurrent.ThreadPoolExecutor.runWorker(ThreadPoolExecutor.java:1149)
	at java.util.concurrent.ThreadPoolExecutor$Worker.run(ThreadPoolExecutor.java:624)
	at java.lang.Thread.run(Thread.java:748)
Caused by: org.apache.ratis.protocol.NotLeaderException: Server 9b1b75a9-c857-4b9a-9bce-dd664e78af57 is not the leader (4d1e0fe6-60fd-4907-9842-f352edb6fbc8:192.168.34.57:43840). Request must be sent to leader.
	at org.apache.ratis.client.impl.ClientProtoUtils.toRaftClientReply(ClientProtoUtils.java:242)
	at org.apache.ratis.grpc.client.GrpcClientProtocolClient$AsyncStreamObservers$1.onNext(GrpcClientProtocolClient.java:254)
	... 10 more
</error>
    <system-out><![CDATA[2019-08-24 00:20:22,603 [main] WARN  server.ServerUtils (ServerUtils.java:getScmDbDir(145)) - ozone.scm.db.dirs is not configured. We recommend adding this setting. Falling back to ozone.metadata.dirs instead.
2019-08-24 00:20:22,638 [main] WARN  server.ServerUtils (ServerUtils.java:getScmDbDir(145)) - ozone.scm.db.dirs is not configured. We recommend adding this setting. Falling back to ozone.metadata.dirs instead.
2019-08-24 00:20:22,639 [main] WARN  server.ServerUtils (ServerUtils.java:getScmDbDir(145)) - ozone.scm.db.dirs is not configured. We recommend adding this setting. Falling back to ozone.metadata.dirs instead.
2019-08-24 00:20:22,639 [main] INFO  db.DBStoreBuilder (DBStoreBuilder.java:addTable(110)) - using custom profile for table: deletedBlocks
2019-08-24 00:20:22,640 [main] INFO  db.DBStoreBuilder (DBStoreBuilder.java:processTables(161)) - Using default column profile:DBProfile.DISK for Table:deletedBlocks
2019-08-24 00:20:22,640 [main] INFO  db.DBStoreBuilder (DBStoreBuilder.java:addTable(110)) - using custom profile for table: validCerts
2019-08-24 00:20:22,640 [main] INFO  db.DBStoreBuilder (DBStoreBuilder.java:processTables(161)) - Using default column profile:DBProfile.DISK for Table:validCerts
2019-08-24 00:20:22,640 [main] INFO  db.DBStoreBuilder (DBStoreBuilder.java:addTable(110)) - using custom profile for table: revokedCerts
2019-08-24 00:20:22,641 [main] INFO  db.DBStoreBuilder (DBStoreBuilder.java:processTables(161)) - Using default column profile:DBProfile.DISK for Table:revokedCerts
2019-08-24 00:20:22,641 [main] INFO  db.DBStoreBuilder (DBStoreBuilder.java:addTable(110)) - using custom profile for table: default
2019-08-24 00:20:22,641 [main] INFO  db.DBStoreBuilder (DBStoreBuilder.java:processTables(167)) - Using default column profile:DBProfile.DISK for Table:default
2019-08-24 00:20:22,641 [main] INFO  db.DBStoreBuilder (DBStoreBuilder.java:getDbProfile(198)) - Using default options. DBProfile.DISK
2019-08-24 00:20:22,835 [main] INFO  net.NodeSchemaLoader (NodeSchemaLoader.java:loadSchemaFromFile(125)) - Loading file from sun.misc.CompoundEnumeration@184de357
2019-08-24 00:20:22,835 [main] INFO  net.NodeSchemaLoader (NodeSchemaLoader.java:loadSchema(171)) - Loading network topology layer schema file
2019-08-24 00:20:22,842 [main] WARN  server.ServerUtils (ServerUtils.java:sanitizeUserArgs(70)) - ozone.scm.stale.node.interval value = 300000 is larger than max = 100000 based on the key value of ozone.scm.heartbeat.thread.interval, reset to the max value 100000.
2019-08-24 00:20:22,842 [main] WARN  server.ServerUtils (ServerUtils.java:sanitizeUserArgs(70)) - ozone.scm.stale.node.interval value = 300000 is larger than max = 100000 based on the key value of ozone.scm.heartbeat.thread.interval, reset to the max value 100000.
2019-08-24 00:20:22,843 [main] INFO  node.SCMNodeManager (SCMNodeManager.java:<init>(121)) - Entering startup safe mode.
2019-08-24 00:20:22,844 [main] INFO  algorithms.ContainerPlacementPolicyFactory (ContainerPlacementPolicyFactory.java:getPolicy(55)) - Create container placement policy of type org.apache.hadoop.hdds.scm.container.placement.algorithms.SCMContainerPlacementRandom
2019-08-24 00:20:22,844 [main] WARN  server.ServerUtils (ServerUtils.java:getScmDbDir(145)) - ozone.scm.db.dirs is not configured. We recommend adding this setting. Falling back to ozone.metadata.dirs instead.
2019-08-24 00:20:22,896 [main] INFO  pipeline.SCMPipelineManager (SCMPipelineManager.java:initializePipelineState(126)) - No pipeline exists in current db
2019-08-24 00:20:22,896 [main] WARN  server.ServerUtils (ServerUtils.java:getScmDbDir(145)) - ozone.scm.db.dirs is not configured. We recommend adding this setting. Falling back to ozone.metadata.dirs instead.
2019-08-24 00:20:22,936 [main] WARN  events.EventQueue (EventQueue.java:fireEvent(175)) - No event handler registered for event TypedEvent{payloadType=SafeModeStatus, name='SafeModeStatus'}
2019-08-24 00:20:22,938 [main] INFO  ipc.CallQueueManager (CallQueueManager.java:<init>(84)) - Using callQueue: class java.util.concurrent.LinkedBlockingQueue, queueCapacity: 2000, scheduler: class org.apache.hadoop.ipc.DefaultRpcScheduler, ipcBackoff: false.
2019-08-24 00:20:22,939 [Socket Reader #1 for port 33474] INFO  ipc.Server (Server.java:run(1074)) - Starting Socket Reader #1 for port 33474
2019-08-24 00:20:22,941 [main] INFO  ipc.CallQueueManager (CallQueueManager.java:<init>(84)) - Using callQueue: class java.util.concurrent.LinkedBlockingQueue, queueCapacity: 2000, scheduler: class org.apache.hadoop.ipc.DefaultRpcScheduler, ipcBackoff: false.
2019-08-24 00:20:22,942 [Socket Reader #1 for port 34746] INFO  ipc.Server (Server.java:run(1074)) - Starting Socket Reader #1 for port 34746
2019-08-24 00:20:22,944 [main] INFO  ipc.CallQueueManager (CallQueueManager.java:<init>(84)) - Using callQueue: class java.util.concurrent.LinkedBlockingQueue, queueCapacity: 2000, scheduler: class org.apache.hadoop.ipc.DefaultRpcScheduler, ipcBackoff: false.
2019-08-24 00:20:22,945 [Socket Reader #1 for port 41414] INFO  ipc.Server (Server.java:run(1074)) - Starting Socket Reader #1 for port 41414
2019-08-24 00:20:22,948 [main] INFO  hdfs.DFSUtil (DFSUtil.java:httpServerTemplateForNNAndJN(1641)) - Starting Web-server for scm at: http://0.0.0.0:0
2019-08-24 00:20:22,951 [main] INFO  server.AuthenticationFilter (AuthenticationFilter.java:constructSecretProvider(240)) - Unable to initialize FileSignerSecretProvider, falling back to use random secrets.
2019-08-24 00:20:22,952 [main] WARN  http.HttpRequestLog (HttpRequestLog.java:getRequestLog(97)) - Jetty request log can only be enabled using Log4j
2019-08-24 00:20:22,955 [main] INFO  http.HttpServer2 (HttpServer2.java:addGlobalFilter(975)) - Added global filter 'safety' (class=org.apache.hadoop.http.HttpServer2$QuotingInputFilter)
2019-08-24 00:20:22,956 [main] INFO  http.HttpServer2 (HttpServer2.java:addFilter(948)) - Added filter static_user_filter (class=org.apache.hadoop.http.lib.StaticUserWebFilter$StaticUserFilter) to context scm
2019-08-24 00:20:22,957 [main] INFO  http.HttpServer2 (HttpServer2.java:addFilter(958)) - Added filter static_user_filter (class=org.apache.hadoop.http.lib.StaticUserWebFilter$StaticUserFilter) to context static
2019-08-24 00:20:22,957 [main] INFO  http.HttpServer2 (HttpServer2.java:addFilter(958)) - Added filter static_user_filter (class=org.apache.hadoop.http.lib.StaticUserWebFilter$StaticUserFilter) to context logs
2019-08-24 00:20:22,960 [main] INFO  server.StorageContainerManager (StorageContainerManager.java:start(759)) - StorageContainerLocationProtocol RPC server is listening at /0.0.0.0:41414
2019-08-24 00:20:22,963 [main] WARN  impl.MetricsConfig (MetricsConfig.java:loadFirst(134)) - Cannot locate configuration: tried hadoop-metrics2-storagecontainermanager.properties,hadoop-metrics2.properties
2019-08-24 00:20:22,965 [main] INFO  impl.MetricsSystemImpl (MetricsSystemImpl.java:startTimer(374)) - Scheduled Metric snapshot period at 10 second(s).
2019-08-24 00:20:22,965 [main] INFO  impl.MetricsSystemImpl (MetricsSystemImpl.java:start(191)) - StorageContainerManager metrics system started
2019-08-24 00:20:23,030 [main] INFO  server.SCMClientProtocolServer (SCMClientProtocolServer.java:start(151)) - RPC server for Client  is listening at /0.0.0.0:41414
2019-08-24 00:20:23,031 [IPC Server Responder] INFO  ipc.Server (Server.java:run(1314)) - IPC Server Responder: starting
2019-08-24 00:20:23,031 [IPC Server listener on 41414] INFO  ipc.Server (Server.java:run(1153)) - IPC Server listener on 41414: starting
2019-08-24 00:20:23,035 [main] INFO  server.StorageContainerManager (StorageContainerManager.java:start(769)) - ScmBlockLocationProtocol RPC server is listening at /0.0.0.0:34746
2019-08-24 00:20:23,035 [main] INFO  server.SCMBlockProtocolServer (SCMBlockProtocolServer.java:start(140)) - RPC server for Block Protocol is listening at /0.0.0.0:34746
2019-08-24 00:20:23,036 [IPC Server Responder] INFO  ipc.Server (Server.java:run(1314)) - IPC Server Responder: starting
2019-08-24 00:20:23,036 [IPC Server listener on 34746] INFO  ipc.Server (Server.java:run(1153)) - IPC Server listener on 34746: starting
2019-08-24 00:20:23,040 [main] INFO  server.StorageContainerManager (StorageContainerManager.java:start(773)) - ScmDatanodeProtocl RPC server is listening at /0.0.0.0:33474
2019-08-24 00:20:23,040 [main] INFO  server.SCMDatanodeProtocolServer (SCMDatanodeProtocolServer.java:start(191)) - RPC server for DataNodes is listening at /0.0.0.0:33474
2019-08-24 00:20:23,041 [IPC Server Responder] INFO  ipc.Server (Server.java:run(1314)) - IPC Server Responder: starting
2019-08-24 00:20:23,041 [IPC Server listener on 33474] INFO  ipc.Server (Server.java:run(1153)) - IPC Server listener on 33474: starting
2019-08-24 00:20:23,045 [main] INFO  http.HttpServer2 (HttpServer2.java:bindListener(1191)) - Jetty bound to port 41939
2019-08-24 00:20:23,045 [main] INFO  server.Server (Server.java:doStart(351)) - jetty-9.3.24.v20180605, build timestamp: 2018-06-05T17:11:56Z, git hash: 84205aa28f11a4f31f2a3b86d1bba2cc8ab69827
2019-08-24 00:20:23,048 [main] INFO  handler.ContextHandler (ContextHandler.java:doStart(781)) - Started o.e.j.s.ServletContextHandler@59fea5f5{/logs,file:///workdir/hadoop-ozone/integration-test/target/log,AVAILABLE}
2019-08-24 00:20:23,049 [main] INFO  handler.ContextHandler (ContextHandler.java:doStart(781)) - Started o.e.j.s.ServletContextHandler@70f4abc1{/static,file:///workdir/hadoop-ozone/integration-test/target/test-classes/webapps/static,AVAILABLE}
2019-08-24 00:20:23,054 [main] INFO  handler.ContextHandler (ContextHandler.java:doStart(781)) - Started o.e.j.w.WebAppContext@1752e45c{/,file:///workdir/hadoop-ozone/integration-test/target/test-classes/webapps/scm/,AVAILABLE}{/scm}
2019-08-24 00:20:23,055 [main] INFO  server.AbstractConnector (AbstractConnector.java:doStart(278)) - Started ServerConnector@5ed65e4b{HTTP/1.1,[http/1.1]}{0.0.0.0:41939}
2019-08-24 00:20:23,056 [main] INFO  server.Server (Server.java:doStart(419)) - Started @46297ms
2019-08-24 00:20:23,057 [main] INFO  server.BaseHttpServer (BaseHttpServer.java:updateConnectorAddress(213)) - HTTP server of SCM is listening at http://0.0.0.0:41939
2019-08-24 00:20:23,058 [main] WARN  server.ServerUtils (ServerUtils.java:getDBPath(222)) - ozone.om.db.dirs is not configured. We recommend adding this setting. Falling back to ozone.metadata.dirs instead.
2019-08-24 00:20:23,058 [org.apache.hadoop.util.JvmPauseMonitor$Monitor@40cf6254] INFO  util.JvmPauseMonitor (JvmPauseMonitor.java:run(188)) - Starting JVM pause monitor
2019-08-24 00:20:23,084 [main] WARN  server.ServerUtils (ServerUtils.java:getDBPath(222)) - ozone.om.db.dirs is not configured. We recommend adding this setting. Falling back to ozone.metadata.dirs instead.
2019-08-24 00:20:23,084 [main] WARN  server.ServerUtils (ServerUtils.java:getDBPath(222)) - ozone.om.db.dirs is not configured. We recommend adding this setting. Falling back to ozone.metadata.dirs instead.
2019-08-24 00:20:23,085 [main] INFO  om.OzoneManager (OzoneManager.java:setOMNodeDetails(648)) - OM Service ID is not set. Setting it to the default ID: omServiceIdDefault
2019-08-24 00:20:23,085 [main] INFO  om.OzoneManager (OzoneManager.java:setOMNodeDetails(654)) - OM Node ID is not set. Setting it to the OmStorage's OmID: ba196817-5bb3-4b1a-8010-2ed533a0681a
2019-08-24 00:20:23,085 [main] INFO  om.OzoneManager (OzoneManager.java:loadOMHAConfigs(605)) - Found matching OM address with OMServiceId: null, OMNodeId: null, RPC Address: localhost:0 and Ratis port: 9872
2019-08-24 00:20:23,091 | INFO  | SCMAudit | user=jenkins1000 | ip=192.168.34.57 | op=GET_SCM_INFO null | ret=SUCCESS |  
2019-08-24 00:20:23,095 [main] WARN  server.ServerUtils (ServerUtils.java:getDBPath(222)) - ozone.om.db.dirs is not configured. We recommend adding this setting. Falling back to ozone.metadata.dirs instead.
2019-08-24 00:20:23,095 [main] INFO  db.DBStoreBuilder (DBStoreBuilder.java:addTable(110)) - using custom profile for table: userTable
2019-08-24 00:20:23,095 [main] INFO  db.DBStoreBuilder (DBStoreBuilder.java:processTables(161)) - Using default column profile:DBProfile.DISK for Table:userTable
2019-08-24 00:20:23,096 [main] INFO  db.DBStoreBuilder (DBStoreBuilder.java:addTable(110)) - using custom profile for table: volumeTable
2019-08-24 00:20:23,096 [main] INFO  db.DBStoreBuilder (DBStoreBuilder.java:processTables(161)) - Using default column profile:DBProfile.DISK for Table:volumeTable
2019-08-24 00:20:23,096 [main] INFO  db.DBStoreBuilder (DBStoreBuilder.java:addTable(110)) - using custom profile for table: bucketTable
2019-08-24 00:20:23,097 [main] INFO  db.DBStoreBuilder (DBStoreBuilder.java:processTables(161)) - Using default column profile:DBProfile.DISK for Table:bucketTable
2019-08-24 00:20:23,097 [main] INFO  db.DBStoreBuilder (DBStoreBuilder.java:addTable(110)) - using custom profile for table: keyTable
2019-08-24 00:20:23,097 [main] INFO  db.DBStoreBuilder (DBStoreBuilder.java:processTables(161)) - Using default column profile:DBProfile.DISK for Table:keyTable
2019-08-24 00:20:23,097 [main] INFO  db.DBStoreBuilder (DBStoreBuilder.java:addTable(110)) - using custom profile for table: deletedTable
2019-08-24 00:20:23,098 [main] INFO  db.DBStoreBuilder (DBStoreBuilder.java:processTables(161)) - Using default column profile:DBProfile.DISK for Table:deletedTable
2019-08-24 00:20:23,098 [main] INFO  db.DBStoreBuilder (DBStoreBuilder.java:addTable(110)) - using custom profile for table: openKeyTable
2019-08-24 00:20:23,098 [main] INFO  db.DBStoreBuilder (DBStoreBuilder.java:processTables(161)) - Using default column profile:DBProfile.DISK for Table:openKeyTable
2019-08-24 00:20:23,099 [main] INFO  db.DBStoreBuilder (DBStoreBuilder.java:addTable(110)) - using custom profile for table: s3Table
2019-08-24 00:20:23,099 [main] INFO  db.DBStoreBuilder (DBStoreBuilder.java:processTables(161)) - Using default column profile:DBProfile.DISK for Table:s3Table
2019-08-24 00:20:23,099 [main] INFO  db.DBStoreBuilder (DBStoreBuilder.java:addTable(110)) - using custom profile for table: multipartInfoTable
2019-08-24 00:20:23,099 [main] INFO  db.DBStoreBuilder (DBStoreBuilder.java:processTables(161)) - Using default column profile:DBProfile.DISK for Table:multipartInfoTable
2019-08-24 00:20:23,100 [main] INFO  db.DBStoreBuilder (DBStoreBuilder.java:addTable(110)) - using custom profile for table: dTokenTable
2019-08-24 00:20:23,100 [main] INFO  db.DBStoreBuilder (DBStoreBuilder.java:processTables(161)) - Using default column profile:DBProfile.DISK for Table:dTokenTable
2019-08-24 00:20:23,100 [main] INFO  db.DBStoreBuilder (DBStoreBuilder.java:addTable(110)) - using custom profile for table: s3SecretTable
2019-08-24 00:20:23,100 [main] INFO  db.DBStoreBuilder (DBStoreBuilder.java:processTables(161)) - Using default column profile:DBProfile.DISK for Table:s3SecretTable
2019-08-24 00:20:23,101 [main] INFO  db.DBStoreBuilder (DBStoreBuilder.java:addTable(110)) - using custom profile for table: prefixTable
2019-08-24 00:20:23,101 [main] INFO  db.DBStoreBuilder (DBStoreBuilder.java:processTables(161)) - Using default column profile:DBProfile.DISK for Table:prefixTable
2019-08-24 00:20:23,101 [main] INFO  db.DBStoreBuilder (DBStoreBuilder.java:addTable(110)) - using custom profile for table: default
2019-08-24 00:20:23,101 [main] INFO  db.DBStoreBuilder (DBStoreBuilder.java:processTables(167)) - Using default column profile:DBProfile.DISK for Table:default
2019-08-24 00:20:23,102 [main] INFO  db.DBStoreBuilder (DBStoreBuilder.java:getDbProfile(198)) - Using default options. DBProfile.DISK
2019-08-24 00:20:23,629 [main] INFO  ipc.CallQueueManager (CallQueueManager.java:<init>(84)) - Using callQueue: class java.util.concurrent.LinkedBlockingQueue, queueCapacity: 2000, scheduler: class org.apache.hadoop.ipc.DefaultRpcScheduler, ipcBackoff: false.
2019-08-24 00:20:23,630 [Socket Reader #1 for port 38204] INFO  ipc.Server (Server.java:run(1074)) - Starting Socket Reader #1 for port 38204
2019-08-24 00:20:23,646 [main] INFO  om.OzoneManager (OzoneManager.java:start(1259)) - OzoneManager RPC server is listening at localhost/127.0.0.1:38204
2019-08-24 00:20:23,646 [main] INFO  impl.MetricsSystemImpl (MetricsSystemImpl.java:init(158)) - OzoneManager metrics system started (again)
2019-08-24 00:20:23,647 [IPC Server Responder] INFO  ipc.Server (Server.java:run(1314)) - IPC Server Responder: starting
2019-08-24 00:20:23,647 [IPC Server listener on 38204] INFO  ipc.Server (Server.java:run(1153)) - IPC Server listener on 38204: starting
2019-08-24 00:20:23,653 [main] INFO  hdfs.DFSUtil (DFSUtil.java:httpServerTemplateForNNAndJN(1641)) - Starting Web-server for ozoneManager at: http://0.0.0.0:0
2019-08-24 00:20:23,655 [main] INFO  server.AuthenticationFilter (AuthenticationFilter.java:constructSecretProvider(240)) - Unable to initialize FileSignerSecretProvider, falling back to use random secrets.
2019-08-24 00:20:23,656 [main] WARN  http.HttpRequestLog (HttpRequestLog.java:getRequestLog(97)) - Jetty request log can only be enabled using Log4j
2019-08-24 00:20:23,658 [main] INFO  http.HttpServer2 (HttpServer2.java:addGlobalFilter(975)) - Added global filter 'safety' (class=org.apache.hadoop.http.HttpServer2$QuotingInputFilter)
2019-08-24 00:20:23,659 [main] INFO  http.HttpServer2 (HttpServer2.java:addFilter(948)) - Added filter static_user_filter (class=org.apache.hadoop.http.lib.StaticUserWebFilter$StaticUserFilter) to context ozoneManager
2019-08-24 00:20:23,659 [main] INFO  http.HttpServer2 (HttpServer2.java:addFilter(958)) - Added filter static_user_filter (class=org.apache.hadoop.http.lib.StaticUserWebFilter$StaticUserFilter) to context static
2019-08-24 00:20:23,659 [main] INFO  http.HttpServer2 (HttpServer2.java:addFilter(958)) - Added filter static_user_filter (class=org.apache.hadoop.http.lib.StaticUserWebFilter$StaticUserFilter) to context logs
2019-08-24 00:20:23,660 [main] INFO  http.HttpServer2 (HttpServer2.java:bindListener(1191)) - Jetty bound to port 33464
2019-08-24 00:20:23,660 [main] INFO  server.Server (Server.java:doStart(351)) - jetty-9.3.24.v20180605, build timestamp: 2018-06-05T17:11:56Z, git hash: 84205aa28f11a4f31f2a3b86d1bba2cc8ab69827
2019-08-24 00:20:23,662 [main] INFO  handler.ContextHandler (ContextHandler.java:doStart(781)) - Started o.e.j.s.ServletContextHandler@63c99f7{/logs,file:///workdir/hadoop-ozone/integration-test/target/log,AVAILABLE}
2019-08-24 00:20:23,663 [main] INFO  handler.ContextHandler (ContextHandler.java:doStart(781)) - Started o.e.j.s.ServletContextHandler@601f264d{/static,file:///workdir/hadoop-ozone/integration-test/target/test-classes/webapps/static,AVAILABLE}
2019-08-24 00:20:23,668 [main] INFO  handler.ContextHandler (ContextHandler.java:doStart(781)) - Started o.e.j.w.WebAppContext@a1e912f{/,file:///workdir/hadoop-ozone/integration-test/target/test-classes/webapps/ozoneManager/,AVAILABLE}{/ozoneManager}
2019-08-24 00:20:23,670 [main] INFO  server.AbstractConnector (AbstractConnector.java:doStart(278)) - Started ServerConnector@2036f83{HTTP/1.1,[http/1.1]}{0.0.0.0:33464}
2019-08-24 00:20:23,670 [main] INFO  server.Server (Server.java:doStart(419)) - Started @46911ms
2019-08-24 00:20:23,671 [main] INFO  server.BaseHttpServer (BaseHttpServer.java:updateConnectorAddress(213)) - HTTP server of OZONEMANAGER is listening at http://0.0.0.0:33464
2019-08-24 00:20:23,688 [main] INFO  impl.MetricsSystemImpl (MetricsSystemImpl.java:init(158)) - HddsDatanode metrics system started (again)
2019-08-24 00:20:23,691 [main] INFO  ozone.HddsDatanodeService (HddsDatanodeService.java:start(184)) - HddsDatanodeService host:pr-hdds-1909-kfjhh-925290811 ip:192.168.34.57
2019-08-24 00:20:23,699 [main] INFO  volume.HddsVolume (HddsVolume.java:<init>(176)) - Creating Volume: /workdir/hadoop-ozone/integration-test/target/test-dir/MiniOzoneClusterImpl-2dd808d2-8d8b-4e9b-8867-1fe86c020870/datanode-0/data/containers/hdds of  storage type : DISK and capacity : 1482555576320
2019-08-24 00:20:23,700 [main] INFO  volume.VolumeSet (VolumeSet.java:initializeVolumeSet(170)) - Added Volume : /workdir/hadoop-ozone/integration-test/target/test-dir/MiniOzoneClusterImpl-2dd808d2-8d8b-4e9b-8867-1fe86c020870/datanode-0/data/containers/hdds to VolumeSet
2019-08-24 00:20:23,700 [main] INFO  volume.ThrottledAsyncChecker (ThrottledAsyncChecker.java:schedule(140)) - Scheduling a check for org.apache.hadoop.ozone.container.common.volume.HddsVolume@4756e5cc
2019-08-24 00:20:23,701 [main] INFO  volume.HddsVolumeChecker (HddsVolumeChecker.java:checkAllVolumes(203)) - Scheduled health check for volume org.apache.hadoop.ozone.container.common.volume.HddsVolume@4756e5cc
2019-08-24 00:20:23,728 [main] INFO  impl.RaftServerProxy (ConfUtils.java:logGet(43)) - raft.rpc.type = GRPC (default)
2019-08-24 00:20:23,728 [main] INFO  grpc.GrpcFactory (GrpcFactory.java:checkPooledByteBufAllocatorUseCacheForAllThreads(45)) - PERFORMANCE WARNING: useCacheForAllThreads is true that may cause Netty to create a lot garbage objects and, as a result, trigger GC.
	It is recommended to disable useCacheForAllThreads by setting -Dorg.apache.ratis.thirdparty.io.netty.allocator.useCacheForAllThreads=false in command line.
2019-08-24 00:20:23,729 [main] INFO  grpc.GrpcConfigKeys$Server (ConfUtils.java:logGet(43)) - raft.grpc.server.port = 0 (default)
2019-08-24 00:20:23,729 [main] INFO  server.GrpcService (ConfUtils.java:logGet(43)) - raft.grpc.message.size.max = 33570816 (custom)
2019-08-24 00:20:23,729 [main] INFO  server.RaftServerConfigKeys (ConfUtils.java:logGet(43)) - raft.server.log.appender.buffer.byte-limit = 33554432 (custom)
2019-08-24 00:20:23,729 [main] INFO  server.GrpcService (ConfUtils.java:logGet(43)) - raft.grpc.flow.control.window = 1MB (=1048576) (default)
2019-08-24 00:20:23,730 [main] INFO  server.RaftServerConfigKeys (ConfUtils.java:logGet(43)) - raft.server.rpc.request.timeout = 3000ms (default)
2019-08-24 00:20:23,730 [main] INFO  server.RaftServerConfigKeys (ConfUtils.java:logGet(43)) - raft.server.storage.dir = [/workdir/hadoop-ozone/integration-test/target/test-dir/MiniOzoneClusterImpl-2dd808d2-8d8b-4e9b-8867-1fe86c020870/datanode-0/data/ratis] (custom)
2019-08-24 00:20:23,731 [main] INFO  replication.SimpleContainerDownloader (SimpleContainerDownloader.java:<init>(72)) - Starting container downloader service to copy containers to replicate.
2019-08-24 00:20:23,732 [main] INFO  hdfs.DFSUtil (DFSUtil.java:httpServerTemplateForNNAndJN(1641)) - Starting Web-server for hddsDatanode at: http://0.0.0.0:0
2019-08-24 00:20:23,734 [main] INFO  server.AuthenticationFilter (AuthenticationFilter.java:constructSecretProvider(240)) - Unable to initialize FileSignerSecretProvider, falling back to use random secrets.
2019-08-24 00:20:23,734 [main] WARN  http.HttpRequestLog (HttpRequestLog.java:getRequestLog(97)) - Jetty request log can only be enabled using Log4j
2019-08-24 00:20:23,735 [main] INFO  http.HttpServer2 (HttpServer2.java:addGlobalFilter(975)) - Added global filter 'safety' (class=org.apache.hadoop.http.HttpServer2$QuotingInputFilter)
2019-08-24 00:20:23,736 [main] INFO  http.HttpServer2 (HttpServer2.java:addFilter(948)) - Added filter static_user_filter (class=org.apache.hadoop.http.lib.StaticUserWebFilter$StaticUserFilter) to context hddsDatanode
2019-08-24 00:20:23,736 [main] INFO  http.HttpServer2 (HttpServer2.java:addFilter(958)) - Added filter static_user_filter (class=org.apache.hadoop.http.lib.StaticUserWebFilter$StaticUserFilter) to context static
2019-08-24 00:20:23,736 [main] INFO  http.HttpServer2 (HttpServer2.java:addFilter(958)) - Added filter static_user_filter (class=org.apache.hadoop.http.lib.StaticUserWebFilter$StaticUserFilter) to context logs
2019-08-24 00:20:23,737 [main] INFO  http.HttpServer2 (HttpServer2.java:bindListener(1191)) - Jetty bound to port 36495
2019-08-24 00:20:23,737 [main] INFO  server.Server (Server.java:doStart(351)) - jetty-9.3.24.v20180605, build timestamp: 2018-06-05T17:11:56Z, git hash: 84205aa28f11a4f31f2a3b86d1bba2cc8ab69827
2019-08-24 00:20:23,739 [main] INFO  handler.ContextHandler (ContextHandler.java:doStart(781)) - Started o.e.j.s.ServletContextHandler@6cd2cb2{/logs,file:///workdir/hadoop-ozone/integration-test/target/log,AVAILABLE}
2019-08-24 00:20:23,739 [main] INFO  handler.ContextHandler (ContextHandler.java:doStart(781)) - Started o.e.j.s.ServletContextHandler@7645e64{/static,jar:file:/home/user/.m2/repository/org/apache/hadoop/hadoop-hdds-container-service/0.5.0-SNAPSHOT/hadoop-hdds-container-service-0.5.0-SNAPSHOT.jar!/webapps/static,AVAILABLE}
2019-08-24 00:20:23,767 [main] INFO  handler.ContextHandler (ContextHandler.java:doStart(781)) - Started o.e.j.w.WebAppContext@66d2885c{/,file:///tmp/jetty-0.0.0.0-36495-hddsDatanode-_-any-892320668238918113.dir/webapp/,AVAILABLE}{/hddsDatanode}
2019-08-24 00:20:23,768 [main] INFO  server.AbstractConnector (AbstractConnector.java:doStart(278)) - Started ServerConnector@2bfc8558{HTTP/1.1,[http/1.1]}{0.0.0.0:36495}
2019-08-24 00:20:23,769 [main] INFO  server.Server (Server.java:doStart(419)) - Started @47009ms
2019-08-24 00:20:23,769 [main] INFO  server.BaseHttpServer (BaseHttpServer.java:updateConnectorAddress(213)) - HTTP server of HDDSDATANODE is listening at http://0.0.0.0:36495
2019-08-24 00:20:23,910 | INFO  | ObjectStoreRestHttpServer | Listening HDDS REST traffic on /0.0.0.0:36648 |  
2019-08-24 00:20:23,910 [main] INFO  ozone.HddsDatanodeService (HddsDatanodeService.java:startPlugins(395)) - Started plug-in org.apache.hadoop.ozone.web.OzoneHddsDatanodeService@1ddf42dd
2019-08-24 00:20:23,911 [main] INFO  impl.MetricsSystemImpl (MetricsSystemImpl.java:init(158)) - HddsDatanode metrics system started (again)
2019-08-24 00:20:23,915 [org.apache.hadoop.util.JvmPauseMonitor$Monitor@7319a588] INFO  util.JvmPauseMonitor (JvmPauseMonitor.java:run(188)) - Starting JVM pause monitor
2019-08-24 00:20:23,916 [main] INFO  ozone.HddsDatanodeService (HddsDatanodeService.java:start(184)) - HddsDatanodeService host:pr-hdds-1909-kfjhh-925290811 ip:192.168.34.57
2019-08-24 00:20:23,917 [Datanode State Machine Thread - 0] INFO  datanode.InitDatanodeState (InitDatanodeState.java:persistContainerDatanodeDetails(140)) - DatanodeDetails is persisted to /workdir/hadoop-ozone/integration-test/target/test-dir/MiniOzoneClusterImpl-2dd808d2-8d8b-4e9b-8867-1fe86c020870/datanode-0/meta/datanode.id
2019-08-24 00:20:23,924 [main] INFO  volume.HddsVolume (HddsVolume.java:<init>(176)) - Creating Volume: /workdir/hadoop-ozone/integration-test/target/test-dir/MiniOzoneClusterImpl-2dd808d2-8d8b-4e9b-8867-1fe86c020870/datanode-1/data/containers/hdds of  storage type : DISK and capacity : 1482555576320
2019-08-24 00:20:23,924 [main] INFO  volume.VolumeSet (VolumeSet.java:initializeVolumeSet(170)) - Added Volume : /workdir/hadoop-ozone/integration-test/target/test-dir/MiniOzoneClusterImpl-2dd808d2-8d8b-4e9b-8867-1fe86c020870/datanode-1/data/containers/hdds to VolumeSet
2019-08-24 00:20:23,924 [main] INFO  volume.ThrottledAsyncChecker (ThrottledAsyncChecker.java:schedule(140)) - Scheduling a check for org.apache.hadoop.ozone.container.common.volume.HddsVolume@7440265c
2019-08-24 00:20:23,925 [main] INFO  volume.HddsVolumeChecker (HddsVolumeChecker.java:checkAllVolumes(203)) - Scheduled health check for volume org.apache.hadoop.ozone.container.common.volume.HddsVolume@7440265c
2019-08-24 00:20:23,942 [main] INFO  impl.RaftServerProxy (ConfUtils.java:logGet(43)) - raft.rpc.type = GRPC (default)
2019-08-24 00:20:23,942 [main] INFO  grpc.GrpcFactory (GrpcFactory.java:checkPooledByteBufAllocatorUseCacheForAllThreads(45)) - PERFORMANCE WARNING: useCacheForAllThreads is true that may cause Netty to create a lot garbage objects and, as a result, trigger GC.
	It is recommended to disable useCacheForAllThreads by setting -Dorg.apache.ratis.thirdparty.io.netty.allocator.useCacheForAllThreads=false in command line.
2019-08-24 00:20:23,942 [main] INFO  grpc.GrpcConfigKeys$Server (ConfUtils.java:logGet(43)) - raft.grpc.server.port = 0 (default)
2019-08-24 00:20:23,942 [main] INFO  server.GrpcService (ConfUtils.java:logGet(43)) - raft.grpc.message.size.max = 33570816 (custom)
2019-08-24 00:20:23,943 [main] INFO  server.RaftServerConfigKeys (ConfUtils.java:logGet(43)) - raft.server.log.appender.buffer.byte-limit = 33554432 (custom)
2019-08-24 00:20:23,943 [main] INFO  server.GrpcService (ConfUtils.java:logGet(43)) - raft.grpc.flow.control.window = 1MB (=1048576) (default)
2019-08-24 00:20:23,943 [main] INFO  server.RaftServerConfigKeys (ConfUtils.java:logGet(43)) - raft.server.rpc.request.timeout = 3000ms (default)
2019-08-24 00:20:23,943 [main] INFO  server.RaftServerConfigKeys (ConfUtils.java:logGet(43)) - raft.server.storage.dir = [/workdir/hadoop-ozone/integration-test/target/test-dir/MiniOzoneClusterImpl-2dd808d2-8d8b-4e9b-8867-1fe86c020870/datanode-1/data/ratis] (custom)
2019-08-24 00:20:23,944 [main] INFO  replication.SimpleContainerDownloader (SimpleContainerDownloader.java:<init>(72)) - Starting container downloader service to copy containers to replicate.
2019-08-24 00:20:23,945 [main] INFO  hdfs.DFSUtil (DFSUtil.java:httpServerTemplateForNNAndJN(1641)) - Starting Web-server for hddsDatanode at: http://0.0.0.0:0
2019-08-24 00:20:23,946 [main] INFO  server.AuthenticationFilter (AuthenticationFilter.java:constructSecretProvider(240)) - Unable to initialize FileSignerSecretProvider, falling back to use random secrets.
2019-08-24 00:20:23,947 [main] WARN  http.HttpRequestLog (HttpRequestLog.java:getRequestLog(97)) - Jetty request log can only be enabled using Log4j
2019-08-24 00:20:23,948 [main] INFO  http.HttpServer2 (HttpServer2.java:addGlobalFilter(975)) - Added global filter 'safety' (class=org.apache.hadoop.http.HttpServer2$QuotingInputFilter)
2019-08-24 00:20:23,949 [main] INFO  http.HttpServer2 (HttpServer2.java:addFilter(948)) - Added filter static_user_filter (class=org.apache.hadoop.http.lib.StaticUserWebFilter$StaticUserFilter) to context hddsDatanode
2019-08-24 00:20:23,949 [main] INFO  http.HttpServer2 (HttpServer2.java:addFilter(958)) - Added filter static_user_filter (class=org.apache.hadoop.http.lib.StaticUserWebFilter$StaticUserFilter) to context logs
2019-08-24 00:20:23,949 [main] INFO  http.HttpServer2 (HttpServer2.java:addFilter(958)) - Added filter static_user_filter (class=org.apache.hadoop.http.lib.StaticUserWebFilter$StaticUserFilter) to context static
2019-08-24 00:20:23,950 [main] INFO  http.HttpServer2 (HttpServer2.java:bindListener(1191)) - Jetty bound to port 46310
2019-08-24 00:20:23,950 [main] INFO  server.Server (Server.java:doStart(351)) - jetty-9.3.24.v20180605, build timestamp: 2018-06-05T17:11:56Z, git hash: 84205aa28f11a4f31f2a3b86d1bba2cc8ab69827
2019-08-24 00:20:23,952 [main] INFO  handler.ContextHandler (ContextHandler.java:doStart(781)) - Started o.e.j.s.ServletContextHandler@47f0f414{/logs,file:///workdir/hadoop-ozone/integration-test/target/log,AVAILABLE}
2019-08-24 00:20:23,952 [main] INFO  handler.ContextHandler (ContextHandler.java:doStart(781)) - Started o.e.j.s.ServletContextHandler@4809c771{/static,jar:file:/home/user/.m2/repository/org/apache/hadoop/hadoop-hdds-container-service/0.5.0-SNAPSHOT/hadoop-hdds-container-service-0.5.0-SNAPSHOT.jar!/webapps/static,AVAILABLE}
2019-08-24 00:20:23,980 [main] INFO  handler.ContextHandler (ContextHandler.java:doStart(781)) - Started o.e.j.w.WebAppContext@687b0ddc{/,file:///tmp/jetty-0.0.0.0-46310-hddsDatanode-_-any-2826014261443573429.dir/webapp/,AVAILABLE}{/hddsDatanode}
2019-08-24 00:20:23,981 [main] INFO  server.AbstractConnector (AbstractConnector.java:doStart(278)) - Started ServerConnector@42b4df5a{HTTP/1.1,[http/1.1]}{0.0.0.0:46310}
2019-08-24 00:20:23,982 [main] INFO  server.Server (Server.java:doStart(419)) - Started @47223ms
2019-08-24 00:20:23,983 [main] INFO  server.BaseHttpServer (BaseHttpServer.java:updateConnectorAddress(213)) - HTTP server of HDDSDATANODE is listening at http://0.0.0.0:46310
2019-08-24 00:20:24,120 | INFO  | ObjectStoreRestHttpServer | Listening HDDS REST traffic on /0.0.0.0:34280 |  
2019-08-24 00:20:24,120 [main] INFO  ozone.HddsDatanodeService (HddsDatanodeService.java:startPlugins(395)) - Started plug-in org.apache.hadoop.ozone.web.OzoneHddsDatanodeService@1de12397
2019-08-24 00:20:24,120 [main] INFO  impl.MetricsSystemImpl (MetricsSystemImpl.java:init(158)) - HddsDatanode metrics system started (again)
2019-08-24 00:20:24,125 [org.apache.hadoop.util.JvmPauseMonitor$Monitor@10c8a0d3] INFO  util.JvmPauseMonitor (JvmPauseMonitor.java:run(188)) - Starting JVM pause monitor
2019-08-24 00:20:24,125 [main] INFO  ozone.HddsDatanodeService (HddsDatanodeService.java:start(184)) - HddsDatanodeService host:pr-hdds-1909-kfjhh-925290811 ip:192.168.34.57
2019-08-24 00:20:24,126 [Datanode State Machine Thread - 0] INFO  datanode.InitDatanodeState (InitDatanodeState.java:persistContainerDatanodeDetails(140)) - DatanodeDetails is persisted to /workdir/hadoop-ozone/integration-test/target/test-dir/MiniOzoneClusterImpl-2dd808d2-8d8b-4e9b-8867-1fe86c020870/datanode-1/meta/datanode.id
2019-08-24 00:20:24,131 [main] INFO  volume.HddsVolume (HddsVolume.java:<init>(176)) - Creating Volume: /workdir/hadoop-ozone/integration-test/target/test-dir/MiniOzoneClusterImpl-2dd808d2-8d8b-4e9b-8867-1fe86c020870/datanode-2/data/containers/hdds of  storage type : DISK and capacity : 1482555576320
2019-08-24 00:20:24,131 [main] INFO  volume.VolumeSet (VolumeSet.java:initializeVolumeSet(170)) - Added Volume : /workdir/hadoop-ozone/integration-test/target/test-dir/MiniOzoneClusterImpl-2dd808d2-8d8b-4e9b-8867-1fe86c020870/datanode-2/data/containers/hdds to VolumeSet
2019-08-24 00:20:24,131 [main] INFO  volume.ThrottledAsyncChecker (ThrottledAsyncChecker.java:schedule(140)) - Scheduling a check for org.apache.hadoop.ozone.container.common.volume.HddsVolume@5d3b6585
2019-08-24 00:20:24,132 [main] INFO  volume.HddsVolumeChecker (HddsVolumeChecker.java:checkAllVolumes(203)) - Scheduled health check for volume org.apache.hadoop.ozone.container.common.volume.HddsVolume@5d3b6585
2019-08-24 00:20:24,144 [main] INFO  impl.RaftServerProxy (ConfUtils.java:logGet(43)) - raft.rpc.type = GRPC (default)
2019-08-24 00:20:24,145 [main] INFO  grpc.GrpcFactory (GrpcFactory.java:checkPooledByteBufAllocatorUseCacheForAllThreads(45)) - PERFORMANCE WARNING: useCacheForAllThreads is true that may cause Netty to create a lot garbage objects and, as a result, trigger GC.
	It is recommended to disable useCacheForAllThreads by setting -Dorg.apache.ratis.thirdparty.io.netty.allocator.useCacheForAllThreads=false in command line.
2019-08-24 00:20:24,145 [main] INFO  grpc.GrpcConfigKeys$Server (ConfUtils.java:logGet(43)) - raft.grpc.server.port = 0 (default)
2019-08-24 00:20:24,145 [main] INFO  server.GrpcService (ConfUtils.java:logGet(43)) - raft.grpc.message.size.max = 33570816 (custom)
2019-08-24 00:20:24,145 [main] INFO  server.RaftServerConfigKeys (ConfUtils.java:logGet(43)) - raft.server.log.appender.buffer.byte-limit = 33554432 (custom)
2019-08-24 00:20:24,145 [main] INFO  server.GrpcService (ConfUtils.java:logGet(43)) - raft.grpc.flow.control.window = 1MB (=1048576) (default)
2019-08-24 00:20:24,146 [main] INFO  server.RaftServerConfigKeys (ConfUtils.java:logGet(43)) - raft.server.rpc.request.timeout = 3000ms (default)
2019-08-24 00:20:24,146 [main] INFO  server.RaftServerConfigKeys (ConfUtils.java:logGet(43)) - raft.server.storage.dir = [/workdir/hadoop-ozone/integration-test/target/test-dir/MiniOzoneClusterImpl-2dd808d2-8d8b-4e9b-8867-1fe86c020870/datanode-2/data/ratis] (custom)
2019-08-24 00:20:24,147 [main] INFO  replication.SimpleContainerDownloader (SimpleContainerDownloader.java:<init>(72)) - Starting container downloader service to copy containers to replicate.
2019-08-24 00:20:24,148 [main] INFO  hdfs.DFSUtil (DFSUtil.java:httpServerTemplateForNNAndJN(1641)) - Starting Web-server for hddsDatanode at: http://0.0.0.0:0
2019-08-24 00:20:24,149 [main] INFO  server.AuthenticationFilter (AuthenticationFilter.java:constructSecretProvider(240)) - Unable to initialize FileSignerSecretProvider, falling back to use random secrets.
2019-08-24 00:20:24,149 [main] WARN  http.HttpRequestLog (HttpRequestLog.java:getRequestLog(97)) - Jetty request log can only be enabled using Log4j
2019-08-24 00:20:24,150 [main] INFO  http.HttpServer2 (HttpServer2.java:addGlobalFilter(975)) - Added global filter 'safety' (class=org.apache.hadoop.http.HttpServer2$QuotingInputFilter)
2019-08-24 00:20:24,151 [main] INFO  http.HttpServer2 (HttpServer2.java:addFilter(948)) - Added filter static_user_filter (class=org.apache.hadoop.http.lib.StaticUserWebFilter$StaticUserFilter) to context hddsDatanode
2019-08-24 00:20:24,151 [main] INFO  http.HttpServer2 (HttpServer2.java:addFilter(958)) - Added filter static_user_filter (class=org.apache.hadoop.http.lib.StaticUserWebFilter$StaticUserFilter) to context logs
2019-08-24 00:20:24,151 [main] INFO  http.HttpServer2 (HttpServer2.java:addFilter(958)) - Added filter static_user_filter (class=org.apache.hadoop.http.lib.StaticUserWebFilter$StaticUserFilter) to context static
2019-08-24 00:20:24,152 [main] INFO  http.HttpServer2 (HttpServer2.java:bindListener(1191)) - Jetty bound to port 34016
2019-08-24 00:20:24,152 [main] INFO  server.Server (Server.java:doStart(351)) - jetty-9.3.24.v20180605, build timestamp: 2018-06-05T17:11:56Z, git hash: 84205aa28f11a4f31f2a3b86d1bba2cc8ab69827
2019-08-24 00:20:24,154 [main] INFO  handler.ContextHandler (ContextHandler.java:doStart(781)) - Started o.e.j.s.ServletContextHandler@5a7a6d34{/logs,file:///workdir/hadoop-ozone/integration-test/target/log,AVAILABLE}
2019-08-24 00:20:24,154 [main] INFO  handler.ContextHandler (ContextHandler.java:doStart(781)) - Started o.e.j.s.ServletContextHandler@70d687b8{/static,jar:file:/home/user/.m2/repository/org/apache/hadoop/hadoop-hdds-container-service/0.5.0-SNAPSHOT/hadoop-hdds-container-service-0.5.0-SNAPSHOT.jar!/webapps/static,AVAILABLE}
2019-08-24 00:20:24,182 [main] INFO  handler.ContextHandler (ContextHandler.java:doStart(781)) - Started o.e.j.w.WebAppContext@47ef5a33{/,file:///tmp/jetty-0.0.0.0-34016-hddsDatanode-_-any-8084141330269896191.dir/webapp/,AVAILABLE}{/hddsDatanode}
2019-08-24 00:20:24,182 [main] INFO  server.AbstractConnector (AbstractConnector.java:doStart(278)) - Started ServerConnector@6a278584{HTTP/1.1,[http/1.1]}{0.0.0.0:34016}
2019-08-24 00:20:24,183 [main] INFO  server.Server (Server.java:doStart(419)) - Started @47424ms
2019-08-24 00:20:24,184 [main] INFO  server.BaseHttpServer (BaseHttpServer.java:updateConnectorAddress(213)) - HTTP server of HDDSDATANODE is listening at http://0.0.0.0:34016
2019-08-24 00:20:24,306 | INFO  | ObjectStoreRestHttpServer | Listening HDDS REST traffic on /0.0.0.0:36652 |  
2019-08-24 00:20:24,306 [main] INFO  ozone.HddsDatanodeService (HddsDatanodeService.java:startPlugins(395)) - Started plug-in org.apache.hadoop.ozone.web.OzoneHddsDatanodeService@45f1413c
2019-08-24 00:20:24,307 [main] INFO  impl.MetricsSystemImpl (MetricsSystemImpl.java:init(158)) - HddsDatanode metrics system started (again)
2019-08-24 00:20:24,312 [main] INFO  ozone.HddsDatanodeService (HddsDatanodeService.java:start(184)) - HddsDatanodeService host:pr-hdds-1909-kfjhh-925290811 ip:192.168.34.57
2019-08-24 00:20:24,312 [org.apache.hadoop.util.JvmPauseMonitor$Monitor@51408fac] INFO  util.JvmPauseMonitor (JvmPauseMonitor.java:run(188)) - Starting JVM pause monitor
2019-08-24 00:20:24,313 [Datanode State Machine Thread - 0] INFO  datanode.InitDatanodeState (InitDatanodeState.java:persistContainerDatanodeDetails(140)) - DatanodeDetails is persisted to /workdir/hadoop-ozone/integration-test/target/test-dir/MiniOzoneClusterImpl-2dd808d2-8d8b-4e9b-8867-1fe86c020870/datanode-2/meta/datanode.id
2019-08-24 00:20:24,319 [main] INFO  volume.HddsVolume (HddsVolume.java:<init>(176)) - Creating Volume: /workdir/hadoop-ozone/integration-test/target/test-dir/MiniOzoneClusterImpl-2dd808d2-8d8b-4e9b-8867-1fe86c020870/datanode-3/data/containers/hdds of  storage type : DISK and capacity : 1482555576320
2019-08-24 00:20:24,319 [main] INFO  volume.VolumeSet (VolumeSet.java:initializeVolumeSet(170)) - Added Volume : /workdir/hadoop-ozone/integration-test/target/test-dir/MiniOzoneClusterImpl-2dd808d2-8d8b-4e9b-8867-1fe86c020870/datanode-3/data/containers/hdds to VolumeSet
2019-08-24 00:20:24,319 [main] INFO  volume.ThrottledAsyncChecker (ThrottledAsyncChecker.java:schedule(140)) - Scheduling a check for org.apache.hadoop.ozone.container.common.volume.HddsVolume@77f03916
2019-08-24 00:20:24,320 [main] INFO  volume.HddsVolumeChecker (HddsVolumeChecker.java:checkAllVolumes(203)) - Scheduled health check for volume org.apache.hadoop.ozone.container.common.volume.HddsVolume@77f03916
2019-08-24 00:20:24,336 [main] INFO  impl.RaftServerProxy (ConfUtils.java:logGet(43)) - raft.rpc.type = GRPC (default)
2019-08-24 00:20:24,336 [main] INFO  grpc.GrpcFactory (GrpcFactory.java:checkPooledByteBufAllocatorUseCacheForAllThreads(45)) - PERFORMANCE WARNING: useCacheForAllThreads is true that may cause Netty to create a lot garbage objects and, as a result, trigger GC.
	It is recommended to disable useCacheForAllThreads by setting -Dorg.apache.ratis.thirdparty.io.netty.allocator.useCacheForAllThreads=false in command line.
2019-08-24 00:20:24,337 [main] INFO  grpc.GrpcConfigKeys$Server (ConfUtils.java:logGet(43)) - raft.grpc.server.port = 0 (default)
2019-08-24 00:20:24,337 [main] INFO  server.GrpcService (ConfUtils.java:logGet(43)) - raft.grpc.message.size.max = 33570816 (custom)
2019-08-24 00:20:24,337 [main] INFO  server.RaftServerConfigKeys (ConfUtils.java:logGet(43)) - raft.server.log.appender.buffer.byte-limit = 33554432 (custom)
2019-08-24 00:20:24,337 [main] INFO  server.GrpcService (ConfUtils.java:logGet(43)) - raft.grpc.flow.control.window = 1MB (=1048576) (default)
2019-08-24 00:20:24,337 [main] INFO  server.RaftServerConfigKeys (ConfUtils.java:logGet(43)) - raft.server.rpc.request.timeout = 3000ms (default)
2019-08-24 00:20:24,338 [main] INFO  server.RaftServerConfigKeys (ConfUtils.java:logGet(43)) - raft.server.storage.dir = [/workdir/hadoop-ozone/integration-test/target/test-dir/MiniOzoneClusterImpl-2dd808d2-8d8b-4e9b-8867-1fe86c020870/datanode-3/data/ratis] (custom)
2019-08-24 00:20:24,338 [main] INFO  replication.SimpleContainerDownloader (SimpleContainerDownloader.java:<init>(72)) - Starting container downloader service to copy containers to replicate.
2019-08-24 00:20:24,339 [main] INFO  hdfs.DFSUtil (DFSUtil.java:httpServerTemplateForNNAndJN(1641)) - Starting Web-server for hddsDatanode at: http://0.0.0.0:0
2019-08-24 00:20:24,341 [main] INFO  server.AuthenticationFilter (AuthenticationFilter.java:constructSecretProvider(240)) - Unable to initialize FileSignerSecretProvider, falling back to use random secrets.
2019-08-24 00:20:24,341 [main] WARN  http.HttpRequestLog (HttpRequestLog.java:getRequestLog(97)) - Jetty request log can only be enabled using Log4j
2019-08-24 00:20:24,343 [main] INFO  http.HttpServer2 (HttpServer2.java:addGlobalFilter(975)) - Added global filter 'safety' (class=org.apache.hadoop.http.HttpServer2$QuotingInputFilter)
2019-08-24 00:20:24,344 [main] INFO  http.HttpServer2 (HttpServer2.java:addFilter(948)) - Added filter static_user_filter (class=org.apache.hadoop.http.lib.StaticUserWebFilter$StaticUserFilter) to context hddsDatanode
2019-08-24 00:20:24,344 [main] INFO  http.HttpServer2 (HttpServer2.java:addFilter(958)) - Added filter static_user_filter (class=org.apache.hadoop.http.lib.StaticUserWebFilter$StaticUserFilter) to context static
2019-08-24 00:20:24,344 [main] INFO  http.HttpServer2 (HttpServer2.java:addFilter(958)) - Added filter static_user_filter (class=org.apache.hadoop.http.lib.StaticUserWebFilter$StaticUserFilter) to context logs
2019-08-24 00:20:24,345 [main] INFO  http.HttpServer2 (HttpServer2.java:bindListener(1191)) - Jetty bound to port 37386
2019-08-24 00:20:24,345 [main] INFO  server.Server (Server.java:doStart(351)) - jetty-9.3.24.v20180605, build timestamp: 2018-06-05T17:11:56Z, git hash: 84205aa28f11a4f31f2a3b86d1bba2cc8ab69827
2019-08-24 00:20:24,347 [main] INFO  handler.ContextHandler (ContextHandler.java:doStart(781)) - Started o.e.j.s.ServletContextHandler@51508029{/logs,file:///workdir/hadoop-ozone/integration-test/target/log,AVAILABLE}
2019-08-24 00:20:24,347 [main] INFO  handler.ContextHandler (ContextHandler.java:doStart(781)) - Started o.e.j.s.ServletContextHandler@31880efa{/static,jar:file:/home/user/.m2/repository/org/apache/hadoop/hadoop-hdds-container-service/0.5.0-SNAPSHOT/hadoop-hdds-container-service-0.5.0-SNAPSHOT.jar!/webapps/static,AVAILABLE}
2019-08-24 00:20:24,375 [main] INFO  handler.ContextHandler (ContextHandler.java:doStart(781)) - Started o.e.j.w.WebAppContext@bb50de6{/,file:///tmp/jetty-0.0.0.0-37386-hddsDatanode-_-any-15353154807189297.dir/webapp/,AVAILABLE}{/hddsDatanode}
2019-08-24 00:20:24,376 [main] INFO  server.AbstractConnector (AbstractConnector.java:doStart(278)) - Started ServerConnector@2b6b487c{HTTP/1.1,[http/1.1]}{0.0.0.0:37386}
2019-08-24 00:20:24,378 [main] INFO  server.Server (Server.java:doStart(419)) - Started @47618ms
2019-08-24 00:20:24,378 [main] INFO  server.BaseHttpServer (BaseHttpServer.java:updateConnectorAddress(213)) - HTTP server of HDDSDATANODE is listening at http://0.0.0.0:37386
2019-08-24 00:20:24,503 | INFO  | ObjectStoreRestHttpServer | Listening HDDS REST traffic on /0.0.0.0:34834 |  
2019-08-24 00:20:24,503 [main] INFO  ozone.HddsDatanodeService (HddsDatanodeService.java:startPlugins(395)) - Started plug-in org.apache.hadoop.ozone.web.OzoneHddsDatanodeService@83e635f
2019-08-24 00:20:24,504 [main] INFO  impl.MetricsSystemImpl (MetricsSystemImpl.java:init(158)) - HddsDatanode metrics system started (again)
2019-08-24 00:20:24,509 [org.apache.hadoop.util.JvmPauseMonitor$Monitor@51011f92] INFO  util.JvmPauseMonitor (JvmPauseMonitor.java:run(188)) - Starting JVM pause monitor
2019-08-24 00:20:24,510 [main] INFO  ozone.HddsDatanodeService (HddsDatanodeService.java:start(184)) - HddsDatanodeService host:pr-hdds-1909-kfjhh-925290811 ip:192.168.34.57
2019-08-24 00:20:24,511 [Datanode State Machine Thread - 0] INFO  datanode.InitDatanodeState (InitDatanodeState.java:persistContainerDatanodeDetails(140)) - DatanodeDetails is persisted to /workdir/hadoop-ozone/integration-test/target/test-dir/MiniOzoneClusterImpl-2dd808d2-8d8b-4e9b-8867-1fe86c020870/datanode-3/meta/datanode.id
2019-08-24 00:20:24,518 [main] INFO  volume.HddsVolume (HddsVolume.java:<init>(176)) - Creating Volume: /workdir/hadoop-ozone/integration-test/target/test-dir/MiniOzoneClusterImpl-2dd808d2-8d8b-4e9b-8867-1fe86c020870/datanode-4/data/containers/hdds of  storage type : DISK and capacity : 1482555576320
2019-08-24 00:20:24,519 [main] INFO  volume.VolumeSet (VolumeSet.java:initializeVolumeSet(170)) - Added Volume : /workdir/hadoop-ozone/integration-test/target/test-dir/MiniOzoneClusterImpl-2dd808d2-8d8b-4e9b-8867-1fe86c020870/datanode-4/data/containers/hdds to VolumeSet
2019-08-24 00:20:24,519 [main] INFO  volume.ThrottledAsyncChecker (ThrottledAsyncChecker.java:schedule(140)) - Scheduling a check for org.apache.hadoop.ozone.container.common.volume.HddsVolume@197d5a87
2019-08-24 00:20:24,520 [main] INFO  volume.HddsVolumeChecker (HddsVolumeChecker.java:checkAllVolumes(203)) - Scheduled health check for volume org.apache.hadoop.ozone.container.common.volume.HddsVolume@197d5a87
2019-08-24 00:20:24,542 [main] INFO  impl.RaftServerProxy (ConfUtils.java:logGet(43)) - raft.rpc.type = GRPC (default)
2019-08-24 00:20:24,542 [main] INFO  grpc.GrpcFactory (GrpcFactory.java:checkPooledByteBufAllocatorUseCacheForAllThreads(45)) - PERFORMANCE WARNING: useCacheForAllThreads is true that may cause Netty to create a lot garbage objects and, as a result, trigger GC.
	It is recommended to disable useCacheForAllThreads by setting -Dorg.apache.ratis.thirdparty.io.netty.allocator.useCacheForAllThreads=false in command line.
2019-08-24 00:20:24,542 [main] INFO  grpc.GrpcConfigKeys$Server (ConfUtils.java:logGet(43)) - raft.grpc.server.port = 0 (default)
2019-08-24 00:20:24,543 [main] INFO  server.GrpcService (ConfUtils.java:logGet(43)) - raft.grpc.message.size.max = 33570816 (custom)
2019-08-24 00:20:24,543 [main] INFO  server.RaftServerConfigKeys (ConfUtils.java:logGet(43)) - raft.server.log.appender.buffer.byte-limit = 33554432 (custom)
2019-08-24 00:20:24,543 [main] INFO  server.GrpcService (ConfUtils.java:logGet(43)) - raft.grpc.flow.control.window = 1MB (=1048576) (default)
2019-08-24 00:20:24,543 [main] INFO  server.RaftServerConfigKeys (ConfUtils.java:logGet(43)) - raft.server.rpc.request.timeout = 3000ms (default)
2019-08-24 00:20:24,544 [main] INFO  server.RaftServerConfigKeys (ConfUtils.java:logGet(43)) - raft.server.storage.dir = [/workdir/hadoop-ozone/integration-test/target/test-dir/MiniOzoneClusterImpl-2dd808d2-8d8b-4e9b-8867-1fe86c020870/datanode-4/data/ratis] (custom)
2019-08-24 00:20:24,544 [main] INFO  replication.SimpleContainerDownloader (SimpleContainerDownloader.java:<init>(72)) - Starting container downloader service to copy containers to replicate.
2019-08-24 00:20:24,546 [main] INFO  hdfs.DFSUtil (DFSUtil.java:httpServerTemplateForNNAndJN(1641)) - Starting Web-server for hddsDatanode at: http://0.0.0.0:0
2019-08-24 00:20:24,547 [main] INFO  server.AuthenticationFilter (AuthenticationFilter.java:constructSecretProvider(240)) - Unable to initialize FileSignerSecretProvider, falling back to use random secrets.
2019-08-24 00:20:24,548 [main] WARN  http.HttpRequestLog (HttpRequestLog.java:getRequestLog(97)) - Jetty request log can only be enabled using Log4j
2019-08-24 00:20:24,549 [main] INFO  http.HttpServer2 (HttpServer2.java:addGlobalFilter(975)) - Added global filter 'safety' (class=org.apache.hadoop.http.HttpServer2$QuotingInputFilter)
2019-08-24 00:20:24,549 [main] INFO  http.HttpServer2 (HttpServer2.java:addFilter(948)) - Added filter static_user_filter (class=org.apache.hadoop.http.lib.StaticUserWebFilter$StaticUserFilter) to context hddsDatanode
2019-08-24 00:20:24,550 [main] INFO  http.HttpServer2 (HttpServer2.java:addFilter(958)) - Added filter static_user_filter (class=org.apache.hadoop.http.lib.StaticUserWebFilter$StaticUserFilter) to context static
2019-08-24 00:20:24,550 [main] INFO  http.HttpServer2 (HttpServer2.java:addFilter(958)) - Added filter static_user_filter (class=org.apache.hadoop.http.lib.StaticUserWebFilter$StaticUserFilter) to context logs
2019-08-24 00:20:24,550 [main] INFO  http.HttpServer2 (HttpServer2.java:bindListener(1191)) - Jetty bound to port 46726
2019-08-24 00:20:24,551 [main] INFO  server.Server (Server.java:doStart(351)) - jetty-9.3.24.v20180605, build timestamp: 2018-06-05T17:11:56Z, git hash: 84205aa28f11a4f31f2a3b86d1bba2cc8ab69827
2019-08-24 00:20:24,553 [main] INFO  handler.ContextHandler (ContextHandler.java:doStart(781)) - Started o.e.j.s.ServletContextHandler@294c44b7{/logs,file:///workdir/hadoop-ozone/integration-test/target/log,AVAILABLE}
2019-08-24 00:20:24,553 [main] INFO  handler.ContextHandler (ContextHandler.java:doStart(781)) - Started o.e.j.s.ServletContextHandler@57b130f6{/static,jar:file:/home/user/.m2/repository/org/apache/hadoop/hadoop-hdds-container-service/0.5.0-SNAPSHOT/hadoop-hdds-container-service-0.5.0-SNAPSHOT.jar!/webapps/static,AVAILABLE}
2019-08-24 00:20:24,582 [main] INFO  handler.ContextHandler (ContextHandler.java:doStart(781)) - Started o.e.j.w.WebAppContext@707f4647{/,file:///tmp/jetty-0.0.0.0-46726-hddsDatanode-_-any-5075488168930695382.dir/webapp/,AVAILABLE}{/hddsDatanode}
2019-08-24 00:20:24,582 [main] INFO  server.AbstractConnector (AbstractConnector.java:doStart(278)) - Started ServerConnector@4b8a0d03{HTTP/1.1,[http/1.1]}{0.0.0.0:46726}
2019-08-24 00:20:24,584 [main] INFO  server.Server (Server.java:doStart(419)) - Started @47825ms
2019-08-24 00:20:24,585 [main] INFO  server.BaseHttpServer (BaseHttpServer.java:updateConnectorAddress(213)) - HTTP server of HDDSDATANODE is listening at http://0.0.0.0:46726
2019-08-24 00:20:24,859 | INFO  | ObjectStoreRestHttpServer | Listening HDDS REST traffic on /0.0.0.0:45828 |  
2019-08-24 00:20:24,860 [main] INFO  ozone.HddsDatanodeService (HddsDatanodeService.java:startPlugins(395)) - Started plug-in org.apache.hadoop.ozone.web.OzoneHddsDatanodeService@21698e5a
2019-08-24 00:20:24,860 [main] INFO  impl.MetricsSystemImpl (MetricsSystemImpl.java:init(158)) - HddsDatanode metrics system started (again)
2019-08-24 00:20:24,867 [org.apache.hadoop.util.JvmPauseMonitor$Monitor@5ee0e022] INFO  util.JvmPauseMonitor (JvmPauseMonitor.java:run(188)) - Starting JVM pause monitor
2019-08-24 00:20:24,868 [main] INFO  ozone.HddsDatanodeService (HddsDatanodeService.java:start(184)) - HddsDatanodeService host:pr-hdds-1909-kfjhh-925290811 ip:192.168.34.57
2019-08-24 00:20:24,869 [Datanode State Machine Thread - 0] INFO  datanode.InitDatanodeState (InitDatanodeState.java:persistContainerDatanodeDetails(140)) - DatanodeDetails is persisted to /workdir/hadoop-ozone/integration-test/target/test-dir/MiniOzoneClusterImpl-2dd808d2-8d8b-4e9b-8867-1fe86c020870/datanode-4/meta/datanode.id
2019-08-24 00:20:24,877 [main] INFO  volume.HddsVolume (HddsVolume.java:<init>(176)) - Creating Volume: /workdir/hadoop-ozone/integration-test/target/test-dir/MiniOzoneClusterImpl-2dd808d2-8d8b-4e9b-8867-1fe86c020870/datanode-5/data/containers/hdds of  storage type : DISK and capacity : 1482555576320
2019-08-24 00:20:24,877 [main] INFO  volume.VolumeSet (VolumeSet.java:initializeVolumeSet(170)) - Added Volume : /workdir/hadoop-ozone/integration-test/target/test-dir/MiniOzoneClusterImpl-2dd808d2-8d8b-4e9b-8867-1fe86c020870/datanode-5/data/containers/hdds to VolumeSet
2019-08-24 00:20:24,877 [main] INFO  volume.ThrottledAsyncChecker (ThrottledAsyncChecker.java:schedule(140)) - Scheduling a check for org.apache.hadoop.ozone.container.common.volume.HddsVolume@7ef4aceb
2019-08-24 00:20:24,878 [main] INFO  volume.HddsVolumeChecker (HddsVolumeChecker.java:checkAllVolumes(203)) - Scheduled health check for volume org.apache.hadoop.ozone.container.common.volume.HddsVolume@7ef4aceb
2019-08-24 00:20:24,904 [main] INFO  impl.RaftServerProxy (ConfUtils.java:logGet(43)) - raft.rpc.type = GRPC (default)
2019-08-24 00:20:24,905 [main] INFO  grpc.GrpcFactory (GrpcFactory.java:checkPooledByteBufAllocatorUseCacheForAllThreads(45)) - PERFORMANCE WARNING: useCacheForAllThreads is true that may cause Netty to create a lot garbage objects and, as a result, trigger GC.
	It is recommended to disable useCacheForAllThreads by setting -Dorg.apache.ratis.thirdparty.io.netty.allocator.useCacheForAllThreads=false in command line.
2019-08-24 00:20:24,905 [main] INFO  grpc.GrpcConfigKeys$Server (ConfUtils.java:logGet(43)) - raft.grpc.server.port = 0 (default)
2019-08-24 00:20:24,906 [main] INFO  server.GrpcService (ConfUtils.java:logGet(43)) - raft.grpc.message.size.max = 33570816 (custom)
2019-08-24 00:20:24,906 [main] INFO  server.RaftServerConfigKeys (ConfUtils.java:logGet(43)) - raft.server.log.appender.buffer.byte-limit = 33554432 (custom)
2019-08-24 00:20:24,906 [main] INFO  server.GrpcService (ConfUtils.java:logGet(43)) - raft.grpc.flow.control.window = 1MB (=1048576) (default)
2019-08-24 00:20:24,906 [main] INFO  server.RaftServerConfigKeys (ConfUtils.java:logGet(43)) - raft.server.rpc.request.timeout = 3000ms (default)
2019-08-24 00:20:24,907 [main] INFO  server.RaftServerConfigKeys (ConfUtils.java:logGet(43)) - raft.server.storage.dir = [/workdir/hadoop-ozone/integration-test/target/test-dir/MiniOzoneClusterImpl-2dd808d2-8d8b-4e9b-8867-1fe86c020870/datanode-5/data/ratis] (custom)
2019-08-24 00:20:24,908 [main] INFO  replication.SimpleContainerDownloader (SimpleContainerDownloader.java:<init>(72)) - Starting container downloader service to copy containers to replicate.
2019-08-24 00:20:24,910 [main] INFO  hdfs.DFSUtil (DFSUtil.java:httpServerTemplateForNNAndJN(1641)) - Starting Web-server for hddsDatanode at: http://0.0.0.0:0
2019-08-24 00:20:24,912 [main] INFO  server.AuthenticationFilter (AuthenticationFilter.java:constructSecretProvider(240)) - Unable to initialize FileSignerSecretProvider, falling back to use random secrets.
2019-08-24 00:20:24,913 [main] WARN  http.HttpRequestLog (HttpRequestLog.java:getRequestLog(97)) - Jetty request log can only be enabled using Log4j
2019-08-24 00:20:24,914 [main] INFO  http.HttpServer2 (HttpServer2.java:addGlobalFilter(975)) - Added global filter 'safety' (class=org.apache.hadoop.http.HttpServer2$QuotingInputFilter)
2019-08-24 00:20:24,916 [main] INFO  http.HttpServer2 (HttpServer2.java:addFilter(948)) - Added filter static_user_filter (class=org.apache.hadoop.http.lib.StaticUserWebFilter$StaticUserFilter) to context hddsDatanode
2019-08-24 00:20:24,916 [main] INFO  http.HttpServer2 (HttpServer2.java:addFilter(958)) - Added filter static_user_filter (class=org.apache.hadoop.http.lib.StaticUserWebFilter$StaticUserFilter) to context logs
2019-08-24 00:20:24,916 [main] INFO  http.HttpServer2 (HttpServer2.java:addFilter(958)) - Added filter static_user_filter (class=org.apache.hadoop.http.lib.StaticUserWebFilter$StaticUserFilter) to context static
2019-08-24 00:20:24,917 [main] INFO  http.HttpServer2 (HttpServer2.java:bindListener(1191)) - Jetty bound to port 45459
2019-08-24 00:20:24,917 [main] INFO  server.Server (Server.java:doStart(351)) - jetty-9.3.24.v20180605, build timestamp: 2018-06-05T17:11:56Z, git hash: 84205aa28f11a4f31f2a3b86d1bba2cc8ab69827
2019-08-24 00:20:24,920 [main] INFO  handler.ContextHandler (ContextHandler.java:doStart(781)) - Started o.e.j.s.ServletContextHandler@11e24688{/logs,file:///workdir/hadoop-ozone/integration-test/target/log,AVAILABLE}
2019-08-24 00:20:24,920 [main] INFO  handler.ContextHandler (ContextHandler.java:doStart(781)) - Started o.e.j.s.ServletContextHandler@3a1a0bc{/static,jar:file:/home/user/.m2/repository/org/apache/hadoop/hadoop-hdds-container-service/0.5.0-SNAPSHOT/hadoop-hdds-container-service-0.5.0-SNAPSHOT.jar!/webapps/static,AVAILABLE}
2019-08-24 00:20:24,949 [main] INFO  handler.ContextHandler (ContextHandler.java:doStart(781)) - Started o.e.j.w.WebAppContext@735988cf{/,file:///tmp/jetty-0.0.0.0-45459-hddsDatanode-_-any-7962827491493146281.dir/webapp/,AVAILABLE}{/hddsDatanode}
2019-08-24 00:20:24,950 [main] INFO  server.AbstractConnector (AbstractConnector.java:doStart(278)) - Started ServerConnector@2d3eecda{HTTP/1.1,[http/1.1]}{0.0.0.0:45459}
2019-08-24 00:20:24,952 [main] INFO  server.Server (Server.java:doStart(419)) - Started @48193ms
2019-08-24 00:20:24,953 [main] INFO  server.BaseHttpServer (BaseHttpServer.java:updateConnectorAddress(213)) - HTTP server of HDDSDATANODE is listening at http://0.0.0.0:45459
2019-08-24 00:20:25,097 | INFO  | ObjectStoreRestHttpServer | Listening HDDS REST traffic on /0.0.0.0:35650 |  
2019-08-24 00:20:25,097 [main] INFO  ozone.HddsDatanodeService (HddsDatanodeService.java:startPlugins(395)) - Started plug-in org.apache.hadoop.ozone.web.OzoneHddsDatanodeService@5b895e76
2019-08-24 00:20:25,097 [main] INFO  impl.MetricsSystemImpl (MetricsSystemImpl.java:init(158)) - HddsDatanode metrics system started (again)
2019-08-24 00:20:25,102 [main] INFO  ozone.HddsDatanodeService (HddsDatanodeService.java:start(184)) - HddsDatanodeService host:pr-hdds-1909-kfjhh-925290811 ip:192.168.34.57
2019-08-24 00:20:25,103 [org.apache.hadoop.util.JvmPauseMonitor$Monitor@4fd44a83] INFO  util.JvmPauseMonitor (JvmPauseMonitor.java:run(188)) - Starting JVM pause monitor
2019-08-24 00:20:25,105 [Datanode State Machine Thread - 0] INFO  datanode.InitDatanodeState (InitDatanodeState.java:persistContainerDatanodeDetails(140)) - DatanodeDetails is persisted to /workdir/hadoop-ozone/integration-test/target/test-dir/MiniOzoneClusterImpl-2dd808d2-8d8b-4e9b-8867-1fe86c020870/datanode-5/meta/datanode.id
2019-08-24 00:20:25,110 [main] INFO  volume.HddsVolume (HddsVolume.java:<init>(176)) - Creating Volume: /workdir/hadoop-ozone/integration-test/target/test-dir/MiniOzoneClusterImpl-2dd808d2-8d8b-4e9b-8867-1fe86c020870/datanode-6/data/containers/hdds of  storage type : DISK and capacity : 1482555576320
2019-08-24 00:20:25,111 [main] INFO  volume.VolumeSet (VolumeSet.java:initializeVolumeSet(170)) - Added Volume : /workdir/hadoop-ozone/integration-test/target/test-dir/MiniOzoneClusterImpl-2dd808d2-8d8b-4e9b-8867-1fe86c020870/datanode-6/data/containers/hdds to VolumeSet
2019-08-24 00:20:25,111 [main] INFO  volume.ThrottledAsyncChecker (ThrottledAsyncChecker.java:schedule(140)) - Scheduling a check for org.apache.hadoop.ozone.container.common.volume.HddsVolume@225ddf5f
2019-08-24 00:20:25,111 [main] INFO  volume.HddsVolumeChecker (HddsVolumeChecker.java:checkAllVolumes(203)) - Scheduled health check for volume org.apache.hadoop.ozone.container.common.volume.HddsVolume@225ddf5f
2019-08-24 00:20:25,126 [main] INFO  impl.RaftServerProxy (ConfUtils.java:logGet(43)) - raft.rpc.type = GRPC (default)
2019-08-24 00:20:25,127 [main] INFO  grpc.GrpcFactory (GrpcFactory.java:checkPooledByteBufAllocatorUseCacheForAllThreads(45)) - PERFORMANCE WARNING: useCacheForAllThreads is true that may cause Netty to create a lot garbage objects and, as a result, trigger GC.
	It is recommended to disable useCacheForAllThreads by setting -Dorg.apache.ratis.thirdparty.io.netty.allocator.useCacheForAllThreads=false in command line.
2019-08-24 00:20:25,127 [main] INFO  grpc.GrpcConfigKeys$Server (ConfUtils.java:logGet(43)) - raft.grpc.server.port = 0 (default)
2019-08-24 00:20:25,127 [main] INFO  server.GrpcService (ConfUtils.java:logGet(43)) - raft.grpc.message.size.max = 33570816 (custom)
2019-08-24 00:20:25,127 [main] INFO  server.RaftServerConfigKeys (ConfUtils.java:logGet(43)) - raft.server.log.appender.buffer.byte-limit = 33554432 (custom)
2019-08-24 00:20:25,127 [main] INFO  server.GrpcService (ConfUtils.java:logGet(43)) - raft.grpc.flow.control.window = 1MB (=1048576) (default)
2019-08-24 00:20:25,128 [main] INFO  server.RaftServerConfigKeys (ConfUtils.java:logGet(43)) - raft.server.rpc.request.timeout = 3000ms (default)
2019-08-24 00:20:25,128 [main] INFO  server.RaftServerConfigKeys (ConfUtils.java:logGet(43)) - raft.server.storage.dir = [/workdir/hadoop-ozone/integration-test/target/test-dir/MiniOzoneClusterImpl-2dd808d2-8d8b-4e9b-8867-1fe86c020870/datanode-6/data/ratis] (custom)
2019-08-24 00:20:25,129 [main] INFO  replication.SimpleContainerDownloader (SimpleContainerDownloader.java:<init>(72)) - Starting container downloader service to copy containers to replicate.
2019-08-24 00:20:25,130 [main] INFO  hdfs.DFSUtil (DFSUtil.java:httpServerTemplateForNNAndJN(1641)) - Starting Web-server for hddsDatanode at: http://0.0.0.0:0
2019-08-24 00:20:25,132 [main] INFO  server.AuthenticationFilter (AuthenticationFilter.java:constructSecretProvider(240)) - Unable to initialize FileSignerSecretProvider, falling back to use random secrets.
2019-08-24 00:20:25,132 [main] WARN  http.HttpRequestLog (HttpRequestLog.java:getRequestLog(97)) - Jetty request log can only be enabled using Log4j
2019-08-24 00:20:25,134 [main] INFO  http.HttpServer2 (HttpServer2.java:addGlobalFilter(975)) - Added global filter 'safety' (class=org.apache.hadoop.http.HttpServer2$QuotingInputFilter)
2019-08-24 00:20:25,135 [main] INFO  http.HttpServer2 (HttpServer2.java:addFilter(948)) - Added filter static_user_filter (class=org.apache.hadoop.http.lib.StaticUserWebFilter$StaticUserFilter) to context hddsDatanode
2019-08-24 00:20:25,135 [main] INFO  http.HttpServer2 (HttpServer2.java:addFilter(958)) - Added filter static_user_filter (class=org.apache.hadoop.http.lib.StaticUserWebFilter$StaticUserFilter) to context static
2019-08-24 00:20:25,135 [main] INFO  http.HttpServer2 (HttpServer2.java:addFilter(958)) - Added filter static_user_filter (class=org.apache.hadoop.http.lib.StaticUserWebFilter$StaticUserFilter) to context logs
2019-08-24 00:20:25,136 [main] INFO  http.HttpServer2 (HttpServer2.java:bindListener(1191)) - Jetty bound to port 41645
2019-08-24 00:20:25,136 [main] INFO  server.Server (Server.java:doStart(351)) - jetty-9.3.24.v20180605, build timestamp: 2018-06-05T17:11:56Z, git hash: 84205aa28f11a4f31f2a3b86d1bba2cc8ab69827
2019-08-24 00:20:25,138 [main] INFO  handler.ContextHandler (ContextHandler.java:doStart(781)) - Started o.e.j.s.ServletContextHandler@602a3237{/logs,file:///workdir/hadoop-ozone/integration-test/target/log,AVAILABLE}
2019-08-24 00:20:25,139 [main] INFO  handler.ContextHandler (ContextHandler.java:doStart(781)) - Started o.e.j.s.ServletContextHandler@74a74070{/static,jar:file:/home/user/.m2/repository/org/apache/hadoop/hadoop-hdds-container-service/0.5.0-SNAPSHOT/hadoop-hdds-container-service-0.5.0-SNAPSHOT.jar!/webapps/static,AVAILABLE}
2019-08-24 00:20:25,171 [main] INFO  handler.ContextHandler (ContextHandler.java:doStart(781)) - Started o.e.j.w.WebAppContext@614cbec4{/,file:///tmp/jetty-0.0.0.0-41645-hddsDatanode-_-any-5921966938787440701.dir/webapp/,AVAILABLE}{/hddsDatanode}
2019-08-24 00:20:25,172 [main] INFO  server.AbstractConnector (AbstractConnector.java:doStart(278)) - Started ServerConnector@3835d3fd{HTTP/1.1,[http/1.1]}{0.0.0.0:41645}
2019-08-24 00:20:25,173 [main] INFO  server.Server (Server.java:doStart(419)) - Started @48414ms
2019-08-24 00:20:25,174 [main] INFO  server.BaseHttpServer (BaseHttpServer.java:updateConnectorAddress(213)) - HTTP server of HDDSDATANODE is listening at http://0.0.0.0:41645
2019-08-24 00:20:25,289 | INFO  | ObjectStoreRestHttpServer | Listening HDDS REST traffic on /0.0.0.0:36262 |  
2019-08-24 00:20:25,289 [main] INFO  ozone.HddsDatanodeService (HddsDatanodeService.java:startPlugins(395)) - Started plug-in org.apache.hadoop.ozone.web.OzoneHddsDatanodeService@4e3ffd0
2019-08-24 00:20:25,290 [main] INFO  ozone.MiniOzoneClusterImpl (MiniOzoneClusterImpl.java:lambda$waitForClusterToBeReady$0(142)) - Waiting for cluster to be ready. Got 0 of 7 DN Heartbeats.
2019-08-24 00:20:25,293 [org.apache.hadoop.util.JvmPauseMonitor$Monitor@47faec26] INFO  util.JvmPauseMonitor (JvmPauseMonitor.java:run(188)) - Starting JVM pause monitor
2019-08-24 00:20:25,295 [Datanode State Machine Thread - 0] INFO  datanode.InitDatanodeState (InitDatanodeState.java:persistContainerDatanodeDetails(140)) - DatanodeDetails is persisted to /workdir/hadoop-ozone/integration-test/target/test-dir/MiniOzoneClusterImpl-2dd808d2-8d8b-4e9b-8867-1fe86c020870/datanode-6/meta/datanode.id
2019-08-24 00:20:25,924 | INFO  | SCMAudit | user=jenkins1000 | ip=192.168.34.57 | op=GET_VERSION null | ret=SUCCESS |  
2019-08-24 00:20:25,944 [Datanode State Machine Thread - 0] INFO  ozoneimpl.OzoneContainer (OzoneContainer.java:start(186)) - Attempting to start container services.
2019-08-24 00:20:25,947 [Datanode State Machine Thread - 0] INFO  ozoneimpl.OzoneContainer (OzoneContainer.java:startContainerScrub(160)) - Background container scrubber has been disabled by hdds.containerscrub.enabled
2019-08-24 00:20:25,948 [Datanode State Machine Thread - 0] INFO  ratis.XceiverServerRatis (XceiverServerRatis.java:start(404)) - Starting XceiverServerRatis 3a14c1ba-d90f-4e55-9b74-34a12c0cf08b at port 0
2019-08-24 00:20:25,957 [Datanode State Machine Thread - 0] INFO  impl.RaftServerProxy (RaftServerProxy.java:lambda$start$3(299)) - 3a14c1ba-d90f-4e55-9b74-34a12c0cf08b: start RPC server
2019-08-24 00:20:25,960 [Datanode State Machine Thread - 0] INFO  server.GrpcService (GrpcService.java:startImpl(149)) - 3a14c1ba-d90f-4e55-9b74-34a12c0cf08b: GrpcService started, listening on 0.0.0.0/0.0.0.0:33840
2019-08-24 00:20:25,960 [Datanode State Machine Thread - 0] INFO  ratis.XceiverServerRatis (XceiverServerRatis.java:start(414)) - XceiverServerRatis 3a14c1ba-d90f-4e55-9b74-34a12c0cf08b is started using port 33840
2019-08-24 00:20:25,963 [Datanode State Machine Thread - 0] INFO  server.XceiverServerGrpc (XceiverServerGrpc.java:start(161)) - XceiverServerGrpc 3a14c1ba-d90f-4e55-9b74-34a12c0cf08b is started using port 41599
2019-08-24 00:20:26,127 | INFO  | SCMAudit | user=jenkins1000 | ip=192.168.34.57 | op=GET_VERSION null | ret=SUCCESS |  
2019-08-24 00:20:26,142 [Datanode State Machine Thread - 0] INFO  ozoneimpl.OzoneContainer (OzoneContainer.java:start(186)) - Attempting to start container services.
2019-08-24 00:20:26,151 [Datanode State Machine Thread - 0] INFO  ozoneimpl.OzoneContainer (OzoneContainer.java:startContainerScrub(160)) - Background container scrubber has been disabled by hdds.containerscrub.enabled
2019-08-24 00:20:26,151 [Datanode State Machine Thread - 0] INFO  ratis.XceiverServerRatis (XceiverServerRatis.java:start(404)) - Starting XceiverServerRatis 9b1b75a9-c857-4b9a-9bce-dd664e78af57 at port 0
2019-08-24 00:20:26,160 [Datanode State Machine Thread - 0] INFO  impl.RaftServerProxy (RaftServerProxy.java:lambda$start$3(299)) - 9b1b75a9-c857-4b9a-9bce-dd664e78af57: start RPC server
2019-08-24 00:20:26,162 [Datanode State Machine Thread - 0] INFO  server.GrpcService (GrpcService.java:startImpl(149)) - 9b1b75a9-c857-4b9a-9bce-dd664e78af57: GrpcService started, listening on 0.0.0.0/0.0.0.0:34766
2019-08-24 00:20:26,162 [Datanode State Machine Thread - 0] INFO  ratis.XceiverServerRatis (XceiverServerRatis.java:start(414)) - XceiverServerRatis 9b1b75a9-c857-4b9a-9bce-dd664e78af57 is started using port 34766
2019-08-24 00:20:26,168 [Datanode State Machine Thread - 0] INFO  server.XceiverServerGrpc (XceiverServerGrpc.java:start(161)) - XceiverServerGrpc 9b1b75a9-c857-4b9a-9bce-dd664e78af57 is started using port 37794
2019-08-24 00:20:26,291 [main] INFO  ozone.MiniOzoneClusterImpl (MiniOzoneClusterImpl.java:lambda$waitForClusterToBeReady$0(142)) - Waiting for cluster to be ready. Got 0 of 7 DN Heartbeats.
2019-08-24 00:20:26,313 | INFO  | SCMAudit | user=jenkins1000 | ip=192.168.34.57 | op=GET_VERSION null | ret=SUCCESS |  
2019-08-24 00:20:26,340 [Datanode State Machine Thread - 0] INFO  ozoneimpl.OzoneContainer (OzoneContainer.java:start(186)) - Attempting to start container services.
2019-08-24 00:20:26,340 [Datanode State Machine Thread - 0] INFO  ozoneimpl.OzoneContainer (OzoneContainer.java:startContainerScrub(160)) - Background container scrubber has been disabled by hdds.containerscrub.enabled
2019-08-24 00:20:26,340 [Datanode State Machine Thread - 0] INFO  ratis.XceiverServerRatis (XceiverServerRatis.java:start(404)) - Starting XceiverServerRatis 4d1e0fe6-60fd-4907-9842-f352edb6fbc8 at port 0
2019-08-24 00:20:26,347 [Datanode State Machine Thread - 0] INFO  impl.RaftServerProxy (RaftServerProxy.java:lambda$start$3(299)) - 4d1e0fe6-60fd-4907-9842-f352edb6fbc8: start RPC server
2019-08-24 00:20:26,348 [Datanode State Machine Thread - 0] INFO  server.GrpcService (GrpcService.java:startImpl(149)) - 4d1e0fe6-60fd-4907-9842-f352edb6fbc8: GrpcService started, listening on 0.0.0.0/0.0.0.0:43840
2019-08-24 00:20:26,348 [Datanode State Machine Thread - 0] INFO  ratis.XceiverServerRatis (XceiverServerRatis.java:start(414)) - XceiverServerRatis 4d1e0fe6-60fd-4907-9842-f352edb6fbc8 is started using port 43840
2019-08-24 00:20:26,354 [Datanode State Machine Thread - 0] INFO  server.XceiverServerGrpc (XceiverServerGrpc.java:start(161)) - XceiverServerGrpc 4d1e0fe6-60fd-4907-9842-f352edb6fbc8 is started using port 42836
2019-08-24 00:20:26,510 | INFO  | SCMAudit | user=jenkins1000 | ip=192.168.34.57 | op=GET_VERSION null | ret=SUCCESS |  
2019-08-24 00:20:26,528 [Datanode State Machine Thread - 0] INFO  ozoneimpl.OzoneContainer (OzoneContainer.java:start(186)) - Attempting to start container services.
2019-08-24 00:20:26,528 [Datanode State Machine Thread - 0] INFO  ozoneimpl.OzoneContainer (OzoneContainer.java:startContainerScrub(160)) - Background container scrubber has been disabled by hdds.containerscrub.enabled
2019-08-24 00:20:26,528 [Datanode State Machine Thread - 0] INFO  ratis.XceiverServerRatis (XceiverServerRatis.java:start(404)) - Starting XceiverServerRatis 6f3ac5a3-43f3-4ed6-928d-1c9df2f8e2aa at port 0
2019-08-24 00:20:26,535 [Datanode State Machine Thread - 0] INFO  impl.RaftServerProxy (RaftServerProxy.java:lambda$start$3(299)) - 6f3ac5a3-43f3-4ed6-928d-1c9df2f8e2aa: start RPC server
2019-08-24 00:20:26,536 [Datanode State Machine Thread - 0] INFO  server.GrpcService (GrpcService.java:startImpl(149)) - 6f3ac5a3-43f3-4ed6-928d-1c9df2f8e2aa: GrpcService started, listening on 0.0.0.0/0.0.0.0:34651
2019-08-24 00:20:26,536 [Datanode State Machine Thread - 0] INFO  ratis.XceiverServerRatis (XceiverServerRatis.java:start(414)) - XceiverServerRatis 6f3ac5a3-43f3-4ed6-928d-1c9df2f8e2aa is started using port 34651
2019-08-24 00:20:26,537 [Datanode State Machine Thread - 0] INFO  server.XceiverServerGrpc (XceiverServerGrpc.java:start(161)) - XceiverServerGrpc 6f3ac5a3-43f3-4ed6-928d-1c9df2f8e2aa is started using port 35127
2019-08-24 00:20:26,868 | INFO  | SCMAudit | user=jenkins1000 | ip=192.168.34.57 | op=GET_VERSION null | ret=SUCCESS |  
2019-08-24 00:20:26,884 [Datanode State Machine Thread - 0] INFO  ozoneimpl.OzoneContainer (OzoneContainer.java:start(186)) - Attempting to start container services.
2019-08-24 00:20:26,884 [Datanode State Machine Thread - 0] INFO  ozoneimpl.OzoneContainer (OzoneContainer.java:startContainerScrub(160)) - Background container scrubber has been disabled by hdds.containerscrub.enabled
2019-08-24 00:20:26,884 [Datanode State Machine Thread - 0] INFO  ratis.XceiverServerRatis (XceiverServerRatis.java:start(404)) - Starting XceiverServerRatis 5da42abd-867e-47ba-b805-7d971175ab74 at port 0
2019-08-24 00:20:26,892 [Datanode State Machine Thread - 0] INFO  impl.RaftServerProxy (RaftServerProxy.java:lambda$start$3(299)) - 5da42abd-867e-47ba-b805-7d971175ab74: start RPC server
2019-08-24 00:20:26,893 [Datanode State Machine Thread - 0] INFO  server.GrpcService (GrpcService.java:startImpl(149)) - 5da42abd-867e-47ba-b805-7d971175ab74: GrpcService started, listening on 0.0.0.0/0.0.0.0:39506
2019-08-24 00:20:26,893 [Datanode State Machine Thread - 0] INFO  ratis.XceiverServerRatis (XceiverServerRatis.java:start(414)) - XceiverServerRatis 5da42abd-867e-47ba-b805-7d971175ab74 is started using port 39506
2019-08-24 00:20:26,897 [Datanode State Machine Thread - 0] INFO  server.XceiverServerGrpc (XceiverServerGrpc.java:start(161)) - XceiverServerGrpc 5da42abd-867e-47ba-b805-7d971175ab74 is started using port 46790
2019-08-24 00:20:27,104 | INFO  | SCMAudit | user=jenkins1000 | ip=192.168.34.57 | op=GET_VERSION null | ret=SUCCESS |  
2019-08-24 00:20:27,120 [Datanode State Machine Thread - 0] INFO  ozoneimpl.OzoneContainer (OzoneContainer.java:start(186)) - Attempting to start container services.
2019-08-24 00:20:27,120 [Datanode State Machine Thread - 0] INFO  ozoneimpl.OzoneContainer (OzoneContainer.java:startContainerScrub(160)) - Background container scrubber has been disabled by hdds.containerscrub.enabled
2019-08-24 00:20:27,120 [Datanode State Machine Thread - 0] INFO  ratis.XceiverServerRatis (XceiverServerRatis.java:start(404)) - Starting XceiverServerRatis a2fab492-56f3-43b8-af5f-239f4e38d11d at port 0
2019-08-24 00:20:27,128 [Datanode State Machine Thread - 0] INFO  impl.RaftServerProxy (RaftServerProxy.java:lambda$start$3(299)) - a2fab492-56f3-43b8-af5f-239f4e38d11d: start RPC server
2019-08-24 00:20:27,130 [Datanode State Machine Thread - 0] INFO  server.GrpcService (GrpcService.java:startImpl(149)) - a2fab492-56f3-43b8-af5f-239f4e38d11d: GrpcService started, listening on 0.0.0.0/0.0.0.0:39540
2019-08-24 00:20:27,130 [Datanode State Machine Thread - 0] INFO  ratis.XceiverServerRatis (XceiverServerRatis.java:start(414)) - XceiverServerRatis a2fab492-56f3-43b8-af5f-239f4e38d11d is started using port 39540
2019-08-24 00:20:27,131 [Datanode State Machine Thread - 0] INFO  server.XceiverServerGrpc (XceiverServerGrpc.java:start(161)) - XceiverServerGrpc a2fab492-56f3-43b8-af5f-239f4e38d11d is started using port 44973
2019-08-24 00:20:27,292 [main] INFO  ozone.MiniOzoneClusterImpl (MiniOzoneClusterImpl.java:lambda$waitForClusterToBeReady$0(142)) - Waiting for cluster to be ready. Got 0 of 7 DN Heartbeats.
2019-08-24 00:20:27,294 | INFO  | SCMAudit | user=jenkins1000 | ip=192.168.34.57 | op=GET_VERSION null | ret=SUCCESS |  
2019-08-24 00:20:27,310 [Datanode State Machine Thread - 0] INFO  ozoneimpl.OzoneContainer (OzoneContainer.java:start(186)) - Attempting to start container services.
2019-08-24 00:20:27,310 [Datanode State Machine Thread - 0] INFO  ozoneimpl.OzoneContainer (OzoneContainer.java:startContainerScrub(160)) - Background container scrubber has been disabled by hdds.containerscrub.enabled
2019-08-24 00:20:27,310 [Datanode State Machine Thread - 0] INFO  ratis.XceiverServerRatis (XceiverServerRatis.java:start(404)) - Starting XceiverServerRatis 44c7f39a-9454-4511-9eaf-9b72a4aa6bb9 at port 0
2019-08-24 00:20:27,318 [Datanode State Machine Thread - 0] INFO  impl.RaftServerProxy (RaftServerProxy.java:lambda$start$3(299)) - 44c7f39a-9454-4511-9eaf-9b72a4aa6bb9: start RPC server
2019-08-24 00:20:27,319 [Datanode State Machine Thread - 0] INFO  server.GrpcService (GrpcService.java:startImpl(149)) - 44c7f39a-9454-4511-9eaf-9b72a4aa6bb9: GrpcService started, listening on 0.0.0.0/0.0.0.0:45556
2019-08-24 00:20:27,319 [Datanode State Machine Thread - 0] INFO  ratis.XceiverServerRatis (XceiverServerRatis.java:start(414)) - XceiverServerRatis 44c7f39a-9454-4511-9eaf-9b72a4aa6bb9 is started using port 45556
2019-08-24 00:20:27,320 [Datanode State Machine Thread - 0] INFO  server.XceiverServerGrpc (XceiverServerGrpc.java:start(161)) - XceiverServerGrpc 44c7f39a-9454-4511-9eaf-9b72a4aa6bb9 is started using port 35794
2019-08-24 00:20:27,921 [IPC Server handler 2 on 33474] INFO  net.NetworkTopology (NetworkTopologyImpl.java:add(110)) - Added a new node: /default-rack/3a14c1ba-d90f-4e55-9b74-34a12c0cf08b
2019-08-24 00:20:27,924 [IPC Server handler 2 on 33474] INFO  node.SCMNodeManager (SCMNodeManager.java:register(273)) - Registered Data node : 3a14c1ba-d90f-4e55-9b74-34a12c0cf08b{ip: 192.168.34.57, host: pr-hdds-1909-kfjhh-925290811, networkLocation: /default-rack, certSerialId: null}
2019-08-24 00:20:27,925 [EventQueue-NodeRegistrationContainerReportForDataNodeSafeModeRule] INFO  safemode.SCMSafeModeManager (DataNodeSafeModeRule.java:process(71)) - SCM in safe mode. 1 DataNodes registered, 1 required.
2019-08-24 00:20:27,928 [EventQueue-NodeRegistrationContainerReportForDataNodeSafeModeRule] INFO  safemode.SCMSafeModeManager (SCMSafeModeManager.java:validateSafeModeExitRules(177)) - ScmSafeModeManager, all rules are successfully validated
2019-08-24 00:20:27,928 | INFO  | SCMAudit | user=jenkins1000 | ip=192.168.34.57 | op=REGISTER {datanodeDetails=3a14c1ba-d90f-4e55-9b74-34a12c0cf08b{ip: 192.168.34.57, host: pr-hdds-1909-kfjhh-925290811, networkLocation: /default-rack, certSerialId: null}} | ret=SUCCESS |  
2019-08-24 00:20:27,928 [EventQueue-NodeRegistrationContainerReportForDataNodeSafeModeRule] INFO  safemode.SCMSafeModeManager (SCMSafeModeManager.java:exitSafeMode(193)) - SCM exiting safe mode.
2019-08-24 00:20:27,948 [grpc-default-executor-4] INFO  impl.RaftServerProxy (RaftServerProxy.java:addNew(89)) - 3a14c1ba-d90f-4e55-9b74-34a12c0cf08b: addNew group-8E97244D584C:[3a14c1ba-d90f-4e55-9b74-34a12c0cf08b:192.168.34.57:33840] returns group-8E97244D584C:java.util.concurrent.CompletableFuture@327753c[Not completed]
2019-08-24 00:20:27,951 [pool-126-thread-1] INFO  impl.RaftServerImpl (RaftServerImpl.java:<init>(93)) - 3a14c1ba-d90f-4e55-9b74-34a12c0cf08b: new RaftServerImpl for group-8E97244D584C:[3a14c1ba-d90f-4e55-9b74-34a12c0cf08b:192.168.34.57:33840] with ContainerStateMachine:uninitialized
2019-08-24 00:20:27,951 [pool-126-thread-1] INFO  server.RaftServerConfigKeys (ConfUtils.java:logGet(43)) - raft.server.rpc.timeout.min = 5s (custom)
2019-08-24 00:20:27,952 [pool-126-thread-1] INFO  server.RaftServerConfigKeys (ConfUtils.java:logGet(43)) - raft.server.rpc.timeout.max = 5200ms (custom)
2019-08-24 00:20:27,952 [pool-126-thread-1] INFO  server.RaftServerConfigKeys (ConfUtils.java:logGet(43)) - raft.server.rpcslowness.timeout = 120s (custom)
2019-08-24 00:20:27,952 [pool-126-thread-1] INFO  server.RaftServerConfigKeys (ConfUtils.java:logGet(43)) - raft.server.sleep.deviation.threshold = 300 (default)
2019-08-24 00:20:27,952 [pool-126-thread-1] INFO  server.RaftServerConfigKeys (ConfUtils.java:logGet(43)) - raft.server.log.appender.install.snapshot.enabled = false (custom)
2019-08-24 00:20:27,952 [pool-126-thread-1] INFO  impl.RaftServerImpl (ServerState.java:<init>(105)) - 3a14c1ba-d90f-4e55-9b74-34a12c0cf08b:group-8E97244D584C ConfigurationManager, init=-1: [3a14c1ba-d90f-4e55-9b74-34a12c0cf08b:192.168.34.57:33840], old=null, confs=<EMPTY_MAP>
2019-08-24 00:20:27,953 [pool-126-thread-1] INFO  server.RaftServerConfigKeys (ConfUtils.java:logGet(43)) - raft.server.storage.dir = [/workdir/hadoop-ozone/integration-test/target/test-dir/MiniOzoneClusterImpl-2dd808d2-8d8b-4e9b-8867-1fe86c020870/datanode-0/data/ratis] (custom)
2019-08-24 00:20:27,953 [pool-126-thread-1] INFO  storage.RaftStorageDirectory (RaftStorageDirectory.java:analyzeStorage(246)) - The storage directory /workdir/hadoop-ozone/integration-test/target/test-dir/MiniOzoneClusterImpl-2dd808d2-8d8b-4e9b-8867-1fe86c020870/datanode-0/data/ratis/1d895004-8df5-4c69-bdb6-8e97244d584c does not exist. Creating ...
2019-08-24 00:20:27,966 [pool-126-thread-1] INFO  storage.RaftStorageDirectory (RaftStorageDirectory.java:tryLock(328)) - Lock on /workdir/hadoop-ozone/integration-test/target/test-dir/MiniOzoneClusterImpl-2dd808d2-8d8b-4e9b-8867-1fe86c020870/datanode-0/data/ratis/1d895004-8df5-4c69-bdb6-8e97244d584c/in_use.lock acquired by nodename 25480@pr-hdds-1909-kfjhh-925290811
2019-08-24 00:20:27,979 [pool-126-thread-1] INFO  storage.RaftStorage (RaftStorage.java:format(72)) - Storage directory /workdir/hadoop-ozone/integration-test/target/test-dir/MiniOzoneClusterImpl-2dd808d2-8d8b-4e9b-8867-1fe86c020870/datanode-0/data/ratis/1d895004-8df5-4c69-bdb6-8e97244d584c has been successfully formatted.
2019-08-24 00:20:27,980 [pool-126-thread-1] INFO  ratis.ContainerStateMachine (ContainerStateMachine.java:loadSnapshot(226)) - group-8E97244D584C: The snapshot info is null. Setting the last applied indexto:(t:0, i:~)
2019-08-24 00:20:27,980 [pool-126-thread-1] INFO  server.RaftServerConfigKeys (ConfUtils.java:logGet(43)) - raft.server.leader.election.timeout = 120s (custom)
2019-08-24 00:20:27,980 [pool-126-thread-1] INFO  server.RaftServerConfigKeys (ConfUtils.java:logGet(43)) - raft.server.log.use.memory = false (default)
2019-08-24 00:20:27,981 [pool-126-thread-1] INFO  server.RaftServerConfigKeys (ConfUtils.java:logGet(43)) - raft.server.log.purge.gap = 1000000 (custom)
2019-08-24 00:20:27,981 [pool-126-thread-1] INFO  server.RaftServerConfigKeys (ConfUtils.java:logGet(43)) - raft.server.log.appender.buffer.byte-limit = 33554432 (custom)
2019-08-24 00:20:27,981 [pool-126-thread-1] INFO  server.RaftServerConfigKeys (ConfUtils.java:logGet(43)) - raft.server.log.segment.size.max = 1048576 (custom)
2019-08-24 00:20:27,981 [pool-126-thread-1] INFO  server.RaftServerConfigKeys (ConfUtils.java:logGet(43)) - raft.server.log.segment.cache.num.max = 2 (custom)
2019-08-24 00:20:27,982 [pool-126-thread-1] INFO  segmented.SegmentedRaftLogWorker (SegmentedRaftLogWorker.java:<init>(172)) - new 3a14c1ba-d90f-4e55-9b74-34a12c0cf08b-SegmentedRaftLogWorker:Storage Directory /workdir/hadoop-ozone/integration-test/target/test-dir/MiniOzoneClusterImpl-2dd808d2-8d8b-4e9b-8867-1fe86c020870/datanode-0/data/ratis/1d895004-8df5-4c69-bdb6-8e97244d584c for RaftStorage:Storage Directory /workdir/hadoop-ozone/integration-test/target/test-dir/MiniOzoneClusterImpl-2dd808d2-8d8b-4e9b-8867-1fe86c020870/datanode-0/data/ratis/1d895004-8df5-4c69-bdb6-8e97244d584c
2019-08-24 00:20:27,982 [pool-126-thread-1] INFO  server.RaftServerConfigKeys (ConfUtils.java:logGet(43)) - raft.server.log.queue.byte-limit = 2147483647 (custom)
2019-08-24 00:20:27,982 [pool-126-thread-1] INFO  server.RaftServerConfigKeys (ConfUtils.java:logGet(43)) - raft.server.log.queue.element-limit = 1024 (custom)
2019-08-24 00:20:27,983 [pool-126-thread-1] INFO  server.RaftServerConfigKeys (ConfUtils.java:logGet(43)) - raft.server.log.segment.size.max = 1048576 (custom)
2019-08-24 00:20:27,983 [pool-126-thread-1] INFO  server.RaftServerConfigKeys (ConfUtils.java:logGet(43)) - raft.server.log.preallocated.size = 16384 (custom)
2019-08-24 00:20:27,983 [pool-126-thread-1] INFO  server.RaftServerConfigKeys (ConfUtils.java:logGet(43)) - raft.server.log.write.buffer.size = 33554432 (custom)
2019-08-24 00:20:27,983 [pool-126-thread-1] INFO  server.RaftServerConfigKeys (ConfUtils.java:logGet(43)) - raft.server.log.force.sync.num = 128 (default)
2019-08-24 00:20:27,983 [pool-126-thread-1] INFO  server.RaftServerConfigKeys (ConfUtils.java:logGet(43)) - raft.server.log.statemachine.data.sync = true (default)
2019-08-24 00:20:27,983 [pool-126-thread-1] INFO  server.RaftServerConfigKeys (ConfUtils.java:logGet(43)) - raft.server.log.statemachine.data.sync.timeout = 10s (default)
2019-08-24 00:20:27,984 [pool-126-thread-1] INFO  server.RaftServerConfigKeys (ConfUtils.java:logGet(43)) - raft.server.log.statemachine.data.sync.timeout.retry = -1 (default)
2019-08-24 00:20:27,984 [pool-126-thread-1] INFO  server.RaftServerConfigKeys (ConfUtils.java:logGet(43)) - raft.server.log.statemachine.data.caching.enabled = true (custom)
2019-08-24 00:20:27,984 [pool-126-thread-1] INFO  segmented.SegmentedRaftLogWorker (SegmentedRaftLogWorker.java:lambda$new$0(132)) - 3a14c1ba-d90f-4e55-9b74-34a12c0cf08b-SegmentedRaftLogWorker:Storage Directory /workdir/hadoop-ozone/integration-test/target/test-dir/MiniOzoneClusterImpl-2dd808d2-8d8b-4e9b-8867-1fe86c020870/datanode-0/data/ratis/1d895004-8df5-4c69-bdb6-8e97244d584c: flushIndex: setUnconditionally 0 -> -1
2019-08-24 00:20:27,985 [pool-126-thread-1] INFO  server.RaftServerConfigKeys (ConfUtils.java:logGet(43)) - raft.server.snapshot.auto.trigger.enabled = true (custom)
2019-08-24 00:20:27,985 [pool-126-thread-1] INFO  server.RaftServerConfigKeys (ConfUtils.java:logGet(43)) - raft.server.snapshot.auto.trigger.threshold = 10000 (custom)
2019-08-24 00:20:27,985 [pool-126-thread-1] INFO  server.RaftServerConfigKeys (ConfUtils.java:logGet(43)) - raft.server.retrycache.expirytime = 600000ms (custom)
2019-08-24 00:20:27,986 [pool-126-thread-1] INFO  impl.RaftServerImpl (RaftServerImpl.java:start(180)) - 3a14c1ba-d90f-4e55-9b74-34a12c0cf08b: start group-8E97244D584C
2019-08-24 00:20:27,986 [pool-126-thread-1] INFO  impl.RaftServerImpl (RaftServerImpl.java:setRole(171)) - 3a14c1ba-d90f-4e55-9b74-34a12c0cf08b:group-8E97244D584C changes role from null to FOLLOWER at term 0 for startAsFollower
2019-08-24 00:20:27,986 [pool-126-thread-1] INFO  impl.RoleInfo (RoleInfo.java:updateAndGet(143)) - 3a14c1ba-d90f-4e55-9b74-34a12c0cf08b: start FollowerState
2019-08-24 00:20:27,987 [pool-126-thread-1] INFO  util.JmxRegister (JmxRegister.java:tryRegister(44)) - Successfully registered JMX Bean with object name Ratis:service=RaftServer,group=group-8E97244D584C,id=3a14c1ba-d90f-4e55-9b74-34a12c0cf08b
2019-08-24 00:20:27,991 [RatisPipelineUtilsThread] INFO  pipeline.PipelineStateManager (PipelineStateManager.java:addPipeline(56)) - Created pipeline Pipeline[ Id: 1d895004-8df5-4c69-bdb6-8e97244d584c, Nodes: 3a14c1ba-d90f-4e55-9b74-34a12c0cf08b{ip: 192.168.34.57, host: pr-hdds-1909-kfjhh-925290811, networkLocation: /default-rack, certSerialId: null}, Type:RATIS, Factor:ONE, State:OPEN]
2019-08-24 00:20:28,128 [IPC Server handler 0 on 33474] INFO  net.NetworkTopology (NetworkTopologyImpl.java:add(110)) - Added a new node: /default-rack/9b1b75a9-c857-4b9a-9bce-dd664e78af57
2019-08-24 00:20:28,128 [IPC Server handler 0 on 33474] INFO  node.SCMNodeManager (SCMNodeManager.java:register(273)) - Registered Data node : 9b1b75a9-c857-4b9a-9bce-dd664e78af57{ip: 192.168.34.57, host: pr-hdds-1909-kfjhh-925290811, networkLocation: /default-rack, certSerialId: null}
2019-08-24 00:20:28,129 | INFO  | SCMAudit | user=jenkins1000 | ip=192.168.34.57 | op=REGISTER {datanodeDetails=9b1b75a9-c857-4b9a-9bce-dd664e78af57{ip: 192.168.34.57, host: pr-hdds-1909-kfjhh-925290811, networkLocation: /default-rack, certSerialId: null}} | ret=SUCCESS |  
2019-08-24 00:20:28,140 [grpc-default-executor-4] INFO  impl.RaftServerProxy (RaftServerProxy.java:addNew(89)) - 9b1b75a9-c857-4b9a-9bce-dd664e78af57: addNew group-DAF4C66089A1:[9b1b75a9-c857-4b9a-9bce-dd664e78af57:192.168.34.57:34766] returns group-DAF4C66089A1:java.util.concurrent.CompletableFuture@7ff296ca[Not completed]
2019-08-24 00:20:28,144 [pool-137-thread-1] INFO  impl.RaftServerImpl (RaftServerImpl.java:<init>(93)) - 9b1b75a9-c857-4b9a-9bce-dd664e78af57: new RaftServerImpl for group-DAF4C66089A1:[9b1b75a9-c857-4b9a-9bce-dd664e78af57:192.168.34.57:34766] with ContainerStateMachine:uninitialized
2019-08-24 00:20:28,145 [pool-137-thread-1] INFO  server.RaftServerConfigKeys (ConfUtils.java:logGet(43)) - raft.server.rpc.timeout.min = 5s (custom)
2019-08-24 00:20:28,145 [pool-137-thread-1] INFO  server.RaftServerConfigKeys (ConfUtils.java:logGet(43)) - raft.server.rpc.timeout.max = 5200ms (custom)
2019-08-24 00:20:28,145 [pool-137-thread-1] INFO  server.RaftServerConfigKeys (ConfUtils.java:logGet(43)) - raft.server.rpcslowness.timeout = 120s (custom)
2019-08-24 00:20:28,145 [pool-137-thread-1] INFO  server.RaftServerConfigKeys (ConfUtils.java:logGet(43)) - raft.server.sleep.deviation.threshold = 300 (default)
2019-08-24 00:20:28,145 [pool-137-thread-1] INFO  server.RaftServerConfigKeys (ConfUtils.java:logGet(43)) - raft.server.log.appender.install.snapshot.enabled = false (custom)
2019-08-24 00:20:28,145 [pool-137-thread-1] INFO  impl.RaftServerImpl (ServerState.java:<init>(105)) - 9b1b75a9-c857-4b9a-9bce-dd664e78af57:group-DAF4C66089A1 ConfigurationManager, init=-1: [9b1b75a9-c857-4b9a-9bce-dd664e78af57:192.168.34.57:34766], old=null, confs=<EMPTY_MAP>
2019-08-24 00:20:28,146 [pool-137-thread-1] INFO  server.RaftServerConfigKeys (ConfUtils.java:logGet(43)) - raft.server.storage.dir = [/workdir/hadoop-ozone/integration-test/target/test-dir/MiniOzoneClusterImpl-2dd808d2-8d8b-4e9b-8867-1fe86c020870/datanode-1/data/ratis] (custom)
2019-08-24 00:20:28,146 [pool-137-thread-1] INFO  storage.RaftStorageDirectory (RaftStorageDirectory.java:analyzeStorage(246)) - The storage directory /workdir/hadoop-ozone/integration-test/target/test-dir/MiniOzoneClusterImpl-2dd808d2-8d8b-4e9b-8867-1fe86c020870/datanode-1/data/ratis/5b2a989d-bae9-44fa-a4db-daf4c66089a1 does not exist. Creating ...
2019-08-24 00:20:28,171 [pool-137-thread-1] INFO  storage.RaftStorageDirectory (RaftStorageDirectory.java:tryLock(328)) - Lock on /workdir/hadoop-ozone/integration-test/target/test-dir/MiniOzoneClusterImpl-2dd808d2-8d8b-4e9b-8867-1fe86c020870/datanode-1/data/ratis/5b2a989d-bae9-44fa-a4db-daf4c66089a1/in_use.lock acquired by nodename 25480@pr-hdds-1909-kfjhh-925290811
2019-08-24 00:20:28,184 [pool-137-thread-1] INFO  storage.RaftStorage (RaftStorage.java:format(72)) - Storage directory /workdir/hadoop-ozone/integration-test/target/test-dir/MiniOzoneClusterImpl-2dd808d2-8d8b-4e9b-8867-1fe86c020870/datanode-1/data/ratis/5b2a989d-bae9-44fa-a4db-daf4c66089a1 has been successfully formatted.
2019-08-24 00:20:28,185 [pool-137-thread-1] INFO  ratis.ContainerStateMachine (ContainerStateMachine.java:loadSnapshot(226)) - group-DAF4C66089A1: The snapshot info is null. Setting the last applied indexto:(t:0, i:~)
2019-08-24 00:20:28,185 [pool-137-thread-1] INFO  server.RaftServerConfigKeys (ConfUtils.java:logGet(43)) - raft.server.leader.election.timeout = 120s (custom)
2019-08-24 00:20:28,185 [pool-137-thread-1] INFO  server.RaftServerConfigKeys (ConfUtils.java:logGet(43)) - raft.server.log.use.memory = false (default)
2019-08-24 00:20:28,185 [pool-137-thread-1] INFO  server.RaftServerConfigKeys (ConfUtils.java:logGet(43)) - raft.server.log.purge.gap = 1000000 (custom)
2019-08-24 00:20:28,185 [pool-137-thread-1] INFO  server.RaftServerConfigKeys (ConfUtils.java:logGet(43)) - raft.server.log.appender.buffer.byte-limit = 33554432 (custom)
2019-08-24 00:20:28,185 [pool-137-thread-1] INFO  server.RaftServerConfigKeys (ConfUtils.java:logGet(43)) - raft.server.log.segment.size.max = 1048576 (custom)
2019-08-24 00:20:28,186 [pool-137-thread-1] INFO  server.RaftServerConfigKeys (ConfUtils.java:logGet(43)) - raft.server.log.segment.cache.num.max = 2 (custom)
2019-08-24 00:20:28,186 [pool-137-thread-1] INFO  segmented.SegmentedRaftLogWorker (SegmentedRaftLogWorker.java:<init>(172)) - new 9b1b75a9-c857-4b9a-9bce-dd664e78af57-SegmentedRaftLogWorker:Storage Directory /workdir/hadoop-ozone/integration-test/target/test-dir/MiniOzoneClusterImpl-2dd808d2-8d8b-4e9b-8867-1fe86c020870/datanode-1/data/ratis/5b2a989d-bae9-44fa-a4db-daf4c66089a1 for RaftStorage:Storage Directory /workdir/hadoop-ozone/integration-test/target/test-dir/MiniOzoneClusterImpl-2dd808d2-8d8b-4e9b-8867-1fe86c020870/datanode-1/data/ratis/5b2a989d-bae9-44fa-a4db-daf4c66089a1
2019-08-24 00:20:28,186 [pool-137-thread-1] INFO  server.RaftServerConfigKeys (ConfUtils.java:logGet(43)) - raft.server.log.queue.byte-limit = 2147483647 (custom)
2019-08-24 00:20:28,186 [pool-137-thread-1] INFO  server.RaftServerConfigKeys (ConfUtils.java:logGet(43)) - raft.server.log.queue.element-limit = 1024 (custom)
2019-08-24 00:20:28,187 [pool-137-thread-1] INFO  server.RaftServerConfigKeys (ConfUtils.java:logGet(43)) - raft.server.log.segment.size.max = 1048576 (custom)
2019-08-24 00:20:28,187 [pool-137-thread-1] INFO  server.RaftServerConfigKeys (ConfUtils.java:logGet(43)) - raft.server.log.preallocated.size = 16384 (custom)
2019-08-24 00:20:28,187 [pool-137-thread-1] INFO  server.RaftServerConfigKeys (ConfUtils.java:logGet(43)) - raft.server.log.write.buffer.size = 33554432 (custom)
2019-08-24 00:20:28,187 [pool-137-thread-1] INFO  server.RaftServerConfigKeys (ConfUtils.java:logGet(43)) - raft.server.log.force.sync.num = 128 (default)
2019-08-24 00:20:28,187 [pool-137-thread-1] INFO  server.RaftServerConfigKeys (ConfUtils.java:logGet(43)) - raft.server.log.statemachine.data.sync = true (default)
2019-08-24 00:20:28,187 [pool-137-thread-1] INFO  server.RaftServerConfigKeys (ConfUtils.java:logGet(43)) - raft.server.log.statemachine.data.sync.timeout = 10s (default)
2019-08-24 00:20:28,187 [pool-137-thread-1] INFO  server.RaftServerConfigKeys (ConfUtils.java:logGet(43)) - raft.server.log.statemachine.data.sync.timeout.retry = -1 (default)
2019-08-24 00:20:28,188 [pool-137-thread-1] INFO  server.RaftServerConfigKeys (ConfUtils.java:logGet(43)) - raft.server.log.statemachine.data.caching.enabled = true (custom)
2019-08-24 00:20:28,188 [pool-137-thread-1] INFO  segmented.SegmentedRaftLogWorker (SegmentedRaftLogWorker.java:lambda$new$0(132)) - 9b1b75a9-c857-4b9a-9bce-dd664e78af57-SegmentedRaftLogWorker:Storage Directory /workdir/hadoop-ozone/integration-test/target/test-dir/MiniOzoneClusterImpl-2dd808d2-8d8b-4e9b-8867-1fe86c020870/datanode-1/data/ratis/5b2a989d-bae9-44fa-a4db-daf4c66089a1: flushIndex: setUnconditionally 0 -> -1
2019-08-24 00:20:28,188 [pool-137-thread-1] INFO  server.RaftServerConfigKeys (ConfUtils.java:logGet(43)) - raft.server.snapshot.auto.trigger.enabled = true (custom)
2019-08-24 00:20:28,189 [pool-137-thread-1] INFO  server.RaftServerConfigKeys (ConfUtils.java:logGet(43)) - raft.server.snapshot.auto.trigger.threshold = 10000 (custom)
2019-08-24 00:20:28,189 [pool-137-thread-1] INFO  server.RaftServerConfigKeys (ConfUtils.java:logGet(43)) - raft.server.retrycache.expirytime = 600000ms (custom)
2019-08-24 00:20:28,189 [pool-137-thread-1] INFO  impl.RaftServerImpl (RaftServerImpl.java:start(180)) - 9b1b75a9-c857-4b9a-9bce-dd664e78af57: start group-DAF4C66089A1
2019-08-24 00:20:28,189 [pool-137-thread-1] INFO  impl.RaftServerImpl (RaftServerImpl.java:setRole(171)) - 9b1b75a9-c857-4b9a-9bce-dd664e78af57:group-DAF4C66089A1 changes role from null to FOLLOWER at term 0 for startAsFollower
2019-08-24 00:20:28,189 [pool-137-thread-1] INFO  impl.RoleInfo (RoleInfo.java:updateAndGet(143)) - 9b1b75a9-c857-4b9a-9bce-dd664e78af57: start FollowerState
2019-08-24 00:20:28,190 [pool-137-thread-1] INFO  util.JmxRegister (JmxRegister.java:tryRegister(44)) - Successfully registered JMX Bean with object name Ratis:service=RaftServer,group=group-DAF4C66089A1,id=9b1b75a9-c857-4b9a-9bce-dd664e78af57
2019-08-24 00:20:28,193 [RatisPipelineUtilsThread] INFO  pipeline.PipelineStateManager (PipelineStateManager.java:addPipeline(56)) - Created pipeline Pipeline[ Id: 5b2a989d-bae9-44fa-a4db-daf4c66089a1, Nodes: 9b1b75a9-c857-4b9a-9bce-dd664e78af57{ip: 192.168.34.57, host: pr-hdds-1909-kfjhh-925290811, networkLocation: /default-rack, certSerialId: null}, Type:RATIS, Factor:ONE, State:OPEN]
2019-08-24 00:20:28,292 [main] INFO  ozone.MiniOzoneClusterImpl (MiniOzoneClusterImpl.java:lambda$waitForClusterToBeReady$0(142)) - Waiting for cluster to be ready. Got 2 of 7 DN Heartbeats.
2019-08-24 00:20:28,313 [IPC Server handler 3 on 33474] INFO  net.NetworkTopology (NetworkTopologyImpl.java:add(110)) - Added a new node: /default-rack/4d1e0fe6-60fd-4907-9842-f352edb6fbc8
2019-08-24 00:20:28,314 [IPC Server handler 3 on 33474] INFO  node.SCMNodeManager (SCMNodeManager.java:register(273)) - Registered Data node : 4d1e0fe6-60fd-4907-9842-f352edb6fbc8{ip: 192.168.34.57, host: pr-hdds-1909-kfjhh-925290811, networkLocation: /default-rack, certSerialId: null}
2019-08-24 00:20:28,314 | INFO  | SCMAudit | user=jenkins1000 | ip=192.168.34.57 | op=REGISTER {datanodeDetails=4d1e0fe6-60fd-4907-9842-f352edb6fbc8{ip: 192.168.34.57, host: pr-hdds-1909-kfjhh-925290811, networkLocation: /default-rack, certSerialId: null}} | ret=SUCCESS |  
2019-08-24 00:20:28,325 [grpc-default-executor-4] INFO  impl.RaftServerProxy (RaftServerProxy.java:addNew(89)) - 4d1e0fe6-60fd-4907-9842-f352edb6fbc8: addNew group-46AEDE36610B:[4d1e0fe6-60fd-4907-9842-f352edb6fbc8:192.168.34.57:43840] returns group-46AEDE36610B:java.util.concurrent.CompletableFuture@59d169f8[Not completed]
2019-08-24 00:20:28,332 [pool-148-thread-1] INFO  impl.RaftServerImpl (RaftServerImpl.java:<init>(93)) - 4d1e0fe6-60fd-4907-9842-f352edb6fbc8: new RaftServerImpl for group-46AEDE36610B:[4d1e0fe6-60fd-4907-9842-f352edb6fbc8:192.168.34.57:43840] with ContainerStateMachine:uninitialized
2019-08-24 00:20:28,332 [pool-148-thread-1] INFO  server.RaftServerConfigKeys (ConfUtils.java:logGet(43)) - raft.server.rpc.timeout.min = 5s (custom)
2019-08-24 00:20:28,332 [pool-148-thread-1] INFO  server.RaftServerConfigKeys (ConfUtils.java:logGet(43)) - raft.server.rpc.timeout.max = 5200ms (custom)
2019-08-24 00:20:28,332 [pool-148-thread-1] INFO  server.RaftServerConfigKeys (ConfUtils.java:logGet(43)) - raft.server.rpcslowness.timeout = 120s (custom)
2019-08-24 00:20:28,332 [pool-148-thread-1] INFO  server.RaftServerConfigKeys (ConfUtils.java:logGet(43)) - raft.server.sleep.deviation.threshold = 300 (default)
2019-08-24 00:20:28,332 [pool-148-thread-1] INFO  server.RaftServerConfigKeys (ConfUtils.java:logGet(43)) - raft.server.log.appender.install.snapshot.enabled = false (custom)
2019-08-24 00:20:28,333 [pool-148-thread-1] INFO  impl.RaftServerImpl (ServerState.java:<init>(105)) - 4d1e0fe6-60fd-4907-9842-f352edb6fbc8:group-46AEDE36610B ConfigurationManager, init=-1: [4d1e0fe6-60fd-4907-9842-f352edb6fbc8:192.168.34.57:43840], old=null, confs=<EMPTY_MAP>
2019-08-24 00:20:28,333 [pool-148-thread-1] INFO  server.RaftServerConfigKeys (ConfUtils.java:logGet(43)) - raft.server.storage.dir = [/workdir/hadoop-ozone/integration-test/target/test-dir/MiniOzoneClusterImpl-2dd808d2-8d8b-4e9b-8867-1fe86c020870/datanode-2/data/ratis] (custom)
2019-08-24 00:20:28,333 [pool-148-thread-1] INFO  storage.RaftStorageDirectory (RaftStorageDirectory.java:analyzeStorage(246)) - The storage directory /workdir/hadoop-ozone/integration-test/target/test-dir/MiniOzoneClusterImpl-2dd808d2-8d8b-4e9b-8867-1fe86c020870/datanode-2/data/ratis/2ce20e40-cb49-4c7e-b732-46aede36610b does not exist. Creating ...
2019-08-24 00:20:28,348 [pool-148-thread-1] INFO  storage.RaftStorageDirectory (RaftStorageDirectory.java:tryLock(328)) - Lock on /workdir/hadoop-ozone/integration-test/target/test-dir/MiniOzoneClusterImpl-2dd808d2-8d8b-4e9b-8867-1fe86c020870/datanode-2/data/ratis/2ce20e40-cb49-4c7e-b732-46aede36610b/in_use.lock acquired by nodename 25480@pr-hdds-1909-kfjhh-925290811
2019-08-24 00:20:28,361 [pool-148-thread-1] INFO  storage.RaftStorage (RaftStorage.java:format(72)) - Storage directory /workdir/hadoop-ozone/integration-test/target/test-dir/MiniOzoneClusterImpl-2dd808d2-8d8b-4e9b-8867-1fe86c020870/datanode-2/data/ratis/2ce20e40-cb49-4c7e-b732-46aede36610b has been successfully formatted.
2019-08-24 00:20:28,362 [pool-148-thread-1] INFO  ratis.ContainerStateMachine (ContainerStateMachine.java:loadSnapshot(226)) - group-46AEDE36610B: The snapshot info is null. Setting the last applied indexto:(t:0, i:~)
2019-08-24 00:20:28,362 [pool-148-thread-1] INFO  server.RaftServerConfigKeys (ConfUtils.java:logGet(43)) - raft.server.leader.election.timeout = 120s (custom)
2019-08-24 00:20:28,362 [pool-148-thread-1] INFO  server.RaftServerConfigKeys (ConfUtils.java:logGet(43)) - raft.server.log.use.memory = false (default)
2019-08-24 00:20:28,362 [pool-148-thread-1] INFO  server.RaftServerConfigKeys (ConfUtils.java:logGet(43)) - raft.server.log.purge.gap = 1000000 (custom)
2019-08-24 00:20:28,362 [pool-148-thread-1] INFO  server.RaftServerConfigKeys (ConfUtils.java:logGet(43)) - raft.server.log.appender.buffer.byte-limit = 33554432 (custom)
2019-08-24 00:20:28,363 [pool-148-thread-1] INFO  server.RaftServerConfigKeys (ConfUtils.java:logGet(43)) - raft.server.log.segment.size.max = 1048576 (custom)
2019-08-24 00:20:28,363 [pool-148-thread-1] INFO  server.RaftServerConfigKeys (ConfUtils.java:logGet(43)) - raft.server.log.segment.cache.num.max = 2 (custom)
2019-08-24 00:20:28,363 [pool-148-thread-1] INFO  segmented.SegmentedRaftLogWorker (SegmentedRaftLogWorker.java:<init>(172)) - new 4d1e0fe6-60fd-4907-9842-f352edb6fbc8-SegmentedRaftLogWorker:Storage Directory /workdir/hadoop-ozone/integration-test/target/test-dir/MiniOzoneClusterImpl-2dd808d2-8d8b-4e9b-8867-1fe86c020870/datanode-2/data/ratis/2ce20e40-cb49-4c7e-b732-46aede36610b for RaftStorage:Storage Directory /workdir/hadoop-ozone/integration-test/target/test-dir/MiniOzoneClusterImpl-2dd808d2-8d8b-4e9b-8867-1fe86c020870/datanode-2/data/ratis/2ce20e40-cb49-4c7e-b732-46aede36610b
2019-08-24 00:20:28,363 [pool-148-thread-1] INFO  server.RaftServerConfigKeys (ConfUtils.java:logGet(43)) - raft.server.log.queue.byte-limit = 2147483647 (custom)
2019-08-24 00:20:28,363 [pool-148-thread-1] INFO  server.RaftServerConfigKeys (ConfUtils.java:logGet(43)) - raft.server.log.queue.element-limit = 1024 (custom)
2019-08-24 00:20:28,364 [pool-148-thread-1] INFO  server.RaftServerConfigKeys (ConfUtils.java:logGet(43)) - raft.server.log.segment.size.max = 1048576 (custom)
2019-08-24 00:20:28,364 [pool-148-thread-1] INFO  server.RaftServerConfigKeys (ConfUtils.java:logGet(43)) - raft.server.log.preallocated.size = 16384 (custom)
2019-08-24 00:20:28,364 [pool-148-thread-1] INFO  server.RaftServerConfigKeys (ConfUtils.java:logGet(43)) - raft.server.log.write.buffer.size = 33554432 (custom)
2019-08-24 00:20:28,364 [pool-148-thread-1] INFO  server.RaftServerConfigKeys (ConfUtils.java:logGet(43)) - raft.server.log.force.sync.num = 128 (default)
2019-08-24 00:20:28,364 [pool-148-thread-1] INFO  server.RaftServerConfigKeys (ConfUtils.java:logGet(43)) - raft.server.log.statemachine.data.sync = true (default)
2019-08-24 00:20:28,365 [pool-148-thread-1] INFO  server.RaftServerConfigKeys (ConfUtils.java:logGet(43)) - raft.server.log.statemachine.data.sync.timeout = 10s (default)
2019-08-24 00:20:28,365 [pool-148-thread-1] INFO  server.RaftServerConfigKeys (ConfUtils.java:logGet(43)) - raft.server.log.statemachine.data.sync.timeout.retry = -1 (default)
2019-08-24 00:20:28,365 [pool-148-thread-1] INFO  server.RaftServerConfigKeys (ConfUtils.java:logGet(43)) - raft.server.log.statemachine.data.caching.enabled = true (custom)
2019-08-24 00:20:28,365 [pool-148-thread-1] INFO  segmented.SegmentedRaftLogWorker (SegmentedRaftLogWorker.java:lambda$new$0(132)) - 4d1e0fe6-60fd-4907-9842-f352edb6fbc8-SegmentedRaftLogWorker:Storage Directory /workdir/hadoop-ozone/integration-test/target/test-dir/MiniOzoneClusterImpl-2dd808d2-8d8b-4e9b-8867-1fe86c020870/datanode-2/data/ratis/2ce20e40-cb49-4c7e-b732-46aede36610b: flushIndex: setUnconditionally 0 -> -1
2019-08-24 00:20:28,366 [pool-148-thread-1] INFO  server.RaftServerConfigKeys (ConfUtils.java:logGet(43)) - raft.server.snapshot.auto.trigger.enabled = true (custom)
2019-08-24 00:20:28,366 [pool-148-thread-1] INFO  server.RaftServerConfigKeys (ConfUtils.java:logGet(43)) - raft.server.snapshot.auto.trigger.threshold = 10000 (custom)
2019-08-24 00:20:28,366 [pool-148-thread-1] INFO  server.RaftServerConfigKeys (ConfUtils.java:logGet(43)) - raft.server.retrycache.expirytime = 600000ms (custom)
2019-08-24 00:20:28,367 [pool-148-thread-1] INFO  impl.RaftServerImpl (RaftServerImpl.java:start(180)) - 4d1e0fe6-60fd-4907-9842-f352edb6fbc8: start group-46AEDE36610B
2019-08-24 00:20:28,367 [pool-148-thread-1] INFO  impl.RaftServerImpl (RaftServerImpl.java:setRole(171)) - 4d1e0fe6-60fd-4907-9842-f352edb6fbc8:group-46AEDE36610B changes role from null to FOLLOWER at term 0 for startAsFollower
2019-08-24 00:20:28,367 [pool-148-thread-1] INFO  impl.RoleInfo (RoleInfo.java:updateAndGet(143)) - 4d1e0fe6-60fd-4907-9842-f352edb6fbc8: start FollowerState
2019-08-24 00:20:28,367 [pool-148-thread-1] INFO  util.JmxRegister (JmxRegister.java:tryRegister(44)) - Successfully registered JMX Bean with object name Ratis:service=RaftServer,group=group-46AEDE36610B,id=4d1e0fe6-60fd-4907-9842-f352edb6fbc8
2019-08-24 00:20:28,371 [RatisPipelineUtilsThread] INFO  pipeline.PipelineStateManager (PipelineStateManager.java:addPipeline(56)) - Created pipeline Pipeline[ Id: 2ce20e40-cb49-4c7e-b732-46aede36610b, Nodes: 4d1e0fe6-60fd-4907-9842-f352edb6fbc8{ip: 192.168.34.57, host: pr-hdds-1909-kfjhh-925290811, networkLocation: /default-rack, certSerialId: null}, Type:RATIS, Factor:ONE, State:OPEN]
2019-08-24 00:20:28,386 [grpc-default-executor-0] INFO  impl.RaftServerProxy (RaftServerProxy.java:addNew(89)) - 4d1e0fe6-60fd-4907-9842-f352edb6fbc8: addNew group-7922B4F3146A:[9b1b75a9-c857-4b9a-9bce-dd664e78af57:192.168.34.57:34766, 3a14c1ba-d90f-4e55-9b74-34a12c0cf08b:192.168.34.57:33840, 4d1e0fe6-60fd-4907-9842-f352edb6fbc8:192.168.34.57:43840] returns group-7922B4F3146A:java.util.concurrent.CompletableFuture@12e18681[Not completed]
2019-08-24 00:20:28,386 [grpc-default-executor-5] INFO  impl.RaftServerProxy (RaftServerProxy.java:addNew(89)) - 3a14c1ba-d90f-4e55-9b74-34a12c0cf08b: addNew group-7922B4F3146A:[9b1b75a9-c857-4b9a-9bce-dd664e78af57:192.168.34.57:34766, 3a14c1ba-d90f-4e55-9b74-34a12c0cf08b:192.168.34.57:33840, 4d1e0fe6-60fd-4907-9842-f352edb6fbc8:192.168.34.57:43840] returns group-7922B4F3146A:java.util.concurrent.CompletableFuture@56552584[Not completed]
2019-08-24 00:20:28,386 [grpc-default-executor-4] INFO  impl.RaftServerProxy (RaftServerProxy.java:addNew(89)) - 9b1b75a9-c857-4b9a-9bce-dd664e78af57: addNew group-7922B4F3146A:[9b1b75a9-c857-4b9a-9bce-dd664e78af57:192.168.34.57:34766, 3a14c1ba-d90f-4e55-9b74-34a12c0cf08b:192.168.34.57:33840, 4d1e0fe6-60fd-4907-9842-f352edb6fbc8:192.168.34.57:43840] returns group-7922B4F3146A:java.util.concurrent.CompletableFuture@51cd4c76[Not completed]
2019-08-24 00:20:28,388 [pool-148-thread-1] INFO  impl.RaftServerImpl (RaftServerImpl.java:<init>(93)) - 4d1e0fe6-60fd-4907-9842-f352edb6fbc8: new RaftServerImpl for group-7922B4F3146A:[9b1b75a9-c857-4b9a-9bce-dd664e78af57:192.168.34.57:34766, 3a14c1ba-d90f-4e55-9b74-34a12c0cf08b:192.168.34.57:33840, 4d1e0fe6-60fd-4907-9842-f352edb6fbc8:192.168.34.57:43840] with ContainerStateMachine:uninitialized
2019-08-24 00:20:28,388 [pool-148-thread-1] INFO  server.RaftServerConfigKeys (ConfUtils.java:logGet(43)) - raft.server.rpc.timeout.min = 5s (custom)
2019-08-24 00:20:28,388 [pool-148-thread-1] INFO  server.RaftServerConfigKeys (ConfUtils.java:logGet(43)) - raft.server.rpc.timeout.max = 5200ms (custom)
2019-08-24 00:20:28,388 [pool-148-thread-1] INFO  server.RaftServerConfigKeys (ConfUtils.java:logGet(43)) - raft.server.rpcslowness.timeout = 120s (custom)
2019-08-24 00:20:28,388 [pool-148-thread-1] INFO  server.RaftServerConfigKeys (ConfUtils.java:logGet(43)) - raft.server.sleep.deviation.threshold = 300 (default)
2019-08-24 00:20:28,389 [pool-148-thread-1] INFO  server.RaftServerConfigKeys (ConfUtils.java:logGet(43)) - raft.server.log.appender.install.snapshot.enabled = false (custom)
2019-08-24 00:20:28,389 [pool-137-thread-1] INFO  impl.RaftServerImpl (RaftServerImpl.java:<init>(93)) - 9b1b75a9-c857-4b9a-9bce-dd664e78af57: new RaftServerImpl for group-7922B4F3146A:[9b1b75a9-c857-4b9a-9bce-dd664e78af57:192.168.34.57:34766, 3a14c1ba-d90f-4e55-9b74-34a12c0cf08b:192.168.34.57:33840, 4d1e0fe6-60fd-4907-9842-f352edb6fbc8:192.168.34.57:43840] with ContainerStateMachine:uninitialized
2019-08-24 00:20:28,389 [pool-148-thread-1] INFO  impl.RaftServerImpl (ServerState.java:<init>(105)) - 4d1e0fe6-60fd-4907-9842-f352edb6fbc8:group-7922B4F3146A ConfigurationManager, init=-1: [9b1b75a9-c857-4b9a-9bce-dd664e78af57:192.168.34.57:34766, 3a14c1ba-d90f-4e55-9b74-34a12c0cf08b:192.168.34.57:33840, 4d1e0fe6-60fd-4907-9842-f352edb6fbc8:192.168.34.57:43840], old=null, confs=<EMPTY_MAP>
2019-08-24 00:20:28,389 [pool-137-thread-1] INFO  server.RaftServerConfigKeys (ConfUtils.java:logGet(43)) - raft.server.rpc.timeout.min = 5s (custom)
2019-08-24 00:20:28,389 [pool-148-thread-1] INFO  server.RaftServerConfigKeys (ConfUtils.java:logGet(43)) - raft.server.storage.dir = [/workdir/hadoop-ozone/integration-test/target/test-dir/MiniOzoneClusterImpl-2dd808d2-8d8b-4e9b-8867-1fe86c020870/datanode-2/data/ratis] (custom)
2019-08-24 00:20:28,389 [pool-137-thread-1] INFO  server.RaftServerConfigKeys (ConfUtils.java:logGet(43)) - raft.server.rpc.timeout.max = 5200ms (custom)
2019-08-24 00:20:28,389 [pool-126-thread-1] INFO  impl.RaftServerImpl (RaftServerImpl.java:<init>(93)) - 3a14c1ba-d90f-4e55-9b74-34a12c0cf08b: new RaftServerImpl for group-7922B4F3146A:[9b1b75a9-c857-4b9a-9bce-dd664e78af57:192.168.34.57:34766, 3a14c1ba-d90f-4e55-9b74-34a12c0cf08b:192.168.34.57:33840, 4d1e0fe6-60fd-4907-9842-f352edb6fbc8:192.168.34.57:43840] with ContainerStateMachine:uninitialized
2019-08-24 00:20:28,390 [pool-137-thread-1] INFO  server.RaftServerConfigKeys (ConfUtils.java:logGet(43)) - raft.server.rpcslowness.timeout = 120s (custom)
2019-08-24 00:20:28,390 [pool-148-thread-1] INFO  storage.RaftStorageDirectory (RaftStorageDirectory.java:analyzeStorage(246)) - The storage directory /workdir/hadoop-ozone/integration-test/target/test-dir/MiniOzoneClusterImpl-2dd808d2-8d8b-4e9b-8867-1fe86c020870/datanode-2/data/ratis/7f6a3f23-b7cb-4e7d-a66a-7922b4f3146a does not exist. Creating ...
2019-08-24 00:20:28,390 [pool-126-thread-1] INFO  server.RaftServerConfigKeys (ConfUtils.java:logGet(43)) - raft.server.rpc.timeout.min = 5s (custom)
2019-08-24 00:20:28,390 [pool-137-thread-1] INFO  server.RaftServerConfigKeys (ConfUtils.java:logGet(43)) - raft.server.sleep.deviation.threshold = 300 (default)
2019-08-24 00:20:28,390 [pool-126-thread-1] INFO  server.RaftServerConfigKeys (ConfUtils.java:logGet(43)) - raft.server.rpc.timeout.max = 5200ms (custom)
2019-08-24 00:20:28,390 [pool-137-thread-1] INFO  server.RaftServerConfigKeys (ConfUtils.java:logGet(43)) - raft.server.log.appender.install.snapshot.enabled = false (custom)
2019-08-24 00:20:28,390 [pool-126-thread-1] INFO  server.RaftServerConfigKeys (ConfUtils.java:logGet(43)) - raft.server.rpcslowness.timeout = 120s (custom)
2019-08-24 00:20:28,391 [pool-137-thread-1] INFO  impl.RaftServerImpl (ServerState.java:<init>(105)) - 9b1b75a9-c857-4b9a-9bce-dd664e78af57:group-7922B4F3146A ConfigurationManager, init=-1: [9b1b75a9-c857-4b9a-9bce-dd664e78af57:192.168.34.57:34766, 3a14c1ba-d90f-4e55-9b74-34a12c0cf08b:192.168.34.57:33840, 4d1e0fe6-60fd-4907-9842-f352edb6fbc8:192.168.34.57:43840], old=null, confs=<EMPTY_MAP>
2019-08-24 00:20:28,391 [pool-126-thread-1] INFO  server.RaftServerConfigKeys (ConfUtils.java:logGet(43)) - raft.server.sleep.deviation.threshold = 300 (default)
2019-08-24 00:20:28,391 [pool-137-thread-1] INFO  server.RaftServerConfigKeys (ConfUtils.java:logGet(43)) - raft.server.storage.dir = [/workdir/hadoop-ozone/integration-test/target/test-dir/MiniOzoneClusterImpl-2dd808d2-8d8b-4e9b-8867-1fe86c020870/datanode-1/data/ratis] (custom)
2019-08-24 00:20:28,391 [pool-126-thread-1] INFO  server.RaftServerConfigKeys (ConfUtils.java:logGet(43)) - raft.server.log.appender.install.snapshot.enabled = false (custom)
2019-08-24 00:20:28,391 [pool-126-thread-1] INFO  impl.RaftServerImpl (ServerState.java:<init>(105)) - 3a14c1ba-d90f-4e55-9b74-34a12c0cf08b:group-7922B4F3146A ConfigurationManager, init=-1: [9b1b75a9-c857-4b9a-9bce-dd664e78af57:192.168.34.57:34766, 3a14c1ba-d90f-4e55-9b74-34a12c0cf08b:192.168.34.57:33840, 4d1e0fe6-60fd-4907-9842-f352edb6fbc8:192.168.34.57:43840], old=null, confs=<EMPTY_MAP>
2019-08-24 00:20:28,391 [pool-137-thread-1] INFO  storage.RaftStorageDirectory (RaftStorageDirectory.java:analyzeStorage(246)) - The storage directory /workdir/hadoop-ozone/integration-test/target/test-dir/MiniOzoneClusterImpl-2dd808d2-8d8b-4e9b-8867-1fe86c020870/datanode-1/data/ratis/7f6a3f23-b7cb-4e7d-a66a-7922b4f3146a does not exist. Creating ...
2019-08-24 00:20:28,391 [pool-126-thread-1] INFO  server.RaftServerConfigKeys (ConfUtils.java:logGet(43)) - raft.server.storage.dir = [/workdir/hadoop-ozone/integration-test/target/test-dir/MiniOzoneClusterImpl-2dd808d2-8d8b-4e9b-8867-1fe86c020870/datanode-0/data/ratis] (custom)
2019-08-24 00:20:28,392 [pool-126-thread-1] INFO  storage.RaftStorageDirectory (RaftStorageDirectory.java:analyzeStorage(246)) - The storage directory /workdir/hadoop-ozone/integration-test/target/test-dir/MiniOzoneClusterImpl-2dd808d2-8d8b-4e9b-8867-1fe86c020870/datanode-0/data/ratis/7f6a3f23-b7cb-4e7d-a66a-7922b4f3146a does not exist. Creating ...
2019-08-24 00:20:28,416 [pool-137-thread-1] INFO  storage.RaftStorageDirectory (RaftStorageDirectory.java:tryLock(328)) - Lock on /workdir/hadoop-ozone/integration-test/target/test-dir/MiniOzoneClusterImpl-2dd808d2-8d8b-4e9b-8867-1fe86c020870/datanode-1/data/ratis/7f6a3f23-b7cb-4e7d-a66a-7922b4f3146a/in_use.lock acquired by nodename 25480@pr-hdds-1909-kfjhh-925290811
2019-08-24 00:20:28,416 [pool-148-thread-1] INFO  storage.RaftStorageDirectory (RaftStorageDirectory.java:tryLock(328)) - Lock on /workdir/hadoop-ozone/integration-test/target/test-dir/MiniOzoneClusterImpl-2dd808d2-8d8b-4e9b-8867-1fe86c020870/datanode-2/data/ratis/7f6a3f23-b7cb-4e7d-a66a-7922b4f3146a/in_use.lock acquired by nodename 25480@pr-hdds-1909-kfjhh-925290811
2019-08-24 00:20:28,416 [pool-126-thread-1] INFO  storage.RaftStorageDirectory (RaftStorageDirectory.java:tryLock(328)) - Lock on /workdir/hadoop-ozone/integration-test/target/test-dir/MiniOzoneClusterImpl-2dd808d2-8d8b-4e9b-8867-1fe86c020870/datanode-0/data/ratis/7f6a3f23-b7cb-4e7d-a66a-7922b4f3146a/in_use.lock acquired by nodename 25480@pr-hdds-1909-kfjhh-925290811
2019-08-24 00:20:28,430 [pool-126-thread-1] INFO  storage.RaftStorage (RaftStorage.java:format(72)) - Storage directory /workdir/hadoop-ozone/integration-test/target/test-dir/MiniOzoneClusterImpl-2dd808d2-8d8b-4e9b-8867-1fe86c020870/datanode-0/data/ratis/7f6a3f23-b7cb-4e7d-a66a-7922b4f3146a has been successfully formatted.
2019-08-24 00:20:28,430 [pool-148-thread-1] INFO  storage.RaftStorage (RaftStorage.java:format(72)) - Storage directory /workdir/hadoop-ozone/integration-test/target/test-dir/MiniOzoneClusterImpl-2dd808d2-8d8b-4e9b-8867-1fe86c020870/datanode-2/data/ratis/7f6a3f23-b7cb-4e7d-a66a-7922b4f3146a has been successfully formatted.
2019-08-24 00:20:28,430 [pool-137-thread-1] INFO  storage.RaftStorage (RaftStorage.java:format(72)) - Storage directory /workdir/hadoop-ozone/integration-test/target/test-dir/MiniOzoneClusterImpl-2dd808d2-8d8b-4e9b-8867-1fe86c020870/datanode-1/data/ratis/7f6a3f23-b7cb-4e7d-a66a-7922b4f3146a has been successfully formatted.
2019-08-24 00:20:28,430 [pool-148-thread-1] INFO  ratis.ContainerStateMachine (ContainerStateMachine.java:loadSnapshot(226)) - group-7922B4F3146A: The snapshot info is null. Setting the last applied indexto:(t:0, i:~)
2019-08-24 00:20:28,430 [pool-126-thread-1] INFO  ratis.ContainerStateMachine (ContainerStateMachine.java:loadSnapshot(226)) - group-7922B4F3146A: The snapshot info is null. Setting the last applied indexto:(t:0, i:~)
2019-08-24 00:20:28,431 [pool-148-thread-1] INFO  server.RaftServerConfigKeys (ConfUtils.java:logGet(43)) - raft.server.leader.election.timeout = 120s (custom)
2019-08-24 00:20:28,431 [pool-137-thread-1] INFO  ratis.ContainerStateMachine (ContainerStateMachine.java:loadSnapshot(226)) - group-7922B4F3146A: The snapshot info is null. Setting the last applied indexto:(t:0, i:~)
2019-08-24 00:20:28,431 [pool-148-thread-1] INFO  server.RaftServerConfigKeys (ConfUtils.java:logGet(43)) - raft.server.log.use.memory = false (default)
2019-08-24 00:20:28,431 [pool-126-thread-1] INFO  server.RaftServerConfigKeys (ConfUtils.java:logGet(43)) - raft.server.leader.election.timeout = 120s (custom)
2019-08-24 00:20:28,431 [pool-148-thread-1] INFO  server.RaftServerConfigKeys (ConfUtils.java:logGet(43)) - raft.server.log.purge.gap = 1000000 (custom)
2019-08-24 00:20:28,431 [pool-137-thread-1] INFO  server.RaftServerConfigKeys (ConfUtils.java:logGet(43)) - raft.server.leader.election.timeout = 120s (custom)
2019-08-24 00:20:28,432 [pool-148-thread-1] INFO  server.RaftServerConfigKeys (ConfUtils.java:logGet(43)) - raft.server.log.appender.buffer.byte-limit = 33554432 (custom)
2019-08-24 00:20:28,432 [pool-126-thread-1] INFO  server.RaftServerConfigKeys (ConfUtils.java:logGet(43)) - raft.server.log.use.memory = false (default)
2019-08-24 00:20:28,432 [pool-148-thread-1] INFO  server.RaftServerConfigKeys (ConfUtils.java:logGet(43)) - raft.server.log.segment.size.max = 1048576 (custom)
2019-08-24 00:20:28,432 [pool-137-thread-1] INFO  server.RaftServerConfigKeys (ConfUtils.java:logGet(43)) - raft.server.log.use.memory = false (default)
2019-08-24 00:20:28,432 [pool-148-thread-1] INFO  server.RaftServerConfigKeys (ConfUtils.java:logGet(43)) - raft.server.log.segment.cache.num.max = 2 (custom)
2019-08-24 00:20:28,432 [pool-126-thread-1] INFO  server.RaftServerConfigKeys (ConfUtils.java:logGet(43)) - raft.server.log.purge.gap = 1000000 (custom)
2019-08-24 00:20:28,433 [pool-148-thread-1] INFO  segmented.SegmentedRaftLogWorker (SegmentedRaftLogWorker.java:<init>(172)) - new 4d1e0fe6-60fd-4907-9842-f352edb6fbc8-SegmentedRaftLogWorker:Storage Directory /workdir/hadoop-ozone/integration-test/target/test-dir/MiniOzoneClusterImpl-2dd808d2-8d8b-4e9b-8867-1fe86c020870/datanode-2/data/ratis/7f6a3f23-b7cb-4e7d-a66a-7922b4f3146a for RaftStorage:Storage Directory /workdir/hadoop-ozone/integration-test/target/test-dir/MiniOzoneClusterImpl-2dd808d2-8d8b-4e9b-8867-1fe86c020870/datanode-2/data/ratis/7f6a3f23-b7cb-4e7d-a66a-7922b4f3146a
2019-08-24 00:20:28,433 [pool-137-thread-1] INFO  server.RaftServerConfigKeys (ConfUtils.java:logGet(43)) - raft.server.log.purge.gap = 1000000 (custom)
2019-08-24 00:20:28,433 [pool-148-thread-1] INFO  server.RaftServerConfigKeys (ConfUtils.java:logGet(43)) - raft.server.log.queue.byte-limit = 2147483647 (custom)
2019-08-24 00:20:28,433 [pool-126-thread-1] INFO  server.RaftServerConfigKeys (ConfUtils.java:logGet(43)) - raft.server.log.appender.buffer.byte-limit = 33554432 (custom)
2019-08-24 00:20:28,433 [pool-148-thread-1] INFO  server.RaftServerConfigKeys (ConfUtils.java:logGet(43)) - raft.server.log.queue.element-limit = 1024 (custom)
2019-08-24 00:20:28,433 [pool-137-thread-1] INFO  server.RaftServerConfigKeys (ConfUtils.java:logGet(43)) - raft.server.log.appender.buffer.byte-limit = 33554432 (custom)
2019-08-24 00:20:28,434 [pool-148-thread-1] INFO  server.RaftServerConfigKeys (ConfUtils.java:logGet(43)) - raft.server.log.segment.size.max = 1048576 (custom)
2019-08-24 00:20:28,434 [pool-126-thread-1] INFO  server.RaftServerConfigKeys (ConfUtils.java:logGet(43)) - raft.server.log.segment.size.max = 1048576 (custom)
2019-08-24 00:20:28,434 [pool-148-thread-1] INFO  server.RaftServerConfigKeys (ConfUtils.java:logGet(43)) - raft.server.log.preallocated.size = 16384 (custom)
2019-08-24 00:20:28,434 [pool-148-thread-1] INFO  server.RaftServerConfigKeys (ConfUtils.java:logGet(43)) - raft.server.log.write.buffer.size = 33554432 (custom)
2019-08-24 00:20:28,434 [pool-137-thread-1] INFO  server.RaftServerConfigKeys (ConfUtils.java:logGet(43)) - raft.server.log.segment.size.max = 1048576 (custom)
2019-08-24 00:20:28,435 [pool-148-thread-1] INFO  server.RaftServerConfigKeys (ConfUtils.java:logGet(43)) - raft.server.log.force.sync.num = 128 (default)
2019-08-24 00:20:28,434 [pool-126-thread-1] INFO  server.RaftServerConfigKeys (ConfUtils.java:logGet(43)) - raft.server.log.segment.cache.num.max = 2 (custom)
2019-08-24 00:20:28,435 [pool-148-thread-1] INFO  server.RaftServerConfigKeys (ConfUtils.java:logGet(43)) - raft.server.log.statemachine.data.sync = true (default)
2019-08-24 00:20:28,435 [pool-137-thread-1] INFO  server.RaftServerConfigKeys (ConfUtils.java:logGet(43)) - raft.server.log.segment.cache.num.max = 2 (custom)
2019-08-24 00:20:28,435 [pool-148-thread-1] INFO  server.RaftServerConfigKeys (ConfUtils.java:logGet(43)) - raft.server.log.statemachine.data.sync.timeout = 10s (default)
2019-08-24 00:20:28,435 [pool-126-thread-1] INFO  segmented.SegmentedRaftLogWorker (SegmentedRaftLogWorker.java:<init>(172)) - new 3a14c1ba-d90f-4e55-9b74-34a12c0cf08b-SegmentedRaftLogWorker:Storage Directory /workdir/hadoop-ozone/integration-test/target/test-dir/MiniOzoneClusterImpl-2dd808d2-8d8b-4e9b-8867-1fe86c020870/datanode-0/data/ratis/7f6a3f23-b7cb-4e7d-a66a-7922b4f3146a for RaftStorage:Storage Directory /workdir/hadoop-ozone/integration-test/target/test-dir/MiniOzoneClusterImpl-2dd808d2-8d8b-4e9b-8867-1fe86c020870/datanode-0/data/ratis/7f6a3f23-b7cb-4e7d-a66a-7922b4f3146a
2019-08-24 00:20:28,436 [pool-148-thread-1] INFO  server.RaftServerConfigKeys (ConfUtils.java:logGet(43)) - raft.server.log.statemachine.data.sync.timeout.retry = -1 (default)
2019-08-24 00:20:28,436 [pool-137-thread-1] INFO  segmented.SegmentedRaftLogWorker (SegmentedRaftLogWorker.java:<init>(172)) - new 9b1b75a9-c857-4b9a-9bce-dd664e78af57-SegmentedRaftLogWorker:Storage Directory /workdir/hadoop-ozone/integration-test/target/test-dir/MiniOzoneClusterImpl-2dd808d2-8d8b-4e9b-8867-1fe86c020870/datanode-1/data/ratis/7f6a3f23-b7cb-4e7d-a66a-7922b4f3146a for RaftStorage:Storage Directory /workdir/hadoop-ozone/integration-test/target/test-dir/MiniOzoneClusterImpl-2dd808d2-8d8b-4e9b-8867-1fe86c020870/datanode-1/data/ratis/7f6a3f23-b7cb-4e7d-a66a-7922b4f3146a
2019-08-24 00:20:28,436 [pool-148-thread-1] INFO  server.RaftServerConfigKeys (ConfUtils.java:logGet(43)) - raft.server.log.statemachine.data.caching.enabled = true (custom)
2019-08-24 00:20:28,436 [pool-126-thread-1] INFO  server.RaftServerConfigKeys (ConfUtils.java:logGet(43)) - raft.server.log.queue.byte-limit = 2147483647 (custom)
2019-08-24 00:20:28,436 [pool-137-thread-1] INFO  server.RaftServerConfigKeys (ConfUtils.java:logGet(43)) - raft.server.log.queue.byte-limit = 2147483647 (custom)
2019-08-24 00:20:28,437 [pool-148-thread-1] INFO  segmented.SegmentedRaftLogWorker (SegmentedRaftLogWorker.java:lambda$new$0(132)) - 4d1e0fe6-60fd-4907-9842-f352edb6fbc8-SegmentedRaftLogWorker:Storage Directory /workdir/hadoop-ozone/integration-test/target/test-dir/MiniOzoneClusterImpl-2dd808d2-8d8b-4e9b-8867-1fe86c020870/datanode-2/data/ratis/7f6a3f23-b7cb-4e7d-a66a-7922b4f3146a: flushIndex: setUnconditionally 0 -> -1
2019-08-24 00:20:28,437 [pool-126-thread-1] INFO  server.RaftServerConfigKeys (ConfUtils.java:logGet(43)) - raft.server.log.queue.element-limit = 1024 (custom)
2019-08-24 00:20:28,437 [pool-137-thread-1] INFO  server.RaftServerConfigKeys (ConfUtils.java:logGet(43)) - raft.server.log.queue.element-limit = 1024 (custom)
2019-08-24 00:20:28,437 [pool-148-thread-1] INFO  server.RaftServerConfigKeys (ConfUtils.java:logGet(43)) - raft.server.snapshot.auto.trigger.enabled = true (custom)
2019-08-24 00:20:28,437 [pool-126-thread-1] INFO  server.RaftServerConfigKeys (ConfUtils.java:logGet(43)) - raft.server.log.segment.size.max = 1048576 (custom)
2019-08-24 00:20:28,437 [pool-148-thread-1] INFO  server.RaftServerConfigKeys (ConfUtils.java:logGet(43)) - raft.server.snapshot.auto.trigger.threshold = 10000 (custom)
2019-08-24 00:20:28,437 [pool-137-thread-1] INFO  server.RaftServerConfigKeys (ConfUtils.java:logGet(43)) - raft.server.log.segment.size.max = 1048576 (custom)
2019-08-24 00:20:28,438 [pool-148-thread-1] INFO  server.RaftServerConfigKeys (ConfUtils.java:logGet(43)) - raft.server.retrycache.expirytime = 600000ms (custom)
2019-08-24 00:20:28,437 [pool-126-thread-1] INFO  server.RaftServerConfigKeys (ConfUtils.java:logGet(43)) - raft.server.log.preallocated.size = 16384 (custom)
2019-08-24 00:20:28,438 [pool-148-thread-1] INFO  impl.RaftServerImpl (RaftServerImpl.java:start(180)) - 4d1e0fe6-60fd-4907-9842-f352edb6fbc8: start group-7922B4F3146A
2019-08-24 00:20:28,438 [pool-126-thread-1] INFO  server.RaftServerConfigKeys (ConfUtils.java:logGet(43)) - raft.server.log.write.buffer.size = 33554432 (custom)
2019-08-24 00:20:28,438 [pool-126-thread-1] INFO  server.RaftServerConfigKeys (ConfUtils.java:logGet(43)) - raft.server.log.force.sync.num = 128 (default)
2019-08-24 00:20:28,438 [pool-137-thread-1] INFO  server.RaftServerConfigKeys (ConfUtils.java:logGet(43)) - raft.server.log.preallocated.size = 16384 (custom)
2019-08-24 00:20:28,439 [pool-126-thread-1] INFO  server.RaftServerConfigKeys (ConfUtils.java:logGet(43)) - raft.server.log.statemachine.data.sync = true (default)
2019-08-24 00:20:28,438 [pool-148-thread-1] INFO  impl.RaftServerImpl (RaftServerImpl.java:setRole(171)) - 4d1e0fe6-60fd-4907-9842-f352edb6fbc8:group-7922B4F3146A changes role from null to FOLLOWER at term 0 for startAsFollower
2019-08-24 00:20:28,439 [pool-126-thread-1] INFO  server.RaftServerConfigKeys (ConfUtils.java:logGet(43)) - raft.server.log.statemachine.data.sync.timeout = 10s (default)
2019-08-24 00:20:28,439 [pool-137-thread-1] INFO  server.RaftServerConfigKeys (ConfUtils.java:logGet(43)) - raft.server.log.write.buffer.size = 33554432 (custom)
2019-08-24 00:20:28,439 [pool-126-thread-1] INFO  server.RaftServerConfigKeys (ConfUtils.java:logGet(43)) - raft.server.log.statemachine.data.sync.timeout.retry = -1 (default)
2019-08-24 00:20:28,439 [pool-148-thread-1] INFO  impl.RoleInfo (RoleInfo.java:updateAndGet(143)) - 4d1e0fe6-60fd-4907-9842-f352edb6fbc8: start FollowerState
2019-08-24 00:20:28,440 [pool-126-thread-1] INFO  server.RaftServerConfigKeys (ConfUtils.java:logGet(43)) - raft.server.log.statemachine.data.caching.enabled = true (custom)
2019-08-24 00:20:28,439 [pool-137-thread-1] INFO  server.RaftServerConfigKeys (ConfUtils.java:logGet(43)) - raft.server.log.force.sync.num = 128 (default)
2019-08-24 00:20:28,440 [pool-126-thread-1] INFO  segmented.SegmentedRaftLogWorker (SegmentedRaftLogWorker.java:lambda$new$0(132)) - 3a14c1ba-d90f-4e55-9b74-34a12c0cf08b-SegmentedRaftLogWorker:Storage Directory /workdir/hadoop-ozone/integration-test/target/test-dir/MiniOzoneClusterImpl-2dd808d2-8d8b-4e9b-8867-1fe86c020870/datanode-0/data/ratis/7f6a3f23-b7cb-4e7d-a66a-7922b4f3146a: flushIndex: setUnconditionally 0 -> -1
2019-08-24 00:20:28,458 [pool-148-thread-1] INFO  util.JmxRegister (JmxRegister.java:tryRegister(44)) - Successfully registered JMX Bean with object name Ratis:service=RaftServer,group=group-7922B4F3146A,id=4d1e0fe6-60fd-4907-9842-f352edb6fbc8
2019-08-24 00:20:28,440 [pool-137-thread-1] INFO  server.RaftServerConfigKeys (ConfUtils.java:logGet(43)) - raft.server.log.statemachine.data.sync = true (default)
2019-08-24 00:20:28,458 [pool-126-thread-1] INFO  server.RaftServerConfigKeys (ConfUtils.java:logGet(43)) - raft.server.snapshot.auto.trigger.enabled = true (custom)
2019-08-24 00:20:28,459 [pool-137-thread-1] INFO  server.RaftServerConfigKeys (ConfUtils.java:logGet(43)) - raft.server.log.statemachine.data.sync.timeout = 10s (default)
2019-08-24 00:20:28,459 [pool-126-thread-1] INFO  server.RaftServerConfigKeys (ConfUtils.java:logGet(43)) - raft.server.snapshot.auto.trigger.threshold = 10000 (custom)
2019-08-24 00:20:28,466 [pool-137-thread-1] INFO  server.RaftServerConfigKeys (ConfUtils.java:logGet(43)) - raft.server.log.statemachine.data.sync.timeout.retry = -1 (default)
2019-08-24 00:20:28,467 [pool-126-thread-1] INFO  server.RaftServerConfigKeys (ConfUtils.java:logGet(43)) - raft.server.retrycache.expirytime = 600000ms (custom)
2019-08-24 00:20:28,467 [pool-137-thread-1] INFO  server.RaftServerConfigKeys (ConfUtils.java:logGet(43)) - raft.server.log.statemachine.data.caching.enabled = true (custom)
2019-08-24 00:20:28,467 [pool-126-thread-1] INFO  impl.RaftServerImpl (RaftServerImpl.java:start(180)) - 3a14c1ba-d90f-4e55-9b74-34a12c0cf08b: start group-7922B4F3146A
2019-08-24 00:20:28,467 [pool-126-thread-1] INFO  impl.RaftServerImpl (RaftServerImpl.java:setRole(171)) - 3a14c1ba-d90f-4e55-9b74-34a12c0cf08b:group-7922B4F3146A changes role from null to FOLLOWER at term 0 for startAsFollower
2019-08-24 00:20:28,467 [pool-137-thread-1] INFO  segmented.SegmentedRaftLogWorker (SegmentedRaftLogWorker.java:lambda$new$0(132)) - 9b1b75a9-c857-4b9a-9bce-dd664e78af57-SegmentedRaftLogWorker:Storage Directory /workdir/hadoop-ozone/integration-test/target/test-dir/MiniOzoneClusterImpl-2dd808d2-8d8b-4e9b-8867-1fe86c020870/datanode-1/data/ratis/7f6a3f23-b7cb-4e7d-a66a-7922b4f3146a: flushIndex: setUnconditionally 0 -> -1
2019-08-24 00:20:28,467 [pool-126-thread-1] INFO  impl.RoleInfo (RoleInfo.java:updateAndGet(143)) - 3a14c1ba-d90f-4e55-9b74-34a12c0cf08b: start FollowerState
2019-08-24 00:20:28,468 [pool-137-thread-1] INFO  server.RaftServerConfigKeys (ConfUtils.java:logGet(43)) - raft.server.snapshot.auto.trigger.enabled = true (custom)
2019-08-24 00:20:28,468 [pool-137-thread-1] INFO  server.RaftServerConfigKeys (ConfUtils.java:logGet(43)) - raft.server.snapshot.auto.trigger.threshold = 10000 (custom)
2019-08-24 00:20:28,468 [pool-126-thread-1] INFO  util.JmxRegister (JmxRegister.java:tryRegister(44)) - Successfully registered JMX Bean with object name Ratis:service=RaftServer,group=group-7922B4F3146A,id=3a14c1ba-d90f-4e55-9b74-34a12c0cf08b
2019-08-24 00:20:28,468 [pool-137-thread-1] INFO  server.RaftServerConfigKeys (ConfUtils.java:logGet(43)) - raft.server.retrycache.expirytime = 600000ms (custom)
2019-08-24 00:20:28,469 [pool-137-thread-1] INFO  impl.RaftServerImpl (RaftServerImpl.java:start(180)) - 9b1b75a9-c857-4b9a-9bce-dd664e78af57: start group-7922B4F3146A
2019-08-24 00:20:28,469 [pool-137-thread-1] INFO  impl.RaftServerImpl (RaftServerImpl.java:setRole(171)) - 9b1b75a9-c857-4b9a-9bce-dd664e78af57:group-7922B4F3146A changes role from null to FOLLOWER at term 0 for startAsFollower
2019-08-24 00:20:28,469 [pool-137-thread-1] INFO  impl.RoleInfo (RoleInfo.java:updateAndGet(143)) - 9b1b75a9-c857-4b9a-9bce-dd664e78af57: start FollowerState
2019-08-24 00:20:28,469 [pool-137-thread-1] INFO  util.JmxRegister (JmxRegister.java:tryRegister(44)) - Successfully registered JMX Bean with object name Ratis:service=RaftServer,group=group-7922B4F3146A,id=9b1b75a9-c857-4b9a-9bce-dd664e78af57
2019-08-24 00:20:28,472 [RatisPipelineUtilsThread] INFO  pipeline.PipelineStateManager (PipelineStateManager.java:addPipeline(56)) - Created pipeline Pipeline[ Id: 7f6a3f23-b7cb-4e7d-a66a-7922b4f3146a, Nodes: 3a14c1ba-d90f-4e55-9b74-34a12c0cf08b{ip: 192.168.34.57, host: pr-hdds-1909-kfjhh-925290811, networkLocation: /default-rack, certSerialId: null}9b1b75a9-c857-4b9a-9bce-dd664e78af57{ip: 192.168.34.57, host: pr-hdds-1909-kfjhh-925290811, networkLocation: /default-rack, certSerialId: null}4d1e0fe6-60fd-4907-9842-f352edb6fbc8{ip: 192.168.34.57, host: pr-hdds-1909-kfjhh-925290811, networkLocation: /default-rack, certSerialId: null}, Type:RATIS, Factor:THREE, State:OPEN]
2019-08-24 00:20:28,510 [IPC Server handler 4 on 33474] INFO  net.NetworkTopology (NetworkTopologyImpl.java:add(110)) - Added a new node: /default-rack/6f3ac5a3-43f3-4ed6-928d-1c9df2f8e2aa
2019-08-24 00:20:28,510 [IPC Server handler 4 on 33474] INFO  node.SCMNodeManager (SCMNodeManager.java:register(273)) - Registered Data node : 6f3ac5a3-43f3-4ed6-928d-1c9df2f8e2aa{ip: 192.168.34.57, host: pr-hdds-1909-kfjhh-925290811, networkLocation: /default-rack, certSerialId: null}
2019-08-24 00:20:28,510 | INFO  | SCMAudit | user=jenkins1000 | ip=192.168.34.57 | op=REGISTER {datanodeDetails=6f3ac5a3-43f3-4ed6-928d-1c9df2f8e2aa{ip: 192.168.34.57, host: pr-hdds-1909-kfjhh-925290811, networkLocation: /default-rack, certSerialId: null}} | ret=SUCCESS |  
2019-08-24 00:20:28,520 [grpc-default-executor-4] INFO  impl.RaftServerProxy (RaftServerProxy.java:addNew(89)) - 6f3ac5a3-43f3-4ed6-928d-1c9df2f8e2aa: addNew group-E5C4ABDEB070:[6f3ac5a3-43f3-4ed6-928d-1c9df2f8e2aa:192.168.34.57:34651] returns group-E5C4ABDEB070:java.util.concurrent.CompletableFuture@4bdca611[Not completed]
2019-08-24 00:20:28,526 [pool-159-thread-1] INFO  impl.RaftServerImpl (RaftServerImpl.java:<init>(93)) - 6f3ac5a3-43f3-4ed6-928d-1c9df2f8e2aa: new RaftServerImpl for group-E5C4ABDEB070:[6f3ac5a3-43f3-4ed6-928d-1c9df2f8e2aa:192.168.34.57:34651] with ContainerStateMachine:uninitialized
2019-08-24 00:20:28,527 [pool-159-thread-1] INFO  server.RaftServerConfigKeys (ConfUtils.java:logGet(43)) - raft.server.rpc.timeout.min = 5s (custom)
2019-08-24 00:20:28,527 [pool-159-thread-1] INFO  server.RaftServerConfigKeys (ConfUtils.java:logGet(43)) - raft.server.rpc.timeout.max = 5200ms (custom)
2019-08-24 00:20:28,527 [pool-159-thread-1] INFO  server.RaftServerConfigKeys (ConfUtils.java:logGet(43)) - raft.server.rpcslowness.timeout = 120s (custom)
2019-08-24 00:20:28,527 [pool-159-thread-1] INFO  server.RaftServerConfigKeys (ConfUtils.java:logGet(43)) - raft.server.sleep.deviation.threshold = 300 (default)
2019-08-24 00:20:28,527 [pool-159-thread-1] INFO  server.RaftServerConfigKeys (ConfUtils.java:logGet(43)) - raft.server.log.appender.install.snapshot.enabled = false (custom)
2019-08-24 00:20:28,527 [pool-159-thread-1] INFO  impl.RaftServerImpl (ServerState.java:<init>(105)) - 6f3ac5a3-43f3-4ed6-928d-1c9df2f8e2aa:group-E5C4ABDEB070 ConfigurationManager, init=-1: [6f3ac5a3-43f3-4ed6-928d-1c9df2f8e2aa:192.168.34.57:34651], old=null, confs=<EMPTY_MAP>
2019-08-24 00:20:28,528 [pool-159-thread-1] INFO  server.RaftServerConfigKeys (ConfUtils.java:logGet(43)) - raft.server.storage.dir = [/workdir/hadoop-ozone/integration-test/target/test-dir/MiniOzoneClusterImpl-2dd808d2-8d8b-4e9b-8867-1fe86c020870/datanode-3/data/ratis] (custom)
2019-08-24 00:20:28,528 [pool-159-thread-1] INFO  storage.RaftStorageDirectory (RaftStorageDirectory.java:analyzeStorage(246)) - The storage directory /workdir/hadoop-ozone/integration-test/target/test-dir/MiniOzoneClusterImpl-2dd808d2-8d8b-4e9b-8867-1fe86c020870/datanode-3/data/ratis/888cfd23-653d-46d7-a66f-e5c4abdeb070 does not exist. Creating ...
2019-08-24 00:20:28,541 [pool-159-thread-1] INFO  storage.RaftStorageDirectory (RaftStorageDirectory.java:tryLock(328)) - Lock on /workdir/hadoop-ozone/integration-test/target/test-dir/MiniOzoneClusterImpl-2dd808d2-8d8b-4e9b-8867-1fe86c020870/datanode-3/data/ratis/888cfd23-653d-46d7-a66f-e5c4abdeb070/in_use.lock acquired by nodename 25480@pr-hdds-1909-kfjhh-925290811
2019-08-24 00:20:28,569 [pool-159-thread-1] INFO  storage.RaftStorage (RaftStorage.java:format(72)) - Storage directory /workdir/hadoop-ozone/integration-test/target/test-dir/MiniOzoneClusterImpl-2dd808d2-8d8b-4e9b-8867-1fe86c020870/datanode-3/data/ratis/888cfd23-653d-46d7-a66f-e5c4abdeb070 has been successfully formatted.
2019-08-24 00:20:28,570 [pool-159-thread-1] INFO  ratis.ContainerStateMachine (ContainerStateMachine.java:loadSnapshot(226)) - group-E5C4ABDEB070: The snapshot info is null. Setting the last applied indexto:(t:0, i:~)
2019-08-24 00:20:28,570 [pool-159-thread-1] INFO  server.RaftServerConfigKeys (ConfUtils.java:logGet(43)) - raft.server.leader.election.timeout = 120s (custom)
2019-08-24 00:20:28,570 [pool-159-thread-1] INFO  server.RaftServerConfigKeys (ConfUtils.java:logGet(43)) - raft.server.log.use.memory = false (default)
2019-08-24 00:20:28,570 [pool-159-thread-1] INFO  server.RaftServerConfigKeys (ConfUtils.java:logGet(43)) - raft.server.log.purge.gap = 1000000 (custom)
2019-08-24 00:20:28,571 [pool-159-thread-1] INFO  server.RaftServerConfigKeys (ConfUtils.java:logGet(43)) - raft.server.log.appender.buffer.byte-limit = 33554432 (custom)
2019-08-24 00:20:28,571 [pool-159-thread-1] INFO  server.RaftServerConfigKeys (ConfUtils.java:logGet(43)) - raft.server.log.segment.size.max = 1048576 (custom)
2019-08-24 00:20:28,571 [pool-159-thread-1] INFO  server.RaftServerConfigKeys (ConfUtils.java:logGet(43)) - raft.server.log.segment.cache.num.max = 2 (custom)
2019-08-24 00:20:28,571 [pool-159-thread-1] INFO  segmented.SegmentedRaftLogWorker (SegmentedRaftLogWorker.java:<init>(172)) - new 6f3ac5a3-43f3-4ed6-928d-1c9df2f8e2aa-SegmentedRaftLogWorker:Storage Directory /workdir/hadoop-ozone/integration-test/target/test-dir/MiniOzoneClusterImpl-2dd808d2-8d8b-4e9b-8867-1fe86c020870/datanode-3/data/ratis/888cfd23-653d-46d7-a66f-e5c4abdeb070 for RaftStorage:Storage Directory /workdir/hadoop-ozone/integration-test/target/test-dir/MiniOzoneClusterImpl-2dd808d2-8d8b-4e9b-8867-1fe86c020870/datanode-3/data/ratis/888cfd23-653d-46d7-a66f-e5c4abdeb070
2019-08-24 00:20:28,571 [pool-159-thread-1] INFO  server.RaftServerConfigKeys (ConfUtils.java:logGet(43)) - raft.server.log.queue.byte-limit = 2147483647 (custom)
2019-08-24 00:20:28,571 [pool-159-thread-1] INFO  server.RaftServerConfigKeys (ConfUtils.java:logGet(43)) - raft.server.log.queue.element-limit = 1024 (custom)
2019-08-24 00:20:28,572 [pool-159-thread-1] INFO  server.RaftServerConfigKeys (ConfUtils.java:logGet(43)) - raft.server.log.segment.size.max = 1048576 (custom)
2019-08-24 00:20:28,572 [pool-159-thread-1] INFO  server.RaftServerConfigKeys (ConfUtils.java:logGet(43)) - raft.server.log.preallocated.size = 16384 (custom)
2019-08-24 00:20:28,572 [pool-159-thread-1] INFO  server.RaftServerConfigKeys (ConfUtils.java:logGet(43)) - raft.server.log.write.buffer.size = 33554432 (custom)
2019-08-24 00:20:28,572 [pool-159-thread-1] INFO  server.RaftServerConfigKeys (ConfUtils.java:logGet(43)) - raft.server.log.force.sync.num = 128 (default)
2019-08-24 00:20:28,572 [pool-159-thread-1] INFO  server.RaftServerConfigKeys (ConfUtils.java:logGet(43)) - raft.server.log.statemachine.data.sync = true (default)
2019-08-24 00:20:28,573 [pool-159-thread-1] INFO  server.RaftServerConfigKeys (ConfUtils.java:logGet(43)) - raft.server.log.statemachine.data.sync.timeout = 10s (default)
2019-08-24 00:20:28,573 [pool-159-thread-1] INFO  server.RaftServerConfigKeys (ConfUtils.java:logGet(43)) - raft.server.log.statemachine.data.sync.timeout.retry = -1 (default)
2019-08-24 00:20:28,573 [pool-159-thread-1] INFO  server.RaftServerConfigKeys (ConfUtils.java:logGet(43)) - raft.server.log.statemachine.data.caching.enabled = true (custom)
2019-08-24 00:20:28,573 [pool-159-thread-1] INFO  segmented.SegmentedRaftLogWorker (SegmentedRaftLogWorker.java:lambda$new$0(132)) - 6f3ac5a3-43f3-4ed6-928d-1c9df2f8e2aa-SegmentedRaftLogWorker:Storage Directory /workdir/hadoop-ozone/integration-test/target/test-dir/MiniOzoneClusterImpl-2dd808d2-8d8b-4e9b-8867-1fe86c020870/datanode-3/data/ratis/888cfd23-653d-46d7-a66f-e5c4abdeb070: flushIndex: setUnconditionally 0 -> -1
2019-08-24 00:20:28,574 [pool-159-thread-1] INFO  server.RaftServerConfigKeys (ConfUtils.java:logGet(43)) - raft.server.snapshot.auto.trigger.enabled = true (custom)
2019-08-24 00:20:28,574 [pool-159-thread-1] INFO  server.RaftServerConfigKeys (ConfUtils.java:logGet(43)) - raft.server.snapshot.auto.trigger.threshold = 10000 (custom)
2019-08-24 00:20:28,574 [pool-159-thread-1] INFO  server.RaftServerConfigKeys (ConfUtils.java:logGet(43)) - raft.server.retrycache.expirytime = 600000ms (custom)
2019-08-24 00:20:28,574 [pool-159-thread-1] INFO  impl.RaftServerImpl (RaftServerImpl.java:start(180)) - 6f3ac5a3-43f3-4ed6-928d-1c9df2f8e2aa: start group-E5C4ABDEB070
2019-08-24 00:20:28,575 [pool-159-thread-1] INFO  impl.RaftServerImpl (RaftServerImpl.java:setRole(171)) - 6f3ac5a3-43f3-4ed6-928d-1c9df2f8e2aa:group-E5C4ABDEB070 changes role from null to FOLLOWER at term 0 for startAsFollower
2019-08-24 00:20:28,575 [pool-159-thread-1] INFO  impl.RoleInfo (RoleInfo.java:updateAndGet(143)) - 6f3ac5a3-43f3-4ed6-928d-1c9df2f8e2aa: start FollowerState
2019-08-24 00:20:28,575 [pool-159-thread-1] INFO  util.JmxRegister (JmxRegister.java:tryRegister(44)) - Successfully registered JMX Bean with object name Ratis:service=RaftServer,group=group-E5C4ABDEB070,id=6f3ac5a3-43f3-4ed6-928d-1c9df2f8e2aa
2019-08-24 00:20:28,578 [RatisPipelineUtilsThread] INFO  pipeline.PipelineStateManager (PipelineStateManager.java:addPipeline(56)) - Created pipeline Pipeline[ Id: 888cfd23-653d-46d7-a66f-e5c4abdeb070, Nodes: 6f3ac5a3-43f3-4ed6-928d-1c9df2f8e2aa{ip: 192.168.34.57, host: pr-hdds-1909-kfjhh-925290811, networkLocation: /default-rack, certSerialId: null}, Type:RATIS, Factor:ONE, State:OPEN]
2019-08-24 00:20:28,868 [IPC Server handler 2 on 33474] INFO  net.NetworkTopology (NetworkTopologyImpl.java:add(110)) - Added a new node: /default-rack/5da42abd-867e-47ba-b805-7d971175ab74
2019-08-24 00:20:28,869 [IPC Server handler 2 on 33474] INFO  node.SCMNodeManager (SCMNodeManager.java:register(273)) - Registered Data node : 5da42abd-867e-47ba-b805-7d971175ab74{ip: 192.168.34.57, host: pr-hdds-1909-kfjhh-925290811, networkLocation: /default-rack, certSerialId: null}
2019-08-24 00:20:28,873 | INFO  | SCMAudit | user=jenkins1000 | ip=192.168.34.57 | op=REGISTER {datanodeDetails=5da42abd-867e-47ba-b805-7d971175ab74{ip: 192.168.34.57, host: pr-hdds-1909-kfjhh-925290811, networkLocation: /default-rack, certSerialId: null}} | ret=SUCCESS |  
2019-08-24 00:20:28,882 [grpc-default-executor-4] INFO  impl.RaftServerProxy (RaftServerProxy.java:addNew(89)) - 5da42abd-867e-47ba-b805-7d971175ab74: addNew group-D6075665B3E1:[5da42abd-867e-47ba-b805-7d971175ab74:192.168.34.57:39506] returns group-D6075665B3E1:java.util.concurrent.CompletableFuture@43d04d48[Not completed]
2019-08-24 00:20:28,889 [pool-170-thread-1] INFO  impl.RaftServerImpl (RaftServerImpl.java:<init>(93)) - 5da42abd-867e-47ba-b805-7d971175ab74: new RaftServerImpl for group-D6075665B3E1:[5da42abd-867e-47ba-b805-7d971175ab74:192.168.34.57:39506] with ContainerStateMachine:uninitialized
2019-08-24 00:20:28,889 [pool-170-thread-1] INFO  server.RaftServerConfigKeys (ConfUtils.java:logGet(43)) - raft.server.rpc.timeout.min = 5s (custom)
2019-08-24 00:20:28,889 [pool-170-thread-1] INFO  server.RaftServerConfigKeys (ConfUtils.java:logGet(43)) - raft.server.rpc.timeout.max = 5200ms (custom)
2019-08-24 00:20:28,889 [pool-170-thread-1] INFO  server.RaftServerConfigKeys (ConfUtils.java:logGet(43)) - raft.server.rpcslowness.timeout = 120s (custom)
2019-08-24 00:20:28,890 [pool-170-thread-1] INFO  server.RaftServerConfigKeys (ConfUtils.java:logGet(43)) - raft.server.sleep.deviation.threshold = 300 (default)
2019-08-24 00:20:28,890 [pool-170-thread-1] INFO  server.RaftServerConfigKeys (ConfUtils.java:logGet(43)) - raft.server.log.appender.install.snapshot.enabled = false (custom)
2019-08-24 00:20:28,890 [pool-170-thread-1] INFO  impl.RaftServerImpl (ServerState.java:<init>(105)) - 5da42abd-867e-47ba-b805-7d971175ab74:group-D6075665B3E1 ConfigurationManager, init=-1: [5da42abd-867e-47ba-b805-7d971175ab74:192.168.34.57:39506], old=null, confs=<EMPTY_MAP>
2019-08-24 00:20:28,890 [pool-170-thread-1] INFO  server.RaftServerConfigKeys (ConfUtils.java:logGet(43)) - raft.server.storage.dir = [/workdir/hadoop-ozone/integration-test/target/test-dir/MiniOzoneClusterImpl-2dd808d2-8d8b-4e9b-8867-1fe86c020870/datanode-4/data/ratis] (custom)
2019-08-24 00:20:28,891 [pool-170-thread-1] INFO  storage.RaftStorageDirectory (RaftStorageDirectory.java:analyzeStorage(246)) - The storage directory /workdir/hadoop-ozone/integration-test/target/test-dir/MiniOzoneClusterImpl-2dd808d2-8d8b-4e9b-8867-1fe86c020870/datanode-4/data/ratis/aa02aae6-d9c4-4063-83cf-d6075665b3e1 does not exist. Creating ...
2019-08-24 00:20:28,915 [pool-170-thread-1] INFO  storage.RaftStorageDirectory (RaftStorageDirectory.java:tryLock(328)) - Lock on /workdir/hadoop-ozone/integration-test/target/test-dir/MiniOzoneClusterImpl-2dd808d2-8d8b-4e9b-8867-1fe86c020870/datanode-4/data/ratis/aa02aae6-d9c4-4063-83cf-d6075665b3e1/in_use.lock acquired by nodename 25480@pr-hdds-1909-kfjhh-925290811
2019-08-24 00:20:28,929 [pool-170-thread-1] INFO  storage.RaftStorage (RaftStorage.java:format(72)) - Storage directory /workdir/hadoop-ozone/integration-test/target/test-dir/MiniOzoneClusterImpl-2dd808d2-8d8b-4e9b-8867-1fe86c020870/datanode-4/data/ratis/aa02aae6-d9c4-4063-83cf-d6075665b3e1 has been successfully formatted.
2019-08-24 00:20:28,929 [pool-170-thread-1] INFO  ratis.ContainerStateMachine (ContainerStateMachine.java:loadSnapshot(226)) - group-D6075665B3E1: The snapshot info is null. Setting the last applied indexto:(t:0, i:~)
2019-08-24 00:20:28,929 [pool-170-thread-1] INFO  server.RaftServerConfigKeys (ConfUtils.java:logGet(43)) - raft.server.leader.election.timeout = 120s (custom)
2019-08-24 00:20:28,929 [pool-170-thread-1] INFO  server.RaftServerConfigKeys (ConfUtils.java:logGet(43)) - raft.server.log.use.memory = false (default)
2019-08-24 00:20:28,930 [pool-170-thread-1] INFO  server.RaftServerConfigKeys (ConfUtils.java:logGet(43)) - raft.server.log.purge.gap = 1000000 (custom)
2019-08-24 00:20:28,930 [pool-170-thread-1] INFO  server.RaftServerConfigKeys (ConfUtils.java:logGet(43)) - raft.server.log.appender.buffer.byte-limit = 33554432 (custom)
2019-08-24 00:20:28,930 [pool-170-thread-1] INFO  server.RaftServerConfigKeys (ConfUtils.java:logGet(43)) - raft.server.log.segment.size.max = 1048576 (custom)
2019-08-24 00:20:28,930 [pool-170-thread-1] INFO  server.RaftServerConfigKeys (ConfUtils.java:logGet(43)) - raft.server.log.segment.cache.num.max = 2 (custom)
2019-08-24 00:20:28,930 [pool-170-thread-1] INFO  segmented.SegmentedRaftLogWorker (SegmentedRaftLogWorker.java:<init>(172)) - new 5da42abd-867e-47ba-b805-7d971175ab74-SegmentedRaftLogWorker:Storage Directory /workdir/hadoop-ozone/integration-test/target/test-dir/MiniOzoneClusterImpl-2dd808d2-8d8b-4e9b-8867-1fe86c020870/datanode-4/data/ratis/aa02aae6-d9c4-4063-83cf-d6075665b3e1 for RaftStorage:Storage Directory /workdir/hadoop-ozone/integration-test/target/test-dir/MiniOzoneClusterImpl-2dd808d2-8d8b-4e9b-8867-1fe86c020870/datanode-4/data/ratis/aa02aae6-d9c4-4063-83cf-d6075665b3e1
2019-08-24 00:20:28,931 [pool-170-thread-1] INFO  server.RaftServerConfigKeys (ConfUtils.java:logGet(43)) - raft.server.log.queue.byte-limit = 2147483647 (custom)
2019-08-24 00:20:28,931 [pool-170-thread-1] INFO  server.RaftServerConfigKeys (ConfUtils.java:logGet(43)) - raft.server.log.queue.element-limit = 1024 (custom)
2019-08-24 00:20:28,931 [pool-170-thread-1] INFO  server.RaftServerConfigKeys (ConfUtils.java:logGet(43)) - raft.server.log.segment.size.max = 1048576 (custom)
2019-08-24 00:20:28,931 [pool-170-thread-1] INFO  server.RaftServerConfigKeys (ConfUtils.java:logGet(43)) - raft.server.log.preallocated.size = 16384 (custom)
2019-08-24 00:20:28,931 [pool-170-thread-1] INFO  server.RaftServerConfigKeys (ConfUtils.java:logGet(43)) - raft.server.log.write.buffer.size = 33554432 (custom)
2019-08-24 00:20:28,931 [pool-170-thread-1] INFO  server.RaftServerConfigKeys (ConfUtils.java:logGet(43)) - raft.server.log.force.sync.num = 128 (default)
2019-08-24 00:20:28,932 [pool-170-thread-1] INFO  server.RaftServerConfigKeys (ConfUtils.java:logGet(43)) - raft.server.log.statemachine.data.sync = true (default)
2019-08-24 00:20:28,932 [pool-170-thread-1] INFO  server.RaftServerConfigKeys (ConfUtils.java:logGet(43)) - raft.server.log.statemachine.data.sync.timeout = 10s (default)
2019-08-24 00:20:28,932 [pool-170-thread-1] INFO  server.RaftServerConfigKeys (ConfUtils.java:logGet(43)) - raft.server.log.statemachine.data.sync.timeout.retry = -1 (default)
2019-08-24 00:20:28,932 [pool-170-thread-1] INFO  server.RaftServerConfigKeys (ConfUtils.java:logGet(43)) - raft.server.log.statemachine.data.caching.enabled = true (custom)
2019-08-24 00:20:28,933 [pool-170-thread-1] INFO  segmented.SegmentedRaftLogWorker (SegmentedRaftLogWorker.java:lambda$new$0(132)) - 5da42abd-867e-47ba-b805-7d971175ab74-SegmentedRaftLogWorker:Storage Directory /workdir/hadoop-ozone/integration-test/target/test-dir/MiniOzoneClusterImpl-2dd808d2-8d8b-4e9b-8867-1fe86c020870/datanode-4/data/ratis/aa02aae6-d9c4-4063-83cf-d6075665b3e1: flushIndex: setUnconditionally 0 -> -1
2019-08-24 00:20:28,933 [pool-170-thread-1] INFO  server.RaftServerConfigKeys (ConfUtils.java:logGet(43)) - raft.server.snapshot.auto.trigger.enabled = true (custom)
2019-08-24 00:20:28,933 [pool-170-thread-1] INFO  server.RaftServerConfigKeys (ConfUtils.java:logGet(43)) - raft.server.snapshot.auto.trigger.threshold = 10000 (custom)
2019-08-24 00:20:28,933 [pool-170-thread-1] INFO  server.RaftServerConfigKeys (ConfUtils.java:logGet(43)) - raft.server.retrycache.expirytime = 600000ms (custom)
2019-08-24 00:20:28,934 [pool-170-thread-1] INFO  impl.RaftServerImpl (RaftServerImpl.java:start(180)) - 5da42abd-867e-47ba-b805-7d971175ab74: start group-D6075665B3E1
2019-08-24 00:20:28,934 [pool-170-thread-1] INFO  impl.RaftServerImpl (RaftServerImpl.java:setRole(171)) - 5da42abd-867e-47ba-b805-7d971175ab74:group-D6075665B3E1 changes role from null to FOLLOWER at term 0 for startAsFollower
2019-08-24 00:20:28,934 [pool-170-thread-1] INFO  impl.RoleInfo (RoleInfo.java:updateAndGet(143)) - 5da42abd-867e-47ba-b805-7d971175ab74: start FollowerState
2019-08-24 00:20:28,935 [pool-170-thread-1] INFO  util.JmxRegister (JmxRegister.java:tryRegister(44)) - Successfully registered JMX Bean with object name Ratis:service=RaftServer,group=group-D6075665B3E1,id=5da42abd-867e-47ba-b805-7d971175ab74
2019-08-24 00:20:28,938 [RatisPipelineUtilsThread] INFO  pipeline.PipelineStateManager (PipelineStateManager.java:addPipeline(56)) - Created pipeline Pipeline[ Id: aa02aae6-d9c4-4063-83cf-d6075665b3e1, Nodes: 5da42abd-867e-47ba-b805-7d971175ab74{ip: 192.168.34.57, host: pr-hdds-1909-kfjhh-925290811, networkLocation: /default-rack, certSerialId: null}, Type:RATIS, Factor:ONE, State:OPEN]
2019-08-24 00:20:29,104 [IPC Server handler 1 on 33474] INFO  net.NetworkTopology (NetworkTopologyImpl.java:add(110)) - Added a new node: /default-rack/a2fab492-56f3-43b8-af5f-239f4e38d11d
2019-08-24 00:20:29,105 [IPC Server handler 1 on 33474] INFO  node.SCMNodeManager (SCMNodeManager.java:register(273)) - Registered Data node : a2fab492-56f3-43b8-af5f-239f4e38d11d{ip: 192.168.34.57, host: pr-hdds-1909-kfjhh-925290811, networkLocation: /default-rack, certSerialId: null}
2019-08-24 00:20:29,105 | INFO  | SCMAudit | user=jenkins1000 | ip=192.168.34.57 | op=REGISTER {datanodeDetails=a2fab492-56f3-43b8-af5f-239f4e38d11d{ip: 192.168.34.57, host: pr-hdds-1909-kfjhh-925290811, networkLocation: /default-rack, certSerialId: null}} | ret=SUCCESS |  
2019-08-24 00:20:29,116 [grpc-default-executor-4] INFO  impl.RaftServerProxy (RaftServerProxy.java:addNew(89)) - a2fab492-56f3-43b8-af5f-239f4e38d11d: addNew group-652C24D34D43:[a2fab492-56f3-43b8-af5f-239f4e38d11d:192.168.34.57:39540] returns group-652C24D34D43:java.util.concurrent.CompletableFuture@7992deb1[Not completed]
2019-08-24 00:20:29,123 [pool-181-thread-1] INFO  impl.RaftServerImpl (RaftServerImpl.java:<init>(93)) - a2fab492-56f3-43b8-af5f-239f4e38d11d: new RaftServerImpl for group-652C24D34D43:[a2fab492-56f3-43b8-af5f-239f4e38d11d:192.168.34.57:39540] with ContainerStateMachine:uninitialized
2019-08-24 00:20:29,123 [pool-181-thread-1] INFO  server.RaftServerConfigKeys (ConfUtils.java:logGet(43)) - raft.server.rpc.timeout.min = 5s (custom)
2019-08-24 00:20:29,123 [pool-181-thread-1] INFO  server.RaftServerConfigKeys (ConfUtils.java:logGet(43)) - raft.server.rpc.timeout.max = 5200ms (custom)
2019-08-24 00:20:29,123 [pool-181-thread-1] INFO  server.RaftServerConfigKeys (ConfUtils.java:logGet(43)) - raft.server.rpcslowness.timeout = 120s (custom)
2019-08-24 00:20:29,123 [pool-181-thread-1] INFO  server.RaftServerConfigKeys (ConfUtils.java:logGet(43)) - raft.server.sleep.deviation.threshold = 300 (default)
2019-08-24 00:20:29,124 [pool-181-thread-1] INFO  server.RaftServerConfigKeys (ConfUtils.java:logGet(43)) - raft.server.log.appender.install.snapshot.enabled = false (custom)
2019-08-24 00:20:29,124 [pool-181-thread-1] INFO  impl.RaftServerImpl (ServerState.java:<init>(105)) - a2fab492-56f3-43b8-af5f-239f4e38d11d:group-652C24D34D43 ConfigurationManager, init=-1: [a2fab492-56f3-43b8-af5f-239f4e38d11d:192.168.34.57:39540], old=null, confs=<EMPTY_MAP>
2019-08-24 00:20:29,124 [pool-181-thread-1] INFO  server.RaftServerConfigKeys (ConfUtils.java:logGet(43)) - raft.server.storage.dir = [/workdir/hadoop-ozone/integration-test/target/test-dir/MiniOzoneClusterImpl-2dd808d2-8d8b-4e9b-8867-1fe86c020870/datanode-5/data/ratis] (custom)
2019-08-24 00:20:29,124 [pool-181-thread-1] INFO  storage.RaftStorageDirectory (RaftStorageDirectory.java:analyzeStorage(246)) - The storage directory /workdir/hadoop-ozone/integration-test/target/test-dir/MiniOzoneClusterImpl-2dd808d2-8d8b-4e9b-8867-1fe86c020870/datanode-5/data/ratis/e084ad73-d76d-41a2-9235-652c24d34d43 does not exist. Creating ...
2019-08-24 00:20:29,150 [pool-181-thread-1] INFO  storage.RaftStorageDirectory (RaftStorageDirectory.java:tryLock(328)) - Lock on /workdir/hadoop-ozone/integration-test/target/test-dir/MiniOzoneClusterImpl-2dd808d2-8d8b-4e9b-8867-1fe86c020870/datanode-5/data/ratis/e084ad73-d76d-41a2-9235-652c24d34d43/in_use.lock acquired by nodename 25480@pr-hdds-1909-kfjhh-925290811
2019-08-24 00:20:29,163 [pool-181-thread-1] INFO  storage.RaftStorage (RaftStorage.java:format(72)) - Storage directory /workdir/hadoop-ozone/integration-test/target/test-dir/MiniOzoneClusterImpl-2dd808d2-8d8b-4e9b-8867-1fe86c020870/datanode-5/data/ratis/e084ad73-d76d-41a2-9235-652c24d34d43 has been successfully formatted.
2019-08-24 00:20:29,163 [pool-181-thread-1] INFO  ratis.ContainerStateMachine (ContainerStateMachine.java:loadSnapshot(226)) - group-652C24D34D43: The snapshot info is null. Setting the last applied indexto:(t:0, i:~)
2019-08-24 00:20:29,164 [pool-181-thread-1] INFO  server.RaftServerConfigKeys (ConfUtils.java:logGet(43)) - raft.server.leader.election.timeout = 120s (custom)
2019-08-24 00:20:29,164 [pool-181-thread-1] INFO  server.RaftServerConfigKeys (ConfUtils.java:logGet(43)) - raft.server.log.use.memory = false (default)
2019-08-24 00:20:29,164 [pool-181-thread-1] INFO  server.RaftServerConfigKeys (ConfUtils.java:logGet(43)) - raft.server.log.purge.gap = 1000000 (custom)
2019-08-24 00:20:29,164 [pool-181-thread-1] INFO  server.RaftServerConfigKeys (ConfUtils.java:logGet(43)) - raft.server.log.appender.buffer.byte-limit = 33554432 (custom)
2019-08-24 00:20:29,164 [pool-181-thread-1] INFO  server.RaftServerConfigKeys (ConfUtils.java:logGet(43)) - raft.server.log.segment.size.max = 1048576 (custom)
2019-08-24 00:20:29,164 [pool-181-thread-1] INFO  server.RaftServerConfigKeys (ConfUtils.java:logGet(43)) - raft.server.log.segment.cache.num.max = 2 (custom)
2019-08-24 00:20:29,165 [pool-181-thread-1] INFO  segmented.SegmentedRaftLogWorker (SegmentedRaftLogWorker.java:<init>(172)) - new a2fab492-56f3-43b8-af5f-239f4e38d11d-SegmentedRaftLogWorker:Storage Directory /workdir/hadoop-ozone/integration-test/target/test-dir/MiniOzoneClusterImpl-2dd808d2-8d8b-4e9b-8867-1fe86c020870/datanode-5/data/ratis/e084ad73-d76d-41a2-9235-652c24d34d43 for RaftStorage:Storage Directory /workdir/hadoop-ozone/integration-test/target/test-dir/MiniOzoneClusterImpl-2dd808d2-8d8b-4e9b-8867-1fe86c020870/datanode-5/data/ratis/e084ad73-d76d-41a2-9235-652c24d34d43
2019-08-24 00:20:29,165 [pool-181-thread-1] INFO  server.RaftServerConfigKeys (ConfUtils.java:logGet(43)) - raft.server.log.queue.byte-limit = 2147483647 (custom)
2019-08-24 00:20:29,165 [pool-181-thread-1] INFO  server.RaftServerConfigKeys (ConfUtils.java:logGet(43)) - raft.server.log.queue.element-limit = 1024 (custom)
2019-08-24 00:20:29,166 [pool-181-thread-1] INFO  server.RaftServerConfigKeys (ConfUtils.java:logGet(43)) - raft.server.log.segment.size.max = 1048576 (custom)
2019-08-24 00:20:29,166 [pool-181-thread-1] INFO  server.RaftServerConfigKeys (ConfUtils.java:logGet(43)) - raft.server.log.preallocated.size = 16384 (custom)
2019-08-24 00:20:29,166 [pool-181-thread-1] INFO  server.RaftServerConfigKeys (ConfUtils.java:logGet(43)) - raft.server.log.write.buffer.size = 33554432 (custom)
2019-08-24 00:20:29,166 [pool-181-thread-1] INFO  server.RaftServerConfigKeys (ConfUtils.java:logGet(43)) - raft.server.log.force.sync.num = 128 (default)
2019-08-24 00:20:29,166 [pool-181-thread-1] INFO  server.RaftServerConfigKeys (ConfUtils.java:logGet(43)) - raft.server.log.statemachine.data.sync = true (default)
2019-08-24 00:20:29,166 [pool-181-thread-1] INFO  server.RaftServerConfigKeys (ConfUtils.java:logGet(43)) - raft.server.log.statemachine.data.sync.timeout = 10s (default)
2019-08-24 00:20:29,167 [pool-181-thread-1] INFO  server.RaftServerConfigKeys (ConfUtils.java:logGet(43)) - raft.server.log.statemachine.data.sync.timeout.retry = -1 (default)
2019-08-24 00:20:29,167 [pool-181-thread-1] INFO  server.RaftServerConfigKeys (ConfUtils.java:logGet(43)) - raft.server.log.statemachine.data.caching.enabled = true (custom)
2019-08-24 00:20:29,167 [pool-181-thread-1] INFO  segmented.SegmentedRaftLogWorker (SegmentedRaftLogWorker.java:lambda$new$0(132)) - a2fab492-56f3-43b8-af5f-239f4e38d11d-SegmentedRaftLogWorker:Storage Directory /workdir/hadoop-ozone/integration-test/target/test-dir/MiniOzoneClusterImpl-2dd808d2-8d8b-4e9b-8867-1fe86c020870/datanode-5/data/ratis/e084ad73-d76d-41a2-9235-652c24d34d43: flushIndex: setUnconditionally 0 -> -1
2019-08-24 00:20:29,168 [pool-181-thread-1] INFO  server.RaftServerConfigKeys (ConfUtils.java:logGet(43)) - raft.server.snapshot.auto.trigger.enabled = true (custom)
2019-08-24 00:20:29,168 [pool-181-thread-1] INFO  server.RaftServerConfigKeys (ConfUtils.java:logGet(43)) - raft.server.snapshot.auto.trigger.threshold = 10000 (custom)
2019-08-24 00:20:29,168 [pool-181-thread-1] INFO  server.RaftServerConfigKeys (ConfUtils.java:logGet(43)) - raft.server.retrycache.expirytime = 600000ms (custom)
2019-08-24 00:20:29,168 [pool-181-thread-1] INFO  impl.RaftServerImpl (RaftServerImpl.java:start(180)) - a2fab492-56f3-43b8-af5f-239f4e38d11d: start group-652C24D34D43
2019-08-24 00:20:29,169 [pool-181-thread-1] INFO  impl.RaftServerImpl (RaftServerImpl.java:setRole(171)) - a2fab492-56f3-43b8-af5f-239f4e38d11d:group-652C24D34D43 changes role from null to FOLLOWER at term 0 for startAsFollower
2019-08-24 00:20:29,169 [pool-181-thread-1] INFO  impl.RoleInfo (RoleInfo.java:updateAndGet(143)) - a2fab492-56f3-43b8-af5f-239f4e38d11d: start FollowerState
2019-08-24 00:20:29,169 [pool-181-thread-1] INFO  util.JmxRegister (JmxRegister.java:tryRegister(44)) - Successfully registered JMX Bean with object name Ratis:service=RaftServer,group=group-652C24D34D43,id=a2fab492-56f3-43b8-af5f-239f4e38d11d
2019-08-24 00:20:29,173 [RatisPipelineUtilsThread] INFO  pipeline.PipelineStateManager (PipelineStateManager.java:addPipeline(56)) - Created pipeline Pipeline[ Id: e084ad73-d76d-41a2-9235-652c24d34d43, Nodes: a2fab492-56f3-43b8-af5f-239f4e38d11d{ip: 192.168.34.57, host: pr-hdds-1909-kfjhh-925290811, networkLocation: /default-rack, certSerialId: null}, Type:RATIS, Factor:ONE, State:OPEN]
2019-08-24 00:20:29,203 [grpc-default-executor-0] INFO  impl.RaftServerProxy (RaftServerProxy.java:addNew(89)) - 6f3ac5a3-43f3-4ed6-928d-1c9df2f8e2aa: addNew group-D8B9D57F4B59:[5da42abd-867e-47ba-b805-7d971175ab74:192.168.34.57:39506, a2fab492-56f3-43b8-af5f-239f4e38d11d:192.168.34.57:39540, 6f3ac5a3-43f3-4ed6-928d-1c9df2f8e2aa:192.168.34.57:34651] returns group-D8B9D57F4B59:java.util.concurrent.CompletableFuture@3ebfec39[Not completed]
2019-08-24 00:20:29,203 [grpc-default-executor-4] INFO  impl.RaftServerProxy (RaftServerProxy.java:addNew(89)) - 5da42abd-867e-47ba-b805-7d971175ab74: addNew group-D8B9D57F4B59:[5da42abd-867e-47ba-b805-7d971175ab74:192.168.34.57:39506, a2fab492-56f3-43b8-af5f-239f4e38d11d:192.168.34.57:39540, 6f3ac5a3-43f3-4ed6-928d-1c9df2f8e2aa:192.168.34.57:34651] returns group-D8B9D57F4B59:java.util.concurrent.CompletableFuture@413a3439[Not completed]
2019-08-24 00:20:29,203 [grpc-default-executor-5] INFO  impl.RaftServerProxy (RaftServerProxy.java:addNew(89)) - a2fab492-56f3-43b8-af5f-239f4e38d11d: addNew group-D8B9D57F4B59:[5da42abd-867e-47ba-b805-7d971175ab74:192.168.34.57:39506, a2fab492-56f3-43b8-af5f-239f4e38d11d:192.168.34.57:39540, 6f3ac5a3-43f3-4ed6-928d-1c9df2f8e2aa:192.168.34.57:34651] returns group-D8B9D57F4B59:java.util.concurrent.CompletableFuture@11dc5164[Not completed]
2019-08-24 00:20:29,205 [pool-181-thread-1] INFO  impl.RaftServerImpl (RaftServerImpl.java:<init>(93)) - a2fab492-56f3-43b8-af5f-239f4e38d11d: new RaftServerImpl for group-D8B9D57F4B59:[5da42abd-867e-47ba-b805-7d971175ab74:192.168.34.57:39506, a2fab492-56f3-43b8-af5f-239f4e38d11d:192.168.34.57:39540, 6f3ac5a3-43f3-4ed6-928d-1c9df2f8e2aa:192.168.34.57:34651] with ContainerStateMachine:uninitialized
2019-08-24 00:20:29,205 [pool-181-thread-1] INFO  server.RaftServerConfigKeys (ConfUtils.java:logGet(43)) - raft.server.rpc.timeout.min = 5s (custom)
2019-08-24 00:20:29,205 [pool-181-thread-1] INFO  server.RaftServerConfigKeys (ConfUtils.java:logGet(43)) - raft.server.rpc.timeout.max = 5200ms (custom)
2019-08-24 00:20:29,205 [pool-181-thread-1] INFO  server.RaftServerConfigKeys (ConfUtils.java:logGet(43)) - raft.server.rpcslowness.timeout = 120s (custom)
2019-08-24 00:20:29,205 [pool-181-thread-1] INFO  server.RaftServerConfigKeys (ConfUtils.java:logGet(43)) - raft.server.sleep.deviation.threshold = 300 (default)
2019-08-24 00:20:29,206 [pool-170-thread-1] INFO  impl.RaftServerImpl (RaftServerImpl.java:<init>(93)) - 5da42abd-867e-47ba-b805-7d971175ab74: new RaftServerImpl for group-D8B9D57F4B59:[5da42abd-867e-47ba-b805-7d971175ab74:192.168.34.57:39506, a2fab492-56f3-43b8-af5f-239f4e38d11d:192.168.34.57:39540, 6f3ac5a3-43f3-4ed6-928d-1c9df2f8e2aa:192.168.34.57:34651] with ContainerStateMachine:uninitialized
2019-08-24 00:20:29,206 [pool-181-thread-1] INFO  server.RaftServerConfigKeys (ConfUtils.java:logGet(43)) - raft.server.log.appender.install.snapshot.enabled = false (custom)
2019-08-24 00:20:29,206 [pool-170-thread-1] INFO  server.RaftServerConfigKeys (ConfUtils.java:logGet(43)) - raft.server.rpc.timeout.min = 5s (custom)
2019-08-24 00:20:29,206 [pool-181-thread-1] INFO  impl.RaftServerImpl (ServerState.java:<init>(105)) - a2fab492-56f3-43b8-af5f-239f4e38d11d:group-D8B9D57F4B59 ConfigurationManager, init=-1: [5da42abd-867e-47ba-b805-7d971175ab74:192.168.34.57:39506, a2fab492-56f3-43b8-af5f-239f4e38d11d:192.168.34.57:39540, 6f3ac5a3-43f3-4ed6-928d-1c9df2f8e2aa:192.168.34.57:34651], old=null, confs=<EMPTY_MAP>
2019-08-24 00:20:29,206 [pool-170-thread-1] INFO  server.RaftServerConfigKeys (ConfUtils.java:logGet(43)) - raft.server.rpc.timeout.max = 5200ms (custom)
2019-08-24 00:20:29,206 [pool-181-thread-1] INFO  server.RaftServerConfigKeys (ConfUtils.java:logGet(43)) - raft.server.storage.dir = [/workdir/hadoop-ozone/integration-test/target/test-dir/MiniOzoneClusterImpl-2dd808d2-8d8b-4e9b-8867-1fe86c020870/datanode-5/data/ratis] (custom)
2019-08-24 00:20:29,206 [pool-159-thread-1] INFO  impl.RaftServerImpl (RaftServerImpl.java:<init>(93)) - 6f3ac5a3-43f3-4ed6-928d-1c9df2f8e2aa: new RaftServerImpl for group-D8B9D57F4B59:[5da42abd-867e-47ba-b805-7d971175ab74:192.168.34.57:39506, a2fab492-56f3-43b8-af5f-239f4e38d11d:192.168.34.57:39540, 6f3ac5a3-43f3-4ed6-928d-1c9df2f8e2aa:192.168.34.57:34651] with ContainerStateMachine:uninitialized
2019-08-24 00:20:29,206 [pool-170-thread-1] INFO  server.RaftServerConfigKeys (ConfUtils.java:logGet(43)) - raft.server.rpcslowness.timeout = 120s (custom)
2019-08-24 00:20:29,207 [pool-159-thread-1] INFO  server.RaftServerConfigKeys (ConfUtils.java:logGet(43)) - raft.server.rpc.timeout.min = 5s (custom)
2019-08-24 00:20:29,207 [pool-170-thread-1] INFO  server.RaftServerConfigKeys (ConfUtils.java:logGet(43)) - raft.server.sleep.deviation.threshold = 300 (default)
2019-08-24 00:20:29,207 [pool-181-thread-1] INFO  storage.RaftStorageDirectory (RaftStorageDirectory.java:analyzeStorage(246)) - The storage directory /workdir/hadoop-ozone/integration-test/target/test-dir/MiniOzoneClusterImpl-2dd808d2-8d8b-4e9b-8867-1fe86c020870/datanode-5/data/ratis/68ad20d1-22ba-4903-99e3-d8b9d57f4b59 does not exist. Creating ...
2019-08-24 00:20:29,207 [pool-170-thread-1] INFO  server.RaftServerConfigKeys (ConfUtils.java:logGet(43)) - raft.server.log.appender.install.snapshot.enabled = false (custom)
2019-08-24 00:20:29,207 [pool-159-thread-1] INFO  server.RaftServerConfigKeys (ConfUtils.java:logGet(43)) - raft.server.rpc.timeout.max = 5200ms (custom)
2019-08-24 00:20:29,208 [pool-170-thread-1] INFO  impl.RaftServerImpl (ServerState.java:<init>(105)) - 5da42abd-867e-47ba-b805-7d971175ab74:group-D8B9D57F4B59 ConfigurationManager, init=-1: [5da42abd-867e-47ba-b805-7d971175ab74:192.168.34.57:39506, a2fab492-56f3-43b8-af5f-239f4e38d11d:192.168.34.57:39540, 6f3ac5a3-43f3-4ed6-928d-1c9df2f8e2aa:192.168.34.57:34651], old=null, confs=<EMPTY_MAP>
2019-08-24 00:20:29,208 [pool-159-thread-1] INFO  server.RaftServerConfigKeys (ConfUtils.java:logGet(43)) - raft.server.rpcslowness.timeout = 120s (custom)
2019-08-24 00:20:29,208 [pool-170-thread-1] INFO  server.RaftServerConfigKeys (ConfUtils.java:logGet(43)) - raft.server.storage.dir = [/workdir/hadoop-ozone/integration-test/target/test-dir/MiniOzoneClusterImpl-2dd808d2-8d8b-4e9b-8867-1fe86c020870/datanode-4/data/ratis] (custom)
2019-08-24 00:20:29,208 [pool-159-thread-1] INFO  server.RaftServerConfigKeys (ConfUtils.java:logGet(43)) - raft.server.sleep.deviation.threshold = 300 (default)
2019-08-24 00:20:29,208 [pool-159-thread-1] INFO  server.RaftServerConfigKeys (ConfUtils.java:logGet(43)) - raft.server.log.appender.install.snapshot.enabled = false (custom)
2019-08-24 00:20:29,208 [pool-159-thread-1] INFO  impl.RaftServerImpl (ServerState.java:<init>(105)) - 6f3ac5a3-43f3-4ed6-928d-1c9df2f8e2aa:group-D8B9D57F4B59 ConfigurationManager, init=-1: [5da42abd-867e-47ba-b805-7d971175ab74:192.168.34.57:39506, a2fab492-56f3-43b8-af5f-239f4e38d11d:192.168.34.57:39540, 6f3ac5a3-43f3-4ed6-928d-1c9df2f8e2aa:192.168.34.57:34651], old=null, confs=<EMPTY_MAP>
2019-08-24 00:20:29,208 [pool-170-thread-1] INFO  storage.RaftStorageDirectory (RaftStorageDirectory.java:analyzeStorage(246)) - The storage directory /workdir/hadoop-ozone/integration-test/target/test-dir/MiniOzoneClusterImpl-2dd808d2-8d8b-4e9b-8867-1fe86c020870/datanode-4/data/ratis/68ad20d1-22ba-4903-99e3-d8b9d57f4b59 does not exist. Creating ...
2019-08-24 00:20:29,209 [pool-159-thread-1] INFO  server.RaftServerConfigKeys (ConfUtils.java:logGet(43)) - raft.server.storage.dir = [/workdir/hadoop-ozone/integration-test/target/test-dir/MiniOzoneClusterImpl-2dd808d2-8d8b-4e9b-8867-1fe86c020870/datanode-3/data/ratis] (custom)
2019-08-24 00:20:29,209 [pool-159-thread-1] INFO  storage.RaftStorageDirectory (RaftStorageDirectory.java:analyzeStorage(246)) - The storage directory /workdir/hadoop-ozone/integration-test/target/test-dir/MiniOzoneClusterImpl-2dd808d2-8d8b-4e9b-8867-1fe86c020870/datanode-3/data/ratis/68ad20d1-22ba-4903-99e3-d8b9d57f4b59 does not exist. Creating ...
2019-08-24 00:20:29,232 [pool-159-thread-1] INFO  storage.RaftStorageDirectory (RaftStorageDirectory.java:tryLock(328)) - Lock on /workdir/hadoop-ozone/integration-test/target/test-dir/MiniOzoneClusterImpl-2dd808d2-8d8b-4e9b-8867-1fe86c020870/datanode-3/data/ratis/68ad20d1-22ba-4903-99e3-d8b9d57f4b59/in_use.lock acquired by nodename 25480@pr-hdds-1909-kfjhh-925290811
2019-08-24 00:20:29,233 [pool-170-thread-1] INFO  storage.RaftStorageDirectory (RaftStorageDirectory.java:tryLock(328)) - Lock on /workdir/hadoop-ozone/integration-test/target/test-dir/MiniOzoneClusterImpl-2dd808d2-8d8b-4e9b-8867-1fe86c020870/datanode-4/data/ratis/68ad20d1-22ba-4903-99e3-d8b9d57f4b59/in_use.lock acquired by nodename 25480@pr-hdds-1909-kfjhh-925290811
2019-08-24 00:20:29,233 [pool-181-thread-1] INFO  storage.RaftStorageDirectory (RaftStorageDirectory.java:tryLock(328)) - Lock on /workdir/hadoop-ozone/integration-test/target/test-dir/MiniOzoneClusterImpl-2dd808d2-8d8b-4e9b-8867-1fe86c020870/datanode-5/data/ratis/68ad20d1-22ba-4903-99e3-d8b9d57f4b59/in_use.lock acquired by nodename 25480@pr-hdds-1909-kfjhh-925290811
2019-08-24 00:20:29,258 [pool-181-thread-1] INFO  storage.RaftStorage (RaftStorage.java:format(72)) - Storage directory /workdir/hadoop-ozone/integration-test/target/test-dir/MiniOzoneClusterImpl-2dd808d2-8d8b-4e9b-8867-1fe86c020870/datanode-5/data/ratis/68ad20d1-22ba-4903-99e3-d8b9d57f4b59 has been successfully formatted.
2019-08-24 00:20:29,258 [pool-170-thread-1] INFO  storage.RaftStorage (RaftStorage.java:format(72)) - Storage directory /workdir/hadoop-ozone/integration-test/target/test-dir/MiniOzoneClusterImpl-2dd808d2-8d8b-4e9b-8867-1fe86c020870/datanode-4/data/ratis/68ad20d1-22ba-4903-99e3-d8b9d57f4b59 has been successfully formatted.
2019-08-24 00:20:29,258 [pool-181-thread-1] INFO  ratis.ContainerStateMachine (ContainerStateMachine.java:loadSnapshot(226)) - group-D8B9D57F4B59: The snapshot info is null. Setting the last applied indexto:(t:0, i:~)
2019-08-24 00:20:29,258 [pool-159-thread-1] INFO  storage.RaftStorage (RaftStorage.java:format(72)) - Storage directory /workdir/hadoop-ozone/integration-test/target/test-dir/MiniOzoneClusterImpl-2dd808d2-8d8b-4e9b-8867-1fe86c020870/datanode-3/data/ratis/68ad20d1-22ba-4903-99e3-d8b9d57f4b59 has been successfully formatted.
2019-08-24 00:20:29,258 [pool-181-thread-1] INFO  server.RaftServerConfigKeys (ConfUtils.java:logGet(43)) - raft.server.leader.election.timeout = 120s (custom)
2019-08-24 00:20:29,259 [pool-159-thread-1] INFO  ratis.ContainerStateMachine (ContainerStateMachine.java:loadSnapshot(226)) - group-D8B9D57F4B59: The snapshot info is null. Setting the last applied indexto:(t:0, i:~)
2019-08-24 00:20:29,258 [pool-170-thread-1] INFO  ratis.ContainerStateMachine (ContainerStateMachine.java:loadSnapshot(226)) - group-D8B9D57F4B59: The snapshot info is null. Setting the last applied indexto:(t:0, i:~)
2019-08-24 00:20:29,259 [pool-159-thread-1] INFO  server.RaftServerConfigKeys (ConfUtils.java:logGet(43)) - raft.server.leader.election.timeout = 120s (custom)
2019-08-24 00:20:29,259 [pool-181-thread-1] INFO  server.RaftServerConfigKeys (ConfUtils.java:logGet(43)) - raft.server.log.use.memory = false (default)
2019-08-24 00:20:29,259 [pool-159-thread-1] INFO  server.RaftServerConfigKeys (ConfUtils.java:logGet(43)) - raft.server.log.use.memory = false (default)
2019-08-24 00:20:29,259 [pool-170-thread-1] INFO  server.RaftServerConfigKeys (ConfUtils.java:logGet(43)) - raft.server.leader.election.timeout = 120s (custom)
2019-08-24 00:20:29,260 [pool-159-thread-1] INFO  server.RaftServerConfigKeys (ConfUtils.java:logGet(43)) - raft.server.log.purge.gap = 1000000 (custom)
2019-08-24 00:20:29,259 [pool-181-thread-1] INFO  server.RaftServerConfigKeys (ConfUtils.java:logGet(43)) - raft.server.log.purge.gap = 1000000 (custom)
2019-08-24 00:20:29,260 [pool-159-thread-1] INFO  server.RaftServerConfigKeys (ConfUtils.java:logGet(43)) - raft.server.log.appender.buffer.byte-limit = 33554432 (custom)
2019-08-24 00:20:29,260 [pool-170-thread-1] INFO  server.RaftServerConfigKeys (ConfUtils.java:logGet(43)) - raft.server.log.use.memory = false (default)
2019-08-24 00:20:29,260 [pool-159-thread-1] INFO  server.RaftServerConfigKeys (ConfUtils.java:logGet(43)) - raft.server.log.segment.size.max = 1048576 (custom)
2019-08-24 00:20:29,260 [pool-181-thread-1] INFO  server.RaftServerConfigKeys (ConfUtils.java:logGet(43)) - raft.server.log.appender.buffer.byte-limit = 33554432 (custom)
2019-08-24 00:20:29,261 [pool-159-thread-1] INFO  server.RaftServerConfigKeys (ConfUtils.java:logGet(43)) - raft.server.log.segment.cache.num.max = 2 (custom)
2019-08-24 00:20:29,260 [pool-170-thread-1] INFO  server.RaftServerConfigKeys (ConfUtils.java:logGet(43)) - raft.server.log.purge.gap = 1000000 (custom)
2019-08-24 00:20:29,261 [pool-159-thread-1] INFO  segmented.SegmentedRaftLogWorker (SegmentedRaftLogWorker.java:<init>(172)) - new 6f3ac5a3-43f3-4ed6-928d-1c9df2f8e2aa-SegmentedRaftLogWorker:Storage Directory /workdir/hadoop-ozone/integration-test/target/test-dir/MiniOzoneClusterImpl-2dd808d2-8d8b-4e9b-8867-1fe86c020870/datanode-3/data/ratis/68ad20d1-22ba-4903-99e3-d8b9d57f4b59 for RaftStorage:Storage Directory /workdir/hadoop-ozone/integration-test/target/test-dir/MiniOzoneClusterImpl-2dd808d2-8d8b-4e9b-8867-1fe86c020870/datanode-3/data/ratis/68ad20d1-22ba-4903-99e3-d8b9d57f4b59
2019-08-24 00:20:29,261 [pool-181-thread-1] INFO  server.RaftServerConfigKeys (ConfUtils.java:logGet(43)) - raft.server.log.segment.size.max = 1048576 (custom)
2019-08-24 00:20:29,261 [pool-159-thread-1] INFO  server.RaftServerConfigKeys (ConfUtils.java:logGet(43)) - raft.server.log.queue.byte-limit = 2147483647 (custom)
2019-08-24 00:20:29,261 [pool-170-thread-1] INFO  server.RaftServerConfigKeys (ConfUtils.java:logGet(43)) - raft.server.log.appender.buffer.byte-limit = 33554432 (custom)
2019-08-24 00:20:29,262 [pool-159-thread-1] INFO  server.RaftServerConfigKeys (ConfUtils.java:logGet(43)) - raft.server.log.queue.element-limit = 1024 (custom)
2019-08-24 00:20:29,262 [pool-181-thread-1] INFO  server.RaftServerConfigKeys (ConfUtils.java:logGet(43)) - raft.server.log.segment.cache.num.max = 2 (custom)
2019-08-24 00:20:29,262 [pool-159-thread-1] INFO  server.RaftServerConfigKeys (ConfUtils.java:logGet(43)) - raft.server.log.segment.size.max = 1048576 (custom)
2019-08-24 00:20:29,262 [pool-159-thread-1] INFO  server.RaftServerConfigKeys (ConfUtils.java:logGet(43)) - raft.server.log.preallocated.size = 16384 (custom)
2019-08-24 00:20:29,262 [pool-170-thread-1] INFO  server.RaftServerConfigKeys (ConfUtils.java:logGet(43)) - raft.server.log.segment.size.max = 1048576 (custom)
2019-08-24 00:20:29,263 [pool-159-thread-1] INFO  server.RaftServerConfigKeys (ConfUtils.java:logGet(43)) - raft.server.log.write.buffer.size = 33554432 (custom)
2019-08-24 00:20:29,262 [pool-181-thread-1] INFO  segmented.SegmentedRaftLogWorker (SegmentedRaftLogWorker.java:<init>(172)) - new a2fab492-56f3-43b8-af5f-239f4e38d11d-SegmentedRaftLogWorker:Storage Directory /workdir/hadoop-ozone/integration-test/target/test-dir/MiniOzoneClusterImpl-2dd808d2-8d8b-4e9b-8867-1fe86c020870/datanode-5/data/ratis/68ad20d1-22ba-4903-99e3-d8b9d57f4b59 for RaftStorage:Storage Directory /workdir/hadoop-ozone/integration-test/target/test-dir/MiniOzoneClusterImpl-2dd808d2-8d8b-4e9b-8867-1fe86c020870/datanode-5/data/ratis/68ad20d1-22ba-4903-99e3-d8b9d57f4b59
2019-08-24 00:20:29,263 [pool-159-thread-1] INFO  server.RaftServerConfigKeys (ConfUtils.java:logGet(43)) - raft.server.log.force.sync.num = 128 (default)
2019-08-24 00:20:29,263 [pool-159-thread-1] INFO  server.RaftServerConfigKeys (ConfUtils.java:logGet(43)) - raft.server.log.statemachine.data.sync = true (default)
2019-08-24 00:20:29,263 [pool-170-thread-1] INFO  server.RaftServerConfigKeys (ConfUtils.java:logGet(43)) - raft.server.log.segment.cache.num.max = 2 (custom)
2019-08-24 00:20:29,264 [pool-159-thread-1] INFO  server.RaftServerConfigKeys (ConfUtils.java:logGet(43)) - raft.server.log.statemachine.data.sync.timeout = 10s (default)
2019-08-24 00:20:29,263 [pool-181-thread-1] INFO  server.RaftServerConfigKeys (ConfUtils.java:logGet(43)) - raft.server.log.queue.byte-limit = 2147483647 (custom)
2019-08-24 00:20:29,264 [pool-159-thread-1] INFO  server.RaftServerConfigKeys (ConfUtils.java:logGet(43)) - raft.server.log.statemachine.data.sync.timeout.retry = -1 (default)
2019-08-24 00:20:29,264 [pool-170-thread-1] INFO  segmented.SegmentedRaftLogWorker (SegmentedRaftLogWorker.java:<init>(172)) - new 5da42abd-867e-47ba-b805-7d971175ab74-SegmentedRaftLogWorker:Storage Directory /workdir/hadoop-ozone/integration-test/target/test-dir/MiniOzoneClusterImpl-2dd808d2-8d8b-4e9b-8867-1fe86c020870/datanode-4/data/ratis/68ad20d1-22ba-4903-99e3-d8b9d57f4b59 for RaftStorage:Storage Directory /workdir/hadoop-ozone/integration-test/target/test-dir/MiniOzoneClusterImpl-2dd808d2-8d8b-4e9b-8867-1fe86c020870/datanode-4/data/ratis/68ad20d1-22ba-4903-99e3-d8b9d57f4b59
2019-08-24 00:20:29,264 [pool-159-thread-1] INFO  server.RaftServerConfigKeys (ConfUtils.java:logGet(43)) - raft.server.log.statemachine.data.caching.enabled = true (custom)
2019-08-24 00:20:29,264 [pool-181-thread-1] INFO  server.RaftServerConfigKeys (ConfUtils.java:logGet(43)) - raft.server.log.queue.element-limit = 1024 (custom)
2019-08-24 00:20:29,265 [pool-170-thread-1] INFO  server.RaftServerConfigKeys (ConfUtils.java:logGet(43)) - raft.server.log.queue.byte-limit = 2147483647 (custom)
2019-08-24 00:20:29,265 [pool-181-thread-1] INFO  server.RaftServerConfigKeys (ConfUtils.java:logGet(43)) - raft.server.log.segment.size.max = 1048576 (custom)
2019-08-24 00:20:29,265 [pool-159-thread-1] INFO  segmented.SegmentedRaftLogWorker (SegmentedRaftLogWorker.java:lambda$new$0(132)) - 6f3ac5a3-43f3-4ed6-928d-1c9df2f8e2aa-SegmentedRaftLogWorker:Storage Directory /workdir/hadoop-ozone/integration-test/target/test-dir/MiniOzoneClusterImpl-2dd808d2-8d8b-4e9b-8867-1fe86c020870/datanode-3/data/ratis/68ad20d1-22ba-4903-99e3-d8b9d57f4b59: flushIndex: setUnconditionally 0 -> -1
2019-08-24 00:20:29,265 [pool-181-thread-1] INFO  server.RaftServerConfigKeys (ConfUtils.java:logGet(43)) - raft.server.log.preallocated.size = 16384 (custom)
2019-08-24 00:20:29,266 [pool-181-thread-1] INFO  server.RaftServerConfigKeys (ConfUtils.java:logGet(43)) - raft.server.log.write.buffer.size = 33554432 (custom)
2019-08-24 00:20:29,265 [pool-170-thread-1] INFO  server.RaftServerConfigKeys (ConfUtils.java:logGet(43)) - raft.server.log.queue.element-limit = 1024 (custom)
2019-08-24 00:20:29,266 [pool-181-thread-1] INFO  server.RaftServerConfigKeys (ConfUtils.java:logGet(43)) - raft.server.log.force.sync.num = 128 (default)
2019-08-24 00:20:29,266 [pool-159-thread-1] INFO  server.RaftServerConfigKeys (ConfUtils.java:logGet(43)) - raft.server.snapshot.auto.trigger.enabled = true (custom)
2019-08-24 00:20:29,266 [pool-181-thread-1] INFO  server.RaftServerConfigKeys (ConfUtils.java:logGet(43)) - raft.server.log.statemachine.data.sync = true (default)
2019-08-24 00:20:29,266 [pool-170-thread-1] INFO  server.RaftServerConfigKeys (ConfUtils.java:logGet(43)) - raft.server.log.segment.size.max = 1048576 (custom)
2019-08-24 00:20:29,267 [pool-181-thread-1] INFO  server.RaftServerConfigKeys (ConfUtils.java:logGet(43)) - raft.server.log.statemachine.data.sync.timeout = 10s (default)
2019-08-24 00:20:29,266 [pool-159-thread-1] INFO  server.RaftServerConfigKeys (ConfUtils.java:logGet(43)) - raft.server.snapshot.auto.trigger.threshold = 10000 (custom)
2019-08-24 00:20:29,267 [pool-181-thread-1] INFO  server.RaftServerConfigKeys (ConfUtils.java:logGet(43)) - raft.server.log.statemachine.data.sync.timeout.retry = -1 (default)
2019-08-24 00:20:29,267 [pool-170-thread-1] INFO  server.RaftServerConfigKeys (ConfUtils.java:logGet(43)) - raft.server.log.preallocated.size = 16384 (custom)
2019-08-24 00:20:29,267 [pool-181-thread-1] INFO  server.RaftServerConfigKeys (ConfUtils.java:logGet(43)) - raft.server.log.statemachine.data.caching.enabled = true (custom)
2019-08-24 00:20:29,267 [pool-159-thread-1] INFO  server.RaftServerConfigKeys (ConfUtils.java:logGet(43)) - raft.server.retrycache.expirytime = 600000ms (custom)
2019-08-24 00:20:29,268 [pool-170-thread-1] INFO  server.RaftServerConfigKeys (ConfUtils.java:logGet(43)) - raft.server.log.write.buffer.size = 33554432 (custom)
2019-08-24 00:20:29,268 [pool-159-thread-1] INFO  impl.RaftServerImpl (RaftServerImpl.java:start(180)) - 6f3ac5a3-43f3-4ed6-928d-1c9df2f8e2aa: start group-D8B9D57F4B59
2019-08-24 00:20:29,268 [pool-181-thread-1] INFO  segmented.SegmentedRaftLogWorker (SegmentedRaftLogWorker.java:lambda$new$0(132)) - a2fab492-56f3-43b8-af5f-239f4e38d11d-SegmentedRaftLogWorker:Storage Directory /workdir/hadoop-ozone/integration-test/target/test-dir/MiniOzoneClusterImpl-2dd808d2-8d8b-4e9b-8867-1fe86c020870/datanode-5/data/ratis/68ad20d1-22ba-4903-99e3-d8b9d57f4b59: flushIndex: setUnconditionally 0 -> -1
2019-08-24 00:20:29,268 [pool-159-thread-1] INFO  impl.RaftServerImpl (RaftServerImpl.java:setRole(171)) - 6f3ac5a3-43f3-4ed6-928d-1c9df2f8e2aa:group-D8B9D57F4B59 changes role from null to FOLLOWER at term 0 for startAsFollower
2019-08-24 00:20:29,268 [pool-170-thread-1] INFO  server.RaftServerConfigKeys (ConfUtils.java:logGet(43)) - raft.server.log.force.sync.num = 128 (default)
2019-08-24 00:20:29,269 [pool-181-thread-1] INFO  server.RaftServerConfigKeys (ConfUtils.java:logGet(43)) - raft.server.snapshot.auto.trigger.enabled = true (custom)
2019-08-24 00:20:29,269 [pool-159-thread-1] INFO  impl.RoleInfo (RoleInfo.java:updateAndGet(143)) - 6f3ac5a3-43f3-4ed6-928d-1c9df2f8e2aa: start FollowerState
2019-08-24 00:20:29,269 [pool-181-thread-1] INFO  server.RaftServerConfigKeys (ConfUtils.java:logGet(43)) - raft.server.snapshot.auto.trigger.threshold = 10000 (custom)
2019-08-24 00:20:29,269 [pool-170-thread-1] INFO  server.RaftServerConfigKeys (ConfUtils.java:logGet(43)) - raft.server.log.statemachine.data.sync = true (default)
2019-08-24 00:20:29,270 [pool-159-thread-1] INFO  util.JmxRegister (JmxRegister.java:tryRegister(44)) - Successfully registered JMX Bean with object name Ratis:service=RaftServer,group=group-D8B9D57F4B59,id=6f3ac5a3-43f3-4ed6-928d-1c9df2f8e2aa
2019-08-24 00:20:29,270 [pool-181-thread-1] INFO  server.RaftServerConfigKeys (ConfUtils.java:logGet(43)) - raft.server.retrycache.expirytime = 600000ms (custom)
2019-08-24 00:20:29,270 [pool-170-thread-1] INFO  server.RaftServerConfigKeys (ConfUtils.java:logGet(43)) - raft.server.log.statemachine.data.sync.timeout = 10s (default)
2019-08-24 00:20:29,270 [pool-181-thread-1] INFO  impl.RaftServerImpl (RaftServerImpl.java:start(180)) - a2fab492-56f3-43b8-af5f-239f4e38d11d: start group-D8B9D57F4B59
2019-08-24 00:20:29,270 [pool-170-thread-1] INFO  server.RaftServerConfigKeys (ConfUtils.java:logGet(43)) - raft.server.log.statemachine.data.sync.timeout.retry = -1 (default)
2019-08-24 00:20:29,270 [pool-181-thread-1] INFO  impl.RaftServerImpl (RaftServerImpl.java:setRole(171)) - a2fab492-56f3-43b8-af5f-239f4e38d11d:group-D8B9D57F4B59 changes role from null to FOLLOWER at term 0 for startAsFollower
2019-08-24 00:20:29,271 [pool-170-thread-1] INFO  server.RaftServerConfigKeys (ConfUtils.java:logGet(43)) - raft.server.log.statemachine.data.caching.enabled = true (custom)
2019-08-24 00:20:29,271 [pool-181-thread-1] INFO  impl.RoleInfo (RoleInfo.java:updateAndGet(143)) - a2fab492-56f3-43b8-af5f-239f4e38d11d: start FollowerState
2019-08-24 00:20:29,271 [pool-170-thread-1] INFO  segmented.SegmentedRaftLogWorker (SegmentedRaftLogWorker.java:lambda$new$0(132)) - 5da42abd-867e-47ba-b805-7d971175ab74-SegmentedRaftLogWorker:Storage Directory /workdir/hadoop-ozone/integration-test/target/test-dir/MiniOzoneClusterImpl-2dd808d2-8d8b-4e9b-8867-1fe86c020870/datanode-4/data/ratis/68ad20d1-22ba-4903-99e3-d8b9d57f4b59: flushIndex: setUnconditionally 0 -> -1
2019-08-24 00:20:29,272 [pool-181-thread-1] INFO  util.JmxRegister (JmxRegister.java:tryRegister(44)) - Successfully registered JMX Bean with object name Ratis:service=RaftServer,group=group-D8B9D57F4B59,id=a2fab492-56f3-43b8-af5f-239f4e38d11d
2019-08-24 00:20:29,272 [pool-170-thread-1] INFO  server.RaftServerConfigKeys (ConfUtils.java:logGet(43)) - raft.server.snapshot.auto.trigger.enabled = true (custom)
2019-08-24 00:20:29,272 [pool-170-thread-1] INFO  server.RaftServerConfigKeys (ConfUtils.java:logGet(43)) - raft.server.snapshot.auto.trigger.threshold = 10000 (custom)
2019-08-24 00:20:29,272 [pool-170-thread-1] INFO  server.RaftServerConfigKeys (ConfUtils.java:logGet(43)) - raft.server.retrycache.expirytime = 600000ms (custom)
2019-08-24 00:20:29,272 [pool-170-thread-1] INFO  impl.RaftServerImpl (RaftServerImpl.java:start(180)) - 5da42abd-867e-47ba-b805-7d971175ab74: start group-D8B9D57F4B59
2019-08-24 00:20:29,272 [pool-170-thread-1] INFO  impl.RaftServerImpl (RaftServerImpl.java:setRole(171)) - 5da42abd-867e-47ba-b805-7d971175ab74:group-D8B9D57F4B59 changes role from null to FOLLOWER at term 0 for startAsFollower
2019-08-24 00:20:29,273 [pool-170-thread-1] INFO  impl.RoleInfo (RoleInfo.java:updateAndGet(143)) - 5da42abd-867e-47ba-b805-7d971175ab74: start FollowerState
2019-08-24 00:20:29,273 [pool-170-thread-1] INFO  util.JmxRegister (JmxRegister.java:tryRegister(44)) - Successfully registered JMX Bean with object name Ratis:service=RaftServer,group=group-D8B9D57F4B59,id=5da42abd-867e-47ba-b805-7d971175ab74
2019-08-24 00:20:29,276 [RatisPipelineUtilsThread] INFO  pipeline.PipelineStateManager (PipelineStateManager.java:addPipeline(56)) - Created pipeline Pipeline[ Id: 68ad20d1-22ba-4903-99e3-d8b9d57f4b59, Nodes: a2fab492-56f3-43b8-af5f-239f4e38d11d{ip: 192.168.34.57, host: pr-hdds-1909-kfjhh-925290811, networkLocation: /default-rack, certSerialId: null}6f3ac5a3-43f3-4ed6-928d-1c9df2f8e2aa{ip: 192.168.34.57, host: pr-hdds-1909-kfjhh-925290811, networkLocation: /default-rack, certSerialId: null}5da42abd-867e-47ba-b805-7d971175ab74{ip: 192.168.34.57, host: pr-hdds-1909-kfjhh-925290811, networkLocation: /default-rack, certSerialId: null}, Type:RATIS, Factor:THREE, State:OPEN]
2019-08-24 00:20:29,293 [main] INFO  ozone.MiniOzoneClusterImpl (MiniOzoneClusterImpl.java:lambda$waitForClusterToBeReady$0(142)) - Waiting for cluster to be ready. Got 6 of 7 DN Heartbeats.
2019-08-24 00:20:29,295 [IPC Server handler 3 on 33474] INFO  net.NetworkTopology (NetworkTopologyImpl.java:add(110)) - Added a new node: /default-rack/44c7f39a-9454-4511-9eaf-9b72a4aa6bb9
2019-08-24 00:20:29,295 [IPC Server handler 3 on 33474] INFO  node.SCMNodeManager (SCMNodeManager.java:register(273)) - Registered Data node : 44c7f39a-9454-4511-9eaf-9b72a4aa6bb9{ip: 192.168.34.57, host: pr-hdds-1909-kfjhh-925290811, networkLocation: /default-rack, certSerialId: null}
2019-08-24 00:20:29,295 | INFO  | SCMAudit | user=jenkins1000 | ip=192.168.34.57 | op=REGISTER {datanodeDetails=44c7f39a-9454-4511-9eaf-9b72a4aa6bb9{ip: 192.168.34.57, host: pr-hdds-1909-kfjhh-925290811, networkLocation: /default-rack, certSerialId: null}} | ret=SUCCESS |  
2019-08-24 00:20:29,306 [grpc-default-executor-5] INFO  impl.RaftServerProxy (RaftServerProxy.java:addNew(89)) - 44c7f39a-9454-4511-9eaf-9b72a4aa6bb9: addNew group-4FE4CD0750A7:[44c7f39a-9454-4511-9eaf-9b72a4aa6bb9:192.168.34.57:45556] returns group-4FE4CD0750A7:java.util.concurrent.CompletableFuture@255e19d8[Not completed]
2019-08-24 00:20:29,312 [pool-192-thread-1] INFO  impl.RaftServerImpl (RaftServerImpl.java:<init>(93)) - 44c7f39a-9454-4511-9eaf-9b72a4aa6bb9: new RaftServerImpl for group-4FE4CD0750A7:[44c7f39a-9454-4511-9eaf-9b72a4aa6bb9:192.168.34.57:45556] with ContainerStateMachine:uninitialized
2019-08-24 00:20:29,312 [pool-192-thread-1] INFO  server.RaftServerConfigKeys (ConfUtils.java:logGet(43)) - raft.server.rpc.timeout.min = 5s (custom)
2019-08-24 00:20:29,312 [pool-192-thread-1] INFO  server.RaftServerConfigKeys (ConfUtils.java:logGet(43)) - raft.server.rpc.timeout.max = 5200ms (custom)
2019-08-24 00:20:29,313 [pool-192-thread-1] INFO  server.RaftServerConfigKeys (ConfUtils.java:logGet(43)) - raft.server.rpcslowness.timeout = 120s (custom)
2019-08-24 00:20:29,313 [pool-192-thread-1] INFO  server.RaftServerConfigKeys (ConfUtils.java:logGet(43)) - raft.server.sleep.deviation.threshold = 300 (default)
2019-08-24 00:20:29,313 [pool-192-thread-1] INFO  server.RaftServerConfigKeys (ConfUtils.java:logGet(43)) - raft.server.log.appender.install.snapshot.enabled = false (custom)
2019-08-24 00:20:29,313 [pool-192-thread-1] INFO  impl.RaftServerImpl (ServerState.java:<init>(105)) - 44c7f39a-9454-4511-9eaf-9b72a4aa6bb9:group-4FE4CD0750A7 ConfigurationManager, init=-1: [44c7f39a-9454-4511-9eaf-9b72a4aa6bb9:192.168.34.57:45556], old=null, confs=<EMPTY_MAP>
2019-08-24 00:20:29,313 [pool-192-thread-1] INFO  server.RaftServerConfigKeys (ConfUtils.java:logGet(43)) - raft.server.storage.dir = [/workdir/hadoop-ozone/integration-test/target/test-dir/MiniOzoneClusterImpl-2dd808d2-8d8b-4e9b-8867-1fe86c020870/datanode-6/data/ratis] (custom)
2019-08-24 00:20:29,314 [pool-192-thread-1] INFO  storage.RaftStorageDirectory (RaftStorageDirectory.java:analyzeStorage(246)) - The storage directory /workdir/hadoop-ozone/integration-test/target/test-dir/MiniOzoneClusterImpl-2dd808d2-8d8b-4e9b-8867-1fe86c020870/datanode-6/data/ratis/d7401b8a-3afd-4de7-af28-4fe4cd0750a7 does not exist. Creating ...
2019-08-24 00:20:29,326 [pool-192-thread-1] INFO  storage.RaftStorageDirectory (RaftStorageDirectory.java:tryLock(328)) - Lock on /workdir/hadoop-ozone/integration-test/target/test-dir/MiniOzoneClusterImpl-2dd808d2-8d8b-4e9b-8867-1fe86c020870/datanode-6/data/ratis/d7401b8a-3afd-4de7-af28-4fe4cd0750a7/in_use.lock acquired by nodename 25480@pr-hdds-1909-kfjhh-925290811
2019-08-24 00:20:29,339 [pool-192-thread-1] INFO  storage.RaftStorage (RaftStorage.java:format(72)) - Storage directory /workdir/hadoop-ozone/integration-test/target/test-dir/MiniOzoneClusterImpl-2dd808d2-8d8b-4e9b-8867-1fe86c020870/datanode-6/data/ratis/d7401b8a-3afd-4de7-af28-4fe4cd0750a7 has been successfully formatted.
2019-08-24 00:20:29,340 [pool-192-thread-1] INFO  ratis.ContainerStateMachine (ContainerStateMachine.java:loadSnapshot(226)) - group-4FE4CD0750A7: The snapshot info is null. Setting the last applied indexto:(t:0, i:~)
2019-08-24 00:20:29,340 [pool-192-thread-1] INFO  server.RaftServerConfigKeys (ConfUtils.java:logGet(43)) - raft.server.leader.election.timeout = 120s (custom)
2019-08-24 00:20:29,340 [pool-192-thread-1] INFO  server.RaftServerConfigKeys (ConfUtils.java:logGet(43)) - raft.server.log.use.memory = false (default)
2019-08-24 00:20:29,340 [pool-192-thread-1] INFO  server.RaftServerConfigKeys (ConfUtils.java:logGet(43)) - raft.server.log.purge.gap = 1000000 (custom)
2019-08-24 00:20:29,340 [pool-192-thread-1] INFO  server.RaftServerConfigKeys (ConfUtils.java:logGet(43)) - raft.server.log.appender.buffer.byte-limit = 33554432 (custom)
2019-08-24 00:20:29,341 [pool-192-thread-1] INFO  server.RaftServerConfigKeys (ConfUtils.java:logGet(43)) - raft.server.log.segment.size.max = 1048576 (custom)
2019-08-24 00:20:29,341 [pool-192-thread-1] INFO  server.RaftServerConfigKeys (ConfUtils.java:logGet(43)) - raft.server.log.segment.cache.num.max = 2 (custom)
2019-08-24 00:20:29,341 [pool-192-thread-1] INFO  segmented.SegmentedRaftLogWorker (SegmentedRaftLogWorker.java:<init>(172)) - new 44c7f39a-9454-4511-9eaf-9b72a4aa6bb9-SegmentedRaftLogWorker:Storage Directory /workdir/hadoop-ozone/integration-test/target/test-dir/MiniOzoneClusterImpl-2dd808d2-8d8b-4e9b-8867-1fe86c020870/datanode-6/data/ratis/d7401b8a-3afd-4de7-af28-4fe4cd0750a7 for RaftStorage:Storage Directory /workdir/hadoop-ozone/integration-test/target/test-dir/MiniOzoneClusterImpl-2dd808d2-8d8b-4e9b-8867-1fe86c020870/datanode-6/data/ratis/d7401b8a-3afd-4de7-af28-4fe4cd0750a7
2019-08-24 00:20:29,341 [pool-192-thread-1] INFO  server.RaftServerConfigKeys (ConfUtils.java:logGet(43)) - raft.server.log.queue.byte-limit = 2147483647 (custom)
2019-08-24 00:20:29,341 [pool-192-thread-1] INFO  server.RaftServerConfigKeys (ConfUtils.java:logGet(43)) - raft.server.log.queue.element-limit = 1024 (custom)
2019-08-24 00:20:29,342 [pool-192-thread-1] INFO  server.RaftServerConfigKeys (ConfUtils.java:logGet(43)) - raft.server.log.segment.size.max = 1048576 (custom)
2019-08-24 00:20:29,342 [pool-192-thread-1] INFO  server.RaftServerConfigKeys (ConfUtils.java:logGet(43)) - raft.server.log.preallocated.size = 16384 (custom)
2019-08-24 00:20:29,342 [pool-192-thread-1] INFO  server.RaftServerConfigKeys (ConfUtils.java:logGet(43)) - raft.server.log.write.buffer.size = 33554432 (custom)
2019-08-24 00:20:29,342 [pool-192-thread-1] INFO  server.RaftServerConfigKeys (ConfUtils.java:logGet(43)) - raft.server.log.force.sync.num = 128 (default)
2019-08-24 00:20:29,342 [pool-192-thread-1] INFO  server.RaftServerConfigKeys (ConfUtils.java:logGet(43)) - raft.server.log.statemachine.data.sync = true (default)
2019-08-24 00:20:29,343 [pool-192-thread-1] INFO  server.RaftServerConfigKeys (ConfUtils.java:logGet(43)) - raft.server.log.statemachine.data.sync.timeout = 10s (default)
2019-08-24 00:20:29,343 [pool-192-thread-1] INFO  server.RaftServerConfigKeys (ConfUtils.java:logGet(43)) - raft.server.log.statemachine.data.sync.timeout.retry = -1 (default)
2019-08-24 00:20:29,343 [pool-192-thread-1] INFO  server.RaftServerConfigKeys (ConfUtils.java:logGet(43)) - raft.server.log.statemachine.data.caching.enabled = true (custom)
2019-08-24 00:20:29,344 [pool-192-thread-1] INFO  segmented.SegmentedRaftLogWorker (SegmentedRaftLogWorker.java:lambda$new$0(132)) - 44c7f39a-9454-4511-9eaf-9b72a4aa6bb9-SegmentedRaftLogWorker:Storage Directory /workdir/hadoop-ozone/integration-test/target/test-dir/MiniOzoneClusterImpl-2dd808d2-8d8b-4e9b-8867-1fe86c020870/datanode-6/data/ratis/d7401b8a-3afd-4de7-af28-4fe4cd0750a7: flushIndex: setUnconditionally 0 -> -1
2019-08-24 00:20:29,344 [pool-192-thread-1] INFO  server.RaftServerConfigKeys (ConfUtils.java:logGet(43)) - raft.server.snapshot.auto.trigger.enabled = true (custom)
2019-08-24 00:20:29,344 [pool-192-thread-1] INFO  server.RaftServerConfigKeys (ConfUtils.java:logGet(43)) - raft.server.snapshot.auto.trigger.threshold = 10000 (custom)
2019-08-24 00:20:29,344 [pool-192-thread-1] INFO  server.RaftServerConfigKeys (ConfUtils.java:logGet(43)) - raft.server.retrycache.expirytime = 600000ms (custom)
2019-08-24 00:20:29,345 [pool-192-thread-1] INFO  impl.RaftServerImpl (RaftServerImpl.java:start(180)) - 44c7f39a-9454-4511-9eaf-9b72a4aa6bb9: start group-4FE4CD0750A7
2019-08-24 00:20:29,345 [pool-192-thread-1] INFO  impl.RaftServerImpl (RaftServerImpl.java:setRole(171)) - 44c7f39a-9454-4511-9eaf-9b72a4aa6bb9:group-4FE4CD0750A7 changes role from null to FOLLOWER at term 0 for startAsFollower
2019-08-24 00:20:29,345 [pool-192-thread-1] INFO  impl.RoleInfo (RoleInfo.java:updateAndGet(143)) - 44c7f39a-9454-4511-9eaf-9b72a4aa6bb9: start FollowerState
2019-08-24 00:20:29,345 [pool-192-thread-1] INFO  util.JmxRegister (JmxRegister.java:tryRegister(44)) - Successfully registered JMX Bean with object name Ratis:service=RaftServer,group=group-4FE4CD0750A7,id=44c7f39a-9454-4511-9eaf-9b72a4aa6bb9
2019-08-24 00:20:29,348 [RatisPipelineUtilsThread] INFO  pipeline.PipelineStateManager (PipelineStateManager.java:addPipeline(56)) - Created pipeline Pipeline[ Id: d7401b8a-3afd-4de7-af28-4fe4cd0750a7, Nodes: 44c7f39a-9454-4511-9eaf-9b72a4aa6bb9{ip: 192.168.34.57, host: pr-hdds-1909-kfjhh-925290811, networkLocation: /default-rack, certSerialId: null}, Type:RATIS, Factor:ONE, State:OPEN]
2019-08-24 00:20:29,917 | INFO  | SCMAudit | user=jenkins1000 | ip=192.168.34.57 | op=SEND_HEARTBEAT {datanodeUUID=3a14c1ba-d90f-4e55-9b74-34a12c0cf08b, command=[]} | ret=SUCCESS |  
2019-08-24 00:20:30,127 | INFO  | SCMAudit | user=jenkins1000 | ip=192.168.34.57 | op=SEND_HEARTBEAT {datanodeUUID=9b1b75a9-c857-4b9a-9bce-dd664e78af57, command=[]} | ret=SUCCESS |  
2019-08-24 00:20:30,294 [main] INFO  ozone.MiniOzoneClusterImpl (MiniOzoneClusterImpl.java:lambda$waitForClusterToBeReady$0(142)) - Cluster is ready. Got 7 of 7 DN Heartbeats.
2019-08-24 00:20:30,325 | INFO  | SCMAudit | user=jenkins1000 | ip=192.168.34.57 | op=SEND_HEARTBEAT {datanodeUUID=4d1e0fe6-60fd-4907-9842-f352edb6fbc8, command=[]} | ret=SUCCESS |  
2019-08-24 00:20:30,338 [main] INFO  rpc.RpcClient (RpcClient.java:createVolume(293)) - Creating Volume: testblockoutputstreamwithretries, with jenkins1000 as owner.
2019-08-24 00:20:30,341 | INFO  | OMAudit | user=jenkins1000 | ip=127.0.0.1 | op=CREATE_VOLUME {admin=jenkins1000, owner=jenkins1000, volume=testblockoutputstreamwithretries, creationTime=1566606030339, quotaInBytes=1152921504606846976} | ret=SUCCESS |  
2019-08-24 00:20:30,341 [IPC Server handler 17 on 38204] INFO  volume.OMVolumeCreateRequest (OMVolumeCreateRequest.java:validateAndUpdateCache(189)) - created volume:testblockoutputstreamwithretries for user:jenkins1000
2019-08-24 00:20:30,355 | INFO  | OMAudit | user=jenkins1000 | ip=127.0.0.1 | op=READ_VOLUME {volume=testblockoutputstreamwithretries} | ret=SUCCESS |  
2019-08-24 00:20:30,357 [main] INFO  rpc.RpcClient (RpcClient.java:createBucket(432)) - Creating Bucket: testblockoutputstreamwithretries/testblockoutputstreamwithretries, with Versioning false and Storage Type set to DISK and Encryption set to false 
2019-08-24 00:20:30,361 | INFO  | OMAudit | user=jenkins1000 | ip=127.0.0.1 | op=CREATE_BUCKET {volume=testblockoutputstreamwithretries, bucket=testblockoutputstreamwithretries, acls=[user:jenkins1000:a[ACCESS], group:default:a[ACCESS]], isVersionEnabled=false, storageType=DISK, creationTime=1566606030359} | ret=SUCCESS |  
2019-08-24 00:20:30,363 | INFO  | OMAudit | user=jenkins1000 | ip=127.0.0.1 | op=READ_VOLUME {volume=testblockoutputstreamwithretries} | ret=SUCCESS |  
2019-08-24 00:20:30,365 | INFO  | OMAudit | user=jenkins1000 | ip=127.0.0.1 | op=READ_BUCKET {volume=testblockoutputstreamwithretries, bucket=testblockoutputstreamwithretries} | ret=SUCCESS |  
2019-08-24 00:20:30,372 | INFO  | SCMAudit | user=jenkins1000 | ip=192.168.34.57 | op=ALLOCATE_BLOCK {owner=ba196817-5bb3-4b1a-8010-2ed533a0681a, size=800, type=RATIS, factor=THREE} | ret=SUCCESS |  
2019-08-24 00:20:30,388 | INFO  | OMAudit | user=jenkins1000 | ip=127.0.0.1 | op=ALLOCATE_KEY {volume=testblockoutputstreamwithretries, bucket=testblockoutputstreamwithretries, key=2b189a52-4c5a-4f69-8dcb-ad90580e97d5, dataSize=3200, replicationType=RATIS, replicationFactor=THREE, keyLocationInfo=[blockID {
  containerBlockID {
    containerID: 1
    localID: 102669092806328323
  }
  blockCommitSequenceId: 0
}
offset: 0
length: 800
createVersion: 0
pipeline {
  leaderID: ""
  members {
    uuid: "3a14c1ba-d90f-4e55-9b74-34a12c0cf08b"
    ipAddress: "192.168.34.57"
    hostName: "pr-hdds-1909-kfjhh-925290811"
    ports {
      name: "REST"
      value: 36648
    }
    ports {
      name: "RATIS"
      value: 33840
    }
    ports {
      name: "STANDALONE"
      value: 41599
    }
    networkName: "3a14c1ba-d90f-4e55-9b74-34a12c0cf08b"
    networkLocation: "/default-rack"
  }
  members {
    uuid: "9b1b75a9-c857-4b9a-9bce-dd664e78af57"
    ipAddress: "192.168.34.57"
    hostName: "pr-hdds-1909-kfjhh-925290811"
    ports {
      name: "REST"
      value: 34280
    }
    ports {
      name: "RATIS"
      value: 34766
    }
    ports {
      name: "STANDALONE"
      value: 37794
    }
    networkName: "9b1b75a9-c857-4b9a-9bce-dd664e78af57"
    networkLocation: "/default-rack"
  }
  members {
    uuid: "4d1e0fe6-60fd-4907-9842-f352edb6fbc8"
    ipAddress: "192.168.34.57"
    hostName: "pr-hdds-1909-kfjhh-925290811"
    ports {
      name: "REST"
      value: 36652
    }
    ports {
      name: "RATIS"
      value: 43840
    }
    ports {
      name: "STANDALONE"
      value: 42836
    }
    networkName: "4d1e0fe6-60fd-4907-9842-f352edb6fbc8"
    networkLocation: "/default-rack"
  }
  state: PIPELINE_OPEN
  type: RATIS
  factor: THREE
  id {
    id: "7f6a3f23-b7cb-4e7d-a66a-7922b4f3146a"
  }
}
, blockID {
  containerBlockID {
    containerID: 2
    localID: 102669092806393860
  }
  blockCommitSequenceId: 0
}
offset: 0
length: 800
createVersion: 0
pipeline {
  leaderID: ""
  members {
    uuid: "3a14c1ba-d90f-4e55-9b74-34a12c0cf08b"
    ipAddress: "192.168.34.57"
    hostName: "pr-hdds-1909-kfjhh-925290811"
    ports {
      name: "REST"
      value: 36648
    }
    ports {
      name: "RATIS"
      value: 33840
    }
    ports {
      name: "STANDALONE"
      value: 41599
    }
    networkName: "3a14c1ba-d90f-4e55-9b74-34a12c0cf08b"
    networkLocation: "/default-rack"
  }
  members {
    uuid: "9b1b75a9-c857-4b9a-9bce-dd664e78af57"
    ipAddress: "192.168.34.57"
    hostName: "pr-hdds-1909-kfjhh-925290811"
    ports {
      name: "REST"
      value: 34280
    }
    ports {
      name: "RATIS"
      value: 34766
    }
    ports {
      name: "STANDALONE"
      value: 37794
    }
    networkName: "9b1b75a9-c857-4b9a-9bce-dd664e78af57"
    networkLocation: "/default-rack"
  }
  members {
    uuid: "4d1e0fe6-60fd-4907-9842-f352edb6fbc8"
    ipAddress: "192.168.34.57"
    hostName: "pr-hdds-1909-kfjhh-925290811"
    ports {
      name: "REST"
      value: 36652
    }
    ports {
      name: "RATIS"
      value: 43840
    }
    ports {
      name: "STANDALONE"
      value: 42836
    }
    networkName: "4d1e0fe6-60fd-4907-9842-f352edb6fbc8"
    networkLocation: "/default-rack"
  }
  state: PIPELINE_OPEN
  type: RATIS
  factor: THREE
  id {
    id: "7f6a3f23-b7cb-4e7d-a66a-7922b4f3146a"
  }
}
, blockID {
  containerBlockID {
    containerID: 3
    localID: 102669092806393861
  }
  blockCommitSequenceId: 0
}
offset: 0
length: 800
createVersion: 0
pipeline {
  leaderID: ""
  members {
    uuid: "3a14c1ba-d90f-4e55-9b74-34a12c0cf08b"
    ipAddress: "192.168.34.57"
    hostName: "pr-hdds-1909-kfjhh-925290811"
    ports {
      name: "REST"
      value: 36648
    }
    ports {
      name: "RATIS"
      value: 33840
    }
    ports {
      name: "STANDALONE"
      value: 41599
    }
    networkName: "3a14c1ba-d90f-4e55-9b74-34a12c0cf08b"
    networkLocation: "/default-rack"
  }
  members {
    uuid: "9b1b75a9-c857-4b9a-9bce-dd664e78af57"
    ipAddress: "192.168.34.57"
    hostName: "pr-hdds-1909-kfjhh-925290811"
    ports {
      name: "REST"
      value: 34280
    }
    ports {
      name: "RATIS"
      value: 34766
    }
    ports {
      name: "STANDALONE"
      value: 37794
    }
    networkName: "9b1b75a9-c857-4b9a-9bce-dd664e78af57"
    networkLocation: "/default-rack"
  }
  members {
    uuid: "4d1e0fe6-60fd-4907-9842-f352edb6fbc8"
    ipAddress: "192.168.34.57"
    hostName: "pr-hdds-1909-kfjhh-925290811"
    ports {
      name: "REST"
      value: 36652
    }
    ports {
      name: "RATIS"
      value: 43840
    }
    ports {
      name: "STANDALONE"
      value: 42836
    }
    networkName: "4d1e0fe6-60fd-4907-9842-f352edb6fbc8"
    networkLocation: "/default-rack"
  }
  state: PIPELINE_OPEN
  type: RATIS
  factor: THREE
  id {
    id: "7f6a3f23-b7cb-4e7d-a66a-7922b4f3146a"
  }
}
, blockID {
  containerBlockID {
    containerID: 1
    localID: 102669092806459398
  }
  blockCommitSequenceId: 0
}
offset: 0
length: 800
createVersion: 0
pipeline {
  leaderID: ""
  members {
    uuid: "3a14c1ba-d90f-4e55-9b74-34a12c0cf08b"
    ipAddress: "192.168.34.57"
    hostName: "pr-hdds-1909-kfjhh-925290811"
    ports {
      name: "REST"
      value: 36648
    }
    ports {
      name: "RATIS"
      value: 33840
    }
    ports {
      name: "STANDALONE"
      value: 41599
    }
    networkName: "3a14c1ba-d90f-4e55-9b74-34a12c0cf08b"
    networkLocation: "/default-rack"
  }
  members {
    uuid: "9b1b75a9-c857-4b9a-9bce-dd664e78af57"
    ipAddress: "192.168.34.57"
    hostName: "pr-hdds-1909-kfjhh-925290811"
    ports {
      name: "REST"
      value: 34280
    }
    ports {
      name: "RATIS"
      value: 34766
    }
    ports {
      name: "STANDALONE"
      value: 37794
    }
    networkName: "9b1b75a9-c857-4b9a-9bce-dd664e78af57"
    networkLocation: "/default-rack"
  }
  members {
    uuid: "4d1e0fe6-60fd-4907-9842-f352edb6fbc8"
    ipAddress: "192.168.34.57"
    hostName: "pr-hdds-1909-kfjhh-925290811"
    ports {
      name: "REST"
      value: 36652
    }
    ports {
      name: "RATIS"
      value: 43840
    }
    ports {
      name: "STANDALONE"
      value: 42836
    }
    networkName: "4d1e0fe6-60fd-4907-9842-f352edb6fbc8"
    networkLocation: "/default-rack"
  }
  state: PIPELINE_OPEN
  type: RATIS
  factor: THREE
  id {
    id: "7f6a3f23-b7cb-4e7d-a66a-7922b4f3146a"
  }
}
]} | ret=SUCCESS |  
2019-08-24 00:20:30,407 [grpc-default-executor-5] INFO  client.GrpcClientProtocolClient (GrpcClientProtocolClient.java:onNext(255)) - client-090605BECF39->3a14c1ba-d90f-4e55-9b74-34a12c0cf08b: receive RaftClientReply:client-090605BECF39->3a14c1ba-d90f-4e55-9b74-34a12c0cf08b@group-7922B4F3146A, cid=42, FAILED org.apache.ratis.protocol.NotLeaderException: Server 3a14c1ba-d90f-4e55-9b74-34a12c0cf08b is not the leader (null). Request must be sent to leader., logIndex=0, commits[3a14c1ba-d90f-4e55-9b74-34a12c0cf08b:c-1]
2019-08-24 00:20:30,510 | INFO  | SCMAudit | user=jenkins1000 | ip=192.168.34.57 | op=SEND_HEARTBEAT {datanodeUUID=6f3ac5a3-43f3-4ed6-928d-1c9df2f8e2aa, command=[]} | ret=SUCCESS |  
2019-08-24 00:20:30,868 | INFO  | SCMAudit | user=jenkins1000 | ip=192.168.34.57 | op=SEND_HEARTBEAT {datanodeUUID=5da42abd-867e-47ba-b805-7d971175ab74, command=[]} | ret=SUCCESS |  
2019-08-24 00:20:30,917 | INFO  | SCMAudit | user=jenkins1000 | ip=192.168.34.57 | op=SEND_HEARTBEAT {datanodeUUID=3a14c1ba-d90f-4e55-9b74-34a12c0cf08b, command=[]} | ret=SUCCESS |  
2019-08-24 00:20:30,932 [Thread-702] INFO  container.ReplicationManager (ReplicationManager.java:start(152)) - Starting Replication Monitor Thread.
2019-08-24 00:20:30,936 [ReplicationMonitor] INFO  container.ReplicationManager (ReplicationManager.java:run(215)) - Replication Monitor Thread took 0 milliseconds for processing 3 containers.
2019-08-24 00:20:31,104 | INFO  | SCMAudit | user=jenkins1000 | ip=192.168.34.57 | op=SEND_HEARTBEAT {datanodeUUID=a2fab492-56f3-43b8-af5f-239f4e38d11d, command=[]} | ret=SUCCESS |  
2019-08-24 00:20:31,127 | INFO  | SCMAudit | user=jenkins1000 | ip=192.168.34.57 | op=SEND_HEARTBEAT {datanodeUUID=9b1b75a9-c857-4b9a-9bce-dd664e78af57, command=[]} | ret=SUCCESS |  
2019-08-24 00:20:31,294 | INFO  | SCMAudit | user=jenkins1000 | ip=192.168.34.57 | op=SEND_HEARTBEAT {datanodeUUID=44c7f39a-9454-4511-9eaf-9b72a4aa6bb9, command=[]} | ret=SUCCESS |  
2019-08-24 00:20:31,318 | INFO  | SCMAudit | user=jenkins1000 | ip=192.168.34.57 | op=SEND_HEARTBEAT {datanodeUUID=4d1e0fe6-60fd-4907-9842-f352edb6fbc8, command=[]} | ret=SUCCESS |  
2019-08-24 00:20:31,439 [grpc-default-executor-5] INFO  client.GrpcClientProtocolClient (GrpcClientProtocolClient.java:onNext(255)) - client-090605BECF39->9b1b75a9-c857-4b9a-9bce-dd664e78af57: receive RaftClientReply:client-090605BECF39->9b1b75a9-c857-4b9a-9bce-dd664e78af57@group-7922B4F3146A, cid=42, FAILED org.apache.ratis.protocol.NotLeaderException: Server 9b1b75a9-c857-4b9a-9bce-dd664e78af57 is not the leader (null). Request must be sent to leader., logIndex=0, commits[9b1b75a9-c857-4b9a-9bce-dd664e78af57:c-1]
2019-08-24 00:20:31,510 | INFO  | SCMAudit | user=jenkins1000 | ip=192.168.34.57 | op=SEND_HEARTBEAT {datanodeUUID=6f3ac5a3-43f3-4ed6-928d-1c9df2f8e2aa, command=[]} | ret=SUCCESS |  
2019-08-24 00:20:31,868 | INFO  | SCMAudit | user=jenkins1000 | ip=192.168.34.57 | op=SEND_HEARTBEAT {datanodeUUID=5da42abd-867e-47ba-b805-7d971175ab74, command=[]} | ret=SUCCESS |  
2019-08-24 00:20:31,917 | INFO  | SCMAudit | user=jenkins1000 | ip=192.168.34.57 | op=SEND_HEARTBEAT {datanodeUUID=3a14c1ba-d90f-4e55-9b74-34a12c0cf08b, command=[]} | ret=SUCCESS |  
2019-08-24 00:20:32,104 | INFO  | SCMAudit | user=jenkins1000 | ip=192.168.34.57 | op=SEND_HEARTBEAT {datanodeUUID=a2fab492-56f3-43b8-af5f-239f4e38d11d, command=[]} | ret=SUCCESS |  
2019-08-24 00:20:32,128 | INFO  | SCMAudit | user=jenkins1000 | ip=192.168.34.57 | op=SEND_HEARTBEAT {datanodeUUID=9b1b75a9-c857-4b9a-9bce-dd664e78af57, command=[]} | ret=SUCCESS |  
2019-08-24 00:20:32,294 | INFO  | SCMAudit | user=jenkins1000 | ip=192.168.34.57 | op=SEND_HEARTBEAT {datanodeUUID=44c7f39a-9454-4511-9eaf-9b72a4aa6bb9, command=[]} | ret=SUCCESS |  
2019-08-24 00:20:32,317 | INFO  | SCMAudit | user=jenkins1000 | ip=192.168.34.57 | op=SEND_HEARTBEAT {datanodeUUID=4d1e0fe6-60fd-4907-9842-f352edb6fbc8, command=[]} | ret=SUCCESS |  
2019-08-24 00:20:32,459 [grpc-default-executor-5] INFO  client.GrpcClientProtocolClient (GrpcClientProtocolClient.java:onNext(255)) - client-090605BECF39->3a14c1ba-d90f-4e55-9b74-34a12c0cf08b: receive RaftClientReply:client-090605BECF39->3a14c1ba-d90f-4e55-9b74-34a12c0cf08b@group-7922B4F3146A, cid=42, FAILED org.apache.ratis.protocol.NotLeaderException: Server 3a14c1ba-d90f-4e55-9b74-34a12c0cf08b is not the leader (null). Request must be sent to leader., logIndex=0, commits[3a14c1ba-d90f-4e55-9b74-34a12c0cf08b:c-1]
2019-08-24 00:20:32,510 | INFO  | SCMAudit | user=jenkins1000 | ip=192.168.34.57 | op=SEND_HEARTBEAT {datanodeUUID=6f3ac5a3-43f3-4ed6-928d-1c9df2f8e2aa, command=[]} | ret=SUCCESS |  
2019-08-24 00:20:32,869 | INFO  | SCMAudit | user=jenkins1000 | ip=192.168.34.57 | op=SEND_HEARTBEAT {datanodeUUID=5da42abd-867e-47ba-b805-7d971175ab74, command=[]} | ret=SUCCESS |  
2019-08-24 00:20:32,917 | INFO  | SCMAudit | user=jenkins1000 | ip=192.168.34.57 | op=SEND_HEARTBEAT {datanodeUUID=3a14c1ba-d90f-4e55-9b74-34a12c0cf08b, command=[]} | ret=SUCCESS |  
2019-08-24 00:20:33,104 | INFO  | SCMAudit | user=jenkins1000 | ip=192.168.34.57 | op=SEND_HEARTBEAT {datanodeUUID=a2fab492-56f3-43b8-af5f-239f4e38d11d, command=[]} | ret=SUCCESS |  
2019-08-24 00:20:33,129 | INFO  | SCMAudit | user=jenkins1000 | ip=192.168.34.57 | op=SEND_HEARTBEAT {datanodeUUID=9b1b75a9-c857-4b9a-9bce-dd664e78af57, command=[]} | ret=SUCCESS |  
2019-08-24 00:20:33,153 [Thread-704] INFO  impl.FollowerState (FollowerState.java:run(106)) - 3a14c1ba-d90f-4e55-9b74-34a12c0cf08b:group-8E97244D584C changes to CANDIDATE, lastRpcTime:5166, electionTimeout:5166ms
2019-08-24 00:20:33,153 [Thread-704] INFO  impl.RoleInfo (RoleInfo.java:shutdownFollowerState(121)) - 3a14c1ba-d90f-4e55-9b74-34a12c0cf08b: shutdown FollowerState
2019-08-24 00:20:33,153 [Thread-704] INFO  impl.RaftServerImpl (RaftServerImpl.java:setRole(171)) - 3a14c1ba-d90f-4e55-9b74-34a12c0cf08b:group-8E97244D584C changes role from FOLLOWER to CANDIDATE at term 0 for changeToCandidate
2019-08-24 00:20:33,153 [Thread-704] INFO  impl.RoleInfo (RoleInfo.java:updateAndGet(143)) - 3a14c1ba-d90f-4e55-9b74-34a12c0cf08b: start LeaderElection
2019-08-24 00:20:33,188 [3a14c1ba-d90f-4e55-9b74-34a12c0cf08b:group-8E97244D584C:LeaderElection14] INFO  impl.LeaderElection (LeaderElection.java:askForVotes(181)) - 3a14c1ba-d90f-4e55-9b74-34a12c0cf08b:group-8E97244D584C:LeaderElection14: begin an election at term 1 for -1: [3a14c1ba-d90f-4e55-9b74-34a12c0cf08b:192.168.34.57:33840], old=null
2019-08-24 00:20:33,188 [3a14c1ba-d90f-4e55-9b74-34a12c0cf08b:group-8E97244D584C:LeaderElection14] INFO  impl.RoleInfo (RoleInfo.java:shutdownLeaderElection(134)) - 3a14c1ba-d90f-4e55-9b74-34a12c0cf08b: shutdown LeaderElection
2019-08-24 00:20:33,188 [3a14c1ba-d90f-4e55-9b74-34a12c0cf08b:group-8E97244D584C:LeaderElection14] INFO  impl.RaftServerImpl (RaftServerImpl.java:setRole(171)) - 3a14c1ba-d90f-4e55-9b74-34a12c0cf08b:group-8E97244D584C changes role from CANDIDATE to LEADER at term 1 for changeToLeader
2019-08-24 00:20:33,188 [3a14c1ba-d90f-4e55-9b74-34a12c0cf08b:group-8E97244D584C:LeaderElection14] INFO  impl.RaftServerImpl (ServerState.java:setLeader(263)) - 3a14c1ba-d90f-4e55-9b74-34a12c0cf08b:group-8E97244D584C change Leader from null to 3a14c1ba-d90f-4e55-9b74-34a12c0cf08b at term 1 for becomeLeader, leader elected after 5208ms
2019-08-24 00:20:33,191 [3a14c1ba-d90f-4e55-9b74-34a12c0cf08b:group-8E97244D584C:LeaderElection14] INFO  server.RaftServerConfigKeys (ConfUtils.java:logGet(43)) - raft.server.staging.catchup.gap = 1000 (default)
2019-08-24 00:20:33,191 [3a14c1ba-d90f-4e55-9b74-34a12c0cf08b:group-8E97244D584C:LeaderElection14] INFO  server.RaftServerConfigKeys (ConfUtils.java:logGet(43)) - raft.server.rpc.sleep.time = 25ms (default)
2019-08-24 00:20:33,192 [3a14c1ba-d90f-4e55-9b74-34a12c0cf08b:group-8E97244D584C:LeaderElection14] INFO  server.RaftServerConfigKeys (ConfUtils.java:logGet(43)) - raft.server.write.element-limit = 4096 (default)
2019-08-24 00:20:33,192 [3a14c1ba-d90f-4e55-9b74-34a12c0cf08b:group-8E97244D584C:LeaderElection14] INFO  server.RaftServerConfigKeys (ConfUtils.java:logGet(43)) - raft.server.watch.timeout = 10s (default)
2019-08-24 00:20:33,192 [3a14c1ba-d90f-4e55-9b74-34a12c0cf08b:group-8E97244D584C:LeaderElection14] INFO  server.RaftServerConfigKeys (ConfUtils.java:logGet(43)) - raft.server.watch.timeout.denomination = 1s (default)
2019-08-24 00:20:33,192 [3a14c1ba-d90f-4e55-9b74-34a12c0cf08b:group-8E97244D584C:LeaderElection14] INFO  server.RaftServerConfigKeys (ConfUtils.java:logGet(43)) - raft.server.watch.element-limit = 65536 (default)
2019-08-24 00:20:33,193 [3a14c1ba-d90f-4e55-9b74-34a12c0cf08b:group-8E97244D584C:LeaderElection14] INFO  impl.RoleInfo (RoleInfo.java:updateAndGet(143)) - 3a14c1ba-d90f-4e55-9b74-34a12c0cf08b: start LeaderState
2019-08-24 00:20:33,193 [3a14c1ba-d90f-4e55-9b74-34a12c0cf08b:group-8E97244D584C:LeaderElection14] INFO  segmented.SegmentedRaftLogWorker (SegmentedRaftLogWorker.java:startLogSegment(380)) - 3a14c1ba-d90f-4e55-9b74-34a12c0cf08b-SegmentedRaftLogWorker:Storage Directory /workdir/hadoop-ozone/integration-test/target/test-dir/MiniOzoneClusterImpl-2dd808d2-8d8b-4e9b-8867-1fe86c020870/datanode-0/data/ratis/1d895004-8df5-4c69-bdb6-8e97244d584c: Starting segment from index:0
2019-08-24 00:20:33,194 [3a14c1ba-d90f-4e55-9b74-34a12c0cf08b:group-8E97244D584C:LeaderElection14] INFO  impl.RaftServerImpl (ServerState.java:setRaftConf(361)) - 3a14c1ba-d90f-4e55-9b74-34a12c0cf08b:group-8E97244D584C set configuration 0: [3a14c1ba-d90f-4e55-9b74-34a12c0cf08b:192.168.34.57:33840], old=null at 0
2019-08-24 00:20:33,224 [Thread-707] INFO  impl.FollowerState (FollowerState.java:run(106)) - 9b1b75a9-c857-4b9a-9bce-dd664e78af57:group-DAF4C66089A1 changes to CANDIDATE, lastRpcTime:5034, electionTimeout:5034ms
2019-08-24 00:20:33,224 [Thread-707] INFO  impl.RoleInfo (RoleInfo.java:shutdownFollowerState(121)) - 9b1b75a9-c857-4b9a-9bce-dd664e78af57: shutdown FollowerState
2019-08-24 00:20:33,224 [Thread-707] INFO  impl.RaftServerImpl (RaftServerImpl.java:setRole(171)) - 9b1b75a9-c857-4b9a-9bce-dd664e78af57:group-DAF4C66089A1 changes role from FOLLOWER to CANDIDATE at term 0 for changeToCandidate
2019-08-24 00:20:33,224 [Thread-707] INFO  impl.RoleInfo (RoleInfo.java:updateAndGet(143)) - 9b1b75a9-c857-4b9a-9bce-dd664e78af57: start LeaderElection
2019-08-24 00:20:33,243 [3a14c1ba-d90f-4e55-9b74-34a12c0cf08b-SegmentedRaftLogWorker:Storage Directory /workdir/hadoop-ozone/integration-test/target/test-dir/MiniOzoneClusterImpl-2dd808d2-8d8b-4e9b-8867-1fe86c020870/datanode-0/data/ratis/1d895004-8df5-4c69-bdb6-8e97244d584c] INFO  segmented.SegmentedRaftLogWorker (SegmentedRaftLogWorker.java:execute(569)) - 3a14c1ba-d90f-4e55-9b74-34a12c0cf08b-SegmentedRaftLogWorker:Storage Directory /workdir/hadoop-ozone/integration-test/target/test-dir/MiniOzoneClusterImpl-2dd808d2-8d8b-4e9b-8867-1fe86c020870/datanode-0/data/ratis/1d895004-8df5-4c69-bdb6-8e97244d584c: created new log segment /workdir/hadoop-ozone/integration-test/target/test-dir/MiniOzoneClusterImpl-2dd808d2-8d8b-4e9b-8867-1fe86c020870/datanode-0/data/ratis/1d895004-8df5-4c69-bdb6-8e97244d584c/current/log_inprogress_0
2019-08-24 00:20:33,257 [9b1b75a9-c857-4b9a-9bce-dd664e78af57:group-DAF4C66089A1:LeaderElection15] INFO  impl.LeaderElection (LeaderElection.java:askForVotes(181)) - 9b1b75a9-c857-4b9a-9bce-dd664e78af57:group-DAF4C66089A1:LeaderElection15: begin an election at term 1 for -1: [9b1b75a9-c857-4b9a-9bce-dd664e78af57:192.168.34.57:34766], old=null
2019-08-24 00:20:33,257 [9b1b75a9-c857-4b9a-9bce-dd664e78af57:group-DAF4C66089A1:LeaderElection15] INFO  impl.RoleInfo (RoleInfo.java:shutdownLeaderElection(134)) - 9b1b75a9-c857-4b9a-9bce-dd664e78af57: shutdown LeaderElection
2019-08-24 00:20:33,257 [9b1b75a9-c857-4b9a-9bce-dd664e78af57:group-DAF4C66089A1:LeaderElection15] INFO  impl.RaftServerImpl (RaftServerImpl.java:setRole(171)) - 9b1b75a9-c857-4b9a-9bce-dd664e78af57:group-DAF4C66089A1 changes role from CANDIDATE to LEADER at term 1 for changeToLeader
2019-08-24 00:20:33,257 [9b1b75a9-c857-4b9a-9bce-dd664e78af57:group-DAF4C66089A1:LeaderElection15] INFO  impl.RaftServerImpl (ServerState.java:setLeader(263)) - 9b1b75a9-c857-4b9a-9bce-dd664e78af57:group-DAF4C66089A1 change Leader from null to 9b1b75a9-c857-4b9a-9bce-dd664e78af57 at term 1 for becomeLeader, leader elected after 5072ms
2019-08-24 00:20:33,260 [9b1b75a9-c857-4b9a-9bce-dd664e78af57:group-DAF4C66089A1:LeaderElection15] INFO  server.RaftServerConfigKeys (ConfUtils.java:logGet(43)) - raft.server.staging.catchup.gap = 1000 (default)
2019-08-24 00:20:33,260 [9b1b75a9-c857-4b9a-9bce-dd664e78af57:group-DAF4C66089A1:LeaderElection15] INFO  server.RaftServerConfigKeys (ConfUtils.java:logGet(43)) - raft.server.rpc.sleep.time = 25ms (default)
2019-08-24 00:20:33,260 [9b1b75a9-c857-4b9a-9bce-dd664e78af57:group-DAF4C66089A1:LeaderElection15] INFO  server.RaftServerConfigKeys (ConfUtils.java:logGet(43)) - raft.server.write.element-limit = 4096 (default)
2019-08-24 00:20:33,260 [9b1b75a9-c857-4b9a-9bce-dd664e78af57:group-DAF4C66089A1:LeaderElection15] INFO  server.RaftServerConfigKeys (ConfUtils.java:logGet(43)) - raft.server.watch.timeout = 10s (default)
2019-08-24 00:20:33,260 [9b1b75a9-c857-4b9a-9bce-dd664e78af57:group-DAF4C66089A1:LeaderElection15] INFO  server.RaftServerConfigKeys (ConfUtils.java:logGet(43)) - raft.server.watch.timeout.denomination = 1s (default)
2019-08-24 00:20:33,261 [9b1b75a9-c857-4b9a-9bce-dd664e78af57:group-DAF4C66089A1:LeaderElection15] INFO  server.RaftServerConfigKeys (ConfUtils.java:logGet(43)) - raft.server.watch.element-limit = 65536 (default)
2019-08-24 00:20:33,261 [9b1b75a9-c857-4b9a-9bce-dd664e78af57:group-DAF4C66089A1:LeaderElection15] INFO  impl.RoleInfo (RoleInfo.java:updateAndGet(143)) - 9b1b75a9-c857-4b9a-9bce-dd664e78af57: start LeaderState
2019-08-24 00:20:33,261 [9b1b75a9-c857-4b9a-9bce-dd664e78af57:group-DAF4C66089A1:LeaderElection15] INFO  segmented.SegmentedRaftLogWorker (SegmentedRaftLogWorker.java:startLogSegment(380)) - 9b1b75a9-c857-4b9a-9bce-dd664e78af57-SegmentedRaftLogWorker:Storage Directory /workdir/hadoop-ozone/integration-test/target/test-dir/MiniOzoneClusterImpl-2dd808d2-8d8b-4e9b-8867-1fe86c020870/datanode-1/data/ratis/5b2a989d-bae9-44fa-a4db-daf4c66089a1: Starting segment from index:0
2019-08-24 00:20:33,262 [9b1b75a9-c857-4b9a-9bce-dd664e78af57:group-DAF4C66089A1:LeaderElection15] INFO  impl.RaftServerImpl (ServerState.java:setRaftConf(361)) - 9b1b75a9-c857-4b9a-9bce-dd664e78af57:group-DAF4C66089A1 set configuration 0: [9b1b75a9-c857-4b9a-9bce-dd664e78af57:192.168.34.57:34766], old=null at 0
2019-08-24 00:20:33,295 | INFO  | SCMAudit | user=jenkins1000 | ip=192.168.34.57 | op=SEND_HEARTBEAT {datanodeUUID=44c7f39a-9454-4511-9eaf-9b72a4aa6bb9, command=[]} | ret=SUCCESS |  
2019-08-24 00:20:33,309 [9b1b75a9-c857-4b9a-9bce-dd664e78af57-SegmentedRaftLogWorker:Storage Directory /workdir/hadoop-ozone/integration-test/target/test-dir/MiniOzoneClusterImpl-2dd808d2-8d8b-4e9b-8867-1fe86c020870/datanode-1/data/ratis/5b2a989d-bae9-44fa-a4db-daf4c66089a1] INFO  segmented.SegmentedRaftLogWorker (SegmentedRaftLogWorker.java:execute(569)) - 9b1b75a9-c857-4b9a-9bce-dd664e78af57-SegmentedRaftLogWorker:Storage Directory /workdir/hadoop-ozone/integration-test/target/test-dir/MiniOzoneClusterImpl-2dd808d2-8d8b-4e9b-8867-1fe86c020870/datanode-1/data/ratis/5b2a989d-bae9-44fa-a4db-daf4c66089a1: created new log segment /workdir/hadoop-ozone/integration-test/target/test-dir/MiniOzoneClusterImpl-2dd808d2-8d8b-4e9b-8867-1fe86c020870/datanode-1/data/ratis/5b2a989d-bae9-44fa-a4db-daf4c66089a1/current/log_inprogress_0
2019-08-24 00:20:33,318 | INFO  | SCMAudit | user=jenkins1000 | ip=192.168.34.57 | op=SEND_HEARTBEAT {datanodeUUID=4d1e0fe6-60fd-4907-9842-f352edb6fbc8, command=[]} | ret=SUCCESS |  
2019-08-24 00:20:33,481 [grpc-default-executor-4] INFO  client.GrpcClientProtocolClient (GrpcClientProtocolClient.java:onNext(255)) - client-090605BECF39->9b1b75a9-c857-4b9a-9bce-dd664e78af57: receive RaftClientReply:client-090605BECF39->9b1b75a9-c857-4b9a-9bce-dd664e78af57@group-7922B4F3146A, cid=42, FAILED org.apache.ratis.protocol.NotLeaderException: Server 9b1b75a9-c857-4b9a-9bce-dd664e78af57 is not the leader (null). Request must be sent to leader., logIndex=0, commits[9b1b75a9-c857-4b9a-9bce-dd664e78af57:c-1]
2019-08-24 00:20:33,486 [Thread-710] INFO  impl.FollowerState (FollowerState.java:run(106)) - 4d1e0fe6-60fd-4907-9842-f352edb6fbc8:group-46AEDE36610B changes to CANDIDATE, lastRpcTime:5118, electionTimeout:5118ms
2019-08-24 00:20:33,489 [Thread-710] INFO  impl.RoleInfo (RoleInfo.java:shutdownFollowerState(121)) - 4d1e0fe6-60fd-4907-9842-f352edb6fbc8: shutdown FollowerState
2019-08-24 00:20:33,489 [Thread-710] INFO  impl.RaftServerImpl (RaftServerImpl.java:setRole(171)) - 4d1e0fe6-60fd-4907-9842-f352edb6fbc8:group-46AEDE36610B changes role from FOLLOWER to CANDIDATE at term 0 for changeToCandidate
2019-08-24 00:20:33,492 [Thread-710] INFO  impl.RoleInfo (RoleInfo.java:updateAndGet(143)) - 4d1e0fe6-60fd-4907-9842-f352edb6fbc8: start LeaderElection
2019-08-24 00:20:33,510 [4d1e0fe6-60fd-4907-9842-f352edb6fbc8:group-46AEDE36610B:LeaderElection16] INFO  impl.LeaderElection (LeaderElection.java:askForVotes(181)) - 4d1e0fe6-60fd-4907-9842-f352edb6fbc8:group-46AEDE36610B:LeaderElection16: begin an election at term 1 for -1: [4d1e0fe6-60fd-4907-9842-f352edb6fbc8:192.168.34.57:43840], old=null
2019-08-24 00:20:33,510 [4d1e0fe6-60fd-4907-9842-f352edb6fbc8:group-46AEDE36610B:LeaderElection16] INFO  impl.RoleInfo (RoleInfo.java:shutdownLeaderElection(134)) - 4d1e0fe6-60fd-4907-9842-f352edb6fbc8: shutdown LeaderElection
2019-08-24 00:20:33,510 [4d1e0fe6-60fd-4907-9842-f352edb6fbc8:group-46AEDE36610B:LeaderElection16] INFO  impl.RaftServerImpl (RaftServerImpl.java:setRole(171)) - 4d1e0fe6-60fd-4907-9842-f352edb6fbc8:group-46AEDE36610B changes role from CANDIDATE to LEADER at term 1 for changeToLeader
2019-08-24 00:20:33,510 | INFO  | SCMAudit | user=jenkins1000 | ip=192.168.34.57 | op=SEND_HEARTBEAT {datanodeUUID=6f3ac5a3-43f3-4ed6-928d-1c9df2f8e2aa, command=[]} | ret=SUCCESS |  
2019-08-24 00:20:33,510 [4d1e0fe6-60fd-4907-9842-f352edb6fbc8:group-46AEDE36610B:LeaderElection16] INFO  impl.RaftServerImpl (ServerState.java:setLeader(263)) - 4d1e0fe6-60fd-4907-9842-f352edb6fbc8:group-46AEDE36610B change Leader from null to 4d1e0fe6-60fd-4907-9842-f352edb6fbc8 at term 1 for becomeLeader, leader elected after 5148ms
2019-08-24 00:20:33,512 [4d1e0fe6-60fd-4907-9842-f352edb6fbc8:group-46AEDE36610B:LeaderElection16] INFO  server.RaftServerConfigKeys (ConfUtils.java:logGet(43)) - raft.server.staging.catchup.gap = 1000 (default)
2019-08-24 00:20:33,513 [4d1e0fe6-60fd-4907-9842-f352edb6fbc8:group-46AEDE36610B:LeaderElection16] INFO  server.RaftServerConfigKeys (ConfUtils.java:logGet(43)) - raft.server.rpc.sleep.time = 25ms (default)
2019-08-24 00:20:33,513 [4d1e0fe6-60fd-4907-9842-f352edb6fbc8:group-46AEDE36610B:LeaderElection16] INFO  server.RaftServerConfigKeys (ConfUtils.java:logGet(43)) - raft.server.write.element-limit = 4096 (default)
2019-08-24 00:20:33,513 [4d1e0fe6-60fd-4907-9842-f352edb6fbc8:group-46AEDE36610B:LeaderElection16] INFO  server.RaftServerConfigKeys (ConfUtils.java:logGet(43)) - raft.server.watch.timeout = 10s (default)
2019-08-24 00:20:33,513 [4d1e0fe6-60fd-4907-9842-f352edb6fbc8:group-46AEDE36610B:LeaderElection16] INFO  server.RaftServerConfigKeys (ConfUtils.java:logGet(43)) - raft.server.watch.timeout.denomination = 1s (default)
2019-08-24 00:20:33,513 [4d1e0fe6-60fd-4907-9842-f352edb6fbc8:group-46AEDE36610B:LeaderElection16] INFO  server.RaftServerConfigKeys (ConfUtils.java:logGet(43)) - raft.server.watch.element-limit = 65536 (default)
2019-08-24 00:20:33,514 [4d1e0fe6-60fd-4907-9842-f352edb6fbc8:group-46AEDE36610B:LeaderElection16] INFO  impl.RoleInfo (RoleInfo.java:updateAndGet(143)) - 4d1e0fe6-60fd-4907-9842-f352edb6fbc8: start LeaderState
2019-08-24 00:20:33,514 [4d1e0fe6-60fd-4907-9842-f352edb6fbc8:group-46AEDE36610B:LeaderElection16] INFO  segmented.SegmentedRaftLogWorker (SegmentedRaftLogWorker.java:startLogSegment(380)) - 4d1e0fe6-60fd-4907-9842-f352edb6fbc8-SegmentedRaftLogWorker:Storage Directory /workdir/hadoop-ozone/integration-test/target/test-dir/MiniOzoneClusterImpl-2dd808d2-8d8b-4e9b-8867-1fe86c020870/datanode-2/data/ratis/2ce20e40-cb49-4c7e-b732-46aede36610b: Starting segment from index:0
2019-08-24 00:20:33,514 [4d1e0fe6-60fd-4907-9842-f352edb6fbc8:group-46AEDE36610B:LeaderElection16] INFO  impl.RaftServerImpl (ServerState.java:setRaftConf(361)) - 4d1e0fe6-60fd-4907-9842-f352edb6fbc8:group-46AEDE36610B set configuration 0: [4d1e0fe6-60fd-4907-9842-f352edb6fbc8:192.168.34.57:43840], old=null at 0
2019-08-24 00:20:33,545 [4d1e0fe6-60fd-4907-9842-f352edb6fbc8-SegmentedRaftLogWorker:Storage Directory /workdir/hadoop-ozone/integration-test/target/test-dir/MiniOzoneClusterImpl-2dd808d2-8d8b-4e9b-8867-1fe86c020870/datanode-2/data/ratis/2ce20e40-cb49-4c7e-b732-46aede36610b] INFO  segmented.SegmentedRaftLogWorker (SegmentedRaftLogWorker.java:execute(569)) - 4d1e0fe6-60fd-4907-9842-f352edb6fbc8-SegmentedRaftLogWorker:Storage Directory /workdir/hadoop-ozone/integration-test/target/test-dir/MiniOzoneClusterImpl-2dd808d2-8d8b-4e9b-8867-1fe86c020870/datanode-2/data/ratis/2ce20e40-cb49-4c7e-b732-46aede36610b: created new log segment /workdir/hadoop-ozone/integration-test/target/test-dir/MiniOzoneClusterImpl-2dd808d2-8d8b-4e9b-8867-1fe86c020870/datanode-2/data/ratis/2ce20e40-cb49-4c7e-b732-46aede36610b/current/log_inprogress_0
2019-08-24 00:20:33,562 [Thread-713] INFO  impl.FollowerState (FollowerState.java:run(106)) - 4d1e0fe6-60fd-4907-9842-f352edb6fbc8:group-7922B4F3146A changes to CANDIDATE, lastRpcTime:5122, electionTimeout:5122ms
2019-08-24 00:20:33,562 [Thread-713] INFO  impl.RoleInfo (RoleInfo.java:shutdownFollowerState(121)) - 4d1e0fe6-60fd-4907-9842-f352edb6fbc8: shutdown FollowerState
2019-08-24 00:20:33,562 [Thread-713] INFO  impl.RaftServerImpl (RaftServerImpl.java:setRole(171)) - 4d1e0fe6-60fd-4907-9842-f352edb6fbc8:group-7922B4F3146A changes role from FOLLOWER to CANDIDATE at term 0 for changeToCandidate
2019-08-24 00:20:33,562 [Thread-713] INFO  impl.RoleInfo (RoleInfo.java:updateAndGet(143)) - 4d1e0fe6-60fd-4907-9842-f352edb6fbc8: start LeaderElection
2019-08-24 00:20:33,587 [4d1e0fe6-60fd-4907-9842-f352edb6fbc8:group-7922B4F3146A:LeaderElection17] INFO  impl.LeaderElection (LeaderElection.java:askForVotes(181)) - 4d1e0fe6-60fd-4907-9842-f352edb6fbc8:group-7922B4F3146A:LeaderElection17: begin an election at term 1 for -1: [9b1b75a9-c857-4b9a-9bce-dd664e78af57:192.168.34.57:34766, 3a14c1ba-d90f-4e55-9b74-34a12c0cf08b:192.168.34.57:33840, 4d1e0fe6-60fd-4907-9842-f352edb6fbc8:192.168.34.57:43840], old=null
2019-08-24 00:20:33,594 [grpc-default-executor-5] INFO  impl.RaftServerImpl (RaftServerImpl.java:setRole(171)) - 3a14c1ba-d90f-4e55-9b74-34a12c0cf08b:group-7922B4F3146A changes role from FOLLOWER to FOLLOWER at term 1 for recognizeCandidate:4d1e0fe6-60fd-4907-9842-f352edb6fbc8
2019-08-24 00:20:33,595 [grpc-default-executor-5] INFO  impl.RoleInfo (RoleInfo.java:shutdownFollowerState(121)) - 3a14c1ba-d90f-4e55-9b74-34a12c0cf08b: shutdown FollowerState
2019-08-24 00:20:33,595 [grpc-default-executor-4] INFO  impl.RaftServerImpl (RaftServerImpl.java:setRole(171)) - 9b1b75a9-c857-4b9a-9bce-dd664e78af57:group-7922B4F3146A changes role from FOLLOWER to FOLLOWER at term 1 for recognizeCandidate:4d1e0fe6-60fd-4907-9842-f352edb6fbc8
2019-08-24 00:20:33,595 [grpc-default-executor-5] INFO  impl.RoleInfo (RoleInfo.java:updateAndGet(143)) - 3a14c1ba-d90f-4e55-9b74-34a12c0cf08b: start FollowerState
2019-08-24 00:20:33,595 [grpc-default-executor-4] INFO  impl.RoleInfo (RoleInfo.java:shutdownFollowerState(121)) - 9b1b75a9-c857-4b9a-9bce-dd664e78af57: shutdown FollowerState
2019-08-24 00:20:33,595 [Thread-716] INFO  impl.FollowerState (FollowerState.java:run(114)) - 3a14c1ba-d90f-4e55-9b74-34a12c0cf08b: FollowerState was interrupted: java.lang.InterruptedException: sleep interrupted
2019-08-24 00:20:33,595 [Thread-719] INFO  impl.FollowerState (FollowerState.java:run(114)) - 9b1b75a9-c857-4b9a-9bce-dd664e78af57: FollowerState was interrupted: java.lang.InterruptedException: sleep interrupted
2019-08-24 00:20:33,595 [grpc-default-executor-4] INFO  impl.RoleInfo (RoleInfo.java:updateAndGet(143)) - 9b1b75a9-c857-4b9a-9bce-dd664e78af57: start FollowerState
2019-08-24 00:20:33,625 [4d1e0fe6-60fd-4907-9842-f352edb6fbc8:group-7922B4F3146A:LeaderElection17] INFO  impl.LeaderElection (LeaderElection.java:logAndReturn(56)) - 4d1e0fe6-60fd-4907-9842-f352edb6fbc8:group-7922B4F3146A:LeaderElection17: Election PASSED; received 1 response(s) [4d1e0fe6-60fd-4907-9842-f352edb6fbc8<-9b1b75a9-c857-4b9a-9bce-dd664e78af57#0:OK-t1] and 0 exception(s); 4d1e0fe6-60fd-4907-9842-f352edb6fbc8:t1, leader=null, voted=4d1e0fe6-60fd-4907-9842-f352edb6fbc8, raftlog=4d1e0fe6-60fd-4907-9842-f352edb6fbc8-SegmentedRaftLog:OPENED:c-1,f-1,i0, conf=-1: [9b1b75a9-c857-4b9a-9bce-dd664e78af57:192.168.34.57:34766, 3a14c1ba-d90f-4e55-9b74-34a12c0cf08b:192.168.34.57:33840, 4d1e0fe6-60fd-4907-9842-f352edb6fbc8:192.168.34.57:43840], old=null
2019-08-24 00:20:33,625 [4d1e0fe6-60fd-4907-9842-f352edb6fbc8:group-7922B4F3146A:LeaderElection17] INFO  impl.RoleInfo (RoleInfo.java:shutdownLeaderElection(134)) - 4d1e0fe6-60fd-4907-9842-f352edb6fbc8: shutdown LeaderElection
2019-08-24 00:20:33,625 [4d1e0fe6-60fd-4907-9842-f352edb6fbc8:group-7922B4F3146A:LeaderElection17] INFO  impl.RaftServerImpl (RaftServerImpl.java:setRole(171)) - 4d1e0fe6-60fd-4907-9842-f352edb6fbc8:group-7922B4F3146A changes role from CANDIDATE to LEADER at term 1 for changeToLeader
2019-08-24 00:20:33,627 [4d1e0fe6-60fd-4907-9842-f352edb6fbc8:group-7922B4F3146A:LeaderElection17] INFO  impl.RaftServerImpl (ServerState.java:setLeader(263)) - 4d1e0fe6-60fd-4907-9842-f352edb6fbc8:group-7922B4F3146A change Leader from null to 4d1e0fe6-60fd-4907-9842-f352edb6fbc8 at term 1 for becomeLeader, leader elected after 5196ms
2019-08-24 00:20:33,627 [4d1e0fe6-60fd-4907-9842-f352edb6fbc8:group-7922B4F3146A:LeaderElection17] INFO  server.RaftServerConfigKeys (ConfUtils.java:logGet(43)) - raft.server.staging.catchup.gap = 1000 (default)
2019-08-24 00:20:33,628 [4d1e0fe6-60fd-4907-9842-f352edb6fbc8:group-7922B4F3146A:LeaderElection17] INFO  server.RaftServerConfigKeys (ConfUtils.java:logGet(43)) - raft.server.rpc.sleep.time = 25ms (default)
2019-08-24 00:20:33,628 [4d1e0fe6-60fd-4907-9842-f352edb6fbc8:group-7922B4F3146A:LeaderElection17] INFO  server.RaftServerConfigKeys (ConfUtils.java:logGet(43)) - raft.server.write.element-limit = 4096 (default)
2019-08-24 00:20:33,628 [4d1e0fe6-60fd-4907-9842-f352edb6fbc8:group-7922B4F3146A:LeaderElection17] INFO  server.RaftServerConfigKeys (ConfUtils.java:logGet(43)) - raft.server.watch.timeout = 10s (default)
2019-08-24 00:20:33,628 [4d1e0fe6-60fd-4907-9842-f352edb6fbc8:group-7922B4F3146A:LeaderElection17] INFO  server.RaftServerConfigKeys (ConfUtils.java:logGet(43)) - raft.server.watch.timeout.denomination = 1s (default)
2019-08-24 00:20:33,628 [4d1e0fe6-60fd-4907-9842-f352edb6fbc8:group-7922B4F3146A:LeaderElection17] INFO  server.RaftServerConfigKeys (ConfUtils.java:logGet(43)) - raft.server.watch.element-limit = 65536 (default)
2019-08-24 00:20:33,628 [4d1e0fe6-60fd-4907-9842-f352edb6fbc8:group-7922B4F3146A:LeaderElection17] INFO  server.RaftServerConfigKeys (ConfUtils.java:logGet(43)) - raft.server.log.appender.snapshot.chunk.size.max = 16MB (=16777216) (default)
2019-08-24 00:20:33,629 [4d1e0fe6-60fd-4907-9842-f352edb6fbc8:group-7922B4F3146A:LeaderElection17] INFO  server.RaftServerConfigKeys (ConfUtils.java:logGet(43)) - raft.server.log.appender.buffer.byte-limit = 33554432 (custom)
2019-08-24 00:20:33,629 [4d1e0fe6-60fd-4907-9842-f352edb6fbc8:group-7922B4F3146A:LeaderElection17] INFO  server.RaftServerConfigKeys (ConfUtils.java:logGet(43)) - raft.server.log.appender.buffer.element-limit = 1 (custom)
2019-08-24 00:20:33,629 [4d1e0fe6-60fd-4907-9842-f352edb6fbc8:group-7922B4F3146A:LeaderElection17] INFO  grpc.GrpcConfigKeys$Server (ConfUtils.java:logGet(43)) - raft.grpc.server.leader.outstanding.appends.max = 128 (default)
2019-08-24 00:20:33,629 [4d1e0fe6-60fd-4907-9842-f352edb6fbc8:group-7922B4F3146A:LeaderElection17] INFO  server.RaftServerConfigKeys (ConfUtils.java:logGet(43)) - raft.server.rpc.request.timeout = 3000ms (default)
2019-08-24 00:20:33,630 [4d1e0fe6-60fd-4907-9842-f352edb6fbc8:group-7922B4F3146A:LeaderElection17] INFO  server.RaftServerConfigKeys (ConfUtils.java:logGet(43)) - raft.server.log.appender.install.snapshot.enabled = false (custom)
2019-08-24 00:20:33,630 [4d1e0fe6-60fd-4907-9842-f352edb6fbc8:group-7922B4F3146A:LeaderElection17] INFO  server.RaftServerConfigKeys (ConfUtils.java:logGet(43)) - raft.server.log.appender.snapshot.chunk.size.max = 16MB (=16777216) (default)
2019-08-24 00:20:33,630 [4d1e0fe6-60fd-4907-9842-f352edb6fbc8:group-7922B4F3146A:LeaderElection17] INFO  server.RaftServerConfigKeys (ConfUtils.java:logGet(43)) - raft.server.log.appender.buffer.byte-limit = 33554432 (custom)
2019-08-24 00:20:33,630 [4d1e0fe6-60fd-4907-9842-f352edb6fbc8:group-7922B4F3146A:LeaderElection17] INFO  server.RaftServerConfigKeys (ConfUtils.java:logGet(43)) - raft.server.log.appender.buffer.element-limit = 1 (custom)
2019-08-24 00:20:33,630 [4d1e0fe6-60fd-4907-9842-f352edb6fbc8:group-7922B4F3146A:LeaderElection17] INFO  grpc.GrpcConfigKeys$Server (ConfUtils.java:logGet(43)) - raft.grpc.server.leader.outstanding.appends.max = 128 (default)
2019-08-24 00:20:33,631 [4d1e0fe6-60fd-4907-9842-f352edb6fbc8:group-7922B4F3146A:LeaderElection17] INFO  server.RaftServerConfigKeys (ConfUtils.java:logGet(43)) - raft.server.rpc.request.timeout = 3000ms (default)
2019-08-24 00:20:33,631 [4d1e0fe6-60fd-4907-9842-f352edb6fbc8:group-7922B4F3146A:LeaderElection17] INFO  server.RaftServerConfigKeys (ConfUtils.java:logGet(43)) - raft.server.log.appender.install.snapshot.enabled = false (custom)
2019-08-24 00:20:33,631 [4d1e0fe6-60fd-4907-9842-f352edb6fbc8:group-7922B4F3146A:LeaderElection17] INFO  impl.RoleInfo (RoleInfo.java:updateAndGet(143)) - 4d1e0fe6-60fd-4907-9842-f352edb6fbc8: start LeaderState
2019-08-24 00:20:33,631 [4d1e0fe6-60fd-4907-9842-f352edb6fbc8:group-7922B4F3146A:LeaderElection17] INFO  segmented.SegmentedRaftLogWorker (SegmentedRaftLogWorker.java:startLogSegment(380)) - 4d1e0fe6-60fd-4907-9842-f352edb6fbc8-SegmentedRaftLogWorker:Storage Directory /workdir/hadoop-ozone/integration-test/target/test-dir/MiniOzoneClusterImpl-2dd808d2-8d8b-4e9b-8867-1fe86c020870/datanode-2/data/ratis/7f6a3f23-b7cb-4e7d-a66a-7922b4f3146a: Starting segment from index:0
2019-08-24 00:20:33,650 [4d1e0fe6-60fd-4907-9842-f352edb6fbc8:group-7922B4F3146A:LeaderElection17] INFO  impl.RaftServerImpl (ServerState.java:setRaftConf(361)) - 4d1e0fe6-60fd-4907-9842-f352edb6fbc8:group-7922B4F3146A set configuration 0: [9b1b75a9-c857-4b9a-9bce-dd664e78af57:192.168.34.57:34766, 3a14c1ba-d90f-4e55-9b74-34a12c0cf08b:192.168.34.57:33840, 4d1e0fe6-60fd-4907-9842-f352edb6fbc8:192.168.34.57:43840], old=null at 0
2019-08-24 00:20:33,658 [grpc-default-executor-5] INFO  impl.RaftServerImpl (ServerState.java:setLeader(263)) - 9b1b75a9-c857-4b9a-9bce-dd664e78af57:group-7922B4F3146A change Leader from null to 4d1e0fe6-60fd-4907-9842-f352edb6fbc8 at term 1 for appendEntries, leader elected after 5226ms
2019-08-24 00:20:33,658 [grpc-default-executor-4] INFO  impl.RaftServerImpl (ServerState.java:setLeader(263)) - 3a14c1ba-d90f-4e55-9b74-34a12c0cf08b:group-7922B4F3146A change Leader from null to 4d1e0fe6-60fd-4907-9842-f352edb6fbc8 at term 1 for appendEntries, leader elected after 5227ms
2019-08-24 00:20:33,662 [grpc-default-executor-5] INFO  impl.RaftServerImpl (ServerState.java:setRaftConf(361)) - 9b1b75a9-c857-4b9a-9bce-dd664e78af57:group-7922B4F3146A set configuration 0: [9b1b75a9-c857-4b9a-9bce-dd664e78af57:192.168.34.57:34766, 3a14c1ba-d90f-4e55-9b74-34a12c0cf08b:192.168.34.57:33840, 4d1e0fe6-60fd-4907-9842-f352edb6fbc8:192.168.34.57:43840], old=null at 0
2019-08-24 00:20:33,662 [grpc-default-executor-4] INFO  impl.RaftServerImpl (ServerState.java:setRaftConf(361)) - 3a14c1ba-d90f-4e55-9b74-34a12c0cf08b:group-7922B4F3146A set configuration 0: [9b1b75a9-c857-4b9a-9bce-dd664e78af57:192.168.34.57:34766, 3a14c1ba-d90f-4e55-9b74-34a12c0cf08b:192.168.34.57:33840, 4d1e0fe6-60fd-4907-9842-f352edb6fbc8:192.168.34.57:43840], old=null at 0
2019-08-24 00:20:33,662 [grpc-default-executor-5] INFO  segmented.SegmentedRaftLogWorker (SegmentedRaftLogWorker.java:startLogSegment(380)) - 9b1b75a9-c857-4b9a-9bce-dd664e78af57-SegmentedRaftLogWorker:Storage Directory /workdir/hadoop-ozone/integration-test/target/test-dir/MiniOzoneClusterImpl-2dd808d2-8d8b-4e9b-8867-1fe86c020870/datanode-1/data/ratis/7f6a3f23-b7cb-4e7d-a66a-7922b4f3146a: Starting segment from index:0
2019-08-24 00:20:33,662 [grpc-default-executor-4] INFO  segmented.SegmentedRaftLogWorker (SegmentedRaftLogWorker.java:startLogSegment(380)) - 3a14c1ba-d90f-4e55-9b74-34a12c0cf08b-SegmentedRaftLogWorker:Storage Directory /workdir/hadoop-ozone/integration-test/target/test-dir/MiniOzoneClusterImpl-2dd808d2-8d8b-4e9b-8867-1fe86c020870/datanode-0/data/ratis/7f6a3f23-b7cb-4e7d-a66a-7922b4f3146a: Starting segment from index:0
2019-08-24 00:20:33,664 [4d1e0fe6-60fd-4907-9842-f352edb6fbc8-SegmentedRaftLogWorker:Storage Directory /workdir/hadoop-ozone/integration-test/target/test-dir/MiniOzoneClusterImpl-2dd808d2-8d8b-4e9b-8867-1fe86c020870/datanode-2/data/ratis/7f6a3f23-b7cb-4e7d-a66a-7922b4f3146a] INFO  segmented.SegmentedRaftLogWorker (SegmentedRaftLogWorker.java:execute(569)) - 4d1e0fe6-60fd-4907-9842-f352edb6fbc8-SegmentedRaftLogWorker:Storage Directory /workdir/hadoop-ozone/integration-test/target/test-dir/MiniOzoneClusterImpl-2dd808d2-8d8b-4e9b-8867-1fe86c020870/datanode-2/data/ratis/7f6a3f23-b7cb-4e7d-a66a-7922b4f3146a: created new log segment /workdir/hadoop-ozone/integration-test/target/test-dir/MiniOzoneClusterImpl-2dd808d2-8d8b-4e9b-8867-1fe86c020870/datanode-2/data/ratis/7f6a3f23-b7cb-4e7d-a66a-7922b4f3146a/current/log_inprogress_0
2019-08-24 00:20:33,696 [Thread-722] INFO  impl.FollowerState (FollowerState.java:run(106)) - 6f3ac5a3-43f3-4ed6-928d-1c9df2f8e2aa:group-E5C4ABDEB070 changes to CANDIDATE, lastRpcTime:5121, electionTimeout:5121ms
2019-08-24 00:20:33,697 [Thread-722] INFO  impl.RoleInfo (RoleInfo.java:shutdownFollowerState(121)) - 6f3ac5a3-43f3-4ed6-928d-1c9df2f8e2aa: shutdown FollowerState
2019-08-24 00:20:33,697 [Thread-722] INFO  impl.RaftServerImpl (RaftServerImpl.java:setRole(171)) - 6f3ac5a3-43f3-4ed6-928d-1c9df2f8e2aa:group-E5C4ABDEB070 changes role from FOLLOWER to CANDIDATE at term 0 for changeToCandidate
2019-08-24 00:20:33,697 [Thread-722] INFO  impl.RoleInfo (RoleInfo.java:updateAndGet(143)) - 6f3ac5a3-43f3-4ed6-928d-1c9df2f8e2aa: start LeaderElection
2019-08-24 00:20:33,719 [9b1b75a9-c857-4b9a-9bce-dd664e78af57-SegmentedRaftLogWorker:Storage Directory /workdir/hadoop-ozone/integration-test/target/test-dir/MiniOzoneClusterImpl-2dd808d2-8d8b-4e9b-8867-1fe86c020870/datanode-1/data/ratis/7f6a3f23-b7cb-4e7d-a66a-7922b4f3146a] INFO  segmented.SegmentedRaftLogWorker (SegmentedRaftLogWorker.java:execute(569)) - 9b1b75a9-c857-4b9a-9bce-dd664e78af57-SegmentedRaftLogWorker:Storage Directory /workdir/hadoop-ozone/integration-test/target/test-dir/MiniOzoneClusterImpl-2dd808d2-8d8b-4e9b-8867-1fe86c020870/datanode-1/data/ratis/7f6a3f23-b7cb-4e7d-a66a-7922b4f3146a: created new log segment /workdir/hadoop-ozone/integration-test/target/test-dir/MiniOzoneClusterImpl-2dd808d2-8d8b-4e9b-8867-1fe86c020870/datanode-1/data/ratis/7f6a3f23-b7cb-4e7d-a66a-7922b4f3146a/current/log_inprogress_0
2019-08-24 00:20:33,719 [6f3ac5a3-43f3-4ed6-928d-1c9df2f8e2aa:group-E5C4ABDEB070:LeaderElection18] INFO  impl.LeaderElection (LeaderElection.java:askForVotes(181)) - 6f3ac5a3-43f3-4ed6-928d-1c9df2f8e2aa:group-E5C4ABDEB070:LeaderElection18: begin an election at term 1 for -1: [6f3ac5a3-43f3-4ed6-928d-1c9df2f8e2aa:192.168.34.57:34651], old=null
2019-08-24 00:20:33,719 [3a14c1ba-d90f-4e55-9b74-34a12c0cf08b-SegmentedRaftLogWorker:Storage Directory /workdir/hadoop-ozone/integration-test/target/test-dir/MiniOzoneClusterImpl-2dd808d2-8d8b-4e9b-8867-1fe86c020870/datanode-0/data/ratis/7f6a3f23-b7cb-4e7d-a66a-7922b4f3146a] INFO  segmented.SegmentedRaftLogWorker (SegmentedRaftLogWorker.java:execute(569)) - 3a14c1ba-d90f-4e55-9b74-34a12c0cf08b-SegmentedRaftLogWorker:Storage Directory /workdir/hadoop-ozone/integration-test/target/test-dir/MiniOzoneClusterImpl-2dd808d2-8d8b-4e9b-8867-1fe86c020870/datanode-0/data/ratis/7f6a3f23-b7cb-4e7d-a66a-7922b4f3146a: created new log segment /workdir/hadoop-ozone/integration-test/target/test-dir/MiniOzoneClusterImpl-2dd808d2-8d8b-4e9b-8867-1fe86c020870/datanode-0/data/ratis/7f6a3f23-b7cb-4e7d-a66a-7922b4f3146a/current/log_inprogress_0
2019-08-24 00:20:33,720 [6f3ac5a3-43f3-4ed6-928d-1c9df2f8e2aa:group-E5C4ABDEB070:LeaderElection18] INFO  impl.RoleInfo (RoleInfo.java:shutdownLeaderElection(134)) - 6f3ac5a3-43f3-4ed6-928d-1c9df2f8e2aa: shutdown LeaderElection
2019-08-24 00:20:33,720 [6f3ac5a3-43f3-4ed6-928d-1c9df2f8e2aa:group-E5C4ABDEB070:LeaderElection18] INFO  impl.RaftServerImpl (RaftServerImpl.java:setRole(171)) - 6f3ac5a3-43f3-4ed6-928d-1c9df2f8e2aa:group-E5C4ABDEB070 changes role from CANDIDATE to LEADER at term 1 for changeToLeader
2019-08-24 00:20:33,720 [6f3ac5a3-43f3-4ed6-928d-1c9df2f8e2aa:group-E5C4ABDEB070:LeaderElection18] INFO  impl.RaftServerImpl (ServerState.java:setLeader(263)) - 6f3ac5a3-43f3-4ed6-928d-1c9df2f8e2aa:group-E5C4ABDEB070 change Leader from null to 6f3ac5a3-43f3-4ed6-928d-1c9df2f8e2aa at term 1 for becomeLeader, leader elected after 5150ms
2019-08-24 00:20:33,723 [6f3ac5a3-43f3-4ed6-928d-1c9df2f8e2aa:group-E5C4ABDEB070:LeaderElection18] INFO  server.RaftServerConfigKeys (ConfUtils.java:logGet(43)) - raft.server.staging.catchup.gap = 1000 (default)
2019-08-24 00:20:33,723 [6f3ac5a3-43f3-4ed6-928d-1c9df2f8e2aa:group-E5C4ABDEB070:LeaderElection18] INFO  server.RaftServerConfigKeys (ConfUtils.java:logGet(43)) - raft.server.rpc.sleep.time = 25ms (default)
2019-08-24 00:20:33,723 [6f3ac5a3-43f3-4ed6-928d-1c9df2f8e2aa:group-E5C4ABDEB070:LeaderElection18] INFO  server.RaftServerConfigKeys (ConfUtils.java:logGet(43)) - raft.server.write.element-limit = 4096 (default)
2019-08-24 00:20:33,723 [6f3ac5a3-43f3-4ed6-928d-1c9df2f8e2aa:group-E5C4ABDEB070:LeaderElection18] INFO  server.RaftServerConfigKeys (ConfUtils.java:logGet(43)) - raft.server.watch.timeout = 10s (default)
2019-08-24 00:20:33,724 [6f3ac5a3-43f3-4ed6-928d-1c9df2f8e2aa:group-E5C4ABDEB070:LeaderElection18] INFO  server.RaftServerConfigKeys (ConfUtils.java:logGet(43)) - raft.server.watch.timeout.denomination = 1s (default)
2019-08-24 00:20:33,724 [6f3ac5a3-43f3-4ed6-928d-1c9df2f8e2aa:group-E5C4ABDEB070:LeaderElection18] INFO  server.RaftServerConfigKeys (ConfUtils.java:logGet(43)) - raft.server.watch.element-limit = 65536 (default)
2019-08-24 00:20:33,724 [6f3ac5a3-43f3-4ed6-928d-1c9df2f8e2aa:group-E5C4ABDEB070:LeaderElection18] INFO  impl.RoleInfo (RoleInfo.java:updateAndGet(143)) - 6f3ac5a3-43f3-4ed6-928d-1c9df2f8e2aa: start LeaderState
2019-08-24 00:20:33,724 [6f3ac5a3-43f3-4ed6-928d-1c9df2f8e2aa:group-E5C4ABDEB070:LeaderElection18] INFO  segmented.SegmentedRaftLogWorker (SegmentedRaftLogWorker.java:startLogSegment(380)) - 6f3ac5a3-43f3-4ed6-928d-1c9df2f8e2aa-SegmentedRaftLogWorker:Storage Directory /workdir/hadoop-ozone/integration-test/target/test-dir/MiniOzoneClusterImpl-2dd808d2-8d8b-4e9b-8867-1fe86c020870/datanode-3/data/ratis/888cfd23-653d-46d7-a66f-e5c4abdeb070: Starting segment from index:0
2019-08-24 00:20:33,725 [6f3ac5a3-43f3-4ed6-928d-1c9df2f8e2aa:group-E5C4ABDEB070:LeaderElection18] INFO  impl.RaftServerImpl (ServerState.java:setRaftConf(361)) - 6f3ac5a3-43f3-4ed6-928d-1c9df2f8e2aa:group-E5C4ABDEB070 set configuration 0: [6f3ac5a3-43f3-4ed6-928d-1c9df2f8e2aa:192.168.34.57:34651], old=null at 0
2019-08-24 00:20:33,755 [6f3ac5a3-43f3-4ed6-928d-1c9df2f8e2aa-SegmentedRaftLogWorker:Storage Directory /workdir/hadoop-ozone/integration-test/target/test-dir/MiniOzoneClusterImpl-2dd808d2-8d8b-4e9b-8867-1fe86c020870/datanode-3/data/ratis/888cfd23-653d-46d7-a66f-e5c4abdeb070] INFO  segmented.SegmentedRaftLogWorker (SegmentedRaftLogWorker.java:execute(569)) - 6f3ac5a3-43f3-4ed6-928d-1c9df2f8e2aa-SegmentedRaftLogWorker:Storage Directory /workdir/hadoop-ozone/integration-test/target/test-dir/MiniOzoneClusterImpl-2dd808d2-8d8b-4e9b-8867-1fe86c020870/datanode-3/data/ratis/888cfd23-653d-46d7-a66f-e5c4abdeb070: created new log segment /workdir/hadoop-ozone/integration-test/target/test-dir/MiniOzoneClusterImpl-2dd808d2-8d8b-4e9b-8867-1fe86c020870/datanode-3/data/ratis/888cfd23-653d-46d7-a66f-e5c4abdeb070/current/log_inprogress_0
2019-08-24 00:20:33,869 | INFO  | SCMAudit | user=jenkins1000 | ip=192.168.34.57 | op=SEND_HEARTBEAT {datanodeUUID=5da42abd-867e-47ba-b805-7d971175ab74, command=[]} | ret=SUCCESS |  
2019-08-24 00:20:33,917 | INFO  | SCMAudit | user=jenkins1000 | ip=192.168.34.57 | op=SEND_HEARTBEAT {datanodeUUID=3a14c1ba-d90f-4e55-9b74-34a12c0cf08b, command=[]} | ret=SUCCESS |  
2019-08-24 00:20:33,947 [Thread-725] INFO  impl.FollowerState (FollowerState.java:run(106)) - 5da42abd-867e-47ba-b805-7d971175ab74:group-D6075665B3E1 changes to CANDIDATE, lastRpcTime:5012, electionTimeout:5012ms
2019-08-24 00:20:33,947 [Thread-725] INFO  impl.RoleInfo (RoleInfo.java:shutdownFollowerState(121)) - 5da42abd-867e-47ba-b805-7d971175ab74: shutdown FollowerState
2019-08-24 00:20:33,947 [Thread-725] INFO  impl.RaftServerImpl (RaftServerImpl.java:setRole(171)) - 5da42abd-867e-47ba-b805-7d971175ab74:group-D6075665B3E1 changes role from FOLLOWER to CANDIDATE at term 0 for changeToCandidate
2019-08-24 00:20:33,947 [Thread-725] INFO  impl.RoleInfo (RoleInfo.java:updateAndGet(143)) - 5da42abd-867e-47ba-b805-7d971175ab74: start LeaderElection
2019-08-24 00:20:33,968 [5da42abd-867e-47ba-b805-7d971175ab74:group-D6075665B3E1:LeaderElection19] INFO  impl.LeaderElection (LeaderElection.java:askForVotes(181)) - 5da42abd-867e-47ba-b805-7d971175ab74:group-D6075665B3E1:LeaderElection19: begin an election at term 1 for -1: [5da42abd-867e-47ba-b805-7d971175ab74:192.168.34.57:39506], old=null
2019-08-24 00:20:33,969 [5da42abd-867e-47ba-b805-7d971175ab74:group-D6075665B3E1:LeaderElection19] INFO  impl.RoleInfo (RoleInfo.java:shutdownLeaderElection(134)) - 5da42abd-867e-47ba-b805-7d971175ab74: shutdown LeaderElection
2019-08-24 00:20:33,969 [5da42abd-867e-47ba-b805-7d971175ab74:group-D6075665B3E1:LeaderElection19] INFO  impl.RaftServerImpl (RaftServerImpl.java:setRole(171)) - 5da42abd-867e-47ba-b805-7d971175ab74:group-D6075665B3E1 changes role from CANDIDATE to LEADER at term 1 for changeToLeader
2019-08-24 00:20:33,969 [5da42abd-867e-47ba-b805-7d971175ab74:group-D6075665B3E1:LeaderElection19] INFO  impl.RaftServerImpl (ServerState.java:setLeader(263)) - 5da42abd-867e-47ba-b805-7d971175ab74:group-D6075665B3E1 change Leader from null to 5da42abd-867e-47ba-b805-7d971175ab74 at term 1 for becomeLeader, leader elected after 5039ms
2019-08-24 00:20:33,972 [5da42abd-867e-47ba-b805-7d971175ab74:group-D6075665B3E1:LeaderElection19] INFO  server.RaftServerConfigKeys (ConfUtils.java:logGet(43)) - raft.server.staging.catchup.gap = 1000 (default)
2019-08-24 00:20:33,972 [5da42abd-867e-47ba-b805-7d971175ab74:group-D6075665B3E1:LeaderElection19] INFO  server.RaftServerConfigKeys (ConfUtils.java:logGet(43)) - raft.server.rpc.sleep.time = 25ms (default)
2019-08-24 00:20:33,972 [5da42abd-867e-47ba-b805-7d971175ab74:group-D6075665B3E1:LeaderElection19] INFO  server.RaftServerConfigKeys (ConfUtils.java:logGet(43)) - raft.server.write.element-limit = 4096 (default)
2019-08-24 00:20:33,972 [5da42abd-867e-47ba-b805-7d971175ab74:group-D6075665B3E1:LeaderElection19] INFO  server.RaftServerConfigKeys (ConfUtils.java:logGet(43)) - raft.server.watch.timeout = 10s (default)
2019-08-24 00:20:33,972 [5da42abd-867e-47ba-b805-7d971175ab74:group-D6075665B3E1:LeaderElection19] INFO  server.RaftServerConfigKeys (ConfUtils.java:logGet(43)) - raft.server.watch.timeout.denomination = 1s (default)
2019-08-24 00:20:33,973 [5da42abd-867e-47ba-b805-7d971175ab74:group-D6075665B3E1:LeaderElection19] INFO  server.RaftServerConfigKeys (ConfUtils.java:logGet(43)) - raft.server.watch.element-limit = 65536 (default)
2019-08-24 00:20:33,973 [5da42abd-867e-47ba-b805-7d971175ab74:group-D6075665B3E1:LeaderElection19] INFO  impl.RoleInfo (RoleInfo.java:updateAndGet(143)) - 5da42abd-867e-47ba-b805-7d971175ab74: start LeaderState
2019-08-24 00:20:33,973 [5da42abd-867e-47ba-b805-7d971175ab74:group-D6075665B3E1:LeaderElection19] INFO  segmented.SegmentedRaftLogWorker (SegmentedRaftLogWorker.java:startLogSegment(380)) - 5da42abd-867e-47ba-b805-7d971175ab74-SegmentedRaftLogWorker:Storage Directory /workdir/hadoop-ozone/integration-test/target/test-dir/MiniOzoneClusterImpl-2dd808d2-8d8b-4e9b-8867-1fe86c020870/datanode-4/data/ratis/aa02aae6-d9c4-4063-83cf-d6075665b3e1: Starting segment from index:0
2019-08-24 00:20:33,974 [5da42abd-867e-47ba-b805-7d971175ab74:group-D6075665B3E1:LeaderElection19] INFO  impl.RaftServerImpl (ServerState.java:setRaftConf(361)) - 5da42abd-867e-47ba-b805-7d971175ab74:group-D6075665B3E1 set configuration 0: [5da42abd-867e-47ba-b805-7d971175ab74:192.168.34.57:39506], old=null at 0
2019-08-24 00:20:34,027 [5da42abd-867e-47ba-b805-7d971175ab74-SegmentedRaftLogWorker:Storage Directory /workdir/hadoop-ozone/integration-test/target/test-dir/MiniOzoneClusterImpl-2dd808d2-8d8b-4e9b-8867-1fe86c020870/datanode-4/data/ratis/aa02aae6-d9c4-4063-83cf-d6075665b3e1] INFO  segmented.SegmentedRaftLogWorker (SegmentedRaftLogWorker.java:execute(569)) - 5da42abd-867e-47ba-b805-7d971175ab74-SegmentedRaftLogWorker:Storage Directory /workdir/hadoop-ozone/integration-test/target/test-dir/MiniOzoneClusterImpl-2dd808d2-8d8b-4e9b-8867-1fe86c020870/datanode-4/data/ratis/aa02aae6-d9c4-4063-83cf-d6075665b3e1: created new log segment /workdir/hadoop-ozone/integration-test/target/test-dir/MiniOzoneClusterImpl-2dd808d2-8d8b-4e9b-8867-1fe86c020870/datanode-4/data/ratis/aa02aae6-d9c4-4063-83cf-d6075665b3e1/current/log_inprogress_0
2019-08-24 00:20:34,104 | INFO  | SCMAudit | user=jenkins1000 | ip=192.168.34.57 | op=SEND_HEARTBEAT {datanodeUUID=a2fab492-56f3-43b8-af5f-239f4e38d11d, command=[]} | ret=SUCCESS |  
2019-08-24 00:20:34,129 | INFO  | SCMAudit | user=jenkins1000 | ip=192.168.34.57 | op=SEND_HEARTBEAT {datanodeUUID=9b1b75a9-c857-4b9a-9bce-dd664e78af57, command=[]} | ret=SUCCESS |  
2019-08-24 00:20:34,258 [Thread-728] INFO  impl.FollowerState (FollowerState.java:run(106)) - a2fab492-56f3-43b8-af5f-239f4e38d11d:group-652C24D34D43 changes to CANDIDATE, lastRpcTime:5089, electionTimeout:5089ms
2019-08-24 00:20:34,259 [Thread-728] INFO  impl.RoleInfo (RoleInfo.java:shutdownFollowerState(121)) - a2fab492-56f3-43b8-af5f-239f4e38d11d: shutdown FollowerState
2019-08-24 00:20:34,259 [Thread-728] INFO  impl.RaftServerImpl (RaftServerImpl.java:setRole(171)) - a2fab492-56f3-43b8-af5f-239f4e38d11d:group-652C24D34D43 changes role from FOLLOWER to CANDIDATE at term 0 for changeToCandidate
2019-08-24 00:20:34,259 [Thread-728] INFO  impl.RoleInfo (RoleInfo.java:updateAndGet(143)) - a2fab492-56f3-43b8-af5f-239f4e38d11d: start LeaderElection
2019-08-24 00:20:34,286 [a2fab492-56f3-43b8-af5f-239f4e38d11d:group-652C24D34D43:LeaderElection20] INFO  impl.LeaderElection (LeaderElection.java:askForVotes(181)) - a2fab492-56f3-43b8-af5f-239f4e38d11d:group-652C24D34D43:LeaderElection20: begin an election at term 1 for -1: [a2fab492-56f3-43b8-af5f-239f4e38d11d:192.168.34.57:39540], old=null
2019-08-24 00:20:34,287 [a2fab492-56f3-43b8-af5f-239f4e38d11d:group-652C24D34D43:LeaderElection20] INFO  impl.RoleInfo (RoleInfo.java:shutdownLeaderElection(134)) - a2fab492-56f3-43b8-af5f-239f4e38d11d: shutdown LeaderElection
2019-08-24 00:20:34,287 [a2fab492-56f3-43b8-af5f-239f4e38d11d:group-652C24D34D43:LeaderElection20] INFO  impl.RaftServerImpl (RaftServerImpl.java:setRole(171)) - a2fab492-56f3-43b8-af5f-239f4e38d11d:group-652C24D34D43 changes role from CANDIDATE to LEADER at term 1 for changeToLeader
2019-08-24 00:20:34,287 [a2fab492-56f3-43b8-af5f-239f4e38d11d:group-652C24D34D43:LeaderElection20] INFO  impl.RaftServerImpl (ServerState.java:setLeader(263)) - a2fab492-56f3-43b8-af5f-239f4e38d11d:group-652C24D34D43 change Leader from null to a2fab492-56f3-43b8-af5f-239f4e38d11d at term 1 for becomeLeader, leader elected after 5123ms
2019-08-24 00:20:34,290 [a2fab492-56f3-43b8-af5f-239f4e38d11d:group-652C24D34D43:LeaderElection20] INFO  server.RaftServerConfigKeys (ConfUtils.java:logGet(43)) - raft.server.staging.catchup.gap = 1000 (default)
2019-08-24 00:20:34,290 [a2fab492-56f3-43b8-af5f-239f4e38d11d:group-652C24D34D43:LeaderElection20] INFO  server.RaftServerConfigKeys (ConfUtils.java:logGet(43)) - raft.server.rpc.sleep.time = 25ms (default)
2019-08-24 00:20:34,290 [a2fab492-56f3-43b8-af5f-239f4e38d11d:group-652C24D34D43:LeaderElection20] INFO  server.RaftServerConfigKeys (ConfUtils.java:logGet(43)) - raft.server.write.element-limit = 4096 (default)
2019-08-24 00:20:34,290 [a2fab492-56f3-43b8-af5f-239f4e38d11d:group-652C24D34D43:LeaderElection20] INFO  server.RaftServerConfigKeys (ConfUtils.java:logGet(43)) - raft.server.watch.timeout = 10s (default)
2019-08-24 00:20:34,290 [a2fab492-56f3-43b8-af5f-239f4e38d11d:group-652C24D34D43:LeaderElection20] INFO  server.RaftServerConfigKeys (ConfUtils.java:logGet(43)) - raft.server.watch.timeout.denomination = 1s (default)
2019-08-24 00:20:34,290 [a2fab492-56f3-43b8-af5f-239f4e38d11d:group-652C24D34D43:LeaderElection20] INFO  server.RaftServerConfigKeys (ConfUtils.java:logGet(43)) - raft.server.watch.element-limit = 65536 (default)
2019-08-24 00:20:34,291 [a2fab492-56f3-43b8-af5f-239f4e38d11d:group-652C24D34D43:LeaderElection20] INFO  impl.RoleInfo (RoleInfo.java:updateAndGet(143)) - a2fab492-56f3-43b8-af5f-239f4e38d11d: start LeaderState
2019-08-24 00:20:34,291 [a2fab492-56f3-43b8-af5f-239f4e38d11d:group-652C24D34D43:LeaderElection20] INFO  segmented.SegmentedRaftLogWorker (SegmentedRaftLogWorker.java:startLogSegment(380)) - a2fab492-56f3-43b8-af5f-239f4e38d11d-SegmentedRaftLogWorker:Storage Directory /workdir/hadoop-ozone/integration-test/target/test-dir/MiniOzoneClusterImpl-2dd808d2-8d8b-4e9b-8867-1fe86c020870/datanode-5/data/ratis/e084ad73-d76d-41a2-9235-652c24d34d43: Starting segment from index:0
2019-08-24 00:20:34,291 [a2fab492-56f3-43b8-af5f-239f4e38d11d:group-652C24D34D43:LeaderElection20] INFO  impl.RaftServerImpl (ServerState.java:setRaftConf(361)) - a2fab492-56f3-43b8-af5f-239f4e38d11d:group-652C24D34D43 set configuration 0: [a2fab492-56f3-43b8-af5f-239f4e38d11d:192.168.34.57:39540], old=null at 0
2019-08-24 00:20:34,327 | INFO  | SCMAudit | user=jenkins1000 | ip=192.168.34.57 | op=SEND_HEARTBEAT {datanodeUUID=44c7f39a-9454-4511-9eaf-9b72a4aa6bb9, command=[]} | ret=SUCCESS |  
2019-08-24 00:20:34,327 | INFO  | SCMAudit | user=jenkins1000 | ip=192.168.34.57 | op=SEND_HEARTBEAT {datanodeUUID=4d1e0fe6-60fd-4907-9842-f352edb6fbc8, command=[]} | ret=SUCCESS |  
2019-08-24 00:20:34,345 [Thread-737] INFO  impl.FollowerState (FollowerState.java:run(106)) - 5da42abd-867e-47ba-b805-7d971175ab74:group-D8B9D57F4B59 changes to CANDIDATE, lastRpcTime:5071, electionTimeout:5071ms
2019-08-24 00:20:34,345 [Thread-737] INFO  impl.RoleInfo (RoleInfo.java:shutdownFollowerState(121)) - 5da42abd-867e-47ba-b805-7d971175ab74: shutdown FollowerState
2019-08-24 00:20:34,345 [Thread-737] INFO  impl.RaftServerImpl (RaftServerImpl.java:setRole(171)) - 5da42abd-867e-47ba-b805-7d971175ab74:group-D8B9D57F4B59 changes role from FOLLOWER to CANDIDATE at term 0 for changeToCandidate
2019-08-24 00:20:34,345 [Thread-737] INFO  impl.RoleInfo (RoleInfo.java:updateAndGet(143)) - 5da42abd-867e-47ba-b805-7d971175ab74: start LeaderElection
2019-08-24 00:20:34,351 [a2fab492-56f3-43b8-af5f-239f4e38d11d-SegmentedRaftLogWorker:Storage Directory /workdir/hadoop-ozone/integration-test/target/test-dir/MiniOzoneClusterImpl-2dd808d2-8d8b-4e9b-8867-1fe86c020870/datanode-5/data/ratis/e084ad73-d76d-41a2-9235-652c24d34d43] INFO  segmented.SegmentedRaftLogWorker (SegmentedRaftLogWorker.java:execute(569)) - a2fab492-56f3-43b8-af5f-239f4e38d11d-SegmentedRaftLogWorker:Storage Directory /workdir/hadoop-ozone/integration-test/target/test-dir/MiniOzoneClusterImpl-2dd808d2-8d8b-4e9b-8867-1fe86c020870/datanode-5/data/ratis/e084ad73-d76d-41a2-9235-652c24d34d43: created new log segment /workdir/hadoop-ozone/integration-test/target/test-dir/MiniOzoneClusterImpl-2dd808d2-8d8b-4e9b-8867-1fe86c020870/datanode-5/data/ratis/e084ad73-d76d-41a2-9235-652c24d34d43/current/log_inprogress_0
2019-08-24 00:20:34,364 [5da42abd-867e-47ba-b805-7d971175ab74:group-D8B9D57F4B59:LeaderElection21] INFO  impl.LeaderElection (LeaderElection.java:askForVotes(181)) - 5da42abd-867e-47ba-b805-7d971175ab74:group-D8B9D57F4B59:LeaderElection21: begin an election at term 1 for -1: [5da42abd-867e-47ba-b805-7d971175ab74:192.168.34.57:39506, a2fab492-56f3-43b8-af5f-239f4e38d11d:192.168.34.57:39540, 6f3ac5a3-43f3-4ed6-928d-1c9df2f8e2aa:192.168.34.57:34651], old=null
2019-08-24 00:20:34,373 [grpc-default-executor-4] INFO  impl.RaftServerImpl (RaftServerImpl.java:setRole(171)) - 6f3ac5a3-43f3-4ed6-928d-1c9df2f8e2aa:group-D8B9D57F4B59 changes role from FOLLOWER to FOLLOWER at term 1 for recognizeCandidate:5da42abd-867e-47ba-b805-7d971175ab74
2019-08-24 00:20:34,373 [grpc-default-executor-5] INFO  impl.RaftServerImpl (RaftServerImpl.java:setRole(171)) - a2fab492-56f3-43b8-af5f-239f4e38d11d:group-D8B9D57F4B59 changes role from FOLLOWER to FOLLOWER at term 1 for recognizeCandidate:5da42abd-867e-47ba-b805-7d971175ab74
2019-08-24 00:20:34,373 [grpc-default-executor-4] INFO  impl.RoleInfo (RoleInfo.java:shutdownFollowerState(121)) - 6f3ac5a3-43f3-4ed6-928d-1c9df2f8e2aa: shutdown FollowerState
2019-08-24 00:20:34,373 [grpc-default-executor-5] INFO  impl.RoleInfo (RoleInfo.java:shutdownFollowerState(121)) - a2fab492-56f3-43b8-af5f-239f4e38d11d: shutdown FollowerState
2019-08-24 00:20:34,374 [Thread-731] INFO  impl.FollowerState (FollowerState.java:run(114)) - 6f3ac5a3-43f3-4ed6-928d-1c9df2f8e2aa: FollowerState was interrupted: java.lang.InterruptedException: sleep interrupted
2019-08-24 00:20:34,374 [grpc-default-executor-4] INFO  impl.RoleInfo (RoleInfo.java:updateAndGet(143)) - 6f3ac5a3-43f3-4ed6-928d-1c9df2f8e2aa: start FollowerState
2019-08-24 00:20:34,374 [Thread-734] INFO  impl.FollowerState (FollowerState.java:run(114)) - a2fab492-56f3-43b8-af5f-239f4e38d11d: FollowerState was interrupted: java.lang.InterruptedException: sleep interrupted
2019-08-24 00:20:34,374 [grpc-default-executor-5] INFO  impl.RoleInfo (RoleInfo.java:updateAndGet(143)) - a2fab492-56f3-43b8-af5f-239f4e38d11d: start FollowerState
2019-08-24 00:20:34,394 [5da42abd-867e-47ba-b805-7d971175ab74:group-D8B9D57F4B59:LeaderElection21] INFO  impl.LeaderElection (LeaderElection.java:logAndReturn(56)) - 5da42abd-867e-47ba-b805-7d971175ab74:group-D8B9D57F4B59:LeaderElection21: Election PASSED; received 1 response(s) [5da42abd-867e-47ba-b805-7d971175ab74<-a2fab492-56f3-43b8-af5f-239f4e38d11d#0:OK-t1] and 0 exception(s); 5da42abd-867e-47ba-b805-7d971175ab74:t1, leader=null, voted=5da42abd-867e-47ba-b805-7d971175ab74, raftlog=5da42abd-867e-47ba-b805-7d971175ab74-SegmentedRaftLog:OPENED:c-1,f-1,i0, conf=-1: [5da42abd-867e-47ba-b805-7d971175ab74:192.168.34.57:39506, a2fab492-56f3-43b8-af5f-239f4e38d11d:192.168.34.57:39540, 6f3ac5a3-43f3-4ed6-928d-1c9df2f8e2aa:192.168.34.57:34651], old=null
2019-08-24 00:20:34,394 [5da42abd-867e-47ba-b805-7d971175ab74:group-D8B9D57F4B59:LeaderElection21] INFO  impl.RoleInfo (RoleInfo.java:shutdownLeaderElection(134)) - 5da42abd-867e-47ba-b805-7d971175ab74: shutdown LeaderElection
2019-08-24 00:20:34,397 [5da42abd-867e-47ba-b805-7d971175ab74:group-D8B9D57F4B59:LeaderElection21] INFO  impl.RaftServerImpl (RaftServerImpl.java:setRole(171)) - 5da42abd-867e-47ba-b805-7d971175ab74:group-D8B9D57F4B59 changes role from CANDIDATE to LEADER at term 1 for changeToLeader
2019-08-24 00:20:34,397 [5da42abd-867e-47ba-b805-7d971175ab74:group-D8B9D57F4B59:LeaderElection21] INFO  impl.RaftServerImpl (ServerState.java:setLeader(263)) - 5da42abd-867e-47ba-b805-7d971175ab74:group-D8B9D57F4B59 change Leader from null to 5da42abd-867e-47ba-b805-7d971175ab74 at term 1 for becomeLeader, leader elected after 5138ms
2019-08-24 00:20:34,397 [5da42abd-867e-47ba-b805-7d971175ab74:group-D8B9D57F4B59:LeaderElection21] INFO  server.RaftServerConfigKeys (ConfUtils.java:logGet(43)) - raft.server.staging.catchup.gap = 1000 (default)
2019-08-24 00:20:34,398 [5da42abd-867e-47ba-b805-7d971175ab74:group-D8B9D57F4B59:LeaderElection21] INFO  server.RaftServerConfigKeys (ConfUtils.java:logGet(43)) - raft.server.rpc.sleep.time = 25ms (default)
2019-08-24 00:20:34,398 [5da42abd-867e-47ba-b805-7d971175ab74:group-D8B9D57F4B59:LeaderElection21] INFO  server.RaftServerConfigKeys (ConfUtils.java:logGet(43)) - raft.server.write.element-limit = 4096 (default)
2019-08-24 00:20:34,398 [5da42abd-867e-47ba-b805-7d971175ab74:group-D8B9D57F4B59:LeaderElection21] INFO  server.RaftServerConfigKeys (ConfUtils.java:logGet(43)) - raft.server.watch.timeout = 10s (default)
2019-08-24 00:20:34,398 [5da42abd-867e-47ba-b805-7d971175ab74:group-D8B9D57F4B59:LeaderElection21] INFO  server.RaftServerConfigKeys (ConfUtils.java:logGet(43)) - raft.server.watch.timeout.denomination = 1s (default)
2019-08-24 00:20:34,398 [5da42abd-867e-47ba-b805-7d971175ab74:group-D8B9D57F4B59:LeaderElection21] INFO  server.RaftServerConfigKeys (ConfUtils.java:logGet(43)) - raft.server.watch.element-limit = 65536 (default)
2019-08-24 00:20:34,398 [5da42abd-867e-47ba-b805-7d971175ab74:group-D8B9D57F4B59:LeaderElection21] INFO  server.RaftServerConfigKeys (ConfUtils.java:logGet(43)) - raft.server.log.appender.snapshot.chunk.size.max = 16MB (=16777216) (default)
2019-08-24 00:20:34,399 [5da42abd-867e-47ba-b805-7d971175ab74:group-D8B9D57F4B59:LeaderElection21] INFO  server.RaftServerConfigKeys (ConfUtils.java:logGet(43)) - raft.server.log.appender.buffer.byte-limit = 33554432 (custom)
2019-08-24 00:20:34,399 [5da42abd-867e-47ba-b805-7d971175ab74:group-D8B9D57F4B59:LeaderElection21] INFO  server.RaftServerConfigKeys (ConfUtils.java:logGet(43)) - raft.server.log.appender.buffer.element-limit = 1 (custom)
2019-08-24 00:20:34,399 [5da42abd-867e-47ba-b805-7d971175ab74:group-D8B9D57F4B59:LeaderElection21] INFO  grpc.GrpcConfigKeys$Server (ConfUtils.java:logGet(43)) - raft.grpc.server.leader.outstanding.appends.max = 128 (default)
2019-08-24 00:20:34,399 [5da42abd-867e-47ba-b805-7d971175ab74:group-D8B9D57F4B59:LeaderElection21] INFO  server.RaftServerConfigKeys (ConfUtils.java:logGet(43)) - raft.server.rpc.request.timeout = 3000ms (default)
2019-08-24 00:20:34,399 [5da42abd-867e-47ba-b805-7d971175ab74:group-D8B9D57F4B59:LeaderElection21] INFO  server.RaftServerConfigKeys (ConfUtils.java:logGet(43)) - raft.server.log.appender.install.snapshot.enabled = false (custom)
2019-08-24 00:20:34,399 [5da42abd-867e-47ba-b805-7d971175ab74:group-D8B9D57F4B59:LeaderElection21] INFO  server.RaftServerConfigKeys (ConfUtils.java:logGet(43)) - raft.server.log.appender.snapshot.chunk.size.max = 16MB (=16777216) (default)
2019-08-24 00:20:34,399 [5da42abd-867e-47ba-b805-7d971175ab74:group-D8B9D57F4B59:LeaderElection21] INFO  server.RaftServerConfigKeys (ConfUtils.java:logGet(43)) - raft.server.log.appender.buffer.byte-limit = 33554432 (custom)
2019-08-24 00:20:34,400 [5da42abd-867e-47ba-b805-7d971175ab74:group-D8B9D57F4B59:LeaderElection21] INFO  server.RaftServerConfigKeys (ConfUtils.java:logGet(43)) - raft.server.log.appender.buffer.element-limit = 1 (custom)
2019-08-24 00:20:34,400 [5da42abd-867e-47ba-b805-7d971175ab74:group-D8B9D57F4B59:LeaderElection21] INFO  grpc.GrpcConfigKeys$Server (ConfUtils.java:logGet(43)) - raft.grpc.server.leader.outstanding.appends.max = 128 (default)
2019-08-24 00:20:34,400 [5da42abd-867e-47ba-b805-7d971175ab74:group-D8B9D57F4B59:LeaderElection21] INFO  server.RaftServerConfigKeys (ConfUtils.java:logGet(43)) - raft.server.rpc.request.timeout = 3000ms (default)
2019-08-24 00:20:34,400 [5da42abd-867e-47ba-b805-7d971175ab74:group-D8B9D57F4B59:LeaderElection21] INFO  server.RaftServerConfigKeys (ConfUtils.java:logGet(43)) - raft.server.log.appender.install.snapshot.enabled = false (custom)
2019-08-24 00:20:34,400 [5da42abd-867e-47ba-b805-7d971175ab74:group-D8B9D57F4B59:LeaderElection21] INFO  impl.RoleInfo (RoleInfo.java:updateAndGet(143)) - 5da42abd-867e-47ba-b805-7d971175ab74: start LeaderState
2019-08-24 00:20:34,400 [5da42abd-867e-47ba-b805-7d971175ab74:group-D8B9D57F4B59:LeaderElection21] INFO  segmented.SegmentedRaftLogWorker (SegmentedRaftLogWorker.java:startLogSegment(380)) - 5da42abd-867e-47ba-b805-7d971175ab74-SegmentedRaftLogWorker:Storage Directory /workdir/hadoop-ozone/integration-test/target/test-dir/MiniOzoneClusterImpl-2dd808d2-8d8b-4e9b-8867-1fe86c020870/datanode-4/data/ratis/68ad20d1-22ba-4903-99e3-d8b9d57f4b59: Starting segment from index:0
2019-08-24 00:20:34,401 [5da42abd-867e-47ba-b805-7d971175ab74:group-D8B9D57F4B59:LeaderElection21] INFO  impl.RaftServerImpl (ServerState.java:setRaftConf(361)) - 5da42abd-867e-47ba-b805-7d971175ab74:group-D8B9D57F4B59 set configuration 0: [5da42abd-867e-47ba-b805-7d971175ab74:192.168.34.57:39506, a2fab492-56f3-43b8-af5f-239f4e38d11d:192.168.34.57:39540, 6f3ac5a3-43f3-4ed6-928d-1c9df2f8e2aa:192.168.34.57:34651], old=null at 0
2019-08-24 00:20:34,418 [Thread-740] INFO  impl.FollowerState (FollowerState.java:run(106)) - 44c7f39a-9454-4511-9eaf-9b72a4aa6bb9:group-4FE4CD0750A7 changes to CANDIDATE, lastRpcTime:5073, electionTimeout:5060ms
2019-08-24 00:20:34,418 [Thread-740] INFO  impl.RoleInfo (RoleInfo.java:shutdownFollowerState(121)) - 44c7f39a-9454-4511-9eaf-9b72a4aa6bb9: shutdown FollowerState
2019-08-24 00:20:34,418 [Thread-740] INFO  impl.RaftServerImpl (RaftServerImpl.java:setRole(171)) - 44c7f39a-9454-4511-9eaf-9b72a4aa6bb9:group-4FE4CD0750A7 changes role from FOLLOWER to CANDIDATE at term 0 for changeToCandidate
2019-08-24 00:20:34,418 [Thread-740] INFO  impl.RoleInfo (RoleInfo.java:updateAndGet(143)) - 44c7f39a-9454-4511-9eaf-9b72a4aa6bb9: start LeaderElection
2019-08-24 00:20:34,427 [grpc-default-executor-4] INFO  impl.RaftServerImpl (ServerState.java:setLeader(263)) - 6f3ac5a3-43f3-4ed6-928d-1c9df2f8e2aa:group-D8B9D57F4B59 change Leader from null to 5da42abd-867e-47ba-b805-7d971175ab74 at term 1 for appendEntries, leader elected after 5168ms
2019-08-24 00:20:34,427 [grpc-default-executor-5] INFO  impl.RaftServerImpl (ServerState.java:setLeader(263)) - a2fab492-56f3-43b8-af5f-239f4e38d11d:group-D8B9D57F4B59 change Leader from null to 5da42abd-867e-47ba-b805-7d971175ab74 at term 1 for appendEntries, leader elected after 5168ms
2019-08-24 00:20:34,433 [5da42abd-867e-47ba-b805-7d971175ab74-SegmentedRaftLogWorker:Storage Directory /workdir/hadoop-ozone/integration-test/target/test-dir/MiniOzoneClusterImpl-2dd808d2-8d8b-4e9b-8867-1fe86c020870/datanode-4/data/ratis/68ad20d1-22ba-4903-99e3-d8b9d57f4b59] INFO  segmented.SegmentedRaftLogWorker (SegmentedRaftLogWorker.java:execute(569)) - 5da42abd-867e-47ba-b805-7d971175ab74-SegmentedRaftLogWorker:Storage Directory /workdir/hadoop-ozone/integration-test/target/test-dir/MiniOzoneClusterImpl-2dd808d2-8d8b-4e9b-8867-1fe86c020870/datanode-4/data/ratis/68ad20d1-22ba-4903-99e3-d8b9d57f4b59: created new log segment /workdir/hadoop-ozone/integration-test/target/test-dir/MiniOzoneClusterImpl-2dd808d2-8d8b-4e9b-8867-1fe86c020870/datanode-4/data/ratis/68ad20d1-22ba-4903-99e3-d8b9d57f4b59/current/log_inprogress_0
2019-08-24 00:20:34,433 [44c7f39a-9454-4511-9eaf-9b72a4aa6bb9:group-4FE4CD0750A7:LeaderElection22] INFO  impl.LeaderElection (LeaderElection.java:askForVotes(181)) - 44c7f39a-9454-4511-9eaf-9b72a4aa6bb9:group-4FE4CD0750A7:LeaderElection22: begin an election at term 1 for -1: [44c7f39a-9454-4511-9eaf-9b72a4aa6bb9:192.168.34.57:45556], old=null
2019-08-24 00:20:34,433 [44c7f39a-9454-4511-9eaf-9b72a4aa6bb9:group-4FE4CD0750A7:LeaderElection22] INFO  impl.RoleInfo (RoleInfo.java:shutdownLeaderElection(134)) - 44c7f39a-9454-4511-9eaf-9b72a4aa6bb9: shutdown LeaderElection
2019-08-24 00:20:34,433 [44c7f39a-9454-4511-9eaf-9b72a4aa6bb9:group-4FE4CD0750A7:LeaderElection22] INFO  impl.RaftServerImpl (RaftServerImpl.java:setRole(171)) - 44c7f39a-9454-4511-9eaf-9b72a4aa6bb9:group-4FE4CD0750A7 changes role from CANDIDATE to LEADER at term 1 for changeToLeader
2019-08-24 00:20:34,433 [44c7f39a-9454-4511-9eaf-9b72a4aa6bb9:group-4FE4CD0750A7:LeaderElection22] INFO  impl.RaftServerImpl (ServerState.java:setLeader(263)) - 44c7f39a-9454-4511-9eaf-9b72a4aa6bb9:group-4FE4CD0750A7 change Leader from null to 44c7f39a-9454-4511-9eaf-9b72a4aa6bb9 at term 1 for becomeLeader, leader elected after 5093ms
2019-08-24 00:20:34,441 [44c7f39a-9454-4511-9eaf-9b72a4aa6bb9:group-4FE4CD0750A7:LeaderElection22] INFO  server.RaftServerConfigKeys (ConfUtils.java:logGet(43)) - raft.server.staging.catchup.gap = 1000 (default)
2019-08-24 00:20:34,442 [44c7f39a-9454-4511-9eaf-9b72a4aa6bb9:group-4FE4CD0750A7:LeaderElection22] INFO  server.RaftServerConfigKeys (ConfUtils.java:logGet(43)) - raft.server.rpc.sleep.time = 25ms (default)
2019-08-24 00:20:34,442 [44c7f39a-9454-4511-9eaf-9b72a4aa6bb9:group-4FE4CD0750A7:LeaderElection22] INFO  server.RaftServerConfigKeys (ConfUtils.java:logGet(43)) - raft.server.write.element-limit = 4096 (default)
2019-08-24 00:20:34,442 [44c7f39a-9454-4511-9eaf-9b72a4aa6bb9:group-4FE4CD0750A7:LeaderElection22] INFO  server.RaftServerConfigKeys (ConfUtils.java:logGet(43)) - raft.server.watch.timeout = 10s (default)
2019-08-24 00:20:34,442 [44c7f39a-9454-4511-9eaf-9b72a4aa6bb9:group-4FE4CD0750A7:LeaderElection22] INFO  server.RaftServerConfigKeys (ConfUtils.java:logGet(43)) - raft.server.watch.timeout.denomination = 1s (default)
2019-08-24 00:20:34,442 [44c7f39a-9454-4511-9eaf-9b72a4aa6bb9:group-4FE4CD0750A7:LeaderElection22] INFO  server.RaftServerConfigKeys (ConfUtils.java:logGet(43)) - raft.server.watch.element-limit = 65536 (default)
2019-08-24 00:20:34,442 [44c7f39a-9454-4511-9eaf-9b72a4aa6bb9:group-4FE4CD0750A7:LeaderElection22] INFO  impl.RoleInfo (RoleInfo.java:updateAndGet(143)) - 44c7f39a-9454-4511-9eaf-9b72a4aa6bb9: start LeaderState
2019-08-24 00:20:34,442 [44c7f39a-9454-4511-9eaf-9b72a4aa6bb9:group-4FE4CD0750A7:LeaderElection22] INFO  segmented.SegmentedRaftLogWorker (SegmentedRaftLogWorker.java:startLogSegment(380)) - 44c7f39a-9454-4511-9eaf-9b72a4aa6bb9-SegmentedRaftLogWorker:Storage Directory /workdir/hadoop-ozone/integration-test/target/test-dir/MiniOzoneClusterImpl-2dd808d2-8d8b-4e9b-8867-1fe86c020870/datanode-6/data/ratis/d7401b8a-3afd-4de7-af28-4fe4cd0750a7: Starting segment from index:0
2019-08-24 00:20:34,443 [44c7f39a-9454-4511-9eaf-9b72a4aa6bb9:group-4FE4CD0750A7:LeaderElection22] INFO  impl.RaftServerImpl (ServerState.java:setRaftConf(361)) - 44c7f39a-9454-4511-9eaf-9b72a4aa6bb9:group-4FE4CD0750A7 set configuration 0: [44c7f39a-9454-4511-9eaf-9b72a4aa6bb9:192.168.34.57:45556], old=null at 0
2019-08-24 00:20:34,475 [grpc-default-executor-5] INFO  impl.RaftServerImpl (ServerState.java:setRaftConf(361)) - 6f3ac5a3-43f3-4ed6-928d-1c9df2f8e2aa:group-D8B9D57F4B59 set configuration 0: [5da42abd-867e-47ba-b805-7d971175ab74:192.168.34.57:39506, a2fab492-56f3-43b8-af5f-239f4e38d11d:192.168.34.57:39540, 6f3ac5a3-43f3-4ed6-928d-1c9df2f8e2aa:192.168.34.57:34651], old=null at 0
2019-08-24 00:20:34,475 [grpc-default-executor-4] INFO  impl.RaftServerImpl (ServerState.java:setRaftConf(361)) - a2fab492-56f3-43b8-af5f-239f4e38d11d:group-D8B9D57F4B59 set configuration 0: [5da42abd-867e-47ba-b805-7d971175ab74:192.168.34.57:39506, a2fab492-56f3-43b8-af5f-239f4e38d11d:192.168.34.57:39540, 6f3ac5a3-43f3-4ed6-928d-1c9df2f8e2aa:192.168.34.57:34651], old=null at 0
2019-08-24 00:20:34,476 [grpc-default-executor-5] INFO  segmented.SegmentedRaftLogWorker (SegmentedRaftLogWorker.java:startLogSegment(380)) - 6f3ac5a3-43f3-4ed6-928d-1c9df2f8e2aa-SegmentedRaftLogWorker:Storage Directory /workdir/hadoop-ozone/integration-test/target/test-dir/MiniOzoneClusterImpl-2dd808d2-8d8b-4e9b-8867-1fe86c020870/datanode-3/data/ratis/68ad20d1-22ba-4903-99e3-d8b9d57f4b59: Starting segment from index:0
2019-08-24 00:20:34,476 [grpc-default-executor-4] INFO  segmented.SegmentedRaftLogWorker (SegmentedRaftLogWorker.java:startLogSegment(380)) - a2fab492-56f3-43b8-af5f-239f4e38d11d-SegmentedRaftLogWorker:Storage Directory /workdir/hadoop-ozone/integration-test/target/test-dir/MiniOzoneClusterImpl-2dd808d2-8d8b-4e9b-8867-1fe86c020870/datanode-5/data/ratis/68ad20d1-22ba-4903-99e3-d8b9d57f4b59: Starting segment from index:0
2019-08-24 00:20:34,495 [44c7f39a-9454-4511-9eaf-9b72a4aa6bb9-SegmentedRaftLogWorker:Storage Directory /workdir/hadoop-ozone/integration-test/target/test-dir/MiniOzoneClusterImpl-2dd808d2-8d8b-4e9b-8867-1fe86c020870/datanode-6/data/ratis/d7401b8a-3afd-4de7-af28-4fe4cd0750a7] INFO  segmented.SegmentedRaftLogWorker (SegmentedRaftLogWorker.java:execute(569)) - 44c7f39a-9454-4511-9eaf-9b72a4aa6bb9-SegmentedRaftLogWorker:Storage Directory /workdir/hadoop-ozone/integration-test/target/test-dir/MiniOzoneClusterImpl-2dd808d2-8d8b-4e9b-8867-1fe86c020870/datanode-6/data/ratis/d7401b8a-3afd-4de7-af28-4fe4cd0750a7: created new log segment /workdir/hadoop-ozone/integration-test/target/test-dir/MiniOzoneClusterImpl-2dd808d2-8d8b-4e9b-8867-1fe86c020870/datanode-6/data/ratis/d7401b8a-3afd-4de7-af28-4fe4cd0750a7/current/log_inprogress_0
2019-08-24 00:20:34,510 [a2fab492-56f3-43b8-af5f-239f4e38d11d-SegmentedRaftLogWorker:Storage Directory /workdir/hadoop-ozone/integration-test/target/test-dir/MiniOzoneClusterImpl-2dd808d2-8d8b-4e9b-8867-1fe86c020870/datanode-5/data/ratis/68ad20d1-22ba-4903-99e3-d8b9d57f4b59] INFO  segmented.SegmentedRaftLogWorker (SegmentedRaftLogWorker.java:execute(569)) - a2fab492-56f3-43b8-af5f-239f4e38d11d-SegmentedRaftLogWorker:Storage Directory /workdir/hadoop-ozone/integration-test/target/test-dir/MiniOzoneClusterImpl-2dd808d2-8d8b-4e9b-8867-1fe86c020870/datanode-5/data/ratis/68ad20d1-22ba-4903-99e3-d8b9d57f4b59: created new log segment /workdir/hadoop-ozone/integration-test/target/test-dir/MiniOzoneClusterImpl-2dd808d2-8d8b-4e9b-8867-1fe86c020870/datanode-5/data/ratis/68ad20d1-22ba-4903-99e3-d8b9d57f4b59/current/log_inprogress_0
2019-08-24 00:20:34,510 | INFO  | SCMAudit | user=jenkins1000 | ip=192.168.34.57 | op=SEND_HEARTBEAT {datanodeUUID=6f3ac5a3-43f3-4ed6-928d-1c9df2f8e2aa, command=[]} | ret=SUCCESS |  
2019-08-24 00:20:34,525 [6f3ac5a3-43f3-4ed6-928d-1c9df2f8e2aa-SegmentedRaftLogWorker:Storage Directory /workdir/hadoop-ozone/integration-test/target/test-dir/MiniOzoneClusterImpl-2dd808d2-8d8b-4e9b-8867-1fe86c020870/datanode-3/data/ratis/68ad20d1-22ba-4903-99e3-d8b9d57f4b59] INFO  segmented.SegmentedRaftLogWorker (SegmentedRaftLogWorker.java:execute(569)) - 6f3ac5a3-43f3-4ed6-928d-1c9df2f8e2aa-SegmentedRaftLogWorker:Storage Directory /workdir/hadoop-ozone/integration-test/target/test-dir/MiniOzoneClusterImpl-2dd808d2-8d8b-4e9b-8867-1fe86c020870/datanode-3/data/ratis/68ad20d1-22ba-4903-99e3-d8b9d57f4b59: created new log segment /workdir/hadoop-ozone/integration-test/target/test-dir/MiniOzoneClusterImpl-2dd808d2-8d8b-4e9b-8867-1fe86c020870/datanode-3/data/ratis/68ad20d1-22ba-4903-99e3-d8b9d57f4b59/current/log_inprogress_0
2019-08-24 00:20:34,603 | INFO  | DNAudit | user=null | ip=null | op=CREATE_CONTAINER {containerID=1, containerType=KeyValueContainer} | ret=SUCCESS |  
2019-08-24 00:20:34,609 | INFO  | SCMAudit | user=jenkins1000 | ip=192.168.34.57 | op=SEND_HEARTBEAT {datanodeUUID=4d1e0fe6-60fd-4907-9842-f352edb6fbc8, command=[]} | ret=SUCCESS |  
2019-08-24 00:20:34,610 [grpc-default-executor-5] INFO  client.GrpcClientProtocolClient (GrpcClientProtocolClient.java:onNext(255)) - client-090605BECF39->4d1e0fe6-60fd-4907-9842-f352edb6fbc8: receive RaftClientReply:client-090605BECF39->4d1e0fe6-60fd-4907-9842-f352edb6fbc8@group-7922B4F3146A, cid=42, SUCCESS, logIndex=1, commits[4d1e0fe6-60fd-4907-9842-f352edb6fbc8:c2, 9b1b75a9-c857-4b9a-9bce-dd664e78af57:c1, 3a14c1ba-d90f-4e55-9b74-34a12c0cf08b:c1]
2019-08-24 00:20:34,635 | INFO  | DNAudit | user=null | ip=null | op=CREATE_CONTAINER {containerID=1, containerType=KeyValueContainer} | ret=SUCCESS |  
2019-08-24 00:20:34,635 | INFO  | DNAudit | user=null | ip=null | op=CREATE_CONTAINER {containerID=1, containerType=KeyValueContainer} | ret=SUCCESS |  
2019-08-24 00:20:34,636 | INFO  | SCMAudit | user=jenkins1000 | ip=192.168.34.57 | op=SEND_HEARTBEAT {datanodeUUID=9b1b75a9-c857-4b9a-9bce-dd664e78af57, command=[]} | ret=SUCCESS |  
2019-08-24 00:20:34,636 | INFO  | SCMAudit | user=jenkins1000 | ip=192.168.34.57 | op=SEND_HEARTBEAT {datanodeUUID=3a14c1ba-d90f-4e55-9b74-34a12c0cf08b, command=[]} | ret=SUCCESS |  
2019-08-24 00:20:34,708 | INFO  | DNAudit | user=null | ip=null | op=CREATE_CONTAINER {containerID=2, containerType=KeyValueContainer} | ret=SUCCESS |  
2019-08-24 00:20:34,708 | INFO  | DNAudit | user=null | ip=null | op=CREATE_CONTAINER {containerID=2, containerType=KeyValueContainer} | ret=SUCCESS |  
2019-08-24 00:20:34,715 | INFO  | SCMAudit | user=jenkins1000 | ip=192.168.34.57 | op=SEND_HEARTBEAT {datanodeUUID=4d1e0fe6-60fd-4907-9842-f352edb6fbc8, command=[]} | ret=SUCCESS |  
2019-08-24 00:20:34,715 | INFO  | SCMAudit | user=jenkins1000 | ip=192.168.34.57 | op=SEND_HEARTBEAT {datanodeUUID=9b1b75a9-c857-4b9a-9bce-dd664e78af57, command=[]} | ret=SUCCESS |  
2019-08-24 00:20:34,715 [grpc-default-executor-5] INFO  client.GrpcClientProtocolClient (GrpcClientProtocolClient.java:onNext(255)) - client-090605BECF39->4d1e0fe6-60fd-4907-9842-f352edb6fbc8: receive RaftClientReply:client-090605BECF39->4d1e0fe6-60fd-4907-9842-f352edb6fbc8@group-7922B4F3146A, cid=43, SUCCESS, logIndex=3, commits[4d1e0fe6-60fd-4907-9842-f352edb6fbc8:c4, 9b1b75a9-c857-4b9a-9bce-dd664e78af57:c3, 3a14c1ba-d90f-4e55-9b74-34a12c0cf08b:c3]
2019-08-24 00:20:34,730 | INFO  | DNAudit | user=null | ip=null | op=CREATE_CONTAINER {containerID=2, containerType=KeyValueContainer} | ret=SUCCESS |  
2019-08-24 00:20:34,734 | INFO  | SCMAudit | user=jenkins1000 | ip=192.168.34.57 | op=SEND_HEARTBEAT {datanodeUUID=3a14c1ba-d90f-4e55-9b74-34a12c0cf08b, command=[]} | ret=SUCCESS |  
2019-08-24 00:20:34,831 | INFO  | DNAudit | user=null | ip=null | op=CREATE_CONTAINER {containerID=3, containerType=KeyValueContainer} | ret=SUCCESS |  
2019-08-24 00:20:34,831 | INFO  | DNAudit | user=null | ip=null | op=CREATE_CONTAINER {containerID=3, containerType=KeyValueContainer} | ret=SUCCESS |  
2019-08-24 00:20:34,832 | INFO  | SCMAudit | user=jenkins1000 | ip=192.168.34.57 | op=SEND_HEARTBEAT {datanodeUUID=4d1e0fe6-60fd-4907-9842-f352edb6fbc8, command=[]} | ret=SUCCESS |  
2019-08-24 00:20:34,832 | INFO  | SCMAudit | user=jenkins1000 | ip=192.168.34.57 | op=SEND_HEARTBEAT {datanodeUUID=9b1b75a9-c857-4b9a-9bce-dd664e78af57, command=[]} | ret=SUCCESS |  
2019-08-24 00:20:34,833 [grpc-default-executor-5] INFO  client.GrpcClientProtocolClient (GrpcClientProtocolClient.java:onNext(255)) - client-090605BECF39->4d1e0fe6-60fd-4907-9842-f352edb6fbc8: receive RaftClientReply:client-090605BECF39->4d1e0fe6-60fd-4907-9842-f352edb6fbc8@group-7922B4F3146A, cid=44, SUCCESS, logIndex=5, commits[4d1e0fe6-60fd-4907-9842-f352edb6fbc8:c6, 9b1b75a9-c857-4b9a-9bce-dd664e78af57:c5, 3a14c1ba-d90f-4e55-9b74-34a12c0cf08b:c5]
2019-08-24 00:20:34,851 | INFO  | DNAudit | user=null | ip=null | op=CREATE_CONTAINER {containerID=3, containerType=KeyValueContainer} | ret=SUCCESS |  
2019-08-24 00:20:34,852 | INFO  | SCMAudit | user=jenkins1000 | ip=192.168.34.57 | op=SEND_HEARTBEAT {datanodeUUID=3a14c1ba-d90f-4e55-9b74-34a12c0cf08b, command=[]} | ret=SUCCESS |  
2019-08-24 00:20:34,869 | INFO  | SCMAudit | user=jenkins1000 | ip=192.168.34.57 | op=SEND_HEARTBEAT {datanodeUUID=5da42abd-867e-47ba-b805-7d971175ab74, command=[]} | ret=SUCCESS |  
2019-08-24 00:20:35,103 | INFO  | SCMAudit | user=jenkins1000 | ip=192.168.34.57 | op=SEND_HEARTBEAT {datanodeUUID=a2fab492-56f3-43b8-af5f-239f4e38d11d, command=[]} | ret=SUCCESS |  
2019-08-24 00:20:35,327 | INFO  | SCMAudit | user=jenkins1000 | ip=192.168.34.57 | op=SEND_HEARTBEAT {datanodeUUID=44c7f39a-9454-4511-9eaf-9b72a4aa6bb9, command=[]} | ret=SUCCESS |  
2019-08-24 00:20:35,510 | INFO  | SCMAudit | user=jenkins1000 | ip=192.168.34.57 | op=SEND_HEARTBEAT {datanodeUUID=6f3ac5a3-43f3-4ed6-928d-1c9df2f8e2aa, command=[]} | ret=SUCCESS |  
2019-08-24 00:20:35,834 | INFO  | SCMAudit | user=jenkins1000 | ip=192.168.34.57 | op=SEND_HEARTBEAT {datanodeUUID=4d1e0fe6-60fd-4907-9842-f352edb6fbc8, command=[]} | ret=SUCCESS |  
2019-08-24 00:20:35,834 | INFO  | SCMAudit | user=jenkins1000 | ip=192.168.34.57 | op=SEND_HEARTBEAT {datanodeUUID=9b1b75a9-c857-4b9a-9bce-dd664e78af57, command=[]} | ret=SUCCESS |  
2019-08-24 00:20:35,852 | INFO  | SCMAudit | user=jenkins1000 | ip=192.168.34.57 | op=SEND_HEARTBEAT {datanodeUUID=3a14c1ba-d90f-4e55-9b74-34a12c0cf08b, command=[]} | ret=SUCCESS |  
2019-08-24 00:20:35,869 | INFO  | SCMAudit | user=jenkins1000 | ip=192.168.34.57 | op=SEND_HEARTBEAT {datanodeUUID=5da42abd-867e-47ba-b805-7d971175ab74, command=[]} | ret=SUCCESS |  
2019-08-24 00:20:36,104 | INFO  | SCMAudit | user=jenkins1000 | ip=192.168.34.57 | op=SEND_HEARTBEAT {datanodeUUID=a2fab492-56f3-43b8-af5f-239f4e38d11d, command=[]} | ret=SUCCESS |  
2019-08-24 00:20:36,327 | INFO  | SCMAudit | user=jenkins1000 | ip=192.168.34.57 | op=SEND_HEARTBEAT {datanodeUUID=44c7f39a-9454-4511-9eaf-9b72a4aa6bb9, command=[]} | ret=SUCCESS |  
2019-08-24 00:20:36,510 | INFO  | SCMAudit | user=jenkins1000 | ip=192.168.34.57 | op=SEND_HEARTBEAT {datanodeUUID=6f3ac5a3-43f3-4ed6-928d-1c9df2f8e2aa, command=[]} | ret=SUCCESS |  
2019-08-24 00:20:36,834 | INFO  | SCMAudit | user=jenkins1000 | ip=192.168.34.57 | op=SEND_HEARTBEAT {datanodeUUID=4d1e0fe6-60fd-4907-9842-f352edb6fbc8, command=[]} | ret=SUCCESS |  
2019-08-24 00:20:36,834 | INFO  | SCMAudit | user=jenkins1000 | ip=192.168.34.57 | op=SEND_HEARTBEAT {datanodeUUID=9b1b75a9-c857-4b9a-9bce-dd664e78af57, command=[]} | ret=SUCCESS |  
2019-08-24 00:20:36,852 | INFO  | SCMAudit | user=jenkins1000 | ip=192.168.34.57 | op=SEND_HEARTBEAT {datanodeUUID=3a14c1ba-d90f-4e55-9b74-34a12c0cf08b, command=[]} | ret=SUCCESS |  
2019-08-24 00:20:36,869 | INFO  | SCMAudit | user=jenkins1000 | ip=192.168.34.57 | op=SEND_HEARTBEAT {datanodeUUID=5da42abd-867e-47ba-b805-7d971175ab74, command=[]} | ret=SUCCESS |  
2019-08-24 00:20:37,104 | INFO  | SCMAudit | user=jenkins1000 | ip=192.168.34.57 | op=SEND_HEARTBEAT {datanodeUUID=a2fab492-56f3-43b8-af5f-239f4e38d11d, command=[]} | ret=SUCCESS |  
2019-08-24 00:20:37,327 | INFO  | SCMAudit | user=jenkins1000 | ip=192.168.34.57 | op=SEND_HEARTBEAT {datanodeUUID=44c7f39a-9454-4511-9eaf-9b72a4aa6bb9, command=[]} | ret=SUCCESS |  
2019-08-24 00:20:37,510 | INFO  | SCMAudit | user=jenkins1000 | ip=192.168.34.57 | op=SEND_HEARTBEAT {datanodeUUID=6f3ac5a3-43f3-4ed6-928d-1c9df2f8e2aa, command=[]} | ret=SUCCESS |  
2019-08-24 00:20:37,834 | INFO  | SCMAudit | user=jenkins1000 | ip=192.168.34.57 | op=SEND_HEARTBEAT {datanodeUUID=4d1e0fe6-60fd-4907-9842-f352edb6fbc8, command=[]} | ret=SUCCESS |  
2019-08-24 00:20:37,834 | INFO  | SCMAudit | user=jenkins1000 | ip=192.168.34.57 | op=SEND_HEARTBEAT {datanodeUUID=9b1b75a9-c857-4b9a-9bce-dd664e78af57, command=[]} | ret=SUCCESS |  
2019-08-24 00:20:37,852 | INFO  | SCMAudit | user=jenkins1000 | ip=192.168.34.57 | op=SEND_HEARTBEAT {datanodeUUID=3a14c1ba-d90f-4e55-9b74-34a12c0cf08b, command=[]} | ret=SUCCESS |  
2019-08-24 00:20:37,868 | INFO  | SCMAudit | user=jenkins1000 | ip=192.168.34.57 | op=SEND_HEARTBEAT {datanodeUUID=5da42abd-867e-47ba-b805-7d971175ab74, command=[]} | ret=SUCCESS |  
2019-08-24 00:20:38,105 | INFO  | SCMAudit | user=jenkins1000 | ip=192.168.34.57 | op=SEND_HEARTBEAT {datanodeUUID=a2fab492-56f3-43b8-af5f-239f4e38d11d, command=[]} | ret=SUCCESS |  
2019-08-24 00:20:38,327 | INFO  | SCMAudit | user=jenkins1000 | ip=192.168.34.57 | op=SEND_HEARTBEAT {datanodeUUID=44c7f39a-9454-4511-9eaf-9b72a4aa6bb9, command=[]} | ret=SUCCESS |  
2019-08-24 00:20:38,511 | INFO  | SCMAudit | user=jenkins1000 | ip=192.168.34.57 | op=SEND_HEARTBEAT {datanodeUUID=6f3ac5a3-43f3-4ed6-928d-1c9df2f8e2aa, command=[]} | ret=SUCCESS |  
2019-08-24 00:20:38,833 | INFO  | SCMAudit | user=jenkins1000 | ip=192.168.34.57 | op=SEND_HEARTBEAT {datanodeUUID=4d1e0fe6-60fd-4907-9842-f352edb6fbc8, command=[]} | ret=SUCCESS |  
2019-08-24 00:20:38,833 | INFO  | SCMAudit | user=jenkins1000 | ip=192.168.34.57 | op=SEND_HEARTBEAT {datanodeUUID=9b1b75a9-c857-4b9a-9bce-dd664e78af57, command=[]} | ret=SUCCESS |  
2019-08-24 00:20:38,858 | INFO  | SCMAudit | user=jenkins1000 | ip=192.168.34.57 | op=SEND_HEARTBEAT {datanodeUUID=3a14c1ba-d90f-4e55-9b74-34a12c0cf08b, command=[]} | ret=SUCCESS |  
2019-08-24 00:20:38,872 | INFO  | SCMAudit | user=jenkins1000 | ip=192.168.34.57 | op=SEND_HEARTBEAT {datanodeUUID=5da42abd-867e-47ba-b805-7d971175ab74, command=[]} | ret=SUCCESS |  
2019-08-24 00:20:39,106 | INFO  | SCMAudit | user=jenkins1000 | ip=192.168.34.57 | op=SEND_HEARTBEAT {datanodeUUID=a2fab492-56f3-43b8-af5f-239f4e38d11d, command=[]} | ret=SUCCESS |  
2019-08-24 00:20:39,328 | INFO  | SCMAudit | user=jenkins1000 | ip=192.168.34.57 | op=SEND_HEARTBEAT {datanodeUUID=44c7f39a-9454-4511-9eaf-9b72a4aa6bb9, command=[]} | ret=SUCCESS |  
2019-08-24 00:20:39,511 | INFO  | SCMAudit | user=jenkins1000 | ip=192.168.34.57 | op=SEND_HEARTBEAT {datanodeUUID=6f3ac5a3-43f3-4ed6-928d-1c9df2f8e2aa, command=[]} | ret=SUCCESS |  
2019-08-24 00:20:39,834 | INFO  | SCMAudit | user=jenkins1000 | ip=192.168.34.57 | op=SEND_HEARTBEAT {datanodeUUID=4d1e0fe6-60fd-4907-9842-f352edb6fbc8, command=[]} | ret=SUCCESS |  
2019-08-24 00:20:39,834 | INFO  | SCMAudit | user=jenkins1000 | ip=192.168.34.57 | op=SEND_HEARTBEAT {datanodeUUID=9b1b75a9-c857-4b9a-9bce-dd664e78af57, command=[]} | ret=SUCCESS |  
2019-08-24 00:20:39,858 | INFO  | SCMAudit | user=jenkins1000 | ip=192.168.34.57 | op=SEND_HEARTBEAT {datanodeUUID=3a14c1ba-d90f-4e55-9b74-34a12c0cf08b, command=[]} | ret=SUCCESS |  
2019-08-24 00:20:39,876 | INFO  | SCMAudit | user=jenkins1000 | ip=192.168.34.57 | op=SEND_HEARTBEAT {datanodeUUID=5da42abd-867e-47ba-b805-7d971175ab74, command=[]} | ret=SUCCESS |  
2019-08-24 00:20:39,886 [grpc-default-executor-4] INFO  client.GrpcClientProtocolClient (GrpcClientProtocolClient.java:onNext(255)) - client-090605BECF39->3a14c1ba-d90f-4e55-9b74-34a12c0cf08b: receive RaftClientReply:client-090605BECF39->3a14c1ba-d90f-4e55-9b74-34a12c0cf08b@group-7922B4F3146A, cid=45, FAILED org.apache.ratis.protocol.NotLeaderException: Server 3a14c1ba-d90f-4e55-9b74-34a12c0cf08b is not the leader (4d1e0fe6-60fd-4907-9842-f352edb6fbc8:192.168.34.57:43840). Request must be sent to leader., logIndex=0, commits[3a14c1ba-d90f-4e55-9b74-34a12c0cf08b:c8, 9b1b75a9-c857-4b9a-9bce-dd664e78af57:c8, 4d1e0fe6-60fd-4907-9842-f352edb6fbc8:c8]
2019-08-24 00:20:40,106 | INFO  | SCMAudit | user=jenkins1000 | ip=192.168.34.57 | op=SEND_HEARTBEAT {datanodeUUID=a2fab492-56f3-43b8-af5f-239f4e38d11d, command=[]} | ret=SUCCESS |  
2019-08-24 00:20:40,326 | INFO  | SCMAudit | user=jenkins1000 | ip=192.168.34.57 | op=SEND_HEARTBEAT {datanodeUUID=44c7f39a-9454-4511-9eaf-9b72a4aa6bb9, command=[]} | ret=SUCCESS |  
2019-08-24 00:20:40,511 | INFO  | SCMAudit | user=jenkins1000 | ip=192.168.34.57 | op=SEND_HEARTBEAT {datanodeUUID=6f3ac5a3-43f3-4ed6-928d-1c9df2f8e2aa, command=[]} | ret=SUCCESS |  
2019-08-24 00:20:40,834 | INFO  | SCMAudit | user=jenkins1000 | ip=192.168.34.57 | op=SEND_HEARTBEAT {datanodeUUID=4d1e0fe6-60fd-4907-9842-f352edb6fbc8, command=[]} | ret=SUCCESS |  
2019-08-24 00:20:40,835 | INFO  | SCMAudit | user=jenkins1000 | ip=192.168.34.57 | op=SEND_HEARTBEAT {datanodeUUID=9b1b75a9-c857-4b9a-9bce-dd664e78af57, command=[]} | ret=SUCCESS |  
2019-08-24 00:20:40,858 | INFO  | SCMAudit | user=jenkins1000 | ip=192.168.34.57 | op=SEND_HEARTBEAT {datanodeUUID=3a14c1ba-d90f-4e55-9b74-34a12c0cf08b, command=[]} | ret=SUCCESS |  
2019-08-24 00:20:40,877 | INFO  | SCMAudit | user=jenkins1000 | ip=192.168.34.57 | op=SEND_HEARTBEAT {datanodeUUID=5da42abd-867e-47ba-b805-7d971175ab74, command=[]} | ret=SUCCESS |  
2019-08-24 00:20:41,106 | INFO  | SCMAudit | user=jenkins1000 | ip=192.168.34.57 | op=SEND_HEARTBEAT {datanodeUUID=a2fab492-56f3-43b8-af5f-239f4e38d11d, command=[]} | ret=SUCCESS |  
2019-08-24 00:20:41,327 | INFO  | SCMAudit | user=jenkins1000 | ip=192.168.34.57 | op=SEND_HEARTBEAT {datanodeUUID=44c7f39a-9454-4511-9eaf-9b72a4aa6bb9, command=[]} | ret=SUCCESS |  
2019-08-24 00:20:41,511 | INFO  | SCMAudit | user=jenkins1000 | ip=192.168.34.57 | op=SEND_HEARTBEAT {datanodeUUID=6f3ac5a3-43f3-4ed6-928d-1c9df2f8e2aa, command=[]} | ret=SUCCESS |  
2019-08-24 00:20:41,834 | INFO  | SCMAudit | user=jenkins1000 | ip=192.168.34.57 | op=SEND_HEARTBEAT {datanodeUUID=4d1e0fe6-60fd-4907-9842-f352edb6fbc8, command=[]} | ret=SUCCESS |  
2019-08-24 00:20:41,835 | INFO  | SCMAudit | user=jenkins1000 | ip=192.168.34.57 | op=SEND_HEARTBEAT {datanodeUUID=9b1b75a9-c857-4b9a-9bce-dd664e78af57, command=[]} | ret=SUCCESS |  
2019-08-24 00:20:41,857 | INFO  | SCMAudit | user=jenkins1000 | ip=192.168.34.57 | op=SEND_HEARTBEAT {datanodeUUID=3a14c1ba-d90f-4e55-9b74-34a12c0cf08b, command=[]} | ret=SUCCESS |  
2019-08-24 00:20:41,878 | INFO  | SCMAudit | user=jenkins1000 | ip=192.168.34.57 | op=SEND_HEARTBEAT {datanodeUUID=5da42abd-867e-47ba-b805-7d971175ab74, command=[]} | ret=SUCCESS |  
2019-08-24 00:20:42,106 | INFO  | SCMAudit | user=jenkins1000 | ip=192.168.34.57 | op=SEND_HEARTBEAT {datanodeUUID=a2fab492-56f3-43b8-af5f-239f4e38d11d, command=[]} | ret=SUCCESS |  
2019-08-24 00:20:42,328 | INFO  | SCMAudit | user=jenkins1000 | ip=192.168.34.57 | op=SEND_HEARTBEAT {datanodeUUID=44c7f39a-9454-4511-9eaf-9b72a4aa6bb9, command=[]} | ret=SUCCESS |  
2019-08-24 00:20:42,511 | INFO  | SCMAudit | user=jenkins1000 | ip=192.168.34.57 | op=SEND_HEARTBEAT {datanodeUUID=6f3ac5a3-43f3-4ed6-928d-1c9df2f8e2aa, command=[]} | ret=SUCCESS |  
2019-08-24 00:20:42,834 | INFO  | SCMAudit | user=jenkins1000 | ip=192.168.34.57 | op=SEND_HEARTBEAT {datanodeUUID=9b1b75a9-c857-4b9a-9bce-dd664e78af57, command=[]} | ret=SUCCESS |  
2019-08-24 00:20:42,835 | INFO  | SCMAudit | user=jenkins1000 | ip=192.168.34.57 | op=SEND_HEARTBEAT {datanodeUUID=4d1e0fe6-60fd-4907-9842-f352edb6fbc8, command=[]} | ret=SUCCESS |  
2019-08-24 00:20:42,858 | INFO  | SCMAudit | user=jenkins1000 | ip=192.168.34.57 | op=SEND_HEARTBEAT {datanodeUUID=3a14c1ba-d90f-4e55-9b74-34a12c0cf08b, command=[]} | ret=SUCCESS |  
2019-08-24 00:20:42,881 | INFO  | SCMAudit | user=jenkins1000 | ip=192.168.34.57 | op=SEND_HEARTBEAT {datanodeUUID=5da42abd-867e-47ba-b805-7d971175ab74, command=[]} | ret=SUCCESS |  
2019-08-24 00:20:43,106 | INFO  | SCMAudit | user=jenkins1000 | ip=192.168.34.57 | op=SEND_HEARTBEAT {datanodeUUID=a2fab492-56f3-43b8-af5f-239f4e38d11d, command=[]} | ret=SUCCESS |  
2019-08-24 00:20:43,329 | INFO  | SCMAudit | user=jenkins1000 | ip=192.168.34.57 | op=SEND_HEARTBEAT {datanodeUUID=44c7f39a-9454-4511-9eaf-9b72a4aa6bb9, command=[]} | ret=SUCCESS |  
2019-08-24 00:20:43,511 | INFO  | SCMAudit | user=jenkins1000 | ip=192.168.34.57 | op=SEND_HEARTBEAT {datanodeUUID=6f3ac5a3-43f3-4ed6-928d-1c9df2f8e2aa, command=[]} | ret=SUCCESS |  
2019-08-24 00:20:43,835 | INFO  | SCMAudit | user=jenkins1000 | ip=192.168.34.57 | op=SEND_HEARTBEAT {datanodeUUID=4d1e0fe6-60fd-4907-9842-f352edb6fbc8, command=[]} | ret=SUCCESS |  
2019-08-24 00:20:43,836 | INFO  | SCMAudit | user=jenkins1000 | ip=192.168.34.57 | op=SEND_HEARTBEAT {datanodeUUID=9b1b75a9-c857-4b9a-9bce-dd664e78af57, command=[]} | ret=SUCCESS |  
2019-08-24 00:20:43,859 | INFO  | SCMAudit | user=jenkins1000 | ip=192.168.34.57 | op=SEND_HEARTBEAT {datanodeUUID=3a14c1ba-d90f-4e55-9b74-34a12c0cf08b, command=[]} | ret=SUCCESS |  
2019-08-24 00:20:43,877 | INFO  | SCMAudit | user=jenkins1000 | ip=192.168.34.57 | op=SEND_HEARTBEAT {datanodeUUID=5da42abd-867e-47ba-b805-7d971175ab74, command=[]} | ret=SUCCESS |  
2019-08-24 00:20:44,106 | INFO  | SCMAudit | user=jenkins1000 | ip=192.168.34.57 | op=SEND_HEARTBEAT {datanodeUUID=a2fab492-56f3-43b8-af5f-239f4e38d11d, command=[]} | ret=SUCCESS |  
2019-08-24 00:20:44,329 | INFO  | SCMAudit | user=jenkins1000 | ip=192.168.34.57 | op=SEND_HEARTBEAT {datanodeUUID=44c7f39a-9454-4511-9eaf-9b72a4aa6bb9, command=[]} | ret=SUCCESS |  
2019-08-24 00:20:44,511 | INFO  | SCMAudit | user=jenkins1000 | ip=192.168.34.57 | op=SEND_HEARTBEAT {datanodeUUID=6f3ac5a3-43f3-4ed6-928d-1c9df2f8e2aa, command=[]} | ret=SUCCESS |  
2019-08-24 00:20:44,835 | INFO  | SCMAudit | user=jenkins1000 | ip=192.168.34.57 | op=SEND_HEARTBEAT {datanodeUUID=4d1e0fe6-60fd-4907-9842-f352edb6fbc8, command=[]} | ret=SUCCESS |  
2019-08-24 00:20:44,836 | INFO  | SCMAudit | user=jenkins1000 | ip=192.168.34.57 | op=SEND_HEARTBEAT {datanodeUUID=9b1b75a9-c857-4b9a-9bce-dd664e78af57, command=[]} | ret=SUCCESS |  
2019-08-24 00:20:44,859 | INFO  | SCMAudit | user=jenkins1000 | ip=192.168.34.57 | op=SEND_HEARTBEAT {datanodeUUID=3a14c1ba-d90f-4e55-9b74-34a12c0cf08b, command=[]} | ret=SUCCESS |  
2019-08-24 00:20:44,878 | INFO  | SCMAudit | user=jenkins1000 | ip=192.168.34.57 | op=SEND_HEARTBEAT {datanodeUUID=5da42abd-867e-47ba-b805-7d971175ab74, command=[]} | ret=SUCCESS |  
2019-08-24 00:20:44,945 [grpc-default-executor-5] INFO  client.GrpcClientProtocolClient (GrpcClientProtocolClient.java:onNext(255)) - client-090605BECF39->3a14c1ba-d90f-4e55-9b74-34a12c0cf08b: receive RaftClientReply:client-090605BECF39->3a14c1ba-d90f-4e55-9b74-34a12c0cf08b@group-7922B4F3146A, cid=45, FAILED org.apache.ratis.protocol.NotLeaderException: Server 3a14c1ba-d90f-4e55-9b74-34a12c0cf08b is not the leader (4d1e0fe6-60fd-4907-9842-f352edb6fbc8:192.168.34.57:43840). Request must be sent to leader., logIndex=0, commits[3a14c1ba-d90f-4e55-9b74-34a12c0cf08b:c8, 9b1b75a9-c857-4b9a-9bce-dd664e78af57:c8, 4d1e0fe6-60fd-4907-9842-f352edb6fbc8:c8]
2019-08-24 00:20:45,107 | INFO  | SCMAudit | user=jenkins1000 | ip=192.168.34.57 | op=SEND_HEARTBEAT {datanodeUUID=a2fab492-56f3-43b8-af5f-239f4e38d11d, command=[]} | ret=SUCCESS |  
2019-08-24 00:20:45,330 | INFO  | SCMAudit | user=jenkins1000 | ip=192.168.34.57 | op=SEND_HEARTBEAT {datanodeUUID=44c7f39a-9454-4511-9eaf-9b72a4aa6bb9, command=[]} | ret=SUCCESS |  
2019-08-24 00:20:45,511 | INFO  | SCMAudit | user=jenkins1000 | ip=192.168.34.57 | op=SEND_HEARTBEAT {datanodeUUID=6f3ac5a3-43f3-4ed6-928d-1c9df2f8e2aa, command=[]} | ret=SUCCESS |  
2019-08-24 00:20:45,835 | INFO  | SCMAudit | user=jenkins1000 | ip=192.168.34.57 | op=SEND_HEARTBEAT {datanodeUUID=4d1e0fe6-60fd-4907-9842-f352edb6fbc8, command=[]} | ret=SUCCESS |  
2019-08-24 00:20:45,836 | INFO  | SCMAudit | user=jenkins1000 | ip=192.168.34.57 | op=SEND_HEARTBEAT {datanodeUUID=9b1b75a9-c857-4b9a-9bce-dd664e78af57, command=[]} | ret=SUCCESS |  
2019-08-24 00:20:45,858 | INFO  | SCMAudit | user=jenkins1000 | ip=192.168.34.57 | op=SEND_HEARTBEAT {datanodeUUID=3a14c1ba-d90f-4e55-9b74-34a12c0cf08b, command=[]} | ret=SUCCESS |  
2019-08-24 00:20:45,880 | INFO  | SCMAudit | user=jenkins1000 | ip=192.168.34.57 | op=SEND_HEARTBEAT {datanodeUUID=5da42abd-867e-47ba-b805-7d971175ab74, command=[]} | ret=SUCCESS |  
2019-08-24 00:20:46,107 | INFO  | SCMAudit | user=jenkins1000 | ip=192.168.34.57 | op=SEND_HEARTBEAT {datanodeUUID=a2fab492-56f3-43b8-af5f-239f4e38d11d, command=[]} | ret=SUCCESS |  
2019-08-24 00:20:46,330 | INFO  | SCMAudit | user=jenkins1000 | ip=192.168.34.57 | op=SEND_HEARTBEAT {datanodeUUID=44c7f39a-9454-4511-9eaf-9b72a4aa6bb9, command=[]} | ret=SUCCESS |  
2019-08-24 00:20:46,512 | INFO  | SCMAudit | user=jenkins1000 | ip=192.168.34.57 | op=SEND_HEARTBEAT {datanodeUUID=6f3ac5a3-43f3-4ed6-928d-1c9df2f8e2aa, command=[]} | ret=SUCCESS |  
2019-08-24 00:20:46,835 | INFO  | SCMAudit | user=jenkins1000 | ip=192.168.34.57 | op=SEND_HEARTBEAT {datanodeUUID=4d1e0fe6-60fd-4907-9842-f352edb6fbc8, command=[]} | ret=SUCCESS |  
2019-08-24 00:20:46,835 | INFO  | SCMAudit | user=jenkins1000 | ip=192.168.34.57 | op=SEND_HEARTBEAT {datanodeUUID=9b1b75a9-c857-4b9a-9bce-dd664e78af57, command=[]} | ret=SUCCESS |  
2019-08-24 00:20:46,859 | INFO  | SCMAudit | user=jenkins1000 | ip=192.168.34.57 | op=SEND_HEARTBEAT {datanodeUUID=3a14c1ba-d90f-4e55-9b74-34a12c0cf08b, command=[]} | ret=SUCCESS |  
2019-08-24 00:20:46,879 | INFO  | SCMAudit | user=jenkins1000 | ip=192.168.34.57 | op=SEND_HEARTBEAT {datanodeUUID=5da42abd-867e-47ba-b805-7d971175ab74, command=[]} | ret=SUCCESS |  
2019-08-24 00:20:47,107 | INFO  | SCMAudit | user=jenkins1000 | ip=192.168.34.57 | op=SEND_HEARTBEAT {datanodeUUID=a2fab492-56f3-43b8-af5f-239f4e38d11d, command=[]} | ret=SUCCESS |  
2019-08-24 00:20:47,330 | INFO  | SCMAudit | user=jenkins1000 | ip=192.168.34.57 | op=SEND_HEARTBEAT {datanodeUUID=44c7f39a-9454-4511-9eaf-9b72a4aa6bb9, command=[]} | ret=SUCCESS |  
2019-08-24 00:20:47,512 | INFO  | SCMAudit | user=jenkins1000 | ip=192.168.34.57 | op=SEND_HEARTBEAT {datanodeUUID=6f3ac5a3-43f3-4ed6-928d-1c9df2f8e2aa, command=[]} | ret=SUCCESS |  
2019-08-24 00:20:47,835 | INFO  | SCMAudit | user=jenkins1000 | ip=192.168.34.57 | op=SEND_HEARTBEAT {datanodeUUID=4d1e0fe6-60fd-4907-9842-f352edb6fbc8, command=[]} | ret=SUCCESS |  
2019-08-24 00:20:47,836 | INFO  | SCMAudit | user=jenkins1000 | ip=192.168.34.57 | op=SEND_HEARTBEAT {datanodeUUID=9b1b75a9-c857-4b9a-9bce-dd664e78af57, command=[]} | ret=SUCCESS |  
2019-08-24 00:20:47,859 | INFO  | SCMAudit | user=jenkins1000 | ip=192.168.34.57 | op=SEND_HEARTBEAT {datanodeUUID=3a14c1ba-d90f-4e55-9b74-34a12c0cf08b, command=[]} | ret=SUCCESS |  
2019-08-24 00:20:47,878 | INFO  | SCMAudit | user=jenkins1000 | ip=192.168.34.57 | op=SEND_HEARTBEAT {datanodeUUID=5da42abd-867e-47ba-b805-7d971175ab74, command=[]} | ret=SUCCESS |  
2019-08-24 00:20:48,107 | INFO  | SCMAudit | user=jenkins1000 | ip=192.168.34.57 | op=SEND_HEARTBEAT {datanodeUUID=a2fab492-56f3-43b8-af5f-239f4e38d11d, command=[]} | ret=SUCCESS |  
2019-08-24 00:20:48,330 | INFO  | SCMAudit | user=jenkins1000 | ip=192.168.34.57 | op=SEND_HEARTBEAT {datanodeUUID=44c7f39a-9454-4511-9eaf-9b72a4aa6bb9, command=[]} | ret=SUCCESS |  
2019-08-24 00:20:48,512 | INFO  | SCMAudit | user=jenkins1000 | ip=192.168.34.57 | op=SEND_HEARTBEAT {datanodeUUID=6f3ac5a3-43f3-4ed6-928d-1c9df2f8e2aa, command=[]} | ret=SUCCESS |  
2019-08-24 00:20:48,835 | INFO  | SCMAudit | user=jenkins1000 | ip=192.168.34.57 | op=SEND_HEARTBEAT {datanodeUUID=4d1e0fe6-60fd-4907-9842-f352edb6fbc8, command=[]} | ret=SUCCESS |  
2019-08-24 00:20:48,837 | INFO  | SCMAudit | user=jenkins1000 | ip=192.168.34.57 | op=SEND_HEARTBEAT {datanodeUUID=9b1b75a9-c857-4b9a-9bce-dd664e78af57, command=[]} | ret=SUCCESS |  
2019-08-24 00:20:48,860 | INFO  | SCMAudit | user=jenkins1000 | ip=192.168.34.57 | op=SEND_HEARTBEAT {datanodeUUID=3a14c1ba-d90f-4e55-9b74-34a12c0cf08b, command=[]} | ret=SUCCESS |  
2019-08-24 00:20:48,879 | INFO  | SCMAudit | user=jenkins1000 | ip=192.168.34.57 | op=SEND_HEARTBEAT {datanodeUUID=5da42abd-867e-47ba-b805-7d971175ab74, command=[]} | ret=SUCCESS |  
2019-08-24 00:20:49,107 | INFO  | SCMAudit | user=jenkins1000 | ip=192.168.34.57 | op=SEND_HEARTBEAT {datanodeUUID=a2fab492-56f3-43b8-af5f-239f4e38d11d, command=[]} | ret=SUCCESS |  
2019-08-24 00:20:49,330 | INFO  | SCMAudit | user=jenkins1000 | ip=192.168.34.57 | op=SEND_HEARTBEAT {datanodeUUID=44c7f39a-9454-4511-9eaf-9b72a4aa6bb9, command=[]} | ret=SUCCESS |  
2019-08-24 00:20:49,512 | INFO  | SCMAudit | user=jenkins1000 | ip=192.168.34.57 | op=SEND_HEARTBEAT {datanodeUUID=6f3ac5a3-43f3-4ed6-928d-1c9df2f8e2aa, command=[]} | ret=SUCCESS |  
2019-08-24 00:20:49,835 | INFO  | SCMAudit | user=jenkins1000 | ip=192.168.34.57 | op=SEND_HEARTBEAT {datanodeUUID=4d1e0fe6-60fd-4907-9842-f352edb6fbc8, command=[]} | ret=SUCCESS |  
2019-08-24 00:20:49,837 | INFO  | SCMAudit | user=jenkins1000 | ip=192.168.34.57 | op=SEND_HEARTBEAT {datanodeUUID=9b1b75a9-c857-4b9a-9bce-dd664e78af57, command=[]} | ret=SUCCESS |  
2019-08-24 00:20:49,859 | INFO  | SCMAudit | user=jenkins1000 | ip=192.168.34.57 | op=SEND_HEARTBEAT {datanodeUUID=3a14c1ba-d90f-4e55-9b74-34a12c0cf08b, command=[]} | ret=SUCCESS |  
2019-08-24 00:20:49,879 | INFO  | SCMAudit | user=jenkins1000 | ip=192.168.34.57 | op=SEND_HEARTBEAT {datanodeUUID=5da42abd-867e-47ba-b805-7d971175ab74, command=[]} | ret=SUCCESS |  
2019-08-24 00:20:50,016 [grpc-default-executor-4] INFO  client.GrpcClientProtocolClient (GrpcClientProtocolClient.java:onNext(255)) - client-090605BECF39->9b1b75a9-c857-4b9a-9bce-dd664e78af57: receive RaftClientReply:client-090605BECF39->9b1b75a9-c857-4b9a-9bce-dd664e78af57@group-7922B4F3146A, cid=45, FAILED org.apache.ratis.protocol.NotLeaderException: Server 9b1b75a9-c857-4b9a-9bce-dd664e78af57 is not the leader (4d1e0fe6-60fd-4907-9842-f352edb6fbc8:192.168.34.57:43840). Request must be sent to leader., logIndex=0, commits[9b1b75a9-c857-4b9a-9bce-dd664e78af57:c8, 3a14c1ba-d90f-4e55-9b74-34a12c0cf08b:c8, 4d1e0fe6-60fd-4907-9842-f352edb6fbc8:c8]
2019-08-24 00:20:50,107 | INFO  | SCMAudit | user=jenkins1000 | ip=192.168.34.57 | op=SEND_HEARTBEAT {datanodeUUID=a2fab492-56f3-43b8-af5f-239f4e38d11d, command=[]} | ret=SUCCESS |  
2019-08-24 00:20:50,330 | INFO  | SCMAudit | user=jenkins1000 | ip=192.168.34.57 | op=SEND_HEARTBEAT {datanodeUUID=44c7f39a-9454-4511-9eaf-9b72a4aa6bb9, command=[]} | ret=SUCCESS |  
2019-08-24 00:20:50,513 | INFO  | SCMAudit | user=jenkins1000 | ip=192.168.34.57 | op=SEND_HEARTBEAT {datanodeUUID=6f3ac5a3-43f3-4ed6-928d-1c9df2f8e2aa, command=[]} | ret=SUCCESS |  
2019-08-24 00:20:50,837 | INFO  | SCMAudit | user=jenkins1000 | ip=192.168.34.57 | op=SEND_HEARTBEAT {datanodeUUID=4d1e0fe6-60fd-4907-9842-f352edb6fbc8, command=[]} | ret=SUCCESS |  
2019-08-24 00:20:50,837 | INFO  | SCMAudit | user=jenkins1000 | ip=192.168.34.57 | op=SEND_HEARTBEAT {datanodeUUID=9b1b75a9-c857-4b9a-9bce-dd664e78af57, command=[]} | ret=SUCCESS |  
2019-08-24 00:20:50,860 | INFO  | SCMAudit | user=jenkins1000 | ip=192.168.34.57 | op=SEND_HEARTBEAT {datanodeUUID=3a14c1ba-d90f-4e55-9b74-34a12c0cf08b, command=[]} | ret=SUCCESS |  
2019-08-24 00:20:50,879 | INFO  | SCMAudit | user=jenkins1000 | ip=192.168.34.57 | op=SEND_HEARTBEAT {datanodeUUID=5da42abd-867e-47ba-b805-7d971175ab74, command=[]} | ret=SUCCESS |  
2019-08-24 00:20:51,108 | INFO  | SCMAudit | user=jenkins1000 | ip=192.168.34.57 | op=SEND_HEARTBEAT {datanodeUUID=a2fab492-56f3-43b8-af5f-239f4e38d11d, command=[]} | ret=SUCCESS |  
2019-08-24 00:20:51,330 | INFO  | SCMAudit | user=jenkins1000 | ip=192.168.34.57 | op=SEND_HEARTBEAT {datanodeUUID=44c7f39a-9454-4511-9eaf-9b72a4aa6bb9, command=[]} | ret=SUCCESS |  
2019-08-24 00:20:51,513 | INFO  | SCMAudit | user=jenkins1000 | ip=192.168.34.57 | op=SEND_HEARTBEAT {datanodeUUID=6f3ac5a3-43f3-4ed6-928d-1c9df2f8e2aa, command=[]} | ret=SUCCESS |  
2019-08-24 00:20:51,837 | INFO  | SCMAudit | user=jenkins1000 | ip=192.168.34.57 | op=SEND_HEARTBEAT {datanodeUUID=9b1b75a9-c857-4b9a-9bce-dd664e78af57, command=[]} | ret=SUCCESS |  
2019-08-24 00:20:51,837 | INFO  | SCMAudit | user=jenkins1000 | ip=192.168.34.57 | op=SEND_HEARTBEAT {datanodeUUID=4d1e0fe6-60fd-4907-9842-f352edb6fbc8, command=[]} | ret=SUCCESS |  
2019-08-24 00:20:51,859 | INFO  | SCMAudit | user=jenkins1000 | ip=192.168.34.57 | op=SEND_HEARTBEAT {datanodeUUID=3a14c1ba-d90f-4e55-9b74-34a12c0cf08b, command=[]} | ret=SUCCESS |  
2019-08-24 00:20:51,880 | INFO  | SCMAudit | user=jenkins1000 | ip=192.168.34.57 | op=SEND_HEARTBEAT {datanodeUUID=5da42abd-867e-47ba-b805-7d971175ab74, command=[]} | ret=SUCCESS |  
2019-08-24 00:20:52,108 | INFO  | SCMAudit | user=jenkins1000 | ip=192.168.34.57 | op=SEND_HEARTBEAT {datanodeUUID=a2fab492-56f3-43b8-af5f-239f4e38d11d, command=[]} | ret=SUCCESS |  
2019-08-24 00:20:52,329 | INFO  | SCMAudit | user=jenkins1000 | ip=192.168.34.57 | op=SEND_HEARTBEAT {datanodeUUID=44c7f39a-9454-4511-9eaf-9b72a4aa6bb9, command=[]} | ret=SUCCESS |  
2019-08-24 00:20:52,513 | INFO  | SCMAudit | user=jenkins1000 | ip=192.168.34.57 | op=SEND_HEARTBEAT {datanodeUUID=6f3ac5a3-43f3-4ed6-928d-1c9df2f8e2aa, command=[]} | ret=SUCCESS |  
2019-08-24 00:20:52,837 | INFO  | SCMAudit | user=jenkins1000 | ip=192.168.34.57 | op=SEND_HEARTBEAT {datanodeUUID=9b1b75a9-c857-4b9a-9bce-dd664e78af57, command=[]} | ret=SUCCESS |  
2019-08-24 00:20:52,837 | INFO  | SCMAudit | user=jenkins1000 | ip=192.168.34.57 | op=SEND_HEARTBEAT {datanodeUUID=4d1e0fe6-60fd-4907-9842-f352edb6fbc8, command=[]} | ret=SUCCESS |  
2019-08-24 00:20:52,860 | INFO  | SCMAudit | user=jenkins1000 | ip=192.168.34.57 | op=SEND_HEARTBEAT {datanodeUUID=3a14c1ba-d90f-4e55-9b74-34a12c0cf08b, command=[]} | ret=SUCCESS |  
2019-08-24 00:20:52,881 | INFO  | SCMAudit | user=jenkins1000 | ip=192.168.34.57 | op=SEND_HEARTBEAT {datanodeUUID=5da42abd-867e-47ba-b805-7d971175ab74, command=[]} | ret=SUCCESS |  
2019-08-24 00:20:53,108 | INFO  | SCMAudit | user=jenkins1000 | ip=192.168.34.57 | op=SEND_HEARTBEAT {datanodeUUID=a2fab492-56f3-43b8-af5f-239f4e38d11d, command=[]} | ret=SUCCESS |  
2019-08-24 00:20:53,330 | INFO  | SCMAudit | user=jenkins1000 | ip=192.168.34.57 | op=SEND_HEARTBEAT {datanodeUUID=44c7f39a-9454-4511-9eaf-9b72a4aa6bb9, command=[]} | ret=SUCCESS |  
2019-08-24 00:20:53,513 | INFO  | SCMAudit | user=jenkins1000 | ip=192.168.34.57 | op=SEND_HEARTBEAT {datanodeUUID=6f3ac5a3-43f3-4ed6-928d-1c9df2f8e2aa, command=[]} | ret=SUCCESS |  
2019-08-24 00:20:53,837 | INFO  | SCMAudit | user=jenkins1000 | ip=192.168.34.57 | op=SEND_HEARTBEAT {datanodeUUID=4d1e0fe6-60fd-4907-9842-f352edb6fbc8, command=[]} | ret=SUCCESS |  
2019-08-24 00:20:53,837 | INFO  | SCMAudit | user=jenkins1000 | ip=192.168.34.57 | op=SEND_HEARTBEAT {datanodeUUID=9b1b75a9-c857-4b9a-9bce-dd664e78af57, command=[]} | ret=SUCCESS |  
2019-08-24 00:20:53,859 | INFO  | SCMAudit | user=jenkins1000 | ip=192.168.34.57 | op=SEND_HEARTBEAT {datanodeUUID=3a14c1ba-d90f-4e55-9b74-34a12c0cf08b, command=[]} | ret=SUCCESS |  
2019-08-24 00:20:53,880 | INFO  | SCMAudit | user=jenkins1000 | ip=192.168.34.57 | op=SEND_HEARTBEAT {datanodeUUID=5da42abd-867e-47ba-b805-7d971175ab74, command=[]} | ret=SUCCESS |  
2019-08-24 00:20:54,108 | INFO  | SCMAudit | user=jenkins1000 | ip=192.168.34.57 | op=SEND_HEARTBEAT {datanodeUUID=a2fab492-56f3-43b8-af5f-239f4e38d11d, command=[]} | ret=SUCCESS |  
2019-08-24 00:20:54,330 | INFO  | SCMAudit | user=jenkins1000 | ip=192.168.34.57 | op=SEND_HEARTBEAT {datanodeUUID=44c7f39a-9454-4511-9eaf-9b72a4aa6bb9, command=[]} | ret=SUCCESS |  
2019-08-24 00:20:54,514 | INFO  | SCMAudit | user=jenkins1000 | ip=192.168.34.57 | op=SEND_HEARTBEAT {datanodeUUID=6f3ac5a3-43f3-4ed6-928d-1c9df2f8e2aa, command=[]} | ret=SUCCESS |  
2019-08-24 00:20:54,837 | INFO  | SCMAudit | user=jenkins1000 | ip=192.168.34.57 | op=SEND_HEARTBEAT {datanodeUUID=9b1b75a9-c857-4b9a-9bce-dd664e78af57, command=[]} | ret=SUCCESS |  
2019-08-24 00:20:54,837 | INFO  | SCMAudit | user=jenkins1000 | ip=192.168.34.57 | op=SEND_HEARTBEAT {datanodeUUID=4d1e0fe6-60fd-4907-9842-f352edb6fbc8, command=[]} | ret=SUCCESS |  
2019-08-24 00:20:54,860 | INFO  | SCMAudit | user=jenkins1000 | ip=192.168.34.57 | op=SEND_HEARTBEAT {datanodeUUID=3a14c1ba-d90f-4e55-9b74-34a12c0cf08b, command=[]} | ret=SUCCESS |  
2019-08-24 00:20:54,881 | INFO  | SCMAudit | user=jenkins1000 | ip=192.168.34.57 | op=SEND_HEARTBEAT {datanodeUUID=5da42abd-867e-47ba-b805-7d971175ab74, command=[]} | ret=SUCCESS |  
2019-08-24 00:20:55,065 [grpc-default-executor-5] INFO  client.GrpcClientProtocolClient (GrpcClientProtocolClient.java:onNext(255)) - client-090605BECF39->3a14c1ba-d90f-4e55-9b74-34a12c0cf08b: receive RaftClientReply:client-090605BECF39->3a14c1ba-d90f-4e55-9b74-34a12c0cf08b@group-7922B4F3146A, cid=45, FAILED org.apache.ratis.protocol.NotLeaderException: Server 3a14c1ba-d90f-4e55-9b74-34a12c0cf08b is not the leader (4d1e0fe6-60fd-4907-9842-f352edb6fbc8:192.168.34.57:43840). Request must be sent to leader., logIndex=0, commits[3a14c1ba-d90f-4e55-9b74-34a12c0cf08b:c8, 9b1b75a9-c857-4b9a-9bce-dd664e78af57:c8, 4d1e0fe6-60fd-4907-9842-f352edb6fbc8:c8]
2019-08-24 00:20:55,108 | INFO  | SCMAudit | user=jenkins1000 | ip=192.168.34.57 | op=SEND_HEARTBEAT {datanodeUUID=a2fab492-56f3-43b8-af5f-239f4e38d11d, command=[]} | ret=SUCCESS |  
2019-08-24 00:20:55,330 | INFO  | SCMAudit | user=jenkins1000 | ip=192.168.34.57 | op=SEND_HEARTBEAT {datanodeUUID=44c7f39a-9454-4511-9eaf-9b72a4aa6bb9, command=[]} | ret=SUCCESS |  
2019-08-24 00:20:55,514 | INFO  | SCMAudit | user=jenkins1000 | ip=192.168.34.57 | op=SEND_HEARTBEAT {datanodeUUID=6f3ac5a3-43f3-4ed6-928d-1c9df2f8e2aa, command=[]} | ret=SUCCESS |  
2019-08-24 00:20:55,837 | INFO  | SCMAudit | user=jenkins1000 | ip=192.168.34.57 | op=SEND_HEARTBEAT {datanodeUUID=4d1e0fe6-60fd-4907-9842-f352edb6fbc8, command=[]} | ret=SUCCESS |  
2019-08-24 00:20:55,837 | INFO  | SCMAudit | user=jenkins1000 | ip=192.168.34.57 | op=SEND_HEARTBEAT {datanodeUUID=9b1b75a9-c857-4b9a-9bce-dd664e78af57, command=[]} | ret=SUCCESS |  
2019-08-24 00:20:55,859 | INFO  | SCMAudit | user=jenkins1000 | ip=192.168.34.57 | op=SEND_HEARTBEAT {datanodeUUID=3a14c1ba-d90f-4e55-9b74-34a12c0cf08b, command=[]} | ret=SUCCESS |  
2019-08-24 00:20:55,882 | INFO  | SCMAudit | user=jenkins1000 | ip=192.168.34.57 | op=SEND_HEARTBEAT {datanodeUUID=5da42abd-867e-47ba-b805-7d971175ab74, command=[]} | ret=SUCCESS |  
2019-08-24 00:20:56,108 | INFO  | SCMAudit | user=jenkins1000 | ip=192.168.34.57 | op=SEND_HEARTBEAT {datanodeUUID=a2fab492-56f3-43b8-af5f-239f4e38d11d, command=[]} | ret=SUCCESS |  
2019-08-24 00:20:56,330 | INFO  | SCMAudit | user=jenkins1000 | ip=192.168.34.57 | op=SEND_HEARTBEAT {datanodeUUID=44c7f39a-9454-4511-9eaf-9b72a4aa6bb9, command=[]} | ret=SUCCESS |  
2019-08-24 00:20:56,514 | INFO  | SCMAudit | user=jenkins1000 | ip=192.168.34.57 | op=SEND_HEARTBEAT {datanodeUUID=6f3ac5a3-43f3-4ed6-928d-1c9df2f8e2aa, command=[]} | ret=SUCCESS |  
2019-08-24 00:20:56,837 | INFO  | SCMAudit | user=jenkins1000 | ip=192.168.34.57 | op=SEND_HEARTBEAT {datanodeUUID=4d1e0fe6-60fd-4907-9842-f352edb6fbc8, command=[]} | ret=SUCCESS |  
2019-08-24 00:20:56,837 | INFO  | SCMAudit | user=jenkins1000 | ip=192.168.34.57 | op=SEND_HEARTBEAT {datanodeUUID=9b1b75a9-c857-4b9a-9bce-dd664e78af57, command=[]} | ret=SUCCESS |  
2019-08-24 00:20:56,860 | INFO  | SCMAudit | user=jenkins1000 | ip=192.168.34.57 | op=SEND_HEARTBEAT {datanodeUUID=3a14c1ba-d90f-4e55-9b74-34a12c0cf08b, command=[]} | ret=SUCCESS |  
2019-08-24 00:20:56,881 | INFO  | SCMAudit | user=jenkins1000 | ip=192.168.34.57 | op=SEND_HEARTBEAT {datanodeUUID=5da42abd-867e-47ba-b805-7d971175ab74, command=[]} | ret=SUCCESS |  
2019-08-24 00:20:57,108 | INFO  | SCMAudit | user=jenkins1000 | ip=192.168.34.57 | op=SEND_HEARTBEAT {datanodeUUID=a2fab492-56f3-43b8-af5f-239f4e38d11d, command=[]} | ret=SUCCESS |  
2019-08-24 00:20:57,330 | INFO  | SCMAudit | user=jenkins1000 | ip=192.168.34.57 | op=SEND_HEARTBEAT {datanodeUUID=44c7f39a-9454-4511-9eaf-9b72a4aa6bb9, command=[]} | ret=SUCCESS |  
2019-08-24 00:20:57,513 | INFO  | SCMAudit | user=jenkins1000 | ip=192.168.34.57 | op=SEND_HEARTBEAT {datanodeUUID=6f3ac5a3-43f3-4ed6-928d-1c9df2f8e2aa, command=[]} | ret=SUCCESS |  
2019-08-24 00:20:57,836 | INFO  | SCMAudit | user=jenkins1000 | ip=192.168.34.57 | op=SEND_HEARTBEAT {datanodeUUID=4d1e0fe6-60fd-4907-9842-f352edb6fbc8, command=[]} | ret=SUCCESS |  
2019-08-24 00:20:57,836 | INFO  | SCMAudit | user=jenkins1000 | ip=192.168.34.57 | op=SEND_HEARTBEAT {datanodeUUID=9b1b75a9-c857-4b9a-9bce-dd664e78af57, command=[]} | ret=SUCCESS |  
2019-08-24 00:20:57,859 | INFO  | SCMAudit | user=jenkins1000 | ip=192.168.34.57 | op=SEND_HEARTBEAT {datanodeUUID=3a14c1ba-d90f-4e55-9b74-34a12c0cf08b, command=[]} | ret=SUCCESS |  
2019-08-24 00:20:57,882 | INFO  | SCMAudit | user=jenkins1000 | ip=192.168.34.57 | op=SEND_HEARTBEAT {datanodeUUID=5da42abd-867e-47ba-b805-7d971175ab74, command=[]} | ret=SUCCESS |  
2019-08-24 00:20:58,108 | INFO  | SCMAudit | user=jenkins1000 | ip=192.168.34.57 | op=SEND_HEARTBEAT {datanodeUUID=a2fab492-56f3-43b8-af5f-239f4e38d11d, command=[]} | ret=SUCCESS |  
2019-08-24 00:20:58,330 | INFO  | SCMAudit | user=jenkins1000 | ip=192.168.34.57 | op=SEND_HEARTBEAT {datanodeUUID=44c7f39a-9454-4511-9eaf-9b72a4aa6bb9, command=[]} | ret=SUCCESS |  
2019-08-24 00:20:58,514 | INFO  | SCMAudit | user=jenkins1000 | ip=192.168.34.57 | op=SEND_HEARTBEAT {datanodeUUID=6f3ac5a3-43f3-4ed6-928d-1c9df2f8e2aa, command=[]} | ret=SUCCESS |  
2019-08-24 00:20:58,837 | INFO  | SCMAudit | user=jenkins1000 | ip=192.168.34.57 | op=SEND_HEARTBEAT {datanodeUUID=9b1b75a9-c857-4b9a-9bce-dd664e78af57, command=[]} | ret=SUCCESS |  
2019-08-24 00:20:58,837 | INFO  | SCMAudit | user=jenkins1000 | ip=192.168.34.57 | op=SEND_HEARTBEAT {datanodeUUID=4d1e0fe6-60fd-4907-9842-f352edb6fbc8, command=[]} | ret=SUCCESS |  
2019-08-24 00:20:58,860 | INFO  | SCMAudit | user=jenkins1000 | ip=192.168.34.57 | op=SEND_HEARTBEAT {datanodeUUID=3a14c1ba-d90f-4e55-9b74-34a12c0cf08b, command=[]} | ret=SUCCESS |  
2019-08-24 00:20:58,883 | INFO  | SCMAudit | user=jenkins1000 | ip=192.168.34.57 | op=SEND_HEARTBEAT {datanodeUUID=5da42abd-867e-47ba-b805-7d971175ab74, command=[]} | ret=SUCCESS |  
2019-08-24 00:20:59,109 | INFO  | SCMAudit | user=jenkins1000 | ip=192.168.34.57 | op=SEND_HEARTBEAT {datanodeUUID=a2fab492-56f3-43b8-af5f-239f4e38d11d, command=[]} | ret=SUCCESS |  
2019-08-24 00:20:59,330 | INFO  | SCMAudit | user=jenkins1000 | ip=192.168.34.57 | op=SEND_HEARTBEAT {datanodeUUID=44c7f39a-9454-4511-9eaf-9b72a4aa6bb9, command=[]} | ret=SUCCESS |  
2019-08-24 00:20:59,514 | INFO  | SCMAudit | user=jenkins1000 | ip=192.168.34.57 | op=SEND_HEARTBEAT {datanodeUUID=6f3ac5a3-43f3-4ed6-928d-1c9df2f8e2aa, command=[]} | ret=SUCCESS |  
2019-08-24 00:20:59,837 | INFO  | SCMAudit | user=jenkins1000 | ip=192.168.34.57 | op=SEND_HEARTBEAT {datanodeUUID=4d1e0fe6-60fd-4907-9842-f352edb6fbc8, command=[]} | ret=SUCCESS |  
2019-08-24 00:20:59,837 | INFO  | SCMAudit | user=jenkins1000 | ip=192.168.34.57 | op=SEND_HEARTBEAT {datanodeUUID=9b1b75a9-c857-4b9a-9bce-dd664e78af57, command=[]} | ret=SUCCESS |  
2019-08-24 00:20:59,860 | INFO  | SCMAudit | user=jenkins1000 | ip=192.168.34.57 | op=SEND_HEARTBEAT {datanodeUUID=3a14c1ba-d90f-4e55-9b74-34a12c0cf08b, command=[]} | ret=SUCCESS |  
2019-08-24 00:20:59,883 | INFO  | SCMAudit | user=jenkins1000 | ip=192.168.34.57 | op=SEND_HEARTBEAT {datanodeUUID=5da42abd-867e-47ba-b805-7d971175ab74, command=[]} | ret=SUCCESS |  
2019-08-24 00:21:00,113 | INFO  | SCMAudit | user=jenkins1000 | ip=192.168.34.57 | op=SEND_HEARTBEAT {datanodeUUID=a2fab492-56f3-43b8-af5f-239f4e38d11d, command=[]} | ret=SUCCESS |  
2019-08-24 00:21:00,113 [grpc-default-executor-5] INFO  client.GrpcClientProtocolClient (GrpcClientProtocolClient.java:onNext(255)) - client-090605BECF39->9b1b75a9-c857-4b9a-9bce-dd664e78af57: receive RaftClientReply:client-090605BECF39->9b1b75a9-c857-4b9a-9bce-dd664e78af57@group-7922B4F3146A, cid=45, FAILED org.apache.ratis.protocol.NotLeaderException: Server 9b1b75a9-c857-4b9a-9bce-dd664e78af57 is not the leader (4d1e0fe6-60fd-4907-9842-f352edb6fbc8:192.168.34.57:43840). Request must be sent to leader., logIndex=0, commits[9b1b75a9-c857-4b9a-9bce-dd664e78af57:c8, 3a14c1ba-d90f-4e55-9b74-34a12c0cf08b:c8, 4d1e0fe6-60fd-4907-9842-f352edb6fbc8:c8]
2019-08-24 00:21:00,329 | INFO  | SCMAudit | user=jenkins1000 | ip=192.168.34.57 | op=SEND_HEARTBEAT {datanodeUUID=44c7f39a-9454-4511-9eaf-9b72a4aa6bb9, command=[]} | ret=SUCCESS |  
2019-08-24 00:21:00,514 | INFO  | SCMAudit | user=jenkins1000 | ip=192.168.34.57 | op=SEND_HEARTBEAT {datanodeUUID=6f3ac5a3-43f3-4ed6-928d-1c9df2f8e2aa, command=[]} | ret=SUCCESS |  
2019-08-24 00:21:00,837 | INFO  | SCMAudit | user=jenkins1000 | ip=192.168.34.57 | op=SEND_HEARTBEAT {datanodeUUID=4d1e0fe6-60fd-4907-9842-f352edb6fbc8, command=[]} | ret=SUCCESS |  
2019-08-24 00:21:00,837 | INFO  | SCMAudit | user=jenkins1000 | ip=192.168.34.57 | op=SEND_HEARTBEAT {datanodeUUID=9b1b75a9-c857-4b9a-9bce-dd664e78af57, command=[]} | ret=SUCCESS |  
2019-08-24 00:21:00,859 | INFO  | SCMAudit | user=jenkins1000 | ip=192.168.34.57 | op=SEND_HEARTBEAT {datanodeUUID=3a14c1ba-d90f-4e55-9b74-34a12c0cf08b, command=[]} | ret=SUCCESS |  
2019-08-24 00:21:00,882 | INFO  | SCMAudit | user=jenkins1000 | ip=192.168.34.57 | op=SEND_HEARTBEAT {datanodeUUID=5da42abd-867e-47ba-b805-7d971175ab74, command=[]} | ret=SUCCESS |  
2019-08-24 00:21:01,117 | INFO  | SCMAudit | user=jenkins1000 | ip=192.168.34.57 | op=SEND_HEARTBEAT {datanodeUUID=a2fab492-56f3-43b8-af5f-239f4e38d11d, command=[]} | ret=SUCCESS |  
2019-08-24 00:21:01,330 | INFO  | SCMAudit | user=jenkins1000 | ip=192.168.34.57 | op=SEND_HEARTBEAT {datanodeUUID=44c7f39a-9454-4511-9eaf-9b72a4aa6bb9, command=[]} | ret=SUCCESS |  
2019-08-24 00:21:01,514 | INFO  | SCMAudit | user=jenkins1000 | ip=192.168.34.57 | op=SEND_HEARTBEAT {datanodeUUID=6f3ac5a3-43f3-4ed6-928d-1c9df2f8e2aa, command=[]} | ret=SUCCESS |  
2019-08-24 00:21:01,836 | INFO  | SCMAudit | user=jenkins1000 | ip=192.168.34.57 | op=SEND_HEARTBEAT {datanodeUUID=9b1b75a9-c857-4b9a-9bce-dd664e78af57, command=[]} | ret=SUCCESS |  
2019-08-24 00:21:01,837 | INFO  | SCMAudit | user=jenkins1000 | ip=192.168.34.57 | op=SEND_HEARTBEAT {datanodeUUID=4d1e0fe6-60fd-4907-9842-f352edb6fbc8, command=[]} | ret=SUCCESS |  
2019-08-24 00:21:01,860 | INFO  | SCMAudit | user=jenkins1000 | ip=192.168.34.57 | op=SEND_HEARTBEAT {datanodeUUID=3a14c1ba-d90f-4e55-9b74-34a12c0cf08b, command=[]} | ret=SUCCESS |  
2019-08-24 00:21:01,883 | INFO  | SCMAudit | user=jenkins1000 | ip=192.168.34.57 | op=SEND_HEARTBEAT {datanodeUUID=5da42abd-867e-47ba-b805-7d971175ab74, command=[]} | ret=SUCCESS |  
2019-08-24 00:21:02,117 | INFO  | SCMAudit | user=jenkins1000 | ip=192.168.34.57 | op=SEND_HEARTBEAT {datanodeUUID=a2fab492-56f3-43b8-af5f-239f4e38d11d, command=[]} | ret=SUCCESS |  
2019-08-24 00:21:02,331 | INFO  | SCMAudit | user=jenkins1000 | ip=192.168.34.57 | op=SEND_HEARTBEAT {datanodeUUID=44c7f39a-9454-4511-9eaf-9b72a4aa6bb9, command=[]} | ret=SUCCESS |  
2019-08-24 00:21:02,514 | INFO  | SCMAudit | user=jenkins1000 | ip=192.168.34.57 | op=SEND_HEARTBEAT {datanodeUUID=6f3ac5a3-43f3-4ed6-928d-1c9df2f8e2aa, command=[]} | ret=SUCCESS |  
2019-08-24 00:21:02,837 | INFO  | SCMAudit | user=jenkins1000 | ip=192.168.34.57 | op=SEND_HEARTBEAT {datanodeUUID=9b1b75a9-c857-4b9a-9bce-dd664e78af57, command=[]} | ret=SUCCESS |  
2019-08-24 00:21:02,837 | INFO  | SCMAudit | user=jenkins1000 | ip=192.168.34.57 | op=SEND_HEARTBEAT {datanodeUUID=4d1e0fe6-60fd-4907-9842-f352edb6fbc8, command=[]} | ret=SUCCESS |  
2019-08-24 00:21:02,859 | INFO  | SCMAudit | user=jenkins1000 | ip=192.168.34.57 | op=SEND_HEARTBEAT {datanodeUUID=3a14c1ba-d90f-4e55-9b74-34a12c0cf08b, command=[]} | ret=SUCCESS |  
2019-08-24 00:21:02,883 | INFO  | SCMAudit | user=jenkins1000 | ip=192.168.34.57 | op=SEND_HEARTBEAT {datanodeUUID=5da42abd-867e-47ba-b805-7d971175ab74, command=[]} | ret=SUCCESS |  
2019-08-24 00:21:03,118 | INFO  | SCMAudit | user=jenkins1000 | ip=192.168.34.57 | op=SEND_HEARTBEAT {datanodeUUID=a2fab492-56f3-43b8-af5f-239f4e38d11d, command=[]} | ret=SUCCESS |  
2019-08-24 00:21:03,331 | INFO  | SCMAudit | user=jenkins1000 | ip=192.168.34.57 | op=SEND_HEARTBEAT {datanodeUUID=44c7f39a-9454-4511-9eaf-9b72a4aa6bb9, command=[]} | ret=SUCCESS |  
2019-08-24 00:21:03,514 | INFO  | SCMAudit | user=jenkins1000 | ip=192.168.34.57 | op=SEND_HEARTBEAT {datanodeUUID=6f3ac5a3-43f3-4ed6-928d-1c9df2f8e2aa, command=[]} | ret=SUCCESS |  
2019-08-24 00:21:03,838 | INFO  | SCMAudit | user=jenkins1000 | ip=192.168.34.57 | op=SEND_HEARTBEAT {datanodeUUID=9b1b75a9-c857-4b9a-9bce-dd664e78af57, command=[]} | ret=SUCCESS |  
2019-08-24 00:21:03,838 | INFO  | SCMAudit | user=jenkins1000 | ip=192.168.34.57 | op=SEND_HEARTBEAT {datanodeUUID=4d1e0fe6-60fd-4907-9842-f352edb6fbc8, command=[]} | ret=SUCCESS |  
2019-08-24 00:21:03,860 | INFO  | SCMAudit | user=jenkins1000 | ip=192.168.34.57 | op=SEND_HEARTBEAT {datanodeUUID=3a14c1ba-d90f-4e55-9b74-34a12c0cf08b, command=[]} | ret=SUCCESS |  
2019-08-24 00:21:03,882 | INFO  | SCMAudit | user=jenkins1000 | ip=192.168.34.57 | op=SEND_HEARTBEAT {datanodeUUID=5da42abd-867e-47ba-b805-7d971175ab74, command=[]} | ret=SUCCESS |  
2019-08-24 00:21:04,119 | INFO  | SCMAudit | user=jenkins1000 | ip=192.168.34.57 | op=SEND_HEARTBEAT {datanodeUUID=a2fab492-56f3-43b8-af5f-239f4e38d11d, command=[]} | ret=SUCCESS |  
2019-08-24 00:21:04,332 | INFO  | SCMAudit | user=jenkins1000 | ip=192.168.34.57 | op=SEND_HEARTBEAT {datanodeUUID=44c7f39a-9454-4511-9eaf-9b72a4aa6bb9, command=[]} | ret=SUCCESS |  
2019-08-24 00:21:04,515 | INFO  | SCMAudit | user=jenkins1000 | ip=192.168.34.57 | op=SEND_HEARTBEAT {datanodeUUID=6f3ac5a3-43f3-4ed6-928d-1c9df2f8e2aa, command=[]} | ret=SUCCESS |  
2019-08-24 00:21:04,838 | INFO  | SCMAudit | user=jenkins1000 | ip=192.168.34.57 | op=SEND_HEARTBEAT {datanodeUUID=9b1b75a9-c857-4b9a-9bce-dd664e78af57, command=[]} | ret=SUCCESS |  
2019-08-24 00:21:04,838 | INFO  | SCMAudit | user=jenkins1000 | ip=192.168.34.57 | op=SEND_HEARTBEAT {datanodeUUID=4d1e0fe6-60fd-4907-9842-f352edb6fbc8, command=[]} | ret=SUCCESS |  
2019-08-24 00:21:04,859 | INFO  | SCMAudit | user=jenkins1000 | ip=192.168.34.57 | op=SEND_HEARTBEAT {datanodeUUID=3a14c1ba-d90f-4e55-9b74-34a12c0cf08b, command=[]} | ret=SUCCESS |  
2019-08-24 00:21:04,883 | INFO  | SCMAudit | user=jenkins1000 | ip=192.168.34.57 | op=SEND_HEARTBEAT {datanodeUUID=5da42abd-867e-47ba-b805-7d971175ab74, command=[]} | ret=SUCCESS |  
2019-08-24 00:21:05,120 | INFO  | SCMAudit | user=jenkins1000 | ip=192.168.34.57 | op=SEND_HEARTBEAT {datanodeUUID=a2fab492-56f3-43b8-af5f-239f4e38d11d, command=[]} | ret=SUCCESS |  
2019-08-24 00:21:05,159 [grpc-default-executor-4] INFO  client.GrpcClientProtocolClient (GrpcClientProtocolClient.java:onNext(255)) - client-090605BECF39->9b1b75a9-c857-4b9a-9bce-dd664e78af57: receive RaftClientReply:client-090605BECF39->9b1b75a9-c857-4b9a-9bce-dd664e78af57@group-7922B4F3146A, cid=45, FAILED org.apache.ratis.protocol.NotLeaderException: Server 9b1b75a9-c857-4b9a-9bce-dd664e78af57 is not the leader (4d1e0fe6-60fd-4907-9842-f352edb6fbc8:192.168.34.57:43840). Request must be sent to leader., logIndex=0, commits[9b1b75a9-c857-4b9a-9bce-dd664e78af57:c8, 3a14c1ba-d90f-4e55-9b74-34a12c0cf08b:c8, 4d1e0fe6-60fd-4907-9842-f352edb6fbc8:c8]
2019-08-24 00:21:05,332 | INFO  | SCMAudit | user=jenkins1000 | ip=192.168.34.57 | op=SEND_HEARTBEAT {datanodeUUID=44c7f39a-9454-4511-9eaf-9b72a4aa6bb9, command=[]} | ret=SUCCESS |  
2019-08-24 00:21:05,514 | INFO  | SCMAudit | user=jenkins1000 | ip=192.168.34.57 | op=SEND_HEARTBEAT {datanodeUUID=6f3ac5a3-43f3-4ed6-928d-1c9df2f8e2aa, command=[]} | ret=SUCCESS |  
2019-08-24 00:21:05,837 | INFO  | SCMAudit | user=jenkins1000 | ip=192.168.34.57 | op=SEND_HEARTBEAT {datanodeUUID=4d1e0fe6-60fd-4907-9842-f352edb6fbc8, command=[]} | ret=SUCCESS |  
2019-08-24 00:21:05,837 | INFO  | SCMAudit | user=jenkins1000 | ip=192.168.34.57 | op=SEND_HEARTBEAT {datanodeUUID=9b1b75a9-c857-4b9a-9bce-dd664e78af57, command=[]} | ret=SUCCESS |  
2019-08-24 00:21:05,860 | INFO  | SCMAudit | user=jenkins1000 | ip=192.168.34.57 | op=SEND_HEARTBEAT {datanodeUUID=3a14c1ba-d90f-4e55-9b74-34a12c0cf08b, command=[]} | ret=SUCCESS |  
2019-08-24 00:21:05,882 | INFO  | SCMAudit | user=jenkins1000 | ip=192.168.34.57 | op=SEND_HEARTBEAT {datanodeUUID=5da42abd-867e-47ba-b805-7d971175ab74, command=[]} | ret=SUCCESS |  
2019-08-24 00:21:06,120 | INFO  | SCMAudit | user=jenkins1000 | ip=192.168.34.57 | op=SEND_HEARTBEAT {datanodeUUID=a2fab492-56f3-43b8-af5f-239f4e38d11d, command=[]} | ret=SUCCESS |  
2019-08-24 00:21:06,332 | INFO  | SCMAudit | user=jenkins1000 | ip=192.168.34.57 | op=SEND_HEARTBEAT {datanodeUUID=44c7f39a-9454-4511-9eaf-9b72a4aa6bb9, command=[]} | ret=SUCCESS |  
2019-08-24 00:21:06,515 | INFO  | SCMAudit | user=jenkins1000 | ip=192.168.34.57 | op=SEND_HEARTBEAT {datanodeUUID=6f3ac5a3-43f3-4ed6-928d-1c9df2f8e2aa, command=[]} | ret=SUCCESS |  
2019-08-24 00:21:06,838 | INFO  | SCMAudit | user=jenkins1000 | ip=192.168.34.57 | op=SEND_HEARTBEAT {datanodeUUID=9b1b75a9-c857-4b9a-9bce-dd664e78af57, command=[]} | ret=SUCCESS |  
2019-08-24 00:21:06,838 | INFO  | SCMAudit | user=jenkins1000 | ip=192.168.34.57 | op=SEND_HEARTBEAT {datanodeUUID=4d1e0fe6-60fd-4907-9842-f352edb6fbc8, command=[]} | ret=SUCCESS |  
2019-08-24 00:21:06,859 | INFO  | SCMAudit | user=jenkins1000 | ip=192.168.34.57 | op=SEND_HEARTBEAT {datanodeUUID=3a14c1ba-d90f-4e55-9b74-34a12c0cf08b, command=[]} | ret=SUCCESS |  
2019-08-24 00:21:06,883 | INFO  | SCMAudit | user=jenkins1000 | ip=192.168.34.57 | op=SEND_HEARTBEAT {datanodeUUID=5da42abd-867e-47ba-b805-7d971175ab74, command=[]} | ret=SUCCESS |  
2019-08-24 00:21:07,119 | INFO  | SCMAudit | user=jenkins1000 | ip=192.168.34.57 | op=SEND_HEARTBEAT {datanodeUUID=a2fab492-56f3-43b8-af5f-239f4e38d11d, command=[]} | ret=SUCCESS |  
2019-08-24 00:21:07,333 | INFO  | SCMAudit | user=jenkins1000 | ip=192.168.34.57 | op=SEND_HEARTBEAT {datanodeUUID=44c7f39a-9454-4511-9eaf-9b72a4aa6bb9, command=[]} | ret=SUCCESS |  
2019-08-24 00:21:07,516 | INFO  | SCMAudit | user=jenkins1000 | ip=192.168.34.57 | op=SEND_HEARTBEAT {datanodeUUID=6f3ac5a3-43f3-4ed6-928d-1c9df2f8e2aa, command=[]} | ret=SUCCESS |  
2019-08-24 00:21:07,838 | INFO  | SCMAudit | user=jenkins1000 | ip=192.168.34.57 | op=SEND_HEARTBEAT {datanodeUUID=9b1b75a9-c857-4b9a-9bce-dd664e78af57, command=[]} | ret=SUCCESS |  
2019-08-24 00:21:07,838 | INFO  | SCMAudit | user=jenkins1000 | ip=192.168.34.57 | op=SEND_HEARTBEAT {datanodeUUID=4d1e0fe6-60fd-4907-9842-f352edb6fbc8, command=[]} | ret=SUCCESS |  
2019-08-24 00:21:07,860 | INFO  | SCMAudit | user=jenkins1000 | ip=192.168.34.57 | op=SEND_HEARTBEAT {datanodeUUID=3a14c1ba-d90f-4e55-9b74-34a12c0cf08b, command=[]} | ret=SUCCESS |  
2019-08-24 00:21:07,884 | INFO  | SCMAudit | user=jenkins1000 | ip=192.168.34.57 | op=SEND_HEARTBEAT {datanodeUUID=5da42abd-867e-47ba-b805-7d971175ab74, command=[]} | ret=SUCCESS |  
2019-08-24 00:21:08,120 | INFO  | SCMAudit | user=jenkins1000 | ip=192.168.34.57 | op=SEND_HEARTBEAT {datanodeUUID=a2fab492-56f3-43b8-af5f-239f4e38d11d, command=[]} | ret=SUCCESS |  
2019-08-24 00:21:08,333 | INFO  | SCMAudit | user=jenkins1000 | ip=192.168.34.57 | op=SEND_HEARTBEAT {datanodeUUID=44c7f39a-9454-4511-9eaf-9b72a4aa6bb9, command=[]} | ret=SUCCESS |  
2019-08-24 00:21:08,515 | INFO  | SCMAudit | user=jenkins1000 | ip=192.168.34.57 | op=SEND_HEARTBEAT {datanodeUUID=6f3ac5a3-43f3-4ed6-928d-1c9df2f8e2aa, command=[]} | ret=SUCCESS |  
2019-08-24 00:21:08,837 | INFO  | SCMAudit | user=jenkins1000 | ip=192.168.34.57 | op=SEND_HEARTBEAT {datanodeUUID=4d1e0fe6-60fd-4907-9842-f352edb6fbc8, command=[]} | ret=SUCCESS |  
2019-08-24 00:21:08,837 | INFO  | SCMAudit | user=jenkins1000 | ip=192.168.34.57 | op=SEND_HEARTBEAT {datanodeUUID=9b1b75a9-c857-4b9a-9bce-dd664e78af57, command=[]} | ret=SUCCESS |  
2019-08-24 00:21:08,860 | INFO  | SCMAudit | user=jenkins1000 | ip=192.168.34.57 | op=SEND_HEARTBEAT {datanodeUUID=3a14c1ba-d90f-4e55-9b74-34a12c0cf08b, command=[]} | ret=SUCCESS |  
2019-08-24 00:21:08,883 | INFO  | SCMAudit | user=jenkins1000 | ip=192.168.34.57 | op=SEND_HEARTBEAT {datanodeUUID=5da42abd-867e-47ba-b805-7d971175ab74, command=[]} | ret=SUCCESS |  
2019-08-24 00:21:09,120 | INFO  | SCMAudit | user=jenkins1000 | ip=192.168.34.57 | op=SEND_HEARTBEAT {datanodeUUID=a2fab492-56f3-43b8-af5f-239f4e38d11d, command=[]} | ret=SUCCESS |  
2019-08-24 00:21:09,333 | INFO  | SCMAudit | user=jenkins1000 | ip=192.168.34.57 | op=SEND_HEARTBEAT {datanodeUUID=44c7f39a-9454-4511-9eaf-9b72a4aa6bb9, command=[]} | ret=SUCCESS |  
2019-08-24 00:21:09,516 | INFO  | SCMAudit | user=jenkins1000 | ip=192.168.34.57 | op=SEND_HEARTBEAT {datanodeUUID=6f3ac5a3-43f3-4ed6-928d-1c9df2f8e2aa, command=[]} | ret=SUCCESS |  
2019-08-24 00:21:09,838 | INFO  | SCMAudit | user=jenkins1000 | ip=192.168.34.57 | op=SEND_HEARTBEAT {datanodeUUID=4d1e0fe6-60fd-4907-9842-f352edb6fbc8, command=[]} | ret=SUCCESS |  
2019-08-24 00:21:09,838 | INFO  | SCMAudit | user=jenkins1000 | ip=192.168.34.57 | op=SEND_HEARTBEAT {datanodeUUID=9b1b75a9-c857-4b9a-9bce-dd664e78af57, command=[]} | ret=SUCCESS |  
2019-08-24 00:21:09,859 | INFO  | SCMAudit | user=jenkins1000 | ip=192.168.34.57 | op=SEND_HEARTBEAT {datanodeUUID=3a14c1ba-d90f-4e55-9b74-34a12c0cf08b, command=[]} | ret=SUCCESS |  
2019-08-24 00:21:09,884 | INFO  | SCMAudit | user=jenkins1000 | ip=192.168.34.57 | op=SEND_HEARTBEAT {datanodeUUID=5da42abd-867e-47ba-b805-7d971175ab74, command=[]} | ret=SUCCESS |  
2019-08-24 00:21:10,120 | INFO  | SCMAudit | user=jenkins1000 | ip=192.168.34.57 | op=SEND_HEARTBEAT {datanodeUUID=a2fab492-56f3-43b8-af5f-239f4e38d11d, command=[]} | ret=SUCCESS |  
2019-08-24 00:21:10,204 [grpc-default-executor-4] INFO  client.GrpcClientProtocolClient (GrpcClientProtocolClient.java:onNext(255)) - client-090605BECF39->9b1b75a9-c857-4b9a-9bce-dd664e78af57: receive RaftClientReply:client-090605BECF39->9b1b75a9-c857-4b9a-9bce-dd664e78af57@group-7922B4F3146A, cid=45, FAILED org.apache.ratis.protocol.NotLeaderException: Server 9b1b75a9-c857-4b9a-9bce-dd664e78af57 is not the leader (4d1e0fe6-60fd-4907-9842-f352edb6fbc8:192.168.34.57:43840). Request must be sent to leader., logIndex=0, commits[9b1b75a9-c857-4b9a-9bce-dd664e78af57:c8, 3a14c1ba-d90f-4e55-9b74-34a12c0cf08b:c8, 4d1e0fe6-60fd-4907-9842-f352edb6fbc8:c8]
2019-08-24 00:21:10,332 | INFO  | SCMAudit | user=jenkins1000 | ip=192.168.34.57 | op=SEND_HEARTBEAT {datanodeUUID=44c7f39a-9454-4511-9eaf-9b72a4aa6bb9, command=[]} | ret=SUCCESS |  
2019-08-24 00:21:10,516 | INFO  | SCMAudit | user=jenkins1000 | ip=192.168.34.57 | op=SEND_HEARTBEAT {datanodeUUID=6f3ac5a3-43f3-4ed6-928d-1c9df2f8e2aa, command=[]} | ret=SUCCESS |  
2019-08-24 00:21:10,838 | INFO  | SCMAudit | user=jenkins1000 | ip=192.168.34.57 | op=SEND_HEARTBEAT {datanodeUUID=9b1b75a9-c857-4b9a-9bce-dd664e78af57, command=[]} | ret=SUCCESS |  
2019-08-24 00:21:10,838 | INFO  | SCMAudit | user=jenkins1000 | ip=192.168.34.57 | op=SEND_HEARTBEAT {datanodeUUID=4d1e0fe6-60fd-4907-9842-f352edb6fbc8, command=[]} | ret=SUCCESS |  
2019-08-24 00:21:10,859 | INFO  | SCMAudit | user=jenkins1000 | ip=192.168.34.57 | op=SEND_HEARTBEAT {datanodeUUID=3a14c1ba-d90f-4e55-9b74-34a12c0cf08b, command=[]} | ret=SUCCESS |  
2019-08-24 00:21:10,883 | INFO  | SCMAudit | user=jenkins1000 | ip=192.168.34.57 | op=SEND_HEARTBEAT {datanodeUUID=5da42abd-867e-47ba-b805-7d971175ab74, command=[]} | ret=SUCCESS |  
2019-08-24 00:21:11,120 | INFO  | SCMAudit | user=jenkins1000 | ip=192.168.34.57 | op=SEND_HEARTBEAT {datanodeUUID=a2fab492-56f3-43b8-af5f-239f4e38d11d, command=[]} | ret=SUCCESS |  
2019-08-24 00:21:11,333 | INFO  | SCMAudit | user=jenkins1000 | ip=192.168.34.57 | op=SEND_HEARTBEAT {datanodeUUID=44c7f39a-9454-4511-9eaf-9b72a4aa6bb9, command=[]} | ret=SUCCESS |  
2019-08-24 00:21:11,515 | INFO  | SCMAudit | user=jenkins1000 | ip=192.168.34.57 | op=SEND_HEARTBEAT {datanodeUUID=6f3ac5a3-43f3-4ed6-928d-1c9df2f8e2aa, command=[]} | ret=SUCCESS |  
2019-08-24 00:21:11,838 | INFO  | SCMAudit | user=jenkins1000 | ip=192.168.34.57 | op=SEND_HEARTBEAT {datanodeUUID=4d1e0fe6-60fd-4907-9842-f352edb6fbc8, command=[]} | ret=SUCCESS |  
2019-08-24 00:21:11,838 | INFO  | SCMAudit | user=jenkins1000 | ip=192.168.34.57 | op=SEND_HEARTBEAT {datanodeUUID=9b1b75a9-c857-4b9a-9bce-dd664e78af57, command=[]} | ret=SUCCESS |  
2019-08-24 00:21:11,860 | INFO  | SCMAudit | user=jenkins1000 | ip=192.168.34.57 | op=SEND_HEARTBEAT {datanodeUUID=3a14c1ba-d90f-4e55-9b74-34a12c0cf08b, command=[]} | ret=SUCCESS |  
2019-08-24 00:21:11,884 | INFO  | SCMAudit | user=jenkins1000 | ip=192.168.34.57 | op=SEND_HEARTBEAT {datanodeUUID=5da42abd-867e-47ba-b805-7d971175ab74, command=[]} | ret=SUCCESS |  
2019-08-24 00:21:12,120 | INFO  | SCMAudit | user=jenkins1000 | ip=192.168.34.57 | op=SEND_HEARTBEAT {datanodeUUID=a2fab492-56f3-43b8-af5f-239f4e38d11d, command=[]} | ret=SUCCESS |  
2019-08-24 00:21:12,334 | INFO  | SCMAudit | user=jenkins1000 | ip=192.168.34.57 | op=SEND_HEARTBEAT {datanodeUUID=44c7f39a-9454-4511-9eaf-9b72a4aa6bb9, command=[]} | ret=SUCCESS |  
2019-08-24 00:21:12,516 | INFO  | SCMAudit | user=jenkins1000 | ip=192.168.34.57 | op=SEND_HEARTBEAT {datanodeUUID=6f3ac5a3-43f3-4ed6-928d-1c9df2f8e2aa, command=[]} | ret=SUCCESS |  
2019-08-24 00:21:12,838 | INFO  | SCMAudit | user=jenkins1000 | ip=192.168.34.57 | op=SEND_HEARTBEAT {datanodeUUID=4d1e0fe6-60fd-4907-9842-f352edb6fbc8, command=[]} | ret=SUCCESS |  
2019-08-24 00:21:12,839 | INFO  | SCMAudit | user=jenkins1000 | ip=192.168.34.57 | op=SEND_HEARTBEAT {datanodeUUID=9b1b75a9-c857-4b9a-9bce-dd664e78af57, command=[]} | ret=SUCCESS |  
2019-08-24 00:21:12,859 | INFO  | SCMAudit | user=jenkins1000 | ip=192.168.34.57 | op=SEND_HEARTBEAT {datanodeUUID=3a14c1ba-d90f-4e55-9b74-34a12c0cf08b, command=[]} | ret=SUCCESS |  
2019-08-24 00:21:12,883 | INFO  | SCMAudit | user=jenkins1000 | ip=192.168.34.57 | op=SEND_HEARTBEAT {datanodeUUID=5da42abd-867e-47ba-b805-7d971175ab74, command=[]} | ret=SUCCESS |  
2019-08-24 00:21:13,120 | INFO  | SCMAudit | user=jenkins1000 | ip=192.168.34.57 | op=SEND_HEARTBEAT {datanodeUUID=a2fab492-56f3-43b8-af5f-239f4e38d11d, command=[]} | ret=SUCCESS |  
2019-08-24 00:21:13,334 | INFO  | SCMAudit | user=jenkins1000 | ip=192.168.34.57 | op=SEND_HEARTBEAT {datanodeUUID=44c7f39a-9454-4511-9eaf-9b72a4aa6bb9, command=[]} | ret=SUCCESS |  
2019-08-24 00:21:13,516 | INFO  | SCMAudit | user=jenkins1000 | ip=192.168.34.57 | op=SEND_HEARTBEAT {datanodeUUID=6f3ac5a3-43f3-4ed6-928d-1c9df2f8e2aa, command=[]} | ret=SUCCESS |  
2019-08-24 00:21:13,838 | INFO  | SCMAudit | user=jenkins1000 | ip=192.168.34.57 | op=SEND_HEARTBEAT {datanodeUUID=4d1e0fe6-60fd-4907-9842-f352edb6fbc8, command=[]} | ret=SUCCESS |  
2019-08-24 00:21:13,839 | INFO  | SCMAudit | user=jenkins1000 | ip=192.168.34.57 | op=SEND_HEARTBEAT {datanodeUUID=9b1b75a9-c857-4b9a-9bce-dd664e78af57, command=[]} | ret=SUCCESS |  
2019-08-24 00:21:13,859 | INFO  | SCMAudit | user=jenkins1000 | ip=192.168.34.57 | op=SEND_HEARTBEAT {datanodeUUID=3a14c1ba-d90f-4e55-9b74-34a12c0cf08b, command=[]} | ret=SUCCESS |  
2019-08-24 00:21:13,884 | INFO  | SCMAudit | user=jenkins1000 | ip=192.168.34.57 | op=SEND_HEARTBEAT {datanodeUUID=5da42abd-867e-47ba-b805-7d971175ab74, command=[]} | ret=SUCCESS |  
2019-08-24 00:21:14,120 | INFO  | SCMAudit | user=jenkins1000 | ip=192.168.34.57 | op=SEND_HEARTBEAT {datanodeUUID=a2fab492-56f3-43b8-af5f-239f4e38d11d, command=[]} | ret=SUCCESS |  
2019-08-24 00:21:14,335 | INFO  | SCMAudit | user=jenkins1000 | ip=192.168.34.57 | op=SEND_HEARTBEAT {datanodeUUID=44c7f39a-9454-4511-9eaf-9b72a4aa6bb9, command=[]} | ret=SUCCESS |  
2019-08-24 00:21:14,516 | INFO  | SCMAudit | user=jenkins1000 | ip=192.168.34.57 | op=SEND_HEARTBEAT {datanodeUUID=6f3ac5a3-43f3-4ed6-928d-1c9df2f8e2aa, command=[]} | ret=SUCCESS |  
2019-08-24 00:21:14,838 | INFO  | SCMAudit | user=jenkins1000 | ip=192.168.34.57 | op=SEND_HEARTBEAT {datanodeUUID=4d1e0fe6-60fd-4907-9842-f352edb6fbc8, command=[]} | ret=SUCCESS |  
2019-08-24 00:21:14,839 | INFO  | SCMAudit | user=jenkins1000 | ip=192.168.34.57 | op=SEND_HEARTBEAT {datanodeUUID=9b1b75a9-c857-4b9a-9bce-dd664e78af57, command=[]} | ret=SUCCESS |  
2019-08-24 00:21:14,860 | INFO  | SCMAudit | user=jenkins1000 | ip=192.168.34.57 | op=SEND_HEARTBEAT {datanodeUUID=3a14c1ba-d90f-4e55-9b74-34a12c0cf08b, command=[]} | ret=SUCCESS |  
2019-08-24 00:21:14,884 | INFO  | SCMAudit | user=jenkins1000 | ip=192.168.34.57 | op=SEND_HEARTBEAT {datanodeUUID=5da42abd-867e-47ba-b805-7d971175ab74, command=[]} | ret=SUCCESS |  
2019-08-24 00:21:15,120 | INFO  | SCMAudit | user=jenkins1000 | ip=192.168.34.57 | op=SEND_HEARTBEAT {datanodeUUID=a2fab492-56f3-43b8-af5f-239f4e38d11d, command=[]} | ret=SUCCESS |  
2019-08-24 00:21:15,244 [grpc-default-executor-5] INFO  client.GrpcClientProtocolClient (GrpcClientProtocolClient.java:onNext(255)) - client-090605BECF39->3a14c1ba-d90f-4e55-9b74-34a12c0cf08b: receive RaftClientReply:client-090605BECF39->3a14c1ba-d90f-4e55-9b74-34a12c0cf08b@group-7922B4F3146A, cid=45, FAILED org.apache.ratis.protocol.NotLeaderException: Server 3a14c1ba-d90f-4e55-9b74-34a12c0cf08b is not the leader (4d1e0fe6-60fd-4907-9842-f352edb6fbc8:192.168.34.57:43840). Request must be sent to leader., logIndex=0, commits[3a14c1ba-d90f-4e55-9b74-34a12c0cf08b:c8, 9b1b75a9-c857-4b9a-9bce-dd664e78af57:c8, 4d1e0fe6-60fd-4907-9842-f352edb6fbc8:c8]
2019-08-24 00:21:15,335 | INFO  | SCMAudit | user=jenkins1000 | ip=192.168.34.57 | op=SEND_HEARTBEAT {datanodeUUID=44c7f39a-9454-4511-9eaf-9b72a4aa6bb9, command=[]} | ret=SUCCESS |  
2019-08-24 00:21:15,515 | INFO  | SCMAudit | user=jenkins1000 | ip=192.168.34.57 | op=SEND_HEARTBEAT {datanodeUUID=6f3ac5a3-43f3-4ed6-928d-1c9df2f8e2aa, command=[]} | ret=SUCCESS |  
2019-08-24 00:21:15,839 | INFO  | SCMAudit | user=jenkins1000 | ip=192.168.34.57 | op=SEND_HEARTBEAT {datanodeUUID=4d1e0fe6-60fd-4907-9842-f352edb6fbc8, command=[]} | ret=SUCCESS |  
2019-08-24 00:21:15,839 | INFO  | SCMAudit | user=jenkins1000 | ip=192.168.34.57 | op=SEND_HEARTBEAT {datanodeUUID=9b1b75a9-c857-4b9a-9bce-dd664e78af57, command=[]} | ret=SUCCESS |  
2019-08-24 00:21:15,860 | INFO  | SCMAudit | user=jenkins1000 | ip=192.168.34.57 | op=SEND_HEARTBEAT {datanodeUUID=3a14c1ba-d90f-4e55-9b74-34a12c0cf08b, command=[]} | ret=SUCCESS |  
2019-08-24 00:21:15,884 | INFO  | SCMAudit | user=jenkins1000 | ip=192.168.34.57 | op=SEND_HEARTBEAT {datanodeUUID=5da42abd-867e-47ba-b805-7d971175ab74, command=[]} | ret=SUCCESS |  
2019-08-24 00:21:16,121 | INFO  | SCMAudit | user=jenkins1000 | ip=192.168.34.57 | op=SEND_HEARTBEAT {datanodeUUID=a2fab492-56f3-43b8-af5f-239f4e38d11d, command=[]} | ret=SUCCESS |  
2019-08-24 00:21:16,335 | INFO  | SCMAudit | user=jenkins1000 | ip=192.168.34.57 | op=SEND_HEARTBEAT {datanodeUUID=44c7f39a-9454-4511-9eaf-9b72a4aa6bb9, command=[]} | ret=SUCCESS |  
2019-08-24 00:21:16,516 | INFO  | SCMAudit | user=jenkins1000 | ip=192.168.34.57 | op=SEND_HEARTBEAT {datanodeUUID=6f3ac5a3-43f3-4ed6-928d-1c9df2f8e2aa, command=[]} | ret=SUCCESS |  
2019-08-24 00:21:16,840 | INFO  | SCMAudit | user=jenkins1000 | ip=192.168.34.57 | op=SEND_HEARTBEAT {datanodeUUID=4d1e0fe6-60fd-4907-9842-f352edb6fbc8, command=[]} | ret=SUCCESS |  
2019-08-24 00:21:16,840 | INFO  | SCMAudit | user=jenkins1000 | ip=192.168.34.57 | op=SEND_HEARTBEAT {datanodeUUID=9b1b75a9-c857-4b9a-9bce-dd664e78af57, command=[]} | ret=SUCCESS |  
2019-08-24 00:21:16,860 | INFO  | SCMAudit | user=jenkins1000 | ip=192.168.34.57 | op=SEND_HEARTBEAT {datanodeUUID=3a14c1ba-d90f-4e55-9b74-34a12c0cf08b, command=[]} | ret=SUCCESS |  
2019-08-24 00:21:16,884 | INFO  | SCMAudit | user=jenkins1000 | ip=192.168.34.57 | op=SEND_HEARTBEAT {datanodeUUID=5da42abd-867e-47ba-b805-7d971175ab74, command=[]} | ret=SUCCESS |  
2019-08-24 00:21:17,122 | INFO  | SCMAudit | user=jenkins1000 | ip=192.168.34.57 | op=SEND_HEARTBEAT {datanodeUUID=a2fab492-56f3-43b8-af5f-239f4e38d11d, command=[]} | ret=SUCCESS |  
2019-08-24 00:21:17,336 | INFO  | SCMAudit | user=jenkins1000 | ip=192.168.34.57 | op=SEND_HEARTBEAT {datanodeUUID=44c7f39a-9454-4511-9eaf-9b72a4aa6bb9, command=[]} | ret=SUCCESS |  
2019-08-24 00:21:17,516 | INFO  | SCMAudit | user=jenkins1000 | ip=192.168.34.57 | op=SEND_HEARTBEAT {datanodeUUID=6f3ac5a3-43f3-4ed6-928d-1c9df2f8e2aa, command=[]} | ret=SUCCESS |  
2019-08-24 00:21:17,839 | INFO  | SCMAudit | user=jenkins1000 | ip=192.168.34.57 | op=SEND_HEARTBEAT {datanodeUUID=4d1e0fe6-60fd-4907-9842-f352edb6fbc8, command=[]} | ret=SUCCESS |  
2019-08-24 00:21:17,840 | INFO  | SCMAudit | user=jenkins1000 | ip=192.168.34.57 | op=SEND_HEARTBEAT {datanodeUUID=9b1b75a9-c857-4b9a-9bce-dd664e78af57, command=[]} | ret=SUCCESS |  
2019-08-24 00:21:17,859 | INFO  | SCMAudit | user=jenkins1000 | ip=192.168.34.57 | op=SEND_HEARTBEAT {datanodeUUID=3a14c1ba-d90f-4e55-9b74-34a12c0cf08b, command=[]} | ret=SUCCESS |  
2019-08-24 00:21:17,885 | INFO  | SCMAudit | user=jenkins1000 | ip=192.168.34.57 | op=SEND_HEARTBEAT {datanodeUUID=5da42abd-867e-47ba-b805-7d971175ab74, command=[]} | ret=SUCCESS |  
2019-08-24 00:21:18,122 | INFO  | SCMAudit | user=jenkins1000 | ip=192.168.34.57 | op=SEND_HEARTBEAT {datanodeUUID=a2fab492-56f3-43b8-af5f-239f4e38d11d, command=[]} | ret=SUCCESS |  
2019-08-24 00:21:18,336 | INFO  | SCMAudit | user=jenkins1000 | ip=192.168.34.57 | op=SEND_HEARTBEAT {datanodeUUID=44c7f39a-9454-4511-9eaf-9b72a4aa6bb9, command=[]} | ret=SUCCESS |  
2019-08-24 00:21:18,515 | INFO  | SCMAudit | user=jenkins1000 | ip=192.168.34.57 | op=SEND_HEARTBEAT {datanodeUUID=6f3ac5a3-43f3-4ed6-928d-1c9df2f8e2aa, command=[]} | ret=SUCCESS |  
2019-08-24 00:21:18,840 | INFO  | SCMAudit | user=jenkins1000 | ip=192.168.34.57 | op=SEND_HEARTBEAT {datanodeUUID=4d1e0fe6-60fd-4907-9842-f352edb6fbc8, command=[]} | ret=SUCCESS |  
2019-08-24 00:21:18,840 | INFO  | SCMAudit | user=jenkins1000 | ip=192.168.34.57 | op=SEND_HEARTBEAT {datanodeUUID=9b1b75a9-c857-4b9a-9bce-dd664e78af57, command=[]} | ret=SUCCESS |  
2019-08-24 00:21:18,859 | INFO  | SCMAudit | user=jenkins1000 | ip=192.168.34.57 | op=SEND_HEARTBEAT {datanodeUUID=3a14c1ba-d90f-4e55-9b74-34a12c0cf08b, command=[]} | ret=SUCCESS |  
2019-08-24 00:21:18,884 | INFO  | SCMAudit | user=jenkins1000 | ip=192.168.34.57 | op=SEND_HEARTBEAT {datanodeUUID=5da42abd-867e-47ba-b805-7d971175ab74, command=[]} | ret=SUCCESS |  
2019-08-24 00:21:19,122 | INFO  | SCMAudit | user=jenkins1000 | ip=192.168.34.57 | op=SEND_HEARTBEAT {datanodeUUID=a2fab492-56f3-43b8-af5f-239f4e38d11d, command=[]} | ret=SUCCESS |  
2019-08-24 00:21:19,335 | INFO  | SCMAudit | user=jenkins1000 | ip=192.168.34.57 | op=SEND_HEARTBEAT {datanodeUUID=44c7f39a-9454-4511-9eaf-9b72a4aa6bb9, command=[]} | ret=SUCCESS |  
2019-08-24 00:21:19,516 | INFO  | SCMAudit | user=jenkins1000 | ip=192.168.34.57 | op=SEND_HEARTBEAT {datanodeUUID=6f3ac5a3-43f3-4ed6-928d-1c9df2f8e2aa, command=[]} | ret=SUCCESS |  
2019-08-24 00:21:19,840 | INFO  | SCMAudit | user=jenkins1000 | ip=192.168.34.57 | op=SEND_HEARTBEAT {datanodeUUID=4d1e0fe6-60fd-4907-9842-f352edb6fbc8, command=[]} | ret=SUCCESS |  
2019-08-24 00:21:19,840 | INFO  | SCMAudit | user=jenkins1000 | ip=192.168.34.57 | op=SEND_HEARTBEAT {datanodeUUID=9b1b75a9-c857-4b9a-9bce-dd664e78af57, command=[]} | ret=SUCCESS |  
2019-08-24 00:21:19,859 | INFO  | SCMAudit | user=jenkins1000 | ip=192.168.34.57 | op=SEND_HEARTBEAT {datanodeUUID=3a14c1ba-d90f-4e55-9b74-34a12c0cf08b, command=[]} | ret=SUCCESS |  
2019-08-24 00:21:19,885 | INFO  | SCMAudit | user=jenkins1000 | ip=192.168.34.57 | op=SEND_HEARTBEAT {datanodeUUID=5da42abd-867e-47ba-b805-7d971175ab74, command=[]} | ret=SUCCESS |  
2019-08-24 00:21:20,122 | INFO  | SCMAudit | user=jenkins1000 | ip=192.168.34.57 | op=SEND_HEARTBEAT {datanodeUUID=a2fab492-56f3-43b8-af5f-239f4e38d11d, command=[]} | ret=SUCCESS |  
2019-08-24 00:21:20,294 [grpc-default-executor-4] INFO  client.GrpcClientProtocolClient (GrpcClientProtocolClient.java:onNext(255)) - client-090605BECF39->9b1b75a9-c857-4b9a-9bce-dd664e78af57: receive RaftClientReply:client-090605BECF39->9b1b75a9-c857-4b9a-9bce-dd664e78af57@group-7922B4F3146A, cid=45, FAILED org.apache.ratis.protocol.NotLeaderException: Server 9b1b75a9-c857-4b9a-9bce-dd664e78af57 is not the leader (4d1e0fe6-60fd-4907-9842-f352edb6fbc8:192.168.34.57:43840). Request must be sent to leader., logIndex=0, commits[9b1b75a9-c857-4b9a-9bce-dd664e78af57:c8, 3a14c1ba-d90f-4e55-9b74-34a12c0cf08b:c8, 4d1e0fe6-60fd-4907-9842-f352edb6fbc8:c8]
2019-08-24 00:21:20,336 | INFO  | SCMAudit | user=jenkins1000 | ip=192.168.34.57 | op=SEND_HEARTBEAT {datanodeUUID=44c7f39a-9454-4511-9eaf-9b72a4aa6bb9, command=[]} | ret=SUCCESS |  
2019-08-24 00:21:20,515 | INFO  | SCMAudit | user=jenkins1000 | ip=192.168.34.57 | op=SEND_HEARTBEAT {datanodeUUID=6f3ac5a3-43f3-4ed6-928d-1c9df2f8e2aa, command=[]} | ret=SUCCESS |  
2019-08-24 00:21:20,839 | INFO  | SCMAudit | user=jenkins1000 | ip=192.168.34.57 | op=SEND_HEARTBEAT {datanodeUUID=4d1e0fe6-60fd-4907-9842-f352edb6fbc8, command=[]} | ret=SUCCESS |  
2019-08-24 00:21:20,841 | INFO  | SCMAudit | user=jenkins1000 | ip=192.168.34.57 | op=SEND_HEARTBEAT {datanodeUUID=9b1b75a9-c857-4b9a-9bce-dd664e78af57, command=[]} | ret=SUCCESS |  
2019-08-24 00:21:20,860 | INFO  | SCMAudit | user=jenkins1000 | ip=192.168.34.57 | op=SEND_HEARTBEAT {datanodeUUID=3a14c1ba-d90f-4e55-9b74-34a12c0cf08b, command=[]} | ret=SUCCESS |  
2019-08-24 00:21:20,884 | INFO  | SCMAudit | user=jenkins1000 | ip=192.168.34.57 | op=SEND_HEARTBEAT {datanodeUUID=5da42abd-867e-47ba-b805-7d971175ab74, command=[]} | ret=SUCCESS |  
2019-08-24 00:21:21,122 | INFO  | SCMAudit | user=jenkins1000 | ip=192.168.34.57 | op=SEND_HEARTBEAT {datanodeUUID=a2fab492-56f3-43b8-af5f-239f4e38d11d, command=[]} | ret=SUCCESS |  
2019-08-24 00:21:21,335 | INFO  | SCMAudit | user=jenkins1000 | ip=192.168.34.57 | op=SEND_HEARTBEAT {datanodeUUID=44c7f39a-9454-4511-9eaf-9b72a4aa6bb9, command=[]} | ret=SUCCESS |  
2019-08-24 00:21:21,516 | INFO  | SCMAudit | user=jenkins1000 | ip=192.168.34.57 | op=SEND_HEARTBEAT {datanodeUUID=6f3ac5a3-43f3-4ed6-928d-1c9df2f8e2aa, command=[]} | ret=SUCCESS |  
2019-08-24 00:21:21,840 | INFO  | SCMAudit | user=jenkins1000 | ip=192.168.34.57 | op=SEND_HEARTBEAT {datanodeUUID=4d1e0fe6-60fd-4907-9842-f352edb6fbc8, command=[]} | ret=SUCCESS |  
2019-08-24 00:21:21,841 | INFO  | SCMAudit | user=jenkins1000 | ip=192.168.34.57 | op=SEND_HEARTBEAT {datanodeUUID=9b1b75a9-c857-4b9a-9bce-dd664e78af57, command=[]} | ret=SUCCESS |  
2019-08-24 00:21:21,860 | INFO  | SCMAudit | user=jenkins1000 | ip=192.168.34.57 | op=SEND_HEARTBEAT {datanodeUUID=3a14c1ba-d90f-4e55-9b74-34a12c0cf08b, command=[]} | ret=SUCCESS |  
2019-08-24 00:21:21,884 | INFO  | SCMAudit | user=jenkins1000 | ip=192.168.34.57 | op=SEND_HEARTBEAT {datanodeUUID=5da42abd-867e-47ba-b805-7d971175ab74, command=[]} | ret=SUCCESS |  
2019-08-24 00:21:22,123 | INFO  | SCMAudit | user=jenkins1000 | ip=192.168.34.57 | op=SEND_HEARTBEAT {datanodeUUID=a2fab492-56f3-43b8-af5f-239f4e38d11d, command=[]} | ret=SUCCESS |  
2019-08-24 00:21:22,336 | INFO  | SCMAudit | user=jenkins1000 | ip=192.168.34.57 | op=SEND_HEARTBEAT {datanodeUUID=44c7f39a-9454-4511-9eaf-9b72a4aa6bb9, command=[]} | ret=SUCCESS |  
2019-08-24 00:21:22,515 | INFO  | SCMAudit | user=jenkins1000 | ip=192.168.34.57 | op=SEND_HEARTBEAT {datanodeUUID=6f3ac5a3-43f3-4ed6-928d-1c9df2f8e2aa, command=[]} | ret=SUCCESS |  
2019-08-24 00:21:22,840 | INFO  | SCMAudit | user=jenkins1000 | ip=192.168.34.57 | op=SEND_HEARTBEAT {datanodeUUID=9b1b75a9-c857-4b9a-9bce-dd664e78af57, command=[]} | ret=SUCCESS |  
2019-08-24 00:21:22,840 | INFO  | SCMAudit | user=jenkins1000 | ip=192.168.34.57 | op=SEND_HEARTBEAT {datanodeUUID=4d1e0fe6-60fd-4907-9842-f352edb6fbc8, command=[]} | ret=SUCCESS |  
2019-08-24 00:21:22,860 | INFO  | SCMAudit | user=jenkins1000 | ip=192.168.34.57 | op=SEND_HEARTBEAT {datanodeUUID=3a14c1ba-d90f-4e55-9b74-34a12c0cf08b, command=[]} | ret=SUCCESS |  
2019-08-24 00:21:22,885 | INFO  | SCMAudit | user=jenkins1000 | ip=192.168.34.57 | op=SEND_HEARTBEAT {datanodeUUID=5da42abd-867e-47ba-b805-7d971175ab74, command=[]} | ret=SUCCESS |  
2019-08-24 00:21:23,124 | INFO  | SCMAudit | user=jenkins1000 | ip=192.168.34.57 | op=SEND_HEARTBEAT {datanodeUUID=a2fab492-56f3-43b8-af5f-239f4e38d11d, command=[]} | ret=SUCCESS |  
2019-08-24 00:21:23,336 | INFO  | SCMAudit | user=jenkins1000 | ip=192.168.34.57 | op=SEND_HEARTBEAT {datanodeUUID=44c7f39a-9454-4511-9eaf-9b72a4aa6bb9, command=[]} | ret=SUCCESS |  
2019-08-24 00:21:23,516 | INFO  | SCMAudit | user=jenkins1000 | ip=192.168.34.57 | op=SEND_HEARTBEAT {datanodeUUID=6f3ac5a3-43f3-4ed6-928d-1c9df2f8e2aa, command=[]} | ret=SUCCESS |  
2019-08-24 00:21:23,841 | INFO  | SCMAudit | user=jenkins1000 | ip=192.168.34.57 | op=SEND_HEARTBEAT {datanodeUUID=9b1b75a9-c857-4b9a-9bce-dd664e78af57, command=[]} | ret=SUCCESS |  
2019-08-24 00:21:23,841 | INFO  | SCMAudit | user=jenkins1000 | ip=192.168.34.57 | op=SEND_HEARTBEAT {datanodeUUID=4d1e0fe6-60fd-4907-9842-f352edb6fbc8, command=[]} | ret=SUCCESS |  
2019-08-24 00:21:23,860 | INFO  | SCMAudit | user=jenkins1000 | ip=192.168.34.57 | op=SEND_HEARTBEAT {datanodeUUID=3a14c1ba-d90f-4e55-9b74-34a12c0cf08b, command=[]} | ret=SUCCESS |  
2019-08-24 00:21:23,885 | INFO  | SCMAudit | user=jenkins1000 | ip=192.168.34.57 | op=SEND_HEARTBEAT {datanodeUUID=5da42abd-867e-47ba-b805-7d971175ab74, command=[]} | ret=SUCCESS |  
2019-08-24 00:21:24,123 | INFO  | SCMAudit | user=jenkins1000 | ip=192.168.34.57 | op=SEND_HEARTBEAT {datanodeUUID=a2fab492-56f3-43b8-af5f-239f4e38d11d, command=[]} | ret=SUCCESS |  
2019-08-24 00:21:24,336 | INFO  | SCMAudit | user=jenkins1000 | ip=192.168.34.57 | op=SEND_HEARTBEAT {datanodeUUID=44c7f39a-9454-4511-9eaf-9b72a4aa6bb9, command=[]} | ret=SUCCESS |  
2019-08-24 00:21:24,517 | INFO  | SCMAudit | user=jenkins1000 | ip=192.168.34.57 | op=SEND_HEARTBEAT {datanodeUUID=6f3ac5a3-43f3-4ed6-928d-1c9df2f8e2aa, command=[]} | ret=SUCCESS |  
2019-08-24 00:21:24,841 | INFO  | SCMAudit | user=jenkins1000 | ip=192.168.34.57 | op=SEND_HEARTBEAT {datanodeUUID=9b1b75a9-c857-4b9a-9bce-dd664e78af57, command=[]} | ret=SUCCESS |  
2019-08-24 00:21:24,841 | INFO  | SCMAudit | user=jenkins1000 | ip=192.168.34.57 | op=SEND_HEARTBEAT {datanodeUUID=4d1e0fe6-60fd-4907-9842-f352edb6fbc8, command=[]} | ret=SUCCESS |  
2019-08-24 00:21:24,861 | INFO  | SCMAudit | user=jenkins1000 | ip=192.168.34.57 | op=SEND_HEARTBEAT {datanodeUUID=3a14c1ba-d90f-4e55-9b74-34a12c0cf08b, command=[]} | ret=SUCCESS |  
2019-08-24 00:21:24,886 | INFO  | SCMAudit | user=jenkins1000 | ip=192.168.34.57 | op=SEND_HEARTBEAT {datanodeUUID=5da42abd-867e-47ba-b805-7d971175ab74, command=[]} | ret=SUCCESS |  
2019-08-24 00:21:25,125 | INFO  | SCMAudit | user=jenkins1000 | ip=192.168.34.57 | op=SEND_HEARTBEAT {datanodeUUID=a2fab492-56f3-43b8-af5f-239f4e38d11d, command=[]} | ret=SUCCESS |  
2019-08-24 00:21:25,333 [grpc-default-executor-5] INFO  client.GrpcClientProtocolClient (GrpcClientProtocolClient.java:onNext(255)) - client-090605BECF39->3a14c1ba-d90f-4e55-9b74-34a12c0cf08b: receive RaftClientReply:client-090605BECF39->3a14c1ba-d90f-4e55-9b74-34a12c0cf08b@group-7922B4F3146A, cid=45, FAILED org.apache.ratis.protocol.NotLeaderException: Server 3a14c1ba-d90f-4e55-9b74-34a12c0cf08b is not the leader (4d1e0fe6-60fd-4907-9842-f352edb6fbc8:192.168.34.57:43840). Request must be sent to leader., logIndex=0, commits[3a14c1ba-d90f-4e55-9b74-34a12c0cf08b:c8, 9b1b75a9-c857-4b9a-9bce-dd664e78af57:c8, 4d1e0fe6-60fd-4907-9842-f352edb6fbc8:c8]
2019-08-24 00:21:25,343 | INFO  | SCMAudit | user=jenkins1000 | ip=192.168.34.57 | op=SEND_HEARTBEAT {datanodeUUID=44c7f39a-9454-4511-9eaf-9b72a4aa6bb9, command=[]} | ret=SUCCESS |  
2019-08-24 00:21:25,516 | INFO  | SCMAudit | user=jenkins1000 | ip=192.168.34.57 | op=SEND_HEARTBEAT {datanodeUUID=6f3ac5a3-43f3-4ed6-928d-1c9df2f8e2aa, command=[]} | ret=SUCCESS |  
2019-08-24 00:21:25,840 | INFO  | SCMAudit | user=jenkins1000 | ip=192.168.34.57 | op=SEND_HEARTBEAT {datanodeUUID=9b1b75a9-c857-4b9a-9bce-dd664e78af57, command=[]} | ret=SUCCESS |  
2019-08-24 00:21:25,840 | INFO  | SCMAudit | user=jenkins1000 | ip=192.168.34.57 | op=SEND_HEARTBEAT {datanodeUUID=4d1e0fe6-60fd-4907-9842-f352edb6fbc8, command=[]} | ret=SUCCESS |  
2019-08-24 00:21:25,861 | INFO  | SCMAudit | user=jenkins1000 | ip=192.168.34.57 | op=SEND_HEARTBEAT {datanodeUUID=3a14c1ba-d90f-4e55-9b74-34a12c0cf08b, command=[]} | ret=SUCCESS |  
2019-08-24 00:21:25,886 | INFO  | SCMAudit | user=jenkins1000 | ip=192.168.34.57 | op=SEND_HEARTBEAT {datanodeUUID=5da42abd-867e-47ba-b805-7d971175ab74, command=[]} | ret=SUCCESS |  
2019-08-24 00:21:26,124 | INFO  | SCMAudit | user=jenkins1000 | ip=192.168.34.57 | op=SEND_HEARTBEAT {datanodeUUID=a2fab492-56f3-43b8-af5f-239f4e38d11d, command=[]} | ret=SUCCESS |  
2019-08-24 00:21:26,337 | INFO  | SCMAudit | user=jenkins1000 | ip=192.168.34.57 | op=SEND_HEARTBEAT {datanodeUUID=44c7f39a-9454-4511-9eaf-9b72a4aa6bb9, command=[]} | ret=SUCCESS |  
2019-08-24 00:21:26,516 | INFO  | SCMAudit | user=jenkins1000 | ip=192.168.34.57 | op=SEND_HEARTBEAT {datanodeUUID=6f3ac5a3-43f3-4ed6-928d-1c9df2f8e2aa, command=[]} | ret=SUCCESS |  
2019-08-24 00:21:26,841 | INFO  | SCMAudit | user=jenkins1000 | ip=192.168.34.57 | op=SEND_HEARTBEAT {datanodeUUID=9b1b75a9-c857-4b9a-9bce-dd664e78af57, command=[]} | ret=SUCCESS |  
2019-08-24 00:21:26,842 | INFO  | SCMAudit | user=jenkins1000 | ip=192.168.34.57 | op=SEND_HEARTBEAT {datanodeUUID=4d1e0fe6-60fd-4907-9842-f352edb6fbc8, command=[]} | ret=SUCCESS |  
2019-08-24 00:21:26,860 | INFO  | SCMAudit | user=jenkins1000 | ip=192.168.34.57 | op=SEND_HEARTBEAT {datanodeUUID=3a14c1ba-d90f-4e55-9b74-34a12c0cf08b, command=[]} | ret=SUCCESS |  
2019-08-24 00:21:26,886 | INFO  | SCMAudit | user=jenkins1000 | ip=192.168.34.57 | op=SEND_HEARTBEAT {datanodeUUID=5da42abd-867e-47ba-b805-7d971175ab74, command=[]} | ret=SUCCESS |  
2019-08-24 00:21:27,127 | INFO  | SCMAudit | user=jenkins1000 | ip=192.168.34.57 | op=SEND_HEARTBEAT {datanodeUUID=a2fab492-56f3-43b8-af5f-239f4e38d11d, command=[]} | ret=SUCCESS |  
2019-08-24 00:21:27,336 | INFO  | SCMAudit | user=jenkins1000 | ip=192.168.34.57 | op=SEND_HEARTBEAT {datanodeUUID=44c7f39a-9454-4511-9eaf-9b72a4aa6bb9, command=[]} | ret=SUCCESS |  
2019-08-24 00:21:27,516 | INFO  | SCMAudit | user=jenkins1000 | ip=192.168.34.57 | op=SEND_HEARTBEAT {datanodeUUID=6f3ac5a3-43f3-4ed6-928d-1c9df2f8e2aa, command=[]} | ret=SUCCESS |  
2019-08-24 00:21:27,840 | INFO  | SCMAudit | user=jenkins1000 | ip=192.168.34.57 | op=SEND_HEARTBEAT {datanodeUUID=9b1b75a9-c857-4b9a-9bce-dd664e78af57, command=[]} | ret=SUCCESS |  
2019-08-24 00:21:27,841 | INFO  | SCMAudit | user=jenkins1000 | ip=192.168.34.57 | op=SEND_HEARTBEAT {datanodeUUID=4d1e0fe6-60fd-4907-9842-f352edb6fbc8, command=[]} | ret=SUCCESS |  
2019-08-24 00:21:27,861 | INFO  | SCMAudit | user=jenkins1000 | ip=192.168.34.57 | op=SEND_HEARTBEAT {datanodeUUID=3a14c1ba-d90f-4e55-9b74-34a12c0cf08b, command=[]} | ret=SUCCESS |  
2019-08-24 00:21:27,887 | INFO  | SCMAudit | user=jenkins1000 | ip=192.168.34.57 | op=SEND_HEARTBEAT {datanodeUUID=5da42abd-867e-47ba-b805-7d971175ab74, command=[]} | ret=SUCCESS |  
2019-08-24 00:21:28,125 | INFO  | SCMAudit | user=jenkins1000 | ip=192.168.34.57 | op=SEND_HEARTBEAT {datanodeUUID=a2fab492-56f3-43b8-af5f-239f4e38d11d, command=[]} | ret=SUCCESS |  
2019-08-24 00:21:28,337 | INFO  | SCMAudit | user=jenkins1000 | ip=192.168.34.57 | op=SEND_HEARTBEAT {datanodeUUID=44c7f39a-9454-4511-9eaf-9b72a4aa6bb9, command=[]} | ret=SUCCESS |  
2019-08-24 00:21:28,516 | INFO  | SCMAudit | user=jenkins1000 | ip=192.168.34.57 | op=SEND_HEARTBEAT {datanodeUUID=6f3ac5a3-43f3-4ed6-928d-1c9df2f8e2aa, command=[]} | ret=SUCCESS |  
2019-08-24 00:21:28,841 | INFO  | SCMAudit | user=jenkins1000 | ip=192.168.34.57 | op=SEND_HEARTBEAT {datanodeUUID=4d1e0fe6-60fd-4907-9842-f352edb6fbc8, command=[]} | ret=SUCCESS |  
2019-08-24 00:21:28,841 | INFO  | SCMAudit | user=jenkins1000 | ip=192.168.34.57 | op=SEND_HEARTBEAT {datanodeUUID=9b1b75a9-c857-4b9a-9bce-dd664e78af57, command=[]} | ret=SUCCESS |  
2019-08-24 00:21:28,861 | INFO  | SCMAudit | user=jenkins1000 | ip=192.168.34.57 | op=SEND_HEARTBEAT {datanodeUUID=3a14c1ba-d90f-4e55-9b74-34a12c0cf08b, command=[]} | ret=SUCCESS |  
2019-08-24 00:21:28,887 | INFO  | SCMAudit | user=jenkins1000 | ip=192.168.34.57 | op=SEND_HEARTBEAT {datanodeUUID=5da42abd-867e-47ba-b805-7d971175ab74, command=[]} | ret=SUCCESS |  
2019-08-24 00:21:29,126 | INFO  | SCMAudit | user=jenkins1000 | ip=192.168.34.57 | op=SEND_HEARTBEAT {datanodeUUID=a2fab492-56f3-43b8-af5f-239f4e38d11d, command=[]} | ret=SUCCESS |  
2019-08-24 00:21:29,337 | INFO  | SCMAudit | user=jenkins1000 | ip=192.168.34.57 | op=SEND_HEARTBEAT {datanodeUUID=44c7f39a-9454-4511-9eaf-9b72a4aa6bb9, command=[]} | ret=SUCCESS |  
2019-08-24 00:21:29,515 | INFO  | SCMAudit | user=jenkins1000 | ip=192.168.34.57 | op=SEND_HEARTBEAT {datanodeUUID=6f3ac5a3-43f3-4ed6-928d-1c9df2f8e2aa, command=[]} | ret=SUCCESS |  
2019-08-24 00:21:29,841 | INFO  | SCMAudit | user=jenkins1000 | ip=192.168.34.57 | op=SEND_HEARTBEAT {datanodeUUID=9b1b75a9-c857-4b9a-9bce-dd664e78af57, command=[]} | ret=SUCCESS |  
2019-08-24 00:21:29,842 | INFO  | SCMAudit | user=jenkins1000 | ip=192.168.34.57 | op=SEND_HEARTBEAT {datanodeUUID=4d1e0fe6-60fd-4907-9842-f352edb6fbc8, command=[]} | ret=SUCCESS |  
2019-08-24 00:21:29,860 | INFO  | SCMAudit | user=jenkins1000 | ip=192.168.34.57 | op=SEND_HEARTBEAT {datanodeUUID=3a14c1ba-d90f-4e55-9b74-34a12c0cf08b, command=[]} | ret=SUCCESS |  
2019-08-24 00:21:29,886 | INFO  | SCMAudit | user=jenkins1000 | ip=192.168.34.57 | op=SEND_HEARTBEAT {datanodeUUID=5da42abd-867e-47ba-b805-7d971175ab74, command=[]} | ret=SUCCESS |  
2019-08-24 00:21:30,126 | INFO  | SCMAudit | user=jenkins1000 | ip=192.168.34.57 | op=SEND_HEARTBEAT {datanodeUUID=a2fab492-56f3-43b8-af5f-239f4e38d11d, command=[]} | ret=SUCCESS |  
2019-08-24 00:21:30,337 | INFO  | SCMAudit | user=jenkins1000 | ip=192.168.34.57 | op=SEND_HEARTBEAT {datanodeUUID=44c7f39a-9454-4511-9eaf-9b72a4aa6bb9, command=[]} | ret=SUCCESS |  
2019-08-24 00:21:30,383 [grpc-default-executor-5] INFO  client.GrpcClientProtocolClient (GrpcClientProtocolClient.java:onNext(255)) - client-090605BECF39->3a14c1ba-d90f-4e55-9b74-34a12c0cf08b: receive RaftClientReply:client-090605BECF39->3a14c1ba-d90f-4e55-9b74-34a12c0cf08b@group-7922B4F3146A, cid=45, FAILED org.apache.ratis.protocol.NotLeaderException: Server 3a14c1ba-d90f-4e55-9b74-34a12c0cf08b is not the leader (4d1e0fe6-60fd-4907-9842-f352edb6fbc8:192.168.34.57:43840). Request must be sent to leader., logIndex=0, commits[3a14c1ba-d90f-4e55-9b74-34a12c0cf08b:c8, 9b1b75a9-c857-4b9a-9bce-dd664e78af57:c8, 4d1e0fe6-60fd-4907-9842-f352edb6fbc8:c8]
2019-08-24 00:21:30,516 | INFO  | SCMAudit | user=jenkins1000 | ip=192.168.34.57 | op=SEND_HEARTBEAT {datanodeUUID=6f3ac5a3-43f3-4ed6-928d-1c9df2f8e2aa, command=[]} | ret=SUCCESS |  
2019-08-24 00:21:30,841 | INFO  | SCMAudit | user=jenkins1000 | ip=192.168.34.57 | op=SEND_HEARTBEAT {datanodeUUID=9b1b75a9-c857-4b9a-9bce-dd664e78af57, command=[]} | ret=SUCCESS |  
2019-08-24 00:21:30,842 | INFO  | SCMAudit | user=jenkins1000 | ip=192.168.34.57 | op=SEND_HEARTBEAT {datanodeUUID=4d1e0fe6-60fd-4907-9842-f352edb6fbc8, command=[]} | ret=SUCCESS |  
2019-08-24 00:21:30,863 | INFO  | SCMAudit | user=jenkins1000 | ip=192.168.34.57 | op=SEND_HEARTBEAT {datanodeUUID=3a14c1ba-d90f-4e55-9b74-34a12c0cf08b, command=[]} | ret=SUCCESS |  
2019-08-24 00:21:30,887 | INFO  | SCMAudit | user=jenkins1000 | ip=192.168.34.57 | op=SEND_HEARTBEAT {datanodeUUID=5da42abd-867e-47ba-b805-7d971175ab74, command=[]} | ret=SUCCESS |  
2019-08-24 00:21:31,126 | INFO  | SCMAudit | user=jenkins1000 | ip=192.168.34.57 | op=SEND_HEARTBEAT {datanodeUUID=a2fab492-56f3-43b8-af5f-239f4e38d11d, command=[]} | ret=SUCCESS |  
2019-08-24 00:21:31,336 | INFO  | SCMAudit | user=jenkins1000 | ip=192.168.34.57 | op=SEND_HEARTBEAT {datanodeUUID=44c7f39a-9454-4511-9eaf-9b72a4aa6bb9, command=[]} | ret=SUCCESS |  
2019-08-24 00:21:31,517 | INFO  | SCMAudit | user=jenkins1000 | ip=192.168.34.57 | op=SEND_HEARTBEAT {datanodeUUID=6f3ac5a3-43f3-4ed6-928d-1c9df2f8e2aa, command=[]} | ret=SUCCESS |  
2019-08-24 00:21:31,841 | INFO  | SCMAudit | user=jenkins1000 | ip=192.168.34.57 | op=SEND_HEARTBEAT {datanodeUUID=9b1b75a9-c857-4b9a-9bce-dd664e78af57, command=[]} | ret=SUCCESS |  
2019-08-24 00:21:31,843 | INFO  | SCMAudit | user=jenkins1000 | ip=192.168.34.57 | op=SEND_HEARTBEAT {datanodeUUID=4d1e0fe6-60fd-4907-9842-f352edb6fbc8, command=[]} | ret=SUCCESS |  
2019-08-24 00:21:31,861 | INFO  | SCMAudit | user=jenkins1000 | ip=192.168.34.57 | op=SEND_HEARTBEAT {datanodeUUID=3a14c1ba-d90f-4e55-9b74-34a12c0cf08b, command=[]} | ret=SUCCESS |  
2019-08-24 00:21:31,886 | INFO  | SCMAudit | user=jenkins1000 | ip=192.168.34.57 | op=SEND_HEARTBEAT {datanodeUUID=5da42abd-867e-47ba-b805-7d971175ab74, command=[]} | ret=SUCCESS |  
2019-08-24 00:21:32,125 | INFO  | SCMAudit | user=jenkins1000 | ip=192.168.34.57 | op=SEND_HEARTBEAT {datanodeUUID=a2fab492-56f3-43b8-af5f-239f4e38d11d, command=[]} | ret=SUCCESS |  
2019-08-24 00:21:32,337 | INFO  | SCMAudit | user=jenkins1000 | ip=192.168.34.57 | op=SEND_HEARTBEAT {datanodeUUID=44c7f39a-9454-4511-9eaf-9b72a4aa6bb9, command=[]} | ret=SUCCESS |  
2019-08-24 00:21:32,519 | INFO  | SCMAudit | user=jenkins1000 | ip=192.168.34.57 | op=SEND_HEARTBEAT {datanodeUUID=6f3ac5a3-43f3-4ed6-928d-1c9df2f8e2aa, command=[]} | ret=SUCCESS |  
2019-08-24 00:21:32,841 | INFO  | SCMAudit | user=jenkins1000 | ip=192.168.34.57 | op=SEND_HEARTBEAT {datanodeUUID=9b1b75a9-c857-4b9a-9bce-dd664e78af57, command=[]} | ret=SUCCESS |  
2019-08-24 00:21:32,847 | INFO  | SCMAudit | user=jenkins1000 | ip=192.168.34.57 | op=SEND_HEARTBEAT {datanodeUUID=4d1e0fe6-60fd-4907-9842-f352edb6fbc8, command=[]} | ret=SUCCESS |  
2019-08-24 00:21:32,862 | INFO  | SCMAudit | user=jenkins1000 | ip=192.168.34.57 | op=SEND_HEARTBEAT {datanodeUUID=3a14c1ba-d90f-4e55-9b74-34a12c0cf08b, command=[]} | ret=SUCCESS |  
2019-08-24 00:21:32,886 | INFO  | SCMAudit | user=jenkins1000 | ip=192.168.34.57 | op=SEND_HEARTBEAT {datanodeUUID=5da42abd-867e-47ba-b805-7d971175ab74, command=[]} | ret=SUCCESS |  
2019-08-24 00:21:33,126 | INFO  | SCMAudit | user=jenkins1000 | ip=192.168.34.57 | op=SEND_HEARTBEAT {datanodeUUID=a2fab492-56f3-43b8-af5f-239f4e38d11d, command=[]} | ret=SUCCESS |  
2019-08-24 00:21:33,337 | INFO  | SCMAudit | user=jenkins1000 | ip=192.168.34.57 | op=SEND_HEARTBEAT {datanodeUUID=44c7f39a-9454-4511-9eaf-9b72a4aa6bb9, command=[]} | ret=SUCCESS |  
2019-08-24 00:21:33,516 | INFO  | SCMAudit | user=jenkins1000 | ip=192.168.34.57 | op=SEND_HEARTBEAT {datanodeUUID=6f3ac5a3-43f3-4ed6-928d-1c9df2f8e2aa, command=[]} | ret=SUCCESS |  
2019-08-24 00:21:33,841 | INFO  | SCMAudit | user=jenkins1000 | ip=192.168.34.57 | op=SEND_HEARTBEAT {datanodeUUID=9b1b75a9-c857-4b9a-9bce-dd664e78af57, command=[]} | ret=SUCCESS |  
2019-08-24 00:21:33,848 | INFO  | SCMAudit | user=jenkins1000 | ip=192.168.34.57 | op=SEND_HEARTBEAT {datanodeUUID=4d1e0fe6-60fd-4907-9842-f352edb6fbc8, command=[]} | ret=SUCCESS |  
2019-08-24 00:21:33,861 | INFO  | SCMAudit | user=jenkins1000 | ip=192.168.34.57 | op=SEND_HEARTBEAT {datanodeUUID=3a14c1ba-d90f-4e55-9b74-34a12c0cf08b, command=[]} | ret=SUCCESS |  
2019-08-24 00:21:33,887 | INFO  | SCMAudit | user=jenkins1000 | ip=192.168.34.57 | op=SEND_HEARTBEAT {datanodeUUID=5da42abd-867e-47ba-b805-7d971175ab74, command=[]} | ret=SUCCESS |  
2019-08-24 00:21:34,126 | INFO  | SCMAudit | user=jenkins1000 | ip=192.168.34.57 | op=SEND_HEARTBEAT {datanodeUUID=a2fab492-56f3-43b8-af5f-239f4e38d11d, command=[]} | ret=SUCCESS |  
2019-08-24 00:21:34,338 | INFO  | SCMAudit | user=jenkins1000 | ip=192.168.34.57 | op=SEND_HEARTBEAT {datanodeUUID=44c7f39a-9454-4511-9eaf-9b72a4aa6bb9, command=[]} | ret=SUCCESS |  
2019-08-24 00:21:34,518 | INFO  | SCMAudit | user=jenkins1000 | ip=192.168.34.57 | op=SEND_HEARTBEAT {datanodeUUID=6f3ac5a3-43f3-4ed6-928d-1c9df2f8e2aa, command=[]} | ret=SUCCESS |  
2019-08-24 00:21:34,841 | INFO  | SCMAudit | user=jenkins1000 | ip=192.168.34.57 | op=SEND_HEARTBEAT {datanodeUUID=9b1b75a9-c857-4b9a-9bce-dd664e78af57, command=[]} | ret=SUCCESS |  
2019-08-24 00:21:34,848 | INFO  | SCMAudit | user=jenkins1000 | ip=192.168.34.57 | op=SEND_HEARTBEAT {datanodeUUID=4d1e0fe6-60fd-4907-9842-f352edb6fbc8, command=[]} | ret=SUCCESS |  
2019-08-24 00:21:34,861 | INFO  | SCMAudit | user=jenkins1000 | ip=192.168.34.57 | op=SEND_HEARTBEAT {datanodeUUID=3a14c1ba-d90f-4e55-9b74-34a12c0cf08b, command=[]} | ret=SUCCESS |  
2019-08-24 00:21:34,886 | INFO  | SCMAudit | user=jenkins1000 | ip=192.168.34.57 | op=SEND_HEARTBEAT {datanodeUUID=5da42abd-867e-47ba-b805-7d971175ab74, command=[]} | ret=SUCCESS |  
2019-08-24 00:21:35,127 | INFO  | SCMAudit | user=jenkins1000 | ip=192.168.34.57 | op=SEND_HEARTBEAT {datanodeUUID=a2fab492-56f3-43b8-af5f-239f4e38d11d, command=[]} | ret=SUCCESS |  
2019-08-24 00:21:35,338 | INFO  | SCMAudit | user=jenkins1000 | ip=192.168.34.57 | op=SEND_HEARTBEAT {datanodeUUID=44c7f39a-9454-4511-9eaf-9b72a4aa6bb9, command=[]} | ret=SUCCESS |  
2019-08-24 00:21:35,438 [grpc-default-executor-5] INFO  client.GrpcClientProtocolClient (GrpcClientProtocolClient.java:onNext(255)) - client-090605BECF39->3a14c1ba-d90f-4e55-9b74-34a12c0cf08b: receive RaftClientReply:client-090605BECF39->3a14c1ba-d90f-4e55-9b74-34a12c0cf08b@group-7922B4F3146A, cid=45, FAILED org.apache.ratis.protocol.NotLeaderException: Server 3a14c1ba-d90f-4e55-9b74-34a12c0cf08b is not the leader (4d1e0fe6-60fd-4907-9842-f352edb6fbc8:192.168.34.57:43840). Request must be sent to leader., logIndex=0, commits[3a14c1ba-d90f-4e55-9b74-34a12c0cf08b:c8, 9b1b75a9-c857-4b9a-9bce-dd664e78af57:c8, 4d1e0fe6-60fd-4907-9842-f352edb6fbc8:c8]
2019-08-24 00:21:35,516 | INFO  | SCMAudit | user=jenkins1000 | ip=192.168.34.57 | op=SEND_HEARTBEAT {datanodeUUID=6f3ac5a3-43f3-4ed6-928d-1c9df2f8e2aa, command=[]} | ret=SUCCESS |  
2019-08-24 00:21:35,842 | INFO  | SCMAudit | user=jenkins1000 | ip=192.168.34.57 | op=SEND_HEARTBEAT {datanodeUUID=9b1b75a9-c857-4b9a-9bce-dd664e78af57, command=[]} | ret=SUCCESS |  
2019-08-24 00:21:35,849 | INFO  | SCMAudit | user=jenkins1000 | ip=192.168.34.57 | op=SEND_HEARTBEAT {datanodeUUID=4d1e0fe6-60fd-4907-9842-f352edb6fbc8, command=[]} | ret=SUCCESS |  
2019-08-24 00:21:35,862 | INFO  | SCMAudit | user=jenkins1000 | ip=192.168.34.57 | op=SEND_HEARTBEAT {datanodeUUID=3a14c1ba-d90f-4e55-9b74-34a12c0cf08b, command=[]} | ret=SUCCESS |  
2019-08-24 00:21:35,887 | INFO  | SCMAudit | user=jenkins1000 | ip=192.168.34.57 | op=SEND_HEARTBEAT {datanodeUUID=5da42abd-867e-47ba-b805-7d971175ab74, command=[]} | ret=SUCCESS |  
2019-08-24 00:21:36,127 | INFO  | SCMAudit | user=jenkins1000 | ip=192.168.34.57 | op=SEND_HEARTBEAT {datanodeUUID=a2fab492-56f3-43b8-af5f-239f4e38d11d, command=[]} | ret=SUCCESS |  
2019-08-24 00:21:36,337 | INFO  | SCMAudit | user=jenkins1000 | ip=192.168.34.57 | op=SEND_HEARTBEAT {datanodeUUID=44c7f39a-9454-4511-9eaf-9b72a4aa6bb9, command=[]} | ret=SUCCESS |  
2019-08-24 00:21:36,517 | INFO  | SCMAudit | user=jenkins1000 | ip=192.168.34.57 | op=SEND_HEARTBEAT {datanodeUUID=6f3ac5a3-43f3-4ed6-928d-1c9df2f8e2aa, command=[]} | ret=SUCCESS |  
2019-08-24 00:21:36,841 | INFO  | SCMAudit | user=jenkins1000 | ip=192.168.34.57 | op=SEND_HEARTBEAT {datanodeUUID=9b1b75a9-c857-4b9a-9bce-dd664e78af57, command=[]} | ret=SUCCESS |  
2019-08-24 00:21:36,848 | INFO  | SCMAudit | user=jenkins1000 | ip=192.168.34.57 | op=SEND_HEARTBEAT {datanodeUUID=4d1e0fe6-60fd-4907-9842-f352edb6fbc8, command=[]} | ret=SUCCESS |  
2019-08-24 00:21:36,862 | INFO  | SCMAudit | user=jenkins1000 | ip=192.168.34.57 | op=SEND_HEARTBEAT {datanodeUUID=3a14c1ba-d90f-4e55-9b74-34a12c0cf08b, command=[]} | ret=SUCCESS |  
2019-08-24 00:21:36,886 | INFO  | SCMAudit | user=jenkins1000 | ip=192.168.34.57 | op=SEND_HEARTBEAT {datanodeUUID=5da42abd-867e-47ba-b805-7d971175ab74, command=[]} | ret=SUCCESS |  
2019-08-24 00:21:37,126 | INFO  | SCMAudit | user=jenkins1000 | ip=192.168.34.57 | op=SEND_HEARTBEAT {datanodeUUID=a2fab492-56f3-43b8-af5f-239f4e38d11d, command=[]} | ret=SUCCESS |  
2019-08-24 00:21:37,337 | INFO  | SCMAudit | user=jenkins1000 | ip=192.168.34.57 | op=SEND_HEARTBEAT {datanodeUUID=44c7f39a-9454-4511-9eaf-9b72a4aa6bb9, command=[]} | ret=SUCCESS |  
2019-08-24 00:21:37,516 | INFO  | SCMAudit | user=jenkins1000 | ip=192.168.34.57 | op=SEND_HEARTBEAT {datanodeUUID=6f3ac5a3-43f3-4ed6-928d-1c9df2f8e2aa, command=[]} | ret=SUCCESS |  
2019-08-24 00:21:37,842 | INFO  | SCMAudit | user=jenkins1000 | ip=192.168.34.57 | op=SEND_HEARTBEAT {datanodeUUID=9b1b75a9-c857-4b9a-9bce-dd664e78af57, command=[]} | ret=SUCCESS |  
2019-08-24 00:21:37,848 | INFO  | SCMAudit | user=jenkins1000 | ip=192.168.34.57 | op=SEND_HEARTBEAT {datanodeUUID=4d1e0fe6-60fd-4907-9842-f352edb6fbc8, command=[]} | ret=SUCCESS |  
2019-08-24 00:21:37,863 | INFO  | SCMAudit | user=jenkins1000 | ip=192.168.34.57 | op=SEND_HEARTBEAT {datanodeUUID=3a14c1ba-d90f-4e55-9b74-34a12c0cf08b, command=[]} | ret=SUCCESS |  
2019-08-24 00:21:37,887 | INFO  | SCMAudit | user=jenkins1000 | ip=192.168.34.57 | op=SEND_HEARTBEAT {datanodeUUID=5da42abd-867e-47ba-b805-7d971175ab74, command=[]} | ret=SUCCESS |  
2019-08-24 00:21:38,127 | INFO  | SCMAudit | user=jenkins1000 | ip=192.168.34.57 | op=SEND_HEARTBEAT {datanodeUUID=a2fab492-56f3-43b8-af5f-239f4e38d11d, command=[]} | ret=SUCCESS |  
2019-08-24 00:21:38,338 | INFO  | SCMAudit | user=jenkins1000 | ip=192.168.34.57 | op=SEND_HEARTBEAT {datanodeUUID=44c7f39a-9454-4511-9eaf-9b72a4aa6bb9, command=[]} | ret=SUCCESS |  
2019-08-24 00:21:38,517 | INFO  | SCMAudit | user=jenkins1000 | ip=192.168.34.57 | op=SEND_HEARTBEAT {datanodeUUID=6f3ac5a3-43f3-4ed6-928d-1c9df2f8e2aa, command=[]} | ret=SUCCESS |  
2019-08-24 00:21:38,842 | INFO  | SCMAudit | user=jenkins1000 | ip=192.168.34.57 | op=SEND_HEARTBEAT {datanodeUUID=9b1b75a9-c857-4b9a-9bce-dd664e78af57, command=[]} | ret=SUCCESS |  
2019-08-24 00:21:38,848 | INFO  | SCMAudit | user=jenkins1000 | ip=192.168.34.57 | op=SEND_HEARTBEAT {datanodeUUID=4d1e0fe6-60fd-4907-9842-f352edb6fbc8, command=[]} | ret=SUCCESS |  
2019-08-24 00:21:38,864 | INFO  | SCMAudit | user=jenkins1000 | ip=192.168.34.57 | op=SEND_HEARTBEAT {datanodeUUID=3a14c1ba-d90f-4e55-9b74-34a12c0cf08b, command=[]} | ret=SUCCESS |  
2019-08-24 00:21:38,886 | INFO  | SCMAudit | user=jenkins1000 | ip=192.168.34.57 | op=SEND_HEARTBEAT {datanodeUUID=5da42abd-867e-47ba-b805-7d971175ab74, command=[]} | ret=SUCCESS |  
2019-08-24 00:21:39,126 | INFO  | SCMAudit | user=jenkins1000 | ip=192.168.34.57 | op=SEND_HEARTBEAT {datanodeUUID=a2fab492-56f3-43b8-af5f-239f4e38d11d, command=[]} | ret=SUCCESS |  
2019-08-24 00:21:39,337 | INFO  | SCMAudit | user=jenkins1000 | ip=192.168.34.57 | op=SEND_HEARTBEAT {datanodeUUID=44c7f39a-9454-4511-9eaf-9b72a4aa6bb9, command=[]} | ret=SUCCESS |  
2019-08-24 00:21:39,516 | INFO  | SCMAudit | user=jenkins1000 | ip=192.168.34.57 | op=SEND_HEARTBEAT {datanodeUUID=6f3ac5a3-43f3-4ed6-928d-1c9df2f8e2aa, command=[]} | ret=SUCCESS |  
2019-08-24 00:21:39,842 | INFO  | SCMAudit | user=jenkins1000 | ip=192.168.34.57 | op=SEND_HEARTBEAT {datanodeUUID=9b1b75a9-c857-4b9a-9bce-dd664e78af57, command=[]} | ret=SUCCESS |  
2019-08-24 00:21:39,848 | INFO  | SCMAudit | user=jenkins1000 | ip=192.168.34.57 | op=SEND_HEARTBEAT {datanodeUUID=4d1e0fe6-60fd-4907-9842-f352edb6fbc8, command=[]} | ret=SUCCESS |  
2019-08-24 00:21:39,864 | INFO  | SCMAudit | user=jenkins1000 | ip=192.168.34.57 | op=SEND_HEARTBEAT {datanodeUUID=3a14c1ba-d90f-4e55-9b74-34a12c0cf08b, command=[]} | ret=SUCCESS |  
2019-08-24 00:21:39,887 | INFO  | SCMAudit | user=jenkins1000 | ip=192.168.34.57 | op=SEND_HEARTBEAT {datanodeUUID=5da42abd-867e-47ba-b805-7d971175ab74, command=[]} | ret=SUCCESS |  
2019-08-24 00:21:40,127 | INFO  | SCMAudit | user=jenkins1000 | ip=192.168.34.57 | op=SEND_HEARTBEAT {datanodeUUID=a2fab492-56f3-43b8-af5f-239f4e38d11d, command=[]} | ret=SUCCESS |  
2019-08-24 00:21:40,338 | INFO  | SCMAudit | user=jenkins1000 | ip=192.168.34.57 | op=SEND_HEARTBEAT {datanodeUUID=44c7f39a-9454-4511-9eaf-9b72a4aa6bb9, command=[]} | ret=SUCCESS |  
2019-08-24 00:21:40,477 [grpc-default-executor-4] INFO  client.GrpcClientProtocolClient (GrpcClientProtocolClient.java:onNext(255)) - client-090605BECF39->3a14c1ba-d90f-4e55-9b74-34a12c0cf08b: receive RaftClientReply:client-090605BECF39->3a14c1ba-d90f-4e55-9b74-34a12c0cf08b@group-7922B4F3146A, cid=45, FAILED org.apache.ratis.protocol.NotLeaderException: Server 3a14c1ba-d90f-4e55-9b74-34a12c0cf08b is not the leader (4d1e0fe6-60fd-4907-9842-f352edb6fbc8:192.168.34.57:43840). Request must be sent to leader., logIndex=0, commits[3a14c1ba-d90f-4e55-9b74-34a12c0cf08b:c8, 9b1b75a9-c857-4b9a-9bce-dd664e78af57:c8, 4d1e0fe6-60fd-4907-9842-f352edb6fbc8:c8]
2019-08-24 00:21:40,516 | INFO  | SCMAudit | user=jenkins1000 | ip=192.168.34.57 | op=SEND_HEARTBEAT {datanodeUUID=6f3ac5a3-43f3-4ed6-928d-1c9df2f8e2aa, command=[]} | ret=SUCCESS |  
2019-08-24 00:21:40,843 | INFO  | SCMAudit | user=jenkins1000 | ip=192.168.34.57 | op=SEND_HEARTBEAT {datanodeUUID=9b1b75a9-c857-4b9a-9bce-dd664e78af57, command=[]} | ret=SUCCESS |  
2019-08-24 00:21:40,848 | INFO  | SCMAudit | user=jenkins1000 | ip=192.168.34.57 | op=SEND_HEARTBEAT {datanodeUUID=4d1e0fe6-60fd-4907-9842-f352edb6fbc8, command=[]} | ret=SUCCESS |  
2019-08-24 00:21:40,865 | INFO  | SCMAudit | user=jenkins1000 | ip=192.168.34.57 | op=SEND_HEARTBEAT {datanodeUUID=3a14c1ba-d90f-4e55-9b74-34a12c0cf08b, command=[]} | ret=SUCCESS |  
2019-08-24 00:21:40,887 | INFO  | SCMAudit | user=jenkins1000 | ip=192.168.34.57 | op=SEND_HEARTBEAT {datanodeUUID=5da42abd-867e-47ba-b805-7d971175ab74, command=[]} | ret=SUCCESS |  
2019-08-24 00:21:41,128 | INFO  | SCMAudit | user=jenkins1000 | ip=192.168.34.57 | op=SEND_HEARTBEAT {datanodeUUID=a2fab492-56f3-43b8-af5f-239f4e38d11d, command=[]} | ret=SUCCESS |  
2019-08-24 00:21:41,338 | INFO  | SCMAudit | user=jenkins1000 | ip=192.168.34.57 | op=SEND_HEARTBEAT {datanodeUUID=44c7f39a-9454-4511-9eaf-9b72a4aa6bb9, command=[]} | ret=SUCCESS |  
2019-08-24 00:21:41,517 | INFO  | SCMAudit | user=jenkins1000 | ip=192.168.34.57 | op=SEND_HEARTBEAT {datanodeUUID=6f3ac5a3-43f3-4ed6-928d-1c9df2f8e2aa, command=[]} | ret=SUCCESS |  
2019-08-24 00:21:41,842 | INFO  | SCMAudit | user=jenkins1000 | ip=192.168.34.57 | op=SEND_HEARTBEAT {datanodeUUID=9b1b75a9-c857-4b9a-9bce-dd664e78af57, command=[]} | ret=SUCCESS |  
2019-08-24 00:21:41,848 | INFO  | SCMAudit | user=jenkins1000 | ip=192.168.34.57 | op=SEND_HEARTBEAT {datanodeUUID=4d1e0fe6-60fd-4907-9842-f352edb6fbc8, command=[]} | ret=SUCCESS |  
2019-08-24 00:21:41,865 | INFO  | SCMAudit | user=jenkins1000 | ip=192.168.34.57 | op=SEND_HEARTBEAT {datanodeUUID=3a14c1ba-d90f-4e55-9b74-34a12c0cf08b, command=[]} | ret=SUCCESS |  
2019-08-24 00:21:41,886 | INFO  | SCMAudit | user=jenkins1000 | ip=192.168.34.57 | op=SEND_HEARTBEAT {datanodeUUID=5da42abd-867e-47ba-b805-7d971175ab74, command=[]} | ret=SUCCESS |  
2019-08-24 00:21:42,127 | INFO  | SCMAudit | user=jenkins1000 | ip=192.168.34.57 | op=SEND_HEARTBEAT {datanodeUUID=a2fab492-56f3-43b8-af5f-239f4e38d11d, command=[]} | ret=SUCCESS |  
2019-08-24 00:21:42,338 | INFO  | SCMAudit | user=jenkins1000 | ip=192.168.34.57 | op=SEND_HEARTBEAT {datanodeUUID=44c7f39a-9454-4511-9eaf-9b72a4aa6bb9, command=[]} | ret=SUCCESS |  
2019-08-24 00:21:42,517 | INFO  | SCMAudit | user=jenkins1000 | ip=192.168.34.57 | op=SEND_HEARTBEAT {datanodeUUID=6f3ac5a3-43f3-4ed6-928d-1c9df2f8e2aa, command=[]} | ret=SUCCESS |  
2019-08-24 00:21:42,843 | INFO  | SCMAudit | user=jenkins1000 | ip=192.168.34.57 | op=SEND_HEARTBEAT {datanodeUUID=9b1b75a9-c857-4b9a-9bce-dd664e78af57, command=[]} | ret=SUCCESS |  
2019-08-24 00:21:42,849 | INFO  | SCMAudit | user=jenkins1000 | ip=192.168.34.57 | op=SEND_HEARTBEAT {datanodeUUID=4d1e0fe6-60fd-4907-9842-f352edb6fbc8, command=[]} | ret=SUCCESS |  
2019-08-24 00:21:42,865 | INFO  | SCMAudit | user=jenkins1000 | ip=192.168.34.57 | op=SEND_HEARTBEAT {datanodeUUID=3a14c1ba-d90f-4e55-9b74-34a12c0cf08b, command=[]} | ret=SUCCESS |  
2019-08-24 00:21:42,886 | INFO  | SCMAudit | user=jenkins1000 | ip=192.168.34.57 | op=SEND_HEARTBEAT {datanodeUUID=5da42abd-867e-47ba-b805-7d971175ab74, command=[]} | ret=SUCCESS |  
2019-08-24 00:21:43,128 | INFO  | SCMAudit | user=jenkins1000 | ip=192.168.34.57 | op=SEND_HEARTBEAT {datanodeUUID=a2fab492-56f3-43b8-af5f-239f4e38d11d, command=[]} | ret=SUCCESS |  
2019-08-24 00:21:43,339 | INFO  | SCMAudit | user=jenkins1000 | ip=192.168.34.57 | op=SEND_HEARTBEAT {datanodeUUID=44c7f39a-9454-4511-9eaf-9b72a4aa6bb9, command=[]} | ret=SUCCESS |  
2019-08-24 00:21:43,516 | INFO  | SCMAudit | user=jenkins1000 | ip=192.168.34.57 | op=SEND_HEARTBEAT {datanodeUUID=6f3ac5a3-43f3-4ed6-928d-1c9df2f8e2aa, command=[]} | ret=SUCCESS |  
2019-08-24 00:21:43,842 | INFO  | SCMAudit | user=jenkins1000 | ip=192.168.34.57 | op=SEND_HEARTBEAT {datanodeUUID=9b1b75a9-c857-4b9a-9bce-dd664e78af57, command=[]} | ret=SUCCESS |  
2019-08-24 00:21:43,849 | INFO  | SCMAudit | user=jenkins1000 | ip=192.168.34.57 | op=SEND_HEARTBEAT {datanodeUUID=4d1e0fe6-60fd-4907-9842-f352edb6fbc8, command=[]} | ret=SUCCESS |  
2019-08-24 00:21:43,866 | INFO  | SCMAudit | user=jenkins1000 | ip=192.168.34.57 | op=SEND_HEARTBEAT {datanodeUUID=3a14c1ba-d90f-4e55-9b74-34a12c0cf08b, command=[]} | ret=SUCCESS |  
2019-08-24 00:21:43,887 | INFO  | SCMAudit | user=jenkins1000 | ip=192.168.34.57 | op=SEND_HEARTBEAT {datanodeUUID=5da42abd-867e-47ba-b805-7d971175ab74, command=[]} | ret=SUCCESS |  
2019-08-24 00:21:44,127 | INFO  | SCMAudit | user=jenkins1000 | ip=192.168.34.57 | op=SEND_HEARTBEAT {datanodeUUID=a2fab492-56f3-43b8-af5f-239f4e38d11d, command=[]} | ret=SUCCESS |  
2019-08-24 00:21:44,339 | INFO  | SCMAudit | user=jenkins1000 | ip=192.168.34.57 | op=SEND_HEARTBEAT {datanodeUUID=44c7f39a-9454-4511-9eaf-9b72a4aa6bb9, command=[]} | ret=SUCCESS |  
2019-08-24 00:21:44,516 | INFO  | SCMAudit | user=jenkins1000 | ip=192.168.34.57 | op=SEND_HEARTBEAT {datanodeUUID=6f3ac5a3-43f3-4ed6-928d-1c9df2f8e2aa, command=[]} | ret=SUCCESS |  
2019-08-24 00:21:44,843 | INFO  | SCMAudit | user=jenkins1000 | ip=192.168.34.57 | op=SEND_HEARTBEAT {datanodeUUID=9b1b75a9-c857-4b9a-9bce-dd664e78af57, command=[]} | ret=SUCCESS |  
2019-08-24 00:21:44,849 | INFO  | SCMAudit | user=jenkins1000 | ip=192.168.34.57 | op=SEND_HEARTBEAT {datanodeUUID=4d1e0fe6-60fd-4907-9842-f352edb6fbc8, command=[]} | ret=SUCCESS |  
2019-08-24 00:21:44,865 | INFO  | SCMAudit | user=jenkins1000 | ip=192.168.34.57 | op=SEND_HEARTBEAT {datanodeUUID=3a14c1ba-d90f-4e55-9b74-34a12c0cf08b, command=[]} | ret=SUCCESS |  
2019-08-24 00:21:44,886 | INFO  | SCMAudit | user=jenkins1000 | ip=192.168.34.57 | op=SEND_HEARTBEAT {datanodeUUID=5da42abd-867e-47ba-b805-7d971175ab74, command=[]} | ret=SUCCESS |  
2019-08-24 00:21:45,128 | INFO  | SCMAudit | user=jenkins1000 | ip=192.168.34.57 | op=SEND_HEARTBEAT {datanodeUUID=a2fab492-56f3-43b8-af5f-239f4e38d11d, command=[]} | ret=SUCCESS |  
2019-08-24 00:21:45,338 | INFO  | SCMAudit | user=jenkins1000 | ip=192.168.34.57 | op=SEND_HEARTBEAT {datanodeUUID=44c7f39a-9454-4511-9eaf-9b72a4aa6bb9, command=[]} | ret=SUCCESS |  
2019-08-24 00:21:45,511 [grpc-default-executor-5] INFO  client.GrpcClientProtocolClient (GrpcClientProtocolClient.java:onNext(255)) - client-090605BECF39->9b1b75a9-c857-4b9a-9bce-dd664e78af57: receive RaftClientReply:client-090605BECF39->9b1b75a9-c857-4b9a-9bce-dd664e78af57@group-7922B4F3146A, cid=45, FAILED org.apache.ratis.protocol.NotLeaderException: Server 9b1b75a9-c857-4b9a-9bce-dd664e78af57 is not the leader (4d1e0fe6-60fd-4907-9842-f352edb6fbc8:192.168.34.57:43840). Request must be sent to leader., logIndex=0, commits[9b1b75a9-c857-4b9a-9bce-dd664e78af57:c8, 3a14c1ba-d90f-4e55-9b74-34a12c0cf08b:c8, 4d1e0fe6-60fd-4907-9842-f352edb6fbc8:c8]
2019-08-24 00:21:45,521 | INFO  | SCMAudit | user=jenkins1000 | ip=192.168.34.57 | op=SEND_HEARTBEAT {datanodeUUID=6f3ac5a3-43f3-4ed6-928d-1c9df2f8e2aa, command=[]} | ret=SUCCESS |  
2019-08-24 00:21:45,843 | INFO  | SCMAudit | user=jenkins1000 | ip=192.168.34.57 | op=SEND_HEARTBEAT {datanodeUUID=9b1b75a9-c857-4b9a-9bce-dd664e78af57, command=[]} | ret=SUCCESS |  
2019-08-24 00:21:45,849 | INFO  | SCMAudit | user=jenkins1000 | ip=192.168.34.57 | op=SEND_HEARTBEAT {datanodeUUID=4d1e0fe6-60fd-4907-9842-f352edb6fbc8, command=[]} | ret=SUCCESS |  
2019-08-24 00:21:45,865 | INFO  | SCMAudit | user=jenkins1000 | ip=192.168.34.57 | op=SEND_HEARTBEAT {datanodeUUID=3a14c1ba-d90f-4e55-9b74-34a12c0cf08b, command=[]} | ret=SUCCESS |  
2019-08-24 00:21:45,886 | INFO  | SCMAudit | user=jenkins1000 | ip=192.168.34.57 | op=SEND_HEARTBEAT {datanodeUUID=5da42abd-867e-47ba-b805-7d971175ab74, command=[]} | ret=SUCCESS |  
2019-08-24 00:21:46,128 | INFO  | SCMAudit | user=jenkins1000 | ip=192.168.34.57 | op=SEND_HEARTBEAT {datanodeUUID=a2fab492-56f3-43b8-af5f-239f4e38d11d, command=[]} | ret=SUCCESS |  
2019-08-24 00:21:46,339 | INFO  | SCMAudit | user=jenkins1000 | ip=192.168.34.57 | op=SEND_HEARTBEAT {datanodeUUID=44c7f39a-9454-4511-9eaf-9b72a4aa6bb9, command=[]} | ret=SUCCESS |  
2019-08-24 00:21:46,517 | INFO  | SCMAudit | user=jenkins1000 | ip=192.168.34.57 | op=SEND_HEARTBEAT {datanodeUUID=6f3ac5a3-43f3-4ed6-928d-1c9df2f8e2aa, command=[]} | ret=SUCCESS |  
2019-08-24 00:21:46,843 | INFO  | SCMAudit | user=jenkins1000 | ip=192.168.34.57 | op=SEND_HEARTBEAT {datanodeUUID=9b1b75a9-c857-4b9a-9bce-dd664e78af57, command=[]} | ret=SUCCESS |  
2019-08-24 00:21:46,849 | INFO  | SCMAudit | user=jenkins1000 | ip=192.168.34.57 | op=SEND_HEARTBEAT {datanodeUUID=4d1e0fe6-60fd-4907-9842-f352edb6fbc8, command=[]} | ret=SUCCESS |  
2019-08-24 00:21:46,866 | INFO  | SCMAudit | user=jenkins1000 | ip=192.168.34.57 | op=SEND_HEARTBEAT {datanodeUUID=3a14c1ba-d90f-4e55-9b74-34a12c0cf08b, command=[]} | ret=SUCCESS |  
2019-08-24 00:21:46,887 | INFO  | SCMAudit | user=jenkins1000 | ip=192.168.34.57 | op=SEND_HEARTBEAT {datanodeUUID=5da42abd-867e-47ba-b805-7d971175ab74, command=[]} | ret=SUCCESS |  
2019-08-24 00:21:47,128 | INFO  | SCMAudit | user=jenkins1000 | ip=192.168.34.57 | op=SEND_HEARTBEAT {datanodeUUID=a2fab492-56f3-43b8-af5f-239f4e38d11d, command=[]} | ret=SUCCESS |  
2019-08-24 00:21:47,340 | INFO  | SCMAudit | user=jenkins1000 | ip=192.168.34.57 | op=SEND_HEARTBEAT {datanodeUUID=44c7f39a-9454-4511-9eaf-9b72a4aa6bb9, command=[]} | ret=SUCCESS |  
2019-08-24 00:21:47,516 | INFO  | SCMAudit | user=jenkins1000 | ip=192.168.34.57 | op=SEND_HEARTBEAT {datanodeUUID=6f3ac5a3-43f3-4ed6-928d-1c9df2f8e2aa, command=[]} | ret=SUCCESS |  
2019-08-24 00:21:47,845 | INFO  | SCMAudit | user=jenkins1000 | ip=192.168.34.57 | op=SEND_HEARTBEAT {datanodeUUID=9b1b75a9-c857-4b9a-9bce-dd664e78af57, command=[]} | ret=SUCCESS |  
2019-08-24 00:21:47,850 | INFO  | SCMAudit | user=jenkins1000 | ip=192.168.34.57 | op=SEND_HEARTBEAT {datanodeUUID=4d1e0fe6-60fd-4907-9842-f352edb6fbc8, command=[]} | ret=SUCCESS |  
2019-08-24 00:21:47,865 | INFO  | SCMAudit | user=jenkins1000 | ip=192.168.34.57 | op=SEND_HEARTBEAT {datanodeUUID=3a14c1ba-d90f-4e55-9b74-34a12c0cf08b, command=[]} | ret=SUCCESS |  
2019-08-24 00:21:47,887 | INFO  | SCMAudit | user=jenkins1000 | ip=192.168.34.57 | op=SEND_HEARTBEAT {datanodeUUID=5da42abd-867e-47ba-b805-7d971175ab74, command=[]} | ret=SUCCESS |  
2019-08-24 00:21:48,128 | INFO  | SCMAudit | user=jenkins1000 | ip=192.168.34.57 | op=SEND_HEARTBEAT {datanodeUUID=a2fab492-56f3-43b8-af5f-239f4e38d11d, command=[]} | ret=SUCCESS |  
2019-08-24 00:21:48,340 | INFO  | SCMAudit | user=jenkins1000 | ip=192.168.34.57 | op=SEND_HEARTBEAT {datanodeUUID=44c7f39a-9454-4511-9eaf-9b72a4aa6bb9, command=[]} | ret=SUCCESS |  
2019-08-24 00:21:48,517 | INFO  | SCMAudit | user=jenkins1000 | ip=192.168.34.57 | op=SEND_HEARTBEAT {datanodeUUID=6f3ac5a3-43f3-4ed6-928d-1c9df2f8e2aa, command=[]} | ret=SUCCESS |  
2019-08-24 00:21:48,843 | INFO  | SCMAudit | user=jenkins1000 | ip=192.168.34.57 | op=SEND_HEARTBEAT {datanodeUUID=9b1b75a9-c857-4b9a-9bce-dd664e78af57, command=[]} | ret=SUCCESS |  
2019-08-24 00:21:48,850 | INFO  | SCMAudit | user=jenkins1000 | ip=192.168.34.57 | op=SEND_HEARTBEAT {datanodeUUID=4d1e0fe6-60fd-4907-9842-f352edb6fbc8, command=[]} | ret=SUCCESS |  
2019-08-24 00:21:48,866 | INFO  | SCMAudit | user=jenkins1000 | ip=192.168.34.57 | op=SEND_HEARTBEAT {datanodeUUID=3a14c1ba-d90f-4e55-9b74-34a12c0cf08b, command=[]} | ret=SUCCESS |  
2019-08-24 00:21:48,886 | INFO  | SCMAudit | user=jenkins1000 | ip=192.168.34.57 | op=SEND_HEARTBEAT {datanodeUUID=5da42abd-867e-47ba-b805-7d971175ab74, command=[]} | ret=SUCCESS |  
2019-08-24 00:21:49,129 | INFO  | SCMAudit | user=jenkins1000 | ip=192.168.34.57 | op=SEND_HEARTBEAT {datanodeUUID=a2fab492-56f3-43b8-af5f-239f4e38d11d, command=[]} | ret=SUCCESS |  
2019-08-24 00:21:49,340 | INFO  | SCMAudit | user=jenkins1000 | ip=192.168.34.57 | op=SEND_HEARTBEAT {datanodeUUID=44c7f39a-9454-4511-9eaf-9b72a4aa6bb9, command=[]} | ret=SUCCESS |  
2019-08-24 00:21:49,516 | INFO  | SCMAudit | user=jenkins1000 | ip=192.168.34.57 | op=SEND_HEARTBEAT {datanodeUUID=6f3ac5a3-43f3-4ed6-928d-1c9df2f8e2aa, command=[]} | ret=SUCCESS |  
2019-08-24 00:21:49,844 | INFO  | SCMAudit | user=jenkins1000 | ip=192.168.34.57 | op=SEND_HEARTBEAT {datanodeUUID=9b1b75a9-c857-4b9a-9bce-dd664e78af57, command=[]} | ret=SUCCESS |  
2019-08-24 00:21:49,850 | INFO  | SCMAudit | user=jenkins1000 | ip=192.168.34.57 | op=SEND_HEARTBEAT {datanodeUUID=4d1e0fe6-60fd-4907-9842-f352edb6fbc8, command=[]} | ret=SUCCESS |  
2019-08-24 00:21:49,865 | INFO  | SCMAudit | user=jenkins1000 | ip=192.168.34.57 | op=SEND_HEARTBEAT {datanodeUUID=3a14c1ba-d90f-4e55-9b74-34a12c0cf08b, command=[]} | ret=SUCCESS |  
2019-08-24 00:21:49,886 | INFO  | SCMAudit | user=jenkins1000 | ip=192.168.34.57 | op=SEND_HEARTBEAT {datanodeUUID=5da42abd-867e-47ba-b805-7d971175ab74, command=[]} | ret=SUCCESS |  
2019-08-24 00:21:50,128 | INFO  | SCMAudit | user=jenkins1000 | ip=192.168.34.57 | op=SEND_HEARTBEAT {datanodeUUID=a2fab492-56f3-43b8-af5f-239f4e38d11d, command=[]} | ret=SUCCESS |  
2019-08-24 00:21:50,341 | INFO  | SCMAudit | user=jenkins1000 | ip=192.168.34.57 | op=SEND_HEARTBEAT {datanodeUUID=44c7f39a-9454-4511-9eaf-9b72a4aa6bb9, command=[]} | ret=SUCCESS |  
2019-08-24 00:21:50,517 | INFO  | SCMAudit | user=jenkins1000 | ip=192.168.34.57 | op=SEND_HEARTBEAT {datanodeUUID=6f3ac5a3-43f3-4ed6-928d-1c9df2f8e2aa, command=[]} | ret=SUCCESS |  
2019-08-24 00:21:50,554 [grpc-default-executor-5] INFO  client.GrpcClientProtocolClient (GrpcClientProtocolClient.java:onNext(255)) - client-090605BECF39->9b1b75a9-c857-4b9a-9bce-dd664e78af57: receive RaftClientReply:client-090605BECF39->9b1b75a9-c857-4b9a-9bce-dd664e78af57@group-7922B4F3146A, cid=45, FAILED org.apache.ratis.protocol.NotLeaderException: Server 9b1b75a9-c857-4b9a-9bce-dd664e78af57 is not the leader (4d1e0fe6-60fd-4907-9842-f352edb6fbc8:192.168.34.57:43840). Request must be sent to leader., logIndex=0, commits[9b1b75a9-c857-4b9a-9bce-dd664e78af57:c8, 3a14c1ba-d90f-4e55-9b74-34a12c0cf08b:c8, 4d1e0fe6-60fd-4907-9842-f352edb6fbc8:c8]
2019-08-24 00:21:50,843 | INFO  | SCMAudit | user=jenkins1000 | ip=192.168.34.57 | op=SEND_HEARTBEAT {datanodeUUID=9b1b75a9-c857-4b9a-9bce-dd664e78af57, command=[]} | ret=SUCCESS |  
2019-08-24 00:21:50,850 | INFO  | SCMAudit | user=jenkins1000 | ip=192.168.34.57 | op=SEND_HEARTBEAT {datanodeUUID=4d1e0fe6-60fd-4907-9842-f352edb6fbc8, command=[]} | ret=SUCCESS |  
2019-08-24 00:21:50,866 | INFO  | SCMAudit | user=jenkins1000 | ip=192.168.34.57 | op=SEND_HEARTBEAT {datanodeUUID=3a14c1ba-d90f-4e55-9b74-34a12c0cf08b, command=[]} | ret=SUCCESS |  
2019-08-24 00:21:50,887 | INFO  | SCMAudit | user=jenkins1000 | ip=192.168.34.57 | op=SEND_HEARTBEAT {datanodeUUID=5da42abd-867e-47ba-b805-7d971175ab74, command=[]} | ret=SUCCESS |  
2019-08-24 00:21:51,129 | INFO  | SCMAudit | user=jenkins1000 | ip=192.168.34.57 | op=SEND_HEARTBEAT {datanodeUUID=a2fab492-56f3-43b8-af5f-239f4e38d11d, command=[]} | ret=SUCCESS |  
2019-08-24 00:21:51,341 | INFO  | SCMAudit | user=jenkins1000 | ip=192.168.34.57 | op=SEND_HEARTBEAT {datanodeUUID=44c7f39a-9454-4511-9eaf-9b72a4aa6bb9, command=[]} | ret=SUCCESS |  
2019-08-24 00:21:51,516 | INFO  | SCMAudit | user=jenkins1000 | ip=192.168.34.57 | op=SEND_HEARTBEAT {datanodeUUID=6f3ac5a3-43f3-4ed6-928d-1c9df2f8e2aa, command=[]} | ret=SUCCESS |  
2019-08-24 00:21:51,844 | INFO  | SCMAudit | user=jenkins1000 | ip=192.168.34.57 | op=SEND_HEARTBEAT {datanodeUUID=9b1b75a9-c857-4b9a-9bce-dd664e78af57, command=[]} | ret=SUCCESS |  
2019-08-24 00:21:51,851 | INFO  | SCMAudit | user=jenkins1000 | ip=192.168.34.57 | op=SEND_HEARTBEAT {datanodeUUID=4d1e0fe6-60fd-4907-9842-f352edb6fbc8, command=[]} | ret=SUCCESS |  
2019-08-24 00:21:51,865 | INFO  | SCMAudit | user=jenkins1000 | ip=192.168.34.57 | op=SEND_HEARTBEAT {datanodeUUID=3a14c1ba-d90f-4e55-9b74-34a12c0cf08b, command=[]} | ret=SUCCESS |  
2019-08-24 00:21:51,886 | INFO  | SCMAudit | user=jenkins1000 | ip=192.168.34.57 | op=SEND_HEARTBEAT {datanodeUUID=5da42abd-867e-47ba-b805-7d971175ab74, command=[]} | ret=SUCCESS |  
2019-08-24 00:21:52,129 | INFO  | SCMAudit | user=jenkins1000 | ip=192.168.34.57 | op=SEND_HEARTBEAT {datanodeUUID=a2fab492-56f3-43b8-af5f-239f4e38d11d, command=[]} | ret=SUCCESS |  
2019-08-24 00:21:52,340 | INFO  | SCMAudit | user=jenkins1000 | ip=192.168.34.57 | op=SEND_HEARTBEAT {datanodeUUID=44c7f39a-9454-4511-9eaf-9b72a4aa6bb9, command=[]} | ret=SUCCESS |  
2019-08-24 00:21:52,517 | INFO  | SCMAudit | user=jenkins1000 | ip=192.168.34.57 | op=SEND_HEARTBEAT {datanodeUUID=6f3ac5a3-43f3-4ed6-928d-1c9df2f8e2aa, command=[]} | ret=SUCCESS |  
2019-08-24 00:21:52,845 | INFO  | SCMAudit | user=jenkins1000 | ip=192.168.34.57 | op=SEND_HEARTBEAT {datanodeUUID=9b1b75a9-c857-4b9a-9bce-dd664e78af57, command=[]} | ret=SUCCESS |  
2019-08-24 00:21:52,850 | INFO  | SCMAudit | user=jenkins1000 | ip=192.168.34.57 | op=SEND_HEARTBEAT {datanodeUUID=4d1e0fe6-60fd-4907-9842-f352edb6fbc8, command=[]} | ret=SUCCESS |  
2019-08-24 00:21:52,865 | INFO  | SCMAudit | user=jenkins1000 | ip=192.168.34.57 | op=SEND_HEARTBEAT {datanodeUUID=3a14c1ba-d90f-4e55-9b74-34a12c0cf08b, command=[]} | ret=SUCCESS |  
2019-08-24 00:21:52,886 | INFO  | SCMAudit | user=jenkins1000 | ip=192.168.34.57 | op=SEND_HEARTBEAT {datanodeUUID=5da42abd-867e-47ba-b805-7d971175ab74, command=[]} | ret=SUCCESS |  
2019-08-24 00:21:53,128 | INFO  | SCMAudit | user=jenkins1000 | ip=192.168.34.57 | op=SEND_HEARTBEAT {datanodeUUID=a2fab492-56f3-43b8-af5f-239f4e38d11d, command=[]} | ret=SUCCESS |  
2019-08-24 00:21:53,341 | INFO  | SCMAudit | user=jenkins1000 | ip=192.168.34.57 | op=SEND_HEARTBEAT {datanodeUUID=44c7f39a-9454-4511-9eaf-9b72a4aa6bb9, command=[]} | ret=SUCCESS |  
2019-08-24 00:21:53,516 | INFO  | SCMAudit | user=jenkins1000 | ip=192.168.34.57 | op=SEND_HEARTBEAT {datanodeUUID=6f3ac5a3-43f3-4ed6-928d-1c9df2f8e2aa, command=[]} | ret=SUCCESS |  
2019-08-24 00:21:53,844 | INFO  | SCMAudit | user=jenkins1000 | ip=192.168.34.57 | op=SEND_HEARTBEAT {datanodeUUID=9b1b75a9-c857-4b9a-9bce-dd664e78af57, command=[]} | ret=SUCCESS |  
2019-08-24 00:21:53,850 | INFO  | SCMAudit | user=jenkins1000 | ip=192.168.34.57 | op=SEND_HEARTBEAT {datanodeUUID=4d1e0fe6-60fd-4907-9842-f352edb6fbc8, command=[]} | ret=SUCCESS |  
2019-08-24 00:21:53,865 | INFO  | SCMAudit | user=jenkins1000 | ip=192.168.34.57 | op=SEND_HEARTBEAT {datanodeUUID=3a14c1ba-d90f-4e55-9b74-34a12c0cf08b, command=[]} | ret=SUCCESS |  
2019-08-24 00:21:53,886 | INFO  | SCMAudit | user=jenkins1000 | ip=192.168.34.57 | op=SEND_HEARTBEAT {datanodeUUID=5da42abd-867e-47ba-b805-7d971175ab74, command=[]} | ret=SUCCESS |  
2019-08-24 00:21:54,128 | INFO  | SCMAudit | user=jenkins1000 | ip=192.168.34.57 | op=SEND_HEARTBEAT {datanodeUUID=a2fab492-56f3-43b8-af5f-239f4e38d11d, command=[]} | ret=SUCCESS |  
2019-08-24 00:21:54,342 | INFO  | SCMAudit | user=jenkins1000 | ip=192.168.34.57 | op=SEND_HEARTBEAT {datanodeUUID=44c7f39a-9454-4511-9eaf-9b72a4aa6bb9, command=[]} | ret=SUCCESS |  
2019-08-24 00:21:54,516 | INFO  | SCMAudit | user=jenkins1000 | ip=192.168.34.57 | op=SEND_HEARTBEAT {datanodeUUID=6f3ac5a3-43f3-4ed6-928d-1c9df2f8e2aa, command=[]} | ret=SUCCESS |  
2019-08-24 00:21:54,845 | INFO  | SCMAudit | user=jenkins1000 | ip=192.168.34.57 | op=SEND_HEARTBEAT {datanodeUUID=9b1b75a9-c857-4b9a-9bce-dd664e78af57, command=[]} | ret=SUCCESS |  
2019-08-24 00:21:54,850 | INFO  | SCMAudit | user=jenkins1000 | ip=192.168.34.57 | op=SEND_HEARTBEAT {datanodeUUID=4d1e0fe6-60fd-4907-9842-f352edb6fbc8, command=[]} | ret=SUCCESS |  
2019-08-24 00:21:54,865 | INFO  | SCMAudit | user=jenkins1000 | ip=192.168.34.57 | op=SEND_HEARTBEAT {datanodeUUID=3a14c1ba-d90f-4e55-9b74-34a12c0cf08b, command=[]} | ret=SUCCESS |  
2019-08-24 00:21:54,887 | INFO  | SCMAudit | user=jenkins1000 | ip=192.168.34.57 | op=SEND_HEARTBEAT {datanodeUUID=5da42abd-867e-47ba-b805-7d971175ab74, command=[]} | ret=SUCCESS |  
2019-08-24 00:21:55,129 | INFO  | SCMAudit | user=jenkins1000 | ip=192.168.34.57 | op=SEND_HEARTBEAT {datanodeUUID=a2fab492-56f3-43b8-af5f-239f4e38d11d, command=[]} | ret=SUCCESS |  
2019-08-24 00:21:55,341 | INFO  | SCMAudit | user=jenkins1000 | ip=192.168.34.57 | op=SEND_HEARTBEAT {datanodeUUID=44c7f39a-9454-4511-9eaf-9b72a4aa6bb9, command=[]} | ret=SUCCESS |  
2019-08-24 00:21:55,517 | INFO  | SCMAudit | user=jenkins1000 | ip=192.168.34.57 | op=SEND_HEARTBEAT {datanodeUUID=6f3ac5a3-43f3-4ed6-928d-1c9df2f8e2aa, command=[]} | ret=SUCCESS |  
2019-08-24 00:21:55,600 [grpc-default-executor-4] INFO  client.GrpcClientProtocolClient (GrpcClientProtocolClient.java:onNext(255)) - client-090605BECF39->9b1b75a9-c857-4b9a-9bce-dd664e78af57: receive RaftClientReply:client-090605BECF39->9b1b75a9-c857-4b9a-9bce-dd664e78af57@group-7922B4F3146A, cid=45, FAILED org.apache.ratis.protocol.NotLeaderException: Server 9b1b75a9-c857-4b9a-9bce-dd664e78af57 is not the leader (4d1e0fe6-60fd-4907-9842-f352edb6fbc8:192.168.34.57:43840). Request must be sent to leader., logIndex=0, commits[9b1b75a9-c857-4b9a-9bce-dd664e78af57:c8, 3a14c1ba-d90f-4e55-9b74-34a12c0cf08b:c8, 4d1e0fe6-60fd-4907-9842-f352edb6fbc8:c8]
2019-08-24 00:21:55,845 | INFO  | SCMAudit | user=jenkins1000 | ip=192.168.34.57 | op=SEND_HEARTBEAT {datanodeUUID=9b1b75a9-c857-4b9a-9bce-dd664e78af57, command=[]} | ret=SUCCESS |  
2019-08-24 00:21:55,850 | INFO  | SCMAudit | user=jenkins1000 | ip=192.168.34.57 | op=SEND_HEARTBEAT {datanodeUUID=4d1e0fe6-60fd-4907-9842-f352edb6fbc8, command=[]} | ret=SUCCESS |  
2019-08-24 00:21:55,866 | INFO  | SCMAudit | user=jenkins1000 | ip=192.168.34.57 | op=SEND_HEARTBEAT {datanodeUUID=3a14c1ba-d90f-4e55-9b74-34a12c0cf08b, command=[]} | ret=SUCCESS |  
2019-08-24 00:21:55,887 | INFO  | SCMAudit | user=jenkins1000 | ip=192.168.34.57 | op=SEND_HEARTBEAT {datanodeUUID=5da42abd-867e-47ba-b805-7d971175ab74, command=[]} | ret=SUCCESS |  
2019-08-24 00:21:56,130 | INFO  | SCMAudit | user=jenkins1000 | ip=192.168.34.57 | op=SEND_HEARTBEAT {datanodeUUID=a2fab492-56f3-43b8-af5f-239f4e38d11d, command=[]} | ret=SUCCESS |  
2019-08-24 00:21:56,342 | INFO  | SCMAudit | user=jenkins1000 | ip=192.168.34.57 | op=SEND_HEARTBEAT {datanodeUUID=44c7f39a-9454-4511-9eaf-9b72a4aa6bb9, command=[]} | ret=SUCCESS |  
2019-08-24 00:21:56,517 | INFO  | SCMAudit | user=jenkins1000 | ip=192.168.34.57 | op=SEND_HEARTBEAT {datanodeUUID=6f3ac5a3-43f3-4ed6-928d-1c9df2f8e2aa, command=[]} | ret=SUCCESS |  
2019-08-24 00:21:56,846 | INFO  | SCMAudit | user=jenkins1000 | ip=192.168.34.57 | op=SEND_HEARTBEAT {datanodeUUID=9b1b75a9-c857-4b9a-9bce-dd664e78af57, command=[]} | ret=SUCCESS |  
2019-08-24 00:21:56,850 | INFO  | SCMAudit | user=jenkins1000 | ip=192.168.34.57 | op=SEND_HEARTBEAT {datanodeUUID=4d1e0fe6-60fd-4907-9842-f352edb6fbc8, command=[]} | ret=SUCCESS |  
2019-08-24 00:21:56,866 | INFO  | SCMAudit | user=jenkins1000 | ip=192.168.34.57 | op=SEND_HEARTBEAT {datanodeUUID=3a14c1ba-d90f-4e55-9b74-34a12c0cf08b, command=[]} | ret=SUCCESS |  
2019-08-24 00:21:56,887 | INFO  | SCMAudit | user=jenkins1000 | ip=192.168.34.57 | op=SEND_HEARTBEAT {datanodeUUID=5da42abd-867e-47ba-b805-7d971175ab74, command=[]} | ret=SUCCESS |  
2019-08-24 00:21:57,130 | INFO  | SCMAudit | user=jenkins1000 | ip=192.168.34.57 | op=SEND_HEARTBEAT {datanodeUUID=a2fab492-56f3-43b8-af5f-239f4e38d11d, command=[]} | ret=SUCCESS |  
2019-08-24 00:21:57,341 | INFO  | SCMAudit | user=jenkins1000 | ip=192.168.34.57 | op=SEND_HEARTBEAT {datanodeUUID=44c7f39a-9454-4511-9eaf-9b72a4aa6bb9, command=[]} | ret=SUCCESS |  
2019-08-24 00:21:57,517 | INFO  | SCMAudit | user=jenkins1000 | ip=192.168.34.57 | op=SEND_HEARTBEAT {datanodeUUID=6f3ac5a3-43f3-4ed6-928d-1c9df2f8e2aa, command=[]} | ret=SUCCESS |  
2019-08-24 00:21:57,845 | INFO  | SCMAudit | user=jenkins1000 | ip=192.168.34.57 | op=SEND_HEARTBEAT {datanodeUUID=9b1b75a9-c857-4b9a-9bce-dd664e78af57, command=[]} | ret=SUCCESS |  
2019-08-24 00:21:57,850 | INFO  | SCMAudit | user=jenkins1000 | ip=192.168.34.57 | op=SEND_HEARTBEAT {datanodeUUID=4d1e0fe6-60fd-4907-9842-f352edb6fbc8, command=[]} | ret=SUCCESS |  
2019-08-24 00:21:57,866 | INFO  | SCMAudit | user=jenkins1000 | ip=192.168.34.57 | op=SEND_HEARTBEAT {datanodeUUID=3a14c1ba-d90f-4e55-9b74-34a12c0cf08b, command=[]} | ret=SUCCESS |  
2019-08-24 00:21:57,888 | INFO  | SCMAudit | user=jenkins1000 | ip=192.168.34.57 | op=SEND_HEARTBEAT {datanodeUUID=5da42abd-867e-47ba-b805-7d971175ab74, command=[]} | ret=SUCCESS |  
2019-08-24 00:21:58,131 | INFO  | SCMAudit | user=jenkins1000 | ip=192.168.34.57 | op=SEND_HEARTBEAT {datanodeUUID=a2fab492-56f3-43b8-af5f-239f4e38d11d, command=[]} | ret=SUCCESS |  
2019-08-24 00:21:58,342 | INFO  | SCMAudit | user=jenkins1000 | ip=192.168.34.57 | op=SEND_HEARTBEAT {datanodeUUID=44c7f39a-9454-4511-9eaf-9b72a4aa6bb9, command=[]} | ret=SUCCESS |  
2019-08-24 00:21:58,517 | INFO  | SCMAudit | user=jenkins1000 | ip=192.168.34.57 | op=SEND_HEARTBEAT {datanodeUUID=6f3ac5a3-43f3-4ed6-928d-1c9df2f8e2aa, command=[]} | ret=SUCCESS |  
2019-08-24 00:21:58,846 | INFO  | SCMAudit | user=jenkins1000 | ip=192.168.34.57 | op=SEND_HEARTBEAT {datanodeUUID=9b1b75a9-c857-4b9a-9bce-dd664e78af57, command=[]} | ret=SUCCESS |  
2019-08-24 00:21:58,850 | INFO  | SCMAudit | user=jenkins1000 | ip=192.168.34.57 | op=SEND_HEARTBEAT {datanodeUUID=4d1e0fe6-60fd-4907-9842-f352edb6fbc8, command=[]} | ret=SUCCESS |  
2019-08-24 00:21:58,868 | INFO  | SCMAudit | user=jenkins1000 | ip=192.168.34.57 | op=SEND_HEARTBEAT {datanodeUUID=3a14c1ba-d90f-4e55-9b74-34a12c0cf08b, command=[]} | ret=SUCCESS |  
2019-08-24 00:21:58,888 | INFO  | SCMAudit | user=jenkins1000 | ip=192.168.34.57 | op=SEND_HEARTBEAT {datanodeUUID=5da42abd-867e-47ba-b805-7d971175ab74, command=[]} | ret=SUCCESS |  
2019-08-24 00:21:59,130 | INFO  | SCMAudit | user=jenkins1000 | ip=192.168.34.57 | op=SEND_HEARTBEAT {datanodeUUID=a2fab492-56f3-43b8-af5f-239f4e38d11d, command=[]} | ret=SUCCESS |  
2019-08-24 00:21:59,342 | INFO  | SCMAudit | user=jenkins1000 | ip=192.168.34.57 | op=SEND_HEARTBEAT {datanodeUUID=44c7f39a-9454-4511-9eaf-9b72a4aa6bb9, command=[]} | ret=SUCCESS |  
2019-08-24 00:21:59,516 | INFO  | SCMAudit | user=jenkins1000 | ip=192.168.34.57 | op=SEND_HEARTBEAT {datanodeUUID=6f3ac5a3-43f3-4ed6-928d-1c9df2f8e2aa, command=[]} | ret=SUCCESS |  
2019-08-24 00:21:59,846 | INFO  | SCMAudit | user=jenkins1000 | ip=192.168.34.57 | op=SEND_HEARTBEAT {datanodeUUID=9b1b75a9-c857-4b9a-9bce-dd664e78af57, command=[]} | ret=SUCCESS |  
2019-08-24 00:21:59,850 | INFO  | SCMAudit | user=jenkins1000 | ip=192.168.34.57 | op=SEND_HEARTBEAT {datanodeUUID=4d1e0fe6-60fd-4907-9842-f352edb6fbc8, command=[]} | ret=SUCCESS |  
2019-08-24 00:21:59,869 | INFO  | SCMAudit | user=jenkins1000 | ip=192.168.34.57 | op=SEND_HEARTBEAT {datanodeUUID=3a14c1ba-d90f-4e55-9b74-34a12c0cf08b, command=[]} | ret=SUCCESS |  
2019-08-24 00:21:59,888 | INFO  | SCMAudit | user=jenkins1000 | ip=192.168.34.57 | op=SEND_HEARTBEAT {datanodeUUID=5da42abd-867e-47ba-b805-7d971175ab74, command=[]} | ret=SUCCESS |  
2019-08-24 00:22:00,130 | INFO  | SCMAudit | user=jenkins1000 | ip=192.168.34.57 | op=SEND_HEARTBEAT {datanodeUUID=a2fab492-56f3-43b8-af5f-239f4e38d11d, command=[]} | ret=SUCCESS |  
2019-08-24 00:22:00,343 | INFO  | SCMAudit | user=jenkins1000 | ip=192.168.34.57 | op=SEND_HEARTBEAT {datanodeUUID=44c7f39a-9454-4511-9eaf-9b72a4aa6bb9, command=[]} | ret=SUCCESS |  
2019-08-24 00:22:00,517 | INFO  | SCMAudit | user=jenkins1000 | ip=192.168.34.57 | op=SEND_HEARTBEAT {datanodeUUID=6f3ac5a3-43f3-4ed6-928d-1c9df2f8e2aa, command=[]} | ret=SUCCESS |  
2019-08-24 00:22:00,677 [grpc-default-executor-6] INFO  client.GrpcClientProtocolClient (GrpcClientProtocolClient.java:onNext(255)) - client-090605BECF39->9b1b75a9-c857-4b9a-9bce-dd664e78af57: receive RaftClientReply:client-090605BECF39->9b1b75a9-c857-4b9a-9bce-dd664e78af57@group-7922B4F3146A, cid=45, FAILED org.apache.ratis.protocol.NotLeaderException: Server 9b1b75a9-c857-4b9a-9bce-dd664e78af57 is not the leader (4d1e0fe6-60fd-4907-9842-f352edb6fbc8:192.168.34.57:43840). Request must be sent to leader., logIndex=0, commits[9b1b75a9-c857-4b9a-9bce-dd664e78af57:c8, 3a14c1ba-d90f-4e55-9b74-34a12c0cf08b:c8, 4d1e0fe6-60fd-4907-9842-f352edb6fbc8:c8]
2019-08-24 00:22:00,847 | INFO  | SCMAudit | user=jenkins1000 | ip=192.168.34.57 | op=SEND_HEARTBEAT {datanodeUUID=9b1b75a9-c857-4b9a-9bce-dd664e78af57, command=[]} | ret=SUCCESS |  
2019-08-24 00:22:00,850 | INFO  | SCMAudit | user=jenkins1000 | ip=192.168.34.57 | op=SEND_HEARTBEAT {datanodeUUID=4d1e0fe6-60fd-4907-9842-f352edb6fbc8, command=[]} | ret=SUCCESS |  
2019-08-24 00:22:00,870 | INFO  | SCMAudit | user=jenkins1000 | ip=192.168.34.57 | op=SEND_HEARTBEAT {datanodeUUID=3a14c1ba-d90f-4e55-9b74-34a12c0cf08b, command=[]} | ret=SUCCESS |  
2019-08-24 00:22:00,888 | INFO  | SCMAudit | user=jenkins1000 | ip=192.168.34.57 | op=SEND_HEARTBEAT {datanodeUUID=5da42abd-867e-47ba-b805-7d971175ab74, command=[]} | ret=SUCCESS |  
2019-08-24 00:22:01,132 | INFO  | SCMAudit | user=jenkins1000 | ip=192.168.34.57 | op=SEND_HEARTBEAT {datanodeUUID=a2fab492-56f3-43b8-af5f-239f4e38d11d, command=[]} | ret=SUCCESS |  
2019-08-24 00:22:01,343 | INFO  | SCMAudit | user=jenkins1000 | ip=192.168.34.57 | op=SEND_HEARTBEAT {datanodeUUID=44c7f39a-9454-4511-9eaf-9b72a4aa6bb9, command=[]} | ret=SUCCESS |  
2019-08-24 00:22:01,517 | INFO  | SCMAudit | user=jenkins1000 | ip=192.168.34.57 | op=SEND_HEARTBEAT {datanodeUUID=6f3ac5a3-43f3-4ed6-928d-1c9df2f8e2aa, command=[]} | ret=SUCCESS |  
2019-08-24 00:22:01,846 | INFO  | SCMAudit | user=jenkins1000 | ip=192.168.34.57 | op=SEND_HEARTBEAT {datanodeUUID=9b1b75a9-c857-4b9a-9bce-dd664e78af57, command=[]} | ret=SUCCESS |  
2019-08-24 00:22:01,851 | INFO  | SCMAudit | user=jenkins1000 | ip=192.168.34.57 | op=SEND_HEARTBEAT {datanodeUUID=4d1e0fe6-60fd-4907-9842-f352edb6fbc8, command=[]} | ret=SUCCESS |  
2019-08-24 00:22:01,870 | INFO  | SCMAudit | user=jenkins1000 | ip=192.168.34.57 | op=SEND_HEARTBEAT {datanodeUUID=3a14c1ba-d90f-4e55-9b74-34a12c0cf08b, command=[]} | ret=SUCCESS |  
2019-08-24 00:22:01,889 | INFO  | SCMAudit | user=jenkins1000 | ip=192.168.34.57 | op=SEND_HEARTBEAT {datanodeUUID=5da42abd-867e-47ba-b805-7d971175ab74, command=[]} | ret=SUCCESS |  
2019-08-24 00:22:02,130 | INFO  | SCMAudit | user=jenkins1000 | ip=192.168.34.57 | op=SEND_HEARTBEAT {datanodeUUID=a2fab492-56f3-43b8-af5f-239f4e38d11d, command=[]} | ret=SUCCESS |  
2019-08-24 00:22:02,344 | INFO  | SCMAudit | user=jenkins1000 | ip=192.168.34.57 | op=SEND_HEARTBEAT {datanodeUUID=44c7f39a-9454-4511-9eaf-9b72a4aa6bb9, command=[]} | ret=SUCCESS |  
2019-08-24 00:22:02,517 | INFO  | SCMAudit | user=jenkins1000 | ip=192.168.34.57 | op=SEND_HEARTBEAT {datanodeUUID=6f3ac5a3-43f3-4ed6-928d-1c9df2f8e2aa, command=[]} | ret=SUCCESS |  
2019-08-24 00:22:02,847 | INFO  | SCMAudit | user=jenkins1000 | ip=192.168.34.57 | op=SEND_HEARTBEAT {datanodeUUID=9b1b75a9-c857-4b9a-9bce-dd664e78af57, command=[]} | ret=SUCCESS |  
2019-08-24 00:22:02,850 | INFO  | SCMAudit | user=jenkins1000 | ip=192.168.34.57 | op=SEND_HEARTBEAT {datanodeUUID=4d1e0fe6-60fd-4907-9842-f352edb6fbc8, command=[]} | ret=SUCCESS |  
2019-08-24 00:22:02,870 | INFO  | SCMAudit | user=jenkins1000 | ip=192.168.34.57 | op=SEND_HEARTBEAT {datanodeUUID=3a14c1ba-d90f-4e55-9b74-34a12c0cf08b, command=[]} | ret=SUCCESS |  
2019-08-24 00:22:02,889 | INFO  | SCMAudit | user=jenkins1000 | ip=192.168.34.57 | op=SEND_HEARTBEAT {datanodeUUID=5da42abd-867e-47ba-b805-7d971175ab74, command=[]} | ret=SUCCESS |  
2019-08-24 00:22:03,131 | INFO  | SCMAudit | user=jenkins1000 | ip=192.168.34.57 | op=SEND_HEARTBEAT {datanodeUUID=a2fab492-56f3-43b8-af5f-239f4e38d11d, command=[]} | ret=SUCCESS |  
2019-08-24 00:22:03,344 | INFO  | SCMAudit | user=jenkins1000 | ip=192.168.34.57 | op=SEND_HEARTBEAT {datanodeUUID=44c7f39a-9454-4511-9eaf-9b72a4aa6bb9, command=[]} | ret=SUCCESS |  
2019-08-24 00:22:03,517 | INFO  | SCMAudit | user=jenkins1000 | ip=192.168.34.57 | op=SEND_HEARTBEAT {datanodeUUID=6f3ac5a3-43f3-4ed6-928d-1c9df2f8e2aa, command=[]} | ret=SUCCESS |  
2019-08-24 00:22:03,846 | INFO  | SCMAudit | user=jenkins1000 | ip=192.168.34.57 | op=SEND_HEARTBEAT {datanodeUUID=9b1b75a9-c857-4b9a-9bce-dd664e78af57, command=[]} | ret=SUCCESS |  
2019-08-24 00:22:03,850 | INFO  | SCMAudit | user=jenkins1000 | ip=192.168.34.57 | op=SEND_HEARTBEAT {datanodeUUID=4d1e0fe6-60fd-4907-9842-f352edb6fbc8, command=[]} | ret=SUCCESS |  
2019-08-24 00:22:03,870 | INFO  | SCMAudit | user=jenkins1000 | ip=192.168.34.57 | op=SEND_HEARTBEAT {datanodeUUID=3a14c1ba-d90f-4e55-9b74-34a12c0cf08b, command=[]} | ret=SUCCESS |  
2019-08-24 00:22:03,889 | INFO  | SCMAudit | user=jenkins1000 | ip=192.168.34.57 | op=SEND_HEARTBEAT {datanodeUUID=5da42abd-867e-47ba-b805-7d971175ab74, command=[]} | ret=SUCCESS |  
2019-08-24 00:22:04,130 | INFO  | SCMAudit | user=jenkins1000 | ip=192.168.34.57 | op=SEND_HEARTBEAT {datanodeUUID=a2fab492-56f3-43b8-af5f-239f4e38d11d, command=[]} | ret=SUCCESS |  
2019-08-24 00:22:04,345 | INFO  | SCMAudit | user=jenkins1000 | ip=192.168.34.57 | op=SEND_HEARTBEAT {datanodeUUID=44c7f39a-9454-4511-9eaf-9b72a4aa6bb9, command=[]} | ret=SUCCESS |  
2019-08-24 00:22:04,518 | INFO  | SCMAudit | user=jenkins1000 | ip=192.168.34.57 | op=SEND_HEARTBEAT {datanodeUUID=6f3ac5a3-43f3-4ed6-928d-1c9df2f8e2aa, command=[]} | ret=SUCCESS |  
2019-08-24 00:22:04,847 | INFO  | SCMAudit | user=jenkins1000 | ip=192.168.34.57 | op=SEND_HEARTBEAT {datanodeUUID=9b1b75a9-c857-4b9a-9bce-dd664e78af57, command=[]} | ret=SUCCESS |  
2019-08-24 00:22:04,851 | INFO  | SCMAudit | user=jenkins1000 | ip=192.168.34.57 | op=SEND_HEARTBEAT {datanodeUUID=4d1e0fe6-60fd-4907-9842-f352edb6fbc8, command=[]} | ret=SUCCESS |  
2019-08-24 00:22:04,871 | INFO  | SCMAudit | user=jenkins1000 | ip=192.168.34.57 | op=SEND_HEARTBEAT {datanodeUUID=3a14c1ba-d90f-4e55-9b74-34a12c0cf08b, command=[]} | ret=SUCCESS |  
2019-08-24 00:22:04,890 | INFO  | SCMAudit | user=jenkins1000 | ip=192.168.34.57 | op=SEND_HEARTBEAT {datanodeUUID=5da42abd-867e-47ba-b805-7d971175ab74, command=[]} | ret=SUCCESS |  
2019-08-24 00:22:05,131 | INFO  | SCMAudit | user=jenkins1000 | ip=192.168.34.57 | op=SEND_HEARTBEAT {datanodeUUID=a2fab492-56f3-43b8-af5f-239f4e38d11d, command=[]} | ret=SUCCESS |  
2019-08-24 00:22:05,344 | INFO  | SCMAudit | user=jenkins1000 | ip=192.168.34.57 | op=SEND_HEARTBEAT {datanodeUUID=44c7f39a-9454-4511-9eaf-9b72a4aa6bb9, command=[]} | ret=SUCCESS |  
2019-08-24 00:22:05,519 | INFO  | SCMAudit | user=jenkins1000 | ip=192.168.34.57 | op=SEND_HEARTBEAT {datanodeUUID=6f3ac5a3-43f3-4ed6-928d-1c9df2f8e2aa, command=[]} | ret=SUCCESS |  
2019-08-24 00:22:05,717 [grpc-default-executor-6] INFO  client.GrpcClientProtocolClient (GrpcClientProtocolClient.java:onNext(255)) - client-090605BECF39->9b1b75a9-c857-4b9a-9bce-dd664e78af57: receive RaftClientReply:client-090605BECF39->9b1b75a9-c857-4b9a-9bce-dd664e78af57@group-7922B4F3146A, cid=45, FAILED org.apache.ratis.protocol.NotLeaderException: Server 9b1b75a9-c857-4b9a-9bce-dd664e78af57 is not the leader (4d1e0fe6-60fd-4907-9842-f352edb6fbc8:192.168.34.57:43840). Request must be sent to leader., logIndex=0, commits[9b1b75a9-c857-4b9a-9bce-dd664e78af57:c8, 3a14c1ba-d90f-4e55-9b74-34a12c0cf08b:c8, 4d1e0fe6-60fd-4907-9842-f352edb6fbc8:c8]
2019-08-24 00:22:05,846 | INFO  | SCMAudit | user=jenkins1000 | ip=192.168.34.57 | op=SEND_HEARTBEAT {datanodeUUID=9b1b75a9-c857-4b9a-9bce-dd664e78af57, command=[]} | ret=SUCCESS |  
2019-08-24 00:22:05,851 | INFO  | SCMAudit | user=jenkins1000 | ip=192.168.34.57 | op=SEND_HEARTBEAT {datanodeUUID=4d1e0fe6-60fd-4907-9842-f352edb6fbc8, command=[]} | ret=SUCCESS |  
2019-08-24 00:22:05,871 | INFO  | SCMAudit | user=jenkins1000 | ip=192.168.34.57 | op=SEND_HEARTBEAT {datanodeUUID=3a14c1ba-d90f-4e55-9b74-34a12c0cf08b, command=[]} | ret=SUCCESS |  
2019-08-24 00:22:05,889 | INFO  | SCMAudit | user=jenkins1000 | ip=192.168.34.57 | op=SEND_HEARTBEAT {datanodeUUID=5da42abd-867e-47ba-b805-7d971175ab74, command=[]} | ret=SUCCESS |  
2019-08-24 00:22:06,131 | INFO  | SCMAudit | user=jenkins1000 | ip=192.168.34.57 | op=SEND_HEARTBEAT {datanodeUUID=a2fab492-56f3-43b8-af5f-239f4e38d11d, command=[]} | ret=SUCCESS |  
2019-08-24 00:22:06,344 | INFO  | SCMAudit | user=jenkins1000 | ip=192.168.34.57 | op=SEND_HEARTBEAT {datanodeUUID=44c7f39a-9454-4511-9eaf-9b72a4aa6bb9, command=[]} | ret=SUCCESS |  
2019-08-24 00:22:06,518 | INFO  | SCMAudit | user=jenkins1000 | ip=192.168.34.57 | op=SEND_HEARTBEAT {datanodeUUID=6f3ac5a3-43f3-4ed6-928d-1c9df2f8e2aa, command=[]} | ret=SUCCESS |  
2019-08-24 00:22:06,847 | INFO  | SCMAudit | user=jenkins1000 | ip=192.168.34.57 | op=SEND_HEARTBEAT {datanodeUUID=9b1b75a9-c857-4b9a-9bce-dd664e78af57, command=[]} | ret=SUCCESS |  
2019-08-24 00:22:06,851 | INFO  | SCMAudit | user=jenkins1000 | ip=192.168.34.57 | op=SEND_HEARTBEAT {datanodeUUID=4d1e0fe6-60fd-4907-9842-f352edb6fbc8, command=[]} | ret=SUCCESS |  
2019-08-24 00:22:06,871 | INFO  | SCMAudit | user=jenkins1000 | ip=192.168.34.57 | op=SEND_HEARTBEAT {datanodeUUID=3a14c1ba-d90f-4e55-9b74-34a12c0cf08b, command=[]} | ret=SUCCESS |  
2019-08-24 00:22:06,889 | INFO  | SCMAudit | user=jenkins1000 | ip=192.168.34.57 | op=SEND_HEARTBEAT {datanodeUUID=5da42abd-867e-47ba-b805-7d971175ab74, command=[]} | ret=SUCCESS |  
2019-08-24 00:22:07,130 | INFO  | SCMAudit | user=jenkins1000 | ip=192.168.34.57 | op=SEND_HEARTBEAT {datanodeUUID=a2fab492-56f3-43b8-af5f-239f4e38d11d, command=[]} | ret=SUCCESS |  
2019-08-24 00:22:07,345 | INFO  | SCMAudit | user=jenkins1000 | ip=192.168.34.57 | op=SEND_HEARTBEAT {datanodeUUID=44c7f39a-9454-4511-9eaf-9b72a4aa6bb9, command=[]} | ret=SUCCESS |  
2019-08-24 00:22:07,519 | INFO  | SCMAudit | user=jenkins1000 | ip=192.168.34.57 | op=SEND_HEARTBEAT {datanodeUUID=6f3ac5a3-43f3-4ed6-928d-1c9df2f8e2aa, command=[]} | ret=SUCCESS |  
2019-08-24 00:22:07,846 | INFO  | SCMAudit | user=jenkins1000 | ip=192.168.34.57 | op=SEND_HEARTBEAT {datanodeUUID=9b1b75a9-c857-4b9a-9bce-dd664e78af57, command=[]} | ret=SUCCESS |  
2019-08-24 00:22:07,851 | INFO  | SCMAudit | user=jenkins1000 | ip=192.168.34.57 | op=SEND_HEARTBEAT {datanodeUUID=4d1e0fe6-60fd-4907-9842-f352edb6fbc8, command=[]} | ret=SUCCESS |  
2019-08-24 00:22:07,871 | INFO  | SCMAudit | user=jenkins1000 | ip=192.168.34.57 | op=SEND_HEARTBEAT {datanodeUUID=3a14c1ba-d90f-4e55-9b74-34a12c0cf08b, command=[]} | ret=SUCCESS |  
2019-08-24 00:22:07,889 | INFO  | SCMAudit | user=jenkins1000 | ip=192.168.34.57 | op=SEND_HEARTBEAT {datanodeUUID=5da42abd-867e-47ba-b805-7d971175ab74, command=[]} | ret=SUCCESS |  
2019-08-24 00:22:08,131 | INFO  | SCMAudit | user=jenkins1000 | ip=192.168.34.57 | op=SEND_HEARTBEAT {datanodeUUID=a2fab492-56f3-43b8-af5f-239f4e38d11d, command=[]} | ret=SUCCESS |  
2019-08-24 00:22:08,345 | INFO  | SCMAudit | user=jenkins1000 | ip=192.168.34.57 | op=SEND_HEARTBEAT {datanodeUUID=44c7f39a-9454-4511-9eaf-9b72a4aa6bb9, command=[]} | ret=SUCCESS |  
2019-08-24 00:22:08,519 | INFO  | SCMAudit | user=jenkins1000 | ip=192.168.34.57 | op=SEND_HEARTBEAT {datanodeUUID=6f3ac5a3-43f3-4ed6-928d-1c9df2f8e2aa, command=[]} | ret=SUCCESS |  
2019-08-24 00:22:08,846 | INFO  | SCMAudit | user=jenkins1000 | ip=192.168.34.57 | op=SEND_HEARTBEAT {datanodeUUID=9b1b75a9-c857-4b9a-9bce-dd664e78af57, command=[]} | ret=SUCCESS |  
2019-08-24 00:22:08,851 | INFO  | SCMAudit | user=jenkins1000 | ip=192.168.34.57 | op=SEND_HEARTBEAT {datanodeUUID=4d1e0fe6-60fd-4907-9842-f352edb6fbc8, command=[]} | ret=SUCCESS |  
2019-08-24 00:22:08,871 | INFO  | SCMAudit | user=jenkins1000 | ip=192.168.34.57 | op=SEND_HEARTBEAT {datanodeUUID=3a14c1ba-d90f-4e55-9b74-34a12c0cf08b, command=[]} | ret=SUCCESS |  
2019-08-24 00:22:08,889 | INFO  | SCMAudit | user=jenkins1000 | ip=192.168.34.57 | op=SEND_HEARTBEAT {datanodeUUID=5da42abd-867e-47ba-b805-7d971175ab74, command=[]} | ret=SUCCESS |  
2019-08-24 00:22:09,130 | INFO  | SCMAudit | user=jenkins1000 | ip=192.168.34.57 | op=SEND_HEARTBEAT {datanodeUUID=a2fab492-56f3-43b8-af5f-239f4e38d11d, command=[]} | ret=SUCCESS |  
2019-08-24 00:22:09,344 | INFO  | SCMAudit | user=jenkins1000 | ip=192.168.34.57 | op=SEND_HEARTBEAT {datanodeUUID=44c7f39a-9454-4511-9eaf-9b72a4aa6bb9, command=[]} | ret=SUCCESS |  
2019-08-24 00:22:09,519 | INFO  | SCMAudit | user=jenkins1000 | ip=192.168.34.57 | op=SEND_HEARTBEAT {datanodeUUID=6f3ac5a3-43f3-4ed6-928d-1c9df2f8e2aa, command=[]} | ret=SUCCESS |  
2019-08-24 00:22:09,847 | INFO  | SCMAudit | user=jenkins1000 | ip=192.168.34.57 | op=SEND_HEARTBEAT {datanodeUUID=9b1b75a9-c857-4b9a-9bce-dd664e78af57, command=[]} | ret=SUCCESS |  
2019-08-24 00:22:09,852 | INFO  | SCMAudit | user=jenkins1000 | ip=192.168.34.57 | op=SEND_HEARTBEAT {datanodeUUID=4d1e0fe6-60fd-4907-9842-f352edb6fbc8, command=[]} | ret=SUCCESS |  
2019-08-24 00:22:09,872 | INFO  | SCMAudit | user=jenkins1000 | ip=192.168.34.57 | op=SEND_HEARTBEAT {datanodeUUID=3a14c1ba-d90f-4e55-9b74-34a12c0cf08b, command=[]} | ret=SUCCESS |  
2019-08-24 00:22:09,890 | INFO  | SCMAudit | user=jenkins1000 | ip=192.168.34.57 | op=SEND_HEARTBEAT {datanodeUUID=5da42abd-867e-47ba-b805-7d971175ab74, command=[]} | ret=SUCCESS |  
2019-08-24 00:22:10,131 | INFO  | SCMAudit | user=jenkins1000 | ip=192.168.34.57 | op=SEND_HEARTBEAT {datanodeUUID=a2fab492-56f3-43b8-af5f-239f4e38d11d, command=[]} | ret=SUCCESS |  
2019-08-24 00:22:10,345 | INFO  | SCMAudit | user=jenkins1000 | ip=192.168.34.57 | op=SEND_HEARTBEAT {datanodeUUID=44c7f39a-9454-4511-9eaf-9b72a4aa6bb9, command=[]} | ret=SUCCESS |  
2019-08-24 00:22:10,519 | INFO  | SCMAudit | user=jenkins1000 | ip=192.168.34.57 | op=SEND_HEARTBEAT {datanodeUUID=6f3ac5a3-43f3-4ed6-928d-1c9df2f8e2aa, command=[]} | ret=SUCCESS |  
2019-08-24 00:22:10,753 [grpc-default-executor-4] INFO  client.GrpcClientProtocolClient (GrpcClientProtocolClient.java:onNext(255)) - client-090605BECF39->9b1b75a9-c857-4b9a-9bce-dd664e78af57: receive RaftClientReply:client-090605BECF39->9b1b75a9-c857-4b9a-9bce-dd664e78af57@group-7922B4F3146A, cid=45, FAILED org.apache.ratis.protocol.NotLeaderException: Server 9b1b75a9-c857-4b9a-9bce-dd664e78af57 is not the leader (4d1e0fe6-60fd-4907-9842-f352edb6fbc8:192.168.34.57:43840). Request must be sent to leader., logIndex=0, commits[9b1b75a9-c857-4b9a-9bce-dd664e78af57:c8, 3a14c1ba-d90f-4e55-9b74-34a12c0cf08b:c8, 4d1e0fe6-60fd-4907-9842-f352edb6fbc8:c8]
2019-08-24 00:22:10,846 | INFO  | SCMAudit | user=jenkins1000 | ip=192.168.34.57 | op=SEND_HEARTBEAT {datanodeUUID=9b1b75a9-c857-4b9a-9bce-dd664e78af57, command=[]} | ret=SUCCESS |  
2019-08-24 00:22:10,851 | INFO  | SCMAudit | user=jenkins1000 | ip=192.168.34.57 | op=SEND_HEARTBEAT {datanodeUUID=4d1e0fe6-60fd-4907-9842-f352edb6fbc8, command=[]} | ret=SUCCESS |  
2019-08-24 00:22:10,871 | INFO  | SCMAudit | user=jenkins1000 | ip=192.168.34.57 | op=SEND_HEARTBEAT {datanodeUUID=3a14c1ba-d90f-4e55-9b74-34a12c0cf08b, command=[]} | ret=SUCCESS |  
2019-08-24 00:22:10,890 | INFO  | SCMAudit | user=jenkins1000 | ip=192.168.34.57 | op=SEND_HEARTBEAT {datanodeUUID=5da42abd-867e-47ba-b805-7d971175ab74, command=[]} | ret=SUCCESS |  
2019-08-24 00:22:11,130 | INFO  | SCMAudit | user=jenkins1000 | ip=192.168.34.57 | op=SEND_HEARTBEAT {datanodeUUID=a2fab492-56f3-43b8-af5f-239f4e38d11d, command=[]} | ret=SUCCESS |  
2019-08-24 00:22:11,344 | INFO  | SCMAudit | user=jenkins1000 | ip=192.168.34.57 | op=SEND_HEARTBEAT {datanodeUUID=44c7f39a-9454-4511-9eaf-9b72a4aa6bb9, command=[]} | ret=SUCCESS |  
2019-08-24 00:22:11,519 | INFO  | SCMAudit | user=jenkins1000 | ip=192.168.34.57 | op=SEND_HEARTBEAT {datanodeUUID=6f3ac5a3-43f3-4ed6-928d-1c9df2f8e2aa, command=[]} | ret=SUCCESS |  
2019-08-24 00:22:11,846 | INFO  | SCMAudit | user=jenkins1000 | ip=192.168.34.57 | op=SEND_HEARTBEAT {datanodeUUID=9b1b75a9-c857-4b9a-9bce-dd664e78af57, command=[]} | ret=SUCCESS |  
2019-08-24 00:22:11,852 | INFO  | SCMAudit | user=jenkins1000 | ip=192.168.34.57 | op=SEND_HEARTBEAT {datanodeUUID=4d1e0fe6-60fd-4907-9842-f352edb6fbc8, command=[]} | ret=SUCCESS |  
2019-08-24 00:22:11,872 | INFO  | SCMAudit | user=jenkins1000 | ip=192.168.34.57 | op=SEND_HEARTBEAT {datanodeUUID=3a14c1ba-d90f-4e55-9b74-34a12c0cf08b, command=[]} | ret=SUCCESS |  
2019-08-24 00:22:11,890 | INFO  | SCMAudit | user=jenkins1000 | ip=192.168.34.57 | op=SEND_HEARTBEAT {datanodeUUID=5da42abd-867e-47ba-b805-7d971175ab74, command=[]} | ret=SUCCESS |  
2019-08-24 00:22:12,131 | INFO  | SCMAudit | user=jenkins1000 | ip=192.168.34.57 | op=SEND_HEARTBEAT {datanodeUUID=a2fab492-56f3-43b8-af5f-239f4e38d11d, command=[]} | ret=SUCCESS |  
2019-08-24 00:22:12,345 | INFO  | SCMAudit | user=jenkins1000 | ip=192.168.34.57 | op=SEND_HEARTBEAT {datanodeUUID=44c7f39a-9454-4511-9eaf-9b72a4aa6bb9, command=[]} | ret=SUCCESS |  
2019-08-24 00:22:12,520 | INFO  | SCMAudit | user=jenkins1000 | ip=192.168.34.57 | op=SEND_HEARTBEAT {datanodeUUID=6f3ac5a3-43f3-4ed6-928d-1c9df2f8e2aa, command=[]} | ret=SUCCESS |  
2019-08-24 00:22:12,847 | INFO  | SCMAudit | user=jenkins1000 | ip=192.168.34.57 | op=SEND_HEARTBEAT {datanodeUUID=9b1b75a9-c857-4b9a-9bce-dd664e78af57, command=[]} | ret=SUCCESS |  
2019-08-24 00:22:12,852 | INFO  | SCMAudit | user=jenkins1000 | ip=192.168.34.57 | op=SEND_HEARTBEAT {datanodeUUID=4d1e0fe6-60fd-4907-9842-f352edb6fbc8, command=[]} | ret=SUCCESS |  
2019-08-24 00:22:12,872 | INFO  | SCMAudit | user=jenkins1000 | ip=192.168.34.57 | op=SEND_HEARTBEAT {datanodeUUID=3a14c1ba-d90f-4e55-9b74-34a12c0cf08b, command=[]} | ret=SUCCESS |  
2019-08-24 00:22:12,891 | INFO  | SCMAudit | user=jenkins1000 | ip=192.168.34.57 | op=SEND_HEARTBEAT {datanodeUUID=5da42abd-867e-47ba-b805-7d971175ab74, command=[]} | ret=SUCCESS |  
2019-08-24 00:22:13,130 | INFO  | SCMAudit | user=jenkins1000 | ip=192.168.34.57 | op=SEND_HEARTBEAT {datanodeUUID=a2fab492-56f3-43b8-af5f-239f4e38d11d, command=[]} | ret=SUCCESS |  
2019-08-24 00:22:13,344 | INFO  | SCMAudit | user=jenkins1000 | ip=192.168.34.57 | op=SEND_HEARTBEAT {datanodeUUID=44c7f39a-9454-4511-9eaf-9b72a4aa6bb9, command=[]} | ret=SUCCESS |  
2019-08-24 00:22:13,519 | INFO  | SCMAudit | user=jenkins1000 | ip=192.168.34.57 | op=SEND_HEARTBEAT {datanodeUUID=6f3ac5a3-43f3-4ed6-928d-1c9df2f8e2aa, command=[]} | ret=SUCCESS |  
2019-08-24 00:22:13,846 | INFO  | SCMAudit | user=jenkins1000 | ip=192.168.34.57 | op=SEND_HEARTBEAT {datanodeUUID=9b1b75a9-c857-4b9a-9bce-dd664e78af57, command=[]} | ret=SUCCESS |  
2019-08-24 00:22:13,853 | INFO  | SCMAudit | user=jenkins1000 | ip=192.168.34.57 | op=SEND_HEARTBEAT {datanodeUUID=4d1e0fe6-60fd-4907-9842-f352edb6fbc8, command=[]} | ret=SUCCESS |  
2019-08-24 00:22:13,871 | INFO  | SCMAudit | user=jenkins1000 | ip=192.168.34.57 | op=SEND_HEARTBEAT {datanodeUUID=3a14c1ba-d90f-4e55-9b74-34a12c0cf08b, command=[]} | ret=SUCCESS |  
2019-08-24 00:22:13,891 | INFO  | SCMAudit | user=jenkins1000 | ip=192.168.34.57 | op=SEND_HEARTBEAT {datanodeUUID=5da42abd-867e-47ba-b805-7d971175ab74, command=[]} | ret=SUCCESS |  
2019-08-24 00:22:14,131 | INFO  | SCMAudit | user=jenkins1000 | ip=192.168.34.57 | op=SEND_HEARTBEAT {datanodeUUID=a2fab492-56f3-43b8-af5f-239f4e38d11d, command=[]} | ret=SUCCESS |  
2019-08-24 00:22:14,345 | INFO  | SCMAudit | user=jenkins1000 | ip=192.168.34.57 | op=SEND_HEARTBEAT {datanodeUUID=44c7f39a-9454-4511-9eaf-9b72a4aa6bb9, command=[]} | ret=SUCCESS |  
2019-08-24 00:22:14,520 | INFO  | SCMAudit | user=jenkins1000 | ip=192.168.34.57 | op=SEND_HEARTBEAT {datanodeUUID=6f3ac5a3-43f3-4ed6-928d-1c9df2f8e2aa, command=[]} | ret=SUCCESS |  
2019-08-24 00:22:14,847 | INFO  | SCMAudit | user=jenkins1000 | ip=192.168.34.57 | op=SEND_HEARTBEAT {datanodeUUID=9b1b75a9-c857-4b9a-9bce-dd664e78af57, command=[]} | ret=SUCCESS |  
2019-08-24 00:22:14,852 | INFO  | SCMAudit | user=jenkins1000 | ip=192.168.34.57 | op=SEND_HEARTBEAT {datanodeUUID=4d1e0fe6-60fd-4907-9842-f352edb6fbc8, command=[]} | ret=SUCCESS |  
2019-08-24 00:22:14,871 | INFO  | SCMAudit | user=jenkins1000 | ip=192.168.34.57 | op=SEND_HEARTBEAT {datanodeUUID=3a14c1ba-d90f-4e55-9b74-34a12c0cf08b, command=[]} | ret=SUCCESS |  
2019-08-24 00:22:14,891 | INFO  | SCMAudit | user=jenkins1000 | ip=192.168.34.57 | op=SEND_HEARTBEAT {datanodeUUID=5da42abd-867e-47ba-b805-7d971175ab74, command=[]} | ret=SUCCESS |  
2019-08-24 00:22:15,131 | INFO  | SCMAudit | user=jenkins1000 | ip=192.168.34.57 | op=SEND_HEARTBEAT {datanodeUUID=a2fab492-56f3-43b8-af5f-239f4e38d11d, command=[]} | ret=SUCCESS |  
2019-08-24 00:22:15,344 | INFO  | SCMAudit | user=jenkins1000 | ip=192.168.34.57 | op=SEND_HEARTBEAT {datanodeUUID=44c7f39a-9454-4511-9eaf-9b72a4aa6bb9, command=[]} | ret=SUCCESS |  
2019-08-24 00:22:15,519 | INFO  | SCMAudit | user=jenkins1000 | ip=192.168.34.57 | op=SEND_HEARTBEAT {datanodeUUID=6f3ac5a3-43f3-4ed6-928d-1c9df2f8e2aa, command=[]} | ret=SUCCESS |  
2019-08-24 00:22:15,809 [grpc-default-executor-4] INFO  client.GrpcClientProtocolClient (GrpcClientProtocolClient.java:onNext(255)) - client-090605BECF39->9b1b75a9-c857-4b9a-9bce-dd664e78af57: receive RaftClientReply:client-090605BECF39->9b1b75a9-c857-4b9a-9bce-dd664e78af57@group-7922B4F3146A, cid=45, FAILED org.apache.ratis.protocol.NotLeaderException: Server 9b1b75a9-c857-4b9a-9bce-dd664e78af57 is not the leader (4d1e0fe6-60fd-4907-9842-f352edb6fbc8:192.168.34.57:43840). Request must be sent to leader., logIndex=0, commits[9b1b75a9-c857-4b9a-9bce-dd664e78af57:c8, 3a14c1ba-d90f-4e55-9b74-34a12c0cf08b:c8, 4d1e0fe6-60fd-4907-9842-f352edb6fbc8:c8]
2019-08-24 00:22:15,846 | INFO  | SCMAudit | user=jenkins1000 | ip=192.168.34.57 | op=SEND_HEARTBEAT {datanodeUUID=9b1b75a9-c857-4b9a-9bce-dd664e78af57, command=[]} | ret=SUCCESS |  
2019-08-24 00:22:15,853 | INFO  | SCMAudit | user=jenkins1000 | ip=192.168.34.57 | op=SEND_HEARTBEAT {datanodeUUID=4d1e0fe6-60fd-4907-9842-f352edb6fbc8, command=[]} | ret=SUCCESS |  
2019-08-24 00:22:15,872 | INFO  | SCMAudit | user=jenkins1000 | ip=192.168.34.57 | op=SEND_HEARTBEAT {datanodeUUID=3a14c1ba-d90f-4e55-9b74-34a12c0cf08b, command=[]} | ret=SUCCESS |  
2019-08-24 00:22:15,892 | INFO  | SCMAudit | user=jenkins1000 | ip=192.168.34.57 | op=SEND_HEARTBEAT {datanodeUUID=5da42abd-867e-47ba-b805-7d971175ab74, command=[]} | ret=SUCCESS |  
2019-08-24 00:22:16,131 | INFO  | SCMAudit | user=jenkins1000 | ip=192.168.34.57 | op=SEND_HEARTBEAT {datanodeUUID=a2fab492-56f3-43b8-af5f-239f4e38d11d, command=[]} | ret=SUCCESS |  
2019-08-24 00:22:16,345 | INFO  | SCMAudit | user=jenkins1000 | ip=192.168.34.57 | op=SEND_HEARTBEAT {datanodeUUID=44c7f39a-9454-4511-9eaf-9b72a4aa6bb9, command=[]} | ret=SUCCESS |  
2019-08-24 00:22:16,520 | INFO  | SCMAudit | user=jenkins1000 | ip=192.168.34.57 | op=SEND_HEARTBEAT {datanodeUUID=6f3ac5a3-43f3-4ed6-928d-1c9df2f8e2aa, command=[]} | ret=SUCCESS |  
2019-08-24 00:22:16,847 | INFO  | SCMAudit | user=jenkins1000 | ip=192.168.34.57 | op=SEND_HEARTBEAT {datanodeUUID=9b1b75a9-c857-4b9a-9bce-dd664e78af57, command=[]} | ret=SUCCESS |  
2019-08-24 00:22:16,853 | INFO  | SCMAudit | user=jenkins1000 | ip=192.168.34.57 | op=SEND_HEARTBEAT {datanodeUUID=4d1e0fe6-60fd-4907-9842-f352edb6fbc8, command=[]} | ret=SUCCESS |  
2019-08-24 00:22:16,872 | INFO  | SCMAudit | user=jenkins1000 | ip=192.168.34.57 | op=SEND_HEARTBEAT {datanodeUUID=3a14c1ba-d90f-4e55-9b74-34a12c0cf08b, command=[]} | ret=SUCCESS |  
2019-08-24 00:22:16,891 | INFO  | SCMAudit | user=jenkins1000 | ip=192.168.34.57 | op=SEND_HEARTBEAT {datanodeUUID=5da42abd-867e-47ba-b805-7d971175ab74, command=[]} | ret=SUCCESS |  
2019-08-24 00:22:17,131 | INFO  | SCMAudit | user=jenkins1000 | ip=192.168.34.57 | op=SEND_HEARTBEAT {datanodeUUID=a2fab492-56f3-43b8-af5f-239f4e38d11d, command=[]} | ret=SUCCESS |  
2019-08-24 00:22:17,345 | INFO  | SCMAudit | user=jenkins1000 | ip=192.168.34.57 | op=SEND_HEARTBEAT {datanodeUUID=44c7f39a-9454-4511-9eaf-9b72a4aa6bb9, command=[]} | ret=SUCCESS |  
2019-08-24 00:22:17,519 | INFO  | SCMAudit | user=jenkins1000 | ip=192.168.34.57 | op=SEND_HEARTBEAT {datanodeUUID=6f3ac5a3-43f3-4ed6-928d-1c9df2f8e2aa, command=[]} | ret=SUCCESS |  
2019-08-24 00:22:17,846 | INFO  | SCMAudit | user=jenkins1000 | ip=192.168.34.57 | op=SEND_HEARTBEAT {datanodeUUID=9b1b75a9-c857-4b9a-9bce-dd664e78af57, command=[]} | ret=SUCCESS |  
2019-08-24 00:22:17,852 | INFO  | SCMAudit | user=jenkins1000 | ip=192.168.34.57 | op=SEND_HEARTBEAT {datanodeUUID=4d1e0fe6-60fd-4907-9842-f352edb6fbc8, command=[]} | ret=SUCCESS |  
2019-08-24 00:22:17,872 | INFO  | SCMAudit | user=jenkins1000 | ip=192.168.34.57 | op=SEND_HEARTBEAT {datanodeUUID=3a14c1ba-d90f-4e55-9b74-34a12c0cf08b, command=[]} | ret=SUCCESS |  
2019-08-24 00:22:17,891 | INFO  | SCMAudit | user=jenkins1000 | ip=192.168.34.57 | op=SEND_HEARTBEAT {datanodeUUID=5da42abd-867e-47ba-b805-7d971175ab74, command=[]} | ret=SUCCESS |  
2019-08-24 00:22:18,132 | INFO  | SCMAudit | user=jenkins1000 | ip=192.168.34.57 | op=SEND_HEARTBEAT {datanodeUUID=a2fab492-56f3-43b8-af5f-239f4e38d11d, command=[]} | ret=SUCCESS |  
2019-08-24 00:22:18,344 | INFO  | SCMAudit | user=jenkins1000 | ip=192.168.34.57 | op=SEND_HEARTBEAT {datanodeUUID=44c7f39a-9454-4511-9eaf-9b72a4aa6bb9, command=[]} | ret=SUCCESS |  
2019-08-24 00:22:18,520 | INFO  | SCMAudit | user=jenkins1000 | ip=192.168.34.57 | op=SEND_HEARTBEAT {datanodeUUID=6f3ac5a3-43f3-4ed6-928d-1c9df2f8e2aa, command=[]} | ret=SUCCESS |  
2019-08-24 00:22:18,847 | INFO  | SCMAudit | user=jenkins1000 | ip=192.168.34.57 | op=SEND_HEARTBEAT {datanodeUUID=9b1b75a9-c857-4b9a-9bce-dd664e78af57, command=[]} | ret=SUCCESS |  
2019-08-24 00:22:18,853 | INFO  | SCMAudit | user=jenkins1000 | ip=192.168.34.57 | op=SEND_HEARTBEAT {datanodeUUID=4d1e0fe6-60fd-4907-9842-f352edb6fbc8, command=[]} | ret=SUCCESS |  
2019-08-24 00:22:18,872 | INFO  | SCMAudit | user=jenkins1000 | ip=192.168.34.57 | op=SEND_HEARTBEAT {datanodeUUID=3a14c1ba-d90f-4e55-9b74-34a12c0cf08b, command=[]} | ret=SUCCESS |  
2019-08-24 00:22:18,891 | INFO  | SCMAudit | user=jenkins1000 | ip=192.168.34.57 | op=SEND_HEARTBEAT {datanodeUUID=5da42abd-867e-47ba-b805-7d971175ab74, command=[]} | ret=SUCCESS |  
2019-08-24 00:22:19,132 | INFO  | SCMAudit | user=jenkins1000 | ip=192.168.34.57 | op=SEND_HEARTBEAT {datanodeUUID=a2fab492-56f3-43b8-af5f-239f4e38d11d, command=[]} | ret=SUCCESS |  
2019-08-24 00:22:19,345 | INFO  | SCMAudit | user=jenkins1000 | ip=192.168.34.57 | op=SEND_HEARTBEAT {datanodeUUID=44c7f39a-9454-4511-9eaf-9b72a4aa6bb9, command=[]} | ret=SUCCESS |  
2019-08-24 00:22:19,519 | INFO  | SCMAudit | user=jenkins1000 | ip=192.168.34.57 | op=SEND_HEARTBEAT {datanodeUUID=6f3ac5a3-43f3-4ed6-928d-1c9df2f8e2aa, command=[]} | ret=SUCCESS |  
2019-08-24 00:22:19,847 | INFO  | SCMAudit | user=jenkins1000 | ip=192.168.34.57 | op=SEND_HEARTBEAT {datanodeUUID=9b1b75a9-c857-4b9a-9bce-dd664e78af57, command=[]} | ret=SUCCESS |  
2019-08-24 00:22:19,853 | INFO  | SCMAudit | user=jenkins1000 | ip=192.168.34.57 | op=SEND_HEARTBEAT {datanodeUUID=4d1e0fe6-60fd-4907-9842-f352edb6fbc8, command=[]} | ret=SUCCESS |  
2019-08-24 00:22:19,873 | INFO  | SCMAudit | user=jenkins1000 | ip=192.168.34.57 | op=SEND_HEARTBEAT {datanodeUUID=3a14c1ba-d90f-4e55-9b74-34a12c0cf08b, command=[]} | ret=SUCCESS |  
2019-08-24 00:22:19,891 | INFO  | SCMAudit | user=jenkins1000 | ip=192.168.34.57 | op=SEND_HEARTBEAT {datanodeUUID=5da42abd-867e-47ba-b805-7d971175ab74, command=[]} | ret=SUCCESS |  
2019-08-24 00:22:20,132 | INFO  | SCMAudit | user=jenkins1000 | ip=192.168.34.57 | op=SEND_HEARTBEAT {datanodeUUID=a2fab492-56f3-43b8-af5f-239f4e38d11d, command=[]} | ret=SUCCESS |  
2019-08-24 00:22:20,345 | INFO  | SCMAudit | user=jenkins1000 | ip=192.168.34.57 | op=SEND_HEARTBEAT {datanodeUUID=44c7f39a-9454-4511-9eaf-9b72a4aa6bb9, command=[]} | ret=SUCCESS |  
2019-08-24 00:22:20,520 | INFO  | SCMAudit | user=jenkins1000 | ip=192.168.34.57 | op=SEND_HEARTBEAT {datanodeUUID=6f3ac5a3-43f3-4ed6-928d-1c9df2f8e2aa, command=[]} | ret=SUCCESS |  
2019-08-24 00:22:20,847 | INFO  | SCMAudit | user=jenkins1000 | ip=192.168.34.57 | op=SEND_HEARTBEAT {datanodeUUID=9b1b75a9-c857-4b9a-9bce-dd664e78af57, command=[]} | ret=SUCCESS |  
2019-08-24 00:22:20,864 | INFO  | SCMAudit | user=jenkins1000 | ip=192.168.34.57 | op=SEND_HEARTBEAT {datanodeUUID=4d1e0fe6-60fd-4907-9842-f352edb6fbc8, command=[]} | ret=SUCCESS |  
2019-08-24 00:22:20,864 [grpc-default-executor-4] INFO  client.GrpcClientProtocolClient (GrpcClientProtocolClient.java:onNext(255)) - client-090605BECF39->9b1b75a9-c857-4b9a-9bce-dd664e78af57: receive RaftClientReply:client-090605BECF39->9b1b75a9-c857-4b9a-9bce-dd664e78af57@group-7922B4F3146A, cid=45, FAILED org.apache.ratis.protocol.NotLeaderException: Server 9b1b75a9-c857-4b9a-9bce-dd664e78af57 is not the leader (4d1e0fe6-60fd-4907-9842-f352edb6fbc8:192.168.34.57:43840). Request must be sent to leader., logIndex=0, commits[9b1b75a9-c857-4b9a-9bce-dd664e78af57:c8, 3a14c1ba-d90f-4e55-9b74-34a12c0cf08b:c8, 4d1e0fe6-60fd-4907-9842-f352edb6fbc8:c8]
2019-08-24 00:22:20,876 | INFO  | SCMAudit | user=jenkins1000 | ip=192.168.34.57 | op=SEND_HEARTBEAT {datanodeUUID=3a14c1ba-d90f-4e55-9b74-34a12c0cf08b, command=[]} | ret=SUCCESS |  
2019-08-24 00:22:20,891 | INFO  | SCMAudit | user=jenkins1000 | ip=192.168.34.57 | op=SEND_HEARTBEAT {datanodeUUID=5da42abd-867e-47ba-b805-7d971175ab74, command=[]} | ret=SUCCESS |  
2019-08-24 00:22:21,133 | INFO  | SCMAudit | user=jenkins1000 | ip=192.168.34.57 | op=SEND_HEARTBEAT {datanodeUUID=a2fab492-56f3-43b8-af5f-239f4e38d11d, command=[]} | ret=SUCCESS |  
2019-08-24 00:22:21,344 | INFO  | SCMAudit | user=jenkins1000 | ip=192.168.34.57 | op=SEND_HEARTBEAT {datanodeUUID=44c7f39a-9454-4511-9eaf-9b72a4aa6bb9, command=[]} | ret=SUCCESS |  
2019-08-24 00:22:21,519 | INFO  | SCMAudit | user=jenkins1000 | ip=192.168.34.57 | op=SEND_HEARTBEAT {datanodeUUID=6f3ac5a3-43f3-4ed6-928d-1c9df2f8e2aa, command=[]} | ret=SUCCESS |  
2019-08-24 00:22:21,847 | INFO  | SCMAudit | user=jenkins1000 | ip=192.168.34.57 | op=SEND_HEARTBEAT {datanodeUUID=9b1b75a9-c857-4b9a-9bce-dd664e78af57, command=[]} | ret=SUCCESS |  
2019-08-24 00:22:21,864 | INFO  | SCMAudit | user=jenkins1000 | ip=192.168.34.57 | op=SEND_HEARTBEAT {datanodeUUID=4d1e0fe6-60fd-4907-9842-f352edb6fbc8, command=[]} | ret=SUCCESS |  
2019-08-24 00:22:21,874 | INFO  | SCMAudit | user=jenkins1000 | ip=192.168.34.57 | op=SEND_HEARTBEAT {datanodeUUID=3a14c1ba-d90f-4e55-9b74-34a12c0cf08b, command=[]} | ret=SUCCESS |  
2019-08-24 00:22:21,891 | INFO  | SCMAudit | user=jenkins1000 | ip=192.168.34.57 | op=SEND_HEARTBEAT {datanodeUUID=5da42abd-867e-47ba-b805-7d971175ab74, command=[]} | ret=SUCCESS |  
2019-08-24 00:22:22,132 | INFO  | SCMAudit | user=jenkins1000 | ip=192.168.34.57 | op=SEND_HEARTBEAT {datanodeUUID=a2fab492-56f3-43b8-af5f-239f4e38d11d, command=[]} | ret=SUCCESS |  
2019-08-24 00:22:22,345 | INFO  | SCMAudit | user=jenkins1000 | ip=192.168.34.57 | op=SEND_HEARTBEAT {datanodeUUID=44c7f39a-9454-4511-9eaf-9b72a4aa6bb9, command=[]} | ret=SUCCESS |  
2019-08-24 00:22:22,520 | INFO  | SCMAudit | user=jenkins1000 | ip=192.168.34.57 | op=SEND_HEARTBEAT {datanodeUUID=6f3ac5a3-43f3-4ed6-928d-1c9df2f8e2aa, command=[]} | ret=SUCCESS |  
2019-08-24 00:22:22,847 | INFO  | SCMAudit | user=jenkins1000 | ip=192.168.34.57 | op=SEND_HEARTBEAT {datanodeUUID=9b1b75a9-c857-4b9a-9bce-dd664e78af57, command=[]} | ret=SUCCESS |  
2019-08-24 00:22:22,864 | INFO  | SCMAudit | user=jenkins1000 | ip=192.168.34.57 | op=SEND_HEARTBEAT {datanodeUUID=4d1e0fe6-60fd-4907-9842-f352edb6fbc8, command=[]} | ret=SUCCESS |  
2019-08-24 00:22:22,874 | INFO  | SCMAudit | user=jenkins1000 | ip=192.168.34.57 | op=SEND_HEARTBEAT {datanodeUUID=3a14c1ba-d90f-4e55-9b74-34a12c0cf08b, command=[]} | ret=SUCCESS |  
2019-08-24 00:22:22,891 | INFO  | SCMAudit | user=jenkins1000 | ip=192.168.34.57 | op=SEND_HEARTBEAT {datanodeUUID=5da42abd-867e-47ba-b805-7d971175ab74, command=[]} | ret=SUCCESS |  
2019-08-24 00:22:23,133 | INFO  | SCMAudit | user=jenkins1000 | ip=192.168.34.57 | op=SEND_HEARTBEAT {datanodeUUID=a2fab492-56f3-43b8-af5f-239f4e38d11d, command=[]} | ret=SUCCESS |  
2019-08-24 00:22:23,345 | INFO  | SCMAudit | user=jenkins1000 | ip=192.168.34.57 | op=SEND_HEARTBEAT {datanodeUUID=44c7f39a-9454-4511-9eaf-9b72a4aa6bb9, command=[]} | ret=SUCCESS |  
2019-08-24 00:22:23,519 | INFO  | SCMAudit | user=jenkins1000 | ip=192.168.34.57 | op=SEND_HEARTBEAT {datanodeUUID=6f3ac5a3-43f3-4ed6-928d-1c9df2f8e2aa, command=[]} | ret=SUCCESS |  
2019-08-24 00:22:23,847 | INFO  | SCMAudit | user=jenkins1000 | ip=192.168.34.57 | op=SEND_HEARTBEAT {datanodeUUID=9b1b75a9-c857-4b9a-9bce-dd664e78af57, command=[]} | ret=SUCCESS |  
2019-08-24 00:22:23,864 | INFO  | SCMAudit | user=jenkins1000 | ip=192.168.34.57 | op=SEND_HEARTBEAT {datanodeUUID=4d1e0fe6-60fd-4907-9842-f352edb6fbc8, command=[]} | ret=SUCCESS |  
2019-08-24 00:22:23,875 | INFO  | SCMAudit | user=jenkins1000 | ip=192.168.34.57 | op=SEND_HEARTBEAT {datanodeUUID=3a14c1ba-d90f-4e55-9b74-34a12c0cf08b, command=[]} | ret=SUCCESS |  
2019-08-24 00:22:23,891 | INFO  | SCMAudit | user=jenkins1000 | ip=192.168.34.57 | op=SEND_HEARTBEAT {datanodeUUID=5da42abd-867e-47ba-b805-7d971175ab74, command=[]} | ret=SUCCESS |  
2019-08-24 00:22:24,132 | INFO  | SCMAudit | user=jenkins1000 | ip=192.168.34.57 | op=SEND_HEARTBEAT {datanodeUUID=a2fab492-56f3-43b8-af5f-239f4e38d11d, command=[]} | ret=SUCCESS |  
2019-08-24 00:22:24,345 | INFO  | SCMAudit | user=jenkins1000 | ip=192.168.34.57 | op=SEND_HEARTBEAT {datanodeUUID=44c7f39a-9454-4511-9eaf-9b72a4aa6bb9, command=[]} | ret=SUCCESS |  
2019-08-24 00:22:24,520 | INFO  | SCMAudit | user=jenkins1000 | ip=192.168.34.57 | op=SEND_HEARTBEAT {datanodeUUID=6f3ac5a3-43f3-4ed6-928d-1c9df2f8e2aa, command=[]} | ret=SUCCESS |  
2019-08-24 00:22:24,847 | INFO  | SCMAudit | user=jenkins1000 | ip=192.168.34.57 | op=SEND_HEARTBEAT {datanodeUUID=9b1b75a9-c857-4b9a-9bce-dd664e78af57, command=[]} | ret=SUCCESS |  
2019-08-24 00:22:24,864 | INFO  | SCMAudit | user=jenkins1000 | ip=192.168.34.57 | op=SEND_HEARTBEAT {datanodeUUID=4d1e0fe6-60fd-4907-9842-f352edb6fbc8, command=[]} | ret=SUCCESS |  
2019-08-24 00:22:24,875 | INFO  | SCMAudit | user=jenkins1000 | ip=192.168.34.57 | op=SEND_HEARTBEAT {datanodeUUID=3a14c1ba-d90f-4e55-9b74-34a12c0cf08b, command=[]} | ret=SUCCESS |  
2019-08-24 00:22:24,893 | INFO  | SCMAudit | user=jenkins1000 | ip=192.168.34.57 | op=SEND_HEARTBEAT {datanodeUUID=5da42abd-867e-47ba-b805-7d971175ab74, command=[]} | ret=SUCCESS |  
2019-08-24 00:22:25,133 | INFO  | SCMAudit | user=jenkins1000 | ip=192.168.34.57 | op=SEND_HEARTBEAT {datanodeUUID=a2fab492-56f3-43b8-af5f-239f4e38d11d, command=[]} | ret=SUCCESS |  
2019-08-24 00:22:25,346 | INFO  | SCMAudit | user=jenkins1000 | ip=192.168.34.57 | op=SEND_HEARTBEAT {datanodeUUID=44c7f39a-9454-4511-9eaf-9b72a4aa6bb9, command=[]} | ret=SUCCESS |  
2019-08-24 00:22:25,520 | INFO  | SCMAudit | user=jenkins1000 | ip=192.168.34.57 | op=SEND_HEARTBEAT {datanodeUUID=6f3ac5a3-43f3-4ed6-928d-1c9df2f8e2aa, command=[]} | ret=SUCCESS |  
2019-08-24 00:22:25,848 | INFO  | SCMAudit | user=jenkins1000 | ip=192.168.34.57 | op=SEND_HEARTBEAT {datanodeUUID=9b1b75a9-c857-4b9a-9bce-dd664e78af57, command=[]} | ret=SUCCESS |  
2019-08-24 00:22:25,864 | INFO  | SCMAudit | user=jenkins1000 | ip=192.168.34.57 | op=SEND_HEARTBEAT {datanodeUUID=4d1e0fe6-60fd-4907-9842-f352edb6fbc8, command=[]} | ret=SUCCESS |  
2019-08-24 00:22:25,874 | INFO  | SCMAudit | user=jenkins1000 | ip=192.168.34.57 | op=SEND_HEARTBEAT {datanodeUUID=3a14c1ba-d90f-4e55-9b74-34a12c0cf08b, command=[]} | ret=SUCCESS |  
2019-08-24 00:22:25,893 | INFO  | SCMAudit | user=jenkins1000 | ip=192.168.34.57 | op=SEND_HEARTBEAT {datanodeUUID=5da42abd-867e-47ba-b805-7d971175ab74, command=[]} | ret=SUCCESS |  
2019-08-24 00:22:25,903 [grpc-default-executor-4] INFO  client.GrpcClientProtocolClient (GrpcClientProtocolClient.java:onNext(255)) - client-090605BECF39->3a14c1ba-d90f-4e55-9b74-34a12c0cf08b: receive RaftClientReply:client-090605BECF39->3a14c1ba-d90f-4e55-9b74-34a12c0cf08b@group-7922B4F3146A, cid=45, FAILED org.apache.ratis.protocol.NotLeaderException: Server 3a14c1ba-d90f-4e55-9b74-34a12c0cf08b is not the leader (4d1e0fe6-60fd-4907-9842-f352edb6fbc8:192.168.34.57:43840). Request must be sent to leader., logIndex=0, commits[3a14c1ba-d90f-4e55-9b74-34a12c0cf08b:c8, 9b1b75a9-c857-4b9a-9bce-dd664e78af57:c8, 4d1e0fe6-60fd-4907-9842-f352edb6fbc8:c8]
2019-08-24 00:22:26,132 | INFO  | SCMAudit | user=jenkins1000 | ip=192.168.34.57 | op=SEND_HEARTBEAT {datanodeUUID=a2fab492-56f3-43b8-af5f-239f4e38d11d, command=[]} | ret=SUCCESS |  
2019-08-24 00:22:26,345 | INFO  | SCMAudit | user=jenkins1000 | ip=192.168.34.57 | op=SEND_HEARTBEAT {datanodeUUID=44c7f39a-9454-4511-9eaf-9b72a4aa6bb9, command=[]} | ret=SUCCESS |  
2019-08-24 00:22:26,520 | INFO  | SCMAudit | user=jenkins1000 | ip=192.168.34.57 | op=SEND_HEARTBEAT {datanodeUUID=6f3ac5a3-43f3-4ed6-928d-1c9df2f8e2aa, command=[]} | ret=SUCCESS |  
2019-08-24 00:22:26,847 | INFO  | SCMAudit | user=jenkins1000 | ip=192.168.34.57 | op=SEND_HEARTBEAT {datanodeUUID=9b1b75a9-c857-4b9a-9bce-dd664e78af57, command=[]} | ret=SUCCESS |  
2019-08-24 00:22:26,864 | INFO  | SCMAudit | user=jenkins1000 | ip=192.168.34.57 | op=SEND_HEARTBEAT {datanodeUUID=4d1e0fe6-60fd-4907-9842-f352edb6fbc8, command=[]} | ret=SUCCESS |  
2019-08-24 00:22:26,874 | INFO  | SCMAudit | user=jenkins1000 | ip=192.168.34.57 | op=SEND_HEARTBEAT {datanodeUUID=3a14c1ba-d90f-4e55-9b74-34a12c0cf08b, command=[]} | ret=SUCCESS |  
2019-08-24 00:22:26,893 | INFO  | SCMAudit | user=jenkins1000 | ip=192.168.34.57 | op=SEND_HEARTBEAT {datanodeUUID=5da42abd-867e-47ba-b805-7d971175ab74, command=[]} | ret=SUCCESS |  
2019-08-24 00:22:27,133 | INFO  | SCMAudit | user=jenkins1000 | ip=192.168.34.57 | op=SEND_HEARTBEAT {datanodeUUID=a2fab492-56f3-43b8-af5f-239f4e38d11d, command=[]} | ret=SUCCESS |  
2019-08-24 00:22:27,346 | INFO  | SCMAudit | user=jenkins1000 | ip=192.168.34.57 | op=SEND_HEARTBEAT {datanodeUUID=44c7f39a-9454-4511-9eaf-9b72a4aa6bb9, command=[]} | ret=SUCCESS |  
2019-08-24 00:22:27,520 | INFO  | SCMAudit | user=jenkins1000 | ip=192.168.34.57 | op=SEND_HEARTBEAT {datanodeUUID=6f3ac5a3-43f3-4ed6-928d-1c9df2f8e2aa, command=[]} | ret=SUCCESS |  
2019-08-24 00:22:27,848 | INFO  | SCMAudit | user=jenkins1000 | ip=192.168.34.57 | op=SEND_HEARTBEAT {datanodeUUID=9b1b75a9-c857-4b9a-9bce-dd664e78af57, command=[]} | ret=SUCCESS |  
2019-08-24 00:22:27,865 | INFO  | SCMAudit | user=jenkins1000 | ip=192.168.34.57 | op=SEND_HEARTBEAT {datanodeUUID=4d1e0fe6-60fd-4907-9842-f352edb6fbc8, command=[]} | ret=SUCCESS |  
2019-08-24 00:22:27,874 | INFO  | SCMAudit | user=jenkins1000 | ip=192.168.34.57 | op=SEND_HEARTBEAT {datanodeUUID=3a14c1ba-d90f-4e55-9b74-34a12c0cf08b, command=[]} | ret=SUCCESS |  
2019-08-24 00:22:27,894 | INFO  | SCMAudit | user=jenkins1000 | ip=192.168.34.57 | op=SEND_HEARTBEAT {datanodeUUID=5da42abd-867e-47ba-b805-7d971175ab74, command=[]} | ret=SUCCESS |  
2019-08-24 00:22:28,133 | INFO  | SCMAudit | user=jenkins1000 | ip=192.168.34.57 | op=SEND_HEARTBEAT {datanodeUUID=a2fab492-56f3-43b8-af5f-239f4e38d11d, command=[]} | ret=SUCCESS |  
2019-08-24 00:22:28,346 | INFO  | SCMAudit | user=jenkins1000 | ip=192.168.34.57 | op=SEND_HEARTBEAT {datanodeUUID=44c7f39a-9454-4511-9eaf-9b72a4aa6bb9, command=[]} | ret=SUCCESS |  
2019-08-24 00:22:28,521 | INFO  | SCMAudit | user=jenkins1000 | ip=192.168.34.57 | op=SEND_HEARTBEAT {datanodeUUID=6f3ac5a3-43f3-4ed6-928d-1c9df2f8e2aa, command=[]} | ret=SUCCESS |  
2019-08-24 00:22:28,847 | INFO  | SCMAudit | user=jenkins1000 | ip=192.168.34.57 | op=SEND_HEARTBEAT {datanodeUUID=9b1b75a9-c857-4b9a-9bce-dd664e78af57, command=[]} | ret=SUCCESS |  
2019-08-24 00:22:28,865 | INFO  | SCMAudit | user=jenkins1000 | ip=192.168.34.57 | op=SEND_HEARTBEAT {datanodeUUID=4d1e0fe6-60fd-4907-9842-f352edb6fbc8, command=[]} | ret=SUCCESS |  
2019-08-24 00:22:28,874 | INFO  | SCMAudit | user=jenkins1000 | ip=192.168.34.57 | op=SEND_HEARTBEAT {datanodeUUID=3a14c1ba-d90f-4e55-9b74-34a12c0cf08b, command=[]} | ret=SUCCESS |  
2019-08-24 00:22:28,894 | INFO  | SCMAudit | user=jenkins1000 | ip=192.168.34.57 | op=SEND_HEARTBEAT {datanodeUUID=5da42abd-867e-47ba-b805-7d971175ab74, command=[]} | ret=SUCCESS |  
2019-08-24 00:22:29,133 | INFO  | SCMAudit | user=jenkins1000 | ip=192.168.34.57 | op=SEND_HEARTBEAT {datanodeUUID=a2fab492-56f3-43b8-af5f-239f4e38d11d, command=[]} | ret=SUCCESS |  
2019-08-24 00:22:29,346 | INFO  | SCMAudit | user=jenkins1000 | ip=192.168.34.57 | op=SEND_HEARTBEAT {datanodeUUID=44c7f39a-9454-4511-9eaf-9b72a4aa6bb9, command=[]} | ret=SUCCESS |  
2019-08-24 00:22:29,520 | INFO  | SCMAudit | user=jenkins1000 | ip=192.168.34.57 | op=SEND_HEARTBEAT {datanodeUUID=6f3ac5a3-43f3-4ed6-928d-1c9df2f8e2aa, command=[]} | ret=SUCCESS |  
2019-08-24 00:22:29,847 | INFO  | SCMAudit | user=jenkins1000 | ip=192.168.34.57 | op=SEND_HEARTBEAT {datanodeUUID=9b1b75a9-c857-4b9a-9bce-dd664e78af57, command=[]} | ret=SUCCESS |  
2019-08-24 00:22:29,865 | INFO  | SCMAudit | user=jenkins1000 | ip=192.168.34.57 | op=SEND_HEARTBEAT {datanodeUUID=4d1e0fe6-60fd-4907-9842-f352edb6fbc8, command=[]} | ret=SUCCESS |  
2019-08-24 00:22:29,875 | INFO  | SCMAudit | user=jenkins1000 | ip=192.168.34.57 | op=SEND_HEARTBEAT {datanodeUUID=3a14c1ba-d90f-4e55-9b74-34a12c0cf08b, command=[]} | ret=SUCCESS |  
2019-08-24 00:22:29,894 | INFO  | SCMAudit | user=jenkins1000 | ip=192.168.34.57 | op=SEND_HEARTBEAT {datanodeUUID=5da42abd-867e-47ba-b805-7d971175ab74, command=[]} | ret=SUCCESS |  
2019-08-24 00:22:30,132 | INFO  | SCMAudit | user=jenkins1000 | ip=192.168.34.57 | op=SEND_HEARTBEAT {datanodeUUID=a2fab492-56f3-43b8-af5f-239f4e38d11d, command=[]} | ret=SUCCESS |  
2019-08-24 00:22:30,347 | INFO  | SCMAudit | user=jenkins1000 | ip=192.168.34.57 | op=SEND_HEARTBEAT {datanodeUUID=44c7f39a-9454-4511-9eaf-9b72a4aa6bb9, command=[]} | ret=SUCCESS |  
2019-08-24 00:22:30,520 | INFO  | SCMAudit | user=jenkins1000 | ip=192.168.34.57 | op=SEND_HEARTBEAT {datanodeUUID=6f3ac5a3-43f3-4ed6-928d-1c9df2f8e2aa, command=[]} | ret=SUCCESS |  
2019-08-24 00:22:30,848 | INFO  | SCMAudit | user=jenkins1000 | ip=192.168.34.57 | op=SEND_HEARTBEAT {datanodeUUID=9b1b75a9-c857-4b9a-9bce-dd664e78af57, command=[]} | ret=SUCCESS |  
2019-08-24 00:22:30,865 | INFO  | SCMAudit | user=jenkins1000 | ip=192.168.34.57 | op=SEND_HEARTBEAT {datanodeUUID=4d1e0fe6-60fd-4907-9842-f352edb6fbc8, command=[]} | ret=SUCCESS |  
2019-08-24 00:22:30,875 | INFO  | SCMAudit | user=jenkins1000 | ip=192.168.34.57 | op=SEND_HEARTBEAT {datanodeUUID=3a14c1ba-d90f-4e55-9b74-34a12c0cf08b, command=[]} | ret=SUCCESS |  
2019-08-24 00:22:30,894 | INFO  | SCMAudit | user=jenkins1000 | ip=192.168.34.57 | op=SEND_HEARTBEAT {datanodeUUID=5da42abd-867e-47ba-b805-7d971175ab74, command=[]} | ret=SUCCESS |  
2019-08-24 00:22:30,942 [grpc-default-executor-4] INFO  client.GrpcClientProtocolClient (GrpcClientProtocolClient.java:onNext(255)) - client-090605BECF39->9b1b75a9-c857-4b9a-9bce-dd664e78af57: receive RaftClientReply:client-090605BECF39->9b1b75a9-c857-4b9a-9bce-dd664e78af57@group-7922B4F3146A, cid=45, FAILED org.apache.ratis.protocol.NotLeaderException: Server 9b1b75a9-c857-4b9a-9bce-dd664e78af57 is not the leader (4d1e0fe6-60fd-4907-9842-f352edb6fbc8:192.168.34.57:43840). Request must be sent to leader., logIndex=0, commits[9b1b75a9-c857-4b9a-9bce-dd664e78af57:c8, 3a14c1ba-d90f-4e55-9b74-34a12c0cf08b:c8, 4d1e0fe6-60fd-4907-9842-f352edb6fbc8:c8]
2019-08-24 00:22:31,133 | INFO  | SCMAudit | user=jenkins1000 | ip=192.168.34.57 | op=SEND_HEARTBEAT {datanodeUUID=a2fab492-56f3-43b8-af5f-239f4e38d11d, command=[]} | ret=SUCCESS |  
2019-08-24 00:22:31,347 | INFO  | SCMAudit | user=jenkins1000 | ip=192.168.34.57 | op=SEND_HEARTBEAT {datanodeUUID=44c7f39a-9454-4511-9eaf-9b72a4aa6bb9, command=[]} | ret=SUCCESS |  
2019-08-24 00:22:31,521 | INFO  | SCMAudit | user=jenkins1000 | ip=192.168.34.57 | op=SEND_HEARTBEAT {datanodeUUID=6f3ac5a3-43f3-4ed6-928d-1c9df2f8e2aa, command=[]} | ret=SUCCESS |  
2019-08-24 00:22:31,847 | INFO  | SCMAudit | user=jenkins1000 | ip=192.168.34.57 | op=SEND_HEARTBEAT {datanodeUUID=9b1b75a9-c857-4b9a-9bce-dd664e78af57, command=[]} | ret=SUCCESS |  
2019-08-24 00:22:31,866 | INFO  | SCMAudit | user=jenkins1000 | ip=192.168.34.57 | op=SEND_HEARTBEAT {datanodeUUID=4d1e0fe6-60fd-4907-9842-f352edb6fbc8, command=[]} | ret=SUCCESS |  
2019-08-24 00:22:31,875 | INFO  | SCMAudit | user=jenkins1000 | ip=192.168.34.57 | op=SEND_HEARTBEAT {datanodeUUID=3a14c1ba-d90f-4e55-9b74-34a12c0cf08b, command=[]} | ret=SUCCESS |  
2019-08-24 00:22:31,894 | INFO  | SCMAudit | user=jenkins1000 | ip=192.168.34.57 | op=SEND_HEARTBEAT {datanodeUUID=5da42abd-867e-47ba-b805-7d971175ab74, command=[]} | ret=SUCCESS |  
2019-08-24 00:22:32,133 | INFO  | SCMAudit | user=jenkins1000 | ip=192.168.34.57 | op=SEND_HEARTBEAT {datanodeUUID=a2fab492-56f3-43b8-af5f-239f4e38d11d, command=[]} | ret=SUCCESS |  
2019-08-24 00:22:32,347 | INFO  | SCMAudit | user=jenkins1000 | ip=192.168.34.57 | op=SEND_HEARTBEAT {datanodeUUID=44c7f39a-9454-4511-9eaf-9b72a4aa6bb9, command=[]} | ret=SUCCESS |  
2019-08-24 00:22:32,520 | INFO  | SCMAudit | user=jenkins1000 | ip=192.168.34.57 | op=SEND_HEARTBEAT {datanodeUUID=6f3ac5a3-43f3-4ed6-928d-1c9df2f8e2aa, command=[]} | ret=SUCCESS |  
2019-08-24 00:22:32,848 | INFO  | SCMAudit | user=jenkins1000 | ip=192.168.34.57 | op=SEND_HEARTBEAT {datanodeUUID=9b1b75a9-c857-4b9a-9bce-dd664e78af57, command=[]} | ret=SUCCESS |  
2019-08-24 00:22:32,865 | INFO  | SCMAudit | user=jenkins1000 | ip=192.168.34.57 | op=SEND_HEARTBEAT {datanodeUUID=4d1e0fe6-60fd-4907-9842-f352edb6fbc8, command=[]} | ret=SUCCESS |  
2019-08-24 00:22:32,876 | INFO  | SCMAudit | user=jenkins1000 | ip=192.168.34.57 | op=SEND_HEARTBEAT {datanodeUUID=3a14c1ba-d90f-4e55-9b74-34a12c0cf08b, command=[]} | ret=SUCCESS |  
2019-08-24 00:22:32,894 | INFO  | SCMAudit | user=jenkins1000 | ip=192.168.34.57 | op=SEND_HEARTBEAT {datanodeUUID=5da42abd-867e-47ba-b805-7d971175ab74, command=[]} | ret=SUCCESS |  
2019-08-24 00:22:33,134 | INFO  | SCMAudit | user=jenkins1000 | ip=192.168.34.57 | op=SEND_HEARTBEAT {datanodeUUID=a2fab492-56f3-43b8-af5f-239f4e38d11d, command=[]} | ret=SUCCESS |  
2019-08-24 00:22:33,348 | INFO  | SCMAudit | user=jenkins1000 | ip=192.168.34.57 | op=SEND_HEARTBEAT {datanodeUUID=44c7f39a-9454-4511-9eaf-9b72a4aa6bb9, command=[]} | ret=SUCCESS |  
2019-08-24 00:22:33,521 | INFO  | SCMAudit | user=jenkins1000 | ip=192.168.34.57 | op=SEND_HEARTBEAT {datanodeUUID=6f3ac5a3-43f3-4ed6-928d-1c9df2f8e2aa, command=[]} | ret=SUCCESS |  
2019-08-24 00:22:33,848 | INFO  | SCMAudit | user=jenkins1000 | ip=192.168.34.57 | op=SEND_HEARTBEAT {datanodeUUID=9b1b75a9-c857-4b9a-9bce-dd664e78af57, command=[]} | ret=SUCCESS |  
2019-08-24 00:22:33,865 | INFO  | SCMAudit | user=jenkins1000 | ip=192.168.34.57 | op=SEND_HEARTBEAT {datanodeUUID=4d1e0fe6-60fd-4907-9842-f352edb6fbc8, command=[]} | ret=SUCCESS |  
2019-08-24 00:22:33,876 | INFO  | SCMAudit | user=jenkins1000 | ip=192.168.34.57 | op=SEND_HEARTBEAT {datanodeUUID=3a14c1ba-d90f-4e55-9b74-34a12c0cf08b, command=[]} | ret=SUCCESS |  
2019-08-24 00:22:33,895 | INFO  | SCMAudit | user=jenkins1000 | ip=192.168.34.57 | op=SEND_HEARTBEAT {datanodeUUID=5da42abd-867e-47ba-b805-7d971175ab74, command=[]} | ret=SUCCESS |  
2019-08-24 00:22:34,133 | INFO  | SCMAudit | user=jenkins1000 | ip=192.168.34.57 | op=SEND_HEARTBEAT {datanodeUUID=a2fab492-56f3-43b8-af5f-239f4e38d11d, command=[]} | ret=SUCCESS |  
2019-08-24 00:22:34,347 | INFO  | SCMAudit | user=jenkins1000 | ip=192.168.34.57 | op=SEND_HEARTBEAT {datanodeUUID=44c7f39a-9454-4511-9eaf-9b72a4aa6bb9, command=[]} | ret=SUCCESS |  
2019-08-24 00:22:34,521 | INFO  | SCMAudit | user=jenkins1000 | ip=192.168.34.57 | op=SEND_HEARTBEAT {datanodeUUID=6f3ac5a3-43f3-4ed6-928d-1c9df2f8e2aa, command=[]} | ret=SUCCESS |  
2019-08-24 00:22:34,847 | INFO  | SCMAudit | user=jenkins1000 | ip=192.168.34.57 | op=SEND_HEARTBEAT {datanodeUUID=9b1b75a9-c857-4b9a-9bce-dd664e78af57, command=[]} | ret=SUCCESS |  
2019-08-24 00:22:34,865 | INFO  | SCMAudit | user=jenkins1000 | ip=192.168.34.57 | op=SEND_HEARTBEAT {datanodeUUID=4d1e0fe6-60fd-4907-9842-f352edb6fbc8, command=[]} | ret=SUCCESS |  
2019-08-24 00:22:34,876 | INFO  | SCMAudit | user=jenkins1000 | ip=192.168.34.57 | op=SEND_HEARTBEAT {datanodeUUID=3a14c1ba-d90f-4e55-9b74-34a12c0cf08b, command=[]} | ret=SUCCESS |  
2019-08-24 00:22:34,894 | INFO  | SCMAudit | user=jenkins1000 | ip=192.168.34.57 | op=SEND_HEARTBEAT {datanodeUUID=5da42abd-867e-47ba-b805-7d971175ab74, command=[]} | ret=SUCCESS |  
2019-08-24 00:22:35,134 | INFO  | SCMAudit | user=jenkins1000 | ip=192.168.34.57 | op=SEND_HEARTBEAT {datanodeUUID=a2fab492-56f3-43b8-af5f-239f4e38d11d, command=[]} | ret=SUCCESS |  
2019-08-24 00:22:35,348 | INFO  | SCMAudit | user=jenkins1000 | ip=192.168.34.57 | op=SEND_HEARTBEAT {datanodeUUID=44c7f39a-9454-4511-9eaf-9b72a4aa6bb9, command=[]} | ret=SUCCESS |  
2019-08-24 00:22:35,520 | INFO  | SCMAudit | user=jenkins1000 | ip=192.168.34.57 | op=SEND_HEARTBEAT {datanodeUUID=6f3ac5a3-43f3-4ed6-928d-1c9df2f8e2aa, command=[]} | ret=SUCCESS |  
2019-08-24 00:22:35,848 | INFO  | SCMAudit | user=jenkins1000 | ip=192.168.34.57 | op=SEND_HEARTBEAT {datanodeUUID=9b1b75a9-c857-4b9a-9bce-dd664e78af57, command=[]} | ret=SUCCESS |  
2019-08-24 00:22:35,865 | INFO  | SCMAudit | user=jenkins1000 | ip=192.168.34.57 | op=SEND_HEARTBEAT {datanodeUUID=4d1e0fe6-60fd-4907-9842-f352edb6fbc8, command=[]} | ret=SUCCESS |  
2019-08-24 00:22:35,876 | INFO  | SCMAudit | user=jenkins1000 | ip=192.168.34.57 | op=SEND_HEARTBEAT {datanodeUUID=3a14c1ba-d90f-4e55-9b74-34a12c0cf08b, command=[]} | ret=SUCCESS |  
2019-08-24 00:22:35,894 | INFO  | SCMAudit | user=jenkins1000 | ip=192.168.34.57 | op=SEND_HEARTBEAT {datanodeUUID=5da42abd-867e-47ba-b805-7d971175ab74, command=[]} | ret=SUCCESS |  
2019-08-24 00:22:35,988 [grpc-default-executor-6] INFO  client.GrpcClientProtocolClient (GrpcClientProtocolClient.java:onNext(255)) - client-090605BECF39->3a14c1ba-d90f-4e55-9b74-34a12c0cf08b: receive RaftClientReply:client-090605BECF39->3a14c1ba-d90f-4e55-9b74-34a12c0cf08b@group-7922B4F3146A, cid=45, FAILED org.apache.ratis.protocol.NotLeaderException: Server 3a14c1ba-d90f-4e55-9b74-34a12c0cf08b is not the leader (4d1e0fe6-60fd-4907-9842-f352edb6fbc8:192.168.34.57:43840). Request must be sent to leader., logIndex=0, commits[3a14c1ba-d90f-4e55-9b74-34a12c0cf08b:c8, 9b1b75a9-c857-4b9a-9bce-dd664e78af57:c8, 4d1e0fe6-60fd-4907-9842-f352edb6fbc8:c8]
2019-08-24 00:22:36,133 | INFO  | SCMAudit | user=jenkins1000 | ip=192.168.34.57 | op=SEND_HEARTBEAT {datanodeUUID=a2fab492-56f3-43b8-af5f-239f4e38d11d, command=[]} | ret=SUCCESS |  
2019-08-24 00:22:36,348 | INFO  | SCMAudit | user=jenkins1000 | ip=192.168.34.57 | op=SEND_HEARTBEAT {datanodeUUID=44c7f39a-9454-4511-9eaf-9b72a4aa6bb9, command=[]} | ret=SUCCESS |  
2019-08-24 00:22:36,520 | INFO  | SCMAudit | user=jenkins1000 | ip=192.168.34.57 | op=SEND_HEARTBEAT {datanodeUUID=6f3ac5a3-43f3-4ed6-928d-1c9df2f8e2aa, command=[]} | ret=SUCCESS |  
2019-08-24 00:22:36,847 | INFO  | SCMAudit | user=jenkins1000 | ip=192.168.34.57 | op=SEND_HEARTBEAT {datanodeUUID=9b1b75a9-c857-4b9a-9bce-dd664e78af57, command=[]} | ret=SUCCESS |  
2019-08-24 00:22:36,865 | INFO  | SCMAudit | user=jenkins1000 | ip=192.168.34.57 | op=SEND_HEARTBEAT {datanodeUUID=4d1e0fe6-60fd-4907-9842-f352edb6fbc8, command=[]} | ret=SUCCESS |  
2019-08-24 00:22:36,875 | INFO  | SCMAudit | user=jenkins1000 | ip=192.168.34.57 | op=SEND_HEARTBEAT {datanodeUUID=3a14c1ba-d90f-4e55-9b74-34a12c0cf08b, command=[]} | ret=SUCCESS |  
2019-08-24 00:22:36,895 | INFO  | SCMAudit | user=jenkins1000 | ip=192.168.34.57 | op=SEND_HEARTBEAT {datanodeUUID=5da42abd-867e-47ba-b805-7d971175ab74, command=[]} | ret=SUCCESS |  
2019-08-24 00:22:37,134 | INFO  | SCMAudit | user=jenkins1000 | ip=192.168.34.57 | op=SEND_HEARTBEAT {datanodeUUID=a2fab492-56f3-43b8-af5f-239f4e38d11d, command=[]} | ret=SUCCESS |  
2019-08-24 00:22:37,348 | INFO  | SCMAudit | user=jenkins1000 | ip=192.168.34.57 | op=SEND_HEARTBEAT {datanodeUUID=44c7f39a-9454-4511-9eaf-9b72a4aa6bb9, command=[]} | ret=SUCCESS |  
2019-08-24 00:22:37,521 | INFO  | SCMAudit | user=jenkins1000 | ip=192.168.34.57 | op=SEND_HEARTBEAT {datanodeUUID=6f3ac5a3-43f3-4ed6-928d-1c9df2f8e2aa, command=[]} | ret=SUCCESS |  
2019-08-24 00:22:37,847 | INFO  | SCMAudit | user=jenkins1000 | ip=192.168.34.57 | op=SEND_HEARTBEAT {datanodeUUID=9b1b75a9-c857-4b9a-9bce-dd664e78af57, command=[]} | ret=SUCCESS |  
2019-08-24 00:22:37,865 | INFO  | SCMAudit | user=jenkins1000 | ip=192.168.34.57 | op=SEND_HEARTBEAT {datanodeUUID=4d1e0fe6-60fd-4907-9842-f352edb6fbc8, command=[]} | ret=SUCCESS |  
2019-08-24 00:22:37,876 | INFO  | SCMAudit | user=jenkins1000 | ip=192.168.34.57 | op=SEND_HEARTBEAT {datanodeUUID=3a14c1ba-d90f-4e55-9b74-34a12c0cf08b, command=[]} | ret=SUCCESS |  
2019-08-24 00:22:37,895 | INFO  | SCMAudit | user=jenkins1000 | ip=192.168.34.57 | op=SEND_HEARTBEAT {datanodeUUID=5da42abd-867e-47ba-b805-7d971175ab74, command=[]} | ret=SUCCESS |  
2019-08-24 00:22:38,133 | INFO  | SCMAudit | user=jenkins1000 | ip=192.168.34.57 | op=SEND_HEARTBEAT {datanodeUUID=a2fab492-56f3-43b8-af5f-239f4e38d11d, command=[]} | ret=SUCCESS |  
2019-08-24 00:22:38,349 | INFO  | SCMAudit | user=jenkins1000 | ip=192.168.34.57 | op=SEND_HEARTBEAT {datanodeUUID=44c7f39a-9454-4511-9eaf-9b72a4aa6bb9, command=[]} | ret=SUCCESS |  
2019-08-24 00:22:38,520 | INFO  | SCMAudit | user=jenkins1000 | ip=192.168.34.57 | op=SEND_HEARTBEAT {datanodeUUID=6f3ac5a3-43f3-4ed6-928d-1c9df2f8e2aa, command=[]} | ret=SUCCESS |  
2019-08-24 00:22:38,848 | INFO  | SCMAudit | user=jenkins1000 | ip=192.168.34.57 | op=SEND_HEARTBEAT {datanodeUUID=9b1b75a9-c857-4b9a-9bce-dd664e78af57, command=[]} | ret=SUCCESS |  
2019-08-24 00:22:38,865 | INFO  | SCMAudit | user=jenkins1000 | ip=192.168.34.57 | op=SEND_HEARTBEAT {datanodeUUID=4d1e0fe6-60fd-4907-9842-f352edb6fbc8, command=[]} | ret=SUCCESS |  
2019-08-24 00:22:38,876 | INFO  | SCMAudit | user=jenkins1000 | ip=192.168.34.57 | op=SEND_HEARTBEAT {datanodeUUID=3a14c1ba-d90f-4e55-9b74-34a12c0cf08b, command=[]} | ret=SUCCESS |  
2019-08-24 00:22:38,896 | INFO  | SCMAudit | user=jenkins1000 | ip=192.168.34.57 | op=SEND_HEARTBEAT {datanodeUUID=5da42abd-867e-47ba-b805-7d971175ab74, command=[]} | ret=SUCCESS |  
2019-08-24 00:22:39,133 | INFO  | SCMAudit | user=jenkins1000 | ip=192.168.34.57 | op=SEND_HEARTBEAT {datanodeUUID=a2fab492-56f3-43b8-af5f-239f4e38d11d, command=[]} | ret=SUCCESS |  
2019-08-24 00:22:39,349 | INFO  | SCMAudit | user=jenkins1000 | ip=192.168.34.57 | op=SEND_HEARTBEAT {datanodeUUID=44c7f39a-9454-4511-9eaf-9b72a4aa6bb9, command=[]} | ret=SUCCESS |  
2019-08-24 00:22:39,521 | INFO  | SCMAudit | user=jenkins1000 | ip=192.168.34.57 | op=SEND_HEARTBEAT {datanodeUUID=6f3ac5a3-43f3-4ed6-928d-1c9df2f8e2aa, command=[]} | ret=SUCCESS |  
2019-08-24 00:22:39,847 | INFO  | SCMAudit | user=jenkins1000 | ip=192.168.34.57 | op=SEND_HEARTBEAT {datanodeUUID=9b1b75a9-c857-4b9a-9bce-dd664e78af57, command=[]} | ret=SUCCESS |  
2019-08-24 00:22:39,865 | INFO  | SCMAudit | user=jenkins1000 | ip=192.168.34.57 | op=SEND_HEARTBEAT {datanodeUUID=4d1e0fe6-60fd-4907-9842-f352edb6fbc8, command=[]} | ret=SUCCESS |  
2019-08-24 00:22:39,876 | INFO  | SCMAudit | user=jenkins1000 | ip=192.168.34.57 | op=SEND_HEARTBEAT {datanodeUUID=3a14c1ba-d90f-4e55-9b74-34a12c0cf08b, command=[]} | ret=SUCCESS |  
2019-08-24 00:22:39,896 | INFO  | SCMAudit | user=jenkins1000 | ip=192.168.34.57 | op=SEND_HEARTBEAT {datanodeUUID=5da42abd-867e-47ba-b805-7d971175ab74, command=[]} | ret=SUCCESS |  
2019-08-24 00:22:40,133 | INFO  | SCMAudit | user=jenkins1000 | ip=192.168.34.57 | op=SEND_HEARTBEAT {datanodeUUID=a2fab492-56f3-43b8-af5f-239f4e38d11d, command=[]} | ret=SUCCESS |  
2019-08-24 00:22:40,348 | INFO  | SCMAudit | user=jenkins1000 | ip=192.168.34.57 | op=SEND_HEARTBEAT {datanodeUUID=44c7f39a-9454-4511-9eaf-9b72a4aa6bb9, command=[]} | ret=SUCCESS |  
2019-08-24 00:22:40,521 | INFO  | SCMAudit | user=jenkins1000 | ip=192.168.34.57 | op=SEND_HEARTBEAT {datanodeUUID=6f3ac5a3-43f3-4ed6-928d-1c9df2f8e2aa, command=[]} | ret=SUCCESS |  
2019-08-24 00:22:40,847 | INFO  | SCMAudit | user=jenkins1000 | ip=192.168.34.57 | op=SEND_HEARTBEAT {datanodeUUID=9b1b75a9-c857-4b9a-9bce-dd664e78af57, command=[]} | ret=SUCCESS |  
2019-08-24 00:22:40,865 | INFO  | SCMAudit | user=jenkins1000 | ip=192.168.34.57 | op=SEND_HEARTBEAT {datanodeUUID=4d1e0fe6-60fd-4907-9842-f352edb6fbc8, command=[]} | ret=SUCCESS |  
2019-08-24 00:22:40,877 | INFO  | SCMAudit | user=jenkins1000 | ip=192.168.34.57 | op=SEND_HEARTBEAT {datanodeUUID=3a14c1ba-d90f-4e55-9b74-34a12c0cf08b, command=[]} | ret=SUCCESS |  
2019-08-24 00:22:40,896 | INFO  | SCMAudit | user=jenkins1000 | ip=192.168.34.57 | op=SEND_HEARTBEAT {datanodeUUID=5da42abd-867e-47ba-b805-7d971175ab74, command=[]} | ret=SUCCESS |  
2019-08-24 00:22:41,033 [grpc-default-executor-6] INFO  client.GrpcClientProtocolClient (GrpcClientProtocolClient.java:onNext(255)) - client-090605BECF39->9b1b75a9-c857-4b9a-9bce-dd664e78af57: receive RaftClientReply:client-090605BECF39->9b1b75a9-c857-4b9a-9bce-dd664e78af57@group-7922B4F3146A, cid=45, FAILED org.apache.ratis.protocol.NotLeaderException: Server 9b1b75a9-c857-4b9a-9bce-dd664e78af57 is not the leader (4d1e0fe6-60fd-4907-9842-f352edb6fbc8:192.168.34.57:43840). Request must be sent to leader., logIndex=0, commits[9b1b75a9-c857-4b9a-9bce-dd664e78af57:c8, 3a14c1ba-d90f-4e55-9b74-34a12c0cf08b:c8, 4d1e0fe6-60fd-4907-9842-f352edb6fbc8:c8]
2019-08-24 00:22:41,134 | INFO  | SCMAudit | user=jenkins1000 | ip=192.168.34.57 | op=SEND_HEARTBEAT {datanodeUUID=a2fab492-56f3-43b8-af5f-239f4e38d11d, command=[]} | ret=SUCCESS |  
2019-08-24 00:22:41,349 | INFO  | SCMAudit | user=jenkins1000 | ip=192.168.34.57 | op=SEND_HEARTBEAT {datanodeUUID=44c7f39a-9454-4511-9eaf-9b72a4aa6bb9, command=[]} | ret=SUCCESS |  
2019-08-24 00:22:41,520 | INFO  | SCMAudit | user=jenkins1000 | ip=192.168.34.57 | op=SEND_HEARTBEAT {datanodeUUID=6f3ac5a3-43f3-4ed6-928d-1c9df2f8e2aa, command=[]} | ret=SUCCESS |  
2019-08-24 00:22:41,848 | INFO  | SCMAudit | user=jenkins1000 | ip=192.168.34.57 | op=SEND_HEARTBEAT {datanodeUUID=9b1b75a9-c857-4b9a-9bce-dd664e78af57, command=[]} | ret=SUCCESS |  
2019-08-24 00:22:41,865 | INFO  | SCMAudit | user=jenkins1000 | ip=192.168.34.57 | op=SEND_HEARTBEAT {datanodeUUID=4d1e0fe6-60fd-4907-9842-f352edb6fbc8, command=[]} | ret=SUCCESS |  
2019-08-24 00:22:41,876 | INFO  | SCMAudit | user=jenkins1000 | ip=192.168.34.57 | op=SEND_HEARTBEAT {datanodeUUID=3a14c1ba-d90f-4e55-9b74-34a12c0cf08b, command=[]} | ret=SUCCESS |  
2019-08-24 00:22:41,896 | INFO  | SCMAudit | user=jenkins1000 | ip=192.168.34.57 | op=SEND_HEARTBEAT {datanodeUUID=5da42abd-867e-47ba-b805-7d971175ab74, command=[]} | ret=SUCCESS |  
2019-08-24 00:22:42,133 | INFO  | SCMAudit | user=jenkins1000 | ip=192.168.34.57 | op=SEND_HEARTBEAT {datanodeUUID=a2fab492-56f3-43b8-af5f-239f4e38d11d, command=[]} | ret=SUCCESS |  
2019-08-24 00:22:42,349 | INFO  | SCMAudit | user=jenkins1000 | ip=192.168.34.57 | op=SEND_HEARTBEAT {datanodeUUID=44c7f39a-9454-4511-9eaf-9b72a4aa6bb9, command=[]} | ret=SUCCESS |  
2019-08-24 00:22:42,521 | INFO  | SCMAudit | user=jenkins1000 | ip=192.168.34.57 | op=SEND_HEARTBEAT {datanodeUUID=6f3ac5a3-43f3-4ed6-928d-1c9df2f8e2aa, command=[]} | ret=SUCCESS |  
2019-08-24 00:22:42,847 | INFO  | SCMAudit | user=jenkins1000 | ip=192.168.34.57 | op=SEND_HEARTBEAT {datanodeUUID=9b1b75a9-c857-4b9a-9bce-dd664e78af57, command=[]} | ret=SUCCESS |  
2019-08-24 00:22:42,866 | INFO  | SCMAudit | user=jenkins1000 | ip=192.168.34.57 | op=SEND_HEARTBEAT {datanodeUUID=4d1e0fe6-60fd-4907-9842-f352edb6fbc8, command=[]} | ret=SUCCESS |  
2019-08-24 00:22:42,876 | INFO  | SCMAudit | user=jenkins1000 | ip=192.168.34.57 | op=SEND_HEARTBEAT {datanodeUUID=3a14c1ba-d90f-4e55-9b74-34a12c0cf08b, command=[]} | ret=SUCCESS |  
2019-08-24 00:22:42,897 | INFO  | SCMAudit | user=jenkins1000 | ip=192.168.34.57 | op=SEND_HEARTBEAT {datanodeUUID=5da42abd-867e-47ba-b805-7d971175ab74, command=[]} | ret=SUCCESS |  
2019-08-24 00:22:43,133 | INFO  | SCMAudit | user=jenkins1000 | ip=192.168.34.57 | op=SEND_HEARTBEAT {datanodeUUID=a2fab492-56f3-43b8-af5f-239f4e38d11d, command=[]} | ret=SUCCESS |  
2019-08-24 00:22:43,349 | INFO  | SCMAudit | user=jenkins1000 | ip=192.168.34.57 | op=SEND_HEARTBEAT {datanodeUUID=44c7f39a-9454-4511-9eaf-9b72a4aa6bb9, command=[]} | ret=SUCCESS |  
2019-08-24 00:22:43,521 | INFO  | SCMAudit | user=jenkins1000 | ip=192.168.34.57 | op=SEND_HEARTBEAT {datanodeUUID=6f3ac5a3-43f3-4ed6-928d-1c9df2f8e2aa, command=[]} | ret=SUCCESS |  
2019-08-24 00:22:43,848 | INFO  | SCMAudit | user=jenkins1000 | ip=192.168.34.57 | op=SEND_HEARTBEAT {datanodeUUID=9b1b75a9-c857-4b9a-9bce-dd664e78af57, command=[]} | ret=SUCCESS |  
2019-08-24 00:22:43,866 | INFO  | SCMAudit | user=jenkins1000 | ip=192.168.34.57 | op=SEND_HEARTBEAT {datanodeUUID=4d1e0fe6-60fd-4907-9842-f352edb6fbc8, command=[]} | ret=SUCCESS |  
2019-08-24 00:22:43,876 | INFO  | SCMAudit | user=jenkins1000 | ip=192.168.34.57 | op=SEND_HEARTBEAT {datanodeUUID=3a14c1ba-d90f-4e55-9b74-34a12c0cf08b, command=[]} | ret=SUCCESS |  
2019-08-24 00:22:43,898 | INFO  | SCMAudit | user=jenkins1000 | ip=192.168.34.57 | op=SEND_HEARTBEAT {datanodeUUID=5da42abd-867e-47ba-b805-7d971175ab74, command=[]} | ret=SUCCESS |  
2019-08-24 00:22:44,134 | INFO  | SCMAudit | user=jenkins1000 | ip=192.168.34.57 | op=SEND_HEARTBEAT {datanodeUUID=a2fab492-56f3-43b8-af5f-239f4e38d11d, command=[]} | ret=SUCCESS |  
2019-08-24 00:22:44,350 | INFO  | SCMAudit | user=jenkins1000 | ip=192.168.34.57 | op=SEND_HEARTBEAT {datanodeUUID=44c7f39a-9454-4511-9eaf-9b72a4aa6bb9, command=[]} | ret=SUCCESS |  
2019-08-24 00:22:44,521 | INFO  | SCMAudit | user=jenkins1000 | ip=192.168.34.57 | op=SEND_HEARTBEAT {datanodeUUID=6f3ac5a3-43f3-4ed6-928d-1c9df2f8e2aa, command=[]} | ret=SUCCESS |  
2019-08-24 00:22:44,848 | INFO  | SCMAudit | user=jenkins1000 | ip=192.168.34.57 | op=SEND_HEARTBEAT {datanodeUUID=9b1b75a9-c857-4b9a-9bce-dd664e78af57, command=[]} | ret=SUCCESS |  
2019-08-24 00:22:44,865 | INFO  | SCMAudit | user=jenkins1000 | ip=192.168.34.57 | op=SEND_HEARTBEAT {datanodeUUID=4d1e0fe6-60fd-4907-9842-f352edb6fbc8, command=[]} | ret=SUCCESS |  
2019-08-24 00:22:44,877 | INFO  | SCMAudit | user=jenkins1000 | ip=192.168.34.57 | op=SEND_HEARTBEAT {datanodeUUID=3a14c1ba-d90f-4e55-9b74-34a12c0cf08b, command=[]} | ret=SUCCESS |  
2019-08-24 00:22:44,898 | INFO  | SCMAudit | user=jenkins1000 | ip=192.168.34.57 | op=SEND_HEARTBEAT {datanodeUUID=5da42abd-867e-47ba-b805-7d971175ab74, command=[]} | ret=SUCCESS |  
2019-08-24 00:22:45,134 | INFO  | SCMAudit | user=jenkins1000 | ip=192.168.34.57 | op=SEND_HEARTBEAT {datanodeUUID=a2fab492-56f3-43b8-af5f-239f4e38d11d, command=[]} | ret=SUCCESS |  
2019-08-24 00:22:45,349 | INFO  | SCMAudit | user=jenkins1000 | ip=192.168.34.57 | op=SEND_HEARTBEAT {datanodeUUID=44c7f39a-9454-4511-9eaf-9b72a4aa6bb9, command=[]} | ret=SUCCESS |  
2019-08-24 00:22:45,522 | INFO  | SCMAudit | user=jenkins1000 | ip=192.168.34.57 | op=SEND_HEARTBEAT {datanodeUUID=6f3ac5a3-43f3-4ed6-928d-1c9df2f8e2aa, command=[]} | ret=SUCCESS |  
2019-08-24 00:22:45,847 | INFO  | SCMAudit | user=jenkins1000 | ip=192.168.34.57 | op=SEND_HEARTBEAT {datanodeUUID=9b1b75a9-c857-4b9a-9bce-dd664e78af57, command=[]} | ret=SUCCESS |  
2019-08-24 00:22:45,865 | INFO  | SCMAudit | user=jenkins1000 | ip=192.168.34.57 | op=SEND_HEARTBEAT {datanodeUUID=4d1e0fe6-60fd-4907-9842-f352edb6fbc8, command=[]} | ret=SUCCESS |  
2019-08-24 00:22:45,877 | INFO  | SCMAudit | user=jenkins1000 | ip=192.168.34.57 | op=SEND_HEARTBEAT {datanodeUUID=3a14c1ba-d90f-4e55-9b74-34a12c0cf08b, command=[]} | ret=SUCCESS |  
2019-08-24 00:22:45,899 | INFO  | SCMAudit | user=jenkins1000 | ip=192.168.34.57 | op=SEND_HEARTBEAT {datanodeUUID=5da42abd-867e-47ba-b805-7d971175ab74, command=[]} | ret=SUCCESS |  
2019-08-24 00:22:46,089 [grpc-default-executor-6] INFO  client.GrpcClientProtocolClient (GrpcClientProtocolClient.java:onNext(255)) - client-090605BECF39->3a14c1ba-d90f-4e55-9b74-34a12c0cf08b: receive RaftClientReply:client-090605BECF39->3a14c1ba-d90f-4e55-9b74-34a12c0cf08b@group-7922B4F3146A, cid=45, FAILED org.apache.ratis.protocol.NotLeaderException: Server 3a14c1ba-d90f-4e55-9b74-34a12c0cf08b is not the leader (4d1e0fe6-60fd-4907-9842-f352edb6fbc8:192.168.34.57:43840). Request must be sent to leader., logIndex=0, commits[3a14c1ba-d90f-4e55-9b74-34a12c0cf08b:c8, 9b1b75a9-c857-4b9a-9bce-dd664e78af57:c8, 4d1e0fe6-60fd-4907-9842-f352edb6fbc8:c8]
2019-08-24 00:22:46,133 | INFO  | SCMAudit | user=jenkins1000 | ip=192.168.34.57 | op=SEND_HEARTBEAT {datanodeUUID=a2fab492-56f3-43b8-af5f-239f4e38d11d, command=[]} | ret=SUCCESS |  
2019-08-24 00:22:46,350 | INFO  | SCMAudit | user=jenkins1000 | ip=192.168.34.57 | op=SEND_HEARTBEAT {datanodeUUID=44c7f39a-9454-4511-9eaf-9b72a4aa6bb9, command=[]} | ret=SUCCESS |  
2019-08-24 00:22:46,521 | INFO  | SCMAudit | user=jenkins1000 | ip=192.168.34.57 | op=SEND_HEARTBEAT {datanodeUUID=6f3ac5a3-43f3-4ed6-928d-1c9df2f8e2aa, command=[]} | ret=SUCCESS |  
2019-08-24 00:22:46,848 | INFO  | SCMAudit | user=jenkins1000 | ip=192.168.34.57 | op=SEND_HEARTBEAT {datanodeUUID=9b1b75a9-c857-4b9a-9bce-dd664e78af57, command=[]} | ret=SUCCESS |  
2019-08-24 00:22:46,865 | INFO  | SCMAudit | user=jenkins1000 | ip=192.168.34.57 | op=SEND_HEARTBEAT {datanodeUUID=4d1e0fe6-60fd-4907-9842-f352edb6fbc8, command=[]} | ret=SUCCESS |  
2019-08-24 00:22:46,877 | INFO  | SCMAudit | user=jenkins1000 | ip=192.168.34.57 | op=SEND_HEARTBEAT {datanodeUUID=3a14c1ba-d90f-4e55-9b74-34a12c0cf08b, command=[]} | ret=SUCCESS |  
2019-08-24 00:22:46,899 | INFO  | SCMAudit | user=jenkins1000 | ip=192.168.34.57 | op=SEND_HEARTBEAT {datanodeUUID=5da42abd-867e-47ba-b805-7d971175ab74, command=[]} | ret=SUCCESS |  
2019-08-24 00:22:47,134 | INFO  | SCMAudit | user=jenkins1000 | ip=192.168.34.57 | op=SEND_HEARTBEAT {datanodeUUID=a2fab492-56f3-43b8-af5f-239f4e38d11d, command=[]} | ret=SUCCESS |  
2019-08-24 00:22:47,350 | INFO  | SCMAudit | user=jenkins1000 | ip=192.168.34.57 | op=SEND_HEARTBEAT {datanodeUUID=44c7f39a-9454-4511-9eaf-9b72a4aa6bb9, command=[]} | ret=SUCCESS |  
2019-08-24 00:22:47,521 | INFO  | SCMAudit | user=jenkins1000 | ip=192.168.34.57 | op=SEND_HEARTBEAT {datanodeUUID=6f3ac5a3-43f3-4ed6-928d-1c9df2f8e2aa, command=[]} | ret=SUCCESS |  
2019-08-24 00:22:47,847 | INFO  | SCMAudit | user=jenkins1000 | ip=192.168.34.57 | op=SEND_HEARTBEAT {datanodeUUID=9b1b75a9-c857-4b9a-9bce-dd664e78af57, command=[]} | ret=SUCCESS |  
2019-08-24 00:22:47,865 | INFO  | SCMAudit | user=jenkins1000 | ip=192.168.34.57 | op=SEND_HEARTBEAT {datanodeUUID=4d1e0fe6-60fd-4907-9842-f352edb6fbc8, command=[]} | ret=SUCCESS |  
2019-08-24 00:22:47,878 | INFO  | SCMAudit | user=jenkins1000 | ip=192.168.34.57 | op=SEND_HEARTBEAT {datanodeUUID=3a14c1ba-d90f-4e55-9b74-34a12c0cf08b, command=[]} | ret=SUCCESS |  
2019-08-24 00:22:47,899 | INFO  | SCMAudit | user=jenkins1000 | ip=192.168.34.57 | op=SEND_HEARTBEAT {datanodeUUID=5da42abd-867e-47ba-b805-7d971175ab74, command=[]} | ret=SUCCESS |  
2019-08-24 00:22:48,133 | INFO  | SCMAudit | user=jenkins1000 | ip=192.168.34.57 | op=SEND_HEARTBEAT {datanodeUUID=a2fab492-56f3-43b8-af5f-239f4e38d11d, command=[]} | ret=SUCCESS |  
2019-08-24 00:22:48,349 | INFO  | SCMAudit | user=jenkins1000 | ip=192.168.34.57 | op=SEND_HEARTBEAT {datanodeUUID=44c7f39a-9454-4511-9eaf-9b72a4aa6bb9, command=[]} | ret=SUCCESS |  
2019-08-24 00:22:48,522 | INFO  | SCMAudit | user=jenkins1000 | ip=192.168.34.57 | op=SEND_HEARTBEAT {datanodeUUID=6f3ac5a3-43f3-4ed6-928d-1c9df2f8e2aa, command=[]} | ret=SUCCESS |  
2019-08-24 00:22:48,848 | INFO  | SCMAudit | user=jenkins1000 | ip=192.168.34.57 | op=SEND_HEARTBEAT {datanodeUUID=9b1b75a9-c857-4b9a-9bce-dd664e78af57, command=[]} | ret=SUCCESS |  
2019-08-24 00:22:48,865 | INFO  | SCMAudit | user=jenkins1000 | ip=192.168.34.57 | op=SEND_HEARTBEAT {datanodeUUID=4d1e0fe6-60fd-4907-9842-f352edb6fbc8, command=[]} | ret=SUCCESS |  
2019-08-24 00:22:48,877 | INFO  | SCMAudit | user=jenkins1000 | ip=192.168.34.57 | op=SEND_HEARTBEAT {datanodeUUID=3a14c1ba-d90f-4e55-9b74-34a12c0cf08b, command=[]} | ret=SUCCESS |  
2019-08-24 00:22:48,899 | INFO  | SCMAudit | user=jenkins1000 | ip=192.168.34.57 | op=SEND_HEARTBEAT {datanodeUUID=5da42abd-867e-47ba-b805-7d971175ab74, command=[]} | ret=SUCCESS |  
2019-08-24 00:22:49,134 | INFO  | SCMAudit | user=jenkins1000 | ip=192.168.34.57 | op=SEND_HEARTBEAT {datanodeUUID=a2fab492-56f3-43b8-af5f-239f4e38d11d, command=[]} | ret=SUCCESS |  
2019-08-24 00:22:49,350 | INFO  | SCMAudit | user=jenkins1000 | ip=192.168.34.57 | op=SEND_HEARTBEAT {datanodeUUID=44c7f39a-9454-4511-9eaf-9b72a4aa6bb9, command=[]} | ret=SUCCESS |  
2019-08-24 00:22:49,522 | INFO  | SCMAudit | user=jenkins1000 | ip=192.168.34.57 | op=SEND_HEARTBEAT {datanodeUUID=6f3ac5a3-43f3-4ed6-928d-1c9df2f8e2aa, command=[]} | ret=SUCCESS |  
2019-08-24 00:22:49,847 | INFO  | SCMAudit | user=jenkins1000 | ip=192.168.34.57 | op=SEND_HEARTBEAT {datanodeUUID=9b1b75a9-c857-4b9a-9bce-dd664e78af57, command=[]} | ret=SUCCESS |  
2019-08-24 00:22:49,866 | INFO  | SCMAudit | user=jenkins1000 | ip=192.168.34.57 | op=SEND_HEARTBEAT {datanodeUUID=4d1e0fe6-60fd-4907-9842-f352edb6fbc8, command=[]} | ret=SUCCESS |  
2019-08-24 00:22:49,878 | INFO  | SCMAudit | user=jenkins1000 | ip=192.168.34.57 | op=SEND_HEARTBEAT {datanodeUUID=3a14c1ba-d90f-4e55-9b74-34a12c0cf08b, command=[]} | ret=SUCCESS |  
2019-08-24 00:22:49,900 | INFO  | SCMAudit | user=jenkins1000 | ip=192.168.34.57 | op=SEND_HEARTBEAT {datanodeUUID=5da42abd-867e-47ba-b805-7d971175ab74, command=[]} | ret=SUCCESS |  
2019-08-24 00:22:50,133 | INFO  | SCMAudit | user=jenkins1000 | ip=192.168.34.57 | op=SEND_HEARTBEAT {datanodeUUID=a2fab492-56f3-43b8-af5f-239f4e38d11d, command=[]} | ret=SUCCESS |  
2019-08-24 00:22:50,349 | INFO  | SCMAudit | user=jenkins1000 | ip=192.168.34.57 | op=SEND_HEARTBEAT {datanodeUUID=44c7f39a-9454-4511-9eaf-9b72a4aa6bb9, command=[]} | ret=SUCCESS |  
2019-08-24 00:22:50,521 | INFO  | SCMAudit | user=jenkins1000 | ip=192.168.34.57 | op=SEND_HEARTBEAT {datanodeUUID=6f3ac5a3-43f3-4ed6-928d-1c9df2f8e2aa, command=[]} | ret=SUCCESS |  
2019-08-24 00:22:50,848 | INFO  | SCMAudit | user=jenkins1000 | ip=192.168.34.57 | op=SEND_HEARTBEAT {datanodeUUID=9b1b75a9-c857-4b9a-9bce-dd664e78af57, command=[]} | ret=SUCCESS |  
2019-08-24 00:22:50,866 | INFO  | SCMAudit | user=jenkins1000 | ip=192.168.34.57 | op=SEND_HEARTBEAT {datanodeUUID=4d1e0fe6-60fd-4907-9842-f352edb6fbc8, command=[]} | ret=SUCCESS |  
2019-08-24 00:22:50,878 | INFO  | SCMAudit | user=jenkins1000 | ip=192.168.34.57 | op=SEND_HEARTBEAT {datanodeUUID=3a14c1ba-d90f-4e55-9b74-34a12c0cf08b, command=[]} | ret=SUCCESS |  
2019-08-24 00:22:50,900 | INFO  | SCMAudit | user=jenkins1000 | ip=192.168.34.57 | op=SEND_HEARTBEAT {datanodeUUID=5da42abd-867e-47ba-b805-7d971175ab74, command=[]} | ret=SUCCESS |  
2019-08-24 00:22:51,131 [grpc-default-executor-6] INFO  client.GrpcClientProtocolClient (GrpcClientProtocolClient.java:onNext(255)) - client-090605BECF39->3a14c1ba-d90f-4e55-9b74-34a12c0cf08b: receive RaftClientReply:client-090605BECF39->3a14c1ba-d90f-4e55-9b74-34a12c0cf08b@group-7922B4F3146A, cid=45, FAILED org.apache.ratis.protocol.NotLeaderException: Server 3a14c1ba-d90f-4e55-9b74-34a12c0cf08b is not the leader (4d1e0fe6-60fd-4907-9842-f352edb6fbc8:192.168.34.57:43840). Request must be sent to leader., logIndex=0, commits[3a14c1ba-d90f-4e55-9b74-34a12c0cf08b:c8, 9b1b75a9-c857-4b9a-9bce-dd664e78af57:c8, 4d1e0fe6-60fd-4907-9842-f352edb6fbc8:c8]
2019-08-24 00:22:51,155 | INFO  | SCMAudit | user=jenkins1000 | ip=192.168.34.57 | op=SEND_HEARTBEAT {datanodeUUID=a2fab492-56f3-43b8-af5f-239f4e38d11d, command=[]} | ret=SUCCESS |  
2019-08-24 00:22:51,350 | INFO  | SCMAudit | user=jenkins1000 | ip=192.168.34.57 | op=SEND_HEARTBEAT {datanodeUUID=44c7f39a-9454-4511-9eaf-9b72a4aa6bb9, command=[]} | ret=SUCCESS |  
2019-08-24 00:22:51,521 | INFO  | SCMAudit | user=jenkins1000 | ip=192.168.34.57 | op=SEND_HEARTBEAT {datanodeUUID=6f3ac5a3-43f3-4ed6-928d-1c9df2f8e2aa, command=[]} | ret=SUCCESS |  
2019-08-24 00:22:51,848 | INFO  | SCMAudit | user=jenkins1000 | ip=192.168.34.57 | op=SEND_HEARTBEAT {datanodeUUID=9b1b75a9-c857-4b9a-9bce-dd664e78af57, command=[]} | ret=SUCCESS |  
2019-08-24 00:22:51,866 | INFO  | SCMAudit | user=jenkins1000 | ip=192.168.34.57 | op=SEND_HEARTBEAT {datanodeUUID=4d1e0fe6-60fd-4907-9842-f352edb6fbc8, command=[]} | ret=SUCCESS |  
2019-08-24 00:22:51,878 | INFO  | SCMAudit | user=jenkins1000 | ip=192.168.34.57 | op=SEND_HEARTBEAT {datanodeUUID=3a14c1ba-d90f-4e55-9b74-34a12c0cf08b, command=[]} | ret=SUCCESS |  
2019-08-24 00:22:51,900 | INFO  | SCMAudit | user=jenkins1000 | ip=192.168.34.57 | op=SEND_HEARTBEAT {datanodeUUID=5da42abd-867e-47ba-b805-7d971175ab74, command=[]} | ret=SUCCESS |  
2019-08-24 00:22:52,135 | INFO  | SCMAudit | user=jenkins1000 | ip=192.168.34.57 | op=SEND_HEARTBEAT {datanodeUUID=a2fab492-56f3-43b8-af5f-239f4e38d11d, command=[]} | ret=SUCCESS |  
2019-08-24 00:22:52,350 | INFO  | SCMAudit | user=jenkins1000 | ip=192.168.34.57 | op=SEND_HEARTBEAT {datanodeUUID=44c7f39a-9454-4511-9eaf-9b72a4aa6bb9, command=[]} | ret=SUCCESS |  
2019-08-24 00:22:52,522 | INFO  | SCMAudit | user=jenkins1000 | ip=192.168.34.57 | op=SEND_HEARTBEAT {datanodeUUID=6f3ac5a3-43f3-4ed6-928d-1c9df2f8e2aa, command=[]} | ret=SUCCESS |  
2019-08-24 00:22:52,848 | INFO  | SCMAudit | user=jenkins1000 | ip=192.168.34.57 | op=SEND_HEARTBEAT {datanodeUUID=9b1b75a9-c857-4b9a-9bce-dd664e78af57, command=[]} | ret=SUCCESS |  
2019-08-24 00:22:52,867 | INFO  | SCMAudit | user=jenkins1000 | ip=192.168.34.57 | op=SEND_HEARTBEAT {datanodeUUID=4d1e0fe6-60fd-4907-9842-f352edb6fbc8, command=[]} | ret=SUCCESS |  
2019-08-24 00:22:52,879 | INFO  | SCMAudit | user=jenkins1000 | ip=192.168.34.57 | op=SEND_HEARTBEAT {datanodeUUID=3a14c1ba-d90f-4e55-9b74-34a12c0cf08b, command=[]} | ret=SUCCESS |  
2019-08-24 00:22:52,900 | INFO  | SCMAudit | user=jenkins1000 | ip=192.168.34.57 | op=SEND_HEARTBEAT {datanodeUUID=5da42abd-867e-47ba-b805-7d971175ab74, command=[]} | ret=SUCCESS |  
2019-08-24 00:22:53,134 | INFO  | SCMAudit | user=jenkins1000 | ip=192.168.34.57 | op=SEND_HEARTBEAT {datanodeUUID=a2fab492-56f3-43b8-af5f-239f4e38d11d, command=[]} | ret=SUCCESS |  
2019-08-24 00:22:53,350 | INFO  | SCMAudit | user=jenkins1000 | ip=192.168.34.57 | op=SEND_HEARTBEAT {datanodeUUID=44c7f39a-9454-4511-9eaf-9b72a4aa6bb9, command=[]} | ret=SUCCESS |  
2019-08-24 00:22:53,521 | INFO  | SCMAudit | user=jenkins1000 | ip=192.168.34.57 | op=SEND_HEARTBEAT {datanodeUUID=6f3ac5a3-43f3-4ed6-928d-1c9df2f8e2aa, command=[]} | ret=SUCCESS |  
2019-08-24 00:22:53,848 | INFO  | SCMAudit | user=jenkins1000 | ip=192.168.34.57 | op=SEND_HEARTBEAT {datanodeUUID=9b1b75a9-c857-4b9a-9bce-dd664e78af57, command=[]} | ret=SUCCESS |  
2019-08-24 00:22:53,867 | INFO  | SCMAudit | user=jenkins1000 | ip=192.168.34.57 | op=SEND_HEARTBEAT {datanodeUUID=4d1e0fe6-60fd-4907-9842-f352edb6fbc8, command=[]} | ret=SUCCESS |  
2019-08-24 00:22:53,879 | INFO  | SCMAudit | user=jenkins1000 | ip=192.168.34.57 | op=SEND_HEARTBEAT {datanodeUUID=3a14c1ba-d90f-4e55-9b74-34a12c0cf08b, command=[]} | ret=SUCCESS |  
2019-08-24 00:22:53,900 | INFO  | SCMAudit | user=jenkins1000 | ip=192.168.34.57 | op=SEND_HEARTBEAT {datanodeUUID=5da42abd-867e-47ba-b805-7d971175ab74, command=[]} | ret=SUCCESS |  
2019-08-24 00:22:54,135 | INFO  | SCMAudit | user=jenkins1000 | ip=192.168.34.57 | op=SEND_HEARTBEAT {datanodeUUID=a2fab492-56f3-43b8-af5f-239f4e38d11d, command=[]} | ret=SUCCESS |  
2019-08-24 00:22:54,350 | INFO  | SCMAudit | user=jenkins1000 | ip=192.168.34.57 | op=SEND_HEARTBEAT {datanodeUUID=44c7f39a-9454-4511-9eaf-9b72a4aa6bb9, command=[]} | ret=SUCCESS |  
2019-08-24 00:22:54,522 | INFO  | SCMAudit | user=jenkins1000 | ip=192.168.34.57 | op=SEND_HEARTBEAT {datanodeUUID=6f3ac5a3-43f3-4ed6-928d-1c9df2f8e2aa, command=[]} | ret=SUCCESS |  
2019-08-24 00:22:54,849 | INFO  | SCMAudit | user=jenkins1000 | ip=192.168.34.57 | op=SEND_HEARTBEAT {datanodeUUID=9b1b75a9-c857-4b9a-9bce-dd664e78af57, command=[]} | ret=SUCCESS |  
2019-08-24 00:22:54,867 | INFO  | SCMAudit | user=jenkins1000 | ip=192.168.34.57 | op=SEND_HEARTBEAT {datanodeUUID=4d1e0fe6-60fd-4907-9842-f352edb6fbc8, command=[]} | ret=SUCCESS |  
2019-08-24 00:22:54,878 | INFO  | SCMAudit | user=jenkins1000 | ip=192.168.34.57 | op=SEND_HEARTBEAT {datanodeUUID=3a14c1ba-d90f-4e55-9b74-34a12c0cf08b, command=[]} | ret=SUCCESS |  
2019-08-24 00:22:54,901 | INFO  | SCMAudit | user=jenkins1000 | ip=192.168.34.57 | op=SEND_HEARTBEAT {datanodeUUID=5da42abd-867e-47ba-b805-7d971175ab74, command=[]} | ret=SUCCESS |  
2019-08-24 00:22:55,135 | INFO  | SCMAudit | user=jenkins1000 | ip=192.168.34.57 | op=SEND_HEARTBEAT {datanodeUUID=a2fab492-56f3-43b8-af5f-239f4e38d11d, command=[]} | ret=SUCCESS |  
2019-08-24 00:22:55,349 | INFO  | SCMAudit | user=jenkins1000 | ip=192.168.34.57 | op=SEND_HEARTBEAT {datanodeUUID=44c7f39a-9454-4511-9eaf-9b72a4aa6bb9, command=[]} | ret=SUCCESS |  
2019-08-24 00:22:55,522 | INFO  | SCMAudit | user=jenkins1000 | ip=192.168.34.57 | op=SEND_HEARTBEAT {datanodeUUID=6f3ac5a3-43f3-4ed6-928d-1c9df2f8e2aa, command=[]} | ret=SUCCESS |  
2019-08-24 00:22:55,849 | INFO  | SCMAudit | user=jenkins1000 | ip=192.168.34.57 | op=SEND_HEARTBEAT {datanodeUUID=9b1b75a9-c857-4b9a-9bce-dd664e78af57, command=[]} | ret=SUCCESS |  
2019-08-24 00:22:55,868 | INFO  | SCMAudit | user=jenkins1000 | ip=192.168.34.57 | op=SEND_HEARTBEAT {datanodeUUID=4d1e0fe6-60fd-4907-9842-f352edb6fbc8, command=[]} | ret=SUCCESS |  
2019-08-24 00:22:55,878 | INFO  | SCMAudit | user=jenkins1000 | ip=192.168.34.57 | op=SEND_HEARTBEAT {datanodeUUID=3a14c1ba-d90f-4e55-9b74-34a12c0cf08b, command=[]} | ret=SUCCESS |  
2019-08-24 00:22:55,900 | INFO  | SCMAudit | user=jenkins1000 | ip=192.168.34.57 | op=SEND_HEARTBEAT {datanodeUUID=5da42abd-867e-47ba-b805-7d971175ab74, command=[]} | ret=SUCCESS |  
2019-08-24 00:22:56,134 | INFO  | SCMAudit | user=jenkins1000 | ip=192.168.34.57 | op=SEND_HEARTBEAT {datanodeUUID=a2fab492-56f3-43b8-af5f-239f4e38d11d, command=[]} | ret=SUCCESS |  
2019-08-24 00:22:56,185 [grpc-default-executor-4] INFO  client.GrpcClientProtocolClient (GrpcClientProtocolClient.java:onNext(255)) - client-090605BECF39->3a14c1ba-d90f-4e55-9b74-34a12c0cf08b: receive RaftClientReply:client-090605BECF39->3a14c1ba-d90f-4e55-9b74-34a12c0cf08b@group-7922B4F3146A, cid=45, FAILED org.apache.ratis.protocol.NotLeaderException: Server 3a14c1ba-d90f-4e55-9b74-34a12c0cf08b is not the leader (4d1e0fe6-60fd-4907-9842-f352edb6fbc8:192.168.34.57:43840). Request must be sent to leader., logIndex=0, commits[3a14c1ba-d90f-4e55-9b74-34a12c0cf08b:c8, 9b1b75a9-c857-4b9a-9bce-dd664e78af57:c8, 4d1e0fe6-60fd-4907-9842-f352edb6fbc8:c8]
2019-08-24 00:22:56,352 | INFO  | SCMAudit | user=jenkins1000 | ip=192.168.34.57 | op=SEND_HEARTBEAT {datanodeUUID=44c7f39a-9454-4511-9eaf-9b72a4aa6bb9, command=[]} | ret=SUCCESS |  
2019-08-24 00:22:56,522 | INFO  | SCMAudit | user=jenkins1000 | ip=192.168.34.57 | op=SEND_HEARTBEAT {datanodeUUID=6f3ac5a3-43f3-4ed6-928d-1c9df2f8e2aa, command=[]} | ret=SUCCESS |  
2019-08-24 00:22:56,849 | INFO  | SCMAudit | user=jenkins1000 | ip=192.168.34.57 | op=SEND_HEARTBEAT {datanodeUUID=9b1b75a9-c857-4b9a-9bce-dd664e78af57, command=[]} | ret=SUCCESS |  
2019-08-24 00:22:56,868 | INFO  | SCMAudit | user=jenkins1000 | ip=192.168.34.57 | op=SEND_HEARTBEAT {datanodeUUID=4d1e0fe6-60fd-4907-9842-f352edb6fbc8, command=[]} | ret=SUCCESS |  
2019-08-24 00:22:56,878 | INFO  | SCMAudit | user=jenkins1000 | ip=192.168.34.57 | op=SEND_HEARTBEAT {datanodeUUID=3a14c1ba-d90f-4e55-9b74-34a12c0cf08b, command=[]} | ret=SUCCESS |  
2019-08-24 00:22:56,900 | INFO  | SCMAudit | user=jenkins1000 | ip=192.168.34.57 | op=SEND_HEARTBEAT {datanodeUUID=5da42abd-867e-47ba-b805-7d971175ab74, command=[]} | ret=SUCCESS |  
2019-08-24 00:22:57,135 | INFO  | SCMAudit | user=jenkins1000 | ip=192.168.34.57 | op=SEND_HEARTBEAT {datanodeUUID=a2fab492-56f3-43b8-af5f-239f4e38d11d, command=[]} | ret=SUCCESS |  
2019-08-24 00:22:57,350 | INFO  | SCMAudit | user=jenkins1000 | ip=192.168.34.57 | op=SEND_HEARTBEAT {datanodeUUID=44c7f39a-9454-4511-9eaf-9b72a4aa6bb9, command=[]} | ret=SUCCESS |  
2019-08-24 00:22:57,521 | INFO  | SCMAudit | user=jenkins1000 | ip=192.168.34.57 | op=SEND_HEARTBEAT {datanodeUUID=6f3ac5a3-43f3-4ed6-928d-1c9df2f8e2aa, command=[]} | ret=SUCCESS |  
2019-08-24 00:22:57,850 | INFO  | SCMAudit | user=jenkins1000 | ip=192.168.34.57 | op=SEND_HEARTBEAT {datanodeUUID=9b1b75a9-c857-4b9a-9bce-dd664e78af57, command=[]} | ret=SUCCESS |  
2019-08-24 00:22:57,867 | INFO  | SCMAudit | user=jenkins1000 | ip=192.168.34.57 | op=SEND_HEARTBEAT {datanodeUUID=4d1e0fe6-60fd-4907-9842-f352edb6fbc8, command=[]} | ret=SUCCESS |  
2019-08-24 00:22:57,878 | INFO  | SCMAudit | user=jenkins1000 | ip=192.168.34.57 | op=SEND_HEARTBEAT {datanodeUUID=3a14c1ba-d90f-4e55-9b74-34a12c0cf08b, command=[]} | ret=SUCCESS |  
2019-08-24 00:22:57,900 | INFO  | SCMAudit | user=jenkins1000 | ip=192.168.34.57 | op=SEND_HEARTBEAT {datanodeUUID=5da42abd-867e-47ba-b805-7d971175ab74, command=[]} | ret=SUCCESS |  
2019-08-24 00:22:58,134 | INFO  | SCMAudit | user=jenkins1000 | ip=192.168.34.57 | op=SEND_HEARTBEAT {datanodeUUID=a2fab492-56f3-43b8-af5f-239f4e38d11d, command=[]} | ret=SUCCESS |  
2019-08-24 00:22:58,350 | INFO  | SCMAudit | user=jenkins1000 | ip=192.168.34.57 | op=SEND_HEARTBEAT {datanodeUUID=44c7f39a-9454-4511-9eaf-9b72a4aa6bb9, command=[]} | ret=SUCCESS |  
2019-08-24 00:22:58,522 | INFO  | SCMAudit | user=jenkins1000 | ip=192.168.34.57 | op=SEND_HEARTBEAT {datanodeUUID=6f3ac5a3-43f3-4ed6-928d-1c9df2f8e2aa, command=[]} | ret=SUCCESS |  
2019-08-24 00:22:58,850 | INFO  | SCMAudit | user=jenkins1000 | ip=192.168.34.57 | op=SEND_HEARTBEAT {datanodeUUID=9b1b75a9-c857-4b9a-9bce-dd664e78af57, command=[]} | ret=SUCCESS |  
2019-08-24 00:22:58,867 | INFO  | SCMAudit | user=jenkins1000 | ip=192.168.34.57 | op=SEND_HEARTBEAT {datanodeUUID=4d1e0fe6-60fd-4907-9842-f352edb6fbc8, command=[]} | ret=SUCCESS |  
2019-08-24 00:22:58,878 | INFO  | SCMAudit | user=jenkins1000 | ip=192.168.34.57 | op=SEND_HEARTBEAT {datanodeUUID=3a14c1ba-d90f-4e55-9b74-34a12c0cf08b, command=[]} | ret=SUCCESS |  
2019-08-24 00:22:58,900 | INFO  | SCMAudit | user=jenkins1000 | ip=192.168.34.57 | op=SEND_HEARTBEAT {datanodeUUID=5da42abd-867e-47ba-b805-7d971175ab74, command=[]} | ret=SUCCESS |  
2019-08-24 00:22:59,135 | INFO  | SCMAudit | user=jenkins1000 | ip=192.168.34.57 | op=SEND_HEARTBEAT {datanodeUUID=a2fab492-56f3-43b8-af5f-239f4e38d11d, command=[]} | ret=SUCCESS |  
2019-08-24 00:22:59,351 | INFO  | SCMAudit | user=jenkins1000 | ip=192.168.34.57 | op=SEND_HEARTBEAT {datanodeUUID=44c7f39a-9454-4511-9eaf-9b72a4aa6bb9, command=[]} | ret=SUCCESS |  
2019-08-24 00:22:59,522 | INFO  | SCMAudit | user=jenkins1000 | ip=192.168.34.57 | op=SEND_HEARTBEAT {datanodeUUID=6f3ac5a3-43f3-4ed6-928d-1c9df2f8e2aa, command=[]} | ret=SUCCESS |  
2019-08-24 00:22:59,850 | INFO  | SCMAudit | user=jenkins1000 | ip=192.168.34.57 | op=SEND_HEARTBEAT {datanodeUUID=9b1b75a9-c857-4b9a-9bce-dd664e78af57, command=[]} | ret=SUCCESS |  
2019-08-24 00:22:59,868 | INFO  | SCMAudit | user=jenkins1000 | ip=192.168.34.57 | op=SEND_HEARTBEAT {datanodeUUID=4d1e0fe6-60fd-4907-9842-f352edb6fbc8, command=[]} | ret=SUCCESS |  
2019-08-24 00:22:59,879 | INFO  | SCMAudit | user=jenkins1000 | ip=192.168.34.57 | op=SEND_HEARTBEAT {datanodeUUID=3a14c1ba-d90f-4e55-9b74-34a12c0cf08b, command=[]} | ret=SUCCESS |  
2019-08-24 00:22:59,901 | INFO  | SCMAudit | user=jenkins1000 | ip=192.168.34.57 | op=SEND_HEARTBEAT {datanodeUUID=5da42abd-867e-47ba-b805-7d971175ab74, command=[]} | ret=SUCCESS |  
2019-08-24 00:23:00,134 | INFO  | SCMAudit | user=jenkins1000 | ip=192.168.34.57 | op=SEND_HEARTBEAT {datanodeUUID=a2fab492-56f3-43b8-af5f-239f4e38d11d, command=[]} | ret=SUCCESS |  
2019-08-24 00:23:00,351 | INFO  | SCMAudit | user=jenkins1000 | ip=192.168.34.57 | op=SEND_HEARTBEAT {datanodeUUID=44c7f39a-9454-4511-9eaf-9b72a4aa6bb9, command=[]} | ret=SUCCESS |  
2019-08-24 00:23:00,522 | INFO  | SCMAudit | user=jenkins1000 | ip=192.168.34.57 | op=SEND_HEARTBEAT {datanodeUUID=6f3ac5a3-43f3-4ed6-928d-1c9df2f8e2aa, command=[]} | ret=SUCCESS |  
2019-08-24 00:23:00,850 | INFO  | SCMAudit | user=jenkins1000 | ip=192.168.34.57 | op=SEND_HEARTBEAT {datanodeUUID=9b1b75a9-c857-4b9a-9bce-dd664e78af57, command=[]} | ret=SUCCESS |  
2019-08-24 00:23:00,868 | INFO  | SCMAudit | user=jenkins1000 | ip=192.168.34.57 | op=SEND_HEARTBEAT {datanodeUUID=4d1e0fe6-60fd-4907-9842-f352edb6fbc8, command=[]} | ret=SUCCESS |  
2019-08-24 00:23:00,879 | INFO  | SCMAudit | user=jenkins1000 | ip=192.168.34.57 | op=SEND_HEARTBEAT {datanodeUUID=3a14c1ba-d90f-4e55-9b74-34a12c0cf08b, command=[]} | ret=SUCCESS |  
2019-08-24 00:23:00,901 | INFO  | SCMAudit | user=jenkins1000 | ip=192.168.34.57 | op=SEND_HEARTBEAT {datanodeUUID=5da42abd-867e-47ba-b805-7d971175ab74, command=[]} | ret=SUCCESS |  
2019-08-24 00:23:01,135 | INFO  | SCMAudit | user=jenkins1000 | ip=192.168.34.57 | op=SEND_HEARTBEAT {datanodeUUID=a2fab492-56f3-43b8-af5f-239f4e38d11d, command=[]} | ret=SUCCESS |  
2019-08-24 00:23:01,227 [grpc-default-executor-6] INFO  client.GrpcClientProtocolClient (GrpcClientProtocolClient.java:onNext(255)) - client-090605BECF39->9b1b75a9-c857-4b9a-9bce-dd664e78af57: receive RaftClientReply:client-090605BECF39->9b1b75a9-c857-4b9a-9bce-dd664e78af57@group-7922B4F3146A, cid=45, FAILED org.apache.ratis.protocol.NotLeaderException: Server 9b1b75a9-c857-4b9a-9bce-dd664e78af57 is not the leader (4d1e0fe6-60fd-4907-9842-f352edb6fbc8:192.168.34.57:43840). Request must be sent to leader., logIndex=0, commits[9b1b75a9-c857-4b9a-9bce-dd664e78af57:c8, 3a14c1ba-d90f-4e55-9b74-34a12c0cf08b:c8, 4d1e0fe6-60fd-4907-9842-f352edb6fbc8:c8]
2019-08-24 00:23:01,351 | INFO  | SCMAudit | user=jenkins1000 | ip=192.168.34.57 | op=SEND_HEARTBEAT {datanodeUUID=44c7f39a-9454-4511-9eaf-9b72a4aa6bb9, command=[]} | ret=SUCCESS |  
2019-08-24 00:23:01,523 | INFO  | SCMAudit | user=jenkins1000 | ip=192.168.34.57 | op=SEND_HEARTBEAT {datanodeUUID=6f3ac5a3-43f3-4ed6-928d-1c9df2f8e2aa, command=[]} | ret=SUCCESS |  
2019-08-24 00:23:01,851 | INFO  | SCMAudit | user=jenkins1000 | ip=192.168.34.57 | op=SEND_HEARTBEAT {datanodeUUID=9b1b75a9-c857-4b9a-9bce-dd664e78af57, command=[]} | ret=SUCCESS |  
2019-08-24 00:23:01,868 | INFO  | SCMAudit | user=jenkins1000 | ip=192.168.34.57 | op=SEND_HEARTBEAT {datanodeUUID=4d1e0fe6-60fd-4907-9842-f352edb6fbc8, command=[]} | ret=SUCCESS |  
2019-08-24 00:23:01,879 | INFO  | SCMAudit | user=jenkins1000 | ip=192.168.34.57 | op=SEND_HEARTBEAT {datanodeUUID=3a14c1ba-d90f-4e55-9b74-34a12c0cf08b, command=[]} | ret=SUCCESS |  
2019-08-24 00:23:01,900 | INFO  | SCMAudit | user=jenkins1000 | ip=192.168.34.57 | op=SEND_HEARTBEAT {datanodeUUID=5da42abd-867e-47ba-b805-7d971175ab74, command=[]} | ret=SUCCESS |  
2019-08-24 00:23:02,134 | INFO  | SCMAudit | user=jenkins1000 | ip=192.168.34.57 | op=SEND_HEARTBEAT {datanodeUUID=a2fab492-56f3-43b8-af5f-239f4e38d11d, command=[]} | ret=SUCCESS |  
2019-08-24 00:23:02,351 | INFO  | SCMAudit | user=jenkins1000 | ip=192.168.34.57 | op=SEND_HEARTBEAT {datanodeUUID=44c7f39a-9454-4511-9eaf-9b72a4aa6bb9, command=[]} | ret=SUCCESS |  
2019-08-24 00:23:02,523 | INFO  | SCMAudit | user=jenkins1000 | ip=192.168.34.57 | op=SEND_HEARTBEAT {datanodeUUID=6f3ac5a3-43f3-4ed6-928d-1c9df2f8e2aa, command=[]} | ret=SUCCESS |  
2019-08-24 00:23:02,850 | INFO  | SCMAudit | user=jenkins1000 | ip=192.168.34.57 | op=SEND_HEARTBEAT {datanodeUUID=9b1b75a9-c857-4b9a-9bce-dd664e78af57, command=[]} | ret=SUCCESS |  
2019-08-24 00:23:02,868 | INFO  | SCMAudit | user=jenkins1000 | ip=192.168.34.57 | op=SEND_HEARTBEAT {datanodeUUID=4d1e0fe6-60fd-4907-9842-f352edb6fbc8, command=[]} | ret=SUCCESS |  
2019-08-24 00:23:02,879 | INFO  | SCMAudit | user=jenkins1000 | ip=192.168.34.57 | op=SEND_HEARTBEAT {datanodeUUID=3a14c1ba-d90f-4e55-9b74-34a12c0cf08b, command=[]} | ret=SUCCESS |  
2019-08-24 00:23:02,901 | INFO  | SCMAudit | user=jenkins1000 | ip=192.168.34.57 | op=SEND_HEARTBEAT {datanodeUUID=5da42abd-867e-47ba-b805-7d971175ab74, command=[]} | ret=SUCCESS |  
2019-08-24 00:23:03,135 | INFO  | SCMAudit | user=jenkins1000 | ip=192.168.34.57 | op=SEND_HEARTBEAT {datanodeUUID=a2fab492-56f3-43b8-af5f-239f4e38d11d, command=[]} | ret=SUCCESS |  
2019-08-24 00:23:03,352 | INFO  | SCMAudit | user=jenkins1000 | ip=192.168.34.57 | op=SEND_HEARTBEAT {datanodeUUID=44c7f39a-9454-4511-9eaf-9b72a4aa6bb9, command=[]} | ret=SUCCESS |  
2019-08-24 00:23:03,522 | INFO  | SCMAudit | user=jenkins1000 | ip=192.168.34.57 | op=SEND_HEARTBEAT {datanodeUUID=6f3ac5a3-43f3-4ed6-928d-1c9df2f8e2aa, command=[]} | ret=SUCCESS |  
2019-08-24 00:23:03,851 | INFO  | SCMAudit | user=jenkins1000 | ip=192.168.34.57 | op=SEND_HEARTBEAT {datanodeUUID=9b1b75a9-c857-4b9a-9bce-dd664e78af57, command=[]} | ret=SUCCESS |  
2019-08-24 00:23:03,869 | INFO  | SCMAudit | user=jenkins1000 | ip=192.168.34.57 | op=SEND_HEARTBEAT {datanodeUUID=4d1e0fe6-60fd-4907-9842-f352edb6fbc8, command=[]} | ret=SUCCESS |  
2019-08-24 00:23:03,880 | INFO  | SCMAudit | user=jenkins1000 | ip=192.168.34.57 | op=SEND_HEARTBEAT {datanodeUUID=3a14c1ba-d90f-4e55-9b74-34a12c0cf08b, command=[]} | ret=SUCCESS |  
2019-08-24 00:23:03,901 | INFO  | SCMAudit | user=jenkins1000 | ip=192.168.34.57 | op=SEND_HEARTBEAT {datanodeUUID=5da42abd-867e-47ba-b805-7d971175ab74, command=[]} | ret=SUCCESS |  
2019-08-24 00:23:04,135 | INFO  | SCMAudit | user=jenkins1000 | ip=192.168.34.57 | op=SEND_HEARTBEAT {datanodeUUID=a2fab492-56f3-43b8-af5f-239f4e38d11d, command=[]} | ret=SUCCESS |  
2019-08-24 00:23:04,351 | INFO  | SCMAudit | user=jenkins1000 | ip=192.168.34.57 | op=SEND_HEARTBEAT {datanodeUUID=44c7f39a-9454-4511-9eaf-9b72a4aa6bb9, command=[]} | ret=SUCCESS |  
2019-08-24 00:23:04,523 | INFO  | SCMAudit | user=jenkins1000 | ip=192.168.34.57 | op=SEND_HEARTBEAT {datanodeUUID=6f3ac5a3-43f3-4ed6-928d-1c9df2f8e2aa, command=[]} | ret=SUCCESS |  
2019-08-24 00:23:04,851 | INFO  | SCMAudit | user=jenkins1000 | ip=192.168.34.57 | op=SEND_HEARTBEAT {datanodeUUID=9b1b75a9-c857-4b9a-9bce-dd664e78af57, command=[]} | ret=SUCCESS |  
2019-08-24 00:23:04,869 | INFO  | SCMAudit | user=jenkins1000 | ip=192.168.34.57 | op=SEND_HEARTBEAT {datanodeUUID=4d1e0fe6-60fd-4907-9842-f352edb6fbc8, command=[]} | ret=SUCCESS |  
2019-08-24 00:23:04,880 | INFO  | SCMAudit | user=jenkins1000 | ip=192.168.34.57 | op=SEND_HEARTBEAT {datanodeUUID=3a14c1ba-d90f-4e55-9b74-34a12c0cf08b, command=[]} | ret=SUCCESS |  
2019-08-24 00:23:04,901 | INFO  | SCMAudit | user=jenkins1000 | ip=192.168.34.57 | op=SEND_HEARTBEAT {datanodeUUID=5da42abd-867e-47ba-b805-7d971175ab74, command=[]} | ret=SUCCESS |  
2019-08-24 00:23:05,135 | INFO  | SCMAudit | user=jenkins1000 | ip=192.168.34.57 | op=SEND_HEARTBEAT {datanodeUUID=a2fab492-56f3-43b8-af5f-239f4e38d11d, command=[]} | ret=SUCCESS |  
2019-08-24 00:23:05,352 | INFO  | SCMAudit | user=jenkins1000 | ip=192.168.34.57 | op=SEND_HEARTBEAT {datanodeUUID=44c7f39a-9454-4511-9eaf-9b72a4aa6bb9, command=[]} | ret=SUCCESS |  
2019-08-24 00:23:05,523 | INFO  | SCMAudit | user=jenkins1000 | ip=192.168.34.57 | op=SEND_HEARTBEAT {datanodeUUID=6f3ac5a3-43f3-4ed6-928d-1c9df2f8e2aa, command=[]} | ret=SUCCESS |  
2019-08-24 00:23:05,852 | INFO  | SCMAudit | user=jenkins1000 | ip=192.168.34.57 | op=SEND_HEARTBEAT {datanodeUUID=9b1b75a9-c857-4b9a-9bce-dd664e78af57, command=[]} | ret=SUCCESS |  
2019-08-24 00:23:05,870 | INFO  | SCMAudit | user=jenkins1000 | ip=192.168.34.57 | op=SEND_HEARTBEAT {datanodeUUID=4d1e0fe6-60fd-4907-9842-f352edb6fbc8, command=[]} | ret=SUCCESS |  
2019-08-24 00:23:05,880 | INFO  | SCMAudit | user=jenkins1000 | ip=192.168.34.57 | op=SEND_HEARTBEAT {datanodeUUID=3a14c1ba-d90f-4e55-9b74-34a12c0cf08b, command=[]} | ret=SUCCESS |  
2019-08-24 00:23:05,901 | INFO  | SCMAudit | user=jenkins1000 | ip=192.168.34.57 | op=SEND_HEARTBEAT {datanodeUUID=5da42abd-867e-47ba-b805-7d971175ab74, command=[]} | ret=SUCCESS |  
2019-08-24 00:23:06,135 | INFO  | SCMAudit | user=jenkins1000 | ip=192.168.34.57 | op=SEND_HEARTBEAT {datanodeUUID=a2fab492-56f3-43b8-af5f-239f4e38d11d, command=[]} | ret=SUCCESS |  
2019-08-24 00:23:06,269 [grpc-default-executor-4] INFO  client.GrpcClientProtocolClient (GrpcClientProtocolClient.java:onNext(255)) - client-090605BECF39->9b1b75a9-c857-4b9a-9bce-dd664e78af57: receive RaftClientReply:client-090605BECF39->9b1b75a9-c857-4b9a-9bce-dd664e78af57@group-7922B4F3146A, cid=45, FAILED org.apache.ratis.protocol.NotLeaderException: Server 9b1b75a9-c857-4b9a-9bce-dd664e78af57 is not the leader (4d1e0fe6-60fd-4907-9842-f352edb6fbc8:192.168.34.57:43840). Request must be sent to leader., logIndex=0, commits[9b1b75a9-c857-4b9a-9bce-dd664e78af57:c8, 3a14c1ba-d90f-4e55-9b74-34a12c0cf08b:c8, 4d1e0fe6-60fd-4907-9842-f352edb6fbc8:c8]
2019-08-24 00:23:06,352 | INFO  | SCMAudit | user=jenkins1000 | ip=192.168.34.57 | op=SEND_HEARTBEAT {datanodeUUID=44c7f39a-9454-4511-9eaf-9b72a4aa6bb9, command=[]} | ret=SUCCESS |  
2019-08-24 00:23:06,523 | INFO  | SCMAudit | user=jenkins1000 | ip=192.168.34.57 | op=SEND_HEARTBEAT {datanodeUUID=6f3ac5a3-43f3-4ed6-928d-1c9df2f8e2aa, command=[]} | ret=SUCCESS |  
2019-08-24 00:23:06,851 | INFO  | SCMAudit | user=jenkins1000 | ip=192.168.34.57 | op=SEND_HEARTBEAT {datanodeUUID=9b1b75a9-c857-4b9a-9bce-dd664e78af57, command=[]} | ret=SUCCESS |  
2019-08-24 00:23:06,870 | INFO  | SCMAudit | user=jenkins1000 | ip=192.168.34.57 | op=SEND_HEARTBEAT {datanodeUUID=4d1e0fe6-60fd-4907-9842-f352edb6fbc8, command=[]} | ret=SUCCESS |  
2019-08-24 00:23:06,881 | INFO  | SCMAudit | user=jenkins1000 | ip=192.168.34.57 | op=SEND_HEARTBEAT {datanodeUUID=3a14c1ba-d90f-4e55-9b74-34a12c0cf08b, command=[]} | ret=SUCCESS |  
2019-08-24 00:23:06,902 | INFO  | SCMAudit | user=jenkins1000 | ip=192.168.34.57 | op=SEND_HEARTBEAT {datanodeUUID=5da42abd-867e-47ba-b805-7d971175ab74, command=[]} | ret=SUCCESS |  
2019-08-24 00:23:07,136 | INFO  | SCMAudit | user=jenkins1000 | ip=192.168.34.57 | op=SEND_HEARTBEAT {datanodeUUID=a2fab492-56f3-43b8-af5f-239f4e38d11d, command=[]} | ret=SUCCESS |  
2019-08-24 00:23:07,352 | INFO  | SCMAudit | user=jenkins1000 | ip=192.168.34.57 | op=SEND_HEARTBEAT {datanodeUUID=44c7f39a-9454-4511-9eaf-9b72a4aa6bb9, command=[]} | ret=SUCCESS |  
2019-08-24 00:23:07,524 | INFO  | SCMAudit | user=jenkins1000 | ip=192.168.34.57 | op=SEND_HEARTBEAT {datanodeUUID=6f3ac5a3-43f3-4ed6-928d-1c9df2f8e2aa, command=[]} | ret=SUCCESS |  
2019-08-24 00:23:07,852 | INFO  | SCMAudit | user=jenkins1000 | ip=192.168.34.57 | op=SEND_HEARTBEAT {datanodeUUID=9b1b75a9-c857-4b9a-9bce-dd664e78af57, command=[]} | ret=SUCCESS |  
2019-08-24 00:23:07,871 | INFO  | SCMAudit | user=jenkins1000 | ip=192.168.34.57 | op=SEND_HEARTBEAT {datanodeUUID=4d1e0fe6-60fd-4907-9842-f352edb6fbc8, command=[]} | ret=SUCCESS |  
2019-08-24 00:23:07,881 | INFO  | SCMAudit | user=jenkins1000 | ip=192.168.34.57 | op=SEND_HEARTBEAT {datanodeUUID=3a14c1ba-d90f-4e55-9b74-34a12c0cf08b, command=[]} | ret=SUCCESS |  
2019-08-24 00:23:07,902 | INFO  | SCMAudit | user=jenkins1000 | ip=192.168.34.57 | op=SEND_HEARTBEAT {datanodeUUID=5da42abd-867e-47ba-b805-7d971175ab74, command=[]} | ret=SUCCESS |  
2019-08-24 00:23:08,136 | INFO  | SCMAudit | user=jenkins1000 | ip=192.168.34.57 | op=SEND_HEARTBEAT {datanodeUUID=a2fab492-56f3-43b8-af5f-239f4e38d11d, command=[]} | ret=SUCCESS |  
2019-08-24 00:23:08,353 | INFO  | SCMAudit | user=jenkins1000 | ip=192.168.34.57 | op=SEND_HEARTBEAT {datanodeUUID=44c7f39a-9454-4511-9eaf-9b72a4aa6bb9, command=[]} | ret=SUCCESS |  
2019-08-24 00:23:08,524 | INFO  | SCMAudit | user=jenkins1000 | ip=192.168.34.57 | op=SEND_HEARTBEAT {datanodeUUID=6f3ac5a3-43f3-4ed6-928d-1c9df2f8e2aa, command=[]} | ret=SUCCESS |  
2019-08-24 00:23:08,852 | INFO  | SCMAudit | user=jenkins1000 | ip=192.168.34.57 | op=SEND_HEARTBEAT {datanodeUUID=9b1b75a9-c857-4b9a-9bce-dd664e78af57, command=[]} | ret=SUCCESS |  
2019-08-24 00:23:08,871 | INFO  | SCMAudit | user=jenkins1000 | ip=192.168.34.57 | op=SEND_HEARTBEAT {datanodeUUID=4d1e0fe6-60fd-4907-9842-f352edb6fbc8, command=[]} | ret=SUCCESS |  
2019-08-24 00:23:08,882 | INFO  | SCMAudit | user=jenkins1000 | ip=192.168.34.57 | op=SEND_HEARTBEAT {datanodeUUID=3a14c1ba-d90f-4e55-9b74-34a12c0cf08b, command=[]} | ret=SUCCESS |  
2019-08-24 00:23:08,902 | INFO  | SCMAudit | user=jenkins1000 | ip=192.168.34.57 | op=SEND_HEARTBEAT {datanodeUUID=5da42abd-867e-47ba-b805-7d971175ab74, command=[]} | ret=SUCCESS |  
2019-08-24 00:23:09,135 | INFO  | SCMAudit | user=jenkins1000 | ip=192.168.34.57 | op=SEND_HEARTBEAT {datanodeUUID=a2fab492-56f3-43b8-af5f-239f4e38d11d, command=[]} | ret=SUCCESS |  
2019-08-24 00:23:09,353 | INFO  | SCMAudit | user=jenkins1000 | ip=192.168.34.57 | op=SEND_HEARTBEAT {datanodeUUID=44c7f39a-9454-4511-9eaf-9b72a4aa6bb9, command=[]} | ret=SUCCESS |  
2019-08-24 00:23:09,523 | INFO  | SCMAudit | user=jenkins1000 | ip=192.168.34.57 | op=SEND_HEARTBEAT {datanodeUUID=6f3ac5a3-43f3-4ed6-928d-1c9df2f8e2aa, command=[]} | ret=SUCCESS |  
2019-08-24 00:23:09,852 | INFO  | SCMAudit | user=jenkins1000 | ip=192.168.34.57 | op=SEND_HEARTBEAT {datanodeUUID=9b1b75a9-c857-4b9a-9bce-dd664e78af57, command=[]} | ret=SUCCESS |  
2019-08-24 00:23:09,870 | INFO  | SCMAudit | user=jenkins1000 | ip=192.168.34.57 | op=SEND_HEARTBEAT {datanodeUUID=4d1e0fe6-60fd-4907-9842-f352edb6fbc8, command=[]} | ret=SUCCESS |  
2019-08-24 00:23:09,881 | INFO  | SCMAudit | user=jenkins1000 | ip=192.168.34.57 | op=SEND_HEARTBEAT {datanodeUUID=3a14c1ba-d90f-4e55-9b74-34a12c0cf08b, command=[]} | ret=SUCCESS |  
2019-08-24 00:23:09,903 | INFO  | SCMAudit | user=jenkins1000 | ip=192.168.34.57 | op=SEND_HEARTBEAT {datanodeUUID=5da42abd-867e-47ba-b805-7d971175ab74, command=[]} | ret=SUCCESS |  
2019-08-24 00:23:10,136 | INFO  | SCMAudit | user=jenkins1000 | ip=192.168.34.57 | op=SEND_HEARTBEAT {datanodeUUID=a2fab492-56f3-43b8-af5f-239f4e38d11d, command=[]} | ret=SUCCESS |  
2019-08-24 00:23:10,353 | INFO  | SCMAudit | user=jenkins1000 | ip=192.168.34.57 | op=SEND_HEARTBEAT {datanodeUUID=44c7f39a-9454-4511-9eaf-9b72a4aa6bb9, command=[]} | ret=SUCCESS |  
2019-08-24 00:23:10,524 | INFO  | SCMAudit | user=jenkins1000 | ip=192.168.34.57 | op=SEND_HEARTBEAT {datanodeUUID=6f3ac5a3-43f3-4ed6-928d-1c9df2f8e2aa, command=[]} | ret=SUCCESS |  
2019-08-24 00:23:10,851 | INFO  | SCMAudit | user=jenkins1000 | ip=192.168.34.57 | op=SEND_HEARTBEAT {datanodeUUID=9b1b75a9-c857-4b9a-9bce-dd664e78af57, command=[]} | ret=SUCCESS |  
2019-08-24 00:23:10,871 | INFO  | SCMAudit | user=jenkins1000 | ip=192.168.34.57 | op=SEND_HEARTBEAT {datanodeUUID=4d1e0fe6-60fd-4907-9842-f352edb6fbc8, command=[]} | ret=SUCCESS |  
2019-08-24 00:23:10,881 | INFO  | SCMAudit | user=jenkins1000 | ip=192.168.34.57 | op=SEND_HEARTBEAT {datanodeUUID=3a14c1ba-d90f-4e55-9b74-34a12c0cf08b, command=[]} | ret=SUCCESS |  
2019-08-24 00:23:10,902 | INFO  | SCMAudit | user=jenkins1000 | ip=192.168.34.57 | op=SEND_HEARTBEAT {datanodeUUID=5da42abd-867e-47ba-b805-7d971175ab74, command=[]} | ret=SUCCESS |  
2019-08-24 00:23:11,135 | INFO  | SCMAudit | user=jenkins1000 | ip=192.168.34.57 | op=SEND_HEARTBEAT {datanodeUUID=a2fab492-56f3-43b8-af5f-239f4e38d11d, command=[]} | ret=SUCCESS |  
2019-08-24 00:23:11,328 [grpc-default-executor-4] INFO  client.GrpcClientProtocolClient (GrpcClientProtocolClient.java:onNext(255)) - client-090605BECF39->3a14c1ba-d90f-4e55-9b74-34a12c0cf08b: receive RaftClientReply:client-090605BECF39->3a14c1ba-d90f-4e55-9b74-34a12c0cf08b@group-7922B4F3146A, cid=45, FAILED org.apache.ratis.protocol.NotLeaderException: Server 3a14c1ba-d90f-4e55-9b74-34a12c0cf08b is not the leader (4d1e0fe6-60fd-4907-9842-f352edb6fbc8:192.168.34.57:43840). Request must be sent to leader., logIndex=0, commits[3a14c1ba-d90f-4e55-9b74-34a12c0cf08b:c8, 9b1b75a9-c857-4b9a-9bce-dd664e78af57:c8, 4d1e0fe6-60fd-4907-9842-f352edb6fbc8:c8]
2019-08-24 00:23:11,354 | INFO  | SCMAudit | user=jenkins1000 | ip=192.168.34.57 | op=SEND_HEARTBEAT {datanodeUUID=44c7f39a-9454-4511-9eaf-9b72a4aa6bb9, command=[]} | ret=SUCCESS |  
2019-08-24 00:23:11,523 | INFO  | SCMAudit | user=jenkins1000 | ip=192.168.34.57 | op=SEND_HEARTBEAT {datanodeUUID=6f3ac5a3-43f3-4ed6-928d-1c9df2f8e2aa, command=[]} | ret=SUCCESS |  
2019-08-24 00:23:11,852 | INFO  | SCMAudit | user=jenkins1000 | ip=192.168.34.57 | op=SEND_HEARTBEAT {datanodeUUID=9b1b75a9-c857-4b9a-9bce-dd664e78af57, command=[]} | ret=SUCCESS |  
2019-08-24 00:23:11,871 | INFO  | SCMAudit | user=jenkins1000 | ip=192.168.34.57 | op=SEND_HEARTBEAT {datanodeUUID=4d1e0fe6-60fd-4907-9842-f352edb6fbc8, command=[]} | ret=SUCCESS |  
2019-08-24 00:23:11,881 | INFO  | SCMAudit | user=jenkins1000 | ip=192.168.34.57 | op=SEND_HEARTBEAT {datanodeUUID=3a14c1ba-d90f-4e55-9b74-34a12c0cf08b, command=[]} | ret=SUCCESS |  
2019-08-24 00:23:11,902 | INFO  | SCMAudit | user=jenkins1000 | ip=192.168.34.57 | op=SEND_HEARTBEAT {datanodeUUID=5da42abd-867e-47ba-b805-7d971175ab74, command=[]} | ret=SUCCESS |  
2019-08-24 00:23:12,136 | INFO  | SCMAudit | user=jenkins1000 | ip=192.168.34.57 | op=SEND_HEARTBEAT {datanodeUUID=a2fab492-56f3-43b8-af5f-239f4e38d11d, command=[]} | ret=SUCCESS |  
2019-08-24 00:23:12,353 | INFO  | SCMAudit | user=jenkins1000 | ip=192.168.34.57 | op=SEND_HEARTBEAT {datanodeUUID=44c7f39a-9454-4511-9eaf-9b72a4aa6bb9, command=[]} | ret=SUCCESS |  
2019-08-24 00:23:12,524 | INFO  | SCMAudit | user=jenkins1000 | ip=192.168.34.57 | op=SEND_HEARTBEAT {datanodeUUID=6f3ac5a3-43f3-4ed6-928d-1c9df2f8e2aa, command=[]} | ret=SUCCESS |  
2019-08-24 00:23:12,851 | INFO  | SCMAudit | user=jenkins1000 | ip=192.168.34.57 | op=SEND_HEARTBEAT {datanodeUUID=9b1b75a9-c857-4b9a-9bce-dd664e78af57, command=[]} | ret=SUCCESS |  
2019-08-24 00:23:12,871 | INFO  | SCMAudit | user=jenkins1000 | ip=192.168.34.57 | op=SEND_HEARTBEAT {datanodeUUID=4d1e0fe6-60fd-4907-9842-f352edb6fbc8, command=[]} | ret=SUCCESS |  
2019-08-24 00:23:12,882 | INFO  | SCMAudit | user=jenkins1000 | ip=192.168.34.57 | op=SEND_HEARTBEAT {datanodeUUID=3a14c1ba-d90f-4e55-9b74-34a12c0cf08b, command=[]} | ret=SUCCESS |  
2019-08-24 00:23:12,903 | INFO  | SCMAudit | user=jenkins1000 | ip=192.168.34.57 | op=SEND_HEARTBEAT {datanodeUUID=5da42abd-867e-47ba-b805-7d971175ab74, command=[]} | ret=SUCCESS |  
2019-08-24 00:23:13,136 | INFO  | SCMAudit | user=jenkins1000 | ip=192.168.34.57 | op=SEND_HEARTBEAT {datanodeUUID=a2fab492-56f3-43b8-af5f-239f4e38d11d, command=[]} | ret=SUCCESS |  
2019-08-24 00:23:13,354 | INFO  | SCMAudit | user=jenkins1000 | ip=192.168.34.57 | op=SEND_HEARTBEAT {datanodeUUID=44c7f39a-9454-4511-9eaf-9b72a4aa6bb9, command=[]} | ret=SUCCESS |  
2019-08-24 00:23:13,523 | INFO  | SCMAudit | user=jenkins1000 | ip=192.168.34.57 | op=SEND_HEARTBEAT {datanodeUUID=6f3ac5a3-43f3-4ed6-928d-1c9df2f8e2aa, command=[]} | ret=SUCCESS |  
2019-08-24 00:23:13,852 | INFO  | SCMAudit | user=jenkins1000 | ip=192.168.34.57 | op=SEND_HEARTBEAT {datanodeUUID=9b1b75a9-c857-4b9a-9bce-dd664e78af57, command=[]} | ret=SUCCESS |  
2019-08-24 00:23:13,872 | INFO  | SCMAudit | user=jenkins1000 | ip=192.168.34.57 | op=SEND_HEARTBEAT {datanodeUUID=4d1e0fe6-60fd-4907-9842-f352edb6fbc8, command=[]} | ret=SUCCESS |  
2019-08-24 00:23:13,881 | INFO  | SCMAudit | user=jenkins1000 | ip=192.168.34.57 | op=SEND_HEARTBEAT {datanodeUUID=3a14c1ba-d90f-4e55-9b74-34a12c0cf08b, command=[]} | ret=SUCCESS |  
2019-08-24 00:23:13,903 | INFO  | SCMAudit | user=jenkins1000 | ip=192.168.34.57 | op=SEND_HEARTBEAT {datanodeUUID=5da42abd-867e-47ba-b805-7d971175ab74, command=[]} | ret=SUCCESS |  
2019-08-24 00:23:14,136 | INFO  | SCMAudit | user=jenkins1000 | ip=192.168.34.57 | op=SEND_HEARTBEAT {datanodeUUID=a2fab492-56f3-43b8-af5f-239f4e38d11d, command=[]} | ret=SUCCESS |  
2019-08-24 00:23:14,354 | INFO  | SCMAudit | user=jenkins1000 | ip=192.168.34.57 | op=SEND_HEARTBEAT {datanodeUUID=44c7f39a-9454-4511-9eaf-9b72a4aa6bb9, command=[]} | ret=SUCCESS |  
2019-08-24 00:23:14,524 | INFO  | SCMAudit | user=jenkins1000 | ip=192.168.34.57 | op=SEND_HEARTBEAT {datanodeUUID=6f3ac5a3-43f3-4ed6-928d-1c9df2f8e2aa, command=[]} | ret=SUCCESS |  
2019-08-24 00:23:14,851 | INFO  | SCMAudit | user=jenkins1000 | ip=192.168.34.57 | op=SEND_HEARTBEAT {datanodeUUID=9b1b75a9-c857-4b9a-9bce-dd664e78af57, command=[]} | ret=SUCCESS |  
2019-08-24 00:23:14,872 | INFO  | SCMAudit | user=jenkins1000 | ip=192.168.34.57 | op=SEND_HEARTBEAT {datanodeUUID=4d1e0fe6-60fd-4907-9842-f352edb6fbc8, command=[]} | ret=SUCCESS |  
2019-08-24 00:23:14,881 | INFO  | SCMAudit | user=jenkins1000 | ip=192.168.34.57 | op=SEND_HEARTBEAT {datanodeUUID=3a14c1ba-d90f-4e55-9b74-34a12c0cf08b, command=[]} | ret=SUCCESS |  
2019-08-24 00:23:14,903 | INFO  | SCMAudit | user=jenkins1000 | ip=192.168.34.57 | op=SEND_HEARTBEAT {datanodeUUID=5da42abd-867e-47ba-b805-7d971175ab74, command=[]} | ret=SUCCESS |  
2019-08-24 00:23:15,136 | INFO  | SCMAudit | user=jenkins1000 | ip=192.168.34.57 | op=SEND_HEARTBEAT {datanodeUUID=a2fab492-56f3-43b8-af5f-239f4e38d11d, command=[]} | ret=SUCCESS |  
2019-08-24 00:23:15,356 | INFO  | SCMAudit | user=jenkins1000 | ip=192.168.34.57 | op=SEND_HEARTBEAT {datanodeUUID=44c7f39a-9454-4511-9eaf-9b72a4aa6bb9, command=[]} | ret=SUCCESS |  
2019-08-24 00:23:15,524 | INFO  | SCMAudit | user=jenkins1000 | ip=192.168.34.57 | op=SEND_HEARTBEAT {datanodeUUID=6f3ac5a3-43f3-4ed6-928d-1c9df2f8e2aa, command=[]} | ret=SUCCESS |  
2019-08-24 00:23:15,852 | INFO  | SCMAudit | user=jenkins1000 | ip=192.168.34.57 | op=SEND_HEARTBEAT {datanodeUUID=9b1b75a9-c857-4b9a-9bce-dd664e78af57, command=[]} | ret=SUCCESS |  
2019-08-24 00:23:15,872 | INFO  | SCMAudit | user=jenkins1000 | ip=192.168.34.57 | op=SEND_HEARTBEAT {datanodeUUID=4d1e0fe6-60fd-4907-9842-f352edb6fbc8, command=[]} | ret=SUCCESS |  
2019-08-24 00:23:15,881 | INFO  | SCMAudit | user=jenkins1000 | ip=192.168.34.57 | op=SEND_HEARTBEAT {datanodeUUID=3a14c1ba-d90f-4e55-9b74-34a12c0cf08b, command=[]} | ret=SUCCESS |  
2019-08-24 00:23:15,903 | INFO  | SCMAudit | user=jenkins1000 | ip=192.168.34.57 | op=SEND_HEARTBEAT {datanodeUUID=5da42abd-867e-47ba-b805-7d971175ab74, command=[]} | ret=SUCCESS |  
2019-08-24 00:23:16,137 | INFO  | SCMAudit | user=jenkins1000 | ip=192.168.34.57 | op=SEND_HEARTBEAT {datanodeUUID=a2fab492-56f3-43b8-af5f-239f4e38d11d, command=[]} | ret=SUCCESS |  
2019-08-24 00:23:16,354 | INFO  | SCMAudit | user=jenkins1000 | ip=192.168.34.57 | op=SEND_HEARTBEAT {datanodeUUID=44c7f39a-9454-4511-9eaf-9b72a4aa6bb9, command=[]} | ret=SUCCESS |  
2019-08-24 00:23:16,376 [grpc-default-executor-4] INFO  client.GrpcClientProtocolClient (GrpcClientProtocolClient.java:onNext(255)) - client-090605BECF39->3a14c1ba-d90f-4e55-9b74-34a12c0cf08b: receive RaftClientReply:client-090605BECF39->3a14c1ba-d90f-4e55-9b74-34a12c0cf08b@group-7922B4F3146A, cid=45, FAILED org.apache.ratis.protocol.NotLeaderException: Server 3a14c1ba-d90f-4e55-9b74-34a12c0cf08b is not the leader (4d1e0fe6-60fd-4907-9842-f352edb6fbc8:192.168.34.57:43840). Request must be sent to leader., logIndex=0, commits[3a14c1ba-d90f-4e55-9b74-34a12c0cf08b:c8, 9b1b75a9-c857-4b9a-9bce-dd664e78af57:c8, 4d1e0fe6-60fd-4907-9842-f352edb6fbc8:c8]
2019-08-24 00:23:16,523 | INFO  | SCMAudit | user=jenkins1000 | ip=192.168.34.57 | op=SEND_HEARTBEAT {datanodeUUID=6f3ac5a3-43f3-4ed6-928d-1c9df2f8e2aa, command=[]} | ret=SUCCESS |  
2019-08-24 00:23:16,852 | INFO  | SCMAudit | user=jenkins1000 | ip=192.168.34.57 | op=SEND_HEARTBEAT {datanodeUUID=9b1b75a9-c857-4b9a-9bce-dd664e78af57, command=[]} | ret=SUCCESS |  
2019-08-24 00:23:16,872 | INFO  | SCMAudit | user=jenkins1000 | ip=192.168.34.57 | op=SEND_HEARTBEAT {datanodeUUID=4d1e0fe6-60fd-4907-9842-f352edb6fbc8, command=[]} | ret=SUCCESS |  
2019-08-24 00:23:16,882 | INFO  | SCMAudit | user=jenkins1000 | ip=192.168.34.57 | op=SEND_HEARTBEAT {datanodeUUID=3a14c1ba-d90f-4e55-9b74-34a12c0cf08b, command=[]} | ret=SUCCESS |  
2019-08-24 00:23:16,904 | INFO  | SCMAudit | user=jenkins1000 | ip=192.168.34.57 | op=SEND_HEARTBEAT {datanodeUUID=5da42abd-867e-47ba-b805-7d971175ab74, command=[]} | ret=SUCCESS |  
2019-08-24 00:23:17,137 | INFO  | SCMAudit | user=jenkins1000 | ip=192.168.34.57 | op=SEND_HEARTBEAT {datanodeUUID=a2fab492-56f3-43b8-af5f-239f4e38d11d, command=[]} | ret=SUCCESS |  
2019-08-24 00:23:17,353 | INFO  | SCMAudit | user=jenkins1000 | ip=192.168.34.57 | op=SEND_HEARTBEAT {datanodeUUID=44c7f39a-9454-4511-9eaf-9b72a4aa6bb9, command=[]} | ret=SUCCESS |  
2019-08-24 00:23:17,524 | INFO  | SCMAudit | user=jenkins1000 | ip=192.168.34.57 | op=SEND_HEARTBEAT {datanodeUUID=6f3ac5a3-43f3-4ed6-928d-1c9df2f8e2aa, command=[]} | ret=SUCCESS |  
2019-08-24 00:23:17,852 | INFO  | SCMAudit | user=jenkins1000 | ip=192.168.34.57 | op=SEND_HEARTBEAT {datanodeUUID=9b1b75a9-c857-4b9a-9bce-dd664e78af57, command=[]} | ret=SUCCESS |  
2019-08-24 00:23:17,873 | INFO  | SCMAudit | user=jenkins1000 | ip=192.168.34.57 | op=SEND_HEARTBEAT {datanodeUUID=4d1e0fe6-60fd-4907-9842-f352edb6fbc8, command=[]} | ret=SUCCESS |  
2019-08-24 00:23:17,882 | INFO  | SCMAudit | user=jenkins1000 | ip=192.168.34.57 | op=SEND_HEARTBEAT {datanodeUUID=3a14c1ba-d90f-4e55-9b74-34a12c0cf08b, command=[]} | ret=SUCCESS |  
2019-08-24 00:23:17,904 | INFO  | SCMAudit | user=jenkins1000 | ip=192.168.34.57 | op=SEND_HEARTBEAT {datanodeUUID=5da42abd-867e-47ba-b805-7d971175ab74, command=[]} | ret=SUCCESS |  
2019-08-24 00:23:18,137 | INFO  | SCMAudit | user=jenkins1000 | ip=192.168.34.57 | op=SEND_HEARTBEAT {datanodeUUID=a2fab492-56f3-43b8-af5f-239f4e38d11d, command=[]} | ret=SUCCESS |  
2019-08-24 00:23:18,354 | INFO  | SCMAudit | user=jenkins1000 | ip=192.168.34.57 | op=SEND_HEARTBEAT {datanodeUUID=44c7f39a-9454-4511-9eaf-9b72a4aa6bb9, command=[]} | ret=SUCCESS |  
2019-08-24 00:23:18,523 | INFO  | SCMAudit | user=jenkins1000 | ip=192.168.34.57 | op=SEND_HEARTBEAT {datanodeUUID=6f3ac5a3-43f3-4ed6-928d-1c9df2f8e2aa, command=[]} | ret=SUCCESS |  
2019-08-24 00:23:18,852 | INFO  | SCMAudit | user=jenkins1000 | ip=192.168.34.57 | op=SEND_HEARTBEAT {datanodeUUID=9b1b75a9-c857-4b9a-9bce-dd664e78af57, command=[]} | ret=SUCCESS |  
2019-08-24 00:23:18,873 | INFO  | SCMAudit | user=jenkins1000 | ip=192.168.34.57 | op=SEND_HEARTBEAT {datanodeUUID=4d1e0fe6-60fd-4907-9842-f352edb6fbc8, command=[]} | ret=SUCCESS |  
2019-08-24 00:23:18,882 | INFO  | SCMAudit | user=jenkins1000 | ip=192.168.34.57 | op=SEND_HEARTBEAT {datanodeUUID=3a14c1ba-d90f-4e55-9b74-34a12c0cf08b, command=[]} | ret=SUCCESS |  
2019-08-24 00:23:18,904 | INFO  | SCMAudit | user=jenkins1000 | ip=192.168.34.57 | op=SEND_HEARTBEAT {datanodeUUID=5da42abd-867e-47ba-b805-7d971175ab74, command=[]} | ret=SUCCESS |  
2019-08-24 00:23:19,137 | INFO  | SCMAudit | user=jenkins1000 | ip=192.168.34.57 | op=SEND_HEARTBEAT {datanodeUUID=a2fab492-56f3-43b8-af5f-239f4e38d11d, command=[]} | ret=SUCCESS |  
2019-08-24 00:23:19,353 | INFO  | SCMAudit | user=jenkins1000 | ip=192.168.34.57 | op=SEND_HEARTBEAT {datanodeUUID=44c7f39a-9454-4511-9eaf-9b72a4aa6bb9, command=[]} | ret=SUCCESS |  
2019-08-24 00:23:19,524 | INFO  | SCMAudit | user=jenkins1000 | ip=192.168.34.57 | op=SEND_HEARTBEAT {datanodeUUID=6f3ac5a3-43f3-4ed6-928d-1c9df2f8e2aa, command=[]} | ret=SUCCESS |  
2019-08-24 00:23:19,853 | INFO  | SCMAudit | user=jenkins1000 | ip=192.168.34.57 | op=SEND_HEARTBEAT {datanodeUUID=9b1b75a9-c857-4b9a-9bce-dd664e78af57, command=[]} | ret=SUCCESS |  
2019-08-24 00:23:19,873 | INFO  | SCMAudit | user=jenkins1000 | ip=192.168.34.57 | op=SEND_HEARTBEAT {datanodeUUID=4d1e0fe6-60fd-4907-9842-f352edb6fbc8, command=[]} | ret=SUCCESS |  
2019-08-24 00:23:19,883 | INFO  | SCMAudit | user=jenkins1000 | ip=192.168.34.57 | op=SEND_HEARTBEAT {datanodeUUID=3a14c1ba-d90f-4e55-9b74-34a12c0cf08b, command=[]} | ret=SUCCESS |  
2019-08-24 00:23:19,905 | INFO  | SCMAudit | user=jenkins1000 | ip=192.168.34.57 | op=SEND_HEARTBEAT {datanodeUUID=5da42abd-867e-47ba-b805-7d971175ab74, command=[]} | ret=SUCCESS |  
2019-08-24 00:23:20,137 | INFO  | SCMAudit | user=jenkins1000 | ip=192.168.34.57 | op=SEND_HEARTBEAT {datanodeUUID=a2fab492-56f3-43b8-af5f-239f4e38d11d, command=[]} | ret=SUCCESS |  
2019-08-24 00:23:20,353 | INFO  | SCMAudit | user=jenkins1000 | ip=192.168.34.57 | op=SEND_HEARTBEAT {datanodeUUID=44c7f39a-9454-4511-9eaf-9b72a4aa6bb9, command=[]} | ret=SUCCESS |  
2019-08-24 00:23:20,523 | INFO  | SCMAudit | user=jenkins1000 | ip=192.168.34.57 | op=SEND_HEARTBEAT {datanodeUUID=6f3ac5a3-43f3-4ed6-928d-1c9df2f8e2aa, command=[]} | ret=SUCCESS |  
2019-08-24 00:23:20,853 | INFO  | SCMAudit | user=jenkins1000 | ip=192.168.34.57 | op=SEND_HEARTBEAT {datanodeUUID=9b1b75a9-c857-4b9a-9bce-dd664e78af57, command=[]} | ret=SUCCESS |  
2019-08-24 00:23:20,873 | INFO  | SCMAudit | user=jenkins1000 | ip=192.168.34.57 | op=SEND_HEARTBEAT {datanodeUUID=4d1e0fe6-60fd-4907-9842-f352edb6fbc8, command=[]} | ret=SUCCESS |  
2019-08-24 00:23:20,884 | INFO  | SCMAudit | user=jenkins1000 | ip=192.168.34.57 | op=SEND_HEARTBEAT {datanodeUUID=3a14c1ba-d90f-4e55-9b74-34a12c0cf08b, command=[]} | ret=SUCCESS |  
2019-08-24 00:23:20,905 | INFO  | SCMAudit | user=jenkins1000 | ip=192.168.34.57 | op=SEND_HEARTBEAT {datanodeUUID=5da42abd-867e-47ba-b805-7d971175ab74, command=[]} | ret=SUCCESS |  
2019-08-24 00:23:21,138 | INFO  | SCMAudit | user=jenkins1000 | ip=192.168.34.57 | op=SEND_HEARTBEAT {datanodeUUID=a2fab492-56f3-43b8-af5f-239f4e38d11d, command=[]} | ret=SUCCESS |  
2019-08-24 00:23:21,354 | INFO  | SCMAudit | user=jenkins1000 | ip=192.168.34.57 | op=SEND_HEARTBEAT {datanodeUUID=44c7f39a-9454-4511-9eaf-9b72a4aa6bb9, command=[]} | ret=SUCCESS |  
2019-08-24 00:23:21,413 [grpc-default-executor-4] INFO  client.GrpcClientProtocolClient (GrpcClientProtocolClient.java:onNext(255)) - client-090605BECF39->3a14c1ba-d90f-4e55-9b74-34a12c0cf08b: receive RaftClientReply:client-090605BECF39->3a14c1ba-d90f-4e55-9b74-34a12c0cf08b@group-7922B4F3146A, cid=45, FAILED org.apache.ratis.protocol.NotLeaderException: Server 3a14c1ba-d90f-4e55-9b74-34a12c0cf08b is not the leader (4d1e0fe6-60fd-4907-9842-f352edb6fbc8:192.168.34.57:43840). Request must be sent to leader., logIndex=0, commits[3a14c1ba-d90f-4e55-9b74-34a12c0cf08b:c8, 9b1b75a9-c857-4b9a-9bce-dd664e78af57:c8, 4d1e0fe6-60fd-4907-9842-f352edb6fbc8:c8]
2019-08-24 00:23:21,524 | INFO  | SCMAudit | user=jenkins1000 | ip=192.168.34.57 | op=SEND_HEARTBEAT {datanodeUUID=6f3ac5a3-43f3-4ed6-928d-1c9df2f8e2aa, command=[]} | ret=SUCCESS |  
2019-08-24 00:23:21,854 | INFO  | SCMAudit | user=jenkins1000 | ip=192.168.34.57 | op=SEND_HEARTBEAT {datanodeUUID=9b1b75a9-c857-4b9a-9bce-dd664e78af57, command=[]} | ret=SUCCESS |  
2019-08-24 00:23:21,873 | INFO  | SCMAudit | user=jenkins1000 | ip=192.168.34.57 | op=SEND_HEARTBEAT {datanodeUUID=4d1e0fe6-60fd-4907-9842-f352edb6fbc8, command=[]} | ret=SUCCESS |  
2019-08-24 00:23:21,884 | INFO  | SCMAudit | user=jenkins1000 | ip=192.168.34.57 | op=SEND_HEARTBEAT {datanodeUUID=3a14c1ba-d90f-4e55-9b74-34a12c0cf08b, command=[]} | ret=SUCCESS |  
2019-08-24 00:23:21,906 | INFO  | SCMAudit | user=jenkins1000 | ip=192.168.34.57 | op=SEND_HEARTBEAT {datanodeUUID=5da42abd-867e-47ba-b805-7d971175ab74, command=[]} | ret=SUCCESS |  
2019-08-24 00:23:22,138 | INFO  | SCMAudit | user=jenkins1000 | ip=192.168.34.57 | op=SEND_HEARTBEAT {datanodeUUID=a2fab492-56f3-43b8-af5f-239f4e38d11d, command=[]} | ret=SUCCESS |  
2019-08-24 00:23:22,353 | INFO  | SCMAudit | user=jenkins1000 | ip=192.168.34.57 | op=SEND_HEARTBEAT {datanodeUUID=44c7f39a-9454-4511-9eaf-9b72a4aa6bb9, command=[]} | ret=SUCCESS |  
2019-08-24 00:23:22,523 | INFO  | SCMAudit | user=jenkins1000 | ip=192.168.34.57 | op=SEND_HEARTBEAT {datanodeUUID=6f3ac5a3-43f3-4ed6-928d-1c9df2f8e2aa, command=[]} | ret=SUCCESS |  
2019-08-24 00:23:22,853 | INFO  | SCMAudit | user=jenkins1000 | ip=192.168.34.57 | op=SEND_HEARTBEAT {datanodeUUID=9b1b75a9-c857-4b9a-9bce-dd664e78af57, command=[]} | ret=SUCCESS |  
2019-08-24 00:23:22,874 | INFO  | SCMAudit | user=jenkins1000 | ip=192.168.34.57 | op=SEND_HEARTBEAT {datanodeUUID=4d1e0fe6-60fd-4907-9842-f352edb6fbc8, command=[]} | ret=SUCCESS |  
2019-08-24 00:23:22,884 | INFO  | SCMAudit | user=jenkins1000 | ip=192.168.34.57 | op=SEND_HEARTBEAT {datanodeUUID=3a14c1ba-d90f-4e55-9b74-34a12c0cf08b, command=[]} | ret=SUCCESS |  
2019-08-24 00:23:22,906 | INFO  | SCMAudit | user=jenkins1000 | ip=192.168.34.57 | op=SEND_HEARTBEAT {datanodeUUID=5da42abd-867e-47ba-b805-7d971175ab74, command=[]} | ret=SUCCESS |  
2019-08-24 00:23:23,139 | INFO  | SCMAudit | user=jenkins1000 | ip=192.168.34.57 | op=SEND_HEARTBEAT {datanodeUUID=a2fab492-56f3-43b8-af5f-239f4e38d11d, command=[]} | ret=SUCCESS |  
2019-08-24 00:23:23,353 | INFO  | SCMAudit | user=jenkins1000 | ip=192.168.34.57 | op=SEND_HEARTBEAT {datanodeUUID=44c7f39a-9454-4511-9eaf-9b72a4aa6bb9, command=[]} | ret=SUCCESS |  
2019-08-24 00:23:23,523 | INFO  | SCMAudit | user=jenkins1000 | ip=192.168.34.57 | op=SEND_HEARTBEAT {datanodeUUID=6f3ac5a3-43f3-4ed6-928d-1c9df2f8e2aa, command=[]} | ret=SUCCESS |  
2019-08-24 00:23:23,854 | INFO  | SCMAudit | user=jenkins1000 | ip=192.168.34.57 | op=SEND_HEARTBEAT {datanodeUUID=9b1b75a9-c857-4b9a-9bce-dd664e78af57, command=[]} | ret=SUCCESS |  
2019-08-24 00:23:23,874 | INFO  | SCMAudit | user=jenkins1000 | ip=192.168.34.57 | op=SEND_HEARTBEAT {datanodeUUID=4d1e0fe6-60fd-4907-9842-f352edb6fbc8, command=[]} | ret=SUCCESS |  
2019-08-24 00:23:23,885 | INFO  | SCMAudit | user=jenkins1000 | ip=192.168.34.57 | op=SEND_HEARTBEAT {datanodeUUID=3a14c1ba-d90f-4e55-9b74-34a12c0cf08b, command=[]} | ret=SUCCESS |  
2019-08-24 00:23:23,905 | INFO  | SCMAudit | user=jenkins1000 | ip=192.168.34.57 | op=SEND_HEARTBEAT {datanodeUUID=5da42abd-867e-47ba-b805-7d971175ab74, command=[]} | ret=SUCCESS |  
2019-08-24 00:23:24,139 | INFO  | SCMAudit | user=jenkins1000 | ip=192.168.34.57 | op=SEND_HEARTBEAT {datanodeUUID=a2fab492-56f3-43b8-af5f-239f4e38d11d, command=[]} | ret=SUCCESS |  
2019-08-24 00:23:24,354 | INFO  | SCMAudit | user=jenkins1000 | ip=192.168.34.57 | op=SEND_HEARTBEAT {datanodeUUID=44c7f39a-9454-4511-9eaf-9b72a4aa6bb9, command=[]} | ret=SUCCESS |  
2019-08-24 00:23:24,524 | INFO  | SCMAudit | user=jenkins1000 | ip=192.168.34.57 | op=SEND_HEARTBEAT {datanodeUUID=6f3ac5a3-43f3-4ed6-928d-1c9df2f8e2aa, command=[]} | ret=SUCCESS |  
2019-08-24 00:23:24,854 | INFO  | SCMAudit | user=jenkins1000 | ip=192.168.34.57 | op=SEND_HEARTBEAT {datanodeUUID=9b1b75a9-c857-4b9a-9bce-dd664e78af57, command=[]} | ret=SUCCESS |  
2019-08-24 00:23:24,874 | INFO  | SCMAudit | user=jenkins1000 | ip=192.168.34.57 | op=SEND_HEARTBEAT {datanodeUUID=4d1e0fe6-60fd-4907-9842-f352edb6fbc8, command=[]} | ret=SUCCESS |  
2019-08-24 00:23:24,885 | INFO  | SCMAudit | user=jenkins1000 | ip=192.168.34.57 | op=SEND_HEARTBEAT {datanodeUUID=3a14c1ba-d90f-4e55-9b74-34a12c0cf08b, command=[]} | ret=SUCCESS |  
2019-08-24 00:23:24,906 | INFO  | SCMAudit | user=jenkins1000 | ip=192.168.34.57 | op=SEND_HEARTBEAT {datanodeUUID=5da42abd-867e-47ba-b805-7d971175ab74, command=[]} | ret=SUCCESS |  
2019-08-24 00:23:25,139 | INFO  | SCMAudit | user=jenkins1000 | ip=192.168.34.57 | op=SEND_HEARTBEAT {datanodeUUID=a2fab492-56f3-43b8-af5f-239f4e38d11d, command=[]} | ret=SUCCESS |  
2019-08-24 00:23:25,353 | INFO  | SCMAudit | user=jenkins1000 | ip=192.168.34.57 | op=SEND_HEARTBEAT {datanodeUUID=44c7f39a-9454-4511-9eaf-9b72a4aa6bb9, command=[]} | ret=SUCCESS |  
2019-08-24 00:23:25,523 | INFO  | SCMAudit | user=jenkins1000 | ip=192.168.34.57 | op=SEND_HEARTBEAT {datanodeUUID=6f3ac5a3-43f3-4ed6-928d-1c9df2f8e2aa, command=[]} | ret=SUCCESS |  
2019-08-24 00:23:25,854 | INFO  | SCMAudit | user=jenkins1000 | ip=192.168.34.57 | op=SEND_HEARTBEAT {datanodeUUID=9b1b75a9-c857-4b9a-9bce-dd664e78af57, command=[]} | ret=SUCCESS |  
2019-08-24 00:23:25,874 | INFO  | SCMAudit | user=jenkins1000 | ip=192.168.34.57 | op=SEND_HEARTBEAT {datanodeUUID=4d1e0fe6-60fd-4907-9842-f352edb6fbc8, command=[]} | ret=SUCCESS |  
2019-08-24 00:23:25,884 | INFO  | SCMAudit | user=jenkins1000 | ip=192.168.34.57 | op=SEND_HEARTBEAT {datanodeUUID=3a14c1ba-d90f-4e55-9b74-34a12c0cf08b, command=[]} | ret=SUCCESS |  
2019-08-24 00:23:25,905 | INFO  | SCMAudit | user=jenkins1000 | ip=192.168.34.57 | op=SEND_HEARTBEAT {datanodeUUID=5da42abd-867e-47ba-b805-7d971175ab74, command=[]} | ret=SUCCESS |  
2019-08-24 00:23:26,140 | INFO  | SCMAudit | user=jenkins1000 | ip=192.168.34.57 | op=SEND_HEARTBEAT {datanodeUUID=a2fab492-56f3-43b8-af5f-239f4e38d11d, command=[]} | ret=SUCCESS |  
2019-08-24 00:23:26,354 | INFO  | SCMAudit | user=jenkins1000 | ip=192.168.34.57 | op=SEND_HEARTBEAT {datanodeUUID=44c7f39a-9454-4511-9eaf-9b72a4aa6bb9, command=[]} | ret=SUCCESS |  
2019-08-24 00:23:26,456 [grpc-default-executor-4] INFO  client.GrpcClientProtocolClient (GrpcClientProtocolClient.java:onNext(255)) - client-090605BECF39->9b1b75a9-c857-4b9a-9bce-dd664e78af57: receive RaftClientReply:client-090605BECF39->9b1b75a9-c857-4b9a-9bce-dd664e78af57@group-7922B4F3146A, cid=45, FAILED org.apache.ratis.protocol.NotLeaderException: Server 9b1b75a9-c857-4b9a-9bce-dd664e78af57 is not the leader (4d1e0fe6-60fd-4907-9842-f352edb6fbc8:192.168.34.57:43840). Request must be sent to leader., logIndex=0, commits[9b1b75a9-c857-4b9a-9bce-dd664e78af57:c8, 3a14c1ba-d90f-4e55-9b74-34a12c0cf08b:c8, 4d1e0fe6-60fd-4907-9842-f352edb6fbc8:c8]
2019-08-24 00:23:26,523 | INFO  | SCMAudit | user=jenkins1000 | ip=192.168.34.57 | op=SEND_HEARTBEAT {datanodeUUID=6f3ac5a3-43f3-4ed6-928d-1c9df2f8e2aa, command=[]} | ret=SUCCESS |  
2019-08-24 00:23:26,854 | INFO  | SCMAudit | user=jenkins1000 | ip=192.168.34.57 | op=SEND_HEARTBEAT {datanodeUUID=9b1b75a9-c857-4b9a-9bce-dd664e78af57, command=[]} | ret=SUCCESS |  
2019-08-24 00:23:26,875 | INFO  | SCMAudit | user=jenkins1000 | ip=192.168.34.57 | op=SEND_HEARTBEAT {datanodeUUID=4d1e0fe6-60fd-4907-9842-f352edb6fbc8, command=[]} | ret=SUCCESS |  
2019-08-24 00:23:26,884 | INFO  | SCMAudit | user=jenkins1000 | ip=192.168.34.57 | op=SEND_HEARTBEAT {datanodeUUID=3a14c1ba-d90f-4e55-9b74-34a12c0cf08b, command=[]} | ret=SUCCESS |  
2019-08-24 00:23:26,905 | INFO  | SCMAudit | user=jenkins1000 | ip=192.168.34.57 | op=SEND_HEARTBEAT {datanodeUUID=5da42abd-867e-47ba-b805-7d971175ab74, command=[]} | ret=SUCCESS |  
2019-08-24 00:23:27,140 | INFO  | SCMAudit | user=jenkins1000 | ip=192.168.34.57 | op=SEND_HEARTBEAT {datanodeUUID=a2fab492-56f3-43b8-af5f-239f4e38d11d, command=[]} | ret=SUCCESS |  
2019-08-24 00:23:27,354 | INFO  | SCMAudit | user=jenkins1000 | ip=192.168.34.57 | op=SEND_HEARTBEAT {datanodeUUID=44c7f39a-9454-4511-9eaf-9b72a4aa6bb9, command=[]} | ret=SUCCESS |  
2019-08-24 00:23:27,524 | INFO  | SCMAudit | user=jenkins1000 | ip=192.168.34.57 | op=SEND_HEARTBEAT {datanodeUUID=6f3ac5a3-43f3-4ed6-928d-1c9df2f8e2aa, command=[]} | ret=SUCCESS |  
2019-08-24 00:23:27,854 | INFO  | SCMAudit | user=jenkins1000 | ip=192.168.34.57 | op=SEND_HEARTBEAT {datanodeUUID=9b1b75a9-c857-4b9a-9bce-dd664e78af57, command=[]} | ret=SUCCESS |  
2019-08-24 00:23:27,874 | INFO  | SCMAudit | user=jenkins1000 | ip=192.168.34.57 | op=SEND_HEARTBEAT {datanodeUUID=4d1e0fe6-60fd-4907-9842-f352edb6fbc8, command=[]} | ret=SUCCESS |  
2019-08-24 00:23:27,889 | INFO  | SCMAudit | user=jenkins1000 | ip=192.168.34.57 | op=SEND_HEARTBEAT {datanodeUUID=3a14c1ba-d90f-4e55-9b74-34a12c0cf08b, command=[]} | ret=SUCCESS |  
2019-08-24 00:23:27,906 | INFO  | SCMAudit | user=jenkins1000 | ip=192.168.34.57 | op=SEND_HEARTBEAT {datanodeUUID=5da42abd-867e-47ba-b805-7d971175ab74, command=[]} | ret=SUCCESS |  
2019-08-24 00:23:28,141 | INFO  | SCMAudit | user=jenkins1000 | ip=192.168.34.57 | op=SEND_HEARTBEAT {datanodeUUID=a2fab492-56f3-43b8-af5f-239f4e38d11d, command=[]} | ret=SUCCESS |  
2019-08-24 00:23:28,354 | INFO  | SCMAudit | user=jenkins1000 | ip=192.168.34.57 | op=SEND_HEARTBEAT {datanodeUUID=44c7f39a-9454-4511-9eaf-9b72a4aa6bb9, command=[]} | ret=SUCCESS |  
2019-08-24 00:23:28,523 | INFO  | SCMAudit | user=jenkins1000 | ip=192.168.34.57 | op=SEND_HEARTBEAT {datanodeUUID=6f3ac5a3-43f3-4ed6-928d-1c9df2f8e2aa, command=[]} | ret=SUCCESS |  
2019-08-24 00:23:28,855 | INFO  | SCMAudit | user=jenkins1000 | ip=192.168.34.57 | op=SEND_HEARTBEAT {datanodeUUID=9b1b75a9-c857-4b9a-9bce-dd664e78af57, command=[]} | ret=SUCCESS |  
2019-08-24 00:23:28,875 | INFO  | SCMAudit | user=jenkins1000 | ip=192.168.34.57 | op=SEND_HEARTBEAT {datanodeUUID=4d1e0fe6-60fd-4907-9842-f352edb6fbc8, command=[]} | ret=SUCCESS |  
2019-08-24 00:23:28,893 | INFO  | SCMAudit | user=jenkins1000 | ip=192.168.34.57 | op=SEND_HEARTBEAT {datanodeUUID=3a14c1ba-d90f-4e55-9b74-34a12c0cf08b, command=[]} | ret=SUCCESS |  
2019-08-24 00:23:28,906 | INFO  | SCMAudit | user=jenkins1000 | ip=192.168.34.57 | op=SEND_HEARTBEAT {datanodeUUID=5da42abd-867e-47ba-b805-7d971175ab74, command=[]} | ret=SUCCESS |  
2019-08-24 00:23:29,141 | INFO  | SCMAudit | user=jenkins1000 | ip=192.168.34.57 | op=SEND_HEARTBEAT {datanodeUUID=a2fab492-56f3-43b8-af5f-239f4e38d11d, command=[]} | ret=SUCCESS |  
2019-08-24 00:23:29,355 | INFO  | SCMAudit | user=jenkins1000 | ip=192.168.34.57 | op=SEND_HEARTBEAT {datanodeUUID=44c7f39a-9454-4511-9eaf-9b72a4aa6bb9, command=[]} | ret=SUCCESS |  
2019-08-24 00:23:29,524 | INFO  | SCMAudit | user=jenkins1000 | ip=192.168.34.57 | op=SEND_HEARTBEAT {datanodeUUID=6f3ac5a3-43f3-4ed6-928d-1c9df2f8e2aa, command=[]} | ret=SUCCESS |  
2019-08-24 00:23:29,855 | INFO  | SCMAudit | user=jenkins1000 | ip=192.168.34.57 | op=SEND_HEARTBEAT {datanodeUUID=9b1b75a9-c857-4b9a-9bce-dd664e78af57, command=[]} | ret=SUCCESS |  
2019-08-24 00:23:29,875 | INFO  | SCMAudit | user=jenkins1000 | ip=192.168.34.57 | op=SEND_HEARTBEAT {datanodeUUID=4d1e0fe6-60fd-4907-9842-f352edb6fbc8, command=[]} | ret=SUCCESS |  
2019-08-24 00:23:29,893 | INFO  | SCMAudit | user=jenkins1000 | ip=192.168.34.57 | op=SEND_HEARTBEAT {datanodeUUID=3a14c1ba-d90f-4e55-9b74-34a12c0cf08b, command=[]} | ret=SUCCESS |  
2019-08-24 00:23:29,905 | INFO  | SCMAudit | user=jenkins1000 | ip=192.168.34.57 | op=SEND_HEARTBEAT {datanodeUUID=5da42abd-867e-47ba-b805-7d971175ab74, command=[]} | ret=SUCCESS |  
2019-08-24 00:23:30,142 | INFO  | SCMAudit | user=jenkins1000 | ip=192.168.34.57 | op=SEND_HEARTBEAT {datanodeUUID=a2fab492-56f3-43b8-af5f-239f4e38d11d, command=[]} | ret=SUCCESS |  
2019-08-24 00:23:30,355 | INFO  | SCMAudit | user=jenkins1000 | ip=192.168.34.57 | op=SEND_HEARTBEAT {datanodeUUID=44c7f39a-9454-4511-9eaf-9b72a4aa6bb9, command=[]} | ret=SUCCESS |  
2019-08-24 00:23:30,523 | INFO  | SCMAudit | user=jenkins1000 | ip=192.168.34.57 | op=SEND_HEARTBEAT {datanodeUUID=6f3ac5a3-43f3-4ed6-928d-1c9df2f8e2aa, command=[]} | ret=SUCCESS |  
2019-08-24 00:23:30,856 | INFO  | SCMAudit | user=jenkins1000 | ip=192.168.34.57 | op=SEND_HEARTBEAT {datanodeUUID=9b1b75a9-c857-4b9a-9bce-dd664e78af57, command=[]} | ret=SUCCESS |  
2019-08-24 00:23:30,875 | INFO  | SCMAudit | user=jenkins1000 | ip=192.168.34.57 | op=SEND_HEARTBEAT {datanodeUUID=4d1e0fe6-60fd-4907-9842-f352edb6fbc8, command=[]} | ret=SUCCESS |  
2019-08-24 00:23:30,892 | INFO  | SCMAudit | user=jenkins1000 | ip=192.168.34.57 | op=SEND_HEARTBEAT {datanodeUUID=3a14c1ba-d90f-4e55-9b74-34a12c0cf08b, command=[]} | ret=SUCCESS |  
2019-08-24 00:23:30,905 | INFO  | SCMAudit | user=jenkins1000 | ip=192.168.34.57 | op=SEND_HEARTBEAT {datanodeUUID=5da42abd-867e-47ba-b805-7d971175ab74, command=[]} | ret=SUCCESS |  
2019-08-24 00:23:31,142 | INFO  | SCMAudit | user=jenkins1000 | ip=192.168.34.57 | op=SEND_HEARTBEAT {datanodeUUID=a2fab492-56f3-43b8-af5f-239f4e38d11d, command=[]} | ret=SUCCESS |  
2019-08-24 00:23:31,354 | INFO  | SCMAudit | user=jenkins1000 | ip=192.168.34.57 | op=SEND_HEARTBEAT {datanodeUUID=44c7f39a-9454-4511-9eaf-9b72a4aa6bb9, command=[]} | ret=SUCCESS |  
2019-08-24 00:23:31,503 [grpc-default-executor-6] INFO  client.GrpcClientProtocolClient (GrpcClientProtocolClient.java:onNext(255)) - client-090605BECF39->3a14c1ba-d90f-4e55-9b74-34a12c0cf08b: receive RaftClientReply:client-090605BECF39->3a14c1ba-d90f-4e55-9b74-34a12c0cf08b@group-7922B4F3146A, cid=45, FAILED org.apache.ratis.protocol.NotLeaderException: Server 3a14c1ba-d90f-4e55-9b74-34a12c0cf08b is not the leader (4d1e0fe6-60fd-4907-9842-f352edb6fbc8:192.168.34.57:43840). Request must be sent to leader., logIndex=0, commits[3a14c1ba-d90f-4e55-9b74-34a12c0cf08b:c8, 9b1b75a9-c857-4b9a-9bce-dd664e78af57:c8, 4d1e0fe6-60fd-4907-9842-f352edb6fbc8:c8]
2019-08-24 00:23:31,524 | INFO  | SCMAudit | user=jenkins1000 | ip=192.168.34.57 | op=SEND_HEARTBEAT {datanodeUUID=6f3ac5a3-43f3-4ed6-928d-1c9df2f8e2aa, command=[]} | ret=SUCCESS |  
2019-08-24 00:23:31,856 | INFO  | SCMAudit | user=jenkins1000 | ip=192.168.34.57 | op=SEND_HEARTBEAT {datanodeUUID=9b1b75a9-c857-4b9a-9bce-dd664e78af57, command=[]} | ret=SUCCESS |  
2019-08-24 00:23:31,875 | INFO  | SCMAudit | user=jenkins1000 | ip=192.168.34.57 | op=SEND_HEARTBEAT {datanodeUUID=4d1e0fe6-60fd-4907-9842-f352edb6fbc8, command=[]} | ret=SUCCESS |  
2019-08-24 00:23:31,892 | INFO  | SCMAudit | user=jenkins1000 | ip=192.168.34.57 | op=SEND_HEARTBEAT {datanodeUUID=3a14c1ba-d90f-4e55-9b74-34a12c0cf08b, command=[]} | ret=SUCCESS |  
2019-08-24 00:23:31,905 | INFO  | SCMAudit | user=jenkins1000 | ip=192.168.34.57 | op=SEND_HEARTBEAT {datanodeUUID=5da42abd-867e-47ba-b805-7d971175ab74, command=[]} | ret=SUCCESS |  
2019-08-24 00:23:32,142 | INFO  | SCMAudit | user=jenkins1000 | ip=192.168.34.57 | op=SEND_HEARTBEAT {datanodeUUID=a2fab492-56f3-43b8-af5f-239f4e38d11d, command=[]} | ret=SUCCESS |  
2019-08-24 00:23:32,355 | INFO  | SCMAudit | user=jenkins1000 | ip=192.168.34.57 | op=SEND_HEARTBEAT {datanodeUUID=44c7f39a-9454-4511-9eaf-9b72a4aa6bb9, command=[]} | ret=SUCCESS |  
2019-08-24 00:23:32,524 | INFO  | SCMAudit | user=jenkins1000 | ip=192.168.34.57 | op=SEND_HEARTBEAT {datanodeUUID=6f3ac5a3-43f3-4ed6-928d-1c9df2f8e2aa, command=[]} | ret=SUCCESS |  
2019-08-24 00:23:32,857 | INFO  | SCMAudit | user=jenkins1000 | ip=192.168.34.57 | op=SEND_HEARTBEAT {datanodeUUID=9b1b75a9-c857-4b9a-9bce-dd664e78af57, command=[]} | ret=SUCCESS |  
2019-08-24 00:23:32,876 | INFO  | SCMAudit | user=jenkins1000 | ip=192.168.34.57 | op=SEND_HEARTBEAT {datanodeUUID=4d1e0fe6-60fd-4907-9842-f352edb6fbc8, command=[]} | ret=SUCCESS |  
2019-08-24 00:23:32,892 | INFO  | SCMAudit | user=jenkins1000 | ip=192.168.34.57 | op=SEND_HEARTBEAT {datanodeUUID=3a14c1ba-d90f-4e55-9b74-34a12c0cf08b, command=[]} | ret=SUCCESS |  
2019-08-24 00:23:32,906 | INFO  | SCMAudit | user=jenkins1000 | ip=192.168.34.57 | op=SEND_HEARTBEAT {datanodeUUID=5da42abd-867e-47ba-b805-7d971175ab74, command=[]} | ret=SUCCESS |  
2019-08-24 00:23:33,143 | INFO  | SCMAudit | user=jenkins1000 | ip=192.168.34.57 | op=SEND_HEARTBEAT {datanodeUUID=a2fab492-56f3-43b8-af5f-239f4e38d11d, command=[]} | ret=SUCCESS |  
2019-08-24 00:23:33,355 | INFO  | SCMAudit | user=jenkins1000 | ip=192.168.34.57 | op=SEND_HEARTBEAT {datanodeUUID=44c7f39a-9454-4511-9eaf-9b72a4aa6bb9, command=[]} | ret=SUCCESS |  
2019-08-24 00:23:33,525 | INFO  | SCMAudit | user=jenkins1000 | ip=192.168.34.57 | op=SEND_HEARTBEAT {datanodeUUID=6f3ac5a3-43f3-4ed6-928d-1c9df2f8e2aa, command=[]} | ret=SUCCESS |  
2019-08-24 00:23:33,858 | INFO  | SCMAudit | user=jenkins1000 | ip=192.168.34.57 | op=SEND_HEARTBEAT {datanodeUUID=9b1b75a9-c857-4b9a-9bce-dd664e78af57, command=[]} | ret=SUCCESS |  
2019-08-24 00:23:33,876 | INFO  | SCMAudit | user=jenkins1000 | ip=192.168.34.57 | op=SEND_HEARTBEAT {datanodeUUID=4d1e0fe6-60fd-4907-9842-f352edb6fbc8, command=[]} | ret=SUCCESS |  
2019-08-24 00:23:33,893 | INFO  | SCMAudit | user=jenkins1000 | ip=192.168.34.57 | op=SEND_HEARTBEAT {datanodeUUID=3a14c1ba-d90f-4e55-9b74-34a12c0cf08b, command=[]} | ret=SUCCESS |  
2019-08-24 00:23:33,906 | INFO  | SCMAudit | user=jenkins1000 | ip=192.168.34.57 | op=SEND_HEARTBEAT {datanodeUUID=5da42abd-867e-47ba-b805-7d971175ab74, command=[]} | ret=SUCCESS |  
2019-08-24 00:23:34,143 | INFO  | SCMAudit | user=jenkins1000 | ip=192.168.34.57 | op=SEND_HEARTBEAT {datanodeUUID=a2fab492-56f3-43b8-af5f-239f4e38d11d, command=[]} | ret=SUCCESS |  
2019-08-24 00:23:34,355 | INFO  | SCMAudit | user=jenkins1000 | ip=192.168.34.57 | op=SEND_HEARTBEAT {datanodeUUID=44c7f39a-9454-4511-9eaf-9b72a4aa6bb9, command=[]} | ret=SUCCESS |  
2019-08-24 00:23:34,524 | INFO  | SCMAudit | user=jenkins1000 | ip=192.168.34.57 | op=SEND_HEARTBEAT {datanodeUUID=6f3ac5a3-43f3-4ed6-928d-1c9df2f8e2aa, command=[]} | ret=SUCCESS |  
2019-08-24 00:23:34,858 | INFO  | SCMAudit | user=jenkins1000 | ip=192.168.34.57 | op=SEND_HEARTBEAT {datanodeUUID=9b1b75a9-c857-4b9a-9bce-dd664e78af57, command=[]} | ret=SUCCESS |  
2019-08-24 00:23:34,875 | INFO  | SCMAudit | user=jenkins1000 | ip=192.168.34.57 | op=SEND_HEARTBEAT {datanodeUUID=4d1e0fe6-60fd-4907-9842-f352edb6fbc8, command=[]} | ret=SUCCESS |  
2019-08-24 00:23:34,893 | INFO  | SCMAudit | user=jenkins1000 | ip=192.168.34.57 | op=SEND_HEARTBEAT {datanodeUUID=3a14c1ba-d90f-4e55-9b74-34a12c0cf08b, command=[]} | ret=SUCCESS |  
2019-08-24 00:23:34,907 | INFO  | SCMAudit | user=jenkins1000 | ip=192.168.34.57 | op=SEND_HEARTBEAT {datanodeUUID=5da42abd-867e-47ba-b805-7d971175ab74, command=[]} | ret=SUCCESS |  
2019-08-24 00:23:35,143 | INFO  | SCMAudit | user=jenkins1000 | ip=192.168.34.57 | op=SEND_HEARTBEAT {datanodeUUID=a2fab492-56f3-43b8-af5f-239f4e38d11d, command=[]} | ret=SUCCESS |  
2019-08-24 00:23:35,355 | INFO  | SCMAudit | user=jenkins1000 | ip=192.168.34.57 | op=SEND_HEARTBEAT {datanodeUUID=44c7f39a-9454-4511-9eaf-9b72a4aa6bb9, command=[]} | ret=SUCCESS |  
2019-08-24 00:23:35,524 | INFO  | SCMAudit | user=jenkins1000 | ip=192.168.34.57 | op=SEND_HEARTBEAT {datanodeUUID=6f3ac5a3-43f3-4ed6-928d-1c9df2f8e2aa, command=[]} | ret=SUCCESS |  
2019-08-24 00:23:35,858 | INFO  | SCMAudit | user=jenkins1000 | ip=192.168.34.57 | op=SEND_HEARTBEAT {datanodeUUID=9b1b75a9-c857-4b9a-9bce-dd664e78af57, command=[]} | ret=SUCCESS |  
2019-08-24 00:23:35,875 | INFO  | SCMAudit | user=jenkins1000 | ip=192.168.34.57 | op=SEND_HEARTBEAT {datanodeUUID=4d1e0fe6-60fd-4907-9842-f352edb6fbc8, command=[]} | ret=SUCCESS |  
2019-08-24 00:23:35,893 | INFO  | SCMAudit | user=jenkins1000 | ip=192.168.34.57 | op=SEND_HEARTBEAT {datanodeUUID=3a14c1ba-d90f-4e55-9b74-34a12c0cf08b, command=[]} | ret=SUCCESS |  
2019-08-24 00:23:35,907 | INFO  | SCMAudit | user=jenkins1000 | ip=192.168.34.57 | op=SEND_HEARTBEAT {datanodeUUID=5da42abd-867e-47ba-b805-7d971175ab74, command=[]} | ret=SUCCESS |  
2019-08-24 00:23:36,142 | INFO  | SCMAudit | user=jenkins1000 | ip=192.168.34.57 | op=SEND_HEARTBEAT {datanodeUUID=a2fab492-56f3-43b8-af5f-239f4e38d11d, command=[]} | ret=SUCCESS |  
2019-08-24 00:23:36,356 | INFO  | SCMAudit | user=jenkins1000 | ip=192.168.34.57 | op=SEND_HEARTBEAT {datanodeUUID=44c7f39a-9454-4511-9eaf-9b72a4aa6bb9, command=[]} | ret=SUCCESS |  
2019-08-24 00:23:36,525 | INFO  | SCMAudit | user=jenkins1000 | ip=192.168.34.57 | op=SEND_HEARTBEAT {datanodeUUID=6f3ac5a3-43f3-4ed6-928d-1c9df2f8e2aa, command=[]} | ret=SUCCESS |  
2019-08-24 00:23:36,542 [grpc-default-executor-6] INFO  client.GrpcClientProtocolClient (GrpcClientProtocolClient.java:onNext(255)) - client-090605BECF39->3a14c1ba-d90f-4e55-9b74-34a12c0cf08b: receive RaftClientReply:client-090605BECF39->3a14c1ba-d90f-4e55-9b74-34a12c0cf08b@group-7922B4F3146A, cid=45, FAILED org.apache.ratis.protocol.NotLeaderException: Server 3a14c1ba-d90f-4e55-9b74-34a12c0cf08b is not the leader (4d1e0fe6-60fd-4907-9842-f352edb6fbc8:192.168.34.57:43840). Request must be sent to leader., logIndex=0, commits[3a14c1ba-d90f-4e55-9b74-34a12c0cf08b:c8, 9b1b75a9-c857-4b9a-9bce-dd664e78af57:c8, 4d1e0fe6-60fd-4907-9842-f352edb6fbc8:c8]
2019-08-24 00:23:36,859 | INFO  | SCMAudit | user=jenkins1000 | ip=192.168.34.57 | op=SEND_HEARTBEAT {datanodeUUID=9b1b75a9-c857-4b9a-9bce-dd664e78af57, command=[]} | ret=SUCCESS |  
2019-08-24 00:23:36,876 | INFO  | SCMAudit | user=jenkins1000 | ip=192.168.34.57 | op=SEND_HEARTBEAT {datanodeUUID=4d1e0fe6-60fd-4907-9842-f352edb6fbc8, command=[]} | ret=SUCCESS |  
2019-08-24 00:23:36,893 | INFO  | SCMAudit | user=jenkins1000 | ip=192.168.34.57 | op=SEND_HEARTBEAT {datanodeUUID=3a14c1ba-d90f-4e55-9b74-34a12c0cf08b, command=[]} | ret=SUCCESS |  
2019-08-24 00:23:36,907 | INFO  | SCMAudit | user=jenkins1000 | ip=192.168.34.57 | op=SEND_HEARTBEAT {datanodeUUID=5da42abd-867e-47ba-b805-7d971175ab74, command=[]} | ret=SUCCESS |  
2019-08-24 00:23:37,143 | INFO  | SCMAudit | user=jenkins1000 | ip=192.168.34.57 | op=SEND_HEARTBEAT {datanodeUUID=a2fab492-56f3-43b8-af5f-239f4e38d11d, command=[]} | ret=SUCCESS |  
2019-08-24 00:23:37,356 | INFO  | SCMAudit | user=jenkins1000 | ip=192.168.34.57 | op=SEND_HEARTBEAT {datanodeUUID=44c7f39a-9454-4511-9eaf-9b72a4aa6bb9, command=[]} | ret=SUCCESS |  
2019-08-24 00:23:37,525 | INFO  | SCMAudit | user=jenkins1000 | ip=192.168.34.57 | op=SEND_HEARTBEAT {datanodeUUID=6f3ac5a3-43f3-4ed6-928d-1c9df2f8e2aa, command=[]} | ret=SUCCESS |  
2019-08-24 00:23:37,860 | INFO  | SCMAudit | user=jenkins1000 | ip=192.168.34.57 | op=SEND_HEARTBEAT {datanodeUUID=9b1b75a9-c857-4b9a-9bce-dd664e78af57, command=[]} | ret=SUCCESS |  
2019-08-24 00:23:37,876 | INFO  | SCMAudit | user=jenkins1000 | ip=192.168.34.57 | op=SEND_HEARTBEAT {datanodeUUID=4d1e0fe6-60fd-4907-9842-f352edb6fbc8, command=[]} | ret=SUCCESS |  
2019-08-24 00:23:37,894 | INFO  | SCMAudit | user=jenkins1000 | ip=192.168.34.57 | op=SEND_HEARTBEAT {datanodeUUID=3a14c1ba-d90f-4e55-9b74-34a12c0cf08b, command=[]} | ret=SUCCESS |  
2019-08-24 00:23:37,908 | INFO  | SCMAudit | user=jenkins1000 | ip=192.168.34.57 | op=SEND_HEARTBEAT {datanodeUUID=5da42abd-867e-47ba-b805-7d971175ab74, command=[]} | ret=SUCCESS |  
2019-08-24 00:23:38,144 | INFO  | SCMAudit | user=jenkins1000 | ip=192.168.34.57 | op=SEND_HEARTBEAT {datanodeUUID=a2fab492-56f3-43b8-af5f-239f4e38d11d, command=[]} | ret=SUCCESS |  
2019-08-24 00:23:38,357 | INFO  | SCMAudit | user=jenkins1000 | ip=192.168.34.57 | op=SEND_HEARTBEAT {datanodeUUID=44c7f39a-9454-4511-9eaf-9b72a4aa6bb9, command=[]} | ret=SUCCESS |  
2019-08-24 00:23:38,525 | INFO  | SCMAudit | user=jenkins1000 | ip=192.168.34.57 | op=SEND_HEARTBEAT {datanodeUUID=6f3ac5a3-43f3-4ed6-928d-1c9df2f8e2aa, command=[]} | ret=SUCCESS |  
2019-08-24 00:23:38,860 | INFO  | SCMAudit | user=jenkins1000 | ip=192.168.34.57 | op=SEND_HEARTBEAT {datanodeUUID=9b1b75a9-c857-4b9a-9bce-dd664e78af57, command=[]} | ret=SUCCESS |  
2019-08-24 00:23:38,877 | INFO  | SCMAudit | user=jenkins1000 | ip=192.168.34.57 | op=SEND_HEARTBEAT {datanodeUUID=4d1e0fe6-60fd-4907-9842-f352edb6fbc8, command=[]} | ret=SUCCESS |  
2019-08-24 00:23:38,894 | INFO  | SCMAudit | user=jenkins1000 | ip=192.168.34.57 | op=SEND_HEARTBEAT {datanodeUUID=3a14c1ba-d90f-4e55-9b74-34a12c0cf08b, command=[]} | ret=SUCCESS |  
2019-08-24 00:23:38,907 | INFO  | SCMAudit | user=jenkins1000 | ip=192.168.34.57 | op=SEND_HEARTBEAT {datanodeUUID=5da42abd-867e-47ba-b805-7d971175ab74, command=[]} | ret=SUCCESS |  
2019-08-24 00:23:39,143 | INFO  | SCMAudit | user=jenkins1000 | ip=192.168.34.57 | op=SEND_HEARTBEAT {datanodeUUID=a2fab492-56f3-43b8-af5f-239f4e38d11d, command=[]} | ret=SUCCESS |  
2019-08-24 00:23:39,357 | INFO  | SCMAudit | user=jenkins1000 | ip=192.168.34.57 | op=SEND_HEARTBEAT {datanodeUUID=44c7f39a-9454-4511-9eaf-9b72a4aa6bb9, command=[]} | ret=SUCCESS |  
2019-08-24 00:23:39,525 | INFO  | SCMAudit | user=jenkins1000 | ip=192.168.34.57 | op=SEND_HEARTBEAT {datanodeUUID=6f3ac5a3-43f3-4ed6-928d-1c9df2f8e2aa, command=[]} | ret=SUCCESS |  
2019-08-24 00:23:39,860 | INFO  | SCMAudit | user=jenkins1000 | ip=192.168.34.57 | op=SEND_HEARTBEAT {datanodeUUID=9b1b75a9-c857-4b9a-9bce-dd664e78af57, command=[]} | ret=SUCCESS |  
2019-08-24 00:23:39,877 | INFO  | SCMAudit | user=jenkins1000 | ip=192.168.34.57 | op=SEND_HEARTBEAT {datanodeUUID=4d1e0fe6-60fd-4907-9842-f352edb6fbc8, command=[]} | ret=SUCCESS |  
2019-08-24 00:23:39,894 | INFO  | SCMAudit | user=jenkins1000 | ip=192.168.34.57 | op=SEND_HEARTBEAT {datanodeUUID=3a14c1ba-d90f-4e55-9b74-34a12c0cf08b, command=[]} | ret=SUCCESS |  
2019-08-24 00:23:39,907 | INFO  | SCMAudit | user=jenkins1000 | ip=192.168.34.57 | op=SEND_HEARTBEAT {datanodeUUID=5da42abd-867e-47ba-b805-7d971175ab74, command=[]} | ret=SUCCESS |  
2019-08-24 00:23:40,143 | INFO  | SCMAudit | user=jenkins1000 | ip=192.168.34.57 | op=SEND_HEARTBEAT {datanodeUUID=a2fab492-56f3-43b8-af5f-239f4e38d11d, command=[]} | ret=SUCCESS |  
2019-08-24 00:23:40,358 | INFO  | SCMAudit | user=jenkins1000 | ip=192.168.34.57 | op=SEND_HEARTBEAT {datanodeUUID=44c7f39a-9454-4511-9eaf-9b72a4aa6bb9, command=[]} | ret=SUCCESS |  
2019-08-24 00:23:40,526 | INFO  | SCMAudit | user=jenkins1000 | ip=192.168.34.57 | op=SEND_HEARTBEAT {datanodeUUID=6f3ac5a3-43f3-4ed6-928d-1c9df2f8e2aa, command=[]} | ret=SUCCESS |  
2019-08-24 00:23:40,861 | INFO  | SCMAudit | user=jenkins1000 | ip=192.168.34.57 | op=SEND_HEARTBEAT {datanodeUUID=9b1b75a9-c857-4b9a-9bce-dd664e78af57, command=[]} | ret=SUCCESS |  
2019-08-24 00:23:40,878 | INFO  | SCMAudit | user=jenkins1000 | ip=192.168.34.57 | op=SEND_HEARTBEAT {datanodeUUID=4d1e0fe6-60fd-4907-9842-f352edb6fbc8, command=[]} | ret=SUCCESS |  
2019-08-24 00:23:40,894 | INFO  | SCMAudit | user=jenkins1000 | ip=192.168.34.57 | op=SEND_HEARTBEAT {datanodeUUID=3a14c1ba-d90f-4e55-9b74-34a12c0cf08b, command=[]} | ret=SUCCESS |  
2019-08-24 00:23:40,907 | INFO  | SCMAudit | user=jenkins1000 | ip=192.168.34.57 | op=SEND_HEARTBEAT {datanodeUUID=5da42abd-867e-47ba-b805-7d971175ab74, command=[]} | ret=SUCCESS |  
2019-08-24 00:23:41,144 | INFO  | SCMAudit | user=jenkins1000 | ip=192.168.34.57 | op=SEND_HEARTBEAT {datanodeUUID=a2fab492-56f3-43b8-af5f-239f4e38d11d, command=[]} | ret=SUCCESS |  
2019-08-24 00:23:41,358 | INFO  | SCMAudit | user=jenkins1000 | ip=192.168.34.57 | op=SEND_HEARTBEAT {datanodeUUID=44c7f39a-9454-4511-9eaf-9b72a4aa6bb9, command=[]} | ret=SUCCESS |  
2019-08-24 00:23:41,526 | INFO  | SCMAudit | user=jenkins1000 | ip=192.168.34.57 | op=SEND_HEARTBEAT {datanodeUUID=6f3ac5a3-43f3-4ed6-928d-1c9df2f8e2aa, command=[]} | ret=SUCCESS |  
2019-08-24 00:23:41,580 [grpc-default-executor-6] INFO  client.GrpcClientProtocolClient (GrpcClientProtocolClient.java:onNext(255)) - client-090605BECF39->9b1b75a9-c857-4b9a-9bce-dd664e78af57: receive RaftClientReply:client-090605BECF39->9b1b75a9-c857-4b9a-9bce-dd664e78af57@group-7922B4F3146A, cid=45, FAILED org.apache.ratis.protocol.NotLeaderException: Server 9b1b75a9-c857-4b9a-9bce-dd664e78af57 is not the leader (4d1e0fe6-60fd-4907-9842-f352edb6fbc8:192.168.34.57:43840). Request must be sent to leader., logIndex=0, commits[9b1b75a9-c857-4b9a-9bce-dd664e78af57:c8, 3a14c1ba-d90f-4e55-9b74-34a12c0cf08b:c8, 4d1e0fe6-60fd-4907-9842-f352edb6fbc8:c8]
2019-08-24 00:23:41,861 | INFO  | SCMAudit | user=jenkins1000 | ip=192.168.34.57 | op=SEND_HEARTBEAT {datanodeUUID=9b1b75a9-c857-4b9a-9bce-dd664e78af57, command=[]} | ret=SUCCESS |  
2019-08-24 00:23:41,877 | INFO  | SCMAudit | user=jenkins1000 | ip=192.168.34.57 | op=SEND_HEARTBEAT {datanodeUUID=4d1e0fe6-60fd-4907-9842-f352edb6fbc8, command=[]} | ret=SUCCESS |  
2019-08-24 00:23:41,895 | INFO  | SCMAudit | user=jenkins1000 | ip=192.168.34.57 | op=SEND_HEARTBEAT {datanodeUUID=3a14c1ba-d90f-4e55-9b74-34a12c0cf08b, command=[]} | ret=SUCCESS |  
2019-08-24 00:23:41,907 | INFO  | SCMAudit | user=jenkins1000 | ip=192.168.34.57 | op=SEND_HEARTBEAT {datanodeUUID=5da42abd-867e-47ba-b805-7d971175ab74, command=[]} | ret=SUCCESS |  
2019-08-24 00:23:42,143 | INFO  | SCMAudit | user=jenkins1000 | ip=192.168.34.57 | op=SEND_HEARTBEAT {datanodeUUID=a2fab492-56f3-43b8-af5f-239f4e38d11d, command=[]} | ret=SUCCESS |  
2019-08-24 00:23:42,358 | INFO  | SCMAudit | user=jenkins1000 | ip=192.168.34.57 | op=SEND_HEARTBEAT {datanodeUUID=44c7f39a-9454-4511-9eaf-9b72a4aa6bb9, command=[]} | ret=SUCCESS |  
2019-08-24 00:23:42,526 | INFO  | SCMAudit | user=jenkins1000 | ip=192.168.34.57 | op=SEND_HEARTBEAT {datanodeUUID=6f3ac5a3-43f3-4ed6-928d-1c9df2f8e2aa, command=[]} | ret=SUCCESS |  
2019-08-24 00:23:42,861 | INFO  | SCMAudit | user=jenkins1000 | ip=192.168.34.57 | op=SEND_HEARTBEAT {datanodeUUID=9b1b75a9-c857-4b9a-9bce-dd664e78af57, command=[]} | ret=SUCCESS |  
2019-08-24 00:23:42,877 | INFO  | SCMAudit | user=jenkins1000 | ip=192.168.34.57 | op=SEND_HEARTBEAT {datanodeUUID=4d1e0fe6-60fd-4907-9842-f352edb6fbc8, command=[]} | ret=SUCCESS |  
2019-08-24 00:23:42,895 | INFO  | SCMAudit | user=jenkins1000 | ip=192.168.34.57 | op=SEND_HEARTBEAT {datanodeUUID=3a14c1ba-d90f-4e55-9b74-34a12c0cf08b, command=[]} | ret=SUCCESS |  
2019-08-24 00:23:42,908 | INFO  | SCMAudit | user=jenkins1000 | ip=192.168.34.57 | op=SEND_HEARTBEAT {datanodeUUID=5da42abd-867e-47ba-b805-7d971175ab74, command=[]} | ret=SUCCESS |  
2019-08-24 00:23:43,146 | INFO  | SCMAudit | user=jenkins1000 | ip=192.168.34.57 | op=SEND_HEARTBEAT {datanodeUUID=a2fab492-56f3-43b8-af5f-239f4e38d11d, command=[]} | ret=SUCCESS |  
2019-08-24 00:23:43,358 | INFO  | SCMAudit | user=jenkins1000 | ip=192.168.34.57 | op=SEND_HEARTBEAT {datanodeUUID=44c7f39a-9454-4511-9eaf-9b72a4aa6bb9, command=[]} | ret=SUCCESS |  
2019-08-24 00:23:43,526 | INFO  | SCMAudit | user=jenkins1000 | ip=192.168.34.57 | op=SEND_HEARTBEAT {datanodeUUID=6f3ac5a3-43f3-4ed6-928d-1c9df2f8e2aa, command=[]} | ret=SUCCESS |  
2019-08-24 00:23:43,862 | INFO  | SCMAudit | user=jenkins1000 | ip=192.168.34.57 | op=SEND_HEARTBEAT {datanodeUUID=9b1b75a9-c857-4b9a-9bce-dd664e78af57, command=[]} | ret=SUCCESS |  
2019-08-24 00:23:43,878 | INFO  | SCMAudit | user=jenkins1000 | ip=192.168.34.57 | op=SEND_HEARTBEAT {datanodeUUID=4d1e0fe6-60fd-4907-9842-f352edb6fbc8, command=[]} | ret=SUCCESS |  
2019-08-24 00:23:43,895 | INFO  | SCMAudit | user=jenkins1000 | ip=192.168.34.57 | op=SEND_HEARTBEAT {datanodeUUID=3a14c1ba-d90f-4e55-9b74-34a12c0cf08b, command=[]} | ret=SUCCESS |  
2019-08-24 00:23:43,908 | INFO  | SCMAudit | user=jenkins1000 | ip=192.168.34.57 | op=SEND_HEARTBEAT {datanodeUUID=5da42abd-867e-47ba-b805-7d971175ab74, command=[]} | ret=SUCCESS |  
2019-08-24 00:23:44,144 | INFO  | SCMAudit | user=jenkins1000 | ip=192.168.34.57 | op=SEND_HEARTBEAT {datanodeUUID=a2fab492-56f3-43b8-af5f-239f4e38d11d, command=[]} | ret=SUCCESS |  
2019-08-24 00:23:44,359 | INFO  | SCMAudit | user=jenkins1000 | ip=192.168.34.57 | op=SEND_HEARTBEAT {datanodeUUID=44c7f39a-9454-4511-9eaf-9b72a4aa6bb9, command=[]} | ret=SUCCESS |  
2019-08-24 00:23:44,526 | INFO  | SCMAudit | user=jenkins1000 | ip=192.168.34.57 | op=SEND_HEARTBEAT {datanodeUUID=6f3ac5a3-43f3-4ed6-928d-1c9df2f8e2aa, command=[]} | ret=SUCCESS |  
2019-08-24 00:23:44,861 | INFO  | SCMAudit | user=jenkins1000 | ip=192.168.34.57 | op=SEND_HEARTBEAT {datanodeUUID=9b1b75a9-c857-4b9a-9bce-dd664e78af57, command=[]} | ret=SUCCESS |  
2019-08-24 00:23:44,877 | INFO  | SCMAudit | user=jenkins1000 | ip=192.168.34.57 | op=SEND_HEARTBEAT {datanodeUUID=4d1e0fe6-60fd-4907-9842-f352edb6fbc8, command=[]} | ret=SUCCESS |  
2019-08-24 00:23:44,895 | INFO  | SCMAudit | user=jenkins1000 | ip=192.168.34.57 | op=SEND_HEARTBEAT {datanodeUUID=3a14c1ba-d90f-4e55-9b74-34a12c0cf08b, command=[]} | ret=SUCCESS |  
2019-08-24 00:23:44,908 | INFO  | SCMAudit | user=jenkins1000 | ip=192.168.34.57 | op=SEND_HEARTBEAT {datanodeUUID=5da42abd-867e-47ba-b805-7d971175ab74, command=[]} | ret=SUCCESS |  
2019-08-24 00:23:45,143 | INFO  | SCMAudit | user=jenkins1000 | ip=192.168.34.57 | op=SEND_HEARTBEAT {datanodeUUID=a2fab492-56f3-43b8-af5f-239f4e38d11d, command=[]} | ret=SUCCESS |  
2019-08-24 00:23:45,358 | INFO  | SCMAudit | user=jenkins1000 | ip=192.168.34.57 | op=SEND_HEARTBEAT {datanodeUUID=44c7f39a-9454-4511-9eaf-9b72a4aa6bb9, command=[]} | ret=SUCCESS |  
2019-08-24 00:23:45,527 | INFO  | SCMAudit | user=jenkins1000 | ip=192.168.34.57 | op=SEND_HEARTBEAT {datanodeUUID=6f3ac5a3-43f3-4ed6-928d-1c9df2f8e2aa, command=[]} | ret=SUCCESS |  
2019-08-24 00:23:45,862 | INFO  | SCMAudit | user=jenkins1000 | ip=192.168.34.57 | op=SEND_HEARTBEAT {datanodeUUID=9b1b75a9-c857-4b9a-9bce-dd664e78af57, command=[]} | ret=SUCCESS |  
2019-08-24 00:23:45,878 | INFO  | SCMAudit | user=jenkins1000 | ip=192.168.34.57 | op=SEND_HEARTBEAT {datanodeUUID=4d1e0fe6-60fd-4907-9842-f352edb6fbc8, command=[]} | ret=SUCCESS |  
2019-08-24 00:23:45,895 | INFO  | SCMAudit | user=jenkins1000 | ip=192.168.34.57 | op=SEND_HEARTBEAT {datanodeUUID=3a14c1ba-d90f-4e55-9b74-34a12c0cf08b, command=[]} | ret=SUCCESS |  
2019-08-24 00:23:45,908 | INFO  | SCMAudit | user=jenkins1000 | ip=192.168.34.57 | op=SEND_HEARTBEAT {datanodeUUID=5da42abd-867e-47ba-b805-7d971175ab74, command=[]} | ret=SUCCESS |  
2019-08-24 00:23:46,144 | INFO  | SCMAudit | user=jenkins1000 | ip=192.168.34.57 | op=SEND_HEARTBEAT {datanodeUUID=a2fab492-56f3-43b8-af5f-239f4e38d11d, command=[]} | ret=SUCCESS |  
2019-08-24 00:23:46,359 | INFO  | SCMAudit | user=jenkins1000 | ip=192.168.34.57 | op=SEND_HEARTBEAT {datanodeUUID=44c7f39a-9454-4511-9eaf-9b72a4aa6bb9, command=[]} | ret=SUCCESS |  
2019-08-24 00:23:46,527 | INFO  | SCMAudit | user=jenkins1000 | ip=192.168.34.57 | op=SEND_HEARTBEAT {datanodeUUID=6f3ac5a3-43f3-4ed6-928d-1c9df2f8e2aa, command=[]} | ret=SUCCESS |  
2019-08-24 00:23:46,620 [grpc-default-executor-4] INFO  client.GrpcClientProtocolClient (GrpcClientProtocolClient.java:onNext(255)) - client-090605BECF39->3a14c1ba-d90f-4e55-9b74-34a12c0cf08b: receive RaftClientReply:client-090605BECF39->3a14c1ba-d90f-4e55-9b74-34a12c0cf08b@group-7922B4F3146A, cid=45, FAILED org.apache.ratis.protocol.NotLeaderException: Server 3a14c1ba-d90f-4e55-9b74-34a12c0cf08b is not the leader (4d1e0fe6-60fd-4907-9842-f352edb6fbc8:192.168.34.57:43840). Request must be sent to leader., logIndex=0, commits[3a14c1ba-d90f-4e55-9b74-34a12c0cf08b:c8, 9b1b75a9-c857-4b9a-9bce-dd664e78af57:c8, 4d1e0fe6-60fd-4907-9842-f352edb6fbc8:c8]
2019-08-24 00:23:46,861 | INFO  | SCMAudit | user=jenkins1000 | ip=192.168.34.57 | op=SEND_HEARTBEAT {datanodeUUID=9b1b75a9-c857-4b9a-9bce-dd664e78af57, command=[]} | ret=SUCCESS |  
2019-08-24 00:23:46,878 | INFO  | SCMAudit | user=jenkins1000 | ip=192.168.34.57 | op=SEND_HEARTBEAT {datanodeUUID=4d1e0fe6-60fd-4907-9842-f352edb6fbc8, command=[]} | ret=SUCCESS |  
2019-08-24 00:23:46,895 | INFO  | SCMAudit | user=jenkins1000 | ip=192.168.34.57 | op=SEND_HEARTBEAT {datanodeUUID=3a14c1ba-d90f-4e55-9b74-34a12c0cf08b, command=[]} | ret=SUCCESS |  
2019-08-24 00:23:46,909 | INFO  | SCMAudit | user=jenkins1000 | ip=192.168.34.57 | op=SEND_HEARTBEAT {datanodeUUID=5da42abd-867e-47ba-b805-7d971175ab74, command=[]} | ret=SUCCESS |  
2019-08-24 00:23:47,143 | INFO  | SCMAudit | user=jenkins1000 | ip=192.168.34.57 | op=SEND_HEARTBEAT {datanodeUUID=a2fab492-56f3-43b8-af5f-239f4e38d11d, command=[]} | ret=SUCCESS |  
2019-08-24 00:23:47,358 | INFO  | SCMAudit | user=jenkins1000 | ip=192.168.34.57 | op=SEND_HEARTBEAT {datanodeUUID=44c7f39a-9454-4511-9eaf-9b72a4aa6bb9, command=[]} | ret=SUCCESS |  
2019-08-24 00:23:47,527 | INFO  | SCMAudit | user=jenkins1000 | ip=192.168.34.57 | op=SEND_HEARTBEAT {datanodeUUID=6f3ac5a3-43f3-4ed6-928d-1c9df2f8e2aa, command=[]} | ret=SUCCESS |  
2019-08-24 00:23:47,861 | INFO  | SCMAudit | user=jenkins1000 | ip=192.168.34.57 | op=SEND_HEARTBEAT {datanodeUUID=9b1b75a9-c857-4b9a-9bce-dd664e78af57, command=[]} | ret=SUCCESS |  
2019-08-24 00:23:47,879 | INFO  | SCMAudit | user=jenkins1000 | ip=192.168.34.57 | op=SEND_HEARTBEAT {datanodeUUID=4d1e0fe6-60fd-4907-9842-f352edb6fbc8, command=[]} | ret=SUCCESS |  
2019-08-24 00:23:47,895 | INFO  | SCMAudit | user=jenkins1000 | ip=192.168.34.57 | op=SEND_HEARTBEAT {datanodeUUID=3a14c1ba-d90f-4e55-9b74-34a12c0cf08b, command=[]} | ret=SUCCESS |  
2019-08-24 00:23:47,909 | INFO  | SCMAudit | user=jenkins1000 | ip=192.168.34.57 | op=SEND_HEARTBEAT {datanodeUUID=5da42abd-867e-47ba-b805-7d971175ab74, command=[]} | ret=SUCCESS |  
2019-08-24 00:23:48,144 | INFO  | SCMAudit | user=jenkins1000 | ip=192.168.34.57 | op=SEND_HEARTBEAT {datanodeUUID=a2fab492-56f3-43b8-af5f-239f4e38d11d, command=[]} | ret=SUCCESS |  
2019-08-24 00:23:48,359 | INFO  | SCMAudit | user=jenkins1000 | ip=192.168.34.57 | op=SEND_HEARTBEAT {datanodeUUID=44c7f39a-9454-4511-9eaf-9b72a4aa6bb9, command=[]} | ret=SUCCESS |  
2019-08-24 00:23:48,527 | INFO  | SCMAudit | user=jenkins1000 | ip=192.168.34.57 | op=SEND_HEARTBEAT {datanodeUUID=6f3ac5a3-43f3-4ed6-928d-1c9df2f8e2aa, command=[]} | ret=SUCCESS |  
2019-08-24 00:23:48,862 | INFO  | SCMAudit | user=jenkins1000 | ip=192.168.34.57 | op=SEND_HEARTBEAT {datanodeUUID=9b1b75a9-c857-4b9a-9bce-dd664e78af57, command=[]} | ret=SUCCESS |  
2019-08-24 00:23:48,879 | INFO  | SCMAudit | user=jenkins1000 | ip=192.168.34.57 | op=SEND_HEARTBEAT {datanodeUUID=4d1e0fe6-60fd-4907-9842-f352edb6fbc8, command=[]} | ret=SUCCESS |  
2019-08-24 00:23:48,896 | INFO  | SCMAudit | user=jenkins1000 | ip=192.168.34.57 | op=SEND_HEARTBEAT {datanodeUUID=3a14c1ba-d90f-4e55-9b74-34a12c0cf08b, command=[]} | ret=SUCCESS |  
2019-08-24 00:23:48,909 | INFO  | SCMAudit | user=jenkins1000 | ip=192.168.34.57 | op=SEND_HEARTBEAT {datanodeUUID=5da42abd-867e-47ba-b805-7d971175ab74, command=[]} | ret=SUCCESS |  
2019-08-24 00:23:49,144 | INFO  | SCMAudit | user=jenkins1000 | ip=192.168.34.57 | op=SEND_HEARTBEAT {datanodeUUID=a2fab492-56f3-43b8-af5f-239f4e38d11d, command=[]} | ret=SUCCESS |  
2019-08-24 00:23:49,358 | INFO  | SCMAudit | user=jenkins1000 | ip=192.168.34.57 | op=SEND_HEARTBEAT {datanodeUUID=44c7f39a-9454-4511-9eaf-9b72a4aa6bb9, command=[]} | ret=SUCCESS |  
2019-08-24 00:23:49,528 | INFO  | SCMAudit | user=jenkins1000 | ip=192.168.34.57 | op=SEND_HEARTBEAT {datanodeUUID=6f3ac5a3-43f3-4ed6-928d-1c9df2f8e2aa, command=[]} | ret=SUCCESS |  
2019-08-24 00:23:49,861 | INFO  | SCMAudit | user=jenkins1000 | ip=192.168.34.57 | op=SEND_HEARTBEAT {datanodeUUID=9b1b75a9-c857-4b9a-9bce-dd664e78af57, command=[]} | ret=SUCCESS |  
2019-08-24 00:23:49,879 | INFO  | SCMAudit | user=jenkins1000 | ip=192.168.34.57 | op=SEND_HEARTBEAT {datanodeUUID=4d1e0fe6-60fd-4907-9842-f352edb6fbc8, command=[]} | ret=SUCCESS |  
2019-08-24 00:23:49,896 | INFO  | SCMAudit | user=jenkins1000 | ip=192.168.34.57 | op=SEND_HEARTBEAT {datanodeUUID=3a14c1ba-d90f-4e55-9b74-34a12c0cf08b, command=[]} | ret=SUCCESS |  
2019-08-24 00:23:49,909 | INFO  | SCMAudit | user=jenkins1000 | ip=192.168.34.57 | op=SEND_HEARTBEAT {datanodeUUID=5da42abd-867e-47ba-b805-7d971175ab74, command=[]} | ret=SUCCESS |  
2019-08-24 00:23:50,143 | INFO  | SCMAudit | user=jenkins1000 | ip=192.168.34.57 | op=SEND_HEARTBEAT {datanodeUUID=a2fab492-56f3-43b8-af5f-239f4e38d11d, command=[]} | ret=SUCCESS |  
2019-08-24 00:23:50,358 | INFO  | SCMAudit | user=jenkins1000 | ip=192.168.34.57 | op=SEND_HEARTBEAT {datanodeUUID=44c7f39a-9454-4511-9eaf-9b72a4aa6bb9, command=[]} | ret=SUCCESS |  
2019-08-24 00:23:50,527 | INFO  | SCMAudit | user=jenkins1000 | ip=192.168.34.57 | op=SEND_HEARTBEAT {datanodeUUID=6f3ac5a3-43f3-4ed6-928d-1c9df2f8e2aa, command=[]} | ret=SUCCESS |  
2019-08-24 00:23:50,862 | INFO  | SCMAudit | user=jenkins1000 | ip=192.168.34.57 | op=SEND_HEARTBEAT {datanodeUUID=9b1b75a9-c857-4b9a-9bce-dd664e78af57, command=[]} | ret=SUCCESS |  
2019-08-24 00:23:50,879 | INFO  | SCMAudit | user=jenkins1000 | ip=192.168.34.57 | op=SEND_HEARTBEAT {datanodeUUID=4d1e0fe6-60fd-4907-9842-f352edb6fbc8, command=[]} | ret=SUCCESS |  
2019-08-24 00:23:50,896 | INFO  | SCMAudit | user=jenkins1000 | ip=192.168.34.57 | op=SEND_HEARTBEAT {datanodeUUID=3a14c1ba-d90f-4e55-9b74-34a12c0cf08b, command=[]} | ret=SUCCESS |  
2019-08-24 00:23:50,910 | INFO  | SCMAudit | user=jenkins1000 | ip=192.168.34.57 | op=SEND_HEARTBEAT {datanodeUUID=5da42abd-867e-47ba-b805-7d971175ab74, command=[]} | ret=SUCCESS |  
2019-08-24 00:23:51,144 | INFO  | SCMAudit | user=jenkins1000 | ip=192.168.34.57 | op=SEND_HEARTBEAT {datanodeUUID=a2fab492-56f3-43b8-af5f-239f4e38d11d, command=[]} | ret=SUCCESS |  
2019-08-24 00:23:51,359 | INFO  | SCMAudit | user=jenkins1000 | ip=192.168.34.57 | op=SEND_HEARTBEAT {datanodeUUID=44c7f39a-9454-4511-9eaf-9b72a4aa6bb9, command=[]} | ret=SUCCESS |  
2019-08-24 00:23:51,527 | INFO  | SCMAudit | user=jenkins1000 | ip=192.168.34.57 | op=SEND_HEARTBEAT {datanodeUUID=6f3ac5a3-43f3-4ed6-928d-1c9df2f8e2aa, command=[]} | ret=SUCCESS |  
2019-08-24 00:23:51,659 [grpc-default-executor-4] INFO  client.GrpcClientProtocolClient (GrpcClientProtocolClient.java:onNext(255)) - client-090605BECF39->9b1b75a9-c857-4b9a-9bce-dd664e78af57: receive RaftClientReply:client-090605BECF39->9b1b75a9-c857-4b9a-9bce-dd664e78af57@group-7922B4F3146A, cid=45, FAILED org.apache.ratis.protocol.NotLeaderException: Server 9b1b75a9-c857-4b9a-9bce-dd664e78af57 is not the leader (4d1e0fe6-60fd-4907-9842-f352edb6fbc8:192.168.34.57:43840). Request must be sent to leader., logIndex=0, commits[9b1b75a9-c857-4b9a-9bce-dd664e78af57:c8, 3a14c1ba-d90f-4e55-9b74-34a12c0cf08b:c8, 4d1e0fe6-60fd-4907-9842-f352edb6fbc8:c8]
2019-08-24 00:23:51,861 | INFO  | SCMAudit | user=jenkins1000 | ip=192.168.34.57 | op=SEND_HEARTBEAT {datanodeUUID=9b1b75a9-c857-4b9a-9bce-dd664e78af57, command=[]} | ret=SUCCESS |  
2019-08-24 00:23:51,879 | INFO  | SCMAudit | user=jenkins1000 | ip=192.168.34.57 | op=SEND_HEARTBEAT {datanodeUUID=4d1e0fe6-60fd-4907-9842-f352edb6fbc8, command=[]} | ret=SUCCESS |  
2019-08-24 00:23:51,896 | INFO  | SCMAudit | user=jenkins1000 | ip=192.168.34.57 | op=SEND_HEARTBEAT {datanodeUUID=3a14c1ba-d90f-4e55-9b74-34a12c0cf08b, command=[]} | ret=SUCCESS |  
2019-08-24 00:23:51,910 | INFO  | SCMAudit | user=jenkins1000 | ip=192.168.34.57 | op=SEND_HEARTBEAT {datanodeUUID=5da42abd-867e-47ba-b805-7d971175ab74, command=[]} | ret=SUCCESS |  
2019-08-24 00:23:52,143 | INFO  | SCMAudit | user=jenkins1000 | ip=192.168.34.57 | op=SEND_HEARTBEAT {datanodeUUID=a2fab492-56f3-43b8-af5f-239f4e38d11d, command=[]} | ret=SUCCESS |  
2019-08-24 00:23:52,359 | INFO  | SCMAudit | user=jenkins1000 | ip=192.168.34.57 | op=SEND_HEARTBEAT {datanodeUUID=44c7f39a-9454-4511-9eaf-9b72a4aa6bb9, command=[]} | ret=SUCCESS |  
2019-08-24 00:23:52,528 | INFO  | SCMAudit | user=jenkins1000 | ip=192.168.34.57 | op=SEND_HEARTBEAT {datanodeUUID=6f3ac5a3-43f3-4ed6-928d-1c9df2f8e2aa, command=[]} | ret=SUCCESS |  
2019-08-24 00:23:52,862 | INFO  | SCMAudit | user=jenkins1000 | ip=192.168.34.57 | op=SEND_HEARTBEAT {datanodeUUID=9b1b75a9-c857-4b9a-9bce-dd664e78af57, command=[]} | ret=SUCCESS |  
2019-08-24 00:23:52,880 | INFO  | SCMAudit | user=jenkins1000 | ip=192.168.34.57 | op=SEND_HEARTBEAT {datanodeUUID=4d1e0fe6-60fd-4907-9842-f352edb6fbc8, command=[]} | ret=SUCCESS |  
2019-08-24 00:23:52,896 | INFO  | SCMAudit | user=jenkins1000 | ip=192.168.34.57 | op=SEND_HEARTBEAT {datanodeUUID=3a14c1ba-d90f-4e55-9b74-34a12c0cf08b, command=[]} | ret=SUCCESS |  
2019-08-24 00:23:52,910 | INFO  | SCMAudit | user=jenkins1000 | ip=192.168.34.57 | op=SEND_HEARTBEAT {datanodeUUID=5da42abd-867e-47ba-b805-7d971175ab74, command=[]} | ret=SUCCESS |  
2019-08-24 00:23:53,143 | INFO  | SCMAudit | user=jenkins1000 | ip=192.168.34.57 | op=SEND_HEARTBEAT {datanodeUUID=a2fab492-56f3-43b8-af5f-239f4e38d11d, command=[]} | ret=SUCCESS |  
2019-08-24 00:23:53,359 | INFO  | SCMAudit | user=jenkins1000 | ip=192.168.34.57 | op=SEND_HEARTBEAT {datanodeUUID=44c7f39a-9454-4511-9eaf-9b72a4aa6bb9, command=[]} | ret=SUCCESS |  
2019-08-24 00:23:53,527 | INFO  | SCMAudit | user=jenkins1000 | ip=192.168.34.57 | op=SEND_HEARTBEAT {datanodeUUID=6f3ac5a3-43f3-4ed6-928d-1c9df2f8e2aa, command=[]} | ret=SUCCESS |  
2019-08-24 00:23:53,862 | INFO  | SCMAudit | user=jenkins1000 | ip=192.168.34.57 | op=SEND_HEARTBEAT {datanodeUUID=9b1b75a9-c857-4b9a-9bce-dd664e78af57, command=[]} | ret=SUCCESS |  
2019-08-24 00:23:53,880 | INFO  | SCMAudit | user=jenkins1000 | ip=192.168.34.57 | op=SEND_HEARTBEAT {datanodeUUID=4d1e0fe6-60fd-4907-9842-f352edb6fbc8, command=[]} | ret=SUCCESS |  
2019-08-24 00:23:53,896 | INFO  | SCMAudit | user=jenkins1000 | ip=192.168.34.57 | op=SEND_HEARTBEAT {datanodeUUID=3a14c1ba-d90f-4e55-9b74-34a12c0cf08b, command=[]} | ret=SUCCESS |  
2019-08-24 00:23:53,910 | INFO  | SCMAudit | user=jenkins1000 | ip=192.168.34.57 | op=SEND_HEARTBEAT {datanodeUUID=5da42abd-867e-47ba-b805-7d971175ab74, command=[]} | ret=SUCCESS |  
2019-08-24 00:23:54,144 | INFO  | SCMAudit | user=jenkins1000 | ip=192.168.34.57 | op=SEND_HEARTBEAT {datanodeUUID=a2fab492-56f3-43b8-af5f-239f4e38d11d, command=[]} | ret=SUCCESS |  
2019-08-24 00:23:54,358 | INFO  | SCMAudit | user=jenkins1000 | ip=192.168.34.57 | op=SEND_HEARTBEAT {datanodeUUID=44c7f39a-9454-4511-9eaf-9b72a4aa6bb9, command=[]} | ret=SUCCESS |  
2019-08-24 00:23:54,527 | INFO  | SCMAudit | user=jenkins1000 | ip=192.168.34.57 | op=SEND_HEARTBEAT {datanodeUUID=6f3ac5a3-43f3-4ed6-928d-1c9df2f8e2aa, command=[]} | ret=SUCCESS |  
2019-08-24 00:23:54,862 | INFO  | SCMAudit | user=jenkins1000 | ip=192.168.34.57 | op=SEND_HEARTBEAT {datanodeUUID=9b1b75a9-c857-4b9a-9bce-dd664e78af57, command=[]} | ret=SUCCESS |  
2019-08-24 00:23:54,879 | INFO  | SCMAudit | user=jenkins1000 | ip=192.168.34.57 | op=SEND_HEARTBEAT {datanodeUUID=4d1e0fe6-60fd-4907-9842-f352edb6fbc8, command=[]} | ret=SUCCESS |  
2019-08-24 00:23:54,896 | INFO  | SCMAudit | user=jenkins1000 | ip=192.168.34.57 | op=SEND_HEARTBEAT {datanodeUUID=3a14c1ba-d90f-4e55-9b74-34a12c0cf08b, command=[]} | ret=SUCCESS |  
2019-08-24 00:23:54,910 | INFO  | SCMAudit | user=jenkins1000 | ip=192.168.34.57 | op=SEND_HEARTBEAT {datanodeUUID=5da42abd-867e-47ba-b805-7d971175ab74, command=[]} | ret=SUCCESS |  
2019-08-24 00:23:55,143 | INFO  | SCMAudit | user=jenkins1000 | ip=192.168.34.57 | op=SEND_HEARTBEAT {datanodeUUID=a2fab492-56f3-43b8-af5f-239f4e38d11d, command=[]} | ret=SUCCESS |  
2019-08-24 00:23:55,359 | INFO  | SCMAudit | user=jenkins1000 | ip=192.168.34.57 | op=SEND_HEARTBEAT {datanodeUUID=44c7f39a-9454-4511-9eaf-9b72a4aa6bb9, command=[]} | ret=SUCCESS |  
2019-08-24 00:23:55,528 | INFO  | SCMAudit | user=jenkins1000 | ip=192.168.34.57 | op=SEND_HEARTBEAT {datanodeUUID=6f3ac5a3-43f3-4ed6-928d-1c9df2f8e2aa, command=[]} | ret=SUCCESS |  
2019-08-24 00:23:55,863 | INFO  | SCMAudit | user=jenkins1000 | ip=192.168.34.57 | op=SEND_HEARTBEAT {datanodeUUID=9b1b75a9-c857-4b9a-9bce-dd664e78af57, command=[]} | ret=SUCCESS |  
2019-08-24 00:23:55,879 | INFO  | SCMAudit | user=jenkins1000 | ip=192.168.34.57 | op=SEND_HEARTBEAT {datanodeUUID=4d1e0fe6-60fd-4907-9842-f352edb6fbc8, command=[]} | ret=SUCCESS |  
2019-08-24 00:23:55,896 | INFO  | SCMAudit | user=jenkins1000 | ip=192.168.34.57 | op=SEND_HEARTBEAT {datanodeUUID=3a14c1ba-d90f-4e55-9b74-34a12c0cf08b, command=[]} | ret=SUCCESS |  
2019-08-24 00:23:55,911 | INFO  | SCMAudit | user=jenkins1000 | ip=192.168.34.57 | op=SEND_HEARTBEAT {datanodeUUID=5da42abd-867e-47ba-b805-7d971175ab74, command=[]} | ret=SUCCESS |  
2019-08-24 00:23:56,144 | INFO  | SCMAudit | user=jenkins1000 | ip=192.168.34.57 | op=SEND_HEARTBEAT {datanodeUUID=a2fab492-56f3-43b8-af5f-239f4e38d11d, command=[]} | ret=SUCCESS |  
2019-08-24 00:23:56,358 | INFO  | SCMAudit | user=jenkins1000 | ip=192.168.34.57 | op=SEND_HEARTBEAT {datanodeUUID=44c7f39a-9454-4511-9eaf-9b72a4aa6bb9, command=[]} | ret=SUCCESS |  
2019-08-24 00:23:56,528 | INFO  | SCMAudit | user=jenkins1000 | ip=192.168.34.57 | op=SEND_HEARTBEAT {datanodeUUID=6f3ac5a3-43f3-4ed6-928d-1c9df2f8e2aa, command=[]} | ret=SUCCESS |  
2019-08-24 00:23:56,704 [grpc-default-executor-6] INFO  client.GrpcClientProtocolClient (GrpcClientProtocolClient.java:onNext(255)) - client-090605BECF39->3a14c1ba-d90f-4e55-9b74-34a12c0cf08b: receive RaftClientReply:client-090605BECF39->3a14c1ba-d90f-4e55-9b74-34a12c0cf08b@group-7922B4F3146A, cid=45, FAILED org.apache.ratis.protocol.NotLeaderException: Server 3a14c1ba-d90f-4e55-9b74-34a12c0cf08b is not the leader (4d1e0fe6-60fd-4907-9842-f352edb6fbc8:192.168.34.57:43840). Request must be sent to leader., logIndex=0, commits[3a14c1ba-d90f-4e55-9b74-34a12c0cf08b:c8, 9b1b75a9-c857-4b9a-9bce-dd664e78af57:c8, 4d1e0fe6-60fd-4907-9842-f352edb6fbc8:c8]
2019-08-24 00:23:56,863 | INFO  | SCMAudit | user=jenkins1000 | ip=192.168.34.57 | op=SEND_HEARTBEAT {datanodeUUID=9b1b75a9-c857-4b9a-9bce-dd664e78af57, command=[]} | ret=SUCCESS |  
2019-08-24 00:23:56,880 | INFO  | SCMAudit | user=jenkins1000 | ip=192.168.34.57 | op=SEND_HEARTBEAT {datanodeUUID=4d1e0fe6-60fd-4907-9842-f352edb6fbc8, command=[]} | ret=SUCCESS |  
2019-08-24 00:23:56,896 | INFO  | SCMAudit | user=jenkins1000 | ip=192.168.34.57 | op=SEND_HEARTBEAT {datanodeUUID=3a14c1ba-d90f-4e55-9b74-34a12c0cf08b, command=[]} | ret=SUCCESS |  
2019-08-24 00:23:56,911 | INFO  | SCMAudit | user=jenkins1000 | ip=192.168.34.57 | op=SEND_HEARTBEAT {datanodeUUID=5da42abd-867e-47ba-b805-7d971175ab74, command=[]} | ret=SUCCESS |  
2019-08-24 00:23:57,144 | INFO  | SCMAudit | user=jenkins1000 | ip=192.168.34.57 | op=SEND_HEARTBEAT {datanodeUUID=a2fab492-56f3-43b8-af5f-239f4e38d11d, command=[]} | ret=SUCCESS |  
2019-08-24 00:23:57,358 | INFO  | SCMAudit | user=jenkins1000 | ip=192.168.34.57 | op=SEND_HEARTBEAT {datanodeUUID=44c7f39a-9454-4511-9eaf-9b72a4aa6bb9, command=[]} | ret=SUCCESS |  
2019-08-24 00:23:57,529 | INFO  | SCMAudit | user=jenkins1000 | ip=192.168.34.57 | op=SEND_HEARTBEAT {datanodeUUID=6f3ac5a3-43f3-4ed6-928d-1c9df2f8e2aa, command=[]} | ret=SUCCESS |  
2019-08-24 00:23:57,862 | INFO  | SCMAudit | user=jenkins1000 | ip=192.168.34.57 | op=SEND_HEARTBEAT {datanodeUUID=9b1b75a9-c857-4b9a-9bce-dd664e78af57, command=[]} | ret=SUCCESS |  
2019-08-24 00:23:57,880 | INFO  | SCMAudit | user=jenkins1000 | ip=192.168.34.57 | op=SEND_HEARTBEAT {datanodeUUID=4d1e0fe6-60fd-4907-9842-f352edb6fbc8, command=[]} | ret=SUCCESS |  
2019-08-24 00:23:57,896 | INFO  | SCMAudit | user=jenkins1000 | ip=192.168.34.57 | op=SEND_HEARTBEAT {datanodeUUID=3a14c1ba-d90f-4e55-9b74-34a12c0cf08b, command=[]} | ret=SUCCESS |  
2019-08-24 00:23:57,911 | INFO  | SCMAudit | user=jenkins1000 | ip=192.168.34.57 | op=SEND_HEARTBEAT {datanodeUUID=5da42abd-867e-47ba-b805-7d971175ab74, command=[]} | ret=SUCCESS |  
2019-08-24 00:23:58,145 | INFO  | SCMAudit | user=jenkins1000 | ip=192.168.34.57 | op=SEND_HEARTBEAT {datanodeUUID=a2fab492-56f3-43b8-af5f-239f4e38d11d, command=[]} | ret=SUCCESS |  
2019-08-24 00:23:58,359 | INFO  | SCMAudit | user=jenkins1000 | ip=192.168.34.57 | op=SEND_HEARTBEAT {datanodeUUID=44c7f39a-9454-4511-9eaf-9b72a4aa6bb9, command=[]} | ret=SUCCESS |  
2019-08-24 00:23:58,528 | INFO  | SCMAudit | user=jenkins1000 | ip=192.168.34.57 | op=SEND_HEARTBEAT {datanodeUUID=6f3ac5a3-43f3-4ed6-928d-1c9df2f8e2aa, command=[]} | ret=SUCCESS |  
2019-08-24 00:23:58,862 | INFO  | SCMAudit | user=jenkins1000 | ip=192.168.34.57 | op=SEND_HEARTBEAT {datanodeUUID=9b1b75a9-c857-4b9a-9bce-dd664e78af57, command=[]} | ret=SUCCESS |  
2019-08-24 00:23:58,879 | INFO  | SCMAudit | user=jenkins1000 | ip=192.168.34.57 | op=SEND_HEARTBEAT {datanodeUUID=4d1e0fe6-60fd-4907-9842-f352edb6fbc8, command=[]} | ret=SUCCESS |  
2019-08-24 00:23:58,896 | INFO  | SCMAudit | user=jenkins1000 | ip=192.168.34.57 | op=SEND_HEARTBEAT {datanodeUUID=3a14c1ba-d90f-4e55-9b74-34a12c0cf08b, command=[]} | ret=SUCCESS |  
2019-08-24 00:23:58,911 | INFO  | SCMAudit | user=jenkins1000 | ip=192.168.34.57 | op=SEND_HEARTBEAT {datanodeUUID=5da42abd-867e-47ba-b805-7d971175ab74, command=[]} | ret=SUCCESS |  
2019-08-24 00:23:59,145 | INFO  | SCMAudit | user=jenkins1000 | ip=192.168.34.57 | op=SEND_HEARTBEAT {datanodeUUID=a2fab492-56f3-43b8-af5f-239f4e38d11d, command=[]} | ret=SUCCESS |  
2019-08-24 00:23:59,358 | INFO  | SCMAudit | user=jenkins1000 | ip=192.168.34.57 | op=SEND_HEARTBEAT {datanodeUUID=44c7f39a-9454-4511-9eaf-9b72a4aa6bb9, command=[]} | ret=SUCCESS |  
2019-08-24 00:23:59,529 | INFO  | SCMAudit | user=jenkins1000 | ip=192.168.34.57 | op=SEND_HEARTBEAT {datanodeUUID=6f3ac5a3-43f3-4ed6-928d-1c9df2f8e2aa, command=[]} | ret=SUCCESS |  
2019-08-24 00:23:59,863 | INFO  | SCMAudit | user=jenkins1000 | ip=192.168.34.57 | op=SEND_HEARTBEAT {datanodeUUID=9b1b75a9-c857-4b9a-9bce-dd664e78af57, command=[]} | ret=SUCCESS |  
2019-08-24 00:23:59,879 | INFO  | SCMAudit | user=jenkins1000 | ip=192.168.34.57 | op=SEND_HEARTBEAT {datanodeUUID=4d1e0fe6-60fd-4907-9842-f352edb6fbc8, command=[]} | ret=SUCCESS |  
2019-08-24 00:23:59,896 | INFO  | SCMAudit | user=jenkins1000 | ip=192.168.34.57 | op=SEND_HEARTBEAT {datanodeUUID=3a14c1ba-d90f-4e55-9b74-34a12c0cf08b, command=[]} | ret=SUCCESS |  
2019-08-24 00:23:59,912 | INFO  | SCMAudit | user=jenkins1000 | ip=192.168.34.57 | op=SEND_HEARTBEAT {datanodeUUID=5da42abd-867e-47ba-b805-7d971175ab74, command=[]} | ret=SUCCESS |  
2019-08-24 00:24:00,144 | INFO  | SCMAudit | user=jenkins1000 | ip=192.168.34.57 | op=SEND_HEARTBEAT {datanodeUUID=a2fab492-56f3-43b8-af5f-239f4e38d11d, command=[]} | ret=SUCCESS |  
2019-08-24 00:24:00,359 | INFO  | SCMAudit | user=jenkins1000 | ip=192.168.34.57 | op=SEND_HEARTBEAT {datanodeUUID=44c7f39a-9454-4511-9eaf-9b72a4aa6bb9, command=[]} | ret=SUCCESS |  
2019-08-24 00:24:00,528 | INFO  | SCMAudit | user=jenkins1000 | ip=192.168.34.57 | op=SEND_HEARTBEAT {datanodeUUID=6f3ac5a3-43f3-4ed6-928d-1c9df2f8e2aa, command=[]} | ret=SUCCESS |  
2019-08-24 00:24:00,862 | INFO  | SCMAudit | user=jenkins1000 | ip=192.168.34.57 | op=SEND_HEARTBEAT {datanodeUUID=9b1b75a9-c857-4b9a-9bce-dd664e78af57, command=[]} | ret=SUCCESS |  
2019-08-24 00:24:00,880 | INFO  | SCMAudit | user=jenkins1000 | ip=192.168.34.57 | op=SEND_HEARTBEAT {datanodeUUID=4d1e0fe6-60fd-4907-9842-f352edb6fbc8, command=[]} | ret=SUCCESS |  
2019-08-24 00:24:00,896 | INFO  | SCMAudit | user=jenkins1000 | ip=192.168.34.57 | op=SEND_HEARTBEAT {datanodeUUID=3a14c1ba-d90f-4e55-9b74-34a12c0cf08b, command=[]} | ret=SUCCESS |  
2019-08-24 00:24:00,911 | INFO  | SCMAudit | user=jenkins1000 | ip=192.168.34.57 | op=SEND_HEARTBEAT {datanodeUUID=5da42abd-867e-47ba-b805-7d971175ab74, command=[]} | ret=SUCCESS |  
2019-08-24 00:24:01,145 | INFO  | SCMAudit | user=jenkins1000 | ip=192.168.34.57 | op=SEND_HEARTBEAT {datanodeUUID=a2fab492-56f3-43b8-af5f-239f4e38d11d, command=[]} | ret=SUCCESS |  
2019-08-24 00:24:01,358 | INFO  | SCMAudit | user=jenkins1000 | ip=192.168.34.57 | op=SEND_HEARTBEAT {datanodeUUID=44c7f39a-9454-4511-9eaf-9b72a4aa6bb9, command=[]} | ret=SUCCESS |  
2019-08-24 00:24:01,528 | INFO  | SCMAudit | user=jenkins1000 | ip=192.168.34.57 | op=SEND_HEARTBEAT {datanodeUUID=6f3ac5a3-43f3-4ed6-928d-1c9df2f8e2aa, command=[]} | ret=SUCCESS |  
2019-08-24 00:24:01,764 [grpc-default-executor-6] INFO  client.GrpcClientProtocolClient (GrpcClientProtocolClient.java:onNext(255)) - client-090605BECF39->9b1b75a9-c857-4b9a-9bce-dd664e78af57: receive RaftClientReply:client-090605BECF39->9b1b75a9-c857-4b9a-9bce-dd664e78af57@group-7922B4F3146A, cid=45, FAILED org.apache.ratis.protocol.NotLeaderException: Server 9b1b75a9-c857-4b9a-9bce-dd664e78af57 is not the leader (4d1e0fe6-60fd-4907-9842-f352edb6fbc8:192.168.34.57:43840). Request must be sent to leader., logIndex=0, commits[9b1b75a9-c857-4b9a-9bce-dd664e78af57:c8, 3a14c1ba-d90f-4e55-9b74-34a12c0cf08b:c8, 4d1e0fe6-60fd-4907-9842-f352edb6fbc8:c8]
2019-08-24 00:24:01,863 | INFO  | SCMAudit | user=jenkins1000 | ip=192.168.34.57 | op=SEND_HEARTBEAT {datanodeUUID=9b1b75a9-c857-4b9a-9bce-dd664e78af57, command=[]} | ret=SUCCESS |  
2019-08-24 00:24:01,880 | INFO  | SCMAudit | user=jenkins1000 | ip=192.168.34.57 | op=SEND_HEARTBEAT {datanodeUUID=4d1e0fe6-60fd-4907-9842-f352edb6fbc8, command=[]} | ret=SUCCESS |  
2019-08-24 00:24:01,897 | INFO  | SCMAudit | user=jenkins1000 | ip=192.168.34.57 | op=SEND_HEARTBEAT {datanodeUUID=3a14c1ba-d90f-4e55-9b74-34a12c0cf08b, command=[]} | ret=SUCCESS |  
2019-08-24 00:24:01,911 | INFO  | SCMAudit | user=jenkins1000 | ip=192.168.34.57 | op=SEND_HEARTBEAT {datanodeUUID=5da42abd-867e-47ba-b805-7d971175ab74, command=[]} | ret=SUCCESS |  
2019-08-24 00:24:02,145 | INFO  | SCMAudit | user=jenkins1000 | ip=192.168.34.57 | op=SEND_HEARTBEAT {datanodeUUID=a2fab492-56f3-43b8-af5f-239f4e38d11d, command=[]} | ret=SUCCESS |  
2019-08-24 00:24:02,358 | INFO  | SCMAudit | user=jenkins1000 | ip=192.168.34.57 | op=SEND_HEARTBEAT {datanodeUUID=44c7f39a-9454-4511-9eaf-9b72a4aa6bb9, command=[]} | ret=SUCCESS |  
2019-08-24 00:24:02,529 | INFO  | SCMAudit | user=jenkins1000 | ip=192.168.34.57 | op=SEND_HEARTBEAT {datanodeUUID=6f3ac5a3-43f3-4ed6-928d-1c9df2f8e2aa, command=[]} | ret=SUCCESS |  
2019-08-24 00:24:02,863 | INFO  | SCMAudit | user=jenkins1000 | ip=192.168.34.57 | op=SEND_HEARTBEAT {datanodeUUID=9b1b75a9-c857-4b9a-9bce-dd664e78af57, command=[]} | ret=SUCCESS |  
2019-08-24 00:24:02,879 | INFO  | SCMAudit | user=jenkins1000 | ip=192.168.34.57 | op=SEND_HEARTBEAT {datanodeUUID=4d1e0fe6-60fd-4907-9842-f352edb6fbc8, command=[]} | ret=SUCCESS |  
2019-08-24 00:24:02,897 | INFO  | SCMAudit | user=jenkins1000 | ip=192.168.34.57 | op=SEND_HEARTBEAT {datanodeUUID=3a14c1ba-d90f-4e55-9b74-34a12c0cf08b, command=[]} | ret=SUCCESS |  
2019-08-24 00:24:02,912 | INFO  | SCMAudit | user=jenkins1000 | ip=192.168.34.57 | op=SEND_HEARTBEAT {datanodeUUID=5da42abd-867e-47ba-b805-7d971175ab74, command=[]} | ret=SUCCESS |  
2019-08-24 00:24:03,145 | INFO  | SCMAudit | user=jenkins1000 | ip=192.168.34.57 | op=SEND_HEARTBEAT {datanodeUUID=a2fab492-56f3-43b8-af5f-239f4e38d11d, command=[]} | ret=SUCCESS |  
2019-08-24 00:24:03,359 | INFO  | SCMAudit | user=jenkins1000 | ip=192.168.34.57 | op=SEND_HEARTBEAT {datanodeUUID=44c7f39a-9454-4511-9eaf-9b72a4aa6bb9, command=[]} | ret=SUCCESS |  
2019-08-24 00:24:03,528 | INFO  | SCMAudit | user=jenkins1000 | ip=192.168.34.57 | op=SEND_HEARTBEAT {datanodeUUID=6f3ac5a3-43f3-4ed6-928d-1c9df2f8e2aa, command=[]} | ret=SUCCESS |  
2019-08-24 00:24:03,863 | INFO  | SCMAudit | user=jenkins1000 | ip=192.168.34.57 | op=SEND_HEARTBEAT {datanodeUUID=9b1b75a9-c857-4b9a-9bce-dd664e78af57, command=[]} | ret=SUCCESS |  
2019-08-24 00:24:03,879 | INFO  | SCMAudit | user=jenkins1000 | ip=192.168.34.57 | op=SEND_HEARTBEAT {datanodeUUID=4d1e0fe6-60fd-4907-9842-f352edb6fbc8, command=[]} | ret=SUCCESS |  
2019-08-24 00:24:03,897 | INFO  | SCMAudit | user=jenkins1000 | ip=192.168.34.57 | op=SEND_HEARTBEAT {datanodeUUID=3a14c1ba-d90f-4e55-9b74-34a12c0cf08b, command=[]} | ret=SUCCESS |  
2019-08-24 00:24:03,911 | INFO  | SCMAudit | user=jenkins1000 | ip=192.168.34.57 | op=SEND_HEARTBEAT {datanodeUUID=5da42abd-867e-47ba-b805-7d971175ab74, command=[]} | ret=SUCCESS |  
2019-08-24 00:24:04,145 | INFO  | SCMAudit | user=jenkins1000 | ip=192.168.34.57 | op=SEND_HEARTBEAT {datanodeUUID=a2fab492-56f3-43b8-af5f-239f4e38d11d, command=[]} | ret=SUCCESS |  
2019-08-24 00:24:04,359 | INFO  | SCMAudit | user=jenkins1000 | ip=192.168.34.57 | op=SEND_HEARTBEAT {datanodeUUID=44c7f39a-9454-4511-9eaf-9b72a4aa6bb9, command=[]} | ret=SUCCESS |  
2019-08-24 00:24:04,529 | INFO  | SCMAudit | user=jenkins1000 | ip=192.168.34.57 | op=SEND_HEARTBEAT {datanodeUUID=6f3ac5a3-43f3-4ed6-928d-1c9df2f8e2aa, command=[]} | ret=SUCCESS |  
2019-08-24 00:24:04,862 | INFO  | SCMAudit | user=jenkins1000 | ip=192.168.34.57 | op=SEND_HEARTBEAT {datanodeUUID=9b1b75a9-c857-4b9a-9bce-dd664e78af57, command=[]} | ret=SUCCESS |  
2019-08-24 00:24:04,880 | INFO  | SCMAudit | user=jenkins1000 | ip=192.168.34.57 | op=SEND_HEARTBEAT {datanodeUUID=4d1e0fe6-60fd-4907-9842-f352edb6fbc8, command=[]} | ret=SUCCESS |  
2019-08-24 00:24:04,898 | INFO  | SCMAudit | user=jenkins1000 | ip=192.168.34.57 | op=SEND_HEARTBEAT {datanodeUUID=3a14c1ba-d90f-4e55-9b74-34a12c0cf08b, command=[]} | ret=SUCCESS |  
2019-08-24 00:24:04,911 | INFO  | SCMAudit | user=jenkins1000 | ip=192.168.34.57 | op=SEND_HEARTBEAT {datanodeUUID=5da42abd-867e-47ba-b805-7d971175ab74, command=[]} | ret=SUCCESS |  
2019-08-24 00:24:05,146 | INFO  | SCMAudit | user=jenkins1000 | ip=192.168.34.57 | op=SEND_HEARTBEAT {datanodeUUID=a2fab492-56f3-43b8-af5f-239f4e38d11d, command=[]} | ret=SUCCESS |  
2019-08-24 00:24:05,359 | INFO  | SCMAudit | user=jenkins1000 | ip=192.168.34.57 | op=SEND_HEARTBEAT {datanodeUUID=44c7f39a-9454-4511-9eaf-9b72a4aa6bb9, command=[]} | ret=SUCCESS |  
2019-08-24 00:24:05,528 | INFO  | SCMAudit | user=jenkins1000 | ip=192.168.34.57 | op=SEND_HEARTBEAT {datanodeUUID=6f3ac5a3-43f3-4ed6-928d-1c9df2f8e2aa, command=[]} | ret=SUCCESS |  
2019-08-24 00:24:05,863 | INFO  | SCMAudit | user=jenkins1000 | ip=192.168.34.57 | op=SEND_HEARTBEAT {datanodeUUID=9b1b75a9-c857-4b9a-9bce-dd664e78af57, command=[]} | ret=SUCCESS |  
2019-08-24 00:24:05,879 | INFO  | SCMAudit | user=jenkins1000 | ip=192.168.34.57 | op=SEND_HEARTBEAT {datanodeUUID=4d1e0fe6-60fd-4907-9842-f352edb6fbc8, command=[]} | ret=SUCCESS |  
2019-08-24 00:24:05,897 | INFO  | SCMAudit | user=jenkins1000 | ip=192.168.34.57 | op=SEND_HEARTBEAT {datanodeUUID=3a14c1ba-d90f-4e55-9b74-34a12c0cf08b, command=[]} | ret=SUCCESS |  
2019-08-24 00:24:05,911 | INFO  | SCMAudit | user=jenkins1000 | ip=192.168.34.57 | op=SEND_HEARTBEAT {datanodeUUID=5da42abd-867e-47ba-b805-7d971175ab74, command=[]} | ret=SUCCESS |  
2019-08-24 00:24:06,145 | INFO  | SCMAudit | user=jenkins1000 | ip=192.168.34.57 | op=SEND_HEARTBEAT {datanodeUUID=a2fab492-56f3-43b8-af5f-239f4e38d11d, command=[]} | ret=SUCCESS |  
2019-08-24 00:24:06,359 | INFO  | SCMAudit | user=jenkins1000 | ip=192.168.34.57 | op=SEND_HEARTBEAT {datanodeUUID=44c7f39a-9454-4511-9eaf-9b72a4aa6bb9, command=[]} | ret=SUCCESS |  
2019-08-24 00:24:06,529 | INFO  | SCMAudit | user=jenkins1000 | ip=192.168.34.57 | op=SEND_HEARTBEAT {datanodeUUID=6f3ac5a3-43f3-4ed6-928d-1c9df2f8e2aa, command=[]} | ret=SUCCESS |  
2019-08-24 00:24:06,815 [grpc-default-executor-6] INFO  client.GrpcClientProtocolClient (GrpcClientProtocolClient.java:onNext(255)) - client-090605BECF39->9b1b75a9-c857-4b9a-9bce-dd664e78af57: receive RaftClientReply:client-090605BECF39->9b1b75a9-c857-4b9a-9bce-dd664e78af57@group-7922B4F3146A, cid=45, FAILED org.apache.ratis.protocol.NotLeaderException: Server 9b1b75a9-c857-4b9a-9bce-dd664e78af57 is not the leader (4d1e0fe6-60fd-4907-9842-f352edb6fbc8:192.168.34.57:43840). Request must be sent to leader., logIndex=0, commits[9b1b75a9-c857-4b9a-9bce-dd664e78af57:c8, 3a14c1ba-d90f-4e55-9b74-34a12c0cf08b:c8, 4d1e0fe6-60fd-4907-9842-f352edb6fbc8:c8]
2019-08-24 00:24:06,863 | INFO  | SCMAudit | user=jenkins1000 | ip=192.168.34.57 | op=SEND_HEARTBEAT {datanodeUUID=9b1b75a9-c857-4b9a-9bce-dd664e78af57, command=[]} | ret=SUCCESS |  
2019-08-24 00:24:06,879 | INFO  | SCMAudit | user=jenkins1000 | ip=192.168.34.57 | op=SEND_HEARTBEAT {datanodeUUID=4d1e0fe6-60fd-4907-9842-f352edb6fbc8, command=[]} | ret=SUCCESS |  
2019-08-24 00:24:06,897 | INFO  | SCMAudit | user=jenkins1000 | ip=192.168.34.57 | op=SEND_HEARTBEAT {datanodeUUID=3a14c1ba-d90f-4e55-9b74-34a12c0cf08b, command=[]} | ret=SUCCESS |  
2019-08-24 00:24:06,911 | INFO  | SCMAudit | user=jenkins1000 | ip=192.168.34.57 | op=SEND_HEARTBEAT {datanodeUUID=5da42abd-867e-47ba-b805-7d971175ab74, command=[]} | ret=SUCCESS |  
2019-08-24 00:24:07,146 | INFO  | SCMAudit | user=jenkins1000 | ip=192.168.34.57 | op=SEND_HEARTBEAT {datanodeUUID=a2fab492-56f3-43b8-af5f-239f4e38d11d, command=[]} | ret=SUCCESS |  
2019-08-24 00:24:07,360 | INFO  | SCMAudit | user=jenkins1000 | ip=192.168.34.57 | op=SEND_HEARTBEAT {datanodeUUID=44c7f39a-9454-4511-9eaf-9b72a4aa6bb9, command=[]} | ret=SUCCESS |  
2019-08-24 00:24:07,528 | INFO  | SCMAudit | user=jenkins1000 | ip=192.168.34.57 | op=SEND_HEARTBEAT {datanodeUUID=6f3ac5a3-43f3-4ed6-928d-1c9df2f8e2aa, command=[]} | ret=SUCCESS |  
2019-08-24 00:24:07,862 | INFO  | SCMAudit | user=jenkins1000 | ip=192.168.34.57 | op=SEND_HEARTBEAT {datanodeUUID=9b1b75a9-c857-4b9a-9bce-dd664e78af57, command=[]} | ret=SUCCESS |  
2019-08-24 00:24:07,880 | INFO  | SCMAudit | user=jenkins1000 | ip=192.168.34.57 | op=SEND_HEARTBEAT {datanodeUUID=4d1e0fe6-60fd-4907-9842-f352edb6fbc8, command=[]} | ret=SUCCESS |  
2019-08-24 00:24:07,897 | INFO  | SCMAudit | user=jenkins1000 | ip=192.168.34.57 | op=SEND_HEARTBEAT {datanodeUUID=3a14c1ba-d90f-4e55-9b74-34a12c0cf08b, command=[]} | ret=SUCCESS |  
2019-08-24 00:24:07,912 | INFO  | SCMAudit | user=jenkins1000 | ip=192.168.34.57 | op=SEND_HEARTBEAT {datanodeUUID=5da42abd-867e-47ba-b805-7d971175ab74, command=[]} | ret=SUCCESS |  
2019-08-24 00:24:08,146 | INFO  | SCMAudit | user=jenkins1000 | ip=192.168.34.57 | op=SEND_HEARTBEAT {datanodeUUID=a2fab492-56f3-43b8-af5f-239f4e38d11d, command=[]} | ret=SUCCESS |  
2019-08-24 00:24:08,359 | INFO  | SCMAudit | user=jenkins1000 | ip=192.168.34.57 | op=SEND_HEARTBEAT {datanodeUUID=44c7f39a-9454-4511-9eaf-9b72a4aa6bb9, command=[]} | ret=SUCCESS |  
2019-08-24 00:24:08,529 | INFO  | SCMAudit | user=jenkins1000 | ip=192.168.34.57 | op=SEND_HEARTBEAT {datanodeUUID=6f3ac5a3-43f3-4ed6-928d-1c9df2f8e2aa, command=[]} | ret=SUCCESS |  
2019-08-24 00:24:08,864 | INFO  | SCMAudit | user=jenkins1000 | ip=192.168.34.57 | op=SEND_HEARTBEAT {datanodeUUID=9b1b75a9-c857-4b9a-9bce-dd664e78af57, command=[]} | ret=SUCCESS |  
2019-08-24 00:24:08,880 | INFO  | SCMAudit | user=jenkins1000 | ip=192.168.34.57 | op=SEND_HEARTBEAT {datanodeUUID=4d1e0fe6-60fd-4907-9842-f352edb6fbc8, command=[]} | ret=SUCCESS |  
2019-08-24 00:24:08,898 | INFO  | SCMAudit | user=jenkins1000 | ip=192.168.34.57 | op=SEND_HEARTBEAT {datanodeUUID=3a14c1ba-d90f-4e55-9b74-34a12c0cf08b, command=[]} | ret=SUCCESS |  
2019-08-24 00:24:08,912 | INFO  | SCMAudit | user=jenkins1000 | ip=192.168.34.57 | op=SEND_HEARTBEAT {datanodeUUID=5da42abd-867e-47ba-b805-7d971175ab74, command=[]} | ret=SUCCESS |  
2019-08-24 00:24:09,147 | INFO  | SCMAudit | user=jenkins1000 | ip=192.168.34.57 | op=SEND_HEARTBEAT {datanodeUUID=a2fab492-56f3-43b8-af5f-239f4e38d11d, command=[]} | ret=SUCCESS |  
2019-08-24 00:24:09,360 | INFO  | SCMAudit | user=jenkins1000 | ip=192.168.34.57 | op=SEND_HEARTBEAT {datanodeUUID=44c7f39a-9454-4511-9eaf-9b72a4aa6bb9, command=[]} | ret=SUCCESS |  
2019-08-24 00:24:09,529 | INFO  | SCMAudit | user=jenkins1000 | ip=192.168.34.57 | op=SEND_HEARTBEAT {datanodeUUID=6f3ac5a3-43f3-4ed6-928d-1c9df2f8e2aa, command=[]} | ret=SUCCESS |  
2019-08-24 00:24:09,862 | INFO  | SCMAudit | user=jenkins1000 | ip=192.168.34.57 | op=SEND_HEARTBEAT {datanodeUUID=9b1b75a9-c857-4b9a-9bce-dd664e78af57, command=[]} | ret=SUCCESS |  
2019-08-24 00:24:09,879 | INFO  | SCMAudit | user=jenkins1000 | ip=192.168.34.57 | op=SEND_HEARTBEAT {datanodeUUID=4d1e0fe6-60fd-4907-9842-f352edb6fbc8, command=[]} | ret=SUCCESS |  
2019-08-24 00:24:09,898 | INFO  | SCMAudit | user=jenkins1000 | ip=192.168.34.57 | op=SEND_HEARTBEAT {datanodeUUID=3a14c1ba-d90f-4e55-9b74-34a12c0cf08b, command=[]} | ret=SUCCESS |  
2019-08-24 00:24:09,913 | INFO  | SCMAudit | user=jenkins1000 | ip=192.168.34.57 | op=SEND_HEARTBEAT {datanodeUUID=5da42abd-867e-47ba-b805-7d971175ab74, command=[]} | ret=SUCCESS |  
2019-08-24 00:24:10,146 | INFO  | SCMAudit | user=jenkins1000 | ip=192.168.34.57 | op=SEND_HEARTBEAT {datanodeUUID=a2fab492-56f3-43b8-af5f-239f4e38d11d, command=[]} | ret=SUCCESS |  
2019-08-24 00:24:10,359 | INFO  | SCMAudit | user=jenkins1000 | ip=192.168.34.57 | op=SEND_HEARTBEAT {datanodeUUID=44c7f39a-9454-4511-9eaf-9b72a4aa6bb9, command=[]} | ret=SUCCESS |  
2019-08-24 00:24:10,528 | INFO  | SCMAudit | user=jenkins1000 | ip=192.168.34.57 | op=SEND_HEARTBEAT {datanodeUUID=6f3ac5a3-43f3-4ed6-928d-1c9df2f8e2aa, command=[]} | ret=SUCCESS |  
2019-08-24 00:24:10,863 | INFO  | SCMAudit | user=jenkins1000 | ip=192.168.34.57 | op=SEND_HEARTBEAT {datanodeUUID=9b1b75a9-c857-4b9a-9bce-dd664e78af57, command=[]} | ret=SUCCESS |  
2019-08-24 00:24:10,880 | INFO  | SCMAudit | user=jenkins1000 | ip=192.168.34.57 | op=SEND_HEARTBEAT {datanodeUUID=4d1e0fe6-60fd-4907-9842-f352edb6fbc8, command=[]} | ret=SUCCESS |  
2019-08-24 00:24:10,898 | INFO  | SCMAudit | user=jenkins1000 | ip=192.168.34.57 | op=SEND_HEARTBEAT {datanodeUUID=3a14c1ba-d90f-4e55-9b74-34a12c0cf08b, command=[]} | ret=SUCCESS |  
2019-08-24 00:24:10,914 | INFO  | SCMAudit | user=jenkins1000 | ip=192.168.34.57 | op=SEND_HEARTBEAT {datanodeUUID=5da42abd-867e-47ba-b805-7d971175ab74, command=[]} | ret=SUCCESS |  
2019-08-24 00:24:11,147 | INFO  | SCMAudit | user=jenkins1000 | ip=192.168.34.57 | op=SEND_HEARTBEAT {datanodeUUID=a2fab492-56f3-43b8-af5f-239f4e38d11d, command=[]} | ret=SUCCESS |  
2019-08-24 00:24:11,360 | INFO  | SCMAudit | user=jenkins1000 | ip=192.168.34.57 | op=SEND_HEARTBEAT {datanodeUUID=44c7f39a-9454-4511-9eaf-9b72a4aa6bb9, command=[]} | ret=SUCCESS |  
2019-08-24 00:24:11,529 | INFO  | SCMAudit | user=jenkins1000 | ip=192.168.34.57 | op=SEND_HEARTBEAT {datanodeUUID=6f3ac5a3-43f3-4ed6-928d-1c9df2f8e2aa, command=[]} | ret=SUCCESS |  
2019-08-24 00:24:11,861 [grpc-default-executor-6] INFO  client.GrpcClientProtocolClient (GrpcClientProtocolClient.java:onNext(255)) - client-090605BECF39->3a14c1ba-d90f-4e55-9b74-34a12c0cf08b: receive RaftClientReply:client-090605BECF39->3a14c1ba-d90f-4e55-9b74-34a12c0cf08b@group-7922B4F3146A, cid=45, FAILED org.apache.ratis.protocol.NotLeaderException: Server 3a14c1ba-d90f-4e55-9b74-34a12c0cf08b is not the leader (4d1e0fe6-60fd-4907-9842-f352edb6fbc8:192.168.34.57:43840). Request must be sent to leader., logIndex=0, commits[3a14c1ba-d90f-4e55-9b74-34a12c0cf08b:c8, 9b1b75a9-c857-4b9a-9bce-dd664e78af57:c8, 4d1e0fe6-60fd-4907-9842-f352edb6fbc8:c8]
2019-08-24 00:24:11,873 | INFO  | SCMAudit | user=jenkins1000 | ip=192.168.34.57 | op=SEND_HEARTBEAT {datanodeUUID=9b1b75a9-c857-4b9a-9bce-dd664e78af57, command=[]} | ret=SUCCESS |  
2019-08-24 00:24:11,879 | INFO  | SCMAudit | user=jenkins1000 | ip=192.168.34.57 | op=SEND_HEARTBEAT {datanodeUUID=4d1e0fe6-60fd-4907-9842-f352edb6fbc8, command=[]} | ret=SUCCESS |  
2019-08-24 00:24:11,897 | INFO  | SCMAudit | user=jenkins1000 | ip=192.168.34.57 | op=SEND_HEARTBEAT {datanodeUUID=3a14c1ba-d90f-4e55-9b74-34a12c0cf08b, command=[]} | ret=SUCCESS |  
2019-08-24 00:24:11,914 | INFO  | SCMAudit | user=jenkins1000 | ip=192.168.34.57 | op=SEND_HEARTBEAT {datanodeUUID=5da42abd-867e-47ba-b805-7d971175ab74, command=[]} | ret=SUCCESS |  
2019-08-24 00:24:12,146 | INFO  | SCMAudit | user=jenkins1000 | ip=192.168.34.57 | op=SEND_HEARTBEAT {datanodeUUID=a2fab492-56f3-43b8-af5f-239f4e38d11d, command=[]} | ret=SUCCESS |  
2019-08-24 00:24:12,359 | INFO  | SCMAudit | user=jenkins1000 | ip=192.168.34.57 | op=SEND_HEARTBEAT {datanodeUUID=44c7f39a-9454-4511-9eaf-9b72a4aa6bb9, command=[]} | ret=SUCCESS |  
2019-08-24 00:24:12,529 | INFO  | SCMAudit | user=jenkins1000 | ip=192.168.34.57 | op=SEND_HEARTBEAT {datanodeUUID=6f3ac5a3-43f3-4ed6-928d-1c9df2f8e2aa, command=[]} | ret=SUCCESS |  
2019-08-24 00:24:12,866 | INFO  | SCMAudit | user=jenkins1000 | ip=192.168.34.57 | op=SEND_HEARTBEAT {datanodeUUID=9b1b75a9-c857-4b9a-9bce-dd664e78af57, command=[]} | ret=SUCCESS |  
2019-08-24 00:24:12,880 | INFO  | SCMAudit | user=jenkins1000 | ip=192.168.34.57 | op=SEND_HEARTBEAT {datanodeUUID=4d1e0fe6-60fd-4907-9842-f352edb6fbc8, command=[]} | ret=SUCCESS |  
2019-08-24 00:24:12,897 | INFO  | SCMAudit | user=jenkins1000 | ip=192.168.34.57 | op=SEND_HEARTBEAT {datanodeUUID=3a14c1ba-d90f-4e55-9b74-34a12c0cf08b, command=[]} | ret=SUCCESS |  
2019-08-24 00:24:12,914 | INFO  | SCMAudit | user=jenkins1000 | ip=192.168.34.57 | op=SEND_HEARTBEAT {datanodeUUID=5da42abd-867e-47ba-b805-7d971175ab74, command=[]} | ret=SUCCESS |  
2019-08-24 00:24:13,147 | INFO  | SCMAudit | user=jenkins1000 | ip=192.168.34.57 | op=SEND_HEARTBEAT {datanodeUUID=a2fab492-56f3-43b8-af5f-239f4e38d11d, command=[]} | ret=SUCCESS |  
2019-08-24 00:24:13,360 | INFO  | SCMAudit | user=jenkins1000 | ip=192.168.34.57 | op=SEND_HEARTBEAT {datanodeUUID=44c7f39a-9454-4511-9eaf-9b72a4aa6bb9, command=[]} | ret=SUCCESS |  
2019-08-24 00:24:13,529 | INFO  | SCMAudit | user=jenkins1000 | ip=192.168.34.57 | op=SEND_HEARTBEAT {datanodeUUID=6f3ac5a3-43f3-4ed6-928d-1c9df2f8e2aa, command=[]} | ret=SUCCESS |  
2019-08-24 00:24:13,865 | INFO  | SCMAudit | user=jenkins1000 | ip=192.168.34.57 | op=SEND_HEARTBEAT {datanodeUUID=9b1b75a9-c857-4b9a-9bce-dd664e78af57, command=[]} | ret=SUCCESS |  
2019-08-24 00:24:13,880 | INFO  | SCMAudit | user=jenkins1000 | ip=192.168.34.57 | op=SEND_HEARTBEAT {datanodeUUID=4d1e0fe6-60fd-4907-9842-f352edb6fbc8, command=[]} | ret=SUCCESS |  
2019-08-24 00:24:13,897 | INFO  | SCMAudit | user=jenkins1000 | ip=192.168.34.57 | op=SEND_HEARTBEAT {datanodeUUID=3a14c1ba-d90f-4e55-9b74-34a12c0cf08b, command=[]} | ret=SUCCESS |  
2019-08-24 00:24:13,918 | INFO  | SCMAudit | user=jenkins1000 | ip=192.168.34.57 | op=SEND_HEARTBEAT {datanodeUUID=5da42abd-867e-47ba-b805-7d971175ab74, command=[]} | ret=SUCCESS |  
2019-08-24 00:24:14,146 | INFO  | SCMAudit | user=jenkins1000 | ip=192.168.34.57 | op=SEND_HEARTBEAT {datanodeUUID=a2fab492-56f3-43b8-af5f-239f4e38d11d, command=[]} | ret=SUCCESS |  
2019-08-24 00:24:14,360 | INFO  | SCMAudit | user=jenkins1000 | ip=192.168.34.57 | op=SEND_HEARTBEAT {datanodeUUID=44c7f39a-9454-4511-9eaf-9b72a4aa6bb9, command=[]} | ret=SUCCESS |  
2019-08-24 00:24:14,529 | INFO  | SCMAudit | user=jenkins1000 | ip=192.168.34.57 | op=SEND_HEARTBEAT {datanodeUUID=6f3ac5a3-43f3-4ed6-928d-1c9df2f8e2aa, command=[]} | ret=SUCCESS |  
2019-08-24 00:24:14,865 | INFO  | SCMAudit | user=jenkins1000 | ip=192.168.34.57 | op=SEND_HEARTBEAT {datanodeUUID=9b1b75a9-c857-4b9a-9bce-dd664e78af57, command=[]} | ret=SUCCESS |  
2019-08-24 00:24:14,880 | INFO  | SCMAudit | user=jenkins1000 | ip=192.168.34.57 | op=SEND_HEARTBEAT {datanodeUUID=4d1e0fe6-60fd-4907-9842-f352edb6fbc8, command=[]} | ret=SUCCESS |  
2019-08-24 00:24:14,898 | INFO  | SCMAudit | user=jenkins1000 | ip=192.168.34.57 | op=SEND_HEARTBEAT {datanodeUUID=3a14c1ba-d90f-4e55-9b74-34a12c0cf08b, command=[]} | ret=SUCCESS |  
2019-08-24 00:24:14,914 | INFO  | SCMAudit | user=jenkins1000 | ip=192.168.34.57 | op=SEND_HEARTBEAT {datanodeUUID=5da42abd-867e-47ba-b805-7d971175ab74, command=[]} | ret=SUCCESS |  
2019-08-24 00:24:15,147 | INFO  | SCMAudit | user=jenkins1000 | ip=192.168.34.57 | op=SEND_HEARTBEAT {datanodeUUID=a2fab492-56f3-43b8-af5f-239f4e38d11d, command=[]} | ret=SUCCESS |  
2019-08-24 00:24:15,361 | INFO  | SCMAudit | user=jenkins1000 | ip=192.168.34.57 | op=SEND_HEARTBEAT {datanodeUUID=44c7f39a-9454-4511-9eaf-9b72a4aa6bb9, command=[]} | ret=SUCCESS |  
2019-08-24 00:24:15,530 | INFO  | SCMAudit | user=jenkins1000 | ip=192.168.34.57 | op=SEND_HEARTBEAT {datanodeUUID=6f3ac5a3-43f3-4ed6-928d-1c9df2f8e2aa, command=[]} | ret=SUCCESS |  
2019-08-24 00:24:15,865 | INFO  | SCMAudit | user=jenkins1000 | ip=192.168.34.57 | op=SEND_HEARTBEAT {datanodeUUID=9b1b75a9-c857-4b9a-9bce-dd664e78af57, command=[]} | ret=SUCCESS |  
2019-08-24 00:24:15,882 | INFO  | SCMAudit | user=jenkins1000 | ip=192.168.34.57 | op=SEND_HEARTBEAT {datanodeUUID=4d1e0fe6-60fd-4907-9842-f352edb6fbc8, command=[]} | ret=SUCCESS |  
2019-08-24 00:24:15,900 | INFO  | SCMAudit | user=jenkins1000 | ip=192.168.34.57 | op=SEND_HEARTBEAT {datanodeUUID=3a14c1ba-d90f-4e55-9b74-34a12c0cf08b, command=[]} | ret=SUCCESS |  
2019-08-24 00:24:15,914 | INFO  | SCMAudit | user=jenkins1000 | ip=192.168.34.57 | op=SEND_HEARTBEAT {datanodeUUID=5da42abd-867e-47ba-b805-7d971175ab74, command=[]} | ret=SUCCESS |  
2019-08-24 00:24:16,147 | INFO  | SCMAudit | user=jenkins1000 | ip=192.168.34.57 | op=SEND_HEARTBEAT {datanodeUUID=a2fab492-56f3-43b8-af5f-239f4e38d11d, command=[]} | ret=SUCCESS |  
2019-08-24 00:24:16,361 | INFO  | SCMAudit | user=jenkins1000 | ip=192.168.34.57 | op=SEND_HEARTBEAT {datanodeUUID=44c7f39a-9454-4511-9eaf-9b72a4aa6bb9, command=[]} | ret=SUCCESS |  
2019-08-24 00:24:16,529 | INFO  | SCMAudit | user=jenkins1000 | ip=192.168.34.57 | op=SEND_HEARTBEAT {datanodeUUID=6f3ac5a3-43f3-4ed6-928d-1c9df2f8e2aa, command=[]} | ret=SUCCESS |  
2019-08-24 00:24:16,866 | INFO  | SCMAudit | user=jenkins1000 | ip=192.168.34.57 | op=SEND_HEARTBEAT {datanodeUUID=9b1b75a9-c857-4b9a-9bce-dd664e78af57, command=[]} | ret=SUCCESS |  
2019-08-24 00:24:16,882 | INFO  | SCMAudit | user=jenkins1000 | ip=192.168.34.57 | op=SEND_HEARTBEAT {datanodeUUID=4d1e0fe6-60fd-4907-9842-f352edb6fbc8, command=[]} | ret=SUCCESS |  
2019-08-24 00:24:16,900 | INFO  | SCMAudit | user=jenkins1000 | ip=192.168.34.57 | op=SEND_HEARTBEAT {datanodeUUID=3a14c1ba-d90f-4e55-9b74-34a12c0cf08b, command=[]} | ret=SUCCESS |  
2019-08-24 00:24:16,914 | INFO  | SCMAudit | user=jenkins1000 | ip=192.168.34.57 | op=SEND_HEARTBEAT {datanodeUUID=5da42abd-867e-47ba-b805-7d971175ab74, command=[]} | ret=SUCCESS |  
2019-08-24 00:24:16,922 [grpc-default-executor-4] INFO  client.GrpcClientProtocolClient (GrpcClientProtocolClient.java:onNext(255)) - client-090605BECF39->9b1b75a9-c857-4b9a-9bce-dd664e78af57: receive RaftClientReply:client-090605BECF39->9b1b75a9-c857-4b9a-9bce-dd664e78af57@group-7922B4F3146A, cid=45, FAILED org.apache.ratis.protocol.NotLeaderException: Server 9b1b75a9-c857-4b9a-9bce-dd664e78af57 is not the leader (4d1e0fe6-60fd-4907-9842-f352edb6fbc8:192.168.34.57:43840). Request must be sent to leader., logIndex=0, commits[9b1b75a9-c857-4b9a-9bce-dd664e78af57:c8, 3a14c1ba-d90f-4e55-9b74-34a12c0cf08b:c8, 4d1e0fe6-60fd-4907-9842-f352edb6fbc8:c8]
2019-08-24 00:24:17,147 | INFO  | SCMAudit | user=jenkins1000 | ip=192.168.34.57 | op=SEND_HEARTBEAT {datanodeUUID=a2fab492-56f3-43b8-af5f-239f4e38d11d, command=[]} | ret=SUCCESS |  
2019-08-24 00:24:17,362 | INFO  | SCMAudit | user=jenkins1000 | ip=192.168.34.57 | op=SEND_HEARTBEAT {datanodeUUID=44c7f39a-9454-4511-9eaf-9b72a4aa6bb9, command=[]} | ret=SUCCESS |  
2019-08-24 00:24:17,530 | INFO  | SCMAudit | user=jenkins1000 | ip=192.168.34.57 | op=SEND_HEARTBEAT {datanodeUUID=6f3ac5a3-43f3-4ed6-928d-1c9df2f8e2aa, command=[]} | ret=SUCCESS |  
2019-08-24 00:24:17,865 | INFO  | SCMAudit | user=jenkins1000 | ip=192.168.34.57 | op=SEND_HEARTBEAT {datanodeUUID=9b1b75a9-c857-4b9a-9bce-dd664e78af57, command=[]} | ret=SUCCESS |  
2019-08-24 00:24:17,883 | INFO  | SCMAudit | user=jenkins1000 | ip=192.168.34.57 | op=SEND_HEARTBEAT {datanodeUUID=4d1e0fe6-60fd-4907-9842-f352edb6fbc8, command=[]} | ret=SUCCESS |  
2019-08-24 00:24:17,900 | INFO  | SCMAudit | user=jenkins1000 | ip=192.168.34.57 | op=SEND_HEARTBEAT {datanodeUUID=3a14c1ba-d90f-4e55-9b74-34a12c0cf08b, command=[]} | ret=SUCCESS |  
2019-08-24 00:24:17,914 | INFO  | SCMAudit | user=jenkins1000 | ip=192.168.34.57 | op=SEND_HEARTBEAT {datanodeUUID=5da42abd-867e-47ba-b805-7d971175ab74, command=[]} | ret=SUCCESS |  
2019-08-24 00:24:18,147 | INFO  | SCMAudit | user=jenkins1000 | ip=192.168.34.57 | op=SEND_HEARTBEAT {datanodeUUID=a2fab492-56f3-43b8-af5f-239f4e38d11d, command=[]} | ret=SUCCESS |  
2019-08-24 00:24:18,362 | INFO  | SCMAudit | user=jenkins1000 | ip=192.168.34.57 | op=SEND_HEARTBEAT {datanodeUUID=44c7f39a-9454-4511-9eaf-9b72a4aa6bb9, command=[]} | ret=SUCCESS |  
2019-08-24 00:24:18,530 | INFO  | SCMAudit | user=jenkins1000 | ip=192.168.34.57 | op=SEND_HEARTBEAT {datanodeUUID=6f3ac5a3-43f3-4ed6-928d-1c9df2f8e2aa, command=[]} | ret=SUCCESS |  
2019-08-24 00:24:18,866 | INFO  | SCMAudit | user=jenkins1000 | ip=192.168.34.57 | op=SEND_HEARTBEAT {datanodeUUID=9b1b75a9-c857-4b9a-9bce-dd664e78af57, command=[]} | ret=SUCCESS |  
2019-08-24 00:24:18,882 | INFO  | SCMAudit | user=jenkins1000 | ip=192.168.34.57 | op=SEND_HEARTBEAT {datanodeUUID=4d1e0fe6-60fd-4907-9842-f352edb6fbc8, command=[]} | ret=SUCCESS |  
2019-08-24 00:24:18,900 | INFO  | SCMAudit | user=jenkins1000 | ip=192.168.34.57 | op=SEND_HEARTBEAT {datanodeUUID=3a14c1ba-d90f-4e55-9b74-34a12c0cf08b, command=[]} | ret=SUCCESS |  
2019-08-24 00:24:18,914 | INFO  | SCMAudit | user=jenkins1000 | ip=192.168.34.57 | op=SEND_HEARTBEAT {datanodeUUID=5da42abd-867e-47ba-b805-7d971175ab74, command=[]} | ret=SUCCESS |  
2019-08-24 00:24:19,147 | INFO  | SCMAudit | user=jenkins1000 | ip=192.168.34.57 | op=SEND_HEARTBEAT {datanodeUUID=a2fab492-56f3-43b8-af5f-239f4e38d11d, command=[]} | ret=SUCCESS |  
2019-08-24 00:24:19,362 | INFO  | SCMAudit | user=jenkins1000 | ip=192.168.34.57 | op=SEND_HEARTBEAT {datanodeUUID=44c7f39a-9454-4511-9eaf-9b72a4aa6bb9, command=[]} | ret=SUCCESS |  
2019-08-24 00:24:19,530 | INFO  | SCMAudit | user=jenkins1000 | ip=192.168.34.57 | op=SEND_HEARTBEAT {datanodeUUID=6f3ac5a3-43f3-4ed6-928d-1c9df2f8e2aa, command=[]} | ret=SUCCESS |  
2019-08-24 00:24:19,866 | INFO  | SCMAudit | user=jenkins1000 | ip=192.168.34.57 | op=SEND_HEARTBEAT {datanodeUUID=9b1b75a9-c857-4b9a-9bce-dd664e78af57, command=[]} | ret=SUCCESS |  
2019-08-24 00:24:19,882 | INFO  | SCMAudit | user=jenkins1000 | ip=192.168.34.57 | op=SEND_HEARTBEAT {datanodeUUID=4d1e0fe6-60fd-4907-9842-f352edb6fbc8, command=[]} | ret=SUCCESS |  
2019-08-24 00:24:19,900 | INFO  | SCMAudit | user=jenkins1000 | ip=192.168.34.57 | op=SEND_HEARTBEAT {datanodeUUID=3a14c1ba-d90f-4e55-9b74-34a12c0cf08b, command=[]} | ret=SUCCESS |  
2019-08-24 00:24:19,917 | INFO  | SCMAudit | user=jenkins1000 | ip=192.168.34.57 | op=SEND_HEARTBEAT {datanodeUUID=5da42abd-867e-47ba-b805-7d971175ab74, command=[]} | ret=SUCCESS |  
2019-08-24 00:24:20,148 | INFO  | SCMAudit | user=jenkins1000 | ip=192.168.34.57 | op=SEND_HEARTBEAT {datanodeUUID=a2fab492-56f3-43b8-af5f-239f4e38d11d, command=[]} | ret=SUCCESS |  
2019-08-24 00:24:20,362 | INFO  | SCMAudit | user=jenkins1000 | ip=192.168.34.57 | op=SEND_HEARTBEAT {datanodeUUID=44c7f39a-9454-4511-9eaf-9b72a4aa6bb9, command=[]} | ret=SUCCESS |  
2019-08-24 00:24:20,531 | INFO  | SCMAudit | user=jenkins1000 | ip=192.168.34.57 | op=SEND_HEARTBEAT {datanodeUUID=6f3ac5a3-43f3-4ed6-928d-1c9df2f8e2aa, command=[]} | ret=SUCCESS |  
2019-08-24 00:24:20,867 | INFO  | SCMAudit | user=jenkins1000 | ip=192.168.34.57 | op=SEND_HEARTBEAT {datanodeUUID=9b1b75a9-c857-4b9a-9bce-dd664e78af57, command=[]} | ret=SUCCESS |  
2019-08-24 00:24:20,882 | INFO  | SCMAudit | user=jenkins1000 | ip=192.168.34.57 | op=SEND_HEARTBEAT {datanodeUUID=4d1e0fe6-60fd-4907-9842-f352edb6fbc8, command=[]} | ret=SUCCESS |  
2019-08-24 00:24:20,900 | INFO  | SCMAudit | user=jenkins1000 | ip=192.168.34.57 | op=SEND_HEARTBEAT {datanodeUUID=3a14c1ba-d90f-4e55-9b74-34a12c0cf08b, command=[]} | ret=SUCCESS |  
2019-08-24 00:24:20,918 | INFO  | SCMAudit | user=jenkins1000 | ip=192.168.34.57 | op=SEND_HEARTBEAT {datanodeUUID=5da42abd-867e-47ba-b805-7d971175ab74, command=[]} | ret=SUCCESS |  
2019-08-24 00:24:21,147 | INFO  | SCMAudit | user=jenkins1000 | ip=192.168.34.57 | op=SEND_HEARTBEAT {datanodeUUID=a2fab492-56f3-43b8-af5f-239f4e38d11d, command=[]} | ret=SUCCESS |  
2019-08-24 00:24:21,361 | INFO  | SCMAudit | user=jenkins1000 | ip=192.168.34.57 | op=SEND_HEARTBEAT {datanodeUUID=44c7f39a-9454-4511-9eaf-9b72a4aa6bb9, command=[]} | ret=SUCCESS |  
2019-08-24 00:24:21,530 | INFO  | SCMAudit | user=jenkins1000 | ip=192.168.34.57 | op=SEND_HEARTBEAT {datanodeUUID=6f3ac5a3-43f3-4ed6-928d-1c9df2f8e2aa, command=[]} | ret=SUCCESS |  
2019-08-24 00:24:21,866 | INFO  | SCMAudit | user=jenkins1000 | ip=192.168.34.57 | op=SEND_HEARTBEAT {datanodeUUID=9b1b75a9-c857-4b9a-9bce-dd664e78af57, command=[]} | ret=SUCCESS |  
2019-08-24 00:24:21,882 | INFO  | SCMAudit | user=jenkins1000 | ip=192.168.34.57 | op=SEND_HEARTBEAT {datanodeUUID=4d1e0fe6-60fd-4907-9842-f352edb6fbc8, command=[]} | ret=SUCCESS |  
2019-08-24 00:24:21,900 | INFO  | SCMAudit | user=jenkins1000 | ip=192.168.34.57 | op=SEND_HEARTBEAT {datanodeUUID=3a14c1ba-d90f-4e55-9b74-34a12c0cf08b, command=[]} | ret=SUCCESS |  
2019-08-24 00:24:21,917 | INFO  | SCMAudit | user=jenkins1000 | ip=192.168.34.57 | op=SEND_HEARTBEAT {datanodeUUID=5da42abd-867e-47ba-b805-7d971175ab74, command=[]} | ret=SUCCESS |  
2019-08-24 00:24:21,961 [grpc-default-executor-6] INFO  client.GrpcClientProtocolClient (GrpcClientProtocolClient.java:onNext(255)) - client-090605BECF39->3a14c1ba-d90f-4e55-9b74-34a12c0cf08b: receive RaftClientReply:client-090605BECF39->3a14c1ba-d90f-4e55-9b74-34a12c0cf08b@group-7922B4F3146A, cid=45, FAILED org.apache.ratis.protocol.NotLeaderException: Server 3a14c1ba-d90f-4e55-9b74-34a12c0cf08b is not the leader (4d1e0fe6-60fd-4907-9842-f352edb6fbc8:192.168.34.57:43840). Request must be sent to leader., logIndex=0, commits[3a14c1ba-d90f-4e55-9b74-34a12c0cf08b:c8, 9b1b75a9-c857-4b9a-9bce-dd664e78af57:c8, 4d1e0fe6-60fd-4907-9842-f352edb6fbc8:c8]
2019-08-24 00:24:22,148 | INFO  | SCMAudit | user=jenkins1000 | ip=192.168.34.57 | op=SEND_HEARTBEAT {datanodeUUID=a2fab492-56f3-43b8-af5f-239f4e38d11d, command=[]} | ret=SUCCESS |  
2019-08-24 00:24:22,361 | INFO  | SCMAudit | user=jenkins1000 | ip=192.168.34.57 | op=SEND_HEARTBEAT {datanodeUUID=44c7f39a-9454-4511-9eaf-9b72a4aa6bb9, command=[]} | ret=SUCCESS |  
2019-08-24 00:24:22,530 | INFO  | SCMAudit | user=jenkins1000 | ip=192.168.34.57 | op=SEND_HEARTBEAT {datanodeUUID=6f3ac5a3-43f3-4ed6-928d-1c9df2f8e2aa, command=[]} | ret=SUCCESS |  
2019-08-24 00:24:22,867 | INFO  | SCMAudit | user=jenkins1000 | ip=192.168.34.57 | op=SEND_HEARTBEAT {datanodeUUID=9b1b75a9-c857-4b9a-9bce-dd664e78af57, command=[]} | ret=SUCCESS |  
2019-08-24 00:24:22,882 | INFO  | SCMAudit | user=jenkins1000 | ip=192.168.34.57 | op=SEND_HEARTBEAT {datanodeUUID=4d1e0fe6-60fd-4907-9842-f352edb6fbc8, command=[]} | ret=SUCCESS |  
2019-08-24 00:24:22,901 | INFO  | SCMAudit | user=jenkins1000 | ip=192.168.34.57 | op=SEND_HEARTBEAT {datanodeUUID=3a14c1ba-d90f-4e55-9b74-34a12c0cf08b, command=[]} | ret=SUCCESS |  
2019-08-24 00:24:22,918 | INFO  | SCMAudit | user=jenkins1000 | ip=192.168.34.57 | op=SEND_HEARTBEAT {datanodeUUID=5da42abd-867e-47ba-b805-7d971175ab74, command=[]} | ret=SUCCESS |  
2019-08-24 00:24:23,148 | INFO  | SCMAudit | user=jenkins1000 | ip=192.168.34.57 | op=SEND_HEARTBEAT {datanodeUUID=a2fab492-56f3-43b8-af5f-239f4e38d11d, command=[]} | ret=SUCCESS |  
2019-08-24 00:24:23,362 | INFO  | SCMAudit | user=jenkins1000 | ip=192.168.34.57 | op=SEND_HEARTBEAT {datanodeUUID=44c7f39a-9454-4511-9eaf-9b72a4aa6bb9, command=[]} | ret=SUCCESS |  
2019-08-24 00:24:23,530 | INFO  | SCMAudit | user=jenkins1000 | ip=192.168.34.57 | op=SEND_HEARTBEAT {datanodeUUID=6f3ac5a3-43f3-4ed6-928d-1c9df2f8e2aa, command=[]} | ret=SUCCESS |  
2019-08-24 00:24:23,867 | INFO  | SCMAudit | user=jenkins1000 | ip=192.168.34.57 | op=SEND_HEARTBEAT {datanodeUUID=9b1b75a9-c857-4b9a-9bce-dd664e78af57, command=[]} | ret=SUCCESS |  
2019-08-24 00:24:23,883 | INFO  | SCMAudit | user=jenkins1000 | ip=192.168.34.57 | op=SEND_HEARTBEAT {datanodeUUID=4d1e0fe6-60fd-4907-9842-f352edb6fbc8, command=[]} | ret=SUCCESS |  
2019-08-24 00:24:23,900 | INFO  | SCMAudit | user=jenkins1000 | ip=192.168.34.57 | op=SEND_HEARTBEAT {datanodeUUID=3a14c1ba-d90f-4e55-9b74-34a12c0cf08b, command=[]} | ret=SUCCESS |  
2019-08-24 00:24:23,917 | INFO  | SCMAudit | user=jenkins1000 | ip=192.168.34.57 | op=SEND_HEARTBEAT {datanodeUUID=5da42abd-867e-47ba-b805-7d971175ab74, command=[]} | ret=SUCCESS |  
2019-08-24 00:24:24,148 | INFO  | SCMAudit | user=jenkins1000 | ip=192.168.34.57 | op=SEND_HEARTBEAT {datanodeUUID=a2fab492-56f3-43b8-af5f-239f4e38d11d, command=[]} | ret=SUCCESS |  
2019-08-24 00:24:24,361 | INFO  | SCMAudit | user=jenkins1000 | ip=192.168.34.57 | op=SEND_HEARTBEAT {datanodeUUID=44c7f39a-9454-4511-9eaf-9b72a4aa6bb9, command=[]} | ret=SUCCESS |  
2019-08-24 00:24:24,531 | INFO  | SCMAudit | user=jenkins1000 | ip=192.168.34.57 | op=SEND_HEARTBEAT {datanodeUUID=6f3ac5a3-43f3-4ed6-928d-1c9df2f8e2aa, command=[]} | ret=SUCCESS |  
2019-08-24 00:24:24,867 | INFO  | SCMAudit | user=jenkins1000 | ip=192.168.34.57 | op=SEND_HEARTBEAT {datanodeUUID=9b1b75a9-c857-4b9a-9bce-dd664e78af57, command=[]} | ret=SUCCESS |  
2019-08-24 00:24:24,882 | INFO  | SCMAudit | user=jenkins1000 | ip=192.168.34.57 | op=SEND_HEARTBEAT {datanodeUUID=4d1e0fe6-60fd-4907-9842-f352edb6fbc8, command=[]} | ret=SUCCESS |  
2019-08-24 00:24:24,901 | INFO  | SCMAudit | user=jenkins1000 | ip=192.168.34.57 | op=SEND_HEARTBEAT {datanodeUUID=3a14c1ba-d90f-4e55-9b74-34a12c0cf08b, command=[]} | ret=SUCCESS |  
2019-08-24 00:24:24,918 | INFO  | SCMAudit | user=jenkins1000 | ip=192.168.34.57 | op=SEND_HEARTBEAT {datanodeUUID=5da42abd-867e-47ba-b805-7d971175ab74, command=[]} | ret=SUCCESS |  
2019-08-24 00:24:25,149 | INFO  | SCMAudit | user=jenkins1000 | ip=192.168.34.57 | op=SEND_HEARTBEAT {datanodeUUID=a2fab492-56f3-43b8-af5f-239f4e38d11d, command=[]} | ret=SUCCESS |  
2019-08-24 00:24:25,362 | INFO  | SCMAudit | user=jenkins1000 | ip=192.168.34.57 | op=SEND_HEARTBEAT {datanodeUUID=44c7f39a-9454-4511-9eaf-9b72a4aa6bb9, command=[]} | ret=SUCCESS |  
2019-08-24 00:24:25,531 | INFO  | SCMAudit | user=jenkins1000 | ip=192.168.34.57 | op=SEND_HEARTBEAT {datanodeUUID=6f3ac5a3-43f3-4ed6-928d-1c9df2f8e2aa, command=[]} | ret=SUCCESS |  
2019-08-24 00:24:25,868 | INFO  | SCMAudit | user=jenkins1000 | ip=192.168.34.57 | op=SEND_HEARTBEAT {datanodeUUID=9b1b75a9-c857-4b9a-9bce-dd664e78af57, command=[]} | ret=SUCCESS |  
2019-08-24 00:24:25,883 | INFO  | SCMAudit | user=jenkins1000 | ip=192.168.34.57 | op=SEND_HEARTBEAT {datanodeUUID=4d1e0fe6-60fd-4907-9842-f352edb6fbc8, command=[]} | ret=SUCCESS |  
2019-08-24 00:24:25,901 | INFO  | SCMAudit | user=jenkins1000 | ip=192.168.34.57 | op=SEND_HEARTBEAT {datanodeUUID=3a14c1ba-d90f-4e55-9b74-34a12c0cf08b, command=[]} | ret=SUCCESS |  
2019-08-24 00:24:25,918 | INFO  | SCMAudit | user=jenkins1000 | ip=192.168.34.57 | op=SEND_HEARTBEAT {datanodeUUID=5da42abd-867e-47ba-b805-7d971175ab74, command=[]} | ret=SUCCESS |  
2019-08-24 00:24:26,148 | INFO  | SCMAudit | user=jenkins1000 | ip=192.168.34.57 | op=SEND_HEARTBEAT {datanodeUUID=a2fab492-56f3-43b8-af5f-239f4e38d11d, command=[]} | ret=SUCCESS |  
2019-08-24 00:24:26,362 | INFO  | SCMAudit | user=jenkins1000 | ip=192.168.34.57 | op=SEND_HEARTBEAT {datanodeUUID=44c7f39a-9454-4511-9eaf-9b72a4aa6bb9, command=[]} | ret=SUCCESS |  
2019-08-24 00:24:26,531 | INFO  | SCMAudit | user=jenkins1000 | ip=192.168.34.57 | op=SEND_HEARTBEAT {datanodeUUID=6f3ac5a3-43f3-4ed6-928d-1c9df2f8e2aa, command=[]} | ret=SUCCESS |  
2019-08-24 00:24:26,868 | INFO  | SCMAudit | user=jenkins1000 | ip=192.168.34.57 | op=SEND_HEARTBEAT {datanodeUUID=9b1b75a9-c857-4b9a-9bce-dd664e78af57, command=[]} | ret=SUCCESS |  
2019-08-24 00:24:26,882 | INFO  | SCMAudit | user=jenkins1000 | ip=192.168.34.57 | op=SEND_HEARTBEAT {datanodeUUID=4d1e0fe6-60fd-4907-9842-f352edb6fbc8, command=[]} | ret=SUCCESS |  
2019-08-24 00:24:26,901 | INFO  | SCMAudit | user=jenkins1000 | ip=192.168.34.57 | op=SEND_HEARTBEAT {datanodeUUID=3a14c1ba-d90f-4e55-9b74-34a12c0cf08b, command=[]} | ret=SUCCESS |  
2019-08-24 00:24:26,918 | INFO  | SCMAudit | user=jenkins1000 | ip=192.168.34.57 | op=SEND_HEARTBEAT {datanodeUUID=5da42abd-867e-47ba-b805-7d971175ab74, command=[]} | ret=SUCCESS |  
2019-08-24 00:24:27,029 [grpc-default-executor-6] INFO  client.GrpcClientProtocolClient (GrpcClientProtocolClient.java:onNext(255)) - client-090605BECF39->3a14c1ba-d90f-4e55-9b74-34a12c0cf08b: receive RaftClientReply:client-090605BECF39->3a14c1ba-d90f-4e55-9b74-34a12c0cf08b@group-7922B4F3146A, cid=45, FAILED org.apache.ratis.protocol.NotLeaderException: Server 3a14c1ba-d90f-4e55-9b74-34a12c0cf08b is not the leader (4d1e0fe6-60fd-4907-9842-f352edb6fbc8:192.168.34.57:43840). Request must be sent to leader., logIndex=0, commits[3a14c1ba-d90f-4e55-9b74-34a12c0cf08b:c8, 9b1b75a9-c857-4b9a-9bce-dd664e78af57:c8, 4d1e0fe6-60fd-4907-9842-f352edb6fbc8:c8]
2019-08-24 00:24:27,149 | INFO  | SCMAudit | user=jenkins1000 | ip=192.168.34.57 | op=SEND_HEARTBEAT {datanodeUUID=a2fab492-56f3-43b8-af5f-239f4e38d11d, command=[]} | ret=SUCCESS |  
2019-08-24 00:24:27,361 | INFO  | SCMAudit | user=jenkins1000 | ip=192.168.34.57 | op=SEND_HEARTBEAT {datanodeUUID=44c7f39a-9454-4511-9eaf-9b72a4aa6bb9, command=[]} | ret=SUCCESS |  
2019-08-24 00:24:27,530 | INFO  | SCMAudit | user=jenkins1000 | ip=192.168.34.57 | op=SEND_HEARTBEAT {datanodeUUID=6f3ac5a3-43f3-4ed6-928d-1c9df2f8e2aa, command=[]} | ret=SUCCESS |  
2019-08-24 00:24:27,867 | INFO  | SCMAudit | user=jenkins1000 | ip=192.168.34.57 | op=SEND_HEARTBEAT {datanodeUUID=9b1b75a9-c857-4b9a-9bce-dd664e78af57, command=[]} | ret=SUCCESS |  
2019-08-24 00:24:27,882 | INFO  | SCMAudit | user=jenkins1000 | ip=192.168.34.57 | op=SEND_HEARTBEAT {datanodeUUID=4d1e0fe6-60fd-4907-9842-f352edb6fbc8, command=[]} | ret=SUCCESS |  
2019-08-24 00:24:27,901 | INFO  | SCMAudit | user=jenkins1000 | ip=192.168.34.57 | op=SEND_HEARTBEAT {datanodeUUID=3a14c1ba-d90f-4e55-9b74-34a12c0cf08b, command=[]} | ret=SUCCESS |  
2019-08-24 00:24:27,919 | INFO  | SCMAudit | user=jenkins1000 | ip=192.168.34.57 | op=SEND_HEARTBEAT {datanodeUUID=5da42abd-867e-47ba-b805-7d971175ab74, command=[]} | ret=SUCCESS |  
2019-08-24 00:24:28,149 | INFO  | SCMAudit | user=jenkins1000 | ip=192.168.34.57 | op=SEND_HEARTBEAT {datanodeUUID=a2fab492-56f3-43b8-af5f-239f4e38d11d, command=[]} | ret=SUCCESS |  
2019-08-24 00:24:28,362 | INFO  | SCMAudit | user=jenkins1000 | ip=192.168.34.57 | op=SEND_HEARTBEAT {datanodeUUID=44c7f39a-9454-4511-9eaf-9b72a4aa6bb9, command=[]} | ret=SUCCESS |  
2019-08-24 00:24:28,530 | INFO  | SCMAudit | user=jenkins1000 | ip=192.168.34.57 | op=SEND_HEARTBEAT {datanodeUUID=6f3ac5a3-43f3-4ed6-928d-1c9df2f8e2aa, command=[]} | ret=SUCCESS |  
2019-08-24 00:24:28,868 | INFO  | SCMAudit | user=jenkins1000 | ip=192.168.34.57 | op=SEND_HEARTBEAT {datanodeUUID=9b1b75a9-c857-4b9a-9bce-dd664e78af57, command=[]} | ret=SUCCESS |  
2019-08-24 00:24:28,882 | INFO  | SCMAudit | user=jenkins1000 | ip=192.168.34.57 | op=SEND_HEARTBEAT {datanodeUUID=4d1e0fe6-60fd-4907-9842-f352edb6fbc8, command=[]} | ret=SUCCESS |  
2019-08-24 00:24:28,901 | INFO  | SCMAudit | user=jenkins1000 | ip=192.168.34.57 | op=SEND_HEARTBEAT {datanodeUUID=3a14c1ba-d90f-4e55-9b74-34a12c0cf08b, command=[]} | ret=SUCCESS |  
2019-08-24 00:24:28,919 | INFO  | SCMAudit | user=jenkins1000 | ip=192.168.34.57 | op=SEND_HEARTBEAT {datanodeUUID=5da42abd-867e-47ba-b805-7d971175ab74, command=[]} | ret=SUCCESS |  
2019-08-24 00:24:29,149 | INFO  | SCMAudit | user=jenkins1000 | ip=192.168.34.57 | op=SEND_HEARTBEAT {datanodeUUID=a2fab492-56f3-43b8-af5f-239f4e38d11d, command=[]} | ret=SUCCESS |  
2019-08-24 00:24:29,362 | INFO  | SCMAudit | user=jenkins1000 | ip=192.168.34.57 | op=SEND_HEARTBEAT {datanodeUUID=44c7f39a-9454-4511-9eaf-9b72a4aa6bb9, command=[]} | ret=SUCCESS |  
2019-08-24 00:24:29,531 | INFO  | SCMAudit | user=jenkins1000 | ip=192.168.34.57 | op=SEND_HEARTBEAT {datanodeUUID=6f3ac5a3-43f3-4ed6-928d-1c9df2f8e2aa, command=[]} | ret=SUCCESS |  
2019-08-24 00:24:29,868 | INFO  | SCMAudit | user=jenkins1000 | ip=192.168.34.57 | op=SEND_HEARTBEAT {datanodeUUID=9b1b75a9-c857-4b9a-9bce-dd664e78af57, command=[]} | ret=SUCCESS |  
2019-08-24 00:24:29,882 | INFO  | SCMAudit | user=jenkins1000 | ip=192.168.34.57 | op=SEND_HEARTBEAT {datanodeUUID=4d1e0fe6-60fd-4907-9842-f352edb6fbc8, command=[]} | ret=SUCCESS |  
2019-08-24 00:24:29,901 | INFO  | SCMAudit | user=jenkins1000 | ip=192.168.34.57 | op=SEND_HEARTBEAT {datanodeUUID=3a14c1ba-d90f-4e55-9b74-34a12c0cf08b, command=[]} | ret=SUCCESS |  
2019-08-24 00:24:29,919 | INFO  | SCMAudit | user=jenkins1000 | ip=192.168.34.57 | op=SEND_HEARTBEAT {datanodeUUID=5da42abd-867e-47ba-b805-7d971175ab74, command=[]} | ret=SUCCESS |  
2019-08-24 00:24:30,150 | INFO  | SCMAudit | user=jenkins1000 | ip=192.168.34.57 | op=SEND_HEARTBEAT {datanodeUUID=a2fab492-56f3-43b8-af5f-239f4e38d11d, command=[]} | ret=SUCCESS |  
2019-08-24 00:24:30,362 | INFO  | SCMAudit | user=jenkins1000 | ip=192.168.34.57 | op=SEND_HEARTBEAT {datanodeUUID=44c7f39a-9454-4511-9eaf-9b72a4aa6bb9, command=[]} | ret=SUCCESS |  
2019-08-24 00:24:30,531 | INFO  | SCMAudit | user=jenkins1000 | ip=192.168.34.57 | op=SEND_HEARTBEAT {datanodeUUID=6f3ac5a3-43f3-4ed6-928d-1c9df2f8e2aa, command=[]} | ret=SUCCESS |  
2019-08-24 00:24:30,868 | INFO  | SCMAudit | user=jenkins1000 | ip=192.168.34.57 | op=SEND_HEARTBEAT {datanodeUUID=9b1b75a9-c857-4b9a-9bce-dd664e78af57, command=[]} | ret=SUCCESS |  
2019-08-24 00:24:30,882 | INFO  | SCMAudit | user=jenkins1000 | ip=192.168.34.57 | op=SEND_HEARTBEAT {datanodeUUID=4d1e0fe6-60fd-4907-9842-f352edb6fbc8, command=[]} | ret=SUCCESS |  
2019-08-24 00:24:30,903 | INFO  | SCMAudit | user=jenkins1000 | ip=192.168.34.57 | op=SEND_HEARTBEAT {datanodeUUID=3a14c1ba-d90f-4e55-9b74-34a12c0cf08b, command=[]} | ret=SUCCESS |  
2019-08-24 00:24:30,919 | INFO  | SCMAudit | user=jenkins1000 | ip=192.168.34.57 | op=SEND_HEARTBEAT {datanodeUUID=5da42abd-867e-47ba-b805-7d971175ab74, command=[]} | ret=SUCCESS |  
2019-08-24 00:24:31,149 | INFO  | SCMAudit | user=jenkins1000 | ip=192.168.34.57 | op=SEND_HEARTBEAT {datanodeUUID=a2fab492-56f3-43b8-af5f-239f4e38d11d, command=[]} | ret=SUCCESS |  
2019-08-24 00:24:31,363 | INFO  | SCMAudit | user=jenkins1000 | ip=192.168.34.57 | op=SEND_HEARTBEAT {datanodeUUID=44c7f39a-9454-4511-9eaf-9b72a4aa6bb9, command=[]} | ret=SUCCESS |  
2019-08-24 00:24:31,531 | INFO  | SCMAudit | user=jenkins1000 | ip=192.168.34.57 | op=SEND_HEARTBEAT {datanodeUUID=6f3ac5a3-43f3-4ed6-928d-1c9df2f8e2aa, command=[]} | ret=SUCCESS |  
2019-08-24 00:24:31,869 | INFO  | SCMAudit | user=jenkins1000 | ip=192.168.34.57 | op=SEND_HEARTBEAT {datanodeUUID=9b1b75a9-c857-4b9a-9bce-dd664e78af57, command=[]} | ret=SUCCESS |  
2019-08-24 00:24:31,883 | INFO  | SCMAudit | user=jenkins1000 | ip=192.168.34.57 | op=SEND_HEARTBEAT {datanodeUUID=4d1e0fe6-60fd-4907-9842-f352edb6fbc8, command=[]} | ret=SUCCESS |  
2019-08-24 00:24:31,902 | INFO  | SCMAudit | user=jenkins1000 | ip=192.168.34.57 | op=SEND_HEARTBEAT {datanodeUUID=3a14c1ba-d90f-4e55-9b74-34a12c0cf08b, command=[]} | ret=SUCCESS |  
2019-08-24 00:24:31,919 | INFO  | SCMAudit | user=jenkins1000 | ip=192.168.34.57 | op=SEND_HEARTBEAT {datanodeUUID=5da42abd-867e-47ba-b805-7d971175ab74, command=[]} | ret=SUCCESS |  
2019-08-24 00:24:32,072 [grpc-default-executor-4] INFO  client.GrpcClientProtocolClient (GrpcClientProtocolClient.java:onNext(255)) - client-090605BECF39->9b1b75a9-c857-4b9a-9bce-dd664e78af57: receive RaftClientReply:client-090605BECF39->9b1b75a9-c857-4b9a-9bce-dd664e78af57@group-7922B4F3146A, cid=45, FAILED org.apache.ratis.protocol.NotLeaderException: Server 9b1b75a9-c857-4b9a-9bce-dd664e78af57 is not the leader (4d1e0fe6-60fd-4907-9842-f352edb6fbc8:192.168.34.57:43840). Request must be sent to leader., logIndex=0, commits[9b1b75a9-c857-4b9a-9bce-dd664e78af57:c8, 3a14c1ba-d90f-4e55-9b74-34a12c0cf08b:c8, 4d1e0fe6-60fd-4907-9842-f352edb6fbc8:c8]
2019-08-24 00:24:32,150 | INFO  | SCMAudit | user=jenkins1000 | ip=192.168.34.57 | op=SEND_HEARTBEAT {datanodeUUID=a2fab492-56f3-43b8-af5f-239f4e38d11d, command=[]} | ret=SUCCESS |  
2019-08-24 00:24:32,362 | INFO  | SCMAudit | user=jenkins1000 | ip=192.168.34.57 | op=SEND_HEARTBEAT {datanodeUUID=44c7f39a-9454-4511-9eaf-9b72a4aa6bb9, command=[]} | ret=SUCCESS |  
2019-08-24 00:24:32,531 | INFO  | SCMAudit | user=jenkins1000 | ip=192.168.34.57 | op=SEND_HEARTBEAT {datanodeUUID=6f3ac5a3-43f3-4ed6-928d-1c9df2f8e2aa, command=[]} | ret=SUCCESS |  
2019-08-24 00:24:32,868 | INFO  | SCMAudit | user=jenkins1000 | ip=192.168.34.57 | op=SEND_HEARTBEAT {datanodeUUID=9b1b75a9-c857-4b9a-9bce-dd664e78af57, command=[]} | ret=SUCCESS |  
2019-08-24 00:24:32,883 | INFO  | SCMAudit | user=jenkins1000 | ip=192.168.34.57 | op=SEND_HEARTBEAT {datanodeUUID=4d1e0fe6-60fd-4907-9842-f352edb6fbc8, command=[]} | ret=SUCCESS |  
2019-08-24 00:24:32,902 | INFO  | SCMAudit | user=jenkins1000 | ip=192.168.34.57 | op=SEND_HEARTBEAT {datanodeUUID=3a14c1ba-d90f-4e55-9b74-34a12c0cf08b, command=[]} | ret=SUCCESS |  
2019-08-24 00:24:32,919 | INFO  | SCMAudit | user=jenkins1000 | ip=192.168.34.57 | op=SEND_HEARTBEAT {datanodeUUID=5da42abd-867e-47ba-b805-7d971175ab74, command=[]} | ret=SUCCESS |  
2019-08-24 00:24:33,150 | INFO  | SCMAudit | user=jenkins1000 | ip=192.168.34.57 | op=SEND_HEARTBEAT {datanodeUUID=a2fab492-56f3-43b8-af5f-239f4e38d11d, command=[]} | ret=SUCCESS |  
2019-08-24 00:24:33,363 | INFO  | SCMAudit | user=jenkins1000 | ip=192.168.34.57 | op=SEND_HEARTBEAT {datanodeUUID=44c7f39a-9454-4511-9eaf-9b72a4aa6bb9, command=[]} | ret=SUCCESS |  
2019-08-24 00:24:33,532 | INFO  | SCMAudit | user=jenkins1000 | ip=192.168.34.57 | op=SEND_HEARTBEAT {datanodeUUID=6f3ac5a3-43f3-4ed6-928d-1c9df2f8e2aa, command=[]} | ret=SUCCESS |  
2019-08-24 00:24:33,869 | INFO  | SCMAudit | user=jenkins1000 | ip=192.168.34.57 | op=SEND_HEARTBEAT {datanodeUUID=9b1b75a9-c857-4b9a-9bce-dd664e78af57, command=[]} | ret=SUCCESS |  
2019-08-24 00:24:33,882 | INFO  | SCMAudit | user=jenkins1000 | ip=192.168.34.57 | op=SEND_HEARTBEAT {datanodeUUID=4d1e0fe6-60fd-4907-9842-f352edb6fbc8, command=[]} | ret=SUCCESS |  
2019-08-24 00:24:33,902 | INFO  | SCMAudit | user=jenkins1000 | ip=192.168.34.57 | op=SEND_HEARTBEAT {datanodeUUID=3a14c1ba-d90f-4e55-9b74-34a12c0cf08b, command=[]} | ret=SUCCESS |  
2019-08-24 00:24:33,919 | INFO  | SCMAudit | user=jenkins1000 | ip=192.168.34.57 | op=SEND_HEARTBEAT {datanodeUUID=5da42abd-867e-47ba-b805-7d971175ab74, command=[]} | ret=SUCCESS |  
2019-08-24 00:24:34,150 | INFO  | SCMAudit | user=jenkins1000 | ip=192.168.34.57 | op=SEND_HEARTBEAT {datanodeUUID=a2fab492-56f3-43b8-af5f-239f4e38d11d, command=[]} | ret=SUCCESS |  
2019-08-24 00:24:34,362 | INFO  | SCMAudit | user=jenkins1000 | ip=192.168.34.57 | op=SEND_HEARTBEAT {datanodeUUID=44c7f39a-9454-4511-9eaf-9b72a4aa6bb9, command=[]} | ret=SUCCESS |  
2019-08-24 00:24:34,532 | INFO  | SCMAudit | user=jenkins1000 | ip=192.168.34.57 | op=SEND_HEARTBEAT {datanodeUUID=6f3ac5a3-43f3-4ed6-928d-1c9df2f8e2aa, command=[]} | ret=SUCCESS |  
2019-08-24 00:24:34,868 | INFO  | SCMAudit | user=jenkins1000 | ip=192.168.34.57 | op=SEND_HEARTBEAT {datanodeUUID=9b1b75a9-c857-4b9a-9bce-dd664e78af57, command=[]} | ret=SUCCESS |  
2019-08-24 00:24:34,882 | INFO  | SCMAudit | user=jenkins1000 | ip=192.168.34.57 | op=SEND_HEARTBEAT {datanodeUUID=4d1e0fe6-60fd-4907-9842-f352edb6fbc8, command=[]} | ret=SUCCESS |  
2019-08-24 00:24:34,902 | INFO  | SCMAudit | user=jenkins1000 | ip=192.168.34.57 | op=SEND_HEARTBEAT {datanodeUUID=3a14c1ba-d90f-4e55-9b74-34a12c0cf08b, command=[]} | ret=SUCCESS |  
2019-08-24 00:24:34,920 | INFO  | SCMAudit | user=jenkins1000 | ip=192.168.34.57 | op=SEND_HEARTBEAT {datanodeUUID=5da42abd-867e-47ba-b805-7d971175ab74, command=[]} | ret=SUCCESS |  
2019-08-24 00:24:35,151 | INFO  | SCMAudit | user=jenkins1000 | ip=192.168.34.57 | op=SEND_HEARTBEAT {datanodeUUID=a2fab492-56f3-43b8-af5f-239f4e38d11d, command=[]} | ret=SUCCESS |  
2019-08-24 00:24:35,363 | INFO  | SCMAudit | user=jenkins1000 | ip=192.168.34.57 | op=SEND_HEARTBEAT {datanodeUUID=44c7f39a-9454-4511-9eaf-9b72a4aa6bb9, command=[]} | ret=SUCCESS |  
2019-08-24 00:24:35,532 | INFO  | SCMAudit | user=jenkins1000 | ip=192.168.34.57 | op=SEND_HEARTBEAT {datanodeUUID=6f3ac5a3-43f3-4ed6-928d-1c9df2f8e2aa, command=[]} | ret=SUCCESS |  
2019-08-24 00:24:35,868 | INFO  | SCMAudit | user=jenkins1000 | ip=192.168.34.57 | op=SEND_HEARTBEAT {datanodeUUID=9b1b75a9-c857-4b9a-9bce-dd664e78af57, command=[]} | ret=SUCCESS |  
2019-08-24 00:24:35,882 | INFO  | SCMAudit | user=jenkins1000 | ip=192.168.34.57 | op=SEND_HEARTBEAT {datanodeUUID=4d1e0fe6-60fd-4907-9842-f352edb6fbc8, command=[]} | ret=SUCCESS |  
2019-08-24 00:24:35,902 | INFO  | SCMAudit | user=jenkins1000 | ip=192.168.34.57 | op=SEND_HEARTBEAT {datanodeUUID=3a14c1ba-d90f-4e55-9b74-34a12c0cf08b, command=[]} | ret=SUCCESS |  
2019-08-24 00:24:35,920 | INFO  | SCMAudit | user=jenkins1000 | ip=192.168.34.57 | op=SEND_HEARTBEAT {datanodeUUID=5da42abd-867e-47ba-b805-7d971175ab74, command=[]} | ret=SUCCESS |  
2019-08-24 00:24:36,150 | INFO  | SCMAudit | user=jenkins1000 | ip=192.168.34.57 | op=SEND_HEARTBEAT {datanodeUUID=a2fab492-56f3-43b8-af5f-239f4e38d11d, command=[]} | ret=SUCCESS |  
2019-08-24 00:24:36,363 | INFO  | SCMAudit | user=jenkins1000 | ip=192.168.34.57 | op=SEND_HEARTBEAT {datanodeUUID=44c7f39a-9454-4511-9eaf-9b72a4aa6bb9, command=[]} | ret=SUCCESS |  
2019-08-24 00:24:36,532 | INFO  | SCMAudit | user=jenkins1000 | ip=192.168.34.57 | op=SEND_HEARTBEAT {datanodeUUID=6f3ac5a3-43f3-4ed6-928d-1c9df2f8e2aa, command=[]} | ret=SUCCESS |  
2019-08-24 00:24:36,869 | INFO  | SCMAudit | user=jenkins1000 | ip=192.168.34.57 | op=SEND_HEARTBEAT {datanodeUUID=9b1b75a9-c857-4b9a-9bce-dd664e78af57, command=[]} | ret=SUCCESS |  
2019-08-24 00:24:36,883 | INFO  | SCMAudit | user=jenkins1000 | ip=192.168.34.57 | op=SEND_HEARTBEAT {datanodeUUID=4d1e0fe6-60fd-4907-9842-f352edb6fbc8, command=[]} | ret=SUCCESS |  
2019-08-24 00:24:36,903 | INFO  | SCMAudit | user=jenkins1000 | ip=192.168.34.57 | op=SEND_HEARTBEAT {datanodeUUID=3a14c1ba-d90f-4e55-9b74-34a12c0cf08b, command=[]} | ret=SUCCESS |  
2019-08-24 00:24:36,920 | INFO  | SCMAudit | user=jenkins1000 | ip=192.168.34.57 | op=SEND_HEARTBEAT {datanodeUUID=5da42abd-867e-47ba-b805-7d971175ab74, command=[]} | ret=SUCCESS |  
2019-08-24 00:24:37,113 [grpc-default-executor-6] INFO  client.GrpcClientProtocolClient (GrpcClientProtocolClient.java:onNext(255)) - client-090605BECF39->3a14c1ba-d90f-4e55-9b74-34a12c0cf08b: receive RaftClientReply:client-090605BECF39->3a14c1ba-d90f-4e55-9b74-34a12c0cf08b@group-7922B4F3146A, cid=45, FAILED org.apache.ratis.protocol.NotLeaderException: Server 3a14c1ba-d90f-4e55-9b74-34a12c0cf08b is not the leader (4d1e0fe6-60fd-4907-9842-f352edb6fbc8:192.168.34.57:43840). Request must be sent to leader., logIndex=0, commits[3a14c1ba-d90f-4e55-9b74-34a12c0cf08b:c8, 9b1b75a9-c857-4b9a-9bce-dd664e78af57:c8, 4d1e0fe6-60fd-4907-9842-f352edb6fbc8:c8]
2019-08-24 00:24:37,150 | INFO  | SCMAudit | user=jenkins1000 | ip=192.168.34.57 | op=SEND_HEARTBEAT {datanodeUUID=a2fab492-56f3-43b8-af5f-239f4e38d11d, command=[]} | ret=SUCCESS |  
2019-08-24 00:24:37,363 | INFO  | SCMAudit | user=jenkins1000 | ip=192.168.34.57 | op=SEND_HEARTBEAT {datanodeUUID=44c7f39a-9454-4511-9eaf-9b72a4aa6bb9, command=[]} | ret=SUCCESS |  
2019-08-24 00:24:37,533 | INFO  | SCMAudit | user=jenkins1000 | ip=192.168.34.57 | op=SEND_HEARTBEAT {datanodeUUID=6f3ac5a3-43f3-4ed6-928d-1c9df2f8e2aa, command=[]} | ret=SUCCESS |  
2019-08-24 00:24:37,868 | INFO  | SCMAudit | user=jenkins1000 | ip=192.168.34.57 | op=SEND_HEARTBEAT {datanodeUUID=9b1b75a9-c857-4b9a-9bce-dd664e78af57, command=[]} | ret=SUCCESS |  
2019-08-24 00:24:37,883 | INFO  | SCMAudit | user=jenkins1000 | ip=192.168.34.57 | op=SEND_HEARTBEAT {datanodeUUID=4d1e0fe6-60fd-4907-9842-f352edb6fbc8, command=[]} | ret=SUCCESS |  
2019-08-24 00:24:37,903 | INFO  | SCMAudit | user=jenkins1000 | ip=192.168.34.57 | op=SEND_HEARTBEAT {datanodeUUID=3a14c1ba-d90f-4e55-9b74-34a12c0cf08b, command=[]} | ret=SUCCESS |  
2019-08-24 00:24:37,920 | INFO  | SCMAudit | user=jenkins1000 | ip=192.168.34.57 | op=SEND_HEARTBEAT {datanodeUUID=5da42abd-867e-47ba-b805-7d971175ab74, command=[]} | ret=SUCCESS |  
2019-08-24 00:24:38,151 | INFO  | SCMAudit | user=jenkins1000 | ip=192.168.34.57 | op=SEND_HEARTBEAT {datanodeUUID=a2fab492-56f3-43b8-af5f-239f4e38d11d, command=[]} | ret=SUCCESS |  
2019-08-24 00:24:38,364 | INFO  | SCMAudit | user=jenkins1000 | ip=192.168.34.57 | op=SEND_HEARTBEAT {datanodeUUID=44c7f39a-9454-4511-9eaf-9b72a4aa6bb9, command=[]} | ret=SUCCESS |  
2019-08-24 00:24:38,533 | INFO  | SCMAudit | user=jenkins1000 | ip=192.168.34.57 | op=SEND_HEARTBEAT {datanodeUUID=6f3ac5a3-43f3-4ed6-928d-1c9df2f8e2aa, command=[]} | ret=SUCCESS |  
2019-08-24 00:24:38,869 | INFO  | SCMAudit | user=jenkins1000 | ip=192.168.34.57 | op=SEND_HEARTBEAT {datanodeUUID=9b1b75a9-c857-4b9a-9bce-dd664e78af57, command=[]} | ret=SUCCESS |  
2019-08-24 00:24:38,883 | INFO  | SCMAudit | user=jenkins1000 | ip=192.168.34.57 | op=SEND_HEARTBEAT {datanodeUUID=4d1e0fe6-60fd-4907-9842-f352edb6fbc8, command=[]} | ret=SUCCESS |  
2019-08-24 00:24:38,904 | INFO  | SCMAudit | user=jenkins1000 | ip=192.168.34.57 | op=SEND_HEARTBEAT {datanodeUUID=3a14c1ba-d90f-4e55-9b74-34a12c0cf08b, command=[]} | ret=SUCCESS |  
2019-08-24 00:24:38,921 | INFO  | SCMAudit | user=jenkins1000 | ip=192.168.34.57 | op=SEND_HEARTBEAT {datanodeUUID=5da42abd-867e-47ba-b805-7d971175ab74, command=[]} | ret=SUCCESS |  
2019-08-24 00:24:39,151 | INFO  | SCMAudit | user=jenkins1000 | ip=192.168.34.57 | op=SEND_HEARTBEAT {datanodeUUID=a2fab492-56f3-43b8-af5f-239f4e38d11d, command=[]} | ret=SUCCESS |  
2019-08-24 00:24:39,363 | INFO  | SCMAudit | user=jenkins1000 | ip=192.168.34.57 | op=SEND_HEARTBEAT {datanodeUUID=44c7f39a-9454-4511-9eaf-9b72a4aa6bb9, command=[]} | ret=SUCCESS |  
2019-08-24 00:24:39,533 | INFO  | SCMAudit | user=jenkins1000 | ip=192.168.34.57 | op=SEND_HEARTBEAT {datanodeUUID=6f3ac5a3-43f3-4ed6-928d-1c9df2f8e2aa, command=[]} | ret=SUCCESS |  
2019-08-24 00:24:39,869 | INFO  | SCMAudit | user=jenkins1000 | ip=192.168.34.57 | op=SEND_HEARTBEAT {datanodeUUID=9b1b75a9-c857-4b9a-9bce-dd664e78af57, command=[]} | ret=SUCCESS |  
2019-08-24 00:24:39,882 | INFO  | SCMAudit | user=jenkins1000 | ip=192.168.34.57 | op=SEND_HEARTBEAT {datanodeUUID=4d1e0fe6-60fd-4907-9842-f352edb6fbc8, command=[]} | ret=SUCCESS |  
2019-08-24 00:24:39,904 | INFO  | SCMAudit | user=jenkins1000 | ip=192.168.34.57 | op=SEND_HEARTBEAT {datanodeUUID=3a14c1ba-d90f-4e55-9b74-34a12c0cf08b, command=[]} | ret=SUCCESS |  
2019-08-24 00:24:39,920 | INFO  | SCMAudit | user=jenkins1000 | ip=192.168.34.57 | op=SEND_HEARTBEAT {datanodeUUID=5da42abd-867e-47ba-b805-7d971175ab74, command=[]} | ret=SUCCESS |  
2019-08-24 00:24:40,151 | INFO  | SCMAudit | user=jenkins1000 | ip=192.168.34.57 | op=SEND_HEARTBEAT {datanodeUUID=a2fab492-56f3-43b8-af5f-239f4e38d11d, command=[]} | ret=SUCCESS |  
2019-08-24 00:24:40,364 | INFO  | SCMAudit | user=jenkins1000 | ip=192.168.34.57 | op=SEND_HEARTBEAT {datanodeUUID=44c7f39a-9454-4511-9eaf-9b72a4aa6bb9, command=[]} | ret=SUCCESS |  
2019-08-24 00:24:40,533 | INFO  | SCMAudit | user=jenkins1000 | ip=192.168.34.57 | op=SEND_HEARTBEAT {datanodeUUID=6f3ac5a3-43f3-4ed6-928d-1c9df2f8e2aa, command=[]} | ret=SUCCESS |  
2019-08-24 00:24:40,869 | INFO  | SCMAudit | user=jenkins1000 | ip=192.168.34.57 | op=SEND_HEARTBEAT {datanodeUUID=9b1b75a9-c857-4b9a-9bce-dd664e78af57, command=[]} | ret=SUCCESS |  
2019-08-24 00:24:40,883 | INFO  | SCMAudit | user=jenkins1000 | ip=192.168.34.57 | op=SEND_HEARTBEAT {datanodeUUID=4d1e0fe6-60fd-4907-9842-f352edb6fbc8, command=[]} | ret=SUCCESS |  
2019-08-24 00:24:40,904 | INFO  | SCMAudit | user=jenkins1000 | ip=192.168.34.57 | op=SEND_HEARTBEAT {datanodeUUID=3a14c1ba-d90f-4e55-9b74-34a12c0cf08b, command=[]} | ret=SUCCESS |  
2019-08-24 00:24:40,920 | INFO  | SCMAudit | user=jenkins1000 | ip=192.168.34.57 | op=SEND_HEARTBEAT {datanodeUUID=5da42abd-867e-47ba-b805-7d971175ab74, command=[]} | ret=SUCCESS |  
2019-08-24 00:24:41,151 | INFO  | SCMAudit | user=jenkins1000 | ip=192.168.34.57 | op=SEND_HEARTBEAT {datanodeUUID=a2fab492-56f3-43b8-af5f-239f4e38d11d, command=[]} | ret=SUCCESS |  
2019-08-24 00:24:41,364 | INFO  | SCMAudit | user=jenkins1000 | ip=192.168.34.57 | op=SEND_HEARTBEAT {datanodeUUID=44c7f39a-9454-4511-9eaf-9b72a4aa6bb9, command=[]} | ret=SUCCESS |  
2019-08-24 00:24:41,533 | INFO  | SCMAudit | user=jenkins1000 | ip=192.168.34.57 | op=SEND_HEARTBEAT {datanodeUUID=6f3ac5a3-43f3-4ed6-928d-1c9df2f8e2aa, command=[]} | ret=SUCCESS |  
2019-08-24 00:24:41,870 | INFO  | SCMAudit | user=jenkins1000 | ip=192.168.34.57 | op=SEND_HEARTBEAT {datanodeUUID=9b1b75a9-c857-4b9a-9bce-dd664e78af57, command=[]} | ret=SUCCESS |  
2019-08-24 00:24:41,882 | INFO  | SCMAudit | user=jenkins1000 | ip=192.168.34.57 | op=SEND_HEARTBEAT {datanodeUUID=4d1e0fe6-60fd-4907-9842-f352edb6fbc8, command=[]} | ret=SUCCESS |  
2019-08-24 00:24:41,905 | INFO  | SCMAudit | user=jenkins1000 | ip=192.168.34.57 | op=SEND_HEARTBEAT {datanodeUUID=3a14c1ba-d90f-4e55-9b74-34a12c0cf08b, command=[]} | ret=SUCCESS |  
2019-08-24 00:24:41,920 | INFO  | SCMAudit | user=jenkins1000 | ip=192.168.34.57 | op=SEND_HEARTBEAT {datanodeUUID=5da42abd-867e-47ba-b805-7d971175ab74, command=[]} | ret=SUCCESS |  
2019-08-24 00:24:42,154 | INFO  | SCMAudit | user=jenkins1000 | ip=192.168.34.57 | op=SEND_HEARTBEAT {datanodeUUID=a2fab492-56f3-43b8-af5f-239f4e38d11d, command=[]} | ret=SUCCESS |  
2019-08-24 00:24:42,156 [grpc-default-executor-6] INFO  client.GrpcClientProtocolClient (GrpcClientProtocolClient.java:onNext(255)) - client-090605BECF39->9b1b75a9-c857-4b9a-9bce-dd664e78af57: receive RaftClientReply:client-090605BECF39->9b1b75a9-c857-4b9a-9bce-dd664e78af57@group-7922B4F3146A, cid=45, FAILED org.apache.ratis.protocol.NotLeaderException: Server 9b1b75a9-c857-4b9a-9bce-dd664e78af57 is not the leader (4d1e0fe6-60fd-4907-9842-f352edb6fbc8:192.168.34.57:43840). Request must be sent to leader., logIndex=0, commits[9b1b75a9-c857-4b9a-9bce-dd664e78af57:c8, 3a14c1ba-d90f-4e55-9b74-34a12c0cf08b:c8, 4d1e0fe6-60fd-4907-9842-f352edb6fbc8:c8]
2019-08-24 00:24:42,363 | INFO  | SCMAudit | user=jenkins1000 | ip=192.168.34.57 | op=SEND_HEARTBEAT {datanodeUUID=44c7f39a-9454-4511-9eaf-9b72a4aa6bb9, command=[]} | ret=SUCCESS |  
2019-08-24 00:24:42,533 | INFO  | SCMAudit | user=jenkins1000 | ip=192.168.34.57 | op=SEND_HEARTBEAT {datanodeUUID=6f3ac5a3-43f3-4ed6-928d-1c9df2f8e2aa, command=[]} | ret=SUCCESS |  
2019-08-24 00:24:42,870 | INFO  | SCMAudit | user=jenkins1000 | ip=192.168.34.57 | op=SEND_HEARTBEAT {datanodeUUID=9b1b75a9-c857-4b9a-9bce-dd664e78af57, command=[]} | ret=SUCCESS |  
2019-08-24 00:24:42,883 | INFO  | SCMAudit | user=jenkins1000 | ip=192.168.34.57 | op=SEND_HEARTBEAT {datanodeUUID=4d1e0fe6-60fd-4907-9842-f352edb6fbc8, command=[]} | ret=SUCCESS |  
2019-08-24 00:24:42,905 | INFO  | SCMAudit | user=jenkins1000 | ip=192.168.34.57 | op=SEND_HEARTBEAT {datanodeUUID=3a14c1ba-d90f-4e55-9b74-34a12c0cf08b, command=[]} | ret=SUCCESS |  
2019-08-24 00:24:42,920 | INFO  | SCMAudit | user=jenkins1000 | ip=192.168.34.57 | op=SEND_HEARTBEAT {datanodeUUID=5da42abd-867e-47ba-b805-7d971175ab74, command=[]} | ret=SUCCESS |  
2019-08-24 00:24:43,152 | INFO  | SCMAudit | user=jenkins1000 | ip=192.168.34.57 | op=SEND_HEARTBEAT {datanodeUUID=a2fab492-56f3-43b8-af5f-239f4e38d11d, command=[]} | ret=SUCCESS |  
2019-08-24 00:24:43,363 | INFO  | SCMAudit | user=jenkins1000 | ip=192.168.34.57 | op=SEND_HEARTBEAT {datanodeUUID=44c7f39a-9454-4511-9eaf-9b72a4aa6bb9, command=[]} | ret=SUCCESS |  
2019-08-24 00:24:43,533 | INFO  | SCMAudit | user=jenkins1000 | ip=192.168.34.57 | op=SEND_HEARTBEAT {datanodeUUID=6f3ac5a3-43f3-4ed6-928d-1c9df2f8e2aa, command=[]} | ret=SUCCESS |  
2019-08-24 00:24:43,870 | INFO  | SCMAudit | user=jenkins1000 | ip=192.168.34.57 | op=SEND_HEARTBEAT {datanodeUUID=9b1b75a9-c857-4b9a-9bce-dd664e78af57, command=[]} | ret=SUCCESS |  
2019-08-24 00:24:43,883 | INFO  | SCMAudit | user=jenkins1000 | ip=192.168.34.57 | op=SEND_HEARTBEAT {datanodeUUID=4d1e0fe6-60fd-4907-9842-f352edb6fbc8, command=[]} | ret=SUCCESS |  
2019-08-24 00:24:43,905 | INFO  | SCMAudit | user=jenkins1000 | ip=192.168.34.57 | op=SEND_HEARTBEAT {datanodeUUID=3a14c1ba-d90f-4e55-9b74-34a12c0cf08b, command=[]} | ret=SUCCESS |  
2019-08-24 00:24:43,920 | INFO  | SCMAudit | user=jenkins1000 | ip=192.168.34.57 | op=SEND_HEARTBEAT {datanodeUUID=5da42abd-867e-47ba-b805-7d971175ab74, command=[]} | ret=SUCCESS |  
2019-08-24 00:24:44,151 | INFO  | SCMAudit | user=jenkins1000 | ip=192.168.34.57 | op=SEND_HEARTBEAT {datanodeUUID=a2fab492-56f3-43b8-af5f-239f4e38d11d, command=[]} | ret=SUCCESS |  
2019-08-24 00:24:44,364 | INFO  | SCMAudit | user=jenkins1000 | ip=192.168.34.57 | op=SEND_HEARTBEAT {datanodeUUID=44c7f39a-9454-4511-9eaf-9b72a4aa6bb9, command=[]} | ret=SUCCESS |  
2019-08-24 00:24:44,533 | INFO  | SCMAudit | user=jenkins1000 | ip=192.168.34.57 | op=SEND_HEARTBEAT {datanodeUUID=6f3ac5a3-43f3-4ed6-928d-1c9df2f8e2aa, command=[]} | ret=SUCCESS |  
2019-08-24 00:24:44,871 | INFO  | SCMAudit | user=jenkins1000 | ip=192.168.34.57 | op=SEND_HEARTBEAT {datanodeUUID=9b1b75a9-c857-4b9a-9bce-dd664e78af57, command=[]} | ret=SUCCESS |  
2019-08-24 00:24:44,883 | INFO  | SCMAudit | user=jenkins1000 | ip=192.168.34.57 | op=SEND_HEARTBEAT {datanodeUUID=4d1e0fe6-60fd-4907-9842-f352edb6fbc8, command=[]} | ret=SUCCESS |  
2019-08-24 00:24:44,905 | INFO  | SCMAudit | user=jenkins1000 | ip=192.168.34.57 | op=SEND_HEARTBEAT {datanodeUUID=3a14c1ba-d90f-4e55-9b74-34a12c0cf08b, command=[]} | ret=SUCCESS |  
2019-08-24 00:24:44,921 | INFO  | SCMAudit | user=jenkins1000 | ip=192.168.34.57 | op=SEND_HEARTBEAT {datanodeUUID=5da42abd-867e-47ba-b805-7d971175ab74, command=[]} | ret=SUCCESS |  
2019-08-24 00:24:45,153 | INFO  | SCMAudit | user=jenkins1000 | ip=192.168.34.57 | op=SEND_HEARTBEAT {datanodeUUID=a2fab492-56f3-43b8-af5f-239f4e38d11d, command=[]} | ret=SUCCESS |  
2019-08-24 00:24:45,363 | INFO  | SCMAudit | user=jenkins1000 | ip=192.168.34.57 | op=SEND_HEARTBEAT {datanodeUUID=44c7f39a-9454-4511-9eaf-9b72a4aa6bb9, command=[]} | ret=SUCCESS |  
2019-08-24 00:24:45,534 | INFO  | SCMAudit | user=jenkins1000 | ip=192.168.34.57 | op=SEND_HEARTBEAT {datanodeUUID=6f3ac5a3-43f3-4ed6-928d-1c9df2f8e2aa, command=[]} | ret=SUCCESS |  
2019-08-24 00:24:45,870 | INFO  | SCMAudit | user=jenkins1000 | ip=192.168.34.57 | op=SEND_HEARTBEAT {datanodeUUID=9b1b75a9-c857-4b9a-9bce-dd664e78af57, command=[]} | ret=SUCCESS |  
2019-08-24 00:24:45,883 | INFO  | SCMAudit | user=jenkins1000 | ip=192.168.34.57 | op=SEND_HEARTBEAT {datanodeUUID=4d1e0fe6-60fd-4907-9842-f352edb6fbc8, command=[]} | ret=SUCCESS |  
2019-08-24 00:24:45,906 | INFO  | SCMAudit | user=jenkins1000 | ip=192.168.34.57 | op=SEND_HEARTBEAT {datanodeUUID=3a14c1ba-d90f-4e55-9b74-34a12c0cf08b, command=[]} | ret=SUCCESS |  
2019-08-24 00:24:45,921 | INFO  | SCMAudit | user=jenkins1000 | ip=192.168.34.57 | op=SEND_HEARTBEAT {datanodeUUID=5da42abd-867e-47ba-b805-7d971175ab74, command=[]} | ret=SUCCESS |  
2019-08-24 00:24:46,152 | INFO  | SCMAudit | user=jenkins1000 | ip=192.168.34.57 | op=SEND_HEARTBEAT {datanodeUUID=a2fab492-56f3-43b8-af5f-239f4e38d11d, command=[]} | ret=SUCCESS |  
2019-08-24 00:24:46,365 | INFO  | SCMAudit | user=jenkins1000 | ip=192.168.34.57 | op=SEND_HEARTBEAT {datanodeUUID=44c7f39a-9454-4511-9eaf-9b72a4aa6bb9, command=[]} | ret=SUCCESS |  
2019-08-24 00:24:46,534 | INFO  | SCMAudit | user=jenkins1000 | ip=192.168.34.57 | op=SEND_HEARTBEAT {datanodeUUID=6f3ac5a3-43f3-4ed6-928d-1c9df2f8e2aa, command=[]} | ret=SUCCESS |  
2019-08-24 00:24:46,871 | INFO  | SCMAudit | user=jenkins1000 | ip=192.168.34.57 | op=SEND_HEARTBEAT {datanodeUUID=9b1b75a9-c857-4b9a-9bce-dd664e78af57, command=[]} | ret=SUCCESS |  
2019-08-24 00:24:46,884 | INFO  | SCMAudit | user=jenkins1000 | ip=192.168.34.57 | op=SEND_HEARTBEAT {datanodeUUID=4d1e0fe6-60fd-4907-9842-f352edb6fbc8, command=[]} | ret=SUCCESS |  
2019-08-24 00:24:46,906 | INFO  | SCMAudit | user=jenkins1000 | ip=192.168.34.57 | op=SEND_HEARTBEAT {datanodeUUID=3a14c1ba-d90f-4e55-9b74-34a12c0cf08b, command=[]} | ret=SUCCESS |  
2019-08-24 00:24:46,921 | INFO  | SCMAudit | user=jenkins1000 | ip=192.168.34.57 | op=SEND_HEARTBEAT {datanodeUUID=5da42abd-867e-47ba-b805-7d971175ab74, command=[]} | ret=SUCCESS |  
2019-08-24 00:24:47,153 | INFO  | SCMAudit | user=jenkins1000 | ip=192.168.34.57 | op=SEND_HEARTBEAT {datanodeUUID=a2fab492-56f3-43b8-af5f-239f4e38d11d, command=[]} | ret=SUCCESS |  
2019-08-24 00:24:47,196 [grpc-default-executor-6] INFO  client.GrpcClientProtocolClient (GrpcClientProtocolClient.java:onNext(255)) - client-090605BECF39->9b1b75a9-c857-4b9a-9bce-dd664e78af57: receive RaftClientReply:client-090605BECF39->9b1b75a9-c857-4b9a-9bce-dd664e78af57@group-7922B4F3146A, cid=45, FAILED org.apache.ratis.protocol.NotLeaderException: Server 9b1b75a9-c857-4b9a-9bce-dd664e78af57 is not the leader (4d1e0fe6-60fd-4907-9842-f352edb6fbc8:192.168.34.57:43840). Request must be sent to leader., logIndex=0, commits[9b1b75a9-c857-4b9a-9bce-dd664e78af57:c8, 3a14c1ba-d90f-4e55-9b74-34a12c0cf08b:c8, 4d1e0fe6-60fd-4907-9842-f352edb6fbc8:c8]
2019-08-24 00:24:47,365 | INFO  | SCMAudit | user=jenkins1000 | ip=192.168.34.57 | op=SEND_HEARTBEAT {datanodeUUID=44c7f39a-9454-4511-9eaf-9b72a4aa6bb9, command=[]} | ret=SUCCESS |  
2019-08-24 00:24:47,535 | INFO  | SCMAudit | user=jenkins1000 | ip=192.168.34.57 | op=SEND_HEARTBEAT {datanodeUUID=6f3ac5a3-43f3-4ed6-928d-1c9df2f8e2aa, command=[]} | ret=SUCCESS |  
2019-08-24 00:24:47,870 | INFO  | SCMAudit | user=jenkins1000 | ip=192.168.34.57 | op=SEND_HEARTBEAT {datanodeUUID=9b1b75a9-c857-4b9a-9bce-dd664e78af57, command=[]} | ret=SUCCESS |  
2019-08-24 00:24:47,884 | INFO  | SCMAudit | user=jenkins1000 | ip=192.168.34.57 | op=SEND_HEARTBEAT {datanodeUUID=4d1e0fe6-60fd-4907-9842-f352edb6fbc8, command=[]} | ret=SUCCESS |  
2019-08-24 00:24:47,906 | INFO  | SCMAudit | user=jenkins1000 | ip=192.168.34.57 | op=SEND_HEARTBEAT {datanodeUUID=3a14c1ba-d90f-4e55-9b74-34a12c0cf08b, command=[]} | ret=SUCCESS |  
2019-08-24 00:24:47,921 | INFO  | SCMAudit | user=jenkins1000 | ip=192.168.34.57 | op=SEND_HEARTBEAT {datanodeUUID=5da42abd-867e-47ba-b805-7d971175ab74, command=[]} | ret=SUCCESS |  
2019-08-24 00:24:48,152 | INFO  | SCMAudit | user=jenkins1000 | ip=192.168.34.57 | op=SEND_HEARTBEAT {datanodeUUID=a2fab492-56f3-43b8-af5f-239f4e38d11d, command=[]} | ret=SUCCESS |  
2019-08-24 00:24:48,365 | INFO  | SCMAudit | user=jenkins1000 | ip=192.168.34.57 | op=SEND_HEARTBEAT {datanodeUUID=44c7f39a-9454-4511-9eaf-9b72a4aa6bb9, command=[]} | ret=SUCCESS |  
2019-08-24 00:24:48,535 | INFO  | SCMAudit | user=jenkins1000 | ip=192.168.34.57 | op=SEND_HEARTBEAT {datanodeUUID=6f3ac5a3-43f3-4ed6-928d-1c9df2f8e2aa, command=[]} | ret=SUCCESS |  
2019-08-24 00:24:48,871 | INFO  | SCMAudit | user=jenkins1000 | ip=192.168.34.57 | op=SEND_HEARTBEAT {datanodeUUID=9b1b75a9-c857-4b9a-9bce-dd664e78af57, command=[]} | ret=SUCCESS |  
2019-08-24 00:24:48,884 | INFO  | SCMAudit | user=jenkins1000 | ip=192.168.34.57 | op=SEND_HEARTBEAT {datanodeUUID=4d1e0fe6-60fd-4907-9842-f352edb6fbc8, command=[]} | ret=SUCCESS |  
2019-08-24 00:24:48,906 | INFO  | SCMAudit | user=jenkins1000 | ip=192.168.34.57 | op=SEND_HEARTBEAT {datanodeUUID=3a14c1ba-d90f-4e55-9b74-34a12c0cf08b, command=[]} | ret=SUCCESS |  
2019-08-24 00:24:48,921 | INFO  | SCMAudit | user=jenkins1000 | ip=192.168.34.57 | op=SEND_HEARTBEAT {datanodeUUID=5da42abd-867e-47ba-b805-7d971175ab74, command=[]} | ret=SUCCESS |  
2019-08-24 00:24:49,153 | INFO  | SCMAudit | user=jenkins1000 | ip=192.168.34.57 | op=SEND_HEARTBEAT {datanodeUUID=a2fab492-56f3-43b8-af5f-239f4e38d11d, command=[]} | ret=SUCCESS |  
2019-08-24 00:24:49,366 | INFO  | SCMAudit | user=jenkins1000 | ip=192.168.34.57 | op=SEND_HEARTBEAT {datanodeUUID=44c7f39a-9454-4511-9eaf-9b72a4aa6bb9, command=[]} | ret=SUCCESS |  
2019-08-24 00:24:49,534 | INFO  | SCMAudit | user=jenkins1000 | ip=192.168.34.57 | op=SEND_HEARTBEAT {datanodeUUID=6f3ac5a3-43f3-4ed6-928d-1c9df2f8e2aa, command=[]} | ret=SUCCESS |  
2019-08-24 00:24:49,870 | INFO  | SCMAudit | user=jenkins1000 | ip=192.168.34.57 | op=SEND_HEARTBEAT {datanodeUUID=9b1b75a9-c857-4b9a-9bce-dd664e78af57, command=[]} | ret=SUCCESS |  
2019-08-24 00:24:49,885 | INFO  | SCMAudit | user=jenkins1000 | ip=192.168.34.57 | op=SEND_HEARTBEAT {datanodeUUID=4d1e0fe6-60fd-4907-9842-f352edb6fbc8, command=[]} | ret=SUCCESS |  
2019-08-24 00:24:49,906 | INFO  | SCMAudit | user=jenkins1000 | ip=192.168.34.57 | op=SEND_HEARTBEAT {datanodeUUID=3a14c1ba-d90f-4e55-9b74-34a12c0cf08b, command=[]} | ret=SUCCESS |  
2019-08-24 00:24:49,922 | INFO  | SCMAudit | user=jenkins1000 | ip=192.168.34.57 | op=SEND_HEARTBEAT {datanodeUUID=5da42abd-867e-47ba-b805-7d971175ab74, command=[]} | ret=SUCCESS |  
2019-08-24 00:24:50,153 | INFO  | SCMAudit | user=jenkins1000 | ip=192.168.34.57 | op=SEND_HEARTBEAT {datanodeUUID=a2fab492-56f3-43b8-af5f-239f4e38d11d, command=[]} | ret=SUCCESS |  
2019-08-24 00:24:50,366 | INFO  | SCMAudit | user=jenkins1000 | ip=192.168.34.57 | op=SEND_HEARTBEAT {datanodeUUID=44c7f39a-9454-4511-9eaf-9b72a4aa6bb9, command=[]} | ret=SUCCESS |  
2019-08-24 00:24:50,534 | INFO  | SCMAudit | user=jenkins1000 | ip=192.168.34.57 | op=SEND_HEARTBEAT {datanodeUUID=6f3ac5a3-43f3-4ed6-928d-1c9df2f8e2aa, command=[]} | ret=SUCCESS |  
2019-08-24 00:24:50,870 | INFO  | SCMAudit | user=jenkins1000 | ip=192.168.34.57 | op=SEND_HEARTBEAT {datanodeUUID=9b1b75a9-c857-4b9a-9bce-dd664e78af57, command=[]} | ret=SUCCESS |  
2019-08-24 00:24:50,885 | INFO  | SCMAudit | user=jenkins1000 | ip=192.168.34.57 | op=SEND_HEARTBEAT {datanodeUUID=4d1e0fe6-60fd-4907-9842-f352edb6fbc8, command=[]} | ret=SUCCESS |  
2019-08-24 00:24:50,906 | INFO  | SCMAudit | user=jenkins1000 | ip=192.168.34.57 | op=SEND_HEARTBEAT {datanodeUUID=3a14c1ba-d90f-4e55-9b74-34a12c0cf08b, command=[]} | ret=SUCCESS |  
2019-08-24 00:24:50,921 | INFO  | SCMAudit | user=jenkins1000 | ip=192.168.34.57 | op=SEND_HEARTBEAT {datanodeUUID=5da42abd-867e-47ba-b805-7d971175ab74, command=[]} | ret=SUCCESS |  
2019-08-24 00:24:51,152 | INFO  | SCMAudit | user=jenkins1000 | ip=192.168.34.57 | op=SEND_HEARTBEAT {datanodeUUID=a2fab492-56f3-43b8-af5f-239f4e38d11d, command=[]} | ret=SUCCESS |  
2019-08-24 00:24:51,366 | INFO  | SCMAudit | user=jenkins1000 | ip=192.168.34.57 | op=SEND_HEARTBEAT {datanodeUUID=44c7f39a-9454-4511-9eaf-9b72a4aa6bb9, command=[]} | ret=SUCCESS |  
2019-08-24 00:24:51,535 | INFO  | SCMAudit | user=jenkins1000 | ip=192.168.34.57 | op=SEND_HEARTBEAT {datanodeUUID=6f3ac5a3-43f3-4ed6-928d-1c9df2f8e2aa, command=[]} | ret=SUCCESS |  
2019-08-24 00:24:51,871 | INFO  | SCMAudit | user=jenkins1000 | ip=192.168.34.57 | op=SEND_HEARTBEAT {datanodeUUID=9b1b75a9-c857-4b9a-9bce-dd664e78af57, command=[]} | ret=SUCCESS |  
2019-08-24 00:24:51,884 | INFO  | SCMAudit | user=jenkins1000 | ip=192.168.34.57 | op=SEND_HEARTBEAT {datanodeUUID=4d1e0fe6-60fd-4907-9842-f352edb6fbc8, command=[]} | ret=SUCCESS |  
2019-08-24 00:24:51,906 | INFO  | SCMAudit | user=jenkins1000 | ip=192.168.34.57 | op=SEND_HEARTBEAT {datanodeUUID=3a14c1ba-d90f-4e55-9b74-34a12c0cf08b, command=[]} | ret=SUCCESS |  
2019-08-24 00:24:51,921 | INFO  | SCMAudit | user=jenkins1000 | ip=192.168.34.57 | op=SEND_HEARTBEAT {datanodeUUID=5da42abd-867e-47ba-b805-7d971175ab74, command=[]} | ret=SUCCESS |  
2019-08-24 00:24:52,152 | INFO  | SCMAudit | user=jenkins1000 | ip=192.168.34.57 | op=SEND_HEARTBEAT {datanodeUUID=a2fab492-56f3-43b8-af5f-239f4e38d11d, command=[]} | ret=SUCCESS |  
2019-08-24 00:24:52,235 [grpc-default-executor-4] INFO  client.GrpcClientProtocolClient (GrpcClientProtocolClient.java:onNext(255)) - client-090605BECF39->3a14c1ba-d90f-4e55-9b74-34a12c0cf08b: receive RaftClientReply:client-090605BECF39->3a14c1ba-d90f-4e55-9b74-34a12c0cf08b@group-7922B4F3146A, cid=45, FAILED org.apache.ratis.protocol.NotLeaderException: Server 3a14c1ba-d90f-4e55-9b74-34a12c0cf08b is not the leader (4d1e0fe6-60fd-4907-9842-f352edb6fbc8:192.168.34.57:43840). Request must be sent to leader., logIndex=0, commits[3a14c1ba-d90f-4e55-9b74-34a12c0cf08b:c8, 9b1b75a9-c857-4b9a-9bce-dd664e78af57:c8, 4d1e0fe6-60fd-4907-9842-f352edb6fbc8:c8]
2019-08-24 00:24:52,367 | INFO  | SCMAudit | user=jenkins1000 | ip=192.168.34.57 | op=SEND_HEARTBEAT {datanodeUUID=44c7f39a-9454-4511-9eaf-9b72a4aa6bb9, command=[]} | ret=SUCCESS |  
2019-08-24 00:24:52,535 | INFO  | SCMAudit | user=jenkins1000 | ip=192.168.34.57 | op=SEND_HEARTBEAT {datanodeUUID=6f3ac5a3-43f3-4ed6-928d-1c9df2f8e2aa, command=[]} | ret=SUCCESS |  
2019-08-24 00:24:52,871 | INFO  | SCMAudit | user=jenkins1000 | ip=192.168.34.57 | op=SEND_HEARTBEAT {datanodeUUID=9b1b75a9-c857-4b9a-9bce-dd664e78af57, command=[]} | ret=SUCCESS |  
2019-08-24 00:24:52,884 | INFO  | SCMAudit | user=jenkins1000 | ip=192.168.34.57 | op=SEND_HEARTBEAT {datanodeUUID=4d1e0fe6-60fd-4907-9842-f352edb6fbc8, command=[]} | ret=SUCCESS |  
2019-08-24 00:24:52,907 | INFO  | SCMAudit | user=jenkins1000 | ip=192.168.34.57 | op=SEND_HEARTBEAT {datanodeUUID=3a14c1ba-d90f-4e55-9b74-34a12c0cf08b, command=[]} | ret=SUCCESS |  
2019-08-24 00:24:52,921 | INFO  | SCMAudit | user=jenkins1000 | ip=192.168.34.57 | op=SEND_HEARTBEAT {datanodeUUID=5da42abd-867e-47ba-b805-7d971175ab74, command=[]} | ret=SUCCESS |  
2019-08-24 00:24:53,153 | INFO  | SCMAudit | user=jenkins1000 | ip=192.168.34.57 | op=SEND_HEARTBEAT {datanodeUUID=a2fab492-56f3-43b8-af5f-239f4e38d11d, command=[]} | ret=SUCCESS |  
2019-08-24 00:24:53,366 | INFO  | SCMAudit | user=jenkins1000 | ip=192.168.34.57 | op=SEND_HEARTBEAT {datanodeUUID=44c7f39a-9454-4511-9eaf-9b72a4aa6bb9, command=[]} | ret=SUCCESS |  
2019-08-24 00:24:53,535 | INFO  | SCMAudit | user=jenkins1000 | ip=192.168.34.57 | op=SEND_HEARTBEAT {datanodeUUID=6f3ac5a3-43f3-4ed6-928d-1c9df2f8e2aa, command=[]} | ret=SUCCESS |  
2019-08-24 00:24:53,870 | INFO  | SCMAudit | user=jenkins1000 | ip=192.168.34.57 | op=SEND_HEARTBEAT {datanodeUUID=9b1b75a9-c857-4b9a-9bce-dd664e78af57, command=[]} | ret=SUCCESS |  
2019-08-24 00:24:53,884 | INFO  | SCMAudit | user=jenkins1000 | ip=192.168.34.57 | op=SEND_HEARTBEAT {datanodeUUID=4d1e0fe6-60fd-4907-9842-f352edb6fbc8, command=[]} | ret=SUCCESS |  
2019-08-24 00:24:53,907 | INFO  | SCMAudit | user=jenkins1000 | ip=192.168.34.57 | op=SEND_HEARTBEAT {datanodeUUID=3a14c1ba-d90f-4e55-9b74-34a12c0cf08b, command=[]} | ret=SUCCESS |  
2019-08-24 00:24:53,921 | INFO  | SCMAudit | user=jenkins1000 | ip=192.168.34.57 | op=SEND_HEARTBEAT {datanodeUUID=5da42abd-867e-47ba-b805-7d971175ab74, command=[]} | ret=SUCCESS |  
2019-08-24 00:24:54,152 | INFO  | SCMAudit | user=jenkins1000 | ip=192.168.34.57 | op=SEND_HEARTBEAT {datanodeUUID=a2fab492-56f3-43b8-af5f-239f4e38d11d, command=[]} | ret=SUCCESS |  
2019-08-24 00:24:54,367 | INFO  | SCMAudit | user=jenkins1000 | ip=192.168.34.57 | op=SEND_HEARTBEAT {datanodeUUID=44c7f39a-9454-4511-9eaf-9b72a4aa6bb9, command=[]} | ret=SUCCESS |  
2019-08-24 00:24:54,536 | INFO  | SCMAudit | user=jenkins1000 | ip=192.168.34.57 | op=SEND_HEARTBEAT {datanodeUUID=6f3ac5a3-43f3-4ed6-928d-1c9df2f8e2aa, command=[]} | ret=SUCCESS |  
2019-08-24 00:24:54,871 | INFO  | SCMAudit | user=jenkins1000 | ip=192.168.34.57 | op=SEND_HEARTBEAT {datanodeUUID=9b1b75a9-c857-4b9a-9bce-dd664e78af57, command=[]} | ret=SUCCESS |  
2019-08-24 00:24:54,884 | INFO  | SCMAudit | user=jenkins1000 | ip=192.168.34.57 | op=SEND_HEARTBEAT {datanodeUUID=4d1e0fe6-60fd-4907-9842-f352edb6fbc8, command=[]} | ret=SUCCESS |  
2019-08-24 00:24:54,907 | INFO  | SCMAudit | user=jenkins1000 | ip=192.168.34.57 | op=SEND_HEARTBEAT {datanodeUUID=3a14c1ba-d90f-4e55-9b74-34a12c0cf08b, command=[]} | ret=SUCCESS |  
2019-08-24 00:24:54,921 | INFO  | SCMAudit | user=jenkins1000 | ip=192.168.34.57 | op=SEND_HEARTBEAT {datanodeUUID=5da42abd-867e-47ba-b805-7d971175ab74, command=[]} | ret=SUCCESS |  
2019-08-24 00:24:55,153 | INFO  | SCMAudit | user=jenkins1000 | ip=192.168.34.57 | op=SEND_HEARTBEAT {datanodeUUID=a2fab492-56f3-43b8-af5f-239f4e38d11d, command=[]} | ret=SUCCESS |  
2019-08-24 00:24:55,366 | INFO  | SCMAudit | user=jenkins1000 | ip=192.168.34.57 | op=SEND_HEARTBEAT {datanodeUUID=44c7f39a-9454-4511-9eaf-9b72a4aa6bb9, command=[]} | ret=SUCCESS |  
2019-08-24 00:24:55,536 | INFO  | SCMAudit | user=jenkins1000 | ip=192.168.34.57 | op=SEND_HEARTBEAT {datanodeUUID=6f3ac5a3-43f3-4ed6-928d-1c9df2f8e2aa, command=[]} | ret=SUCCESS |  
2019-08-24 00:24:55,871 | INFO  | SCMAudit | user=jenkins1000 | ip=192.168.34.57 | op=SEND_HEARTBEAT {datanodeUUID=9b1b75a9-c857-4b9a-9bce-dd664e78af57, command=[]} | ret=SUCCESS |  
2019-08-24 00:24:55,885 | INFO  | SCMAudit | user=jenkins1000 | ip=192.168.34.57 | op=SEND_HEARTBEAT {datanodeUUID=4d1e0fe6-60fd-4907-9842-f352edb6fbc8, command=[]} | ret=SUCCESS |  
2019-08-24 00:24:55,907 | INFO  | SCMAudit | user=jenkins1000 | ip=192.168.34.57 | op=SEND_HEARTBEAT {datanodeUUID=3a14c1ba-d90f-4e55-9b74-34a12c0cf08b, command=[]} | ret=SUCCESS |  
2019-08-24 00:24:55,921 | INFO  | SCMAudit | user=jenkins1000 | ip=192.168.34.57 | op=SEND_HEARTBEAT {datanodeUUID=5da42abd-867e-47ba-b805-7d971175ab74, command=[]} | ret=SUCCESS |  
2019-08-24 00:24:56,153 | INFO  | SCMAudit | user=jenkins1000 | ip=192.168.34.57 | op=SEND_HEARTBEAT {datanodeUUID=a2fab492-56f3-43b8-af5f-239f4e38d11d, command=[]} | ret=SUCCESS |  
2019-08-24 00:24:56,367 | INFO  | SCMAudit | user=jenkins1000 | ip=192.168.34.57 | op=SEND_HEARTBEAT {datanodeUUID=44c7f39a-9454-4511-9eaf-9b72a4aa6bb9, command=[]} | ret=SUCCESS |  
2019-08-24 00:24:56,536 | INFO  | SCMAudit | user=jenkins1000 | ip=192.168.34.57 | op=SEND_HEARTBEAT {datanodeUUID=6f3ac5a3-43f3-4ed6-928d-1c9df2f8e2aa, command=[]} | ret=SUCCESS |  
2019-08-24 00:24:56,872 | INFO  | SCMAudit | user=jenkins1000 | ip=192.168.34.57 | op=SEND_HEARTBEAT {datanodeUUID=9b1b75a9-c857-4b9a-9bce-dd664e78af57, command=[]} | ret=SUCCESS |  
2019-08-24 00:24:56,885 | INFO  | SCMAudit | user=jenkins1000 | ip=192.168.34.57 | op=SEND_HEARTBEAT {datanodeUUID=4d1e0fe6-60fd-4907-9842-f352edb6fbc8, command=[]} | ret=SUCCESS |  
2019-08-24 00:24:56,908 | INFO  | SCMAudit | user=jenkins1000 | ip=192.168.34.57 | op=SEND_HEARTBEAT {datanodeUUID=3a14c1ba-d90f-4e55-9b74-34a12c0cf08b, command=[]} | ret=SUCCESS |  
2019-08-24 00:24:56,921 | INFO  | SCMAudit | user=jenkins1000 | ip=192.168.34.57 | op=SEND_HEARTBEAT {datanodeUUID=5da42abd-867e-47ba-b805-7d971175ab74, command=[]} | ret=SUCCESS |  
2019-08-24 00:24:57,154 | INFO  | SCMAudit | user=jenkins1000 | ip=192.168.34.57 | op=SEND_HEARTBEAT {datanodeUUID=a2fab492-56f3-43b8-af5f-239f4e38d11d, command=[]} | ret=SUCCESS |  
2019-08-24 00:24:57,289 [grpc-default-executor-6] INFO  client.GrpcClientProtocolClient (GrpcClientProtocolClient.java:onNext(255)) - client-090605BECF39->3a14c1ba-d90f-4e55-9b74-34a12c0cf08b: receive RaftClientReply:client-090605BECF39->3a14c1ba-d90f-4e55-9b74-34a12c0cf08b@group-7922B4F3146A, cid=45, FAILED org.apache.ratis.protocol.NotLeaderException: Server 3a14c1ba-d90f-4e55-9b74-34a12c0cf08b is not the leader (4d1e0fe6-60fd-4907-9842-f352edb6fbc8:192.168.34.57:43840). Request must be sent to leader., logIndex=0, commits[3a14c1ba-d90f-4e55-9b74-34a12c0cf08b:c8, 9b1b75a9-c857-4b9a-9bce-dd664e78af57:c8, 4d1e0fe6-60fd-4907-9842-f352edb6fbc8:c8]
2019-08-24 00:24:57,367 | INFO  | SCMAudit | user=jenkins1000 | ip=192.168.34.57 | op=SEND_HEARTBEAT {datanodeUUID=44c7f39a-9454-4511-9eaf-9b72a4aa6bb9, command=[]} | ret=SUCCESS |  
2019-08-24 00:24:57,536 | INFO  | SCMAudit | user=jenkins1000 | ip=192.168.34.57 | op=SEND_HEARTBEAT {datanodeUUID=6f3ac5a3-43f3-4ed6-928d-1c9df2f8e2aa, command=[]} | ret=SUCCESS |  
2019-08-24 00:24:57,871 | INFO  | SCMAudit | user=jenkins1000 | ip=192.168.34.57 | op=SEND_HEARTBEAT {datanodeUUID=9b1b75a9-c857-4b9a-9bce-dd664e78af57, command=[]} | ret=SUCCESS |  
2019-08-24 00:24:57,885 | INFO  | SCMAudit | user=jenkins1000 | ip=192.168.34.57 | op=SEND_HEARTBEAT {datanodeUUID=4d1e0fe6-60fd-4907-9842-f352edb6fbc8, command=[]} | ret=SUCCESS |  
2019-08-24 00:24:57,907 | INFO  | SCMAudit | user=jenkins1000 | ip=192.168.34.57 | op=SEND_HEARTBEAT {datanodeUUID=3a14c1ba-d90f-4e55-9b74-34a12c0cf08b, command=[]} | ret=SUCCESS |  
2019-08-24 00:24:57,921 | INFO  | SCMAudit | user=jenkins1000 | ip=192.168.34.57 | op=SEND_HEARTBEAT {datanodeUUID=5da42abd-867e-47ba-b805-7d971175ab74, command=[]} | ret=SUCCESS |  
2019-08-24 00:24:58,153 | INFO  | SCMAudit | user=jenkins1000 | ip=192.168.34.57 | op=SEND_HEARTBEAT {datanodeUUID=a2fab492-56f3-43b8-af5f-239f4e38d11d, command=[]} | ret=SUCCESS |  
2019-08-24 00:24:58,366 | INFO  | SCMAudit | user=jenkins1000 | ip=192.168.34.57 | op=SEND_HEARTBEAT {datanodeUUID=44c7f39a-9454-4511-9eaf-9b72a4aa6bb9, command=[]} | ret=SUCCESS |  
2019-08-24 00:24:58,536 | INFO  | SCMAudit | user=jenkins1000 | ip=192.168.34.57 | op=SEND_HEARTBEAT {datanodeUUID=6f3ac5a3-43f3-4ed6-928d-1c9df2f8e2aa, command=[]} | ret=SUCCESS |  
2019-08-24 00:24:58,872 | INFO  | SCMAudit | user=jenkins1000 | ip=192.168.34.57 | op=SEND_HEARTBEAT {datanodeUUID=9b1b75a9-c857-4b9a-9bce-dd664e78af57, command=[]} | ret=SUCCESS |  
2019-08-24 00:24:58,885 | INFO  | SCMAudit | user=jenkins1000 | ip=192.168.34.57 | op=SEND_HEARTBEAT {datanodeUUID=4d1e0fe6-60fd-4907-9842-f352edb6fbc8, command=[]} | ret=SUCCESS |  
2019-08-24 00:24:58,907 | INFO  | SCMAudit | user=jenkins1000 | ip=192.168.34.57 | op=SEND_HEARTBEAT {datanodeUUID=3a14c1ba-d90f-4e55-9b74-34a12c0cf08b, command=[]} | ret=SUCCESS |  
2019-08-24 00:24:58,921 | INFO  | SCMAudit | user=jenkins1000 | ip=192.168.34.57 | op=SEND_HEARTBEAT {datanodeUUID=5da42abd-867e-47ba-b805-7d971175ab74, command=[]} | ret=SUCCESS |  
2019-08-24 00:24:59,154 | INFO  | SCMAudit | user=jenkins1000 | ip=192.168.34.57 | op=SEND_HEARTBEAT {datanodeUUID=a2fab492-56f3-43b8-af5f-239f4e38d11d, command=[]} | ret=SUCCESS |  
2019-08-24 00:24:59,366 | INFO  | SCMAudit | user=jenkins1000 | ip=192.168.34.57 | op=SEND_HEARTBEAT {datanodeUUID=44c7f39a-9454-4511-9eaf-9b72a4aa6bb9, command=[]} | ret=SUCCESS |  
2019-08-24 00:24:59,537 | INFO  | SCMAudit | user=jenkins1000 | ip=192.168.34.57 | op=SEND_HEARTBEAT {datanodeUUID=6f3ac5a3-43f3-4ed6-928d-1c9df2f8e2aa, command=[]} | ret=SUCCESS |  
2019-08-24 00:24:59,872 | INFO  | SCMAudit | user=jenkins1000 | ip=192.168.34.57 | op=SEND_HEARTBEAT {datanodeUUID=9b1b75a9-c857-4b9a-9bce-dd664e78af57, command=[]} | ret=SUCCESS |  
2019-08-24 00:24:59,885 | INFO  | SCMAudit | user=jenkins1000 | ip=192.168.34.57 | op=SEND_HEARTBEAT {datanodeUUID=4d1e0fe6-60fd-4907-9842-f352edb6fbc8, command=[]} | ret=SUCCESS |  
2019-08-24 00:24:59,907 | INFO  | SCMAudit | user=jenkins1000 | ip=192.168.34.57 | op=SEND_HEARTBEAT {datanodeUUID=3a14c1ba-d90f-4e55-9b74-34a12c0cf08b, command=[]} | ret=SUCCESS |  
2019-08-24 00:24:59,921 | INFO  | SCMAudit | user=jenkins1000 | ip=192.168.34.57 | op=SEND_HEARTBEAT {datanodeUUID=5da42abd-867e-47ba-b805-7d971175ab74, command=[]} | ret=SUCCESS |  
2019-08-24 00:25:00,153 | INFO  | SCMAudit | user=jenkins1000 | ip=192.168.34.57 | op=SEND_HEARTBEAT {datanodeUUID=a2fab492-56f3-43b8-af5f-239f4e38d11d, command=[]} | ret=SUCCESS |  
2019-08-24 00:25:00,367 | INFO  | SCMAudit | user=jenkins1000 | ip=192.168.34.57 | op=SEND_HEARTBEAT {datanodeUUID=44c7f39a-9454-4511-9eaf-9b72a4aa6bb9, command=[]} | ret=SUCCESS |  
2019-08-24 00:25:00,537 | INFO  | SCMAudit | user=jenkins1000 | ip=192.168.34.57 | op=SEND_HEARTBEAT {datanodeUUID=6f3ac5a3-43f3-4ed6-928d-1c9df2f8e2aa, command=[]} | ret=SUCCESS |  
2019-08-24 00:25:00,872 | INFO  | SCMAudit | user=jenkins1000 | ip=192.168.34.57 | op=SEND_HEARTBEAT {datanodeUUID=9b1b75a9-c857-4b9a-9bce-dd664e78af57, command=[]} | ret=SUCCESS |  
2019-08-24 00:25:00,885 | INFO  | SCMAudit | user=jenkins1000 | ip=192.168.34.57 | op=SEND_HEARTBEAT {datanodeUUID=4d1e0fe6-60fd-4907-9842-f352edb6fbc8, command=[]} | ret=SUCCESS |  
2019-08-24 00:25:00,907 | INFO  | SCMAudit | user=jenkins1000 | ip=192.168.34.57 | op=SEND_HEARTBEAT {datanodeUUID=3a14c1ba-d90f-4e55-9b74-34a12c0cf08b, command=[]} | ret=SUCCESS |  
2019-08-24 00:25:00,921 | INFO  | SCMAudit | user=jenkins1000 | ip=192.168.34.57 | op=SEND_HEARTBEAT {datanodeUUID=5da42abd-867e-47ba-b805-7d971175ab74, command=[]} | ret=SUCCESS |  
2019-08-24 00:25:01,154 | INFO  | SCMAudit | user=jenkins1000 | ip=192.168.34.57 | op=SEND_HEARTBEAT {datanodeUUID=a2fab492-56f3-43b8-af5f-239f4e38d11d, command=[]} | ret=SUCCESS |  
2019-08-24 00:25:01,367 | INFO  | SCMAudit | user=jenkins1000 | ip=192.168.34.57 | op=SEND_HEARTBEAT {datanodeUUID=44c7f39a-9454-4511-9eaf-9b72a4aa6bb9, command=[]} | ret=SUCCESS |  
2019-08-24 00:25:01,536 | INFO  | SCMAudit | user=jenkins1000 | ip=192.168.34.57 | op=SEND_HEARTBEAT {datanodeUUID=6f3ac5a3-43f3-4ed6-928d-1c9df2f8e2aa, command=[]} | ret=SUCCESS |  
2019-08-24 00:25:01,873 | INFO  | SCMAudit | user=jenkins1000 | ip=192.168.34.57 | op=SEND_HEARTBEAT {datanodeUUID=9b1b75a9-c857-4b9a-9bce-dd664e78af57, command=[]} | ret=SUCCESS |  
2019-08-24 00:25:01,886 | INFO  | SCMAudit | user=jenkins1000 | ip=192.168.34.57 | op=SEND_HEARTBEAT {datanodeUUID=4d1e0fe6-60fd-4907-9842-f352edb6fbc8, command=[]} | ret=SUCCESS |  
2019-08-24 00:25:01,907 | INFO  | SCMAudit | user=jenkins1000 | ip=192.168.34.57 | op=SEND_HEARTBEAT {datanodeUUID=3a14c1ba-d90f-4e55-9b74-34a12c0cf08b, command=[]} | ret=SUCCESS |  
2019-08-24 00:25:01,922 | INFO  | SCMAudit | user=jenkins1000 | ip=192.168.34.57 | op=SEND_HEARTBEAT {datanodeUUID=5da42abd-867e-47ba-b805-7d971175ab74, command=[]} | ret=SUCCESS |  
2019-08-24 00:25:02,153 | INFO  | SCMAudit | user=jenkins1000 | ip=192.168.34.57 | op=SEND_HEARTBEAT {datanodeUUID=a2fab492-56f3-43b8-af5f-239f4e38d11d, command=[]} | ret=SUCCESS |  
2019-08-24 00:25:02,327 [grpc-default-executor-6] INFO  client.GrpcClientProtocolClient (GrpcClientProtocolClient.java:onNext(255)) - client-090605BECF39->9b1b75a9-c857-4b9a-9bce-dd664e78af57: receive RaftClientReply:client-090605BECF39->9b1b75a9-c857-4b9a-9bce-dd664e78af57@group-7922B4F3146A, cid=45, FAILED org.apache.ratis.protocol.NotLeaderException: Server 9b1b75a9-c857-4b9a-9bce-dd664e78af57 is not the leader (4d1e0fe6-60fd-4907-9842-f352edb6fbc8:192.168.34.57:43840). Request must be sent to leader., logIndex=0, commits[9b1b75a9-c857-4b9a-9bce-dd664e78af57:c8, 3a14c1ba-d90f-4e55-9b74-34a12c0cf08b:c8, 4d1e0fe6-60fd-4907-9842-f352edb6fbc8:c8]
2019-08-24 00:25:02,367 | INFO  | SCMAudit | user=jenkins1000 | ip=192.168.34.57 | op=SEND_HEARTBEAT {datanodeUUID=44c7f39a-9454-4511-9eaf-9b72a4aa6bb9, command=[]} | ret=SUCCESS |  
2019-08-24 00:25:02,536 | INFO  | SCMAudit | user=jenkins1000 | ip=192.168.34.57 | op=SEND_HEARTBEAT {datanodeUUID=6f3ac5a3-43f3-4ed6-928d-1c9df2f8e2aa, command=[]} | ret=SUCCESS |  
2019-08-24 00:25:02,872 | INFO  | SCMAudit | user=jenkins1000 | ip=192.168.34.57 | op=SEND_HEARTBEAT {datanodeUUID=9b1b75a9-c857-4b9a-9bce-dd664e78af57, command=[]} | ret=SUCCESS |  
2019-08-24 00:25:02,885 | INFO  | SCMAudit | user=jenkins1000 | ip=192.168.34.57 | op=SEND_HEARTBEAT {datanodeUUID=4d1e0fe6-60fd-4907-9842-f352edb6fbc8, command=[]} | ret=SUCCESS |  
2019-08-24 00:25:02,907 | INFO  | SCMAudit | user=jenkins1000 | ip=192.168.34.57 | op=SEND_HEARTBEAT {datanodeUUID=3a14c1ba-d90f-4e55-9b74-34a12c0cf08b, command=[]} | ret=SUCCESS |  
2019-08-24 00:25:02,922 | INFO  | SCMAudit | user=jenkins1000 | ip=192.168.34.57 | op=SEND_HEARTBEAT {datanodeUUID=5da42abd-867e-47ba-b805-7d971175ab74, command=[]} | ret=SUCCESS |  
2019-08-24 00:25:03,154 | INFO  | SCMAudit | user=jenkins1000 | ip=192.168.34.57 | op=SEND_HEARTBEAT {datanodeUUID=a2fab492-56f3-43b8-af5f-239f4e38d11d, command=[]} | ret=SUCCESS |  
2019-08-24 00:25:03,368 | INFO  | SCMAudit | user=jenkins1000 | ip=192.168.34.57 | op=SEND_HEARTBEAT {datanodeUUID=44c7f39a-9454-4511-9eaf-9b72a4aa6bb9, command=[]} | ret=SUCCESS |  
2019-08-24 00:25:03,537 | INFO  | SCMAudit | user=jenkins1000 | ip=192.168.34.57 | op=SEND_HEARTBEAT {datanodeUUID=6f3ac5a3-43f3-4ed6-928d-1c9df2f8e2aa, command=[]} | ret=SUCCESS |  
2019-08-24 00:25:03,873 | INFO  | SCMAudit | user=jenkins1000 | ip=192.168.34.57 | op=SEND_HEARTBEAT {datanodeUUID=9b1b75a9-c857-4b9a-9bce-dd664e78af57, command=[]} | ret=SUCCESS |  
2019-08-24 00:25:03,885 | INFO  | SCMAudit | user=jenkins1000 | ip=192.168.34.57 | op=SEND_HEARTBEAT {datanodeUUID=4d1e0fe6-60fd-4907-9842-f352edb6fbc8, command=[]} | ret=SUCCESS |  
2019-08-24 00:25:03,907 | INFO  | SCMAudit | user=jenkins1000 | ip=192.168.34.57 | op=SEND_HEARTBEAT {datanodeUUID=3a14c1ba-d90f-4e55-9b74-34a12c0cf08b, command=[]} | ret=SUCCESS |  
2019-08-24 00:25:03,923 | INFO  | SCMAudit | user=jenkins1000 | ip=192.168.34.57 | op=SEND_HEARTBEAT {datanodeUUID=5da42abd-867e-47ba-b805-7d971175ab74, command=[]} | ret=SUCCESS |  
2019-08-24 00:25:04,154 | INFO  | SCMAudit | user=jenkins1000 | ip=192.168.34.57 | op=SEND_HEARTBEAT {datanodeUUID=a2fab492-56f3-43b8-af5f-239f4e38d11d, command=[]} | ret=SUCCESS |  
2019-08-24 00:25:04,367 | INFO  | SCMAudit | user=jenkins1000 | ip=192.168.34.57 | op=SEND_HEARTBEAT {datanodeUUID=44c7f39a-9454-4511-9eaf-9b72a4aa6bb9, command=[]} | ret=SUCCESS |  
2019-08-24 00:25:04,536 | INFO  | SCMAudit | user=jenkins1000 | ip=192.168.34.57 | op=SEND_HEARTBEAT {datanodeUUID=6f3ac5a3-43f3-4ed6-928d-1c9df2f8e2aa, command=[]} | ret=SUCCESS |  
2019-08-24 00:25:04,872 | INFO  | SCMAudit | user=jenkins1000 | ip=192.168.34.57 | op=SEND_HEARTBEAT {datanodeUUID=9b1b75a9-c857-4b9a-9bce-dd664e78af57, command=[]} | ret=SUCCESS |  
2019-08-24 00:25:04,885 | INFO  | SCMAudit | user=jenkins1000 | ip=192.168.34.57 | op=SEND_HEARTBEAT {datanodeUUID=4d1e0fe6-60fd-4907-9842-f352edb6fbc8, command=[]} | ret=SUCCESS |  
2019-08-24 00:25:04,908 | INFO  | SCMAudit | user=jenkins1000 | ip=192.168.34.57 | op=SEND_HEARTBEAT {datanodeUUID=3a14c1ba-d90f-4e55-9b74-34a12c0cf08b, command=[]} | ret=SUCCESS |  
2019-08-24 00:25:04,922 | INFO  | SCMAudit | user=jenkins1000 | ip=192.168.34.57 | op=SEND_HEARTBEAT {datanodeUUID=5da42abd-867e-47ba-b805-7d971175ab74, command=[]} | ret=SUCCESS |  
2019-08-24 00:25:05,154 | INFO  | SCMAudit | user=jenkins1000 | ip=192.168.34.57 | op=SEND_HEARTBEAT {datanodeUUID=a2fab492-56f3-43b8-af5f-239f4e38d11d, command=[]} | ret=SUCCESS |  
2019-08-24 00:25:05,367 | INFO  | SCMAudit | user=jenkins1000 | ip=192.168.34.57 | op=SEND_HEARTBEAT {datanodeUUID=44c7f39a-9454-4511-9eaf-9b72a4aa6bb9, command=[]} | ret=SUCCESS |  
2019-08-24 00:25:05,536 | INFO  | SCMAudit | user=jenkins1000 | ip=192.168.34.57 | op=SEND_HEARTBEAT {datanodeUUID=6f3ac5a3-43f3-4ed6-928d-1c9df2f8e2aa, command=[]} | ret=SUCCESS |  
2019-08-24 00:25:05,873 | INFO  | SCMAudit | user=jenkins1000 | ip=192.168.34.57 | op=SEND_HEARTBEAT {datanodeUUID=9b1b75a9-c857-4b9a-9bce-dd664e78af57, command=[]} | ret=SUCCESS |  
2019-08-24 00:25:05,886 | INFO  | SCMAudit | user=jenkins1000 | ip=192.168.34.57 | op=SEND_HEARTBEAT {datanodeUUID=4d1e0fe6-60fd-4907-9842-f352edb6fbc8, command=[]} | ret=SUCCESS |  
2019-08-24 00:25:05,907 | INFO  | SCMAudit | user=jenkins1000 | ip=192.168.34.57 | op=SEND_HEARTBEAT {datanodeUUID=3a14c1ba-d90f-4e55-9b74-34a12c0cf08b, command=[]} | ret=SUCCESS |  
2019-08-24 00:25:05,922 | INFO  | SCMAudit | user=jenkins1000 | ip=192.168.34.57 | op=SEND_HEARTBEAT {datanodeUUID=5da42abd-867e-47ba-b805-7d971175ab74, command=[]} | ret=SUCCESS |  
2019-08-24 00:25:06,154 | INFO  | SCMAudit | user=jenkins1000 | ip=192.168.34.57 | op=SEND_HEARTBEAT {datanodeUUID=a2fab492-56f3-43b8-af5f-239f4e38d11d, command=[]} | ret=SUCCESS |  
2019-08-24 00:25:06,368 | INFO  | SCMAudit | user=jenkins1000 | ip=192.168.34.57 | op=SEND_HEARTBEAT {datanodeUUID=44c7f39a-9454-4511-9eaf-9b72a4aa6bb9, command=[]} | ret=SUCCESS |  
2019-08-24 00:25:06,536 | INFO  | SCMAudit | user=jenkins1000 | ip=192.168.34.57 | op=SEND_HEARTBEAT {datanodeUUID=6f3ac5a3-43f3-4ed6-928d-1c9df2f8e2aa, command=[]} | ret=SUCCESS |  
2019-08-24 00:25:06,874 | INFO  | SCMAudit | user=jenkins1000 | ip=192.168.34.57 | op=SEND_HEARTBEAT {datanodeUUID=9b1b75a9-c857-4b9a-9bce-dd664e78af57, command=[]} | ret=SUCCESS |  
2019-08-24 00:25:06,885 | INFO  | SCMAudit | user=jenkins1000 | ip=192.168.34.57 | op=SEND_HEARTBEAT {datanodeUUID=4d1e0fe6-60fd-4907-9842-f352edb6fbc8, command=[]} | ret=SUCCESS |  
2019-08-24 00:25:06,907 | INFO  | SCMAudit | user=jenkins1000 | ip=192.168.34.57 | op=SEND_HEARTBEAT {datanodeUUID=3a14c1ba-d90f-4e55-9b74-34a12c0cf08b, command=[]} | ret=SUCCESS |  
2019-08-24 00:25:06,922 | INFO  | SCMAudit | user=jenkins1000 | ip=192.168.34.57 | op=SEND_HEARTBEAT {datanodeUUID=5da42abd-867e-47ba-b805-7d971175ab74, command=[]} | ret=SUCCESS |  
2019-08-24 00:25:07,155 | INFO  | SCMAudit | user=jenkins1000 | ip=192.168.34.57 | op=SEND_HEARTBEAT {datanodeUUID=a2fab492-56f3-43b8-af5f-239f4e38d11d, command=[]} | ret=SUCCESS |  
2019-08-24 00:25:07,366 [grpc-default-executor-6] INFO  client.GrpcClientProtocolClient (GrpcClientProtocolClient.java:onNext(255)) - client-090605BECF39->3a14c1ba-d90f-4e55-9b74-34a12c0cf08b: receive RaftClientReply:client-090605BECF39->3a14c1ba-d90f-4e55-9b74-34a12c0cf08b@group-7922B4F3146A, cid=45, FAILED org.apache.ratis.protocol.NotLeaderException: Server 3a14c1ba-d90f-4e55-9b74-34a12c0cf08b is not the leader (4d1e0fe6-60fd-4907-9842-f352edb6fbc8:192.168.34.57:43840). Request must be sent to leader., logIndex=0, commits[3a14c1ba-d90f-4e55-9b74-34a12c0cf08b:c8, 9b1b75a9-c857-4b9a-9bce-dd664e78af57:c8, 4d1e0fe6-60fd-4907-9842-f352edb6fbc8:c8]
2019-08-24 00:25:07,380 | INFO  | SCMAudit | user=jenkins1000 | ip=192.168.34.57 | op=SEND_HEARTBEAT {datanodeUUID=44c7f39a-9454-4511-9eaf-9b72a4aa6bb9, command=[]} | ret=SUCCESS |  
2019-08-24 00:25:07,537 | INFO  | SCMAudit | user=jenkins1000 | ip=192.168.34.57 | op=SEND_HEARTBEAT {datanodeUUID=6f3ac5a3-43f3-4ed6-928d-1c9df2f8e2aa, command=[]} | ret=SUCCESS |  
2019-08-24 00:25:07,874 | INFO  | SCMAudit | user=jenkins1000 | ip=192.168.34.57 | op=SEND_HEARTBEAT {datanodeUUID=9b1b75a9-c857-4b9a-9bce-dd664e78af57, command=[]} | ret=SUCCESS |  
2019-08-24 00:25:07,886 | INFO  | SCMAudit | user=jenkins1000 | ip=192.168.34.57 | op=SEND_HEARTBEAT {datanodeUUID=4d1e0fe6-60fd-4907-9842-f352edb6fbc8, command=[]} | ret=SUCCESS |  
2019-08-24 00:25:07,908 | INFO  | SCMAudit | user=jenkins1000 | ip=192.168.34.57 | op=SEND_HEARTBEAT {datanodeUUID=3a14c1ba-d90f-4e55-9b74-34a12c0cf08b, command=[]} | ret=SUCCESS |  
2019-08-24 00:25:07,923 | INFO  | SCMAudit | user=jenkins1000 | ip=192.168.34.57 | op=SEND_HEARTBEAT {datanodeUUID=5da42abd-867e-47ba-b805-7d971175ab74, command=[]} | ret=SUCCESS |  
2019-08-24 00:25:08,155 | INFO  | SCMAudit | user=jenkins1000 | ip=192.168.34.57 | op=SEND_HEARTBEAT {datanodeUUID=a2fab492-56f3-43b8-af5f-239f4e38d11d, command=[]} | ret=SUCCESS |  
2019-08-24 00:25:08,368 | INFO  | SCMAudit | user=jenkins1000 | ip=192.168.34.57 | op=SEND_HEARTBEAT {datanodeUUID=44c7f39a-9454-4511-9eaf-9b72a4aa6bb9, command=[]} | ret=SUCCESS |  
2019-08-24 00:25:08,536 | INFO  | SCMAudit | user=jenkins1000 | ip=192.168.34.57 | op=SEND_HEARTBEAT {datanodeUUID=6f3ac5a3-43f3-4ed6-928d-1c9df2f8e2aa, command=[]} | ret=SUCCESS |  
2019-08-24 00:25:08,875 | INFO  | SCMAudit | user=jenkins1000 | ip=192.168.34.57 | op=SEND_HEARTBEAT {datanodeUUID=9b1b75a9-c857-4b9a-9bce-dd664e78af57, command=[]} | ret=SUCCESS |  
2019-08-24 00:25:08,885 | INFO  | SCMAudit | user=jenkins1000 | ip=192.168.34.57 | op=SEND_HEARTBEAT {datanodeUUID=4d1e0fe6-60fd-4907-9842-f352edb6fbc8, command=[]} | ret=SUCCESS |  
2019-08-24 00:25:08,907 | INFO  | SCMAudit | user=jenkins1000 | ip=192.168.34.57 | op=SEND_HEARTBEAT {datanodeUUID=3a14c1ba-d90f-4e55-9b74-34a12c0cf08b, command=[]} | ret=SUCCESS |  
2019-08-24 00:25:08,923 | INFO  | SCMAudit | user=jenkins1000 | ip=192.168.34.57 | op=SEND_HEARTBEAT {datanodeUUID=5da42abd-867e-47ba-b805-7d971175ab74, command=[]} | ret=SUCCESS |  
2019-08-24 00:25:09,156 | INFO  | SCMAudit | user=jenkins1000 | ip=192.168.34.57 | op=SEND_HEARTBEAT {datanodeUUID=a2fab492-56f3-43b8-af5f-239f4e38d11d, command=[]} | ret=SUCCESS |  
2019-08-24 00:25:09,369 | INFO  | SCMAudit | user=jenkins1000 | ip=192.168.34.57 | op=SEND_HEARTBEAT {datanodeUUID=44c7f39a-9454-4511-9eaf-9b72a4aa6bb9, command=[]} | ret=SUCCESS |  
2019-08-24 00:25:09,537 | INFO  | SCMAudit | user=jenkins1000 | ip=192.168.34.57 | op=SEND_HEARTBEAT {datanodeUUID=6f3ac5a3-43f3-4ed6-928d-1c9df2f8e2aa, command=[]} | ret=SUCCESS |  
2019-08-24 00:25:09,875 | INFO  | SCMAudit | user=jenkins1000 | ip=192.168.34.57 | op=SEND_HEARTBEAT {datanodeUUID=9b1b75a9-c857-4b9a-9bce-dd664e78af57, command=[]} | ret=SUCCESS |  
2019-08-24 00:25:09,885 | INFO  | SCMAudit | user=jenkins1000 | ip=192.168.34.57 | op=SEND_HEARTBEAT {datanodeUUID=4d1e0fe6-60fd-4907-9842-f352edb6fbc8, command=[]} | ret=SUCCESS |  
2019-08-24 00:25:09,907 | INFO  | SCMAudit | user=jenkins1000 | ip=192.168.34.57 | op=SEND_HEARTBEAT {datanodeUUID=3a14c1ba-d90f-4e55-9b74-34a12c0cf08b, command=[]} | ret=SUCCESS |  
2019-08-24 00:25:09,923 | INFO  | SCMAudit | user=jenkins1000 | ip=192.168.34.57 | op=SEND_HEARTBEAT {datanodeUUID=5da42abd-867e-47ba-b805-7d971175ab74, command=[]} | ret=SUCCESS |  
2019-08-24 00:25:10,156 | INFO  | SCMAudit | user=jenkins1000 | ip=192.168.34.57 | op=SEND_HEARTBEAT {datanodeUUID=a2fab492-56f3-43b8-af5f-239f4e38d11d, command=[]} | ret=SUCCESS |  
2019-08-24 00:25:10,369 | INFO  | SCMAudit | user=jenkins1000 | ip=192.168.34.57 | op=SEND_HEARTBEAT {datanodeUUID=44c7f39a-9454-4511-9eaf-9b72a4aa6bb9, command=[]} | ret=SUCCESS |  
2019-08-24 00:25:10,536 | INFO  | SCMAudit | user=jenkins1000 | ip=192.168.34.57 | op=SEND_HEARTBEAT {datanodeUUID=6f3ac5a3-43f3-4ed6-928d-1c9df2f8e2aa, command=[]} | ret=SUCCESS |  
2019-08-24 00:25:10,875 | INFO  | SCMAudit | user=jenkins1000 | ip=192.168.34.57 | op=SEND_HEARTBEAT {datanodeUUID=9b1b75a9-c857-4b9a-9bce-dd664e78af57, command=[]} | ret=SUCCESS |  
2019-08-24 00:25:10,885 | INFO  | SCMAudit | user=jenkins1000 | ip=192.168.34.57 | op=SEND_HEARTBEAT {datanodeUUID=4d1e0fe6-60fd-4907-9842-f352edb6fbc8, command=[]} | ret=SUCCESS |  
2019-08-24 00:25:10,907 | INFO  | SCMAudit | user=jenkins1000 | ip=192.168.34.57 | op=SEND_HEARTBEAT {datanodeUUID=3a14c1ba-d90f-4e55-9b74-34a12c0cf08b, command=[]} | ret=SUCCESS |  
2019-08-24 00:25:10,923 | INFO  | SCMAudit | user=jenkins1000 | ip=192.168.34.57 | op=SEND_HEARTBEAT {datanodeUUID=5da42abd-867e-47ba-b805-7d971175ab74, command=[]} | ret=SUCCESS |  
2019-08-24 00:25:11,157 | INFO  | SCMAudit | user=jenkins1000 | ip=192.168.34.57 | op=SEND_HEARTBEAT {datanodeUUID=a2fab492-56f3-43b8-af5f-239f4e38d11d, command=[]} | ret=SUCCESS |  
2019-08-24 00:25:11,369 | INFO  | SCMAudit | user=jenkins1000 | ip=192.168.34.57 | op=SEND_HEARTBEAT {datanodeUUID=44c7f39a-9454-4511-9eaf-9b72a4aa6bb9, command=[]} | ret=SUCCESS |  
2019-08-24 00:25:11,536 | INFO  | SCMAudit | user=jenkins1000 | ip=192.168.34.57 | op=SEND_HEARTBEAT {datanodeUUID=6f3ac5a3-43f3-4ed6-928d-1c9df2f8e2aa, command=[]} | ret=SUCCESS |  
2019-08-24 00:25:11,875 | INFO  | SCMAudit | user=jenkins1000 | ip=192.168.34.57 | op=SEND_HEARTBEAT {datanodeUUID=9b1b75a9-c857-4b9a-9bce-dd664e78af57, command=[]} | ret=SUCCESS |  
2019-08-24 00:25:11,886 | INFO  | SCMAudit | user=jenkins1000 | ip=192.168.34.57 | op=SEND_HEARTBEAT {datanodeUUID=4d1e0fe6-60fd-4907-9842-f352edb6fbc8, command=[]} | ret=SUCCESS |  
2019-08-24 00:25:11,908 | INFO  | SCMAudit | user=jenkins1000 | ip=192.168.34.57 | op=SEND_HEARTBEAT {datanodeUUID=3a14c1ba-d90f-4e55-9b74-34a12c0cf08b, command=[]} | ret=SUCCESS |  
2019-08-24 00:25:11,924 | INFO  | SCMAudit | user=jenkins1000 | ip=192.168.34.57 | op=SEND_HEARTBEAT {datanodeUUID=5da42abd-867e-47ba-b805-7d971175ab74, command=[]} | ret=SUCCESS |  
2019-08-24 00:25:12,157 | INFO  | SCMAudit | user=jenkins1000 | ip=192.168.34.57 | op=SEND_HEARTBEAT {datanodeUUID=a2fab492-56f3-43b8-af5f-239f4e38d11d, command=[]} | ret=SUCCESS |  
2019-08-24 00:25:12,369 | INFO  | SCMAudit | user=jenkins1000 | ip=192.168.34.57 | op=SEND_HEARTBEAT {datanodeUUID=44c7f39a-9454-4511-9eaf-9b72a4aa6bb9, command=[]} | ret=SUCCESS |  
2019-08-24 00:25:12,423 [grpc-default-executor-6] INFO  client.GrpcClientProtocolClient (GrpcClientProtocolClient.java:onNext(255)) - client-090605BECF39->9b1b75a9-c857-4b9a-9bce-dd664e78af57: receive RaftClientReply:client-090605BECF39->9b1b75a9-c857-4b9a-9bce-dd664e78af57@group-7922B4F3146A, cid=45, FAILED org.apache.ratis.protocol.NotLeaderException: Server 9b1b75a9-c857-4b9a-9bce-dd664e78af57 is not the leader (4d1e0fe6-60fd-4907-9842-f352edb6fbc8:192.168.34.57:43840). Request must be sent to leader., logIndex=0, commits[9b1b75a9-c857-4b9a-9bce-dd664e78af57:c8, 3a14c1ba-d90f-4e55-9b74-34a12c0cf08b:c8, 4d1e0fe6-60fd-4907-9842-f352edb6fbc8:c8]
2019-08-24 00:25:12,537 | INFO  | SCMAudit | user=jenkins1000 | ip=192.168.34.57 | op=SEND_HEARTBEAT {datanodeUUID=6f3ac5a3-43f3-4ed6-928d-1c9df2f8e2aa, command=[]} | ret=SUCCESS |  
2019-08-24 00:25:12,876 | INFO  | SCMAudit | user=jenkins1000 | ip=192.168.34.57 | op=SEND_HEARTBEAT {datanodeUUID=9b1b75a9-c857-4b9a-9bce-dd664e78af57, command=[]} | ret=SUCCESS |  
2019-08-24 00:25:12,885 | INFO  | SCMAudit | user=jenkins1000 | ip=192.168.34.57 | op=SEND_HEARTBEAT {datanodeUUID=4d1e0fe6-60fd-4907-9842-f352edb6fbc8, command=[]} | ret=SUCCESS |  
2019-08-24 00:25:12,908 | INFO  | SCMAudit | user=jenkins1000 | ip=192.168.34.57 | op=SEND_HEARTBEAT {datanodeUUID=3a14c1ba-d90f-4e55-9b74-34a12c0cf08b, command=[]} | ret=SUCCESS |  
2019-08-24 00:25:12,924 | INFO  | SCMAudit | user=jenkins1000 | ip=192.168.34.57 | op=SEND_HEARTBEAT {datanodeUUID=5da42abd-867e-47ba-b805-7d971175ab74, command=[]} | ret=SUCCESS |  
2019-08-24 00:25:13,157 | INFO  | SCMAudit | user=jenkins1000 | ip=192.168.34.57 | op=SEND_HEARTBEAT {datanodeUUID=a2fab492-56f3-43b8-af5f-239f4e38d11d, command=[]} | ret=SUCCESS |  
2019-08-24 00:25:13,370 | INFO  | SCMAudit | user=jenkins1000 | ip=192.168.34.57 | op=SEND_HEARTBEAT {datanodeUUID=44c7f39a-9454-4511-9eaf-9b72a4aa6bb9, command=[]} | ret=SUCCESS |  
2019-08-24 00:25:13,536 | INFO  | SCMAudit | user=jenkins1000 | ip=192.168.34.57 | op=SEND_HEARTBEAT {datanodeUUID=6f3ac5a3-43f3-4ed6-928d-1c9df2f8e2aa, command=[]} | ret=SUCCESS |  
2019-08-24 00:25:13,875 | INFO  | SCMAudit | user=jenkins1000 | ip=192.168.34.57 | op=SEND_HEARTBEAT {datanodeUUID=9b1b75a9-c857-4b9a-9bce-dd664e78af57, command=[]} | ret=SUCCESS |  
2019-08-24 00:25:13,885 | INFO  | SCMAudit | user=jenkins1000 | ip=192.168.34.57 | op=SEND_HEARTBEAT {datanodeUUID=4d1e0fe6-60fd-4907-9842-f352edb6fbc8, command=[]} | ret=SUCCESS |  
2019-08-24 00:25:13,908 | INFO  | SCMAudit | user=jenkins1000 | ip=192.168.34.57 | op=SEND_HEARTBEAT {datanodeUUID=3a14c1ba-d90f-4e55-9b74-34a12c0cf08b, command=[]} | ret=SUCCESS |  
2019-08-24 00:25:13,924 | INFO  | SCMAudit | user=jenkins1000 | ip=192.168.34.57 | op=SEND_HEARTBEAT {datanodeUUID=5da42abd-867e-47ba-b805-7d971175ab74, command=[]} | ret=SUCCESS |  
2019-08-24 00:25:14,157 | INFO  | SCMAudit | user=jenkins1000 | ip=192.168.34.57 | op=SEND_HEARTBEAT {datanodeUUID=a2fab492-56f3-43b8-af5f-239f4e38d11d, command=[]} | ret=SUCCESS |  
2019-08-24 00:25:14,369 | INFO  | SCMAudit | user=jenkins1000 | ip=192.168.34.57 | op=SEND_HEARTBEAT {datanodeUUID=44c7f39a-9454-4511-9eaf-9b72a4aa6bb9, command=[]} | ret=SUCCESS |  
2019-08-24 00:25:14,537 | INFO  | SCMAudit | user=jenkins1000 | ip=192.168.34.57 | op=SEND_HEARTBEAT {datanodeUUID=6f3ac5a3-43f3-4ed6-928d-1c9df2f8e2aa, command=[]} | ret=SUCCESS |  
2019-08-24 00:25:14,876 | INFO  | SCMAudit | user=jenkins1000 | ip=192.168.34.57 | op=SEND_HEARTBEAT {datanodeUUID=9b1b75a9-c857-4b9a-9bce-dd664e78af57, command=[]} | ret=SUCCESS |  
2019-08-24 00:25:14,886 | INFO  | SCMAudit | user=jenkins1000 | ip=192.168.34.57 | op=SEND_HEARTBEAT {datanodeUUID=4d1e0fe6-60fd-4907-9842-f352edb6fbc8, command=[]} | ret=SUCCESS |  
2019-08-24 00:25:14,908 | INFO  | SCMAudit | user=jenkins1000 | ip=192.168.34.57 | op=SEND_HEARTBEAT {datanodeUUID=3a14c1ba-d90f-4e55-9b74-34a12c0cf08b, command=[]} | ret=SUCCESS |  
2019-08-24 00:25:14,925 | INFO  | SCMAudit | user=jenkins1000 | ip=192.168.34.57 | op=SEND_HEARTBEAT {datanodeUUID=5da42abd-867e-47ba-b805-7d971175ab74, command=[]} | ret=SUCCESS |  
2019-08-24 00:25:15,158 | INFO  | SCMAudit | user=jenkins1000 | ip=192.168.34.57 | op=SEND_HEARTBEAT {datanodeUUID=a2fab492-56f3-43b8-af5f-239f4e38d11d, command=[]} | ret=SUCCESS |  
2019-08-24 00:25:15,370 | INFO  | SCMAudit | user=jenkins1000 | ip=192.168.34.57 | op=SEND_HEARTBEAT {datanodeUUID=44c7f39a-9454-4511-9eaf-9b72a4aa6bb9, command=[]} | ret=SUCCESS |  
2019-08-24 00:25:15,536 | INFO  | SCMAudit | user=jenkins1000 | ip=192.168.34.57 | op=SEND_HEARTBEAT {datanodeUUID=6f3ac5a3-43f3-4ed6-928d-1c9df2f8e2aa, command=[]} | ret=SUCCESS |  
2019-08-24 00:25:15,876 | INFO  | SCMAudit | user=jenkins1000 | ip=192.168.34.57 | op=SEND_HEARTBEAT {datanodeUUID=9b1b75a9-c857-4b9a-9bce-dd664e78af57, command=[]} | ret=SUCCESS |  
2019-08-24 00:25:15,886 | INFO  | SCMAudit | user=jenkins1000 | ip=192.168.34.57 | op=SEND_HEARTBEAT {datanodeUUID=4d1e0fe6-60fd-4907-9842-f352edb6fbc8, command=[]} | ret=SUCCESS |  
2019-08-24 00:25:15,908 | INFO  | SCMAudit | user=jenkins1000 | ip=192.168.34.57 | op=SEND_HEARTBEAT {datanodeUUID=3a14c1ba-d90f-4e55-9b74-34a12c0cf08b, command=[]} | ret=SUCCESS |  
2019-08-24 00:25:15,925 | INFO  | SCMAudit | user=jenkins1000 | ip=192.168.34.57 | op=SEND_HEARTBEAT {datanodeUUID=5da42abd-867e-47ba-b805-7d971175ab74, command=[]} | ret=SUCCESS |  
2019-08-24 00:25:16,158 | INFO  | SCMAudit | user=jenkins1000 | ip=192.168.34.57 | op=SEND_HEARTBEAT {datanodeUUID=a2fab492-56f3-43b8-af5f-239f4e38d11d, command=[]} | ret=SUCCESS |  
2019-08-24 00:25:16,370 | INFO  | SCMAudit | user=jenkins1000 | ip=192.168.34.57 | op=SEND_HEARTBEAT {datanodeUUID=44c7f39a-9454-4511-9eaf-9b72a4aa6bb9, command=[]} | ret=SUCCESS |  
2019-08-24 00:25:16,537 | INFO  | SCMAudit | user=jenkins1000 | ip=192.168.34.57 | op=SEND_HEARTBEAT {datanodeUUID=6f3ac5a3-43f3-4ed6-928d-1c9df2f8e2aa, command=[]} | ret=SUCCESS |  
2019-08-24 00:25:16,877 | INFO  | SCMAudit | user=jenkins1000 | ip=192.168.34.57 | op=SEND_HEARTBEAT {datanodeUUID=9b1b75a9-c857-4b9a-9bce-dd664e78af57, command=[]} | ret=SUCCESS |  
2019-08-24 00:25:16,886 | INFO  | SCMAudit | user=jenkins1000 | ip=192.168.34.57 | op=SEND_HEARTBEAT {datanodeUUID=4d1e0fe6-60fd-4907-9842-f352edb6fbc8, command=[]} | ret=SUCCESS |  
2019-08-24 00:25:16,907 | INFO  | SCMAudit | user=jenkins1000 | ip=192.168.34.57 | op=SEND_HEARTBEAT {datanodeUUID=3a14c1ba-d90f-4e55-9b74-34a12c0cf08b, command=[]} | ret=SUCCESS |  
2019-08-24 00:25:16,925 | INFO  | SCMAudit | user=jenkins1000 | ip=192.168.34.57 | op=SEND_HEARTBEAT {datanodeUUID=5da42abd-867e-47ba-b805-7d971175ab74, command=[]} | ret=SUCCESS |  
2019-08-24 00:25:17,158 | INFO  | SCMAudit | user=jenkins1000 | ip=192.168.34.57 | op=SEND_HEARTBEAT {datanodeUUID=a2fab492-56f3-43b8-af5f-239f4e38d11d, command=[]} | ret=SUCCESS |  
2019-08-24 00:25:17,369 | INFO  | SCMAudit | user=jenkins1000 | ip=192.168.34.57 | op=SEND_HEARTBEAT {datanodeUUID=44c7f39a-9454-4511-9eaf-9b72a4aa6bb9, command=[]} | ret=SUCCESS |  
2019-08-24 00:25:17,463 [grpc-default-executor-6] INFO  client.GrpcClientProtocolClient (GrpcClientProtocolClient.java:onNext(255)) - client-090605BECF39->9b1b75a9-c857-4b9a-9bce-dd664e78af57: receive RaftClientReply:client-090605BECF39->9b1b75a9-c857-4b9a-9bce-dd664e78af57@group-7922B4F3146A, cid=45, FAILED org.apache.ratis.protocol.NotLeaderException: Server 9b1b75a9-c857-4b9a-9bce-dd664e78af57 is not the leader (4d1e0fe6-60fd-4907-9842-f352edb6fbc8:192.168.34.57:43840). Request must be sent to leader., logIndex=0, commits[9b1b75a9-c857-4b9a-9bce-dd664e78af57:c8, 3a14c1ba-d90f-4e55-9b74-34a12c0cf08b:c8, 4d1e0fe6-60fd-4907-9842-f352edb6fbc8:c8]
2019-08-24 00:25:17,537 | INFO  | SCMAudit | user=jenkins1000 | ip=192.168.34.57 | op=SEND_HEARTBEAT {datanodeUUID=6f3ac5a3-43f3-4ed6-928d-1c9df2f8e2aa, command=[]} | ret=SUCCESS |  
2019-08-24 00:25:17,876 | INFO  | SCMAudit | user=jenkins1000 | ip=192.168.34.57 | op=SEND_HEARTBEAT {datanodeUUID=9b1b75a9-c857-4b9a-9bce-dd664e78af57, command=[]} | ret=SUCCESS |  
2019-08-24 00:25:17,886 | INFO  | SCMAudit | user=jenkins1000 | ip=192.168.34.57 | op=SEND_HEARTBEAT {datanodeUUID=4d1e0fe6-60fd-4907-9842-f352edb6fbc8, command=[]} | ret=SUCCESS |  
2019-08-24 00:25:17,907 | INFO  | SCMAudit | user=jenkins1000 | ip=192.168.34.57 | op=SEND_HEARTBEAT {datanodeUUID=3a14c1ba-d90f-4e55-9b74-34a12c0cf08b, command=[]} | ret=SUCCESS |  
2019-08-24 00:25:17,926 | INFO  | SCMAudit | user=jenkins1000 | ip=192.168.34.57 | op=SEND_HEARTBEAT {datanodeUUID=5da42abd-867e-47ba-b805-7d971175ab74, command=[]} | ret=SUCCESS |  
2019-08-24 00:25:18,158 | INFO  | SCMAudit | user=jenkins1000 | ip=192.168.34.57 | op=SEND_HEARTBEAT {datanodeUUID=a2fab492-56f3-43b8-af5f-239f4e38d11d, command=[]} | ret=SUCCESS |  
2019-08-24 00:25:18,370 | INFO  | SCMAudit | user=jenkins1000 | ip=192.168.34.57 | op=SEND_HEARTBEAT {datanodeUUID=44c7f39a-9454-4511-9eaf-9b72a4aa6bb9, command=[]} | ret=SUCCESS |  
2019-08-24 00:25:18,536 | INFO  | SCMAudit | user=jenkins1000 | ip=192.168.34.57 | op=SEND_HEARTBEAT {datanodeUUID=6f3ac5a3-43f3-4ed6-928d-1c9df2f8e2aa, command=[]} | ret=SUCCESS |  
2019-08-24 00:25:18,876 | INFO  | SCMAudit | user=jenkins1000 | ip=192.168.34.57 | op=SEND_HEARTBEAT {datanodeUUID=9b1b75a9-c857-4b9a-9bce-dd664e78af57, command=[]} | ret=SUCCESS |  
2019-08-24 00:25:18,886 | INFO  | SCMAudit | user=jenkins1000 | ip=192.168.34.57 | op=SEND_HEARTBEAT {datanodeUUID=4d1e0fe6-60fd-4907-9842-f352edb6fbc8, command=[]} | ret=SUCCESS |  
2019-08-24 00:25:18,907 | INFO  | SCMAudit | user=jenkins1000 | ip=192.168.34.57 | op=SEND_HEARTBEAT {datanodeUUID=3a14c1ba-d90f-4e55-9b74-34a12c0cf08b, command=[]} | ret=SUCCESS |  
2019-08-24 00:25:18,927 | INFO  | SCMAudit | user=jenkins1000 | ip=192.168.34.57 | op=SEND_HEARTBEAT {datanodeUUID=5da42abd-867e-47ba-b805-7d971175ab74, command=[]} | ret=SUCCESS |  
2019-08-24 00:25:19,159 | INFO  | SCMAudit | user=jenkins1000 | ip=192.168.34.57 | op=SEND_HEARTBEAT {datanodeUUID=a2fab492-56f3-43b8-af5f-239f4e38d11d, command=[]} | ret=SUCCESS |  
2019-08-24 00:25:19,369 | INFO  | SCMAudit | user=jenkins1000 | ip=192.168.34.57 | op=SEND_HEARTBEAT {datanodeUUID=44c7f39a-9454-4511-9eaf-9b72a4aa6bb9, command=[]} | ret=SUCCESS |  
2019-08-24 00:25:19,536 | INFO  | SCMAudit | user=jenkins1000 | ip=192.168.34.57 | op=SEND_HEARTBEAT {datanodeUUID=6f3ac5a3-43f3-4ed6-928d-1c9df2f8e2aa, command=[]} | ret=SUCCESS |  
2019-08-24 00:25:19,877 | INFO  | SCMAudit | user=jenkins1000 | ip=192.168.34.57 | op=SEND_HEARTBEAT {datanodeUUID=9b1b75a9-c857-4b9a-9bce-dd664e78af57, command=[]} | ret=SUCCESS |  
2019-08-24 00:25:19,886 | INFO  | SCMAudit | user=jenkins1000 | ip=192.168.34.57 | op=SEND_HEARTBEAT {datanodeUUID=4d1e0fe6-60fd-4907-9842-f352edb6fbc8, command=[]} | ret=SUCCESS |  
2019-08-24 00:25:19,907 | INFO  | SCMAudit | user=jenkins1000 | ip=192.168.34.57 | op=SEND_HEARTBEAT {datanodeUUID=3a14c1ba-d90f-4e55-9b74-34a12c0cf08b, command=[]} | ret=SUCCESS |  
2019-08-24 00:25:19,927 | INFO  | SCMAudit | user=jenkins1000 | ip=192.168.34.57 | op=SEND_HEARTBEAT {datanodeUUID=5da42abd-867e-47ba-b805-7d971175ab74, command=[]} | ret=SUCCESS |  
2019-08-24 00:25:20,158 | INFO  | SCMAudit | user=jenkins1000 | ip=192.168.34.57 | op=SEND_HEARTBEAT {datanodeUUID=a2fab492-56f3-43b8-af5f-239f4e38d11d, command=[]} | ret=SUCCESS |  
2019-08-24 00:25:20,370 | INFO  | SCMAudit | user=jenkins1000 | ip=192.168.34.57 | op=SEND_HEARTBEAT {datanodeUUID=44c7f39a-9454-4511-9eaf-9b72a4aa6bb9, command=[]} | ret=SUCCESS |  
2019-08-24 00:25:20,537 | INFO  | SCMAudit | user=jenkins1000 | ip=192.168.34.57 | op=SEND_HEARTBEAT {datanodeUUID=6f3ac5a3-43f3-4ed6-928d-1c9df2f8e2aa, command=[]} | ret=SUCCESS |  
2019-08-24 00:25:20,877 | INFO  | SCMAudit | user=jenkins1000 | ip=192.168.34.57 | op=SEND_HEARTBEAT {datanodeUUID=9b1b75a9-c857-4b9a-9bce-dd664e78af57, command=[]} | ret=SUCCESS |  
2019-08-24 00:25:20,886 | INFO  | SCMAudit | user=jenkins1000 | ip=192.168.34.57 | op=SEND_HEARTBEAT {datanodeUUID=4d1e0fe6-60fd-4907-9842-f352edb6fbc8, command=[]} | ret=SUCCESS |  
2019-08-24 00:25:20,908 | INFO  | SCMAudit | user=jenkins1000 | ip=192.168.34.57 | op=SEND_HEARTBEAT {datanodeUUID=3a14c1ba-d90f-4e55-9b74-34a12c0cf08b, command=[]} | ret=SUCCESS |  
2019-08-24 00:25:20,927 | INFO  | SCMAudit | user=jenkins1000 | ip=192.168.34.57 | op=SEND_HEARTBEAT {datanodeUUID=5da42abd-867e-47ba-b805-7d971175ab74, command=[]} | ret=SUCCESS |  
2019-08-24 00:25:21,158 | INFO  | SCMAudit | user=jenkins1000 | ip=192.168.34.57 | op=SEND_HEARTBEAT {datanodeUUID=a2fab492-56f3-43b8-af5f-239f4e38d11d, command=[]} | ret=SUCCESS |  
2019-08-24 00:25:21,370 | INFO  | SCMAudit | user=jenkins1000 | ip=192.168.34.57 | op=SEND_HEARTBEAT {datanodeUUID=44c7f39a-9454-4511-9eaf-9b72a4aa6bb9, command=[]} | ret=SUCCESS |  
2019-08-24 00:25:21,536 | INFO  | SCMAudit | user=jenkins1000 | ip=192.168.34.57 | op=SEND_HEARTBEAT {datanodeUUID=6f3ac5a3-43f3-4ed6-928d-1c9df2f8e2aa, command=[]} | ret=SUCCESS |  
2019-08-24 00:25:21,877 | INFO  | SCMAudit | user=jenkins1000 | ip=192.168.34.57 | op=SEND_HEARTBEAT {datanodeUUID=9b1b75a9-c857-4b9a-9bce-dd664e78af57, command=[]} | ret=SUCCESS |  
2019-08-24 00:25:21,886 | INFO  | SCMAudit | user=jenkins1000 | ip=192.168.34.57 | op=SEND_HEARTBEAT {datanodeUUID=4d1e0fe6-60fd-4907-9842-f352edb6fbc8, command=[]} | ret=SUCCESS |  
2019-08-24 00:25:21,907 | INFO  | SCMAudit | user=jenkins1000 | ip=192.168.34.57 | op=SEND_HEARTBEAT {datanodeUUID=3a14c1ba-d90f-4e55-9b74-34a12c0cf08b, command=[]} | ret=SUCCESS |  
2019-08-24 00:25:21,927 | INFO  | SCMAudit | user=jenkins1000 | ip=192.168.34.57 | op=SEND_HEARTBEAT {datanodeUUID=5da42abd-867e-47ba-b805-7d971175ab74, command=[]} | ret=SUCCESS |  
2019-08-24 00:25:22,158 | INFO  | SCMAudit | user=jenkins1000 | ip=192.168.34.57 | op=SEND_HEARTBEAT {datanodeUUID=a2fab492-56f3-43b8-af5f-239f4e38d11d, command=[]} | ret=SUCCESS |  
2019-08-24 00:25:22,369 | INFO  | SCMAudit | user=jenkins1000 | ip=192.168.34.57 | op=SEND_HEARTBEAT {datanodeUUID=44c7f39a-9454-4511-9eaf-9b72a4aa6bb9, command=[]} | ret=SUCCESS |  
2019-08-24 00:25:22,508 [grpc-default-executor-7] INFO  client.GrpcClientProtocolClient (GrpcClientProtocolClient.java:onNext(255)) - client-090605BECF39->9b1b75a9-c857-4b9a-9bce-dd664e78af57: receive RaftClientReply:client-090605BECF39->9b1b75a9-c857-4b9a-9bce-dd664e78af57@group-7922B4F3146A, cid=45, FAILED org.apache.ratis.protocol.NotLeaderException: Server 9b1b75a9-c857-4b9a-9bce-dd664e78af57 is not the leader (4d1e0fe6-60fd-4907-9842-f352edb6fbc8:192.168.34.57:43840). Request must be sent to leader., logIndex=0, commits[9b1b75a9-c857-4b9a-9bce-dd664e78af57:c8, 3a14c1ba-d90f-4e55-9b74-34a12c0cf08b:c8, 4d1e0fe6-60fd-4907-9842-f352edb6fbc8:c8]
2019-08-24 00:25:22,537 | INFO  | SCMAudit | user=jenkins1000 | ip=192.168.34.57 | op=SEND_HEARTBEAT {datanodeUUID=6f3ac5a3-43f3-4ed6-928d-1c9df2f8e2aa, command=[]} | ret=SUCCESS |  
2019-08-24 00:25:22,877 | INFO  | SCMAudit | user=jenkins1000 | ip=192.168.34.57 | op=SEND_HEARTBEAT {datanodeUUID=9b1b75a9-c857-4b9a-9bce-dd664e78af57, command=[]} | ret=SUCCESS |  
2019-08-24 00:25:22,887 | INFO  | SCMAudit | user=jenkins1000 | ip=192.168.34.57 | op=SEND_HEARTBEAT {datanodeUUID=4d1e0fe6-60fd-4907-9842-f352edb6fbc8, command=[]} | ret=SUCCESS |  
2019-08-24 00:25:22,907 | INFO  | SCMAudit | user=jenkins1000 | ip=192.168.34.57 | op=SEND_HEARTBEAT {datanodeUUID=3a14c1ba-d90f-4e55-9b74-34a12c0cf08b, command=[]} | ret=SUCCESS |  
2019-08-24 00:25:22,927 | INFO  | SCMAudit | user=jenkins1000 | ip=192.168.34.57 | op=SEND_HEARTBEAT {datanodeUUID=5da42abd-867e-47ba-b805-7d971175ab74, command=[]} | ret=SUCCESS |  
2019-08-24 00:25:23,159 | INFO  | SCMAudit | user=jenkins1000 | ip=192.168.34.57 | op=SEND_HEARTBEAT {datanodeUUID=a2fab492-56f3-43b8-af5f-239f4e38d11d, command=[]} | ret=SUCCESS |  
2019-08-24 00:25:23,370 | INFO  | SCMAudit | user=jenkins1000 | ip=192.168.34.57 | op=SEND_HEARTBEAT {datanodeUUID=44c7f39a-9454-4511-9eaf-9b72a4aa6bb9, command=[]} | ret=SUCCESS |  
2019-08-24 00:25:23,537 | INFO  | SCMAudit | user=jenkins1000 | ip=192.168.34.57 | op=SEND_HEARTBEAT {datanodeUUID=6f3ac5a3-43f3-4ed6-928d-1c9df2f8e2aa, command=[]} | ret=SUCCESS |  
2019-08-24 00:25:23,878 | INFO  | SCMAudit | user=jenkins1000 | ip=192.168.34.57 | op=SEND_HEARTBEAT {datanodeUUID=9b1b75a9-c857-4b9a-9bce-dd664e78af57, command=[]} | ret=SUCCESS |  
2019-08-24 00:25:23,886 | INFO  | SCMAudit | user=jenkins1000 | ip=192.168.34.57 | op=SEND_HEARTBEAT {datanodeUUID=4d1e0fe6-60fd-4907-9842-f352edb6fbc8, command=[]} | ret=SUCCESS |  
2019-08-24 00:25:23,907 | INFO  | SCMAudit | user=jenkins1000 | ip=192.168.34.57 | op=SEND_HEARTBEAT {datanodeUUID=3a14c1ba-d90f-4e55-9b74-34a12c0cf08b, command=[]} | ret=SUCCESS |  
2019-08-24 00:25:23,927 | INFO  | SCMAudit | user=jenkins1000 | ip=192.168.34.57 | op=SEND_HEARTBEAT {datanodeUUID=5da42abd-867e-47ba-b805-7d971175ab74, command=[]} | ret=SUCCESS |  
2019-08-24 00:25:24,158 | INFO  | SCMAudit | user=jenkins1000 | ip=192.168.34.57 | op=SEND_HEARTBEAT {datanodeUUID=a2fab492-56f3-43b8-af5f-239f4e38d11d, command=[]} | ret=SUCCESS |  
2019-08-24 00:25:24,370 | INFO  | SCMAudit | user=jenkins1000 | ip=192.168.34.57 | op=SEND_HEARTBEAT {datanodeUUID=44c7f39a-9454-4511-9eaf-9b72a4aa6bb9, command=[]} | ret=SUCCESS |  
2019-08-24 00:25:24,538 | INFO  | SCMAudit | user=jenkins1000 | ip=192.168.34.57 | op=SEND_HEARTBEAT {datanodeUUID=6f3ac5a3-43f3-4ed6-928d-1c9df2f8e2aa, command=[]} | ret=SUCCESS |  
2019-08-24 00:25:24,878 | INFO  | SCMAudit | user=jenkins1000 | ip=192.168.34.57 | op=SEND_HEARTBEAT {datanodeUUID=9b1b75a9-c857-4b9a-9bce-dd664e78af57, command=[]} | ret=SUCCESS |  
2019-08-24 00:25:24,887 | INFO  | SCMAudit | user=jenkins1000 | ip=192.168.34.57 | op=SEND_HEARTBEAT {datanodeUUID=4d1e0fe6-60fd-4907-9842-f352edb6fbc8, command=[]} | ret=SUCCESS |  
2019-08-24 00:25:24,908 | INFO  | SCMAudit | user=jenkins1000 | ip=192.168.34.57 | op=SEND_HEARTBEAT {datanodeUUID=3a14c1ba-d90f-4e55-9b74-34a12c0cf08b, command=[]} | ret=SUCCESS |  
2019-08-24 00:25:24,927 | INFO  | SCMAudit | user=jenkins1000 | ip=192.168.34.57 | op=SEND_HEARTBEAT {datanodeUUID=5da42abd-867e-47ba-b805-7d971175ab74, command=[]} | ret=SUCCESS |  
2019-08-24 00:25:25,159 | INFO  | SCMAudit | user=jenkins1000 | ip=192.168.34.57 | op=SEND_HEARTBEAT {datanodeUUID=a2fab492-56f3-43b8-af5f-239f4e38d11d, command=[]} | ret=SUCCESS |  
2019-08-24 00:25:25,371 | INFO  | SCMAudit | user=jenkins1000 | ip=192.168.34.57 | op=SEND_HEARTBEAT {datanodeUUID=44c7f39a-9454-4511-9eaf-9b72a4aa6bb9, command=[]} | ret=SUCCESS |  
2019-08-24 00:25:25,538 | INFO  | SCMAudit | user=jenkins1000 | ip=192.168.34.57 | op=SEND_HEARTBEAT {datanodeUUID=6f3ac5a3-43f3-4ed6-928d-1c9df2f8e2aa, command=[]} | ret=SUCCESS |  
2019-08-24 00:25:25,877 | INFO  | SCMAudit | user=jenkins1000 | ip=192.168.34.57 | op=SEND_HEARTBEAT {datanodeUUID=9b1b75a9-c857-4b9a-9bce-dd664e78af57, command=[]} | ret=SUCCESS |  
2019-08-24 00:25:25,887 | INFO  | SCMAudit | user=jenkins1000 | ip=192.168.34.57 | op=SEND_HEARTBEAT {datanodeUUID=4d1e0fe6-60fd-4907-9842-f352edb6fbc8, command=[]} | ret=SUCCESS |  
2019-08-24 00:25:25,907 | INFO  | SCMAudit | user=jenkins1000 | ip=192.168.34.57 | op=SEND_HEARTBEAT {datanodeUUID=3a14c1ba-d90f-4e55-9b74-34a12c0cf08b, command=[]} | ret=SUCCESS |  
2019-08-24 00:25:25,926 | INFO  | SCMAudit | user=jenkins1000 | ip=192.168.34.57 | op=SEND_HEARTBEAT {datanodeUUID=5da42abd-867e-47ba-b805-7d971175ab74, command=[]} | ret=SUCCESS |  
2019-08-24 00:25:26,159 | INFO  | SCMAudit | user=jenkins1000 | ip=192.168.34.57 | op=SEND_HEARTBEAT {datanodeUUID=a2fab492-56f3-43b8-af5f-239f4e38d11d, command=[]} | ret=SUCCESS |  
2019-08-24 00:25:26,370 | INFO  | SCMAudit | user=jenkins1000 | ip=192.168.34.57 | op=SEND_HEARTBEAT {datanodeUUID=44c7f39a-9454-4511-9eaf-9b72a4aa6bb9, command=[]} | ret=SUCCESS |  
2019-08-24 00:25:26,538 | INFO  | SCMAudit | user=jenkins1000 | ip=192.168.34.57 | op=SEND_HEARTBEAT {datanodeUUID=6f3ac5a3-43f3-4ed6-928d-1c9df2f8e2aa, command=[]} | ret=SUCCESS |  
2019-08-24 00:25:26,877 | INFO  | SCMAudit | user=jenkins1000 | ip=192.168.34.57 | op=SEND_HEARTBEAT {datanodeUUID=9b1b75a9-c857-4b9a-9bce-dd664e78af57, command=[]} | ret=SUCCESS |  
2019-08-24 00:25:26,887 | INFO  | SCMAudit | user=jenkins1000 | ip=192.168.34.57 | op=SEND_HEARTBEAT {datanodeUUID=4d1e0fe6-60fd-4907-9842-f352edb6fbc8, command=[]} | ret=SUCCESS |  
2019-08-24 00:25:26,908 | INFO  | SCMAudit | user=jenkins1000 | ip=192.168.34.57 | op=SEND_HEARTBEAT {datanodeUUID=3a14c1ba-d90f-4e55-9b74-34a12c0cf08b, command=[]} | ret=SUCCESS |  
2019-08-24 00:25:26,927 | INFO  | SCMAudit | user=jenkins1000 | ip=192.168.34.57 | op=SEND_HEARTBEAT {datanodeUUID=5da42abd-867e-47ba-b805-7d971175ab74, command=[]} | ret=SUCCESS |  
2019-08-24 00:25:27,159 | INFO  | SCMAudit | user=jenkins1000 | ip=192.168.34.57 | op=SEND_HEARTBEAT {datanodeUUID=a2fab492-56f3-43b8-af5f-239f4e38d11d, command=[]} | ret=SUCCESS |  
2019-08-24 00:25:27,371 | INFO  | SCMAudit | user=jenkins1000 | ip=192.168.34.57 | op=SEND_HEARTBEAT {datanodeUUID=44c7f39a-9454-4511-9eaf-9b72a4aa6bb9, command=[]} | ret=SUCCESS |  
2019-08-24 00:25:27,538 | INFO  | SCMAudit | user=jenkins1000 | ip=192.168.34.57 | op=SEND_HEARTBEAT {datanodeUUID=6f3ac5a3-43f3-4ed6-928d-1c9df2f8e2aa, command=[]} | ret=SUCCESS |  
2019-08-24 00:25:27,549 [grpc-default-executor-7] INFO  client.GrpcClientProtocolClient (GrpcClientProtocolClient.java:onNext(255)) - client-090605BECF39->3a14c1ba-d90f-4e55-9b74-34a12c0cf08b: receive RaftClientReply:client-090605BECF39->3a14c1ba-d90f-4e55-9b74-34a12c0cf08b@group-7922B4F3146A, cid=45, FAILED org.apache.ratis.protocol.NotLeaderException: Server 3a14c1ba-d90f-4e55-9b74-34a12c0cf08b is not the leader (4d1e0fe6-60fd-4907-9842-f352edb6fbc8:192.168.34.57:43840). Request must be sent to leader., logIndex=0, commits[3a14c1ba-d90f-4e55-9b74-34a12c0cf08b:c8, 9b1b75a9-c857-4b9a-9bce-dd664e78af57:c8, 4d1e0fe6-60fd-4907-9842-f352edb6fbc8:c8]
2019-08-24 00:25:27,878 | INFO  | SCMAudit | user=jenkins1000 | ip=192.168.34.57 | op=SEND_HEARTBEAT {datanodeUUID=9b1b75a9-c857-4b9a-9bce-dd664e78af57, command=[]} | ret=SUCCESS |  
2019-08-24 00:25:27,887 | INFO  | SCMAudit | user=jenkins1000 | ip=192.168.34.57 | op=SEND_HEARTBEAT {datanodeUUID=4d1e0fe6-60fd-4907-9842-f352edb6fbc8, command=[]} | ret=SUCCESS |  
2019-08-24 00:25:27,908 | INFO  | SCMAudit | user=jenkins1000 | ip=192.168.34.57 | op=SEND_HEARTBEAT {datanodeUUID=3a14c1ba-d90f-4e55-9b74-34a12c0cf08b, command=[]} | ret=SUCCESS |  
2019-08-24 00:25:27,928 | INFO  | SCMAudit | user=jenkins1000 | ip=192.168.34.57 | op=SEND_HEARTBEAT {datanodeUUID=5da42abd-867e-47ba-b805-7d971175ab74, command=[]} | ret=SUCCESS |  
2019-08-24 00:25:28,159 | INFO  | SCMAudit | user=jenkins1000 | ip=192.168.34.57 | op=SEND_HEARTBEAT {datanodeUUID=a2fab492-56f3-43b8-af5f-239f4e38d11d, command=[]} | ret=SUCCESS |  
2019-08-24 00:25:28,370 | INFO  | SCMAudit | user=jenkins1000 | ip=192.168.34.57 | op=SEND_HEARTBEAT {datanodeUUID=44c7f39a-9454-4511-9eaf-9b72a4aa6bb9, command=[]} | ret=SUCCESS |  
2019-08-24 00:25:28,539 | INFO  | SCMAudit | user=jenkins1000 | ip=192.168.34.57 | op=SEND_HEARTBEAT {datanodeUUID=6f3ac5a3-43f3-4ed6-928d-1c9df2f8e2aa, command=[]} | ret=SUCCESS |  
2019-08-24 00:25:28,877 | INFO  | SCMAudit | user=jenkins1000 | ip=192.168.34.57 | op=SEND_HEARTBEAT {datanodeUUID=9b1b75a9-c857-4b9a-9bce-dd664e78af57, command=[]} | ret=SUCCESS |  
2019-08-24 00:25:28,887 | INFO  | SCMAudit | user=jenkins1000 | ip=192.168.34.57 | op=SEND_HEARTBEAT {datanodeUUID=4d1e0fe6-60fd-4907-9842-f352edb6fbc8, command=[]} | ret=SUCCESS |  
2019-08-24 00:25:28,908 | INFO  | SCMAudit | user=jenkins1000 | ip=192.168.34.57 | op=SEND_HEARTBEAT {datanodeUUID=3a14c1ba-d90f-4e55-9b74-34a12c0cf08b, command=[]} | ret=SUCCESS |  
2019-08-24 00:25:28,928 | INFO  | SCMAudit | user=jenkins1000 | ip=192.168.34.57 | op=SEND_HEARTBEAT {datanodeUUID=5da42abd-867e-47ba-b805-7d971175ab74, command=[]} | ret=SUCCESS |  
2019-08-24 00:25:29,160 | INFO  | SCMAudit | user=jenkins1000 | ip=192.168.34.57 | op=SEND_HEARTBEAT {datanodeUUID=a2fab492-56f3-43b8-af5f-239f4e38d11d, command=[]} | ret=SUCCESS |  
2019-08-24 00:25:29,370 | INFO  | SCMAudit | user=jenkins1000 | ip=192.168.34.57 | op=SEND_HEARTBEAT {datanodeUUID=44c7f39a-9454-4511-9eaf-9b72a4aa6bb9, command=[]} | ret=SUCCESS |  
2019-08-24 00:25:29,538 | INFO  | SCMAudit | user=jenkins1000 | ip=192.168.34.57 | op=SEND_HEARTBEAT {datanodeUUID=6f3ac5a3-43f3-4ed6-928d-1c9df2f8e2aa, command=[]} | ret=SUCCESS |  
2019-08-24 00:25:29,878 | INFO  | SCMAudit | user=jenkins1000 | ip=192.168.34.57 | op=SEND_HEARTBEAT {datanodeUUID=9b1b75a9-c857-4b9a-9bce-dd664e78af57, command=[]} | ret=SUCCESS |  
2019-08-24 00:25:29,887 | INFO  | SCMAudit | user=jenkins1000 | ip=192.168.34.57 | op=SEND_HEARTBEAT {datanodeUUID=4d1e0fe6-60fd-4907-9842-f352edb6fbc8, command=[]} | ret=SUCCESS |  
2019-08-24 00:25:29,907 | INFO  | SCMAudit | user=jenkins1000 | ip=192.168.34.57 | op=SEND_HEARTBEAT {datanodeUUID=3a14c1ba-d90f-4e55-9b74-34a12c0cf08b, command=[]} | ret=SUCCESS |  
2019-08-24 00:25:29,928 | INFO  | SCMAudit | user=jenkins1000 | ip=192.168.34.57 | op=SEND_HEARTBEAT {datanodeUUID=5da42abd-867e-47ba-b805-7d971175ab74, command=[]} | ret=SUCCESS |  
2019-08-24 00:25:30,159 | INFO  | SCMAudit | user=jenkins1000 | ip=192.168.34.57 | op=SEND_HEARTBEAT {datanodeUUID=a2fab492-56f3-43b8-af5f-239f4e38d11d, command=[]} | ret=SUCCESS |  
2019-08-24 00:25:30,370 | INFO  | SCMAudit | user=jenkins1000 | ip=192.168.34.57 | op=SEND_HEARTBEAT {datanodeUUID=44c7f39a-9454-4511-9eaf-9b72a4aa6bb9, command=[]} | ret=SUCCESS |  
2019-08-24 00:25:30,538 | INFO  | SCMAudit | user=jenkins1000 | ip=192.168.34.57 | op=SEND_HEARTBEAT {datanodeUUID=6f3ac5a3-43f3-4ed6-928d-1c9df2f8e2aa, command=[]} | ret=SUCCESS |  
2019-08-24 00:25:30,878 | INFO  | SCMAudit | user=jenkins1000 | ip=192.168.34.57 | op=SEND_HEARTBEAT {datanodeUUID=9b1b75a9-c857-4b9a-9bce-dd664e78af57, command=[]} | ret=SUCCESS |  
2019-08-24 00:25:30,887 | INFO  | SCMAudit | user=jenkins1000 | ip=192.168.34.57 | op=SEND_HEARTBEAT {datanodeUUID=4d1e0fe6-60fd-4907-9842-f352edb6fbc8, command=[]} | ret=SUCCESS |  
2019-08-24 00:25:30,908 | INFO  | SCMAudit | user=jenkins1000 | ip=192.168.34.57 | op=SEND_HEARTBEAT {datanodeUUID=3a14c1ba-d90f-4e55-9b74-34a12c0cf08b, command=[]} | ret=SUCCESS |  
2019-08-24 00:25:30,929 | INFO  | SCMAudit | user=jenkins1000 | ip=192.168.34.57 | op=SEND_HEARTBEAT {datanodeUUID=5da42abd-867e-47ba-b805-7d971175ab74, command=[]} | ret=SUCCESS |  
2019-08-24 00:25:30,937 [ReplicationMonitor] INFO  container.ReplicationManager (ReplicationManager.java:run(215)) - Replication Monitor Thread took 0 milliseconds for processing 3 containers.
2019-08-24 00:25:31,160 | INFO  | SCMAudit | user=jenkins1000 | ip=192.168.34.57 | op=SEND_HEARTBEAT {datanodeUUID=a2fab492-56f3-43b8-af5f-239f4e38d11d, command=[]} | ret=SUCCESS |  
2019-08-24 00:25:31,370 | INFO  | SCMAudit | user=jenkins1000 | ip=192.168.34.57 | op=SEND_HEARTBEAT {datanodeUUID=44c7f39a-9454-4511-9eaf-9b72a4aa6bb9, command=[]} | ret=SUCCESS |  
2019-08-24 00:25:31,538 | INFO  | SCMAudit | user=jenkins1000 | ip=192.168.34.57 | op=SEND_HEARTBEAT {datanodeUUID=6f3ac5a3-43f3-4ed6-928d-1c9df2f8e2aa, command=[]} | ret=SUCCESS |  
2019-08-24 00:25:31,879 | INFO  | SCMAudit | user=jenkins1000 | ip=192.168.34.57 | op=SEND_HEARTBEAT {datanodeUUID=9b1b75a9-c857-4b9a-9bce-dd664e78af57, command=[]} | ret=SUCCESS |  
2019-08-24 00:25:31,887 | INFO  | SCMAudit | user=jenkins1000 | ip=192.168.34.57 | op=SEND_HEARTBEAT {datanodeUUID=4d1e0fe6-60fd-4907-9842-f352edb6fbc8, command=[]} | ret=SUCCESS |  
2019-08-24 00:25:31,908 | INFO  | SCMAudit | user=jenkins1000 | ip=192.168.34.57 | op=SEND_HEARTBEAT {datanodeUUID=3a14c1ba-d90f-4e55-9b74-34a12c0cf08b, command=[]} | ret=SUCCESS |  
2019-08-24 00:25:31,929 | INFO  | SCMAudit | user=jenkins1000 | ip=192.168.34.57 | op=SEND_HEARTBEAT {datanodeUUID=5da42abd-867e-47ba-b805-7d971175ab74, command=[]} | ret=SUCCESS |  
2019-08-24 00:25:32,159 | INFO  | SCMAudit | user=jenkins1000 | ip=192.168.34.57 | op=SEND_HEARTBEAT {datanodeUUID=a2fab492-56f3-43b8-af5f-239f4e38d11d, command=[]} | ret=SUCCESS |  
2019-08-24 00:25:32,371 | INFO  | SCMAudit | user=jenkins1000 | ip=192.168.34.57 | op=SEND_HEARTBEAT {datanodeUUID=44c7f39a-9454-4511-9eaf-9b72a4aa6bb9, command=[]} | ret=SUCCESS |  
2019-08-24 00:25:32,539 | INFO  | SCMAudit | user=jenkins1000 | ip=192.168.34.57 | op=SEND_HEARTBEAT {datanodeUUID=6f3ac5a3-43f3-4ed6-928d-1c9df2f8e2aa, command=[]} | ret=SUCCESS |  
2019-08-24 00:25:32,587 [grpc-default-executor-6] INFO  client.GrpcClientProtocolClient (GrpcClientProtocolClient.java:onNext(255)) - client-090605BECF39->9b1b75a9-c857-4b9a-9bce-dd664e78af57: receive RaftClientReply:client-090605BECF39->9b1b75a9-c857-4b9a-9bce-dd664e78af57@group-7922B4F3146A, cid=45, FAILED org.apache.ratis.protocol.NotLeaderException: Server 9b1b75a9-c857-4b9a-9bce-dd664e78af57 is not the leader (4d1e0fe6-60fd-4907-9842-f352edb6fbc8:192.168.34.57:43840). Request must be sent to leader., logIndex=0, commits[9b1b75a9-c857-4b9a-9bce-dd664e78af57:c8, 3a14c1ba-d90f-4e55-9b74-34a12c0cf08b:c8, 4d1e0fe6-60fd-4907-9842-f352edb6fbc8:c8]
2019-08-24 00:25:32,880 | INFO  | SCMAudit | user=jenkins1000 | ip=192.168.34.57 | op=SEND_HEARTBEAT {datanodeUUID=9b1b75a9-c857-4b9a-9bce-dd664e78af57, command=[]} | ret=SUCCESS |  
2019-08-24 00:25:32,887 | INFO  | SCMAudit | user=jenkins1000 | ip=192.168.34.57 | op=SEND_HEARTBEAT {datanodeUUID=4d1e0fe6-60fd-4907-9842-f352edb6fbc8, command=[]} | ret=SUCCESS |  
2019-08-24 00:25:32,907 | INFO  | SCMAudit | user=jenkins1000 | ip=192.168.34.57 | op=SEND_HEARTBEAT {datanodeUUID=3a14c1ba-d90f-4e55-9b74-34a12c0cf08b, command=[]} | ret=SUCCESS |  
2019-08-24 00:25:32,929 | INFO  | SCMAudit | user=jenkins1000 | ip=192.168.34.57 | op=SEND_HEARTBEAT {datanodeUUID=5da42abd-867e-47ba-b805-7d971175ab74, command=[]} | ret=SUCCESS |  
2019-08-24 00:25:33,160 | INFO  | SCMAudit | user=jenkins1000 | ip=192.168.34.57 | op=SEND_HEARTBEAT {datanodeUUID=a2fab492-56f3-43b8-af5f-239f4e38d11d, command=[]} | ret=SUCCESS |  
2019-08-24 00:25:33,371 | INFO  | SCMAudit | user=jenkins1000 | ip=192.168.34.57 | op=SEND_HEARTBEAT {datanodeUUID=44c7f39a-9454-4511-9eaf-9b72a4aa6bb9, command=[]} | ret=SUCCESS |  
2019-08-24 00:25:33,538 | INFO  | SCMAudit | user=jenkins1000 | ip=192.168.34.57 | op=SEND_HEARTBEAT {datanodeUUID=6f3ac5a3-43f3-4ed6-928d-1c9df2f8e2aa, command=[]} | ret=SUCCESS |  
2019-08-24 00:25:33,880 | INFO  | SCMAudit | user=jenkins1000 | ip=192.168.34.57 | op=SEND_HEARTBEAT {datanodeUUID=9b1b75a9-c857-4b9a-9bce-dd664e78af57, command=[]} | ret=SUCCESS |  
2019-08-24 00:25:33,887 | INFO  | SCMAudit | user=jenkins1000 | ip=192.168.34.57 | op=SEND_HEARTBEAT {datanodeUUID=4d1e0fe6-60fd-4907-9842-f352edb6fbc8, command=[]} | ret=SUCCESS |  
2019-08-24 00:25:33,907 | INFO  | SCMAudit | user=jenkins1000 | ip=192.168.34.57 | op=SEND_HEARTBEAT {datanodeUUID=3a14c1ba-d90f-4e55-9b74-34a12c0cf08b, command=[]} | ret=SUCCESS |  
2019-08-24 00:25:33,929 | INFO  | SCMAudit | user=jenkins1000 | ip=192.168.34.57 | op=SEND_HEARTBEAT {datanodeUUID=5da42abd-867e-47ba-b805-7d971175ab74, command=[]} | ret=SUCCESS |  
2019-08-24 00:25:34,160 | INFO  | SCMAudit | user=jenkins1000 | ip=192.168.34.57 | op=SEND_HEARTBEAT {datanodeUUID=a2fab492-56f3-43b8-af5f-239f4e38d11d, command=[]} | ret=SUCCESS |  
2019-08-24 00:25:34,371 | INFO  | SCMAudit | user=jenkins1000 | ip=192.168.34.57 | op=SEND_HEARTBEAT {datanodeUUID=44c7f39a-9454-4511-9eaf-9b72a4aa6bb9, command=[]} | ret=SUCCESS |  
2019-08-24 00:25:34,539 | INFO  | SCMAudit | user=jenkins1000 | ip=192.168.34.57 | op=SEND_HEARTBEAT {datanodeUUID=6f3ac5a3-43f3-4ed6-928d-1c9df2f8e2aa, command=[]} | ret=SUCCESS |  
2019-08-24 00:25:34,880 | INFO  | SCMAudit | user=jenkins1000 | ip=192.168.34.57 | op=SEND_HEARTBEAT {datanodeUUID=9b1b75a9-c857-4b9a-9bce-dd664e78af57, command=[]} | ret=SUCCESS |  
2019-08-24 00:25:34,888 | INFO  | SCMAudit | user=jenkins1000 | ip=192.168.34.57 | op=SEND_HEARTBEAT {datanodeUUID=4d1e0fe6-60fd-4907-9842-f352edb6fbc8, command=[]} | ret=SUCCESS |  
2019-08-24 00:25:34,907 | INFO  | SCMAudit | user=jenkins1000 | ip=192.168.34.57 | op=SEND_HEARTBEAT {datanodeUUID=3a14c1ba-d90f-4e55-9b74-34a12c0cf08b, command=[]} | ret=SUCCESS |  
2019-08-24 00:25:34,929 | INFO  | SCMAudit | user=jenkins1000 | ip=192.168.34.57 | op=SEND_HEARTBEAT {datanodeUUID=5da42abd-867e-47ba-b805-7d971175ab74, command=[]} | ret=SUCCESS |  
2019-08-24 00:25:35,160 | INFO  | SCMAudit | user=jenkins1000 | ip=192.168.34.57 | op=SEND_HEARTBEAT {datanodeUUID=a2fab492-56f3-43b8-af5f-239f4e38d11d, command=[]} | ret=SUCCESS |  
2019-08-24 00:25:35,370 | INFO  | SCMAudit | user=jenkins1000 | ip=192.168.34.57 | op=SEND_HEARTBEAT {datanodeUUID=44c7f39a-9454-4511-9eaf-9b72a4aa6bb9, command=[]} | ret=SUCCESS |  
2019-08-24 00:25:35,539 | INFO  | SCMAudit | user=jenkins1000 | ip=192.168.34.57 | op=SEND_HEARTBEAT {datanodeUUID=6f3ac5a3-43f3-4ed6-928d-1c9df2f8e2aa, command=[]} | ret=SUCCESS |  
2019-08-24 00:25:35,881 | INFO  | SCMAudit | user=jenkins1000 | ip=192.168.34.57 | op=SEND_HEARTBEAT {datanodeUUID=9b1b75a9-c857-4b9a-9bce-dd664e78af57, command=[]} | ret=SUCCESS |  
2019-08-24 00:25:35,888 | INFO  | SCMAudit | user=jenkins1000 | ip=192.168.34.57 | op=SEND_HEARTBEAT {datanodeUUID=4d1e0fe6-60fd-4907-9842-f352edb6fbc8, command=[]} | ret=SUCCESS |  
2019-08-24 00:25:35,908 | INFO  | SCMAudit | user=jenkins1000 | ip=192.168.34.57 | op=SEND_HEARTBEAT {datanodeUUID=3a14c1ba-d90f-4e55-9b74-34a12c0cf08b, command=[]} | ret=SUCCESS |  
2019-08-24 00:25:35,930 | INFO  | SCMAudit | user=jenkins1000 | ip=192.168.34.57 | op=SEND_HEARTBEAT {datanodeUUID=5da42abd-867e-47ba-b805-7d971175ab74, command=[]} | ret=SUCCESS |  
2019-08-24 00:25:36,161 | INFO  | SCMAudit | user=jenkins1000 | ip=192.168.34.57 | op=SEND_HEARTBEAT {datanodeUUID=a2fab492-56f3-43b8-af5f-239f4e38d11d, command=[]} | ret=SUCCESS |  
2019-08-24 00:25:36,371 | INFO  | SCMAudit | user=jenkins1000 | ip=192.168.34.57 | op=SEND_HEARTBEAT {datanodeUUID=44c7f39a-9454-4511-9eaf-9b72a4aa6bb9, command=[]} | ret=SUCCESS |  
2019-08-24 00:25:36,540 | INFO  | SCMAudit | user=jenkins1000 | ip=192.168.34.57 | op=SEND_HEARTBEAT {datanodeUUID=6f3ac5a3-43f3-4ed6-928d-1c9df2f8e2aa, command=[]} | ret=SUCCESS |  
2019-08-24 00:25:36,880 | INFO  | SCMAudit | user=jenkins1000 | ip=192.168.34.57 | op=SEND_HEARTBEAT {datanodeUUID=9b1b75a9-c857-4b9a-9bce-dd664e78af57, command=[]} | ret=SUCCESS |  
2019-08-24 00:25:36,887 | INFO  | SCMAudit | user=jenkins1000 | ip=192.168.34.57 | op=SEND_HEARTBEAT {datanodeUUID=4d1e0fe6-60fd-4907-9842-f352edb6fbc8, command=[]} | ret=SUCCESS |  
2019-08-24 00:25:36,908 | INFO  | SCMAudit | user=jenkins1000 | ip=192.168.34.57 | op=SEND_HEARTBEAT {datanodeUUID=3a14c1ba-d90f-4e55-9b74-34a12c0cf08b, command=[]} | ret=SUCCESS |  
2019-08-24 00:25:36,930 | INFO  | SCMAudit | user=jenkins1000 | ip=192.168.34.57 | op=SEND_HEARTBEAT {datanodeUUID=5da42abd-867e-47ba-b805-7d971175ab74, command=[]} | ret=SUCCESS |  
2019-08-24 00:25:37,160 | INFO  | SCMAudit | user=jenkins1000 | ip=192.168.34.57 | op=SEND_HEARTBEAT {datanodeUUID=a2fab492-56f3-43b8-af5f-239f4e38d11d, command=[]} | ret=SUCCESS |  
2019-08-24 00:25:37,370 | INFO  | SCMAudit | user=jenkins1000 | ip=192.168.34.57 | op=SEND_HEARTBEAT {datanodeUUID=44c7f39a-9454-4511-9eaf-9b72a4aa6bb9, command=[]} | ret=SUCCESS |  
2019-08-24 00:25:37,540 | INFO  | SCMAudit | user=jenkins1000 | ip=192.168.34.57 | op=SEND_HEARTBEAT {datanodeUUID=6f3ac5a3-43f3-4ed6-928d-1c9df2f8e2aa, command=[]} | ret=SUCCESS |  
2019-08-24 00:25:37,632 [grpc-default-executor-7] INFO  client.GrpcClientProtocolClient (GrpcClientProtocolClient.java:onNext(255)) - client-090605BECF39->9b1b75a9-c857-4b9a-9bce-dd664e78af57: receive RaftClientReply:client-090605BECF39->9b1b75a9-c857-4b9a-9bce-dd664e78af57@group-7922B4F3146A, cid=45, FAILED org.apache.ratis.protocol.NotLeaderException: Server 9b1b75a9-c857-4b9a-9bce-dd664e78af57 is not the leader (4d1e0fe6-60fd-4907-9842-f352edb6fbc8:192.168.34.57:43840). Request must be sent to leader., logIndex=0, commits[9b1b75a9-c857-4b9a-9bce-dd664e78af57:c8, 3a14c1ba-d90f-4e55-9b74-34a12c0cf08b:c8, 4d1e0fe6-60fd-4907-9842-f352edb6fbc8:c8]
2019-08-24 00:25:37,647 [main] INFO  ozone.MiniOzoneClusterImpl (MiniOzoneClusterImpl.java:shutdown(321)) - Shutting down the Mini Ozone Cluster
2019-08-24 00:25:37,648 | INFO  | SCMAudit | user=null | ip=null | op=GET_SCM_INFO null | ret=SUCCESS |  
2019-08-24 00:25:37,648 [main] INFO  ozone.MiniOzoneClusterImpl (MiniOzoneClusterImpl.java:stop(336)) - Stopping the Mini Ozone Cluster
2019-08-24 00:25:37,648 [main] INFO  ozone.MiniOzoneClusterImpl (MiniOzoneClusterImpl.java:stop(338)) - Stopping the OzoneManager
2019-08-24 00:25:37,648 [main] INFO  ipc.Server (Server.java:stop(3082)) - Stopping server on 38204
2019-08-24 00:25:37,668 [IPC Server listener on 38204] INFO  ipc.Server (Server.java:run(1185)) - Stopping IPC Server listener on 38204
2019-08-24 00:25:37,673 [main] INFO  ratis.OzoneManagerDoubleBuffer (OzoneManagerDoubleBuffer.java:stop(248)) - Stopping OMDoubleBuffer flush thread
2019-08-24 00:25:37,676 [IPC Server Responder] INFO  ipc.Server (Server.java:run(1319)) - Stopping IPC Server Responder
2019-08-24 00:25:37,692 [OMDoubleBufferFlushThread] INFO  ratis.OzoneManagerDoubleBuffer (OzoneManagerDoubleBuffer.java:flushTransactions(191)) - OMDoubleBuffer flush thread OMDoubleBufferFlushThread is interrupted and will exit. OMDoubleBufferFlushThread
2019-08-24 00:25:37,693 [main] INFO  utils.BackgroundService (BackgroundService.java:shutdown(148)) - Shutting down service KeyDeletingService
2019-08-24 00:25:37,695 [main] INFO  handler.ContextHandler (ContextHandler.java:doStop(910)) - Stopped o.e.j.w.WebAppContext@a1e912f{/,null,UNAVAILABLE}{/ozoneManager}
2019-08-24 00:25:37,695 [main] INFO  server.AbstractConnector (AbstractConnector.java:doStop(318)) - Stopped ServerConnector@2036f83{HTTP/1.1,[http/1.1]}{0.0.0.0:0}
2019-08-24 00:25:37,696 [main] INFO  handler.ContextHandler (ContextHandler.java:doStop(910)) - Stopped o.e.j.s.ServletContextHandler@601f264d{/static,file:///workdir/hadoop-ozone/integration-test/target/test-classes/webapps/static,UNAVAILABLE}
2019-08-24 00:25:37,696 [main] INFO  handler.ContextHandler (ContextHandler.java:doStop(910)) - Stopped o.e.j.s.ServletContextHandler@63c99f7{/logs,file:///workdir/hadoop-ozone/integration-test/target/log,UNAVAILABLE}
2019-08-24 00:25:37,700 [main] INFO  ozone.MiniOzoneClusterImpl (MiniOzoneClusterImpl.java:stop(344)) - Shutting the HddsDatanodes
2019-08-24 00:25:37,701 [main] INFO  datanode.ObjectStoreHandler (ObjectStoreHandler.java:close(155)) - Closing ObjectStoreHandler.
2019-08-24 00:25:37,701 [ForkJoinPool.commonPool-worker-1] INFO  datanode.ObjectStoreHandler (ObjectStoreHandler.java:close(155)) - Closing ObjectStoreHandler.
2019-08-24 00:25:37,702 [main] INFO  ozone.HddsDatanodeService (HddsDatanodeService.java:stop(451)) - Stopped plug-in org.apache.hadoop.ozone.web.OzoneHddsDatanodeService@21698e5a
2019-08-24 00:25:37,703 [ForkJoinPool.commonPool-worker-1] INFO  ozone.HddsDatanodeService (HddsDatanodeService.java:stop(451)) - Stopped plug-in org.apache.hadoop.ozone.web.OzoneHddsDatanodeService@1de12397
2019-08-24 00:25:37,880 [Datanode State Machine Thread - 0] INFO  statemachine.DatanodeStateMachine (DatanodeStateMachine.java:lambda$startDaemon$0(350)) - Ozone container server started.
2019-08-24 00:25:37,888 | INFO  | SCMAudit | user=jenkins1000 | ip=192.168.34.57 | op=SEND_HEARTBEAT {datanodeUUID=4d1e0fe6-60fd-4907-9842-f352edb6fbc8, command=[]} | ret=SUCCESS |  
2019-08-24 00:25:37,908 | INFO  | SCMAudit | user=jenkins1000 | ip=192.168.34.57 | op=SEND_HEARTBEAT {datanodeUUID=3a14c1ba-d90f-4e55-9b74-34a12c0cf08b, command=[]} | ret=SUCCESS |  
2019-08-24 00:25:37,929 [Datanode State Machine Thread - 0] INFO  statemachine.DatanodeStateMachine (DatanodeStateMachine.java:lambda$startDaemon$0(350)) - Ozone container server started.
2019-08-24 00:25:38,161 | INFO  | SCMAudit | user=jenkins1000 | ip=192.168.34.57 | op=SEND_HEARTBEAT {datanodeUUID=a2fab492-56f3-43b8-af5f-239f4e38d11d, command=[]} | ret=SUCCESS |  
2019-08-24 00:25:38,371 | INFO  | SCMAudit | user=jenkins1000 | ip=192.168.34.57 | op=SEND_HEARTBEAT {datanodeUUID=44c7f39a-9454-4511-9eaf-9b72a4aa6bb9, command=[]} | ret=SUCCESS |  
2019-08-24 00:25:38,541 | INFO  | SCMAudit | user=jenkins1000 | ip=192.168.34.57 | op=SEND_HEARTBEAT {datanodeUUID=6f3ac5a3-43f3-4ed6-928d-1c9df2f8e2aa, command=[]} | ret=SUCCESS |  
2019-08-24 00:25:38,888 | INFO  | SCMAudit | user=jenkins1000 | ip=192.168.34.57 | op=SEND_HEARTBEAT {datanodeUUID=4d1e0fe6-60fd-4907-9842-f352edb6fbc8, command=[]} | ret=SUCCESS |  
2019-08-24 00:25:38,908 | INFO  | SCMAudit | user=jenkins1000 | ip=192.168.34.57 | op=SEND_HEARTBEAT {datanodeUUID=3a14c1ba-d90f-4e55-9b74-34a12c0cf08b, command=[]} | ret=SUCCESS |  
2019-08-24 00:25:39,160 | INFO  | SCMAudit | user=jenkins1000 | ip=192.168.34.57 | op=SEND_HEARTBEAT {datanodeUUID=a2fab492-56f3-43b8-af5f-239f4e38d11d, command=[]} | ret=SUCCESS |  
2019-08-24 00:25:39,370 | INFO  | SCMAudit | user=jenkins1000 | ip=192.168.34.57 | op=SEND_HEARTBEAT {datanodeUUID=44c7f39a-9454-4511-9eaf-9b72a4aa6bb9, command=[]} | ret=SUCCESS |  
2019-08-24 00:25:39,541 | INFO  | SCMAudit | user=jenkins1000 | ip=192.168.34.57 | op=SEND_HEARTBEAT {datanodeUUID=6f3ac5a3-43f3-4ed6-928d-1c9df2f8e2aa, command=[]} | ret=SUCCESS |  
2019-08-24 00:25:39,889 | INFO  | SCMAudit | user=jenkins1000 | ip=192.168.34.57 | op=SEND_HEARTBEAT {datanodeUUID=4d1e0fe6-60fd-4907-9842-f352edb6fbc8, command=[]} | ret=SUCCESS |  
2019-08-24 00:25:39,908 | INFO  | SCMAudit | user=jenkins1000 | ip=192.168.34.57 | op=SEND_HEARTBEAT {datanodeUUID=3a14c1ba-d90f-4e55-9b74-34a12c0cf08b, command=[]} | ret=SUCCESS |  
2019-08-24 00:25:40,161 | INFO  | SCMAudit | user=jenkins1000 | ip=192.168.34.57 | op=SEND_HEARTBEAT {datanodeUUID=a2fab492-56f3-43b8-af5f-239f4e38d11d, command=[]} | ret=SUCCESS |  
2019-08-24 00:25:40,371 | INFO  | SCMAudit | user=jenkins1000 | ip=192.168.34.57 | op=SEND_HEARTBEAT {datanodeUUID=44c7f39a-9454-4511-9eaf-9b72a4aa6bb9, command=[]} | ret=SUCCESS |  
2019-08-24 00:25:40,541 | INFO  | SCMAudit | user=jenkins1000 | ip=192.168.34.57 | op=SEND_HEARTBEAT {datanodeUUID=6f3ac5a3-43f3-4ed6-928d-1c9df2f8e2aa, command=[]} | ret=SUCCESS |  
2019-08-24 00:25:40,889 | INFO  | SCMAudit | user=jenkins1000 | ip=192.168.34.57 | op=SEND_HEARTBEAT {datanodeUUID=4d1e0fe6-60fd-4907-9842-f352edb6fbc8, command=[]} | ret=SUCCESS |  
2019-08-24 00:25:40,908 | INFO  | SCMAudit | user=jenkins1000 | ip=192.168.34.57 | op=SEND_HEARTBEAT {datanodeUUID=3a14c1ba-d90f-4e55-9b74-34a12c0cf08b, command=[]} | ret=SUCCESS |  
2019-08-24 00:25:41,160 | INFO  | SCMAudit | user=jenkins1000 | ip=192.168.34.57 | op=SEND_HEARTBEAT {datanodeUUID=a2fab492-56f3-43b8-af5f-239f4e38d11d, command=[]} | ret=SUCCESS |  
2019-08-24 00:25:41,370 | INFO  | SCMAudit | user=jenkins1000 | ip=192.168.34.57 | op=SEND_HEARTBEAT {datanodeUUID=44c7f39a-9454-4511-9eaf-9b72a4aa6bb9, command=[]} | ret=SUCCESS |  
2019-08-24 00:25:41,541 | INFO  | SCMAudit | user=jenkins1000 | ip=192.168.34.57 | op=SEND_HEARTBEAT {datanodeUUID=6f3ac5a3-43f3-4ed6-928d-1c9df2f8e2aa, command=[]} | ret=SUCCESS |  
2019-08-24 00:25:41,889 | INFO  | SCMAudit | user=jenkins1000 | ip=192.168.34.57 | op=SEND_HEARTBEAT {datanodeUUID=4d1e0fe6-60fd-4907-9842-f352edb6fbc8, command=[]} | ret=SUCCESS |  
2019-08-24 00:25:41,908 | INFO  | SCMAudit | user=jenkins1000 | ip=192.168.34.57 | op=SEND_HEARTBEAT {datanodeUUID=3a14c1ba-d90f-4e55-9b74-34a12c0cf08b, command=[]} | ret=SUCCESS |  
2019-08-24 00:25:42,161 | INFO  | SCMAudit | user=jenkins1000 | ip=192.168.34.57 | op=SEND_HEARTBEAT {datanodeUUID=a2fab492-56f3-43b8-af5f-239f4e38d11d, command=[]} | ret=SUCCESS |  
2019-08-24 00:25:42,370 | INFO  | SCMAudit | user=jenkins1000 | ip=192.168.34.57 | op=SEND_HEARTBEAT {datanodeUUID=44c7f39a-9454-4511-9eaf-9b72a4aa6bb9, command=[]} | ret=SUCCESS |  
2019-08-24 00:25:42,541 | INFO  | SCMAudit | user=jenkins1000 | ip=192.168.34.57 | op=SEND_HEARTBEAT {datanodeUUID=6f3ac5a3-43f3-4ed6-928d-1c9df2f8e2aa, command=[]} | ret=SUCCESS |  
2019-08-24 00:25:42,704 [main] INFO  ozoneimpl.OzoneContainer (OzoneContainer.java:stop(199)) - Attempting to stop container services.
2019-08-24 00:25:42,704 [ForkJoinPool.commonPool-worker-1] INFO  ozoneimpl.OzoneContainer (OzoneContainer.java:stop(199)) - Attempting to stop container services.
2019-08-24 00:25:42,704 [main] INFO  impl.RaftServerProxy (RaftServerProxy.java:lambda$close$4(314)) - 5da42abd-867e-47ba-b805-7d971175ab74: close
2019-08-24 00:25:42,705 [ForkJoinPool.commonPool-worker-1] INFO  impl.RaftServerProxy (RaftServerProxy.java:lambda$close$4(314)) - 9b1b75a9-c857-4b9a-9bce-dd664e78af57: close
2019-08-24 00:25:42,705 [main] INFO  impl.RaftServerImpl (RaftServerImpl.java:lambda$shutdown$3(245)) - 5da42abd-867e-47ba-b805-7d971175ab74: shutdown group-D8B9D57F4B59
2019-08-24 00:25:42,705 [ForkJoinPool.commonPool-worker-1] INFO  impl.RaftServerImpl (RaftServerImpl.java:lambda$shutdown$3(245)) - 9b1b75a9-c857-4b9a-9bce-dd664e78af57: shutdown group-DAF4C66089A1
2019-08-24 00:25:42,706 [main] INFO  util.JmxRegister (JmxRegister.java:unregister(73)) - Successfully un-registered JMX Bean with object name Ratis:service=RaftServer,group=group-D8B9D57F4B59,id=5da42abd-867e-47ba-b805-7d971175ab74
2019-08-24 00:25:42,706 [ForkJoinPool.commonPool-worker-1] INFO  util.JmxRegister (JmxRegister.java:unregister(73)) - Successfully un-registered JMX Bean with object name Ratis:service=RaftServer,group=group-DAF4C66089A1,id=9b1b75a9-c857-4b9a-9bce-dd664e78af57
2019-08-24 00:25:42,706 [main] INFO  impl.RoleInfo (RoleInfo.java:shutdownLeaderState(104)) - 5da42abd-867e-47ba-b805-7d971175ab74: shutdown LeaderState
2019-08-24 00:25:42,707 [ForkJoinPool.commonPool-worker-1] INFO  impl.RoleInfo (RoleInfo.java:shutdownLeaderState(104)) - 9b1b75a9-c857-4b9a-9bce-dd664e78af57: shutdown LeaderState
2019-08-24 00:25:42,714 [main] INFO  impl.PendingRequests (PendingRequests.java:sendNotLeaderResponses(202)) - 5da42abd-867e-47ba-b805-7d971175ab74-PendingRequests: sendNotLeaderResponses
2019-08-24 00:25:42,714 [org.apache.ratis.server.impl.LogAppender$AppenderDaemon$$Lambda$495/464427635@33e429d3] WARN  server.GrpcLogAppender (GrpcLogAppender.java:mayWait(143)) - GrpcLogAppender(5da42abd-867e-47ba-b805-7d971175ab74->6f3ac5a3-43f3-4ed6-928d-1c9df2f8e2aa): Wait interrupted by java.lang.InterruptedException
2019-08-24 00:25:42,715 [main] INFO  impl.StateMachineUpdater (StateMachineUpdater.java:stopAndJoin(115)) - StateMachineUpdater:5da42abd-867e-47ba-b805-7d971175ab74:group-D8B9D57F4B59: set stopIndex = 0
2019-08-24 00:25:42,714 [org.apache.ratis.server.impl.LogAppender$AppenderDaemon$$Lambda$495/464427635@76e6a96b] WARN  server.GrpcLogAppender (GrpcLogAppender.java:mayWait(143)) - GrpcLogAppender(5da42abd-867e-47ba-b805-7d971175ab74->a2fab492-56f3-43b8-af5f-239f4e38d11d): Wait interrupted by java.lang.InterruptedException
2019-08-24 00:25:42,714 [ForkJoinPool.commonPool-worker-1] INFO  impl.PendingRequests (PendingRequests.java:sendNotLeaderResponses(202)) - 9b1b75a9-c857-4b9a-9bce-dd664e78af57-PendingRequests: sendNotLeaderResponses
2019-08-24 00:25:42,723 [grpc-default-executor-6] INFO  server.GrpcServerProtocolService (GrpcServerProtocolService.java:onCompleted(104)) - a2fab492-56f3-43b8-af5f-239f4e38d11d: appendEntries completed
2019-08-24 00:25:42,720 [grpc-default-executor-7] INFO  server.GrpcServerProtocolService (GrpcServerProtocolService.java:onCompleted(104)) - 6f3ac5a3-43f3-4ed6-928d-1c9df2f8e2aa: appendEntries completed
2019-08-24 00:25:42,720 [main] INFO  impl.RaftServerImpl (ServerState.java:close(394)) - 5da42abd-867e-47ba-b805-7d971175ab74:group-D8B9D57F4B59 closes. The last applied log index is 0
2019-08-24 00:25:42,723 [ForkJoinPool.commonPool-worker-1] INFO  impl.StateMachineUpdater (StateMachineUpdater.java:stopAndJoin(115)) - StateMachineUpdater:9b1b75a9-c857-4b9a-9bce-dd664e78af57:group-DAF4C66089A1: set stopIndex = 0
2019-08-24 00:25:42,727 [grpc-default-executor-4] INFO  server.GrpcLogAppender (GrpcLogAppender.java:onCompleted(292)) - 5da42abd-867e-47ba-b805-7d971175ab74->6f3ac5a3-43f3-4ed6-928d-1c9df2f8e2aa: follower responses appendEntries COMPLETED
2019-08-24 00:25:42,727 [grpc-default-executor-6] INFO  server.GrpcLogAppender (GrpcLogAppender.java:onCompleted(292)) - 5da42abd-867e-47ba-b805-7d971175ab74->a2fab492-56f3-43b8-af5f-239f4e38d11d: follower responses appendEntries COMPLETED
2019-08-24 00:25:42,727 [ForkJoinPool.commonPool-worker-1] INFO  impl.RaftServerImpl (ServerState.java:close(394)) - 9b1b75a9-c857-4b9a-9bce-dd664e78af57:group-DAF4C66089A1 closes. The last applied log index is 0
2019-08-24 00:25:42,727 [5da42abd-867e-47ba-b805-7d971175ab74-SegmentedRaftLogWorker:Storage Directory /workdir/hadoop-ozone/integration-test/target/test-dir/MiniOzoneClusterImpl-2dd808d2-8d8b-4e9b-8867-1fe86c020870/datanode-4/data/ratis/68ad20d1-22ba-4903-99e3-d8b9d57f4b59] INFO  segmented.SegmentedRaftLogWorker (SegmentedRaftLogWorker.java:run(313)) - 5da42abd-867e-47ba-b805-7d971175ab74-SegmentedRaftLogWorker:Storage Directory /workdir/hadoop-ozone/integration-test/target/test-dir/MiniOzoneClusterImpl-2dd808d2-8d8b-4e9b-8867-1fe86c020870/datanode-4/data/ratis/68ad20d1-22ba-4903-99e3-d8b9d57f4b59 was interrupted, exiting. There are 0 tasks remaining in the queue.
2019-08-24 00:25:42,733 [9b1b75a9-c857-4b9a-9bce-dd664e78af57-SegmentedRaftLogWorker:Storage Directory /workdir/hadoop-ozone/integration-test/target/test-dir/MiniOzoneClusterImpl-2dd808d2-8d8b-4e9b-8867-1fe86c020870/datanode-1/data/ratis/5b2a989d-bae9-44fa-a4db-daf4c66089a1] INFO  segmented.SegmentedRaftLogWorker (SegmentedRaftLogWorker.java:run(313)) - 9b1b75a9-c857-4b9a-9bce-dd664e78af57-SegmentedRaftLogWorker:Storage Directory /workdir/hadoop-ozone/integration-test/target/test-dir/MiniOzoneClusterImpl-2dd808d2-8d8b-4e9b-8867-1fe86c020870/datanode-1/data/ratis/5b2a989d-bae9-44fa-a4db-daf4c66089a1 was interrupted, exiting. There are 0 tasks remaining in the queue.
2019-08-24 00:25:42,733 [grpc-default-executor-6] INFO  impl.FollowerInfo (FollowerInfo.java:lambda$new$0(50)) - 5da42abd-867e-47ba-b805-7d971175ab74->a2fab492-56f3-43b8-af5f-239f4e38d11d: nextIndex: updateUnconditionally 1 -> 0
2019-08-24 00:25:42,739 [main] INFO  segmented.SegmentedRaftLogWorker (SegmentedRaftLogWorker.java:close(228)) - 5da42abd-867e-47ba-b805-7d971175ab74-SegmentedRaftLogWorker:Storage Directory /workdir/hadoop-ozone/integration-test/target/test-dir/MiniOzoneClusterImpl-2dd808d2-8d8b-4e9b-8867-1fe86c020870/datanode-4/data/ratis/68ad20d1-22ba-4903-99e3-d8b9d57f4b59 close()
2019-08-24 00:25:42,730 [grpc-default-executor-4] INFO  impl.FollowerInfo (FollowerInfo.java:lambda$new$0(50)) - 5da42abd-867e-47ba-b805-7d971175ab74->6f3ac5a3-43f3-4ed6-928d-1c9df2f8e2aa: nextIndex: updateUnconditionally 1 -> 0
2019-08-24 00:25:42,744 [main] INFO  impl.RaftServerImpl (RaftServerImpl.java:lambda$shutdown$3(245)) - 5da42abd-867e-47ba-b805-7d971175ab74: shutdown group-D6075665B3E1
2019-08-24 00:25:42,739 [ForkJoinPool.commonPool-worker-1] INFO  segmented.SegmentedRaftLogWorker (SegmentedRaftLogWorker.java:close(228)) - 9b1b75a9-c857-4b9a-9bce-dd664e78af57-SegmentedRaftLogWorker:Storage Directory /workdir/hadoop-ozone/integration-test/target/test-dir/MiniOzoneClusterImpl-2dd808d2-8d8b-4e9b-8867-1fe86c020870/datanode-1/data/ratis/5b2a989d-bae9-44fa-a4db-daf4c66089a1 close()
2019-08-24 00:25:42,745 [main] INFO  util.JmxRegister (JmxRegister.java:unregister(73)) - Successfully un-registered JMX Bean with object name Ratis:service=RaftServer,group=group-D6075665B3E1,id=5da42abd-867e-47ba-b805-7d971175ab74
2019-08-24 00:25:42,750 [main] INFO  impl.RoleInfo (RoleInfo.java:shutdownLeaderState(104)) - 5da42abd-867e-47ba-b805-7d971175ab74: shutdown LeaderState
2019-08-24 00:25:42,750 [ForkJoinPool.commonPool-worker-1] INFO  impl.RaftServerImpl (RaftServerImpl.java:lambda$shutdown$3(245)) - 9b1b75a9-c857-4b9a-9bce-dd664e78af57: shutdown group-7922B4F3146A
2019-08-24 00:25:42,750 [main] INFO  impl.PendingRequests (PendingRequests.java:sendNotLeaderResponses(202)) - 5da42abd-867e-47ba-b805-7d971175ab74-PendingRequests: sendNotLeaderResponses
2019-08-24 00:25:42,751 [ForkJoinPool.commonPool-worker-1] INFO  util.JmxRegister (JmxRegister.java:unregister(73)) - Successfully un-registered JMX Bean with object name Ratis:service=RaftServer,group=group-7922B4F3146A,id=9b1b75a9-c857-4b9a-9bce-dd664e78af57
2019-08-24 00:25:42,751 [main] INFO  impl.StateMachineUpdater (StateMachineUpdater.java:stopAndJoin(115)) - StateMachineUpdater:5da42abd-867e-47ba-b805-7d971175ab74:group-D6075665B3E1: set stopIndex = 0
2019-08-24 00:25:42,751 [ForkJoinPool.commonPool-worker-1] INFO  impl.RoleInfo (RoleInfo.java:shutdownFollowerState(121)) - 9b1b75a9-c857-4b9a-9bce-dd664e78af57: shutdown FollowerState
2019-08-24 00:25:42,754 [main] INFO  impl.RaftServerImpl (ServerState.java:close(394)) - 5da42abd-867e-47ba-b805-7d971175ab74:group-D6075665B3E1 closes. The last applied log index is 0
2019-08-24 00:25:42,755 [Thread-767] INFO  impl.FollowerState (FollowerState.java:run(114)) - 9b1b75a9-c857-4b9a-9bce-dd664e78af57: FollowerState was interrupted: java.lang.InterruptedException: sleep interrupted
2019-08-24 00:25:42,755 [ForkJoinPool.commonPool-worker-1] INFO  impl.StateMachineUpdater (StateMachineUpdater.java:stopAndJoin(115)) - StateMachineUpdater:9b1b75a9-c857-4b9a-9bce-dd664e78af57:group-7922B4F3146A: set stopIndex = 8
2019-08-24 00:25:42,758 [5da42abd-867e-47ba-b805-7d971175ab74-SegmentedRaftLogWorker:Storage Directory /workdir/hadoop-ozone/integration-test/target/test-dir/MiniOzoneClusterImpl-2dd808d2-8d8b-4e9b-8867-1fe86c020870/datanode-4/data/ratis/aa02aae6-d9c4-4063-83cf-d6075665b3e1] INFO  segmented.SegmentedRaftLogWorker (SegmentedRaftLogWorker.java:run(313)) - 5da42abd-867e-47ba-b805-7d971175ab74-SegmentedRaftLogWorker:Storage Directory /workdir/hadoop-ozone/integration-test/target/test-dir/MiniOzoneClusterImpl-2dd808d2-8d8b-4e9b-8867-1fe86c020870/datanode-4/data/ratis/aa02aae6-d9c4-4063-83cf-d6075665b3e1 was interrupted, exiting. There are 0 tasks remaining in the queue.
2019-08-24 00:25:42,755 [StateMachineUpdater:9b1b75a9-c857-4b9a-9bce-dd664e78af57:group-7922B4F3146A] INFO  ratis.ContainerStateMachine (ContainerStateMachine.java:takeSnapshot(283)) - group-7922B4F3146A: Taking a snapshot at:(t:1, i:5) file /workdir/hadoop-ozone/integration-test/target/test-dir/MiniOzoneClusterImpl-2dd808d2-8d8b-4e9b-8867-1fe86c020870/datanode-1/data/ratis/7f6a3f23-b7cb-4e7d-a66a-7922b4f3146a/sm/snapshot.1_5
2019-08-24 00:25:42,763 [main] INFO  segmented.SegmentedRaftLogWorker (SegmentedRaftLogWorker.java:close(228)) - 5da42abd-867e-47ba-b805-7d971175ab74-SegmentedRaftLogWorker:Storage Directory /workdir/hadoop-ozone/integration-test/target/test-dir/MiniOzoneClusterImpl-2dd808d2-8d8b-4e9b-8867-1fe86c020870/datanode-4/data/ratis/aa02aae6-d9c4-4063-83cf-d6075665b3e1 close()
2019-08-24 00:25:42,768 [main] INFO  server.GrpcService (GrpcService.java:closeImpl(155)) - 5da42abd-867e-47ba-b805-7d971175ab74: shutdown server with port 39506 now
2019-08-24 00:25:42,769 [main] INFO  server.GrpcService (GrpcService.java:closeImpl(163)) - 5da42abd-867e-47ba-b805-7d971175ab74: shutdown server with port 39506 successfully
2019-08-24 00:25:42,773 [main] INFO  utils.BackgroundService (BackgroundService.java:shutdown(148)) - Shutting down service BlockDeletingService
2019-08-24 00:25:42,776 [StateMachineUpdater:9b1b75a9-c857-4b9a-9bce-dd664e78af57:group-7922B4F3146A] INFO  ratis.ContainerStateMachine (ContainerStateMachine.java:takeSnapshot(294)) - group-7922B4F3146A: Finished taking a snapshot at:(t:1, i:5) file:/workdir/hadoop-ozone/integration-test/target/test-dir/MiniOzoneClusterImpl-2dd808d2-8d8b-4e9b-8867-1fe86c020870/datanode-1/data/ratis/7f6a3f23-b7cb-4e7d-a66a-7922b4f3146a/sm/snapshot.1_5 time:21
2019-08-24 00:25:42,776 [StateMachineUpdater:9b1b75a9-c857-4b9a-9bce-dd664e78af57:group-7922B4F3146A] INFO  impl.StateMachineUpdater (StateMachineUpdater.java:takeSnapshot(242)) - StateMachineUpdater:9b1b75a9-c857-4b9a-9bce-dd664e78af57:group-7922B4F3146A: Took a snapshot at index 5
2019-08-24 00:25:42,776 [StateMachineUpdater:9b1b75a9-c857-4b9a-9bce-dd664e78af57:group-7922B4F3146A] INFO  impl.StateMachineUpdater (StateMachineUpdater.java:lambda$new$0(80)) - StateMachineUpdater:9b1b75a9-c857-4b9a-9bce-dd664e78af57:group-7922B4F3146A: snapshotIndex: updateIncreasingly -1 -> 5
2019-08-24 00:25:42,778 [refreshUsed-/workdir/hadoop-ozone/integration-test/target/test-dir/MiniOzoneClusterImpl-2dd808d2-8d8b-4e9b-8867-1fe86c020870/datanode-4/data/containers] WARN  fs.CachingGetSpaceUsed (CachingGetSpaceUsed.java:run(183)) - Thread Interrupted waiting to refresh disk information: sleep interrupted
2019-08-24 00:25:42,778 [ForkJoinPool.commonPool-worker-1] INFO  impl.RaftServerImpl (ServerState.java:close(394)) - 9b1b75a9-c857-4b9a-9bce-dd664e78af57:group-7922B4F3146A closes. The last applied log index is 8
2019-08-24 00:25:42,778 [9b1b75a9-c857-4b9a-9bce-dd664e78af57-SegmentedRaftLogWorker:Storage Directory /workdir/hadoop-ozone/integration-test/target/test-dir/MiniOzoneClusterImpl-2dd808d2-8d8b-4e9b-8867-1fe86c020870/datanode-1/data/ratis/7f6a3f23-b7cb-4e7d-a66a-7922b4f3146a] INFO  segmented.SegmentedRaftLogWorker (SegmentedRaftLogWorker.java:run(313)) - 9b1b75a9-c857-4b9a-9bce-dd664e78af57-SegmentedRaftLogWorker:Storage Directory /workdir/hadoop-ozone/integration-test/target/test-dir/MiniOzoneClusterImpl-2dd808d2-8d8b-4e9b-8867-1fe86c020870/datanode-1/data/ratis/7f6a3f23-b7cb-4e7d-a66a-7922b4f3146a was interrupted, exiting. There are 0 tasks remaining in the queue.
2019-08-24 00:25:42,781 [ForkJoinPool.commonPool-worker-1] INFO  segmented.SegmentedRaftLogWorker (SegmentedRaftLogWorker.java:close(228)) - 9b1b75a9-c857-4b9a-9bce-dd664e78af57-SegmentedRaftLogWorker:Storage Directory /workdir/hadoop-ozone/integration-test/target/test-dir/MiniOzoneClusterImpl-2dd808d2-8d8b-4e9b-8867-1fe86c020870/datanode-1/data/ratis/7f6a3f23-b7cb-4e7d-a66a-7922b4f3146a close()
2019-08-24 00:25:42,796 [ForkJoinPool.commonPool-worker-1] INFO  server.GrpcService (GrpcService.java:closeImpl(155)) - 9b1b75a9-c857-4b9a-9bce-dd664e78af57: shutdown server with port 34766 now
2019-08-24 00:25:42,797 [grpc-default-executor-6] WARN  server.GrpcServerProtocolService (LogUtils.java:warn(134)) - 9b1b75a9-c857-4b9a-9bce-dd664e78af57: appendEntries onError: org.apache.ratis.thirdparty.io.grpc.StatusRuntimeException: CANCELLED: cancelled before receiving half close
2019-08-24 00:25:42,797 [grpc-default-executor-7] WARN  server.GrpcLogAppender (LogUtils.java:warn(134)) - 4d1e0fe6-60fd-4907-9842-f352edb6fbc8->9b1b75a9-c857-4b9a-9bce-dd664e78af57: Failed appendEntries: org.apache.ratis.thirdparty.io.grpc.StatusRuntimeException: CANCELLED: HTTP/2 error code: CANCEL
Received Rst Stream
2019-08-24 00:25:42,800 [ForkJoinPool.commonPool-worker-1] INFO  server.GrpcService (GrpcService.java:closeImpl(163)) - 9b1b75a9-c857-4b9a-9bce-dd664e78af57: shutdown server with port 34766 successfully
2019-08-24 00:25:42,800 [grpc-default-executor-7] INFO  impl.FollowerInfo (FollowerInfo.java:lambda$new$0(50)) - 4d1e0fe6-60fd-4907-9842-f352edb6fbc8->9b1b75a9-c857-4b9a-9bce-dd664e78af57: nextIndex: updateUnconditionally 9 -> 8
2019-08-24 00:25:42,800 [grpc-default-executor-6] WARN  client.GrpcClientProtocolService (LogUtils.java:warn(134)) - 33-OrderedRequestStreamObserver33: onError: org.apache.ratis.thirdparty.io.grpc.StatusRuntimeException: CANCELLED: cancelled before receiving half close
2019-08-24 00:25:42,804 [ForkJoinPool.commonPool-worker-1] INFO  utils.BackgroundService (BackgroundService.java:shutdown(148)) - Shutting down service BlockDeletingService
2019-08-24 00:25:42,808 [refreshUsed-/workdir/hadoop-ozone/integration-test/target/test-dir/MiniOzoneClusterImpl-2dd808d2-8d8b-4e9b-8867-1fe86c020870/datanode-1/data/containers] WARN  fs.CachingGetSpaceUsed (CachingGetSpaceUsed.java:run(183)) - Thread Interrupted waiting to refresh disk information: sleep interrupted
2019-08-24 00:25:42,822 [main] INFO  statemachine.DatanodeStateMachine (DatanodeStateMachine.java:stopDaemon(395)) - Ozone container server stopped.
2019-08-24 00:25:42,824 [main] INFO  handler.ContextHandler (ContextHandler.java:doStop(910)) - Stopped o.e.j.w.WebAppContext@707f4647{/,null,UNAVAILABLE}{/hddsDatanode}
2019-08-24 00:25:42,825 [main] INFO  server.AbstractConnector (AbstractConnector.java:doStop(318)) - Stopped ServerConnector@4b8a0d03{HTTP/1.1,[http/1.1]}{0.0.0.0:0}
2019-08-24 00:25:42,825 [main] INFO  handler.ContextHandler (ContextHandler.java:doStop(910)) - Stopped o.e.j.s.ServletContextHandler@57b130f6{/static,jar:file:/home/user/.m2/repository/org/apache/hadoop/hadoop-hdds-container-service/0.5.0-SNAPSHOT/hadoop-hdds-container-service-0.5.0-SNAPSHOT.jar!/webapps/static,UNAVAILABLE}
2019-08-24 00:25:42,826 [main] INFO  handler.ContextHandler (ContextHandler.java:doStop(910)) - Stopped o.e.j.s.ServletContextHandler@294c44b7{/logs,file:///workdir/hadoop-ozone/integration-test/target/log,UNAVAILABLE}
2019-08-24 00:25:42,827 [main] INFO  datanode.ObjectStoreHandler (ObjectStoreHandler.java:close(155)) - Closing ObjectStoreHandler.
2019-08-24 00:25:42,827 [main] INFO  ozone.HddsDatanodeService (HddsDatanodeService.java:stop(451)) - Stopped plug-in org.apache.hadoop.ozone.web.OzoneHddsDatanodeService@83e635f
2019-08-24 00:25:42,835 [ForkJoinPool.commonPool-worker-1] INFO  statemachine.DatanodeStateMachine (DatanodeStateMachine.java:stopDaemon(395)) - Ozone container server stopped.
2019-08-24 00:25:42,842 [ForkJoinPool.commonPool-worker-1] INFO  handler.ContextHandler (ContextHandler.java:doStop(910)) - Stopped o.e.j.w.WebAppContext@687b0ddc{/,null,UNAVAILABLE}{/hddsDatanode}
2019-08-24 00:25:42,842 [ForkJoinPool.commonPool-worker-1] INFO  server.AbstractConnector (AbstractConnector.java:doStop(318)) - Stopped ServerConnector@42b4df5a{HTTP/1.1,[http/1.1]}{0.0.0.0:0}
2019-08-24 00:25:42,844 [ForkJoinPool.commonPool-worker-1] INFO  handler.ContextHandler (ContextHandler.java:doStop(910)) - Stopped o.e.j.s.ServletContextHandler@4809c771{/static,jar:file:/home/user/.m2/repository/org/apache/hadoop/hadoop-hdds-container-service/0.5.0-SNAPSHOT/hadoop-hdds-container-service-0.5.0-SNAPSHOT.jar!/webapps/static,UNAVAILABLE}
2019-08-24 00:25:42,846 [ForkJoinPool.commonPool-worker-1] INFO  handler.ContextHandler (ContextHandler.java:doStop(910)) - Stopped o.e.j.s.ServletContextHandler@47f0f414{/logs,file:///workdir/hadoop-ozone/integration-test/target/log,UNAVAILABLE}
2019-08-24 00:25:42,847 [ForkJoinPool.commonPool-worker-1] INFO  datanode.ObjectStoreHandler (ObjectStoreHandler.java:close(155)) - Closing ObjectStoreHandler.
2019-08-24 00:25:42,848 [ForkJoinPool.commonPool-worker-1] INFO  ozone.HddsDatanodeService (HddsDatanodeService.java:stop(451)) - Stopped plug-in org.apache.hadoop.ozone.web.OzoneHddsDatanodeService@45f1413c
2019-08-24 00:25:42,889 [Datanode State Machine Thread - 0] INFO  statemachine.DatanodeStateMachine (DatanodeStateMachine.java:lambda$startDaemon$0(350)) - Ozone container server started.
2019-08-24 00:25:42,909 | INFO  | SCMAudit | user=jenkins1000 | ip=192.168.34.57 | op=SEND_HEARTBEAT {datanodeUUID=3a14c1ba-d90f-4e55-9b74-34a12c0cf08b, command=[]} | ret=SUCCESS |  
2019-08-24 00:25:43,161 | INFO  | SCMAudit | user=jenkins1000 | ip=192.168.34.57 | op=SEND_HEARTBEAT {datanodeUUID=a2fab492-56f3-43b8-af5f-239f4e38d11d, command=[]} | ret=SUCCESS |  
2019-08-24 00:25:43,371 | INFO  | SCMAudit | user=jenkins1000 | ip=192.168.34.57 | op=SEND_HEARTBEAT {datanodeUUID=44c7f39a-9454-4511-9eaf-9b72a4aa6bb9, command=[]} | ret=SUCCESS |  
2019-08-24 00:25:43,541 [Datanode State Machine Thread - 0] INFO  statemachine.DatanodeStateMachine (DatanodeStateMachine.java:lambda$startDaemon$0(350)) - Ozone container server started.
2019-08-24 00:25:43,909 | INFO  | SCMAudit | user=jenkins1000 | ip=192.168.34.57 | op=SEND_HEARTBEAT {datanodeUUID=3a14c1ba-d90f-4e55-9b74-34a12c0cf08b, command=[]} | ret=SUCCESS |  
2019-08-24 00:25:44,160 | INFO  | SCMAudit | user=jenkins1000 | ip=192.168.34.57 | op=SEND_HEARTBEAT {datanodeUUID=a2fab492-56f3-43b8-af5f-239f4e38d11d, command=[]} | ret=SUCCESS |  
2019-08-24 00:25:44,370 | INFO  | SCMAudit | user=jenkins1000 | ip=192.168.34.57 | op=SEND_HEARTBEAT {datanodeUUID=44c7f39a-9454-4511-9eaf-9b72a4aa6bb9, command=[]} | ret=SUCCESS |  
2019-08-24 00:25:44,909 | INFO  | SCMAudit | user=jenkins1000 | ip=192.168.34.57 | op=SEND_HEARTBEAT {datanodeUUID=3a14c1ba-d90f-4e55-9b74-34a12c0cf08b, command=[]} | ret=SUCCESS |  
2019-08-24 00:25:45,161 | INFO  | SCMAudit | user=jenkins1000 | ip=192.168.34.57 | op=SEND_HEARTBEAT {datanodeUUID=a2fab492-56f3-43b8-af5f-239f4e38d11d, command=[]} | ret=SUCCESS |  
2019-08-24 00:25:45,237 [grpc-default-executor-4] WARN  server.GrpcLogAppender (LogUtils.java:warn(134)) - 4d1e0fe6-60fd-4907-9842-f352edb6fbc8->9b1b75a9-c857-4b9a-9bce-dd664e78af57: Failed appendEntries: org.apache.ratis.thirdparty.io.grpc.StatusRuntimeException: UNAVAILABLE: io exception
2019-08-24 00:25:45,241 [grpc-default-executor-4] INFO  impl.FollowerInfo (FollowerInfo.java:lambda$new$0(50)) - 4d1e0fe6-60fd-4907-9842-f352edb6fbc8->9b1b75a9-c857-4b9a-9bce-dd664e78af57: nextIndex: updateUnconditionally 8 -> 7
2019-08-24 00:25:45,371 | INFO  | SCMAudit | user=jenkins1000 | ip=192.168.34.57 | op=SEND_HEARTBEAT {datanodeUUID=44c7f39a-9454-4511-9eaf-9b72a4aa6bb9, command=[]} | ret=SUCCESS |  
2019-08-24 00:25:45,909 | INFO  | SCMAudit | user=jenkins1000 | ip=192.168.34.57 | op=SEND_HEARTBEAT {datanodeUUID=3a14c1ba-d90f-4e55-9b74-34a12c0cf08b, command=[]} | ret=SUCCESS |  
2019-08-24 00:25:46,160 | INFO  | SCMAudit | user=jenkins1000 | ip=192.168.34.57 | op=SEND_HEARTBEAT {datanodeUUID=a2fab492-56f3-43b8-af5f-239f4e38d11d, command=[]} | ret=SUCCESS |  
2019-08-24 00:25:46,371 | INFO  | SCMAudit | user=jenkins1000 | ip=192.168.34.57 | op=SEND_HEARTBEAT {datanodeUUID=44c7f39a-9454-4511-9eaf-9b72a4aa6bb9, command=[]} | ret=SUCCESS |  
2019-08-24 00:25:46,909 | INFO  | SCMAudit | user=jenkins1000 | ip=192.168.34.57 | op=SEND_HEARTBEAT {datanodeUUID=3a14c1ba-d90f-4e55-9b74-34a12c0cf08b, command=[]} | ret=SUCCESS |  
2019-08-24 00:25:47,161 | INFO  | SCMAudit | user=jenkins1000 | ip=192.168.34.57 | op=SEND_HEARTBEAT {datanodeUUID=a2fab492-56f3-43b8-af5f-239f4e38d11d, command=[]} | ret=SUCCESS |  
2019-08-24 00:25:47,372 | INFO  | SCMAudit | user=jenkins1000 | ip=192.168.34.57 | op=SEND_HEARTBEAT {datanodeUUID=44c7f39a-9454-4511-9eaf-9b72a4aa6bb9, command=[]} | ret=SUCCESS |  
2019-08-24 00:25:47,738 [grpc-default-executor-6] WARN  server.GrpcLogAppender (LogUtils.java:warn(134)) - 4d1e0fe6-60fd-4907-9842-f352edb6fbc8->9b1b75a9-c857-4b9a-9bce-dd664e78af57: Failed appendEntries: org.apache.ratis.thirdparty.io.grpc.StatusRuntimeException: UNAVAILABLE: io exception
2019-08-24 00:25:47,742 [grpc-default-executor-6] INFO  impl.FollowerInfo (FollowerInfo.java:lambda$new$0(50)) - 4d1e0fe6-60fd-4907-9842-f352edb6fbc8->9b1b75a9-c857-4b9a-9bce-dd664e78af57: nextIndex: updateUnconditionally 7 -> 6
2019-08-24 00:25:47,828 [main] INFO  ozoneimpl.OzoneContainer (OzoneContainer.java:stop(199)) - Attempting to stop container services.
2019-08-24 00:25:47,829 [main] INFO  impl.RaftServerProxy (RaftServerProxy.java:lambda$close$4(314)) - 6f3ac5a3-43f3-4ed6-928d-1c9df2f8e2aa: close
2019-08-24 00:25:47,829 [main] INFO  impl.RaftServerImpl (RaftServerImpl.java:lambda$shutdown$3(245)) - 6f3ac5a3-43f3-4ed6-928d-1c9df2f8e2aa: shutdown group-E5C4ABDEB070
2019-08-24 00:25:47,830 [main] INFO  util.JmxRegister (JmxRegister.java:unregister(73)) - Successfully un-registered JMX Bean with object name Ratis:service=RaftServer,group=group-E5C4ABDEB070,id=6f3ac5a3-43f3-4ed6-928d-1c9df2f8e2aa
2019-08-24 00:25:47,830 [main] INFO  impl.RoleInfo (RoleInfo.java:shutdownLeaderState(104)) - 6f3ac5a3-43f3-4ed6-928d-1c9df2f8e2aa: shutdown LeaderState
2019-08-24 00:25:47,831 [main] INFO  impl.PendingRequests (PendingRequests.java:sendNotLeaderResponses(202)) - 6f3ac5a3-43f3-4ed6-928d-1c9df2f8e2aa-PendingRequests: sendNotLeaderResponses
2019-08-24 00:25:47,831 [main] INFO  impl.StateMachineUpdater (StateMachineUpdater.java:stopAndJoin(115)) - StateMachineUpdater:6f3ac5a3-43f3-4ed6-928d-1c9df2f8e2aa:group-E5C4ABDEB070: set stopIndex = 0
2019-08-24 00:25:47,834 [main] INFO  impl.RaftServerImpl (ServerState.java:close(394)) - 6f3ac5a3-43f3-4ed6-928d-1c9df2f8e2aa:group-E5C4ABDEB070 closes. The last applied log index is 0
2019-08-24 00:25:47,834 [6f3ac5a3-43f3-4ed6-928d-1c9df2f8e2aa-SegmentedRaftLogWorker:Storage Directory /workdir/hadoop-ozone/integration-test/target/test-dir/MiniOzoneClusterImpl-2dd808d2-8d8b-4e9b-8867-1fe86c020870/datanode-3/data/ratis/888cfd23-653d-46d7-a66f-e5c4abdeb070] INFO  segmented.SegmentedRaftLogWorker (SegmentedRaftLogWorker.java:run(313)) - 6f3ac5a3-43f3-4ed6-928d-1c9df2f8e2aa-SegmentedRaftLogWorker:Storage Directory /workdir/hadoop-ozone/integration-test/target/test-dir/MiniOzoneClusterImpl-2dd808d2-8d8b-4e9b-8867-1fe86c020870/datanode-3/data/ratis/888cfd23-653d-46d7-a66f-e5c4abdeb070 was interrupted, exiting. There are 0 tasks remaining in the queue.
2019-08-24 00:25:47,837 [main] INFO  segmented.SegmentedRaftLogWorker (SegmentedRaftLogWorker.java:close(228)) - 6f3ac5a3-43f3-4ed6-928d-1c9df2f8e2aa-SegmentedRaftLogWorker:Storage Directory /workdir/hadoop-ozone/integration-test/target/test-dir/MiniOzoneClusterImpl-2dd808d2-8d8b-4e9b-8867-1fe86c020870/datanode-3/data/ratis/888cfd23-653d-46d7-a66f-e5c4abdeb070 close()
2019-08-24 00:25:47,839 [main] INFO  impl.RaftServerImpl (RaftServerImpl.java:lambda$shutdown$3(245)) - 6f3ac5a3-43f3-4ed6-928d-1c9df2f8e2aa: shutdown group-D8B9D57F4B59
2019-08-24 00:25:47,840 [main] INFO  util.JmxRegister (JmxRegister.java:unregister(73)) - Successfully un-registered JMX Bean with object name Ratis:service=RaftServer,group=group-D8B9D57F4B59,id=6f3ac5a3-43f3-4ed6-928d-1c9df2f8e2aa
2019-08-24 00:25:47,840 [main] INFO  impl.RoleInfo (RoleInfo.java:shutdownFollowerState(121)) - 6f3ac5a3-43f3-4ed6-928d-1c9df2f8e2aa: shutdown FollowerState
2019-08-24 00:25:47,841 [main] INFO  impl.StateMachineUpdater (StateMachineUpdater.java:stopAndJoin(115)) - StateMachineUpdater:6f3ac5a3-43f3-4ed6-928d-1c9df2f8e2aa:group-D8B9D57F4B59: set stopIndex = 0
2019-08-24 00:25:47,843 [main] INFO  impl.RaftServerImpl (ServerState.java:close(394)) - 6f3ac5a3-43f3-4ed6-928d-1c9df2f8e2aa:group-D8B9D57F4B59 closes. The last applied log index is 0
2019-08-24 00:25:47,841 [Thread-786] INFO  impl.FollowerState (FollowerState.java:run(114)) - 6f3ac5a3-43f3-4ed6-928d-1c9df2f8e2aa: FollowerState was interrupted: java.lang.InterruptedException: sleep interrupted
2019-08-24 00:25:47,844 [6f3ac5a3-43f3-4ed6-928d-1c9df2f8e2aa-SegmentedRaftLogWorker:Storage Directory /workdir/hadoop-ozone/integration-test/target/test-dir/MiniOzoneClusterImpl-2dd808d2-8d8b-4e9b-8867-1fe86c020870/datanode-3/data/ratis/68ad20d1-22ba-4903-99e3-d8b9d57f4b59] INFO  segmented.SegmentedRaftLogWorker (SegmentedRaftLogWorker.java:run(313)) - 6f3ac5a3-43f3-4ed6-928d-1c9df2f8e2aa-SegmentedRaftLogWorker:Storage Directory /workdir/hadoop-ozone/integration-test/target/test-dir/MiniOzoneClusterImpl-2dd808d2-8d8b-4e9b-8867-1fe86c020870/datanode-3/data/ratis/68ad20d1-22ba-4903-99e3-d8b9d57f4b59 was interrupted, exiting. There are 0 tasks remaining in the queue.
2019-08-24 00:25:47,849 [ForkJoinPool.commonPool-worker-1] INFO  ozoneimpl.OzoneContainer (OzoneContainer.java:stop(199)) - Attempting to stop container services.
2019-08-24 00:25:47,849 [main] INFO  segmented.SegmentedRaftLogWorker (SegmentedRaftLogWorker.java:close(228)) - 6f3ac5a3-43f3-4ed6-928d-1c9df2f8e2aa-SegmentedRaftLogWorker:Storage Directory /workdir/hadoop-ozone/integration-test/target/test-dir/MiniOzoneClusterImpl-2dd808d2-8d8b-4e9b-8867-1fe86c020870/datanode-3/data/ratis/68ad20d1-22ba-4903-99e3-d8b9d57f4b59 close()
2019-08-24 00:25:47,849 [ForkJoinPool.commonPool-worker-1] INFO  impl.RaftServerProxy (RaftServerProxy.java:lambda$close$4(314)) - 4d1e0fe6-60fd-4907-9842-f352edb6fbc8: close
2019-08-24 00:25:47,851 [main] INFO  server.GrpcService (GrpcService.java:closeImpl(155)) - 6f3ac5a3-43f3-4ed6-928d-1c9df2f8e2aa: shutdown server with port 34651 now
2019-08-24 00:25:47,852 [ForkJoinPool.commonPool-worker-1] INFO  impl.RaftServerImpl (RaftServerImpl.java:lambda$shutdown$3(245)) - 4d1e0fe6-60fd-4907-9842-f352edb6fbc8: shutdown group-46AEDE36610B
2019-08-24 00:25:47,852 [main] INFO  server.GrpcService (GrpcService.java:closeImpl(163)) - 6f3ac5a3-43f3-4ed6-928d-1c9df2f8e2aa: shutdown server with port 34651 successfully
2019-08-24 00:25:47,852 [ForkJoinPool.commonPool-worker-1] INFO  util.JmxRegister (JmxRegister.java:unregister(73)) - Successfully un-registered JMX Bean with object name Ratis:service=RaftServer,group=group-46AEDE36610B,id=4d1e0fe6-60fd-4907-9842-f352edb6fbc8
2019-08-24 00:25:47,853 [ForkJoinPool.commonPool-worker-1] INFO  impl.RoleInfo (RoleInfo.java:shutdownLeaderState(104)) - 4d1e0fe6-60fd-4907-9842-f352edb6fbc8: shutdown LeaderState
2019-08-24 00:25:47,853 [ForkJoinPool.commonPool-worker-1] INFO  impl.PendingRequests (PendingRequests.java:sendNotLeaderResponses(202)) - 4d1e0fe6-60fd-4907-9842-f352edb6fbc8-PendingRequests: sendNotLeaderResponses
2019-08-24 00:25:47,854 [main] INFO  utils.BackgroundService (BackgroundService.java:shutdown(148)) - Shutting down service BlockDeletingService
2019-08-24 00:25:47,854 [ForkJoinPool.commonPool-worker-1] INFO  impl.StateMachineUpdater (StateMachineUpdater.java:stopAndJoin(115)) - StateMachineUpdater:4d1e0fe6-60fd-4907-9842-f352edb6fbc8:group-46AEDE36610B: set stopIndex = 0
2019-08-24 00:25:47,857 [ForkJoinPool.commonPool-worker-1] INFO  impl.RaftServerImpl (ServerState.java:close(394)) - 4d1e0fe6-60fd-4907-9842-f352edb6fbc8:group-46AEDE36610B closes. The last applied log index is 0
2019-08-24 00:25:47,858 [4d1e0fe6-60fd-4907-9842-f352edb6fbc8-SegmentedRaftLogWorker:Storage Directory /workdir/hadoop-ozone/integration-test/target/test-dir/MiniOzoneClusterImpl-2dd808d2-8d8b-4e9b-8867-1fe86c020870/datanode-2/data/ratis/2ce20e40-cb49-4c7e-b732-46aede36610b] INFO  segmented.SegmentedRaftLogWorker (SegmentedRaftLogWorker.java:run(313)) - 4d1e0fe6-60fd-4907-9842-f352edb6fbc8-SegmentedRaftLogWorker:Storage Directory /workdir/hadoop-ozone/integration-test/target/test-dir/MiniOzoneClusterImpl-2dd808d2-8d8b-4e9b-8867-1fe86c020870/datanode-2/data/ratis/2ce20e40-cb49-4c7e-b732-46aede36610b was interrupted, exiting. There are 0 tasks remaining in the queue.
2019-08-24 00:25:47,860 [ForkJoinPool.commonPool-worker-1] INFO  segmented.SegmentedRaftLogWorker (SegmentedRaftLogWorker.java:close(228)) - 4d1e0fe6-60fd-4907-9842-f352edb6fbc8-SegmentedRaftLogWorker:Storage Directory /workdir/hadoop-ozone/integration-test/target/test-dir/MiniOzoneClusterImpl-2dd808d2-8d8b-4e9b-8867-1fe86c020870/datanode-2/data/ratis/2ce20e40-cb49-4c7e-b732-46aede36610b close()
2019-08-24 00:25:47,863 [ForkJoinPool.commonPool-worker-1] INFO  impl.RaftServerImpl (RaftServerImpl.java:lambda$shutdown$3(245)) - 4d1e0fe6-60fd-4907-9842-f352edb6fbc8: shutdown group-7922B4F3146A
2019-08-24 00:25:47,863 [refreshUsed-/workdir/hadoop-ozone/integration-test/target/test-dir/MiniOzoneClusterImpl-2dd808d2-8d8b-4e9b-8867-1fe86c020870/datanode-3/data/containers] WARN  fs.CachingGetSpaceUsed (CachingGetSpaceUsed.java:run(183)) - Thread Interrupted waiting to refresh disk information: sleep interrupted
2019-08-24 00:25:47,864 [ForkJoinPool.commonPool-worker-1] INFO  util.JmxRegister (JmxRegister.java:unregister(73)) - Successfully un-registered JMX Bean with object name Ratis:service=RaftServer,group=group-7922B4F3146A,id=4d1e0fe6-60fd-4907-9842-f352edb6fbc8
2019-08-24 00:25:47,865 [ForkJoinPool.commonPool-worker-1] INFO  impl.RoleInfo (RoleInfo.java:shutdownLeaderState(104)) - 4d1e0fe6-60fd-4907-9842-f352edb6fbc8: shutdown LeaderState
2019-08-24 00:25:47,869 [ForkJoinPool.commonPool-worker-1] INFO  impl.PendingRequests (PendingRequests.java:sendNotLeaderResponses(202)) - 4d1e0fe6-60fd-4907-9842-f352edb6fbc8-PendingRequests: sendNotLeaderResponses
2019-08-24 00:25:47,869 [org.apache.ratis.server.impl.LogAppender$AppenderDaemon$$Lambda$495/464427635@3a4d2b97] WARN  server.GrpcLogAppender (GrpcLogAppender.java:mayWait(143)) - GrpcLogAppender(4d1e0fe6-60fd-4907-9842-f352edb6fbc8->9b1b75a9-c857-4b9a-9bce-dd664e78af57): Wait interrupted by java.lang.InterruptedException
2019-08-24 00:25:47,869 [org.apache.ratis.server.impl.LogAppender$AppenderDaemon$$Lambda$495/464427635@7f4fa2ba] WARN  server.GrpcLogAppender (GrpcLogAppender.java:mayWait(143)) - GrpcLogAppender(4d1e0fe6-60fd-4907-9842-f352edb6fbc8->3a14c1ba-d90f-4e55-9b74-34a12c0cf08b): Wait interrupted by java.lang.InterruptedException
2019-08-24 00:25:47,872 [grpc-default-executor-6] INFO  server.GrpcServerProtocolService (GrpcServerProtocolService.java:onCompleted(104)) - 3a14c1ba-d90f-4e55-9b74-34a12c0cf08b: appendEntries completed
2019-08-24 00:25:47,877 [ForkJoinPool.commonPool-worker-1] INFO  impl.StateMachineUpdater (StateMachineUpdater.java:stopAndJoin(115)) - StateMachineUpdater:4d1e0fe6-60fd-4907-9842-f352edb6fbc8:group-7922B4F3146A: set stopIndex = 8
2019-08-24 00:25:47,877 [StateMachineUpdater:4d1e0fe6-60fd-4907-9842-f352edb6fbc8:group-7922B4F3146A] INFO  ratis.ContainerStateMachine (ContainerStateMachine.java:takeSnapshot(283)) - group-7922B4F3146A: Taking a snapshot at:(t:1, i:6) file /workdir/hadoop-ozone/integration-test/target/test-dir/MiniOzoneClusterImpl-2dd808d2-8d8b-4e9b-8867-1fe86c020870/datanode-2/data/ratis/7f6a3f23-b7cb-4e7d-a66a-7922b4f3146a/sm/snapshot.1_6
2019-08-24 00:25:47,877 [grpc-default-executor-4] INFO  server.GrpcLogAppender (GrpcLogAppender.java:onCompleted(292)) - 4d1e0fe6-60fd-4907-9842-f352edb6fbc8->3a14c1ba-d90f-4e55-9b74-34a12c0cf08b: follower responses appendEntries COMPLETED
2019-08-24 00:25:47,882 [grpc-default-executor-4] INFO  impl.FollowerInfo (FollowerInfo.java:lambda$new$0(50)) - 4d1e0fe6-60fd-4907-9842-f352edb6fbc8->3a14c1ba-d90f-4e55-9b74-34a12c0cf08b: nextIndex: updateUnconditionally 9 -> 8
2019-08-24 00:25:47,892 [StateMachineUpdater:4d1e0fe6-60fd-4907-9842-f352edb6fbc8:group-7922B4F3146A] INFO  ratis.ContainerStateMachine (ContainerStateMachine.java:takeSnapshot(294)) - group-7922B4F3146A: Finished taking a snapshot at:(t:1, i:6) file:/workdir/hadoop-ozone/integration-test/target/test-dir/MiniOzoneClusterImpl-2dd808d2-8d8b-4e9b-8867-1fe86c020870/datanode-2/data/ratis/7f6a3f23-b7cb-4e7d-a66a-7922b4f3146a/sm/snapshot.1_6 time:15
2019-08-24 00:25:47,892 [StateMachineUpdater:4d1e0fe6-60fd-4907-9842-f352edb6fbc8:group-7922B4F3146A] INFO  impl.StateMachineUpdater (StateMachineUpdater.java:takeSnapshot(242)) - StateMachineUpdater:4d1e0fe6-60fd-4907-9842-f352edb6fbc8:group-7922B4F3146A: Took a snapshot at index 6
2019-08-24 00:25:47,892 [StateMachineUpdater:4d1e0fe6-60fd-4907-9842-f352edb6fbc8:group-7922B4F3146A] INFO  impl.StateMachineUpdater (StateMachineUpdater.java:lambda$new$0(80)) - StateMachineUpdater:4d1e0fe6-60fd-4907-9842-f352edb6fbc8:group-7922B4F3146A: snapshotIndex: updateIncreasingly -1 -> 6
2019-08-24 00:25:47,896 [ForkJoinPool.commonPool-worker-1] INFO  impl.RaftServerImpl (ServerState.java:close(394)) - 4d1e0fe6-60fd-4907-9842-f352edb6fbc8:group-7922B4F3146A closes. The last applied log index is 8
2019-08-24 00:25:47,898 [main] INFO  statemachine.DatanodeStateMachine (DatanodeStateMachine.java:stopDaemon(395)) - Ozone container server stopped.
2019-08-24 00:25:47,898 [4d1e0fe6-60fd-4907-9842-f352edb6fbc8-SegmentedRaftLogWorker:Storage Directory /workdir/hadoop-ozone/integration-test/target/test-dir/MiniOzoneClusterImpl-2dd808d2-8d8b-4e9b-8867-1fe86c020870/datanode-2/data/ratis/7f6a3f23-b7cb-4e7d-a66a-7922b4f3146a] INFO  segmented.SegmentedRaftLogWorker (SegmentedRaftLogWorker.java:run(313)) - 4d1e0fe6-60fd-4907-9842-f352edb6fbc8-SegmentedRaftLogWorker:Storage Directory /workdir/hadoop-ozone/integration-test/target/test-dir/MiniOzoneClusterImpl-2dd808d2-8d8b-4e9b-8867-1fe86c020870/datanode-2/data/ratis/7f6a3f23-b7cb-4e7d-a66a-7922b4f3146a was interrupted, exiting. There are 0 tasks remaining in the queue.
2019-08-24 00:25:47,901 [ForkJoinPool.commonPool-worker-1] INFO  segmented.SegmentedRaftLogWorker (SegmentedRaftLogWorker.java:close(228)) - 4d1e0fe6-60fd-4907-9842-f352edb6fbc8-SegmentedRaftLogWorker:Storage Directory /workdir/hadoop-ozone/integration-test/target/test-dir/MiniOzoneClusterImpl-2dd808d2-8d8b-4e9b-8867-1fe86c020870/datanode-2/data/ratis/7f6a3f23-b7cb-4e7d-a66a-7922b4f3146a close()
2019-08-24 00:25:47,902 [ForkJoinPool.commonPool-worker-1] INFO  server.GrpcService (GrpcService.java:closeImpl(155)) - 4d1e0fe6-60fd-4907-9842-f352edb6fbc8: shutdown server with port 43840 now
2019-08-24 00:25:47,902 [main] INFO  handler.ContextHandler (ContextHandler.java:doStop(910)) - Stopped o.e.j.w.WebAppContext@bb50de6{/,null,UNAVAILABLE}{/hddsDatanode}
2019-08-24 00:25:47,903 [ForkJoinPool.commonPool-worker-1] INFO  server.GrpcService (GrpcService.java:closeImpl(163)) - 4d1e0fe6-60fd-4907-9842-f352edb6fbc8: shutdown server with port 43840 successfully
2019-08-24 00:25:47,904 [main] INFO  server.AbstractConnector (AbstractConnector.java:doStop(318)) - Stopped ServerConnector@2b6b487c{HTTP/1.1,[http/1.1]}{0.0.0.0:0}
2019-08-24 00:25:47,904 [main] INFO  handler.ContextHandler (ContextHandler.java:doStop(910)) - Stopped o.e.j.s.ServletContextHandler@31880efa{/static,jar:file:/home/user/.m2/repository/org/apache/hadoop/hadoop-hdds-container-service/0.5.0-SNAPSHOT/hadoop-hdds-container-service-0.5.0-SNAPSHOT.jar!/webapps/static,UNAVAILABLE}
2019-08-24 00:25:47,904 [ForkJoinPool.commonPool-worker-1] INFO  utils.BackgroundService (BackgroundService.java:shutdown(148)) - Shutting down service BlockDeletingService
2019-08-24 00:25:47,905 [main] INFO  handler.ContextHandler (ContextHandler.java:doStop(910)) - Stopped o.e.j.s.ServletContextHandler@51508029{/logs,file:///workdir/hadoop-ozone/integration-test/target/log,UNAVAILABLE}
2019-08-24 00:25:47,906 [main] INFO  datanode.ObjectStoreHandler (ObjectStoreHandler.java:close(155)) - Closing ObjectStoreHandler.
2019-08-24 00:25:47,907 [main] INFO  ozone.HddsDatanodeService (HddsDatanodeService.java:stop(451)) - Stopped plug-in org.apache.hadoop.ozone.web.OzoneHddsDatanodeService@4e3ffd0
2019-08-24 00:25:47,908 [refreshUsed-/workdir/hadoop-ozone/integration-test/target/test-dir/MiniOzoneClusterImpl-2dd808d2-8d8b-4e9b-8867-1fe86c020870/datanode-2/data/containers] WARN  fs.CachingGetSpaceUsed (CachingGetSpaceUsed.java:run(183)) - Thread Interrupted waiting to refresh disk information: sleep interrupted
2019-08-24 00:25:47,909 | INFO  | SCMAudit | user=jenkins1000 | ip=192.168.34.57 | op=SEND_HEARTBEAT {datanodeUUID=3a14c1ba-d90f-4e55-9b74-34a12c0cf08b, command=[]} | ret=SUCCESS |  
2019-08-24 00:25:47,927 [ForkJoinPool.commonPool-worker-1] INFO  statemachine.DatanodeStateMachine (DatanodeStateMachine.java:stopDaemon(395)) - Ozone container server stopped.
2019-08-24 00:25:47,932 [ForkJoinPool.commonPool-worker-1] INFO  handler.ContextHandler (ContextHandler.java:doStop(910)) - Stopped o.e.j.w.WebAppContext@47ef5a33{/,null,UNAVAILABLE}{/hddsDatanode}
2019-08-24 00:25:47,933 [ForkJoinPool.commonPool-worker-1] INFO  server.AbstractConnector (AbstractConnector.java:doStop(318)) - Stopped ServerConnector@6a278584{HTTP/1.1,[http/1.1]}{0.0.0.0:0}
2019-08-24 00:25:47,935 [ForkJoinPool.commonPool-worker-1] INFO  handler.ContextHandler (ContextHandler.java:doStop(910)) - Stopped o.e.j.s.ServletContextHandler@70d687b8{/static,jar:file:/home/user/.m2/repository/org/apache/hadoop/hadoop-hdds-container-service/0.5.0-SNAPSHOT/hadoop-hdds-container-service-0.5.0-SNAPSHOT.jar!/webapps/static,UNAVAILABLE}
2019-08-24 00:25:47,937 [ForkJoinPool.commonPool-worker-1] INFO  handler.ContextHandler (ContextHandler.java:doStop(910)) - Stopped o.e.j.s.ServletContextHandler@5a7a6d34{/logs,file:///workdir/hadoop-ozone/integration-test/target/log,UNAVAILABLE}
2019-08-24 00:25:47,938 [ForkJoinPool.commonPool-worker-1] INFO  datanode.ObjectStoreHandler (ObjectStoreHandler.java:close(155)) - Closing ObjectStoreHandler.
2019-08-24 00:25:47,938 [ForkJoinPool.commonPool-worker-1] INFO  ozone.HddsDatanodeService (HddsDatanodeService.java:stop(451)) - Stopped plug-in org.apache.hadoop.ozone.web.OzoneHddsDatanodeService@1ddf42dd
2019-08-24 00:25:48,160 | INFO  | SCMAudit | user=jenkins1000 | ip=192.168.34.57 | op=SEND_HEARTBEAT {datanodeUUID=a2fab492-56f3-43b8-af5f-239f4e38d11d, command=[]} | ret=SUCCESS |  
2019-08-24 00:25:48,371 [Datanode State Machine Thread - 0] INFO  statemachine.DatanodeStateMachine (DatanodeStateMachine.java:lambda$startDaemon$0(350)) - Ozone container server started.
2019-08-24 00:25:48,909 [Datanode State Machine Thread - 0] INFO  statemachine.DatanodeStateMachine (DatanodeStateMachine.java:lambda$startDaemon$0(350)) - Ozone container server started.
2019-08-24 00:25:49,161 | INFO  | SCMAudit | user=jenkins1000 | ip=192.168.34.57 | op=SEND_HEARTBEAT {datanodeUUID=a2fab492-56f3-43b8-af5f-239f4e38d11d, command=[]} | ret=SUCCESS |  
2019-08-24 00:25:50,161 | INFO  | SCMAudit | user=jenkins1000 | ip=192.168.34.57 | op=SEND_HEARTBEAT {datanodeUUID=a2fab492-56f3-43b8-af5f-239f4e38d11d, command=[]} | ret=SUCCESS |  
2019-08-24 00:25:50,581 [Thread-787] INFO  impl.FollowerState (FollowerState.java:run(106)) - a2fab492-56f3-43b8-af5f-239f4e38d11d:group-D8B9D57F4B59 changes to CANDIDATE, lastRpcTime:8127, electionTimeout:5197ms
2019-08-24 00:25:50,581 [Thread-787] INFO  impl.RoleInfo (RoleInfo.java:shutdownFollowerState(121)) - a2fab492-56f3-43b8-af5f-239f4e38d11d: shutdown FollowerState
2019-08-24 00:25:50,581 [Thread-787] INFO  impl.RaftServerImpl (RaftServerImpl.java:setRole(171)) - a2fab492-56f3-43b8-af5f-239f4e38d11d:group-D8B9D57F4B59 changes role from FOLLOWER to CANDIDATE at term 1 for changeToCandidate
2019-08-24 00:25:50,581 [Thread-787] INFO  impl.RoleInfo (RoleInfo.java:updateAndGet(143)) - a2fab492-56f3-43b8-af5f-239f4e38d11d: start LeaderElection
2019-08-24 00:25:50,587 [a2fab492-56f3-43b8-af5f-239f4e38d11d:group-D8B9D57F4B59:LeaderElection23] INFO  impl.RaftServerImpl (ServerState.java:setLeader(263)) - a2fab492-56f3-43b8-af5f-239f4e38d11d:group-D8B9D57F4B59 change Leader from 5da42abd-867e-47ba-b805-7d971175ab74 to null at term 1 for initElection
2019-08-24 00:25:50,601 [a2fab492-56f3-43b8-af5f-239f4e38d11d:group-D8B9D57F4B59:LeaderElection23] INFO  impl.LeaderElection (LeaderElection.java:askForVotes(181)) - a2fab492-56f3-43b8-af5f-239f4e38d11d:group-D8B9D57F4B59:LeaderElection23: begin an election at term 2 for 0: [5da42abd-867e-47ba-b805-7d971175ab74:192.168.34.57:39506, a2fab492-56f3-43b8-af5f-239f4e38d11d:192.168.34.57:39540, 6f3ac5a3-43f3-4ed6-928d-1c9df2f8e2aa:192.168.34.57:34651], old=null
2019-08-24 00:25:50,612 [a2fab492-56f3-43b8-af5f-239f4e38d11d:group-D8B9D57F4B59:LeaderElection23] INFO  impl.LeaderElection (LogUtils.java:infoOrTrace(149)) - a2fab492-56f3-43b8-af5f-239f4e38d11d:group-D8B9D57F4B59:LeaderElection23 got exception when requesting votes: {}
java.util.concurrent.ExecutionException: org.apache.ratis.thirdparty.io.grpc.StatusRuntimeException: UNAVAILABLE: io exception
	at java.util.concurrent.FutureTask.report(FutureTask.java:122)
	at java.util.concurrent.FutureTask.get(FutureTask.java:192)
	at org.apache.ratis.server.impl.LeaderElection.waitForResults(LeaderElection.java:262)
	at org.apache.ratis.server.impl.LeaderElection.askForVotes(LeaderElection.java:200)
	at org.apache.ratis.server.impl.LeaderElection.run(LeaderElection.java:130)
	at java.lang.Thread.run(Thread.java:748)
Caused by: org.apache.ratis.thirdparty.io.grpc.StatusRuntimeException: UNAVAILABLE: io exception
	at org.apache.ratis.thirdparty.io.grpc.stub.ClientCalls.toStatusRuntimeException(ClientCalls.java:233)
	at org.apache.ratis.thirdparty.io.grpc.stub.ClientCalls.getUnchecked(ClientCalls.java:214)
	at org.apache.ratis.thirdparty.io.grpc.stub.ClientCalls.blockingUnaryCall(ClientCalls.java:139)
	at org.apache.ratis.proto.grpc.RaftServerProtocolServiceGrpc$RaftServerProtocolServiceBlockingStub.requestVote(RaftServerProtocolServiceGrpc.java:265)
	at org.apache.ratis.grpc.server.GrpcServerProtocolClient.requestVote(GrpcServerProtocolClient.java:83)
	at org.apache.ratis.grpc.server.GrpcService.requestVote(GrpcService.java:195)
	at org.apache.ratis.server.impl.LeaderElection.lambda$submitRequests$1(LeaderElection.java:237)
	at java.util.concurrent.FutureTask.run(FutureTask.java:266)
	at java.util.concurrent.Executors$RunnableAdapter.call(Executors.java:511)
	at java.util.concurrent.FutureTask.run(FutureTask.java:266)
	at java.util.concurrent.ThreadPoolExecutor.runWorker(ThreadPoolExecutor.java:1149)
	at java.util.concurrent.ThreadPoolExecutor$Worker.run(ThreadPoolExecutor.java:624)
	... 1 more
Caused by: org.apache.ratis.thirdparty.io.netty.channel.AbstractChannel$AnnotatedConnectException: Connection refused: /192.168.34.57:39506
	at sun.nio.ch.SocketChannelImpl.checkConnect(Native Method)
	at sun.nio.ch.SocketChannelImpl.finishConnect(SocketChannelImpl.java:717)
	at org.apache.ratis.thirdparty.io.netty.channel.socket.nio.NioSocketChannel.doFinishConnect(NioSocketChannel.java:327)
	at org.apache.ratis.thirdparty.io.netty.channel.nio.AbstractNioChannel$AbstractNioUnsafe.finishConnect(AbstractNioChannel.java:340)
	at org.apache.ratis.thirdparty.io.netty.channel.nio.NioEventLoop.processSelectedKey(NioEventLoop.java:632)
	at org.apache.ratis.thirdparty.io.netty.channel.nio.NioEventLoop.processSelectedKeysOptimized(NioEventLoop.java:579)
	at org.apache.ratis.thirdparty.io.netty.channel.nio.NioEventLoop.processSelectedKeys(NioEventLoop.java:496)
	at org.apache.ratis.thirdparty.io.netty.channel.nio.NioEventLoop.run(NioEventLoop.java:458)
	at org.apache.ratis.thirdparty.io.netty.util.concurrent.SingleThreadEventExecutor$5.run(SingleThreadEventExecutor.java:897)
	at org.apache.ratis.thirdparty.io.netty.util.concurrent.FastThreadLocalRunnable.run(FastThreadLocalRunnable.java:30)
	... 1 more
Caused by: java.net.ConnectException: Connection refused
	... 11 more
2019-08-24 00:25:50,619 [a2fab492-56f3-43b8-af5f-239f4e38d11d:group-D8B9D57F4B59:LeaderElection23] INFO  impl.LeaderElection (LogUtils.java:infoOrTrace(149)) - a2fab492-56f3-43b8-af5f-239f4e38d11d:group-D8B9D57F4B59:LeaderElection23 got exception when requesting votes: {}
java.util.concurrent.ExecutionException: org.apache.ratis.thirdparty.io.grpc.StatusRuntimeException: UNAVAILABLE: io exception
	at java.util.concurrent.FutureTask.report(FutureTask.java:122)
	at java.util.concurrent.FutureTask.get(FutureTask.java:192)
	at org.apache.ratis.server.impl.LeaderElection.waitForResults(LeaderElection.java:262)
	at org.apache.ratis.server.impl.LeaderElection.askForVotes(LeaderElection.java:200)
	at org.apache.ratis.server.impl.LeaderElection.run(LeaderElection.java:130)
	at java.lang.Thread.run(Thread.java:748)
Caused by: org.apache.ratis.thirdparty.io.grpc.StatusRuntimeException: UNAVAILABLE: io exception
	at org.apache.ratis.thirdparty.io.grpc.stub.ClientCalls.toStatusRuntimeException(ClientCalls.java:233)
	at org.apache.ratis.thirdparty.io.grpc.stub.ClientCalls.getUnchecked(ClientCalls.java:214)
	at org.apache.ratis.thirdparty.io.grpc.stub.ClientCalls.blockingUnaryCall(ClientCalls.java:139)
	at org.apache.ratis.proto.grpc.RaftServerProtocolServiceGrpc$RaftServerProtocolServiceBlockingStub.requestVote(RaftServerProtocolServiceGrpc.java:265)
	at org.apache.ratis.grpc.server.GrpcServerProtocolClient.requestVote(GrpcServerProtocolClient.java:83)
	at org.apache.ratis.grpc.server.GrpcService.requestVote(GrpcService.java:195)
	at org.apache.ratis.server.impl.LeaderElection.lambda$submitRequests$1(LeaderElection.java:237)
	at java.util.concurrent.FutureTask.run(FutureTask.java:266)
	at java.util.concurrent.Executors$RunnableAdapter.call(Executors.java:511)
	at java.util.concurrent.FutureTask.run(FutureTask.java:266)
	at java.util.concurrent.ThreadPoolExecutor.runWorker(ThreadPoolExecutor.java:1149)
	at java.util.concurrent.ThreadPoolExecutor$Worker.run(ThreadPoolExecutor.java:624)
	... 1 more
Caused by: org.apache.ratis.thirdparty.io.netty.channel.AbstractChannel$AnnotatedConnectException: Connection refused: /192.168.34.57:34651
	at sun.nio.ch.SocketChannelImpl.checkConnect(Native Method)
	at sun.nio.ch.SocketChannelImpl.finishConnect(SocketChannelImpl.java:717)
	at org.apache.ratis.thirdparty.io.netty.channel.socket.nio.NioSocketChannel.doFinishConnect(NioSocketChannel.java:327)
	at org.apache.ratis.thirdparty.io.netty.channel.nio.AbstractNioChannel$AbstractNioUnsafe.finishConnect(AbstractNioChannel.java:340)
	at org.apache.ratis.thirdparty.io.netty.channel.nio.NioEventLoop.processSelectedKey(NioEventLoop.java:632)
	at org.apache.ratis.thirdparty.io.netty.channel.nio.NioEventLoop.processSelectedKeysOptimized(NioEventLoop.java:579)
	at org.apache.ratis.thirdparty.io.netty.channel.nio.NioEventLoop.processSelectedKeys(NioEventLoop.java:496)
	at org.apache.ratis.thirdparty.io.netty.channel.nio.NioEventLoop.run(NioEventLoop.java:458)
	at org.apache.ratis.thirdparty.io.netty.util.concurrent.SingleThreadEventExecutor$5.run(SingleThreadEventExecutor.java:897)
	at org.apache.ratis.thirdparty.io.netty.util.concurrent.FastThreadLocalRunnable.run(FastThreadLocalRunnable.java:30)
	... 1 more
Caused by: java.net.ConnectException: Connection refused
	... 11 more
2019-08-24 00:25:50,621 [a2fab492-56f3-43b8-af5f-239f4e38d11d:group-D8B9D57F4B59:LeaderElection23] INFO  impl.LeaderElection (LeaderElection.java:logAndReturn(56)) - a2fab492-56f3-43b8-af5f-239f4e38d11d:group-D8B9D57F4B59:LeaderElection23: Election REJECTED; received 0 response(s) [] and 2 exception(s); a2fab492-56f3-43b8-af5f-239f4e38d11d:t2, leader=null, voted=a2fab492-56f3-43b8-af5f-239f4e38d11d, raftlog=a2fab492-56f3-43b8-af5f-239f4e38d11d-SegmentedRaftLog:OPENED:c0,f0,i0, conf=0: [5da42abd-867e-47ba-b805-7d971175ab74:192.168.34.57:39506, a2fab492-56f3-43b8-af5f-239f4e38d11d:192.168.34.57:39540, 6f3ac5a3-43f3-4ed6-928d-1c9df2f8e2aa:192.168.34.57:34651], old=null
2019-08-24 00:25:50,621 [a2fab492-56f3-43b8-af5f-239f4e38d11d:group-D8B9D57F4B59:LeaderElection23] INFO  impl.LeaderElection (LogUtils.java:infoOrTrace(149)) -   Exception 0: {}
java.util.concurrent.ExecutionException: org.apache.ratis.thirdparty.io.grpc.StatusRuntimeException: UNAVAILABLE: io exception
	at java.util.concurrent.FutureTask.report(FutureTask.java:122)
	at java.util.concurrent.FutureTask.get(FutureTask.java:192)
	at org.apache.ratis.server.impl.LeaderElection.waitForResults(LeaderElection.java:262)
	at org.apache.ratis.server.impl.LeaderElection.askForVotes(LeaderElection.java:200)
	at org.apache.ratis.server.impl.LeaderElection.run(LeaderElection.java:130)
	at java.lang.Thread.run(Thread.java:748)
Caused by: org.apache.ratis.thirdparty.io.grpc.StatusRuntimeException: UNAVAILABLE: io exception
	at org.apache.ratis.thirdparty.io.grpc.stub.ClientCalls.toStatusRuntimeException(ClientCalls.java:233)
	at org.apache.ratis.thirdparty.io.grpc.stub.ClientCalls.getUnchecked(ClientCalls.java:214)
	at org.apache.ratis.thirdparty.io.grpc.stub.ClientCalls.blockingUnaryCall(ClientCalls.java:139)
	at org.apache.ratis.proto.grpc.RaftServerProtocolServiceGrpc$RaftServerProtocolServiceBlockingStub.requestVote(RaftServerProtocolServiceGrpc.java:265)
	at org.apache.ratis.grpc.server.GrpcServerProtocolClient.requestVote(GrpcServerProtocolClient.java:83)
	at org.apache.ratis.grpc.server.GrpcService.requestVote(GrpcService.java:195)
	at org.apache.ratis.server.impl.LeaderElection.lambda$submitRequests$1(LeaderElection.java:237)
	at java.util.concurrent.FutureTask.run(FutureTask.java:266)
	at java.util.concurrent.Executors$RunnableAdapter.call(Executors.java:511)
	at java.util.concurrent.FutureTask.run(FutureTask.java:266)
	at java.util.concurrent.ThreadPoolExecutor.runWorker(ThreadPoolExecutor.java:1149)
	at java.util.concurrent.ThreadPoolExecutor$Worker.run(ThreadPoolExecutor.java:624)
	... 1 more
Caused by: org.apache.ratis.thirdparty.io.netty.channel.AbstractChannel$AnnotatedConnectException: Connection refused: /192.168.34.57:39506
	at sun.nio.ch.SocketChannelImpl.checkConnect(Native Method)
	at sun.nio.ch.SocketChannelImpl.finishConnect(SocketChannelImpl.java:717)
	at org.apache.ratis.thirdparty.io.netty.channel.socket.nio.NioSocketChannel.doFinishConnect(NioSocketChannel.java:327)
	at org.apache.ratis.thirdparty.io.netty.channel.nio.AbstractNioChannel$AbstractNioUnsafe.finishConnect(AbstractNioChannel.java:340)
	at org.apache.ratis.thirdparty.io.netty.channel.nio.NioEventLoop.processSelectedKey(NioEventLoop.java:632)
	at org.apache.ratis.thirdparty.io.netty.channel.nio.NioEventLoop.processSelectedKeysOptimized(NioEventLoop.java:579)
	at org.apache.ratis.thirdparty.io.netty.channel.nio.NioEventLoop.processSelectedKeys(NioEventLoop.java:496)
	at org.apache.ratis.thirdparty.io.netty.channel.nio.NioEventLoop.run(NioEventLoop.java:458)
	at org.apache.ratis.thirdparty.io.netty.util.concurrent.SingleThreadEventExecutor$5.run(SingleThreadEventExecutor.java:897)
	at org.apache.ratis.thirdparty.io.netty.util.concurrent.FastThreadLocalRunnable.run(FastThreadLocalRunnable.java:30)
	... 1 more
Caused by: java.net.ConnectException: Connection refused
	... 11 more
2019-08-24 00:25:50,622 [a2fab492-56f3-43b8-af5f-239f4e38d11d:group-D8B9D57F4B59:LeaderElection23] INFO  impl.LeaderElection (LogUtils.java:infoOrTrace(149)) -   Exception 1: {}
java.util.concurrent.ExecutionException: org.apache.ratis.thirdparty.io.grpc.StatusRuntimeException: UNAVAILABLE: io exception
	at java.util.concurrent.FutureTask.report(FutureTask.java:122)
	at java.util.concurrent.FutureTask.get(FutureTask.java:192)
	at org.apache.ratis.server.impl.LeaderElection.waitForResults(LeaderElection.java:262)
	at org.apache.ratis.server.impl.LeaderElection.askForVotes(LeaderElection.java:200)
	at org.apache.ratis.server.impl.LeaderElection.run(LeaderElection.java:130)
	at java.lang.Thread.run(Thread.java:748)
Caused by: org.apache.ratis.thirdparty.io.grpc.StatusRuntimeException: UNAVAILABLE: io exception
	at org.apache.ratis.thirdparty.io.grpc.stub.ClientCalls.toStatusRuntimeException(ClientCalls.java:233)
	at org.apache.ratis.thirdparty.io.grpc.stub.ClientCalls.getUnchecked(ClientCalls.java:214)
	at org.apache.ratis.thirdparty.io.grpc.stub.ClientCalls.blockingUnaryCall(ClientCalls.java:139)
	at org.apache.ratis.proto.grpc.RaftServerProtocolServiceGrpc$RaftServerProtocolServiceBlockingStub.requestVote(RaftServerProtocolServiceGrpc.java:265)
	at org.apache.ratis.grpc.server.GrpcServerProtocolClient.requestVote(GrpcServerProtocolClient.java:83)
	at org.apache.ratis.grpc.server.GrpcService.requestVote(GrpcService.java:195)
	at org.apache.ratis.server.impl.LeaderElection.lambda$submitRequests$1(LeaderElection.java:237)
	at java.util.concurrent.FutureTask.run(FutureTask.java:266)
	at java.util.concurrent.Executors$RunnableAdapter.call(Executors.java:511)
	at java.util.concurrent.FutureTask.run(FutureTask.java:266)
	at java.util.concurrent.ThreadPoolExecutor.runWorker(ThreadPoolExecutor.java:1149)
	at java.util.concurrent.ThreadPoolExecutor$Worker.run(ThreadPoolExecutor.java:624)
	... 1 more
Caused by: org.apache.ratis.thirdparty.io.netty.channel.AbstractChannel$AnnotatedConnectException: Connection refused: /192.168.34.57:34651
	at sun.nio.ch.SocketChannelImpl.checkConnect(Native Method)
	at sun.nio.ch.SocketChannelImpl.finishConnect(SocketChannelImpl.java:717)
	at org.apache.ratis.thirdparty.io.netty.channel.socket.nio.NioSocketChannel.doFinishConnect(NioSocketChannel.java:327)
	at org.apache.ratis.thirdparty.io.netty.channel.nio.AbstractNioChannel$AbstractNioUnsafe.finishConnect(AbstractNioChannel.java:340)
	at org.apache.ratis.thirdparty.io.netty.channel.nio.NioEventLoop.processSelectedKey(NioEventLoop.java:632)
	at org.apache.ratis.thirdparty.io.netty.channel.nio.NioEventLoop.processSelectedKeysOptimized(NioEventLoop.java:579)
	at org.apache.ratis.thirdparty.io.netty.channel.nio.NioEventLoop.processSelectedKeys(NioEventLoop.java:496)
	at org.apache.ratis.thirdparty.io.netty.channel.nio.NioEventLoop.run(NioEventLoop.java:458)
	at org.apache.ratis.thirdparty.io.netty.util.concurrent.SingleThreadEventExecutor$5.run(SingleThreadEventExecutor.java:897)
	at org.apache.ratis.thirdparty.io.netty.util.concurrent.FastThreadLocalRunnable.run(FastThreadLocalRunnable.java:30)
	... 1 more
Caused by: java.net.ConnectException: Connection refused
	... 11 more
2019-08-24 00:25:50,625 [a2fab492-56f3-43b8-af5f-239f4e38d11d:group-D8B9D57F4B59:LeaderElection23] INFO  impl.RaftServerImpl (RaftServerImpl.java:setRole(171)) - a2fab492-56f3-43b8-af5f-239f4e38d11d:group-D8B9D57F4B59 changes role from CANDIDATE to FOLLOWER at term 2 for DISCOVERED_A_NEW_TERM
2019-08-24 00:25:50,626 [a2fab492-56f3-43b8-af5f-239f4e38d11d:group-D8B9D57F4B59:LeaderElection23] INFO  impl.RoleInfo (RoleInfo.java:shutdownLeaderElection(134)) - a2fab492-56f3-43b8-af5f-239f4e38d11d: shutdown LeaderElection
2019-08-24 00:25:50,626 [a2fab492-56f3-43b8-af5f-239f4e38d11d:group-D8B9D57F4B59:LeaderElection23] INFO  impl.RoleInfo (RoleInfo.java:updateAndGet(143)) - a2fab492-56f3-43b8-af5f-239f4e38d11d: start FollowerState
2019-08-24 00:25:51,161 | INFO  | SCMAudit | user=jenkins1000 | ip=192.168.34.57 | op=SEND_HEARTBEAT {datanodeUUID=a2fab492-56f3-43b8-af5f-239f4e38d11d, command=[]} | ret=SUCCESS |  
2019-08-24 00:25:52,161 | INFO  | SCMAudit | user=jenkins1000 | ip=192.168.34.57 | op=SEND_HEARTBEAT {datanodeUUID=a2fab492-56f3-43b8-af5f-239f4e38d11d, command=[]} | ret=SUCCESS |  
2019-08-24 00:25:52,908 [main] INFO  ozoneimpl.OzoneContainer (OzoneContainer.java:stop(199)) - Attempting to stop container services.
2019-08-24 00:25:52,909 [main] INFO  impl.RaftServerProxy (RaftServerProxy.java:lambda$close$4(314)) - 44c7f39a-9454-4511-9eaf-9b72a4aa6bb9: close
2019-08-24 00:25:52,909 [main] INFO  impl.RaftServerImpl (RaftServerImpl.java:lambda$shutdown$3(245)) - 44c7f39a-9454-4511-9eaf-9b72a4aa6bb9: shutdown group-4FE4CD0750A7
2019-08-24 00:25:52,910 [main] INFO  util.JmxRegister (JmxRegister.java:unregister(73)) - Successfully un-registered JMX Bean with object name Ratis:service=RaftServer,group=group-4FE4CD0750A7,id=44c7f39a-9454-4511-9eaf-9b72a4aa6bb9
2019-08-24 00:25:52,910 [main] INFO  impl.RoleInfo (RoleInfo.java:shutdownLeaderState(104)) - 44c7f39a-9454-4511-9eaf-9b72a4aa6bb9: shutdown LeaderState
2019-08-24 00:25:52,911 [main] INFO  impl.PendingRequests (PendingRequests.java:sendNotLeaderResponses(202)) - 44c7f39a-9454-4511-9eaf-9b72a4aa6bb9-PendingRequests: sendNotLeaderResponses
2019-08-24 00:25:52,911 [main] INFO  impl.StateMachineUpdater (StateMachineUpdater.java:stopAndJoin(115)) - StateMachineUpdater:44c7f39a-9454-4511-9eaf-9b72a4aa6bb9:group-4FE4CD0750A7: set stopIndex = 0
2019-08-24 00:25:52,914 [main] INFO  impl.RaftServerImpl (ServerState.java:close(394)) - 44c7f39a-9454-4511-9eaf-9b72a4aa6bb9:group-4FE4CD0750A7 closes. The last applied log index is 0
2019-08-24 00:25:52,915 [44c7f39a-9454-4511-9eaf-9b72a4aa6bb9-SegmentedRaftLogWorker:Storage Directory /workdir/hadoop-ozone/integration-test/target/test-dir/MiniOzoneClusterImpl-2dd808d2-8d8b-4e9b-8867-1fe86c020870/datanode-6/data/ratis/d7401b8a-3afd-4de7-af28-4fe4cd0750a7] INFO  segmented.SegmentedRaftLogWorker (SegmentedRaftLogWorker.java:run(313)) - 44c7f39a-9454-4511-9eaf-9b72a4aa6bb9-SegmentedRaftLogWorker:Storage Directory /workdir/hadoop-ozone/integration-test/target/test-dir/MiniOzoneClusterImpl-2dd808d2-8d8b-4e9b-8867-1fe86c020870/datanode-6/data/ratis/d7401b8a-3afd-4de7-af28-4fe4cd0750a7 was interrupted, exiting. There are 0 tasks remaining in the queue.
2019-08-24 00:25:52,917 [main] INFO  segmented.SegmentedRaftLogWorker (SegmentedRaftLogWorker.java:close(228)) - 44c7f39a-9454-4511-9eaf-9b72a4aa6bb9-SegmentedRaftLogWorker:Storage Directory /workdir/hadoop-ozone/integration-test/target/test-dir/MiniOzoneClusterImpl-2dd808d2-8d8b-4e9b-8867-1fe86c020870/datanode-6/data/ratis/d7401b8a-3afd-4de7-af28-4fe4cd0750a7 close()
2019-08-24 00:25:52,919 [main] INFO  server.GrpcService (GrpcService.java:closeImpl(155)) - 44c7f39a-9454-4511-9eaf-9b72a4aa6bb9: shutdown server with port 45556 now
2019-08-24 00:25:52,921 [main] INFO  server.GrpcService (GrpcService.java:closeImpl(163)) - 44c7f39a-9454-4511-9eaf-9b72a4aa6bb9: shutdown server with port 45556 successfully
2019-08-24 00:25:52,923 [main] INFO  utils.BackgroundService (BackgroundService.java:shutdown(148)) - Shutting down service BlockDeletingService
2019-08-24 00:25:52,925 [refreshUsed-/workdir/hadoop-ozone/integration-test/target/test-dir/MiniOzoneClusterImpl-2dd808d2-8d8b-4e9b-8867-1fe86c020870/datanode-6/data/containers] WARN  fs.CachingGetSpaceUsed (CachingGetSpaceUsed.java:run(183)) - Thread Interrupted waiting to refresh disk information: sleep interrupted
2019-08-24 00:25:52,939 [ForkJoinPool.commonPool-worker-1] INFO  ozoneimpl.OzoneContainer (OzoneContainer.java:stop(199)) - Attempting to stop container services.
2019-08-24 00:25:52,940 [ForkJoinPool.commonPool-worker-1] INFO  impl.RaftServerProxy (RaftServerProxy.java:lambda$close$4(314)) - 3a14c1ba-d90f-4e55-9b74-34a12c0cf08b: close
2019-08-24 00:25:52,940 [ForkJoinPool.commonPool-worker-1] INFO  impl.RaftServerImpl (RaftServerImpl.java:lambda$shutdown$3(245)) - 3a14c1ba-d90f-4e55-9b74-34a12c0cf08b: shutdown group-8E97244D584C
2019-08-24 00:25:52,940 [ForkJoinPool.commonPool-worker-1] INFO  util.JmxRegister (JmxRegister.java:unregister(73)) - Successfully un-registered JMX Bean with object name Ratis:service=RaftServer,group=group-8E97244D584C,id=3a14c1ba-d90f-4e55-9b74-34a12c0cf08b
2019-08-24 00:25:52,941 [ForkJoinPool.commonPool-worker-1] INFO  impl.RoleInfo (RoleInfo.java:shutdownLeaderState(104)) - 3a14c1ba-d90f-4e55-9b74-34a12c0cf08b: shutdown LeaderState
2019-08-24 00:25:52,941 [ForkJoinPool.commonPool-worker-1] INFO  impl.PendingRequests (PendingRequests.java:sendNotLeaderResponses(202)) - 3a14c1ba-d90f-4e55-9b74-34a12c0cf08b-PendingRequests: sendNotLeaderResponses
2019-08-24 00:25:52,941 [ForkJoinPool.commonPool-worker-1] INFO  impl.StateMachineUpdater (StateMachineUpdater.java:stopAndJoin(115)) - StateMachineUpdater:3a14c1ba-d90f-4e55-9b74-34a12c0cf08b:group-8E97244D584C: set stopIndex = 0
2019-08-24 00:25:52,943 [ForkJoinPool.commonPool-worker-1] INFO  impl.RaftServerImpl (ServerState.java:close(394)) - 3a14c1ba-d90f-4e55-9b74-34a12c0cf08b:group-8E97244D584C closes. The last applied log index is 0
2019-08-24 00:25:52,943 [3a14c1ba-d90f-4e55-9b74-34a12c0cf08b-SegmentedRaftLogWorker:Storage Directory /workdir/hadoop-ozone/integration-test/target/test-dir/MiniOzoneClusterImpl-2dd808d2-8d8b-4e9b-8867-1fe86c020870/datanode-0/data/ratis/1d895004-8df5-4c69-bdb6-8e97244d584c] INFO  segmented.SegmentedRaftLogWorker (SegmentedRaftLogWorker.java:run(313)) - 3a14c1ba-d90f-4e55-9b74-34a12c0cf08b-SegmentedRaftLogWorker:Storage Directory /workdir/hadoop-ozone/integration-test/target/test-dir/MiniOzoneClusterImpl-2dd808d2-8d8b-4e9b-8867-1fe86c020870/datanode-0/data/ratis/1d895004-8df5-4c69-bdb6-8e97244d584c was interrupted, exiting. There are 0 tasks remaining in the queue.
2019-08-24 00:25:52,946 [ForkJoinPool.commonPool-worker-1] INFO  segmented.SegmentedRaftLogWorker (SegmentedRaftLogWorker.java:close(228)) - 3a14c1ba-d90f-4e55-9b74-34a12c0cf08b-SegmentedRaftLogWorker:Storage Directory /workdir/hadoop-ozone/integration-test/target/test-dir/MiniOzoneClusterImpl-2dd808d2-8d8b-4e9b-8867-1fe86c020870/datanode-0/data/ratis/1d895004-8df5-4c69-bdb6-8e97244d584c close()
2019-08-24 00:25:52,955 [main] INFO  statemachine.DatanodeStateMachine (DatanodeStateMachine.java:stopDaemon(395)) - Ozone container server stopped.
2019-08-24 00:25:52,955 [ForkJoinPool.commonPool-worker-1] INFO  impl.RaftServerImpl (RaftServerImpl.java:lambda$shutdown$3(245)) - 3a14c1ba-d90f-4e55-9b74-34a12c0cf08b: shutdown group-7922B4F3146A
2019-08-24 00:25:52,956 [ForkJoinPool.commonPool-worker-1] INFO  util.JmxRegister (JmxRegister.java:unregister(73)) - Successfully un-registered JMX Bean with object name Ratis:service=RaftServer,group=group-7922B4F3146A,id=3a14c1ba-d90f-4e55-9b74-34a12c0cf08b
2019-08-24 00:25:52,956 [ForkJoinPool.commonPool-worker-1] INFO  impl.RoleInfo (RoleInfo.java:shutdownFollowerState(121)) - 3a14c1ba-d90f-4e55-9b74-34a12c0cf08b: shutdown FollowerState
2019-08-24 00:25:52,956 [ForkJoinPool.commonPool-worker-1] INFO  impl.StateMachineUpdater (StateMachineUpdater.java:stopAndJoin(115)) - StateMachineUpdater:3a14c1ba-d90f-4e55-9b74-34a12c0cf08b:group-7922B4F3146A: set stopIndex = 8
2019-08-24 00:25:52,957 [StateMachineUpdater:3a14c1ba-d90f-4e55-9b74-34a12c0cf08b:group-7922B4F3146A] INFO  ratis.ContainerStateMachine (ContainerStateMachine.java:takeSnapshot(283)) - group-7922B4F3146A: Taking a snapshot at:(t:1, i:6) file /workdir/hadoop-ozone/integration-test/target/test-dir/MiniOzoneClusterImpl-2dd808d2-8d8b-4e9b-8867-1fe86c020870/datanode-0/data/ratis/7f6a3f23-b7cb-4e7d-a66a-7922b4f3146a/sm/snapshot.1_6
2019-08-24 00:25:52,956 [Thread-766] INFO  impl.FollowerState (FollowerState.java:run(114)) - 3a14c1ba-d90f-4e55-9b74-34a12c0cf08b: FollowerState was interrupted: java.lang.InterruptedException: sleep interrupted
2019-08-24 00:25:52,956 [main] INFO  handler.ContextHandler (ContextHandler.java:doStop(910)) - Stopped o.e.j.w.WebAppContext@614cbec4{/,null,UNAVAILABLE}{/hddsDatanode}
2019-08-24 00:25:52,961 [main] INFO  server.AbstractConnector (AbstractConnector.java:doStop(318)) - Stopped ServerConnector@3835d3fd{HTTP/1.1,[http/1.1]}{0.0.0.0:0}
2019-08-24 00:25:52,961 [main] INFO  handler.ContextHandler (ContextHandler.java:doStop(910)) - Stopped o.e.j.s.ServletContextHandler@74a74070{/static,jar:file:/home/user/.m2/repository/org/apache/hadoop/hadoop-hdds-container-service/0.5.0-SNAPSHOT/hadoop-hdds-container-service-0.5.0-SNAPSHOT.jar!/webapps/static,UNAVAILABLE}
2019-08-24 00:25:52,962 [main] INFO  handler.ContextHandler (ContextHandler.java:doStop(910)) - Stopped o.e.j.s.ServletContextHandler@602a3237{/logs,file:///workdir/hadoop-ozone/integration-test/target/log,UNAVAILABLE}
2019-08-24 00:25:52,963 [main] INFO  datanode.ObjectStoreHandler (ObjectStoreHandler.java:close(155)) - Closing ObjectStoreHandler.
2019-08-24 00:25:52,964 [main] INFO  ozone.HddsDatanodeService (HddsDatanodeService.java:stop(451)) - Stopped plug-in org.apache.hadoop.ozone.web.OzoneHddsDatanodeService@5b895e76
2019-08-24 00:25:52,970 [StateMachineUpdater:3a14c1ba-d90f-4e55-9b74-34a12c0cf08b:group-7922B4F3146A] INFO  ratis.ContainerStateMachine (ContainerStateMachine.java:takeSnapshot(294)) - group-7922B4F3146A: Finished taking a snapshot at:(t:1, i:6) file:/workdir/hadoop-ozone/integration-test/target/test-dir/MiniOzoneClusterImpl-2dd808d2-8d8b-4e9b-8867-1fe86c020870/datanode-0/data/ratis/7f6a3f23-b7cb-4e7d-a66a-7922b4f3146a/sm/snapshot.1_6 time:14
2019-08-24 00:25:52,971 [StateMachineUpdater:3a14c1ba-d90f-4e55-9b74-34a12c0cf08b:group-7922B4F3146A] INFO  impl.StateMachineUpdater (StateMachineUpdater.java:takeSnapshot(242)) - StateMachineUpdater:3a14c1ba-d90f-4e55-9b74-34a12c0cf08b:group-7922B4F3146A: Took a snapshot at index 6
2019-08-24 00:25:52,971 [StateMachineUpdater:3a14c1ba-d90f-4e55-9b74-34a12c0cf08b:group-7922B4F3146A] INFO  impl.StateMachineUpdater (StateMachineUpdater.java:lambda$new$0(80)) - StateMachineUpdater:3a14c1ba-d90f-4e55-9b74-34a12c0cf08b:group-7922B4F3146A: snapshotIndex: updateIncreasingly -1 -> 6
2019-08-24 00:25:52,971 [ForkJoinPool.commonPool-worker-1] INFO  impl.RaftServerImpl (ServerState.java:close(394)) - 3a14c1ba-d90f-4e55-9b74-34a12c0cf08b:group-7922B4F3146A closes. The last applied log index is 8
2019-08-24 00:25:52,972 [3a14c1ba-d90f-4e55-9b74-34a12c0cf08b-SegmentedRaftLogWorker:Storage Directory /workdir/hadoop-ozone/integration-test/target/test-dir/MiniOzoneClusterImpl-2dd808d2-8d8b-4e9b-8867-1fe86c020870/datanode-0/data/ratis/7f6a3f23-b7cb-4e7d-a66a-7922b4f3146a] INFO  segmented.SegmentedRaftLogWorker (SegmentedRaftLogWorker.java:run(313)) - 3a14c1ba-d90f-4e55-9b74-34a12c0cf08b-SegmentedRaftLogWorker:Storage Directory /workdir/hadoop-ozone/integration-test/target/test-dir/MiniOzoneClusterImpl-2dd808d2-8d8b-4e9b-8867-1fe86c020870/datanode-0/data/ratis/7f6a3f23-b7cb-4e7d-a66a-7922b4f3146a was interrupted, exiting. There are 0 tasks remaining in the queue.
2019-08-24 00:25:52,972 [ForkJoinPool.commonPool-worker-1] INFO  segmented.SegmentedRaftLogWorker (SegmentedRaftLogWorker.java:close(228)) - 3a14c1ba-d90f-4e55-9b74-34a12c0cf08b-SegmentedRaftLogWorker:Storage Directory /workdir/hadoop-ozone/integration-test/target/test-dir/MiniOzoneClusterImpl-2dd808d2-8d8b-4e9b-8867-1fe86c020870/datanode-0/data/ratis/7f6a3f23-b7cb-4e7d-a66a-7922b4f3146a close()
2019-08-24 00:25:52,973 [ForkJoinPool.commonPool-worker-1] INFO  server.GrpcService (GrpcService.java:closeImpl(155)) - 3a14c1ba-d90f-4e55-9b74-34a12c0cf08b: shutdown server with port 33840 now
2019-08-24 00:25:52,973 [ForkJoinPool.commonPool-worker-1] INFO  server.GrpcService (GrpcService.java:closeImpl(163)) - 3a14c1ba-d90f-4e55-9b74-34a12c0cf08b: shutdown server with port 33840 successfully
2019-08-24 00:25:52,975 [ForkJoinPool.commonPool-worker-1] INFO  utils.BackgroundService (BackgroundService.java:shutdown(148)) - Shutting down service BlockDeletingService
2019-08-24 00:25:52,978 [refreshUsed-/workdir/hadoop-ozone/integration-test/target/test-dir/MiniOzoneClusterImpl-2dd808d2-8d8b-4e9b-8867-1fe86c020870/datanode-0/data/containers] WARN  fs.CachingGetSpaceUsed (CachingGetSpaceUsed.java:run(183)) - Thread Interrupted waiting to refresh disk information: sleep interrupted
2019-08-24 00:25:52,996 [ForkJoinPool.commonPool-worker-1] INFO  statemachine.DatanodeStateMachine (DatanodeStateMachine.java:stopDaemon(395)) - Ozone container server stopped.
2019-08-24 00:25:53,000 [ForkJoinPool.commonPool-worker-1] INFO  handler.ContextHandler (ContextHandler.java:doStop(910)) - Stopped o.e.j.w.WebAppContext@66d2885c{/,null,UNAVAILABLE}{/hddsDatanode}
2019-08-24 00:25:53,000 [ForkJoinPool.commonPool-worker-1] INFO  server.AbstractConnector (AbstractConnector.java:doStop(318)) - Stopped ServerConnector@2bfc8558{HTTP/1.1,[http/1.1]}{0.0.0.0:0}
2019-08-24 00:25:53,002 [ForkJoinPool.commonPool-worker-1] INFO  handler.ContextHandler (ContextHandler.java:doStop(910)) - Stopped o.e.j.s.ServletContextHandler@7645e64{/static,jar:file:/home/user/.m2/repository/org/apache/hadoop/hadoop-hdds-container-service/0.5.0-SNAPSHOT/hadoop-hdds-container-service-0.5.0-SNAPSHOT.jar!/webapps/static,UNAVAILABLE}
2019-08-24 00:25:53,003 [ForkJoinPool.commonPool-worker-1] INFO  handler.ContextHandler (ContextHandler.java:doStop(910)) - Stopped o.e.j.s.ServletContextHandler@6cd2cb2{/logs,file:///workdir/hadoop-ozone/integration-test/target/log,UNAVAILABLE}
2019-08-24 00:25:53,160 [Datanode State Machine Thread - 0] INFO  statemachine.DatanodeStateMachine (DatanodeStateMachine.java:lambda$startDaemon$0(350)) - Ozone container server started.
2019-08-24 00:25:55,643 [Thread-1725] INFO  impl.FollowerState (FollowerState.java:run(106)) - a2fab492-56f3-43b8-af5f-239f4e38d11d:group-D8B9D57F4B59 changes to CANDIDATE, lastRpcTime:5017, electionTimeout:5015ms
2019-08-24 00:25:55,643 [Thread-1725] INFO  impl.RoleInfo (RoleInfo.java:shutdownFollowerState(121)) - a2fab492-56f3-43b8-af5f-239f4e38d11d: shutdown FollowerState
2019-08-24 00:25:55,643 [Thread-1725] INFO  impl.RaftServerImpl (RaftServerImpl.java:setRole(171)) - a2fab492-56f3-43b8-af5f-239f4e38d11d:group-D8B9D57F4B59 changes role from FOLLOWER to CANDIDATE at term 2 for changeToCandidate
2019-08-24 00:25:55,644 [Thread-1725] INFO  impl.RoleInfo (RoleInfo.java:updateAndGet(143)) - a2fab492-56f3-43b8-af5f-239f4e38d11d: start LeaderElection
2019-08-24 00:25:55,670 [a2fab492-56f3-43b8-af5f-239f4e38d11d:group-D8B9D57F4B59:LeaderElection24] INFO  impl.LeaderElection (LeaderElection.java:askForVotes(181)) - a2fab492-56f3-43b8-af5f-239f4e38d11d:group-D8B9D57F4B59:LeaderElection24: begin an election at term 3 for 0: [5da42abd-867e-47ba-b805-7d971175ab74:192.168.34.57:39506, a2fab492-56f3-43b8-af5f-239f4e38d11d:192.168.34.57:39540, 6f3ac5a3-43f3-4ed6-928d-1c9df2f8e2aa:192.168.34.57:34651], old=null
2019-08-24 00:25:55,671 [a2fab492-56f3-43b8-af5f-239f4e38d11d:group-D8B9D57F4B59:LeaderElection24] INFO  impl.LeaderElection (LogUtils.java:infoOrTrace(149)) - a2fab492-56f3-43b8-af5f-239f4e38d11d:group-D8B9D57F4B59:LeaderElection24 got exception when requesting votes: {}
java.util.concurrent.ExecutionException: org.apache.ratis.thirdparty.io.grpc.StatusRuntimeException: UNAVAILABLE: io exception
	at java.util.concurrent.FutureTask.report(FutureTask.java:122)
	at java.util.concurrent.FutureTask.get(FutureTask.java:192)
	at org.apache.ratis.server.impl.LeaderElection.waitForResults(LeaderElection.java:262)
	at org.apache.ratis.server.impl.LeaderElection.askForVotes(LeaderElection.java:200)
	at org.apache.ratis.server.impl.LeaderElection.run(LeaderElection.java:130)
	at java.lang.Thread.run(Thread.java:748)
Caused by: org.apache.ratis.thirdparty.io.grpc.StatusRuntimeException: UNAVAILABLE: io exception
	at org.apache.ratis.thirdparty.io.grpc.stub.ClientCalls.toStatusRuntimeException(ClientCalls.java:233)
	at org.apache.ratis.thirdparty.io.grpc.stub.ClientCalls.getUnchecked(ClientCalls.java:214)
	at org.apache.ratis.thirdparty.io.grpc.stub.ClientCalls.blockingUnaryCall(ClientCalls.java:139)
	at org.apache.ratis.proto.grpc.RaftServerProtocolServiceGrpc$RaftServerProtocolServiceBlockingStub.requestVote(RaftServerProtocolServiceGrpc.java:265)
	at org.apache.ratis.grpc.server.GrpcServerProtocolClient.requestVote(GrpcServerProtocolClient.java:83)
	at org.apache.ratis.grpc.server.GrpcService.requestVote(GrpcService.java:195)
	at org.apache.ratis.server.impl.LeaderElection.lambda$submitRequests$1(LeaderElection.java:237)
	at java.util.concurrent.FutureTask.run(FutureTask.java:266)
	at java.util.concurrent.Executors$RunnableAdapter.call(Executors.java:511)
	at java.util.concurrent.FutureTask.run(FutureTask.java:266)
	at java.util.concurrent.ThreadPoolExecutor.runWorker(ThreadPoolExecutor.java:1149)
	at java.util.concurrent.ThreadPoolExecutor$Worker.run(ThreadPoolExecutor.java:624)
	... 1 more
Caused by: org.apache.ratis.thirdparty.io.netty.channel.AbstractChannel$AnnotatedConnectException: Connection refused: /192.168.34.57:39506
	at sun.nio.ch.SocketChannelImpl.checkConnect(Native Method)
	at sun.nio.ch.SocketChannelImpl.finishConnect(SocketChannelImpl.java:717)
	at org.apache.ratis.thirdparty.io.netty.channel.socket.nio.NioSocketChannel.doFinishConnect(NioSocketChannel.java:327)
	at org.apache.ratis.thirdparty.io.netty.channel.nio.AbstractNioChannel$AbstractNioUnsafe.finishConnect(AbstractNioChannel.java:340)
	at org.apache.ratis.thirdparty.io.netty.channel.nio.NioEventLoop.processSelectedKey(NioEventLoop.java:632)
	at org.apache.ratis.thirdparty.io.netty.channel.nio.NioEventLoop.processSelectedKeysOptimized(NioEventLoop.java:579)
	at org.apache.ratis.thirdparty.io.netty.channel.nio.NioEventLoop.processSelectedKeys(NioEventLoop.java:496)
	at org.apache.ratis.thirdparty.io.netty.channel.nio.NioEventLoop.run(NioEventLoop.java:458)
	at org.apache.ratis.thirdparty.io.netty.util.concurrent.SingleThreadEventExecutor$5.run(SingleThreadEventExecutor.java:897)
	at org.apache.ratis.thirdparty.io.netty.util.concurrent.FastThreadLocalRunnable.run(FastThreadLocalRunnable.java:30)
	... 1 more
Caused by: java.net.ConnectException: Connection refused
	... 11 more
2019-08-24 00:25:55,673 [a2fab492-56f3-43b8-af5f-239f4e38d11d:group-D8B9D57F4B59:LeaderElection24] INFO  impl.LeaderElection (LogUtils.java:infoOrTrace(149)) - a2fab492-56f3-43b8-af5f-239f4e38d11d:group-D8B9D57F4B59:LeaderElection24 got exception when requesting votes: {}
java.util.concurrent.ExecutionException: org.apache.ratis.thirdparty.io.grpc.StatusRuntimeException: UNAVAILABLE: io exception
	at java.util.concurrent.FutureTask.report(FutureTask.java:122)
	at java.util.concurrent.FutureTask.get(FutureTask.java:192)
	at org.apache.ratis.server.impl.LeaderElection.waitForResults(LeaderElection.java:262)
	at org.apache.ratis.server.impl.LeaderElection.askForVotes(LeaderElection.java:200)
	at org.apache.ratis.server.impl.LeaderElection.run(LeaderElection.java:130)
	at java.lang.Thread.run(Thread.java:748)
Caused by: org.apache.ratis.thirdparty.io.grpc.StatusRuntimeException: UNAVAILABLE: io exception
	at org.apache.ratis.thirdparty.io.grpc.stub.ClientCalls.toStatusRuntimeException(ClientCalls.java:233)
	at org.apache.ratis.thirdparty.io.grpc.stub.ClientCalls.getUnchecked(ClientCalls.java:214)
	at org.apache.ratis.thirdparty.io.grpc.stub.ClientCalls.blockingUnaryCall(ClientCalls.java:139)
	at org.apache.ratis.proto.grpc.RaftServerProtocolServiceGrpc$RaftServerProtocolServiceBlockingStub.requestVote(RaftServerProtocolServiceGrpc.java:265)
	at org.apache.ratis.grpc.server.GrpcServerProtocolClient.requestVote(GrpcServerProtocolClient.java:83)
	at org.apache.ratis.grpc.server.GrpcService.requestVote(GrpcService.java:195)
	at org.apache.ratis.server.impl.LeaderElection.lambda$submitRequests$1(LeaderElection.java:237)
	at java.util.concurrent.FutureTask.run(FutureTask.java:266)
	at java.util.concurrent.Executors$RunnableAdapter.call(Executors.java:511)
	at java.util.concurrent.FutureTask.run(FutureTask.java:266)
	at java.util.concurrent.ThreadPoolExecutor.runWorker(ThreadPoolExecutor.java:1149)
	at java.util.concurrent.ThreadPoolExecutor$Worker.run(ThreadPoolExecutor.java:624)
	... 1 more
Caused by: org.apache.ratis.thirdparty.io.netty.channel.AbstractChannel$AnnotatedConnectException: Connection refused: /192.168.34.57:34651
	at sun.nio.ch.SocketChannelImpl.checkConnect(Native Method)
	at sun.nio.ch.SocketChannelImpl.finishConnect(SocketChannelImpl.java:717)
	at org.apache.ratis.thirdparty.io.netty.channel.socket.nio.NioSocketChannel.doFinishConnect(NioSocketChannel.java:327)
	at org.apache.ratis.thirdparty.io.netty.channel.nio.AbstractNioChannel$AbstractNioUnsafe.finishConnect(AbstractNioChannel.java:340)
	at org.apache.ratis.thirdparty.io.netty.channel.nio.NioEventLoop.processSelectedKey(NioEventLoop.java:632)
	at org.apache.ratis.thirdparty.io.netty.channel.nio.NioEventLoop.processSelectedKeysOptimized(NioEventLoop.java:579)
	at org.apache.ratis.thirdparty.io.netty.channel.nio.NioEventLoop.processSelectedKeys(NioEventLoop.java:496)
	at org.apache.ratis.thirdparty.io.netty.channel.nio.NioEventLoop.run(NioEventLoop.java:458)
	at org.apache.ratis.thirdparty.io.netty.util.concurrent.SingleThreadEventExecutor$5.run(SingleThreadEventExecutor.java:897)
	at org.apache.ratis.thirdparty.io.netty.util.concurrent.FastThreadLocalRunnable.run(FastThreadLocalRunnable.java:30)
	... 1 more
Caused by: java.net.ConnectException: Connection refused
	... 11 more
2019-08-24 00:25:55,675 [a2fab492-56f3-43b8-af5f-239f4e38d11d:group-D8B9D57F4B59:LeaderElection24] INFO  impl.LeaderElection (LeaderElection.java:logAndReturn(56)) - a2fab492-56f3-43b8-af5f-239f4e38d11d:group-D8B9D57F4B59:LeaderElection24: Election REJECTED; received 0 response(s) [] and 2 exception(s); a2fab492-56f3-43b8-af5f-239f4e38d11d:t3, leader=null, voted=a2fab492-56f3-43b8-af5f-239f4e38d11d, raftlog=a2fab492-56f3-43b8-af5f-239f4e38d11d-SegmentedRaftLog:OPENED:c0,f0,i0, conf=0: [5da42abd-867e-47ba-b805-7d971175ab74:192.168.34.57:39506, a2fab492-56f3-43b8-af5f-239f4e38d11d:192.168.34.57:39540, 6f3ac5a3-43f3-4ed6-928d-1c9df2f8e2aa:192.168.34.57:34651], old=null
2019-08-24 00:25:55,676 [a2fab492-56f3-43b8-af5f-239f4e38d11d:group-D8B9D57F4B59:LeaderElection24] INFO  impl.LeaderElection (LogUtils.java:infoOrTrace(149)) -   Exception 0: {}
java.util.concurrent.ExecutionException: org.apache.ratis.thirdparty.io.grpc.StatusRuntimeException: UNAVAILABLE: io exception
	at java.util.concurrent.FutureTask.report(FutureTask.java:122)
	at java.util.concurrent.FutureTask.get(FutureTask.java:192)
	at org.apache.ratis.server.impl.LeaderElection.waitForResults(LeaderElection.java:262)
	at org.apache.ratis.server.impl.LeaderElection.askForVotes(LeaderElection.java:200)
	at org.apache.ratis.server.impl.LeaderElection.run(LeaderElection.java:130)
	at java.lang.Thread.run(Thread.java:748)
Caused by: org.apache.ratis.thirdparty.io.grpc.StatusRuntimeException: UNAVAILABLE: io exception
	at org.apache.ratis.thirdparty.io.grpc.stub.ClientCalls.toStatusRuntimeException(ClientCalls.java:233)
	at org.apache.ratis.thirdparty.io.grpc.stub.ClientCalls.getUnchecked(ClientCalls.java:214)
	at org.apache.ratis.thirdparty.io.grpc.stub.ClientCalls.blockingUnaryCall(ClientCalls.java:139)
	at org.apache.ratis.proto.grpc.RaftServerProtocolServiceGrpc$RaftServerProtocolServiceBlockingStub.requestVote(RaftServerProtocolServiceGrpc.java:265)
	at org.apache.ratis.grpc.server.GrpcServerProtocolClient.requestVote(GrpcServerProtocolClient.java:83)
	at org.apache.ratis.grpc.server.GrpcService.requestVote(GrpcService.java:195)
	at org.apache.ratis.server.impl.LeaderElection.lambda$submitRequests$1(LeaderElection.java:237)
	at java.util.concurrent.FutureTask.run(FutureTask.java:266)
	at java.util.concurrent.Executors$RunnableAdapter.call(Executors.java:511)
	at java.util.concurrent.FutureTask.run(FutureTask.java:266)
	at java.util.concurrent.ThreadPoolExecutor.runWorker(ThreadPoolExecutor.java:1149)
	at java.util.concurrent.ThreadPoolExecutor$Worker.run(ThreadPoolExecutor.java:624)
	... 1 more
Caused by: org.apache.ratis.thirdparty.io.netty.channel.AbstractChannel$AnnotatedConnectException: Connection refused: /192.168.34.57:39506
	at sun.nio.ch.SocketChannelImpl.checkConnect(Native Method)
	at sun.nio.ch.SocketChannelImpl.finishConnect(SocketChannelImpl.java:717)
	at org.apache.ratis.thirdparty.io.netty.channel.socket.nio.NioSocketChannel.doFinishConnect(NioSocketChannel.java:327)
	at org.apache.ratis.thirdparty.io.netty.channel.nio.AbstractNioChannel$AbstractNioUnsafe.finishConnect(AbstractNioChannel.java:340)
	at org.apache.ratis.thirdparty.io.netty.channel.nio.NioEventLoop.processSelectedKey(NioEventLoop.java:632)
	at org.apache.ratis.thirdparty.io.netty.channel.nio.NioEventLoop.processSelectedKeysOptimized(NioEventLoop.java:579)
	at org.apache.ratis.thirdparty.io.netty.channel.nio.NioEventLoop.processSelectedKeys(NioEventLoop.java:496)
	at org.apache.ratis.thirdparty.io.netty.channel.nio.NioEventLoop.run(NioEventLoop.java:458)
	at org.apache.ratis.thirdparty.io.netty.util.concurrent.SingleThreadEventExecutor$5.run(SingleThreadEventExecutor.java:897)
	at org.apache.ratis.thirdparty.io.netty.util.concurrent.FastThreadLocalRunnable.run(FastThreadLocalRunnable.java:30)
	... 1 more
Caused by: java.net.ConnectException: Connection refused
	... 11 more
2019-08-24 00:25:55,676 [a2fab492-56f3-43b8-af5f-239f4e38d11d:group-D8B9D57F4B59:LeaderElection24] INFO  impl.LeaderElection (LogUtils.java:infoOrTrace(149)) -   Exception 1: {}
java.util.concurrent.ExecutionException: org.apache.ratis.thirdparty.io.grpc.StatusRuntimeException: UNAVAILABLE: io exception
	at java.util.concurrent.FutureTask.report(FutureTask.java:122)
	at java.util.concurrent.FutureTask.get(FutureTask.java:192)
	at org.apache.ratis.server.impl.LeaderElection.waitForResults(LeaderElection.java:262)
	at org.apache.ratis.server.impl.LeaderElection.askForVotes(LeaderElection.java:200)
	at org.apache.ratis.server.impl.LeaderElection.run(LeaderElection.java:130)
	at java.lang.Thread.run(Thread.java:748)
Caused by: org.apache.ratis.thirdparty.io.grpc.StatusRuntimeException: UNAVAILABLE: io exception
	at org.apache.ratis.thirdparty.io.grpc.stub.ClientCalls.toStatusRuntimeException(ClientCalls.java:233)
	at org.apache.ratis.thirdparty.io.grpc.stub.ClientCalls.getUnchecked(ClientCalls.java:214)
	at org.apache.ratis.thirdparty.io.grpc.stub.ClientCalls.blockingUnaryCall(ClientCalls.java:139)
	at org.apache.ratis.proto.grpc.RaftServerProtocolServiceGrpc$RaftServerProtocolServiceBlockingStub.requestVote(RaftServerProtocolServiceGrpc.java:265)
	at org.apache.ratis.grpc.server.GrpcServerProtocolClient.requestVote(GrpcServerProtocolClient.java:83)
	at org.apache.ratis.grpc.server.GrpcService.requestVote(GrpcService.java:195)
	at org.apache.ratis.server.impl.LeaderElection.lambda$submitRequests$1(LeaderElection.java:237)
	at java.util.concurrent.FutureTask.run(FutureTask.java:266)
	at java.util.concurrent.Executors$RunnableAdapter.call(Executors.java:511)
	at java.util.concurrent.FutureTask.run(FutureTask.java:266)
	at java.util.concurrent.ThreadPoolExecutor.runWorker(ThreadPoolExecutor.java:1149)
	at java.util.concurrent.ThreadPoolExecutor$Worker.run(ThreadPoolExecutor.java:624)
	... 1 more
Caused by: org.apache.ratis.thirdparty.io.netty.channel.AbstractChannel$AnnotatedConnectException: Connection refused: /192.168.34.57:34651
	at sun.nio.ch.SocketChannelImpl.checkConnect(Native Method)
	at sun.nio.ch.SocketChannelImpl.finishConnect(SocketChannelImpl.java:717)
	at org.apache.ratis.thirdparty.io.netty.channel.socket.nio.NioSocketChannel.doFinishConnect(NioSocketChannel.java:327)
	at org.apache.ratis.thirdparty.io.netty.channel.nio.AbstractNioChannel$AbstractNioUnsafe.finishConnect(AbstractNioChannel.java:340)
	at org.apache.ratis.thirdparty.io.netty.channel.nio.NioEventLoop.processSelectedKey(NioEventLoop.java:632)
	at org.apache.ratis.thirdparty.io.netty.channel.nio.NioEventLoop.processSelectedKeysOptimized(NioEventLoop.java:579)
	at org.apache.ratis.thirdparty.io.netty.channel.nio.NioEventLoop.processSelectedKeys(NioEventLoop.java:496)
	at org.apache.ratis.thirdparty.io.netty.channel.nio.NioEventLoop.run(NioEventLoop.java:458)
	at org.apache.ratis.thirdparty.io.netty.util.concurrent.SingleThreadEventExecutor$5.run(SingleThreadEventExecutor.java:897)
	at org.apache.ratis.thirdparty.io.netty.util.concurrent.FastThreadLocalRunnable.run(FastThreadLocalRunnable.java:30)
	... 1 more
Caused by: java.net.ConnectException: Connection refused
	... 11 more
2019-08-24 00:25:55,676 [a2fab492-56f3-43b8-af5f-239f4e38d11d:group-D8B9D57F4B59:LeaderElection24] INFO  impl.RaftServerImpl (RaftServerImpl.java:setRole(171)) - a2fab492-56f3-43b8-af5f-239f4e38d11d:group-D8B9D57F4B59 changes role from CANDIDATE to FOLLOWER at term 3 for DISCOVERED_A_NEW_TERM
2019-08-24 00:25:55,681 [a2fab492-56f3-43b8-af5f-239f4e38d11d:group-D8B9D57F4B59:LeaderElection24] INFO  impl.RoleInfo (RoleInfo.java:shutdownLeaderElection(134)) - a2fab492-56f3-43b8-af5f-239f4e38d11d: shutdown LeaderElection
2019-08-24 00:25:55,681 [a2fab492-56f3-43b8-af5f-239f4e38d11d:group-D8B9D57F4B59:LeaderElection24] INFO  impl.RoleInfo (RoleInfo.java:updateAndGet(143)) - a2fab492-56f3-43b8-af5f-239f4e38d11d: start FollowerState
2019-08-24 00:25:57,965 [main] INFO  ozoneimpl.OzoneContainer (OzoneContainer.java:stop(199)) - Attempting to stop container services.
2019-08-24 00:25:57,966 [main] INFO  impl.RaftServerProxy (RaftServerProxy.java:lambda$close$4(314)) - a2fab492-56f3-43b8-af5f-239f4e38d11d: close
2019-08-24 00:25:57,966 [main] INFO  impl.RaftServerImpl (RaftServerImpl.java:lambda$shutdown$3(245)) - a2fab492-56f3-43b8-af5f-239f4e38d11d: shutdown group-652C24D34D43
2019-08-24 00:25:57,967 [ForkJoinPool.commonPool-worker-0] INFO  impl.RaftServerImpl (RaftServerImpl.java:lambda$shutdown$3(245)) - a2fab492-56f3-43b8-af5f-239f4e38d11d: shutdown group-D8B9D57F4B59
2019-08-24 00:25:57,967 [main] INFO  util.JmxRegister (JmxRegister.java:unregister(73)) - Successfully un-registered JMX Bean with object name Ratis:service=RaftServer,group=group-652C24D34D43,id=a2fab492-56f3-43b8-af5f-239f4e38d11d
2019-08-24 00:25:57,967 [ForkJoinPool.commonPool-worker-0] INFO  util.JmxRegister (JmxRegister.java:unregister(73)) - Successfully un-registered JMX Bean with object name Ratis:service=RaftServer,group=group-D8B9D57F4B59,id=a2fab492-56f3-43b8-af5f-239f4e38d11d
2019-08-24 00:25:57,968 [main] INFO  impl.RoleInfo (RoleInfo.java:shutdownLeaderState(104)) - a2fab492-56f3-43b8-af5f-239f4e38d11d: shutdown LeaderState
2019-08-24 00:25:57,968 [ForkJoinPool.commonPool-worker-0] INFO  impl.RoleInfo (RoleInfo.java:shutdownFollowerState(121)) - a2fab492-56f3-43b8-af5f-239f4e38d11d: shutdown FollowerState
2019-08-24 00:25:57,968 [main] INFO  impl.PendingRequests (PendingRequests.java:sendNotLeaderResponses(202)) - a2fab492-56f3-43b8-af5f-239f4e38d11d-PendingRequests: sendNotLeaderResponses
2019-08-24 00:25:57,969 [Thread-1729] INFO  impl.FollowerState (FollowerState.java:run(114)) - a2fab492-56f3-43b8-af5f-239f4e38d11d: FollowerState was interrupted: java.lang.InterruptedException: sleep interrupted
2019-08-24 00:25:57,969 [main] INFO  impl.StateMachineUpdater (StateMachineUpdater.java:stopAndJoin(115)) - StateMachineUpdater:a2fab492-56f3-43b8-af5f-239f4e38d11d:group-652C24D34D43: set stopIndex = 0
2019-08-24 00:25:57,971 [main] INFO  impl.RaftServerImpl (ServerState.java:close(394)) - a2fab492-56f3-43b8-af5f-239f4e38d11d:group-652C24D34D43 closes. The last applied log index is 0
2019-08-24 00:25:57,968 [ForkJoinPool.commonPool-worker-0] INFO  impl.StateMachineUpdater (StateMachineUpdater.java:stopAndJoin(115)) - StateMachineUpdater:a2fab492-56f3-43b8-af5f-239f4e38d11d:group-D8B9D57F4B59: set stopIndex = 0
2019-08-24 00:25:57,971 [a2fab492-56f3-43b8-af5f-239f4e38d11d-SegmentedRaftLogWorker:Storage Directory /workdir/hadoop-ozone/integration-test/target/test-dir/MiniOzoneClusterImpl-2dd808d2-8d8b-4e9b-8867-1fe86c020870/datanode-5/data/ratis/e084ad73-d76d-41a2-9235-652c24d34d43] INFO  segmented.SegmentedRaftLogWorker (SegmentedRaftLogWorker.java:run(313)) - a2fab492-56f3-43b8-af5f-239f4e38d11d-SegmentedRaftLogWorker:Storage Directory /workdir/hadoop-ozone/integration-test/target/test-dir/MiniOzoneClusterImpl-2dd808d2-8d8b-4e9b-8867-1fe86c020870/datanode-5/data/ratis/e084ad73-d76d-41a2-9235-652c24d34d43 was interrupted, exiting. There are 0 tasks remaining in the queue.
2019-08-24 00:25:57,972 [ForkJoinPool.commonPool-worker-0] INFO  impl.RaftServerImpl (ServerState.java:close(394)) - a2fab492-56f3-43b8-af5f-239f4e38d11d:group-D8B9D57F4B59 closes. The last applied log index is 0
2019-08-24 00:25:57,972 [a2fab492-56f3-43b8-af5f-239f4e38d11d-SegmentedRaftLogWorker:Storage Directory /workdir/hadoop-ozone/integration-test/target/test-dir/MiniOzoneClusterImpl-2dd808d2-8d8b-4e9b-8867-1fe86c020870/datanode-5/data/ratis/68ad20d1-22ba-4903-99e3-d8b9d57f4b59] INFO  segmented.SegmentedRaftLogWorker (SegmentedRaftLogWorker.java:run(313)) - a2fab492-56f3-43b8-af5f-239f4e38d11d-SegmentedRaftLogWorker:Storage Directory /workdir/hadoop-ozone/integration-test/target/test-dir/MiniOzoneClusterImpl-2dd808d2-8d8b-4e9b-8867-1fe86c020870/datanode-5/data/ratis/68ad20d1-22ba-4903-99e3-d8b9d57f4b59 was interrupted, exiting. There are 0 tasks remaining in the queue.
2019-08-24 00:25:57,972 [main] INFO  segmented.SegmentedRaftLogWorker (SegmentedRaftLogWorker.java:close(228)) - a2fab492-56f3-43b8-af5f-239f4e38d11d-SegmentedRaftLogWorker:Storage Directory /workdir/hadoop-ozone/integration-test/target/test-dir/MiniOzoneClusterImpl-2dd808d2-8d8b-4e9b-8867-1fe86c020870/datanode-5/data/ratis/e084ad73-d76d-41a2-9235-652c24d34d43 close()
2019-08-24 00:25:57,972 [ForkJoinPool.commonPool-worker-0] INFO  segmented.SegmentedRaftLogWorker (SegmentedRaftLogWorker.java:close(228)) - a2fab492-56f3-43b8-af5f-239f4e38d11d-SegmentedRaftLogWorker:Storage Directory /workdir/hadoop-ozone/integration-test/target/test-dir/MiniOzoneClusterImpl-2dd808d2-8d8b-4e9b-8867-1fe86c020870/datanode-5/data/ratis/68ad20d1-22ba-4903-99e3-d8b9d57f4b59 close()
2019-08-24 00:25:57,973 [main] INFO  server.GrpcService (GrpcService.java:closeImpl(155)) - a2fab492-56f3-43b8-af5f-239f4e38d11d: shutdown server with port 39540 now
2019-08-24 00:25:57,975 [main] INFO  server.GrpcService (GrpcService.java:closeImpl(163)) - a2fab492-56f3-43b8-af5f-239f4e38d11d: shutdown server with port 39540 successfully
2019-08-24 00:25:57,976 [main] INFO  utils.BackgroundService (BackgroundService.java:shutdown(148)) - Shutting down service BlockDeletingService
2019-08-24 00:25:57,980 [refreshUsed-/workdir/hadoop-ozone/integration-test/target/test-dir/MiniOzoneClusterImpl-2dd808d2-8d8b-4e9b-8867-1fe86c020870/datanode-5/data/containers] WARN  fs.CachingGetSpaceUsed (CachingGetSpaceUsed.java:run(183)) - Thread Interrupted waiting to refresh disk information: sleep interrupted
2019-08-24 00:25:57,997 [main] INFO  statemachine.DatanodeStateMachine (DatanodeStateMachine.java:stopDaemon(395)) - Ozone container server stopped.
2019-08-24 00:25:57,998 [main] INFO  handler.ContextHandler (ContextHandler.java:doStop(910)) - Stopped o.e.j.w.WebAppContext@735988cf{/,null,UNAVAILABLE}{/hddsDatanode}
2019-08-24 00:25:57,999 [main] INFO  server.AbstractConnector (AbstractConnector.java:doStop(318)) - Stopped ServerConnector@2d3eecda{HTTP/1.1,[http/1.1]}{0.0.0.0:0}
2019-08-24 00:25:57,999 [main] INFO  handler.ContextHandler (ContextHandler.java:doStop(910)) - Stopped o.e.j.s.ServletContextHandler@3a1a0bc{/static,jar:file:/home/user/.m2/repository/org/apache/hadoop/hadoop-hdds-container-service/0.5.0-SNAPSHOT/hadoop-hdds-container-service-0.5.0-SNAPSHOT.jar!/webapps/static,UNAVAILABLE}
2019-08-24 00:25:58,000 [main] INFO  handler.ContextHandler (ContextHandler.java:doStop(910)) - Stopped o.e.j.s.ServletContextHandler@11e24688{/logs,file:///workdir/hadoop-ozone/integration-test/target/log,UNAVAILABLE}
2019-08-24 00:25:58,001 [main] INFO  ozone.MiniOzoneClusterImpl (MiniOzoneClusterImpl.java:stop(353)) - Stopping the StorageContainerManager
2019-08-24 00:25:58,001 [main] INFO  server.StorageContainerManager (StorageContainerManager.java:stop(797)) - Stopping Replication Manager Service.
2019-08-24 00:25:58,001 [main] INFO  container.ReplicationManager (ReplicationManager.java:stop(193)) - Stopping Replication Monitor Thread.
2019-08-24 00:25:58,001 [main] INFO  server.StorageContainerManager (StorageContainerManager.java:stop(804)) - Stopping Lease Manager of the command watchers
2019-08-24 00:25:58,002 [main] INFO  server.StorageContainerManager (StorageContainerManager.java:stop(811)) - Stopping datanode service RPC server
2019-08-24 00:25:58,002 [main] INFO  server.SCMDatanodeProtocolServer (SCMDatanodeProtocolServer.java:stop(367)) - Stopping the RPC server for DataNodes
2019-08-24 00:25:58,002 [main] INFO  ipc.Server (Server.java:stop(3082)) - Stopping server on 33474
2019-08-24 00:25:58,004 [IPC Server listener on 33474] INFO  ipc.Server (Server.java:run(1185)) - Stopping IPC Server listener on 33474
2019-08-24 00:25:58,006 [IPC Server Responder] INFO  ipc.Server (Server.java:run(1319)) - Stopping IPC Server Responder
2019-08-24 00:25:58,025 [SCM Heartbeat Processing Thread - 0] WARN  node.NodeStateManager (NodeStateManager.java:scheduleNextHealthCheck(646)) - Current Thread is interrupted, shutting down HB processing thread for Node Manager.
2019-08-24 00:25:58,025 [main] INFO  server.StorageContainerManager (StorageContainerManager.java:stop(819)) - Stopping block service RPC server
2019-08-24 00:25:58,025 [main] INFO  server.SCMBlockProtocolServer (SCMBlockProtocolServer.java:stop(148)) - Stopping the RPC server for Block Protocol
2019-08-24 00:25:58,025 [main] INFO  ipc.Server (Server.java:stop(3082)) - Stopping server on 34746
2019-08-24 00:25:58,028 [IPC Server listener on 34746] INFO  ipc.Server (Server.java:run(1185)) - Stopping IPC Server listener on 34746
2019-08-24 00:25:58,028 [main] INFO  server.StorageContainerManager (StorageContainerManager.java:stop(826)) - Stopping the StorageContainerLocationProtocol RPC server
2019-08-24 00:25:58,029 [main] INFO  server.SCMClientProtocolServer (SCMClientProtocolServer.java:stop(159)) - Stopping the RPC server for Client Protocol
2019-08-24 00:25:58,028 [IPC Server Responder] INFO  ipc.Server (Server.java:run(1319)) - Stopping IPC Server Responder
2019-08-24 00:25:58,029 [main] INFO  ipc.Server (Server.java:stop(3082)) - Stopping server on 41414
2019-08-24 00:25:58,032 [IPC Server listener on 41414] INFO  ipc.Server (Server.java:run(1185)) - Stopping IPC Server listener on 41414
2019-08-24 00:25:58,032 [main] INFO  server.StorageContainerManager (StorageContainerManager.java:stop(833)) - Stopping Storage Container Manager HTTP server.
2019-08-24 00:25:58,032 [IPC Server Responder] INFO  ipc.Server (Server.java:run(1319)) - Stopping IPC Server Responder
2019-08-24 00:25:58,033 [main] INFO  handler.ContextHandler (ContextHandler.java:doStop(910)) - Stopped o.e.j.w.WebAppContext@1752e45c{/,null,UNAVAILABLE}{/scm}
2019-08-24 00:25:58,034 [main] INFO  server.AbstractConnector (AbstractConnector.java:doStop(318)) - Stopped ServerConnector@5ed65e4b{HTTP/1.1,[http/1.1]}{0.0.0.0:0}
2019-08-24 00:25:58,034 [main] INFO  handler.ContextHandler (ContextHandler.java:doStop(910)) - Stopped o.e.j.s.ServletContextHandler@70f4abc1{/static,file:///workdir/hadoop-ozone/integration-test/target/test-classes/webapps/static,UNAVAILABLE}
2019-08-24 00:25:58,034 [main] INFO  handler.ContextHandler (ContextHandler.java:doStop(910)) - Stopped o.e.j.s.ServletContextHandler@59fea5f5{/logs,file:///workdir/hadoop-ozone/integration-test/target/log,UNAVAILABLE}
2019-08-24 00:25:58,035 [main] INFO  server.StorageContainerManager (StorageContainerManager.java:stop(844)) - Stopping Block Manager Service.
2019-08-24 00:25:58,036 [main] INFO  utils.BackgroundService (BackgroundService.java:shutdown(148)) - Shutting down service SCMBlockDeletingService
2019-08-24 00:25:58,036 [main] INFO  utils.BackgroundService (BackgroundService.java:shutdown(148)) - Shutting down service SCMBlockDeletingService
2019-08-24 00:25:58,037 [main] INFO  server.StorageContainerManager (StorageContainerManager.java:stop(866)) - Stopping SCM Event Queue.
2019-08-24 00:25:58,040 [main] INFO  impl.MetricsSystemImpl (MetricsSystemImpl.java:stop(210)) - Stopping HddsDatanode metrics system...
2019-08-24 00:25:58,046 [main] INFO  impl.MetricsSystemImpl (MetricsSystemImpl.java:stop(216)) - HddsDatanode metrics system stopped.
]]></system-out>
    <system-err><![CDATA[Aug 24, 2019 12:20:23 AM com.sun.jersey.server.impl.application.WebApplicationImpl _initiate
INFO: Initiating Jersey application, version 'Jersey: 1.19 02/11/2015 03:25 AM'
Aug 24, 2019 12:20:23 AM com.sun.jersey.server.impl.application.WebApplicationImpl _initiate
INFO: Initiating Jersey application, version 'Jersey: 1.19 02/11/2015 03:25 AM'
Aug 24, 2019 12:20:24 AM com.sun.jersey.server.impl.application.WebApplicationImpl _initiate
INFO: Initiating Jersey application, version 'Jersey: 1.19 02/11/2015 03:25 AM'
Aug 24, 2019 12:20:24 AM com.sun.jersey.server.impl.application.WebApplicationImpl _initiate
INFO: Initiating Jersey application, version 'Jersey: 1.19 02/11/2015 03:25 AM'
Aug 24, 2019 12:20:24 AM com.sun.jersey.server.impl.application.WebApplicationImpl _initiate
INFO: Initiating Jersey application, version 'Jersey: 1.19 02/11/2015 03:25 AM'
Aug 24, 2019 12:20:24 AM com.sun.jersey.server.impl.application.WebApplicationImpl _initiate
INFO: Initiating Jersey application, version 'Jersey: 1.19 02/11/2015 03:25 AM'
Aug 24, 2019 12:20:25 AM com.sun.jersey.server.impl.application.WebApplicationImpl _initiate
INFO: Initiating Jersey application, version 'Jersey: 1.19 02/11/2015 03:25 AM'
]]></system-err>
  </testcase>
</testsuite>