<?xml version="1.0" encoding="UTF-8"?>
<testsuite xmlns:xsi="http://www.w3.org/2001/XMLSchema-instance" xsi:noNamespaceSchemaLocation="https://maven.apache.org/surefire/maven-surefire-plugin/xsd/surefire-test-report.xsd" name="org.apache.hadoop.ozone.client.rpc.TestBlockOutputStreamWithFailures" time="688.367" tests="8" errors="0" skipped="0" failures="1">
  <properties>
    <property name="awt.toolkit" value="sun.awt.X11.XToolkit"/>
    <property name="file.encoding.pkg" value="sun.io"/>
    <property name="java.specification.version" value="1.8"/>
    <property name="sun.cpu.isalist" value=""/>
    <property name="sun.jnu.encoding" value="UTF-8"/>
    <property name="java.class.path" value="/workdir/hadoop-ozone/integration-test/target/test-classes:/workdir/hadoop-ozone/integration-test/target/classes:/home/user/.m2/repository/org/apache/hadoop/hadoop-ozone-common/0.5.0-SNAPSHOT/hadoop-ozone-common-0.5.0-SNAPSHOT.jar:/home/user/.m2/repository/org/apache/commons/commons-compress/1.4.1/commons-compress-1.4.1.jar:/home/user/.m2/repository/org/tukaani/xz/1.0/xz-1.0.jar:/home/user/.m2/repository/org/apache/hadoop/hadoop-common/3.2.0/hadoop-common-3.2.0.jar:/home/user/.m2/repository/org/apache/hadoop/hadoop-hdfs/3.2.0/hadoop-hdfs-3.2.0.jar:/home/user/.m2/repository/org/apache/hadoop/hadoop-hdfs-client/3.2.0/hadoop-hdfs-client-3.2.0.jar:/home/user/.m2/repository/com/fasterxml/jackson/core/jackson-annotations/2.9.5/jackson-annotations-2.9.5.jar:/home/user/.m2/repository/org/apache/hadoop/hadoop-hdds-common/0.5.0-SNAPSHOT/hadoop-hdds-common-0.5.0-SNAPSHOT.jar:/home/user/.m2/repository/javax/annotation/javax.annotation-api/1.2/javax.annotation-api-1.2.jar:/home/user/.m2/repository/org/apache/ratis/ratis-server/0.4.0-2337318-SNAPSHOT/ratis-server-0.4.0-2337318-SNAPSHOT.jar:/home/user/.m2/repository/org/apache/ratis/ratis-thirdparty-misc/0.2.0/ratis-thirdparty-misc-0.2.0.jar:/home/user/.m2/repository/org/apache/ratis/ratis-proto/0.4.0-2337318-SNAPSHOT/ratis-proto-0.4.0-2337318-SNAPSHOT.jar:/home/user/.m2/repository/org/apache/ratis/ratis-common/0.4.0-2337318-SNAPSHOT/ratis-common-0.4.0-2337318-SNAPSHOT.jar:/home/user/.m2/repository/org/apache/ratis/ratis-client/0.4.0-2337318-SNAPSHOT/ratis-client-0.4.0-2337318-SNAPSHOT.jar:/home/user/.m2/repository/org/apache/ratis/ratis-metrics/0.4.0-2337318-SNAPSHOT/ratis-metrics-0.4.0-2337318-SNAPSHOT.jar:/home/user/.m2/repository/org/apache/ratis/ratis-netty/0.4.0-2337318-SNAPSHOT/ratis-netty-0.4.0-2337318-SNAPSHOT.jar:/home/user/.m2/repository/org/apache/ratis/ratis-grpc/0.4.0-2337318-SNAPSHOT/ratis-grpc-0.4.0-2337318-SNAPSHOT.jar:/home/user/.m2/repository/org/rocksdb/rocksdbjni/6.0.1/rocksdbjni-6.0.1.jar:/home/user/.m2/repository/org/apache/logging/log4j/log4j-api/2.11.0/log4j-api-2.11.0.jar:/home/user/.m2/repository/org/apache/logging/log4j/log4j-core/2.11.0/log4j-core-2.11.0.jar:/home/user/.m2/repository/com/lmax/disruptor/3.4.2/disruptor-3.4.2.jar:/home/user/.m2/repository/org/apache/commons/commons-pool2/2.6.0/commons-pool2-2.6.0.jar:/home/user/.m2/repository/org/bouncycastle/bcpkix-jdk15on/1.60/bcpkix-jdk15on-1.60.jar:/home/user/.m2/repository/commons-validator/commons-validator/1.6/commons-validator-1.6.jar:/home/user/.m2/repository/commons-digester/commons-digester/1.8.1/commons-digester-1.8.1.jar:/home/user/.m2/repository/io/jaegertracing/jaeger-client/0.33.1/jaeger-client-0.33.1.jar:/home/user/.m2/repository/io/jaegertracing/jaeger-thrift/0.33.1/jaeger-thrift-0.33.1.jar:/home/user/.m2/repository/org/apache/thrift/libthrift/0.11.0/libthrift-0.11.0.jar:/home/user/.m2/repository/com/squareup/okhttp3/okhttp/3.9.0/okhttp-3.9.0.jar:/home/user/.m2/repository/com/squareup/okio/okio/1.13.0/okio-1.13.0.jar:/home/user/.m2/repository/io/jaegertracing/jaeger-core/0.33.1/jaeger-core-0.33.1.jar:/home/user/.m2/repository/io/jaegertracing/jaeger-tracerresolver/0.33.1/jaeger-tracerresolver-0.33.1.jar:/home/user/.m2/repository/io/opentracing/contrib/opentracing-tracerresolver/0.1.5/opentracing-tracerresolver-0.1.5.jar:/home/user/.m2/repository/io/opentracing/opentracing-util/0.31.0/opentracing-util-0.31.0.jar:/home/user/.m2/repository/io/opentracing/opentracing-api/0.31.0/opentracing-api-0.31.0.jar:/home/user/.m2/repository/io/opentracing/opentracing-noop/0.31.0/opentracing-noop-0.31.0.jar:/home/user/.m2/repository/org/apache/hadoop/hadoop-hdds-server-framework/0.5.0-SNAPSHOT/hadoop-hdds-server-framework-0.5.0-SNAPSHOT.jar:/home/user/.m2/repository/org/apache/hadoop/hadoop-hdds-container-service/0.5.0-SNAPSHOT/hadoop-hdds-container-service-0.5.0-SNAPSHOT.jar:/home/user/.m2/repository/org/apache/hadoop/hadoop-hdds-client/0.5.0-SNAPSHOT/hadoop-hdds-client-0.5.0-SNAPSHOT.jar:/home/user/.m2/repository/org/apache/hadoop/hadoop-hdds-tools/0.5.0-SNAPSHOT/hadoop-hdds-tools-0.5.0-SNAPSHOT.jar:/home/user/.m2/repository/org/apache/hadoop/hadoop-hdds-server-scm/0.5.0-SNAPSHOT/hadoop-hdds-server-scm-0.5.0-SNAPSHOT.jar:/home/user/.m2/repository/org/apache/hadoop/hadoop-hdds-docs/0.5.0-SNAPSHOT/hadoop-hdds-docs-0.5.0-SNAPSHOT.jar:/home/user/.m2/repository/io/dropwizard/metrics/metrics-core/3.2.4/metrics-core-3.2.4.jar:/home/user/.m2/repository/org/hamcrest/hamcrest-all/1.3/hamcrest-all-1.3.jar:/home/user/.m2/repository/org/bouncycastle/bcprov-jdk15on/1.60/bcprov-jdk15on-1.60.jar:/home/user/.m2/repository/info/picocli/picocli/3.9.6/picocli-3.9.6.jar:/home/user/.m2/repository/com/google/protobuf/protobuf-java/2.5.0/protobuf-java-2.5.0.jar:/home/user/.m2/repository/com/google/guava/guava/11.0.2/guava-11.0.2.jar:/home/user/.m2/repository/org/apache/hadoop/hadoop-ozone-ozone-manager/0.5.0-SNAPSHOT/hadoop-ozone-ozone-manager-0.5.0-SNAPSHOT.jar:/home/user/.m2/repository/org/apache/hadoop/hadoop-minikdc/3.2.0/hadoop-minikdc-3.2.0.jar:/home/user/.m2/repository/commons-io/commons-io/2.5/commons-io-2.5.jar:/home/user/.m2/repository/org/apache/kerby/kerb-simplekdc/1.0.1/kerb-simplekdc-1.0.1.jar:/home/user/.m2/repository/org/apache/kerby/kerb-client/1.0.1/kerb-client-1.0.1.jar:/home/user/.m2/repository/org/apache/kerby/kerby-config/1.0.1/kerby-config-1.0.1.jar:/home/user/.m2/repository/org/apache/kerby/kerb-core/1.0.1/kerb-core-1.0.1.jar:/home/user/.m2/repository/org/apache/kerby/kerby-pkix/1.0.1/kerby-pkix-1.0.1.jar:/home/user/.m2/repository/org/apache/kerby/kerby-asn1/1.0.1/kerby-asn1-1.0.1.jar:/home/user/.m2/repository/org/apache/kerby/kerby-util/1.0.1/kerby-util-1.0.1.jar:/home/user/.m2/repository/org/apache/kerby/kerb-common/1.0.1/kerb-common-1.0.1.jar:/home/user/.m2/repository/org/apache/kerby/kerb-crypto/1.0.1/kerb-crypto-1.0.1.jar:/home/user/.m2/repository/org/apache/kerby/kerb-util/1.0.1/kerb-util-1.0.1.jar:/home/user/.m2/repository/org/apache/kerby/token-provider/1.0.1/token-provider-1.0.1.jar:/home/user/.m2/repository/org/apache/kerby/kerb-admin/1.0.1/kerb-admin-1.0.1.jar:/home/user/.m2/repository/org/apache/kerby/kerb-server/1.0.1/kerb-server-1.0.1.jar:/home/user/.m2/repository/org/apache/kerby/kerb-identity/1.0.1/kerb-identity-1.0.1.jar:/home/user/.m2/repository/org/apache/kerby/kerby-xdr/1.0.1/kerby-xdr-1.0.1.jar:/home/user/.m2/repository/org/slf4j/slf4j-log4j12/1.7.25/slf4j-log4j12-1.7.25.jar:/home/user/.m2/repository/org/apache/hadoop/hadoop-ozone-objectstore-service/0.5.0-SNAPSHOT/hadoop-ozone-objectstore-service-0.5.0-SNAPSHOT.jar:/home/user/.m2/repository/org/apache/hadoop/hadoop-ozone-s3gateway/0.5.0-SNAPSHOT/hadoop-ozone-s3gateway-0.5.0-SNAPSHOT.jar:/home/user/.m2/repository/org/jboss/weld/servlet/weld-servlet/2.4.7.Final/weld-servlet-2.4.7.Final.jar:/home/user/.m2/repository/org/glassfish/jersey/containers/jersey-container-servlet-core/2.27/jersey-container-servlet-core-2.27.jar:/home/user/.m2/repository/org/glassfish/hk2/external/javax.inject/2.5.0-b42/javax.inject-2.5.0-b42.jar:/home/user/.m2/repository/org/glassfish/jersey/core/jersey-common/2.27/jersey-common-2.27.jar:/home/user/.m2/repository/org/glassfish/hk2/osgi-resource-locator/1.0.1/osgi-resource-locator-1.0.1.jar:/home/user/.m2/repository/javax/ws/rs/javax.ws.rs-api/2.1/javax.ws.rs-api-2.1.jar:/home/user/.m2/repository/org/glassfish/jersey/ext/cdi/jersey-cdi1x/2.27/jersey-cdi1x-2.27.jar:/home/user/.m2/repository/org/glassfish/jersey/inject/jersey-hk2/2.27/jersey-hk2-2.27.jar:/home/user/.m2/repository/org/glassfish/hk2/hk2-locator/2.5.0-b42/hk2-locator-2.5.0-b42.jar:/home/user/.m2/repository/org/javassist/javassist/3.22.0-CR2/javassist-3.22.0-CR2.jar:/home/user/.m2/repository/org/glassfish/hk2/hk2-api/2.5.0/hk2-api-2.5.0.jar:/home/user/.m2/repository/org/glassfish/hk2/external/jakarta.inject/2.5.0/jakarta.inject-2.5.0.jar:/home/user/.m2/repository/org/glassfish/hk2/hk2-utils/2.5.0/hk2-utils-2.5.0.jar:/home/user/.m2/repository/jakarta/annotation/jakarta.annotation-api/1.3.4/jakarta.annotation-api-1.3.4.jar:/home/user/.m2/repository/org/glassfish/hk2/external/aopalliance-repackaged/2.5.0/aopalliance-repackaged-2.5.0.jar:/home/user/.m2/repository/com/fasterxml/jackson/dataformat/jackson-dataformat-xml/2.9.0/jackson-dataformat-xml-2.9.0.jar:/home/user/.m2/repository/com/fasterxml/jackson/core/jackson-core/2.9.5/jackson-core-2.9.5.jar:/home/user/.m2/repository/com/fasterxml/jackson/module/jackson-module-jaxb-annotations/2.9.5/jackson-module-jaxb-annotations-2.9.5.jar:/home/user/.m2/repository/javax/enterprise/cdi-api/1.2/cdi-api-1.2.jar:/home/user/.m2/repository/javax/el/javax.el-api/3.0.0/javax.el-api-3.0.0.jar:/home/user/.m2/repository/javax/interceptor/javax.interceptor-api/1.2/javax.interceptor-api-1.2.jar:/home/user/.m2/repository/javax/inject/javax.inject/1/javax.inject-1.jar:/home/user/.m2/repository/com/sun/xml/bind/jaxb-impl/2.3.0.1/jaxb-impl-2.3.0.1.jar:/home/user/.m2/repository/com/sun/xml/bind/jaxb-core/2.3.0.1/jaxb-core-2.3.0.1.jar:/home/user/.m2/repository/javax/xml/bind/jaxb-api/2.3.0/jaxb-api-2.3.0.jar:/home/user/.m2/repository/javax/activation/activation/1.1.1/activation-1.1.1.jar:/home/user/.m2/repository/org/apache/hadoop/hadoop-ozone-csi/0.5.0-SNAPSHOT/hadoop-ozone-csi-0.5.0-SNAPSHOT.jar:/home/user/.m2/repository/com/google/protobuf/protobuf-java-util/3.5.1/protobuf-java-util-3.5.1.jar:/home/user/.m2/repository/org/apache/hadoop/hadoop-hdds-config/0.5.0-SNAPSHOT/hadoop-hdds-config-0.5.0-SNAPSHOT.jar:/home/user/.m2/repository/io/grpc/grpc-netty/1.17.1/grpc-netty-1.17.1.jar:/home/user/.m2/repository/io/grpc/grpc-core/1.17.1/grpc-core-1.17.1.jar:/home/user/.m2/repository/io/grpc/grpc-context/1.17.1/grpc-context-1.17.1.jar:/home/user/.m2/repository/com/google/errorprone/error_prone_annotations/2.2.0/error_prone_annotations-2.2.0.jar:/home/user/.m2/repository/org/codehaus/mojo/animal-sniffer-annotations/1.17/animal-sniffer-annotations-1.17.jar:/home/user/.m2/repository/io/opencensus/opencensus-api/0.17.0/opencensus-api-0.17.0.jar:/home/user/.m2/repository/io/opencensus/opencensus-contrib-grpc-metrics/0.17.0/opencensus-contrib-grpc-metrics-0.17.0.jar:/home/user/.m2/repository/io/netty/netty-codec-http2/4.1.30.Final/netty-codec-http2-4.1.30.Final.jar:/home/user/.m2/repository/io/netty/netty-codec-http/4.1.30.Final/netty-codec-http-4.1.30.Final.jar:/home/user/.m2/repository/io/netty/netty-codec/4.1.30.Final/netty-codec-4.1.30.Final.jar:/home/user/.m2/repository/io/netty/netty-handler/4.1.30.Final/netty-handler-4.1.30.Final.jar:/home/user/.m2/repository/io/netty/netty-handler-proxy/4.1.30.Final/netty-handler-proxy-4.1.30.Final.jar:/home/user/.m2/repository/io/netty/netty-codec-socks/4.1.30.Final/netty-codec-socks-4.1.30.Final.jar:/home/user/.m2/repository/io/netty/netty-transport-native-epoll/4.1.30.Final/netty-transport-native-epoll-4.1.30.Final.jar:/home/user/.m2/repository/io/netty/netty-common/4.1.30.Final/netty-common-4.1.30.Final.jar:/home/user/.m2/repository/io/netty/netty-buffer/4.1.30.Final/netty-buffer-4.1.30.Final.jar:/home/user/.m2/repository/io/netty/netty-transport/4.1.30.Final/netty-transport-4.1.30.Final.jar:/home/user/.m2/repository/io/netty/netty-resolver/4.1.30.Final/netty-resolver-4.1.30.Final.jar:/home/user/.m2/repository/io/netty/netty-transport-native-unix-common/4.1.30.Final/netty-transport-native-unix-common-4.1.30.Final.jar:/home/user/.m2/repository/io/grpc/grpc-protobuf/1.17.1/grpc-protobuf-1.17.1.jar:/home/user/.m2/repository/com/google/api/grpc/proto-google-common-protos/1.0.0/proto-google-common-protos-1.0.0.jar:/home/user/.m2/repository/io/grpc/grpc-protobuf-lite/1.17.1/grpc-protobuf-lite-1.17.1.jar:/home/user/.m2/repository/io/grpc/grpc-stub/1.17.1/grpc-stub-1.17.1.jar:/home/user/.m2/repository/org/apache/hadoop/hadoop-ozone-recon/0.5.0-SNAPSHOT/hadoop-ozone-recon-0.5.0-SNAPSHOT.jar:/home/user/.m2/repository/org/apache/hadoop/hadoop-ozone-reconcodegen/0.5.0-SNAPSHOT/hadoop-ozone-reconcodegen-0.5.0-SNAPSHOT.jar:/home/user/.m2/repository/com/google/inject/extensions/guice-multibindings/4.0/guice-multibindings-4.0.jar:/home/user/.m2/repository/com/google/inject/guice/4.0/guice-4.0.jar:/home/user/.m2/repository/aopalliance/aopalliance/1.0/aopalliance-1.0.jar:/home/user/.m2/repository/com/google/inject/extensions/guice-servlet/4.0/guice-servlet-4.0.jar:/home/user/.m2/repository/org/glassfish/jersey/containers/jersey-container-servlet/2.27/jersey-container-servlet-2.27.jar:/home/user/.m2/repository/org/glassfish/hk2/guice-bridge/2.5.0/guice-bridge-2.5.0.jar:/home/user/.m2/repository/org/glassfish/jersey/core/jersey-server/2.27/jersey-server-2.27.jar:/home/user/.m2/repository/org/glassfish/jersey/core/jersey-client/2.27/jersey-client-2.27.jar:/home/user/.m2/repository/org/glassfish/jersey/media/jersey-media-jaxb/2.27/jersey-media-jaxb-2.27.jar:/home/user/.m2/repository/javax/validation/validation-api/1.1.0.Final/validation-api-1.1.0.Final.jar:/home/user/.m2/repository/org/glassfish/jersey/media/jersey-media-json-jackson/2.27/jersey-media-json-jackson-2.27.jar:/home/user/.m2/repository/org/glassfish/jersey/ext/jersey-entity-filtering/2.27/jersey-entity-filtering-2.27.jar:/home/user/.m2/repository/com/google/inject/extensions/guice-assistedinject/4.0/guice-assistedinject-4.0.jar:/home/user/.m2/repository/org/jooq/jooq/3.11.10/jooq-3.11.10.jar:/home/user/.m2/repository/org/jooq/jooq-meta/3.11.10/jooq-meta-3.11.10.jar:/home/user/.m2/repository/org/jooq/jooq-codegen/3.11.10/jooq-codegen-3.11.10.jar:/home/user/.m2/repository/com/jolbox/bonecp/0.8.0.RELEASE/bonecp-0.8.0.RELEASE.jar:/home/user/.m2/repository/org/xerial/sqlite-jdbc/3.25.2/sqlite-jdbc-3.25.2.jar:/home/user/.m2/repository/org/springframework/spring-jdbc/5.1.3.RELEASE/spring-jdbc-5.1.3.RELEASE.jar:/home/user/.m2/repository/org/springframework/spring-beans/5.1.3.RELEASE/spring-beans-5.1.3.RELEASE.jar:/home/user/.m2/repository/org/springframework/spring-core/5.1.3.RELEASE/spring-core-5.1.3.RELEASE.jar:/home/user/.m2/repository/org/springframework/spring-jcl/5.1.3.RELEASE/spring-jcl-5.1.3.RELEASE.jar:/home/user/.m2/repository/org/springframework/spring-tx/5.1.3.RELEASE/spring-tx-5.1.3.RELEASE.jar:/home/user/.m2/repository/org/apache/hadoop/hadoop-ozone-client/0.5.0-SNAPSHOT/hadoop-ozone-client-0.5.0-SNAPSHOT.jar:/home/user/.m2/repository/commons-lang/commons-lang/2.6/commons-lang-2.6.jar:/home/user/.m2/repository/org/apache/hadoop/hadoop-ozone-ozone-manager/0.5.0-SNAPSHOT/hadoop-ozone-ozone-manager-0.5.0-SNAPSHOT-tests.jar:/home/user/.m2/repository/junit/junit/4.11/junit-4.11.jar:/home/user/.m2/repository/org/hamcrest/hamcrest-core/1.3/hamcrest-core-1.3.jar:/home/user/.m2/repository/org/openjdk/jmh/jmh-core/1.19/jmh-core-1.19.jar:/home/user/.m2/repository/net/sf/jopt-simple/jopt-simple/4.6/jopt-simple-4.6.jar:/home/user/.m2/repository/org/apache/commons/commons-math3/3.1.1/commons-math3-3.1.1.jar:/home/user/.m2/repository/org/openjdk/jmh/jmh-generator-annprocess/1.19/jmh-generator-annprocess-1.19.jar:/home/user/.m2/repository/org/mockito/mockito-all/1.8.5/mockito-all-1.8.5.jar:/home/user/.m2/repository/org/apache/hadoop/hadoop-kms/3.2.0/hadoop-kms-3.2.0.jar:/home/user/.m2/repository/org/apache/hadoop/hadoop-auth/3.2.0/hadoop-auth-3.2.0.jar:/home/user/.m2/repository/com/nimbusds/nimbus-jose-jwt/4.41.1/nimbus-jose-jwt-4.41.1.jar:/home/user/.m2/repository/com/github/stephenc/jcip/jcip-annotations/1.0-1/jcip-annotations-1.0-1.jar:/home/user/.m2/repository/net/minidev/json-smart/2.3/json-smart-2.3.jar:/home/user/.m2/repository/net/minidev/accessors-smart/1.2/accessors-smart-1.2.jar:/home/user/.m2/repository/org/ow2/asm/asm/5.0.4/asm-5.0.4.jar:/home/user/.m2/repository/org/apache/curator/curator-framework/2.12.0/curator-framework-2.12.0.jar:/home/user/.m2/repository/com/sun/jersey/jersey-core/1.19/jersey-core-1.19.jar:/home/user/.m2/repository/javax/ws/rs/jsr311-api/1.1.1/jsr311-api-1.1.1.jar:/home/user/.m2/repository/com/sun/jersey/jersey-server/1.19/jersey-server-1.19.jar:/home/user/.m2/repository/javax/servlet/javax.servlet-api/3.1.0/javax.servlet-api-3.1.0.jar:/home/user/.m2/repository/org/eclipse/jetty/jetty-server/9.3.24.v20180605/jetty-server-9.3.24.v20180605.jar:/home/user/.m2/repository/org/eclipse/jetty/jetty-http/9.3.24.v20180605/jetty-http-9.3.24.v20180605.jar:/home/user/.m2/repository/org/eclipse/jetty/jetty-io/9.3.24.v20180605/jetty-io-9.3.24.v20180605.jar:/home/user/.m2/repository/org/eclipse/jetty/jetty-webapp/9.3.24.v20180605/jetty-webapp-9.3.24.v20180605.jar:/home/user/.m2/repository/org/eclipse/jetty/jetty-xml/9.3.24.v20180605/jetty-xml-9.3.24.v20180605.jar:/home/user/.m2/repository/log4j/log4j/1.2.17/log4j-1.2.17.jar:/home/user/.m2/repository/org/slf4j/slf4j-api/1.7.25/slf4j-api-1.7.25.jar:/home/user/.m2/repository/org/slf4j/jul-to-slf4j/1.7.25/jul-to-slf4j-1.7.25.jar:/home/user/.m2/repository/org/eclipse/jetty/jetty-util/9.3.24.v20180605/jetty-util-9.3.24.v20180605.jar:/home/user/.m2/repository/com/fasterxml/jackson/core/jackson-databind/2.9.5/jackson-databind-2.9.5.jar:/home/user/.m2/repository/org/apache/hadoop/hadoop-kms/3.2.0/hadoop-kms-3.2.0-tests.jar:/home/user/.m2/repository/org/apache/hadoop/hadoop-hdds-server-scm/0.5.0-SNAPSHOT/hadoop-hdds-server-scm-0.5.0-SNAPSHOT-tests.jar:/home/user/.m2/repository/org/apache/hadoop/hadoop-hdds-container-service/0.5.0-SNAPSHOT/hadoop-hdds-container-service-0.5.0-SNAPSHOT-tests.jar:/home/user/.m2/repository/org/yaml/snakeyaml/1.16/snakeyaml-1.16.jar:/home/user/.m2/repository/org/apache/hadoop/hadoop-common/3.2.0/hadoop-common-3.2.0-tests.jar:/home/user/.m2/repository/org/apache/hadoop/hadoop-annotations/3.2.0/hadoop-annotations-3.2.0.jar:/usr/lib/jvm/java-1.8-openjdk/jre/../lib/tools.jar:/home/user/.m2/repository/commons-cli/commons-cli/1.2/commons-cli-1.2.jar:/home/user/.m2/repository/org/apache/httpcomponents/httpclient/4.5.2/httpclient-4.5.2.jar:/home/user/.m2/repository/org/apache/httpcomponents/httpcore/4.4.4/httpcore-4.4.4.jar:/home/user/.m2/repository/commons-codec/commons-codec/1.11/commons-codec-1.11.jar:/home/user/.m2/repository/commons-net/commons-net/3.6/commons-net-3.6.jar:/home/user/.m2/repository/commons-collections/commons-collections/3.2.2/commons-collections-3.2.2.jar:/home/user/.m2/repository/org/eclipse/jetty/jetty-servlet/9.3.24.v20180605/jetty-servlet-9.3.24.v20180605.jar:/home/user/.m2/repository/org/eclipse/jetty/jetty-security/9.3.24.v20180605/jetty-security-9.3.24.v20180605.jar:/home/user/.m2/repository/javax/servlet/jsp/jsp-api/2.1/jsp-api-2.1.jar:/home/user/.m2/repository/com/sun/jersey/jersey-servlet/1.19/jersey-servlet-1.19.jar:/home/user/.m2/repository/com/sun/jersey/jersey-json/1.19/jersey-json-1.19.jar:/home/user/.m2/repository/org/codehaus/jettison/jettison/1.1/jettison-1.1.jar:/home/user/.m2/repository/org/codehaus/jackson/jackson-core-asl/1.9.13/jackson-core-asl-1.9.13.jar:/home/user/.m2/repository/org/codehaus/jackson/jackson-mapper-asl/1.9.13/jackson-mapper-asl-1.9.13.jar:/home/user/.m2/repository/org/codehaus/jackson/jackson-jaxrs/1.9.13/jackson-jaxrs-1.9.13.jar:/home/user/.m2/repository/org/codehaus/jackson/jackson-xc/1.9.13/jackson-xc-1.9.13.jar:/home/user/.m2/repository/commons-logging/commons-logging/1.1.3/commons-logging-1.1.3.jar:/home/user/.m2/repository/commons-beanutils/commons-beanutils/1.9.3/commons-beanutils-1.9.3.jar:/home/user/.m2/repository/org/apache/commons/commons-configuration2/2.1.1/commons-configuration2-2.1.1.jar:/home/user/.m2/repository/org/apache/commons/commons-lang3/3.7/commons-lang3-3.7.jar:/home/user/.m2/repository/org/apache/commons/commons-text/1.4/commons-text-1.4.jar:/home/user/.m2/repository/org/apache/avro/avro/1.7.7/avro-1.7.7.jar:/home/user/.m2/repository/com/thoughtworks/paranamer/paranamer/2.3/paranamer-2.3.jar:/home/user/.m2/repository/org/xerial/snappy/snappy-java/1.0.5/snappy-java-1.0.5.jar:/home/user/.m2/repository/com/google/re2j/re2j/1.1/re2j-1.1.jar:/home/user/.m2/repository/com/google/code/gson/gson/2.2.4/gson-2.2.4.jar:/home/user/.m2/repository/com/jcraft/jsch/0.1.54/jsch-0.1.54.jar:/home/user/.m2/repository/org/apache/curator/curator-client/2.12.0/curator-client-2.12.0.jar:/home/user/.m2/repository/org/apache/curator/curator-recipes/2.12.0/curator-recipes-2.12.0.jar:/home/user/.m2/repository/com/google/code/findbugs/jsr305/3.0.0/jsr305-3.0.0.jar:/home/user/.m2/repository/org/apache/htrace/htrace-core4/4.1.0-incubating/htrace-core4-4.1.0-incubating.jar:/home/user/.m2/repository/org/apache/zookeeper/zookeeper/3.4.13/zookeeper-3.4.13.jar:/home/user/.m2/repository/org/apache/yetus/audience-annotations/0.5.0/audience-annotations-0.5.0.jar:/home/user/.m2/repository/org/codehaus/woodstox/stax2-api/3.1.4/stax2-api-3.1.4.jar:/home/user/.m2/repository/com/fasterxml/woodstox/woodstox-core/5.0.3/woodstox-core-5.0.3.jar:/home/user/.m2/repository/dnsjava/dnsjava/2.1.7/dnsjava-2.1.7.jar:/home/user/.m2/repository/org/apache/hadoop/hadoop-hdfs/3.2.0/hadoop-hdfs-3.2.0-tests.jar:/home/user/.m2/repository/org/eclipse/jetty/jetty-util-ajax/9.3.24.v20180605/jetty-util-ajax-9.3.24.v20180605.jar:/home/user/.m2/repository/commons-daemon/commons-daemon/1.0.13/commons-daemon-1.0.13.jar:/home/user/.m2/repository/io/netty/netty/3.10.5.Final/netty-3.10.5.Final.jar:/home/user/.m2/repository/io/netty/netty-all/4.0.52.Final/netty-all-4.0.52.Final.jar:/home/user/.m2/repository/org/fusesource/leveldbjni/leveldbjni-all/1.8/leveldbjni-all-1.8.jar:"/>
    <property name="java.vm.vendor" value="IcedTea"/>
    <property name="sun.arch.data.model" value="64"/>
    <property name="test.build.dir" value="/workdir/hadoop-ozone/integration-test/target/test-dir"/>
    <property name="test.cache.data" value=""/>
    <property name="java.vendor.url" value="https://icedtea.classpath.org"/>
    <property name="user.timezone" value=""/>
    <property name="java.vm.specification.version" value="1.8"/>
    <property name="os.name" value="Linux"/>
    <property name="test.build.data" value="/workdir/hadoop-ozone/integration-test/target/test-dir"/>
    <property name="user.country" value="US"/>
    <property name="sun.java.launcher" value="SUN_STANDARD"/>
    <property name="sun.boot.library.path" value="/usr/lib/jvm/java-1.8-openjdk/jre/lib/amd64"/>
    <property name="sun.java.command" value="/workdir/hadoop-ozone/integration-test/target/surefire/surefirebooter1941320233635645464.jar /workdir/hadoop-ozone/integration-test/target/surefire 2019-08-23T23-25-03_353-jvmRun1 surefire4719345015217389819tmp surefire_485783961768692950044tmp"/>
    <property name="test" value="!TestMiniChaosOzoneCluster"/>
    <property name="surefire.test.class.path" value="/workdir/hadoop-ozone/integration-test/target/test-classes:/workdir/hadoop-ozone/integration-test/target/classes:/home/user/.m2/repository/org/apache/hadoop/hadoop-ozone-common/0.5.0-SNAPSHOT/hadoop-ozone-common-0.5.0-SNAPSHOT.jar:/home/user/.m2/repository/org/apache/commons/commons-compress/1.4.1/commons-compress-1.4.1.jar:/home/user/.m2/repository/org/tukaani/xz/1.0/xz-1.0.jar:/home/user/.m2/repository/org/apache/hadoop/hadoop-common/3.2.0/hadoop-common-3.2.0.jar:/home/user/.m2/repository/org/apache/hadoop/hadoop-hdfs/3.2.0/hadoop-hdfs-3.2.0.jar:/home/user/.m2/repository/org/apache/hadoop/hadoop-hdfs-client/3.2.0/hadoop-hdfs-client-3.2.0.jar:/home/user/.m2/repository/com/fasterxml/jackson/core/jackson-annotations/2.9.5/jackson-annotations-2.9.5.jar:/home/user/.m2/repository/org/apache/hadoop/hadoop-hdds-common/0.5.0-SNAPSHOT/hadoop-hdds-common-0.5.0-SNAPSHOT.jar:/home/user/.m2/repository/javax/annotation/javax.annotation-api/1.2/javax.annotation-api-1.2.jar:/home/user/.m2/repository/org/apache/ratis/ratis-server/0.4.0-2337318-SNAPSHOT/ratis-server-0.4.0-2337318-SNAPSHOT.jar:/home/user/.m2/repository/org/apache/ratis/ratis-thirdparty-misc/0.2.0/ratis-thirdparty-misc-0.2.0.jar:/home/user/.m2/repository/org/apache/ratis/ratis-proto/0.4.0-2337318-SNAPSHOT/ratis-proto-0.4.0-2337318-SNAPSHOT.jar:/home/user/.m2/repository/org/apache/ratis/ratis-common/0.4.0-2337318-SNAPSHOT/ratis-common-0.4.0-2337318-SNAPSHOT.jar:/home/user/.m2/repository/org/apache/ratis/ratis-client/0.4.0-2337318-SNAPSHOT/ratis-client-0.4.0-2337318-SNAPSHOT.jar:/home/user/.m2/repository/org/apache/ratis/ratis-metrics/0.4.0-2337318-SNAPSHOT/ratis-metrics-0.4.0-2337318-SNAPSHOT.jar:/home/user/.m2/repository/org/apache/ratis/ratis-netty/0.4.0-2337318-SNAPSHOT/ratis-netty-0.4.0-2337318-SNAPSHOT.jar:/home/user/.m2/repository/org/apache/ratis/ratis-grpc/0.4.0-2337318-SNAPSHOT/ratis-grpc-0.4.0-2337318-SNAPSHOT.jar:/home/user/.m2/repository/org/rocksdb/rocksdbjni/6.0.1/rocksdbjni-6.0.1.jar:/home/user/.m2/repository/org/apache/logging/log4j/log4j-api/2.11.0/log4j-api-2.11.0.jar:/home/user/.m2/repository/org/apache/logging/log4j/log4j-core/2.11.0/log4j-core-2.11.0.jar:/home/user/.m2/repository/com/lmax/disruptor/3.4.2/disruptor-3.4.2.jar:/home/user/.m2/repository/org/apache/commons/commons-pool2/2.6.0/commons-pool2-2.6.0.jar:/home/user/.m2/repository/org/bouncycastle/bcpkix-jdk15on/1.60/bcpkix-jdk15on-1.60.jar:/home/user/.m2/repository/commons-validator/commons-validator/1.6/commons-validator-1.6.jar:/home/user/.m2/repository/commons-digester/commons-digester/1.8.1/commons-digester-1.8.1.jar:/home/user/.m2/repository/io/jaegertracing/jaeger-client/0.33.1/jaeger-client-0.33.1.jar:/home/user/.m2/repository/io/jaegertracing/jaeger-thrift/0.33.1/jaeger-thrift-0.33.1.jar:/home/user/.m2/repository/org/apache/thrift/libthrift/0.11.0/libthrift-0.11.0.jar:/home/user/.m2/repository/com/squareup/okhttp3/okhttp/3.9.0/okhttp-3.9.0.jar:/home/user/.m2/repository/com/squareup/okio/okio/1.13.0/okio-1.13.0.jar:/home/user/.m2/repository/io/jaegertracing/jaeger-core/0.33.1/jaeger-core-0.33.1.jar:/home/user/.m2/repository/io/jaegertracing/jaeger-tracerresolver/0.33.1/jaeger-tracerresolver-0.33.1.jar:/home/user/.m2/repository/io/opentracing/contrib/opentracing-tracerresolver/0.1.5/opentracing-tracerresolver-0.1.5.jar:/home/user/.m2/repository/io/opentracing/opentracing-util/0.31.0/opentracing-util-0.31.0.jar:/home/user/.m2/repository/io/opentracing/opentracing-api/0.31.0/opentracing-api-0.31.0.jar:/home/user/.m2/repository/io/opentracing/opentracing-noop/0.31.0/opentracing-noop-0.31.0.jar:/home/user/.m2/repository/org/apache/hadoop/hadoop-hdds-server-framework/0.5.0-SNAPSHOT/hadoop-hdds-server-framework-0.5.0-SNAPSHOT.jar:/home/user/.m2/repository/org/apache/hadoop/hadoop-hdds-container-service/0.5.0-SNAPSHOT/hadoop-hdds-container-service-0.5.0-SNAPSHOT.jar:/home/user/.m2/repository/org/apache/hadoop/hadoop-hdds-client/0.5.0-SNAPSHOT/hadoop-hdds-client-0.5.0-SNAPSHOT.jar:/home/user/.m2/repository/org/apache/hadoop/hadoop-hdds-tools/0.5.0-SNAPSHOT/hadoop-hdds-tools-0.5.0-SNAPSHOT.jar:/home/user/.m2/repository/org/apache/hadoop/hadoop-hdds-server-scm/0.5.0-SNAPSHOT/hadoop-hdds-server-scm-0.5.0-SNAPSHOT.jar:/home/user/.m2/repository/org/apache/hadoop/hadoop-hdds-docs/0.5.0-SNAPSHOT/hadoop-hdds-docs-0.5.0-SNAPSHOT.jar:/home/user/.m2/repository/io/dropwizard/metrics/metrics-core/3.2.4/metrics-core-3.2.4.jar:/home/user/.m2/repository/org/hamcrest/hamcrest-all/1.3/hamcrest-all-1.3.jar:/home/user/.m2/repository/org/bouncycastle/bcprov-jdk15on/1.60/bcprov-jdk15on-1.60.jar:/home/user/.m2/repository/info/picocli/picocli/3.9.6/picocli-3.9.6.jar:/home/user/.m2/repository/com/google/protobuf/protobuf-java/2.5.0/protobuf-java-2.5.0.jar:/home/user/.m2/repository/com/google/guava/guava/11.0.2/guava-11.0.2.jar:/home/user/.m2/repository/org/apache/hadoop/hadoop-ozone-ozone-manager/0.5.0-SNAPSHOT/hadoop-ozone-ozone-manager-0.5.0-SNAPSHOT.jar:/home/user/.m2/repository/org/apache/hadoop/hadoop-minikdc/3.2.0/hadoop-minikdc-3.2.0.jar:/home/user/.m2/repository/commons-io/commons-io/2.5/commons-io-2.5.jar:/home/user/.m2/repository/org/apache/kerby/kerb-simplekdc/1.0.1/kerb-simplekdc-1.0.1.jar:/home/user/.m2/repository/org/apache/kerby/kerb-client/1.0.1/kerb-client-1.0.1.jar:/home/user/.m2/repository/org/apache/kerby/kerby-config/1.0.1/kerby-config-1.0.1.jar:/home/user/.m2/repository/org/apache/kerby/kerb-core/1.0.1/kerb-core-1.0.1.jar:/home/user/.m2/repository/org/apache/kerby/kerby-pkix/1.0.1/kerby-pkix-1.0.1.jar:/home/user/.m2/repository/org/apache/kerby/kerby-asn1/1.0.1/kerby-asn1-1.0.1.jar:/home/user/.m2/repository/org/apache/kerby/kerby-util/1.0.1/kerby-util-1.0.1.jar:/home/user/.m2/repository/org/apache/kerby/kerb-common/1.0.1/kerb-common-1.0.1.jar:/home/user/.m2/repository/org/apache/kerby/kerb-crypto/1.0.1/kerb-crypto-1.0.1.jar:/home/user/.m2/repository/org/apache/kerby/kerb-util/1.0.1/kerb-util-1.0.1.jar:/home/user/.m2/repository/org/apache/kerby/token-provider/1.0.1/token-provider-1.0.1.jar:/home/user/.m2/repository/org/apache/kerby/kerb-admin/1.0.1/kerb-admin-1.0.1.jar:/home/user/.m2/repository/org/apache/kerby/kerb-server/1.0.1/kerb-server-1.0.1.jar:/home/user/.m2/repository/org/apache/kerby/kerb-identity/1.0.1/kerb-identity-1.0.1.jar:/home/user/.m2/repository/org/apache/kerby/kerby-xdr/1.0.1/kerby-xdr-1.0.1.jar:/home/user/.m2/repository/org/slf4j/slf4j-log4j12/1.7.25/slf4j-log4j12-1.7.25.jar:/home/user/.m2/repository/org/apache/hadoop/hadoop-ozone-objectstore-service/0.5.0-SNAPSHOT/hadoop-ozone-objectstore-service-0.5.0-SNAPSHOT.jar:/home/user/.m2/repository/org/apache/hadoop/hadoop-ozone-s3gateway/0.5.0-SNAPSHOT/hadoop-ozone-s3gateway-0.5.0-SNAPSHOT.jar:/home/user/.m2/repository/org/jboss/weld/servlet/weld-servlet/2.4.7.Final/weld-servlet-2.4.7.Final.jar:/home/user/.m2/repository/org/glassfish/jersey/containers/jersey-container-servlet-core/2.27/jersey-container-servlet-core-2.27.jar:/home/user/.m2/repository/org/glassfish/hk2/external/javax.inject/2.5.0-b42/javax.inject-2.5.0-b42.jar:/home/user/.m2/repository/org/glassfish/jersey/core/jersey-common/2.27/jersey-common-2.27.jar:/home/user/.m2/repository/org/glassfish/hk2/osgi-resource-locator/1.0.1/osgi-resource-locator-1.0.1.jar:/home/user/.m2/repository/javax/ws/rs/javax.ws.rs-api/2.1/javax.ws.rs-api-2.1.jar:/home/user/.m2/repository/org/glassfish/jersey/ext/cdi/jersey-cdi1x/2.27/jersey-cdi1x-2.27.jar:/home/user/.m2/repository/org/glassfish/jersey/inject/jersey-hk2/2.27/jersey-hk2-2.27.jar:/home/user/.m2/repository/org/glassfish/hk2/hk2-locator/2.5.0-b42/hk2-locator-2.5.0-b42.jar:/home/user/.m2/repository/org/javassist/javassist/3.22.0-CR2/javassist-3.22.0-CR2.jar:/home/user/.m2/repository/org/glassfish/hk2/hk2-api/2.5.0/hk2-api-2.5.0.jar:/home/user/.m2/repository/org/glassfish/hk2/external/jakarta.inject/2.5.0/jakarta.inject-2.5.0.jar:/home/user/.m2/repository/org/glassfish/hk2/hk2-utils/2.5.0/hk2-utils-2.5.0.jar:/home/user/.m2/repository/jakarta/annotation/jakarta.annotation-api/1.3.4/jakarta.annotation-api-1.3.4.jar:/home/user/.m2/repository/org/glassfish/hk2/external/aopalliance-repackaged/2.5.0/aopalliance-repackaged-2.5.0.jar:/home/user/.m2/repository/com/fasterxml/jackson/dataformat/jackson-dataformat-xml/2.9.0/jackson-dataformat-xml-2.9.0.jar:/home/user/.m2/repository/com/fasterxml/jackson/core/jackson-core/2.9.5/jackson-core-2.9.5.jar:/home/user/.m2/repository/com/fasterxml/jackson/module/jackson-module-jaxb-annotations/2.9.5/jackson-module-jaxb-annotations-2.9.5.jar:/home/user/.m2/repository/javax/enterprise/cdi-api/1.2/cdi-api-1.2.jar:/home/user/.m2/repository/javax/el/javax.el-api/3.0.0/javax.el-api-3.0.0.jar:/home/user/.m2/repository/javax/interceptor/javax.interceptor-api/1.2/javax.interceptor-api-1.2.jar:/home/user/.m2/repository/javax/inject/javax.inject/1/javax.inject-1.jar:/home/user/.m2/repository/com/sun/xml/bind/jaxb-impl/2.3.0.1/jaxb-impl-2.3.0.1.jar:/home/user/.m2/repository/com/sun/xml/bind/jaxb-core/2.3.0.1/jaxb-core-2.3.0.1.jar:/home/user/.m2/repository/javax/xml/bind/jaxb-api/2.3.0/jaxb-api-2.3.0.jar:/home/user/.m2/repository/javax/activation/activation/1.1.1/activation-1.1.1.jar:/home/user/.m2/repository/org/apache/hadoop/hadoop-ozone-csi/0.5.0-SNAPSHOT/hadoop-ozone-csi-0.5.0-SNAPSHOT.jar:/home/user/.m2/repository/com/google/protobuf/protobuf-java-util/3.5.1/protobuf-java-util-3.5.1.jar:/home/user/.m2/repository/org/apache/hadoop/hadoop-hdds-config/0.5.0-SNAPSHOT/hadoop-hdds-config-0.5.0-SNAPSHOT.jar:/home/user/.m2/repository/io/grpc/grpc-netty/1.17.1/grpc-netty-1.17.1.jar:/home/user/.m2/repository/io/grpc/grpc-core/1.17.1/grpc-core-1.17.1.jar:/home/user/.m2/repository/io/grpc/grpc-context/1.17.1/grpc-context-1.17.1.jar:/home/user/.m2/repository/com/google/errorprone/error_prone_annotations/2.2.0/error_prone_annotations-2.2.0.jar:/home/user/.m2/repository/org/codehaus/mojo/animal-sniffer-annotations/1.17/animal-sniffer-annotations-1.17.jar:/home/user/.m2/repository/io/opencensus/opencensus-api/0.17.0/opencensus-api-0.17.0.jar:/home/user/.m2/repository/io/opencensus/opencensus-contrib-grpc-metrics/0.17.0/opencensus-contrib-grpc-metrics-0.17.0.jar:/home/user/.m2/repository/io/netty/netty-codec-http2/4.1.30.Final/netty-codec-http2-4.1.30.Final.jar:/home/user/.m2/repository/io/netty/netty-codec-http/4.1.30.Final/netty-codec-http-4.1.30.Final.jar:/home/user/.m2/repository/io/netty/netty-codec/4.1.30.Final/netty-codec-4.1.30.Final.jar:/home/user/.m2/repository/io/netty/netty-handler/4.1.30.Final/netty-handler-4.1.30.Final.jar:/home/user/.m2/repository/io/netty/netty-handler-proxy/4.1.30.Final/netty-handler-proxy-4.1.30.Final.jar:/home/user/.m2/repository/io/netty/netty-codec-socks/4.1.30.Final/netty-codec-socks-4.1.30.Final.jar:/home/user/.m2/repository/io/netty/netty-transport-native-epoll/4.1.30.Final/netty-transport-native-epoll-4.1.30.Final.jar:/home/user/.m2/repository/io/netty/netty-common/4.1.30.Final/netty-common-4.1.30.Final.jar:/home/user/.m2/repository/io/netty/netty-buffer/4.1.30.Final/netty-buffer-4.1.30.Final.jar:/home/user/.m2/repository/io/netty/netty-transport/4.1.30.Final/netty-transport-4.1.30.Final.jar:/home/user/.m2/repository/io/netty/netty-resolver/4.1.30.Final/netty-resolver-4.1.30.Final.jar:/home/user/.m2/repository/io/netty/netty-transport-native-unix-common/4.1.30.Final/netty-transport-native-unix-common-4.1.30.Final.jar:/home/user/.m2/repository/io/grpc/grpc-protobuf/1.17.1/grpc-protobuf-1.17.1.jar:/home/user/.m2/repository/com/google/api/grpc/proto-google-common-protos/1.0.0/proto-google-common-protos-1.0.0.jar:/home/user/.m2/repository/io/grpc/grpc-protobuf-lite/1.17.1/grpc-protobuf-lite-1.17.1.jar:/home/user/.m2/repository/io/grpc/grpc-stub/1.17.1/grpc-stub-1.17.1.jar:/home/user/.m2/repository/org/apache/hadoop/hadoop-ozone-recon/0.5.0-SNAPSHOT/hadoop-ozone-recon-0.5.0-SNAPSHOT.jar:/home/user/.m2/repository/org/apache/hadoop/hadoop-ozone-reconcodegen/0.5.0-SNAPSHOT/hadoop-ozone-reconcodegen-0.5.0-SNAPSHOT.jar:/home/user/.m2/repository/com/google/inject/extensions/guice-multibindings/4.0/guice-multibindings-4.0.jar:/home/user/.m2/repository/com/google/inject/guice/4.0/guice-4.0.jar:/home/user/.m2/repository/aopalliance/aopalliance/1.0/aopalliance-1.0.jar:/home/user/.m2/repository/com/google/inject/extensions/guice-servlet/4.0/guice-servlet-4.0.jar:/home/user/.m2/repository/org/glassfish/jersey/containers/jersey-container-servlet/2.27/jersey-container-servlet-2.27.jar:/home/user/.m2/repository/org/glassfish/hk2/guice-bridge/2.5.0/guice-bridge-2.5.0.jar:/home/user/.m2/repository/org/glassfish/jersey/core/jersey-server/2.27/jersey-server-2.27.jar:/home/user/.m2/repository/org/glassfish/jersey/core/jersey-client/2.27/jersey-client-2.27.jar:/home/user/.m2/repository/org/glassfish/jersey/media/jersey-media-jaxb/2.27/jersey-media-jaxb-2.27.jar:/home/user/.m2/repository/javax/validation/validation-api/1.1.0.Final/validation-api-1.1.0.Final.jar:/home/user/.m2/repository/org/glassfish/jersey/media/jersey-media-json-jackson/2.27/jersey-media-json-jackson-2.27.jar:/home/user/.m2/repository/org/glassfish/jersey/ext/jersey-entity-filtering/2.27/jersey-entity-filtering-2.27.jar:/home/user/.m2/repository/com/google/inject/extensions/guice-assistedinject/4.0/guice-assistedinject-4.0.jar:/home/user/.m2/repository/org/jooq/jooq/3.11.10/jooq-3.11.10.jar:/home/user/.m2/repository/org/jooq/jooq-meta/3.11.10/jooq-meta-3.11.10.jar:/home/user/.m2/repository/org/jooq/jooq-codegen/3.11.10/jooq-codegen-3.11.10.jar:/home/user/.m2/repository/com/jolbox/bonecp/0.8.0.RELEASE/bonecp-0.8.0.RELEASE.jar:/home/user/.m2/repository/org/xerial/sqlite-jdbc/3.25.2/sqlite-jdbc-3.25.2.jar:/home/user/.m2/repository/org/springframework/spring-jdbc/5.1.3.RELEASE/spring-jdbc-5.1.3.RELEASE.jar:/home/user/.m2/repository/org/springframework/spring-beans/5.1.3.RELEASE/spring-beans-5.1.3.RELEASE.jar:/home/user/.m2/repository/org/springframework/spring-core/5.1.3.RELEASE/spring-core-5.1.3.RELEASE.jar:/home/user/.m2/repository/org/springframework/spring-jcl/5.1.3.RELEASE/spring-jcl-5.1.3.RELEASE.jar:/home/user/.m2/repository/org/springframework/spring-tx/5.1.3.RELEASE/spring-tx-5.1.3.RELEASE.jar:/home/user/.m2/repository/org/apache/hadoop/hadoop-ozone-client/0.5.0-SNAPSHOT/hadoop-ozone-client-0.5.0-SNAPSHOT.jar:/home/user/.m2/repository/commons-lang/commons-lang/2.6/commons-lang-2.6.jar:/home/user/.m2/repository/org/apache/hadoop/hadoop-ozone-ozone-manager/0.5.0-SNAPSHOT/hadoop-ozone-ozone-manager-0.5.0-SNAPSHOT-tests.jar:/home/user/.m2/repository/junit/junit/4.11/junit-4.11.jar:/home/user/.m2/repository/org/hamcrest/hamcrest-core/1.3/hamcrest-core-1.3.jar:/home/user/.m2/repository/org/openjdk/jmh/jmh-core/1.19/jmh-core-1.19.jar:/home/user/.m2/repository/net/sf/jopt-simple/jopt-simple/4.6/jopt-simple-4.6.jar:/home/user/.m2/repository/org/apache/commons/commons-math3/3.1.1/commons-math3-3.1.1.jar:/home/user/.m2/repository/org/openjdk/jmh/jmh-generator-annprocess/1.19/jmh-generator-annprocess-1.19.jar:/home/user/.m2/repository/org/mockito/mockito-all/1.8.5/mockito-all-1.8.5.jar:/home/user/.m2/repository/org/apache/hadoop/hadoop-kms/3.2.0/hadoop-kms-3.2.0.jar:/home/user/.m2/repository/org/apache/hadoop/hadoop-auth/3.2.0/hadoop-auth-3.2.0.jar:/home/user/.m2/repository/com/nimbusds/nimbus-jose-jwt/4.41.1/nimbus-jose-jwt-4.41.1.jar:/home/user/.m2/repository/com/github/stephenc/jcip/jcip-annotations/1.0-1/jcip-annotations-1.0-1.jar:/home/user/.m2/repository/net/minidev/json-smart/2.3/json-smart-2.3.jar:/home/user/.m2/repository/net/minidev/accessors-smart/1.2/accessors-smart-1.2.jar:/home/user/.m2/repository/org/ow2/asm/asm/5.0.4/asm-5.0.4.jar:/home/user/.m2/repository/org/apache/curator/curator-framework/2.12.0/curator-framework-2.12.0.jar:/home/user/.m2/repository/com/sun/jersey/jersey-core/1.19/jersey-core-1.19.jar:/home/user/.m2/repository/javax/ws/rs/jsr311-api/1.1.1/jsr311-api-1.1.1.jar:/home/user/.m2/repository/com/sun/jersey/jersey-server/1.19/jersey-server-1.19.jar:/home/user/.m2/repository/javax/servlet/javax.servlet-api/3.1.0/javax.servlet-api-3.1.0.jar:/home/user/.m2/repository/org/eclipse/jetty/jetty-server/9.3.24.v20180605/jetty-server-9.3.24.v20180605.jar:/home/user/.m2/repository/org/eclipse/jetty/jetty-http/9.3.24.v20180605/jetty-http-9.3.24.v20180605.jar:/home/user/.m2/repository/org/eclipse/jetty/jetty-io/9.3.24.v20180605/jetty-io-9.3.24.v20180605.jar:/home/user/.m2/repository/org/eclipse/jetty/jetty-webapp/9.3.24.v20180605/jetty-webapp-9.3.24.v20180605.jar:/home/user/.m2/repository/org/eclipse/jetty/jetty-xml/9.3.24.v20180605/jetty-xml-9.3.24.v20180605.jar:/home/user/.m2/repository/log4j/log4j/1.2.17/log4j-1.2.17.jar:/home/user/.m2/repository/org/slf4j/slf4j-api/1.7.25/slf4j-api-1.7.25.jar:/home/user/.m2/repository/org/slf4j/jul-to-slf4j/1.7.25/jul-to-slf4j-1.7.25.jar:/home/user/.m2/repository/org/eclipse/jetty/jetty-util/9.3.24.v20180605/jetty-util-9.3.24.v20180605.jar:/home/user/.m2/repository/com/fasterxml/jackson/core/jackson-databind/2.9.5/jackson-databind-2.9.5.jar:/home/user/.m2/repository/org/apache/hadoop/hadoop-kms/3.2.0/hadoop-kms-3.2.0-tests.jar:/home/user/.m2/repository/org/apache/hadoop/hadoop-hdds-server-scm/0.5.0-SNAPSHOT/hadoop-hdds-server-scm-0.5.0-SNAPSHOT-tests.jar:/home/user/.m2/repository/org/apache/hadoop/hadoop-hdds-container-service/0.5.0-SNAPSHOT/hadoop-hdds-container-service-0.5.0-SNAPSHOT-tests.jar:/home/user/.m2/repository/org/yaml/snakeyaml/1.16/snakeyaml-1.16.jar:/home/user/.m2/repository/org/apache/hadoop/hadoop-common/3.2.0/hadoop-common-3.2.0-tests.jar:/home/user/.m2/repository/org/apache/hadoop/hadoop-annotations/3.2.0/hadoop-annotations-3.2.0.jar:/usr/lib/jvm/java-1.8-openjdk/jre/../lib/tools.jar:/home/user/.m2/repository/commons-cli/commons-cli/1.2/commons-cli-1.2.jar:/home/user/.m2/repository/org/apache/httpcomponents/httpclient/4.5.2/httpclient-4.5.2.jar:/home/user/.m2/repository/org/apache/httpcomponents/httpcore/4.4.4/httpcore-4.4.4.jar:/home/user/.m2/repository/commons-codec/commons-codec/1.11/commons-codec-1.11.jar:/home/user/.m2/repository/commons-net/commons-net/3.6/commons-net-3.6.jar:/home/user/.m2/repository/commons-collections/commons-collections/3.2.2/commons-collections-3.2.2.jar:/home/user/.m2/repository/org/eclipse/jetty/jetty-servlet/9.3.24.v20180605/jetty-servlet-9.3.24.v20180605.jar:/home/user/.m2/repository/org/eclipse/jetty/jetty-security/9.3.24.v20180605/jetty-security-9.3.24.v20180605.jar:/home/user/.m2/repository/javax/servlet/jsp/jsp-api/2.1/jsp-api-2.1.jar:/home/user/.m2/repository/com/sun/jersey/jersey-servlet/1.19/jersey-servlet-1.19.jar:/home/user/.m2/repository/com/sun/jersey/jersey-json/1.19/jersey-json-1.19.jar:/home/user/.m2/repository/org/codehaus/jettison/jettison/1.1/jettison-1.1.jar:/home/user/.m2/repository/org/codehaus/jackson/jackson-core-asl/1.9.13/jackson-core-asl-1.9.13.jar:/home/user/.m2/repository/org/codehaus/jackson/jackson-mapper-asl/1.9.13/jackson-mapper-asl-1.9.13.jar:/home/user/.m2/repository/org/codehaus/jackson/jackson-jaxrs/1.9.13/jackson-jaxrs-1.9.13.jar:/home/user/.m2/repository/org/codehaus/jackson/jackson-xc/1.9.13/jackson-xc-1.9.13.jar:/home/user/.m2/repository/commons-logging/commons-logging/1.1.3/commons-logging-1.1.3.jar:/home/user/.m2/repository/commons-beanutils/commons-beanutils/1.9.3/commons-beanutils-1.9.3.jar:/home/user/.m2/repository/org/apache/commons/commons-configuration2/2.1.1/commons-configuration2-2.1.1.jar:/home/user/.m2/repository/org/apache/commons/commons-lang3/3.7/commons-lang3-3.7.jar:/home/user/.m2/repository/org/apache/commons/commons-text/1.4/commons-text-1.4.jar:/home/user/.m2/repository/org/apache/avro/avro/1.7.7/avro-1.7.7.jar:/home/user/.m2/repository/com/thoughtworks/paranamer/paranamer/2.3/paranamer-2.3.jar:/home/user/.m2/repository/org/xerial/snappy/snappy-java/1.0.5/snappy-java-1.0.5.jar:/home/user/.m2/repository/com/google/re2j/re2j/1.1/re2j-1.1.jar:/home/user/.m2/repository/com/google/code/gson/gson/2.2.4/gson-2.2.4.jar:/home/user/.m2/repository/com/jcraft/jsch/0.1.54/jsch-0.1.54.jar:/home/user/.m2/repository/org/apache/curator/curator-client/2.12.0/curator-client-2.12.0.jar:/home/user/.m2/repository/org/apache/curator/curator-recipes/2.12.0/curator-recipes-2.12.0.jar:/home/user/.m2/repository/com/google/code/findbugs/jsr305/3.0.0/jsr305-3.0.0.jar:/home/user/.m2/repository/org/apache/htrace/htrace-core4/4.1.0-incubating/htrace-core4-4.1.0-incubating.jar:/home/user/.m2/repository/org/apache/zookeeper/zookeeper/3.4.13/zookeeper-3.4.13.jar:/home/user/.m2/repository/org/apache/yetus/audience-annotations/0.5.0/audience-annotations-0.5.0.jar:/home/user/.m2/repository/org/codehaus/woodstox/stax2-api/3.1.4/stax2-api-3.1.4.jar:/home/user/.m2/repository/com/fasterxml/woodstox/woodstox-core/5.0.3/woodstox-core-5.0.3.jar:/home/user/.m2/repository/dnsjava/dnsjava/2.1.7/dnsjava-2.1.7.jar:/home/user/.m2/repository/org/apache/hadoop/hadoop-hdfs/3.2.0/hadoop-hdfs-3.2.0-tests.jar:/home/user/.m2/repository/org/eclipse/jetty/jetty-util-ajax/9.3.24.v20180605/jetty-util-ajax-9.3.24.v20180605.jar:/home/user/.m2/repository/commons-daemon/commons-daemon/1.0.13/commons-daemon-1.0.13.jar:/home/user/.m2/repository/io/netty/netty/3.10.5.Final/netty-3.10.5.Final.jar:/home/user/.m2/repository/io/netty/netty-all/4.0.52.Final/netty-all-4.0.52.Final.jar:/home/user/.m2/repository/org/fusesource/leveldbjni/leveldbjni-all/1.8/leveldbjni-all-1.8.jar:"/>
    <property name="sun.cpu.endian" value="little"/>
    <property name="user.home" value="/home/user"/>
    <property name="user.language" value="en"/>
    <property name="java.specification.vendor" value="Oracle Corporation"/>
    <property name="java.home" value="/usr/lib/jvm/java-1.8-openjdk/jre"/>
    <property name="java.security.krb5.conf" value="/workdir/hadoop-ozone/integration-test/target/test-classes/krb5.conf"/>
    <property name="basedir" value="/workdir/hadoop-ozone/integration-test"/>
    <property name="file.separator" value="/"/>
    <property name="line.separator" value="&#10;"/>
    <property name="java.vm.specification.vendor" value="Oracle Corporation"/>
    <property name="java.specification.name" value="Java Platform API Specification"/>
    <property name="java.awt.graphicsenv" value="sun.awt.X11GraphicsEnvironment"/>
    <property name="surefire.real.class.path" value="/workdir/hadoop-ozone/integration-test/target/surefire/surefirebooter1941320233635645464.jar"/>
    <property name="hadoop.log.dir" value="/workdir/hadoop-ozone/integration-test/target/log"/>
    <property name="sun.boot.class.path" value="/usr/lib/jvm/java-1.8-openjdk/jre/lib/resources.jar:/usr/lib/jvm/java-1.8-openjdk/jre/lib/rt.jar:/usr/lib/jvm/java-1.8-openjdk/jre/lib/sunrsasign.jar:/usr/lib/jvm/java-1.8-openjdk/jre/lib/jsse.jar:/usr/lib/jvm/java-1.8-openjdk/jre/lib/jce.jar:/usr/lib/jvm/java-1.8-openjdk/jre/lib/charsets.jar:/usr/lib/jvm/java-1.8-openjdk/jre/lib/jfr.jar:/usr/lib/jvm/java-1.8-openjdk/jre/classes"/>
    <property name="sun.management.compiler" value="HotSpot 64-Bit Tiered Compilers"/>
    <property name="java.runtime.version" value="1.8.0_212-b04"/>
    <property name="java.net.preferIPv4Stack" value="true"/>
    <property name="user.name" value="jenkins1000"/>
    <property name="path.separator" value=":"/>
    <property name="java.security.egd" value="file:///dev/urandom"/>
    <property name="os.version" value="3.10.0-957.12.2.el7.x86_64"/>
    <property name="java.endorsed.dirs" value="/usr/lib/jvm/java-1.8-openjdk/jre/lib/endorsed"/>
    <property name="java.runtime.name" value="OpenJDK Runtime Environment"/>
    <property name="file.encoding" value="UTF-8"/>
    <property name="java.vm.name" value="OpenJDK 64-Bit Server VM"/>
    <property name="test.build.webapps" value=""/>
    <property name="localRepository" value="/home/user/.m2/repository"/>
    <property name="java.vendor.url.bug" value="https://icedtea.classpath.org/bugzilla"/>
    <property name="java.io.tmpdir" value="/tmp"/>
    <property name="require.test.libhadoop" value=""/>
    <property name="java.version" value="1.8.0_212"/>
    <property name="user.dir" value="/workdir/hadoop-ozone/integration-test"/>
    <property name="os.arch" value="amd64"/>
    <property name="java.vm.specification.name" value="Java Virtual Machine Specification"/>
    <property name="test.build.classes" value="/workdir/hadoop-ozone/integration-test/target/test-classes"/>
    <property name="java.awt.printerjob" value="sun.print.PSPrinterJob"/>
    <property name="sun.os.patch.level" value="unknown"/>
    <property name="hadoop.tmp.dir" value="/workdir/hadoop-ozone/integration-test/target/tmp"/>
    <property name="java.library.path" value="/usr/lib/jvm/java-1.8-openjdk/jre/lib/amd64/server:/usr/lib/jvm/java-1.8-openjdk/jre/lib/amd64:/usr/lib/jvm/java-1.8-openjdk/jre/../lib/amd64:/workdir/hadoop-ozone/integration-test/target/native/target/usr/local/lib:/workdir/hadoop-ozone/integration-test/../../hadoop-common-project/hadoop-common/target/native/target/usr/local/lib:/usr/java/packages/lib/amd64:/usr/lib64:/lib64:/lib:/usr/lib"/>
    <property name="java.vm.info" value="mixed mode"/>
    <property name="java.vendor" value="IcedTea"/>
    <property name="java.vm.version" value="25.212-b04"/>
    <property name="java.ext.dirs" value="/usr/lib/jvm/java-1.8-openjdk/jre/lib/ext:/usr/java/packages/lib/ext"/>
    <property name="sun.io.unicode.encoding" value="UnicodeLittle"/>
    <property name="java.class.version" value="52.0"/>
  </properties>
  <testcase name="test2DatanodesFailure" classname="org.apache.hadoop.ozone.client.rpc.TestBlockOutputStreamWithFailures" time="44.337"/>
  <testcase name="testDatanodeFailureWithPreAllocation" classname="org.apache.hadoop.ozone.client.rpc.TestBlockOutputStreamWithFailures" time="226.005"/>
  <testcase name="testDatanodeFailureWithSingleNodeRatis" classname="org.apache.hadoop.ozone.client.rpc.TestBlockOutputStreamWithFailures" time="228.402"/>
  <testcase name="testWatchForCommitWithSingleNodeRatis" classname="org.apache.hadoop.ozone.client.rpc.TestBlockOutputStreamWithFailures" time="35.985"/>
  <testcase name="testWatchForCommitDatanodeFailure" classname="org.apache.hadoop.ozone.client.rpc.TestBlockOutputStreamWithFailures" time="44.106">
    <failure message="expected:&lt;2&gt; but was:&lt;3&gt;" type="java.lang.AssertionError"><![CDATA[java.lang.AssertionError: expected:<2> but was:<3>
	at org.junit.Assert.fail(Assert.java:88)
	at org.junit.Assert.failNotEquals(Assert.java:743)
	at org.junit.Assert.assertEquals(Assert.java:118)
	at org.junit.Assert.assertEquals(Assert.java:555)
	at org.junit.Assert.assertEquals(Assert.java:542)
	at org.apache.hadoop.ozone.client.rpc.TestBlockOutputStreamWithFailures.testWatchForCommitDatanodeFailure(TestBlockOutputStreamWithFailures.java:366)
	at sun.reflect.NativeMethodAccessorImpl.invoke0(Native Method)
	at sun.reflect.NativeMethodAccessorImpl.invoke(NativeMethodAccessorImpl.java:62)
	at sun.reflect.DelegatingMethodAccessorImpl.invoke(DelegatingMethodAccessorImpl.java:43)
	at java.lang.reflect.Method.invoke(Method.java:498)
	at org.junit.runners.model.FrameworkMethod$1.runReflectiveCall(FrameworkMethod.java:47)
	at org.junit.internal.runners.model.ReflectiveCallable.run(ReflectiveCallable.java:12)
	at org.junit.runners.model.FrameworkMethod.invokeExplosively(FrameworkMethod.java:44)
	at org.junit.internal.runners.statements.InvokeMethod.evaluate(InvokeMethod.java:17)
	at org.junit.internal.runners.statements.RunBefores.evaluate(RunBefores.java:26)
	at org.junit.internal.runners.statements.RunAfters.evaluate(RunAfters.java:27)
	at org.junit.runners.ParentRunner.runLeaf(ParentRunner.java:271)
	at org.junit.runners.BlockJUnit4ClassRunner.runChild(BlockJUnit4ClassRunner.java:70)
	at org.junit.runners.BlockJUnit4ClassRunner.runChild(BlockJUnit4ClassRunner.java:50)
	at org.junit.runners.ParentRunner$3.run(ParentRunner.java:238)
	at org.junit.runners.ParentRunner$1.schedule(ParentRunner.java:63)
	at org.junit.runners.ParentRunner.runChildren(ParentRunner.java:236)
	at org.junit.runners.ParentRunner.access$000(ParentRunner.java:53)
	at org.junit.runners.ParentRunner$2.evaluate(ParentRunner.java:229)
	at org.junit.runners.ParentRunner.run(ParentRunner.java:309)
	at org.apache.maven.surefire.junit4.JUnit4Provider.execute(JUnit4Provider.java:365)
	at org.apache.maven.surefire.junit4.JUnit4Provider.executeWithRerun(JUnit4Provider.java:273)
	at org.apache.maven.surefire.junit4.JUnit4Provider.executeTestSet(JUnit4Provider.java:238)
	at org.apache.maven.surefire.junit4.JUnit4Provider.invoke(JUnit4Provider.java:159)
	at org.apache.maven.surefire.booter.ForkedBooter.invokeProviderInSameClassLoader(ForkedBooter.java:384)
	at org.apache.maven.surefire.booter.ForkedBooter.runSuitesInProcess(ForkedBooter.java:345)
	at org.apache.maven.surefire.booter.ForkedBooter.execute(ForkedBooter.java:126)
	at org.apache.maven.surefire.booter.ForkedBooter.main(ForkedBooter.java:418)
]]></failure>
    <system-out><![CDATA[2019-08-23 23:59:02,075 [main] WARN  server.ServerUtils (ServerUtils.java:getScmDbDir(145)) - ozone.scm.db.dirs is not configured. We recommend adding this setting. Falling back to ozone.metadata.dirs instead.
2019-08-23 23:59:02,091 [main] WARN  server.ServerUtils (ServerUtils.java:getScmDbDir(145)) - ozone.scm.db.dirs is not configured. We recommend adding this setting. Falling back to ozone.metadata.dirs instead.
2019-08-23 23:59:02,092 [main] WARN  server.ServerUtils (ServerUtils.java:getScmDbDir(145)) - ozone.scm.db.dirs is not configured. We recommend adding this setting. Falling back to ozone.metadata.dirs instead.
2019-08-23 23:59:02,092 [main] INFO  db.DBStoreBuilder (DBStoreBuilder.java:addTable(110)) - using custom profile for table: deletedBlocks
2019-08-23 23:59:02,092 [main] INFO  db.DBStoreBuilder (DBStoreBuilder.java:processTables(161)) - Using default column profile:DBProfile.DISK for Table:deletedBlocks
2019-08-23 23:59:02,092 [main] INFO  db.DBStoreBuilder (DBStoreBuilder.java:addTable(110)) - using custom profile for table: validCerts
2019-08-23 23:59:02,093 [main] INFO  db.DBStoreBuilder (DBStoreBuilder.java:processTables(161)) - Using default column profile:DBProfile.DISK for Table:validCerts
2019-08-23 23:59:02,093 [main] INFO  db.DBStoreBuilder (DBStoreBuilder.java:addTable(110)) - using custom profile for table: revokedCerts
2019-08-23 23:59:02,093 [main] INFO  db.DBStoreBuilder (DBStoreBuilder.java:processTables(161)) - Using default column profile:DBProfile.DISK for Table:revokedCerts
2019-08-23 23:59:02,093 [main] INFO  db.DBStoreBuilder (DBStoreBuilder.java:addTable(110)) - using custom profile for table: default
2019-08-23 23:59:02,093 [main] INFO  db.DBStoreBuilder (DBStoreBuilder.java:processTables(167)) - Using default column profile:DBProfile.DISK for Table:default
2019-08-23 23:59:02,094 [main] INFO  db.DBStoreBuilder (DBStoreBuilder.java:getDbProfile(198)) - Using default options. DBProfile.DISK
2019-08-23 23:59:02,263 [main] INFO  net.NodeSchemaLoader (NodeSchemaLoader.java:loadSchemaFromFile(125)) - Loading file from sun.misc.CompoundEnumeration@655875bb
2019-08-23 23:59:02,264 [main] INFO  net.NodeSchemaLoader (NodeSchemaLoader.java:loadSchema(171)) - Loading network topology layer schema file
2019-08-23 23:59:02,271 [main] INFO  node.SCMNodeManager (SCMNodeManager.java:<init>(121)) - Entering startup safe mode.
2019-08-23 23:59:02,271 [main] INFO  algorithms.ContainerPlacementPolicyFactory (ContainerPlacementPolicyFactory.java:getPolicy(55)) - Create container placement policy of type org.apache.hadoop.hdds.scm.container.placement.algorithms.SCMContainerPlacementRandom
2019-08-23 23:59:02,272 [main] WARN  server.ServerUtils (ServerUtils.java:getScmDbDir(145)) - ozone.scm.db.dirs is not configured. We recommend adding this setting. Falling back to ozone.metadata.dirs instead.
2019-08-23 23:59:02,331 [main] INFO  pipeline.SCMPipelineManager (SCMPipelineManager.java:initializePipelineState(126)) - No pipeline exists in current db
2019-08-23 23:59:02,331 [main] WARN  server.ServerUtils (ServerUtils.java:getScmDbDir(145)) - ozone.scm.db.dirs is not configured. We recommend adding this setting. Falling back to ozone.metadata.dirs instead.
2019-08-23 23:59:02,374 [main] WARN  events.EventQueue (EventQueue.java:fireEvent(175)) - No event handler registered for event TypedEvent{payloadType=SafeModeStatus, name='SafeModeStatus'}
2019-08-23 23:59:02,375 [main] INFO  ipc.CallQueueManager (CallQueueManager.java:<init>(84)) - Using callQueue: class java.util.concurrent.LinkedBlockingQueue, queueCapacity: 2000, scheduler: class org.apache.hadoop.ipc.DefaultRpcScheduler, ipcBackoff: false.
2019-08-23 23:59:02,376 [Socket Reader #1 for port 35013] INFO  ipc.Server (Server.java:run(1074)) - Starting Socket Reader #1 for port 35013
2019-08-23 23:59:02,378 [main] INFO  ipc.CallQueueManager (CallQueueManager.java:<init>(84)) - Using callQueue: class java.util.concurrent.LinkedBlockingQueue, queueCapacity: 2000, scheduler: class org.apache.hadoop.ipc.DefaultRpcScheduler, ipcBackoff: false.
2019-08-23 23:59:02,378 [Socket Reader #1 for port 37109] INFO  ipc.Server (Server.java:run(1074)) - Starting Socket Reader #1 for port 37109
2019-08-23 23:59:02,380 [main] INFO  ipc.CallQueueManager (CallQueueManager.java:<init>(84)) - Using callQueue: class java.util.concurrent.LinkedBlockingQueue, queueCapacity: 2000, scheduler: class org.apache.hadoop.ipc.DefaultRpcScheduler, ipcBackoff: false.
2019-08-23 23:59:02,381 [Socket Reader #1 for port 45465] INFO  ipc.Server (Server.java:run(1074)) - Starting Socket Reader #1 for port 45465
2019-08-23 23:59:02,383 [main] INFO  hdfs.DFSUtil (DFSUtil.java:httpServerTemplateForNNAndJN(1641)) - Starting Web-server for scm at: http://0.0.0.0:0
2019-08-23 23:59:02,385 [main] INFO  server.AuthenticationFilter (AuthenticationFilter.java:constructSecretProvider(240)) - Unable to initialize FileSignerSecretProvider, falling back to use random secrets.
2019-08-23 23:59:02,386 [main] WARN  http.HttpRequestLog (HttpRequestLog.java:getRequestLog(97)) - Jetty request log can only be enabled using Log4j
2019-08-23 23:59:02,388 [main] INFO  http.HttpServer2 (HttpServer2.java:addGlobalFilter(975)) - Added global filter 'safety' (class=org.apache.hadoop.http.HttpServer2$QuotingInputFilter)
2019-08-23 23:59:02,389 [main] INFO  http.HttpServer2 (HttpServer2.java:addFilter(948)) - Added filter static_user_filter (class=org.apache.hadoop.http.lib.StaticUserWebFilter$StaticUserFilter) to context scm
2019-08-23 23:59:02,389 [main] INFO  http.HttpServer2 (HttpServer2.java:addFilter(958)) - Added filter static_user_filter (class=org.apache.hadoop.http.lib.StaticUserWebFilter$StaticUserFilter) to context static
2019-08-23 23:59:02,389 [main] INFO  http.HttpServer2 (HttpServer2.java:addFilter(958)) - Added filter static_user_filter (class=org.apache.hadoop.http.lib.StaticUserWebFilter$StaticUserFilter) to context logs
2019-08-23 23:59:02,392 [main] INFO  server.StorageContainerManager (StorageContainerManager.java:start(759)) - StorageContainerLocationProtocol RPC server is listening at /0.0.0.0:45465
2019-08-23 23:59:02,395 [main] WARN  impl.MetricsConfig (MetricsConfig.java:loadFirst(134)) - Cannot locate configuration: tried hadoop-metrics2-storagecontainermanager.properties,hadoop-metrics2.properties
2019-08-23 23:59:02,396 [main] INFO  impl.MetricsSystemImpl (MetricsSystemImpl.java:startTimer(374)) - Scheduled Metric snapshot period at 10 second(s).
2019-08-23 23:59:02,396 [main] INFO  impl.MetricsSystemImpl (MetricsSystemImpl.java:start(191)) - StorageContainerManager metrics system started
2019-08-23 23:59:02,478 [main] INFO  server.SCMClientProtocolServer (SCMClientProtocolServer.java:start(151)) - RPC server for Client  is listening at /0.0.0.0:45465
2019-08-23 23:59:02,478 [IPC Server Responder] INFO  ipc.Server (Server.java:run(1314)) - IPC Server Responder: starting
2019-08-23 23:59:02,479 [IPC Server listener on 45465] INFO  ipc.Server (Server.java:run(1153)) - IPC Server listener on 45465: starting
2019-08-23 23:59:02,483 [main] INFO  server.StorageContainerManager (StorageContainerManager.java:start(769)) - ScmBlockLocationProtocol RPC server is listening at /0.0.0.0:37109
2019-08-23 23:59:02,483 [main] INFO  server.SCMBlockProtocolServer (SCMBlockProtocolServer.java:start(140)) - RPC server for Block Protocol is listening at /0.0.0.0:37109
2019-08-23 23:59:02,484 [IPC Server Responder] INFO  ipc.Server (Server.java:run(1314)) - IPC Server Responder: starting
2019-08-23 23:59:02,484 [IPC Server listener on 37109] INFO  ipc.Server (Server.java:run(1153)) - IPC Server listener on 37109: starting
2019-08-23 23:59:02,487 [main] INFO  server.StorageContainerManager (StorageContainerManager.java:start(773)) - ScmDatanodeProtocl RPC server is listening at /0.0.0.0:35013
2019-08-23 23:59:02,487 [main] INFO  server.SCMDatanodeProtocolServer (SCMDatanodeProtocolServer.java:start(191)) - RPC server for DataNodes is listening at /0.0.0.0:35013
2019-08-23 23:59:02,488 [IPC Server Responder] INFO  ipc.Server (Server.java:run(1314)) - IPC Server Responder: starting
2019-08-23 23:59:02,488 [IPC Server listener on 35013] INFO  ipc.Server (Server.java:run(1153)) - IPC Server listener on 35013: starting
2019-08-23 23:59:02,492 [main] INFO  http.HttpServer2 (HttpServer2.java:bindListener(1191)) - Jetty bound to port 37445
2019-08-23 23:59:02,492 [main] INFO  server.Server (Server.java:doStart(351)) - jetty-9.3.24.v20180605, build timestamp: 2018-06-05T17:11:56Z, git hash: 84205aa28f11a4f31f2a3b86d1bba2cc8ab69827
2019-08-23 23:59:02,493 [main] INFO  handler.ContextHandler (ContextHandler.java:doStart(781)) - Started o.e.j.s.ServletContextHandler@2db0dd19{/logs,file:///workdir/hadoop-ozone/integration-test/target/log,AVAILABLE}
2019-08-23 23:59:02,494 [main] INFO  handler.ContextHandler (ContextHandler.java:doStart(781)) - Started o.e.j.s.ServletContextHandler@315bb2bb{/static,file:///workdir/hadoop-ozone/integration-test/target/test-classes/webapps/static,AVAILABLE}
2019-08-23 23:59:02,498 [main] INFO  handler.ContextHandler (ContextHandler.java:doStart(781)) - Started o.e.j.w.WebAppContext@709353b9{/,file:///workdir/hadoop-ozone/integration-test/target/test-classes/webapps/scm/,AVAILABLE}{/scm}
2019-08-23 23:59:02,498 [main] INFO  server.AbstractConnector (AbstractConnector.java:doStart(278)) - Started ServerConnector@69c53b72{HTTP/1.1,[http/1.1]}{0.0.0.0:37445}
2019-08-23 23:59:02,499 [main] INFO  server.Server (Server.java:doStart(419)) - Started @535755ms
2019-08-23 23:59:02,500 [main] INFO  server.BaseHttpServer (BaseHttpServer.java:updateConnectorAddress(213)) - HTTP server of SCM is listening at http://0.0.0.0:37445
2019-08-23 23:59:02,501 [main] WARN  server.ServerUtils (ServerUtils.java:getDBPath(222)) - ozone.om.db.dirs is not configured. We recommend adding this setting. Falling back to ozone.metadata.dirs instead.
2019-08-23 23:59:02,501 [org.apache.hadoop.util.JvmPauseMonitor$Monitor@116fe252] INFO  util.JvmPauseMonitor (JvmPauseMonitor.java:run(188)) - Starting JVM pause monitor
2019-08-23 23:59:02,515 [main] WARN  server.ServerUtils (ServerUtils.java:getDBPath(222)) - ozone.om.db.dirs is not configured. We recommend adding this setting. Falling back to ozone.metadata.dirs instead.
2019-08-23 23:59:02,515 [main] WARN  server.ServerUtils (ServerUtils.java:getDBPath(222)) - ozone.om.db.dirs is not configured. We recommend adding this setting. Falling back to ozone.metadata.dirs instead.
2019-08-23 23:59:02,515 [main] INFO  om.OzoneManager (OzoneManager.java:setOMNodeDetails(648)) - OM Service ID is not set. Setting it to the default ID: omServiceIdDefault
2019-08-23 23:59:02,516 [main] INFO  om.OzoneManager (OzoneManager.java:setOMNodeDetails(654)) - OM Node ID is not set. Setting it to the OmStorage's OmID: 7c6f217e-7641-4f44-a571-673c830b86d8
2019-08-23 23:59:02,516 [main] INFO  om.OzoneManager (OzoneManager.java:loadOMHAConfigs(605)) - Found matching OM address with OMServiceId: null, OMNodeId: null, RPC Address: localhost:0 and Ratis port: 9872
2019-08-23 23:59:02,520 | INFO  | SCMAudit | user=jenkins1000 | ip=192.168.34.57 | op=GET_SCM_INFO null | ret=SUCCESS |  
2019-08-23 23:59:02,521 [main] WARN  server.ServerUtils (ServerUtils.java:getDBPath(222)) - ozone.om.db.dirs is not configured. We recommend adding this setting. Falling back to ozone.metadata.dirs instead.
2019-08-23 23:59:02,522 [main] INFO  db.DBStoreBuilder (DBStoreBuilder.java:addTable(110)) - using custom profile for table: userTable
2019-08-23 23:59:02,522 [main] INFO  db.DBStoreBuilder (DBStoreBuilder.java:processTables(161)) - Using default column profile:DBProfile.DISK for Table:userTable
2019-08-23 23:59:02,522 [main] INFO  db.DBStoreBuilder (DBStoreBuilder.java:addTable(110)) - using custom profile for table: volumeTable
2019-08-23 23:59:02,522 [main] INFO  db.DBStoreBuilder (DBStoreBuilder.java:processTables(161)) - Using default column profile:DBProfile.DISK for Table:volumeTable
2019-08-23 23:59:02,523 [main] INFO  db.DBStoreBuilder (DBStoreBuilder.java:addTable(110)) - using custom profile for table: bucketTable
2019-08-23 23:59:02,523 [main] INFO  db.DBStoreBuilder (DBStoreBuilder.java:processTables(161)) - Using default column profile:DBProfile.DISK for Table:bucketTable
2019-08-23 23:59:02,523 [main] INFO  db.DBStoreBuilder (DBStoreBuilder.java:addTable(110)) - using custom profile for table: keyTable
2019-08-23 23:59:02,523 [main] INFO  db.DBStoreBuilder (DBStoreBuilder.java:processTables(161)) - Using default column profile:DBProfile.DISK for Table:keyTable
2019-08-23 23:59:02,523 [main] INFO  db.DBStoreBuilder (DBStoreBuilder.java:addTable(110)) - using custom profile for table: deletedTable
2019-08-23 23:59:02,524 [main] INFO  db.DBStoreBuilder (DBStoreBuilder.java:processTables(161)) - Using default column profile:DBProfile.DISK for Table:deletedTable
2019-08-23 23:59:02,524 [main] INFO  db.DBStoreBuilder (DBStoreBuilder.java:addTable(110)) - using custom profile for table: openKeyTable
2019-08-23 23:59:02,524 [main] INFO  db.DBStoreBuilder (DBStoreBuilder.java:processTables(161)) - Using default column profile:DBProfile.DISK for Table:openKeyTable
2019-08-23 23:59:02,524 [main] INFO  db.DBStoreBuilder (DBStoreBuilder.java:addTable(110)) - using custom profile for table: s3Table
2019-08-23 23:59:02,524 [main] INFO  db.DBStoreBuilder (DBStoreBuilder.java:processTables(161)) - Using default column profile:DBProfile.DISK for Table:s3Table
2019-08-23 23:59:02,525 [main] INFO  db.DBStoreBuilder (DBStoreBuilder.java:addTable(110)) - using custom profile for table: multipartInfoTable
2019-08-23 23:59:02,525 [main] INFO  db.DBStoreBuilder (DBStoreBuilder.java:processTables(161)) - Using default column profile:DBProfile.DISK for Table:multipartInfoTable
2019-08-23 23:59:02,525 [main] INFO  db.DBStoreBuilder (DBStoreBuilder.java:addTable(110)) - using custom profile for table: dTokenTable
2019-08-23 23:59:02,525 [main] INFO  db.DBStoreBuilder (DBStoreBuilder.java:processTables(161)) - Using default column profile:DBProfile.DISK for Table:dTokenTable
2019-08-23 23:59:02,525 [main] INFO  db.DBStoreBuilder (DBStoreBuilder.java:addTable(110)) - using custom profile for table: s3SecretTable
2019-08-23 23:59:02,526 [main] INFO  db.DBStoreBuilder (DBStoreBuilder.java:processTables(161)) - Using default column profile:DBProfile.DISK for Table:s3SecretTable
2019-08-23 23:59:02,526 [main] INFO  db.DBStoreBuilder (DBStoreBuilder.java:addTable(110)) - using custom profile for table: prefixTable
2019-08-23 23:59:02,526 [main] INFO  db.DBStoreBuilder (DBStoreBuilder.java:processTables(161)) - Using default column profile:DBProfile.DISK for Table:prefixTable
2019-08-23 23:59:02,526 [main] INFO  db.DBStoreBuilder (DBStoreBuilder.java:addTable(110)) - using custom profile for table: default
2019-08-23 23:59:02,526 [main] INFO  db.DBStoreBuilder (DBStoreBuilder.java:processTables(167)) - Using default column profile:DBProfile.DISK for Table:default
2019-08-23 23:59:02,527 [main] INFO  db.DBStoreBuilder (DBStoreBuilder.java:getDbProfile(198)) - Using default options. DBProfile.DISK
2019-08-23 23:59:03,006 [main] INFO  ipc.CallQueueManager (CallQueueManager.java:<init>(84)) - Using callQueue: class java.util.concurrent.LinkedBlockingQueue, queueCapacity: 2000, scheduler: class org.apache.hadoop.ipc.DefaultRpcScheduler, ipcBackoff: false.
2019-08-23 23:59:03,008 [Socket Reader #1 for port 34268] INFO  ipc.Server (Server.java:run(1074)) - Starting Socket Reader #1 for port 34268
2019-08-23 23:59:03,025 [main] INFO  om.OzoneManager (OzoneManager.java:start(1259)) - OzoneManager RPC server is listening at localhost/127.0.0.1:34268
2019-08-23 23:59:03,025 [main] INFO  impl.MetricsSystemImpl (MetricsSystemImpl.java:init(158)) - OzoneManager metrics system started (again)
2019-08-23 23:59:03,026 [IPC Server Responder] INFO  ipc.Server (Server.java:run(1314)) - IPC Server Responder: starting
2019-08-23 23:59:03,027 [IPC Server listener on 34268] INFO  ipc.Server (Server.java:run(1153)) - IPC Server listener on 34268: starting
2019-08-23 23:59:03,034 [main] INFO  hdfs.DFSUtil (DFSUtil.java:httpServerTemplateForNNAndJN(1641)) - Starting Web-server for ozoneManager at: http://0.0.0.0:0
2019-08-23 23:59:03,036 [main] INFO  server.AuthenticationFilter (AuthenticationFilter.java:constructSecretProvider(240)) - Unable to initialize FileSignerSecretProvider, falling back to use random secrets.
2019-08-23 23:59:03,036 [main] WARN  http.HttpRequestLog (HttpRequestLog.java:getRequestLog(97)) - Jetty request log can only be enabled using Log4j
2019-08-23 23:59:03,039 [main] INFO  http.HttpServer2 (HttpServer2.java:addGlobalFilter(975)) - Added global filter 'safety' (class=org.apache.hadoop.http.HttpServer2$QuotingInputFilter)
2019-08-23 23:59:03,039 [main] INFO  http.HttpServer2 (HttpServer2.java:addFilter(948)) - Added filter static_user_filter (class=org.apache.hadoop.http.lib.StaticUserWebFilter$StaticUserFilter) to context ozoneManager
2019-08-23 23:59:03,040 [main] INFO  http.HttpServer2 (HttpServer2.java:addFilter(958)) - Added filter static_user_filter (class=org.apache.hadoop.http.lib.StaticUserWebFilter$StaticUserFilter) to context logs
2019-08-23 23:59:03,040 [main] INFO  http.HttpServer2 (HttpServer2.java:addFilter(958)) - Added filter static_user_filter (class=org.apache.hadoop.http.lib.StaticUserWebFilter$StaticUserFilter) to context static
2019-08-23 23:59:03,041 [main] INFO  http.HttpServer2 (HttpServer2.java:bindListener(1191)) - Jetty bound to port 39158
2019-08-23 23:59:03,041 [main] INFO  server.Server (Server.java:doStart(351)) - jetty-9.3.24.v20180605, build timestamp: 2018-06-05T17:11:56Z, git hash: 84205aa28f11a4f31f2a3b86d1bba2cc8ab69827
2019-08-23 23:59:03,043 [main] INFO  handler.ContextHandler (ContextHandler.java:doStart(781)) - Started o.e.j.s.ServletContextHandler@354baab2{/logs,file:///workdir/hadoop-ozone/integration-test/target/log,AVAILABLE}
2019-08-23 23:59:03,044 [main] INFO  handler.ContextHandler (ContextHandler.java:doStart(781)) - Started o.e.j.s.ServletContextHandler@6812708d{/static,file:///workdir/hadoop-ozone/integration-test/target/test-classes/webapps/static,AVAILABLE}
2019-08-23 23:59:03,049 [main] INFO  handler.ContextHandler (ContextHandler.java:doStart(781)) - Started o.e.j.w.WebAppContext@60f70c9e{/,file:///workdir/hadoop-ozone/integration-test/target/test-classes/webapps/ozoneManager/,AVAILABLE}{/ozoneManager}
2019-08-23 23:59:03,050 [main] INFO  server.AbstractConnector (AbstractConnector.java:doStart(278)) - Started ServerConnector@6db64abf{HTTP/1.1,[http/1.1]}{0.0.0.0:39158}
2019-08-23 23:59:03,051 [main] INFO  server.Server (Server.java:doStart(419)) - Started @536307ms
2019-08-23 23:59:03,052 [main] INFO  server.BaseHttpServer (BaseHttpServer.java:updateConnectorAddress(213)) - HTTP server of OZONEMANAGER is listening at http://0.0.0.0:39158
2019-08-23 23:59:03,070 [main] INFO  impl.MetricsSystemImpl (MetricsSystemImpl.java:init(158)) - HddsDatanode metrics system started (again)
2019-08-23 23:59:03,073 [main] INFO  ozone.HddsDatanodeService (HddsDatanodeService.java:start(184)) - HddsDatanodeService host:pr-hdds-1909-kfjhh-925290811 ip:192.168.34.57
2019-08-23 23:59:03,083 [main] INFO  volume.HddsVolume (HddsVolume.java:<init>(176)) - Creating Volume: /workdir/hadoop-ozone/integration-test/target/test-dir/MiniOzoneClusterImpl-afd2179f-99c6-4f80-80f5-ac745fcf97f2/datanode-0/data/containers/hdds of  storage type : DISK and capacity : 1482555576320
2019-08-23 23:59:03,083 [main] INFO  volume.VolumeSet (VolumeSet.java:initializeVolumeSet(170)) - Added Volume : /workdir/hadoop-ozone/integration-test/target/test-dir/MiniOzoneClusterImpl-afd2179f-99c6-4f80-80f5-ac745fcf97f2/datanode-0/data/containers/hdds to VolumeSet
2019-08-23 23:59:03,083 [main] INFO  volume.ThrottledAsyncChecker (ThrottledAsyncChecker.java:schedule(140)) - Scheduling a check for org.apache.hadoop.ozone.container.common.volume.HddsVolume@7c7d83ff
2019-08-23 23:59:03,084 [main] INFO  volume.HddsVolumeChecker (HddsVolumeChecker.java:checkAllVolumes(203)) - Scheduled health check for volume org.apache.hadoop.ozone.container.common.volume.HddsVolume@7c7d83ff
2019-08-23 23:59:03,101 [main] INFO  impl.RaftServerProxy (ConfUtils.java:logGet(43)) - raft.rpc.type = GRPC (default)
2019-08-23 23:59:03,102 [main] INFO  grpc.GrpcFactory (GrpcFactory.java:checkPooledByteBufAllocatorUseCacheForAllThreads(45)) - PERFORMANCE WARNING: useCacheForAllThreads is true that may cause Netty to create a lot garbage objects and, as a result, trigger GC.
	It is recommended to disable useCacheForAllThreads by setting -Dorg.apache.ratis.thirdparty.io.netty.allocator.useCacheForAllThreads=false in command line.
2019-08-23 23:59:03,102 [main] INFO  grpc.GrpcConfigKeys$Server (ConfUtils.java:logGet(43)) - raft.grpc.server.port = 0 (default)
2019-08-23 23:59:03,102 [main] INFO  server.GrpcService (ConfUtils.java:logGet(43)) - raft.grpc.message.size.max = 33570816 (custom)
2019-08-23 23:59:03,102 [main] INFO  server.RaftServerConfigKeys (ConfUtils.java:logGet(43)) - raft.server.log.appender.buffer.byte-limit = 33554432 (custom)
2019-08-23 23:59:03,103 [main] INFO  server.GrpcService (ConfUtils.java:logGet(43)) - raft.grpc.flow.control.window = 1MB (=1048576) (default)
2019-08-23 23:59:03,103 [main] INFO  server.RaftServerConfigKeys (ConfUtils.java:logGet(43)) - raft.server.rpc.request.timeout = 3000ms (default)
2019-08-23 23:59:03,103 [main] INFO  server.RaftServerConfigKeys (ConfUtils.java:logGet(43)) - raft.server.storage.dir = [/workdir/hadoop-ozone/integration-test/target/test-dir/MiniOzoneClusterImpl-afd2179f-99c6-4f80-80f5-ac745fcf97f2/datanode-0/data/ratis] (custom)
2019-08-23 23:59:03,104 [main] INFO  replication.SimpleContainerDownloader (SimpleContainerDownloader.java:<init>(72)) - Starting container downloader service to copy containers to replicate.
2019-08-23 23:59:03,105 [main] INFO  hdfs.DFSUtil (DFSUtil.java:httpServerTemplateForNNAndJN(1641)) - Starting Web-server for hddsDatanode at: http://0.0.0.0:0
2019-08-23 23:59:03,106 [main] INFO  server.AuthenticationFilter (AuthenticationFilter.java:constructSecretProvider(240)) - Unable to initialize FileSignerSecretProvider, falling back to use random secrets.
2019-08-23 23:59:03,107 [main] WARN  http.HttpRequestLog (HttpRequestLog.java:getRequestLog(97)) - Jetty request log can only be enabled using Log4j
2019-08-23 23:59:03,108 [main] INFO  http.HttpServer2 (HttpServer2.java:addGlobalFilter(975)) - Added global filter 'safety' (class=org.apache.hadoop.http.HttpServer2$QuotingInputFilter)
2019-08-23 23:59:03,109 [main] INFO  http.HttpServer2 (HttpServer2.java:addFilter(948)) - Added filter static_user_filter (class=org.apache.hadoop.http.lib.StaticUserWebFilter$StaticUserFilter) to context hddsDatanode
2019-08-23 23:59:03,109 [main] INFO  http.HttpServer2 (HttpServer2.java:addFilter(958)) - Added filter static_user_filter (class=org.apache.hadoop.http.lib.StaticUserWebFilter$StaticUserFilter) to context logs
2019-08-23 23:59:03,109 [main] INFO  http.HttpServer2 (HttpServer2.java:addFilter(958)) - Added filter static_user_filter (class=org.apache.hadoop.http.lib.StaticUserWebFilter$StaticUserFilter) to context static
2019-08-23 23:59:03,110 [main] INFO  http.HttpServer2 (HttpServer2.java:bindListener(1191)) - Jetty bound to port 42238
2019-08-23 23:59:03,110 [main] INFO  server.Server (Server.java:doStart(351)) - jetty-9.3.24.v20180605, build timestamp: 2018-06-05T17:11:56Z, git hash: 84205aa28f11a4f31f2a3b86d1bba2cc8ab69827
2019-08-23 23:59:03,111 [main] INFO  handler.ContextHandler (ContextHandler.java:doStart(781)) - Started o.e.j.s.ServletContextHandler@326489c4{/logs,file:///workdir/hadoop-ozone/integration-test/target/log,AVAILABLE}
2019-08-23 23:59:03,112 [main] INFO  handler.ContextHandler (ContextHandler.java:doStart(781)) - Started o.e.j.s.ServletContextHandler@5ec921f1{/static,jar:file:/home/user/.m2/repository/org/apache/hadoop/hadoop-hdds-container-service/0.5.0-SNAPSHOT/hadoop-hdds-container-service-0.5.0-SNAPSHOT.jar!/webapps/static,AVAILABLE}
2019-08-23 23:59:03,143 [main] INFO  handler.ContextHandler (ContextHandler.java:doStart(781)) - Started o.e.j.w.WebAppContext@7c424dfe{/,file:///tmp/jetty-0.0.0.0-42238-hddsDatanode-_-any-968714953091607741.dir/webapp/,AVAILABLE}{/hddsDatanode}
2019-08-23 23:59:03,143 [main] INFO  server.AbstractConnector (AbstractConnector.java:doStart(278)) - Started ServerConnector@3577e37c{HTTP/1.1,[http/1.1]}{0.0.0.0:42238}
2019-08-23 23:59:03,144 [main] INFO  server.Server (Server.java:doStart(419)) - Started @536401ms
2019-08-23 23:59:03,145 [main] INFO  server.BaseHttpServer (BaseHttpServer.java:updateConnectorAddress(213)) - HTTP server of HDDSDATANODE is listening at http://0.0.0.0:42238
2019-08-23 23:59:03,258 | INFO  | ObjectStoreRestHttpServer | Listening HDDS REST traffic on /0.0.0.0:45011 |  
2019-08-23 23:59:03,258 [main] INFO  ozone.HddsDatanodeService (HddsDatanodeService.java:startPlugins(395)) - Started plug-in org.apache.hadoop.ozone.web.OzoneHddsDatanodeService@6179af64
2019-08-23 23:59:03,258 [main] INFO  impl.MetricsSystemImpl (MetricsSystemImpl.java:init(158)) - HddsDatanode metrics system started (again)
2019-08-23 23:59:03,261 [org.apache.hadoop.util.JvmPauseMonitor$Monitor@73e37b83] INFO  util.JvmPauseMonitor (JvmPauseMonitor.java:run(188)) - Starting JVM pause monitor
2019-08-23 23:59:03,261 [main] INFO  ozone.HddsDatanodeService (HddsDatanodeService.java:start(184)) - HddsDatanodeService host:pr-hdds-1909-kfjhh-925290811 ip:192.168.34.57
2019-08-23 23:59:03,262 [Datanode State Machine Thread - 0] INFO  datanode.InitDatanodeState (InitDatanodeState.java:persistContainerDatanodeDetails(140)) - DatanodeDetails is persisted to /workdir/hadoop-ozone/integration-test/target/test-dir/MiniOzoneClusterImpl-afd2179f-99c6-4f80-80f5-ac745fcf97f2/datanode-0/meta/datanode.id
2019-08-23 23:59:03,271 [main] INFO  volume.HddsVolume (HddsVolume.java:<init>(176)) - Creating Volume: /workdir/hadoop-ozone/integration-test/target/test-dir/MiniOzoneClusterImpl-afd2179f-99c6-4f80-80f5-ac745fcf97f2/datanode-1/data/containers/hdds of  storage type : DISK and capacity : 1482555576320
2019-08-23 23:59:03,271 [main] INFO  volume.VolumeSet (VolumeSet.java:initializeVolumeSet(170)) - Added Volume : /workdir/hadoop-ozone/integration-test/target/test-dir/MiniOzoneClusterImpl-afd2179f-99c6-4f80-80f5-ac745fcf97f2/datanode-1/data/containers/hdds to VolumeSet
2019-08-23 23:59:03,271 [main] INFO  volume.ThrottledAsyncChecker (ThrottledAsyncChecker.java:schedule(140)) - Scheduling a check for org.apache.hadoop.ozone.container.common.volume.HddsVolume@543b855
2019-08-23 23:59:03,271 [main] INFO  volume.HddsVolumeChecker (HddsVolumeChecker.java:checkAllVolumes(203)) - Scheduled health check for volume org.apache.hadoop.ozone.container.common.volume.HddsVolume@543b855
2019-08-23 23:59:03,284 [main] INFO  impl.RaftServerProxy (ConfUtils.java:logGet(43)) - raft.rpc.type = GRPC (default)
2019-08-23 23:59:03,285 [main] INFO  grpc.GrpcFactory (GrpcFactory.java:checkPooledByteBufAllocatorUseCacheForAllThreads(45)) - PERFORMANCE WARNING: useCacheForAllThreads is true that may cause Netty to create a lot garbage objects and, as a result, trigger GC.
	It is recommended to disable useCacheForAllThreads by setting -Dorg.apache.ratis.thirdparty.io.netty.allocator.useCacheForAllThreads=false in command line.
2019-08-23 23:59:03,285 [main] INFO  grpc.GrpcConfigKeys$Server (ConfUtils.java:logGet(43)) - raft.grpc.server.port = 0 (default)
2019-08-23 23:59:03,285 [main] INFO  server.GrpcService (ConfUtils.java:logGet(43)) - raft.grpc.message.size.max = 33570816 (custom)
2019-08-23 23:59:03,285 [main] INFO  server.RaftServerConfigKeys (ConfUtils.java:logGet(43)) - raft.server.log.appender.buffer.byte-limit = 33554432 (custom)
2019-08-23 23:59:03,285 [main] INFO  server.GrpcService (ConfUtils.java:logGet(43)) - raft.grpc.flow.control.window = 1MB (=1048576) (default)
2019-08-23 23:59:03,285 [main] INFO  server.RaftServerConfigKeys (ConfUtils.java:logGet(43)) - raft.server.rpc.request.timeout = 3000ms (default)
2019-08-23 23:59:03,286 [main] INFO  server.RaftServerConfigKeys (ConfUtils.java:logGet(43)) - raft.server.storage.dir = [/workdir/hadoop-ozone/integration-test/target/test-dir/MiniOzoneClusterImpl-afd2179f-99c6-4f80-80f5-ac745fcf97f2/datanode-1/data/ratis] (custom)
2019-08-23 23:59:03,286 [main] INFO  replication.SimpleContainerDownloader (SimpleContainerDownloader.java:<init>(72)) - Starting container downloader service to copy containers to replicate.
2019-08-23 23:59:03,287 [main] INFO  hdfs.DFSUtil (DFSUtil.java:httpServerTemplateForNNAndJN(1641)) - Starting Web-server for hddsDatanode at: http://0.0.0.0:0
2019-08-23 23:59:03,288 [main] INFO  server.AuthenticationFilter (AuthenticationFilter.java:constructSecretProvider(240)) - Unable to initialize FileSignerSecretProvider, falling back to use random secrets.
2019-08-23 23:59:03,289 [main] WARN  http.HttpRequestLog (HttpRequestLog.java:getRequestLog(97)) - Jetty request log can only be enabled using Log4j
2019-08-23 23:59:03,290 [main] INFO  http.HttpServer2 (HttpServer2.java:addGlobalFilter(975)) - Added global filter 'safety' (class=org.apache.hadoop.http.HttpServer2$QuotingInputFilter)
2019-08-23 23:59:03,290 [main] INFO  http.HttpServer2 (HttpServer2.java:addFilter(948)) - Added filter static_user_filter (class=org.apache.hadoop.http.lib.StaticUserWebFilter$StaticUserFilter) to context hddsDatanode
2019-08-23 23:59:03,290 [main] INFO  http.HttpServer2 (HttpServer2.java:addFilter(958)) - Added filter static_user_filter (class=org.apache.hadoop.http.lib.StaticUserWebFilter$StaticUserFilter) to context logs
2019-08-23 23:59:03,291 [main] INFO  http.HttpServer2 (HttpServer2.java:addFilter(958)) - Added filter static_user_filter (class=org.apache.hadoop.http.lib.StaticUserWebFilter$StaticUserFilter) to context static
2019-08-23 23:59:03,291 [main] INFO  http.HttpServer2 (HttpServer2.java:bindListener(1191)) - Jetty bound to port 38832
2019-08-23 23:59:03,291 [main] INFO  server.Server (Server.java:doStart(351)) - jetty-9.3.24.v20180605, build timestamp: 2018-06-05T17:11:56Z, git hash: 84205aa28f11a4f31f2a3b86d1bba2cc8ab69827
2019-08-23 23:59:03,293 [main] INFO  handler.ContextHandler (ContextHandler.java:doStart(781)) - Started o.e.j.s.ServletContextHandler@2fb9695a{/logs,file:///workdir/hadoop-ozone/integration-test/target/log,AVAILABLE}
2019-08-23 23:59:03,293 [main] INFO  handler.ContextHandler (ContextHandler.java:doStart(781)) - Started o.e.j.s.ServletContextHandler@712eb075{/static,jar:file:/home/user/.m2/repository/org/apache/hadoop/hadoop-hdds-container-service/0.5.0-SNAPSHOT/hadoop-hdds-container-service-0.5.0-SNAPSHOT.jar!/webapps/static,AVAILABLE}
2019-08-23 23:59:03,319 [main] INFO  handler.ContextHandler (ContextHandler.java:doStart(781)) - Started o.e.j.w.WebAppContext@539570b8{/,file:///tmp/jetty-0.0.0.0-38832-hddsDatanode-_-any-1307405075742642975.dir/webapp/,AVAILABLE}{/hddsDatanode}
2019-08-23 23:59:03,320 [main] INFO  server.AbstractConnector (AbstractConnector.java:doStart(278)) - Started ServerConnector@6a2d0a19{HTTP/1.1,[http/1.1]}{0.0.0.0:38832}
2019-08-23 23:59:03,320 [main] INFO  server.Server (Server.java:doStart(419)) - Started @536576ms
2019-08-23 23:59:03,321 [main] INFO  server.BaseHttpServer (BaseHttpServer.java:updateConnectorAddress(213)) - HTTP server of HDDSDATANODE is listening at http://0.0.0.0:38832
2019-08-23 23:59:03,435 | INFO  | ObjectStoreRestHttpServer | Listening HDDS REST traffic on /0.0.0.0:35542 |  
2019-08-23 23:59:03,435 [main] INFO  ozone.HddsDatanodeService (HddsDatanodeService.java:startPlugins(395)) - Started plug-in org.apache.hadoop.ozone.web.OzoneHddsDatanodeService@441798ce
2019-08-23 23:59:03,435 [main] INFO  impl.MetricsSystemImpl (MetricsSystemImpl.java:init(158)) - HddsDatanode metrics system started (again)
2019-08-23 23:59:03,438 [main] INFO  ozone.HddsDatanodeService (HddsDatanodeService.java:start(184)) - HddsDatanodeService host:pr-hdds-1909-kfjhh-925290811 ip:192.168.34.57
2019-08-23 23:59:03,438 [org.apache.hadoop.util.JvmPauseMonitor$Monitor@612b89cd] INFO  util.JvmPauseMonitor (JvmPauseMonitor.java:run(188)) - Starting JVM pause monitor
2019-08-23 23:59:03,440 [Datanode State Machine Thread - 0] INFO  datanode.InitDatanodeState (InitDatanodeState.java:persistContainerDatanodeDetails(140)) - DatanodeDetails is persisted to /workdir/hadoop-ozone/integration-test/target/test-dir/MiniOzoneClusterImpl-afd2179f-99c6-4f80-80f5-ac745fcf97f2/datanode-1/meta/datanode.id
2019-08-23 23:59:03,449 [main] INFO  volume.HddsVolume (HddsVolume.java:<init>(176)) - Creating Volume: /workdir/hadoop-ozone/integration-test/target/test-dir/MiniOzoneClusterImpl-afd2179f-99c6-4f80-80f5-ac745fcf97f2/datanode-2/data/containers/hdds of  storage type : DISK and capacity : 1482555576320
2019-08-23 23:59:03,450 [main] INFO  volume.VolumeSet (VolumeSet.java:initializeVolumeSet(170)) - Added Volume : /workdir/hadoop-ozone/integration-test/target/test-dir/MiniOzoneClusterImpl-afd2179f-99c6-4f80-80f5-ac745fcf97f2/datanode-2/data/containers/hdds to VolumeSet
2019-08-23 23:59:03,450 [main] INFO  volume.ThrottledAsyncChecker (ThrottledAsyncChecker.java:schedule(140)) - Scheduling a check for org.apache.hadoop.ozone.container.common.volume.HddsVolume@7f289126
2019-08-23 23:59:03,450 [main] INFO  volume.HddsVolumeChecker (HddsVolumeChecker.java:checkAllVolumes(203)) - Scheduled health check for volume org.apache.hadoop.ozone.container.common.volume.HddsVolume@7f289126
2019-08-23 23:59:03,465 [main] INFO  impl.RaftServerProxy (ConfUtils.java:logGet(43)) - raft.rpc.type = GRPC (default)
2019-08-23 23:59:03,466 [main] INFO  grpc.GrpcFactory (GrpcFactory.java:checkPooledByteBufAllocatorUseCacheForAllThreads(45)) - PERFORMANCE WARNING: useCacheForAllThreads is true that may cause Netty to create a lot garbage objects and, as a result, trigger GC.
	It is recommended to disable useCacheForAllThreads by setting -Dorg.apache.ratis.thirdparty.io.netty.allocator.useCacheForAllThreads=false in command line.
2019-08-23 23:59:03,466 [main] INFO  grpc.GrpcConfigKeys$Server (ConfUtils.java:logGet(43)) - raft.grpc.server.port = 0 (default)
2019-08-23 23:59:03,466 [main] INFO  server.GrpcService (ConfUtils.java:logGet(43)) - raft.grpc.message.size.max = 33570816 (custom)
2019-08-23 23:59:03,466 [main] INFO  server.RaftServerConfigKeys (ConfUtils.java:logGet(43)) - raft.server.log.appender.buffer.byte-limit = 33554432 (custom)
2019-08-23 23:59:03,466 [main] INFO  server.GrpcService (ConfUtils.java:logGet(43)) - raft.grpc.flow.control.window = 1MB (=1048576) (default)
2019-08-23 23:59:03,467 [main] INFO  server.RaftServerConfigKeys (ConfUtils.java:logGet(43)) - raft.server.rpc.request.timeout = 3000ms (default)
2019-08-23 23:59:03,467 [main] INFO  server.RaftServerConfigKeys (ConfUtils.java:logGet(43)) - raft.server.storage.dir = [/workdir/hadoop-ozone/integration-test/target/test-dir/MiniOzoneClusterImpl-afd2179f-99c6-4f80-80f5-ac745fcf97f2/datanode-2/data/ratis] (custom)
2019-08-23 23:59:03,467 [main] INFO  replication.SimpleContainerDownloader (SimpleContainerDownloader.java:<init>(72)) - Starting container downloader service to copy containers to replicate.
2019-08-23 23:59:03,468 [main] INFO  hdfs.DFSUtil (DFSUtil.java:httpServerTemplateForNNAndJN(1641)) - Starting Web-server for hddsDatanode at: http://0.0.0.0:0
2019-08-23 23:59:03,469 [main] INFO  server.AuthenticationFilter (AuthenticationFilter.java:constructSecretProvider(240)) - Unable to initialize FileSignerSecretProvider, falling back to use random secrets.
2019-08-23 23:59:03,470 [main] WARN  http.HttpRequestLog (HttpRequestLog.java:getRequestLog(97)) - Jetty request log can only be enabled using Log4j
2019-08-23 23:59:03,471 [main] INFO  http.HttpServer2 (HttpServer2.java:addGlobalFilter(975)) - Added global filter 'safety' (class=org.apache.hadoop.http.HttpServer2$QuotingInputFilter)
2019-08-23 23:59:03,472 [main] INFO  http.HttpServer2 (HttpServer2.java:addFilter(948)) - Added filter static_user_filter (class=org.apache.hadoop.http.lib.StaticUserWebFilter$StaticUserFilter) to context hddsDatanode
2019-08-23 23:59:03,472 [main] INFO  http.HttpServer2 (HttpServer2.java:addFilter(958)) - Added filter static_user_filter (class=org.apache.hadoop.http.lib.StaticUserWebFilter$StaticUserFilter) to context static
2019-08-23 23:59:03,472 [main] INFO  http.HttpServer2 (HttpServer2.java:addFilter(958)) - Added filter static_user_filter (class=org.apache.hadoop.http.lib.StaticUserWebFilter$StaticUserFilter) to context logs
2019-08-23 23:59:03,472 [main] INFO  http.HttpServer2 (HttpServer2.java:bindListener(1191)) - Jetty bound to port 39850
2019-08-23 23:59:03,473 [main] INFO  server.Server (Server.java:doStart(351)) - jetty-9.3.24.v20180605, build timestamp: 2018-06-05T17:11:56Z, git hash: 84205aa28f11a4f31f2a3b86d1bba2cc8ab69827
2019-08-23 23:59:03,474 [main] INFO  handler.ContextHandler (ContextHandler.java:doStart(781)) - Started o.e.j.s.ServletContextHandler@8788194{/logs,file:///workdir/hadoop-ozone/integration-test/target/log,AVAILABLE}
2019-08-23 23:59:03,475 [main] INFO  handler.ContextHandler (ContextHandler.java:doStart(781)) - Started o.e.j.s.ServletContextHandler@41413c5a{/static,jar:file:/home/user/.m2/repository/org/apache/hadoop/hadoop-hdds-container-service/0.5.0-SNAPSHOT/hadoop-hdds-container-service-0.5.0-SNAPSHOT.jar!/webapps/static,AVAILABLE}
2019-08-23 23:59:03,502 [main] INFO  handler.ContextHandler (ContextHandler.java:doStart(781)) - Started o.e.j.w.WebAppContext@7e729046{/,file:///tmp/jetty-0.0.0.0-39850-hddsDatanode-_-any-2570666925618383760.dir/webapp/,AVAILABLE}{/hddsDatanode}
2019-08-23 23:59:03,502 [main] INFO  server.AbstractConnector (AbstractConnector.java:doStart(278)) - Started ServerConnector@565bf1bb{HTTP/1.1,[http/1.1]}{0.0.0.0:39850}
2019-08-23 23:59:03,502 [main] INFO  server.Server (Server.java:doStart(419)) - Started @536758ms
2019-08-23 23:59:03,504 [main] INFO  server.BaseHttpServer (BaseHttpServer.java:updateConnectorAddress(213)) - HTTP server of HDDSDATANODE is listening at http://0.0.0.0:39850
2019-08-23 23:59:03,813 | INFO  | ObjectStoreRestHttpServer | Listening HDDS REST traffic on /0.0.0.0:41239 |  
2019-08-23 23:59:03,813 [main] INFO  ozone.HddsDatanodeService (HddsDatanodeService.java:startPlugins(395)) - Started plug-in org.apache.hadoop.ozone.web.OzoneHddsDatanodeService@4ca83ec3
2019-08-23 23:59:03,813 [main] INFO  impl.MetricsSystemImpl (MetricsSystemImpl.java:init(158)) - HddsDatanode metrics system started (again)
2019-08-23 23:59:03,816 [org.apache.hadoop.util.JvmPauseMonitor$Monitor@75d5d7] INFO  util.JvmPauseMonitor (JvmPauseMonitor.java:run(188)) - Starting JVM pause monitor
2019-08-23 23:59:03,817 [main] INFO  ozone.HddsDatanodeService (HddsDatanodeService.java:start(184)) - HddsDatanodeService host:pr-hdds-1909-kfjhh-925290811 ip:192.168.34.57
2019-08-23 23:59:03,818 [Datanode State Machine Thread - 0] INFO  datanode.InitDatanodeState (InitDatanodeState.java:persistContainerDatanodeDetails(140)) - DatanodeDetails is persisted to /workdir/hadoop-ozone/integration-test/target/test-dir/MiniOzoneClusterImpl-afd2179f-99c6-4f80-80f5-ac745fcf97f2/datanode-2/meta/datanode.id
2019-08-23 23:59:03,825 [main] INFO  volume.HddsVolume (HddsVolume.java:<init>(176)) - Creating Volume: /workdir/hadoop-ozone/integration-test/target/test-dir/MiniOzoneClusterImpl-afd2179f-99c6-4f80-80f5-ac745fcf97f2/datanode-3/data/containers/hdds of  storage type : DISK and capacity : 1482555576320
2019-08-23 23:59:03,825 [main] INFO  volume.VolumeSet (VolumeSet.java:initializeVolumeSet(170)) - Added Volume : /workdir/hadoop-ozone/integration-test/target/test-dir/MiniOzoneClusterImpl-afd2179f-99c6-4f80-80f5-ac745fcf97f2/datanode-3/data/containers/hdds to VolumeSet
2019-08-23 23:59:03,826 [main] INFO  volume.ThrottledAsyncChecker (ThrottledAsyncChecker.java:schedule(140)) - Scheduling a check for org.apache.hadoop.ozone.container.common.volume.HddsVolume@ece769a
2019-08-23 23:59:03,826 [main] INFO  volume.HddsVolumeChecker (HddsVolumeChecker.java:checkAllVolumes(203)) - Scheduled health check for volume org.apache.hadoop.ozone.container.common.volume.HddsVolume@ece769a
2019-08-23 23:59:03,840 [main] INFO  impl.RaftServerProxy (ConfUtils.java:logGet(43)) - raft.rpc.type = GRPC (default)
2019-08-23 23:59:03,840 [main] INFO  grpc.GrpcFactory (GrpcFactory.java:checkPooledByteBufAllocatorUseCacheForAllThreads(45)) - PERFORMANCE WARNING: useCacheForAllThreads is true that may cause Netty to create a lot garbage objects and, as a result, trigger GC.
	It is recommended to disable useCacheForAllThreads by setting -Dorg.apache.ratis.thirdparty.io.netty.allocator.useCacheForAllThreads=false in command line.
2019-08-23 23:59:03,841 [main] INFO  grpc.GrpcConfigKeys$Server (ConfUtils.java:logGet(43)) - raft.grpc.server.port = 0 (default)
2019-08-23 23:59:03,841 [main] INFO  server.GrpcService (ConfUtils.java:logGet(43)) - raft.grpc.message.size.max = 33570816 (custom)
2019-08-23 23:59:03,841 [main] INFO  server.RaftServerConfigKeys (ConfUtils.java:logGet(43)) - raft.server.log.appender.buffer.byte-limit = 33554432 (custom)
2019-08-23 23:59:03,841 [main] INFO  server.GrpcService (ConfUtils.java:logGet(43)) - raft.grpc.flow.control.window = 1MB (=1048576) (default)
2019-08-23 23:59:03,841 [main] INFO  server.RaftServerConfigKeys (ConfUtils.java:logGet(43)) - raft.server.rpc.request.timeout = 3000ms (default)
2019-08-23 23:59:03,842 [main] INFO  server.RaftServerConfigKeys (ConfUtils.java:logGet(43)) - raft.server.storage.dir = [/workdir/hadoop-ozone/integration-test/target/test-dir/MiniOzoneClusterImpl-afd2179f-99c6-4f80-80f5-ac745fcf97f2/datanode-3/data/ratis] (custom)
2019-08-23 23:59:03,842 [main] INFO  replication.SimpleContainerDownloader (SimpleContainerDownloader.java:<init>(72)) - Starting container downloader service to copy containers to replicate.
2019-08-23 23:59:03,843 [main] INFO  hdfs.DFSUtil (DFSUtil.java:httpServerTemplateForNNAndJN(1641)) - Starting Web-server for hddsDatanode at: http://0.0.0.0:0
2019-08-23 23:59:03,845 [main] INFO  server.AuthenticationFilter (AuthenticationFilter.java:constructSecretProvider(240)) - Unable to initialize FileSignerSecretProvider, falling back to use random secrets.
2019-08-23 23:59:03,846 [main] WARN  http.HttpRequestLog (HttpRequestLog.java:getRequestLog(97)) - Jetty request log can only be enabled using Log4j
2019-08-23 23:59:03,848 [main] INFO  http.HttpServer2 (HttpServer2.java:addGlobalFilter(975)) - Added global filter 'safety' (class=org.apache.hadoop.http.HttpServer2$QuotingInputFilter)
2019-08-23 23:59:03,848 [main] INFO  http.HttpServer2 (HttpServer2.java:addFilter(948)) - Added filter static_user_filter (class=org.apache.hadoop.http.lib.StaticUserWebFilter$StaticUserFilter) to context hddsDatanode
2019-08-23 23:59:03,849 [main] INFO  http.HttpServer2 (HttpServer2.java:addFilter(958)) - Added filter static_user_filter (class=org.apache.hadoop.http.lib.StaticUserWebFilter$StaticUserFilter) to context logs
2019-08-23 23:59:03,849 [main] INFO  http.HttpServer2 (HttpServer2.java:addFilter(958)) - Added filter static_user_filter (class=org.apache.hadoop.http.lib.StaticUserWebFilter$StaticUserFilter) to context static
2019-08-23 23:59:03,850 [main] INFO  http.HttpServer2 (HttpServer2.java:bindListener(1191)) - Jetty bound to port 41070
2019-08-23 23:59:03,850 [main] INFO  server.Server (Server.java:doStart(351)) - jetty-9.3.24.v20180605, build timestamp: 2018-06-05T17:11:56Z, git hash: 84205aa28f11a4f31f2a3b86d1bba2cc8ab69827
2019-08-23 23:59:03,852 [main] INFO  handler.ContextHandler (ContextHandler.java:doStart(781)) - Started o.e.j.s.ServletContextHandler@6ea4b4b2{/logs,file:///workdir/hadoop-ozone/integration-test/target/log,AVAILABLE}
2019-08-23 23:59:03,852 [main] INFO  handler.ContextHandler (ContextHandler.java:doStart(781)) - Started o.e.j.s.ServletContextHandler@37f687c1{/static,jar:file:/home/user/.m2/repository/org/apache/hadoop/hadoop-hdds-container-service/0.5.0-SNAPSHOT/hadoop-hdds-container-service-0.5.0-SNAPSHOT.jar!/webapps/static,AVAILABLE}
2019-08-23 23:59:03,892 [main] INFO  handler.ContextHandler (ContextHandler.java:doStart(781)) - Started o.e.j.w.WebAppContext@29422e61{/,file:///tmp/jetty-0.0.0.0-41070-hddsDatanode-_-any-3713269420561541210.dir/webapp/,AVAILABLE}{/hddsDatanode}
2019-08-23 23:59:03,892 [main] INFO  server.AbstractConnector (AbstractConnector.java:doStart(278)) - Started ServerConnector@4a29520e{HTTP/1.1,[http/1.1]}{0.0.0.0:41070}
2019-08-23 23:59:03,894 [main] INFO  server.Server (Server.java:doStart(419)) - Started @537150ms
2019-08-23 23:59:03,898 [main] INFO  server.BaseHttpServer (BaseHttpServer.java:updateConnectorAddress(213)) - HTTP server of HDDSDATANODE is listening at http://0.0.0.0:41070
2019-08-23 23:59:04,021 | INFO  | ObjectStoreRestHttpServer | Listening HDDS REST traffic on /0.0.0.0:46615 |  
2019-08-23 23:59:04,021 [main] INFO  ozone.HddsDatanodeService (HddsDatanodeService.java:startPlugins(395)) - Started plug-in org.apache.hadoop.ozone.web.OzoneHddsDatanodeService@59ac94ad
2019-08-23 23:59:04,021 [main] INFO  impl.MetricsSystemImpl (MetricsSystemImpl.java:init(158)) - HddsDatanode metrics system started (again)
2019-08-23 23:59:04,025 [org.apache.hadoop.util.JvmPauseMonitor$Monitor@14e077d6] INFO  util.JvmPauseMonitor (JvmPauseMonitor.java:run(188)) - Starting JVM pause monitor
2019-08-23 23:59:04,025 [main] INFO  ozone.HddsDatanodeService (HddsDatanodeService.java:start(184)) - HddsDatanodeService host:pr-hdds-1909-kfjhh-925290811 ip:192.168.34.57
2019-08-23 23:59:04,026 [Datanode State Machine Thread - 0] INFO  datanode.InitDatanodeState (InitDatanodeState.java:persistContainerDatanodeDetails(140)) - DatanodeDetails is persisted to /workdir/hadoop-ozone/integration-test/target/test-dir/MiniOzoneClusterImpl-afd2179f-99c6-4f80-80f5-ac745fcf97f2/datanode-3/meta/datanode.id
2019-08-23 23:59:04,035 [main] INFO  volume.HddsVolume (HddsVolume.java:<init>(176)) - Creating Volume: /workdir/hadoop-ozone/integration-test/target/test-dir/MiniOzoneClusterImpl-afd2179f-99c6-4f80-80f5-ac745fcf97f2/datanode-4/data/containers/hdds of  storage type : DISK and capacity : 1482555576320
2019-08-23 23:59:04,035 [main] INFO  volume.VolumeSet (VolumeSet.java:initializeVolumeSet(170)) - Added Volume : /workdir/hadoop-ozone/integration-test/target/test-dir/MiniOzoneClusterImpl-afd2179f-99c6-4f80-80f5-ac745fcf97f2/datanode-4/data/containers/hdds to VolumeSet
2019-08-23 23:59:04,035 [main] INFO  volume.ThrottledAsyncChecker (ThrottledAsyncChecker.java:schedule(140)) - Scheduling a check for org.apache.hadoop.ozone.container.common.volume.HddsVolume@670e6fa3
2019-08-23 23:59:04,036 [main] INFO  volume.HddsVolumeChecker (HddsVolumeChecker.java:checkAllVolumes(203)) - Scheduled health check for volume org.apache.hadoop.ozone.container.common.volume.HddsVolume@670e6fa3
2019-08-23 23:59:04,049 [main] INFO  impl.RaftServerProxy (ConfUtils.java:logGet(43)) - raft.rpc.type = GRPC (default)
2019-08-23 23:59:04,049 [main] INFO  grpc.GrpcFactory (GrpcFactory.java:checkPooledByteBufAllocatorUseCacheForAllThreads(45)) - PERFORMANCE WARNING: useCacheForAllThreads is true that may cause Netty to create a lot garbage objects and, as a result, trigger GC.
	It is recommended to disable useCacheForAllThreads by setting -Dorg.apache.ratis.thirdparty.io.netty.allocator.useCacheForAllThreads=false in command line.
2019-08-23 23:59:04,049 [main] INFO  grpc.GrpcConfigKeys$Server (ConfUtils.java:logGet(43)) - raft.grpc.server.port = 0 (default)
2019-08-23 23:59:04,050 [main] INFO  server.GrpcService (ConfUtils.java:logGet(43)) - raft.grpc.message.size.max = 33570816 (custom)
2019-08-23 23:59:04,050 [main] INFO  server.RaftServerConfigKeys (ConfUtils.java:logGet(43)) - raft.server.log.appender.buffer.byte-limit = 33554432 (custom)
2019-08-23 23:59:04,050 [main] INFO  server.GrpcService (ConfUtils.java:logGet(43)) - raft.grpc.flow.control.window = 1MB (=1048576) (default)
2019-08-23 23:59:04,050 [main] INFO  server.RaftServerConfigKeys (ConfUtils.java:logGet(43)) - raft.server.rpc.request.timeout = 3000ms (default)
2019-08-23 23:59:04,050 [main] INFO  server.RaftServerConfigKeys (ConfUtils.java:logGet(43)) - raft.server.storage.dir = [/workdir/hadoop-ozone/integration-test/target/test-dir/MiniOzoneClusterImpl-afd2179f-99c6-4f80-80f5-ac745fcf97f2/datanode-4/data/ratis] (custom)
2019-08-23 23:59:04,051 [main] INFO  replication.SimpleContainerDownloader (SimpleContainerDownloader.java:<init>(72)) - Starting container downloader service to copy containers to replicate.
2019-08-23 23:59:04,052 [main] INFO  hdfs.DFSUtil (DFSUtil.java:httpServerTemplateForNNAndJN(1641)) - Starting Web-server for hddsDatanode at: http://0.0.0.0:0
2019-08-23 23:59:04,053 [main] INFO  server.AuthenticationFilter (AuthenticationFilter.java:constructSecretProvider(240)) - Unable to initialize FileSignerSecretProvider, falling back to use random secrets.
2019-08-23 23:59:04,053 [main] WARN  http.HttpRequestLog (HttpRequestLog.java:getRequestLog(97)) - Jetty request log can only be enabled using Log4j
2019-08-23 23:59:04,054 [main] INFO  http.HttpServer2 (HttpServer2.java:addGlobalFilter(975)) - Added global filter 'safety' (class=org.apache.hadoop.http.HttpServer2$QuotingInputFilter)
2019-08-23 23:59:04,055 [main] INFO  http.HttpServer2 (HttpServer2.java:addFilter(948)) - Added filter static_user_filter (class=org.apache.hadoop.http.lib.StaticUserWebFilter$StaticUserFilter) to context hddsDatanode
2019-08-23 23:59:04,055 [main] INFO  http.HttpServer2 (HttpServer2.java:addFilter(958)) - Added filter static_user_filter (class=org.apache.hadoop.http.lib.StaticUserWebFilter$StaticUserFilter) to context logs
2019-08-23 23:59:04,055 [main] INFO  http.HttpServer2 (HttpServer2.java:addFilter(958)) - Added filter static_user_filter (class=org.apache.hadoop.http.lib.StaticUserWebFilter$StaticUserFilter) to context static
2019-08-23 23:59:04,056 [main] INFO  http.HttpServer2 (HttpServer2.java:bindListener(1191)) - Jetty bound to port 34432
2019-08-23 23:59:04,056 [main] INFO  server.Server (Server.java:doStart(351)) - jetty-9.3.24.v20180605, build timestamp: 2018-06-05T17:11:56Z, git hash: 84205aa28f11a4f31f2a3b86d1bba2cc8ab69827
2019-08-23 23:59:04,057 [main] INFO  handler.ContextHandler (ContextHandler.java:doStart(781)) - Started o.e.j.s.ServletContextHandler@1bc80978{/logs,file:///workdir/hadoop-ozone/integration-test/target/log,AVAILABLE}
2019-08-23 23:59:04,058 [main] INFO  handler.ContextHandler (ContextHandler.java:doStart(781)) - Started o.e.j.s.ServletContextHandler@613d42ab{/static,jar:file:/home/user/.m2/repository/org/apache/hadoop/hadoop-hdds-container-service/0.5.0-SNAPSHOT/hadoop-hdds-container-service-0.5.0-SNAPSHOT.jar!/webapps/static,AVAILABLE}
2019-08-23 23:59:04,095 [main] INFO  handler.ContextHandler (ContextHandler.java:doStart(781)) - Started o.e.j.w.WebAppContext@23b260ed{/,file:///tmp/jetty-0.0.0.0-34432-hddsDatanode-_-any-1337807964660108152.dir/webapp/,AVAILABLE}{/hddsDatanode}
2019-08-23 23:59:04,095 [main] INFO  server.AbstractConnector (AbstractConnector.java:doStart(278)) - Started ServerConnector@6d5b160{HTTP/1.1,[http/1.1]}{0.0.0.0:34432}
2019-08-23 23:59:04,097 [main] INFO  server.Server (Server.java:doStart(419)) - Started @537353ms
2019-08-23 23:59:04,098 [main] INFO  server.BaseHttpServer (BaseHttpServer.java:updateConnectorAddress(213)) - HTTP server of HDDSDATANODE is listening at http://0.0.0.0:34432
2019-08-23 23:59:04,213 | INFO  | ObjectStoreRestHttpServer | Listening HDDS REST traffic on /0.0.0.0:41408 |  
2019-08-23 23:59:04,213 [main] INFO  ozone.HddsDatanodeService (HddsDatanodeService.java:startPlugins(395)) - Started plug-in org.apache.hadoop.ozone.web.OzoneHddsDatanodeService@13c79e0d
2019-08-23 23:59:04,214 [main] INFO  impl.MetricsSystemImpl (MetricsSystemImpl.java:init(158)) - HddsDatanode metrics system started (again)
2019-08-23 23:59:04,217 [org.apache.hadoop.util.JvmPauseMonitor$Monitor@2c0e584a] INFO  util.JvmPauseMonitor (JvmPauseMonitor.java:run(188)) - Starting JVM pause monitor
2019-08-23 23:59:04,218 [main] INFO  ozone.HddsDatanodeService (HddsDatanodeService.java:start(184)) - HddsDatanodeService host:pr-hdds-1909-kfjhh-925290811 ip:192.168.34.57
2019-08-23 23:59:04,219 [Datanode State Machine Thread - 0] INFO  datanode.InitDatanodeState (InitDatanodeState.java:persistContainerDatanodeDetails(140)) - DatanodeDetails is persisted to /workdir/hadoop-ozone/integration-test/target/test-dir/MiniOzoneClusterImpl-afd2179f-99c6-4f80-80f5-ac745fcf97f2/datanode-4/meta/datanode.id
2019-08-23 23:59:04,227 [main] INFO  volume.HddsVolume (HddsVolume.java:<init>(176)) - Creating Volume: /workdir/hadoop-ozone/integration-test/target/test-dir/MiniOzoneClusterImpl-afd2179f-99c6-4f80-80f5-ac745fcf97f2/datanode-5/data/containers/hdds of  storage type : DISK and capacity : 1482555576320
2019-08-23 23:59:04,227 [main] INFO  volume.VolumeSet (VolumeSet.java:initializeVolumeSet(170)) - Added Volume : /workdir/hadoop-ozone/integration-test/target/test-dir/MiniOzoneClusterImpl-afd2179f-99c6-4f80-80f5-ac745fcf97f2/datanode-5/data/containers/hdds to VolumeSet
2019-08-23 23:59:04,228 [main] INFO  volume.ThrottledAsyncChecker (ThrottledAsyncChecker.java:schedule(140)) - Scheduling a check for org.apache.hadoop.ozone.container.common.volume.HddsVolume@4d45b457
2019-08-23 23:59:04,228 [main] INFO  volume.HddsVolumeChecker (HddsVolumeChecker.java:checkAllVolumes(203)) - Scheduled health check for volume org.apache.hadoop.ozone.container.common.volume.HddsVolume@4d45b457
2019-08-23 23:59:04,241 [main] INFO  impl.RaftServerProxy (ConfUtils.java:logGet(43)) - raft.rpc.type = GRPC (default)
2019-08-23 23:59:04,242 [main] INFO  grpc.GrpcFactory (GrpcFactory.java:checkPooledByteBufAllocatorUseCacheForAllThreads(45)) - PERFORMANCE WARNING: useCacheForAllThreads is true that may cause Netty to create a lot garbage objects and, as a result, trigger GC.
	It is recommended to disable useCacheForAllThreads by setting -Dorg.apache.ratis.thirdparty.io.netty.allocator.useCacheForAllThreads=false in command line.
2019-08-23 23:59:04,242 [main] INFO  grpc.GrpcConfigKeys$Server (ConfUtils.java:logGet(43)) - raft.grpc.server.port = 0 (default)
2019-08-23 23:59:04,242 [main] INFO  server.GrpcService (ConfUtils.java:logGet(43)) - raft.grpc.message.size.max = 33570816 (custom)
2019-08-23 23:59:04,242 [main] INFO  server.RaftServerConfigKeys (ConfUtils.java:logGet(43)) - raft.server.log.appender.buffer.byte-limit = 33554432 (custom)
2019-08-23 23:59:04,242 [main] INFO  server.GrpcService (ConfUtils.java:logGet(43)) - raft.grpc.flow.control.window = 1MB (=1048576) (default)
2019-08-23 23:59:04,242 [main] INFO  server.RaftServerConfigKeys (ConfUtils.java:logGet(43)) - raft.server.rpc.request.timeout = 3000ms (default)
2019-08-23 23:59:04,243 [main] INFO  server.RaftServerConfigKeys (ConfUtils.java:logGet(43)) - raft.server.storage.dir = [/workdir/hadoop-ozone/integration-test/target/test-dir/MiniOzoneClusterImpl-afd2179f-99c6-4f80-80f5-ac745fcf97f2/datanode-5/data/ratis] (custom)
2019-08-23 23:59:04,243 [main] INFO  replication.SimpleContainerDownloader (SimpleContainerDownloader.java:<init>(72)) - Starting container downloader service to copy containers to replicate.
2019-08-23 23:59:04,244 [main] INFO  hdfs.DFSUtil (DFSUtil.java:httpServerTemplateForNNAndJN(1641)) - Starting Web-server for hddsDatanode at: http://0.0.0.0:0
2019-08-23 23:59:04,246 [main] INFO  server.AuthenticationFilter (AuthenticationFilter.java:constructSecretProvider(240)) - Unable to initialize FileSignerSecretProvider, falling back to use random secrets.
2019-08-23 23:59:04,246 [main] WARN  http.HttpRequestLog (HttpRequestLog.java:getRequestLog(97)) - Jetty request log can only be enabled using Log4j
2019-08-23 23:59:04,247 [main] INFO  http.HttpServer2 (HttpServer2.java:addGlobalFilter(975)) - Added global filter 'safety' (class=org.apache.hadoop.http.HttpServer2$QuotingInputFilter)
2019-08-23 23:59:04,247 [main] INFO  http.HttpServer2 (HttpServer2.java:addFilter(948)) - Added filter static_user_filter (class=org.apache.hadoop.http.lib.StaticUserWebFilter$StaticUserFilter) to context hddsDatanode
2019-08-23 23:59:04,248 [main] INFO  http.HttpServer2 (HttpServer2.java:addFilter(958)) - Added filter static_user_filter (class=org.apache.hadoop.http.lib.StaticUserWebFilter$StaticUserFilter) to context logs
2019-08-23 23:59:04,248 [main] INFO  http.HttpServer2 (HttpServer2.java:addFilter(958)) - Added filter static_user_filter (class=org.apache.hadoop.http.lib.StaticUserWebFilter$StaticUserFilter) to context static
2019-08-23 23:59:04,248 [main] INFO  http.HttpServer2 (HttpServer2.java:bindListener(1191)) - Jetty bound to port 46362
2019-08-23 23:59:04,248 [main] INFO  server.Server (Server.java:doStart(351)) - jetty-9.3.24.v20180605, build timestamp: 2018-06-05T17:11:56Z, git hash: 84205aa28f11a4f31f2a3b86d1bba2cc8ab69827
2019-08-23 23:59:04,250 [main] INFO  handler.ContextHandler (ContextHandler.java:doStart(781)) - Started o.e.j.s.ServletContextHandler@b45e264{/logs,file:///workdir/hadoop-ozone/integration-test/target/log,AVAILABLE}
2019-08-23 23:59:04,250 [main] INFO  handler.ContextHandler (ContextHandler.java:doStart(781)) - Started o.e.j.s.ServletContextHandler@466d6ea5{/static,jar:file:/home/user/.m2/repository/org/apache/hadoop/hadoop-hdds-container-service/0.5.0-SNAPSHOT/hadoop-hdds-container-service-0.5.0-SNAPSHOT.jar!/webapps/static,AVAILABLE}
2019-08-23 23:59:04,277 [main] INFO  handler.ContextHandler (ContextHandler.java:doStart(781)) - Started o.e.j.w.WebAppContext@7b3db079{/,file:///tmp/jetty-0.0.0.0-46362-hddsDatanode-_-any-8025719097010661107.dir/webapp/,AVAILABLE}{/hddsDatanode}
2019-08-23 23:59:04,277 [main] INFO  server.AbstractConnector (AbstractConnector.java:doStart(278)) - Started ServerConnector@6ef5e46a{HTTP/1.1,[http/1.1]}{0.0.0.0:46362}
2019-08-23 23:59:04,279 [main] INFO  server.Server (Server.java:doStart(419)) - Started @537535ms
2019-08-23 23:59:04,280 [main] INFO  server.BaseHttpServer (BaseHttpServer.java:updateConnectorAddress(213)) - HTTP server of HDDSDATANODE is listening at http://0.0.0.0:46362
2019-08-23 23:59:04,394 | INFO  | ObjectStoreRestHttpServer | Listening HDDS REST traffic on /0.0.0.0:34611 |  
2019-08-23 23:59:04,394 [main] INFO  ozone.HddsDatanodeService (HddsDatanodeService.java:startPlugins(395)) - Started plug-in org.apache.hadoop.ozone.web.OzoneHddsDatanodeService@78ba0a57
2019-08-23 23:59:04,395 [main] INFO  impl.MetricsSystemImpl (MetricsSystemImpl.java:init(158)) - HddsDatanode metrics system started (again)
2019-08-23 23:59:04,399 [org.apache.hadoop.util.JvmPauseMonitor$Monitor@40ff3279] INFO  util.JvmPauseMonitor (JvmPauseMonitor.java:run(188)) - Starting JVM pause monitor
2019-08-23 23:59:04,399 [main] INFO  ozone.HddsDatanodeService (HddsDatanodeService.java:start(184)) - HddsDatanodeService host:pr-hdds-1909-kfjhh-925290811 ip:192.168.34.57
2019-08-23 23:59:04,400 [Datanode State Machine Thread - 0] INFO  datanode.InitDatanodeState (InitDatanodeState.java:persistContainerDatanodeDetails(140)) - DatanodeDetails is persisted to /workdir/hadoop-ozone/integration-test/target/test-dir/MiniOzoneClusterImpl-afd2179f-99c6-4f80-80f5-ac745fcf97f2/datanode-5/meta/datanode.id
2019-08-23 23:59:04,410 [main] INFO  volume.HddsVolume (HddsVolume.java:<init>(176)) - Creating Volume: /workdir/hadoop-ozone/integration-test/target/test-dir/MiniOzoneClusterImpl-afd2179f-99c6-4f80-80f5-ac745fcf97f2/datanode-6/data/containers/hdds of  storage type : DISK and capacity : 1482555576320
2019-08-23 23:59:04,410 [main] INFO  volume.VolumeSet (VolumeSet.java:initializeVolumeSet(170)) - Added Volume : /workdir/hadoop-ozone/integration-test/target/test-dir/MiniOzoneClusterImpl-afd2179f-99c6-4f80-80f5-ac745fcf97f2/datanode-6/data/containers/hdds to VolumeSet
2019-08-23 23:59:04,410 [main] INFO  volume.ThrottledAsyncChecker (ThrottledAsyncChecker.java:schedule(140)) - Scheduling a check for org.apache.hadoop.ozone.container.common.volume.HddsVolume@24a5ddd7
2019-08-23 23:59:04,411 [main] INFO  volume.HddsVolumeChecker (HddsVolumeChecker.java:checkAllVolumes(203)) - Scheduled health check for volume org.apache.hadoop.ozone.container.common.volume.HddsVolume@24a5ddd7
2019-08-23 23:59:04,440 [main] INFO  impl.RaftServerProxy (ConfUtils.java:logGet(43)) - raft.rpc.type = GRPC (default)
2019-08-23 23:59:04,441 [main] INFO  grpc.GrpcFactory (GrpcFactory.java:checkPooledByteBufAllocatorUseCacheForAllThreads(45)) - PERFORMANCE WARNING: useCacheForAllThreads is true that may cause Netty to create a lot garbage objects and, as a result, trigger GC.
	It is recommended to disable useCacheForAllThreads by setting -Dorg.apache.ratis.thirdparty.io.netty.allocator.useCacheForAllThreads=false in command line.
2019-08-23 23:59:04,441 [main] INFO  grpc.GrpcConfigKeys$Server (ConfUtils.java:logGet(43)) - raft.grpc.server.port = 0 (default)
2019-08-23 23:59:04,441 [main] INFO  server.GrpcService (ConfUtils.java:logGet(43)) - raft.grpc.message.size.max = 33570816 (custom)
2019-08-23 23:59:04,441 [main] INFO  server.RaftServerConfigKeys (ConfUtils.java:logGet(43)) - raft.server.log.appender.buffer.byte-limit = 33554432 (custom)
2019-08-23 23:59:04,442 [main] INFO  server.GrpcService (ConfUtils.java:logGet(43)) - raft.grpc.flow.control.window = 1MB (=1048576) (default)
2019-08-23 23:59:04,442 [main] INFO  server.RaftServerConfigKeys (ConfUtils.java:logGet(43)) - raft.server.rpc.request.timeout = 3000ms (default)
2019-08-23 23:59:04,442 [main] INFO  server.RaftServerConfigKeys (ConfUtils.java:logGet(43)) - raft.server.storage.dir = [/workdir/hadoop-ozone/integration-test/target/test-dir/MiniOzoneClusterImpl-afd2179f-99c6-4f80-80f5-ac745fcf97f2/datanode-6/data/ratis] (custom)
2019-08-23 23:59:04,443 [main] INFO  replication.SimpleContainerDownloader (SimpleContainerDownloader.java:<init>(72)) - Starting container downloader service to copy containers to replicate.
2019-08-23 23:59:04,444 [main] INFO  hdfs.DFSUtil (DFSUtil.java:httpServerTemplateForNNAndJN(1641)) - Starting Web-server for hddsDatanode at: http://0.0.0.0:0
2019-08-23 23:59:04,445 [main] INFO  server.AuthenticationFilter (AuthenticationFilter.java:constructSecretProvider(240)) - Unable to initialize FileSignerSecretProvider, falling back to use random secrets.
2019-08-23 23:59:04,446 [main] WARN  http.HttpRequestLog (HttpRequestLog.java:getRequestLog(97)) - Jetty request log can only be enabled using Log4j
2019-08-23 23:59:04,447 [main] INFO  http.HttpServer2 (HttpServer2.java:addGlobalFilter(975)) - Added global filter 'safety' (class=org.apache.hadoop.http.HttpServer2$QuotingInputFilter)
2019-08-23 23:59:04,447 [main] INFO  http.HttpServer2 (HttpServer2.java:addFilter(948)) - Added filter static_user_filter (class=org.apache.hadoop.http.lib.StaticUserWebFilter$StaticUserFilter) to context hddsDatanode
2019-08-23 23:59:04,448 [main] INFO  http.HttpServer2 (HttpServer2.java:addFilter(958)) - Added filter static_user_filter (class=org.apache.hadoop.http.lib.StaticUserWebFilter$StaticUserFilter) to context logs
2019-08-23 23:59:04,448 [main] INFO  http.HttpServer2 (HttpServer2.java:addFilter(958)) - Added filter static_user_filter (class=org.apache.hadoop.http.lib.StaticUserWebFilter$StaticUserFilter) to context static
2019-08-23 23:59:04,448 [main] INFO  http.HttpServer2 (HttpServer2.java:bindListener(1191)) - Jetty bound to port 35543
2019-08-23 23:59:04,448 [main] INFO  server.Server (Server.java:doStart(351)) - jetty-9.3.24.v20180605, build timestamp: 2018-06-05T17:11:56Z, git hash: 84205aa28f11a4f31f2a3b86d1bba2cc8ab69827
2019-08-23 23:59:04,450 [main] INFO  handler.ContextHandler (ContextHandler.java:doStart(781)) - Started o.e.j.s.ServletContextHandler@68ad030d{/logs,file:///workdir/hadoop-ozone/integration-test/target/log,AVAILABLE}
2019-08-23 23:59:04,450 [main] INFO  handler.ContextHandler (ContextHandler.java:doStart(781)) - Started o.e.j.s.ServletContextHandler@5e756b8d{/static,jar:file:/home/user/.m2/repository/org/apache/hadoop/hadoop-hdds-container-service/0.5.0-SNAPSHOT/hadoop-hdds-container-service-0.5.0-SNAPSHOT.jar!/webapps/static,AVAILABLE}
2019-08-23 23:59:04,477 [main] INFO  handler.ContextHandler (ContextHandler.java:doStart(781)) - Started o.e.j.w.WebAppContext@3449cddf{/,file:///tmp/jetty-0.0.0.0-35543-hddsDatanode-_-any-3967362932719178526.dir/webapp/,AVAILABLE}{/hddsDatanode}
2019-08-23 23:59:04,477 [main] INFO  server.AbstractConnector (AbstractConnector.java:doStart(278)) - Started ServerConnector@4ff1b0d{HTTP/1.1,[http/1.1]}{0.0.0.0:35543}
2019-08-23 23:59:04,477 [main] INFO  server.Server (Server.java:doStart(419)) - Started @537733ms
2019-08-23 23:59:04,485 [main] INFO  server.BaseHttpServer (BaseHttpServer.java:updateConnectorAddress(213)) - HTTP server of HDDSDATANODE is listening at http://0.0.0.0:35543
2019-08-23 23:59:04,605 | INFO  | ObjectStoreRestHttpServer | Listening HDDS REST traffic on /0.0.0.0:35677 |  
2019-08-23 23:59:04,605 [main] INFO  ozone.HddsDatanodeService (HddsDatanodeService.java:startPlugins(395)) - Started plug-in org.apache.hadoop.ozone.web.OzoneHddsDatanodeService@54e0b29c
2019-08-23 23:59:04,605 [main] INFO  ozone.MiniOzoneClusterImpl (MiniOzoneClusterImpl.java:lambda$waitForClusterToBeReady$0(142)) - Waiting for cluster to be ready. Got 0 of 7 DN Heartbeats.
2019-08-23 23:59:04,606 [org.apache.hadoop.util.JvmPauseMonitor$Monitor@5e75d336] INFO  util.JvmPauseMonitor (JvmPauseMonitor.java:run(188)) - Starting JVM pause monitor
2019-08-23 23:59:04,608 [Datanode State Machine Thread - 0] INFO  datanode.InitDatanodeState (InitDatanodeState.java:persistContainerDatanodeDetails(140)) - DatanodeDetails is persisted to /workdir/hadoop-ozone/integration-test/target/test-dir/MiniOzoneClusterImpl-afd2179f-99c6-4f80-80f5-ac745fcf97f2/datanode-6/meta/datanode.id
2019-08-23 23:59:05,267 | INFO  | SCMAudit | user=jenkins1000 | ip=192.168.34.57 | op=GET_VERSION null | ret=SUCCESS |  
2019-08-23 23:59:05,284 [Datanode State Machine Thread - 0] INFO  ozoneimpl.OzoneContainer (OzoneContainer.java:start(186)) - Attempting to start container services.
2019-08-23 23:59:05,284 [Datanode State Machine Thread - 0] INFO  ozoneimpl.OzoneContainer (OzoneContainer.java:startContainerScrub(160)) - Background container scrubber has been disabled by hdds.containerscrub.enabled
2019-08-23 23:59:05,285 [Datanode State Machine Thread - 0] INFO  ratis.XceiverServerRatis (XceiverServerRatis.java:start(404)) - Starting XceiverServerRatis 1ef69ad4-8e4b-4531-9aa2-a6c5c7c904fa at port 0
2019-08-23 23:59:05,292 [Datanode State Machine Thread - 0] INFO  impl.RaftServerProxy (RaftServerProxy.java:lambda$start$3(299)) - 1ef69ad4-8e4b-4531-9aa2-a6c5c7c904fa: start RPC server
2019-08-23 23:59:05,293 [Datanode State Machine Thread - 0] INFO  server.GrpcService (GrpcService.java:startImpl(149)) - 1ef69ad4-8e4b-4531-9aa2-a6c5c7c904fa: GrpcService started, listening on 0.0.0.0/0.0.0.0:42315
2019-08-23 23:59:05,293 [Datanode State Machine Thread - 0] INFO  ratis.XceiverServerRatis (XceiverServerRatis.java:start(414)) - XceiverServerRatis 1ef69ad4-8e4b-4531-9aa2-a6c5c7c904fa is started using port 42315
2019-08-23 23:59:05,301 [Datanode State Machine Thread - 0] INFO  server.XceiverServerGrpc (XceiverServerGrpc.java:start(161)) - XceiverServerGrpc 1ef69ad4-8e4b-4531-9aa2-a6c5c7c904fa is started using port 36094
2019-08-23 23:59:05,444 | INFO  | SCMAudit | user=jenkins1000 | ip=192.168.34.57 | op=GET_VERSION null | ret=SUCCESS |  
2019-08-23 23:59:05,460 [Datanode State Machine Thread - 0] INFO  ozoneimpl.OzoneContainer (OzoneContainer.java:start(186)) - Attempting to start container services.
2019-08-23 23:59:05,460 [Datanode State Machine Thread - 0] INFO  ozoneimpl.OzoneContainer (OzoneContainer.java:startContainerScrub(160)) - Background container scrubber has been disabled by hdds.containerscrub.enabled
2019-08-23 23:59:05,460 [Datanode State Machine Thread - 0] INFO  ratis.XceiverServerRatis (XceiverServerRatis.java:start(404)) - Starting XceiverServerRatis ae8d4c35-055f-4407-86e2-4ec1f591227d at port 0
2019-08-23 23:59:05,468 [Datanode State Machine Thread - 0] INFO  impl.RaftServerProxy (RaftServerProxy.java:lambda$start$3(299)) - ae8d4c35-055f-4407-86e2-4ec1f591227d: start RPC server
2019-08-23 23:59:05,471 [Datanode State Machine Thread - 0] INFO  server.GrpcService (GrpcService.java:startImpl(149)) - ae8d4c35-055f-4407-86e2-4ec1f591227d: GrpcService started, listening on 0.0.0.0/0.0.0.0:38373
2019-08-23 23:59:05,471 [Datanode State Machine Thread - 0] INFO  ratis.XceiverServerRatis (XceiverServerRatis.java:start(414)) - XceiverServerRatis ae8d4c35-055f-4407-86e2-4ec1f591227d is started using port 38373
2019-08-23 23:59:05,473 [Datanode State Machine Thread - 0] INFO  server.XceiverServerGrpc (XceiverServerGrpc.java:start(161)) - XceiverServerGrpc ae8d4c35-055f-4407-86e2-4ec1f591227d is started using port 32946
2019-08-23 23:59:05,605 [main] INFO  ozone.MiniOzoneClusterImpl (MiniOzoneClusterImpl.java:lambda$waitForClusterToBeReady$0(142)) - Waiting for cluster to be ready. Got 0 of 7 DN Heartbeats.
2019-08-23 23:59:05,818 | INFO  | SCMAudit | user=jenkins1000 | ip=192.168.34.57 | op=GET_VERSION null | ret=SUCCESS |  
2019-08-23 23:59:05,832 [Datanode State Machine Thread - 0] INFO  ozoneimpl.OzoneContainer (OzoneContainer.java:start(186)) - Attempting to start container services.
2019-08-23 23:59:05,832 [Datanode State Machine Thread - 0] INFO  ozoneimpl.OzoneContainer (OzoneContainer.java:startContainerScrub(160)) - Background container scrubber has been disabled by hdds.containerscrub.enabled
2019-08-23 23:59:05,832 [Datanode State Machine Thread - 0] INFO  ratis.XceiverServerRatis (XceiverServerRatis.java:start(404)) - Starting XceiverServerRatis b371bb21-e6a8-4036-9b16-438c55cb3ead at port 0
2019-08-23 23:59:05,836 [Datanode State Machine Thread - 0] INFO  impl.RaftServerProxy (RaftServerProxy.java:lambda$start$3(299)) - b371bb21-e6a8-4036-9b16-438c55cb3ead: start RPC server
2019-08-23 23:59:05,837 [Datanode State Machine Thread - 0] INFO  server.GrpcService (GrpcService.java:startImpl(149)) - b371bb21-e6a8-4036-9b16-438c55cb3ead: GrpcService started, listening on 0.0.0.0/0.0.0.0:32823
2019-08-23 23:59:05,837 [Datanode State Machine Thread - 0] INFO  ratis.XceiverServerRatis (XceiverServerRatis.java:start(414)) - XceiverServerRatis b371bb21-e6a8-4036-9b16-438c55cb3ead is started using port 32823
2019-08-23 23:59:05,838 [Datanode State Machine Thread - 0] INFO  server.XceiverServerGrpc (XceiverServerGrpc.java:start(161)) - XceiverServerGrpc b371bb21-e6a8-4036-9b16-438c55cb3ead is started using port 35969
2019-08-23 23:59:06,025 | INFO  | SCMAudit | user=jenkins1000 | ip=192.168.34.57 | op=GET_VERSION null | ret=SUCCESS |  
2019-08-23 23:59:06,039 [Datanode State Machine Thread - 0] INFO  ozoneimpl.OzoneContainer (OzoneContainer.java:start(186)) - Attempting to start container services.
2019-08-23 23:59:06,039 [Datanode State Machine Thread - 0] INFO  ozoneimpl.OzoneContainer (OzoneContainer.java:startContainerScrub(160)) - Background container scrubber has been disabled by hdds.containerscrub.enabled
2019-08-23 23:59:06,039 [Datanode State Machine Thread - 0] INFO  ratis.XceiverServerRatis (XceiverServerRatis.java:start(404)) - Starting XceiverServerRatis 3d5eb9b2-a9f4-4243-a2dd-02e0a570989c at port 0
2019-08-23 23:59:06,045 [Datanode State Machine Thread - 0] INFO  impl.RaftServerProxy (RaftServerProxy.java:lambda$start$3(299)) - 3d5eb9b2-a9f4-4243-a2dd-02e0a570989c: start RPC server
2019-08-23 23:59:06,048 [Datanode State Machine Thread - 0] INFO  server.GrpcService (GrpcService.java:startImpl(149)) - 3d5eb9b2-a9f4-4243-a2dd-02e0a570989c: GrpcService started, listening on 0.0.0.0/0.0.0.0:35645
2019-08-23 23:59:06,048 [Datanode State Machine Thread - 0] INFO  ratis.XceiverServerRatis (XceiverServerRatis.java:start(414)) - XceiverServerRatis 3d5eb9b2-a9f4-4243-a2dd-02e0a570989c is started using port 35645
2019-08-23 23:59:06,049 [Datanode State Machine Thread - 0] INFO  server.XceiverServerGrpc (XceiverServerGrpc.java:start(161)) - XceiverServerGrpc 3d5eb9b2-a9f4-4243-a2dd-02e0a570989c is started using port 43797
2019-08-23 23:59:06,219 | INFO  | SCMAudit | user=jenkins1000 | ip=192.168.34.57 | op=GET_VERSION null | ret=SUCCESS |  
2019-08-23 23:59:06,233 [Datanode State Machine Thread - 0] INFO  ozoneimpl.OzoneContainer (OzoneContainer.java:start(186)) - Attempting to start container services.
2019-08-23 23:59:06,233 [Datanode State Machine Thread - 0] INFO  ozoneimpl.OzoneContainer (OzoneContainer.java:startContainerScrub(160)) - Background container scrubber has been disabled by hdds.containerscrub.enabled
2019-08-23 23:59:06,233 [Datanode State Machine Thread - 0] INFO  ratis.XceiverServerRatis (XceiverServerRatis.java:start(404)) - Starting XceiverServerRatis c360f659-8ca7-48e8-94e2-fabef6965a78 at port 0
2019-08-23 23:59:06,240 [Datanode State Machine Thread - 0] INFO  impl.RaftServerProxy (RaftServerProxy.java:lambda$start$3(299)) - c360f659-8ca7-48e8-94e2-fabef6965a78: start RPC server
2019-08-23 23:59:06,244 [Datanode State Machine Thread - 0] INFO  server.GrpcService (GrpcService.java:startImpl(149)) - c360f659-8ca7-48e8-94e2-fabef6965a78: GrpcService started, listening on 0.0.0.0/0.0.0.0:43596
2019-08-23 23:59:06,244 [Datanode State Machine Thread - 0] INFO  ratis.XceiverServerRatis (XceiverServerRatis.java:start(414)) - XceiverServerRatis c360f659-8ca7-48e8-94e2-fabef6965a78 is started using port 43596
2019-08-23 23:59:06,244 [Datanode State Machine Thread - 0] INFO  server.XceiverServerGrpc (XceiverServerGrpc.java:start(161)) - XceiverServerGrpc c360f659-8ca7-48e8-94e2-fabef6965a78 is started using port 40465
2019-08-23 23:59:06,399 | INFO  | SCMAudit | user=jenkins1000 | ip=192.168.34.57 | op=GET_VERSION null | ret=SUCCESS |  
2019-08-23 23:59:06,413 [Datanode State Machine Thread - 0] INFO  ozoneimpl.OzoneContainer (OzoneContainer.java:start(186)) - Attempting to start container services.
2019-08-23 23:59:06,413 [Datanode State Machine Thread - 0] INFO  ozoneimpl.OzoneContainer (OzoneContainer.java:startContainerScrub(160)) - Background container scrubber has been disabled by hdds.containerscrub.enabled
2019-08-23 23:59:06,413 [Datanode State Machine Thread - 0] INFO  ratis.XceiverServerRatis (XceiverServerRatis.java:start(404)) - Starting XceiverServerRatis d1f7a5bb-ef63-436e-b61b-faa886bf0f1d at port 0
2019-08-23 23:59:06,420 [Datanode State Machine Thread - 0] INFO  impl.RaftServerProxy (RaftServerProxy.java:lambda$start$3(299)) - d1f7a5bb-ef63-436e-b61b-faa886bf0f1d: start RPC server
2019-08-23 23:59:06,423 [Datanode State Machine Thread - 0] INFO  server.GrpcService (GrpcService.java:startImpl(149)) - d1f7a5bb-ef63-436e-b61b-faa886bf0f1d: GrpcService started, listening on 0.0.0.0/0.0.0.0:41008
2019-08-23 23:59:06,423 [Datanode State Machine Thread - 0] INFO  ratis.XceiverServerRatis (XceiverServerRatis.java:start(414)) - XceiverServerRatis d1f7a5bb-ef63-436e-b61b-faa886bf0f1d is started using port 41008
2019-08-23 23:59:06,425 [Datanode State Machine Thread - 0] INFO  server.XceiverServerGrpc (XceiverServerGrpc.java:start(161)) - XceiverServerGrpc d1f7a5bb-ef63-436e-b61b-faa886bf0f1d is started using port 45527
2019-08-23 23:59:06,606 [main] INFO  ozone.MiniOzoneClusterImpl (MiniOzoneClusterImpl.java:lambda$waitForClusterToBeReady$0(142)) - Waiting for cluster to be ready. Got 0 of 7 DN Heartbeats.
2019-08-23 23:59:06,607 | INFO  | SCMAudit | user=jenkins1000 | ip=192.168.34.57 | op=GET_VERSION null | ret=SUCCESS |  
2019-08-23 23:59:06,622 [Datanode State Machine Thread - 0] INFO  ozoneimpl.OzoneContainer (OzoneContainer.java:start(186)) - Attempting to start container services.
2019-08-23 23:59:06,622 [Datanode State Machine Thread - 0] INFO  ozoneimpl.OzoneContainer (OzoneContainer.java:startContainerScrub(160)) - Background container scrubber has been disabled by hdds.containerscrub.enabled
2019-08-23 23:59:06,623 [Datanode State Machine Thread - 0] INFO  ratis.XceiverServerRatis (XceiverServerRatis.java:start(404)) - Starting XceiverServerRatis d0d9dee8-e77d-4d46-9003-12ee559a6c29 at port 0
2019-08-23 23:59:06,629 [Datanode State Machine Thread - 0] INFO  impl.RaftServerProxy (RaftServerProxy.java:lambda$start$3(299)) - d0d9dee8-e77d-4d46-9003-12ee559a6c29: start RPC server
2019-08-23 23:59:06,629 [Datanode State Machine Thread - 0] INFO  server.GrpcService (GrpcService.java:startImpl(149)) - d0d9dee8-e77d-4d46-9003-12ee559a6c29: GrpcService started, listening on 0.0.0.0/0.0.0.0:41278
2019-08-23 23:59:06,629 [Datanode State Machine Thread - 0] INFO  ratis.XceiverServerRatis (XceiverServerRatis.java:start(414)) - XceiverServerRatis d0d9dee8-e77d-4d46-9003-12ee559a6c29 is started using port 41278
2019-08-23 23:59:06,630 [Datanode State Machine Thread - 0] INFO  server.XceiverServerGrpc (XceiverServerGrpc.java:start(161)) - XceiverServerGrpc d0d9dee8-e77d-4d46-9003-12ee559a6c29 is started using port 34457
2019-08-23 23:59:07,266 [IPC Server handler 3 on 35013] INFO  net.NetworkTopology (NetworkTopologyImpl.java:add(110)) - Added a new node: /default-rack/1ef69ad4-8e4b-4531-9aa2-a6c5c7c904fa
2019-08-23 23:59:07,269 [IPC Server handler 3 on 35013] INFO  node.SCMNodeManager (SCMNodeManager.java:register(273)) - Registered Data node : 1ef69ad4-8e4b-4531-9aa2-a6c5c7c904fa{ip: 192.168.34.57, host: pr-hdds-1909-kfjhh-925290811, networkLocation: /default-rack, certSerialId: null}
2019-08-23 23:59:07,270 | INFO  | SCMAudit | user=jenkins1000 | ip=192.168.34.57 | op=REGISTER {datanodeDetails=1ef69ad4-8e4b-4531-9aa2-a6c5c7c904fa{ip: 192.168.34.57, host: pr-hdds-1909-kfjhh-925290811, networkLocation: /default-rack, certSerialId: null}} | ret=SUCCESS |  
2019-08-23 23:59:07,270 [EventQueue-NodeRegistrationContainerReportForDataNodeSafeModeRule] INFO  safemode.SCMSafeModeManager (DataNodeSafeModeRule.java:process(71)) - SCM in safe mode. 1 DataNodes registered, 1 required.
2019-08-23 23:59:07,273 [EventQueue-NodeRegistrationContainerReportForDataNodeSafeModeRule] INFO  safemode.SCMSafeModeManager (SCMSafeModeManager.java:validateSafeModeExitRules(177)) - ScmSafeModeManager, all rules are successfully validated
2019-08-23 23:59:07,273 [EventQueue-NodeRegistrationContainerReportForDataNodeSafeModeRule] INFO  safemode.SCMSafeModeManager (SCMSafeModeManager.java:exitSafeMode(193)) - SCM exiting safe mode.
2019-08-23 23:59:07,294 [grpc-default-executor-4] INFO  impl.RaftServerProxy (RaftServerProxy.java:addNew(89)) - 1ef69ad4-8e4b-4531-9aa2-a6c5c7c904fa: addNew group-E35C89C5F296:[1ef69ad4-8e4b-4531-9aa2-a6c5c7c904fa:192.168.34.57:42315] returns group-E35C89C5F296:java.util.concurrent.CompletableFuture@34b8c365[Not completed]
2019-08-23 23:59:07,295 [pool-439-thread-1] INFO  impl.RaftServerImpl (RaftServerImpl.java:<init>(93)) - 1ef69ad4-8e4b-4531-9aa2-a6c5c7c904fa: new RaftServerImpl for group-E35C89C5F296:[1ef69ad4-8e4b-4531-9aa2-a6c5c7c904fa:192.168.34.57:42315] with ContainerStateMachine:uninitialized
2019-08-23 23:59:07,296 [pool-439-thread-1] INFO  server.RaftServerConfigKeys (ConfUtils.java:logGet(43)) - raft.server.rpc.timeout.min = 5s (custom)
2019-08-23 23:59:07,296 [pool-439-thread-1] INFO  server.RaftServerConfigKeys (ConfUtils.java:logGet(43)) - raft.server.rpc.timeout.max = 5200ms (custom)
2019-08-23 23:59:07,296 [pool-439-thread-1] INFO  server.RaftServerConfigKeys (ConfUtils.java:logGet(43)) - raft.server.rpcslowness.timeout = 120s (custom)
2019-08-23 23:59:07,296 [pool-439-thread-1] INFO  server.RaftServerConfigKeys (ConfUtils.java:logGet(43)) - raft.server.sleep.deviation.threshold = 300 (default)
2019-08-23 23:59:07,296 [pool-439-thread-1] INFO  server.RaftServerConfigKeys (ConfUtils.java:logGet(43)) - raft.server.log.appender.install.snapshot.enabled = false (custom)
2019-08-23 23:59:07,296 [pool-439-thread-1] INFO  impl.RaftServerImpl (ServerState.java:<init>(105)) - 1ef69ad4-8e4b-4531-9aa2-a6c5c7c904fa:group-E35C89C5F296 ConfigurationManager, init=-1: [1ef69ad4-8e4b-4531-9aa2-a6c5c7c904fa:192.168.34.57:42315], old=null, confs=<EMPTY_MAP>
2019-08-23 23:59:07,297 [pool-439-thread-1] INFO  server.RaftServerConfigKeys (ConfUtils.java:logGet(43)) - raft.server.storage.dir = [/workdir/hadoop-ozone/integration-test/target/test-dir/MiniOzoneClusterImpl-afd2179f-99c6-4f80-80f5-ac745fcf97f2/datanode-0/data/ratis] (custom)
2019-08-23 23:59:07,297 [pool-439-thread-1] INFO  storage.RaftStorageDirectory (RaftStorageDirectory.java:analyzeStorage(246)) - The storage directory /workdir/hadoop-ozone/integration-test/target/test-dir/MiniOzoneClusterImpl-afd2179f-99c6-4f80-80f5-ac745fcf97f2/datanode-0/data/ratis/10b2a3df-0375-4751-9cc3-e35c89c5f296 does not exist. Creating ...
2019-08-23 23:59:07,310 [pool-439-thread-1] INFO  storage.RaftStorageDirectory (RaftStorageDirectory.java:tryLock(328)) - Lock on /workdir/hadoop-ozone/integration-test/target/test-dir/MiniOzoneClusterImpl-afd2179f-99c6-4f80-80f5-ac745fcf97f2/datanode-0/data/ratis/10b2a3df-0375-4751-9cc3-e35c89c5f296/in_use.lock acquired by nodename 11850@pr-hdds-1909-kfjhh-925290811
2019-08-23 23:59:07,324 [pool-439-thread-1] INFO  storage.RaftStorage (RaftStorage.java:format(72)) - Storage directory /workdir/hadoop-ozone/integration-test/target/test-dir/MiniOzoneClusterImpl-afd2179f-99c6-4f80-80f5-ac745fcf97f2/datanode-0/data/ratis/10b2a3df-0375-4751-9cc3-e35c89c5f296 has been successfully formatted.
2019-08-23 23:59:07,324 [pool-439-thread-1] INFO  ratis.ContainerStateMachine (ContainerStateMachine.java:loadSnapshot(226)) - group-E35C89C5F296: The snapshot info is null. Setting the last applied indexto:(t:0, i:~)
2019-08-23 23:59:07,324 [pool-439-thread-1] INFO  server.RaftServerConfigKeys (ConfUtils.java:logGet(43)) - raft.server.leader.election.timeout = 120s (custom)
2019-08-23 23:59:07,325 [pool-439-thread-1] INFO  server.RaftServerConfigKeys (ConfUtils.java:logGet(43)) - raft.server.log.use.memory = false (default)
2019-08-23 23:59:07,325 [pool-439-thread-1] INFO  server.RaftServerConfigKeys (ConfUtils.java:logGet(43)) - raft.server.log.purge.gap = 1000000 (custom)
2019-08-23 23:59:07,325 [pool-439-thread-1] INFO  server.RaftServerConfigKeys (ConfUtils.java:logGet(43)) - raft.server.log.appender.buffer.byte-limit = 33554432 (custom)
2019-08-23 23:59:07,325 [pool-439-thread-1] INFO  server.RaftServerConfigKeys (ConfUtils.java:logGet(43)) - raft.server.log.segment.size.max = 1048576 (custom)
2019-08-23 23:59:07,325 [pool-439-thread-1] INFO  server.RaftServerConfigKeys (ConfUtils.java:logGet(43)) - raft.server.log.segment.cache.num.max = 2 (custom)
2019-08-23 23:59:07,325 [pool-439-thread-1] INFO  segmented.SegmentedRaftLogWorker (SegmentedRaftLogWorker.java:<init>(172)) - new 1ef69ad4-8e4b-4531-9aa2-a6c5c7c904fa-SegmentedRaftLogWorker:Storage Directory /workdir/hadoop-ozone/integration-test/target/test-dir/MiniOzoneClusterImpl-afd2179f-99c6-4f80-80f5-ac745fcf97f2/datanode-0/data/ratis/10b2a3df-0375-4751-9cc3-e35c89c5f296 for RaftStorage:Storage Directory /workdir/hadoop-ozone/integration-test/target/test-dir/MiniOzoneClusterImpl-afd2179f-99c6-4f80-80f5-ac745fcf97f2/datanode-0/data/ratis/10b2a3df-0375-4751-9cc3-e35c89c5f296
2019-08-23 23:59:07,326 [pool-439-thread-1] INFO  server.RaftServerConfigKeys (ConfUtils.java:logGet(43)) - raft.server.log.queue.byte-limit = 2147483647 (custom)
2019-08-23 23:59:07,326 [pool-439-thread-1] INFO  server.RaftServerConfigKeys (ConfUtils.java:logGet(43)) - raft.server.log.queue.element-limit = 1024 (custom)
2019-08-23 23:59:07,326 [pool-439-thread-1] INFO  server.RaftServerConfigKeys (ConfUtils.java:logGet(43)) - raft.server.log.segment.size.max = 1048576 (custom)
2019-08-23 23:59:07,326 [pool-439-thread-1] INFO  server.RaftServerConfigKeys (ConfUtils.java:logGet(43)) - raft.server.log.preallocated.size = 16384 (custom)
2019-08-23 23:59:07,326 [pool-439-thread-1] INFO  server.RaftServerConfigKeys (ConfUtils.java:logGet(43)) - raft.server.log.write.buffer.size = 33554432 (custom)
2019-08-23 23:59:07,327 [pool-439-thread-1] INFO  server.RaftServerConfigKeys (ConfUtils.java:logGet(43)) - raft.server.log.force.sync.num = 128 (default)
2019-08-23 23:59:07,327 [pool-439-thread-1] INFO  server.RaftServerConfigKeys (ConfUtils.java:logGet(43)) - raft.server.log.statemachine.data.sync = true (default)
2019-08-23 23:59:07,327 [pool-439-thread-1] INFO  server.RaftServerConfigKeys (ConfUtils.java:logGet(43)) - raft.server.log.statemachine.data.sync.timeout = 10s (default)
2019-08-23 23:59:07,327 [pool-439-thread-1] INFO  server.RaftServerConfigKeys (ConfUtils.java:logGet(43)) - raft.server.log.statemachine.data.sync.timeout.retry = -1 (default)
2019-08-23 23:59:07,327 [pool-439-thread-1] INFO  server.RaftServerConfigKeys (ConfUtils.java:logGet(43)) - raft.server.log.statemachine.data.caching.enabled = true (custom)
2019-08-23 23:59:07,328 [pool-439-thread-1] INFO  segmented.SegmentedRaftLogWorker (SegmentedRaftLogWorker.java:lambda$new$0(132)) - 1ef69ad4-8e4b-4531-9aa2-a6c5c7c904fa-SegmentedRaftLogWorker:Storage Directory /workdir/hadoop-ozone/integration-test/target/test-dir/MiniOzoneClusterImpl-afd2179f-99c6-4f80-80f5-ac745fcf97f2/datanode-0/data/ratis/10b2a3df-0375-4751-9cc3-e35c89c5f296: flushIndex: setUnconditionally 0 -> -1
2019-08-23 23:59:07,328 [pool-439-thread-1] INFO  server.RaftServerConfigKeys (ConfUtils.java:logGet(43)) - raft.server.snapshot.auto.trigger.enabled = true (custom)
2019-08-23 23:59:07,328 [pool-439-thread-1] INFO  server.RaftServerConfigKeys (ConfUtils.java:logGet(43)) - raft.server.snapshot.auto.trigger.threshold = 10000 (custom)
2019-08-23 23:59:07,328 [pool-439-thread-1] INFO  server.RaftServerConfigKeys (ConfUtils.java:logGet(43)) - raft.server.retrycache.expirytime = 600000ms (custom)
2019-08-23 23:59:07,329 [pool-439-thread-1] INFO  impl.RaftServerImpl (RaftServerImpl.java:start(180)) - 1ef69ad4-8e4b-4531-9aa2-a6c5c7c904fa: start group-E35C89C5F296
2019-08-23 23:59:07,329 [pool-439-thread-1] INFO  impl.RaftServerImpl (RaftServerImpl.java:setRole(171)) - 1ef69ad4-8e4b-4531-9aa2-a6c5c7c904fa:group-E35C89C5F296 changes role from null to FOLLOWER at term 0 for startAsFollower
2019-08-23 23:59:07,329 [pool-439-thread-1] INFO  impl.RoleInfo (RoleInfo.java:updateAndGet(143)) - 1ef69ad4-8e4b-4531-9aa2-a6c5c7c904fa: start FollowerState
2019-08-23 23:59:07,330 [pool-439-thread-1] INFO  util.JmxRegister (JmxRegister.java:tryRegister(44)) - Successfully registered JMX Bean with object name Ratis:service=RaftServer,group=group-E35C89C5F296,id=1ef69ad4-8e4b-4531-9aa2-a6c5c7c904fa
2019-08-23 23:59:07,336 [RatisPipelineUtilsThread] INFO  pipeline.PipelineStateManager (PipelineStateManager.java:addPipeline(56)) - Created pipeline Pipeline[ Id: 10b2a3df-0375-4751-9cc3-e35c89c5f296, Nodes: 1ef69ad4-8e4b-4531-9aa2-a6c5c7c904fa{ip: 192.168.34.57, host: pr-hdds-1909-kfjhh-925290811, networkLocation: /default-rack, certSerialId: null}, Type:RATIS, Factor:ONE, State:OPEN]
2019-08-23 23:59:07,441 [IPC Server handler 4 on 35013] INFO  net.NetworkTopology (NetworkTopologyImpl.java:add(110)) - Added a new node: /default-rack/ae8d4c35-055f-4407-86e2-4ec1f591227d
2019-08-23 23:59:07,441 [IPC Server handler 4 on 35013] INFO  node.SCMNodeManager (SCMNodeManager.java:register(273)) - Registered Data node : ae8d4c35-055f-4407-86e2-4ec1f591227d{ip: 192.168.34.57, host: pr-hdds-1909-kfjhh-925290811, networkLocation: /default-rack, certSerialId: null}
2019-08-23 23:59:07,442 | INFO  | SCMAudit | user=jenkins1000 | ip=192.168.34.57 | op=REGISTER {datanodeDetails=ae8d4c35-055f-4407-86e2-4ec1f591227d{ip: 192.168.34.57, host: pr-hdds-1909-kfjhh-925290811, networkLocation: /default-rack, certSerialId: null}} | ret=SUCCESS |  
2019-08-23 23:59:07,448 [grpc-default-executor-4] INFO  impl.RaftServerProxy (RaftServerProxy.java:addNew(89)) - ae8d4c35-055f-4407-86e2-4ec1f591227d: addNew group-7FEE62A0B786:[ae8d4c35-055f-4407-86e2-4ec1f591227d:192.168.34.57:38373] returns group-7FEE62A0B786:java.util.concurrent.CompletableFuture@62f93e9c[Not completed]
2019-08-23 23:59:07,450 [pool-450-thread-1] INFO  impl.RaftServerImpl (RaftServerImpl.java:<init>(93)) - ae8d4c35-055f-4407-86e2-4ec1f591227d: new RaftServerImpl for group-7FEE62A0B786:[ae8d4c35-055f-4407-86e2-4ec1f591227d:192.168.34.57:38373] with ContainerStateMachine:uninitialized
2019-08-23 23:59:07,450 [pool-450-thread-1] INFO  server.RaftServerConfigKeys (ConfUtils.java:logGet(43)) - raft.server.rpc.timeout.min = 5s (custom)
2019-08-23 23:59:07,450 [pool-450-thread-1] INFO  server.RaftServerConfigKeys (ConfUtils.java:logGet(43)) - raft.server.rpc.timeout.max = 5200ms (custom)
2019-08-23 23:59:07,450 [pool-450-thread-1] INFO  server.RaftServerConfigKeys (ConfUtils.java:logGet(43)) - raft.server.rpcslowness.timeout = 120s (custom)
2019-08-23 23:59:07,450 [pool-450-thread-1] INFO  server.RaftServerConfigKeys (ConfUtils.java:logGet(43)) - raft.server.sleep.deviation.threshold = 300 (default)
2019-08-23 23:59:07,451 [pool-450-thread-1] INFO  server.RaftServerConfigKeys (ConfUtils.java:logGet(43)) - raft.server.log.appender.install.snapshot.enabled = false (custom)
2019-08-23 23:59:07,451 [pool-450-thread-1] INFO  impl.RaftServerImpl (ServerState.java:<init>(105)) - ae8d4c35-055f-4407-86e2-4ec1f591227d:group-7FEE62A0B786 ConfigurationManager, init=-1: [ae8d4c35-055f-4407-86e2-4ec1f591227d:192.168.34.57:38373], old=null, confs=<EMPTY_MAP>
2019-08-23 23:59:07,451 [pool-450-thread-1] INFO  server.RaftServerConfigKeys (ConfUtils.java:logGet(43)) - raft.server.storage.dir = [/workdir/hadoop-ozone/integration-test/target/test-dir/MiniOzoneClusterImpl-afd2179f-99c6-4f80-80f5-ac745fcf97f2/datanode-1/data/ratis] (custom)
2019-08-23 23:59:07,451 [pool-450-thread-1] INFO  storage.RaftStorageDirectory (RaftStorageDirectory.java:analyzeStorage(246)) - The storage directory /workdir/hadoop-ozone/integration-test/target/test-dir/MiniOzoneClusterImpl-afd2179f-99c6-4f80-80f5-ac745fcf97f2/datanode-1/data/ratis/61854d66-f4a9-4e1e-9925-7fee62a0b786 does not exist. Creating ...
2019-08-23 23:59:07,465 [pool-450-thread-1] INFO  storage.RaftStorageDirectory (RaftStorageDirectory.java:tryLock(328)) - Lock on /workdir/hadoop-ozone/integration-test/target/test-dir/MiniOzoneClusterImpl-afd2179f-99c6-4f80-80f5-ac745fcf97f2/datanode-1/data/ratis/61854d66-f4a9-4e1e-9925-7fee62a0b786/in_use.lock acquired by nodename 11850@pr-hdds-1909-kfjhh-925290811
2019-08-23 23:59:07,478 [pool-450-thread-1] INFO  storage.RaftStorage (RaftStorage.java:format(72)) - Storage directory /workdir/hadoop-ozone/integration-test/target/test-dir/MiniOzoneClusterImpl-afd2179f-99c6-4f80-80f5-ac745fcf97f2/datanode-1/data/ratis/61854d66-f4a9-4e1e-9925-7fee62a0b786 has been successfully formatted.
2019-08-23 23:59:07,479 [pool-450-thread-1] INFO  ratis.ContainerStateMachine (ContainerStateMachine.java:loadSnapshot(226)) - group-7FEE62A0B786: The snapshot info is null. Setting the last applied indexto:(t:0, i:~)
2019-08-23 23:59:07,479 [pool-450-thread-1] INFO  server.RaftServerConfigKeys (ConfUtils.java:logGet(43)) - raft.server.leader.election.timeout = 120s (custom)
2019-08-23 23:59:07,479 [pool-450-thread-1] INFO  server.RaftServerConfigKeys (ConfUtils.java:logGet(43)) - raft.server.log.use.memory = false (default)
2019-08-23 23:59:07,479 [pool-450-thread-1] INFO  server.RaftServerConfigKeys (ConfUtils.java:logGet(43)) - raft.server.log.purge.gap = 1000000 (custom)
2019-08-23 23:59:07,479 [pool-450-thread-1] INFO  server.RaftServerConfigKeys (ConfUtils.java:logGet(43)) - raft.server.log.appender.buffer.byte-limit = 33554432 (custom)
2019-08-23 23:59:07,479 [pool-450-thread-1] INFO  server.RaftServerConfigKeys (ConfUtils.java:logGet(43)) - raft.server.log.segment.size.max = 1048576 (custom)
2019-08-23 23:59:07,480 [pool-450-thread-1] INFO  server.RaftServerConfigKeys (ConfUtils.java:logGet(43)) - raft.server.log.segment.cache.num.max = 2 (custom)
2019-08-23 23:59:07,480 [pool-450-thread-1] INFO  segmented.SegmentedRaftLogWorker (SegmentedRaftLogWorker.java:<init>(172)) - new ae8d4c35-055f-4407-86e2-4ec1f591227d-SegmentedRaftLogWorker:Storage Directory /workdir/hadoop-ozone/integration-test/target/test-dir/MiniOzoneClusterImpl-afd2179f-99c6-4f80-80f5-ac745fcf97f2/datanode-1/data/ratis/61854d66-f4a9-4e1e-9925-7fee62a0b786 for RaftStorage:Storage Directory /workdir/hadoop-ozone/integration-test/target/test-dir/MiniOzoneClusterImpl-afd2179f-99c6-4f80-80f5-ac745fcf97f2/datanode-1/data/ratis/61854d66-f4a9-4e1e-9925-7fee62a0b786
2019-08-23 23:59:07,480 [pool-450-thread-1] INFO  server.RaftServerConfigKeys (ConfUtils.java:logGet(43)) - raft.server.log.queue.byte-limit = 2147483647 (custom)
2019-08-23 23:59:07,480 [pool-450-thread-1] INFO  server.RaftServerConfigKeys (ConfUtils.java:logGet(43)) - raft.server.log.queue.element-limit = 1024 (custom)
2019-08-23 23:59:07,480 [pool-450-thread-1] INFO  server.RaftServerConfigKeys (ConfUtils.java:logGet(43)) - raft.server.log.segment.size.max = 1048576 (custom)
2019-08-23 23:59:07,481 [pool-450-thread-1] INFO  server.RaftServerConfigKeys (ConfUtils.java:logGet(43)) - raft.server.log.preallocated.size = 16384 (custom)
2019-08-23 23:59:07,481 [pool-450-thread-1] INFO  server.RaftServerConfigKeys (ConfUtils.java:logGet(43)) - raft.server.log.write.buffer.size = 33554432 (custom)
2019-08-23 23:59:07,481 [pool-450-thread-1] INFO  server.RaftServerConfigKeys (ConfUtils.java:logGet(43)) - raft.server.log.force.sync.num = 128 (default)
2019-08-23 23:59:07,481 [pool-450-thread-1] INFO  server.RaftServerConfigKeys (ConfUtils.java:logGet(43)) - raft.server.log.statemachine.data.sync = true (default)
2019-08-23 23:59:07,481 [pool-450-thread-1] INFO  server.RaftServerConfigKeys (ConfUtils.java:logGet(43)) - raft.server.log.statemachine.data.sync.timeout = 10s (default)
2019-08-23 23:59:07,481 [pool-450-thread-1] INFO  server.RaftServerConfigKeys (ConfUtils.java:logGet(43)) - raft.server.log.statemachine.data.sync.timeout.retry = -1 (default)
2019-08-23 23:59:07,482 [pool-450-thread-1] INFO  server.RaftServerConfigKeys (ConfUtils.java:logGet(43)) - raft.server.log.statemachine.data.caching.enabled = true (custom)
2019-08-23 23:59:07,482 [pool-450-thread-1] INFO  segmented.SegmentedRaftLogWorker (SegmentedRaftLogWorker.java:lambda$new$0(132)) - ae8d4c35-055f-4407-86e2-4ec1f591227d-SegmentedRaftLogWorker:Storage Directory /workdir/hadoop-ozone/integration-test/target/test-dir/MiniOzoneClusterImpl-afd2179f-99c6-4f80-80f5-ac745fcf97f2/datanode-1/data/ratis/61854d66-f4a9-4e1e-9925-7fee62a0b786: flushIndex: setUnconditionally 0 -> -1
2019-08-23 23:59:07,482 [pool-450-thread-1] INFO  server.RaftServerConfigKeys (ConfUtils.java:logGet(43)) - raft.server.snapshot.auto.trigger.enabled = true (custom)
2019-08-23 23:59:07,482 [pool-450-thread-1] INFO  server.RaftServerConfigKeys (ConfUtils.java:logGet(43)) - raft.server.snapshot.auto.trigger.threshold = 10000 (custom)
2019-08-23 23:59:07,483 [pool-450-thread-1] INFO  server.RaftServerConfigKeys (ConfUtils.java:logGet(43)) - raft.server.retrycache.expirytime = 600000ms (custom)
2019-08-23 23:59:07,483 [pool-450-thread-1] INFO  impl.RaftServerImpl (RaftServerImpl.java:start(180)) - ae8d4c35-055f-4407-86e2-4ec1f591227d: start group-7FEE62A0B786
2019-08-23 23:59:07,483 [pool-450-thread-1] INFO  impl.RaftServerImpl (RaftServerImpl.java:setRole(171)) - ae8d4c35-055f-4407-86e2-4ec1f591227d:group-7FEE62A0B786 changes role from null to FOLLOWER at term 0 for startAsFollower
2019-08-23 23:59:07,483 [pool-450-thread-1] INFO  impl.RoleInfo (RoleInfo.java:updateAndGet(143)) - ae8d4c35-055f-4407-86e2-4ec1f591227d: start FollowerState
2019-08-23 23:59:07,484 [pool-450-thread-1] INFO  util.JmxRegister (JmxRegister.java:tryRegister(44)) - Successfully registered JMX Bean with object name Ratis:service=RaftServer,group=group-7FEE62A0B786,id=ae8d4c35-055f-4407-86e2-4ec1f591227d
2019-08-23 23:59:07,489 [RatisPipelineUtilsThread] INFO  pipeline.PipelineStateManager (PipelineStateManager.java:addPipeline(56)) - Created pipeline Pipeline[ Id: 61854d66-f4a9-4e1e-9925-7fee62a0b786, Nodes: ae8d4c35-055f-4407-86e2-4ec1f591227d{ip: 192.168.34.57, host: pr-hdds-1909-kfjhh-925290811, networkLocation: /default-rack, certSerialId: null}, Type:RATIS, Factor:ONE, State:OPEN]
2019-08-23 23:59:07,606 [main] INFO  ozone.MiniOzoneClusterImpl (MiniOzoneClusterImpl.java:lambda$waitForClusterToBeReady$0(142)) - Waiting for cluster to be ready. Got 2 of 7 DN Heartbeats.
2019-08-23 23:59:07,819 [IPC Server handler 1 on 35013] INFO  net.NetworkTopology (NetworkTopologyImpl.java:add(110)) - Added a new node: /default-rack/b371bb21-e6a8-4036-9b16-438c55cb3ead
2019-08-23 23:59:07,820 [IPC Server handler 1 on 35013] INFO  node.SCMNodeManager (SCMNodeManager.java:register(273)) - Registered Data node : b371bb21-e6a8-4036-9b16-438c55cb3ead{ip: 192.168.34.57, host: pr-hdds-1909-kfjhh-925290811, networkLocation: /default-rack, certSerialId: null}
2019-08-23 23:59:07,824 | INFO  | SCMAudit | user=jenkins1000 | ip=192.168.34.57 | op=REGISTER {datanodeDetails=b371bb21-e6a8-4036-9b16-438c55cb3ead{ip: 192.168.34.57, host: pr-hdds-1909-kfjhh-925290811, networkLocation: /default-rack, certSerialId: null}} | ret=SUCCESS |  
2019-08-23 23:59:07,831 [grpc-default-executor-4] INFO  impl.RaftServerProxy (RaftServerProxy.java:addNew(89)) - b371bb21-e6a8-4036-9b16-438c55cb3ead: addNew group-9C508232263C:[b371bb21-e6a8-4036-9b16-438c55cb3ead:192.168.34.57:32823] returns group-9C508232263C:java.util.concurrent.CompletableFuture@6329ebd8[Not completed]
2019-08-23 23:59:07,833 [pool-461-thread-1] INFO  impl.RaftServerImpl (RaftServerImpl.java:<init>(93)) - b371bb21-e6a8-4036-9b16-438c55cb3ead: new RaftServerImpl for group-9C508232263C:[b371bb21-e6a8-4036-9b16-438c55cb3ead:192.168.34.57:32823] with ContainerStateMachine:uninitialized
2019-08-23 23:59:07,833 [pool-461-thread-1] INFO  server.RaftServerConfigKeys (ConfUtils.java:logGet(43)) - raft.server.rpc.timeout.min = 5s (custom)
2019-08-23 23:59:07,833 [pool-461-thread-1] INFO  server.RaftServerConfigKeys (ConfUtils.java:logGet(43)) - raft.server.rpc.timeout.max = 5200ms (custom)
2019-08-23 23:59:07,833 [pool-461-thread-1] INFO  server.RaftServerConfigKeys (ConfUtils.java:logGet(43)) - raft.server.rpcslowness.timeout = 120s (custom)
2019-08-23 23:59:07,834 [pool-461-thread-1] INFO  server.RaftServerConfigKeys (ConfUtils.java:logGet(43)) - raft.server.sleep.deviation.threshold = 300 (default)
2019-08-23 23:59:07,834 [pool-461-thread-1] INFO  server.RaftServerConfigKeys (ConfUtils.java:logGet(43)) - raft.server.log.appender.install.snapshot.enabled = false (custom)
2019-08-23 23:59:07,834 [pool-461-thread-1] INFO  impl.RaftServerImpl (ServerState.java:<init>(105)) - b371bb21-e6a8-4036-9b16-438c55cb3ead:group-9C508232263C ConfigurationManager, init=-1: [b371bb21-e6a8-4036-9b16-438c55cb3ead:192.168.34.57:32823], old=null, confs=<EMPTY_MAP>
2019-08-23 23:59:07,834 [pool-461-thread-1] INFO  server.RaftServerConfigKeys (ConfUtils.java:logGet(43)) - raft.server.storage.dir = [/workdir/hadoop-ozone/integration-test/target/test-dir/MiniOzoneClusterImpl-afd2179f-99c6-4f80-80f5-ac745fcf97f2/datanode-2/data/ratis] (custom)
2019-08-23 23:59:07,835 [pool-461-thread-1] INFO  storage.RaftStorageDirectory (RaftStorageDirectory.java:analyzeStorage(246)) - The storage directory /workdir/hadoop-ozone/integration-test/target/test-dir/MiniOzoneClusterImpl-afd2179f-99c6-4f80-80f5-ac745fcf97f2/datanode-2/data/ratis/85342470-8446-4185-9ccd-9c508232263c does not exist. Creating ...
2019-08-23 23:59:07,848 [pool-461-thread-1] INFO  storage.RaftStorageDirectory (RaftStorageDirectory.java:tryLock(328)) - Lock on /workdir/hadoop-ozone/integration-test/target/test-dir/MiniOzoneClusterImpl-afd2179f-99c6-4f80-80f5-ac745fcf97f2/datanode-2/data/ratis/85342470-8446-4185-9ccd-9c508232263c/in_use.lock acquired by nodename 11850@pr-hdds-1909-kfjhh-925290811
2019-08-23 23:59:07,876 [pool-461-thread-1] INFO  storage.RaftStorage (RaftStorage.java:format(72)) - Storage directory /workdir/hadoop-ozone/integration-test/target/test-dir/MiniOzoneClusterImpl-afd2179f-99c6-4f80-80f5-ac745fcf97f2/datanode-2/data/ratis/85342470-8446-4185-9ccd-9c508232263c has been successfully formatted.
2019-08-23 23:59:07,877 [pool-461-thread-1] INFO  ratis.ContainerStateMachine (ContainerStateMachine.java:loadSnapshot(226)) - group-9C508232263C: The snapshot info is null. Setting the last applied indexto:(t:0, i:~)
2019-08-23 23:59:07,877 [pool-461-thread-1] INFO  server.RaftServerConfigKeys (ConfUtils.java:logGet(43)) - raft.server.leader.election.timeout = 120s (custom)
2019-08-23 23:59:07,877 [pool-461-thread-1] INFO  server.RaftServerConfigKeys (ConfUtils.java:logGet(43)) - raft.server.log.use.memory = false (default)
2019-08-23 23:59:07,877 [pool-461-thread-1] INFO  server.RaftServerConfigKeys (ConfUtils.java:logGet(43)) - raft.server.log.purge.gap = 1000000 (custom)
2019-08-23 23:59:07,877 [pool-461-thread-1] INFO  server.RaftServerConfigKeys (ConfUtils.java:logGet(43)) - raft.server.log.appender.buffer.byte-limit = 33554432 (custom)
2019-08-23 23:59:07,877 [pool-461-thread-1] INFO  server.RaftServerConfigKeys (ConfUtils.java:logGet(43)) - raft.server.log.segment.size.max = 1048576 (custom)
2019-08-23 23:59:07,878 [pool-461-thread-1] INFO  server.RaftServerConfigKeys (ConfUtils.java:logGet(43)) - raft.server.log.segment.cache.num.max = 2 (custom)
2019-08-23 23:59:07,878 [pool-461-thread-1] INFO  segmented.SegmentedRaftLogWorker (SegmentedRaftLogWorker.java:<init>(172)) - new b371bb21-e6a8-4036-9b16-438c55cb3ead-SegmentedRaftLogWorker:Storage Directory /workdir/hadoop-ozone/integration-test/target/test-dir/MiniOzoneClusterImpl-afd2179f-99c6-4f80-80f5-ac745fcf97f2/datanode-2/data/ratis/85342470-8446-4185-9ccd-9c508232263c for RaftStorage:Storage Directory /workdir/hadoop-ozone/integration-test/target/test-dir/MiniOzoneClusterImpl-afd2179f-99c6-4f80-80f5-ac745fcf97f2/datanode-2/data/ratis/85342470-8446-4185-9ccd-9c508232263c
2019-08-23 23:59:07,878 [pool-461-thread-1] INFO  server.RaftServerConfigKeys (ConfUtils.java:logGet(43)) - raft.server.log.queue.byte-limit = 2147483647 (custom)
2019-08-23 23:59:07,878 [pool-461-thread-1] INFO  server.RaftServerConfigKeys (ConfUtils.java:logGet(43)) - raft.server.log.queue.element-limit = 1024 (custom)
2019-08-23 23:59:07,878 [pool-461-thread-1] INFO  server.RaftServerConfigKeys (ConfUtils.java:logGet(43)) - raft.server.log.segment.size.max = 1048576 (custom)
2019-08-23 23:59:07,879 [pool-461-thread-1] INFO  server.RaftServerConfigKeys (ConfUtils.java:logGet(43)) - raft.server.log.preallocated.size = 16384 (custom)
2019-08-23 23:59:07,879 [pool-461-thread-1] INFO  server.RaftServerConfigKeys (ConfUtils.java:logGet(43)) - raft.server.log.write.buffer.size = 33554432 (custom)
2019-08-23 23:59:07,879 [pool-461-thread-1] INFO  server.RaftServerConfigKeys (ConfUtils.java:logGet(43)) - raft.server.log.force.sync.num = 128 (default)
2019-08-23 23:59:07,879 [pool-461-thread-1] INFO  server.RaftServerConfigKeys (ConfUtils.java:logGet(43)) - raft.server.log.statemachine.data.sync = true (default)
2019-08-23 23:59:07,879 [pool-461-thread-1] INFO  server.RaftServerConfigKeys (ConfUtils.java:logGet(43)) - raft.server.log.statemachine.data.sync.timeout = 10s (default)
2019-08-23 23:59:07,879 [pool-461-thread-1] INFO  server.RaftServerConfigKeys (ConfUtils.java:logGet(43)) - raft.server.log.statemachine.data.sync.timeout.retry = -1 (default)
2019-08-23 23:59:07,880 [pool-461-thread-1] INFO  server.RaftServerConfigKeys (ConfUtils.java:logGet(43)) - raft.server.log.statemachine.data.caching.enabled = true (custom)
2019-08-23 23:59:07,880 [pool-461-thread-1] INFO  segmented.SegmentedRaftLogWorker (SegmentedRaftLogWorker.java:lambda$new$0(132)) - b371bb21-e6a8-4036-9b16-438c55cb3ead-SegmentedRaftLogWorker:Storage Directory /workdir/hadoop-ozone/integration-test/target/test-dir/MiniOzoneClusterImpl-afd2179f-99c6-4f80-80f5-ac745fcf97f2/datanode-2/data/ratis/85342470-8446-4185-9ccd-9c508232263c: flushIndex: setUnconditionally 0 -> -1
2019-08-23 23:59:07,880 [pool-461-thread-1] INFO  server.RaftServerConfigKeys (ConfUtils.java:logGet(43)) - raft.server.snapshot.auto.trigger.enabled = true (custom)
2019-08-23 23:59:07,881 [pool-461-thread-1] INFO  server.RaftServerConfigKeys (ConfUtils.java:logGet(43)) - raft.server.snapshot.auto.trigger.threshold = 10000 (custom)
2019-08-23 23:59:07,881 [pool-461-thread-1] INFO  server.RaftServerConfigKeys (ConfUtils.java:logGet(43)) - raft.server.retrycache.expirytime = 600000ms (custom)
2019-08-23 23:59:07,881 [pool-461-thread-1] INFO  impl.RaftServerImpl (RaftServerImpl.java:start(180)) - b371bb21-e6a8-4036-9b16-438c55cb3ead: start group-9C508232263C
2019-08-23 23:59:07,881 [pool-461-thread-1] INFO  impl.RaftServerImpl (RaftServerImpl.java:setRole(171)) - b371bb21-e6a8-4036-9b16-438c55cb3ead:group-9C508232263C changes role from null to FOLLOWER at term 0 for startAsFollower
2019-08-23 23:59:07,881 [pool-461-thread-1] INFO  impl.RoleInfo (RoleInfo.java:updateAndGet(143)) - b371bb21-e6a8-4036-9b16-438c55cb3ead: start FollowerState
2019-08-23 23:59:07,882 [pool-461-thread-1] INFO  util.JmxRegister (JmxRegister.java:tryRegister(44)) - Successfully registered JMX Bean with object name Ratis:service=RaftServer,group=group-9C508232263C,id=b371bb21-e6a8-4036-9b16-438c55cb3ead
2019-08-23 23:59:07,887 [RatisPipelineUtilsThread] INFO  pipeline.PipelineStateManager (PipelineStateManager.java:addPipeline(56)) - Created pipeline Pipeline[ Id: 85342470-8446-4185-9ccd-9c508232263c, Nodes: b371bb21-e6a8-4036-9b16-438c55cb3ead{ip: 192.168.34.57, host: pr-hdds-1909-kfjhh-925290811, networkLocation: /default-rack, certSerialId: null}, Type:RATIS, Factor:ONE, State:OPEN]
2019-08-23 23:59:07,906 [grpc-default-executor-1] INFO  impl.RaftServerProxy (RaftServerProxy.java:addNew(89)) - b371bb21-e6a8-4036-9b16-438c55cb3ead: addNew group-F9563CA9129C:[1ef69ad4-8e4b-4531-9aa2-a6c5c7c904fa:192.168.34.57:42315, b371bb21-e6a8-4036-9b16-438c55cb3ead:192.168.34.57:32823, ae8d4c35-055f-4407-86e2-4ec1f591227d:192.168.34.57:38373] returns group-F9563CA9129C:java.util.concurrent.CompletableFuture@5e51042b[Not completed]
2019-08-23 23:59:07,906 [grpc-default-executor-4] INFO  impl.RaftServerProxy (RaftServerProxy.java:addNew(89)) - ae8d4c35-055f-4407-86e2-4ec1f591227d: addNew group-F9563CA9129C:[1ef69ad4-8e4b-4531-9aa2-a6c5c7c904fa:192.168.34.57:42315, b371bb21-e6a8-4036-9b16-438c55cb3ead:192.168.34.57:32823, ae8d4c35-055f-4407-86e2-4ec1f591227d:192.168.34.57:38373] returns group-F9563CA9129C:java.util.concurrent.CompletableFuture@1ba6c5b1[Not completed]
2019-08-23 23:59:07,906 [grpc-default-executor-3] INFO  impl.RaftServerProxy (RaftServerProxy.java:addNew(89)) - 1ef69ad4-8e4b-4531-9aa2-a6c5c7c904fa: addNew group-F9563CA9129C:[1ef69ad4-8e4b-4531-9aa2-a6c5c7c904fa:192.168.34.57:42315, b371bb21-e6a8-4036-9b16-438c55cb3ead:192.168.34.57:32823, ae8d4c35-055f-4407-86e2-4ec1f591227d:192.168.34.57:38373] returns group-F9563CA9129C:java.util.concurrent.CompletableFuture@5313ede2[Not completed]
2019-08-23 23:59:07,908 [pool-461-thread-1] INFO  impl.RaftServerImpl (RaftServerImpl.java:<init>(93)) - b371bb21-e6a8-4036-9b16-438c55cb3ead: new RaftServerImpl for group-F9563CA9129C:[1ef69ad4-8e4b-4531-9aa2-a6c5c7c904fa:192.168.34.57:42315, b371bb21-e6a8-4036-9b16-438c55cb3ead:192.168.34.57:32823, ae8d4c35-055f-4407-86e2-4ec1f591227d:192.168.34.57:38373] with ContainerStateMachine:uninitialized
2019-08-23 23:59:07,909 [pool-461-thread-1] INFO  server.RaftServerConfigKeys (ConfUtils.java:logGet(43)) - raft.server.rpc.timeout.min = 5s (custom)
2019-08-23 23:59:07,909 [pool-461-thread-1] INFO  server.RaftServerConfigKeys (ConfUtils.java:logGet(43)) - raft.server.rpc.timeout.max = 5200ms (custom)
2019-08-23 23:59:07,909 [pool-450-thread-1] INFO  impl.RaftServerImpl (RaftServerImpl.java:<init>(93)) - ae8d4c35-055f-4407-86e2-4ec1f591227d: new RaftServerImpl for group-F9563CA9129C:[1ef69ad4-8e4b-4531-9aa2-a6c5c7c904fa:192.168.34.57:42315, b371bb21-e6a8-4036-9b16-438c55cb3ead:192.168.34.57:32823, ae8d4c35-055f-4407-86e2-4ec1f591227d:192.168.34.57:38373] with ContainerStateMachine:uninitialized
2019-08-23 23:59:07,909 [pool-461-thread-1] INFO  server.RaftServerConfigKeys (ConfUtils.java:logGet(43)) - raft.server.rpcslowness.timeout = 120s (custom)
2019-08-23 23:59:07,909 [pool-450-thread-1] INFO  server.RaftServerConfigKeys (ConfUtils.java:logGet(43)) - raft.server.rpc.timeout.min = 5s (custom)
2019-08-23 23:59:07,909 [pool-461-thread-1] INFO  server.RaftServerConfigKeys (ConfUtils.java:logGet(43)) - raft.server.sleep.deviation.threshold = 300 (default)
2019-08-23 23:59:07,910 [pool-439-thread-1] INFO  impl.RaftServerImpl (RaftServerImpl.java:<init>(93)) - 1ef69ad4-8e4b-4531-9aa2-a6c5c7c904fa: new RaftServerImpl for group-F9563CA9129C:[1ef69ad4-8e4b-4531-9aa2-a6c5c7c904fa:192.168.34.57:42315, b371bb21-e6a8-4036-9b16-438c55cb3ead:192.168.34.57:32823, ae8d4c35-055f-4407-86e2-4ec1f591227d:192.168.34.57:38373] with ContainerStateMachine:uninitialized
2019-08-23 23:59:07,910 [pool-450-thread-1] INFO  server.RaftServerConfigKeys (ConfUtils.java:logGet(43)) - raft.server.rpc.timeout.max = 5200ms (custom)
2019-08-23 23:59:07,910 [pool-439-thread-1] INFO  server.RaftServerConfigKeys (ConfUtils.java:logGet(43)) - raft.server.rpc.timeout.min = 5s (custom)
2019-08-23 23:59:07,910 [pool-461-thread-1] INFO  server.RaftServerConfigKeys (ConfUtils.java:logGet(43)) - raft.server.log.appender.install.snapshot.enabled = false (custom)
2019-08-23 23:59:07,910 [pool-439-thread-1] INFO  server.RaftServerConfigKeys (ConfUtils.java:logGet(43)) - raft.server.rpc.timeout.max = 5200ms (custom)
2019-08-23 23:59:07,911 [pool-439-thread-1] INFO  server.RaftServerConfigKeys (ConfUtils.java:logGet(43)) - raft.server.rpcslowness.timeout = 120s (custom)
2019-08-23 23:59:07,910 [pool-450-thread-1] INFO  server.RaftServerConfigKeys (ConfUtils.java:logGet(43)) - raft.server.rpcslowness.timeout = 120s (custom)
2019-08-23 23:59:07,911 [pool-439-thread-1] INFO  server.RaftServerConfigKeys (ConfUtils.java:logGet(43)) - raft.server.sleep.deviation.threshold = 300 (default)
2019-08-23 23:59:07,910 [pool-461-thread-1] INFO  impl.RaftServerImpl (ServerState.java:<init>(105)) - b371bb21-e6a8-4036-9b16-438c55cb3ead:group-F9563CA9129C ConfigurationManager, init=-1: [1ef69ad4-8e4b-4531-9aa2-a6c5c7c904fa:192.168.34.57:42315, b371bb21-e6a8-4036-9b16-438c55cb3ead:192.168.34.57:32823, ae8d4c35-055f-4407-86e2-4ec1f591227d:192.168.34.57:38373], old=null, confs=<EMPTY_MAP>
2019-08-23 23:59:07,911 [pool-439-thread-1] INFO  server.RaftServerConfigKeys (ConfUtils.java:logGet(43)) - raft.server.log.appender.install.snapshot.enabled = false (custom)
2019-08-23 23:59:07,911 [pool-450-thread-1] INFO  server.RaftServerConfigKeys (ConfUtils.java:logGet(43)) - raft.server.sleep.deviation.threshold = 300 (default)
2019-08-23 23:59:07,911 [pool-439-thread-1] INFO  impl.RaftServerImpl (ServerState.java:<init>(105)) - 1ef69ad4-8e4b-4531-9aa2-a6c5c7c904fa:group-F9563CA9129C ConfigurationManager, init=-1: [1ef69ad4-8e4b-4531-9aa2-a6c5c7c904fa:192.168.34.57:42315, b371bb21-e6a8-4036-9b16-438c55cb3ead:192.168.34.57:32823, ae8d4c35-055f-4407-86e2-4ec1f591227d:192.168.34.57:38373], old=null, confs=<EMPTY_MAP>
2019-08-23 23:59:07,911 [pool-461-thread-1] INFO  server.RaftServerConfigKeys (ConfUtils.java:logGet(43)) - raft.server.storage.dir = [/workdir/hadoop-ozone/integration-test/target/test-dir/MiniOzoneClusterImpl-afd2179f-99c6-4f80-80f5-ac745fcf97f2/datanode-2/data/ratis] (custom)
2019-08-23 23:59:07,912 [pool-439-thread-1] INFO  server.RaftServerConfigKeys (ConfUtils.java:logGet(43)) - raft.server.storage.dir = [/workdir/hadoop-ozone/integration-test/target/test-dir/MiniOzoneClusterImpl-afd2179f-99c6-4f80-80f5-ac745fcf97f2/datanode-0/data/ratis] (custom)
2019-08-23 23:59:07,911 [pool-450-thread-1] INFO  server.RaftServerConfigKeys (ConfUtils.java:logGet(43)) - raft.server.log.appender.install.snapshot.enabled = false (custom)
2019-08-23 23:59:07,912 [pool-450-thread-1] INFO  impl.RaftServerImpl (ServerState.java:<init>(105)) - ae8d4c35-055f-4407-86e2-4ec1f591227d:group-F9563CA9129C ConfigurationManager, init=-1: [1ef69ad4-8e4b-4531-9aa2-a6c5c7c904fa:192.168.34.57:42315, b371bb21-e6a8-4036-9b16-438c55cb3ead:192.168.34.57:32823, ae8d4c35-055f-4407-86e2-4ec1f591227d:192.168.34.57:38373], old=null, confs=<EMPTY_MAP>
2019-08-23 23:59:07,912 [pool-450-thread-1] INFO  server.RaftServerConfigKeys (ConfUtils.java:logGet(43)) - raft.server.storage.dir = [/workdir/hadoop-ozone/integration-test/target/test-dir/MiniOzoneClusterImpl-afd2179f-99c6-4f80-80f5-ac745fcf97f2/datanode-1/data/ratis] (custom)
2019-08-23 23:59:07,912 [pool-461-thread-1] INFO  storage.RaftStorageDirectory (RaftStorageDirectory.java:analyzeStorage(246)) - The storage directory /workdir/hadoop-ozone/integration-test/target/test-dir/MiniOzoneClusterImpl-afd2179f-99c6-4f80-80f5-ac745fcf97f2/datanode-2/data/ratis/333babfa-cd5f-487a-a66e-f9563ca9129c does not exist. Creating ...
2019-08-23 23:59:07,912 [pool-439-thread-1] INFO  storage.RaftStorageDirectory (RaftStorageDirectory.java:analyzeStorage(246)) - The storage directory /workdir/hadoop-ozone/integration-test/target/test-dir/MiniOzoneClusterImpl-afd2179f-99c6-4f80-80f5-ac745fcf97f2/datanode-0/data/ratis/333babfa-cd5f-487a-a66e-f9563ca9129c does not exist. Creating ...
2019-08-23 23:59:07,913 [pool-450-thread-1] INFO  storage.RaftStorageDirectory (RaftStorageDirectory.java:analyzeStorage(246)) - The storage directory /workdir/hadoop-ozone/integration-test/target/test-dir/MiniOzoneClusterImpl-afd2179f-99c6-4f80-80f5-ac745fcf97f2/datanode-1/data/ratis/333babfa-cd5f-487a-a66e-f9563ca9129c does not exist. Creating ...
2019-08-23 23:59:07,925 [pool-450-thread-1] INFO  storage.RaftStorageDirectory (RaftStorageDirectory.java:tryLock(328)) - Lock on /workdir/hadoop-ozone/integration-test/target/test-dir/MiniOzoneClusterImpl-afd2179f-99c6-4f80-80f5-ac745fcf97f2/datanode-1/data/ratis/333babfa-cd5f-487a-a66e-f9563ca9129c/in_use.lock acquired by nodename 11850@pr-hdds-1909-kfjhh-925290811
2019-08-23 23:59:07,926 [pool-461-thread-1] INFO  storage.RaftStorageDirectory (RaftStorageDirectory.java:tryLock(328)) - Lock on /workdir/hadoop-ozone/integration-test/target/test-dir/MiniOzoneClusterImpl-afd2179f-99c6-4f80-80f5-ac745fcf97f2/datanode-2/data/ratis/333babfa-cd5f-487a-a66e-f9563ca9129c/in_use.lock acquired by nodename 11850@pr-hdds-1909-kfjhh-925290811
2019-08-23 23:59:07,925 [pool-439-thread-1] INFO  storage.RaftStorageDirectory (RaftStorageDirectory.java:tryLock(328)) - Lock on /workdir/hadoop-ozone/integration-test/target/test-dir/MiniOzoneClusterImpl-afd2179f-99c6-4f80-80f5-ac745fcf97f2/datanode-0/data/ratis/333babfa-cd5f-487a-a66e-f9563ca9129c/in_use.lock acquired by nodename 11850@pr-hdds-1909-kfjhh-925290811
2019-08-23 23:59:07,939 [pool-450-thread-1] INFO  storage.RaftStorage (RaftStorage.java:format(72)) - Storage directory /workdir/hadoop-ozone/integration-test/target/test-dir/MiniOzoneClusterImpl-afd2179f-99c6-4f80-80f5-ac745fcf97f2/datanode-1/data/ratis/333babfa-cd5f-487a-a66e-f9563ca9129c has been successfully formatted.
2019-08-23 23:59:07,939 [pool-439-thread-1] INFO  storage.RaftStorage (RaftStorage.java:format(72)) - Storage directory /workdir/hadoop-ozone/integration-test/target/test-dir/MiniOzoneClusterImpl-afd2179f-99c6-4f80-80f5-ac745fcf97f2/datanode-0/data/ratis/333babfa-cd5f-487a-a66e-f9563ca9129c has been successfully formatted.
2019-08-23 23:59:07,939 [pool-461-thread-1] INFO  storage.RaftStorage (RaftStorage.java:format(72)) - Storage directory /workdir/hadoop-ozone/integration-test/target/test-dir/MiniOzoneClusterImpl-afd2179f-99c6-4f80-80f5-ac745fcf97f2/datanode-2/data/ratis/333babfa-cd5f-487a-a66e-f9563ca9129c has been successfully formatted.
2019-08-23 23:59:07,940 [pool-439-thread-1] INFO  ratis.ContainerStateMachine (ContainerStateMachine.java:loadSnapshot(226)) - group-F9563CA9129C: The snapshot info is null. Setting the last applied indexto:(t:0, i:~)
2019-08-23 23:59:07,940 [pool-461-thread-1] INFO  ratis.ContainerStateMachine (ContainerStateMachine.java:loadSnapshot(226)) - group-F9563CA9129C: The snapshot info is null. Setting the last applied indexto:(t:0, i:~)
2019-08-23 23:59:07,940 [pool-450-thread-1] INFO  ratis.ContainerStateMachine (ContainerStateMachine.java:loadSnapshot(226)) - group-F9563CA9129C: The snapshot info is null. Setting the last applied indexto:(t:0, i:~)
2019-08-23 23:59:07,940 [pool-439-thread-1] INFO  server.RaftServerConfigKeys (ConfUtils.java:logGet(43)) - raft.server.leader.election.timeout = 120s (custom)
2019-08-23 23:59:07,940 [pool-450-thread-1] INFO  server.RaftServerConfigKeys (ConfUtils.java:logGet(43)) - raft.server.leader.election.timeout = 120s (custom)
2019-08-23 23:59:07,940 [pool-461-thread-1] INFO  server.RaftServerConfigKeys (ConfUtils.java:logGet(43)) - raft.server.leader.election.timeout = 120s (custom)
2019-08-23 23:59:07,940 [pool-450-thread-1] INFO  server.RaftServerConfigKeys (ConfUtils.java:logGet(43)) - raft.server.log.use.memory = false (default)
2019-08-23 23:59:07,940 [pool-439-thread-1] INFO  server.RaftServerConfigKeys (ConfUtils.java:logGet(43)) - raft.server.log.use.memory = false (default)
2019-08-23 23:59:07,941 [pool-450-thread-1] INFO  server.RaftServerConfigKeys (ConfUtils.java:logGet(43)) - raft.server.log.purge.gap = 1000000 (custom)
2019-08-23 23:59:07,941 [pool-461-thread-1] INFO  server.RaftServerConfigKeys (ConfUtils.java:logGet(43)) - raft.server.log.use.memory = false (default)
2019-08-23 23:59:07,941 [pool-450-thread-1] INFO  server.RaftServerConfigKeys (ConfUtils.java:logGet(43)) - raft.server.log.appender.buffer.byte-limit = 33554432 (custom)
2019-08-23 23:59:07,941 [pool-439-thread-1] INFO  server.RaftServerConfigKeys (ConfUtils.java:logGet(43)) - raft.server.log.purge.gap = 1000000 (custom)
2019-08-23 23:59:07,941 [pool-450-thread-1] INFO  server.RaftServerConfigKeys (ConfUtils.java:logGet(43)) - raft.server.log.segment.size.max = 1048576 (custom)
2019-08-23 23:59:07,941 [pool-461-thread-1] INFO  server.RaftServerConfigKeys (ConfUtils.java:logGet(43)) - raft.server.log.purge.gap = 1000000 (custom)
2019-08-23 23:59:07,942 [pool-450-thread-1] INFO  server.RaftServerConfigKeys (ConfUtils.java:logGet(43)) - raft.server.log.segment.cache.num.max = 2 (custom)
2019-08-23 23:59:07,942 [pool-439-thread-1] INFO  server.RaftServerConfigKeys (ConfUtils.java:logGet(43)) - raft.server.log.appender.buffer.byte-limit = 33554432 (custom)
2019-08-23 23:59:07,942 [pool-450-thread-1] INFO  segmented.SegmentedRaftLogWorker (SegmentedRaftLogWorker.java:<init>(172)) - new ae8d4c35-055f-4407-86e2-4ec1f591227d-SegmentedRaftLogWorker:Storage Directory /workdir/hadoop-ozone/integration-test/target/test-dir/MiniOzoneClusterImpl-afd2179f-99c6-4f80-80f5-ac745fcf97f2/datanode-1/data/ratis/333babfa-cd5f-487a-a66e-f9563ca9129c for RaftStorage:Storage Directory /workdir/hadoop-ozone/integration-test/target/test-dir/MiniOzoneClusterImpl-afd2179f-99c6-4f80-80f5-ac745fcf97f2/datanode-1/data/ratis/333babfa-cd5f-487a-a66e-f9563ca9129c
2019-08-23 23:59:07,942 [pool-461-thread-1] INFO  server.RaftServerConfigKeys (ConfUtils.java:logGet(43)) - raft.server.log.appender.buffer.byte-limit = 33554432 (custom)
2019-08-23 23:59:07,942 [pool-450-thread-1] INFO  server.RaftServerConfigKeys (ConfUtils.java:logGet(43)) - raft.server.log.queue.byte-limit = 2147483647 (custom)
2019-08-23 23:59:07,942 [pool-439-thread-1] INFO  server.RaftServerConfigKeys (ConfUtils.java:logGet(43)) - raft.server.log.segment.size.max = 1048576 (custom)
2019-08-23 23:59:07,942 [pool-450-thread-1] INFO  server.RaftServerConfigKeys (ConfUtils.java:logGet(43)) - raft.server.log.queue.element-limit = 1024 (custom)
2019-08-23 23:59:07,942 [pool-461-thread-1] INFO  server.RaftServerConfigKeys (ConfUtils.java:logGet(43)) - raft.server.log.segment.size.max = 1048576 (custom)
2019-08-23 23:59:07,943 [pool-450-thread-1] INFO  server.RaftServerConfigKeys (ConfUtils.java:logGet(43)) - raft.server.log.segment.size.max = 1048576 (custom)
2019-08-23 23:59:07,943 [pool-439-thread-1] INFO  server.RaftServerConfigKeys (ConfUtils.java:logGet(43)) - raft.server.log.segment.cache.num.max = 2 (custom)
2019-08-23 23:59:07,943 [pool-450-thread-1] INFO  server.RaftServerConfigKeys (ConfUtils.java:logGet(43)) - raft.server.log.preallocated.size = 16384 (custom)
2019-08-23 23:59:07,943 [pool-461-thread-1] INFO  server.RaftServerConfigKeys (ConfUtils.java:logGet(43)) - raft.server.log.segment.cache.num.max = 2 (custom)
2019-08-23 23:59:07,943 [pool-450-thread-1] INFO  server.RaftServerConfigKeys (ConfUtils.java:logGet(43)) - raft.server.log.write.buffer.size = 33554432 (custom)
2019-08-23 23:59:07,943 [pool-439-thread-1] INFO  segmented.SegmentedRaftLogWorker (SegmentedRaftLogWorker.java:<init>(172)) - new 1ef69ad4-8e4b-4531-9aa2-a6c5c7c904fa-SegmentedRaftLogWorker:Storage Directory /workdir/hadoop-ozone/integration-test/target/test-dir/MiniOzoneClusterImpl-afd2179f-99c6-4f80-80f5-ac745fcf97f2/datanode-0/data/ratis/333babfa-cd5f-487a-a66e-f9563ca9129c for RaftStorage:Storage Directory /workdir/hadoop-ozone/integration-test/target/test-dir/MiniOzoneClusterImpl-afd2179f-99c6-4f80-80f5-ac745fcf97f2/datanode-0/data/ratis/333babfa-cd5f-487a-a66e-f9563ca9129c
2019-08-23 23:59:07,943 [pool-450-thread-1] INFO  server.RaftServerConfigKeys (ConfUtils.java:logGet(43)) - raft.server.log.force.sync.num = 128 (default)
2019-08-23 23:59:07,944 [pool-450-thread-1] INFO  server.RaftServerConfigKeys (ConfUtils.java:logGet(43)) - raft.server.log.statemachine.data.sync = true (default)
2019-08-23 23:59:07,943 [pool-461-thread-1] INFO  segmented.SegmentedRaftLogWorker (SegmentedRaftLogWorker.java:<init>(172)) - new b371bb21-e6a8-4036-9b16-438c55cb3ead-SegmentedRaftLogWorker:Storage Directory /workdir/hadoop-ozone/integration-test/target/test-dir/MiniOzoneClusterImpl-afd2179f-99c6-4f80-80f5-ac745fcf97f2/datanode-2/data/ratis/333babfa-cd5f-487a-a66e-f9563ca9129c for RaftStorage:Storage Directory /workdir/hadoop-ozone/integration-test/target/test-dir/MiniOzoneClusterImpl-afd2179f-99c6-4f80-80f5-ac745fcf97f2/datanode-2/data/ratis/333babfa-cd5f-487a-a66e-f9563ca9129c
2019-08-23 23:59:07,944 [pool-450-thread-1] INFO  server.RaftServerConfigKeys (ConfUtils.java:logGet(43)) - raft.server.log.statemachine.data.sync.timeout = 10s (default)
2019-08-23 23:59:07,944 [pool-439-thread-1] INFO  server.RaftServerConfigKeys (ConfUtils.java:logGet(43)) - raft.server.log.queue.byte-limit = 2147483647 (custom)
2019-08-23 23:59:07,944 [pool-450-thread-1] INFO  server.RaftServerConfigKeys (ConfUtils.java:logGet(43)) - raft.server.log.statemachine.data.sync.timeout.retry = -1 (default)
2019-08-23 23:59:07,944 [pool-461-thread-1] INFO  server.RaftServerConfigKeys (ConfUtils.java:logGet(43)) - raft.server.log.queue.byte-limit = 2147483647 (custom)
2019-08-23 23:59:07,944 [pool-450-thread-1] INFO  server.RaftServerConfigKeys (ConfUtils.java:logGet(43)) - raft.server.log.statemachine.data.caching.enabled = true (custom)
2019-08-23 23:59:07,944 [pool-439-thread-1] INFO  server.RaftServerConfigKeys (ConfUtils.java:logGet(43)) - raft.server.log.queue.element-limit = 1024 (custom)
2019-08-23 23:59:07,944 [pool-461-thread-1] INFO  server.RaftServerConfigKeys (ConfUtils.java:logGet(43)) - raft.server.log.queue.element-limit = 1024 (custom)
2019-08-23 23:59:07,945 [pool-450-thread-1] INFO  segmented.SegmentedRaftLogWorker (SegmentedRaftLogWorker.java:lambda$new$0(132)) - ae8d4c35-055f-4407-86e2-4ec1f591227d-SegmentedRaftLogWorker:Storage Directory /workdir/hadoop-ozone/integration-test/target/test-dir/MiniOzoneClusterImpl-afd2179f-99c6-4f80-80f5-ac745fcf97f2/datanode-1/data/ratis/333babfa-cd5f-487a-a66e-f9563ca9129c: flushIndex: setUnconditionally 0 -> -1
2019-08-23 23:59:07,945 [pool-439-thread-1] INFO  server.RaftServerConfigKeys (ConfUtils.java:logGet(43)) - raft.server.log.segment.size.max = 1048576 (custom)
2019-08-23 23:59:07,945 [pool-439-thread-1] INFO  server.RaftServerConfigKeys (ConfUtils.java:logGet(43)) - raft.server.log.preallocated.size = 16384 (custom)
2019-08-23 23:59:07,945 [pool-461-thread-1] INFO  server.RaftServerConfigKeys (ConfUtils.java:logGet(43)) - raft.server.log.segment.size.max = 1048576 (custom)
2019-08-23 23:59:07,945 [pool-439-thread-1] INFO  server.RaftServerConfigKeys (ConfUtils.java:logGet(43)) - raft.server.log.write.buffer.size = 33554432 (custom)
2019-08-23 23:59:07,945 [pool-450-thread-1] INFO  server.RaftServerConfigKeys (ConfUtils.java:logGet(43)) - raft.server.snapshot.auto.trigger.enabled = true (custom)
2019-08-23 23:59:07,946 [pool-439-thread-1] INFO  server.RaftServerConfigKeys (ConfUtils.java:logGet(43)) - raft.server.log.force.sync.num = 128 (default)
2019-08-23 23:59:07,946 [pool-461-thread-1] INFO  server.RaftServerConfigKeys (ConfUtils.java:logGet(43)) - raft.server.log.preallocated.size = 16384 (custom)
2019-08-23 23:59:07,946 [pool-439-thread-1] INFO  server.RaftServerConfigKeys (ConfUtils.java:logGet(43)) - raft.server.log.statemachine.data.sync = true (default)
2019-08-23 23:59:07,946 [pool-450-thread-1] INFO  server.RaftServerConfigKeys (ConfUtils.java:logGet(43)) - raft.server.snapshot.auto.trigger.threshold = 10000 (custom)
2019-08-23 23:59:07,946 [pool-439-thread-1] INFO  server.RaftServerConfigKeys (ConfUtils.java:logGet(43)) - raft.server.log.statemachine.data.sync.timeout = 10s (default)
2019-08-23 23:59:07,946 [pool-461-thread-1] INFO  server.RaftServerConfigKeys (ConfUtils.java:logGet(43)) - raft.server.log.write.buffer.size = 33554432 (custom)
2019-08-23 23:59:07,947 [pool-439-thread-1] INFO  server.RaftServerConfigKeys (ConfUtils.java:logGet(43)) - raft.server.log.statemachine.data.sync.timeout.retry = -1 (default)
2019-08-23 23:59:07,946 [pool-450-thread-1] INFO  server.RaftServerConfigKeys (ConfUtils.java:logGet(43)) - raft.server.retrycache.expirytime = 600000ms (custom)
2019-08-23 23:59:07,947 [pool-439-thread-1] INFO  server.RaftServerConfigKeys (ConfUtils.java:logGet(43)) - raft.server.log.statemachine.data.caching.enabled = true (custom)
2019-08-23 23:59:07,947 [pool-461-thread-1] INFO  server.RaftServerConfigKeys (ConfUtils.java:logGet(43)) - raft.server.log.force.sync.num = 128 (default)
2019-08-23 23:59:07,947 [pool-439-thread-1] INFO  segmented.SegmentedRaftLogWorker (SegmentedRaftLogWorker.java:lambda$new$0(132)) - 1ef69ad4-8e4b-4531-9aa2-a6c5c7c904fa-SegmentedRaftLogWorker:Storage Directory /workdir/hadoop-ozone/integration-test/target/test-dir/MiniOzoneClusterImpl-afd2179f-99c6-4f80-80f5-ac745fcf97f2/datanode-0/data/ratis/333babfa-cd5f-487a-a66e-f9563ca9129c: flushIndex: setUnconditionally 0 -> -1
2019-08-23 23:59:07,947 [pool-450-thread-1] INFO  impl.RaftServerImpl (RaftServerImpl.java:start(180)) - ae8d4c35-055f-4407-86e2-4ec1f591227d: start group-F9563CA9129C
2019-08-23 23:59:07,947 [pool-461-thread-1] INFO  server.RaftServerConfigKeys (ConfUtils.java:logGet(43)) - raft.server.log.statemachine.data.sync = true (default)
2019-08-23 23:59:07,948 [pool-439-thread-1] INFO  server.RaftServerConfigKeys (ConfUtils.java:logGet(43)) - raft.server.snapshot.auto.trigger.enabled = true (custom)
2019-08-23 23:59:07,948 [pool-450-thread-1] INFO  impl.RaftServerImpl (RaftServerImpl.java:setRole(171)) - ae8d4c35-055f-4407-86e2-4ec1f591227d:group-F9563CA9129C changes role from null to FOLLOWER at term 0 for startAsFollower
2019-08-23 23:59:07,948 [pool-439-thread-1] INFO  server.RaftServerConfigKeys (ConfUtils.java:logGet(43)) - raft.server.snapshot.auto.trigger.threshold = 10000 (custom)
2019-08-23 23:59:07,948 [pool-461-thread-1] INFO  server.RaftServerConfigKeys (ConfUtils.java:logGet(43)) - raft.server.log.statemachine.data.sync.timeout = 10s (default)
2019-08-23 23:59:07,948 [pool-439-thread-1] INFO  server.RaftServerConfigKeys (ConfUtils.java:logGet(43)) - raft.server.retrycache.expirytime = 600000ms (custom)
2019-08-23 23:59:07,948 [pool-450-thread-1] INFO  impl.RoleInfo (RoleInfo.java:updateAndGet(143)) - ae8d4c35-055f-4407-86e2-4ec1f591227d: start FollowerState
2019-08-23 23:59:07,949 [pool-439-thread-1] INFO  impl.RaftServerImpl (RaftServerImpl.java:start(180)) - 1ef69ad4-8e4b-4531-9aa2-a6c5c7c904fa: start group-F9563CA9129C
2019-08-23 23:59:07,948 [pool-461-thread-1] INFO  server.RaftServerConfigKeys (ConfUtils.java:logGet(43)) - raft.server.log.statemachine.data.sync.timeout.retry = -1 (default)
2019-08-23 23:59:07,971 [pool-450-thread-1] INFO  util.JmxRegister (JmxRegister.java:tryRegister(44)) - Successfully registered JMX Bean with object name Ratis:service=RaftServer,group=group-F9563CA9129C,id=ae8d4c35-055f-4407-86e2-4ec1f591227d
2019-08-23 23:59:07,949 [pool-439-thread-1] INFO  impl.RaftServerImpl (RaftServerImpl.java:setRole(171)) - 1ef69ad4-8e4b-4531-9aa2-a6c5c7c904fa:group-F9563CA9129C changes role from null to FOLLOWER at term 0 for startAsFollower
2019-08-23 23:59:07,971 [pool-461-thread-1] INFO  server.RaftServerConfigKeys (ConfUtils.java:logGet(43)) - raft.server.log.statemachine.data.caching.enabled = true (custom)
2019-08-23 23:59:07,971 [pool-439-thread-1] INFO  impl.RoleInfo (RoleInfo.java:updateAndGet(143)) - 1ef69ad4-8e4b-4531-9aa2-a6c5c7c904fa: start FollowerState
2019-08-23 23:59:07,979 [pool-461-thread-1] INFO  segmented.SegmentedRaftLogWorker (SegmentedRaftLogWorker.java:lambda$new$0(132)) - b371bb21-e6a8-4036-9b16-438c55cb3ead-SegmentedRaftLogWorker:Storage Directory /workdir/hadoop-ozone/integration-test/target/test-dir/MiniOzoneClusterImpl-afd2179f-99c6-4f80-80f5-ac745fcf97f2/datanode-2/data/ratis/333babfa-cd5f-487a-a66e-f9563ca9129c: flushIndex: setUnconditionally 0 -> -1
2019-08-23 23:59:07,979 [pool-439-thread-1] INFO  util.JmxRegister (JmxRegister.java:tryRegister(44)) - Successfully registered JMX Bean with object name Ratis:service=RaftServer,group=group-F9563CA9129C,id=1ef69ad4-8e4b-4531-9aa2-a6c5c7c904fa
2019-08-23 23:59:07,979 [pool-461-thread-1] INFO  server.RaftServerConfigKeys (ConfUtils.java:logGet(43)) - raft.server.snapshot.auto.trigger.enabled = true (custom)
2019-08-23 23:59:07,980 [pool-461-thread-1] INFO  server.RaftServerConfigKeys (ConfUtils.java:logGet(43)) - raft.server.snapshot.auto.trigger.threshold = 10000 (custom)
2019-08-23 23:59:07,980 [pool-461-thread-1] INFO  server.RaftServerConfigKeys (ConfUtils.java:logGet(43)) - raft.server.retrycache.expirytime = 600000ms (custom)
2019-08-23 23:59:07,980 [pool-461-thread-1] INFO  impl.RaftServerImpl (RaftServerImpl.java:start(180)) - b371bb21-e6a8-4036-9b16-438c55cb3ead: start group-F9563CA9129C
2019-08-23 23:59:07,983 [pool-461-thread-1] INFO  impl.RaftServerImpl (RaftServerImpl.java:setRole(171)) - b371bb21-e6a8-4036-9b16-438c55cb3ead:group-F9563CA9129C changes role from null to FOLLOWER at term 0 for startAsFollower
2019-08-23 23:59:07,985 [pool-461-thread-1] INFO  impl.RoleInfo (RoleInfo.java:updateAndGet(143)) - b371bb21-e6a8-4036-9b16-438c55cb3ead: start FollowerState
2019-08-23 23:59:07,985 [pool-461-thread-1] INFO  util.JmxRegister (JmxRegister.java:tryRegister(44)) - Successfully registered JMX Bean with object name Ratis:service=RaftServer,group=group-F9563CA9129C,id=b371bb21-e6a8-4036-9b16-438c55cb3ead
2019-08-23 23:59:07,990 [RatisPipelineUtilsThread] INFO  pipeline.PipelineStateManager (PipelineStateManager.java:addPipeline(56)) - Created pipeline Pipeline[ Id: 333babfa-cd5f-487a-a66e-f9563ca9129c, Nodes: b371bb21-e6a8-4036-9b16-438c55cb3ead{ip: 192.168.34.57, host: pr-hdds-1909-kfjhh-925290811, networkLocation: /default-rack, certSerialId: null}1ef69ad4-8e4b-4531-9aa2-a6c5c7c904fa{ip: 192.168.34.57, host: pr-hdds-1909-kfjhh-925290811, networkLocation: /default-rack, certSerialId: null}ae8d4c35-055f-4407-86e2-4ec1f591227d{ip: 192.168.34.57, host: pr-hdds-1909-kfjhh-925290811, networkLocation: /default-rack, certSerialId: null}, Type:RATIS, Factor:THREE, State:OPEN]
2019-08-23 23:59:08,026 [IPC Server handler 2 on 35013] INFO  net.NetworkTopology (NetworkTopologyImpl.java:add(110)) - Added a new node: /default-rack/3d5eb9b2-a9f4-4243-a2dd-02e0a570989c
2019-08-23 23:59:08,027 [IPC Server handler 2 on 35013] INFO  node.SCMNodeManager (SCMNodeManager.java:register(273)) - Registered Data node : 3d5eb9b2-a9f4-4243-a2dd-02e0a570989c{ip: 192.168.34.57, host: pr-hdds-1909-kfjhh-925290811, networkLocation: /default-rack, certSerialId: null}
2019-08-23 23:59:08,027 | INFO  | SCMAudit | user=jenkins1000 | ip=192.168.34.57 | op=REGISTER {datanodeDetails=3d5eb9b2-a9f4-4243-a2dd-02e0a570989c{ip: 192.168.34.57, host: pr-hdds-1909-kfjhh-925290811, networkLocation: /default-rack, certSerialId: null}} | ret=SUCCESS |  
2019-08-23 23:59:08,033 [grpc-default-executor-3] INFO  impl.RaftServerProxy (RaftServerProxy.java:addNew(89)) - 3d5eb9b2-a9f4-4243-a2dd-02e0a570989c: addNew group-276A26C10A6F:[3d5eb9b2-a9f4-4243-a2dd-02e0a570989c:192.168.34.57:35645] returns group-276A26C10A6F:java.util.concurrent.CompletableFuture@64d47c46[Not completed]
2019-08-23 23:59:08,034 [pool-472-thread-1] INFO  impl.RaftServerImpl (RaftServerImpl.java:<init>(93)) - 3d5eb9b2-a9f4-4243-a2dd-02e0a570989c: new RaftServerImpl for group-276A26C10A6F:[3d5eb9b2-a9f4-4243-a2dd-02e0a570989c:192.168.34.57:35645] with ContainerStateMachine:uninitialized
2019-08-23 23:59:08,035 [pool-472-thread-1] INFO  server.RaftServerConfigKeys (ConfUtils.java:logGet(43)) - raft.server.rpc.timeout.min = 5s (custom)
2019-08-23 23:59:08,035 [pool-472-thread-1] INFO  server.RaftServerConfigKeys (ConfUtils.java:logGet(43)) - raft.server.rpc.timeout.max = 5200ms (custom)
2019-08-23 23:59:08,035 [pool-472-thread-1] INFO  server.RaftServerConfigKeys (ConfUtils.java:logGet(43)) - raft.server.rpcslowness.timeout = 120s (custom)
2019-08-23 23:59:08,035 [pool-472-thread-1] INFO  server.RaftServerConfigKeys (ConfUtils.java:logGet(43)) - raft.server.sleep.deviation.threshold = 300 (default)
2019-08-23 23:59:08,035 [pool-472-thread-1] INFO  server.RaftServerConfigKeys (ConfUtils.java:logGet(43)) - raft.server.log.appender.install.snapshot.enabled = false (custom)
2019-08-23 23:59:08,035 [pool-472-thread-1] INFO  impl.RaftServerImpl (ServerState.java:<init>(105)) - 3d5eb9b2-a9f4-4243-a2dd-02e0a570989c:group-276A26C10A6F ConfigurationManager, init=-1: [3d5eb9b2-a9f4-4243-a2dd-02e0a570989c:192.168.34.57:35645], old=null, confs=<EMPTY_MAP>
2019-08-23 23:59:08,036 [pool-472-thread-1] INFO  server.RaftServerConfigKeys (ConfUtils.java:logGet(43)) - raft.server.storage.dir = [/workdir/hadoop-ozone/integration-test/target/test-dir/MiniOzoneClusterImpl-afd2179f-99c6-4f80-80f5-ac745fcf97f2/datanode-3/data/ratis] (custom)
2019-08-23 23:59:08,036 [pool-472-thread-1] INFO  storage.RaftStorageDirectory (RaftStorageDirectory.java:analyzeStorage(246)) - The storage directory /workdir/hadoop-ozone/integration-test/target/test-dir/MiniOzoneClusterImpl-afd2179f-99c6-4f80-80f5-ac745fcf97f2/datanode-3/data/ratis/7aa18773-5d51-4148-a7aa-276a26c10a6f does not exist. Creating ...
2019-08-23 23:59:08,049 [pool-472-thread-1] INFO  storage.RaftStorageDirectory (RaftStorageDirectory.java:tryLock(328)) - Lock on /workdir/hadoop-ozone/integration-test/target/test-dir/MiniOzoneClusterImpl-afd2179f-99c6-4f80-80f5-ac745fcf97f2/datanode-3/data/ratis/7aa18773-5d51-4148-a7aa-276a26c10a6f/in_use.lock acquired by nodename 11850@pr-hdds-1909-kfjhh-925290811
2019-08-23 23:59:08,061 [pool-472-thread-1] INFO  storage.RaftStorage (RaftStorage.java:format(72)) - Storage directory /workdir/hadoop-ozone/integration-test/target/test-dir/MiniOzoneClusterImpl-afd2179f-99c6-4f80-80f5-ac745fcf97f2/datanode-3/data/ratis/7aa18773-5d51-4148-a7aa-276a26c10a6f has been successfully formatted.
2019-08-23 23:59:08,062 [pool-472-thread-1] INFO  ratis.ContainerStateMachine (ContainerStateMachine.java:loadSnapshot(226)) - group-276A26C10A6F: The snapshot info is null. Setting the last applied indexto:(t:0, i:~)
2019-08-23 23:59:08,062 [pool-472-thread-1] INFO  server.RaftServerConfigKeys (ConfUtils.java:logGet(43)) - raft.server.leader.election.timeout = 120s (custom)
2019-08-23 23:59:08,062 [pool-472-thread-1] INFO  server.RaftServerConfigKeys (ConfUtils.java:logGet(43)) - raft.server.log.use.memory = false (default)
2019-08-23 23:59:08,062 [pool-472-thread-1] INFO  server.RaftServerConfigKeys (ConfUtils.java:logGet(43)) - raft.server.log.purge.gap = 1000000 (custom)
2019-08-23 23:59:08,062 [pool-472-thread-1] INFO  server.RaftServerConfigKeys (ConfUtils.java:logGet(43)) - raft.server.log.appender.buffer.byte-limit = 33554432 (custom)
2019-08-23 23:59:08,062 [pool-472-thread-1] INFO  server.RaftServerConfigKeys (ConfUtils.java:logGet(43)) - raft.server.log.segment.size.max = 1048576 (custom)
2019-08-23 23:59:08,062 [pool-472-thread-1] INFO  server.RaftServerConfigKeys (ConfUtils.java:logGet(43)) - raft.server.log.segment.cache.num.max = 2 (custom)
2019-08-23 23:59:08,063 [pool-472-thread-1] INFO  segmented.SegmentedRaftLogWorker (SegmentedRaftLogWorker.java:<init>(172)) - new 3d5eb9b2-a9f4-4243-a2dd-02e0a570989c-SegmentedRaftLogWorker:Storage Directory /workdir/hadoop-ozone/integration-test/target/test-dir/MiniOzoneClusterImpl-afd2179f-99c6-4f80-80f5-ac745fcf97f2/datanode-3/data/ratis/7aa18773-5d51-4148-a7aa-276a26c10a6f for RaftStorage:Storage Directory /workdir/hadoop-ozone/integration-test/target/test-dir/MiniOzoneClusterImpl-afd2179f-99c6-4f80-80f5-ac745fcf97f2/datanode-3/data/ratis/7aa18773-5d51-4148-a7aa-276a26c10a6f
2019-08-23 23:59:08,063 [pool-472-thread-1] INFO  server.RaftServerConfigKeys (ConfUtils.java:logGet(43)) - raft.server.log.queue.byte-limit = 2147483647 (custom)
2019-08-23 23:59:08,063 [pool-472-thread-1] INFO  server.RaftServerConfigKeys (ConfUtils.java:logGet(43)) - raft.server.log.queue.element-limit = 1024 (custom)
2019-08-23 23:59:08,063 [pool-472-thread-1] INFO  server.RaftServerConfigKeys (ConfUtils.java:logGet(43)) - raft.server.log.segment.size.max = 1048576 (custom)
2019-08-23 23:59:08,063 [pool-472-thread-1] INFO  server.RaftServerConfigKeys (ConfUtils.java:logGet(43)) - raft.server.log.preallocated.size = 16384 (custom)
2019-08-23 23:59:08,063 [pool-472-thread-1] INFO  server.RaftServerConfigKeys (ConfUtils.java:logGet(43)) - raft.server.log.write.buffer.size = 33554432 (custom)
2019-08-23 23:59:08,064 [pool-472-thread-1] INFO  server.RaftServerConfigKeys (ConfUtils.java:logGet(43)) - raft.server.log.force.sync.num = 128 (default)
2019-08-23 23:59:08,064 [pool-472-thread-1] INFO  server.RaftServerConfigKeys (ConfUtils.java:logGet(43)) - raft.server.log.statemachine.data.sync = true (default)
2019-08-23 23:59:08,064 [pool-472-thread-1] INFO  server.RaftServerConfigKeys (ConfUtils.java:logGet(43)) - raft.server.log.statemachine.data.sync.timeout = 10s (default)
2019-08-23 23:59:08,064 [pool-472-thread-1] INFO  server.RaftServerConfigKeys (ConfUtils.java:logGet(43)) - raft.server.log.statemachine.data.sync.timeout.retry = -1 (default)
2019-08-23 23:59:08,064 [pool-472-thread-1] INFO  server.RaftServerConfigKeys (ConfUtils.java:logGet(43)) - raft.server.log.statemachine.data.caching.enabled = true (custom)
2019-08-23 23:59:08,064 [pool-472-thread-1] INFO  segmented.SegmentedRaftLogWorker (SegmentedRaftLogWorker.java:lambda$new$0(132)) - 3d5eb9b2-a9f4-4243-a2dd-02e0a570989c-SegmentedRaftLogWorker:Storage Directory /workdir/hadoop-ozone/integration-test/target/test-dir/MiniOzoneClusterImpl-afd2179f-99c6-4f80-80f5-ac745fcf97f2/datanode-3/data/ratis/7aa18773-5d51-4148-a7aa-276a26c10a6f: flushIndex: setUnconditionally 0 -> -1
2019-08-23 23:59:08,065 [pool-472-thread-1] INFO  server.RaftServerConfigKeys (ConfUtils.java:logGet(43)) - raft.server.snapshot.auto.trigger.enabled = true (custom)
2019-08-23 23:59:08,065 [pool-472-thread-1] INFO  server.RaftServerConfigKeys (ConfUtils.java:logGet(43)) - raft.server.snapshot.auto.trigger.threshold = 10000 (custom)
2019-08-23 23:59:08,065 [pool-472-thread-1] INFO  server.RaftServerConfigKeys (ConfUtils.java:logGet(43)) - raft.server.retrycache.expirytime = 600000ms (custom)
2019-08-23 23:59:08,065 [pool-472-thread-1] INFO  impl.RaftServerImpl (RaftServerImpl.java:start(180)) - 3d5eb9b2-a9f4-4243-a2dd-02e0a570989c: start group-276A26C10A6F
2019-08-23 23:59:08,065 [pool-472-thread-1] INFO  impl.RaftServerImpl (RaftServerImpl.java:setRole(171)) - 3d5eb9b2-a9f4-4243-a2dd-02e0a570989c:group-276A26C10A6F changes role from null to FOLLOWER at term 0 for startAsFollower
2019-08-23 23:59:08,066 [pool-472-thread-1] INFO  impl.RoleInfo (RoleInfo.java:updateAndGet(143)) - 3d5eb9b2-a9f4-4243-a2dd-02e0a570989c: start FollowerState
2019-08-23 23:59:08,066 [pool-472-thread-1] INFO  util.JmxRegister (JmxRegister.java:tryRegister(44)) - Successfully registered JMX Bean with object name Ratis:service=RaftServer,group=group-276A26C10A6F,id=3d5eb9b2-a9f4-4243-a2dd-02e0a570989c
2019-08-23 23:59:08,070 [RatisPipelineUtilsThread] INFO  pipeline.PipelineStateManager (PipelineStateManager.java:addPipeline(56)) - Created pipeline Pipeline[ Id: 7aa18773-5d51-4148-a7aa-276a26c10a6f, Nodes: 3d5eb9b2-a9f4-4243-a2dd-02e0a570989c{ip: 192.168.34.57, host: pr-hdds-1909-kfjhh-925290811, networkLocation: /default-rack, certSerialId: null}, Type:RATIS, Factor:ONE, State:OPEN]
2019-08-23 23:59:08,220 [IPC Server handler 3 on 35013] INFO  net.NetworkTopology (NetworkTopologyImpl.java:add(110)) - Added a new node: /default-rack/c360f659-8ca7-48e8-94e2-fabef6965a78
2019-08-23 23:59:08,220 [IPC Server handler 3 on 35013] INFO  node.SCMNodeManager (SCMNodeManager.java:register(273)) - Registered Data node : c360f659-8ca7-48e8-94e2-fabef6965a78{ip: 192.168.34.57, host: pr-hdds-1909-kfjhh-925290811, networkLocation: /default-rack, certSerialId: null}
2019-08-23 23:59:08,220 | INFO  | SCMAudit | user=jenkins1000 | ip=192.168.34.57 | op=REGISTER {datanodeDetails=c360f659-8ca7-48e8-94e2-fabef6965a78{ip: 192.168.34.57, host: pr-hdds-1909-kfjhh-925290811, networkLocation: /default-rack, certSerialId: null}} | ret=SUCCESS |  
2019-08-23 23:59:08,228 [grpc-default-executor-3] INFO  impl.RaftServerProxy (RaftServerProxy.java:addNew(89)) - c360f659-8ca7-48e8-94e2-fabef6965a78: addNew group-F34A1FDB2979:[c360f659-8ca7-48e8-94e2-fabef6965a78:192.168.34.57:43596] returns group-F34A1FDB2979:java.util.concurrent.CompletableFuture@398ece52[Not completed]
2019-08-23 23:59:08,229 [pool-483-thread-1] INFO  impl.RaftServerImpl (RaftServerImpl.java:<init>(93)) - c360f659-8ca7-48e8-94e2-fabef6965a78: new RaftServerImpl for group-F34A1FDB2979:[c360f659-8ca7-48e8-94e2-fabef6965a78:192.168.34.57:43596] with ContainerStateMachine:uninitialized
2019-08-23 23:59:08,229 [pool-483-thread-1] INFO  server.RaftServerConfigKeys (ConfUtils.java:logGet(43)) - raft.server.rpc.timeout.min = 5s (custom)
2019-08-23 23:59:08,230 [pool-483-thread-1] INFO  server.RaftServerConfigKeys (ConfUtils.java:logGet(43)) - raft.server.rpc.timeout.max = 5200ms (custom)
2019-08-23 23:59:08,230 [pool-483-thread-1] INFO  server.RaftServerConfigKeys (ConfUtils.java:logGet(43)) - raft.server.rpcslowness.timeout = 120s (custom)
2019-08-23 23:59:08,230 [pool-483-thread-1] INFO  server.RaftServerConfigKeys (ConfUtils.java:logGet(43)) - raft.server.sleep.deviation.threshold = 300 (default)
2019-08-23 23:59:08,230 [pool-483-thread-1] INFO  server.RaftServerConfigKeys (ConfUtils.java:logGet(43)) - raft.server.log.appender.install.snapshot.enabled = false (custom)
2019-08-23 23:59:08,230 [pool-483-thread-1] INFO  impl.RaftServerImpl (ServerState.java:<init>(105)) - c360f659-8ca7-48e8-94e2-fabef6965a78:group-F34A1FDB2979 ConfigurationManager, init=-1: [c360f659-8ca7-48e8-94e2-fabef6965a78:192.168.34.57:43596], old=null, confs=<EMPTY_MAP>
2019-08-23 23:59:08,230 [pool-483-thread-1] INFO  server.RaftServerConfigKeys (ConfUtils.java:logGet(43)) - raft.server.storage.dir = [/workdir/hadoop-ozone/integration-test/target/test-dir/MiniOzoneClusterImpl-afd2179f-99c6-4f80-80f5-ac745fcf97f2/datanode-4/data/ratis] (custom)
2019-08-23 23:59:08,231 [pool-483-thread-1] INFO  storage.RaftStorageDirectory (RaftStorageDirectory.java:analyzeStorage(246)) - The storage directory /workdir/hadoop-ozone/integration-test/target/test-dir/MiniOzoneClusterImpl-afd2179f-99c6-4f80-80f5-ac745fcf97f2/datanode-4/data/ratis/daa2252e-5875-4281-b5a9-f34a1fdb2979 does not exist. Creating ...
2019-08-23 23:59:08,245 [pool-483-thread-1] INFO  storage.RaftStorageDirectory (RaftStorageDirectory.java:tryLock(328)) - Lock on /workdir/hadoop-ozone/integration-test/target/test-dir/MiniOzoneClusterImpl-afd2179f-99c6-4f80-80f5-ac745fcf97f2/datanode-4/data/ratis/daa2252e-5875-4281-b5a9-f34a1fdb2979/in_use.lock acquired by nodename 11850@pr-hdds-1909-kfjhh-925290811
2019-08-23 23:59:08,258 [pool-483-thread-1] INFO  storage.RaftStorage (RaftStorage.java:format(72)) - Storage directory /workdir/hadoop-ozone/integration-test/target/test-dir/MiniOzoneClusterImpl-afd2179f-99c6-4f80-80f5-ac745fcf97f2/datanode-4/data/ratis/daa2252e-5875-4281-b5a9-f34a1fdb2979 has been successfully formatted.
2019-08-23 23:59:08,259 [pool-483-thread-1] INFO  ratis.ContainerStateMachine (ContainerStateMachine.java:loadSnapshot(226)) - group-F34A1FDB2979: The snapshot info is null. Setting the last applied indexto:(t:0, i:~)
2019-08-23 23:59:08,259 [pool-483-thread-1] INFO  server.RaftServerConfigKeys (ConfUtils.java:logGet(43)) - raft.server.leader.election.timeout = 120s (custom)
2019-08-23 23:59:08,259 [pool-483-thread-1] INFO  server.RaftServerConfigKeys (ConfUtils.java:logGet(43)) - raft.server.log.use.memory = false (default)
2019-08-23 23:59:08,259 [pool-483-thread-1] INFO  server.RaftServerConfigKeys (ConfUtils.java:logGet(43)) - raft.server.log.purge.gap = 1000000 (custom)
2019-08-23 23:59:08,259 [pool-483-thread-1] INFO  server.RaftServerConfigKeys (ConfUtils.java:logGet(43)) - raft.server.log.appender.buffer.byte-limit = 33554432 (custom)
2019-08-23 23:59:08,259 [pool-483-thread-1] INFO  server.RaftServerConfigKeys (ConfUtils.java:logGet(43)) - raft.server.log.segment.size.max = 1048576 (custom)
2019-08-23 23:59:08,260 [pool-483-thread-1] INFO  server.RaftServerConfigKeys (ConfUtils.java:logGet(43)) - raft.server.log.segment.cache.num.max = 2 (custom)
2019-08-23 23:59:08,260 [pool-483-thread-1] INFO  segmented.SegmentedRaftLogWorker (SegmentedRaftLogWorker.java:<init>(172)) - new c360f659-8ca7-48e8-94e2-fabef6965a78-SegmentedRaftLogWorker:Storage Directory /workdir/hadoop-ozone/integration-test/target/test-dir/MiniOzoneClusterImpl-afd2179f-99c6-4f80-80f5-ac745fcf97f2/datanode-4/data/ratis/daa2252e-5875-4281-b5a9-f34a1fdb2979 for RaftStorage:Storage Directory /workdir/hadoop-ozone/integration-test/target/test-dir/MiniOzoneClusterImpl-afd2179f-99c6-4f80-80f5-ac745fcf97f2/datanode-4/data/ratis/daa2252e-5875-4281-b5a9-f34a1fdb2979
2019-08-23 23:59:08,260 [pool-483-thread-1] INFO  server.RaftServerConfigKeys (ConfUtils.java:logGet(43)) - raft.server.log.queue.byte-limit = 2147483647 (custom)
2019-08-23 23:59:08,260 [pool-483-thread-1] INFO  server.RaftServerConfigKeys (ConfUtils.java:logGet(43)) - raft.server.log.queue.element-limit = 1024 (custom)
2019-08-23 23:59:08,260 [pool-483-thread-1] INFO  server.RaftServerConfigKeys (ConfUtils.java:logGet(43)) - raft.server.log.segment.size.max = 1048576 (custom)
2019-08-23 23:59:08,261 [pool-483-thread-1] INFO  server.RaftServerConfigKeys (ConfUtils.java:logGet(43)) - raft.server.log.preallocated.size = 16384 (custom)
2019-08-23 23:59:08,261 [pool-483-thread-1] INFO  server.RaftServerConfigKeys (ConfUtils.java:logGet(43)) - raft.server.log.write.buffer.size = 33554432 (custom)
2019-08-23 23:59:08,261 [pool-483-thread-1] INFO  server.RaftServerConfigKeys (ConfUtils.java:logGet(43)) - raft.server.log.force.sync.num = 128 (default)
2019-08-23 23:59:08,261 [pool-483-thread-1] INFO  server.RaftServerConfigKeys (ConfUtils.java:logGet(43)) - raft.server.log.statemachine.data.sync = true (default)
2019-08-23 23:59:08,261 [pool-483-thread-1] INFO  server.RaftServerConfigKeys (ConfUtils.java:logGet(43)) - raft.server.log.statemachine.data.sync.timeout = 10s (default)
2019-08-23 23:59:08,261 [pool-483-thread-1] INFO  server.RaftServerConfigKeys (ConfUtils.java:logGet(43)) - raft.server.log.statemachine.data.sync.timeout.retry = -1 (default)
2019-08-23 23:59:08,262 [pool-483-thread-1] INFO  server.RaftServerConfigKeys (ConfUtils.java:logGet(43)) - raft.server.log.statemachine.data.caching.enabled = true (custom)
2019-08-23 23:59:08,262 [pool-483-thread-1] INFO  segmented.SegmentedRaftLogWorker (SegmentedRaftLogWorker.java:lambda$new$0(132)) - c360f659-8ca7-48e8-94e2-fabef6965a78-SegmentedRaftLogWorker:Storage Directory /workdir/hadoop-ozone/integration-test/target/test-dir/MiniOzoneClusterImpl-afd2179f-99c6-4f80-80f5-ac745fcf97f2/datanode-4/data/ratis/daa2252e-5875-4281-b5a9-f34a1fdb2979: flushIndex: setUnconditionally 0 -> -1
2019-08-23 23:59:08,262 [pool-483-thread-1] INFO  server.RaftServerConfigKeys (ConfUtils.java:logGet(43)) - raft.server.snapshot.auto.trigger.enabled = true (custom)
2019-08-23 23:59:08,262 [pool-483-thread-1] INFO  server.RaftServerConfigKeys (ConfUtils.java:logGet(43)) - raft.server.snapshot.auto.trigger.threshold = 10000 (custom)
2019-08-23 23:59:08,263 [pool-483-thread-1] INFO  server.RaftServerConfigKeys (ConfUtils.java:logGet(43)) - raft.server.retrycache.expirytime = 600000ms (custom)
2019-08-23 23:59:08,263 [pool-483-thread-1] INFO  impl.RaftServerImpl (RaftServerImpl.java:start(180)) - c360f659-8ca7-48e8-94e2-fabef6965a78: start group-F34A1FDB2979
2019-08-23 23:59:08,263 [pool-483-thread-1] INFO  impl.RaftServerImpl (RaftServerImpl.java:setRole(171)) - c360f659-8ca7-48e8-94e2-fabef6965a78:group-F34A1FDB2979 changes role from null to FOLLOWER at term 0 for startAsFollower
2019-08-23 23:59:08,263 [pool-483-thread-1] INFO  impl.RoleInfo (RoleInfo.java:updateAndGet(143)) - c360f659-8ca7-48e8-94e2-fabef6965a78: start FollowerState
2019-08-23 23:59:08,264 [pool-483-thread-1] INFO  util.JmxRegister (JmxRegister.java:tryRegister(44)) - Successfully registered JMX Bean with object name Ratis:service=RaftServer,group=group-F34A1FDB2979,id=c360f659-8ca7-48e8-94e2-fabef6965a78
2019-08-23 23:59:08,269 [RatisPipelineUtilsThread] INFO  pipeline.PipelineStateManager (PipelineStateManager.java:addPipeline(56)) - Created pipeline Pipeline[ Id: daa2252e-5875-4281-b5a9-f34a1fdb2979, Nodes: c360f659-8ca7-48e8-94e2-fabef6965a78{ip: 192.168.34.57, host: pr-hdds-1909-kfjhh-925290811, networkLocation: /default-rack, certSerialId: null}, Type:RATIS, Factor:ONE, State:OPEN]
2019-08-23 23:59:08,400 [IPC Server handler 4 on 35013] INFO  net.NetworkTopology (NetworkTopologyImpl.java:add(110)) - Added a new node: /default-rack/d1f7a5bb-ef63-436e-b61b-faa886bf0f1d
2019-08-23 23:59:08,400 [IPC Server handler 4 on 35013] INFO  node.SCMNodeManager (SCMNodeManager.java:register(273)) - Registered Data node : d1f7a5bb-ef63-436e-b61b-faa886bf0f1d{ip: 192.168.34.57, host: pr-hdds-1909-kfjhh-925290811, networkLocation: /default-rack, certSerialId: null}
2019-08-23 23:59:08,400 | INFO  | SCMAudit | user=jenkins1000 | ip=192.168.34.57 | op=REGISTER {datanodeDetails=d1f7a5bb-ef63-436e-b61b-faa886bf0f1d{ip: 192.168.34.57, host: pr-hdds-1909-kfjhh-925290811, networkLocation: /default-rack, certSerialId: null}} | ret=SUCCESS |  
2019-08-23 23:59:08,407 [grpc-default-executor-3] INFO  impl.RaftServerProxy (RaftServerProxy.java:addNew(89)) - d1f7a5bb-ef63-436e-b61b-faa886bf0f1d: addNew group-904B3B77646D:[d1f7a5bb-ef63-436e-b61b-faa886bf0f1d:192.168.34.57:41008] returns group-904B3B77646D:java.util.concurrent.CompletableFuture@4983e377[Not completed]
2019-08-23 23:59:08,409 [pool-494-thread-1] INFO  impl.RaftServerImpl (RaftServerImpl.java:<init>(93)) - d1f7a5bb-ef63-436e-b61b-faa886bf0f1d: new RaftServerImpl for group-904B3B77646D:[d1f7a5bb-ef63-436e-b61b-faa886bf0f1d:192.168.34.57:41008] with ContainerStateMachine:uninitialized
2019-08-23 23:59:08,409 [pool-494-thread-1] INFO  server.RaftServerConfigKeys (ConfUtils.java:logGet(43)) - raft.server.rpc.timeout.min = 5s (custom)
2019-08-23 23:59:08,409 [pool-494-thread-1] INFO  server.RaftServerConfigKeys (ConfUtils.java:logGet(43)) - raft.server.rpc.timeout.max = 5200ms (custom)
2019-08-23 23:59:08,409 [pool-494-thread-1] INFO  server.RaftServerConfigKeys (ConfUtils.java:logGet(43)) - raft.server.rpcslowness.timeout = 120s (custom)
2019-08-23 23:59:08,409 [pool-494-thread-1] INFO  server.RaftServerConfigKeys (ConfUtils.java:logGet(43)) - raft.server.sleep.deviation.threshold = 300 (default)
2019-08-23 23:59:08,409 [pool-494-thread-1] INFO  server.RaftServerConfigKeys (ConfUtils.java:logGet(43)) - raft.server.log.appender.install.snapshot.enabled = false (custom)
2019-08-23 23:59:08,410 [pool-494-thread-1] INFO  impl.RaftServerImpl (ServerState.java:<init>(105)) - d1f7a5bb-ef63-436e-b61b-faa886bf0f1d:group-904B3B77646D ConfigurationManager, init=-1: [d1f7a5bb-ef63-436e-b61b-faa886bf0f1d:192.168.34.57:41008], old=null, confs=<EMPTY_MAP>
2019-08-23 23:59:08,410 [pool-494-thread-1] INFO  server.RaftServerConfigKeys (ConfUtils.java:logGet(43)) - raft.server.storage.dir = [/workdir/hadoop-ozone/integration-test/target/test-dir/MiniOzoneClusterImpl-afd2179f-99c6-4f80-80f5-ac745fcf97f2/datanode-5/data/ratis] (custom)
2019-08-23 23:59:08,410 [pool-494-thread-1] INFO  storage.RaftStorageDirectory (RaftStorageDirectory.java:analyzeStorage(246)) - The storage directory /workdir/hadoop-ozone/integration-test/target/test-dir/MiniOzoneClusterImpl-afd2179f-99c6-4f80-80f5-ac745fcf97f2/datanode-5/data/ratis/5b771239-2e66-4802-abeb-904b3b77646d does not exist. Creating ...
2019-08-23 23:59:08,423 [pool-494-thread-1] INFO  storage.RaftStorageDirectory (RaftStorageDirectory.java:tryLock(328)) - Lock on /workdir/hadoop-ozone/integration-test/target/test-dir/MiniOzoneClusterImpl-afd2179f-99c6-4f80-80f5-ac745fcf97f2/datanode-5/data/ratis/5b771239-2e66-4802-abeb-904b3b77646d/in_use.lock acquired by nodename 11850@pr-hdds-1909-kfjhh-925290811
2019-08-23 23:59:08,438 [pool-494-thread-1] INFO  storage.RaftStorage (RaftStorage.java:format(72)) - Storage directory /workdir/hadoop-ozone/integration-test/target/test-dir/MiniOzoneClusterImpl-afd2179f-99c6-4f80-80f5-ac745fcf97f2/datanode-5/data/ratis/5b771239-2e66-4802-abeb-904b3b77646d has been successfully formatted.
2019-08-23 23:59:08,439 [pool-494-thread-1] INFO  ratis.ContainerStateMachine (ContainerStateMachine.java:loadSnapshot(226)) - group-904B3B77646D: The snapshot info is null. Setting the last applied indexto:(t:0, i:~)
2019-08-23 23:59:08,439 [pool-494-thread-1] INFO  server.RaftServerConfigKeys (ConfUtils.java:logGet(43)) - raft.server.leader.election.timeout = 120s (custom)
2019-08-23 23:59:08,439 [pool-494-thread-1] INFO  server.RaftServerConfigKeys (ConfUtils.java:logGet(43)) - raft.server.log.use.memory = false (default)
2019-08-23 23:59:08,439 [pool-494-thread-1] INFO  server.RaftServerConfigKeys (ConfUtils.java:logGet(43)) - raft.server.log.purge.gap = 1000000 (custom)
2019-08-23 23:59:08,439 [pool-494-thread-1] INFO  server.RaftServerConfigKeys (ConfUtils.java:logGet(43)) - raft.server.log.appender.buffer.byte-limit = 33554432 (custom)
2019-08-23 23:59:08,439 [pool-494-thread-1] INFO  server.RaftServerConfigKeys (ConfUtils.java:logGet(43)) - raft.server.log.segment.size.max = 1048576 (custom)
2019-08-23 23:59:08,440 [pool-494-thread-1] INFO  server.RaftServerConfigKeys (ConfUtils.java:logGet(43)) - raft.server.log.segment.cache.num.max = 2 (custom)
2019-08-23 23:59:08,440 [pool-494-thread-1] INFO  segmented.SegmentedRaftLogWorker (SegmentedRaftLogWorker.java:<init>(172)) - new d1f7a5bb-ef63-436e-b61b-faa886bf0f1d-SegmentedRaftLogWorker:Storage Directory /workdir/hadoop-ozone/integration-test/target/test-dir/MiniOzoneClusterImpl-afd2179f-99c6-4f80-80f5-ac745fcf97f2/datanode-5/data/ratis/5b771239-2e66-4802-abeb-904b3b77646d for RaftStorage:Storage Directory /workdir/hadoop-ozone/integration-test/target/test-dir/MiniOzoneClusterImpl-afd2179f-99c6-4f80-80f5-ac745fcf97f2/datanode-5/data/ratis/5b771239-2e66-4802-abeb-904b3b77646d
2019-08-23 23:59:08,440 [pool-494-thread-1] INFO  server.RaftServerConfigKeys (ConfUtils.java:logGet(43)) - raft.server.log.queue.byte-limit = 2147483647 (custom)
2019-08-23 23:59:08,440 [pool-494-thread-1] INFO  server.RaftServerConfigKeys (ConfUtils.java:logGet(43)) - raft.server.log.queue.element-limit = 1024 (custom)
2019-08-23 23:59:08,440 [pool-494-thread-1] INFO  server.RaftServerConfigKeys (ConfUtils.java:logGet(43)) - raft.server.log.segment.size.max = 1048576 (custom)
2019-08-23 23:59:08,441 [pool-494-thread-1] INFO  server.RaftServerConfigKeys (ConfUtils.java:logGet(43)) - raft.server.log.preallocated.size = 16384 (custom)
2019-08-23 23:59:08,441 [pool-494-thread-1] INFO  server.RaftServerConfigKeys (ConfUtils.java:logGet(43)) - raft.server.log.write.buffer.size = 33554432 (custom)
2019-08-23 23:59:08,441 [pool-494-thread-1] INFO  server.RaftServerConfigKeys (ConfUtils.java:logGet(43)) - raft.server.log.force.sync.num = 128 (default)
2019-08-23 23:59:08,441 [pool-494-thread-1] INFO  server.RaftServerConfigKeys (ConfUtils.java:logGet(43)) - raft.server.log.statemachine.data.sync = true (default)
2019-08-23 23:59:08,441 [pool-494-thread-1] INFO  server.RaftServerConfigKeys (ConfUtils.java:logGet(43)) - raft.server.log.statemachine.data.sync.timeout = 10s (default)
2019-08-23 23:59:08,441 [pool-494-thread-1] INFO  server.RaftServerConfigKeys (ConfUtils.java:logGet(43)) - raft.server.log.statemachine.data.sync.timeout.retry = -1 (default)
2019-08-23 23:59:08,442 [pool-494-thread-1] INFO  server.RaftServerConfigKeys (ConfUtils.java:logGet(43)) - raft.server.log.statemachine.data.caching.enabled = true (custom)
2019-08-23 23:59:08,442 [pool-494-thread-1] INFO  segmented.SegmentedRaftLogWorker (SegmentedRaftLogWorker.java:lambda$new$0(132)) - d1f7a5bb-ef63-436e-b61b-faa886bf0f1d-SegmentedRaftLogWorker:Storage Directory /workdir/hadoop-ozone/integration-test/target/test-dir/MiniOzoneClusterImpl-afd2179f-99c6-4f80-80f5-ac745fcf97f2/datanode-5/data/ratis/5b771239-2e66-4802-abeb-904b3b77646d: flushIndex: setUnconditionally 0 -> -1
2019-08-23 23:59:08,442 [pool-494-thread-1] INFO  server.RaftServerConfigKeys (ConfUtils.java:logGet(43)) - raft.server.snapshot.auto.trigger.enabled = true (custom)
2019-08-23 23:59:08,443 [pool-494-thread-1] INFO  server.RaftServerConfigKeys (ConfUtils.java:logGet(43)) - raft.server.snapshot.auto.trigger.threshold = 10000 (custom)
2019-08-23 23:59:08,443 [pool-494-thread-1] INFO  server.RaftServerConfigKeys (ConfUtils.java:logGet(43)) - raft.server.retrycache.expirytime = 600000ms (custom)
2019-08-23 23:59:08,443 [pool-494-thread-1] INFO  impl.RaftServerImpl (RaftServerImpl.java:start(180)) - d1f7a5bb-ef63-436e-b61b-faa886bf0f1d: start group-904B3B77646D
2019-08-23 23:59:08,443 [pool-494-thread-1] INFO  impl.RaftServerImpl (RaftServerImpl.java:setRole(171)) - d1f7a5bb-ef63-436e-b61b-faa886bf0f1d:group-904B3B77646D changes role from null to FOLLOWER at term 0 for startAsFollower
2019-08-23 23:59:08,443 [pool-494-thread-1] INFO  impl.RoleInfo (RoleInfo.java:updateAndGet(143)) - d1f7a5bb-ef63-436e-b61b-faa886bf0f1d: start FollowerState
2019-08-23 23:59:08,444 [pool-494-thread-1] INFO  util.JmxRegister (JmxRegister.java:tryRegister(44)) - Successfully registered JMX Bean with object name Ratis:service=RaftServer,group=group-904B3B77646D,id=d1f7a5bb-ef63-436e-b61b-faa886bf0f1d
2019-08-23 23:59:08,449 [RatisPipelineUtilsThread] INFO  pipeline.PipelineStateManager (PipelineStateManager.java:addPipeline(56)) - Created pipeline Pipeline[ Id: 5b771239-2e66-4802-abeb-904b3b77646d, Nodes: d1f7a5bb-ef63-436e-b61b-faa886bf0f1d{ip: 192.168.34.57, host: pr-hdds-1909-kfjhh-925290811, networkLocation: /default-rack, certSerialId: null}, Type:RATIS, Factor:ONE, State:OPEN]
2019-08-23 23:59:08,462 [grpc-default-executor-4] INFO  impl.RaftServerProxy (RaftServerProxy.java:addNew(89)) - c360f659-8ca7-48e8-94e2-fabef6965a78: addNew group-C7AD426F0267:[c360f659-8ca7-48e8-94e2-fabef6965a78:192.168.34.57:43596, d1f7a5bb-ef63-436e-b61b-faa886bf0f1d:192.168.34.57:41008, 3d5eb9b2-a9f4-4243-a2dd-02e0a570989c:192.168.34.57:35645] returns group-C7AD426F0267:java.util.concurrent.CompletableFuture@2299238e[Not completed]
2019-08-23 23:59:08,462 [grpc-default-executor-1] INFO  impl.RaftServerProxy (RaftServerProxy.java:addNew(89)) - d1f7a5bb-ef63-436e-b61b-faa886bf0f1d: addNew group-C7AD426F0267:[c360f659-8ca7-48e8-94e2-fabef6965a78:192.168.34.57:43596, d1f7a5bb-ef63-436e-b61b-faa886bf0f1d:192.168.34.57:41008, 3d5eb9b2-a9f4-4243-a2dd-02e0a570989c:192.168.34.57:35645] returns group-C7AD426F0267:java.util.concurrent.CompletableFuture@5d24ddb4[Not completed]
2019-08-23 23:59:08,462 [grpc-default-executor-3] INFO  impl.RaftServerProxy (RaftServerProxy.java:addNew(89)) - 3d5eb9b2-a9f4-4243-a2dd-02e0a570989c: addNew group-C7AD426F0267:[c360f659-8ca7-48e8-94e2-fabef6965a78:192.168.34.57:43596, d1f7a5bb-ef63-436e-b61b-faa886bf0f1d:192.168.34.57:41008, 3d5eb9b2-a9f4-4243-a2dd-02e0a570989c:192.168.34.57:35645] returns group-C7AD426F0267:java.util.concurrent.CompletableFuture@5d7571f[Not completed]
2019-08-23 23:59:08,463 [pool-483-thread-1] INFO  impl.RaftServerImpl (RaftServerImpl.java:<init>(93)) - c360f659-8ca7-48e8-94e2-fabef6965a78: new RaftServerImpl for group-C7AD426F0267:[c360f659-8ca7-48e8-94e2-fabef6965a78:192.168.34.57:43596, d1f7a5bb-ef63-436e-b61b-faa886bf0f1d:192.168.34.57:41008, 3d5eb9b2-a9f4-4243-a2dd-02e0a570989c:192.168.34.57:35645] with ContainerStateMachine:uninitialized
2019-08-23 23:59:08,463 [pool-483-thread-1] INFO  server.RaftServerConfigKeys (ConfUtils.java:logGet(43)) - raft.server.rpc.timeout.min = 5s (custom)
2019-08-23 23:59:08,464 [pool-483-thread-1] INFO  server.RaftServerConfigKeys (ConfUtils.java:logGet(43)) - raft.server.rpc.timeout.max = 5200ms (custom)
2019-08-23 23:59:08,464 [pool-483-thread-1] INFO  server.RaftServerConfigKeys (ConfUtils.java:logGet(43)) - raft.server.rpcslowness.timeout = 120s (custom)
2019-08-23 23:59:08,464 [pool-472-thread-1] INFO  impl.RaftServerImpl (RaftServerImpl.java:<init>(93)) - 3d5eb9b2-a9f4-4243-a2dd-02e0a570989c: new RaftServerImpl for group-C7AD426F0267:[c360f659-8ca7-48e8-94e2-fabef6965a78:192.168.34.57:43596, d1f7a5bb-ef63-436e-b61b-faa886bf0f1d:192.168.34.57:41008, 3d5eb9b2-a9f4-4243-a2dd-02e0a570989c:192.168.34.57:35645] with ContainerStateMachine:uninitialized
2019-08-23 23:59:08,464 [pool-483-thread-1] INFO  server.RaftServerConfigKeys (ConfUtils.java:logGet(43)) - raft.server.sleep.deviation.threshold = 300 (default)
2019-08-23 23:59:08,464 [pool-472-thread-1] INFO  server.RaftServerConfigKeys (ConfUtils.java:logGet(43)) - raft.server.rpc.timeout.min = 5s (custom)
2019-08-23 23:59:08,464 [pool-483-thread-1] INFO  server.RaftServerConfigKeys (ConfUtils.java:logGet(43)) - raft.server.log.appender.install.snapshot.enabled = false (custom)
2019-08-23 23:59:08,464 [pool-472-thread-1] INFO  server.RaftServerConfigKeys (ConfUtils.java:logGet(43)) - raft.server.rpc.timeout.max = 5200ms (custom)
2019-08-23 23:59:08,464 [pool-483-thread-1] INFO  impl.RaftServerImpl (ServerState.java:<init>(105)) - c360f659-8ca7-48e8-94e2-fabef6965a78:group-C7AD426F0267 ConfigurationManager, init=-1: [c360f659-8ca7-48e8-94e2-fabef6965a78:192.168.34.57:43596, d1f7a5bb-ef63-436e-b61b-faa886bf0f1d:192.168.34.57:41008, 3d5eb9b2-a9f4-4243-a2dd-02e0a570989c:192.168.34.57:35645], old=null, confs=<EMPTY_MAP>
2019-08-23 23:59:08,465 [pool-494-thread-1] INFO  impl.RaftServerImpl (RaftServerImpl.java:<init>(93)) - d1f7a5bb-ef63-436e-b61b-faa886bf0f1d: new RaftServerImpl for group-C7AD426F0267:[c360f659-8ca7-48e8-94e2-fabef6965a78:192.168.34.57:43596, d1f7a5bb-ef63-436e-b61b-faa886bf0f1d:192.168.34.57:41008, 3d5eb9b2-a9f4-4243-a2dd-02e0a570989c:192.168.34.57:35645] with ContainerStateMachine:uninitialized
2019-08-23 23:59:08,464 [pool-472-thread-1] INFO  server.RaftServerConfigKeys (ConfUtils.java:logGet(43)) - raft.server.rpcslowness.timeout = 120s (custom)
2019-08-23 23:59:08,465 [pool-494-thread-1] INFO  server.RaftServerConfigKeys (ConfUtils.java:logGet(43)) - raft.server.rpc.timeout.min = 5s (custom)
2019-08-23 23:59:08,465 [pool-483-thread-1] INFO  server.RaftServerConfigKeys (ConfUtils.java:logGet(43)) - raft.server.storage.dir = [/workdir/hadoop-ozone/integration-test/target/test-dir/MiniOzoneClusterImpl-afd2179f-99c6-4f80-80f5-ac745fcf97f2/datanode-4/data/ratis] (custom)
2019-08-23 23:59:08,465 [pool-494-thread-1] INFO  server.RaftServerConfigKeys (ConfUtils.java:logGet(43)) - raft.server.rpc.timeout.max = 5200ms (custom)
2019-08-23 23:59:08,465 [pool-494-thread-1] INFO  server.RaftServerConfigKeys (ConfUtils.java:logGet(43)) - raft.server.rpcslowness.timeout = 120s (custom)
2019-08-23 23:59:08,465 [pool-472-thread-1] INFO  server.RaftServerConfigKeys (ConfUtils.java:logGet(43)) - raft.server.sleep.deviation.threshold = 300 (default)
2019-08-23 23:59:08,465 [pool-483-thread-1] INFO  storage.RaftStorageDirectory (RaftStorageDirectory.java:analyzeStorage(246)) - The storage directory /workdir/hadoop-ozone/integration-test/target/test-dir/MiniOzoneClusterImpl-afd2179f-99c6-4f80-80f5-ac745fcf97f2/datanode-4/data/ratis/65ae3655-9651-446c-a92c-c7ad426f0267 does not exist. Creating ...
2019-08-23 23:59:08,465 [pool-494-thread-1] INFO  server.RaftServerConfigKeys (ConfUtils.java:logGet(43)) - raft.server.sleep.deviation.threshold = 300 (default)
2019-08-23 23:59:08,466 [pool-472-thread-1] INFO  server.RaftServerConfigKeys (ConfUtils.java:logGet(43)) - raft.server.log.appender.install.snapshot.enabled = false (custom)
2019-08-23 23:59:08,466 [pool-494-thread-1] INFO  server.RaftServerConfigKeys (ConfUtils.java:logGet(43)) - raft.server.log.appender.install.snapshot.enabled = false (custom)
2019-08-23 23:59:08,466 [pool-472-thread-1] INFO  impl.RaftServerImpl (ServerState.java:<init>(105)) - 3d5eb9b2-a9f4-4243-a2dd-02e0a570989c:group-C7AD426F0267 ConfigurationManager, init=-1: [c360f659-8ca7-48e8-94e2-fabef6965a78:192.168.34.57:43596, d1f7a5bb-ef63-436e-b61b-faa886bf0f1d:192.168.34.57:41008, 3d5eb9b2-a9f4-4243-a2dd-02e0a570989c:192.168.34.57:35645], old=null, confs=<EMPTY_MAP>
2019-08-23 23:59:08,466 [pool-494-thread-1] INFO  impl.RaftServerImpl (ServerState.java:<init>(105)) - d1f7a5bb-ef63-436e-b61b-faa886bf0f1d:group-C7AD426F0267 ConfigurationManager, init=-1: [c360f659-8ca7-48e8-94e2-fabef6965a78:192.168.34.57:43596, d1f7a5bb-ef63-436e-b61b-faa886bf0f1d:192.168.34.57:41008, 3d5eb9b2-a9f4-4243-a2dd-02e0a570989c:192.168.34.57:35645], old=null, confs=<EMPTY_MAP>
2019-08-23 23:59:08,466 [pool-472-thread-1] INFO  server.RaftServerConfigKeys (ConfUtils.java:logGet(43)) - raft.server.storage.dir = [/workdir/hadoop-ozone/integration-test/target/test-dir/MiniOzoneClusterImpl-afd2179f-99c6-4f80-80f5-ac745fcf97f2/datanode-3/data/ratis] (custom)
2019-08-23 23:59:08,466 [pool-494-thread-1] INFO  server.RaftServerConfigKeys (ConfUtils.java:logGet(43)) - raft.server.storage.dir = [/workdir/hadoop-ozone/integration-test/target/test-dir/MiniOzoneClusterImpl-afd2179f-99c6-4f80-80f5-ac745fcf97f2/datanode-5/data/ratis] (custom)
2019-08-23 23:59:08,467 [pool-472-thread-1] INFO  storage.RaftStorageDirectory (RaftStorageDirectory.java:analyzeStorage(246)) - The storage directory /workdir/hadoop-ozone/integration-test/target/test-dir/MiniOzoneClusterImpl-afd2179f-99c6-4f80-80f5-ac745fcf97f2/datanode-3/data/ratis/65ae3655-9651-446c-a92c-c7ad426f0267 does not exist. Creating ...
2019-08-23 23:59:08,467 [pool-494-thread-1] INFO  storage.RaftStorageDirectory (RaftStorageDirectory.java:analyzeStorage(246)) - The storage directory /workdir/hadoop-ozone/integration-test/target/test-dir/MiniOzoneClusterImpl-afd2179f-99c6-4f80-80f5-ac745fcf97f2/datanode-5/data/ratis/65ae3655-9651-446c-a92c-c7ad426f0267 does not exist. Creating ...
2019-08-23 23:59:08,479 [pool-472-thread-1] INFO  storage.RaftStorageDirectory (RaftStorageDirectory.java:tryLock(328)) - Lock on /workdir/hadoop-ozone/integration-test/target/test-dir/MiniOzoneClusterImpl-afd2179f-99c6-4f80-80f5-ac745fcf97f2/datanode-3/data/ratis/65ae3655-9651-446c-a92c-c7ad426f0267/in_use.lock acquired by nodename 11850@pr-hdds-1909-kfjhh-925290811
2019-08-23 23:59:08,479 [pool-483-thread-1] INFO  storage.RaftStorageDirectory (RaftStorageDirectory.java:tryLock(328)) - Lock on /workdir/hadoop-ozone/integration-test/target/test-dir/MiniOzoneClusterImpl-afd2179f-99c6-4f80-80f5-ac745fcf97f2/datanode-4/data/ratis/65ae3655-9651-446c-a92c-c7ad426f0267/in_use.lock acquired by nodename 11850@pr-hdds-1909-kfjhh-925290811
2019-08-23 23:59:08,479 [pool-494-thread-1] INFO  storage.RaftStorageDirectory (RaftStorageDirectory.java:tryLock(328)) - Lock on /workdir/hadoop-ozone/integration-test/target/test-dir/MiniOzoneClusterImpl-afd2179f-99c6-4f80-80f5-ac745fcf97f2/datanode-5/data/ratis/65ae3655-9651-446c-a92c-c7ad426f0267/in_use.lock acquired by nodename 11850@pr-hdds-1909-kfjhh-925290811
2019-08-23 23:59:08,494 [pool-472-thread-1] INFO  storage.RaftStorage (RaftStorage.java:format(72)) - Storage directory /workdir/hadoop-ozone/integration-test/target/test-dir/MiniOzoneClusterImpl-afd2179f-99c6-4f80-80f5-ac745fcf97f2/datanode-3/data/ratis/65ae3655-9651-446c-a92c-c7ad426f0267 has been successfully formatted.
2019-08-23 23:59:08,494 [pool-483-thread-1] INFO  storage.RaftStorage (RaftStorage.java:format(72)) - Storage directory /workdir/hadoop-ozone/integration-test/target/test-dir/MiniOzoneClusterImpl-afd2179f-99c6-4f80-80f5-ac745fcf97f2/datanode-4/data/ratis/65ae3655-9651-446c-a92c-c7ad426f0267 has been successfully formatted.
2019-08-23 23:59:08,494 [pool-494-thread-1] INFO  storage.RaftStorage (RaftStorage.java:format(72)) - Storage directory /workdir/hadoop-ozone/integration-test/target/test-dir/MiniOzoneClusterImpl-afd2179f-99c6-4f80-80f5-ac745fcf97f2/datanode-5/data/ratis/65ae3655-9651-446c-a92c-c7ad426f0267 has been successfully formatted.
2019-08-23 23:59:08,494 [pool-483-thread-1] INFO  ratis.ContainerStateMachine (ContainerStateMachine.java:loadSnapshot(226)) - group-C7AD426F0267: The snapshot info is null. Setting the last applied indexto:(t:0, i:~)
2019-08-23 23:59:08,494 [pool-472-thread-1] INFO  ratis.ContainerStateMachine (ContainerStateMachine.java:loadSnapshot(226)) - group-C7AD426F0267: The snapshot info is null. Setting the last applied indexto:(t:0, i:~)
2019-08-23 23:59:08,495 [pool-494-thread-1] INFO  ratis.ContainerStateMachine (ContainerStateMachine.java:loadSnapshot(226)) - group-C7AD426F0267: The snapshot info is null. Setting the last applied indexto:(t:0, i:~)
2019-08-23 23:59:08,495 [pool-483-thread-1] INFO  server.RaftServerConfigKeys (ConfUtils.java:logGet(43)) - raft.server.leader.election.timeout = 120s (custom)
2019-08-23 23:59:08,495 [pool-494-thread-1] INFO  server.RaftServerConfigKeys (ConfUtils.java:logGet(43)) - raft.server.leader.election.timeout = 120s (custom)
2019-08-23 23:59:08,495 [pool-472-thread-1] INFO  server.RaftServerConfigKeys (ConfUtils.java:logGet(43)) - raft.server.leader.election.timeout = 120s (custom)
2019-08-23 23:59:08,495 [pool-494-thread-1] INFO  server.RaftServerConfigKeys (ConfUtils.java:logGet(43)) - raft.server.log.use.memory = false (default)
2019-08-23 23:59:08,495 [pool-483-thread-1] INFO  server.RaftServerConfigKeys (ConfUtils.java:logGet(43)) - raft.server.log.use.memory = false (default)
2019-08-23 23:59:08,495 [pool-494-thread-1] INFO  server.RaftServerConfigKeys (ConfUtils.java:logGet(43)) - raft.server.log.purge.gap = 1000000 (custom)
2019-08-23 23:59:08,496 [pool-494-thread-1] INFO  server.RaftServerConfigKeys (ConfUtils.java:logGet(43)) - raft.server.log.appender.buffer.byte-limit = 33554432 (custom)
2019-08-23 23:59:08,495 [pool-472-thread-1] INFO  server.RaftServerConfigKeys (ConfUtils.java:logGet(43)) - raft.server.log.use.memory = false (default)
2019-08-23 23:59:08,496 [pool-494-thread-1] INFO  server.RaftServerConfigKeys (ConfUtils.java:logGet(43)) - raft.server.log.segment.size.max = 1048576 (custom)
2019-08-23 23:59:08,496 [pool-483-thread-1] INFO  server.RaftServerConfigKeys (ConfUtils.java:logGet(43)) - raft.server.log.purge.gap = 1000000 (custom)
2019-08-23 23:59:08,496 [pool-494-thread-1] INFO  server.RaftServerConfigKeys (ConfUtils.java:logGet(43)) - raft.server.log.segment.cache.num.max = 2 (custom)
2019-08-23 23:59:08,496 [pool-472-thread-1] INFO  server.RaftServerConfigKeys (ConfUtils.java:logGet(43)) - raft.server.log.purge.gap = 1000000 (custom)
2019-08-23 23:59:08,497 [pool-494-thread-1] INFO  segmented.SegmentedRaftLogWorker (SegmentedRaftLogWorker.java:<init>(172)) - new d1f7a5bb-ef63-436e-b61b-faa886bf0f1d-SegmentedRaftLogWorker:Storage Directory /workdir/hadoop-ozone/integration-test/target/test-dir/MiniOzoneClusterImpl-afd2179f-99c6-4f80-80f5-ac745fcf97f2/datanode-5/data/ratis/65ae3655-9651-446c-a92c-c7ad426f0267 for RaftStorage:Storage Directory /workdir/hadoop-ozone/integration-test/target/test-dir/MiniOzoneClusterImpl-afd2179f-99c6-4f80-80f5-ac745fcf97f2/datanode-5/data/ratis/65ae3655-9651-446c-a92c-c7ad426f0267
2019-08-23 23:59:08,496 [pool-483-thread-1] INFO  server.RaftServerConfigKeys (ConfUtils.java:logGet(43)) - raft.server.log.appender.buffer.byte-limit = 33554432 (custom)
2019-08-23 23:59:08,497 [pool-494-thread-1] INFO  server.RaftServerConfigKeys (ConfUtils.java:logGet(43)) - raft.server.log.queue.byte-limit = 2147483647 (custom)
2019-08-23 23:59:08,497 [pool-472-thread-1] INFO  server.RaftServerConfigKeys (ConfUtils.java:logGet(43)) - raft.server.log.appender.buffer.byte-limit = 33554432 (custom)
2019-08-23 23:59:08,497 [pool-494-thread-1] INFO  server.RaftServerConfigKeys (ConfUtils.java:logGet(43)) - raft.server.log.queue.element-limit = 1024 (custom)
2019-08-23 23:59:08,497 [pool-483-thread-1] INFO  server.RaftServerConfigKeys (ConfUtils.java:logGet(43)) - raft.server.log.segment.size.max = 1048576 (custom)
2019-08-23 23:59:08,497 [pool-494-thread-1] INFO  server.RaftServerConfigKeys (ConfUtils.java:logGet(43)) - raft.server.log.segment.size.max = 1048576 (custom)
2019-08-23 23:59:08,497 [pool-472-thread-1] INFO  server.RaftServerConfigKeys (ConfUtils.java:logGet(43)) - raft.server.log.segment.size.max = 1048576 (custom)
2019-08-23 23:59:08,498 [pool-494-thread-1] INFO  server.RaftServerConfigKeys (ConfUtils.java:logGet(43)) - raft.server.log.preallocated.size = 16384 (custom)
2019-08-23 23:59:08,498 [pool-494-thread-1] INFO  server.RaftServerConfigKeys (ConfUtils.java:logGet(43)) - raft.server.log.write.buffer.size = 33554432 (custom)
2019-08-23 23:59:08,498 [pool-483-thread-1] INFO  server.RaftServerConfigKeys (ConfUtils.java:logGet(43)) - raft.server.log.segment.cache.num.max = 2 (custom)
2019-08-23 23:59:08,498 [pool-494-thread-1] INFO  server.RaftServerConfigKeys (ConfUtils.java:logGet(43)) - raft.server.log.force.sync.num = 128 (default)
2019-08-23 23:59:08,498 [pool-494-thread-1] INFO  server.RaftServerConfigKeys (ConfUtils.java:logGet(43)) - raft.server.log.statemachine.data.sync = true (default)
2019-08-23 23:59:08,498 [pool-472-thread-1] INFO  server.RaftServerConfigKeys (ConfUtils.java:logGet(43)) - raft.server.log.segment.cache.num.max = 2 (custom)
2019-08-23 23:59:08,499 [pool-494-thread-1] INFO  server.RaftServerConfigKeys (ConfUtils.java:logGet(43)) - raft.server.log.statemachine.data.sync.timeout = 10s (default)
2019-08-23 23:59:08,499 [pool-494-thread-1] INFO  server.RaftServerConfigKeys (ConfUtils.java:logGet(43)) - raft.server.log.statemachine.data.sync.timeout.retry = -1 (default)
2019-08-23 23:59:08,498 [pool-483-thread-1] INFO  segmented.SegmentedRaftLogWorker (SegmentedRaftLogWorker.java:<init>(172)) - new c360f659-8ca7-48e8-94e2-fabef6965a78-SegmentedRaftLogWorker:Storage Directory /workdir/hadoop-ozone/integration-test/target/test-dir/MiniOzoneClusterImpl-afd2179f-99c6-4f80-80f5-ac745fcf97f2/datanode-4/data/ratis/65ae3655-9651-446c-a92c-c7ad426f0267 for RaftStorage:Storage Directory /workdir/hadoop-ozone/integration-test/target/test-dir/MiniOzoneClusterImpl-afd2179f-99c6-4f80-80f5-ac745fcf97f2/datanode-4/data/ratis/65ae3655-9651-446c-a92c-c7ad426f0267
2019-08-23 23:59:08,499 [pool-494-thread-1] INFO  server.RaftServerConfigKeys (ConfUtils.java:logGet(43)) - raft.server.log.statemachine.data.caching.enabled = true (custom)
2019-08-23 23:59:08,499 [pool-472-thread-1] INFO  segmented.SegmentedRaftLogWorker (SegmentedRaftLogWorker.java:<init>(172)) - new 3d5eb9b2-a9f4-4243-a2dd-02e0a570989c-SegmentedRaftLogWorker:Storage Directory /workdir/hadoop-ozone/integration-test/target/test-dir/MiniOzoneClusterImpl-afd2179f-99c6-4f80-80f5-ac745fcf97f2/datanode-3/data/ratis/65ae3655-9651-446c-a92c-c7ad426f0267 for RaftStorage:Storage Directory /workdir/hadoop-ozone/integration-test/target/test-dir/MiniOzoneClusterImpl-afd2179f-99c6-4f80-80f5-ac745fcf97f2/datanode-3/data/ratis/65ae3655-9651-446c-a92c-c7ad426f0267
2019-08-23 23:59:08,499 [pool-483-thread-1] INFO  server.RaftServerConfigKeys (ConfUtils.java:logGet(43)) - raft.server.log.queue.byte-limit = 2147483647 (custom)
2019-08-23 23:59:08,500 [pool-472-thread-1] INFO  server.RaftServerConfigKeys (ConfUtils.java:logGet(43)) - raft.server.log.queue.byte-limit = 2147483647 (custom)
2019-08-23 23:59:08,500 [pool-494-thread-1] INFO  segmented.SegmentedRaftLogWorker (SegmentedRaftLogWorker.java:lambda$new$0(132)) - d1f7a5bb-ef63-436e-b61b-faa886bf0f1d-SegmentedRaftLogWorker:Storage Directory /workdir/hadoop-ozone/integration-test/target/test-dir/MiniOzoneClusterImpl-afd2179f-99c6-4f80-80f5-ac745fcf97f2/datanode-5/data/ratis/65ae3655-9651-446c-a92c-c7ad426f0267: flushIndex: setUnconditionally 0 -> -1
2019-08-23 23:59:08,500 [pool-472-thread-1] INFO  server.RaftServerConfigKeys (ConfUtils.java:logGet(43)) - raft.server.log.queue.element-limit = 1024 (custom)
2019-08-23 23:59:08,500 [pool-483-thread-1] INFO  server.RaftServerConfigKeys (ConfUtils.java:logGet(43)) - raft.server.log.queue.element-limit = 1024 (custom)
2019-08-23 23:59:08,500 [pool-494-thread-1] INFO  server.RaftServerConfigKeys (ConfUtils.java:logGet(43)) - raft.server.snapshot.auto.trigger.enabled = true (custom)
2019-08-23 23:59:08,500 [pool-472-thread-1] INFO  server.RaftServerConfigKeys (ConfUtils.java:logGet(43)) - raft.server.log.segment.size.max = 1048576 (custom)
2019-08-23 23:59:08,500 [pool-494-thread-1] INFO  server.RaftServerConfigKeys (ConfUtils.java:logGet(43)) - raft.server.snapshot.auto.trigger.threshold = 10000 (custom)
2019-08-23 23:59:08,500 [pool-483-thread-1] INFO  server.RaftServerConfigKeys (ConfUtils.java:logGet(43)) - raft.server.log.segment.size.max = 1048576 (custom)
2019-08-23 23:59:08,501 [pool-494-thread-1] INFO  server.RaftServerConfigKeys (ConfUtils.java:logGet(43)) - raft.server.retrycache.expirytime = 600000ms (custom)
2019-08-23 23:59:08,501 [pool-472-thread-1] INFO  server.RaftServerConfigKeys (ConfUtils.java:logGet(43)) - raft.server.log.preallocated.size = 16384 (custom)
2019-08-23 23:59:08,501 [pool-494-thread-1] INFO  impl.RaftServerImpl (RaftServerImpl.java:start(180)) - d1f7a5bb-ef63-436e-b61b-faa886bf0f1d: start group-C7AD426F0267
2019-08-23 23:59:08,501 [pool-483-thread-1] INFO  server.RaftServerConfigKeys (ConfUtils.java:logGet(43)) - raft.server.log.preallocated.size = 16384 (custom)
2019-08-23 23:59:08,501 [pool-494-thread-1] INFO  impl.RaftServerImpl (RaftServerImpl.java:setRole(171)) - d1f7a5bb-ef63-436e-b61b-faa886bf0f1d:group-C7AD426F0267 changes role from null to FOLLOWER at term 0 for startAsFollower
2019-08-23 23:59:08,501 [pool-472-thread-1] INFO  server.RaftServerConfigKeys (ConfUtils.java:logGet(43)) - raft.server.log.write.buffer.size = 33554432 (custom)
2019-08-23 23:59:08,502 [pool-494-thread-1] INFO  impl.RoleInfo (RoleInfo.java:updateAndGet(143)) - d1f7a5bb-ef63-436e-b61b-faa886bf0f1d: start FollowerState
2019-08-23 23:59:08,501 [pool-483-thread-1] INFO  server.RaftServerConfigKeys (ConfUtils.java:logGet(43)) - raft.server.log.write.buffer.size = 33554432 (custom)
2019-08-23 23:59:08,502 [pool-472-thread-1] INFO  server.RaftServerConfigKeys (ConfUtils.java:logGet(43)) - raft.server.log.force.sync.num = 128 (default)
2019-08-23 23:59:08,502 [pool-494-thread-1] INFO  util.JmxRegister (JmxRegister.java:tryRegister(44)) - Successfully registered JMX Bean with object name Ratis:service=RaftServer,group=group-C7AD426F0267,id=d1f7a5bb-ef63-436e-b61b-faa886bf0f1d
2019-08-23 23:59:08,502 [pool-483-thread-1] INFO  server.RaftServerConfigKeys (ConfUtils.java:logGet(43)) - raft.server.log.force.sync.num = 128 (default)
2019-08-23 23:59:08,502 [pool-472-thread-1] INFO  server.RaftServerConfigKeys (ConfUtils.java:logGet(43)) - raft.server.log.statemachine.data.sync = true (default)
2019-08-23 23:59:08,503 [pool-483-thread-1] INFO  server.RaftServerConfigKeys (ConfUtils.java:logGet(43)) - raft.server.log.statemachine.data.sync = true (default)
2019-08-23 23:59:08,503 [pool-472-thread-1] INFO  server.RaftServerConfigKeys (ConfUtils.java:logGet(43)) - raft.server.log.statemachine.data.sync.timeout = 10s (default)
2019-08-23 23:59:08,503 [pool-483-thread-1] INFO  server.RaftServerConfigKeys (ConfUtils.java:logGet(43)) - raft.server.log.statemachine.data.sync.timeout = 10s (default)
2019-08-23 23:59:08,503 [pool-472-thread-1] INFO  server.RaftServerConfigKeys (ConfUtils.java:logGet(43)) - raft.server.log.statemachine.data.sync.timeout.retry = -1 (default)
2019-08-23 23:59:08,503 [pool-483-thread-1] INFO  server.RaftServerConfigKeys (ConfUtils.java:logGet(43)) - raft.server.log.statemachine.data.sync.timeout.retry = -1 (default)
2019-08-23 23:59:08,503 [pool-472-thread-1] INFO  server.RaftServerConfigKeys (ConfUtils.java:logGet(43)) - raft.server.log.statemachine.data.caching.enabled = true (custom)
2019-08-23 23:59:08,504 [pool-483-thread-1] INFO  server.RaftServerConfigKeys (ConfUtils.java:logGet(43)) - raft.server.log.statemachine.data.caching.enabled = true (custom)
2019-08-23 23:59:08,506 [pool-472-thread-1] INFO  segmented.SegmentedRaftLogWorker (SegmentedRaftLogWorker.java:lambda$new$0(132)) - 3d5eb9b2-a9f4-4243-a2dd-02e0a570989c-SegmentedRaftLogWorker:Storage Directory /workdir/hadoop-ozone/integration-test/target/test-dir/MiniOzoneClusterImpl-afd2179f-99c6-4f80-80f5-ac745fcf97f2/datanode-3/data/ratis/65ae3655-9651-446c-a92c-c7ad426f0267: flushIndex: setUnconditionally 0 -> -1
2019-08-23 23:59:08,507 [pool-483-thread-1] INFO  segmented.SegmentedRaftLogWorker (SegmentedRaftLogWorker.java:lambda$new$0(132)) - c360f659-8ca7-48e8-94e2-fabef6965a78-SegmentedRaftLogWorker:Storage Directory /workdir/hadoop-ozone/integration-test/target/test-dir/MiniOzoneClusterImpl-afd2179f-99c6-4f80-80f5-ac745fcf97f2/datanode-4/data/ratis/65ae3655-9651-446c-a92c-c7ad426f0267: flushIndex: setUnconditionally 0 -> -1
2019-08-23 23:59:08,507 [pool-472-thread-1] INFO  server.RaftServerConfigKeys (ConfUtils.java:logGet(43)) - raft.server.snapshot.auto.trigger.enabled = true (custom)
2019-08-23 23:59:08,507 [pool-483-thread-1] INFO  server.RaftServerConfigKeys (ConfUtils.java:logGet(43)) - raft.server.snapshot.auto.trigger.enabled = true (custom)
2019-08-23 23:59:08,507 [pool-472-thread-1] INFO  server.RaftServerConfigKeys (ConfUtils.java:logGet(43)) - raft.server.snapshot.auto.trigger.threshold = 10000 (custom)
2019-08-23 23:59:08,507 [pool-483-thread-1] INFO  server.RaftServerConfigKeys (ConfUtils.java:logGet(43)) - raft.server.snapshot.auto.trigger.threshold = 10000 (custom)
2019-08-23 23:59:08,507 [pool-472-thread-1] INFO  server.RaftServerConfigKeys (ConfUtils.java:logGet(43)) - raft.server.retrycache.expirytime = 600000ms (custom)
2019-08-23 23:59:08,507 [pool-483-thread-1] INFO  server.RaftServerConfigKeys (ConfUtils.java:logGet(43)) - raft.server.retrycache.expirytime = 600000ms (custom)
2019-08-23 23:59:08,508 [pool-472-thread-1] INFO  impl.RaftServerImpl (RaftServerImpl.java:start(180)) - 3d5eb9b2-a9f4-4243-a2dd-02e0a570989c: start group-C7AD426F0267
2019-08-23 23:59:08,508 [pool-483-thread-1] INFO  impl.RaftServerImpl (RaftServerImpl.java:start(180)) - c360f659-8ca7-48e8-94e2-fabef6965a78: start group-C7AD426F0267
2019-08-23 23:59:08,508 [pool-472-thread-1] INFO  impl.RaftServerImpl (RaftServerImpl.java:setRole(171)) - 3d5eb9b2-a9f4-4243-a2dd-02e0a570989c:group-C7AD426F0267 changes role from null to FOLLOWER at term 0 for startAsFollower
2019-08-23 23:59:08,508 [pool-483-thread-1] INFO  impl.RaftServerImpl (RaftServerImpl.java:setRole(171)) - c360f659-8ca7-48e8-94e2-fabef6965a78:group-C7AD426F0267 changes role from null to FOLLOWER at term 0 for startAsFollower
2019-08-23 23:59:08,508 [pool-472-thread-1] INFO  impl.RoleInfo (RoleInfo.java:updateAndGet(143)) - 3d5eb9b2-a9f4-4243-a2dd-02e0a570989c: start FollowerState
2019-08-23 23:59:08,508 [pool-483-thread-1] INFO  impl.RoleInfo (RoleInfo.java:updateAndGet(143)) - c360f659-8ca7-48e8-94e2-fabef6965a78: start FollowerState
2019-08-23 23:59:08,508 [pool-472-thread-1] INFO  util.JmxRegister (JmxRegister.java:tryRegister(44)) - Successfully registered JMX Bean with object name Ratis:service=RaftServer,group=group-C7AD426F0267,id=3d5eb9b2-a9f4-4243-a2dd-02e0a570989c
2019-08-23 23:59:08,509 [pool-483-thread-1] INFO  util.JmxRegister (JmxRegister.java:tryRegister(44)) - Successfully registered JMX Bean with object name Ratis:service=RaftServer,group=group-C7AD426F0267,id=c360f659-8ca7-48e8-94e2-fabef6965a78
2019-08-23 23:59:08,516 [RatisPipelineUtilsThread] INFO  pipeline.PipelineStateManager (PipelineStateManager.java:addPipeline(56)) - Created pipeline Pipeline[ Id: 65ae3655-9651-446c-a92c-c7ad426f0267, Nodes: d1f7a5bb-ef63-436e-b61b-faa886bf0f1d{ip: 192.168.34.57, host: pr-hdds-1909-kfjhh-925290811, networkLocation: /default-rack, certSerialId: null}c360f659-8ca7-48e8-94e2-fabef6965a78{ip: 192.168.34.57, host: pr-hdds-1909-kfjhh-925290811, networkLocation: /default-rack, certSerialId: null}3d5eb9b2-a9f4-4243-a2dd-02e0a570989c{ip: 192.168.34.57, host: pr-hdds-1909-kfjhh-925290811, networkLocation: /default-rack, certSerialId: null}, Type:RATIS, Factor:THREE, State:OPEN]
2019-08-23 23:59:08,607 [main] INFO  ozone.MiniOzoneClusterImpl (MiniOzoneClusterImpl.java:lambda$waitForClusterToBeReady$0(142)) - Waiting for cluster to be ready. Got 6 of 7 DN Heartbeats.
2019-08-23 23:59:08,607 [IPC Server handler 0 on 35013] INFO  net.NetworkTopology (NetworkTopologyImpl.java:add(110)) - Added a new node: /default-rack/d0d9dee8-e77d-4d46-9003-12ee559a6c29
2019-08-23 23:59:08,607 [IPC Server handler 0 on 35013] INFO  node.SCMNodeManager (SCMNodeManager.java:register(273)) - Registered Data node : d0d9dee8-e77d-4d46-9003-12ee559a6c29{ip: 192.168.34.57, host: pr-hdds-1909-kfjhh-925290811, networkLocation: /default-rack, certSerialId: null}
2019-08-23 23:59:08,608 | INFO  | SCMAudit | user=jenkins1000 | ip=192.168.34.57 | op=REGISTER {datanodeDetails=d0d9dee8-e77d-4d46-9003-12ee559a6c29{ip: 192.168.34.57, host: pr-hdds-1909-kfjhh-925290811, networkLocation: /default-rack, certSerialId: null}} | ret=SUCCESS |  
2019-08-23 23:59:08,614 [grpc-default-executor-3] INFO  impl.RaftServerProxy (RaftServerProxy.java:addNew(89)) - d0d9dee8-e77d-4d46-9003-12ee559a6c29: addNew group-844EEEC9BD0C:[d0d9dee8-e77d-4d46-9003-12ee559a6c29:192.168.34.57:41278] returns group-844EEEC9BD0C:java.util.concurrent.CompletableFuture@77a9d5c8[Not completed]
2019-08-23 23:59:08,615 [pool-505-thread-1] INFO  impl.RaftServerImpl (RaftServerImpl.java:<init>(93)) - d0d9dee8-e77d-4d46-9003-12ee559a6c29: new RaftServerImpl for group-844EEEC9BD0C:[d0d9dee8-e77d-4d46-9003-12ee559a6c29:192.168.34.57:41278] with ContainerStateMachine:uninitialized
2019-08-23 23:59:08,615 [pool-505-thread-1] INFO  server.RaftServerConfigKeys (ConfUtils.java:logGet(43)) - raft.server.rpc.timeout.min = 5s (custom)
2019-08-23 23:59:08,615 [pool-505-thread-1] INFO  server.RaftServerConfigKeys (ConfUtils.java:logGet(43)) - raft.server.rpc.timeout.max = 5200ms (custom)
2019-08-23 23:59:08,616 [pool-505-thread-1] INFO  server.RaftServerConfigKeys (ConfUtils.java:logGet(43)) - raft.server.rpcslowness.timeout = 120s (custom)
2019-08-23 23:59:08,616 [pool-505-thread-1] INFO  server.RaftServerConfigKeys (ConfUtils.java:logGet(43)) - raft.server.sleep.deviation.threshold = 300 (default)
2019-08-23 23:59:08,616 [pool-505-thread-1] INFO  server.RaftServerConfigKeys (ConfUtils.java:logGet(43)) - raft.server.log.appender.install.snapshot.enabled = false (custom)
2019-08-23 23:59:08,616 [pool-505-thread-1] INFO  impl.RaftServerImpl (ServerState.java:<init>(105)) - d0d9dee8-e77d-4d46-9003-12ee559a6c29:group-844EEEC9BD0C ConfigurationManager, init=-1: [d0d9dee8-e77d-4d46-9003-12ee559a6c29:192.168.34.57:41278], old=null, confs=<EMPTY_MAP>
2019-08-23 23:59:08,616 [pool-505-thread-1] INFO  server.RaftServerConfigKeys (ConfUtils.java:logGet(43)) - raft.server.storage.dir = [/workdir/hadoop-ozone/integration-test/target/test-dir/MiniOzoneClusterImpl-afd2179f-99c6-4f80-80f5-ac745fcf97f2/datanode-6/data/ratis] (custom)
2019-08-23 23:59:08,617 [pool-505-thread-1] INFO  storage.RaftStorageDirectory (RaftStorageDirectory.java:analyzeStorage(246)) - The storage directory /workdir/hadoop-ozone/integration-test/target/test-dir/MiniOzoneClusterImpl-afd2179f-99c6-4f80-80f5-ac745fcf97f2/datanode-6/data/ratis/20df83ef-fa2f-4814-8a77-844eeec9bd0c does not exist. Creating ...
2019-08-23 23:59:08,629 [pool-505-thread-1] INFO  storage.RaftStorageDirectory (RaftStorageDirectory.java:tryLock(328)) - Lock on /workdir/hadoop-ozone/integration-test/target/test-dir/MiniOzoneClusterImpl-afd2179f-99c6-4f80-80f5-ac745fcf97f2/datanode-6/data/ratis/20df83ef-fa2f-4814-8a77-844eeec9bd0c/in_use.lock acquired by nodename 11850@pr-hdds-1909-kfjhh-925290811
2019-08-23 23:59:08,642 [pool-505-thread-1] INFO  storage.RaftStorage (RaftStorage.java:format(72)) - Storage directory /workdir/hadoop-ozone/integration-test/target/test-dir/MiniOzoneClusterImpl-afd2179f-99c6-4f80-80f5-ac745fcf97f2/datanode-6/data/ratis/20df83ef-fa2f-4814-8a77-844eeec9bd0c has been successfully formatted.
2019-08-23 23:59:08,643 [pool-505-thread-1] INFO  ratis.ContainerStateMachine (ContainerStateMachine.java:loadSnapshot(226)) - group-844EEEC9BD0C: The snapshot info is null. Setting the last applied indexto:(t:0, i:~)
2019-08-23 23:59:08,643 [pool-505-thread-1] INFO  server.RaftServerConfigKeys (ConfUtils.java:logGet(43)) - raft.server.leader.election.timeout = 120s (custom)
2019-08-23 23:59:08,643 [pool-505-thread-1] INFO  server.RaftServerConfigKeys (ConfUtils.java:logGet(43)) - raft.server.log.use.memory = false (default)
2019-08-23 23:59:08,643 [pool-505-thread-1] INFO  server.RaftServerConfigKeys (ConfUtils.java:logGet(43)) - raft.server.log.purge.gap = 1000000 (custom)
2019-08-23 23:59:08,643 [pool-505-thread-1] INFO  server.RaftServerConfigKeys (ConfUtils.java:logGet(43)) - raft.server.log.appender.buffer.byte-limit = 33554432 (custom)
2019-08-23 23:59:08,643 [pool-505-thread-1] INFO  server.RaftServerConfigKeys (ConfUtils.java:logGet(43)) - raft.server.log.segment.size.max = 1048576 (custom)
2019-08-23 23:59:08,643 [pool-505-thread-1] INFO  server.RaftServerConfigKeys (ConfUtils.java:logGet(43)) - raft.server.log.segment.cache.num.max = 2 (custom)
2019-08-23 23:59:08,644 [pool-505-thread-1] INFO  segmented.SegmentedRaftLogWorker (SegmentedRaftLogWorker.java:<init>(172)) - new d0d9dee8-e77d-4d46-9003-12ee559a6c29-SegmentedRaftLogWorker:Storage Directory /workdir/hadoop-ozone/integration-test/target/test-dir/MiniOzoneClusterImpl-afd2179f-99c6-4f80-80f5-ac745fcf97f2/datanode-6/data/ratis/20df83ef-fa2f-4814-8a77-844eeec9bd0c for RaftStorage:Storage Directory /workdir/hadoop-ozone/integration-test/target/test-dir/MiniOzoneClusterImpl-afd2179f-99c6-4f80-80f5-ac745fcf97f2/datanode-6/data/ratis/20df83ef-fa2f-4814-8a77-844eeec9bd0c
2019-08-23 23:59:08,644 [pool-505-thread-1] INFO  server.RaftServerConfigKeys (ConfUtils.java:logGet(43)) - raft.server.log.queue.byte-limit = 2147483647 (custom)
2019-08-23 23:59:08,644 [pool-505-thread-1] INFO  server.RaftServerConfigKeys (ConfUtils.java:logGet(43)) - raft.server.log.queue.element-limit = 1024 (custom)
2019-08-23 23:59:08,644 [pool-505-thread-1] INFO  server.RaftServerConfigKeys (ConfUtils.java:logGet(43)) - raft.server.log.segment.size.max = 1048576 (custom)
2019-08-23 23:59:08,644 [pool-505-thread-1] INFO  server.RaftServerConfigKeys (ConfUtils.java:logGet(43)) - raft.server.log.preallocated.size = 16384 (custom)
2019-08-23 23:59:08,644 [pool-505-thread-1] INFO  server.RaftServerConfigKeys (ConfUtils.java:logGet(43)) - raft.server.log.write.buffer.size = 33554432 (custom)
2019-08-23 23:59:08,644 [pool-505-thread-1] INFO  server.RaftServerConfigKeys (ConfUtils.java:logGet(43)) - raft.server.log.force.sync.num = 128 (default)
2019-08-23 23:59:08,645 [pool-505-thread-1] INFO  server.RaftServerConfigKeys (ConfUtils.java:logGet(43)) - raft.server.log.statemachine.data.sync = true (default)
2019-08-23 23:59:08,645 [pool-505-thread-1] INFO  server.RaftServerConfigKeys (ConfUtils.java:logGet(43)) - raft.server.log.statemachine.data.sync.timeout = 10s (default)
2019-08-23 23:59:08,645 [pool-505-thread-1] INFO  server.RaftServerConfigKeys (ConfUtils.java:logGet(43)) - raft.server.log.statemachine.data.sync.timeout.retry = -1 (default)
2019-08-23 23:59:08,645 [pool-505-thread-1] INFO  server.RaftServerConfigKeys (ConfUtils.java:logGet(43)) - raft.server.log.statemachine.data.caching.enabled = true (custom)
2019-08-23 23:59:08,645 [pool-505-thread-1] INFO  segmented.SegmentedRaftLogWorker (SegmentedRaftLogWorker.java:lambda$new$0(132)) - d0d9dee8-e77d-4d46-9003-12ee559a6c29-SegmentedRaftLogWorker:Storage Directory /workdir/hadoop-ozone/integration-test/target/test-dir/MiniOzoneClusterImpl-afd2179f-99c6-4f80-80f5-ac745fcf97f2/datanode-6/data/ratis/20df83ef-fa2f-4814-8a77-844eeec9bd0c: flushIndex: setUnconditionally 0 -> -1
2019-08-23 23:59:08,646 [pool-505-thread-1] INFO  server.RaftServerConfigKeys (ConfUtils.java:logGet(43)) - raft.server.snapshot.auto.trigger.enabled = true (custom)
2019-08-23 23:59:08,646 [pool-505-thread-1] INFO  server.RaftServerConfigKeys (ConfUtils.java:logGet(43)) - raft.server.snapshot.auto.trigger.threshold = 10000 (custom)
2019-08-23 23:59:08,646 [pool-505-thread-1] INFO  server.RaftServerConfigKeys (ConfUtils.java:logGet(43)) - raft.server.retrycache.expirytime = 600000ms (custom)
2019-08-23 23:59:08,646 [pool-505-thread-1] INFO  impl.RaftServerImpl (RaftServerImpl.java:start(180)) - d0d9dee8-e77d-4d46-9003-12ee559a6c29: start group-844EEEC9BD0C
2019-08-23 23:59:08,646 [pool-505-thread-1] INFO  impl.RaftServerImpl (RaftServerImpl.java:setRole(171)) - d0d9dee8-e77d-4d46-9003-12ee559a6c29:group-844EEEC9BD0C changes role from null to FOLLOWER at term 0 for startAsFollower
2019-08-23 23:59:08,646 [pool-505-thread-1] INFO  impl.RoleInfo (RoleInfo.java:updateAndGet(143)) - d0d9dee8-e77d-4d46-9003-12ee559a6c29: start FollowerState
2019-08-23 23:59:08,647 [pool-505-thread-1] INFO  util.JmxRegister (JmxRegister.java:tryRegister(44)) - Successfully registered JMX Bean with object name Ratis:service=RaftServer,group=group-844EEEC9BD0C,id=d0d9dee8-e77d-4d46-9003-12ee559a6c29
2019-08-23 23:59:08,651 [RatisPipelineUtilsThread] INFO  pipeline.PipelineStateManager (PipelineStateManager.java:addPipeline(56)) - Created pipeline Pipeline[ Id: 20df83ef-fa2f-4814-8a77-844eeec9bd0c, Nodes: d0d9dee8-e77d-4d46-9003-12ee559a6c29{ip: 192.168.34.57, host: pr-hdds-1909-kfjhh-925290811, networkLocation: /default-rack, certSerialId: null}, Type:RATIS, Factor:ONE, State:OPEN]
2019-08-23 23:59:09,261 | INFO  | SCMAudit | user=jenkins1000 | ip=192.168.34.57 | op=SEND_HEARTBEAT {datanodeUUID=1ef69ad4-8e4b-4531-9aa2-a6c5c7c904fa, command=[]} | ret=SUCCESS |  
2019-08-23 23:59:09,440 | INFO  | SCMAudit | user=jenkins1000 | ip=192.168.34.57 | op=SEND_HEARTBEAT {datanodeUUID=ae8d4c35-055f-4407-86e2-4ec1f591227d, command=[]} | ret=SUCCESS |  
2019-08-23 23:59:09,607 [main] INFO  ozone.MiniOzoneClusterImpl (MiniOzoneClusterImpl.java:lambda$waitForClusterToBeReady$0(142)) - Cluster is ready. Got 7 of 7 DN Heartbeats.
2019-08-23 23:59:09,636 [main] INFO  rpc.RpcClient (RpcClient.java:createVolume(293)) - Creating Volume: testblockoutputstream, with jenkins1000 as owner.
2019-08-23 23:59:09,638 | INFO  | OMAudit | user=jenkins1000 | ip=127.0.0.1 | op=CREATE_VOLUME {admin=jenkins1000, owner=jenkins1000, volume=testblockoutputstream, creationTime=1566604749637, quotaInBytes=1152921504606846976} | ret=SUCCESS |  
2019-08-23 23:59:09,638 [IPC Server handler 1 on 34268] INFO  volume.OMVolumeCreateRequest (OMVolumeCreateRequest.java:validateAndUpdateCache(189)) - created volume:testblockoutputstream for user:jenkins1000
2019-08-23 23:59:09,651 | INFO  | OMAudit | user=jenkins1000 | ip=127.0.0.1 | op=READ_VOLUME {volume=testblockoutputstream} | ret=SUCCESS |  
2019-08-23 23:59:09,652 [main] INFO  rpc.RpcClient (RpcClient.java:createBucket(432)) - Creating Bucket: testblockoutputstream/testblockoutputstream, with Versioning false and Storage Type set to DISK and Encryption set to false 
2019-08-23 23:59:09,656 | INFO  | OMAudit | user=jenkins1000 | ip=127.0.0.1 | op=CREATE_BUCKET {volume=testblockoutputstream, bucket=testblockoutputstream, acls=[user:jenkins1000:a[ACCESS], group:default:a[ACCESS]], isVersionEnabled=false, storageType=DISK, creationTime=1566604749653} | ret=SUCCESS |  
2019-08-23 23:59:09,658 | INFO  | OMAudit | user=jenkins1000 | ip=127.0.0.1 | op=READ_VOLUME {volume=testblockoutputstream} | ret=SUCCESS |  
2019-08-23 23:59:09,659 | INFO  | OMAudit | user=jenkins1000 | ip=127.0.0.1 | op=READ_BUCKET {volume=testblockoutputstream, bucket=testblockoutputstream} | ret=SUCCESS |  
2019-08-23 23:59:09,662 | INFO  | SCMAudit | user=jenkins1000 | ip=192.168.34.57 | op=ALLOCATE_BLOCK {owner=7c6f217e-7641-4f44-a571-673c830b86d8, size=800, type=RATIS, factor=THREE} | ret=SUCCESS |  
2019-08-23 23:59:09,667 | INFO  | OMAudit | user=jenkins1000 | ip=127.0.0.1 | op=ALLOCATE_KEY {volume=testblockoutputstream, bucket=testblockoutputstream, key=3e32f8a1-d8ec-44c2-a531-e3ecf4137378, dataSize=800, replicationType=RATIS, replicationFactor=THREE, keyLocationInfo=[blockID {
  containerBlockID {
    containerID: 1
    localID: 102669008873848845
  }
  blockCommitSequenceId: 0
}
offset: 0
length: 800
createVersion: 0
pipeline {
  leaderID: ""
  members {
    uuid: "b371bb21-e6a8-4036-9b16-438c55cb3ead"
    ipAddress: "192.168.34.57"
    hostName: "pr-hdds-1909-kfjhh-925290811"
    ports {
      name: "REST"
      value: 41239
    }
    ports {
      name: "RATIS"
      value: 32823
    }
    ports {
      name: "STANDALONE"
      value: 35969
    }
    networkName: "b371bb21-e6a8-4036-9b16-438c55cb3ead"
    networkLocation: "/default-rack"
  }
  members {
    uuid: "1ef69ad4-8e4b-4531-9aa2-a6c5c7c904fa"
    ipAddress: "192.168.34.57"
    hostName: "pr-hdds-1909-kfjhh-925290811"
    ports {
      name: "REST"
      value: 45011
    }
    ports {
      name: "RATIS"
      value: 42315
    }
    ports {
      name: "STANDALONE"
      value: 36094
    }
    networkName: "1ef69ad4-8e4b-4531-9aa2-a6c5c7c904fa"
    networkLocation: "/default-rack"
  }
  members {
    uuid: "ae8d4c35-055f-4407-86e2-4ec1f591227d"
    ipAddress: "192.168.34.57"
    hostName: "pr-hdds-1909-kfjhh-925290811"
    ports {
      name: "REST"
      value: 35542
    }
    ports {
      name: "RATIS"
      value: 38373
    }
    ports {
      name: "STANDALONE"
      value: 32946
    }
    networkName: "ae8d4c35-055f-4407-86e2-4ec1f591227d"
    networkLocation: "/default-rack"
  }
  state: PIPELINE_OPEN
  type: RATIS
  factor: THREE
  id {
    id: "333babfa-cd5f-487a-a66e-f9563ca9129c"
  }
}
]} | ret=SUCCESS |  
2019-08-23 23:59:09,680 [grpc-default-executor-3] INFO  client.GrpcClientProtocolClient (GrpcClientProtocolClient.java:onNext(255)) - client-F6DDC4E4886F->b371bb21-e6a8-4036-9b16-438c55cb3ead: receive RaftClientReply:client-F6DDC4E4886F->b371bb21-e6a8-4036-9b16-438c55cb3ead@group-F9563CA9129C, cid=175, FAILED org.apache.ratis.protocol.NotLeaderException: Server b371bb21-e6a8-4036-9b16-438c55cb3ead is not the leader (null). Request must be sent to leader., logIndex=0, commits[b371bb21-e6a8-4036-9b16-438c55cb3ead:c-1]
2019-08-23 23:59:09,818 | INFO  | SCMAudit | user=jenkins1000 | ip=192.168.34.57 | op=SEND_HEARTBEAT {datanodeUUID=b371bb21-e6a8-4036-9b16-438c55cb3ead, command=[]} | ret=SUCCESS |  
2019-08-23 23:59:10,026 | INFO  | SCMAudit | user=jenkins1000 | ip=192.168.34.57 | op=SEND_HEARTBEAT {datanodeUUID=3d5eb9b2-a9f4-4243-a2dd-02e0a570989c, command=[]} | ret=SUCCESS |  
2019-08-23 23:59:10,220 | INFO  | SCMAudit | user=jenkins1000 | ip=192.168.34.57 | op=SEND_HEARTBEAT {datanodeUUID=c360f659-8ca7-48e8-94e2-fabef6965a78, command=[]} | ret=SUCCESS |  
2019-08-23 23:59:10,261 | INFO  | SCMAudit | user=jenkins1000 | ip=192.168.34.57 | op=SEND_HEARTBEAT {datanodeUUID=1ef69ad4-8e4b-4531-9aa2-a6c5c7c904fa, command=[]} | ret=SUCCESS |  
2019-08-23 23:59:10,274 [Thread-3289] INFO  container.ReplicationManager (ReplicationManager.java:start(152)) - Starting Replication Monitor Thread.
2019-08-23 23:59:10,279 [ReplicationMonitor] INFO  container.ReplicationManager (ReplicationManager.java:run(215)) - Replication Monitor Thread took 1 milliseconds for processing 1 containers.
2019-08-23 23:59:10,399 | INFO  | SCMAudit | user=jenkins1000 | ip=192.168.34.57 | op=SEND_HEARTBEAT {datanodeUUID=d1f7a5bb-ef63-436e-b61b-faa886bf0f1d, command=[]} | ret=SUCCESS |  
2019-08-23 23:59:10,440 | INFO  | SCMAudit | user=jenkins1000 | ip=192.168.34.57 | op=SEND_HEARTBEAT {datanodeUUID=ae8d4c35-055f-4407-86e2-4ec1f591227d, command=[]} | ret=SUCCESS |  
2019-08-23 23:59:10,607 | INFO  | SCMAudit | user=jenkins1000 | ip=192.168.34.57 | op=SEND_HEARTBEAT {datanodeUUID=d0d9dee8-e77d-4d46-9003-12ee559a6c29, command=[]} | ret=SUCCESS |  
2019-08-23 23:59:10,697 [grpc-default-executor-3] INFO  client.GrpcClientProtocolClient (GrpcClientProtocolClient.java:onNext(255)) - client-F6DDC4E4886F->ae8d4c35-055f-4407-86e2-4ec1f591227d: receive RaftClientReply:client-F6DDC4E4886F->ae8d4c35-055f-4407-86e2-4ec1f591227d@group-F9563CA9129C, cid=175, FAILED org.apache.ratis.protocol.NotLeaderException: Server ae8d4c35-055f-4407-86e2-4ec1f591227d is not the leader (null). Request must be sent to leader., logIndex=0, commits[ae8d4c35-055f-4407-86e2-4ec1f591227d:c-1]
2019-08-23 23:59:10,818 | INFO  | SCMAudit | user=jenkins1000 | ip=192.168.34.57 | op=SEND_HEARTBEAT {datanodeUUID=b371bb21-e6a8-4036-9b16-438c55cb3ead, command=[]} | ret=SUCCESS |  
2019-08-23 23:59:11,025 | INFO  | SCMAudit | user=jenkins1000 | ip=192.168.34.57 | op=SEND_HEARTBEAT {datanodeUUID=3d5eb9b2-a9f4-4243-a2dd-02e0a570989c, command=[]} | ret=SUCCESS |  
2019-08-23 23:59:11,220 | INFO  | SCMAudit | user=jenkins1000 | ip=192.168.34.57 | op=SEND_HEARTBEAT {datanodeUUID=c360f659-8ca7-48e8-94e2-fabef6965a78, command=[]} | ret=SUCCESS |  
2019-08-23 23:59:11,261 | INFO  | SCMAudit | user=jenkins1000 | ip=192.168.34.57 | op=SEND_HEARTBEAT {datanodeUUID=1ef69ad4-8e4b-4531-9aa2-a6c5c7c904fa, command=[]} | ret=SUCCESS |  
2019-08-23 23:59:11,399 | INFO  | SCMAudit | user=jenkins1000 | ip=192.168.34.57 | op=SEND_HEARTBEAT {datanodeUUID=d1f7a5bb-ef63-436e-b61b-faa886bf0f1d, command=[]} | ret=SUCCESS |  
2019-08-23 23:59:11,440 | INFO  | SCMAudit | user=jenkins1000 | ip=192.168.34.57 | op=SEND_HEARTBEAT {datanodeUUID=ae8d4c35-055f-4407-86e2-4ec1f591227d, command=[]} | ret=SUCCESS |  
2019-08-23 23:59:11,607 | INFO  | SCMAudit | user=jenkins1000 | ip=192.168.34.57 | op=SEND_HEARTBEAT {datanodeUUID=d0d9dee8-e77d-4d46-9003-12ee559a6c29, command=[]} | ret=SUCCESS |  
2019-08-23 23:59:11,713 [grpc-default-executor-3] INFO  client.GrpcClientProtocolClient (GrpcClientProtocolClient.java:onNext(255)) - client-F6DDC4E4886F->1ef69ad4-8e4b-4531-9aa2-a6c5c7c904fa: receive RaftClientReply:client-F6DDC4E4886F->1ef69ad4-8e4b-4531-9aa2-a6c5c7c904fa@group-F9563CA9129C, cid=175, FAILED org.apache.ratis.protocol.NotLeaderException: Server 1ef69ad4-8e4b-4531-9aa2-a6c5c7c904fa is not the leader (null). Request must be sent to leader., logIndex=0, commits[1ef69ad4-8e4b-4531-9aa2-a6c5c7c904fa:c-1]
2019-08-23 23:59:11,819 | INFO  | SCMAudit | user=jenkins1000 | ip=192.168.34.57 | op=SEND_HEARTBEAT {datanodeUUID=b371bb21-e6a8-4036-9b16-438c55cb3ead, command=[]} | ret=SUCCESS |  
2019-08-23 23:59:12,026 | INFO  | SCMAudit | user=jenkins1000 | ip=192.168.34.57 | op=SEND_HEARTBEAT {datanodeUUID=3d5eb9b2-a9f4-4243-a2dd-02e0a570989c, command=[]} | ret=SUCCESS |  
2019-08-23 23:59:12,220 | INFO  | SCMAudit | user=jenkins1000 | ip=192.168.34.57 | op=SEND_HEARTBEAT {datanodeUUID=c360f659-8ca7-48e8-94e2-fabef6965a78, command=[]} | ret=SUCCESS |  
2019-08-23 23:59:12,261 | INFO  | SCMAudit | user=jenkins1000 | ip=192.168.34.57 | op=SEND_HEARTBEAT {datanodeUUID=1ef69ad4-8e4b-4531-9aa2-a6c5c7c904fa, command=[]} | ret=SUCCESS |  
2019-08-23 23:59:12,399 | INFO  | SCMAudit | user=jenkins1000 | ip=192.168.34.57 | op=SEND_HEARTBEAT {datanodeUUID=d1f7a5bb-ef63-436e-b61b-faa886bf0f1d, command=[]} | ret=SUCCESS |  
2019-08-23 23:59:12,440 | INFO  | SCMAudit | user=jenkins1000 | ip=192.168.34.57 | op=SEND_HEARTBEAT {datanodeUUID=ae8d4c35-055f-4407-86e2-4ec1f591227d, command=[]} | ret=SUCCESS |  
2019-08-23 23:59:12,491 [Thread-3291] INFO  impl.FollowerState (FollowerState.java:run(106)) - 1ef69ad4-8e4b-4531-9aa2-a6c5c7c904fa:group-E35C89C5F296 changes to CANDIDATE, lastRpcTime:5161, electionTimeout:5161ms
2019-08-23 23:59:12,491 [Thread-3291] INFO  impl.RoleInfo (RoleInfo.java:shutdownFollowerState(121)) - 1ef69ad4-8e4b-4531-9aa2-a6c5c7c904fa: shutdown FollowerState
2019-08-23 23:59:12,491 [Thread-3291] INFO  impl.RaftServerImpl (RaftServerImpl.java:setRole(171)) - 1ef69ad4-8e4b-4531-9aa2-a6c5c7c904fa:group-E35C89C5F296 changes role from FOLLOWER to CANDIDATE at term 0 for changeToCandidate
2019-08-23 23:59:12,491 [Thread-3291] INFO  impl.RoleInfo (RoleInfo.java:updateAndGet(143)) - 1ef69ad4-8e4b-4531-9aa2-a6c5c7c904fa: start LeaderElection
2019-08-23 23:59:12,514 [Thread-3294] INFO  impl.FollowerState (FollowerState.java:run(106)) - ae8d4c35-055f-4407-86e2-4ec1f591227d:group-7FEE62A0B786 changes to CANDIDATE, lastRpcTime:5031, electionTimeout:5020ms
2019-08-23 23:59:12,515 [Thread-3294] INFO  impl.RoleInfo (RoleInfo.java:shutdownFollowerState(121)) - ae8d4c35-055f-4407-86e2-4ec1f591227d: shutdown FollowerState
2019-08-23 23:59:12,515 [Thread-3294] INFO  impl.RaftServerImpl (RaftServerImpl.java:setRole(171)) - ae8d4c35-055f-4407-86e2-4ec1f591227d:group-7FEE62A0B786 changes role from FOLLOWER to CANDIDATE at term 0 for changeToCandidate
2019-08-23 23:59:12,515 [Thread-3294] INFO  impl.RoleInfo (RoleInfo.java:updateAndGet(143)) - ae8d4c35-055f-4407-86e2-4ec1f591227d: start LeaderElection
2019-08-23 23:59:12,529 [1ef69ad4-8e4b-4531-9aa2-a6c5c7c904fa:group-E35C89C5F296:LeaderElection50] INFO  impl.LeaderElection (LeaderElection.java:askForVotes(181)) - 1ef69ad4-8e4b-4531-9aa2-a6c5c7c904fa:group-E35C89C5F296:LeaderElection50: begin an election at term 1 for -1: [1ef69ad4-8e4b-4531-9aa2-a6c5c7c904fa:192.168.34.57:42315], old=null
2019-08-23 23:59:12,529 [ae8d4c35-055f-4407-86e2-4ec1f591227d:group-7FEE62A0B786:LeaderElection51] INFO  impl.LeaderElection (LeaderElection.java:askForVotes(181)) - ae8d4c35-055f-4407-86e2-4ec1f591227d:group-7FEE62A0B786:LeaderElection51: begin an election at term 1 for -1: [ae8d4c35-055f-4407-86e2-4ec1f591227d:192.168.34.57:38373], old=null
2019-08-23 23:59:12,529 [1ef69ad4-8e4b-4531-9aa2-a6c5c7c904fa:group-E35C89C5F296:LeaderElection50] INFO  impl.RoleInfo (RoleInfo.java:shutdownLeaderElection(134)) - 1ef69ad4-8e4b-4531-9aa2-a6c5c7c904fa: shutdown LeaderElection
2019-08-23 23:59:12,529 [ae8d4c35-055f-4407-86e2-4ec1f591227d:group-7FEE62A0B786:LeaderElection51] INFO  impl.RoleInfo (RoleInfo.java:shutdownLeaderElection(134)) - ae8d4c35-055f-4407-86e2-4ec1f591227d: shutdown LeaderElection
2019-08-23 23:59:12,529 [1ef69ad4-8e4b-4531-9aa2-a6c5c7c904fa:group-E35C89C5F296:LeaderElection50] INFO  impl.RaftServerImpl (RaftServerImpl.java:setRole(171)) - 1ef69ad4-8e4b-4531-9aa2-a6c5c7c904fa:group-E35C89C5F296 changes role from CANDIDATE to LEADER at term 1 for changeToLeader
2019-08-23 23:59:12,529 [ae8d4c35-055f-4407-86e2-4ec1f591227d:group-7FEE62A0B786:LeaderElection51] INFO  impl.RaftServerImpl (RaftServerImpl.java:setRole(171)) - ae8d4c35-055f-4407-86e2-4ec1f591227d:group-7FEE62A0B786 changes role from CANDIDATE to LEADER at term 1 for changeToLeader
2019-08-23 23:59:12,529 [1ef69ad4-8e4b-4531-9aa2-a6c5c7c904fa:group-E35C89C5F296:LeaderElection50] INFO  impl.RaftServerImpl (ServerState.java:setLeader(263)) - 1ef69ad4-8e4b-4531-9aa2-a6c5c7c904fa:group-E35C89C5F296 change Leader from null to 1ef69ad4-8e4b-4531-9aa2-a6c5c7c904fa at term 1 for becomeLeader, leader elected after 5204ms
2019-08-23 23:59:12,529 [ae8d4c35-055f-4407-86e2-4ec1f591227d:group-7FEE62A0B786:LeaderElection51] INFO  impl.RaftServerImpl (ServerState.java:setLeader(263)) - ae8d4c35-055f-4407-86e2-4ec1f591227d:group-7FEE62A0B786 change Leader from null to ae8d4c35-055f-4407-86e2-4ec1f591227d at term 1 for becomeLeader, leader elected after 5050ms
2019-08-23 23:59:12,530 [1ef69ad4-8e4b-4531-9aa2-a6c5c7c904fa:group-E35C89C5F296:LeaderElection50] INFO  server.RaftServerConfigKeys (ConfUtils.java:logGet(43)) - raft.server.staging.catchup.gap = 1000 (default)
2019-08-23 23:59:12,530 [ae8d4c35-055f-4407-86e2-4ec1f591227d:group-7FEE62A0B786:LeaderElection51] INFO  server.RaftServerConfigKeys (ConfUtils.java:logGet(43)) - raft.server.staging.catchup.gap = 1000 (default)
2019-08-23 23:59:12,530 [1ef69ad4-8e4b-4531-9aa2-a6c5c7c904fa:group-E35C89C5F296:LeaderElection50] INFO  server.RaftServerConfigKeys (ConfUtils.java:logGet(43)) - raft.server.rpc.sleep.time = 25ms (default)
2019-08-23 23:59:12,530 [ae8d4c35-055f-4407-86e2-4ec1f591227d:group-7FEE62A0B786:LeaderElection51] INFO  server.RaftServerConfigKeys (ConfUtils.java:logGet(43)) - raft.server.rpc.sleep.time = 25ms (default)
2019-08-23 23:59:12,530 [1ef69ad4-8e4b-4531-9aa2-a6c5c7c904fa:group-E35C89C5F296:LeaderElection50] INFO  server.RaftServerConfigKeys (ConfUtils.java:logGet(43)) - raft.server.write.element-limit = 4096 (default)
2019-08-23 23:59:12,530 [ae8d4c35-055f-4407-86e2-4ec1f591227d:group-7FEE62A0B786:LeaderElection51] INFO  server.RaftServerConfigKeys (ConfUtils.java:logGet(43)) - raft.server.write.element-limit = 4096 (default)
2019-08-23 23:59:12,530 [1ef69ad4-8e4b-4531-9aa2-a6c5c7c904fa:group-E35C89C5F296:LeaderElection50] INFO  server.RaftServerConfigKeys (ConfUtils.java:logGet(43)) - raft.server.watch.timeout = 10s (default)
2019-08-23 23:59:12,531 [ae8d4c35-055f-4407-86e2-4ec1f591227d:group-7FEE62A0B786:LeaderElection51] INFO  server.RaftServerConfigKeys (ConfUtils.java:logGet(43)) - raft.server.watch.timeout = 10s (default)
2019-08-23 23:59:12,531 [1ef69ad4-8e4b-4531-9aa2-a6c5c7c904fa:group-E35C89C5F296:LeaderElection50] INFO  server.RaftServerConfigKeys (ConfUtils.java:logGet(43)) - raft.server.watch.timeout.denomination = 1s (default)
2019-08-23 23:59:12,531 [ae8d4c35-055f-4407-86e2-4ec1f591227d:group-7FEE62A0B786:LeaderElection51] INFO  server.RaftServerConfigKeys (ConfUtils.java:logGet(43)) - raft.server.watch.timeout.denomination = 1s (default)
2019-08-23 23:59:12,531 [1ef69ad4-8e4b-4531-9aa2-a6c5c7c904fa:group-E35C89C5F296:LeaderElection50] INFO  server.RaftServerConfigKeys (ConfUtils.java:logGet(43)) - raft.server.watch.element-limit = 65536 (default)
2019-08-23 23:59:12,531 [ae8d4c35-055f-4407-86e2-4ec1f591227d:group-7FEE62A0B786:LeaderElection51] INFO  server.RaftServerConfigKeys (ConfUtils.java:logGet(43)) - raft.server.watch.element-limit = 65536 (default)
2019-08-23 23:59:12,531 [1ef69ad4-8e4b-4531-9aa2-a6c5c7c904fa:group-E35C89C5F296:LeaderElection50] INFO  impl.RoleInfo (RoleInfo.java:updateAndGet(143)) - 1ef69ad4-8e4b-4531-9aa2-a6c5c7c904fa: start LeaderState
2019-08-23 23:59:12,532 [ae8d4c35-055f-4407-86e2-4ec1f591227d:group-7FEE62A0B786:LeaderElection51] INFO  impl.RoleInfo (RoleInfo.java:updateAndGet(143)) - ae8d4c35-055f-4407-86e2-4ec1f591227d: start LeaderState
2019-08-23 23:59:12,532 [1ef69ad4-8e4b-4531-9aa2-a6c5c7c904fa:group-E35C89C5F296:LeaderElection50] INFO  segmented.SegmentedRaftLogWorker (SegmentedRaftLogWorker.java:startLogSegment(380)) - 1ef69ad4-8e4b-4531-9aa2-a6c5c7c904fa-SegmentedRaftLogWorker:Storage Directory /workdir/hadoop-ozone/integration-test/target/test-dir/MiniOzoneClusterImpl-afd2179f-99c6-4f80-80f5-ac745fcf97f2/datanode-0/data/ratis/10b2a3df-0375-4751-9cc3-e35c89c5f296: Starting segment from index:0
2019-08-23 23:59:12,532 [ae8d4c35-055f-4407-86e2-4ec1f591227d:group-7FEE62A0B786:LeaderElection51] INFO  segmented.SegmentedRaftLogWorker (SegmentedRaftLogWorker.java:startLogSegment(380)) - ae8d4c35-055f-4407-86e2-4ec1f591227d-SegmentedRaftLogWorker:Storage Directory /workdir/hadoop-ozone/integration-test/target/test-dir/MiniOzoneClusterImpl-afd2179f-99c6-4f80-80f5-ac745fcf97f2/datanode-1/data/ratis/61854d66-f4a9-4e1e-9925-7fee62a0b786: Starting segment from index:0
2019-08-23 23:59:12,532 [1ef69ad4-8e4b-4531-9aa2-a6c5c7c904fa:group-E35C89C5F296:LeaderElection50] INFO  impl.RaftServerImpl (ServerState.java:setRaftConf(361)) - 1ef69ad4-8e4b-4531-9aa2-a6c5c7c904fa:group-E35C89C5F296 set configuration 0: [1ef69ad4-8e4b-4531-9aa2-a6c5c7c904fa:192.168.34.57:42315], old=null at 0
2019-08-23 23:59:12,575 [ae8d4c35-055f-4407-86e2-4ec1f591227d:group-7FEE62A0B786:LeaderElection51] INFO  impl.RaftServerImpl (ServerState.java:setRaftConf(361)) - ae8d4c35-055f-4407-86e2-4ec1f591227d:group-7FEE62A0B786 set configuration 0: [ae8d4c35-055f-4407-86e2-4ec1f591227d:192.168.34.57:38373], old=null at 0
2019-08-23 23:59:12,616 [1ef69ad4-8e4b-4531-9aa2-a6c5c7c904fa-SegmentedRaftLogWorker:Storage Directory /workdir/hadoop-ozone/integration-test/target/test-dir/MiniOzoneClusterImpl-afd2179f-99c6-4f80-80f5-ac745fcf97f2/datanode-0/data/ratis/10b2a3df-0375-4751-9cc3-e35c89c5f296] INFO  segmented.SegmentedRaftLogWorker (SegmentedRaftLogWorker.java:execute(569)) - 1ef69ad4-8e4b-4531-9aa2-a6c5c7c904fa-SegmentedRaftLogWorker:Storage Directory /workdir/hadoop-ozone/integration-test/target/test-dir/MiniOzoneClusterImpl-afd2179f-99c6-4f80-80f5-ac745fcf97f2/datanode-0/data/ratis/10b2a3df-0375-4751-9cc3-e35c89c5f296: created new log segment /workdir/hadoop-ozone/integration-test/target/test-dir/MiniOzoneClusterImpl-afd2179f-99c6-4f80-80f5-ac745fcf97f2/datanode-0/data/ratis/10b2a3df-0375-4751-9cc3-e35c89c5f296/current/log_inprogress_0
2019-08-23 23:59:12,616 | INFO  | SCMAudit | user=jenkins1000 | ip=192.168.34.57 | op=SEND_HEARTBEAT {datanodeUUID=d0d9dee8-e77d-4d46-9003-12ee559a6c29, command=[]} | ret=SUCCESS |  
2019-08-23 23:59:12,628 [ae8d4c35-055f-4407-86e2-4ec1f591227d-SegmentedRaftLogWorker:Storage Directory /workdir/hadoop-ozone/integration-test/target/test-dir/MiniOzoneClusterImpl-afd2179f-99c6-4f80-80f5-ac745fcf97f2/datanode-1/data/ratis/61854d66-f4a9-4e1e-9925-7fee62a0b786] INFO  segmented.SegmentedRaftLogWorker (SegmentedRaftLogWorker.java:execute(569)) - ae8d4c35-055f-4407-86e2-4ec1f591227d-SegmentedRaftLogWorker:Storage Directory /workdir/hadoop-ozone/integration-test/target/test-dir/MiniOzoneClusterImpl-afd2179f-99c6-4f80-80f5-ac745fcf97f2/datanode-1/data/ratis/61854d66-f4a9-4e1e-9925-7fee62a0b786: created new log segment /workdir/hadoop-ozone/integration-test/target/test-dir/MiniOzoneClusterImpl-afd2179f-99c6-4f80-80f5-ac745fcf97f2/datanode-1/data/ratis/61854d66-f4a9-4e1e-9925-7fee62a0b786/current/log_inprogress_0
2019-08-23 23:59:12,726 [grpc-default-executor-3] INFO  client.GrpcClientProtocolClient (GrpcClientProtocolClient.java:onNext(255)) - client-F6DDC4E4886F->ae8d4c35-055f-4407-86e2-4ec1f591227d: receive RaftClientReply:client-F6DDC4E4886F->ae8d4c35-055f-4407-86e2-4ec1f591227d@group-F9563CA9129C, cid=175, FAILED org.apache.ratis.protocol.NotLeaderException: Server ae8d4c35-055f-4407-86e2-4ec1f591227d is not the leader (null). Request must be sent to leader., logIndex=0, commits[ae8d4c35-055f-4407-86e2-4ec1f591227d:c-1]
2019-08-23 23:59:12,819 | INFO  | SCMAudit | user=jenkins1000 | ip=192.168.34.57 | op=SEND_HEARTBEAT {datanodeUUID=b371bb21-e6a8-4036-9b16-438c55cb3ead, command=[]} | ret=SUCCESS |  
2019-08-23 23:59:12,976 [Thread-3297] INFO  impl.FollowerState (FollowerState.java:run(106)) - b371bb21-e6a8-4036-9b16-438c55cb3ead:group-9C508232263C changes to CANDIDATE, lastRpcTime:5094, electionTimeout:5094ms
2019-08-23 23:59:12,976 [Thread-3297] INFO  impl.RoleInfo (RoleInfo.java:shutdownFollowerState(121)) - b371bb21-e6a8-4036-9b16-438c55cb3ead: shutdown FollowerState
2019-08-23 23:59:12,976 [Thread-3297] INFO  impl.RaftServerImpl (RaftServerImpl.java:setRole(171)) - b371bb21-e6a8-4036-9b16-438c55cb3ead:group-9C508232263C changes role from FOLLOWER to CANDIDATE at term 0 for changeToCandidate
2019-08-23 23:59:12,977 [Thread-3297] INFO  impl.RoleInfo (RoleInfo.java:updateAndGet(143)) - b371bb21-e6a8-4036-9b16-438c55cb3ead: start LeaderElection
2019-08-23 23:59:12,997 [b371bb21-e6a8-4036-9b16-438c55cb3ead:group-9C508232263C:LeaderElection52] INFO  impl.LeaderElection (LeaderElection.java:askForVotes(181)) - b371bb21-e6a8-4036-9b16-438c55cb3ead:group-9C508232263C:LeaderElection52: begin an election at term 1 for -1: [b371bb21-e6a8-4036-9b16-438c55cb3ead:192.168.34.57:32823], old=null
2019-08-23 23:59:12,997 [b371bb21-e6a8-4036-9b16-438c55cb3ead:group-9C508232263C:LeaderElection52] INFO  impl.RoleInfo (RoleInfo.java:shutdownLeaderElection(134)) - b371bb21-e6a8-4036-9b16-438c55cb3ead: shutdown LeaderElection
2019-08-23 23:59:12,998 [b371bb21-e6a8-4036-9b16-438c55cb3ead:group-9C508232263C:LeaderElection52] INFO  impl.RaftServerImpl (RaftServerImpl.java:setRole(171)) - b371bb21-e6a8-4036-9b16-438c55cb3ead:group-9C508232263C changes role from CANDIDATE to LEADER at term 1 for changeToLeader
2019-08-23 23:59:12,998 [b371bb21-e6a8-4036-9b16-438c55cb3ead:group-9C508232263C:LeaderElection52] INFO  impl.RaftServerImpl (ServerState.java:setLeader(263)) - b371bb21-e6a8-4036-9b16-438c55cb3ead:group-9C508232263C change Leader from null to b371bb21-e6a8-4036-9b16-438c55cb3ead at term 1 for becomeLeader, leader elected after 5120ms
2019-08-23 23:59:12,998 [b371bb21-e6a8-4036-9b16-438c55cb3ead:group-9C508232263C:LeaderElection52] INFO  server.RaftServerConfigKeys (ConfUtils.java:logGet(43)) - raft.server.staging.catchup.gap = 1000 (default)
2019-08-23 23:59:12,998 [b371bb21-e6a8-4036-9b16-438c55cb3ead:group-9C508232263C:LeaderElection52] INFO  server.RaftServerConfigKeys (ConfUtils.java:logGet(43)) - raft.server.rpc.sleep.time = 25ms (default)
2019-08-23 23:59:12,998 [b371bb21-e6a8-4036-9b16-438c55cb3ead:group-9C508232263C:LeaderElection52] INFO  server.RaftServerConfigKeys (ConfUtils.java:logGet(43)) - raft.server.write.element-limit = 4096 (default)
2019-08-23 23:59:12,998 [b371bb21-e6a8-4036-9b16-438c55cb3ead:group-9C508232263C:LeaderElection52] INFO  server.RaftServerConfigKeys (ConfUtils.java:logGet(43)) - raft.server.watch.timeout = 10s (default)
2019-08-23 23:59:12,999 [b371bb21-e6a8-4036-9b16-438c55cb3ead:group-9C508232263C:LeaderElection52] INFO  server.RaftServerConfigKeys (ConfUtils.java:logGet(43)) - raft.server.watch.timeout.denomination = 1s (default)
2019-08-23 23:59:12,999 [b371bb21-e6a8-4036-9b16-438c55cb3ead:group-9C508232263C:LeaderElection52] INFO  server.RaftServerConfigKeys (ConfUtils.java:logGet(43)) - raft.server.watch.element-limit = 65536 (default)
2019-08-23 23:59:12,999 [b371bb21-e6a8-4036-9b16-438c55cb3ead:group-9C508232263C:LeaderElection52] INFO  impl.RoleInfo (RoleInfo.java:updateAndGet(143)) - b371bb21-e6a8-4036-9b16-438c55cb3ead: start LeaderState
2019-08-23 23:59:12,999 [b371bb21-e6a8-4036-9b16-438c55cb3ead:group-9C508232263C:LeaderElection52] INFO  segmented.SegmentedRaftLogWorker (SegmentedRaftLogWorker.java:startLogSegment(380)) - b371bb21-e6a8-4036-9b16-438c55cb3ead-SegmentedRaftLogWorker:Storage Directory /workdir/hadoop-ozone/integration-test/target/test-dir/MiniOzoneClusterImpl-afd2179f-99c6-4f80-80f5-ac745fcf97f2/datanode-2/data/ratis/85342470-8446-4185-9ccd-9c508232263c: Starting segment from index:0
2019-08-23 23:59:13,000 [b371bb21-e6a8-4036-9b16-438c55cb3ead:group-9C508232263C:LeaderElection52] INFO  impl.RaftServerImpl (ServerState.java:setRaftConf(361)) - b371bb21-e6a8-4036-9b16-438c55cb3ead:group-9C508232263C set configuration 0: [b371bb21-e6a8-4036-9b16-438c55cb3ead:192.168.34.57:32823], old=null at 0
2019-08-23 23:59:13,040 [Thread-3306] INFO  impl.FollowerState (FollowerState.java:run(106)) - b371bb21-e6a8-4036-9b16-438c55cb3ead:group-F9563CA9129C changes to CANDIDATE, lastRpcTime:5055, electionTimeout:5032ms
2019-08-23 23:59:13,040 [Thread-3306] INFO  impl.RoleInfo (RoleInfo.java:shutdownFollowerState(121)) - b371bb21-e6a8-4036-9b16-438c55cb3ead: shutdown FollowerState
2019-08-23 23:59:13,040 [Thread-3306] INFO  impl.RaftServerImpl (RaftServerImpl.java:setRole(171)) - b371bb21-e6a8-4036-9b16-438c55cb3ead:group-F9563CA9129C changes role from FOLLOWER to CANDIDATE at term 0 for changeToCandidate
2019-08-23 23:59:13,040 [Thread-3306] INFO  impl.RoleInfo (RoleInfo.java:updateAndGet(143)) - b371bb21-e6a8-4036-9b16-438c55cb3ead: start LeaderElection
2019-08-23 23:59:13,041 | INFO  | SCMAudit | user=jenkins1000 | ip=192.168.34.57 | op=SEND_HEARTBEAT {datanodeUUID=3d5eb9b2-a9f4-4243-a2dd-02e0a570989c, command=[]} | ret=SUCCESS |  
2019-08-23 23:59:13,053 [b371bb21-e6a8-4036-9b16-438c55cb3ead-SegmentedRaftLogWorker:Storage Directory /workdir/hadoop-ozone/integration-test/target/test-dir/MiniOzoneClusterImpl-afd2179f-99c6-4f80-80f5-ac745fcf97f2/datanode-2/data/ratis/85342470-8446-4185-9ccd-9c508232263c] INFO  segmented.SegmentedRaftLogWorker (SegmentedRaftLogWorker.java:execute(569)) - b371bb21-e6a8-4036-9b16-438c55cb3ead-SegmentedRaftLogWorker:Storage Directory /workdir/hadoop-ozone/integration-test/target/test-dir/MiniOzoneClusterImpl-afd2179f-99c6-4f80-80f5-ac745fcf97f2/datanode-2/data/ratis/85342470-8446-4185-9ccd-9c508232263c: created new log segment /workdir/hadoop-ozone/integration-test/target/test-dir/MiniOzoneClusterImpl-afd2179f-99c6-4f80-80f5-ac745fcf97f2/datanode-2/data/ratis/85342470-8446-4185-9ccd-9c508232263c/current/log_inprogress_0
2019-08-23 23:59:13,053 [b371bb21-e6a8-4036-9b16-438c55cb3ead:group-F9563CA9129C:LeaderElection53] INFO  impl.LeaderElection (LeaderElection.java:askForVotes(181)) - b371bb21-e6a8-4036-9b16-438c55cb3ead:group-F9563CA9129C:LeaderElection53: begin an election at term 1 for -1: [1ef69ad4-8e4b-4531-9aa2-a6c5c7c904fa:192.168.34.57:42315, b371bb21-e6a8-4036-9b16-438c55cb3ead:192.168.34.57:32823, ae8d4c35-055f-4407-86e2-4ec1f591227d:192.168.34.57:38373], old=null
2019-08-23 23:59:13,058 [grpc-default-executor-1] INFO  impl.RaftServerImpl (RaftServerImpl.java:setRole(171)) - 1ef69ad4-8e4b-4531-9aa2-a6c5c7c904fa:group-F9563CA9129C changes role from FOLLOWER to FOLLOWER at term 1 for recognizeCandidate:b371bb21-e6a8-4036-9b16-438c55cb3ead
2019-08-23 23:59:13,058 [grpc-default-executor-1] INFO  impl.RoleInfo (RoleInfo.java:shutdownFollowerState(121)) - 1ef69ad4-8e4b-4531-9aa2-a6c5c7c904fa: shutdown FollowerState
2019-08-23 23:59:13,058 [grpc-default-executor-3] INFO  impl.RaftServerImpl (RaftServerImpl.java:setRole(171)) - ae8d4c35-055f-4407-86e2-4ec1f591227d:group-F9563CA9129C changes role from FOLLOWER to FOLLOWER at term 1 for recognizeCandidate:b371bb21-e6a8-4036-9b16-438c55cb3ead
2019-08-23 23:59:13,058 [grpc-default-executor-1] INFO  impl.RoleInfo (RoleInfo.java:updateAndGet(143)) - 1ef69ad4-8e4b-4531-9aa2-a6c5c7c904fa: start FollowerState
2019-08-23 23:59:13,058 [Thread-3302] INFO  impl.FollowerState (FollowerState.java:run(114)) - 1ef69ad4-8e4b-4531-9aa2-a6c5c7c904fa: FollowerState was interrupted: java.lang.InterruptedException: sleep interrupted
2019-08-23 23:59:13,058 [grpc-default-executor-3] INFO  impl.RoleInfo (RoleInfo.java:shutdownFollowerState(121)) - ae8d4c35-055f-4407-86e2-4ec1f591227d: shutdown FollowerState
2019-08-23 23:59:13,061 [grpc-default-executor-3] INFO  impl.RoleInfo (RoleInfo.java:updateAndGet(143)) - ae8d4c35-055f-4407-86e2-4ec1f591227d: start FollowerState
2019-08-23 23:59:13,061 [Thread-3300] INFO  impl.FollowerState (FollowerState.java:run(114)) - ae8d4c35-055f-4407-86e2-4ec1f591227d: FollowerState was interrupted: java.lang.InterruptedException: sleep interrupted
2019-08-23 23:59:13,077 [b371bb21-e6a8-4036-9b16-438c55cb3ead:group-F9563CA9129C:LeaderElection53] INFO  impl.LeaderElection (LeaderElection.java:logAndReturn(56)) - b371bb21-e6a8-4036-9b16-438c55cb3ead:group-F9563CA9129C:LeaderElection53: Election PASSED; received 1 response(s) [b371bb21-e6a8-4036-9b16-438c55cb3ead<-1ef69ad4-8e4b-4531-9aa2-a6c5c7c904fa#0:OK-t1] and 0 exception(s); b371bb21-e6a8-4036-9b16-438c55cb3ead:t1, leader=null, voted=b371bb21-e6a8-4036-9b16-438c55cb3ead, raftlog=b371bb21-e6a8-4036-9b16-438c55cb3ead-SegmentedRaftLog:OPENED:c-1,f-1,i0, conf=-1: [1ef69ad4-8e4b-4531-9aa2-a6c5c7c904fa:192.168.34.57:42315, b371bb21-e6a8-4036-9b16-438c55cb3ead:192.168.34.57:32823, ae8d4c35-055f-4407-86e2-4ec1f591227d:192.168.34.57:38373], old=null
2019-08-23 23:59:13,077 [b371bb21-e6a8-4036-9b16-438c55cb3ead:group-F9563CA9129C:LeaderElection53] INFO  impl.RoleInfo (RoleInfo.java:shutdownLeaderElection(134)) - b371bb21-e6a8-4036-9b16-438c55cb3ead: shutdown LeaderElection
2019-08-23 23:59:13,077 [b371bb21-e6a8-4036-9b16-438c55cb3ead:group-F9563CA9129C:LeaderElection53] INFO  impl.RaftServerImpl (RaftServerImpl.java:setRole(171)) - b371bb21-e6a8-4036-9b16-438c55cb3ead:group-F9563CA9129C changes role from CANDIDATE to LEADER at term 1 for changeToLeader
2019-08-23 23:59:13,077 [b371bb21-e6a8-4036-9b16-438c55cb3ead:group-F9563CA9129C:LeaderElection53] INFO  impl.RaftServerImpl (ServerState.java:setLeader(263)) - b371bb21-e6a8-4036-9b16-438c55cb3ead:group-F9563CA9129C change Leader from null to b371bb21-e6a8-4036-9b16-438c55cb3ead at term 1 for becomeLeader, leader elected after 5137ms
2019-08-23 23:59:13,078 [b371bb21-e6a8-4036-9b16-438c55cb3ead:group-F9563CA9129C:LeaderElection53] INFO  server.RaftServerConfigKeys (ConfUtils.java:logGet(43)) - raft.server.staging.catchup.gap = 1000 (default)
2019-08-23 23:59:13,078 [b371bb21-e6a8-4036-9b16-438c55cb3ead:group-F9563CA9129C:LeaderElection53] INFO  server.RaftServerConfigKeys (ConfUtils.java:logGet(43)) - raft.server.rpc.sleep.time = 25ms (default)
2019-08-23 23:59:13,078 [b371bb21-e6a8-4036-9b16-438c55cb3ead:group-F9563CA9129C:LeaderElection53] INFO  server.RaftServerConfigKeys (ConfUtils.java:logGet(43)) - raft.server.write.element-limit = 4096 (default)
2019-08-23 23:59:13,078 [b371bb21-e6a8-4036-9b16-438c55cb3ead:group-F9563CA9129C:LeaderElection53] INFO  server.RaftServerConfigKeys (ConfUtils.java:logGet(43)) - raft.server.watch.timeout = 10s (default)
2019-08-23 23:59:13,078 [b371bb21-e6a8-4036-9b16-438c55cb3ead:group-F9563CA9129C:LeaderElection53] INFO  server.RaftServerConfigKeys (ConfUtils.java:logGet(43)) - raft.server.watch.timeout.denomination = 1s (default)
2019-08-23 23:59:13,078 [b371bb21-e6a8-4036-9b16-438c55cb3ead:group-F9563CA9129C:LeaderElection53] INFO  server.RaftServerConfigKeys (ConfUtils.java:logGet(43)) - raft.server.watch.element-limit = 65536 (default)
2019-08-23 23:59:13,079 [b371bb21-e6a8-4036-9b16-438c55cb3ead:group-F9563CA9129C:LeaderElection53] INFO  server.RaftServerConfigKeys (ConfUtils.java:logGet(43)) - raft.server.log.appender.snapshot.chunk.size.max = 16MB (=16777216) (default)
2019-08-23 23:59:13,079 [b371bb21-e6a8-4036-9b16-438c55cb3ead:group-F9563CA9129C:LeaderElection53] INFO  server.RaftServerConfigKeys (ConfUtils.java:logGet(43)) - raft.server.log.appender.buffer.byte-limit = 33554432 (custom)
2019-08-23 23:59:13,079 [b371bb21-e6a8-4036-9b16-438c55cb3ead:group-F9563CA9129C:LeaderElection53] INFO  server.RaftServerConfigKeys (ConfUtils.java:logGet(43)) - raft.server.log.appender.buffer.element-limit = 1 (custom)
2019-08-23 23:59:13,079 [b371bb21-e6a8-4036-9b16-438c55cb3ead:group-F9563CA9129C:LeaderElection53] INFO  grpc.GrpcConfigKeys$Server (ConfUtils.java:logGet(43)) - raft.grpc.server.leader.outstanding.appends.max = 128 (default)
2019-08-23 23:59:13,080 [b371bb21-e6a8-4036-9b16-438c55cb3ead:group-F9563CA9129C:LeaderElection53] INFO  server.RaftServerConfigKeys (ConfUtils.java:logGet(43)) - raft.server.rpc.request.timeout = 3000ms (default)
2019-08-23 23:59:13,080 [b371bb21-e6a8-4036-9b16-438c55cb3ead:group-F9563CA9129C:LeaderElection53] INFO  server.RaftServerConfigKeys (ConfUtils.java:logGet(43)) - raft.server.log.appender.install.snapshot.enabled = false (custom)
2019-08-23 23:59:13,080 [b371bb21-e6a8-4036-9b16-438c55cb3ead:group-F9563CA9129C:LeaderElection53] INFO  server.RaftServerConfigKeys (ConfUtils.java:logGet(43)) - raft.server.log.appender.snapshot.chunk.size.max = 16MB (=16777216) (default)
2019-08-23 23:59:13,080 [b371bb21-e6a8-4036-9b16-438c55cb3ead:group-F9563CA9129C:LeaderElection53] INFO  server.RaftServerConfigKeys (ConfUtils.java:logGet(43)) - raft.server.log.appender.buffer.byte-limit = 33554432 (custom)
2019-08-23 23:59:13,080 [b371bb21-e6a8-4036-9b16-438c55cb3ead:group-F9563CA9129C:LeaderElection53] INFO  server.RaftServerConfigKeys (ConfUtils.java:logGet(43)) - raft.server.log.appender.buffer.element-limit = 1 (custom)
2019-08-23 23:59:13,081 [b371bb21-e6a8-4036-9b16-438c55cb3ead:group-F9563CA9129C:LeaderElection53] INFO  grpc.GrpcConfigKeys$Server (ConfUtils.java:logGet(43)) - raft.grpc.server.leader.outstanding.appends.max = 128 (default)
2019-08-23 23:59:13,081 [b371bb21-e6a8-4036-9b16-438c55cb3ead:group-F9563CA9129C:LeaderElection53] INFO  server.RaftServerConfigKeys (ConfUtils.java:logGet(43)) - raft.server.rpc.request.timeout = 3000ms (default)
2019-08-23 23:59:13,081 [b371bb21-e6a8-4036-9b16-438c55cb3ead:group-F9563CA9129C:LeaderElection53] INFO  server.RaftServerConfigKeys (ConfUtils.java:logGet(43)) - raft.server.log.appender.install.snapshot.enabled = false (custom)
2019-08-23 23:59:13,081 [b371bb21-e6a8-4036-9b16-438c55cb3ead:group-F9563CA9129C:LeaderElection53] INFO  impl.RoleInfo (RoleInfo.java:updateAndGet(143)) - b371bb21-e6a8-4036-9b16-438c55cb3ead: start LeaderState
2019-08-23 23:59:13,081 [b371bb21-e6a8-4036-9b16-438c55cb3ead:group-F9563CA9129C:LeaderElection53] INFO  segmented.SegmentedRaftLogWorker (SegmentedRaftLogWorker.java:startLogSegment(380)) - b371bb21-e6a8-4036-9b16-438c55cb3ead-SegmentedRaftLogWorker:Storage Directory /workdir/hadoop-ozone/integration-test/target/test-dir/MiniOzoneClusterImpl-afd2179f-99c6-4f80-80f5-ac745fcf97f2/datanode-2/data/ratis/333babfa-cd5f-487a-a66e-f9563ca9129c: Starting segment from index:0
2019-08-23 23:59:13,082 [b371bb21-e6a8-4036-9b16-438c55cb3ead:group-F9563CA9129C:LeaderElection53] INFO  impl.RaftServerImpl (ServerState.java:setRaftConf(361)) - b371bb21-e6a8-4036-9b16-438c55cb3ead:group-F9563CA9129C set configuration 0: [1ef69ad4-8e4b-4531-9aa2-a6c5c7c904fa:192.168.34.57:42315, b371bb21-e6a8-4036-9b16-438c55cb3ead:192.168.34.57:32823, ae8d4c35-055f-4407-86e2-4ec1f591227d:192.168.34.57:38373], old=null at 0
2019-08-23 23:59:13,084 [grpc-default-executor-1] INFO  impl.RaftServerImpl (ServerState.java:setLeader(263)) - 1ef69ad4-8e4b-4531-9aa2-a6c5c7c904fa:group-F9563CA9129C change Leader from null to b371bb21-e6a8-4036-9b16-438c55cb3ead at term 1 for appendEntries, leader elected after 5143ms
2019-08-23 23:59:13,084 [grpc-default-executor-3] INFO  impl.RaftServerImpl (ServerState.java:setLeader(263)) - ae8d4c35-055f-4407-86e2-4ec1f591227d:group-F9563CA9129C change Leader from null to b371bb21-e6a8-4036-9b16-438c55cb3ead at term 1 for appendEntries, leader elected after 5143ms
2019-08-23 23:59:13,121 [Thread-3309] INFO  impl.FollowerState (FollowerState.java:run(106)) - 3d5eb9b2-a9f4-4243-a2dd-02e0a570989c:group-276A26C10A6F changes to CANDIDATE, lastRpcTime:5055, electionTimeout:5049ms
2019-08-23 23:59:13,122 [Thread-3309] INFO  impl.RoleInfo (RoleInfo.java:shutdownFollowerState(121)) - 3d5eb9b2-a9f4-4243-a2dd-02e0a570989c: shutdown FollowerState
2019-08-23 23:59:13,135 [b371bb21-e6a8-4036-9b16-438c55cb3ead-SegmentedRaftLogWorker:Storage Directory /workdir/hadoop-ozone/integration-test/target/test-dir/MiniOzoneClusterImpl-afd2179f-99c6-4f80-80f5-ac745fcf97f2/datanode-2/data/ratis/333babfa-cd5f-487a-a66e-f9563ca9129c] INFO  segmented.SegmentedRaftLogWorker (SegmentedRaftLogWorker.java:execute(569)) - b371bb21-e6a8-4036-9b16-438c55cb3ead-SegmentedRaftLogWorker:Storage Directory /workdir/hadoop-ozone/integration-test/target/test-dir/MiniOzoneClusterImpl-afd2179f-99c6-4f80-80f5-ac745fcf97f2/datanode-2/data/ratis/333babfa-cd5f-487a-a66e-f9563ca9129c: created new log segment /workdir/hadoop-ozone/integration-test/target/test-dir/MiniOzoneClusterImpl-afd2179f-99c6-4f80-80f5-ac745fcf97f2/datanode-2/data/ratis/333babfa-cd5f-487a-a66e-f9563ca9129c/current/log_inprogress_0
2019-08-23 23:59:13,136 [Thread-3309] INFO  impl.RaftServerImpl (RaftServerImpl.java:setRole(171)) - 3d5eb9b2-a9f4-4243-a2dd-02e0a570989c:group-276A26C10A6F changes role from FOLLOWER to CANDIDATE at term 0 for changeToCandidate
2019-08-23 23:59:13,136 [Thread-3309] INFO  impl.RoleInfo (RoleInfo.java:updateAndGet(143)) - 3d5eb9b2-a9f4-4243-a2dd-02e0a570989c: start LeaderElection
2019-08-23 23:59:13,143 [grpc-default-executor-3] INFO  impl.RaftServerImpl (ServerState.java:setRaftConf(361)) - 1ef69ad4-8e4b-4531-9aa2-a6c5c7c904fa:group-F9563CA9129C set configuration 0: [1ef69ad4-8e4b-4531-9aa2-a6c5c7c904fa:192.168.34.57:42315, b371bb21-e6a8-4036-9b16-438c55cb3ead:192.168.34.57:32823, ae8d4c35-055f-4407-86e2-4ec1f591227d:192.168.34.57:38373], old=null at 0
2019-08-23 23:59:13,146 [grpc-default-executor-1] INFO  impl.RaftServerImpl (ServerState.java:setRaftConf(361)) - ae8d4c35-055f-4407-86e2-4ec1f591227d:group-F9563CA9129C set configuration 0: [1ef69ad4-8e4b-4531-9aa2-a6c5c7c904fa:192.168.34.57:42315, b371bb21-e6a8-4036-9b16-438c55cb3ead:192.168.34.57:32823, ae8d4c35-055f-4407-86e2-4ec1f591227d:192.168.34.57:38373], old=null at 0
2019-08-23 23:59:13,146 [grpc-default-executor-3] INFO  segmented.SegmentedRaftLogWorker (SegmentedRaftLogWorker.java:startLogSegment(380)) - 1ef69ad4-8e4b-4531-9aa2-a6c5c7c904fa-SegmentedRaftLogWorker:Storage Directory /workdir/hadoop-ozone/integration-test/target/test-dir/MiniOzoneClusterImpl-afd2179f-99c6-4f80-80f5-ac745fcf97f2/datanode-0/data/ratis/333babfa-cd5f-487a-a66e-f9563ca9129c: Starting segment from index:0
2019-08-23 23:59:13,146 [grpc-default-executor-1] INFO  segmented.SegmentedRaftLogWorker (SegmentedRaftLogWorker.java:startLogSegment(380)) - ae8d4c35-055f-4407-86e2-4ec1f591227d-SegmentedRaftLogWorker:Storage Directory /workdir/hadoop-ozone/integration-test/target/test-dir/MiniOzoneClusterImpl-afd2179f-99c6-4f80-80f5-ac745fcf97f2/datanode-1/data/ratis/333babfa-cd5f-487a-a66e-f9563ca9129c: Starting segment from index:0
2019-08-23 23:59:13,150 [3d5eb9b2-a9f4-4243-a2dd-02e0a570989c:group-276A26C10A6F:LeaderElection54] INFO  impl.LeaderElection (LeaderElection.java:askForVotes(181)) - 3d5eb9b2-a9f4-4243-a2dd-02e0a570989c:group-276A26C10A6F:LeaderElection54: begin an election at term 1 for -1: [3d5eb9b2-a9f4-4243-a2dd-02e0a570989c:192.168.34.57:35645], old=null
2019-08-23 23:59:13,150 [3d5eb9b2-a9f4-4243-a2dd-02e0a570989c:group-276A26C10A6F:LeaderElection54] INFO  impl.RoleInfo (RoleInfo.java:shutdownLeaderElection(134)) - 3d5eb9b2-a9f4-4243-a2dd-02e0a570989c: shutdown LeaderElection
2019-08-23 23:59:13,150 [3d5eb9b2-a9f4-4243-a2dd-02e0a570989c:group-276A26C10A6F:LeaderElection54] INFO  impl.RaftServerImpl (RaftServerImpl.java:setRole(171)) - 3d5eb9b2-a9f4-4243-a2dd-02e0a570989c:group-276A26C10A6F changes role from CANDIDATE to LEADER at term 1 for changeToLeader
2019-08-23 23:59:13,150 [3d5eb9b2-a9f4-4243-a2dd-02e0a570989c:group-276A26C10A6F:LeaderElection54] INFO  impl.RaftServerImpl (ServerState.java:setLeader(263)) - 3d5eb9b2-a9f4-4243-a2dd-02e0a570989c:group-276A26C10A6F change Leader from null to 3d5eb9b2-a9f4-4243-a2dd-02e0a570989c at term 1 for becomeLeader, leader elected after 5088ms
2019-08-23 23:59:13,150 [3d5eb9b2-a9f4-4243-a2dd-02e0a570989c:group-276A26C10A6F:LeaderElection54] INFO  server.RaftServerConfigKeys (ConfUtils.java:logGet(43)) - raft.server.staging.catchup.gap = 1000 (default)
2019-08-23 23:59:13,150 [3d5eb9b2-a9f4-4243-a2dd-02e0a570989c:group-276A26C10A6F:LeaderElection54] INFO  server.RaftServerConfigKeys (ConfUtils.java:logGet(43)) - raft.server.rpc.sleep.time = 25ms (default)
2019-08-23 23:59:13,150 [3d5eb9b2-a9f4-4243-a2dd-02e0a570989c:group-276A26C10A6F:LeaderElection54] INFO  server.RaftServerConfigKeys (ConfUtils.java:logGet(43)) - raft.server.write.element-limit = 4096 (default)
2019-08-23 23:59:13,151 [3d5eb9b2-a9f4-4243-a2dd-02e0a570989c:group-276A26C10A6F:LeaderElection54] INFO  server.RaftServerConfigKeys (ConfUtils.java:logGet(43)) - raft.server.watch.timeout = 10s (default)
2019-08-23 23:59:13,151 [3d5eb9b2-a9f4-4243-a2dd-02e0a570989c:group-276A26C10A6F:LeaderElection54] INFO  server.RaftServerConfigKeys (ConfUtils.java:logGet(43)) - raft.server.watch.timeout.denomination = 1s (default)
2019-08-23 23:59:13,151 [3d5eb9b2-a9f4-4243-a2dd-02e0a570989c:group-276A26C10A6F:LeaderElection54] INFO  server.RaftServerConfigKeys (ConfUtils.java:logGet(43)) - raft.server.watch.element-limit = 65536 (default)
2019-08-23 23:59:13,151 [3d5eb9b2-a9f4-4243-a2dd-02e0a570989c:group-276A26C10A6F:LeaderElection54] INFO  impl.RoleInfo (RoleInfo.java:updateAndGet(143)) - 3d5eb9b2-a9f4-4243-a2dd-02e0a570989c: start LeaderState
2019-08-23 23:59:13,151 [3d5eb9b2-a9f4-4243-a2dd-02e0a570989c:group-276A26C10A6F:LeaderElection54] INFO  segmented.SegmentedRaftLogWorker (SegmentedRaftLogWorker.java:startLogSegment(380)) - 3d5eb9b2-a9f4-4243-a2dd-02e0a570989c-SegmentedRaftLogWorker:Storage Directory /workdir/hadoop-ozone/integration-test/target/test-dir/MiniOzoneClusterImpl-afd2179f-99c6-4f80-80f5-ac745fcf97f2/datanode-3/data/ratis/7aa18773-5d51-4148-a7aa-276a26c10a6f: Starting segment from index:0
2019-08-23 23:59:13,151 [3d5eb9b2-a9f4-4243-a2dd-02e0a570989c:group-276A26C10A6F:LeaderElection54] INFO  impl.RaftServerImpl (ServerState.java:setRaftConf(361)) - 3d5eb9b2-a9f4-4243-a2dd-02e0a570989c:group-276A26C10A6F set configuration 0: [3d5eb9b2-a9f4-4243-a2dd-02e0a570989c:192.168.34.57:35645], old=null at 0
2019-08-23 23:59:13,203 [3d5eb9b2-a9f4-4243-a2dd-02e0a570989c-SegmentedRaftLogWorker:Storage Directory /workdir/hadoop-ozone/integration-test/target/test-dir/MiniOzoneClusterImpl-afd2179f-99c6-4f80-80f5-ac745fcf97f2/datanode-3/data/ratis/7aa18773-5d51-4148-a7aa-276a26c10a6f] INFO  segmented.SegmentedRaftLogWorker (SegmentedRaftLogWorker.java:execute(569)) - 3d5eb9b2-a9f4-4243-a2dd-02e0a570989c-SegmentedRaftLogWorker:Storage Directory /workdir/hadoop-ozone/integration-test/target/test-dir/MiniOzoneClusterImpl-afd2179f-99c6-4f80-80f5-ac745fcf97f2/datanode-3/data/ratis/7aa18773-5d51-4148-a7aa-276a26c10a6f: created new log segment /workdir/hadoop-ozone/integration-test/target/test-dir/MiniOzoneClusterImpl-afd2179f-99c6-4f80-80f5-ac745fcf97f2/datanode-3/data/ratis/7aa18773-5d51-4148-a7aa-276a26c10a6f/current/log_inprogress_0
2019-08-23 23:59:13,203 [1ef69ad4-8e4b-4531-9aa2-a6c5c7c904fa-SegmentedRaftLogWorker:Storage Directory /workdir/hadoop-ozone/integration-test/target/test-dir/MiniOzoneClusterImpl-afd2179f-99c6-4f80-80f5-ac745fcf97f2/datanode-0/data/ratis/333babfa-cd5f-487a-a66e-f9563ca9129c] INFO  segmented.SegmentedRaftLogWorker (SegmentedRaftLogWorker.java:execute(569)) - 1ef69ad4-8e4b-4531-9aa2-a6c5c7c904fa-SegmentedRaftLogWorker:Storage Directory /workdir/hadoop-ozone/integration-test/target/test-dir/MiniOzoneClusterImpl-afd2179f-99c6-4f80-80f5-ac745fcf97f2/datanode-0/data/ratis/333babfa-cd5f-487a-a66e-f9563ca9129c: created new log segment /workdir/hadoop-ozone/integration-test/target/test-dir/MiniOzoneClusterImpl-afd2179f-99c6-4f80-80f5-ac745fcf97f2/datanode-0/data/ratis/333babfa-cd5f-487a-a66e-f9563ca9129c/current/log_inprogress_0
2019-08-23 23:59:13,203 [ae8d4c35-055f-4407-86e2-4ec1f591227d-SegmentedRaftLogWorker:Storage Directory /workdir/hadoop-ozone/integration-test/target/test-dir/MiniOzoneClusterImpl-afd2179f-99c6-4f80-80f5-ac745fcf97f2/datanode-1/data/ratis/333babfa-cd5f-487a-a66e-f9563ca9129c] INFO  segmented.SegmentedRaftLogWorker (SegmentedRaftLogWorker.java:execute(569)) - ae8d4c35-055f-4407-86e2-4ec1f591227d-SegmentedRaftLogWorker:Storage Directory /workdir/hadoop-ozone/integration-test/target/test-dir/MiniOzoneClusterImpl-afd2179f-99c6-4f80-80f5-ac745fcf97f2/datanode-1/data/ratis/333babfa-cd5f-487a-a66e-f9563ca9129c: created new log segment /workdir/hadoop-ozone/integration-test/target/test-dir/MiniOzoneClusterImpl-afd2179f-99c6-4f80-80f5-ac745fcf97f2/datanode-1/data/ratis/333babfa-cd5f-487a-a66e-f9563ca9129c/current/log_inprogress_0
2019-08-23 23:59:13,220 | INFO  | SCMAudit | user=jenkins1000 | ip=192.168.34.57 | op=SEND_HEARTBEAT {datanodeUUID=c360f659-8ca7-48e8-94e2-fabef6965a78, command=[]} | ret=SUCCESS |  
2019-08-23 23:59:13,261 | INFO  | SCMAudit | user=jenkins1000 | ip=192.168.34.57 | op=SEND_HEARTBEAT {datanodeUUID=1ef69ad4-8e4b-4531-9aa2-a6c5c7c904fa, command=[]} | ret=SUCCESS |  
2019-08-23 23:59:13,370 [Thread-3312] INFO  impl.FollowerState (FollowerState.java:run(106)) - c360f659-8ca7-48e8-94e2-fabef6965a78:group-F34A1FDB2979 changes to CANDIDATE, lastRpcTime:5106, electionTimeout:5106ms
2019-08-23 23:59:13,370 [Thread-3312] INFO  impl.RoleInfo (RoleInfo.java:shutdownFollowerState(121)) - c360f659-8ca7-48e8-94e2-fabef6965a78: shutdown FollowerState
2019-08-23 23:59:13,370 [Thread-3312] INFO  impl.RaftServerImpl (RaftServerImpl.java:setRole(171)) - c360f659-8ca7-48e8-94e2-fabef6965a78:group-F34A1FDB2979 changes role from FOLLOWER to CANDIDATE at term 0 for changeToCandidate
2019-08-23 23:59:13,370 [Thread-3312] INFO  impl.RoleInfo (RoleInfo.java:updateAndGet(143)) - c360f659-8ca7-48e8-94e2-fabef6965a78: start LeaderElection
2019-08-23 23:59:13,390 [c360f659-8ca7-48e8-94e2-fabef6965a78:group-F34A1FDB2979:LeaderElection55] INFO  impl.LeaderElection (LeaderElection.java:askForVotes(181)) - c360f659-8ca7-48e8-94e2-fabef6965a78:group-F34A1FDB2979:LeaderElection55: begin an election at term 1 for -1: [c360f659-8ca7-48e8-94e2-fabef6965a78:192.168.34.57:43596], old=null
2019-08-23 23:59:13,390 [c360f659-8ca7-48e8-94e2-fabef6965a78:group-F34A1FDB2979:LeaderElection55] INFO  impl.RoleInfo (RoleInfo.java:shutdownLeaderElection(134)) - c360f659-8ca7-48e8-94e2-fabef6965a78: shutdown LeaderElection
2019-08-23 23:59:13,390 [c360f659-8ca7-48e8-94e2-fabef6965a78:group-F34A1FDB2979:LeaderElection55] INFO  impl.RaftServerImpl (RaftServerImpl.java:setRole(171)) - c360f659-8ca7-48e8-94e2-fabef6965a78:group-F34A1FDB2979 changes role from CANDIDATE to LEADER at term 1 for changeToLeader
2019-08-23 23:59:13,390 [c360f659-8ca7-48e8-94e2-fabef6965a78:group-F34A1FDB2979:LeaderElection55] INFO  impl.RaftServerImpl (ServerState.java:setLeader(263)) - c360f659-8ca7-48e8-94e2-fabef6965a78:group-F34A1FDB2979 change Leader from null to c360f659-8ca7-48e8-94e2-fabef6965a78 at term 1 for becomeLeader, leader elected after 5131ms
2019-08-23 23:59:13,390 [c360f659-8ca7-48e8-94e2-fabef6965a78:group-F34A1FDB2979:LeaderElection55] INFO  server.RaftServerConfigKeys (ConfUtils.java:logGet(43)) - raft.server.staging.catchup.gap = 1000 (default)
2019-08-23 23:59:13,391 [c360f659-8ca7-48e8-94e2-fabef6965a78:group-F34A1FDB2979:LeaderElection55] INFO  server.RaftServerConfigKeys (ConfUtils.java:logGet(43)) - raft.server.rpc.sleep.time = 25ms (default)
2019-08-23 23:59:13,391 [c360f659-8ca7-48e8-94e2-fabef6965a78:group-F34A1FDB2979:LeaderElection55] INFO  server.RaftServerConfigKeys (ConfUtils.java:logGet(43)) - raft.server.write.element-limit = 4096 (default)
2019-08-23 23:59:13,391 [c360f659-8ca7-48e8-94e2-fabef6965a78:group-F34A1FDB2979:LeaderElection55] INFO  server.RaftServerConfigKeys (ConfUtils.java:logGet(43)) - raft.server.watch.timeout = 10s (default)
2019-08-23 23:59:13,391 [c360f659-8ca7-48e8-94e2-fabef6965a78:group-F34A1FDB2979:LeaderElection55] INFO  server.RaftServerConfigKeys (ConfUtils.java:logGet(43)) - raft.server.watch.timeout.denomination = 1s (default)
2019-08-23 23:59:13,391 [c360f659-8ca7-48e8-94e2-fabef6965a78:group-F34A1FDB2979:LeaderElection55] INFO  server.RaftServerConfigKeys (ConfUtils.java:logGet(43)) - raft.server.watch.element-limit = 65536 (default)
2019-08-23 23:59:13,391 [c360f659-8ca7-48e8-94e2-fabef6965a78:group-F34A1FDB2979:LeaderElection55] INFO  impl.RoleInfo (RoleInfo.java:updateAndGet(143)) - c360f659-8ca7-48e8-94e2-fabef6965a78: start LeaderState
2019-08-23 23:59:13,392 [c360f659-8ca7-48e8-94e2-fabef6965a78:group-F34A1FDB2979:LeaderElection55] INFO  segmented.SegmentedRaftLogWorker (SegmentedRaftLogWorker.java:startLogSegment(380)) - c360f659-8ca7-48e8-94e2-fabef6965a78-SegmentedRaftLogWorker:Storage Directory /workdir/hadoop-ozone/integration-test/target/test-dir/MiniOzoneClusterImpl-afd2179f-99c6-4f80-80f5-ac745fcf97f2/datanode-4/data/ratis/daa2252e-5875-4281-b5a9-f34a1fdb2979: Starting segment from index:0
2019-08-23 23:59:13,392 [c360f659-8ca7-48e8-94e2-fabef6965a78:group-F34A1FDB2979:LeaderElection55] INFO  impl.RaftServerImpl (ServerState.java:setRaftConf(361)) - c360f659-8ca7-48e8-94e2-fabef6965a78:group-F34A1FDB2979 set configuration 0: [c360f659-8ca7-48e8-94e2-fabef6965a78:192.168.34.57:43596], old=null at 0
2019-08-23 23:59:13,435 | INFO  | SCMAudit | user=jenkins1000 | ip=192.168.34.57 | op=SEND_HEARTBEAT {datanodeUUID=d1f7a5bb-ef63-436e-b61b-faa886bf0f1d, command=[]} | ret=SUCCESS |  
2019-08-23 23:59:13,440 | INFO  | SCMAudit | user=jenkins1000 | ip=192.168.34.57 | op=SEND_HEARTBEAT {datanodeUUID=ae8d4c35-055f-4407-86e2-4ec1f591227d, command=[]} | ret=SUCCESS |  
2019-08-23 23:59:13,448 [c360f659-8ca7-48e8-94e2-fabef6965a78-SegmentedRaftLogWorker:Storage Directory /workdir/hadoop-ozone/integration-test/target/test-dir/MiniOzoneClusterImpl-afd2179f-99c6-4f80-80f5-ac745fcf97f2/datanode-4/data/ratis/daa2252e-5875-4281-b5a9-f34a1fdb2979] INFO  segmented.SegmentedRaftLogWorker (SegmentedRaftLogWorker.java:execute(569)) - c360f659-8ca7-48e8-94e2-fabef6965a78-SegmentedRaftLogWorker:Storage Directory /workdir/hadoop-ozone/integration-test/target/test-dir/MiniOzoneClusterImpl-afd2179f-99c6-4f80-80f5-ac745fcf97f2/datanode-4/data/ratis/daa2252e-5875-4281-b5a9-f34a1fdb2979: created new log segment /workdir/hadoop-ozone/integration-test/target/test-dir/MiniOzoneClusterImpl-afd2179f-99c6-4f80-80f5-ac745fcf97f2/datanode-4/data/ratis/daa2252e-5875-4281-b5a9-f34a1fdb2979/current/log_inprogress_0
2019-08-23 23:59:13,590 [Thread-3322] INFO  impl.FollowerState (FollowerState.java:run(106)) - 3d5eb9b2-a9f4-4243-a2dd-02e0a570989c:group-C7AD426F0267 changes to CANDIDATE, lastRpcTime:5081, electionTimeout:5081ms
2019-08-23 23:59:13,590 [Thread-3322] INFO  impl.RoleInfo (RoleInfo.java:shutdownFollowerState(121)) - 3d5eb9b2-a9f4-4243-a2dd-02e0a570989c: shutdown FollowerState
2019-08-23 23:59:13,590 [Thread-3322] INFO  impl.RaftServerImpl (RaftServerImpl.java:setRole(171)) - 3d5eb9b2-a9f4-4243-a2dd-02e0a570989c:group-C7AD426F0267 changes role from FOLLOWER to CANDIDATE at term 0 for changeToCandidate
2019-08-23 23:59:13,590 [Thread-3322] INFO  impl.RoleInfo (RoleInfo.java:updateAndGet(143)) - 3d5eb9b2-a9f4-4243-a2dd-02e0a570989c: start LeaderElection
2019-08-23 23:59:13,598 [Thread-3323] INFO  impl.FollowerState (FollowerState.java:run(106)) - c360f659-8ca7-48e8-94e2-fabef6965a78:group-C7AD426F0267 changes to CANDIDATE, lastRpcTime:5089, electionTimeout:5089ms
2019-08-23 23:59:13,598 [Thread-3323] INFO  impl.RoleInfo (RoleInfo.java:shutdownFollowerState(121)) - c360f659-8ca7-48e8-94e2-fabef6965a78: shutdown FollowerState
2019-08-23 23:59:13,598 [Thread-3323] INFO  impl.RaftServerImpl (RaftServerImpl.java:setRole(171)) - c360f659-8ca7-48e8-94e2-fabef6965a78:group-C7AD426F0267 changes role from FOLLOWER to CANDIDATE at term 0 for changeToCandidate
2019-08-23 23:59:13,598 [Thread-3323] INFO  impl.RoleInfo (RoleInfo.java:updateAndGet(143)) - c360f659-8ca7-48e8-94e2-fabef6965a78: start LeaderElection
2019-08-23 23:59:13,610 [3d5eb9b2-a9f4-4243-a2dd-02e0a570989c:group-C7AD426F0267:LeaderElection56] INFO  impl.LeaderElection (LeaderElection.java:askForVotes(181)) - 3d5eb9b2-a9f4-4243-a2dd-02e0a570989c:group-C7AD426F0267:LeaderElection56: begin an election at term 1 for -1: [c360f659-8ca7-48e8-94e2-fabef6965a78:192.168.34.57:43596, d1f7a5bb-ef63-436e-b61b-faa886bf0f1d:192.168.34.57:41008, 3d5eb9b2-a9f4-4243-a2dd-02e0a570989c:192.168.34.57:35645], old=null
2019-08-23 23:59:13,610 [c360f659-8ca7-48e8-94e2-fabef6965a78:group-C7AD426F0267:LeaderElection57] INFO  impl.LeaderElection (LeaderElection.java:askForVotes(181)) - c360f659-8ca7-48e8-94e2-fabef6965a78:group-C7AD426F0267:LeaderElection57: begin an election at term 1 for -1: [c360f659-8ca7-48e8-94e2-fabef6965a78:192.168.34.57:43596, d1f7a5bb-ef63-436e-b61b-faa886bf0f1d:192.168.34.57:41008, 3d5eb9b2-a9f4-4243-a2dd-02e0a570989c:192.168.34.57:35645], old=null
2019-08-23 23:59:13,616 [grpc-default-executor-5] INFO  impl.RaftServerImpl (RaftServerImpl.java:setRole(171)) - d1f7a5bb-ef63-436e-b61b-faa886bf0f1d:group-C7AD426F0267 changes role from FOLLOWER to FOLLOWER at term 1 for recognizeCandidate:3d5eb9b2-a9f4-4243-a2dd-02e0a570989c
2019-08-23 23:59:13,619 [grpc-default-executor-5] INFO  impl.RoleInfo (RoleInfo.java:shutdownFollowerState(121)) - d1f7a5bb-ef63-436e-b61b-faa886bf0f1d: shutdown FollowerState
2019-08-23 23:59:13,619 | INFO  | SCMAudit | user=jenkins1000 | ip=192.168.34.57 | op=SEND_HEARTBEAT {datanodeUUID=d0d9dee8-e77d-4d46-9003-12ee559a6c29, command=[]} | ret=SUCCESS |  
2019-08-23 23:59:13,619 [grpc-default-executor-5] INFO  impl.RoleInfo (RoleInfo.java:updateAndGet(143)) - d1f7a5bb-ef63-436e-b61b-faa886bf0f1d: start FollowerState
2019-08-23 23:59:13,619 [Thread-3318] INFO  impl.FollowerState (FollowerState.java:run(114)) - d1f7a5bb-ef63-436e-b61b-faa886bf0f1d: FollowerState was interrupted: java.lang.InterruptedException: sleep interrupted
2019-08-23 23:59:13,639 [Thread-3315] INFO  impl.FollowerState (FollowerState.java:run(106)) - d1f7a5bb-ef63-436e-b61b-faa886bf0f1d:group-904B3B77646D changes to CANDIDATE, lastRpcTime:5195, electionTimeout:5195ms
2019-08-23 23:59:13,639 [Thread-3315] INFO  impl.RoleInfo (RoleInfo.java:shutdownFollowerState(121)) - d1f7a5bb-ef63-436e-b61b-faa886bf0f1d: shutdown FollowerState
2019-08-23 23:59:13,639 [Thread-3315] INFO  impl.RaftServerImpl (RaftServerImpl.java:setRole(171)) - d1f7a5bb-ef63-436e-b61b-faa886bf0f1d:group-904B3B77646D changes role from FOLLOWER to CANDIDATE at term 0 for changeToCandidate
2019-08-23 23:59:13,639 [Thread-3315] INFO  impl.RoleInfo (RoleInfo.java:updateAndGet(143)) - d1f7a5bb-ef63-436e-b61b-faa886bf0f1d: start LeaderElection
2019-08-23 23:59:13,649 [d1f7a5bb-ef63-436e-b61b-faa886bf0f1d:group-904B3B77646D:LeaderElection58] INFO  impl.LeaderElection (LeaderElection.java:askForVotes(181)) - d1f7a5bb-ef63-436e-b61b-faa886bf0f1d:group-904B3B77646D:LeaderElection58: begin an election at term 1 for -1: [d1f7a5bb-ef63-436e-b61b-faa886bf0f1d:192.168.34.57:41008], old=null
2019-08-23 23:59:13,651 [d1f7a5bb-ef63-436e-b61b-faa886bf0f1d:group-904B3B77646D:LeaderElection58] INFO  impl.RoleInfo (RoleInfo.java:shutdownLeaderElection(134)) - d1f7a5bb-ef63-436e-b61b-faa886bf0f1d: shutdown LeaderElection
2019-08-23 23:59:13,651 [d1f7a5bb-ef63-436e-b61b-faa886bf0f1d:group-904B3B77646D:LeaderElection58] INFO  impl.RaftServerImpl (RaftServerImpl.java:setRole(171)) - d1f7a5bb-ef63-436e-b61b-faa886bf0f1d:group-904B3B77646D changes role from CANDIDATE to LEADER at term 1 for changeToLeader
2019-08-23 23:59:13,652 [d1f7a5bb-ef63-436e-b61b-faa886bf0f1d:group-904B3B77646D:LeaderElection58] INFO  impl.RaftServerImpl (ServerState.java:setLeader(263)) - d1f7a5bb-ef63-436e-b61b-faa886bf0f1d:group-904B3B77646D change Leader from null to d1f7a5bb-ef63-436e-b61b-faa886bf0f1d at term 1 for becomeLeader, leader elected after 5212ms
2019-08-23 23:59:13,652 [d1f7a5bb-ef63-436e-b61b-faa886bf0f1d:group-904B3B77646D:LeaderElection58] INFO  server.RaftServerConfigKeys (ConfUtils.java:logGet(43)) - raft.server.staging.catchup.gap = 1000 (default)
2019-08-23 23:59:13,652 [d1f7a5bb-ef63-436e-b61b-faa886bf0f1d:group-904B3B77646D:LeaderElection58] INFO  server.RaftServerConfigKeys (ConfUtils.java:logGet(43)) - raft.server.rpc.sleep.time = 25ms (default)
2019-08-23 23:59:13,652 [d1f7a5bb-ef63-436e-b61b-faa886bf0f1d:group-904B3B77646D:LeaderElection58] INFO  server.RaftServerConfigKeys (ConfUtils.java:logGet(43)) - raft.server.write.element-limit = 4096 (default)
2019-08-23 23:59:13,652 [c360f659-8ca7-48e8-94e2-fabef6965a78:group-C7AD426F0267:LeaderElection57] INFO  impl.LeaderElection (LeaderElection.java:logAndReturn(56)) - c360f659-8ca7-48e8-94e2-fabef6965a78:group-C7AD426F0267:LeaderElection57: Election REJECTED; received 2 response(s) [c360f659-8ca7-48e8-94e2-fabef6965a78<-d1f7a5bb-ef63-436e-b61b-faa886bf0f1d#0:FAIL-t1, c360f659-8ca7-48e8-94e2-fabef6965a78<-3d5eb9b2-a9f4-4243-a2dd-02e0a570989c#0:FAIL-t1] and 0 exception(s); c360f659-8ca7-48e8-94e2-fabef6965a78:t1, leader=null, voted=c360f659-8ca7-48e8-94e2-fabef6965a78, raftlog=c360f659-8ca7-48e8-94e2-fabef6965a78-SegmentedRaftLog:OPENED:c-1,f-1,i0, conf=-1: [c360f659-8ca7-48e8-94e2-fabef6965a78:192.168.34.57:43596, d1f7a5bb-ef63-436e-b61b-faa886bf0f1d:192.168.34.57:41008, 3d5eb9b2-a9f4-4243-a2dd-02e0a570989c:192.168.34.57:35645], old=null
2019-08-23 23:59:13,652 [d1f7a5bb-ef63-436e-b61b-faa886bf0f1d:group-904B3B77646D:LeaderElection58] INFO  server.RaftServerConfigKeys (ConfUtils.java:logGet(43)) - raft.server.watch.timeout = 10s (default)
2019-08-23 23:59:13,652 [3d5eb9b2-a9f4-4243-a2dd-02e0a570989c:group-C7AD426F0267:LeaderElection56] INFO  impl.LeaderElection (LeaderElection.java:logAndReturn(56)) - 3d5eb9b2-a9f4-4243-a2dd-02e0a570989c:group-C7AD426F0267:LeaderElection56: Election PASSED; received 2 response(s) [3d5eb9b2-a9f4-4243-a2dd-02e0a570989c<-c360f659-8ca7-48e8-94e2-fabef6965a78#0:FAIL-t1, 3d5eb9b2-a9f4-4243-a2dd-02e0a570989c<-d1f7a5bb-ef63-436e-b61b-faa886bf0f1d#0:OK-t1] and 0 exception(s); 3d5eb9b2-a9f4-4243-a2dd-02e0a570989c:t1, leader=null, voted=3d5eb9b2-a9f4-4243-a2dd-02e0a570989c, raftlog=3d5eb9b2-a9f4-4243-a2dd-02e0a570989c-SegmentedRaftLog:OPENED:c-1,f-1,i0, conf=-1: [c360f659-8ca7-48e8-94e2-fabef6965a78:192.168.34.57:43596, d1f7a5bb-ef63-436e-b61b-faa886bf0f1d:192.168.34.57:41008, 3d5eb9b2-a9f4-4243-a2dd-02e0a570989c:192.168.34.57:35645], old=null
2019-08-23 23:59:13,653 [d1f7a5bb-ef63-436e-b61b-faa886bf0f1d:group-904B3B77646D:LeaderElection58] INFO  server.RaftServerConfigKeys (ConfUtils.java:logGet(43)) - raft.server.watch.timeout.denomination = 1s (default)
2019-08-23 23:59:13,652 [c360f659-8ca7-48e8-94e2-fabef6965a78:group-C7AD426F0267:LeaderElection57] INFO  impl.RaftServerImpl (RaftServerImpl.java:setRole(171)) - c360f659-8ca7-48e8-94e2-fabef6965a78:group-C7AD426F0267 changes role from CANDIDATE to FOLLOWER at term 1 for DISCOVERED_A_NEW_TERM
2019-08-23 23:59:13,653 [d1f7a5bb-ef63-436e-b61b-faa886bf0f1d:group-904B3B77646D:LeaderElection58] INFO  server.RaftServerConfigKeys (ConfUtils.java:logGet(43)) - raft.server.watch.element-limit = 65536 (default)
2019-08-23 23:59:13,653 [3d5eb9b2-a9f4-4243-a2dd-02e0a570989c:group-C7AD426F0267:LeaderElection56] INFO  impl.RoleInfo (RoleInfo.java:shutdownLeaderElection(134)) - 3d5eb9b2-a9f4-4243-a2dd-02e0a570989c: shutdown LeaderElection
2019-08-23 23:59:13,653 [d1f7a5bb-ef63-436e-b61b-faa886bf0f1d:group-904B3B77646D:LeaderElection58] INFO  impl.RoleInfo (RoleInfo.java:updateAndGet(143)) - d1f7a5bb-ef63-436e-b61b-faa886bf0f1d: start LeaderState
2019-08-23 23:59:13,653 [c360f659-8ca7-48e8-94e2-fabef6965a78:group-C7AD426F0267:LeaderElection57] INFO  impl.RoleInfo (RoleInfo.java:shutdownLeaderElection(134)) - c360f659-8ca7-48e8-94e2-fabef6965a78: shutdown LeaderElection
2019-08-23 23:59:13,654 [d1f7a5bb-ef63-436e-b61b-faa886bf0f1d:group-904B3B77646D:LeaderElection58] INFO  segmented.SegmentedRaftLogWorker (SegmentedRaftLogWorker.java:startLogSegment(380)) - d1f7a5bb-ef63-436e-b61b-faa886bf0f1d-SegmentedRaftLogWorker:Storage Directory /workdir/hadoop-ozone/integration-test/target/test-dir/MiniOzoneClusterImpl-afd2179f-99c6-4f80-80f5-ac745fcf97f2/datanode-5/data/ratis/5b771239-2e66-4802-abeb-904b3b77646d: Starting segment from index:0
2019-08-23 23:59:13,654 [3d5eb9b2-a9f4-4243-a2dd-02e0a570989c:group-C7AD426F0267:LeaderElection56] INFO  impl.RaftServerImpl (RaftServerImpl.java:setRole(171)) - 3d5eb9b2-a9f4-4243-a2dd-02e0a570989c:group-C7AD426F0267 changes role from CANDIDATE to LEADER at term 1 for changeToLeader
2019-08-23 23:59:13,654 [c360f659-8ca7-48e8-94e2-fabef6965a78:group-C7AD426F0267:LeaderElection57] INFO  impl.RoleInfo (RoleInfo.java:updateAndGet(143)) - c360f659-8ca7-48e8-94e2-fabef6965a78: start FollowerState
2019-08-23 23:59:13,654 [3d5eb9b2-a9f4-4243-a2dd-02e0a570989c:group-C7AD426F0267:LeaderElection56] INFO  impl.RaftServerImpl (ServerState.java:setLeader(263)) - 3d5eb9b2-a9f4-4243-a2dd-02e0a570989c:group-C7AD426F0267 change Leader from null to 3d5eb9b2-a9f4-4243-a2dd-02e0a570989c at term 1 for becomeLeader, leader elected after 5159ms
2019-08-23 23:59:13,654 [d1f7a5bb-ef63-436e-b61b-faa886bf0f1d:group-904B3B77646D:LeaderElection58] INFO  impl.RaftServerImpl (ServerState.java:setRaftConf(361)) - d1f7a5bb-ef63-436e-b61b-faa886bf0f1d:group-904B3B77646D set configuration 0: [d1f7a5bb-ef63-436e-b61b-faa886bf0f1d:192.168.34.57:41008], old=null at 0
2019-08-23 23:59:13,655 [3d5eb9b2-a9f4-4243-a2dd-02e0a570989c:group-C7AD426F0267:LeaderElection56] INFO  server.RaftServerConfigKeys (ConfUtils.java:logGet(43)) - raft.server.staging.catchup.gap = 1000 (default)
2019-08-23 23:59:13,692 [Thread-3327] INFO  impl.FollowerState (FollowerState.java:run(106)) - d0d9dee8-e77d-4d46-9003-12ee559a6c29:group-844EEEC9BD0C changes to CANDIDATE, lastRpcTime:5045, electionTimeout:5016ms
2019-08-23 23:59:13,692 [3d5eb9b2-a9f4-4243-a2dd-02e0a570989c:group-C7AD426F0267:LeaderElection56] INFO  server.RaftServerConfigKeys (ConfUtils.java:logGet(43)) - raft.server.rpc.sleep.time = 25ms (default)
2019-08-23 23:59:13,692 [Thread-3327] INFO  impl.RoleInfo (RoleInfo.java:shutdownFollowerState(121)) - d0d9dee8-e77d-4d46-9003-12ee559a6c29: shutdown FollowerState
2019-08-23 23:59:13,693 [3d5eb9b2-a9f4-4243-a2dd-02e0a570989c:group-C7AD426F0267:LeaderElection56] INFO  server.RaftServerConfigKeys (ConfUtils.java:logGet(43)) - raft.server.write.element-limit = 4096 (default)
2019-08-23 23:59:13,693 [Thread-3327] INFO  impl.RaftServerImpl (RaftServerImpl.java:setRole(171)) - d0d9dee8-e77d-4d46-9003-12ee559a6c29:group-844EEEC9BD0C changes role from FOLLOWER to CANDIDATE at term 0 for changeToCandidate
2019-08-23 23:59:13,693 [3d5eb9b2-a9f4-4243-a2dd-02e0a570989c:group-C7AD426F0267:LeaderElection56] INFO  server.RaftServerConfigKeys (ConfUtils.java:logGet(43)) - raft.server.watch.timeout = 10s (default)
2019-08-23 23:59:13,693 [Thread-3327] INFO  impl.RoleInfo (RoleInfo.java:updateAndGet(143)) - d0d9dee8-e77d-4d46-9003-12ee559a6c29: start LeaderElection
2019-08-23 23:59:13,693 [3d5eb9b2-a9f4-4243-a2dd-02e0a570989c:group-C7AD426F0267:LeaderElection56] INFO  server.RaftServerConfigKeys (ConfUtils.java:logGet(43)) - raft.server.watch.timeout.denomination = 1s (default)
2019-08-23 23:59:13,694 [3d5eb9b2-a9f4-4243-a2dd-02e0a570989c:group-C7AD426F0267:LeaderElection56] INFO  server.RaftServerConfigKeys (ConfUtils.java:logGet(43)) - raft.server.watch.element-limit = 65536 (default)
2019-08-23 23:59:13,699 [3d5eb9b2-a9f4-4243-a2dd-02e0a570989c:group-C7AD426F0267:LeaderElection56] INFO  server.RaftServerConfigKeys (ConfUtils.java:logGet(43)) - raft.server.log.appender.snapshot.chunk.size.max = 16MB (=16777216) (default)
2019-08-23 23:59:13,699 [3d5eb9b2-a9f4-4243-a2dd-02e0a570989c:group-C7AD426F0267:LeaderElection56] INFO  server.RaftServerConfigKeys (ConfUtils.java:logGet(43)) - raft.server.log.appender.buffer.byte-limit = 33554432 (custom)
2019-08-23 23:59:13,700 [3d5eb9b2-a9f4-4243-a2dd-02e0a570989c:group-C7AD426F0267:LeaderElection56] INFO  server.RaftServerConfigKeys (ConfUtils.java:logGet(43)) - raft.server.log.appender.buffer.element-limit = 1 (custom)
2019-08-23 23:59:13,700 [3d5eb9b2-a9f4-4243-a2dd-02e0a570989c:group-C7AD426F0267:LeaderElection56] INFO  grpc.GrpcConfigKeys$Server (ConfUtils.java:logGet(43)) - raft.grpc.server.leader.outstanding.appends.max = 128 (default)
2019-08-23 23:59:13,700 [3d5eb9b2-a9f4-4243-a2dd-02e0a570989c:group-C7AD426F0267:LeaderElection56] INFO  server.RaftServerConfigKeys (ConfUtils.java:logGet(43)) - raft.server.rpc.request.timeout = 3000ms (default)
2019-08-23 23:59:13,700 [3d5eb9b2-a9f4-4243-a2dd-02e0a570989c:group-C7AD426F0267:LeaderElection56] INFO  server.RaftServerConfigKeys (ConfUtils.java:logGet(43)) - raft.server.log.appender.install.snapshot.enabled = false (custom)
2019-08-23 23:59:13,700 [3d5eb9b2-a9f4-4243-a2dd-02e0a570989c:group-C7AD426F0267:LeaderElection56] INFO  server.RaftServerConfigKeys (ConfUtils.java:logGet(43)) - raft.server.log.appender.snapshot.chunk.size.max = 16MB (=16777216) (default)
2019-08-23 23:59:13,701 [3d5eb9b2-a9f4-4243-a2dd-02e0a570989c:group-C7AD426F0267:LeaderElection56] INFO  server.RaftServerConfigKeys (ConfUtils.java:logGet(43)) - raft.server.log.appender.buffer.byte-limit = 33554432 (custom)
2019-08-23 23:59:13,701 [3d5eb9b2-a9f4-4243-a2dd-02e0a570989c:group-C7AD426F0267:LeaderElection56] INFO  server.RaftServerConfigKeys (ConfUtils.java:logGet(43)) - raft.server.log.appender.buffer.element-limit = 1 (custom)
2019-08-23 23:59:13,701 [3d5eb9b2-a9f4-4243-a2dd-02e0a570989c:group-C7AD426F0267:LeaderElection56] INFO  grpc.GrpcConfigKeys$Server (ConfUtils.java:logGet(43)) - raft.grpc.server.leader.outstanding.appends.max = 128 (default)
2019-08-23 23:59:13,701 [3d5eb9b2-a9f4-4243-a2dd-02e0a570989c:group-C7AD426F0267:LeaderElection56] INFO  server.RaftServerConfigKeys (ConfUtils.java:logGet(43)) - raft.server.rpc.request.timeout = 3000ms (default)
2019-08-23 23:59:13,701 [3d5eb9b2-a9f4-4243-a2dd-02e0a570989c:group-C7AD426F0267:LeaderElection56] INFO  server.RaftServerConfigKeys (ConfUtils.java:logGet(43)) - raft.server.log.appender.install.snapshot.enabled = false (custom)
2019-08-23 23:59:13,702 [3d5eb9b2-a9f4-4243-a2dd-02e0a570989c:group-C7AD426F0267:LeaderElection56] INFO  impl.RoleInfo (RoleInfo.java:updateAndGet(143)) - 3d5eb9b2-a9f4-4243-a2dd-02e0a570989c: start LeaderState
2019-08-23 23:59:13,702 [3d5eb9b2-a9f4-4243-a2dd-02e0a570989c:group-C7AD426F0267:LeaderElection56] INFO  segmented.SegmentedRaftLogWorker (SegmentedRaftLogWorker.java:startLogSegment(380)) - 3d5eb9b2-a9f4-4243-a2dd-02e0a570989c-SegmentedRaftLogWorker:Storage Directory /workdir/hadoop-ozone/integration-test/target/test-dir/MiniOzoneClusterImpl-afd2179f-99c6-4f80-80f5-ac745fcf97f2/datanode-3/data/ratis/65ae3655-9651-446c-a92c-c7ad426f0267: Starting segment from index:0
2019-08-23 23:59:13,703 [3d5eb9b2-a9f4-4243-a2dd-02e0a570989c:group-C7AD426F0267:LeaderElection56] INFO  impl.RaftServerImpl (ServerState.java:setRaftConf(361)) - 3d5eb9b2-a9f4-4243-a2dd-02e0a570989c:group-C7AD426F0267 set configuration 0: [c360f659-8ca7-48e8-94e2-fabef6965a78:192.168.34.57:43596, d1f7a5bb-ef63-436e-b61b-faa886bf0f1d:192.168.34.57:41008, 3d5eb9b2-a9f4-4243-a2dd-02e0a570989c:192.168.34.57:35645], old=null at 0
2019-08-23 23:59:13,741 [d1f7a5bb-ef63-436e-b61b-faa886bf0f1d-SegmentedRaftLogWorker:Storage Directory /workdir/hadoop-ozone/integration-test/target/test-dir/MiniOzoneClusterImpl-afd2179f-99c6-4f80-80f5-ac745fcf97f2/datanode-5/data/ratis/5b771239-2e66-4802-abeb-904b3b77646d] INFO  segmented.SegmentedRaftLogWorker (SegmentedRaftLogWorker.java:execute(569)) - d1f7a5bb-ef63-436e-b61b-faa886bf0f1d-SegmentedRaftLogWorker:Storage Directory /workdir/hadoop-ozone/integration-test/target/test-dir/MiniOzoneClusterImpl-afd2179f-99c6-4f80-80f5-ac745fcf97f2/datanode-5/data/ratis/5b771239-2e66-4802-abeb-904b3b77646d: created new log segment /workdir/hadoop-ozone/integration-test/target/test-dir/MiniOzoneClusterImpl-afd2179f-99c6-4f80-80f5-ac745fcf97f2/datanode-5/data/ratis/5b771239-2e66-4802-abeb-904b3b77646d/current/log_inprogress_0
2019-08-23 23:59:13,741 [d0d9dee8-e77d-4d46-9003-12ee559a6c29:group-844EEEC9BD0C:LeaderElection59] INFO  impl.LeaderElection (LeaderElection.java:askForVotes(181)) - d0d9dee8-e77d-4d46-9003-12ee559a6c29:group-844EEEC9BD0C:LeaderElection59: begin an election at term 1 for -1: [d0d9dee8-e77d-4d46-9003-12ee559a6c29:192.168.34.57:41278], old=null
2019-08-23 23:59:13,741 [d0d9dee8-e77d-4d46-9003-12ee559a6c29:group-844EEEC9BD0C:LeaderElection59] INFO  impl.RoleInfo (RoleInfo.java:shutdownLeaderElection(134)) - d0d9dee8-e77d-4d46-9003-12ee559a6c29: shutdown LeaderElection
2019-08-23 23:59:13,742 [d0d9dee8-e77d-4d46-9003-12ee559a6c29:group-844EEEC9BD0C:LeaderElection59] INFO  impl.RaftServerImpl (RaftServerImpl.java:setRole(171)) - d0d9dee8-e77d-4d46-9003-12ee559a6c29:group-844EEEC9BD0C changes role from CANDIDATE to LEADER at term 1 for changeToLeader
2019-08-23 23:59:13,742 [d0d9dee8-e77d-4d46-9003-12ee559a6c29:group-844EEEC9BD0C:LeaderElection59] INFO  impl.RaftServerImpl (ServerState.java:setLeader(263)) - d0d9dee8-e77d-4d46-9003-12ee559a6c29:group-844EEEC9BD0C change Leader from null to d0d9dee8-e77d-4d46-9003-12ee559a6c29 at term 1 for becomeLeader, leader elected after 5098ms
2019-08-23 23:59:13,742 [d0d9dee8-e77d-4d46-9003-12ee559a6c29:group-844EEEC9BD0C:LeaderElection59] INFO  server.RaftServerConfigKeys (ConfUtils.java:logGet(43)) - raft.server.staging.catchup.gap = 1000 (default)
2019-08-23 23:59:13,742 [d0d9dee8-e77d-4d46-9003-12ee559a6c29:group-844EEEC9BD0C:LeaderElection59] INFO  server.RaftServerConfigKeys (ConfUtils.java:logGet(43)) - raft.server.rpc.sleep.time = 25ms (default)
2019-08-23 23:59:13,742 [d0d9dee8-e77d-4d46-9003-12ee559a6c29:group-844EEEC9BD0C:LeaderElection59] INFO  server.RaftServerConfigKeys (ConfUtils.java:logGet(43)) - raft.server.write.element-limit = 4096 (default)
2019-08-23 23:59:13,742 [d0d9dee8-e77d-4d46-9003-12ee559a6c29:group-844EEEC9BD0C:LeaderElection59] INFO  server.RaftServerConfigKeys (ConfUtils.java:logGet(43)) - raft.server.watch.timeout = 10s (default)
2019-08-23 23:59:13,743 [grpc-default-executor-3] INFO  impl.RaftServerImpl (ServerState.java:setLeader(263)) - c360f659-8ca7-48e8-94e2-fabef6965a78:group-C7AD426F0267 change Leader from null to 3d5eb9b2-a9f4-4243-a2dd-02e0a570989c at term 1 for appendEntries, leader elected after 5247ms
2019-08-23 23:59:13,743 [d0d9dee8-e77d-4d46-9003-12ee559a6c29:group-844EEEC9BD0C:LeaderElection59] INFO  server.RaftServerConfigKeys (ConfUtils.java:logGet(43)) - raft.server.watch.timeout.denomination = 1s (default)
2019-08-23 23:59:13,743 [grpc-default-executor-5] INFO  impl.RaftServerImpl (ServerState.java:setLeader(263)) - d1f7a5bb-ef63-436e-b61b-faa886bf0f1d:group-C7AD426F0267 change Leader from null to 3d5eb9b2-a9f4-4243-a2dd-02e0a570989c at term 1 for appendEntries, leader elected after 5248ms
2019-08-23 23:59:13,743 [d0d9dee8-e77d-4d46-9003-12ee559a6c29:group-844EEEC9BD0C:LeaderElection59] INFO  server.RaftServerConfigKeys (ConfUtils.java:logGet(43)) - raft.server.watch.element-limit = 65536 (default)
2019-08-23 23:59:13,744 [d0d9dee8-e77d-4d46-9003-12ee559a6c29:group-844EEEC9BD0C:LeaderElection59] INFO  impl.RoleInfo (RoleInfo.java:updateAndGet(143)) - d0d9dee8-e77d-4d46-9003-12ee559a6c29: start LeaderState
2019-08-23 23:59:13,744 [d0d9dee8-e77d-4d46-9003-12ee559a6c29:group-844EEEC9BD0C:LeaderElection59] INFO  segmented.SegmentedRaftLogWorker (SegmentedRaftLogWorker.java:startLogSegment(380)) - d0d9dee8-e77d-4d46-9003-12ee559a6c29-SegmentedRaftLogWorker:Storage Directory /workdir/hadoop-ozone/integration-test/target/test-dir/MiniOzoneClusterImpl-afd2179f-99c6-4f80-80f5-ac745fcf97f2/datanode-6/data/ratis/20df83ef-fa2f-4814-8a77-844eeec9bd0c: Starting segment from index:0
2019-08-23 23:59:13,745 [d0d9dee8-e77d-4d46-9003-12ee559a6c29:group-844EEEC9BD0C:LeaderElection59] INFO  impl.RaftServerImpl (ServerState.java:setRaftConf(361)) - d0d9dee8-e77d-4d46-9003-12ee559a6c29:group-844EEEC9BD0C set configuration 0: [d0d9dee8-e77d-4d46-9003-12ee559a6c29:192.168.34.57:41278], old=null at 0
2019-08-23 23:59:13,780 [3d5eb9b2-a9f4-4243-a2dd-02e0a570989c-SegmentedRaftLogWorker:Storage Directory /workdir/hadoop-ozone/integration-test/target/test-dir/MiniOzoneClusterImpl-afd2179f-99c6-4f80-80f5-ac745fcf97f2/datanode-3/data/ratis/65ae3655-9651-446c-a92c-c7ad426f0267] INFO  segmented.SegmentedRaftLogWorker (SegmentedRaftLogWorker.java:execute(569)) - 3d5eb9b2-a9f4-4243-a2dd-02e0a570989c-SegmentedRaftLogWorker:Storage Directory /workdir/hadoop-ozone/integration-test/target/test-dir/MiniOzoneClusterImpl-afd2179f-99c6-4f80-80f5-ac745fcf97f2/datanode-3/data/ratis/65ae3655-9651-446c-a92c-c7ad426f0267: created new log segment /workdir/hadoop-ozone/integration-test/target/test-dir/MiniOzoneClusterImpl-afd2179f-99c6-4f80-80f5-ac745fcf97f2/datanode-3/data/ratis/65ae3655-9651-446c-a92c-c7ad426f0267/current/log_inprogress_0
2019-08-23 23:59:13,783 [grpc-default-executor-3] INFO  impl.RaftServerImpl (ServerState.java:setRaftConf(361)) - c360f659-8ca7-48e8-94e2-fabef6965a78:group-C7AD426F0267 set configuration 0: [c360f659-8ca7-48e8-94e2-fabef6965a78:192.168.34.57:43596, d1f7a5bb-ef63-436e-b61b-faa886bf0f1d:192.168.34.57:41008, 3d5eb9b2-a9f4-4243-a2dd-02e0a570989c:192.168.34.57:35645], old=null at 0
2019-08-23 23:59:13,786 [grpc-default-executor-5] INFO  impl.RaftServerImpl (ServerState.java:setRaftConf(361)) - d1f7a5bb-ef63-436e-b61b-faa886bf0f1d:group-C7AD426F0267 set configuration 0: [c360f659-8ca7-48e8-94e2-fabef6965a78:192.168.34.57:43596, d1f7a5bb-ef63-436e-b61b-faa886bf0f1d:192.168.34.57:41008, 3d5eb9b2-a9f4-4243-a2dd-02e0a570989c:192.168.34.57:35645], old=null at 0
2019-08-23 23:59:13,786 [grpc-default-executor-3] INFO  segmented.SegmentedRaftLogWorker (SegmentedRaftLogWorker.java:startLogSegment(380)) - c360f659-8ca7-48e8-94e2-fabef6965a78-SegmentedRaftLogWorker:Storage Directory /workdir/hadoop-ozone/integration-test/target/test-dir/MiniOzoneClusterImpl-afd2179f-99c6-4f80-80f5-ac745fcf97f2/datanode-4/data/ratis/65ae3655-9651-446c-a92c-c7ad426f0267: Starting segment from index:0
2019-08-23 23:59:13,786 [grpc-default-executor-4] INFO  client.GrpcClientProtocolClient (GrpcClientProtocolClient.java:onNext(255)) - client-F6DDC4E4886F->1ef69ad4-8e4b-4531-9aa2-a6c5c7c904fa: receive RaftClientReply:client-F6DDC4E4886F->1ef69ad4-8e4b-4531-9aa2-a6c5c7c904fa@group-F9563CA9129C, cid=175, FAILED org.apache.ratis.protocol.NotLeaderException: Server 1ef69ad4-8e4b-4531-9aa2-a6c5c7c904fa is not the leader (b371bb21-e6a8-4036-9b16-438c55cb3ead:192.168.34.57:32823). Request must be sent to leader., logIndex=0, commits[1ef69ad4-8e4b-4531-9aa2-a6c5c7c904fa:c-1, b371bb21-e6a8-4036-9b16-438c55cb3ead:c-1, ae8d4c35-055f-4407-86e2-4ec1f591227d:c-1]
2019-08-23 23:59:13,786 [grpc-default-executor-5] INFO  segmented.SegmentedRaftLogWorker (SegmentedRaftLogWorker.java:startLogSegment(380)) - d1f7a5bb-ef63-436e-b61b-faa886bf0f1d-SegmentedRaftLogWorker:Storage Directory /workdir/hadoop-ozone/integration-test/target/test-dir/MiniOzoneClusterImpl-afd2179f-99c6-4f80-80f5-ac745fcf97f2/datanode-5/data/ratis/65ae3655-9651-446c-a92c-c7ad426f0267: Starting segment from index:0
2019-08-23 23:59:13,826 [d0d9dee8-e77d-4d46-9003-12ee559a6c29-SegmentedRaftLogWorker:Storage Directory /workdir/hadoop-ozone/integration-test/target/test-dir/MiniOzoneClusterImpl-afd2179f-99c6-4f80-80f5-ac745fcf97f2/datanode-6/data/ratis/20df83ef-fa2f-4814-8a77-844eeec9bd0c] INFO  segmented.SegmentedRaftLogWorker (SegmentedRaftLogWorker.java:execute(569)) - d0d9dee8-e77d-4d46-9003-12ee559a6c29-SegmentedRaftLogWorker:Storage Directory /workdir/hadoop-ozone/integration-test/target/test-dir/MiniOzoneClusterImpl-afd2179f-99c6-4f80-80f5-ac745fcf97f2/datanode-6/data/ratis/20df83ef-fa2f-4814-8a77-844eeec9bd0c: created new log segment /workdir/hadoop-ozone/integration-test/target/test-dir/MiniOzoneClusterImpl-afd2179f-99c6-4f80-80f5-ac745fcf97f2/datanode-6/data/ratis/20df83ef-fa2f-4814-8a77-844eeec9bd0c/current/log_inprogress_0
2019-08-23 23:59:13,827 | INFO  | SCMAudit | user=jenkins1000 | ip=192.168.34.57 | op=SEND_HEARTBEAT {datanodeUUID=b371bb21-e6a8-4036-9b16-438c55cb3ead, command=[]} | ret=SUCCESS |  
2019-08-23 23:59:13,840 [c360f659-8ca7-48e8-94e2-fabef6965a78-SegmentedRaftLogWorker:Storage Directory /workdir/hadoop-ozone/integration-test/target/test-dir/MiniOzoneClusterImpl-afd2179f-99c6-4f80-80f5-ac745fcf97f2/datanode-4/data/ratis/65ae3655-9651-446c-a92c-c7ad426f0267] INFO  segmented.SegmentedRaftLogWorker (SegmentedRaftLogWorker.java:execute(569)) - c360f659-8ca7-48e8-94e2-fabef6965a78-SegmentedRaftLogWorker:Storage Directory /workdir/hadoop-ozone/integration-test/target/test-dir/MiniOzoneClusterImpl-afd2179f-99c6-4f80-80f5-ac745fcf97f2/datanode-4/data/ratis/65ae3655-9651-446c-a92c-c7ad426f0267: created new log segment /workdir/hadoop-ozone/integration-test/target/test-dir/MiniOzoneClusterImpl-afd2179f-99c6-4f80-80f5-ac745fcf97f2/datanode-4/data/ratis/65ae3655-9651-446c-a92c-c7ad426f0267/current/log_inprogress_0
2019-08-23 23:59:13,881 [d1f7a5bb-ef63-436e-b61b-faa886bf0f1d-SegmentedRaftLogWorker:Storage Directory /workdir/hadoop-ozone/integration-test/target/test-dir/MiniOzoneClusterImpl-afd2179f-99c6-4f80-80f5-ac745fcf97f2/datanode-5/data/ratis/65ae3655-9651-446c-a92c-c7ad426f0267] INFO  segmented.SegmentedRaftLogWorker (SegmentedRaftLogWorker.java:execute(569)) - d1f7a5bb-ef63-436e-b61b-faa886bf0f1d-SegmentedRaftLogWorker:Storage Directory /workdir/hadoop-ozone/integration-test/target/test-dir/MiniOzoneClusterImpl-afd2179f-99c6-4f80-80f5-ac745fcf97f2/datanode-5/data/ratis/65ae3655-9651-446c-a92c-c7ad426f0267: created new log segment /workdir/hadoop-ozone/integration-test/target/test-dir/MiniOzoneClusterImpl-afd2179f-99c6-4f80-80f5-ac745fcf97f2/datanode-5/data/ratis/65ae3655-9651-446c-a92c-c7ad426f0267/current/log_inprogress_0
2019-08-23 23:59:13,965 | INFO  | DNAudit | user=null | ip=null | op=WRITE_CHUNK {blockData=conID: 1 locID: 102669008873848845 bcsId: 0} | ret=SUCCESS |  
2019-08-23 23:59:13,965 | INFO  | DNAudit | user=null | ip=null | op=WRITE_CHUNK {blockData=conID: 1 locID: 102669008873848845 bcsId: 0} | ret=SUCCESS |  
2019-08-23 23:59:13,965 | INFO  | DNAudit | user=null | ip=null | op=WRITE_CHUNK {blockData=conID: 1 locID: 102669008873848845 bcsId: 0} | ret=SUCCESS |  
2019-08-23 23:59:13,965 | INFO  | SCMAudit | user=jenkins1000 | ip=192.168.34.57 | op=SEND_HEARTBEAT {datanodeUUID=b371bb21-e6a8-4036-9b16-438c55cb3ead, command=[]} | ret=SUCCESS |  
2019-08-23 23:59:13,965 | INFO  | SCMAudit | user=jenkins1000 | ip=192.168.34.57 | op=SEND_HEARTBEAT {datanodeUUID=ae8d4c35-055f-4407-86e2-4ec1f591227d, command=[]} | ret=SUCCESS |  
2019-08-23 23:59:13,965 | INFO  | SCMAudit | user=jenkins1000 | ip=192.168.34.57 | op=SEND_HEARTBEAT {datanodeUUID=1ef69ad4-8e4b-4531-9aa2-a6c5c7c904fa, command=[]} | ret=SUCCESS |  
2019-08-23 23:59:13,979 | INFO  | DNAudit | user=null | ip=null | op=WRITE_CHUNK {blockData=conID: 1 locID: 102669008873848845 bcsId: 0} | ret=SUCCESS |  
2019-08-23 23:59:13,986 [grpc-default-executor-5] INFO  client.GrpcClientProtocolClient (GrpcClientProtocolClient.java:onNext(255)) - client-F6DDC4E4886F->b371bb21-e6a8-4036-9b16-438c55cb3ead: receive RaftClientReply:client-F6DDC4E4886F->b371bb21-e6a8-4036-9b16-438c55cb3ead@group-F9563CA9129C, cid=175, SUCCESS, logIndex=1, commits[b371bb21-e6a8-4036-9b16-438c55cb3ead:c1, 1ef69ad4-8e4b-4531-9aa2-a6c5c7c904fa:c0, ae8d4c35-055f-4407-86e2-4ec1f591227d:c0]
2019-08-23 23:59:13,989 | INFO  | DNAudit | user=null | ip=null | op=WRITE_CHUNK {blockData=conID: 1 locID: 102669008873848845 bcsId: 0} | ret=SUCCESS |  
2019-08-23 23:59:13,993 | INFO  | DNAudit | user=null | ip=null | op=WRITE_CHUNK {blockData=conID: 1 locID: 102669008873848845 bcsId: 0} | ret=SUCCESS |  
2019-08-23 23:59:13,993 | INFO  | DNAudit | user=null | ip=null | op=WRITE_CHUNK {blockData=conID: 1 locID: 102669008873848845 bcsId: 0} | ret=SUCCESS |  
2019-08-23 23:59:13,993 | INFO  | DNAudit | user=null | ip=null | op=WRITE_CHUNK {blockData=conID: 1 locID: 102669008873848845 bcsId: 0} | ret=SUCCESS |  
2019-08-23 23:59:13,994 | INFO  | DNAudit | user=null | ip=null | op=WRITE_CHUNK {blockData=conID: 1 locID: 102669008873848845 bcsId: 0} | ret=SUCCESS |  
2019-08-23 23:59:13,994 | INFO  | DNAudit | user=null | ip=null | op=WRITE_CHUNK {blockData=conID: 1 locID: 102669008873848845 bcsId: 0} | ret=SUCCESS |  
2019-08-23 23:59:13,994 | INFO  | DNAudit | user=null | ip=null | op=WRITE_CHUNK {blockData=conID: 1 locID: 102669008873848845 bcsId: 0} | ret=SUCCESS |  
2019-08-23 23:59:13,994 | INFO  | DNAudit | user=null | ip=null | op=WRITE_CHUNK {blockData=conID: 1 locID: 102669008873848845 bcsId: 0} | ret=SUCCESS |  
2019-08-23 23:59:13,995 | INFO  | DNAudit | user=null | ip=null | op=WRITE_CHUNK {blockData=conID: 1 locID: 102669008873848845 bcsId: 0} | ret=SUCCESS |  
2019-08-23 23:59:13,996 | INFO  | DNAudit | user=null | ip=null | op=WRITE_CHUNK {blockData=conID: 1 locID: 102669008873848845 bcsId: 0} | ret=SUCCESS |  
2019-08-23 23:59:13,996 | INFO  | DNAudit | user=null | ip=null | op=WRITE_CHUNK {blockData=conID: 1 locID: 102669008873848845 bcsId: 0} | ret=SUCCESS |  
2019-08-23 23:59:14,006 | INFO  | DNAudit | user=null | ip=null | op=WRITE_CHUNK {blockData=conID: 1 locID: 102669008873848845 bcsId: 0} | ret=SUCCESS |  
2019-08-23 23:59:14,010 [grpc-default-executor-4] INFO  client.GrpcClientProtocolClient (GrpcClientProtocolClient.java:onNext(255)) - client-F6DDC4E4886F->b371bb21-e6a8-4036-9b16-438c55cb3ead: receive RaftClientReply:client-F6DDC4E4886F->b371bb21-e6a8-4036-9b16-438c55cb3ead@group-F9563CA9129C, cid=176, SUCCESS, logIndex=3, commits[b371bb21-e6a8-4036-9b16-438c55cb3ead:c4, 1ef69ad4-8e4b-4531-9aa2-a6c5c7c904fa:c1, ae8d4c35-055f-4407-86e2-4ec1f591227d:c1]
2019-08-23 23:59:14,013 | INFO  | DNAudit | user=null | ip=null | op=WRITE_CHUNK {blockData=conID: 1 locID: 102669008873848845 bcsId: 0} | ret=SUCCESS |  
2019-08-23 23:59:14,015 | INFO  | DNAudit | user=null | ip=null | op=WRITE_CHUNK {blockData=conID: 1 locID: 102669008873848845 bcsId: 0} | ret=SUCCESS |  
2019-08-23 23:59:14,040 | INFO  | SCMAudit | user=jenkins1000 | ip=192.168.34.57 | op=SEND_HEARTBEAT {datanodeUUID=3d5eb9b2-a9f4-4243-a2dd-02e0a570989c, command=[]} | ret=SUCCESS |  
2019-08-23 23:59:14,053 | INFO  | DNAudit | user=null | ip=null | op=PUT_BLOCK {blockData=[blockId=conID: 1 locID: 102669008873848845 bcsId: 0,size=200]} | ret=SUCCESS |  
2019-08-23 23:59:14,054 | INFO  | DNAudit | user=null | ip=null | op=WRITE_CHUNK {blockData=conID: 1 locID: 102669008873848845 bcsId: 0} | ret=SUCCESS |  
2019-08-23 23:59:14,055 [grpc-default-executor-4] INFO  client.GrpcClientProtocolClient (GrpcClientProtocolClient.java:onNext(255)) - client-F6DDC4E4886F->b371bb21-e6a8-4036-9b16-438c55cb3ead: receive RaftClientReply:client-F6DDC4E4886F->b371bb21-e6a8-4036-9b16-438c55cb3ead@group-F9563CA9129C, cid=177, SUCCESS, logIndex=4, commits[b371bb21-e6a8-4036-9b16-438c55cb3ead:c11, 1ef69ad4-8e4b-4531-9aa2-a6c5c7c904fa:c7, ae8d4c35-055f-4407-86e2-4ec1f591227d:c7]
2019-08-23 23:59:14,055 | INFO  | DNAudit | user=null | ip=null | op=WRITE_CHUNK {blockData=conID: 1 locID: 102669008873848845 bcsId: 0} | ret=SUCCESS |  
2019-08-23 23:59:14,056 [grpc-default-executor-4] INFO  client.GrpcClientProtocolClient (GrpcClientProtocolClient.java:onNext(255)) - client-F6DDC4E4886F->b371bb21-e6a8-4036-9b16-438c55cb3ead: receive RaftClientReply:client-F6DDC4E4886F->b371bb21-e6a8-4036-9b16-438c55cb3ead@group-F9563CA9129C, cid=178, SUCCESS, logIndex=5, commits[b371bb21-e6a8-4036-9b16-438c55cb3ead:c11, 1ef69ad4-8e4b-4531-9aa2-a6c5c7c904fa:c7, ae8d4c35-055f-4407-86e2-4ec1f591227d:c7]
2019-08-23 23:59:14,056 [grpc-default-executor-4] INFO  client.GrpcClientProtocolClient (GrpcClientProtocolClient.java:onNext(255)) - client-F6DDC4E4886F->b371bb21-e6a8-4036-9b16-438c55cb3ead: receive RaftClientReply:client-F6DDC4E4886F->b371bb21-e6a8-4036-9b16-438c55cb3ead@group-F9563CA9129C, cid=179, SUCCESS, logIndex=6, commits[b371bb21-e6a8-4036-9b16-438c55cb3ead:c11, 1ef69ad4-8e4b-4531-9aa2-a6c5c7c904fa:c7, ae8d4c35-055f-4407-86e2-4ec1f591227d:c7]
2019-08-23 23:59:14,089 | INFO  | DNAudit | user=null | ip=null | op=PUT_BLOCK {blockData=[blockId=conID: 1 locID: 102669008873848845 bcsId: 0,size=200]} | ret=SUCCESS |  
2019-08-23 23:59:14,090 | INFO  | DNAudit | user=null | ip=null | op=WRITE_CHUNK {blockData=conID: 1 locID: 102669008873848845 bcsId: 0} | ret=SUCCESS |  
2019-08-23 23:59:14,090 | INFO  | DNAudit | user=null | ip=null | op=WRITE_CHUNK {blockData=conID: 1 locID: 102669008873848845 bcsId: 0} | ret=SUCCESS |  
2019-08-23 23:59:14,108 | INFO  | DNAudit | user=null | ip=null | op=PUT_BLOCK {blockData=[blockId=conID: 1 locID: 102669008873848845 bcsId: 0,size=400]} | ret=SUCCESS |  
2019-08-23 23:59:14,108 | INFO  | DNAudit | user=null | ip=null | op=PUT_BLOCK {blockData=[blockId=conID: 1 locID: 102669008873848845 bcsId: 0,size=400]} | ret=SUCCESS |  
2019-08-23 23:59:14,108 | INFO  | DNAudit | user=null | ip=null | op=PUT_BLOCK {blockData=[blockId=conID: 1 locID: 102669008873848845 bcsId: 0,size=200]} | ret=SUCCESS |  
2019-08-23 23:59:14,109 | INFO  | DNAudit | user=null | ip=null | op=WRITE_CHUNK {blockData=conID: 1 locID: 102669008873848845 bcsId: 0} | ret=SUCCESS |  
2019-08-23 23:59:14,109 | INFO  | DNAudit | user=null | ip=null | op=WRITE_CHUNK {blockData=conID: 1 locID: 102669008873848845 bcsId: 0} | ret=SUCCESS |  
2019-08-23 23:59:14,109 [grpc-default-executor-4] INFO  client.GrpcClientProtocolClient (GrpcClientProtocolClient.java:onNext(255)) - client-F6DDC4E4886F->b371bb21-e6a8-4036-9b16-438c55cb3ead: receive RaftClientReply:client-F6DDC4E4886F->b371bb21-e6a8-4036-9b16-438c55cb3ead@group-F9563CA9129C, cid=180, SUCCESS, logIndex=7, commits[b371bb21-e6a8-4036-9b16-438c55cb3ead:c11, 1ef69ad4-8e4b-4531-9aa2-a6c5c7c904fa:c7, ae8d4c35-055f-4407-86e2-4ec1f591227d:c7]
2019-08-23 23:59:14,110 | INFO  | DNAudit | user=null | ip=null | op=PUT_BLOCK {blockData=[blockId=conID: 1 locID: 102669008873848845 bcsId: 0,size=400]} | ret=SUCCESS |  
2019-08-23 23:59:14,113 | INFO  | DNAudit | user=null | ip=null | op=WRITE_CHUNK {blockData=conID: 1 locID: 102669008873848845 bcsId: 7} | ret=SUCCESS |  
2019-08-23 23:59:14,114 | INFO  | DNAudit | user=null | ip=null | op=WRITE_CHUNK {blockData=conID: 1 locID: 102669008873848845 bcsId: 7} | ret=SUCCESS |  
2019-08-23 23:59:14,114 | INFO  | DNAudit | user=null | ip=null | op=WRITE_CHUNK {blockData=conID: 1 locID: 102669008873848845 bcsId: 7} | ret=SUCCESS |  
2019-08-23 23:59:14,127 | INFO  | DNAudit | user=null | ip=null | op=WRITE_CHUNK {blockData=conID: 1 locID: 102669008873848845 bcsId: 7} | ret=SUCCESS |  
2019-08-23 23:59:14,127 | INFO  | DNAudit | user=null | ip=null | op=PUT_BLOCK {blockData=[blockId=conID: 1 locID: 102669008873848845 bcsId: 0,size=450]} | ret=SUCCESS |  
2019-08-23 23:59:14,128 [grpc-default-executor-4] INFO  client.GrpcClientProtocolClient (GrpcClientProtocolClient.java:onNext(255)) - client-F6DDC4E4886F->b371bb21-e6a8-4036-9b16-438c55cb3ead: receive RaftClientReply:client-F6DDC4E4886F->b371bb21-e6a8-4036-9b16-438c55cb3ead@group-F9563CA9129C, cid=181, SUCCESS, logIndex=12, commits[b371bb21-e6a8-4036-9b16-438c55cb3ead:c13, 1ef69ad4-8e4b-4531-9aa2-a6c5c7c904fa:c11, ae8d4c35-055f-4407-86e2-4ec1f591227d:c11]
2019-08-23 23:59:14,128 [grpc-default-executor-4] INFO  client.GrpcClientProtocolClient (GrpcClientProtocolClient.java:onNext(255)) - client-F6DDC4E4886F->b371bb21-e6a8-4036-9b16-438c55cb3ead: receive RaftClientReply:client-F6DDC4E4886F->b371bb21-e6a8-4036-9b16-438c55cb3ead@group-F9563CA9129C, cid=182, SUCCESS, logIndex=13, commits[b371bb21-e6a8-4036-9b16-438c55cb3ead:c13, 1ef69ad4-8e4b-4531-9aa2-a6c5c7c904fa:c11, ae8d4c35-055f-4407-86e2-4ec1f591227d:c11]
2019-08-23 23:59:14,146 | INFO  | DNAudit | user=null | ip=null | op=WRITE_CHUNK {blockData=conID: 1 locID: 102669008873848845 bcsId: 7} | ret=SUCCESS |  
2019-08-23 23:59:14,146 | INFO  | DNAudit | user=null | ip=null | op=WRITE_CHUNK {blockData=conID: 1 locID: 102669008873848845 bcsId: 7} | ret=SUCCESS |  
2019-08-23 23:59:14,146 | INFO  | DNAudit | user=null | ip=null | op=PUT_BLOCK {blockData=[blockId=conID: 1 locID: 102669008873848845 bcsId: 0,size=450]} | ret=SUCCESS |  
2019-08-23 23:59:14,147 | INFO  | DNAudit | user=null | ip=null | op=PUT_BLOCK {blockData=[blockId=conID: 1 locID: 102669008873848845 bcsId: 0,size=450]} | ret=SUCCESS |  
2019-08-23 23:59:14,151 [grpc-default-executor-4] INFO  client.GrpcClientProtocolClient (GrpcClientProtocolClient.java:onNext(255)) - client-F6DDC4E4886F->b371bb21-e6a8-4036-9b16-438c55cb3ead: receive RaftClientReply:client-F6DDC4E4886F->b371bb21-e6a8-4036-9b16-438c55cb3ead@group-F9563CA9129C, cid=183, SUCCESS, logIndex=0, commits[b371bb21-e6a8-4036-9b16-438c55cb3ead:c14, 1ef69ad4-8e4b-4531-9aa2-a6c5c7c904fa:c13, ae8d4c35-055f-4407-86e2-4ec1f591227d:c13]
2019-08-23 23:59:14,151 [main] INFO  datanode.ObjectStoreHandler (ObjectStoreHandler.java:close(155)) - Closing ObjectStoreHandler.
2019-08-23 23:59:14,152 [main] INFO  ozone.HddsDatanodeService (HddsDatanodeService.java:stop(451)) - Stopped plug-in org.apache.hadoop.ozone.web.OzoneHddsDatanodeService@4ca83ec3
2019-08-23 23:59:14,220 | INFO  | SCMAudit | user=jenkins1000 | ip=192.168.34.57 | op=SEND_HEARTBEAT {datanodeUUID=c360f659-8ca7-48e8-94e2-fabef6965a78, command=[]} | ret=SUCCESS |  
2019-08-23 23:59:14,436 | INFO  | SCMAudit | user=jenkins1000 | ip=192.168.34.57 | op=SEND_HEARTBEAT {datanodeUUID=d1f7a5bb-ef63-436e-b61b-faa886bf0f1d, command=[]} | ret=SUCCESS |  
2019-08-23 23:59:14,617 | INFO  | SCMAudit | user=jenkins1000 | ip=192.168.34.57 | op=SEND_HEARTBEAT {datanodeUUID=d0d9dee8-e77d-4d46-9003-12ee559a6c29, command=[]} | ret=SUCCESS |  
2019-08-23 23:59:14,963 [Datanode State Machine Thread - 0] INFO  statemachine.DatanodeStateMachine (DatanodeStateMachine.java:lambda$startDaemon$0(350)) - Ozone container server started.
2019-08-23 23:59:14,964 | INFO  | SCMAudit | user=jenkins1000 | ip=192.168.34.57 | op=SEND_HEARTBEAT {datanodeUUID=ae8d4c35-055f-4407-86e2-4ec1f591227d, command=[]} | ret=SUCCESS |  
2019-08-23 23:59:14,964 | INFO  | SCMAudit | user=jenkins1000 | ip=192.168.34.57 | op=SEND_HEARTBEAT {datanodeUUID=1ef69ad4-8e4b-4531-9aa2-a6c5c7c904fa, command=[]} | ret=SUCCESS |  
2019-08-23 23:59:15,041 | INFO  | SCMAudit | user=jenkins1000 | ip=192.168.34.57 | op=SEND_HEARTBEAT {datanodeUUID=3d5eb9b2-a9f4-4243-a2dd-02e0a570989c, command=[]} | ret=SUCCESS |  
2019-08-23 23:59:15,221 | INFO  | SCMAudit | user=jenkins1000 | ip=192.168.34.57 | op=SEND_HEARTBEAT {datanodeUUID=c360f659-8ca7-48e8-94e2-fabef6965a78, command=[]} | ret=SUCCESS |  
2019-08-23 23:59:15,435 | INFO  | SCMAudit | user=jenkins1000 | ip=192.168.34.57 | op=SEND_HEARTBEAT {datanodeUUID=d1f7a5bb-ef63-436e-b61b-faa886bf0f1d, command=[]} | ret=SUCCESS |  
2019-08-23 23:59:15,618 | INFO  | SCMAudit | user=jenkins1000 | ip=192.168.34.57 | op=SEND_HEARTBEAT {datanodeUUID=d0d9dee8-e77d-4d46-9003-12ee559a6c29, command=[]} | ret=SUCCESS |  
2019-08-23 23:59:15,964 | INFO  | SCMAudit | user=jenkins1000 | ip=192.168.34.57 | op=SEND_HEARTBEAT {datanodeUUID=1ef69ad4-8e4b-4531-9aa2-a6c5c7c904fa, command=[]} | ret=SUCCESS |  
2019-08-23 23:59:15,964 | INFO  | SCMAudit | user=jenkins1000 | ip=192.168.34.57 | op=SEND_HEARTBEAT {datanodeUUID=ae8d4c35-055f-4407-86e2-4ec1f591227d, command=[]} | ret=SUCCESS |  
2019-08-23 23:59:16,041 | INFO  | SCMAudit | user=jenkins1000 | ip=192.168.34.57 | op=SEND_HEARTBEAT {datanodeUUID=3d5eb9b2-a9f4-4243-a2dd-02e0a570989c, command=[]} | ret=SUCCESS |  
2019-08-23 23:59:16,221 | INFO  | SCMAudit | user=jenkins1000 | ip=192.168.34.57 | op=SEND_HEARTBEAT {datanodeUUID=c360f659-8ca7-48e8-94e2-fabef6965a78, command=[]} | ret=SUCCESS |  
2019-08-23 23:59:16,435 | INFO  | SCMAudit | user=jenkins1000 | ip=192.168.34.57 | op=SEND_HEARTBEAT {datanodeUUID=d1f7a5bb-ef63-436e-b61b-faa886bf0f1d, command=[]} | ret=SUCCESS |  
2019-08-23 23:59:16,617 | INFO  | SCMAudit | user=jenkins1000 | ip=192.168.34.57 | op=SEND_HEARTBEAT {datanodeUUID=d0d9dee8-e77d-4d46-9003-12ee559a6c29, command=[]} | ret=SUCCESS |  
2019-08-23 23:59:16,965 | INFO  | SCMAudit | user=jenkins1000 | ip=192.168.34.57 | op=SEND_HEARTBEAT {datanodeUUID=1ef69ad4-8e4b-4531-9aa2-a6c5c7c904fa, command=[]} | ret=SUCCESS |  
2019-08-23 23:59:16,965 | INFO  | SCMAudit | user=jenkins1000 | ip=192.168.34.57 | op=SEND_HEARTBEAT {datanodeUUID=ae8d4c35-055f-4407-86e2-4ec1f591227d, command=[]} | ret=SUCCESS |  
2019-08-23 23:59:17,041 | INFO  | SCMAudit | user=jenkins1000 | ip=192.168.34.57 | op=SEND_HEARTBEAT {datanodeUUID=3d5eb9b2-a9f4-4243-a2dd-02e0a570989c, command=[]} | ret=SUCCESS |  
2019-08-23 23:59:17,221 | INFO  | SCMAudit | user=jenkins1000 | ip=192.168.34.57 | op=SEND_HEARTBEAT {datanodeUUID=c360f659-8ca7-48e8-94e2-fabef6965a78, command=[]} | ret=SUCCESS |  
2019-08-23 23:59:17,435 | INFO  | SCMAudit | user=jenkins1000 | ip=192.168.34.57 | op=SEND_HEARTBEAT {datanodeUUID=d1f7a5bb-ef63-436e-b61b-faa886bf0f1d, command=[]} | ret=SUCCESS |  
2019-08-23 23:59:17,617 | INFO  | SCMAudit | user=jenkins1000 | ip=192.168.34.57 | op=SEND_HEARTBEAT {datanodeUUID=d0d9dee8-e77d-4d46-9003-12ee559a6c29, command=[]} | ret=SUCCESS |  
2019-08-23 23:59:17,965 | INFO  | SCMAudit | user=jenkins1000 | ip=192.168.34.57 | op=SEND_HEARTBEAT {datanodeUUID=ae8d4c35-055f-4407-86e2-4ec1f591227d, command=[]} | ret=SUCCESS |  
2019-08-23 23:59:17,965 | INFO  | SCMAudit | user=jenkins1000 | ip=192.168.34.57 | op=SEND_HEARTBEAT {datanodeUUID=1ef69ad4-8e4b-4531-9aa2-a6c5c7c904fa, command=[]} | ret=SUCCESS |  
2019-08-23 23:59:18,041 | INFO  | SCMAudit | user=jenkins1000 | ip=192.168.34.57 | op=SEND_HEARTBEAT {datanodeUUID=3d5eb9b2-a9f4-4243-a2dd-02e0a570989c, command=[]} | ret=SUCCESS |  
2019-08-23 23:59:18,220 | INFO  | SCMAudit | user=jenkins1000 | ip=192.168.34.57 | op=SEND_HEARTBEAT {datanodeUUID=c360f659-8ca7-48e8-94e2-fabef6965a78, command=[]} | ret=SUCCESS |  
2019-08-23 23:59:18,435 | INFO  | SCMAudit | user=jenkins1000 | ip=192.168.34.57 | op=SEND_HEARTBEAT {datanodeUUID=d1f7a5bb-ef63-436e-b61b-faa886bf0f1d, command=[]} | ret=SUCCESS |  
2019-08-23 23:59:18,618 | INFO  | SCMAudit | user=jenkins1000 | ip=192.168.34.57 | op=SEND_HEARTBEAT {datanodeUUID=d0d9dee8-e77d-4d46-9003-12ee559a6c29, command=[]} | ret=SUCCESS |  
2019-08-23 23:59:18,965 | INFO  | SCMAudit | user=jenkins1000 | ip=192.168.34.57 | op=SEND_HEARTBEAT {datanodeUUID=ae8d4c35-055f-4407-86e2-4ec1f591227d, command=[]} | ret=SUCCESS |  
2019-08-23 23:59:18,965 | INFO  | SCMAudit | user=jenkins1000 | ip=192.168.34.57 | op=SEND_HEARTBEAT {datanodeUUID=1ef69ad4-8e4b-4531-9aa2-a6c5c7c904fa, command=[]} | ret=SUCCESS |  
2019-08-23 23:59:19,041 | INFO  | SCMAudit | user=jenkins1000 | ip=192.168.34.57 | op=SEND_HEARTBEAT {datanodeUUID=3d5eb9b2-a9f4-4243-a2dd-02e0a570989c, command=[]} | ret=SUCCESS |  
2019-08-23 23:59:19,055 [EventQueue-StaleNodeForStaleNodeHandler] INFO  node.StaleNodeHandler (StaleNodeHandler.java:onMessage(58)) - Datanode b371bb21-e6a8-4036-9b16-438c55cb3ead{ip: 192.168.34.57, host: pr-hdds-1909-kfjhh-925290811, networkLocation: /default-rack, certSerialId: null} moved to stale state. Finalizing its pipelines [PipelineID=85342470-8446-4185-9ccd-9c508232263c, PipelineID=333babfa-cd5f-487a-a66e-f9563ca9129c]
2019-08-23 23:59:19,055 [EventQueue-StaleNodeForStaleNodeHandler] INFO  pipeline.SCMPipelineManager (SCMPipelineManager.java:finalizeAndDestroyPipeline(309)) - destroying pipeline:Pipeline[ Id: 85342470-8446-4185-9ccd-9c508232263c, Nodes: b371bb21-e6a8-4036-9b16-438c55cb3ead{ip: 192.168.34.57, host: pr-hdds-1909-kfjhh-925290811, networkLocation: /default-rack, certSerialId: null}, Type:RATIS, Factor:ONE, State:OPEN]
2019-08-23 23:59:19,055 [EventQueue-StaleNodeForStaleNodeHandler] INFO  pipeline.PipelineStateManager (PipelineStateManager.java:finalizePipeline(123)) - Pipeline Pipeline[ Id: 85342470-8446-4185-9ccd-9c508232263c, Nodes: b371bb21-e6a8-4036-9b16-438c55cb3ead{ip: 192.168.34.57, host: pr-hdds-1909-kfjhh-925290811, networkLocation: /default-rack, certSerialId: null}, Type:RATIS, Factor:ONE, State:CLOSED] moved to CLOSED state
2019-08-23 23:59:19,055 [EventQueue-StaleNodeForStaleNodeHandler] INFO  pipeline.SCMPipelineManager (SCMPipelineManager.java:finalizeAndDestroyPipeline(309)) - destroying pipeline:Pipeline[ Id: 333babfa-cd5f-487a-a66e-f9563ca9129c, Nodes: b371bb21-e6a8-4036-9b16-438c55cb3ead{ip: 192.168.34.57, host: pr-hdds-1909-kfjhh-925290811, networkLocation: /default-rack, certSerialId: null}1ef69ad4-8e4b-4531-9aa2-a6c5c7c904fa{ip: 192.168.34.57, host: pr-hdds-1909-kfjhh-925290811, networkLocation: /default-rack, certSerialId: null}ae8d4c35-055f-4407-86e2-4ec1f591227d{ip: 192.168.34.57, host: pr-hdds-1909-kfjhh-925290811, networkLocation: /default-rack, certSerialId: null}, Type:RATIS, Factor:THREE, State:OPEN]
2019-08-23 23:59:19,056 [EventQueue-StaleNodeForStaleNodeHandler] INFO  pipeline.PipelineStateManager (PipelineStateManager.java:finalizePipeline(123)) - Pipeline Pipeline[ Id: 333babfa-cd5f-487a-a66e-f9563ca9129c, Nodes: b371bb21-e6a8-4036-9b16-438c55cb3ead{ip: 192.168.34.57, host: pr-hdds-1909-kfjhh-925290811, networkLocation: /default-rack, certSerialId: null}1ef69ad4-8e4b-4531-9aa2-a6c5c7c904fa{ip: 192.168.34.57, host: pr-hdds-1909-kfjhh-925290811, networkLocation: /default-rack, certSerialId: null}ae8d4c35-055f-4407-86e2-4ec1f591227d{ip: 192.168.34.57, host: pr-hdds-1909-kfjhh-925290811, networkLocation: /default-rack, certSerialId: null}, Type:RATIS, Factor:THREE, State:CLOSED] moved to CLOSED state
2019-08-23 23:59:19,056 [EventQueue-CloseContainerForCloseContainerEventHandler] INFO  container.CloseContainerEventHandler (CloseContainerEventHandler.java:onMessage(61)) - Close container Event triggered for container : #1
2019-08-23 23:59:19,155 [main] INFO  ozoneimpl.OzoneContainer (OzoneContainer.java:stop(199)) - Attempting to stop container services.
2019-08-23 23:59:19,156 [main] INFO  impl.RaftServerProxy (RaftServerProxy.java:lambda$close$4(314)) - b371bb21-e6a8-4036-9b16-438c55cb3ead: close
2019-08-23 23:59:19,157 [main] INFO  impl.RaftServerImpl (RaftServerImpl.java:lambda$shutdown$3(245)) - b371bb21-e6a8-4036-9b16-438c55cb3ead: shutdown group-9C508232263C
2019-08-23 23:59:19,157 [ForkJoinPool.commonPool-worker-1] INFO  impl.RaftServerImpl (RaftServerImpl.java:lambda$shutdown$3(245)) - b371bb21-e6a8-4036-9b16-438c55cb3ead: shutdown group-F9563CA9129C
2019-08-23 23:59:19,157 [main] INFO  util.JmxRegister (JmxRegister.java:unregister(73)) - Successfully un-registered JMX Bean with object name Ratis:service=RaftServer,group=group-9C508232263C,id=b371bb21-e6a8-4036-9b16-438c55cb3ead
2019-08-23 23:59:19,157 [ForkJoinPool.commonPool-worker-1] INFO  util.JmxRegister (JmxRegister.java:unregister(73)) - Successfully un-registered JMX Bean with object name Ratis:service=RaftServer,group=group-F9563CA9129C,id=b371bb21-e6a8-4036-9b16-438c55cb3ead
2019-08-23 23:59:19,158 [main] INFO  impl.RoleInfo (RoleInfo.java:shutdownLeaderState(104)) - b371bb21-e6a8-4036-9b16-438c55cb3ead: shutdown LeaderState
2019-08-23 23:59:19,158 [ForkJoinPool.commonPool-worker-1] INFO  impl.RoleInfo (RoleInfo.java:shutdownLeaderState(104)) - b371bb21-e6a8-4036-9b16-438c55cb3ead: shutdown LeaderState
2019-08-23 23:59:19,158 [main] INFO  impl.PendingRequests (PendingRequests.java:sendNotLeaderResponses(202)) - b371bb21-e6a8-4036-9b16-438c55cb3ead-PendingRequests: sendNotLeaderResponses
2019-08-23 23:59:19,164 [ForkJoinPool.commonPool-worker-1] INFO  impl.PendingRequests (PendingRequests.java:sendNotLeaderResponses(202)) - b371bb21-e6a8-4036-9b16-438c55cb3ead-PendingRequests: sendNotLeaderResponses
2019-08-23 23:59:19,164 [org.apache.ratis.server.impl.LogAppender$AppenderDaemon$$Lambda$505/985693793@101fc085] WARN  server.GrpcLogAppender (GrpcLogAppender.java:mayWait(143)) - GrpcLogAppender(b371bb21-e6a8-4036-9b16-438c55cb3ead->ae8d4c35-055f-4407-86e2-4ec1f591227d): Wait interrupted by java.lang.InterruptedException
2019-08-23 23:59:19,164 [org.apache.ratis.server.impl.LogAppender$AppenderDaemon$$Lambda$505/985693793@551d5442] WARN  server.GrpcLogAppender (GrpcLogAppender.java:mayWait(143)) - GrpcLogAppender(b371bb21-e6a8-4036-9b16-438c55cb3ead->1ef69ad4-8e4b-4531-9aa2-a6c5c7c904fa): Wait interrupted by java.lang.InterruptedException
2019-08-23 23:59:19,169 [ForkJoinPool.commonPool-worker-1] INFO  impl.StateMachineUpdater (StateMachineUpdater.java:stopAndJoin(115)) - StateMachineUpdater:b371bb21-e6a8-4036-9b16-438c55cb3ead:group-F9563CA9129C: set stopIndex = 15
2019-08-23 23:59:19,170 [grpc-default-executor-1] INFO  server.GrpcServerProtocolService (GrpcServerProtocolService.java:onCompleted(104)) - 1ef69ad4-8e4b-4531-9aa2-a6c5c7c904fa: appendEntries completed
2019-08-23 23:59:19,165 [main] INFO  impl.StateMachineUpdater (StateMachineUpdater.java:stopAndJoin(115)) - StateMachineUpdater:b371bb21-e6a8-4036-9b16-438c55cb3ead:group-9C508232263C: set stopIndex = 0
2019-08-23 23:59:19,170 [grpc-default-executor-1] INFO  server.GrpcLogAppender (GrpcLogAppender.java:onCompleted(292)) - b371bb21-e6a8-4036-9b16-438c55cb3ead->1ef69ad4-8e4b-4531-9aa2-a6c5c7c904fa: follower responses appendEntries COMPLETED
2019-08-23 23:59:19,169 [grpc-default-executor-5] INFO  server.GrpcServerProtocolService (GrpcServerProtocolService.java:onCompleted(104)) - ae8d4c35-055f-4407-86e2-4ec1f591227d: appendEntries completed
2019-08-23 23:59:19,169 [StateMachineUpdater:b371bb21-e6a8-4036-9b16-438c55cb3ead:group-F9563CA9129C] INFO  ratis.ContainerStateMachine (ContainerStateMachine.java:takeSnapshot(283)) - group-F9563CA9129C: Taking a snapshot at:(t:1, i:13) file /workdir/hadoop-ozone/integration-test/target/test-dir/MiniOzoneClusterImpl-afd2179f-99c6-4f80-80f5-ac745fcf97f2/datanode-2/data/ratis/333babfa-cd5f-487a-a66e-f9563ca9129c/sm/snapshot.1_13
2019-08-23 23:59:19,171 [grpc-default-executor-1] INFO  impl.FollowerInfo (FollowerInfo.java:lambda$new$0(50)) - b371bb21-e6a8-4036-9b16-438c55cb3ead->1ef69ad4-8e4b-4531-9aa2-a6c5c7c904fa: nextIndex: updateUnconditionally 16 -> 15
2019-08-23 23:59:19,170 [main] INFO  impl.RaftServerImpl (ServerState.java:close(394)) - b371bb21-e6a8-4036-9b16-438c55cb3ead:group-9C508232263C closes. The last applied log index is 0
2019-08-23 23:59:19,171 [grpc-default-executor-5] INFO  server.GrpcLogAppender (GrpcLogAppender.java:onCompleted(292)) - b371bb21-e6a8-4036-9b16-438c55cb3ead->ae8d4c35-055f-4407-86e2-4ec1f591227d: follower responses appendEntries COMPLETED
2019-08-23 23:59:19,171 [b371bb21-e6a8-4036-9b16-438c55cb3ead-SegmentedRaftLogWorker:Storage Directory /workdir/hadoop-ozone/integration-test/target/test-dir/MiniOzoneClusterImpl-afd2179f-99c6-4f80-80f5-ac745fcf97f2/datanode-2/data/ratis/85342470-8446-4185-9ccd-9c508232263c] INFO  segmented.SegmentedRaftLogWorker (SegmentedRaftLogWorker.java:run(313)) - b371bb21-e6a8-4036-9b16-438c55cb3ead-SegmentedRaftLogWorker:Storage Directory /workdir/hadoop-ozone/integration-test/target/test-dir/MiniOzoneClusterImpl-afd2179f-99c6-4f80-80f5-ac745fcf97f2/datanode-2/data/ratis/85342470-8446-4185-9ccd-9c508232263c was interrupted, exiting. There are 0 tasks remaining in the queue.
2019-08-23 23:59:19,172 [grpc-default-executor-5] INFO  impl.FollowerInfo (FollowerInfo.java:lambda$new$0(50)) - b371bb21-e6a8-4036-9b16-438c55cb3ead->ae8d4c35-055f-4407-86e2-4ec1f591227d: nextIndex: updateUnconditionally 16 -> 15
2019-08-23 23:59:19,174 [main] INFO  segmented.SegmentedRaftLogWorker (SegmentedRaftLogWorker.java:close(228)) - b371bb21-e6a8-4036-9b16-438c55cb3ead-SegmentedRaftLogWorker:Storage Directory /workdir/hadoop-ozone/integration-test/target/test-dir/MiniOzoneClusterImpl-afd2179f-99c6-4f80-80f5-ac745fcf97f2/datanode-2/data/ratis/85342470-8446-4185-9ccd-9c508232263c close()
2019-08-23 23:59:19,185 [StateMachineUpdater:b371bb21-e6a8-4036-9b16-438c55cb3ead:group-F9563CA9129C] INFO  ratis.ContainerStateMachine (ContainerStateMachine.java:takeSnapshot(294)) - group-F9563CA9129C: Finished taking a snapshot at:(t:1, i:13) file:/workdir/hadoop-ozone/integration-test/target/test-dir/MiniOzoneClusterImpl-afd2179f-99c6-4f80-80f5-ac745fcf97f2/datanode-2/data/ratis/333babfa-cd5f-487a-a66e-f9563ca9129c/sm/snapshot.1_13 time:15
2019-08-23 23:59:19,185 [StateMachineUpdater:b371bb21-e6a8-4036-9b16-438c55cb3ead:group-F9563CA9129C] INFO  impl.StateMachineUpdater (StateMachineUpdater.java:takeSnapshot(242)) - StateMachineUpdater:b371bb21-e6a8-4036-9b16-438c55cb3ead:group-F9563CA9129C: Took a snapshot at index 13
2019-08-23 23:59:19,185 [StateMachineUpdater:b371bb21-e6a8-4036-9b16-438c55cb3ead:group-F9563CA9129C] INFO  impl.StateMachineUpdater (StateMachineUpdater.java:lambda$new$0(80)) - StateMachineUpdater:b371bb21-e6a8-4036-9b16-438c55cb3ead:group-F9563CA9129C: snapshotIndex: updateIncreasingly -1 -> 13
2019-08-23 23:59:19,185 [ForkJoinPool.commonPool-worker-1] INFO  impl.RaftServerImpl (ServerState.java:close(394)) - b371bb21-e6a8-4036-9b16-438c55cb3ead:group-F9563CA9129C closes. The last applied log index is 15
2019-08-23 23:59:19,185 [b371bb21-e6a8-4036-9b16-438c55cb3ead-SegmentedRaftLogWorker:Storage Directory /workdir/hadoop-ozone/integration-test/target/test-dir/MiniOzoneClusterImpl-afd2179f-99c6-4f80-80f5-ac745fcf97f2/datanode-2/data/ratis/333babfa-cd5f-487a-a66e-f9563ca9129c] INFO  segmented.SegmentedRaftLogWorker (SegmentedRaftLogWorker.java:run(313)) - b371bb21-e6a8-4036-9b16-438c55cb3ead-SegmentedRaftLogWorker:Storage Directory /workdir/hadoop-ozone/integration-test/target/test-dir/MiniOzoneClusterImpl-afd2179f-99c6-4f80-80f5-ac745fcf97f2/datanode-2/data/ratis/333babfa-cd5f-487a-a66e-f9563ca9129c was interrupted, exiting. There are 0 tasks remaining in the queue.
2019-08-23 23:59:19,188 [ForkJoinPool.commonPool-worker-1] INFO  segmented.SegmentedRaftLogWorker (SegmentedRaftLogWorker.java:close(228)) - b371bb21-e6a8-4036-9b16-438c55cb3ead-SegmentedRaftLogWorker:Storage Directory /workdir/hadoop-ozone/integration-test/target/test-dir/MiniOzoneClusterImpl-afd2179f-99c6-4f80-80f5-ac745fcf97f2/datanode-2/data/ratis/333babfa-cd5f-487a-a66e-f9563ca9129c close()
2019-08-23 23:59:19,188 [main] INFO  server.GrpcService (GrpcService.java:closeImpl(155)) - b371bb21-e6a8-4036-9b16-438c55cb3ead: shutdown server with port 32823 now
2019-08-23 23:59:19,189 [grpc-default-executor-1] WARN  client.GrpcClientProtocolService (LogUtils.java:warn(134)) - 2-UnorderedRequestStreamObserver2: onError: org.apache.ratis.thirdparty.io.grpc.StatusRuntimeException: CANCELLED: cancelled before receiving half close
2019-08-23 23:59:19,189 [main] INFO  server.GrpcService (GrpcService.java:closeImpl(163)) - b371bb21-e6a8-4036-9b16-438c55cb3ead: shutdown server with port 32823 successfully
2019-08-23 23:59:19,191 [main] INFO  utils.BackgroundService (BackgroundService.java:shutdown(148)) - Shutting down service BlockDeletingService
2019-08-23 23:59:19,192 [refreshUsed-/workdir/hadoop-ozone/integration-test/target/test-dir/MiniOzoneClusterImpl-afd2179f-99c6-4f80-80f5-ac745fcf97f2/datanode-2/data/containers] WARN  fs.CachingGetSpaceUsed (CachingGetSpaceUsed.java:run(183)) - Thread Interrupted waiting to refresh disk information: sleep interrupted
2019-08-23 23:59:19,215 [main] INFO  statemachine.DatanodeStateMachine (DatanodeStateMachine.java:stopDaemon(395)) - Ozone container server stopped.
2019-08-23 23:59:19,216 [main] INFO  handler.ContextHandler (ContextHandler.java:doStop(910)) - Stopped o.e.j.w.WebAppContext@7e729046{/,null,UNAVAILABLE}{/hddsDatanode}
2019-08-23 23:59:19,217 [main] INFO  server.AbstractConnector (AbstractConnector.java:doStop(318)) - Stopped ServerConnector@565bf1bb{HTTP/1.1,[http/1.1]}{0.0.0.0:0}
2019-08-23 23:59:19,217 [main] INFO  handler.ContextHandler (ContextHandler.java:doStop(910)) - Stopped o.e.j.s.ServletContextHandler@41413c5a{/static,jar:file:/home/user/.m2/repository/org/apache/hadoop/hadoop-hdds-container-service/0.5.0-SNAPSHOT/hadoop-hdds-container-service-0.5.0-SNAPSHOT.jar!/webapps/static,UNAVAILABLE}
2019-08-23 23:59:19,217 [main] INFO  handler.ContextHandler (ContextHandler.java:doStop(910)) - Stopped o.e.j.s.ServletContextHandler@8788194{/logs,file:///workdir/hadoop-ozone/integration-test/target/log,UNAVAILABLE}
2019-08-23 23:59:19,220 | INFO  | SCMAudit | user=jenkins1000 | ip=192.168.34.57 | op=SEND_HEARTBEAT {datanodeUUID=c360f659-8ca7-48e8-94e2-fabef6965a78, command=[]} | ret=SUCCESS |  
2019-08-23 23:59:19,435 | INFO  | SCMAudit | user=jenkins1000 | ip=192.168.34.57 | op=SEND_HEARTBEAT {datanodeUUID=d1f7a5bb-ef63-436e-b61b-faa886bf0f1d, command=[]} | ret=SUCCESS |  
2019-08-23 23:59:19,618 | INFO  | SCMAudit | user=jenkins1000 | ip=192.168.34.57 | op=SEND_HEARTBEAT {datanodeUUID=d0d9dee8-e77d-4d46-9003-12ee559a6c29, command=[]} | ret=SUCCESS |  
2019-08-23 23:59:19,966 | INFO  | SCMAudit | user=jenkins1000 | ip=192.168.34.57 | op=SEND_HEARTBEAT {datanodeUUID=1ef69ad4-8e4b-4531-9aa2-a6c5c7c904fa, command=[commandType: closeContainerCommand closeContainerCommandProto { containerID: 1 pipelineID { id: "333babfa-cd5f-487a-a66e-f9563ca9129c" } cmdId: 1 force: false } ]} | ret=SUCCESS |  
2019-08-23 23:59:19,966 | INFO  | SCMAudit | user=jenkins1000 | ip=192.168.34.57 | op=SEND_HEARTBEAT {datanodeUUID=ae8d4c35-055f-4407-86e2-4ec1f591227d, command=[commandType: closeContainerCommand closeContainerCommandProto { containerID: 1 pipelineID { id: "333babfa-cd5f-487a-a66e-f9563ca9129c" } cmdId: 1 force: false } ]} | ret=SUCCESS |  
2019-08-23 23:59:20,041 | INFO  | SCMAudit | user=jenkins1000 | ip=192.168.34.57 | op=SEND_HEARTBEAT {datanodeUUID=3d5eb9b2-a9f4-4243-a2dd-02e0a570989c, command=[]} | ret=SUCCESS |  
2019-08-23 23:59:20,220 | INFO  | SCMAudit | user=jenkins1000 | ip=192.168.34.57 | op=SEND_HEARTBEAT {datanodeUUID=c360f659-8ca7-48e8-94e2-fabef6965a78, command=[]} | ret=SUCCESS |  
2019-08-23 23:59:20,436 | INFO  | SCMAudit | user=jenkins1000 | ip=192.168.34.57 | op=SEND_HEARTBEAT {datanodeUUID=d1f7a5bb-ef63-436e-b61b-faa886bf0f1d, command=[]} | ret=SUCCESS |  
2019-08-23 23:59:20,618 | INFO  | SCMAudit | user=jenkins1000 | ip=192.168.34.57 | op=SEND_HEARTBEAT {datanodeUUID=d0d9dee8-e77d-4d46-9003-12ee559a6c29, command=[]} | ret=SUCCESS |  
2019-08-23 23:59:20,965 | INFO  | SCMAudit | user=jenkins1000 | ip=192.168.34.57 | op=SEND_HEARTBEAT {datanodeUUID=ae8d4c35-055f-4407-86e2-4ec1f591227d, command=[]} | ret=SUCCESS |  
2019-08-23 23:59:20,966 | INFO  | SCMAudit | user=jenkins1000 | ip=192.168.34.57 | op=SEND_HEARTBEAT {datanodeUUID=1ef69ad4-8e4b-4531-9aa2-a6c5c7c904fa, command=[]} | ret=SUCCESS |  
2019-08-23 23:59:21,041 | INFO  | SCMAudit | user=jenkins1000 | ip=192.168.34.57 | op=SEND_HEARTBEAT {datanodeUUID=3d5eb9b2-a9f4-4243-a2dd-02e0a570989c, command=[]} | ret=SUCCESS |  
2019-08-23 23:59:21,220 | INFO  | SCMAudit | user=jenkins1000 | ip=192.168.34.57 | op=SEND_HEARTBEAT {datanodeUUID=c360f659-8ca7-48e8-94e2-fabef6965a78, command=[]} | ret=SUCCESS |  
2019-08-23 23:59:21,230 [grpc-default-executor-3] INFO  client.GrpcClientProtocolClient (GrpcClientProtocolClient.java:onNext(255)) - client-F6DDC4E4886F->1ef69ad4-8e4b-4531-9aa2-a6c5c7c904fa: receive RaftClientReply:client-F6DDC4E4886F->1ef69ad4-8e4b-4531-9aa2-a6c5c7c904fa@group-F9563CA9129C, cid=184, FAILED org.apache.ratis.protocol.NotLeaderException: Server 1ef69ad4-8e4b-4531-9aa2-a6c5c7c904fa is not the leader (b371bb21-e6a8-4036-9b16-438c55cb3ead:192.168.34.57:32823). Request must be sent to leader., logIndex=0, commits[1ef69ad4-8e4b-4531-9aa2-a6c5c7c904fa:c15, b371bb21-e6a8-4036-9b16-438c55cb3ead:c15, ae8d4c35-055f-4407-86e2-4ec1f591227d:c15]
2019-08-23 23:59:21,436 | INFO  | SCMAudit | user=jenkins1000 | ip=192.168.34.57 | op=SEND_HEARTBEAT {datanodeUUID=d1f7a5bb-ef63-436e-b61b-faa886bf0f1d, command=[]} | ret=SUCCESS |  
2019-08-23 23:59:21,618 | INFO  | SCMAudit | user=jenkins1000 | ip=192.168.34.57 | op=SEND_HEARTBEAT {datanodeUUID=d0d9dee8-e77d-4d46-9003-12ee559a6c29, command=[]} | ret=SUCCESS |  
2019-08-23 23:59:21,965 | INFO  | SCMAudit | user=jenkins1000 | ip=192.168.34.57 | op=SEND_HEARTBEAT {datanodeUUID=1ef69ad4-8e4b-4531-9aa2-a6c5c7c904fa, command=[]} | ret=SUCCESS |  
2019-08-23 23:59:21,965 | INFO  | SCMAudit | user=jenkins1000 | ip=192.168.34.57 | op=SEND_HEARTBEAT {datanodeUUID=ae8d4c35-055f-4407-86e2-4ec1f591227d, command=[]} | ret=SUCCESS |  
2019-08-23 23:59:21,982 | INFO  | SCMAudit | user=jenkins1000 | ip=192.168.34.57 | op=SEND_HEARTBEAT {datanodeUUID=ae8d4c35-055f-4407-86e2-4ec1f591227d, command=[]} | ret=SUCCESS |  
2019-08-23 23:59:21,982 | INFO  | SCMAudit | user=jenkins1000 | ip=192.168.34.57 | op=SEND_HEARTBEAT {datanodeUUID=1ef69ad4-8e4b-4531-9aa2-a6c5c7c904fa, command=[]} | ret=SUCCESS |  
2019-08-23 23:59:22,041 | INFO  | SCMAudit | user=jenkins1000 | ip=192.168.34.57 | op=SEND_HEARTBEAT {datanodeUUID=3d5eb9b2-a9f4-4243-a2dd-02e0a570989c, command=[]} | ret=SUCCESS |  
2019-08-23 23:59:22,221 | INFO  | SCMAudit | user=jenkins1000 | ip=192.168.34.57 | op=SEND_HEARTBEAT {datanodeUUID=c360f659-8ca7-48e8-94e2-fabef6965a78, command=[]} | ret=SUCCESS |  
2019-08-23 23:59:22,245 [grpc-default-executor-5] INFO  client.GrpcClientProtocolClient (GrpcClientProtocolClient.java:onNext(255)) - client-F6DDC4E4886F->1ef69ad4-8e4b-4531-9aa2-a6c5c7c904fa: receive RaftClientReply:client-F6DDC4E4886F->1ef69ad4-8e4b-4531-9aa2-a6c5c7c904fa@group-F9563CA9129C, cid=184, FAILED org.apache.ratis.protocol.NotLeaderException: Server 1ef69ad4-8e4b-4531-9aa2-a6c5c7c904fa is not the leader (b371bb21-e6a8-4036-9b16-438c55cb3ead:192.168.34.57:32823). Request must be sent to leader., logIndex=0, commits[1ef69ad4-8e4b-4531-9aa2-a6c5c7c904fa:c15, b371bb21-e6a8-4036-9b16-438c55cb3ead:c15, ae8d4c35-055f-4407-86e2-4ec1f591227d:c15]
2019-08-23 23:59:22,436 | INFO  | SCMAudit | user=jenkins1000 | ip=192.168.34.57 | op=SEND_HEARTBEAT {datanodeUUID=d1f7a5bb-ef63-436e-b61b-faa886bf0f1d, command=[]} | ret=SUCCESS |  
2019-08-23 23:59:22,618 | INFO  | SCMAudit | user=jenkins1000 | ip=192.168.34.57 | op=SEND_HEARTBEAT {datanodeUUID=d0d9dee8-e77d-4d46-9003-12ee559a6c29, command=[]} | ret=SUCCESS |  
2019-08-23 23:59:22,982 | INFO  | SCMAudit | user=jenkins1000 | ip=192.168.34.57 | op=SEND_HEARTBEAT {datanodeUUID=1ef69ad4-8e4b-4531-9aa2-a6c5c7c904fa, command=[]} | ret=SUCCESS |  
2019-08-23 23:59:22,982 | INFO  | SCMAudit | user=jenkins1000 | ip=192.168.34.57 | op=SEND_HEARTBEAT {datanodeUUID=ae8d4c35-055f-4407-86e2-4ec1f591227d, command=[]} | ret=SUCCESS |  
2019-08-23 23:59:23,041 | INFO  | SCMAudit | user=jenkins1000 | ip=192.168.34.57 | op=SEND_HEARTBEAT {datanodeUUID=3d5eb9b2-a9f4-4243-a2dd-02e0a570989c, command=[]} | ret=SUCCESS |  
2019-08-23 23:59:23,221 | INFO  | SCMAudit | user=jenkins1000 | ip=192.168.34.57 | op=SEND_HEARTBEAT {datanodeUUID=c360f659-8ca7-48e8-94e2-fabef6965a78, command=[]} | ret=SUCCESS |  
2019-08-23 23:59:23,261 [grpc-default-executor-5] INFO  client.GrpcClientProtocolClient (GrpcClientProtocolClient.java:onNext(255)) - client-F6DDC4E4886F->1ef69ad4-8e4b-4531-9aa2-a6c5c7c904fa: receive RaftClientReply:client-F6DDC4E4886F->1ef69ad4-8e4b-4531-9aa2-a6c5c7c904fa@group-F9563CA9129C, cid=184, FAILED org.apache.ratis.protocol.NotLeaderException: Server 1ef69ad4-8e4b-4531-9aa2-a6c5c7c904fa is not the leader (b371bb21-e6a8-4036-9b16-438c55cb3ead:192.168.34.57:32823). Request must be sent to leader., logIndex=0, commits[1ef69ad4-8e4b-4531-9aa2-a6c5c7c904fa:c15, b371bb21-e6a8-4036-9b16-438c55cb3ead:c15, ae8d4c35-055f-4407-86e2-4ec1f591227d:c15]
2019-08-23 23:59:23,435 | INFO  | SCMAudit | user=jenkins1000 | ip=192.168.34.57 | op=SEND_HEARTBEAT {datanodeUUID=d1f7a5bb-ef63-436e-b61b-faa886bf0f1d, command=[]} | ret=SUCCESS |  
2019-08-23 23:59:23,619 | INFO  | SCMAudit | user=jenkins1000 | ip=192.168.34.57 | op=SEND_HEARTBEAT {datanodeUUID=d0d9dee8-e77d-4d46-9003-12ee559a6c29, command=[]} | ret=SUCCESS |  
2019-08-23 23:59:23,982 | INFO  | SCMAudit | user=jenkins1000 | ip=192.168.34.57 | op=SEND_HEARTBEAT {datanodeUUID=1ef69ad4-8e4b-4531-9aa2-a6c5c7c904fa, command=[]} | ret=SUCCESS |  
2019-08-23 23:59:23,982 | INFO  | SCMAudit | user=jenkins1000 | ip=192.168.34.57 | op=SEND_HEARTBEAT {datanodeUUID=ae8d4c35-055f-4407-86e2-4ec1f591227d, command=[]} | ret=SUCCESS |  
2019-08-23 23:59:24,041 | INFO  | SCMAudit | user=jenkins1000 | ip=192.168.34.57 | op=SEND_HEARTBEAT {datanodeUUID=3d5eb9b2-a9f4-4243-a2dd-02e0a570989c, command=[]} | ret=SUCCESS |  
2019-08-23 23:59:24,221 | INFO  | SCMAudit | user=jenkins1000 | ip=192.168.34.57 | op=SEND_HEARTBEAT {datanodeUUID=c360f659-8ca7-48e8-94e2-fabef6965a78, command=[]} | ret=SUCCESS |  
2019-08-23 23:59:24,275 [grpc-default-executor-1] INFO  client.GrpcClientProtocolClient (GrpcClientProtocolClient.java:onNext(255)) - client-F6DDC4E4886F->1ef69ad4-8e4b-4531-9aa2-a6c5c7c904fa: receive RaftClientReply:client-F6DDC4E4886F->1ef69ad4-8e4b-4531-9aa2-a6c5c7c904fa@group-F9563CA9129C, cid=184, FAILED org.apache.ratis.protocol.NotLeaderException: Server 1ef69ad4-8e4b-4531-9aa2-a6c5c7c904fa is not the leader (b371bb21-e6a8-4036-9b16-438c55cb3ead:192.168.34.57:32823). Request must be sent to leader., logIndex=0, commits[1ef69ad4-8e4b-4531-9aa2-a6c5c7c904fa:c15, b371bb21-e6a8-4036-9b16-438c55cb3ead:c15, ae8d4c35-055f-4407-86e2-4ec1f591227d:c15]
2019-08-23 23:59:24,435 | INFO  | SCMAudit | user=jenkins1000 | ip=192.168.34.57 | op=SEND_HEARTBEAT {datanodeUUID=d1f7a5bb-ef63-436e-b61b-faa886bf0f1d, command=[]} | ret=SUCCESS |  
2019-08-23 23:59:24,619 | INFO  | SCMAudit | user=jenkins1000 | ip=192.168.34.57 | op=SEND_HEARTBEAT {datanodeUUID=d0d9dee8-e77d-4d46-9003-12ee559a6c29, command=[]} | ret=SUCCESS |  
2019-08-23 23:59:24,982 | INFO  | SCMAudit | user=jenkins1000 | ip=192.168.34.57 | op=SEND_HEARTBEAT {datanodeUUID=1ef69ad4-8e4b-4531-9aa2-a6c5c7c904fa, command=[]} | ret=SUCCESS |  
2019-08-23 23:59:24,982 | INFO  | SCMAudit | user=jenkins1000 | ip=192.168.34.57 | op=SEND_HEARTBEAT {datanodeUUID=ae8d4c35-055f-4407-86e2-4ec1f591227d, command=[]} | ret=SUCCESS |  
2019-08-23 23:59:25,041 | INFO  | SCMAudit | user=jenkins1000 | ip=192.168.34.57 | op=SEND_HEARTBEAT {datanodeUUID=3d5eb9b2-a9f4-4243-a2dd-02e0a570989c, command=[]} | ret=SUCCESS |  
2019-08-23 23:59:25,221 | INFO  | SCMAudit | user=jenkins1000 | ip=192.168.34.57 | op=SEND_HEARTBEAT {datanodeUUID=c360f659-8ca7-48e8-94e2-fabef6965a78, command=[]} | ret=SUCCESS |  
2019-08-23 23:59:25,293 [grpc-default-executor-5] INFO  client.GrpcClientProtocolClient (GrpcClientProtocolClient.java:onNext(255)) - client-F6DDC4E4886F->1ef69ad4-8e4b-4531-9aa2-a6c5c7c904fa: receive RaftClientReply:client-F6DDC4E4886F->1ef69ad4-8e4b-4531-9aa2-a6c5c7c904fa@group-F9563CA9129C, cid=184, FAILED org.apache.ratis.protocol.NotLeaderException: Server 1ef69ad4-8e4b-4531-9aa2-a6c5c7c904fa is not the leader (b371bb21-e6a8-4036-9b16-438c55cb3ead:192.168.34.57:32823). Request must be sent to leader., logIndex=0, commits[1ef69ad4-8e4b-4531-9aa2-a6c5c7c904fa:c15, b371bb21-e6a8-4036-9b16-438c55cb3ead:c15, ae8d4c35-055f-4407-86e2-4ec1f591227d:c15]
2019-08-23 23:59:25,436 | INFO  | SCMAudit | user=jenkins1000 | ip=192.168.34.57 | op=SEND_HEARTBEAT {datanodeUUID=d1f7a5bb-ef63-436e-b61b-faa886bf0f1d, command=[]} | ret=SUCCESS |  
2019-08-23 23:59:25,619 | INFO  | SCMAudit | user=jenkins1000 | ip=192.168.34.57 | op=SEND_HEARTBEAT {datanodeUUID=d0d9dee8-e77d-4d46-9003-12ee559a6c29, command=[]} | ret=SUCCESS |  
2019-08-23 23:59:25,983 | INFO  | SCMAudit | user=jenkins1000 | ip=192.168.34.57 | op=SEND_HEARTBEAT {datanodeUUID=ae8d4c35-055f-4407-86e2-4ec1f591227d, command=[]} | ret=SUCCESS |  
2019-08-23 23:59:25,983 | INFO  | SCMAudit | user=jenkins1000 | ip=192.168.34.57 | op=SEND_HEARTBEAT {datanodeUUID=1ef69ad4-8e4b-4531-9aa2-a6c5c7c904fa, command=[]} | ret=SUCCESS |  
2019-08-23 23:59:26,041 | INFO  | SCMAudit | user=jenkins1000 | ip=192.168.34.57 | op=SEND_HEARTBEAT {datanodeUUID=3d5eb9b2-a9f4-4243-a2dd-02e0a570989c, command=[]} | ret=SUCCESS |  
2019-08-23 23:59:26,222 | INFO  | SCMAudit | user=jenkins1000 | ip=192.168.34.57 | op=SEND_HEARTBEAT {datanodeUUID=c360f659-8ca7-48e8-94e2-fabef6965a78, command=[]} | ret=SUCCESS |  
2019-08-23 23:59:26,310 [grpc-default-executor-1] INFO  client.GrpcClientProtocolClient (GrpcClientProtocolClient.java:onNext(255)) - client-F6DDC4E4886F->ae8d4c35-055f-4407-86e2-4ec1f591227d: receive RaftClientReply:client-F6DDC4E4886F->ae8d4c35-055f-4407-86e2-4ec1f591227d@group-F9563CA9129C, cid=184, FAILED org.apache.ratis.protocol.NotLeaderException: Server ae8d4c35-055f-4407-86e2-4ec1f591227d is not the leader (b371bb21-e6a8-4036-9b16-438c55cb3ead:192.168.34.57:32823). Request must be sent to leader., logIndex=0, commits[ae8d4c35-055f-4407-86e2-4ec1f591227d:c15, 1ef69ad4-8e4b-4531-9aa2-a6c5c7c904fa:c15, b371bb21-e6a8-4036-9b16-438c55cb3ead:c15]
2019-08-23 23:59:26,436 | INFO  | SCMAudit | user=jenkins1000 | ip=192.168.34.57 | op=SEND_HEARTBEAT {datanodeUUID=d1f7a5bb-ef63-436e-b61b-faa886bf0f1d, command=[]} | ret=SUCCESS |  
2019-08-23 23:59:26,619 | INFO  | SCMAudit | user=jenkins1000 | ip=192.168.34.57 | op=SEND_HEARTBEAT {datanodeUUID=d0d9dee8-e77d-4d46-9003-12ee559a6c29, command=[]} | ret=SUCCESS |  
2019-08-23 23:59:26,983 | INFO  | SCMAudit | user=jenkins1000 | ip=192.168.34.57 | op=SEND_HEARTBEAT {datanodeUUID=1ef69ad4-8e4b-4531-9aa2-a6c5c7c904fa, command=[]} | ret=SUCCESS |  
2019-08-23 23:59:26,983 | INFO  | SCMAudit | user=jenkins1000 | ip=192.168.34.57 | op=SEND_HEARTBEAT {datanodeUUID=ae8d4c35-055f-4407-86e2-4ec1f591227d, command=[]} | ret=SUCCESS |  
2019-08-23 23:59:27,041 | INFO  | SCMAudit | user=jenkins1000 | ip=192.168.34.57 | op=SEND_HEARTBEAT {datanodeUUID=3d5eb9b2-a9f4-4243-a2dd-02e0a570989c, command=[]} | ret=SUCCESS |  
2019-08-23 23:59:27,223 | INFO  | SCMAudit | user=jenkins1000 | ip=192.168.34.57 | op=SEND_HEARTBEAT {datanodeUUID=c360f659-8ca7-48e8-94e2-fabef6965a78, command=[]} | ret=SUCCESS |  
2019-08-23 23:59:27,324 [grpc-default-executor-1] INFO  client.GrpcClientProtocolClient (GrpcClientProtocolClient.java:onNext(255)) - client-F6DDC4E4886F->ae8d4c35-055f-4407-86e2-4ec1f591227d: receive RaftClientReply:client-F6DDC4E4886F->ae8d4c35-055f-4407-86e2-4ec1f591227d@group-F9563CA9129C, cid=184, FAILED org.apache.ratis.protocol.NotLeaderException: Server ae8d4c35-055f-4407-86e2-4ec1f591227d is not the leader (b371bb21-e6a8-4036-9b16-438c55cb3ead:192.168.34.57:32823). Request must be sent to leader., logIndex=0, commits[ae8d4c35-055f-4407-86e2-4ec1f591227d:c15, 1ef69ad4-8e4b-4531-9aa2-a6c5c7c904fa:c15, b371bb21-e6a8-4036-9b16-438c55cb3ead:c15]
2019-08-23 23:59:27,435 | INFO  | SCMAudit | user=jenkins1000 | ip=192.168.34.57 | op=SEND_HEARTBEAT {datanodeUUID=d1f7a5bb-ef63-436e-b61b-faa886bf0f1d, command=[]} | ret=SUCCESS |  
2019-08-23 23:59:27,619 | INFO  | SCMAudit | user=jenkins1000 | ip=192.168.34.57 | op=SEND_HEARTBEAT {datanodeUUID=d0d9dee8-e77d-4d46-9003-12ee559a6c29, command=[]} | ret=SUCCESS |  
2019-08-23 23:59:27,983 | INFO  | SCMAudit | user=jenkins1000 | ip=192.168.34.57 | op=SEND_HEARTBEAT {datanodeUUID=ae8d4c35-055f-4407-86e2-4ec1f591227d, command=[]} | ret=SUCCESS |  
2019-08-23 23:59:27,983 | INFO  | SCMAudit | user=jenkins1000 | ip=192.168.34.57 | op=SEND_HEARTBEAT {datanodeUUID=1ef69ad4-8e4b-4531-9aa2-a6c5c7c904fa, command=[]} | ret=SUCCESS |  
2019-08-23 23:59:28,041 | INFO  | SCMAudit | user=jenkins1000 | ip=192.168.34.57 | op=SEND_HEARTBEAT {datanodeUUID=3d5eb9b2-a9f4-4243-a2dd-02e0a570989c, command=[]} | ret=SUCCESS |  
2019-08-23 23:59:28,223 | INFO  | SCMAudit | user=jenkins1000 | ip=192.168.34.57 | op=SEND_HEARTBEAT {datanodeUUID=c360f659-8ca7-48e8-94e2-fabef6965a78, command=[]} | ret=SUCCESS |  
2019-08-23 23:59:28,234 [Thread-3353] INFO  impl.FollowerState (FollowerState.java:run(106)) - 1ef69ad4-8e4b-4531-9aa2-a6c5c7c904fa:group-F9563CA9129C changes to CANDIDATE, lastRpcTime:9083, electionTimeout:5089ms
2019-08-23 23:59:28,234 [Thread-3353] INFO  impl.RoleInfo (RoleInfo.java:shutdownFollowerState(121)) - 1ef69ad4-8e4b-4531-9aa2-a6c5c7c904fa: shutdown FollowerState
2019-08-23 23:59:28,234 [Thread-3353] INFO  impl.RaftServerImpl (RaftServerImpl.java:setRole(171)) - 1ef69ad4-8e4b-4531-9aa2-a6c5c7c904fa:group-F9563CA9129C changes role from FOLLOWER to CANDIDATE at term 1 for changeToCandidate
2019-08-23 23:59:28,234 [Thread-3353] INFO  impl.RoleInfo (RoleInfo.java:updateAndGet(143)) - 1ef69ad4-8e4b-4531-9aa2-a6c5c7c904fa: start LeaderElection
2019-08-23 23:59:28,237 [1ef69ad4-8e4b-4531-9aa2-a6c5c7c904fa:group-F9563CA9129C:LeaderElection60] INFO  impl.RaftServerImpl (ServerState.java:setLeader(263)) - 1ef69ad4-8e4b-4531-9aa2-a6c5c7c904fa:group-F9563CA9129C change Leader from b371bb21-e6a8-4036-9b16-438c55cb3ead to null at term 1 for initElection
2019-08-23 23:59:28,249 [1ef69ad4-8e4b-4531-9aa2-a6c5c7c904fa:group-F9563CA9129C:LeaderElection60] INFO  impl.LeaderElection (LeaderElection.java:askForVotes(181)) - 1ef69ad4-8e4b-4531-9aa2-a6c5c7c904fa:group-F9563CA9129C:LeaderElection60: begin an election at term 2 for 0: [1ef69ad4-8e4b-4531-9aa2-a6c5c7c904fa:192.168.34.57:42315, b371bb21-e6a8-4036-9b16-438c55cb3ead:192.168.34.57:32823, ae8d4c35-055f-4407-86e2-4ec1f591227d:192.168.34.57:38373], old=null
2019-08-23 23:59:28,252 [1ef69ad4-8e4b-4531-9aa2-a6c5c7c904fa:group-F9563CA9129C:LeaderElection60] INFO  impl.LeaderElection (LogUtils.java:infoOrTrace(149)) - 1ef69ad4-8e4b-4531-9aa2-a6c5c7c904fa:group-F9563CA9129C:LeaderElection60 got exception when requesting votes: {}
java.util.concurrent.ExecutionException: org.apache.ratis.thirdparty.io.grpc.StatusRuntimeException: UNAVAILABLE: io exception
	at java.util.concurrent.FutureTask.report(FutureTask.java:122)
	at java.util.concurrent.FutureTask.get(FutureTask.java:192)
	at org.apache.ratis.server.impl.LeaderElection.waitForResults(LeaderElection.java:262)
	at org.apache.ratis.server.impl.LeaderElection.askForVotes(LeaderElection.java:200)
	at org.apache.ratis.server.impl.LeaderElection.run(LeaderElection.java:130)
	at java.lang.Thread.run(Thread.java:748)
Caused by: org.apache.ratis.thirdparty.io.grpc.StatusRuntimeException: UNAVAILABLE: io exception
	at org.apache.ratis.thirdparty.io.grpc.stub.ClientCalls.toStatusRuntimeException(ClientCalls.java:233)
	at org.apache.ratis.thirdparty.io.grpc.stub.ClientCalls.getUnchecked(ClientCalls.java:214)
	at org.apache.ratis.thirdparty.io.grpc.stub.ClientCalls.blockingUnaryCall(ClientCalls.java:139)
	at org.apache.ratis.proto.grpc.RaftServerProtocolServiceGrpc$RaftServerProtocolServiceBlockingStub.requestVote(RaftServerProtocolServiceGrpc.java:265)
	at org.apache.ratis.grpc.server.GrpcServerProtocolClient.requestVote(GrpcServerProtocolClient.java:83)
	at org.apache.ratis.grpc.server.GrpcService.requestVote(GrpcService.java:195)
	at org.apache.ratis.server.impl.LeaderElection.lambda$submitRequests$1(LeaderElection.java:237)
	at java.util.concurrent.FutureTask.run(FutureTask.java:266)
	at java.util.concurrent.Executors$RunnableAdapter.call(Executors.java:511)
	at java.util.concurrent.FutureTask.run(FutureTask.java:266)
	at java.util.concurrent.ThreadPoolExecutor.runWorker(ThreadPoolExecutor.java:1149)
	at java.util.concurrent.ThreadPoolExecutor$Worker.run(ThreadPoolExecutor.java:624)
	... 1 more
Caused by: org.apache.ratis.thirdparty.io.netty.channel.AbstractChannel$AnnotatedConnectException: Connection refused: /192.168.34.57:32823
	at sun.nio.ch.SocketChannelImpl.checkConnect(Native Method)
	at sun.nio.ch.SocketChannelImpl.finishConnect(SocketChannelImpl.java:717)
	at org.apache.ratis.thirdparty.io.netty.channel.socket.nio.NioSocketChannel.doFinishConnect(NioSocketChannel.java:327)
	at org.apache.ratis.thirdparty.io.netty.channel.nio.AbstractNioChannel$AbstractNioUnsafe.finishConnect(AbstractNioChannel.java:340)
	at org.apache.ratis.thirdparty.io.netty.channel.nio.NioEventLoop.processSelectedKey(NioEventLoop.java:632)
	at org.apache.ratis.thirdparty.io.netty.channel.nio.NioEventLoop.processSelectedKeysOptimized(NioEventLoop.java:579)
	at org.apache.ratis.thirdparty.io.netty.channel.nio.NioEventLoop.processSelectedKeys(NioEventLoop.java:496)
	at org.apache.ratis.thirdparty.io.netty.channel.nio.NioEventLoop.run(NioEventLoop.java:458)
	at org.apache.ratis.thirdparty.io.netty.util.concurrent.SingleThreadEventExecutor$5.run(SingleThreadEventExecutor.java:897)
	at org.apache.ratis.thirdparty.io.netty.util.concurrent.FastThreadLocalRunnable.run(FastThreadLocalRunnable.java:30)
	... 1 more
Caused by: java.net.ConnectException: Connection refused
	... 11 more
2019-08-23 23:59:28,256 [grpc-default-executor-1] INFO  impl.RaftServerImpl (ServerState.java:setLeader(263)) - ae8d4c35-055f-4407-86e2-4ec1f591227d:group-F9563CA9129C change Leader from b371bb21-e6a8-4036-9b16-438c55cb3ead to null at term 2 for updateCurrentTerm
2019-08-23 23:59:28,257 [grpc-default-executor-1] INFO  impl.RaftServerImpl (RaftServerImpl.java:setRole(171)) - ae8d4c35-055f-4407-86e2-4ec1f591227d:group-F9563CA9129C changes role from FOLLOWER to FOLLOWER at term 2 for recognizeCandidate:1ef69ad4-8e4b-4531-9aa2-a6c5c7c904fa
2019-08-23 23:59:28,257 [grpc-default-executor-1] INFO  impl.RoleInfo (RoleInfo.java:shutdownFollowerState(121)) - ae8d4c35-055f-4407-86e2-4ec1f591227d: shutdown FollowerState
2019-08-23 23:59:28,257 [grpc-default-executor-1] INFO  impl.RoleInfo (RoleInfo.java:updateAndGet(143)) - ae8d4c35-055f-4407-86e2-4ec1f591227d: start FollowerState
2019-08-23 23:59:28,257 [Thread-3354] INFO  impl.FollowerState (FollowerState.java:run(114)) - ae8d4c35-055f-4407-86e2-4ec1f591227d: FollowerState was interrupted: java.lang.InterruptedException: sleep interrupted
2019-08-23 23:59:28,276 [1ef69ad4-8e4b-4531-9aa2-a6c5c7c904fa:group-F9563CA9129C:LeaderElection60] INFO  impl.LeaderElection (LeaderElection.java:logAndReturn(56)) - 1ef69ad4-8e4b-4531-9aa2-a6c5c7c904fa:group-F9563CA9129C:LeaderElection60: Election PASSED; received 1 response(s) [1ef69ad4-8e4b-4531-9aa2-a6c5c7c904fa<-ae8d4c35-055f-4407-86e2-4ec1f591227d#0:OK-t2] and 1 exception(s); 1ef69ad4-8e4b-4531-9aa2-a6c5c7c904fa:t2, leader=null, voted=1ef69ad4-8e4b-4531-9aa2-a6c5c7c904fa, raftlog=1ef69ad4-8e4b-4531-9aa2-a6c5c7c904fa-SegmentedRaftLog:OPENED:c15,f15,i15, conf=0: [1ef69ad4-8e4b-4531-9aa2-a6c5c7c904fa:192.168.34.57:42315, b371bb21-e6a8-4036-9b16-438c55cb3ead:192.168.34.57:32823, ae8d4c35-055f-4407-86e2-4ec1f591227d:192.168.34.57:38373], old=null
2019-08-23 23:59:28,276 [1ef69ad4-8e4b-4531-9aa2-a6c5c7c904fa:group-F9563CA9129C:LeaderElection60] INFO  impl.LeaderElection (LogUtils.java:infoOrTrace(149)) -   Exception 0: {}
java.util.concurrent.ExecutionException: org.apache.ratis.thirdparty.io.grpc.StatusRuntimeException: UNAVAILABLE: io exception
	at java.util.concurrent.FutureTask.report(FutureTask.java:122)
	at java.util.concurrent.FutureTask.get(FutureTask.java:192)
	at org.apache.ratis.server.impl.LeaderElection.waitForResults(LeaderElection.java:262)
	at org.apache.ratis.server.impl.LeaderElection.askForVotes(LeaderElection.java:200)
	at org.apache.ratis.server.impl.LeaderElection.run(LeaderElection.java:130)
	at java.lang.Thread.run(Thread.java:748)
Caused by: org.apache.ratis.thirdparty.io.grpc.StatusRuntimeException: UNAVAILABLE: io exception
	at org.apache.ratis.thirdparty.io.grpc.stub.ClientCalls.toStatusRuntimeException(ClientCalls.java:233)
	at org.apache.ratis.thirdparty.io.grpc.stub.ClientCalls.getUnchecked(ClientCalls.java:214)
	at org.apache.ratis.thirdparty.io.grpc.stub.ClientCalls.blockingUnaryCall(ClientCalls.java:139)
	at org.apache.ratis.proto.grpc.RaftServerProtocolServiceGrpc$RaftServerProtocolServiceBlockingStub.requestVote(RaftServerProtocolServiceGrpc.java:265)
	at org.apache.ratis.grpc.server.GrpcServerProtocolClient.requestVote(GrpcServerProtocolClient.java:83)
	at org.apache.ratis.grpc.server.GrpcService.requestVote(GrpcService.java:195)
	at org.apache.ratis.server.impl.LeaderElection.lambda$submitRequests$1(LeaderElection.java:237)
	at java.util.concurrent.FutureTask.run(FutureTask.java:266)
	at java.util.concurrent.Executors$RunnableAdapter.call(Executors.java:511)
	at java.util.concurrent.FutureTask.run(FutureTask.java:266)
	at java.util.concurrent.ThreadPoolExecutor.runWorker(ThreadPoolExecutor.java:1149)
	at java.util.concurrent.ThreadPoolExecutor$Worker.run(ThreadPoolExecutor.java:624)
	... 1 more
Caused by: org.apache.ratis.thirdparty.io.netty.channel.AbstractChannel$AnnotatedConnectException: Connection refused: /192.168.34.57:32823
	at sun.nio.ch.SocketChannelImpl.checkConnect(Native Method)
	at sun.nio.ch.SocketChannelImpl.finishConnect(SocketChannelImpl.java:717)
	at org.apache.ratis.thirdparty.io.netty.channel.socket.nio.NioSocketChannel.doFinishConnect(NioSocketChannel.java:327)
	at org.apache.ratis.thirdparty.io.netty.channel.nio.AbstractNioChannel$AbstractNioUnsafe.finishConnect(AbstractNioChannel.java:340)
	at org.apache.ratis.thirdparty.io.netty.channel.nio.NioEventLoop.processSelectedKey(NioEventLoop.java:632)
	at org.apache.ratis.thirdparty.io.netty.channel.nio.NioEventLoop.processSelectedKeysOptimized(NioEventLoop.java:579)
	at org.apache.ratis.thirdparty.io.netty.channel.nio.NioEventLoop.processSelectedKeys(NioEventLoop.java:496)
	at org.apache.ratis.thirdparty.io.netty.channel.nio.NioEventLoop.run(NioEventLoop.java:458)
	at org.apache.ratis.thirdparty.io.netty.util.concurrent.SingleThreadEventExecutor$5.run(SingleThreadEventExecutor.java:897)
	at org.apache.ratis.thirdparty.io.netty.util.concurrent.FastThreadLocalRunnable.run(FastThreadLocalRunnable.java:30)
	... 1 more
Caused by: java.net.ConnectException: Connection refused
	... 11 more
2019-08-23 23:59:28,276 [1ef69ad4-8e4b-4531-9aa2-a6c5c7c904fa:group-F9563CA9129C:LeaderElection60] INFO  impl.RoleInfo (RoleInfo.java:shutdownLeaderElection(134)) - 1ef69ad4-8e4b-4531-9aa2-a6c5c7c904fa: shutdown LeaderElection
2019-08-23 23:59:28,276 [1ef69ad4-8e4b-4531-9aa2-a6c5c7c904fa:group-F9563CA9129C:LeaderElection60] INFO  impl.RaftServerImpl (RaftServerImpl.java:setRole(171)) - 1ef69ad4-8e4b-4531-9aa2-a6c5c7c904fa:group-F9563CA9129C changes role from CANDIDATE to LEADER at term 2 for changeToLeader
2019-08-23 23:59:28,276 [1ef69ad4-8e4b-4531-9aa2-a6c5c7c904fa:group-F9563CA9129C:LeaderElection60] INFO  impl.RaftServerImpl (ServerState.java:setLeader(263)) - 1ef69ad4-8e4b-4531-9aa2-a6c5c7c904fa:group-F9563CA9129C change Leader from null to 1ef69ad4-8e4b-4531-9aa2-a6c5c7c904fa at term 2 for becomeLeader, leader elected after 39ms
2019-08-23 23:59:28,277 [1ef69ad4-8e4b-4531-9aa2-a6c5c7c904fa:group-F9563CA9129C:LeaderElection60] INFO  server.RaftServerConfigKeys (ConfUtils.java:logGet(43)) - raft.server.staging.catchup.gap = 1000 (default)
2019-08-23 23:59:28,277 [1ef69ad4-8e4b-4531-9aa2-a6c5c7c904fa:group-F9563CA9129C:LeaderElection60] INFO  server.RaftServerConfigKeys (ConfUtils.java:logGet(43)) - raft.server.rpc.sleep.time = 25ms (default)
2019-08-23 23:59:28,277 [1ef69ad4-8e4b-4531-9aa2-a6c5c7c904fa:group-F9563CA9129C:LeaderElection60] INFO  server.RaftServerConfigKeys (ConfUtils.java:logGet(43)) - raft.server.write.element-limit = 4096 (default)
2019-08-23 23:59:28,277 [1ef69ad4-8e4b-4531-9aa2-a6c5c7c904fa:group-F9563CA9129C:LeaderElection60] INFO  server.RaftServerConfigKeys (ConfUtils.java:logGet(43)) - raft.server.watch.timeout = 10s (default)
2019-08-23 23:59:28,277 [1ef69ad4-8e4b-4531-9aa2-a6c5c7c904fa:group-F9563CA9129C:LeaderElection60] INFO  server.RaftServerConfigKeys (ConfUtils.java:logGet(43)) - raft.server.watch.timeout.denomination = 1s (default)
2019-08-23 23:59:28,277 [1ef69ad4-8e4b-4531-9aa2-a6c5c7c904fa:group-F9563CA9129C:LeaderElection60] INFO  server.RaftServerConfigKeys (ConfUtils.java:logGet(43)) - raft.server.watch.element-limit = 65536 (default)
2019-08-23 23:59:28,278 [1ef69ad4-8e4b-4531-9aa2-a6c5c7c904fa:group-F9563CA9129C:LeaderElection60] INFO  server.RaftServerConfigKeys (ConfUtils.java:logGet(43)) - raft.server.log.appender.snapshot.chunk.size.max = 16MB (=16777216) (default)
2019-08-23 23:59:28,278 [1ef69ad4-8e4b-4531-9aa2-a6c5c7c904fa:group-F9563CA9129C:LeaderElection60] INFO  server.RaftServerConfigKeys (ConfUtils.java:logGet(43)) - raft.server.log.appender.buffer.byte-limit = 33554432 (custom)
2019-08-23 23:59:28,278 [1ef69ad4-8e4b-4531-9aa2-a6c5c7c904fa:group-F9563CA9129C:LeaderElection60] INFO  server.RaftServerConfigKeys (ConfUtils.java:logGet(43)) - raft.server.log.appender.buffer.element-limit = 1 (custom)
2019-08-23 23:59:28,278 [1ef69ad4-8e4b-4531-9aa2-a6c5c7c904fa:group-F9563CA9129C:LeaderElection60] INFO  grpc.GrpcConfigKeys$Server (ConfUtils.java:logGet(43)) - raft.grpc.server.leader.outstanding.appends.max = 128 (default)
2019-08-23 23:59:28,279 [1ef69ad4-8e4b-4531-9aa2-a6c5c7c904fa:group-F9563CA9129C:LeaderElection60] INFO  server.RaftServerConfigKeys (ConfUtils.java:logGet(43)) - raft.server.rpc.request.timeout = 3000ms (default)
2019-08-23 23:59:28,279 [1ef69ad4-8e4b-4531-9aa2-a6c5c7c904fa:group-F9563CA9129C:LeaderElection60] INFO  server.RaftServerConfigKeys (ConfUtils.java:logGet(43)) - raft.server.log.appender.install.snapshot.enabled = false (custom)
2019-08-23 23:59:28,279 [1ef69ad4-8e4b-4531-9aa2-a6c5c7c904fa:group-F9563CA9129C:LeaderElection60] INFO  server.RaftServerConfigKeys (ConfUtils.java:logGet(43)) - raft.server.log.appender.snapshot.chunk.size.max = 16MB (=16777216) (default)
2019-08-23 23:59:28,279 [1ef69ad4-8e4b-4531-9aa2-a6c5c7c904fa:group-F9563CA9129C:LeaderElection60] INFO  server.RaftServerConfigKeys (ConfUtils.java:logGet(43)) - raft.server.log.appender.buffer.byte-limit = 33554432 (custom)
2019-08-23 23:59:28,279 [1ef69ad4-8e4b-4531-9aa2-a6c5c7c904fa:group-F9563CA9129C:LeaderElection60] INFO  server.RaftServerConfigKeys (ConfUtils.java:logGet(43)) - raft.server.log.appender.buffer.element-limit = 1 (custom)
2019-08-23 23:59:28,279 [1ef69ad4-8e4b-4531-9aa2-a6c5c7c904fa:group-F9563CA9129C:LeaderElection60] INFO  grpc.GrpcConfigKeys$Server (ConfUtils.java:logGet(43)) - raft.grpc.server.leader.outstanding.appends.max = 128 (default)
2019-08-23 23:59:28,280 [1ef69ad4-8e4b-4531-9aa2-a6c5c7c904fa:group-F9563CA9129C:LeaderElection60] INFO  server.RaftServerConfigKeys (ConfUtils.java:logGet(43)) - raft.server.rpc.request.timeout = 3000ms (default)
2019-08-23 23:59:28,280 [1ef69ad4-8e4b-4531-9aa2-a6c5c7c904fa:group-F9563CA9129C:LeaderElection60] INFO  server.RaftServerConfigKeys (ConfUtils.java:logGet(43)) - raft.server.log.appender.install.snapshot.enabled = false (custom)
2019-08-23 23:59:28,280 [1ef69ad4-8e4b-4531-9aa2-a6c5c7c904fa:group-F9563CA9129C:LeaderElection60] INFO  impl.RoleInfo (RoleInfo.java:updateAndGet(143)) - 1ef69ad4-8e4b-4531-9aa2-a6c5c7c904fa: start LeaderState
2019-08-23 23:59:28,280 [1ef69ad4-8e4b-4531-9aa2-a6c5c7c904fa:group-F9563CA9129C:LeaderElection60] INFO  segmented.SegmentedRaftLogWorker (SegmentedRaftLogWorker.java:rollLogSegment(385)) - 1ef69ad4-8e4b-4531-9aa2-a6c5c7c904fa-SegmentedRaftLogWorker:Storage Directory /workdir/hadoop-ozone/integration-test/target/test-dir/MiniOzoneClusterImpl-afd2179f-99c6-4f80-80f5-ac745fcf97f2/datanode-0/data/ratis/333babfa-cd5f-487a-a66e-f9563ca9129c: Rolling segment log-0_15 to index:15
2019-08-23 23:59:28,281 [1ef69ad4-8e4b-4531-9aa2-a6c5c7c904fa-SegmentedRaftLogWorker:Storage Directory /workdir/hadoop-ozone/integration-test/target/test-dir/MiniOzoneClusterImpl-afd2179f-99c6-4f80-80f5-ac745fcf97f2/datanode-0/data/ratis/333babfa-cd5f-487a-a66e-f9563ca9129c] INFO  segmented.SegmentedRaftLogWorker (SegmentedRaftLogWorker.java:execute(526)) - 1ef69ad4-8e4b-4531-9aa2-a6c5c7c904fa-SegmentedRaftLogWorker:Storage Directory /workdir/hadoop-ozone/integration-test/target/test-dir/MiniOzoneClusterImpl-afd2179f-99c6-4f80-80f5-ac745fcf97f2/datanode-0/data/ratis/333babfa-cd5f-487a-a66e-f9563ca9129c: Rolled log segment from /workdir/hadoop-ozone/integration-test/target/test-dir/MiniOzoneClusterImpl-afd2179f-99c6-4f80-80f5-ac745fcf97f2/datanode-0/data/ratis/333babfa-cd5f-487a-a66e-f9563ca9129c/current/log_inprogress_0 to /workdir/hadoop-ozone/integration-test/target/test-dir/MiniOzoneClusterImpl-afd2179f-99c6-4f80-80f5-ac745fcf97f2/datanode-0/data/ratis/333babfa-cd5f-487a-a66e-f9563ca9129c/current/log_0-15
2019-08-23 23:59:28,281 [1ef69ad4-8e4b-4531-9aa2-a6c5c7c904fa:group-F9563CA9129C:LeaderElection60] INFO  impl.RaftServerImpl (ServerState.java:setRaftConf(361)) - 1ef69ad4-8e4b-4531-9aa2-a6c5c7c904fa:group-F9563CA9129C set configuration 16: [1ef69ad4-8e4b-4531-9aa2-a6c5c7c904fa:192.168.34.57:42315, b371bb21-e6a8-4036-9b16-438c55cb3ead:192.168.34.57:32823, ae8d4c35-055f-4407-86e2-4ec1f591227d:192.168.34.57:38373], old=null at 16
2019-08-23 23:59:28,282 [grpc-default-executor-1] WARN  server.GrpcLogAppender (LogUtils.java:warn(134)) - 1ef69ad4-8e4b-4531-9aa2-a6c5c7c904fa->b371bb21-e6a8-4036-9b16-438c55cb3ead: Failed appendEntries: org.apache.ratis.thirdparty.io.grpc.StatusRuntimeException: UNAVAILABLE: io exception
2019-08-23 23:59:28,282 [grpc-default-executor-1] INFO  impl.FollowerInfo (FollowerInfo.java:lambda$new$0(50)) - 1ef69ad4-8e4b-4531-9aa2-a6c5c7c904fa->b371bb21-e6a8-4036-9b16-438c55cb3ead: nextIndex: updateUnconditionally 16 -> 1
2019-08-23 23:59:28,283 [grpc-default-executor-1] INFO  impl.RaftServerImpl (ServerState.java:setLeader(263)) - ae8d4c35-055f-4407-86e2-4ec1f591227d:group-F9563CA9129C change Leader from null to 1ef69ad4-8e4b-4531-9aa2-a6c5c7c904fa at term 2 for appendEntries, leader elected after 26ms
2019-08-23 23:59:28,286 [grpc-default-executor-1] INFO  impl.RaftServerImpl (ServerState.java:setRaftConf(361)) - ae8d4c35-055f-4407-86e2-4ec1f591227d:group-F9563CA9129C set configuration 16: [1ef69ad4-8e4b-4531-9aa2-a6c5c7c904fa:192.168.34.57:42315, b371bb21-e6a8-4036-9b16-438c55cb3ead:192.168.34.57:32823, ae8d4c35-055f-4407-86e2-4ec1f591227d:192.168.34.57:38373], old=null at 16
2019-08-23 23:59:28,286 [grpc-default-executor-1] INFO  segmented.SegmentedRaftLogWorker (SegmentedRaftLogWorker.java:rollLogSegment(385)) - ae8d4c35-055f-4407-86e2-4ec1f591227d-SegmentedRaftLogWorker:Storage Directory /workdir/hadoop-ozone/integration-test/target/test-dir/MiniOzoneClusterImpl-afd2179f-99c6-4f80-80f5-ac745fcf97f2/datanode-1/data/ratis/333babfa-cd5f-487a-a66e-f9563ca9129c: Rolling segment log-0_15 to index:15
2019-08-23 23:59:28,287 [ae8d4c35-055f-4407-86e2-4ec1f591227d-SegmentedRaftLogWorker:Storage Directory /workdir/hadoop-ozone/integration-test/target/test-dir/MiniOzoneClusterImpl-afd2179f-99c6-4f80-80f5-ac745fcf97f2/datanode-1/data/ratis/333babfa-cd5f-487a-a66e-f9563ca9129c] INFO  segmented.SegmentedRaftLogWorker (SegmentedRaftLogWorker.java:execute(526)) - ae8d4c35-055f-4407-86e2-4ec1f591227d-SegmentedRaftLogWorker:Storage Directory /workdir/hadoop-ozone/integration-test/target/test-dir/MiniOzoneClusterImpl-afd2179f-99c6-4f80-80f5-ac745fcf97f2/datanode-1/data/ratis/333babfa-cd5f-487a-a66e-f9563ca9129c: Rolled log segment from /workdir/hadoop-ozone/integration-test/target/test-dir/MiniOzoneClusterImpl-afd2179f-99c6-4f80-80f5-ac745fcf97f2/datanode-1/data/ratis/333babfa-cd5f-487a-a66e-f9563ca9129c/current/log_inprogress_0 to /workdir/hadoop-ozone/integration-test/target/test-dir/MiniOzoneClusterImpl-afd2179f-99c6-4f80-80f5-ac745fcf97f2/datanode-1/data/ratis/333babfa-cd5f-487a-a66e-f9563ca9129c/current/log_0-15
2019-08-23 23:59:28,336 [ae8d4c35-055f-4407-86e2-4ec1f591227d-SegmentedRaftLogWorker:Storage Directory /workdir/hadoop-ozone/integration-test/target/test-dir/MiniOzoneClusterImpl-afd2179f-99c6-4f80-80f5-ac745fcf97f2/datanode-1/data/ratis/333babfa-cd5f-487a-a66e-f9563ca9129c] INFO  segmented.SegmentedRaftLogWorker (SegmentedRaftLogWorker.java:execute(569)) - ae8d4c35-055f-4407-86e2-4ec1f591227d-SegmentedRaftLogWorker:Storage Directory /workdir/hadoop-ozone/integration-test/target/test-dir/MiniOzoneClusterImpl-afd2179f-99c6-4f80-80f5-ac745fcf97f2/datanode-1/data/ratis/333babfa-cd5f-487a-a66e-f9563ca9129c: created new log segment /workdir/hadoop-ozone/integration-test/target/test-dir/MiniOzoneClusterImpl-afd2179f-99c6-4f80-80f5-ac745fcf97f2/datanode-1/data/ratis/333babfa-cd5f-487a-a66e-f9563ca9129c/current/log_inprogress_16
2019-08-23 23:59:28,336 [1ef69ad4-8e4b-4531-9aa2-a6c5c7c904fa-SegmentedRaftLogWorker:Storage Directory /workdir/hadoop-ozone/integration-test/target/test-dir/MiniOzoneClusterImpl-afd2179f-99c6-4f80-80f5-ac745fcf97f2/datanode-0/data/ratis/333babfa-cd5f-487a-a66e-f9563ca9129c] INFO  segmented.SegmentedRaftLogWorker (SegmentedRaftLogWorker.java:execute(569)) - 1ef69ad4-8e4b-4531-9aa2-a6c5c7c904fa-SegmentedRaftLogWorker:Storage Directory /workdir/hadoop-ozone/integration-test/target/test-dir/MiniOzoneClusterImpl-afd2179f-99c6-4f80-80f5-ac745fcf97f2/datanode-0/data/ratis/333babfa-cd5f-487a-a66e-f9563ca9129c: created new log segment /workdir/hadoop-ozone/integration-test/target/test-dir/MiniOzoneClusterImpl-afd2179f-99c6-4f80-80f5-ac745fcf97f2/datanode-0/data/ratis/333babfa-cd5f-487a-a66e-f9563ca9129c/current/log_inprogress_16
2019-08-23 23:59:28,340 [grpc-default-executor-1] INFO  client.GrpcClientProtocolClient (GrpcClientProtocolClient.java:onNext(255)) - client-F6DDC4E4886F->ae8d4c35-055f-4407-86e2-4ec1f591227d: receive RaftClientReply:client-F6DDC4E4886F->ae8d4c35-055f-4407-86e2-4ec1f591227d@group-F9563CA9129C, cid=184, FAILED org.apache.ratis.protocol.NotLeaderException: Server ae8d4c35-055f-4407-86e2-4ec1f591227d is not the leader (1ef69ad4-8e4b-4531-9aa2-a6c5c7c904fa:192.168.34.57:42315). Request must be sent to leader., logIndex=0, commits[ae8d4c35-055f-4407-86e2-4ec1f591227d:c15, 1ef69ad4-8e4b-4531-9aa2-a6c5c7c904fa:c15, b371bb21-e6a8-4036-9b16-438c55cb3ead:c15]
2019-08-23 23:59:28,362 | INFO  | DNAudit | user=null | ip=null | op=READ_CHUNK {blockData=conID: 1 locID: 102669008873848845 bcsId: 0} | ret=SUCCESS |  
2019-08-23 23:59:28,368 [grpc-default-executor-3] INFO  client.GrpcClientProtocolClient (GrpcClientProtocolClient.java:onNext(255)) - client-F6DDC4E4886F->1ef69ad4-8e4b-4531-9aa2-a6c5c7c904fa: receive RaftClientReply:client-F6DDC4E4886F->1ef69ad4-8e4b-4531-9aa2-a6c5c7c904fa@group-F9563CA9129C, cid=184, FAILED org.apache.ratis.protocol.LeaderNotReadyException: 1ef69ad4-8e4b-4531-9aa2-a6c5c7c904fa is in LEADER state but not ready yet., logIndex=0, commits[1ef69ad4-8e4b-4531-9aa2-a6c5c7c904fa:c15, b371bb21-e6a8-4036-9b16-438c55cb3ead:c15, ae8d4c35-055f-4407-86e2-4ec1f591227d:c15]
2019-08-23 23:59:28,370 [grpc-default-executor-5] WARN  server.GrpcLogAppender (LogUtils.java:warn(134)) - 1ef69ad4-8e4b-4531-9aa2-a6c5c7c904fa->b371bb21-e6a8-4036-9b16-438c55cb3ead: Failed appendEntries: org.apache.ratis.thirdparty.io.grpc.StatusRuntimeException: UNAVAILABLE: io exception
2019-08-23 23:59:28,370 [grpc-default-executor-5] INFO  impl.FollowerInfo (FollowerInfo.java:lambda$new$0(50)) - 1ef69ad4-8e4b-4531-9aa2-a6c5c7c904fa->b371bb21-e6a8-4036-9b16-438c55cb3ead: nextIndex: updateUnconditionally 2 -> 1
2019-08-23 23:59:28,435 | INFO  | SCMAudit | user=jenkins1000 | ip=192.168.34.57 | op=SEND_HEARTBEAT {datanodeUUID=d1f7a5bb-ef63-436e-b61b-faa886bf0f1d, command=[]} | ret=SUCCESS |  
2019-08-23 23:59:28,619 | INFO  | SCMAudit | user=jenkins1000 | ip=192.168.34.57 | op=SEND_HEARTBEAT {datanodeUUID=d0d9dee8-e77d-4d46-9003-12ee559a6c29, command=[]} | ret=SUCCESS |  
2019-08-23 23:59:28,983 | INFO  | SCMAudit | user=jenkins1000 | ip=192.168.34.57 | op=SEND_HEARTBEAT {datanodeUUID=1ef69ad4-8e4b-4531-9aa2-a6c5c7c904fa, command=[]} | ret=SUCCESS |  
2019-08-23 23:59:28,983 | INFO  | SCMAudit | user=jenkins1000 | ip=192.168.34.57 | op=SEND_HEARTBEAT {datanodeUUID=ae8d4c35-055f-4407-86e2-4ec1f591227d, command=[]} | ret=SUCCESS |  
2019-08-23 23:59:29,041 | INFO  | SCMAudit | user=jenkins1000 | ip=192.168.34.57 | op=SEND_HEARTBEAT {datanodeUUID=3d5eb9b2-a9f4-4243-a2dd-02e0a570989c, command=[]} | ret=SUCCESS |  
2019-08-23 23:59:29,223 | INFO  | SCMAudit | user=jenkins1000 | ip=192.168.34.57 | op=SEND_HEARTBEAT {datanodeUUID=c360f659-8ca7-48e8-94e2-fabef6965a78, command=[]} | ret=SUCCESS |  
2019-08-23 23:59:29,436 | INFO  | SCMAudit | user=jenkins1000 | ip=192.168.34.57 | op=SEND_HEARTBEAT {datanodeUUID=d1f7a5bb-ef63-436e-b61b-faa886bf0f1d, command=[]} | ret=SUCCESS |  
2019-08-23 23:59:29,619 | INFO  | SCMAudit | user=jenkins1000 | ip=192.168.34.57 | op=SEND_HEARTBEAT {datanodeUUID=d0d9dee8-e77d-4d46-9003-12ee559a6c29, command=[]} | ret=SUCCESS |  
2019-08-23 23:59:29,983 | INFO  | SCMAudit | user=jenkins1000 | ip=192.168.34.57 | op=SEND_HEARTBEAT {datanodeUUID=ae8d4c35-055f-4407-86e2-4ec1f591227d, command=[]} | ret=SUCCESS |  
2019-08-23 23:59:29,983 | INFO  | SCMAudit | user=jenkins1000 | ip=192.168.34.57 | op=SEND_HEARTBEAT {datanodeUUID=1ef69ad4-8e4b-4531-9aa2-a6c5c7c904fa, command=[]} | ret=SUCCESS |  
2019-08-23 23:59:30,042 | INFO  | SCMAudit | user=jenkins1000 | ip=192.168.34.57 | op=SEND_HEARTBEAT {datanodeUUID=3d5eb9b2-a9f4-4243-a2dd-02e0a570989c, command=[]} | ret=SUCCESS |  
2019-08-23 23:59:30,223 | INFO  | SCMAudit | user=jenkins1000 | ip=192.168.34.57 | op=SEND_HEARTBEAT {datanodeUUID=c360f659-8ca7-48e8-94e2-fabef6965a78, command=[]} | ret=SUCCESS |  
2019-08-23 23:59:30,374 | ERROR | DNAudit | user=null | ip=null | op=WRITE_CHUNK {blockData=conID: 1 locID: 102669008873848845 bcsId: 13} | ret=FAILURE | org.apache.hadoop.hdds.scm.container.common.helpers.ContainerNotOpenException: Container 1 in CLOSING state
	at org.apache.hadoop.ozone.container.common.impl.HddsDispatcher.validateContainerCommand(HddsDispatcher.java:408)
	at org.apache.hadoop.ozone.container.common.transport.server.ratis.ContainerStateMachine.startTransaction(ContainerStateMachine.java:309) 
2019-08-23 23:59:30,387 [grpc-default-executor-1] INFO  client.GrpcClientProtocolClient (GrpcClientProtocolClient.java:onNext(255)) - client-F6DDC4E4886F->1ef69ad4-8e4b-4531-9aa2-a6c5c7c904fa: receive RaftClientReply:client-F6DDC4E4886F->1ef69ad4-8e4b-4531-9aa2-a6c5c7c904fa@group-F9563CA9129C, cid=184, FAILED org.apache.ratis.protocol.StateMachineException: org.apache.hadoop.hdds.scm.container.common.helpers.ContainerNotOpenException from Server 1ef69ad4-8e4b-4531-9aa2-a6c5c7c904fa: Container 1 in CLOSING state, logIndex=0, commits[1ef69ad4-8e4b-4531-9aa2-a6c5c7c904fa:c17, b371bb21-e6a8-4036-9b16-438c55cb3ead:c15, ae8d4c35-055f-4407-86e2-4ec1f591227d:c16]
2019-08-23 23:59:30,389 | ERROR | DNAudit | user=null | ip=null | op=WRITE_CHUNK {blockData=conID: 1 locID: 102669008873848845 bcsId: 13} | ret=FAILURE | org.apache.hadoop.hdds.scm.container.common.helpers.ContainerNotOpenException: Container 1 in CLOSING state
	at org.apache.hadoop.ozone.container.common.impl.HddsDispatcher.validateContainerCommand(HddsDispatcher.java:408)
	at org.apache.hadoop.ozone.container.common.transport.server.ratis.ContainerStateMachine.startTransaction(ContainerStateMachine.java:309) 
2019-08-23 23:59:30,395 | ERROR | DNAudit | user=null | ip=null | op=PUT_BLOCK {blockData=[blockId=conID: 1 locID: 102669008873848845 bcsId: 0,size=650]} | ret=FAILURE | org.apache.hadoop.hdds.scm.container.common.helpers.ContainerNotOpenException: Container 1 in CLOSING state
	at org.apache.hadoop.ozone.container.common.impl.HddsDispatcher.validateContainerCommand(HddsDispatcher.java:408)
	at org.apache.hadoop.ozone.container.common.transport.server.ratis.ContainerStateMachine.startTransaction(ContainerStateMachine.java:309) 
2019-08-23 23:59:30,396 [grpc-default-executor-1] INFO  client.GrpcClientProtocolClient (GrpcClientProtocolClient.java:onNext(255)) - client-F6DDC4E4886F->1ef69ad4-8e4b-4531-9aa2-a6c5c7c904fa: receive RaftClientReply:client-F6DDC4E4886F->1ef69ad4-8e4b-4531-9aa2-a6c5c7c904fa@group-F9563CA9129C, cid=185, FAILED org.apache.ratis.protocol.StateMachineException: org.apache.hadoop.hdds.scm.container.common.helpers.ContainerNotOpenException from Server 1ef69ad4-8e4b-4531-9aa2-a6c5c7c904fa: Container 1 in CLOSING state, logIndex=0, commits[1ef69ad4-8e4b-4531-9aa2-a6c5c7c904fa:c17, b371bb21-e6a8-4036-9b16-438c55cb3ead:c15, ae8d4c35-055f-4407-86e2-4ec1f591227d:c16]
2019-08-23 23:59:30,399 | ERROR | DNAudit | user=null | ip=null | op=WRITE_CHUNK {blockData=conID: 1 locID: 102669008873848845 bcsId: 13} | ret=FAILURE | org.apache.hadoop.hdds.scm.container.common.helpers.ContainerNotOpenException: Container 1 in CLOSING state
	at org.apache.hadoop.ozone.container.common.impl.HddsDispatcher.validateContainerCommand(HddsDispatcher.java:408)
	at org.apache.hadoop.ozone.container.common.transport.server.ratis.ContainerStateMachine.startTransaction(ContainerStateMachine.java:309) 
2019-08-23 23:59:30,400 [grpc-default-executor-1] INFO  client.GrpcClientProtocolClient (GrpcClientProtocolClient.java:onNext(255)) - client-F6DDC4E4886F->1ef69ad4-8e4b-4531-9aa2-a6c5c7c904fa: receive RaftClientReply:client-F6DDC4E4886F->1ef69ad4-8e4b-4531-9aa2-a6c5c7c904fa@group-F9563CA9129C, cid=186, FAILED org.apache.ratis.protocol.StateMachineException: org.apache.hadoop.hdds.scm.container.common.helpers.ContainerNotOpenException from Server 1ef69ad4-8e4b-4531-9aa2-a6c5c7c904fa: Container 1 in CLOSING state, logIndex=0, commits[1ef69ad4-8e4b-4531-9aa2-a6c5c7c904fa:c17, b371bb21-e6a8-4036-9b16-438c55cb3ead:c15, ae8d4c35-055f-4407-86e2-4ec1f591227d:c16]
2019-08-23 23:59:30,400 | ERROR | DNAudit | user=null | ip=null | op=WRITE_CHUNK {blockData=conID: 1 locID: 102669008873848845 bcsId: 13} | ret=FAILURE | org.apache.hadoop.hdds.scm.container.common.helpers.ContainerNotOpenException: Container 1 in CLOSING state
	at org.apache.hadoop.ozone.container.common.impl.HddsDispatcher.validateContainerCommand(HddsDispatcher.java:408)
	at org.apache.hadoop.ozone.container.common.transport.server.ratis.ContainerStateMachine.startTransaction(ContainerStateMachine.java:309) 
2019-08-23 23:59:30,407 [grpc-default-executor-1] INFO  client.GrpcClientProtocolClient (GrpcClientProtocolClient.java:onNext(255)) - client-F6DDC4E4886F->1ef69ad4-8e4b-4531-9aa2-a6c5c7c904fa: receive RaftClientReply:client-F6DDC4E4886F->1ef69ad4-8e4b-4531-9aa2-a6c5c7c904fa@group-F9563CA9129C, cid=187, FAILED org.apache.ratis.protocol.StateMachineException: org.apache.hadoop.hdds.scm.container.common.helpers.ContainerNotOpenException from Server 1ef69ad4-8e4b-4531-9aa2-a6c5c7c904fa: Container 1 in CLOSING state, logIndex=0, commits[1ef69ad4-8e4b-4531-9aa2-a6c5c7c904fa:c17, b371bb21-e6a8-4036-9b16-438c55cb3ead:c15, ae8d4c35-055f-4407-86e2-4ec1f591227d:c16]
2019-08-23 23:59:30,407 | ERROR | DNAudit | user=null | ip=null | op=PUT_BLOCK {blockData=[blockId=conID: 1 locID: 102669008873848845 bcsId: 0,size=800]} | ret=FAILURE | org.apache.hadoop.hdds.scm.container.common.helpers.ContainerNotOpenException: Container 1 in CLOSING state
	at org.apache.hadoop.ozone.container.common.impl.HddsDispatcher.validateContainerCommand(HddsDispatcher.java:408)
	at org.apache.hadoop.ozone.container.common.transport.server.ratis.ContainerStateMachine.startTransaction(ContainerStateMachine.java:309) 
2019-08-23 23:59:30,419 [grpc-default-executor-1] INFO  client.GrpcClientProtocolClient (GrpcClientProtocolClient.java:onNext(255)) - client-F6DDC4E4886F->1ef69ad4-8e4b-4531-9aa2-a6c5c7c904fa: receive RaftClientReply:client-F6DDC4E4886F->1ef69ad4-8e4b-4531-9aa2-a6c5c7c904fa@group-F9563CA9129C, cid=188, FAILED org.apache.ratis.protocol.StateMachineException: org.apache.hadoop.hdds.scm.container.common.helpers.ContainerNotOpenException from Server 1ef69ad4-8e4b-4531-9aa2-a6c5c7c904fa: Container 1 in CLOSING state, logIndex=0, commits[1ef69ad4-8e4b-4531-9aa2-a6c5c7c904fa:c17, b371bb21-e6a8-4036-9b16-438c55cb3ead:c15, ae8d4c35-055f-4407-86e2-4ec1f591227d:c16]
2019-08-23 23:59:30,420 [grpc-default-executor-1] INFO  client.GrpcClientProtocolClient (GrpcClientProtocolClient.java:onNext(255)) - client-F6DDC4E4886F->1ef69ad4-8e4b-4531-9aa2-a6c5c7c904fa: receive RaftClientReply:client-F6DDC4E4886F->1ef69ad4-8e4b-4531-9aa2-a6c5c7c904fa@group-F9563CA9129C, cid=189, FAILED org.apache.ratis.protocol.StateMachineException: org.apache.hadoop.hdds.scm.container.common.helpers.ContainerNotOpenException from Server 1ef69ad4-8e4b-4531-9aa2-a6c5c7c904fa: Container 1 in CLOSING state, logIndex=0, commits[1ef69ad4-8e4b-4531-9aa2-a6c5c7c904fa:c17, b371bb21-e6a8-4036-9b16-438c55cb3ead:c15, ae8d4c35-055f-4407-86e2-4ec1f591227d:c16]
2019-08-23 23:59:30,437 | INFO  | SCMAudit | user=jenkins1000 | ip=192.168.34.57 | op=SEND_HEARTBEAT {datanodeUUID=d1f7a5bb-ef63-436e-b61b-faa886bf0f1d, command=[]} | ret=SUCCESS |  
2019-08-23 23:59:30,452 | INFO  | SCMAudit | user=jenkins1000 | ip=192.168.34.57 | op=ALLOCATE_BLOCK {owner=7c6f217e-7641-4f44-a571-673c830b86d8, size=800, type=RATIS, factor=THREE} | ret=SUCCESS |  
2019-08-23 23:59:30,456 | INFO  | OMAudit | user=jenkins1000 | ip=127.0.0.1 | op=ALLOCATE_BLOCK {volume=testblockoutputstream, bucket=testblockoutputstream, key=3e32f8a1-d8ec-44c2-a531-e3ecf4137378, dataSize=800, replicationType=RATIS, replicationFactor=THREE, keyLocationInfo=[], clientID=102669008874045454} | ret=SUCCESS |  
2019-08-23 23:59:30,472 [grpc-default-executor-1] INFO  client.GrpcClientProtocolClient (GrpcClientProtocolClient.java:onNext(255)) - client-E52C9D1C6C48->d1f7a5bb-ef63-436e-b61b-faa886bf0f1d: receive RaftClientReply:client-E52C9D1C6C48->d1f7a5bb-ef63-436e-b61b-faa886bf0f1d@group-C7AD426F0267, cid=190, FAILED org.apache.ratis.protocol.NotLeaderException: Server d1f7a5bb-ef63-436e-b61b-faa886bf0f1d is not the leader (3d5eb9b2-a9f4-4243-a2dd-02e0a570989c:192.168.34.57:35645). Request must be sent to leader., logIndex=0, commits[d1f7a5bb-ef63-436e-b61b-faa886bf0f1d:c0, c360f659-8ca7-48e8-94e2-fabef6965a78:c0, 3d5eb9b2-a9f4-4243-a2dd-02e0a570989c:c0]
2019-08-23 23:59:30,615 | INFO  | DNAudit | user=null | ip=null | op=WRITE_CHUNK {blockData=conID: 2 locID: 102669010236342287 bcsId: 0} | ret=SUCCESS |  
2019-08-23 23:59:30,615 | INFO  | DNAudit | user=null | ip=null | op=WRITE_CHUNK {blockData=conID: 2 locID: 102669010236342287 bcsId: 0} | ret=SUCCESS |  
2019-08-23 23:59:30,615 | INFO  | DNAudit | user=null | ip=null | op=WRITE_CHUNK {blockData=conID: 2 locID: 102669010236342287 bcsId: 0} | ret=SUCCESS |  
2019-08-23 23:59:30,615 | INFO  | SCMAudit | user=jenkins1000 | ip=192.168.34.57 | op=SEND_HEARTBEAT {datanodeUUID=3d5eb9b2-a9f4-4243-a2dd-02e0a570989c, command=[]} | ret=SUCCESS |  
2019-08-23 23:59:30,615 | INFO  | SCMAudit | user=jenkins1000 | ip=192.168.34.57 | op=SEND_HEARTBEAT {datanodeUUID=d1f7a5bb-ef63-436e-b61b-faa886bf0f1d, command=[]} | ret=SUCCESS |  
2019-08-23 23:59:30,615 | INFO  | SCMAudit | user=jenkins1000 | ip=192.168.34.57 | op=SEND_HEARTBEAT {datanodeUUID=c360f659-8ca7-48e8-94e2-fabef6965a78, command=[]} | ret=SUCCESS |  
2019-08-23 23:59:30,619 | INFO  | SCMAudit | user=jenkins1000 | ip=192.168.34.57 | op=SEND_HEARTBEAT {datanodeUUID=d0d9dee8-e77d-4d46-9003-12ee559a6c29, command=[]} | ret=SUCCESS |  
2019-08-23 23:59:30,624 | INFO  | DNAudit | user=null | ip=null | op=WRITE_CHUNK {blockData=conID: 2 locID: 102669010236342287 bcsId: 0} | ret=SUCCESS |  
2019-08-23 23:59:30,628 [grpc-default-executor-1] INFO  client.GrpcClientProtocolClient (GrpcClientProtocolClient.java:onNext(255)) - client-E52C9D1C6C48->3d5eb9b2-a9f4-4243-a2dd-02e0a570989c: receive RaftClientReply:client-E52C9D1C6C48->3d5eb9b2-a9f4-4243-a2dd-02e0a570989c@group-C7AD426F0267, cid=190, SUCCESS, logIndex=1, commits[3d5eb9b2-a9f4-4243-a2dd-02e0a570989c:c1, c360f659-8ca7-48e8-94e2-fabef6965a78:c0, d1f7a5bb-ef63-436e-b61b-faa886bf0f1d:c0]
2019-08-23 23:59:30,633 | INFO  | DNAudit | user=null | ip=null | op=WRITE_CHUNK {blockData=conID: 2 locID: 102669010236342287 bcsId: 0} | ret=SUCCESS |  
2019-08-23 23:59:30,634 | INFO  | DNAudit | user=null | ip=null | op=WRITE_CHUNK {blockData=conID: 2 locID: 102669010236342287 bcsId: 0} | ret=SUCCESS |  
2019-08-23 23:59:30,635 | INFO  | DNAudit | user=null | ip=null | op=WRITE_CHUNK {blockData=conID: 2 locID: 102669010236342287 bcsId: 0} | ret=SUCCESS |  
2019-08-23 23:59:30,635 | INFO  | DNAudit | user=null | ip=null | op=WRITE_CHUNK {blockData=conID: 2 locID: 102669010236342287 bcsId: 0} | ret=SUCCESS |  
2019-08-23 23:59:30,635 | INFO  | DNAudit | user=null | ip=null | op=WRITE_CHUNK {blockData=conID: 2 locID: 102669010236342287 bcsId: 0} | ret=SUCCESS |  
2019-08-23 23:59:30,636 | INFO  | DNAudit | user=null | ip=null | op=WRITE_CHUNK {blockData=conID: 2 locID: 102669010236342287 bcsId: 0} | ret=SUCCESS |  
2019-08-23 23:59:30,636 | INFO  | DNAudit | user=null | ip=null | op=WRITE_CHUNK {blockData=conID: 2 locID: 102669010236342287 bcsId: 0} | ret=SUCCESS |  
2019-08-23 23:59:30,636 | INFO  | DNAudit | user=null | ip=null | op=WRITE_CHUNK {blockData=conID: 2 locID: 102669010236342287 bcsId: 0} | ret=SUCCESS |  
2019-08-23 23:59:30,636 | INFO  | DNAudit | user=null | ip=null | op=WRITE_CHUNK {blockData=conID: 2 locID: 102669010236342287 bcsId: 0} | ret=SUCCESS |  
2019-08-23 23:59:30,636 | INFO  | DNAudit | user=null | ip=null | op=WRITE_CHUNK {blockData=conID: 2 locID: 102669010236342287 bcsId: 0} | ret=SUCCESS |  
2019-08-23 23:59:30,636 | INFO  | DNAudit | user=null | ip=null | op=WRITE_CHUNK {blockData=conID: 2 locID: 102669010236342287 bcsId: 0} | ret=SUCCESS |  
2019-08-23 23:59:30,640 | INFO  | DNAudit | user=null | ip=null | op=WRITE_CHUNK {blockData=conID: 2 locID: 102669010236342287 bcsId: 0} | ret=SUCCESS |  
2019-08-23 23:59:30,645 [grpc-default-executor-1] INFO  client.GrpcClientProtocolClient (GrpcClientProtocolClient.java:onNext(255)) - client-E52C9D1C6C48->3d5eb9b2-a9f4-4243-a2dd-02e0a570989c: receive RaftClientReply:client-E52C9D1C6C48->3d5eb9b2-a9f4-4243-a2dd-02e0a570989c@group-C7AD426F0267, cid=191, SUCCESS, logIndex=3, commits[3d5eb9b2-a9f4-4243-a2dd-02e0a570989c:c7, c360f659-8ca7-48e8-94e2-fabef6965a78:c1, d1f7a5bb-ef63-436e-b61b-faa886bf0f1d:c1]
2019-08-23 23:59:30,645 | INFO  | DNAudit | user=null | ip=null | op=WRITE_CHUNK {blockData=conID: 2 locID: 102669010236342287 bcsId: 0} | ret=SUCCESS |  
2019-08-23 23:59:30,659 | INFO  | DNAudit | user=null | ip=null | op=WRITE_CHUNK {blockData=conID: 2 locID: 102669010236342287 bcsId: 0} | ret=SUCCESS |  
2019-08-23 23:59:30,676 | INFO  | DNAudit | user=null | ip=null | op=PUT_BLOCK {blockData=[blockId=conID: 2 locID: 102669010236342287 bcsId: 0,size=200]} | ret=SUCCESS |  
2019-08-23 23:59:30,677 | INFO  | DNAudit | user=null | ip=null | op=WRITE_CHUNK {blockData=conID: 2 locID: 102669010236342287 bcsId: 0} | ret=SUCCESS |  
2019-08-23 23:59:30,677 | INFO  | DNAudit | user=null | ip=null | op=WRITE_CHUNK {blockData=conID: 2 locID: 102669010236342287 bcsId: 0} | ret=SUCCESS |  
2019-08-23 23:59:30,678 [grpc-default-executor-1] INFO  client.GrpcClientProtocolClient (GrpcClientProtocolClient.java:onNext(255)) - client-E52C9D1C6C48->3d5eb9b2-a9f4-4243-a2dd-02e0a570989c: receive RaftClientReply:client-E52C9D1C6C48->3d5eb9b2-a9f4-4243-a2dd-02e0a570989c@group-C7AD426F0267, cid=192, SUCCESS, logIndex=4, commits[3d5eb9b2-a9f4-4243-a2dd-02e0a570989c:c12, c360f659-8ca7-48e8-94e2-fabef6965a78:c7, d1f7a5bb-ef63-436e-b61b-faa886bf0f1d:c7]
2019-08-23 23:59:30,678 [grpc-default-executor-1] INFO  client.GrpcClientProtocolClient (GrpcClientProtocolClient.java:onNext(255)) - client-E52C9D1C6C48->3d5eb9b2-a9f4-4243-a2dd-02e0a570989c: receive RaftClientReply:client-E52C9D1C6C48->3d5eb9b2-a9f4-4243-a2dd-02e0a570989c@group-C7AD426F0267, cid=193, SUCCESS, logIndex=5, commits[3d5eb9b2-a9f4-4243-a2dd-02e0a570989c:c12, c360f659-8ca7-48e8-94e2-fabef6965a78:c7, d1f7a5bb-ef63-436e-b61b-faa886bf0f1d:c7]
2019-08-23 23:59:30,679 [grpc-default-executor-1] INFO  client.GrpcClientProtocolClient (GrpcClientProtocolClient.java:onNext(255)) - client-E52C9D1C6C48->3d5eb9b2-a9f4-4243-a2dd-02e0a570989c: receive RaftClientReply:client-E52C9D1C6C48->3d5eb9b2-a9f4-4243-a2dd-02e0a570989c@group-C7AD426F0267, cid=194, SUCCESS, logIndex=6, commits[3d5eb9b2-a9f4-4243-a2dd-02e0a570989c:c12, c360f659-8ca7-48e8-94e2-fabef6965a78:c7, d1f7a5bb-ef63-436e-b61b-faa886bf0f1d:c7]
2019-08-23 23:59:30,719 | INFO  | DNAudit | user=null | ip=null | op=PUT_BLOCK {blockData=[blockId=conID: 2 locID: 102669010236342287 bcsId: 0,size=200]} | ret=SUCCESS |  
2019-08-23 23:59:30,719 | INFO  | DNAudit | user=null | ip=null | op=WRITE_CHUNK {blockData=conID: 2 locID: 102669010236342287 bcsId: 0} | ret=SUCCESS |  
2019-08-23 23:59:30,720 | INFO  | DNAudit | user=null | ip=null | op=WRITE_CHUNK {blockData=conID: 2 locID: 102669010236342287 bcsId: 0} | ret=SUCCESS |  
2019-08-23 23:59:30,762 | INFO  | DNAudit | user=null | ip=null | op=PUT_BLOCK {blockData=[blockId=conID: 2 locID: 102669010236342287 bcsId: 0,size=400]} | ret=SUCCESS |  
2019-08-23 23:59:30,762 | INFO  | DNAudit | user=null | ip=null | op=PUT_BLOCK {blockData=[blockId=conID: 2 locID: 102669010236342287 bcsId: 0,size=400]} | ret=SUCCESS |  
2019-08-23 23:59:30,762 | INFO  | DNAudit | user=null | ip=null | op=PUT_BLOCK {blockData=[blockId=conID: 2 locID: 102669010236342287 bcsId: 0,size=200]} | ret=SUCCESS |  
2019-08-23 23:59:30,763 | INFO  | DNAudit | user=null | ip=null | op=WRITE_CHUNK {blockData=conID: 2 locID: 102669010236342287 bcsId: 0} | ret=SUCCESS |  
2019-08-23 23:59:30,763 | INFO  | DNAudit | user=null | ip=null | op=WRITE_CHUNK {blockData=conID: 2 locID: 102669010236342287 bcsId: 0} | ret=SUCCESS |  
2019-08-23 23:59:30,764 | INFO  | DNAudit | user=null | ip=null | op=PUT_BLOCK {blockData=[blockId=conID: 2 locID: 102669010236342287 bcsId: 0,size=400]} | ret=SUCCESS |  
2019-08-23 23:59:30,763 [grpc-default-executor-1] INFO  client.GrpcClientProtocolClient (GrpcClientProtocolClient.java:onNext(255)) - client-E52C9D1C6C48->3d5eb9b2-a9f4-4243-a2dd-02e0a570989c: receive RaftClientReply:client-E52C9D1C6C48->3d5eb9b2-a9f4-4243-a2dd-02e0a570989c@group-C7AD426F0267, cid=195, SUCCESS, logIndex=7, commits[3d5eb9b2-a9f4-4243-a2dd-02e0a570989c:c12, c360f659-8ca7-48e8-94e2-fabef6965a78:c7, d1f7a5bb-ef63-436e-b61b-faa886bf0f1d:c7]
2019-08-23 23:59:30,766 | INFO  | DNAudit | user=null | ip=null | op=WRITE_CHUNK {blockData=conID: 2 locID: 102669010236342287 bcsId: 7} | ret=SUCCESS |  
2019-08-23 23:59:30,767 | INFO  | DNAudit | user=null | ip=null | op=WRITE_CHUNK {blockData=conID: 2 locID: 102669010236342287 bcsId: 7} | ret=SUCCESS |  
2019-08-23 23:59:30,767 | INFO  | DNAudit | user=null | ip=null | op=WRITE_CHUNK {blockData=conID: 2 locID: 102669010236342287 bcsId: 7} | ret=SUCCESS |  
2019-08-23 23:59:30,780 | INFO  | DNAudit | user=null | ip=null | op=WRITE_CHUNK {blockData=conID: 2 locID: 102669010236342287 bcsId: 7} | ret=SUCCESS |  
2019-08-23 23:59:30,781 | INFO  | DNAudit | user=null | ip=null | op=PUT_BLOCK {blockData=[blockId=conID: 2 locID: 102669010236342287 bcsId: 0,size=450]} | ret=SUCCESS |  
2019-08-23 23:59:30,781 [grpc-default-executor-4] INFO  client.GrpcClientProtocolClient (GrpcClientProtocolClient.java:onNext(255)) - client-E52C9D1C6C48->3d5eb9b2-a9f4-4243-a2dd-02e0a570989c: receive RaftClientReply:client-E52C9D1C6C48->3d5eb9b2-a9f4-4243-a2dd-02e0a570989c@group-C7AD426F0267, cid=196, SUCCESS, logIndex=13, commits[3d5eb9b2-a9f4-4243-a2dd-02e0a570989c:c14, c360f659-8ca7-48e8-94e2-fabef6965a78:c12, d1f7a5bb-ef63-436e-b61b-faa886bf0f1d:c12]
2019-08-23 23:59:30,782 [grpc-default-executor-4] INFO  client.GrpcClientProtocolClient (GrpcClientProtocolClient.java:onNext(255)) - client-E52C9D1C6C48->3d5eb9b2-a9f4-4243-a2dd-02e0a570989c: receive RaftClientReply:client-E52C9D1C6C48->3d5eb9b2-a9f4-4243-a2dd-02e0a570989c@group-C7AD426F0267, cid=197, SUCCESS, logIndex=14, commits[3d5eb9b2-a9f4-4243-a2dd-02e0a570989c:c14, c360f659-8ca7-48e8-94e2-fabef6965a78:c12, d1f7a5bb-ef63-436e-b61b-faa886bf0f1d:c12]
2019-08-23 23:59:30,791 | INFO  | DNAudit | user=null | ip=null | op=WRITE_CHUNK {blockData=conID: 2 locID: 102669010236342287 bcsId: 7} | ret=SUCCESS |  
2019-08-23 23:59:30,791 | INFO  | DNAudit | user=null | ip=null | op=WRITE_CHUNK {blockData=conID: 2 locID: 102669010236342287 bcsId: 7} | ret=SUCCESS |  
2019-08-23 23:59:30,792 | INFO  | DNAudit | user=null | ip=null | op=PUT_BLOCK {blockData=[blockId=conID: 2 locID: 102669010236342287 bcsId: 0,size=450]} | ret=SUCCESS |  
2019-08-23 23:59:30,792 | INFO  | DNAudit | user=null | ip=null | op=PUT_BLOCK {blockData=[blockId=conID: 2 locID: 102669010236342287 bcsId: 0,size=450]} | ret=SUCCESS |  
2019-08-23 23:59:30,796 [grpc-default-executor-4] INFO  client.GrpcClientProtocolClient (GrpcClientProtocolClient.java:onNext(255)) - client-E52C9D1C6C48->3d5eb9b2-a9f4-4243-a2dd-02e0a570989c: receive RaftClientReply:client-E52C9D1C6C48->3d5eb9b2-a9f4-4243-a2dd-02e0a570989c@group-C7AD426F0267, cid=198, SUCCESS, logIndex=0, commits[3d5eb9b2-a9f4-4243-a2dd-02e0a570989c:c15, c360f659-8ca7-48e8-94e2-fabef6965a78:c14, d1f7a5bb-ef63-436e-b61b-faa886bf0f1d:c14]
2019-08-23 23:59:30,796 [main] INFO  ozone.MiniOzoneClusterImpl (MiniOzoneClusterImpl.java:shutdown(321)) - Shutting down the Mini Ozone Cluster
2019-08-23 23:59:30,797 | INFO  | SCMAudit | user=null | ip=null | op=GET_SCM_INFO null | ret=SUCCESS |  
2019-08-23 23:59:30,797 [main] INFO  ozone.MiniOzoneClusterImpl (MiniOzoneClusterImpl.java:stop(336)) - Stopping the Mini Ozone Cluster
2019-08-23 23:59:30,797 [main] INFO  ozone.MiniOzoneClusterImpl (MiniOzoneClusterImpl.java:stop(338)) - Stopping the OzoneManager
2019-08-23 23:59:30,797 [main] INFO  ipc.Server (Server.java:stop(3082)) - Stopping server on 34268
2019-08-23 23:59:30,811 [IPC Server listener on 34268] INFO  ipc.Server (Server.java:run(1185)) - Stopping IPC Server listener on 34268
2019-08-23 23:59:30,813 [main] INFO  ratis.OzoneManagerDoubleBuffer (OzoneManagerDoubleBuffer.java:stop(248)) - Stopping OMDoubleBuffer flush thread
2019-08-23 23:59:30,828 [IPC Server Responder] INFO  ipc.Server (Server.java:run(1319)) - Stopping IPC Server Responder
2019-08-23 23:59:30,828 [OMDoubleBufferFlushThread] INFO  ratis.OzoneManagerDoubleBuffer (OzoneManagerDoubleBuffer.java:flushTransactions(191)) - OMDoubleBuffer flush thread OMDoubleBufferFlushThread is interrupted and will exit. OMDoubleBufferFlushThread
2019-08-23 23:59:30,829 [main] INFO  utils.BackgroundService (BackgroundService.java:shutdown(148)) - Shutting down service KeyDeletingService
2019-08-23 23:59:30,830 [main] INFO  handler.ContextHandler (ContextHandler.java:doStop(910)) - Stopped o.e.j.w.WebAppContext@60f70c9e{/,null,UNAVAILABLE}{/ozoneManager}
2019-08-23 23:59:30,831 [main] INFO  server.AbstractConnector (AbstractConnector.java:doStop(318)) - Stopped ServerConnector@6db64abf{HTTP/1.1,[http/1.1]}{0.0.0.0:0}
2019-08-23 23:59:30,831 [main] INFO  handler.ContextHandler (ContextHandler.java:doStop(910)) - Stopped o.e.j.s.ServletContextHandler@6812708d{/static,file:///workdir/hadoop-ozone/integration-test/target/test-classes/webapps/static,UNAVAILABLE}
2019-08-23 23:59:30,831 [main] INFO  handler.ContextHandler (ContextHandler.java:doStop(910)) - Stopped o.e.j.s.ServletContextHandler@354baab2{/logs,file:///workdir/hadoop-ozone/integration-test/target/log,UNAVAILABLE}
2019-08-23 23:59:30,834 [main] INFO  ozone.MiniOzoneClusterImpl (MiniOzoneClusterImpl.java:stop(344)) - Shutting the HddsDatanodes
2019-08-23 23:59:30,834 [main] INFO  datanode.ObjectStoreHandler (ObjectStoreHandler.java:close(155)) - Closing ObjectStoreHandler.
2019-08-23 23:59:30,834 [ForkJoinPool.commonPool-worker-0] INFO  datanode.ObjectStoreHandler (ObjectStoreHandler.java:close(155)) - Closing ObjectStoreHandler.
2019-08-23 23:59:30,835 [main] INFO  ozone.HddsDatanodeService (HddsDatanodeService.java:stop(451)) - Stopped plug-in org.apache.hadoop.ozone.web.OzoneHddsDatanodeService@13c79e0d
2019-08-23 23:59:30,835 [ForkJoinPool.commonPool-worker-0] INFO  ozone.HddsDatanodeService (HddsDatanodeService.java:stop(451)) - Stopped plug-in org.apache.hadoop.ozone.web.OzoneHddsDatanodeService@441798ce
2019-08-23 23:59:30,870 [grpc-default-executor-5] WARN  server.GrpcLogAppender (LogUtils.java:warn(134)) - 1ef69ad4-8e4b-4531-9aa2-a6c5c7c904fa->b371bb21-e6a8-4036-9b16-438c55cb3ead: Failed appendEntries: org.apache.ratis.thirdparty.io.grpc.StatusRuntimeException: UNAVAILABLE: io exception
2019-08-23 23:59:30,871 [grpc-default-executor-5] INFO  impl.FollowerInfo (FollowerInfo.java:lambda$new$0(50)) - 1ef69ad4-8e4b-4531-9aa2-a6c5c7c904fa->b371bb21-e6a8-4036-9b16-438c55cb3ead: nextIndex: updateUnconditionally 1 -> 0
2019-08-23 23:59:30,983 [Datanode State Machine Thread - 0] INFO  statemachine.DatanodeStateMachine (DatanodeStateMachine.java:lambda$startDaemon$0(350)) - Ozone container server started.
2019-08-23 23:59:30,984 | INFO  | SCMAudit | user=jenkins1000 | ip=192.168.34.57 | op=SEND_HEARTBEAT {datanodeUUID=1ef69ad4-8e4b-4531-9aa2-a6c5c7c904fa, command=[]} | ret=SUCCESS |  
2019-08-23 23:59:31,612 [Datanode State Machine Thread - 0] INFO  statemachine.DatanodeStateMachine (DatanodeStateMachine.java:lambda$startDaemon$0(350)) - Ozone container server started.
2019-08-23 23:59:31,612 | INFO  | SCMAudit | user=jenkins1000 | ip=192.168.34.57 | op=SEND_HEARTBEAT {datanodeUUID=3d5eb9b2-a9f4-4243-a2dd-02e0a570989c, command=[]} | ret=SUCCESS |  
2019-08-23 23:59:31,612 | INFO  | SCMAudit | user=jenkins1000 | ip=192.168.34.57 | op=SEND_HEARTBEAT {datanodeUUID=d1f7a5bb-ef63-436e-b61b-faa886bf0f1d, command=[]} | ret=SUCCESS |  
2019-08-23 23:59:31,619 | INFO  | SCMAudit | user=jenkins1000 | ip=192.168.34.57 | op=SEND_HEARTBEAT {datanodeUUID=d0d9dee8-e77d-4d46-9003-12ee559a6c29, command=[]} | ret=SUCCESS |  
2019-08-23 23:59:31,984 | INFO  | SCMAudit | user=jenkins1000 | ip=192.168.34.57 | op=SEND_HEARTBEAT {datanodeUUID=1ef69ad4-8e4b-4531-9aa2-a6c5c7c904fa, command=[]} | ret=SUCCESS |  
2019-08-23 23:59:32,613 | INFO  | SCMAudit | user=jenkins1000 | ip=192.168.34.57 | op=SEND_HEARTBEAT {datanodeUUID=3d5eb9b2-a9f4-4243-a2dd-02e0a570989c, command=[]} | ret=SUCCESS |  
2019-08-23 23:59:32,613 | INFO  | SCMAudit | user=jenkins1000 | ip=192.168.34.57 | op=SEND_HEARTBEAT {datanodeUUID=d1f7a5bb-ef63-436e-b61b-faa886bf0f1d, command=[]} | ret=SUCCESS |  
2019-08-23 23:59:32,619 | INFO  | SCMAudit | user=jenkins1000 | ip=192.168.34.57 | op=SEND_HEARTBEAT {datanodeUUID=d0d9dee8-e77d-4d46-9003-12ee559a6c29, command=[]} | ret=SUCCESS |  
2019-08-23 23:59:32,983 | INFO  | SCMAudit | user=jenkins1000 | ip=192.168.34.57 | op=SEND_HEARTBEAT {datanodeUUID=1ef69ad4-8e4b-4531-9aa2-a6c5c7c904fa, command=[]} | ret=SUCCESS |  
2019-08-23 23:59:33,371 [grpc-default-executor-1] WARN  server.GrpcLogAppender (LogUtils.java:warn(134)) - 1ef69ad4-8e4b-4531-9aa2-a6c5c7c904fa->b371bb21-e6a8-4036-9b16-438c55cb3ead: Failed appendEntries: org.apache.ratis.thirdparty.io.grpc.StatusRuntimeException: UNAVAILABLE: io exception
2019-08-23 23:59:33,371 [grpc-default-executor-1] INFO  impl.FollowerInfo (FollowerInfo.java:lambda$new$0(50)) - 1ef69ad4-8e4b-4531-9aa2-a6c5c7c904fa->b371bb21-e6a8-4036-9b16-438c55cb3ead: nextIndex: updateUnconditionally 0 -> 0
2019-08-23 23:59:33,613 | INFO  | SCMAudit | user=jenkins1000 | ip=192.168.34.57 | op=SEND_HEARTBEAT {datanodeUUID=3d5eb9b2-a9f4-4243-a2dd-02e0a570989c, command=[]} | ret=SUCCESS |  
2019-08-23 23:59:33,613 | INFO  | SCMAudit | user=jenkins1000 | ip=192.168.34.57 | op=SEND_HEARTBEAT {datanodeUUID=d1f7a5bb-ef63-436e-b61b-faa886bf0f1d, command=[]} | ret=SUCCESS |  
2019-08-23 23:59:33,619 | INFO  | SCMAudit | user=jenkins1000 | ip=192.168.34.57 | op=SEND_HEARTBEAT {datanodeUUID=d0d9dee8-e77d-4d46-9003-12ee559a6c29, command=[]} | ret=SUCCESS |  
2019-08-23 23:59:33,984 | INFO  | SCMAudit | user=jenkins1000 | ip=192.168.34.57 | op=SEND_HEARTBEAT {datanodeUUID=1ef69ad4-8e4b-4531-9aa2-a6c5c7c904fa, command=[]} | ret=SUCCESS |  
2019-08-23 23:59:34,612 | INFO  | SCMAudit | user=jenkins1000 | ip=192.168.34.57 | op=SEND_HEARTBEAT {datanodeUUID=d1f7a5bb-ef63-436e-b61b-faa886bf0f1d, command=[]} | ret=SUCCESS |  
2019-08-23 23:59:34,612 | INFO  | SCMAudit | user=jenkins1000 | ip=192.168.34.57 | op=SEND_HEARTBEAT {datanodeUUID=3d5eb9b2-a9f4-4243-a2dd-02e0a570989c, command=[]} | ret=SUCCESS |  
2019-08-23 23:59:34,619 | INFO  | SCMAudit | user=jenkins1000 | ip=192.168.34.57 | op=SEND_HEARTBEAT {datanodeUUID=d0d9dee8-e77d-4d46-9003-12ee559a6c29, command=[]} | ret=SUCCESS |  
2019-08-23 23:59:34,984 | INFO  | SCMAudit | user=jenkins1000 | ip=192.168.34.57 | op=SEND_HEARTBEAT {datanodeUUID=1ef69ad4-8e4b-4531-9aa2-a6c5c7c904fa, command=[]} | ret=SUCCESS |  
2019-08-23 23:59:34,992 [EventQueue-StaleNodeForStaleNodeHandler] INFO  node.StaleNodeHandler (StaleNodeHandler.java:onMessage(58)) - Datanode ae8d4c35-055f-4407-86e2-4ec1f591227d{ip: 192.168.34.57, host: pr-hdds-1909-kfjhh-925290811, networkLocation: /default-rack, certSerialId: null} moved to stale state. Finalizing its pipelines [PipelineID=61854d66-f4a9-4e1e-9925-7fee62a0b786, PipelineID=333babfa-cd5f-487a-a66e-f9563ca9129c]
2019-08-23 23:59:34,992 [EventQueue-StaleNodeForStaleNodeHandler] INFO  pipeline.SCMPipelineManager (SCMPipelineManager.java:finalizeAndDestroyPipeline(309)) - destroying pipeline:Pipeline[ Id: 61854d66-f4a9-4e1e-9925-7fee62a0b786, Nodes: ae8d4c35-055f-4407-86e2-4ec1f591227d{ip: 192.168.34.57, host: pr-hdds-1909-kfjhh-925290811, networkLocation: /default-rack, certSerialId: null}, Type:RATIS, Factor:ONE, State:OPEN]
2019-08-23 23:59:34,993 [EventQueue-StaleNodeForStaleNodeHandler] INFO  pipeline.PipelineStateManager (PipelineStateManager.java:finalizePipeline(123)) - Pipeline Pipeline[ Id: 61854d66-f4a9-4e1e-9925-7fee62a0b786, Nodes: ae8d4c35-055f-4407-86e2-4ec1f591227d{ip: 192.168.34.57, host: pr-hdds-1909-kfjhh-925290811, networkLocation: /default-rack, certSerialId: null}, Type:RATIS, Factor:ONE, State:CLOSED] moved to CLOSED state
2019-08-23 23:59:34,993 [EventQueue-StaleNodeForStaleNodeHandler] INFO  pipeline.SCMPipelineManager (SCMPipelineManager.java:finalizeAndDestroyPipeline(309)) - destroying pipeline:Pipeline[ Id: 333babfa-cd5f-487a-a66e-f9563ca9129c, Nodes: b371bb21-e6a8-4036-9b16-438c55cb3ead{ip: 192.168.34.57, host: pr-hdds-1909-kfjhh-925290811, networkLocation: /default-rack, certSerialId: null}1ef69ad4-8e4b-4531-9aa2-a6c5c7c904fa{ip: 192.168.34.57, host: pr-hdds-1909-kfjhh-925290811, networkLocation: /default-rack, certSerialId: null}ae8d4c35-055f-4407-86e2-4ec1f591227d{ip: 192.168.34.57, host: pr-hdds-1909-kfjhh-925290811, networkLocation: /default-rack, certSerialId: null}, Type:RATIS, Factor:THREE, State:CLOSED]
2019-08-23 23:59:35,613 | INFO  | SCMAudit | user=jenkins1000 | ip=192.168.34.57 | op=SEND_HEARTBEAT {datanodeUUID=d1f7a5bb-ef63-436e-b61b-faa886bf0f1d, command=[]} | ret=SUCCESS |  
2019-08-23 23:59:35,613 | INFO  | SCMAudit | user=jenkins1000 | ip=192.168.34.57 | op=SEND_HEARTBEAT {datanodeUUID=3d5eb9b2-a9f4-4243-a2dd-02e0a570989c, command=[]} | ret=SUCCESS |  
2019-08-23 23:59:35,619 | INFO  | SCMAudit | user=jenkins1000 | ip=192.168.34.57 | op=SEND_HEARTBEAT {datanodeUUID=d0d9dee8-e77d-4d46-9003-12ee559a6c29, command=[]} | ret=SUCCESS |  
2019-08-23 23:59:35,693 [EventQueue-StaleNodeForStaleNodeHandler] INFO  node.StaleNodeHandler (StaleNodeHandler.java:onMessage(58)) - Datanode c360f659-8ca7-48e8-94e2-fabef6965a78{ip: 192.168.34.57, host: pr-hdds-1909-kfjhh-925290811, networkLocation: /default-rack, certSerialId: null} moved to stale state. Finalizing its pipelines [PipelineID=daa2252e-5875-4281-b5a9-f34a1fdb2979, PipelineID=65ae3655-9651-446c-a92c-c7ad426f0267]
2019-08-23 23:59:35,693 [EventQueue-StaleNodeForStaleNodeHandler] INFO  pipeline.SCMPipelineManager (SCMPipelineManager.java:finalizeAndDestroyPipeline(309)) - destroying pipeline:Pipeline[ Id: daa2252e-5875-4281-b5a9-f34a1fdb2979, Nodes: c360f659-8ca7-48e8-94e2-fabef6965a78{ip: 192.168.34.57, host: pr-hdds-1909-kfjhh-925290811, networkLocation: /default-rack, certSerialId: null}, Type:RATIS, Factor:ONE, State:OPEN]
2019-08-23 23:59:35,694 [EventQueue-StaleNodeForStaleNodeHandler] INFO  pipeline.PipelineStateManager (PipelineStateManager.java:finalizePipeline(123)) - Pipeline Pipeline[ Id: daa2252e-5875-4281-b5a9-f34a1fdb2979, Nodes: c360f659-8ca7-48e8-94e2-fabef6965a78{ip: 192.168.34.57, host: pr-hdds-1909-kfjhh-925290811, networkLocation: /default-rack, certSerialId: null}, Type:RATIS, Factor:ONE, State:CLOSED] moved to CLOSED state
2019-08-23 23:59:35,694 [EventQueue-StaleNodeForStaleNodeHandler] INFO  pipeline.SCMPipelineManager (SCMPipelineManager.java:finalizeAndDestroyPipeline(309)) - destroying pipeline:Pipeline[ Id: 65ae3655-9651-446c-a92c-c7ad426f0267, Nodes: d1f7a5bb-ef63-436e-b61b-faa886bf0f1d{ip: 192.168.34.57, host: pr-hdds-1909-kfjhh-925290811, networkLocation: /default-rack, certSerialId: null}c360f659-8ca7-48e8-94e2-fabef6965a78{ip: 192.168.34.57, host: pr-hdds-1909-kfjhh-925290811, networkLocation: /default-rack, certSerialId: null}3d5eb9b2-a9f4-4243-a2dd-02e0a570989c{ip: 192.168.34.57, host: pr-hdds-1909-kfjhh-925290811, networkLocation: /default-rack, certSerialId: null}, Type:RATIS, Factor:THREE, State:OPEN]
2019-08-23 23:59:35,694 [EventQueue-StaleNodeForStaleNodeHandler] INFO  pipeline.PipelineStateManager (PipelineStateManager.java:finalizePipeline(123)) - Pipeline Pipeline[ Id: 65ae3655-9651-446c-a92c-c7ad426f0267, Nodes: d1f7a5bb-ef63-436e-b61b-faa886bf0f1d{ip: 192.168.34.57, host: pr-hdds-1909-kfjhh-925290811, networkLocation: /default-rack, certSerialId: null}c360f659-8ca7-48e8-94e2-fabef6965a78{ip: 192.168.34.57, host: pr-hdds-1909-kfjhh-925290811, networkLocation: /default-rack, certSerialId: null}3d5eb9b2-a9f4-4243-a2dd-02e0a570989c{ip: 192.168.34.57, host: pr-hdds-1909-kfjhh-925290811, networkLocation: /default-rack, certSerialId: null}, Type:RATIS, Factor:THREE, State:CLOSED] moved to CLOSED state
2019-08-23 23:59:35,694 [EventQueue-CloseContainerForCloseContainerEventHandler] INFO  container.CloseContainerEventHandler (CloseContainerEventHandler.java:onMessage(61)) - Close container Event triggered for container : #2
2019-08-23 23:59:35,836 [main] INFO  ozoneimpl.OzoneContainer (OzoneContainer.java:stop(199)) - Attempting to stop container services.
2019-08-23 23:59:35,836 [ForkJoinPool.commonPool-worker-0] INFO  ozoneimpl.OzoneContainer (OzoneContainer.java:stop(199)) - Attempting to stop container services.
2019-08-23 23:59:35,836 [main] INFO  impl.RaftServerProxy (RaftServerProxy.java:lambda$close$4(314)) - c360f659-8ca7-48e8-94e2-fabef6965a78: close
2019-08-23 23:59:35,837 [ForkJoinPool.commonPool-worker-0] INFO  impl.RaftServerProxy (RaftServerProxy.java:lambda$close$4(314)) - ae8d4c35-055f-4407-86e2-4ec1f591227d: close
2019-08-23 23:59:35,837 [main] INFO  impl.RaftServerImpl (RaftServerImpl.java:lambda$shutdown$3(245)) - c360f659-8ca7-48e8-94e2-fabef6965a78: shutdown group-F34A1FDB2979
2019-08-23 23:59:35,837 [ForkJoinPool.commonPool-worker-0] INFO  impl.RaftServerImpl (RaftServerImpl.java:lambda$shutdown$3(245)) - ae8d4c35-055f-4407-86e2-4ec1f591227d: shutdown group-7FEE62A0B786
2019-08-23 23:59:35,838 [main] INFO  util.JmxRegister (JmxRegister.java:unregister(73)) - Successfully un-registered JMX Bean with object name Ratis:service=RaftServer,group=group-F34A1FDB2979,id=c360f659-8ca7-48e8-94e2-fabef6965a78
2019-08-23 23:59:35,838 [ForkJoinPool.commonPool-worker-0] INFO  util.JmxRegister (JmxRegister.java:unregister(73)) - Successfully un-registered JMX Bean with object name Ratis:service=RaftServer,group=group-7FEE62A0B786,id=ae8d4c35-055f-4407-86e2-4ec1f591227d
2019-08-23 23:59:35,838 [main] INFO  impl.RoleInfo (RoleInfo.java:shutdownLeaderState(104)) - c360f659-8ca7-48e8-94e2-fabef6965a78: shutdown LeaderState
2019-08-23 23:59:35,843 [ForkJoinPool.commonPool-worker-0] INFO  impl.RoleInfo (RoleInfo.java:shutdownLeaderState(104)) - ae8d4c35-055f-4407-86e2-4ec1f591227d: shutdown LeaderState
2019-08-23 23:59:35,843 [main] INFO  impl.PendingRequests (PendingRequests.java:sendNotLeaderResponses(202)) - c360f659-8ca7-48e8-94e2-fabef6965a78-PendingRequests: sendNotLeaderResponses
2019-08-23 23:59:35,844 [ForkJoinPool.commonPool-worker-0] INFO  impl.PendingRequests (PendingRequests.java:sendNotLeaderResponses(202)) - ae8d4c35-055f-4407-86e2-4ec1f591227d-PendingRequests: sendNotLeaderResponses
2019-08-23 23:59:35,844 [main] INFO  impl.StateMachineUpdater (StateMachineUpdater.java:stopAndJoin(115)) - StateMachineUpdater:c360f659-8ca7-48e8-94e2-fabef6965a78:group-F34A1FDB2979: set stopIndex = 0
2019-08-23 23:59:35,845 [main] INFO  impl.RaftServerImpl (ServerState.java:close(394)) - c360f659-8ca7-48e8-94e2-fabef6965a78:group-F34A1FDB2979 closes. The last applied log index is 0
2019-08-23 23:59:35,845 [ForkJoinPool.commonPool-worker-0] INFO  impl.StateMachineUpdater (StateMachineUpdater.java:stopAndJoin(115)) - StateMachineUpdater:ae8d4c35-055f-4407-86e2-4ec1f591227d:group-7FEE62A0B786: set stopIndex = 0
2019-08-23 23:59:35,846 [c360f659-8ca7-48e8-94e2-fabef6965a78-SegmentedRaftLogWorker:Storage Directory /workdir/hadoop-ozone/integration-test/target/test-dir/MiniOzoneClusterImpl-afd2179f-99c6-4f80-80f5-ac745fcf97f2/datanode-4/data/ratis/daa2252e-5875-4281-b5a9-f34a1fdb2979] INFO  segmented.SegmentedRaftLogWorker (SegmentedRaftLogWorker.java:run(313)) - c360f659-8ca7-48e8-94e2-fabef6965a78-SegmentedRaftLogWorker:Storage Directory /workdir/hadoop-ozone/integration-test/target/test-dir/MiniOzoneClusterImpl-afd2179f-99c6-4f80-80f5-ac745fcf97f2/datanode-4/data/ratis/daa2252e-5875-4281-b5a9-f34a1fdb2979 was interrupted, exiting. There are 0 tasks remaining in the queue.
2019-08-23 23:59:35,846 [ForkJoinPool.commonPool-worker-0] INFO  impl.RaftServerImpl (ServerState.java:close(394)) - ae8d4c35-055f-4407-86e2-4ec1f591227d:group-7FEE62A0B786 closes. The last applied log index is 0
2019-08-23 23:59:35,849 [main] INFO  segmented.SegmentedRaftLogWorker (SegmentedRaftLogWorker.java:close(228)) - c360f659-8ca7-48e8-94e2-fabef6965a78-SegmentedRaftLogWorker:Storage Directory /workdir/hadoop-ozone/integration-test/target/test-dir/MiniOzoneClusterImpl-afd2179f-99c6-4f80-80f5-ac745fcf97f2/datanode-4/data/ratis/daa2252e-5875-4281-b5a9-f34a1fdb2979 close()
2019-08-23 23:59:35,849 [ae8d4c35-055f-4407-86e2-4ec1f591227d-SegmentedRaftLogWorker:Storage Directory /workdir/hadoop-ozone/integration-test/target/test-dir/MiniOzoneClusterImpl-afd2179f-99c6-4f80-80f5-ac745fcf97f2/datanode-1/data/ratis/61854d66-f4a9-4e1e-9925-7fee62a0b786] INFO  segmented.SegmentedRaftLogWorker (SegmentedRaftLogWorker.java:run(313)) - ae8d4c35-055f-4407-86e2-4ec1f591227d-SegmentedRaftLogWorker:Storage Directory /workdir/hadoop-ozone/integration-test/target/test-dir/MiniOzoneClusterImpl-afd2179f-99c6-4f80-80f5-ac745fcf97f2/datanode-1/data/ratis/61854d66-f4a9-4e1e-9925-7fee62a0b786 was interrupted, exiting. There are 0 tasks remaining in the queue.
2019-08-23 23:59:35,854 [main] INFO  impl.RaftServerImpl (RaftServerImpl.java:lambda$shutdown$3(245)) - c360f659-8ca7-48e8-94e2-fabef6965a78: shutdown group-C7AD426F0267
2019-08-23 23:59:35,857 [main] INFO  util.JmxRegister (JmxRegister.java:unregister(73)) - Successfully un-registered JMX Bean with object name Ratis:service=RaftServer,group=group-C7AD426F0267,id=c360f659-8ca7-48e8-94e2-fabef6965a78
2019-08-23 23:59:35,857 [main] INFO  impl.RoleInfo (RoleInfo.java:shutdownFollowerState(121)) - c360f659-8ca7-48e8-94e2-fabef6965a78: shutdown FollowerState
2019-08-23 23:59:35,858 [main] INFO  impl.StateMachineUpdater (StateMachineUpdater.java:stopAndJoin(115)) - StateMachineUpdater:c360f659-8ca7-48e8-94e2-fabef6965a78:group-C7AD426F0267: set stopIndex = 16
2019-08-23 23:59:35,858 [StateMachineUpdater:c360f659-8ca7-48e8-94e2-fabef6965a78:group-C7AD426F0267] INFO  ratis.ContainerStateMachine (ContainerStateMachine.java:takeSnapshot(283)) - group-C7AD426F0267: Taking a snapshot at:(t:1, i:14) file /workdir/hadoop-ozone/integration-test/target/test-dir/MiniOzoneClusterImpl-afd2179f-99c6-4f80-80f5-ac745fcf97f2/datanode-4/data/ratis/65ae3655-9651-446c-a92c-c7ad426f0267/sm/snapshot.1_14
2019-08-23 23:59:35,858 [Thread-3377] INFO  impl.FollowerState (FollowerState.java:run(114)) - c360f659-8ca7-48e8-94e2-fabef6965a78: FollowerState was interrupted: java.lang.InterruptedException: sleep interrupted
2019-08-23 23:59:35,861 [ForkJoinPool.commonPool-worker-0] INFO  segmented.SegmentedRaftLogWorker (SegmentedRaftLogWorker.java:close(228)) - ae8d4c35-055f-4407-86e2-4ec1f591227d-SegmentedRaftLogWorker:Storage Directory /workdir/hadoop-ozone/integration-test/target/test-dir/MiniOzoneClusterImpl-afd2179f-99c6-4f80-80f5-ac745fcf97f2/datanode-1/data/ratis/61854d66-f4a9-4e1e-9925-7fee62a0b786 close()
2019-08-23 23:59:35,866 [StateMachineUpdater:c360f659-8ca7-48e8-94e2-fabef6965a78:group-C7AD426F0267] INFO  ratis.ContainerStateMachine (ContainerStateMachine.java:takeSnapshot(294)) - group-C7AD426F0267: Finished taking a snapshot at:(t:1, i:14) file:/workdir/hadoop-ozone/integration-test/target/test-dir/MiniOzoneClusterImpl-afd2179f-99c6-4f80-80f5-ac745fcf97f2/datanode-4/data/ratis/65ae3655-9651-446c-a92c-c7ad426f0267/sm/snapshot.1_14 time:8
2019-08-23 23:59:35,866 [ForkJoinPool.commonPool-worker-0] INFO  impl.RaftServerImpl (RaftServerImpl.java:lambda$shutdown$3(245)) - ae8d4c35-055f-4407-86e2-4ec1f591227d: shutdown group-F9563CA9129C
2019-08-23 23:59:35,866 [StateMachineUpdater:c360f659-8ca7-48e8-94e2-fabef6965a78:group-C7AD426F0267] INFO  impl.StateMachineUpdater (StateMachineUpdater.java:takeSnapshot(242)) - StateMachineUpdater:c360f659-8ca7-48e8-94e2-fabef6965a78:group-C7AD426F0267: Took a snapshot at index 14
2019-08-23 23:59:35,866 [ForkJoinPool.commonPool-worker-0] INFO  util.JmxRegister (JmxRegister.java:unregister(73)) - Successfully un-registered JMX Bean with object name Ratis:service=RaftServer,group=group-F9563CA9129C,id=ae8d4c35-055f-4407-86e2-4ec1f591227d
2019-08-23 23:59:35,866 [StateMachineUpdater:c360f659-8ca7-48e8-94e2-fabef6965a78:group-C7AD426F0267] INFO  impl.StateMachineUpdater (StateMachineUpdater.java:lambda$new$0(80)) - StateMachineUpdater:c360f659-8ca7-48e8-94e2-fabef6965a78:group-C7AD426F0267: snapshotIndex: updateIncreasingly -1 -> 14
2019-08-23 23:59:35,867 [ForkJoinPool.commonPool-worker-0] INFO  impl.RoleInfo (RoleInfo.java:shutdownFollowerState(121)) - ae8d4c35-055f-4407-86e2-4ec1f591227d: shutdown FollowerState
2019-08-23 23:59:35,867 [main] INFO  impl.RaftServerImpl (ServerState.java:close(394)) - c360f659-8ca7-48e8-94e2-fabef6965a78:group-C7AD426F0267 closes. The last applied log index is 16
2019-08-23 23:59:35,867 [Thread-3495] INFO  impl.FollowerState (FollowerState.java:run(114)) - ae8d4c35-055f-4407-86e2-4ec1f591227d: FollowerState was interrupted: java.lang.InterruptedException: sleep interrupted
2019-08-23 23:59:35,868 [c360f659-8ca7-48e8-94e2-fabef6965a78-SegmentedRaftLogWorker:Storage Directory /workdir/hadoop-ozone/integration-test/target/test-dir/MiniOzoneClusterImpl-afd2179f-99c6-4f80-80f5-ac745fcf97f2/datanode-4/data/ratis/65ae3655-9651-446c-a92c-c7ad426f0267] INFO  segmented.SegmentedRaftLogWorker (SegmentedRaftLogWorker.java:run(313)) - c360f659-8ca7-48e8-94e2-fabef6965a78-SegmentedRaftLogWorker:Storage Directory /workdir/hadoop-ozone/integration-test/target/test-dir/MiniOzoneClusterImpl-afd2179f-99c6-4f80-80f5-ac745fcf97f2/datanode-4/data/ratis/65ae3655-9651-446c-a92c-c7ad426f0267 was interrupted, exiting. There are 0 tasks remaining in the queue.
2019-08-23 23:59:35,867 [StateMachineUpdater:ae8d4c35-055f-4407-86e2-4ec1f591227d:group-F9563CA9129C] INFO  ratis.ContainerStateMachine (ContainerStateMachine.java:takeSnapshot(283)) - group-F9563CA9129C: Taking a snapshot at:(t:1, i:13) file /workdir/hadoop-ozone/integration-test/target/test-dir/MiniOzoneClusterImpl-afd2179f-99c6-4f80-80f5-ac745fcf97f2/datanode-1/data/ratis/333babfa-cd5f-487a-a66e-f9563ca9129c/sm/snapshot.1_13
2019-08-23 23:59:35,867 [ForkJoinPool.commonPool-worker-0] INFO  impl.StateMachineUpdater (StateMachineUpdater.java:stopAndJoin(115)) - StateMachineUpdater:ae8d4c35-055f-4407-86e2-4ec1f591227d:group-F9563CA9129C: set stopIndex = 17
2019-08-23 23:59:35,873 [main] INFO  segmented.SegmentedRaftLogWorker (SegmentedRaftLogWorker.java:close(228)) - c360f659-8ca7-48e8-94e2-fabef6965a78-SegmentedRaftLogWorker:Storage Directory /workdir/hadoop-ozone/integration-test/target/test-dir/MiniOzoneClusterImpl-afd2179f-99c6-4f80-80f5-ac745fcf97f2/datanode-4/data/ratis/65ae3655-9651-446c-a92c-c7ad426f0267 close()
2019-08-23 23:59:35,878 [main] INFO  server.GrpcService (GrpcService.java:closeImpl(155)) - c360f659-8ca7-48e8-94e2-fabef6965a78: shutdown server with port 43596 now
2019-08-23 23:59:35,878 [grpc-default-executor-5] WARN  server.GrpcLogAppender (LogUtils.java:warn(134)) - 1ef69ad4-8e4b-4531-9aa2-a6c5c7c904fa->b371bb21-e6a8-4036-9b16-438c55cb3ead: Failed appendEntries: org.apache.ratis.thirdparty.io.grpc.StatusRuntimeException: UNAVAILABLE: io exception
2019-08-23 23:59:35,879 [grpc-default-executor-4] WARN  server.GrpcServerProtocolService (LogUtils.java:warn(134)) - c360f659-8ca7-48e8-94e2-fabef6965a78: appendEntries onError: org.apache.ratis.thirdparty.io.grpc.StatusRuntimeException: CANCELLED: cancelled before receiving half close
2019-08-23 23:59:35,879 [main] INFO  server.GrpcService (GrpcService.java:closeImpl(163)) - c360f659-8ca7-48e8-94e2-fabef6965a78: shutdown server with port 43596 successfully
2019-08-23 23:59:35,879 [grpc-default-executor-1] WARN  server.GrpcLogAppender (LogUtils.java:warn(134)) - 3d5eb9b2-a9f4-4243-a2dd-02e0a570989c->c360f659-8ca7-48e8-94e2-fabef6965a78: Failed appendEntries: org.apache.ratis.thirdparty.io.grpc.StatusRuntimeException: CANCELLED: HTTP/2 error code: CANCEL
Received Rst Stream
2019-08-23 23:59:35,879 [grpc-default-executor-5] INFO  impl.FollowerInfo (FollowerInfo.java:lambda$new$0(50)) - 1ef69ad4-8e4b-4531-9aa2-a6c5c7c904fa->b371bb21-e6a8-4036-9b16-438c55cb3ead: nextIndex: updateUnconditionally 0 -> 0
2019-08-23 23:59:35,880 [grpc-default-executor-1] INFO  impl.FollowerInfo (FollowerInfo.java:lambda$new$0(50)) - 3d5eb9b2-a9f4-4243-a2dd-02e0a570989c->c360f659-8ca7-48e8-94e2-fabef6965a78: nextIndex: updateUnconditionally 17 -> 16
2019-08-23 23:59:35,881 [main] INFO  utils.BackgroundService (BackgroundService.java:shutdown(148)) - Shutting down service BlockDeletingService
2019-08-23 23:59:35,881 [StateMachineUpdater:ae8d4c35-055f-4407-86e2-4ec1f591227d:group-F9563CA9129C] INFO  ratis.ContainerStateMachine (ContainerStateMachine.java:takeSnapshot(294)) - group-F9563CA9129C: Finished taking a snapshot at:(t:1, i:13) file:/workdir/hadoop-ozone/integration-test/target/test-dir/MiniOzoneClusterImpl-afd2179f-99c6-4f80-80f5-ac745fcf97f2/datanode-1/data/ratis/333babfa-cd5f-487a-a66e-f9563ca9129c/sm/snapshot.1_13 time:13
2019-08-23 23:59:35,882 [StateMachineUpdater:ae8d4c35-055f-4407-86e2-4ec1f591227d:group-F9563CA9129C] INFO  impl.StateMachineUpdater (StateMachineUpdater.java:takeSnapshot(242)) - StateMachineUpdater:ae8d4c35-055f-4407-86e2-4ec1f591227d:group-F9563CA9129C: Took a snapshot at index 13
2019-08-23 23:59:35,882 [StateMachineUpdater:ae8d4c35-055f-4407-86e2-4ec1f591227d:group-F9563CA9129C] INFO  impl.StateMachineUpdater (StateMachineUpdater.java:lambda$new$0(80)) - StateMachineUpdater:ae8d4c35-055f-4407-86e2-4ec1f591227d:group-F9563CA9129C: snapshotIndex: updateIncreasingly -1 -> 13
2019-08-23 23:59:35,882 [ForkJoinPool.commonPool-worker-0] INFO  impl.RaftServerImpl (ServerState.java:close(394)) - ae8d4c35-055f-4407-86e2-4ec1f591227d:group-F9563CA9129C closes. The last applied log index is 17
2019-08-23 23:59:35,883 [refreshUsed-/workdir/hadoop-ozone/integration-test/target/test-dir/MiniOzoneClusterImpl-afd2179f-99c6-4f80-80f5-ac745fcf97f2/datanode-4/data/containers] WARN  fs.CachingGetSpaceUsed (CachingGetSpaceUsed.java:run(183)) - Thread Interrupted waiting to refresh disk information: sleep interrupted
2019-08-23 23:59:35,883 [ae8d4c35-055f-4407-86e2-4ec1f591227d-SegmentedRaftLogWorker:Storage Directory /workdir/hadoop-ozone/integration-test/target/test-dir/MiniOzoneClusterImpl-afd2179f-99c6-4f80-80f5-ac745fcf97f2/datanode-1/data/ratis/333babfa-cd5f-487a-a66e-f9563ca9129c] INFO  segmented.SegmentedRaftLogWorker (SegmentedRaftLogWorker.java:run(313)) - ae8d4c35-055f-4407-86e2-4ec1f591227d-SegmentedRaftLogWorker:Storage Directory /workdir/hadoop-ozone/integration-test/target/test-dir/MiniOzoneClusterImpl-afd2179f-99c6-4f80-80f5-ac745fcf97f2/datanode-1/data/ratis/333babfa-cd5f-487a-a66e-f9563ca9129c was interrupted, exiting. There are 0 tasks remaining in the queue.
2019-08-23 23:59:35,886 [ForkJoinPool.commonPool-worker-0] INFO  segmented.SegmentedRaftLogWorker (SegmentedRaftLogWorker.java:close(228)) - ae8d4c35-055f-4407-86e2-4ec1f591227d-SegmentedRaftLogWorker:Storage Directory /workdir/hadoop-ozone/integration-test/target/test-dir/MiniOzoneClusterImpl-afd2179f-99c6-4f80-80f5-ac745fcf97f2/datanode-1/data/ratis/333babfa-cd5f-487a-a66e-f9563ca9129c close()
2019-08-23 23:59:35,891 [ForkJoinPool.commonPool-worker-0] INFO  server.GrpcService (GrpcService.java:closeImpl(155)) - ae8d4c35-055f-4407-86e2-4ec1f591227d: shutdown server with port 38373 now
2019-08-23 23:59:35,893 [ForkJoinPool.commonPool-worker-0] INFO  server.GrpcService (GrpcService.java:closeImpl(163)) - ae8d4c35-055f-4407-86e2-4ec1f591227d: shutdown server with port 38373 successfully
2019-08-23 23:59:35,893 [grpc-default-executor-1] WARN  server.GrpcLogAppender (LogUtils.java:warn(134)) - 1ef69ad4-8e4b-4531-9aa2-a6c5c7c904fa->ae8d4c35-055f-4407-86e2-4ec1f591227d: Failed appendEntries: org.apache.ratis.thirdparty.io.grpc.StatusRuntimeException: CANCELLED: HTTP/2 error code: CANCEL
Received Rst Stream
2019-08-23 23:59:35,893 [grpc-default-executor-5] WARN  server.GrpcServerProtocolService (LogUtils.java:warn(134)) - ae8d4c35-055f-4407-86e2-4ec1f591227d: appendEntries onError: org.apache.ratis.thirdparty.io.grpc.StatusRuntimeException: CANCELLED: cancelled before receiving half close
2019-08-23 23:59:35,894 [grpc-default-executor-1] INFO  impl.FollowerInfo (FollowerInfo.java:lambda$new$0(50)) - 1ef69ad4-8e4b-4531-9aa2-a6c5c7c904fa->ae8d4c35-055f-4407-86e2-4ec1f591227d: nextIndex: updateUnconditionally 18 -> 17
2019-08-23 23:59:35,895 [ForkJoinPool.commonPool-worker-0] INFO  utils.BackgroundService (BackgroundService.java:shutdown(148)) - Shutting down service BlockDeletingService
2019-08-23 23:59:35,897 [refreshUsed-/workdir/hadoop-ozone/integration-test/target/test-dir/MiniOzoneClusterImpl-afd2179f-99c6-4f80-80f5-ac745fcf97f2/datanode-1/data/containers] WARN  fs.CachingGetSpaceUsed (CachingGetSpaceUsed.java:run(183)) - Thread Interrupted waiting to refresh disk information: sleep interrupted
2019-08-23 23:59:35,918 [main] INFO  statemachine.DatanodeStateMachine (DatanodeStateMachine.java:stopDaemon(395)) - Ozone container server stopped.
2019-08-23 23:59:35,919 [main] INFO  handler.ContextHandler (ContextHandler.java:doStop(910)) - Stopped o.e.j.w.WebAppContext@23b260ed{/,null,UNAVAILABLE}{/hddsDatanode}
2019-08-23 23:59:35,920 [main] INFO  server.AbstractConnector (AbstractConnector.java:doStop(318)) - Stopped ServerConnector@6d5b160{HTTP/1.1,[http/1.1]}{0.0.0.0:0}
2019-08-23 23:59:35,921 [main] INFO  handler.ContextHandler (ContextHandler.java:doStop(910)) - Stopped o.e.j.s.ServletContextHandler@613d42ab{/static,jar:file:/home/user/.m2/repository/org/apache/hadoop/hadoop-hdds-container-service/0.5.0-SNAPSHOT/hadoop-hdds-container-service-0.5.0-SNAPSHOT.jar!/webapps/static,UNAVAILABLE}
2019-08-23 23:59:35,921 [main] INFO  handler.ContextHandler (ContextHandler.java:doStop(910)) - Stopped o.e.j.s.ServletContextHandler@1bc80978{/logs,file:///workdir/hadoop-ozone/integration-test/target/log,UNAVAILABLE}
2019-08-23 23:59:35,922 [main] INFO  datanode.ObjectStoreHandler (ObjectStoreHandler.java:close(155)) - Closing ObjectStoreHandler.
2019-08-23 23:59:35,926 [main] INFO  ozone.HddsDatanodeService (HddsDatanodeService.java:stop(451)) - Stopped plug-in org.apache.hadoop.ozone.web.OzoneHddsDatanodeService@59ac94ad
2019-08-23 23:59:35,928 [ForkJoinPool.commonPool-worker-0] INFO  statemachine.DatanodeStateMachine (DatanodeStateMachine.java:stopDaemon(395)) - Ozone container server stopped.
2019-08-23 23:59:35,934 [ForkJoinPool.commonPool-worker-0] INFO  handler.ContextHandler (ContextHandler.java:doStop(910)) - Stopped o.e.j.w.WebAppContext@539570b8{/,null,UNAVAILABLE}{/hddsDatanode}
2019-08-23 23:59:35,935 [ForkJoinPool.commonPool-worker-0] INFO  server.AbstractConnector (AbstractConnector.java:doStop(318)) - Stopped ServerConnector@6a2d0a19{HTTP/1.1,[http/1.1]}{0.0.0.0:0}
2019-08-23 23:59:35,937 [ForkJoinPool.commonPool-worker-0] INFO  handler.ContextHandler (ContextHandler.java:doStop(910)) - Stopped o.e.j.s.ServletContextHandler@712eb075{/static,jar:file:/home/user/.m2/repository/org/apache/hadoop/hadoop-hdds-container-service/0.5.0-SNAPSHOT/hadoop-hdds-container-service-0.5.0-SNAPSHOT.jar!/webapps/static,UNAVAILABLE}
2019-08-23 23:59:35,939 [ForkJoinPool.commonPool-worker-0] INFO  handler.ContextHandler (ContextHandler.java:doStop(910)) - Stopped o.e.j.s.ServletContextHandler@2fb9695a{/logs,file:///workdir/hadoop-ozone/integration-test/target/log,UNAVAILABLE}
2019-08-23 23:59:35,940 [ForkJoinPool.commonPool-worker-0] INFO  datanode.ObjectStoreHandler (ObjectStoreHandler.java:close(155)) - Closing ObjectStoreHandler.
2019-08-23 23:59:35,941 [ForkJoinPool.commonPool-worker-0] INFO  ozone.HddsDatanodeService (HddsDatanodeService.java:stop(451)) - Stopped plug-in org.apache.hadoop.ozone.web.OzoneHddsDatanodeService@6179af64
2019-08-23 23:59:35,983 [Datanode State Machine Thread - 0] INFO  statemachine.DatanodeStateMachine (DatanodeStateMachine.java:lambda$startDaemon$0(350)) - Ozone container server started.
2019-08-23 23:59:36,612 [Datanode State Machine Thread - 0] INFO  statemachine.DatanodeStateMachine (DatanodeStateMachine.java:lambda$startDaemon$0(350)) - Ozone container server started.
2019-08-23 23:59:36,613 | INFO  | SCMAudit | user=jenkins1000 | ip=192.168.34.57 | op=SEND_HEARTBEAT {datanodeUUID=d1f7a5bb-ef63-436e-b61b-faa886bf0f1d, command=[commandType: closeContainerCommand closeContainerCommandProto { containerID: 2 pipelineID { id: "65ae3655-9651-446c-a92c-c7ad426f0267" } cmdId: 2 force: false } ]} | ret=SUCCESS |  
2019-08-23 23:59:36,619 | INFO  | SCMAudit | user=jenkins1000 | ip=192.168.34.57 | op=SEND_HEARTBEAT {datanodeUUID=d0d9dee8-e77d-4d46-9003-12ee559a6c29, command=[]} | ret=SUCCESS |  
2019-08-23 23:59:37,613 | INFO  | SCMAudit | user=jenkins1000 | ip=192.168.34.57 | op=SEND_HEARTBEAT {datanodeUUID=d1f7a5bb-ef63-436e-b61b-faa886bf0f1d, command=[]} | ret=SUCCESS |  
2019-08-23 23:59:37,620 | INFO  | SCMAudit | user=jenkins1000 | ip=192.168.34.57 | op=SEND_HEARTBEAT {datanodeUUID=d0d9dee8-e77d-4d46-9003-12ee559a6c29, command=[]} | ret=SUCCESS |  
2019-08-23 23:59:38,302 [grpc-default-executor-5] WARN  server.GrpcLogAppender (LogUtils.java:warn(134)) - 3d5eb9b2-a9f4-4243-a2dd-02e0a570989c->c360f659-8ca7-48e8-94e2-fabef6965a78: Failed appendEntries: org.apache.ratis.thirdparty.io.grpc.StatusRuntimeException: UNAVAILABLE: io exception
2019-08-23 23:59:38,303 [grpc-default-executor-5] INFO  impl.FollowerInfo (FollowerInfo.java:lambda$new$0(50)) - 3d5eb9b2-a9f4-4243-a2dd-02e0a570989c->c360f659-8ca7-48e8-94e2-fabef6965a78: nextIndex: updateUnconditionally 16 -> 15
2019-08-23 23:59:38,373 [grpc-default-executor-5] WARN  server.GrpcLogAppender (LogUtils.java:warn(134)) - 1ef69ad4-8e4b-4531-9aa2-a6c5c7c904fa->ae8d4c35-055f-4407-86e2-4ec1f591227d: Failed appendEntries: org.apache.ratis.thirdparty.io.grpc.StatusRuntimeException: UNAVAILABLE: io exception
2019-08-23 23:59:38,373 [grpc-default-executor-5] INFO  impl.FollowerInfo (FollowerInfo.java:lambda$new$0(50)) - 1ef69ad4-8e4b-4531-9aa2-a6c5c7c904fa->ae8d4c35-055f-4407-86e2-4ec1f591227d: nextIndex: updateUnconditionally 17 -> 16
2019-08-23 23:59:38,374 [grpc-default-executor-4] WARN  server.GrpcLogAppender (LogUtils.java:warn(134)) - 1ef69ad4-8e4b-4531-9aa2-a6c5c7c904fa->b371bb21-e6a8-4036-9b16-438c55cb3ead: Failed appendEntries: org.apache.ratis.thirdparty.io.grpc.StatusRuntimeException: UNAVAILABLE: io exception
2019-08-23 23:59:38,375 [grpc-default-executor-4] INFO  impl.FollowerInfo (FollowerInfo.java:lambda$new$0(50)) - 1ef69ad4-8e4b-4531-9aa2-a6c5c7c904fa->b371bb21-e6a8-4036-9b16-438c55cb3ead: nextIndex: updateUnconditionally 0 -> 0
2019-08-23 23:59:38,613 | INFO  | SCMAudit | user=jenkins1000 | ip=192.168.34.57 | op=SEND_HEARTBEAT {datanodeUUID=d1f7a5bb-ef63-436e-b61b-faa886bf0f1d, command=[]} | ret=SUCCESS |  
2019-08-23 23:59:38,621 | INFO  | SCMAudit | user=jenkins1000 | ip=192.168.34.57 | op=SEND_HEARTBEAT {datanodeUUID=d0d9dee8-e77d-4d46-9003-12ee559a6c29, command=[]} | ret=SUCCESS |  
2019-08-23 23:59:38,631 | INFO  | SCMAudit | user=jenkins1000 | ip=192.168.34.57 | op=SEND_HEARTBEAT {datanodeUUID=d1f7a5bb-ef63-436e-b61b-faa886bf0f1d, command=[]} | ret=SUCCESS |  
2019-08-23 23:59:39,621 | INFO  | SCMAudit | user=jenkins1000 | ip=192.168.34.57 | op=SEND_HEARTBEAT {datanodeUUID=d0d9dee8-e77d-4d46-9003-12ee559a6c29, command=[]} | ret=SUCCESS |  
2019-08-23 23:59:39,631 | INFO  | SCMAudit | user=jenkins1000 | ip=192.168.34.57 | op=SEND_HEARTBEAT {datanodeUUID=d1f7a5bb-ef63-436e-b61b-faa886bf0f1d, command=[]} | ret=SUCCESS |  
2019-08-23 23:59:39,998 [EventQueue-StaleNodeForStaleNodeHandler] INFO  node.StaleNodeHandler (StaleNodeHandler.java:onMessage(58)) - Datanode 1ef69ad4-8e4b-4531-9aa2-a6c5c7c904fa{ip: 192.168.34.57, host: pr-hdds-1909-kfjhh-925290811, networkLocation: /default-rack, certSerialId: null} moved to stale state. Finalizing its pipelines [PipelineID=10b2a3df-0375-4751-9cc3-e35c89c5f296, PipelineID=333babfa-cd5f-487a-a66e-f9563ca9129c]
2019-08-23 23:59:39,999 [EventQueue-StaleNodeForStaleNodeHandler] INFO  pipeline.SCMPipelineManager (SCMPipelineManager.java:finalizeAndDestroyPipeline(309)) - destroying pipeline:Pipeline[ Id: 10b2a3df-0375-4751-9cc3-e35c89c5f296, Nodes: 1ef69ad4-8e4b-4531-9aa2-a6c5c7c904fa{ip: 192.168.34.57, host: pr-hdds-1909-kfjhh-925290811, networkLocation: /default-rack, certSerialId: null}, Type:RATIS, Factor:ONE, State:OPEN]
2019-08-23 23:59:39,999 [EventQueue-StaleNodeForStaleNodeHandler] INFO  pipeline.PipelineStateManager (PipelineStateManager.java:finalizePipeline(123)) - Pipeline Pipeline[ Id: 10b2a3df-0375-4751-9cc3-e35c89c5f296, Nodes: 1ef69ad4-8e4b-4531-9aa2-a6c5c7c904fa{ip: 192.168.34.57, host: pr-hdds-1909-kfjhh-925290811, networkLocation: /default-rack, certSerialId: null}, Type:RATIS, Factor:ONE, State:CLOSED] moved to CLOSED state
2019-08-23 23:59:39,999 [EventQueue-StaleNodeForStaleNodeHandler] INFO  pipeline.SCMPipelineManager (SCMPipelineManager.java:finalizeAndDestroyPipeline(309)) - destroying pipeline:Pipeline[ Id: 333babfa-cd5f-487a-a66e-f9563ca9129c, Nodes: b371bb21-e6a8-4036-9b16-438c55cb3ead{ip: 192.168.34.57, host: pr-hdds-1909-kfjhh-925290811, networkLocation: /default-rack, certSerialId: null}1ef69ad4-8e4b-4531-9aa2-a6c5c7c904fa{ip: 192.168.34.57, host: pr-hdds-1909-kfjhh-925290811, networkLocation: /default-rack, certSerialId: null}ae8d4c35-055f-4407-86e2-4ec1f591227d{ip: 192.168.34.57, host: pr-hdds-1909-kfjhh-925290811, networkLocation: /default-rack, certSerialId: null}, Type:RATIS, Factor:THREE, State:CLOSED]
2019-08-23 23:59:40,628 | INFO  | SCMAudit | user=jenkins1000 | ip=192.168.34.57 | op=SEND_HEARTBEAT {datanodeUUID=d0d9dee8-e77d-4d46-9003-12ee559a6c29, command=[]} | ret=SUCCESS |  
2019-08-23 23:59:40,631 | INFO  | SCMAudit | user=jenkins1000 | ip=192.168.34.57 | op=SEND_HEARTBEAT {datanodeUUID=d1f7a5bb-ef63-436e-b61b-faa886bf0f1d, command=[]} | ret=SUCCESS |  
2019-08-23 23:59:40,699 [EventQueue-StaleNodeForStaleNodeHandler] INFO  node.StaleNodeHandler (StaleNodeHandler.java:onMessage(58)) - Datanode 3d5eb9b2-a9f4-4243-a2dd-02e0a570989c{ip: 192.168.34.57, host: pr-hdds-1909-kfjhh-925290811, networkLocation: /default-rack, certSerialId: null} moved to stale state. Finalizing its pipelines [PipelineID=7aa18773-5d51-4148-a7aa-276a26c10a6f, PipelineID=65ae3655-9651-446c-a92c-c7ad426f0267]
2019-08-23 23:59:40,700 [EventQueue-StaleNodeForStaleNodeHandler] INFO  pipeline.SCMPipelineManager (SCMPipelineManager.java:finalizeAndDestroyPipeline(309)) - destroying pipeline:Pipeline[ Id: 7aa18773-5d51-4148-a7aa-276a26c10a6f, Nodes: 3d5eb9b2-a9f4-4243-a2dd-02e0a570989c{ip: 192.168.34.57, host: pr-hdds-1909-kfjhh-925290811, networkLocation: /default-rack, certSerialId: null}, Type:RATIS, Factor:ONE, State:OPEN]
2019-08-23 23:59:40,700 [EventQueue-StaleNodeForStaleNodeHandler] INFO  pipeline.PipelineStateManager (PipelineStateManager.java:finalizePipeline(123)) - Pipeline Pipeline[ Id: 7aa18773-5d51-4148-a7aa-276a26c10a6f, Nodes: 3d5eb9b2-a9f4-4243-a2dd-02e0a570989c{ip: 192.168.34.57, host: pr-hdds-1909-kfjhh-925290811, networkLocation: /default-rack, certSerialId: null}, Type:RATIS, Factor:ONE, State:CLOSED] moved to CLOSED state
2019-08-23 23:59:40,700 [EventQueue-StaleNodeForStaleNodeHandler] INFO  pipeline.SCMPipelineManager (SCMPipelineManager.java:finalizeAndDestroyPipeline(309)) - destroying pipeline:Pipeline[ Id: 65ae3655-9651-446c-a92c-c7ad426f0267, Nodes: d1f7a5bb-ef63-436e-b61b-faa886bf0f1d{ip: 192.168.34.57, host: pr-hdds-1909-kfjhh-925290811, networkLocation: /default-rack, certSerialId: null}c360f659-8ca7-48e8-94e2-fabef6965a78{ip: 192.168.34.57, host: pr-hdds-1909-kfjhh-925290811, networkLocation: /default-rack, certSerialId: null}3d5eb9b2-a9f4-4243-a2dd-02e0a570989c{ip: 192.168.34.57, host: pr-hdds-1909-kfjhh-925290811, networkLocation: /default-rack, certSerialId: null}, Type:RATIS, Factor:THREE, State:CLOSED]
2019-08-23 23:59:40,802 [grpc-default-executor-4] WARN  server.GrpcLogAppender (LogUtils.java:warn(134)) - 3d5eb9b2-a9f4-4243-a2dd-02e0a570989c->c360f659-8ca7-48e8-94e2-fabef6965a78: Failed appendEntries: org.apache.ratis.thirdparty.io.grpc.StatusRuntimeException: UNAVAILABLE: io exception
2019-08-23 23:59:40,803 [grpc-default-executor-4] INFO  impl.FollowerInfo (FollowerInfo.java:lambda$new$0(50)) - 3d5eb9b2-a9f4-4243-a2dd-02e0a570989c->c360f659-8ca7-48e8-94e2-fabef6965a78: nextIndex: updateUnconditionally 15 -> 14
2019-08-23 23:59:40,873 [grpc-default-executor-5] WARN  server.GrpcLogAppender (LogUtils.java:warn(134)) - 1ef69ad4-8e4b-4531-9aa2-a6c5c7c904fa->ae8d4c35-055f-4407-86e2-4ec1f591227d: Failed appendEntries: org.apache.ratis.thirdparty.io.grpc.StatusRuntimeException: UNAVAILABLE: io exception
2019-08-23 23:59:40,873 [grpc-default-executor-5] INFO  impl.FollowerInfo (FollowerInfo.java:lambda$new$0(50)) - 1ef69ad4-8e4b-4531-9aa2-a6c5c7c904fa->ae8d4c35-055f-4407-86e2-4ec1f591227d: nextIndex: updateUnconditionally 16 -> 15
2019-08-23 23:59:40,874 [grpc-default-executor-5] WARN  server.GrpcLogAppender (LogUtils.java:warn(134)) - 1ef69ad4-8e4b-4531-9aa2-a6c5c7c904fa->b371bb21-e6a8-4036-9b16-438c55cb3ead: Failed appendEntries: org.apache.ratis.thirdparty.io.grpc.StatusRuntimeException: UNAVAILABLE: io exception
2019-08-23 23:59:40,874 [grpc-default-executor-5] INFO  impl.FollowerInfo (FollowerInfo.java:lambda$new$0(50)) - 1ef69ad4-8e4b-4531-9aa2-a6c5c7c904fa->b371bb21-e6a8-4036-9b16-438c55cb3ead: nextIndex: updateUnconditionally 0 -> 0
2019-08-23 23:59:40,928 [main] INFO  ozoneimpl.OzoneContainer (OzoneContainer.java:stop(199)) - Attempting to stop container services.
2019-08-23 23:59:40,929 [main] INFO  impl.RaftServerProxy (RaftServerProxy.java:lambda$close$4(314)) - 3d5eb9b2-a9f4-4243-a2dd-02e0a570989c: close
2019-08-23 23:59:40,929 [main] INFO  impl.RaftServerImpl (RaftServerImpl.java:lambda$shutdown$3(245)) - 3d5eb9b2-a9f4-4243-a2dd-02e0a570989c: shutdown group-276A26C10A6F
2019-08-23 23:59:40,929 [main] INFO  util.JmxRegister (JmxRegister.java:unregister(73)) - Successfully un-registered JMX Bean with object name Ratis:service=RaftServer,group=group-276A26C10A6F,id=3d5eb9b2-a9f4-4243-a2dd-02e0a570989c
2019-08-23 23:59:40,930 [main] INFO  impl.RoleInfo (RoleInfo.java:shutdownLeaderState(104)) - 3d5eb9b2-a9f4-4243-a2dd-02e0a570989c: shutdown LeaderState
2019-08-23 23:59:40,930 [main] INFO  impl.PendingRequests (PendingRequests.java:sendNotLeaderResponses(202)) - 3d5eb9b2-a9f4-4243-a2dd-02e0a570989c-PendingRequests: sendNotLeaderResponses
2019-08-23 23:59:40,930 [main] INFO  impl.StateMachineUpdater (StateMachineUpdater.java:stopAndJoin(115)) - StateMachineUpdater:3d5eb9b2-a9f4-4243-a2dd-02e0a570989c:group-276A26C10A6F: set stopIndex = 0
2019-08-23 23:59:40,930 [main] INFO  impl.RaftServerImpl (ServerState.java:close(394)) - 3d5eb9b2-a9f4-4243-a2dd-02e0a570989c:group-276A26C10A6F closes. The last applied log index is 0
2019-08-23 23:59:40,931 [3d5eb9b2-a9f4-4243-a2dd-02e0a570989c-SegmentedRaftLogWorker:Storage Directory /workdir/hadoop-ozone/integration-test/target/test-dir/MiniOzoneClusterImpl-afd2179f-99c6-4f80-80f5-ac745fcf97f2/datanode-3/data/ratis/7aa18773-5d51-4148-a7aa-276a26c10a6f] INFO  segmented.SegmentedRaftLogWorker (SegmentedRaftLogWorker.java:run(313)) - 3d5eb9b2-a9f4-4243-a2dd-02e0a570989c-SegmentedRaftLogWorker:Storage Directory /workdir/hadoop-ozone/integration-test/target/test-dir/MiniOzoneClusterImpl-afd2179f-99c6-4f80-80f5-ac745fcf97f2/datanode-3/data/ratis/7aa18773-5d51-4148-a7aa-276a26c10a6f was interrupted, exiting. There are 0 tasks remaining in the queue.
2019-08-23 23:59:40,934 [main] INFO  segmented.SegmentedRaftLogWorker (SegmentedRaftLogWorker.java:close(228)) - 3d5eb9b2-a9f4-4243-a2dd-02e0a570989c-SegmentedRaftLogWorker:Storage Directory /workdir/hadoop-ozone/integration-test/target/test-dir/MiniOzoneClusterImpl-afd2179f-99c6-4f80-80f5-ac745fcf97f2/datanode-3/data/ratis/7aa18773-5d51-4148-a7aa-276a26c10a6f close()
2019-08-23 23:59:40,937 [main] INFO  impl.RaftServerImpl (RaftServerImpl.java:lambda$shutdown$3(245)) - 3d5eb9b2-a9f4-4243-a2dd-02e0a570989c: shutdown group-C7AD426F0267
2019-08-23 23:59:40,937 [main] INFO  util.JmxRegister (JmxRegister.java:unregister(73)) - Successfully un-registered JMX Bean with object name Ratis:service=RaftServer,group=group-C7AD426F0267,id=3d5eb9b2-a9f4-4243-a2dd-02e0a570989c
2019-08-23 23:59:40,937 [main] INFO  impl.RoleInfo (RoleInfo.java:shutdownLeaderState(104)) - 3d5eb9b2-a9f4-4243-a2dd-02e0a570989c: shutdown LeaderState
2019-08-23 23:59:40,941 [main] INFO  impl.PendingRequests (PendingRequests.java:sendNotLeaderResponses(202)) - 3d5eb9b2-a9f4-4243-a2dd-02e0a570989c-PendingRequests: sendNotLeaderResponses
2019-08-23 23:59:40,941 [org.apache.ratis.server.impl.LogAppender$AppenderDaemon$$Lambda$505/985693793@4daacfb8] WARN  server.GrpcLogAppender (GrpcLogAppender.java:mayWait(143)) - GrpcLogAppender(3d5eb9b2-a9f4-4243-a2dd-02e0a570989c->d1f7a5bb-ef63-436e-b61b-faa886bf0f1d): Wait interrupted by java.lang.InterruptedException
2019-08-23 23:59:40,941 [org.apache.ratis.server.impl.LogAppender$AppenderDaemon$$Lambda$505/985693793@8a850c9] WARN  server.GrpcLogAppender (GrpcLogAppender.java:mayWait(143)) - GrpcLogAppender(3d5eb9b2-a9f4-4243-a2dd-02e0a570989c->c360f659-8ca7-48e8-94e2-fabef6965a78): Wait interrupted by java.lang.InterruptedException
2019-08-23 23:59:40,944 [main] INFO  impl.StateMachineUpdater (StateMachineUpdater.java:stopAndJoin(115)) - StateMachineUpdater:3d5eb9b2-a9f4-4243-a2dd-02e0a570989c:group-C7AD426F0267: set stopIndex = 16
2019-08-23 23:59:40,944 [ForkJoinPool.commonPool-worker-0] INFO  ozoneimpl.OzoneContainer (OzoneContainer.java:stop(199)) - Attempting to stop container services.
2019-08-23 23:59:40,944 [StateMachineUpdater:3d5eb9b2-a9f4-4243-a2dd-02e0a570989c:group-C7AD426F0267] INFO  ratis.ContainerStateMachine (ContainerStateMachine.java:takeSnapshot(283)) - group-C7AD426F0267: Taking a snapshot at:(t:1, i:14) file /workdir/hadoop-ozone/integration-test/target/test-dir/MiniOzoneClusterImpl-afd2179f-99c6-4f80-80f5-ac745fcf97f2/datanode-3/data/ratis/65ae3655-9651-446c-a92c-c7ad426f0267/sm/snapshot.1_14
2019-08-23 23:59:40,945 [ForkJoinPool.commonPool-worker-0] INFO  impl.RaftServerProxy (RaftServerProxy.java:lambda$close$4(314)) - 1ef69ad4-8e4b-4531-9aa2-a6c5c7c904fa: close
2019-08-23 23:59:40,944 [grpc-default-executor-5] INFO  server.GrpcServerProtocolService (GrpcServerProtocolService.java:onCompleted(104)) - d1f7a5bb-ef63-436e-b61b-faa886bf0f1d: appendEntries completed
2019-08-23 23:59:40,945 [ForkJoinPool.commonPool-worker-0] INFO  impl.RaftServerImpl (RaftServerImpl.java:lambda$shutdown$3(245)) - 1ef69ad4-8e4b-4531-9aa2-a6c5c7c904fa: shutdown group-E35C89C5F296
2019-08-23 23:59:40,945 [grpc-default-executor-5] INFO  server.GrpcLogAppender (GrpcLogAppender.java:onCompleted(292)) - 3d5eb9b2-a9f4-4243-a2dd-02e0a570989c->d1f7a5bb-ef63-436e-b61b-faa886bf0f1d: follower responses appendEntries COMPLETED
2019-08-23 23:59:40,946 [ForkJoinPool.commonPool-worker-0] INFO  util.JmxRegister (JmxRegister.java:unregister(73)) - Successfully un-registered JMX Bean with object name Ratis:service=RaftServer,group=group-E35C89C5F296,id=1ef69ad4-8e4b-4531-9aa2-a6c5c7c904fa
2019-08-23 23:59:40,946 [grpc-default-executor-5] INFO  impl.FollowerInfo (FollowerInfo.java:lambda$new$0(50)) - 3d5eb9b2-a9f4-4243-a2dd-02e0a570989c->d1f7a5bb-ef63-436e-b61b-faa886bf0f1d: nextIndex: updateUnconditionally 17 -> 16
2019-08-23 23:59:40,946 [ForkJoinPool.commonPool-worker-0] INFO  impl.RoleInfo (RoleInfo.java:shutdownLeaderState(104)) - 1ef69ad4-8e4b-4531-9aa2-a6c5c7c904fa: shutdown LeaderState
2019-08-23 23:59:40,947 [ForkJoinPool.commonPool-worker-0] INFO  impl.PendingRequests (PendingRequests.java:sendNotLeaderResponses(202)) - 1ef69ad4-8e4b-4531-9aa2-a6c5c7c904fa-PendingRequests: sendNotLeaderResponses
2019-08-23 23:59:40,947 [ForkJoinPool.commonPool-worker-0] INFO  impl.StateMachineUpdater (StateMachineUpdater.java:stopAndJoin(115)) - StateMachineUpdater:1ef69ad4-8e4b-4531-9aa2-a6c5c7c904fa:group-E35C89C5F296: set stopIndex = 0
2019-08-23 23:59:40,947 [ForkJoinPool.commonPool-worker-0] INFO  impl.RaftServerImpl (ServerState.java:close(394)) - 1ef69ad4-8e4b-4531-9aa2-a6c5c7c904fa:group-E35C89C5F296 closes. The last applied log index is 0
2019-08-23 23:59:40,948 [1ef69ad4-8e4b-4531-9aa2-a6c5c7c904fa-SegmentedRaftLogWorker:Storage Directory /workdir/hadoop-ozone/integration-test/target/test-dir/MiniOzoneClusterImpl-afd2179f-99c6-4f80-80f5-ac745fcf97f2/datanode-0/data/ratis/10b2a3df-0375-4751-9cc3-e35c89c5f296] INFO  segmented.SegmentedRaftLogWorker (SegmentedRaftLogWorker.java:run(313)) - 1ef69ad4-8e4b-4531-9aa2-a6c5c7c904fa-SegmentedRaftLogWorker:Storage Directory /workdir/hadoop-ozone/integration-test/target/test-dir/MiniOzoneClusterImpl-afd2179f-99c6-4f80-80f5-ac745fcf97f2/datanode-0/data/ratis/10b2a3df-0375-4751-9cc3-e35c89c5f296 was interrupted, exiting. There are 0 tasks remaining in the queue.
2019-08-23 23:59:40,950 [ForkJoinPool.commonPool-worker-0] INFO  segmented.SegmentedRaftLogWorker (SegmentedRaftLogWorker.java:close(228)) - 1ef69ad4-8e4b-4531-9aa2-a6c5c7c904fa-SegmentedRaftLogWorker:Storage Directory /workdir/hadoop-ozone/integration-test/target/test-dir/MiniOzoneClusterImpl-afd2179f-99c6-4f80-80f5-ac745fcf97f2/datanode-0/data/ratis/10b2a3df-0375-4751-9cc3-e35c89c5f296 close()
2019-08-23 23:59:40,954 [ForkJoinPool.commonPool-worker-0] INFO  impl.RaftServerImpl (RaftServerImpl.java:lambda$shutdown$3(245)) - 1ef69ad4-8e4b-4531-9aa2-a6c5c7c904fa: shutdown group-F9563CA9129C
2019-08-23 23:59:40,955 [ForkJoinPool.commonPool-worker-0] INFO  util.JmxRegister (JmxRegister.java:unregister(73)) - Successfully un-registered JMX Bean with object name Ratis:service=RaftServer,group=group-F9563CA9129C,id=1ef69ad4-8e4b-4531-9aa2-a6c5c7c904fa
2019-08-23 23:59:40,955 [ForkJoinPool.commonPool-worker-0] INFO  impl.RoleInfo (RoleInfo.java:shutdownLeaderState(104)) - 1ef69ad4-8e4b-4531-9aa2-a6c5c7c904fa: shutdown LeaderState
2019-08-23 23:59:40,958 [ForkJoinPool.commonPool-worker-0] INFO  impl.PendingRequests (PendingRequests.java:sendNotLeaderResponses(202)) - 1ef69ad4-8e4b-4531-9aa2-a6c5c7c904fa-PendingRequests: sendNotLeaderResponses
2019-08-23 23:59:40,958 [org.apache.ratis.server.impl.LogAppender$AppenderDaemon$$Lambda$505/985693793@31f30142] WARN  server.GrpcLogAppender (GrpcLogAppender.java:mayWait(143)) - GrpcLogAppender(1ef69ad4-8e4b-4531-9aa2-a6c5c7c904fa->ae8d4c35-055f-4407-86e2-4ec1f591227d): Wait interrupted by java.lang.InterruptedException
2019-08-23 23:59:40,958 [org.apache.ratis.server.impl.LogAppender$AppenderDaemon$$Lambda$505/985693793@567ccebe] WARN  server.GrpcLogAppender (GrpcLogAppender.java:mayWait(143)) - GrpcLogAppender(1ef69ad4-8e4b-4531-9aa2-a6c5c7c904fa->b371bb21-e6a8-4036-9b16-438c55cb3ead): Wait interrupted by java.lang.InterruptedException
2019-08-23 23:59:40,959 [ForkJoinPool.commonPool-worker-0] INFO  impl.StateMachineUpdater (StateMachineUpdater.java:stopAndJoin(115)) - StateMachineUpdater:1ef69ad4-8e4b-4531-9aa2-a6c5c7c904fa:group-F9563CA9129C: set stopIndex = 17
2019-08-23 23:59:40,959 [StateMachineUpdater:3d5eb9b2-a9f4-4243-a2dd-02e0a570989c:group-C7AD426F0267] INFO  ratis.ContainerStateMachine (ContainerStateMachine.java:takeSnapshot(294)) - group-C7AD426F0267: Finished taking a snapshot at:(t:1, i:14) file:/workdir/hadoop-ozone/integration-test/target/test-dir/MiniOzoneClusterImpl-afd2179f-99c6-4f80-80f5-ac745fcf97f2/datanode-3/data/ratis/65ae3655-9651-446c-a92c-c7ad426f0267/sm/snapshot.1_14 time:15
2019-08-23 23:59:40,959 [StateMachineUpdater:1ef69ad4-8e4b-4531-9aa2-a6c5c7c904fa:group-F9563CA9129C] INFO  ratis.ContainerStateMachine (ContainerStateMachine.java:takeSnapshot(283)) - group-F9563CA9129C: Taking a snapshot at:(t:1, i:13) file /workdir/hadoop-ozone/integration-test/target/test-dir/MiniOzoneClusterImpl-afd2179f-99c6-4f80-80f5-ac745fcf97f2/datanode-0/data/ratis/333babfa-cd5f-487a-a66e-f9563ca9129c/sm/snapshot.1_13
2019-08-23 23:59:40,959 [StateMachineUpdater:3d5eb9b2-a9f4-4243-a2dd-02e0a570989c:group-C7AD426F0267] INFO  impl.StateMachineUpdater (StateMachineUpdater.java:takeSnapshot(242)) - StateMachineUpdater:3d5eb9b2-a9f4-4243-a2dd-02e0a570989c:group-C7AD426F0267: Took a snapshot at index 14
2019-08-23 23:59:40,959 [StateMachineUpdater:3d5eb9b2-a9f4-4243-a2dd-02e0a570989c:group-C7AD426F0267] INFO  impl.StateMachineUpdater (StateMachineUpdater.java:lambda$new$0(80)) - StateMachineUpdater:3d5eb9b2-a9f4-4243-a2dd-02e0a570989c:group-C7AD426F0267: snapshotIndex: updateIncreasingly -1 -> 14
2019-08-23 23:59:40,960 [main] INFO  impl.RaftServerImpl (ServerState.java:close(394)) - 3d5eb9b2-a9f4-4243-a2dd-02e0a570989c:group-C7AD426F0267 closes. The last applied log index is 16
2019-08-23 23:59:40,960 [3d5eb9b2-a9f4-4243-a2dd-02e0a570989c-SegmentedRaftLogWorker:Storage Directory /workdir/hadoop-ozone/integration-test/target/test-dir/MiniOzoneClusterImpl-afd2179f-99c6-4f80-80f5-ac745fcf97f2/datanode-3/data/ratis/65ae3655-9651-446c-a92c-c7ad426f0267] INFO  segmented.SegmentedRaftLogWorker (SegmentedRaftLogWorker.java:run(313)) - 3d5eb9b2-a9f4-4243-a2dd-02e0a570989c-SegmentedRaftLogWorker:Storage Directory /workdir/hadoop-ozone/integration-test/target/test-dir/MiniOzoneClusterImpl-afd2179f-99c6-4f80-80f5-ac745fcf97f2/datanode-3/data/ratis/65ae3655-9651-446c-a92c-c7ad426f0267 was interrupted, exiting. There are 0 tasks remaining in the queue.
2019-08-23 23:59:40,962 [main] INFO  segmented.SegmentedRaftLogWorker (SegmentedRaftLogWorker.java:close(228)) - 3d5eb9b2-a9f4-4243-a2dd-02e0a570989c-SegmentedRaftLogWorker:Storage Directory /workdir/hadoop-ozone/integration-test/target/test-dir/MiniOzoneClusterImpl-afd2179f-99c6-4f80-80f5-ac745fcf97f2/datanode-3/data/ratis/65ae3655-9651-446c-a92c-c7ad426f0267 close()
2019-08-23 23:59:40,965 [main] INFO  server.GrpcService (GrpcService.java:closeImpl(155)) - 3d5eb9b2-a9f4-4243-a2dd-02e0a570989c: shutdown server with port 35645 now
2019-08-23 23:59:40,967 [grpc-default-executor-1] WARN  client.GrpcClientProtocolService (LogUtils.java:warn(134)) - 1-UnorderedRequestStreamObserver1: onError: org.apache.ratis.thirdparty.io.grpc.StatusRuntimeException: CANCELLED: cancelled before receiving half close
2019-08-23 23:59:40,967 [main] INFO  server.GrpcService (GrpcService.java:closeImpl(163)) - 3d5eb9b2-a9f4-4243-a2dd-02e0a570989c: shutdown server with port 35645 successfully
2019-08-23 23:59:40,971 [main] INFO  utils.BackgroundService (BackgroundService.java:shutdown(148)) - Shutting down service BlockDeletingService
2019-08-23 23:59:40,973 [refreshUsed-/workdir/hadoop-ozone/integration-test/target/test-dir/MiniOzoneClusterImpl-afd2179f-99c6-4f80-80f5-ac745fcf97f2/datanode-3/data/containers] WARN  fs.CachingGetSpaceUsed (CachingGetSpaceUsed.java:run(183)) - Thread Interrupted waiting to refresh disk information: sleep interrupted
2019-08-23 23:59:40,980 [StateMachineUpdater:1ef69ad4-8e4b-4531-9aa2-a6c5c7c904fa:group-F9563CA9129C] INFO  ratis.ContainerStateMachine (ContainerStateMachine.java:takeSnapshot(294)) - group-F9563CA9129C: Finished taking a snapshot at:(t:1, i:13) file:/workdir/hadoop-ozone/integration-test/target/test-dir/MiniOzoneClusterImpl-afd2179f-99c6-4f80-80f5-ac745fcf97f2/datanode-0/data/ratis/333babfa-cd5f-487a-a66e-f9563ca9129c/sm/snapshot.1_13 time:21
2019-08-23 23:59:40,980 [StateMachineUpdater:1ef69ad4-8e4b-4531-9aa2-a6c5c7c904fa:group-F9563CA9129C] INFO  impl.StateMachineUpdater (StateMachineUpdater.java:takeSnapshot(242)) - StateMachineUpdater:1ef69ad4-8e4b-4531-9aa2-a6c5c7c904fa:group-F9563CA9129C: Took a snapshot at index 13
2019-08-23 23:59:40,980 [StateMachineUpdater:1ef69ad4-8e4b-4531-9aa2-a6c5c7c904fa:group-F9563CA9129C] INFO  impl.StateMachineUpdater (StateMachineUpdater.java:lambda$new$0(80)) - StateMachineUpdater:1ef69ad4-8e4b-4531-9aa2-a6c5c7c904fa:group-F9563CA9129C: snapshotIndex: updateIncreasingly -1 -> 13
2019-08-23 23:59:40,980 [ForkJoinPool.commonPool-worker-0] INFO  impl.RaftServerImpl (ServerState.java:close(394)) - 1ef69ad4-8e4b-4531-9aa2-a6c5c7c904fa:group-F9563CA9129C closes. The last applied log index is 17
2019-08-23 23:59:40,981 [1ef69ad4-8e4b-4531-9aa2-a6c5c7c904fa-SegmentedRaftLogWorker:Storage Directory /workdir/hadoop-ozone/integration-test/target/test-dir/MiniOzoneClusterImpl-afd2179f-99c6-4f80-80f5-ac745fcf97f2/datanode-0/data/ratis/333babfa-cd5f-487a-a66e-f9563ca9129c] INFO  segmented.SegmentedRaftLogWorker (SegmentedRaftLogWorker.java:run(313)) - 1ef69ad4-8e4b-4531-9aa2-a6c5c7c904fa-SegmentedRaftLogWorker:Storage Directory /workdir/hadoop-ozone/integration-test/target/test-dir/MiniOzoneClusterImpl-afd2179f-99c6-4f80-80f5-ac745fcf97f2/datanode-0/data/ratis/333babfa-cd5f-487a-a66e-f9563ca9129c was interrupted, exiting. There are 0 tasks remaining in the queue.
2019-08-23 23:59:40,982 [ForkJoinPool.commonPool-worker-0] INFO  segmented.SegmentedRaftLogWorker (SegmentedRaftLogWorker.java:close(228)) - 1ef69ad4-8e4b-4531-9aa2-a6c5c7c904fa-SegmentedRaftLogWorker:Storage Directory /workdir/hadoop-ozone/integration-test/target/test-dir/MiniOzoneClusterImpl-afd2179f-99c6-4f80-80f5-ac745fcf97f2/datanode-0/data/ratis/333babfa-cd5f-487a-a66e-f9563ca9129c close()
2019-08-23 23:59:40,989 [ForkJoinPool.commonPool-worker-0] INFO  server.GrpcService (GrpcService.java:closeImpl(155)) - 1ef69ad4-8e4b-4531-9aa2-a6c5c7c904fa: shutdown server with port 42315 now
2019-08-23 23:59:40,990 [ForkJoinPool.commonPool-worker-0] INFO  server.GrpcService (GrpcService.java:closeImpl(163)) - 1ef69ad4-8e4b-4531-9aa2-a6c5c7c904fa: shutdown server with port 42315 successfully
2019-08-23 23:59:40,991 [ForkJoinPool.commonPool-worker-0] INFO  utils.BackgroundService (BackgroundService.java:shutdown(148)) - Shutting down service BlockDeletingService
2019-08-23 23:59:40,992 [refreshUsed-/workdir/hadoop-ozone/integration-test/target/test-dir/MiniOzoneClusterImpl-afd2179f-99c6-4f80-80f5-ac745fcf97f2/datanode-0/data/containers] WARN  fs.CachingGetSpaceUsed (CachingGetSpaceUsed.java:run(183)) - Thread Interrupted waiting to refresh disk information: sleep interrupted
2019-08-23 23:59:41,001 [main] INFO  statemachine.DatanodeStateMachine (DatanodeStateMachine.java:stopDaemon(395)) - Ozone container server stopped.
2019-08-23 23:59:41,003 [main] INFO  handler.ContextHandler (ContextHandler.java:doStop(910)) - Stopped o.e.j.w.WebAppContext@29422e61{/,null,UNAVAILABLE}{/hddsDatanode}
2019-08-23 23:59:41,003 [main] INFO  server.AbstractConnector (AbstractConnector.java:doStop(318)) - Stopped ServerConnector@4a29520e{HTTP/1.1,[http/1.1]}{0.0.0.0:0}
2019-08-23 23:59:41,004 [main] INFO  handler.ContextHandler (ContextHandler.java:doStop(910)) - Stopped o.e.j.s.ServletContextHandler@37f687c1{/static,jar:file:/home/user/.m2/repository/org/apache/hadoop/hadoop-hdds-container-service/0.5.0-SNAPSHOT/hadoop-hdds-container-service-0.5.0-SNAPSHOT.jar!/webapps/static,UNAVAILABLE}
2019-08-23 23:59:41,004 [main] INFO  handler.ContextHandler (ContextHandler.java:doStop(910)) - Stopped o.e.j.s.ServletContextHandler@6ea4b4b2{/logs,file:///workdir/hadoop-ozone/integration-test/target/log,UNAVAILABLE}
2019-08-23 23:59:41,005 [main] INFO  datanode.ObjectStoreHandler (ObjectStoreHandler.java:close(155)) - Closing ObjectStoreHandler.
2019-08-23 23:59:41,006 [main] INFO  ozone.HddsDatanodeService (HddsDatanodeService.java:stop(451)) - Stopped plug-in org.apache.hadoop.ozone.web.OzoneHddsDatanodeService@54e0b29c
2019-08-23 23:59:41,017 [ForkJoinPool.commonPool-worker-0] INFO  statemachine.DatanodeStateMachine (DatanodeStateMachine.java:stopDaemon(395)) - Ozone container server stopped.
2019-08-23 23:59:41,021 [ForkJoinPool.commonPool-worker-0] INFO  handler.ContextHandler (ContextHandler.java:doStop(910)) - Stopped o.e.j.w.WebAppContext@7c424dfe{/,null,UNAVAILABLE}{/hddsDatanode}
2019-08-23 23:59:41,022 [ForkJoinPool.commonPool-worker-0] INFO  server.AbstractConnector (AbstractConnector.java:doStop(318)) - Stopped ServerConnector@3577e37c{HTTP/1.1,[http/1.1]}{0.0.0.0:0}
2019-08-23 23:59:41,023 [ForkJoinPool.commonPool-worker-0] INFO  handler.ContextHandler (ContextHandler.java:doStop(910)) - Stopped o.e.j.s.ServletContextHandler@5ec921f1{/static,jar:file:/home/user/.m2/repository/org/apache/hadoop/hadoop-hdds-container-service/0.5.0-SNAPSHOT/hadoop-hdds-container-service-0.5.0-SNAPSHOT.jar!/webapps/static,UNAVAILABLE}
2019-08-23 23:59:41,024 [ForkJoinPool.commonPool-worker-0] INFO  handler.ContextHandler (ContextHandler.java:doStop(910)) - Stopped o.e.j.s.ServletContextHandler@326489c4{/logs,file:///workdir/hadoop-ozone/integration-test/target/log,UNAVAILABLE}
2019-08-23 23:59:41,025 [ForkJoinPool.commonPool-worker-0] INFO  datanode.ObjectStoreHandler (ObjectStoreHandler.java:close(155)) - Closing ObjectStoreHandler.
2019-08-23 23:59:41,025 [ForkJoinPool.commonPool-worker-0] INFO  ozone.HddsDatanodeService (HddsDatanodeService.java:stop(451)) - Stopped plug-in org.apache.hadoop.ozone.web.OzoneHddsDatanodeService@78ba0a57
2019-08-23 23:59:41,621 [Datanode State Machine Thread - 0] INFO  statemachine.DatanodeStateMachine (DatanodeStateMachine.java:lambda$startDaemon$0(350)) - Ozone container server started.
2019-08-23 23:59:41,631 [Datanode State Machine Thread - 0] INFO  statemachine.DatanodeStateMachine (DatanodeStateMachine.java:lambda$startDaemon$0(350)) - Ozone container server started.
2019-08-23 23:59:45,706 [EventQueue-StaleNodeForStaleNodeHandler] INFO  node.StaleNodeHandler (StaleNodeHandler.java:onMessage(58)) - Datanode d1f7a5bb-ef63-436e-b61b-faa886bf0f1d{ip: 192.168.34.57, host: pr-hdds-1909-kfjhh-925290811, networkLocation: /default-rack, certSerialId: null} moved to stale state. Finalizing its pipelines [PipelineID=5b771239-2e66-4802-abeb-904b3b77646d, PipelineID=65ae3655-9651-446c-a92c-c7ad426f0267]
2019-08-23 23:59:45,707 [EventQueue-StaleNodeForStaleNodeHandler] INFO  pipeline.SCMPipelineManager (SCMPipelineManager.java:finalizeAndDestroyPipeline(309)) - destroying pipeline:Pipeline[ Id: 5b771239-2e66-4802-abeb-904b3b77646d, Nodes: d1f7a5bb-ef63-436e-b61b-faa886bf0f1d{ip: 192.168.34.57, host: pr-hdds-1909-kfjhh-925290811, networkLocation: /default-rack, certSerialId: null}, Type:RATIS, Factor:ONE, State:OPEN]
2019-08-23 23:59:45,707 [EventQueue-StaleNodeForStaleNodeHandler] INFO  pipeline.PipelineStateManager (PipelineStateManager.java:finalizePipeline(123)) - Pipeline Pipeline[ Id: 5b771239-2e66-4802-abeb-904b3b77646d, Nodes: d1f7a5bb-ef63-436e-b61b-faa886bf0f1d{ip: 192.168.34.57, host: pr-hdds-1909-kfjhh-925290811, networkLocation: /default-rack, certSerialId: null}, Type:RATIS, Factor:ONE, State:CLOSED] moved to CLOSED state
2019-08-23 23:59:45,707 [EventQueue-StaleNodeForStaleNodeHandler] INFO  pipeline.SCMPipelineManager (SCMPipelineManager.java:finalizeAndDestroyPipeline(309)) - destroying pipeline:Pipeline[ Id: 65ae3655-9651-446c-a92c-c7ad426f0267, Nodes: d1f7a5bb-ef63-436e-b61b-faa886bf0f1d{ip: 192.168.34.57, host: pr-hdds-1909-kfjhh-925290811, networkLocation: /default-rack, certSerialId: null}c360f659-8ca7-48e8-94e2-fabef6965a78{ip: 192.168.34.57, host: pr-hdds-1909-kfjhh-925290811, networkLocation: /default-rack, certSerialId: null}3d5eb9b2-a9f4-4243-a2dd-02e0a570989c{ip: 192.168.34.57, host: pr-hdds-1909-kfjhh-925290811, networkLocation: /default-rack, certSerialId: null}, Type:RATIS, Factor:THREE, State:CLOSED]
2019-08-23 23:59:45,707 [EventQueue-StaleNodeForStaleNodeHandler] INFO  node.StaleNodeHandler (StaleNodeHandler.java:onMessage(58)) - Datanode d0d9dee8-e77d-4d46-9003-12ee559a6c29{ip: 192.168.34.57, host: pr-hdds-1909-kfjhh-925290811, networkLocation: /default-rack, certSerialId: null} moved to stale state. Finalizing its pipelines [PipelineID=20df83ef-fa2f-4814-8a77-844eeec9bd0c]
2019-08-23 23:59:45,707 [EventQueue-StaleNodeForStaleNodeHandler] INFO  pipeline.SCMPipelineManager (SCMPipelineManager.java:finalizeAndDestroyPipeline(309)) - destroying pipeline:Pipeline[ Id: 20df83ef-fa2f-4814-8a77-844eeec9bd0c, Nodes: d0d9dee8-e77d-4d46-9003-12ee559a6c29{ip: 192.168.34.57, host: pr-hdds-1909-kfjhh-925290811, networkLocation: /default-rack, certSerialId: null}, Type:RATIS, Factor:ONE, State:OPEN]
2019-08-23 23:59:45,707 [EventQueue-StaleNodeForStaleNodeHandler] INFO  pipeline.PipelineStateManager (PipelineStateManager.java:finalizePipeline(123)) - Pipeline Pipeline[ Id: 20df83ef-fa2f-4814-8a77-844eeec9bd0c, Nodes: d0d9dee8-e77d-4d46-9003-12ee559a6c29{ip: 192.168.34.57, host: pr-hdds-1909-kfjhh-925290811, networkLocation: /default-rack, certSerialId: null}, Type:RATIS, Factor:ONE, State:CLOSED] moved to CLOSED state
2019-08-23 23:59:46,006 [main] INFO  ozoneimpl.OzoneContainer (OzoneContainer.java:stop(199)) - Attempting to stop container services.
2019-08-23 23:59:46,007 [main] INFO  impl.RaftServerProxy (RaftServerProxy.java:lambda$close$4(314)) - d0d9dee8-e77d-4d46-9003-12ee559a6c29: close
2019-08-23 23:59:46,007 [main] INFO  impl.RaftServerImpl (RaftServerImpl.java:lambda$shutdown$3(245)) - d0d9dee8-e77d-4d46-9003-12ee559a6c29: shutdown group-844EEEC9BD0C
2019-08-23 23:59:46,007 [main] INFO  util.JmxRegister (JmxRegister.java:unregister(73)) - Successfully un-registered JMX Bean with object name Ratis:service=RaftServer,group=group-844EEEC9BD0C,id=d0d9dee8-e77d-4d46-9003-12ee559a6c29
2019-08-23 23:59:46,007 [main] INFO  impl.RoleInfo (RoleInfo.java:shutdownLeaderState(104)) - d0d9dee8-e77d-4d46-9003-12ee559a6c29: shutdown LeaderState
2019-08-23 23:59:46,008 [main] INFO  impl.PendingRequests (PendingRequests.java:sendNotLeaderResponses(202)) - d0d9dee8-e77d-4d46-9003-12ee559a6c29-PendingRequests: sendNotLeaderResponses
2019-08-23 23:59:46,008 [main] INFO  impl.StateMachineUpdater (StateMachineUpdater.java:stopAndJoin(115)) - StateMachineUpdater:d0d9dee8-e77d-4d46-9003-12ee559a6c29:group-844EEEC9BD0C: set stopIndex = 0
2019-08-23 23:59:46,008 [main] INFO  impl.RaftServerImpl (ServerState.java:close(394)) - d0d9dee8-e77d-4d46-9003-12ee559a6c29:group-844EEEC9BD0C closes. The last applied log index is 0
2019-08-23 23:59:46,009 [d0d9dee8-e77d-4d46-9003-12ee559a6c29-SegmentedRaftLogWorker:Storage Directory /workdir/hadoop-ozone/integration-test/target/test-dir/MiniOzoneClusterImpl-afd2179f-99c6-4f80-80f5-ac745fcf97f2/datanode-6/data/ratis/20df83ef-fa2f-4814-8a77-844eeec9bd0c] INFO  segmented.SegmentedRaftLogWorker (SegmentedRaftLogWorker.java:run(313)) - d0d9dee8-e77d-4d46-9003-12ee559a6c29-SegmentedRaftLogWorker:Storage Directory /workdir/hadoop-ozone/integration-test/target/test-dir/MiniOzoneClusterImpl-afd2179f-99c6-4f80-80f5-ac745fcf97f2/datanode-6/data/ratis/20df83ef-fa2f-4814-8a77-844eeec9bd0c was interrupted, exiting. There are 0 tasks remaining in the queue.
2019-08-23 23:59:46,021 [main] INFO  segmented.SegmentedRaftLogWorker (SegmentedRaftLogWorker.java:close(228)) - d0d9dee8-e77d-4d46-9003-12ee559a6c29-SegmentedRaftLogWorker:Storage Directory /workdir/hadoop-ozone/integration-test/target/test-dir/MiniOzoneClusterImpl-afd2179f-99c6-4f80-80f5-ac745fcf97f2/datanode-6/data/ratis/20df83ef-fa2f-4814-8a77-844eeec9bd0c close()
2019-08-23 23:59:46,024 [main] INFO  server.GrpcService (GrpcService.java:closeImpl(155)) - d0d9dee8-e77d-4d46-9003-12ee559a6c29: shutdown server with port 41278 now
2019-08-23 23:59:46,025 [main] INFO  server.GrpcService (GrpcService.java:closeImpl(163)) - d0d9dee8-e77d-4d46-9003-12ee559a6c29: shutdown server with port 41278 successfully
2019-08-23 23:59:46,026 [ForkJoinPool.commonPool-worker-0] INFO  ozoneimpl.OzoneContainer (OzoneContainer.java:stop(199)) - Attempting to stop container services.
2019-08-23 23:59:46,026 [main] INFO  utils.BackgroundService (BackgroundService.java:shutdown(148)) - Shutting down service BlockDeletingService
2019-08-23 23:59:46,026 [ForkJoinPool.commonPool-worker-0] INFO  impl.RaftServerProxy (RaftServerProxy.java:lambda$close$4(314)) - d1f7a5bb-ef63-436e-b61b-faa886bf0f1d: close
2019-08-23 23:59:46,027 [ForkJoinPool.commonPool-worker-0] INFO  impl.RaftServerImpl (RaftServerImpl.java:lambda$shutdown$3(245)) - d1f7a5bb-ef63-436e-b61b-faa886bf0f1d: shutdown group-904B3B77646D
2019-08-23 23:59:46,029 [ForkJoinPool.commonPool-worker-0] INFO  util.JmxRegister (JmxRegister.java:unregister(73)) - Successfully un-registered JMX Bean with object name Ratis:service=RaftServer,group=group-904B3B77646D,id=d1f7a5bb-ef63-436e-b61b-faa886bf0f1d
2019-08-23 23:59:46,029 [ForkJoinPool.commonPool-worker-0] INFO  impl.RoleInfo (RoleInfo.java:shutdownLeaderState(104)) - d1f7a5bb-ef63-436e-b61b-faa886bf0f1d: shutdown LeaderState
2019-08-23 23:59:46,029 [refreshUsed-/workdir/hadoop-ozone/integration-test/target/test-dir/MiniOzoneClusterImpl-afd2179f-99c6-4f80-80f5-ac745fcf97f2/datanode-6/data/containers] WARN  fs.CachingGetSpaceUsed (CachingGetSpaceUsed.java:run(183)) - Thread Interrupted waiting to refresh disk information: sleep interrupted
2019-08-23 23:59:46,034 [ForkJoinPool.commonPool-worker-0] INFO  impl.PendingRequests (PendingRequests.java:sendNotLeaderResponses(202)) - d1f7a5bb-ef63-436e-b61b-faa886bf0f1d-PendingRequests: sendNotLeaderResponses
2019-08-23 23:59:46,037 [ForkJoinPool.commonPool-worker-0] INFO  impl.StateMachineUpdater (StateMachineUpdater.java:stopAndJoin(115)) - StateMachineUpdater:d1f7a5bb-ef63-436e-b61b-faa886bf0f1d:group-904B3B77646D: set stopIndex = 0
2019-08-23 23:59:46,037 [ForkJoinPool.commonPool-worker-0] INFO  impl.RaftServerImpl (ServerState.java:close(394)) - d1f7a5bb-ef63-436e-b61b-faa886bf0f1d:group-904B3B77646D closes. The last applied log index is 0
2019-08-23 23:59:46,038 [d1f7a5bb-ef63-436e-b61b-faa886bf0f1d-SegmentedRaftLogWorker:Storage Directory /workdir/hadoop-ozone/integration-test/target/test-dir/MiniOzoneClusterImpl-afd2179f-99c6-4f80-80f5-ac745fcf97f2/datanode-5/data/ratis/5b771239-2e66-4802-abeb-904b3b77646d] INFO  segmented.SegmentedRaftLogWorker (SegmentedRaftLogWorker.java:run(313)) - d1f7a5bb-ef63-436e-b61b-faa886bf0f1d-SegmentedRaftLogWorker:Storage Directory /workdir/hadoop-ozone/integration-test/target/test-dir/MiniOzoneClusterImpl-afd2179f-99c6-4f80-80f5-ac745fcf97f2/datanode-5/data/ratis/5b771239-2e66-4802-abeb-904b3b77646d was interrupted, exiting. There are 0 tasks remaining in the queue.
2019-08-23 23:59:46,038 [ForkJoinPool.commonPool-worker-0] INFO  segmented.SegmentedRaftLogWorker (SegmentedRaftLogWorker.java:close(228)) - d1f7a5bb-ef63-436e-b61b-faa886bf0f1d-SegmentedRaftLogWorker:Storage Directory /workdir/hadoop-ozone/integration-test/target/test-dir/MiniOzoneClusterImpl-afd2179f-99c6-4f80-80f5-ac745fcf97f2/datanode-5/data/ratis/5b771239-2e66-4802-abeb-904b3b77646d close()
2019-08-23 23:59:46,040 [ForkJoinPool.commonPool-worker-0] INFO  impl.RaftServerImpl (RaftServerImpl.java:lambda$shutdown$3(245)) - d1f7a5bb-ef63-436e-b61b-faa886bf0f1d: shutdown group-C7AD426F0267
2019-08-23 23:59:46,040 [ForkJoinPool.commonPool-worker-0] INFO  util.JmxRegister (JmxRegister.java:unregister(73)) - Successfully un-registered JMX Bean with object name Ratis:service=RaftServer,group=group-C7AD426F0267,id=d1f7a5bb-ef63-436e-b61b-faa886bf0f1d
2019-08-23 23:59:46,040 [ForkJoinPool.commonPool-worker-0] INFO  impl.RoleInfo (RoleInfo.java:shutdownFollowerState(121)) - d1f7a5bb-ef63-436e-b61b-faa886bf0f1d: shutdown FollowerState
2019-08-23 23:59:46,041 [ForkJoinPool.commonPool-worker-0] INFO  impl.StateMachineUpdater (StateMachineUpdater.java:stopAndJoin(115)) - StateMachineUpdater:d1f7a5bb-ef63-436e-b61b-faa886bf0f1d:group-C7AD426F0267: set stopIndex = 16
2019-08-23 23:59:46,041 [StateMachineUpdater:d1f7a5bb-ef63-436e-b61b-faa886bf0f1d:group-C7AD426F0267] INFO  ratis.ContainerStateMachine (ContainerStateMachine.java:takeSnapshot(283)) - group-C7AD426F0267: Taking a snapshot at:(t:1, i:14) file /workdir/hadoop-ozone/integration-test/target/test-dir/MiniOzoneClusterImpl-afd2179f-99c6-4f80-80f5-ac745fcf97f2/datanode-5/data/ratis/65ae3655-9651-446c-a92c-c7ad426f0267/sm/snapshot.1_14
2019-08-23 23:59:46,041 [Thread-3374] INFO  impl.FollowerState (FollowerState.java:run(114)) - d1f7a5bb-ef63-436e-b61b-faa886bf0f1d: FollowerState was interrupted: java.lang.InterruptedException: sleep interrupted
2019-08-23 23:59:46,056 [main] INFO  statemachine.DatanodeStateMachine (DatanodeStateMachine.java:stopDaemon(395)) - Ozone container server stopped.
2019-08-23 23:59:46,056 [StateMachineUpdater:d1f7a5bb-ef63-436e-b61b-faa886bf0f1d:group-C7AD426F0267] INFO  ratis.ContainerStateMachine (ContainerStateMachine.java:takeSnapshot(294)) - group-C7AD426F0267: Finished taking a snapshot at:(t:1, i:14) file:/workdir/hadoop-ozone/integration-test/target/test-dir/MiniOzoneClusterImpl-afd2179f-99c6-4f80-80f5-ac745fcf97f2/datanode-5/data/ratis/65ae3655-9651-446c-a92c-c7ad426f0267/sm/snapshot.1_14 time:15
2019-08-23 23:59:46,056 [StateMachineUpdater:d1f7a5bb-ef63-436e-b61b-faa886bf0f1d:group-C7AD426F0267] INFO  impl.StateMachineUpdater (StateMachineUpdater.java:takeSnapshot(242)) - StateMachineUpdater:d1f7a5bb-ef63-436e-b61b-faa886bf0f1d:group-C7AD426F0267: Took a snapshot at index 14
2019-08-23 23:59:46,056 [StateMachineUpdater:d1f7a5bb-ef63-436e-b61b-faa886bf0f1d:group-C7AD426F0267] INFO  impl.StateMachineUpdater (StateMachineUpdater.java:lambda$new$0(80)) - StateMachineUpdater:d1f7a5bb-ef63-436e-b61b-faa886bf0f1d:group-C7AD426F0267: snapshotIndex: updateIncreasingly -1 -> 14
2019-08-23 23:59:46,057 [ForkJoinPool.commonPool-worker-0] INFO  impl.RaftServerImpl (ServerState.java:close(394)) - d1f7a5bb-ef63-436e-b61b-faa886bf0f1d:group-C7AD426F0267 closes. The last applied log index is 16
2019-08-23 23:59:46,057 [main] INFO  handler.ContextHandler (ContextHandler.java:doStop(910)) - Stopped o.e.j.w.WebAppContext@3449cddf{/,null,UNAVAILABLE}{/hddsDatanode}
2019-08-23 23:59:46,057 [d1f7a5bb-ef63-436e-b61b-faa886bf0f1d-SegmentedRaftLogWorker:Storage Directory /workdir/hadoop-ozone/integration-test/target/test-dir/MiniOzoneClusterImpl-afd2179f-99c6-4f80-80f5-ac745fcf97f2/datanode-5/data/ratis/65ae3655-9651-446c-a92c-c7ad426f0267] INFO  segmented.SegmentedRaftLogWorker (SegmentedRaftLogWorker.java:run(313)) - d1f7a5bb-ef63-436e-b61b-faa886bf0f1d-SegmentedRaftLogWorker:Storage Directory /workdir/hadoop-ozone/integration-test/target/test-dir/MiniOzoneClusterImpl-afd2179f-99c6-4f80-80f5-ac745fcf97f2/datanode-5/data/ratis/65ae3655-9651-446c-a92c-c7ad426f0267 was interrupted, exiting. There are 0 tasks remaining in the queue.
2019-08-23 23:59:46,057 [ForkJoinPool.commonPool-worker-0] INFO  segmented.SegmentedRaftLogWorker (SegmentedRaftLogWorker.java:close(228)) - d1f7a5bb-ef63-436e-b61b-faa886bf0f1d-SegmentedRaftLogWorker:Storage Directory /workdir/hadoop-ozone/integration-test/target/test-dir/MiniOzoneClusterImpl-afd2179f-99c6-4f80-80f5-ac745fcf97f2/datanode-5/data/ratis/65ae3655-9651-446c-a92c-c7ad426f0267 close()
2019-08-23 23:59:46,059 [main] INFO  server.AbstractConnector (AbstractConnector.java:doStop(318)) - Stopped ServerConnector@4ff1b0d{HTTP/1.1,[http/1.1]}{0.0.0.0:0}
2019-08-23 23:59:46,059 [ForkJoinPool.commonPool-worker-0] INFO  server.GrpcService (GrpcService.java:closeImpl(155)) - d1f7a5bb-ef63-436e-b61b-faa886bf0f1d: shutdown server with port 41008 now
2019-08-23 23:59:46,059 [main] INFO  handler.ContextHandler (ContextHandler.java:doStop(910)) - Stopped o.e.j.s.ServletContextHandler@5e756b8d{/static,jar:file:/home/user/.m2/repository/org/apache/hadoop/hadoop-hdds-container-service/0.5.0-SNAPSHOT/hadoop-hdds-container-service-0.5.0-SNAPSHOT.jar!/webapps/static,UNAVAILABLE}
2019-08-23 23:59:46,060 [ForkJoinPool.commonPool-worker-0] INFO  server.GrpcService (GrpcService.java:closeImpl(163)) - d1f7a5bb-ef63-436e-b61b-faa886bf0f1d: shutdown server with port 41008 successfully
2019-08-23 23:59:46,060 [main] INFO  handler.ContextHandler (ContextHandler.java:doStop(910)) - Stopped o.e.j.s.ServletContextHandler@68ad030d{/logs,file:///workdir/hadoop-ozone/integration-test/target/log,UNAVAILABLE}
2019-08-23 23:59:46,061 [ForkJoinPool.commonPool-worker-0] INFO  utils.BackgroundService (BackgroundService.java:shutdown(148)) - Shutting down service BlockDeletingService
2019-08-23 23:59:46,063 [refreshUsed-/workdir/hadoop-ozone/integration-test/target/test-dir/MiniOzoneClusterImpl-afd2179f-99c6-4f80-80f5-ac745fcf97f2/datanode-5/data/containers] WARN  fs.CachingGetSpaceUsed (CachingGetSpaceUsed.java:run(183)) - Thread Interrupted waiting to refresh disk information: sleep interrupted
2019-08-23 23:59:46,083 [ForkJoinPool.commonPool-worker-0] INFO  statemachine.DatanodeStateMachine (DatanodeStateMachine.java:stopDaemon(395)) - Ozone container server stopped.
2019-08-23 23:59:46,086 [ForkJoinPool.commonPool-worker-0] INFO  handler.ContextHandler (ContextHandler.java:doStop(910)) - Stopped o.e.j.w.WebAppContext@7b3db079{/,null,UNAVAILABLE}{/hddsDatanode}
2019-08-23 23:59:46,087 [ForkJoinPool.commonPool-worker-0] INFO  server.AbstractConnector (AbstractConnector.java:doStop(318)) - Stopped ServerConnector@6ef5e46a{HTTP/1.1,[http/1.1]}{0.0.0.0:0}
2019-08-23 23:59:46,091 [ForkJoinPool.commonPool-worker-0] INFO  handler.ContextHandler (ContextHandler.java:doStop(910)) - Stopped o.e.j.s.ServletContextHandler@466d6ea5{/static,jar:file:/home/user/.m2/repository/org/apache/hadoop/hadoop-hdds-container-service/0.5.0-SNAPSHOT/hadoop-hdds-container-service-0.5.0-SNAPSHOT.jar!/webapps/static,UNAVAILABLE}
2019-08-23 23:59:46,091 [ForkJoinPool.commonPool-worker-0] INFO  handler.ContextHandler (ContextHandler.java:doStop(910)) - Stopped o.e.j.s.ServletContextHandler@b45e264{/logs,file:///workdir/hadoop-ozone/integration-test/target/log,UNAVAILABLE}
2019-08-23 23:59:46,092 [main] INFO  ozone.MiniOzoneClusterImpl (MiniOzoneClusterImpl.java:stop(353)) - Stopping the StorageContainerManager
2019-08-23 23:59:46,092 [main] INFO  server.StorageContainerManager (StorageContainerManager.java:stop(797)) - Stopping Replication Manager Service.
2019-08-23 23:59:46,092 [main] INFO  container.ReplicationManager (ReplicationManager.java:stop(193)) - Stopping Replication Monitor Thread.
2019-08-23 23:59:46,093 [main] INFO  server.StorageContainerManager (StorageContainerManager.java:stop(804)) - Stopping Lease Manager of the command watchers
2019-08-23 23:59:46,093 [main] INFO  server.StorageContainerManager (StorageContainerManager.java:stop(811)) - Stopping datanode service RPC server
2019-08-23 23:59:46,093 [main] INFO  server.SCMDatanodeProtocolServer (SCMDatanodeProtocolServer.java:stop(367)) - Stopping the RPC server for DataNodes
2019-08-23 23:59:46,093 [main] INFO  ipc.Server (Server.java:stop(3082)) - Stopping server on 35013
2019-08-23 23:59:46,096 [IPC Server listener on 35013] INFO  ipc.Server (Server.java:run(1185)) - Stopping IPC Server listener on 35013
2019-08-23 23:59:46,096 [IPC Server Responder] INFO  ipc.Server (Server.java:run(1319)) - Stopping IPC Server Responder
2019-08-23 23:59:46,107 [SCM Heartbeat Processing Thread - 0] WARN  node.NodeStateManager (NodeStateManager.java:scheduleNextHealthCheck(646)) - Current Thread is interrupted, shutting down HB processing thread for Node Manager.
2019-08-23 23:59:46,107 [main] INFO  server.StorageContainerManager (StorageContainerManager.java:stop(819)) - Stopping block service RPC server
2019-08-23 23:59:46,107 [main] INFO  server.SCMBlockProtocolServer (SCMBlockProtocolServer.java:stop(148)) - Stopping the RPC server for Block Protocol
2019-08-23 23:59:46,107 [main] INFO  ipc.Server (Server.java:stop(3082)) - Stopping server on 37109
2019-08-23 23:59:46,109 [IPC Server listener on 37109] INFO  ipc.Server (Server.java:run(1185)) - Stopping IPC Server listener on 37109
2019-08-23 23:59:46,109 [main] INFO  server.StorageContainerManager (StorageContainerManager.java:stop(826)) - Stopping the StorageContainerLocationProtocol RPC server
2019-08-23 23:59:46,109 [main] INFO  server.SCMClientProtocolServer (SCMClientProtocolServer.java:stop(159)) - Stopping the RPC server for Client Protocol
2019-08-23 23:59:46,110 [main] INFO  ipc.Server (Server.java:stop(3082)) - Stopping server on 45465
2019-08-23 23:59:46,110 [IPC Server Responder] INFO  ipc.Server (Server.java:run(1319)) - Stopping IPC Server Responder
2019-08-23 23:59:46,111 [IPC Server listener on 45465] INFO  ipc.Server (Server.java:run(1185)) - Stopping IPC Server listener on 45465
2019-08-23 23:59:46,111 [main] INFO  server.StorageContainerManager (StorageContainerManager.java:stop(833)) - Stopping Storage Container Manager HTTP server.
2019-08-23 23:59:46,112 [IPC Server Responder] INFO  ipc.Server (Server.java:run(1319)) - Stopping IPC Server Responder
2019-08-23 23:59:46,113 [main] INFO  handler.ContextHandler (ContextHandler.java:doStop(910)) - Stopped o.e.j.w.WebAppContext@709353b9{/,null,UNAVAILABLE}{/scm}
2019-08-23 23:59:46,113 [main] INFO  server.AbstractConnector (AbstractConnector.java:doStop(318)) - Stopped ServerConnector@69c53b72{HTTP/1.1,[http/1.1]}{0.0.0.0:0}
2019-08-23 23:59:46,113 [main] INFO  handler.ContextHandler (ContextHandler.java:doStop(910)) - Stopped o.e.j.s.ServletContextHandler@315bb2bb{/static,file:///workdir/hadoop-ozone/integration-test/target/test-classes/webapps/static,UNAVAILABLE}
2019-08-23 23:59:46,114 [main] INFO  handler.ContextHandler (ContextHandler.java:doStop(910)) - Stopped o.e.j.s.ServletContextHandler@2db0dd19{/logs,file:///workdir/hadoop-ozone/integration-test/target/log,UNAVAILABLE}
2019-08-23 23:59:46,114 [main] INFO  server.StorageContainerManager (StorageContainerManager.java:stop(844)) - Stopping Block Manager Service.
2019-08-23 23:59:46,114 [main] INFO  utils.BackgroundService (BackgroundService.java:shutdown(148)) - Shutting down service SCMBlockDeletingService
2019-08-23 23:59:46,115 [main] INFO  utils.BackgroundService (BackgroundService.java:shutdown(148)) - Shutting down service SCMBlockDeletingService
2019-08-23 23:59:46,115 [main] INFO  server.StorageContainerManager (StorageContainerManager.java:stop(866)) - Stopping SCM Event Queue.
2019-08-23 23:59:46,119 [main] INFO  impl.MetricsSystemImpl (MetricsSystemImpl.java:stop(210)) - Stopping HddsDatanode metrics system...
2019-08-23 23:59:46,130 [main] INFO  impl.MetricsSystemImpl (MetricsSystemImpl.java:stop(216)) - HddsDatanode metrics system stopped.
]]></system-out>
    <system-err><![CDATA[Aug 23, 2019 11:59:03 PM com.sun.jersey.server.impl.application.WebApplicationImpl _initiate
INFO: Initiating Jersey application, version 'Jersey: 1.19 02/11/2015 03:25 AM'
Aug 23, 2019 11:59:03 PM com.sun.jersey.server.impl.application.WebApplicationImpl _initiate
INFO: Initiating Jersey application, version 'Jersey: 1.19 02/11/2015 03:25 AM'
Aug 23, 2019 11:59:03 PM com.sun.jersey.server.impl.application.WebApplicationImpl _initiate
INFO: Initiating Jersey application, version 'Jersey: 1.19 02/11/2015 03:25 AM'
Aug 23, 2019 11:59:03 PM com.sun.jersey.server.impl.application.WebApplicationImpl _initiate
INFO: Initiating Jersey application, version 'Jersey: 1.19 02/11/2015 03:25 AM'
Aug 23, 2019 11:59:04 PM com.sun.jersey.server.impl.application.WebApplicationImpl _initiate
INFO: Initiating Jersey application, version 'Jersey: 1.19 02/11/2015 03:25 AM'
Aug 23, 2019 11:59:04 PM com.sun.jersey.server.impl.application.WebApplicationImpl _initiate
INFO: Initiating Jersey application, version 'Jersey: 1.19 02/11/2015 03:25 AM'
Aug 23, 2019 11:59:04 PM com.sun.jersey.server.impl.application.WebApplicationImpl _initiate
INFO: Initiating Jersey application, version 'Jersey: 1.19 02/11/2015 03:25 AM'
Aug 23, 2019 11:59:07 PM org.apache.ratis.thirdparty.io.grpc.internal.ManagedChannelOrphanWrapper$ManagedChannelReference cleanQueue
SEVERE: *~*~*~ Channel ManagedChannelImpl{logId=2640, target=192.168.34.57:46513} was not shutdown properly!!! ~*~*~*
    Make sure to call shutdown()/shutdownNow() and wait until awaitTermination() returns true.
java.lang.RuntimeException: ManagedChannel allocation site
	at org.apache.ratis.thirdparty.io.grpc.internal.ManagedChannelOrphanWrapper$ManagedChannelReference.<init>(ManagedChannelOrphanWrapper.java:103)
	at org.apache.ratis.thirdparty.io.grpc.internal.ManagedChannelOrphanWrapper.<init>(ManagedChannelOrphanWrapper.java:53)
	at org.apache.ratis.thirdparty.io.grpc.internal.ManagedChannelOrphanWrapper.<init>(ManagedChannelOrphanWrapper.java:44)
	at org.apache.ratis.thirdparty.io.grpc.internal.AbstractManagedChannelImplBuilder.build(AbstractManagedChannelImplBuilder.java:411)
	at org.apache.ratis.grpc.client.GrpcClientProtocolClient.<init>(GrpcClientProtocolClient.java:119)
	at org.apache.ratis.grpc.client.GrpcClientRpc.lambda$new$0(GrpcClientRpc.java:55)
	at org.apache.ratis.util.PeerProxyMap$PeerAndProxy.lambda$getProxy$0(PeerProxyMap.java:61)
	at org.apache.ratis.util.LifeCycle.startAndTransition(LifeCycle.java:202)
	at org.apache.ratis.util.PeerProxyMap$PeerAndProxy.getProxy(PeerProxyMap.java:60)
	at org.apache.ratis.util.PeerProxyMap.getProxy(PeerProxyMap.java:107)
	at org.apache.ratis.grpc.client.GrpcClientRpc.sendRequestAsync(GrpcClientRpc.java:66)
	at org.apache.ratis.client.impl.OrderedAsync.sendRequest(OrderedAsync.java:208)
	at org.apache.ratis.client.impl.OrderedAsync.sendRequestWithRetry(OrderedAsync.java:169)
	at org.apache.ratis.util.SlidingWindow$Client.sendOrDelayRequest(SlidingWindow.java:278)
	at org.apache.ratis.util.SlidingWindow$Client.retry(SlidingWindow.java:294)
	at org.apache.ratis.client.impl.OrderedAsync.lambda$scheduleWithTimeout$7(OrderedAsync.java:195)
	at org.apache.ratis.util.TimeoutScheduler.lambda$onTimeout$0(TimeoutScheduler.java:85)
	at org.apache.ratis.util.TimeoutScheduler.lambda$onTimeout$1(TimeoutScheduler.java:104)
	at org.apache.ratis.util.LogUtils.runAndLog(LogUtils.java:50)
	at org.apache.ratis.util.LogUtils$1.run(LogUtils.java:91)
	at java.util.concurrent.Executors$RunnableAdapter.call(Executors.java:511)
	at java.util.concurrent.FutureTask.run(FutureTask.java:266)
	at java.util.concurrent.ScheduledThreadPoolExecutor$ScheduledFutureTask.access$201(ScheduledThreadPoolExecutor.java:180)
	at java.util.concurrent.ScheduledThreadPoolExecutor$ScheduledFutureTask.run(ScheduledThreadPoolExecutor.java:293)
	at java.util.concurrent.ThreadPoolExecutor.runWorker(ThreadPoolExecutor.java:1149)
	at java.util.concurrent.ThreadPoolExecutor$Worker.run(ThreadPoolExecutor.java:624)
	at java.lang.Thread.run(Thread.java:748)

Aug 23, 2019 11:59:07 PM org.apache.ratis.thirdparty.io.grpc.internal.ManagedChannelOrphanWrapper$ManagedChannelReference cleanQueue
SEVERE: *~*~*~ Channel ManagedChannelImpl{logId=2645, target=192.168.34.57:39811} was not shutdown properly!!! ~*~*~*
    Make sure to call shutdown()/shutdownNow() and wait until awaitTermination() returns true.
java.lang.RuntimeException: ManagedChannel allocation site
	at org.apache.ratis.thirdparty.io.grpc.internal.ManagedChannelOrphanWrapper$ManagedChannelReference.<init>(ManagedChannelOrphanWrapper.java:103)
	at org.apache.ratis.thirdparty.io.grpc.internal.ManagedChannelOrphanWrapper.<init>(ManagedChannelOrphanWrapper.java:53)
	at org.apache.ratis.thirdparty.io.grpc.internal.ManagedChannelOrphanWrapper.<init>(ManagedChannelOrphanWrapper.java:44)
	at org.apache.ratis.thirdparty.io.grpc.internal.AbstractManagedChannelImplBuilder.build(AbstractManagedChannelImplBuilder.java:411)
	at org.apache.ratis.grpc.client.GrpcClientProtocolClient.<init>(GrpcClientProtocolClient.java:119)
	at org.apache.ratis.grpc.client.GrpcClientRpc.lambda$new$0(GrpcClientRpc.java:55)
	at org.apache.ratis.util.PeerProxyMap$PeerAndProxy.lambda$getProxy$0(PeerProxyMap.java:61)
	at org.apache.ratis.util.LifeCycle.startAndTransition(LifeCycle.java:202)
	at org.apache.ratis.util.PeerProxyMap$PeerAndProxy.getProxy(PeerProxyMap.java:60)
	at org.apache.ratis.util.PeerProxyMap.getProxy(PeerProxyMap.java:107)
	at org.apache.ratis.grpc.client.GrpcClientRpc.sendRequestAsync(GrpcClientRpc.java:66)
	at org.apache.ratis.client.impl.OrderedAsync.sendRequest(OrderedAsync.java:208)
	at org.apache.ratis.client.impl.OrderedAsync.sendRequestWithRetry(OrderedAsync.java:169)
	at org.apache.ratis.util.SlidingWindow$Client.sendOrDelayRequest(SlidingWindow.java:278)
	at org.apache.ratis.util.SlidingWindow$Client.submitNewRequest(SlidingWindow.java:257)
	at org.apache.ratis.client.impl.OrderedAsync.send(OrderedAsync.java:155)
	at org.apache.ratis.client.impl.RaftClientImpl.sendAsync(RaftClientImpl.java:145)
	at org.apache.ratis.client.impl.RaftClientImpl.sendAsync(RaftClientImpl.java:125)
	at org.apache.hadoop.hdds.scm.XceiverClientRatis.sendRequestAsync(XceiverClientRatis.java:224)
	at org.apache.hadoop.hdds.scm.XceiverClientRatis.sendCommandAsync(XceiverClientRatis.java:302)
	at org.apache.hadoop.hdds.scm.storage.ContainerProtocolCalls.writeChunkAsync(ContainerProtocolCalls.java:310)
	at org.apache.hadoop.hdds.scm.storage.BlockOutputStream.writeChunkToContainer(BlockOutputStream.java:601)
	at org.apache.hadoop.hdds.scm.storage.BlockOutputStream.writeChunk(BlockOutputStream.java:459)
	at org.apache.hadoop.hdds.scm.storage.BlockOutputStream.writeOnRetry(BlockOutputStream.java:285)
	at org.apache.hadoop.ozone.client.io.BlockOutputStreamEntry.writeOnRetry(BlockOutputStreamEntry.java:200)
	at org.apache.hadoop.ozone.client.io.KeyOutputStream.handleWrite(KeyOutputStream.java:209)
	at org.apache.hadoop.ozone.client.io.KeyOutputStream.handleRetry(KeyOutputStream.java:376)
	at org.apache.hadoop.ozone.client.io.KeyOutputStream.handleException(KeyOutputStream.java:325)
	at org.apache.hadoop.ozone.client.io.KeyOutputStream.handleFlushOrClose(KeyOutputStream.java:448)
	at org.apache.hadoop.ozone.client.io.KeyOutputStream.handleWrite(KeyOutputStream.java:235)
	at org.apache.hadoop.ozone.client.io.KeyOutputStream.write(KeyOutputStream.java:193)
	at org.apache.hadoop.ozone.client.io.OzoneOutputStream.write(OzoneOutputStream.java:49)
	at java.io.OutputStream.write(OutputStream.java:75)
	at org.apache.hadoop.ozone.client.rpc.TestBlockOutputStreamWithFailures.testWatchForCommitWithSingleNodeRatis(TestBlockOutputStreamWithFailures.java:885)
	at sun.reflect.NativeMethodAccessorImpl.invoke0(Native Method)
	at sun.reflect.NativeMethodAccessorImpl.invoke(NativeMethodAccessorImpl.java:62)
	at sun.reflect.DelegatingMethodAccessorImpl.invoke(DelegatingMethodAccessorImpl.java:43)
	at java.lang.reflect.Method.invoke(Method.java:498)
	at org.junit.runners.model.FrameworkMethod$1.runReflectiveCall(FrameworkMethod.java:47)
	at org.junit.internal.runners.model.ReflectiveCallable.run(ReflectiveCallable.java:12)
	at org.junit.runners.model.FrameworkMethod.invokeExplosively(FrameworkMethod.java:44)
	at org.junit.internal.runners.statements.InvokeMethod.evaluate(InvokeMethod.java:17)
	at org.junit.internal.runners.statements.RunBefores.evaluate(RunBefores.java:26)
	at org.junit.internal.runners.statements.RunAfters.evaluate(RunAfters.java:27)
	at org.junit.runners.ParentRunner.runLeaf(ParentRunner.java:271)
	at org.junit.runners.BlockJUnit4ClassRunner.runChild(BlockJUnit4ClassRunner.java:70)
	at org.junit.runners.BlockJUnit4ClassRunner.runChild(BlockJUnit4ClassRunner.java:50)
	at org.junit.runners.ParentRunner$3.run(ParentRunner.java:238)
	at org.junit.runners.ParentRunner$1.schedule(ParentRunner.java:63)
	at org.junit.runners.ParentRunner.runChildren(ParentRunner.java:236)
	at org.junit.runners.ParentRunner.access$000(ParentRunner.java:53)
	at org.junit.runners.ParentRunner$2.evaluate(ParentRunner.java:229)
	at org.junit.runners.ParentRunner.run(ParentRunner.java:309)
	at org.apache.maven.surefire.junit4.JUnit4Provider.execute(JUnit4Provider.java:365)
	at org.apache.maven.surefire.junit4.JUnit4Provider.executeWithRerun(JUnit4Provider.java:273)
	at org.apache.maven.surefire.junit4.JUnit4Provider.executeTestSet(JUnit4Provider.java:238)
	at org.apache.maven.surefire.junit4.JUnit4Provider.invoke(JUnit4Provider.java:159)
	at org.apache.maven.surefire.booter.ForkedBooter.invokeProviderInSameClassLoader(ForkedBooter.java:384)
	at org.apache.maven.surefire.booter.ForkedBooter.runSuitesInProcess(ForkedBooter.java:345)
	at org.apache.maven.surefire.booter.ForkedBooter.execute(ForkedBooter.java:126)
	at org.apache.maven.surefire.booter.ForkedBooter.main(ForkedBooter.java:418)

Aug 23, 2019 11:59:07 PM org.apache.ratis.thirdparty.io.grpc.internal.ManagedChannelOrphanWrapper$ManagedChannelReference cleanQueue
SEVERE: *~*~*~ Channel ManagedChannelImpl{logId=2650, target=192.168.34.57:34383} was not shutdown properly!!! ~*~*~*
    Make sure to call shutdown()/shutdownNow() and wait until awaitTermination() returns true.
java.lang.RuntimeException: ManagedChannel allocation site
	at org.apache.ratis.thirdparty.io.grpc.internal.ManagedChannelOrphanWrapper$ManagedChannelReference.<init>(ManagedChannelOrphanWrapper.java:103)
	at org.apache.ratis.thirdparty.io.grpc.internal.ManagedChannelOrphanWrapper.<init>(ManagedChannelOrphanWrapper.java:53)
	at org.apache.ratis.thirdparty.io.grpc.internal.ManagedChannelOrphanWrapper.<init>(ManagedChannelOrphanWrapper.java:44)
	at org.apache.ratis.thirdparty.io.grpc.internal.AbstractManagedChannelImplBuilder.build(AbstractManagedChannelImplBuilder.java:411)
	at org.apache.hadoop.hdds.scm.XceiverClientGrpc.connectToDatanode(XceiverClientGrpc.java:174)
	at org.apache.hadoop.hdds.scm.XceiverClientGrpc.reconnect(XceiverClientGrpc.java:422)
	at org.apache.hadoop.hdds.scm.XceiverClientGrpc.sendCommandAsync(XceiverClientGrpc.java:371)
	at org.apache.hadoop.hdds.scm.XceiverClientGrpc.sendCommandWithRetry(XceiverClientGrpc.java:284)
	at org.apache.hadoop.hdds.scm.XceiverClientGrpc.sendCommandWithTraceIDAndRetry(XceiverClientGrpc.java:250)
	at org.apache.hadoop.hdds.scm.XceiverClientGrpc.sendCommand(XceiverClientGrpc.java:233)
	at org.apache.hadoop.hdds.scm.storage.ContainerProtocolCalls.getBlock(ContainerProtocolCalls.java:118)
	at org.apache.hadoop.hdds.scm.storage.BlockInputStream.getChunkInfos(BlockInputStream.java:167)
	at org.apache.hadoop.hdds.scm.storage.BlockInputStream.initialize(BlockInputStream.java:118)
	at org.apache.hadoop.hdds.scm.storage.BlockInputStream.read(BlockInputStream.java:222)
	at org.apache.hadoop.ozone.client.io.KeyInputStream.read(KeyInputStream.java:171)
	at org.apache.hadoop.ozone.client.io.OzoneInputStream.read(OzoneInputStream.java:47)
	at java.io.InputStream.read(InputStream.java:101)
	at org.apache.hadoop.ozone.container.ContainerTestHelper.validateData(ContainerTestHelper.java:713)
	at org.apache.hadoop.ozone.client.rpc.TestBlockOutputStreamWithFailures.validateData(TestBlockOutputStreamWithFailures.java:1216)
	at org.apache.hadoop.ozone.client.rpc.TestBlockOutputStreamWithFailures.testWatchForCommitWithSingleNodeRatis(TestBlockOutputStreamWithFailures.java:918)
	at sun.reflect.NativeMethodAccessorImpl.invoke0(Native Method)
	at sun.reflect.NativeMethodAccessorImpl.invoke(NativeMethodAccessorImpl.java:62)
	at sun.reflect.DelegatingMethodAccessorImpl.invoke(DelegatingMethodAccessorImpl.java:43)
	at java.lang.reflect.Method.invoke(Method.java:498)
	at org.junit.runners.model.FrameworkMethod$1.runReflectiveCall(FrameworkMethod.java:47)
	at org.junit.internal.runners.model.ReflectiveCallable.run(ReflectiveCallable.java:12)
	at org.junit.runners.model.FrameworkMethod.invokeExplosively(FrameworkMethod.java:44)
	at org.junit.internal.runners.statements.InvokeMethod.evaluate(InvokeMethod.java:17)
	at org.junit.internal.runners.statements.RunBefores.evaluate(RunBefores.java:26)
	at org.junit.internal.runners.statements.RunAfters.evaluate(RunAfters.java:27)
	at org.junit.runners.ParentRunner.runLeaf(ParentRunner.java:271)
	at org.junit.runners.BlockJUnit4ClassRunner.runChild(BlockJUnit4ClassRunner.java:70)
	at org.junit.runners.BlockJUnit4ClassRunner.runChild(BlockJUnit4ClassRunner.java:50)
	at org.junit.runners.ParentRunner$3.run(ParentRunner.java:238)
	at org.junit.runners.ParentRunner$1.schedule(ParentRunner.java:63)
	at org.junit.runners.ParentRunner.runChildren(ParentRunner.java:236)
	at org.junit.runners.ParentRunner.access$000(ParentRunner.java:53)
	at org.junit.runners.ParentRunner$2.evaluate(ParentRunner.java:229)
	at org.junit.runners.ParentRunner.run(ParentRunner.java:309)
	at org.apache.maven.surefire.junit4.JUnit4Provider.execute(JUnit4Provider.java:365)
	at org.apache.maven.surefire.junit4.JUnit4Provider.executeWithRerun(JUnit4Provider.java:273)
	at org.apache.maven.surefire.junit4.JUnit4Provider.executeTestSet(JUnit4Provider.java:238)
	at org.apache.maven.surefire.junit4.JUnit4Provider.invoke(JUnit4Provider.java:159)
	at org.apache.maven.surefire.booter.ForkedBooter.invokeProviderInSameClassLoader(ForkedBooter.java:384)
	at org.apache.maven.surefire.booter.ForkedBooter.runSuitesInProcess(ForkedBooter.java:345)
	at org.apache.maven.surefire.booter.ForkedBooter.execute(ForkedBooter.java:126)
	at org.apache.maven.surefire.booter.ForkedBooter.main(ForkedBooter.java:418)

Aug 23, 2019 11:59:07 PM org.apache.ratis.thirdparty.io.grpc.internal.ManagedChannelOrphanWrapper$ManagedChannelReference cleanQueue
SEVERE: *~*~*~ Channel ManagedChannelImpl{logId=2655, target=192.168.34.57:45922} was not shutdown properly!!! ~*~*~*
    Make sure to call shutdown()/shutdownNow() and wait until awaitTermination() returns true.
java.lang.RuntimeException: ManagedChannel allocation site
	at org.apache.ratis.thirdparty.io.grpc.internal.ManagedChannelOrphanWrapper$ManagedChannelReference.<init>(ManagedChannelOrphanWrapper.java:103)
	at org.apache.ratis.thirdparty.io.grpc.internal.ManagedChannelOrphanWrapper.<init>(ManagedChannelOrphanWrapper.java:53)
	at org.apache.ratis.thirdparty.io.grpc.internal.ManagedChannelOrphanWrapper.<init>(ManagedChannelOrphanWrapper.java:44)
	at org.apache.ratis.thirdparty.io.grpc.internal.AbstractManagedChannelImplBuilder.build(AbstractManagedChannelImplBuilder.java:411)
	at org.apache.hadoop.hdds.scm.XceiverClientGrpc.connectToDatanode(XceiverClientGrpc.java:174)
	at org.apache.hadoop.hdds.scm.XceiverClientGrpc.reconnect(XceiverClientGrpc.java:422)
	at org.apache.hadoop.hdds.scm.XceiverClientGrpc.sendCommandAsync(XceiverClientGrpc.java:371)
	at org.apache.hadoop.hdds.scm.XceiverClientGrpc.sendCommandWithRetry(XceiverClientGrpc.java:284)
	at org.apache.hadoop.hdds.scm.XceiverClientGrpc.sendCommandWithTraceIDAndRetry(XceiverClientGrpc.java:250)
	at org.apache.hadoop.hdds.scm.XceiverClientGrpc.sendCommand(XceiverClientGrpc.java:233)
	at org.apache.hadoop.hdds.scm.storage.ContainerProtocolCalls.getBlock(ContainerProtocolCalls.java:118)
	at org.apache.hadoop.hdds.scm.storage.BlockInputStream.getChunkInfos(BlockInputStream.java:167)
	at org.apache.hadoop.hdds.scm.storage.BlockInputStream.initialize(BlockInputStream.java:118)
	at org.apache.hadoop.hdds.scm.storage.BlockInputStream.read(BlockInputStream.java:222)
	at org.apache.hadoop.ozone.client.io.KeyInputStream.read(KeyInputStream.java:171)
	at org.apache.hadoop.ozone.client.io.OzoneInputStream.read(OzoneInputStream.java:47)
	at java.io.InputStream.read(InputStream.java:101)
	at org.apache.hadoop.ozone.container.ContainerTestHelper.validateData(ContainerTestHelper.java:713)
	at org.apache.hadoop.ozone.client.rpc.TestBlockOutputStreamWithFailures.validateData(TestBlockOutputStreamWithFailures.java:1216)
	at org.apache.hadoop.ozone.client.rpc.TestBlockOutputStreamWithFailures.testWatchForCommitWithSingleNodeRatis(TestBlockOutputStreamWithFailures.java:918)
	at sun.reflect.NativeMethodAccessorImpl.invoke0(Native Method)
	at sun.reflect.NativeMethodAccessorImpl.invoke(NativeMethodAccessorImpl.java:62)
	at sun.reflect.DelegatingMethodAccessorImpl.invoke(DelegatingMethodAccessorImpl.java:43)
	at java.lang.reflect.Method.invoke(Method.java:498)
	at org.junit.runners.model.FrameworkMethod$1.runReflectiveCall(FrameworkMethod.java:47)
	at org.junit.internal.runners.model.ReflectiveCallable.run(ReflectiveCallable.java:12)
	at org.junit.runners.model.FrameworkMethod.invokeExplosively(FrameworkMethod.java:44)
	at org.junit.internal.runners.statements.InvokeMethod.evaluate(InvokeMethod.java:17)
	at org.junit.internal.runners.statements.RunBefores.evaluate(RunBefores.java:26)
	at org.junit.internal.runners.statements.RunAfters.evaluate(RunAfters.java:27)
	at org.junit.runners.ParentRunner.runLeaf(ParentRunner.java:271)
	at org.junit.runners.BlockJUnit4ClassRunner.runChild(BlockJUnit4ClassRunner.java:70)
	at org.junit.runners.BlockJUnit4ClassRunner.runChild(BlockJUnit4ClassRunner.java:50)
	at org.junit.runners.ParentRunner$3.run(ParentRunner.java:238)
	at org.junit.runners.ParentRunner$1.schedule(ParentRunner.java:63)
	at org.junit.runners.ParentRunner.runChildren(ParentRunner.java:236)
	at org.junit.runners.ParentRunner.access$000(ParentRunner.java:53)
	at org.junit.runners.ParentRunner$2.evaluate(ParentRunner.java:229)
	at org.junit.runners.ParentRunner.run(ParentRunner.java:309)
	at org.apache.maven.surefire.junit4.JUnit4Provider.execute(JUnit4Provider.java:365)
	at org.apache.maven.surefire.junit4.JUnit4Provider.executeWithRerun(JUnit4Provider.java:273)
	at org.apache.maven.surefire.junit4.JUnit4Provider.executeTestSet(JUnit4Provider.java:238)
	at org.apache.maven.surefire.junit4.JUnit4Provider.invoke(JUnit4Provider.java:159)
	at org.apache.maven.surefire.booter.ForkedBooter.invokeProviderInSameClassLoader(ForkedBooter.java:384)
	at org.apache.maven.surefire.booter.ForkedBooter.runSuitesInProcess(ForkedBooter.java:345)
	at org.apache.maven.surefire.booter.ForkedBooter.execute(ForkedBooter.java:126)
	at org.apache.maven.surefire.booter.ForkedBooter.main(ForkedBooter.java:418)

]]></system-err>
  </testcase>
  <testcase name="testFailureWithPrimeSizedData" classname="org.apache.hadoop.ozone.client.rpc.TestBlockOutputStreamWithFailures" time="34.307"/>
  <testcase name="testWatchForCommitWithCloseContainerException" classname="org.apache.hadoop.ozone.client.rpc.TestBlockOutputStreamWithFailures" time="40.319"/>
  <testcase name="testExceptionDuringClose" classname="org.apache.hadoop.ozone.client.rpc.TestBlockOutputStreamWithFailures" time="34.666"/>
</testsuite>