<?xml version="1.0" encoding="UTF-8"?>
<testsuite xmlns:xsi="http://www.w3.org/2001/XMLSchema-instance" xsi:noNamespaceSchemaLocation="https://maven.apache.org/surefire/maven-surefire-plugin/xsd/surefire-test-report.xsd" name="org.apache.hadoop.ozone.om.TestScmSafeMode" time="144.243" tests="5" errors="1" skipped="0" failures="0">
  <properties>
    <property name="awt.toolkit" value="sun.awt.X11.XToolkit"/>
    <property name="file.encoding.pkg" value="sun.io"/>
    <property name="java.specification.version" value="1.8"/>
    <property name="sun.cpu.isalist" value=""/>
    <property name="sun.jnu.encoding" value="UTF-8"/>
    <property name="java.class.path" value="/workdir/hadoop-ozone/integration-test/target/test-classes:/workdir/hadoop-ozone/integration-test/target/classes:/home/user/.m2/repository/org/apache/hadoop/hadoop-ozone-common/0.5.0-SNAPSHOT/hadoop-ozone-common-0.5.0-SNAPSHOT.jar:/home/user/.m2/repository/org/apache/commons/commons-compress/1.4.1/commons-compress-1.4.1.jar:/home/user/.m2/repository/org/tukaani/xz/1.0/xz-1.0.jar:/home/user/.m2/repository/org/apache/hadoop/hadoop-common/3.2.0/hadoop-common-3.2.0.jar:/home/user/.m2/repository/org/apache/hadoop/hadoop-hdfs/3.2.0/hadoop-hdfs-3.2.0.jar:/home/user/.m2/repository/org/apache/hadoop/hadoop-hdfs-client/3.2.0/hadoop-hdfs-client-3.2.0.jar:/home/user/.m2/repository/com/fasterxml/jackson/core/jackson-annotations/2.9.5/jackson-annotations-2.9.5.jar:/home/user/.m2/repository/org/apache/hadoop/hadoop-hdds-common/0.5.0-SNAPSHOT/hadoop-hdds-common-0.5.0-SNAPSHOT.jar:/home/user/.m2/repository/javax/annotation/javax.annotation-api/1.2/javax.annotation-api-1.2.jar:/home/user/.m2/repository/org/apache/ratis/ratis-server/0.4.0-2337318-SNAPSHOT/ratis-server-0.4.0-2337318-SNAPSHOT.jar:/home/user/.m2/repository/org/apache/ratis/ratis-thirdparty-misc/0.2.0/ratis-thirdparty-misc-0.2.0.jar:/home/user/.m2/repository/org/apache/ratis/ratis-proto/0.4.0-2337318-SNAPSHOT/ratis-proto-0.4.0-2337318-SNAPSHOT.jar:/home/user/.m2/repository/org/apache/ratis/ratis-common/0.4.0-2337318-SNAPSHOT/ratis-common-0.4.0-2337318-SNAPSHOT.jar:/home/user/.m2/repository/org/apache/ratis/ratis-client/0.4.0-2337318-SNAPSHOT/ratis-client-0.4.0-2337318-SNAPSHOT.jar:/home/user/.m2/repository/org/apache/ratis/ratis-metrics/0.4.0-2337318-SNAPSHOT/ratis-metrics-0.4.0-2337318-SNAPSHOT.jar:/home/user/.m2/repository/org/apache/ratis/ratis-netty/0.4.0-2337318-SNAPSHOT/ratis-netty-0.4.0-2337318-SNAPSHOT.jar:/home/user/.m2/repository/org/apache/ratis/ratis-grpc/0.4.0-2337318-SNAPSHOT/ratis-grpc-0.4.0-2337318-SNAPSHOT.jar:/home/user/.m2/repository/org/rocksdb/rocksdbjni/6.0.1/rocksdbjni-6.0.1.jar:/home/user/.m2/repository/org/apache/logging/log4j/log4j-api/2.11.0/log4j-api-2.11.0.jar:/home/user/.m2/repository/org/apache/logging/log4j/log4j-core/2.11.0/log4j-core-2.11.0.jar:/home/user/.m2/repository/com/lmax/disruptor/3.4.2/disruptor-3.4.2.jar:/home/user/.m2/repository/org/apache/commons/commons-pool2/2.6.0/commons-pool2-2.6.0.jar:/home/user/.m2/repository/org/bouncycastle/bcpkix-jdk15on/1.60/bcpkix-jdk15on-1.60.jar:/home/user/.m2/repository/commons-validator/commons-validator/1.6/commons-validator-1.6.jar:/home/user/.m2/repository/commons-digester/commons-digester/1.8.1/commons-digester-1.8.1.jar:/home/user/.m2/repository/io/jaegertracing/jaeger-client/0.33.1/jaeger-client-0.33.1.jar:/home/user/.m2/repository/io/jaegertracing/jaeger-thrift/0.33.1/jaeger-thrift-0.33.1.jar:/home/user/.m2/repository/org/apache/thrift/libthrift/0.11.0/libthrift-0.11.0.jar:/home/user/.m2/repository/com/squareup/okhttp3/okhttp/3.9.0/okhttp-3.9.0.jar:/home/user/.m2/repository/com/squareup/okio/okio/1.13.0/okio-1.13.0.jar:/home/user/.m2/repository/io/jaegertracing/jaeger-core/0.33.1/jaeger-core-0.33.1.jar:/home/user/.m2/repository/io/jaegertracing/jaeger-tracerresolver/0.33.1/jaeger-tracerresolver-0.33.1.jar:/home/user/.m2/repository/io/opentracing/contrib/opentracing-tracerresolver/0.1.5/opentracing-tracerresolver-0.1.5.jar:/home/user/.m2/repository/io/opentracing/opentracing-util/0.31.0/opentracing-util-0.31.0.jar:/home/user/.m2/repository/io/opentracing/opentracing-api/0.31.0/opentracing-api-0.31.0.jar:/home/user/.m2/repository/io/opentracing/opentracing-noop/0.31.0/opentracing-noop-0.31.0.jar:/home/user/.m2/repository/org/apache/hadoop/hadoop-hdds-server-framework/0.5.0-SNAPSHOT/hadoop-hdds-server-framework-0.5.0-SNAPSHOT.jar:/home/user/.m2/repository/org/apache/hadoop/hadoop-hdds-container-service/0.5.0-SNAPSHOT/hadoop-hdds-container-service-0.5.0-SNAPSHOT.jar:/home/user/.m2/repository/org/apache/hadoop/hadoop-hdds-client/0.5.0-SNAPSHOT/hadoop-hdds-client-0.5.0-SNAPSHOT.jar:/home/user/.m2/repository/org/apache/hadoop/hadoop-hdds-tools/0.5.0-SNAPSHOT/hadoop-hdds-tools-0.5.0-SNAPSHOT.jar:/home/user/.m2/repository/org/apache/hadoop/hadoop-hdds-server-scm/0.5.0-SNAPSHOT/hadoop-hdds-server-scm-0.5.0-SNAPSHOT.jar:/home/user/.m2/repository/org/apache/hadoop/hadoop-hdds-docs/0.5.0-SNAPSHOT/hadoop-hdds-docs-0.5.0-SNAPSHOT.jar:/home/user/.m2/repository/io/dropwizard/metrics/metrics-core/3.2.4/metrics-core-3.2.4.jar:/home/user/.m2/repository/org/hamcrest/hamcrest-all/1.3/hamcrest-all-1.3.jar:/home/user/.m2/repository/org/bouncycastle/bcprov-jdk15on/1.60/bcprov-jdk15on-1.60.jar:/home/user/.m2/repository/info/picocli/picocli/3.9.6/picocli-3.9.6.jar:/home/user/.m2/repository/com/google/protobuf/protobuf-java/2.5.0/protobuf-java-2.5.0.jar:/home/user/.m2/repository/com/google/guava/guava/11.0.2/guava-11.0.2.jar:/home/user/.m2/repository/org/apache/hadoop/hadoop-ozone-ozone-manager/0.5.0-SNAPSHOT/hadoop-ozone-ozone-manager-0.5.0-SNAPSHOT.jar:/home/user/.m2/repository/org/apache/hadoop/hadoop-minikdc/3.2.0/hadoop-minikdc-3.2.0.jar:/home/user/.m2/repository/commons-io/commons-io/2.5/commons-io-2.5.jar:/home/user/.m2/repository/org/apache/kerby/kerb-simplekdc/1.0.1/kerb-simplekdc-1.0.1.jar:/home/user/.m2/repository/org/apache/kerby/kerb-client/1.0.1/kerb-client-1.0.1.jar:/home/user/.m2/repository/org/apache/kerby/kerby-config/1.0.1/kerby-config-1.0.1.jar:/home/user/.m2/repository/org/apache/kerby/kerb-core/1.0.1/kerb-core-1.0.1.jar:/home/user/.m2/repository/org/apache/kerby/kerby-pkix/1.0.1/kerby-pkix-1.0.1.jar:/home/user/.m2/repository/org/apache/kerby/kerby-asn1/1.0.1/kerby-asn1-1.0.1.jar:/home/user/.m2/repository/org/apache/kerby/kerby-util/1.0.1/kerby-util-1.0.1.jar:/home/user/.m2/repository/org/apache/kerby/kerb-common/1.0.1/kerb-common-1.0.1.jar:/home/user/.m2/repository/org/apache/kerby/kerb-crypto/1.0.1/kerb-crypto-1.0.1.jar:/home/user/.m2/repository/org/apache/kerby/kerb-util/1.0.1/kerb-util-1.0.1.jar:/home/user/.m2/repository/org/apache/kerby/token-provider/1.0.1/token-provider-1.0.1.jar:/home/user/.m2/repository/org/apache/kerby/kerb-admin/1.0.1/kerb-admin-1.0.1.jar:/home/user/.m2/repository/org/apache/kerby/kerb-server/1.0.1/kerb-server-1.0.1.jar:/home/user/.m2/repository/org/apache/kerby/kerb-identity/1.0.1/kerb-identity-1.0.1.jar:/home/user/.m2/repository/org/apache/kerby/kerby-xdr/1.0.1/kerby-xdr-1.0.1.jar:/home/user/.m2/repository/org/slf4j/slf4j-log4j12/1.7.25/slf4j-log4j12-1.7.25.jar:/home/user/.m2/repository/org/apache/hadoop/hadoop-ozone-objectstore-service/0.5.0-SNAPSHOT/hadoop-ozone-objectstore-service-0.5.0-SNAPSHOT.jar:/home/user/.m2/repository/org/apache/hadoop/hadoop-ozone-s3gateway/0.5.0-SNAPSHOT/hadoop-ozone-s3gateway-0.5.0-SNAPSHOT.jar:/home/user/.m2/repository/org/jboss/weld/servlet/weld-servlet/2.4.7.Final/weld-servlet-2.4.7.Final.jar:/home/user/.m2/repository/org/glassfish/jersey/containers/jersey-container-servlet-core/2.27/jersey-container-servlet-core-2.27.jar:/home/user/.m2/repository/org/glassfish/hk2/external/javax.inject/2.5.0-b42/javax.inject-2.5.0-b42.jar:/home/user/.m2/repository/org/glassfish/jersey/core/jersey-common/2.27/jersey-common-2.27.jar:/home/user/.m2/repository/org/glassfish/hk2/osgi-resource-locator/1.0.1/osgi-resource-locator-1.0.1.jar:/home/user/.m2/repository/javax/ws/rs/javax.ws.rs-api/2.1/javax.ws.rs-api-2.1.jar:/home/user/.m2/repository/org/glassfish/jersey/ext/cdi/jersey-cdi1x/2.27/jersey-cdi1x-2.27.jar:/home/user/.m2/repository/org/glassfish/jersey/inject/jersey-hk2/2.27/jersey-hk2-2.27.jar:/home/user/.m2/repository/org/glassfish/hk2/hk2-locator/2.5.0-b42/hk2-locator-2.5.0-b42.jar:/home/user/.m2/repository/org/javassist/javassist/3.22.0-CR2/javassist-3.22.0-CR2.jar:/home/user/.m2/repository/org/glassfish/hk2/hk2-api/2.5.0/hk2-api-2.5.0.jar:/home/user/.m2/repository/org/glassfish/hk2/external/jakarta.inject/2.5.0/jakarta.inject-2.5.0.jar:/home/user/.m2/repository/org/glassfish/hk2/hk2-utils/2.5.0/hk2-utils-2.5.0.jar:/home/user/.m2/repository/jakarta/annotation/jakarta.annotation-api/1.3.4/jakarta.annotation-api-1.3.4.jar:/home/user/.m2/repository/org/glassfish/hk2/external/aopalliance-repackaged/2.5.0/aopalliance-repackaged-2.5.0.jar:/home/user/.m2/repository/com/fasterxml/jackson/dataformat/jackson-dataformat-xml/2.9.0/jackson-dataformat-xml-2.9.0.jar:/home/user/.m2/repository/com/fasterxml/jackson/core/jackson-core/2.9.5/jackson-core-2.9.5.jar:/home/user/.m2/repository/com/fasterxml/jackson/module/jackson-module-jaxb-annotations/2.9.5/jackson-module-jaxb-annotations-2.9.5.jar:/home/user/.m2/repository/javax/enterprise/cdi-api/1.2/cdi-api-1.2.jar:/home/user/.m2/repository/javax/el/javax.el-api/3.0.0/javax.el-api-3.0.0.jar:/home/user/.m2/repository/javax/interceptor/javax.interceptor-api/1.2/javax.interceptor-api-1.2.jar:/home/user/.m2/repository/javax/inject/javax.inject/1/javax.inject-1.jar:/home/user/.m2/repository/com/sun/xml/bind/jaxb-impl/2.3.0.1/jaxb-impl-2.3.0.1.jar:/home/user/.m2/repository/com/sun/xml/bind/jaxb-core/2.3.0.1/jaxb-core-2.3.0.1.jar:/home/user/.m2/repository/javax/xml/bind/jaxb-api/2.3.0/jaxb-api-2.3.0.jar:/home/user/.m2/repository/javax/activation/activation/1.1.1/activation-1.1.1.jar:/home/user/.m2/repository/org/apache/hadoop/hadoop-ozone-csi/0.5.0-SNAPSHOT/hadoop-ozone-csi-0.5.0-SNAPSHOT.jar:/home/user/.m2/repository/com/google/protobuf/protobuf-java-util/3.5.1/protobuf-java-util-3.5.1.jar:/home/user/.m2/repository/org/apache/hadoop/hadoop-hdds-config/0.5.0-SNAPSHOT/hadoop-hdds-config-0.5.0-SNAPSHOT.jar:/home/user/.m2/repository/io/grpc/grpc-netty/1.17.1/grpc-netty-1.17.1.jar:/home/user/.m2/repository/io/grpc/grpc-core/1.17.1/grpc-core-1.17.1.jar:/home/user/.m2/repository/io/grpc/grpc-context/1.17.1/grpc-context-1.17.1.jar:/home/user/.m2/repository/com/google/errorprone/error_prone_annotations/2.2.0/error_prone_annotations-2.2.0.jar:/home/user/.m2/repository/org/codehaus/mojo/animal-sniffer-annotations/1.17/animal-sniffer-annotations-1.17.jar:/home/user/.m2/repository/io/opencensus/opencensus-api/0.17.0/opencensus-api-0.17.0.jar:/home/user/.m2/repository/io/opencensus/opencensus-contrib-grpc-metrics/0.17.0/opencensus-contrib-grpc-metrics-0.17.0.jar:/home/user/.m2/repository/io/netty/netty-codec-http2/4.1.30.Final/netty-codec-http2-4.1.30.Final.jar:/home/user/.m2/repository/io/netty/netty-codec-http/4.1.30.Final/netty-codec-http-4.1.30.Final.jar:/home/user/.m2/repository/io/netty/netty-codec/4.1.30.Final/netty-codec-4.1.30.Final.jar:/home/user/.m2/repository/io/netty/netty-handler/4.1.30.Final/netty-handler-4.1.30.Final.jar:/home/user/.m2/repository/io/netty/netty-handler-proxy/4.1.30.Final/netty-handler-proxy-4.1.30.Final.jar:/home/user/.m2/repository/io/netty/netty-codec-socks/4.1.30.Final/netty-codec-socks-4.1.30.Final.jar:/home/user/.m2/repository/io/netty/netty-transport-native-epoll/4.1.30.Final/netty-transport-native-epoll-4.1.30.Final.jar:/home/user/.m2/repository/io/netty/netty-common/4.1.30.Final/netty-common-4.1.30.Final.jar:/home/user/.m2/repository/io/netty/netty-buffer/4.1.30.Final/netty-buffer-4.1.30.Final.jar:/home/user/.m2/repository/io/netty/netty-transport/4.1.30.Final/netty-transport-4.1.30.Final.jar:/home/user/.m2/repository/io/netty/netty-resolver/4.1.30.Final/netty-resolver-4.1.30.Final.jar:/home/user/.m2/repository/io/netty/netty-transport-native-unix-common/4.1.30.Final/netty-transport-native-unix-common-4.1.30.Final.jar:/home/user/.m2/repository/io/grpc/grpc-protobuf/1.17.1/grpc-protobuf-1.17.1.jar:/home/user/.m2/repository/com/google/api/grpc/proto-google-common-protos/1.0.0/proto-google-common-protos-1.0.0.jar:/home/user/.m2/repository/io/grpc/grpc-protobuf-lite/1.17.1/grpc-protobuf-lite-1.17.1.jar:/home/user/.m2/repository/io/grpc/grpc-stub/1.17.1/grpc-stub-1.17.1.jar:/home/user/.m2/repository/org/apache/hadoop/hadoop-ozone-recon/0.5.0-SNAPSHOT/hadoop-ozone-recon-0.5.0-SNAPSHOT.jar:/home/user/.m2/repository/org/apache/hadoop/hadoop-ozone-reconcodegen/0.5.0-SNAPSHOT/hadoop-ozone-reconcodegen-0.5.0-SNAPSHOT.jar:/home/user/.m2/repository/com/google/inject/extensions/guice-multibindings/4.0/guice-multibindings-4.0.jar:/home/user/.m2/repository/com/google/inject/guice/4.0/guice-4.0.jar:/home/user/.m2/repository/aopalliance/aopalliance/1.0/aopalliance-1.0.jar:/home/user/.m2/repository/com/google/inject/extensions/guice-servlet/4.0/guice-servlet-4.0.jar:/home/user/.m2/repository/org/glassfish/jersey/containers/jersey-container-servlet/2.27/jersey-container-servlet-2.27.jar:/home/user/.m2/repository/org/glassfish/hk2/guice-bridge/2.5.0/guice-bridge-2.5.0.jar:/home/user/.m2/repository/org/glassfish/jersey/core/jersey-server/2.27/jersey-server-2.27.jar:/home/user/.m2/repository/org/glassfish/jersey/core/jersey-client/2.27/jersey-client-2.27.jar:/home/user/.m2/repository/org/glassfish/jersey/media/jersey-media-jaxb/2.27/jersey-media-jaxb-2.27.jar:/home/user/.m2/repository/javax/validation/validation-api/1.1.0.Final/validation-api-1.1.0.Final.jar:/home/user/.m2/repository/org/glassfish/jersey/media/jersey-media-json-jackson/2.27/jersey-media-json-jackson-2.27.jar:/home/user/.m2/repository/org/glassfish/jersey/ext/jersey-entity-filtering/2.27/jersey-entity-filtering-2.27.jar:/home/user/.m2/repository/com/google/inject/extensions/guice-assistedinject/4.0/guice-assistedinject-4.0.jar:/home/user/.m2/repository/org/jooq/jooq/3.11.10/jooq-3.11.10.jar:/home/user/.m2/repository/org/jooq/jooq-meta/3.11.10/jooq-meta-3.11.10.jar:/home/user/.m2/repository/org/jooq/jooq-codegen/3.11.10/jooq-codegen-3.11.10.jar:/home/user/.m2/repository/com/jolbox/bonecp/0.8.0.RELEASE/bonecp-0.8.0.RELEASE.jar:/home/user/.m2/repository/org/xerial/sqlite-jdbc/3.25.2/sqlite-jdbc-3.25.2.jar:/home/user/.m2/repository/org/springframework/spring-jdbc/5.1.3.RELEASE/spring-jdbc-5.1.3.RELEASE.jar:/home/user/.m2/repository/org/springframework/spring-beans/5.1.3.RELEASE/spring-beans-5.1.3.RELEASE.jar:/home/user/.m2/repository/org/springframework/spring-core/5.1.3.RELEASE/spring-core-5.1.3.RELEASE.jar:/home/user/.m2/repository/org/springframework/spring-jcl/5.1.3.RELEASE/spring-jcl-5.1.3.RELEASE.jar:/home/user/.m2/repository/org/springframework/spring-tx/5.1.3.RELEASE/spring-tx-5.1.3.RELEASE.jar:/home/user/.m2/repository/org/apache/hadoop/hadoop-ozone-client/0.5.0-SNAPSHOT/hadoop-ozone-client-0.5.0-SNAPSHOT.jar:/home/user/.m2/repository/commons-lang/commons-lang/2.6/commons-lang-2.6.jar:/home/user/.m2/repository/org/apache/hadoop/hadoop-ozone-ozone-manager/0.5.0-SNAPSHOT/hadoop-ozone-ozone-manager-0.5.0-SNAPSHOT-tests.jar:/home/user/.m2/repository/junit/junit/4.11/junit-4.11.jar:/home/user/.m2/repository/org/hamcrest/hamcrest-core/1.3/hamcrest-core-1.3.jar:/home/user/.m2/repository/org/openjdk/jmh/jmh-core/1.19/jmh-core-1.19.jar:/home/user/.m2/repository/net/sf/jopt-simple/jopt-simple/4.6/jopt-simple-4.6.jar:/home/user/.m2/repository/org/apache/commons/commons-math3/3.1.1/commons-math3-3.1.1.jar:/home/user/.m2/repository/org/openjdk/jmh/jmh-generator-annprocess/1.19/jmh-generator-annprocess-1.19.jar:/home/user/.m2/repository/org/mockito/mockito-all/1.8.5/mockito-all-1.8.5.jar:/home/user/.m2/repository/org/apache/hadoop/hadoop-kms/3.2.0/hadoop-kms-3.2.0.jar:/home/user/.m2/repository/org/apache/hadoop/hadoop-auth/3.2.0/hadoop-auth-3.2.0.jar:/home/user/.m2/repository/com/nimbusds/nimbus-jose-jwt/4.41.1/nimbus-jose-jwt-4.41.1.jar:/home/user/.m2/repository/com/github/stephenc/jcip/jcip-annotations/1.0-1/jcip-annotations-1.0-1.jar:/home/user/.m2/repository/net/minidev/json-smart/2.3/json-smart-2.3.jar:/home/user/.m2/repository/net/minidev/accessors-smart/1.2/accessors-smart-1.2.jar:/home/user/.m2/repository/org/ow2/asm/asm/5.0.4/asm-5.0.4.jar:/home/user/.m2/repository/org/apache/curator/curator-framework/2.12.0/curator-framework-2.12.0.jar:/home/user/.m2/repository/com/sun/jersey/jersey-core/1.19/jersey-core-1.19.jar:/home/user/.m2/repository/javax/ws/rs/jsr311-api/1.1.1/jsr311-api-1.1.1.jar:/home/user/.m2/repository/com/sun/jersey/jersey-server/1.19/jersey-server-1.19.jar:/home/user/.m2/repository/javax/servlet/javax.servlet-api/3.1.0/javax.servlet-api-3.1.0.jar:/home/user/.m2/repository/org/eclipse/jetty/jetty-server/9.3.24.v20180605/jetty-server-9.3.24.v20180605.jar:/home/user/.m2/repository/org/eclipse/jetty/jetty-http/9.3.24.v20180605/jetty-http-9.3.24.v20180605.jar:/home/user/.m2/repository/org/eclipse/jetty/jetty-io/9.3.24.v20180605/jetty-io-9.3.24.v20180605.jar:/home/user/.m2/repository/org/eclipse/jetty/jetty-webapp/9.3.24.v20180605/jetty-webapp-9.3.24.v20180605.jar:/home/user/.m2/repository/org/eclipse/jetty/jetty-xml/9.3.24.v20180605/jetty-xml-9.3.24.v20180605.jar:/home/user/.m2/repository/log4j/log4j/1.2.17/log4j-1.2.17.jar:/home/user/.m2/repository/org/slf4j/slf4j-api/1.7.25/slf4j-api-1.7.25.jar:/home/user/.m2/repository/org/slf4j/jul-to-slf4j/1.7.25/jul-to-slf4j-1.7.25.jar:/home/user/.m2/repository/org/eclipse/jetty/jetty-util/9.3.24.v20180605/jetty-util-9.3.24.v20180605.jar:/home/user/.m2/repository/com/fasterxml/jackson/core/jackson-databind/2.9.5/jackson-databind-2.9.5.jar:/home/user/.m2/repository/org/apache/hadoop/hadoop-kms/3.2.0/hadoop-kms-3.2.0-tests.jar:/home/user/.m2/repository/org/apache/hadoop/hadoop-hdds-server-scm/0.5.0-SNAPSHOT/hadoop-hdds-server-scm-0.5.0-SNAPSHOT-tests.jar:/home/user/.m2/repository/org/apache/hadoop/hadoop-hdds-container-service/0.5.0-SNAPSHOT/hadoop-hdds-container-service-0.5.0-SNAPSHOT-tests.jar:/home/user/.m2/repository/org/yaml/snakeyaml/1.16/snakeyaml-1.16.jar:/home/user/.m2/repository/org/apache/hadoop/hadoop-common/3.2.0/hadoop-common-3.2.0-tests.jar:/home/user/.m2/repository/org/apache/hadoop/hadoop-annotations/3.2.0/hadoop-annotations-3.2.0.jar:/usr/lib/jvm/java-1.8-openjdk/jre/../lib/tools.jar:/home/user/.m2/repository/commons-cli/commons-cli/1.2/commons-cli-1.2.jar:/home/user/.m2/repository/org/apache/httpcomponents/httpclient/4.5.2/httpclient-4.5.2.jar:/home/user/.m2/repository/org/apache/httpcomponents/httpcore/4.4.4/httpcore-4.4.4.jar:/home/user/.m2/repository/commons-codec/commons-codec/1.11/commons-codec-1.11.jar:/home/user/.m2/repository/commons-net/commons-net/3.6/commons-net-3.6.jar:/home/user/.m2/repository/commons-collections/commons-collections/3.2.2/commons-collections-3.2.2.jar:/home/user/.m2/repository/org/eclipse/jetty/jetty-servlet/9.3.24.v20180605/jetty-servlet-9.3.24.v20180605.jar:/home/user/.m2/repository/org/eclipse/jetty/jetty-security/9.3.24.v20180605/jetty-security-9.3.24.v20180605.jar:/home/user/.m2/repository/javax/servlet/jsp/jsp-api/2.1/jsp-api-2.1.jar:/home/user/.m2/repository/com/sun/jersey/jersey-servlet/1.19/jersey-servlet-1.19.jar:/home/user/.m2/repository/com/sun/jersey/jersey-json/1.19/jersey-json-1.19.jar:/home/user/.m2/repository/org/codehaus/jettison/jettison/1.1/jettison-1.1.jar:/home/user/.m2/repository/org/codehaus/jackson/jackson-core-asl/1.9.13/jackson-core-asl-1.9.13.jar:/home/user/.m2/repository/org/codehaus/jackson/jackson-mapper-asl/1.9.13/jackson-mapper-asl-1.9.13.jar:/home/user/.m2/repository/org/codehaus/jackson/jackson-jaxrs/1.9.13/jackson-jaxrs-1.9.13.jar:/home/user/.m2/repository/org/codehaus/jackson/jackson-xc/1.9.13/jackson-xc-1.9.13.jar:/home/user/.m2/repository/commons-logging/commons-logging/1.1.3/commons-logging-1.1.3.jar:/home/user/.m2/repository/commons-beanutils/commons-beanutils/1.9.3/commons-beanutils-1.9.3.jar:/home/user/.m2/repository/org/apache/commons/commons-configuration2/2.1.1/commons-configuration2-2.1.1.jar:/home/user/.m2/repository/org/apache/commons/commons-lang3/3.7/commons-lang3-3.7.jar:/home/user/.m2/repository/org/apache/commons/commons-text/1.4/commons-text-1.4.jar:/home/user/.m2/repository/org/apache/avro/avro/1.7.7/avro-1.7.7.jar:/home/user/.m2/repository/com/thoughtworks/paranamer/paranamer/2.3/paranamer-2.3.jar:/home/user/.m2/repository/org/xerial/snappy/snappy-java/1.0.5/snappy-java-1.0.5.jar:/home/user/.m2/repository/com/google/re2j/re2j/1.1/re2j-1.1.jar:/home/user/.m2/repository/com/google/code/gson/gson/2.2.4/gson-2.2.4.jar:/home/user/.m2/repository/com/jcraft/jsch/0.1.54/jsch-0.1.54.jar:/home/user/.m2/repository/org/apache/curator/curator-client/2.12.0/curator-client-2.12.0.jar:/home/user/.m2/repository/org/apache/curator/curator-recipes/2.12.0/curator-recipes-2.12.0.jar:/home/user/.m2/repository/com/google/code/findbugs/jsr305/3.0.0/jsr305-3.0.0.jar:/home/user/.m2/repository/org/apache/htrace/htrace-core4/4.1.0-incubating/htrace-core4-4.1.0-incubating.jar:/home/user/.m2/repository/org/apache/zookeeper/zookeeper/3.4.13/zookeeper-3.4.13.jar:/home/user/.m2/repository/org/apache/yetus/audience-annotations/0.5.0/audience-annotations-0.5.0.jar:/home/user/.m2/repository/org/codehaus/woodstox/stax2-api/3.1.4/stax2-api-3.1.4.jar:/home/user/.m2/repository/com/fasterxml/woodstox/woodstox-core/5.0.3/woodstox-core-5.0.3.jar:/home/user/.m2/repository/dnsjava/dnsjava/2.1.7/dnsjava-2.1.7.jar:/home/user/.m2/repository/org/apache/hadoop/hadoop-hdfs/3.2.0/hadoop-hdfs-3.2.0-tests.jar:/home/user/.m2/repository/org/eclipse/jetty/jetty-util-ajax/9.3.24.v20180605/jetty-util-ajax-9.3.24.v20180605.jar:/home/user/.m2/repository/commons-daemon/commons-daemon/1.0.13/commons-daemon-1.0.13.jar:/home/user/.m2/repository/io/netty/netty/3.10.5.Final/netty-3.10.5.Final.jar:/home/user/.m2/repository/io/netty/netty-all/4.0.52.Final/netty-all-4.0.52.Final.jar:/home/user/.m2/repository/org/fusesource/leveldbjni/leveldbjni-all/1.8/leveldbjni-all-1.8.jar:"/>
    <property name="java.vm.vendor" value="IcedTea"/>
    <property name="sun.arch.data.model" value="64"/>
    <property name="test.build.dir" value="/workdir/hadoop-ozone/integration-test/target/test-dir"/>
    <property name="test.cache.data" value=""/>
    <property name="java.vendor.url" value="https://icedtea.classpath.org"/>
    <property name="user.timezone" value=""/>
    <property name="java.vm.specification.version" value="1.8"/>
    <property name="os.name" value="Linux"/>
    <property name="test.build.data" value="/workdir/hadoop-ozone/integration-test/target/test-dir"/>
    <property name="user.country" value="US"/>
    <property name="sun.java.launcher" value="SUN_STANDARD"/>
    <property name="sun.boot.library.path" value="/usr/lib/jvm/java-1.8-openjdk/jre/lib/amd64"/>
    <property name="sun.java.command" value="/workdir/hadoop-ozone/integration-test/target/surefire/surefirebooter7834151920943589772.jar /workdir/hadoop-ozone/integration-test/target/surefire 2019-08-23T23-25-03_353-jvmRun1 surefire879544435391491461tmp surefire_75590805700669922434tmp"/>
    <property name="test" value="!TestMiniChaosOzoneCluster"/>
    <property name="surefire.test.class.path" value="/workdir/hadoop-ozone/integration-test/target/test-classes:/workdir/hadoop-ozone/integration-test/target/classes:/home/user/.m2/repository/org/apache/hadoop/hadoop-ozone-common/0.5.0-SNAPSHOT/hadoop-ozone-common-0.5.0-SNAPSHOT.jar:/home/user/.m2/repository/org/apache/commons/commons-compress/1.4.1/commons-compress-1.4.1.jar:/home/user/.m2/repository/org/tukaani/xz/1.0/xz-1.0.jar:/home/user/.m2/repository/org/apache/hadoop/hadoop-common/3.2.0/hadoop-common-3.2.0.jar:/home/user/.m2/repository/org/apache/hadoop/hadoop-hdfs/3.2.0/hadoop-hdfs-3.2.0.jar:/home/user/.m2/repository/org/apache/hadoop/hadoop-hdfs-client/3.2.0/hadoop-hdfs-client-3.2.0.jar:/home/user/.m2/repository/com/fasterxml/jackson/core/jackson-annotations/2.9.5/jackson-annotations-2.9.5.jar:/home/user/.m2/repository/org/apache/hadoop/hadoop-hdds-common/0.5.0-SNAPSHOT/hadoop-hdds-common-0.5.0-SNAPSHOT.jar:/home/user/.m2/repository/javax/annotation/javax.annotation-api/1.2/javax.annotation-api-1.2.jar:/home/user/.m2/repository/org/apache/ratis/ratis-server/0.4.0-2337318-SNAPSHOT/ratis-server-0.4.0-2337318-SNAPSHOT.jar:/home/user/.m2/repository/org/apache/ratis/ratis-thirdparty-misc/0.2.0/ratis-thirdparty-misc-0.2.0.jar:/home/user/.m2/repository/org/apache/ratis/ratis-proto/0.4.0-2337318-SNAPSHOT/ratis-proto-0.4.0-2337318-SNAPSHOT.jar:/home/user/.m2/repository/org/apache/ratis/ratis-common/0.4.0-2337318-SNAPSHOT/ratis-common-0.4.0-2337318-SNAPSHOT.jar:/home/user/.m2/repository/org/apache/ratis/ratis-client/0.4.0-2337318-SNAPSHOT/ratis-client-0.4.0-2337318-SNAPSHOT.jar:/home/user/.m2/repository/org/apache/ratis/ratis-metrics/0.4.0-2337318-SNAPSHOT/ratis-metrics-0.4.0-2337318-SNAPSHOT.jar:/home/user/.m2/repository/org/apache/ratis/ratis-netty/0.4.0-2337318-SNAPSHOT/ratis-netty-0.4.0-2337318-SNAPSHOT.jar:/home/user/.m2/repository/org/apache/ratis/ratis-grpc/0.4.0-2337318-SNAPSHOT/ratis-grpc-0.4.0-2337318-SNAPSHOT.jar:/home/user/.m2/repository/org/rocksdb/rocksdbjni/6.0.1/rocksdbjni-6.0.1.jar:/home/user/.m2/repository/org/apache/logging/log4j/log4j-api/2.11.0/log4j-api-2.11.0.jar:/home/user/.m2/repository/org/apache/logging/log4j/log4j-core/2.11.0/log4j-core-2.11.0.jar:/home/user/.m2/repository/com/lmax/disruptor/3.4.2/disruptor-3.4.2.jar:/home/user/.m2/repository/org/apache/commons/commons-pool2/2.6.0/commons-pool2-2.6.0.jar:/home/user/.m2/repository/org/bouncycastle/bcpkix-jdk15on/1.60/bcpkix-jdk15on-1.60.jar:/home/user/.m2/repository/commons-validator/commons-validator/1.6/commons-validator-1.6.jar:/home/user/.m2/repository/commons-digester/commons-digester/1.8.1/commons-digester-1.8.1.jar:/home/user/.m2/repository/io/jaegertracing/jaeger-client/0.33.1/jaeger-client-0.33.1.jar:/home/user/.m2/repository/io/jaegertracing/jaeger-thrift/0.33.1/jaeger-thrift-0.33.1.jar:/home/user/.m2/repository/org/apache/thrift/libthrift/0.11.0/libthrift-0.11.0.jar:/home/user/.m2/repository/com/squareup/okhttp3/okhttp/3.9.0/okhttp-3.9.0.jar:/home/user/.m2/repository/com/squareup/okio/okio/1.13.0/okio-1.13.0.jar:/home/user/.m2/repository/io/jaegertracing/jaeger-core/0.33.1/jaeger-core-0.33.1.jar:/home/user/.m2/repository/io/jaegertracing/jaeger-tracerresolver/0.33.1/jaeger-tracerresolver-0.33.1.jar:/home/user/.m2/repository/io/opentracing/contrib/opentracing-tracerresolver/0.1.5/opentracing-tracerresolver-0.1.5.jar:/home/user/.m2/repository/io/opentracing/opentracing-util/0.31.0/opentracing-util-0.31.0.jar:/home/user/.m2/repository/io/opentracing/opentracing-api/0.31.0/opentracing-api-0.31.0.jar:/home/user/.m2/repository/io/opentracing/opentracing-noop/0.31.0/opentracing-noop-0.31.0.jar:/home/user/.m2/repository/org/apache/hadoop/hadoop-hdds-server-framework/0.5.0-SNAPSHOT/hadoop-hdds-server-framework-0.5.0-SNAPSHOT.jar:/home/user/.m2/repository/org/apache/hadoop/hadoop-hdds-container-service/0.5.0-SNAPSHOT/hadoop-hdds-container-service-0.5.0-SNAPSHOT.jar:/home/user/.m2/repository/org/apache/hadoop/hadoop-hdds-client/0.5.0-SNAPSHOT/hadoop-hdds-client-0.5.0-SNAPSHOT.jar:/home/user/.m2/repository/org/apache/hadoop/hadoop-hdds-tools/0.5.0-SNAPSHOT/hadoop-hdds-tools-0.5.0-SNAPSHOT.jar:/home/user/.m2/repository/org/apache/hadoop/hadoop-hdds-server-scm/0.5.0-SNAPSHOT/hadoop-hdds-server-scm-0.5.0-SNAPSHOT.jar:/home/user/.m2/repository/org/apache/hadoop/hadoop-hdds-docs/0.5.0-SNAPSHOT/hadoop-hdds-docs-0.5.0-SNAPSHOT.jar:/home/user/.m2/repository/io/dropwizard/metrics/metrics-core/3.2.4/metrics-core-3.2.4.jar:/home/user/.m2/repository/org/hamcrest/hamcrest-all/1.3/hamcrest-all-1.3.jar:/home/user/.m2/repository/org/bouncycastle/bcprov-jdk15on/1.60/bcprov-jdk15on-1.60.jar:/home/user/.m2/repository/info/picocli/picocli/3.9.6/picocli-3.9.6.jar:/home/user/.m2/repository/com/google/protobuf/protobuf-java/2.5.0/protobuf-java-2.5.0.jar:/home/user/.m2/repository/com/google/guava/guava/11.0.2/guava-11.0.2.jar:/home/user/.m2/repository/org/apache/hadoop/hadoop-ozone-ozone-manager/0.5.0-SNAPSHOT/hadoop-ozone-ozone-manager-0.5.0-SNAPSHOT.jar:/home/user/.m2/repository/org/apache/hadoop/hadoop-minikdc/3.2.0/hadoop-minikdc-3.2.0.jar:/home/user/.m2/repository/commons-io/commons-io/2.5/commons-io-2.5.jar:/home/user/.m2/repository/org/apache/kerby/kerb-simplekdc/1.0.1/kerb-simplekdc-1.0.1.jar:/home/user/.m2/repository/org/apache/kerby/kerb-client/1.0.1/kerb-client-1.0.1.jar:/home/user/.m2/repository/org/apache/kerby/kerby-config/1.0.1/kerby-config-1.0.1.jar:/home/user/.m2/repository/org/apache/kerby/kerb-core/1.0.1/kerb-core-1.0.1.jar:/home/user/.m2/repository/org/apache/kerby/kerby-pkix/1.0.1/kerby-pkix-1.0.1.jar:/home/user/.m2/repository/org/apache/kerby/kerby-asn1/1.0.1/kerby-asn1-1.0.1.jar:/home/user/.m2/repository/org/apache/kerby/kerby-util/1.0.1/kerby-util-1.0.1.jar:/home/user/.m2/repository/org/apache/kerby/kerb-common/1.0.1/kerb-common-1.0.1.jar:/home/user/.m2/repository/org/apache/kerby/kerb-crypto/1.0.1/kerb-crypto-1.0.1.jar:/home/user/.m2/repository/org/apache/kerby/kerb-util/1.0.1/kerb-util-1.0.1.jar:/home/user/.m2/repository/org/apache/kerby/token-provider/1.0.1/token-provider-1.0.1.jar:/home/user/.m2/repository/org/apache/kerby/kerb-admin/1.0.1/kerb-admin-1.0.1.jar:/home/user/.m2/repository/org/apache/kerby/kerb-server/1.0.1/kerb-server-1.0.1.jar:/home/user/.m2/repository/org/apache/kerby/kerb-identity/1.0.1/kerb-identity-1.0.1.jar:/home/user/.m2/repository/org/apache/kerby/kerby-xdr/1.0.1/kerby-xdr-1.0.1.jar:/home/user/.m2/repository/org/slf4j/slf4j-log4j12/1.7.25/slf4j-log4j12-1.7.25.jar:/home/user/.m2/repository/org/apache/hadoop/hadoop-ozone-objectstore-service/0.5.0-SNAPSHOT/hadoop-ozone-objectstore-service-0.5.0-SNAPSHOT.jar:/home/user/.m2/repository/org/apache/hadoop/hadoop-ozone-s3gateway/0.5.0-SNAPSHOT/hadoop-ozone-s3gateway-0.5.0-SNAPSHOT.jar:/home/user/.m2/repository/org/jboss/weld/servlet/weld-servlet/2.4.7.Final/weld-servlet-2.4.7.Final.jar:/home/user/.m2/repository/org/glassfish/jersey/containers/jersey-container-servlet-core/2.27/jersey-container-servlet-core-2.27.jar:/home/user/.m2/repository/org/glassfish/hk2/external/javax.inject/2.5.0-b42/javax.inject-2.5.0-b42.jar:/home/user/.m2/repository/org/glassfish/jersey/core/jersey-common/2.27/jersey-common-2.27.jar:/home/user/.m2/repository/org/glassfish/hk2/osgi-resource-locator/1.0.1/osgi-resource-locator-1.0.1.jar:/home/user/.m2/repository/javax/ws/rs/javax.ws.rs-api/2.1/javax.ws.rs-api-2.1.jar:/home/user/.m2/repository/org/glassfish/jersey/ext/cdi/jersey-cdi1x/2.27/jersey-cdi1x-2.27.jar:/home/user/.m2/repository/org/glassfish/jersey/inject/jersey-hk2/2.27/jersey-hk2-2.27.jar:/home/user/.m2/repository/org/glassfish/hk2/hk2-locator/2.5.0-b42/hk2-locator-2.5.0-b42.jar:/home/user/.m2/repository/org/javassist/javassist/3.22.0-CR2/javassist-3.22.0-CR2.jar:/home/user/.m2/repository/org/glassfish/hk2/hk2-api/2.5.0/hk2-api-2.5.0.jar:/home/user/.m2/repository/org/glassfish/hk2/external/jakarta.inject/2.5.0/jakarta.inject-2.5.0.jar:/home/user/.m2/repository/org/glassfish/hk2/hk2-utils/2.5.0/hk2-utils-2.5.0.jar:/home/user/.m2/repository/jakarta/annotation/jakarta.annotation-api/1.3.4/jakarta.annotation-api-1.3.4.jar:/home/user/.m2/repository/org/glassfish/hk2/external/aopalliance-repackaged/2.5.0/aopalliance-repackaged-2.5.0.jar:/home/user/.m2/repository/com/fasterxml/jackson/dataformat/jackson-dataformat-xml/2.9.0/jackson-dataformat-xml-2.9.0.jar:/home/user/.m2/repository/com/fasterxml/jackson/core/jackson-core/2.9.5/jackson-core-2.9.5.jar:/home/user/.m2/repository/com/fasterxml/jackson/module/jackson-module-jaxb-annotations/2.9.5/jackson-module-jaxb-annotations-2.9.5.jar:/home/user/.m2/repository/javax/enterprise/cdi-api/1.2/cdi-api-1.2.jar:/home/user/.m2/repository/javax/el/javax.el-api/3.0.0/javax.el-api-3.0.0.jar:/home/user/.m2/repository/javax/interceptor/javax.interceptor-api/1.2/javax.interceptor-api-1.2.jar:/home/user/.m2/repository/javax/inject/javax.inject/1/javax.inject-1.jar:/home/user/.m2/repository/com/sun/xml/bind/jaxb-impl/2.3.0.1/jaxb-impl-2.3.0.1.jar:/home/user/.m2/repository/com/sun/xml/bind/jaxb-core/2.3.0.1/jaxb-core-2.3.0.1.jar:/home/user/.m2/repository/javax/xml/bind/jaxb-api/2.3.0/jaxb-api-2.3.0.jar:/home/user/.m2/repository/javax/activation/activation/1.1.1/activation-1.1.1.jar:/home/user/.m2/repository/org/apache/hadoop/hadoop-ozone-csi/0.5.0-SNAPSHOT/hadoop-ozone-csi-0.5.0-SNAPSHOT.jar:/home/user/.m2/repository/com/google/protobuf/protobuf-java-util/3.5.1/protobuf-java-util-3.5.1.jar:/home/user/.m2/repository/org/apache/hadoop/hadoop-hdds-config/0.5.0-SNAPSHOT/hadoop-hdds-config-0.5.0-SNAPSHOT.jar:/home/user/.m2/repository/io/grpc/grpc-netty/1.17.1/grpc-netty-1.17.1.jar:/home/user/.m2/repository/io/grpc/grpc-core/1.17.1/grpc-core-1.17.1.jar:/home/user/.m2/repository/io/grpc/grpc-context/1.17.1/grpc-context-1.17.1.jar:/home/user/.m2/repository/com/google/errorprone/error_prone_annotations/2.2.0/error_prone_annotations-2.2.0.jar:/home/user/.m2/repository/org/codehaus/mojo/animal-sniffer-annotations/1.17/animal-sniffer-annotations-1.17.jar:/home/user/.m2/repository/io/opencensus/opencensus-api/0.17.0/opencensus-api-0.17.0.jar:/home/user/.m2/repository/io/opencensus/opencensus-contrib-grpc-metrics/0.17.0/opencensus-contrib-grpc-metrics-0.17.0.jar:/home/user/.m2/repository/io/netty/netty-codec-http2/4.1.30.Final/netty-codec-http2-4.1.30.Final.jar:/home/user/.m2/repository/io/netty/netty-codec-http/4.1.30.Final/netty-codec-http-4.1.30.Final.jar:/home/user/.m2/repository/io/netty/netty-codec/4.1.30.Final/netty-codec-4.1.30.Final.jar:/home/user/.m2/repository/io/netty/netty-handler/4.1.30.Final/netty-handler-4.1.30.Final.jar:/home/user/.m2/repository/io/netty/netty-handler-proxy/4.1.30.Final/netty-handler-proxy-4.1.30.Final.jar:/home/user/.m2/repository/io/netty/netty-codec-socks/4.1.30.Final/netty-codec-socks-4.1.30.Final.jar:/home/user/.m2/repository/io/netty/netty-transport-native-epoll/4.1.30.Final/netty-transport-native-epoll-4.1.30.Final.jar:/home/user/.m2/repository/io/netty/netty-common/4.1.30.Final/netty-common-4.1.30.Final.jar:/home/user/.m2/repository/io/netty/netty-buffer/4.1.30.Final/netty-buffer-4.1.30.Final.jar:/home/user/.m2/repository/io/netty/netty-transport/4.1.30.Final/netty-transport-4.1.30.Final.jar:/home/user/.m2/repository/io/netty/netty-resolver/4.1.30.Final/netty-resolver-4.1.30.Final.jar:/home/user/.m2/repository/io/netty/netty-transport-native-unix-common/4.1.30.Final/netty-transport-native-unix-common-4.1.30.Final.jar:/home/user/.m2/repository/io/grpc/grpc-protobuf/1.17.1/grpc-protobuf-1.17.1.jar:/home/user/.m2/repository/com/google/api/grpc/proto-google-common-protos/1.0.0/proto-google-common-protos-1.0.0.jar:/home/user/.m2/repository/io/grpc/grpc-protobuf-lite/1.17.1/grpc-protobuf-lite-1.17.1.jar:/home/user/.m2/repository/io/grpc/grpc-stub/1.17.1/grpc-stub-1.17.1.jar:/home/user/.m2/repository/org/apache/hadoop/hadoop-ozone-recon/0.5.0-SNAPSHOT/hadoop-ozone-recon-0.5.0-SNAPSHOT.jar:/home/user/.m2/repository/org/apache/hadoop/hadoop-ozone-reconcodegen/0.5.0-SNAPSHOT/hadoop-ozone-reconcodegen-0.5.0-SNAPSHOT.jar:/home/user/.m2/repository/com/google/inject/extensions/guice-multibindings/4.0/guice-multibindings-4.0.jar:/home/user/.m2/repository/com/google/inject/guice/4.0/guice-4.0.jar:/home/user/.m2/repository/aopalliance/aopalliance/1.0/aopalliance-1.0.jar:/home/user/.m2/repository/com/google/inject/extensions/guice-servlet/4.0/guice-servlet-4.0.jar:/home/user/.m2/repository/org/glassfish/jersey/containers/jersey-container-servlet/2.27/jersey-container-servlet-2.27.jar:/home/user/.m2/repository/org/glassfish/hk2/guice-bridge/2.5.0/guice-bridge-2.5.0.jar:/home/user/.m2/repository/org/glassfish/jersey/core/jersey-server/2.27/jersey-server-2.27.jar:/home/user/.m2/repository/org/glassfish/jersey/core/jersey-client/2.27/jersey-client-2.27.jar:/home/user/.m2/repository/org/glassfish/jersey/media/jersey-media-jaxb/2.27/jersey-media-jaxb-2.27.jar:/home/user/.m2/repository/javax/validation/validation-api/1.1.0.Final/validation-api-1.1.0.Final.jar:/home/user/.m2/repository/org/glassfish/jersey/media/jersey-media-json-jackson/2.27/jersey-media-json-jackson-2.27.jar:/home/user/.m2/repository/org/glassfish/jersey/ext/jersey-entity-filtering/2.27/jersey-entity-filtering-2.27.jar:/home/user/.m2/repository/com/google/inject/extensions/guice-assistedinject/4.0/guice-assistedinject-4.0.jar:/home/user/.m2/repository/org/jooq/jooq/3.11.10/jooq-3.11.10.jar:/home/user/.m2/repository/org/jooq/jooq-meta/3.11.10/jooq-meta-3.11.10.jar:/home/user/.m2/repository/org/jooq/jooq-codegen/3.11.10/jooq-codegen-3.11.10.jar:/home/user/.m2/repository/com/jolbox/bonecp/0.8.0.RELEASE/bonecp-0.8.0.RELEASE.jar:/home/user/.m2/repository/org/xerial/sqlite-jdbc/3.25.2/sqlite-jdbc-3.25.2.jar:/home/user/.m2/repository/org/springframework/spring-jdbc/5.1.3.RELEASE/spring-jdbc-5.1.3.RELEASE.jar:/home/user/.m2/repository/org/springframework/spring-beans/5.1.3.RELEASE/spring-beans-5.1.3.RELEASE.jar:/home/user/.m2/repository/org/springframework/spring-core/5.1.3.RELEASE/spring-core-5.1.3.RELEASE.jar:/home/user/.m2/repository/org/springframework/spring-jcl/5.1.3.RELEASE/spring-jcl-5.1.3.RELEASE.jar:/home/user/.m2/repository/org/springframework/spring-tx/5.1.3.RELEASE/spring-tx-5.1.3.RELEASE.jar:/home/user/.m2/repository/org/apache/hadoop/hadoop-ozone-client/0.5.0-SNAPSHOT/hadoop-ozone-client-0.5.0-SNAPSHOT.jar:/home/user/.m2/repository/commons-lang/commons-lang/2.6/commons-lang-2.6.jar:/home/user/.m2/repository/org/apache/hadoop/hadoop-ozone-ozone-manager/0.5.0-SNAPSHOT/hadoop-ozone-ozone-manager-0.5.0-SNAPSHOT-tests.jar:/home/user/.m2/repository/junit/junit/4.11/junit-4.11.jar:/home/user/.m2/repository/org/hamcrest/hamcrest-core/1.3/hamcrest-core-1.3.jar:/home/user/.m2/repository/org/openjdk/jmh/jmh-core/1.19/jmh-core-1.19.jar:/home/user/.m2/repository/net/sf/jopt-simple/jopt-simple/4.6/jopt-simple-4.6.jar:/home/user/.m2/repository/org/apache/commons/commons-math3/3.1.1/commons-math3-3.1.1.jar:/home/user/.m2/repository/org/openjdk/jmh/jmh-generator-annprocess/1.19/jmh-generator-annprocess-1.19.jar:/home/user/.m2/repository/org/mockito/mockito-all/1.8.5/mockito-all-1.8.5.jar:/home/user/.m2/repository/org/apache/hadoop/hadoop-kms/3.2.0/hadoop-kms-3.2.0.jar:/home/user/.m2/repository/org/apache/hadoop/hadoop-auth/3.2.0/hadoop-auth-3.2.0.jar:/home/user/.m2/repository/com/nimbusds/nimbus-jose-jwt/4.41.1/nimbus-jose-jwt-4.41.1.jar:/home/user/.m2/repository/com/github/stephenc/jcip/jcip-annotations/1.0-1/jcip-annotations-1.0-1.jar:/home/user/.m2/repository/net/minidev/json-smart/2.3/json-smart-2.3.jar:/home/user/.m2/repository/net/minidev/accessors-smart/1.2/accessors-smart-1.2.jar:/home/user/.m2/repository/org/ow2/asm/asm/5.0.4/asm-5.0.4.jar:/home/user/.m2/repository/org/apache/curator/curator-framework/2.12.0/curator-framework-2.12.0.jar:/home/user/.m2/repository/com/sun/jersey/jersey-core/1.19/jersey-core-1.19.jar:/home/user/.m2/repository/javax/ws/rs/jsr311-api/1.1.1/jsr311-api-1.1.1.jar:/home/user/.m2/repository/com/sun/jersey/jersey-server/1.19/jersey-server-1.19.jar:/home/user/.m2/repository/javax/servlet/javax.servlet-api/3.1.0/javax.servlet-api-3.1.0.jar:/home/user/.m2/repository/org/eclipse/jetty/jetty-server/9.3.24.v20180605/jetty-server-9.3.24.v20180605.jar:/home/user/.m2/repository/org/eclipse/jetty/jetty-http/9.3.24.v20180605/jetty-http-9.3.24.v20180605.jar:/home/user/.m2/repository/org/eclipse/jetty/jetty-io/9.3.24.v20180605/jetty-io-9.3.24.v20180605.jar:/home/user/.m2/repository/org/eclipse/jetty/jetty-webapp/9.3.24.v20180605/jetty-webapp-9.3.24.v20180605.jar:/home/user/.m2/repository/org/eclipse/jetty/jetty-xml/9.3.24.v20180605/jetty-xml-9.3.24.v20180605.jar:/home/user/.m2/repository/log4j/log4j/1.2.17/log4j-1.2.17.jar:/home/user/.m2/repository/org/slf4j/slf4j-api/1.7.25/slf4j-api-1.7.25.jar:/home/user/.m2/repository/org/slf4j/jul-to-slf4j/1.7.25/jul-to-slf4j-1.7.25.jar:/home/user/.m2/repository/org/eclipse/jetty/jetty-util/9.3.24.v20180605/jetty-util-9.3.24.v20180605.jar:/home/user/.m2/repository/com/fasterxml/jackson/core/jackson-databind/2.9.5/jackson-databind-2.9.5.jar:/home/user/.m2/repository/org/apache/hadoop/hadoop-kms/3.2.0/hadoop-kms-3.2.0-tests.jar:/home/user/.m2/repository/org/apache/hadoop/hadoop-hdds-server-scm/0.5.0-SNAPSHOT/hadoop-hdds-server-scm-0.5.0-SNAPSHOT-tests.jar:/home/user/.m2/repository/org/apache/hadoop/hadoop-hdds-container-service/0.5.0-SNAPSHOT/hadoop-hdds-container-service-0.5.0-SNAPSHOT-tests.jar:/home/user/.m2/repository/org/yaml/snakeyaml/1.16/snakeyaml-1.16.jar:/home/user/.m2/repository/org/apache/hadoop/hadoop-common/3.2.0/hadoop-common-3.2.0-tests.jar:/home/user/.m2/repository/org/apache/hadoop/hadoop-annotations/3.2.0/hadoop-annotations-3.2.0.jar:/usr/lib/jvm/java-1.8-openjdk/jre/../lib/tools.jar:/home/user/.m2/repository/commons-cli/commons-cli/1.2/commons-cli-1.2.jar:/home/user/.m2/repository/org/apache/httpcomponents/httpclient/4.5.2/httpclient-4.5.2.jar:/home/user/.m2/repository/org/apache/httpcomponents/httpcore/4.4.4/httpcore-4.4.4.jar:/home/user/.m2/repository/commons-codec/commons-codec/1.11/commons-codec-1.11.jar:/home/user/.m2/repository/commons-net/commons-net/3.6/commons-net-3.6.jar:/home/user/.m2/repository/commons-collections/commons-collections/3.2.2/commons-collections-3.2.2.jar:/home/user/.m2/repository/org/eclipse/jetty/jetty-servlet/9.3.24.v20180605/jetty-servlet-9.3.24.v20180605.jar:/home/user/.m2/repository/org/eclipse/jetty/jetty-security/9.3.24.v20180605/jetty-security-9.3.24.v20180605.jar:/home/user/.m2/repository/javax/servlet/jsp/jsp-api/2.1/jsp-api-2.1.jar:/home/user/.m2/repository/com/sun/jersey/jersey-servlet/1.19/jersey-servlet-1.19.jar:/home/user/.m2/repository/com/sun/jersey/jersey-json/1.19/jersey-json-1.19.jar:/home/user/.m2/repository/org/codehaus/jettison/jettison/1.1/jettison-1.1.jar:/home/user/.m2/repository/org/codehaus/jackson/jackson-core-asl/1.9.13/jackson-core-asl-1.9.13.jar:/home/user/.m2/repository/org/codehaus/jackson/jackson-mapper-asl/1.9.13/jackson-mapper-asl-1.9.13.jar:/home/user/.m2/repository/org/codehaus/jackson/jackson-jaxrs/1.9.13/jackson-jaxrs-1.9.13.jar:/home/user/.m2/repository/org/codehaus/jackson/jackson-xc/1.9.13/jackson-xc-1.9.13.jar:/home/user/.m2/repository/commons-logging/commons-logging/1.1.3/commons-logging-1.1.3.jar:/home/user/.m2/repository/commons-beanutils/commons-beanutils/1.9.3/commons-beanutils-1.9.3.jar:/home/user/.m2/repository/org/apache/commons/commons-configuration2/2.1.1/commons-configuration2-2.1.1.jar:/home/user/.m2/repository/org/apache/commons/commons-lang3/3.7/commons-lang3-3.7.jar:/home/user/.m2/repository/org/apache/commons/commons-text/1.4/commons-text-1.4.jar:/home/user/.m2/repository/org/apache/avro/avro/1.7.7/avro-1.7.7.jar:/home/user/.m2/repository/com/thoughtworks/paranamer/paranamer/2.3/paranamer-2.3.jar:/home/user/.m2/repository/org/xerial/snappy/snappy-java/1.0.5/snappy-java-1.0.5.jar:/home/user/.m2/repository/com/google/re2j/re2j/1.1/re2j-1.1.jar:/home/user/.m2/repository/com/google/code/gson/gson/2.2.4/gson-2.2.4.jar:/home/user/.m2/repository/com/jcraft/jsch/0.1.54/jsch-0.1.54.jar:/home/user/.m2/repository/org/apache/curator/curator-client/2.12.0/curator-client-2.12.0.jar:/home/user/.m2/repository/org/apache/curator/curator-recipes/2.12.0/curator-recipes-2.12.0.jar:/home/user/.m2/repository/com/google/code/findbugs/jsr305/3.0.0/jsr305-3.0.0.jar:/home/user/.m2/repository/org/apache/htrace/htrace-core4/4.1.0-incubating/htrace-core4-4.1.0-incubating.jar:/home/user/.m2/repository/org/apache/zookeeper/zookeeper/3.4.13/zookeeper-3.4.13.jar:/home/user/.m2/repository/org/apache/yetus/audience-annotations/0.5.0/audience-annotations-0.5.0.jar:/home/user/.m2/repository/org/codehaus/woodstox/stax2-api/3.1.4/stax2-api-3.1.4.jar:/home/user/.m2/repository/com/fasterxml/woodstox/woodstox-core/5.0.3/woodstox-core-5.0.3.jar:/home/user/.m2/repository/dnsjava/dnsjava/2.1.7/dnsjava-2.1.7.jar:/home/user/.m2/repository/org/apache/hadoop/hadoop-hdfs/3.2.0/hadoop-hdfs-3.2.0-tests.jar:/home/user/.m2/repository/org/eclipse/jetty/jetty-util-ajax/9.3.24.v20180605/jetty-util-ajax-9.3.24.v20180605.jar:/home/user/.m2/repository/commons-daemon/commons-daemon/1.0.13/commons-daemon-1.0.13.jar:/home/user/.m2/repository/io/netty/netty/3.10.5.Final/netty-3.10.5.Final.jar:/home/user/.m2/repository/io/netty/netty-all/4.0.52.Final/netty-all-4.0.52.Final.jar:/home/user/.m2/repository/org/fusesource/leveldbjni/leveldbjni-all/1.8/leveldbjni-all-1.8.jar:"/>
    <property name="sun.cpu.endian" value="little"/>
    <property name="user.home" value="/home/user"/>
    <property name="user.language" value="en"/>
    <property name="java.specification.vendor" value="Oracle Corporation"/>
    <property name="java.home" value="/usr/lib/jvm/java-1.8-openjdk/jre"/>
    <property name="java.security.krb5.conf" value="/workdir/hadoop-ozone/integration-test/target/test-classes/krb5.conf"/>
    <property name="basedir" value="/workdir/hadoop-ozone/integration-test"/>
    <property name="file.separator" value="/"/>
    <property name="line.separator" value="&#10;"/>
    <property name="java.vm.specification.vendor" value="Oracle Corporation"/>
    <property name="java.specification.name" value="Java Platform API Specification"/>
    <property name="java.awt.graphicsenv" value="sun.awt.X11GraphicsEnvironment"/>
    <property name="surefire.real.class.path" value="/workdir/hadoop-ozone/integration-test/target/surefire/surefirebooter7834151920943589772.jar"/>
    <property name="hadoop.log.dir" value="/workdir/hadoop-ozone/integration-test/target/log"/>
    <property name="sun.boot.class.path" value="/usr/lib/jvm/java-1.8-openjdk/jre/lib/resources.jar:/usr/lib/jvm/java-1.8-openjdk/jre/lib/rt.jar:/usr/lib/jvm/java-1.8-openjdk/jre/lib/sunrsasign.jar:/usr/lib/jvm/java-1.8-openjdk/jre/lib/jsse.jar:/usr/lib/jvm/java-1.8-openjdk/jre/lib/jce.jar:/usr/lib/jvm/java-1.8-openjdk/jre/lib/charsets.jar:/usr/lib/jvm/java-1.8-openjdk/jre/lib/jfr.jar:/usr/lib/jvm/java-1.8-openjdk/jre/classes"/>
    <property name="sun.management.compiler" value="HotSpot 64-Bit Tiered Compilers"/>
    <property name="java.runtime.version" value="1.8.0_212-b04"/>
    <property name="java.net.preferIPv4Stack" value="true"/>
    <property name="user.name" value="jenkins1000"/>
    <property name="path.separator" value=":"/>
    <property name="java.security.egd" value="file:///dev/urandom"/>
    <property name="os.version" value="3.10.0-957.12.2.el7.x86_64"/>
    <property name="java.endorsed.dirs" value="/usr/lib/jvm/java-1.8-openjdk/jre/lib/endorsed"/>
    <property name="java.runtime.name" value="OpenJDK Runtime Environment"/>
    <property name="file.encoding" value="UTF-8"/>
    <property name="java.vm.name" value="OpenJDK 64-Bit Server VM"/>
    <property name="test.build.webapps" value=""/>
    <property name="localRepository" value="/home/user/.m2/repository"/>
    <property name="java.vendor.url.bug" value="https://icedtea.classpath.org/bugzilla"/>
    <property name="java.io.tmpdir" value="/tmp"/>
    <property name="require.test.libhadoop" value=""/>
    <property name="java.version" value="1.8.0_212"/>
    <property name="user.dir" value="/workdir/hadoop-ozone/integration-test"/>
    <property name="os.arch" value="amd64"/>
    <property name="java.vm.specification.name" value="Java Virtual Machine Specification"/>
    <property name="test.build.classes" value="/workdir/hadoop-ozone/integration-test/target/test-classes"/>
    <property name="java.awt.printerjob" value="sun.print.PSPrinterJob"/>
    <property name="sun.os.patch.level" value="unknown"/>
    <property name="hadoop.tmp.dir" value="/workdir/hadoop-ozone/integration-test/target/tmp"/>
    <property name="java.library.path" value="/usr/lib/jvm/java-1.8-openjdk/jre/lib/amd64/server:/usr/lib/jvm/java-1.8-openjdk/jre/lib/amd64:/usr/lib/jvm/java-1.8-openjdk/jre/../lib/amd64:/workdir/hadoop-ozone/integration-test/target/native/target/usr/local/lib:/workdir/hadoop-ozone/integration-test/../../hadoop-common-project/hadoop-common/target/native/target/usr/local/lib:/usr/java/packages/lib/amd64:/usr/lib64:/lib64:/lib:/usr/lib"/>
    <property name="java.vm.info" value="mixed mode"/>
    <property name="java.vendor" value="IcedTea"/>
    <property name="java.vm.version" value="25.212-b04"/>
    <property name="java.ext.dirs" value="/usr/lib/jvm/java-1.8-openjdk/jre/lib/ext:/usr/java/packages/lib/ext"/>
    <property name="sun.io.unicode.encoding" value="UnicodeLittle"/>
    <property name="java.class.version" value="52.0"/>
  </properties>
  <testcase name="testSCMSafeMode" classname="org.apache.hadoop.ozone.om.TestScmSafeMode" time="42.051"/>
  <testcase name="testIsScmInSafeModeAndForceExit" classname="org.apache.hadoop.ozone.om.TestScmSafeMode" time="12.309"/>
  <testcase name="testSCMSafeModeDisabled" classname="org.apache.hadoop.ozone.om.TestScmSafeMode" time="23.033"/>
  <testcase name="testSafeModeOperations" classname="org.apache.hadoop.ozone.om.TestScmSafeMode" time="13.262">
    <error message="Volume doesn&apos;t exist" type="VOLUME_NOT_FOUND org.apache.hadoop.ozone.om.exceptions.OMException">VOLUME_NOT_FOUND org.apache.hadoop.ozone.om.exceptions.OMException: Volume doesn't exist
	at org.apache.hadoop.ozone.om.BucketManagerImpl.createBucket(BucketManagerImpl.java:130)
	at org.apache.hadoop.ozone.om.OzoneManager.createBucket(OzoneManager.java:2089)
	at org.apache.hadoop.ozone.om.TestScmSafeMode.testSafeModeOperations(TestScmSafeMode.java:159)
	at sun.reflect.NativeMethodAccessorImpl.invoke0(Native Method)
	at sun.reflect.NativeMethodAccessorImpl.invoke(NativeMethodAccessorImpl.java:62)
	at sun.reflect.DelegatingMethodAccessorImpl.invoke(DelegatingMethodAccessorImpl.java:43)
	at java.lang.reflect.Method.invoke(Method.java:498)
	at org.junit.runners.model.FrameworkMethod$1.runReflectiveCall(FrameworkMethod.java:47)
	at org.junit.internal.runners.model.ReflectiveCallable.run(ReflectiveCallable.java:12)
	at org.junit.runners.model.FrameworkMethod.invokeExplosively(FrameworkMethod.java:44)
	at org.junit.internal.runners.statements.InvokeMethod.evaluate(InvokeMethod.java:17)
	at org.junit.internal.runners.statements.FailOnTimeout$StatementThread.run(FailOnTimeout.java:74)
</error>
    <system-out><![CDATA[2019-08-24 00:36:55,534 [Thread-1095] WARN  server.ServerUtils (ServerUtils.java:getScmDbDir(145)) - ozone.scm.db.dirs is not configured. We recommend adding this setting. Falling back to ozone.metadata.dirs instead.
2019-08-24 00:36:55,548 [Thread-1095] WARN  server.ServerUtils (ServerUtils.java:getScmDbDir(145)) - ozone.scm.db.dirs is not configured. We recommend adding this setting. Falling back to ozone.metadata.dirs instead.
2019-08-24 00:36:55,549 [Thread-1095] WARN  server.ServerUtils (ServerUtils.java:getScmDbDir(145)) - ozone.scm.db.dirs is not configured. We recommend adding this setting. Falling back to ozone.metadata.dirs instead.
2019-08-24 00:36:55,549 [Thread-1095] INFO  db.DBStoreBuilder (DBStoreBuilder.java:addTable(110)) - using custom profile for table: deletedBlocks
2019-08-24 00:36:55,549 [Thread-1095] INFO  db.DBStoreBuilder (DBStoreBuilder.java:processTables(161)) - Using default column profile:DBProfile.DISK for Table:deletedBlocks
2019-08-24 00:36:55,549 [Thread-1095] INFO  db.DBStoreBuilder (DBStoreBuilder.java:addTable(110)) - using custom profile for table: validCerts
2019-08-24 00:36:55,550 [Thread-1095] INFO  db.DBStoreBuilder (DBStoreBuilder.java:processTables(161)) - Using default column profile:DBProfile.DISK for Table:validCerts
2019-08-24 00:36:55,550 [Thread-1095] INFO  db.DBStoreBuilder (DBStoreBuilder.java:addTable(110)) - using custom profile for table: revokedCerts
2019-08-24 00:36:55,551 [Thread-1095] INFO  db.DBStoreBuilder (DBStoreBuilder.java:processTables(161)) - Using default column profile:DBProfile.DISK for Table:revokedCerts
2019-08-24 00:36:55,551 [Thread-1095] INFO  db.DBStoreBuilder (DBStoreBuilder.java:addTable(110)) - using custom profile for table: default
2019-08-24 00:36:55,551 [Thread-1095] INFO  db.DBStoreBuilder (DBStoreBuilder.java:processTables(167)) - Using default column profile:DBProfile.DISK for Table:default
2019-08-24 00:36:55,551 [Thread-1095] INFO  db.DBStoreBuilder (DBStoreBuilder.java:getDbProfile(198)) - Using default options. DBProfile.DISK
2019-08-24 00:36:55,719 [Thread-1095] INFO  net.NodeSchemaLoader (NodeSchemaLoader.java:loadSchemaFromFile(125)) - Loading file from sun.misc.CompoundEnumeration@15d08a8b
2019-08-24 00:36:55,720 [Thread-1095] INFO  net.NodeSchemaLoader (NodeSchemaLoader.java:loadSchema(171)) - Loading network topology layer schema file
2019-08-24 00:36:55,725 [Thread-1095] INFO  node.SCMNodeManager (SCMNodeManager.java:<init>(121)) - Entering startup safe mode.
2019-08-24 00:36:55,725 [Thread-1095] INFO  algorithms.ContainerPlacementPolicyFactory (ContainerPlacementPolicyFactory.java:getPolicy(55)) - Create container placement policy of type org.apache.hadoop.hdds.scm.container.placement.algorithms.SCMContainerPlacementRandom
2019-08-24 00:36:55,726 [Thread-1095] WARN  server.ServerUtils (ServerUtils.java:getScmDbDir(145)) - ozone.scm.db.dirs is not configured. We recommend adding this setting. Falling back to ozone.metadata.dirs instead.
2019-08-24 00:36:55,782 [Thread-1095] INFO  pipeline.SCMPipelineManager (SCMPipelineManager.java:initializePipelineState(126)) - No pipeline exists in current db
2019-08-24 00:36:55,783 [Thread-1095] WARN  server.ServerUtils (ServerUtils.java:getScmDbDir(145)) - ozone.scm.db.dirs is not configured. We recommend adding this setting. Falling back to ozone.metadata.dirs instead.
2019-08-24 00:36:55,842 [Thread-1095] WARN  events.EventQueue (EventQueue.java:fireEvent(175)) - No event handler registered for event TypedEvent{payloadType=SafeModeStatus, name='SafeModeStatus'}
2019-08-24 00:36:55,843 [Thread-1095] INFO  ipc.CallQueueManager (CallQueueManager.java:<init>(84)) - Using callQueue: class java.util.concurrent.LinkedBlockingQueue, queueCapacity: 2000, scheduler: class org.apache.hadoop.ipc.DefaultRpcScheduler, ipcBackoff: false.
2019-08-24 00:36:55,844 [Socket Reader #1 for port 38317] INFO  ipc.Server (Server.java:run(1074)) - Starting Socket Reader #1 for port 38317
2019-08-24 00:36:55,846 [Thread-1095] INFO  ipc.CallQueueManager (CallQueueManager.java:<init>(84)) - Using callQueue: class java.util.concurrent.LinkedBlockingQueue, queueCapacity: 2000, scheduler: class org.apache.hadoop.ipc.DefaultRpcScheduler, ipcBackoff: false.
2019-08-24 00:36:55,847 [Socket Reader #1 for port 46776] INFO  ipc.Server (Server.java:run(1074)) - Starting Socket Reader #1 for port 46776
2019-08-24 00:36:55,848 [Thread-1095] INFO  ipc.CallQueueManager (CallQueueManager.java:<init>(84)) - Using callQueue: class java.util.concurrent.LinkedBlockingQueue, queueCapacity: 2000, scheduler: class org.apache.hadoop.ipc.DefaultRpcScheduler, ipcBackoff: false.
2019-08-24 00:36:55,849 [Socket Reader #1 for port 34157] INFO  ipc.Server (Server.java:run(1074)) - Starting Socket Reader #1 for port 34157
2019-08-24 00:36:55,851 [Thread-1095] INFO  hdfs.DFSUtil (DFSUtil.java:httpServerTemplateForNNAndJN(1641)) - Starting Web-server for scm at: http://0.0.0.0:0
2019-08-24 00:36:55,852 [Thread-1095] INFO  server.AuthenticationFilter (AuthenticationFilter.java:constructSecretProvider(240)) - Unable to initialize FileSignerSecretProvider, falling back to use random secrets.
2019-08-24 00:36:55,853 [Thread-1095] WARN  http.HttpRequestLog (HttpRequestLog.java:getRequestLog(97)) - Jetty request log can only be enabled using Log4j
2019-08-24 00:36:55,855 [Thread-1095] INFO  http.HttpServer2 (HttpServer2.java:addGlobalFilter(975)) - Added global filter 'safety' (class=org.apache.hadoop.http.HttpServer2$QuotingInputFilter)
2019-08-24 00:36:55,856 [Thread-1095] INFO  http.HttpServer2 (HttpServer2.java:addFilter(948)) - Added filter static_user_filter (class=org.apache.hadoop.http.lib.StaticUserWebFilter$StaticUserFilter) to context scm
2019-08-24 00:36:55,856 [Thread-1095] INFO  http.HttpServer2 (HttpServer2.java:addFilter(958)) - Added filter static_user_filter (class=org.apache.hadoop.http.lib.StaticUserWebFilter$StaticUserFilter) to context static
2019-08-24 00:36:55,856 [Thread-1095] INFO  http.HttpServer2 (HttpServer2.java:addFilter(958)) - Added filter static_user_filter (class=org.apache.hadoop.http.lib.StaticUserWebFilter$StaticUserFilter) to context logs
2019-08-24 00:36:55,858 [Thread-1095] INFO  server.StorageContainerManager (StorageContainerManager.java:start(759)) - StorageContainerLocationProtocol RPC server is listening at /0.0.0.0:34157
2019-08-24 00:36:55,860 [Thread-1095] WARN  impl.MetricsConfig (MetricsConfig.java:loadFirst(134)) - Cannot locate configuration: tried hadoop-metrics2-storagecontainermanager.properties,hadoop-metrics2.properties
2019-08-24 00:36:55,861 [Thread-1095] INFO  impl.MetricsSystemImpl (MetricsSystemImpl.java:startTimer(374)) - Scheduled Metric snapshot period at 10 second(s).
2019-08-24 00:36:55,861 [Thread-1095] INFO  impl.MetricsSystemImpl (MetricsSystemImpl.java:start(191)) - StorageContainerManager metrics system started
2019-08-24 00:36:55,886 [Thread-1095] INFO  server.SCMClientProtocolServer (SCMClientProtocolServer.java:start(151)) - RPC server for Client  is listening at /0.0.0.0:34157
2019-08-24 00:36:55,887 [IPC Server Responder] INFO  ipc.Server (Server.java:run(1314)) - IPC Server Responder: starting
2019-08-24 00:36:55,887 [IPC Server listener on 34157] INFO  ipc.Server (Server.java:run(1153)) - IPC Server listener on 34157: starting
2019-08-24 00:36:55,892 [Thread-1095] INFO  server.StorageContainerManager (StorageContainerManager.java:start(769)) - ScmBlockLocationProtocol RPC server is listening at /0.0.0.0:46776
2019-08-24 00:36:55,892 [Thread-1095] INFO  server.SCMBlockProtocolServer (SCMBlockProtocolServer.java:start(140)) - RPC server for Block Protocol is listening at /0.0.0.0:46776
2019-08-24 00:36:55,892 [IPC Server Responder] INFO  ipc.Server (Server.java:run(1314)) - IPC Server Responder: starting
2019-08-24 00:36:55,893 [IPC Server listener on 46776] INFO  ipc.Server (Server.java:run(1153)) - IPC Server listener on 46776: starting
2019-08-24 00:36:55,896 [Thread-1095] INFO  server.StorageContainerManager (StorageContainerManager.java:start(773)) - ScmDatanodeProtocl RPC server is listening at /0.0.0.0:38317
2019-08-24 00:36:55,896 [Thread-1095] INFO  server.SCMDatanodeProtocolServer (SCMDatanodeProtocolServer.java:start(191)) - RPC server for DataNodes is listening at /0.0.0.0:38317
2019-08-24 00:36:55,897 [IPC Server Responder] INFO  ipc.Server (Server.java:run(1314)) - IPC Server Responder: starting
2019-08-24 00:36:55,897 [IPC Server listener on 38317] INFO  ipc.Server (Server.java:run(1153)) - IPC Server listener on 38317: starting
2019-08-24 00:36:55,901 [Thread-1095] INFO  http.HttpServer2 (HttpServer2.java:bindListener(1191)) - Jetty bound to port 33846
2019-08-24 00:36:55,901 [Thread-1095] INFO  server.Server (Server.java:doStart(351)) - jetty-9.3.24.v20180605, build timestamp: 2018-06-05T17:11:56Z, git hash: 84205aa28f11a4f31f2a3b86d1bba2cc8ab69827
2019-08-24 00:36:55,903 [Thread-1095] INFO  handler.ContextHandler (ContextHandler.java:doStart(781)) - Started o.e.j.s.ServletContextHandler@352da02a{/logs,file:///workdir/hadoop-ozone/integration-test/target/log,AVAILABLE}
2019-08-24 00:36:55,904 [Thread-1095] INFO  handler.ContextHandler (ContextHandler.java:doStart(781)) - Started o.e.j.s.ServletContextHandler@42bd9bf9{/static,file:///workdir/hadoop-ozone/integration-test/target/test-classes/webapps/static,AVAILABLE}
2019-08-24 00:36:55,907 [Thread-1095] INFO  handler.ContextHandler (ContextHandler.java:doStart(781)) - Started o.e.j.w.WebAppContext@33dcf913{/,file:///workdir/hadoop-ozone/integration-test/target/test-classes/webapps/scm/,AVAILABLE}{/scm}
2019-08-24 00:36:55,908 [Thread-1095] INFO  server.AbstractConnector (AbstractConnector.java:doStart(278)) - Started ServerConnector@31450ea{HTTP/1.1,[http/1.1]}{0.0.0.0:33846}
2019-08-24 00:36:55,909 [Thread-1095] INFO  server.Server (Server.java:doStart(419)) - Started @78317ms
2019-08-24 00:36:55,909 [Thread-1095] INFO  server.BaseHttpServer (BaseHttpServer.java:updateConnectorAddress(213)) - HTTP server of SCM is listening at http://0.0.0.0:33846
2019-08-24 00:36:55,910 [Thread-1095] WARN  server.ServerUtils (ServerUtils.java:getDBPath(222)) - ozone.om.db.dirs is not configured. We recommend adding this setting. Falling back to ozone.metadata.dirs instead.
2019-08-24 00:36:55,911 [org.apache.hadoop.util.JvmPauseMonitor$Monitor@3b17d0ee] INFO  util.JvmPauseMonitor (JvmPauseMonitor.java:run(188)) - Starting JVM pause monitor
2019-08-24 00:36:55,935 [Thread-1095] WARN  server.ServerUtils (ServerUtils.java:getDBPath(222)) - ozone.om.db.dirs is not configured. We recommend adding this setting. Falling back to ozone.metadata.dirs instead.
2019-08-24 00:36:55,936 [Thread-1095] WARN  server.ServerUtils (ServerUtils.java:getDBPath(222)) - ozone.om.db.dirs is not configured. We recommend adding this setting. Falling back to ozone.metadata.dirs instead.
2019-08-24 00:36:55,936 [Thread-1095] INFO  om.OzoneManager (OzoneManager.java:setOMNodeDetails(648)) - OM Service ID is not set. Setting it to the default ID: omServiceIdDefault
2019-08-24 00:36:55,936 [Thread-1095] INFO  om.OzoneManager (OzoneManager.java:setOMNodeDetails(654)) - OM Node ID is not set. Setting it to the OmStorage's OmID: 372a6af6-a57e-4203-942b-3df9acdb3fd6
2019-08-24 00:36:55,937 [Thread-1095] INFO  om.OzoneManager (OzoneManager.java:loadOMHAConfigs(605)) - Found matching OM address with OMServiceId: null, OMNodeId: null, RPC Address: localhost:0 and Ratis port: 9872
2019-08-24 00:36:55,943 | INFO  | SCMAudit | user=jenkins1000 | ip=192.168.34.57 | op=GET_SCM_INFO null | ret=SUCCESS |  
2019-08-24 00:36:55,945 [Thread-1095] WARN  server.ServerUtils (ServerUtils.java:getDBPath(222)) - ozone.om.db.dirs is not configured. We recommend adding this setting. Falling back to ozone.metadata.dirs instead.
2019-08-24 00:36:55,945 [Thread-1095] INFO  db.DBStoreBuilder (DBStoreBuilder.java:addTable(110)) - using custom profile for table: userTable
2019-08-24 00:36:55,945 [Thread-1095] INFO  db.DBStoreBuilder (DBStoreBuilder.java:processTables(161)) - Using default column profile:DBProfile.DISK for Table:userTable
2019-08-24 00:36:55,946 [Thread-1095] INFO  db.DBStoreBuilder (DBStoreBuilder.java:addTable(110)) - using custom profile for table: volumeTable
2019-08-24 00:36:55,946 [Thread-1095] INFO  db.DBStoreBuilder (DBStoreBuilder.java:processTables(161)) - Using default column profile:DBProfile.DISK for Table:volumeTable
2019-08-24 00:36:55,946 [Thread-1095] INFO  db.DBStoreBuilder (DBStoreBuilder.java:addTable(110)) - using custom profile for table: bucketTable
2019-08-24 00:36:55,946 [Thread-1095] INFO  db.DBStoreBuilder (DBStoreBuilder.java:processTables(161)) - Using default column profile:DBProfile.DISK for Table:bucketTable
2019-08-24 00:36:55,946 [Thread-1095] INFO  db.DBStoreBuilder (DBStoreBuilder.java:addTable(110)) - using custom profile for table: keyTable
2019-08-24 00:36:55,946 [Thread-1095] INFO  db.DBStoreBuilder (DBStoreBuilder.java:processTables(161)) - Using default column profile:DBProfile.DISK for Table:keyTable
2019-08-24 00:36:55,947 [Thread-1095] INFO  db.DBStoreBuilder (DBStoreBuilder.java:addTable(110)) - using custom profile for table: deletedTable
2019-08-24 00:36:55,947 [Thread-1095] INFO  db.DBStoreBuilder (DBStoreBuilder.java:processTables(161)) - Using default column profile:DBProfile.DISK for Table:deletedTable
2019-08-24 00:36:55,947 [Thread-1095] INFO  db.DBStoreBuilder (DBStoreBuilder.java:addTable(110)) - using custom profile for table: openKeyTable
2019-08-24 00:36:55,947 [Thread-1095] INFO  db.DBStoreBuilder (DBStoreBuilder.java:processTables(161)) - Using default column profile:DBProfile.DISK for Table:openKeyTable
2019-08-24 00:36:55,947 [Thread-1095] INFO  db.DBStoreBuilder (DBStoreBuilder.java:addTable(110)) - using custom profile for table: s3Table
2019-08-24 00:36:55,947 [Thread-1095] INFO  db.DBStoreBuilder (DBStoreBuilder.java:processTables(161)) - Using default column profile:DBProfile.DISK for Table:s3Table
2019-08-24 00:36:55,948 [Thread-1095] INFO  db.DBStoreBuilder (DBStoreBuilder.java:addTable(110)) - using custom profile for table: multipartInfoTable
2019-08-24 00:36:55,948 [Thread-1095] INFO  db.DBStoreBuilder (DBStoreBuilder.java:processTables(161)) - Using default column profile:DBProfile.DISK for Table:multipartInfoTable
2019-08-24 00:36:55,948 [Thread-1095] INFO  db.DBStoreBuilder (DBStoreBuilder.java:addTable(110)) - using custom profile for table: dTokenTable
2019-08-24 00:36:55,948 [Thread-1095] INFO  db.DBStoreBuilder (DBStoreBuilder.java:processTables(161)) - Using default column profile:DBProfile.DISK for Table:dTokenTable
2019-08-24 00:36:55,948 [Thread-1095] INFO  db.DBStoreBuilder (DBStoreBuilder.java:addTable(110)) - using custom profile for table: s3SecretTable
2019-08-24 00:36:55,948 [Thread-1095] INFO  db.DBStoreBuilder (DBStoreBuilder.java:processTables(161)) - Using default column profile:DBProfile.DISK for Table:s3SecretTable
2019-08-24 00:36:55,949 [Thread-1095] INFO  db.DBStoreBuilder (DBStoreBuilder.java:addTable(110)) - using custom profile for table: prefixTable
2019-08-24 00:36:55,949 [Thread-1095] INFO  db.DBStoreBuilder (DBStoreBuilder.java:processTables(161)) - Using default column profile:DBProfile.DISK for Table:prefixTable
2019-08-24 00:36:55,949 [Thread-1095] INFO  db.DBStoreBuilder (DBStoreBuilder.java:addTable(110)) - using custom profile for table: default
2019-08-24 00:36:55,949 [Thread-1095] INFO  db.DBStoreBuilder (DBStoreBuilder.java:processTables(167)) - Using default column profile:DBProfile.DISK for Table:default
2019-08-24 00:36:55,949 [Thread-1095] INFO  db.DBStoreBuilder (DBStoreBuilder.java:getDbProfile(198)) - Using default options. DBProfile.DISK
2019-08-24 00:36:56,422 [Thread-1095] INFO  ipc.CallQueueManager (CallQueueManager.java:<init>(84)) - Using callQueue: class java.util.concurrent.LinkedBlockingQueue, queueCapacity: 2000, scheduler: class org.apache.hadoop.ipc.DefaultRpcScheduler, ipcBackoff: false.
2019-08-24 00:36:56,424 [Socket Reader #1 for port 42168] INFO  ipc.Server (Server.java:run(1074)) - Starting Socket Reader #1 for port 42168
2019-08-24 00:36:56,440 [Thread-1095] INFO  om.OzoneManager (OzoneManager.java:start(1259)) - OzoneManager RPC server is listening at localhost/127.0.0.1:42168
2019-08-24 00:36:56,440 [Thread-1095] INFO  impl.MetricsSystemImpl (MetricsSystemImpl.java:init(158)) - OzoneManager metrics system started (again)
2019-08-24 00:36:56,441 [IPC Server Responder] INFO  ipc.Server (Server.java:run(1314)) - IPC Server Responder: starting
2019-08-24 00:36:56,442 [IPC Server listener on 42168] INFO  ipc.Server (Server.java:run(1153)) - IPC Server listener on 42168: starting
2019-08-24 00:36:56,445 [Thread-1095] INFO  hdfs.DFSUtil (DFSUtil.java:httpServerTemplateForNNAndJN(1641)) - Starting Web-server for ozoneManager at: http://0.0.0.0:0
2019-08-24 00:36:56,448 [Thread-1095] INFO  server.AuthenticationFilter (AuthenticationFilter.java:constructSecretProvider(240)) - Unable to initialize FileSignerSecretProvider, falling back to use random secrets.
2019-08-24 00:36:56,448 [Thread-1095] WARN  http.HttpRequestLog (HttpRequestLog.java:getRequestLog(97)) - Jetty request log can only be enabled using Log4j
2019-08-24 00:36:56,451 [Thread-1095] INFO  http.HttpServer2 (HttpServer2.java:addGlobalFilter(975)) - Added global filter 'safety' (class=org.apache.hadoop.http.HttpServer2$QuotingInputFilter)
2019-08-24 00:36:56,452 [Thread-1095] INFO  http.HttpServer2 (HttpServer2.java:addFilter(948)) - Added filter static_user_filter (class=org.apache.hadoop.http.lib.StaticUserWebFilter$StaticUserFilter) to context ozoneManager
2019-08-24 00:36:56,452 [Thread-1095] INFO  http.HttpServer2 (HttpServer2.java:addFilter(958)) - Added filter static_user_filter (class=org.apache.hadoop.http.lib.StaticUserWebFilter$StaticUserFilter) to context static
2019-08-24 00:36:56,452 [Thread-1095] INFO  http.HttpServer2 (HttpServer2.java:addFilter(958)) - Added filter static_user_filter (class=org.apache.hadoop.http.lib.StaticUserWebFilter$StaticUserFilter) to context logs
2019-08-24 00:36:56,453 [Thread-1095] INFO  http.HttpServer2 (HttpServer2.java:bindListener(1191)) - Jetty bound to port 46371
2019-08-24 00:36:56,453 [Thread-1095] INFO  server.Server (Server.java:doStart(351)) - jetty-9.3.24.v20180605, build timestamp: 2018-06-05T17:11:56Z, git hash: 84205aa28f11a4f31f2a3b86d1bba2cc8ab69827
2019-08-24 00:36:56,456 [Thread-1095] INFO  handler.ContextHandler (ContextHandler.java:doStart(781)) - Started o.e.j.s.ServletContextHandler@4b59cab6{/logs,file:///workdir/hadoop-ozone/integration-test/target/log,AVAILABLE}
2019-08-24 00:36:56,456 [Thread-1095] INFO  handler.ContextHandler (ContextHandler.java:doStart(781)) - Started o.e.j.s.ServletContextHandler@2b404279{/static,file:///workdir/hadoop-ozone/integration-test/target/test-classes/webapps/static,AVAILABLE}
2019-08-24 00:36:56,462 [Thread-1095] INFO  handler.ContextHandler (ContextHandler.java:doStart(781)) - Started o.e.j.w.WebAppContext@349380c3{/,file:///workdir/hadoop-ozone/integration-test/target/test-classes/webapps/ozoneManager/,AVAILABLE}{/ozoneManager}
2019-08-24 00:36:56,462 [Thread-1095] INFO  server.AbstractConnector (AbstractConnector.java:doStart(278)) - Started ServerConnector@6bd64c9f{HTTP/1.1,[http/1.1]}{0.0.0.0:46371}
2019-08-24 00:36:56,463 [Thread-1095] INFO  server.Server (Server.java:doStart(419)) - Started @78872ms
2019-08-24 00:36:56,464 [Thread-1095] INFO  server.BaseHttpServer (BaseHttpServer.java:updateConnectorAddress(213)) - HTTP server of OZONEMANAGER is listening at http://0.0.0.0:46371
2019-08-24 00:36:56,468 [Thread-1095] INFO  impl.MetricsSystemImpl (MetricsSystemImpl.java:init(158)) - HddsDatanode metrics system started (again)
2019-08-24 00:36:56,471 [Thread-1095] INFO  ozone.HddsDatanodeService (HddsDatanodeService.java:start(184)) - HddsDatanodeService host:pr-hdds-1909-kfjhh-925290811 ip:192.168.34.57
2019-08-24 00:36:56,478 [Thread-1095] INFO  volume.HddsVolume (HddsVolume.java:<init>(176)) - Creating Volume: /workdir/hadoop-ozone/integration-test/target/test-dir/MiniOzoneClusterImpl-a17881c9-06d9-4643-8696-4f8e2adcb1d1/datanode-0/data/containers/hdds of  storage type : DISK and capacity : 1482555576320
2019-08-24 00:36:56,478 [Thread-1095] INFO  volume.VolumeSet (VolumeSet.java:initializeVolumeSet(170)) - Added Volume : /workdir/hadoop-ozone/integration-test/target/test-dir/MiniOzoneClusterImpl-a17881c9-06d9-4643-8696-4f8e2adcb1d1/datanode-0/data/containers/hdds to VolumeSet
2019-08-24 00:36:56,478 [Thread-1095] INFO  volume.ThrottledAsyncChecker (ThrottledAsyncChecker.java:schedule(140)) - Scheduling a check for org.apache.hadoop.ozone.container.common.volume.HddsVolume@657fcfbf
2019-08-24 00:36:56,480 [Thread-1095] INFO  volume.HddsVolumeChecker (HddsVolumeChecker.java:checkAllVolumes(203)) - Scheduled health check for volume org.apache.hadoop.ozone.container.common.volume.HddsVolume@657fcfbf
2019-08-24 00:36:56,499 [Thread-1095] INFO  impl.RaftServerProxy (ConfUtils.java:logGet(43)) - raft.rpc.type = GRPC (default)
2019-08-24 00:36:56,500 [Thread-1095] INFO  grpc.GrpcFactory (GrpcFactory.java:checkPooledByteBufAllocatorUseCacheForAllThreads(45)) - PERFORMANCE WARNING: useCacheForAllThreads is true that may cause Netty to create a lot garbage objects and, as a result, trigger GC.
	It is recommended to disable useCacheForAllThreads by setting -Dorg.apache.ratis.thirdparty.io.netty.allocator.useCacheForAllThreads=false in command line.
2019-08-24 00:36:56,500 [Thread-1095] INFO  grpc.GrpcConfigKeys$Server (ConfUtils.java:logGet(43)) - raft.grpc.server.port = 0 (default)
2019-08-24 00:36:56,500 [Thread-1095] INFO  server.GrpcService (ConfUtils.java:logGet(43)) - raft.grpc.message.size.max = 33570816 (custom)
2019-08-24 00:36:56,500 [Thread-1095] INFO  server.RaftServerConfigKeys (ConfUtils.java:logGet(43)) - raft.server.log.appender.buffer.byte-limit = 33554432 (custom)
2019-08-24 00:36:56,500 [Thread-1095] INFO  server.GrpcService (ConfUtils.java:logGet(43)) - raft.grpc.flow.control.window = 1MB (=1048576) (default)
2019-08-24 00:36:56,501 [Thread-1095] INFO  server.RaftServerConfigKeys (ConfUtils.java:logGet(43)) - raft.server.rpc.request.timeout = 3000ms (default)
2019-08-24 00:36:56,501 [Thread-1095] INFO  server.RaftServerConfigKeys (ConfUtils.java:logGet(43)) - raft.server.storage.dir = [/workdir/hadoop-ozone/integration-test/target/test-dir/MiniOzoneClusterImpl-a17881c9-06d9-4643-8696-4f8e2adcb1d1/datanode-0/data/ratis] (custom)
2019-08-24 00:36:56,502 [Thread-1095] INFO  replication.SimpleContainerDownloader (SimpleContainerDownloader.java:<init>(72)) - Starting container downloader service to copy containers to replicate.
2019-08-24 00:36:56,503 [Thread-1095] INFO  hdfs.DFSUtil (DFSUtil.java:httpServerTemplateForNNAndJN(1641)) - Starting Web-server for hddsDatanode at: http://0.0.0.0:0
2019-08-24 00:36:56,505 [Thread-1095] INFO  server.AuthenticationFilter (AuthenticationFilter.java:constructSecretProvider(240)) - Unable to initialize FileSignerSecretProvider, falling back to use random secrets.
2019-08-24 00:36:56,505 [Thread-1095] WARN  http.HttpRequestLog (HttpRequestLog.java:getRequestLog(97)) - Jetty request log can only be enabled using Log4j
2019-08-24 00:36:56,507 [Thread-1095] INFO  http.HttpServer2 (HttpServer2.java:addGlobalFilter(975)) - Added global filter 'safety' (class=org.apache.hadoop.http.HttpServer2$QuotingInputFilter)
2019-08-24 00:36:56,507 [Thread-1095] INFO  http.HttpServer2 (HttpServer2.java:addFilter(948)) - Added filter static_user_filter (class=org.apache.hadoop.http.lib.StaticUserWebFilter$StaticUserFilter) to context hddsDatanode
2019-08-24 00:36:56,507 [Thread-1095] INFO  http.HttpServer2 (HttpServer2.java:addFilter(958)) - Added filter static_user_filter (class=org.apache.hadoop.http.lib.StaticUserWebFilter$StaticUserFilter) to context logs
2019-08-24 00:36:56,508 [Thread-1095] INFO  http.HttpServer2 (HttpServer2.java:addFilter(958)) - Added filter static_user_filter (class=org.apache.hadoop.http.lib.StaticUserWebFilter$StaticUserFilter) to context static
2019-08-24 00:36:56,508 [Thread-1095] INFO  http.HttpServer2 (HttpServer2.java:bindListener(1191)) - Jetty bound to port 39579
2019-08-24 00:36:56,508 [Thread-1095] INFO  server.Server (Server.java:doStart(351)) - jetty-9.3.24.v20180605, build timestamp: 2018-06-05T17:11:56Z, git hash: 84205aa28f11a4f31f2a3b86d1bba2cc8ab69827
2019-08-24 00:36:56,510 [Thread-1095] INFO  handler.ContextHandler (ContextHandler.java:doStart(781)) - Started o.e.j.s.ServletContextHandler@1f4952c3{/logs,file:///workdir/hadoop-ozone/integration-test/target/log,AVAILABLE}
2019-08-24 00:36:56,511 [Thread-1095] INFO  handler.ContextHandler (ContextHandler.java:doStart(781)) - Started o.e.j.s.ServletContextHandler@25c0620a{/static,jar:file:/home/user/.m2/repository/org/apache/hadoop/hadoop-hdds-container-service/0.5.0-SNAPSHOT/hadoop-hdds-container-service-0.5.0-SNAPSHOT.jar!/webapps/static,AVAILABLE}
2019-08-24 00:36:56,543 [Thread-1095] INFO  handler.ContextHandler (ContextHandler.java:doStart(781)) - Started o.e.j.w.WebAppContext@b9bd9f5{/,file:///tmp/jetty-0.0.0.0-39579-hddsDatanode-_-any-868637832098037530.dir/webapp/,AVAILABLE}{/hddsDatanode}
2019-08-24 00:36:56,543 [Thread-1095] INFO  server.AbstractConnector (AbstractConnector.java:doStart(278)) - Started ServerConnector@6fbebbbe{HTTP/1.1,[http/1.1]}{0.0.0.0:39579}
2019-08-24 00:36:56,545 [Thread-1095] INFO  server.Server (Server.java:doStart(419)) - Started @78953ms
2019-08-24 00:36:56,545 [Thread-1095] INFO  server.BaseHttpServer (BaseHttpServer.java:updateConnectorAddress(213)) - HTTP server of HDDSDATANODE is listening at http://0.0.0.0:39579
2019-08-24 00:36:56,757 | INFO  | ObjectStoreRestHttpServer | Listening HDDS REST traffic on /0.0.0.0:44670 |  
2019-08-24 00:36:56,758 [Thread-1095] INFO  ozone.HddsDatanodeService (HddsDatanodeService.java:startPlugins(395)) - Started plug-in org.apache.hadoop.ozone.web.OzoneHddsDatanodeService@77055048
2019-08-24 00:36:56,758 [Thread-1095] INFO  ozone.MiniOzoneClusterImpl (MiniOzoneClusterImpl.java:lambda$waitForClusterToBeReady$0(142)) - Waiting for cluster to be ready. Got 0 of 1 DN Heartbeats.
2019-08-24 00:36:56,761 [org.apache.hadoop.util.JvmPauseMonitor$Monitor@42f5b640] INFO  util.JvmPauseMonitor (JvmPauseMonitor.java:run(188)) - Starting JVM pause monitor
2019-08-24 00:36:56,762 [Datanode State Machine Thread - 0] INFO  datanode.InitDatanodeState (InitDatanodeState.java:persistContainerDatanodeDetails(140)) - DatanodeDetails is persisted to /workdir/hadoop-ozone/integration-test/target/test-dir/MiniOzoneClusterImpl-a17881c9-06d9-4643-8696-4f8e2adcb1d1/datanode-0/meta/datanode.id
2019-08-24 00:36:57,758 [Thread-1095] INFO  ozone.MiniOzoneClusterImpl (MiniOzoneClusterImpl.java:lambda$waitForClusterToBeReady$0(142)) - Waiting for cluster to be ready. Got 0 of 1 DN Heartbeats.
2019-08-24 00:36:58,759 [Thread-1095] INFO  ozone.MiniOzoneClusterImpl (MiniOzoneClusterImpl.java:lambda$waitForClusterToBeReady$0(142)) - Waiting for cluster to be ready. Got 0 of 1 DN Heartbeats.
2019-08-24 00:36:58,768 | INFO  | SCMAudit | user=jenkins1000 | ip=192.168.34.57 | op=GET_VERSION null | ret=SUCCESS |  
2019-08-24 00:36:58,794 [Datanode State Machine Thread - 0] INFO  ozoneimpl.OzoneContainer (OzoneContainer.java:start(186)) - Attempting to start container services.
2019-08-24 00:36:58,796 [Datanode State Machine Thread - 0] INFO  ozoneimpl.OzoneContainer (OzoneContainer.java:startContainerScrub(160)) - Background container scrubber has been disabled by hdds.containerscrub.enabled
2019-08-24 00:36:58,796 [Datanode State Machine Thread - 0] INFO  ratis.XceiverServerRatis (XceiverServerRatis.java:start(404)) - Starting XceiverServerRatis fbb72e40-54b3-4254-bcd2-d86a09a0d730 at port 0
2019-08-24 00:36:58,809 [Datanode State Machine Thread - 0] INFO  impl.RaftServerProxy (RaftServerProxy.java:lambda$start$3(299)) - fbb72e40-54b3-4254-bcd2-d86a09a0d730: start RPC server
2019-08-24 00:36:58,812 [Datanode State Machine Thread - 0] INFO  server.GrpcService (GrpcService.java:startImpl(149)) - fbb72e40-54b3-4254-bcd2-d86a09a0d730: GrpcService started, listening on 0.0.0.0/0.0.0.0:37236
2019-08-24 00:36:58,812 [Datanode State Machine Thread - 0] INFO  ratis.XceiverServerRatis (XceiverServerRatis.java:start(414)) - XceiverServerRatis fbb72e40-54b3-4254-bcd2-d86a09a0d730 is started using port 37236
2019-08-24 00:36:58,814 [Datanode State Machine Thread - 0] INFO  server.XceiverServerGrpc (XceiverServerGrpc.java:start(161)) - XceiverServerGrpc fbb72e40-54b3-4254-bcd2-d86a09a0d730 is started using port 43847
2019-08-24 00:36:59,762 [Thread-1095] INFO  ozone.MiniOzoneClusterImpl (MiniOzoneClusterImpl.java:lambda$waitForClusterToBeReady$0(142)) - Waiting for cluster to be ready. Got 0 of 1 DN Heartbeats.
2019-08-24 00:37:00,763 [Thread-1095] INFO  ozone.MiniOzoneClusterImpl (MiniOzoneClusterImpl.java:lambda$waitForClusterToBeReady$0(142)) - Waiting for cluster to be ready. Got 0 of 1 DN Heartbeats.
2019-08-24 00:37:00,767 [IPC Server handler 0 on 38317] INFO  net.NetworkTopology (NetworkTopologyImpl.java:add(110)) - Added a new node: /default-rack/fbb72e40-54b3-4254-bcd2-d86a09a0d730
2019-08-24 00:37:00,769 [IPC Server handler 0 on 38317] INFO  node.SCMNodeManager (SCMNodeManager.java:register(273)) - Registered Data node : fbb72e40-54b3-4254-bcd2-d86a09a0d730{ip: 192.168.34.57, host: pr-hdds-1909-kfjhh-925290811, networkLocation: /default-rack, certSerialId: null}
2019-08-24 00:37:00,773 [EventQueue-NodeRegistrationContainerReportForDataNodeSafeModeRule] INFO  safemode.SCMSafeModeManager (DataNodeSafeModeRule.java:process(71)) - SCM in safe mode. 1 DataNodes registered, 1 required.
2019-08-24 00:37:00,773 | INFO  | SCMAudit | user=jenkins1000 | ip=192.168.34.57 | op=REGISTER {datanodeDetails=fbb72e40-54b3-4254-bcd2-d86a09a0d730{ip: 192.168.34.57, host: pr-hdds-1909-kfjhh-925290811, networkLocation: /default-rack, certSerialId: null}} | ret=SUCCESS |  
2019-08-24 00:37:00,774 [EventQueue-NodeRegistrationContainerReportForDataNodeSafeModeRule] INFO  safemode.SCMSafeModeManager (SCMSafeModeManager.java:validateSafeModeExitRules(177)) - ScmSafeModeManager, all rules are successfully validated
2019-08-24 00:37:00,774 [EventQueue-NodeRegistrationContainerReportForDataNodeSafeModeRule] INFO  safemode.SCMSafeModeManager (SCMSafeModeManager.java:exitSafeMode(193)) - SCM exiting safe mode.
2019-08-24 00:37:00,805 [grpc-default-executor-0] INFO  impl.RaftServerProxy (RaftServerProxy.java:addNew(89)) - fbb72e40-54b3-4254-bcd2-d86a09a0d730: addNew group-12C61DCA3F7B:[fbb72e40-54b3-4254-bcd2-d86a09a0d730:192.168.34.57:37236] returns group-12C61DCA3F7B:java.util.concurrent.CompletableFuture@7485e74e[Not completed]
2019-08-24 00:37:00,810 [pool-429-thread-1] INFO  impl.RaftServerImpl (RaftServerImpl.java:<init>(93)) - fbb72e40-54b3-4254-bcd2-d86a09a0d730: new RaftServerImpl for group-12C61DCA3F7B:[fbb72e40-54b3-4254-bcd2-d86a09a0d730:192.168.34.57:37236] with ContainerStateMachine:uninitialized
2019-08-24 00:37:00,811 [pool-429-thread-1] INFO  server.RaftServerConfigKeys (ConfUtils.java:logGet(43)) - raft.server.rpc.timeout.min = 5s (custom)
2019-08-24 00:37:00,811 [pool-429-thread-1] INFO  server.RaftServerConfigKeys (ConfUtils.java:logGet(43)) - raft.server.rpc.timeout.max = 5200ms (custom)
2019-08-24 00:37:00,812 [pool-429-thread-1] INFO  server.RaftServerConfigKeys (ConfUtils.java:logGet(43)) - raft.server.rpcslowness.timeout = 120s (custom)
2019-08-24 00:37:00,812 [pool-429-thread-1] INFO  server.RaftServerConfigKeys (ConfUtils.java:logGet(43)) - raft.server.sleep.deviation.threshold = 300 (default)
2019-08-24 00:37:00,812 [pool-429-thread-1] INFO  server.RaftServerConfigKeys (ConfUtils.java:logGet(43)) - raft.server.log.appender.install.snapshot.enabled = false (custom)
2019-08-24 00:37:00,812 [pool-429-thread-1] INFO  impl.RaftServerImpl (ServerState.java:<init>(105)) - fbb72e40-54b3-4254-bcd2-d86a09a0d730:group-12C61DCA3F7B ConfigurationManager, init=-1: [fbb72e40-54b3-4254-bcd2-d86a09a0d730:192.168.34.57:37236], old=null, confs=<EMPTY_MAP>
2019-08-24 00:37:00,813 [pool-429-thread-1] INFO  server.RaftServerConfigKeys (ConfUtils.java:logGet(43)) - raft.server.storage.dir = [/workdir/hadoop-ozone/integration-test/target/test-dir/MiniOzoneClusterImpl-a17881c9-06d9-4643-8696-4f8e2adcb1d1/datanode-0/data/ratis] (custom)
2019-08-24 00:37:00,813 [pool-429-thread-1] INFO  storage.RaftStorageDirectory (RaftStorageDirectory.java:analyzeStorage(246)) - The storage directory /workdir/hadoop-ozone/integration-test/target/test-dir/MiniOzoneClusterImpl-a17881c9-06d9-4643-8696-4f8e2adcb1d1/datanode-0/data/ratis/72e311d1-946c-45e3-abcd-12c61dca3f7b does not exist. Creating ...
2019-08-24 00:37:00,827 [pool-429-thread-1] INFO  storage.RaftStorageDirectory (RaftStorageDirectory.java:tryLock(328)) - Lock on /workdir/hadoop-ozone/integration-test/target/test-dir/MiniOzoneClusterImpl-a17881c9-06d9-4643-8696-4f8e2adcb1d1/datanode-0/data/ratis/72e311d1-946c-45e3-abcd-12c61dca3f7b/in_use.lock acquired by nodename 15890@pr-hdds-1909-kfjhh-925290811
2019-08-24 00:37:00,840 [pool-429-thread-1] INFO  storage.RaftStorage (RaftStorage.java:format(72)) - Storage directory /workdir/hadoop-ozone/integration-test/target/test-dir/MiniOzoneClusterImpl-a17881c9-06d9-4643-8696-4f8e2adcb1d1/datanode-0/data/ratis/72e311d1-946c-45e3-abcd-12c61dca3f7b has been successfully formatted.
2019-08-24 00:37:00,840 [pool-429-thread-1] INFO  ratis.ContainerStateMachine (ContainerStateMachine.java:loadSnapshot(226)) - group-12C61DCA3F7B: The snapshot info is null. Setting the last applied indexto:(t:0, i:~)
2019-08-24 00:37:00,840 [pool-429-thread-1] INFO  server.RaftServerConfigKeys (ConfUtils.java:logGet(43)) - raft.server.leader.election.timeout = 120s (custom)
2019-08-24 00:37:00,841 [pool-429-thread-1] INFO  server.RaftServerConfigKeys (ConfUtils.java:logGet(43)) - raft.server.log.use.memory = false (default)
2019-08-24 00:37:00,841 [pool-429-thread-1] INFO  server.RaftServerConfigKeys (ConfUtils.java:logGet(43)) - raft.server.log.purge.gap = 1000000 (custom)
2019-08-24 00:37:00,841 [pool-429-thread-1] INFO  server.RaftServerConfigKeys (ConfUtils.java:logGet(43)) - raft.server.log.appender.buffer.byte-limit = 33554432 (custom)
2019-08-24 00:37:00,841 [pool-429-thread-1] INFO  server.RaftServerConfigKeys (ConfUtils.java:logGet(43)) - raft.server.log.segment.size.max = 1048576 (custom)
2019-08-24 00:37:00,842 [pool-429-thread-1] INFO  server.RaftServerConfigKeys (ConfUtils.java:logGet(43)) - raft.server.log.segment.cache.num.max = 2 (custom)
2019-08-24 00:37:00,842 [pool-429-thread-1] INFO  segmented.SegmentedRaftLogWorker (SegmentedRaftLogWorker.java:<init>(172)) - new fbb72e40-54b3-4254-bcd2-d86a09a0d730-SegmentedRaftLogWorker:Storage Directory /workdir/hadoop-ozone/integration-test/target/test-dir/MiniOzoneClusterImpl-a17881c9-06d9-4643-8696-4f8e2adcb1d1/datanode-0/data/ratis/72e311d1-946c-45e3-abcd-12c61dca3f7b for RaftStorage:Storage Directory /workdir/hadoop-ozone/integration-test/target/test-dir/MiniOzoneClusterImpl-a17881c9-06d9-4643-8696-4f8e2adcb1d1/datanode-0/data/ratis/72e311d1-946c-45e3-abcd-12c61dca3f7b
2019-08-24 00:37:00,842 [pool-429-thread-1] INFO  server.RaftServerConfigKeys (ConfUtils.java:logGet(43)) - raft.server.log.queue.byte-limit = 2147483647 (custom)
2019-08-24 00:37:00,842 [pool-429-thread-1] INFO  server.RaftServerConfigKeys (ConfUtils.java:logGet(43)) - raft.server.log.queue.element-limit = 1024 (custom)
2019-08-24 00:37:00,843 [pool-429-thread-1] INFO  server.RaftServerConfigKeys (ConfUtils.java:logGet(43)) - raft.server.log.segment.size.max = 1048576 (custom)
2019-08-24 00:37:00,843 [pool-429-thread-1] INFO  server.RaftServerConfigKeys (ConfUtils.java:logGet(43)) - raft.server.log.preallocated.size = 16384 (custom)
2019-08-24 00:37:00,843 [pool-429-thread-1] INFO  server.RaftServerConfigKeys (ConfUtils.java:logGet(43)) - raft.server.log.write.buffer.size = 33554432 (custom)
2019-08-24 00:37:00,843 [pool-429-thread-1] INFO  server.RaftServerConfigKeys (ConfUtils.java:logGet(43)) - raft.server.log.force.sync.num = 128 (default)
2019-08-24 00:37:00,844 [pool-429-thread-1] INFO  server.RaftServerConfigKeys (ConfUtils.java:logGet(43)) - raft.server.log.statemachine.data.sync = true (default)
2019-08-24 00:37:00,844 [pool-429-thread-1] INFO  server.RaftServerConfigKeys (ConfUtils.java:logGet(43)) - raft.server.log.statemachine.data.sync.timeout = 10s (default)
2019-08-24 00:37:00,844 [pool-429-thread-1] INFO  server.RaftServerConfigKeys (ConfUtils.java:logGet(43)) - raft.server.log.statemachine.data.sync.timeout.retry = -1 (default)
2019-08-24 00:37:00,844 [pool-429-thread-1] INFO  server.RaftServerConfigKeys (ConfUtils.java:logGet(43)) - raft.server.log.statemachine.data.caching.enabled = true (custom)
2019-08-24 00:37:00,845 [pool-429-thread-1] INFO  segmented.SegmentedRaftLogWorker (SegmentedRaftLogWorker.java:lambda$new$0(132)) - fbb72e40-54b3-4254-bcd2-d86a09a0d730-SegmentedRaftLogWorker:Storage Directory /workdir/hadoop-ozone/integration-test/target/test-dir/MiniOzoneClusterImpl-a17881c9-06d9-4643-8696-4f8e2adcb1d1/datanode-0/data/ratis/72e311d1-946c-45e3-abcd-12c61dca3f7b: flushIndex: setUnconditionally 0 -> -1
2019-08-24 00:37:00,845 [pool-429-thread-1] INFO  server.RaftServerConfigKeys (ConfUtils.java:logGet(43)) - raft.server.snapshot.auto.trigger.enabled = true (custom)
2019-08-24 00:37:00,845 [pool-429-thread-1] INFO  server.RaftServerConfigKeys (ConfUtils.java:logGet(43)) - raft.server.snapshot.auto.trigger.threshold = 10000 (custom)
2019-08-24 00:37:00,846 [pool-429-thread-1] INFO  server.RaftServerConfigKeys (ConfUtils.java:logGet(43)) - raft.server.retrycache.expirytime = 600000ms (custom)
2019-08-24 00:37:00,846 [pool-429-thread-1] INFO  impl.RaftServerImpl (RaftServerImpl.java:start(180)) - fbb72e40-54b3-4254-bcd2-d86a09a0d730: start group-12C61DCA3F7B
2019-08-24 00:37:00,846 [pool-429-thread-1] INFO  impl.RaftServerImpl (RaftServerImpl.java:setRole(171)) - fbb72e40-54b3-4254-bcd2-d86a09a0d730:group-12C61DCA3F7B changes role from null to FOLLOWER at term 0 for startAsFollower
2019-08-24 00:37:00,847 [pool-429-thread-1] INFO  impl.RoleInfo (RoleInfo.java:updateAndGet(143)) - fbb72e40-54b3-4254-bcd2-d86a09a0d730: start FollowerState
2019-08-24 00:37:00,848 [pool-429-thread-1] INFO  util.JmxRegister (JmxRegister.java:tryRegister(44)) - Successfully registered JMX Bean with object name Ratis:service=RaftServer,group=group-12C61DCA3F7B,id=fbb72e40-54b3-4254-bcd2-d86a09a0d730
2019-08-24 00:37:00,860 [RatisPipelineUtilsThread] INFO  pipeline.PipelineStateManager (PipelineStateManager.java:addPipeline(56)) - Created pipeline Pipeline[ Id: 72e311d1-946c-45e3-abcd-12c61dca3f7b, Nodes: fbb72e40-54b3-4254-bcd2-d86a09a0d730{ip: 192.168.34.57, host: pr-hdds-1909-kfjhh-925290811, networkLocation: /default-rack, certSerialId: null}, Type:RATIS, Factor:ONE, State:OPEN]
2019-08-24 00:37:01,767 [Thread-1095] INFO  ozone.MiniOzoneClusterImpl (MiniOzoneClusterImpl.java:lambda$waitForClusterToBeReady$0(142)) - Cluster is ready. Got 1 of 1 DN Heartbeats.
2019-08-24 00:37:01,768 [Thread-1095] INFO  ozone.MiniOzoneClusterImpl (MiniOzoneClusterImpl.java:getStorageContainerLocationClient(241)) - Creating StorageContainerLocationProtocol RPC client with address /0.0.0.0:34157
2019-08-24 00:37:01,921 | INFO  | OMAudit | user=jenkins1000 | ip=127.0.0.1 | op=CREATE_VOLUME {admin=admin83403, owner=user34854, volume=volume93899, creationTime=1566607021920, quotaInBytes=1152921504606846976} | ret=SUCCESS |  
2019-08-24 00:37:01,922 [IPC Server handler 0 on 42168] INFO  volume.OMVolumeCreateRequest (OMVolumeCreateRequest.java:validateAndUpdateCache(189)) - created volume:volume93899 for user:user34854
2019-08-24 00:37:01,931 | INFO  | OMAudit | user=jenkins1000 | ip=127.0.0.1 | op=CREATE_BUCKET {volume=volume93899, bucket=bucket31635, acls=[], isVersionEnabled=false, storageType=DISK, creationTime=1566607021926} | ret=SUCCESS |  
2019-08-24 00:37:01,935 [IPC Server handler 0 on 46776] INFO  pipeline.PipelineStateManager (PipelineStateManager.java:addPipeline(56)) - Created pipeline Pipeline[ Id: c94444a6-8039-49a5-aa8d-6e7228e0f34a, Nodes: fbb72e40-54b3-4254-bcd2-d86a09a0d730{ip: 192.168.34.57, host: pr-hdds-1909-kfjhh-925290811, networkLocation: /default-rack, certSerialId: null}, Type:STAND_ALONE, Factor:ONE, State:OPEN]
2019-08-24 00:37:01,937 | INFO  | SCMAudit | user=jenkins1000 | ip=192.168.34.57 | op=ALLOCATE_BLOCK {owner=372a6af6-a57e-4203-942b-3df9acdb3fd6, size=4194304, type=STAND_ALONE, factor=ONE} | ret=SUCCESS |  
2019-08-24 00:37:01,939 | INFO  | OMAudit | user=jenkins1000 | ip=127.0.0.1 | op=ALLOCATE_KEY {volume=volume93899, bucket=bucket31635, key=VOMNu0, dataSize=4096, replicationType=STAND_ALONE, replicationFactor=ONE, keyLocationInfo=[blockID {
  containerBlockID {
    containerID: 1
    localID: 102669157789663632
  }
  blockCommitSequenceId: 0
}
offset: 0
length: 4194304
createVersion: 0
pipeline {
  leaderID: ""
  members {
    uuid: "fbb72e40-54b3-4254-bcd2-d86a09a0d730"
    ipAddress: "192.168.34.57"
    hostName: "pr-hdds-1909-kfjhh-925290811"
    ports {
      name: "REST"
      value: 44670
    }
    ports {
      name: "RATIS"
      value: 37236
    }
    ports {
      name: "STANDALONE"
      value: 43847
    }
    networkName: "fbb72e40-54b3-4254-bcd2-d86a09a0d730"
    networkLocation: "/default-rack"
  }
  state: PIPELINE_OPEN
  type: STAND_ALONE
  factor: ONE
  id {
    id: "c94444a6-8039-49a5-aa8d-6e7228e0f34a"
  }
}
]} | ret=SUCCESS |  
2019-08-24 00:37:02,035 | INFO  | DNAudit | user=null | ip=null | op=WRITE_CHUNK {blockData=conID: 1 locID: 102669157789663632 bcsId: 0} | ret=SUCCESS |  
2019-08-24 00:37:02,037 | INFO  | SCMAudit | user=jenkins1000 | ip=192.168.34.57 | op=SEND_HEARTBEAT {datanodeUUID=fbb72e40-54b3-4254-bcd2-d86a09a0d730, command=[]} | ret=SUCCESS |  
2019-08-24 00:37:02,085 | INFO  | DNAudit | user=null | ip=null | op=PUT_BLOCK {blockData=[blockId=conID: 1 locID: 102669157789663632 bcsId: 0,size=5]} | ret=SUCCESS |  
2019-08-24 00:37:02,090 | INFO  | OMAudit | user=jenkins1000 | ip=127.0.0.1 | op=COMMIT_KEY {volume=volume93899, bucket=bucket31635, key=VOMNu0, dataSize=5, replicationType=RATIS, replicationFactor=ONE, keyLocationInfo=[blockID {
  containerBlockID {
    containerID: 1
    localID: 102669157789663632
  }
  blockCommitSequenceId: 0
}
offset: 0
length: 5
createVersion: 0
pipeline {
  leaderID: ""
  members {
    uuid: "fbb72e40-54b3-4254-bcd2-d86a09a0d730"
    ipAddress: "192.168.34.57"
    hostName: "pr-hdds-1909-kfjhh-925290811"
    ports {
      name: "REST"
      value: 44670
    }
    ports {
      name: "RATIS"
      value: 37236
    }
    ports {
      name: "STANDALONE"
      value: 43847
    }
    networkName: "fbb72e40-54b3-4254-bcd2-d86a09a0d730"
    networkLocation: "/default-rack"
  }
  state: PIPELINE_OPEN
  type: STAND_ALONE
  factor: ONE
  id {
    id: "c94444a6-8039-49a5-aa8d-6e7228e0f34a"
  }
}
]} | ret=SUCCESS |  
2019-08-24 00:37:02,095 | INFO  | SCMAudit | user=jenkins1000 | ip=192.168.34.57 | op=ALLOCATE_BLOCK {owner=372a6af6-a57e-4203-942b-3df9acdb3fd6, size=4194304, type=STAND_ALONE, factor=ONE} | ret=SUCCESS |  
2019-08-24 00:37:02,098 | INFO  | OMAudit | user=jenkins1000 | ip=127.0.0.1 | op=ALLOCATE_KEY {volume=volume93899, bucket=bucket31635, key=YpZfU1, dataSize=4096, replicationType=STAND_ALONE, replicationFactor=ONE, keyLocationInfo=[blockID {
  containerBlockID {
    containerID: 2
    localID: 102669157800018322
  }
  blockCommitSequenceId: 0
}
offset: 0
length: 4194304
createVersion: 0
pipeline {
  leaderID: ""
  members {
    uuid: "fbb72e40-54b3-4254-bcd2-d86a09a0d730"
    ipAddress: "192.168.34.57"
    hostName: "pr-hdds-1909-kfjhh-925290811"
    ports {
      name: "REST"
      value: 44670
    }
    ports {
      name: "RATIS"
      value: 37236
    }
    ports {
      name: "STANDALONE"
      value: 43847
    }
    networkName: "fbb72e40-54b3-4254-bcd2-d86a09a0d730"
    networkLocation: "/default-rack"
  }
  state: PIPELINE_OPEN
  type: STAND_ALONE
  factor: ONE
  id {
    id: "c94444a6-8039-49a5-aa8d-6e7228e0f34a"
  }
}
]} | ret=SUCCESS |  
2019-08-24 00:37:02,187 | INFO  | DNAudit | user=null | ip=null | op=WRITE_CHUNK {blockData=conID: 2 locID: 102669157800018322 bcsId: 0} | ret=SUCCESS |  
2019-08-24 00:37:02,188 | INFO  | SCMAudit | user=jenkins1000 | ip=192.168.34.57 | op=SEND_HEARTBEAT {datanodeUUID=fbb72e40-54b3-4254-bcd2-d86a09a0d730, command=[]} | ret=SUCCESS |  
2019-08-24 00:37:02,237 | INFO  | DNAudit | user=null | ip=null | op=PUT_BLOCK {blockData=[blockId=conID: 2 locID: 102669157800018322 bcsId: 0,size=5]} | ret=SUCCESS |  
2019-08-24 00:37:02,241 | INFO  | OMAudit | user=jenkins1000 | ip=127.0.0.1 | op=COMMIT_KEY {volume=volume93899, bucket=bucket31635, key=YpZfU1, dataSize=5, replicationType=RATIS, replicationFactor=ONE, keyLocationInfo=[blockID {
  containerBlockID {
    containerID: 2
    localID: 102669157800018322
  }
  blockCommitSequenceId: 0
}
offset: 0
length: 5
createVersion: 0
pipeline {
  leaderID: ""
  members {
    uuid: "fbb72e40-54b3-4254-bcd2-d86a09a0d730"
    ipAddress: "192.168.34.57"
    hostName: "pr-hdds-1909-kfjhh-925290811"
    ports {
      name: "REST"
      value: 44670
    }
    ports {
      name: "RATIS"
      value: 37236
    }
    ports {
      name: "STANDALONE"
      value: 43847
    }
    networkName: "fbb72e40-54b3-4254-bcd2-d86a09a0d730"
    networkLocation: "/default-rack"
  }
  state: PIPELINE_OPEN
  type: STAND_ALONE
  factor: ONE
  id {
    id: "c94444a6-8039-49a5-aa8d-6e7228e0f34a"
  }
}
]} | ret=SUCCESS |  
2019-08-24 00:37:02,244 | INFO  | SCMAudit | user=jenkins1000 | ip=192.168.34.57 | op=ALLOCATE_BLOCK {owner=372a6af6-a57e-4203-942b-3df9acdb3fd6, size=4194304, type=STAND_ALONE, factor=ONE} | ret=SUCCESS |  
2019-08-24 00:37:02,246 | INFO  | OMAudit | user=jenkins1000 | ip=127.0.0.1 | op=ALLOCATE_KEY {volume=volume93899, bucket=bucket31635, key=BPXzb2, dataSize=4096, replicationType=STAND_ALONE, replicationFactor=ONE, keyLocationInfo=[blockID {
  containerBlockID {
    containerID: 3
    localID: 102669157809783188
  }
  blockCommitSequenceId: 0
}
offset: 0
length: 4194304
createVersion: 0
pipeline {
  leaderID: ""
  members {
    uuid: "fbb72e40-54b3-4254-bcd2-d86a09a0d730"
    ipAddress: "192.168.34.57"
    hostName: "pr-hdds-1909-kfjhh-925290811"
    ports {
      name: "REST"
      value: 44670
    }
    ports {
      name: "RATIS"
      value: 37236
    }
    ports {
      name: "STANDALONE"
      value: 43847
    }
    networkName: "fbb72e40-54b3-4254-bcd2-d86a09a0d730"
    networkLocation: "/default-rack"
  }
  state: PIPELINE_OPEN
  type: STAND_ALONE
  factor: ONE
  id {
    id: "c94444a6-8039-49a5-aa8d-6e7228e0f34a"
  }
}
]} | ret=SUCCESS |  
2019-08-24 00:37:02,323 | INFO  | DNAudit | user=null | ip=null | op=WRITE_CHUNK {blockData=conID: 3 locID: 102669157809783188 bcsId: 0} | ret=SUCCESS |  
2019-08-24 00:37:02,324 | INFO  | SCMAudit | user=jenkins1000 | ip=192.168.34.57 | op=SEND_HEARTBEAT {datanodeUUID=fbb72e40-54b3-4254-bcd2-d86a09a0d730, command=[]} | ret=SUCCESS |  
2019-08-24 00:37:02,371 | INFO  | DNAudit | user=null | ip=null | op=PUT_BLOCK {blockData=[blockId=conID: 3 locID: 102669157809783188 bcsId: 0,size=5]} | ret=SUCCESS |  
2019-08-24 00:37:02,375 | INFO  | OMAudit | user=jenkins1000 | ip=127.0.0.1 | op=COMMIT_KEY {volume=volume93899, bucket=bucket31635, key=BPXzb2, dataSize=5, replicationType=RATIS, replicationFactor=ONE, keyLocationInfo=[blockID {
  containerBlockID {
    containerID: 3
    localID: 102669157809783188
  }
  blockCommitSequenceId: 0
}
offset: 0
length: 5
createVersion: 0
pipeline {
  leaderID: ""
  members {
    uuid: "fbb72e40-54b3-4254-bcd2-d86a09a0d730"
    ipAddress: "192.168.34.57"
    hostName: "pr-hdds-1909-kfjhh-925290811"
    ports {
      name: "REST"
      value: 44670
    }
    ports {
      name: "RATIS"
      value: 37236
    }
    ports {
      name: "STANDALONE"
      value: 43847
    }
    networkName: "fbb72e40-54b3-4254-bcd2-d86a09a0d730"
    networkLocation: "/default-rack"
  }
  state: PIPELINE_OPEN
  type: STAND_ALONE
  factor: ONE
  id {
    id: "c94444a6-8039-49a5-aa8d-6e7228e0f34a"
  }
}
]} | ret=SUCCESS |  
2019-08-24 00:37:02,378 | INFO  | SCMAudit | user=jenkins1000 | ip=192.168.34.57 | op=ALLOCATE_BLOCK {owner=372a6af6-a57e-4203-942b-3df9acdb3fd6, size=4194304, type=STAND_ALONE, factor=ONE} | ret=SUCCESS |  
2019-08-24 00:37:02,379 | INFO  | OMAudit | user=jenkins1000 | ip=127.0.0.1 | op=ALLOCATE_KEY {volume=volume93899, bucket=bucket31635, key=rZLKB3, dataSize=4096, replicationType=STAND_ALONE, replicationFactor=ONE, keyLocationInfo=[blockID {
  containerBlockID {
    containerID: 1
    localID: 102669157818565014
  }
  blockCommitSequenceId: 0
}
offset: 0
length: 4194304
createVersion: 0
pipeline {
  leaderID: ""
  members {
    uuid: "fbb72e40-54b3-4254-bcd2-d86a09a0d730"
    ipAddress: "192.168.34.57"
    hostName: "pr-hdds-1909-kfjhh-925290811"
    ports {
      name: "REST"
      value: 44670
    }
    ports {
      name: "RATIS"
      value: 37236
    }
    ports {
      name: "STANDALONE"
      value: 43847
    }
    networkName: "fbb72e40-54b3-4254-bcd2-d86a09a0d730"
    networkLocation: "/default-rack"
  }
  state: PIPELINE_OPEN
  type: STAND_ALONE
  factor: ONE
  id {
    id: "c94444a6-8039-49a5-aa8d-6e7228e0f34a"
  }
}
]} | ret=SUCCESS |  
2019-08-24 00:37:02,383 | INFO  | DNAudit | user=null | ip=null | op=WRITE_CHUNK {blockData=conID: 1 locID: 102669157818565014 bcsId: 0} | ret=SUCCESS |  
2019-08-24 00:37:02,386 | INFO  | DNAudit | user=null | ip=null | op=PUT_BLOCK {blockData=[blockId=conID: 1 locID: 102669157818565014 bcsId: 0,size=5]} | ret=SUCCESS |  
2019-08-24 00:37:02,394 | INFO  | OMAudit | user=jenkins1000 | ip=127.0.0.1 | op=COMMIT_KEY {volume=volume93899, bucket=bucket31635, key=rZLKB3, dataSize=5, replicationType=RATIS, replicationFactor=ONE, keyLocationInfo=[blockID {
  containerBlockID {
    containerID: 1
    localID: 102669157818565014
  }
  blockCommitSequenceId: 0
}
offset: 0
length: 5
createVersion: 0
pipeline {
  leaderID: ""
  members {
    uuid: "fbb72e40-54b3-4254-bcd2-d86a09a0d730"
    ipAddress: "192.168.34.57"
    hostName: "pr-hdds-1909-kfjhh-925290811"
    ports {
      name: "REST"
      value: 44670
    }
    ports {
      name: "RATIS"
      value: 37236
    }
    ports {
      name: "STANDALONE"
      value: 43847
    }
    networkName: "fbb72e40-54b3-4254-bcd2-d86a09a0d730"
    networkLocation: "/default-rack"
  }
  state: PIPELINE_OPEN
  type: STAND_ALONE
  factor: ONE
  id {
    id: "c94444a6-8039-49a5-aa8d-6e7228e0f34a"
  }
}
]} | ret=SUCCESS |  
2019-08-24 00:37:02,396 | INFO  | SCMAudit | user=jenkins1000 | ip=192.168.34.57 | op=ALLOCATE_BLOCK {owner=372a6af6-a57e-4203-942b-3df9acdb3fd6, size=4194304, type=STAND_ALONE, factor=ONE} | ret=SUCCESS |  
2019-08-24 00:37:02,397 | INFO  | OMAudit | user=jenkins1000 | ip=127.0.0.1 | op=ALLOCATE_KEY {volume=volume93899, bucket=bucket31635, key=tFzdX4, dataSize=4096, replicationType=STAND_ALONE, replicationFactor=ONE, keyLocationInfo=[blockID {
  containerBlockID {
    containerID: 2
    localID: 102669157819744664
  }
  blockCommitSequenceId: 0
}
offset: 0
length: 4194304
createVersion: 0
pipeline {
  leaderID: ""
  members {
    uuid: "fbb72e40-54b3-4254-bcd2-d86a09a0d730"
    ipAddress: "192.168.34.57"
    hostName: "pr-hdds-1909-kfjhh-925290811"
    ports {
      name: "REST"
      value: 44670
    }
    ports {
      name: "RATIS"
      value: 37236
    }
    ports {
      name: "STANDALONE"
      value: 43847
    }
    networkName: "fbb72e40-54b3-4254-bcd2-d86a09a0d730"
    networkLocation: "/default-rack"
  }
  state: PIPELINE_OPEN
  type: STAND_ALONE
  factor: ONE
  id {
    id: "c94444a6-8039-49a5-aa8d-6e7228e0f34a"
  }
}
]} | ret=SUCCESS |  
2019-08-24 00:37:02,401 | INFO  | DNAudit | user=null | ip=null | op=WRITE_CHUNK {blockData=conID: 2 locID: 102669157819744664 bcsId: 0} | ret=SUCCESS |  
2019-08-24 00:37:02,403 | INFO  | DNAudit | user=null | ip=null | op=PUT_BLOCK {blockData=[blockId=conID: 2 locID: 102669157819744664 bcsId: 0,size=5]} | ret=SUCCESS |  
2019-08-24 00:37:02,406 | INFO  | OMAudit | user=jenkins1000 | ip=127.0.0.1 | op=COMMIT_KEY {volume=volume93899, bucket=bucket31635, key=tFzdX4, dataSize=5, replicationType=RATIS, replicationFactor=ONE, keyLocationInfo=[blockID {
  containerBlockID {
    containerID: 2
    localID: 102669157819744664
  }
  blockCommitSequenceId: 0
}
offset: 0
length: 5
createVersion: 0
pipeline {
  leaderID: ""
  members {
    uuid: "fbb72e40-54b3-4254-bcd2-d86a09a0d730"
    ipAddress: "192.168.34.57"
    hostName: "pr-hdds-1909-kfjhh-925290811"
    ports {
      name: "REST"
      value: 44670
    }
    ports {
      name: "RATIS"
      value: 37236
    }
    ports {
      name: "STANDALONE"
      value: 43847
    }
    networkName: "fbb72e40-54b3-4254-bcd2-d86a09a0d730"
    networkLocation: "/default-rack"
  }
  state: PIPELINE_OPEN
  type: STAND_ALONE
  factor: ONE
  id {
    id: "c94444a6-8039-49a5-aa8d-6e7228e0f34a"
  }
}
]} | ret=SUCCESS |  
2019-08-24 00:37:02,408 | INFO  | SCMAudit | user=jenkins1000 | ip=192.168.34.57 | op=ALLOCATE_BLOCK {owner=372a6af6-a57e-4203-942b-3df9acdb3fd6, size=4194304, type=STAND_ALONE, factor=ONE} | ret=SUCCESS |  
2019-08-24 00:37:02,409 | INFO  | OMAudit | user=jenkins1000 | ip=127.0.0.1 | op=ALLOCATE_KEY {volume=volume93899, bucket=bucket31635, key=xoESH5, dataSize=4096, replicationType=STAND_ALONE, replicationFactor=ONE, keyLocationInfo=[blockID {
  containerBlockID {
    containerID: 3
    localID: 102669157820531098
  }
  blockCommitSequenceId: 0
}
offset: 0
length: 4194304
createVersion: 0
pipeline {
  leaderID: ""
  members {
    uuid: "fbb72e40-54b3-4254-bcd2-d86a09a0d730"
    ipAddress: "192.168.34.57"
    hostName: "pr-hdds-1909-kfjhh-925290811"
    ports {
      name: "REST"
      value: 44670
    }
    ports {
      name: "RATIS"
      value: 37236
    }
    ports {
      name: "STANDALONE"
      value: 43847
    }
    networkName: "fbb72e40-54b3-4254-bcd2-d86a09a0d730"
    networkLocation: "/default-rack"
  }
  state: PIPELINE_OPEN
  type: STAND_ALONE
  factor: ONE
  id {
    id: "c94444a6-8039-49a5-aa8d-6e7228e0f34a"
  }
}
]} | ret=SUCCESS |  
2019-08-24 00:37:02,413 | INFO  | DNAudit | user=null | ip=null | op=WRITE_CHUNK {blockData=conID: 3 locID: 102669157820531098 bcsId: 0} | ret=SUCCESS |  
2019-08-24 00:37:02,416 | INFO  | DNAudit | user=null | ip=null | op=PUT_BLOCK {blockData=[blockId=conID: 3 locID: 102669157820531098 bcsId: 0,size=5]} | ret=SUCCESS |  
2019-08-24 00:37:02,420 | INFO  | OMAudit | user=jenkins1000 | ip=127.0.0.1 | op=COMMIT_KEY {volume=volume93899, bucket=bucket31635, key=xoESH5, dataSize=5, replicationType=RATIS, replicationFactor=ONE, keyLocationInfo=[blockID {
  containerBlockID {
    containerID: 3
    localID: 102669157820531098
  }
  blockCommitSequenceId: 0
}
offset: 0
length: 5
createVersion: 0
pipeline {
  leaderID: ""
  members {
    uuid: "fbb72e40-54b3-4254-bcd2-d86a09a0d730"
    ipAddress: "192.168.34.57"
    hostName: "pr-hdds-1909-kfjhh-925290811"
    ports {
      name: "REST"
      value: 44670
    }
    ports {
      name: "RATIS"
      value: 37236
    }
    ports {
      name: "STANDALONE"
      value: 43847
    }
    networkName: "fbb72e40-54b3-4254-bcd2-d86a09a0d730"
    networkLocation: "/default-rack"
  }
  state: PIPELINE_OPEN
  type: STAND_ALONE
  factor: ONE
  id {
    id: "c94444a6-8039-49a5-aa8d-6e7228e0f34a"
  }
}
]} | ret=SUCCESS |  
2019-08-24 00:37:02,423 | INFO  | SCMAudit | user=jenkins1000 | ip=192.168.34.57 | op=ALLOCATE_BLOCK {owner=372a6af6-a57e-4203-942b-3df9acdb3fd6, size=4194304, type=STAND_ALONE, factor=ONE} | ret=SUCCESS |  
2019-08-24 00:37:02,424 | INFO  | OMAudit | user=jenkins1000 | ip=127.0.0.1 | op=ALLOCATE_KEY {volume=volume93899, bucket=bucket31635, key=aANKQ6, dataSize=4096, replicationType=STAND_ALONE, replicationFactor=ONE, keyLocationInfo=[blockID {
  containerBlockID {
    containerID: 1
    localID: 102669157821514140
  }
  blockCommitSequenceId: 0
}
offset: 0
length: 4194304
createVersion: 0
pipeline {
  leaderID: ""
  members {
    uuid: "fbb72e40-54b3-4254-bcd2-d86a09a0d730"
    ipAddress: "192.168.34.57"
    hostName: "pr-hdds-1909-kfjhh-925290811"
    ports {
      name: "REST"
      value: 44670
    }
    ports {
      name: "RATIS"
      value: 37236
    }
    ports {
      name: "STANDALONE"
      value: 43847
    }
    networkName: "fbb72e40-54b3-4254-bcd2-d86a09a0d730"
    networkLocation: "/default-rack"
  }
  state: PIPELINE_OPEN
  type: STAND_ALONE
  factor: ONE
  id {
    id: "c94444a6-8039-49a5-aa8d-6e7228e0f34a"
  }
}
]} | ret=SUCCESS |  
2019-08-24 00:37:02,428 | INFO  | DNAudit | user=null | ip=null | op=WRITE_CHUNK {blockData=conID: 1 locID: 102669157821514140 bcsId: 0} | ret=SUCCESS |  
2019-08-24 00:37:02,430 | INFO  | DNAudit | user=null | ip=null | op=PUT_BLOCK {blockData=[blockId=conID: 1 locID: 102669157821514140 bcsId: 0,size=5]} | ret=SUCCESS |  
2019-08-24 00:37:02,432 | INFO  | OMAudit | user=jenkins1000 | ip=127.0.0.1 | op=COMMIT_KEY {volume=volume93899, bucket=bucket31635, key=aANKQ6, dataSize=5, replicationType=RATIS, replicationFactor=ONE, keyLocationInfo=[blockID {
  containerBlockID {
    containerID: 1
    localID: 102669157821514140
  }
  blockCommitSequenceId: 0
}
offset: 0
length: 5
createVersion: 0
pipeline {
  leaderID: ""
  members {
    uuid: "fbb72e40-54b3-4254-bcd2-d86a09a0d730"
    ipAddress: "192.168.34.57"
    hostName: "pr-hdds-1909-kfjhh-925290811"
    ports {
      name: "REST"
      value: 44670
    }
    ports {
      name: "RATIS"
      value: 37236
    }
    ports {
      name: "STANDALONE"
      value: 43847
    }
    networkName: "fbb72e40-54b3-4254-bcd2-d86a09a0d730"
    networkLocation: "/default-rack"
  }
  state: PIPELINE_OPEN
  type: STAND_ALONE
  factor: ONE
  id {
    id: "c94444a6-8039-49a5-aa8d-6e7228e0f34a"
  }
}
]} | ret=SUCCESS |  
2019-08-24 00:37:02,435 | INFO  | SCMAudit | user=jenkins1000 | ip=192.168.34.57 | op=ALLOCATE_BLOCK {owner=372a6af6-a57e-4203-942b-3df9acdb3fd6, size=4194304, type=STAND_ALONE, factor=ONE} | ret=SUCCESS |  
2019-08-24 00:37:02,436 | INFO  | OMAudit | user=jenkins1000 | ip=127.0.0.1 | op=ALLOCATE_KEY {volume=volume93899, bucket=bucket31635, key=YYVVV7, dataSize=4096, replicationType=STAND_ALONE, replicationFactor=ONE, keyLocationInfo=[blockID {
  containerBlockID {
    containerID: 2
    localID: 102669157822300574
  }
  blockCommitSequenceId: 0
}
offset: 0
length: 4194304
createVersion: 0
pipeline {
  leaderID: ""
  members {
    uuid: "fbb72e40-54b3-4254-bcd2-d86a09a0d730"
    ipAddress: "192.168.34.57"
    hostName: "pr-hdds-1909-kfjhh-925290811"
    ports {
      name: "REST"
      value: 44670
    }
    ports {
      name: "RATIS"
      value: 37236
    }
    ports {
      name: "STANDALONE"
      value: 43847
    }
    networkName: "fbb72e40-54b3-4254-bcd2-d86a09a0d730"
    networkLocation: "/default-rack"
  }
  state: PIPELINE_OPEN
  type: STAND_ALONE
  factor: ONE
  id {
    id: "c94444a6-8039-49a5-aa8d-6e7228e0f34a"
  }
}
]} | ret=SUCCESS |  
2019-08-24 00:37:02,439 | INFO  | DNAudit | user=null | ip=null | op=WRITE_CHUNK {blockData=conID: 2 locID: 102669157822300574 bcsId: 0} | ret=SUCCESS |  
2019-08-24 00:37:02,441 | INFO  | DNAudit | user=null | ip=null | op=PUT_BLOCK {blockData=[blockId=conID: 2 locID: 102669157822300574 bcsId: 0,size=5]} | ret=SUCCESS |  
2019-08-24 00:37:02,443 | INFO  | OMAudit | user=jenkins1000 | ip=127.0.0.1 | op=COMMIT_KEY {volume=volume93899, bucket=bucket31635, key=YYVVV7, dataSize=5, replicationType=RATIS, replicationFactor=ONE, keyLocationInfo=[blockID {
  containerBlockID {
    containerID: 2
    localID: 102669157822300574
  }
  blockCommitSequenceId: 0
}
offset: 0
length: 5
createVersion: 0
pipeline {
  leaderID: ""
  members {
    uuid: "fbb72e40-54b3-4254-bcd2-d86a09a0d730"
    ipAddress: "192.168.34.57"
    hostName: "pr-hdds-1909-kfjhh-925290811"
    ports {
      name: "REST"
      value: 44670
    }
    ports {
      name: "RATIS"
      value: 37236
    }
    ports {
      name: "STANDALONE"
      value: 43847
    }
    networkName: "fbb72e40-54b3-4254-bcd2-d86a09a0d730"
    networkLocation: "/default-rack"
  }
  state: PIPELINE_OPEN
  type: STAND_ALONE
  factor: ONE
  id {
    id: "c94444a6-8039-49a5-aa8d-6e7228e0f34a"
  }
}
]} | ret=SUCCESS |  
2019-08-24 00:37:02,445 | INFO  | SCMAudit | user=jenkins1000 | ip=192.168.34.57 | op=ALLOCATE_BLOCK {owner=372a6af6-a57e-4203-942b-3df9acdb3fd6, size=4194304, type=STAND_ALONE, factor=ONE} | ret=SUCCESS |  
2019-08-24 00:37:02,446 | INFO  | OMAudit | user=jenkins1000 | ip=127.0.0.1 | op=ALLOCATE_KEY {volume=volume93899, bucket=bucket31635, key=yznor8, dataSize=4096, replicationType=STAND_ALONE, replicationFactor=ONE, keyLocationInfo=[blockID {
  containerBlockID {
    containerID: 3
    localID: 102669157822955936
  }
  blockCommitSequenceId: 0
}
offset: 0
length: 4194304
createVersion: 0
pipeline {
  leaderID: ""
  members {
    uuid: "fbb72e40-54b3-4254-bcd2-d86a09a0d730"
    ipAddress: "192.168.34.57"
    hostName: "pr-hdds-1909-kfjhh-925290811"
    ports {
      name: "REST"
      value: 44670
    }
    ports {
      name: "RATIS"
      value: 37236
    }
    ports {
      name: "STANDALONE"
      value: 43847
    }
    networkName: "fbb72e40-54b3-4254-bcd2-d86a09a0d730"
    networkLocation: "/default-rack"
  }
  state: PIPELINE_OPEN
  type: STAND_ALONE
  factor: ONE
  id {
    id: "c94444a6-8039-49a5-aa8d-6e7228e0f34a"
  }
}
]} | ret=SUCCESS |  
2019-08-24 00:37:02,449 | INFO  | DNAudit | user=null | ip=null | op=WRITE_CHUNK {blockData=conID: 3 locID: 102669157822955936 bcsId: 0} | ret=SUCCESS |  
2019-08-24 00:37:02,452 | INFO  | DNAudit | user=null | ip=null | op=PUT_BLOCK {blockData=[blockId=conID: 3 locID: 102669157822955936 bcsId: 0,size=5]} | ret=SUCCESS |  
2019-08-24 00:37:02,454 | INFO  | OMAudit | user=jenkins1000 | ip=127.0.0.1 | op=COMMIT_KEY {volume=volume93899, bucket=bucket31635, key=yznor8, dataSize=5, replicationType=RATIS, replicationFactor=ONE, keyLocationInfo=[blockID {
  containerBlockID {
    containerID: 3
    localID: 102669157822955936
  }
  blockCommitSequenceId: 0
}
offset: 0
length: 5
createVersion: 0
pipeline {
  leaderID: ""
  members {
    uuid: "fbb72e40-54b3-4254-bcd2-d86a09a0d730"
    ipAddress: "192.168.34.57"
    hostName: "pr-hdds-1909-kfjhh-925290811"
    ports {
      name: "REST"
      value: 44670
    }
    ports {
      name: "RATIS"
      value: 37236
    }
    ports {
      name: "STANDALONE"
      value: 43847
    }
    networkName: "fbb72e40-54b3-4254-bcd2-d86a09a0d730"
    networkLocation: "/default-rack"
  }
  state: PIPELINE_OPEN
  type: STAND_ALONE
  factor: ONE
  id {
    id: "c94444a6-8039-49a5-aa8d-6e7228e0f34a"
  }
}
]} | ret=SUCCESS |  
2019-08-24 00:37:02,456 | INFO  | SCMAudit | user=jenkins1000 | ip=192.168.34.57 | op=ALLOCATE_BLOCK {owner=372a6af6-a57e-4203-942b-3df9acdb3fd6, size=4194304, type=STAND_ALONE, factor=ONE} | ret=SUCCESS |  
2019-08-24 00:37:02,457 | INFO  | OMAudit | user=jenkins1000 | ip=127.0.0.1 | op=ALLOCATE_KEY {volume=volume93899, bucket=bucket31635, key=yeSjF9, dataSize=4096, replicationType=STAND_ALONE, replicationFactor=ONE, keyLocationInfo=[blockID {
  containerBlockID {
    containerID: 1
    localID: 102669157823676834
  }
  blockCommitSequenceId: 0
}
offset: 0
length: 4194304
createVersion: 0
pipeline {
  leaderID: ""
  members {
    uuid: "fbb72e40-54b3-4254-bcd2-d86a09a0d730"
    ipAddress: "192.168.34.57"
    hostName: "pr-hdds-1909-kfjhh-925290811"
    ports {
      name: "REST"
      value: 44670
    }
    ports {
      name: "RATIS"
      value: 37236
    }
    ports {
      name: "STANDALONE"
      value: 43847
    }
    networkName: "fbb72e40-54b3-4254-bcd2-d86a09a0d730"
    networkLocation: "/default-rack"
  }
  state: PIPELINE_OPEN
  type: STAND_ALONE
  factor: ONE
  id {
    id: "c94444a6-8039-49a5-aa8d-6e7228e0f34a"
  }
}
]} | ret=SUCCESS |  
2019-08-24 00:37:02,461 | INFO  | DNAudit | user=null | ip=null | op=WRITE_CHUNK {blockData=conID: 1 locID: 102669157823676834 bcsId: 0} | ret=SUCCESS |  
2019-08-24 00:37:02,463 | INFO  | DNAudit | user=null | ip=null | op=PUT_BLOCK {blockData=[blockId=conID: 1 locID: 102669157823676834 bcsId: 0,size=5]} | ret=SUCCESS |  
2019-08-24 00:37:02,465 | INFO  | OMAudit | user=jenkins1000 | ip=127.0.0.1 | op=COMMIT_KEY {volume=volume93899, bucket=bucket31635, key=yeSjF9, dataSize=5, replicationType=RATIS, replicationFactor=ONE, keyLocationInfo=[blockID {
  containerBlockID {
    containerID: 1
    localID: 102669157823676834
  }
  blockCommitSequenceId: 0
}
offset: 0
length: 5
createVersion: 0
pipeline {
  leaderID: ""
  members {
    uuid: "fbb72e40-54b3-4254-bcd2-d86a09a0d730"
    ipAddress: "192.168.34.57"
    hostName: "pr-hdds-1909-kfjhh-925290811"
    ports {
      name: "REST"
      value: 44670
    }
    ports {
      name: "RATIS"
      value: 37236
    }
    ports {
      name: "STANDALONE"
      value: 43847
    }
    networkName: "fbb72e40-54b3-4254-bcd2-d86a09a0d730"
    networkLocation: "/default-rack"
  }
  state: PIPELINE_OPEN
  type: STAND_ALONE
  factor: ONE
  id {
    id: "c94444a6-8039-49a5-aa8d-6e7228e0f34a"
  }
}
]} | ret=SUCCESS |  
2019-08-24 00:37:02,467 | INFO  | SCMAudit | user=jenkins1000 | ip=192.168.34.57 | op=ALLOCATE_BLOCK {owner=372a6af6-a57e-4203-942b-3df9acdb3fd6, size=4194304, type=STAND_ALONE, factor=ONE} | ret=SUCCESS |  
2019-08-24 00:37:02,468 | INFO  | OMAudit | user=jenkins1000 | ip=127.0.0.1 | op=ALLOCATE_KEY {volume=volume93899, bucket=bucket31635, key=KYqHC10, dataSize=4096, replicationType=STAND_ALONE, replicationFactor=ONE, keyLocationInfo=[blockID {
  containerBlockID {
    containerID: 2
    localID: 102669157824397732
  }
  blockCommitSequenceId: 0
}
offset: 0
length: 4194304
createVersion: 0
pipeline {
  leaderID: ""
  members {
    uuid: "fbb72e40-54b3-4254-bcd2-d86a09a0d730"
    ipAddress: "192.168.34.57"
    hostName: "pr-hdds-1909-kfjhh-925290811"
    ports {
      name: "REST"
      value: 44670
    }
    ports {
      name: "RATIS"
      value: 37236
    }
    ports {
      name: "STANDALONE"
      value: 43847
    }
    networkName: "fbb72e40-54b3-4254-bcd2-d86a09a0d730"
    networkLocation: "/default-rack"
  }
  state: PIPELINE_OPEN
  type: STAND_ALONE
  factor: ONE
  id {
    id: "c94444a6-8039-49a5-aa8d-6e7228e0f34a"
  }
}
]} | ret=SUCCESS |  
2019-08-24 00:37:02,472 | INFO  | DNAudit | user=null | ip=null | op=WRITE_CHUNK {blockData=conID: 2 locID: 102669157824397732 bcsId: 0} | ret=SUCCESS |  
2019-08-24 00:37:02,474 | INFO  | DNAudit | user=null | ip=null | op=PUT_BLOCK {blockData=[blockId=conID: 2 locID: 102669157824397732 bcsId: 0,size=5]} | ret=SUCCESS |  
2019-08-24 00:37:02,476 | INFO  | OMAudit | user=jenkins1000 | ip=127.0.0.1 | op=COMMIT_KEY {volume=volume93899, bucket=bucket31635, key=KYqHC10, dataSize=5, replicationType=RATIS, replicationFactor=ONE, keyLocationInfo=[blockID {
  containerBlockID {
    containerID: 2
    localID: 102669157824397732
  }
  blockCommitSequenceId: 0
}
offset: 0
length: 5
createVersion: 0
pipeline {
  leaderID: ""
  members {
    uuid: "fbb72e40-54b3-4254-bcd2-d86a09a0d730"
    ipAddress: "192.168.34.57"
    hostName: "pr-hdds-1909-kfjhh-925290811"
    ports {
      name: "REST"
      value: 44670
    }
    ports {
      name: "RATIS"
      value: 37236
    }
    ports {
      name: "STANDALONE"
      value: 43847
    }
    networkName: "fbb72e40-54b3-4254-bcd2-d86a09a0d730"
    networkLocation: "/default-rack"
  }
  state: PIPELINE_OPEN
  type: STAND_ALONE
  factor: ONE
  id {
    id: "c94444a6-8039-49a5-aa8d-6e7228e0f34a"
  }
}
]} | ret=SUCCESS |  
2019-08-24 00:37:02,478 | INFO  | SCMAudit | user=jenkins1000 | ip=192.168.34.57 | op=ALLOCATE_BLOCK {owner=372a6af6-a57e-4203-942b-3df9acdb3fd6, size=4194304, type=STAND_ALONE, factor=ONE} | ret=SUCCESS |  
2019-08-24 00:37:02,480 | INFO  | OMAudit | user=jenkins1000 | ip=127.0.0.1 | op=ALLOCATE_KEY {volume=volume93899, bucket=bucket31635, key=HoVzs11, dataSize=4096, replicationType=STAND_ALONE, replicationFactor=ONE, keyLocationInfo=[blockID {
  containerBlockID {
    containerID: 3
    localID: 102669157825118630
  }
  blockCommitSequenceId: 0
}
offset: 0
length: 4194304
createVersion: 0
pipeline {
  leaderID: ""
  members {
    uuid: "fbb72e40-54b3-4254-bcd2-d86a09a0d730"
    ipAddress: "192.168.34.57"
    hostName: "pr-hdds-1909-kfjhh-925290811"
    ports {
      name: "REST"
      value: 44670
    }
    ports {
      name: "RATIS"
      value: 37236
    }
    ports {
      name: "STANDALONE"
      value: 43847
    }
    networkName: "fbb72e40-54b3-4254-bcd2-d86a09a0d730"
    networkLocation: "/default-rack"
  }
  state: PIPELINE_OPEN
  type: STAND_ALONE
  factor: ONE
  id {
    id: "c94444a6-8039-49a5-aa8d-6e7228e0f34a"
  }
}
]} | ret=SUCCESS |  
2019-08-24 00:37:02,485 | INFO  | DNAudit | user=null | ip=null | op=WRITE_CHUNK {blockData=conID: 3 locID: 102669157825118630 bcsId: 0} | ret=SUCCESS |  
2019-08-24 00:37:02,487 | INFO  | DNAudit | user=null | ip=null | op=PUT_BLOCK {blockData=[blockId=conID: 3 locID: 102669157825118630 bcsId: 0,size=5]} | ret=SUCCESS |  
2019-08-24 00:37:02,490 | INFO  | OMAudit | user=jenkins1000 | ip=127.0.0.1 | op=COMMIT_KEY {volume=volume93899, bucket=bucket31635, key=HoVzs11, dataSize=5, replicationType=RATIS, replicationFactor=ONE, keyLocationInfo=[blockID {
  containerBlockID {
    containerID: 3
    localID: 102669157825118630
  }
  blockCommitSequenceId: 0
}
offset: 0
length: 5
createVersion: 0
pipeline {
  leaderID: ""
  members {
    uuid: "fbb72e40-54b3-4254-bcd2-d86a09a0d730"
    ipAddress: "192.168.34.57"
    hostName: "pr-hdds-1909-kfjhh-925290811"
    ports {
      name: "REST"
      value: 44670
    }
    ports {
      name: "RATIS"
      value: 37236
    }
    ports {
      name: "STANDALONE"
      value: 43847
    }
    networkName: "fbb72e40-54b3-4254-bcd2-d86a09a0d730"
    networkLocation: "/default-rack"
  }
  state: PIPELINE_OPEN
  type: STAND_ALONE
  factor: ONE
  id {
    id: "c94444a6-8039-49a5-aa8d-6e7228e0f34a"
  }
}
]} | ret=SUCCESS |  
2019-08-24 00:37:02,492 | INFO  | SCMAudit | user=jenkins1000 | ip=192.168.34.57 | op=ALLOCATE_BLOCK {owner=372a6af6-a57e-4203-942b-3df9acdb3fd6, size=4194304, type=STAND_ALONE, factor=ONE} | ret=SUCCESS |  
2019-08-24 00:37:02,493 | INFO  | OMAudit | user=jenkins1000 | ip=127.0.0.1 | op=ALLOCATE_KEY {volume=volume93899, bucket=bucket31635, key=nLgTc12, dataSize=4096, replicationType=STAND_ALONE, replicationFactor=ONE, keyLocationInfo=[blockID {
  containerBlockID {
    containerID: 1
    localID: 102669157826036136
  }
  blockCommitSequenceId: 0
}
offset: 0
length: 4194304
createVersion: 0
pipeline {
  leaderID: ""
  members {
    uuid: "fbb72e40-54b3-4254-bcd2-d86a09a0d730"
    ipAddress: "192.168.34.57"
    hostName: "pr-hdds-1909-kfjhh-925290811"
    ports {
      name: "REST"
      value: 44670
    }
    ports {
      name: "RATIS"
      value: 37236
    }
    ports {
      name: "STANDALONE"
      value: 43847
    }
    networkName: "fbb72e40-54b3-4254-bcd2-d86a09a0d730"
    networkLocation: "/default-rack"
  }
  state: PIPELINE_OPEN
  type: STAND_ALONE
  factor: ONE
  id {
    id: "c94444a6-8039-49a5-aa8d-6e7228e0f34a"
  }
}
]} | ret=SUCCESS |  
2019-08-24 00:37:02,499 | INFO  | DNAudit | user=null | ip=null | op=WRITE_CHUNK {blockData=conID: 1 locID: 102669157826036136 bcsId: 0} | ret=SUCCESS |  
2019-08-24 00:37:02,502 | INFO  | DNAudit | user=null | ip=null | op=PUT_BLOCK {blockData=[blockId=conID: 1 locID: 102669157826036136 bcsId: 0,size=5]} | ret=SUCCESS |  
2019-08-24 00:37:02,504 | INFO  | OMAudit | user=jenkins1000 | ip=127.0.0.1 | op=COMMIT_KEY {volume=volume93899, bucket=bucket31635, key=nLgTc12, dataSize=5, replicationType=RATIS, replicationFactor=ONE, keyLocationInfo=[blockID {
  containerBlockID {
    containerID: 1
    localID: 102669157826036136
  }
  blockCommitSequenceId: 0
}
offset: 0
length: 5
createVersion: 0
pipeline {
  leaderID: ""
  members {
    uuid: "fbb72e40-54b3-4254-bcd2-d86a09a0d730"
    ipAddress: "192.168.34.57"
    hostName: "pr-hdds-1909-kfjhh-925290811"
    ports {
      name: "REST"
      value: 44670
    }
    ports {
      name: "RATIS"
      value: 37236
    }
    ports {
      name: "STANDALONE"
      value: 43847
    }
    networkName: "fbb72e40-54b3-4254-bcd2-d86a09a0d730"
    networkLocation: "/default-rack"
  }
  state: PIPELINE_OPEN
  type: STAND_ALONE
  factor: ONE
  id {
    id: "c94444a6-8039-49a5-aa8d-6e7228e0f34a"
  }
}
]} | ret=SUCCESS |  
2019-08-24 00:37:02,506 | INFO  | SCMAudit | user=jenkins1000 | ip=192.168.34.57 | op=ALLOCATE_BLOCK {owner=372a6af6-a57e-4203-942b-3df9acdb3fd6, size=4194304, type=STAND_ALONE, factor=ONE} | ret=SUCCESS |  
2019-08-24 00:37:02,507 | INFO  | OMAudit | user=jenkins1000 | ip=127.0.0.1 | op=ALLOCATE_KEY {volume=volume93899, bucket=bucket31635, key=DZnmh13, dataSize=4096, replicationType=STAND_ALONE, replicationFactor=ONE, keyLocationInfo=[blockID {
  containerBlockID {
    containerID: 2
    localID: 102669157826953642
  }
  blockCommitSequenceId: 0
}
offset: 0
length: 4194304
createVersion: 0
pipeline {
  leaderID: ""
  members {
    uuid: "fbb72e40-54b3-4254-bcd2-d86a09a0d730"
    ipAddress: "192.168.34.57"
    hostName: "pr-hdds-1909-kfjhh-925290811"
    ports {
      name: "REST"
      value: 44670
    }
    ports {
      name: "RATIS"
      value: 37236
    }
    ports {
      name: "STANDALONE"
      value: 43847
    }
    networkName: "fbb72e40-54b3-4254-bcd2-d86a09a0d730"
    networkLocation: "/default-rack"
  }
  state: PIPELINE_OPEN
  type: STAND_ALONE
  factor: ONE
  id {
    id: "c94444a6-8039-49a5-aa8d-6e7228e0f34a"
  }
}
]} | ret=SUCCESS |  
2019-08-24 00:37:02,512 | INFO  | DNAudit | user=null | ip=null | op=WRITE_CHUNK {blockData=conID: 2 locID: 102669157826953642 bcsId: 0} | ret=SUCCESS |  
2019-08-24 00:37:02,514 | INFO  | DNAudit | user=null | ip=null | op=PUT_BLOCK {blockData=[blockId=conID: 2 locID: 102669157826953642 bcsId: 0,size=5]} | ret=SUCCESS |  
2019-08-24 00:37:02,516 | INFO  | OMAudit | user=jenkins1000 | ip=127.0.0.1 | op=COMMIT_KEY {volume=volume93899, bucket=bucket31635, key=DZnmh13, dataSize=5, replicationType=RATIS, replicationFactor=ONE, keyLocationInfo=[blockID {
  containerBlockID {
    containerID: 2
    localID: 102669157826953642
  }
  blockCommitSequenceId: 0
}
offset: 0
length: 5
createVersion: 0
pipeline {
  leaderID: ""
  members {
    uuid: "fbb72e40-54b3-4254-bcd2-d86a09a0d730"
    ipAddress: "192.168.34.57"
    hostName: "pr-hdds-1909-kfjhh-925290811"
    ports {
      name: "REST"
      value: 44670
    }
    ports {
      name: "RATIS"
      value: 37236
    }
    ports {
      name: "STANDALONE"
      value: 43847
    }
    networkName: "fbb72e40-54b3-4254-bcd2-d86a09a0d730"
    networkLocation: "/default-rack"
  }
  state: PIPELINE_OPEN
  type: STAND_ALONE
  factor: ONE
  id {
    id: "c94444a6-8039-49a5-aa8d-6e7228e0f34a"
  }
}
]} | ret=SUCCESS |  
2019-08-24 00:37:02,518 | INFO  | SCMAudit | user=jenkins1000 | ip=192.168.34.57 | op=ALLOCATE_BLOCK {owner=372a6af6-a57e-4203-942b-3df9acdb3fd6, size=4194304, type=STAND_ALONE, factor=ONE} | ret=SUCCESS |  
2019-08-24 00:37:02,520 | INFO  | OMAudit | user=jenkins1000 | ip=127.0.0.1 | op=ALLOCATE_KEY {volume=volume93899, bucket=bucket31635, key=lDONK14, dataSize=4096, replicationType=STAND_ALONE, replicationFactor=ONE, keyLocationInfo=[blockID {
  containerBlockID {
    containerID: 3
    localID: 102669157827740076
  }
  blockCommitSequenceId: 0
}
offset: 0
length: 4194304
createVersion: 0
pipeline {
  leaderID: ""
  members {
    uuid: "fbb72e40-54b3-4254-bcd2-d86a09a0d730"
    ipAddress: "192.168.34.57"
    hostName: "pr-hdds-1909-kfjhh-925290811"
    ports {
      name: "REST"
      value: 44670
    }
    ports {
      name: "RATIS"
      value: 37236
    }
    ports {
      name: "STANDALONE"
      value: 43847
    }
    networkName: "fbb72e40-54b3-4254-bcd2-d86a09a0d730"
    networkLocation: "/default-rack"
  }
  state: PIPELINE_OPEN
  type: STAND_ALONE
  factor: ONE
  id {
    id: "c94444a6-8039-49a5-aa8d-6e7228e0f34a"
  }
}
]} | ret=SUCCESS |  
2019-08-24 00:37:02,524 | INFO  | DNAudit | user=null | ip=null | op=WRITE_CHUNK {blockData=conID: 3 locID: 102669157827740076 bcsId: 0} | ret=SUCCESS |  
2019-08-24 00:37:02,527 | INFO  | DNAudit | user=null | ip=null | op=PUT_BLOCK {blockData=[blockId=conID: 3 locID: 102669157827740076 bcsId: 0,size=5]} | ret=SUCCESS |  
2019-08-24 00:37:02,529 | INFO  | OMAudit | user=jenkins1000 | ip=127.0.0.1 | op=COMMIT_KEY {volume=volume93899, bucket=bucket31635, key=lDONK14, dataSize=5, replicationType=RATIS, replicationFactor=ONE, keyLocationInfo=[blockID {
  containerBlockID {
    containerID: 3
    localID: 102669157827740076
  }
  blockCommitSequenceId: 0
}
offset: 0
length: 5
createVersion: 0
pipeline {
  leaderID: ""
  members {
    uuid: "fbb72e40-54b3-4254-bcd2-d86a09a0d730"
    ipAddress: "192.168.34.57"
    hostName: "pr-hdds-1909-kfjhh-925290811"
    ports {
      name: "REST"
      value: 44670
    }
    ports {
      name: "RATIS"
      value: 37236
    }
    ports {
      name: "STANDALONE"
      value: 43847
    }
    networkName: "fbb72e40-54b3-4254-bcd2-d86a09a0d730"
    networkLocation: "/default-rack"
  }
  state: PIPELINE_OPEN
  type: STAND_ALONE
  factor: ONE
  id {
    id: "c94444a6-8039-49a5-aa8d-6e7228e0f34a"
  }
}
]} | ret=SUCCESS |  
2019-08-24 00:37:02,531 | INFO  | SCMAudit | user=jenkins1000 | ip=192.168.34.57 | op=ALLOCATE_BLOCK {owner=372a6af6-a57e-4203-942b-3df9acdb3fd6, size=4194304, type=STAND_ALONE, factor=ONE} | ret=SUCCESS |  
2019-08-24 00:37:02,532 | INFO  | OMAudit | user=jenkins1000 | ip=127.0.0.1 | op=ALLOCATE_KEY {volume=volume93899, bucket=bucket31635, key=qhIht15, dataSize=4096, replicationType=STAND_ALONE, replicationFactor=ONE, keyLocationInfo=[blockID {
  containerBlockID {
    containerID: 1
    localID: 102669157828592046
  }
  blockCommitSequenceId: 0
}
offset: 0
length: 4194304
createVersion: 0
pipeline {
  leaderID: ""
  members {
    uuid: "fbb72e40-54b3-4254-bcd2-d86a09a0d730"
    ipAddress: "192.168.34.57"
    hostName: "pr-hdds-1909-kfjhh-925290811"
    ports {
      name: "REST"
      value: 44670
    }
    ports {
      name: "RATIS"
      value: 37236
    }
    ports {
      name: "STANDALONE"
      value: 43847
    }
    networkName: "fbb72e40-54b3-4254-bcd2-d86a09a0d730"
    networkLocation: "/default-rack"
  }
  state: PIPELINE_OPEN
  type: STAND_ALONE
  factor: ONE
  id {
    id: "c94444a6-8039-49a5-aa8d-6e7228e0f34a"
  }
}
]} | ret=SUCCESS |  
2019-08-24 00:37:02,537 | INFO  | DNAudit | user=null | ip=null | op=WRITE_CHUNK {blockData=conID: 1 locID: 102669157828592046 bcsId: 0} | ret=SUCCESS |  
2019-08-24 00:37:02,542 | INFO  | DNAudit | user=null | ip=null | op=PUT_BLOCK {blockData=[blockId=conID: 1 locID: 102669157828592046 bcsId: 0,size=5]} | ret=SUCCESS |  
2019-08-24 00:37:02,544 | INFO  | OMAudit | user=jenkins1000 | ip=127.0.0.1 | op=COMMIT_KEY {volume=volume93899, bucket=bucket31635, key=qhIht15, dataSize=5, replicationType=RATIS, replicationFactor=ONE, keyLocationInfo=[blockID {
  containerBlockID {
    containerID: 1
    localID: 102669157828592046
  }
  blockCommitSequenceId: 0
}
offset: 0
length: 5
createVersion: 0
pipeline {
  leaderID: ""
  members {
    uuid: "fbb72e40-54b3-4254-bcd2-d86a09a0d730"
    ipAddress: "192.168.34.57"
    hostName: "pr-hdds-1909-kfjhh-925290811"
    ports {
      name: "REST"
      value: 44670
    }
    ports {
      name: "RATIS"
      value: 37236
    }
    ports {
      name: "STANDALONE"
      value: 43847
    }
    networkName: "fbb72e40-54b3-4254-bcd2-d86a09a0d730"
    networkLocation: "/default-rack"
  }
  state: PIPELINE_OPEN
  type: STAND_ALONE
  factor: ONE
  id {
    id: "c94444a6-8039-49a5-aa8d-6e7228e0f34a"
  }
}
]} | ret=SUCCESS |  
2019-08-24 00:37:02,546 | INFO  | SCMAudit | user=jenkins1000 | ip=192.168.34.57 | op=ALLOCATE_BLOCK {owner=372a6af6-a57e-4203-942b-3df9acdb3fd6, size=4194304, type=STAND_ALONE, factor=ONE} | ret=SUCCESS |  
2019-08-24 00:37:02,547 | INFO  | OMAudit | user=jenkins1000 | ip=127.0.0.1 | op=ALLOCATE_KEY {volume=volume93899, bucket=bucket31635, key=CRrPl16, dataSize=4096, replicationType=STAND_ALONE, replicationFactor=ONE, keyLocationInfo=[blockID {
  containerBlockID {
    containerID: 2
    localID: 102669157829575088
  }
  blockCommitSequenceId: 0
}
offset: 0
length: 4194304
createVersion: 0
pipeline {
  leaderID: ""
  members {
    uuid: "fbb72e40-54b3-4254-bcd2-d86a09a0d730"
    ipAddress: "192.168.34.57"
    hostName: "pr-hdds-1909-kfjhh-925290811"
    ports {
      name: "REST"
      value: 44670
    }
    ports {
      name: "RATIS"
      value: 37236
    }
    ports {
      name: "STANDALONE"
      value: 43847
    }
    networkName: "fbb72e40-54b3-4254-bcd2-d86a09a0d730"
    networkLocation: "/default-rack"
  }
  state: PIPELINE_OPEN
  type: STAND_ALONE
  factor: ONE
  id {
    id: "c94444a6-8039-49a5-aa8d-6e7228e0f34a"
  }
}
]} | ret=SUCCESS |  
2019-08-24 00:37:02,551 | INFO  | DNAudit | user=null | ip=null | op=WRITE_CHUNK {blockData=conID: 2 locID: 102669157829575088 bcsId: 0} | ret=SUCCESS |  
2019-08-24 00:37:02,553 | INFO  | DNAudit | user=null | ip=null | op=PUT_BLOCK {blockData=[blockId=conID: 2 locID: 102669157829575088 bcsId: 0,size=5]} | ret=SUCCESS |  
2019-08-24 00:37:02,555 | INFO  | OMAudit | user=jenkins1000 | ip=127.0.0.1 | op=COMMIT_KEY {volume=volume93899, bucket=bucket31635, key=CRrPl16, dataSize=5, replicationType=RATIS, replicationFactor=ONE, keyLocationInfo=[blockID {
  containerBlockID {
    containerID: 2
    localID: 102669157829575088
  }
  blockCommitSequenceId: 0
}
offset: 0
length: 5
createVersion: 0
pipeline {
  leaderID: ""
  members {
    uuid: "fbb72e40-54b3-4254-bcd2-d86a09a0d730"
    ipAddress: "192.168.34.57"
    hostName: "pr-hdds-1909-kfjhh-925290811"
    ports {
      name: "REST"
      value: 44670
    }
    ports {
      name: "RATIS"
      value: 37236
    }
    ports {
      name: "STANDALONE"
      value: 43847
    }
    networkName: "fbb72e40-54b3-4254-bcd2-d86a09a0d730"
    networkLocation: "/default-rack"
  }
  state: PIPELINE_OPEN
  type: STAND_ALONE
  factor: ONE
  id {
    id: "c94444a6-8039-49a5-aa8d-6e7228e0f34a"
  }
}
]} | ret=SUCCESS |  
2019-08-24 00:37:02,557 | INFO  | SCMAudit | user=jenkins1000 | ip=192.168.34.57 | op=ALLOCATE_BLOCK {owner=372a6af6-a57e-4203-942b-3df9acdb3fd6, size=4194304, type=STAND_ALONE, factor=ONE} | ret=SUCCESS |  
2019-08-24 00:37:02,558 | INFO  | OMAudit | user=jenkins1000 | ip=127.0.0.1 | op=ALLOCATE_KEY {volume=volume93899, bucket=bucket31635, key=vNPrz17, dataSize=4096, replicationType=STAND_ALONE, replicationFactor=ONE, keyLocationInfo=[blockID {
  containerBlockID {
    containerID: 3
    localID: 102669157830295986
  }
  blockCommitSequenceId: 0
}
offset: 0
length: 4194304
createVersion: 0
pipeline {
  leaderID: ""
  members {
    uuid: "fbb72e40-54b3-4254-bcd2-d86a09a0d730"
    ipAddress: "192.168.34.57"
    hostName: "pr-hdds-1909-kfjhh-925290811"
    ports {
      name: "REST"
      value: 44670
    }
    ports {
      name: "RATIS"
      value: 37236
    }
    ports {
      name: "STANDALONE"
      value: 43847
    }
    networkName: "fbb72e40-54b3-4254-bcd2-d86a09a0d730"
    networkLocation: "/default-rack"
  }
  state: PIPELINE_OPEN
  type: STAND_ALONE
  factor: ONE
  id {
    id: "c94444a6-8039-49a5-aa8d-6e7228e0f34a"
  }
}
]} | ret=SUCCESS |  
2019-08-24 00:37:02,561 | INFO  | DNAudit | user=null | ip=null | op=WRITE_CHUNK {blockData=conID: 3 locID: 102669157830295986 bcsId: 0} | ret=SUCCESS |  
2019-08-24 00:37:02,563 | INFO  | DNAudit | user=null | ip=null | op=PUT_BLOCK {blockData=[blockId=conID: 3 locID: 102669157830295986 bcsId: 0,size=5]} | ret=SUCCESS |  
2019-08-24 00:37:02,565 | INFO  | OMAudit | user=jenkins1000 | ip=127.0.0.1 | op=COMMIT_KEY {volume=volume93899, bucket=bucket31635, key=vNPrz17, dataSize=5, replicationType=RATIS, replicationFactor=ONE, keyLocationInfo=[blockID {
  containerBlockID {
    containerID: 3
    localID: 102669157830295986
  }
  blockCommitSequenceId: 0
}
offset: 0
length: 5
createVersion: 0
pipeline {
  leaderID: ""
  members {
    uuid: "fbb72e40-54b3-4254-bcd2-d86a09a0d730"
    ipAddress: "192.168.34.57"
    hostName: "pr-hdds-1909-kfjhh-925290811"
    ports {
      name: "REST"
      value: 44670
    }
    ports {
      name: "RATIS"
      value: 37236
    }
    ports {
      name: "STANDALONE"
      value: 43847
    }
    networkName: "fbb72e40-54b3-4254-bcd2-d86a09a0d730"
    networkLocation: "/default-rack"
  }
  state: PIPELINE_OPEN
  type: STAND_ALONE
  factor: ONE
  id {
    id: "c94444a6-8039-49a5-aa8d-6e7228e0f34a"
  }
}
]} | ret=SUCCESS |  
2019-08-24 00:37:02,566 | INFO  | SCMAudit | user=jenkins1000 | ip=192.168.34.57 | op=ALLOCATE_BLOCK {owner=372a6af6-a57e-4203-942b-3df9acdb3fd6, size=4194304, type=STAND_ALONE, factor=ONE} | ret=SUCCESS |  
2019-08-24 00:37:02,567 | INFO  | OMAudit | user=jenkins1000 | ip=127.0.0.1 | op=ALLOCATE_KEY {volume=volume93899, bucket=bucket31635, key=aEhLj18, dataSize=4096, replicationType=STAND_ALONE, replicationFactor=ONE, keyLocationInfo=[blockID {
  containerBlockID {
    containerID: 1
    localID: 102669157830885812
  }
  blockCommitSequenceId: 0
}
offset: 0
length: 4194304
createVersion: 0
pipeline {
  leaderID: ""
  members {
    uuid: "fbb72e40-54b3-4254-bcd2-d86a09a0d730"
    ipAddress: "192.168.34.57"
    hostName: "pr-hdds-1909-kfjhh-925290811"
    ports {
      name: "REST"
      value: 44670
    }
    ports {
      name: "RATIS"
      value: 37236
    }
    ports {
      name: "STANDALONE"
      value: 43847
    }
    networkName: "fbb72e40-54b3-4254-bcd2-d86a09a0d730"
    networkLocation: "/default-rack"
  }
  state: PIPELINE_OPEN
  type: STAND_ALONE
  factor: ONE
  id {
    id: "c94444a6-8039-49a5-aa8d-6e7228e0f34a"
  }
}
]} | ret=SUCCESS |  
2019-08-24 00:37:02,570 | INFO  | DNAudit | user=null | ip=null | op=WRITE_CHUNK {blockData=conID: 1 locID: 102669157830885812 bcsId: 0} | ret=SUCCESS |  
2019-08-24 00:37:02,572 | INFO  | DNAudit | user=null | ip=null | op=PUT_BLOCK {blockData=[blockId=conID: 1 locID: 102669157830885812 bcsId: 0,size=5]} | ret=SUCCESS |  
2019-08-24 00:37:02,574 | INFO  | OMAudit | user=jenkins1000 | ip=127.0.0.1 | op=COMMIT_KEY {volume=volume93899, bucket=bucket31635, key=aEhLj18, dataSize=5, replicationType=RATIS, replicationFactor=ONE, keyLocationInfo=[blockID {
  containerBlockID {
    containerID: 1
    localID: 102669157830885812
  }
  blockCommitSequenceId: 0
}
offset: 0
length: 5
createVersion: 0
pipeline {
  leaderID: ""
  members {
    uuid: "fbb72e40-54b3-4254-bcd2-d86a09a0d730"
    ipAddress: "192.168.34.57"
    hostName: "pr-hdds-1909-kfjhh-925290811"
    ports {
      name: "REST"
      value: 44670
    }
    ports {
      name: "RATIS"
      value: 37236
    }
    ports {
      name: "STANDALONE"
      value: 43847
    }
    networkName: "fbb72e40-54b3-4254-bcd2-d86a09a0d730"
    networkLocation: "/default-rack"
  }
  state: PIPELINE_OPEN
  type: STAND_ALONE
  factor: ONE
  id {
    id: "c94444a6-8039-49a5-aa8d-6e7228e0f34a"
  }
}
]} | ret=SUCCESS |  
2019-08-24 00:37:02,576 | INFO  | SCMAudit | user=jenkins1000 | ip=192.168.34.57 | op=ALLOCATE_BLOCK {owner=372a6af6-a57e-4203-942b-3df9acdb3fd6, size=4194304, type=STAND_ALONE, factor=ONE} | ret=SUCCESS |  
2019-08-24 00:37:02,578 | INFO  | OMAudit | user=jenkins1000 | ip=127.0.0.1 | op=ALLOCATE_KEY {volume=volume93899, bucket=bucket31635, key=OzbgN19, dataSize=4096, replicationType=STAND_ALONE, replicationFactor=ONE, keyLocationInfo=[blockID {
  containerBlockID {
    containerID: 2
    localID: 102669157831541174
  }
  blockCommitSequenceId: 0
}
offset: 0
length: 4194304
createVersion: 0
pipeline {
  leaderID: ""
  members {
    uuid: "fbb72e40-54b3-4254-bcd2-d86a09a0d730"
    ipAddress: "192.168.34.57"
    hostName: "pr-hdds-1909-kfjhh-925290811"
    ports {
      name: "REST"
      value: 44670
    }
    ports {
      name: "RATIS"
      value: 37236
    }
    ports {
      name: "STANDALONE"
      value: 43847
    }
    networkName: "fbb72e40-54b3-4254-bcd2-d86a09a0d730"
    networkLocation: "/default-rack"
  }
  state: PIPELINE_OPEN
  type: STAND_ALONE
  factor: ONE
  id {
    id: "c94444a6-8039-49a5-aa8d-6e7228e0f34a"
  }
}
]} | ret=SUCCESS |  
2019-08-24 00:37:02,581 | INFO  | DNAudit | user=null | ip=null | op=WRITE_CHUNK {blockData=conID: 2 locID: 102669157831541174 bcsId: 0} | ret=SUCCESS |  
2019-08-24 00:37:02,583 | INFO  | DNAudit | user=null | ip=null | op=PUT_BLOCK {blockData=[blockId=conID: 2 locID: 102669157831541174 bcsId: 0,size=5]} | ret=SUCCESS |  
2019-08-24 00:37:02,585 | INFO  | OMAudit | user=jenkins1000 | ip=127.0.0.1 | op=COMMIT_KEY {volume=volume93899, bucket=bucket31635, key=OzbgN19, dataSize=5, replicationType=RATIS, replicationFactor=ONE, keyLocationInfo=[blockID {
  containerBlockID {
    containerID: 2
    localID: 102669157831541174
  }
  blockCommitSequenceId: 0
}
offset: 0
length: 5
createVersion: 0
pipeline {
  leaderID: ""
  members {
    uuid: "fbb72e40-54b3-4254-bcd2-d86a09a0d730"
    ipAddress: "192.168.34.57"
    hostName: "pr-hdds-1909-kfjhh-925290811"
    ports {
      name: "REST"
      value: 44670
    }
    ports {
      name: "RATIS"
      value: 37236
    }
    ports {
      name: "STANDALONE"
      value: 43847
    }
    networkName: "fbb72e40-54b3-4254-bcd2-d86a09a0d730"
    networkLocation: "/default-rack"
  }
  state: PIPELINE_OPEN
  type: STAND_ALONE
  factor: ONE
  id {
    id: "c94444a6-8039-49a5-aa8d-6e7228e0f34a"
  }
}
]} | ret=SUCCESS |  
2019-08-24 00:37:02,586 | INFO  | SCMAudit | user=jenkins1000 | ip=192.168.34.57 | op=ALLOCATE_BLOCK {owner=372a6af6-a57e-4203-942b-3df9acdb3fd6, size=4194304, type=STAND_ALONE, factor=ONE} | ret=SUCCESS |  
2019-08-24 00:37:02,587 | INFO  | OMAudit | user=jenkins1000 | ip=127.0.0.1 | op=ALLOCATE_KEY {volume=volume93899, bucket=bucket31635, key=VEWHr20, dataSize=4096, replicationType=STAND_ALONE, replicationFactor=ONE, keyLocationInfo=[blockID {
  containerBlockID {
    containerID: 3
    localID: 102669157832196536
  }
  blockCommitSequenceId: 0
}
offset: 0
length: 4194304
createVersion: 0
pipeline {
  leaderID: ""
  members {
    uuid: "fbb72e40-54b3-4254-bcd2-d86a09a0d730"
    ipAddress: "192.168.34.57"
    hostName: "pr-hdds-1909-kfjhh-925290811"
    ports {
      name: "REST"
      value: 44670
    }
    ports {
      name: "RATIS"
      value: 37236
    }
    ports {
      name: "STANDALONE"
      value: 43847
    }
    networkName: "fbb72e40-54b3-4254-bcd2-d86a09a0d730"
    networkLocation: "/default-rack"
  }
  state: PIPELINE_OPEN
  type: STAND_ALONE
  factor: ONE
  id {
    id: "c94444a6-8039-49a5-aa8d-6e7228e0f34a"
  }
}
]} | ret=SUCCESS |  
2019-08-24 00:37:02,590 | INFO  | DNAudit | user=null | ip=null | op=WRITE_CHUNK {blockData=conID: 3 locID: 102669157832196536 bcsId: 0} | ret=SUCCESS |  
2019-08-24 00:37:02,593 | INFO  | DNAudit | user=null | ip=null | op=PUT_BLOCK {blockData=[blockId=conID: 3 locID: 102669157832196536 bcsId: 0,size=5]} | ret=SUCCESS |  
2019-08-24 00:37:02,595 | INFO  | OMAudit | user=jenkins1000 | ip=127.0.0.1 | op=COMMIT_KEY {volume=volume93899, bucket=bucket31635, key=VEWHr20, dataSize=5, replicationType=RATIS, replicationFactor=ONE, keyLocationInfo=[blockID {
  containerBlockID {
    containerID: 3
    localID: 102669157832196536
  }
  blockCommitSequenceId: 0
}
offset: 0
length: 5
createVersion: 0
pipeline {
  leaderID: ""
  members {
    uuid: "fbb72e40-54b3-4254-bcd2-d86a09a0d730"
    ipAddress: "192.168.34.57"
    hostName: "pr-hdds-1909-kfjhh-925290811"
    ports {
      name: "REST"
      value: 44670
    }
    ports {
      name: "RATIS"
      value: 37236
    }
    ports {
      name: "STANDALONE"
      value: 43847
    }
    networkName: "fbb72e40-54b3-4254-bcd2-d86a09a0d730"
    networkLocation: "/default-rack"
  }
  state: PIPELINE_OPEN
  type: STAND_ALONE
  factor: ONE
  id {
    id: "c94444a6-8039-49a5-aa8d-6e7228e0f34a"
  }
}
]} | ret=SUCCESS |  
2019-08-24 00:37:02,596 | INFO  | SCMAudit | user=jenkins1000 | ip=192.168.34.57 | op=ALLOCATE_BLOCK {owner=372a6af6-a57e-4203-942b-3df9acdb3fd6, size=4194304, type=STAND_ALONE, factor=ONE} | ret=SUCCESS |  
2019-08-24 00:37:02,598 | INFO  | OMAudit | user=jenkins1000 | ip=127.0.0.1 | op=ALLOCATE_KEY {volume=volume93899, bucket=bucket31635, key=fScBY21, dataSize=4096, replicationType=STAND_ALONE, replicationFactor=ONE, keyLocationInfo=[blockID {
  containerBlockID {
    containerID: 1
    localID: 102669157832851898
  }
  blockCommitSequenceId: 0
}
offset: 0
length: 4194304
createVersion: 0
pipeline {
  leaderID: ""
  members {
    uuid: "fbb72e40-54b3-4254-bcd2-d86a09a0d730"
    ipAddress: "192.168.34.57"
    hostName: "pr-hdds-1909-kfjhh-925290811"
    ports {
      name: "REST"
      value: 44670
    }
    ports {
      name: "RATIS"
      value: 37236
    }
    ports {
      name: "STANDALONE"
      value: 43847
    }
    networkName: "fbb72e40-54b3-4254-bcd2-d86a09a0d730"
    networkLocation: "/default-rack"
  }
  state: PIPELINE_OPEN
  type: STAND_ALONE
  factor: ONE
  id {
    id: "c94444a6-8039-49a5-aa8d-6e7228e0f34a"
  }
}
]} | ret=SUCCESS |  
2019-08-24 00:37:02,601 | INFO  | DNAudit | user=null | ip=null | op=WRITE_CHUNK {blockData=conID: 1 locID: 102669157832851898 bcsId: 0} | ret=SUCCESS |  
2019-08-24 00:37:02,603 | INFO  | DNAudit | user=null | ip=null | op=PUT_BLOCK {blockData=[blockId=conID: 1 locID: 102669157832851898 bcsId: 0,size=5]} | ret=SUCCESS |  
2019-08-24 00:37:02,606 | INFO  | OMAudit | user=jenkins1000 | ip=127.0.0.1 | op=COMMIT_KEY {volume=volume93899, bucket=bucket31635, key=fScBY21, dataSize=5, replicationType=RATIS, replicationFactor=ONE, keyLocationInfo=[blockID {
  containerBlockID {
    containerID: 1
    localID: 102669157832851898
  }
  blockCommitSequenceId: 0
}
offset: 0
length: 5
createVersion: 0
pipeline {
  leaderID: ""
  members {
    uuid: "fbb72e40-54b3-4254-bcd2-d86a09a0d730"
    ipAddress: "192.168.34.57"
    hostName: "pr-hdds-1909-kfjhh-925290811"
    ports {
      name: "REST"
      value: 44670
    }
    ports {
      name: "RATIS"
      value: 37236
    }
    ports {
      name: "STANDALONE"
      value: 43847
    }
    networkName: "fbb72e40-54b3-4254-bcd2-d86a09a0d730"
    networkLocation: "/default-rack"
  }
  state: PIPELINE_OPEN
  type: STAND_ALONE
  factor: ONE
  id {
    id: "c94444a6-8039-49a5-aa8d-6e7228e0f34a"
  }
}
]} | ret=SUCCESS |  
2019-08-24 00:37:02,608 | INFO  | SCMAudit | user=jenkins1000 | ip=192.168.34.57 | op=ALLOCATE_BLOCK {owner=372a6af6-a57e-4203-942b-3df9acdb3fd6, size=4194304, type=STAND_ALONE, factor=ONE} | ret=SUCCESS |  
2019-08-24 00:37:02,609 | INFO  | OMAudit | user=jenkins1000 | ip=127.0.0.1 | op=ALLOCATE_KEY {volume=volume93899, bucket=bucket31635, key=FFCey22, dataSize=4096, replicationType=STAND_ALONE, replicationFactor=ONE, keyLocationInfo=[blockID {
  containerBlockID {
    containerID: 2
    localID: 102669157833638332
  }
  blockCommitSequenceId: 0
}
offset: 0
length: 4194304
createVersion: 0
pipeline {
  leaderID: ""
  members {
    uuid: "fbb72e40-54b3-4254-bcd2-d86a09a0d730"
    ipAddress: "192.168.34.57"
    hostName: "pr-hdds-1909-kfjhh-925290811"
    ports {
      name: "REST"
      value: 44670
    }
    ports {
      name: "RATIS"
      value: 37236
    }
    ports {
      name: "STANDALONE"
      value: 43847
    }
    networkName: "fbb72e40-54b3-4254-bcd2-d86a09a0d730"
    networkLocation: "/default-rack"
  }
  state: PIPELINE_OPEN
  type: STAND_ALONE
  factor: ONE
  id {
    id: "c94444a6-8039-49a5-aa8d-6e7228e0f34a"
  }
}
]} | ret=SUCCESS |  
2019-08-24 00:37:02,612 | INFO  | DNAudit | user=null | ip=null | op=WRITE_CHUNK {blockData=conID: 2 locID: 102669157833638332 bcsId: 0} | ret=SUCCESS |  
2019-08-24 00:37:02,615 | INFO  | DNAudit | user=null | ip=null | op=PUT_BLOCK {blockData=[blockId=conID: 2 locID: 102669157833638332 bcsId: 0,size=5]} | ret=SUCCESS |  
2019-08-24 00:37:02,617 | INFO  | OMAudit | user=jenkins1000 | ip=127.0.0.1 | op=COMMIT_KEY {volume=volume93899, bucket=bucket31635, key=FFCey22, dataSize=5, replicationType=RATIS, replicationFactor=ONE, keyLocationInfo=[blockID {
  containerBlockID {
    containerID: 2
    localID: 102669157833638332
  }
  blockCommitSequenceId: 0
}
offset: 0
length: 5
createVersion: 0
pipeline {
  leaderID: ""
  members {
    uuid: "fbb72e40-54b3-4254-bcd2-d86a09a0d730"
    ipAddress: "192.168.34.57"
    hostName: "pr-hdds-1909-kfjhh-925290811"
    ports {
      name: "REST"
      value: 44670
    }
    ports {
      name: "RATIS"
      value: 37236
    }
    ports {
      name: "STANDALONE"
      value: 43847
    }
    networkName: "fbb72e40-54b3-4254-bcd2-d86a09a0d730"
    networkLocation: "/default-rack"
  }
  state: PIPELINE_OPEN
  type: STAND_ALONE
  factor: ONE
  id {
    id: "c94444a6-8039-49a5-aa8d-6e7228e0f34a"
  }
}
]} | ret=SUCCESS |  
2019-08-24 00:37:02,618 | INFO  | SCMAudit | user=jenkins1000 | ip=192.168.34.57 | op=ALLOCATE_BLOCK {owner=372a6af6-a57e-4203-942b-3df9acdb3fd6, size=4194304, type=STAND_ALONE, factor=ONE} | ret=SUCCESS |  
2019-08-24 00:37:02,619 | INFO  | OMAudit | user=jenkins1000 | ip=127.0.0.1 | op=ALLOCATE_KEY {volume=volume93899, bucket=bucket31635, key=AqfJk23, dataSize=4096, replicationType=STAND_ALONE, replicationFactor=ONE, keyLocationInfo=[blockID {
  containerBlockID {
    containerID: 3
    localID: 102669157834293694
  }
  blockCommitSequenceId: 0
}
offset: 0
length: 4194304
createVersion: 0
pipeline {
  leaderID: ""
  members {
    uuid: "fbb72e40-54b3-4254-bcd2-d86a09a0d730"
    ipAddress: "192.168.34.57"
    hostName: "pr-hdds-1909-kfjhh-925290811"
    ports {
      name: "REST"
      value: 44670
    }
    ports {
      name: "RATIS"
      value: 37236
    }
    ports {
      name: "STANDALONE"
      value: 43847
    }
    networkName: "fbb72e40-54b3-4254-bcd2-d86a09a0d730"
    networkLocation: "/default-rack"
  }
  state: PIPELINE_OPEN
  type: STAND_ALONE
  factor: ONE
  id {
    id: "c94444a6-8039-49a5-aa8d-6e7228e0f34a"
  }
}
]} | ret=SUCCESS |  
2019-08-24 00:37:02,621 | INFO  | DNAudit | user=null | ip=null | op=WRITE_CHUNK {blockData=conID: 3 locID: 102669157834293694 bcsId: 0} | ret=SUCCESS |  
2019-08-24 00:37:02,623 | INFO  | DNAudit | user=null | ip=null | op=PUT_BLOCK {blockData=[blockId=conID: 3 locID: 102669157834293694 bcsId: 0,size=5]} | ret=SUCCESS |  
2019-08-24 00:37:02,625 | INFO  | OMAudit | user=jenkins1000 | ip=127.0.0.1 | op=COMMIT_KEY {volume=volume93899, bucket=bucket31635, key=AqfJk23, dataSize=5, replicationType=RATIS, replicationFactor=ONE, keyLocationInfo=[blockID {
  containerBlockID {
    containerID: 3
    localID: 102669157834293694
  }
  blockCommitSequenceId: 0
}
offset: 0
length: 5
createVersion: 0
pipeline {
  leaderID: ""
  members {
    uuid: "fbb72e40-54b3-4254-bcd2-d86a09a0d730"
    ipAddress: "192.168.34.57"
    hostName: "pr-hdds-1909-kfjhh-925290811"
    ports {
      name: "REST"
      value: 44670
    }
    ports {
      name: "RATIS"
      value: 37236
    }
    ports {
      name: "STANDALONE"
      value: 43847
    }
    networkName: "fbb72e40-54b3-4254-bcd2-d86a09a0d730"
    networkLocation: "/default-rack"
  }
  state: PIPELINE_OPEN
  type: STAND_ALONE
  factor: ONE
  id {
    id: "c94444a6-8039-49a5-aa8d-6e7228e0f34a"
  }
}
]} | ret=SUCCESS |  
2019-08-24 00:37:02,627 | INFO  | SCMAudit | user=jenkins1000 | ip=192.168.34.57 | op=ALLOCATE_BLOCK {owner=372a6af6-a57e-4203-942b-3df9acdb3fd6, size=4194304, type=STAND_ALONE, factor=ONE} | ret=SUCCESS |  
2019-08-24 00:37:02,628 | INFO  | OMAudit | user=jenkins1000 | ip=127.0.0.1 | op=ALLOCATE_KEY {volume=volume93899, bucket=bucket31635, key=JVTJC24, dataSize=4096, replicationType=STAND_ALONE, replicationFactor=ONE, keyLocationInfo=[blockID {
  containerBlockID {
    containerID: 1
    localID: 102669157834883520
  }
  blockCommitSequenceId: 0
}
offset: 0
length: 4194304
createVersion: 0
pipeline {
  leaderID: ""
  members {
    uuid: "fbb72e40-54b3-4254-bcd2-d86a09a0d730"
    ipAddress: "192.168.34.57"
    hostName: "pr-hdds-1909-kfjhh-925290811"
    ports {
      name: "REST"
      value: 44670
    }
    ports {
      name: "RATIS"
      value: 37236
    }
    ports {
      name: "STANDALONE"
      value: 43847
    }
    networkName: "fbb72e40-54b3-4254-bcd2-d86a09a0d730"
    networkLocation: "/default-rack"
  }
  state: PIPELINE_OPEN
  type: STAND_ALONE
  factor: ONE
  id {
    id: "c94444a6-8039-49a5-aa8d-6e7228e0f34a"
  }
}
]} | ret=SUCCESS |  
2019-08-24 00:37:02,631 | INFO  | DNAudit | user=null | ip=null | op=WRITE_CHUNK {blockData=conID: 1 locID: 102669157834883520 bcsId: 0} | ret=SUCCESS |  
2019-08-24 00:37:02,634 | INFO  | DNAudit | user=null | ip=null | op=PUT_BLOCK {blockData=[blockId=conID: 1 locID: 102669157834883520 bcsId: 0,size=5]} | ret=SUCCESS |  
2019-08-24 00:37:02,636 | INFO  | OMAudit | user=jenkins1000 | ip=127.0.0.1 | op=COMMIT_KEY {volume=volume93899, bucket=bucket31635, key=JVTJC24, dataSize=5, replicationType=RATIS, replicationFactor=ONE, keyLocationInfo=[blockID {
  containerBlockID {
    containerID: 1
    localID: 102669157834883520
  }
  blockCommitSequenceId: 0
}
offset: 0
length: 5
createVersion: 0
pipeline {
  leaderID: ""
  members {
    uuid: "fbb72e40-54b3-4254-bcd2-d86a09a0d730"
    ipAddress: "192.168.34.57"
    hostName: "pr-hdds-1909-kfjhh-925290811"
    ports {
      name: "REST"
      value: 44670
    }
    ports {
      name: "RATIS"
      value: 37236
    }
    ports {
      name: "STANDALONE"
      value: 43847
    }
    networkName: "fbb72e40-54b3-4254-bcd2-d86a09a0d730"
    networkLocation: "/default-rack"
  }
  state: PIPELINE_OPEN
  type: STAND_ALONE
  factor: ONE
  id {
    id: "c94444a6-8039-49a5-aa8d-6e7228e0f34a"
  }
}
]} | ret=SUCCESS |  
2019-08-24 00:37:02,638 | INFO  | SCMAudit | user=jenkins1000 | ip=192.168.34.57 | op=ALLOCATE_BLOCK {owner=372a6af6-a57e-4203-942b-3df9acdb3fd6, size=4194304, type=STAND_ALONE, factor=ONE} | ret=SUCCESS |  
2019-08-24 00:37:02,639 | INFO  | OMAudit | user=jenkins1000 | ip=127.0.0.1 | op=ALLOCATE_KEY {volume=volume93899, bucket=bucket31635, key=cKaED25, dataSize=4096, replicationType=STAND_ALONE, replicationFactor=ONE, keyLocationInfo=[blockID {
  containerBlockID {
    containerID: 2
    localID: 102669157835604418
  }
  blockCommitSequenceId: 0
}
offset: 0
length: 4194304
createVersion: 0
pipeline {
  leaderID: ""
  members {
    uuid: "fbb72e40-54b3-4254-bcd2-d86a09a0d730"
    ipAddress: "192.168.34.57"
    hostName: "pr-hdds-1909-kfjhh-925290811"
    ports {
      name: "REST"
      value: 44670
    }
    ports {
      name: "RATIS"
      value: 37236
    }
    ports {
      name: "STANDALONE"
      value: 43847
    }
    networkName: "fbb72e40-54b3-4254-bcd2-d86a09a0d730"
    networkLocation: "/default-rack"
  }
  state: PIPELINE_OPEN
  type: STAND_ALONE
  factor: ONE
  id {
    id: "c94444a6-8039-49a5-aa8d-6e7228e0f34a"
  }
}
]} | ret=SUCCESS |  
2019-08-24 00:37:02,641 | INFO  | DNAudit | user=null | ip=null | op=WRITE_CHUNK {blockData=conID: 2 locID: 102669157835604418 bcsId: 0} | ret=SUCCESS |  
2019-08-24 00:37:02,644 | INFO  | DNAudit | user=null | ip=null | op=PUT_BLOCK {blockData=[blockId=conID: 2 locID: 102669157835604418 bcsId: 0,size=5]} | ret=SUCCESS |  
2019-08-24 00:37:02,645 | INFO  | OMAudit | user=jenkins1000 | ip=127.0.0.1 | op=COMMIT_KEY {volume=volume93899, bucket=bucket31635, key=cKaED25, dataSize=5, replicationType=RATIS, replicationFactor=ONE, keyLocationInfo=[blockID {
  containerBlockID {
    containerID: 2
    localID: 102669157835604418
  }
  blockCommitSequenceId: 0
}
offset: 0
length: 5
createVersion: 0
pipeline {
  leaderID: ""
  members {
    uuid: "fbb72e40-54b3-4254-bcd2-d86a09a0d730"
    ipAddress: "192.168.34.57"
    hostName: "pr-hdds-1909-kfjhh-925290811"
    ports {
      name: "REST"
      value: 44670
    }
    ports {
      name: "RATIS"
      value: 37236
    }
    ports {
      name: "STANDALONE"
      value: 43847
    }
    networkName: "fbb72e40-54b3-4254-bcd2-d86a09a0d730"
    networkLocation: "/default-rack"
  }
  state: PIPELINE_OPEN
  type: STAND_ALONE
  factor: ONE
  id {
    id: "c94444a6-8039-49a5-aa8d-6e7228e0f34a"
  }
}
]} | ret=SUCCESS |  
2019-08-24 00:37:02,647 | INFO  | SCMAudit | user=jenkins1000 | ip=192.168.34.57 | op=ALLOCATE_BLOCK {owner=372a6af6-a57e-4203-942b-3df9acdb3fd6, size=4194304, type=STAND_ALONE, factor=ONE} | ret=SUCCESS |  
2019-08-24 00:37:02,648 | INFO  | OMAudit | user=jenkins1000 | ip=127.0.0.1 | op=ALLOCATE_KEY {volume=volume93899, bucket=bucket31635, key=VyYWO26, dataSize=4096, replicationType=STAND_ALONE, replicationFactor=ONE, keyLocationInfo=[blockID {
  containerBlockID {
    containerID: 3
    localID: 102669157836194244
  }
  blockCommitSequenceId: 0
}
offset: 0
length: 4194304
createVersion: 0
pipeline {
  leaderID: ""
  members {
    uuid: "fbb72e40-54b3-4254-bcd2-d86a09a0d730"
    ipAddress: "192.168.34.57"
    hostName: "pr-hdds-1909-kfjhh-925290811"
    ports {
      name: "REST"
      value: 44670
    }
    ports {
      name: "RATIS"
      value: 37236
    }
    ports {
      name: "STANDALONE"
      value: 43847
    }
    networkName: "fbb72e40-54b3-4254-bcd2-d86a09a0d730"
    networkLocation: "/default-rack"
  }
  state: PIPELINE_OPEN
  type: STAND_ALONE
  factor: ONE
  id {
    id: "c94444a6-8039-49a5-aa8d-6e7228e0f34a"
  }
}
]} | ret=SUCCESS |  
2019-08-24 00:37:02,653 | INFO  | DNAudit | user=null | ip=null | op=WRITE_CHUNK {blockData=conID: 3 locID: 102669157836194244 bcsId: 0} | ret=SUCCESS |  
2019-08-24 00:37:02,655 | INFO  | DNAudit | user=null | ip=null | op=PUT_BLOCK {blockData=[blockId=conID: 3 locID: 102669157836194244 bcsId: 0,size=5]} | ret=SUCCESS |  
2019-08-24 00:37:02,657 | INFO  | OMAudit | user=jenkins1000 | ip=127.0.0.1 | op=COMMIT_KEY {volume=volume93899, bucket=bucket31635, key=VyYWO26, dataSize=5, replicationType=RATIS, replicationFactor=ONE, keyLocationInfo=[blockID {
  containerBlockID {
    containerID: 3
    localID: 102669157836194244
  }
  blockCommitSequenceId: 0
}
offset: 0
length: 5
createVersion: 0
pipeline {
  leaderID: ""
  members {
    uuid: "fbb72e40-54b3-4254-bcd2-d86a09a0d730"
    ipAddress: "192.168.34.57"
    hostName: "pr-hdds-1909-kfjhh-925290811"
    ports {
      name: "REST"
      value: 44670
    }
    ports {
      name: "RATIS"
      value: 37236
    }
    ports {
      name: "STANDALONE"
      value: 43847
    }
    networkName: "fbb72e40-54b3-4254-bcd2-d86a09a0d730"
    networkLocation: "/default-rack"
  }
  state: PIPELINE_OPEN
  type: STAND_ALONE
  factor: ONE
  id {
    id: "c94444a6-8039-49a5-aa8d-6e7228e0f34a"
  }
}
]} | ret=SUCCESS |  
2019-08-24 00:37:02,658 | INFO  | SCMAudit | user=jenkins1000 | ip=192.168.34.57 | op=ALLOCATE_BLOCK {owner=372a6af6-a57e-4203-942b-3df9acdb3fd6, size=4194304, type=STAND_ALONE, factor=ONE} | ret=SUCCESS |  
2019-08-24 00:37:02,659 | INFO  | OMAudit | user=jenkins1000 | ip=127.0.0.1 | op=ALLOCATE_KEY {volume=volume93899, bucket=bucket31635, key=EGtiU27, dataSize=4096, replicationType=STAND_ALONE, replicationFactor=ONE, keyLocationInfo=[blockID {
  containerBlockID {
    containerID: 1
    localID: 102669157836915142
  }
  blockCommitSequenceId: 0
}
offset: 0
length: 4194304
createVersion: 0
pipeline {
  leaderID: ""
  members {
    uuid: "fbb72e40-54b3-4254-bcd2-d86a09a0d730"
    ipAddress: "192.168.34.57"
    hostName: "pr-hdds-1909-kfjhh-925290811"
    ports {
      name: "REST"
      value: 44670
    }
    ports {
      name: "RATIS"
      value: 37236
    }
    ports {
      name: "STANDALONE"
      value: 43847
    }
    networkName: "fbb72e40-54b3-4254-bcd2-d86a09a0d730"
    networkLocation: "/default-rack"
  }
  state: PIPELINE_OPEN
  type: STAND_ALONE
  factor: ONE
  id {
    id: "c94444a6-8039-49a5-aa8d-6e7228e0f34a"
  }
}
]} | ret=SUCCESS |  
2019-08-24 00:37:02,663 | INFO  | DNAudit | user=null | ip=null | op=WRITE_CHUNK {blockData=conID: 1 locID: 102669157836915142 bcsId: 0} | ret=SUCCESS |  
2019-08-24 00:37:02,665 | INFO  | DNAudit | user=null | ip=null | op=PUT_BLOCK {blockData=[blockId=conID: 1 locID: 102669157836915142 bcsId: 0,size=5]} | ret=SUCCESS |  
2019-08-24 00:37:02,667 | INFO  | OMAudit | user=jenkins1000 | ip=127.0.0.1 | op=COMMIT_KEY {volume=volume93899, bucket=bucket31635, key=EGtiU27, dataSize=5, replicationType=RATIS, replicationFactor=ONE, keyLocationInfo=[blockID {
  containerBlockID {
    containerID: 1
    localID: 102669157836915142
  }
  blockCommitSequenceId: 0
}
offset: 0
length: 5
createVersion: 0
pipeline {
  leaderID: ""
  members {
    uuid: "fbb72e40-54b3-4254-bcd2-d86a09a0d730"
    ipAddress: "192.168.34.57"
    hostName: "pr-hdds-1909-kfjhh-925290811"
    ports {
      name: "REST"
      value: 44670
    }
    ports {
      name: "RATIS"
      value: 37236
    }
    ports {
      name: "STANDALONE"
      value: 43847
    }
    networkName: "fbb72e40-54b3-4254-bcd2-d86a09a0d730"
    networkLocation: "/default-rack"
  }
  state: PIPELINE_OPEN
  type: STAND_ALONE
  factor: ONE
  id {
    id: "c94444a6-8039-49a5-aa8d-6e7228e0f34a"
  }
}
]} | ret=SUCCESS |  
2019-08-24 00:37:02,669 | INFO  | SCMAudit | user=jenkins1000 | ip=192.168.34.57 | op=ALLOCATE_BLOCK {owner=372a6af6-a57e-4203-942b-3df9acdb3fd6, size=4194304, type=STAND_ALONE, factor=ONE} | ret=SUCCESS |  
2019-08-24 00:37:02,670 | INFO  | OMAudit | user=jenkins1000 | ip=127.0.0.1 | op=ALLOCATE_KEY {volume=volume93899, bucket=bucket31635, key=tpCZN28, dataSize=4096, replicationType=STAND_ALONE, replicationFactor=ONE, keyLocationInfo=[blockID {
  containerBlockID {
    containerID: 2
    localID: 102669157837636040
  }
  blockCommitSequenceId: 0
}
offset: 0
length: 4194304
createVersion: 0
pipeline {
  leaderID: ""
  members {
    uuid: "fbb72e40-54b3-4254-bcd2-d86a09a0d730"
    ipAddress: "192.168.34.57"
    hostName: "pr-hdds-1909-kfjhh-925290811"
    ports {
      name: "REST"
      value: 44670
    }
    ports {
      name: "RATIS"
      value: 37236
    }
    ports {
      name: "STANDALONE"
      value: 43847
    }
    networkName: "fbb72e40-54b3-4254-bcd2-d86a09a0d730"
    networkLocation: "/default-rack"
  }
  state: PIPELINE_OPEN
  type: STAND_ALONE
  factor: ONE
  id {
    id: "c94444a6-8039-49a5-aa8d-6e7228e0f34a"
  }
}
]} | ret=SUCCESS |  
2019-08-24 00:37:02,674 | INFO  | DNAudit | user=null | ip=null | op=WRITE_CHUNK {blockData=conID: 2 locID: 102669157837636040 bcsId: 0} | ret=SUCCESS |  
2019-08-24 00:37:02,676 | INFO  | DNAudit | user=null | ip=null | op=PUT_BLOCK {blockData=[blockId=conID: 2 locID: 102669157837636040 bcsId: 0,size=5]} | ret=SUCCESS |  
2019-08-24 00:37:02,678 | INFO  | OMAudit | user=jenkins1000 | ip=127.0.0.1 | op=COMMIT_KEY {volume=volume93899, bucket=bucket31635, key=tpCZN28, dataSize=5, replicationType=RATIS, replicationFactor=ONE, keyLocationInfo=[blockID {
  containerBlockID {
    containerID: 2
    localID: 102669157837636040
  }
  blockCommitSequenceId: 0
}
offset: 0
length: 5
createVersion: 0
pipeline {
  leaderID: ""
  members {
    uuid: "fbb72e40-54b3-4254-bcd2-d86a09a0d730"
    ipAddress: "192.168.34.57"
    hostName: "pr-hdds-1909-kfjhh-925290811"
    ports {
      name: "REST"
      value: 44670
    }
    ports {
      name: "RATIS"
      value: 37236
    }
    ports {
      name: "STANDALONE"
      value: 43847
    }
    networkName: "fbb72e40-54b3-4254-bcd2-d86a09a0d730"
    networkLocation: "/default-rack"
  }
  state: PIPELINE_OPEN
  type: STAND_ALONE
  factor: ONE
  id {
    id: "c94444a6-8039-49a5-aa8d-6e7228e0f34a"
  }
}
]} | ret=SUCCESS |  
2019-08-24 00:37:02,680 | INFO  | SCMAudit | user=jenkins1000 | ip=192.168.34.57 | op=ALLOCATE_BLOCK {owner=372a6af6-a57e-4203-942b-3df9acdb3fd6, size=4194304, type=STAND_ALONE, factor=ONE} | ret=SUCCESS |  
2019-08-24 00:37:02,681 | INFO  | OMAudit | user=jenkins1000 | ip=127.0.0.1 | op=ALLOCATE_KEY {volume=volume93899, bucket=bucket31635, key=fXpBJ29, dataSize=4096, replicationType=STAND_ALONE, replicationFactor=ONE, keyLocationInfo=[blockID {
  containerBlockID {
    containerID: 3
    localID: 102669157838356938
  }
  blockCommitSequenceId: 0
}
offset: 0
length: 4194304
createVersion: 0
pipeline {
  leaderID: ""
  members {
    uuid: "fbb72e40-54b3-4254-bcd2-d86a09a0d730"
    ipAddress: "192.168.34.57"
    hostName: "pr-hdds-1909-kfjhh-925290811"
    ports {
      name: "REST"
      value: 44670
    }
    ports {
      name: "RATIS"
      value: 37236
    }
    ports {
      name: "STANDALONE"
      value: 43847
    }
    networkName: "fbb72e40-54b3-4254-bcd2-d86a09a0d730"
    networkLocation: "/default-rack"
  }
  state: PIPELINE_OPEN
  type: STAND_ALONE
  factor: ONE
  id {
    id: "c94444a6-8039-49a5-aa8d-6e7228e0f34a"
  }
}
]} | ret=SUCCESS |  
2019-08-24 00:37:02,683 | INFO  | DNAudit | user=null | ip=null | op=WRITE_CHUNK {blockData=conID: 3 locID: 102669157838356938 bcsId: 0} | ret=SUCCESS |  
2019-08-24 00:37:02,685 | INFO  | DNAudit | user=null | ip=null | op=PUT_BLOCK {blockData=[blockId=conID: 3 locID: 102669157838356938 bcsId: 0,size=5]} | ret=SUCCESS |  
2019-08-24 00:37:02,686 | INFO  | OMAudit | user=jenkins1000 | ip=127.0.0.1 | op=COMMIT_KEY {volume=volume93899, bucket=bucket31635, key=fXpBJ29, dataSize=5, replicationType=RATIS, replicationFactor=ONE, keyLocationInfo=[blockID {
  containerBlockID {
    containerID: 3
    localID: 102669157838356938
  }
  blockCommitSequenceId: 0
}
offset: 0
length: 5
createVersion: 0
pipeline {
  leaderID: ""
  members {
    uuid: "fbb72e40-54b3-4254-bcd2-d86a09a0d730"
    ipAddress: "192.168.34.57"
    hostName: "pr-hdds-1909-kfjhh-925290811"
    ports {
      name: "REST"
      value: 44670
    }
    ports {
      name: "RATIS"
      value: 37236
    }
    ports {
      name: "STANDALONE"
      value: 43847
    }
    networkName: "fbb72e40-54b3-4254-bcd2-d86a09a0d730"
    networkLocation: "/default-rack"
  }
  state: PIPELINE_OPEN
  type: STAND_ALONE
  factor: ONE
  id {
    id: "c94444a6-8039-49a5-aa8d-6e7228e0f34a"
  }
}
]} | ret=SUCCESS |  
2019-08-24 00:37:02,688 | INFO  | SCMAudit | user=jenkins1000 | ip=192.168.34.57 | op=ALLOCATE_BLOCK {owner=372a6af6-a57e-4203-942b-3df9acdb3fd6, size=4194304, type=STAND_ALONE, factor=ONE} | ret=SUCCESS |  
2019-08-24 00:37:02,688 | INFO  | OMAudit | user=jenkins1000 | ip=127.0.0.1 | op=ALLOCATE_KEY {volume=volume93899, bucket=bucket31635, key=yVWca30, dataSize=4096, replicationType=STAND_ALONE, replicationFactor=ONE, keyLocationInfo=[blockID {
  containerBlockID {
    containerID: 1
    localID: 102669157838881228
  }
  blockCommitSequenceId: 0
}
offset: 0
length: 4194304
createVersion: 0
pipeline {
  leaderID: ""
  members {
    uuid: "fbb72e40-54b3-4254-bcd2-d86a09a0d730"
    ipAddress: "192.168.34.57"
    hostName: "pr-hdds-1909-kfjhh-925290811"
    ports {
      name: "REST"
      value: 44670
    }
    ports {
      name: "RATIS"
      value: 37236
    }
    ports {
      name: "STANDALONE"
      value: 43847
    }
    networkName: "fbb72e40-54b3-4254-bcd2-d86a09a0d730"
    networkLocation: "/default-rack"
  }
  state: PIPELINE_OPEN
  type: STAND_ALONE
  factor: ONE
  id {
    id: "c94444a6-8039-49a5-aa8d-6e7228e0f34a"
  }
}
]} | ret=SUCCESS |  
2019-08-24 00:37:02,691 | INFO  | DNAudit | user=null | ip=null | op=WRITE_CHUNK {blockData=conID: 1 locID: 102669157838881228 bcsId: 0} | ret=SUCCESS |  
2019-08-24 00:37:02,692 | INFO  | DNAudit | user=null | ip=null | op=PUT_BLOCK {blockData=[blockId=conID: 1 locID: 102669157838881228 bcsId: 0,size=5]} | ret=SUCCESS |  
2019-08-24 00:37:02,694 | INFO  | OMAudit | user=jenkins1000 | ip=127.0.0.1 | op=COMMIT_KEY {volume=volume93899, bucket=bucket31635, key=yVWca30, dataSize=5, replicationType=RATIS, replicationFactor=ONE, keyLocationInfo=[blockID {
  containerBlockID {
    containerID: 1
    localID: 102669157838881228
  }
  blockCommitSequenceId: 0
}
offset: 0
length: 5
createVersion: 0
pipeline {
  leaderID: ""
  members {
    uuid: "fbb72e40-54b3-4254-bcd2-d86a09a0d730"
    ipAddress: "192.168.34.57"
    hostName: "pr-hdds-1909-kfjhh-925290811"
    ports {
      name: "REST"
      value: 44670
    }
    ports {
      name: "RATIS"
      value: 37236
    }
    ports {
      name: "STANDALONE"
      value: 43847
    }
    networkName: "fbb72e40-54b3-4254-bcd2-d86a09a0d730"
    networkLocation: "/default-rack"
  }
  state: PIPELINE_OPEN
  type: STAND_ALONE
  factor: ONE
  id {
    id: "c94444a6-8039-49a5-aa8d-6e7228e0f34a"
  }
}
]} | ret=SUCCESS |  
2019-08-24 00:37:02,695 | INFO  | SCMAudit | user=jenkins1000 | ip=192.168.34.57 | op=ALLOCATE_BLOCK {owner=372a6af6-a57e-4203-942b-3df9acdb3fd6, size=4194304, type=STAND_ALONE, factor=ONE} | ret=SUCCESS |  
2019-08-24 00:37:02,696 | INFO  | OMAudit | user=jenkins1000 | ip=127.0.0.1 | op=ALLOCATE_KEY {volume=volume93899, bucket=bucket31635, key=wPOUY31, dataSize=4096, replicationType=STAND_ALONE, replicationFactor=ONE, keyLocationInfo=[blockID {
  containerBlockID {
    containerID: 2
    localID: 102669157839339982
  }
  blockCommitSequenceId: 0
}
offset: 0
length: 4194304
createVersion: 0
pipeline {
  leaderID: ""
  members {
    uuid: "fbb72e40-54b3-4254-bcd2-d86a09a0d730"
    ipAddress: "192.168.34.57"
    hostName: "pr-hdds-1909-kfjhh-925290811"
    ports {
      name: "REST"
      value: 44670
    }
    ports {
      name: "RATIS"
      value: 37236
    }
    ports {
      name: "STANDALONE"
      value: 43847
    }
    networkName: "fbb72e40-54b3-4254-bcd2-d86a09a0d730"
    networkLocation: "/default-rack"
  }
  state: PIPELINE_OPEN
  type: STAND_ALONE
  factor: ONE
  id {
    id: "c94444a6-8039-49a5-aa8d-6e7228e0f34a"
  }
}
]} | ret=SUCCESS |  
2019-08-24 00:37:02,699 | INFO  | DNAudit | user=null | ip=null | op=WRITE_CHUNK {blockData=conID: 2 locID: 102669157839339982 bcsId: 0} | ret=SUCCESS |  
2019-08-24 00:37:02,701 | INFO  | DNAudit | user=null | ip=null | op=PUT_BLOCK {blockData=[blockId=conID: 2 locID: 102669157839339982 bcsId: 0,size=5]} | ret=SUCCESS |  
2019-08-24 00:37:02,704 | INFO  | OMAudit | user=jenkins1000 | ip=127.0.0.1 | op=COMMIT_KEY {volume=volume93899, bucket=bucket31635, key=wPOUY31, dataSize=5, replicationType=RATIS, replicationFactor=ONE, keyLocationInfo=[blockID {
  containerBlockID {
    containerID: 2
    localID: 102669157839339982
  }
  blockCommitSequenceId: 0
}
offset: 0
length: 5
createVersion: 0
pipeline {
  leaderID: ""
  members {
    uuid: "fbb72e40-54b3-4254-bcd2-d86a09a0d730"
    ipAddress: "192.168.34.57"
    hostName: "pr-hdds-1909-kfjhh-925290811"
    ports {
      name: "REST"
      value: 44670
    }
    ports {
      name: "RATIS"
      value: 37236
    }
    ports {
      name: "STANDALONE"
      value: 43847
    }
    networkName: "fbb72e40-54b3-4254-bcd2-d86a09a0d730"
    networkLocation: "/default-rack"
  }
  state: PIPELINE_OPEN
  type: STAND_ALONE
  factor: ONE
  id {
    id: "c94444a6-8039-49a5-aa8d-6e7228e0f34a"
  }
}
]} | ret=SUCCESS |  
2019-08-24 00:37:02,706 | INFO  | SCMAudit | user=jenkins1000 | ip=192.168.34.57 | op=ALLOCATE_BLOCK {owner=372a6af6-a57e-4203-942b-3df9acdb3fd6, size=4194304, type=STAND_ALONE, factor=ONE} | ret=SUCCESS |  
2019-08-24 00:37:02,707 | INFO  | OMAudit | user=jenkins1000 | ip=127.0.0.1 | op=ALLOCATE_KEY {volume=volume93899, bucket=bucket31635, key=xcOmD32, dataSize=4096, replicationType=STAND_ALONE, replicationFactor=ONE, keyLocationInfo=[blockID {
  containerBlockID {
    containerID: 3
    localID: 102669157839995344
  }
  blockCommitSequenceId: 0
}
offset: 0
length: 4194304
createVersion: 0
pipeline {
  leaderID: ""
  members {
    uuid: "fbb72e40-54b3-4254-bcd2-d86a09a0d730"
    ipAddress: "192.168.34.57"
    hostName: "pr-hdds-1909-kfjhh-925290811"
    ports {
      name: "REST"
      value: 44670
    }
    ports {
      name: "RATIS"
      value: 37236
    }
    ports {
      name: "STANDALONE"
      value: 43847
    }
    networkName: "fbb72e40-54b3-4254-bcd2-d86a09a0d730"
    networkLocation: "/default-rack"
  }
  state: PIPELINE_OPEN
  type: STAND_ALONE
  factor: ONE
  id {
    id: "c94444a6-8039-49a5-aa8d-6e7228e0f34a"
  }
}
]} | ret=SUCCESS |  
2019-08-24 00:37:02,709 | INFO  | DNAudit | user=null | ip=null | op=WRITE_CHUNK {blockData=conID: 3 locID: 102669157839995344 bcsId: 0} | ret=SUCCESS |  
2019-08-24 00:37:02,711 | INFO  | DNAudit | user=null | ip=null | op=PUT_BLOCK {blockData=[blockId=conID: 3 locID: 102669157839995344 bcsId: 0,size=5]} | ret=SUCCESS |  
2019-08-24 00:37:02,713 | INFO  | OMAudit | user=jenkins1000 | ip=127.0.0.1 | op=COMMIT_KEY {volume=volume93899, bucket=bucket31635, key=xcOmD32, dataSize=5, replicationType=RATIS, replicationFactor=ONE, keyLocationInfo=[blockID {
  containerBlockID {
    containerID: 3
    localID: 102669157839995344
  }
  blockCommitSequenceId: 0
}
offset: 0
length: 5
createVersion: 0
pipeline {
  leaderID: ""
  members {
    uuid: "fbb72e40-54b3-4254-bcd2-d86a09a0d730"
    ipAddress: "192.168.34.57"
    hostName: "pr-hdds-1909-kfjhh-925290811"
    ports {
      name: "REST"
      value: 44670
    }
    ports {
      name: "RATIS"
      value: 37236
    }
    ports {
      name: "STANDALONE"
      value: 43847
    }
    networkName: "fbb72e40-54b3-4254-bcd2-d86a09a0d730"
    networkLocation: "/default-rack"
  }
  state: PIPELINE_OPEN
  type: STAND_ALONE
  factor: ONE
  id {
    id: "c94444a6-8039-49a5-aa8d-6e7228e0f34a"
  }
}
]} | ret=SUCCESS |  
2019-08-24 00:37:02,714 | INFO  | SCMAudit | user=jenkins1000 | ip=192.168.34.57 | op=ALLOCATE_BLOCK {owner=372a6af6-a57e-4203-942b-3df9acdb3fd6, size=4194304, type=STAND_ALONE, factor=ONE} | ret=SUCCESS |  
2019-08-24 00:37:02,715 | INFO  | OMAudit | user=jenkins1000 | ip=127.0.0.1 | op=ALLOCATE_KEY {volume=volume93899, bucket=bucket31635, key=eHfCO33, dataSize=4096, replicationType=STAND_ALONE, replicationFactor=ONE, keyLocationInfo=[blockID {
  containerBlockID {
    containerID: 1
    localID: 102669157840585170
  }
  blockCommitSequenceId: 0
}
offset: 0
length: 4194304
createVersion: 0
pipeline {
  leaderID: ""
  members {
    uuid: "fbb72e40-54b3-4254-bcd2-d86a09a0d730"
    ipAddress: "192.168.34.57"
    hostName: "pr-hdds-1909-kfjhh-925290811"
    ports {
      name: "REST"
      value: 44670
    }
    ports {
      name: "RATIS"
      value: 37236
    }
    ports {
      name: "STANDALONE"
      value: 43847
    }
    networkName: "fbb72e40-54b3-4254-bcd2-d86a09a0d730"
    networkLocation: "/default-rack"
  }
  state: PIPELINE_OPEN
  type: STAND_ALONE
  factor: ONE
  id {
    id: "c94444a6-8039-49a5-aa8d-6e7228e0f34a"
  }
}
]} | ret=SUCCESS |  
2019-08-24 00:37:02,717 | INFO  | DNAudit | user=null | ip=null | op=WRITE_CHUNK {blockData=conID: 1 locID: 102669157840585170 bcsId: 0} | ret=SUCCESS |  
2019-08-24 00:37:02,719 | INFO  | DNAudit | user=null | ip=null | op=PUT_BLOCK {blockData=[blockId=conID: 1 locID: 102669157840585170 bcsId: 0,size=5]} | ret=SUCCESS |  
2019-08-24 00:37:02,720 | INFO  | OMAudit | user=jenkins1000 | ip=127.0.0.1 | op=COMMIT_KEY {volume=volume93899, bucket=bucket31635, key=eHfCO33, dataSize=5, replicationType=RATIS, replicationFactor=ONE, keyLocationInfo=[blockID {
  containerBlockID {
    containerID: 1
    localID: 102669157840585170
  }
  blockCommitSequenceId: 0
}
offset: 0
length: 5
createVersion: 0
pipeline {
  leaderID: ""
  members {
    uuid: "fbb72e40-54b3-4254-bcd2-d86a09a0d730"
    ipAddress: "192.168.34.57"
    hostName: "pr-hdds-1909-kfjhh-925290811"
    ports {
      name: "REST"
      value: 44670
    }
    ports {
      name: "RATIS"
      value: 37236
    }
    ports {
      name: "STANDALONE"
      value: 43847
    }
    networkName: "fbb72e40-54b3-4254-bcd2-d86a09a0d730"
    networkLocation: "/default-rack"
  }
  state: PIPELINE_OPEN
  type: STAND_ALONE
  factor: ONE
  id {
    id: "c94444a6-8039-49a5-aa8d-6e7228e0f34a"
  }
}
]} | ret=SUCCESS |  
2019-08-24 00:37:02,722 | INFO  | SCMAudit | user=jenkins1000 | ip=192.168.34.57 | op=ALLOCATE_BLOCK {owner=372a6af6-a57e-4203-942b-3df9acdb3fd6, size=4194304, type=STAND_ALONE, factor=ONE} | ret=SUCCESS |  
2019-08-24 00:37:02,723 | INFO  | OMAudit | user=jenkins1000 | ip=127.0.0.1 | op=ALLOCATE_KEY {volume=volume93899, bucket=bucket31635, key=BXcum34, dataSize=4096, replicationType=STAND_ALONE, replicationFactor=ONE, keyLocationInfo=[blockID {
  containerBlockID {
    containerID: 2
    localID: 102669157841109460
  }
  blockCommitSequenceId: 0
}
offset: 0
length: 4194304
createVersion: 0
pipeline {
  leaderID: ""
  members {
    uuid: "fbb72e40-54b3-4254-bcd2-d86a09a0d730"
    ipAddress: "192.168.34.57"
    hostName: "pr-hdds-1909-kfjhh-925290811"
    ports {
      name: "REST"
      value: 44670
    }
    ports {
      name: "RATIS"
      value: 37236
    }
    ports {
      name: "STANDALONE"
      value: 43847
    }
    networkName: "fbb72e40-54b3-4254-bcd2-d86a09a0d730"
    networkLocation: "/default-rack"
  }
  state: PIPELINE_OPEN
  type: STAND_ALONE
  factor: ONE
  id {
    id: "c94444a6-8039-49a5-aa8d-6e7228e0f34a"
  }
}
]} | ret=SUCCESS |  
2019-08-24 00:37:02,725 | INFO  | DNAudit | user=null | ip=null | op=WRITE_CHUNK {blockData=conID: 2 locID: 102669157841109460 bcsId: 0} | ret=SUCCESS |  
2019-08-24 00:37:02,726 | INFO  | DNAudit | user=null | ip=null | op=PUT_BLOCK {blockData=[blockId=conID: 2 locID: 102669157841109460 bcsId: 0,size=5]} | ret=SUCCESS |  
2019-08-24 00:37:02,728 | INFO  | OMAudit | user=jenkins1000 | ip=127.0.0.1 | op=COMMIT_KEY {volume=volume93899, bucket=bucket31635, key=BXcum34, dataSize=5, replicationType=RATIS, replicationFactor=ONE, keyLocationInfo=[blockID {
  containerBlockID {
    containerID: 2
    localID: 102669157841109460
  }
  blockCommitSequenceId: 0
}
offset: 0
length: 5
createVersion: 0
pipeline {
  leaderID: ""
  members {
    uuid: "fbb72e40-54b3-4254-bcd2-d86a09a0d730"
    ipAddress: "192.168.34.57"
    hostName: "pr-hdds-1909-kfjhh-925290811"
    ports {
      name: "REST"
      value: 44670
    }
    ports {
      name: "RATIS"
      value: 37236
    }
    ports {
      name: "STANDALONE"
      value: 43847
    }
    networkName: "fbb72e40-54b3-4254-bcd2-d86a09a0d730"
    networkLocation: "/default-rack"
  }
  state: PIPELINE_OPEN
  type: STAND_ALONE
  factor: ONE
  id {
    id: "c94444a6-8039-49a5-aa8d-6e7228e0f34a"
  }
}
]} | ret=SUCCESS |  
2019-08-24 00:37:02,730 | INFO  | SCMAudit | user=jenkins1000 | ip=192.168.34.57 | op=ALLOCATE_BLOCK {owner=372a6af6-a57e-4203-942b-3df9acdb3fd6, size=4194304, type=STAND_ALONE, factor=ONE} | ret=SUCCESS |  
2019-08-24 00:37:02,731 | INFO  | OMAudit | user=jenkins1000 | ip=127.0.0.1 | op=ALLOCATE_KEY {volume=volume93899, bucket=bucket31635, key=uMXzH35, dataSize=4096, replicationType=STAND_ALONE, replicationFactor=ONE, keyLocationInfo=[blockID {
  containerBlockID {
    containerID: 3
    localID: 102669157841633750
  }
  blockCommitSequenceId: 0
}
offset: 0
length: 4194304
createVersion: 0
pipeline {
  leaderID: ""
  members {
    uuid: "fbb72e40-54b3-4254-bcd2-d86a09a0d730"
    ipAddress: "192.168.34.57"
    hostName: "pr-hdds-1909-kfjhh-925290811"
    ports {
      name: "REST"
      value: 44670
    }
    ports {
      name: "RATIS"
      value: 37236
    }
    ports {
      name: "STANDALONE"
      value: 43847
    }
    networkName: "fbb72e40-54b3-4254-bcd2-d86a09a0d730"
    networkLocation: "/default-rack"
  }
  state: PIPELINE_OPEN
  type: STAND_ALONE
  factor: ONE
  id {
    id: "c94444a6-8039-49a5-aa8d-6e7228e0f34a"
  }
}
]} | ret=SUCCESS |  
2019-08-24 00:37:02,733 | INFO  | DNAudit | user=null | ip=null | op=WRITE_CHUNK {blockData=conID: 3 locID: 102669157841633750 bcsId: 0} | ret=SUCCESS |  
2019-08-24 00:37:02,734 | INFO  | DNAudit | user=null | ip=null | op=PUT_BLOCK {blockData=[blockId=conID: 3 locID: 102669157841633750 bcsId: 0,size=5]} | ret=SUCCESS |  
2019-08-24 00:37:02,736 | INFO  | OMAudit | user=jenkins1000 | ip=127.0.0.1 | op=COMMIT_KEY {volume=volume93899, bucket=bucket31635, key=uMXzH35, dataSize=5, replicationType=RATIS, replicationFactor=ONE, keyLocationInfo=[blockID {
  containerBlockID {
    containerID: 3
    localID: 102669157841633750
  }
  blockCommitSequenceId: 0
}
offset: 0
length: 5
createVersion: 0
pipeline {
  leaderID: ""
  members {
    uuid: "fbb72e40-54b3-4254-bcd2-d86a09a0d730"
    ipAddress: "192.168.34.57"
    hostName: "pr-hdds-1909-kfjhh-925290811"
    ports {
      name: "REST"
      value: 44670
    }
    ports {
      name: "RATIS"
      value: 37236
    }
    ports {
      name: "STANDALONE"
      value: 43847
    }
    networkName: "fbb72e40-54b3-4254-bcd2-d86a09a0d730"
    networkLocation: "/default-rack"
  }
  state: PIPELINE_OPEN
  type: STAND_ALONE
  factor: ONE
  id {
    id: "c94444a6-8039-49a5-aa8d-6e7228e0f34a"
  }
}
]} | ret=SUCCESS |  
2019-08-24 00:37:02,737 | INFO  | SCMAudit | user=jenkins1000 | ip=192.168.34.57 | op=ALLOCATE_BLOCK {owner=372a6af6-a57e-4203-942b-3df9acdb3fd6, size=4194304, type=STAND_ALONE, factor=ONE} | ret=SUCCESS |  
2019-08-24 00:37:02,738 | INFO  | OMAudit | user=jenkins1000 | ip=127.0.0.1 | op=ALLOCATE_KEY {volume=volume93899, bucket=bucket31635, key=MoDiF36, dataSize=4096, replicationType=STAND_ALONE, replicationFactor=ONE, keyLocationInfo=[blockID {
  containerBlockID {
    containerID: 1
    localID: 102669157842092504
  }
  blockCommitSequenceId: 0
}
offset: 0
length: 4194304
createVersion: 0
pipeline {
  leaderID: ""
  members {
    uuid: "fbb72e40-54b3-4254-bcd2-d86a09a0d730"
    ipAddress: "192.168.34.57"
    hostName: "pr-hdds-1909-kfjhh-925290811"
    ports {
      name: "REST"
      value: 44670
    }
    ports {
      name: "RATIS"
      value: 37236
    }
    ports {
      name: "STANDALONE"
      value: 43847
    }
    networkName: "fbb72e40-54b3-4254-bcd2-d86a09a0d730"
    networkLocation: "/default-rack"
  }
  state: PIPELINE_OPEN
  type: STAND_ALONE
  factor: ONE
  id {
    id: "c94444a6-8039-49a5-aa8d-6e7228e0f34a"
  }
}
]} | ret=SUCCESS |  
2019-08-24 00:37:02,740 | INFO  | DNAudit | user=null | ip=null | op=WRITE_CHUNK {blockData=conID: 1 locID: 102669157842092504 bcsId: 0} | ret=SUCCESS |  
2019-08-24 00:37:02,742 | INFO  | DNAudit | user=null | ip=null | op=PUT_BLOCK {blockData=[blockId=conID: 1 locID: 102669157842092504 bcsId: 0,size=5]} | ret=SUCCESS |  
2019-08-24 00:37:02,743 | INFO  | OMAudit | user=jenkins1000 | ip=127.0.0.1 | op=COMMIT_KEY {volume=volume93899, bucket=bucket31635, key=MoDiF36, dataSize=5, replicationType=RATIS, replicationFactor=ONE, keyLocationInfo=[blockID {
  containerBlockID {
    containerID: 1
    localID: 102669157842092504
  }
  blockCommitSequenceId: 0
}
offset: 0
length: 5
createVersion: 0
pipeline {
  leaderID: ""
  members {
    uuid: "fbb72e40-54b3-4254-bcd2-d86a09a0d730"
    ipAddress: "192.168.34.57"
    hostName: "pr-hdds-1909-kfjhh-925290811"
    ports {
      name: "REST"
      value: 44670
    }
    ports {
      name: "RATIS"
      value: 37236
    }
    ports {
      name: "STANDALONE"
      value: 43847
    }
    networkName: "fbb72e40-54b3-4254-bcd2-d86a09a0d730"
    networkLocation: "/default-rack"
  }
  state: PIPELINE_OPEN
  type: STAND_ALONE
  factor: ONE
  id {
    id: "c94444a6-8039-49a5-aa8d-6e7228e0f34a"
  }
}
]} | ret=SUCCESS |  
2019-08-24 00:37:02,745 | INFO  | SCMAudit | user=jenkins1000 | ip=192.168.34.57 | op=ALLOCATE_BLOCK {owner=372a6af6-a57e-4203-942b-3df9acdb3fd6, size=4194304, type=STAND_ALONE, factor=ONE} | ret=SUCCESS |  
2019-08-24 00:37:02,745 | INFO  | OMAudit | user=jenkins1000 | ip=127.0.0.1 | op=ALLOCATE_KEY {volume=volume93899, bucket=bucket31635, key=SFwlJ37, dataSize=4096, replicationType=STAND_ALONE, replicationFactor=ONE, keyLocationInfo=[blockID {
  containerBlockID {
    containerID: 2
    localID: 102669157842551258
  }
  blockCommitSequenceId: 0
}
offset: 0
length: 4194304
createVersion: 0
pipeline {
  leaderID: ""
  members {
    uuid: "fbb72e40-54b3-4254-bcd2-d86a09a0d730"
    ipAddress: "192.168.34.57"
    hostName: "pr-hdds-1909-kfjhh-925290811"
    ports {
      name: "REST"
      value: 44670
    }
    ports {
      name: "RATIS"
      value: 37236
    }
    ports {
      name: "STANDALONE"
      value: 43847
    }
    networkName: "fbb72e40-54b3-4254-bcd2-d86a09a0d730"
    networkLocation: "/default-rack"
  }
  state: PIPELINE_OPEN
  type: STAND_ALONE
  factor: ONE
  id {
    id: "c94444a6-8039-49a5-aa8d-6e7228e0f34a"
  }
}
]} | ret=SUCCESS |  
2019-08-24 00:37:02,747 | INFO  | DNAudit | user=null | ip=null | op=WRITE_CHUNK {blockData=conID: 2 locID: 102669157842551258 bcsId: 0} | ret=SUCCESS |  
2019-08-24 00:37:02,749 | INFO  | DNAudit | user=null | ip=null | op=PUT_BLOCK {blockData=[blockId=conID: 2 locID: 102669157842551258 bcsId: 0,size=5]} | ret=SUCCESS |  
2019-08-24 00:37:02,751 | INFO  | OMAudit | user=jenkins1000 | ip=127.0.0.1 | op=COMMIT_KEY {volume=volume93899, bucket=bucket31635, key=SFwlJ37, dataSize=5, replicationType=RATIS, replicationFactor=ONE, keyLocationInfo=[blockID {
  containerBlockID {
    containerID: 2
    localID: 102669157842551258
  }
  blockCommitSequenceId: 0
}
offset: 0
length: 5
createVersion: 0
pipeline {
  leaderID: ""
  members {
    uuid: "fbb72e40-54b3-4254-bcd2-d86a09a0d730"
    ipAddress: "192.168.34.57"
    hostName: "pr-hdds-1909-kfjhh-925290811"
    ports {
      name: "REST"
      value: 44670
    }
    ports {
      name: "RATIS"
      value: 37236
    }
    ports {
      name: "STANDALONE"
      value: 43847
    }
    networkName: "fbb72e40-54b3-4254-bcd2-d86a09a0d730"
    networkLocation: "/default-rack"
  }
  state: PIPELINE_OPEN
  type: STAND_ALONE
  factor: ONE
  id {
    id: "c94444a6-8039-49a5-aa8d-6e7228e0f34a"
  }
}
]} | ret=SUCCESS |  
2019-08-24 00:37:02,752 | INFO  | SCMAudit | user=jenkins1000 | ip=192.168.34.57 | op=ALLOCATE_BLOCK {owner=372a6af6-a57e-4203-942b-3df9acdb3fd6, size=4194304, type=STAND_ALONE, factor=ONE} | ret=SUCCESS |  
2019-08-24 00:37:02,753 | INFO  | OMAudit | user=jenkins1000 | ip=127.0.0.1 | op=ALLOCATE_KEY {volume=volume93899, bucket=bucket31635, key=FxmSJ38, dataSize=4096, replicationType=STAND_ALONE, replicationFactor=ONE, keyLocationInfo=[blockID {
  containerBlockID {
    containerID: 3
    localID: 102669157843075548
  }
  blockCommitSequenceId: 0
}
offset: 0
length: 4194304
createVersion: 0
pipeline {
  leaderID: ""
  members {
    uuid: "fbb72e40-54b3-4254-bcd2-d86a09a0d730"
    ipAddress: "192.168.34.57"
    hostName: "pr-hdds-1909-kfjhh-925290811"
    ports {
      name: "REST"
      value: 44670
    }
    ports {
      name: "RATIS"
      value: 37236
    }
    ports {
      name: "STANDALONE"
      value: 43847
    }
    networkName: "fbb72e40-54b3-4254-bcd2-d86a09a0d730"
    networkLocation: "/default-rack"
  }
  state: PIPELINE_OPEN
  type: STAND_ALONE
  factor: ONE
  id {
    id: "c94444a6-8039-49a5-aa8d-6e7228e0f34a"
  }
}
]} | ret=SUCCESS |  
2019-08-24 00:37:02,755 | INFO  | DNAudit | user=null | ip=null | op=WRITE_CHUNK {blockData=conID: 3 locID: 102669157843075548 bcsId: 0} | ret=SUCCESS |  
2019-08-24 00:37:02,757 | INFO  | DNAudit | user=null | ip=null | op=PUT_BLOCK {blockData=[blockId=conID: 3 locID: 102669157843075548 bcsId: 0,size=5]} | ret=SUCCESS |  
2019-08-24 00:37:02,759 | INFO  | OMAudit | user=jenkins1000 | ip=127.0.0.1 | op=COMMIT_KEY {volume=volume93899, bucket=bucket31635, key=FxmSJ38, dataSize=5, replicationType=RATIS, replicationFactor=ONE, keyLocationInfo=[blockID {
  containerBlockID {
    containerID: 3
    localID: 102669157843075548
  }
  blockCommitSequenceId: 0
}
offset: 0
length: 5
createVersion: 0
pipeline {
  leaderID: ""
  members {
    uuid: "fbb72e40-54b3-4254-bcd2-d86a09a0d730"
    ipAddress: "192.168.34.57"
    hostName: "pr-hdds-1909-kfjhh-925290811"
    ports {
      name: "REST"
      value: 44670
    }
    ports {
      name: "RATIS"
      value: 37236
    }
    ports {
      name: "STANDALONE"
      value: 43847
    }
    networkName: "fbb72e40-54b3-4254-bcd2-d86a09a0d730"
    networkLocation: "/default-rack"
  }
  state: PIPELINE_OPEN
  type: STAND_ALONE
  factor: ONE
  id {
    id: "c94444a6-8039-49a5-aa8d-6e7228e0f34a"
  }
}
]} | ret=SUCCESS |  
2019-08-24 00:37:02,760 | INFO  | SCMAudit | user=jenkins1000 | ip=192.168.34.57 | op=ALLOCATE_BLOCK {owner=372a6af6-a57e-4203-942b-3df9acdb3fd6, size=4194304, type=STAND_ALONE, factor=ONE} | ret=SUCCESS |  
2019-08-24 00:37:02,761 | INFO  | OMAudit | user=jenkins1000 | ip=127.0.0.1 | op=ALLOCATE_KEY {volume=volume93899, bucket=bucket31635, key=zVaad39, dataSize=4096, replicationType=STAND_ALONE, replicationFactor=ONE, keyLocationInfo=[blockID {
  containerBlockID {
    containerID: 1
    localID: 102669157843599838
  }
  blockCommitSequenceId: 0
}
offset: 0
length: 4194304
createVersion: 0
pipeline {
  leaderID: ""
  members {
    uuid: "fbb72e40-54b3-4254-bcd2-d86a09a0d730"
    ipAddress: "192.168.34.57"
    hostName: "pr-hdds-1909-kfjhh-925290811"
    ports {
      name: "REST"
      value: 44670
    }
    ports {
      name: "RATIS"
      value: 37236
    }
    ports {
      name: "STANDALONE"
      value: 43847
    }
    networkName: "fbb72e40-54b3-4254-bcd2-d86a09a0d730"
    networkLocation: "/default-rack"
  }
  state: PIPELINE_OPEN
  type: STAND_ALONE
  factor: ONE
  id {
    id: "c94444a6-8039-49a5-aa8d-6e7228e0f34a"
  }
}
]} | ret=SUCCESS |  
2019-08-24 00:37:02,763 | INFO  | DNAudit | user=null | ip=null | op=WRITE_CHUNK {blockData=conID: 1 locID: 102669157843599838 bcsId: 0} | ret=SUCCESS |  
2019-08-24 00:37:02,765 | INFO  | DNAudit | user=null | ip=null | op=PUT_BLOCK {blockData=[blockId=conID: 1 locID: 102669157843599838 bcsId: 0,size=5]} | ret=SUCCESS |  
2019-08-24 00:37:02,768 | INFO  | OMAudit | user=jenkins1000 | ip=127.0.0.1 | op=COMMIT_KEY {volume=volume93899, bucket=bucket31635, key=zVaad39, dataSize=5, replicationType=RATIS, replicationFactor=ONE, keyLocationInfo=[blockID {
  containerBlockID {
    containerID: 1
    localID: 102669157843599838
  }
  blockCommitSequenceId: 0
}
offset: 0
length: 5
createVersion: 0
pipeline {
  leaderID: ""
  members {
    uuid: "fbb72e40-54b3-4254-bcd2-d86a09a0d730"
    ipAddress: "192.168.34.57"
    hostName: "pr-hdds-1909-kfjhh-925290811"
    ports {
      name: "REST"
      value: 44670
    }
    ports {
      name: "RATIS"
      value: 37236
    }
    ports {
      name: "STANDALONE"
      value: 43847
    }
    networkName: "fbb72e40-54b3-4254-bcd2-d86a09a0d730"
    networkLocation: "/default-rack"
  }
  state: PIPELINE_OPEN
  type: STAND_ALONE
  factor: ONE
  id {
    id: "c94444a6-8039-49a5-aa8d-6e7228e0f34a"
  }
}
]} | ret=SUCCESS |  
2019-08-24 00:37:02,769 | INFO  | SCMAudit | user=jenkins1000 | ip=192.168.34.57 | op=ALLOCATE_BLOCK {owner=372a6af6-a57e-4203-942b-3df9acdb3fd6, size=4194304, type=STAND_ALONE, factor=ONE} | ret=SUCCESS |  
2019-08-24 00:37:02,770 | INFO  | OMAudit | user=jenkins1000 | ip=127.0.0.1 | op=ALLOCATE_KEY {volume=volume93899, bucket=bucket31635, key=aZixX40, dataSize=4096, replicationType=STAND_ALONE, replicationFactor=ONE, keyLocationInfo=[blockID {
  containerBlockID {
    containerID: 2
    localID: 102669157844189664
  }
  blockCommitSequenceId: 0
}
offset: 0
length: 4194304
createVersion: 0
pipeline {
  leaderID: ""
  members {
    uuid: "fbb72e40-54b3-4254-bcd2-d86a09a0d730"
    ipAddress: "192.168.34.57"
    hostName: "pr-hdds-1909-kfjhh-925290811"
    ports {
      name: "REST"
      value: 44670
    }
    ports {
      name: "RATIS"
      value: 37236
    }
    ports {
      name: "STANDALONE"
      value: 43847
    }
    networkName: "fbb72e40-54b3-4254-bcd2-d86a09a0d730"
    networkLocation: "/default-rack"
  }
  state: PIPELINE_OPEN
  type: STAND_ALONE
  factor: ONE
  id {
    id: "c94444a6-8039-49a5-aa8d-6e7228e0f34a"
  }
}
]} | ret=SUCCESS |  
2019-08-24 00:37:02,772 | INFO  | DNAudit | user=null | ip=null | op=WRITE_CHUNK {blockData=conID: 2 locID: 102669157844189664 bcsId: 0} | ret=SUCCESS |  
2019-08-24 00:37:02,774 | INFO  | DNAudit | user=null | ip=null | op=PUT_BLOCK {blockData=[blockId=conID: 2 locID: 102669157844189664 bcsId: 0,size=5]} | ret=SUCCESS |  
2019-08-24 00:37:02,775 | INFO  | OMAudit | user=jenkins1000 | ip=127.0.0.1 | op=COMMIT_KEY {volume=volume93899, bucket=bucket31635, key=aZixX40, dataSize=5, replicationType=RATIS, replicationFactor=ONE, keyLocationInfo=[blockID {
  containerBlockID {
    containerID: 2
    localID: 102669157844189664
  }
  blockCommitSequenceId: 0
}
offset: 0
length: 5
createVersion: 0
pipeline {
  leaderID: ""
  members {
    uuid: "fbb72e40-54b3-4254-bcd2-d86a09a0d730"
    ipAddress: "192.168.34.57"
    hostName: "pr-hdds-1909-kfjhh-925290811"
    ports {
      name: "REST"
      value: 44670
    }
    ports {
      name: "RATIS"
      value: 37236
    }
    ports {
      name: "STANDALONE"
      value: 43847
    }
    networkName: "fbb72e40-54b3-4254-bcd2-d86a09a0d730"
    networkLocation: "/default-rack"
  }
  state: PIPELINE_OPEN
  type: STAND_ALONE
  factor: ONE
  id {
    id: "c94444a6-8039-49a5-aa8d-6e7228e0f34a"
  }
}
]} | ret=SUCCESS |  
2019-08-24 00:37:02,776 | INFO  | SCMAudit | user=jenkins1000 | ip=192.168.34.57 | op=ALLOCATE_BLOCK {owner=372a6af6-a57e-4203-942b-3df9acdb3fd6, size=4194304, type=STAND_ALONE, factor=ONE} | ret=SUCCESS |  
2019-08-24 00:37:02,777 | INFO  | OMAudit | user=jenkins1000 | ip=127.0.0.1 | op=ALLOCATE_KEY {volume=volume93899, bucket=bucket31635, key=uegum41, dataSize=4096, replicationType=STAND_ALONE, replicationFactor=ONE, keyLocationInfo=[blockID {
  containerBlockID {
    containerID: 3
    localID: 102669157844648418
  }
  blockCommitSequenceId: 0
}
offset: 0
length: 4194304
createVersion: 0
pipeline {
  leaderID: ""
  members {
    uuid: "fbb72e40-54b3-4254-bcd2-d86a09a0d730"
    ipAddress: "192.168.34.57"
    hostName: "pr-hdds-1909-kfjhh-925290811"
    ports {
      name: "REST"
      value: 44670
    }
    ports {
      name: "RATIS"
      value: 37236
    }
    ports {
      name: "STANDALONE"
      value: 43847
    }
    networkName: "fbb72e40-54b3-4254-bcd2-d86a09a0d730"
    networkLocation: "/default-rack"
  }
  state: PIPELINE_OPEN
  type: STAND_ALONE
  factor: ONE
  id {
    id: "c94444a6-8039-49a5-aa8d-6e7228e0f34a"
  }
}
]} | ret=SUCCESS |  
2019-08-24 00:37:02,780 | INFO  | DNAudit | user=null | ip=null | op=WRITE_CHUNK {blockData=conID: 3 locID: 102669157844648418 bcsId: 0} | ret=SUCCESS |  
2019-08-24 00:37:02,781 | INFO  | DNAudit | user=null | ip=null | op=PUT_BLOCK {blockData=[blockId=conID: 3 locID: 102669157844648418 bcsId: 0,size=5]} | ret=SUCCESS |  
2019-08-24 00:37:02,784 | INFO  | OMAudit | user=jenkins1000 | ip=127.0.0.1 | op=COMMIT_KEY {volume=volume93899, bucket=bucket31635, key=uegum41, dataSize=5, replicationType=RATIS, replicationFactor=ONE, keyLocationInfo=[blockID {
  containerBlockID {
    containerID: 3
    localID: 102669157844648418
  }
  blockCommitSequenceId: 0
}
offset: 0
length: 5
createVersion: 0
pipeline {
  leaderID: ""
  members {
    uuid: "fbb72e40-54b3-4254-bcd2-d86a09a0d730"
    ipAddress: "192.168.34.57"
    hostName: "pr-hdds-1909-kfjhh-925290811"
    ports {
      name: "REST"
      value: 44670
    }
    ports {
      name: "RATIS"
      value: 37236
    }
    ports {
      name: "STANDALONE"
      value: 43847
    }
    networkName: "fbb72e40-54b3-4254-bcd2-d86a09a0d730"
    networkLocation: "/default-rack"
  }
  state: PIPELINE_OPEN
  type: STAND_ALONE
  factor: ONE
  id {
    id: "c94444a6-8039-49a5-aa8d-6e7228e0f34a"
  }
}
]} | ret=SUCCESS |  
2019-08-24 00:37:02,785 | INFO  | SCMAudit | user=jenkins1000 | ip=192.168.34.57 | op=ALLOCATE_BLOCK {owner=372a6af6-a57e-4203-942b-3df9acdb3fd6, size=4194304, type=STAND_ALONE, factor=ONE} | ret=SUCCESS |  
2019-08-24 00:37:02,786 | INFO  | OMAudit | user=jenkins1000 | ip=127.0.0.1 | op=ALLOCATE_KEY {volume=volume93899, bucket=bucket31635, key=SzNSP42, dataSize=4096, replicationType=STAND_ALONE, replicationFactor=ONE, keyLocationInfo=[blockID {
  containerBlockID {
    containerID: 1
    localID: 102669157845238244
  }
  blockCommitSequenceId: 0
}
offset: 0
length: 4194304
createVersion: 0
pipeline {
  leaderID: ""
  members {
    uuid: "fbb72e40-54b3-4254-bcd2-d86a09a0d730"
    ipAddress: "192.168.34.57"
    hostName: "pr-hdds-1909-kfjhh-925290811"
    ports {
      name: "REST"
      value: 44670
    }
    ports {
      name: "RATIS"
      value: 37236
    }
    ports {
      name: "STANDALONE"
      value: 43847
    }
    networkName: "fbb72e40-54b3-4254-bcd2-d86a09a0d730"
    networkLocation: "/default-rack"
  }
  state: PIPELINE_OPEN
  type: STAND_ALONE
  factor: ONE
  id {
    id: "c94444a6-8039-49a5-aa8d-6e7228e0f34a"
  }
}
]} | ret=SUCCESS |  
2019-08-24 00:37:02,789 | INFO  | DNAudit | user=null | ip=null | op=WRITE_CHUNK {blockData=conID: 1 locID: 102669157845238244 bcsId: 0} | ret=SUCCESS |  
2019-08-24 00:37:02,790 | INFO  | DNAudit | user=null | ip=null | op=PUT_BLOCK {blockData=[blockId=conID: 1 locID: 102669157845238244 bcsId: 0,size=5]} | ret=SUCCESS |  
2019-08-24 00:37:02,792 | INFO  | OMAudit | user=jenkins1000 | ip=127.0.0.1 | op=COMMIT_KEY {volume=volume93899, bucket=bucket31635, key=SzNSP42, dataSize=5, replicationType=RATIS, replicationFactor=ONE, keyLocationInfo=[blockID {
  containerBlockID {
    containerID: 1
    localID: 102669157845238244
  }
  blockCommitSequenceId: 0
}
offset: 0
length: 5
createVersion: 0
pipeline {
  leaderID: ""
  members {
    uuid: "fbb72e40-54b3-4254-bcd2-d86a09a0d730"
    ipAddress: "192.168.34.57"
    hostName: "pr-hdds-1909-kfjhh-925290811"
    ports {
      name: "REST"
      value: 44670
    }
    ports {
      name: "RATIS"
      value: 37236
    }
    ports {
      name: "STANDALONE"
      value: 43847
    }
    networkName: "fbb72e40-54b3-4254-bcd2-d86a09a0d730"
    networkLocation: "/default-rack"
  }
  state: PIPELINE_OPEN
  type: STAND_ALONE
  factor: ONE
  id {
    id: "c94444a6-8039-49a5-aa8d-6e7228e0f34a"
  }
}
]} | ret=SUCCESS |  
2019-08-24 00:37:02,793 | INFO  | SCMAudit | user=jenkins1000 | ip=192.168.34.57 | op=ALLOCATE_BLOCK {owner=372a6af6-a57e-4203-942b-3df9acdb3fd6, size=4194304, type=STAND_ALONE, factor=ONE} | ret=SUCCESS |  
2019-08-24 00:37:02,794 | INFO  | OMAudit | user=jenkins1000 | ip=127.0.0.1 | op=ALLOCATE_KEY {volume=volume93899, bucket=bucket31635, key=BsBuW43, dataSize=4096, replicationType=STAND_ALONE, replicationFactor=ONE, keyLocationInfo=[blockID {
  containerBlockID {
    containerID: 2
    localID: 102669157845762534
  }
  blockCommitSequenceId: 0
}
offset: 0
length: 4194304
createVersion: 0
pipeline {
  leaderID: ""
  members {
    uuid: "fbb72e40-54b3-4254-bcd2-d86a09a0d730"
    ipAddress: "192.168.34.57"
    hostName: "pr-hdds-1909-kfjhh-925290811"
    ports {
      name: "REST"
      value: 44670
    }
    ports {
      name: "RATIS"
      value: 37236
    }
    ports {
      name: "STANDALONE"
      value: 43847
    }
    networkName: "fbb72e40-54b3-4254-bcd2-d86a09a0d730"
    networkLocation: "/default-rack"
  }
  state: PIPELINE_OPEN
  type: STAND_ALONE
  factor: ONE
  id {
    id: "c94444a6-8039-49a5-aa8d-6e7228e0f34a"
  }
}
]} | ret=SUCCESS |  
2019-08-24 00:37:02,796 | INFO  | DNAudit | user=null | ip=null | op=WRITE_CHUNK {blockData=conID: 2 locID: 102669157845762534 bcsId: 0} | ret=SUCCESS |  
2019-08-24 00:37:02,798 | INFO  | DNAudit | user=null | ip=null | op=PUT_BLOCK {blockData=[blockId=conID: 2 locID: 102669157845762534 bcsId: 0,size=5]} | ret=SUCCESS |  
2019-08-24 00:37:02,801 | INFO  | OMAudit | user=jenkins1000 | ip=127.0.0.1 | op=COMMIT_KEY {volume=volume93899, bucket=bucket31635, key=BsBuW43, dataSize=5, replicationType=RATIS, replicationFactor=ONE, keyLocationInfo=[blockID {
  containerBlockID {
    containerID: 2
    localID: 102669157845762534
  }
  blockCommitSequenceId: 0
}
offset: 0
length: 5
createVersion: 0
pipeline {
  leaderID: ""
  members {
    uuid: "fbb72e40-54b3-4254-bcd2-d86a09a0d730"
    ipAddress: "192.168.34.57"
    hostName: "pr-hdds-1909-kfjhh-925290811"
    ports {
      name: "REST"
      value: 44670
    }
    ports {
      name: "RATIS"
      value: 37236
    }
    ports {
      name: "STANDALONE"
      value: 43847
    }
    networkName: "fbb72e40-54b3-4254-bcd2-d86a09a0d730"
    networkLocation: "/default-rack"
  }
  state: PIPELINE_OPEN
  type: STAND_ALONE
  factor: ONE
  id {
    id: "c94444a6-8039-49a5-aa8d-6e7228e0f34a"
  }
}
]} | ret=SUCCESS |  
2019-08-24 00:37:02,802 | INFO  | SCMAudit | user=jenkins1000 | ip=192.168.34.57 | op=ALLOCATE_BLOCK {owner=372a6af6-a57e-4203-942b-3df9acdb3fd6, size=4194304, type=STAND_ALONE, factor=ONE} | ret=SUCCESS |  
2019-08-24 00:37:02,803 | INFO  | OMAudit | user=jenkins1000 | ip=127.0.0.1 | op=ALLOCATE_KEY {volume=volume93899, bucket=bucket31635, key=LiSnc44, dataSize=4096, replicationType=STAND_ALONE, replicationFactor=ONE, keyLocationInfo=[blockID {
  containerBlockID {
    containerID: 3
    localID: 102669157846352360
  }
  blockCommitSequenceId: 0
}
offset: 0
length: 4194304
createVersion: 0
pipeline {
  leaderID: ""
  members {
    uuid: "fbb72e40-54b3-4254-bcd2-d86a09a0d730"
    ipAddress: "192.168.34.57"
    hostName: "pr-hdds-1909-kfjhh-925290811"
    ports {
      name: "REST"
      value: 44670
    }
    ports {
      name: "RATIS"
      value: 37236
    }
    ports {
      name: "STANDALONE"
      value: 43847
    }
    networkName: "fbb72e40-54b3-4254-bcd2-d86a09a0d730"
    networkLocation: "/default-rack"
  }
  state: PIPELINE_OPEN
  type: STAND_ALONE
  factor: ONE
  id {
    id: "c94444a6-8039-49a5-aa8d-6e7228e0f34a"
  }
}
]} | ret=SUCCESS |  
2019-08-24 00:37:02,806 | INFO  | DNAudit | user=null | ip=null | op=WRITE_CHUNK {blockData=conID: 3 locID: 102669157846352360 bcsId: 0} | ret=SUCCESS |  
2019-08-24 00:37:02,808 | INFO  | DNAudit | user=null | ip=null | op=PUT_BLOCK {blockData=[blockId=conID: 3 locID: 102669157846352360 bcsId: 0,size=5]} | ret=SUCCESS |  
2019-08-24 00:37:02,809 | INFO  | OMAudit | user=jenkins1000 | ip=127.0.0.1 | op=COMMIT_KEY {volume=volume93899, bucket=bucket31635, key=LiSnc44, dataSize=5, replicationType=RATIS, replicationFactor=ONE, keyLocationInfo=[blockID {
  containerBlockID {
    containerID: 3
    localID: 102669157846352360
  }
  blockCommitSequenceId: 0
}
offset: 0
length: 5
createVersion: 0
pipeline {
  leaderID: ""
  members {
    uuid: "fbb72e40-54b3-4254-bcd2-d86a09a0d730"
    ipAddress: "192.168.34.57"
    hostName: "pr-hdds-1909-kfjhh-925290811"
    ports {
      name: "REST"
      value: 44670
    }
    ports {
      name: "RATIS"
      value: 37236
    }
    ports {
      name: "STANDALONE"
      value: 43847
    }
    networkName: "fbb72e40-54b3-4254-bcd2-d86a09a0d730"
    networkLocation: "/default-rack"
  }
  state: PIPELINE_OPEN
  type: STAND_ALONE
  factor: ONE
  id {
    id: "c94444a6-8039-49a5-aa8d-6e7228e0f34a"
  }
}
]} | ret=SUCCESS |  
2019-08-24 00:37:02,811 | INFO  | SCMAudit | user=jenkins1000 | ip=192.168.34.57 | op=ALLOCATE_BLOCK {owner=372a6af6-a57e-4203-942b-3df9acdb3fd6, size=4194304, type=STAND_ALONE, factor=ONE} | ret=SUCCESS |  
2019-08-24 00:37:02,812 | INFO  | OMAudit | user=jenkins1000 | ip=127.0.0.1 | op=ALLOCATE_KEY {volume=volume93899, bucket=bucket31635, key=gqfOX45, dataSize=4096, replicationType=STAND_ALONE, replicationFactor=ONE, keyLocationInfo=[blockID {
  containerBlockID {
    containerID: 1
    localID: 102669157846942186
  }
  blockCommitSequenceId: 0
}
offset: 0
length: 4194304
createVersion: 0
pipeline {
  leaderID: ""
  members {
    uuid: "fbb72e40-54b3-4254-bcd2-d86a09a0d730"
    ipAddress: "192.168.34.57"
    hostName: "pr-hdds-1909-kfjhh-925290811"
    ports {
      name: "REST"
      value: 44670
    }
    ports {
      name: "RATIS"
      value: 37236
    }
    ports {
      name: "STANDALONE"
      value: 43847
    }
    networkName: "fbb72e40-54b3-4254-bcd2-d86a09a0d730"
    networkLocation: "/default-rack"
  }
  state: PIPELINE_OPEN
  type: STAND_ALONE
  factor: ONE
  id {
    id: "c94444a6-8039-49a5-aa8d-6e7228e0f34a"
  }
}
]} | ret=SUCCESS |  
2019-08-24 00:37:02,814 | INFO  | DNAudit | user=null | ip=null | op=WRITE_CHUNK {blockData=conID: 1 locID: 102669157846942186 bcsId: 0} | ret=SUCCESS |  
2019-08-24 00:37:02,816 | INFO  | DNAudit | user=null | ip=null | op=PUT_BLOCK {blockData=[blockId=conID: 1 locID: 102669157846942186 bcsId: 0,size=5]} | ret=SUCCESS |  
2019-08-24 00:37:02,817 | INFO  | OMAudit | user=jenkins1000 | ip=127.0.0.1 | op=COMMIT_KEY {volume=volume93899, bucket=bucket31635, key=gqfOX45, dataSize=5, replicationType=RATIS, replicationFactor=ONE, keyLocationInfo=[blockID {
  containerBlockID {
    containerID: 1
    localID: 102669157846942186
  }
  blockCommitSequenceId: 0
}
offset: 0
length: 5
createVersion: 0
pipeline {
  leaderID: ""
  members {
    uuid: "fbb72e40-54b3-4254-bcd2-d86a09a0d730"
    ipAddress: "192.168.34.57"
    hostName: "pr-hdds-1909-kfjhh-925290811"
    ports {
      name: "REST"
      value: 44670
    }
    ports {
      name: "RATIS"
      value: 37236
    }
    ports {
      name: "STANDALONE"
      value: 43847
    }
    networkName: "fbb72e40-54b3-4254-bcd2-d86a09a0d730"
    networkLocation: "/default-rack"
  }
  state: PIPELINE_OPEN
  type: STAND_ALONE
  factor: ONE
  id {
    id: "c94444a6-8039-49a5-aa8d-6e7228e0f34a"
  }
}
]} | ret=SUCCESS |  
2019-08-24 00:37:02,819 | INFO  | SCMAudit | user=jenkins1000 | ip=192.168.34.57 | op=ALLOCATE_BLOCK {owner=372a6af6-a57e-4203-942b-3df9acdb3fd6, size=4194304, type=STAND_ALONE, factor=ONE} | ret=SUCCESS |  
2019-08-24 00:37:02,820 | INFO  | OMAudit | user=jenkins1000 | ip=127.0.0.1 | op=ALLOCATE_KEY {volume=volume93899, bucket=bucket31635, key=woYBd46, dataSize=4096, replicationType=STAND_ALONE, replicationFactor=ONE, keyLocationInfo=[blockID {
  containerBlockID {
    containerID: 2
    localID: 102669157847466476
  }
  blockCommitSequenceId: 0
}
offset: 0
length: 4194304
createVersion: 0
pipeline {
  leaderID: ""
  members {
    uuid: "fbb72e40-54b3-4254-bcd2-d86a09a0d730"
    ipAddress: "192.168.34.57"
    hostName: "pr-hdds-1909-kfjhh-925290811"
    ports {
      name: "REST"
      value: 44670
    }
    ports {
      name: "RATIS"
      value: 37236
    }
    ports {
      name: "STANDALONE"
      value: 43847
    }
    networkName: "fbb72e40-54b3-4254-bcd2-d86a09a0d730"
    networkLocation: "/default-rack"
  }
  state: PIPELINE_OPEN
  type: STAND_ALONE
  factor: ONE
  id {
    id: "c94444a6-8039-49a5-aa8d-6e7228e0f34a"
  }
}
]} | ret=SUCCESS |  
2019-08-24 00:37:02,822 | INFO  | DNAudit | user=null | ip=null | op=WRITE_CHUNK {blockData=conID: 2 locID: 102669157847466476 bcsId: 0} | ret=SUCCESS |  
2019-08-24 00:37:02,824 | INFO  | DNAudit | user=null | ip=null | op=PUT_BLOCK {blockData=[blockId=conID: 2 locID: 102669157847466476 bcsId: 0,size=5]} | ret=SUCCESS |  
2019-08-24 00:37:02,826 | INFO  | OMAudit | user=jenkins1000 | ip=127.0.0.1 | op=COMMIT_KEY {volume=volume93899, bucket=bucket31635, key=woYBd46, dataSize=5, replicationType=RATIS, replicationFactor=ONE, keyLocationInfo=[blockID {
  containerBlockID {
    containerID: 2
    localID: 102669157847466476
  }
  blockCommitSequenceId: 0
}
offset: 0
length: 5
createVersion: 0
pipeline {
  leaderID: ""
  members {
    uuid: "fbb72e40-54b3-4254-bcd2-d86a09a0d730"
    ipAddress: "192.168.34.57"
    hostName: "pr-hdds-1909-kfjhh-925290811"
    ports {
      name: "REST"
      value: 44670
    }
    ports {
      name: "RATIS"
      value: 37236
    }
    ports {
      name: "STANDALONE"
      value: 43847
    }
    networkName: "fbb72e40-54b3-4254-bcd2-d86a09a0d730"
    networkLocation: "/default-rack"
  }
  state: PIPELINE_OPEN
  type: STAND_ALONE
  factor: ONE
  id {
    id: "c94444a6-8039-49a5-aa8d-6e7228e0f34a"
  }
}
]} | ret=SUCCESS |  
2019-08-24 00:37:02,827 | INFO  | SCMAudit | user=jenkins1000 | ip=192.168.34.57 | op=ALLOCATE_BLOCK {owner=372a6af6-a57e-4203-942b-3df9acdb3fd6, size=4194304, type=STAND_ALONE, factor=ONE} | ret=SUCCESS |  
2019-08-24 00:37:02,829 | INFO  | OMAudit | user=jenkins1000 | ip=127.0.0.1 | op=ALLOCATE_KEY {volume=volume93899, bucket=bucket31635, key=gNMJI47, dataSize=4096, replicationType=STAND_ALONE, replicationFactor=ONE, keyLocationInfo=[blockID {
  containerBlockID {
    containerID: 3
    localID: 102669157847990766
  }
  blockCommitSequenceId: 0
}
offset: 0
length: 4194304
createVersion: 0
pipeline {
  leaderID: ""
  members {
    uuid: "fbb72e40-54b3-4254-bcd2-d86a09a0d730"
    ipAddress: "192.168.34.57"
    hostName: "pr-hdds-1909-kfjhh-925290811"
    ports {
      name: "REST"
      value: 44670
    }
    ports {
      name: "RATIS"
      value: 37236
    }
    ports {
      name: "STANDALONE"
      value: 43847
    }
    networkName: "fbb72e40-54b3-4254-bcd2-d86a09a0d730"
    networkLocation: "/default-rack"
  }
  state: PIPELINE_OPEN
  type: STAND_ALONE
  factor: ONE
  id {
    id: "c94444a6-8039-49a5-aa8d-6e7228e0f34a"
  }
}
]} | ret=SUCCESS |  
2019-08-24 00:37:02,831 | INFO  | DNAudit | user=null | ip=null | op=WRITE_CHUNK {blockData=conID: 3 locID: 102669157847990766 bcsId: 0} | ret=SUCCESS |  
2019-08-24 00:37:02,834 | INFO  | DNAudit | user=null | ip=null | op=PUT_BLOCK {blockData=[blockId=conID: 3 locID: 102669157847990766 bcsId: 0,size=5]} | ret=SUCCESS |  
2019-08-24 00:37:02,836 | INFO  | OMAudit | user=jenkins1000 | ip=127.0.0.1 | op=COMMIT_KEY {volume=volume93899, bucket=bucket31635, key=gNMJI47, dataSize=5, replicationType=RATIS, replicationFactor=ONE, keyLocationInfo=[blockID {
  containerBlockID {
    containerID: 3
    localID: 102669157847990766
  }
  blockCommitSequenceId: 0
}
offset: 0
length: 5
createVersion: 0
pipeline {
  leaderID: ""
  members {
    uuid: "fbb72e40-54b3-4254-bcd2-d86a09a0d730"
    ipAddress: "192.168.34.57"
    hostName: "pr-hdds-1909-kfjhh-925290811"
    ports {
      name: "REST"
      value: 44670
    }
    ports {
      name: "RATIS"
      value: 37236
    }
    ports {
      name: "STANDALONE"
      value: 43847
    }
    networkName: "fbb72e40-54b3-4254-bcd2-d86a09a0d730"
    networkLocation: "/default-rack"
  }
  state: PIPELINE_OPEN
  type: STAND_ALONE
  factor: ONE
  id {
    id: "c94444a6-8039-49a5-aa8d-6e7228e0f34a"
  }
}
]} | ret=SUCCESS |  
2019-08-24 00:37:02,838 | INFO  | SCMAudit | user=jenkins1000 | ip=192.168.34.57 | op=ALLOCATE_BLOCK {owner=372a6af6-a57e-4203-942b-3df9acdb3fd6, size=4194304, type=STAND_ALONE, factor=ONE} | ret=SUCCESS |  
2019-08-24 00:37:02,838 | INFO  | OMAudit | user=jenkins1000 | ip=127.0.0.1 | op=ALLOCATE_KEY {volume=volume93899, bucket=bucket31635, key=uOEjm48, dataSize=4096, replicationType=STAND_ALONE, replicationFactor=ONE, keyLocationInfo=[blockID {
  containerBlockID {
    containerID: 1
    localID: 102669157848711664
  }
  blockCommitSequenceId: 0
}
offset: 0
length: 4194304
createVersion: 0
pipeline {
  leaderID: ""
  members {
    uuid: "fbb72e40-54b3-4254-bcd2-d86a09a0d730"
    ipAddress: "192.168.34.57"
    hostName: "pr-hdds-1909-kfjhh-925290811"
    ports {
      name: "REST"
      value: 44670
    }
    ports {
      name: "RATIS"
      value: 37236
    }
    ports {
      name: "STANDALONE"
      value: 43847
    }
    networkName: "fbb72e40-54b3-4254-bcd2-d86a09a0d730"
    networkLocation: "/default-rack"
  }
  state: PIPELINE_OPEN
  type: STAND_ALONE
  factor: ONE
  id {
    id: "c94444a6-8039-49a5-aa8d-6e7228e0f34a"
  }
}
]} | ret=SUCCESS |  
2019-08-24 00:37:02,841 | INFO  | DNAudit | user=null | ip=null | op=WRITE_CHUNK {blockData=conID: 1 locID: 102669157848711664 bcsId: 0} | ret=SUCCESS |  
2019-08-24 00:37:02,842 | INFO  | DNAudit | user=null | ip=null | op=PUT_BLOCK {blockData=[blockId=conID: 1 locID: 102669157848711664 bcsId: 0,size=5]} | ret=SUCCESS |  
2019-08-24 00:37:02,844 | INFO  | OMAudit | user=jenkins1000 | ip=127.0.0.1 | op=COMMIT_KEY {volume=volume93899, bucket=bucket31635, key=uOEjm48, dataSize=5, replicationType=RATIS, replicationFactor=ONE, keyLocationInfo=[blockID {
  containerBlockID {
    containerID: 1
    localID: 102669157848711664
  }
  blockCommitSequenceId: 0
}
offset: 0
length: 5
createVersion: 0
pipeline {
  leaderID: ""
  members {
    uuid: "fbb72e40-54b3-4254-bcd2-d86a09a0d730"
    ipAddress: "192.168.34.57"
    hostName: "pr-hdds-1909-kfjhh-925290811"
    ports {
      name: "REST"
      value: 44670
    }
    ports {
      name: "RATIS"
      value: 37236
    }
    ports {
      name: "STANDALONE"
      value: 43847
    }
    networkName: "fbb72e40-54b3-4254-bcd2-d86a09a0d730"
    networkLocation: "/default-rack"
  }
  state: PIPELINE_OPEN
  type: STAND_ALONE
  factor: ONE
  id {
    id: "c94444a6-8039-49a5-aa8d-6e7228e0f34a"
  }
}
]} | ret=SUCCESS |  
2019-08-24 00:37:02,845 | INFO  | SCMAudit | user=jenkins1000 | ip=192.168.34.57 | op=ALLOCATE_BLOCK {owner=372a6af6-a57e-4203-942b-3df9acdb3fd6, size=4194304, type=STAND_ALONE, factor=ONE} | ret=SUCCESS |  
2019-08-24 00:37:02,846 | INFO  | OMAudit | user=jenkins1000 | ip=127.0.0.1 | op=ALLOCATE_KEY {volume=volume93899, bucket=bucket31635, key=PGdjj49, dataSize=4096, replicationType=STAND_ALONE, replicationFactor=ONE, keyLocationInfo=[blockID {
  containerBlockID {
    containerID: 2
    localID: 102669157849170418
  }
  blockCommitSequenceId: 0
}
offset: 0
length: 4194304
createVersion: 0
pipeline {
  leaderID: ""
  members {
    uuid: "fbb72e40-54b3-4254-bcd2-d86a09a0d730"
    ipAddress: "192.168.34.57"
    hostName: "pr-hdds-1909-kfjhh-925290811"
    ports {
      name: "REST"
      value: 44670
    }
    ports {
      name: "RATIS"
      value: 37236
    }
    ports {
      name: "STANDALONE"
      value: 43847
    }
    networkName: "fbb72e40-54b3-4254-bcd2-d86a09a0d730"
    networkLocation: "/default-rack"
  }
  state: PIPELINE_OPEN
  type: STAND_ALONE
  factor: ONE
  id {
    id: "c94444a6-8039-49a5-aa8d-6e7228e0f34a"
  }
}
]} | ret=SUCCESS |  
2019-08-24 00:37:02,849 | INFO  | DNAudit | user=null | ip=null | op=WRITE_CHUNK {blockData=conID: 2 locID: 102669157849170418 bcsId: 0} | ret=SUCCESS |  
2019-08-24 00:37:02,850 | INFO  | DNAudit | user=null | ip=null | op=PUT_BLOCK {blockData=[blockId=conID: 2 locID: 102669157849170418 bcsId: 0,size=5]} | ret=SUCCESS |  
2019-08-24 00:37:02,852 | INFO  | OMAudit | user=jenkins1000 | ip=127.0.0.1 | op=COMMIT_KEY {volume=volume93899, bucket=bucket31635, key=PGdjj49, dataSize=5, replicationType=RATIS, replicationFactor=ONE, keyLocationInfo=[blockID {
  containerBlockID {
    containerID: 2
    localID: 102669157849170418
  }
  blockCommitSequenceId: 0
}
offset: 0
length: 5
createVersion: 0
pipeline {
  leaderID: ""
  members {
    uuid: "fbb72e40-54b3-4254-bcd2-d86a09a0d730"
    ipAddress: "192.168.34.57"
    hostName: "pr-hdds-1909-kfjhh-925290811"
    ports {
      name: "REST"
      value: 44670
    }
    ports {
      name: "RATIS"
      value: 37236
    }
    ports {
      name: "STANDALONE"
      value: 43847
    }
    networkName: "fbb72e40-54b3-4254-bcd2-d86a09a0d730"
    networkLocation: "/default-rack"
  }
  state: PIPELINE_OPEN
  type: STAND_ALONE
  factor: ONE
  id {
    id: "c94444a6-8039-49a5-aa8d-6e7228e0f34a"
  }
}
]} | ret=SUCCESS |  
2019-08-24 00:37:02,853 | INFO  | SCMAudit | user=jenkins1000 | ip=192.168.34.57 | op=ALLOCATE_BLOCK {owner=372a6af6-a57e-4203-942b-3df9acdb3fd6, size=4194304, type=STAND_ALONE, factor=ONE} | ret=SUCCESS |  
2019-08-24 00:37:02,854 | INFO  | OMAudit | user=jenkins1000 | ip=127.0.0.1 | op=ALLOCATE_KEY {volume=volume93899, bucket=bucket31635, key=qnUPV50, dataSize=4096, replicationType=STAND_ALONE, replicationFactor=ONE, keyLocationInfo=[blockID {
  containerBlockID {
    containerID: 3
    localID: 102669157849694708
  }
  blockCommitSequenceId: 0
}
offset: 0
length: 4194304
createVersion: 0
pipeline {
  leaderID: ""
  members {
    uuid: "fbb72e40-54b3-4254-bcd2-d86a09a0d730"
    ipAddress: "192.168.34.57"
    hostName: "pr-hdds-1909-kfjhh-925290811"
    ports {
      name: "REST"
      value: 44670
    }
    ports {
      name: "RATIS"
      value: 37236
    }
    ports {
      name: "STANDALONE"
      value: 43847
    }
    networkName: "fbb72e40-54b3-4254-bcd2-d86a09a0d730"
    networkLocation: "/default-rack"
  }
  state: PIPELINE_OPEN
  type: STAND_ALONE
  factor: ONE
  id {
    id: "c94444a6-8039-49a5-aa8d-6e7228e0f34a"
  }
}
]} | ret=SUCCESS |  
2019-08-24 00:37:02,856 | INFO  | DNAudit | user=null | ip=null | op=WRITE_CHUNK {blockData=conID: 3 locID: 102669157849694708 bcsId: 0} | ret=SUCCESS |  
2019-08-24 00:37:02,858 | INFO  | DNAudit | user=null | ip=null | op=PUT_BLOCK {blockData=[blockId=conID: 3 locID: 102669157849694708 bcsId: 0,size=5]} | ret=SUCCESS |  
2019-08-24 00:37:02,860 | INFO  | OMAudit | user=jenkins1000 | ip=127.0.0.1 | op=COMMIT_KEY {volume=volume93899, bucket=bucket31635, key=qnUPV50, dataSize=5, replicationType=RATIS, replicationFactor=ONE, keyLocationInfo=[blockID {
  containerBlockID {
    containerID: 3
    localID: 102669157849694708
  }
  blockCommitSequenceId: 0
}
offset: 0
length: 5
createVersion: 0
pipeline {
  leaderID: ""
  members {
    uuid: "fbb72e40-54b3-4254-bcd2-d86a09a0d730"
    ipAddress: "192.168.34.57"
    hostName: "pr-hdds-1909-kfjhh-925290811"
    ports {
      name: "REST"
      value: 44670
    }
    ports {
      name: "RATIS"
      value: 37236
    }
    ports {
      name: "STANDALONE"
      value: 43847
    }
    networkName: "fbb72e40-54b3-4254-bcd2-d86a09a0d730"
    networkLocation: "/default-rack"
  }
  state: PIPELINE_OPEN
  type: STAND_ALONE
  factor: ONE
  id {
    id: "c94444a6-8039-49a5-aa8d-6e7228e0f34a"
  }
}
]} | ret=SUCCESS |  
2019-08-24 00:37:02,862 | INFO  | SCMAudit | user=jenkins1000 | ip=192.168.34.57 | op=ALLOCATE_BLOCK {owner=372a6af6-a57e-4203-942b-3df9acdb3fd6, size=4194304, type=STAND_ALONE, factor=ONE} | ret=SUCCESS |  
2019-08-24 00:37:02,863 | INFO  | OMAudit | user=jenkins1000 | ip=127.0.0.1 | op=ALLOCATE_KEY {volume=volume93899, bucket=bucket31635, key=LGvEk51, dataSize=4096, replicationType=STAND_ALONE, replicationFactor=ONE, keyLocationInfo=[blockID {
  containerBlockID {
    containerID: 1
    localID: 102669157850284534
  }
  blockCommitSequenceId: 0
}
offset: 0
length: 4194304
createVersion: 0
pipeline {
  leaderID: ""
  members {
    uuid: "fbb72e40-54b3-4254-bcd2-d86a09a0d730"
    ipAddress: "192.168.34.57"
    hostName: "pr-hdds-1909-kfjhh-925290811"
    ports {
      name: "REST"
      value: 44670
    }
    ports {
      name: "RATIS"
      value: 37236
    }
    ports {
      name: "STANDALONE"
      value: 43847
    }
    networkName: "fbb72e40-54b3-4254-bcd2-d86a09a0d730"
    networkLocation: "/default-rack"
  }
  state: PIPELINE_OPEN
  type: STAND_ALONE
  factor: ONE
  id {
    id: "c94444a6-8039-49a5-aa8d-6e7228e0f34a"
  }
}
]} | ret=SUCCESS |  
2019-08-24 00:37:02,865 | INFO  | DNAudit | user=null | ip=null | op=WRITE_CHUNK {blockData=conID: 1 locID: 102669157850284534 bcsId: 0} | ret=SUCCESS |  
2019-08-24 00:37:02,867 | INFO  | DNAudit | user=null | ip=null | op=PUT_BLOCK {blockData=[blockId=conID: 1 locID: 102669157850284534 bcsId: 0,size=5]} | ret=SUCCESS |  
2019-08-24 00:37:02,869 | INFO  | OMAudit | user=jenkins1000 | ip=127.0.0.1 | op=COMMIT_KEY {volume=volume93899, bucket=bucket31635, key=LGvEk51, dataSize=5, replicationType=RATIS, replicationFactor=ONE, keyLocationInfo=[blockID {
  containerBlockID {
    containerID: 1
    localID: 102669157850284534
  }
  blockCommitSequenceId: 0
}
offset: 0
length: 5
createVersion: 0
pipeline {
  leaderID: ""
  members {
    uuid: "fbb72e40-54b3-4254-bcd2-d86a09a0d730"
    ipAddress: "192.168.34.57"
    hostName: "pr-hdds-1909-kfjhh-925290811"
    ports {
      name: "REST"
      value: 44670
    }
    ports {
      name: "RATIS"
      value: 37236
    }
    ports {
      name: "STANDALONE"
      value: 43847
    }
    networkName: "fbb72e40-54b3-4254-bcd2-d86a09a0d730"
    networkLocation: "/default-rack"
  }
  state: PIPELINE_OPEN
  type: STAND_ALONE
  factor: ONE
  id {
    id: "c94444a6-8039-49a5-aa8d-6e7228e0f34a"
  }
}
]} | ret=SUCCESS |  
2019-08-24 00:37:02,870 | INFO  | SCMAudit | user=jenkins1000 | ip=192.168.34.57 | op=ALLOCATE_BLOCK {owner=372a6af6-a57e-4203-942b-3df9acdb3fd6, size=4194304, type=STAND_ALONE, factor=ONE} | ret=SUCCESS |  
2019-08-24 00:37:02,871 | INFO  | OMAudit | user=jenkins1000 | ip=127.0.0.1 | op=ALLOCATE_KEY {volume=volume93899, bucket=bucket31635, key=HwWii52, dataSize=4096, replicationType=STAND_ALONE, replicationFactor=ONE, keyLocationInfo=[blockID {
  containerBlockID {
    containerID: 2
    localID: 102669157850808824
  }
  blockCommitSequenceId: 0
}
offset: 0
length: 4194304
createVersion: 0
pipeline {
  leaderID: ""
  members {
    uuid: "fbb72e40-54b3-4254-bcd2-d86a09a0d730"
    ipAddress: "192.168.34.57"
    hostName: "pr-hdds-1909-kfjhh-925290811"
    ports {
      name: "REST"
      value: 44670
    }
    ports {
      name: "RATIS"
      value: 37236
    }
    ports {
      name: "STANDALONE"
      value: 43847
    }
    networkName: "fbb72e40-54b3-4254-bcd2-d86a09a0d730"
    networkLocation: "/default-rack"
  }
  state: PIPELINE_OPEN
  type: STAND_ALONE
  factor: ONE
  id {
    id: "c94444a6-8039-49a5-aa8d-6e7228e0f34a"
  }
}
]} | ret=SUCCESS |  
2019-08-24 00:37:02,874 | INFO  | DNAudit | user=null | ip=null | op=WRITE_CHUNK {blockData=conID: 2 locID: 102669157850808824 bcsId: 0} | ret=SUCCESS |  
2019-08-24 00:37:02,876 | INFO  | DNAudit | user=null | ip=null | op=PUT_BLOCK {blockData=[blockId=conID: 2 locID: 102669157850808824 bcsId: 0,size=5]} | ret=SUCCESS |  
2019-08-24 00:37:02,877 | INFO  | OMAudit | user=jenkins1000 | ip=127.0.0.1 | op=COMMIT_KEY {volume=volume93899, bucket=bucket31635, key=HwWii52, dataSize=5, replicationType=RATIS, replicationFactor=ONE, keyLocationInfo=[blockID {
  containerBlockID {
    containerID: 2
    localID: 102669157850808824
  }
  blockCommitSequenceId: 0
}
offset: 0
length: 5
createVersion: 0
pipeline {
  leaderID: ""
  members {
    uuid: "fbb72e40-54b3-4254-bcd2-d86a09a0d730"
    ipAddress: "192.168.34.57"
    hostName: "pr-hdds-1909-kfjhh-925290811"
    ports {
      name: "REST"
      value: 44670
    }
    ports {
      name: "RATIS"
      value: 37236
    }
    ports {
      name: "STANDALONE"
      value: 43847
    }
    networkName: "fbb72e40-54b3-4254-bcd2-d86a09a0d730"
    networkLocation: "/default-rack"
  }
  state: PIPELINE_OPEN
  type: STAND_ALONE
  factor: ONE
  id {
    id: "c94444a6-8039-49a5-aa8d-6e7228e0f34a"
  }
}
]} | ret=SUCCESS |  
2019-08-24 00:37:02,879 | INFO  | SCMAudit | user=jenkins1000 | ip=192.168.34.57 | op=ALLOCATE_BLOCK {owner=372a6af6-a57e-4203-942b-3df9acdb3fd6, size=4194304, type=STAND_ALONE, factor=ONE} | ret=SUCCESS |  
2019-08-24 00:37:02,880 | INFO  | OMAudit | user=jenkins1000 | ip=127.0.0.1 | op=ALLOCATE_KEY {volume=volume93899, bucket=bucket31635, key=xBgic53, dataSize=4096, replicationType=STAND_ALONE, replicationFactor=ONE, keyLocationInfo=[blockID {
  containerBlockID {
    containerID: 3
    localID: 102669157851398650
  }
  blockCommitSequenceId: 0
}
offset: 0
length: 4194304
createVersion: 0
pipeline {
  leaderID: ""
  members {
    uuid: "fbb72e40-54b3-4254-bcd2-d86a09a0d730"
    ipAddress: "192.168.34.57"
    hostName: "pr-hdds-1909-kfjhh-925290811"
    ports {
      name: "REST"
      value: 44670
    }
    ports {
      name: "RATIS"
      value: 37236
    }
    ports {
      name: "STANDALONE"
      value: 43847
    }
    networkName: "fbb72e40-54b3-4254-bcd2-d86a09a0d730"
    networkLocation: "/default-rack"
  }
  state: PIPELINE_OPEN
  type: STAND_ALONE
  factor: ONE
  id {
    id: "c94444a6-8039-49a5-aa8d-6e7228e0f34a"
  }
}
]} | ret=SUCCESS |  
2019-08-24 00:37:02,883 | INFO  | DNAudit | user=null | ip=null | op=WRITE_CHUNK {blockData=conID: 3 locID: 102669157851398650 bcsId: 0} | ret=SUCCESS |  
2019-08-24 00:37:02,886 | INFO  | DNAudit | user=null | ip=null | op=PUT_BLOCK {blockData=[blockId=conID: 3 locID: 102669157851398650 bcsId: 0,size=5]} | ret=SUCCESS |  
2019-08-24 00:37:02,888 | INFO  | OMAudit | user=jenkins1000 | ip=127.0.0.1 | op=COMMIT_KEY {volume=volume93899, bucket=bucket31635, key=xBgic53, dataSize=5, replicationType=RATIS, replicationFactor=ONE, keyLocationInfo=[blockID {
  containerBlockID {
    containerID: 3
    localID: 102669157851398650
  }
  blockCommitSequenceId: 0
}
offset: 0
length: 5
createVersion: 0
pipeline {
  leaderID: ""
  members {
    uuid: "fbb72e40-54b3-4254-bcd2-d86a09a0d730"
    ipAddress: "192.168.34.57"
    hostName: "pr-hdds-1909-kfjhh-925290811"
    ports {
      name: "REST"
      value: 44670
    }
    ports {
      name: "RATIS"
      value: 37236
    }
    ports {
      name: "STANDALONE"
      value: 43847
    }
    networkName: "fbb72e40-54b3-4254-bcd2-d86a09a0d730"
    networkLocation: "/default-rack"
  }
  state: PIPELINE_OPEN
  type: STAND_ALONE
  factor: ONE
  id {
    id: "c94444a6-8039-49a5-aa8d-6e7228e0f34a"
  }
}
]} | ret=SUCCESS |  
2019-08-24 00:37:02,891 | INFO  | SCMAudit | user=jenkins1000 | ip=192.168.34.57 | op=ALLOCATE_BLOCK {owner=372a6af6-a57e-4203-942b-3df9acdb3fd6, size=4194304, type=STAND_ALONE, factor=ONE} | ret=SUCCESS |  
2019-08-24 00:37:02,891 | INFO  | OMAudit | user=jenkins1000 | ip=127.0.0.1 | op=ALLOCATE_KEY {volume=volume93899, bucket=bucket31635, key=dplOW54, dataSize=4096, replicationType=STAND_ALONE, replicationFactor=ONE, keyLocationInfo=[blockID {
  containerBlockID {
    containerID: 1
    localID: 102669157852119548
  }
  blockCommitSequenceId: 0
}
offset: 0
length: 4194304
createVersion: 0
pipeline {
  leaderID: ""
  members {
    uuid: "fbb72e40-54b3-4254-bcd2-d86a09a0d730"
    ipAddress: "192.168.34.57"
    hostName: "pr-hdds-1909-kfjhh-925290811"
    ports {
      name: "REST"
      value: 44670
    }
    ports {
      name: "RATIS"
      value: 37236
    }
    ports {
      name: "STANDALONE"
      value: 43847
    }
    networkName: "fbb72e40-54b3-4254-bcd2-d86a09a0d730"
    networkLocation: "/default-rack"
  }
  state: PIPELINE_OPEN
  type: STAND_ALONE
  factor: ONE
  id {
    id: "c94444a6-8039-49a5-aa8d-6e7228e0f34a"
  }
}
]} | ret=SUCCESS |  
2019-08-24 00:37:02,893 | INFO  | DNAudit | user=null | ip=null | op=WRITE_CHUNK {blockData=conID: 1 locID: 102669157852119548 bcsId: 0} | ret=SUCCESS |  
2019-08-24 00:37:02,895 | INFO  | DNAudit | user=null | ip=null | op=PUT_BLOCK {blockData=[blockId=conID: 1 locID: 102669157852119548 bcsId: 0,size=5]} | ret=SUCCESS |  
2019-08-24 00:37:02,897 | INFO  | OMAudit | user=jenkins1000 | ip=127.0.0.1 | op=COMMIT_KEY {volume=volume93899, bucket=bucket31635, key=dplOW54, dataSize=5, replicationType=RATIS, replicationFactor=ONE, keyLocationInfo=[blockID {
  containerBlockID {
    containerID: 1
    localID: 102669157852119548
  }
  blockCommitSequenceId: 0
}
offset: 0
length: 5
createVersion: 0
pipeline {
  leaderID: ""
  members {
    uuid: "fbb72e40-54b3-4254-bcd2-d86a09a0d730"
    ipAddress: "192.168.34.57"
    hostName: "pr-hdds-1909-kfjhh-925290811"
    ports {
      name: "REST"
      value: 44670
    }
    ports {
      name: "RATIS"
      value: 37236
    }
    ports {
      name: "STANDALONE"
      value: 43847
    }
    networkName: "fbb72e40-54b3-4254-bcd2-d86a09a0d730"
    networkLocation: "/default-rack"
  }
  state: PIPELINE_OPEN
  type: STAND_ALONE
  factor: ONE
  id {
    id: "c94444a6-8039-49a5-aa8d-6e7228e0f34a"
  }
}
]} | ret=SUCCESS |  
2019-08-24 00:37:02,902 | INFO  | SCMAudit | user=jenkins1000 | ip=192.168.34.57 | op=ALLOCATE_BLOCK {owner=372a6af6-a57e-4203-942b-3df9acdb3fd6, size=4194304, type=STAND_ALONE, factor=ONE} | ret=SUCCESS |  
2019-08-24 00:37:02,905 | INFO  | OMAudit | user=jenkins1000 | ip=127.0.0.1 | op=ALLOCATE_KEY {volume=volume93899, bucket=bucket31635, key=ArEft55, dataSize=4096, replicationType=STAND_ALONE, replicationFactor=ONE, keyLocationInfo=[blockID {
  containerBlockID {
    containerID: 2
    localID: 102669157852840446
  }
  blockCommitSequenceId: 0
}
offset: 0
length: 4194304
createVersion: 0
pipeline {
  leaderID: ""
  members {
    uuid: "fbb72e40-54b3-4254-bcd2-d86a09a0d730"
    ipAddress: "192.168.34.57"
    hostName: "pr-hdds-1909-kfjhh-925290811"
    ports {
      name: "REST"
      value: 44670
    }
    ports {
      name: "RATIS"
      value: 37236
    }
    ports {
      name: "STANDALONE"
      value: 43847
    }
    networkName: "fbb72e40-54b3-4254-bcd2-d86a09a0d730"
    networkLocation: "/default-rack"
  }
  state: PIPELINE_OPEN
  type: STAND_ALONE
  factor: ONE
  id {
    id: "c94444a6-8039-49a5-aa8d-6e7228e0f34a"
  }
}
]} | ret=SUCCESS |  
2019-08-24 00:37:02,910 | INFO  | DNAudit | user=null | ip=null | op=WRITE_CHUNK {blockData=conID: 2 locID: 102669157852840446 bcsId: 0} | ret=SUCCESS |  
2019-08-24 00:37:02,916 | INFO  | DNAudit | user=null | ip=null | op=PUT_BLOCK {blockData=[blockId=conID: 2 locID: 102669157852840446 bcsId: 0,size=5]} | ret=SUCCESS |  
2019-08-24 00:37:02,918 | INFO  | OMAudit | user=jenkins1000 | ip=127.0.0.1 | op=COMMIT_KEY {volume=volume93899, bucket=bucket31635, key=ArEft55, dataSize=5, replicationType=RATIS, replicationFactor=ONE, keyLocationInfo=[blockID {
  containerBlockID {
    containerID: 2
    localID: 102669157852840446
  }
  blockCommitSequenceId: 0
}
offset: 0
length: 5
createVersion: 0
pipeline {
  leaderID: ""
  members {
    uuid: "fbb72e40-54b3-4254-bcd2-d86a09a0d730"
    ipAddress: "192.168.34.57"
    hostName: "pr-hdds-1909-kfjhh-925290811"
    ports {
      name: "REST"
      value: 44670
    }
    ports {
      name: "RATIS"
      value: 37236
    }
    ports {
      name: "STANDALONE"
      value: 43847
    }
    networkName: "fbb72e40-54b3-4254-bcd2-d86a09a0d730"
    networkLocation: "/default-rack"
  }
  state: PIPELINE_OPEN
  type: STAND_ALONE
  factor: ONE
  id {
    id: "c94444a6-8039-49a5-aa8d-6e7228e0f34a"
  }
}
]} | ret=SUCCESS |  
2019-08-24 00:37:02,920 | INFO  | SCMAudit | user=jenkins1000 | ip=192.168.34.57 | op=ALLOCATE_BLOCK {owner=372a6af6-a57e-4203-942b-3df9acdb3fd6, size=4194304, type=STAND_ALONE, factor=ONE} | ret=SUCCESS |  
2019-08-24 00:37:02,921 | INFO  | OMAudit | user=jenkins1000 | ip=127.0.0.1 | op=ALLOCATE_KEY {volume=volume93899, bucket=bucket31635, key=pTVLV56, dataSize=4096, replicationType=STAND_ALONE, replicationFactor=ONE, keyLocationInfo=[blockID {
  containerBlockID {
    containerID: 3
    localID: 102669157854085632
  }
  blockCommitSequenceId: 0
}
offset: 0
length: 4194304
createVersion: 0
pipeline {
  leaderID: ""
  members {
    uuid: "fbb72e40-54b3-4254-bcd2-d86a09a0d730"
    ipAddress: "192.168.34.57"
    hostName: "pr-hdds-1909-kfjhh-925290811"
    ports {
      name: "REST"
      value: 44670
    }
    ports {
      name: "RATIS"
      value: 37236
    }
    ports {
      name: "STANDALONE"
      value: 43847
    }
    networkName: "fbb72e40-54b3-4254-bcd2-d86a09a0d730"
    networkLocation: "/default-rack"
  }
  state: PIPELINE_OPEN
  type: STAND_ALONE
  factor: ONE
  id {
    id: "c94444a6-8039-49a5-aa8d-6e7228e0f34a"
  }
}
]} | ret=SUCCESS |  
2019-08-24 00:37:02,924 | INFO  | DNAudit | user=null | ip=null | op=WRITE_CHUNK {blockData=conID: 3 locID: 102669157854085632 bcsId: 0} | ret=SUCCESS |  
2019-08-24 00:37:02,926 | INFO  | DNAudit | user=null | ip=null | op=PUT_BLOCK {blockData=[blockId=conID: 3 locID: 102669157854085632 bcsId: 0,size=5]} | ret=SUCCESS |  
2019-08-24 00:37:02,928 | INFO  | OMAudit | user=jenkins1000 | ip=127.0.0.1 | op=COMMIT_KEY {volume=volume93899, bucket=bucket31635, key=pTVLV56, dataSize=5, replicationType=RATIS, replicationFactor=ONE, keyLocationInfo=[blockID {
  containerBlockID {
    containerID: 3
    localID: 102669157854085632
  }
  blockCommitSequenceId: 0
}
offset: 0
length: 5
createVersion: 0
pipeline {
  leaderID: ""
  members {
    uuid: "fbb72e40-54b3-4254-bcd2-d86a09a0d730"
    ipAddress: "192.168.34.57"
    hostName: "pr-hdds-1909-kfjhh-925290811"
    ports {
      name: "REST"
      value: 44670
    }
    ports {
      name: "RATIS"
      value: 37236
    }
    ports {
      name: "STANDALONE"
      value: 43847
    }
    networkName: "fbb72e40-54b3-4254-bcd2-d86a09a0d730"
    networkLocation: "/default-rack"
  }
  state: PIPELINE_OPEN
  type: STAND_ALONE
  factor: ONE
  id {
    id: "c94444a6-8039-49a5-aa8d-6e7228e0f34a"
  }
}
]} | ret=SUCCESS |  
2019-08-24 00:37:02,929 | INFO  | SCMAudit | user=jenkins1000 | ip=192.168.34.57 | op=ALLOCATE_BLOCK {owner=372a6af6-a57e-4203-942b-3df9acdb3fd6, size=4194304, type=STAND_ALONE, factor=ONE} | ret=SUCCESS |  
2019-08-24 00:37:02,930 | INFO  | OMAudit | user=jenkins1000 | ip=127.0.0.1 | op=ALLOCATE_KEY {volume=volume93899, bucket=bucket31635, key=tHkFr57, dataSize=4096, replicationType=STAND_ALONE, replicationFactor=ONE, keyLocationInfo=[blockID {
  containerBlockID {
    containerID: 1
    localID: 102669157854675458
  }
  blockCommitSequenceId: 0
}
offset: 0
length: 4194304
createVersion: 0
pipeline {
  leaderID: ""
  members {
    uuid: "fbb72e40-54b3-4254-bcd2-d86a09a0d730"
    ipAddress: "192.168.34.57"
    hostName: "pr-hdds-1909-kfjhh-925290811"
    ports {
      name: "REST"
      value: 44670
    }
    ports {
      name: "RATIS"
      value: 37236
    }
    ports {
      name: "STANDALONE"
      value: 43847
    }
    networkName: "fbb72e40-54b3-4254-bcd2-d86a09a0d730"
    networkLocation: "/default-rack"
  }
  state: PIPELINE_OPEN
  type: STAND_ALONE
  factor: ONE
  id {
    id: "c94444a6-8039-49a5-aa8d-6e7228e0f34a"
  }
}
]} | ret=SUCCESS |  
2019-08-24 00:37:02,933 | INFO  | DNAudit | user=null | ip=null | op=WRITE_CHUNK {blockData=conID: 1 locID: 102669157854675458 bcsId: 0} | ret=SUCCESS |  
2019-08-24 00:37:02,934 | INFO  | DNAudit | user=null | ip=null | op=PUT_BLOCK {blockData=[blockId=conID: 1 locID: 102669157854675458 bcsId: 0,size=5]} | ret=SUCCESS |  
2019-08-24 00:37:02,936 | INFO  | OMAudit | user=jenkins1000 | ip=127.0.0.1 | op=COMMIT_KEY {volume=volume93899, bucket=bucket31635, key=tHkFr57, dataSize=5, replicationType=RATIS, replicationFactor=ONE, keyLocationInfo=[blockID {
  containerBlockID {
    containerID: 1
    localID: 102669157854675458
  }
  blockCommitSequenceId: 0
}
offset: 0
length: 5
createVersion: 0
pipeline {
  leaderID: ""
  members {
    uuid: "fbb72e40-54b3-4254-bcd2-d86a09a0d730"
    ipAddress: "192.168.34.57"
    hostName: "pr-hdds-1909-kfjhh-925290811"
    ports {
      name: "REST"
      value: 44670
    }
    ports {
      name: "RATIS"
      value: 37236
    }
    ports {
      name: "STANDALONE"
      value: 43847
    }
    networkName: "fbb72e40-54b3-4254-bcd2-d86a09a0d730"
    networkLocation: "/default-rack"
  }
  state: PIPELINE_OPEN
  type: STAND_ALONE
  factor: ONE
  id {
    id: "c94444a6-8039-49a5-aa8d-6e7228e0f34a"
  }
}
]} | ret=SUCCESS |  
2019-08-24 00:37:02,937 | INFO  | SCMAudit | user=jenkins1000 | ip=192.168.34.57 | op=ALLOCATE_BLOCK {owner=372a6af6-a57e-4203-942b-3df9acdb3fd6, size=4194304, type=STAND_ALONE, factor=ONE} | ret=SUCCESS |  
2019-08-24 00:37:02,938 | INFO  | OMAudit | user=jenkins1000 | ip=127.0.0.1 | op=ALLOCATE_KEY {volume=volume93899, bucket=bucket31635, key=kVTPD58, dataSize=4096, replicationType=STAND_ALONE, replicationFactor=ONE, keyLocationInfo=[blockID {
  containerBlockID {
    containerID: 2
    localID: 102669157855199748
  }
  blockCommitSequenceId: 0
}
offset: 0
length: 4194304
createVersion: 0
pipeline {
  leaderID: ""
  members {
    uuid: "fbb72e40-54b3-4254-bcd2-d86a09a0d730"
    ipAddress: "192.168.34.57"
    hostName: "pr-hdds-1909-kfjhh-925290811"
    ports {
      name: "REST"
      value: 44670
    }
    ports {
      name: "RATIS"
      value: 37236
    }
    ports {
      name: "STANDALONE"
      value: 43847
    }
    networkName: "fbb72e40-54b3-4254-bcd2-d86a09a0d730"
    networkLocation: "/default-rack"
  }
  state: PIPELINE_OPEN
  type: STAND_ALONE
  factor: ONE
  id {
    id: "c94444a6-8039-49a5-aa8d-6e7228e0f34a"
  }
}
]} | ret=SUCCESS |  
2019-08-24 00:37:02,941 | INFO  | DNAudit | user=null | ip=null | op=WRITE_CHUNK {blockData=conID: 2 locID: 102669157855199748 bcsId: 0} | ret=SUCCESS |  
2019-08-24 00:37:02,943 | INFO  | DNAudit | user=null | ip=null | op=PUT_BLOCK {blockData=[blockId=conID: 2 locID: 102669157855199748 bcsId: 0,size=5]} | ret=SUCCESS |  
2019-08-24 00:37:02,944 | INFO  | OMAudit | user=jenkins1000 | ip=127.0.0.1 | op=COMMIT_KEY {volume=volume93899, bucket=bucket31635, key=kVTPD58, dataSize=5, replicationType=RATIS, replicationFactor=ONE, keyLocationInfo=[blockID {
  containerBlockID {
    containerID: 2
    localID: 102669157855199748
  }
  blockCommitSequenceId: 0
}
offset: 0
length: 5
createVersion: 0
pipeline {
  leaderID: ""
  members {
    uuid: "fbb72e40-54b3-4254-bcd2-d86a09a0d730"
    ipAddress: "192.168.34.57"
    hostName: "pr-hdds-1909-kfjhh-925290811"
    ports {
      name: "REST"
      value: 44670
    }
    ports {
      name: "RATIS"
      value: 37236
    }
    ports {
      name: "STANDALONE"
      value: 43847
    }
    networkName: "fbb72e40-54b3-4254-bcd2-d86a09a0d730"
    networkLocation: "/default-rack"
  }
  state: PIPELINE_OPEN
  type: STAND_ALONE
  factor: ONE
  id {
    id: "c94444a6-8039-49a5-aa8d-6e7228e0f34a"
  }
}
]} | ret=SUCCESS |  
2019-08-24 00:37:02,946 | INFO  | SCMAudit | user=jenkins1000 | ip=192.168.34.57 | op=ALLOCATE_BLOCK {owner=372a6af6-a57e-4203-942b-3df9acdb3fd6, size=4194304, type=STAND_ALONE, factor=ONE} | ret=SUCCESS |  
2019-08-24 00:37:02,947 | INFO  | OMAudit | user=jenkins1000 | ip=127.0.0.1 | op=ALLOCATE_KEY {volume=volume93899, bucket=bucket31635, key=CHpNn59, dataSize=4096, replicationType=STAND_ALONE, replicationFactor=ONE, keyLocationInfo=[blockID {
  containerBlockID {
    containerID: 3
    localID: 102669157855789574
  }
  blockCommitSequenceId: 0
}
offset: 0
length: 4194304
createVersion: 0
pipeline {
  leaderID: ""
  members {
    uuid: "fbb72e40-54b3-4254-bcd2-d86a09a0d730"
    ipAddress: "192.168.34.57"
    hostName: "pr-hdds-1909-kfjhh-925290811"
    ports {
      name: "REST"
      value: 44670
    }
    ports {
      name: "RATIS"
      value: 37236
    }
    ports {
      name: "STANDALONE"
      value: 43847
    }
    networkName: "fbb72e40-54b3-4254-bcd2-d86a09a0d730"
    networkLocation: "/default-rack"
  }
  state: PIPELINE_OPEN
  type: STAND_ALONE
  factor: ONE
  id {
    id: "c94444a6-8039-49a5-aa8d-6e7228e0f34a"
  }
}
]} | ret=SUCCESS |  
2019-08-24 00:37:02,950 | INFO  | DNAudit | user=null | ip=null | op=WRITE_CHUNK {blockData=conID: 3 locID: 102669157855789574 bcsId: 0} | ret=SUCCESS |  
2019-08-24 00:37:02,952 | INFO  | DNAudit | user=null | ip=null | op=PUT_BLOCK {blockData=[blockId=conID: 3 locID: 102669157855789574 bcsId: 0,size=5]} | ret=SUCCESS |  
2019-08-24 00:37:02,955 | INFO  | OMAudit | user=jenkins1000 | ip=127.0.0.1 | op=COMMIT_KEY {volume=volume93899, bucket=bucket31635, key=CHpNn59, dataSize=5, replicationType=RATIS, replicationFactor=ONE, keyLocationInfo=[blockID {
  containerBlockID {
    containerID: 3
    localID: 102669157855789574
  }
  blockCommitSequenceId: 0
}
offset: 0
length: 5
createVersion: 0
pipeline {
  leaderID: ""
  members {
    uuid: "fbb72e40-54b3-4254-bcd2-d86a09a0d730"
    ipAddress: "192.168.34.57"
    hostName: "pr-hdds-1909-kfjhh-925290811"
    ports {
      name: "REST"
      value: 44670
    }
    ports {
      name: "RATIS"
      value: 37236
    }
    ports {
      name: "STANDALONE"
      value: 43847
    }
    networkName: "fbb72e40-54b3-4254-bcd2-d86a09a0d730"
    networkLocation: "/default-rack"
  }
  state: PIPELINE_OPEN
  type: STAND_ALONE
  factor: ONE
  id {
    id: "c94444a6-8039-49a5-aa8d-6e7228e0f34a"
  }
}
]} | ret=SUCCESS |  
2019-08-24 00:37:02,957 | INFO  | SCMAudit | user=jenkins1000 | ip=192.168.34.57 | op=ALLOCATE_BLOCK {owner=372a6af6-a57e-4203-942b-3df9acdb3fd6, size=4194304, type=STAND_ALONE, factor=ONE} | ret=SUCCESS |  
2019-08-24 00:37:02,958 | INFO  | OMAudit | user=jenkins1000 | ip=127.0.0.1 | op=ALLOCATE_KEY {volume=volume93899, bucket=bucket31635, key=BhFpa60, dataSize=4096, replicationType=STAND_ALONE, replicationFactor=ONE, keyLocationInfo=[blockID {
  containerBlockID {
    containerID: 1
    localID: 102669157856510472
  }
  blockCommitSequenceId: 0
}
offset: 0
length: 4194304
createVersion: 0
pipeline {
  leaderID: ""
  members {
    uuid: "fbb72e40-54b3-4254-bcd2-d86a09a0d730"
    ipAddress: "192.168.34.57"
    hostName: "pr-hdds-1909-kfjhh-925290811"
    ports {
      name: "REST"
      value: 44670
    }
    ports {
      name: "RATIS"
      value: 37236
    }
    ports {
      name: "STANDALONE"
      value: 43847
    }
    networkName: "fbb72e40-54b3-4254-bcd2-d86a09a0d730"
    networkLocation: "/default-rack"
  }
  state: PIPELINE_OPEN
  type: STAND_ALONE
  factor: ONE
  id {
    id: "c94444a6-8039-49a5-aa8d-6e7228e0f34a"
  }
}
]} | ret=SUCCESS |  
2019-08-24 00:37:02,962 | INFO  | DNAudit | user=null | ip=null | op=WRITE_CHUNK {blockData=conID: 1 locID: 102669157856510472 bcsId: 0} | ret=SUCCESS |  
2019-08-24 00:37:02,965 | INFO  | DNAudit | user=null | ip=null | op=PUT_BLOCK {blockData=[blockId=conID: 1 locID: 102669157856510472 bcsId: 0,size=5]} | ret=SUCCESS |  
2019-08-24 00:37:02,967 | INFO  | OMAudit | user=jenkins1000 | ip=127.0.0.1 | op=COMMIT_KEY {volume=volume93899, bucket=bucket31635, key=BhFpa60, dataSize=5, replicationType=RATIS, replicationFactor=ONE, keyLocationInfo=[blockID {
  containerBlockID {
    containerID: 1
    localID: 102669157856510472
  }
  blockCommitSequenceId: 0
}
offset: 0
length: 5
createVersion: 0
pipeline {
  leaderID: ""
  members {
    uuid: "fbb72e40-54b3-4254-bcd2-d86a09a0d730"
    ipAddress: "192.168.34.57"
    hostName: "pr-hdds-1909-kfjhh-925290811"
    ports {
      name: "REST"
      value: 44670
    }
    ports {
      name: "RATIS"
      value: 37236
    }
    ports {
      name: "STANDALONE"
      value: 43847
    }
    networkName: "fbb72e40-54b3-4254-bcd2-d86a09a0d730"
    networkLocation: "/default-rack"
  }
  state: PIPELINE_OPEN
  type: STAND_ALONE
  factor: ONE
  id {
    id: "c94444a6-8039-49a5-aa8d-6e7228e0f34a"
  }
}
]} | ret=SUCCESS |  
2019-08-24 00:37:02,968 | INFO  | SCMAudit | user=jenkins1000 | ip=192.168.34.57 | op=ALLOCATE_BLOCK {owner=372a6af6-a57e-4203-942b-3df9acdb3fd6, size=4194304, type=STAND_ALONE, factor=ONE} | ret=SUCCESS |  
2019-08-24 00:37:02,970 | INFO  | OMAudit | user=jenkins1000 | ip=127.0.0.1 | op=ALLOCATE_KEY {volume=volume93899, bucket=bucket31635, key=xZrAk61, dataSize=4096, replicationType=STAND_ALONE, replicationFactor=ONE, keyLocationInfo=[blockID {
  containerBlockID {
    containerID: 2
    localID: 102669157857231370
  }
  blockCommitSequenceId: 0
}
offset: 0
length: 4194304
createVersion: 0
pipeline {
  leaderID: ""
  members {
    uuid: "fbb72e40-54b3-4254-bcd2-d86a09a0d730"
    ipAddress: "192.168.34.57"
    hostName: "pr-hdds-1909-kfjhh-925290811"
    ports {
      name: "REST"
      value: 44670
    }
    ports {
      name: "RATIS"
      value: 37236
    }
    ports {
      name: "STANDALONE"
      value: 43847
    }
    networkName: "fbb72e40-54b3-4254-bcd2-d86a09a0d730"
    networkLocation: "/default-rack"
  }
  state: PIPELINE_OPEN
  type: STAND_ALONE
  factor: ONE
  id {
    id: "c94444a6-8039-49a5-aa8d-6e7228e0f34a"
  }
}
]} | ret=SUCCESS |  
2019-08-24 00:37:02,972 | INFO  | DNAudit | user=null | ip=null | op=WRITE_CHUNK {blockData=conID: 2 locID: 102669157857231370 bcsId: 0} | ret=SUCCESS |  
2019-08-24 00:37:02,974 | INFO  | DNAudit | user=null | ip=null | op=PUT_BLOCK {blockData=[blockId=conID: 2 locID: 102669157857231370 bcsId: 0,size=5]} | ret=SUCCESS |  
2019-08-24 00:37:02,976 | INFO  | OMAudit | user=jenkins1000 | ip=127.0.0.1 | op=COMMIT_KEY {volume=volume93899, bucket=bucket31635, key=xZrAk61, dataSize=5, replicationType=RATIS, replicationFactor=ONE, keyLocationInfo=[blockID {
  containerBlockID {
    containerID: 2
    localID: 102669157857231370
  }
  blockCommitSequenceId: 0
}
offset: 0
length: 5
createVersion: 0
pipeline {
  leaderID: ""
  members {
    uuid: "fbb72e40-54b3-4254-bcd2-d86a09a0d730"
    ipAddress: "192.168.34.57"
    hostName: "pr-hdds-1909-kfjhh-925290811"
    ports {
      name: "REST"
      value: 44670
    }
    ports {
      name: "RATIS"
      value: 37236
    }
    ports {
      name: "STANDALONE"
      value: 43847
    }
    networkName: "fbb72e40-54b3-4254-bcd2-d86a09a0d730"
    networkLocation: "/default-rack"
  }
  state: PIPELINE_OPEN
  type: STAND_ALONE
  factor: ONE
  id {
    id: "c94444a6-8039-49a5-aa8d-6e7228e0f34a"
  }
}
]} | ret=SUCCESS |  
2019-08-24 00:37:02,977 | INFO  | SCMAudit | user=jenkins1000 | ip=192.168.34.57 | op=ALLOCATE_BLOCK {owner=372a6af6-a57e-4203-942b-3df9acdb3fd6, size=4194304, type=STAND_ALONE, factor=ONE} | ret=SUCCESS |  
2019-08-24 00:37:02,978 | INFO  | OMAudit | user=jenkins1000 | ip=127.0.0.1 | op=ALLOCATE_KEY {volume=volume93899, bucket=bucket31635, key=oUMgy62, dataSize=4096, replicationType=STAND_ALONE, replicationFactor=ONE, keyLocationInfo=[blockID {
  containerBlockID {
    containerID: 3
    localID: 102669157857821196
  }
  blockCommitSequenceId: 0
}
offset: 0
length: 4194304
createVersion: 0
pipeline {
  leaderID: ""
  members {
    uuid: "fbb72e40-54b3-4254-bcd2-d86a09a0d730"
    ipAddress: "192.168.34.57"
    hostName: "pr-hdds-1909-kfjhh-925290811"
    ports {
      name: "REST"
      value: 44670
    }
    ports {
      name: "RATIS"
      value: 37236
    }
    ports {
      name: "STANDALONE"
      value: 43847
    }
    networkName: "fbb72e40-54b3-4254-bcd2-d86a09a0d730"
    networkLocation: "/default-rack"
  }
  state: PIPELINE_OPEN
  type: STAND_ALONE
  factor: ONE
  id {
    id: "c94444a6-8039-49a5-aa8d-6e7228e0f34a"
  }
}
]} | ret=SUCCESS |  
2019-08-24 00:37:02,980 | INFO  | DNAudit | user=null | ip=null | op=WRITE_CHUNK {blockData=conID: 3 locID: 102669157857821196 bcsId: 0} | ret=SUCCESS |  
2019-08-24 00:37:02,982 | INFO  | DNAudit | user=null | ip=null | op=PUT_BLOCK {blockData=[blockId=conID: 3 locID: 102669157857821196 bcsId: 0,size=5]} | ret=SUCCESS |  
2019-08-24 00:37:02,984 | INFO  | OMAudit | user=jenkins1000 | ip=127.0.0.1 | op=COMMIT_KEY {volume=volume93899, bucket=bucket31635, key=oUMgy62, dataSize=5, replicationType=RATIS, replicationFactor=ONE, keyLocationInfo=[blockID {
  containerBlockID {
    containerID: 3
    localID: 102669157857821196
  }
  blockCommitSequenceId: 0
}
offset: 0
length: 5
createVersion: 0
pipeline {
  leaderID: ""
  members {
    uuid: "fbb72e40-54b3-4254-bcd2-d86a09a0d730"
    ipAddress: "192.168.34.57"
    hostName: "pr-hdds-1909-kfjhh-925290811"
    ports {
      name: "REST"
      value: 44670
    }
    ports {
      name: "RATIS"
      value: 37236
    }
    ports {
      name: "STANDALONE"
      value: 43847
    }
    networkName: "fbb72e40-54b3-4254-bcd2-d86a09a0d730"
    networkLocation: "/default-rack"
  }
  state: PIPELINE_OPEN
  type: STAND_ALONE
  factor: ONE
  id {
    id: "c94444a6-8039-49a5-aa8d-6e7228e0f34a"
  }
}
]} | ret=SUCCESS |  
2019-08-24 00:37:02,985 | INFO  | SCMAudit | user=jenkins1000 | ip=192.168.34.57 | op=ALLOCATE_BLOCK {owner=372a6af6-a57e-4203-942b-3df9acdb3fd6, size=4194304, type=STAND_ALONE, factor=ONE} | ret=SUCCESS |  
2019-08-24 00:37:02,986 | INFO  | OMAudit | user=jenkins1000 | ip=127.0.0.1 | op=ALLOCATE_KEY {volume=volume93899, bucket=bucket31635, key=FzWTd63, dataSize=4096, replicationType=STAND_ALONE, replicationFactor=ONE, keyLocationInfo=[blockID {
  containerBlockID {
    containerID: 1
    localID: 102669157858345486
  }
  blockCommitSequenceId: 0
}
offset: 0
length: 4194304
createVersion: 0
pipeline {
  leaderID: ""
  members {
    uuid: "fbb72e40-54b3-4254-bcd2-d86a09a0d730"
    ipAddress: "192.168.34.57"
    hostName: "pr-hdds-1909-kfjhh-925290811"
    ports {
      name: "REST"
      value: 44670
    }
    ports {
      name: "RATIS"
      value: 37236
    }
    ports {
      name: "STANDALONE"
      value: 43847
    }
    networkName: "fbb72e40-54b3-4254-bcd2-d86a09a0d730"
    networkLocation: "/default-rack"
  }
  state: PIPELINE_OPEN
  type: STAND_ALONE
  factor: ONE
  id {
    id: "c94444a6-8039-49a5-aa8d-6e7228e0f34a"
  }
}
]} | ret=SUCCESS |  
2019-08-24 00:37:02,989 | INFO  | DNAudit | user=null | ip=null | op=WRITE_CHUNK {blockData=conID: 1 locID: 102669157858345486 bcsId: 0} | ret=SUCCESS |  
2019-08-24 00:37:02,990 | INFO  | DNAudit | user=null | ip=null | op=PUT_BLOCK {blockData=[blockId=conID: 1 locID: 102669157858345486 bcsId: 0,size=5]} | ret=SUCCESS |  
2019-08-24 00:37:02,992 | INFO  | OMAudit | user=jenkins1000 | ip=127.0.0.1 | op=COMMIT_KEY {volume=volume93899, bucket=bucket31635, key=FzWTd63, dataSize=5, replicationType=RATIS, replicationFactor=ONE, keyLocationInfo=[blockID {
  containerBlockID {
    containerID: 1
    localID: 102669157858345486
  }
  blockCommitSequenceId: 0
}
offset: 0
length: 5
createVersion: 0
pipeline {
  leaderID: ""
  members {
    uuid: "fbb72e40-54b3-4254-bcd2-d86a09a0d730"
    ipAddress: "192.168.34.57"
    hostName: "pr-hdds-1909-kfjhh-925290811"
    ports {
      name: "REST"
      value: 44670
    }
    ports {
      name: "RATIS"
      value: 37236
    }
    ports {
      name: "STANDALONE"
      value: 43847
    }
    networkName: "fbb72e40-54b3-4254-bcd2-d86a09a0d730"
    networkLocation: "/default-rack"
  }
  state: PIPELINE_OPEN
  type: STAND_ALONE
  factor: ONE
  id {
    id: "c94444a6-8039-49a5-aa8d-6e7228e0f34a"
  }
}
]} | ret=SUCCESS |  
2019-08-24 00:37:02,994 | INFO  | SCMAudit | user=jenkins1000 | ip=192.168.34.57 | op=ALLOCATE_BLOCK {owner=372a6af6-a57e-4203-942b-3df9acdb3fd6, size=4194304, type=STAND_ALONE, factor=ONE} | ret=SUCCESS |  
2019-08-24 00:37:02,995 | INFO  | OMAudit | user=jenkins1000 | ip=127.0.0.1 | op=ALLOCATE_KEY {volume=volume93899, bucket=bucket31635, key=WmekZ64, dataSize=4096, replicationType=STAND_ALONE, replicationFactor=ONE, keyLocationInfo=[blockID {
  containerBlockID {
    containerID: 2
    localID: 102669157858935312
  }
  blockCommitSequenceId: 0
}
offset: 0
length: 4194304
createVersion: 0
pipeline {
  leaderID: ""
  members {
    uuid: "fbb72e40-54b3-4254-bcd2-d86a09a0d730"
    ipAddress: "192.168.34.57"
    hostName: "pr-hdds-1909-kfjhh-925290811"
    ports {
      name: "REST"
      value: 44670
    }
    ports {
      name: "RATIS"
      value: 37236
    }
    ports {
      name: "STANDALONE"
      value: 43847
    }
    networkName: "fbb72e40-54b3-4254-bcd2-d86a09a0d730"
    networkLocation: "/default-rack"
  }
  state: PIPELINE_OPEN
  type: STAND_ALONE
  factor: ONE
  id {
    id: "c94444a6-8039-49a5-aa8d-6e7228e0f34a"
  }
}
]} | ret=SUCCESS |  
2019-08-24 00:37:02,998 | INFO  | DNAudit | user=null | ip=null | op=WRITE_CHUNK {blockData=conID: 2 locID: 102669157858935312 bcsId: 0} | ret=SUCCESS |  
2019-08-24 00:37:03,000 | INFO  | DNAudit | user=null | ip=null | op=PUT_BLOCK {blockData=[blockId=conID: 2 locID: 102669157858935312 bcsId: 0,size=5]} | ret=SUCCESS |  
2019-08-24 00:37:03,001 | INFO  | OMAudit | user=jenkins1000 | ip=127.0.0.1 | op=COMMIT_KEY {volume=volume93899, bucket=bucket31635, key=WmekZ64, dataSize=5, replicationType=RATIS, replicationFactor=ONE, keyLocationInfo=[blockID {
  containerBlockID {
    containerID: 2
    localID: 102669157858935312
  }
  blockCommitSequenceId: 0
}
offset: 0
length: 5
createVersion: 0
pipeline {
  leaderID: ""
  members {
    uuid: "fbb72e40-54b3-4254-bcd2-d86a09a0d730"
    ipAddress: "192.168.34.57"
    hostName: "pr-hdds-1909-kfjhh-925290811"
    ports {
      name: "REST"
      value: 44670
    }
    ports {
      name: "RATIS"
      value: 37236
    }
    ports {
      name: "STANDALONE"
      value: 43847
    }
    networkName: "fbb72e40-54b3-4254-bcd2-d86a09a0d730"
    networkLocation: "/default-rack"
  }
  state: PIPELINE_OPEN
  type: STAND_ALONE
  factor: ONE
  id {
    id: "c94444a6-8039-49a5-aa8d-6e7228e0f34a"
  }
}
]} | ret=SUCCESS |  
2019-08-24 00:37:03,003 | INFO  | SCMAudit | user=jenkins1000 | ip=192.168.34.57 | op=ALLOCATE_BLOCK {owner=372a6af6-a57e-4203-942b-3df9acdb3fd6, size=4194304, type=STAND_ALONE, factor=ONE} | ret=SUCCESS |  
2019-08-24 00:37:03,003 | INFO  | OMAudit | user=jenkins1000 | ip=127.0.0.1 | op=ALLOCATE_KEY {volume=volume93899, bucket=bucket31635, key=HZpPg65, dataSize=4096, replicationType=STAND_ALONE, replicationFactor=ONE, keyLocationInfo=[blockID {
  containerBlockID {
    containerID: 3
    localID: 102669157859525138
  }
  blockCommitSequenceId: 0
}
offset: 0
length: 4194304
createVersion: 0
pipeline {
  leaderID: ""
  members {
    uuid: "fbb72e40-54b3-4254-bcd2-d86a09a0d730"
    ipAddress: "192.168.34.57"
    hostName: "pr-hdds-1909-kfjhh-925290811"
    ports {
      name: "REST"
      value: 44670
    }
    ports {
      name: "RATIS"
      value: 37236
    }
    ports {
      name: "STANDALONE"
      value: 43847
    }
    networkName: "fbb72e40-54b3-4254-bcd2-d86a09a0d730"
    networkLocation: "/default-rack"
  }
  state: PIPELINE_OPEN
  type: STAND_ALONE
  factor: ONE
  id {
    id: "c94444a6-8039-49a5-aa8d-6e7228e0f34a"
  }
}
]} | ret=SUCCESS |  
2019-08-24 00:37:03,006 | INFO  | DNAudit | user=null | ip=null | op=WRITE_CHUNK {blockData=conID: 3 locID: 102669157859525138 bcsId: 0} | ret=SUCCESS |  
2019-08-24 00:37:03,008 | INFO  | DNAudit | user=null | ip=null | op=PUT_BLOCK {blockData=[blockId=conID: 3 locID: 102669157859525138 bcsId: 0,size=5]} | ret=SUCCESS |  
2019-08-24 00:37:03,009 | INFO  | OMAudit | user=jenkins1000 | ip=127.0.0.1 | op=COMMIT_KEY {volume=volume93899, bucket=bucket31635, key=HZpPg65, dataSize=5, replicationType=RATIS, replicationFactor=ONE, keyLocationInfo=[blockID {
  containerBlockID {
    containerID: 3
    localID: 102669157859525138
  }
  blockCommitSequenceId: 0
}
offset: 0
length: 5
createVersion: 0
pipeline {
  leaderID: ""
  members {
    uuid: "fbb72e40-54b3-4254-bcd2-d86a09a0d730"
    ipAddress: "192.168.34.57"
    hostName: "pr-hdds-1909-kfjhh-925290811"
    ports {
      name: "REST"
      value: 44670
    }
    ports {
      name: "RATIS"
      value: 37236
    }
    ports {
      name: "STANDALONE"
      value: 43847
    }
    networkName: "fbb72e40-54b3-4254-bcd2-d86a09a0d730"
    networkLocation: "/default-rack"
  }
  state: PIPELINE_OPEN
  type: STAND_ALONE
  factor: ONE
  id {
    id: "c94444a6-8039-49a5-aa8d-6e7228e0f34a"
  }
}
]} | ret=SUCCESS |  
2019-08-24 00:37:03,010 | INFO  | SCMAudit | user=jenkins1000 | ip=192.168.34.57 | op=ALLOCATE_BLOCK {owner=372a6af6-a57e-4203-942b-3df9acdb3fd6, size=4194304, type=STAND_ALONE, factor=ONE} | ret=SUCCESS |  
2019-08-24 00:37:03,011 | INFO  | OMAudit | user=jenkins1000 | ip=127.0.0.1 | op=ALLOCATE_KEY {volume=volume93899, bucket=bucket31635, key=TTdgX66, dataSize=4096, replicationType=STAND_ALONE, replicationFactor=ONE, keyLocationInfo=[blockID {
  containerBlockID {
    containerID: 1
    localID: 102669157859983892
  }
  blockCommitSequenceId: 0
}
offset: 0
length: 4194304
createVersion: 0
pipeline {
  leaderID: ""
  members {
    uuid: "fbb72e40-54b3-4254-bcd2-d86a09a0d730"
    ipAddress: "192.168.34.57"
    hostName: "pr-hdds-1909-kfjhh-925290811"
    ports {
      name: "REST"
      value: 44670
    }
    ports {
      name: "RATIS"
      value: 37236
    }
    ports {
      name: "STANDALONE"
      value: 43847
    }
    networkName: "fbb72e40-54b3-4254-bcd2-d86a09a0d730"
    networkLocation: "/default-rack"
  }
  state: PIPELINE_OPEN
  type: STAND_ALONE
  factor: ONE
  id {
    id: "c94444a6-8039-49a5-aa8d-6e7228e0f34a"
  }
}
]} | ret=SUCCESS |  
2019-08-24 00:37:03,014 | INFO  | DNAudit | user=null | ip=null | op=WRITE_CHUNK {blockData=conID: 1 locID: 102669157859983892 bcsId: 0} | ret=SUCCESS |  
2019-08-24 00:37:03,015 | INFO  | DNAudit | user=null | ip=null | op=PUT_BLOCK {blockData=[blockId=conID: 1 locID: 102669157859983892 bcsId: 0,size=5]} | ret=SUCCESS |  
2019-08-24 00:37:03,017 | INFO  | OMAudit | user=jenkins1000 | ip=127.0.0.1 | op=COMMIT_KEY {volume=volume93899, bucket=bucket31635, key=TTdgX66, dataSize=5, replicationType=RATIS, replicationFactor=ONE, keyLocationInfo=[blockID {
  containerBlockID {
    containerID: 1
    localID: 102669157859983892
  }
  blockCommitSequenceId: 0
}
offset: 0
length: 5
createVersion: 0
pipeline {
  leaderID: ""
  members {
    uuid: "fbb72e40-54b3-4254-bcd2-d86a09a0d730"
    ipAddress: "192.168.34.57"
    hostName: "pr-hdds-1909-kfjhh-925290811"
    ports {
      name: "REST"
      value: 44670
    }
    ports {
      name: "RATIS"
      value: 37236
    }
    ports {
      name: "STANDALONE"
      value: 43847
    }
    networkName: "fbb72e40-54b3-4254-bcd2-d86a09a0d730"
    networkLocation: "/default-rack"
  }
  state: PIPELINE_OPEN
  type: STAND_ALONE
  factor: ONE
  id {
    id: "c94444a6-8039-49a5-aa8d-6e7228e0f34a"
  }
}
]} | ret=SUCCESS |  
2019-08-24 00:37:03,018 | INFO  | SCMAudit | user=jenkins1000 | ip=192.168.34.57 | op=ALLOCATE_BLOCK {owner=372a6af6-a57e-4203-942b-3df9acdb3fd6, size=4194304, type=STAND_ALONE, factor=ONE} | ret=SUCCESS |  
2019-08-24 00:37:03,019 | INFO  | OMAudit | user=jenkins1000 | ip=127.0.0.1 | op=ALLOCATE_KEY {volume=volume93899, bucket=bucket31635, key=gXTaR67, dataSize=4096, replicationType=STAND_ALONE, replicationFactor=ONE, keyLocationInfo=[blockID {
  containerBlockID {
    containerID: 2
    localID: 102669157860508182
  }
  blockCommitSequenceId: 0
}
offset: 0
length: 4194304
createVersion: 0
pipeline {
  leaderID: ""
  members {
    uuid: "fbb72e40-54b3-4254-bcd2-d86a09a0d730"
    ipAddress: "192.168.34.57"
    hostName: "pr-hdds-1909-kfjhh-925290811"
    ports {
      name: "REST"
      value: 44670
    }
    ports {
      name: "RATIS"
      value: 37236
    }
    ports {
      name: "STANDALONE"
      value: 43847
    }
    networkName: "fbb72e40-54b3-4254-bcd2-d86a09a0d730"
    networkLocation: "/default-rack"
  }
  state: PIPELINE_OPEN
  type: STAND_ALONE
  factor: ONE
  id {
    id: "c94444a6-8039-49a5-aa8d-6e7228e0f34a"
  }
}
]} | ret=SUCCESS |  
2019-08-24 00:37:03,021 | INFO  | DNAudit | user=null | ip=null | op=WRITE_CHUNK {blockData=conID: 2 locID: 102669157860508182 bcsId: 0} | ret=SUCCESS |  
2019-08-24 00:37:03,022 | INFO  | DNAudit | user=null | ip=null | op=PUT_BLOCK {blockData=[blockId=conID: 2 locID: 102669157860508182 bcsId: 0,size=5]} | ret=SUCCESS |  
2019-08-24 00:37:03,024 | INFO  | OMAudit | user=jenkins1000 | ip=127.0.0.1 | op=COMMIT_KEY {volume=volume93899, bucket=bucket31635, key=gXTaR67, dataSize=5, replicationType=RATIS, replicationFactor=ONE, keyLocationInfo=[blockID {
  containerBlockID {
    containerID: 2
    localID: 102669157860508182
  }
  blockCommitSequenceId: 0
}
offset: 0
length: 5
createVersion: 0
pipeline {
  leaderID: ""
  members {
    uuid: "fbb72e40-54b3-4254-bcd2-d86a09a0d730"
    ipAddress: "192.168.34.57"
    hostName: "pr-hdds-1909-kfjhh-925290811"
    ports {
      name: "REST"
      value: 44670
    }
    ports {
      name: "RATIS"
      value: 37236
    }
    ports {
      name: "STANDALONE"
      value: 43847
    }
    networkName: "fbb72e40-54b3-4254-bcd2-d86a09a0d730"
    networkLocation: "/default-rack"
  }
  state: PIPELINE_OPEN
  type: STAND_ALONE
  factor: ONE
  id {
    id: "c94444a6-8039-49a5-aa8d-6e7228e0f34a"
  }
}
]} | ret=SUCCESS |  
2019-08-24 00:37:03,025 | INFO  | SCMAudit | user=jenkins1000 | ip=192.168.34.57 | op=ALLOCATE_BLOCK {owner=372a6af6-a57e-4203-942b-3df9acdb3fd6, size=4194304, type=STAND_ALONE, factor=ONE} | ret=SUCCESS |  
2019-08-24 00:37:03,026 | INFO  | OMAudit | user=jenkins1000 | ip=127.0.0.1 | op=ALLOCATE_KEY {volume=volume93899, bucket=bucket31635, key=NeWWZ68, dataSize=4096, replicationType=STAND_ALONE, replicationFactor=ONE, keyLocationInfo=[blockID {
  containerBlockID {
    containerID: 3
    localID: 102669157860966936
  }
  blockCommitSequenceId: 0
}
offset: 0
length: 4194304
createVersion: 0
pipeline {
  leaderID: ""
  members {
    uuid: "fbb72e40-54b3-4254-bcd2-d86a09a0d730"
    ipAddress: "192.168.34.57"
    hostName: "pr-hdds-1909-kfjhh-925290811"
    ports {
      name: "REST"
      value: 44670
    }
    ports {
      name: "RATIS"
      value: 37236
    }
    ports {
      name: "STANDALONE"
      value: 43847
    }
    networkName: "fbb72e40-54b3-4254-bcd2-d86a09a0d730"
    networkLocation: "/default-rack"
  }
  state: PIPELINE_OPEN
  type: STAND_ALONE
  factor: ONE
  id {
    id: "c94444a6-8039-49a5-aa8d-6e7228e0f34a"
  }
}
]} | ret=SUCCESS |  
2019-08-24 00:37:03,028 | INFO  | DNAudit | user=null | ip=null | op=WRITE_CHUNK {blockData=conID: 3 locID: 102669157860966936 bcsId: 0} | ret=SUCCESS |  
2019-08-24 00:37:03,031 | INFO  | DNAudit | user=null | ip=null | op=PUT_BLOCK {blockData=[blockId=conID: 3 locID: 102669157860966936 bcsId: 0,size=5]} | ret=SUCCESS |  
2019-08-24 00:37:03,033 | INFO  | OMAudit | user=jenkins1000 | ip=127.0.0.1 | op=COMMIT_KEY {volume=volume93899, bucket=bucket31635, key=NeWWZ68, dataSize=5, replicationType=RATIS, replicationFactor=ONE, keyLocationInfo=[blockID {
  containerBlockID {
    containerID: 3
    localID: 102669157860966936
  }
  blockCommitSequenceId: 0
}
offset: 0
length: 5
createVersion: 0
pipeline {
  leaderID: ""
  members {
    uuid: "fbb72e40-54b3-4254-bcd2-d86a09a0d730"
    ipAddress: "192.168.34.57"
    hostName: "pr-hdds-1909-kfjhh-925290811"
    ports {
      name: "REST"
      value: 44670
    }
    ports {
      name: "RATIS"
      value: 37236
    }
    ports {
      name: "STANDALONE"
      value: 43847
    }
    networkName: "fbb72e40-54b3-4254-bcd2-d86a09a0d730"
    networkLocation: "/default-rack"
  }
  state: PIPELINE_OPEN
  type: STAND_ALONE
  factor: ONE
  id {
    id: "c94444a6-8039-49a5-aa8d-6e7228e0f34a"
  }
}
]} | ret=SUCCESS |  
2019-08-24 00:37:03,034 | INFO  | SCMAudit | user=jenkins1000 | ip=192.168.34.57 | op=ALLOCATE_BLOCK {owner=372a6af6-a57e-4203-942b-3df9acdb3fd6, size=4194304, type=STAND_ALONE, factor=ONE} | ret=SUCCESS |  
2019-08-24 00:37:03,035 | INFO  | OMAudit | user=jenkins1000 | ip=127.0.0.1 | op=ALLOCATE_KEY {volume=volume93899, bucket=bucket31635, key=MwIii69, dataSize=4096, replicationType=STAND_ALONE, replicationFactor=ONE, keyLocationInfo=[blockID {
  containerBlockID {
    containerID: 1
    localID: 102669157861556762
  }
  blockCommitSequenceId: 0
}
offset: 0
length: 4194304
createVersion: 0
pipeline {
  leaderID: ""
  members {
    uuid: "fbb72e40-54b3-4254-bcd2-d86a09a0d730"
    ipAddress: "192.168.34.57"
    hostName: "pr-hdds-1909-kfjhh-925290811"
    ports {
      name: "REST"
      value: 44670
    }
    ports {
      name: "RATIS"
      value: 37236
    }
    ports {
      name: "STANDALONE"
      value: 43847
    }
    networkName: "fbb72e40-54b3-4254-bcd2-d86a09a0d730"
    networkLocation: "/default-rack"
  }
  state: PIPELINE_OPEN
  type: STAND_ALONE
  factor: ONE
  id {
    id: "c94444a6-8039-49a5-aa8d-6e7228e0f34a"
  }
}
]} | ret=SUCCESS |  
2019-08-24 00:37:03,037 | INFO  | DNAudit | user=null | ip=null | op=WRITE_CHUNK {blockData=conID: 1 locID: 102669157861556762 bcsId: 0} | ret=SUCCESS |  
2019-08-24 00:37:03,039 | INFO  | DNAudit | user=null | ip=null | op=PUT_BLOCK {blockData=[blockId=conID: 1 locID: 102669157861556762 bcsId: 0,size=5]} | ret=SUCCESS |  
2019-08-24 00:37:03,040 | INFO  | OMAudit | user=jenkins1000 | ip=127.0.0.1 | op=COMMIT_KEY {volume=volume93899, bucket=bucket31635, key=MwIii69, dataSize=5, replicationType=RATIS, replicationFactor=ONE, keyLocationInfo=[blockID {
  containerBlockID {
    containerID: 1
    localID: 102669157861556762
  }
  blockCommitSequenceId: 0
}
offset: 0
length: 5
createVersion: 0
pipeline {
  leaderID: ""
  members {
    uuid: "fbb72e40-54b3-4254-bcd2-d86a09a0d730"
    ipAddress: "192.168.34.57"
    hostName: "pr-hdds-1909-kfjhh-925290811"
    ports {
      name: "REST"
      value: 44670
    }
    ports {
      name: "RATIS"
      value: 37236
    }
    ports {
      name: "STANDALONE"
      value: 43847
    }
    networkName: "fbb72e40-54b3-4254-bcd2-d86a09a0d730"
    networkLocation: "/default-rack"
  }
  state: PIPELINE_OPEN
  type: STAND_ALONE
  factor: ONE
  id {
    id: "c94444a6-8039-49a5-aa8d-6e7228e0f34a"
  }
}
]} | ret=SUCCESS |  
2019-08-24 00:37:03,042 | INFO  | SCMAudit | user=jenkins1000 | ip=192.168.34.57 | op=ALLOCATE_BLOCK {owner=372a6af6-a57e-4203-942b-3df9acdb3fd6, size=4194304, type=STAND_ALONE, factor=ONE} | ret=SUCCESS |  
2019-08-24 00:37:03,043 | INFO  | OMAudit | user=jenkins1000 | ip=127.0.0.1 | op=ALLOCATE_KEY {volume=volume93899, bucket=bucket31635, key=tFDvs70, dataSize=4096, replicationType=STAND_ALONE, replicationFactor=ONE, keyLocationInfo=[blockID {
  containerBlockID {
    containerID: 2
    localID: 102669157862015516
  }
  blockCommitSequenceId: 0
}
offset: 0
length: 4194304
createVersion: 0
pipeline {
  leaderID: ""
  members {
    uuid: "fbb72e40-54b3-4254-bcd2-d86a09a0d730"
    ipAddress: "192.168.34.57"
    hostName: "pr-hdds-1909-kfjhh-925290811"
    ports {
      name: "REST"
      value: 44670
    }
    ports {
      name: "RATIS"
      value: 37236
    }
    ports {
      name: "STANDALONE"
      value: 43847
    }
    networkName: "fbb72e40-54b3-4254-bcd2-d86a09a0d730"
    networkLocation: "/default-rack"
  }
  state: PIPELINE_OPEN
  type: STAND_ALONE
  factor: ONE
  id {
    id: "c94444a6-8039-49a5-aa8d-6e7228e0f34a"
  }
}
]} | ret=SUCCESS |  
2019-08-24 00:37:03,046 | INFO  | DNAudit | user=null | ip=null | op=WRITE_CHUNK {blockData=conID: 2 locID: 102669157862015516 bcsId: 0} | ret=SUCCESS |  
2019-08-24 00:37:03,047 | INFO  | DNAudit | user=null | ip=null | op=PUT_BLOCK {blockData=[blockId=conID: 2 locID: 102669157862015516 bcsId: 0,size=5]} | ret=SUCCESS |  
2019-08-24 00:37:03,049 | INFO  | OMAudit | user=jenkins1000 | ip=127.0.0.1 | op=COMMIT_KEY {volume=volume93899, bucket=bucket31635, key=tFDvs70, dataSize=5, replicationType=RATIS, replicationFactor=ONE, keyLocationInfo=[blockID {
  containerBlockID {
    containerID: 2
    localID: 102669157862015516
  }
  blockCommitSequenceId: 0
}
offset: 0
length: 5
createVersion: 0
pipeline {
  leaderID: ""
  members {
    uuid: "fbb72e40-54b3-4254-bcd2-d86a09a0d730"
    ipAddress: "192.168.34.57"
    hostName: "pr-hdds-1909-kfjhh-925290811"
    ports {
      name: "REST"
      value: 44670
    }
    ports {
      name: "RATIS"
      value: 37236
    }
    ports {
      name: "STANDALONE"
      value: 43847
    }
    networkName: "fbb72e40-54b3-4254-bcd2-d86a09a0d730"
    networkLocation: "/default-rack"
  }
  state: PIPELINE_OPEN
  type: STAND_ALONE
  factor: ONE
  id {
    id: "c94444a6-8039-49a5-aa8d-6e7228e0f34a"
  }
}
]} | ret=SUCCESS |  
2019-08-24 00:37:03,050 | INFO  | SCMAudit | user=jenkins1000 | ip=192.168.34.57 | op=ALLOCATE_BLOCK {owner=372a6af6-a57e-4203-942b-3df9acdb3fd6, size=4194304, type=STAND_ALONE, factor=ONE} | ret=SUCCESS |  
2019-08-24 00:37:03,051 | INFO  | OMAudit | user=jenkins1000 | ip=127.0.0.1 | op=ALLOCATE_KEY {volume=volume93899, bucket=bucket31635, key=xwkAP71, dataSize=4096, replicationType=STAND_ALONE, replicationFactor=ONE, keyLocationInfo=[blockID {
  containerBlockID {
    containerID: 3
    localID: 102669157862605342
  }
  blockCommitSequenceId: 0
}
offset: 0
length: 4194304
createVersion: 0
pipeline {
  leaderID: ""
  members {
    uuid: "fbb72e40-54b3-4254-bcd2-d86a09a0d730"
    ipAddress: "192.168.34.57"
    hostName: "pr-hdds-1909-kfjhh-925290811"
    ports {
      name: "REST"
      value: 44670
    }
    ports {
      name: "RATIS"
      value: 37236
    }
    ports {
      name: "STANDALONE"
      value: 43847
    }
    networkName: "fbb72e40-54b3-4254-bcd2-d86a09a0d730"
    networkLocation: "/default-rack"
  }
  state: PIPELINE_OPEN
  type: STAND_ALONE
  factor: ONE
  id {
    id: "c94444a6-8039-49a5-aa8d-6e7228e0f34a"
  }
}
]} | ret=SUCCESS |  
2019-08-24 00:37:03,054 | INFO  | DNAudit | user=null | ip=null | op=WRITE_CHUNK {blockData=conID: 3 locID: 102669157862605342 bcsId: 0} | ret=SUCCESS |  
2019-08-24 00:37:03,055 | INFO  | DNAudit | user=null | ip=null | op=PUT_BLOCK {blockData=[blockId=conID: 3 locID: 102669157862605342 bcsId: 0,size=5]} | ret=SUCCESS |  
2019-08-24 00:37:03,057 | INFO  | OMAudit | user=jenkins1000 | ip=127.0.0.1 | op=COMMIT_KEY {volume=volume93899, bucket=bucket31635, key=xwkAP71, dataSize=5, replicationType=RATIS, replicationFactor=ONE, keyLocationInfo=[blockID {
  containerBlockID {
    containerID: 3
    localID: 102669157862605342
  }
  blockCommitSequenceId: 0
}
offset: 0
length: 5
createVersion: 0
pipeline {
  leaderID: ""
  members {
    uuid: "fbb72e40-54b3-4254-bcd2-d86a09a0d730"
    ipAddress: "192.168.34.57"
    hostName: "pr-hdds-1909-kfjhh-925290811"
    ports {
      name: "REST"
      value: 44670
    }
    ports {
      name: "RATIS"
      value: 37236
    }
    ports {
      name: "STANDALONE"
      value: 43847
    }
    networkName: "fbb72e40-54b3-4254-bcd2-d86a09a0d730"
    networkLocation: "/default-rack"
  }
  state: PIPELINE_OPEN
  type: STAND_ALONE
  factor: ONE
  id {
    id: "c94444a6-8039-49a5-aa8d-6e7228e0f34a"
  }
}
]} | ret=SUCCESS |  
2019-08-24 00:37:03,058 | INFO  | SCMAudit | user=jenkins1000 | ip=192.168.34.57 | op=ALLOCATE_BLOCK {owner=372a6af6-a57e-4203-942b-3df9acdb3fd6, size=4194304, type=STAND_ALONE, factor=ONE} | ret=SUCCESS |  
2019-08-24 00:37:03,059 | INFO  | OMAudit | user=jenkins1000 | ip=127.0.0.1 | op=ALLOCATE_KEY {volume=volume93899, bucket=bucket31635, key=UhDQi72, dataSize=4096, replicationType=STAND_ALONE, replicationFactor=ONE, keyLocationInfo=[blockID {
  containerBlockID {
    containerID: 1
    localID: 102669157863129632
  }
  blockCommitSequenceId: 0
}
offset: 0
length: 4194304
createVersion: 0
pipeline {
  leaderID: ""
  members {
    uuid: "fbb72e40-54b3-4254-bcd2-d86a09a0d730"
    ipAddress: "192.168.34.57"
    hostName: "pr-hdds-1909-kfjhh-925290811"
    ports {
      name: "REST"
      value: 44670
    }
    ports {
      name: "RATIS"
      value: 37236
    }
    ports {
      name: "STANDALONE"
      value: 43847
    }
    networkName: "fbb72e40-54b3-4254-bcd2-d86a09a0d730"
    networkLocation: "/default-rack"
  }
  state: PIPELINE_OPEN
  type: STAND_ALONE
  factor: ONE
  id {
    id: "c94444a6-8039-49a5-aa8d-6e7228e0f34a"
  }
}
]} | ret=SUCCESS |  
2019-08-24 00:37:03,062 | INFO  | DNAudit | user=null | ip=null | op=WRITE_CHUNK {blockData=conID: 1 locID: 102669157863129632 bcsId: 0} | ret=SUCCESS |  
2019-08-24 00:37:03,064 | INFO  | DNAudit | user=null | ip=null | op=PUT_BLOCK {blockData=[blockId=conID: 1 locID: 102669157863129632 bcsId: 0,size=5]} | ret=SUCCESS |  
2019-08-24 00:37:03,067 | INFO  | OMAudit | user=jenkins1000 | ip=127.0.0.1 | op=COMMIT_KEY {volume=volume93899, bucket=bucket31635, key=UhDQi72, dataSize=5, replicationType=RATIS, replicationFactor=ONE, keyLocationInfo=[blockID {
  containerBlockID {
    containerID: 1
    localID: 102669157863129632
  }
  blockCommitSequenceId: 0
}
offset: 0
length: 5
createVersion: 0
pipeline {
  leaderID: ""
  members {
    uuid: "fbb72e40-54b3-4254-bcd2-d86a09a0d730"
    ipAddress: "192.168.34.57"
    hostName: "pr-hdds-1909-kfjhh-925290811"
    ports {
      name: "REST"
      value: 44670
    }
    ports {
      name: "RATIS"
      value: 37236
    }
    ports {
      name: "STANDALONE"
      value: 43847
    }
    networkName: "fbb72e40-54b3-4254-bcd2-d86a09a0d730"
    networkLocation: "/default-rack"
  }
  state: PIPELINE_OPEN
  type: STAND_ALONE
  factor: ONE
  id {
    id: "c94444a6-8039-49a5-aa8d-6e7228e0f34a"
  }
}
]} | ret=SUCCESS |  
2019-08-24 00:37:03,068 | INFO  | SCMAudit | user=jenkins1000 | ip=192.168.34.57 | op=ALLOCATE_BLOCK {owner=372a6af6-a57e-4203-942b-3df9acdb3fd6, size=4194304, type=STAND_ALONE, factor=ONE} | ret=SUCCESS |  
2019-08-24 00:37:03,069 | INFO  | OMAudit | user=jenkins1000 | ip=127.0.0.1 | op=ALLOCATE_KEY {volume=volume93899, bucket=bucket31635, key=fVUdh73, dataSize=4096, replicationType=STAND_ALONE, replicationFactor=ONE, keyLocationInfo=[blockID {
  containerBlockID {
    containerID: 2
    localID: 102669157863784994
  }
  blockCommitSequenceId: 0
}
offset: 0
length: 4194304
createVersion: 0
pipeline {
  leaderID: ""
  members {
    uuid: "fbb72e40-54b3-4254-bcd2-d86a09a0d730"
    ipAddress: "192.168.34.57"
    hostName: "pr-hdds-1909-kfjhh-925290811"
    ports {
      name: "REST"
      value: 44670
    }
    ports {
      name: "RATIS"
      value: 37236
    }
    ports {
      name: "STANDALONE"
      value: 43847
    }
    networkName: "fbb72e40-54b3-4254-bcd2-d86a09a0d730"
    networkLocation: "/default-rack"
  }
  state: PIPELINE_OPEN
  type: STAND_ALONE
  factor: ONE
  id {
    id: "c94444a6-8039-49a5-aa8d-6e7228e0f34a"
  }
}
]} | ret=SUCCESS |  
2019-08-24 00:37:03,071 | INFO  | DNAudit | user=null | ip=null | op=WRITE_CHUNK {blockData=conID: 2 locID: 102669157863784994 bcsId: 0} | ret=SUCCESS |  
2019-08-24 00:37:03,073 | INFO  | DNAudit | user=null | ip=null | op=PUT_BLOCK {blockData=[blockId=conID: 2 locID: 102669157863784994 bcsId: 0,size=5]} | ret=SUCCESS |  
2019-08-24 00:37:03,075 | INFO  | OMAudit | user=jenkins1000 | ip=127.0.0.1 | op=COMMIT_KEY {volume=volume93899, bucket=bucket31635, key=fVUdh73, dataSize=5, replicationType=RATIS, replicationFactor=ONE, keyLocationInfo=[blockID {
  containerBlockID {
    containerID: 2
    localID: 102669157863784994
  }
  blockCommitSequenceId: 0
}
offset: 0
length: 5
createVersion: 0
pipeline {
  leaderID: ""
  members {
    uuid: "fbb72e40-54b3-4254-bcd2-d86a09a0d730"
    ipAddress: "192.168.34.57"
    hostName: "pr-hdds-1909-kfjhh-925290811"
    ports {
      name: "REST"
      value: 44670
    }
    ports {
      name: "RATIS"
      value: 37236
    }
    ports {
      name: "STANDALONE"
      value: 43847
    }
    networkName: "fbb72e40-54b3-4254-bcd2-d86a09a0d730"
    networkLocation: "/default-rack"
  }
  state: PIPELINE_OPEN
  type: STAND_ALONE
  factor: ONE
  id {
    id: "c94444a6-8039-49a5-aa8d-6e7228e0f34a"
  }
}
]} | ret=SUCCESS |  
2019-08-24 00:37:03,076 | INFO  | SCMAudit | user=jenkins1000 | ip=192.168.34.57 | op=ALLOCATE_BLOCK {owner=372a6af6-a57e-4203-942b-3df9acdb3fd6, size=4194304, type=STAND_ALONE, factor=ONE} | ret=SUCCESS |  
2019-08-24 00:37:03,077 | INFO  | OMAudit | user=jenkins1000 | ip=127.0.0.1 | op=ALLOCATE_KEY {volume=volume93899, bucket=bucket31635, key=hUpGy74, dataSize=4096, replicationType=STAND_ALONE, replicationFactor=ONE, keyLocationInfo=[blockID {
  containerBlockID {
    containerID: 3
    localID: 102669157864309284
  }
  blockCommitSequenceId: 0
}
offset: 0
length: 4194304
createVersion: 0
pipeline {
  leaderID: ""
  members {
    uuid: "fbb72e40-54b3-4254-bcd2-d86a09a0d730"
    ipAddress: "192.168.34.57"
    hostName: "pr-hdds-1909-kfjhh-925290811"
    ports {
      name: "REST"
      value: 44670
    }
    ports {
      name: "RATIS"
      value: 37236
    }
    ports {
      name: "STANDALONE"
      value: 43847
    }
    networkName: "fbb72e40-54b3-4254-bcd2-d86a09a0d730"
    networkLocation: "/default-rack"
  }
  state: PIPELINE_OPEN
  type: STAND_ALONE
  factor: ONE
  id {
    id: "c94444a6-8039-49a5-aa8d-6e7228e0f34a"
  }
}
]} | ret=SUCCESS |  
2019-08-24 00:37:03,079 | INFO  | DNAudit | user=null | ip=null | op=WRITE_CHUNK {blockData=conID: 3 locID: 102669157864309284 bcsId: 0} | ret=SUCCESS |  
2019-08-24 00:37:03,080 | INFO  | DNAudit | user=null | ip=null | op=PUT_BLOCK {blockData=[blockId=conID: 3 locID: 102669157864309284 bcsId: 0,size=5]} | ret=SUCCESS |  
2019-08-24 00:37:03,082 | INFO  | OMAudit | user=jenkins1000 | ip=127.0.0.1 | op=COMMIT_KEY {volume=volume93899, bucket=bucket31635, key=hUpGy74, dataSize=5, replicationType=RATIS, replicationFactor=ONE, keyLocationInfo=[blockID {
  containerBlockID {
    containerID: 3
    localID: 102669157864309284
  }
  blockCommitSequenceId: 0
}
offset: 0
length: 5
createVersion: 0
pipeline {
  leaderID: ""
  members {
    uuid: "fbb72e40-54b3-4254-bcd2-d86a09a0d730"
    ipAddress: "192.168.34.57"
    hostName: "pr-hdds-1909-kfjhh-925290811"
    ports {
      name: "REST"
      value: 44670
    }
    ports {
      name: "RATIS"
      value: 37236
    }
    ports {
      name: "STANDALONE"
      value: 43847
    }
    networkName: "fbb72e40-54b3-4254-bcd2-d86a09a0d730"
    networkLocation: "/default-rack"
  }
  state: PIPELINE_OPEN
  type: STAND_ALONE
  factor: ONE
  id {
    id: "c94444a6-8039-49a5-aa8d-6e7228e0f34a"
  }
}
]} | ret=SUCCESS |  
2019-08-24 00:37:03,083 | INFO  | SCMAudit | user=jenkins1000 | ip=192.168.34.57 | op=ALLOCATE_BLOCK {owner=372a6af6-a57e-4203-942b-3df9acdb3fd6, size=4194304, type=STAND_ALONE, factor=ONE} | ret=SUCCESS |  
2019-08-24 00:37:03,084 | INFO  | OMAudit | user=jenkins1000 | ip=127.0.0.1 | op=ALLOCATE_KEY {volume=volume93899, bucket=bucket31635, key=irwPi75, dataSize=4096, replicationType=STAND_ALONE, replicationFactor=ONE, keyLocationInfo=[blockID {
  containerBlockID {
    containerID: 1
    localID: 102669157864768038
  }
  blockCommitSequenceId: 0
}
offset: 0
length: 4194304
createVersion: 0
pipeline {
  leaderID: ""
  members {
    uuid: "fbb72e40-54b3-4254-bcd2-d86a09a0d730"
    ipAddress: "192.168.34.57"
    hostName: "pr-hdds-1909-kfjhh-925290811"
    ports {
      name: "REST"
      value: 44670
    }
    ports {
      name: "RATIS"
      value: 37236
    }
    ports {
      name: "STANDALONE"
      value: 43847
    }
    networkName: "fbb72e40-54b3-4254-bcd2-d86a09a0d730"
    networkLocation: "/default-rack"
  }
  state: PIPELINE_OPEN
  type: STAND_ALONE
  factor: ONE
  id {
    id: "c94444a6-8039-49a5-aa8d-6e7228e0f34a"
  }
}
]} | ret=SUCCESS |  
2019-08-24 00:37:03,087 | INFO  | DNAudit | user=null | ip=null | op=WRITE_CHUNK {blockData=conID: 1 locID: 102669157864768038 bcsId: 0} | ret=SUCCESS |  
2019-08-24 00:37:03,089 | INFO  | DNAudit | user=null | ip=null | op=PUT_BLOCK {blockData=[blockId=conID: 1 locID: 102669157864768038 bcsId: 0,size=5]} | ret=SUCCESS |  
2019-08-24 00:37:03,090 | INFO  | OMAudit | user=jenkins1000 | ip=127.0.0.1 | op=COMMIT_KEY {volume=volume93899, bucket=bucket31635, key=irwPi75, dataSize=5, replicationType=RATIS, replicationFactor=ONE, keyLocationInfo=[blockID {
  containerBlockID {
    containerID: 1
    localID: 102669157864768038
  }
  blockCommitSequenceId: 0
}
offset: 0
length: 5
createVersion: 0
pipeline {
  leaderID: ""
  members {
    uuid: "fbb72e40-54b3-4254-bcd2-d86a09a0d730"
    ipAddress: "192.168.34.57"
    hostName: "pr-hdds-1909-kfjhh-925290811"
    ports {
      name: "REST"
      value: 44670
    }
    ports {
      name: "RATIS"
      value: 37236
    }
    ports {
      name: "STANDALONE"
      value: 43847
    }
    networkName: "fbb72e40-54b3-4254-bcd2-d86a09a0d730"
    networkLocation: "/default-rack"
  }
  state: PIPELINE_OPEN
  type: STAND_ALONE
  factor: ONE
  id {
    id: "c94444a6-8039-49a5-aa8d-6e7228e0f34a"
  }
}
]} | ret=SUCCESS |  
2019-08-24 00:37:03,091 | INFO  | SCMAudit | user=jenkins1000 | ip=192.168.34.57 | op=ALLOCATE_BLOCK {owner=372a6af6-a57e-4203-942b-3df9acdb3fd6, size=4194304, type=STAND_ALONE, factor=ONE} | ret=SUCCESS |  
2019-08-24 00:37:03,092 | INFO  | OMAudit | user=jenkins1000 | ip=127.0.0.1 | op=ALLOCATE_KEY {volume=volume93899, bucket=bucket31635, key=hZvaH76, dataSize=4096, replicationType=STAND_ALONE, replicationFactor=ONE, keyLocationInfo=[blockID {
  containerBlockID {
    containerID: 2
    localID: 102669157865292328
  }
  blockCommitSequenceId: 0
}
offset: 0
length: 4194304
createVersion: 0
pipeline {
  leaderID: ""
  members {
    uuid: "fbb72e40-54b3-4254-bcd2-d86a09a0d730"
    ipAddress: "192.168.34.57"
    hostName: "pr-hdds-1909-kfjhh-925290811"
    ports {
      name: "REST"
      value: 44670
    }
    ports {
      name: "RATIS"
      value: 37236
    }
    ports {
      name: "STANDALONE"
      value: 43847
    }
    networkName: "fbb72e40-54b3-4254-bcd2-d86a09a0d730"
    networkLocation: "/default-rack"
  }
  state: PIPELINE_OPEN
  type: STAND_ALONE
  factor: ONE
  id {
    id: "c94444a6-8039-49a5-aa8d-6e7228e0f34a"
  }
}
]} | ret=SUCCESS |  
2019-08-24 00:37:03,095 | INFO  | DNAudit | user=null | ip=null | op=WRITE_CHUNK {blockData=conID: 2 locID: 102669157865292328 bcsId: 0} | ret=SUCCESS |  
2019-08-24 00:37:03,096 | INFO  | DNAudit | user=null | ip=null | op=PUT_BLOCK {blockData=[blockId=conID: 2 locID: 102669157865292328 bcsId: 0,size=5]} | ret=SUCCESS |  
2019-08-24 00:37:03,098 | INFO  | OMAudit | user=jenkins1000 | ip=127.0.0.1 | op=COMMIT_KEY {volume=volume93899, bucket=bucket31635, key=hZvaH76, dataSize=5, replicationType=RATIS, replicationFactor=ONE, keyLocationInfo=[blockID {
  containerBlockID {
    containerID: 2
    localID: 102669157865292328
  }
  blockCommitSequenceId: 0
}
offset: 0
length: 5
createVersion: 0
pipeline {
  leaderID: ""
  members {
    uuid: "fbb72e40-54b3-4254-bcd2-d86a09a0d730"
    ipAddress: "192.168.34.57"
    hostName: "pr-hdds-1909-kfjhh-925290811"
    ports {
      name: "REST"
      value: 44670
    }
    ports {
      name: "RATIS"
      value: 37236
    }
    ports {
      name: "STANDALONE"
      value: 43847
    }
    networkName: "fbb72e40-54b3-4254-bcd2-d86a09a0d730"
    networkLocation: "/default-rack"
  }
  state: PIPELINE_OPEN
  type: STAND_ALONE
  factor: ONE
  id {
    id: "c94444a6-8039-49a5-aa8d-6e7228e0f34a"
  }
}
]} | ret=SUCCESS |  
2019-08-24 00:37:03,099 | INFO  | SCMAudit | user=jenkins1000 | ip=192.168.34.57 | op=ALLOCATE_BLOCK {owner=372a6af6-a57e-4203-942b-3df9acdb3fd6, size=4194304, type=STAND_ALONE, factor=ONE} | ret=SUCCESS |  
2019-08-24 00:37:03,099 | INFO  | OMAudit | user=jenkins1000 | ip=127.0.0.1 | op=ALLOCATE_KEY {volume=volume93899, bucket=bucket31635, key=foaUg77, dataSize=4096, replicationType=STAND_ALONE, replicationFactor=ONE, keyLocationInfo=[blockID {
  containerBlockID {
    containerID: 3
    localID: 102669157865816618
  }
  blockCommitSequenceId: 0
}
offset: 0
length: 4194304
createVersion: 0
pipeline {
  leaderID: ""
  members {
    uuid: "fbb72e40-54b3-4254-bcd2-d86a09a0d730"
    ipAddress: "192.168.34.57"
    hostName: "pr-hdds-1909-kfjhh-925290811"
    ports {
      name: "REST"
      value: 44670
    }
    ports {
      name: "RATIS"
      value: 37236
    }
    ports {
      name: "STANDALONE"
      value: 43847
    }
    networkName: "fbb72e40-54b3-4254-bcd2-d86a09a0d730"
    networkLocation: "/default-rack"
  }
  state: PIPELINE_OPEN
  type: STAND_ALONE
  factor: ONE
  id {
    id: "c94444a6-8039-49a5-aa8d-6e7228e0f34a"
  }
}
]} | ret=SUCCESS |  
2019-08-24 00:37:03,102 | INFO  | DNAudit | user=null | ip=null | op=WRITE_CHUNK {blockData=conID: 3 locID: 102669157865816618 bcsId: 0} | ret=SUCCESS |  
2019-08-24 00:37:03,103 | INFO  | DNAudit | user=null | ip=null | op=PUT_BLOCK {blockData=[blockId=conID: 3 locID: 102669157865816618 bcsId: 0,size=5]} | ret=SUCCESS |  
2019-08-24 00:37:03,106 | INFO  | OMAudit | user=jenkins1000 | ip=127.0.0.1 | op=COMMIT_KEY {volume=volume93899, bucket=bucket31635, key=foaUg77, dataSize=5, replicationType=RATIS, replicationFactor=ONE, keyLocationInfo=[blockID {
  containerBlockID {
    containerID: 3
    localID: 102669157865816618
  }
  blockCommitSequenceId: 0
}
offset: 0
length: 5
createVersion: 0
pipeline {
  leaderID: ""
  members {
    uuid: "fbb72e40-54b3-4254-bcd2-d86a09a0d730"
    ipAddress: "192.168.34.57"
    hostName: "pr-hdds-1909-kfjhh-925290811"
    ports {
      name: "REST"
      value: 44670
    }
    ports {
      name: "RATIS"
      value: 37236
    }
    ports {
      name: "STANDALONE"
      value: 43847
    }
    networkName: "fbb72e40-54b3-4254-bcd2-d86a09a0d730"
    networkLocation: "/default-rack"
  }
  state: PIPELINE_OPEN
  type: STAND_ALONE
  factor: ONE
  id {
    id: "c94444a6-8039-49a5-aa8d-6e7228e0f34a"
  }
}
]} | ret=SUCCESS |  
2019-08-24 00:37:03,108 | INFO  | SCMAudit | user=jenkins1000 | ip=192.168.34.57 | op=ALLOCATE_BLOCK {owner=372a6af6-a57e-4203-942b-3df9acdb3fd6, size=4194304, type=STAND_ALONE, factor=ONE} | ret=SUCCESS |  
2019-08-24 00:37:03,109 | INFO  | OMAudit | user=jenkins1000 | ip=127.0.0.1 | op=ALLOCATE_KEY {volume=volume93899, bucket=bucket31635, key=GGnZW78, dataSize=4096, replicationType=STAND_ALONE, replicationFactor=ONE, keyLocationInfo=[blockID {
  containerBlockID {
    containerID: 1
    localID: 102669157866406444
  }
  blockCommitSequenceId: 0
}
offset: 0
length: 4194304
createVersion: 0
pipeline {
  leaderID: ""
  members {
    uuid: "fbb72e40-54b3-4254-bcd2-d86a09a0d730"
    ipAddress: "192.168.34.57"
    hostName: "pr-hdds-1909-kfjhh-925290811"
    ports {
      name: "REST"
      value: 44670
    }
    ports {
      name: "RATIS"
      value: 37236
    }
    ports {
      name: "STANDALONE"
      value: 43847
    }
    networkName: "fbb72e40-54b3-4254-bcd2-d86a09a0d730"
    networkLocation: "/default-rack"
  }
  state: PIPELINE_OPEN
  type: STAND_ALONE
  factor: ONE
  id {
    id: "c94444a6-8039-49a5-aa8d-6e7228e0f34a"
  }
}
]} | ret=SUCCESS |  
2019-08-24 00:37:03,111 | INFO  | DNAudit | user=null | ip=null | op=WRITE_CHUNK {blockData=conID: 1 locID: 102669157866406444 bcsId: 0} | ret=SUCCESS |  
2019-08-24 00:37:03,114 | INFO  | DNAudit | user=null | ip=null | op=PUT_BLOCK {blockData=[blockId=conID: 1 locID: 102669157866406444 bcsId: 0,size=5]} | ret=SUCCESS |  
2019-08-24 00:37:03,115 | INFO  | OMAudit | user=jenkins1000 | ip=127.0.0.1 | op=COMMIT_KEY {volume=volume93899, bucket=bucket31635, key=GGnZW78, dataSize=5, replicationType=RATIS, replicationFactor=ONE, keyLocationInfo=[blockID {
  containerBlockID {
    containerID: 1
    localID: 102669157866406444
  }
  blockCommitSequenceId: 0
}
offset: 0
length: 5
createVersion: 0
pipeline {
  leaderID: ""
  members {
    uuid: "fbb72e40-54b3-4254-bcd2-d86a09a0d730"
    ipAddress: "192.168.34.57"
    hostName: "pr-hdds-1909-kfjhh-925290811"
    ports {
      name: "REST"
      value: 44670
    }
    ports {
      name: "RATIS"
      value: 37236
    }
    ports {
      name: "STANDALONE"
      value: 43847
    }
    networkName: "fbb72e40-54b3-4254-bcd2-d86a09a0d730"
    networkLocation: "/default-rack"
  }
  state: PIPELINE_OPEN
  type: STAND_ALONE
  factor: ONE
  id {
    id: "c94444a6-8039-49a5-aa8d-6e7228e0f34a"
  }
}
]} | ret=SUCCESS |  
2019-08-24 00:37:03,117 | INFO  | SCMAudit | user=jenkins1000 | ip=192.168.34.57 | op=ALLOCATE_BLOCK {owner=372a6af6-a57e-4203-942b-3df9acdb3fd6, size=4194304, type=STAND_ALONE, factor=ONE} | ret=SUCCESS |  
2019-08-24 00:37:03,117 | INFO  | OMAudit | user=jenkins1000 | ip=127.0.0.1 | op=ALLOCATE_KEY {volume=volume93899, bucket=bucket31635, key=JmfUL79, dataSize=4096, replicationType=STAND_ALONE, replicationFactor=ONE, keyLocationInfo=[blockID {
  containerBlockID {
    containerID: 2
    localID: 102669157866996270
  }
  blockCommitSequenceId: 0
}
offset: 0
length: 4194304
createVersion: 0
pipeline {
  leaderID: ""
  members {
    uuid: "fbb72e40-54b3-4254-bcd2-d86a09a0d730"
    ipAddress: "192.168.34.57"
    hostName: "pr-hdds-1909-kfjhh-925290811"
    ports {
      name: "REST"
      value: 44670
    }
    ports {
      name: "RATIS"
      value: 37236
    }
    ports {
      name: "STANDALONE"
      value: 43847
    }
    networkName: "fbb72e40-54b3-4254-bcd2-d86a09a0d730"
    networkLocation: "/default-rack"
  }
  state: PIPELINE_OPEN
  type: STAND_ALONE
  factor: ONE
  id {
    id: "c94444a6-8039-49a5-aa8d-6e7228e0f34a"
  }
}
]} | ret=SUCCESS |  
2019-08-24 00:37:03,120 | INFO  | DNAudit | user=null | ip=null | op=WRITE_CHUNK {blockData=conID: 2 locID: 102669157866996270 bcsId: 0} | ret=SUCCESS |  
2019-08-24 00:37:03,121 | INFO  | DNAudit | user=null | ip=null | op=PUT_BLOCK {blockData=[blockId=conID: 2 locID: 102669157866996270 bcsId: 0,size=5]} | ret=SUCCESS |  
2019-08-24 00:37:03,123 | INFO  | OMAudit | user=jenkins1000 | ip=127.0.0.1 | op=COMMIT_KEY {volume=volume93899, bucket=bucket31635, key=JmfUL79, dataSize=5, replicationType=RATIS, replicationFactor=ONE, keyLocationInfo=[blockID {
  containerBlockID {
    containerID: 2
    localID: 102669157866996270
  }
  blockCommitSequenceId: 0
}
offset: 0
length: 5
createVersion: 0
pipeline {
  leaderID: ""
  members {
    uuid: "fbb72e40-54b3-4254-bcd2-d86a09a0d730"
    ipAddress: "192.168.34.57"
    hostName: "pr-hdds-1909-kfjhh-925290811"
    ports {
      name: "REST"
      value: 44670
    }
    ports {
      name: "RATIS"
      value: 37236
    }
    ports {
      name: "STANDALONE"
      value: 43847
    }
    networkName: "fbb72e40-54b3-4254-bcd2-d86a09a0d730"
    networkLocation: "/default-rack"
  }
  state: PIPELINE_OPEN
  type: STAND_ALONE
  factor: ONE
  id {
    id: "c94444a6-8039-49a5-aa8d-6e7228e0f34a"
  }
}
]} | ret=SUCCESS |  
2019-08-24 00:37:03,124 | INFO  | SCMAudit | user=jenkins1000 | ip=192.168.34.57 | op=ALLOCATE_BLOCK {owner=372a6af6-a57e-4203-942b-3df9acdb3fd6, size=4194304, type=STAND_ALONE, factor=ONE} | ret=SUCCESS |  
2019-08-24 00:37:03,125 | INFO  | OMAudit | user=jenkins1000 | ip=127.0.0.1 | op=ALLOCATE_KEY {volume=volume93899, bucket=bucket31635, key=lsVqL80, dataSize=4096, replicationType=STAND_ALONE, replicationFactor=ONE, keyLocationInfo=[blockID {
  containerBlockID {
    containerID: 3
    localID: 102669157867455024
  }
  blockCommitSequenceId: 0
}
offset: 0
length: 4194304
createVersion: 0
pipeline {
  leaderID: ""
  members {
    uuid: "fbb72e40-54b3-4254-bcd2-d86a09a0d730"
    ipAddress: "192.168.34.57"
    hostName: "pr-hdds-1909-kfjhh-925290811"
    ports {
      name: "REST"
      value: 44670
    }
    ports {
      name: "RATIS"
      value: 37236
    }
    ports {
      name: "STANDALONE"
      value: 43847
    }
    networkName: "fbb72e40-54b3-4254-bcd2-d86a09a0d730"
    networkLocation: "/default-rack"
  }
  state: PIPELINE_OPEN
  type: STAND_ALONE
  factor: ONE
  id {
    id: "c94444a6-8039-49a5-aa8d-6e7228e0f34a"
  }
}
]} | ret=SUCCESS |  
2019-08-24 00:37:03,128 | INFO  | DNAudit | user=null | ip=null | op=WRITE_CHUNK {blockData=conID: 3 locID: 102669157867455024 bcsId: 0} | ret=SUCCESS |  
2019-08-24 00:37:03,133 | INFO  | DNAudit | user=null | ip=null | op=PUT_BLOCK {blockData=[blockId=conID: 3 locID: 102669157867455024 bcsId: 0,size=5]} | ret=SUCCESS |  
2019-08-24 00:37:03,135 | INFO  | OMAudit | user=jenkins1000 | ip=127.0.0.1 | op=COMMIT_KEY {volume=volume93899, bucket=bucket31635, key=lsVqL80, dataSize=5, replicationType=RATIS, replicationFactor=ONE, keyLocationInfo=[blockID {
  containerBlockID {
    containerID: 3
    localID: 102669157867455024
  }
  blockCommitSequenceId: 0
}
offset: 0
length: 5
createVersion: 0
pipeline {
  leaderID: ""
  members {
    uuid: "fbb72e40-54b3-4254-bcd2-d86a09a0d730"
    ipAddress: "192.168.34.57"
    hostName: "pr-hdds-1909-kfjhh-925290811"
    ports {
      name: "REST"
      value: 44670
    }
    ports {
      name: "RATIS"
      value: 37236
    }
    ports {
      name: "STANDALONE"
      value: 43847
    }
    networkName: "fbb72e40-54b3-4254-bcd2-d86a09a0d730"
    networkLocation: "/default-rack"
  }
  state: PIPELINE_OPEN
  type: STAND_ALONE
  factor: ONE
  id {
    id: "c94444a6-8039-49a5-aa8d-6e7228e0f34a"
  }
}
]} | ret=SUCCESS |  
2019-08-24 00:37:03,136 | INFO  | SCMAudit | user=jenkins1000 | ip=192.168.34.57 | op=ALLOCATE_BLOCK {owner=372a6af6-a57e-4203-942b-3df9acdb3fd6, size=4194304, type=STAND_ALONE, factor=ONE} | ret=SUCCESS |  
2019-08-24 00:37:03,137 | INFO  | OMAudit | user=jenkins1000 | ip=127.0.0.1 | op=ALLOCATE_KEY {volume=volume93899, bucket=bucket31635, key=EVdvD81, dataSize=4096, replicationType=STAND_ALONE, replicationFactor=ONE, keyLocationInfo=[blockID {
  containerBlockID {
    containerID: 1
    localID: 102669157868241458
  }
  blockCommitSequenceId: 0
}
offset: 0
length: 4194304
createVersion: 0
pipeline {
  leaderID: ""
  members {
    uuid: "fbb72e40-54b3-4254-bcd2-d86a09a0d730"
    ipAddress: "192.168.34.57"
    hostName: "pr-hdds-1909-kfjhh-925290811"
    ports {
      name: "REST"
      value: 44670
    }
    ports {
      name: "RATIS"
      value: 37236
    }
    ports {
      name: "STANDALONE"
      value: 43847
    }
    networkName: "fbb72e40-54b3-4254-bcd2-d86a09a0d730"
    networkLocation: "/default-rack"
  }
  state: PIPELINE_OPEN
  type: STAND_ALONE
  factor: ONE
  id {
    id: "c94444a6-8039-49a5-aa8d-6e7228e0f34a"
  }
}
]} | ret=SUCCESS |  
2019-08-24 00:37:03,140 | INFO  | DNAudit | user=null | ip=null | op=WRITE_CHUNK {blockData=conID: 1 locID: 102669157868241458 bcsId: 0} | ret=SUCCESS |  
2019-08-24 00:37:03,141 | INFO  | DNAudit | user=null | ip=null | op=PUT_BLOCK {blockData=[blockId=conID: 1 locID: 102669157868241458 bcsId: 0,size=5]} | ret=SUCCESS |  
2019-08-24 00:37:03,143 | INFO  | OMAudit | user=jenkins1000 | ip=127.0.0.1 | op=COMMIT_KEY {volume=volume93899, bucket=bucket31635, key=EVdvD81, dataSize=5, replicationType=RATIS, replicationFactor=ONE, keyLocationInfo=[blockID {
  containerBlockID {
    containerID: 1
    localID: 102669157868241458
  }
  blockCommitSequenceId: 0
}
offset: 0
length: 5
createVersion: 0
pipeline {
  leaderID: ""
  members {
    uuid: "fbb72e40-54b3-4254-bcd2-d86a09a0d730"
    ipAddress: "192.168.34.57"
    hostName: "pr-hdds-1909-kfjhh-925290811"
    ports {
      name: "REST"
      value: 44670
    }
    ports {
      name: "RATIS"
      value: 37236
    }
    ports {
      name: "STANDALONE"
      value: 43847
    }
    networkName: "fbb72e40-54b3-4254-bcd2-d86a09a0d730"
    networkLocation: "/default-rack"
  }
  state: PIPELINE_OPEN
  type: STAND_ALONE
  factor: ONE
  id {
    id: "c94444a6-8039-49a5-aa8d-6e7228e0f34a"
  }
}
]} | ret=SUCCESS |  
2019-08-24 00:37:03,145 | INFO  | SCMAudit | user=jenkins1000 | ip=192.168.34.57 | op=ALLOCATE_BLOCK {owner=372a6af6-a57e-4203-942b-3df9acdb3fd6, size=4194304, type=STAND_ALONE, factor=ONE} | ret=SUCCESS |  
2019-08-24 00:37:03,146 | INFO  | OMAudit | user=jenkins1000 | ip=127.0.0.1 | op=ALLOCATE_KEY {volume=volume93899, bucket=bucket31635, key=FJayu82, dataSize=4096, replicationType=STAND_ALONE, replicationFactor=ONE, keyLocationInfo=[blockID {
  containerBlockID {
    containerID: 2
    localID: 102669157868831284
  }
  blockCommitSequenceId: 0
}
offset: 0
length: 4194304
createVersion: 0
pipeline {
  leaderID: ""
  members {
    uuid: "fbb72e40-54b3-4254-bcd2-d86a09a0d730"
    ipAddress: "192.168.34.57"
    hostName: "pr-hdds-1909-kfjhh-925290811"
    ports {
      name: "REST"
      value: 44670
    }
    ports {
      name: "RATIS"
      value: 37236
    }
    ports {
      name: "STANDALONE"
      value: 43847
    }
    networkName: "fbb72e40-54b3-4254-bcd2-d86a09a0d730"
    networkLocation: "/default-rack"
  }
  state: PIPELINE_OPEN
  type: STAND_ALONE
  factor: ONE
  id {
    id: "c94444a6-8039-49a5-aa8d-6e7228e0f34a"
  }
}
]} | ret=SUCCESS |  
2019-08-24 00:37:03,148 | INFO  | DNAudit | user=null | ip=null | op=WRITE_CHUNK {blockData=conID: 2 locID: 102669157868831284 bcsId: 0} | ret=SUCCESS |  
2019-08-24 00:37:03,150 | INFO  | DNAudit | user=null | ip=null | op=PUT_BLOCK {blockData=[blockId=conID: 2 locID: 102669157868831284 bcsId: 0,size=5]} | ret=SUCCESS |  
2019-08-24 00:37:03,152 | INFO  | OMAudit | user=jenkins1000 | ip=127.0.0.1 | op=COMMIT_KEY {volume=volume93899, bucket=bucket31635, key=FJayu82, dataSize=5, replicationType=RATIS, replicationFactor=ONE, keyLocationInfo=[blockID {
  containerBlockID {
    containerID: 2
    localID: 102669157868831284
  }
  blockCommitSequenceId: 0
}
offset: 0
length: 5
createVersion: 0
pipeline {
  leaderID: ""
  members {
    uuid: "fbb72e40-54b3-4254-bcd2-d86a09a0d730"
    ipAddress: "192.168.34.57"
    hostName: "pr-hdds-1909-kfjhh-925290811"
    ports {
      name: "REST"
      value: 44670
    }
    ports {
      name: "RATIS"
      value: 37236
    }
    ports {
      name: "STANDALONE"
      value: 43847
    }
    networkName: "fbb72e40-54b3-4254-bcd2-d86a09a0d730"
    networkLocation: "/default-rack"
  }
  state: PIPELINE_OPEN
  type: STAND_ALONE
  factor: ONE
  id {
    id: "c94444a6-8039-49a5-aa8d-6e7228e0f34a"
  }
}
]} | ret=SUCCESS |  
2019-08-24 00:37:03,153 | INFO  | SCMAudit | user=jenkins1000 | ip=192.168.34.57 | op=ALLOCATE_BLOCK {owner=372a6af6-a57e-4203-942b-3df9acdb3fd6, size=4194304, type=STAND_ALONE, factor=ONE} | ret=SUCCESS |  
2019-08-24 00:37:03,155 | INFO  | OMAudit | user=jenkins1000 | ip=127.0.0.1 | op=ALLOCATE_KEY {volume=volume93899, bucket=bucket31635, key=MSOYD83, dataSize=4096, replicationType=STAND_ALONE, replicationFactor=ONE, keyLocationInfo=[blockID {
  containerBlockID {
    containerID: 3
    localID: 102669157869355574
  }
  blockCommitSequenceId: 0
}
offset: 0
length: 4194304
createVersion: 0
pipeline {
  leaderID: ""
  members {
    uuid: "fbb72e40-54b3-4254-bcd2-d86a09a0d730"
    ipAddress: "192.168.34.57"
    hostName: "pr-hdds-1909-kfjhh-925290811"
    ports {
      name: "REST"
      value: 44670
    }
    ports {
      name: "RATIS"
      value: 37236
    }
    ports {
      name: "STANDALONE"
      value: 43847
    }
    networkName: "fbb72e40-54b3-4254-bcd2-d86a09a0d730"
    networkLocation: "/default-rack"
  }
  state: PIPELINE_OPEN
  type: STAND_ALONE
  factor: ONE
  id {
    id: "c94444a6-8039-49a5-aa8d-6e7228e0f34a"
  }
}
]} | ret=SUCCESS |  
2019-08-24 00:37:03,157 | INFO  | DNAudit | user=null | ip=null | op=WRITE_CHUNK {blockData=conID: 3 locID: 102669157869355574 bcsId: 0} | ret=SUCCESS |  
2019-08-24 00:37:03,159 | INFO  | DNAudit | user=null | ip=null | op=PUT_BLOCK {blockData=[blockId=conID: 3 locID: 102669157869355574 bcsId: 0,size=5]} | ret=SUCCESS |  
2019-08-24 00:37:03,161 | INFO  | OMAudit | user=jenkins1000 | ip=127.0.0.1 | op=COMMIT_KEY {volume=volume93899, bucket=bucket31635, key=MSOYD83, dataSize=5, replicationType=RATIS, replicationFactor=ONE, keyLocationInfo=[blockID {
  containerBlockID {
    containerID: 3
    localID: 102669157869355574
  }
  blockCommitSequenceId: 0
}
offset: 0
length: 5
createVersion: 0
pipeline {
  leaderID: ""
  members {
    uuid: "fbb72e40-54b3-4254-bcd2-d86a09a0d730"
    ipAddress: "192.168.34.57"
    hostName: "pr-hdds-1909-kfjhh-925290811"
    ports {
      name: "REST"
      value: 44670
    }
    ports {
      name: "RATIS"
      value: 37236
    }
    ports {
      name: "STANDALONE"
      value: 43847
    }
    networkName: "fbb72e40-54b3-4254-bcd2-d86a09a0d730"
    networkLocation: "/default-rack"
  }
  state: PIPELINE_OPEN
  type: STAND_ALONE
  factor: ONE
  id {
    id: "c94444a6-8039-49a5-aa8d-6e7228e0f34a"
  }
}
]} | ret=SUCCESS |  
2019-08-24 00:37:03,162 | INFO  | SCMAudit | user=jenkins1000 | ip=192.168.34.57 | op=ALLOCATE_BLOCK {owner=372a6af6-a57e-4203-942b-3df9acdb3fd6, size=4194304, type=STAND_ALONE, factor=ONE} | ret=SUCCESS |  
2019-08-24 00:37:03,163 | INFO  | OMAudit | user=jenkins1000 | ip=127.0.0.1 | op=ALLOCATE_KEY {volume=volume93899, bucket=bucket31635, key=iBbED84, dataSize=4096, replicationType=STAND_ALONE, replicationFactor=ONE, keyLocationInfo=[blockID {
  containerBlockID {
    containerID: 1
    localID: 102669157869945400
  }
  blockCommitSequenceId: 0
}
offset: 0
length: 4194304
createVersion: 0
pipeline {
  leaderID: ""
  members {
    uuid: "fbb72e40-54b3-4254-bcd2-d86a09a0d730"
    ipAddress: "192.168.34.57"
    hostName: "pr-hdds-1909-kfjhh-925290811"
    ports {
      name: "REST"
      value: 44670
    }
    ports {
      name: "RATIS"
      value: 37236
    }
    ports {
      name: "STANDALONE"
      value: 43847
    }
    networkName: "fbb72e40-54b3-4254-bcd2-d86a09a0d730"
    networkLocation: "/default-rack"
  }
  state: PIPELINE_OPEN
  type: STAND_ALONE
  factor: ONE
  id {
    id: "c94444a6-8039-49a5-aa8d-6e7228e0f34a"
  }
}
]} | ret=SUCCESS |  
2019-08-24 00:37:03,166 | INFO  | DNAudit | user=null | ip=null | op=WRITE_CHUNK {blockData=conID: 1 locID: 102669157869945400 bcsId: 0} | ret=SUCCESS |  
2019-08-24 00:37:03,167 | INFO  | DNAudit | user=null | ip=null | op=PUT_BLOCK {blockData=[blockId=conID: 1 locID: 102669157869945400 bcsId: 0,size=5]} | ret=SUCCESS |  
2019-08-24 00:37:03,169 | INFO  | OMAudit | user=jenkins1000 | ip=127.0.0.1 | op=COMMIT_KEY {volume=volume93899, bucket=bucket31635, key=iBbED84, dataSize=5, replicationType=RATIS, replicationFactor=ONE, keyLocationInfo=[blockID {
  containerBlockID {
    containerID: 1
    localID: 102669157869945400
  }
  blockCommitSequenceId: 0
}
offset: 0
length: 5
createVersion: 0
pipeline {
  leaderID: ""
  members {
    uuid: "fbb72e40-54b3-4254-bcd2-d86a09a0d730"
    ipAddress: "192.168.34.57"
    hostName: "pr-hdds-1909-kfjhh-925290811"
    ports {
      name: "REST"
      value: 44670
    }
    ports {
      name: "RATIS"
      value: 37236
    }
    ports {
      name: "STANDALONE"
      value: 43847
    }
    networkName: "fbb72e40-54b3-4254-bcd2-d86a09a0d730"
    networkLocation: "/default-rack"
  }
  state: PIPELINE_OPEN
  type: STAND_ALONE
  factor: ONE
  id {
    id: "c94444a6-8039-49a5-aa8d-6e7228e0f34a"
  }
}
]} | ret=SUCCESS |  
2019-08-24 00:37:03,170 | INFO  | SCMAudit | user=jenkins1000 | ip=192.168.34.57 | op=ALLOCATE_BLOCK {owner=372a6af6-a57e-4203-942b-3df9acdb3fd6, size=4194304, type=STAND_ALONE, factor=ONE} | ret=SUCCESS |  
2019-08-24 00:37:03,171 | INFO  | OMAudit | user=jenkins1000 | ip=127.0.0.1 | op=ALLOCATE_KEY {volume=volume93899, bucket=bucket31635, key=otNGY85, dataSize=4096, replicationType=STAND_ALONE, replicationFactor=ONE, keyLocationInfo=[blockID {
  containerBlockID {
    containerID: 2
    localID: 102669157870469690
  }
  blockCommitSequenceId: 0
}
offset: 0
length: 4194304
createVersion: 0
pipeline {
  leaderID: ""
  members {
    uuid: "fbb72e40-54b3-4254-bcd2-d86a09a0d730"
    ipAddress: "192.168.34.57"
    hostName: "pr-hdds-1909-kfjhh-925290811"
    ports {
      name: "REST"
      value: 44670
    }
    ports {
      name: "RATIS"
      value: 37236
    }
    ports {
      name: "STANDALONE"
      value: 43847
    }
    networkName: "fbb72e40-54b3-4254-bcd2-d86a09a0d730"
    networkLocation: "/default-rack"
  }
  state: PIPELINE_OPEN
  type: STAND_ALONE
  factor: ONE
  id {
    id: "c94444a6-8039-49a5-aa8d-6e7228e0f34a"
  }
}
]} | ret=SUCCESS |  
2019-08-24 00:37:03,173 | INFO  | DNAudit | user=null | ip=null | op=WRITE_CHUNK {blockData=conID: 2 locID: 102669157870469690 bcsId: 0} | ret=SUCCESS |  
2019-08-24 00:37:03,175 | INFO  | DNAudit | user=null | ip=null | op=PUT_BLOCK {blockData=[blockId=conID: 2 locID: 102669157870469690 bcsId: 0,size=5]} | ret=SUCCESS |  
2019-08-24 00:37:03,177 | INFO  | OMAudit | user=jenkins1000 | ip=127.0.0.1 | op=COMMIT_KEY {volume=volume93899, bucket=bucket31635, key=otNGY85, dataSize=5, replicationType=RATIS, replicationFactor=ONE, keyLocationInfo=[blockID {
  containerBlockID {
    containerID: 2
    localID: 102669157870469690
  }
  blockCommitSequenceId: 0
}
offset: 0
length: 5
createVersion: 0
pipeline {
  leaderID: ""
  members {
    uuid: "fbb72e40-54b3-4254-bcd2-d86a09a0d730"
    ipAddress: "192.168.34.57"
    hostName: "pr-hdds-1909-kfjhh-925290811"
    ports {
      name: "REST"
      value: 44670
    }
    ports {
      name: "RATIS"
      value: 37236
    }
    ports {
      name: "STANDALONE"
      value: 43847
    }
    networkName: "fbb72e40-54b3-4254-bcd2-d86a09a0d730"
    networkLocation: "/default-rack"
  }
  state: PIPELINE_OPEN
  type: STAND_ALONE
  factor: ONE
  id {
    id: "c94444a6-8039-49a5-aa8d-6e7228e0f34a"
  }
}
]} | ret=SUCCESS |  
2019-08-24 00:37:03,178 | INFO  | SCMAudit | user=jenkins1000 | ip=192.168.34.57 | op=ALLOCATE_BLOCK {owner=372a6af6-a57e-4203-942b-3df9acdb3fd6, size=4194304, type=STAND_ALONE, factor=ONE} | ret=SUCCESS |  
2019-08-24 00:37:03,179 | INFO  | OMAudit | user=jenkins1000 | ip=127.0.0.1 | op=ALLOCATE_KEY {volume=volume93899, bucket=bucket31635, key=UIKLf86, dataSize=4096, replicationType=STAND_ALONE, replicationFactor=ONE, keyLocationInfo=[blockID {
  containerBlockID {
    containerID: 3
    localID: 102669157870993980
  }
  blockCommitSequenceId: 0
}
offset: 0
length: 4194304
createVersion: 0
pipeline {
  leaderID: ""
  members {
    uuid: "fbb72e40-54b3-4254-bcd2-d86a09a0d730"
    ipAddress: "192.168.34.57"
    hostName: "pr-hdds-1909-kfjhh-925290811"
    ports {
      name: "REST"
      value: 44670
    }
    ports {
      name: "RATIS"
      value: 37236
    }
    ports {
      name: "STANDALONE"
      value: 43847
    }
    networkName: "fbb72e40-54b3-4254-bcd2-d86a09a0d730"
    networkLocation: "/default-rack"
  }
  state: PIPELINE_OPEN
  type: STAND_ALONE
  factor: ONE
  id {
    id: "c94444a6-8039-49a5-aa8d-6e7228e0f34a"
  }
}
]} | ret=SUCCESS |  
2019-08-24 00:37:03,182 | INFO  | DNAudit | user=null | ip=null | op=WRITE_CHUNK {blockData=conID: 3 locID: 102669157870993980 bcsId: 0} | ret=SUCCESS |  
2019-08-24 00:37:03,185 | INFO  | DNAudit | user=null | ip=null | op=PUT_BLOCK {blockData=[blockId=conID: 3 locID: 102669157870993980 bcsId: 0,size=5]} | ret=SUCCESS |  
2019-08-24 00:37:03,186 | INFO  | OMAudit | user=jenkins1000 | ip=127.0.0.1 | op=COMMIT_KEY {volume=volume93899, bucket=bucket31635, key=UIKLf86, dataSize=5, replicationType=RATIS, replicationFactor=ONE, keyLocationInfo=[blockID {
  containerBlockID {
    containerID: 3
    localID: 102669157870993980
  }
  blockCommitSequenceId: 0
}
offset: 0
length: 5
createVersion: 0
pipeline {
  leaderID: ""
  members {
    uuid: "fbb72e40-54b3-4254-bcd2-d86a09a0d730"
    ipAddress: "192.168.34.57"
    hostName: "pr-hdds-1909-kfjhh-925290811"
    ports {
      name: "REST"
      value: 44670
    }
    ports {
      name: "RATIS"
      value: 37236
    }
    ports {
      name: "STANDALONE"
      value: 43847
    }
    networkName: "fbb72e40-54b3-4254-bcd2-d86a09a0d730"
    networkLocation: "/default-rack"
  }
  state: PIPELINE_OPEN
  type: STAND_ALONE
  factor: ONE
  id {
    id: "c94444a6-8039-49a5-aa8d-6e7228e0f34a"
  }
}
]} | ret=SUCCESS |  
2019-08-24 00:37:03,188 | INFO  | SCMAudit | user=jenkins1000 | ip=192.168.34.57 | op=ALLOCATE_BLOCK {owner=372a6af6-a57e-4203-942b-3df9acdb3fd6, size=4194304, type=STAND_ALONE, factor=ONE} | ret=SUCCESS |  
2019-08-24 00:37:03,188 | INFO  | OMAudit | user=jenkins1000 | ip=127.0.0.1 | op=ALLOCATE_KEY {volume=volume93899, bucket=bucket31635, key=lcFKF87, dataSize=4096, replicationType=STAND_ALONE, replicationFactor=ONE, keyLocationInfo=[blockID {
  containerBlockID {
    containerID: 1
    localID: 102669157871583806
  }
  blockCommitSequenceId: 0
}
offset: 0
length: 4194304
createVersion: 0
pipeline {
  leaderID: ""
  members {
    uuid: "fbb72e40-54b3-4254-bcd2-d86a09a0d730"
    ipAddress: "192.168.34.57"
    hostName: "pr-hdds-1909-kfjhh-925290811"
    ports {
      name: "REST"
      value: 44670
    }
    ports {
      name: "RATIS"
      value: 37236
    }
    ports {
      name: "STANDALONE"
      value: 43847
    }
    networkName: "fbb72e40-54b3-4254-bcd2-d86a09a0d730"
    networkLocation: "/default-rack"
  }
  state: PIPELINE_OPEN
  type: STAND_ALONE
  factor: ONE
  id {
    id: "c94444a6-8039-49a5-aa8d-6e7228e0f34a"
  }
}
]} | ret=SUCCESS |  
2019-08-24 00:37:03,191 | INFO  | DNAudit | user=null | ip=null | op=WRITE_CHUNK {blockData=conID: 1 locID: 102669157871583806 bcsId: 0} | ret=SUCCESS |  
2019-08-24 00:37:03,193 | INFO  | DNAudit | user=null | ip=null | op=PUT_BLOCK {blockData=[blockId=conID: 1 locID: 102669157871583806 bcsId: 0,size=5]} | ret=SUCCESS |  
2019-08-24 00:37:03,195 | INFO  | OMAudit | user=jenkins1000 | ip=127.0.0.1 | op=COMMIT_KEY {volume=volume93899, bucket=bucket31635, key=lcFKF87, dataSize=5, replicationType=RATIS, replicationFactor=ONE, keyLocationInfo=[blockID {
  containerBlockID {
    containerID: 1
    localID: 102669157871583806
  }
  blockCommitSequenceId: 0
}
offset: 0
length: 5
createVersion: 0
pipeline {
  leaderID: ""
  members {
    uuid: "fbb72e40-54b3-4254-bcd2-d86a09a0d730"
    ipAddress: "192.168.34.57"
    hostName: "pr-hdds-1909-kfjhh-925290811"
    ports {
      name: "REST"
      value: 44670
    }
    ports {
      name: "RATIS"
      value: 37236
    }
    ports {
      name: "STANDALONE"
      value: 43847
    }
    networkName: "fbb72e40-54b3-4254-bcd2-d86a09a0d730"
    networkLocation: "/default-rack"
  }
  state: PIPELINE_OPEN
  type: STAND_ALONE
  factor: ONE
  id {
    id: "c94444a6-8039-49a5-aa8d-6e7228e0f34a"
  }
}
]} | ret=SUCCESS |  
2019-08-24 00:37:03,196 | INFO  | SCMAudit | user=jenkins1000 | ip=192.168.34.57 | op=ALLOCATE_BLOCK {owner=372a6af6-a57e-4203-942b-3df9acdb3fd6, size=4194304, type=STAND_ALONE, factor=ONE} | ret=SUCCESS |  
2019-08-24 00:37:03,197 | INFO  | OMAudit | user=jenkins1000 | ip=127.0.0.1 | op=ALLOCATE_KEY {volume=volume93899, bucket=bucket31635, key=tyNRM88, dataSize=4096, replicationType=STAND_ALONE, replicationFactor=ONE, keyLocationInfo=[blockID {
  containerBlockID {
    containerID: 2
    localID: 102669157872173632
  }
  blockCommitSequenceId: 0
}
offset: 0
length: 4194304
createVersion: 0
pipeline {
  leaderID: ""
  members {
    uuid: "fbb72e40-54b3-4254-bcd2-d86a09a0d730"
    ipAddress: "192.168.34.57"
    hostName: "pr-hdds-1909-kfjhh-925290811"
    ports {
      name: "REST"
      value: 44670
    }
    ports {
      name: "RATIS"
      value: 37236
    }
    ports {
      name: "STANDALONE"
      value: 43847
    }
    networkName: "fbb72e40-54b3-4254-bcd2-d86a09a0d730"
    networkLocation: "/default-rack"
  }
  state: PIPELINE_OPEN
  type: STAND_ALONE
  factor: ONE
  id {
    id: "c94444a6-8039-49a5-aa8d-6e7228e0f34a"
  }
}
]} | ret=SUCCESS |  
2019-08-24 00:37:03,199 | INFO  | DNAudit | user=null | ip=null | op=WRITE_CHUNK {blockData=conID: 2 locID: 102669157872173632 bcsId: 0} | ret=SUCCESS |  
2019-08-24 00:37:03,201 | INFO  | DNAudit | user=null | ip=null | op=PUT_BLOCK {blockData=[blockId=conID: 2 locID: 102669157872173632 bcsId: 0,size=5]} | ret=SUCCESS |  
2019-08-24 00:37:03,203 | INFO  | OMAudit | user=jenkins1000 | ip=127.0.0.1 | op=COMMIT_KEY {volume=volume93899, bucket=bucket31635, key=tyNRM88, dataSize=5, replicationType=RATIS, replicationFactor=ONE, keyLocationInfo=[blockID {
  containerBlockID {
    containerID: 2
    localID: 102669157872173632
  }
  blockCommitSequenceId: 0
}
offset: 0
length: 5
createVersion: 0
pipeline {
  leaderID: ""
  members {
    uuid: "fbb72e40-54b3-4254-bcd2-d86a09a0d730"
    ipAddress: "192.168.34.57"
    hostName: "pr-hdds-1909-kfjhh-925290811"
    ports {
      name: "REST"
      value: 44670
    }
    ports {
      name: "RATIS"
      value: 37236
    }
    ports {
      name: "STANDALONE"
      value: 43847
    }
    networkName: "fbb72e40-54b3-4254-bcd2-d86a09a0d730"
    networkLocation: "/default-rack"
  }
  state: PIPELINE_OPEN
  type: STAND_ALONE
  factor: ONE
  id {
    id: "c94444a6-8039-49a5-aa8d-6e7228e0f34a"
  }
}
]} | ret=SUCCESS |  
2019-08-24 00:37:03,204 | INFO  | SCMAudit | user=jenkins1000 | ip=192.168.34.57 | op=ALLOCATE_BLOCK {owner=372a6af6-a57e-4203-942b-3df9acdb3fd6, size=4194304, type=STAND_ALONE, factor=ONE} | ret=SUCCESS |  
2019-08-24 00:37:03,205 | INFO  | OMAudit | user=jenkins1000 | ip=127.0.0.1 | op=ALLOCATE_KEY {volume=volume93899, bucket=bucket31635, key=oDrQD89, dataSize=4096, replicationType=STAND_ALONE, replicationFactor=ONE, keyLocationInfo=[blockID {
  containerBlockID {
    containerID: 3
    localID: 102669157872697922
  }
  blockCommitSequenceId: 0
}
offset: 0
length: 4194304
createVersion: 0
pipeline {
  leaderID: ""
  members {
    uuid: "fbb72e40-54b3-4254-bcd2-d86a09a0d730"
    ipAddress: "192.168.34.57"
    hostName: "pr-hdds-1909-kfjhh-925290811"
    ports {
      name: "REST"
      value: 44670
    }
    ports {
      name: "RATIS"
      value: 37236
    }
    ports {
      name: "STANDALONE"
      value: 43847
    }
    networkName: "fbb72e40-54b3-4254-bcd2-d86a09a0d730"
    networkLocation: "/default-rack"
  }
  state: PIPELINE_OPEN
  type: STAND_ALONE
  factor: ONE
  id {
    id: "c94444a6-8039-49a5-aa8d-6e7228e0f34a"
  }
}
]} | ret=SUCCESS |  
2019-08-24 00:37:03,208 | INFO  | DNAudit | user=null | ip=null | op=WRITE_CHUNK {blockData=conID: 3 locID: 102669157872697922 bcsId: 0} | ret=SUCCESS |  
2019-08-24 00:37:03,209 | INFO  | DNAudit | user=null | ip=null | op=PUT_BLOCK {blockData=[blockId=conID: 3 locID: 102669157872697922 bcsId: 0,size=5]} | ret=SUCCESS |  
2019-08-24 00:37:03,211 | INFO  | OMAudit | user=jenkins1000 | ip=127.0.0.1 | op=COMMIT_KEY {volume=volume93899, bucket=bucket31635, key=oDrQD89, dataSize=5, replicationType=RATIS, replicationFactor=ONE, keyLocationInfo=[blockID {
  containerBlockID {
    containerID: 3
    localID: 102669157872697922
  }
  blockCommitSequenceId: 0
}
offset: 0
length: 5
createVersion: 0
pipeline {
  leaderID: ""
  members {
    uuid: "fbb72e40-54b3-4254-bcd2-d86a09a0d730"
    ipAddress: "192.168.34.57"
    hostName: "pr-hdds-1909-kfjhh-925290811"
    ports {
      name: "REST"
      value: 44670
    }
    ports {
      name: "RATIS"
      value: 37236
    }
    ports {
      name: "STANDALONE"
      value: 43847
    }
    networkName: "fbb72e40-54b3-4254-bcd2-d86a09a0d730"
    networkLocation: "/default-rack"
  }
  state: PIPELINE_OPEN
  type: STAND_ALONE
  factor: ONE
  id {
    id: "c94444a6-8039-49a5-aa8d-6e7228e0f34a"
  }
}
]} | ret=SUCCESS |  
2019-08-24 00:37:03,212 | INFO  | SCMAudit | user=jenkins1000 | ip=192.168.34.57 | op=ALLOCATE_BLOCK {owner=372a6af6-a57e-4203-942b-3df9acdb3fd6, size=4194304, type=STAND_ALONE, factor=ONE} | ret=SUCCESS |  
2019-08-24 00:37:03,213 | INFO  | OMAudit | user=jenkins1000 | ip=127.0.0.1 | op=ALLOCATE_KEY {volume=volume93899, bucket=bucket31635, key=jeGIP90, dataSize=4096, replicationType=STAND_ALONE, replicationFactor=ONE, keyLocationInfo=[blockID {
  containerBlockID {
    containerID: 1
    localID: 102669157873222212
  }
  blockCommitSequenceId: 0
}
offset: 0
length: 4194304
createVersion: 0
pipeline {
  leaderID: ""
  members {
    uuid: "fbb72e40-54b3-4254-bcd2-d86a09a0d730"
    ipAddress: "192.168.34.57"
    hostName: "pr-hdds-1909-kfjhh-925290811"
    ports {
      name: "REST"
      value: 44670
    }
    ports {
      name: "RATIS"
      value: 37236
    }
    ports {
      name: "STANDALONE"
      value: 43847
    }
    networkName: "fbb72e40-54b3-4254-bcd2-d86a09a0d730"
    networkLocation: "/default-rack"
  }
  state: PIPELINE_OPEN
  type: STAND_ALONE
  factor: ONE
  id {
    id: "c94444a6-8039-49a5-aa8d-6e7228e0f34a"
  }
}
]} | ret=SUCCESS |  
2019-08-24 00:37:03,215 | INFO  | DNAudit | user=null | ip=null | op=WRITE_CHUNK {blockData=conID: 1 locID: 102669157873222212 bcsId: 0} | ret=SUCCESS |  
2019-08-24 00:37:03,217 | INFO  | DNAudit | user=null | ip=null | op=PUT_BLOCK {blockData=[blockId=conID: 1 locID: 102669157873222212 bcsId: 0,size=5]} | ret=SUCCESS |  
2019-08-24 00:37:03,219 | INFO  | OMAudit | user=jenkins1000 | ip=127.0.0.1 | op=COMMIT_KEY {volume=volume93899, bucket=bucket31635, key=jeGIP90, dataSize=5, replicationType=RATIS, replicationFactor=ONE, keyLocationInfo=[blockID {
  containerBlockID {
    containerID: 1
    localID: 102669157873222212
  }
  blockCommitSequenceId: 0
}
offset: 0
length: 5
createVersion: 0
pipeline {
  leaderID: ""
  members {
    uuid: "fbb72e40-54b3-4254-bcd2-d86a09a0d730"
    ipAddress: "192.168.34.57"
    hostName: "pr-hdds-1909-kfjhh-925290811"
    ports {
      name: "REST"
      value: 44670
    }
    ports {
      name: "RATIS"
      value: 37236
    }
    ports {
      name: "STANDALONE"
      value: 43847
    }
    networkName: "fbb72e40-54b3-4254-bcd2-d86a09a0d730"
    networkLocation: "/default-rack"
  }
  state: PIPELINE_OPEN
  type: STAND_ALONE
  factor: ONE
  id {
    id: "c94444a6-8039-49a5-aa8d-6e7228e0f34a"
  }
}
]} | ret=SUCCESS |  
2019-08-24 00:37:03,220 | INFO  | SCMAudit | user=jenkins1000 | ip=192.168.34.57 | op=ALLOCATE_BLOCK {owner=372a6af6-a57e-4203-942b-3df9acdb3fd6, size=4194304, type=STAND_ALONE, factor=ONE} | ret=SUCCESS |  
2019-08-24 00:37:03,221 | INFO  | OMAudit | user=jenkins1000 | ip=127.0.0.1 | op=ALLOCATE_KEY {volume=volume93899, bucket=bucket31635, key=CuRXk91, dataSize=4096, replicationType=STAND_ALONE, replicationFactor=ONE, keyLocationInfo=[blockID {
  containerBlockID {
    containerID: 2
    localID: 102669157873746502
  }
  blockCommitSequenceId: 0
}
offset: 0
length: 4194304
createVersion: 0
pipeline {
  leaderID: ""
  members {
    uuid: "fbb72e40-54b3-4254-bcd2-d86a09a0d730"
    ipAddress: "192.168.34.57"
    hostName: "pr-hdds-1909-kfjhh-925290811"
    ports {
      name: "REST"
      value: 44670
    }
    ports {
      name: "RATIS"
      value: 37236
    }
    ports {
      name: "STANDALONE"
      value: 43847
    }
    networkName: "fbb72e40-54b3-4254-bcd2-d86a09a0d730"
    networkLocation: "/default-rack"
  }
  state: PIPELINE_OPEN
  type: STAND_ALONE
  factor: ONE
  id {
    id: "c94444a6-8039-49a5-aa8d-6e7228e0f34a"
  }
}
]} | ret=SUCCESS |  
2019-08-24 00:37:03,223 | INFO  | DNAudit | user=null | ip=null | op=WRITE_CHUNK {blockData=conID: 2 locID: 102669157873746502 bcsId: 0} | ret=SUCCESS |  
2019-08-24 00:37:03,225 | INFO  | DNAudit | user=null | ip=null | op=PUT_BLOCK {blockData=[blockId=conID: 2 locID: 102669157873746502 bcsId: 0,size=5]} | ret=SUCCESS |  
2019-08-24 00:37:03,227 | INFO  | OMAudit | user=jenkins1000 | ip=127.0.0.1 | op=COMMIT_KEY {volume=volume93899, bucket=bucket31635, key=CuRXk91, dataSize=5, replicationType=RATIS, replicationFactor=ONE, keyLocationInfo=[blockID {
  containerBlockID {
    containerID: 2
    localID: 102669157873746502
  }
  blockCommitSequenceId: 0
}
offset: 0
length: 5
createVersion: 0
pipeline {
  leaderID: ""
  members {
    uuid: "fbb72e40-54b3-4254-bcd2-d86a09a0d730"
    ipAddress: "192.168.34.57"
    hostName: "pr-hdds-1909-kfjhh-925290811"
    ports {
      name: "REST"
      value: 44670
    }
    ports {
      name: "RATIS"
      value: 37236
    }
    ports {
      name: "STANDALONE"
      value: 43847
    }
    networkName: "fbb72e40-54b3-4254-bcd2-d86a09a0d730"
    networkLocation: "/default-rack"
  }
  state: PIPELINE_OPEN
  type: STAND_ALONE
  factor: ONE
  id {
    id: "c94444a6-8039-49a5-aa8d-6e7228e0f34a"
  }
}
]} | ret=SUCCESS |  
2019-08-24 00:37:03,228 | INFO  | SCMAudit | user=jenkins1000 | ip=192.168.34.57 | op=ALLOCATE_BLOCK {owner=372a6af6-a57e-4203-942b-3df9acdb3fd6, size=4194304, type=STAND_ALONE, factor=ONE} | ret=SUCCESS |  
2019-08-24 00:37:03,229 | INFO  | OMAudit | user=jenkins1000 | ip=127.0.0.1 | op=ALLOCATE_KEY {volume=volume93899, bucket=bucket31635, key=lXLiA92, dataSize=4096, replicationType=STAND_ALONE, replicationFactor=ONE, keyLocationInfo=[blockID {
  containerBlockID {
    containerID: 3
    localID: 102669157874270792
  }
  blockCommitSequenceId: 0
}
offset: 0
length: 4194304
createVersion: 0
pipeline {
  leaderID: ""
  members {
    uuid: "fbb72e40-54b3-4254-bcd2-d86a09a0d730"
    ipAddress: "192.168.34.57"
    hostName: "pr-hdds-1909-kfjhh-925290811"
    ports {
      name: "REST"
      value: 44670
    }
    ports {
      name: "RATIS"
      value: 37236
    }
    ports {
      name: "STANDALONE"
      value: 43847
    }
    networkName: "fbb72e40-54b3-4254-bcd2-d86a09a0d730"
    networkLocation: "/default-rack"
  }
  state: PIPELINE_OPEN
  type: STAND_ALONE
  factor: ONE
  id {
    id: "c94444a6-8039-49a5-aa8d-6e7228e0f34a"
  }
}
]} | ret=SUCCESS |  
2019-08-24 00:37:03,231 | INFO  | DNAudit | user=null | ip=null | op=WRITE_CHUNK {blockData=conID: 3 locID: 102669157874270792 bcsId: 0} | ret=SUCCESS |  
2019-08-24 00:37:03,233 | INFO  | DNAudit | user=null | ip=null | op=PUT_BLOCK {blockData=[blockId=conID: 3 locID: 102669157874270792 bcsId: 0,size=5]} | ret=SUCCESS |  
2019-08-24 00:37:03,234 | INFO  | OMAudit | user=jenkins1000 | ip=127.0.0.1 | op=COMMIT_KEY {volume=volume93899, bucket=bucket31635, key=lXLiA92, dataSize=5, replicationType=RATIS, replicationFactor=ONE, keyLocationInfo=[blockID {
  containerBlockID {
    containerID: 3
    localID: 102669157874270792
  }
  blockCommitSequenceId: 0
}
offset: 0
length: 5
createVersion: 0
pipeline {
  leaderID: ""
  members {
    uuid: "fbb72e40-54b3-4254-bcd2-d86a09a0d730"
    ipAddress: "192.168.34.57"
    hostName: "pr-hdds-1909-kfjhh-925290811"
    ports {
      name: "REST"
      value: 44670
    }
    ports {
      name: "RATIS"
      value: 37236
    }
    ports {
      name: "STANDALONE"
      value: 43847
    }
    networkName: "fbb72e40-54b3-4254-bcd2-d86a09a0d730"
    networkLocation: "/default-rack"
  }
  state: PIPELINE_OPEN
  type: STAND_ALONE
  factor: ONE
  id {
    id: "c94444a6-8039-49a5-aa8d-6e7228e0f34a"
  }
}
]} | ret=SUCCESS |  
2019-08-24 00:37:03,236 | INFO  | SCMAudit | user=jenkins1000 | ip=192.168.34.57 | op=ALLOCATE_BLOCK {owner=372a6af6-a57e-4203-942b-3df9acdb3fd6, size=4194304, type=STAND_ALONE, factor=ONE} | ret=SUCCESS |  
2019-08-24 00:37:03,236 | INFO  | OMAudit | user=jenkins1000 | ip=127.0.0.1 | op=ALLOCATE_KEY {volume=volume93899, bucket=bucket31635, key=oSLYS93, dataSize=4096, replicationType=STAND_ALONE, replicationFactor=ONE, keyLocationInfo=[blockID {
  containerBlockID {
    containerID: 1
    localID: 102669157874795082
  }
  blockCommitSequenceId: 0
}
offset: 0
length: 4194304
createVersion: 0
pipeline {
  leaderID: ""
  members {
    uuid: "fbb72e40-54b3-4254-bcd2-d86a09a0d730"
    ipAddress: "192.168.34.57"
    hostName: "pr-hdds-1909-kfjhh-925290811"
    ports {
      name: "REST"
      value: 44670
    }
    ports {
      name: "RATIS"
      value: 37236
    }
    ports {
      name: "STANDALONE"
      value: 43847
    }
    networkName: "fbb72e40-54b3-4254-bcd2-d86a09a0d730"
    networkLocation: "/default-rack"
  }
  state: PIPELINE_OPEN
  type: STAND_ALONE
  factor: ONE
  id {
    id: "c94444a6-8039-49a5-aa8d-6e7228e0f34a"
  }
}
]} | ret=SUCCESS |  
2019-08-24 00:37:03,238 | INFO  | DNAudit | user=null | ip=null | op=WRITE_CHUNK {blockData=conID: 1 locID: 102669157874795082 bcsId: 0} | ret=SUCCESS |  
2019-08-24 00:37:03,240 | INFO  | DNAudit | user=null | ip=null | op=PUT_BLOCK {blockData=[blockId=conID: 1 locID: 102669157874795082 bcsId: 0,size=5]} | ret=SUCCESS |  
2019-08-24 00:37:03,241 | INFO  | OMAudit | user=jenkins1000 | ip=127.0.0.1 | op=COMMIT_KEY {volume=volume93899, bucket=bucket31635, key=oSLYS93, dataSize=5, replicationType=RATIS, replicationFactor=ONE, keyLocationInfo=[blockID {
  containerBlockID {
    containerID: 1
    localID: 102669157874795082
  }
  blockCommitSequenceId: 0
}
offset: 0
length: 5
createVersion: 0
pipeline {
  leaderID: ""
  members {
    uuid: "fbb72e40-54b3-4254-bcd2-d86a09a0d730"
    ipAddress: "192.168.34.57"
    hostName: "pr-hdds-1909-kfjhh-925290811"
    ports {
      name: "REST"
      value: 44670
    }
    ports {
      name: "RATIS"
      value: 37236
    }
    ports {
      name: "STANDALONE"
      value: 43847
    }
    networkName: "fbb72e40-54b3-4254-bcd2-d86a09a0d730"
    networkLocation: "/default-rack"
  }
  state: PIPELINE_OPEN
  type: STAND_ALONE
  factor: ONE
  id {
    id: "c94444a6-8039-49a5-aa8d-6e7228e0f34a"
  }
}
]} | ret=SUCCESS |  
2019-08-24 00:37:03,242 | INFO  | SCMAudit | user=jenkins1000 | ip=192.168.34.57 | op=ALLOCATE_BLOCK {owner=372a6af6-a57e-4203-942b-3df9acdb3fd6, size=4194304, type=STAND_ALONE, factor=ONE} | ret=SUCCESS |  
2019-08-24 00:37:03,243 | INFO  | OMAudit | user=jenkins1000 | ip=127.0.0.1 | op=ALLOCATE_KEY {volume=volume93899, bucket=bucket31635, key=Pcrca94, dataSize=4096, replicationType=STAND_ALONE, replicationFactor=ONE, keyLocationInfo=[blockID {
  containerBlockID {
    containerID: 2
    localID: 102669157875188300
  }
  blockCommitSequenceId: 0
}
offset: 0
length: 4194304
createVersion: 0
pipeline {
  leaderID: ""
  members {
    uuid: "fbb72e40-54b3-4254-bcd2-d86a09a0d730"
    ipAddress: "192.168.34.57"
    hostName: "pr-hdds-1909-kfjhh-925290811"
    ports {
      name: "REST"
      value: 44670
    }
    ports {
      name: "RATIS"
      value: 37236
    }
    ports {
      name: "STANDALONE"
      value: 43847
    }
    networkName: "fbb72e40-54b3-4254-bcd2-d86a09a0d730"
    networkLocation: "/default-rack"
  }
  state: PIPELINE_OPEN
  type: STAND_ALONE
  factor: ONE
  id {
    id: "c94444a6-8039-49a5-aa8d-6e7228e0f34a"
  }
}
]} | ret=SUCCESS |  
2019-08-24 00:37:03,245 | INFO  | DNAudit | user=null | ip=null | op=WRITE_CHUNK {blockData=conID: 2 locID: 102669157875188300 bcsId: 0} | ret=SUCCESS |  
2019-08-24 00:37:03,247 | INFO  | DNAudit | user=null | ip=null | op=PUT_BLOCK {blockData=[blockId=conID: 2 locID: 102669157875188300 bcsId: 0,size=5]} | ret=SUCCESS |  
2019-08-24 00:37:03,248 | INFO  | OMAudit | user=jenkins1000 | ip=127.0.0.1 | op=COMMIT_KEY {volume=volume93899, bucket=bucket31635, key=Pcrca94, dataSize=5, replicationType=RATIS, replicationFactor=ONE, keyLocationInfo=[blockID {
  containerBlockID {
    containerID: 2
    localID: 102669157875188300
  }
  blockCommitSequenceId: 0
}
offset: 0
length: 5
createVersion: 0
pipeline {
  leaderID: ""
  members {
    uuid: "fbb72e40-54b3-4254-bcd2-d86a09a0d730"
    ipAddress: "192.168.34.57"
    hostName: "pr-hdds-1909-kfjhh-925290811"
    ports {
      name: "REST"
      value: 44670
    }
    ports {
      name: "RATIS"
      value: 37236
    }
    ports {
      name: "STANDALONE"
      value: 43847
    }
    networkName: "fbb72e40-54b3-4254-bcd2-d86a09a0d730"
    networkLocation: "/default-rack"
  }
  state: PIPELINE_OPEN
  type: STAND_ALONE
  factor: ONE
  id {
    id: "c94444a6-8039-49a5-aa8d-6e7228e0f34a"
  }
}
]} | ret=SUCCESS |  
2019-08-24 00:37:03,249 | INFO  | SCMAudit | user=jenkins1000 | ip=192.168.34.57 | op=ALLOCATE_BLOCK {owner=372a6af6-a57e-4203-942b-3df9acdb3fd6, size=4194304, type=STAND_ALONE, factor=ONE} | ret=SUCCESS |  
2019-08-24 00:37:03,250 | INFO  | OMAudit | user=jenkins1000 | ip=127.0.0.1 | op=ALLOCATE_KEY {volume=volume93899, bucket=bucket31635, key=JQvSO95, dataSize=4096, replicationType=STAND_ALONE, replicationFactor=ONE, keyLocationInfo=[blockID {
  containerBlockID {
    containerID: 3
    localID: 102669157875647054
  }
  blockCommitSequenceId: 0
}
offset: 0
length: 4194304
createVersion: 0
pipeline {
  leaderID: ""
  members {
    uuid: "fbb72e40-54b3-4254-bcd2-d86a09a0d730"
    ipAddress: "192.168.34.57"
    hostName: "pr-hdds-1909-kfjhh-925290811"
    ports {
      name: "REST"
      value: 44670
    }
    ports {
      name: "RATIS"
      value: 37236
    }
    ports {
      name: "STANDALONE"
      value: 43847
    }
    networkName: "fbb72e40-54b3-4254-bcd2-d86a09a0d730"
    networkLocation: "/default-rack"
  }
  state: PIPELINE_OPEN
  type: STAND_ALONE
  factor: ONE
  id {
    id: "c94444a6-8039-49a5-aa8d-6e7228e0f34a"
  }
}
]} | ret=SUCCESS |  
2019-08-24 00:37:03,252 | INFO  | DNAudit | user=null | ip=null | op=WRITE_CHUNK {blockData=conID: 3 locID: 102669157875647054 bcsId: 0} | ret=SUCCESS |  
2019-08-24 00:37:03,254 | INFO  | DNAudit | user=null | ip=null | op=PUT_BLOCK {blockData=[blockId=conID: 3 locID: 102669157875647054 bcsId: 0,size=5]} | ret=SUCCESS |  
2019-08-24 00:37:03,256 | INFO  | OMAudit | user=jenkins1000 | ip=127.0.0.1 | op=COMMIT_KEY {volume=volume93899, bucket=bucket31635, key=JQvSO95, dataSize=5, replicationType=RATIS, replicationFactor=ONE, keyLocationInfo=[blockID {
  containerBlockID {
    containerID: 3
    localID: 102669157875647054
  }
  blockCommitSequenceId: 0
}
offset: 0
length: 5
createVersion: 0
pipeline {
  leaderID: ""
  members {
    uuid: "fbb72e40-54b3-4254-bcd2-d86a09a0d730"
    ipAddress: "192.168.34.57"
    hostName: "pr-hdds-1909-kfjhh-925290811"
    ports {
      name: "REST"
      value: 44670
    }
    ports {
      name: "RATIS"
      value: 37236
    }
    ports {
      name: "STANDALONE"
      value: 43847
    }
    networkName: "fbb72e40-54b3-4254-bcd2-d86a09a0d730"
    networkLocation: "/default-rack"
  }
  state: PIPELINE_OPEN
  type: STAND_ALONE
  factor: ONE
  id {
    id: "c94444a6-8039-49a5-aa8d-6e7228e0f34a"
  }
}
]} | ret=SUCCESS |  
2019-08-24 00:37:03,257 | INFO  | SCMAudit | user=jenkins1000 | ip=192.168.34.57 | op=ALLOCATE_BLOCK {owner=372a6af6-a57e-4203-942b-3df9acdb3fd6, size=4194304, type=STAND_ALONE, factor=ONE} | ret=SUCCESS |  
2019-08-24 00:37:03,259 | INFO  | OMAudit | user=jenkins1000 | ip=127.0.0.1 | op=ALLOCATE_KEY {volume=volume93899, bucket=bucket31635, key=yXpga96, dataSize=4096, replicationType=STAND_ALONE, replicationFactor=ONE, keyLocationInfo=[blockID {
  containerBlockID {
    containerID: 1
    localID: 102669157876171344
  }
  blockCommitSequenceId: 0
}
offset: 0
length: 4194304
createVersion: 0
pipeline {
  leaderID: ""
  members {
    uuid: "fbb72e40-54b3-4254-bcd2-d86a09a0d730"
    ipAddress: "192.168.34.57"
    hostName: "pr-hdds-1909-kfjhh-925290811"
    ports {
      name: "REST"
      value: 44670
    }
    ports {
      name: "RATIS"
      value: 37236
    }
    ports {
      name: "STANDALONE"
      value: 43847
    }
    networkName: "fbb72e40-54b3-4254-bcd2-d86a09a0d730"
    networkLocation: "/default-rack"
  }
  state: PIPELINE_OPEN
  type: STAND_ALONE
  factor: ONE
  id {
    id: "c94444a6-8039-49a5-aa8d-6e7228e0f34a"
  }
}
]} | ret=SUCCESS |  
2019-08-24 00:37:03,261 | INFO  | DNAudit | user=null | ip=null | op=WRITE_CHUNK {blockData=conID: 1 locID: 102669157876171344 bcsId: 0} | ret=SUCCESS |  
2019-08-24 00:37:03,263 | INFO  | DNAudit | user=null | ip=null | op=PUT_BLOCK {blockData=[blockId=conID: 1 locID: 102669157876171344 bcsId: 0,size=5]} | ret=SUCCESS |  
2019-08-24 00:37:03,265 | INFO  | OMAudit | user=jenkins1000 | ip=127.0.0.1 | op=COMMIT_KEY {volume=volume93899, bucket=bucket31635, key=yXpga96, dataSize=5, replicationType=RATIS, replicationFactor=ONE, keyLocationInfo=[blockID {
  containerBlockID {
    containerID: 1
    localID: 102669157876171344
  }
  blockCommitSequenceId: 0
}
offset: 0
length: 5
createVersion: 0
pipeline {
  leaderID: ""
  members {
    uuid: "fbb72e40-54b3-4254-bcd2-d86a09a0d730"
    ipAddress: "192.168.34.57"
    hostName: "pr-hdds-1909-kfjhh-925290811"
    ports {
      name: "REST"
      value: 44670
    }
    ports {
      name: "RATIS"
      value: 37236
    }
    ports {
      name: "STANDALONE"
      value: 43847
    }
    networkName: "fbb72e40-54b3-4254-bcd2-d86a09a0d730"
    networkLocation: "/default-rack"
  }
  state: PIPELINE_OPEN
  type: STAND_ALONE
  factor: ONE
  id {
    id: "c94444a6-8039-49a5-aa8d-6e7228e0f34a"
  }
}
]} | ret=SUCCESS |  
2019-08-24 00:37:03,266 | INFO  | SCMAudit | user=jenkins1000 | ip=192.168.34.57 | op=ALLOCATE_BLOCK {owner=372a6af6-a57e-4203-942b-3df9acdb3fd6, size=4194304, type=STAND_ALONE, factor=ONE} | ret=SUCCESS |  
2019-08-24 00:37:03,267 | INFO  | OMAudit | user=jenkins1000 | ip=127.0.0.1 | op=ALLOCATE_KEY {volume=volume93899, bucket=bucket31635, key=aMpFc97, dataSize=4096, replicationType=STAND_ALONE, replicationFactor=ONE, keyLocationInfo=[blockID {
  containerBlockID {
    containerID: 2
    localID: 102669157876761170
  }
  blockCommitSequenceId: 0
}
offset: 0
length: 4194304
createVersion: 0
pipeline {
  leaderID: ""
  members {
    uuid: "fbb72e40-54b3-4254-bcd2-d86a09a0d730"
    ipAddress: "192.168.34.57"
    hostName: "pr-hdds-1909-kfjhh-925290811"
    ports {
      name: "REST"
      value: 44670
    }
    ports {
      name: "RATIS"
      value: 37236
    }
    ports {
      name: "STANDALONE"
      value: 43847
    }
    networkName: "fbb72e40-54b3-4254-bcd2-d86a09a0d730"
    networkLocation: "/default-rack"
  }
  state: PIPELINE_OPEN
  type: STAND_ALONE
  factor: ONE
  id {
    id: "c94444a6-8039-49a5-aa8d-6e7228e0f34a"
  }
}
]} | ret=SUCCESS |  
2019-08-24 00:37:03,274 | INFO  | DNAudit | user=null | ip=null | op=WRITE_CHUNK {blockData=conID: 2 locID: 102669157876761170 bcsId: 0} | ret=SUCCESS |  
2019-08-24 00:37:03,276 | INFO  | DNAudit | user=null | ip=null | op=PUT_BLOCK {blockData=[blockId=conID: 2 locID: 102669157876761170 bcsId: 0,size=5]} | ret=SUCCESS |  
2019-08-24 00:37:03,278 | INFO  | OMAudit | user=jenkins1000 | ip=127.0.0.1 | op=COMMIT_KEY {volume=volume93899, bucket=bucket31635, key=aMpFc97, dataSize=5, replicationType=RATIS, replicationFactor=ONE, keyLocationInfo=[blockID {
  containerBlockID {
    containerID: 2
    localID: 102669157876761170
  }
  blockCommitSequenceId: 0
}
offset: 0
length: 5
createVersion: 0
pipeline {
  leaderID: ""
  members {
    uuid: "fbb72e40-54b3-4254-bcd2-d86a09a0d730"
    ipAddress: "192.168.34.57"
    hostName: "pr-hdds-1909-kfjhh-925290811"
    ports {
      name: "REST"
      value: 44670
    }
    ports {
      name: "RATIS"
      value: 37236
    }
    ports {
      name: "STANDALONE"
      value: 43847
    }
    networkName: "fbb72e40-54b3-4254-bcd2-d86a09a0d730"
    networkLocation: "/default-rack"
  }
  state: PIPELINE_OPEN
  type: STAND_ALONE
  factor: ONE
  id {
    id: "c94444a6-8039-49a5-aa8d-6e7228e0f34a"
  }
}
]} | ret=SUCCESS |  
2019-08-24 00:37:03,279 | INFO  | SCMAudit | user=jenkins1000 | ip=192.168.34.57 | op=ALLOCATE_BLOCK {owner=372a6af6-a57e-4203-942b-3df9acdb3fd6, size=4194304, type=STAND_ALONE, factor=ONE} | ret=SUCCESS |  
2019-08-24 00:37:03,280 | INFO  | OMAudit | user=jenkins1000 | ip=127.0.0.1 | op=ALLOCATE_KEY {volume=volume93899, bucket=bucket31635, key=JTWVk98, dataSize=4096, replicationType=STAND_ALONE, replicationFactor=ONE, keyLocationInfo=[blockID {
  containerBlockID {
    containerID: 3
    localID: 102669157877613140
  }
  blockCommitSequenceId: 0
}
offset: 0
length: 4194304
createVersion: 0
pipeline {
  leaderID: ""
  members {
    uuid: "fbb72e40-54b3-4254-bcd2-d86a09a0d730"
    ipAddress: "192.168.34.57"
    hostName: "pr-hdds-1909-kfjhh-925290811"
    ports {
      name: "REST"
      value: 44670
    }
    ports {
      name: "RATIS"
      value: 37236
    }
    ports {
      name: "STANDALONE"
      value: 43847
    }
    networkName: "fbb72e40-54b3-4254-bcd2-d86a09a0d730"
    networkLocation: "/default-rack"
  }
  state: PIPELINE_OPEN
  type: STAND_ALONE
  factor: ONE
  id {
    id: "c94444a6-8039-49a5-aa8d-6e7228e0f34a"
  }
}
]} | ret=SUCCESS |  
2019-08-24 00:37:03,283 | INFO  | DNAudit | user=null | ip=null | op=WRITE_CHUNK {blockData=conID: 3 locID: 102669157877613140 bcsId: 0} | ret=SUCCESS |  
2019-08-24 00:37:03,285 | INFO  | DNAudit | user=null | ip=null | op=PUT_BLOCK {blockData=[blockId=conID: 3 locID: 102669157877613140 bcsId: 0,size=5]} | ret=SUCCESS |  
2019-08-24 00:37:03,286 | INFO  | OMAudit | user=jenkins1000 | ip=127.0.0.1 | op=COMMIT_KEY {volume=volume93899, bucket=bucket31635, key=JTWVk98, dataSize=5, replicationType=RATIS, replicationFactor=ONE, keyLocationInfo=[blockID {
  containerBlockID {
    containerID: 3
    localID: 102669157877613140
  }
  blockCommitSequenceId: 0
}
offset: 0
length: 5
createVersion: 0
pipeline {
  leaderID: ""
  members {
    uuid: "fbb72e40-54b3-4254-bcd2-d86a09a0d730"
    ipAddress: "192.168.34.57"
    hostName: "pr-hdds-1909-kfjhh-925290811"
    ports {
      name: "REST"
      value: 44670
    }
    ports {
      name: "RATIS"
      value: 37236
    }
    ports {
      name: "STANDALONE"
      value: 43847
    }
    networkName: "fbb72e40-54b3-4254-bcd2-d86a09a0d730"
    networkLocation: "/default-rack"
  }
  state: PIPELINE_OPEN
  type: STAND_ALONE
  factor: ONE
  id {
    id: "c94444a6-8039-49a5-aa8d-6e7228e0f34a"
  }
}
]} | ret=SUCCESS |  
2019-08-24 00:37:03,288 | INFO  | SCMAudit | user=jenkins1000 | ip=192.168.34.57 | op=ALLOCATE_BLOCK {owner=372a6af6-a57e-4203-942b-3df9acdb3fd6, size=4194304, type=STAND_ALONE, factor=ONE} | ret=SUCCESS |  
2019-08-24 00:37:03,289 | INFO  | OMAudit | user=jenkins1000 | ip=127.0.0.1 | op=ALLOCATE_KEY {volume=volume93899, bucket=bucket31635, key=PDQjW99, dataSize=4096, replicationType=STAND_ALONE, replicationFactor=ONE, keyLocationInfo=[blockID {
  containerBlockID {
    containerID: 1
    localID: 102669157878202966
  }
  blockCommitSequenceId: 0
}
offset: 0
length: 4194304
createVersion: 0
pipeline {
  leaderID: ""
  members {
    uuid: "fbb72e40-54b3-4254-bcd2-d86a09a0d730"
    ipAddress: "192.168.34.57"
    hostName: "pr-hdds-1909-kfjhh-925290811"
    ports {
      name: "REST"
      value: 44670
    }
    ports {
      name: "RATIS"
      value: 37236
    }
    ports {
      name: "STANDALONE"
      value: 43847
    }
    networkName: "fbb72e40-54b3-4254-bcd2-d86a09a0d730"
    networkLocation: "/default-rack"
  }
  state: PIPELINE_OPEN
  type: STAND_ALONE
  factor: ONE
  id {
    id: "c94444a6-8039-49a5-aa8d-6e7228e0f34a"
  }
}
]} | ret=SUCCESS |  
2019-08-24 00:37:03,291 | INFO  | DNAudit | user=null | ip=null | op=WRITE_CHUNK {blockData=conID: 1 locID: 102669157878202966 bcsId: 0} | ret=SUCCESS |  
2019-08-24 00:37:03,294 | INFO  | DNAudit | user=null | ip=null | op=PUT_BLOCK {blockData=[blockId=conID: 1 locID: 102669157878202966 bcsId: 0,size=5]} | ret=SUCCESS |  
2019-08-24 00:37:03,295 | INFO  | OMAudit | user=jenkins1000 | ip=127.0.0.1 | op=COMMIT_KEY {volume=volume93899, bucket=bucket31635, key=PDQjW99, dataSize=5, replicationType=RATIS, replicationFactor=ONE, keyLocationInfo=[blockID {
  containerBlockID {
    containerID: 1
    localID: 102669157878202966
  }
  blockCommitSequenceId: 0
}
offset: 0
length: 5
createVersion: 0
pipeline {
  leaderID: ""
  members {
    uuid: "fbb72e40-54b3-4254-bcd2-d86a09a0d730"
    ipAddress: "192.168.34.57"
    hostName: "pr-hdds-1909-kfjhh-925290811"
    ports {
      name: "REST"
      value: 44670
    }
    ports {
      name: "RATIS"
      value: 37236
    }
    ports {
      name: "STANDALONE"
      value: 43847
    }
    networkName: "fbb72e40-54b3-4254-bcd2-d86a09a0d730"
    networkLocation: "/default-rack"
  }
  state: PIPELINE_OPEN
  type: STAND_ALONE
  factor: ONE
  id {
    id: "c94444a6-8039-49a5-aa8d-6e7228e0f34a"
  }
}
]} | ret=SUCCESS |  
2019-08-24 00:37:03,305 | INFO  | SCMAudit | user=jenkins1000 | ip=192.168.34.57 | op=GET_CONTAINER_WITH_PIPELINE {containerID=#3} | ret=SUCCESS |  
2019-08-24 00:37:03,306 | INFO  | OMAudit | user=null | ip=null | op=READ_KEY {volume=volume93899, bucket=bucket31635, key=LiSnc44, dataSize=0, replicationType=null, replicationFactor=null, keyLocationInfo=null} | ret=SUCCESS |  
2019-08-24 00:37:03,307 | INFO  | SCMAudit | user=jenkins1000 | ip=192.168.34.57 | op=GET_CONTAINER_WITH_PIPELINE {containerID=#2} | ret=SUCCESS |  
2019-08-24 00:37:03,308 | INFO  | OMAudit | user=null | ip=null | op=READ_KEY {volume=volume93899, bucket=bucket31635, key=WmekZ64, dataSize=0, replicationType=null, replicationFactor=null, keyLocationInfo=null} | ret=SUCCESS |  
2019-08-24 00:37:03,308 | INFO  | SCMAudit | user=jenkins1000 | ip=192.168.34.57 | op=GET_CONTAINER_WITH_PIPELINE {containerID=#2} | ret=SUCCESS |  
2019-08-24 00:37:03,309 | INFO  | OMAudit | user=null | ip=null | op=READ_KEY {volume=volume93899, bucket=bucket31635, key=HwWii52, dataSize=0, replicationType=null, replicationFactor=null, keyLocationInfo=null} | ret=SUCCESS |  
2019-08-24 00:37:03,309 | INFO  | SCMAudit | user=jenkins1000 | ip=192.168.34.57 | op=GET_CONTAINER_WITH_PIPELINE {containerID=#2} | ret=SUCCESS |  
2019-08-24 00:37:03,310 | INFO  | OMAudit | user=null | ip=null | op=READ_KEY {volume=volume93899, bucket=bucket31635, key=tpCZN28, dataSize=0, replicationType=null, replicationFactor=null, keyLocationInfo=null} | ret=SUCCESS |  
2019-08-24 00:37:03,311 | INFO  | SCMAudit | user=jenkins1000 | ip=192.168.34.57 | op=GET_CONTAINER_WITH_PIPELINE {containerID=#1} | ret=SUCCESS |  
2019-08-24 00:37:03,311 | INFO  | OMAudit | user=null | ip=null | op=READ_KEY {volume=volume93899, bucket=bucket31635, key=qhIht15, dataSize=0, replicationType=null, replicationFactor=null, keyLocationInfo=null} | ret=SUCCESS |  
2019-08-24 00:37:03,312 | INFO  | SCMAudit | user=jenkins1000 | ip=192.168.34.57 | op=GET_CONTAINER_WITH_PIPELINE {containerID=#2} | ret=SUCCESS |  
2019-08-24 00:37:03,312 | INFO  | OMAudit | user=null | ip=null | op=READ_KEY {volume=volume93899, bucket=bucket31635, key=woYBd46, dataSize=0, replicationType=null, replicationFactor=null, keyLocationInfo=null} | ret=SUCCESS |  
2019-08-24 00:37:03,313 | INFO  | SCMAudit | user=jenkins1000 | ip=192.168.34.57 | op=GET_CONTAINER_WITH_PIPELINE {containerID=#2} | ret=SUCCESS |  
2019-08-24 00:37:03,313 | INFO  | OMAudit | user=null | ip=null | op=READ_KEY {volume=volume93899, bucket=bucket31635, key=SFwlJ37, dataSize=0, replicationType=null, replicationFactor=null, keyLocationInfo=null} | ret=SUCCESS |  
2019-08-24 00:37:03,314 | INFO  | SCMAudit | user=jenkins1000 | ip=192.168.34.57 | op=GET_CONTAINER_WITH_PIPELINE {containerID=#3} | ret=SUCCESS |  
2019-08-24 00:37:03,314 | INFO  | OMAudit | user=null | ip=null | op=READ_KEY {volume=volume93899, bucket=bucket31635, key=HZpPg65, dataSize=0, replicationType=null, replicationFactor=null, keyLocationInfo=null} | ret=SUCCESS |  
2019-08-24 00:37:03,315 | INFO  | SCMAudit | user=jenkins1000 | ip=192.168.34.57 | op=GET_CONTAINER_WITH_PIPELINE {containerID=#3} | ret=SUCCESS |  
2019-08-24 00:37:03,316 | INFO  | OMAudit | user=null | ip=null | op=READ_KEY {volume=volume93899, bucket=bucket31635, key=VyYWO26, dataSize=0, replicationType=null, replicationFactor=null, keyLocationInfo=null} | ret=SUCCESS |  
2019-08-24 00:37:03,316 | INFO  | SCMAudit | user=jenkins1000 | ip=192.168.34.57 | op=GET_CONTAINER_WITH_PIPELINE {containerID=#3} | ret=SUCCESS |  
2019-08-24 00:37:03,317 | INFO  | OMAudit | user=null | ip=null | op=READ_KEY {volume=volume93899, bucket=bucket31635, key=uegum41, dataSize=0, replicationType=null, replicationFactor=null, keyLocationInfo=null} | ret=SUCCESS |  
2019-08-24 00:37:03,317 | INFO  | SCMAudit | user=jenkins1000 | ip=192.168.34.57 | op=GET_CONTAINER_WITH_PIPELINE {containerID=#2} | ret=SUCCESS |  
2019-08-24 00:37:03,318 | INFO  | OMAudit | user=null | ip=null | op=READ_KEY {volume=volume93899, bucket=bucket31635, key=aZixX40, dataSize=0, replicationType=null, replicationFactor=null, keyLocationInfo=null} | ret=SUCCESS |  
2019-08-24 00:37:03,319 | INFO  | SCMAudit | user=jenkins1000 | ip=192.168.34.57 | op=GET_CONTAINER_WITH_PIPELINE {containerID=#1} | ret=SUCCESS |  
2019-08-24 00:37:03,319 | INFO  | OMAudit | user=null | ip=null | op=READ_KEY {volume=volume93899, bucket=bucket31635, key=yXpga96, dataSize=0, replicationType=null, replicationFactor=null, keyLocationInfo=null} | ret=SUCCESS |  
2019-08-24 00:37:03,320 | INFO  | SCMAudit | user=jenkins1000 | ip=192.168.34.57 | op=GET_CONTAINER_WITH_PIPELINE {containerID=#2} | ret=SUCCESS |  
2019-08-24 00:37:03,321 | INFO  | OMAudit | user=null | ip=null | op=READ_KEY {volume=volume93899, bucket=bucket31635, key=hZvaH76, dataSize=0, replicationType=null, replicationFactor=null, keyLocationInfo=null} | ret=SUCCESS |  
2019-08-24 00:37:03,321 | INFO  | SCMAudit | user=jenkins1000 | ip=192.168.34.57 | op=GET_CONTAINER_WITH_PIPELINE {containerID=#2} | ret=SUCCESS |  
2019-08-24 00:37:03,321 | INFO  | OMAudit | user=null | ip=null | op=READ_KEY {volume=volume93899, bucket=bucket31635, key=gXTaR67, dataSize=0, replicationType=null, replicationFactor=null, keyLocationInfo=null} | ret=SUCCESS |  
2019-08-24 00:37:03,322 | INFO  | SCMAudit | user=jenkins1000 | ip=192.168.34.57 | op=GET_CONTAINER_WITH_PIPELINE {containerID=#3} | ret=SUCCESS |  
2019-08-24 00:37:03,323 | INFO  | OMAudit | user=null | ip=null | op=READ_KEY {volume=volume93899, bucket=bucket31635, key=lsVqL80, dataSize=0, replicationType=null, replicationFactor=null, keyLocationInfo=null} | ret=SUCCESS |  
2019-08-24 00:37:03,325 | INFO  | SCMAudit | user=jenkins1000 | ip=192.168.34.57 | op=GET_CONTAINER_WITH_PIPELINE {containerID=#3} | ret=SUCCESS |  
2019-08-24 00:37:03,326 | INFO  | SCMAudit | user=jenkins1000 | ip=192.168.34.57 | op=SEND_HEARTBEAT {datanodeUUID=fbb72e40-54b3-4254-bcd2-d86a09a0d730, command=[]} | ret=SUCCESS |  
2019-08-24 00:37:03,326 | INFO  | OMAudit | user=null | ip=null | op=READ_KEY {volume=volume93899, bucket=bucket31635, key=BPXzb2, dataSize=0, replicationType=null, replicationFactor=null, keyLocationInfo=null} | ret=SUCCESS |  
2019-08-24 00:37:03,327 | INFO  | SCMAudit | user=jenkins1000 | ip=192.168.34.57 | op=GET_CONTAINER_WITH_PIPELINE {containerID=#2} | ret=SUCCESS |  
2019-08-24 00:37:03,327 | INFO  | OMAudit | user=null | ip=null | op=READ_KEY {volume=volume93899, bucket=bucket31635, key=KYqHC10, dataSize=0, replicationType=null, replicationFactor=null, keyLocationInfo=null} | ret=SUCCESS |  
2019-08-24 00:37:03,328 | INFO  | SCMAudit | user=jenkins1000 | ip=192.168.34.57 | op=GET_CONTAINER_WITH_PIPELINE {containerID=#2} | ret=SUCCESS |  
2019-08-24 00:37:03,329 | INFO  | OMAudit | user=null | ip=null | op=READ_KEY {volume=volume93899, bucket=bucket31635, key=tFDvs70, dataSize=0, replicationType=null, replicationFactor=null, keyLocationInfo=null} | ret=SUCCESS |  
2019-08-24 00:37:03,330 | INFO  | SCMAudit | user=jenkins1000 | ip=192.168.34.57 | op=GET_CONTAINER_WITH_PIPELINE {containerID=#3} | ret=SUCCESS |  
2019-08-24 00:37:03,330 | INFO  | OMAudit | user=null | ip=null | op=READ_KEY {volume=volume93899, bucket=bucket31635, key=NeWWZ68, dataSize=0, replicationType=null, replicationFactor=null, keyLocationInfo=null} | ret=SUCCESS |  
2019-08-24 00:37:03,331 | INFO  | SCMAudit | user=jenkins1000 | ip=192.168.34.57 | op=GET_CONTAINER_WITH_PIPELINE {containerID=#2} | ret=SUCCESS |  
2019-08-24 00:37:03,331 | INFO  | OMAudit | user=null | ip=null | op=READ_KEY {volume=volume93899, bucket=bucket31635, key=CRrPl16, dataSize=0, replicationType=null, replicationFactor=null, keyLocationInfo=null} | ret=SUCCESS |  
2019-08-24 00:37:03,332 | INFO  | SCMAudit | user=jenkins1000 | ip=192.168.34.57 | op=GET_CONTAINER_WITH_PIPELINE {containerID=#2} | ret=SUCCESS |  
2019-08-24 00:37:03,332 | INFO  | OMAudit | user=null | ip=null | op=READ_KEY {volume=volume93899, bucket=bucket31635, key=kVTPD58, dataSize=0, replicationType=null, replicationFactor=null, keyLocationInfo=null} | ret=SUCCESS |  
2019-08-24 00:37:03,333 | INFO  | SCMAudit | user=jenkins1000 | ip=192.168.34.57 | op=GET_CONTAINER_WITH_PIPELINE {containerID=#1} | ret=SUCCESS |  
2019-08-24 00:37:03,333 | INFO  | OMAudit | user=null | ip=null | op=READ_KEY {volume=volume93899, bucket=bucket31635, key=yeSjF9, dataSize=0, replicationType=null, replicationFactor=null, keyLocationInfo=null} | ret=SUCCESS |  
2019-08-24 00:37:03,333 | INFO  | SCMAudit | user=jenkins1000 | ip=192.168.34.57 | op=GET_CONTAINER_WITH_PIPELINE {containerID=#1} | ret=SUCCESS |  
2019-08-24 00:37:03,334 | INFO  | OMAudit | user=null | ip=null | op=READ_KEY {volume=volume93899, bucket=bucket31635, key=UhDQi72, dataSize=0, replicationType=null, replicationFactor=null, keyLocationInfo=null} | ret=SUCCESS |  
2019-08-24 00:37:03,334 | INFO  | SCMAudit | user=jenkins1000 | ip=192.168.34.57 | op=GET_CONTAINER_WITH_PIPELINE {containerID=#2} | ret=SUCCESS |  
2019-08-24 00:37:03,335 | INFO  | OMAudit | user=null | ip=null | op=READ_KEY {volume=volume93899, bucket=bucket31635, key=YpZfU1, dataSize=0, replicationType=null, replicationFactor=null, keyLocationInfo=null} | ret=SUCCESS |  
2019-08-24 00:37:03,335 | INFO  | SCMAudit | user=jenkins1000 | ip=192.168.34.57 | op=GET_CONTAINER_WITH_PIPELINE {containerID=#3} | ret=SUCCESS |  
2019-08-24 00:37:03,336 | INFO  | OMAudit | user=null | ip=null | op=READ_KEY {volume=volume93899, bucket=bucket31635, key=MSOYD83, dataSize=0, replicationType=null, replicationFactor=null, keyLocationInfo=null} | ret=SUCCESS |  
2019-08-24 00:37:03,336 | INFO  | SCMAudit | user=jenkins1000 | ip=192.168.34.57 | op=GET_CONTAINER_WITH_PIPELINE {containerID=#3} | ret=SUCCESS |  
2019-08-24 00:37:03,337 | INFO  | OMAudit | user=null | ip=null | op=READ_KEY {volume=volume93899, bucket=bucket31635, key=yznor8, dataSize=0, replicationType=null, replicationFactor=null, keyLocationInfo=null} | ret=SUCCESS |  
2019-08-24 00:37:03,337 | INFO  | SCMAudit | user=jenkins1000 | ip=192.168.34.57 | op=GET_CONTAINER_WITH_PIPELINE {containerID=#1} | ret=SUCCESS |  
2019-08-24 00:37:03,337 | INFO  | OMAudit | user=null | ip=null | op=READ_KEY {volume=volume93899, bucket=bucket31635, key=jeGIP90, dataSize=0, replicationType=null, replicationFactor=null, keyLocationInfo=null} | ret=SUCCESS |  
2019-08-24 00:37:03,338 | INFO  | SCMAudit | user=jenkins1000 | ip=192.168.34.57 | op=GET_CONTAINER_WITH_PIPELINE {containerID=#1} | ret=SUCCESS |  
2019-08-24 00:37:03,338 | INFO  | OMAudit | user=null | ip=null | op=READ_KEY {volume=volume93899, bucket=bucket31635, key=GGnZW78, dataSize=0, replicationType=null, replicationFactor=null, keyLocationInfo=null} | ret=SUCCESS |  
2019-08-24 00:37:03,339 | INFO  | SCMAudit | user=jenkins1000 | ip=192.168.34.57 | op=GET_CONTAINER_WITH_PIPELINE {containerID=#3} | ret=SUCCESS |  
2019-08-24 00:37:03,339 | INFO  | OMAudit | user=null | ip=null | op=READ_KEY {volume=volume93899, bucket=bucket31635, key=JTWVk98, dataSize=0, replicationType=null, replicationFactor=null, keyLocationInfo=null} | ret=SUCCESS |  
2019-08-24 00:37:03,340 | INFO  | SCMAudit | user=jenkins1000 | ip=192.168.34.57 | op=GET_CONTAINER_WITH_PIPELINE {containerID=#2} | ret=SUCCESS |  
2019-08-24 00:37:03,340 | INFO  | OMAudit | user=null | ip=null | op=READ_KEY {volume=volume93899, bucket=bucket31635, key=tyNRM88, dataSize=0, replicationType=null, replicationFactor=null, keyLocationInfo=null} | ret=SUCCESS |  
2019-08-24 00:37:03,341 | INFO  | SCMAudit | user=jenkins1000 | ip=192.168.34.57 | op=GET_CONTAINER_WITH_PIPELINE {containerID=#2} | ret=SUCCESS |  
2019-08-24 00:37:03,341 | INFO  | OMAudit | user=null | ip=null | op=READ_KEY {volume=volume93899, bucket=bucket31635, key=PGdjj49, dataSize=0, replicationType=null, replicationFactor=null, keyLocationInfo=null} | ret=SUCCESS |  
2019-08-24 00:37:03,342 | INFO  | SCMAudit | user=jenkins1000 | ip=192.168.34.57 | op=GET_CONTAINER_WITH_PIPELINE {containerID=#2} | ret=SUCCESS |  
2019-08-24 00:37:03,342 | INFO  | OMAudit | user=null | ip=null | op=READ_KEY {volume=volume93899, bucket=bucket31635, key=DZnmh13, dataSize=0, replicationType=null, replicationFactor=null, keyLocationInfo=null} | ret=SUCCESS |  
2019-08-24 00:37:03,342 | INFO  | SCMAudit | user=jenkins1000 | ip=192.168.34.57 | op=GET_CONTAINER_WITH_PIPELINE {containerID=#2} | ret=SUCCESS |  
2019-08-24 00:37:03,343 | INFO  | OMAudit | user=null | ip=null | op=READ_KEY {volume=volume93899, bucket=bucket31635, key=BXcum34, dataSize=0, replicationType=null, replicationFactor=null, keyLocationInfo=null} | ret=SUCCESS |  
2019-08-24 00:37:03,343 | INFO  | SCMAudit | user=jenkins1000 | ip=192.168.34.57 | op=GET_CONTAINER_WITH_PIPELINE {containerID=#3} | ret=SUCCESS |  
2019-08-24 00:37:03,344 | INFO  | OMAudit | user=null | ip=null | op=READ_KEY {volume=volume93899, bucket=bucket31635, key=xwkAP71, dataSize=0, replicationType=null, replicationFactor=null, keyLocationInfo=null} | ret=SUCCESS |  
2019-08-24 00:37:03,344 | INFO  | SCMAudit | user=jenkins1000 | ip=192.168.34.57 | op=GET_CONTAINER_WITH_PIPELINE {containerID=#2} | ret=SUCCESS |  
2019-08-24 00:37:03,344 | INFO  | OMAudit | user=null | ip=null | op=READ_KEY {volume=volume93899, bucket=bucket31635, key=YYVVV7, dataSize=0, replicationType=null, replicationFactor=null, keyLocationInfo=null} | ret=SUCCESS |  
2019-08-24 00:37:03,345 | INFO  | SCMAudit | user=jenkins1000 | ip=192.168.34.57 | op=GET_CONTAINER_WITH_PIPELINE {containerID=#3} | ret=SUCCESS |  
2019-08-24 00:37:03,345 | INFO  | OMAudit | user=null | ip=null | op=READ_KEY {volume=volume93899, bucket=bucket31635, key=JQvSO95, dataSize=0, replicationType=null, replicationFactor=null, keyLocationInfo=null} | ret=SUCCESS |  
2019-08-24 00:37:03,346 | INFO  | SCMAudit | user=jenkins1000 | ip=192.168.34.57 | op=GET_CONTAINER_WITH_PIPELINE {containerID=#3} | ret=SUCCESS |  
2019-08-24 00:37:03,346 | INFO  | OMAudit | user=null | ip=null | op=READ_KEY {volume=volume93899, bucket=bucket31635, key=pTVLV56, dataSize=0, replicationType=null, replicationFactor=null, keyLocationInfo=null} | ret=SUCCESS |  
2019-08-24 00:37:03,347 | INFO  | SCMAudit | user=jenkins1000 | ip=192.168.34.57 | op=GET_CONTAINER_WITH_PIPELINE {containerID=#3} | ret=SUCCESS |  
2019-08-24 00:37:03,347 | INFO  | OMAudit | user=null | ip=null | op=READ_KEY {volume=volume93899, bucket=bucket31635, key=foaUg77, dataSize=0, replicationType=null, replicationFactor=null, keyLocationInfo=null} | ret=SUCCESS |  
2019-08-24 00:37:03,348 | INFO  | SCMAudit | user=jenkins1000 | ip=192.168.34.57 | op=GET_CONTAINER_WITH_PIPELINE {containerID=#2} | ret=SUCCESS |  
2019-08-24 00:37:03,348 | INFO  | OMAudit | user=null | ip=null | op=READ_KEY {volume=volume93899, bucket=bucket31635, key=Pcrca94, dataSize=0, replicationType=null, replicationFactor=null, keyLocationInfo=null} | ret=SUCCESS |  
2019-08-24 00:37:03,349 | INFO  | SCMAudit | user=jenkins1000 | ip=192.168.34.57 | op=GET_CONTAINER_WITH_PIPELINE {containerID=#3} | ret=SUCCESS |  
2019-08-24 00:37:03,349 | INFO  | OMAudit | user=null | ip=null | op=READ_KEY {volume=volume93899, bucket=bucket31635, key=AqfJk23, dataSize=0, replicationType=null, replicationFactor=null, keyLocationInfo=null} | ret=SUCCESS |  
2019-08-24 00:37:03,350 | INFO  | SCMAudit | user=jenkins1000 | ip=192.168.34.57 | op=GET_CONTAINER_WITH_PIPELINE {containerID=#3} | ret=SUCCESS |  
2019-08-24 00:37:03,350 | INFO  | OMAudit | user=null | ip=null | op=READ_KEY {volume=volume93899, bucket=bucket31635, key=VEWHr20, dataSize=0, replicationType=null, replicationFactor=null, keyLocationInfo=null} | ret=SUCCESS |  
2019-08-24 00:37:03,350 | INFO  | SCMAudit | user=jenkins1000 | ip=192.168.34.57 | op=GET_CONTAINER_WITH_PIPELINE {containerID=#1} | ret=SUCCESS |  
2019-08-24 00:37:03,351 | INFO  | OMAudit | user=null | ip=null | op=READ_KEY {volume=volume93899, bucket=bucket31635, key=oSLYS93, dataSize=0, replicationType=null, replicationFactor=null, keyLocationInfo=null} | ret=SUCCESS |  
2019-08-24 00:37:03,351 | INFO  | SCMAudit | user=jenkins1000 | ip=192.168.34.57 | op=GET_CONTAINER_WITH_PIPELINE {containerID=#2} | ret=SUCCESS |  
2019-08-24 00:37:03,352 | INFO  | OMAudit | user=null | ip=null | op=READ_KEY {volume=volume93899, bucket=bucket31635, key=aMpFc97, dataSize=0, replicationType=null, replicationFactor=null, keyLocationInfo=null} | ret=SUCCESS |  
2019-08-24 00:37:03,352 | INFO  | SCMAudit | user=jenkins1000 | ip=192.168.34.57 | op=GET_CONTAINER_WITH_PIPELINE {containerID=#3} | ret=SUCCESS |  
2019-08-24 00:37:03,352 | INFO  | OMAudit | user=null | ip=null | op=READ_KEY {volume=volume93899, bucket=bucket31635, key=gNMJI47, dataSize=0, replicationType=null, replicationFactor=null, keyLocationInfo=null} | ret=SUCCESS |  
2019-08-24 00:37:03,353 | INFO  | SCMAudit | user=jenkins1000 | ip=192.168.34.57 | op=GET_CONTAINER_WITH_PIPELINE {containerID=#1} | ret=SUCCESS |  
2019-08-24 00:37:03,353 | INFO  | OMAudit | user=null | ip=null | op=READ_KEY {volume=volume93899, bucket=bucket31635, key=iBbED84, dataSize=0, replicationType=null, replicationFactor=null, keyLocationInfo=null} | ret=SUCCESS |  
2019-08-24 00:37:03,354 | INFO  | SCMAudit | user=jenkins1000 | ip=192.168.34.57 | op=GET_CONTAINER_WITH_PIPELINE {containerID=#3} | ret=SUCCESS |  
2019-08-24 00:37:03,354 | INFO  | OMAudit | user=null | ip=null | op=READ_KEY {volume=volume93899, bucket=bucket31635, key=oDrQD89, dataSize=0, replicationType=null, replicationFactor=null, keyLocationInfo=null} | ret=SUCCESS |  
2019-08-24 00:37:03,355 | INFO  | SCMAudit | user=jenkins1000 | ip=192.168.34.57 | op=GET_CONTAINER_WITH_PIPELINE {containerID=#2} | ret=SUCCESS |  
2019-08-24 00:37:03,355 | INFO  | OMAudit | user=null | ip=null | op=READ_KEY {volume=volume93899, bucket=bucket31635, key=FJayu82, dataSize=0, replicationType=null, replicationFactor=null, keyLocationInfo=null} | ret=SUCCESS |  
2019-08-24 00:37:03,355 | INFO  | SCMAudit | user=jenkins1000 | ip=192.168.34.57 | op=GET_CONTAINER_WITH_PIPELINE {containerID=#1} | ret=SUCCESS |  
2019-08-24 00:37:03,356 | INFO  | OMAudit | user=null | ip=null | op=READ_KEY {volume=volume93899, bucket=bucket31635, key=MoDiF36, dataSize=0, replicationType=null, replicationFactor=null, keyLocationInfo=null} | ret=SUCCESS |  
2019-08-24 00:37:03,356 | INFO  | SCMAudit | user=jenkins1000 | ip=192.168.34.57 | op=GET_CONTAINER_WITH_PIPELINE {containerID=#3} | ret=SUCCESS |  
2019-08-24 00:37:03,357 | INFO  | OMAudit | user=null | ip=null | op=READ_KEY {volume=volume93899, bucket=bucket31635, key=uMXzH35, dataSize=0, replicationType=null, replicationFactor=null, keyLocationInfo=null} | ret=SUCCESS |  
2019-08-24 00:37:03,357 | INFO  | SCMAudit | user=jenkins1000 | ip=192.168.34.57 | op=GET_CONTAINER_WITH_PIPELINE {containerID=#2} | ret=SUCCESS |  
2019-08-24 00:37:03,358 | INFO  | OMAudit | user=null | ip=null | op=READ_KEY {volume=volume93899, bucket=bucket31635, key=BsBuW43, dataSize=0, replicationType=null, replicationFactor=null, keyLocationInfo=null} | ret=SUCCESS |  
2019-08-24 00:37:03,358 | INFO  | SCMAudit | user=jenkins1000 | ip=192.168.34.57 | op=GET_CONTAINER_WITH_PIPELINE {containerID=#1} | ret=SUCCESS |  
2019-08-24 00:37:03,359 | INFO  | OMAudit | user=null | ip=null | op=READ_KEY {volume=volume93899, bucket=bucket31635, key=SzNSP42, dataSize=0, replicationType=null, replicationFactor=null, keyLocationInfo=null} | ret=SUCCESS |  
2019-08-24 00:37:03,360 | INFO  | SCMAudit | user=jenkins1000 | ip=192.168.34.57 | op=GET_CONTAINER_WITH_PIPELINE {containerID=#3} | ret=SUCCESS |  
2019-08-24 00:37:03,360 | INFO  | OMAudit | user=null | ip=null | op=READ_KEY {volume=volume93899, bucket=bucket31635, key=UIKLf86, dataSize=0, replicationType=null, replicationFactor=null, keyLocationInfo=null} | ret=SUCCESS |  
2019-08-24 00:37:03,361 | INFO  | SCMAudit | user=jenkins1000 | ip=192.168.34.57 | op=GET_CONTAINER_WITH_PIPELINE {containerID=#1} | ret=SUCCESS |  
2019-08-24 00:37:03,361 | INFO  | OMAudit | user=null | ip=null | op=READ_KEY {volume=volume93899, bucket=bucket31635, key=nLgTc12, dataSize=0, replicationType=null, replicationFactor=null, keyLocationInfo=null} | ret=SUCCESS |  
2019-08-24 00:37:03,362 | INFO  | SCMAudit | user=jenkins1000 | ip=192.168.34.57 | op=GET_CONTAINER_WITH_PIPELINE {containerID=#1} | ret=SUCCESS |  
2019-08-24 00:37:03,362 | INFO  | OMAudit | user=null | ip=null | op=READ_KEY {volume=volume93899, bucket=bucket31635, key=irwPi75, dataSize=0, replicationType=null, replicationFactor=null, keyLocationInfo=null} | ret=SUCCESS |  
2019-08-24 00:37:03,363 | INFO  | SCMAudit | user=jenkins1000 | ip=192.168.34.57 | op=GET_CONTAINER_WITH_PIPELINE {containerID=#3} | ret=SUCCESS |  
2019-08-24 00:37:03,363 | INFO  | OMAudit | user=null | ip=null | op=READ_KEY {volume=volume93899, bucket=bucket31635, key=xoESH5, dataSize=0, replicationType=null, replicationFactor=null, keyLocationInfo=null} | ret=SUCCESS |  
2019-08-24 00:37:03,364 | INFO  | SCMAudit | user=jenkins1000 | ip=192.168.34.57 | op=GET_CONTAINER_WITH_PIPELINE {containerID=#1} | ret=SUCCESS |  
2019-08-24 00:37:03,364 | INFO  | OMAudit | user=null | ip=null | op=READ_KEY {volume=volume93899, bucket=bucket31635, key=tHkFr57, dataSize=0, replicationType=null, replicationFactor=null, keyLocationInfo=null} | ret=SUCCESS |  
2019-08-24 00:37:03,365 | INFO  | SCMAudit | user=jenkins1000 | ip=192.168.34.57 | op=GET_CONTAINER_WITH_PIPELINE {containerID=#1} | ret=SUCCESS |  
2019-08-24 00:37:03,365 | INFO  | OMAudit | user=null | ip=null | op=READ_KEY {volume=volume93899, bucket=bucket31635, key=uOEjm48, dataSize=0, replicationType=null, replicationFactor=null, keyLocationInfo=null} | ret=SUCCESS |  
2019-08-24 00:37:03,366 | INFO  | SCMAudit | user=jenkins1000 | ip=192.168.34.57 | op=GET_CONTAINER_WITH_PIPELINE {containerID=#1} | ret=SUCCESS |  
2019-08-24 00:37:03,366 | INFO  | OMAudit | user=null | ip=null | op=READ_KEY {volume=volume93899, bucket=bucket31635, key=LGvEk51, dataSize=0, replicationType=null, replicationFactor=null, keyLocationInfo=null} | ret=SUCCESS |  
2019-08-24 00:37:03,367 | INFO  | SCMAudit | user=jenkins1000 | ip=192.168.34.57 | op=GET_CONTAINER_WITH_PIPELINE {containerID=#3} | ret=SUCCESS |  
2019-08-24 00:37:03,367 | INFO  | OMAudit | user=null | ip=null | op=READ_KEY {volume=volume93899, bucket=bucket31635, key=fXpBJ29, dataSize=0, replicationType=null, replicationFactor=null, keyLocationInfo=null} | ret=SUCCESS |  
2019-08-24 00:37:03,368 | INFO  | SCMAudit | user=jenkins1000 | ip=192.168.34.57 | op=GET_CONTAINER_WITH_PIPELINE {containerID=#1} | ret=SUCCESS |  
2019-08-24 00:37:03,368 | INFO  | OMAudit | user=null | ip=null | op=READ_KEY {volume=volume93899, bucket=bucket31635, key=MwIii69, dataSize=0, replicationType=null, replicationFactor=null, keyLocationInfo=null} | ret=SUCCESS |  
2019-08-24 00:37:03,369 | INFO  | SCMAudit | user=jenkins1000 | ip=192.168.34.57 | op=GET_CONTAINER_WITH_PIPELINE {containerID=#1} | ret=SUCCESS |  
2019-08-24 00:37:03,370 | INFO  | OMAudit | user=null | ip=null | op=READ_KEY {volume=volume93899, bucket=bucket31635, key=FzWTd63, dataSize=0, replicationType=null, replicationFactor=null, keyLocationInfo=null} | ret=SUCCESS |  
2019-08-24 00:37:03,370 | INFO  | SCMAudit | user=jenkins1000 | ip=192.168.34.57 | op=GET_CONTAINER_WITH_PIPELINE {containerID=#1} | ret=SUCCESS |  
2019-08-24 00:37:03,370 | INFO  | OMAudit | user=null | ip=null | op=READ_KEY {volume=volume93899, bucket=bucket31635, key=TTdgX66, dataSize=0, replicationType=null, replicationFactor=null, keyLocationInfo=null} | ret=SUCCESS |  
2019-08-24 00:37:03,371 | INFO  | SCMAudit | user=jenkins1000 | ip=192.168.34.57 | op=GET_CONTAINER_WITH_PIPELINE {containerID=#1} | ret=SUCCESS |  
2019-08-24 00:37:03,371 | INFO  | OMAudit | user=null | ip=null | op=READ_KEY {volume=volume93899, bucket=bucket31635, key=EGtiU27, dataSize=0, replicationType=null, replicationFactor=null, keyLocationInfo=null} | ret=SUCCESS |  
2019-08-24 00:37:03,372 | INFO  | SCMAudit | user=jenkins1000 | ip=192.168.34.57 | op=GET_CONTAINER_WITH_PIPELINE {containerID=#2} | ret=SUCCESS |  
2019-08-24 00:37:03,372 | INFO  | OMAudit | user=null | ip=null | op=READ_KEY {volume=volume93899, bucket=bucket31635, key=FFCey22, dataSize=0, replicationType=null, replicationFactor=null, keyLocationInfo=null} | ret=SUCCESS |  
2019-08-24 00:37:03,373 | INFO  | SCMAudit | user=jenkins1000 | ip=192.168.34.57 | op=GET_CONTAINER_WITH_PIPELINE {containerID=#2} | ret=SUCCESS |  
2019-08-24 00:37:03,373 | INFO  | OMAudit | user=null | ip=null | op=READ_KEY {volume=volume93899, bucket=bucket31635, key=xZrAk61, dataSize=0, replicationType=null, replicationFactor=null, keyLocationInfo=null} | ret=SUCCESS |  
2019-08-24 00:37:03,374 | INFO  | SCMAudit | user=jenkins1000 | ip=192.168.34.57 | op=GET_CONTAINER_WITH_PIPELINE {containerID=#2} | ret=SUCCESS |  
2019-08-24 00:37:03,374 | INFO  | OMAudit | user=null | ip=null | op=READ_KEY {volume=volume93899, bucket=bucket31635, key=wPOUY31, dataSize=0, replicationType=null, replicationFactor=null, keyLocationInfo=null} | ret=SUCCESS |  
2019-08-24 00:37:03,375 | INFO  | SCMAudit | user=jenkins1000 | ip=192.168.34.57 | op=GET_CONTAINER_WITH_PIPELINE {containerID=#2} | ret=SUCCESS |  
2019-08-24 00:37:03,375 | INFO  | OMAudit | user=null | ip=null | op=READ_KEY {volume=volume93899, bucket=bucket31635, key=OzbgN19, dataSize=0, replicationType=null, replicationFactor=null, keyLocationInfo=null} | ret=SUCCESS |  
2019-08-24 00:37:03,375 | INFO  | SCMAudit | user=jenkins1000 | ip=192.168.34.57 | op=GET_CONTAINER_WITH_PIPELINE {containerID=#3} | ret=SUCCESS |  
2019-08-24 00:37:03,376 | INFO  | OMAudit | user=null | ip=null | op=READ_KEY {volume=volume93899, bucket=bucket31635, key=HoVzs11, dataSize=0, replicationType=null, replicationFactor=null, keyLocationInfo=null} | ret=SUCCESS |  
2019-08-24 00:37:03,376 | INFO  | SCMAudit | user=jenkins1000 | ip=192.168.34.57 | op=GET_CONTAINER_WITH_PIPELINE {containerID=#1} | ret=SUCCESS |  
2019-08-24 00:37:03,377 | INFO  | OMAudit | user=null | ip=null | op=READ_KEY {volume=volume93899, bucket=bucket31635, key=rZLKB3, dataSize=0, replicationType=null, replicationFactor=null, keyLocationInfo=null} | ret=SUCCESS |  
2019-08-24 00:37:03,377 | INFO  | SCMAudit | user=jenkins1000 | ip=192.168.34.57 | op=GET_CONTAINER_WITH_PIPELINE {containerID=#3} | ret=SUCCESS |  
2019-08-24 00:37:03,377 | INFO  | OMAudit | user=null | ip=null | op=READ_KEY {volume=volume93899, bucket=bucket31635, key=oUMgy62, dataSize=0, replicationType=null, replicationFactor=null, keyLocationInfo=null} | ret=SUCCESS |  
2019-08-24 00:37:03,378 | INFO  | SCMAudit | user=jenkins1000 | ip=192.168.34.57 | op=GET_CONTAINER_WITH_PIPELINE {containerID=#1} | ret=SUCCESS |  
2019-08-24 00:37:03,378 | INFO  | OMAudit | user=null | ip=null | op=READ_KEY {volume=volume93899, bucket=bucket31635, key=aANKQ6, dataSize=0, replicationType=null, replicationFactor=null, keyLocationInfo=null} | ret=SUCCESS |  
2019-08-24 00:37:03,379 | INFO  | SCMAudit | user=jenkins1000 | ip=192.168.34.57 | op=GET_CONTAINER_WITH_PIPELINE {containerID=#3} | ret=SUCCESS |  
2019-08-24 00:37:03,379 | INFO  | OMAudit | user=null | ip=null | op=READ_KEY {volume=volume93899, bucket=bucket31635, key=xcOmD32, dataSize=0, replicationType=null, replicationFactor=null, keyLocationInfo=null} | ret=SUCCESS |  
2019-08-24 00:37:03,379 | INFO  | SCMAudit | user=jenkins1000 | ip=192.168.34.57 | op=GET_CONTAINER_WITH_PIPELINE {containerID=#1} | ret=SUCCESS |  
2019-08-24 00:37:03,380 | INFO  | OMAudit | user=null | ip=null | op=READ_KEY {volume=volume93899, bucket=bucket31635, key=yVWca30, dataSize=0, replicationType=null, replicationFactor=null, keyLocationInfo=null} | ret=SUCCESS |  
2019-08-24 00:37:03,380 | INFO  | SCMAudit | user=jenkins1000 | ip=192.168.34.57 | op=GET_CONTAINER_WITH_PIPELINE {containerID=#3} | ret=SUCCESS |  
2019-08-24 00:37:03,380 | INFO  | OMAudit | user=null | ip=null | op=READ_KEY {volume=volume93899, bucket=bucket31635, key=lDONK14, dataSize=0, replicationType=null, replicationFactor=null, keyLocationInfo=null} | ret=SUCCESS |  
2019-08-24 00:37:03,381 | INFO  | SCMAudit | user=jenkins1000 | ip=192.168.34.57 | op=GET_CONTAINER_WITH_PIPELINE {containerID=#2} | ret=SUCCESS |  
2019-08-24 00:37:03,381 | INFO  | OMAudit | user=null | ip=null | op=READ_KEY {volume=volume93899, bucket=bucket31635, key=cKaED25, dataSize=0, replicationType=null, replicationFactor=null, keyLocationInfo=null} | ret=SUCCESS |  
2019-08-24 00:37:03,382 | INFO  | SCMAudit | user=jenkins1000 | ip=192.168.34.57 | op=GET_CONTAINER_WITH_PIPELINE {containerID=#1} | ret=SUCCESS |  
2019-08-24 00:37:03,382 | INFO  | OMAudit | user=null | ip=null | op=READ_KEY {volume=volume93899, bucket=bucket31635, key=dplOW54, dataSize=0, replicationType=null, replicationFactor=null, keyLocationInfo=null} | ret=SUCCESS |  
2019-08-24 00:37:03,382 | INFO  | SCMAudit | user=jenkins1000 | ip=192.168.34.57 | op=GET_CONTAINER_WITH_PIPELINE {containerID=#3} | ret=SUCCESS |  
2019-08-24 00:37:03,383 | INFO  | OMAudit | user=null | ip=null | op=READ_KEY {volume=volume93899, bucket=bucket31635, key=CHpNn59, dataSize=0, replicationType=null, replicationFactor=null, keyLocationInfo=null} | ret=SUCCESS |  
2019-08-24 00:37:03,383 | INFO  | SCMAudit | user=jenkins1000 | ip=192.168.34.57 | op=GET_CONTAINER_WITH_PIPELINE {containerID=#1} | ret=SUCCESS |  
2019-08-24 00:37:03,383 | INFO  | OMAudit | user=null | ip=null | op=READ_KEY {volume=volume93899, bucket=bucket31635, key=lcFKF87, dataSize=0, replicationType=null, replicationFactor=null, keyLocationInfo=null} | ret=SUCCESS |  
2019-08-24 00:37:03,384 | INFO  | SCMAudit | user=jenkins1000 | ip=192.168.34.57 | op=GET_CONTAINER_WITH_PIPELINE {containerID=#1} | ret=SUCCESS |  
2019-08-24 00:37:03,384 | INFO  | OMAudit | user=null | ip=null | op=READ_KEY {volume=volume93899, bucket=bucket31635, key=PDQjW99, dataSize=0, replicationType=null, replicationFactor=null, keyLocationInfo=null} | ret=SUCCESS |  
2019-08-24 00:37:03,385 | INFO  | SCMAudit | user=jenkins1000 | ip=192.168.34.57 | op=GET_CONTAINER_WITH_PIPELINE {containerID=#2} | ret=SUCCESS |  
2019-08-24 00:37:03,386 | INFO  | OMAudit | user=null | ip=null | op=READ_KEY {volume=volume93899, bucket=bucket31635, key=otNGY85, dataSize=0, replicationType=null, replicationFactor=null, keyLocationInfo=null} | ret=SUCCESS |  
2019-08-24 00:37:03,386 | INFO  | SCMAudit | user=jenkins1000 | ip=192.168.34.57 | op=GET_CONTAINER_WITH_PIPELINE {containerID=#1} | ret=SUCCESS |  
2019-08-24 00:37:03,387 | INFO  | OMAudit | user=null | ip=null | op=READ_KEY {volume=volume93899, bucket=bucket31635, key=VOMNu0, dataSize=0, replicationType=null, replicationFactor=null, keyLocationInfo=null} | ret=SUCCESS |  
2019-08-24 00:37:03,387 | INFO  | SCMAudit | user=jenkins1000 | ip=192.168.34.57 | op=GET_CONTAINER_WITH_PIPELINE {containerID=#2} | ret=SUCCESS |  
2019-08-24 00:37:03,387 | INFO  | OMAudit | user=null | ip=null | op=READ_KEY {volume=volume93899, bucket=bucket31635, key=JmfUL79, dataSize=0, replicationType=null, replicationFactor=null, keyLocationInfo=null} | ret=SUCCESS |  
2019-08-24 00:37:03,388 | INFO  | SCMAudit | user=jenkins1000 | ip=192.168.34.57 | op=GET_CONTAINER_WITH_PIPELINE {containerID=#3} | ret=SUCCESS |  
2019-08-24 00:37:03,388 | INFO  | OMAudit | user=null | ip=null | op=READ_KEY {volume=volume93899, bucket=bucket31635, key=qnUPV50, dataSize=0, replicationType=null, replicationFactor=null, keyLocationInfo=null} | ret=SUCCESS |  
2019-08-24 00:37:03,389 | INFO  | SCMAudit | user=jenkins1000 | ip=192.168.34.57 | op=GET_CONTAINER_WITH_PIPELINE {containerID=#1} | ret=SUCCESS |  
2019-08-24 00:37:03,389 | INFO  | OMAudit | user=null | ip=null | op=READ_KEY {volume=volume93899, bucket=bucket31635, key=JVTJC24, dataSize=0, replicationType=null, replicationFactor=null, keyLocationInfo=null} | ret=SUCCESS |  
2019-08-24 00:37:03,390 | INFO  | SCMAudit | user=jenkins1000 | ip=192.168.34.57 | op=GET_CONTAINER_WITH_PIPELINE {containerID=#3} | ret=SUCCESS |  
2019-08-24 00:37:03,390 | INFO  | OMAudit | user=null | ip=null | op=READ_KEY {volume=volume93899, bucket=bucket31635, key=FxmSJ38, dataSize=0, replicationType=null, replicationFactor=null, keyLocationInfo=null} | ret=SUCCESS |  
2019-08-24 00:37:03,391 | INFO  | SCMAudit | user=jenkins1000 | ip=192.168.34.57 | op=GET_CONTAINER_WITH_PIPELINE {containerID=#3} | ret=SUCCESS |  
2019-08-24 00:37:03,391 | INFO  | OMAudit | user=null | ip=null | op=READ_KEY {volume=volume93899, bucket=bucket31635, key=lXLiA92, dataSize=0, replicationType=null, replicationFactor=null, keyLocationInfo=null} | ret=SUCCESS |  
2019-08-24 00:37:03,391 | INFO  | SCMAudit | user=jenkins1000 | ip=192.168.34.57 | op=GET_CONTAINER_WITH_PIPELINE {containerID=#1} | ret=SUCCESS |  
2019-08-24 00:37:03,392 | INFO  | OMAudit | user=null | ip=null | op=READ_KEY {volume=volume93899, bucket=bucket31635, key=fScBY21, dataSize=0, replicationType=null, replicationFactor=null, keyLocationInfo=null} | ret=SUCCESS |  
2019-08-24 00:37:03,392 | INFO  | SCMAudit | user=jenkins1000 | ip=192.168.34.57 | op=GET_CONTAINER_WITH_PIPELINE {containerID=#2} | ret=SUCCESS |  
2019-08-24 00:37:03,393 | INFO  | OMAudit | user=null | ip=null | op=READ_KEY {volume=volume93899, bucket=bucket31635, key=fVUdh73, dataSize=0, replicationType=null, replicationFactor=null, keyLocationInfo=null} | ret=SUCCESS |  
2019-08-24 00:37:03,393 | INFO  | SCMAudit | user=jenkins1000 | ip=192.168.34.57 | op=GET_CONTAINER_WITH_PIPELINE {containerID=#1} | ret=SUCCESS |  
2019-08-24 00:37:03,394 | INFO  | OMAudit | user=null | ip=null | op=READ_KEY {volume=volume93899, bucket=bucket31635, key=EVdvD81, dataSize=0, replicationType=null, replicationFactor=null, keyLocationInfo=null} | ret=SUCCESS |  
2019-08-24 00:37:03,394 | INFO  | SCMAudit | user=jenkins1000 | ip=192.168.34.57 | op=GET_CONTAINER_WITH_PIPELINE {containerID=#2} | ret=SUCCESS |  
2019-08-24 00:37:03,394 | INFO  | OMAudit | user=null | ip=null | op=READ_KEY {volume=volume93899, bucket=bucket31635, key=tFzdX4, dataSize=0, replicationType=null, replicationFactor=null, keyLocationInfo=null} | ret=SUCCESS |  
2019-08-24 00:37:03,395 | INFO  | SCMAudit | user=jenkins1000 | ip=192.168.34.57 | op=GET_CONTAINER_WITH_PIPELINE {containerID=#1} | ret=SUCCESS |  
2019-08-24 00:37:03,395 | INFO  | OMAudit | user=null | ip=null | op=READ_KEY {volume=volume93899, bucket=bucket31635, key=gqfOX45, dataSize=0, replicationType=null, replicationFactor=null, keyLocationInfo=null} | ret=SUCCESS |  
2019-08-24 00:37:03,396 | INFO  | SCMAudit | user=jenkins1000 | ip=192.168.34.57 | op=GET_CONTAINER_WITH_PIPELINE {containerID=#1} | ret=SUCCESS |  
2019-08-24 00:37:03,396 | INFO  | OMAudit | user=null | ip=null | op=READ_KEY {volume=volume93899, bucket=bucket31635, key=eHfCO33, dataSize=0, replicationType=null, replicationFactor=null, keyLocationInfo=null} | ret=SUCCESS |  
2019-08-24 00:37:03,397 | INFO  | SCMAudit | user=jenkins1000 | ip=192.168.34.57 | op=GET_CONTAINER_WITH_PIPELINE {containerID=#1} | ret=SUCCESS |  
2019-08-24 00:37:03,397 | INFO  | OMAudit | user=null | ip=null | op=READ_KEY {volume=volume93899, bucket=bucket31635, key=BhFpa60, dataSize=0, replicationType=null, replicationFactor=null, keyLocationInfo=null} | ret=SUCCESS |  
2019-08-24 00:37:03,398 | INFO  | SCMAudit | user=jenkins1000 | ip=192.168.34.57 | op=GET_CONTAINER_WITH_PIPELINE {containerID=#3} | ret=SUCCESS |  
2019-08-24 00:37:03,398 | INFO  | OMAudit | user=null | ip=null | op=READ_KEY {volume=volume93899, bucket=bucket31635, key=vNPrz17, dataSize=0, replicationType=null, replicationFactor=null, keyLocationInfo=null} | ret=SUCCESS |  
2019-08-24 00:37:03,398 | INFO  | SCMAudit | user=jenkins1000 | ip=192.168.34.57 | op=GET_CONTAINER_WITH_PIPELINE {containerID=#1} | ret=SUCCESS |  
2019-08-24 00:37:03,399 | INFO  | OMAudit | user=null | ip=null | op=READ_KEY {volume=volume93899, bucket=bucket31635, key=aEhLj18, dataSize=0, replicationType=null, replicationFactor=null, keyLocationInfo=null} | ret=SUCCESS |  
2019-08-24 00:37:03,399 | INFO  | SCMAudit | user=jenkins1000 | ip=192.168.34.57 | op=GET_CONTAINER_WITH_PIPELINE {containerID=#3} | ret=SUCCESS |  
2019-08-24 00:37:03,399 | INFO  | OMAudit | user=null | ip=null | op=READ_KEY {volume=volume93899, bucket=bucket31635, key=hUpGy74, dataSize=0, replicationType=null, replicationFactor=null, keyLocationInfo=null} | ret=SUCCESS |  
2019-08-24 00:37:03,400 | INFO  | SCMAudit | user=jenkins1000 | ip=192.168.34.57 | op=GET_CONTAINER_WITH_PIPELINE {containerID=#1} | ret=SUCCESS |  
2019-08-24 00:37:03,400 | INFO  | OMAudit | user=null | ip=null | op=READ_KEY {volume=volume93899, bucket=bucket31635, key=zVaad39, dataSize=0, replicationType=null, replicationFactor=null, keyLocationInfo=null} | ret=SUCCESS |  
2019-08-24 00:37:03,401 | INFO  | SCMAudit | user=jenkins1000 | ip=192.168.34.57 | op=GET_CONTAINER_WITH_PIPELINE {containerID=#2} | ret=SUCCESS |  
2019-08-24 00:37:03,401 | INFO  | OMAudit | user=null | ip=null | op=READ_KEY {volume=volume93899, bucket=bucket31635, key=ArEft55, dataSize=0, replicationType=null, replicationFactor=null, keyLocationInfo=null} | ret=SUCCESS |  
2019-08-24 00:37:03,402 | INFO  | SCMAudit | user=jenkins1000 | ip=192.168.34.57 | op=GET_CONTAINER_WITH_PIPELINE {containerID=#3} | ret=SUCCESS |  
2019-08-24 00:37:03,402 | INFO  | OMAudit | user=null | ip=null | op=READ_KEY {volume=volume93899, bucket=bucket31635, key=xBgic53, dataSize=0, replicationType=null, replicationFactor=null, keyLocationInfo=null} | ret=SUCCESS |  
2019-08-24 00:37:03,403 | INFO  | SCMAudit | user=jenkins1000 | ip=192.168.34.57 | op=GET_CONTAINER_WITH_PIPELINE {containerID=#2} | ret=SUCCESS |  
2019-08-24 00:37:03,403 | INFO  | OMAudit | user=null | ip=null | op=READ_KEY {volume=volume93899, bucket=bucket31635, key=CuRXk91, dataSize=0, replicationType=null, replicationFactor=null, keyLocationInfo=null} | ret=SUCCESS |  
2019-08-24 00:37:03,405 | INFO  | OMAudit | user=null | ip=null | op=CREATE_VOLUME {admin=admin77002, owner=user32399, volume=volume90911, creationTime=1566607023405, quotaInBytes=10000} | ret=SUCCESS |  
2019-08-24 00:37:03,406 | ERROR | OMAudit | user=null | ip=null | op=CREATE_BUCKET {volume=volume90911, bucket=bucket62458, acls=[], isVersionEnabled=false, storageType=DISK, creationTime=0} | ret=FAILURE | VOLUME_NOT_FOUND org.apache.hadoop.ozone.om.exceptions.OMException: Volume doesn't exist
	at org.apache.hadoop.ozone.om.BucketManagerImpl.createBucket(BucketManagerImpl.java:130)
	at org.apache.hadoop.ozone.om.OzoneManager.createBucket(OzoneManager.java:2089) 
2019-08-24 00:37:03,408 [Thread-1095] INFO  ozone.MiniOzoneClusterImpl (MiniOzoneClusterImpl.java:shutdown(321)) - Shutting down the Mini Ozone Cluster
2019-08-24 00:37:03,408 | INFO  | SCMAudit | user=null | ip=null | op=GET_SCM_INFO null | ret=SUCCESS |  
2019-08-24 00:37:03,408 [Thread-1095] INFO  ozone.MiniOzoneClusterImpl (MiniOzoneClusterImpl.java:stop(336)) - Stopping the Mini Ozone Cluster
2019-08-24 00:37:03,409 [Thread-1095] INFO  ozone.MiniOzoneClusterImpl (MiniOzoneClusterImpl.java:stop(338)) - Stopping the OzoneManager
2019-08-24 00:37:03,409 [Thread-1095] INFO  ipc.Server (Server.java:stop(3082)) - Stopping server on 42168
2019-08-24 00:37:03,411 [IPC Server listener on 42168] INFO  ipc.Server (Server.java:run(1185)) - Stopping IPC Server listener on 42168
2019-08-24 00:37:03,411 [Thread-1095] INFO  ratis.OzoneManagerDoubleBuffer (OzoneManagerDoubleBuffer.java:stop(248)) - Stopping OMDoubleBuffer flush thread
2019-08-24 00:37:03,411 [IPC Server Responder] INFO  ipc.Server (Server.java:run(1319)) - Stopping IPC Server Responder
2019-08-24 00:37:03,411 [OMDoubleBufferFlushThread] INFO  ratis.OzoneManagerDoubleBuffer (OzoneManagerDoubleBuffer.java:flushTransactions(191)) - OMDoubleBuffer flush thread OMDoubleBufferFlushThread is interrupted and will exit. OMDoubleBufferFlushThread
2019-08-24 00:37:03,412 [Thread-1095] INFO  utils.BackgroundService (BackgroundService.java:shutdown(148)) - Shutting down service KeyDeletingService
2019-08-24 00:37:03,414 [Thread-1095] INFO  handler.ContextHandler (ContextHandler.java:doStop(910)) - Stopped o.e.j.w.WebAppContext@349380c3{/,null,UNAVAILABLE}{/ozoneManager}
2019-08-24 00:37:03,415 [Thread-1095] INFO  server.AbstractConnector (AbstractConnector.java:doStop(318)) - Stopped ServerConnector@6bd64c9f{HTTP/1.1,[http/1.1]}{0.0.0.0:0}
2019-08-24 00:37:03,416 [Thread-1095] INFO  handler.ContextHandler (ContextHandler.java:doStop(910)) - Stopped o.e.j.s.ServletContextHandler@2b404279{/static,file:///workdir/hadoop-ozone/integration-test/target/test-classes/webapps/static,UNAVAILABLE}
2019-08-24 00:37:03,416 [Thread-1095] INFO  handler.ContextHandler (ContextHandler.java:doStop(910)) - Stopped o.e.j.s.ServletContextHandler@4b59cab6{/logs,file:///workdir/hadoop-ozone/integration-test/target/log,UNAVAILABLE}
2019-08-24 00:37:03,420 [Thread-1095] INFO  ozone.MiniOzoneClusterImpl (MiniOzoneClusterImpl.java:stop(344)) - Shutting the HddsDatanodes
2019-08-24 00:37:03,420 [Thread-1095] INFO  datanode.ObjectStoreHandler (ObjectStoreHandler.java:close(155)) - Closing ObjectStoreHandler.
2019-08-24 00:37:03,420 [Thread-1095] INFO  ozone.HddsDatanodeService (HddsDatanodeService.java:stop(451)) - Stopped plug-in org.apache.hadoop.ozone.web.OzoneHddsDatanodeService@77055048
2019-08-24 00:37:03,776 [Thread-1237] INFO  container.ReplicationManager (ReplicationManager.java:start(152)) - Starting Replication Monitor Thread.
2019-08-24 00:37:03,779 [ReplicationMonitor] INFO  container.ReplicationManager (ReplicationManager.java:run(215)) - Replication Monitor Thread took 0 milliseconds for processing 3 containers.
2019-08-24 00:37:04,323 [Datanode State Machine Thread - 0] INFO  statemachine.DatanodeStateMachine (DatanodeStateMachine.java:lambda$startDaemon$0(350)) - Ozone container server started.
2019-08-24 00:37:05,999 [Thread-1239] INFO  impl.FollowerState (FollowerState.java:run(106)) - fbb72e40-54b3-4254-bcd2-d86a09a0d730:group-12C61DCA3F7B changes to CANDIDATE, lastRpcTime:5151, electionTimeout:5151ms
2019-08-24 00:37:05,999 [Thread-1239] INFO  impl.RoleInfo (RoleInfo.java:shutdownFollowerState(121)) - fbb72e40-54b3-4254-bcd2-d86a09a0d730: shutdown FollowerState
2019-08-24 00:37:05,999 [Thread-1239] INFO  impl.RaftServerImpl (RaftServerImpl.java:setRole(171)) - fbb72e40-54b3-4254-bcd2-d86a09a0d730:group-12C61DCA3F7B changes role from FOLLOWER to CANDIDATE at term 0 for changeToCandidate
2019-08-24 00:37:05,999 [Thread-1239] INFO  impl.RoleInfo (RoleInfo.java:updateAndGet(143)) - fbb72e40-54b3-4254-bcd2-d86a09a0d730: start LeaderElection
2019-08-24 00:37:06,017 [fbb72e40-54b3-4254-bcd2-d86a09a0d730:group-12C61DCA3F7B:LeaderElection4] INFO  impl.LeaderElection (LeaderElection.java:askForVotes(181)) - fbb72e40-54b3-4254-bcd2-d86a09a0d730:group-12C61DCA3F7B:LeaderElection4: begin an election at term 1 for -1: [fbb72e40-54b3-4254-bcd2-d86a09a0d730:192.168.34.57:37236], old=null
2019-08-24 00:37:06,017 [fbb72e40-54b3-4254-bcd2-d86a09a0d730:group-12C61DCA3F7B:LeaderElection4] INFO  impl.RoleInfo (RoleInfo.java:shutdownLeaderElection(134)) - fbb72e40-54b3-4254-bcd2-d86a09a0d730: shutdown LeaderElection
2019-08-24 00:37:06,018 [fbb72e40-54b3-4254-bcd2-d86a09a0d730:group-12C61DCA3F7B:LeaderElection4] INFO  impl.RaftServerImpl (RaftServerImpl.java:setRole(171)) - fbb72e40-54b3-4254-bcd2-d86a09a0d730:group-12C61DCA3F7B changes role from CANDIDATE to LEADER at term 1 for changeToLeader
2019-08-24 00:37:06,018 [fbb72e40-54b3-4254-bcd2-d86a09a0d730:group-12C61DCA3F7B:LeaderElection4] INFO  impl.RaftServerImpl (ServerState.java:setLeader(263)) - fbb72e40-54b3-4254-bcd2-d86a09a0d730:group-12C61DCA3F7B change Leader from null to fbb72e40-54b3-4254-bcd2-d86a09a0d730 at term 1 for becomeLeader, leader elected after 5177ms
2019-08-24 00:37:06,018 [fbb72e40-54b3-4254-bcd2-d86a09a0d730:group-12C61DCA3F7B:LeaderElection4] INFO  server.RaftServerConfigKeys (ConfUtils.java:logGet(43)) - raft.server.staging.catchup.gap = 1000 (default)
2019-08-24 00:37:06,018 [fbb72e40-54b3-4254-bcd2-d86a09a0d730:group-12C61DCA3F7B:LeaderElection4] INFO  server.RaftServerConfigKeys (ConfUtils.java:logGet(43)) - raft.server.rpc.sleep.time = 25ms (default)
2019-08-24 00:37:06,019 [fbb72e40-54b3-4254-bcd2-d86a09a0d730:group-12C61DCA3F7B:LeaderElection4] INFO  server.RaftServerConfigKeys (ConfUtils.java:logGet(43)) - raft.server.write.element-limit = 4096 (default)
2019-08-24 00:37:06,019 [fbb72e40-54b3-4254-bcd2-d86a09a0d730:group-12C61DCA3F7B:LeaderElection4] INFO  server.RaftServerConfigKeys (ConfUtils.java:logGet(43)) - raft.server.watch.timeout = 10s (default)
2019-08-24 00:37:06,019 [fbb72e40-54b3-4254-bcd2-d86a09a0d730:group-12C61DCA3F7B:LeaderElection4] INFO  server.RaftServerConfigKeys (ConfUtils.java:logGet(43)) - raft.server.watch.timeout.denomination = 1s (default)
2019-08-24 00:37:06,019 [fbb72e40-54b3-4254-bcd2-d86a09a0d730:group-12C61DCA3F7B:LeaderElection4] INFO  server.RaftServerConfigKeys (ConfUtils.java:logGet(43)) - raft.server.watch.element-limit = 65536 (default)
2019-08-24 00:37:06,020 [fbb72e40-54b3-4254-bcd2-d86a09a0d730:group-12C61DCA3F7B:LeaderElection4] INFO  impl.RoleInfo (RoleInfo.java:updateAndGet(143)) - fbb72e40-54b3-4254-bcd2-d86a09a0d730: start LeaderState
2019-08-24 00:37:06,020 [fbb72e40-54b3-4254-bcd2-d86a09a0d730:group-12C61DCA3F7B:LeaderElection4] INFO  segmented.SegmentedRaftLogWorker (SegmentedRaftLogWorker.java:startLogSegment(380)) - fbb72e40-54b3-4254-bcd2-d86a09a0d730-SegmentedRaftLogWorker:Storage Directory /workdir/hadoop-ozone/integration-test/target/test-dir/MiniOzoneClusterImpl-a17881c9-06d9-4643-8696-4f8e2adcb1d1/datanode-0/data/ratis/72e311d1-946c-45e3-abcd-12c61dca3f7b: Starting segment from index:0
2019-08-24 00:37:06,021 [fbb72e40-54b3-4254-bcd2-d86a09a0d730:group-12C61DCA3F7B:LeaderElection4] INFO  impl.RaftServerImpl (ServerState.java:setRaftConf(361)) - fbb72e40-54b3-4254-bcd2-d86a09a0d730:group-12C61DCA3F7B set configuration 0: [fbb72e40-54b3-4254-bcd2-d86a09a0d730:192.168.34.57:37236], old=null at 0
2019-08-24 00:37:06,052 [fbb72e40-54b3-4254-bcd2-d86a09a0d730-SegmentedRaftLogWorker:Storage Directory /workdir/hadoop-ozone/integration-test/target/test-dir/MiniOzoneClusterImpl-a17881c9-06d9-4643-8696-4f8e2adcb1d1/datanode-0/data/ratis/72e311d1-946c-45e3-abcd-12c61dca3f7b] INFO  segmented.SegmentedRaftLogWorker (SegmentedRaftLogWorker.java:execute(569)) - fbb72e40-54b3-4254-bcd2-d86a09a0d730-SegmentedRaftLogWorker:Storage Directory /workdir/hadoop-ozone/integration-test/target/test-dir/MiniOzoneClusterImpl-a17881c9-06d9-4643-8696-4f8e2adcb1d1/datanode-0/data/ratis/72e311d1-946c-45e3-abcd-12c61dca3f7b: created new log segment /workdir/hadoop-ozone/integration-test/target/test-dir/MiniOzoneClusterImpl-a17881c9-06d9-4643-8696-4f8e2adcb1d1/datanode-0/data/ratis/72e311d1-946c-45e3-abcd-12c61dca3f7b/current/log_inprogress_0
2019-08-24 00:37:08,421 [Thread-1095] INFO  ozoneimpl.OzoneContainer (OzoneContainer.java:stop(199)) - Attempting to stop container services.
2019-08-24 00:37:08,422 [Thread-1095] INFO  impl.RaftServerProxy (RaftServerProxy.java:lambda$close$4(314)) - fbb72e40-54b3-4254-bcd2-d86a09a0d730: close
2019-08-24 00:37:08,422 [Thread-1095] INFO  impl.RaftServerImpl (RaftServerImpl.java:lambda$shutdown$3(245)) - fbb72e40-54b3-4254-bcd2-d86a09a0d730: shutdown group-12C61DCA3F7B
2019-08-24 00:37:08,423 [Thread-1095] INFO  util.JmxRegister (JmxRegister.java:unregister(73)) - Successfully un-registered JMX Bean with object name Ratis:service=RaftServer,group=group-12C61DCA3F7B,id=fbb72e40-54b3-4254-bcd2-d86a09a0d730
2019-08-24 00:37:08,423 [Thread-1095] INFO  impl.RoleInfo (RoleInfo.java:shutdownLeaderState(104)) - fbb72e40-54b3-4254-bcd2-d86a09a0d730: shutdown LeaderState
2019-08-24 00:37:08,423 [Thread-1095] INFO  impl.PendingRequests (PendingRequests.java:sendNotLeaderResponses(202)) - fbb72e40-54b3-4254-bcd2-d86a09a0d730-PendingRequests: sendNotLeaderResponses
2019-08-24 00:37:08,424 [Thread-1095] INFO  impl.StateMachineUpdater (StateMachineUpdater.java:stopAndJoin(115)) - StateMachineUpdater:fbb72e40-54b3-4254-bcd2-d86a09a0d730:group-12C61DCA3F7B: set stopIndex = 0
2019-08-24 00:37:08,426 [Thread-1095] INFO  impl.RaftServerImpl (ServerState.java:close(394)) - fbb72e40-54b3-4254-bcd2-d86a09a0d730:group-12C61DCA3F7B closes. The last applied log index is 0
2019-08-24 00:37:08,426 [fbb72e40-54b3-4254-bcd2-d86a09a0d730-SegmentedRaftLogWorker:Storage Directory /workdir/hadoop-ozone/integration-test/target/test-dir/MiniOzoneClusterImpl-a17881c9-06d9-4643-8696-4f8e2adcb1d1/datanode-0/data/ratis/72e311d1-946c-45e3-abcd-12c61dca3f7b] INFO  segmented.SegmentedRaftLogWorker (SegmentedRaftLogWorker.java:run(313)) - fbb72e40-54b3-4254-bcd2-d86a09a0d730-SegmentedRaftLogWorker:Storage Directory /workdir/hadoop-ozone/integration-test/target/test-dir/MiniOzoneClusterImpl-a17881c9-06d9-4643-8696-4f8e2adcb1d1/datanode-0/data/ratis/72e311d1-946c-45e3-abcd-12c61dca3f7b was interrupted, exiting. There are 0 tasks remaining in the queue.
2019-08-24 00:37:08,429 [Thread-1095] INFO  segmented.SegmentedRaftLogWorker (SegmentedRaftLogWorker.java:close(228)) - fbb72e40-54b3-4254-bcd2-d86a09a0d730-SegmentedRaftLogWorker:Storage Directory /workdir/hadoop-ozone/integration-test/target/test-dir/MiniOzoneClusterImpl-a17881c9-06d9-4643-8696-4f8e2adcb1d1/datanode-0/data/ratis/72e311d1-946c-45e3-abcd-12c61dca3f7b close()
2019-08-24 00:37:08,431 [Thread-1095] INFO  server.GrpcService (GrpcService.java:closeImpl(155)) - fbb72e40-54b3-4254-bcd2-d86a09a0d730: shutdown server with port 37236 now
2019-08-24 00:37:08,432 [Thread-1095] INFO  server.GrpcService (GrpcService.java:closeImpl(163)) - fbb72e40-54b3-4254-bcd2-d86a09a0d730: shutdown server with port 37236 successfully
2019-08-24 00:37:08,435 [Thread-1095] INFO  utils.BackgroundService (BackgroundService.java:shutdown(148)) - Shutting down service BlockDeletingService
2019-08-24 00:37:08,437 [refreshUsed-/workdir/hadoop-ozone/integration-test/target/test-dir/MiniOzoneClusterImpl-a17881c9-06d9-4643-8696-4f8e2adcb1d1/datanode-0/data/containers] WARN  fs.CachingGetSpaceUsed (CachingGetSpaceUsed.java:run(183)) - Thread Interrupted waiting to refresh disk information: sleep interrupted
2019-08-24 00:37:08,461 [Thread-1095] INFO  statemachine.DatanodeStateMachine (DatanodeStateMachine.java:stopDaemon(395)) - Ozone container server stopped.
2019-08-24 00:37:08,462 [Thread-1095] INFO  handler.ContextHandler (ContextHandler.java:doStop(910)) - Stopped o.e.j.w.WebAppContext@b9bd9f5{/,null,UNAVAILABLE}{/hddsDatanode}
2019-08-24 00:37:08,465 [Thread-1095] INFO  server.AbstractConnector (AbstractConnector.java:doStop(318)) - Stopped ServerConnector@6fbebbbe{HTTP/1.1,[http/1.1]}{0.0.0.0:0}
2019-08-24 00:37:08,465 [Thread-1095] INFO  handler.ContextHandler (ContextHandler.java:doStop(910)) - Stopped o.e.j.s.ServletContextHandler@25c0620a{/static,jar:file:/home/user/.m2/repository/org/apache/hadoop/hadoop-hdds-container-service/0.5.0-SNAPSHOT/hadoop-hdds-container-service-0.5.0-SNAPSHOT.jar!/webapps/static,UNAVAILABLE}
2019-08-24 00:37:08,466 [Thread-1095] INFO  handler.ContextHandler (ContextHandler.java:doStop(910)) - Stopped o.e.j.s.ServletContextHandler@1f4952c3{/logs,file:///workdir/hadoop-ozone/integration-test/target/log,UNAVAILABLE}
2019-08-24 00:37:08,467 [Thread-1095] INFO  ozone.MiniOzoneClusterImpl (MiniOzoneClusterImpl.java:stop(353)) - Stopping the StorageContainerManager
2019-08-24 00:37:08,467 [Thread-1095] INFO  server.StorageContainerManager (StorageContainerManager.java:stop(797)) - Stopping Replication Manager Service.
2019-08-24 00:37:08,467 [Thread-1095] INFO  container.ReplicationManager (ReplicationManager.java:stop(193)) - Stopping Replication Monitor Thread.
2019-08-24 00:37:08,468 [Thread-1095] INFO  server.StorageContainerManager (StorageContainerManager.java:stop(804)) - Stopping Lease Manager of the command watchers
2019-08-24 00:37:08,468 [Thread-1095] INFO  server.StorageContainerManager (StorageContainerManager.java:stop(811)) - Stopping datanode service RPC server
2019-08-24 00:37:08,468 [Thread-1095] INFO  server.SCMDatanodeProtocolServer (SCMDatanodeProtocolServer.java:stop(367)) - Stopping the RPC server for DataNodes
2019-08-24 00:37:08,468 [Thread-1095] INFO  ipc.Server (Server.java:stop(3082)) - Stopping server on 38317
2019-08-24 00:37:08,471 [IPC Server listener on 38317] INFO  ipc.Server (Server.java:run(1185)) - Stopping IPC Server listener on 38317
2019-08-24 00:37:08,471 [IPC Server Responder] INFO  ipc.Server (Server.java:run(1319)) - Stopping IPC Server Responder
2019-08-24 00:37:08,730 [SCM Heartbeat Processing Thread - 0] WARN  node.NodeStateManager (NodeStateManager.java:scheduleNextHealthCheck(646)) - Current Thread is interrupted, shutting down HB processing thread for Node Manager.
2019-08-24 00:37:08,731 [Thread-1095] INFO  server.StorageContainerManager (StorageContainerManager.java:stop(819)) - Stopping block service RPC server
2019-08-24 00:37:08,731 [Thread-1095] INFO  server.SCMBlockProtocolServer (SCMBlockProtocolServer.java:stop(148)) - Stopping the RPC server for Block Protocol
2019-08-24 00:37:08,731 [Thread-1095] INFO  ipc.Server (Server.java:stop(3082)) - Stopping server on 46776
2019-08-24 00:37:08,734 [IPC Server listener on 46776] INFO  ipc.Server (Server.java:run(1185)) - Stopping IPC Server listener on 46776
2019-08-24 00:37:08,734 [Thread-1095] INFO  server.StorageContainerManager (StorageContainerManager.java:stop(826)) - Stopping the StorageContainerLocationProtocol RPC server
2019-08-24 00:37:08,735 [Thread-1095] INFO  server.SCMClientProtocolServer (SCMClientProtocolServer.java:stop(159)) - Stopping the RPC server for Client Protocol
2019-08-24 00:37:08,734 [IPC Server Responder] INFO  ipc.Server (Server.java:run(1319)) - Stopping IPC Server Responder
2019-08-24 00:37:08,735 [Thread-1095] INFO  ipc.Server (Server.java:stop(3082)) - Stopping server on 34157
2019-08-24 00:37:08,736 [Thread-1095] INFO  server.StorageContainerManager (StorageContainerManager.java:stop(833)) - Stopping Storage Container Manager HTTP server.
2019-08-24 00:37:08,737 [IPC Server listener on 34157] INFO  ipc.Server (Server.java:run(1185)) - Stopping IPC Server listener on 34157
2019-08-24 00:37:08,738 [IPC Server Responder] INFO  ipc.Server (Server.java:run(1319)) - Stopping IPC Server Responder
2019-08-24 00:37:08,739 [Thread-1095] INFO  handler.ContextHandler (ContextHandler.java:doStop(910)) - Stopped o.e.j.w.WebAppContext@33dcf913{/,null,UNAVAILABLE}{/scm}
2019-08-24 00:37:08,740 [Thread-1095] INFO  server.AbstractConnector (AbstractConnector.java:doStop(318)) - Stopped ServerConnector@31450ea{HTTP/1.1,[http/1.1]}{0.0.0.0:0}
2019-08-24 00:37:08,740 [Thread-1095] INFO  handler.ContextHandler (ContextHandler.java:doStop(910)) - Stopped o.e.j.s.ServletContextHandler@42bd9bf9{/static,file:///workdir/hadoop-ozone/integration-test/target/test-classes/webapps/static,UNAVAILABLE}
2019-08-24 00:37:08,740 [Thread-1095] INFO  handler.ContextHandler (ContextHandler.java:doStop(910)) - Stopped o.e.j.s.ServletContextHandler@352da02a{/logs,file:///workdir/hadoop-ozone/integration-test/target/log,UNAVAILABLE}
2019-08-24 00:37:08,742 [Thread-1095] INFO  server.StorageContainerManager (StorageContainerManager.java:stop(844)) - Stopping Block Manager Service.
2019-08-24 00:37:08,742 [Thread-1095] INFO  utils.BackgroundService (BackgroundService.java:shutdown(148)) - Shutting down service SCMBlockDeletingService
2019-08-24 00:37:08,743 [Thread-1095] INFO  utils.BackgroundService (BackgroundService.java:shutdown(148)) - Shutting down service SCMBlockDeletingService
2019-08-24 00:37:08,743 [Thread-1095] INFO  server.StorageContainerManager (StorageContainerManager.java:stop(866)) - Stopping SCM Event Queue.
2019-08-24 00:37:08,747 [Thread-1095] INFO  impl.MetricsSystemImpl (MetricsSystemImpl.java:stop(210)) - Stopping HddsDatanode metrics system...
2019-08-24 00:37:08,749 [Thread-1095] INFO  impl.MetricsSystemImpl (MetricsSystemImpl.java:stop(216)) - HddsDatanode metrics system stopped.
]]></system-out>
    <system-err><![CDATA[Aug 24, 2019 12:36:56 AM com.sun.jersey.server.impl.application.WebApplicationImpl _initiate
INFO: Initiating Jersey application, version 'Jersey: 1.19 02/11/2015 03:25 AM'
Aug 24, 2019 12:37:00 AM org.apache.ratis.thirdparty.io.grpc.internal.ManagedChannelOrphanWrapper$ManagedChannelReference cleanQueue
SEVERE: *~*~*~ Channel ManagedChannelImpl{logId=18, target=192.168.34.57:36611} was not shutdown properly!!! ~*~*~*
    Make sure to call shutdown()/shutdownNow() and wait until awaitTermination() returns true.
java.lang.RuntimeException: ManagedChannel allocation site
	at org.apache.ratis.thirdparty.io.grpc.internal.ManagedChannelOrphanWrapper$ManagedChannelReference.<init>(ManagedChannelOrphanWrapper.java:103)
	at org.apache.ratis.thirdparty.io.grpc.internal.ManagedChannelOrphanWrapper.<init>(ManagedChannelOrphanWrapper.java:53)
	at org.apache.ratis.thirdparty.io.grpc.internal.ManagedChannelOrphanWrapper.<init>(ManagedChannelOrphanWrapper.java:44)
	at org.apache.ratis.thirdparty.io.grpc.internal.AbstractManagedChannelImplBuilder.build(AbstractManagedChannelImplBuilder.java:411)
	at org.apache.hadoop.hdds.scm.XceiverClientGrpc.connectToDatanode(XceiverClientGrpc.java:174)
	at org.apache.hadoop.hdds.scm.XceiverClientGrpc.reconnect(XceiverClientGrpc.java:422)
	at org.apache.hadoop.hdds.scm.XceiverClientGrpc.sendCommandAsync(XceiverClientGrpc.java:371)
	at org.apache.hadoop.hdds.scm.XceiverClientGrpc.sendCommandAsync(XceiverClientGrpc.java:346)
	at org.apache.hadoop.hdds.scm.storage.ContainerProtocolCalls.writeChunkAsync(ContainerProtocolCalls.java:310)
	at org.apache.hadoop.hdds.scm.storage.BlockOutputStream.writeChunkToContainer(BlockOutputStream.java:601)
	at org.apache.hadoop.hdds.scm.storage.BlockOutputStream.writeChunk(BlockOutputStream.java:459)
	at org.apache.hadoop.hdds.scm.storage.BlockOutputStream.handleFlush(BlockOutputStream.java:470)
	at org.apache.hadoop.hdds.scm.storage.BlockOutputStream.close(BlockOutputStream.java:493)
	at org.apache.hadoop.ozone.client.io.BlockOutputStreamEntry.close(BlockOutputStreamEntry.java:143)
	at org.apache.hadoop.ozone.client.io.KeyOutputStream.handleFlushOrClose(KeyOutputStream.java:434)
	at org.apache.hadoop.ozone.client.io.KeyOutputStream.close(KeyOutputStream.java:472)
	at org.apache.hadoop.ozone.client.io.OzoneOutputStream.close(OzoneOutputStream.java:60)
	at org.apache.hadoop.ozone.TestStorageContainerManagerHelper.createKeys(TestStorageContainerManagerHelper.java:99)
	at org.apache.hadoop.ozone.om.TestScmSafeMode.testSCMSafeMode(TestScmSafeMode.java:241)
	at sun.reflect.NativeMethodAccessorImpl.invoke0(Native Method)
	at sun.reflect.NativeMethodAccessorImpl.invoke(NativeMethodAccessorImpl.java:62)
	at sun.reflect.DelegatingMethodAccessorImpl.invoke(DelegatingMethodAccessorImpl.java:43)
	at java.lang.reflect.Method.invoke(Method.java:498)
	at org.junit.runners.model.FrameworkMethod$1.runReflectiveCall(FrameworkMethod.java:47)
	at org.junit.internal.runners.model.ReflectiveCallable.run(ReflectiveCallable.java:12)
	at org.junit.runners.model.FrameworkMethod.invokeExplosively(FrameworkMethod.java:44)
	at org.junit.internal.runners.statements.InvokeMethod.evaluate(InvokeMethod.java:17)
	at org.junit.internal.runners.statements.FailOnTimeout$StatementThread.run(FailOnTimeout.java:74)

Aug 24, 2019 12:37:01 AM com.sun.jersey.server.impl.application.WebApplicationImpl _initiate
INFO: Initiating Jersey application, version 'Jersey: 1.19 02/11/2015 03:25 AM'
]]></system-err>
  </testcase>
  <testcase name="testSCMSafeModeRestrictedOp" classname="org.apache.hadoop.ozone.om.TestScmSafeMode" time="53.393"/>
</testsuite>