<?xml version="1.0" encoding="UTF-8"?>
<testsuite xmlns:xsi="http://www.w3.org/2001/XMLSchema-instance" xsi:noNamespaceSchemaLocation="https://maven.apache.org/surefire/maven-surefire-plugin/xsd/surefire-test-report.xsd" name="org.apache.hadoop.ozone.TestStorageContainerManager" time="108.303" tests="9" errors="2" skipped="0" failures="1">
  <properties>
    <property name="awt.toolkit" value="sun.awt.X11.XToolkit"/>
    <property name="file.encoding.pkg" value="sun.io"/>
    <property name="java.specification.version" value="1.8"/>
    <property name="sun.cpu.isalist" value=""/>
    <property name="sun.jnu.encoding" value="UTF-8"/>
    <property name="java.class.path" value="/workdir/hadoop-ozone/integration-test/target/test-classes:/workdir/hadoop-ozone/integration-test/target/classes:/home/user/.m2/repository/org/apache/hadoop/hadoop-ozone-common/0.4.1-SNAPSHOT/hadoop-ozone-common-0.4.1-SNAPSHOT.jar:/home/user/.m2/repository/org/apache/commons/commons-compress/1.4.1/commons-compress-1.4.1.jar:/home/user/.m2/repository/org/tukaani/xz/1.0/xz-1.0.jar:/home/user/.m2/repository/org/apache/hadoop/hadoop-common/3.2.0/hadoop-common-3.2.0.jar:/home/user/.m2/repository/org/apache/hadoop/hadoop-hdfs/3.2.0/hadoop-hdfs-3.2.0.jar:/home/user/.m2/repository/org/apache/hadoop/hadoop-hdfs-client/3.2.0/hadoop-hdfs-client-3.2.0.jar:/home/user/.m2/repository/com/fasterxml/jackson/core/jackson-annotations/2.9.5/jackson-annotations-2.9.5.jar:/home/user/.m2/repository/org/apache/hadoop/hadoop-hdds-common/0.4.1-SNAPSHOT/hadoop-hdds-common-0.4.1-SNAPSHOT.jar:/home/user/.m2/repository/javax/annotation/javax.annotation-api/1.2/javax.annotation-api-1.2.jar:/home/user/.m2/repository/org/apache/ratis/ratis-server/0.4.0-2337318-SNAPSHOT/ratis-server-0.4.0-2337318-SNAPSHOT.jar:/home/user/.m2/repository/org/apache/ratis/ratis-thirdparty-misc/0.2.0/ratis-thirdparty-misc-0.2.0.jar:/home/user/.m2/repository/org/apache/ratis/ratis-proto/0.4.0-2337318-SNAPSHOT/ratis-proto-0.4.0-2337318-SNAPSHOT.jar:/home/user/.m2/repository/org/apache/ratis/ratis-common/0.4.0-2337318-SNAPSHOT/ratis-common-0.4.0-2337318-SNAPSHOT.jar:/home/user/.m2/repository/org/apache/ratis/ratis-client/0.4.0-2337318-SNAPSHOT/ratis-client-0.4.0-2337318-SNAPSHOT.jar:/home/user/.m2/repository/org/apache/ratis/ratis-metrics/0.4.0-2337318-SNAPSHOT/ratis-metrics-0.4.0-2337318-SNAPSHOT.jar:/home/user/.m2/repository/org/apache/ratis/ratis-netty/0.4.0-2337318-SNAPSHOT/ratis-netty-0.4.0-2337318-SNAPSHOT.jar:/home/user/.m2/repository/org/apache/ratis/ratis-grpc/0.4.0-2337318-SNAPSHOT/ratis-grpc-0.4.0-2337318-SNAPSHOT.jar:/home/user/.m2/repository/org/rocksdb/rocksdbjni/6.0.1/rocksdbjni-6.0.1.jar:/home/user/.m2/repository/org/apache/logging/log4j/log4j-api/2.11.0/log4j-api-2.11.0.jar:/home/user/.m2/repository/org/apache/logging/log4j/log4j-core/2.11.0/log4j-core-2.11.0.jar:/home/user/.m2/repository/com/lmax/disruptor/3.4.2/disruptor-3.4.2.jar:/home/user/.m2/repository/org/apache/commons/commons-pool2/2.6.0/commons-pool2-2.6.0.jar:/home/user/.m2/repository/org/bouncycastle/bcpkix-jdk15on/1.60/bcpkix-jdk15on-1.60.jar:/home/user/.m2/repository/commons-validator/commons-validator/1.6/commons-validator-1.6.jar:/home/user/.m2/repository/commons-digester/commons-digester/1.8.1/commons-digester-1.8.1.jar:/home/user/.m2/repository/io/jaegertracing/jaeger-client/0.33.1/jaeger-client-0.33.1.jar:/home/user/.m2/repository/io/jaegertracing/jaeger-thrift/0.33.1/jaeger-thrift-0.33.1.jar:/home/user/.m2/repository/org/apache/thrift/libthrift/0.11.0/libthrift-0.11.0.jar:/home/user/.m2/repository/com/squareup/okhttp3/okhttp/3.9.0/okhttp-3.9.0.jar:/home/user/.m2/repository/com/squareup/okio/okio/1.13.0/okio-1.13.0.jar:/home/user/.m2/repository/io/jaegertracing/jaeger-core/0.33.1/jaeger-core-0.33.1.jar:/home/user/.m2/repository/io/jaegertracing/jaeger-tracerresolver/0.33.1/jaeger-tracerresolver-0.33.1.jar:/home/user/.m2/repository/io/opentracing/contrib/opentracing-tracerresolver/0.1.5/opentracing-tracerresolver-0.1.5.jar:/home/user/.m2/repository/io/opentracing/opentracing-util/0.31.0/opentracing-util-0.31.0.jar:/home/user/.m2/repository/io/opentracing/opentracing-api/0.31.0/opentracing-api-0.31.0.jar:/home/user/.m2/repository/io/opentracing/opentracing-noop/0.31.0/opentracing-noop-0.31.0.jar:/home/user/.m2/repository/org/apache/hadoop/hadoop-hdds-server-framework/0.4.1-SNAPSHOT/hadoop-hdds-server-framework-0.4.1-SNAPSHOT.jar:/home/user/.m2/repository/org/apache/hadoop/hadoop-hdds-container-service/0.4.1-SNAPSHOT/hadoop-hdds-container-service-0.4.1-SNAPSHOT.jar:/home/user/.m2/repository/org/apache/hadoop/hadoop-hdds-client/0.4.1-SNAPSHOT/hadoop-hdds-client-0.4.1-SNAPSHOT.jar:/home/user/.m2/repository/org/apache/hadoop/hadoop-hdds-tools/0.4.1-SNAPSHOT/hadoop-hdds-tools-0.4.1-SNAPSHOT.jar:/home/user/.m2/repository/org/apache/hadoop/hadoop-hdds-server-scm/0.4.1-SNAPSHOT/hadoop-hdds-server-scm-0.4.1-SNAPSHOT.jar:/home/user/.m2/repository/org/apache/hadoop/hadoop-hdds-docs/0.4.1-SNAPSHOT/hadoop-hdds-docs-0.4.1-SNAPSHOT.jar:/home/user/.m2/repository/io/dropwizard/metrics/metrics-core/3.2.4/metrics-core-3.2.4.jar:/home/user/.m2/repository/org/hamcrest/hamcrest-all/1.3/hamcrest-all-1.3.jar:/home/user/.m2/repository/org/bouncycastle/bcprov-jdk15on/1.60/bcprov-jdk15on-1.60.jar:/home/user/.m2/repository/info/picocli/picocli/3.9.6/picocli-3.9.6.jar:/home/user/.m2/repository/com/google/protobuf/protobuf-java/2.5.0/protobuf-java-2.5.0.jar:/home/user/.m2/repository/com/google/guava/guava/11.0.2/guava-11.0.2.jar:/home/user/.m2/repository/org/apache/hadoop/hadoop-ozone-ozone-manager/0.4.1-SNAPSHOT/hadoop-ozone-ozone-manager-0.4.1-SNAPSHOT.jar:/home/user/.m2/repository/org/apache/hadoop/hadoop-minikdc/3.2.0/hadoop-minikdc-3.2.0.jar:/home/user/.m2/repository/commons-io/commons-io/2.5/commons-io-2.5.jar:/home/user/.m2/repository/org/apache/kerby/kerb-simplekdc/1.0.1/kerb-simplekdc-1.0.1.jar:/home/user/.m2/repository/org/apache/kerby/kerb-client/1.0.1/kerb-client-1.0.1.jar:/home/user/.m2/repository/org/apache/kerby/kerby-config/1.0.1/kerby-config-1.0.1.jar:/home/user/.m2/repository/org/apache/kerby/kerb-core/1.0.1/kerb-core-1.0.1.jar:/home/user/.m2/repository/org/apache/kerby/kerby-pkix/1.0.1/kerby-pkix-1.0.1.jar:/home/user/.m2/repository/org/apache/kerby/kerby-asn1/1.0.1/kerby-asn1-1.0.1.jar:/home/user/.m2/repository/org/apache/kerby/kerby-util/1.0.1/kerby-util-1.0.1.jar:/home/user/.m2/repository/org/apache/kerby/kerb-common/1.0.1/kerb-common-1.0.1.jar:/home/user/.m2/repository/org/apache/kerby/kerb-crypto/1.0.1/kerb-crypto-1.0.1.jar:/home/user/.m2/repository/org/apache/kerby/kerb-util/1.0.1/kerb-util-1.0.1.jar:/home/user/.m2/repository/org/apache/kerby/token-provider/1.0.1/token-provider-1.0.1.jar:/home/user/.m2/repository/org/apache/kerby/kerb-admin/1.0.1/kerb-admin-1.0.1.jar:/home/user/.m2/repository/org/apache/kerby/kerb-server/1.0.1/kerb-server-1.0.1.jar:/home/user/.m2/repository/org/apache/kerby/kerb-identity/1.0.1/kerb-identity-1.0.1.jar:/home/user/.m2/repository/org/apache/kerby/kerby-xdr/1.0.1/kerby-xdr-1.0.1.jar:/home/user/.m2/repository/org/slf4j/slf4j-log4j12/1.7.25/slf4j-log4j12-1.7.25.jar:/home/user/.m2/repository/org/apache/hadoop/hadoop-ozone-objectstore-service/0.4.1-SNAPSHOT/hadoop-ozone-objectstore-service-0.4.1-SNAPSHOT.jar:/home/user/.m2/repository/org/apache/hadoop/hadoop-ozone-s3gateway/0.4.1-SNAPSHOT/hadoop-ozone-s3gateway-0.4.1-SNAPSHOT.jar:/home/user/.m2/repository/org/jboss/weld/servlet/weld-servlet/2.4.7.Final/weld-servlet-2.4.7.Final.jar:/home/user/.m2/repository/org/glassfish/jersey/containers/jersey-container-servlet-core/2.27/jersey-container-servlet-core-2.27.jar:/home/user/.m2/repository/org/glassfish/hk2/external/javax.inject/2.5.0-b42/javax.inject-2.5.0-b42.jar:/home/user/.m2/repository/org/glassfish/jersey/core/jersey-common/2.27/jersey-common-2.27.jar:/home/user/.m2/repository/org/glassfish/hk2/osgi-resource-locator/1.0.1/osgi-resource-locator-1.0.1.jar:/home/user/.m2/repository/javax/ws/rs/javax.ws.rs-api/2.1/javax.ws.rs-api-2.1.jar:/home/user/.m2/repository/org/glassfish/jersey/ext/cdi/jersey-cdi1x/2.27/jersey-cdi1x-2.27.jar:/home/user/.m2/repository/org/glassfish/jersey/inject/jersey-hk2/2.27/jersey-hk2-2.27.jar:/home/user/.m2/repository/org/glassfish/hk2/hk2-locator/2.5.0-b42/hk2-locator-2.5.0-b42.jar:/home/user/.m2/repository/org/javassist/javassist/3.22.0-CR2/javassist-3.22.0-CR2.jar:/home/user/.m2/repository/org/glassfish/hk2/hk2-api/2.5.0/hk2-api-2.5.0.jar:/home/user/.m2/repository/org/glassfish/hk2/external/jakarta.inject/2.5.0/jakarta.inject-2.5.0.jar:/home/user/.m2/repository/org/glassfish/hk2/hk2-utils/2.5.0/hk2-utils-2.5.0.jar:/home/user/.m2/repository/jakarta/annotation/jakarta.annotation-api/1.3.4/jakarta.annotation-api-1.3.4.jar:/home/user/.m2/repository/org/glassfish/hk2/external/aopalliance-repackaged/2.5.0/aopalliance-repackaged-2.5.0.jar:/home/user/.m2/repository/com/fasterxml/jackson/dataformat/jackson-dataformat-xml/2.9.0/jackson-dataformat-xml-2.9.0.jar:/home/user/.m2/repository/com/fasterxml/jackson/core/jackson-core/2.9.5/jackson-core-2.9.5.jar:/home/user/.m2/repository/com/fasterxml/jackson/module/jackson-module-jaxb-annotations/2.9.5/jackson-module-jaxb-annotations-2.9.5.jar:/home/user/.m2/repository/javax/enterprise/cdi-api/1.2/cdi-api-1.2.jar:/home/user/.m2/repository/javax/el/javax.el-api/3.0.0/javax.el-api-3.0.0.jar:/home/user/.m2/repository/javax/interceptor/javax.interceptor-api/1.2/javax.interceptor-api-1.2.jar:/home/user/.m2/repository/javax/inject/javax.inject/1/javax.inject-1.jar:/home/user/.m2/repository/com/sun/xml/bind/jaxb-impl/2.3.0.1/jaxb-impl-2.3.0.1.jar:/home/user/.m2/repository/com/sun/xml/bind/jaxb-core/2.3.0.1/jaxb-core-2.3.0.1.jar:/home/user/.m2/repository/javax/xml/bind/jaxb-api/2.3.0/jaxb-api-2.3.0.jar:/home/user/.m2/repository/javax/activation/activation/1.1.1/activation-1.1.1.jar:/home/user/.m2/repository/org/apache/hadoop/hadoop-ozone-csi/0.4.1-SNAPSHOT/hadoop-ozone-csi-0.4.1-SNAPSHOT.jar:/home/user/.m2/repository/com/google/protobuf/protobuf-java-util/3.5.1/protobuf-java-util-3.5.1.jar:/home/user/.m2/repository/org/apache/hadoop/hadoop-hdds-config/0.4.1-SNAPSHOT/hadoop-hdds-config-0.4.1-SNAPSHOT.jar:/home/user/.m2/repository/io/grpc/grpc-netty/1.17.1/grpc-netty-1.17.1.jar:/home/user/.m2/repository/io/grpc/grpc-core/1.17.1/grpc-core-1.17.1.jar:/home/user/.m2/repository/io/grpc/grpc-context/1.17.1/grpc-context-1.17.1.jar:/home/user/.m2/repository/com/google/errorprone/error_prone_annotations/2.2.0/error_prone_annotations-2.2.0.jar:/home/user/.m2/repository/org/codehaus/mojo/animal-sniffer-annotations/1.17/animal-sniffer-annotations-1.17.jar:/home/user/.m2/repository/io/opencensus/opencensus-api/0.17.0/opencensus-api-0.17.0.jar:/home/user/.m2/repository/io/opencensus/opencensus-contrib-grpc-metrics/0.17.0/opencensus-contrib-grpc-metrics-0.17.0.jar:/home/user/.m2/repository/io/netty/netty-codec-http2/4.1.30.Final/netty-codec-http2-4.1.30.Final.jar:/home/user/.m2/repository/io/netty/netty-codec-http/4.1.30.Final/netty-codec-http-4.1.30.Final.jar:/home/user/.m2/repository/io/netty/netty-codec/4.1.30.Final/netty-codec-4.1.30.Final.jar:/home/user/.m2/repository/io/netty/netty-handler/4.1.30.Final/netty-handler-4.1.30.Final.jar:/home/user/.m2/repository/io/netty/netty-handler-proxy/4.1.30.Final/netty-handler-proxy-4.1.30.Final.jar:/home/user/.m2/repository/io/netty/netty-codec-socks/4.1.30.Final/netty-codec-socks-4.1.30.Final.jar:/home/user/.m2/repository/io/netty/netty-transport-native-epoll/4.1.30.Final/netty-transport-native-epoll-4.1.30.Final.jar:/home/user/.m2/repository/io/netty/netty-common/4.1.30.Final/netty-common-4.1.30.Final.jar:/home/user/.m2/repository/io/netty/netty-buffer/4.1.30.Final/netty-buffer-4.1.30.Final.jar:/home/user/.m2/repository/io/netty/netty-transport/4.1.30.Final/netty-transport-4.1.30.Final.jar:/home/user/.m2/repository/io/netty/netty-resolver/4.1.30.Final/netty-resolver-4.1.30.Final.jar:/home/user/.m2/repository/io/netty/netty-transport-native-unix-common/4.1.30.Final/netty-transport-native-unix-common-4.1.30.Final.jar:/home/user/.m2/repository/io/grpc/grpc-protobuf/1.17.1/grpc-protobuf-1.17.1.jar:/home/user/.m2/repository/com/google/api/grpc/proto-google-common-protos/1.0.0/proto-google-common-protos-1.0.0.jar:/home/user/.m2/repository/io/grpc/grpc-protobuf-lite/1.17.1/grpc-protobuf-lite-1.17.1.jar:/home/user/.m2/repository/io/grpc/grpc-stub/1.17.1/grpc-stub-1.17.1.jar:/home/user/.m2/repository/org/apache/hadoop/hadoop-ozone-recon/0.4.1-SNAPSHOT/hadoop-ozone-recon-0.4.1-SNAPSHOT.jar:/home/user/.m2/repository/org/apache/hadoop/hadoop-ozone-reconcodegen/0.4.1-SNAPSHOT/hadoop-ozone-reconcodegen-0.4.1-SNAPSHOT.jar:/home/user/.m2/repository/com/google/inject/extensions/guice-multibindings/4.0/guice-multibindings-4.0.jar:/home/user/.m2/repository/com/google/inject/guice/4.0/guice-4.0.jar:/home/user/.m2/repository/aopalliance/aopalliance/1.0/aopalliance-1.0.jar:/home/user/.m2/repository/com/google/inject/extensions/guice-servlet/4.0/guice-servlet-4.0.jar:/home/user/.m2/repository/org/glassfish/jersey/containers/jersey-container-servlet/2.27/jersey-container-servlet-2.27.jar:/home/user/.m2/repository/org/glassfish/hk2/guice-bridge/2.5.0/guice-bridge-2.5.0.jar:/home/user/.m2/repository/org/glassfish/jersey/core/jersey-server/2.27/jersey-server-2.27.jar:/home/user/.m2/repository/org/glassfish/jersey/core/jersey-client/2.27/jersey-client-2.27.jar:/home/user/.m2/repository/org/glassfish/jersey/media/jersey-media-jaxb/2.27/jersey-media-jaxb-2.27.jar:/home/user/.m2/repository/javax/validation/validation-api/1.1.0.Final/validation-api-1.1.0.Final.jar:/home/user/.m2/repository/org/glassfish/jersey/media/jersey-media-json-jackson/2.27/jersey-media-json-jackson-2.27.jar:/home/user/.m2/repository/org/glassfish/jersey/ext/jersey-entity-filtering/2.27/jersey-entity-filtering-2.27.jar:/home/user/.m2/repository/com/google/inject/extensions/guice-assistedinject/4.0/guice-assistedinject-4.0.jar:/home/user/.m2/repository/org/jooq/jooq/3.11.10/jooq-3.11.10.jar:/home/user/.m2/repository/org/jooq/jooq-meta/3.11.10/jooq-meta-3.11.10.jar:/home/user/.m2/repository/org/jooq/jooq-codegen/3.11.10/jooq-codegen-3.11.10.jar:/home/user/.m2/repository/com/jolbox/bonecp/0.8.0.RELEASE/bonecp-0.8.0.RELEASE.jar:/home/user/.m2/repository/org/xerial/sqlite-jdbc/3.25.2/sqlite-jdbc-3.25.2.jar:/home/user/.m2/repository/org/springframework/spring-jdbc/5.1.3.RELEASE/spring-jdbc-5.1.3.RELEASE.jar:/home/user/.m2/repository/org/springframework/spring-beans/5.1.3.RELEASE/spring-beans-5.1.3.RELEASE.jar:/home/user/.m2/repository/org/springframework/spring-core/5.1.3.RELEASE/spring-core-5.1.3.RELEASE.jar:/home/user/.m2/repository/org/springframework/spring-jcl/5.1.3.RELEASE/spring-jcl-5.1.3.RELEASE.jar:/home/user/.m2/repository/org/springframework/spring-tx/5.1.3.RELEASE/spring-tx-5.1.3.RELEASE.jar:/home/user/.m2/repository/org/apache/hadoop/hadoop-ozone-client/0.4.1-SNAPSHOT/hadoop-ozone-client-0.4.1-SNAPSHOT.jar:/home/user/.m2/repository/commons-lang/commons-lang/2.6/commons-lang-2.6.jar:/home/user/.m2/repository/org/apache/hadoop/hadoop-ozone-ozone-manager/0.4.1-SNAPSHOT/hadoop-ozone-ozone-manager-0.4.1-SNAPSHOT-tests.jar:/home/user/.m2/repository/junit/junit/4.11/junit-4.11.jar:/home/user/.m2/repository/org/hamcrest/hamcrest-core/1.3/hamcrest-core-1.3.jar:/home/user/.m2/repository/org/openjdk/jmh/jmh-core/1.19/jmh-core-1.19.jar:/home/user/.m2/repository/net/sf/jopt-simple/jopt-simple/4.6/jopt-simple-4.6.jar:/home/user/.m2/repository/org/apache/commons/commons-math3/3.1.1/commons-math3-3.1.1.jar:/home/user/.m2/repository/org/openjdk/jmh/jmh-generator-annprocess/1.19/jmh-generator-annprocess-1.19.jar:/home/user/.m2/repository/org/mockito/mockito-all/1.8.5/mockito-all-1.8.5.jar:/home/user/.m2/repository/org/apache/hadoop/hadoop-kms/3.2.0/hadoop-kms-3.2.0.jar:/home/user/.m2/repository/org/apache/hadoop/hadoop-auth/3.2.0/hadoop-auth-3.2.0.jar:/home/user/.m2/repository/com/nimbusds/nimbus-jose-jwt/4.41.1/nimbus-jose-jwt-4.41.1.jar:/home/user/.m2/repository/com/github/stephenc/jcip/jcip-annotations/1.0-1/jcip-annotations-1.0-1.jar:/home/user/.m2/repository/net/minidev/json-smart/2.3/json-smart-2.3.jar:/home/user/.m2/repository/net/minidev/accessors-smart/1.2/accessors-smart-1.2.jar:/home/user/.m2/repository/org/ow2/asm/asm/5.0.4/asm-5.0.4.jar:/home/user/.m2/repository/org/apache/curator/curator-framework/2.12.0/curator-framework-2.12.0.jar:/home/user/.m2/repository/com/sun/jersey/jersey-core/1.19/jersey-core-1.19.jar:/home/user/.m2/repository/javax/ws/rs/jsr311-api/1.1.1/jsr311-api-1.1.1.jar:/home/user/.m2/repository/com/sun/jersey/jersey-server/1.19/jersey-server-1.19.jar:/home/user/.m2/repository/javax/servlet/javax.servlet-api/3.1.0/javax.servlet-api-3.1.0.jar:/home/user/.m2/repository/org/eclipse/jetty/jetty-server/9.3.24.v20180605/jetty-server-9.3.24.v20180605.jar:/home/user/.m2/repository/org/eclipse/jetty/jetty-http/9.3.24.v20180605/jetty-http-9.3.24.v20180605.jar:/home/user/.m2/repository/org/eclipse/jetty/jetty-io/9.3.24.v20180605/jetty-io-9.3.24.v20180605.jar:/home/user/.m2/repository/org/eclipse/jetty/jetty-webapp/9.3.24.v20180605/jetty-webapp-9.3.24.v20180605.jar:/home/user/.m2/repository/org/eclipse/jetty/jetty-xml/9.3.24.v20180605/jetty-xml-9.3.24.v20180605.jar:/home/user/.m2/repository/log4j/log4j/1.2.17/log4j-1.2.17.jar:/home/user/.m2/repository/org/slf4j/slf4j-api/1.7.25/slf4j-api-1.7.25.jar:/home/user/.m2/repository/org/slf4j/jul-to-slf4j/1.7.25/jul-to-slf4j-1.7.25.jar:/home/user/.m2/repository/org/eclipse/jetty/jetty-util/9.3.24.v20180605/jetty-util-9.3.24.v20180605.jar:/home/user/.m2/repository/com/fasterxml/jackson/core/jackson-databind/2.9.5/jackson-databind-2.9.5.jar:/home/user/.m2/repository/org/apache/hadoop/hadoop-kms/3.2.0/hadoop-kms-3.2.0-tests.jar:/home/user/.m2/repository/org/apache/hadoop/hadoop-hdds-server-scm/0.4.1-SNAPSHOT/hadoop-hdds-server-scm-0.4.1-SNAPSHOT-tests.jar:/home/user/.m2/repository/org/apache/hadoop/hadoop-hdds-container-service/0.4.1-SNAPSHOT/hadoop-hdds-container-service-0.4.1-SNAPSHOT-tests.jar:/home/user/.m2/repository/org/yaml/snakeyaml/1.16/snakeyaml-1.16.jar:/home/user/.m2/repository/org/apache/hadoop/hadoop-common/3.2.0/hadoop-common-3.2.0-tests.jar:/home/user/.m2/repository/org/apache/hadoop/hadoop-annotations/3.2.0/hadoop-annotations-3.2.0.jar:/usr/lib/jvm/java-1.8-openjdk/jre/../lib/tools.jar:/home/user/.m2/repository/commons-cli/commons-cli/1.2/commons-cli-1.2.jar:/home/user/.m2/repository/org/apache/httpcomponents/httpclient/4.5.2/httpclient-4.5.2.jar:/home/user/.m2/repository/org/apache/httpcomponents/httpcore/4.4.4/httpcore-4.4.4.jar:/home/user/.m2/repository/commons-codec/commons-codec/1.11/commons-codec-1.11.jar:/home/user/.m2/repository/commons-net/commons-net/3.6/commons-net-3.6.jar:/home/user/.m2/repository/commons-collections/commons-collections/3.2.2/commons-collections-3.2.2.jar:/home/user/.m2/repository/org/eclipse/jetty/jetty-servlet/9.3.24.v20180605/jetty-servlet-9.3.24.v20180605.jar:/home/user/.m2/repository/org/eclipse/jetty/jetty-security/9.3.24.v20180605/jetty-security-9.3.24.v20180605.jar:/home/user/.m2/repository/javax/servlet/jsp/jsp-api/2.1/jsp-api-2.1.jar:/home/user/.m2/repository/com/sun/jersey/jersey-servlet/1.19/jersey-servlet-1.19.jar:/home/user/.m2/repository/com/sun/jersey/jersey-json/1.19/jersey-json-1.19.jar:/home/user/.m2/repository/org/codehaus/jettison/jettison/1.1/jettison-1.1.jar:/home/user/.m2/repository/org/codehaus/jackson/jackson-core-asl/1.9.13/jackson-core-asl-1.9.13.jar:/home/user/.m2/repository/org/codehaus/jackson/jackson-mapper-asl/1.9.13/jackson-mapper-asl-1.9.13.jar:/home/user/.m2/repository/org/codehaus/jackson/jackson-jaxrs/1.9.13/jackson-jaxrs-1.9.13.jar:/home/user/.m2/repository/org/codehaus/jackson/jackson-xc/1.9.13/jackson-xc-1.9.13.jar:/home/user/.m2/repository/commons-logging/commons-logging/1.1.3/commons-logging-1.1.3.jar:/home/user/.m2/repository/commons-beanutils/commons-beanutils/1.9.3/commons-beanutils-1.9.3.jar:/home/user/.m2/repository/org/apache/commons/commons-configuration2/2.1.1/commons-configuration2-2.1.1.jar:/home/user/.m2/repository/org/apache/commons/commons-lang3/3.7/commons-lang3-3.7.jar:/home/user/.m2/repository/org/apache/commons/commons-text/1.4/commons-text-1.4.jar:/home/user/.m2/repository/org/apache/avro/avro/1.7.7/avro-1.7.7.jar:/home/user/.m2/repository/com/thoughtworks/paranamer/paranamer/2.3/paranamer-2.3.jar:/home/user/.m2/repository/org/xerial/snappy/snappy-java/1.0.5/snappy-java-1.0.5.jar:/home/user/.m2/repository/com/google/re2j/re2j/1.1/re2j-1.1.jar:/home/user/.m2/repository/com/google/code/gson/gson/2.2.4/gson-2.2.4.jar:/home/user/.m2/repository/com/jcraft/jsch/0.1.54/jsch-0.1.54.jar:/home/user/.m2/repository/org/apache/curator/curator-client/2.12.0/curator-client-2.12.0.jar:/home/user/.m2/repository/org/apache/curator/curator-recipes/2.12.0/curator-recipes-2.12.0.jar:/home/user/.m2/repository/com/google/code/findbugs/jsr305/3.0.0/jsr305-3.0.0.jar:/home/user/.m2/repository/org/apache/htrace/htrace-core4/4.1.0-incubating/htrace-core4-4.1.0-incubating.jar:/home/user/.m2/repository/org/apache/zookeeper/zookeeper/3.4.13/zookeeper-3.4.13.jar:/home/user/.m2/repository/org/apache/yetus/audience-annotations/0.5.0/audience-annotations-0.5.0.jar:/home/user/.m2/repository/org/codehaus/woodstox/stax2-api/3.1.4/stax2-api-3.1.4.jar:/home/user/.m2/repository/com/fasterxml/woodstox/woodstox-core/5.0.3/woodstox-core-5.0.3.jar:/home/user/.m2/repository/dnsjava/dnsjava/2.1.7/dnsjava-2.1.7.jar:/home/user/.m2/repository/org/apache/hadoop/hadoop-hdfs/3.2.0/hadoop-hdfs-3.2.0-tests.jar:/home/user/.m2/repository/org/eclipse/jetty/jetty-util-ajax/9.3.24.v20180605/jetty-util-ajax-9.3.24.v20180605.jar:/home/user/.m2/repository/commons-daemon/commons-daemon/1.0.13/commons-daemon-1.0.13.jar:/home/user/.m2/repository/io/netty/netty/3.10.5.Final/netty-3.10.5.Final.jar:/home/user/.m2/repository/io/netty/netty-all/4.0.52.Final/netty-all-4.0.52.Final.jar:/home/user/.m2/repository/org/fusesource/leveldbjni/leveldbjni-all/1.8/leveldbjni-all-1.8.jar:"/>
    <property name="java.vm.vendor" value="IcedTea"/>
    <property name="sun.arch.data.model" value="64"/>
    <property name="test.build.dir" value="/workdir/hadoop-ozone/integration-test/target/test-dir"/>
    <property name="test.cache.data" value=""/>
    <property name="java.vendor.url" value="https://icedtea.classpath.org"/>
    <property name="user.timezone" value=""/>
    <property name="java.vm.specification.version" value="1.8"/>
    <property name="os.name" value="Linux"/>
    <property name="test.build.data" value="/workdir/hadoop-ozone/integration-test/target/test-dir"/>
    <property name="user.country" value="US"/>
    <property name="sun.java.launcher" value="SUN_STANDARD"/>
    <property name="sun.boot.library.path" value="/usr/lib/jvm/java-1.8-openjdk/jre/lib/amd64"/>
    <property name="sun.java.command" value="/workdir/hadoop-ozone/integration-test/target/surefire/surefirebooter3571973703974679930.jar /workdir/hadoop-ozone/integration-test/target/surefire 2019-08-13T03-14-30_224-jvmRun1 surefire4739167118064370634tmp surefire_798022563292505009230tmp"/>
    <property name="surefire.test.class.path" value="/workdir/hadoop-ozone/integration-test/target/test-classes:/workdir/hadoop-ozone/integration-test/target/classes:/home/user/.m2/repository/org/apache/hadoop/hadoop-ozone-common/0.4.1-SNAPSHOT/hadoop-ozone-common-0.4.1-SNAPSHOT.jar:/home/user/.m2/repository/org/apache/commons/commons-compress/1.4.1/commons-compress-1.4.1.jar:/home/user/.m2/repository/org/tukaani/xz/1.0/xz-1.0.jar:/home/user/.m2/repository/org/apache/hadoop/hadoop-common/3.2.0/hadoop-common-3.2.0.jar:/home/user/.m2/repository/org/apache/hadoop/hadoop-hdfs/3.2.0/hadoop-hdfs-3.2.0.jar:/home/user/.m2/repository/org/apache/hadoop/hadoop-hdfs-client/3.2.0/hadoop-hdfs-client-3.2.0.jar:/home/user/.m2/repository/com/fasterxml/jackson/core/jackson-annotations/2.9.5/jackson-annotations-2.9.5.jar:/home/user/.m2/repository/org/apache/hadoop/hadoop-hdds-common/0.4.1-SNAPSHOT/hadoop-hdds-common-0.4.1-SNAPSHOT.jar:/home/user/.m2/repository/javax/annotation/javax.annotation-api/1.2/javax.annotation-api-1.2.jar:/home/user/.m2/repository/org/apache/ratis/ratis-server/0.4.0-2337318-SNAPSHOT/ratis-server-0.4.0-2337318-SNAPSHOT.jar:/home/user/.m2/repository/org/apache/ratis/ratis-thirdparty-misc/0.2.0/ratis-thirdparty-misc-0.2.0.jar:/home/user/.m2/repository/org/apache/ratis/ratis-proto/0.4.0-2337318-SNAPSHOT/ratis-proto-0.4.0-2337318-SNAPSHOT.jar:/home/user/.m2/repository/org/apache/ratis/ratis-common/0.4.0-2337318-SNAPSHOT/ratis-common-0.4.0-2337318-SNAPSHOT.jar:/home/user/.m2/repository/org/apache/ratis/ratis-client/0.4.0-2337318-SNAPSHOT/ratis-client-0.4.0-2337318-SNAPSHOT.jar:/home/user/.m2/repository/org/apache/ratis/ratis-metrics/0.4.0-2337318-SNAPSHOT/ratis-metrics-0.4.0-2337318-SNAPSHOT.jar:/home/user/.m2/repository/org/apache/ratis/ratis-netty/0.4.0-2337318-SNAPSHOT/ratis-netty-0.4.0-2337318-SNAPSHOT.jar:/home/user/.m2/repository/org/apache/ratis/ratis-grpc/0.4.0-2337318-SNAPSHOT/ratis-grpc-0.4.0-2337318-SNAPSHOT.jar:/home/user/.m2/repository/org/rocksdb/rocksdbjni/6.0.1/rocksdbjni-6.0.1.jar:/home/user/.m2/repository/org/apache/logging/log4j/log4j-api/2.11.0/log4j-api-2.11.0.jar:/home/user/.m2/repository/org/apache/logging/log4j/log4j-core/2.11.0/log4j-core-2.11.0.jar:/home/user/.m2/repository/com/lmax/disruptor/3.4.2/disruptor-3.4.2.jar:/home/user/.m2/repository/org/apache/commons/commons-pool2/2.6.0/commons-pool2-2.6.0.jar:/home/user/.m2/repository/org/bouncycastle/bcpkix-jdk15on/1.60/bcpkix-jdk15on-1.60.jar:/home/user/.m2/repository/commons-validator/commons-validator/1.6/commons-validator-1.6.jar:/home/user/.m2/repository/commons-digester/commons-digester/1.8.1/commons-digester-1.8.1.jar:/home/user/.m2/repository/io/jaegertracing/jaeger-client/0.33.1/jaeger-client-0.33.1.jar:/home/user/.m2/repository/io/jaegertracing/jaeger-thrift/0.33.1/jaeger-thrift-0.33.1.jar:/home/user/.m2/repository/org/apache/thrift/libthrift/0.11.0/libthrift-0.11.0.jar:/home/user/.m2/repository/com/squareup/okhttp3/okhttp/3.9.0/okhttp-3.9.0.jar:/home/user/.m2/repository/com/squareup/okio/okio/1.13.0/okio-1.13.0.jar:/home/user/.m2/repository/io/jaegertracing/jaeger-core/0.33.1/jaeger-core-0.33.1.jar:/home/user/.m2/repository/io/jaegertracing/jaeger-tracerresolver/0.33.1/jaeger-tracerresolver-0.33.1.jar:/home/user/.m2/repository/io/opentracing/contrib/opentracing-tracerresolver/0.1.5/opentracing-tracerresolver-0.1.5.jar:/home/user/.m2/repository/io/opentracing/opentracing-util/0.31.0/opentracing-util-0.31.0.jar:/home/user/.m2/repository/io/opentracing/opentracing-api/0.31.0/opentracing-api-0.31.0.jar:/home/user/.m2/repository/io/opentracing/opentracing-noop/0.31.0/opentracing-noop-0.31.0.jar:/home/user/.m2/repository/org/apache/hadoop/hadoop-hdds-server-framework/0.4.1-SNAPSHOT/hadoop-hdds-server-framework-0.4.1-SNAPSHOT.jar:/home/user/.m2/repository/org/apache/hadoop/hadoop-hdds-container-service/0.4.1-SNAPSHOT/hadoop-hdds-container-service-0.4.1-SNAPSHOT.jar:/home/user/.m2/repository/org/apache/hadoop/hadoop-hdds-client/0.4.1-SNAPSHOT/hadoop-hdds-client-0.4.1-SNAPSHOT.jar:/home/user/.m2/repository/org/apache/hadoop/hadoop-hdds-tools/0.4.1-SNAPSHOT/hadoop-hdds-tools-0.4.1-SNAPSHOT.jar:/home/user/.m2/repository/org/apache/hadoop/hadoop-hdds-server-scm/0.4.1-SNAPSHOT/hadoop-hdds-server-scm-0.4.1-SNAPSHOT.jar:/home/user/.m2/repository/org/apache/hadoop/hadoop-hdds-docs/0.4.1-SNAPSHOT/hadoop-hdds-docs-0.4.1-SNAPSHOT.jar:/home/user/.m2/repository/io/dropwizard/metrics/metrics-core/3.2.4/metrics-core-3.2.4.jar:/home/user/.m2/repository/org/hamcrest/hamcrest-all/1.3/hamcrest-all-1.3.jar:/home/user/.m2/repository/org/bouncycastle/bcprov-jdk15on/1.60/bcprov-jdk15on-1.60.jar:/home/user/.m2/repository/info/picocli/picocli/3.9.6/picocli-3.9.6.jar:/home/user/.m2/repository/com/google/protobuf/protobuf-java/2.5.0/protobuf-java-2.5.0.jar:/home/user/.m2/repository/com/google/guava/guava/11.0.2/guava-11.0.2.jar:/home/user/.m2/repository/org/apache/hadoop/hadoop-ozone-ozone-manager/0.4.1-SNAPSHOT/hadoop-ozone-ozone-manager-0.4.1-SNAPSHOT.jar:/home/user/.m2/repository/org/apache/hadoop/hadoop-minikdc/3.2.0/hadoop-minikdc-3.2.0.jar:/home/user/.m2/repository/commons-io/commons-io/2.5/commons-io-2.5.jar:/home/user/.m2/repository/org/apache/kerby/kerb-simplekdc/1.0.1/kerb-simplekdc-1.0.1.jar:/home/user/.m2/repository/org/apache/kerby/kerb-client/1.0.1/kerb-client-1.0.1.jar:/home/user/.m2/repository/org/apache/kerby/kerby-config/1.0.1/kerby-config-1.0.1.jar:/home/user/.m2/repository/org/apache/kerby/kerb-core/1.0.1/kerb-core-1.0.1.jar:/home/user/.m2/repository/org/apache/kerby/kerby-pkix/1.0.1/kerby-pkix-1.0.1.jar:/home/user/.m2/repository/org/apache/kerby/kerby-asn1/1.0.1/kerby-asn1-1.0.1.jar:/home/user/.m2/repository/org/apache/kerby/kerby-util/1.0.1/kerby-util-1.0.1.jar:/home/user/.m2/repository/org/apache/kerby/kerb-common/1.0.1/kerb-common-1.0.1.jar:/home/user/.m2/repository/org/apache/kerby/kerb-crypto/1.0.1/kerb-crypto-1.0.1.jar:/home/user/.m2/repository/org/apache/kerby/kerb-util/1.0.1/kerb-util-1.0.1.jar:/home/user/.m2/repository/org/apache/kerby/token-provider/1.0.1/token-provider-1.0.1.jar:/home/user/.m2/repository/org/apache/kerby/kerb-admin/1.0.1/kerb-admin-1.0.1.jar:/home/user/.m2/repository/org/apache/kerby/kerb-server/1.0.1/kerb-server-1.0.1.jar:/home/user/.m2/repository/org/apache/kerby/kerb-identity/1.0.1/kerb-identity-1.0.1.jar:/home/user/.m2/repository/org/apache/kerby/kerby-xdr/1.0.1/kerby-xdr-1.0.1.jar:/home/user/.m2/repository/org/slf4j/slf4j-log4j12/1.7.25/slf4j-log4j12-1.7.25.jar:/home/user/.m2/repository/org/apache/hadoop/hadoop-ozone-objectstore-service/0.4.1-SNAPSHOT/hadoop-ozone-objectstore-service-0.4.1-SNAPSHOT.jar:/home/user/.m2/repository/org/apache/hadoop/hadoop-ozone-s3gateway/0.4.1-SNAPSHOT/hadoop-ozone-s3gateway-0.4.1-SNAPSHOT.jar:/home/user/.m2/repository/org/jboss/weld/servlet/weld-servlet/2.4.7.Final/weld-servlet-2.4.7.Final.jar:/home/user/.m2/repository/org/glassfish/jersey/containers/jersey-container-servlet-core/2.27/jersey-container-servlet-core-2.27.jar:/home/user/.m2/repository/org/glassfish/hk2/external/javax.inject/2.5.0-b42/javax.inject-2.5.0-b42.jar:/home/user/.m2/repository/org/glassfish/jersey/core/jersey-common/2.27/jersey-common-2.27.jar:/home/user/.m2/repository/org/glassfish/hk2/osgi-resource-locator/1.0.1/osgi-resource-locator-1.0.1.jar:/home/user/.m2/repository/javax/ws/rs/javax.ws.rs-api/2.1/javax.ws.rs-api-2.1.jar:/home/user/.m2/repository/org/glassfish/jersey/ext/cdi/jersey-cdi1x/2.27/jersey-cdi1x-2.27.jar:/home/user/.m2/repository/org/glassfish/jersey/inject/jersey-hk2/2.27/jersey-hk2-2.27.jar:/home/user/.m2/repository/org/glassfish/hk2/hk2-locator/2.5.0-b42/hk2-locator-2.5.0-b42.jar:/home/user/.m2/repository/org/javassist/javassist/3.22.0-CR2/javassist-3.22.0-CR2.jar:/home/user/.m2/repository/org/glassfish/hk2/hk2-api/2.5.0/hk2-api-2.5.0.jar:/home/user/.m2/repository/org/glassfish/hk2/external/jakarta.inject/2.5.0/jakarta.inject-2.5.0.jar:/home/user/.m2/repository/org/glassfish/hk2/hk2-utils/2.5.0/hk2-utils-2.5.0.jar:/home/user/.m2/repository/jakarta/annotation/jakarta.annotation-api/1.3.4/jakarta.annotation-api-1.3.4.jar:/home/user/.m2/repository/org/glassfish/hk2/external/aopalliance-repackaged/2.5.0/aopalliance-repackaged-2.5.0.jar:/home/user/.m2/repository/com/fasterxml/jackson/dataformat/jackson-dataformat-xml/2.9.0/jackson-dataformat-xml-2.9.0.jar:/home/user/.m2/repository/com/fasterxml/jackson/core/jackson-core/2.9.5/jackson-core-2.9.5.jar:/home/user/.m2/repository/com/fasterxml/jackson/module/jackson-module-jaxb-annotations/2.9.5/jackson-module-jaxb-annotations-2.9.5.jar:/home/user/.m2/repository/javax/enterprise/cdi-api/1.2/cdi-api-1.2.jar:/home/user/.m2/repository/javax/el/javax.el-api/3.0.0/javax.el-api-3.0.0.jar:/home/user/.m2/repository/javax/interceptor/javax.interceptor-api/1.2/javax.interceptor-api-1.2.jar:/home/user/.m2/repository/javax/inject/javax.inject/1/javax.inject-1.jar:/home/user/.m2/repository/com/sun/xml/bind/jaxb-impl/2.3.0.1/jaxb-impl-2.3.0.1.jar:/home/user/.m2/repository/com/sun/xml/bind/jaxb-core/2.3.0.1/jaxb-core-2.3.0.1.jar:/home/user/.m2/repository/javax/xml/bind/jaxb-api/2.3.0/jaxb-api-2.3.0.jar:/home/user/.m2/repository/javax/activation/activation/1.1.1/activation-1.1.1.jar:/home/user/.m2/repository/org/apache/hadoop/hadoop-ozone-csi/0.4.1-SNAPSHOT/hadoop-ozone-csi-0.4.1-SNAPSHOT.jar:/home/user/.m2/repository/com/google/protobuf/protobuf-java-util/3.5.1/protobuf-java-util-3.5.1.jar:/home/user/.m2/repository/org/apache/hadoop/hadoop-hdds-config/0.4.1-SNAPSHOT/hadoop-hdds-config-0.4.1-SNAPSHOT.jar:/home/user/.m2/repository/io/grpc/grpc-netty/1.17.1/grpc-netty-1.17.1.jar:/home/user/.m2/repository/io/grpc/grpc-core/1.17.1/grpc-core-1.17.1.jar:/home/user/.m2/repository/io/grpc/grpc-context/1.17.1/grpc-context-1.17.1.jar:/home/user/.m2/repository/com/google/errorprone/error_prone_annotations/2.2.0/error_prone_annotations-2.2.0.jar:/home/user/.m2/repository/org/codehaus/mojo/animal-sniffer-annotations/1.17/animal-sniffer-annotations-1.17.jar:/home/user/.m2/repository/io/opencensus/opencensus-api/0.17.0/opencensus-api-0.17.0.jar:/home/user/.m2/repository/io/opencensus/opencensus-contrib-grpc-metrics/0.17.0/opencensus-contrib-grpc-metrics-0.17.0.jar:/home/user/.m2/repository/io/netty/netty-codec-http2/4.1.30.Final/netty-codec-http2-4.1.30.Final.jar:/home/user/.m2/repository/io/netty/netty-codec-http/4.1.30.Final/netty-codec-http-4.1.30.Final.jar:/home/user/.m2/repository/io/netty/netty-codec/4.1.30.Final/netty-codec-4.1.30.Final.jar:/home/user/.m2/repository/io/netty/netty-handler/4.1.30.Final/netty-handler-4.1.30.Final.jar:/home/user/.m2/repository/io/netty/netty-handler-proxy/4.1.30.Final/netty-handler-proxy-4.1.30.Final.jar:/home/user/.m2/repository/io/netty/netty-codec-socks/4.1.30.Final/netty-codec-socks-4.1.30.Final.jar:/home/user/.m2/repository/io/netty/netty-transport-native-epoll/4.1.30.Final/netty-transport-native-epoll-4.1.30.Final.jar:/home/user/.m2/repository/io/netty/netty-common/4.1.30.Final/netty-common-4.1.30.Final.jar:/home/user/.m2/repository/io/netty/netty-buffer/4.1.30.Final/netty-buffer-4.1.30.Final.jar:/home/user/.m2/repository/io/netty/netty-transport/4.1.30.Final/netty-transport-4.1.30.Final.jar:/home/user/.m2/repository/io/netty/netty-resolver/4.1.30.Final/netty-resolver-4.1.30.Final.jar:/home/user/.m2/repository/io/netty/netty-transport-native-unix-common/4.1.30.Final/netty-transport-native-unix-common-4.1.30.Final.jar:/home/user/.m2/repository/io/grpc/grpc-protobuf/1.17.1/grpc-protobuf-1.17.1.jar:/home/user/.m2/repository/com/google/api/grpc/proto-google-common-protos/1.0.0/proto-google-common-protos-1.0.0.jar:/home/user/.m2/repository/io/grpc/grpc-protobuf-lite/1.17.1/grpc-protobuf-lite-1.17.1.jar:/home/user/.m2/repository/io/grpc/grpc-stub/1.17.1/grpc-stub-1.17.1.jar:/home/user/.m2/repository/org/apache/hadoop/hadoop-ozone-recon/0.4.1-SNAPSHOT/hadoop-ozone-recon-0.4.1-SNAPSHOT.jar:/home/user/.m2/repository/org/apache/hadoop/hadoop-ozone-reconcodegen/0.4.1-SNAPSHOT/hadoop-ozone-reconcodegen-0.4.1-SNAPSHOT.jar:/home/user/.m2/repository/com/google/inject/extensions/guice-multibindings/4.0/guice-multibindings-4.0.jar:/home/user/.m2/repository/com/google/inject/guice/4.0/guice-4.0.jar:/home/user/.m2/repository/aopalliance/aopalliance/1.0/aopalliance-1.0.jar:/home/user/.m2/repository/com/google/inject/extensions/guice-servlet/4.0/guice-servlet-4.0.jar:/home/user/.m2/repository/org/glassfish/jersey/containers/jersey-container-servlet/2.27/jersey-container-servlet-2.27.jar:/home/user/.m2/repository/org/glassfish/hk2/guice-bridge/2.5.0/guice-bridge-2.5.0.jar:/home/user/.m2/repository/org/glassfish/jersey/core/jersey-server/2.27/jersey-server-2.27.jar:/home/user/.m2/repository/org/glassfish/jersey/core/jersey-client/2.27/jersey-client-2.27.jar:/home/user/.m2/repository/org/glassfish/jersey/media/jersey-media-jaxb/2.27/jersey-media-jaxb-2.27.jar:/home/user/.m2/repository/javax/validation/validation-api/1.1.0.Final/validation-api-1.1.0.Final.jar:/home/user/.m2/repository/org/glassfish/jersey/media/jersey-media-json-jackson/2.27/jersey-media-json-jackson-2.27.jar:/home/user/.m2/repository/org/glassfish/jersey/ext/jersey-entity-filtering/2.27/jersey-entity-filtering-2.27.jar:/home/user/.m2/repository/com/google/inject/extensions/guice-assistedinject/4.0/guice-assistedinject-4.0.jar:/home/user/.m2/repository/org/jooq/jooq/3.11.10/jooq-3.11.10.jar:/home/user/.m2/repository/org/jooq/jooq-meta/3.11.10/jooq-meta-3.11.10.jar:/home/user/.m2/repository/org/jooq/jooq-codegen/3.11.10/jooq-codegen-3.11.10.jar:/home/user/.m2/repository/com/jolbox/bonecp/0.8.0.RELEASE/bonecp-0.8.0.RELEASE.jar:/home/user/.m2/repository/org/xerial/sqlite-jdbc/3.25.2/sqlite-jdbc-3.25.2.jar:/home/user/.m2/repository/org/springframework/spring-jdbc/5.1.3.RELEASE/spring-jdbc-5.1.3.RELEASE.jar:/home/user/.m2/repository/org/springframework/spring-beans/5.1.3.RELEASE/spring-beans-5.1.3.RELEASE.jar:/home/user/.m2/repository/org/springframework/spring-core/5.1.3.RELEASE/spring-core-5.1.3.RELEASE.jar:/home/user/.m2/repository/org/springframework/spring-jcl/5.1.3.RELEASE/spring-jcl-5.1.3.RELEASE.jar:/home/user/.m2/repository/org/springframework/spring-tx/5.1.3.RELEASE/spring-tx-5.1.3.RELEASE.jar:/home/user/.m2/repository/org/apache/hadoop/hadoop-ozone-client/0.4.1-SNAPSHOT/hadoop-ozone-client-0.4.1-SNAPSHOT.jar:/home/user/.m2/repository/commons-lang/commons-lang/2.6/commons-lang-2.6.jar:/home/user/.m2/repository/org/apache/hadoop/hadoop-ozone-ozone-manager/0.4.1-SNAPSHOT/hadoop-ozone-ozone-manager-0.4.1-SNAPSHOT-tests.jar:/home/user/.m2/repository/junit/junit/4.11/junit-4.11.jar:/home/user/.m2/repository/org/hamcrest/hamcrest-core/1.3/hamcrest-core-1.3.jar:/home/user/.m2/repository/org/openjdk/jmh/jmh-core/1.19/jmh-core-1.19.jar:/home/user/.m2/repository/net/sf/jopt-simple/jopt-simple/4.6/jopt-simple-4.6.jar:/home/user/.m2/repository/org/apache/commons/commons-math3/3.1.1/commons-math3-3.1.1.jar:/home/user/.m2/repository/org/openjdk/jmh/jmh-generator-annprocess/1.19/jmh-generator-annprocess-1.19.jar:/home/user/.m2/repository/org/mockito/mockito-all/1.8.5/mockito-all-1.8.5.jar:/home/user/.m2/repository/org/apache/hadoop/hadoop-kms/3.2.0/hadoop-kms-3.2.0.jar:/home/user/.m2/repository/org/apache/hadoop/hadoop-auth/3.2.0/hadoop-auth-3.2.0.jar:/home/user/.m2/repository/com/nimbusds/nimbus-jose-jwt/4.41.1/nimbus-jose-jwt-4.41.1.jar:/home/user/.m2/repository/com/github/stephenc/jcip/jcip-annotations/1.0-1/jcip-annotations-1.0-1.jar:/home/user/.m2/repository/net/minidev/json-smart/2.3/json-smart-2.3.jar:/home/user/.m2/repository/net/minidev/accessors-smart/1.2/accessors-smart-1.2.jar:/home/user/.m2/repository/org/ow2/asm/asm/5.0.4/asm-5.0.4.jar:/home/user/.m2/repository/org/apache/curator/curator-framework/2.12.0/curator-framework-2.12.0.jar:/home/user/.m2/repository/com/sun/jersey/jersey-core/1.19/jersey-core-1.19.jar:/home/user/.m2/repository/javax/ws/rs/jsr311-api/1.1.1/jsr311-api-1.1.1.jar:/home/user/.m2/repository/com/sun/jersey/jersey-server/1.19/jersey-server-1.19.jar:/home/user/.m2/repository/javax/servlet/javax.servlet-api/3.1.0/javax.servlet-api-3.1.0.jar:/home/user/.m2/repository/org/eclipse/jetty/jetty-server/9.3.24.v20180605/jetty-server-9.3.24.v20180605.jar:/home/user/.m2/repository/org/eclipse/jetty/jetty-http/9.3.24.v20180605/jetty-http-9.3.24.v20180605.jar:/home/user/.m2/repository/org/eclipse/jetty/jetty-io/9.3.24.v20180605/jetty-io-9.3.24.v20180605.jar:/home/user/.m2/repository/org/eclipse/jetty/jetty-webapp/9.3.24.v20180605/jetty-webapp-9.3.24.v20180605.jar:/home/user/.m2/repository/org/eclipse/jetty/jetty-xml/9.3.24.v20180605/jetty-xml-9.3.24.v20180605.jar:/home/user/.m2/repository/log4j/log4j/1.2.17/log4j-1.2.17.jar:/home/user/.m2/repository/org/slf4j/slf4j-api/1.7.25/slf4j-api-1.7.25.jar:/home/user/.m2/repository/org/slf4j/jul-to-slf4j/1.7.25/jul-to-slf4j-1.7.25.jar:/home/user/.m2/repository/org/eclipse/jetty/jetty-util/9.3.24.v20180605/jetty-util-9.3.24.v20180605.jar:/home/user/.m2/repository/com/fasterxml/jackson/core/jackson-databind/2.9.5/jackson-databind-2.9.5.jar:/home/user/.m2/repository/org/apache/hadoop/hadoop-kms/3.2.0/hadoop-kms-3.2.0-tests.jar:/home/user/.m2/repository/org/apache/hadoop/hadoop-hdds-server-scm/0.4.1-SNAPSHOT/hadoop-hdds-server-scm-0.4.1-SNAPSHOT-tests.jar:/home/user/.m2/repository/org/apache/hadoop/hadoop-hdds-container-service/0.4.1-SNAPSHOT/hadoop-hdds-container-service-0.4.1-SNAPSHOT-tests.jar:/home/user/.m2/repository/org/yaml/snakeyaml/1.16/snakeyaml-1.16.jar:/home/user/.m2/repository/org/apache/hadoop/hadoop-common/3.2.0/hadoop-common-3.2.0-tests.jar:/home/user/.m2/repository/org/apache/hadoop/hadoop-annotations/3.2.0/hadoop-annotations-3.2.0.jar:/usr/lib/jvm/java-1.8-openjdk/jre/../lib/tools.jar:/home/user/.m2/repository/commons-cli/commons-cli/1.2/commons-cli-1.2.jar:/home/user/.m2/repository/org/apache/httpcomponents/httpclient/4.5.2/httpclient-4.5.2.jar:/home/user/.m2/repository/org/apache/httpcomponents/httpcore/4.4.4/httpcore-4.4.4.jar:/home/user/.m2/repository/commons-codec/commons-codec/1.11/commons-codec-1.11.jar:/home/user/.m2/repository/commons-net/commons-net/3.6/commons-net-3.6.jar:/home/user/.m2/repository/commons-collections/commons-collections/3.2.2/commons-collections-3.2.2.jar:/home/user/.m2/repository/org/eclipse/jetty/jetty-servlet/9.3.24.v20180605/jetty-servlet-9.3.24.v20180605.jar:/home/user/.m2/repository/org/eclipse/jetty/jetty-security/9.3.24.v20180605/jetty-security-9.3.24.v20180605.jar:/home/user/.m2/repository/javax/servlet/jsp/jsp-api/2.1/jsp-api-2.1.jar:/home/user/.m2/repository/com/sun/jersey/jersey-servlet/1.19/jersey-servlet-1.19.jar:/home/user/.m2/repository/com/sun/jersey/jersey-json/1.19/jersey-json-1.19.jar:/home/user/.m2/repository/org/codehaus/jettison/jettison/1.1/jettison-1.1.jar:/home/user/.m2/repository/org/codehaus/jackson/jackson-core-asl/1.9.13/jackson-core-asl-1.9.13.jar:/home/user/.m2/repository/org/codehaus/jackson/jackson-mapper-asl/1.9.13/jackson-mapper-asl-1.9.13.jar:/home/user/.m2/repository/org/codehaus/jackson/jackson-jaxrs/1.9.13/jackson-jaxrs-1.9.13.jar:/home/user/.m2/repository/org/codehaus/jackson/jackson-xc/1.9.13/jackson-xc-1.9.13.jar:/home/user/.m2/repository/commons-logging/commons-logging/1.1.3/commons-logging-1.1.3.jar:/home/user/.m2/repository/commons-beanutils/commons-beanutils/1.9.3/commons-beanutils-1.9.3.jar:/home/user/.m2/repository/org/apache/commons/commons-configuration2/2.1.1/commons-configuration2-2.1.1.jar:/home/user/.m2/repository/org/apache/commons/commons-lang3/3.7/commons-lang3-3.7.jar:/home/user/.m2/repository/org/apache/commons/commons-text/1.4/commons-text-1.4.jar:/home/user/.m2/repository/org/apache/avro/avro/1.7.7/avro-1.7.7.jar:/home/user/.m2/repository/com/thoughtworks/paranamer/paranamer/2.3/paranamer-2.3.jar:/home/user/.m2/repository/org/xerial/snappy/snappy-java/1.0.5/snappy-java-1.0.5.jar:/home/user/.m2/repository/com/google/re2j/re2j/1.1/re2j-1.1.jar:/home/user/.m2/repository/com/google/code/gson/gson/2.2.4/gson-2.2.4.jar:/home/user/.m2/repository/com/jcraft/jsch/0.1.54/jsch-0.1.54.jar:/home/user/.m2/repository/org/apache/curator/curator-client/2.12.0/curator-client-2.12.0.jar:/home/user/.m2/repository/org/apache/curator/curator-recipes/2.12.0/curator-recipes-2.12.0.jar:/home/user/.m2/repository/com/google/code/findbugs/jsr305/3.0.0/jsr305-3.0.0.jar:/home/user/.m2/repository/org/apache/htrace/htrace-core4/4.1.0-incubating/htrace-core4-4.1.0-incubating.jar:/home/user/.m2/repository/org/apache/zookeeper/zookeeper/3.4.13/zookeeper-3.4.13.jar:/home/user/.m2/repository/org/apache/yetus/audience-annotations/0.5.0/audience-annotations-0.5.0.jar:/home/user/.m2/repository/org/codehaus/woodstox/stax2-api/3.1.4/stax2-api-3.1.4.jar:/home/user/.m2/repository/com/fasterxml/woodstox/woodstox-core/5.0.3/woodstox-core-5.0.3.jar:/home/user/.m2/repository/dnsjava/dnsjava/2.1.7/dnsjava-2.1.7.jar:/home/user/.m2/repository/org/apache/hadoop/hadoop-hdfs/3.2.0/hadoop-hdfs-3.2.0-tests.jar:/home/user/.m2/repository/org/eclipse/jetty/jetty-util-ajax/9.3.24.v20180605/jetty-util-ajax-9.3.24.v20180605.jar:/home/user/.m2/repository/commons-daemon/commons-daemon/1.0.13/commons-daemon-1.0.13.jar:/home/user/.m2/repository/io/netty/netty/3.10.5.Final/netty-3.10.5.Final.jar:/home/user/.m2/repository/io/netty/netty-all/4.0.52.Final/netty-all-4.0.52.Final.jar:/home/user/.m2/repository/org/fusesource/leveldbjni/leveldbjni-all/1.8/leveldbjni-all-1.8.jar:"/>
    <property name="sun.cpu.endian" value="little"/>
    <property name="user.home" value="/home/user"/>
    <property name="user.language" value="en"/>
    <property name="java.specification.vendor" value="Oracle Corporation"/>
    <property name="java.home" value="/usr/lib/jvm/java-1.8-openjdk/jre"/>
    <property name="java.security.krb5.conf" value="/workdir/hadoop-ozone/integration-test/target/test-classes/krb5.conf"/>
    <property name="basedir" value="/workdir/hadoop-ozone/integration-test"/>
    <property name="file.separator" value="/"/>
    <property name="line.separator" value="&#10;"/>
    <property name="java.vm.specification.vendor" value="Oracle Corporation"/>
    <property name="java.specification.name" value="Java Platform API Specification"/>
    <property name="java.awt.graphicsenv" value="sun.awt.X11GraphicsEnvironment"/>
    <property name="surefire.real.class.path" value="/workdir/hadoop-ozone/integration-test/target/surefire/surefirebooter3571973703974679930.jar"/>
    <property name="hadoop.log.dir" value="/workdir/hadoop-ozone/integration-test/target/log"/>
    <property name="sun.boot.class.path" value="/usr/lib/jvm/java-1.8-openjdk/jre/lib/resources.jar:/usr/lib/jvm/java-1.8-openjdk/jre/lib/rt.jar:/usr/lib/jvm/java-1.8-openjdk/jre/lib/sunrsasign.jar:/usr/lib/jvm/java-1.8-openjdk/jre/lib/jsse.jar:/usr/lib/jvm/java-1.8-openjdk/jre/lib/jce.jar:/usr/lib/jvm/java-1.8-openjdk/jre/lib/charsets.jar:/usr/lib/jvm/java-1.8-openjdk/jre/lib/jfr.jar:/usr/lib/jvm/java-1.8-openjdk/jre/classes"/>
    <property name="sun.management.compiler" value="HotSpot 64-Bit Tiered Compilers"/>
    <property name="java.runtime.version" value="1.8.0_212-b04"/>
    <property name="java.net.preferIPv4Stack" value="true"/>
    <property name="user.name" value="jenkins1000"/>
    <property name="path.separator" value=":"/>
    <property name="java.security.egd" value="file:///dev/urandom"/>
    <property name="os.version" value="3.10.0-957.12.2.el7.x86_64"/>
    <property name="java.endorsed.dirs" value="/usr/lib/jvm/java-1.8-openjdk/jre/lib/endorsed"/>
    <property name="java.runtime.name" value="OpenJDK Runtime Environment"/>
    <property name="file.encoding" value="UTF-8"/>
    <property name="java.vm.name" value="OpenJDK 64-Bit Server VM"/>
    <property name="test.build.webapps" value=""/>
    <property name="localRepository" value="/home/user/.m2/repository"/>
    <property name="java.vendor.url.bug" value="https://icedtea.classpath.org/bugzilla"/>
    <property name="java.io.tmpdir" value="/tmp"/>
    <property name="require.test.libhadoop" value=""/>
    <property name="java.version" value="1.8.0_212"/>
    <property name="user.dir" value="/workdir/hadoop-ozone/integration-test"/>
    <property name="os.arch" value="amd64"/>
    <property name="java.vm.specification.name" value="Java Virtual Machine Specification"/>
    <property name="test.build.classes" value="/workdir/hadoop-ozone/integration-test/target/test-classes"/>
    <property name="java.awt.printerjob" value="sun.print.PSPrinterJob"/>
    <property name="sun.os.patch.level" value="unknown"/>
    <property name="hadoop.tmp.dir" value="/workdir/hadoop-ozone/integration-test/target/tmp"/>
    <property name="java.library.path" value="/usr/lib/jvm/java-1.8-openjdk/jre/lib/amd64/server:/usr/lib/jvm/java-1.8-openjdk/jre/lib/amd64:/usr/lib/jvm/java-1.8-openjdk/jre/../lib/amd64:/workdir/hadoop-ozone/integration-test/target/native/target/usr/local/lib:/workdir/hadoop-ozone/integration-test/../../hadoop-common-project/hadoop-common/target/native/target/usr/local/lib:/usr/java/packages/lib/amd64:/usr/lib64:/lib64:/lib:/usr/lib"/>
    <property name="java.vm.info" value="mixed mode"/>
    <property name="java.vendor" value="IcedTea"/>
    <property name="java.vm.version" value="25.212-b04"/>
    <property name="java.ext.dirs" value="/usr/lib/jvm/java-1.8-openjdk/jre/lib/ext:/usr/java/packages/lib/ext"/>
    <property name="sun.io.unicode.encoding" value="UnicodeLittle"/>
    <property name="java.class.version" value="52.0"/>
  </properties>
  <testcase name="testBlockDeletionTransactions" classname="org.apache.hadoop.ozone.TestStorageContainerManager" time="20.55"/>
  <testcase name="testBlockDeletingThrottling" classname="org.apache.hadoop.ozone.TestStorageContainerManager" time="7.096">
    <error message="Unexpected Storage Container Exception: org.apache.hadoop.hdds.scm.container.common.helpers.StorageContainerException: ContainerID 6 creation failed" type="java.io.IOException">java.io.IOException: Unexpected Storage Container Exception: org.apache.hadoop.hdds.scm.container.common.helpers.StorageContainerException: ContainerID 6 creation failed
	at org.apache.hadoop.hdds.scm.storage.BlockOutputStream.setIoException(BlockOutputStream.java:541)
	at org.apache.hadoop.hdds.scm.storage.BlockOutputStream.validateResponse(BlockOutputStream.java:532)
	at org.apache.hadoop.hdds.scm.storage.BlockOutputStream.lambda$writeChunkToContainer$2(BlockOutputStream.java:606)
	at java.util.concurrent.CompletableFuture.uniApply(CompletableFuture.java:602)
	at java.util.concurrent.CompletableFuture$UniApply.tryFire(CompletableFuture.java:577)
	at java.util.concurrent.CompletableFuture$Completion.run(CompletableFuture.java:442)
	at java.util.concurrent.ThreadPoolExecutor.runWorker(ThreadPoolExecutor.java:1149)
	at java.util.concurrent.ThreadPoolExecutor$Worker.run(ThreadPoolExecutor.java:624)
	at java.lang.Thread.run(Thread.java:748)
Caused by: org.apache.hadoop.hdds.scm.container.common.helpers.StorageContainerException: ContainerID 6 creation failed
	at org.apache.hadoop.hdds.scm.storage.ContainerProtocolCalls.validateContainerResponse(ContainerProtocolCalls.java:536)
	at org.apache.hadoop.hdds.scm.storage.BlockOutputStream.validateResponse(BlockOutputStream.java:529)
	... 7 more
</error>
    <system-out><![CDATA[2019-08-13 04:28:05,391 WARN  server.ServerUtils (ServerUtils.java:getScmDbDir(145)) - ozone.scm.db.dirs is not configured. We recommend adding this setting. Falling back to ozone.metadata.dirs instead.
2019-08-13 04:28:05,405 WARN  server.ServerUtils (ServerUtils.java:getScmDbDir(145)) - ozone.scm.db.dirs is not configured. We recommend adding this setting. Falling back to ozone.metadata.dirs instead.
2019-08-13 04:28:05,406 WARN  server.ServerUtils (ServerUtils.java:getScmDbDir(145)) - ozone.scm.db.dirs is not configured. We recommend adding this setting. Falling back to ozone.metadata.dirs instead.
2019-08-13 04:28:05,406 INFO  db.DBStoreBuilder (DBStoreBuilder.java:addTable(110)) - using custom profile for table: deletedBlocks
2019-08-13 04:28:05,406 INFO  db.DBStoreBuilder (DBStoreBuilder.java:processTables(161)) - Using default column profile:DBProfile.DISK for Table:deletedBlocks
2019-08-13 04:28:05,407 INFO  db.DBStoreBuilder (DBStoreBuilder.java:addTable(110)) - using custom profile for table: validCerts
2019-08-13 04:28:05,407 INFO  db.DBStoreBuilder (DBStoreBuilder.java:processTables(161)) - Using default column profile:DBProfile.DISK for Table:validCerts
2019-08-13 04:28:05,407 INFO  db.DBStoreBuilder (DBStoreBuilder.java:addTable(110)) - using custom profile for table: revokedCerts
2019-08-13 04:28:05,407 INFO  db.DBStoreBuilder (DBStoreBuilder.java:processTables(161)) - Using default column profile:DBProfile.DISK for Table:revokedCerts
2019-08-13 04:28:05,407 INFO  db.DBStoreBuilder (DBStoreBuilder.java:addTable(110)) - using custom profile for table: default
2019-08-13 04:28:05,408 INFO  db.DBStoreBuilder (DBStoreBuilder.java:processTables(167)) - Using default column profile:DBProfile.DISK for Table:default
2019-08-13 04:28:05,408 INFO  db.DBStoreBuilder (DBStoreBuilder.java:getDbProfile(198)) - Using default options. DBProfile.DISK
2019-08-13 04:28:05,575 INFO  net.NodeSchemaLoader (NodeSchemaLoader.java:loadSchemaFromFile(125)) - Loading file from sun.misc.CompoundEnumeration@33394f9c
2019-08-13 04:28:05,575 INFO  net.NodeSchemaLoader (NodeSchemaLoader.java:loadSchema(171)) - Loading network topology layer schema file
2019-08-13 04:28:05,581 INFO  node.SCMNodeManager (SCMNodeManager.java:<init>(121)) - Entering startup safe mode.
2019-08-13 04:28:05,582 WARN  server.ServerUtils (ServerUtils.java:getScmDbDir(145)) - ozone.scm.db.dirs is not configured. We recommend adding this setting. Falling back to ozone.metadata.dirs instead.
2019-08-13 04:28:05,634 INFO  pipeline.SCMPipelineManager (SCMPipelineManager.java:initializePipelineState(126)) - No pipeline exists in current db
2019-08-13 04:28:05,634 WARN  server.ServerUtils (ServerUtils.java:getScmDbDir(145)) - ozone.scm.db.dirs is not configured. We recommend adding this setting. Falling back to ozone.metadata.dirs instead.
2019-08-13 04:28:05,694 WARN  events.EventQueue (EventQueue.java:fireEvent(175)) - No event handler registered for event TypedEvent{payloadType=SafeModeStatus, name='SafeModeStatus'}
2019-08-13 04:28:05,696 INFO  ipc.CallQueueManager (CallQueueManager.java:<init>(84)) - Using callQueue: class java.util.concurrent.LinkedBlockingQueue, queueCapacity: 2000, scheduler: class org.apache.hadoop.ipc.DefaultRpcScheduler, ipcBackoff: false.
2019-08-13 04:28:05,697 INFO  ipc.Server (Server.java:run(1074)) - Starting Socket Reader #1 for port 35416
2019-08-13 04:28:05,698 INFO  ipc.CallQueueManager (CallQueueManager.java:<init>(84)) - Using callQueue: class java.util.concurrent.LinkedBlockingQueue, queueCapacity: 2000, scheduler: class org.apache.hadoop.ipc.DefaultRpcScheduler, ipcBackoff: false.
2019-08-13 04:28:05,699 INFO  ipc.Server (Server.java:run(1074)) - Starting Socket Reader #1 for port 46415
2019-08-13 04:28:05,701 INFO  ipc.CallQueueManager (CallQueueManager.java:<init>(84)) - Using callQueue: class java.util.concurrent.LinkedBlockingQueue, queueCapacity: 2000, scheduler: class org.apache.hadoop.ipc.DefaultRpcScheduler, ipcBackoff: false.
2019-08-13 04:28:05,701 INFO  ipc.Server (Server.java:run(1074)) - Starting Socket Reader #1 for port 33808
2019-08-13 04:28:05,704 INFO  hdfs.DFSUtil (DFSUtil.java:httpServerTemplateForNNAndJN(1641)) - Starting Web-server for scm at: http://0.0.0.0:0
2019-08-13 04:28:05,707 INFO  server.AuthenticationFilter (AuthenticationFilter.java:constructSecretProvider(240)) - Unable to initialize FileSignerSecretProvider, falling back to use random secrets.
2019-08-13 04:28:05,708 WARN  http.HttpRequestLog (HttpRequestLog.java:getRequestLog(97)) - Jetty request log can only be enabled using Log4j
2019-08-13 04:28:05,711 INFO  http.HttpServer2 (HttpServer2.java:addGlobalFilter(975)) - Added global filter 'safety' (class=org.apache.hadoop.http.HttpServer2$QuotingInputFilter)
2019-08-13 04:28:05,712 INFO  http.HttpServer2 (HttpServer2.java:addFilter(948)) - Added filter static_user_filter (class=org.apache.hadoop.http.lib.StaticUserWebFilter$StaticUserFilter) to context scm
2019-08-13 04:28:05,712 INFO  http.HttpServer2 (HttpServer2.java:addFilter(958)) - Added filter static_user_filter (class=org.apache.hadoop.http.lib.StaticUserWebFilter$StaticUserFilter) to context logs
2019-08-13 04:28:05,713 INFO  http.HttpServer2 (HttpServer2.java:addFilter(958)) - Added filter static_user_filter (class=org.apache.hadoop.http.lib.StaticUserWebFilter$StaticUserFilter) to context static
2019-08-13 04:28:05,716 INFO  server.StorageContainerManager (StorageContainerManager.java:start(759)) - StorageContainerLocationProtocol RPC server is listening at /0.0.0.0:33808
2019-08-13 04:28:05,719 WARN  impl.MetricsConfig (MetricsConfig.java:loadFirst(134)) - Cannot locate configuration: tried hadoop-metrics2-storagecontainermanager.properties,hadoop-metrics2.properties
2019-08-13 04:28:05,720 INFO  impl.MetricsSystemImpl (MetricsSystemImpl.java:startTimer(374)) - Scheduled Metric snapshot period at 10 second(s).
2019-08-13 04:28:05,720 INFO  impl.MetricsSystemImpl (MetricsSystemImpl.java:start(191)) - StorageContainerManager metrics system started
2019-08-13 04:28:05,752 INFO  server.SCMClientProtocolServer (SCMClientProtocolServer.java:start(151)) - RPC server for Client  is listening at /0.0.0.0:33808
2019-08-13 04:28:05,753 INFO  ipc.Server (Server.java:run(1314)) - IPC Server Responder: starting
2019-08-13 04:28:05,753 INFO  ipc.Server (Server.java:run(1153)) - IPC Server listener on 33808: starting
2019-08-13 04:28:05,757 INFO  server.StorageContainerManager (StorageContainerManager.java:start(769)) - ScmBlockLocationProtocol RPC server is listening at /0.0.0.0:46415
2019-08-13 04:28:05,757 INFO  server.SCMBlockProtocolServer (SCMBlockProtocolServer.java:start(140)) - RPC server for Block Protocol is listening at /0.0.0.0:46415
2019-08-13 04:28:05,757 INFO  ipc.Server (Server.java:run(1314)) - IPC Server Responder: starting
2019-08-13 04:28:05,758 INFO  ipc.Server (Server.java:run(1153)) - IPC Server listener on 46415: starting
2019-08-13 04:28:05,761 INFO  server.StorageContainerManager (StorageContainerManager.java:start(773)) - ScmDatanodeProtocl RPC server is listening at /0.0.0.0:35416
2019-08-13 04:28:05,761 INFO  server.SCMDatanodeProtocolServer (SCMDatanodeProtocolServer.java:start(191)) - RPC server for DataNodes is listening at /0.0.0.0:35416
2019-08-13 04:28:05,762 INFO  ipc.Server (Server.java:run(1314)) - IPC Server Responder: starting
2019-08-13 04:28:05,762 INFO  ipc.Server (Server.java:run(1153)) - IPC Server listener on 35416: starting
2019-08-13 04:28:05,766 INFO  http.HttpServer2 (HttpServer2.java:bindListener(1191)) - Jetty bound to port 33621
2019-08-13 04:28:05,766 INFO  server.Server (Server.java:doStart(351)) - jetty-9.3.24.v20180605, build timestamp: 2018-06-05T17:11:56Z, git hash: 84205aa28f11a4f31f2a3b86d1bba2cc8ab69827
2019-08-13 04:28:05,768 INFO  handler.ContextHandler (ContextHandler.java:doStart(781)) - Started o.e.j.s.ServletContextHandler@78e64431{/logs,file:///workdir/hadoop-ozone/integration-test/target/log,AVAILABLE}
2019-08-13 04:28:05,769 INFO  handler.ContextHandler (ContextHandler.java:doStart(781)) - Started o.e.j.s.ServletContextHandler@7d3ef5c4{/static,file:///workdir/hadoop-ozone/integration-test/target/test-classes/webapps/static,AVAILABLE}
2019-08-13 04:28:05,776 INFO  handler.ContextHandler (ContextHandler.java:doStart(781)) - Started o.e.j.w.WebAppContext@749c4287{/,file:///workdir/hadoop-ozone/integration-test/target/test-classes/webapps/scm/,AVAILABLE}{/scm}
2019-08-13 04:28:05,777 INFO  server.AbstractConnector (AbstractConnector.java:doStart(278)) - Started ServerConnector@36203529{HTTP/1.1,[http/1.1]}{0.0.0.0:33621}
2019-08-13 04:28:05,777 INFO  server.Server (Server.java:doStart(419)) - Started @21765ms
2019-08-13 04:28:05,778 INFO  server.BaseHttpServer (BaseHttpServer.java:updateConnectorAddress(207)) - HTTP server of SCM is listening at http://0.0.0.0:33621
2019-08-13 04:28:05,779 WARN  server.ServerUtils (ServerUtils.java:getDBPath(222)) - ozone.om.db.dirs is not configured. We recommend adding this setting. Falling back to ozone.metadata.dirs instead.
2019-08-13 04:28:05,779 INFO  util.JvmPauseMonitor (JvmPauseMonitor.java:run(188)) - Starting JVM pause monitor
2019-08-13 04:28:05,794 WARN  server.ServerUtils (ServerUtils.java:getDBPath(222)) - ozone.om.db.dirs is not configured. We recommend adding this setting. Falling back to ozone.metadata.dirs instead.
2019-08-13 04:28:05,794 WARN  server.ServerUtils (ServerUtils.java:getDBPath(222)) - ozone.om.db.dirs is not configured. We recommend adding this setting. Falling back to ozone.metadata.dirs instead.
2019-08-13 04:28:05,795 INFO  om.OzoneManager (OzoneManager.java:setOMNodeDetails(644)) - OM Service ID is not set. Setting it to the default ID: omServiceIdDefault
2019-08-13 04:28:05,795 INFO  om.OzoneManager (OzoneManager.java:setOMNodeDetails(650)) - OM Node ID is not set. Setting it to the OmStorage's OmID: c2d4af7d-2e32-44b6-925b-8603b3452fad
2019-08-13 04:28:05,795 INFO  om.OzoneManager (OzoneManager.java:loadOMHAConfigs(601)) - Found matching OM address with OMServiceId: null, OMNodeId: null, RPC Address: localhost:0 and Ratis port: 9872
2019-08-13 04:28:05,804 WARN  server.ServerUtils (ServerUtils.java:getDBPath(222)) - ozone.om.db.dirs is not configured. We recommend adding this setting. Falling back to ozone.metadata.dirs instead.
2019-08-13 04:28:05,805 INFO  db.DBStoreBuilder (DBStoreBuilder.java:addTable(110)) - using custom profile for table: userTable
2019-08-13 04:28:05,805 INFO  db.DBStoreBuilder (DBStoreBuilder.java:processTables(161)) - Using default column profile:DBProfile.DISK for Table:userTable
2019-08-13 04:28:05,805 INFO  db.DBStoreBuilder (DBStoreBuilder.java:addTable(110)) - using custom profile for table: volumeTable
2019-08-13 04:28:05,806 INFO  db.DBStoreBuilder (DBStoreBuilder.java:processTables(161)) - Using default column profile:DBProfile.DISK for Table:volumeTable
2019-08-13 04:28:05,806 INFO  db.DBStoreBuilder (DBStoreBuilder.java:addTable(110)) - using custom profile for table: bucketTable
2019-08-13 04:28:05,806 INFO  db.DBStoreBuilder (DBStoreBuilder.java:processTables(161)) - Using default column profile:DBProfile.DISK for Table:bucketTable
2019-08-13 04:28:05,807 INFO  db.DBStoreBuilder (DBStoreBuilder.java:addTable(110)) - using custom profile for table: keyTable
2019-08-13 04:28:05,807 INFO  db.DBStoreBuilder (DBStoreBuilder.java:processTables(161)) - Using default column profile:DBProfile.DISK for Table:keyTable
2019-08-13 04:28:05,807 INFO  db.DBStoreBuilder (DBStoreBuilder.java:addTable(110)) - using custom profile for table: deletedTable
2019-08-13 04:28:05,807 INFO  db.DBStoreBuilder (DBStoreBuilder.java:processTables(161)) - Using default column profile:DBProfile.DISK for Table:deletedTable
2019-08-13 04:28:05,808 INFO  db.DBStoreBuilder (DBStoreBuilder.java:addTable(110)) - using custom profile for table: openKeyTable
2019-08-13 04:28:05,808 INFO  db.DBStoreBuilder (DBStoreBuilder.java:processTables(161)) - Using default column profile:DBProfile.DISK for Table:openKeyTable
2019-08-13 04:28:05,808 INFO  db.DBStoreBuilder (DBStoreBuilder.java:addTable(110)) - using custom profile for table: s3Table
2019-08-13 04:28:05,808 INFO  db.DBStoreBuilder (DBStoreBuilder.java:processTables(161)) - Using default column profile:DBProfile.DISK for Table:s3Table
2019-08-13 04:28:05,809 INFO  db.DBStoreBuilder (DBStoreBuilder.java:addTable(110)) - using custom profile for table: multipartInfoTable
2019-08-13 04:28:05,809 INFO  db.DBStoreBuilder (DBStoreBuilder.java:processTables(161)) - Using default column profile:DBProfile.DISK for Table:multipartInfoTable
2019-08-13 04:28:05,809 INFO  db.DBStoreBuilder (DBStoreBuilder.java:addTable(110)) - using custom profile for table: dTokenTable
2019-08-13 04:28:05,809 INFO  db.DBStoreBuilder (DBStoreBuilder.java:processTables(161)) - Using default column profile:DBProfile.DISK for Table:dTokenTable
2019-08-13 04:28:05,810 INFO  db.DBStoreBuilder (DBStoreBuilder.java:addTable(110)) - using custom profile for table: s3SecretTable
2019-08-13 04:28:05,810 INFO  db.DBStoreBuilder (DBStoreBuilder.java:processTables(161)) - Using default column profile:DBProfile.DISK for Table:s3SecretTable
2019-08-13 04:28:05,810 INFO  db.DBStoreBuilder (DBStoreBuilder.java:addTable(110)) - using custom profile for table: prefixTable
2019-08-13 04:28:05,810 INFO  db.DBStoreBuilder (DBStoreBuilder.java:processTables(161)) - Using default column profile:DBProfile.DISK for Table:prefixTable
2019-08-13 04:28:05,811 INFO  db.DBStoreBuilder (DBStoreBuilder.java:addTable(110)) - using custom profile for table: default
2019-08-13 04:28:05,811 INFO  db.DBStoreBuilder (DBStoreBuilder.java:processTables(167)) - Using default column profile:DBProfile.DISK for Table:default
2019-08-13 04:28:05,811 INFO  db.DBStoreBuilder (DBStoreBuilder.java:getDbProfile(198)) - Using default options. DBProfile.DISK
2019-08-13 04:28:06,311 INFO  ipc.CallQueueManager (CallQueueManager.java:<init>(84)) - Using callQueue: class java.util.concurrent.LinkedBlockingQueue, queueCapacity: 2000, scheduler: class org.apache.hadoop.ipc.DefaultRpcScheduler, ipcBackoff: false.
2019-08-13 04:28:06,312 INFO  ipc.Server (Server.java:run(1074)) - Starting Socket Reader #1 for port 38004
2019-08-13 04:28:06,324 INFO  om.OzoneManager (OzoneManager.java:start(1255)) - OzoneManager RPC server is listening at localhost/127.0.0.1:38004
2019-08-13 04:28:06,325 INFO  impl.MetricsSystemImpl (MetricsSystemImpl.java:init(158)) - OzoneManager metrics system started (again)
2019-08-13 04:28:06,325 INFO  ipc.Server (Server.java:run(1314)) - IPC Server Responder: starting
2019-08-13 04:28:06,325 INFO  ipc.Server (Server.java:run(1153)) - IPC Server listener on 38004: starting
2019-08-13 04:28:06,329 INFO  hdfs.DFSUtil (DFSUtil.java:httpServerTemplateForNNAndJN(1641)) - Starting Web-server for ozoneManager at: http://0.0.0.0:0
2019-08-13 04:28:06,330 INFO  server.AuthenticationFilter (AuthenticationFilter.java:constructSecretProvider(240)) - Unable to initialize FileSignerSecretProvider, falling back to use random secrets.
2019-08-13 04:28:06,330 WARN  http.HttpRequestLog (HttpRequestLog.java:getRequestLog(97)) - Jetty request log can only be enabled using Log4j
2019-08-13 04:28:06,332 INFO  http.HttpServer2 (HttpServer2.java:addGlobalFilter(975)) - Added global filter 'safety' (class=org.apache.hadoop.http.HttpServer2$QuotingInputFilter)
2019-08-13 04:28:06,332 INFO  http.HttpServer2 (HttpServer2.java:addFilter(948)) - Added filter static_user_filter (class=org.apache.hadoop.http.lib.StaticUserWebFilter$StaticUserFilter) to context ozoneManager
2019-08-13 04:28:06,333 INFO  http.HttpServer2 (HttpServer2.java:addFilter(958)) - Added filter static_user_filter (class=org.apache.hadoop.http.lib.StaticUserWebFilter$StaticUserFilter) to context logs
2019-08-13 04:28:06,333 INFO  http.HttpServer2 (HttpServer2.java:addFilter(958)) - Added filter static_user_filter (class=org.apache.hadoop.http.lib.StaticUserWebFilter$StaticUserFilter) to context static
2019-08-13 04:28:06,334 INFO  http.HttpServer2 (HttpServer2.java:bindListener(1191)) - Jetty bound to port 38859
2019-08-13 04:28:06,334 INFO  server.Server (Server.java:doStart(351)) - jetty-9.3.24.v20180605, build timestamp: 2018-06-05T17:11:56Z, git hash: 84205aa28f11a4f31f2a3b86d1bba2cc8ab69827
2019-08-13 04:28:06,336 INFO  handler.ContextHandler (ContextHandler.java:doStart(781)) - Started o.e.j.s.ServletContextHandler@25fc546b{/logs,file:///workdir/hadoop-ozone/integration-test/target/log,AVAILABLE}
2019-08-13 04:28:06,337 INFO  handler.ContextHandler (ContextHandler.java:doStart(781)) - Started o.e.j.s.ServletContextHandler@773a27a1{/static,file:///workdir/hadoop-ozone/integration-test/target/test-classes/webapps/static,AVAILABLE}
2019-08-13 04:28:06,341 INFO  handler.ContextHandler (ContextHandler.java:doStart(781)) - Started o.e.j.w.WebAppContext@57ec39db{/,file:///workdir/hadoop-ozone/integration-test/target/test-classes/webapps/ozoneManager/,AVAILABLE}{/ozoneManager}
2019-08-13 04:28:06,342 INFO  server.AbstractConnector (AbstractConnector.java:doStart(278)) - Started ServerConnector@1c89bcf1{HTTP/1.1,[http/1.1]}{0.0.0.0:38859}
2019-08-13 04:28:06,342 INFO  server.Server (Server.java:doStart(419)) - Started @22330ms
2019-08-13 04:28:06,344 INFO  server.BaseHttpServer (BaseHttpServer.java:updateConnectorAddress(207)) - HTTP server of OZONEMANAGER is listening at http://0.0.0.0:38859
2019-08-13 04:28:06,347 INFO  impl.MetricsSystemImpl (MetricsSystemImpl.java:init(158)) - HddsDatanode metrics system started (again)
2019-08-13 04:28:06,349 INFO  ozone.HddsDatanodeService (HddsDatanodeService.java:start(184)) - HddsDatanodeService host:byscane-nightly-fjrtm-1513846620 ip:192.168.157.237
2019-08-13 04:28:06,356 INFO  volume.HddsVolume (HddsVolume.java:<init>(176)) - Creating Volume: /workdir/hadoop-ozone/integration-test/target/test-dir/MiniOzoneClusterImpl-79ff60b5-cde8-4a7b-af24-66841937d90c/datanode-0/data/containers/hdds of  storage type : DISK and capacity : 52710309888
2019-08-13 04:28:06,356 INFO  volume.VolumeSet (VolumeSet.java:initializeVolumeSet(170)) - Added Volume : /workdir/hadoop-ozone/integration-test/target/test-dir/MiniOzoneClusterImpl-79ff60b5-cde8-4a7b-af24-66841937d90c/datanode-0/data/containers/hdds to VolumeSet
2019-08-13 04:28:06,357 INFO  volume.ThrottledAsyncChecker (ThrottledAsyncChecker.java:schedule(140)) - Scheduling a check for org.apache.hadoop.ozone.container.common.volume.HddsVolume@2d6f81ce
2019-08-13 04:28:06,358 INFO  volume.HddsVolumeChecker (HddsVolumeChecker.java:checkAllVolumes(203)) - Scheduled health check for volume org.apache.hadoop.ozone.container.common.volume.HddsVolume@2d6f81ce
2019-08-13 04:28:06,371 INFO  impl.RaftServerProxy (ConfUtils.java:logGet(43)) - raft.rpc.type = GRPC (default)
2019-08-13 04:28:06,371 INFO  grpc.GrpcFactory (GrpcFactory.java:checkPooledByteBufAllocatorUseCacheForAllThreads(45)) - PERFORMANCE WARNING: useCacheForAllThreads is true that may cause Netty to create a lot garbage objects and, as a result, trigger GC.
	It is recommended to disable useCacheForAllThreads by setting -Dorg.apache.ratis.thirdparty.io.netty.allocator.useCacheForAllThreads=false in command line.
2019-08-13 04:28:06,373 INFO  grpc.GrpcConfigKeys$Server (ConfUtils.java:logGet(43)) - raft.grpc.server.port = 0 (default)
2019-08-13 04:28:06,373 INFO  server.GrpcService (ConfUtils.java:logGet(43)) - raft.grpc.message.size.max = 33570816 (custom)
2019-08-13 04:28:06,373 INFO  server.RaftServerConfigKeys (ConfUtils.java:logGet(43)) - raft.server.log.appender.buffer.byte-limit = 33554432 (custom)
2019-08-13 04:28:06,374 INFO  server.GrpcService (ConfUtils.java:logGet(43)) - raft.grpc.flow.control.window = 1MB (=1048576) (default)
2019-08-13 04:28:06,374 INFO  server.RaftServerConfigKeys (ConfUtils.java:logGet(43)) - raft.server.rpc.request.timeout = 3000ms (default)
2019-08-13 04:28:06,374 INFO  server.RaftServerConfigKeys (ConfUtils.java:logGet(43)) - raft.server.storage.dir = [/workdir/hadoop-ozone/integration-test/target/test-dir/MiniOzoneClusterImpl-79ff60b5-cde8-4a7b-af24-66841937d90c/datanode-0/data/ratis] (custom)
2019-08-13 04:28:06,375 INFO  replication.SimpleContainerDownloader (SimpleContainerDownloader.java:<init>(72)) - Starting container downloader service to copy containers to replicate.
2019-08-13 04:28:06,376 INFO  hdfs.DFSUtil (DFSUtil.java:httpServerTemplateForNNAndJN(1641)) - Starting Web-server for hddsDatanode at: http://0.0.0.0:0
2019-08-13 04:28:06,377 INFO  server.AuthenticationFilter (AuthenticationFilter.java:constructSecretProvider(240)) - Unable to initialize FileSignerSecretProvider, falling back to use random secrets.
2019-08-13 04:28:06,378 WARN  http.HttpRequestLog (HttpRequestLog.java:getRequestLog(97)) - Jetty request log can only be enabled using Log4j
2019-08-13 04:28:06,379 INFO  http.HttpServer2 (HttpServer2.java:addGlobalFilter(975)) - Added global filter 'safety' (class=org.apache.hadoop.http.HttpServer2$QuotingInputFilter)
2019-08-13 04:28:06,379 INFO  http.HttpServer2 (HttpServer2.java:addFilter(948)) - Added filter static_user_filter (class=org.apache.hadoop.http.lib.StaticUserWebFilter$StaticUserFilter) to context hddsDatanode
2019-08-13 04:28:06,380 INFO  http.HttpServer2 (HttpServer2.java:addFilter(958)) - Added filter static_user_filter (class=org.apache.hadoop.http.lib.StaticUserWebFilter$StaticUserFilter) to context static
2019-08-13 04:28:06,380 INFO  http.HttpServer2 (HttpServer2.java:addFilter(958)) - Added filter static_user_filter (class=org.apache.hadoop.http.lib.StaticUserWebFilter$StaticUserFilter) to context logs
2019-08-13 04:28:06,380 INFO  http.HttpServer2 (HttpServer2.java:bindListener(1191)) - Jetty bound to port 38411
2019-08-13 04:28:06,381 INFO  server.Server (Server.java:doStart(351)) - jetty-9.3.24.v20180605, build timestamp: 2018-06-05T17:11:56Z, git hash: 84205aa28f11a4f31f2a3b86d1bba2cc8ab69827
2019-08-13 04:28:06,382 INFO  handler.ContextHandler (ContextHandler.java:doStart(781)) - Started o.e.j.s.ServletContextHandler@7403b7be{/logs,file:///workdir/hadoop-ozone/integration-test/target/log,AVAILABLE}
2019-08-13 04:28:06,383 INFO  handler.ContextHandler (ContextHandler.java:doStart(781)) - Started o.e.j.s.ServletContextHandler@31e59419{/static,jar:file:/home/user/.m2/repository/org/apache/hadoop/hadoop-hdds-container-service/0.4.1-SNAPSHOT/hadoop-hdds-container-service-0.4.1-SNAPSHOT.jar!/webapps/static,AVAILABLE}
2019-08-13 04:28:06,411 INFO  handler.ContextHandler (ContextHandler.java:doStart(781)) - Started o.e.j.w.WebAppContext@3ec5aeab{/,file:///tmp/jetty-0.0.0.0-38411-hddsDatanode-_-any-141348192414064499.dir/webapp/,AVAILABLE}{/hddsDatanode}
2019-08-13 04:28:06,411 INFO  server.AbstractConnector (AbstractConnector.java:doStart(278)) - Started ServerConnector@562ded11{HTTP/1.1,[http/1.1]}{0.0.0.0:38411}
2019-08-13 04:28:06,412 INFO  server.Server (Server.java:doStart(419)) - Started @22400ms
2019-08-13 04:28:06,413 INFO  server.BaseHttpServer (BaseHttpServer.java:updateConnectorAddress(207)) - HTTP server of HDDSDATANODE is listening at http://0.0.0.0:38411
2019-08-13 04:28:06,553 INFO  ozone.HddsDatanodeService (HddsDatanodeService.java:startPlugins(395)) - Started plug-in org.apache.hadoop.ozone.web.OzoneHddsDatanodeService@526565a3
2019-08-13 04:28:06,554 INFO  ozone.MiniOzoneClusterImpl (MiniOzoneClusterImpl.java:lambda$waitForClusterToBeReady$0(142)) - Waiting for cluster to be ready. Got 0 of 1 DN Heartbeats.
2019-08-13 04:28:06,556 INFO  util.JvmPauseMonitor (JvmPauseMonitor.java:run(188)) - Starting JVM pause monitor
2019-08-13 04:28:06,562 INFO  datanode.InitDatanodeState (InitDatanodeState.java:persistContainerDatanodeDetails(140)) - DatanodeDetails is persisted to /workdir/hadoop-ozone/integration-test/target/test-dir/MiniOzoneClusterImpl-79ff60b5-cde8-4a7b-af24-66841937d90c/datanode-0/meta/datanode.id
2019-08-13 04:28:07,555 INFO  ozone.MiniOzoneClusterImpl (MiniOzoneClusterImpl.java:lambda$waitForClusterToBeReady$0(142)) - Waiting for cluster to be ready. Got 0 of 1 DN Heartbeats.
2019-08-13 04:28:08,556 INFO  ozone.MiniOzoneClusterImpl (MiniOzoneClusterImpl.java:lambda$waitForClusterToBeReady$0(142)) - Waiting for cluster to be ready. Got 0 of 1 DN Heartbeats.
2019-08-13 04:28:08,577 INFO  ozoneimpl.OzoneContainer (OzoneContainer.java:start(186)) - Attempting to start container services.
2019-08-13 04:28:08,579 INFO  ozoneimpl.OzoneContainer (OzoneContainer.java:startContainerScrub(160)) - Background container scrubber has been disabled by hdds.containerscrub.enabled
2019-08-13 04:28:08,579 INFO  ratis.XceiverServerRatis (XceiverServerRatis.java:start(404)) - Starting XceiverServerRatis 44205b06-be40-4186-85cd-995c50322d24 at port 0
2019-08-13 04:28:08,586 INFO  impl.RaftServerProxy (RaftServerProxy.java:lambda$start$3(299)) - 44205b06-be40-4186-85cd-995c50322d24: start RPC server
2019-08-13 04:28:08,589 INFO  server.GrpcService (GrpcService.java:startImpl(149)) - 44205b06-be40-4186-85cd-995c50322d24: GrpcService started, listening on 0.0.0.0/0.0.0.0:45162
2019-08-13 04:28:08,589 INFO  ratis.XceiverServerRatis (XceiverServerRatis.java:start(414)) - XceiverServerRatis 44205b06-be40-4186-85cd-995c50322d24 is started using port 45162
2019-08-13 04:28:08,591 INFO  server.XceiverServerGrpc (XceiverServerGrpc.java:start(161)) - XceiverServerGrpc 44205b06-be40-4186-85cd-995c50322d24 is started using port 36758
2019-08-13 04:28:09,556 INFO  ozone.MiniOzoneClusterImpl (MiniOzoneClusterImpl.java:lambda$waitForClusterToBeReady$0(142)) - Waiting for cluster to be ready. Got 0 of 1 DN Heartbeats.
2019-08-13 04:28:10,557 INFO  ozone.MiniOzoneClusterImpl (MiniOzoneClusterImpl.java:lambda$waitForClusterToBeReady$0(142)) - Waiting for cluster to be ready. Got 0 of 1 DN Heartbeats.
2019-08-13 04:28:10,559 INFO  net.NetworkTopology (NetworkTopologyImpl.java:add(110)) - Added a new node: /default-rack/44205b06-be40-4186-85cd-995c50322d24
2019-08-13 04:28:10,560 INFO  node.SCMNodeManager (SCMNodeManager.java:register(273)) - Registered Data node : 44205b06-be40-4186-85cd-995c50322d24{ip: 192.168.157.237, host: byscane-nightly-fjrtm-1513846620, networkLocation: /default-rack, certSerialId: null}
2019-08-13 04:28:10,561 INFO  safemode.SCMSafeModeManager (DataNodeSafeModeRule.java:process(71)) - SCM in safe mode. 1 DataNodes registered, 1 required.
2019-08-13 04:28:10,562 INFO  safemode.SCMSafeModeManager (SCMSafeModeManager.java:validateSafeModeExitRules(177)) - ScmSafeModeManager, all rules are successfully validated
2019-08-13 04:28:10,562 INFO  safemode.SCMSafeModeManager (SCMSafeModeManager.java:exitSafeMode(193)) - SCM exiting safe mode.
2019-08-13 04:28:10,571 INFO  impl.RaftServerProxy (RaftServerProxy.java:addNew(89)) - 44205b06-be40-4186-85cd-995c50322d24: addNew group-A233558FDAF9:[44205b06-be40-4186-85cd-995c50322d24:192.168.157.237:45162] returns group-A233558FDAF9:java.util.concurrent.CompletableFuture@5582958[Not completed]
2019-08-13 04:28:10,573 INFO  impl.RaftServerImpl (RaftServerImpl.java:<init>(93)) - 44205b06-be40-4186-85cd-995c50322d24: new RaftServerImpl for group-A233558FDAF9:[44205b06-be40-4186-85cd-995c50322d24:192.168.157.237:45162] with ContainerStateMachine:uninitialized
2019-08-13 04:28:10,574 INFO  server.RaftServerConfigKeys (ConfUtils.java:logGet(43)) - raft.server.rpc.timeout.min = 5s (custom)
2019-08-13 04:28:10,574 INFO  server.RaftServerConfigKeys (ConfUtils.java:logGet(43)) - raft.server.rpc.timeout.max = 5200ms (custom)
2019-08-13 04:28:10,574 INFO  server.RaftServerConfigKeys (ConfUtils.java:logGet(43)) - raft.server.rpcslowness.timeout = 120s (custom)
2019-08-13 04:28:10,574 INFO  server.RaftServerConfigKeys (ConfUtils.java:logGet(43)) - raft.server.sleep.deviation.threshold = 300 (default)
2019-08-13 04:28:10,574 INFO  server.RaftServerConfigKeys (ConfUtils.java:logGet(43)) - raft.server.log.appender.install.snapshot.enabled = false (custom)
2019-08-13 04:28:10,574 INFO  impl.RaftServerImpl (ServerState.java:<init>(105)) - 44205b06-be40-4186-85cd-995c50322d24:group-A233558FDAF9 ConfigurationManager, init=-1: [44205b06-be40-4186-85cd-995c50322d24:192.168.157.237:45162], old=null, confs=<EMPTY_MAP>
2019-08-13 04:28:10,574 INFO  server.RaftServerConfigKeys (ConfUtils.java:logGet(43)) - raft.server.storage.dir = [/workdir/hadoop-ozone/integration-test/target/test-dir/MiniOzoneClusterImpl-79ff60b5-cde8-4a7b-af24-66841937d90c/datanode-0/data/ratis] (custom)
2019-08-13 04:28:10,575 INFO  storage.RaftStorageDirectory (RaftStorageDirectory.java:analyzeStorage(246)) - The storage directory /workdir/hadoop-ozone/integration-test/target/test-dir/MiniOzoneClusterImpl-79ff60b5-cde8-4a7b-af24-66841937d90c/datanode-0/data/ratis/75089809-fd7c-4aab-b788-a233558fdaf9 does not exist. Creating ...
2019-08-13 04:28:10,588 INFO  storage.RaftStorageDirectory (RaftStorageDirectory.java:tryLock(328)) - Lock on /workdir/hadoop-ozone/integration-test/target/test-dir/MiniOzoneClusterImpl-79ff60b5-cde8-4a7b-af24-66841937d90c/datanode-0/data/ratis/75089809-fd7c-4aab-b788-a233558fdaf9/in_use.lock acquired by nodename 27072@byscane-nightly-fjrtm-1513846620
2019-08-13 04:28:10,601 INFO  storage.RaftStorage (RaftStorage.java:format(72)) - Storage directory /workdir/hadoop-ozone/integration-test/target/test-dir/MiniOzoneClusterImpl-79ff60b5-cde8-4a7b-af24-66841937d90c/datanode-0/data/ratis/75089809-fd7c-4aab-b788-a233558fdaf9 has been successfully formatted.
2019-08-13 04:28:10,602 INFO  ratis.ContainerStateMachine (ContainerStateMachine.java:loadSnapshot(213)) - group-A233558FDAF9: The snapshot info is null. Setting the last applied indexto:(t:0, i:~)
2019-08-13 04:28:10,602 INFO  server.RaftServerConfigKeys (ConfUtils.java:logGet(43)) - raft.server.leader.election.timeout = 120s (custom)
2019-08-13 04:28:10,602 INFO  server.RaftServerConfigKeys (ConfUtils.java:logGet(43)) - raft.server.log.use.memory = false (default)
2019-08-13 04:28:10,603 INFO  server.RaftServerConfigKeys (ConfUtils.java:logGet(43)) - raft.server.log.purge.gap = 1000000000 (custom)
2019-08-13 04:28:10,603 INFO  server.RaftServerConfigKeys (ConfUtils.java:logGet(43)) - raft.server.log.appender.buffer.byte-limit = 33554432 (custom)
2019-08-13 04:28:10,603 INFO  server.RaftServerConfigKeys (ConfUtils.java:logGet(43)) - raft.server.log.segment.size.max = 1048576 (custom)
2019-08-13 04:28:10,603 INFO  server.RaftServerConfigKeys (ConfUtils.java:logGet(43)) - raft.server.log.segment.cache.num.max = 2 (custom)
2019-08-13 04:28:10,603 INFO  segmented.SegmentedRaftLogWorker (SegmentedRaftLogWorker.java:<init>(172)) - new 44205b06-be40-4186-85cd-995c50322d24-SegmentedRaftLogWorker:Storage Directory /workdir/hadoop-ozone/integration-test/target/test-dir/MiniOzoneClusterImpl-79ff60b5-cde8-4a7b-af24-66841937d90c/datanode-0/data/ratis/75089809-fd7c-4aab-b788-a233558fdaf9 for RaftStorage:Storage Directory /workdir/hadoop-ozone/integration-test/target/test-dir/MiniOzoneClusterImpl-79ff60b5-cde8-4a7b-af24-66841937d90c/datanode-0/data/ratis/75089809-fd7c-4aab-b788-a233558fdaf9
2019-08-13 04:28:10,603 INFO  server.RaftServerConfigKeys (ConfUtils.java:logGet(43)) - raft.server.log.queue.byte-limit = 2147483647 (custom)
2019-08-13 04:28:10,604 INFO  server.RaftServerConfigKeys (ConfUtils.java:logGet(43)) - raft.server.log.queue.element-limit = 1024 (custom)
2019-08-13 04:28:10,604 INFO  server.RaftServerConfigKeys (ConfUtils.java:logGet(43)) - raft.server.log.segment.size.max = 1048576 (custom)
2019-08-13 04:28:10,604 INFO  server.RaftServerConfigKeys (ConfUtils.java:logGet(43)) - raft.server.log.preallocated.size = 16384 (custom)
2019-08-13 04:28:10,604 INFO  server.RaftServerConfigKeys (ConfUtils.java:logGet(43)) - raft.server.log.write.buffer.size = 33554432 (custom)
2019-08-13 04:28:10,604 INFO  server.RaftServerConfigKeys (ConfUtils.java:logGet(43)) - raft.server.log.force.sync.num = 128 (default)
2019-08-13 04:28:10,604 INFO  server.RaftServerConfigKeys (ConfUtils.java:logGet(43)) - raft.server.log.statemachine.data.sync = true (default)
2019-08-13 04:28:10,604 INFO  server.RaftServerConfigKeys (ConfUtils.java:logGet(43)) - raft.server.log.statemachine.data.sync.timeout = 10s (default)
2019-08-13 04:28:10,605 INFO  server.RaftServerConfigKeys (ConfUtils.java:logGet(43)) - raft.server.log.statemachine.data.sync.timeout.retry = -1 (default)
2019-08-13 04:28:10,605 INFO  server.RaftServerConfigKeys (ConfUtils.java:logGet(43)) - raft.server.log.statemachine.data.caching.enabled = true (custom)
2019-08-13 04:28:10,605 INFO  segmented.SegmentedRaftLogWorker (SegmentedRaftLogWorker.java:lambda$new$0(132)) - 44205b06-be40-4186-85cd-995c50322d24-SegmentedRaftLogWorker:Storage Directory /workdir/hadoop-ozone/integration-test/target/test-dir/MiniOzoneClusterImpl-79ff60b5-cde8-4a7b-af24-66841937d90c/datanode-0/data/ratis/75089809-fd7c-4aab-b788-a233558fdaf9: flushIndex: setUnconditionally 0 -> -1
2019-08-13 04:28:10,606 INFO  server.RaftServerConfigKeys (ConfUtils.java:logGet(43)) - raft.server.snapshot.auto.trigger.enabled = true (custom)
2019-08-13 04:28:10,606 INFO  server.RaftServerConfigKeys (ConfUtils.java:logGet(43)) - raft.server.snapshot.auto.trigger.threshold = 10000 (custom)
2019-08-13 04:28:10,606 INFO  server.RaftServerConfigKeys (ConfUtils.java:logGet(43)) - raft.server.retrycache.expirytime = 600000ms (custom)
2019-08-13 04:28:10,606 INFO  impl.RaftServerImpl (RaftServerImpl.java:start(180)) - 44205b06-be40-4186-85cd-995c50322d24: start group-A233558FDAF9
2019-08-13 04:28:10,606 INFO  impl.RaftServerImpl (RaftServerImpl.java:setRole(171)) - 44205b06-be40-4186-85cd-995c50322d24:group-A233558FDAF9 changes role from null to FOLLOWER at term 0 for startAsFollower
2019-08-13 04:28:10,606 INFO  impl.RoleInfo (RoleInfo.java:updateAndGet(143)) - 44205b06-be40-4186-85cd-995c50322d24: start FollowerState
2019-08-13 04:28:10,607 INFO  util.JmxRegister (JmxRegister.java:tryRegister(44)) - Successfully registered JMX Bean with object name Ratis:service=RaftServer,group=group-A233558FDAF9,id=44205b06-be40-4186-85cd-995c50322d24
2019-08-13 04:28:10,613 INFO  pipeline.PipelineStateManager (PipelineStateManager.java:addPipeline(56)) - Created pipeline Pipeline[ Id: 75089809-fd7c-4aab-b788-a233558fdaf9, Nodes: 44205b06-be40-4186-85cd-995c50322d24{ip: 192.168.157.237, host: byscane-nightly-fjrtm-1513846620, networkLocation: /default-rack, certSerialId: null}, Type:RATIS, Factor:ONE, State:OPEN]
2019-08-13 04:28:11,557 INFO  ozone.MiniOzoneClusterImpl (MiniOzoneClusterImpl.java:lambda$waitForClusterToBeReady$0(142)) - Cluster is ready. Got 1 of 1 DN Heartbeats.
2019-08-13 04:28:11,719 INFO  pipeline.PipelineStateManager (PipelineStateManager.java:addPipeline(56)) - Created pipeline Pipeline[ Id: 2f2047c8-b01c-4ea0-8bbc-1775d24812ef, Nodes: 44205b06-be40-4186-85cd-995c50322d24{ip: 192.168.157.237, host: byscane-nightly-fjrtm-1513846620, networkLocation: /default-rack, certSerialId: null}, Type:STAND_ALONE, Factor:ONE, State:OPEN]
2019-08-13 04:28:12,432 INFO  keyvalue.KeyValueHandler (ContainerUtils.java:logAndReturnError(146)) - Operation: CreateContainer : Trace ID: d4e74e9d701b3496:d4e74e9d701b3496:0:0 : Message: Container creation failed, due to disk out of space : Result: DISK_OUT_OF_SPACE
04:28:12.433 [grpc-default-executor-0] ERROR DNAudit - user=null | ip=null | op=WRITE_CHUNK {blockData=conID: 6 locID: 102607781386715157 bcsId: 0} | ret=FAILURE
org.apache.hadoop.hdds.scm.container.common.helpers.StorageContainerException: ContainerID 6 creation failed
	at org.apache.hadoop.ozone.container.common.impl.HddsDispatcher.dispatchRequest(HddsDispatcher.java:227) [hadoop-hdds-container-service-0.4.1-SNAPSHOT.jar:?]
	at org.apache.hadoop.ozone.container.common.impl.HddsDispatcher.dispatch(HddsDispatcher.java:148) [hadoop-hdds-container-service-0.4.1-SNAPSHOT.jar:?]
	at org.apache.hadoop.ozone.container.common.transport.server.GrpcXceiverService$1.onNext(GrpcXceiverService.java:73) [hadoop-hdds-container-service-0.4.1-SNAPSHOT.jar:?]
	at org.apache.hadoop.ozone.container.common.transport.server.GrpcXceiverService$1.onNext(GrpcXceiverService.java:61) [hadoop-hdds-container-service-0.4.1-SNAPSHOT.jar:?]
	at org.apache.ratis.thirdparty.io.grpc.stub.ServerCalls$StreamingServerCallHandler$StreamingServerCallListener.onMessage(ServerCalls.java:248) [ratis-thirdparty-misc-0.2.0.jar:0.2.0]
	at org.apache.ratis.thirdparty.io.grpc.ForwardingServerCallListener.onMessage(ForwardingServerCallListener.java:33) [ratis-thirdparty-misc-0.2.0.jar:0.2.0]
	at org.apache.ratis.thirdparty.io.grpc.Contexts$ContextualizedServerCallListener.onMessage(Contexts.java:76) [ratis-thirdparty-misc-0.2.0.jar:0.2.0]
	at org.apache.ratis.thirdparty.io.grpc.ForwardingServerCallListener.onMessage(ForwardingServerCallListener.java:33) [ratis-thirdparty-misc-0.2.0.jar:0.2.0]
	at org.apache.hadoop.hdds.tracing.GrpcServerInterceptor$1.onMessage(GrpcServerInterceptor.java:46) [hadoop-hdds-common-0.4.1-SNAPSHOT.jar:?]
	at org.apache.ratis.thirdparty.io.grpc.internal.ServerCallImpl$ServerStreamListenerImpl.messagesAvailable(ServerCallImpl.java:263) [ratis-thirdparty-misc-0.2.0.jar:0.2.0]
	at org.apache.ratis.thirdparty.io.grpc.internal.ServerImpl$JumpToApplicationThreadServerStreamListener$1MessagesAvailable.runInContext(ServerImpl.java:686) [ratis-thirdparty-misc-0.2.0.jar:0.2.0]
	at org.apache.ratis.thirdparty.io.grpc.internal.ContextRunnable.run(ContextRunnable.java:37) [ratis-thirdparty-misc-0.2.0.jar:0.2.0]
	at org.apache.ratis.thirdparty.io.grpc.internal.SerializingExecutor.run(SerializingExecutor.java:123) [ratis-thirdparty-misc-0.2.0.jar:0.2.0]
	at java.util.concurrent.ThreadPoolExecutor.runWorker(ThreadPoolExecutor.java:1149) [?:1.8.0_212]
	at java.util.concurrent.ThreadPoolExecutor$Worker.run(ThreadPoolExecutor.java:624) [?:1.8.0_212]
	at java.lang.Thread.run(Thread.java:748) [?:1.8.0_212]
2019-08-13 04:28:12,443 INFO  impl.HddsDispatcher (ContainerUtils.java:logAndReturnError(146)) - Operation: WriteChunk : Trace ID: d4e74e9d701b3496:d4e74e9d701b3496:0:0 : Message: ContainerID 6 creation failed : Result: DISK_OUT_OF_SPACE
04:28:12.449 [grpc-default-executor-0] ERROR DNAudit - user=null | ip=null | op=PUT_BLOCK {blockData=[blockId=conID: 6 locID: 102607781386715157 bcsId: 0,size=5]} | ret=FAILURE
org.apache.hadoop.hdds.scm.container.common.helpers.StorageContainerException: ContainerID 6 does not exist
	at org.apache.hadoop.ozone.container.common.impl.HddsDispatcher.dispatchRequest(HddsDispatcher.java:242) [hadoop-hdds-container-service-0.4.1-SNAPSHOT.jar:?]
	at org.apache.hadoop.ozone.container.common.impl.HddsDispatcher.dispatch(HddsDispatcher.java:148) [hadoop-hdds-container-service-0.4.1-SNAPSHOT.jar:?]
	at org.apache.hadoop.ozone.container.common.transport.server.GrpcXceiverService$1.onNext(GrpcXceiverService.java:73) [hadoop-hdds-container-service-0.4.1-SNAPSHOT.jar:?]
	at org.apache.hadoop.ozone.container.common.transport.server.GrpcXceiverService$1.onNext(GrpcXceiverService.java:61) [hadoop-hdds-container-service-0.4.1-SNAPSHOT.jar:?]
	at org.apache.ratis.thirdparty.io.grpc.stub.ServerCalls$StreamingServerCallHandler$StreamingServerCallListener.onMessage(ServerCalls.java:248) [ratis-thirdparty-misc-0.2.0.jar:0.2.0]
	at org.apache.ratis.thirdparty.io.grpc.ForwardingServerCallListener.onMessage(ForwardingServerCallListener.java:33) [ratis-thirdparty-misc-0.2.0.jar:0.2.0]
	at org.apache.ratis.thirdparty.io.grpc.Contexts$ContextualizedServerCallListener.onMessage(Contexts.java:76) [ratis-thirdparty-misc-0.2.0.jar:0.2.0]
	at org.apache.ratis.thirdparty.io.grpc.ForwardingServerCallListener.onMessage(ForwardingServerCallListener.java:33) [ratis-thirdparty-misc-0.2.0.jar:0.2.0]
	at org.apache.hadoop.hdds.tracing.GrpcServerInterceptor$1.onMessage(GrpcServerInterceptor.java:46) [hadoop-hdds-common-0.4.1-SNAPSHOT.jar:?]
	at org.apache.ratis.thirdparty.io.grpc.internal.ServerCallImpl$ServerStreamListenerImpl.messagesAvailable(ServerCallImpl.java:263) [ratis-thirdparty-misc-0.2.0.jar:0.2.0]
	at org.apache.ratis.thirdparty.io.grpc.internal.ServerImpl$JumpToApplicationThreadServerStreamListener$1MessagesAvailable.runInContext(ServerImpl.java:686) [ratis-thirdparty-misc-0.2.0.jar:0.2.0]
	at org.apache.ratis.thirdparty.io.grpc.internal.ContextRunnable.run(ContextRunnable.java:37) [ratis-thirdparty-misc-0.2.0.jar:0.2.0]
	at org.apache.ratis.thirdparty.io.grpc.internal.SerializingExecutor.run(SerializingExecutor.java:123) [ratis-thirdparty-misc-0.2.0.jar:0.2.0]
	at java.util.concurrent.ThreadPoolExecutor.runWorker(ThreadPoolExecutor.java:1149) [?:1.8.0_212]
	at java.util.concurrent.ThreadPoolExecutor$Worker.run(ThreadPoolExecutor.java:624) [?:1.8.0_212]
	at java.lang.Thread.run(Thread.java:748) [?:1.8.0_212]
2019-08-13 04:28:12,447 ERROR storage.BlockOutputStream (BlockOutputStream.java:validateResponse(531)) - Unexpected Storage Container Exception: 
org.apache.hadoop.hdds.scm.container.common.helpers.StorageContainerException: ContainerID 6 creation failed
	at org.apache.hadoop.hdds.scm.storage.ContainerProtocolCalls.validateContainerResponse(ContainerProtocolCalls.java:536)
	at org.apache.hadoop.hdds.scm.storage.BlockOutputStream.validateResponse(BlockOutputStream.java:529)
	at org.apache.hadoop.hdds.scm.storage.BlockOutputStream.lambda$writeChunkToContainer$2(BlockOutputStream.java:606)
	at java.util.concurrent.CompletableFuture.uniApply(CompletableFuture.java:602)
	at java.util.concurrent.CompletableFuture$UniApply.tryFire(CompletableFuture.java:577)
	at java.util.concurrent.CompletableFuture$Completion.run(CompletableFuture.java:442)
	at java.util.concurrent.ThreadPoolExecutor.runWorker(ThreadPoolExecutor.java:1149)
	at java.util.concurrent.ThreadPoolExecutor$Worker.run(ThreadPoolExecutor.java:624)
	at java.lang.Thread.run(Thread.java:748)
2019-08-13 04:28:12,450 INFO  impl.HddsDispatcher (ContainerUtils.java:logAndReturnError(146)) - Operation: PutBlock : Trace ID: 1159fd5e26d699e3:1159fd5e26d699e3:0:0 : Message: ContainerID 6 does not exist : Result: CONTAINER_NOT_FOUND
]]></system-out>
    <system-err><![CDATA[Aug 13, 2019 4:28:06 AM com.sun.jersey.server.impl.application.WebApplicationImpl _initiate
INFO: Initiating Jersey application, version 'Jersey: 1.19 02/11/2015 03:25 AM'
Aug 13, 2019 4:28:11 AM com.sun.jersey.server.impl.application.WebApplicationImpl _initiate
INFO: Initiating Jersey application, version 'Jersey: 1.19 02/11/2015 03:25 AM'
]]></system-err>
  </testcase>
  <testcase name="testSCMReinitialization" classname="org.apache.hadoop.ozone.TestStorageContainerManager" time="11.48"/>
  <testcase name="testCloseContainerCommandOnRestart" classname="org.apache.hadoop.ozone.TestStorageContainerManager" time="6.983">
    <error message="Unexpected Storage Container Exception: org.apache.hadoop.hdds.scm.container.common.helpers.StorageContainerException: ContainerID 6 creation failed" type="java.io.IOException">java.io.IOException: Unexpected Storage Container Exception: org.apache.hadoop.hdds.scm.container.common.helpers.StorageContainerException: ContainerID 6 creation failed
	at org.apache.hadoop.hdds.scm.storage.BlockOutputStream.setIoException(BlockOutputStream.java:541)
	at org.apache.hadoop.hdds.scm.storage.BlockOutputStream.validateResponse(BlockOutputStream.java:532)
	at org.apache.hadoop.hdds.scm.storage.BlockOutputStream.lambda$writeChunkToContainer$2(BlockOutputStream.java:606)
	at java.util.concurrent.CompletableFuture.uniApply(CompletableFuture.java:602)
	at java.util.concurrent.CompletableFuture$UniApply.tryFire(CompletableFuture.java:577)
	at java.util.concurrent.CompletableFuture$Completion.run(CompletableFuture.java:442)
	at java.util.concurrent.ThreadPoolExecutor.runWorker(ThreadPoolExecutor.java:1149)
	at java.util.concurrent.ThreadPoolExecutor$Worker.run(ThreadPoolExecutor.java:624)
	at java.lang.Thread.run(Thread.java:748)
Caused by: org.apache.hadoop.hdds.scm.container.common.helpers.StorageContainerException: ContainerID 6 creation failed
	at org.apache.hadoop.hdds.scm.storage.ContainerProtocolCalls.validateContainerResponse(ContainerProtocolCalls.java:536)
	at org.apache.hadoop.hdds.scm.storage.BlockOutputStream.validateResponse(BlockOutputStream.java:529)
	... 7 more
</error>
    <system-out><![CDATA[2019-08-13 04:28:23,968 WARN  server.ServerUtils (ServerUtils.java:getScmDbDir(145)) - ozone.scm.db.dirs is not configured. We recommend adding this setting. Falling back to ozone.metadata.dirs instead.
2019-08-13 04:28:24,004 WARN  server.ServerUtils (ServerUtils.java:getScmDbDir(145)) - ozone.scm.db.dirs is not configured. We recommend adding this setting. Falling back to ozone.metadata.dirs instead.
2019-08-13 04:28:24,005 WARN  server.ServerUtils (ServerUtils.java:getScmDbDir(145)) - ozone.scm.db.dirs is not configured. We recommend adding this setting. Falling back to ozone.metadata.dirs instead.
2019-08-13 04:28:24,005 INFO  db.DBStoreBuilder (DBStoreBuilder.java:addTable(110)) - using custom profile for table: deletedBlocks
2019-08-13 04:28:24,006 INFO  db.DBStoreBuilder (DBStoreBuilder.java:processTables(161)) - Using default column profile:DBProfile.DISK for Table:deletedBlocks
2019-08-13 04:28:24,006 INFO  db.DBStoreBuilder (DBStoreBuilder.java:addTable(110)) - using custom profile for table: validCerts
2019-08-13 04:28:24,006 INFO  db.DBStoreBuilder (DBStoreBuilder.java:processTables(161)) - Using default column profile:DBProfile.DISK for Table:validCerts
2019-08-13 04:28:24,006 INFO  db.DBStoreBuilder (DBStoreBuilder.java:addTable(110)) - using custom profile for table: revokedCerts
2019-08-13 04:28:24,006 INFO  db.DBStoreBuilder (DBStoreBuilder.java:processTables(161)) - Using default column profile:DBProfile.DISK for Table:revokedCerts
2019-08-13 04:28:24,006 INFO  db.DBStoreBuilder (DBStoreBuilder.java:addTable(110)) - using custom profile for table: default
2019-08-13 04:28:24,007 INFO  db.DBStoreBuilder (DBStoreBuilder.java:processTables(167)) - Using default column profile:DBProfile.DISK for Table:default
2019-08-13 04:28:24,007 INFO  db.DBStoreBuilder (DBStoreBuilder.java:getDbProfile(198)) - Using default options. DBProfile.DISK
2019-08-13 04:28:24,105 INFO  net.NodeSchemaLoader (NodeSchemaLoader.java:loadSchemaFromFile(125)) - Loading file from sun.misc.CompoundEnumeration@40dc6eda
2019-08-13 04:28:24,105 INFO  net.NodeSchemaLoader (NodeSchemaLoader.java:loadSchema(171)) - Loading network topology layer schema file
2019-08-13 04:28:24,110 INFO  node.SCMNodeManager (SCMNodeManager.java:<init>(121)) - Entering startup safe mode.
2019-08-13 04:28:24,111 WARN  server.ServerUtils (ServerUtils.java:getScmDbDir(145)) - ozone.scm.db.dirs is not configured. We recommend adding this setting. Falling back to ozone.metadata.dirs instead.
2019-08-13 04:28:24,144 INFO  pipeline.SCMPipelineManager (SCMPipelineManager.java:initializePipelineState(126)) - No pipeline exists in current db
2019-08-13 04:28:24,145 WARN  server.ServerUtils (ServerUtils.java:getScmDbDir(145)) - ozone.scm.db.dirs is not configured. We recommend adding this setting. Falling back to ozone.metadata.dirs instead.
2019-08-13 04:28:24,183 WARN  events.EventQueue (EventQueue.java:fireEvent(175)) - No event handler registered for event TypedEvent{payloadType=SafeModeStatus, name='SafeModeStatus'}
2019-08-13 04:28:24,184 INFO  ipc.CallQueueManager (CallQueueManager.java:<init>(84)) - Using callQueue: class java.util.concurrent.LinkedBlockingQueue, queueCapacity: 2000, scheduler: class org.apache.hadoop.ipc.DefaultRpcScheduler, ipcBackoff: false.
2019-08-13 04:28:24,185 INFO  ipc.Server (Server.java:run(1074)) - Starting Socket Reader #1 for port 37844
2019-08-13 04:28:24,188 INFO  ipc.CallQueueManager (CallQueueManager.java:<init>(84)) - Using callQueue: class java.util.concurrent.LinkedBlockingQueue, queueCapacity: 2000, scheduler: class org.apache.hadoop.ipc.DefaultRpcScheduler, ipcBackoff: false.
2019-08-13 04:28:24,189 INFO  ipc.Server (Server.java:run(1074)) - Starting Socket Reader #1 for port 41235
2019-08-13 04:28:24,190 INFO  ipc.CallQueueManager (CallQueueManager.java:<init>(84)) - Using callQueue: class java.util.concurrent.LinkedBlockingQueue, queueCapacity: 2000, scheduler: class org.apache.hadoop.ipc.DefaultRpcScheduler, ipcBackoff: false.
2019-08-13 04:28:24,190 INFO  ipc.Server (Server.java:run(1074)) - Starting Socket Reader #1 for port 40243
2019-08-13 04:28:24,193 INFO  hdfs.DFSUtil (DFSUtil.java:httpServerTemplateForNNAndJN(1641)) - Starting Web-server for scm at: http://0.0.0.0:0
2019-08-13 04:28:24,195 INFO  server.AuthenticationFilter (AuthenticationFilter.java:constructSecretProvider(240)) - Unable to initialize FileSignerSecretProvider, falling back to use random secrets.
2019-08-13 04:28:24,196 WARN  http.HttpRequestLog (HttpRequestLog.java:getRequestLog(97)) - Jetty request log can only be enabled using Log4j
2019-08-13 04:28:24,197 INFO  http.HttpServer2 (HttpServer2.java:addGlobalFilter(975)) - Added global filter 'safety' (class=org.apache.hadoop.http.HttpServer2$QuotingInputFilter)
2019-08-13 04:28:24,198 INFO  http.HttpServer2 (HttpServer2.java:addFilter(948)) - Added filter static_user_filter (class=org.apache.hadoop.http.lib.StaticUserWebFilter$StaticUserFilter) to context scm
2019-08-13 04:28:24,198 INFO  http.HttpServer2 (HttpServer2.java:addFilter(958)) - Added filter static_user_filter (class=org.apache.hadoop.http.lib.StaticUserWebFilter$StaticUserFilter) to context logs
2019-08-13 04:28:24,198 INFO  http.HttpServer2 (HttpServer2.java:addFilter(958)) - Added filter static_user_filter (class=org.apache.hadoop.http.lib.StaticUserWebFilter$StaticUserFilter) to context static
2019-08-13 04:28:24,200 INFO  server.StorageContainerManager (StorageContainerManager.java:start(759)) - StorageContainerLocationProtocol RPC server is listening at /0.0.0.0:40243
2019-08-13 04:28:24,202 WARN  impl.MetricsConfig (MetricsConfig.java:loadFirst(134)) - Cannot locate configuration: tried hadoop-metrics2-storagecontainermanager.properties,hadoop-metrics2.properties
2019-08-13 04:28:24,203 INFO  impl.MetricsSystemImpl (MetricsSystemImpl.java:startTimer(374)) - Scheduled Metric snapshot period at 10 second(s).
2019-08-13 04:28:24,203 INFO  impl.MetricsSystemImpl (MetricsSystemImpl.java:start(191)) - StorageContainerManager metrics system started
2019-08-13 04:28:24,288 INFO  server.SCMClientProtocolServer (SCMClientProtocolServer.java:start(151)) - RPC server for Client  is listening at /0.0.0.0:40243
2019-08-13 04:28:24,289 INFO  ipc.Server (Server.java:run(1314)) - IPC Server Responder: starting
2019-08-13 04:28:24,289 INFO  ipc.Server (Server.java:run(1153)) - IPC Server listener on 40243: starting
2019-08-13 04:28:24,293 INFO  server.StorageContainerManager (StorageContainerManager.java:start(769)) - ScmBlockLocationProtocol RPC server is listening at /0.0.0.0:41235
2019-08-13 04:28:24,293 INFO  server.SCMBlockProtocolServer (SCMBlockProtocolServer.java:start(140)) - RPC server for Block Protocol is listening at /0.0.0.0:41235
2019-08-13 04:28:24,294 INFO  ipc.Server (Server.java:run(1314)) - IPC Server Responder: starting
2019-08-13 04:28:24,294 INFO  ipc.Server (Server.java:run(1153)) - IPC Server listener on 41235: starting
2019-08-13 04:28:24,296 INFO  server.StorageContainerManager (StorageContainerManager.java:start(773)) - ScmDatanodeProtocl RPC server is listening at /0.0.0.0:37844
2019-08-13 04:28:24,296 INFO  server.SCMDatanodeProtocolServer (SCMDatanodeProtocolServer.java:start(191)) - RPC server for DataNodes is listening at /0.0.0.0:37844
2019-08-13 04:28:24,296 INFO  ipc.Server (Server.java:run(1314)) - IPC Server Responder: starting
2019-08-13 04:28:24,296 INFO  ipc.Server (Server.java:run(1153)) - IPC Server listener on 37844: starting
2019-08-13 04:28:24,301 INFO  http.HttpServer2 (HttpServer2.java:bindListener(1191)) - Jetty bound to port 45592
2019-08-13 04:28:24,301 INFO  server.Server (Server.java:doStart(351)) - jetty-9.3.24.v20180605, build timestamp: 2018-06-05T17:11:56Z, git hash: 84205aa28f11a4f31f2a3b86d1bba2cc8ab69827
2019-08-13 04:28:24,303 INFO  handler.ContextHandler (ContextHandler.java:doStart(781)) - Started o.e.j.s.ServletContextHandler@25bfbb8d{/logs,file:///workdir/hadoop-ozone/integration-test/target/log,AVAILABLE}
2019-08-13 04:28:24,304 INFO  handler.ContextHandler (ContextHandler.java:doStart(781)) - Started o.e.j.s.ServletContextHandler@436470f{/static,file:///workdir/hadoop-ozone/integration-test/target/test-classes/webapps/static,AVAILABLE}
2019-08-13 04:28:24,309 INFO  handler.ContextHandler (ContextHandler.java:doStart(781)) - Started o.e.j.w.WebAppContext@11858421{/,file:///workdir/hadoop-ozone/integration-test/target/test-classes/webapps/scm/,AVAILABLE}{/scm}
2019-08-13 04:28:24,309 INFO  server.AbstractConnector (AbstractConnector.java:doStart(278)) - Started ServerConnector@7128a60e{HTTP/1.1,[http/1.1]}{0.0.0.0:45592}
2019-08-13 04:28:24,311 INFO  server.Server (Server.java:doStart(419)) - Started @40299ms
2019-08-13 04:28:24,312 INFO  server.BaseHttpServer (BaseHttpServer.java:updateConnectorAddress(207)) - HTTP server of SCM is listening at http://0.0.0.0:45592
2019-08-13 04:28:24,313 WARN  server.ServerUtils (ServerUtils.java:getDBPath(222)) - ozone.om.db.dirs is not configured. We recommend adding this setting. Falling back to ozone.metadata.dirs instead.
2019-08-13 04:28:24,314 INFO  util.JvmPauseMonitor (JvmPauseMonitor.java:run(188)) - Starting JVM pause monitor
2019-08-13 04:28:24,328 WARN  server.ServerUtils (ServerUtils.java:getDBPath(222)) - ozone.om.db.dirs is not configured. We recommend adding this setting. Falling back to ozone.metadata.dirs instead.
2019-08-13 04:28:24,328 WARN  server.ServerUtils (ServerUtils.java:getDBPath(222)) - ozone.om.db.dirs is not configured. We recommend adding this setting. Falling back to ozone.metadata.dirs instead.
2019-08-13 04:28:24,329 INFO  om.OzoneManager (OzoneManager.java:setOMNodeDetails(644)) - OM Service ID is not set. Setting it to the default ID: omServiceIdDefault
2019-08-13 04:28:24,329 INFO  om.OzoneManager (OzoneManager.java:setOMNodeDetails(650)) - OM Node ID is not set. Setting it to the OmStorage's OmID: 88151da7-8a15-47cc-a54c-958d7c91e355
2019-08-13 04:28:24,329 INFO  om.OzoneManager (OzoneManager.java:loadOMHAConfigs(601)) - Found matching OM address with OMServiceId: null, OMNodeId: null, RPC Address: localhost:0 and Ratis port: 9872
2019-08-13 04:28:24,336 WARN  server.ServerUtils (ServerUtils.java:getDBPath(222)) - ozone.om.db.dirs is not configured. We recommend adding this setting. Falling back to ozone.metadata.dirs instead.
2019-08-13 04:28:24,337 INFO  db.DBStoreBuilder (DBStoreBuilder.java:addTable(110)) - using custom profile for table: userTable
2019-08-13 04:28:24,337 INFO  db.DBStoreBuilder (DBStoreBuilder.java:processTables(161)) - Using default column profile:DBProfile.DISK for Table:userTable
2019-08-13 04:28:24,337 INFO  db.DBStoreBuilder (DBStoreBuilder.java:addTable(110)) - using custom profile for table: volumeTable
2019-08-13 04:28:24,338 INFO  db.DBStoreBuilder (DBStoreBuilder.java:processTables(161)) - Using default column profile:DBProfile.DISK for Table:volumeTable
2019-08-13 04:28:24,338 INFO  db.DBStoreBuilder (DBStoreBuilder.java:addTable(110)) - using custom profile for table: bucketTable
2019-08-13 04:28:24,338 INFO  db.DBStoreBuilder (DBStoreBuilder.java:processTables(161)) - Using default column profile:DBProfile.DISK for Table:bucketTable
2019-08-13 04:28:24,338 INFO  db.DBStoreBuilder (DBStoreBuilder.java:addTable(110)) - using custom profile for table: keyTable
2019-08-13 04:28:24,338 INFO  db.DBStoreBuilder (DBStoreBuilder.java:processTables(161)) - Using default column profile:DBProfile.DISK for Table:keyTable
2019-08-13 04:28:24,339 INFO  db.DBStoreBuilder (DBStoreBuilder.java:addTable(110)) - using custom profile for table: deletedTable
2019-08-13 04:28:24,339 INFO  db.DBStoreBuilder (DBStoreBuilder.java:processTables(161)) - Using default column profile:DBProfile.DISK for Table:deletedTable
2019-08-13 04:28:24,339 INFO  db.DBStoreBuilder (DBStoreBuilder.java:addTable(110)) - using custom profile for table: openKeyTable
2019-08-13 04:28:24,339 INFO  db.DBStoreBuilder (DBStoreBuilder.java:processTables(161)) - Using default column profile:DBProfile.DISK for Table:openKeyTable
2019-08-13 04:28:24,339 INFO  db.DBStoreBuilder (DBStoreBuilder.java:addTable(110)) - using custom profile for table: s3Table
2019-08-13 04:28:24,339 INFO  db.DBStoreBuilder (DBStoreBuilder.java:processTables(161)) - Using default column profile:DBProfile.DISK for Table:s3Table
2019-08-13 04:28:24,340 INFO  db.DBStoreBuilder (DBStoreBuilder.java:addTable(110)) - using custom profile for table: multipartInfoTable
2019-08-13 04:28:24,340 INFO  db.DBStoreBuilder (DBStoreBuilder.java:processTables(161)) - Using default column profile:DBProfile.DISK for Table:multipartInfoTable
2019-08-13 04:28:24,340 INFO  db.DBStoreBuilder (DBStoreBuilder.java:addTable(110)) - using custom profile for table: dTokenTable
2019-08-13 04:28:24,340 INFO  db.DBStoreBuilder (DBStoreBuilder.java:processTables(161)) - Using default column profile:DBProfile.DISK for Table:dTokenTable
2019-08-13 04:28:24,340 INFO  db.DBStoreBuilder (DBStoreBuilder.java:addTable(110)) - using custom profile for table: s3SecretTable
2019-08-13 04:28:24,340 INFO  db.DBStoreBuilder (DBStoreBuilder.java:processTables(161)) - Using default column profile:DBProfile.DISK for Table:s3SecretTable
2019-08-13 04:28:24,341 INFO  db.DBStoreBuilder (DBStoreBuilder.java:addTable(110)) - using custom profile for table: prefixTable
2019-08-13 04:28:24,341 INFO  db.DBStoreBuilder (DBStoreBuilder.java:processTables(161)) - Using default column profile:DBProfile.DISK for Table:prefixTable
2019-08-13 04:28:24,341 INFO  db.DBStoreBuilder (DBStoreBuilder.java:addTable(110)) - using custom profile for table: default
2019-08-13 04:28:24,341 INFO  db.DBStoreBuilder (DBStoreBuilder.java:processTables(167)) - Using default column profile:DBProfile.DISK for Table:default
2019-08-13 04:28:24,341 INFO  db.DBStoreBuilder (DBStoreBuilder.java:getDbProfile(198)) - Using default options. DBProfile.DISK
2019-08-13 04:28:24,781 INFO  ipc.CallQueueManager (CallQueueManager.java:<init>(84)) - Using callQueue: class java.util.concurrent.LinkedBlockingQueue, queueCapacity: 2000, scheduler: class org.apache.hadoop.ipc.DefaultRpcScheduler, ipcBackoff: false.
2019-08-13 04:28:24,782 INFO  ipc.Server (Server.java:run(1074)) - Starting Socket Reader #1 for port 39228
2019-08-13 04:28:24,810 INFO  om.OzoneManager (OzoneManager.java:start(1255)) - OzoneManager RPC server is listening at localhost/127.0.0.1:39228
2019-08-13 04:28:24,810 INFO  impl.MetricsSystemImpl (MetricsSystemImpl.java:init(158)) - OzoneManager metrics system started (again)
2019-08-13 04:28:24,811 INFO  ipc.Server (Server.java:run(1314)) - IPC Server Responder: starting
2019-08-13 04:28:24,811 INFO  ipc.Server (Server.java:run(1153)) - IPC Server listener on 39228: starting
2019-08-13 04:28:24,818 INFO  hdfs.DFSUtil (DFSUtil.java:httpServerTemplateForNNAndJN(1641)) - Starting Web-server for ozoneManager at: http://0.0.0.0:0
2019-08-13 04:28:24,820 INFO  server.AuthenticationFilter (AuthenticationFilter.java:constructSecretProvider(240)) - Unable to initialize FileSignerSecretProvider, falling back to use random secrets.
2019-08-13 04:28:24,820 WARN  http.HttpRequestLog (HttpRequestLog.java:getRequestLog(97)) - Jetty request log can only be enabled using Log4j
2019-08-13 04:28:24,823 INFO  http.HttpServer2 (HttpServer2.java:addGlobalFilter(975)) - Added global filter 'safety' (class=org.apache.hadoop.http.HttpServer2$QuotingInputFilter)
2019-08-13 04:28:24,823 INFO  http.HttpServer2 (HttpServer2.java:addFilter(948)) - Added filter static_user_filter (class=org.apache.hadoop.http.lib.StaticUserWebFilter$StaticUserFilter) to context ozoneManager
2019-08-13 04:28:24,824 INFO  http.HttpServer2 (HttpServer2.java:addFilter(958)) - Added filter static_user_filter (class=org.apache.hadoop.http.lib.StaticUserWebFilter$StaticUserFilter) to context static
2019-08-13 04:28:24,824 INFO  http.HttpServer2 (HttpServer2.java:addFilter(958)) - Added filter static_user_filter (class=org.apache.hadoop.http.lib.StaticUserWebFilter$StaticUserFilter) to context logs
2019-08-13 04:28:24,825 INFO  http.HttpServer2 (HttpServer2.java:bindListener(1191)) - Jetty bound to port 33187
2019-08-13 04:28:24,825 INFO  server.Server (Server.java:doStart(351)) - jetty-9.3.24.v20180605, build timestamp: 2018-06-05T17:11:56Z, git hash: 84205aa28f11a4f31f2a3b86d1bba2cc8ab69827
2019-08-13 04:28:24,827 INFO  handler.ContextHandler (ContextHandler.java:doStart(781)) - Started o.e.j.s.ServletContextHandler@63736a1d{/logs,file:///workdir/hadoop-ozone/integration-test/target/log,AVAILABLE}
2019-08-13 04:28:24,827 INFO  handler.ContextHandler (ContextHandler.java:doStart(781)) - Started o.e.j.s.ServletContextHandler@50285cfd{/static,file:///workdir/hadoop-ozone/integration-test/target/test-classes/webapps/static,AVAILABLE}
2019-08-13 04:28:24,833 INFO  handler.ContextHandler (ContextHandler.java:doStart(781)) - Started o.e.j.w.WebAppContext@730d00f5{/,file:///workdir/hadoop-ozone/integration-test/target/test-classes/webapps/ozoneManager/,AVAILABLE}{/ozoneManager}
2019-08-13 04:28:24,833 INFO  server.AbstractConnector (AbstractConnector.java:doStart(278)) - Started ServerConnector@1c77b874{HTTP/1.1,[http/1.1]}{0.0.0.0:33187}
2019-08-13 04:28:24,834 INFO  server.Server (Server.java:doStart(419)) - Started @40823ms
2019-08-13 04:28:24,835 INFO  server.BaseHttpServer (BaseHttpServer.java:updateConnectorAddress(207)) - HTTP server of OZONEMANAGER is listening at http://0.0.0.0:33187
2019-08-13 04:28:24,840 INFO  impl.MetricsSystemImpl (MetricsSystemImpl.java:init(158)) - HddsDatanode metrics system started (again)
2019-08-13 04:28:24,845 INFO  ozone.HddsDatanodeService (HddsDatanodeService.java:start(184)) - HddsDatanodeService host:byscane-nightly-fjrtm-1513846620 ip:192.168.157.237
2019-08-13 04:28:24,853 INFO  volume.HddsVolume (HddsVolume.java:<init>(176)) - Creating Volume: /workdir/hadoop-ozone/integration-test/target/test-dir/MiniOzoneClusterImpl-21267a1d-9646-4310-a5e1-26d58c917d18/datanode-0/data/containers/hdds of  storage type : DISK and capacity : 52710309888
2019-08-13 04:28:24,853 INFO  volume.VolumeSet (VolumeSet.java:initializeVolumeSet(170)) - Added Volume : /workdir/hadoop-ozone/integration-test/target/test-dir/MiniOzoneClusterImpl-21267a1d-9646-4310-a5e1-26d58c917d18/datanode-0/data/containers/hdds to VolumeSet
2019-08-13 04:28:24,854 INFO  volume.ThrottledAsyncChecker (ThrottledAsyncChecker.java:schedule(140)) - Scheduling a check for org.apache.hadoop.ozone.container.common.volume.HddsVolume@24562ac5
2019-08-13 04:28:24,855 INFO  volume.HddsVolumeChecker (HddsVolumeChecker.java:checkAllVolumes(203)) - Scheduled health check for volume org.apache.hadoop.ozone.container.common.volume.HddsVolume@24562ac5
2019-08-13 04:28:24,876 INFO  impl.RaftServerProxy (ConfUtils.java:logGet(43)) - raft.rpc.type = GRPC (default)
2019-08-13 04:28:24,877 INFO  grpc.GrpcFactory (GrpcFactory.java:checkPooledByteBufAllocatorUseCacheForAllThreads(45)) - PERFORMANCE WARNING: useCacheForAllThreads is true that may cause Netty to create a lot garbage objects and, as a result, trigger GC.
	It is recommended to disable useCacheForAllThreads by setting -Dorg.apache.ratis.thirdparty.io.netty.allocator.useCacheForAllThreads=false in command line.
2019-08-13 04:28:24,877 INFO  grpc.GrpcConfigKeys$Server (ConfUtils.java:logGet(43)) - raft.grpc.server.port = 0 (default)
2019-08-13 04:28:24,877 INFO  server.GrpcService (ConfUtils.java:logGet(43)) - raft.grpc.message.size.max = 33570816 (custom)
2019-08-13 04:28:24,878 INFO  server.RaftServerConfigKeys (ConfUtils.java:logGet(43)) - raft.server.log.appender.buffer.byte-limit = 33554432 (custom)
2019-08-13 04:28:24,878 INFO  server.GrpcService (ConfUtils.java:logGet(43)) - raft.grpc.flow.control.window = 1MB (=1048576) (default)
2019-08-13 04:28:24,878 INFO  server.RaftServerConfigKeys (ConfUtils.java:logGet(43)) - raft.server.rpc.request.timeout = 3000ms (default)
2019-08-13 04:28:24,879 INFO  server.RaftServerConfigKeys (ConfUtils.java:logGet(43)) - raft.server.storage.dir = [/workdir/hadoop-ozone/integration-test/target/test-dir/MiniOzoneClusterImpl-21267a1d-9646-4310-a5e1-26d58c917d18/datanode-0/data/ratis] (custom)
2019-08-13 04:28:24,880 INFO  replication.SimpleContainerDownloader (SimpleContainerDownloader.java:<init>(72)) - Starting container downloader service to copy containers to replicate.
2019-08-13 04:28:24,882 INFO  hdfs.DFSUtil (DFSUtil.java:httpServerTemplateForNNAndJN(1641)) - Starting Web-server for hddsDatanode at: http://0.0.0.0:0
2019-08-13 04:28:24,885 INFO  server.AuthenticationFilter (AuthenticationFilter.java:constructSecretProvider(240)) - Unable to initialize FileSignerSecretProvider, falling back to use random secrets.
2019-08-13 04:28:24,885 WARN  http.HttpRequestLog (HttpRequestLog.java:getRequestLog(97)) - Jetty request log can only be enabled using Log4j
2019-08-13 04:28:24,888 INFO  http.HttpServer2 (HttpServer2.java:addGlobalFilter(975)) - Added global filter 'safety' (class=org.apache.hadoop.http.HttpServer2$QuotingInputFilter)
2019-08-13 04:28:24,889 INFO  http.HttpServer2 (HttpServer2.java:addFilter(948)) - Added filter static_user_filter (class=org.apache.hadoop.http.lib.StaticUserWebFilter$StaticUserFilter) to context hddsDatanode
2019-08-13 04:28:24,889 INFO  http.HttpServer2 (HttpServer2.java:addFilter(958)) - Added filter static_user_filter (class=org.apache.hadoop.http.lib.StaticUserWebFilter$StaticUserFilter) to context logs
2019-08-13 04:28:24,889 INFO  http.HttpServer2 (HttpServer2.java:addFilter(958)) - Added filter static_user_filter (class=org.apache.hadoop.http.lib.StaticUserWebFilter$StaticUserFilter) to context static
2019-08-13 04:28:24,890 INFO  http.HttpServer2 (HttpServer2.java:bindListener(1191)) - Jetty bound to port 34691
2019-08-13 04:28:24,890 INFO  server.Server (Server.java:doStart(351)) - jetty-9.3.24.v20180605, build timestamp: 2018-06-05T17:11:56Z, git hash: 84205aa28f11a4f31f2a3b86d1bba2cc8ab69827
2019-08-13 04:28:24,892 INFO  handler.ContextHandler (ContextHandler.java:doStart(781)) - Started o.e.j.s.ServletContextHandler@1645a2d1{/logs,file:///workdir/hadoop-ozone/integration-test/target/log,AVAILABLE}
2019-08-13 04:28:24,893 INFO  handler.ContextHandler (ContextHandler.java:doStart(781)) - Started o.e.j.s.ServletContextHandler@4da56e91{/static,jar:file:/home/user/.m2/repository/org/apache/hadoop/hadoop-hdds-container-service/0.4.1-SNAPSHOT/hadoop-hdds-container-service-0.4.1-SNAPSHOT.jar!/webapps/static,AVAILABLE}
2019-08-13 04:28:24,928 INFO  handler.ContextHandler (ContextHandler.java:doStart(781)) - Started o.e.j.w.WebAppContext@6cf4feb6{/,file:///tmp/jetty-0.0.0.0-34691-hddsDatanode-_-any-94759210642542896.dir/webapp/,AVAILABLE}{/hddsDatanode}
2019-08-13 04:28:24,929 INFO  server.AbstractConnector (AbstractConnector.java:doStart(278)) - Started ServerConnector@57fecba3{HTTP/1.1,[http/1.1]}{0.0.0.0:34691}
2019-08-13 04:28:24,930 INFO  server.Server (Server.java:doStart(419)) - Started @40918ms
2019-08-13 04:28:24,931 INFO  server.BaseHttpServer (BaseHttpServer.java:updateConnectorAddress(207)) - HTTP server of HDDSDATANODE is listening at http://0.0.0.0:34691
2019-08-13 04:28:25,106 INFO  ozone.HddsDatanodeService (HddsDatanodeService.java:startPlugins(395)) - Started plug-in org.apache.hadoop.ozone.web.OzoneHddsDatanodeService@3d011cf8
2019-08-13 04:28:25,106 INFO  ozone.MiniOzoneClusterImpl (MiniOzoneClusterImpl.java:lambda$waitForClusterToBeReady$0(142)) - Waiting for cluster to be ready. Got 0 of 1 DN Heartbeats.
2019-08-13 04:28:25,109 INFO  util.JvmPauseMonitor (JvmPauseMonitor.java:run(188)) - Starting JVM pause monitor
2019-08-13 04:28:25,111 INFO  datanode.InitDatanodeState (InitDatanodeState.java:persistContainerDatanodeDetails(140)) - DatanodeDetails is persisted to /workdir/hadoop-ozone/integration-test/target/test-dir/MiniOzoneClusterImpl-21267a1d-9646-4310-a5e1-26d58c917d18/datanode-0/meta/datanode.id
2019-08-13 04:28:26,108 INFO  ozone.MiniOzoneClusterImpl (MiniOzoneClusterImpl.java:lambda$waitForClusterToBeReady$0(142)) - Waiting for cluster to be ready. Got 0 of 1 DN Heartbeats.
2019-08-13 04:28:27,109 INFO  ozone.MiniOzoneClusterImpl (MiniOzoneClusterImpl.java:lambda$waitForClusterToBeReady$0(142)) - Waiting for cluster to be ready. Got 0 of 1 DN Heartbeats.
2019-08-13 04:28:27,128 INFO  ozoneimpl.OzoneContainer (OzoneContainer.java:start(186)) - Attempting to start container services.
2019-08-13 04:28:27,130 INFO  ozoneimpl.OzoneContainer (OzoneContainer.java:startContainerScrub(160)) - Background container scrubber has been disabled by hdds.containerscrub.enabled
2019-08-13 04:28:27,130 INFO  ratis.XceiverServerRatis (XceiverServerRatis.java:start(404)) - Starting XceiverServerRatis bae8ca41-57b9-4b72-bba7-1f2c2040fbb0 at port 0
2019-08-13 04:28:27,142 INFO  impl.RaftServerProxy (RaftServerProxy.java:lambda$start$3(299)) - bae8ca41-57b9-4b72-bba7-1f2c2040fbb0: start RPC server
2019-08-13 04:28:27,145 INFO  server.GrpcService (GrpcService.java:startImpl(149)) - bae8ca41-57b9-4b72-bba7-1f2c2040fbb0: GrpcService started, listening on 0.0.0.0/0.0.0.0:44182
2019-08-13 04:28:27,145 INFO  ratis.XceiverServerRatis (XceiverServerRatis.java:start(414)) - XceiverServerRatis bae8ca41-57b9-4b72-bba7-1f2c2040fbb0 is started using port 44182
2019-08-13 04:28:27,149 INFO  server.XceiverServerGrpc (XceiverServerGrpc.java:start(161)) - XceiverServerGrpc bae8ca41-57b9-4b72-bba7-1f2c2040fbb0 is started using port 38042
2019-08-13 04:28:28,109 INFO  ozone.MiniOzoneClusterImpl (MiniOzoneClusterImpl.java:lambda$waitForClusterToBeReady$0(142)) - Waiting for cluster to be ready. Got 0 of 1 DN Heartbeats.
2019-08-13 04:28:29,109 INFO  ozone.MiniOzoneClusterImpl (MiniOzoneClusterImpl.java:lambda$waitForClusterToBeReady$0(142)) - Waiting for cluster to be ready. Got 0 of 1 DN Heartbeats.
2019-08-13 04:28:29,113 INFO  net.NetworkTopology (NetworkTopologyImpl.java:add(110)) - Added a new node: /default-rack/bae8ca41-57b9-4b72-bba7-1f2c2040fbb0
2019-08-13 04:28:29,115 INFO  node.SCMNodeManager (SCMNodeManager.java:register(273)) - Registered Data node : bae8ca41-57b9-4b72-bba7-1f2c2040fbb0{ip: 192.168.157.237, host: byscane-nightly-fjrtm-1513846620, networkLocation: /default-rack, certSerialId: null}
2019-08-13 04:28:29,120 INFO  safemode.SCMSafeModeManager (DataNodeSafeModeRule.java:process(71)) - SCM in safe mode. 1 DataNodes registered, 1 required.
2019-08-13 04:28:29,122 INFO  safemode.SCMSafeModeManager (SCMSafeModeManager.java:validateSafeModeExitRules(177)) - ScmSafeModeManager, all rules are successfully validated
2019-08-13 04:28:29,122 INFO  safemode.SCMSafeModeManager (SCMSafeModeManager.java:exitSafeMode(193)) - SCM exiting safe mode.
2019-08-13 04:28:29,149 INFO  impl.RaftServerProxy (RaftServerProxy.java:addNew(89)) - bae8ca41-57b9-4b72-bba7-1f2c2040fbb0: addNew group-1A9BFDA530FD:[bae8ca41-57b9-4b72-bba7-1f2c2040fbb0:192.168.157.237:44182] returns group-1A9BFDA530FD:java.util.concurrent.CompletableFuture@554d5cca[Not completed]
2019-08-13 04:28:29,151 INFO  impl.RaftServerImpl (RaftServerImpl.java:<init>(93)) - bae8ca41-57b9-4b72-bba7-1f2c2040fbb0: new RaftServerImpl for group-1A9BFDA530FD:[bae8ca41-57b9-4b72-bba7-1f2c2040fbb0:192.168.157.237:44182] with ContainerStateMachine:uninitialized
2019-08-13 04:28:29,154 INFO  server.RaftServerConfigKeys (ConfUtils.java:logGet(43)) - raft.server.rpc.timeout.min = 5s (custom)
2019-08-13 04:28:29,155 INFO  server.RaftServerConfigKeys (ConfUtils.java:logGet(43)) - raft.server.rpc.timeout.max = 5200ms (custom)
2019-08-13 04:28:29,155 INFO  server.RaftServerConfigKeys (ConfUtils.java:logGet(43)) - raft.server.rpcslowness.timeout = 120s (custom)
2019-08-13 04:28:29,155 INFO  server.RaftServerConfigKeys (ConfUtils.java:logGet(43)) - raft.server.sleep.deviation.threshold = 300 (default)
2019-08-13 04:28:29,155 INFO  server.RaftServerConfigKeys (ConfUtils.java:logGet(43)) - raft.server.log.appender.install.snapshot.enabled = false (custom)
2019-08-13 04:28:29,155 INFO  impl.RaftServerImpl (ServerState.java:<init>(105)) - bae8ca41-57b9-4b72-bba7-1f2c2040fbb0:group-1A9BFDA530FD ConfigurationManager, init=-1: [bae8ca41-57b9-4b72-bba7-1f2c2040fbb0:192.168.157.237:44182], old=null, confs=<EMPTY_MAP>
2019-08-13 04:28:29,155 INFO  server.RaftServerConfigKeys (ConfUtils.java:logGet(43)) - raft.server.storage.dir = [/workdir/hadoop-ozone/integration-test/target/test-dir/MiniOzoneClusterImpl-21267a1d-9646-4310-a5e1-26d58c917d18/datanode-0/data/ratis] (custom)
2019-08-13 04:28:29,156 INFO  storage.RaftStorageDirectory (RaftStorageDirectory.java:analyzeStorage(246)) - The storage directory /workdir/hadoop-ozone/integration-test/target/test-dir/MiniOzoneClusterImpl-21267a1d-9646-4310-a5e1-26d58c917d18/datanode-0/data/ratis/0372dbed-edbc-4941-8b1f-1a9bfda530fd does not exist. Creating ...
2019-08-13 04:28:29,169 INFO  storage.RaftStorageDirectory (RaftStorageDirectory.java:tryLock(328)) - Lock on /workdir/hadoop-ozone/integration-test/target/test-dir/MiniOzoneClusterImpl-21267a1d-9646-4310-a5e1-26d58c917d18/datanode-0/data/ratis/0372dbed-edbc-4941-8b1f-1a9bfda530fd/in_use.lock acquired by nodename 27072@byscane-nightly-fjrtm-1513846620
2019-08-13 04:28:29,182 INFO  storage.RaftStorage (RaftStorage.java:format(72)) - Storage directory /workdir/hadoop-ozone/integration-test/target/test-dir/MiniOzoneClusterImpl-21267a1d-9646-4310-a5e1-26d58c917d18/datanode-0/data/ratis/0372dbed-edbc-4941-8b1f-1a9bfda530fd has been successfully formatted.
2019-08-13 04:28:29,183 INFO  ratis.ContainerStateMachine (ContainerStateMachine.java:loadSnapshot(213)) - group-1A9BFDA530FD: The snapshot info is null. Setting the last applied indexto:(t:0, i:~)
2019-08-13 04:28:29,183 INFO  server.RaftServerConfigKeys (ConfUtils.java:logGet(43)) - raft.server.leader.election.timeout = 120s (custom)
2019-08-13 04:28:29,183 INFO  server.RaftServerConfigKeys (ConfUtils.java:logGet(43)) - raft.server.log.use.memory = false (default)
2019-08-13 04:28:29,183 INFO  server.RaftServerConfigKeys (ConfUtils.java:logGet(43)) - raft.server.log.purge.gap = 1000000000 (custom)
2019-08-13 04:28:29,183 INFO  server.RaftServerConfigKeys (ConfUtils.java:logGet(43)) - raft.server.log.appender.buffer.byte-limit = 33554432 (custom)
2019-08-13 04:28:29,183 INFO  server.RaftServerConfigKeys (ConfUtils.java:logGet(43)) - raft.server.log.segment.size.max = 1048576 (custom)
2019-08-13 04:28:29,184 INFO  server.RaftServerConfigKeys (ConfUtils.java:logGet(43)) - raft.server.log.segment.cache.num.max = 2 (custom)
2019-08-13 04:28:29,184 INFO  segmented.SegmentedRaftLogWorker (SegmentedRaftLogWorker.java:<init>(172)) - new bae8ca41-57b9-4b72-bba7-1f2c2040fbb0-SegmentedRaftLogWorker:Storage Directory /workdir/hadoop-ozone/integration-test/target/test-dir/MiniOzoneClusterImpl-21267a1d-9646-4310-a5e1-26d58c917d18/datanode-0/data/ratis/0372dbed-edbc-4941-8b1f-1a9bfda530fd for RaftStorage:Storage Directory /workdir/hadoop-ozone/integration-test/target/test-dir/MiniOzoneClusterImpl-21267a1d-9646-4310-a5e1-26d58c917d18/datanode-0/data/ratis/0372dbed-edbc-4941-8b1f-1a9bfda530fd
2019-08-13 04:28:29,184 INFO  server.RaftServerConfigKeys (ConfUtils.java:logGet(43)) - raft.server.log.queue.byte-limit = 2147483647 (custom)
2019-08-13 04:28:29,184 INFO  server.RaftServerConfigKeys (ConfUtils.java:logGet(43)) - raft.server.log.queue.element-limit = 1024 (custom)
2019-08-13 04:28:29,184 INFO  server.RaftServerConfigKeys (ConfUtils.java:logGet(43)) - raft.server.log.segment.size.max = 1048576 (custom)
2019-08-13 04:28:29,185 INFO  server.RaftServerConfigKeys (ConfUtils.java:logGet(43)) - raft.server.log.preallocated.size = 16384 (custom)
2019-08-13 04:28:29,185 INFO  server.RaftServerConfigKeys (ConfUtils.java:logGet(43)) - raft.server.log.write.buffer.size = 33554432 (custom)
2019-08-13 04:28:29,185 INFO  server.RaftServerConfigKeys (ConfUtils.java:logGet(43)) - raft.server.log.force.sync.num = 128 (default)
2019-08-13 04:28:29,185 INFO  server.RaftServerConfigKeys (ConfUtils.java:logGet(43)) - raft.server.log.statemachine.data.sync = true (default)
2019-08-13 04:28:29,185 INFO  server.RaftServerConfigKeys (ConfUtils.java:logGet(43)) - raft.server.log.statemachine.data.sync.timeout = 10s (default)
2019-08-13 04:28:29,185 INFO  server.RaftServerConfigKeys (ConfUtils.java:logGet(43)) - raft.server.log.statemachine.data.sync.timeout.retry = -1 (default)
2019-08-13 04:28:29,185 INFO  server.RaftServerConfigKeys (ConfUtils.java:logGet(43)) - raft.server.log.statemachine.data.caching.enabled = true (custom)
2019-08-13 04:28:29,186 INFO  segmented.SegmentedRaftLogWorker (SegmentedRaftLogWorker.java:lambda$new$0(132)) - bae8ca41-57b9-4b72-bba7-1f2c2040fbb0-SegmentedRaftLogWorker:Storage Directory /workdir/hadoop-ozone/integration-test/target/test-dir/MiniOzoneClusterImpl-21267a1d-9646-4310-a5e1-26d58c917d18/datanode-0/data/ratis/0372dbed-edbc-4941-8b1f-1a9bfda530fd: flushIndex: setUnconditionally 0 -> -1
2019-08-13 04:28:29,186 INFO  server.RaftServerConfigKeys (ConfUtils.java:logGet(43)) - raft.server.snapshot.auto.trigger.enabled = true (custom)
2019-08-13 04:28:29,186 INFO  server.RaftServerConfigKeys (ConfUtils.java:logGet(43)) - raft.server.snapshot.auto.trigger.threshold = 10000 (custom)
2019-08-13 04:28:29,187 INFO  server.RaftServerConfigKeys (ConfUtils.java:logGet(43)) - raft.server.retrycache.expirytime = 600000ms (custom)
2019-08-13 04:28:29,187 INFO  impl.RaftServerImpl (RaftServerImpl.java:start(180)) - bae8ca41-57b9-4b72-bba7-1f2c2040fbb0: start group-1A9BFDA530FD
2019-08-13 04:28:29,187 INFO  impl.RaftServerImpl (RaftServerImpl.java:setRole(171)) - bae8ca41-57b9-4b72-bba7-1f2c2040fbb0:group-1A9BFDA530FD changes role from null to FOLLOWER at term 0 for startAsFollower
2019-08-13 04:28:29,187 INFO  impl.RoleInfo (RoleInfo.java:updateAndGet(143)) - bae8ca41-57b9-4b72-bba7-1f2c2040fbb0: start FollowerState
2019-08-13 04:28:29,188 INFO  util.JmxRegister (JmxRegister.java:tryRegister(44)) - Successfully registered JMX Bean with object name Ratis:service=RaftServer,group=group-1A9BFDA530FD,id=bae8ca41-57b9-4b72-bba7-1f2c2040fbb0
2019-08-13 04:28:29,195 INFO  pipeline.PipelineStateManager (PipelineStateManager.java:addPipeline(56)) - Created pipeline Pipeline[ Id: 0372dbed-edbc-4941-8b1f-1a9bfda530fd, Nodes: bae8ca41-57b9-4b72-bba7-1f2c2040fbb0{ip: 192.168.157.237, host: byscane-nightly-fjrtm-1513846620, networkLocation: /default-rack, certSerialId: null}, Type:RATIS, Factor:ONE, State:OPEN]
2019-08-13 04:28:30,110 INFO  ozone.MiniOzoneClusterImpl (MiniOzoneClusterImpl.java:lambda$waitForClusterToBeReady$0(142)) - Cluster is ready. Got 1 of 1 DN Heartbeats.
2019-08-13 04:28:30,378 INFO  pipeline.PipelineStateManager (PipelineStateManager.java:addPipeline(56)) - Created pipeline Pipeline[ Id: 963d5606-d634-4289-a170-092ee3ae2573, Nodes: bae8ca41-57b9-4b72-bba7-1f2c2040fbb0{ip: 192.168.157.237, host: byscane-nightly-fjrtm-1513846620, networkLocation: /default-rack, certSerialId: null}, Type:STAND_ALONE, Factor:ONE, State:OPEN]
2019-08-13 04:28:30,918 INFO  keyvalue.KeyValueHandler (ContainerUtils.java:logAndReturnError(146)) - Operation: CreateContainer : Trace ID: 223357cd7b659f61:223357cd7b659f61:0:0 : Message: Container creation failed, due to disk out of space : Result: DISK_OUT_OF_SPACE
04:28:30.920 [grpc-default-executor-1] ERROR DNAudit - user=null | ip=null | op=WRITE_CHUNK {blockData=conID: 6 locID: 102607782602997793 bcsId: 0} | ret=FAILURE
org.apache.hadoop.hdds.scm.container.common.helpers.StorageContainerException: ContainerID 6 creation failed
	at org.apache.hadoop.ozone.container.common.impl.HddsDispatcher.dispatchRequest(HddsDispatcher.java:227) [hadoop-hdds-container-service-0.4.1-SNAPSHOT.jar:?]
	at org.apache.hadoop.ozone.container.common.impl.HddsDispatcher.dispatch(HddsDispatcher.java:148) [hadoop-hdds-container-service-0.4.1-SNAPSHOT.jar:?]
	at org.apache.hadoop.ozone.container.common.transport.server.GrpcXceiverService$1.onNext(GrpcXceiverService.java:73) [hadoop-hdds-container-service-0.4.1-SNAPSHOT.jar:?]
	at org.apache.hadoop.ozone.container.common.transport.server.GrpcXceiverService$1.onNext(GrpcXceiverService.java:61) [hadoop-hdds-container-service-0.4.1-SNAPSHOT.jar:?]
	at org.apache.ratis.thirdparty.io.grpc.stub.ServerCalls$StreamingServerCallHandler$StreamingServerCallListener.onMessage(ServerCalls.java:248) [ratis-thirdparty-misc-0.2.0.jar:0.2.0]
	at org.apache.ratis.thirdparty.io.grpc.ForwardingServerCallListener.onMessage(ForwardingServerCallListener.java:33) [ratis-thirdparty-misc-0.2.0.jar:0.2.0]
	at org.apache.ratis.thirdparty.io.grpc.Contexts$ContextualizedServerCallListener.onMessage(Contexts.java:76) [ratis-thirdparty-misc-0.2.0.jar:0.2.0]
	at org.apache.ratis.thirdparty.io.grpc.ForwardingServerCallListener.onMessage(ForwardingServerCallListener.java:33) [ratis-thirdparty-misc-0.2.0.jar:0.2.0]
	at org.apache.hadoop.hdds.tracing.GrpcServerInterceptor$1.onMessage(GrpcServerInterceptor.java:46) [hadoop-hdds-common-0.4.1-SNAPSHOT.jar:?]
	at org.apache.ratis.thirdparty.io.grpc.internal.ServerCallImpl$ServerStreamListenerImpl.messagesAvailable(ServerCallImpl.java:263) [ratis-thirdparty-misc-0.2.0.jar:0.2.0]
	at org.apache.ratis.thirdparty.io.grpc.internal.ServerImpl$JumpToApplicationThreadServerStreamListener$1MessagesAvailable.runInContext(ServerImpl.java:686) [ratis-thirdparty-misc-0.2.0.jar:0.2.0]
	at org.apache.ratis.thirdparty.io.grpc.internal.ContextRunnable.run(ContextRunnable.java:37) [ratis-thirdparty-misc-0.2.0.jar:0.2.0]
	at org.apache.ratis.thirdparty.io.grpc.internal.SerializingExecutor.run(SerializingExecutor.java:123) [ratis-thirdparty-misc-0.2.0.jar:0.2.0]
	at java.util.concurrent.ThreadPoolExecutor.runWorker(ThreadPoolExecutor.java:1149) [?:1.8.0_212]
	at java.util.concurrent.ThreadPoolExecutor$Worker.run(ThreadPoolExecutor.java:624) [?:1.8.0_212]
	at java.lang.Thread.run(Thread.java:748) [?:1.8.0_212]
2019-08-13 04:28:30,921 INFO  impl.HddsDispatcher (ContainerUtils.java:logAndReturnError(146)) - Operation: WriteChunk : Trace ID: 223357cd7b659f61:223357cd7b659f61:0:0 : Message: ContainerID 6 creation failed : Result: DISK_OUT_OF_SPACE
2019-08-13 04:28:30,924 ERROR storage.BlockOutputStream (BlockOutputStream.java:validateResponse(531)) - Unexpected Storage Container Exception: 
org.apache.hadoop.hdds.scm.container.common.helpers.StorageContainerException: ContainerID 6 creation failed
	at org.apache.hadoop.hdds.scm.storage.ContainerProtocolCalls.validateContainerResponse(ContainerProtocolCalls.java:536)
	at org.apache.hadoop.hdds.scm.storage.BlockOutputStream.validateResponse(BlockOutputStream.java:529)
	at org.apache.hadoop.hdds.scm.storage.BlockOutputStream.lambda$writeChunkToContainer$2(BlockOutputStream.java:606)
	at java.util.concurrent.CompletableFuture.uniApply(CompletableFuture.java:602)
	at java.util.concurrent.CompletableFuture$UniApply.tryFire(CompletableFuture.java:577)
	at java.util.concurrent.CompletableFuture$Completion.run(CompletableFuture.java:442)
	at java.util.concurrent.ThreadPoolExecutor.runWorker(ThreadPoolExecutor.java:1149)
	at java.util.concurrent.ThreadPoolExecutor$Worker.run(ThreadPoolExecutor.java:624)
	at java.lang.Thread.run(Thread.java:748)
04:28:30.927 [grpc-default-executor-1] ERROR DNAudit - user=null | ip=null | op=PUT_BLOCK {blockData=[blockId=conID: 6 locID: 102607782602997793 bcsId: 0,size=5]} | ret=FAILURE
org.apache.hadoop.hdds.scm.container.common.helpers.StorageContainerException: ContainerID 6 does not exist
	at org.apache.hadoop.ozone.container.common.impl.HddsDispatcher.dispatchRequest(HddsDispatcher.java:242) [hadoop-hdds-container-service-0.4.1-SNAPSHOT.jar:?]
	at org.apache.hadoop.ozone.container.common.impl.HddsDispatcher.dispatch(HddsDispatcher.java:148) [hadoop-hdds-container-service-0.4.1-SNAPSHOT.jar:?]
	at org.apache.hadoop.ozone.container.common.transport.server.GrpcXceiverService$1.onNext(GrpcXceiverService.java:73) [hadoop-hdds-container-service-0.4.1-SNAPSHOT.jar:?]
	at org.apache.hadoop.ozone.container.common.transport.server.GrpcXceiverService$1.onNext(GrpcXceiverService.java:61) [hadoop-hdds-container-service-0.4.1-SNAPSHOT.jar:?]
	at org.apache.ratis.thirdparty.io.grpc.stub.ServerCalls$StreamingServerCallHandler$StreamingServerCallListener.onMessage(ServerCalls.java:248) [ratis-thirdparty-misc-0.2.0.jar:0.2.0]
	at org.apache.ratis.thirdparty.io.grpc.ForwardingServerCallListener.onMessage(ForwardingServerCallListener.java:33) [ratis-thirdparty-misc-0.2.0.jar:0.2.0]
	at org.apache.ratis.thirdparty.io.grpc.Contexts$ContextualizedServerCallListener.onMessage(Contexts.java:76) [ratis-thirdparty-misc-0.2.0.jar:0.2.0]
	at org.apache.ratis.thirdparty.io.grpc.ForwardingServerCallListener.onMessage(ForwardingServerCallListener.java:33) [ratis-thirdparty-misc-0.2.0.jar:0.2.0]
	at org.apache.hadoop.hdds.tracing.GrpcServerInterceptor$1.onMessage(GrpcServerInterceptor.java:46) [hadoop-hdds-common-0.4.1-SNAPSHOT.jar:?]
	at org.apache.ratis.thirdparty.io.grpc.internal.ServerCallImpl$ServerStreamListenerImpl.messagesAvailable(ServerCallImpl.java:263) [ratis-thirdparty-misc-0.2.0.jar:0.2.0]
	at org.apache.ratis.thirdparty.io.grpc.internal.ServerImpl$JumpToApplicationThreadServerStreamListener$1MessagesAvailable.runInContext(ServerImpl.java:686) [ratis-thirdparty-misc-0.2.0.jar:0.2.0]
	at org.apache.ratis.thirdparty.io.grpc.internal.ContextRunnable.run(ContextRunnable.java:37) [ratis-thirdparty-misc-0.2.0.jar:0.2.0]
	at org.apache.ratis.thirdparty.io.grpc.internal.SerializingExecutor.run(SerializingExecutor.java:123) [ratis-thirdparty-misc-0.2.0.jar:0.2.0]
	at java.util.concurrent.ThreadPoolExecutor.runWorker(ThreadPoolExecutor.java:1149) [?:1.8.0_212]
	at java.util.concurrent.ThreadPoolExecutor$Worker.run(ThreadPoolExecutor.java:624) [?:1.8.0_212]
	at java.lang.Thread.run(Thread.java:748) [?:1.8.0_212]
2019-08-13 04:28:30,928 INFO  impl.HddsDispatcher (ContainerUtils.java:logAndReturnError(146)) - Operation: PutBlock : Trace ID: 4a893dd7b051f9d9:4a893dd7b051f9d9:0:0 : Message: ContainerID 6 does not exist : Result: CONTAINER_NOT_FOUND
]]></system-out>
    <system-err><![CDATA[Aug 13, 2019 4:28:24 AM com.sun.jersey.server.impl.application.WebApplicationImpl _initiate
INFO: Initiating Jersey application, version 'Jersey: 1.19 02/11/2015 03:25 AM'
Aug 13, 2019 4:28:30 AM com.sun.jersey.server.impl.application.WebApplicationImpl _initiate
INFO: Initiating Jersey application, version 'Jersey: 1.19 02/11/2015 03:25 AM'
Aug 13, 2019 4:28:30 AM org.apache.ratis.thirdparty.io.grpc.internal.ManagedChannelOrphanWrapper$ManagedChannelReference cleanQueue
SEVERE: *~*~*~ Channel ManagedChannelImpl{logId=12, target=192.168.157.237:33216} was not shutdown properly!!! ~*~*~*
    Make sure to call shutdown()/shutdownNow() and wait until awaitTermination() returns true.
java.lang.RuntimeException: ManagedChannel allocation site
	at org.apache.ratis.thirdparty.io.grpc.internal.ManagedChannelOrphanWrapper$ManagedChannelReference.<init>(ManagedChannelOrphanWrapper.java:103)
	at org.apache.ratis.thirdparty.io.grpc.internal.ManagedChannelOrphanWrapper.<init>(ManagedChannelOrphanWrapper.java:53)
	at org.apache.ratis.thirdparty.io.grpc.internal.ManagedChannelOrphanWrapper.<init>(ManagedChannelOrphanWrapper.java:44)
	at org.apache.ratis.thirdparty.io.grpc.internal.AbstractManagedChannelImplBuilder.build(AbstractManagedChannelImplBuilder.java:411)
	at org.apache.hadoop.hdds.scm.XceiverClientGrpc.connectToDatanode(XceiverClientGrpc.java:174)
	at org.apache.hadoop.hdds.scm.XceiverClientGrpc.reconnect(XceiverClientGrpc.java:422)
	at org.apache.hadoop.hdds.scm.XceiverClientGrpc.sendCommandAsync(XceiverClientGrpc.java:371)
	at org.apache.hadoop.hdds.scm.XceiverClientGrpc.sendCommandAsync(XceiverClientGrpc.java:346)
	at org.apache.hadoop.hdds.scm.storage.ContainerProtocolCalls.writeChunkAsync(ContainerProtocolCalls.java:310)
	at org.apache.hadoop.hdds.scm.storage.BlockOutputStream.writeChunkToContainer(BlockOutputStream.java:601)
	at org.apache.hadoop.hdds.scm.storage.BlockOutputStream.writeChunk(BlockOutputStream.java:459)
	at org.apache.hadoop.hdds.scm.storage.BlockOutputStream.handleFlush(BlockOutputStream.java:470)
	at org.apache.hadoop.hdds.scm.storage.BlockOutputStream.close(BlockOutputStream.java:493)
	at org.apache.hadoop.ozone.client.io.BlockOutputStreamEntry.close(BlockOutputStreamEntry.java:143)
	at org.apache.hadoop.ozone.client.io.KeyOutputStream.handleFlushOrClose(KeyOutputStream.java:434)
	at org.apache.hadoop.ozone.client.io.KeyOutputStream.close(KeyOutputStream.java:472)
	at org.apache.hadoop.ozone.client.io.OzoneOutputStream.close(OzoneOutputStream.java:60)
	at org.apache.hadoop.ozone.TestStorageContainerManagerHelper.createKeys(TestStorageContainerManagerHelper.java:102)
	at org.apache.hadoop.ozone.TestStorageContainerManager.testBlockDeletionTransactions(TestStorageContainerManager.java:249)
	at sun.reflect.NativeMethodAccessorImpl.invoke0(Native Method)
	at sun.reflect.NativeMethodAccessorImpl.invoke(NativeMethodAccessorImpl.java:62)
	at sun.reflect.DelegatingMethodAccessorImpl.invoke(DelegatingMethodAccessorImpl.java:43)
	at java.lang.reflect.Method.invoke(Method.java:498)
	at org.junit.runners.model.FrameworkMethod$1.runReflectiveCall(FrameworkMethod.java:47)
	at org.junit.internal.runners.model.ReflectiveCallable.run(ReflectiveCallable.java:12)
	at org.junit.runners.model.FrameworkMethod.invokeExplosively(FrameworkMethod.java:44)
	at org.junit.internal.runners.statements.InvokeMethod.evaluate(InvokeMethod.java:17)
	at org.junit.internal.runners.statements.FailOnTimeout$StatementThread.run(FailOnTimeout.java:74)

Aug 13, 2019 4:28:30 AM org.apache.ratis.thirdparty.io.grpc.internal.ManagedChannelOrphanWrapper$ManagedChannelReference cleanQueue
SEVERE: *~*~*~ Channel ManagedChannelImpl{logId=28, target=192.168.157.237:36758} was not shutdown properly!!! ~*~*~*
    Make sure to call shutdown()/shutdownNow() and wait until awaitTermination() returns true.
java.lang.RuntimeException: ManagedChannel allocation site
	at org.apache.ratis.thirdparty.io.grpc.internal.ManagedChannelOrphanWrapper$ManagedChannelReference.<init>(ManagedChannelOrphanWrapper.java:103)
	at org.apache.ratis.thirdparty.io.grpc.internal.ManagedChannelOrphanWrapper.<init>(ManagedChannelOrphanWrapper.java:53)
	at org.apache.ratis.thirdparty.io.grpc.internal.ManagedChannelOrphanWrapper.<init>(ManagedChannelOrphanWrapper.java:44)
	at org.apache.ratis.thirdparty.io.grpc.internal.AbstractManagedChannelImplBuilder.build(AbstractManagedChannelImplBuilder.java:411)
	at org.apache.hadoop.hdds.scm.XceiverClientGrpc.connectToDatanode(XceiverClientGrpc.java:174)
	at org.apache.hadoop.hdds.scm.XceiverClientGrpc.reconnect(XceiverClientGrpc.java:422)
	at org.apache.hadoop.hdds.scm.XceiverClientGrpc.sendCommandAsync(XceiverClientGrpc.java:371)
	at org.apache.hadoop.hdds.scm.XceiverClientGrpc.sendCommandAsync(XceiverClientGrpc.java:346)
	at org.apache.hadoop.hdds.scm.storage.ContainerProtocolCalls.writeChunkAsync(ContainerProtocolCalls.java:310)
	at org.apache.hadoop.hdds.scm.storage.BlockOutputStream.writeChunkToContainer(BlockOutputStream.java:601)
	at org.apache.hadoop.hdds.scm.storage.BlockOutputStream.writeChunk(BlockOutputStream.java:459)
	at org.apache.hadoop.hdds.scm.storage.BlockOutputStream.handleFlush(BlockOutputStream.java:470)
	at org.apache.hadoop.hdds.scm.storage.BlockOutputStream.close(BlockOutputStream.java:493)
	at org.apache.hadoop.ozone.client.io.BlockOutputStreamEntry.close(BlockOutputStreamEntry.java:143)
	at org.apache.hadoop.ozone.client.io.KeyOutputStream.handleFlushOrClose(KeyOutputStream.java:434)
	at org.apache.hadoop.ozone.client.io.KeyOutputStream.close(KeyOutputStream.java:472)
	at org.apache.hadoop.ozone.client.io.OzoneOutputStream.close(OzoneOutputStream.java:60)
	at org.apache.hadoop.ozone.TestStorageContainerManagerHelper.createKeys(TestStorageContainerManagerHelper.java:102)
	at org.apache.hadoop.ozone.TestStorageContainerManager.testBlockDeletingThrottling(TestStorageContainerManager.java:338)
	at sun.reflect.NativeMethodAccessorImpl.invoke0(Native Method)
	at sun.reflect.NativeMethodAccessorImpl.invoke(NativeMethodAccessorImpl.java:62)
	at sun.reflect.DelegatingMethodAccessorImpl.invoke(DelegatingMethodAccessorImpl.java:43)
	at java.lang.reflect.Method.invoke(Method.java:498)
	at org.junit.runners.model.FrameworkMethod$1.runReflectiveCall(FrameworkMethod.java:47)
	at org.junit.internal.runners.model.ReflectiveCallable.run(ReflectiveCallable.java:12)
	at org.junit.runners.model.FrameworkMethod.invokeExplosively(FrameworkMethod.java:44)
	at org.junit.internal.runners.statements.InvokeMethod.evaluate(InvokeMethod.java:17)
	at org.junit.internal.runners.statements.FailOnTimeout$StatementThread.run(FailOnTimeout.java:74)

]]></system-err>
  </testcase>
  <testcase name="testRpcPermission" classname="org.apache.hadoop.ozone.TestStorageContainerManager" time="32.301"/>
  <testcase name="testSCMInitializationFailure" classname="org.apache.hadoop.ozone.TestStorageContainerManager" time="0.029"/>
  <testcase name="testSCMInitialization" classname="org.apache.hadoop.ozone.TestStorageContainerManager" time="0.037"/>
  <testcase name="testScmProcessDatanodeHeartbeat" classname="org.apache.hadoop.ozone.TestStorageContainerManager" time="29.008">
    <failure type="java.lang.AssertionError">java.lang.AssertionError
	at org.junit.Assert.fail(Assert.java:86)
	at org.junit.Assert.assertTrue(Assert.java:41)
	at org.junit.Assert.assertTrue(Assert.java:52)
	at org.apache.hadoop.ozone.TestStorageContainerManager.testScmProcessDatanodeHeartbeat(TestStorageContainerManager.java:531)
	at sun.reflect.NativeMethodAccessorImpl.invoke0(Native Method)
	at sun.reflect.NativeMethodAccessorImpl.invoke(NativeMethodAccessorImpl.java:62)
	at sun.reflect.DelegatingMethodAccessorImpl.invoke(DelegatingMethodAccessorImpl.java:43)
	at java.lang.reflect.Method.invoke(Method.java:498)
	at org.junit.runners.model.FrameworkMethod$1.runReflectiveCall(FrameworkMethod.java:47)
	at org.junit.internal.runners.model.ReflectiveCallable.run(ReflectiveCallable.java:12)
	at org.junit.runners.model.FrameworkMethod.invokeExplosively(FrameworkMethod.java:44)
	at org.junit.internal.runners.statements.InvokeMethod.evaluate(InvokeMethod.java:17)
	at org.junit.internal.runners.statements.FailOnTimeout$StatementThread.run(FailOnTimeout.java:74)
</failure>
    <system-out><![CDATA[2019-08-13 04:29:03,317 WARN  server.ServerUtils (ServerUtils.java:getScmDbDir(145)) - ozone.scm.db.dirs is not configured. We recommend adding this setting. Falling back to ozone.metadata.dirs instead.
2019-08-13 04:29:03,331 WARN  server.ServerUtils (ServerUtils.java:getScmDbDir(145)) - ozone.scm.db.dirs is not configured. We recommend adding this setting. Falling back to ozone.metadata.dirs instead.
2019-08-13 04:29:03,331 WARN  server.ServerUtils (ServerUtils.java:getScmDbDir(145)) - ozone.scm.db.dirs is not configured. We recommend adding this setting. Falling back to ozone.metadata.dirs instead.
2019-08-13 04:29:03,332 INFO  db.DBStoreBuilder (DBStoreBuilder.java:addTable(110)) - using custom profile for table: deletedBlocks
2019-08-13 04:29:03,332 INFO  db.DBStoreBuilder (DBStoreBuilder.java:processTables(161)) - Using default column profile:DBProfile.DISK for Table:deletedBlocks
2019-08-13 04:29:03,332 INFO  db.DBStoreBuilder (DBStoreBuilder.java:addTable(110)) - using custom profile for table: validCerts
2019-08-13 04:29:03,332 INFO  db.DBStoreBuilder (DBStoreBuilder.java:processTables(161)) - Using default column profile:DBProfile.DISK for Table:validCerts
2019-08-13 04:29:03,332 INFO  db.DBStoreBuilder (DBStoreBuilder.java:addTable(110)) - using custom profile for table: revokedCerts
2019-08-13 04:29:03,332 INFO  db.DBStoreBuilder (DBStoreBuilder.java:processTables(161)) - Using default column profile:DBProfile.DISK for Table:revokedCerts
2019-08-13 04:29:03,333 INFO  db.DBStoreBuilder (DBStoreBuilder.java:addTable(110)) - using custom profile for table: default
2019-08-13 04:29:03,333 INFO  db.DBStoreBuilder (DBStoreBuilder.java:processTables(167)) - Using default column profile:DBProfile.DISK for Table:default
2019-08-13 04:29:03,333 INFO  db.DBStoreBuilder (DBStoreBuilder.java:getDbProfile(198)) - Using default options. DBProfile.DISK
2019-08-13 04:29:03,512 INFO  net.NodeSchemaLoader (NodeSchemaLoader.java:loadSchemaFromFile(125)) - Loading file from sun.misc.CompoundEnumeration@4fc6a64a
2019-08-13 04:29:03,512 INFO  net.NodeSchemaLoader (NodeSchemaLoader.java:loadSchema(171)) - Loading network topology layer schema file
2019-08-13 04:29:03,516 WARN  server.ServerUtils (ServerUtils.java:sanitizeUserArgs(70)) - ozone.scm.stale.node.interval value = 300000 is larger than max = 100000 based on the key value of ozone.scm.heartbeat.thread.interval, reset to the max value 100000.
2019-08-13 04:29:03,516 WARN  server.ServerUtils (ServerUtils.java:sanitizeUserArgs(70)) - ozone.scm.stale.node.interval value = 300000 is larger than max = 100000 based on the key value of ozone.scm.heartbeat.thread.interval, reset to the max value 100000.
2019-08-13 04:29:03,516 INFO  node.SCMNodeManager (SCMNodeManager.java:<init>(121)) - Entering startup safe mode.
2019-08-13 04:29:03,517 INFO  Configuration.deprecation (Configuration.java:logDeprecation(1394)) - hadoop.configured.node.mapping is deprecated. Instead, use net.topology.configured.node.mapping
2019-08-13 04:29:03,517 WARN  server.ServerUtils (ServerUtils.java:getScmDbDir(145)) - ozone.scm.db.dirs is not configured. We recommend adding this setting. Falling back to ozone.metadata.dirs instead.
2019-08-13 04:29:03,566 INFO  pipeline.SCMPipelineManager (SCMPipelineManager.java:initializePipelineState(126)) - No pipeline exists in current db
2019-08-13 04:29:03,566 WARN  server.ServerUtils (ServerUtils.java:getScmDbDir(145)) - ozone.scm.db.dirs is not configured. We recommend adding this setting. Falling back to ozone.metadata.dirs instead.
2019-08-13 04:29:03,620 WARN  events.EventQueue (EventQueue.java:fireEvent(175)) - No event handler registered for event TypedEvent{payloadType=SafeModeStatus, name='SafeModeStatus'}
2019-08-13 04:29:03,620 INFO  ipc.CallQueueManager (CallQueueManager.java:<init>(84)) - Using callQueue: class java.util.concurrent.LinkedBlockingQueue, queueCapacity: 2000, scheduler: class org.apache.hadoop.ipc.DefaultRpcScheduler, ipcBackoff: false.
2019-08-13 04:29:03,621 INFO  ipc.Server (Server.java:run(1074)) - Starting Socket Reader #1 for port 39184
2019-08-13 04:29:03,624 INFO  ipc.CallQueueManager (CallQueueManager.java:<init>(84)) - Using callQueue: class java.util.concurrent.LinkedBlockingQueue, queueCapacity: 2000, scheduler: class org.apache.hadoop.ipc.DefaultRpcScheduler, ipcBackoff: false.
2019-08-13 04:29:03,624 INFO  ipc.Server (Server.java:run(1074)) - Starting Socket Reader #1 for port 42571
2019-08-13 04:29:03,627 INFO  ipc.CallQueueManager (CallQueueManager.java:<init>(84)) - Using callQueue: class java.util.concurrent.LinkedBlockingQueue, queueCapacity: 2000, scheduler: class org.apache.hadoop.ipc.DefaultRpcScheduler, ipcBackoff: false.
2019-08-13 04:29:03,628 INFO  ipc.Server (Server.java:run(1074)) - Starting Socket Reader #1 for port 39524
2019-08-13 04:29:03,631 INFO  hdfs.DFSUtil (DFSUtil.java:httpServerTemplateForNNAndJN(1641)) - Starting Web-server for scm at: http://0.0.0.0:0
2019-08-13 04:29:03,633 INFO  server.AuthenticationFilter (AuthenticationFilter.java:constructSecretProvider(240)) - Unable to initialize FileSignerSecretProvider, falling back to use random secrets.
2019-08-13 04:29:03,634 WARN  http.HttpRequestLog (HttpRequestLog.java:getRequestLog(97)) - Jetty request log can only be enabled using Log4j
2019-08-13 04:29:03,636 INFO  http.HttpServer2 (HttpServer2.java:addGlobalFilter(975)) - Added global filter 'safety' (class=org.apache.hadoop.http.HttpServer2$QuotingInputFilter)
2019-08-13 04:29:03,637 INFO  http.HttpServer2 (HttpServer2.java:addFilter(948)) - Added filter static_user_filter (class=org.apache.hadoop.http.lib.StaticUserWebFilter$StaticUserFilter) to context scm
2019-08-13 04:29:03,637 INFO  http.HttpServer2 (HttpServer2.java:addFilter(958)) - Added filter static_user_filter (class=org.apache.hadoop.http.lib.StaticUserWebFilter$StaticUserFilter) to context logs
2019-08-13 04:29:03,637 INFO  http.HttpServer2 (HttpServer2.java:addFilter(958)) - Added filter static_user_filter (class=org.apache.hadoop.http.lib.StaticUserWebFilter$StaticUserFilter) to context static
2019-08-13 04:29:03,639 INFO  server.StorageContainerManager (StorageContainerManager.java:start(759)) - StorageContainerLocationProtocol RPC server is listening at /0.0.0.0:39524
2019-08-13 04:29:03,642 WARN  impl.MetricsConfig (MetricsConfig.java:loadFirst(134)) - Cannot locate configuration: tried hadoop-metrics2-storagecontainermanager.properties,hadoop-metrics2.properties
2019-08-13 04:29:03,642 INFO  impl.MetricsSystemImpl (MetricsSystemImpl.java:startTimer(374)) - Scheduled Metric snapshot period at 10 second(s).
2019-08-13 04:29:03,643 INFO  impl.MetricsSystemImpl (MetricsSystemImpl.java:start(191)) - StorageContainerManager metrics system started
2019-08-13 04:29:03,767 INFO  server.SCMClientProtocolServer (SCMClientProtocolServer.java:start(151)) - RPC server for Client  is listening at /0.0.0.0:39524
2019-08-13 04:29:03,768 INFO  ipc.Server (Server.java:run(1314)) - IPC Server Responder: starting
2019-08-13 04:29:03,768 INFO  ipc.Server (Server.java:run(1153)) - IPC Server listener on 39524: starting
2019-08-13 04:29:03,773 INFO  server.StorageContainerManager (StorageContainerManager.java:start(769)) - ScmBlockLocationProtocol RPC server is listening at /0.0.0.0:42571
2019-08-13 04:29:03,773 INFO  server.SCMBlockProtocolServer (SCMBlockProtocolServer.java:start(140)) - RPC server for Block Protocol is listening at /0.0.0.0:42571
2019-08-13 04:29:03,773 INFO  ipc.Server (Server.java:run(1314)) - IPC Server Responder: starting
2019-08-13 04:29:03,774 INFO  ipc.Server (Server.java:run(1153)) - IPC Server listener on 42571: starting
2019-08-13 04:29:03,778 INFO  server.StorageContainerManager (StorageContainerManager.java:start(773)) - ScmDatanodeProtocl RPC server is listening at /0.0.0.0:39184
2019-08-13 04:29:03,778 INFO  server.SCMDatanodeProtocolServer (SCMDatanodeProtocolServer.java:start(191)) - RPC server for DataNodes is listening at /0.0.0.0:39184
2019-08-13 04:29:03,778 INFO  ipc.Server (Server.java:run(1314)) - IPC Server Responder: starting
2019-08-13 04:29:03,778 INFO  ipc.Server (Server.java:run(1153)) - IPC Server listener on 39184: starting
2019-08-13 04:29:03,783 INFO  http.HttpServer2 (HttpServer2.java:bindListener(1191)) - Jetty bound to port 36566
2019-08-13 04:29:03,783 INFO  server.Server (Server.java:doStart(351)) - jetty-9.3.24.v20180605, build timestamp: 2018-06-05T17:11:56Z, git hash: 84205aa28f11a4f31f2a3b86d1bba2cc8ab69827
2019-08-13 04:29:03,784 INFO  handler.ContextHandler (ContextHandler.java:doStart(781)) - Started o.e.j.s.ServletContextHandler@29523e66{/logs,file:///workdir/hadoop-ozone/integration-test/target/log,AVAILABLE}
2019-08-13 04:29:03,785 INFO  handler.ContextHandler (ContextHandler.java:doStart(781)) - Started o.e.j.s.ServletContextHandler@4b290d24{/static,file:///workdir/hadoop-ozone/integration-test/target/test-classes/webapps/static,AVAILABLE}
2019-08-13 04:29:03,789 INFO  handler.ContextHandler (ContextHandler.java:doStart(781)) - Started o.e.j.w.WebAppContext@4dbe661e{/,file:///workdir/hadoop-ozone/integration-test/target/test-classes/webapps/scm/,AVAILABLE}{/scm}
2019-08-13 04:29:03,789 INFO  server.AbstractConnector (AbstractConnector.java:doStart(278)) - Started ServerConnector@69a93ad1{HTTP/1.1,[http/1.1]}{0.0.0.0:36566}
2019-08-13 04:29:03,790 INFO  server.Server (Server.java:doStart(419)) - Started @79778ms
2019-08-13 04:29:03,791 INFO  server.BaseHttpServer (BaseHttpServer.java:updateConnectorAddress(207)) - HTTP server of SCM is listening at http://0.0.0.0:36566
2019-08-13 04:29:03,792 WARN  server.ServerUtils (ServerUtils.java:getDBPath(222)) - ozone.om.db.dirs is not configured. We recommend adding this setting. Falling back to ozone.metadata.dirs instead.
2019-08-13 04:29:03,792 INFO  util.JvmPauseMonitor (JvmPauseMonitor.java:run(188)) - Starting JVM pause monitor
2019-08-13 04:29:03,805 WARN  server.ServerUtils (ServerUtils.java:getDBPath(222)) - ozone.om.db.dirs is not configured. We recommend adding this setting. Falling back to ozone.metadata.dirs instead.
2019-08-13 04:29:03,806 WARN  server.ServerUtils (ServerUtils.java:getDBPath(222)) - ozone.om.db.dirs is not configured. We recommend adding this setting. Falling back to ozone.metadata.dirs instead.
2019-08-13 04:29:03,806 INFO  om.OzoneManager (OzoneManager.java:setOMNodeDetails(644)) - OM Service ID is not set. Setting it to the default ID: omServiceIdDefault
2019-08-13 04:29:03,806 INFO  om.OzoneManager (OzoneManager.java:setOMNodeDetails(650)) - OM Node ID is not set. Setting it to the OmStorage's OmID: 636a5676-3931-48cb-8644-941818a7b6eb
2019-08-13 04:29:03,806 INFO  om.OzoneManager (OzoneManager.java:loadOMHAConfigs(601)) - Found matching OM address with OMServiceId: null, OMNodeId: null, RPC Address: localhost:0 and Ratis port: 9872
2019-08-13 04:29:03,815 WARN  server.ServerUtils (ServerUtils.java:getDBPath(222)) - ozone.om.db.dirs is not configured. We recommend adding this setting. Falling back to ozone.metadata.dirs instead.
2019-08-13 04:29:03,815 INFO  db.DBStoreBuilder (DBStoreBuilder.java:addTable(110)) - using custom profile for table: userTable
2019-08-13 04:29:03,815 INFO  db.DBStoreBuilder (DBStoreBuilder.java:processTables(161)) - Using default column profile:DBProfile.DISK for Table:userTable
2019-08-13 04:29:03,816 INFO  db.DBStoreBuilder (DBStoreBuilder.java:addTable(110)) - using custom profile for table: volumeTable
2019-08-13 04:29:03,816 INFO  db.DBStoreBuilder (DBStoreBuilder.java:processTables(161)) - Using default column profile:DBProfile.DISK for Table:volumeTable
2019-08-13 04:29:03,816 INFO  db.DBStoreBuilder (DBStoreBuilder.java:addTable(110)) - using custom profile for table: bucketTable
2019-08-13 04:29:03,816 INFO  db.DBStoreBuilder (DBStoreBuilder.java:processTables(161)) - Using default column profile:DBProfile.DISK for Table:bucketTable
2019-08-13 04:29:03,816 INFO  db.DBStoreBuilder (DBStoreBuilder.java:addTable(110)) - using custom profile for table: keyTable
2019-08-13 04:29:03,816 INFO  db.DBStoreBuilder (DBStoreBuilder.java:processTables(161)) - Using default column profile:DBProfile.DISK for Table:keyTable
2019-08-13 04:29:03,816 INFO  db.DBStoreBuilder (DBStoreBuilder.java:addTable(110)) - using custom profile for table: deletedTable
2019-08-13 04:29:03,816 INFO  db.DBStoreBuilder (DBStoreBuilder.java:processTables(161)) - Using default column profile:DBProfile.DISK for Table:deletedTable
2019-08-13 04:29:03,817 INFO  db.DBStoreBuilder (DBStoreBuilder.java:addTable(110)) - using custom profile for table: openKeyTable
2019-08-13 04:29:03,817 INFO  db.DBStoreBuilder (DBStoreBuilder.java:processTables(161)) - Using default column profile:DBProfile.DISK for Table:openKeyTable
2019-08-13 04:29:03,817 INFO  db.DBStoreBuilder (DBStoreBuilder.java:addTable(110)) - using custom profile for table: s3Table
2019-08-13 04:29:03,817 INFO  db.DBStoreBuilder (DBStoreBuilder.java:processTables(161)) - Using default column profile:DBProfile.DISK for Table:s3Table
2019-08-13 04:29:03,817 INFO  db.DBStoreBuilder (DBStoreBuilder.java:addTable(110)) - using custom profile for table: multipartInfoTable
2019-08-13 04:29:03,817 INFO  db.DBStoreBuilder (DBStoreBuilder.java:processTables(161)) - Using default column profile:DBProfile.DISK for Table:multipartInfoTable
2019-08-13 04:29:03,817 INFO  db.DBStoreBuilder (DBStoreBuilder.java:addTable(110)) - using custom profile for table: dTokenTable
2019-08-13 04:29:03,818 INFO  db.DBStoreBuilder (DBStoreBuilder.java:processTables(161)) - Using default column profile:DBProfile.DISK for Table:dTokenTable
2019-08-13 04:29:03,818 INFO  db.DBStoreBuilder (DBStoreBuilder.java:addTable(110)) - using custom profile for table: s3SecretTable
2019-08-13 04:29:03,818 INFO  db.DBStoreBuilder (DBStoreBuilder.java:processTables(161)) - Using default column profile:DBProfile.DISK for Table:s3SecretTable
2019-08-13 04:29:03,818 INFO  db.DBStoreBuilder (DBStoreBuilder.java:addTable(110)) - using custom profile for table: prefixTable
2019-08-13 04:29:03,818 INFO  db.DBStoreBuilder (DBStoreBuilder.java:processTables(161)) - Using default column profile:DBProfile.DISK for Table:prefixTable
2019-08-13 04:29:03,819 INFO  db.DBStoreBuilder (DBStoreBuilder.java:addTable(110)) - using custom profile for table: default
2019-08-13 04:29:03,819 INFO  db.DBStoreBuilder (DBStoreBuilder.java:processTables(167)) - Using default column profile:DBProfile.DISK for Table:default
2019-08-13 04:29:03,819 INFO  db.DBStoreBuilder (DBStoreBuilder.java:getDbProfile(198)) - Using default options. DBProfile.DISK
2019-08-13 04:29:04,311 INFO  ipc.CallQueueManager (CallQueueManager.java:<init>(84)) - Using callQueue: class java.util.concurrent.LinkedBlockingQueue, queueCapacity: 2000, scheduler: class org.apache.hadoop.ipc.DefaultRpcScheduler, ipcBackoff: false.
2019-08-13 04:29:04,311 INFO  ipc.Server (Server.java:run(1074)) - Starting Socket Reader #1 for port 35356
2019-08-13 04:29:04,326 INFO  om.OzoneManager (OzoneManager.java:start(1255)) - OzoneManager RPC server is listening at localhost/127.0.0.1:35356
2019-08-13 04:29:04,327 INFO  impl.MetricsSystemImpl (MetricsSystemImpl.java:init(158)) - OzoneManager metrics system started (again)
2019-08-13 04:29:04,327 INFO  ipc.Server (Server.java:run(1314)) - IPC Server Responder: starting
2019-08-13 04:29:04,327 INFO  ipc.Server (Server.java:run(1153)) - IPC Server listener on 35356: starting
2019-08-13 04:29:04,335 INFO  hdfs.DFSUtil (DFSUtil.java:httpServerTemplateForNNAndJN(1641)) - Starting Web-server for ozoneManager at: http://0.0.0.0:0
2019-08-13 04:29:04,337 INFO  server.AuthenticationFilter (AuthenticationFilter.java:constructSecretProvider(240)) - Unable to initialize FileSignerSecretProvider, falling back to use random secrets.
2019-08-13 04:29:04,337 WARN  http.HttpRequestLog (HttpRequestLog.java:getRequestLog(97)) - Jetty request log can only be enabled using Log4j
2019-08-13 04:29:04,339 INFO  http.HttpServer2 (HttpServer2.java:addGlobalFilter(975)) - Added global filter 'safety' (class=org.apache.hadoop.http.HttpServer2$QuotingInputFilter)
2019-08-13 04:29:04,340 INFO  http.HttpServer2 (HttpServer2.java:addFilter(948)) - Added filter static_user_filter (class=org.apache.hadoop.http.lib.StaticUserWebFilter$StaticUserFilter) to context ozoneManager
2019-08-13 04:29:04,340 INFO  http.HttpServer2 (HttpServer2.java:addFilter(958)) - Added filter static_user_filter (class=org.apache.hadoop.http.lib.StaticUserWebFilter$StaticUserFilter) to context static
2019-08-13 04:29:04,340 INFO  http.HttpServer2 (HttpServer2.java:addFilter(958)) - Added filter static_user_filter (class=org.apache.hadoop.http.lib.StaticUserWebFilter$StaticUserFilter) to context logs
2019-08-13 04:29:04,341 INFO  http.HttpServer2 (HttpServer2.java:bindListener(1191)) - Jetty bound to port 34949
2019-08-13 04:29:04,341 INFO  server.Server (Server.java:doStart(351)) - jetty-9.3.24.v20180605, build timestamp: 2018-06-05T17:11:56Z, git hash: 84205aa28f11a4f31f2a3b86d1bba2cc8ab69827
2019-08-13 04:29:04,343 INFO  handler.ContextHandler (ContextHandler.java:doStart(781)) - Started o.e.j.s.ServletContextHandler@73e051cc{/logs,file:///workdir/hadoop-ozone/integration-test/target/log,AVAILABLE}
2019-08-13 04:29:04,343 INFO  handler.ContextHandler (ContextHandler.java:doStart(781)) - Started o.e.j.s.ServletContextHandler@7964daa2{/static,file:///workdir/hadoop-ozone/integration-test/target/test-classes/webapps/static,AVAILABLE}
2019-08-13 04:29:04,348 INFO  handler.ContextHandler (ContextHandler.java:doStart(781)) - Started o.e.j.w.WebAppContext@721d608b{/,file:///workdir/hadoop-ozone/integration-test/target/test-classes/webapps/ozoneManager/,AVAILABLE}{/ozoneManager}
2019-08-13 04:29:04,349 INFO  server.AbstractConnector (AbstractConnector.java:doStart(278)) - Started ServerConnector@16fda94{HTTP/1.1,[http/1.1]}{0.0.0.0:34949}
2019-08-13 04:29:04,351 INFO  server.Server (Server.java:doStart(419)) - Started @80339ms
2019-08-13 04:29:04,352 INFO  server.BaseHttpServer (BaseHttpServer.java:updateConnectorAddress(207)) - HTTP server of OZONEMANAGER is listening at http://0.0.0.0:34949
2019-08-13 04:29:04,359 INFO  impl.MetricsSystemImpl (MetricsSystemImpl.java:init(158)) - HddsDatanode metrics system started (again)
2019-08-13 04:29:04,369 INFO  ozone.HddsDatanodeService (HddsDatanodeService.java:start(184)) - HddsDatanodeService host:byscane-nightly-fjrtm-1513846620 ip:192.168.157.237
2019-08-13 04:29:04,379 INFO  volume.HddsVolume (HddsVolume.java:<init>(176)) - Creating Volume: /workdir/hadoop-ozone/integration-test/target/test-dir/MiniOzoneClusterImpl-6b33123b-f564-4c6c-9efe-bfbfe8b5219f/datanode-0/data/containers/hdds of  storage type : DISK and capacity : 52710309888
2019-08-13 04:29:04,380 INFO  volume.VolumeSet (VolumeSet.java:initializeVolumeSet(170)) - Added Volume : /workdir/hadoop-ozone/integration-test/target/test-dir/MiniOzoneClusterImpl-6b33123b-f564-4c6c-9efe-bfbfe8b5219f/datanode-0/data/containers/hdds to VolumeSet
2019-08-13 04:29:04,380 INFO  volume.ThrottledAsyncChecker (ThrottledAsyncChecker.java:schedule(140)) - Scheduling a check for org.apache.hadoop.ozone.container.common.volume.HddsVolume@367573ff
2019-08-13 04:29:04,380 INFO  volume.HddsVolumeChecker (HddsVolumeChecker.java:checkAllVolumes(203)) - Scheduled health check for volume org.apache.hadoop.ozone.container.common.volume.HddsVolume@367573ff
2019-08-13 04:29:04,402 INFO  impl.RaftServerProxy (ConfUtils.java:logGet(43)) - raft.rpc.type = GRPC (default)
2019-08-13 04:29:04,402 INFO  grpc.GrpcFactory (GrpcFactory.java:checkPooledByteBufAllocatorUseCacheForAllThreads(45)) - PERFORMANCE WARNING: useCacheForAllThreads is true that may cause Netty to create a lot garbage objects and, as a result, trigger GC.
	It is recommended to disable useCacheForAllThreads by setting -Dorg.apache.ratis.thirdparty.io.netty.allocator.useCacheForAllThreads=false in command line.
2019-08-13 04:29:04,403 INFO  grpc.GrpcConfigKeys$Server (ConfUtils.java:logGet(43)) - raft.grpc.server.port = 0 (default)
2019-08-13 04:29:04,403 INFO  server.GrpcService (ConfUtils.java:logGet(43)) - raft.grpc.message.size.max = 33570816 (custom)
2019-08-13 04:29:04,403 INFO  server.RaftServerConfigKeys (ConfUtils.java:logGet(43)) - raft.server.log.appender.buffer.byte-limit = 33554432 (custom)
2019-08-13 04:29:04,403 INFO  server.GrpcService (ConfUtils.java:logGet(43)) - raft.grpc.flow.control.window = 1MB (=1048576) (default)
2019-08-13 04:29:04,403 INFO  server.RaftServerConfigKeys (ConfUtils.java:logGet(43)) - raft.server.rpc.request.timeout = 3000ms (default)
2019-08-13 04:29:04,404 INFO  server.RaftServerConfigKeys (ConfUtils.java:logGet(43)) - raft.server.storage.dir = [/workdir/hadoop-ozone/integration-test/target/test-dir/MiniOzoneClusterImpl-6b33123b-f564-4c6c-9efe-bfbfe8b5219f/datanode-0/data/ratis] (custom)
2019-08-13 04:29:04,405 INFO  replication.SimpleContainerDownloader (SimpleContainerDownloader.java:<init>(72)) - Starting container downloader service to copy containers to replicate.
2019-08-13 04:29:04,406 INFO  hdfs.DFSUtil (DFSUtil.java:httpServerTemplateForNNAndJN(1641)) - Starting Web-server for hddsDatanode at: http://0.0.0.0:0
2019-08-13 04:29:04,407 INFO  server.AuthenticationFilter (AuthenticationFilter.java:constructSecretProvider(240)) - Unable to initialize FileSignerSecretProvider, falling back to use random secrets.
2019-08-13 04:29:04,408 WARN  http.HttpRequestLog (HttpRequestLog.java:getRequestLog(97)) - Jetty request log can only be enabled using Log4j
2019-08-13 04:29:04,409 INFO  http.HttpServer2 (HttpServer2.java:addGlobalFilter(975)) - Added global filter 'safety' (class=org.apache.hadoop.http.HttpServer2$QuotingInputFilter)
2019-08-13 04:29:04,410 INFO  http.HttpServer2 (HttpServer2.java:addFilter(948)) - Added filter static_user_filter (class=org.apache.hadoop.http.lib.StaticUserWebFilter$StaticUserFilter) to context hddsDatanode
2019-08-13 04:29:04,410 INFO  http.HttpServer2 (HttpServer2.java:addFilter(958)) - Added filter static_user_filter (class=org.apache.hadoop.http.lib.StaticUserWebFilter$StaticUserFilter) to context static
2019-08-13 04:29:04,410 INFO  http.HttpServer2 (HttpServer2.java:addFilter(958)) - Added filter static_user_filter (class=org.apache.hadoop.http.lib.StaticUserWebFilter$StaticUserFilter) to context logs
2019-08-13 04:29:04,410 INFO  http.HttpServer2 (HttpServer2.java:bindListener(1191)) - Jetty bound to port 35711
2019-08-13 04:29:04,411 INFO  server.Server (Server.java:doStart(351)) - jetty-9.3.24.v20180605, build timestamp: 2018-06-05T17:11:56Z, git hash: 84205aa28f11a4f31f2a3b86d1bba2cc8ab69827
2019-08-13 04:29:04,412 INFO  handler.ContextHandler (ContextHandler.java:doStart(781)) - Started o.e.j.s.ServletContextHandler@50bb44a6{/logs,file:///workdir/hadoop-ozone/integration-test/target/log,AVAILABLE}
2019-08-13 04:29:04,413 INFO  handler.ContextHandler (ContextHandler.java:doStart(781)) - Started o.e.j.s.ServletContextHandler@228d0a11{/static,jar:file:/home/user/.m2/repository/org/apache/hadoop/hadoop-hdds-container-service/0.4.1-SNAPSHOT/hadoop-hdds-container-service-0.4.1-SNAPSHOT.jar!/webapps/static,AVAILABLE}
2019-08-13 04:29:04,444 INFO  handler.ContextHandler (ContextHandler.java:doStart(781)) - Started o.e.j.w.WebAppContext@76fc08b1{/,file:///tmp/jetty-0.0.0.0-35711-hddsDatanode-_-any-6328994866542276515.dir/webapp/,AVAILABLE}{/hddsDatanode}
2019-08-13 04:29:04,444 INFO  server.AbstractConnector (AbstractConnector.java:doStart(278)) - Started ServerConnector@315b1cbf{HTTP/1.1,[http/1.1]}{0.0.0.0:35711}
2019-08-13 04:29:04,447 INFO  server.Server (Server.java:doStart(419)) - Started @80435ms
2019-08-13 04:29:04,447 INFO  server.BaseHttpServer (BaseHttpServer.java:updateConnectorAddress(207)) - HTTP server of HDDSDATANODE is listening at http://0.0.0.0:35711
2019-08-13 04:29:04,617 INFO  ozone.HddsDatanodeService (HddsDatanodeService.java:startPlugins(395)) - Started plug-in org.apache.hadoop.ozone.web.OzoneHddsDatanodeService@76548e1e
2019-08-13 04:29:04,617 INFO  impl.MetricsSystemImpl (MetricsSystemImpl.java:init(158)) - HddsDatanode metrics system started (again)
2019-08-13 04:29:04,624 INFO  util.JvmPauseMonitor (JvmPauseMonitor.java:run(188)) - Starting JVM pause monitor
2019-08-13 04:29:04,626 INFO  ozone.HddsDatanodeService (HddsDatanodeService.java:start(184)) - HddsDatanodeService host:byscane-nightly-fjrtm-1513846620 ip:192.168.157.237
2019-08-13 04:29:04,626 INFO  datanode.InitDatanodeState (InitDatanodeState.java:persistContainerDatanodeDetails(140)) - DatanodeDetails is persisted to /workdir/hadoop-ozone/integration-test/target/test-dir/MiniOzoneClusterImpl-6b33123b-f564-4c6c-9efe-bfbfe8b5219f/datanode-0/meta/datanode.id
2019-08-13 04:29:04,634 INFO  volume.HddsVolume (HddsVolume.java:<init>(176)) - Creating Volume: /workdir/hadoop-ozone/integration-test/target/test-dir/MiniOzoneClusterImpl-6b33123b-f564-4c6c-9efe-bfbfe8b5219f/datanode-1/data/containers/hdds of  storage type : DISK and capacity : 52710309888
2019-08-13 04:29:04,635 INFO  volume.VolumeSet (VolumeSet.java:initializeVolumeSet(170)) - Added Volume : /workdir/hadoop-ozone/integration-test/target/test-dir/MiniOzoneClusterImpl-6b33123b-f564-4c6c-9efe-bfbfe8b5219f/datanode-1/data/containers/hdds to VolumeSet
2019-08-13 04:29:04,635 INFO  volume.ThrottledAsyncChecker (ThrottledAsyncChecker.java:schedule(140)) - Scheduling a check for org.apache.hadoop.ozone.container.common.volume.HddsVolume@5d0de3f6
2019-08-13 04:29:04,636 INFO  volume.HddsVolumeChecker (HddsVolumeChecker.java:checkAllVolumes(203)) - Scheduled health check for volume org.apache.hadoop.ozone.container.common.volume.HddsVolume@5d0de3f6
2019-08-13 04:29:04,656 INFO  impl.RaftServerProxy (ConfUtils.java:logGet(43)) - raft.rpc.type = GRPC (default)
2019-08-13 04:29:04,657 INFO  grpc.GrpcFactory (GrpcFactory.java:checkPooledByteBufAllocatorUseCacheForAllThreads(45)) - PERFORMANCE WARNING: useCacheForAllThreads is true that may cause Netty to create a lot garbage objects and, as a result, trigger GC.
	It is recommended to disable useCacheForAllThreads by setting -Dorg.apache.ratis.thirdparty.io.netty.allocator.useCacheForAllThreads=false in command line.
2019-08-13 04:29:04,657 INFO  grpc.GrpcConfigKeys$Server (ConfUtils.java:logGet(43)) - raft.grpc.server.port = 0 (default)
2019-08-13 04:29:04,657 INFO  server.GrpcService (ConfUtils.java:logGet(43)) - raft.grpc.message.size.max = 33570816 (custom)
2019-08-13 04:29:04,658 INFO  server.RaftServerConfigKeys (ConfUtils.java:logGet(43)) - raft.server.log.appender.buffer.byte-limit = 33554432 (custom)
2019-08-13 04:29:04,658 INFO  server.GrpcService (ConfUtils.java:logGet(43)) - raft.grpc.flow.control.window = 1MB (=1048576) (default)
2019-08-13 04:29:04,658 INFO  server.RaftServerConfigKeys (ConfUtils.java:logGet(43)) - raft.server.rpc.request.timeout = 3000ms (default)
2019-08-13 04:29:04,658 INFO  server.RaftServerConfigKeys (ConfUtils.java:logGet(43)) - raft.server.storage.dir = [/workdir/hadoop-ozone/integration-test/target/test-dir/MiniOzoneClusterImpl-6b33123b-f564-4c6c-9efe-bfbfe8b5219f/datanode-1/data/ratis] (custom)
2019-08-13 04:29:04,659 INFO  replication.SimpleContainerDownloader (SimpleContainerDownloader.java:<init>(72)) - Starting container downloader service to copy containers to replicate.
2019-08-13 04:29:04,660 INFO  hdfs.DFSUtil (DFSUtil.java:httpServerTemplateForNNAndJN(1641)) - Starting Web-server for hddsDatanode at: http://0.0.0.0:0
2019-08-13 04:29:04,661 INFO  server.AuthenticationFilter (AuthenticationFilter.java:constructSecretProvider(240)) - Unable to initialize FileSignerSecretProvider, falling back to use random secrets.
2019-08-13 04:29:04,661 WARN  http.HttpRequestLog (HttpRequestLog.java:getRequestLog(97)) - Jetty request log can only be enabled using Log4j
2019-08-13 04:29:04,662 INFO  http.HttpServer2 (HttpServer2.java:addGlobalFilter(975)) - Added global filter 'safety' (class=org.apache.hadoop.http.HttpServer2$QuotingInputFilter)
2019-08-13 04:29:04,663 INFO  http.HttpServer2 (HttpServer2.java:addFilter(948)) - Added filter static_user_filter (class=org.apache.hadoop.http.lib.StaticUserWebFilter$StaticUserFilter) to context hddsDatanode
2019-08-13 04:29:04,663 INFO  http.HttpServer2 (HttpServer2.java:addFilter(958)) - Added filter static_user_filter (class=org.apache.hadoop.http.lib.StaticUserWebFilter$StaticUserFilter) to context static
2019-08-13 04:29:04,663 INFO  http.HttpServer2 (HttpServer2.java:addFilter(958)) - Added filter static_user_filter (class=org.apache.hadoop.http.lib.StaticUserWebFilter$StaticUserFilter) to context logs
2019-08-13 04:29:04,664 INFO  http.HttpServer2 (HttpServer2.java:bindListener(1191)) - Jetty bound to port 36560
2019-08-13 04:29:04,664 INFO  server.Server (Server.java:doStart(351)) - jetty-9.3.24.v20180605, build timestamp: 2018-06-05T17:11:56Z, git hash: 84205aa28f11a4f31f2a3b86d1bba2cc8ab69827
2019-08-13 04:29:04,666 INFO  handler.ContextHandler (ContextHandler.java:doStart(781)) - Started o.e.j.s.ServletContextHandler@50f92263{/logs,file:///workdir/hadoop-ozone/integration-test/target/log,AVAILABLE}
2019-08-13 04:29:04,667 INFO  handler.ContextHandler (ContextHandler.java:doStart(781)) - Started o.e.j.s.ServletContextHandler@1f9e5a3a{/static,jar:file:/home/user/.m2/repository/org/apache/hadoop/hadoop-hdds-container-service/0.4.1-SNAPSHOT/hadoop-hdds-container-service-0.4.1-SNAPSHOT.jar!/webapps/static,AVAILABLE}
2019-08-13 04:29:04,700 INFO  handler.ContextHandler (ContextHandler.java:doStart(781)) - Started o.e.j.w.WebAppContext@133ded21{/,file:///tmp/jetty-0.0.0.0-36560-hddsDatanode-_-any-6929037637610104822.dir/webapp/,AVAILABLE}{/hddsDatanode}
2019-08-13 04:29:04,701 INFO  server.AbstractConnector (AbstractConnector.java:doStart(278)) - Started ServerConnector@5c9e66a8{HTTP/1.1,[http/1.1]}{0.0.0.0:36560}
2019-08-13 04:29:04,703 INFO  server.Server (Server.java:doStart(419)) - Started @80691ms
2019-08-13 04:29:04,704 INFO  server.BaseHttpServer (BaseHttpServer.java:updateConnectorAddress(207)) - HTTP server of HDDSDATANODE is listening at http://0.0.0.0:36560
2019-08-13 04:29:04,833 INFO  ozone.HddsDatanodeService (HddsDatanodeService.java:startPlugins(395)) - Started plug-in org.apache.hadoop.ozone.web.OzoneHddsDatanodeService@51c8f18f
2019-08-13 04:29:04,834 INFO  impl.MetricsSystemImpl (MetricsSystemImpl.java:init(158)) - HddsDatanode metrics system started (again)
2019-08-13 04:29:04,842 INFO  util.JvmPauseMonitor (JvmPauseMonitor.java:run(188)) - Starting JVM pause monitor
2019-08-13 04:29:04,844 INFO  ozone.HddsDatanodeService (HddsDatanodeService.java:start(184)) - HddsDatanodeService host:byscane-nightly-fjrtm-1513846620 ip:192.168.157.237
2019-08-13 04:29:04,845 INFO  datanode.InitDatanodeState (InitDatanodeState.java:persistContainerDatanodeDetails(140)) - DatanodeDetails is persisted to /workdir/hadoop-ozone/integration-test/target/test-dir/MiniOzoneClusterImpl-6b33123b-f564-4c6c-9efe-bfbfe8b5219f/datanode-1/meta/datanode.id
2019-08-13 04:29:04,855 INFO  volume.HddsVolume (HddsVolume.java:<init>(176)) - Creating Volume: /workdir/hadoop-ozone/integration-test/target/test-dir/MiniOzoneClusterImpl-6b33123b-f564-4c6c-9efe-bfbfe8b5219f/datanode-2/data/containers/hdds of  storage type : DISK and capacity : 52710309888
2019-08-13 04:29:04,855 INFO  volume.VolumeSet (VolumeSet.java:initializeVolumeSet(170)) - Added Volume : /workdir/hadoop-ozone/integration-test/target/test-dir/MiniOzoneClusterImpl-6b33123b-f564-4c6c-9efe-bfbfe8b5219f/datanode-2/data/containers/hdds to VolumeSet
2019-08-13 04:29:04,855 INFO  volume.ThrottledAsyncChecker (ThrottledAsyncChecker.java:schedule(140)) - Scheduling a check for org.apache.hadoop.ozone.container.common.volume.HddsVolume@207d384
2019-08-13 04:29:04,856 INFO  volume.HddsVolumeChecker (HddsVolumeChecker.java:checkAllVolumes(203)) - Scheduled health check for volume org.apache.hadoop.ozone.container.common.volume.HddsVolume@207d384
2019-08-13 04:29:04,877 INFO  impl.RaftServerProxy (ConfUtils.java:logGet(43)) - raft.rpc.type = GRPC (default)
2019-08-13 04:29:04,877 INFO  grpc.GrpcFactory (GrpcFactory.java:checkPooledByteBufAllocatorUseCacheForAllThreads(45)) - PERFORMANCE WARNING: useCacheForAllThreads is true that may cause Netty to create a lot garbage objects and, as a result, trigger GC.
	It is recommended to disable useCacheForAllThreads by setting -Dorg.apache.ratis.thirdparty.io.netty.allocator.useCacheForAllThreads=false in command line.
2019-08-13 04:29:04,877 INFO  grpc.GrpcConfigKeys$Server (ConfUtils.java:logGet(43)) - raft.grpc.server.port = 0 (default)
2019-08-13 04:29:04,878 INFO  server.GrpcService (ConfUtils.java:logGet(43)) - raft.grpc.message.size.max = 33570816 (custom)
2019-08-13 04:29:04,878 INFO  server.RaftServerConfigKeys (ConfUtils.java:logGet(43)) - raft.server.log.appender.buffer.byte-limit = 33554432 (custom)
2019-08-13 04:29:04,878 INFO  server.GrpcService (ConfUtils.java:logGet(43)) - raft.grpc.flow.control.window = 1MB (=1048576) (default)
2019-08-13 04:29:04,878 INFO  server.RaftServerConfigKeys (ConfUtils.java:logGet(43)) - raft.server.rpc.request.timeout = 3000ms (default)
2019-08-13 04:29:04,879 INFO  server.RaftServerConfigKeys (ConfUtils.java:logGet(43)) - raft.server.storage.dir = [/workdir/hadoop-ozone/integration-test/target/test-dir/MiniOzoneClusterImpl-6b33123b-f564-4c6c-9efe-bfbfe8b5219f/datanode-2/data/ratis] (custom)
2019-08-13 04:29:04,879 INFO  replication.SimpleContainerDownloader (SimpleContainerDownloader.java:<init>(72)) - Starting container downloader service to copy containers to replicate.
2019-08-13 04:29:04,881 INFO  hdfs.DFSUtil (DFSUtil.java:httpServerTemplateForNNAndJN(1641)) - Starting Web-server for hddsDatanode at: http://0.0.0.0:0
2019-08-13 04:29:04,883 INFO  server.AuthenticationFilter (AuthenticationFilter.java:constructSecretProvider(240)) - Unable to initialize FileSignerSecretProvider, falling back to use random secrets.
2019-08-13 04:29:04,883 WARN  http.HttpRequestLog (HttpRequestLog.java:getRequestLog(97)) - Jetty request log can only be enabled using Log4j
2019-08-13 04:29:04,885 INFO  http.HttpServer2 (HttpServer2.java:addGlobalFilter(975)) - Added global filter 'safety' (class=org.apache.hadoop.http.HttpServer2$QuotingInputFilter)
2019-08-13 04:29:04,885 INFO  http.HttpServer2 (HttpServer2.java:addFilter(948)) - Added filter static_user_filter (class=org.apache.hadoop.http.lib.StaticUserWebFilter$StaticUserFilter) to context hddsDatanode
2019-08-13 04:29:04,885 INFO  http.HttpServer2 (HttpServer2.java:addFilter(958)) - Added filter static_user_filter (class=org.apache.hadoop.http.lib.StaticUserWebFilter$StaticUserFilter) to context logs
2019-08-13 04:29:04,885 INFO  http.HttpServer2 (HttpServer2.java:addFilter(958)) - Added filter static_user_filter (class=org.apache.hadoop.http.lib.StaticUserWebFilter$StaticUserFilter) to context static
2019-08-13 04:29:04,886 INFO  http.HttpServer2 (HttpServer2.java:bindListener(1191)) - Jetty bound to port 40858
2019-08-13 04:29:04,886 INFO  server.Server (Server.java:doStart(351)) - jetty-9.3.24.v20180605, build timestamp: 2018-06-05T17:11:56Z, git hash: 84205aa28f11a4f31f2a3b86d1bba2cc8ab69827
2019-08-13 04:29:04,888 INFO  handler.ContextHandler (ContextHandler.java:doStart(781)) - Started o.e.j.s.ServletContextHandler@3ccc7e38{/logs,file:///workdir/hadoop-ozone/integration-test/target/log,AVAILABLE}
2019-08-13 04:29:04,889 INFO  handler.ContextHandler (ContextHandler.java:doStart(781)) - Started o.e.j.s.ServletContextHandler@1f130efa{/static,jar:file:/home/user/.m2/repository/org/apache/hadoop/hadoop-hdds-container-service/0.4.1-SNAPSHOT/hadoop-hdds-container-service-0.4.1-SNAPSHOT.jar!/webapps/static,AVAILABLE}
2019-08-13 04:29:04,916 INFO  handler.ContextHandler (ContextHandler.java:doStart(781)) - Started o.e.j.w.WebAppContext@48f631cd{/,file:///tmp/jetty-0.0.0.0-40858-hddsDatanode-_-any-5622384723712520807.dir/webapp/,AVAILABLE}{/hddsDatanode}
2019-08-13 04:29:04,917 INFO  server.AbstractConnector (AbstractConnector.java:doStart(278)) - Started ServerConnector@478d5853{HTTP/1.1,[http/1.1]}{0.0.0.0:40858}
2019-08-13 04:29:04,919 INFO  server.Server (Server.java:doStart(419)) - Started @80907ms
2019-08-13 04:29:04,919 INFO  server.BaseHttpServer (BaseHttpServer.java:updateConnectorAddress(207)) - HTTP server of HDDSDATANODE is listening at http://0.0.0.0:40858
2019-08-13 04:29:05,058 INFO  ozone.HddsDatanodeService (HddsDatanodeService.java:startPlugins(395)) - Started plug-in org.apache.hadoop.ozone.web.OzoneHddsDatanodeService@2cde8689
2019-08-13 04:29:05,058 INFO  ozone.MiniOzoneClusterImpl (MiniOzoneClusterImpl.java:lambda$waitForClusterToBeReady$0(142)) - Waiting for cluster to be ready. Got 0 of 3 DN Heartbeats.
2019-08-13 04:29:05,059 INFO  util.JvmPauseMonitor (JvmPauseMonitor.java:run(188)) - Starting JVM pause monitor
2019-08-13 04:29:05,060 INFO  datanode.InitDatanodeState (InitDatanodeState.java:persistContainerDatanodeDetails(140)) - DatanodeDetails is persisted to /workdir/hadoop-ozone/integration-test/target/test-dir/MiniOzoneClusterImpl-6b33123b-f564-4c6c-9efe-bfbfe8b5219f/datanode-2/meta/datanode.id
2019-08-13 04:29:06,059 INFO  ozone.MiniOzoneClusterImpl (MiniOzoneClusterImpl.java:lambda$waitForClusterToBeReady$0(142)) - Waiting for cluster to be ready. Got 0 of 3 DN Heartbeats.
2019-08-13 04:29:06,645 INFO  ozoneimpl.OzoneContainer (OzoneContainer.java:start(186)) - Attempting to start container services.
2019-08-13 04:29:06,645 INFO  ozoneimpl.OzoneContainer (OzoneContainer.java:startContainerScrub(160)) - Background container scrubber has been disabled by hdds.containerscrub.enabled
2019-08-13 04:29:06,645 INFO  ratis.XceiverServerRatis (XceiverServerRatis.java:start(404)) - Starting XceiverServerRatis 0e2f73e4-c2c2-47dd-8da6-d4e2491324da at port 0
2019-08-13 04:29:06,651 INFO  impl.RaftServerProxy (RaftServerProxy.java:lambda$start$3(299)) - 0e2f73e4-c2c2-47dd-8da6-d4e2491324da: start RPC server
2019-08-13 04:29:06,664 INFO  server.GrpcService (GrpcService.java:startImpl(149)) - 0e2f73e4-c2c2-47dd-8da6-d4e2491324da: GrpcService started, listening on 0.0.0.0/0.0.0.0:36388
2019-08-13 04:29:06,664 INFO  ratis.XceiverServerRatis (XceiverServerRatis.java:start(414)) - XceiverServerRatis 0e2f73e4-c2c2-47dd-8da6-d4e2491324da is started using port 36388
2019-08-13 04:29:06,667 INFO  server.XceiverServerGrpc (XceiverServerGrpc.java:start(161)) - XceiverServerGrpc 0e2f73e4-c2c2-47dd-8da6-d4e2491324da is started using port 39758
2019-08-13 04:29:06,858 INFO  ozoneimpl.OzoneContainer (OzoneContainer.java:start(186)) - Attempting to start container services.
2019-08-13 04:29:06,858 INFO  ozoneimpl.OzoneContainer (OzoneContainer.java:startContainerScrub(160)) - Background container scrubber has been disabled by hdds.containerscrub.enabled
2019-08-13 04:29:06,858 INFO  ratis.XceiverServerRatis (XceiverServerRatis.java:start(404)) - Starting XceiverServerRatis 12f5b0ca-1960-4d87-af84-ad0d4be0f7a2 at port 0
2019-08-13 04:29:06,864 INFO  impl.RaftServerProxy (RaftServerProxy.java:lambda$start$3(299)) - 12f5b0ca-1960-4d87-af84-ad0d4be0f7a2: start RPC server
2019-08-13 04:29:06,868 INFO  server.GrpcService (GrpcService.java:startImpl(149)) - 12f5b0ca-1960-4d87-af84-ad0d4be0f7a2: GrpcService started, listening on 0.0.0.0/0.0.0.0:46162
2019-08-13 04:29:06,868 INFO  ratis.XceiverServerRatis (XceiverServerRatis.java:start(414)) - XceiverServerRatis 12f5b0ca-1960-4d87-af84-ad0d4be0f7a2 is started using port 46162
2019-08-13 04:29:06,873 INFO  server.XceiverServerGrpc (XceiverServerGrpc.java:start(161)) - XceiverServerGrpc 12f5b0ca-1960-4d87-af84-ad0d4be0f7a2 is started using port 33370
2019-08-13 04:29:07,059 INFO  ozone.MiniOzoneClusterImpl (MiniOzoneClusterImpl.java:lambda$waitForClusterToBeReady$0(142)) - Waiting for cluster to be ready. Got 0 of 3 DN Heartbeats.
2019-08-13 04:29:07,076 INFO  ozoneimpl.OzoneContainer (OzoneContainer.java:start(186)) - Attempting to start container services.
2019-08-13 04:29:07,077 INFO  ozoneimpl.OzoneContainer (OzoneContainer.java:startContainerScrub(160)) - Background container scrubber has been disabled by hdds.containerscrub.enabled
2019-08-13 04:29:07,077 INFO  ratis.XceiverServerRatis (XceiverServerRatis.java:start(404)) - Starting XceiverServerRatis 33d130cf-f20f-4868-8606-5e4fa050b9e8 at port 0
2019-08-13 04:29:07,083 INFO  impl.RaftServerProxy (RaftServerProxy.java:lambda$start$3(299)) - 33d130cf-f20f-4868-8606-5e4fa050b9e8: start RPC server
2019-08-13 04:29:07,091 INFO  server.GrpcService (GrpcService.java:startImpl(149)) - 33d130cf-f20f-4868-8606-5e4fa050b9e8: GrpcService started, listening on 0.0.0.0/0.0.0.0:33602
2019-08-13 04:29:07,091 INFO  ratis.XceiverServerRatis (XceiverServerRatis.java:start(414)) - XceiverServerRatis 33d130cf-f20f-4868-8606-5e4fa050b9e8 is started using port 33602
2019-08-13 04:29:07,104 INFO  server.XceiverServerGrpc (XceiverServerGrpc.java:start(161)) - XceiverServerGrpc 33d130cf-f20f-4868-8606-5e4fa050b9e8 is started using port 33549
2019-08-13 04:29:08,059 INFO  ozone.MiniOzoneClusterImpl (MiniOzoneClusterImpl.java:lambda$waitForClusterToBeReady$0(142)) - Waiting for cluster to be ready. Got 0 of 3 DN Heartbeats.
2019-08-13 04:29:08,631 INFO  net.NetworkTopology (NetworkTopologyImpl.java:add(110)) - Added a new node: /default-rack/0e2f73e4-c2c2-47dd-8da6-d4e2491324da
2019-08-13 04:29:08,635 INFO  node.SCMNodeManager (SCMNodeManager.java:register(273)) - Registered Data node : 0e2f73e4-c2c2-47dd-8da6-d4e2491324da{ip: 192.168.157.237, host: byscane-nightly-fjrtm-1513846620, networkLocation: /default-rack, certSerialId: null}
2019-08-13 04:29:08,636 INFO  safemode.SCMSafeModeManager (DataNodeSafeModeRule.java:process(71)) - SCM in safe mode. 1 DataNodes registered, 1 required.
2019-08-13 04:29:08,639 INFO  safemode.SCMSafeModeManager (SCMSafeModeManager.java:validateSafeModeExitRules(177)) - ScmSafeModeManager, all rules are successfully validated
2019-08-13 04:29:08,639 INFO  safemode.SCMSafeModeManager (SCMSafeModeManager.java:exitSafeMode(193)) - SCM exiting safe mode.
2019-08-13 04:29:08,662 INFO  impl.RaftServerProxy (RaftServerProxy.java:addNew(89)) - 0e2f73e4-c2c2-47dd-8da6-d4e2491324da: addNew group-C51806014F6D:[0e2f73e4-c2c2-47dd-8da6-d4e2491324da:192.168.157.237:36388] returns group-C51806014F6D:java.util.concurrent.CompletableFuture@2ddf48bf[Not completed]
2019-08-13 04:29:08,664 INFO  impl.RaftServerImpl (RaftServerImpl.java:<init>(93)) - 0e2f73e4-c2c2-47dd-8da6-d4e2491324da: new RaftServerImpl for group-C51806014F6D:[0e2f73e4-c2c2-47dd-8da6-d4e2491324da:192.168.157.237:36388] with ContainerStateMachine:uninitialized
2019-08-13 04:29:08,664 INFO  server.RaftServerConfigKeys (ConfUtils.java:logGet(43)) - raft.server.rpc.timeout.min = 5s (custom)
2019-08-13 04:29:08,664 INFO  server.RaftServerConfigKeys (ConfUtils.java:logGet(43)) - raft.server.rpc.timeout.max = 5200ms (custom)
2019-08-13 04:29:08,664 INFO  server.RaftServerConfigKeys (ConfUtils.java:logGet(43)) - raft.server.rpcslowness.timeout = 120s (custom)
2019-08-13 04:29:08,664 INFO  server.RaftServerConfigKeys (ConfUtils.java:logGet(43)) - raft.server.sleep.deviation.threshold = 300 (default)
2019-08-13 04:29:08,664 INFO  server.RaftServerConfigKeys (ConfUtils.java:logGet(43)) - raft.server.log.appender.install.snapshot.enabled = false (custom)
2019-08-13 04:29:08,665 INFO  impl.RaftServerImpl (ServerState.java:<init>(105)) - 0e2f73e4-c2c2-47dd-8da6-d4e2491324da:group-C51806014F6D ConfigurationManager, init=-1: [0e2f73e4-c2c2-47dd-8da6-d4e2491324da:192.168.157.237:36388], old=null, confs=<EMPTY_MAP>
2019-08-13 04:29:08,665 INFO  server.RaftServerConfigKeys (ConfUtils.java:logGet(43)) - raft.server.storage.dir = [/workdir/hadoop-ozone/integration-test/target/test-dir/MiniOzoneClusterImpl-6b33123b-f564-4c6c-9efe-bfbfe8b5219f/datanode-0/data/ratis] (custom)
2019-08-13 04:29:08,665 INFO  storage.RaftStorageDirectory (RaftStorageDirectory.java:analyzeStorage(246)) - The storage directory /workdir/hadoop-ozone/integration-test/target/test-dir/MiniOzoneClusterImpl-6b33123b-f564-4c6c-9efe-bfbfe8b5219f/datanode-0/data/ratis/17c901b5-b00f-4088-ab90-c51806014f6d does not exist. Creating ...
2019-08-13 04:29:08,678 INFO  storage.RaftStorageDirectory (RaftStorageDirectory.java:tryLock(328)) - Lock on /workdir/hadoop-ozone/integration-test/target/test-dir/MiniOzoneClusterImpl-6b33123b-f564-4c6c-9efe-bfbfe8b5219f/datanode-0/data/ratis/17c901b5-b00f-4088-ab90-c51806014f6d/in_use.lock acquired by nodename 27072@byscane-nightly-fjrtm-1513846620
2019-08-13 04:29:08,692 INFO  storage.RaftStorage (RaftStorage.java:format(72)) - Storage directory /workdir/hadoop-ozone/integration-test/target/test-dir/MiniOzoneClusterImpl-6b33123b-f564-4c6c-9efe-bfbfe8b5219f/datanode-0/data/ratis/17c901b5-b00f-4088-ab90-c51806014f6d has been successfully formatted.
2019-08-13 04:29:08,692 INFO  ratis.ContainerStateMachine (ContainerStateMachine.java:loadSnapshot(213)) - group-C51806014F6D: The snapshot info is null. Setting the last applied indexto:(t:0, i:~)
2019-08-13 04:29:08,692 INFO  server.RaftServerConfigKeys (ConfUtils.java:logGet(43)) - raft.server.leader.election.timeout = 120s (custom)
2019-08-13 04:29:08,692 INFO  server.RaftServerConfigKeys (ConfUtils.java:logGet(43)) - raft.server.log.use.memory = false (default)
2019-08-13 04:29:08,692 INFO  server.RaftServerConfigKeys (ConfUtils.java:logGet(43)) - raft.server.log.purge.gap = 1000000000 (custom)
2019-08-13 04:29:08,693 INFO  server.RaftServerConfigKeys (ConfUtils.java:logGet(43)) - raft.server.log.appender.buffer.byte-limit = 33554432 (custom)
2019-08-13 04:29:08,693 INFO  server.RaftServerConfigKeys (ConfUtils.java:logGet(43)) - raft.server.log.segment.size.max = 1048576 (custom)
2019-08-13 04:29:08,693 INFO  server.RaftServerConfigKeys (ConfUtils.java:logGet(43)) - raft.server.log.segment.cache.num.max = 2 (custom)
2019-08-13 04:29:08,693 INFO  segmented.SegmentedRaftLogWorker (SegmentedRaftLogWorker.java:<init>(172)) - new 0e2f73e4-c2c2-47dd-8da6-d4e2491324da-SegmentedRaftLogWorker:Storage Directory /workdir/hadoop-ozone/integration-test/target/test-dir/MiniOzoneClusterImpl-6b33123b-f564-4c6c-9efe-bfbfe8b5219f/datanode-0/data/ratis/17c901b5-b00f-4088-ab90-c51806014f6d for RaftStorage:Storage Directory /workdir/hadoop-ozone/integration-test/target/test-dir/MiniOzoneClusterImpl-6b33123b-f564-4c6c-9efe-bfbfe8b5219f/datanode-0/data/ratis/17c901b5-b00f-4088-ab90-c51806014f6d
2019-08-13 04:29:08,693 INFO  server.RaftServerConfigKeys (ConfUtils.java:logGet(43)) - raft.server.log.queue.byte-limit = 2147483647 (custom)
2019-08-13 04:29:08,693 INFO  server.RaftServerConfigKeys (ConfUtils.java:logGet(43)) - raft.server.log.queue.element-limit = 1024 (custom)
2019-08-13 04:29:08,694 INFO  server.RaftServerConfigKeys (ConfUtils.java:logGet(43)) - raft.server.log.segment.size.max = 1048576 (custom)
2019-08-13 04:29:08,694 INFO  server.RaftServerConfigKeys (ConfUtils.java:logGet(43)) - raft.server.log.preallocated.size = 16384 (custom)
2019-08-13 04:29:08,694 INFO  server.RaftServerConfigKeys (ConfUtils.java:logGet(43)) - raft.server.log.write.buffer.size = 33554432 (custom)
2019-08-13 04:29:08,694 INFO  server.RaftServerConfigKeys (ConfUtils.java:logGet(43)) - raft.server.log.force.sync.num = 128 (default)
2019-08-13 04:29:08,694 INFO  server.RaftServerConfigKeys (ConfUtils.java:logGet(43)) - raft.server.log.statemachine.data.sync = true (default)
2019-08-13 04:29:08,694 INFO  server.RaftServerConfigKeys (ConfUtils.java:logGet(43)) - raft.server.log.statemachine.data.sync.timeout = 10s (default)
2019-08-13 04:29:08,694 INFO  server.RaftServerConfigKeys (ConfUtils.java:logGet(43)) - raft.server.log.statemachine.data.sync.timeout.retry = -1 (default)
2019-08-13 04:29:08,695 INFO  server.RaftServerConfigKeys (ConfUtils.java:logGet(43)) - raft.server.log.statemachine.data.caching.enabled = true (custom)
2019-08-13 04:29:08,695 INFO  segmented.SegmentedRaftLogWorker (SegmentedRaftLogWorker.java:lambda$new$0(132)) - 0e2f73e4-c2c2-47dd-8da6-d4e2491324da-SegmentedRaftLogWorker:Storage Directory /workdir/hadoop-ozone/integration-test/target/test-dir/MiniOzoneClusterImpl-6b33123b-f564-4c6c-9efe-bfbfe8b5219f/datanode-0/data/ratis/17c901b5-b00f-4088-ab90-c51806014f6d: flushIndex: setUnconditionally 0 -> -1
2019-08-13 04:29:08,695 INFO  server.RaftServerConfigKeys (ConfUtils.java:logGet(43)) - raft.server.snapshot.auto.trigger.enabled = true (custom)
2019-08-13 04:29:08,695 INFO  server.RaftServerConfigKeys (ConfUtils.java:logGet(43)) - raft.server.snapshot.auto.trigger.threshold = 10000 (custom)
2019-08-13 04:29:08,695 INFO  server.RaftServerConfigKeys (ConfUtils.java:logGet(43)) - raft.server.retrycache.expirytime = 600000ms (custom)
2019-08-13 04:29:08,696 INFO  impl.RaftServerImpl (RaftServerImpl.java:start(180)) - 0e2f73e4-c2c2-47dd-8da6-d4e2491324da: start group-C51806014F6D
2019-08-13 04:29:08,696 INFO  impl.RaftServerImpl (RaftServerImpl.java:setRole(171)) - 0e2f73e4-c2c2-47dd-8da6-d4e2491324da:group-C51806014F6D changes role from null to FOLLOWER at term 0 for startAsFollower
2019-08-13 04:29:08,696 INFO  impl.RoleInfo (RoleInfo.java:updateAndGet(143)) - 0e2f73e4-c2c2-47dd-8da6-d4e2491324da: start FollowerState
2019-08-13 04:29:08,696 INFO  util.JmxRegister (JmxRegister.java:tryRegister(44)) - Successfully registered JMX Bean with object name Ratis:service=RaftServer,group=group-C51806014F6D,id=0e2f73e4-c2c2-47dd-8da6-d4e2491324da
2019-08-13 04:29:08,705 INFO  pipeline.PipelineStateManager (PipelineStateManager.java:addPipeline(56)) - Created pipeline Pipeline[ Id: 17c901b5-b00f-4088-ab90-c51806014f6d, Nodes: 0e2f73e4-c2c2-47dd-8da6-d4e2491324da{ip: 192.168.157.237, host: byscane-nightly-fjrtm-1513846620, networkLocation: /default-rack, certSerialId: null}, Type:RATIS, Factor:ONE, State:OPEN]
2019-08-13 04:29:08,844 INFO  net.NetworkTopology (NetworkTopologyImpl.java:add(110)) - Added a new node: /default-rack/12f5b0ca-1960-4d87-af84-ad0d4be0f7a2
2019-08-13 04:29:08,844 INFO  node.SCMNodeManager (SCMNodeManager.java:register(273)) - Registered Data node : 12f5b0ca-1960-4d87-af84-ad0d4be0f7a2{ip: 192.168.157.237, host: byscane-nightly-fjrtm-1513846620, networkLocation: /default-rack, certSerialId: null}
2019-08-13 04:29:08,863 INFO  impl.RaftServerProxy (RaftServerProxy.java:addNew(89)) - 12f5b0ca-1960-4d87-af84-ad0d4be0f7a2: addNew group-53469F415B01:[12f5b0ca-1960-4d87-af84-ad0d4be0f7a2:192.168.157.237:46162] returns group-53469F415B01:java.util.concurrent.CompletableFuture@6640527f[Not completed]
2019-08-13 04:29:08,864 INFO  impl.RaftServerImpl (RaftServerImpl.java:<init>(93)) - 12f5b0ca-1960-4d87-af84-ad0d4be0f7a2: new RaftServerImpl for group-53469F415B01:[12f5b0ca-1960-4d87-af84-ad0d4be0f7a2:192.168.157.237:46162] with ContainerStateMachine:uninitialized
2019-08-13 04:29:08,865 INFO  server.RaftServerConfigKeys (ConfUtils.java:logGet(43)) - raft.server.rpc.timeout.min = 5s (custom)
2019-08-13 04:29:08,865 INFO  server.RaftServerConfigKeys (ConfUtils.java:logGet(43)) - raft.server.rpc.timeout.max = 5200ms (custom)
2019-08-13 04:29:08,865 INFO  server.RaftServerConfigKeys (ConfUtils.java:logGet(43)) - raft.server.rpcslowness.timeout = 120s (custom)
2019-08-13 04:29:08,865 INFO  server.RaftServerConfigKeys (ConfUtils.java:logGet(43)) - raft.server.sleep.deviation.threshold = 300 (default)
2019-08-13 04:29:08,865 INFO  server.RaftServerConfigKeys (ConfUtils.java:logGet(43)) - raft.server.log.appender.install.snapshot.enabled = false (custom)
2019-08-13 04:29:08,866 INFO  impl.RaftServerImpl (ServerState.java:<init>(105)) - 12f5b0ca-1960-4d87-af84-ad0d4be0f7a2:group-53469F415B01 ConfigurationManager, init=-1: [12f5b0ca-1960-4d87-af84-ad0d4be0f7a2:192.168.157.237:46162], old=null, confs=<EMPTY_MAP>
2019-08-13 04:29:08,866 INFO  server.RaftServerConfigKeys (ConfUtils.java:logGet(43)) - raft.server.storage.dir = [/workdir/hadoop-ozone/integration-test/target/test-dir/MiniOzoneClusterImpl-6b33123b-f564-4c6c-9efe-bfbfe8b5219f/datanode-1/data/ratis] (custom)
2019-08-13 04:29:08,866 INFO  storage.RaftStorageDirectory (RaftStorageDirectory.java:analyzeStorage(246)) - The storage directory /workdir/hadoop-ozone/integration-test/target/test-dir/MiniOzoneClusterImpl-6b33123b-f564-4c6c-9efe-bfbfe8b5219f/datanode-1/data/ratis/34c5548c-e80d-4ee2-b904-53469f415b01 does not exist. Creating ...
2019-08-13 04:29:08,880 INFO  storage.RaftStorageDirectory (RaftStorageDirectory.java:tryLock(328)) - Lock on /workdir/hadoop-ozone/integration-test/target/test-dir/MiniOzoneClusterImpl-6b33123b-f564-4c6c-9efe-bfbfe8b5219f/datanode-1/data/ratis/34c5548c-e80d-4ee2-b904-53469f415b01/in_use.lock acquired by nodename 27072@byscane-nightly-fjrtm-1513846620
2019-08-13 04:29:08,894 INFO  storage.RaftStorage (RaftStorage.java:format(72)) - Storage directory /workdir/hadoop-ozone/integration-test/target/test-dir/MiniOzoneClusterImpl-6b33123b-f564-4c6c-9efe-bfbfe8b5219f/datanode-1/data/ratis/34c5548c-e80d-4ee2-b904-53469f415b01 has been successfully formatted.
2019-08-13 04:29:08,894 INFO  ratis.ContainerStateMachine (ContainerStateMachine.java:loadSnapshot(213)) - group-53469F415B01: The snapshot info is null. Setting the last applied indexto:(t:0, i:~)
2019-08-13 04:29:08,895 INFO  server.RaftServerConfigKeys (ConfUtils.java:logGet(43)) - raft.server.leader.election.timeout = 120s (custom)
2019-08-13 04:29:08,895 INFO  server.RaftServerConfigKeys (ConfUtils.java:logGet(43)) - raft.server.log.use.memory = false (default)
2019-08-13 04:29:08,895 INFO  server.RaftServerConfigKeys (ConfUtils.java:logGet(43)) - raft.server.log.purge.gap = 1000000000 (custom)
2019-08-13 04:29:08,895 INFO  server.RaftServerConfigKeys (ConfUtils.java:logGet(43)) - raft.server.log.appender.buffer.byte-limit = 33554432 (custom)
2019-08-13 04:29:08,895 INFO  server.RaftServerConfigKeys (ConfUtils.java:logGet(43)) - raft.server.log.segment.size.max = 1048576 (custom)
2019-08-13 04:29:08,896 INFO  server.RaftServerConfigKeys (ConfUtils.java:logGet(43)) - raft.server.log.segment.cache.num.max = 2 (custom)
2019-08-13 04:29:08,896 INFO  segmented.SegmentedRaftLogWorker (SegmentedRaftLogWorker.java:<init>(172)) - new 12f5b0ca-1960-4d87-af84-ad0d4be0f7a2-SegmentedRaftLogWorker:Storage Directory /workdir/hadoop-ozone/integration-test/target/test-dir/MiniOzoneClusterImpl-6b33123b-f564-4c6c-9efe-bfbfe8b5219f/datanode-1/data/ratis/34c5548c-e80d-4ee2-b904-53469f415b01 for RaftStorage:Storage Directory /workdir/hadoop-ozone/integration-test/target/test-dir/MiniOzoneClusterImpl-6b33123b-f564-4c6c-9efe-bfbfe8b5219f/datanode-1/data/ratis/34c5548c-e80d-4ee2-b904-53469f415b01
2019-08-13 04:29:08,896 INFO  server.RaftServerConfigKeys (ConfUtils.java:logGet(43)) - raft.server.log.queue.byte-limit = 2147483647 (custom)
2019-08-13 04:29:08,896 INFO  server.RaftServerConfigKeys (ConfUtils.java:logGet(43)) - raft.server.log.queue.element-limit = 1024 (custom)
2019-08-13 04:29:08,896 INFO  server.RaftServerConfigKeys (ConfUtils.java:logGet(43)) - raft.server.log.segment.size.max = 1048576 (custom)
2019-08-13 04:29:08,896 INFO  server.RaftServerConfigKeys (ConfUtils.java:logGet(43)) - raft.server.log.preallocated.size = 16384 (custom)
2019-08-13 04:29:08,896 INFO  server.RaftServerConfigKeys (ConfUtils.java:logGet(43)) - raft.server.log.write.buffer.size = 33554432 (custom)
2019-08-13 04:29:08,896 INFO  server.RaftServerConfigKeys (ConfUtils.java:logGet(43)) - raft.server.log.force.sync.num = 128 (default)
2019-08-13 04:29:08,896 INFO  server.RaftServerConfigKeys (ConfUtils.java:logGet(43)) - raft.server.log.statemachine.data.sync = true (default)
2019-08-13 04:29:08,897 INFO  server.RaftServerConfigKeys (ConfUtils.java:logGet(43)) - raft.server.log.statemachine.data.sync.timeout = 10s (default)
2019-08-13 04:29:08,897 INFO  server.RaftServerConfigKeys (ConfUtils.java:logGet(43)) - raft.server.log.statemachine.data.sync.timeout.retry = -1 (default)
2019-08-13 04:29:08,897 INFO  server.RaftServerConfigKeys (ConfUtils.java:logGet(43)) - raft.server.log.statemachine.data.caching.enabled = true (custom)
2019-08-13 04:29:08,897 INFO  segmented.SegmentedRaftLogWorker (SegmentedRaftLogWorker.java:lambda$new$0(132)) - 12f5b0ca-1960-4d87-af84-ad0d4be0f7a2-SegmentedRaftLogWorker:Storage Directory /workdir/hadoop-ozone/integration-test/target/test-dir/MiniOzoneClusterImpl-6b33123b-f564-4c6c-9efe-bfbfe8b5219f/datanode-1/data/ratis/34c5548c-e80d-4ee2-b904-53469f415b01: flushIndex: setUnconditionally 0 -> -1
2019-08-13 04:29:08,898 INFO  server.RaftServerConfigKeys (ConfUtils.java:logGet(43)) - raft.server.snapshot.auto.trigger.enabled = true (custom)
2019-08-13 04:29:08,898 INFO  server.RaftServerConfigKeys (ConfUtils.java:logGet(43)) - raft.server.snapshot.auto.trigger.threshold = 10000 (custom)
2019-08-13 04:29:08,898 INFO  server.RaftServerConfigKeys (ConfUtils.java:logGet(43)) - raft.server.retrycache.expirytime = 600000ms (custom)
2019-08-13 04:29:08,898 INFO  impl.RaftServerImpl (RaftServerImpl.java:start(180)) - 12f5b0ca-1960-4d87-af84-ad0d4be0f7a2: start group-53469F415B01
2019-08-13 04:29:08,898 INFO  impl.RaftServerImpl (RaftServerImpl.java:setRole(171)) - 12f5b0ca-1960-4d87-af84-ad0d4be0f7a2:group-53469F415B01 changes role from null to FOLLOWER at term 0 for startAsFollower
2019-08-13 04:29:08,898 INFO  impl.RoleInfo (RoleInfo.java:updateAndGet(143)) - 12f5b0ca-1960-4d87-af84-ad0d4be0f7a2: start FollowerState
2019-08-13 04:29:08,899 INFO  util.JmxRegister (JmxRegister.java:tryRegister(44)) - Successfully registered JMX Bean with object name Ratis:service=RaftServer,group=group-53469F415B01,id=12f5b0ca-1960-4d87-af84-ad0d4be0f7a2
2019-08-13 04:29:08,909 INFO  pipeline.PipelineStateManager (PipelineStateManager.java:addPipeline(56)) - Created pipeline Pipeline[ Id: 34c5548c-e80d-4ee2-b904-53469f415b01, Nodes: 12f5b0ca-1960-4d87-af84-ad0d4be0f7a2{ip: 192.168.157.237, host: byscane-nightly-fjrtm-1513846620, networkLocation: /default-rack, certSerialId: null}, Type:RATIS, Factor:ONE, State:OPEN]
2019-08-13 04:29:09,060 INFO  ozone.MiniOzoneClusterImpl (MiniOzoneClusterImpl.java:lambda$waitForClusterToBeReady$0(142)) - Waiting for cluster to be ready. Got 2 of 3 DN Heartbeats.
2019-08-13 04:29:09,061 INFO  net.NetworkTopology (NetworkTopologyImpl.java:add(110)) - Added a new node: /default-rack/33d130cf-f20f-4868-8606-5e4fa050b9e8
2019-08-13 04:29:09,061 INFO  node.SCMNodeManager (SCMNodeManager.java:register(273)) - Registered Data node : 33d130cf-f20f-4868-8606-5e4fa050b9e8{ip: 192.168.157.237, host: byscane-nightly-fjrtm-1513846620, networkLocation: /default-rack, certSerialId: null}
2019-08-13 04:29:09,081 INFO  impl.RaftServerProxy (RaftServerProxy.java:addNew(89)) - 33d130cf-f20f-4868-8606-5e4fa050b9e8: addNew group-35277B9E0952:[33d130cf-f20f-4868-8606-5e4fa050b9e8:192.168.157.237:33602] returns group-35277B9E0952:java.util.concurrent.CompletableFuture@3713e4e7[Not completed]
2019-08-13 04:29:09,082 INFO  impl.RaftServerImpl (RaftServerImpl.java:<init>(93)) - 33d130cf-f20f-4868-8606-5e4fa050b9e8: new RaftServerImpl for group-35277B9E0952:[33d130cf-f20f-4868-8606-5e4fa050b9e8:192.168.157.237:33602] with ContainerStateMachine:uninitialized
2019-08-13 04:29:09,082 INFO  server.RaftServerConfigKeys (ConfUtils.java:logGet(43)) - raft.server.rpc.timeout.min = 5s (custom)
2019-08-13 04:29:09,082 INFO  server.RaftServerConfigKeys (ConfUtils.java:logGet(43)) - raft.server.rpc.timeout.max = 5200ms (custom)
2019-08-13 04:29:09,083 INFO  server.RaftServerConfigKeys (ConfUtils.java:logGet(43)) - raft.server.rpcslowness.timeout = 120s (custom)
2019-08-13 04:29:09,083 INFO  server.RaftServerConfigKeys (ConfUtils.java:logGet(43)) - raft.server.sleep.deviation.threshold = 300 (default)
2019-08-13 04:29:09,083 INFO  server.RaftServerConfigKeys (ConfUtils.java:logGet(43)) - raft.server.log.appender.install.snapshot.enabled = false (custom)
2019-08-13 04:29:09,083 INFO  impl.RaftServerImpl (ServerState.java:<init>(105)) - 33d130cf-f20f-4868-8606-5e4fa050b9e8:group-35277B9E0952 ConfigurationManager, init=-1: [33d130cf-f20f-4868-8606-5e4fa050b9e8:192.168.157.237:33602], old=null, confs=<EMPTY_MAP>
2019-08-13 04:29:09,084 INFO  server.RaftServerConfigKeys (ConfUtils.java:logGet(43)) - raft.server.storage.dir = [/workdir/hadoop-ozone/integration-test/target/test-dir/MiniOzoneClusterImpl-6b33123b-f564-4c6c-9efe-bfbfe8b5219f/datanode-2/data/ratis] (custom)
2019-08-13 04:29:09,084 INFO  storage.RaftStorageDirectory (RaftStorageDirectory.java:analyzeStorage(246)) - The storage directory /workdir/hadoop-ozone/integration-test/target/test-dir/MiniOzoneClusterImpl-6b33123b-f564-4c6c-9efe-bfbfe8b5219f/datanode-2/data/ratis/5ab134eb-a44a-4558-9e85-35277b9e0952 does not exist. Creating ...
2019-08-13 04:29:09,098 INFO  storage.RaftStorageDirectory (RaftStorageDirectory.java:tryLock(328)) - Lock on /workdir/hadoop-ozone/integration-test/target/test-dir/MiniOzoneClusterImpl-6b33123b-f564-4c6c-9efe-bfbfe8b5219f/datanode-2/data/ratis/5ab134eb-a44a-4558-9e85-35277b9e0952/in_use.lock acquired by nodename 27072@byscane-nightly-fjrtm-1513846620
2019-08-13 04:29:09,111 INFO  storage.RaftStorage (RaftStorage.java:format(72)) - Storage directory /workdir/hadoop-ozone/integration-test/target/test-dir/MiniOzoneClusterImpl-6b33123b-f564-4c6c-9efe-bfbfe8b5219f/datanode-2/data/ratis/5ab134eb-a44a-4558-9e85-35277b9e0952 has been successfully formatted.
2019-08-13 04:29:09,111 INFO  ratis.ContainerStateMachine (ContainerStateMachine.java:loadSnapshot(213)) - group-35277B9E0952: The snapshot info is null. Setting the last applied indexto:(t:0, i:~)
2019-08-13 04:29:09,112 INFO  server.RaftServerConfigKeys (ConfUtils.java:logGet(43)) - raft.server.leader.election.timeout = 120s (custom)
2019-08-13 04:29:09,112 INFO  server.RaftServerConfigKeys (ConfUtils.java:logGet(43)) - raft.server.log.use.memory = false (default)
2019-08-13 04:29:09,112 INFO  server.RaftServerConfigKeys (ConfUtils.java:logGet(43)) - raft.server.log.purge.gap = 1000000000 (custom)
2019-08-13 04:29:09,112 INFO  server.RaftServerConfigKeys (ConfUtils.java:logGet(43)) - raft.server.log.appender.buffer.byte-limit = 33554432 (custom)
2019-08-13 04:29:09,112 INFO  server.RaftServerConfigKeys (ConfUtils.java:logGet(43)) - raft.server.log.segment.size.max = 1048576 (custom)
2019-08-13 04:29:09,113 INFO  server.RaftServerConfigKeys (ConfUtils.java:logGet(43)) - raft.server.log.segment.cache.num.max = 2 (custom)
2019-08-13 04:29:09,113 INFO  segmented.SegmentedRaftLogWorker (SegmentedRaftLogWorker.java:<init>(172)) - new 33d130cf-f20f-4868-8606-5e4fa050b9e8-SegmentedRaftLogWorker:Storage Directory /workdir/hadoop-ozone/integration-test/target/test-dir/MiniOzoneClusterImpl-6b33123b-f564-4c6c-9efe-bfbfe8b5219f/datanode-2/data/ratis/5ab134eb-a44a-4558-9e85-35277b9e0952 for RaftStorage:Storage Directory /workdir/hadoop-ozone/integration-test/target/test-dir/MiniOzoneClusterImpl-6b33123b-f564-4c6c-9efe-bfbfe8b5219f/datanode-2/data/ratis/5ab134eb-a44a-4558-9e85-35277b9e0952
2019-08-13 04:29:09,113 INFO  server.RaftServerConfigKeys (ConfUtils.java:logGet(43)) - raft.server.log.queue.byte-limit = 2147483647 (custom)
2019-08-13 04:29:09,113 INFO  server.RaftServerConfigKeys (ConfUtils.java:logGet(43)) - raft.server.log.queue.element-limit = 1024 (custom)
2019-08-13 04:29:09,113 INFO  server.RaftServerConfigKeys (ConfUtils.java:logGet(43)) - raft.server.log.segment.size.max = 1048576 (custom)
2019-08-13 04:29:09,114 INFO  server.RaftServerConfigKeys (ConfUtils.java:logGet(43)) - raft.server.log.preallocated.size = 16384 (custom)
2019-08-13 04:29:09,114 INFO  server.RaftServerConfigKeys (ConfUtils.java:logGet(43)) - raft.server.log.write.buffer.size = 33554432 (custom)
2019-08-13 04:29:09,114 INFO  server.RaftServerConfigKeys (ConfUtils.java:logGet(43)) - raft.server.log.force.sync.num = 128 (default)
2019-08-13 04:29:09,114 INFO  server.RaftServerConfigKeys (ConfUtils.java:logGet(43)) - raft.server.log.statemachine.data.sync = true (default)
2019-08-13 04:29:09,114 INFO  server.RaftServerConfigKeys (ConfUtils.java:logGet(43)) - raft.server.log.statemachine.data.sync.timeout = 10s (default)
2019-08-13 04:29:09,114 INFO  server.RaftServerConfigKeys (ConfUtils.java:logGet(43)) - raft.server.log.statemachine.data.sync.timeout.retry = -1 (default)
2019-08-13 04:29:09,115 INFO  server.RaftServerConfigKeys (ConfUtils.java:logGet(43)) - raft.server.log.statemachine.data.caching.enabled = true (custom)
2019-08-13 04:29:09,115 INFO  segmented.SegmentedRaftLogWorker (SegmentedRaftLogWorker.java:lambda$new$0(132)) - 33d130cf-f20f-4868-8606-5e4fa050b9e8-SegmentedRaftLogWorker:Storage Directory /workdir/hadoop-ozone/integration-test/target/test-dir/MiniOzoneClusterImpl-6b33123b-f564-4c6c-9efe-bfbfe8b5219f/datanode-2/data/ratis/5ab134eb-a44a-4558-9e85-35277b9e0952: flushIndex: setUnconditionally 0 -> -1
2019-08-13 04:29:09,115 INFO  server.RaftServerConfigKeys (ConfUtils.java:logGet(43)) - raft.server.snapshot.auto.trigger.enabled = true (custom)
2019-08-13 04:29:09,116 INFO  server.RaftServerConfigKeys (ConfUtils.java:logGet(43)) - raft.server.snapshot.auto.trigger.threshold = 10000 (custom)
2019-08-13 04:29:09,116 INFO  server.RaftServerConfigKeys (ConfUtils.java:logGet(43)) - raft.server.retrycache.expirytime = 600000ms (custom)
2019-08-13 04:29:09,116 INFO  impl.RaftServerImpl (RaftServerImpl.java:start(180)) - 33d130cf-f20f-4868-8606-5e4fa050b9e8: start group-35277B9E0952
2019-08-13 04:29:09,116 INFO  impl.RaftServerImpl (RaftServerImpl.java:setRole(171)) - 33d130cf-f20f-4868-8606-5e4fa050b9e8:group-35277B9E0952 changes role from null to FOLLOWER at term 0 for startAsFollower
2019-08-13 04:29:09,116 INFO  impl.RoleInfo (RoleInfo.java:updateAndGet(143)) - 33d130cf-f20f-4868-8606-5e4fa050b9e8: start FollowerState
2019-08-13 04:29:09,117 INFO  util.JmxRegister (JmxRegister.java:tryRegister(44)) - Successfully registered JMX Bean with object name Ratis:service=RaftServer,group=group-35277B9E0952,id=33d130cf-f20f-4868-8606-5e4fa050b9e8
2019-08-13 04:29:09,126 INFO  pipeline.PipelineStateManager (PipelineStateManager.java:addPipeline(56)) - Created pipeline Pipeline[ Id: 5ab134eb-a44a-4558-9e85-35277b9e0952, Nodes: 33d130cf-f20f-4868-8606-5e4fa050b9e8{ip: 192.168.157.237, host: byscane-nightly-fjrtm-1513846620, networkLocation: /default-rack, certSerialId: null}, Type:RATIS, Factor:ONE, State:OPEN]
2019-08-13 04:29:09,162 INFO  impl.RaftServerProxy (RaftServerProxy.java:addNew(89)) - 33d130cf-f20f-4868-8606-5e4fa050b9e8: addNew group-62E5278738CD:[0e2f73e4-c2c2-47dd-8da6-d4e2491324da:192.168.157.237:36388, 33d130cf-f20f-4868-8606-5e4fa050b9e8:192.168.157.237:33602, 12f5b0ca-1960-4d87-af84-ad0d4be0f7a2:192.168.157.237:46162] returns group-62E5278738CD:java.util.concurrent.CompletableFuture@1cd9846b[Not completed]
2019-08-13 04:29:09,162 INFO  impl.RaftServerProxy (RaftServerProxy.java:addNew(89)) - 0e2f73e4-c2c2-47dd-8da6-d4e2491324da: addNew group-62E5278738CD:[0e2f73e4-c2c2-47dd-8da6-d4e2491324da:192.168.157.237:36388, 33d130cf-f20f-4868-8606-5e4fa050b9e8:192.168.157.237:33602, 12f5b0ca-1960-4d87-af84-ad0d4be0f7a2:192.168.157.237:46162] returns group-62E5278738CD:java.util.concurrent.CompletableFuture@9568da8[Not completed]
2019-08-13 04:29:09,162 INFO  impl.RaftServerProxy (RaftServerProxy.java:addNew(89)) - 12f5b0ca-1960-4d87-af84-ad0d4be0f7a2: addNew group-62E5278738CD:[0e2f73e4-c2c2-47dd-8da6-d4e2491324da:192.168.157.237:36388, 33d130cf-f20f-4868-8606-5e4fa050b9e8:192.168.157.237:33602, 12f5b0ca-1960-4d87-af84-ad0d4be0f7a2:192.168.157.237:46162] returns group-62E5278738CD:java.util.concurrent.CompletableFuture@1b3d10af[Not completed]
2019-08-13 04:29:09,163 INFO  impl.RaftServerImpl (RaftServerImpl.java:<init>(93)) - 33d130cf-f20f-4868-8606-5e4fa050b9e8: new RaftServerImpl for group-62E5278738CD:[0e2f73e4-c2c2-47dd-8da6-d4e2491324da:192.168.157.237:36388, 33d130cf-f20f-4868-8606-5e4fa050b9e8:192.168.157.237:33602, 12f5b0ca-1960-4d87-af84-ad0d4be0f7a2:192.168.157.237:46162] with ContainerStateMachine:uninitialized
2019-08-13 04:29:09,163 INFO  server.RaftServerConfigKeys (ConfUtils.java:logGet(43)) - raft.server.rpc.timeout.min = 5s (custom)
2019-08-13 04:29:09,163 INFO  server.RaftServerConfigKeys (ConfUtils.java:logGet(43)) - raft.server.rpc.timeout.max = 5200ms (custom)
2019-08-13 04:29:09,163 INFO  server.RaftServerConfigKeys (ConfUtils.java:logGet(43)) - raft.server.rpcslowness.timeout = 120s (custom)
2019-08-13 04:29:09,163 INFO  impl.RaftServerImpl (RaftServerImpl.java:<init>(93)) - 12f5b0ca-1960-4d87-af84-ad0d4be0f7a2: new RaftServerImpl for group-62E5278738CD:[0e2f73e4-c2c2-47dd-8da6-d4e2491324da:192.168.157.237:36388, 33d130cf-f20f-4868-8606-5e4fa050b9e8:192.168.157.237:33602, 12f5b0ca-1960-4d87-af84-ad0d4be0f7a2:192.168.157.237:46162] with ContainerStateMachine:uninitialized
2019-08-13 04:29:09,163 INFO  server.RaftServerConfigKeys (ConfUtils.java:logGet(43)) - raft.server.sleep.deviation.threshold = 300 (default)
2019-08-13 04:29:09,164 INFO  server.RaftServerConfigKeys (ConfUtils.java:logGet(43)) - raft.server.rpc.timeout.min = 5s (custom)
2019-08-13 04:29:09,164 INFO  server.RaftServerConfigKeys (ConfUtils.java:logGet(43)) - raft.server.log.appender.install.snapshot.enabled = false (custom)
2019-08-13 04:29:09,164 INFO  impl.RaftServerImpl (RaftServerImpl.java:<init>(93)) - 0e2f73e4-c2c2-47dd-8da6-d4e2491324da: new RaftServerImpl for group-62E5278738CD:[0e2f73e4-c2c2-47dd-8da6-d4e2491324da:192.168.157.237:36388, 33d130cf-f20f-4868-8606-5e4fa050b9e8:192.168.157.237:33602, 12f5b0ca-1960-4d87-af84-ad0d4be0f7a2:192.168.157.237:46162] with ContainerStateMachine:uninitialized
2019-08-13 04:29:09,164 INFO  server.RaftServerConfigKeys (ConfUtils.java:logGet(43)) - raft.server.rpc.timeout.max = 5200ms (custom)
2019-08-13 04:29:09,164 INFO  server.RaftServerConfigKeys (ConfUtils.java:logGet(43)) - raft.server.rpc.timeout.min = 5s (custom)
2019-08-13 04:29:09,164 INFO  impl.RaftServerImpl (ServerState.java:<init>(105)) - 33d130cf-f20f-4868-8606-5e4fa050b9e8:group-62E5278738CD ConfigurationManager, init=-1: [0e2f73e4-c2c2-47dd-8da6-d4e2491324da:192.168.157.237:36388, 33d130cf-f20f-4868-8606-5e4fa050b9e8:192.168.157.237:33602, 12f5b0ca-1960-4d87-af84-ad0d4be0f7a2:192.168.157.237:46162], old=null, confs=<EMPTY_MAP>
2019-08-13 04:29:09,164 INFO  server.RaftServerConfigKeys (ConfUtils.java:logGet(43)) - raft.server.rpc.timeout.max = 5200ms (custom)
2019-08-13 04:29:09,164 INFO  server.RaftServerConfigKeys (ConfUtils.java:logGet(43)) - raft.server.rpcslowness.timeout = 120s (custom)
2019-08-13 04:29:09,164 INFO  server.RaftServerConfigKeys (ConfUtils.java:logGet(43)) - raft.server.rpcslowness.timeout = 120s (custom)
2019-08-13 04:29:09,164 INFO  server.RaftServerConfigKeys (ConfUtils.java:logGet(43)) - raft.server.storage.dir = [/workdir/hadoop-ozone/integration-test/target/test-dir/MiniOzoneClusterImpl-6b33123b-f564-4c6c-9efe-bfbfe8b5219f/datanode-2/data/ratis] (custom)
2019-08-13 04:29:09,164 INFO  server.RaftServerConfigKeys (ConfUtils.java:logGet(43)) - raft.server.sleep.deviation.threshold = 300 (default)
2019-08-13 04:29:09,164 INFO  server.RaftServerConfigKeys (ConfUtils.java:logGet(43)) - raft.server.sleep.deviation.threshold = 300 (default)
2019-08-13 04:29:09,164 INFO  server.RaftServerConfigKeys (ConfUtils.java:logGet(43)) - raft.server.log.appender.install.snapshot.enabled = false (custom)
2019-08-13 04:29:09,165 INFO  server.RaftServerConfigKeys (ConfUtils.java:logGet(43)) - raft.server.log.appender.install.snapshot.enabled = false (custom)
2019-08-13 04:29:09,165 INFO  impl.RaftServerImpl (ServerState.java:<init>(105)) - 0e2f73e4-c2c2-47dd-8da6-d4e2491324da:group-62E5278738CD ConfigurationManager, init=-1: [0e2f73e4-c2c2-47dd-8da6-d4e2491324da:192.168.157.237:36388, 33d130cf-f20f-4868-8606-5e4fa050b9e8:192.168.157.237:33602, 12f5b0ca-1960-4d87-af84-ad0d4be0f7a2:192.168.157.237:46162], old=null, confs=<EMPTY_MAP>
2019-08-13 04:29:09,165 INFO  storage.RaftStorageDirectory (RaftStorageDirectory.java:analyzeStorage(246)) - The storage directory /workdir/hadoop-ozone/integration-test/target/test-dir/MiniOzoneClusterImpl-6b33123b-f564-4c6c-9efe-bfbfe8b5219f/datanode-2/data/ratis/3d32120a-283f-480f-acc6-62e5278738cd does not exist. Creating ...
2019-08-13 04:29:09,165 INFO  server.RaftServerConfigKeys (ConfUtils.java:logGet(43)) - raft.server.storage.dir = [/workdir/hadoop-ozone/integration-test/target/test-dir/MiniOzoneClusterImpl-6b33123b-f564-4c6c-9efe-bfbfe8b5219f/datanode-0/data/ratis] (custom)
2019-08-13 04:29:09,165 INFO  impl.RaftServerImpl (ServerState.java:<init>(105)) - 12f5b0ca-1960-4d87-af84-ad0d4be0f7a2:group-62E5278738CD ConfigurationManager, init=-1: [0e2f73e4-c2c2-47dd-8da6-d4e2491324da:192.168.157.237:36388, 33d130cf-f20f-4868-8606-5e4fa050b9e8:192.168.157.237:33602, 12f5b0ca-1960-4d87-af84-ad0d4be0f7a2:192.168.157.237:46162], old=null, confs=<EMPTY_MAP>
2019-08-13 04:29:09,165 INFO  server.RaftServerConfigKeys (ConfUtils.java:logGet(43)) - raft.server.storage.dir = [/workdir/hadoop-ozone/integration-test/target/test-dir/MiniOzoneClusterImpl-6b33123b-f564-4c6c-9efe-bfbfe8b5219f/datanode-1/data/ratis] (custom)
2019-08-13 04:29:09,165 INFO  storage.RaftStorageDirectory (RaftStorageDirectory.java:analyzeStorage(246)) - The storage directory /workdir/hadoop-ozone/integration-test/target/test-dir/MiniOzoneClusterImpl-6b33123b-f564-4c6c-9efe-bfbfe8b5219f/datanode-0/data/ratis/3d32120a-283f-480f-acc6-62e5278738cd does not exist. Creating ...
2019-08-13 04:29:09,165 INFO  storage.RaftStorageDirectory (RaftStorageDirectory.java:analyzeStorage(246)) - The storage directory /workdir/hadoop-ozone/integration-test/target/test-dir/MiniOzoneClusterImpl-6b33123b-f564-4c6c-9efe-bfbfe8b5219f/datanode-1/data/ratis/3d32120a-283f-480f-acc6-62e5278738cd does not exist. Creating ...
2019-08-13 04:29:09,178 INFO  storage.RaftStorageDirectory (RaftStorageDirectory.java:tryLock(328)) - Lock on /workdir/hadoop-ozone/integration-test/target/test-dir/MiniOzoneClusterImpl-6b33123b-f564-4c6c-9efe-bfbfe8b5219f/datanode-2/data/ratis/3d32120a-283f-480f-acc6-62e5278738cd/in_use.lock acquired by nodename 27072@byscane-nightly-fjrtm-1513846620
2019-08-13 04:29:09,178 INFO  storage.RaftStorageDirectory (RaftStorageDirectory.java:tryLock(328)) - Lock on /workdir/hadoop-ozone/integration-test/target/test-dir/MiniOzoneClusterImpl-6b33123b-f564-4c6c-9efe-bfbfe8b5219f/datanode-1/data/ratis/3d32120a-283f-480f-acc6-62e5278738cd/in_use.lock acquired by nodename 27072@byscane-nightly-fjrtm-1513846620
2019-08-13 04:29:09,178 INFO  storage.RaftStorageDirectory (RaftStorageDirectory.java:tryLock(328)) - Lock on /workdir/hadoop-ozone/integration-test/target/test-dir/MiniOzoneClusterImpl-6b33123b-f564-4c6c-9efe-bfbfe8b5219f/datanode-0/data/ratis/3d32120a-283f-480f-acc6-62e5278738cd/in_use.lock acquired by nodename 27072@byscane-nightly-fjrtm-1513846620
2019-08-13 04:29:09,192 INFO  storage.RaftStorage (RaftStorage.java:format(72)) - Storage directory /workdir/hadoop-ozone/integration-test/target/test-dir/MiniOzoneClusterImpl-6b33123b-f564-4c6c-9efe-bfbfe8b5219f/datanode-1/data/ratis/3d32120a-283f-480f-acc6-62e5278738cd has been successfully formatted.
2019-08-13 04:29:09,192 INFO  storage.RaftStorage (RaftStorage.java:format(72)) - Storage directory /workdir/hadoop-ozone/integration-test/target/test-dir/MiniOzoneClusterImpl-6b33123b-f564-4c6c-9efe-bfbfe8b5219f/datanode-0/data/ratis/3d32120a-283f-480f-acc6-62e5278738cd has been successfully formatted.
2019-08-13 04:29:09,192 INFO  storage.RaftStorage (RaftStorage.java:format(72)) - Storage directory /workdir/hadoop-ozone/integration-test/target/test-dir/MiniOzoneClusterImpl-6b33123b-f564-4c6c-9efe-bfbfe8b5219f/datanode-2/data/ratis/3d32120a-283f-480f-acc6-62e5278738cd has been successfully formatted.
2019-08-13 04:29:09,192 INFO  ratis.ContainerStateMachine (ContainerStateMachine.java:loadSnapshot(213)) - group-62E5278738CD: The snapshot info is null. Setting the last applied indexto:(t:0, i:~)
2019-08-13 04:29:09,192 INFO  ratis.ContainerStateMachine (ContainerStateMachine.java:loadSnapshot(213)) - group-62E5278738CD: The snapshot info is null. Setting the last applied indexto:(t:0, i:~)
2019-08-13 04:29:09,192 INFO  server.RaftServerConfigKeys (ConfUtils.java:logGet(43)) - raft.server.leader.election.timeout = 120s (custom)
2019-08-13 04:29:09,192 INFO  ratis.ContainerStateMachine (ContainerStateMachine.java:loadSnapshot(213)) - group-62E5278738CD: The snapshot info is null. Setting the last applied indexto:(t:0, i:~)
2019-08-13 04:29:09,193 INFO  server.RaftServerConfigKeys (ConfUtils.java:logGet(43)) - raft.server.log.use.memory = false (default)
2019-08-13 04:29:09,192 INFO  server.RaftServerConfigKeys (ConfUtils.java:logGet(43)) - raft.server.leader.election.timeout = 120s (custom)
2019-08-13 04:29:09,193 INFO  server.RaftServerConfigKeys (ConfUtils.java:logGet(43)) - raft.server.log.purge.gap = 1000000000 (custom)
2019-08-13 04:29:09,193 INFO  server.RaftServerConfigKeys (ConfUtils.java:logGet(43)) - raft.server.leader.election.timeout = 120s (custom)
2019-08-13 04:29:09,193 INFO  server.RaftServerConfigKeys (ConfUtils.java:logGet(43)) - raft.server.log.appender.buffer.byte-limit = 33554432 (custom)
2019-08-13 04:29:09,193 INFO  server.RaftServerConfigKeys (ConfUtils.java:logGet(43)) - raft.server.log.use.memory = false (default)
2019-08-13 04:29:09,193 INFO  server.RaftServerConfigKeys (ConfUtils.java:logGet(43)) - raft.server.log.segment.size.max = 1048576 (custom)
2019-08-13 04:29:09,193 INFO  server.RaftServerConfigKeys (ConfUtils.java:logGet(43)) - raft.server.log.use.memory = false (default)
2019-08-13 04:29:09,194 INFO  server.RaftServerConfigKeys (ConfUtils.java:logGet(43)) - raft.server.log.segment.cache.num.max = 2 (custom)
2019-08-13 04:29:09,194 INFO  server.RaftServerConfigKeys (ConfUtils.java:logGet(43)) - raft.server.log.purge.gap = 1000000000 (custom)
2019-08-13 04:29:09,194 INFO  segmented.SegmentedRaftLogWorker (SegmentedRaftLogWorker.java:<init>(172)) - new 12f5b0ca-1960-4d87-af84-ad0d4be0f7a2-SegmentedRaftLogWorker:Storage Directory /workdir/hadoop-ozone/integration-test/target/test-dir/MiniOzoneClusterImpl-6b33123b-f564-4c6c-9efe-bfbfe8b5219f/datanode-1/data/ratis/3d32120a-283f-480f-acc6-62e5278738cd for RaftStorage:Storage Directory /workdir/hadoop-ozone/integration-test/target/test-dir/MiniOzoneClusterImpl-6b33123b-f564-4c6c-9efe-bfbfe8b5219f/datanode-1/data/ratis/3d32120a-283f-480f-acc6-62e5278738cd
2019-08-13 04:29:09,194 INFO  server.RaftServerConfigKeys (ConfUtils.java:logGet(43)) - raft.server.log.purge.gap = 1000000000 (custom)
2019-08-13 04:29:09,194 INFO  server.RaftServerConfigKeys (ConfUtils.java:logGet(43)) - raft.server.log.queue.byte-limit = 2147483647 (custom)
2019-08-13 04:29:09,194 INFO  server.RaftServerConfigKeys (ConfUtils.java:logGet(43)) - raft.server.log.appender.buffer.byte-limit = 33554432 (custom)
2019-08-13 04:29:09,197 INFO  server.RaftServerConfigKeys (ConfUtils.java:logGet(43)) - raft.server.log.queue.element-limit = 1024 (custom)
2019-08-13 04:29:09,194 INFO  server.RaftServerConfigKeys (ConfUtils.java:logGet(43)) - raft.server.log.appender.buffer.byte-limit = 33554432 (custom)
2019-08-13 04:29:09,198 INFO  server.RaftServerConfigKeys (ConfUtils.java:logGet(43)) - raft.server.log.segment.size.max = 1048576 (custom)
2019-08-13 04:29:09,197 INFO  server.RaftServerConfigKeys (ConfUtils.java:logGet(43)) - raft.server.log.segment.size.max = 1048576 (custom)
2019-08-13 04:29:09,198 INFO  server.RaftServerConfigKeys (ConfUtils.java:logGet(43)) - raft.server.log.preallocated.size = 16384 (custom)
2019-08-13 04:29:09,198 INFO  server.RaftServerConfigKeys (ConfUtils.java:logGet(43)) - raft.server.log.segment.size.max = 1048576 (custom)
2019-08-13 04:29:09,198 INFO  server.RaftServerConfigKeys (ConfUtils.java:logGet(43)) - raft.server.log.write.buffer.size = 33554432 (custom)
2019-08-13 04:29:09,198 INFO  server.RaftServerConfigKeys (ConfUtils.java:logGet(43)) - raft.server.log.segment.cache.num.max = 2 (custom)
2019-08-13 04:29:09,198 INFO  server.RaftServerConfigKeys (ConfUtils.java:logGet(43)) - raft.server.log.force.sync.num = 128 (default)
2019-08-13 04:29:09,198 INFO  server.RaftServerConfigKeys (ConfUtils.java:logGet(43)) - raft.server.log.segment.cache.num.max = 2 (custom)
2019-08-13 04:29:09,199 INFO  server.RaftServerConfigKeys (ConfUtils.java:logGet(43)) - raft.server.log.statemachine.data.sync = true (default)
2019-08-13 04:29:09,198 INFO  segmented.SegmentedRaftLogWorker (SegmentedRaftLogWorker.java:<init>(172)) - new 0e2f73e4-c2c2-47dd-8da6-d4e2491324da-SegmentedRaftLogWorker:Storage Directory /workdir/hadoop-ozone/integration-test/target/test-dir/MiniOzoneClusterImpl-6b33123b-f564-4c6c-9efe-bfbfe8b5219f/datanode-0/data/ratis/3d32120a-283f-480f-acc6-62e5278738cd for RaftStorage:Storage Directory /workdir/hadoop-ozone/integration-test/target/test-dir/MiniOzoneClusterImpl-6b33123b-f564-4c6c-9efe-bfbfe8b5219f/datanode-0/data/ratis/3d32120a-283f-480f-acc6-62e5278738cd
2019-08-13 04:29:09,199 INFO  server.RaftServerConfigKeys (ConfUtils.java:logGet(43)) - raft.server.log.statemachine.data.sync.timeout = 10s (default)
2019-08-13 04:29:09,199 INFO  segmented.SegmentedRaftLogWorker (SegmentedRaftLogWorker.java:<init>(172)) - new 33d130cf-f20f-4868-8606-5e4fa050b9e8-SegmentedRaftLogWorker:Storage Directory /workdir/hadoop-ozone/integration-test/target/test-dir/MiniOzoneClusterImpl-6b33123b-f564-4c6c-9efe-bfbfe8b5219f/datanode-2/data/ratis/3d32120a-283f-480f-acc6-62e5278738cd for RaftStorage:Storage Directory /workdir/hadoop-ozone/integration-test/target/test-dir/MiniOzoneClusterImpl-6b33123b-f564-4c6c-9efe-bfbfe8b5219f/datanode-2/data/ratis/3d32120a-283f-480f-acc6-62e5278738cd
2019-08-13 04:29:09,199 INFO  server.RaftServerConfigKeys (ConfUtils.java:logGet(43)) - raft.server.log.statemachine.data.sync.timeout.retry = -1 (default)
2019-08-13 04:29:09,199 INFO  server.RaftServerConfigKeys (ConfUtils.java:logGet(43)) - raft.server.log.queue.byte-limit = 2147483647 (custom)
2019-08-13 04:29:09,203 INFO  server.RaftServerConfigKeys (ConfUtils.java:logGet(43)) - raft.server.log.queue.byte-limit = 2147483647 (custom)
2019-08-13 04:29:09,205 INFO  server.RaftServerConfigKeys (ConfUtils.java:logGet(43)) - raft.server.log.statemachine.data.caching.enabled = true (custom)
2019-08-13 04:29:09,205 INFO  server.RaftServerConfigKeys (ConfUtils.java:logGet(43)) - raft.server.log.queue.element-limit = 1024 (custom)
2019-08-13 04:29:09,205 INFO  server.RaftServerConfigKeys (ConfUtils.java:logGet(43)) - raft.server.log.queue.element-limit = 1024 (custom)
2019-08-13 04:29:09,206 INFO  server.RaftServerConfigKeys (ConfUtils.java:logGet(43)) - raft.server.log.segment.size.max = 1048576 (custom)
2019-08-13 04:29:09,206 INFO  server.RaftServerConfigKeys (ConfUtils.java:logGet(43)) - raft.server.log.preallocated.size = 16384 (custom)
2019-08-13 04:29:09,206 INFO  server.RaftServerConfigKeys (ConfUtils.java:logGet(43)) - raft.server.log.segment.size.max = 1048576 (custom)
2019-08-13 04:29:09,206 INFO  server.RaftServerConfigKeys (ConfUtils.java:logGet(43)) - raft.server.log.write.buffer.size = 33554432 (custom)
2019-08-13 04:29:09,206 INFO  segmented.SegmentedRaftLogWorker (SegmentedRaftLogWorker.java:lambda$new$0(132)) - 12f5b0ca-1960-4d87-af84-ad0d4be0f7a2-SegmentedRaftLogWorker:Storage Directory /workdir/hadoop-ozone/integration-test/target/test-dir/MiniOzoneClusterImpl-6b33123b-f564-4c6c-9efe-bfbfe8b5219f/datanode-1/data/ratis/3d32120a-283f-480f-acc6-62e5278738cd: flushIndex: setUnconditionally 0 -> -1
2019-08-13 04:29:09,206 INFO  server.RaftServerConfigKeys (ConfUtils.java:logGet(43)) - raft.server.log.force.sync.num = 128 (default)
2019-08-13 04:29:09,206 INFO  server.RaftServerConfigKeys (ConfUtils.java:logGet(43)) - raft.server.log.preallocated.size = 16384 (custom)
2019-08-13 04:29:09,206 INFO  server.RaftServerConfigKeys (ConfUtils.java:logGet(43)) - raft.server.log.statemachine.data.sync = true (default)
2019-08-13 04:29:09,206 INFO  server.RaftServerConfigKeys (ConfUtils.java:logGet(43)) - raft.server.snapshot.auto.trigger.enabled = true (custom)
2019-08-13 04:29:09,206 INFO  server.RaftServerConfigKeys (ConfUtils.java:logGet(43)) - raft.server.log.write.buffer.size = 33554432 (custom)
2019-08-13 04:29:09,207 INFO  server.RaftServerConfigKeys (ConfUtils.java:logGet(43)) - raft.server.snapshot.auto.trigger.threshold = 10000 (custom)
2019-08-13 04:29:09,207 INFO  server.RaftServerConfigKeys (ConfUtils.java:logGet(43)) - raft.server.log.statemachine.data.sync.timeout = 10s (default)
2019-08-13 04:29:09,207 INFO  server.RaftServerConfigKeys (ConfUtils.java:logGet(43)) - raft.server.log.force.sync.num = 128 (default)
2019-08-13 04:29:09,207 INFO  server.RaftServerConfigKeys (ConfUtils.java:logGet(43)) - raft.server.retrycache.expirytime = 600000ms (custom)
2019-08-13 04:29:09,207 INFO  server.RaftServerConfigKeys (ConfUtils.java:logGet(43)) - raft.server.log.statemachine.data.sync.timeout.retry = -1 (default)
2019-08-13 04:29:09,207 INFO  server.RaftServerConfigKeys (ConfUtils.java:logGet(43)) - raft.server.log.statemachine.data.sync = true (default)
2019-08-13 04:29:09,208 INFO  server.RaftServerConfigKeys (ConfUtils.java:logGet(43)) - raft.server.log.statemachine.data.caching.enabled = true (custom)
2019-08-13 04:29:09,208 INFO  impl.RaftServerImpl (RaftServerImpl.java:start(180)) - 12f5b0ca-1960-4d87-af84-ad0d4be0f7a2: start group-62E5278738CD
2019-08-13 04:29:09,208 INFO  server.RaftServerConfigKeys (ConfUtils.java:logGet(43)) - raft.server.log.statemachine.data.sync.timeout = 10s (default)
2019-08-13 04:29:09,208 INFO  impl.RaftServerImpl (RaftServerImpl.java:setRole(171)) - 12f5b0ca-1960-4d87-af84-ad0d4be0f7a2:group-62E5278738CD changes role from null to FOLLOWER at term 0 for startAsFollower
2019-08-13 04:29:09,208 INFO  segmented.SegmentedRaftLogWorker (SegmentedRaftLogWorker.java:lambda$new$0(132)) - 0e2f73e4-c2c2-47dd-8da6-d4e2491324da-SegmentedRaftLogWorker:Storage Directory /workdir/hadoop-ozone/integration-test/target/test-dir/MiniOzoneClusterImpl-6b33123b-f564-4c6c-9efe-bfbfe8b5219f/datanode-0/data/ratis/3d32120a-283f-480f-acc6-62e5278738cd: flushIndex: setUnconditionally 0 -> -1
2019-08-13 04:29:09,209 INFO  impl.RoleInfo (RoleInfo.java:updateAndGet(143)) - 12f5b0ca-1960-4d87-af84-ad0d4be0f7a2: start FollowerState
2019-08-13 04:29:09,209 INFO  server.RaftServerConfigKeys (ConfUtils.java:logGet(43)) - raft.server.snapshot.auto.trigger.enabled = true (custom)
2019-08-13 04:29:09,208 INFO  server.RaftServerConfigKeys (ConfUtils.java:logGet(43)) - raft.server.log.statemachine.data.sync.timeout.retry = -1 (default)
2019-08-13 04:29:09,209 INFO  server.RaftServerConfigKeys (ConfUtils.java:logGet(43)) - raft.server.snapshot.auto.trigger.threshold = 10000 (custom)
2019-08-13 04:29:09,209 INFO  server.RaftServerConfigKeys (ConfUtils.java:logGet(43)) - raft.server.log.statemachine.data.caching.enabled = true (custom)
2019-08-13 04:29:09,209 INFO  util.JmxRegister (JmxRegister.java:tryRegister(44)) - Successfully registered JMX Bean with object name Ratis:service=RaftServer,group=group-62E5278738CD,id=12f5b0ca-1960-4d87-af84-ad0d4be0f7a2
2019-08-13 04:29:09,209 INFO  server.RaftServerConfigKeys (ConfUtils.java:logGet(43)) - raft.server.retrycache.expirytime = 600000ms (custom)
2019-08-13 04:29:09,209 INFO  segmented.SegmentedRaftLogWorker (SegmentedRaftLogWorker.java:lambda$new$0(132)) - 33d130cf-f20f-4868-8606-5e4fa050b9e8-SegmentedRaftLogWorker:Storage Directory /workdir/hadoop-ozone/integration-test/target/test-dir/MiniOzoneClusterImpl-6b33123b-f564-4c6c-9efe-bfbfe8b5219f/datanode-2/data/ratis/3d32120a-283f-480f-acc6-62e5278738cd: flushIndex: setUnconditionally 0 -> -1
2019-08-13 04:29:09,210 INFO  impl.RaftServerImpl (RaftServerImpl.java:start(180)) - 0e2f73e4-c2c2-47dd-8da6-d4e2491324da: start group-62E5278738CD
2019-08-13 04:29:09,210 INFO  impl.RaftServerImpl (RaftServerImpl.java:setRole(171)) - 0e2f73e4-c2c2-47dd-8da6-d4e2491324da:group-62E5278738CD changes role from null to FOLLOWER at term 0 for startAsFollower
2019-08-13 04:29:09,210 INFO  server.RaftServerConfigKeys (ConfUtils.java:logGet(43)) - raft.server.snapshot.auto.trigger.enabled = true (custom)
2019-08-13 04:29:09,210 INFO  impl.RoleInfo (RoleInfo.java:updateAndGet(143)) - 0e2f73e4-c2c2-47dd-8da6-d4e2491324da: start FollowerState
2019-08-13 04:29:09,210 INFO  server.RaftServerConfigKeys (ConfUtils.java:logGet(43)) - raft.server.snapshot.auto.trigger.threshold = 10000 (custom)
2019-08-13 04:29:09,210 INFO  server.RaftServerConfigKeys (ConfUtils.java:logGet(43)) - raft.server.retrycache.expirytime = 600000ms (custom)
2019-08-13 04:29:09,210 INFO  util.JmxRegister (JmxRegister.java:tryRegister(44)) - Successfully registered JMX Bean with object name Ratis:service=RaftServer,group=group-62E5278738CD,id=0e2f73e4-c2c2-47dd-8da6-d4e2491324da
2019-08-13 04:29:09,211 INFO  impl.RaftServerImpl (RaftServerImpl.java:start(180)) - 33d130cf-f20f-4868-8606-5e4fa050b9e8: start group-62E5278738CD
2019-08-13 04:29:09,211 INFO  impl.RaftServerImpl (RaftServerImpl.java:setRole(171)) - 33d130cf-f20f-4868-8606-5e4fa050b9e8:group-62E5278738CD changes role from null to FOLLOWER at term 0 for startAsFollower
2019-08-13 04:29:09,211 INFO  impl.RoleInfo (RoleInfo.java:updateAndGet(143)) - 33d130cf-f20f-4868-8606-5e4fa050b9e8: start FollowerState
2019-08-13 04:29:09,211 INFO  util.JmxRegister (JmxRegister.java:tryRegister(44)) - Successfully registered JMX Bean with object name Ratis:service=RaftServer,group=group-62E5278738CD,id=33d130cf-f20f-4868-8606-5e4fa050b9e8
2019-08-13 04:29:09,233 INFO  pipeline.PipelineStateManager (PipelineStateManager.java:addPipeline(56)) - Created pipeline Pipeline[ Id: 3d32120a-283f-480f-acc6-62e5278738cd, Nodes: 12f5b0ca-1960-4d87-af84-ad0d4be0f7a2{ip: 192.168.157.237, host: byscane-nightly-fjrtm-1513846620, networkLocation: /default-rack, certSerialId: null}33d130cf-f20f-4868-8606-5e4fa050b9e8{ip: 192.168.157.237, host: byscane-nightly-fjrtm-1513846620, networkLocation: /default-rack, certSerialId: null}0e2f73e4-c2c2-47dd-8da6-d4e2491324da{ip: 192.168.157.237, host: byscane-nightly-fjrtm-1513846620, networkLocation: /default-rack, certSerialId: null}, Type:RATIS, Factor:THREE, State:OPEN]
2019-08-13 04:29:10,060 INFO  ozone.MiniOzoneClusterImpl (MiniOzoneClusterImpl.java:lambda$waitForClusterToBeReady$0(142)) - Cluster is ready. Got 3 of 3 DN Heartbeats.
2019-08-13 04:29:11,640 INFO  container.ReplicationManager (ReplicationManager.java:start(155)) - Starting Replication Monitor Thread.
2019-08-13 04:29:11,647 INFO  container.ReplicationManager (ReplicationManager.java:run(207)) - Replication Monitor Thread took 0 milliseconds for processing 0 containers.
2019-08-13 04:29:13,833 INFO  impl.FollowerState (FollowerState.java:run(106)) - 0e2f73e4-c2c2-47dd-8da6-d4e2491324da:group-C51806014F6D changes to CANDIDATE, lastRpcTime:5137, electionTimeout:5137ms
2019-08-13 04:29:13,834 INFO  impl.RoleInfo (RoleInfo.java:shutdownFollowerState(121)) - 0e2f73e4-c2c2-47dd-8da6-d4e2491324da: shutdown FollowerState
2019-08-13 04:29:13,834 INFO  impl.RaftServerImpl (RaftServerImpl.java:setRole(171)) - 0e2f73e4-c2c2-47dd-8da6-d4e2491324da:group-C51806014F6D changes role from FOLLOWER to CANDIDATE at term 0 for changeToCandidate
2019-08-13 04:29:13,834 INFO  impl.RoleInfo (RoleInfo.java:updateAndGet(143)) - 0e2f73e4-c2c2-47dd-8da6-d4e2491324da: start LeaderElection
2019-08-13 04:29:13,857 INFO  impl.LeaderElection (LeaderElection.java:askForVotes(181)) - 0e2f73e4-c2c2-47dd-8da6-d4e2491324da:group-C51806014F6D:LeaderElection6: begin an election at term 1 for -1: [0e2f73e4-c2c2-47dd-8da6-d4e2491324da:192.168.157.237:36388], old=null
2019-08-13 04:29:13,858 INFO  impl.RoleInfo (RoleInfo.java:shutdownLeaderElection(134)) - 0e2f73e4-c2c2-47dd-8da6-d4e2491324da: shutdown LeaderElection
2019-08-13 04:29:13,858 INFO  impl.RaftServerImpl (RaftServerImpl.java:setRole(171)) - 0e2f73e4-c2c2-47dd-8da6-d4e2491324da:group-C51806014F6D changes role from CANDIDATE to LEADER at term 1 for changeToLeader
2019-08-13 04:29:13,858 INFO  impl.RaftServerImpl (ServerState.java:setLeader(263)) - 0e2f73e4-c2c2-47dd-8da6-d4e2491324da:group-C51806014F6D change Leader from null to 0e2f73e4-c2c2-47dd-8da6-d4e2491324da at term 1 for becomeLeader, leader elected after 5165ms
2019-08-13 04:29:13,858 INFO  server.RaftServerConfigKeys (ConfUtils.java:logGet(43)) - raft.server.staging.catchup.gap = 1000 (default)
2019-08-13 04:29:13,858 INFO  server.RaftServerConfigKeys (ConfUtils.java:logGet(43)) - raft.server.rpc.sleep.time = 25ms (default)
2019-08-13 04:29:13,859 INFO  server.RaftServerConfigKeys (ConfUtils.java:logGet(43)) - raft.server.write.element-limit = 4096 (default)
2019-08-13 04:29:13,859 INFO  server.RaftServerConfigKeys (ConfUtils.java:logGet(43)) - raft.server.watch.timeout = 10s (default)
2019-08-13 04:29:13,859 INFO  server.RaftServerConfigKeys (ConfUtils.java:logGet(43)) - raft.server.watch.timeout.denomination = 1s (default)
2019-08-13 04:29:13,859 INFO  server.RaftServerConfigKeys (ConfUtils.java:logGet(43)) - raft.server.watch.element-limit = 65536 (default)
2019-08-13 04:29:13,860 INFO  impl.RoleInfo (RoleInfo.java:updateAndGet(143)) - 0e2f73e4-c2c2-47dd-8da6-d4e2491324da: start LeaderState
2019-08-13 04:29:13,860 INFO  segmented.SegmentedRaftLogWorker (SegmentedRaftLogWorker.java:startLogSegment(380)) - 0e2f73e4-c2c2-47dd-8da6-d4e2491324da-SegmentedRaftLogWorker:Storage Directory /workdir/hadoop-ozone/integration-test/target/test-dir/MiniOzoneClusterImpl-6b33123b-f564-4c6c-9efe-bfbfe8b5219f/datanode-0/data/ratis/17c901b5-b00f-4088-ab90-c51806014f6d: Starting segment from index:0
2019-08-13 04:29:13,861 INFO  impl.RaftServerImpl (ServerState.java:setRaftConf(361)) - 0e2f73e4-c2c2-47dd-8da6-d4e2491324da:group-C51806014F6D set configuration 0: [0e2f73e4-c2c2-47dd-8da6-d4e2491324da:192.168.157.237:36388], old=null at 0
2019-08-13 04:29:13,909 INFO  segmented.SegmentedRaftLogWorker (SegmentedRaftLogWorker.java:execute(569)) - 0e2f73e4-c2c2-47dd-8da6-d4e2491324da-SegmentedRaftLogWorker:Storage Directory /workdir/hadoop-ozone/integration-test/target/test-dir/MiniOzoneClusterImpl-6b33123b-f564-4c6c-9efe-bfbfe8b5219f/datanode-0/data/ratis/17c901b5-b00f-4088-ab90-c51806014f6d: created new log segment /workdir/hadoop-ozone/integration-test/target/test-dir/MiniOzoneClusterImpl-6b33123b-f564-4c6c-9efe-bfbfe8b5219f/datanode-0/data/ratis/17c901b5-b00f-4088-ab90-c51806014f6d/current/log_inprogress_0
2019-08-13 04:29:13,923 INFO  impl.FollowerState (FollowerState.java:run(106)) - 12f5b0ca-1960-4d87-af84-ad0d4be0f7a2:group-53469F415B01 changes to CANDIDATE, lastRpcTime:5024, electionTimeout:5024ms
2019-08-13 04:29:13,923 INFO  impl.RoleInfo (RoleInfo.java:shutdownFollowerState(121)) - 12f5b0ca-1960-4d87-af84-ad0d4be0f7a2: shutdown FollowerState
2019-08-13 04:29:13,923 INFO  impl.RaftServerImpl (RaftServerImpl.java:setRole(171)) - 12f5b0ca-1960-4d87-af84-ad0d4be0f7a2:group-53469F415B01 changes role from FOLLOWER to CANDIDATE at term 0 for changeToCandidate
2019-08-13 04:29:13,923 INFO  impl.RoleInfo (RoleInfo.java:updateAndGet(143)) - 12f5b0ca-1960-4d87-af84-ad0d4be0f7a2: start LeaderElection
2019-08-13 04:29:13,942 INFO  impl.LeaderElection (LeaderElection.java:askForVotes(181)) - 12f5b0ca-1960-4d87-af84-ad0d4be0f7a2:group-53469F415B01:LeaderElection7: begin an election at term 1 for -1: [12f5b0ca-1960-4d87-af84-ad0d4be0f7a2:192.168.157.237:46162], old=null
2019-08-13 04:29:13,954 INFO  impl.RoleInfo (RoleInfo.java:shutdownLeaderElection(134)) - 12f5b0ca-1960-4d87-af84-ad0d4be0f7a2: shutdown LeaderElection
2019-08-13 04:29:13,955 INFO  impl.RaftServerImpl (RaftServerImpl.java:setRole(171)) - 12f5b0ca-1960-4d87-af84-ad0d4be0f7a2:group-53469F415B01 changes role from CANDIDATE to LEADER at term 1 for changeToLeader
2019-08-13 04:29:13,955 INFO  impl.RaftServerImpl (ServerState.java:setLeader(263)) - 12f5b0ca-1960-4d87-af84-ad0d4be0f7a2:group-53469F415B01 change Leader from null to 12f5b0ca-1960-4d87-af84-ad0d4be0f7a2 at term 1 for becomeLeader, leader elected after 5060ms
2019-08-13 04:29:13,955 INFO  server.RaftServerConfigKeys (ConfUtils.java:logGet(43)) - raft.server.staging.catchup.gap = 1000 (default)
2019-08-13 04:29:13,955 INFO  server.RaftServerConfigKeys (ConfUtils.java:logGet(43)) - raft.server.rpc.sleep.time = 25ms (default)
2019-08-13 04:29:13,955 INFO  server.RaftServerConfigKeys (ConfUtils.java:logGet(43)) - raft.server.write.element-limit = 4096 (default)
2019-08-13 04:29:13,955 INFO  server.RaftServerConfigKeys (ConfUtils.java:logGet(43)) - raft.server.watch.timeout = 10s (default)
2019-08-13 04:29:13,956 INFO  server.RaftServerConfigKeys (ConfUtils.java:logGet(43)) - raft.server.watch.timeout.denomination = 1s (default)
2019-08-13 04:29:13,956 INFO  server.RaftServerConfigKeys (ConfUtils.java:logGet(43)) - raft.server.watch.element-limit = 65536 (default)
2019-08-13 04:29:13,956 INFO  impl.RoleInfo (RoleInfo.java:updateAndGet(143)) - 12f5b0ca-1960-4d87-af84-ad0d4be0f7a2: start LeaderState
2019-08-13 04:29:13,957 INFO  segmented.SegmentedRaftLogWorker (SegmentedRaftLogWorker.java:startLogSegment(380)) - 12f5b0ca-1960-4d87-af84-ad0d4be0f7a2-SegmentedRaftLogWorker:Storage Directory /workdir/hadoop-ozone/integration-test/target/test-dir/MiniOzoneClusterImpl-6b33123b-f564-4c6c-9efe-bfbfe8b5219f/datanode-1/data/ratis/34c5548c-e80d-4ee2-b904-53469f415b01: Starting segment from index:0
2019-08-13 04:29:13,958 INFO  impl.RaftServerImpl (ServerState.java:setRaftConf(361)) - 12f5b0ca-1960-4d87-af84-ad0d4be0f7a2:group-53469F415B01 set configuration 0: [12f5b0ca-1960-4d87-af84-ad0d4be0f7a2:192.168.157.237:46162], old=null at 0
2019-08-13 04:29:14,007 INFO  segmented.SegmentedRaftLogWorker (SegmentedRaftLogWorker.java:execute(569)) - 12f5b0ca-1960-4d87-af84-ad0d4be0f7a2-SegmentedRaftLogWorker:Storage Directory /workdir/hadoop-ozone/integration-test/target/test-dir/MiniOzoneClusterImpl-6b33123b-f564-4c6c-9efe-bfbfe8b5219f/datanode-1/data/ratis/34c5548c-e80d-4ee2-b904-53469f415b01: created new log segment /workdir/hadoop-ozone/integration-test/target/test-dir/MiniOzoneClusterImpl-6b33123b-f564-4c6c-9efe-bfbfe8b5219f/datanode-1/data/ratis/34c5548c-e80d-4ee2-b904-53469f415b01/current/log_inprogress_0
2019-08-13 04:29:14,143 INFO  impl.FollowerState (FollowerState.java:run(106)) - 33d130cf-f20f-4868-8606-5e4fa050b9e8:group-35277B9E0952 changes to CANDIDATE, lastRpcTime:5026, electionTimeout:5026ms
2019-08-13 04:29:14,143 INFO  impl.RoleInfo (RoleInfo.java:shutdownFollowerState(121)) - 33d130cf-f20f-4868-8606-5e4fa050b9e8: shutdown FollowerState
2019-08-13 04:29:14,143 INFO  impl.RaftServerImpl (RaftServerImpl.java:setRole(171)) - 33d130cf-f20f-4868-8606-5e4fa050b9e8:group-35277B9E0952 changes role from FOLLOWER to CANDIDATE at term 0 for changeToCandidate
2019-08-13 04:29:14,143 INFO  impl.RoleInfo (RoleInfo.java:updateAndGet(143)) - 33d130cf-f20f-4868-8606-5e4fa050b9e8: start LeaderElection
2019-08-13 04:29:14,165 INFO  impl.LeaderElection (LeaderElection.java:askForVotes(181)) - 33d130cf-f20f-4868-8606-5e4fa050b9e8:group-35277B9E0952:LeaderElection8: begin an election at term 1 for -1: [33d130cf-f20f-4868-8606-5e4fa050b9e8:192.168.157.237:33602], old=null
2019-08-13 04:29:14,167 INFO  impl.RoleInfo (RoleInfo.java:shutdownLeaderElection(134)) - 33d130cf-f20f-4868-8606-5e4fa050b9e8: shutdown LeaderElection
2019-08-13 04:29:14,167 INFO  impl.RaftServerImpl (RaftServerImpl.java:setRole(171)) - 33d130cf-f20f-4868-8606-5e4fa050b9e8:group-35277B9E0952 changes role from CANDIDATE to LEADER at term 1 for changeToLeader
2019-08-13 04:29:14,167 INFO  impl.RaftServerImpl (ServerState.java:setLeader(263)) - 33d130cf-f20f-4868-8606-5e4fa050b9e8:group-35277B9E0952 change Leader from null to 33d130cf-f20f-4868-8606-5e4fa050b9e8 at term 1 for becomeLeader, leader elected after 5055ms
2019-08-13 04:29:14,167 INFO  server.RaftServerConfigKeys (ConfUtils.java:logGet(43)) - raft.server.staging.catchup.gap = 1000 (default)
2019-08-13 04:29:14,167 INFO  server.RaftServerConfigKeys (ConfUtils.java:logGet(43)) - raft.server.rpc.sleep.time = 25ms (default)
2019-08-13 04:29:14,168 INFO  server.RaftServerConfigKeys (ConfUtils.java:logGet(43)) - raft.server.write.element-limit = 4096 (default)
2019-08-13 04:29:14,168 INFO  server.RaftServerConfigKeys (ConfUtils.java:logGet(43)) - raft.server.watch.timeout = 10s (default)
2019-08-13 04:29:14,168 INFO  server.RaftServerConfigKeys (ConfUtils.java:logGet(43)) - raft.server.watch.timeout.denomination = 1s (default)
2019-08-13 04:29:14,168 INFO  server.RaftServerConfigKeys (ConfUtils.java:logGet(43)) - raft.server.watch.element-limit = 65536 (default)
2019-08-13 04:29:14,168 INFO  impl.RoleInfo (RoleInfo.java:updateAndGet(143)) - 33d130cf-f20f-4868-8606-5e4fa050b9e8: start LeaderState
2019-08-13 04:29:14,169 INFO  segmented.SegmentedRaftLogWorker (SegmentedRaftLogWorker.java:startLogSegment(380)) - 33d130cf-f20f-4868-8606-5e4fa050b9e8-SegmentedRaftLogWorker:Storage Directory /workdir/hadoop-ozone/integration-test/target/test-dir/MiniOzoneClusterImpl-6b33123b-f564-4c6c-9efe-bfbfe8b5219f/datanode-2/data/ratis/5ab134eb-a44a-4558-9e85-35277b9e0952: Starting segment from index:0
2019-08-13 04:29:14,169 INFO  impl.RaftServerImpl (ServerState.java:setRaftConf(361)) - 33d130cf-f20f-4868-8606-5e4fa050b9e8:group-35277B9E0952 set configuration 0: [33d130cf-f20f-4868-8606-5e4fa050b9e8:192.168.157.237:33602], old=null at 0
2019-08-13 04:29:14,219 INFO  segmented.SegmentedRaftLogWorker (SegmentedRaftLogWorker.java:execute(569)) - 33d130cf-f20f-4868-8606-5e4fa050b9e8-SegmentedRaftLogWorker:Storage Directory /workdir/hadoop-ozone/integration-test/target/test-dir/MiniOzoneClusterImpl-6b33123b-f564-4c6c-9efe-bfbfe8b5219f/datanode-2/data/ratis/5ab134eb-a44a-4558-9e85-35277b9e0952: created new log segment /workdir/hadoop-ozone/integration-test/target/test-dir/MiniOzoneClusterImpl-6b33123b-f564-4c6c-9efe-bfbfe8b5219f/datanode-2/data/ratis/5ab134eb-a44a-4558-9e85-35277b9e0952/current/log_inprogress_0
2019-08-13 04:29:14,235 INFO  impl.FollowerState (FollowerState.java:run(106)) - 12f5b0ca-1960-4d87-af84-ad0d4be0f7a2:group-62E5278738CD changes to CANDIDATE, lastRpcTime:5026, electionTimeout:5026ms
2019-08-13 04:29:14,235 INFO  impl.RoleInfo (RoleInfo.java:shutdownFollowerState(121)) - 12f5b0ca-1960-4d87-af84-ad0d4be0f7a2: shutdown FollowerState
2019-08-13 04:29:14,236 INFO  impl.RaftServerImpl (RaftServerImpl.java:setRole(171)) - 12f5b0ca-1960-4d87-af84-ad0d4be0f7a2:group-62E5278738CD changes role from FOLLOWER to CANDIDATE at term 0 for changeToCandidate
2019-08-13 04:29:14,236 INFO  impl.RoleInfo (RoleInfo.java:updateAndGet(143)) - 12f5b0ca-1960-4d87-af84-ad0d4be0f7a2: start LeaderElection
2019-08-13 04:29:14,257 INFO  impl.LeaderElection (LeaderElection.java:askForVotes(181)) - 12f5b0ca-1960-4d87-af84-ad0d4be0f7a2:group-62E5278738CD:LeaderElection9: begin an election at term 1 for -1: [0e2f73e4-c2c2-47dd-8da6-d4e2491324da:192.168.157.237:36388, 33d130cf-f20f-4868-8606-5e4fa050b9e8:192.168.157.237:33602, 12f5b0ca-1960-4d87-af84-ad0d4be0f7a2:192.168.157.237:46162], old=null
2019-08-13 04:29:14,265 INFO  impl.FollowerState (FollowerState.java:run(106)) - 0e2f73e4-c2c2-47dd-8da6-d4e2491324da:group-62E5278738CD changes to CANDIDATE, lastRpcTime:5054, electionTimeout:5054ms
2019-08-13 04:29:14,265 INFO  impl.RoleInfo (RoleInfo.java:shutdownFollowerState(121)) - 0e2f73e4-c2c2-47dd-8da6-d4e2491324da: shutdown FollowerState
2019-08-13 04:29:14,265 INFO  impl.RaftServerImpl (RaftServerImpl.java:setRole(171)) - 0e2f73e4-c2c2-47dd-8da6-d4e2491324da:group-62E5278738CD changes role from FOLLOWER to CANDIDATE at term 0 for changeToCandidate
2019-08-13 04:29:14,265 INFO  impl.RoleInfo (RoleInfo.java:updateAndGet(143)) - 0e2f73e4-c2c2-47dd-8da6-d4e2491324da: start LeaderElection
2019-08-13 04:29:14,288 INFO  impl.LeaderElection (LeaderElection.java:askForVotes(181)) - 0e2f73e4-c2c2-47dd-8da6-d4e2491324da:group-62E5278738CD:LeaderElection10: begin an election at term 1 for -1: [0e2f73e4-c2c2-47dd-8da6-d4e2491324da:192.168.157.237:36388, 33d130cf-f20f-4868-8606-5e4fa050b9e8:192.168.157.237:33602, 12f5b0ca-1960-4d87-af84-ad0d4be0f7a2:192.168.157.237:46162], old=null
2019-08-13 04:29:14,327 INFO  impl.FollowerState (FollowerState.java:run(106)) - 33d130cf-f20f-4868-8606-5e4fa050b9e8:group-62E5278738CD changes to CANDIDATE, lastRpcTime:5116, electionTimeout:5116ms
2019-08-13 04:29:14,328 INFO  impl.RoleInfo (RoleInfo.java:shutdownFollowerState(121)) - 33d130cf-f20f-4868-8606-5e4fa050b9e8: shutdown FollowerState
2019-08-13 04:29:14,328 INFO  impl.RaftServerImpl (RaftServerImpl.java:setRole(171)) - 33d130cf-f20f-4868-8606-5e4fa050b9e8:group-62E5278738CD changes role from FOLLOWER to CANDIDATE at term 0 for changeToCandidate
2019-08-13 04:29:14,328 INFO  impl.RoleInfo (RoleInfo.java:updateAndGet(143)) - 33d130cf-f20f-4868-8606-5e4fa050b9e8: start LeaderElection
2019-08-13 04:29:14,353 INFO  impl.LeaderElection (LeaderElection.java:askForVotes(181)) - 33d130cf-f20f-4868-8606-5e4fa050b9e8:group-62E5278738CD:LeaderElection11: begin an election at term 1 for -1: [0e2f73e4-c2c2-47dd-8da6-d4e2491324da:192.168.157.237:36388, 33d130cf-f20f-4868-8606-5e4fa050b9e8:192.168.157.237:33602, 12f5b0ca-1960-4d87-af84-ad0d4be0f7a2:192.168.157.237:46162], old=null
2019-08-13 04:29:14,375 INFO  impl.LeaderElection (LeaderElection.java:logAndReturn(56)) - 0e2f73e4-c2c2-47dd-8da6-d4e2491324da:group-62E5278738CD:LeaderElection10: Election REJECTED; received 2 response(s) [0e2f73e4-c2c2-47dd-8da6-d4e2491324da<-33d130cf-f20f-4868-8606-5e4fa050b9e8#0:FAIL-t1, 0e2f73e4-c2c2-47dd-8da6-d4e2491324da<-12f5b0ca-1960-4d87-af84-ad0d4be0f7a2#0:FAIL-t1] and 0 exception(s); 0e2f73e4-c2c2-47dd-8da6-d4e2491324da:t1, leader=null, voted=0e2f73e4-c2c2-47dd-8da6-d4e2491324da, raftlog=0e2f73e4-c2c2-47dd-8da6-d4e2491324da-SegmentedRaftLog:OPENED:c-1,f-1,i0, conf=-1: [0e2f73e4-c2c2-47dd-8da6-d4e2491324da:192.168.157.237:36388, 33d130cf-f20f-4868-8606-5e4fa050b9e8:192.168.157.237:33602, 12f5b0ca-1960-4d87-af84-ad0d4be0f7a2:192.168.157.237:46162], old=null
2019-08-13 04:29:14,375 INFO  impl.LeaderElection (LeaderElection.java:logAndReturn(56)) - 12f5b0ca-1960-4d87-af84-ad0d4be0f7a2:group-62E5278738CD:LeaderElection9: Election REJECTED; received 2 response(s) [12f5b0ca-1960-4d87-af84-ad0d4be0f7a2<-0e2f73e4-c2c2-47dd-8da6-d4e2491324da#0:FAIL-t1, 12f5b0ca-1960-4d87-af84-ad0d4be0f7a2<-33d130cf-f20f-4868-8606-5e4fa050b9e8#0:FAIL-t1] and 0 exception(s); 12f5b0ca-1960-4d87-af84-ad0d4be0f7a2:t1, leader=null, voted=12f5b0ca-1960-4d87-af84-ad0d4be0f7a2, raftlog=12f5b0ca-1960-4d87-af84-ad0d4be0f7a2-SegmentedRaftLog:OPENED:c-1,f-1,i0, conf=-1: [0e2f73e4-c2c2-47dd-8da6-d4e2491324da:192.168.157.237:36388, 33d130cf-f20f-4868-8606-5e4fa050b9e8:192.168.157.237:33602, 12f5b0ca-1960-4d87-af84-ad0d4be0f7a2:192.168.157.237:46162], old=null
2019-08-13 04:29:14,381 INFO  impl.RaftServerImpl (RaftServerImpl.java:setRole(171)) - 0e2f73e4-c2c2-47dd-8da6-d4e2491324da:group-62E5278738CD changes role from CANDIDATE to FOLLOWER at term 1 for DISCOVERED_A_NEW_TERM
2019-08-13 04:29:14,381 INFO  impl.RaftServerImpl (RaftServerImpl.java:setRole(171)) - 12f5b0ca-1960-4d87-af84-ad0d4be0f7a2:group-62E5278738CD changes role from CANDIDATE to FOLLOWER at term 1 for DISCOVERED_A_NEW_TERM
2019-08-13 04:29:14,384 INFO  impl.RoleInfo (RoleInfo.java:shutdownLeaderElection(134)) - 12f5b0ca-1960-4d87-af84-ad0d4be0f7a2: shutdown LeaderElection
2019-08-13 04:29:14,383 INFO  impl.RoleInfo (RoleInfo.java:shutdownLeaderElection(134)) - 0e2f73e4-c2c2-47dd-8da6-d4e2491324da: shutdown LeaderElection
2019-08-13 04:29:14,384 INFO  impl.RoleInfo (RoleInfo.java:updateAndGet(143)) - 12f5b0ca-1960-4d87-af84-ad0d4be0f7a2: start FollowerState
2019-08-13 04:29:14,385 INFO  impl.RoleInfo (RoleInfo.java:updateAndGet(143)) - 0e2f73e4-c2c2-47dd-8da6-d4e2491324da: start FollowerState
2019-08-13 04:29:14,397 INFO  impl.LeaderElection (LeaderElection.java:logAndReturn(56)) - 33d130cf-f20f-4868-8606-5e4fa050b9e8:group-62E5278738CD:LeaderElection11: Election REJECTED; received 2 response(s) [33d130cf-f20f-4868-8606-5e4fa050b9e8<-0e2f73e4-c2c2-47dd-8da6-d4e2491324da#0:FAIL-t1, 33d130cf-f20f-4868-8606-5e4fa050b9e8<-12f5b0ca-1960-4d87-af84-ad0d4be0f7a2#0:FAIL-t1] and 0 exception(s); 33d130cf-f20f-4868-8606-5e4fa050b9e8:t1, leader=null, voted=33d130cf-f20f-4868-8606-5e4fa050b9e8, raftlog=33d130cf-f20f-4868-8606-5e4fa050b9e8-SegmentedRaftLog:OPENED:c-1,f-1,i0, conf=-1: [0e2f73e4-c2c2-47dd-8da6-d4e2491324da:192.168.157.237:36388, 33d130cf-f20f-4868-8606-5e4fa050b9e8:192.168.157.237:33602, 12f5b0ca-1960-4d87-af84-ad0d4be0f7a2:192.168.157.237:46162], old=null
2019-08-13 04:29:14,398 INFO  impl.RaftServerImpl (RaftServerImpl.java:setRole(171)) - 33d130cf-f20f-4868-8606-5e4fa050b9e8:group-62E5278738CD changes role from CANDIDATE to FOLLOWER at term 1 for DISCOVERED_A_NEW_TERM
2019-08-13 04:29:14,398 INFO  impl.RoleInfo (RoleInfo.java:shutdownLeaderElection(134)) - 33d130cf-f20f-4868-8606-5e4fa050b9e8: shutdown LeaderElection
2019-08-13 04:29:14,398 INFO  impl.RoleInfo (RoleInfo.java:updateAndGet(143)) - 33d130cf-f20f-4868-8606-5e4fa050b9e8: start FollowerState
2019-08-13 04:29:19,400 INFO  impl.FollowerState (FollowerState.java:run(106)) - 33d130cf-f20f-4868-8606-5e4fa050b9e8:group-62E5278738CD changes to CANDIDATE, lastRpcTime:5001, electionTimeout:5001ms
2019-08-13 04:29:19,403 INFO  impl.RoleInfo (RoleInfo.java:shutdownFollowerState(121)) - 33d130cf-f20f-4868-8606-5e4fa050b9e8: shutdown FollowerState
2019-08-13 04:29:19,403 INFO  impl.RaftServerImpl (RaftServerImpl.java:setRole(171)) - 33d130cf-f20f-4868-8606-5e4fa050b9e8:group-62E5278738CD changes role from FOLLOWER to CANDIDATE at term 1 for changeToCandidate
2019-08-13 04:29:19,404 INFO  impl.RoleInfo (RoleInfo.java:updateAndGet(143)) - 33d130cf-f20f-4868-8606-5e4fa050b9e8: start LeaderElection
2019-08-13 04:29:19,421 INFO  impl.LeaderElection (LeaderElection.java:askForVotes(181)) - 33d130cf-f20f-4868-8606-5e4fa050b9e8:group-62E5278738CD:LeaderElection12: begin an election at term 2 for -1: [0e2f73e4-c2c2-47dd-8da6-d4e2491324da:192.168.157.237:36388, 33d130cf-f20f-4868-8606-5e4fa050b9e8:192.168.157.237:33602, 12f5b0ca-1960-4d87-af84-ad0d4be0f7a2:192.168.157.237:46162], old=null
2019-08-13 04:29:19,438 INFO  impl.RaftServerImpl (RaftServerImpl.java:setRole(171)) - 0e2f73e4-c2c2-47dd-8da6-d4e2491324da:group-62E5278738CD changes role from FOLLOWER to FOLLOWER at term 2 for recognizeCandidate:33d130cf-f20f-4868-8606-5e4fa050b9e8
2019-08-13 04:29:19,438 INFO  impl.RaftServerImpl (RaftServerImpl.java:setRole(171)) - 12f5b0ca-1960-4d87-af84-ad0d4be0f7a2:group-62E5278738CD changes role from FOLLOWER to FOLLOWER at term 2 for recognizeCandidate:33d130cf-f20f-4868-8606-5e4fa050b9e8
2019-08-13 04:29:19,438 INFO  impl.RoleInfo (RoleInfo.java:shutdownFollowerState(121)) - 0e2f73e4-c2c2-47dd-8da6-d4e2491324da: shutdown FollowerState
2019-08-13 04:29:19,438 INFO  impl.RoleInfo (RoleInfo.java:shutdownFollowerState(121)) - 12f5b0ca-1960-4d87-af84-ad0d4be0f7a2: shutdown FollowerState
2019-08-13 04:29:19,439 INFO  impl.FollowerState (FollowerState.java:run(114)) - 0e2f73e4-c2c2-47dd-8da6-d4e2491324da: FollowerState was interrupted: java.lang.InterruptedException: sleep interrupted
2019-08-13 04:29:19,439 INFO  impl.RoleInfo (RoleInfo.java:updateAndGet(143)) - 0e2f73e4-c2c2-47dd-8da6-d4e2491324da: start FollowerState
2019-08-13 04:29:19,439 INFO  impl.FollowerState (FollowerState.java:run(114)) - 12f5b0ca-1960-4d87-af84-ad0d4be0f7a2: FollowerState was interrupted: java.lang.InterruptedException: sleep interrupted
2019-08-13 04:29:19,439 INFO  impl.RoleInfo (RoleInfo.java:updateAndGet(143)) - 12f5b0ca-1960-4d87-af84-ad0d4be0f7a2: start FollowerState
2019-08-13 04:29:19,464 INFO  impl.LeaderElection (LeaderElection.java:logAndReturn(56)) - 33d130cf-f20f-4868-8606-5e4fa050b9e8:group-62E5278738CD:LeaderElection12: Election PASSED; received 1 response(s) [33d130cf-f20f-4868-8606-5e4fa050b9e8<-0e2f73e4-c2c2-47dd-8da6-d4e2491324da#0:OK-t2] and 0 exception(s); 33d130cf-f20f-4868-8606-5e4fa050b9e8:t2, leader=null, voted=33d130cf-f20f-4868-8606-5e4fa050b9e8, raftlog=33d130cf-f20f-4868-8606-5e4fa050b9e8-SegmentedRaftLog:OPENED:c-1,f-1,i0, conf=-1: [0e2f73e4-c2c2-47dd-8da6-d4e2491324da:192.168.157.237:36388, 33d130cf-f20f-4868-8606-5e4fa050b9e8:192.168.157.237:33602, 12f5b0ca-1960-4d87-af84-ad0d4be0f7a2:192.168.157.237:46162], old=null
2019-08-13 04:29:19,464 INFO  impl.RoleInfo (RoleInfo.java:shutdownLeaderElection(134)) - 33d130cf-f20f-4868-8606-5e4fa050b9e8: shutdown LeaderElection
2019-08-13 04:29:19,466 INFO  impl.RaftServerImpl (RaftServerImpl.java:setRole(171)) - 33d130cf-f20f-4868-8606-5e4fa050b9e8:group-62E5278738CD changes role from CANDIDATE to LEADER at term 2 for changeToLeader
2019-08-13 04:29:19,466 INFO  impl.RaftServerImpl (ServerState.java:setLeader(263)) - 33d130cf-f20f-4868-8606-5e4fa050b9e8:group-62E5278738CD change Leader from null to 33d130cf-f20f-4868-8606-5e4fa050b9e8 at term 2 for becomeLeader, leader elected after 10273ms
2019-08-13 04:29:19,467 INFO  server.RaftServerConfigKeys (ConfUtils.java:logGet(43)) - raft.server.staging.catchup.gap = 1000 (default)
2019-08-13 04:29:19,467 INFO  server.RaftServerConfigKeys (ConfUtils.java:logGet(43)) - raft.server.rpc.sleep.time = 25ms (default)
2019-08-13 04:29:19,467 INFO  server.RaftServerConfigKeys (ConfUtils.java:logGet(43)) - raft.server.write.element-limit = 4096 (default)
2019-08-13 04:29:19,467 INFO  server.RaftServerConfigKeys (ConfUtils.java:logGet(43)) - raft.server.watch.timeout = 10s (default)
2019-08-13 04:29:19,468 INFO  server.RaftServerConfigKeys (ConfUtils.java:logGet(43)) - raft.server.watch.timeout.denomination = 1s (default)
2019-08-13 04:29:19,468 INFO  server.RaftServerConfigKeys (ConfUtils.java:logGet(43)) - raft.server.watch.element-limit = 65536 (default)
2019-08-13 04:29:19,472 INFO  server.RaftServerConfigKeys (ConfUtils.java:logGet(43)) - raft.server.log.appender.snapshot.chunk.size.max = 16MB (=16777216) (default)
2019-08-13 04:29:19,472 INFO  server.RaftServerConfigKeys (ConfUtils.java:logGet(43)) - raft.server.log.appender.buffer.byte-limit = 33554432 (custom)
2019-08-13 04:29:19,473 INFO  server.RaftServerConfigKeys (ConfUtils.java:logGet(43)) - raft.server.log.appender.buffer.element-limit = 1 (custom)
2019-08-13 04:29:19,478 INFO  grpc.GrpcConfigKeys$Server (ConfUtils.java:logGet(43)) - raft.grpc.server.leader.outstanding.appends.max = 128 (default)
2019-08-13 04:29:19,478 INFO  server.RaftServerConfigKeys (ConfUtils.java:logGet(43)) - raft.server.rpc.request.timeout = 3000ms (default)
2019-08-13 04:29:19,478 INFO  server.RaftServerConfigKeys (ConfUtils.java:logGet(43)) - raft.server.log.appender.install.snapshot.enabled = false (custom)
2019-08-13 04:29:19,478 INFO  server.RaftServerConfigKeys (ConfUtils.java:logGet(43)) - raft.server.log.appender.snapshot.chunk.size.max = 16MB (=16777216) (default)
2019-08-13 04:29:19,479 INFO  server.RaftServerConfigKeys (ConfUtils.java:logGet(43)) - raft.server.log.appender.buffer.byte-limit = 33554432 (custom)
2019-08-13 04:29:19,479 INFO  server.RaftServerConfigKeys (ConfUtils.java:logGet(43)) - raft.server.log.appender.buffer.element-limit = 1 (custom)
2019-08-13 04:29:19,479 INFO  grpc.GrpcConfigKeys$Server (ConfUtils.java:logGet(43)) - raft.grpc.server.leader.outstanding.appends.max = 128 (default)
2019-08-13 04:29:19,480 INFO  server.RaftServerConfigKeys (ConfUtils.java:logGet(43)) - raft.server.rpc.request.timeout = 3000ms (default)
2019-08-13 04:29:19,480 INFO  server.RaftServerConfigKeys (ConfUtils.java:logGet(43)) - raft.server.log.appender.install.snapshot.enabled = false (custom)
2019-08-13 04:29:19,484 INFO  impl.RoleInfo (RoleInfo.java:updateAndGet(143)) - 33d130cf-f20f-4868-8606-5e4fa050b9e8: start LeaderState
2019-08-13 04:29:19,485 INFO  segmented.SegmentedRaftLogWorker (SegmentedRaftLogWorker.java:startLogSegment(380)) - 33d130cf-f20f-4868-8606-5e4fa050b9e8-SegmentedRaftLogWorker:Storage Directory /workdir/hadoop-ozone/integration-test/target/test-dir/MiniOzoneClusterImpl-6b33123b-f564-4c6c-9efe-bfbfe8b5219f/datanode-2/data/ratis/3d32120a-283f-480f-acc6-62e5278738cd: Starting segment from index:0
2019-08-13 04:29:19,486 INFO  impl.RaftServerImpl (ServerState.java:setRaftConf(361)) - 33d130cf-f20f-4868-8606-5e4fa050b9e8:group-62E5278738CD set configuration 0: [0e2f73e4-c2c2-47dd-8da6-d4e2491324da:192.168.157.237:36388, 33d130cf-f20f-4868-8606-5e4fa050b9e8:192.168.157.237:33602, 12f5b0ca-1960-4d87-af84-ad0d4be0f7a2:192.168.157.237:46162], old=null at 0
2019-08-13 04:29:19,532 INFO  segmented.SegmentedRaftLogWorker (SegmentedRaftLogWorker.java:execute(569)) - 33d130cf-f20f-4868-8606-5e4fa050b9e8-SegmentedRaftLogWorker:Storage Directory /workdir/hadoop-ozone/integration-test/target/test-dir/MiniOzoneClusterImpl-6b33123b-f564-4c6c-9efe-bfbfe8b5219f/datanode-2/data/ratis/3d32120a-283f-480f-acc6-62e5278738cd: created new log segment /workdir/hadoop-ozone/integration-test/target/test-dir/MiniOzoneClusterImpl-6b33123b-f564-4c6c-9efe-bfbfe8b5219f/datanode-2/data/ratis/3d32120a-283f-480f-acc6-62e5278738cd/current/log_inprogress_0
2019-08-13 04:29:19,544 INFO  impl.RaftServerImpl (ServerState.java:setLeader(263)) - 0e2f73e4-c2c2-47dd-8da6-d4e2491324da:group-62E5278738CD change Leader from null to 33d130cf-f20f-4868-8606-5e4fa050b9e8 at term 2 for appendEntries, leader elected after 10351ms
2019-08-13 04:29:19,544 INFO  impl.RaftServerImpl (ServerState.java:setLeader(263)) - 12f5b0ca-1960-4d87-af84-ad0d4be0f7a2:group-62E5278738CD change Leader from null to 33d130cf-f20f-4868-8606-5e4fa050b9e8 at term 2 for appendEntries, leader elected after 10351ms
2019-08-13 04:29:19,581 INFO  impl.RaftServerImpl (ServerState.java:setRaftConf(361)) - 12f5b0ca-1960-4d87-af84-ad0d4be0f7a2:group-62E5278738CD set configuration 0: [0e2f73e4-c2c2-47dd-8da6-d4e2491324da:192.168.157.237:36388, 33d130cf-f20f-4868-8606-5e4fa050b9e8:192.168.157.237:33602, 12f5b0ca-1960-4d87-af84-ad0d4be0f7a2:192.168.157.237:46162], old=null at 0
2019-08-13 04:29:19,581 INFO  impl.RaftServerImpl (ServerState.java:setRaftConf(361)) - 0e2f73e4-c2c2-47dd-8da6-d4e2491324da:group-62E5278738CD set configuration 0: [0e2f73e4-c2c2-47dd-8da6-d4e2491324da:192.168.157.237:36388, 33d130cf-f20f-4868-8606-5e4fa050b9e8:192.168.157.237:33602, 12f5b0ca-1960-4d87-af84-ad0d4be0f7a2:192.168.157.237:46162], old=null at 0
2019-08-13 04:29:19,581 INFO  segmented.SegmentedRaftLogWorker (SegmentedRaftLogWorker.java:startLogSegment(380)) - 12f5b0ca-1960-4d87-af84-ad0d4be0f7a2-SegmentedRaftLogWorker:Storage Directory /workdir/hadoop-ozone/integration-test/target/test-dir/MiniOzoneClusterImpl-6b33123b-f564-4c6c-9efe-bfbfe8b5219f/datanode-1/data/ratis/3d32120a-283f-480f-acc6-62e5278738cd: Starting segment from index:0
2019-08-13 04:29:19,582 INFO  segmented.SegmentedRaftLogWorker (SegmentedRaftLogWorker.java:startLogSegment(380)) - 0e2f73e4-c2c2-47dd-8da6-d4e2491324da-SegmentedRaftLogWorker:Storage Directory /workdir/hadoop-ozone/integration-test/target/test-dir/MiniOzoneClusterImpl-6b33123b-f564-4c6c-9efe-bfbfe8b5219f/datanode-0/data/ratis/3d32120a-283f-480f-acc6-62e5278738cd: Starting segment from index:0
2019-08-13 04:29:19,620 INFO  segmented.SegmentedRaftLogWorker (SegmentedRaftLogWorker.java:execute(569)) - 12f5b0ca-1960-4d87-af84-ad0d4be0f7a2-SegmentedRaftLogWorker:Storage Directory /workdir/hadoop-ozone/integration-test/target/test-dir/MiniOzoneClusterImpl-6b33123b-f564-4c6c-9efe-bfbfe8b5219f/datanode-1/data/ratis/3d32120a-283f-480f-acc6-62e5278738cd: created new log segment /workdir/hadoop-ozone/integration-test/target/test-dir/MiniOzoneClusterImpl-6b33123b-f564-4c6c-9efe-bfbfe8b5219f/datanode-1/data/ratis/3d32120a-283f-480f-acc6-62e5278738cd/current/log_inprogress_0
2019-08-13 04:29:19,622 INFO  segmented.SegmentedRaftLogWorker (SegmentedRaftLogWorker.java:execute(569)) - 0e2f73e4-c2c2-47dd-8da6-d4e2491324da-SegmentedRaftLogWorker:Storage Directory /workdir/hadoop-ozone/integration-test/target/test-dir/MiniOzoneClusterImpl-6b33123b-f564-4c6c-9efe-bfbfe8b5219f/datanode-0/data/ratis/3d32120a-283f-480f-acc6-62e5278738cd: created new log segment /workdir/hadoop-ozone/integration-test/target/test-dir/MiniOzoneClusterImpl-6b33123b-f564-4c6c-9efe-bfbfe8b5219f/datanode-0/data/ratis/3d32120a-283f-480f-acc6-62e5278738cd/current/log_inprogress_0
2019-08-13 04:29:22,062 INFO  ozone.MiniOzoneClusterImpl (MiniOzoneClusterImpl.java:shutdown(321)) - Shutting down the Mini Ozone Cluster
2019-08-13 04:29:22,066 INFO  ozone.MiniOzoneClusterImpl (MiniOzoneClusterImpl.java:stop(336)) - Stopping the Mini Ozone Cluster
2019-08-13 04:29:22,067 INFO  ozone.MiniOzoneClusterImpl (MiniOzoneClusterImpl.java:stop(338)) - Stopping the OzoneManager
2019-08-13 04:29:22,067 INFO  ipc.Server (Server.java:stop(3082)) - Stopping server on 35356
2019-08-13 04:29:22,072 INFO  ipc.Server (Server.java:run(1185)) - Stopping IPC Server listener on 35356
2019-08-13 04:29:22,074 INFO  utils.BackgroundService (BackgroundService.java:shutdown(148)) - Shutting down service KeyDeletingService
2019-08-13 04:29:22,072 INFO  ipc.Server (Server.java:run(1319)) - Stopping IPC Server Responder
2019-08-13 04:29:22,078 INFO  handler.ContextHandler (ContextHandler.java:doStop(910)) - Stopped o.e.j.w.WebAppContext@721d608b{/,null,UNAVAILABLE}{/ozoneManager}
2019-08-13 04:29:22,079 INFO  server.AbstractConnector (AbstractConnector.java:doStop(318)) - Stopped ServerConnector@16fda94{HTTP/1.1,[http/1.1]}{0.0.0.0:0}
2019-08-13 04:29:22,079 INFO  handler.ContextHandler (ContextHandler.java:doStop(910)) - Stopped o.e.j.s.ServletContextHandler@7964daa2{/static,file:///workdir/hadoop-ozone/integration-test/target/test-classes/webapps/static,UNAVAILABLE}
2019-08-13 04:29:22,080 INFO  handler.ContextHandler (ContextHandler.java:doStop(910)) - Stopped o.e.j.s.ServletContextHandler@73e051cc{/logs,file:///workdir/hadoop-ozone/integration-test/target/log,UNAVAILABLE}
2019-08-13 04:29:22,081 INFO  ozone.MiniOzoneClusterImpl (MiniOzoneClusterImpl.java:stop(344)) - Shutting the HddsDatanodes
2019-08-13 04:29:22,082 INFO  datanode.ObjectStoreHandler (ObjectStoreHandler.java:close(155)) - Closing ObjectStoreHandler.
2019-08-13 04:29:22,082 INFO  datanode.ObjectStoreHandler (ObjectStoreHandler.java:close(155)) - Closing ObjectStoreHandler.
2019-08-13 04:29:22,082 INFO  ozone.HddsDatanodeService (HddsDatanodeService.java:stop(451)) - Stopped plug-in org.apache.hadoop.ozone.web.OzoneHddsDatanodeService@51c8f18f
2019-08-13 04:29:22,082 INFO  ozone.HddsDatanodeService (HddsDatanodeService.java:stop(451)) - Stopped plug-in org.apache.hadoop.ozone.web.OzoneHddsDatanodeService@76548e1e
2019-08-13 04:29:22,625 INFO  statemachine.DatanodeStateMachine (DatanodeStateMachine.java:lambda$startDaemon$0(350)) - Ozone container server started.
2019-08-13 04:29:22,843 INFO  statemachine.DatanodeStateMachine (DatanodeStateMachine.java:lambda$startDaemon$0(350)) - Ozone container server started.
2019-08-13 04:29:27,083 INFO  ozoneimpl.OzoneContainer (OzoneContainer.java:stop(199)) - Attempting to stop container services.
2019-08-13 04:29:27,083 INFO  ozoneimpl.OzoneContainer (OzoneContainer.java:stop(199)) - Attempting to stop container services.
2019-08-13 04:29:27,083 INFO  impl.RaftServerProxy (RaftServerProxy.java:lambda$close$4(314)) - 12f5b0ca-1960-4d87-af84-ad0d4be0f7a2: close
2019-08-13 04:29:27,084 INFO  impl.RaftServerProxy (RaftServerProxy.java:lambda$close$4(314)) - 0e2f73e4-c2c2-47dd-8da6-d4e2491324da: close
2019-08-13 04:29:27,084 INFO  impl.RaftServerImpl (RaftServerImpl.java:lambda$shutdown$3(245)) - 12f5b0ca-1960-4d87-af84-ad0d4be0f7a2: shutdown group-62E5278738CD
2019-08-13 04:29:27,084 INFO  impl.RaftServerImpl (RaftServerImpl.java:lambda$shutdown$3(245)) - 0e2f73e4-c2c2-47dd-8da6-d4e2491324da: shutdown group-62E5278738CD
2019-08-13 04:29:27,084 INFO  util.JmxRegister (JmxRegister.java:unregister(73)) - Successfully un-registered JMX Bean with object name Ratis:service=RaftServer,group=group-62E5278738CD,id=12f5b0ca-1960-4d87-af84-ad0d4be0f7a2
2019-08-13 04:29:27,085 INFO  util.JmxRegister (JmxRegister.java:unregister(73)) - Successfully un-registered JMX Bean with object name Ratis:service=RaftServer,group=group-62E5278738CD,id=0e2f73e4-c2c2-47dd-8da6-d4e2491324da
2019-08-13 04:29:27,085 INFO  impl.RoleInfo (RoleInfo.java:shutdownFollowerState(121)) - 12f5b0ca-1960-4d87-af84-ad0d4be0f7a2: shutdown FollowerState
2019-08-13 04:29:27,085 INFO  impl.RoleInfo (RoleInfo.java:shutdownFollowerState(121)) - 0e2f73e4-c2c2-47dd-8da6-d4e2491324da: shutdown FollowerState
2019-08-13 04:29:27,085 INFO  impl.FollowerState (FollowerState.java:run(114)) - 12f5b0ca-1960-4d87-af84-ad0d4be0f7a2: FollowerState was interrupted: java.lang.InterruptedException: sleep interrupted
2019-08-13 04:29:27,085 INFO  impl.StateMachineUpdater (StateMachineUpdater.java:stopAndJoin(115)) - StateMachineUpdater:12f5b0ca-1960-4d87-af84-ad0d4be0f7a2:group-62E5278738CD: set stopIndex = 0
2019-08-13 04:29:27,086 INFO  impl.FollowerState (FollowerState.java:run(114)) - 0e2f73e4-c2c2-47dd-8da6-d4e2491324da: FollowerState was interrupted: java.lang.InterruptedException: sleep interrupted
2019-08-13 04:29:27,086 INFO  impl.StateMachineUpdater (StateMachineUpdater.java:stopAndJoin(115)) - StateMachineUpdater:0e2f73e4-c2c2-47dd-8da6-d4e2491324da:group-62E5278738CD: set stopIndex = 0
2019-08-13 04:29:27,089 INFO  impl.RaftServerImpl (ServerState.java:close(394)) - 12f5b0ca-1960-4d87-af84-ad0d4be0f7a2:group-62E5278738CD closes. The last applied log index is 0
2019-08-13 04:29:27,091 INFO  impl.RaftServerImpl (ServerState.java:close(394)) - 0e2f73e4-c2c2-47dd-8da6-d4e2491324da:group-62E5278738CD closes. The last applied log index is 0
2019-08-13 04:29:27,091 INFO  segmented.SegmentedRaftLogWorker (SegmentedRaftLogWorker.java:run(313)) - 12f5b0ca-1960-4d87-af84-ad0d4be0f7a2-SegmentedRaftLogWorker:Storage Directory /workdir/hadoop-ozone/integration-test/target/test-dir/MiniOzoneClusterImpl-6b33123b-f564-4c6c-9efe-bfbfe8b5219f/datanode-1/data/ratis/3d32120a-283f-480f-acc6-62e5278738cd was interrupted, exiting. There are 0 tasks remaining in the queue.
2019-08-13 04:29:27,091 INFO  segmented.SegmentedRaftLogWorker (SegmentedRaftLogWorker.java:run(313)) - 0e2f73e4-c2c2-47dd-8da6-d4e2491324da-SegmentedRaftLogWorker:Storage Directory /workdir/hadoop-ozone/integration-test/target/test-dir/MiniOzoneClusterImpl-6b33123b-f564-4c6c-9efe-bfbfe8b5219f/datanode-0/data/ratis/3d32120a-283f-480f-acc6-62e5278738cd was interrupted, exiting. There are 0 tasks remaining in the queue.
2019-08-13 04:29:27,093 INFO  segmented.SegmentedRaftLogWorker (SegmentedRaftLogWorker.java:close(228)) - 12f5b0ca-1960-4d87-af84-ad0d4be0f7a2-SegmentedRaftLogWorker:Storage Directory /workdir/hadoop-ozone/integration-test/target/test-dir/MiniOzoneClusterImpl-6b33123b-f564-4c6c-9efe-bfbfe8b5219f/datanode-1/data/ratis/3d32120a-283f-480f-acc6-62e5278738cd close()
2019-08-13 04:29:27,095 INFO  segmented.SegmentedRaftLogWorker (SegmentedRaftLogWorker.java:close(228)) - 0e2f73e4-c2c2-47dd-8da6-d4e2491324da-SegmentedRaftLogWorker:Storage Directory /workdir/hadoop-ozone/integration-test/target/test-dir/MiniOzoneClusterImpl-6b33123b-f564-4c6c-9efe-bfbfe8b5219f/datanode-0/data/ratis/3d32120a-283f-480f-acc6-62e5278738cd close()
2019-08-13 04:29:27,099 INFO  impl.RaftServerImpl (RaftServerImpl.java:lambda$shutdown$3(245)) - 12f5b0ca-1960-4d87-af84-ad0d4be0f7a2: shutdown group-53469F415B01
2019-08-13 04:29:27,103 INFO  impl.RaftServerImpl (RaftServerImpl.java:lambda$shutdown$3(245)) - 0e2f73e4-c2c2-47dd-8da6-d4e2491324da: shutdown group-C51806014F6D
2019-08-13 04:29:27,103 INFO  util.JmxRegister (JmxRegister.java:unregister(73)) - Successfully un-registered JMX Bean with object name Ratis:service=RaftServer,group=group-53469F415B01,id=12f5b0ca-1960-4d87-af84-ad0d4be0f7a2
2019-08-13 04:29:27,103 INFO  util.JmxRegister (JmxRegister.java:unregister(73)) - Successfully un-registered JMX Bean with object name Ratis:service=RaftServer,group=group-C51806014F6D,id=0e2f73e4-c2c2-47dd-8da6-d4e2491324da
2019-08-13 04:29:27,103 INFO  impl.RoleInfo (RoleInfo.java:shutdownLeaderState(104)) - 12f5b0ca-1960-4d87-af84-ad0d4be0f7a2: shutdown LeaderState
2019-08-13 04:29:27,104 INFO  impl.RoleInfo (RoleInfo.java:shutdownLeaderState(104)) - 0e2f73e4-c2c2-47dd-8da6-d4e2491324da: shutdown LeaderState
2019-08-13 04:29:27,104 INFO  impl.PendingRequests (PendingRequests.java:sendNotLeaderResponses(202)) - 12f5b0ca-1960-4d87-af84-ad0d4be0f7a2-PendingRequests: sendNotLeaderResponses
2019-08-13 04:29:27,104 INFO  impl.PendingRequests (PendingRequests.java:sendNotLeaderResponses(202)) - 0e2f73e4-c2c2-47dd-8da6-d4e2491324da-PendingRequests: sendNotLeaderResponses
2019-08-13 04:29:27,104 INFO  impl.StateMachineUpdater (StateMachineUpdater.java:stopAndJoin(115)) - StateMachineUpdater:12f5b0ca-1960-4d87-af84-ad0d4be0f7a2:group-53469F415B01: set stopIndex = 0
2019-08-13 04:29:27,104 INFO  impl.StateMachineUpdater (StateMachineUpdater.java:stopAndJoin(115)) - StateMachineUpdater:0e2f73e4-c2c2-47dd-8da6-d4e2491324da:group-C51806014F6D: set stopIndex = 0
2019-08-13 04:29:27,105 INFO  impl.RaftServerImpl (ServerState.java:close(394)) - 12f5b0ca-1960-4d87-af84-ad0d4be0f7a2:group-53469F415B01 closes. The last applied log index is 0
2019-08-13 04:29:27,105 INFO  impl.RaftServerImpl (ServerState.java:close(394)) - 0e2f73e4-c2c2-47dd-8da6-d4e2491324da:group-C51806014F6D closes. The last applied log index is 0
2019-08-13 04:29:27,105 INFO  segmented.SegmentedRaftLogWorker (SegmentedRaftLogWorker.java:run(313)) - 12f5b0ca-1960-4d87-af84-ad0d4be0f7a2-SegmentedRaftLogWorker:Storage Directory /workdir/hadoop-ozone/integration-test/target/test-dir/MiniOzoneClusterImpl-6b33123b-f564-4c6c-9efe-bfbfe8b5219f/datanode-1/data/ratis/34c5548c-e80d-4ee2-b904-53469f415b01 was interrupted, exiting. There are 0 tasks remaining in the queue.
2019-08-13 04:29:27,105 INFO  segmented.SegmentedRaftLogWorker (SegmentedRaftLogWorker.java:run(313)) - 0e2f73e4-c2c2-47dd-8da6-d4e2491324da-SegmentedRaftLogWorker:Storage Directory /workdir/hadoop-ozone/integration-test/target/test-dir/MiniOzoneClusterImpl-6b33123b-f564-4c6c-9efe-bfbfe8b5219f/datanode-0/data/ratis/17c901b5-b00f-4088-ab90-c51806014f6d was interrupted, exiting. There are 0 tasks remaining in the queue.
2019-08-13 04:29:27,107 INFO  segmented.SegmentedRaftLogWorker (SegmentedRaftLogWorker.java:close(228)) - 12f5b0ca-1960-4d87-af84-ad0d4be0f7a2-SegmentedRaftLogWorker:Storage Directory /workdir/hadoop-ozone/integration-test/target/test-dir/MiniOzoneClusterImpl-6b33123b-f564-4c6c-9efe-bfbfe8b5219f/datanode-1/data/ratis/34c5548c-e80d-4ee2-b904-53469f415b01 close()
2019-08-13 04:29:27,109 INFO  segmented.SegmentedRaftLogWorker (SegmentedRaftLogWorker.java:close(228)) - 0e2f73e4-c2c2-47dd-8da6-d4e2491324da-SegmentedRaftLogWorker:Storage Directory /workdir/hadoop-ozone/integration-test/target/test-dir/MiniOzoneClusterImpl-6b33123b-f564-4c6c-9efe-bfbfe8b5219f/datanode-0/data/ratis/17c901b5-b00f-4088-ab90-c51806014f6d close()
2019-08-13 04:29:27,113 INFO  server.GrpcService (GrpcService.java:closeImpl(155)) - 12f5b0ca-1960-4d87-af84-ad0d4be0f7a2: shutdown server with port 46162 now
2019-08-13 04:29:27,117 INFO  server.GrpcService (GrpcService.java:closeImpl(155)) - 0e2f73e4-c2c2-47dd-8da6-d4e2491324da: shutdown server with port 36388 now
2019-08-13 04:29:27,132 WARN  server.GrpcServerProtocolService (LogUtils.java:warn(134)) - 12f5b0ca-1960-4d87-af84-ad0d4be0f7a2: appendEntries onError: org.apache.ratis.thirdparty.io.grpc.StatusRuntimeException: CANCELLED: cancelled before receiving half close
2019-08-13 04:29:27,132 WARN  server.GrpcServerProtocolService (LogUtils.java:warn(134)) - 0e2f73e4-c2c2-47dd-8da6-d4e2491324da: appendEntries onError: org.apache.ratis.thirdparty.io.grpc.StatusRuntimeException: CANCELLED: cancelled before receiving half close
2019-08-13 04:29:27,134 INFO  server.GrpcService (GrpcService.java:closeImpl(163)) - 12f5b0ca-1960-4d87-af84-ad0d4be0f7a2: shutdown server with port 46162 successfully
2019-08-13 04:29:27,134 INFO  server.GrpcService (GrpcService.java:closeImpl(163)) - 0e2f73e4-c2c2-47dd-8da6-d4e2491324da: shutdown server with port 36388 successfully
2019-08-13 04:29:27,135 WARN  server.GrpcLogAppender (LogUtils.java:warn(134)) - 33d130cf-f20f-4868-8606-5e4fa050b9e8->12f5b0ca-1960-4d87-af84-ad0d4be0f7a2: Failed appendEntries: org.apache.ratis.thirdparty.io.grpc.StatusRuntimeException: CANCELLED: HTTP/2 error code: CANCEL
Received Rst Stream
2019-08-13 04:29:27,135 WARN  server.GrpcLogAppender (LogUtils.java:warn(134)) - 33d130cf-f20f-4868-8606-5e4fa050b9e8->0e2f73e4-c2c2-47dd-8da6-d4e2491324da: Failed appendEntries: org.apache.ratis.thirdparty.io.grpc.StatusRuntimeException: CANCELLED: HTTP/2 error code: CANCEL
Received Rst Stream
2019-08-13 04:29:27,139 INFO  utils.BackgroundService (BackgroundService.java:shutdown(148)) - Shutting down service BlockDeletingService
2019-08-13 04:29:27,139 INFO  utils.BackgroundService (BackgroundService.java:shutdown(148)) - Shutting down service BlockDeletingService
2019-08-13 04:29:27,140 INFO  impl.FollowerInfo (FollowerInfo.java:lambda$new$0(50)) - 33d130cf-f20f-4868-8606-5e4fa050b9e8->0e2f73e4-c2c2-47dd-8da6-d4e2491324da: nextIndex: updateUnconditionally 1 -> 0
2019-08-13 04:29:27,140 INFO  impl.FollowerInfo (FollowerInfo.java:lambda$new$0(50)) - 33d130cf-f20f-4868-8606-5e4fa050b9e8->12f5b0ca-1960-4d87-af84-ad0d4be0f7a2: nextIndex: updateUnconditionally 1 -> 0
2019-08-13 04:29:27,143 WARN  fs.CachingGetSpaceUsed (CachingGetSpaceUsed.java:run(183)) - Thread Interrupted waiting to refresh disk information: sleep interrupted
2019-08-13 04:29:27,149 WARN  fs.CachingGetSpaceUsed (CachingGetSpaceUsed.java:run(183)) - Thread Interrupted waiting to refresh disk information: sleep interrupted
2019-08-13 04:29:27,162 WARN  server.GrpcLogAppender (LogUtils.java:warn(134)) - 33d130cf-f20f-4868-8606-5e4fa050b9e8->12f5b0ca-1960-4d87-af84-ad0d4be0f7a2: Failed appendEntries: org.apache.ratis.thirdparty.io.grpc.StatusRuntimeException: UNAVAILABLE: io exception
2019-08-13 04:29:27,162 WARN  server.GrpcLogAppender (LogUtils.java:warn(134)) - 33d130cf-f20f-4868-8606-5e4fa050b9e8->0e2f73e4-c2c2-47dd-8da6-d4e2491324da: Failed appendEntries: org.apache.ratis.thirdparty.io.grpc.StatusRuntimeException: UNAVAILABLE: io exception
2019-08-13 04:29:27,164 INFO  impl.FollowerInfo (FollowerInfo.java:lambda$new$0(50)) - 33d130cf-f20f-4868-8606-5e4fa050b9e8->12f5b0ca-1960-4d87-af84-ad0d4be0f7a2: nextIndex: updateUnconditionally 0 -> 0
2019-08-13 04:29:27,166 INFO  impl.FollowerInfo (FollowerInfo.java:lambda$new$0(50)) - 33d130cf-f20f-4868-8606-5e4fa050b9e8->0e2f73e4-c2c2-47dd-8da6-d4e2491324da: nextIndex: updateUnconditionally 0 -> 0
2019-08-13 04:29:27,176 INFO  statemachine.DatanodeStateMachine (DatanodeStateMachine.java:stopDaemon(395)) - Ozone container server stopped.
2019-08-13 04:29:27,179 INFO  statemachine.DatanodeStateMachine (DatanodeStateMachine.java:stopDaemon(395)) - Ozone container server stopped.
2019-08-13 04:29:27,184 INFO  handler.ContextHandler (ContextHandler.java:doStop(910)) - Stopped o.e.j.w.WebAppContext@133ded21{/,null,UNAVAILABLE}{/hddsDatanode}
2019-08-13 04:29:27,184 INFO  handler.ContextHandler (ContextHandler.java:doStop(910)) - Stopped o.e.j.w.WebAppContext@76fc08b1{/,null,UNAVAILABLE}{/hddsDatanode}
2019-08-13 04:29:27,184 INFO  server.AbstractConnector (AbstractConnector.java:doStop(318)) - Stopped ServerConnector@5c9e66a8{HTTP/1.1,[http/1.1]}{0.0.0.0:0}
2019-08-13 04:29:27,185 INFO  server.AbstractConnector (AbstractConnector.java:doStop(318)) - Stopped ServerConnector@315b1cbf{HTTP/1.1,[http/1.1]}{0.0.0.0:0}
2019-08-13 04:29:27,185 INFO  handler.ContextHandler (ContextHandler.java:doStop(910)) - Stopped o.e.j.s.ServletContextHandler@1f9e5a3a{/static,jar:file:/home/user/.m2/repository/org/apache/hadoop/hadoop-hdds-container-service/0.4.1-SNAPSHOT/hadoop-hdds-container-service-0.4.1-SNAPSHOT.jar!/webapps/static,UNAVAILABLE}
2019-08-13 04:29:27,186 INFO  handler.ContextHandler (ContextHandler.java:doStop(910)) - Stopped o.e.j.s.ServletContextHandler@228d0a11{/static,jar:file:/home/user/.m2/repository/org/apache/hadoop/hadoop-hdds-container-service/0.4.1-SNAPSHOT/hadoop-hdds-container-service-0.4.1-SNAPSHOT.jar!/webapps/static,UNAVAILABLE}
2019-08-13 04:29:27,187 INFO  handler.ContextHandler (ContextHandler.java:doStop(910)) - Stopped o.e.j.s.ServletContextHandler@50f92263{/logs,file:///workdir/hadoop-ozone/integration-test/target/log,UNAVAILABLE}
2019-08-13 04:29:27,188 INFO  handler.ContextHandler (ContextHandler.java:doStop(910)) - Stopped o.e.j.s.ServletContextHandler@50bb44a6{/logs,file:///workdir/hadoop-ozone/integration-test/target/log,UNAVAILABLE}
2019-08-13 04:29:27,189 INFO  datanode.ObjectStoreHandler (ObjectStoreHandler.java:close(155)) - Closing ObjectStoreHandler.
2019-08-13 04:29:27,190 INFO  ozone.HddsDatanodeService (HddsDatanodeService.java:stop(451)) - Stopped plug-in org.apache.hadoop.ozone.web.OzoneHddsDatanodeService@2cde8689
2019-08-13 04:29:28,062 INFO  statemachine.DatanodeStateMachine (DatanodeStateMachine.java:lambda$startDaemon$0(350)) - Ozone container server started.
2019-08-13 04:29:29,653 WARN  server.GrpcLogAppender (LogUtils.java:warn(134)) - 33d130cf-f20f-4868-8606-5e4fa050b9e8->0e2f73e4-c2c2-47dd-8da6-d4e2491324da: Failed appendEntries: org.apache.ratis.thirdparty.io.grpc.StatusRuntimeException: UNAVAILABLE: io exception
2019-08-13 04:29:29,654 INFO  impl.FollowerInfo (FollowerInfo.java:lambda$new$0(50)) - 33d130cf-f20f-4868-8606-5e4fa050b9e8->0e2f73e4-c2c2-47dd-8da6-d4e2491324da: nextIndex: updateUnconditionally 0 -> 0
2019-08-13 04:29:29,660 WARN  server.GrpcLogAppender (LogUtils.java:warn(134)) - 33d130cf-f20f-4868-8606-5e4fa050b9e8->12f5b0ca-1960-4d87-af84-ad0d4be0f7a2: Failed appendEntries: org.apache.ratis.thirdparty.io.grpc.StatusRuntimeException: UNAVAILABLE: io exception
2019-08-13 04:29:29,661 INFO  impl.FollowerInfo (FollowerInfo.java:lambda$new$0(50)) - 33d130cf-f20f-4868-8606-5e4fa050b9e8->12f5b0ca-1960-4d87-af84-ad0d4be0f7a2: nextIndex: updateUnconditionally 0 -> 0
2019-08-13 04:29:32,160 WARN  server.GrpcLogAppender (LogUtils.java:warn(134)) - 33d130cf-f20f-4868-8606-5e4fa050b9e8->0e2f73e4-c2c2-47dd-8da6-d4e2491324da: Failed appendEntries: org.apache.ratis.thirdparty.io.grpc.StatusRuntimeException: UNAVAILABLE: io exception
2019-08-13 04:29:32,164 INFO  impl.FollowerInfo (FollowerInfo.java:lambda$new$0(50)) - 33d130cf-f20f-4868-8606-5e4fa050b9e8->0e2f73e4-c2c2-47dd-8da6-d4e2491324da: nextIndex: updateUnconditionally 0 -> 0
2019-08-13 04:29:32,164 WARN  server.GrpcLogAppender (LogUtils.java:warn(134)) - 33d130cf-f20f-4868-8606-5e4fa050b9e8->12f5b0ca-1960-4d87-af84-ad0d4be0f7a2: Failed appendEntries: org.apache.ratis.thirdparty.io.grpc.StatusRuntimeException: UNAVAILABLE: io exception
2019-08-13 04:29:32,166 INFO  impl.FollowerInfo (FollowerInfo.java:lambda$new$0(50)) - 33d130cf-f20f-4868-8606-5e4fa050b9e8->12f5b0ca-1960-4d87-af84-ad0d4be0f7a2: nextIndex: updateUnconditionally 0 -> 0
2019-08-13 04:29:32,191 INFO  ozoneimpl.OzoneContainer (OzoneContainer.java:stop(199)) - Attempting to stop container services.
2019-08-13 04:29:32,191 INFO  impl.RaftServerProxy (RaftServerProxy.java:lambda$close$4(314)) - 33d130cf-f20f-4868-8606-5e4fa050b9e8: close
2019-08-13 04:29:32,192 INFO  impl.RaftServerImpl (RaftServerImpl.java:lambda$shutdown$3(245)) - 33d130cf-f20f-4868-8606-5e4fa050b9e8: shutdown group-62E5278738CD
2019-08-13 04:29:32,192 INFO  util.JmxRegister (JmxRegister.java:unregister(73)) - Successfully un-registered JMX Bean with object name Ratis:service=RaftServer,group=group-62E5278738CD,id=33d130cf-f20f-4868-8606-5e4fa050b9e8
2019-08-13 04:29:32,193 INFO  impl.RoleInfo (RoleInfo.java:shutdownLeaderState(104)) - 33d130cf-f20f-4868-8606-5e4fa050b9e8: shutdown LeaderState
2019-08-13 04:29:32,196 INFO  impl.PendingRequests (PendingRequests.java:sendNotLeaderResponses(202)) - 33d130cf-f20f-4868-8606-5e4fa050b9e8-PendingRequests: sendNotLeaderResponses
2019-08-13 04:29:32,196 WARN  server.GrpcLogAppender (GrpcLogAppender.java:mayWait(143)) - GrpcLogAppender(33d130cf-f20f-4868-8606-5e4fa050b9e8->12f5b0ca-1960-4d87-af84-ad0d4be0f7a2): Wait interrupted by java.lang.InterruptedException
2019-08-13 04:29:32,196 WARN  server.GrpcLogAppender (GrpcLogAppender.java:mayWait(143)) - GrpcLogAppender(33d130cf-f20f-4868-8606-5e4fa050b9e8->0e2f73e4-c2c2-47dd-8da6-d4e2491324da): Wait interrupted by java.lang.InterruptedException
2019-08-13 04:29:32,197 INFO  impl.StateMachineUpdater (StateMachineUpdater.java:stopAndJoin(115)) - StateMachineUpdater:33d130cf-f20f-4868-8606-5e4fa050b9e8:group-62E5278738CD: set stopIndex = 0
2019-08-13 04:29:32,198 INFO  impl.RaftServerImpl (ServerState.java:close(394)) - 33d130cf-f20f-4868-8606-5e4fa050b9e8:group-62E5278738CD closes. The last applied log index is 0
2019-08-13 04:29:32,200 INFO  segmented.SegmentedRaftLogWorker (SegmentedRaftLogWorker.java:run(313)) - 33d130cf-f20f-4868-8606-5e4fa050b9e8-SegmentedRaftLogWorker:Storage Directory /workdir/hadoop-ozone/integration-test/target/test-dir/MiniOzoneClusterImpl-6b33123b-f564-4c6c-9efe-bfbfe8b5219f/datanode-2/data/ratis/3d32120a-283f-480f-acc6-62e5278738cd was interrupted, exiting. There are 0 tasks remaining in the queue.
2019-08-13 04:29:32,202 INFO  segmented.SegmentedRaftLogWorker (SegmentedRaftLogWorker.java:close(228)) - 33d130cf-f20f-4868-8606-5e4fa050b9e8-SegmentedRaftLogWorker:Storage Directory /workdir/hadoop-ozone/integration-test/target/test-dir/MiniOzoneClusterImpl-6b33123b-f564-4c6c-9efe-bfbfe8b5219f/datanode-2/data/ratis/3d32120a-283f-480f-acc6-62e5278738cd close()
2019-08-13 04:29:32,205 INFO  impl.RaftServerImpl (RaftServerImpl.java:lambda$shutdown$3(245)) - 33d130cf-f20f-4868-8606-5e4fa050b9e8: shutdown group-35277B9E0952
2019-08-13 04:29:32,206 INFO  util.JmxRegister (JmxRegister.java:unregister(73)) - Successfully un-registered JMX Bean with object name Ratis:service=RaftServer,group=group-35277B9E0952,id=33d130cf-f20f-4868-8606-5e4fa050b9e8
2019-08-13 04:29:32,206 INFO  impl.RoleInfo (RoleInfo.java:shutdownLeaderState(104)) - 33d130cf-f20f-4868-8606-5e4fa050b9e8: shutdown LeaderState
2019-08-13 04:29:32,207 INFO  impl.PendingRequests (PendingRequests.java:sendNotLeaderResponses(202)) - 33d130cf-f20f-4868-8606-5e4fa050b9e8-PendingRequests: sendNotLeaderResponses
2019-08-13 04:29:32,207 INFO  impl.StateMachineUpdater (StateMachineUpdater.java:stopAndJoin(115)) - StateMachineUpdater:33d130cf-f20f-4868-8606-5e4fa050b9e8:group-35277B9E0952: set stopIndex = 0
2019-08-13 04:29:32,207 INFO  impl.RaftServerImpl (ServerState.java:close(394)) - 33d130cf-f20f-4868-8606-5e4fa050b9e8:group-35277B9E0952 closes. The last applied log index is 0
2019-08-13 04:29:32,208 INFO  segmented.SegmentedRaftLogWorker (SegmentedRaftLogWorker.java:run(313)) - 33d130cf-f20f-4868-8606-5e4fa050b9e8-SegmentedRaftLogWorker:Storage Directory /workdir/hadoop-ozone/integration-test/target/test-dir/MiniOzoneClusterImpl-6b33123b-f564-4c6c-9efe-bfbfe8b5219f/datanode-2/data/ratis/5ab134eb-a44a-4558-9e85-35277b9e0952 was interrupted, exiting. There are 0 tasks remaining in the queue.
2019-08-13 04:29:32,210 INFO  segmented.SegmentedRaftLogWorker (SegmentedRaftLogWorker.java:close(228)) - 33d130cf-f20f-4868-8606-5e4fa050b9e8-SegmentedRaftLogWorker:Storage Directory /workdir/hadoop-ozone/integration-test/target/test-dir/MiniOzoneClusterImpl-6b33123b-f564-4c6c-9efe-bfbfe8b5219f/datanode-2/data/ratis/5ab134eb-a44a-4558-9e85-35277b9e0952 close()
2019-08-13 04:29:32,221 INFO  server.GrpcService (GrpcService.java:closeImpl(155)) - 33d130cf-f20f-4868-8606-5e4fa050b9e8: shutdown server with port 33602 now
2019-08-13 04:29:32,222 INFO  server.GrpcService (GrpcService.java:closeImpl(163)) - 33d130cf-f20f-4868-8606-5e4fa050b9e8: shutdown server with port 33602 successfully
2019-08-13 04:29:32,223 INFO  utils.BackgroundService (BackgroundService.java:shutdown(148)) - Shutting down service BlockDeletingService
2019-08-13 04:29:32,225 WARN  fs.CachingGetSpaceUsed (CachingGetSpaceUsed.java:run(183)) - Thread Interrupted waiting to refresh disk information: sleep interrupted
2019-08-13 04:29:32,247 INFO  statemachine.DatanodeStateMachine (DatanodeStateMachine.java:stopDaemon(395)) - Ozone container server stopped.
2019-08-13 04:29:32,248 INFO  handler.ContextHandler (ContextHandler.java:doStop(910)) - Stopped o.e.j.w.WebAppContext@48f631cd{/,null,UNAVAILABLE}{/hddsDatanode}
2019-08-13 04:29:32,250 INFO  server.AbstractConnector (AbstractConnector.java:doStop(318)) - Stopped ServerConnector@478d5853{HTTP/1.1,[http/1.1]}{0.0.0.0:0}
2019-08-13 04:29:32,250 INFO  handler.ContextHandler (ContextHandler.java:doStop(910)) - Stopped o.e.j.s.ServletContextHandler@1f130efa{/static,jar:file:/home/user/.m2/repository/org/apache/hadoop/hadoop-hdds-container-service/0.4.1-SNAPSHOT/hadoop-hdds-container-service-0.4.1-SNAPSHOT.jar!/webapps/static,UNAVAILABLE}
2019-08-13 04:29:32,251 INFO  handler.ContextHandler (ContextHandler.java:doStop(910)) - Stopped o.e.j.s.ServletContextHandler@3ccc7e38{/logs,file:///workdir/hadoop-ozone/integration-test/target/log,UNAVAILABLE}
2019-08-13 04:29:32,252 INFO  ozone.MiniOzoneClusterImpl (MiniOzoneClusterImpl.java:stop(353)) - Stopping the StorageContainerManager
2019-08-13 04:29:32,252 INFO  server.StorageContainerManager (StorageContainerManager.java:stop(797)) - Stopping Replication Manager Service.
2019-08-13 04:29:32,252 INFO  container.ReplicationManager (ReplicationManager.java:stop(187)) - Stopping Replication Monitor Thread.
2019-08-13 04:29:32,252 INFO  server.StorageContainerManager (StorageContainerManager.java:stop(804)) - Stopping Lease Manager of the command watchers
2019-08-13 04:29:32,252 INFO  server.StorageContainerManager (StorageContainerManager.java:stop(811)) - Stopping datanode service RPC server
2019-08-13 04:29:32,252 INFO  server.SCMDatanodeProtocolServer (SCMDatanodeProtocolServer.java:stop(367)) - Stopping the RPC server for DataNodes
2019-08-13 04:29:32,252 INFO  ipc.Server (Server.java:stop(3082)) - Stopping server on 39184
2019-08-13 04:29:32,255 INFO  ipc.Server (Server.java:run(1185)) - Stopping IPC Server listener on 39184
2019-08-13 04:29:32,256 INFO  ipc.Server (Server.java:run(1319)) - Stopping IPC Server Responder
2019-08-13 04:29:32,266 WARN  node.NodeStateManager (NodeStateManager.java:scheduleNextHealthCheck(646)) - Current Thread is interrupted, shutting down HB processing thread for Node Manager.
2019-08-13 04:29:32,266 INFO  server.StorageContainerManager (StorageContainerManager.java:stop(819)) - Stopping block service RPC server
2019-08-13 04:29:32,266 INFO  server.SCMBlockProtocolServer (SCMBlockProtocolServer.java:stop(148)) - Stopping the RPC server for Block Protocol
2019-08-13 04:29:32,266 INFO  ipc.Server (Server.java:stop(3082)) - Stopping server on 42571
2019-08-13 04:29:32,272 INFO  ipc.Server (Server.java:run(1185)) - Stopping IPC Server listener on 42571
2019-08-13 04:29:32,280 INFO  server.StorageContainerManager (StorageContainerManager.java:stop(826)) - Stopping the StorageContainerLocationProtocol RPC server
2019-08-13 04:29:32,280 INFO  ipc.Server (Server.java:run(1319)) - Stopping IPC Server Responder
2019-08-13 04:29:32,280 INFO  server.SCMClientProtocolServer (SCMClientProtocolServer.java:stop(159)) - Stopping the RPC server for Client Protocol
2019-08-13 04:29:32,280 INFO  ipc.Server (Server.java:stop(3082)) - Stopping server on 39524
2019-08-13 04:29:32,283 INFO  ipc.Server (Server.java:run(1185)) - Stopping IPC Server listener on 39524
2019-08-13 04:29:32,283 INFO  server.StorageContainerManager (StorageContainerManager.java:stop(833)) - Stopping Storage Container Manager HTTP server.
2019-08-13 04:29:32,283 INFO  ipc.Server (Server.java:run(1319)) - Stopping IPC Server Responder
2019-08-13 04:29:32,285 INFO  handler.ContextHandler (ContextHandler.java:doStop(910)) - Stopped o.e.j.w.WebAppContext@4dbe661e{/,null,UNAVAILABLE}{/scm}
2019-08-13 04:29:32,286 INFO  server.AbstractConnector (AbstractConnector.java:doStop(318)) - Stopped ServerConnector@69a93ad1{HTTP/1.1,[http/1.1]}{0.0.0.0:0}
2019-08-13 04:29:32,286 INFO  handler.ContextHandler (ContextHandler.java:doStop(910)) - Stopped o.e.j.s.ServletContextHandler@4b290d24{/static,file:///workdir/hadoop-ozone/integration-test/target/test-classes/webapps/static,UNAVAILABLE}
2019-08-13 04:29:32,286 INFO  handler.ContextHandler (ContextHandler.java:doStop(910)) - Stopped o.e.j.s.ServletContextHandler@29523e66{/logs,file:///workdir/hadoop-ozone/integration-test/target/log,UNAVAILABLE}
2019-08-13 04:29:32,287 INFO  server.StorageContainerManager (StorageContainerManager.java:stop(844)) - Stopping Block Manager Service.
2019-08-13 04:29:32,287 INFO  utils.BackgroundService (BackgroundService.java:shutdown(148)) - Shutting down service SCMBlockDeletingService
2019-08-13 04:29:32,287 INFO  utils.BackgroundService (BackgroundService.java:shutdown(148)) - Shutting down service SCMBlockDeletingService
2019-08-13 04:29:32,288 INFO  server.StorageContainerManager (StorageContainerManager.java:stop(866)) - Stopping SCM Event Queue.
2019-08-13 04:29:32,291 INFO  impl.MetricsSystemImpl (MetricsSystemImpl.java:stop(210)) - Stopping HddsDatanode metrics system...
2019-08-13 04:29:32,295 INFO  impl.MetricsSystemImpl (MetricsSystemImpl.java:stop(216)) - HddsDatanode metrics system stopped.
]]></system-out>
    <system-err><![CDATA[Aug 13, 2019 4:29:04 AM com.sun.jersey.server.impl.application.WebApplicationImpl _initiate
INFO: Initiating Jersey application, version 'Jersey: 1.19 02/11/2015 03:25 AM'
Aug 13, 2019 4:29:04 AM com.sun.jersey.server.impl.application.WebApplicationImpl _initiate
INFO: Initiating Jersey application, version 'Jersey: 1.19 02/11/2015 03:25 AM'
Aug 13, 2019 4:29:04 AM com.sun.jersey.server.impl.application.WebApplicationImpl _initiate
INFO: Initiating Jersey application, version 'Jersey: 1.19 02/11/2015 03:25 AM'
]]></system-err>
  </testcase>
  <testcase name="testScmInfo" classname="org.apache.hadoop.ozone.TestStorageContainerManager" time="0.341"/>
</testsuite>