<?xml version="1.0" encoding="UTF-8"?>
<testsuite xmlns:xsi="http://www.w3.org/2001/XMLSchema-instance" xsi:noNamespaceSchemaLocation="https://maven.apache.org/surefire/maven-surefire-plugin/xsd/surefire-test-report.xsd" name="org.apache.hadoop.ozone.client.rpc.TestBlockOutputStreamWithFailures" time="724.264" tests="8" errors="0" skipped="0" failures="2">
  <properties>
    <property name="awt.toolkit" value="sun.awt.X11.XToolkit"/>
    <property name="file.encoding.pkg" value="sun.io"/>
    <property name="java.specification.version" value="1.8"/>
    <property name="sun.cpu.isalist" value=""/>
    <property name="sun.jnu.encoding" value="UTF-8"/>
    <property name="java.class.path" value="/workdir/hadoop-ozone/integration-test/target/test-classes:/workdir/hadoop-ozone/integration-test/target/classes:/home/user/.m2/repository/org/apache/hadoop/hadoop-ozone-common/0.5.0-SNAPSHOT/hadoop-ozone-common-0.5.0-SNAPSHOT.jar:/home/user/.m2/repository/org/apache/commons/commons-compress/1.4.1/commons-compress-1.4.1.jar:/home/user/.m2/repository/org/tukaani/xz/1.0/xz-1.0.jar:/home/user/.m2/repository/org/apache/hadoop/hadoop-common/3.2.0/hadoop-common-3.2.0.jar:/home/user/.m2/repository/org/apache/hadoop/hadoop-hdfs/3.2.0/hadoop-hdfs-3.2.0.jar:/home/user/.m2/repository/org/apache/hadoop/hadoop-hdfs-client/3.2.0/hadoop-hdfs-client-3.2.0.jar:/home/user/.m2/repository/com/fasterxml/jackson/core/jackson-annotations/2.9.5/jackson-annotations-2.9.5.jar:/home/user/.m2/repository/org/apache/hadoop/hadoop-hdds-common/0.5.0-SNAPSHOT/hadoop-hdds-common-0.5.0-SNAPSHOT.jar:/home/user/.m2/repository/javax/annotation/javax.annotation-api/1.2/javax.annotation-api-1.2.jar:/home/user/.m2/repository/org/apache/ratis/ratis-server/0.4.0-2337318-SNAPSHOT/ratis-server-0.4.0-2337318-SNAPSHOT.jar:/home/user/.m2/repository/org/apache/ratis/ratis-thirdparty-misc/0.2.0/ratis-thirdparty-misc-0.2.0.jar:/home/user/.m2/repository/org/apache/ratis/ratis-proto/0.4.0-2337318-SNAPSHOT/ratis-proto-0.4.0-2337318-SNAPSHOT.jar:/home/user/.m2/repository/org/apache/ratis/ratis-common/0.4.0-2337318-SNAPSHOT/ratis-common-0.4.0-2337318-SNAPSHOT.jar:/home/user/.m2/repository/org/apache/ratis/ratis-client/0.4.0-2337318-SNAPSHOT/ratis-client-0.4.0-2337318-SNAPSHOT.jar:/home/user/.m2/repository/org/apache/ratis/ratis-metrics/0.4.0-2337318-SNAPSHOT/ratis-metrics-0.4.0-2337318-SNAPSHOT.jar:/home/user/.m2/repository/org/apache/ratis/ratis-netty/0.4.0-2337318-SNAPSHOT/ratis-netty-0.4.0-2337318-SNAPSHOT.jar:/home/user/.m2/repository/org/apache/ratis/ratis-grpc/0.4.0-2337318-SNAPSHOT/ratis-grpc-0.4.0-2337318-SNAPSHOT.jar:/home/user/.m2/repository/org/rocksdb/rocksdbjni/6.0.1/rocksdbjni-6.0.1.jar:/home/user/.m2/repository/org/apache/logging/log4j/log4j-api/2.11.0/log4j-api-2.11.0.jar:/home/user/.m2/repository/org/apache/logging/log4j/log4j-core/2.11.0/log4j-core-2.11.0.jar:/home/user/.m2/repository/com/lmax/disruptor/3.4.2/disruptor-3.4.2.jar:/home/user/.m2/repository/org/apache/commons/commons-pool2/2.6.0/commons-pool2-2.6.0.jar:/home/user/.m2/repository/org/bouncycastle/bcpkix-jdk15on/1.60/bcpkix-jdk15on-1.60.jar:/home/user/.m2/repository/commons-validator/commons-validator/1.6/commons-validator-1.6.jar:/home/user/.m2/repository/commons-digester/commons-digester/1.8.1/commons-digester-1.8.1.jar:/home/user/.m2/repository/io/jaegertracing/jaeger-client/0.33.1/jaeger-client-0.33.1.jar:/home/user/.m2/repository/io/jaegertracing/jaeger-thrift/0.33.1/jaeger-thrift-0.33.1.jar:/home/user/.m2/repository/org/apache/thrift/libthrift/0.11.0/libthrift-0.11.0.jar:/home/user/.m2/repository/com/squareup/okhttp3/okhttp/3.9.0/okhttp-3.9.0.jar:/home/user/.m2/repository/com/squareup/okio/okio/1.13.0/okio-1.13.0.jar:/home/user/.m2/repository/io/jaegertracing/jaeger-core/0.33.1/jaeger-core-0.33.1.jar:/home/user/.m2/repository/io/jaegertracing/jaeger-tracerresolver/0.33.1/jaeger-tracerresolver-0.33.1.jar:/home/user/.m2/repository/io/opentracing/contrib/opentracing-tracerresolver/0.1.5/opentracing-tracerresolver-0.1.5.jar:/home/user/.m2/repository/io/opentracing/opentracing-util/0.31.0/opentracing-util-0.31.0.jar:/home/user/.m2/repository/io/opentracing/opentracing-api/0.31.0/opentracing-api-0.31.0.jar:/home/user/.m2/repository/io/opentracing/opentracing-noop/0.31.0/opentracing-noop-0.31.0.jar:/home/user/.m2/repository/org/apache/hadoop/hadoop-hdds-server-framework/0.5.0-SNAPSHOT/hadoop-hdds-server-framework-0.5.0-SNAPSHOT.jar:/home/user/.m2/repository/org/apache/hadoop/hadoop-hdds-container-service/0.5.0-SNAPSHOT/hadoop-hdds-container-service-0.5.0-SNAPSHOT.jar:/home/user/.m2/repository/org/apache/hadoop/hadoop-hdds-client/0.5.0-SNAPSHOT/hadoop-hdds-client-0.5.0-SNAPSHOT.jar:/home/user/.m2/repository/org/apache/hadoop/hadoop-hdds-tools/0.5.0-SNAPSHOT/hadoop-hdds-tools-0.5.0-SNAPSHOT.jar:/home/user/.m2/repository/org/apache/hadoop/hadoop-hdds-server-scm/0.5.0-SNAPSHOT/hadoop-hdds-server-scm-0.5.0-SNAPSHOT.jar:/home/user/.m2/repository/org/apache/hadoop/hadoop-hdds-docs/0.5.0-SNAPSHOT/hadoop-hdds-docs-0.5.0-SNAPSHOT.jar:/home/user/.m2/repository/io/dropwizard/metrics/metrics-core/3.2.4/metrics-core-3.2.4.jar:/home/user/.m2/repository/org/hamcrest/hamcrest-all/1.3/hamcrest-all-1.3.jar:/home/user/.m2/repository/org/bouncycastle/bcprov-jdk15on/1.60/bcprov-jdk15on-1.60.jar:/home/user/.m2/repository/info/picocli/picocli/3.9.6/picocli-3.9.6.jar:/home/user/.m2/repository/com/google/protobuf/protobuf-java/2.5.0/protobuf-java-2.5.0.jar:/home/user/.m2/repository/com/google/guava/guava/11.0.2/guava-11.0.2.jar:/home/user/.m2/repository/org/apache/hadoop/hadoop-ozone-ozone-manager/0.5.0-SNAPSHOT/hadoop-ozone-ozone-manager-0.5.0-SNAPSHOT.jar:/home/user/.m2/repository/org/apache/hadoop/hadoop-minikdc/3.2.0/hadoop-minikdc-3.2.0.jar:/home/user/.m2/repository/commons-io/commons-io/2.5/commons-io-2.5.jar:/home/user/.m2/repository/org/apache/kerby/kerb-simplekdc/1.0.1/kerb-simplekdc-1.0.1.jar:/home/user/.m2/repository/org/apache/kerby/kerb-client/1.0.1/kerb-client-1.0.1.jar:/home/user/.m2/repository/org/apache/kerby/kerby-config/1.0.1/kerby-config-1.0.1.jar:/home/user/.m2/repository/org/apache/kerby/kerb-core/1.0.1/kerb-core-1.0.1.jar:/home/user/.m2/repository/org/apache/kerby/kerby-pkix/1.0.1/kerby-pkix-1.0.1.jar:/home/user/.m2/repository/org/apache/kerby/kerby-asn1/1.0.1/kerby-asn1-1.0.1.jar:/home/user/.m2/repository/org/apache/kerby/kerby-util/1.0.1/kerby-util-1.0.1.jar:/home/user/.m2/repository/org/apache/kerby/kerb-common/1.0.1/kerb-common-1.0.1.jar:/home/user/.m2/repository/org/apache/kerby/kerb-crypto/1.0.1/kerb-crypto-1.0.1.jar:/home/user/.m2/repository/org/apache/kerby/kerb-util/1.0.1/kerb-util-1.0.1.jar:/home/user/.m2/repository/org/apache/kerby/token-provider/1.0.1/token-provider-1.0.1.jar:/home/user/.m2/repository/org/apache/kerby/kerb-admin/1.0.1/kerb-admin-1.0.1.jar:/home/user/.m2/repository/org/apache/kerby/kerb-server/1.0.1/kerb-server-1.0.1.jar:/home/user/.m2/repository/org/apache/kerby/kerb-identity/1.0.1/kerb-identity-1.0.1.jar:/home/user/.m2/repository/org/apache/kerby/kerby-xdr/1.0.1/kerby-xdr-1.0.1.jar:/home/user/.m2/repository/org/slf4j/slf4j-log4j12/1.7.25/slf4j-log4j12-1.7.25.jar:/home/user/.m2/repository/org/apache/hadoop/hadoop-ozone-objectstore-service/0.5.0-SNAPSHOT/hadoop-ozone-objectstore-service-0.5.0-SNAPSHOT.jar:/home/user/.m2/repository/org/apache/hadoop/hadoop-ozone-s3gateway/0.5.0-SNAPSHOT/hadoop-ozone-s3gateway-0.5.0-SNAPSHOT.jar:/home/user/.m2/repository/org/jboss/weld/servlet/weld-servlet/2.4.7.Final/weld-servlet-2.4.7.Final.jar:/home/user/.m2/repository/org/glassfish/jersey/containers/jersey-container-servlet-core/2.27/jersey-container-servlet-core-2.27.jar:/home/user/.m2/repository/org/glassfish/hk2/external/javax.inject/2.5.0-b42/javax.inject-2.5.0-b42.jar:/home/user/.m2/repository/org/glassfish/jersey/core/jersey-common/2.27/jersey-common-2.27.jar:/home/user/.m2/repository/org/glassfish/hk2/osgi-resource-locator/1.0.1/osgi-resource-locator-1.0.1.jar:/home/user/.m2/repository/javax/ws/rs/javax.ws.rs-api/2.1/javax.ws.rs-api-2.1.jar:/home/user/.m2/repository/org/glassfish/jersey/ext/cdi/jersey-cdi1x/2.27/jersey-cdi1x-2.27.jar:/home/user/.m2/repository/org/glassfish/jersey/inject/jersey-hk2/2.27/jersey-hk2-2.27.jar:/home/user/.m2/repository/org/glassfish/hk2/hk2-locator/2.5.0-b42/hk2-locator-2.5.0-b42.jar:/home/user/.m2/repository/org/javassist/javassist/3.22.0-CR2/javassist-3.22.0-CR2.jar:/home/user/.m2/repository/org/glassfish/hk2/hk2-api/2.5.0/hk2-api-2.5.0.jar:/home/user/.m2/repository/org/glassfish/hk2/external/jakarta.inject/2.5.0/jakarta.inject-2.5.0.jar:/home/user/.m2/repository/org/glassfish/hk2/hk2-utils/2.5.0/hk2-utils-2.5.0.jar:/home/user/.m2/repository/jakarta/annotation/jakarta.annotation-api/1.3.4/jakarta.annotation-api-1.3.4.jar:/home/user/.m2/repository/org/glassfish/hk2/external/aopalliance-repackaged/2.5.0/aopalliance-repackaged-2.5.0.jar:/home/user/.m2/repository/com/fasterxml/jackson/dataformat/jackson-dataformat-xml/2.9.0/jackson-dataformat-xml-2.9.0.jar:/home/user/.m2/repository/com/fasterxml/jackson/core/jackson-core/2.9.5/jackson-core-2.9.5.jar:/home/user/.m2/repository/com/fasterxml/jackson/module/jackson-module-jaxb-annotations/2.9.5/jackson-module-jaxb-annotations-2.9.5.jar:/home/user/.m2/repository/javax/enterprise/cdi-api/1.2/cdi-api-1.2.jar:/home/user/.m2/repository/javax/el/javax.el-api/3.0.0/javax.el-api-3.0.0.jar:/home/user/.m2/repository/javax/interceptor/javax.interceptor-api/1.2/javax.interceptor-api-1.2.jar:/home/user/.m2/repository/javax/inject/javax.inject/1/javax.inject-1.jar:/home/user/.m2/repository/com/sun/xml/bind/jaxb-impl/2.3.0.1/jaxb-impl-2.3.0.1.jar:/home/user/.m2/repository/com/sun/xml/bind/jaxb-core/2.3.0.1/jaxb-core-2.3.0.1.jar:/home/user/.m2/repository/javax/xml/bind/jaxb-api/2.3.0/jaxb-api-2.3.0.jar:/home/user/.m2/repository/javax/activation/activation/1.1.1/activation-1.1.1.jar:/home/user/.m2/repository/org/apache/hadoop/hadoop-ozone-csi/0.5.0-SNAPSHOT/hadoop-ozone-csi-0.5.0-SNAPSHOT.jar:/home/user/.m2/repository/com/google/protobuf/protobuf-java-util/3.5.1/protobuf-java-util-3.5.1.jar:/home/user/.m2/repository/org/apache/hadoop/hadoop-hdds-config/0.5.0-SNAPSHOT/hadoop-hdds-config-0.5.0-SNAPSHOT.jar:/home/user/.m2/repository/io/grpc/grpc-netty/1.17.1/grpc-netty-1.17.1.jar:/home/user/.m2/repository/io/grpc/grpc-core/1.17.1/grpc-core-1.17.1.jar:/home/user/.m2/repository/io/grpc/grpc-context/1.17.1/grpc-context-1.17.1.jar:/home/user/.m2/repository/com/google/errorprone/error_prone_annotations/2.2.0/error_prone_annotations-2.2.0.jar:/home/user/.m2/repository/org/codehaus/mojo/animal-sniffer-annotations/1.17/animal-sniffer-annotations-1.17.jar:/home/user/.m2/repository/io/opencensus/opencensus-api/0.17.0/opencensus-api-0.17.0.jar:/home/user/.m2/repository/io/opencensus/opencensus-contrib-grpc-metrics/0.17.0/opencensus-contrib-grpc-metrics-0.17.0.jar:/home/user/.m2/repository/io/netty/netty-codec-http2/4.1.30.Final/netty-codec-http2-4.1.30.Final.jar:/home/user/.m2/repository/io/netty/netty-codec-http/4.1.30.Final/netty-codec-http-4.1.30.Final.jar:/home/user/.m2/repository/io/netty/netty-codec/4.1.30.Final/netty-codec-4.1.30.Final.jar:/home/user/.m2/repository/io/netty/netty-handler/4.1.30.Final/netty-handler-4.1.30.Final.jar:/home/user/.m2/repository/io/netty/netty-handler-proxy/4.1.30.Final/netty-handler-proxy-4.1.30.Final.jar:/home/user/.m2/repository/io/netty/netty-codec-socks/4.1.30.Final/netty-codec-socks-4.1.30.Final.jar:/home/user/.m2/repository/io/netty/netty-transport-native-epoll/4.1.30.Final/netty-transport-native-epoll-4.1.30.Final.jar:/home/user/.m2/repository/io/netty/netty-common/4.1.30.Final/netty-common-4.1.30.Final.jar:/home/user/.m2/repository/io/netty/netty-buffer/4.1.30.Final/netty-buffer-4.1.30.Final.jar:/home/user/.m2/repository/io/netty/netty-transport/4.1.30.Final/netty-transport-4.1.30.Final.jar:/home/user/.m2/repository/io/netty/netty-resolver/4.1.30.Final/netty-resolver-4.1.30.Final.jar:/home/user/.m2/repository/io/netty/netty-transport-native-unix-common/4.1.30.Final/netty-transport-native-unix-common-4.1.30.Final.jar:/home/user/.m2/repository/io/grpc/grpc-protobuf/1.17.1/grpc-protobuf-1.17.1.jar:/home/user/.m2/repository/com/google/api/grpc/proto-google-common-protos/1.0.0/proto-google-common-protos-1.0.0.jar:/home/user/.m2/repository/io/grpc/grpc-protobuf-lite/1.17.1/grpc-protobuf-lite-1.17.1.jar:/home/user/.m2/repository/io/grpc/grpc-stub/1.17.1/grpc-stub-1.17.1.jar:/home/user/.m2/repository/org/apache/hadoop/hadoop-ozone-recon/0.5.0-SNAPSHOT/hadoop-ozone-recon-0.5.0-SNAPSHOT.jar:/home/user/.m2/repository/org/apache/hadoop/hadoop-ozone-reconcodegen/0.5.0-SNAPSHOT/hadoop-ozone-reconcodegen-0.5.0-SNAPSHOT.jar:/home/user/.m2/repository/com/google/inject/extensions/guice-multibindings/4.0/guice-multibindings-4.0.jar:/home/user/.m2/repository/com/google/inject/guice/4.0/guice-4.0.jar:/home/user/.m2/repository/aopalliance/aopalliance/1.0/aopalliance-1.0.jar:/home/user/.m2/repository/com/google/inject/extensions/guice-servlet/4.0/guice-servlet-4.0.jar:/home/user/.m2/repository/org/glassfish/jersey/containers/jersey-container-servlet/2.27/jersey-container-servlet-2.27.jar:/home/user/.m2/repository/org/glassfish/hk2/guice-bridge/2.5.0/guice-bridge-2.5.0.jar:/home/user/.m2/repository/org/glassfish/jersey/core/jersey-server/2.27/jersey-server-2.27.jar:/home/user/.m2/repository/org/glassfish/jersey/core/jersey-client/2.27/jersey-client-2.27.jar:/home/user/.m2/repository/org/glassfish/jersey/media/jersey-media-jaxb/2.27/jersey-media-jaxb-2.27.jar:/home/user/.m2/repository/javax/validation/validation-api/1.1.0.Final/validation-api-1.1.0.Final.jar:/home/user/.m2/repository/org/glassfish/jersey/media/jersey-media-json-jackson/2.27/jersey-media-json-jackson-2.27.jar:/home/user/.m2/repository/org/glassfish/jersey/ext/jersey-entity-filtering/2.27/jersey-entity-filtering-2.27.jar:/home/user/.m2/repository/com/google/inject/extensions/guice-assistedinject/4.0/guice-assistedinject-4.0.jar:/home/user/.m2/repository/org/jooq/jooq/3.11.10/jooq-3.11.10.jar:/home/user/.m2/repository/org/jooq/jooq-meta/3.11.10/jooq-meta-3.11.10.jar:/home/user/.m2/repository/org/jooq/jooq-codegen/3.11.10/jooq-codegen-3.11.10.jar:/home/user/.m2/repository/com/jolbox/bonecp/0.8.0.RELEASE/bonecp-0.8.0.RELEASE.jar:/home/user/.m2/repository/org/xerial/sqlite-jdbc/3.25.2/sqlite-jdbc-3.25.2.jar:/home/user/.m2/repository/org/springframework/spring-jdbc/5.1.3.RELEASE/spring-jdbc-5.1.3.RELEASE.jar:/home/user/.m2/repository/org/springframework/spring-beans/5.1.3.RELEASE/spring-beans-5.1.3.RELEASE.jar:/home/user/.m2/repository/org/springframework/spring-core/5.1.3.RELEASE/spring-core-5.1.3.RELEASE.jar:/home/user/.m2/repository/org/springframework/spring-jcl/5.1.3.RELEASE/spring-jcl-5.1.3.RELEASE.jar:/home/user/.m2/repository/org/springframework/spring-tx/5.1.3.RELEASE/spring-tx-5.1.3.RELEASE.jar:/home/user/.m2/repository/org/apache/hadoop/hadoop-ozone-client/0.5.0-SNAPSHOT/hadoop-ozone-client-0.5.0-SNAPSHOT.jar:/home/user/.m2/repository/commons-lang/commons-lang/2.6/commons-lang-2.6.jar:/home/user/.m2/repository/org/apache/hadoop/hadoop-ozone-ozone-manager/0.5.0-SNAPSHOT/hadoop-ozone-ozone-manager-0.5.0-SNAPSHOT-tests.jar:/home/user/.m2/repository/junit/junit/4.11/junit-4.11.jar:/home/user/.m2/repository/org/hamcrest/hamcrest-core/1.3/hamcrest-core-1.3.jar:/home/user/.m2/repository/org/openjdk/jmh/jmh-core/1.19/jmh-core-1.19.jar:/home/user/.m2/repository/net/sf/jopt-simple/jopt-simple/4.6/jopt-simple-4.6.jar:/home/user/.m2/repository/org/apache/commons/commons-math3/3.1.1/commons-math3-3.1.1.jar:/home/user/.m2/repository/org/openjdk/jmh/jmh-generator-annprocess/1.19/jmh-generator-annprocess-1.19.jar:/home/user/.m2/repository/org/mockito/mockito-all/1.8.5/mockito-all-1.8.5.jar:/home/user/.m2/repository/org/apache/hadoop/hadoop-kms/3.2.0/hadoop-kms-3.2.0.jar:/home/user/.m2/repository/org/apache/hadoop/hadoop-auth/3.2.0/hadoop-auth-3.2.0.jar:/home/user/.m2/repository/com/nimbusds/nimbus-jose-jwt/4.41.1/nimbus-jose-jwt-4.41.1.jar:/home/user/.m2/repository/com/github/stephenc/jcip/jcip-annotations/1.0-1/jcip-annotations-1.0-1.jar:/home/user/.m2/repository/net/minidev/json-smart/2.3/json-smart-2.3.jar:/home/user/.m2/repository/net/minidev/accessors-smart/1.2/accessors-smart-1.2.jar:/home/user/.m2/repository/org/ow2/asm/asm/5.0.4/asm-5.0.4.jar:/home/user/.m2/repository/org/apache/curator/curator-framework/2.12.0/curator-framework-2.12.0.jar:/home/user/.m2/repository/com/sun/jersey/jersey-core/1.19/jersey-core-1.19.jar:/home/user/.m2/repository/javax/ws/rs/jsr311-api/1.1.1/jsr311-api-1.1.1.jar:/home/user/.m2/repository/com/sun/jersey/jersey-server/1.19/jersey-server-1.19.jar:/home/user/.m2/repository/javax/servlet/javax.servlet-api/3.1.0/javax.servlet-api-3.1.0.jar:/home/user/.m2/repository/org/eclipse/jetty/jetty-server/9.3.24.v20180605/jetty-server-9.3.24.v20180605.jar:/home/user/.m2/repository/org/eclipse/jetty/jetty-http/9.3.24.v20180605/jetty-http-9.3.24.v20180605.jar:/home/user/.m2/repository/org/eclipse/jetty/jetty-io/9.3.24.v20180605/jetty-io-9.3.24.v20180605.jar:/home/user/.m2/repository/org/eclipse/jetty/jetty-webapp/9.3.24.v20180605/jetty-webapp-9.3.24.v20180605.jar:/home/user/.m2/repository/org/eclipse/jetty/jetty-xml/9.3.24.v20180605/jetty-xml-9.3.24.v20180605.jar:/home/user/.m2/repository/log4j/log4j/1.2.17/log4j-1.2.17.jar:/home/user/.m2/repository/org/slf4j/slf4j-api/1.7.25/slf4j-api-1.7.25.jar:/home/user/.m2/repository/org/slf4j/jul-to-slf4j/1.7.25/jul-to-slf4j-1.7.25.jar:/home/user/.m2/repository/org/eclipse/jetty/jetty-util/9.3.24.v20180605/jetty-util-9.3.24.v20180605.jar:/home/user/.m2/repository/com/fasterxml/jackson/core/jackson-databind/2.9.5/jackson-databind-2.9.5.jar:/home/user/.m2/repository/org/apache/hadoop/hadoop-kms/3.2.0/hadoop-kms-3.2.0-tests.jar:/home/user/.m2/repository/org/apache/hadoop/hadoop-hdds-server-scm/0.5.0-SNAPSHOT/hadoop-hdds-server-scm-0.5.0-SNAPSHOT-tests.jar:/home/user/.m2/repository/org/apache/hadoop/hadoop-hdds-container-service/0.5.0-SNAPSHOT/hadoop-hdds-container-service-0.5.0-SNAPSHOT-tests.jar:/home/user/.m2/repository/org/yaml/snakeyaml/1.16/snakeyaml-1.16.jar:/home/user/.m2/repository/org/apache/hadoop/hadoop-common/3.2.0/hadoop-common-3.2.0-tests.jar:/home/user/.m2/repository/org/apache/hadoop/hadoop-annotations/3.2.0/hadoop-annotations-3.2.0.jar:/usr/lib/jvm/java-1.8-openjdk/jre/../lib/tools.jar:/home/user/.m2/repository/commons-cli/commons-cli/1.2/commons-cli-1.2.jar:/home/user/.m2/repository/org/apache/httpcomponents/httpclient/4.5.2/httpclient-4.5.2.jar:/home/user/.m2/repository/org/apache/httpcomponents/httpcore/4.4.4/httpcore-4.4.4.jar:/home/user/.m2/repository/commons-codec/commons-codec/1.11/commons-codec-1.11.jar:/home/user/.m2/repository/commons-net/commons-net/3.6/commons-net-3.6.jar:/home/user/.m2/repository/commons-collections/commons-collections/3.2.2/commons-collections-3.2.2.jar:/home/user/.m2/repository/org/eclipse/jetty/jetty-servlet/9.3.24.v20180605/jetty-servlet-9.3.24.v20180605.jar:/home/user/.m2/repository/org/eclipse/jetty/jetty-security/9.3.24.v20180605/jetty-security-9.3.24.v20180605.jar:/home/user/.m2/repository/javax/servlet/jsp/jsp-api/2.1/jsp-api-2.1.jar:/home/user/.m2/repository/com/sun/jersey/jersey-servlet/1.19/jersey-servlet-1.19.jar:/home/user/.m2/repository/com/sun/jersey/jersey-json/1.19/jersey-json-1.19.jar:/home/user/.m2/repository/org/codehaus/jettison/jettison/1.1/jettison-1.1.jar:/home/user/.m2/repository/org/codehaus/jackson/jackson-core-asl/1.9.13/jackson-core-asl-1.9.13.jar:/home/user/.m2/repository/org/codehaus/jackson/jackson-mapper-asl/1.9.13/jackson-mapper-asl-1.9.13.jar:/home/user/.m2/repository/org/codehaus/jackson/jackson-jaxrs/1.9.13/jackson-jaxrs-1.9.13.jar:/home/user/.m2/repository/org/codehaus/jackson/jackson-xc/1.9.13/jackson-xc-1.9.13.jar:/home/user/.m2/repository/commons-logging/commons-logging/1.1.3/commons-logging-1.1.3.jar:/home/user/.m2/repository/commons-beanutils/commons-beanutils/1.9.3/commons-beanutils-1.9.3.jar:/home/user/.m2/repository/org/apache/commons/commons-configuration2/2.1.1/commons-configuration2-2.1.1.jar:/home/user/.m2/repository/org/apache/commons/commons-lang3/3.7/commons-lang3-3.7.jar:/home/user/.m2/repository/org/apache/commons/commons-text/1.4/commons-text-1.4.jar:/home/user/.m2/repository/org/apache/avro/avro/1.7.7/avro-1.7.7.jar:/home/user/.m2/repository/com/thoughtworks/paranamer/paranamer/2.3/paranamer-2.3.jar:/home/user/.m2/repository/org/xerial/snappy/snappy-java/1.0.5/snappy-java-1.0.5.jar:/home/user/.m2/repository/com/google/re2j/re2j/1.1/re2j-1.1.jar:/home/user/.m2/repository/com/google/code/gson/gson/2.2.4/gson-2.2.4.jar:/home/user/.m2/repository/com/jcraft/jsch/0.1.54/jsch-0.1.54.jar:/home/user/.m2/repository/org/apache/curator/curator-client/2.12.0/curator-client-2.12.0.jar:/home/user/.m2/repository/org/apache/curator/curator-recipes/2.12.0/curator-recipes-2.12.0.jar:/home/user/.m2/repository/com/google/code/findbugs/jsr305/3.0.0/jsr305-3.0.0.jar:/home/user/.m2/repository/org/apache/htrace/htrace-core4/4.1.0-incubating/htrace-core4-4.1.0-incubating.jar:/home/user/.m2/repository/org/apache/zookeeper/zookeeper/3.4.13/zookeeper-3.4.13.jar:/home/user/.m2/repository/org/apache/yetus/audience-annotations/0.5.0/audience-annotations-0.5.0.jar:/home/user/.m2/repository/org/codehaus/woodstox/stax2-api/3.1.4/stax2-api-3.1.4.jar:/home/user/.m2/repository/com/fasterxml/woodstox/woodstox-core/5.0.3/woodstox-core-5.0.3.jar:/home/user/.m2/repository/dnsjava/dnsjava/2.1.7/dnsjava-2.1.7.jar:/home/user/.m2/repository/org/apache/hadoop/hadoop-hdfs/3.2.0/hadoop-hdfs-3.2.0-tests.jar:/home/user/.m2/repository/org/eclipse/jetty/jetty-util-ajax/9.3.24.v20180605/jetty-util-ajax-9.3.24.v20180605.jar:/home/user/.m2/repository/commons-daemon/commons-daemon/1.0.13/commons-daemon-1.0.13.jar:/home/user/.m2/repository/io/netty/netty/3.10.5.Final/netty-3.10.5.Final.jar:/home/user/.m2/repository/io/netty/netty-all/4.0.52.Final/netty-all-4.0.52.Final.jar:/home/user/.m2/repository/org/fusesource/leveldbjni/leveldbjni-all/1.8/leveldbjni-all-1.8.jar:"/>
    <property name="java.vm.vendor" value="IcedTea"/>
    <property name="sun.arch.data.model" value="64"/>
    <property name="test.build.dir" value="/workdir/hadoop-ozone/integration-test/target/test-dir"/>
    <property name="test.cache.data" value=""/>
    <property name="java.vendor.url" value="https://icedtea.classpath.org"/>
    <property name="user.timezone" value=""/>
    <property name="java.vm.specification.version" value="1.8"/>
    <property name="os.name" value="Linux"/>
    <property name="test.build.data" value="/workdir/hadoop-ozone/integration-test/target/test-dir"/>
    <property name="user.country" value="US"/>
    <property name="sun.java.launcher" value="SUN_STANDARD"/>
    <property name="sun.boot.library.path" value="/usr/lib/jvm/java-1.8-openjdk/jre/lib/amd64"/>
    <property name="sun.java.command" value="/workdir/hadoop-ozone/integration-test/target/surefire/surefirebooter7819704984199282312.jar /workdir/hadoop-ozone/integration-test/target/surefire 2019-08-20T15-13-53_354-jvmRun1 surefire2750917581608579126tmp surefire_208134250807255785294tmp"/>
    <property name="surefire.test.class.path" value="/workdir/hadoop-ozone/integration-test/target/test-classes:/workdir/hadoop-ozone/integration-test/target/classes:/home/user/.m2/repository/org/apache/hadoop/hadoop-ozone-common/0.5.0-SNAPSHOT/hadoop-ozone-common-0.5.0-SNAPSHOT.jar:/home/user/.m2/repository/org/apache/commons/commons-compress/1.4.1/commons-compress-1.4.1.jar:/home/user/.m2/repository/org/tukaani/xz/1.0/xz-1.0.jar:/home/user/.m2/repository/org/apache/hadoop/hadoop-common/3.2.0/hadoop-common-3.2.0.jar:/home/user/.m2/repository/org/apache/hadoop/hadoop-hdfs/3.2.0/hadoop-hdfs-3.2.0.jar:/home/user/.m2/repository/org/apache/hadoop/hadoop-hdfs-client/3.2.0/hadoop-hdfs-client-3.2.0.jar:/home/user/.m2/repository/com/fasterxml/jackson/core/jackson-annotations/2.9.5/jackson-annotations-2.9.5.jar:/home/user/.m2/repository/org/apache/hadoop/hadoop-hdds-common/0.5.0-SNAPSHOT/hadoop-hdds-common-0.5.0-SNAPSHOT.jar:/home/user/.m2/repository/javax/annotation/javax.annotation-api/1.2/javax.annotation-api-1.2.jar:/home/user/.m2/repository/org/apache/ratis/ratis-server/0.4.0-2337318-SNAPSHOT/ratis-server-0.4.0-2337318-SNAPSHOT.jar:/home/user/.m2/repository/org/apache/ratis/ratis-thirdparty-misc/0.2.0/ratis-thirdparty-misc-0.2.0.jar:/home/user/.m2/repository/org/apache/ratis/ratis-proto/0.4.0-2337318-SNAPSHOT/ratis-proto-0.4.0-2337318-SNAPSHOT.jar:/home/user/.m2/repository/org/apache/ratis/ratis-common/0.4.0-2337318-SNAPSHOT/ratis-common-0.4.0-2337318-SNAPSHOT.jar:/home/user/.m2/repository/org/apache/ratis/ratis-client/0.4.0-2337318-SNAPSHOT/ratis-client-0.4.0-2337318-SNAPSHOT.jar:/home/user/.m2/repository/org/apache/ratis/ratis-metrics/0.4.0-2337318-SNAPSHOT/ratis-metrics-0.4.0-2337318-SNAPSHOT.jar:/home/user/.m2/repository/org/apache/ratis/ratis-netty/0.4.0-2337318-SNAPSHOT/ratis-netty-0.4.0-2337318-SNAPSHOT.jar:/home/user/.m2/repository/org/apache/ratis/ratis-grpc/0.4.0-2337318-SNAPSHOT/ratis-grpc-0.4.0-2337318-SNAPSHOT.jar:/home/user/.m2/repository/org/rocksdb/rocksdbjni/6.0.1/rocksdbjni-6.0.1.jar:/home/user/.m2/repository/org/apache/logging/log4j/log4j-api/2.11.0/log4j-api-2.11.0.jar:/home/user/.m2/repository/org/apache/logging/log4j/log4j-core/2.11.0/log4j-core-2.11.0.jar:/home/user/.m2/repository/com/lmax/disruptor/3.4.2/disruptor-3.4.2.jar:/home/user/.m2/repository/org/apache/commons/commons-pool2/2.6.0/commons-pool2-2.6.0.jar:/home/user/.m2/repository/org/bouncycastle/bcpkix-jdk15on/1.60/bcpkix-jdk15on-1.60.jar:/home/user/.m2/repository/commons-validator/commons-validator/1.6/commons-validator-1.6.jar:/home/user/.m2/repository/commons-digester/commons-digester/1.8.1/commons-digester-1.8.1.jar:/home/user/.m2/repository/io/jaegertracing/jaeger-client/0.33.1/jaeger-client-0.33.1.jar:/home/user/.m2/repository/io/jaegertracing/jaeger-thrift/0.33.1/jaeger-thrift-0.33.1.jar:/home/user/.m2/repository/org/apache/thrift/libthrift/0.11.0/libthrift-0.11.0.jar:/home/user/.m2/repository/com/squareup/okhttp3/okhttp/3.9.0/okhttp-3.9.0.jar:/home/user/.m2/repository/com/squareup/okio/okio/1.13.0/okio-1.13.0.jar:/home/user/.m2/repository/io/jaegertracing/jaeger-core/0.33.1/jaeger-core-0.33.1.jar:/home/user/.m2/repository/io/jaegertracing/jaeger-tracerresolver/0.33.1/jaeger-tracerresolver-0.33.1.jar:/home/user/.m2/repository/io/opentracing/contrib/opentracing-tracerresolver/0.1.5/opentracing-tracerresolver-0.1.5.jar:/home/user/.m2/repository/io/opentracing/opentracing-util/0.31.0/opentracing-util-0.31.0.jar:/home/user/.m2/repository/io/opentracing/opentracing-api/0.31.0/opentracing-api-0.31.0.jar:/home/user/.m2/repository/io/opentracing/opentracing-noop/0.31.0/opentracing-noop-0.31.0.jar:/home/user/.m2/repository/org/apache/hadoop/hadoop-hdds-server-framework/0.5.0-SNAPSHOT/hadoop-hdds-server-framework-0.5.0-SNAPSHOT.jar:/home/user/.m2/repository/org/apache/hadoop/hadoop-hdds-container-service/0.5.0-SNAPSHOT/hadoop-hdds-container-service-0.5.0-SNAPSHOT.jar:/home/user/.m2/repository/org/apache/hadoop/hadoop-hdds-client/0.5.0-SNAPSHOT/hadoop-hdds-client-0.5.0-SNAPSHOT.jar:/home/user/.m2/repository/org/apache/hadoop/hadoop-hdds-tools/0.5.0-SNAPSHOT/hadoop-hdds-tools-0.5.0-SNAPSHOT.jar:/home/user/.m2/repository/org/apache/hadoop/hadoop-hdds-server-scm/0.5.0-SNAPSHOT/hadoop-hdds-server-scm-0.5.0-SNAPSHOT.jar:/home/user/.m2/repository/org/apache/hadoop/hadoop-hdds-docs/0.5.0-SNAPSHOT/hadoop-hdds-docs-0.5.0-SNAPSHOT.jar:/home/user/.m2/repository/io/dropwizard/metrics/metrics-core/3.2.4/metrics-core-3.2.4.jar:/home/user/.m2/repository/org/hamcrest/hamcrest-all/1.3/hamcrest-all-1.3.jar:/home/user/.m2/repository/org/bouncycastle/bcprov-jdk15on/1.60/bcprov-jdk15on-1.60.jar:/home/user/.m2/repository/info/picocli/picocli/3.9.6/picocli-3.9.6.jar:/home/user/.m2/repository/com/google/protobuf/protobuf-java/2.5.0/protobuf-java-2.5.0.jar:/home/user/.m2/repository/com/google/guava/guava/11.0.2/guava-11.0.2.jar:/home/user/.m2/repository/org/apache/hadoop/hadoop-ozone-ozone-manager/0.5.0-SNAPSHOT/hadoop-ozone-ozone-manager-0.5.0-SNAPSHOT.jar:/home/user/.m2/repository/org/apache/hadoop/hadoop-minikdc/3.2.0/hadoop-minikdc-3.2.0.jar:/home/user/.m2/repository/commons-io/commons-io/2.5/commons-io-2.5.jar:/home/user/.m2/repository/org/apache/kerby/kerb-simplekdc/1.0.1/kerb-simplekdc-1.0.1.jar:/home/user/.m2/repository/org/apache/kerby/kerb-client/1.0.1/kerb-client-1.0.1.jar:/home/user/.m2/repository/org/apache/kerby/kerby-config/1.0.1/kerby-config-1.0.1.jar:/home/user/.m2/repository/org/apache/kerby/kerb-core/1.0.1/kerb-core-1.0.1.jar:/home/user/.m2/repository/org/apache/kerby/kerby-pkix/1.0.1/kerby-pkix-1.0.1.jar:/home/user/.m2/repository/org/apache/kerby/kerby-asn1/1.0.1/kerby-asn1-1.0.1.jar:/home/user/.m2/repository/org/apache/kerby/kerby-util/1.0.1/kerby-util-1.0.1.jar:/home/user/.m2/repository/org/apache/kerby/kerb-common/1.0.1/kerb-common-1.0.1.jar:/home/user/.m2/repository/org/apache/kerby/kerb-crypto/1.0.1/kerb-crypto-1.0.1.jar:/home/user/.m2/repository/org/apache/kerby/kerb-util/1.0.1/kerb-util-1.0.1.jar:/home/user/.m2/repository/org/apache/kerby/token-provider/1.0.1/token-provider-1.0.1.jar:/home/user/.m2/repository/org/apache/kerby/kerb-admin/1.0.1/kerb-admin-1.0.1.jar:/home/user/.m2/repository/org/apache/kerby/kerb-server/1.0.1/kerb-server-1.0.1.jar:/home/user/.m2/repository/org/apache/kerby/kerb-identity/1.0.1/kerb-identity-1.0.1.jar:/home/user/.m2/repository/org/apache/kerby/kerby-xdr/1.0.1/kerby-xdr-1.0.1.jar:/home/user/.m2/repository/org/slf4j/slf4j-log4j12/1.7.25/slf4j-log4j12-1.7.25.jar:/home/user/.m2/repository/org/apache/hadoop/hadoop-ozone-objectstore-service/0.5.0-SNAPSHOT/hadoop-ozone-objectstore-service-0.5.0-SNAPSHOT.jar:/home/user/.m2/repository/org/apache/hadoop/hadoop-ozone-s3gateway/0.5.0-SNAPSHOT/hadoop-ozone-s3gateway-0.5.0-SNAPSHOT.jar:/home/user/.m2/repository/org/jboss/weld/servlet/weld-servlet/2.4.7.Final/weld-servlet-2.4.7.Final.jar:/home/user/.m2/repository/org/glassfish/jersey/containers/jersey-container-servlet-core/2.27/jersey-container-servlet-core-2.27.jar:/home/user/.m2/repository/org/glassfish/hk2/external/javax.inject/2.5.0-b42/javax.inject-2.5.0-b42.jar:/home/user/.m2/repository/org/glassfish/jersey/core/jersey-common/2.27/jersey-common-2.27.jar:/home/user/.m2/repository/org/glassfish/hk2/osgi-resource-locator/1.0.1/osgi-resource-locator-1.0.1.jar:/home/user/.m2/repository/javax/ws/rs/javax.ws.rs-api/2.1/javax.ws.rs-api-2.1.jar:/home/user/.m2/repository/org/glassfish/jersey/ext/cdi/jersey-cdi1x/2.27/jersey-cdi1x-2.27.jar:/home/user/.m2/repository/org/glassfish/jersey/inject/jersey-hk2/2.27/jersey-hk2-2.27.jar:/home/user/.m2/repository/org/glassfish/hk2/hk2-locator/2.5.0-b42/hk2-locator-2.5.0-b42.jar:/home/user/.m2/repository/org/javassist/javassist/3.22.0-CR2/javassist-3.22.0-CR2.jar:/home/user/.m2/repository/org/glassfish/hk2/hk2-api/2.5.0/hk2-api-2.5.0.jar:/home/user/.m2/repository/org/glassfish/hk2/external/jakarta.inject/2.5.0/jakarta.inject-2.5.0.jar:/home/user/.m2/repository/org/glassfish/hk2/hk2-utils/2.5.0/hk2-utils-2.5.0.jar:/home/user/.m2/repository/jakarta/annotation/jakarta.annotation-api/1.3.4/jakarta.annotation-api-1.3.4.jar:/home/user/.m2/repository/org/glassfish/hk2/external/aopalliance-repackaged/2.5.0/aopalliance-repackaged-2.5.0.jar:/home/user/.m2/repository/com/fasterxml/jackson/dataformat/jackson-dataformat-xml/2.9.0/jackson-dataformat-xml-2.9.0.jar:/home/user/.m2/repository/com/fasterxml/jackson/core/jackson-core/2.9.5/jackson-core-2.9.5.jar:/home/user/.m2/repository/com/fasterxml/jackson/module/jackson-module-jaxb-annotations/2.9.5/jackson-module-jaxb-annotations-2.9.5.jar:/home/user/.m2/repository/javax/enterprise/cdi-api/1.2/cdi-api-1.2.jar:/home/user/.m2/repository/javax/el/javax.el-api/3.0.0/javax.el-api-3.0.0.jar:/home/user/.m2/repository/javax/interceptor/javax.interceptor-api/1.2/javax.interceptor-api-1.2.jar:/home/user/.m2/repository/javax/inject/javax.inject/1/javax.inject-1.jar:/home/user/.m2/repository/com/sun/xml/bind/jaxb-impl/2.3.0.1/jaxb-impl-2.3.0.1.jar:/home/user/.m2/repository/com/sun/xml/bind/jaxb-core/2.3.0.1/jaxb-core-2.3.0.1.jar:/home/user/.m2/repository/javax/xml/bind/jaxb-api/2.3.0/jaxb-api-2.3.0.jar:/home/user/.m2/repository/javax/activation/activation/1.1.1/activation-1.1.1.jar:/home/user/.m2/repository/org/apache/hadoop/hadoop-ozone-csi/0.5.0-SNAPSHOT/hadoop-ozone-csi-0.5.0-SNAPSHOT.jar:/home/user/.m2/repository/com/google/protobuf/protobuf-java-util/3.5.1/protobuf-java-util-3.5.1.jar:/home/user/.m2/repository/org/apache/hadoop/hadoop-hdds-config/0.5.0-SNAPSHOT/hadoop-hdds-config-0.5.0-SNAPSHOT.jar:/home/user/.m2/repository/io/grpc/grpc-netty/1.17.1/grpc-netty-1.17.1.jar:/home/user/.m2/repository/io/grpc/grpc-core/1.17.1/grpc-core-1.17.1.jar:/home/user/.m2/repository/io/grpc/grpc-context/1.17.1/grpc-context-1.17.1.jar:/home/user/.m2/repository/com/google/errorprone/error_prone_annotations/2.2.0/error_prone_annotations-2.2.0.jar:/home/user/.m2/repository/org/codehaus/mojo/animal-sniffer-annotations/1.17/animal-sniffer-annotations-1.17.jar:/home/user/.m2/repository/io/opencensus/opencensus-api/0.17.0/opencensus-api-0.17.0.jar:/home/user/.m2/repository/io/opencensus/opencensus-contrib-grpc-metrics/0.17.0/opencensus-contrib-grpc-metrics-0.17.0.jar:/home/user/.m2/repository/io/netty/netty-codec-http2/4.1.30.Final/netty-codec-http2-4.1.30.Final.jar:/home/user/.m2/repository/io/netty/netty-codec-http/4.1.30.Final/netty-codec-http-4.1.30.Final.jar:/home/user/.m2/repository/io/netty/netty-codec/4.1.30.Final/netty-codec-4.1.30.Final.jar:/home/user/.m2/repository/io/netty/netty-handler/4.1.30.Final/netty-handler-4.1.30.Final.jar:/home/user/.m2/repository/io/netty/netty-handler-proxy/4.1.30.Final/netty-handler-proxy-4.1.30.Final.jar:/home/user/.m2/repository/io/netty/netty-codec-socks/4.1.30.Final/netty-codec-socks-4.1.30.Final.jar:/home/user/.m2/repository/io/netty/netty-transport-native-epoll/4.1.30.Final/netty-transport-native-epoll-4.1.30.Final.jar:/home/user/.m2/repository/io/netty/netty-common/4.1.30.Final/netty-common-4.1.30.Final.jar:/home/user/.m2/repository/io/netty/netty-buffer/4.1.30.Final/netty-buffer-4.1.30.Final.jar:/home/user/.m2/repository/io/netty/netty-transport/4.1.30.Final/netty-transport-4.1.30.Final.jar:/home/user/.m2/repository/io/netty/netty-resolver/4.1.30.Final/netty-resolver-4.1.30.Final.jar:/home/user/.m2/repository/io/netty/netty-transport-native-unix-common/4.1.30.Final/netty-transport-native-unix-common-4.1.30.Final.jar:/home/user/.m2/repository/io/grpc/grpc-protobuf/1.17.1/grpc-protobuf-1.17.1.jar:/home/user/.m2/repository/com/google/api/grpc/proto-google-common-protos/1.0.0/proto-google-common-protos-1.0.0.jar:/home/user/.m2/repository/io/grpc/grpc-protobuf-lite/1.17.1/grpc-protobuf-lite-1.17.1.jar:/home/user/.m2/repository/io/grpc/grpc-stub/1.17.1/grpc-stub-1.17.1.jar:/home/user/.m2/repository/org/apache/hadoop/hadoop-ozone-recon/0.5.0-SNAPSHOT/hadoop-ozone-recon-0.5.0-SNAPSHOT.jar:/home/user/.m2/repository/org/apache/hadoop/hadoop-ozone-reconcodegen/0.5.0-SNAPSHOT/hadoop-ozone-reconcodegen-0.5.0-SNAPSHOT.jar:/home/user/.m2/repository/com/google/inject/extensions/guice-multibindings/4.0/guice-multibindings-4.0.jar:/home/user/.m2/repository/com/google/inject/guice/4.0/guice-4.0.jar:/home/user/.m2/repository/aopalliance/aopalliance/1.0/aopalliance-1.0.jar:/home/user/.m2/repository/com/google/inject/extensions/guice-servlet/4.0/guice-servlet-4.0.jar:/home/user/.m2/repository/org/glassfish/jersey/containers/jersey-container-servlet/2.27/jersey-container-servlet-2.27.jar:/home/user/.m2/repository/org/glassfish/hk2/guice-bridge/2.5.0/guice-bridge-2.5.0.jar:/home/user/.m2/repository/org/glassfish/jersey/core/jersey-server/2.27/jersey-server-2.27.jar:/home/user/.m2/repository/org/glassfish/jersey/core/jersey-client/2.27/jersey-client-2.27.jar:/home/user/.m2/repository/org/glassfish/jersey/media/jersey-media-jaxb/2.27/jersey-media-jaxb-2.27.jar:/home/user/.m2/repository/javax/validation/validation-api/1.1.0.Final/validation-api-1.1.0.Final.jar:/home/user/.m2/repository/org/glassfish/jersey/media/jersey-media-json-jackson/2.27/jersey-media-json-jackson-2.27.jar:/home/user/.m2/repository/org/glassfish/jersey/ext/jersey-entity-filtering/2.27/jersey-entity-filtering-2.27.jar:/home/user/.m2/repository/com/google/inject/extensions/guice-assistedinject/4.0/guice-assistedinject-4.0.jar:/home/user/.m2/repository/org/jooq/jooq/3.11.10/jooq-3.11.10.jar:/home/user/.m2/repository/org/jooq/jooq-meta/3.11.10/jooq-meta-3.11.10.jar:/home/user/.m2/repository/org/jooq/jooq-codegen/3.11.10/jooq-codegen-3.11.10.jar:/home/user/.m2/repository/com/jolbox/bonecp/0.8.0.RELEASE/bonecp-0.8.0.RELEASE.jar:/home/user/.m2/repository/org/xerial/sqlite-jdbc/3.25.2/sqlite-jdbc-3.25.2.jar:/home/user/.m2/repository/org/springframework/spring-jdbc/5.1.3.RELEASE/spring-jdbc-5.1.3.RELEASE.jar:/home/user/.m2/repository/org/springframework/spring-beans/5.1.3.RELEASE/spring-beans-5.1.3.RELEASE.jar:/home/user/.m2/repository/org/springframework/spring-core/5.1.3.RELEASE/spring-core-5.1.3.RELEASE.jar:/home/user/.m2/repository/org/springframework/spring-jcl/5.1.3.RELEASE/spring-jcl-5.1.3.RELEASE.jar:/home/user/.m2/repository/org/springframework/spring-tx/5.1.3.RELEASE/spring-tx-5.1.3.RELEASE.jar:/home/user/.m2/repository/org/apache/hadoop/hadoop-ozone-client/0.5.0-SNAPSHOT/hadoop-ozone-client-0.5.0-SNAPSHOT.jar:/home/user/.m2/repository/commons-lang/commons-lang/2.6/commons-lang-2.6.jar:/home/user/.m2/repository/org/apache/hadoop/hadoop-ozone-ozone-manager/0.5.0-SNAPSHOT/hadoop-ozone-ozone-manager-0.5.0-SNAPSHOT-tests.jar:/home/user/.m2/repository/junit/junit/4.11/junit-4.11.jar:/home/user/.m2/repository/org/hamcrest/hamcrest-core/1.3/hamcrest-core-1.3.jar:/home/user/.m2/repository/org/openjdk/jmh/jmh-core/1.19/jmh-core-1.19.jar:/home/user/.m2/repository/net/sf/jopt-simple/jopt-simple/4.6/jopt-simple-4.6.jar:/home/user/.m2/repository/org/apache/commons/commons-math3/3.1.1/commons-math3-3.1.1.jar:/home/user/.m2/repository/org/openjdk/jmh/jmh-generator-annprocess/1.19/jmh-generator-annprocess-1.19.jar:/home/user/.m2/repository/org/mockito/mockito-all/1.8.5/mockito-all-1.8.5.jar:/home/user/.m2/repository/org/apache/hadoop/hadoop-kms/3.2.0/hadoop-kms-3.2.0.jar:/home/user/.m2/repository/org/apache/hadoop/hadoop-auth/3.2.0/hadoop-auth-3.2.0.jar:/home/user/.m2/repository/com/nimbusds/nimbus-jose-jwt/4.41.1/nimbus-jose-jwt-4.41.1.jar:/home/user/.m2/repository/com/github/stephenc/jcip/jcip-annotations/1.0-1/jcip-annotations-1.0-1.jar:/home/user/.m2/repository/net/minidev/json-smart/2.3/json-smart-2.3.jar:/home/user/.m2/repository/net/minidev/accessors-smart/1.2/accessors-smart-1.2.jar:/home/user/.m2/repository/org/ow2/asm/asm/5.0.4/asm-5.0.4.jar:/home/user/.m2/repository/org/apache/curator/curator-framework/2.12.0/curator-framework-2.12.0.jar:/home/user/.m2/repository/com/sun/jersey/jersey-core/1.19/jersey-core-1.19.jar:/home/user/.m2/repository/javax/ws/rs/jsr311-api/1.1.1/jsr311-api-1.1.1.jar:/home/user/.m2/repository/com/sun/jersey/jersey-server/1.19/jersey-server-1.19.jar:/home/user/.m2/repository/javax/servlet/javax.servlet-api/3.1.0/javax.servlet-api-3.1.0.jar:/home/user/.m2/repository/org/eclipse/jetty/jetty-server/9.3.24.v20180605/jetty-server-9.3.24.v20180605.jar:/home/user/.m2/repository/org/eclipse/jetty/jetty-http/9.3.24.v20180605/jetty-http-9.3.24.v20180605.jar:/home/user/.m2/repository/org/eclipse/jetty/jetty-io/9.3.24.v20180605/jetty-io-9.3.24.v20180605.jar:/home/user/.m2/repository/org/eclipse/jetty/jetty-webapp/9.3.24.v20180605/jetty-webapp-9.3.24.v20180605.jar:/home/user/.m2/repository/org/eclipse/jetty/jetty-xml/9.3.24.v20180605/jetty-xml-9.3.24.v20180605.jar:/home/user/.m2/repository/log4j/log4j/1.2.17/log4j-1.2.17.jar:/home/user/.m2/repository/org/slf4j/slf4j-api/1.7.25/slf4j-api-1.7.25.jar:/home/user/.m2/repository/org/slf4j/jul-to-slf4j/1.7.25/jul-to-slf4j-1.7.25.jar:/home/user/.m2/repository/org/eclipse/jetty/jetty-util/9.3.24.v20180605/jetty-util-9.3.24.v20180605.jar:/home/user/.m2/repository/com/fasterxml/jackson/core/jackson-databind/2.9.5/jackson-databind-2.9.5.jar:/home/user/.m2/repository/org/apache/hadoop/hadoop-kms/3.2.0/hadoop-kms-3.2.0-tests.jar:/home/user/.m2/repository/org/apache/hadoop/hadoop-hdds-server-scm/0.5.0-SNAPSHOT/hadoop-hdds-server-scm-0.5.0-SNAPSHOT-tests.jar:/home/user/.m2/repository/org/apache/hadoop/hadoop-hdds-container-service/0.5.0-SNAPSHOT/hadoop-hdds-container-service-0.5.0-SNAPSHOT-tests.jar:/home/user/.m2/repository/org/yaml/snakeyaml/1.16/snakeyaml-1.16.jar:/home/user/.m2/repository/org/apache/hadoop/hadoop-common/3.2.0/hadoop-common-3.2.0-tests.jar:/home/user/.m2/repository/org/apache/hadoop/hadoop-annotations/3.2.0/hadoop-annotations-3.2.0.jar:/usr/lib/jvm/java-1.8-openjdk/jre/../lib/tools.jar:/home/user/.m2/repository/commons-cli/commons-cli/1.2/commons-cli-1.2.jar:/home/user/.m2/repository/org/apache/httpcomponents/httpclient/4.5.2/httpclient-4.5.2.jar:/home/user/.m2/repository/org/apache/httpcomponents/httpcore/4.4.4/httpcore-4.4.4.jar:/home/user/.m2/repository/commons-codec/commons-codec/1.11/commons-codec-1.11.jar:/home/user/.m2/repository/commons-net/commons-net/3.6/commons-net-3.6.jar:/home/user/.m2/repository/commons-collections/commons-collections/3.2.2/commons-collections-3.2.2.jar:/home/user/.m2/repository/org/eclipse/jetty/jetty-servlet/9.3.24.v20180605/jetty-servlet-9.3.24.v20180605.jar:/home/user/.m2/repository/org/eclipse/jetty/jetty-security/9.3.24.v20180605/jetty-security-9.3.24.v20180605.jar:/home/user/.m2/repository/javax/servlet/jsp/jsp-api/2.1/jsp-api-2.1.jar:/home/user/.m2/repository/com/sun/jersey/jersey-servlet/1.19/jersey-servlet-1.19.jar:/home/user/.m2/repository/com/sun/jersey/jersey-json/1.19/jersey-json-1.19.jar:/home/user/.m2/repository/org/codehaus/jettison/jettison/1.1/jettison-1.1.jar:/home/user/.m2/repository/org/codehaus/jackson/jackson-core-asl/1.9.13/jackson-core-asl-1.9.13.jar:/home/user/.m2/repository/org/codehaus/jackson/jackson-mapper-asl/1.9.13/jackson-mapper-asl-1.9.13.jar:/home/user/.m2/repository/org/codehaus/jackson/jackson-jaxrs/1.9.13/jackson-jaxrs-1.9.13.jar:/home/user/.m2/repository/org/codehaus/jackson/jackson-xc/1.9.13/jackson-xc-1.9.13.jar:/home/user/.m2/repository/commons-logging/commons-logging/1.1.3/commons-logging-1.1.3.jar:/home/user/.m2/repository/commons-beanutils/commons-beanutils/1.9.3/commons-beanutils-1.9.3.jar:/home/user/.m2/repository/org/apache/commons/commons-configuration2/2.1.1/commons-configuration2-2.1.1.jar:/home/user/.m2/repository/org/apache/commons/commons-lang3/3.7/commons-lang3-3.7.jar:/home/user/.m2/repository/org/apache/commons/commons-text/1.4/commons-text-1.4.jar:/home/user/.m2/repository/org/apache/avro/avro/1.7.7/avro-1.7.7.jar:/home/user/.m2/repository/com/thoughtworks/paranamer/paranamer/2.3/paranamer-2.3.jar:/home/user/.m2/repository/org/xerial/snappy/snappy-java/1.0.5/snappy-java-1.0.5.jar:/home/user/.m2/repository/com/google/re2j/re2j/1.1/re2j-1.1.jar:/home/user/.m2/repository/com/google/code/gson/gson/2.2.4/gson-2.2.4.jar:/home/user/.m2/repository/com/jcraft/jsch/0.1.54/jsch-0.1.54.jar:/home/user/.m2/repository/org/apache/curator/curator-client/2.12.0/curator-client-2.12.0.jar:/home/user/.m2/repository/org/apache/curator/curator-recipes/2.12.0/curator-recipes-2.12.0.jar:/home/user/.m2/repository/com/google/code/findbugs/jsr305/3.0.0/jsr305-3.0.0.jar:/home/user/.m2/repository/org/apache/htrace/htrace-core4/4.1.0-incubating/htrace-core4-4.1.0-incubating.jar:/home/user/.m2/repository/org/apache/zookeeper/zookeeper/3.4.13/zookeeper-3.4.13.jar:/home/user/.m2/repository/org/apache/yetus/audience-annotations/0.5.0/audience-annotations-0.5.0.jar:/home/user/.m2/repository/org/codehaus/woodstox/stax2-api/3.1.4/stax2-api-3.1.4.jar:/home/user/.m2/repository/com/fasterxml/woodstox/woodstox-core/5.0.3/woodstox-core-5.0.3.jar:/home/user/.m2/repository/dnsjava/dnsjava/2.1.7/dnsjava-2.1.7.jar:/home/user/.m2/repository/org/apache/hadoop/hadoop-hdfs/3.2.0/hadoop-hdfs-3.2.0-tests.jar:/home/user/.m2/repository/org/eclipse/jetty/jetty-util-ajax/9.3.24.v20180605/jetty-util-ajax-9.3.24.v20180605.jar:/home/user/.m2/repository/commons-daemon/commons-daemon/1.0.13/commons-daemon-1.0.13.jar:/home/user/.m2/repository/io/netty/netty/3.10.5.Final/netty-3.10.5.Final.jar:/home/user/.m2/repository/io/netty/netty-all/4.0.52.Final/netty-all-4.0.52.Final.jar:/home/user/.m2/repository/org/fusesource/leveldbjni/leveldbjni-all/1.8/leveldbjni-all-1.8.jar:"/>
    <property name="sun.cpu.endian" value="little"/>
    <property name="user.home" value="/home/user"/>
    <property name="user.language" value="en"/>
    <property name="java.specification.vendor" value="Oracle Corporation"/>
    <property name="java.home" value="/usr/lib/jvm/java-1.8-openjdk/jre"/>
    <property name="java.security.krb5.conf" value="/workdir/hadoop-ozone/integration-test/target/test-classes/krb5.conf"/>
    <property name="basedir" value="/workdir/hadoop-ozone/integration-test"/>
    <property name="file.separator" value="/"/>
    <property name="line.separator" value="&#10;"/>
    <property name="java.vm.specification.vendor" value="Oracle Corporation"/>
    <property name="java.specification.name" value="Java Platform API Specification"/>
    <property name="java.awt.graphicsenv" value="sun.awt.X11GraphicsEnvironment"/>
    <property name="surefire.real.class.path" value="/workdir/hadoop-ozone/integration-test/target/surefire/surefirebooter7819704984199282312.jar"/>
    <property name="hadoop.log.dir" value="/workdir/hadoop-ozone/integration-test/target/log"/>
    <property name="sun.boot.class.path" value="/usr/lib/jvm/java-1.8-openjdk/jre/lib/resources.jar:/usr/lib/jvm/java-1.8-openjdk/jre/lib/rt.jar:/usr/lib/jvm/java-1.8-openjdk/jre/lib/sunrsasign.jar:/usr/lib/jvm/java-1.8-openjdk/jre/lib/jsse.jar:/usr/lib/jvm/java-1.8-openjdk/jre/lib/jce.jar:/usr/lib/jvm/java-1.8-openjdk/jre/lib/charsets.jar:/usr/lib/jvm/java-1.8-openjdk/jre/lib/jfr.jar:/usr/lib/jvm/java-1.8-openjdk/jre/classes"/>
    <property name="sun.management.compiler" value="HotSpot 64-Bit Tiered Compilers"/>
    <property name="java.runtime.version" value="1.8.0_212-b04"/>
    <property name="java.net.preferIPv4Stack" value="true"/>
    <property name="user.name" value="jenkins1000"/>
    <property name="path.separator" value=":"/>
    <property name="java.security.egd" value="file:///dev/urandom"/>
    <property name="os.version" value="3.10.0-957.12.2.el7.x86_64"/>
    <property name="java.endorsed.dirs" value="/usr/lib/jvm/java-1.8-openjdk/jre/lib/endorsed"/>
    <property name="java.runtime.name" value="OpenJDK Runtime Environment"/>
    <property name="file.encoding" value="UTF-8"/>
    <property name="java.vm.name" value="OpenJDK 64-Bit Server VM"/>
    <property name="test.build.webapps" value=""/>
    <property name="localRepository" value="/home/user/.m2/repository"/>
    <property name="java.vendor.url.bug" value="https://icedtea.classpath.org/bugzilla"/>
    <property name="java.io.tmpdir" value="/tmp"/>
    <property name="require.test.libhadoop" value=""/>
    <property name="java.version" value="1.8.0_212"/>
    <property name="user.dir" value="/workdir/hadoop-ozone/integration-test"/>
    <property name="os.arch" value="amd64"/>
    <property name="java.vm.specification.name" value="Java Virtual Machine Specification"/>
    <property name="test.build.classes" value="/workdir/hadoop-ozone/integration-test/target/test-classes"/>
    <property name="java.awt.printerjob" value="sun.print.PSPrinterJob"/>
    <property name="sun.os.patch.level" value="unknown"/>
    <property name="hadoop.tmp.dir" value="/workdir/hadoop-ozone/integration-test/target/tmp"/>
    <property name="java.library.path" value="/usr/lib/jvm/java-1.8-openjdk/jre/lib/amd64/server:/usr/lib/jvm/java-1.8-openjdk/jre/lib/amd64:/usr/lib/jvm/java-1.8-openjdk/jre/../lib/amd64:/workdir/hadoop-ozone/integration-test/target/native/target/usr/local/lib:/workdir/hadoop-ozone/integration-test/../../hadoop-common-project/hadoop-common/target/native/target/usr/local/lib:/usr/java/packages/lib/amd64:/usr/lib64:/lib64:/lib:/usr/lib"/>
    <property name="java.vm.info" value="mixed mode"/>
    <property name="java.vendor" value="IcedTea"/>
    <property name="java.vm.version" value="25.212-b04"/>
    <property name="java.ext.dirs" value="/usr/lib/jvm/java-1.8-openjdk/jre/lib/ext:/usr/java/packages/lib/ext"/>
    <property name="sun.io.unicode.encoding" value="UnicodeLittle"/>
    <property name="java.class.version" value="52.0"/>
  </properties>
  <testcase name="test2DatanodesFailure" classname="org.apache.hadoop.ozone.client.rpc.TestBlockOutputStreamWithFailures" time="48.597">
    <failure type="java.lang.AssertionError">java.lang.AssertionError
	at org.junit.Assert.fail(Assert.java:86)
	at org.junit.Assert.assertTrue(Assert.java:41)
	at org.junit.Assert.assertTrue(Assert.java:52)
	at org.apache.hadoop.ozone.client.rpc.TestBlockOutputStreamWithFailures.test2DatanodesFailure(TestBlockOutputStreamWithFailures.java:507)
	at sun.reflect.NativeMethodAccessorImpl.invoke0(Native Method)
	at sun.reflect.NativeMethodAccessorImpl.invoke(NativeMethodAccessorImpl.java:62)
	at sun.reflect.DelegatingMethodAccessorImpl.invoke(DelegatingMethodAccessorImpl.java:43)
	at java.lang.reflect.Method.invoke(Method.java:498)
	at org.junit.runners.model.FrameworkMethod$1.runReflectiveCall(FrameworkMethod.java:47)
	at org.junit.internal.runners.model.ReflectiveCallable.run(ReflectiveCallable.java:12)
	at org.junit.runners.model.FrameworkMethod.invokeExplosively(FrameworkMethod.java:44)
	at org.junit.internal.runners.statements.InvokeMethod.evaluate(InvokeMethod.java:17)
	at org.junit.internal.runners.statements.RunBefores.evaluate(RunBefores.java:26)
	at org.junit.internal.runners.statements.RunAfters.evaluate(RunAfters.java:27)
	at org.junit.runners.ParentRunner.runLeaf(ParentRunner.java:271)
	at org.junit.runners.BlockJUnit4ClassRunner.runChild(BlockJUnit4ClassRunner.java:70)
	at org.junit.runners.BlockJUnit4ClassRunner.runChild(BlockJUnit4ClassRunner.java:50)
	at org.junit.runners.ParentRunner$3.run(ParentRunner.java:238)
	at org.junit.runners.ParentRunner$1.schedule(ParentRunner.java:63)
	at org.junit.runners.ParentRunner.runChildren(ParentRunner.java:236)
	at org.junit.runners.ParentRunner.access$000(ParentRunner.java:53)
	at org.junit.runners.ParentRunner$2.evaluate(ParentRunner.java:229)
	at org.junit.runners.ParentRunner.run(ParentRunner.java:309)
	at org.apache.maven.surefire.junit4.JUnit4Provider.execute(JUnit4Provider.java:365)
	at org.apache.maven.surefire.junit4.JUnit4Provider.executeWithRerun(JUnit4Provider.java:273)
	at org.apache.maven.surefire.junit4.JUnit4Provider.executeTestSet(JUnit4Provider.java:238)
	at org.apache.maven.surefire.junit4.JUnit4Provider.invoke(JUnit4Provider.java:159)
	at org.apache.maven.surefire.booter.ForkedBooter.invokeProviderInSameClassLoader(ForkedBooter.java:384)
	at org.apache.maven.surefire.booter.ForkedBooter.runSuitesInProcess(ForkedBooter.java:345)
	at org.apache.maven.surefire.booter.ForkedBooter.execute(ForkedBooter.java:126)
	at org.apache.maven.surefire.booter.ForkedBooter.main(ForkedBooter.java:418)
</failure>
    <system-out><![CDATA[2019-08-20 15:31:52,842 WARN  server.ServerUtils (ServerUtils.java:getScmDbDir(145)) - ozone.scm.db.dirs is not configured. We recommend adding this setting. Falling back to ozone.metadata.dirs instead.
2019-08-20 15:31:53,211 WARN  server.ServerUtils (ServerUtils.java:getScmDbDir(145)) - ozone.scm.db.dirs is not configured. We recommend adding this setting. Falling back to ozone.metadata.dirs instead.
2019-08-20 15:31:53,214 WARN  server.ServerUtils (ServerUtils.java:getScmDbDir(145)) - ozone.scm.db.dirs is not configured. We recommend adding this setting. Falling back to ozone.metadata.dirs instead.
2019-08-20 15:31:53,232 INFO  util.log (Log.java:initialized(192)) - Logging initialized @1086ms
2019-08-20 15:31:53,337 INFO  db.DBStoreBuilder (DBStoreBuilder.java:addTable(110)) - using custom profile for table: deletedBlocks
2019-08-20 15:31:53,337 INFO  db.DBStoreBuilder (DBStoreBuilder.java:processTables(161)) - Using default column profile:DBProfile.DISK for Table:deletedBlocks
2019-08-20 15:31:53,338 INFO  db.DBStoreBuilder (DBStoreBuilder.java:addTable(110)) - using custom profile for table: validCerts
2019-08-20 15:31:53,338 INFO  db.DBStoreBuilder (DBStoreBuilder.java:processTables(161)) - Using default column profile:DBProfile.DISK for Table:validCerts
2019-08-20 15:31:53,338 INFO  db.DBStoreBuilder (DBStoreBuilder.java:addTable(110)) - using custom profile for table: revokedCerts
2019-08-20 15:31:53,338 INFO  db.DBStoreBuilder (DBStoreBuilder.java:processTables(161)) - Using default column profile:DBProfile.DISK for Table:revokedCerts
2019-08-20 15:31:53,349 INFO  db.DBStoreBuilder (DBStoreBuilder.java:addTable(110)) - using custom profile for table: default
2019-08-20 15:31:53,350 INFO  db.DBStoreBuilder (DBStoreBuilder.java:processTables(167)) - Using default column profile:DBProfile.DISK for Table:default
2019-08-20 15:31:53,351 INFO  db.DBStoreBuilder (DBStoreBuilder.java:getDbProfile(198)) - Using default options. DBProfile.DISK
2019-08-20 15:31:53,532 INFO  net.NodeSchemaLoader (NodeSchemaLoader.java:loadSchemaFromFile(125)) - Loading file from sun.misc.CompoundEnumeration@5f058f00
2019-08-20 15:31:53,534 INFO  net.NodeSchemaLoader (NodeSchemaLoader.java:loadSchema(171)) - Loading network topology layer schema file
2019-08-20 15:31:53,614 INFO  node.SCMNodeManager (SCMNodeManager.java:<init>(121)) - Entering startup safe mode.
2019-08-20 15:31:53,695 WARN  server.ServerUtils (ServerUtils.java:getScmDbDir(145)) - ozone.scm.db.dirs is not configured. We recommend adding this setting. Falling back to ozone.metadata.dirs instead.
2019-08-20 15:31:53,758 INFO  pipeline.SCMPipelineManager (SCMPipelineManager.java:initializePipelineState(126)) - No pipeline exists in current db
2019-08-20 15:31:53,761 WARN  server.ServerUtils (ServerUtils.java:getScmDbDir(145)) - ozone.scm.db.dirs is not configured. We recommend adding this setting. Falling back to ozone.metadata.dirs instead.
2019-08-20 15:31:53,870 WARN  events.EventQueue (EventQueue.java:fireEvent(175)) - No event handler registered for event TypedEvent{payloadType=SafeModeStatus, name='SafeModeStatus'}
2019-08-20 15:31:54,227 INFO  ipc.CallQueueManager (CallQueueManager.java:<init>(84)) - Using callQueue: class java.util.concurrent.LinkedBlockingQueue, queueCapacity: 2000, scheduler: class org.apache.hadoop.ipc.DefaultRpcScheduler, ipcBackoff: false.
2019-08-20 15:31:54,257 INFO  ipc.Server (Server.java:run(1074)) - Starting Socket Reader #1 for port 39310
2019-08-20 15:31:54,281 INFO  ipc.CallQueueManager (CallQueueManager.java:<init>(84)) - Using callQueue: class java.util.concurrent.LinkedBlockingQueue, queueCapacity: 2000, scheduler: class org.apache.hadoop.ipc.DefaultRpcScheduler, ipcBackoff: false.
2019-08-20 15:31:54,282 INFO  ipc.Server (Server.java:run(1074)) - Starting Socket Reader #1 for port 46567
2019-08-20 15:31:54,290 INFO  ipc.CallQueueManager (CallQueueManager.java:<init>(84)) - Using callQueue: class java.util.concurrent.LinkedBlockingQueue, queueCapacity: 2000, scheduler: class org.apache.hadoop.ipc.DefaultRpcScheduler, ipcBackoff: false.
2019-08-20 15:31:54,291 INFO  ipc.Server (Server.java:run(1074)) - Starting Socket Reader #1 for port 43602
2019-08-20 15:31:54,408 INFO  hdfs.DFSUtil (DFSUtil.java:httpServerTemplateForNNAndJN(1641)) - Starting Web-server for scm at: http://0.0.0.0:0
2019-08-20 15:31:54,568 INFO  server.AuthenticationFilter (AuthenticationFilter.java:constructSecretProvider(240)) - Unable to initialize FileSignerSecretProvider, falling back to use random secrets.
2019-08-20 15:31:54,578 WARN  http.HttpRequestLog (HttpRequestLog.java:getRequestLog(97)) - Jetty request log can only be enabled using Log4j
2019-08-20 15:31:54,587 INFO  http.HttpServer2 (HttpServer2.java:addGlobalFilter(975)) - Added global filter 'safety' (class=org.apache.hadoop.http.HttpServer2$QuotingInputFilter)
2019-08-20 15:31:54,589 INFO  http.HttpServer2 (HttpServer2.java:addFilter(948)) - Added filter static_user_filter (class=org.apache.hadoop.http.lib.StaticUserWebFilter$StaticUserFilter) to context scm
2019-08-20 15:31:54,590 INFO  http.HttpServer2 (HttpServer2.java:addFilter(958)) - Added filter static_user_filter (class=org.apache.hadoop.http.lib.StaticUserWebFilter$StaticUserFilter) to context static
2019-08-20 15:31:54,590 INFO  http.HttpServer2 (HttpServer2.java:addFilter(958)) - Added filter static_user_filter (class=org.apache.hadoop.http.lib.StaticUserWebFilter$StaticUserFilter) to context logs
2019-08-20 15:31:54,634 INFO  server.StorageContainerManager (StorageContainerManager.java:start(758)) - StorageContainerLocationProtocol RPC server is listening at /0.0.0.0:43602
2019-08-20 15:31:54,715 WARN  impl.MetricsConfig (MetricsConfig.java:loadFirst(134)) - Cannot locate configuration: tried hadoop-metrics2-storagecontainermanager.properties,hadoop-metrics2.properties
2019-08-20 15:31:54,731 INFO  impl.MetricsSystemImpl (MetricsSystemImpl.java:startTimer(374)) - Scheduled Metric snapshot period at 10 second(s).
2019-08-20 15:31:54,731 INFO  impl.MetricsSystemImpl (MetricsSystemImpl.java:start(191)) - StorageContainerManager metrics system started
2019-08-20 15:31:54,966 INFO  server.SCMClientProtocolServer (SCMClientProtocolServer.java:start(151)) - RPC server for Client  is listening at /0.0.0.0:43602
2019-08-20 15:31:54,967 INFO  ipc.Server (Server.java:run(1314)) - IPC Server Responder: starting
2019-08-20 15:31:54,967 INFO  ipc.Server (Server.java:run(1153)) - IPC Server listener on 43602: starting
2019-08-20 15:31:54,969 INFO  server.StorageContainerManager (StorageContainerManager.java:start(768)) - ScmBlockLocationProtocol RPC server is listening at /0.0.0.0:46567
2019-08-20 15:31:54,970 INFO  server.SCMBlockProtocolServer (SCMBlockProtocolServer.java:start(140)) - RPC server for Block Protocol is listening at /0.0.0.0:46567
2019-08-20 15:31:54,970 INFO  ipc.Server (Server.java:run(1314)) - IPC Server Responder: starting
2019-08-20 15:31:54,970 INFO  ipc.Server (Server.java:run(1153)) - IPC Server listener on 46567: starting
2019-08-20 15:31:54,976 INFO  server.StorageContainerManager (StorageContainerManager.java:start(772)) - ScmDatanodeProtocl RPC server is listening at /0.0.0.0:39310
2019-08-20 15:31:54,976 INFO  server.SCMDatanodeProtocolServer (SCMDatanodeProtocolServer.java:start(191)) - RPC server for DataNodes is listening at /0.0.0.0:39310
2019-08-20 15:31:54,977 INFO  ipc.Server (Server.java:run(1314)) - IPC Server Responder: starting
2019-08-20 15:31:54,977 INFO  ipc.Server (Server.java:run(1153)) - IPC Server listener on 39310: starting
2019-08-20 15:31:54,981 INFO  http.HttpServer2 (HttpServer2.java:bindListener(1191)) - Jetty bound to port 33840
2019-08-20 15:31:54,983 INFO  server.Server (Server.java:doStart(351)) - jetty-9.3.24.v20180605, build timestamp: 2018-06-05T17:11:56Z, git hash: 84205aa28f11a4f31f2a3b86d1bba2cc8ab69827
2019-08-20 15:31:55,025 INFO  handler.ContextHandler (ContextHandler.java:doStart(781)) - Started o.e.j.s.ServletContextHandler@495b0487{/logs,file:///workdir/hadoop-ozone/integration-test/target/log,AVAILABLE}
2019-08-20 15:31:55,026 INFO  handler.ContextHandler (ContextHandler.java:doStart(781)) - Started o.e.j.s.ServletContextHandler@222eb8aa{/static,file:///workdir/hadoop-ozone/integration-test/target/test-classes/webapps/static,AVAILABLE}
2019-08-20 15:31:55,059 INFO  handler.ContextHandler (ContextHandler.java:doStart(781)) - Started o.e.j.w.WebAppContext@72f46e16{/,file:///workdir/hadoop-ozone/integration-test/target/test-classes/webapps/scm/,AVAILABLE}{/scm}
2019-08-20 15:31:55,065 INFO  server.AbstractConnector (AbstractConnector.java:doStart(278)) - Started ServerConnector@77307458{HTTP/1.1,[http/1.1]}{0.0.0.0:33840}
2019-08-20 15:31:55,065 INFO  server.Server (Server.java:doStart(419)) - Started @2919ms
2019-08-20 15:31:55,066 INFO  server.BaseHttpServer (BaseHttpServer.java:updateConnectorAddress(213)) - HTTP server of SCM is listening at http://0.0.0.0:33840
2019-08-20 15:31:55,072 INFO  util.JvmPauseMonitor (JvmPauseMonitor.java:run(188)) - Starting JVM pause monitor
2019-08-20 15:31:55,075 WARN  server.ServerUtils (ServerUtils.java:getDBPath(222)) - ozone.om.db.dirs is not configured. We recommend adding this setting. Falling back to ozone.metadata.dirs instead.
2019-08-20 15:31:55,182 WARN  server.ServerUtils (ServerUtils.java:getDBPath(222)) - ozone.om.db.dirs is not configured. We recommend adding this setting. Falling back to ozone.metadata.dirs instead.
2019-08-20 15:31:55,183 WARN  server.ServerUtils (ServerUtils.java:getDBPath(222)) - ozone.om.db.dirs is not configured. We recommend adding this setting. Falling back to ozone.metadata.dirs instead.
2019-08-20 15:31:55,184 INFO  om.OzoneManager (OzoneManager.java:setOMNodeDetails(647)) - OM Service ID is not set. Setting it to the default ID: omServiceIdDefault
2019-08-20 15:31:55,184 INFO  om.OzoneManager (OzoneManager.java:setOMNodeDetails(653)) - OM Node ID is not set. Setting it to the OmStorage's OmID: c54dfc60-3cfa-4406-9eb1-f78fa8ea56b0
2019-08-20 15:31:55,185 INFO  om.OzoneManager (OzoneManager.java:loadOMHAConfigs(604)) - Found matching OM address with OMServiceId: null, OMNodeId: null, RPC Address: localhost:0 and Ratis port: 9872
2019-08-20 15:31:55,846 WARN  server.ServerUtils (ServerUtils.java:getDBPath(222)) - ozone.om.db.dirs is not configured. We recommend adding this setting. Falling back to ozone.metadata.dirs instead.
2019-08-20 15:31:55,853 INFO  db.DBStoreBuilder (DBStoreBuilder.java:addTable(110)) - using custom profile for table: userTable
2019-08-20 15:31:55,853 INFO  db.DBStoreBuilder (DBStoreBuilder.java:processTables(161)) - Using default column profile:DBProfile.DISK for Table:userTable
2019-08-20 15:31:55,853 INFO  db.DBStoreBuilder (DBStoreBuilder.java:addTable(110)) - using custom profile for table: volumeTable
2019-08-20 15:31:55,853 INFO  db.DBStoreBuilder (DBStoreBuilder.java:processTables(161)) - Using default column profile:DBProfile.DISK for Table:volumeTable
2019-08-20 15:31:55,854 INFO  db.DBStoreBuilder (DBStoreBuilder.java:addTable(110)) - using custom profile for table: bucketTable
2019-08-20 15:31:55,854 INFO  db.DBStoreBuilder (DBStoreBuilder.java:processTables(161)) - Using default column profile:DBProfile.DISK for Table:bucketTable
2019-08-20 15:31:55,854 INFO  db.DBStoreBuilder (DBStoreBuilder.java:addTable(110)) - using custom profile for table: keyTable
2019-08-20 15:31:55,854 INFO  db.DBStoreBuilder (DBStoreBuilder.java:processTables(161)) - Using default column profile:DBProfile.DISK for Table:keyTable
2019-08-20 15:31:55,855 INFO  db.DBStoreBuilder (DBStoreBuilder.java:addTable(110)) - using custom profile for table: deletedTable
2019-08-20 15:31:55,855 INFO  db.DBStoreBuilder (DBStoreBuilder.java:processTables(161)) - Using default column profile:DBProfile.DISK for Table:deletedTable
2019-08-20 15:31:55,855 INFO  db.DBStoreBuilder (DBStoreBuilder.java:addTable(110)) - using custom profile for table: openKeyTable
2019-08-20 15:31:55,855 INFO  db.DBStoreBuilder (DBStoreBuilder.java:processTables(161)) - Using default column profile:DBProfile.DISK for Table:openKeyTable
2019-08-20 15:31:55,855 INFO  db.DBStoreBuilder (DBStoreBuilder.java:addTable(110)) - using custom profile for table: s3Table
2019-08-20 15:31:55,856 INFO  db.DBStoreBuilder (DBStoreBuilder.java:processTables(161)) - Using default column profile:DBProfile.DISK for Table:s3Table
2019-08-20 15:31:55,856 INFO  db.DBStoreBuilder (DBStoreBuilder.java:addTable(110)) - using custom profile for table: multipartInfoTable
2019-08-20 15:31:55,856 INFO  db.DBStoreBuilder (DBStoreBuilder.java:processTables(161)) - Using default column profile:DBProfile.DISK for Table:multipartInfoTable
2019-08-20 15:31:55,856 INFO  db.DBStoreBuilder (DBStoreBuilder.java:addTable(110)) - using custom profile for table: dTokenTable
2019-08-20 15:31:55,857 INFO  db.DBStoreBuilder (DBStoreBuilder.java:processTables(161)) - Using default column profile:DBProfile.DISK for Table:dTokenTable
2019-08-20 15:31:55,857 INFO  db.DBStoreBuilder (DBStoreBuilder.java:addTable(110)) - using custom profile for table: s3SecretTable
2019-08-20 15:31:55,857 INFO  db.DBStoreBuilder (DBStoreBuilder.java:processTables(161)) - Using default column profile:DBProfile.DISK for Table:s3SecretTable
2019-08-20 15:31:55,857 INFO  db.DBStoreBuilder (DBStoreBuilder.java:addTable(110)) - using custom profile for table: prefixTable
2019-08-20 15:31:55,858 INFO  db.DBStoreBuilder (DBStoreBuilder.java:processTables(161)) - Using default column profile:DBProfile.DISK for Table:prefixTable
2019-08-20 15:31:55,858 INFO  db.DBStoreBuilder (DBStoreBuilder.java:addTable(110)) - using custom profile for table: default
2019-08-20 15:31:55,858 INFO  db.DBStoreBuilder (DBStoreBuilder.java:processTables(167)) - Using default column profile:DBProfile.DISK for Table:default
2019-08-20 15:31:55,858 INFO  db.DBStoreBuilder (DBStoreBuilder.java:getDbProfile(198)) - Using default options. DBProfile.DISK
2019-08-20 15:31:56,377 INFO  ipc.CallQueueManager (CallQueueManager.java:<init>(84)) - Using callQueue: class java.util.concurrent.LinkedBlockingQueue, queueCapacity: 2000, scheduler: class org.apache.hadoop.ipc.DefaultRpcScheduler, ipcBackoff: false.
2019-08-20 15:31:56,378 INFO  ipc.Server (Server.java:run(1074)) - Starting Socket Reader #1 for port 36980
2019-08-20 15:31:56,397 INFO  om.OzoneManager (OzoneManager.java:start(1258)) - OzoneManager RPC server is listening at localhost/127.0.0.1:36980
2019-08-20 15:31:56,397 INFO  impl.MetricsSystemImpl (MetricsSystemImpl.java:init(158)) - OzoneManager metrics system started (again)
2019-08-20 15:31:56,398 INFO  ipc.Server (Server.java:run(1314)) - IPC Server Responder: starting
2019-08-20 15:31:56,398 INFO  ipc.Server (Server.java:run(1153)) - IPC Server listener on 36980: starting
2019-08-20 15:31:56,403 INFO  hdfs.DFSUtil (DFSUtil.java:httpServerTemplateForNNAndJN(1641)) - Starting Web-server for ozoneManager at: http://0.0.0.0:0
2019-08-20 15:31:56,404 INFO  server.AuthenticationFilter (AuthenticationFilter.java:constructSecretProvider(240)) - Unable to initialize FileSignerSecretProvider, falling back to use random secrets.
2019-08-20 15:31:56,405 WARN  http.HttpRequestLog (HttpRequestLog.java:getRequestLog(97)) - Jetty request log can only be enabled using Log4j
2019-08-20 15:31:56,407 INFO  http.HttpServer2 (HttpServer2.java:addGlobalFilter(975)) - Added global filter 'safety' (class=org.apache.hadoop.http.HttpServer2$QuotingInputFilter)
2019-08-20 15:31:56,407 INFO  http.HttpServer2 (HttpServer2.java:addFilter(948)) - Added filter static_user_filter (class=org.apache.hadoop.http.lib.StaticUserWebFilter$StaticUserFilter) to context ozoneManager
2019-08-20 15:31:56,408 INFO  http.HttpServer2 (HttpServer2.java:addFilter(958)) - Added filter static_user_filter (class=org.apache.hadoop.http.lib.StaticUserWebFilter$StaticUserFilter) to context static
2019-08-20 15:31:56,408 INFO  http.HttpServer2 (HttpServer2.java:addFilter(958)) - Added filter static_user_filter (class=org.apache.hadoop.http.lib.StaticUserWebFilter$StaticUserFilter) to context logs
2019-08-20 15:31:56,410 INFO  http.HttpServer2 (HttpServer2.java:bindListener(1191)) - Jetty bound to port 44806
2019-08-20 15:31:56,410 INFO  server.Server (Server.java:doStart(351)) - jetty-9.3.24.v20180605, build timestamp: 2018-06-05T17:11:56Z, git hash: 84205aa28f11a4f31f2a3b86d1bba2cc8ab69827
2019-08-20 15:31:56,412 INFO  handler.ContextHandler (ContextHandler.java:doStart(781)) - Started o.e.j.s.ServletContextHandler@4482469c{/logs,file:///workdir/hadoop-ozone/integration-test/target/log,AVAILABLE}
2019-08-20 15:31:56,412 INFO  handler.ContextHandler (ContextHandler.java:doStart(781)) - Started o.e.j.s.ServletContextHandler@34cf5a97{/static,file:///workdir/hadoop-ozone/integration-test/target/test-classes/webapps/static,AVAILABLE}
2019-08-20 15:31:56,417 INFO  handler.ContextHandler (ContextHandler.java:doStart(781)) - Started o.e.j.w.WebAppContext@4bff2185{/,file:///workdir/hadoop-ozone/integration-test/target/test-classes/webapps/ozoneManager/,AVAILABLE}{/ozoneManager}
2019-08-20 15:31:56,418 INFO  server.AbstractConnector (AbstractConnector.java:doStart(278)) - Started ServerConnector@5c20ffa8{HTTP/1.1,[http/1.1]}{0.0.0.0:44806}
2019-08-20 15:31:56,419 INFO  server.Server (Server.java:doStart(419)) - Started @4273ms
2019-08-20 15:31:56,420 INFO  server.BaseHttpServer (BaseHttpServer.java:updateConnectorAddress(213)) - HTTP server of OZONEMANAGER is listening at http://0.0.0.0:44806
2019-08-20 15:31:56,699 INFO  impl.MetricsSystemImpl (MetricsSystemImpl.java:init(158)) - HddsDatanode metrics system started (again)
2019-08-20 15:31:56,776 INFO  ozone.HddsDatanodeService (HddsDatanodeService.java:start(184)) - HddsDatanodeService host:pr-hdds-1879-mp8vb-189615265 ip:192.168.5.175
2019-08-20 15:31:56,807 INFO  volume.HddsVolume (HddsVolume.java:<init>(176)) - Creating Volume: /workdir/hadoop-ozone/integration-test/target/test-dir/MiniOzoneClusterImpl-4e28bd16-aa40-4c06-8f2f-cbc92a7b77d1/datanode-0/data/containers/hdds of  storage type : DISK and capacity : 1482555576320
2019-08-20 15:31:56,809 INFO  volume.VolumeSet (VolumeSet.java:initializeVolumeSet(170)) - Added Volume : /workdir/hadoop-ozone/integration-test/target/test-dir/MiniOzoneClusterImpl-4e28bd16-aa40-4c06-8f2f-cbc92a7b77d1/datanode-0/data/containers/hdds to VolumeSet
2019-08-20 15:31:56,811 INFO  volume.ThrottledAsyncChecker (ThrottledAsyncChecker.java:schedule(140)) - Scheduling a check for org.apache.hadoop.ozone.container.common.volume.HddsVolume@59532566
2019-08-20 15:31:56,828 INFO  volume.HddsVolumeChecker (HddsVolumeChecker.java:checkAllVolumes(203)) - Scheduled health check for volume org.apache.hadoop.ozone.container.common.volume.HddsVolume@59532566
2019-08-20 15:31:56,921 INFO  impl.RaftServerProxy (ConfUtils.java:logGet(43)) - raft.rpc.type = GRPC (default)
2019-08-20 15:31:56,978 INFO  grpc.GrpcFactory (GrpcFactory.java:checkPooledByteBufAllocatorUseCacheForAllThreads(45)) - PERFORMANCE WARNING: useCacheForAllThreads is true that may cause Netty to create a lot garbage objects and, as a result, trigger GC.
	It is recommended to disable useCacheForAllThreads by setting -Dorg.apache.ratis.thirdparty.io.netty.allocator.useCacheForAllThreads=false in command line.
2019-08-20 15:31:56,982 INFO  grpc.GrpcConfigKeys$Server (ConfUtils.java:logGet(43)) - raft.grpc.server.port = 0 (default)
2019-08-20 15:31:56,983 INFO  server.GrpcService (ConfUtils.java:logGet(43)) - raft.grpc.message.size.max = 33570816 (custom)
2019-08-20 15:31:56,984 INFO  server.RaftServerConfigKeys (ConfUtils.java:logGet(43)) - raft.server.log.appender.buffer.byte-limit = 33554432 (custom)
2019-08-20 15:31:56,985 INFO  server.GrpcService (ConfUtils.java:logGet(43)) - raft.grpc.flow.control.window = 1MB (=1048576) (default)
2019-08-20 15:31:56,985 INFO  server.RaftServerConfigKeys (ConfUtils.java:logGet(43)) - raft.server.rpc.request.timeout = 3000ms (default)
2019-08-20 15:31:57,117 INFO  server.RaftServerConfigKeys (ConfUtils.java:logGet(43)) - raft.server.storage.dir = [/workdir/hadoop-ozone/integration-test/target/test-dir/MiniOzoneClusterImpl-4e28bd16-aa40-4c06-8f2f-cbc92a7b77d1/datanode-0/data/ratis] (custom)
2019-08-20 15:31:57,146 INFO  replication.SimpleContainerDownloader (SimpleContainerDownloader.java:<init>(72)) - Starting container downloader service to copy containers to replicate.
2019-08-20 15:31:57,157 INFO  hdfs.DFSUtil (DFSUtil.java:httpServerTemplateForNNAndJN(1641)) - Starting Web-server for hddsDatanode at: http://0.0.0.0:0
2019-08-20 15:31:57,159 INFO  server.AuthenticationFilter (AuthenticationFilter.java:constructSecretProvider(240)) - Unable to initialize FileSignerSecretProvider, falling back to use random secrets.
2019-08-20 15:31:57,159 WARN  http.HttpRequestLog (HttpRequestLog.java:getRequestLog(97)) - Jetty request log can only be enabled using Log4j
2019-08-20 15:31:57,161 INFO  http.HttpServer2 (HttpServer2.java:addGlobalFilter(975)) - Added global filter 'safety' (class=org.apache.hadoop.http.HttpServer2$QuotingInputFilter)
2019-08-20 15:31:57,161 INFO  http.HttpServer2 (HttpServer2.java:addFilter(948)) - Added filter static_user_filter (class=org.apache.hadoop.http.lib.StaticUserWebFilter$StaticUserFilter) to context hddsDatanode
2019-08-20 15:31:57,161 INFO  http.HttpServer2 (HttpServer2.java:addFilter(958)) - Added filter static_user_filter (class=org.apache.hadoop.http.lib.StaticUserWebFilter$StaticUserFilter) to context static
2019-08-20 15:31:57,162 INFO  http.HttpServer2 (HttpServer2.java:addFilter(958)) - Added filter static_user_filter (class=org.apache.hadoop.http.lib.StaticUserWebFilter$StaticUserFilter) to context logs
2019-08-20 15:31:57,162 INFO  http.HttpServer2 (HttpServer2.java:bindListener(1191)) - Jetty bound to port 43397
2019-08-20 15:31:57,163 INFO  server.Server (Server.java:doStart(351)) - jetty-9.3.24.v20180605, build timestamp: 2018-06-05T17:11:56Z, git hash: 84205aa28f11a4f31f2a3b86d1bba2cc8ab69827
2019-08-20 15:31:57,164 INFO  handler.ContextHandler (ContextHandler.java:doStart(781)) - Started o.e.j.s.ServletContextHandler@312b34e3{/logs,file:///workdir/hadoop-ozone/integration-test/target/log,AVAILABLE}
2019-08-20 15:31:57,165 INFO  handler.ContextHandler (ContextHandler.java:doStart(781)) - Started o.e.j.s.ServletContextHandler@1a865273{/static,jar:file:/home/user/.m2/repository/org/apache/hadoop/hadoop-hdds-container-service/0.5.0-SNAPSHOT/hadoop-hdds-container-service-0.5.0-SNAPSHOT.jar!/webapps/static,AVAILABLE}
2019-08-20 15:31:57,194 INFO  handler.ContextHandler (ContextHandler.java:doStart(781)) - Started o.e.j.w.WebAppContext@1bc0d349{/,file:///tmp/jetty-0.0.0.0-43397-hddsDatanode-_-any-1903780949043939687.dir/webapp/,AVAILABLE}{/hddsDatanode}
2019-08-20 15:31:57,195 INFO  server.AbstractConnector (AbstractConnector.java:doStart(278)) - Started ServerConnector@644ded04{HTTP/1.1,[http/1.1]}{0.0.0.0:43397}
2019-08-20 15:31:57,196 INFO  server.Server (Server.java:doStart(419)) - Started @5050ms
2019-08-20 15:31:57,197 INFO  server.BaseHttpServer (BaseHttpServer.java:updateConnectorAddress(213)) - HTTP server of HDDSDATANODE is listening at http://0.0.0.0:43397
2019-08-20 15:31:58,219 INFO  ozone.HddsDatanodeService (HddsDatanodeService.java:startPlugins(395)) - Started plug-in org.apache.hadoop.ozone.web.OzoneHddsDatanodeService@3f9b7fe1
2019-08-20 15:31:58,220 INFO  impl.MetricsSystemImpl (MetricsSystemImpl.java:init(158)) - HddsDatanode metrics system started (again)
2019-08-20 15:31:58,223 INFO  ozone.HddsDatanodeService (HddsDatanodeService.java:start(184)) - HddsDatanodeService host:pr-hdds-1879-mp8vb-189615265 ip:192.168.5.175
2019-08-20 15:31:58,227 INFO  util.JvmPauseMonitor (JvmPauseMonitor.java:run(188)) - Starting JVM pause monitor
2019-08-20 15:31:58,231 INFO  volume.HddsVolume (HddsVolume.java:<init>(176)) - Creating Volume: /workdir/hadoop-ozone/integration-test/target/test-dir/MiniOzoneClusterImpl-4e28bd16-aa40-4c06-8f2f-cbc92a7b77d1/datanode-1/data/containers/hdds of  storage type : DISK and capacity : 1482555576320
2019-08-20 15:31:58,232 INFO  volume.VolumeSet (VolumeSet.java:initializeVolumeSet(170)) - Added Volume : /workdir/hadoop-ozone/integration-test/target/test-dir/MiniOzoneClusterImpl-4e28bd16-aa40-4c06-8f2f-cbc92a7b77d1/datanode-1/data/containers/hdds to VolumeSet
2019-08-20 15:31:58,232 INFO  volume.ThrottledAsyncChecker (ThrottledAsyncChecker.java:schedule(140)) - Scheduling a check for org.apache.hadoop.ozone.container.common.volume.HddsVolume@515b9d4a
2019-08-20 15:31:58,233 INFO  volume.HddsVolumeChecker (HddsVolumeChecker.java:checkAllVolumes(203)) - Scheduled health check for volume org.apache.hadoop.ozone.container.common.volume.HddsVolume@515b9d4a
2019-08-20 15:31:58,247 INFO  impl.RaftServerProxy (ConfUtils.java:logGet(43)) - raft.rpc.type = GRPC (default)
2019-08-20 15:31:58,247 INFO  grpc.GrpcFactory (GrpcFactory.java:checkPooledByteBufAllocatorUseCacheForAllThreads(45)) - PERFORMANCE WARNING: useCacheForAllThreads is true that may cause Netty to create a lot garbage objects and, as a result, trigger GC.
	It is recommended to disable useCacheForAllThreads by setting -Dorg.apache.ratis.thirdparty.io.netty.allocator.useCacheForAllThreads=false in command line.
2019-08-20 15:31:58,248 INFO  grpc.GrpcConfigKeys$Server (ConfUtils.java:logGet(43)) - raft.grpc.server.port = 0 (default)
2019-08-20 15:31:58,248 INFO  server.GrpcService (ConfUtils.java:logGet(43)) - raft.grpc.message.size.max = 33570816 (custom)
2019-08-20 15:31:58,248 INFO  server.RaftServerConfigKeys (ConfUtils.java:logGet(43)) - raft.server.log.appender.buffer.byte-limit = 33554432 (custom)
2019-08-20 15:31:58,248 INFO  server.GrpcService (ConfUtils.java:logGet(43)) - raft.grpc.flow.control.window = 1MB (=1048576) (default)
2019-08-20 15:31:58,249 INFO  server.RaftServerConfigKeys (ConfUtils.java:logGet(43)) - raft.server.rpc.request.timeout = 3000ms (default)
2019-08-20 15:31:58,249 INFO  server.RaftServerConfigKeys (ConfUtils.java:logGet(43)) - raft.server.storage.dir = [/workdir/hadoop-ozone/integration-test/target/test-dir/MiniOzoneClusterImpl-4e28bd16-aa40-4c06-8f2f-cbc92a7b77d1/datanode-1/data/ratis] (custom)
2019-08-20 15:31:58,250 INFO  replication.SimpleContainerDownloader (SimpleContainerDownloader.java:<init>(72)) - Starting container downloader service to copy containers to replicate.
2019-08-20 15:31:58,251 INFO  hdfs.DFSUtil (DFSUtil.java:httpServerTemplateForNNAndJN(1641)) - Starting Web-server for hddsDatanode at: http://0.0.0.0:0
2019-08-20 15:31:58,254 INFO  server.AuthenticationFilter (AuthenticationFilter.java:constructSecretProvider(240)) - Unable to initialize FileSignerSecretProvider, falling back to use random secrets.
2019-08-20 15:31:58,255 WARN  http.HttpRequestLog (HttpRequestLog.java:getRequestLog(97)) - Jetty request log can only be enabled using Log4j
2019-08-20 15:31:58,257 INFO  http.HttpServer2 (HttpServer2.java:addGlobalFilter(975)) - Added global filter 'safety' (class=org.apache.hadoop.http.HttpServer2$QuotingInputFilter)
2019-08-20 15:31:58,260 INFO  http.HttpServer2 (HttpServer2.java:addFilter(948)) - Added filter static_user_filter (class=org.apache.hadoop.http.lib.StaticUserWebFilter$StaticUserFilter) to context hddsDatanode
2019-08-20 15:31:58,260 INFO  http.HttpServer2 (HttpServer2.java:addFilter(958)) - Added filter static_user_filter (class=org.apache.hadoop.http.lib.StaticUserWebFilter$StaticUserFilter) to context logs
2019-08-20 15:31:58,261 INFO  http.HttpServer2 (HttpServer2.java:addFilter(958)) - Added filter static_user_filter (class=org.apache.hadoop.http.lib.StaticUserWebFilter$StaticUserFilter) to context static
2019-08-20 15:31:58,262 INFO  http.HttpServer2 (HttpServer2.java:bindListener(1191)) - Jetty bound to port 38212
2019-08-20 15:31:58,263 INFO  server.Server (Server.java:doStart(351)) - jetty-9.3.24.v20180605, build timestamp: 2018-06-05T17:11:56Z, git hash: 84205aa28f11a4f31f2a3b86d1bba2cc8ab69827
2019-08-20 15:31:58,267 INFO  handler.ContextHandler (ContextHandler.java:doStart(781)) - Started o.e.j.s.ServletContextHandler@388c519{/logs,file:///workdir/hadoop-ozone/integration-test/target/log,AVAILABLE}
2019-08-20 15:31:58,268 INFO  handler.ContextHandler (ContextHandler.java:doStart(781)) - Started o.e.j.s.ServletContextHandler@198536f6{/static,jar:file:/home/user/.m2/repository/org/apache/hadoop/hadoop-hdds-container-service/0.5.0-SNAPSHOT/hadoop-hdds-container-service-0.5.0-SNAPSHOT.jar!/webapps/static,AVAILABLE}
2019-08-20 15:31:58,310 INFO  handler.ContextHandler (ContextHandler.java:doStart(781)) - Started o.e.j.w.WebAppContext@36c7cbe1{/,file:///tmp/jetty-0.0.0.0-38212-hddsDatanode-_-any-6570884288695121829.dir/webapp/,AVAILABLE}{/hddsDatanode}
2019-08-20 15:31:58,310 INFO  server.AbstractConnector (AbstractConnector.java:doStart(278)) - Started ServerConnector@1ac6dd3d{HTTP/1.1,[http/1.1]}{0.0.0.0:38212}
2019-08-20 15:31:58,311 INFO  server.Server (Server.java:doStart(419)) - Started @6165ms
2019-08-20 15:31:58,313 INFO  server.BaseHttpServer (BaseHttpServer.java:updateConnectorAddress(213)) - HTTP server of HDDSDATANODE is listening at http://0.0.0.0:38212
2019-08-20 15:31:58,377 INFO  datanode.InitDatanodeState (InitDatanodeState.java:persistContainerDatanodeDetails(140)) - DatanodeDetails is persisted to /workdir/hadoop-ozone/integration-test/target/test-dir/MiniOzoneClusterImpl-4e28bd16-aa40-4c06-8f2f-cbc92a7b77d1/datanode-0/meta/datanode.id
2019-08-20 15:31:58,503 INFO  ozone.HddsDatanodeService (HddsDatanodeService.java:startPlugins(395)) - Started plug-in org.apache.hadoop.ozone.web.OzoneHddsDatanodeService@510689af
2019-08-20 15:31:58,504 INFO  impl.MetricsSystemImpl (MetricsSystemImpl.java:init(158)) - HddsDatanode metrics system started (again)
2019-08-20 15:31:58,507 INFO  util.JvmPauseMonitor (JvmPauseMonitor.java:run(188)) - Starting JVM pause monitor
2019-08-20 15:31:58,508 INFO  ozone.HddsDatanodeService (HddsDatanodeService.java:start(184)) - HddsDatanodeService host:pr-hdds-1879-mp8vb-189615265 ip:192.168.5.175
2019-08-20 15:31:58,515 INFO  datanode.InitDatanodeState (InitDatanodeState.java:persistContainerDatanodeDetails(140)) - DatanodeDetails is persisted to /workdir/hadoop-ozone/integration-test/target/test-dir/MiniOzoneClusterImpl-4e28bd16-aa40-4c06-8f2f-cbc92a7b77d1/datanode-1/meta/datanode.id
2019-08-20 15:31:58,521 INFO  volume.HddsVolume (HddsVolume.java:<init>(176)) - Creating Volume: /workdir/hadoop-ozone/integration-test/target/test-dir/MiniOzoneClusterImpl-4e28bd16-aa40-4c06-8f2f-cbc92a7b77d1/datanode-2/data/containers/hdds of  storage type : DISK and capacity : 1482555576320
2019-08-20 15:31:58,521 INFO  volume.VolumeSet (VolumeSet.java:initializeVolumeSet(170)) - Added Volume : /workdir/hadoop-ozone/integration-test/target/test-dir/MiniOzoneClusterImpl-4e28bd16-aa40-4c06-8f2f-cbc92a7b77d1/datanode-2/data/containers/hdds to VolumeSet
2019-08-20 15:31:58,521 INFO  volume.ThrottledAsyncChecker (ThrottledAsyncChecker.java:schedule(140)) - Scheduling a check for org.apache.hadoop.ozone.container.common.volume.HddsVolume@5f08fe00
2019-08-20 15:31:58,522 INFO  volume.HddsVolumeChecker (HddsVolumeChecker.java:checkAllVolumes(203)) - Scheduled health check for volume org.apache.hadoop.ozone.container.common.volume.HddsVolume@5f08fe00
2019-08-20 15:31:58,543 INFO  impl.RaftServerProxy (ConfUtils.java:logGet(43)) - raft.rpc.type = GRPC (default)
2019-08-20 15:31:58,544 INFO  grpc.GrpcFactory (GrpcFactory.java:checkPooledByteBufAllocatorUseCacheForAllThreads(45)) - PERFORMANCE WARNING: useCacheForAllThreads is true that may cause Netty to create a lot garbage objects and, as a result, trigger GC.
	It is recommended to disable useCacheForAllThreads by setting -Dorg.apache.ratis.thirdparty.io.netty.allocator.useCacheForAllThreads=false in command line.
2019-08-20 15:31:58,544 INFO  grpc.GrpcConfigKeys$Server (ConfUtils.java:logGet(43)) - raft.grpc.server.port = 0 (default)
2019-08-20 15:31:58,544 INFO  server.GrpcService (ConfUtils.java:logGet(43)) - raft.grpc.message.size.max = 33570816 (custom)
2019-08-20 15:31:58,544 INFO  server.RaftServerConfigKeys (ConfUtils.java:logGet(43)) - raft.server.log.appender.buffer.byte-limit = 33554432 (custom)
2019-08-20 15:31:58,545 INFO  server.GrpcService (ConfUtils.java:logGet(43)) - raft.grpc.flow.control.window = 1MB (=1048576) (default)
2019-08-20 15:31:58,545 INFO  server.RaftServerConfigKeys (ConfUtils.java:logGet(43)) - raft.server.rpc.request.timeout = 3000ms (default)
2019-08-20 15:31:58,546 INFO  server.RaftServerConfigKeys (ConfUtils.java:logGet(43)) - raft.server.storage.dir = [/workdir/hadoop-ozone/integration-test/target/test-dir/MiniOzoneClusterImpl-4e28bd16-aa40-4c06-8f2f-cbc92a7b77d1/datanode-2/data/ratis] (custom)
2019-08-20 15:31:58,547 INFO  replication.SimpleContainerDownloader (SimpleContainerDownloader.java:<init>(72)) - Starting container downloader service to copy containers to replicate.
2019-08-20 15:31:58,548 INFO  hdfs.DFSUtil (DFSUtil.java:httpServerTemplateForNNAndJN(1641)) - Starting Web-server for hddsDatanode at: http://0.0.0.0:0
2019-08-20 15:31:58,549 INFO  server.AuthenticationFilter (AuthenticationFilter.java:constructSecretProvider(240)) - Unable to initialize FileSignerSecretProvider, falling back to use random secrets.
2019-08-20 15:31:58,550 WARN  http.HttpRequestLog (HttpRequestLog.java:getRequestLog(97)) - Jetty request log can only be enabled using Log4j
2019-08-20 15:31:58,552 INFO  http.HttpServer2 (HttpServer2.java:addGlobalFilter(975)) - Added global filter 'safety' (class=org.apache.hadoop.http.HttpServer2$QuotingInputFilter)
2019-08-20 15:31:58,552 INFO  http.HttpServer2 (HttpServer2.java:addFilter(948)) - Added filter static_user_filter (class=org.apache.hadoop.http.lib.StaticUserWebFilter$StaticUserFilter) to context hddsDatanode
2019-08-20 15:31:58,552 INFO  http.HttpServer2 (HttpServer2.java:addFilter(958)) - Added filter static_user_filter (class=org.apache.hadoop.http.lib.StaticUserWebFilter$StaticUserFilter) to context logs
2019-08-20 15:31:58,553 INFO  http.HttpServer2 (HttpServer2.java:addFilter(958)) - Added filter static_user_filter (class=org.apache.hadoop.http.lib.StaticUserWebFilter$StaticUserFilter) to context static
2019-08-20 15:31:58,553 INFO  http.HttpServer2 (HttpServer2.java:bindListener(1191)) - Jetty bound to port 35751
2019-08-20 15:31:58,554 INFO  server.Server (Server.java:doStart(351)) - jetty-9.3.24.v20180605, build timestamp: 2018-06-05T17:11:56Z, git hash: 84205aa28f11a4f31f2a3b86d1bba2cc8ab69827
2019-08-20 15:31:58,556 INFO  handler.ContextHandler (ContextHandler.java:doStart(781)) - Started o.e.j.s.ServletContextHandler@6637a365{/logs,file:///workdir/hadoop-ozone/integration-test/target/log,AVAILABLE}
2019-08-20 15:31:58,556 INFO  handler.ContextHandler (ContextHandler.java:doStart(781)) - Started o.e.j.s.ServletContextHandler@1ef31f71{/static,jar:file:/home/user/.m2/repository/org/apache/hadoop/hadoop-hdds-container-service/0.5.0-SNAPSHOT/hadoop-hdds-container-service-0.5.0-SNAPSHOT.jar!/webapps/static,AVAILABLE}
2019-08-20 15:31:58,585 INFO  handler.ContextHandler (ContextHandler.java:doStart(781)) - Started o.e.j.w.WebAppContext@27960b1e{/,file:///tmp/jetty-0.0.0.0-35751-hddsDatanode-_-any-6993511491265882421.dir/webapp/,AVAILABLE}{/hddsDatanode}
2019-08-20 15:31:58,585 INFO  server.AbstractConnector (AbstractConnector.java:doStart(278)) - Started ServerConnector@643ba1ed{HTTP/1.1,[http/1.1]}{0.0.0.0:35751}
2019-08-20 15:31:58,586 INFO  server.Server (Server.java:doStart(419)) - Started @6440ms
2019-08-20 15:31:58,588 INFO  server.BaseHttpServer (BaseHttpServer.java:updateConnectorAddress(213)) - HTTP server of HDDSDATANODE is listening at http://0.0.0.0:35751
2019-08-20 15:31:58,749 INFO  ozone.HddsDatanodeService (HddsDatanodeService.java:startPlugins(395)) - Started plug-in org.apache.hadoop.ozone.web.OzoneHddsDatanodeService@5b733ef7
2019-08-20 15:31:58,749 INFO  impl.MetricsSystemImpl (MetricsSystemImpl.java:init(158)) - HddsDatanode metrics system started (again)
2019-08-20 15:31:58,752 INFO  ozone.HddsDatanodeService (HddsDatanodeService.java:start(184)) - HddsDatanodeService host:pr-hdds-1879-mp8vb-189615265 ip:192.168.5.175
2019-08-20 15:31:58,753 INFO  util.JvmPauseMonitor (JvmPauseMonitor.java:run(188)) - Starting JVM pause monitor
2019-08-20 15:31:58,756 INFO  datanode.InitDatanodeState (InitDatanodeState.java:persistContainerDatanodeDetails(140)) - DatanodeDetails is persisted to /workdir/hadoop-ozone/integration-test/target/test-dir/MiniOzoneClusterImpl-4e28bd16-aa40-4c06-8f2f-cbc92a7b77d1/datanode-2/meta/datanode.id
2019-08-20 15:31:58,759 INFO  volume.HddsVolume (HddsVolume.java:<init>(176)) - Creating Volume: /workdir/hadoop-ozone/integration-test/target/test-dir/MiniOzoneClusterImpl-4e28bd16-aa40-4c06-8f2f-cbc92a7b77d1/datanode-3/data/containers/hdds of  storage type : DISK and capacity : 1482555576320
2019-08-20 15:31:58,759 INFO  volume.VolumeSet (VolumeSet.java:initializeVolumeSet(170)) - Added Volume : /workdir/hadoop-ozone/integration-test/target/test-dir/MiniOzoneClusterImpl-4e28bd16-aa40-4c06-8f2f-cbc92a7b77d1/datanode-3/data/containers/hdds to VolumeSet
2019-08-20 15:31:58,760 INFO  volume.ThrottledAsyncChecker (ThrottledAsyncChecker.java:schedule(140)) - Scheduling a check for org.apache.hadoop.ozone.container.common.volume.HddsVolume@1e1e837d
2019-08-20 15:31:58,760 INFO  volume.HddsVolumeChecker (HddsVolumeChecker.java:checkAllVolumes(203)) - Scheduled health check for volume org.apache.hadoop.ozone.container.common.volume.HddsVolume@1e1e837d
2019-08-20 15:31:58,774 INFO  impl.RaftServerProxy (ConfUtils.java:logGet(43)) - raft.rpc.type = GRPC (default)
2019-08-20 15:31:58,774 INFO  grpc.GrpcFactory (GrpcFactory.java:checkPooledByteBufAllocatorUseCacheForAllThreads(45)) - PERFORMANCE WARNING: useCacheForAllThreads is true that may cause Netty to create a lot garbage objects and, as a result, trigger GC.
	It is recommended to disable useCacheForAllThreads by setting -Dorg.apache.ratis.thirdparty.io.netty.allocator.useCacheForAllThreads=false in command line.
2019-08-20 15:31:58,775 INFO  grpc.GrpcConfigKeys$Server (ConfUtils.java:logGet(43)) - raft.grpc.server.port = 0 (default)
2019-08-20 15:31:58,775 INFO  server.GrpcService (ConfUtils.java:logGet(43)) - raft.grpc.message.size.max = 33570816 (custom)
2019-08-20 15:31:58,775 INFO  server.RaftServerConfigKeys (ConfUtils.java:logGet(43)) - raft.server.log.appender.buffer.byte-limit = 33554432 (custom)
2019-08-20 15:31:58,775 INFO  server.GrpcService (ConfUtils.java:logGet(43)) - raft.grpc.flow.control.window = 1MB (=1048576) (default)
2019-08-20 15:31:58,776 INFO  server.RaftServerConfigKeys (ConfUtils.java:logGet(43)) - raft.server.rpc.request.timeout = 3000ms (default)
2019-08-20 15:31:58,776 INFO  server.RaftServerConfigKeys (ConfUtils.java:logGet(43)) - raft.server.storage.dir = [/workdir/hadoop-ozone/integration-test/target/test-dir/MiniOzoneClusterImpl-4e28bd16-aa40-4c06-8f2f-cbc92a7b77d1/datanode-3/data/ratis] (custom)
2019-08-20 15:31:58,777 INFO  replication.SimpleContainerDownloader (SimpleContainerDownloader.java:<init>(72)) - Starting container downloader service to copy containers to replicate.
2019-08-20 15:31:58,778 INFO  hdfs.DFSUtil (DFSUtil.java:httpServerTemplateForNNAndJN(1641)) - Starting Web-server for hddsDatanode at: http://0.0.0.0:0
2019-08-20 15:31:58,779 INFO  server.AuthenticationFilter (AuthenticationFilter.java:constructSecretProvider(240)) - Unable to initialize FileSignerSecretProvider, falling back to use random secrets.
2019-08-20 15:31:58,779 WARN  http.HttpRequestLog (HttpRequestLog.java:getRequestLog(97)) - Jetty request log can only be enabled using Log4j
2019-08-20 15:31:58,781 INFO  http.HttpServer2 (HttpServer2.java:addGlobalFilter(975)) - Added global filter 'safety' (class=org.apache.hadoop.http.HttpServer2$QuotingInputFilter)
2019-08-20 15:31:58,781 INFO  http.HttpServer2 (HttpServer2.java:addFilter(948)) - Added filter static_user_filter (class=org.apache.hadoop.http.lib.StaticUserWebFilter$StaticUserFilter) to context hddsDatanode
2019-08-20 15:31:58,782 INFO  http.HttpServer2 (HttpServer2.java:addFilter(958)) - Added filter static_user_filter (class=org.apache.hadoop.http.lib.StaticUserWebFilter$StaticUserFilter) to context logs
2019-08-20 15:31:58,782 INFO  http.HttpServer2 (HttpServer2.java:addFilter(958)) - Added filter static_user_filter (class=org.apache.hadoop.http.lib.StaticUserWebFilter$StaticUserFilter) to context static
2019-08-20 15:31:58,782 INFO  http.HttpServer2 (HttpServer2.java:bindListener(1191)) - Jetty bound to port 42898
2019-08-20 15:31:58,783 INFO  server.Server (Server.java:doStart(351)) - jetty-9.3.24.v20180605, build timestamp: 2018-06-05T17:11:56Z, git hash: 84205aa28f11a4f31f2a3b86d1bba2cc8ab69827
2019-08-20 15:31:58,786 INFO  handler.ContextHandler (ContextHandler.java:doStart(781)) - Started o.e.j.s.ServletContextHandler@3b435211{/logs,file:///workdir/hadoop-ozone/integration-test/target/log,AVAILABLE}
2019-08-20 15:31:58,786 INFO  handler.ContextHandler (ContextHandler.java:doStart(781)) - Started o.e.j.s.ServletContextHandler@58a765ce{/static,jar:file:/home/user/.m2/repository/org/apache/hadoop/hadoop-hdds-container-service/0.5.0-SNAPSHOT/hadoop-hdds-container-service-0.5.0-SNAPSHOT.jar!/webapps/static,AVAILABLE}
2019-08-20 15:31:58,822 INFO  handler.ContextHandler (ContextHandler.java:doStart(781)) - Started o.e.j.w.WebAppContext@5d1d9d73{/,file:///tmp/jetty-0.0.0.0-42898-hddsDatanode-_-any-4573977468737133458.dir/webapp/,AVAILABLE}{/hddsDatanode}
2019-08-20 15:31:58,824 INFO  server.AbstractConnector (AbstractConnector.java:doStart(278)) - Started ServerConnector@b30a50d{HTTP/1.1,[http/1.1]}{0.0.0.0:42898}
2019-08-20 15:31:58,824 INFO  server.Server (Server.java:doStart(419)) - Started @6678ms
2019-08-20 15:31:58,825 INFO  server.BaseHttpServer (BaseHttpServer.java:updateConnectorAddress(213)) - HTTP server of HDDSDATANODE is listening at http://0.0.0.0:42898
2019-08-20 15:31:58,977 INFO  ozone.HddsDatanodeService (HddsDatanodeService.java:startPlugins(395)) - Started plug-in org.apache.hadoop.ozone.web.OzoneHddsDatanodeService@508ad266
2019-08-20 15:31:58,978 INFO  impl.MetricsSystemImpl (MetricsSystemImpl.java:init(158)) - HddsDatanode metrics system started (again)
2019-08-20 15:31:58,981 INFO  ozone.HddsDatanodeService (HddsDatanodeService.java:start(184)) - HddsDatanodeService host:pr-hdds-1879-mp8vb-189615265 ip:192.168.5.175
2019-08-20 15:31:58,982 INFO  util.JvmPauseMonitor (JvmPauseMonitor.java:run(188)) - Starting JVM pause monitor
2019-08-20 15:31:58,985 INFO  datanode.InitDatanodeState (InitDatanodeState.java:persistContainerDatanodeDetails(140)) - DatanodeDetails is persisted to /workdir/hadoop-ozone/integration-test/target/test-dir/MiniOzoneClusterImpl-4e28bd16-aa40-4c06-8f2f-cbc92a7b77d1/datanode-3/meta/datanode.id
2019-08-20 15:31:58,989 INFO  volume.HddsVolume (HddsVolume.java:<init>(176)) - Creating Volume: /workdir/hadoop-ozone/integration-test/target/test-dir/MiniOzoneClusterImpl-4e28bd16-aa40-4c06-8f2f-cbc92a7b77d1/datanode-4/data/containers/hdds of  storage type : DISK and capacity : 1482555576320
2019-08-20 15:31:58,989 INFO  volume.VolumeSet (VolumeSet.java:initializeVolumeSet(170)) - Added Volume : /workdir/hadoop-ozone/integration-test/target/test-dir/MiniOzoneClusterImpl-4e28bd16-aa40-4c06-8f2f-cbc92a7b77d1/datanode-4/data/containers/hdds to VolumeSet
2019-08-20 15:31:58,990 INFO  volume.ThrottledAsyncChecker (ThrottledAsyncChecker.java:schedule(140)) - Scheduling a check for org.apache.hadoop.ozone.container.common.volume.HddsVolume@41aebbb4
2019-08-20 15:31:58,990 INFO  volume.HddsVolumeChecker (HddsVolumeChecker.java:checkAllVolumes(203)) - Scheduled health check for volume org.apache.hadoop.ozone.container.common.volume.HddsVolume@41aebbb4
2019-08-20 15:31:59,004 INFO  impl.RaftServerProxy (ConfUtils.java:logGet(43)) - raft.rpc.type = GRPC (default)
2019-08-20 15:31:59,004 INFO  grpc.GrpcFactory (GrpcFactory.java:checkPooledByteBufAllocatorUseCacheForAllThreads(45)) - PERFORMANCE WARNING: useCacheForAllThreads is true that may cause Netty to create a lot garbage objects and, as a result, trigger GC.
	It is recommended to disable useCacheForAllThreads by setting -Dorg.apache.ratis.thirdparty.io.netty.allocator.useCacheForAllThreads=false in command line.
2019-08-20 15:31:59,004 INFO  grpc.GrpcConfigKeys$Server (ConfUtils.java:logGet(43)) - raft.grpc.server.port = 0 (default)
2019-08-20 15:31:59,004 INFO  server.GrpcService (ConfUtils.java:logGet(43)) - raft.grpc.message.size.max = 33570816 (custom)
2019-08-20 15:31:59,005 INFO  server.RaftServerConfigKeys (ConfUtils.java:logGet(43)) - raft.server.log.appender.buffer.byte-limit = 33554432 (custom)
2019-08-20 15:31:59,005 INFO  server.GrpcService (ConfUtils.java:logGet(43)) - raft.grpc.flow.control.window = 1MB (=1048576) (default)
2019-08-20 15:31:59,005 INFO  server.RaftServerConfigKeys (ConfUtils.java:logGet(43)) - raft.server.rpc.request.timeout = 3000ms (default)
2019-08-20 15:31:59,006 INFO  server.RaftServerConfigKeys (ConfUtils.java:logGet(43)) - raft.server.storage.dir = [/workdir/hadoop-ozone/integration-test/target/test-dir/MiniOzoneClusterImpl-4e28bd16-aa40-4c06-8f2f-cbc92a7b77d1/datanode-4/data/ratis] (custom)
2019-08-20 15:31:59,006 INFO  replication.SimpleContainerDownloader (SimpleContainerDownloader.java:<init>(72)) - Starting container downloader service to copy containers to replicate.
2019-08-20 15:31:59,007 INFO  hdfs.DFSUtil (DFSUtil.java:httpServerTemplateForNNAndJN(1641)) - Starting Web-server for hddsDatanode at: http://0.0.0.0:0
2019-08-20 15:31:59,008 INFO  server.AuthenticationFilter (AuthenticationFilter.java:constructSecretProvider(240)) - Unable to initialize FileSignerSecretProvider, falling back to use random secrets.
2019-08-20 15:31:59,009 WARN  http.HttpRequestLog (HttpRequestLog.java:getRequestLog(97)) - Jetty request log can only be enabled using Log4j
2019-08-20 15:31:59,010 INFO  http.HttpServer2 (HttpServer2.java:addGlobalFilter(975)) - Added global filter 'safety' (class=org.apache.hadoop.http.HttpServer2$QuotingInputFilter)
2019-08-20 15:31:59,011 INFO  http.HttpServer2 (HttpServer2.java:addFilter(948)) - Added filter static_user_filter (class=org.apache.hadoop.http.lib.StaticUserWebFilter$StaticUserFilter) to context hddsDatanode
2019-08-20 15:31:59,011 INFO  http.HttpServer2 (HttpServer2.java:addFilter(958)) - Added filter static_user_filter (class=org.apache.hadoop.http.lib.StaticUserWebFilter$StaticUserFilter) to context static
2019-08-20 15:31:59,011 INFO  http.HttpServer2 (HttpServer2.java:addFilter(958)) - Added filter static_user_filter (class=org.apache.hadoop.http.lib.StaticUserWebFilter$StaticUserFilter) to context logs
2019-08-20 15:31:59,011 INFO  http.HttpServer2 (HttpServer2.java:bindListener(1191)) - Jetty bound to port 42523
2019-08-20 15:31:59,012 INFO  server.Server (Server.java:doStart(351)) - jetty-9.3.24.v20180605, build timestamp: 2018-06-05T17:11:56Z, git hash: 84205aa28f11a4f31f2a3b86d1bba2cc8ab69827
2019-08-20 15:31:59,014 INFO  handler.ContextHandler (ContextHandler.java:doStart(781)) - Started o.e.j.s.ServletContextHandler@6d7ad0f5{/logs,file:///workdir/hadoop-ozone/integration-test/target/log,AVAILABLE}
2019-08-20 15:31:59,014 INFO  handler.ContextHandler (ContextHandler.java:doStart(781)) - Started o.e.j.s.ServletContextHandler@49a38b1{/static,jar:file:/home/user/.m2/repository/org/apache/hadoop/hadoop-hdds-container-service/0.5.0-SNAPSHOT/hadoop-hdds-container-service-0.5.0-SNAPSHOT.jar!/webapps/static,AVAILABLE}
2019-08-20 15:31:59,039 INFO  handler.ContextHandler (ContextHandler.java:doStart(781)) - Started o.e.j.w.WebAppContext@53314f76{/,file:///tmp/jetty-0.0.0.0-42523-hddsDatanode-_-any-1900877422211449951.dir/webapp/,AVAILABLE}{/hddsDatanode}
2019-08-20 15:31:59,040 INFO  server.AbstractConnector (AbstractConnector.java:doStart(278)) - Started ServerConnector@62a6674f{HTTP/1.1,[http/1.1]}{0.0.0.0:42523}
2019-08-20 15:31:59,040 INFO  server.Server (Server.java:doStart(419)) - Started @6894ms
2019-08-20 15:31:59,041 INFO  server.BaseHttpServer (BaseHttpServer.java:updateConnectorAddress(213)) - HTTP server of HDDSDATANODE is listening at http://0.0.0.0:42523
2019-08-20 15:31:59,174 INFO  ozone.HddsDatanodeService (HddsDatanodeService.java:startPlugins(395)) - Started plug-in org.apache.hadoop.ozone.web.OzoneHddsDatanodeService@58a7dc4
2019-08-20 15:31:59,174 INFO  impl.MetricsSystemImpl (MetricsSystemImpl.java:init(158)) - HddsDatanode metrics system started (again)
2019-08-20 15:31:59,178 INFO  util.JvmPauseMonitor (JvmPauseMonitor.java:run(188)) - Starting JVM pause monitor
2019-08-20 15:31:59,178 INFO  ozone.HddsDatanodeService (HddsDatanodeService.java:start(184)) - HddsDatanodeService host:pr-hdds-1879-mp8vb-189615265 ip:192.168.5.175
2019-08-20 15:31:59,181 INFO  datanode.InitDatanodeState (InitDatanodeState.java:persistContainerDatanodeDetails(140)) - DatanodeDetails is persisted to /workdir/hadoop-ozone/integration-test/target/test-dir/MiniOzoneClusterImpl-4e28bd16-aa40-4c06-8f2f-cbc92a7b77d1/datanode-4/meta/datanode.id
2019-08-20 15:31:59,186 INFO  volume.HddsVolume (HddsVolume.java:<init>(176)) - Creating Volume: /workdir/hadoop-ozone/integration-test/target/test-dir/MiniOzoneClusterImpl-4e28bd16-aa40-4c06-8f2f-cbc92a7b77d1/datanode-5/data/containers/hdds of  storage type : DISK and capacity : 1482555576320
2019-08-20 15:31:59,187 INFO  volume.VolumeSet (VolumeSet.java:initializeVolumeSet(170)) - Added Volume : /workdir/hadoop-ozone/integration-test/target/test-dir/MiniOzoneClusterImpl-4e28bd16-aa40-4c06-8f2f-cbc92a7b77d1/datanode-5/data/containers/hdds to VolumeSet
2019-08-20 15:31:59,187 INFO  volume.ThrottledAsyncChecker (ThrottledAsyncChecker.java:schedule(140)) - Scheduling a check for org.apache.hadoop.ozone.container.common.volume.HddsVolume@6562cc23
2019-08-20 15:31:59,187 INFO  volume.HddsVolumeChecker (HddsVolumeChecker.java:checkAllVolumes(203)) - Scheduled health check for volume org.apache.hadoop.ozone.container.common.volume.HddsVolume@6562cc23
2019-08-20 15:31:59,202 INFO  impl.RaftServerProxy (ConfUtils.java:logGet(43)) - raft.rpc.type = GRPC (default)
2019-08-20 15:31:59,203 INFO  grpc.GrpcFactory (GrpcFactory.java:checkPooledByteBufAllocatorUseCacheForAllThreads(45)) - PERFORMANCE WARNING: useCacheForAllThreads is true that may cause Netty to create a lot garbage objects and, as a result, trigger GC.
	It is recommended to disable useCacheForAllThreads by setting -Dorg.apache.ratis.thirdparty.io.netty.allocator.useCacheForAllThreads=false in command line.
2019-08-20 15:31:59,203 INFO  grpc.GrpcConfigKeys$Server (ConfUtils.java:logGet(43)) - raft.grpc.server.port = 0 (default)
2019-08-20 15:31:59,203 INFO  server.GrpcService (ConfUtils.java:logGet(43)) - raft.grpc.message.size.max = 33570816 (custom)
2019-08-20 15:31:59,204 INFO  server.RaftServerConfigKeys (ConfUtils.java:logGet(43)) - raft.server.log.appender.buffer.byte-limit = 33554432 (custom)
2019-08-20 15:31:59,204 INFO  server.GrpcService (ConfUtils.java:logGet(43)) - raft.grpc.flow.control.window = 1MB (=1048576) (default)
2019-08-20 15:31:59,204 INFO  server.RaftServerConfigKeys (ConfUtils.java:logGet(43)) - raft.server.rpc.request.timeout = 3000ms (default)
2019-08-20 15:31:59,205 INFO  server.RaftServerConfigKeys (ConfUtils.java:logGet(43)) - raft.server.storage.dir = [/workdir/hadoop-ozone/integration-test/target/test-dir/MiniOzoneClusterImpl-4e28bd16-aa40-4c06-8f2f-cbc92a7b77d1/datanode-5/data/ratis] (custom)
2019-08-20 15:31:59,206 INFO  replication.SimpleContainerDownloader (SimpleContainerDownloader.java:<init>(72)) - Starting container downloader service to copy containers to replicate.
2019-08-20 15:31:59,208 INFO  hdfs.DFSUtil (DFSUtil.java:httpServerTemplateForNNAndJN(1641)) - Starting Web-server for hddsDatanode at: http://0.0.0.0:0
2019-08-20 15:31:59,209 INFO  server.AuthenticationFilter (AuthenticationFilter.java:constructSecretProvider(240)) - Unable to initialize FileSignerSecretProvider, falling back to use random secrets.
2019-08-20 15:31:59,209 WARN  http.HttpRequestLog (HttpRequestLog.java:getRequestLog(97)) - Jetty request log can only be enabled using Log4j
2019-08-20 15:31:59,211 INFO  http.HttpServer2 (HttpServer2.java:addGlobalFilter(975)) - Added global filter 'safety' (class=org.apache.hadoop.http.HttpServer2$QuotingInputFilter)
2019-08-20 15:31:59,211 INFO  http.HttpServer2 (HttpServer2.java:addFilter(948)) - Added filter static_user_filter (class=org.apache.hadoop.http.lib.StaticUserWebFilter$StaticUserFilter) to context hddsDatanode
2019-08-20 15:31:59,212 INFO  http.HttpServer2 (HttpServer2.java:addFilter(958)) - Added filter static_user_filter (class=org.apache.hadoop.http.lib.StaticUserWebFilter$StaticUserFilter) to context logs
2019-08-20 15:31:59,212 INFO  http.HttpServer2 (HttpServer2.java:addFilter(958)) - Added filter static_user_filter (class=org.apache.hadoop.http.lib.StaticUserWebFilter$StaticUserFilter) to context static
2019-08-20 15:31:59,212 INFO  http.HttpServer2 (HttpServer2.java:bindListener(1191)) - Jetty bound to port 36348
2019-08-20 15:31:59,213 INFO  server.Server (Server.java:doStart(351)) - jetty-9.3.24.v20180605, build timestamp: 2018-06-05T17:11:56Z, git hash: 84205aa28f11a4f31f2a3b86d1bba2cc8ab69827
2019-08-20 15:31:59,214 INFO  handler.ContextHandler (ContextHandler.java:doStart(781)) - Started o.e.j.s.ServletContextHandler@70be89ec{/logs,file:///workdir/hadoop-ozone/integration-test/target/log,AVAILABLE}
2019-08-20 15:31:59,215 INFO  handler.ContextHandler (ContextHandler.java:doStart(781)) - Started o.e.j.s.ServletContextHandler@19a5b637{/static,jar:file:/home/user/.m2/repository/org/apache/hadoop/hadoop-hdds-container-service/0.5.0-SNAPSHOT/hadoop-hdds-container-service-0.5.0-SNAPSHOT.jar!/webapps/static,AVAILABLE}
2019-08-20 15:31:59,242 INFO  handler.ContextHandler (ContextHandler.java:doStart(781)) - Started o.e.j.w.WebAppContext@1ecf0ac6{/,file:///tmp/jetty-0.0.0.0-36348-hddsDatanode-_-any-1285857733590906776.dir/webapp/,AVAILABLE}{/hddsDatanode}
2019-08-20 15:31:59,242 INFO  server.AbstractConnector (AbstractConnector.java:doStart(278)) - Started ServerConnector@458031da{HTTP/1.1,[http/1.1]}{0.0.0.0:36348}
2019-08-20 15:31:59,244 INFO  server.Server (Server.java:doStart(419)) - Started @7098ms
2019-08-20 15:31:59,245 INFO  server.BaseHttpServer (BaseHttpServer.java:updateConnectorAddress(213)) - HTTP server of HDDSDATANODE is listening at http://0.0.0.0:36348
2019-08-20 15:31:59,383 INFO  ozone.HddsDatanodeService (HddsDatanodeService.java:startPlugins(395)) - Started plug-in org.apache.hadoop.ozone.web.OzoneHddsDatanodeService@426c0486
2019-08-20 15:31:59,384 INFO  impl.MetricsSystemImpl (MetricsSystemImpl.java:init(158)) - HddsDatanode metrics system started (again)
2019-08-20 15:31:59,388 INFO  ozone.HddsDatanodeService (HddsDatanodeService.java:start(184)) - HddsDatanodeService host:pr-hdds-1879-mp8vb-189615265 ip:192.168.5.175
2019-08-20 15:31:59,388 INFO  util.JvmPauseMonitor (JvmPauseMonitor.java:run(188)) - Starting JVM pause monitor
2019-08-20 15:31:59,390 INFO  datanode.InitDatanodeState (InitDatanodeState.java:persistContainerDatanodeDetails(140)) - DatanodeDetails is persisted to /workdir/hadoop-ozone/integration-test/target/test-dir/MiniOzoneClusterImpl-4e28bd16-aa40-4c06-8f2f-cbc92a7b77d1/datanode-5/meta/datanode.id
2019-08-20 15:31:59,396 INFO  volume.HddsVolume (HddsVolume.java:<init>(176)) - Creating Volume: /workdir/hadoop-ozone/integration-test/target/test-dir/MiniOzoneClusterImpl-4e28bd16-aa40-4c06-8f2f-cbc92a7b77d1/datanode-6/data/containers/hdds of  storage type : DISK and capacity : 1482555576320
2019-08-20 15:31:59,396 INFO  volume.VolumeSet (VolumeSet.java:initializeVolumeSet(170)) - Added Volume : /workdir/hadoop-ozone/integration-test/target/test-dir/MiniOzoneClusterImpl-4e28bd16-aa40-4c06-8f2f-cbc92a7b77d1/datanode-6/data/containers/hdds to VolumeSet
2019-08-20 15:31:59,396 INFO  volume.ThrottledAsyncChecker (ThrottledAsyncChecker.java:schedule(140)) - Scheduling a check for org.apache.hadoop.ozone.container.common.volume.HddsVolume@59918c8f
2019-08-20 15:31:59,397 INFO  volume.HddsVolumeChecker (HddsVolumeChecker.java:checkAllVolumes(203)) - Scheduled health check for volume org.apache.hadoop.ozone.container.common.volume.HddsVolume@59918c8f
2019-08-20 15:31:59,415 INFO  impl.RaftServerProxy (ConfUtils.java:logGet(43)) - raft.rpc.type = GRPC (default)
2019-08-20 15:31:59,415 INFO  grpc.GrpcFactory (GrpcFactory.java:checkPooledByteBufAllocatorUseCacheForAllThreads(45)) - PERFORMANCE WARNING: useCacheForAllThreads is true that may cause Netty to create a lot garbage objects and, as a result, trigger GC.
	It is recommended to disable useCacheForAllThreads by setting -Dorg.apache.ratis.thirdparty.io.netty.allocator.useCacheForAllThreads=false in command line.
2019-08-20 15:31:59,416 INFO  grpc.GrpcConfigKeys$Server (ConfUtils.java:logGet(43)) - raft.grpc.server.port = 0 (default)
2019-08-20 15:31:59,416 INFO  server.GrpcService (ConfUtils.java:logGet(43)) - raft.grpc.message.size.max = 33570816 (custom)
2019-08-20 15:31:59,416 INFO  server.RaftServerConfigKeys (ConfUtils.java:logGet(43)) - raft.server.log.appender.buffer.byte-limit = 33554432 (custom)
2019-08-20 15:31:59,416 INFO  server.GrpcService (ConfUtils.java:logGet(43)) - raft.grpc.flow.control.window = 1MB (=1048576) (default)
2019-08-20 15:31:59,417 INFO  server.RaftServerConfigKeys (ConfUtils.java:logGet(43)) - raft.server.rpc.request.timeout = 3000ms (default)
2019-08-20 15:31:59,418 INFO  server.RaftServerConfigKeys (ConfUtils.java:logGet(43)) - raft.server.storage.dir = [/workdir/hadoop-ozone/integration-test/target/test-dir/MiniOzoneClusterImpl-4e28bd16-aa40-4c06-8f2f-cbc92a7b77d1/datanode-6/data/ratis] (custom)
2019-08-20 15:31:59,418 INFO  replication.SimpleContainerDownloader (SimpleContainerDownloader.java:<init>(72)) - Starting container downloader service to copy containers to replicate.
2019-08-20 15:31:59,420 INFO  hdfs.DFSUtil (DFSUtil.java:httpServerTemplateForNNAndJN(1641)) - Starting Web-server for hddsDatanode at: http://0.0.0.0:0
2019-08-20 15:31:59,421 INFO  server.AuthenticationFilter (AuthenticationFilter.java:constructSecretProvider(240)) - Unable to initialize FileSignerSecretProvider, falling back to use random secrets.
2019-08-20 15:31:59,422 WARN  http.HttpRequestLog (HttpRequestLog.java:getRequestLog(97)) - Jetty request log can only be enabled using Log4j
2019-08-20 15:31:59,424 INFO  http.HttpServer2 (HttpServer2.java:addGlobalFilter(975)) - Added global filter 'safety' (class=org.apache.hadoop.http.HttpServer2$QuotingInputFilter)
2019-08-20 15:31:59,425 INFO  http.HttpServer2 (HttpServer2.java:addFilter(948)) - Added filter static_user_filter (class=org.apache.hadoop.http.lib.StaticUserWebFilter$StaticUserFilter) to context hddsDatanode
2019-08-20 15:31:59,425 INFO  http.HttpServer2 (HttpServer2.java:addFilter(958)) - Added filter static_user_filter (class=org.apache.hadoop.http.lib.StaticUserWebFilter$StaticUserFilter) to context static
2019-08-20 15:31:59,425 INFO  http.HttpServer2 (HttpServer2.java:addFilter(958)) - Added filter static_user_filter (class=org.apache.hadoop.http.lib.StaticUserWebFilter$StaticUserFilter) to context logs
2019-08-20 15:31:59,426 INFO  http.HttpServer2 (HttpServer2.java:bindListener(1191)) - Jetty bound to port 46100
2019-08-20 15:31:59,426 INFO  server.Server (Server.java:doStart(351)) - jetty-9.3.24.v20180605, build timestamp: 2018-06-05T17:11:56Z, git hash: 84205aa28f11a4f31f2a3b86d1bba2cc8ab69827
2019-08-20 15:31:59,429 INFO  handler.ContextHandler (ContextHandler.java:doStart(781)) - Started o.e.j.s.ServletContextHandler@6afbe6a1{/logs,file:///workdir/hadoop-ozone/integration-test/target/log,AVAILABLE}
2019-08-20 15:31:59,429 INFO  handler.ContextHandler (ContextHandler.java:doStart(781)) - Started o.e.j.s.ServletContextHandler@48567727{/static,jar:file:/home/user/.m2/repository/org/apache/hadoop/hadoop-hdds-container-service/0.5.0-SNAPSHOT/hadoop-hdds-container-service-0.5.0-SNAPSHOT.jar!/webapps/static,AVAILABLE}
2019-08-20 15:31:59,513 INFO  handler.ContextHandler (ContextHandler.java:doStart(781)) - Started o.e.j.w.WebAppContext@4ae8fb2a{/,file:///tmp/jetty-0.0.0.0-46100-hddsDatanode-_-any-364546962185661544.dir/webapp/,AVAILABLE}{/hddsDatanode}
2019-08-20 15:31:59,515 INFO  server.AbstractConnector (AbstractConnector.java:doStart(278)) - Started ServerConnector@54326e9{HTTP/1.1,[http/1.1]}{0.0.0.0:46100}
2019-08-20 15:31:59,515 INFO  server.Server (Server.java:doStart(419)) - Started @7369ms
2019-08-20 15:31:59,518 INFO  server.BaseHttpServer (BaseHttpServer.java:updateConnectorAddress(213)) - HTTP server of HDDSDATANODE is listening at http://0.0.0.0:46100
2019-08-20 15:31:59,681 INFO  ozone.HddsDatanodeService (HddsDatanodeService.java:startPlugins(395)) - Started plug-in org.apache.hadoop.ozone.web.OzoneHddsDatanodeService@240a2619
2019-08-20 15:31:59,684 INFO  ozone.MiniOzoneClusterImpl (MiniOzoneClusterImpl.java:lambda$waitForClusterToBeReady$0(142)) - Waiting for cluster to be ready. Got 0 of 7 DN Heartbeats.
2019-08-20 15:31:59,685 INFO  util.JvmPauseMonitor (JvmPauseMonitor.java:run(188)) - Starting JVM pause monitor
2019-08-20 15:31:59,687 INFO  datanode.InitDatanodeState (InitDatanodeState.java:persistContainerDatanodeDetails(140)) - DatanodeDetails is persisted to /workdir/hadoop-ozone/integration-test/target/test-dir/MiniOzoneClusterImpl-4e28bd16-aa40-4c06-8f2f-cbc92a7b77d1/datanode-6/meta/datanode.id
2019-08-20 15:32:00,276 INFO  ozoneimpl.OzoneContainer (OzoneContainer.java:start(186)) - Attempting to start container services.
2019-08-20 15:32:00,278 INFO  ozoneimpl.OzoneContainer (OzoneContainer.java:startContainerScrub(160)) - Background container scrubber has been disabled by hdds.containerscrub.enabled
2019-08-20 15:32:00,278 INFO  ratis.XceiverServerRatis (XceiverServerRatis.java:start(404)) - Starting XceiverServerRatis f1640d0e-af93-4f84-a81b-d62e5135c470 at port 0
2019-08-20 15:32:00,297 INFO  impl.RaftServerProxy (RaftServerProxy.java:lambda$start$3(299)) - f1640d0e-af93-4f84-a81b-d62e5135c470: start RPC server
2019-08-20 15:32:00,416 INFO  server.GrpcService (GrpcService.java:startImpl(149)) - f1640d0e-af93-4f84-a81b-d62e5135c470: GrpcService started, listening on 0.0.0.0/0.0.0.0:37991
2019-08-20 15:32:00,418 INFO  ratis.XceiverServerRatis (XceiverServerRatis.java:start(414)) - XceiverServerRatis f1640d0e-af93-4f84-a81b-d62e5135c470 is started using port 37991
2019-08-20 15:32:00,420 INFO  server.XceiverServerGrpc (XceiverServerGrpc.java:start(161)) - XceiverServerGrpc f1640d0e-af93-4f84-a81b-d62e5135c470 is started using port 41188
2019-08-20 15:32:00,518 INFO  ozoneimpl.OzoneContainer (OzoneContainer.java:start(186)) - Attempting to start container services.
2019-08-20 15:32:00,520 INFO  ozoneimpl.OzoneContainer (OzoneContainer.java:startContainerScrub(160)) - Background container scrubber has been disabled by hdds.containerscrub.enabled
2019-08-20 15:32:00,520 INFO  ratis.XceiverServerRatis (XceiverServerRatis.java:start(404)) - Starting XceiverServerRatis 355e8bf2-f896-46b6-975e-86d7b5057142 at port 0
2019-08-20 15:32:00,528 INFO  impl.RaftServerProxy (RaftServerProxy.java:lambda$start$3(299)) - 355e8bf2-f896-46b6-975e-86d7b5057142: start RPC server
2019-08-20 15:32:00,531 INFO  server.GrpcService (GrpcService.java:startImpl(149)) - 355e8bf2-f896-46b6-975e-86d7b5057142: GrpcService started, listening on 0.0.0.0/0.0.0.0:35523
2019-08-20 15:32:00,532 INFO  ratis.XceiverServerRatis (XceiverServerRatis.java:start(414)) - XceiverServerRatis 355e8bf2-f896-46b6-975e-86d7b5057142 is started using port 35523
2019-08-20 15:32:00,534 INFO  server.XceiverServerGrpc (XceiverServerGrpc.java:start(161)) - XceiverServerGrpc 355e8bf2-f896-46b6-975e-86d7b5057142 is started using port 41260
2019-08-20 15:32:00,684 INFO  ozone.MiniOzoneClusterImpl (MiniOzoneClusterImpl.java:lambda$waitForClusterToBeReady$0(142)) - Waiting for cluster to be ready. Got 0 of 7 DN Heartbeats.
2019-08-20 15:32:00,769 INFO  ozoneimpl.OzoneContainer (OzoneContainer.java:start(186)) - Attempting to start container services.
2019-08-20 15:32:00,774 INFO  ozoneimpl.OzoneContainer (OzoneContainer.java:startContainerScrub(160)) - Background container scrubber has been disabled by hdds.containerscrub.enabled
2019-08-20 15:32:00,775 INFO  ratis.XceiverServerRatis (XceiverServerRatis.java:start(404)) - Starting XceiverServerRatis add14dfc-372b-471a-b721-7c60032bca35 at port 0
2019-08-20 15:32:00,782 INFO  impl.RaftServerProxy (RaftServerProxy.java:lambda$start$3(299)) - add14dfc-372b-471a-b721-7c60032bca35: start RPC server
2019-08-20 15:32:00,785 INFO  server.GrpcService (GrpcService.java:startImpl(149)) - add14dfc-372b-471a-b721-7c60032bca35: GrpcService started, listening on 0.0.0.0/0.0.0.0:42877
2019-08-20 15:32:00,785 INFO  ratis.XceiverServerRatis (XceiverServerRatis.java:start(414)) - XceiverServerRatis add14dfc-372b-471a-b721-7c60032bca35 is started using port 42877
2019-08-20 15:32:00,788 INFO  server.XceiverServerGrpc (XceiverServerGrpc.java:start(161)) - XceiverServerGrpc add14dfc-372b-471a-b721-7c60032bca35 is started using port 37861
2019-08-20 15:32:00,999 INFO  ozoneimpl.OzoneContainer (OzoneContainer.java:start(186)) - Attempting to start container services.
2019-08-20 15:32:00,999 INFO  ozoneimpl.OzoneContainer (OzoneContainer.java:startContainerScrub(160)) - Background container scrubber has been disabled by hdds.containerscrub.enabled
2019-08-20 15:32:00,999 INFO  ratis.XceiverServerRatis (XceiverServerRatis.java:start(404)) - Starting XceiverServerRatis 68a06dc7-23c8-4ea6-8753-852ac4572228 at port 0
2019-08-20 15:32:01,008 INFO  impl.RaftServerProxy (RaftServerProxy.java:lambda$start$3(299)) - 68a06dc7-23c8-4ea6-8753-852ac4572228: start RPC server
2019-08-20 15:32:01,012 INFO  server.GrpcService (GrpcService.java:startImpl(149)) - 68a06dc7-23c8-4ea6-8753-852ac4572228: GrpcService started, listening on 0.0.0.0/0.0.0.0:36868
2019-08-20 15:32:01,013 INFO  ratis.XceiverServerRatis (XceiverServerRatis.java:start(414)) - XceiverServerRatis 68a06dc7-23c8-4ea6-8753-852ac4572228 is started using port 36868
2019-08-20 15:32:01,015 INFO  server.XceiverServerGrpc (XceiverServerGrpc.java:start(161)) - XceiverServerGrpc 68a06dc7-23c8-4ea6-8753-852ac4572228 is started using port 35268
2019-08-20 15:32:01,196 INFO  ozoneimpl.OzoneContainer (OzoneContainer.java:start(186)) - Attempting to start container services.
2019-08-20 15:32:01,196 INFO  ozoneimpl.OzoneContainer (OzoneContainer.java:startContainerScrub(160)) - Background container scrubber has been disabled by hdds.containerscrub.enabled
2019-08-20 15:32:01,197 INFO  ratis.XceiverServerRatis (XceiverServerRatis.java:start(404)) - Starting XceiverServerRatis fba1c820-9e7e-4e1f-a170-cb4ae6d3abd6 at port 0
2019-08-20 15:32:01,205 INFO  impl.RaftServerProxy (RaftServerProxy.java:lambda$start$3(299)) - fba1c820-9e7e-4e1f-a170-cb4ae6d3abd6: start RPC server
2019-08-20 15:32:01,209 INFO  server.GrpcService (GrpcService.java:startImpl(149)) - fba1c820-9e7e-4e1f-a170-cb4ae6d3abd6: GrpcService started, listening on 0.0.0.0/0.0.0.0:35368
2019-08-20 15:32:01,209 INFO  ratis.XceiverServerRatis (XceiverServerRatis.java:start(414)) - XceiverServerRatis fba1c820-9e7e-4e1f-a170-cb4ae6d3abd6 is started using port 35368
2019-08-20 15:32:01,212 INFO  server.XceiverServerGrpc (XceiverServerGrpc.java:start(161)) - XceiverServerGrpc fba1c820-9e7e-4e1f-a170-cb4ae6d3abd6 is started using port 39365
2019-08-20 15:32:01,407 INFO  ozoneimpl.OzoneContainer (OzoneContainer.java:start(186)) - Attempting to start container services.
2019-08-20 15:32:01,407 INFO  ozoneimpl.OzoneContainer (OzoneContainer.java:startContainerScrub(160)) - Background container scrubber has been disabled by hdds.containerscrub.enabled
2019-08-20 15:32:01,407 INFO  ratis.XceiverServerRatis (XceiverServerRatis.java:start(404)) - Starting XceiverServerRatis 0737f457-24f0-4bf4-893e-7f10574b9869 at port 0
2019-08-20 15:32:01,414 INFO  impl.RaftServerProxy (RaftServerProxy.java:lambda$start$3(299)) - 0737f457-24f0-4bf4-893e-7f10574b9869: start RPC server
2019-08-20 15:32:01,419 INFO  server.GrpcService (GrpcService.java:startImpl(149)) - 0737f457-24f0-4bf4-893e-7f10574b9869: GrpcService started, listening on 0.0.0.0/0.0.0.0:33459
2019-08-20 15:32:01,419 INFO  ratis.XceiverServerRatis (XceiverServerRatis.java:start(414)) - XceiverServerRatis 0737f457-24f0-4bf4-893e-7f10574b9869 is started using port 33459
2019-08-20 15:32:01,423 INFO  server.XceiverServerGrpc (XceiverServerGrpc.java:start(161)) - XceiverServerGrpc 0737f457-24f0-4bf4-893e-7f10574b9869 is started using port 37384
2019-08-20 15:32:01,685 INFO  ozone.MiniOzoneClusterImpl (MiniOzoneClusterImpl.java:lambda$waitForClusterToBeReady$0(142)) - Waiting for cluster to be ready. Got 0 of 7 DN Heartbeats.
2019-08-20 15:32:01,702 INFO  ozoneimpl.OzoneContainer (OzoneContainer.java:start(186)) - Attempting to start container services.
2019-08-20 15:32:01,702 INFO  ozoneimpl.OzoneContainer (OzoneContainer.java:startContainerScrub(160)) - Background container scrubber has been disabled by hdds.containerscrub.enabled
2019-08-20 15:32:01,703 INFO  ratis.XceiverServerRatis (XceiverServerRatis.java:start(404)) - Starting XceiverServerRatis 83587b57-23c3-472d-a9db-c66327d21260 at port 0
2019-08-20 15:32:01,710 INFO  impl.RaftServerProxy (RaftServerProxy.java:lambda$start$3(299)) - 83587b57-23c3-472d-a9db-c66327d21260: start RPC server
2019-08-20 15:32:01,715 INFO  server.GrpcService (GrpcService.java:startImpl(149)) - 83587b57-23c3-472d-a9db-c66327d21260: GrpcService started, listening on 0.0.0.0/0.0.0.0:44905
2019-08-20 15:32:01,716 INFO  ratis.XceiverServerRatis (XceiverServerRatis.java:start(414)) - XceiverServerRatis 83587b57-23c3-472d-a9db-c66327d21260 is started using port 44905
2019-08-20 15:32:01,720 INFO  server.XceiverServerGrpc (XceiverServerGrpc.java:start(161)) - XceiverServerGrpc 83587b57-23c3-472d-a9db-c66327d21260 is started using port 36283
2019-08-20 15:32:02,274 INFO  net.NetworkTopology (NetworkTopologyImpl.java:add(110)) - Added a new node: /default-rack/f1640d0e-af93-4f84-a81b-d62e5135c470
2019-08-20 15:32:02,275 INFO  node.SCMNodeManager (SCMNodeManager.java:register(273)) - Registered Data node : f1640d0e-af93-4f84-a81b-d62e5135c470{ip: 192.168.5.175, host: pr-hdds-1879-mp8vb-189615265, networkLocation: /default-rack, certSerialId: null}
2019-08-20 15:32:02,281 INFO  safemode.SCMSafeModeManager (DataNodeSafeModeRule.java:process(71)) - SCM in safe mode. 1 DataNodes registered, 1 required.
2019-08-20 15:32:02,281 INFO  safemode.SCMSafeModeManager (SCMSafeModeManager.java:validateSafeModeExitRules(177)) - ScmSafeModeManager, all rules are successfully validated
2019-08-20 15:32:02,281 INFO  safemode.SCMSafeModeManager (SCMSafeModeManager.java:exitSafeMode(193)) - SCM exiting safe mode.
2019-08-20 15:32:02,511 INFO  net.NetworkTopology (NetworkTopologyImpl.java:add(110)) - Added a new node: /default-rack/355e8bf2-f896-46b6-975e-86d7b5057142
2019-08-20 15:32:02,512 INFO  node.SCMNodeManager (SCMNodeManager.java:register(273)) - Registered Data node : 355e8bf2-f896-46b6-975e-86d7b5057142{ip: 192.168.5.175, host: pr-hdds-1879-mp8vb-189615265, networkLocation: /default-rack, certSerialId: null}
2019-08-20 15:32:02,687 INFO  ozone.MiniOzoneClusterImpl (MiniOzoneClusterImpl.java:lambda$waitForClusterToBeReady$0(142)) - Waiting for cluster to be ready. Got 2 of 7 DN Heartbeats.
2019-08-20 15:32:02,756 INFO  net.NetworkTopology (NetworkTopologyImpl.java:add(110)) - Added a new node: /default-rack/add14dfc-372b-471a-b721-7c60032bca35
2019-08-20 15:32:02,757 INFO  node.SCMNodeManager (SCMNodeManager.java:register(273)) - Registered Data node : add14dfc-372b-471a-b721-7c60032bca35{ip: 192.168.5.175, host: pr-hdds-1879-mp8vb-189615265, networkLocation: /default-rack, certSerialId: null}
2019-08-20 15:32:03,165 INFO  net.NetworkTopology (NetworkTopologyImpl.java:add(110)) - Added a new node: /default-rack/68a06dc7-23c8-4ea6-8753-852ac4572228
2019-08-20 15:32:03,166 INFO  node.SCMNodeManager (SCMNodeManager.java:register(273)) - Registered Data node : 68a06dc7-23c8-4ea6-8753-852ac4572228{ip: 192.168.5.175, host: pr-hdds-1879-mp8vb-189615265, networkLocation: /default-rack, certSerialId: null}
2019-08-20 15:32:03,181 INFO  net.NetworkTopology (NetworkTopologyImpl.java:add(110)) - Added a new node: /default-rack/fba1c820-9e7e-4e1f-a170-cb4ae6d3abd6
2019-08-20 15:32:03,181 INFO  node.SCMNodeManager (SCMNodeManager.java:register(273)) - Registered Data node : fba1c820-9e7e-4e1f-a170-cb4ae6d3abd6{ip: 192.168.5.175, host: pr-hdds-1879-mp8vb-189615265, networkLocation: /default-rack, certSerialId: null}
2019-08-20 15:32:03,182 INFO  impl.RaftServerProxy (RaftServerProxy.java:addNew(89)) - f1640d0e-af93-4f84-a81b-d62e5135c470: addNew group-8CDE37EF3FDB:[f1640d0e-af93-4f84-a81b-d62e5135c470:192.168.5.175:37991] returns group-8CDE37EF3FDB:java.util.concurrent.CompletableFuture@72bdcfef[Not completed]
2019-08-20 15:32:03,207 INFO  impl.RaftServerImpl (RaftServerImpl.java:<init>(93)) - f1640d0e-af93-4f84-a81b-d62e5135c470: new RaftServerImpl for group-8CDE37EF3FDB:[f1640d0e-af93-4f84-a81b-d62e5135c470:192.168.5.175:37991] with ContainerStateMachine:uninitialized
2019-08-20 15:32:03,210 INFO  server.RaftServerConfigKeys (ConfUtils.java:logGet(43)) - raft.server.rpc.timeout.min = 5s (custom)
2019-08-20 15:32:03,211 INFO  server.RaftServerConfigKeys (ConfUtils.java:logGet(43)) - raft.server.rpc.timeout.max = 5200ms (custom)
2019-08-20 15:32:03,211 INFO  server.RaftServerConfigKeys (ConfUtils.java:logGet(43)) - raft.server.rpcslowness.timeout = 120s (custom)
2019-08-20 15:32:03,212 INFO  server.RaftServerConfigKeys (ConfUtils.java:logGet(43)) - raft.server.sleep.deviation.threshold = 300 (default)
2019-08-20 15:32:03,213 INFO  server.RaftServerConfigKeys (ConfUtils.java:logGet(43)) - raft.server.log.appender.install.snapshot.enabled = false (custom)
2019-08-20 15:32:03,224 INFO  impl.RaftServerImpl (ServerState.java:<init>(105)) - f1640d0e-af93-4f84-a81b-d62e5135c470:group-8CDE37EF3FDB ConfigurationManager, init=-1: [f1640d0e-af93-4f84-a81b-d62e5135c470:192.168.5.175:37991], old=null, confs=<EMPTY_MAP>
2019-08-20 15:32:03,225 INFO  server.RaftServerConfigKeys (ConfUtils.java:logGet(43)) - raft.server.storage.dir = [/workdir/hadoop-ozone/integration-test/target/test-dir/MiniOzoneClusterImpl-4e28bd16-aa40-4c06-8f2f-cbc92a7b77d1/datanode-0/data/ratis] (custom)
2019-08-20 15:32:03,235 INFO  storage.RaftStorageDirectory (RaftStorageDirectory.java:analyzeStorage(246)) - The storage directory /workdir/hadoop-ozone/integration-test/target/test-dir/MiniOzoneClusterImpl-4e28bd16-aa40-4c06-8f2f-cbc92a7b77d1/datanode-0/data/ratis/d8406a1e-94ff-4735-ab60-8cde37ef3fdb does not exist. Creating ...
2019-08-20 15:32:03,254 INFO  storage.RaftStorageDirectory (RaftStorageDirectory.java:tryLock(328)) - Lock on /workdir/hadoop-ozone/integration-test/target/test-dir/MiniOzoneClusterImpl-4e28bd16-aa40-4c06-8f2f-cbc92a7b77d1/datanode-0/data/ratis/d8406a1e-94ff-4735-ab60-8cde37ef3fdb/in_use.lock acquired by nodename 29188@pr-hdds-1879-mp8vb-189615265
2019-08-20 15:32:03,271 INFO  storage.RaftStorage (RaftStorage.java:format(72)) - Storage directory /workdir/hadoop-ozone/integration-test/target/test-dir/MiniOzoneClusterImpl-4e28bd16-aa40-4c06-8f2f-cbc92a7b77d1/datanode-0/data/ratis/d8406a1e-94ff-4735-ab60-8cde37ef3fdb has been successfully formatted.
2019-08-20 15:32:03,274 INFO  ratis.ContainerStateMachine (ContainerStateMachine.java:loadSnapshot(223)) - group-8CDE37EF3FDB: The snapshot info is null. Setting the last applied indexto:(t:0, i:~)
2019-08-20 15:32:03,274 INFO  server.RaftServerConfigKeys (ConfUtils.java:logGet(43)) - raft.server.leader.election.timeout = 120s (custom)
2019-08-20 15:32:03,277 INFO  server.RaftServerConfigKeys (ConfUtils.java:logGet(43)) - raft.server.log.use.memory = false (default)
2019-08-20 15:32:03,285 INFO  server.RaftServerConfigKeys (ConfUtils.java:logGet(43)) - raft.server.log.purge.gap = 1000000000 (custom)
2019-08-20 15:32:03,286 INFO  server.RaftServerConfigKeys (ConfUtils.java:logGet(43)) - raft.server.log.appender.buffer.byte-limit = 33554432 (custom)
2019-08-20 15:32:03,288 INFO  server.RaftServerConfigKeys (ConfUtils.java:logGet(43)) - raft.server.log.segment.size.max = 1048576 (custom)
2019-08-20 15:32:03,294 INFO  server.RaftServerConfigKeys (ConfUtils.java:logGet(43)) - raft.server.log.segment.cache.num.max = 2 (custom)
2019-08-20 15:32:03,302 INFO  segmented.SegmentedRaftLogWorker (SegmentedRaftLogWorker.java:<init>(172)) - new f1640d0e-af93-4f84-a81b-d62e5135c470-SegmentedRaftLogWorker:Storage Directory /workdir/hadoop-ozone/integration-test/target/test-dir/MiniOzoneClusterImpl-4e28bd16-aa40-4c06-8f2f-cbc92a7b77d1/datanode-0/data/ratis/d8406a1e-94ff-4735-ab60-8cde37ef3fdb for RaftStorage:Storage Directory /workdir/hadoop-ozone/integration-test/target/test-dir/MiniOzoneClusterImpl-4e28bd16-aa40-4c06-8f2f-cbc92a7b77d1/datanode-0/data/ratis/d8406a1e-94ff-4735-ab60-8cde37ef3fdb
2019-08-20 15:32:03,317 INFO  server.RaftServerConfigKeys (ConfUtils.java:logGet(43)) - raft.server.log.queue.byte-limit = 2147483647 (custom)
2019-08-20 15:32:03,318 INFO  server.RaftServerConfigKeys (ConfUtils.java:logGet(43)) - raft.server.log.queue.element-limit = 1024 (custom)
2019-08-20 15:32:03,324 INFO  server.RaftServerConfigKeys (ConfUtils.java:logGet(43)) - raft.server.log.segment.size.max = 1048576 (custom)
2019-08-20 15:32:03,324 INFO  server.RaftServerConfigKeys (ConfUtils.java:logGet(43)) - raft.server.log.preallocated.size = 16384 (custom)
2019-08-20 15:32:03,325 INFO  server.RaftServerConfigKeys (ConfUtils.java:logGet(43)) - raft.server.log.write.buffer.size = 33554432 (custom)
2019-08-20 15:32:03,326 INFO  server.RaftServerConfigKeys (ConfUtils.java:logGet(43)) - raft.server.log.force.sync.num = 128 (default)
2019-08-20 15:32:03,327 INFO  server.RaftServerConfigKeys (ConfUtils.java:logGet(43)) - raft.server.log.statemachine.data.sync = true (default)
2019-08-20 15:32:03,327 INFO  server.RaftServerConfigKeys (ConfUtils.java:logGet(43)) - raft.server.log.statemachine.data.sync.timeout = 10s (default)
2019-08-20 15:32:03,328 INFO  server.RaftServerConfigKeys (ConfUtils.java:logGet(43)) - raft.server.log.statemachine.data.sync.timeout.retry = -1 (default)
2019-08-20 15:32:03,338 INFO  server.RaftServerConfigKeys (ConfUtils.java:logGet(43)) - raft.server.log.statemachine.data.caching.enabled = true (custom)
2019-08-20 15:32:03,343 INFO  segmented.SegmentedRaftLogWorker (SegmentedRaftLogWorker.java:lambda$new$0(132)) - f1640d0e-af93-4f84-a81b-d62e5135c470-SegmentedRaftLogWorker:Storage Directory /workdir/hadoop-ozone/integration-test/target/test-dir/MiniOzoneClusterImpl-4e28bd16-aa40-4c06-8f2f-cbc92a7b77d1/datanode-0/data/ratis/d8406a1e-94ff-4735-ab60-8cde37ef3fdb: flushIndex: setUnconditionally 0 -> -1
2019-08-20 15:32:03,347 INFO  server.RaftServerConfigKeys (ConfUtils.java:logGet(43)) - raft.server.snapshot.auto.trigger.enabled = true (custom)
2019-08-20 15:32:03,348 INFO  server.RaftServerConfigKeys (ConfUtils.java:logGet(43)) - raft.server.snapshot.auto.trigger.threshold = 10000 (custom)
2019-08-20 15:32:03,349 INFO  server.RaftServerConfigKeys (ConfUtils.java:logGet(43)) - raft.server.retrycache.expirytime = 600000ms (custom)
2019-08-20 15:32:03,369 INFO  impl.RaftServerImpl (RaftServerImpl.java:start(180)) - f1640d0e-af93-4f84-a81b-d62e5135c470: start group-8CDE37EF3FDB
2019-08-20 15:32:03,370 INFO  impl.RaftServerImpl (RaftServerImpl.java:setRole(171)) - f1640d0e-af93-4f84-a81b-d62e5135c470:group-8CDE37EF3FDB changes role from null to FOLLOWER at term 0 for startAsFollower
2019-08-20 15:32:03,371 INFO  impl.RoleInfo (RoleInfo.java:updateAndGet(143)) - f1640d0e-af93-4f84-a81b-d62e5135c470: start FollowerState
2019-08-20 15:32:03,373 INFO  util.JmxRegister (JmxRegister.java:tryRegister(44)) - Successfully registered JMX Bean with object name Ratis:service=RaftServer,group=group-8CDE37EF3FDB,id=f1640d0e-af93-4f84-a81b-d62e5135c470
2019-08-20 15:32:03,393 INFO  net.NetworkTopology (NetworkTopologyImpl.java:add(110)) - Added a new node: /default-rack/0737f457-24f0-4bf4-893e-7f10574b9869
2019-08-20 15:32:03,397 INFO  node.SCMNodeManager (SCMNodeManager.java:register(273)) - Registered Data node : 0737f457-24f0-4bf4-893e-7f10574b9869{ip: 192.168.5.175, host: pr-hdds-1879-mp8vb-189615265, networkLocation: /default-rack, certSerialId: null}
2019-08-20 15:32:03,442 INFO  pipeline.PipelineStateManager (PipelineStateManager.java:addPipeline(56)) - Created pipeline Pipeline[ Id: d8406a1e-94ff-4735-ab60-8cde37ef3fdb, Nodes: f1640d0e-af93-4f84-a81b-d62e5135c470{ip: 192.168.5.175, host: pr-hdds-1879-mp8vb-189615265, networkLocation: /default-rack, certSerialId: null}, Type:RATIS, Factor:ONE, State:OPEN]
2019-08-20 15:32:03,469 INFO  impl.RaftServerProxy (RaftServerProxy.java:addNew(89)) - 355e8bf2-f896-46b6-975e-86d7b5057142: addNew group-C96A1348F7C4:[355e8bf2-f896-46b6-975e-86d7b5057142:192.168.5.175:35523] returns group-C96A1348F7C4:java.util.concurrent.CompletableFuture@60c640bf[Not completed]
2019-08-20 15:32:03,514 INFO  impl.RaftServerImpl (RaftServerImpl.java:<init>(93)) - 355e8bf2-f896-46b6-975e-86d7b5057142: new RaftServerImpl for group-C96A1348F7C4:[355e8bf2-f896-46b6-975e-86d7b5057142:192.168.5.175:35523] with ContainerStateMachine:uninitialized
2019-08-20 15:32:03,516 INFO  server.RaftServerConfigKeys (ConfUtils.java:logGet(43)) - raft.server.rpc.timeout.min = 5s (custom)
2019-08-20 15:32:03,516 INFO  server.RaftServerConfigKeys (ConfUtils.java:logGet(43)) - raft.server.rpc.timeout.max = 5200ms (custom)
2019-08-20 15:32:03,516 INFO  server.RaftServerConfigKeys (ConfUtils.java:logGet(43)) - raft.server.rpcslowness.timeout = 120s (custom)
2019-08-20 15:32:03,516 INFO  server.RaftServerConfigKeys (ConfUtils.java:logGet(43)) - raft.server.sleep.deviation.threshold = 300 (default)
2019-08-20 15:32:03,516 INFO  server.RaftServerConfigKeys (ConfUtils.java:logGet(43)) - raft.server.log.appender.install.snapshot.enabled = false (custom)
2019-08-20 15:32:03,516 INFO  impl.RaftServerImpl (ServerState.java:<init>(105)) - 355e8bf2-f896-46b6-975e-86d7b5057142:group-C96A1348F7C4 ConfigurationManager, init=-1: [355e8bf2-f896-46b6-975e-86d7b5057142:192.168.5.175:35523], old=null, confs=<EMPTY_MAP>
2019-08-20 15:32:03,517 INFO  server.RaftServerConfigKeys (ConfUtils.java:logGet(43)) - raft.server.storage.dir = [/workdir/hadoop-ozone/integration-test/target/test-dir/MiniOzoneClusterImpl-4e28bd16-aa40-4c06-8f2f-cbc92a7b77d1/datanode-1/data/ratis] (custom)
2019-08-20 15:32:03,517 INFO  storage.RaftStorageDirectory (RaftStorageDirectory.java:analyzeStorage(246)) - The storage directory /workdir/hadoop-ozone/integration-test/target/test-dir/MiniOzoneClusterImpl-4e28bd16-aa40-4c06-8f2f-cbc92a7b77d1/datanode-1/data/ratis/655a01ce-4460-49b3-ba73-c96a1348f7c4 does not exist. Creating ...
2019-08-20 15:32:03,532 INFO  storage.RaftStorageDirectory (RaftStorageDirectory.java:tryLock(328)) - Lock on /workdir/hadoop-ozone/integration-test/target/test-dir/MiniOzoneClusterImpl-4e28bd16-aa40-4c06-8f2f-cbc92a7b77d1/datanode-1/data/ratis/655a01ce-4460-49b3-ba73-c96a1348f7c4/in_use.lock acquired by nodename 29188@pr-hdds-1879-mp8vb-189615265
2019-08-20 15:32:03,545 INFO  storage.RaftStorage (RaftStorage.java:format(72)) - Storage directory /workdir/hadoop-ozone/integration-test/target/test-dir/MiniOzoneClusterImpl-4e28bd16-aa40-4c06-8f2f-cbc92a7b77d1/datanode-1/data/ratis/655a01ce-4460-49b3-ba73-c96a1348f7c4 has been successfully formatted.
2019-08-20 15:32:03,546 INFO  ratis.ContainerStateMachine (ContainerStateMachine.java:loadSnapshot(223)) - group-C96A1348F7C4: The snapshot info is null. Setting the last applied indexto:(t:0, i:~)
2019-08-20 15:32:03,547 INFO  server.RaftServerConfigKeys (ConfUtils.java:logGet(43)) - raft.server.leader.election.timeout = 120s (custom)
2019-08-20 15:32:03,548 INFO  server.RaftServerConfigKeys (ConfUtils.java:logGet(43)) - raft.server.log.use.memory = false (default)
2019-08-20 15:32:03,548 INFO  server.RaftServerConfigKeys (ConfUtils.java:logGet(43)) - raft.server.log.purge.gap = 1000000000 (custom)
2019-08-20 15:32:03,548 INFO  server.RaftServerConfigKeys (ConfUtils.java:logGet(43)) - raft.server.log.appender.buffer.byte-limit = 33554432 (custom)
2019-08-20 15:32:03,548 INFO  server.RaftServerConfigKeys (ConfUtils.java:logGet(43)) - raft.server.log.segment.size.max = 1048576 (custom)
2019-08-20 15:32:03,548 INFO  server.RaftServerConfigKeys (ConfUtils.java:logGet(43)) - raft.server.log.segment.cache.num.max = 2 (custom)
2019-08-20 15:32:03,548 INFO  segmented.SegmentedRaftLogWorker (SegmentedRaftLogWorker.java:<init>(172)) - new 355e8bf2-f896-46b6-975e-86d7b5057142-SegmentedRaftLogWorker:Storage Directory /workdir/hadoop-ozone/integration-test/target/test-dir/MiniOzoneClusterImpl-4e28bd16-aa40-4c06-8f2f-cbc92a7b77d1/datanode-1/data/ratis/655a01ce-4460-49b3-ba73-c96a1348f7c4 for RaftStorage:Storage Directory /workdir/hadoop-ozone/integration-test/target/test-dir/MiniOzoneClusterImpl-4e28bd16-aa40-4c06-8f2f-cbc92a7b77d1/datanode-1/data/ratis/655a01ce-4460-49b3-ba73-c96a1348f7c4
2019-08-20 15:32:03,549 INFO  server.RaftServerConfigKeys (ConfUtils.java:logGet(43)) - raft.server.log.queue.byte-limit = 2147483647 (custom)
2019-08-20 15:32:03,550 INFO  server.RaftServerConfigKeys (ConfUtils.java:logGet(43)) - raft.server.log.queue.element-limit = 1024 (custom)
2019-08-20 15:32:03,550 INFO  server.RaftServerConfigKeys (ConfUtils.java:logGet(43)) - raft.server.log.segment.size.max = 1048576 (custom)
2019-08-20 15:32:03,550 INFO  server.RaftServerConfigKeys (ConfUtils.java:logGet(43)) - raft.server.log.preallocated.size = 16384 (custom)
2019-08-20 15:32:03,550 INFO  server.RaftServerConfigKeys (ConfUtils.java:logGet(43)) - raft.server.log.write.buffer.size = 33554432 (custom)
2019-08-20 15:32:03,550 INFO  server.RaftServerConfigKeys (ConfUtils.java:logGet(43)) - raft.server.log.force.sync.num = 128 (default)
2019-08-20 15:32:03,550 INFO  server.RaftServerConfigKeys (ConfUtils.java:logGet(43)) - raft.server.log.statemachine.data.sync = true (default)
2019-08-20 15:32:03,550 INFO  server.RaftServerConfigKeys (ConfUtils.java:logGet(43)) - raft.server.log.statemachine.data.sync.timeout = 10s (default)
2019-08-20 15:32:03,551 INFO  server.RaftServerConfigKeys (ConfUtils.java:logGet(43)) - raft.server.log.statemachine.data.sync.timeout.retry = -1 (default)
2019-08-20 15:32:03,551 INFO  server.RaftServerConfigKeys (ConfUtils.java:logGet(43)) - raft.server.log.statemachine.data.caching.enabled = true (custom)
2019-08-20 15:32:03,551 INFO  segmented.SegmentedRaftLogWorker (SegmentedRaftLogWorker.java:lambda$new$0(132)) - 355e8bf2-f896-46b6-975e-86d7b5057142-SegmentedRaftLogWorker:Storage Directory /workdir/hadoop-ozone/integration-test/target/test-dir/MiniOzoneClusterImpl-4e28bd16-aa40-4c06-8f2f-cbc92a7b77d1/datanode-1/data/ratis/655a01ce-4460-49b3-ba73-c96a1348f7c4: flushIndex: setUnconditionally 0 -> -1
2019-08-20 15:32:03,552 INFO  server.RaftServerConfigKeys (ConfUtils.java:logGet(43)) - raft.server.snapshot.auto.trigger.enabled = true (custom)
2019-08-20 15:32:03,552 INFO  server.RaftServerConfigKeys (ConfUtils.java:logGet(43)) - raft.server.snapshot.auto.trigger.threshold = 10000 (custom)
2019-08-20 15:32:03,552 INFO  server.RaftServerConfigKeys (ConfUtils.java:logGet(43)) - raft.server.retrycache.expirytime = 600000ms (custom)
2019-08-20 15:32:03,552 INFO  impl.RaftServerImpl (RaftServerImpl.java:start(180)) - 355e8bf2-f896-46b6-975e-86d7b5057142: start group-C96A1348F7C4
2019-08-20 15:32:03,552 INFO  impl.RaftServerImpl (RaftServerImpl.java:setRole(171)) - 355e8bf2-f896-46b6-975e-86d7b5057142:group-C96A1348F7C4 changes role from null to FOLLOWER at term 0 for startAsFollower
2019-08-20 15:32:03,552 INFO  impl.RoleInfo (RoleInfo.java:updateAndGet(143)) - 355e8bf2-f896-46b6-975e-86d7b5057142: start FollowerState
2019-08-20 15:32:03,554 INFO  util.JmxRegister (JmxRegister.java:tryRegister(44)) - Successfully registered JMX Bean with object name Ratis:service=RaftServer,group=group-C96A1348F7C4,id=355e8bf2-f896-46b6-975e-86d7b5057142
2019-08-20 15:32:03,567 INFO  pipeline.PipelineStateManager (PipelineStateManager.java:addPipeline(56)) - Created pipeline Pipeline[ Id: 655a01ce-4460-49b3-ba73-c96a1348f7c4, Nodes: 355e8bf2-f896-46b6-975e-86d7b5057142{ip: 192.168.5.175, host: pr-hdds-1879-mp8vb-189615265, networkLocation: /default-rack, certSerialId: null}, Type:RATIS, Factor:ONE, State:OPEN]
2019-08-20 15:32:03,596 INFO  impl.RaftServerProxy (RaftServerProxy.java:addNew(89)) - add14dfc-372b-471a-b721-7c60032bca35: addNew group-044192A3831E:[add14dfc-372b-471a-b721-7c60032bca35:192.168.5.175:42877] returns group-044192A3831E:java.util.concurrent.CompletableFuture@1499d7ed[Not completed]
2019-08-20 15:32:03,605 INFO  impl.RaftServerImpl (RaftServerImpl.java:<init>(93)) - add14dfc-372b-471a-b721-7c60032bca35: new RaftServerImpl for group-044192A3831E:[add14dfc-372b-471a-b721-7c60032bca35:192.168.5.175:42877] with ContainerStateMachine:uninitialized
2019-08-20 15:32:03,605 INFO  server.RaftServerConfigKeys (ConfUtils.java:logGet(43)) - raft.server.rpc.timeout.min = 5s (custom)
2019-08-20 15:32:03,605 INFO  server.RaftServerConfigKeys (ConfUtils.java:logGet(43)) - raft.server.rpc.timeout.max = 5200ms (custom)
2019-08-20 15:32:03,606 INFO  server.RaftServerConfigKeys (ConfUtils.java:logGet(43)) - raft.server.rpcslowness.timeout = 120s (custom)
2019-08-20 15:32:03,606 INFO  server.RaftServerConfigKeys (ConfUtils.java:logGet(43)) - raft.server.sleep.deviation.threshold = 300 (default)
2019-08-20 15:32:03,606 INFO  server.RaftServerConfigKeys (ConfUtils.java:logGet(43)) - raft.server.log.appender.install.snapshot.enabled = false (custom)
2019-08-20 15:32:03,606 INFO  impl.RaftServerImpl (ServerState.java:<init>(105)) - add14dfc-372b-471a-b721-7c60032bca35:group-044192A3831E ConfigurationManager, init=-1: [add14dfc-372b-471a-b721-7c60032bca35:192.168.5.175:42877], old=null, confs=<EMPTY_MAP>
2019-08-20 15:32:03,606 INFO  server.RaftServerConfigKeys (ConfUtils.java:logGet(43)) - raft.server.storage.dir = [/workdir/hadoop-ozone/integration-test/target/test-dir/MiniOzoneClusterImpl-4e28bd16-aa40-4c06-8f2f-cbc92a7b77d1/datanode-2/data/ratis] (custom)
2019-08-20 15:32:03,606 INFO  storage.RaftStorageDirectory (RaftStorageDirectory.java:analyzeStorage(246)) - The storage directory /workdir/hadoop-ozone/integration-test/target/test-dir/MiniOzoneClusterImpl-4e28bd16-aa40-4c06-8f2f-cbc92a7b77d1/datanode-2/data/ratis/f8e6cb11-2404-4300-a7ba-044192a3831e does not exist. Creating ...
2019-08-20 15:32:03,619 INFO  storage.RaftStorageDirectory (RaftStorageDirectory.java:tryLock(328)) - Lock on /workdir/hadoop-ozone/integration-test/target/test-dir/MiniOzoneClusterImpl-4e28bd16-aa40-4c06-8f2f-cbc92a7b77d1/datanode-2/data/ratis/f8e6cb11-2404-4300-a7ba-044192a3831e/in_use.lock acquired by nodename 29188@pr-hdds-1879-mp8vb-189615265
2019-08-20 15:32:03,633 INFO  storage.RaftStorage (RaftStorage.java:format(72)) - Storage directory /workdir/hadoop-ozone/integration-test/target/test-dir/MiniOzoneClusterImpl-4e28bd16-aa40-4c06-8f2f-cbc92a7b77d1/datanode-2/data/ratis/f8e6cb11-2404-4300-a7ba-044192a3831e has been successfully formatted.
2019-08-20 15:32:03,633 INFO  ratis.ContainerStateMachine (ContainerStateMachine.java:loadSnapshot(223)) - group-044192A3831E: The snapshot info is null. Setting the last applied indexto:(t:0, i:~)
2019-08-20 15:32:03,633 INFO  server.RaftServerConfigKeys (ConfUtils.java:logGet(43)) - raft.server.leader.election.timeout = 120s (custom)
2019-08-20 15:32:03,633 INFO  server.RaftServerConfigKeys (ConfUtils.java:logGet(43)) - raft.server.log.use.memory = false (default)
2019-08-20 15:32:03,634 INFO  server.RaftServerConfigKeys (ConfUtils.java:logGet(43)) - raft.server.log.purge.gap = 1000000000 (custom)
2019-08-20 15:32:03,634 INFO  server.RaftServerConfigKeys (ConfUtils.java:logGet(43)) - raft.server.log.appender.buffer.byte-limit = 33554432 (custom)
2019-08-20 15:32:03,634 INFO  server.RaftServerConfigKeys (ConfUtils.java:logGet(43)) - raft.server.log.segment.size.max = 1048576 (custom)
2019-08-20 15:32:03,634 INFO  server.RaftServerConfigKeys (ConfUtils.java:logGet(43)) - raft.server.log.segment.cache.num.max = 2 (custom)
2019-08-20 15:32:03,634 INFO  segmented.SegmentedRaftLogWorker (SegmentedRaftLogWorker.java:<init>(172)) - new add14dfc-372b-471a-b721-7c60032bca35-SegmentedRaftLogWorker:Storage Directory /workdir/hadoop-ozone/integration-test/target/test-dir/MiniOzoneClusterImpl-4e28bd16-aa40-4c06-8f2f-cbc92a7b77d1/datanode-2/data/ratis/f8e6cb11-2404-4300-a7ba-044192a3831e for RaftStorage:Storage Directory /workdir/hadoop-ozone/integration-test/target/test-dir/MiniOzoneClusterImpl-4e28bd16-aa40-4c06-8f2f-cbc92a7b77d1/datanode-2/data/ratis/f8e6cb11-2404-4300-a7ba-044192a3831e
2019-08-20 15:32:03,634 INFO  server.RaftServerConfigKeys (ConfUtils.java:logGet(43)) - raft.server.log.queue.byte-limit = 2147483647 (custom)
2019-08-20 15:32:03,634 INFO  server.RaftServerConfigKeys (ConfUtils.java:logGet(43)) - raft.server.log.queue.element-limit = 1024 (custom)
2019-08-20 15:32:03,635 INFO  server.RaftServerConfigKeys (ConfUtils.java:logGet(43)) - raft.server.log.segment.size.max = 1048576 (custom)
2019-08-20 15:32:03,635 INFO  server.RaftServerConfigKeys (ConfUtils.java:logGet(43)) - raft.server.log.preallocated.size = 16384 (custom)
2019-08-20 15:32:03,635 INFO  server.RaftServerConfigKeys (ConfUtils.java:logGet(43)) - raft.server.log.write.buffer.size = 33554432 (custom)
2019-08-20 15:32:03,635 INFO  server.RaftServerConfigKeys (ConfUtils.java:logGet(43)) - raft.server.log.force.sync.num = 128 (default)
2019-08-20 15:32:03,635 INFO  server.RaftServerConfigKeys (ConfUtils.java:logGet(43)) - raft.server.log.statemachine.data.sync = true (default)
2019-08-20 15:32:03,635 INFO  server.RaftServerConfigKeys (ConfUtils.java:logGet(43)) - raft.server.log.statemachine.data.sync.timeout = 10s (default)
2019-08-20 15:32:03,636 INFO  server.RaftServerConfigKeys (ConfUtils.java:logGet(43)) - raft.server.log.statemachine.data.sync.timeout.retry = -1 (default)
2019-08-20 15:32:03,636 INFO  server.RaftServerConfigKeys (ConfUtils.java:logGet(43)) - raft.server.log.statemachine.data.caching.enabled = true (custom)
2019-08-20 15:32:03,636 INFO  segmented.SegmentedRaftLogWorker (SegmentedRaftLogWorker.java:lambda$new$0(132)) - add14dfc-372b-471a-b721-7c60032bca35-SegmentedRaftLogWorker:Storage Directory /workdir/hadoop-ozone/integration-test/target/test-dir/MiniOzoneClusterImpl-4e28bd16-aa40-4c06-8f2f-cbc92a7b77d1/datanode-2/data/ratis/f8e6cb11-2404-4300-a7ba-044192a3831e: flushIndex: setUnconditionally 0 -> -1
2019-08-20 15:32:03,637 INFO  server.RaftServerConfigKeys (ConfUtils.java:logGet(43)) - raft.server.snapshot.auto.trigger.enabled = true (custom)
2019-08-20 15:32:03,637 INFO  server.RaftServerConfigKeys (ConfUtils.java:logGet(43)) - raft.server.snapshot.auto.trigger.threshold = 10000 (custom)
2019-08-20 15:32:03,637 INFO  server.RaftServerConfigKeys (ConfUtils.java:logGet(43)) - raft.server.retrycache.expirytime = 600000ms (custom)
2019-08-20 15:32:03,637 INFO  impl.RaftServerImpl (RaftServerImpl.java:start(180)) - add14dfc-372b-471a-b721-7c60032bca35: start group-044192A3831E
2019-08-20 15:32:03,637 INFO  impl.RaftServerImpl (RaftServerImpl.java:setRole(171)) - add14dfc-372b-471a-b721-7c60032bca35:group-044192A3831E changes role from null to FOLLOWER at term 0 for startAsFollower
2019-08-20 15:32:03,638 INFO  impl.RoleInfo (RoleInfo.java:updateAndGet(143)) - add14dfc-372b-471a-b721-7c60032bca35: start FollowerState
2019-08-20 15:32:03,638 INFO  util.JmxRegister (JmxRegister.java:tryRegister(44)) - Successfully registered JMX Bean with object name Ratis:service=RaftServer,group=group-044192A3831E,id=add14dfc-372b-471a-b721-7c60032bca35
2019-08-20 15:32:03,650 INFO  pipeline.PipelineStateManager (PipelineStateManager.java:addPipeline(56)) - Created pipeline Pipeline[ Id: f8e6cb11-2404-4300-a7ba-044192a3831e, Nodes: add14dfc-372b-471a-b721-7c60032bca35{ip: 192.168.5.175, host: pr-hdds-1879-mp8vb-189615265, networkLocation: /default-rack, certSerialId: null}, Type:RATIS, Factor:ONE, State:OPEN]
2019-08-20 15:32:03,669 INFO  impl.RaftServerProxy (RaftServerProxy.java:addNew(89)) - 0737f457-24f0-4bf4-893e-7f10574b9869: addNew group-FFCECF4CCD4D:[0737f457-24f0-4bf4-893e-7f10574b9869:192.168.5.175:33459] returns group-FFCECF4CCD4D:java.util.concurrent.CompletableFuture@a7258f3[Not completed]
2019-08-20 15:32:03,672 INFO  impl.RaftServerImpl (RaftServerImpl.java:<init>(93)) - 0737f457-24f0-4bf4-893e-7f10574b9869: new RaftServerImpl for group-FFCECF4CCD4D:[0737f457-24f0-4bf4-893e-7f10574b9869:192.168.5.175:33459] with ContainerStateMachine:uninitialized
2019-08-20 15:32:03,672 INFO  server.RaftServerConfigKeys (ConfUtils.java:logGet(43)) - raft.server.rpc.timeout.min = 5s (custom)
2019-08-20 15:32:03,673 INFO  server.RaftServerConfigKeys (ConfUtils.java:logGet(43)) - raft.server.rpc.timeout.max = 5200ms (custom)
2019-08-20 15:32:03,673 INFO  server.RaftServerConfigKeys (ConfUtils.java:logGet(43)) - raft.server.rpcslowness.timeout = 120s (custom)
2019-08-20 15:32:03,673 INFO  server.RaftServerConfigKeys (ConfUtils.java:logGet(43)) - raft.server.sleep.deviation.threshold = 300 (default)
2019-08-20 15:32:03,673 INFO  server.RaftServerConfigKeys (ConfUtils.java:logGet(43)) - raft.server.log.appender.install.snapshot.enabled = false (custom)
2019-08-20 15:32:03,673 INFO  impl.RaftServerImpl (ServerState.java:<init>(105)) - 0737f457-24f0-4bf4-893e-7f10574b9869:group-FFCECF4CCD4D ConfigurationManager, init=-1: [0737f457-24f0-4bf4-893e-7f10574b9869:192.168.5.175:33459], old=null, confs=<EMPTY_MAP>
2019-08-20 15:32:03,673 INFO  server.RaftServerConfigKeys (ConfUtils.java:logGet(43)) - raft.server.storage.dir = [/workdir/hadoop-ozone/integration-test/target/test-dir/MiniOzoneClusterImpl-4e28bd16-aa40-4c06-8f2f-cbc92a7b77d1/datanode-5/data/ratis] (custom)
2019-08-20 15:32:03,673 INFO  storage.RaftStorageDirectory (RaftStorageDirectory.java:analyzeStorage(246)) - The storage directory /workdir/hadoop-ozone/integration-test/target/test-dir/MiniOzoneClusterImpl-4e28bd16-aa40-4c06-8f2f-cbc92a7b77d1/datanode-5/data/ratis/bafc8f57-41d9-455d-bc5d-ffcecf4ccd4d does not exist. Creating ...
2019-08-20 15:32:03,686 INFO  storage.RaftStorageDirectory (RaftStorageDirectory.java:tryLock(328)) - Lock on /workdir/hadoop-ozone/integration-test/target/test-dir/MiniOzoneClusterImpl-4e28bd16-aa40-4c06-8f2f-cbc92a7b77d1/datanode-5/data/ratis/bafc8f57-41d9-455d-bc5d-ffcecf4ccd4d/in_use.lock acquired by nodename 29188@pr-hdds-1879-mp8vb-189615265
2019-08-20 15:32:03,687 INFO  net.NetworkTopology (NetworkTopologyImpl.java:add(110)) - Added a new node: /default-rack/83587b57-23c3-472d-a9db-c66327d21260
2019-08-20 15:32:03,687 INFO  node.SCMNodeManager (SCMNodeManager.java:register(273)) - Registered Data node : 83587b57-23c3-472d-a9db-c66327d21260{ip: 192.168.5.175, host: pr-hdds-1879-mp8vb-189615265, networkLocation: /default-rack, certSerialId: null}
2019-08-20 15:32:03,688 INFO  ozone.MiniOzoneClusterImpl (MiniOzoneClusterImpl.java:lambda$waitForClusterToBeReady$0(142)) - Cluster is ready. Got 7 of 7 DN Heartbeats.
2019-08-20 15:32:03,700 INFO  storage.RaftStorage (RaftStorage.java:format(72)) - Storage directory /workdir/hadoop-ozone/integration-test/target/test-dir/MiniOzoneClusterImpl-4e28bd16-aa40-4c06-8f2f-cbc92a7b77d1/datanode-5/data/ratis/bafc8f57-41d9-455d-bc5d-ffcecf4ccd4d has been successfully formatted.
2019-08-20 15:32:03,700 INFO  ratis.ContainerStateMachine (ContainerStateMachine.java:loadSnapshot(223)) - group-FFCECF4CCD4D: The snapshot info is null. Setting the last applied indexto:(t:0, i:~)
2019-08-20 15:32:03,700 INFO  server.RaftServerConfigKeys (ConfUtils.java:logGet(43)) - raft.server.leader.election.timeout = 120s (custom)
2019-08-20 15:32:03,701 INFO  server.RaftServerConfigKeys (ConfUtils.java:logGet(43)) - raft.server.log.use.memory = false (default)
2019-08-20 15:32:03,701 INFO  server.RaftServerConfigKeys (ConfUtils.java:logGet(43)) - raft.server.log.purge.gap = 1000000000 (custom)
2019-08-20 15:32:03,701 INFO  server.RaftServerConfigKeys (ConfUtils.java:logGet(43)) - raft.server.log.appender.buffer.byte-limit = 33554432 (custom)
2019-08-20 15:32:03,701 INFO  server.RaftServerConfigKeys (ConfUtils.java:logGet(43)) - raft.server.log.segment.size.max = 1048576 (custom)
2019-08-20 15:32:03,701 INFO  server.RaftServerConfigKeys (ConfUtils.java:logGet(43)) - raft.server.log.segment.cache.num.max = 2 (custom)
2019-08-20 15:32:03,701 INFO  segmented.SegmentedRaftLogWorker (SegmentedRaftLogWorker.java:<init>(172)) - new 0737f457-24f0-4bf4-893e-7f10574b9869-SegmentedRaftLogWorker:Storage Directory /workdir/hadoop-ozone/integration-test/target/test-dir/MiniOzoneClusterImpl-4e28bd16-aa40-4c06-8f2f-cbc92a7b77d1/datanode-5/data/ratis/bafc8f57-41d9-455d-bc5d-ffcecf4ccd4d for RaftStorage:Storage Directory /workdir/hadoop-ozone/integration-test/target/test-dir/MiniOzoneClusterImpl-4e28bd16-aa40-4c06-8f2f-cbc92a7b77d1/datanode-5/data/ratis/bafc8f57-41d9-455d-bc5d-ffcecf4ccd4d
2019-08-20 15:32:03,702 INFO  server.RaftServerConfigKeys (ConfUtils.java:logGet(43)) - raft.server.log.queue.byte-limit = 2147483647 (custom)
2019-08-20 15:32:03,702 INFO  server.RaftServerConfigKeys (ConfUtils.java:logGet(43)) - raft.server.log.queue.element-limit = 1024 (custom)
2019-08-20 15:32:03,702 INFO  server.RaftServerConfigKeys (ConfUtils.java:logGet(43)) - raft.server.log.segment.size.max = 1048576 (custom)
2019-08-20 15:32:03,702 INFO  server.RaftServerConfigKeys (ConfUtils.java:logGet(43)) - raft.server.log.preallocated.size = 16384 (custom)
2019-08-20 15:32:03,703 INFO  server.RaftServerConfigKeys (ConfUtils.java:logGet(43)) - raft.server.log.write.buffer.size = 33554432 (custom)
2019-08-20 15:32:03,703 INFO  server.RaftServerConfigKeys (ConfUtils.java:logGet(43)) - raft.server.log.force.sync.num = 128 (default)
2019-08-20 15:32:03,703 INFO  server.RaftServerConfigKeys (ConfUtils.java:logGet(43)) - raft.server.log.statemachine.data.sync = true (default)
2019-08-20 15:32:03,703 INFO  server.RaftServerConfigKeys (ConfUtils.java:logGet(43)) - raft.server.log.statemachine.data.sync.timeout = 10s (default)
2019-08-20 15:32:03,703 INFO  server.RaftServerConfigKeys (ConfUtils.java:logGet(43)) - raft.server.log.statemachine.data.sync.timeout.retry = -1 (default)
2019-08-20 15:32:03,704 INFO  server.RaftServerConfigKeys (ConfUtils.java:logGet(43)) - raft.server.log.statemachine.data.caching.enabled = true (custom)
2019-08-20 15:32:03,704 INFO  segmented.SegmentedRaftLogWorker (SegmentedRaftLogWorker.java:lambda$new$0(132)) - 0737f457-24f0-4bf4-893e-7f10574b9869-SegmentedRaftLogWorker:Storage Directory /workdir/hadoop-ozone/integration-test/target/test-dir/MiniOzoneClusterImpl-4e28bd16-aa40-4c06-8f2f-cbc92a7b77d1/datanode-5/data/ratis/bafc8f57-41d9-455d-bc5d-ffcecf4ccd4d: flushIndex: setUnconditionally 0 -> -1
2019-08-20 15:32:03,704 INFO  server.RaftServerConfigKeys (ConfUtils.java:logGet(43)) - raft.server.snapshot.auto.trigger.enabled = true (custom)
2019-08-20 15:32:03,704 INFO  server.RaftServerConfigKeys (ConfUtils.java:logGet(43)) - raft.server.snapshot.auto.trigger.threshold = 10000 (custom)
2019-08-20 15:32:03,705 INFO  server.RaftServerConfigKeys (ConfUtils.java:logGet(43)) - raft.server.retrycache.expirytime = 600000ms (custom)
2019-08-20 15:32:03,705 INFO  impl.RaftServerImpl (RaftServerImpl.java:start(180)) - 0737f457-24f0-4bf4-893e-7f10574b9869: start group-FFCECF4CCD4D
2019-08-20 15:32:03,705 INFO  impl.RaftServerImpl (RaftServerImpl.java:setRole(171)) - 0737f457-24f0-4bf4-893e-7f10574b9869:group-FFCECF4CCD4D changes role from null to FOLLOWER at term 0 for startAsFollower
2019-08-20 15:32:03,705 INFO  impl.RoleInfo (RoleInfo.java:updateAndGet(143)) - 0737f457-24f0-4bf4-893e-7f10574b9869: start FollowerState
2019-08-20 15:32:03,706 INFO  util.JmxRegister (JmxRegister.java:tryRegister(44)) - Successfully registered JMX Bean with object name Ratis:service=RaftServer,group=group-FFCECF4CCD4D,id=0737f457-24f0-4bf4-893e-7f10574b9869
2019-08-20 15:32:03,732 INFO  pipeline.PipelineStateManager (PipelineStateManager.java:addPipeline(56)) - Created pipeline Pipeline[ Id: bafc8f57-41d9-455d-bc5d-ffcecf4ccd4d, Nodes: 0737f457-24f0-4bf4-893e-7f10574b9869{ip: 192.168.5.175, host: pr-hdds-1879-mp8vb-189615265, networkLocation: /default-rack, certSerialId: null}, Type:RATIS, Factor:ONE, State:OPEN]
2019-08-20 15:32:03,763 INFO  impl.RaftServerProxy (RaftServerProxy.java:addNew(89)) - 83587b57-23c3-472d-a9db-c66327d21260: addNew group-44ACA7FED1F7:[83587b57-23c3-472d-a9db-c66327d21260:192.168.5.175:44905] returns group-44ACA7FED1F7:java.util.concurrent.CompletableFuture@7fe2438a[Not completed]
2019-08-20 15:32:03,767 INFO  impl.RaftServerImpl (RaftServerImpl.java:<init>(93)) - 83587b57-23c3-472d-a9db-c66327d21260: new RaftServerImpl for group-44ACA7FED1F7:[83587b57-23c3-472d-a9db-c66327d21260:192.168.5.175:44905] with ContainerStateMachine:uninitialized
2019-08-20 15:32:03,767 INFO  server.RaftServerConfigKeys (ConfUtils.java:logGet(43)) - raft.server.rpc.timeout.min = 5s (custom)
2019-08-20 15:32:03,768 INFO  server.RaftServerConfigKeys (ConfUtils.java:logGet(43)) - raft.server.rpc.timeout.max = 5200ms (custom)
2019-08-20 15:32:03,768 INFO  server.RaftServerConfigKeys (ConfUtils.java:logGet(43)) - raft.server.rpcslowness.timeout = 120s (custom)
2019-08-20 15:32:03,768 INFO  server.RaftServerConfigKeys (ConfUtils.java:logGet(43)) - raft.server.sleep.deviation.threshold = 300 (default)
2019-08-20 15:32:03,768 INFO  server.RaftServerConfigKeys (ConfUtils.java:logGet(43)) - raft.server.log.appender.install.snapshot.enabled = false (custom)
2019-08-20 15:32:03,769 INFO  impl.RaftServerImpl (ServerState.java:<init>(105)) - 83587b57-23c3-472d-a9db-c66327d21260:group-44ACA7FED1F7 ConfigurationManager, init=-1: [83587b57-23c3-472d-a9db-c66327d21260:192.168.5.175:44905], old=null, confs=<EMPTY_MAP>
2019-08-20 15:32:03,769 INFO  server.RaftServerConfigKeys (ConfUtils.java:logGet(43)) - raft.server.storage.dir = [/workdir/hadoop-ozone/integration-test/target/test-dir/MiniOzoneClusterImpl-4e28bd16-aa40-4c06-8f2f-cbc92a7b77d1/datanode-6/data/ratis] (custom)
2019-08-20 15:32:03,769 INFO  storage.RaftStorageDirectory (RaftStorageDirectory.java:analyzeStorage(246)) - The storage directory /workdir/hadoop-ozone/integration-test/target/test-dir/MiniOzoneClusterImpl-4e28bd16-aa40-4c06-8f2f-cbc92a7b77d1/datanode-6/data/ratis/ec741b70-6097-4644-bec5-44aca7fed1f7 does not exist. Creating ...
2019-08-20 15:32:03,814 INFO  storage.RaftStorageDirectory (RaftStorageDirectory.java:tryLock(328)) - Lock on /workdir/hadoop-ozone/integration-test/target/test-dir/MiniOzoneClusterImpl-4e28bd16-aa40-4c06-8f2f-cbc92a7b77d1/datanode-6/data/ratis/ec741b70-6097-4644-bec5-44aca7fed1f7/in_use.lock acquired by nodename 29188@pr-hdds-1879-mp8vb-189615265
2019-08-20 15:32:03,827 INFO  storage.RaftStorage (RaftStorage.java:format(72)) - Storage directory /workdir/hadoop-ozone/integration-test/target/test-dir/MiniOzoneClusterImpl-4e28bd16-aa40-4c06-8f2f-cbc92a7b77d1/datanode-6/data/ratis/ec741b70-6097-4644-bec5-44aca7fed1f7 has been successfully formatted.
2019-08-20 15:32:03,828 INFO  ratis.ContainerStateMachine (ContainerStateMachine.java:loadSnapshot(223)) - group-44ACA7FED1F7: The snapshot info is null. Setting the last applied indexto:(t:0, i:~)
2019-08-20 15:32:03,828 INFO  server.RaftServerConfigKeys (ConfUtils.java:logGet(43)) - raft.server.leader.election.timeout = 120s (custom)
2019-08-20 15:32:03,828 INFO  server.RaftServerConfigKeys (ConfUtils.java:logGet(43)) - raft.server.log.use.memory = false (default)
2019-08-20 15:32:03,828 INFO  server.RaftServerConfigKeys (ConfUtils.java:logGet(43)) - raft.server.log.purge.gap = 1000000000 (custom)
2019-08-20 15:32:03,829 INFO  server.RaftServerConfigKeys (ConfUtils.java:logGet(43)) - raft.server.log.appender.buffer.byte-limit = 33554432 (custom)
2019-08-20 15:32:03,829 INFO  server.RaftServerConfigKeys (ConfUtils.java:logGet(43)) - raft.server.log.segment.size.max = 1048576 (custom)
2019-08-20 15:32:03,829 INFO  server.RaftServerConfigKeys (ConfUtils.java:logGet(43)) - raft.server.log.segment.cache.num.max = 2 (custom)
2019-08-20 15:32:03,829 INFO  segmented.SegmentedRaftLogWorker (SegmentedRaftLogWorker.java:<init>(172)) - new 83587b57-23c3-472d-a9db-c66327d21260-SegmentedRaftLogWorker:Storage Directory /workdir/hadoop-ozone/integration-test/target/test-dir/MiniOzoneClusterImpl-4e28bd16-aa40-4c06-8f2f-cbc92a7b77d1/datanode-6/data/ratis/ec741b70-6097-4644-bec5-44aca7fed1f7 for RaftStorage:Storage Directory /workdir/hadoop-ozone/integration-test/target/test-dir/MiniOzoneClusterImpl-4e28bd16-aa40-4c06-8f2f-cbc92a7b77d1/datanode-6/data/ratis/ec741b70-6097-4644-bec5-44aca7fed1f7
2019-08-20 15:32:03,829 INFO  server.RaftServerConfigKeys (ConfUtils.java:logGet(43)) - raft.server.log.queue.byte-limit = 2147483647 (custom)
2019-08-20 15:32:03,830 INFO  server.RaftServerConfigKeys (ConfUtils.java:logGet(43)) - raft.server.log.queue.element-limit = 1024 (custom)
2019-08-20 15:32:03,830 INFO  server.RaftServerConfigKeys (ConfUtils.java:logGet(43)) - raft.server.log.segment.size.max = 1048576 (custom)
2019-08-20 15:32:03,830 INFO  server.RaftServerConfigKeys (ConfUtils.java:logGet(43)) - raft.server.log.preallocated.size = 16384 (custom)
2019-08-20 15:32:03,830 INFO  server.RaftServerConfigKeys (ConfUtils.java:logGet(43)) - raft.server.log.write.buffer.size = 33554432 (custom)
2019-08-20 15:32:03,831 INFO  server.RaftServerConfigKeys (ConfUtils.java:logGet(43)) - raft.server.log.force.sync.num = 128 (default)
2019-08-20 15:32:03,831 INFO  server.RaftServerConfigKeys (ConfUtils.java:logGet(43)) - raft.server.log.statemachine.data.sync = true (default)
2019-08-20 15:32:03,831 INFO  server.RaftServerConfigKeys (ConfUtils.java:logGet(43)) - raft.server.log.statemachine.data.sync.timeout = 10s (default)
2019-08-20 15:32:03,831 INFO  server.RaftServerConfigKeys (ConfUtils.java:logGet(43)) - raft.server.log.statemachine.data.sync.timeout.retry = -1 (default)
2019-08-20 15:32:03,832 INFO  server.RaftServerConfigKeys (ConfUtils.java:logGet(43)) - raft.server.log.statemachine.data.caching.enabled = true (custom)
2019-08-20 15:32:03,832 INFO  segmented.SegmentedRaftLogWorker (SegmentedRaftLogWorker.java:lambda$new$0(132)) - 83587b57-23c3-472d-a9db-c66327d21260-SegmentedRaftLogWorker:Storage Directory /workdir/hadoop-ozone/integration-test/target/test-dir/MiniOzoneClusterImpl-4e28bd16-aa40-4c06-8f2f-cbc92a7b77d1/datanode-6/data/ratis/ec741b70-6097-4644-bec5-44aca7fed1f7: flushIndex: setUnconditionally 0 -> -1
2019-08-20 15:32:03,832 INFO  server.RaftServerConfigKeys (ConfUtils.java:logGet(43)) - raft.server.snapshot.auto.trigger.enabled = true (custom)
2019-08-20 15:32:03,833 INFO  server.RaftServerConfigKeys (ConfUtils.java:logGet(43)) - raft.server.snapshot.auto.trigger.threshold = 10000 (custom)
2019-08-20 15:32:03,833 INFO  server.RaftServerConfigKeys (ConfUtils.java:logGet(43)) - raft.server.retrycache.expirytime = 600000ms (custom)
2019-08-20 15:32:03,833 INFO  impl.RaftServerImpl (RaftServerImpl.java:start(180)) - 83587b57-23c3-472d-a9db-c66327d21260: start group-44ACA7FED1F7
2019-08-20 15:32:03,833 INFO  impl.RaftServerImpl (RaftServerImpl.java:setRole(171)) - 83587b57-23c3-472d-a9db-c66327d21260:group-44ACA7FED1F7 changes role from null to FOLLOWER at term 0 for startAsFollower
2019-08-20 15:32:03,834 INFO  impl.RoleInfo (RoleInfo.java:updateAndGet(143)) - 83587b57-23c3-472d-a9db-c66327d21260: start FollowerState
2019-08-20 15:32:03,834 INFO  util.JmxRegister (JmxRegister.java:tryRegister(44)) - Successfully registered JMX Bean with object name Ratis:service=RaftServer,group=group-44ACA7FED1F7,id=83587b57-23c3-472d-a9db-c66327d21260
2019-08-20 15:32:03,854 INFO  pipeline.PipelineStateManager (PipelineStateManager.java:addPipeline(56)) - Created pipeline Pipeline[ Id: ec741b70-6097-4644-bec5-44aca7fed1f7, Nodes: 83587b57-23c3-472d-a9db-c66327d21260{ip: 192.168.5.175, host: pr-hdds-1879-mp8vb-189615265, networkLocation: /default-rack, certSerialId: null}, Type:RATIS, Factor:ONE, State:OPEN]
2019-08-20 15:32:03,881 INFO  impl.RaftServerProxy (RaftServerProxy.java:addNew(89)) - 68a06dc7-23c8-4ea6-8753-852ac4572228: addNew group-F72AE8B6A302:[68a06dc7-23c8-4ea6-8753-852ac4572228:192.168.5.175:36868] returns group-F72AE8B6A302:java.util.concurrent.CompletableFuture@20c88a79[Not completed]
2019-08-20 15:32:03,887 INFO  impl.RaftServerImpl (RaftServerImpl.java:<init>(93)) - 68a06dc7-23c8-4ea6-8753-852ac4572228: new RaftServerImpl for group-F72AE8B6A302:[68a06dc7-23c8-4ea6-8753-852ac4572228:192.168.5.175:36868] with ContainerStateMachine:uninitialized
2019-08-20 15:32:03,887 INFO  server.RaftServerConfigKeys (ConfUtils.java:logGet(43)) - raft.server.rpc.timeout.min = 5s (custom)
2019-08-20 15:32:03,887 INFO  server.RaftServerConfigKeys (ConfUtils.java:logGet(43)) - raft.server.rpc.timeout.max = 5200ms (custom)
2019-08-20 15:32:03,887 INFO  server.RaftServerConfigKeys (ConfUtils.java:logGet(43)) - raft.server.rpcslowness.timeout = 120s (custom)
2019-08-20 15:32:03,888 INFO  server.RaftServerConfigKeys (ConfUtils.java:logGet(43)) - raft.server.sleep.deviation.threshold = 300 (default)
2019-08-20 15:32:03,888 INFO  server.RaftServerConfigKeys (ConfUtils.java:logGet(43)) - raft.server.log.appender.install.snapshot.enabled = false (custom)
2019-08-20 15:32:03,888 INFO  impl.RaftServerImpl (ServerState.java:<init>(105)) - 68a06dc7-23c8-4ea6-8753-852ac4572228:group-F72AE8B6A302 ConfigurationManager, init=-1: [68a06dc7-23c8-4ea6-8753-852ac4572228:192.168.5.175:36868], old=null, confs=<EMPTY_MAP>
2019-08-20 15:32:03,888 INFO  server.RaftServerConfigKeys (ConfUtils.java:logGet(43)) - raft.server.storage.dir = [/workdir/hadoop-ozone/integration-test/target/test-dir/MiniOzoneClusterImpl-4e28bd16-aa40-4c06-8f2f-cbc92a7b77d1/datanode-3/data/ratis] (custom)
2019-08-20 15:32:03,889 INFO  storage.RaftStorageDirectory (RaftStorageDirectory.java:analyzeStorage(246)) - The storage directory /workdir/hadoop-ozone/integration-test/target/test-dir/MiniOzoneClusterImpl-4e28bd16-aa40-4c06-8f2f-cbc92a7b77d1/datanode-3/data/ratis/f44366cc-a48b-4008-a9ee-f72ae8b6a302 does not exist. Creating ...
2019-08-20 15:32:03,902 INFO  storage.RaftStorageDirectory (RaftStorageDirectory.java:tryLock(328)) - Lock on /workdir/hadoop-ozone/integration-test/target/test-dir/MiniOzoneClusterImpl-4e28bd16-aa40-4c06-8f2f-cbc92a7b77d1/datanode-3/data/ratis/f44366cc-a48b-4008-a9ee-f72ae8b6a302/in_use.lock acquired by nodename 29188@pr-hdds-1879-mp8vb-189615265
2019-08-20 15:32:03,916 INFO  storage.RaftStorage (RaftStorage.java:format(72)) - Storage directory /workdir/hadoop-ozone/integration-test/target/test-dir/MiniOzoneClusterImpl-4e28bd16-aa40-4c06-8f2f-cbc92a7b77d1/datanode-3/data/ratis/f44366cc-a48b-4008-a9ee-f72ae8b6a302 has been successfully formatted.
2019-08-20 15:32:03,916 INFO  ratis.ContainerStateMachine (ContainerStateMachine.java:loadSnapshot(223)) - group-F72AE8B6A302: The snapshot info is null. Setting the last applied indexto:(t:0, i:~)
2019-08-20 15:32:03,916 INFO  server.RaftServerConfigKeys (ConfUtils.java:logGet(43)) - raft.server.leader.election.timeout = 120s (custom)
2019-08-20 15:32:03,916 INFO  server.RaftServerConfigKeys (ConfUtils.java:logGet(43)) - raft.server.log.use.memory = false (default)
2019-08-20 15:32:03,916 INFO  server.RaftServerConfigKeys (ConfUtils.java:logGet(43)) - raft.server.log.purge.gap = 1000000000 (custom)
2019-08-20 15:32:03,917 INFO  server.RaftServerConfigKeys (ConfUtils.java:logGet(43)) - raft.server.log.appender.buffer.byte-limit = 33554432 (custom)
2019-08-20 15:32:03,917 INFO  server.RaftServerConfigKeys (ConfUtils.java:logGet(43)) - raft.server.log.segment.size.max = 1048576 (custom)
2019-08-20 15:32:03,917 INFO  server.RaftServerConfigKeys (ConfUtils.java:logGet(43)) - raft.server.log.segment.cache.num.max = 2 (custom)
2019-08-20 15:32:03,917 INFO  segmented.SegmentedRaftLogWorker (SegmentedRaftLogWorker.java:<init>(172)) - new 68a06dc7-23c8-4ea6-8753-852ac4572228-SegmentedRaftLogWorker:Storage Directory /workdir/hadoop-ozone/integration-test/target/test-dir/MiniOzoneClusterImpl-4e28bd16-aa40-4c06-8f2f-cbc92a7b77d1/datanode-3/data/ratis/f44366cc-a48b-4008-a9ee-f72ae8b6a302 for RaftStorage:Storage Directory /workdir/hadoop-ozone/integration-test/target/test-dir/MiniOzoneClusterImpl-4e28bd16-aa40-4c06-8f2f-cbc92a7b77d1/datanode-3/data/ratis/f44366cc-a48b-4008-a9ee-f72ae8b6a302
2019-08-20 15:32:03,917 INFO  server.RaftServerConfigKeys (ConfUtils.java:logGet(43)) - raft.server.log.queue.byte-limit = 2147483647 (custom)
2019-08-20 15:32:03,918 INFO  server.RaftServerConfigKeys (ConfUtils.java:logGet(43)) - raft.server.log.queue.element-limit = 1024 (custom)
2019-08-20 15:32:03,918 INFO  server.RaftServerConfigKeys (ConfUtils.java:logGet(43)) - raft.server.log.segment.size.max = 1048576 (custom)
2019-08-20 15:32:03,918 INFO  server.RaftServerConfigKeys (ConfUtils.java:logGet(43)) - raft.server.log.preallocated.size = 16384 (custom)
2019-08-20 15:32:03,918 INFO  server.RaftServerConfigKeys (ConfUtils.java:logGet(43)) - raft.server.log.write.buffer.size = 33554432 (custom)
2019-08-20 15:32:03,918 INFO  server.RaftServerConfigKeys (ConfUtils.java:logGet(43)) - raft.server.log.force.sync.num = 128 (default)
2019-08-20 15:32:03,919 INFO  server.RaftServerConfigKeys (ConfUtils.java:logGet(43)) - raft.server.log.statemachine.data.sync = true (default)
2019-08-20 15:32:03,919 INFO  server.RaftServerConfigKeys (ConfUtils.java:logGet(43)) - raft.server.log.statemachine.data.sync.timeout = 10s (default)
2019-08-20 15:32:03,919 INFO  server.RaftServerConfigKeys (ConfUtils.java:logGet(43)) - raft.server.log.statemachine.data.sync.timeout.retry = -1 (default)
2019-08-20 15:32:03,919 INFO  server.RaftServerConfigKeys (ConfUtils.java:logGet(43)) - raft.server.log.statemachine.data.caching.enabled = true (custom)
2019-08-20 15:32:03,920 INFO  segmented.SegmentedRaftLogWorker (SegmentedRaftLogWorker.java:lambda$new$0(132)) - 68a06dc7-23c8-4ea6-8753-852ac4572228-SegmentedRaftLogWorker:Storage Directory /workdir/hadoop-ozone/integration-test/target/test-dir/MiniOzoneClusterImpl-4e28bd16-aa40-4c06-8f2f-cbc92a7b77d1/datanode-3/data/ratis/f44366cc-a48b-4008-a9ee-f72ae8b6a302: flushIndex: setUnconditionally 0 -> -1
2019-08-20 15:32:03,920 INFO  server.RaftServerConfigKeys (ConfUtils.java:logGet(43)) - raft.server.snapshot.auto.trigger.enabled = true (custom)
2019-08-20 15:32:03,920 INFO  server.RaftServerConfigKeys (ConfUtils.java:logGet(43)) - raft.server.snapshot.auto.trigger.threshold = 10000 (custom)
2019-08-20 15:32:03,920 INFO  server.RaftServerConfigKeys (ConfUtils.java:logGet(43)) - raft.server.retrycache.expirytime = 600000ms (custom)
2019-08-20 15:32:03,921 INFO  impl.RaftServerImpl (RaftServerImpl.java:start(180)) - 68a06dc7-23c8-4ea6-8753-852ac4572228: start group-F72AE8B6A302
2019-08-20 15:32:03,921 INFO  impl.RaftServerImpl (RaftServerImpl.java:setRole(171)) - 68a06dc7-23c8-4ea6-8753-852ac4572228:group-F72AE8B6A302 changes role from null to FOLLOWER at term 0 for startAsFollower
2019-08-20 15:32:03,921 INFO  impl.RoleInfo (RoleInfo.java:updateAndGet(143)) - 68a06dc7-23c8-4ea6-8753-852ac4572228: start FollowerState
2019-08-20 15:32:03,922 INFO  util.JmxRegister (JmxRegister.java:tryRegister(44)) - Successfully registered JMX Bean with object name Ratis:service=RaftServer,group=group-F72AE8B6A302,id=68a06dc7-23c8-4ea6-8753-852ac4572228
2019-08-20 15:32:03,934 INFO  pipeline.PipelineStateManager (PipelineStateManager.java:addPipeline(56)) - Created pipeline Pipeline[ Id: f44366cc-a48b-4008-a9ee-f72ae8b6a302, Nodes: 68a06dc7-23c8-4ea6-8753-852ac4572228{ip: 192.168.5.175, host: pr-hdds-1879-mp8vb-189615265, networkLocation: /default-rack, certSerialId: null}, Type:RATIS, Factor:ONE, State:OPEN]
2019-08-20 15:32:03,964 INFO  impl.RaftServerProxy (RaftServerProxy.java:addNew(89)) - fba1c820-9e7e-4e1f-a170-cb4ae6d3abd6: addNew group-ED12C6665A82:[fba1c820-9e7e-4e1f-a170-cb4ae6d3abd6:192.168.5.175:35368] returns group-ED12C6665A82:java.util.concurrent.CompletableFuture@12c6efc9[Not completed]
2019-08-20 15:32:03,969 INFO  impl.RaftServerImpl (RaftServerImpl.java:<init>(93)) - fba1c820-9e7e-4e1f-a170-cb4ae6d3abd6: new RaftServerImpl for group-ED12C6665A82:[fba1c820-9e7e-4e1f-a170-cb4ae6d3abd6:192.168.5.175:35368] with ContainerStateMachine:uninitialized
2019-08-20 15:32:03,969 INFO  server.RaftServerConfigKeys (ConfUtils.java:logGet(43)) - raft.server.rpc.timeout.min = 5s (custom)
2019-08-20 15:32:03,969 INFO  server.RaftServerConfigKeys (ConfUtils.java:logGet(43)) - raft.server.rpc.timeout.max = 5200ms (custom)
2019-08-20 15:32:03,969 INFO  server.RaftServerConfigKeys (ConfUtils.java:logGet(43)) - raft.server.rpcslowness.timeout = 120s (custom)
2019-08-20 15:32:03,969 INFO  server.RaftServerConfigKeys (ConfUtils.java:logGet(43)) - raft.server.sleep.deviation.threshold = 300 (default)
2019-08-20 15:32:03,970 INFO  server.RaftServerConfigKeys (ConfUtils.java:logGet(43)) - raft.server.log.appender.install.snapshot.enabled = false (custom)
2019-08-20 15:32:03,970 INFO  impl.RaftServerImpl (ServerState.java:<init>(105)) - fba1c820-9e7e-4e1f-a170-cb4ae6d3abd6:group-ED12C6665A82 ConfigurationManager, init=-1: [fba1c820-9e7e-4e1f-a170-cb4ae6d3abd6:192.168.5.175:35368], old=null, confs=<EMPTY_MAP>
2019-08-20 15:32:03,970 INFO  server.RaftServerConfigKeys (ConfUtils.java:logGet(43)) - raft.server.storage.dir = [/workdir/hadoop-ozone/integration-test/target/test-dir/MiniOzoneClusterImpl-4e28bd16-aa40-4c06-8f2f-cbc92a7b77d1/datanode-4/data/ratis] (custom)
2019-08-20 15:32:03,970 INFO  storage.RaftStorageDirectory (RaftStorageDirectory.java:analyzeStorage(246)) - The storage directory /workdir/hadoop-ozone/integration-test/target/test-dir/MiniOzoneClusterImpl-4e28bd16-aa40-4c06-8f2f-cbc92a7b77d1/datanode-4/data/ratis/ac176bcc-8e89-464b-92bc-ed12c6665a82 does not exist. Creating ...
2019-08-20 15:32:03,983 INFO  storage.RaftStorageDirectory (RaftStorageDirectory.java:tryLock(328)) - Lock on /workdir/hadoop-ozone/integration-test/target/test-dir/MiniOzoneClusterImpl-4e28bd16-aa40-4c06-8f2f-cbc92a7b77d1/datanode-4/data/ratis/ac176bcc-8e89-464b-92bc-ed12c6665a82/in_use.lock acquired by nodename 29188@pr-hdds-1879-mp8vb-189615265
2019-08-20 15:32:03,996 INFO  storage.RaftStorage (RaftStorage.java:format(72)) - Storage directory /workdir/hadoop-ozone/integration-test/target/test-dir/MiniOzoneClusterImpl-4e28bd16-aa40-4c06-8f2f-cbc92a7b77d1/datanode-4/data/ratis/ac176bcc-8e89-464b-92bc-ed12c6665a82 has been successfully formatted.
2019-08-20 15:32:04,006 INFO  ratis.ContainerStateMachine (ContainerStateMachine.java:loadSnapshot(223)) - group-ED12C6665A82: The snapshot info is null. Setting the last applied indexto:(t:0, i:~)
2019-08-20 15:32:04,006 INFO  server.RaftServerConfigKeys (ConfUtils.java:logGet(43)) - raft.server.leader.election.timeout = 120s (custom)
2019-08-20 15:32:04,006 INFO  server.RaftServerConfigKeys (ConfUtils.java:logGet(43)) - raft.server.log.use.memory = false (default)
2019-08-20 15:32:04,006 INFO  server.RaftServerConfigKeys (ConfUtils.java:logGet(43)) - raft.server.log.purge.gap = 1000000000 (custom)
2019-08-20 15:32:04,006 INFO  server.RaftServerConfigKeys (ConfUtils.java:logGet(43)) - raft.server.log.appender.buffer.byte-limit = 33554432 (custom)
2019-08-20 15:32:04,007 INFO  server.RaftServerConfigKeys (ConfUtils.java:logGet(43)) - raft.server.log.segment.size.max = 1048576 (custom)
2019-08-20 15:32:04,007 INFO  server.RaftServerConfigKeys (ConfUtils.java:logGet(43)) - raft.server.log.segment.cache.num.max = 2 (custom)
2019-08-20 15:32:04,007 INFO  segmented.SegmentedRaftLogWorker (SegmentedRaftLogWorker.java:<init>(172)) - new fba1c820-9e7e-4e1f-a170-cb4ae6d3abd6-SegmentedRaftLogWorker:Storage Directory /workdir/hadoop-ozone/integration-test/target/test-dir/MiniOzoneClusterImpl-4e28bd16-aa40-4c06-8f2f-cbc92a7b77d1/datanode-4/data/ratis/ac176bcc-8e89-464b-92bc-ed12c6665a82 for RaftStorage:Storage Directory /workdir/hadoop-ozone/integration-test/target/test-dir/MiniOzoneClusterImpl-4e28bd16-aa40-4c06-8f2f-cbc92a7b77d1/datanode-4/data/ratis/ac176bcc-8e89-464b-92bc-ed12c6665a82
2019-08-20 15:32:04,007 INFO  server.RaftServerConfigKeys (ConfUtils.java:logGet(43)) - raft.server.log.queue.byte-limit = 2147483647 (custom)
2019-08-20 15:32:04,007 INFO  server.RaftServerConfigKeys (ConfUtils.java:logGet(43)) - raft.server.log.queue.element-limit = 1024 (custom)
2019-08-20 15:32:04,008 INFO  server.RaftServerConfigKeys (ConfUtils.java:logGet(43)) - raft.server.log.segment.size.max = 1048576 (custom)
2019-08-20 15:32:04,008 INFO  server.RaftServerConfigKeys (ConfUtils.java:logGet(43)) - raft.server.log.preallocated.size = 16384 (custom)
2019-08-20 15:32:04,008 INFO  server.RaftServerConfigKeys (ConfUtils.java:logGet(43)) - raft.server.log.write.buffer.size = 33554432 (custom)
2019-08-20 15:32:04,008 INFO  server.RaftServerConfigKeys (ConfUtils.java:logGet(43)) - raft.server.log.force.sync.num = 128 (default)
2019-08-20 15:32:04,008 INFO  server.RaftServerConfigKeys (ConfUtils.java:logGet(43)) - raft.server.log.statemachine.data.sync = true (default)
2019-08-20 15:32:04,009 INFO  server.RaftServerConfigKeys (ConfUtils.java:logGet(43)) - raft.server.log.statemachine.data.sync.timeout = 10s (default)
2019-08-20 15:32:04,009 INFO  server.RaftServerConfigKeys (ConfUtils.java:logGet(43)) - raft.server.log.statemachine.data.sync.timeout.retry = -1 (default)
2019-08-20 15:32:04,009 INFO  server.RaftServerConfigKeys (ConfUtils.java:logGet(43)) - raft.server.log.statemachine.data.caching.enabled = true (custom)
2019-08-20 15:32:04,009 INFO  segmented.SegmentedRaftLogWorker (SegmentedRaftLogWorker.java:lambda$new$0(132)) - fba1c820-9e7e-4e1f-a170-cb4ae6d3abd6-SegmentedRaftLogWorker:Storage Directory /workdir/hadoop-ozone/integration-test/target/test-dir/MiniOzoneClusterImpl-4e28bd16-aa40-4c06-8f2f-cbc92a7b77d1/datanode-4/data/ratis/ac176bcc-8e89-464b-92bc-ed12c6665a82: flushIndex: setUnconditionally 0 -> -1
2019-08-20 15:32:04,010 INFO  server.RaftServerConfigKeys (ConfUtils.java:logGet(43)) - raft.server.snapshot.auto.trigger.enabled = true (custom)
2019-08-20 15:32:04,010 INFO  server.RaftServerConfigKeys (ConfUtils.java:logGet(43)) - raft.server.snapshot.auto.trigger.threshold = 10000 (custom)
2019-08-20 15:32:04,010 INFO  server.RaftServerConfigKeys (ConfUtils.java:logGet(43)) - raft.server.retrycache.expirytime = 600000ms (custom)
2019-08-20 15:32:04,010 INFO  impl.RaftServerImpl (RaftServerImpl.java:start(180)) - fba1c820-9e7e-4e1f-a170-cb4ae6d3abd6: start group-ED12C6665A82
2019-08-20 15:32:04,011 INFO  impl.RaftServerImpl (RaftServerImpl.java:setRole(171)) - fba1c820-9e7e-4e1f-a170-cb4ae6d3abd6:group-ED12C6665A82 changes role from null to FOLLOWER at term 0 for startAsFollower
2019-08-20 15:32:04,011 INFO  impl.RoleInfo (RoleInfo.java:updateAndGet(143)) - fba1c820-9e7e-4e1f-a170-cb4ae6d3abd6: start FollowerState
2019-08-20 15:32:04,011 INFO  util.JmxRegister (JmxRegister.java:tryRegister(44)) - Successfully registered JMX Bean with object name Ratis:service=RaftServer,group=group-ED12C6665A82,id=fba1c820-9e7e-4e1f-a170-cb4ae6d3abd6
2019-08-20 15:32:04,030 INFO  pipeline.PipelineStateManager (PipelineStateManager.java:addPipeline(56)) - Created pipeline Pipeline[ Id: ac176bcc-8e89-464b-92bc-ed12c6665a82, Nodes: fba1c820-9e7e-4e1f-a170-cb4ae6d3abd6{ip: 192.168.5.175, host: pr-hdds-1879-mp8vb-189615265, networkLocation: /default-rack, certSerialId: null}, Type:RATIS, Factor:ONE, State:OPEN]
2019-08-20 15:32:04,073 INFO  impl.RaftServerProxy (RaftServerProxy.java:addNew(89)) - 0737f457-24f0-4bf4-893e-7f10574b9869: addNew group-67E3133C841A:[add14dfc-372b-471a-b721-7c60032bca35:192.168.5.175:42877, 355e8bf2-f896-46b6-975e-86d7b5057142:192.168.5.175:35523, 0737f457-24f0-4bf4-893e-7f10574b9869:192.168.5.175:33459] returns group-67E3133C841A:java.util.concurrent.CompletableFuture@787df867[Not completed]
2019-08-20 15:32:04,073 INFO  impl.RaftServerProxy (RaftServerProxy.java:addNew(89)) - add14dfc-372b-471a-b721-7c60032bca35: addNew group-67E3133C841A:[add14dfc-372b-471a-b721-7c60032bca35:192.168.5.175:42877, 355e8bf2-f896-46b6-975e-86d7b5057142:192.168.5.175:35523, 0737f457-24f0-4bf4-893e-7f10574b9869:192.168.5.175:33459] returns group-67E3133C841A:java.util.concurrent.CompletableFuture@2b92709e[Not completed]
2019-08-20 15:32:04,080 INFO  impl.RaftServerImpl (RaftServerImpl.java:<init>(93)) - 0737f457-24f0-4bf4-893e-7f10574b9869: new RaftServerImpl for group-67E3133C841A:[add14dfc-372b-471a-b721-7c60032bca35:192.168.5.175:42877, 355e8bf2-f896-46b6-975e-86d7b5057142:192.168.5.175:35523, 0737f457-24f0-4bf4-893e-7f10574b9869:192.168.5.175:33459] with ContainerStateMachine:uninitialized
2019-08-20 15:32:04,081 INFO  server.RaftServerConfigKeys (ConfUtils.java:logGet(43)) - raft.server.rpc.timeout.min = 5s (custom)
2019-08-20 15:32:04,081 INFO  impl.RaftServerProxy (RaftServerProxy.java:addNew(89)) - 355e8bf2-f896-46b6-975e-86d7b5057142: addNew group-67E3133C841A:[add14dfc-372b-471a-b721-7c60032bca35:192.168.5.175:42877, 355e8bf2-f896-46b6-975e-86d7b5057142:192.168.5.175:35523, 0737f457-24f0-4bf4-893e-7f10574b9869:192.168.5.175:33459] returns group-67E3133C841A:java.util.concurrent.CompletableFuture@6e90fb88[Not completed]
2019-08-20 15:32:04,081 INFO  server.RaftServerConfigKeys (ConfUtils.java:logGet(43)) - raft.server.rpc.timeout.max = 5200ms (custom)
2019-08-20 15:32:04,081 INFO  server.RaftServerConfigKeys (ConfUtils.java:logGet(43)) - raft.server.rpcslowness.timeout = 120s (custom)
2019-08-20 15:32:04,081 INFO  server.RaftServerConfigKeys (ConfUtils.java:logGet(43)) - raft.server.sleep.deviation.threshold = 300 (default)
2019-08-20 15:32:04,081 INFO  server.RaftServerConfigKeys (ConfUtils.java:logGet(43)) - raft.server.log.appender.install.snapshot.enabled = false (custom)
2019-08-20 15:32:04,082 INFO  impl.RaftServerImpl (ServerState.java:<init>(105)) - 0737f457-24f0-4bf4-893e-7f10574b9869:group-67E3133C841A ConfigurationManager, init=-1: [add14dfc-372b-471a-b721-7c60032bca35:192.168.5.175:42877, 355e8bf2-f896-46b6-975e-86d7b5057142:192.168.5.175:35523, 0737f457-24f0-4bf4-893e-7f10574b9869:192.168.5.175:33459], old=null, confs=<EMPTY_MAP>
2019-08-20 15:32:04,082 INFO  server.RaftServerConfigKeys (ConfUtils.java:logGet(43)) - raft.server.storage.dir = [/workdir/hadoop-ozone/integration-test/target/test-dir/MiniOzoneClusterImpl-4e28bd16-aa40-4c06-8f2f-cbc92a7b77d1/datanode-5/data/ratis] (custom)
2019-08-20 15:32:04,082 INFO  impl.RaftServerImpl (RaftServerImpl.java:<init>(93)) - add14dfc-372b-471a-b721-7c60032bca35: new RaftServerImpl for group-67E3133C841A:[add14dfc-372b-471a-b721-7c60032bca35:192.168.5.175:42877, 355e8bf2-f896-46b6-975e-86d7b5057142:192.168.5.175:35523, 0737f457-24f0-4bf4-893e-7f10574b9869:192.168.5.175:33459] with ContainerStateMachine:uninitialized
2019-08-20 15:32:04,082 INFO  storage.RaftStorageDirectory (RaftStorageDirectory.java:analyzeStorage(246)) - The storage directory /workdir/hadoop-ozone/integration-test/target/test-dir/MiniOzoneClusterImpl-4e28bd16-aa40-4c06-8f2f-cbc92a7b77d1/datanode-5/data/ratis/c0fd81d3-3f56-4584-854d-67e3133c841a does not exist. Creating ...
2019-08-20 15:32:04,082 INFO  server.RaftServerConfigKeys (ConfUtils.java:logGet(43)) - raft.server.rpc.timeout.min = 5s (custom)
2019-08-20 15:32:04,083 INFO  server.RaftServerConfigKeys (ConfUtils.java:logGet(43)) - raft.server.rpc.timeout.max = 5200ms (custom)
2019-08-20 15:32:04,083 INFO  server.RaftServerConfigKeys (ConfUtils.java:logGet(43)) - raft.server.rpcslowness.timeout = 120s (custom)
2019-08-20 15:32:04,083 INFO  server.RaftServerConfigKeys (ConfUtils.java:logGet(43)) - raft.server.sleep.deviation.threshold = 300 (default)
2019-08-20 15:32:04,083 INFO  server.RaftServerConfigKeys (ConfUtils.java:logGet(43)) - raft.server.log.appender.install.snapshot.enabled = false (custom)
2019-08-20 15:32:04,083 INFO  impl.RaftServerImpl (ServerState.java:<init>(105)) - add14dfc-372b-471a-b721-7c60032bca35:group-67E3133C841A ConfigurationManager, init=-1: [add14dfc-372b-471a-b721-7c60032bca35:192.168.5.175:42877, 355e8bf2-f896-46b6-975e-86d7b5057142:192.168.5.175:35523, 0737f457-24f0-4bf4-893e-7f10574b9869:192.168.5.175:33459], old=null, confs=<EMPTY_MAP>
2019-08-20 15:32:04,084 INFO  impl.RaftServerImpl (RaftServerImpl.java:<init>(93)) - 355e8bf2-f896-46b6-975e-86d7b5057142: new RaftServerImpl for group-67E3133C841A:[add14dfc-372b-471a-b721-7c60032bca35:192.168.5.175:42877, 355e8bf2-f896-46b6-975e-86d7b5057142:192.168.5.175:35523, 0737f457-24f0-4bf4-893e-7f10574b9869:192.168.5.175:33459] with ContainerStateMachine:uninitialized
2019-08-20 15:32:04,084 INFO  server.RaftServerConfigKeys (ConfUtils.java:logGet(43)) - raft.server.storage.dir = [/workdir/hadoop-ozone/integration-test/target/test-dir/MiniOzoneClusterImpl-4e28bd16-aa40-4c06-8f2f-cbc92a7b77d1/datanode-2/data/ratis] (custom)
2019-08-20 15:32:04,084 INFO  server.RaftServerConfigKeys (ConfUtils.java:logGet(43)) - raft.server.rpc.timeout.min = 5s (custom)
2019-08-20 15:32:04,084 INFO  server.RaftServerConfigKeys (ConfUtils.java:logGet(43)) - raft.server.rpc.timeout.max = 5200ms (custom)
2019-08-20 15:32:04,084 INFO  storage.RaftStorageDirectory (RaftStorageDirectory.java:analyzeStorage(246)) - The storage directory /workdir/hadoop-ozone/integration-test/target/test-dir/MiniOzoneClusterImpl-4e28bd16-aa40-4c06-8f2f-cbc92a7b77d1/datanode-2/data/ratis/c0fd81d3-3f56-4584-854d-67e3133c841a does not exist. Creating ...
2019-08-20 15:32:04,084 INFO  server.RaftServerConfigKeys (ConfUtils.java:logGet(43)) - raft.server.rpcslowness.timeout = 120s (custom)
2019-08-20 15:32:04,084 INFO  server.RaftServerConfigKeys (ConfUtils.java:logGet(43)) - raft.server.sleep.deviation.threshold = 300 (default)
2019-08-20 15:32:04,085 INFO  server.RaftServerConfigKeys (ConfUtils.java:logGet(43)) - raft.server.log.appender.install.snapshot.enabled = false (custom)
2019-08-20 15:32:04,085 INFO  impl.RaftServerImpl (ServerState.java:<init>(105)) - 355e8bf2-f896-46b6-975e-86d7b5057142:group-67E3133C841A ConfigurationManager, init=-1: [add14dfc-372b-471a-b721-7c60032bca35:192.168.5.175:42877, 355e8bf2-f896-46b6-975e-86d7b5057142:192.168.5.175:35523, 0737f457-24f0-4bf4-893e-7f10574b9869:192.168.5.175:33459], old=null, confs=<EMPTY_MAP>
2019-08-20 15:32:04,085 INFO  server.RaftServerConfigKeys (ConfUtils.java:logGet(43)) - raft.server.storage.dir = [/workdir/hadoop-ozone/integration-test/target/test-dir/MiniOzoneClusterImpl-4e28bd16-aa40-4c06-8f2f-cbc92a7b77d1/datanode-1/data/ratis] (custom)
2019-08-20 15:32:04,085 INFO  storage.RaftStorageDirectory (RaftStorageDirectory.java:analyzeStorage(246)) - The storage directory /workdir/hadoop-ozone/integration-test/target/test-dir/MiniOzoneClusterImpl-4e28bd16-aa40-4c06-8f2f-cbc92a7b77d1/datanode-1/data/ratis/c0fd81d3-3f56-4584-854d-67e3133c841a does not exist. Creating ...
2019-08-20 15:32:04,096 INFO  storage.RaftStorageDirectory (RaftStorageDirectory.java:tryLock(328)) - Lock on /workdir/hadoop-ozone/integration-test/target/test-dir/MiniOzoneClusterImpl-4e28bd16-aa40-4c06-8f2f-cbc92a7b77d1/datanode-2/data/ratis/c0fd81d3-3f56-4584-854d-67e3133c841a/in_use.lock acquired by nodename 29188@pr-hdds-1879-mp8vb-189615265
2019-08-20 15:32:04,096 INFO  storage.RaftStorageDirectory (RaftStorageDirectory.java:tryLock(328)) - Lock on /workdir/hadoop-ozone/integration-test/target/test-dir/MiniOzoneClusterImpl-4e28bd16-aa40-4c06-8f2f-cbc92a7b77d1/datanode-5/data/ratis/c0fd81d3-3f56-4584-854d-67e3133c841a/in_use.lock acquired by nodename 29188@pr-hdds-1879-mp8vb-189615265
2019-08-20 15:32:04,096 INFO  storage.RaftStorageDirectory (RaftStorageDirectory.java:tryLock(328)) - Lock on /workdir/hadoop-ozone/integration-test/target/test-dir/MiniOzoneClusterImpl-4e28bd16-aa40-4c06-8f2f-cbc92a7b77d1/datanode-1/data/ratis/c0fd81d3-3f56-4584-854d-67e3133c841a/in_use.lock acquired by nodename 29188@pr-hdds-1879-mp8vb-189615265
2019-08-20 15:32:04,111 INFO  storage.RaftStorage (RaftStorage.java:format(72)) - Storage directory /workdir/hadoop-ozone/integration-test/target/test-dir/MiniOzoneClusterImpl-4e28bd16-aa40-4c06-8f2f-cbc92a7b77d1/datanode-1/data/ratis/c0fd81d3-3f56-4584-854d-67e3133c841a has been successfully formatted.
2019-08-20 15:32:04,111 INFO  storage.RaftStorage (RaftStorage.java:format(72)) - Storage directory /workdir/hadoop-ozone/integration-test/target/test-dir/MiniOzoneClusterImpl-4e28bd16-aa40-4c06-8f2f-cbc92a7b77d1/datanode-5/data/ratis/c0fd81d3-3f56-4584-854d-67e3133c841a has been successfully formatted.
2019-08-20 15:32:04,112 INFO  storage.RaftStorage (RaftStorage.java:format(72)) - Storage directory /workdir/hadoop-ozone/integration-test/target/test-dir/MiniOzoneClusterImpl-4e28bd16-aa40-4c06-8f2f-cbc92a7b77d1/datanode-2/data/ratis/c0fd81d3-3f56-4584-854d-67e3133c841a has been successfully formatted.
2019-08-20 15:32:04,118 INFO  ratis.ContainerStateMachine (ContainerStateMachine.java:loadSnapshot(223)) - group-67E3133C841A: The snapshot info is null. Setting the last applied indexto:(t:0, i:~)
2019-08-20 15:32:04,118 INFO  ratis.ContainerStateMachine (ContainerStateMachine.java:loadSnapshot(223)) - group-67E3133C841A: The snapshot info is null. Setting the last applied indexto:(t:0, i:~)
2019-08-20 15:32:04,118 INFO  server.RaftServerConfigKeys (ConfUtils.java:logGet(43)) - raft.server.leader.election.timeout = 120s (custom)
2019-08-20 15:32:04,118 INFO  ratis.ContainerStateMachine (ContainerStateMachine.java:loadSnapshot(223)) - group-67E3133C841A: The snapshot info is null. Setting the last applied indexto:(t:0, i:~)
2019-08-20 15:32:04,118 INFO  server.RaftServerConfigKeys (ConfUtils.java:logGet(43)) - raft.server.log.use.memory = false (default)
2019-08-20 15:32:04,118 INFO  server.RaftServerConfigKeys (ConfUtils.java:logGet(43)) - raft.server.leader.election.timeout = 120s (custom)
2019-08-20 15:32:04,119 INFO  server.RaftServerConfigKeys (ConfUtils.java:logGet(43)) - raft.server.log.purge.gap = 1000000000 (custom)
2019-08-20 15:32:04,118 INFO  server.RaftServerConfigKeys (ConfUtils.java:logGet(43)) - raft.server.leader.election.timeout = 120s (custom)
2019-08-20 15:32:04,119 INFO  server.RaftServerConfigKeys (ConfUtils.java:logGet(43)) - raft.server.log.appender.buffer.byte-limit = 33554432 (custom)
2019-08-20 15:32:04,119 INFO  server.RaftServerConfigKeys (ConfUtils.java:logGet(43)) - raft.server.log.use.memory = false (default)
2019-08-20 15:32:04,119 INFO  server.RaftServerConfigKeys (ConfUtils.java:logGet(43)) - raft.server.log.segment.size.max = 1048576 (custom)
2019-08-20 15:32:04,119 INFO  server.RaftServerConfigKeys (ConfUtils.java:logGet(43)) - raft.server.log.use.memory = false (default)
2019-08-20 15:32:04,119 INFO  server.RaftServerConfigKeys (ConfUtils.java:logGet(43)) - raft.server.log.segment.cache.num.max = 2 (custom)
2019-08-20 15:32:04,119 INFO  server.RaftServerConfigKeys (ConfUtils.java:logGet(43)) - raft.server.log.purge.gap = 1000000000 (custom)
2019-08-20 15:32:04,120 INFO  segmented.SegmentedRaftLogWorker (SegmentedRaftLogWorker.java:<init>(172)) - new 355e8bf2-f896-46b6-975e-86d7b5057142-SegmentedRaftLogWorker:Storage Directory /workdir/hadoop-ozone/integration-test/target/test-dir/MiniOzoneClusterImpl-4e28bd16-aa40-4c06-8f2f-cbc92a7b77d1/datanode-1/data/ratis/c0fd81d3-3f56-4584-854d-67e3133c841a for RaftStorage:Storage Directory /workdir/hadoop-ozone/integration-test/target/test-dir/MiniOzoneClusterImpl-4e28bd16-aa40-4c06-8f2f-cbc92a7b77d1/datanode-1/data/ratis/c0fd81d3-3f56-4584-854d-67e3133c841a
2019-08-20 15:32:04,119 INFO  server.RaftServerConfigKeys (ConfUtils.java:logGet(43)) - raft.server.log.purge.gap = 1000000000 (custom)
2019-08-20 15:32:04,120 INFO  server.RaftServerConfigKeys (ConfUtils.java:logGet(43)) - raft.server.log.queue.byte-limit = 2147483647 (custom)
2019-08-20 15:32:04,120 INFO  server.RaftServerConfigKeys (ConfUtils.java:logGet(43)) - raft.server.log.appender.buffer.byte-limit = 33554432 (custom)
2019-08-20 15:32:04,121 INFO  server.RaftServerConfigKeys (ConfUtils.java:logGet(43)) - raft.server.log.queue.element-limit = 1024 (custom)
2019-08-20 15:32:04,120 INFO  server.RaftServerConfigKeys (ConfUtils.java:logGet(43)) - raft.server.log.appender.buffer.byte-limit = 33554432 (custom)
2019-08-20 15:32:04,122 INFO  server.RaftServerConfigKeys (ConfUtils.java:logGet(43)) - raft.server.log.segment.size.max = 1048576 (custom)
2019-08-20 15:32:04,121 INFO  server.RaftServerConfigKeys (ConfUtils.java:logGet(43)) - raft.server.log.segment.size.max = 1048576 (custom)
2019-08-20 15:32:04,122 INFO  server.RaftServerConfigKeys (ConfUtils.java:logGet(43)) - raft.server.log.preallocated.size = 16384 (custom)
2019-08-20 15:32:04,122 INFO  server.RaftServerConfigKeys (ConfUtils.java:logGet(43)) - raft.server.log.segment.size.max = 1048576 (custom)
2019-08-20 15:32:04,122 INFO  server.RaftServerConfigKeys (ConfUtils.java:logGet(43)) - raft.server.log.write.buffer.size = 33554432 (custom)
2019-08-20 15:32:04,122 INFO  server.RaftServerConfigKeys (ConfUtils.java:logGet(43)) - raft.server.log.segment.cache.num.max = 2 (custom)
2019-08-20 15:32:04,122 INFO  server.RaftServerConfigKeys (ConfUtils.java:logGet(43)) - raft.server.log.force.sync.num = 128 (default)
2019-08-20 15:32:04,122 INFO  server.RaftServerConfigKeys (ConfUtils.java:logGet(43)) - raft.server.log.segment.cache.num.max = 2 (custom)
2019-08-20 15:32:04,123 INFO  server.RaftServerConfigKeys (ConfUtils.java:logGet(43)) - raft.server.log.statemachine.data.sync = true (default)
2019-08-20 15:32:04,122 INFO  segmented.SegmentedRaftLogWorker (SegmentedRaftLogWorker.java:<init>(172)) - new 0737f457-24f0-4bf4-893e-7f10574b9869-SegmentedRaftLogWorker:Storage Directory /workdir/hadoop-ozone/integration-test/target/test-dir/MiniOzoneClusterImpl-4e28bd16-aa40-4c06-8f2f-cbc92a7b77d1/datanode-5/data/ratis/c0fd81d3-3f56-4584-854d-67e3133c841a for RaftStorage:Storage Directory /workdir/hadoop-ozone/integration-test/target/test-dir/MiniOzoneClusterImpl-4e28bd16-aa40-4c06-8f2f-cbc92a7b77d1/datanode-5/data/ratis/c0fd81d3-3f56-4584-854d-67e3133c841a
2019-08-20 15:32:04,123 INFO  server.RaftServerConfigKeys (ConfUtils.java:logGet(43)) - raft.server.log.statemachine.data.sync.timeout = 10s (default)
2019-08-20 15:32:04,123 INFO  segmented.SegmentedRaftLogWorker (SegmentedRaftLogWorker.java:<init>(172)) - new add14dfc-372b-471a-b721-7c60032bca35-SegmentedRaftLogWorker:Storage Directory /workdir/hadoop-ozone/integration-test/target/test-dir/MiniOzoneClusterImpl-4e28bd16-aa40-4c06-8f2f-cbc92a7b77d1/datanode-2/data/ratis/c0fd81d3-3f56-4584-854d-67e3133c841a for RaftStorage:Storage Directory /workdir/hadoop-ozone/integration-test/target/test-dir/MiniOzoneClusterImpl-4e28bd16-aa40-4c06-8f2f-cbc92a7b77d1/datanode-2/data/ratis/c0fd81d3-3f56-4584-854d-67e3133c841a
2019-08-20 15:32:04,123 INFO  server.RaftServerConfigKeys (ConfUtils.java:logGet(43)) - raft.server.log.statemachine.data.sync.timeout.retry = -1 (default)
2019-08-20 15:32:04,123 INFO  server.RaftServerConfigKeys (ConfUtils.java:logGet(43)) - raft.server.log.queue.byte-limit = 2147483647 (custom)
2019-08-20 15:32:04,126 INFO  server.RaftServerConfigKeys (ConfUtils.java:logGet(43)) - raft.server.log.statemachine.data.caching.enabled = true (custom)
2019-08-20 15:32:04,124 INFO  server.RaftServerConfigKeys (ConfUtils.java:logGet(43)) - raft.server.log.queue.byte-limit = 2147483647 (custom)
2019-08-20 15:32:04,126 INFO  server.RaftServerConfigKeys (ConfUtils.java:logGet(43)) - raft.server.log.queue.element-limit = 1024 (custom)
2019-08-20 15:32:04,126 INFO  segmented.SegmentedRaftLogWorker (SegmentedRaftLogWorker.java:lambda$new$0(132)) - 355e8bf2-f896-46b6-975e-86d7b5057142-SegmentedRaftLogWorker:Storage Directory /workdir/hadoop-ozone/integration-test/target/test-dir/MiniOzoneClusterImpl-4e28bd16-aa40-4c06-8f2f-cbc92a7b77d1/datanode-1/data/ratis/c0fd81d3-3f56-4584-854d-67e3133c841a: flushIndex: setUnconditionally 0 -> -1
2019-08-20 15:32:04,126 INFO  server.RaftServerConfigKeys (ConfUtils.java:logGet(43)) - raft.server.log.queue.element-limit = 1024 (custom)
2019-08-20 15:32:04,126 INFO  server.RaftServerConfigKeys (ConfUtils.java:logGet(43)) - raft.server.log.segment.size.max = 1048576 (custom)
2019-08-20 15:32:04,127 INFO  server.RaftServerConfigKeys (ConfUtils.java:logGet(43)) - raft.server.log.segment.size.max = 1048576 (custom)
2019-08-20 15:32:04,127 INFO  server.RaftServerConfigKeys (ConfUtils.java:logGet(43)) - raft.server.snapshot.auto.trigger.enabled = true (custom)
2019-08-20 15:32:04,127 INFO  server.RaftServerConfigKeys (ConfUtils.java:logGet(43)) - raft.server.log.preallocated.size = 16384 (custom)
2019-08-20 15:32:04,127 INFO  server.RaftServerConfigKeys (ConfUtils.java:logGet(43)) - raft.server.log.preallocated.size = 16384 (custom)
2019-08-20 15:32:04,127 INFO  server.RaftServerConfigKeys (ConfUtils.java:logGet(43)) - raft.server.log.write.buffer.size = 33554432 (custom)
2019-08-20 15:32:04,127 INFO  server.RaftServerConfigKeys (ConfUtils.java:logGet(43)) - raft.server.snapshot.auto.trigger.threshold = 10000 (custom)
2019-08-20 15:32:04,127 INFO  server.RaftServerConfigKeys (ConfUtils.java:logGet(43)) - raft.server.log.force.sync.num = 128 (default)
2019-08-20 15:32:04,127 INFO  server.RaftServerConfigKeys (ConfUtils.java:logGet(43)) - raft.server.log.write.buffer.size = 33554432 (custom)
2019-08-20 15:32:04,128 INFO  server.RaftServerConfigKeys (ConfUtils.java:logGet(43)) - raft.server.log.statemachine.data.sync = true (default)
2019-08-20 15:32:04,128 INFO  server.RaftServerConfigKeys (ConfUtils.java:logGet(43)) - raft.server.retrycache.expirytime = 600000ms (custom)
2019-08-20 15:32:04,128 INFO  server.RaftServerConfigKeys (ConfUtils.java:logGet(43)) - raft.server.log.statemachine.data.sync.timeout = 10s (default)
2019-08-20 15:32:04,128 INFO  server.RaftServerConfigKeys (ConfUtils.java:logGet(43)) - raft.server.log.force.sync.num = 128 (default)
2019-08-20 15:32:04,128 INFO  server.RaftServerConfigKeys (ConfUtils.java:logGet(43)) - raft.server.log.statemachine.data.sync.timeout.retry = -1 (default)
2019-08-20 15:32:04,128 INFO  impl.RaftServerImpl (RaftServerImpl.java:start(180)) - 355e8bf2-f896-46b6-975e-86d7b5057142: start group-67E3133C841A
2019-08-20 15:32:04,128 INFO  server.RaftServerConfigKeys (ConfUtils.java:logGet(43)) - raft.server.log.statemachine.data.sync = true (default)
2019-08-20 15:32:04,129 INFO  impl.RaftServerImpl (RaftServerImpl.java:setRole(171)) - 355e8bf2-f896-46b6-975e-86d7b5057142:group-67E3133C841A changes role from null to FOLLOWER at term 0 for startAsFollower
2019-08-20 15:32:04,129 INFO  server.RaftServerConfigKeys (ConfUtils.java:logGet(43)) - raft.server.log.statemachine.data.caching.enabled = true (custom)
2019-08-20 15:32:04,129 INFO  impl.RoleInfo (RoleInfo.java:updateAndGet(143)) - 355e8bf2-f896-46b6-975e-86d7b5057142: start FollowerState
2019-08-20 15:32:04,129 INFO  server.RaftServerConfigKeys (ConfUtils.java:logGet(43)) - raft.server.log.statemachine.data.sync.timeout = 10s (default)
2019-08-20 15:32:04,129 INFO  segmented.SegmentedRaftLogWorker (SegmentedRaftLogWorker.java:lambda$new$0(132)) - add14dfc-372b-471a-b721-7c60032bca35-SegmentedRaftLogWorker:Storage Directory /workdir/hadoop-ozone/integration-test/target/test-dir/MiniOzoneClusterImpl-4e28bd16-aa40-4c06-8f2f-cbc92a7b77d1/datanode-2/data/ratis/c0fd81d3-3f56-4584-854d-67e3133c841a: flushIndex: setUnconditionally 0 -> -1
2019-08-20 15:32:04,129 INFO  rpc.RpcClient (RpcClient.java:createVolume(288)) - Creating Volume: testblockoutputstream, with jenkins1000 as owner.
2019-08-20 15:32:04,130 INFO  server.RaftServerConfigKeys (ConfUtils.java:logGet(43)) - raft.server.snapshot.auto.trigger.enabled = true (custom)
2019-08-20 15:32:04,129 INFO  util.JmxRegister (JmxRegister.java:tryRegister(44)) - Successfully registered JMX Bean with object name Ratis:service=RaftServer,group=group-67E3133C841A,id=355e8bf2-f896-46b6-975e-86d7b5057142
2019-08-20 15:32:04,129 INFO  server.RaftServerConfigKeys (ConfUtils.java:logGet(43)) - raft.server.log.statemachine.data.sync.timeout.retry = -1 (default)
2019-08-20 15:32:04,130 INFO  server.RaftServerConfigKeys (ConfUtils.java:logGet(43)) - raft.server.snapshot.auto.trigger.threshold = 10000 (custom)
2019-08-20 15:32:04,130 INFO  server.RaftServerConfigKeys (ConfUtils.java:logGet(43)) - raft.server.log.statemachine.data.caching.enabled = true (custom)
2019-08-20 15:32:04,130 INFO  server.RaftServerConfigKeys (ConfUtils.java:logGet(43)) - raft.server.retrycache.expirytime = 600000ms (custom)
2019-08-20 15:32:04,131 INFO  segmented.SegmentedRaftLogWorker (SegmentedRaftLogWorker.java:lambda$new$0(132)) - 0737f457-24f0-4bf4-893e-7f10574b9869-SegmentedRaftLogWorker:Storage Directory /workdir/hadoop-ozone/integration-test/target/test-dir/MiniOzoneClusterImpl-4e28bd16-aa40-4c06-8f2f-cbc92a7b77d1/datanode-5/data/ratis/c0fd81d3-3f56-4584-854d-67e3133c841a: flushIndex: setUnconditionally 0 -> -1
2019-08-20 15:32:04,131 INFO  impl.RaftServerImpl (RaftServerImpl.java:start(180)) - add14dfc-372b-471a-b721-7c60032bca35: start group-67E3133C841A
2019-08-20 15:32:04,131 INFO  impl.RaftServerImpl (RaftServerImpl.java:setRole(171)) - add14dfc-372b-471a-b721-7c60032bca35:group-67E3133C841A changes role from null to FOLLOWER at term 0 for startAsFollower
2019-08-20 15:32:04,131 INFO  server.RaftServerConfigKeys (ConfUtils.java:logGet(43)) - raft.server.snapshot.auto.trigger.enabled = true (custom)
2019-08-20 15:32:04,131 INFO  impl.RoleInfo (RoleInfo.java:updateAndGet(143)) - add14dfc-372b-471a-b721-7c60032bca35: start FollowerState
2019-08-20 15:32:04,131 INFO  server.RaftServerConfigKeys (ConfUtils.java:logGet(43)) - raft.server.snapshot.auto.trigger.threshold = 10000 (custom)
2019-08-20 15:32:04,131 INFO  server.RaftServerConfigKeys (ConfUtils.java:logGet(43)) - raft.server.retrycache.expirytime = 600000ms (custom)
2019-08-20 15:32:04,132 INFO  util.JmxRegister (JmxRegister.java:tryRegister(44)) - Successfully registered JMX Bean with object name Ratis:service=RaftServer,group=group-67E3133C841A,id=add14dfc-372b-471a-b721-7c60032bca35
2019-08-20 15:32:04,132 INFO  impl.RaftServerImpl (RaftServerImpl.java:start(180)) - 0737f457-24f0-4bf4-893e-7f10574b9869: start group-67E3133C841A
2019-08-20 15:32:04,132 INFO  impl.RaftServerImpl (RaftServerImpl.java:setRole(171)) - 0737f457-24f0-4bf4-893e-7f10574b9869:group-67E3133C841A changes role from null to FOLLOWER at term 0 for startAsFollower
2019-08-20 15:32:04,132 INFO  impl.RoleInfo (RoleInfo.java:updateAndGet(143)) - 0737f457-24f0-4bf4-893e-7f10574b9869: start FollowerState
2019-08-20 15:32:04,133 INFO  util.JmxRegister (JmxRegister.java:tryRegister(44)) - Successfully registered JMX Bean with object name Ratis:service=RaftServer,group=group-67E3133C841A,id=0737f457-24f0-4bf4-893e-7f10574b9869
2019-08-20 15:32:04,159 INFO  pipeline.PipelineStateManager (PipelineStateManager.java:addPipeline(56)) - Created pipeline Pipeline[ Id: c0fd81d3-3f56-4584-854d-67e3133c841a, Nodes: 355e8bf2-f896-46b6-975e-86d7b5057142{ip: 192.168.5.175, host: pr-hdds-1879-mp8vb-189615265, networkLocation: /default-rack, certSerialId: null}add14dfc-372b-471a-b721-7c60032bca35{ip: 192.168.5.175, host: pr-hdds-1879-mp8vb-189615265, networkLocation: /default-rack, certSerialId: null}0737f457-24f0-4bf4-893e-7f10574b9869{ip: 192.168.5.175, host: pr-hdds-1879-mp8vb-189615265, networkLocation: /default-rack, certSerialId: null}, Type:RATIS, Factor:THREE, State:OPEN]
2019-08-20 15:32:04,189 INFO  impl.RaftServerProxy (RaftServerProxy.java:addNew(89)) - f1640d0e-af93-4f84-a81b-d62e5135c470: addNew group-79D04D37DD1E:[83587b57-23c3-472d-a9db-c66327d21260:192.168.5.175:44905, f1640d0e-af93-4f84-a81b-d62e5135c470:192.168.5.175:37991, 68a06dc7-23c8-4ea6-8753-852ac4572228:192.168.5.175:36868] returns group-79D04D37DD1E:java.util.concurrent.CompletableFuture@348f27ea[Not completed]
2019-08-20 15:32:04,189 INFO  impl.RaftServerProxy (RaftServerProxy.java:addNew(89)) - 68a06dc7-23c8-4ea6-8753-852ac4572228: addNew group-79D04D37DD1E:[83587b57-23c3-472d-a9db-c66327d21260:192.168.5.175:44905, f1640d0e-af93-4f84-a81b-d62e5135c470:192.168.5.175:37991, 68a06dc7-23c8-4ea6-8753-852ac4572228:192.168.5.175:36868] returns group-79D04D37DD1E:java.util.concurrent.CompletableFuture@c88d414[Not completed]
2019-08-20 15:32:04,191 INFO  impl.RaftServerProxy (RaftServerProxy.java:addNew(89)) - 83587b57-23c3-472d-a9db-c66327d21260: addNew group-79D04D37DD1E:[83587b57-23c3-472d-a9db-c66327d21260:192.168.5.175:44905, f1640d0e-af93-4f84-a81b-d62e5135c470:192.168.5.175:37991, 68a06dc7-23c8-4ea6-8753-852ac4572228:192.168.5.175:36868] returns group-79D04D37DD1E:java.util.concurrent.CompletableFuture@5fb472ff[Not completed]
2019-08-20 15:32:04,193 INFO  impl.RaftServerImpl (RaftServerImpl.java:<init>(93)) - f1640d0e-af93-4f84-a81b-d62e5135c470: new RaftServerImpl for group-79D04D37DD1E:[83587b57-23c3-472d-a9db-c66327d21260:192.168.5.175:44905, f1640d0e-af93-4f84-a81b-d62e5135c470:192.168.5.175:37991, 68a06dc7-23c8-4ea6-8753-852ac4572228:192.168.5.175:36868] with ContainerStateMachine:uninitialized
2019-08-20 15:32:04,193 INFO  server.RaftServerConfigKeys (ConfUtils.java:logGet(43)) - raft.server.rpc.timeout.min = 5s (custom)
2019-08-20 15:32:04,193 INFO  server.RaftServerConfigKeys (ConfUtils.java:logGet(43)) - raft.server.rpc.timeout.max = 5200ms (custom)
2019-08-20 15:32:04,193 INFO  server.RaftServerConfigKeys (ConfUtils.java:logGet(43)) - raft.server.rpcslowness.timeout = 120s (custom)
2019-08-20 15:32:04,194 INFO  server.RaftServerConfigKeys (ConfUtils.java:logGet(43)) - raft.server.sleep.deviation.threshold = 300 (default)
2019-08-20 15:32:04,194 INFO  server.RaftServerConfigKeys (ConfUtils.java:logGet(43)) - raft.server.log.appender.install.snapshot.enabled = false (custom)
2019-08-20 15:32:04,194 INFO  impl.RaftServerImpl (RaftServerImpl.java:<init>(93)) - 83587b57-23c3-472d-a9db-c66327d21260: new RaftServerImpl for group-79D04D37DD1E:[83587b57-23c3-472d-a9db-c66327d21260:192.168.5.175:44905, f1640d0e-af93-4f84-a81b-d62e5135c470:192.168.5.175:37991, 68a06dc7-23c8-4ea6-8753-852ac4572228:192.168.5.175:36868] with ContainerStateMachine:uninitialized
2019-08-20 15:32:04,194 INFO  impl.RaftServerImpl (ServerState.java:<init>(105)) - f1640d0e-af93-4f84-a81b-d62e5135c470:group-79D04D37DD1E ConfigurationManager, init=-1: [83587b57-23c3-472d-a9db-c66327d21260:192.168.5.175:44905, f1640d0e-af93-4f84-a81b-d62e5135c470:192.168.5.175:37991, 68a06dc7-23c8-4ea6-8753-852ac4572228:192.168.5.175:36868], old=null, confs=<EMPTY_MAP>
2019-08-20 15:32:04,194 INFO  server.RaftServerConfigKeys (ConfUtils.java:logGet(43)) - raft.server.rpc.timeout.min = 5s (custom)
2019-08-20 15:32:04,195 INFO  server.RaftServerConfigKeys (ConfUtils.java:logGet(43)) - raft.server.storage.dir = [/workdir/hadoop-ozone/integration-test/target/test-dir/MiniOzoneClusterImpl-4e28bd16-aa40-4c06-8f2f-cbc92a7b77d1/datanode-0/data/ratis] (custom)
2019-08-20 15:32:04,196 INFO  server.RaftServerConfigKeys (ConfUtils.java:logGet(43)) - raft.server.rpc.timeout.max = 5200ms (custom)
2019-08-20 15:32:04,196 INFO  server.RaftServerConfigKeys (ConfUtils.java:logGet(43)) - raft.server.rpcslowness.timeout = 120s (custom)
2019-08-20 15:32:04,196 INFO  storage.RaftStorageDirectory (RaftStorageDirectory.java:analyzeStorage(246)) - The storage directory /workdir/hadoop-ozone/integration-test/target/test-dir/MiniOzoneClusterImpl-4e28bd16-aa40-4c06-8f2f-cbc92a7b77d1/datanode-0/data/ratis/42fc173d-a841-4921-b3bc-79d04d37dd1e does not exist. Creating ...
2019-08-20 15:32:04,196 INFO  impl.RaftServerImpl (RaftServerImpl.java:<init>(93)) - 68a06dc7-23c8-4ea6-8753-852ac4572228: new RaftServerImpl for group-79D04D37DD1E:[83587b57-23c3-472d-a9db-c66327d21260:192.168.5.175:44905, f1640d0e-af93-4f84-a81b-d62e5135c470:192.168.5.175:37991, 68a06dc7-23c8-4ea6-8753-852ac4572228:192.168.5.175:36868] with ContainerStateMachine:uninitialized
2019-08-20 15:32:04,196 INFO  server.RaftServerConfigKeys (ConfUtils.java:logGet(43)) - raft.server.sleep.deviation.threshold = 300 (default)
2019-08-20 15:32:04,197 INFO  server.RaftServerConfigKeys (ConfUtils.java:logGet(43)) - raft.server.rpc.timeout.min = 5s (custom)
2019-08-20 15:32:04,197 INFO  server.RaftServerConfigKeys (ConfUtils.java:logGet(43)) - raft.server.log.appender.install.snapshot.enabled = false (custom)
2019-08-20 15:32:04,197 INFO  server.RaftServerConfigKeys (ConfUtils.java:logGet(43)) - raft.server.rpc.timeout.max = 5200ms (custom)
2019-08-20 15:32:04,197 INFO  impl.RaftServerImpl (ServerState.java:<init>(105)) - 83587b57-23c3-472d-a9db-c66327d21260:group-79D04D37DD1E ConfigurationManager, init=-1: [83587b57-23c3-472d-a9db-c66327d21260:192.168.5.175:44905, f1640d0e-af93-4f84-a81b-d62e5135c470:192.168.5.175:37991, 68a06dc7-23c8-4ea6-8753-852ac4572228:192.168.5.175:36868], old=null, confs=<EMPTY_MAP>
2019-08-20 15:32:04,197 INFO  server.RaftServerConfigKeys (ConfUtils.java:logGet(43)) - raft.server.rpcslowness.timeout = 120s (custom)
2019-08-20 15:32:04,198 INFO  server.RaftServerConfigKeys (ConfUtils.java:logGet(43)) - raft.server.storage.dir = [/workdir/hadoop-ozone/integration-test/target/test-dir/MiniOzoneClusterImpl-4e28bd16-aa40-4c06-8f2f-cbc92a7b77d1/datanode-6/data/ratis] (custom)
2019-08-20 15:32:04,198 INFO  server.RaftServerConfigKeys (ConfUtils.java:logGet(43)) - raft.server.sleep.deviation.threshold = 300 (default)
2019-08-20 15:32:04,198 INFO  server.RaftServerConfigKeys (ConfUtils.java:logGet(43)) - raft.server.log.appender.install.snapshot.enabled = false (custom)
2019-08-20 15:32:04,198 INFO  storage.RaftStorageDirectory (RaftStorageDirectory.java:analyzeStorage(246)) - The storage directory /workdir/hadoop-ozone/integration-test/target/test-dir/MiniOzoneClusterImpl-4e28bd16-aa40-4c06-8f2f-cbc92a7b77d1/datanode-6/data/ratis/42fc173d-a841-4921-b3bc-79d04d37dd1e does not exist. Creating ...
2019-08-20 15:32:04,198 INFO  impl.RaftServerImpl (ServerState.java:<init>(105)) - 68a06dc7-23c8-4ea6-8753-852ac4572228:group-79D04D37DD1E ConfigurationManager, init=-1: [83587b57-23c3-472d-a9db-c66327d21260:192.168.5.175:44905, f1640d0e-af93-4f84-a81b-d62e5135c470:192.168.5.175:37991, 68a06dc7-23c8-4ea6-8753-852ac4572228:192.168.5.175:36868], old=null, confs=<EMPTY_MAP>
2019-08-20 15:32:04,198 INFO  server.RaftServerConfigKeys (ConfUtils.java:logGet(43)) - raft.server.storage.dir = [/workdir/hadoop-ozone/integration-test/target/test-dir/MiniOzoneClusterImpl-4e28bd16-aa40-4c06-8f2f-cbc92a7b77d1/datanode-3/data/ratis] (custom)
2019-08-20 15:32:04,200 INFO  storage.RaftStorageDirectory (RaftStorageDirectory.java:analyzeStorage(246)) - The storage directory /workdir/hadoop-ozone/integration-test/target/test-dir/MiniOzoneClusterImpl-4e28bd16-aa40-4c06-8f2f-cbc92a7b77d1/datanode-3/data/ratis/42fc173d-a841-4921-b3bc-79d04d37dd1e does not exist. Creating ...
2019-08-20 15:32:04,207 INFO  rpc.RpcClient (RpcClient.java:createBucket(425)) - Creating Bucket: testblockoutputstream/testblockoutputstream, with Versioning false and Storage Type set to DISK and Encryption set to false 
2019-08-20 15:32:04,211 INFO  storage.RaftStorageDirectory (RaftStorageDirectory.java:tryLock(328)) - Lock on /workdir/hadoop-ozone/integration-test/target/test-dir/MiniOzoneClusterImpl-4e28bd16-aa40-4c06-8f2f-cbc92a7b77d1/datanode-6/data/ratis/42fc173d-a841-4921-b3bc-79d04d37dd1e/in_use.lock acquired by nodename 29188@pr-hdds-1879-mp8vb-189615265
2019-08-20 15:32:04,211 INFO  storage.RaftStorageDirectory (RaftStorageDirectory.java:tryLock(328)) - Lock on /workdir/hadoop-ozone/integration-test/target/test-dir/MiniOzoneClusterImpl-4e28bd16-aa40-4c06-8f2f-cbc92a7b77d1/datanode-0/data/ratis/42fc173d-a841-4921-b3bc-79d04d37dd1e/in_use.lock acquired by nodename 29188@pr-hdds-1879-mp8vb-189615265
2019-08-20 15:32:04,211 INFO  storage.RaftStorageDirectory (RaftStorageDirectory.java:tryLock(328)) - Lock on /workdir/hadoop-ozone/integration-test/target/test-dir/MiniOzoneClusterImpl-4e28bd16-aa40-4c06-8f2f-cbc92a7b77d1/datanode-3/data/ratis/42fc173d-a841-4921-b3bc-79d04d37dd1e/in_use.lock acquired by nodename 29188@pr-hdds-1879-mp8vb-189615265
2019-08-20 15:32:04,224 INFO  storage.RaftStorage (RaftStorage.java:format(72)) - Storage directory /workdir/hadoop-ozone/integration-test/target/test-dir/MiniOzoneClusterImpl-4e28bd16-aa40-4c06-8f2f-cbc92a7b77d1/datanode-6/data/ratis/42fc173d-a841-4921-b3bc-79d04d37dd1e has been successfully formatted.
2019-08-20 15:32:04,224 INFO  impl.MetricsSystemImpl (MetricsSystemImpl.java:init(158)) - XceiverClientMetrics metrics system started (again)
2019-08-20 15:32:04,224 INFO  ratis.ContainerStateMachine (ContainerStateMachine.java:loadSnapshot(223)) - group-79D04D37DD1E: The snapshot info is null. Setting the last applied indexto:(t:0, i:~)
2019-08-20 15:32:04,224 INFO  storage.RaftStorage (RaftStorage.java:format(72)) - Storage directory /workdir/hadoop-ozone/integration-test/target/test-dir/MiniOzoneClusterImpl-4e28bd16-aa40-4c06-8f2f-cbc92a7b77d1/datanode-3/data/ratis/42fc173d-a841-4921-b3bc-79d04d37dd1e has been successfully formatted.
2019-08-20 15:32:04,224 INFO  storage.RaftStorage (RaftStorage.java:format(72)) - Storage directory /workdir/hadoop-ozone/integration-test/target/test-dir/MiniOzoneClusterImpl-4e28bd16-aa40-4c06-8f2f-cbc92a7b77d1/datanode-0/data/ratis/42fc173d-a841-4921-b3bc-79d04d37dd1e has been successfully formatted.
2019-08-20 15:32:04,224 INFO  server.RaftServerConfigKeys (ConfUtils.java:logGet(43)) - raft.server.leader.election.timeout = 120s (custom)
2019-08-20 15:32:04,225 INFO  ratis.ContainerStateMachine (ContainerStateMachine.java:loadSnapshot(223)) - group-79D04D37DD1E: The snapshot info is null. Setting the last applied indexto:(t:0, i:~)
2019-08-20 15:32:04,225 INFO  ratis.ContainerStateMachine (ContainerStateMachine.java:loadSnapshot(223)) - group-79D04D37DD1E: The snapshot info is null. Setting the last applied indexto:(t:0, i:~)
2019-08-20 15:32:04,225 INFO  server.RaftServerConfigKeys (ConfUtils.java:logGet(43)) - raft.server.log.use.memory = false (default)
2019-08-20 15:32:04,225 INFO  server.RaftServerConfigKeys (ConfUtils.java:logGet(43)) - raft.server.leader.election.timeout = 120s (custom)
2019-08-20 15:32:04,225 INFO  server.RaftServerConfigKeys (ConfUtils.java:logGet(43)) - raft.server.leader.election.timeout = 120s (custom)
2019-08-20 15:32:04,225 INFO  server.RaftServerConfigKeys (ConfUtils.java:logGet(43)) - raft.server.log.use.memory = false (default)
2019-08-20 15:32:04,225 INFO  server.RaftServerConfigKeys (ConfUtils.java:logGet(43)) - raft.server.log.purge.gap = 1000000000 (custom)
2019-08-20 15:32:04,225 INFO  server.RaftServerConfigKeys (ConfUtils.java:logGet(43)) - raft.server.log.purge.gap = 1000000000 (custom)
2019-08-20 15:32:04,225 INFO  server.RaftServerConfigKeys (ConfUtils.java:logGet(43)) - raft.server.log.use.memory = false (default)
2019-08-20 15:32:04,226 INFO  server.RaftServerConfigKeys (ConfUtils.java:logGet(43)) - raft.server.log.appender.buffer.byte-limit = 33554432 (custom)
2019-08-20 15:32:04,226 INFO  server.RaftServerConfigKeys (ConfUtils.java:logGet(43)) - raft.server.log.appender.buffer.byte-limit = 33554432 (custom)
2019-08-20 15:32:04,226 INFO  server.RaftServerConfigKeys (ConfUtils.java:logGet(43)) - raft.server.log.segment.size.max = 1048576 (custom)
2019-08-20 15:32:04,226 INFO  server.RaftServerConfigKeys (ConfUtils.java:logGet(43)) - raft.server.log.purge.gap = 1000000000 (custom)
2019-08-20 15:32:04,226 INFO  server.RaftServerConfigKeys (ConfUtils.java:logGet(43)) - raft.server.log.segment.cache.num.max = 2 (custom)
2019-08-20 15:32:04,226 INFO  server.RaftServerConfigKeys (ConfUtils.java:logGet(43)) - raft.server.log.segment.size.max = 1048576 (custom)
2019-08-20 15:32:04,226 INFO  segmented.SegmentedRaftLogWorker (SegmentedRaftLogWorker.java:<init>(172)) - new f1640d0e-af93-4f84-a81b-d62e5135c470-SegmentedRaftLogWorker:Storage Directory /workdir/hadoop-ozone/integration-test/target/test-dir/MiniOzoneClusterImpl-4e28bd16-aa40-4c06-8f2f-cbc92a7b77d1/datanode-0/data/ratis/42fc173d-a841-4921-b3bc-79d04d37dd1e for RaftStorage:Storage Directory /workdir/hadoop-ozone/integration-test/target/test-dir/MiniOzoneClusterImpl-4e28bd16-aa40-4c06-8f2f-cbc92a7b77d1/datanode-0/data/ratis/42fc173d-a841-4921-b3bc-79d04d37dd1e
2019-08-20 15:32:04,226 INFO  server.RaftServerConfigKeys (ConfUtils.java:logGet(43)) - raft.server.log.appender.buffer.byte-limit = 33554432 (custom)
2019-08-20 15:32:04,226 INFO  server.RaftServerConfigKeys (ConfUtils.java:logGet(43)) - raft.server.log.queue.byte-limit = 2147483647 (custom)
2019-08-20 15:32:04,226 INFO  server.RaftServerConfigKeys (ConfUtils.java:logGet(43)) - raft.server.log.segment.cache.num.max = 2 (custom)
2019-08-20 15:32:04,229 INFO  server.RaftServerConfigKeys (ConfUtils.java:logGet(43)) - raft.server.log.queue.element-limit = 1024 (custom)
2019-08-20 15:32:04,227 INFO  server.RaftServerConfigKeys (ConfUtils.java:logGet(43)) - raft.server.log.segment.size.max = 1048576 (custom)
2019-08-20 15:32:04,229 INFO  server.RaftServerConfigKeys (ConfUtils.java:logGet(43)) - raft.server.log.segment.size.max = 1048576 (custom)
2019-08-20 15:32:04,229 INFO  server.RaftServerConfigKeys (ConfUtils.java:logGet(43)) - raft.server.log.segment.cache.num.max = 2 (custom)
2019-08-20 15:32:04,229 INFO  segmented.SegmentedRaftLogWorker (SegmentedRaftLogWorker.java:<init>(172)) - new 83587b57-23c3-472d-a9db-c66327d21260-SegmentedRaftLogWorker:Storage Directory /workdir/hadoop-ozone/integration-test/target/test-dir/MiniOzoneClusterImpl-4e28bd16-aa40-4c06-8f2f-cbc92a7b77d1/datanode-6/data/ratis/42fc173d-a841-4921-b3bc-79d04d37dd1e for RaftStorage:Storage Directory /workdir/hadoop-ozone/integration-test/target/test-dir/MiniOzoneClusterImpl-4e28bd16-aa40-4c06-8f2f-cbc92a7b77d1/datanode-6/data/ratis/42fc173d-a841-4921-b3bc-79d04d37dd1e
2019-08-20 15:32:04,229 INFO  segmented.SegmentedRaftLogWorker (SegmentedRaftLogWorker.java:<init>(172)) - new 68a06dc7-23c8-4ea6-8753-852ac4572228-SegmentedRaftLogWorker:Storage Directory /workdir/hadoop-ozone/integration-test/target/test-dir/MiniOzoneClusterImpl-4e28bd16-aa40-4c06-8f2f-cbc92a7b77d1/datanode-3/data/ratis/42fc173d-a841-4921-b3bc-79d04d37dd1e for RaftStorage:Storage Directory /workdir/hadoop-ozone/integration-test/target/test-dir/MiniOzoneClusterImpl-4e28bd16-aa40-4c06-8f2f-cbc92a7b77d1/datanode-3/data/ratis/42fc173d-a841-4921-b3bc-79d04d37dd1e
2019-08-20 15:32:04,229 INFO  server.RaftServerConfigKeys (ConfUtils.java:logGet(43)) - raft.server.log.preallocated.size = 16384 (custom)
2019-08-20 15:32:04,230 INFO  server.RaftServerConfigKeys (ConfUtils.java:logGet(43)) - raft.server.log.queue.byte-limit = 2147483647 (custom)
2019-08-20 15:32:04,230 INFO  server.RaftServerConfigKeys (ConfUtils.java:logGet(43)) - raft.server.log.queue.byte-limit = 2147483647 (custom)
2019-08-20 15:32:04,233 INFO  server.RaftServerConfigKeys (ConfUtils.java:logGet(43)) - raft.server.log.queue.element-limit = 1024 (custom)
2019-08-20 15:32:04,231 INFO  server.RaftServerConfigKeys (ConfUtils.java:logGet(43)) - raft.server.log.write.buffer.size = 33554432 (custom)
2019-08-20 15:32:04,233 INFO  server.RaftServerConfigKeys (ConfUtils.java:logGet(43)) - raft.server.log.segment.size.max = 1048576 (custom)
2019-08-20 15:32:04,233 INFO  server.RaftServerConfigKeys (ConfUtils.java:logGet(43)) - raft.server.log.queue.element-limit = 1024 (custom)
2019-08-20 15:32:04,233 INFO  server.RaftServerConfigKeys (ConfUtils.java:logGet(43)) - raft.server.log.preallocated.size = 16384 (custom)
2019-08-20 15:32:04,233 INFO  server.RaftServerConfigKeys (ConfUtils.java:logGet(43)) - raft.server.log.force.sync.num = 128 (default)
2019-08-20 15:32:04,233 INFO  server.RaftServerConfigKeys (ConfUtils.java:logGet(43)) - raft.server.log.write.buffer.size = 33554432 (custom)
2019-08-20 15:32:04,233 INFO  server.RaftServerConfigKeys (ConfUtils.java:logGet(43)) - raft.server.log.segment.size.max = 1048576 (custom)
2019-08-20 15:32:04,234 INFO  server.RaftServerConfigKeys (ConfUtils.java:logGet(43)) - raft.server.log.force.sync.num = 128 (default)
2019-08-20 15:32:04,234 INFO  server.RaftServerConfigKeys (ConfUtils.java:logGet(43)) - raft.server.log.statemachine.data.sync = true (default)
2019-08-20 15:32:04,234 INFO  server.RaftServerConfigKeys (ConfUtils.java:logGet(43)) - raft.server.log.statemachine.data.sync = true (default)
2019-08-20 15:32:04,234 INFO  server.RaftServerConfigKeys (ConfUtils.java:logGet(43)) - raft.server.log.preallocated.size = 16384 (custom)
2019-08-20 15:32:04,234 INFO  server.RaftServerConfigKeys (ConfUtils.java:logGet(43)) - raft.server.log.statemachine.data.sync.timeout = 10s (default)
2019-08-20 15:32:04,234 INFO  server.RaftServerConfigKeys (ConfUtils.java:logGet(43)) - raft.server.log.statemachine.data.sync.timeout = 10s (default)
2019-08-20 15:32:04,235 INFO  server.RaftServerConfigKeys (ConfUtils.java:logGet(43)) - raft.server.log.statemachine.data.sync.timeout.retry = -1 (default)
2019-08-20 15:32:04,234 INFO  server.RaftServerConfigKeys (ConfUtils.java:logGet(43)) - raft.server.log.write.buffer.size = 33554432 (custom)
2019-08-20 15:32:04,235 INFO  server.RaftServerConfigKeys (ConfUtils.java:logGet(43)) - raft.server.log.statemachine.data.sync.timeout.retry = -1 (default)
2019-08-20 15:32:04,235 INFO  server.RaftServerConfigKeys (ConfUtils.java:logGet(43)) - raft.server.log.force.sync.num = 128 (default)
2019-08-20 15:32:04,235 INFO  server.RaftServerConfigKeys (ConfUtils.java:logGet(43)) - raft.server.log.statemachine.data.caching.enabled = true (custom)
2019-08-20 15:32:04,235 INFO  server.RaftServerConfigKeys (ConfUtils.java:logGet(43)) - raft.server.log.statemachine.data.caching.enabled = true (custom)
2019-08-20 15:32:04,235 INFO  server.RaftServerConfigKeys (ConfUtils.java:logGet(43)) - raft.server.log.statemachine.data.sync = true (default)
2019-08-20 15:32:04,235 INFO  segmented.SegmentedRaftLogWorker (SegmentedRaftLogWorker.java:lambda$new$0(132)) - f1640d0e-af93-4f84-a81b-d62e5135c470-SegmentedRaftLogWorker:Storage Directory /workdir/hadoop-ozone/integration-test/target/test-dir/MiniOzoneClusterImpl-4e28bd16-aa40-4c06-8f2f-cbc92a7b77d1/datanode-0/data/ratis/42fc173d-a841-4921-b3bc-79d04d37dd1e: flushIndex: setUnconditionally 0 -> -1
2019-08-20 15:32:04,235 INFO  server.RaftServerConfigKeys (ConfUtils.java:logGet(43)) - raft.server.log.statemachine.data.sync.timeout = 10s (default)
2019-08-20 15:32:04,236 INFO  segmented.SegmentedRaftLogWorker (SegmentedRaftLogWorker.java:lambda$new$0(132)) - 68a06dc7-23c8-4ea6-8753-852ac4572228-SegmentedRaftLogWorker:Storage Directory /workdir/hadoop-ozone/integration-test/target/test-dir/MiniOzoneClusterImpl-4e28bd16-aa40-4c06-8f2f-cbc92a7b77d1/datanode-3/data/ratis/42fc173d-a841-4921-b3bc-79d04d37dd1e: flushIndex: setUnconditionally 0 -> -1
2019-08-20 15:32:04,236 INFO  server.RaftServerConfigKeys (ConfUtils.java:logGet(43)) - raft.server.snapshot.auto.trigger.enabled = true (custom)
2019-08-20 15:32:04,236 INFO  server.RaftServerConfigKeys (ConfUtils.java:logGet(43)) - raft.server.log.statemachine.data.sync.timeout.retry = -1 (default)
2019-08-20 15:32:04,236 INFO  server.RaftServerConfigKeys (ConfUtils.java:logGet(43)) - raft.server.snapshot.auto.trigger.enabled = true (custom)
2019-08-20 15:32:04,236 INFO  server.RaftServerConfigKeys (ConfUtils.java:logGet(43)) - raft.server.snapshot.auto.trigger.threshold = 10000 (custom)
2019-08-20 15:32:04,236 INFO  server.RaftServerConfigKeys (ConfUtils.java:logGet(43)) - raft.server.snapshot.auto.trigger.threshold = 10000 (custom)
2019-08-20 15:32:04,236 INFO  server.RaftServerConfigKeys (ConfUtils.java:logGet(43)) - raft.server.log.statemachine.data.caching.enabled = true (custom)
2019-08-20 15:32:04,236 INFO  server.RaftServerConfigKeys (ConfUtils.java:logGet(43)) - raft.server.retrycache.expirytime = 600000ms (custom)
2019-08-20 15:32:04,237 INFO  server.RaftServerConfigKeys (ConfUtils.java:logGet(43)) - raft.server.retrycache.expirytime = 600000ms (custom)
2019-08-20 15:32:04,237 INFO  impl.RaftServerImpl (RaftServerImpl.java:start(180)) - f1640d0e-af93-4f84-a81b-d62e5135c470: start group-79D04D37DD1E
2019-08-20 15:32:04,237 INFO  segmented.SegmentedRaftLogWorker (SegmentedRaftLogWorker.java:lambda$new$0(132)) - 83587b57-23c3-472d-a9db-c66327d21260-SegmentedRaftLogWorker:Storage Directory /workdir/hadoop-ozone/integration-test/target/test-dir/MiniOzoneClusterImpl-4e28bd16-aa40-4c06-8f2f-cbc92a7b77d1/datanode-6/data/ratis/42fc173d-a841-4921-b3bc-79d04d37dd1e: flushIndex: setUnconditionally 0 -> -1
2019-08-20 15:32:04,237 INFO  impl.RaftServerImpl (RaftServerImpl.java:start(180)) - 68a06dc7-23c8-4ea6-8753-852ac4572228: start group-79D04D37DD1E
2019-08-20 15:32:04,237 INFO  impl.RaftServerImpl (RaftServerImpl.java:setRole(171)) - f1640d0e-af93-4f84-a81b-d62e5135c470:group-79D04D37DD1E changes role from null to FOLLOWER at term 0 for startAsFollower
2019-08-20 15:32:04,237 INFO  server.RaftServerConfigKeys (ConfUtils.java:logGet(43)) - raft.server.snapshot.auto.trigger.enabled = true (custom)
2019-08-20 15:32:04,237 INFO  impl.RaftServerImpl (RaftServerImpl.java:setRole(171)) - 68a06dc7-23c8-4ea6-8753-852ac4572228:group-79D04D37DD1E changes role from null to FOLLOWER at term 0 for startAsFollower
2019-08-20 15:32:04,237 INFO  server.RaftServerConfigKeys (ConfUtils.java:logGet(43)) - raft.server.snapshot.auto.trigger.threshold = 10000 (custom)
2019-08-20 15:32:04,237 INFO  impl.RoleInfo (RoleInfo.java:updateAndGet(143)) - f1640d0e-af93-4f84-a81b-d62e5135c470: start FollowerState
2019-08-20 15:32:04,245 INFO  server.RaftServerConfigKeys (ConfUtils.java:logGet(43)) - raft.server.retrycache.expirytime = 600000ms (custom)
2019-08-20 15:32:04,237 INFO  impl.RoleInfo (RoleInfo.java:updateAndGet(143)) - 68a06dc7-23c8-4ea6-8753-852ac4572228: start FollowerState
2019-08-20 15:32:04,252 INFO  impl.RaftServerImpl (RaftServerImpl.java:start(180)) - 83587b57-23c3-472d-a9db-c66327d21260: start group-79D04D37DD1E
2019-08-20 15:32:04,252 INFO  util.JmxRegister (JmxRegister.java:tryRegister(44)) - Successfully registered JMX Bean with object name Ratis:service=RaftServer,group=group-79D04D37DD1E,id=f1640d0e-af93-4f84-a81b-d62e5135c470
2019-08-20 15:32:04,252 INFO  impl.RaftServerImpl (RaftServerImpl.java:setRole(171)) - 83587b57-23c3-472d-a9db-c66327d21260:group-79D04D37DD1E changes role from null to FOLLOWER at term 0 for startAsFollower
2019-08-20 15:32:04,254 INFO  impl.RoleInfo (RoleInfo.java:updateAndGet(143)) - 83587b57-23c3-472d-a9db-c66327d21260: start FollowerState
2019-08-20 15:32:04,254 INFO  util.JmxRegister (JmxRegister.java:tryRegister(44)) - Successfully registered JMX Bean with object name Ratis:service=RaftServer,group=group-79D04D37DD1E,id=68a06dc7-23c8-4ea6-8753-852ac4572228
2019-08-20 15:32:04,254 INFO  util.JmxRegister (JmxRegister.java:tryRegister(44)) - Successfully registered JMX Bean with object name Ratis:service=RaftServer,group=group-79D04D37DD1E,id=83587b57-23c3-472d-a9db-c66327d21260
2019-08-20 15:32:04,274 INFO  pipeline.PipelineStateManager (PipelineStateManager.java:addPipeline(56)) - Created pipeline Pipeline[ Id: 42fc173d-a841-4921-b3bc-79d04d37dd1e, Nodes: 83587b57-23c3-472d-a9db-c66327d21260{ip: 192.168.5.175, host: pr-hdds-1879-mp8vb-189615265, networkLocation: /default-rack, certSerialId: null}f1640d0e-af93-4f84-a81b-d62e5135c470{ip: 192.168.5.175, host: pr-hdds-1879-mp8vb-189615265, networkLocation: /default-rack, certSerialId: null}68a06dc7-23c8-4ea6-8753-852ac4572228{ip: 192.168.5.175, host: pr-hdds-1879-mp8vb-189615265, networkLocation: /default-rack, certSerialId: null}, Type:RATIS, Factor:THREE, State:OPEN]
2019-08-20 15:32:04,470 INFO  client.GrpcClientProtocolClient (GrpcClientProtocolClient.java:onNext(255)) - client-E22C7E5C1505->83587b57-23c3-472d-a9db-c66327d21260: receive RaftClientReply:client-E22C7E5C1505->83587b57-23c3-472d-a9db-c66327d21260@group-79D04D37DD1E, cid=13, FAILED org.apache.ratis.protocol.NotLeaderException: Server 83587b57-23c3-472d-a9db-c66327d21260 is not the leader (null). Request must be sent to leader., logIndex=0, commits[83587b57-23c3-472d-a9db-c66327d21260:c-1]
2019-08-20 15:32:05,283 INFO  container.ReplicationManager (ReplicationManager.java:start(155)) - Starting Replication Monitor Thread.
2019-08-20 15:32:05,290 INFO  container.ReplicationManager (ReplicationManager.java:run(207)) - Replication Monitor Thread took 4 milliseconds for processing 1 containers.
2019-08-20 15:32:05,524 INFO  client.GrpcClientProtocolClient (GrpcClientProtocolClient.java:onNext(255)) - client-E22C7E5C1505->f1640d0e-af93-4f84-a81b-d62e5135c470: receive RaftClientReply:client-E22C7E5C1505->f1640d0e-af93-4f84-a81b-d62e5135c470@group-79D04D37DD1E, cid=13, FAILED org.apache.ratis.protocol.NotLeaderException: Server f1640d0e-af93-4f84-a81b-d62e5135c470 is not the leader (null). Request must be sent to leader., logIndex=0, commits[f1640d0e-af93-4f84-a81b-d62e5135c470:c-1]
2019-08-20 15:32:06,545 INFO  client.GrpcClientProtocolClient (GrpcClientProtocolClient.java:onNext(255)) - client-E22C7E5C1505->83587b57-23c3-472d-a9db-c66327d21260: receive RaftClientReply:client-E22C7E5C1505->83587b57-23c3-472d-a9db-c66327d21260@group-79D04D37DD1E, cid=13, FAILED org.apache.ratis.protocol.NotLeaderException: Server 83587b57-23c3-472d-a9db-c66327d21260 is not the leader (null). Request must be sent to leader., logIndex=0, commits[83587b57-23c3-472d-a9db-c66327d21260:c-1]
2019-08-20 15:32:07,570 INFO  client.GrpcClientProtocolClient (GrpcClientProtocolClient.java:onNext(255)) - client-E22C7E5C1505->68a06dc7-23c8-4ea6-8753-852ac4572228: receive RaftClientReply:client-E22C7E5C1505->68a06dc7-23c8-4ea6-8753-852ac4572228@group-79D04D37DD1E, cid=13, FAILED org.apache.ratis.protocol.NotLeaderException: Server 68a06dc7-23c8-4ea6-8753-852ac4572228 is not the leader (null). Request must be sent to leader., logIndex=0, commits[68a06dc7-23c8-4ea6-8753-852ac4572228:c-1]
2019-08-20 15:32:08,509 INFO  impl.FollowerState (FollowerState.java:run(106)) - f1640d0e-af93-4f84-a81b-d62e5135c470:group-8CDE37EF3FDB changes to CANDIDATE, lastRpcTime:5138, electionTimeout:5137ms
2019-08-20 15:32:08,509 INFO  impl.RoleInfo (RoleInfo.java:shutdownFollowerState(121)) - f1640d0e-af93-4f84-a81b-d62e5135c470: shutdown FollowerState
2019-08-20 15:32:08,510 INFO  impl.RaftServerImpl (RaftServerImpl.java:setRole(171)) - f1640d0e-af93-4f84-a81b-d62e5135c470:group-8CDE37EF3FDB changes role from FOLLOWER to CANDIDATE at term 0 for changeToCandidate
2019-08-20 15:32:08,515 INFO  impl.RoleInfo (RoleInfo.java:updateAndGet(143)) - f1640d0e-af93-4f84-a81b-d62e5135c470: start LeaderElection
2019-08-20 15:32:08,537 INFO  impl.LeaderElection (LeaderElection.java:askForVotes(181)) - f1640d0e-af93-4f84-a81b-d62e5135c470:group-8CDE37EF3FDB:LeaderElection1: begin an election at term 1 for -1: [f1640d0e-af93-4f84-a81b-d62e5135c470:192.168.5.175:37991], old=null
2019-08-20 15:32:08,539 INFO  impl.RoleInfo (RoleInfo.java:shutdownLeaderElection(134)) - f1640d0e-af93-4f84-a81b-d62e5135c470: shutdown LeaderElection
2019-08-20 15:32:08,540 INFO  impl.RaftServerImpl (RaftServerImpl.java:setRole(171)) - f1640d0e-af93-4f84-a81b-d62e5135c470:group-8CDE37EF3FDB changes role from CANDIDATE to LEADER at term 1 for changeToLeader
2019-08-20 15:32:08,540 INFO  impl.RaftServerImpl (ServerState.java:setLeader(263)) - f1640d0e-af93-4f84-a81b-d62e5135c470:group-8CDE37EF3FDB change Leader from null to f1640d0e-af93-4f84-a81b-d62e5135c470 at term 1 for becomeLeader, leader elected after 5265ms
2019-08-20 15:32:08,548 INFO  server.RaftServerConfigKeys (ConfUtils.java:logGet(43)) - raft.server.staging.catchup.gap = 1000 (default)
2019-08-20 15:32:08,549 INFO  server.RaftServerConfigKeys (ConfUtils.java:logGet(43)) - raft.server.rpc.sleep.time = 25ms (default)
2019-08-20 15:32:08,552 INFO  server.RaftServerConfigKeys (ConfUtils.java:logGet(43)) - raft.server.write.element-limit = 4096 (default)
2019-08-20 15:32:08,554 INFO  server.RaftServerConfigKeys (ConfUtils.java:logGet(43)) - raft.server.watch.timeout = 10s (default)
2019-08-20 15:32:08,555 INFO  server.RaftServerConfigKeys (ConfUtils.java:logGet(43)) - raft.server.watch.timeout.denomination = 1s (default)
2019-08-20 15:32:08,555 INFO  server.RaftServerConfigKeys (ConfUtils.java:logGet(43)) - raft.server.watch.element-limit = 65536 (default)
2019-08-20 15:32:08,565 INFO  impl.RoleInfo (RoleInfo.java:updateAndGet(143)) - f1640d0e-af93-4f84-a81b-d62e5135c470: start LeaderState
2019-08-20 15:32:08,590 INFO  segmented.SegmentedRaftLogWorker (SegmentedRaftLogWorker.java:startLogSegment(380)) - f1640d0e-af93-4f84-a81b-d62e5135c470-SegmentedRaftLogWorker:Storage Directory /workdir/hadoop-ozone/integration-test/target/test-dir/MiniOzoneClusterImpl-4e28bd16-aa40-4c06-8f2f-cbc92a7b77d1/datanode-0/data/ratis/d8406a1e-94ff-4735-ab60-8cde37ef3fdb: Starting segment from index:0
2019-08-20 15:32:08,595 INFO  client.GrpcClientProtocolClient (GrpcClientProtocolClient.java:onNext(255)) - client-E22C7E5C1505->83587b57-23c3-472d-a9db-c66327d21260: receive RaftClientReply:client-E22C7E5C1505->83587b57-23c3-472d-a9db-c66327d21260@group-79D04D37DD1E, cid=13, FAILED org.apache.ratis.protocol.NotLeaderException: Server 83587b57-23c3-472d-a9db-c66327d21260 is not the leader (null). Request must be sent to leader., logIndex=0, commits[83587b57-23c3-472d-a9db-c66327d21260:c-1]
2019-08-20 15:32:08,607 INFO  impl.RaftServerImpl (ServerState.java:setRaftConf(361)) - f1640d0e-af93-4f84-a81b-d62e5135c470:group-8CDE37EF3FDB set configuration 0: [f1640d0e-af93-4f84-a81b-d62e5135c470:192.168.5.175:37991], old=null at 0
2019-08-20 15:32:08,660 INFO  impl.FollowerState (FollowerState.java:run(106)) - 355e8bf2-f896-46b6-975e-86d7b5057142:group-C96A1348F7C4 changes to CANDIDATE, lastRpcTime:5107, electionTimeout:5106ms
2019-08-20 15:32:08,662 INFO  impl.RoleInfo (RoleInfo.java:shutdownFollowerState(121)) - 355e8bf2-f896-46b6-975e-86d7b5057142: shutdown FollowerState
2019-08-20 15:32:08,662 INFO  impl.RaftServerImpl (RaftServerImpl.java:setRole(171)) - 355e8bf2-f896-46b6-975e-86d7b5057142:group-C96A1348F7C4 changes role from FOLLOWER to CANDIDATE at term 0 for changeToCandidate
2019-08-20 15:32:08,662 INFO  impl.RoleInfo (RoleInfo.java:updateAndGet(143)) - 355e8bf2-f896-46b6-975e-86d7b5057142: start LeaderElection
2019-08-20 15:32:08,679 INFO  impl.LeaderElection (LeaderElection.java:askForVotes(181)) - 355e8bf2-f896-46b6-975e-86d7b5057142:group-C96A1348F7C4:LeaderElection2: begin an election at term 1 for -1: [355e8bf2-f896-46b6-975e-86d7b5057142:192.168.5.175:35523], old=null
2019-08-20 15:32:08,681 INFO  impl.RoleInfo (RoleInfo.java:shutdownLeaderElection(134)) - 355e8bf2-f896-46b6-975e-86d7b5057142: shutdown LeaderElection
2019-08-20 15:32:08,681 INFO  impl.RaftServerImpl (RaftServerImpl.java:setRole(171)) - 355e8bf2-f896-46b6-975e-86d7b5057142:group-C96A1348F7C4 changes role from CANDIDATE to LEADER at term 1 for changeToLeader
2019-08-20 15:32:08,681 INFO  impl.RaftServerImpl (ServerState.java:setLeader(263)) - 355e8bf2-f896-46b6-975e-86d7b5057142:group-C96A1348F7C4 change Leader from null to 355e8bf2-f896-46b6-975e-86d7b5057142 at term 1 for becomeLeader, leader elected after 5133ms
2019-08-20 15:32:08,682 INFO  server.RaftServerConfigKeys (ConfUtils.java:logGet(43)) - raft.server.staging.catchup.gap = 1000 (default)
2019-08-20 15:32:08,682 INFO  server.RaftServerConfigKeys (ConfUtils.java:logGet(43)) - raft.server.rpc.sleep.time = 25ms (default)
2019-08-20 15:32:08,682 INFO  server.RaftServerConfigKeys (ConfUtils.java:logGet(43)) - raft.server.write.element-limit = 4096 (default)
2019-08-20 15:32:08,683 INFO  server.RaftServerConfigKeys (ConfUtils.java:logGet(43)) - raft.server.watch.timeout = 10s (default)
2019-08-20 15:32:08,683 INFO  server.RaftServerConfigKeys (ConfUtils.java:logGet(43)) - raft.server.watch.timeout.denomination = 1s (default)
2019-08-20 15:32:08,683 INFO  server.RaftServerConfigKeys (ConfUtils.java:logGet(43)) - raft.server.watch.element-limit = 65536 (default)
2019-08-20 15:32:08,683 INFO  impl.RoleInfo (RoleInfo.java:updateAndGet(143)) - 355e8bf2-f896-46b6-975e-86d7b5057142: start LeaderState
2019-08-20 15:32:08,683 INFO  segmented.SegmentedRaftLogWorker (SegmentedRaftLogWorker.java:startLogSegment(380)) - 355e8bf2-f896-46b6-975e-86d7b5057142-SegmentedRaftLogWorker:Storage Directory /workdir/hadoop-ozone/integration-test/target/test-dir/MiniOzoneClusterImpl-4e28bd16-aa40-4c06-8f2f-cbc92a7b77d1/datanode-1/data/ratis/655a01ce-4460-49b3-ba73-c96a1348f7c4: Starting segment from index:0
2019-08-20 15:32:08,684 INFO  impl.RaftServerImpl (ServerState.java:setRaftConf(361)) - 355e8bf2-f896-46b6-975e-86d7b5057142:group-C96A1348F7C4 set configuration 0: [355e8bf2-f896-46b6-975e-86d7b5057142:192.168.5.175:35523], old=null at 0
2019-08-20 15:32:08,741 INFO  impl.FollowerState (FollowerState.java:run(106)) - add14dfc-372b-471a-b721-7c60032bca35:group-044192A3831E changes to CANDIDATE, lastRpcTime:5103, electionTimeout:5103ms
2019-08-20 15:32:08,741 INFO  impl.RoleInfo (RoleInfo.java:shutdownFollowerState(121)) - add14dfc-372b-471a-b721-7c60032bca35: shutdown FollowerState
2019-08-20 15:32:08,741 INFO  impl.RaftServerImpl (RaftServerImpl.java:setRole(171)) - add14dfc-372b-471a-b721-7c60032bca35:group-044192A3831E changes role from FOLLOWER to CANDIDATE at term 0 for changeToCandidate
2019-08-20 15:32:08,741 INFO  impl.RoleInfo (RoleInfo.java:updateAndGet(143)) - add14dfc-372b-471a-b721-7c60032bca35: start LeaderElection
2019-08-20 15:32:08,759 INFO  impl.LeaderElection (LeaderElection.java:askForVotes(181)) - add14dfc-372b-471a-b721-7c60032bca35:group-044192A3831E:LeaderElection3: begin an election at term 1 for -1: [add14dfc-372b-471a-b721-7c60032bca35:192.168.5.175:42877], old=null
2019-08-20 15:32:08,759 INFO  impl.RoleInfo (RoleInfo.java:shutdownLeaderElection(134)) - add14dfc-372b-471a-b721-7c60032bca35: shutdown LeaderElection
2019-08-20 15:32:08,759 INFO  impl.RaftServerImpl (RaftServerImpl.java:setRole(171)) - add14dfc-372b-471a-b721-7c60032bca35:group-044192A3831E changes role from CANDIDATE to LEADER at term 1 for changeToLeader
2019-08-20 15:32:08,759 INFO  impl.RaftServerImpl (ServerState.java:setLeader(263)) - add14dfc-372b-471a-b721-7c60032bca35:group-044192A3831E change Leader from null to add14dfc-372b-471a-b721-7c60032bca35 at term 1 for becomeLeader, leader elected after 5126ms
2019-08-20 15:32:08,761 INFO  server.RaftServerConfigKeys (ConfUtils.java:logGet(43)) - raft.server.staging.catchup.gap = 1000 (default)
2019-08-20 15:32:08,761 INFO  server.RaftServerConfigKeys (ConfUtils.java:logGet(43)) - raft.server.rpc.sleep.time = 25ms (default)
2019-08-20 15:32:08,761 INFO  server.RaftServerConfigKeys (ConfUtils.java:logGet(43)) - raft.server.write.element-limit = 4096 (default)
2019-08-20 15:32:08,762 INFO  server.RaftServerConfigKeys (ConfUtils.java:logGet(43)) - raft.server.watch.timeout = 10s (default)
2019-08-20 15:32:08,762 INFO  server.RaftServerConfigKeys (ConfUtils.java:logGet(43)) - raft.server.watch.timeout.denomination = 1s (default)
2019-08-20 15:32:08,762 INFO  server.RaftServerConfigKeys (ConfUtils.java:logGet(43)) - raft.server.watch.element-limit = 65536 (default)
2019-08-20 15:32:08,762 INFO  impl.RoleInfo (RoleInfo.java:updateAndGet(143)) - add14dfc-372b-471a-b721-7c60032bca35: start LeaderState
2019-08-20 15:32:08,762 INFO  segmented.SegmentedRaftLogWorker (SegmentedRaftLogWorker.java:startLogSegment(380)) - add14dfc-372b-471a-b721-7c60032bca35-SegmentedRaftLogWorker:Storage Directory /workdir/hadoop-ozone/integration-test/target/test-dir/MiniOzoneClusterImpl-4e28bd16-aa40-4c06-8f2f-cbc92a7b77d1/datanode-2/data/ratis/f8e6cb11-2404-4300-a7ba-044192a3831e: Starting segment from index:0
2019-08-20 15:32:08,763 INFO  impl.RaftServerImpl (ServerState.java:setRaftConf(361)) - add14dfc-372b-471a-b721-7c60032bca35:group-044192A3831E set configuration 0: [add14dfc-372b-471a-b721-7c60032bca35:192.168.5.175:42877], old=null at 0
2019-08-20 15:32:08,839 INFO  segmented.SegmentedRaftLogWorker (SegmentedRaftLogWorker.java:execute(569)) - f1640d0e-af93-4f84-a81b-d62e5135c470-SegmentedRaftLogWorker:Storage Directory /workdir/hadoop-ozone/integration-test/target/test-dir/MiniOzoneClusterImpl-4e28bd16-aa40-4c06-8f2f-cbc92a7b77d1/datanode-0/data/ratis/d8406a1e-94ff-4735-ab60-8cde37ef3fdb: created new log segment /workdir/hadoop-ozone/integration-test/target/test-dir/MiniOzoneClusterImpl-4e28bd16-aa40-4c06-8f2f-cbc92a7b77d1/datanode-0/data/ratis/d8406a1e-94ff-4735-ab60-8cde37ef3fdb/current/log_inprogress_0
2019-08-20 15:32:08,839 INFO  segmented.SegmentedRaftLogWorker (SegmentedRaftLogWorker.java:execute(569)) - add14dfc-372b-471a-b721-7c60032bca35-SegmentedRaftLogWorker:Storage Directory /workdir/hadoop-ozone/integration-test/target/test-dir/MiniOzoneClusterImpl-4e28bd16-aa40-4c06-8f2f-cbc92a7b77d1/datanode-2/data/ratis/f8e6cb11-2404-4300-a7ba-044192a3831e: created new log segment /workdir/hadoop-ozone/integration-test/target/test-dir/MiniOzoneClusterImpl-4e28bd16-aa40-4c06-8f2f-cbc92a7b77d1/datanode-2/data/ratis/f8e6cb11-2404-4300-a7ba-044192a3831e/current/log_inprogress_0
2019-08-20 15:32:08,839 INFO  segmented.SegmentedRaftLogWorker (SegmentedRaftLogWorker.java:execute(569)) - 355e8bf2-f896-46b6-975e-86d7b5057142-SegmentedRaftLogWorker:Storage Directory /workdir/hadoop-ozone/integration-test/target/test-dir/MiniOzoneClusterImpl-4e28bd16-aa40-4c06-8f2f-cbc92a7b77d1/datanode-1/data/ratis/655a01ce-4460-49b3-ba73-c96a1348f7c4: created new log segment /workdir/hadoop-ozone/integration-test/target/test-dir/MiniOzoneClusterImpl-4e28bd16-aa40-4c06-8f2f-cbc92a7b77d1/datanode-1/data/ratis/655a01ce-4460-49b3-ba73-c96a1348f7c4/current/log_inprogress_0
2019-08-20 15:32:08,903 INFO  impl.FollowerState (FollowerState.java:run(106)) - 0737f457-24f0-4bf4-893e-7f10574b9869:group-FFCECF4CCD4D changes to CANDIDATE, lastRpcTime:5197, electionTimeout:5197ms
2019-08-20 15:32:08,906 INFO  impl.RoleInfo (RoleInfo.java:shutdownFollowerState(121)) - 0737f457-24f0-4bf4-893e-7f10574b9869: shutdown FollowerState
2019-08-20 15:32:08,906 INFO  impl.RaftServerImpl (RaftServerImpl.java:setRole(171)) - 0737f457-24f0-4bf4-893e-7f10574b9869:group-FFCECF4CCD4D changes role from FOLLOWER to CANDIDATE at term 0 for changeToCandidate
2019-08-20 15:32:08,906 INFO  impl.RoleInfo (RoleInfo.java:updateAndGet(143)) - 0737f457-24f0-4bf4-893e-7f10574b9869: start LeaderElection
2019-08-20 15:32:08,925 INFO  impl.LeaderElection (LeaderElection.java:askForVotes(181)) - 0737f457-24f0-4bf4-893e-7f10574b9869:group-FFCECF4CCD4D:LeaderElection4: begin an election at term 1 for -1: [0737f457-24f0-4bf4-893e-7f10574b9869:192.168.5.175:33459], old=null
2019-08-20 15:32:08,926 INFO  impl.RoleInfo (RoleInfo.java:shutdownLeaderElection(134)) - 0737f457-24f0-4bf4-893e-7f10574b9869: shutdown LeaderElection
2019-08-20 15:32:08,927 INFO  impl.RaftServerImpl (RaftServerImpl.java:setRole(171)) - 0737f457-24f0-4bf4-893e-7f10574b9869:group-FFCECF4CCD4D changes role from CANDIDATE to LEADER at term 1 for changeToLeader
2019-08-20 15:32:08,927 INFO  impl.RaftServerImpl (ServerState.java:setLeader(263)) - 0737f457-24f0-4bf4-893e-7f10574b9869:group-FFCECF4CCD4D change Leader from null to 0737f457-24f0-4bf4-893e-7f10574b9869 at term 1 for becomeLeader, leader elected after 5226ms
2019-08-20 15:32:08,928 INFO  server.RaftServerConfigKeys (ConfUtils.java:logGet(43)) - raft.server.staging.catchup.gap = 1000 (default)
2019-08-20 15:32:08,928 INFO  server.RaftServerConfigKeys (ConfUtils.java:logGet(43)) - raft.server.rpc.sleep.time = 25ms (default)
2019-08-20 15:32:08,928 INFO  server.RaftServerConfigKeys (ConfUtils.java:logGet(43)) - raft.server.write.element-limit = 4096 (default)
2019-08-20 15:32:08,929 INFO  server.RaftServerConfigKeys (ConfUtils.java:logGet(43)) - raft.server.watch.timeout = 10s (default)
2019-08-20 15:32:08,929 INFO  server.RaftServerConfigKeys (ConfUtils.java:logGet(43)) - raft.server.watch.timeout.denomination = 1s (default)
2019-08-20 15:32:08,929 INFO  server.RaftServerConfigKeys (ConfUtils.java:logGet(43)) - raft.server.watch.element-limit = 65536 (default)
2019-08-20 15:32:08,929 INFO  impl.RoleInfo (RoleInfo.java:updateAndGet(143)) - 0737f457-24f0-4bf4-893e-7f10574b9869: start LeaderState
2019-08-20 15:32:08,929 INFO  segmented.SegmentedRaftLogWorker (SegmentedRaftLogWorker.java:startLogSegment(380)) - 0737f457-24f0-4bf4-893e-7f10574b9869-SegmentedRaftLogWorker:Storage Directory /workdir/hadoop-ozone/integration-test/target/test-dir/MiniOzoneClusterImpl-4e28bd16-aa40-4c06-8f2f-cbc92a7b77d1/datanode-5/data/ratis/bafc8f57-41d9-455d-bc5d-ffcecf4ccd4d: Starting segment from index:0
2019-08-20 15:32:08,930 INFO  impl.RaftServerImpl (ServerState.java:setRaftConf(361)) - 0737f457-24f0-4bf4-893e-7f10574b9869:group-FFCECF4CCD4D set configuration 0: [0737f457-24f0-4bf4-893e-7f10574b9869:192.168.5.175:33459], old=null at 0
2019-08-20 15:32:08,975 INFO  segmented.SegmentedRaftLogWorker (SegmentedRaftLogWorker.java:execute(569)) - 0737f457-24f0-4bf4-893e-7f10574b9869-SegmentedRaftLogWorker:Storage Directory /workdir/hadoop-ozone/integration-test/target/test-dir/MiniOzoneClusterImpl-4e28bd16-aa40-4c06-8f2f-cbc92a7b77d1/datanode-5/data/ratis/bafc8f57-41d9-455d-bc5d-ffcecf4ccd4d: created new log segment /workdir/hadoop-ozone/integration-test/target/test-dir/MiniOzoneClusterImpl-4e28bd16-aa40-4c06-8f2f-cbc92a7b77d1/datanode-5/data/ratis/bafc8f57-41d9-455d-bc5d-ffcecf4ccd4d/current/log_inprogress_0
2019-08-20 15:32:09,000 INFO  impl.FollowerState (FollowerState.java:run(106)) - 68a06dc7-23c8-4ea6-8753-852ac4572228:group-F72AE8B6A302 changes to CANDIDATE, lastRpcTime:5078, electionTimeout:5078ms
2019-08-20 15:32:09,000 INFO  impl.RoleInfo (RoleInfo.java:shutdownFollowerState(121)) - 68a06dc7-23c8-4ea6-8753-852ac4572228: shutdown FollowerState
2019-08-20 15:32:09,000 INFO  impl.RaftServerImpl (RaftServerImpl.java:setRole(171)) - 68a06dc7-23c8-4ea6-8753-852ac4572228:group-F72AE8B6A302 changes role from FOLLOWER to CANDIDATE at term 0 for changeToCandidate
2019-08-20 15:32:09,000 INFO  impl.RoleInfo (RoleInfo.java:updateAndGet(143)) - 68a06dc7-23c8-4ea6-8753-852ac4572228: start LeaderElection
2019-08-20 15:32:09,003 INFO  impl.FollowerState (FollowerState.java:run(106)) - 83587b57-23c3-472d-a9db-c66327d21260:group-44ACA7FED1F7 changes to CANDIDATE, lastRpcTime:5169, electionTimeout:5167ms
2019-08-20 15:32:09,007 INFO  impl.RoleInfo (RoleInfo.java:shutdownFollowerState(121)) - 83587b57-23c3-472d-a9db-c66327d21260: shutdown FollowerState
2019-08-20 15:32:09,007 INFO  impl.RaftServerImpl (RaftServerImpl.java:setRole(171)) - 83587b57-23c3-472d-a9db-c66327d21260:group-44ACA7FED1F7 changes role from FOLLOWER to CANDIDATE at term 0 for changeToCandidate
2019-08-20 15:32:09,007 INFO  impl.RoleInfo (RoleInfo.java:updateAndGet(143)) - 83587b57-23c3-472d-a9db-c66327d21260: start LeaderElection
2019-08-20 15:32:09,036 INFO  impl.LeaderElection (LeaderElection.java:askForVotes(181)) - 83587b57-23c3-472d-a9db-c66327d21260:group-44ACA7FED1F7:LeaderElection6: begin an election at term 1 for -1: [83587b57-23c3-472d-a9db-c66327d21260:192.168.5.175:44905], old=null
2019-08-20 15:32:09,036 INFO  impl.LeaderElection (LeaderElection.java:askForVotes(181)) - 68a06dc7-23c8-4ea6-8753-852ac4572228:group-F72AE8B6A302:LeaderElection5: begin an election at term 1 for -1: [68a06dc7-23c8-4ea6-8753-852ac4572228:192.168.5.175:36868], old=null
2019-08-20 15:32:09,036 INFO  impl.RoleInfo (RoleInfo.java:shutdownLeaderElection(134)) - 83587b57-23c3-472d-a9db-c66327d21260: shutdown LeaderElection
2019-08-20 15:32:09,036 INFO  impl.RoleInfo (RoleInfo.java:shutdownLeaderElection(134)) - 68a06dc7-23c8-4ea6-8753-852ac4572228: shutdown LeaderElection
2019-08-20 15:32:09,037 INFO  impl.RaftServerImpl (RaftServerImpl.java:setRole(171)) - 83587b57-23c3-472d-a9db-c66327d21260:group-44ACA7FED1F7 changes role from CANDIDATE to LEADER at term 1 for changeToLeader
2019-08-20 15:32:09,037 INFO  impl.RaftServerImpl (RaftServerImpl.java:setRole(171)) - 68a06dc7-23c8-4ea6-8753-852ac4572228:group-F72AE8B6A302 changes role from CANDIDATE to LEADER at term 1 for changeToLeader
2019-08-20 15:32:09,037 INFO  impl.RaftServerImpl (ServerState.java:setLeader(263)) - 83587b57-23c3-472d-a9db-c66327d21260:group-44ACA7FED1F7 change Leader from null to 83587b57-23c3-472d-a9db-c66327d21260 at term 1 for becomeLeader, leader elected after 5208ms
2019-08-20 15:32:09,037 INFO  impl.RaftServerImpl (ServerState.java:setLeader(263)) - 68a06dc7-23c8-4ea6-8753-852ac4572228:group-F72AE8B6A302 change Leader from null to 68a06dc7-23c8-4ea6-8753-852ac4572228 at term 1 for becomeLeader, leader elected after 5120ms
2019-08-20 15:32:09,039 INFO  server.RaftServerConfigKeys (ConfUtils.java:logGet(43)) - raft.server.staging.catchup.gap = 1000 (default)
2019-08-20 15:32:09,040 INFO  server.RaftServerConfigKeys (ConfUtils.java:logGet(43)) - raft.server.staging.catchup.gap = 1000 (default)
2019-08-20 15:32:09,041 INFO  server.RaftServerConfigKeys (ConfUtils.java:logGet(43)) - raft.server.rpc.sleep.time = 25ms (default)
2019-08-20 15:32:09,041 INFO  server.RaftServerConfigKeys (ConfUtils.java:logGet(43)) - raft.server.rpc.sleep.time = 25ms (default)
2019-08-20 15:32:09,041 INFO  server.RaftServerConfigKeys (ConfUtils.java:logGet(43)) - raft.server.write.element-limit = 4096 (default)
2019-08-20 15:32:09,041 INFO  server.RaftServerConfigKeys (ConfUtils.java:logGet(43)) - raft.server.write.element-limit = 4096 (default)
2019-08-20 15:32:09,041 INFO  server.RaftServerConfigKeys (ConfUtils.java:logGet(43)) - raft.server.watch.timeout = 10s (default)
2019-08-20 15:32:09,041 INFO  server.RaftServerConfigKeys (ConfUtils.java:logGet(43)) - raft.server.watch.timeout = 10s (default)
2019-08-20 15:32:09,042 INFO  server.RaftServerConfigKeys (ConfUtils.java:logGet(43)) - raft.server.watch.timeout.denomination = 1s (default)
2019-08-20 15:32:09,042 INFO  server.RaftServerConfigKeys (ConfUtils.java:logGet(43)) - raft.server.watch.timeout.denomination = 1s (default)
2019-08-20 15:32:09,042 INFO  server.RaftServerConfigKeys (ConfUtils.java:logGet(43)) - raft.server.watch.element-limit = 65536 (default)
2019-08-20 15:32:09,042 INFO  server.RaftServerConfigKeys (ConfUtils.java:logGet(43)) - raft.server.watch.element-limit = 65536 (default)
2019-08-20 15:32:09,042 INFO  impl.RoleInfo (RoleInfo.java:updateAndGet(143)) - 83587b57-23c3-472d-a9db-c66327d21260: start LeaderState
2019-08-20 15:32:09,042 INFO  impl.RoleInfo (RoleInfo.java:updateAndGet(143)) - 68a06dc7-23c8-4ea6-8753-852ac4572228: start LeaderState
2019-08-20 15:32:09,043 INFO  segmented.SegmentedRaftLogWorker (SegmentedRaftLogWorker.java:startLogSegment(380)) - 83587b57-23c3-472d-a9db-c66327d21260-SegmentedRaftLogWorker:Storage Directory /workdir/hadoop-ozone/integration-test/target/test-dir/MiniOzoneClusterImpl-4e28bd16-aa40-4c06-8f2f-cbc92a7b77d1/datanode-6/data/ratis/ec741b70-6097-4644-bec5-44aca7fed1f7: Starting segment from index:0
2019-08-20 15:32:09,043 INFO  segmented.SegmentedRaftLogWorker (SegmentedRaftLogWorker.java:startLogSegment(380)) - 68a06dc7-23c8-4ea6-8753-852ac4572228-SegmentedRaftLogWorker:Storage Directory /workdir/hadoop-ozone/integration-test/target/test-dir/MiniOzoneClusterImpl-4e28bd16-aa40-4c06-8f2f-cbc92a7b77d1/datanode-3/data/ratis/f44366cc-a48b-4008-a9ee-f72ae8b6a302: Starting segment from index:0
2019-08-20 15:32:09,043 INFO  impl.RaftServerImpl (ServerState.java:setRaftConf(361)) - 83587b57-23c3-472d-a9db-c66327d21260:group-44ACA7FED1F7 set configuration 0: [83587b57-23c3-472d-a9db-c66327d21260:192.168.5.175:44905], old=null at 0
2019-08-20 15:32:09,043 INFO  impl.RaftServerImpl (ServerState.java:setRaftConf(361)) - 68a06dc7-23c8-4ea6-8753-852ac4572228:group-F72AE8B6A302 set configuration 0: [68a06dc7-23c8-4ea6-8753-852ac4572228:192.168.5.175:36868], old=null at 0
2019-08-20 15:32:09,084 INFO  impl.FollowerState (FollowerState.java:run(106)) - fba1c820-9e7e-4e1f-a170-cb4ae6d3abd6:group-ED12C6665A82 changes to CANDIDATE, lastRpcTime:5072, electionTimeout:5042ms
2019-08-20 15:32:09,084 INFO  impl.RoleInfo (RoleInfo.java:shutdownFollowerState(121)) - fba1c820-9e7e-4e1f-a170-cb4ae6d3abd6: shutdown FollowerState
2019-08-20 15:32:09,086 INFO  impl.RaftServerImpl (RaftServerImpl.java:setRole(171)) - fba1c820-9e7e-4e1f-a170-cb4ae6d3abd6:group-ED12C6665A82 changes role from FOLLOWER to CANDIDATE at term 0 for changeToCandidate
2019-08-20 15:32:09,087 INFO  impl.RoleInfo (RoleInfo.java:updateAndGet(143)) - fba1c820-9e7e-4e1f-a170-cb4ae6d3abd6: start LeaderElection
2019-08-20 15:32:09,096 INFO  segmented.SegmentedRaftLogWorker (SegmentedRaftLogWorker.java:execute(569)) - 68a06dc7-23c8-4ea6-8753-852ac4572228-SegmentedRaftLogWorker:Storage Directory /workdir/hadoop-ozone/integration-test/target/test-dir/MiniOzoneClusterImpl-4e28bd16-aa40-4c06-8f2f-cbc92a7b77d1/datanode-3/data/ratis/f44366cc-a48b-4008-a9ee-f72ae8b6a302: created new log segment /workdir/hadoop-ozone/integration-test/target/test-dir/MiniOzoneClusterImpl-4e28bd16-aa40-4c06-8f2f-cbc92a7b77d1/datanode-3/data/ratis/f44366cc-a48b-4008-a9ee-f72ae8b6a302/current/log_inprogress_0
2019-08-20 15:32:09,096 INFO  impl.LeaderElection (LeaderElection.java:askForVotes(181)) - fba1c820-9e7e-4e1f-a170-cb4ae6d3abd6:group-ED12C6665A82:LeaderElection7: begin an election at term 1 for -1: [fba1c820-9e7e-4e1f-a170-cb4ae6d3abd6:192.168.5.175:35368], old=null
2019-08-20 15:32:09,096 INFO  segmented.SegmentedRaftLogWorker (SegmentedRaftLogWorker.java:execute(569)) - 83587b57-23c3-472d-a9db-c66327d21260-SegmentedRaftLogWorker:Storage Directory /workdir/hadoop-ozone/integration-test/target/test-dir/MiniOzoneClusterImpl-4e28bd16-aa40-4c06-8f2f-cbc92a7b77d1/datanode-6/data/ratis/ec741b70-6097-4644-bec5-44aca7fed1f7: created new log segment /workdir/hadoop-ozone/integration-test/target/test-dir/MiniOzoneClusterImpl-4e28bd16-aa40-4c06-8f2f-cbc92a7b77d1/datanode-6/data/ratis/ec741b70-6097-4644-bec5-44aca7fed1f7/current/log_inprogress_0
2019-08-20 15:32:09,104 INFO  impl.RoleInfo (RoleInfo.java:shutdownLeaderElection(134)) - fba1c820-9e7e-4e1f-a170-cb4ae6d3abd6: shutdown LeaderElection
2019-08-20 15:32:09,106 INFO  impl.RaftServerImpl (RaftServerImpl.java:setRole(171)) - fba1c820-9e7e-4e1f-a170-cb4ae6d3abd6:group-ED12C6665A82 changes role from CANDIDATE to LEADER at term 1 for changeToLeader
2019-08-20 15:32:09,106 INFO  impl.RaftServerImpl (ServerState.java:setLeader(263)) - fba1c820-9e7e-4e1f-a170-cb4ae6d3abd6:group-ED12C6665A82 change Leader from null to fba1c820-9e7e-4e1f-a170-cb4ae6d3abd6 at term 1 for becomeLeader, leader elected after 5100ms
2019-08-20 15:32:09,108 INFO  server.RaftServerConfigKeys (ConfUtils.java:logGet(43)) - raft.server.staging.catchup.gap = 1000 (default)
2019-08-20 15:32:09,108 INFO  server.RaftServerConfigKeys (ConfUtils.java:logGet(43)) - raft.server.rpc.sleep.time = 25ms (default)
2019-08-20 15:32:09,109 INFO  server.RaftServerConfigKeys (ConfUtils.java:logGet(43)) - raft.server.write.element-limit = 4096 (default)
2019-08-20 15:32:09,109 INFO  server.RaftServerConfigKeys (ConfUtils.java:logGet(43)) - raft.server.watch.timeout = 10s (default)
2019-08-20 15:32:09,109 INFO  server.RaftServerConfigKeys (ConfUtils.java:logGet(43)) - raft.server.watch.timeout.denomination = 1s (default)
2019-08-20 15:32:09,109 INFO  server.RaftServerConfigKeys (ConfUtils.java:logGet(43)) - raft.server.watch.element-limit = 65536 (default)
2019-08-20 15:32:09,109 INFO  impl.RoleInfo (RoleInfo.java:updateAndGet(143)) - fba1c820-9e7e-4e1f-a170-cb4ae6d3abd6: start LeaderState
2019-08-20 15:32:09,110 INFO  segmented.SegmentedRaftLogWorker (SegmentedRaftLogWorker.java:startLogSegment(380)) - fba1c820-9e7e-4e1f-a170-cb4ae6d3abd6-SegmentedRaftLogWorker:Storage Directory /workdir/hadoop-ozone/integration-test/target/test-dir/MiniOzoneClusterImpl-4e28bd16-aa40-4c06-8f2f-cbc92a7b77d1/datanode-4/data/ratis/ac176bcc-8e89-464b-92bc-ed12c6665a82: Starting segment from index:0
2019-08-20 15:32:09,110 INFO  impl.RaftServerImpl (ServerState.java:setRaftConf(361)) - fba1c820-9e7e-4e1f-a170-cb4ae6d3abd6:group-ED12C6665A82 set configuration 0: [fba1c820-9e7e-4e1f-a170-cb4ae6d3abd6:192.168.5.175:35368], old=null at 0
2019-08-20 15:32:09,154 INFO  impl.FollowerState (FollowerState.java:run(106)) - 355e8bf2-f896-46b6-975e-86d7b5057142:group-67E3133C841A changes to CANDIDATE, lastRpcTime:5025, electionTimeout:5025ms
2019-08-20 15:32:09,157 INFO  impl.RoleInfo (RoleInfo.java:shutdownFollowerState(121)) - 355e8bf2-f896-46b6-975e-86d7b5057142: shutdown FollowerState
2019-08-20 15:32:09,157 INFO  impl.RaftServerImpl (RaftServerImpl.java:setRole(171)) - 355e8bf2-f896-46b6-975e-86d7b5057142:group-67E3133C841A changes role from FOLLOWER to CANDIDATE at term 0 for changeToCandidate
2019-08-20 15:32:09,157 INFO  impl.RoleInfo (RoleInfo.java:updateAndGet(143)) - 355e8bf2-f896-46b6-975e-86d7b5057142: start LeaderElection
2019-08-20 15:32:09,164 INFO  segmented.SegmentedRaftLogWorker (SegmentedRaftLogWorker.java:execute(569)) - fba1c820-9e7e-4e1f-a170-cb4ae6d3abd6-SegmentedRaftLogWorker:Storage Directory /workdir/hadoop-ozone/integration-test/target/test-dir/MiniOzoneClusterImpl-4e28bd16-aa40-4c06-8f2f-cbc92a7b77d1/datanode-4/data/ratis/ac176bcc-8e89-464b-92bc-ed12c6665a82: created new log segment /workdir/hadoop-ozone/integration-test/target/test-dir/MiniOzoneClusterImpl-4e28bd16-aa40-4c06-8f2f-cbc92a7b77d1/datanode-4/data/ratis/ac176bcc-8e89-464b-92bc-ed12c6665a82/current/log_inprogress_0
2019-08-20 15:32:09,167 INFO  impl.LeaderElection (LeaderElection.java:askForVotes(181)) - 355e8bf2-f896-46b6-975e-86d7b5057142:group-67E3133C841A:LeaderElection8: begin an election at term 1 for -1: [add14dfc-372b-471a-b721-7c60032bca35:192.168.5.175:42877, 355e8bf2-f896-46b6-975e-86d7b5057142:192.168.5.175:35523, 0737f457-24f0-4bf4-893e-7f10574b9869:192.168.5.175:33459], old=null
2019-08-20 15:32:09,203 INFO  impl.RaftServerImpl (RaftServerImpl.java:setRole(171)) - add14dfc-372b-471a-b721-7c60032bca35:group-67E3133C841A changes role from FOLLOWER to FOLLOWER at term 1 for recognizeCandidate:355e8bf2-f896-46b6-975e-86d7b5057142
2019-08-20 15:32:09,203 INFO  impl.RaftServerImpl (RaftServerImpl.java:setRole(171)) - 0737f457-24f0-4bf4-893e-7f10574b9869:group-67E3133C841A changes role from FOLLOWER to FOLLOWER at term 1 for recognizeCandidate:355e8bf2-f896-46b6-975e-86d7b5057142
2019-08-20 15:32:09,205 INFO  impl.RoleInfo (RoleInfo.java:shutdownFollowerState(121)) - add14dfc-372b-471a-b721-7c60032bca35: shutdown FollowerState
2019-08-20 15:32:09,205 INFO  impl.RoleInfo (RoleInfo.java:shutdownFollowerState(121)) - 0737f457-24f0-4bf4-893e-7f10574b9869: shutdown FollowerState
2019-08-20 15:32:09,205 INFO  impl.RoleInfo (RoleInfo.java:updateAndGet(143)) - add14dfc-372b-471a-b721-7c60032bca35: start FollowerState
2019-08-20 15:32:09,205 INFO  impl.FollowerState (FollowerState.java:run(114)) - 0737f457-24f0-4bf4-893e-7f10574b9869: FollowerState was interrupted: java.lang.InterruptedException: sleep interrupted
2019-08-20 15:32:09,205 INFO  impl.RoleInfo (RoleInfo.java:updateAndGet(143)) - 0737f457-24f0-4bf4-893e-7f10574b9869: start FollowerState
2019-08-20 15:32:09,205 INFO  impl.FollowerState (FollowerState.java:run(114)) - add14dfc-372b-471a-b721-7c60032bca35: FollowerState was interrupted: java.lang.InterruptedException: sleep interrupted
2019-08-20 15:32:09,238 INFO  impl.LeaderElection (LeaderElection.java:logAndReturn(56)) - 355e8bf2-f896-46b6-975e-86d7b5057142:group-67E3133C841A:LeaderElection8: Election PASSED; received 1 response(s) [355e8bf2-f896-46b6-975e-86d7b5057142<-0737f457-24f0-4bf4-893e-7f10574b9869#0:OK-t1] and 0 exception(s); 355e8bf2-f896-46b6-975e-86d7b5057142:t1, leader=null, voted=355e8bf2-f896-46b6-975e-86d7b5057142, raftlog=355e8bf2-f896-46b6-975e-86d7b5057142-SegmentedRaftLog:OPENED:c-1,f-1,i0, conf=-1: [add14dfc-372b-471a-b721-7c60032bca35:192.168.5.175:42877, 355e8bf2-f896-46b6-975e-86d7b5057142:192.168.5.175:35523, 0737f457-24f0-4bf4-893e-7f10574b9869:192.168.5.175:33459], old=null
2019-08-20 15:32:09,239 INFO  impl.RoleInfo (RoleInfo.java:shutdownLeaderElection(134)) - 355e8bf2-f896-46b6-975e-86d7b5057142: shutdown LeaderElection
2019-08-20 15:32:09,239 INFO  impl.RaftServerImpl (RaftServerImpl.java:setRole(171)) - 355e8bf2-f896-46b6-975e-86d7b5057142:group-67E3133C841A changes role from CANDIDATE to LEADER at term 1 for changeToLeader
2019-08-20 15:32:09,243 INFO  impl.RaftServerImpl (ServerState.java:setLeader(263)) - 355e8bf2-f896-46b6-975e-86d7b5057142:group-67E3133C841A change Leader from null to 355e8bf2-f896-46b6-975e-86d7b5057142 at term 1 for becomeLeader, leader elected after 5124ms
2019-08-20 15:32:09,243 INFO  server.RaftServerConfigKeys (ConfUtils.java:logGet(43)) - raft.server.staging.catchup.gap = 1000 (default)
2019-08-20 15:32:09,243 INFO  server.RaftServerConfigKeys (ConfUtils.java:logGet(43)) - raft.server.rpc.sleep.time = 25ms (default)
2019-08-20 15:32:09,243 INFO  server.RaftServerConfigKeys (ConfUtils.java:logGet(43)) - raft.server.write.element-limit = 4096 (default)
2019-08-20 15:32:09,244 INFO  server.RaftServerConfigKeys (ConfUtils.java:logGet(43)) - raft.server.watch.timeout = 10s (default)
2019-08-20 15:32:09,244 INFO  server.RaftServerConfigKeys (ConfUtils.java:logGet(43)) - raft.server.watch.timeout.denomination = 1s (default)
2019-08-20 15:32:09,244 INFO  server.RaftServerConfigKeys (ConfUtils.java:logGet(43)) - raft.server.watch.element-limit = 65536 (default)
2019-08-20 15:32:09,247 INFO  server.RaftServerConfigKeys (ConfUtils.java:logGet(43)) - raft.server.log.appender.snapshot.chunk.size.max = 16MB (=16777216) (default)
2019-08-20 15:32:09,247 INFO  server.RaftServerConfigKeys (ConfUtils.java:logGet(43)) - raft.server.log.appender.buffer.byte-limit = 33554432 (custom)
2019-08-20 15:32:09,248 INFO  server.RaftServerConfigKeys (ConfUtils.java:logGet(43)) - raft.server.log.appender.buffer.element-limit = 1 (custom)
2019-08-20 15:32:09,252 INFO  grpc.GrpcConfigKeys$Server (ConfUtils.java:logGet(43)) - raft.grpc.server.leader.outstanding.appends.max = 128 (default)
2019-08-20 15:32:09,254 INFO  server.RaftServerConfigKeys (ConfUtils.java:logGet(43)) - raft.server.rpc.request.timeout = 3000ms (default)
2019-08-20 15:32:09,254 INFO  server.RaftServerConfigKeys (ConfUtils.java:logGet(43)) - raft.server.log.appender.install.snapshot.enabled = false (custom)
2019-08-20 15:32:09,254 INFO  server.RaftServerConfigKeys (ConfUtils.java:logGet(43)) - raft.server.log.appender.snapshot.chunk.size.max = 16MB (=16777216) (default)
2019-08-20 15:32:09,255 INFO  server.RaftServerConfigKeys (ConfUtils.java:logGet(43)) - raft.server.log.appender.buffer.byte-limit = 33554432 (custom)
2019-08-20 15:32:09,255 INFO  server.RaftServerConfigKeys (ConfUtils.java:logGet(43)) - raft.server.log.appender.buffer.element-limit = 1 (custom)
2019-08-20 15:32:09,255 INFO  grpc.GrpcConfigKeys$Server (ConfUtils.java:logGet(43)) - raft.grpc.server.leader.outstanding.appends.max = 128 (default)
2019-08-20 15:32:09,255 INFO  server.RaftServerConfigKeys (ConfUtils.java:logGet(43)) - raft.server.rpc.request.timeout = 3000ms (default)
2019-08-20 15:32:09,256 INFO  server.RaftServerConfigKeys (ConfUtils.java:logGet(43)) - raft.server.log.appender.install.snapshot.enabled = false (custom)
2019-08-20 15:32:09,257 INFO  impl.RoleInfo (RoleInfo.java:updateAndGet(143)) - 355e8bf2-f896-46b6-975e-86d7b5057142: start LeaderState
2019-08-20 15:32:09,258 INFO  segmented.SegmentedRaftLogWorker (SegmentedRaftLogWorker.java:startLogSegment(380)) - 355e8bf2-f896-46b6-975e-86d7b5057142-SegmentedRaftLogWorker:Storage Directory /workdir/hadoop-ozone/integration-test/target/test-dir/MiniOzoneClusterImpl-4e28bd16-aa40-4c06-8f2f-cbc92a7b77d1/datanode-1/data/ratis/c0fd81d3-3f56-4584-854d-67e3133c841a: Starting segment from index:0
2019-08-20 15:32:09,259 INFO  impl.RaftServerImpl (ServerState.java:setRaftConf(361)) - 355e8bf2-f896-46b6-975e-86d7b5057142:group-67E3133C841A set configuration 0: [add14dfc-372b-471a-b721-7c60032bca35:192.168.5.175:42877, 355e8bf2-f896-46b6-975e-86d7b5057142:192.168.5.175:35523, 0737f457-24f0-4bf4-893e-7f10574b9869:192.168.5.175:33459], old=null at 0
2019-08-20 15:32:09,314 INFO  segmented.SegmentedRaftLogWorker (SegmentedRaftLogWorker.java:execute(569)) - 355e8bf2-f896-46b6-975e-86d7b5057142-SegmentedRaftLogWorker:Storage Directory /workdir/hadoop-ozone/integration-test/target/test-dir/MiniOzoneClusterImpl-4e28bd16-aa40-4c06-8f2f-cbc92a7b77d1/datanode-1/data/ratis/c0fd81d3-3f56-4584-854d-67e3133c841a: created new log segment /workdir/hadoop-ozone/integration-test/target/test-dir/MiniOzoneClusterImpl-4e28bd16-aa40-4c06-8f2f-cbc92a7b77d1/datanode-1/data/ratis/c0fd81d3-3f56-4584-854d-67e3133c841a/current/log_inprogress_0
2019-08-20 15:32:09,328 INFO  impl.RaftServerImpl (ServerState.java:setLeader(263)) - add14dfc-372b-471a-b721-7c60032bca35:group-67E3133C841A change Leader from null to 355e8bf2-f896-46b6-975e-86d7b5057142 at term 1 for appendEntries, leader elected after 5209ms
2019-08-20 15:32:09,328 INFO  impl.RaftServerImpl (ServerState.java:setLeader(263)) - 0737f457-24f0-4bf4-893e-7f10574b9869:group-67E3133C841A change Leader from null to 355e8bf2-f896-46b6-975e-86d7b5057142 at term 1 for appendEntries, leader elected after 5209ms
2019-08-20 15:32:09,337 INFO  impl.FollowerState (FollowerState.java:run(106)) - f1640d0e-af93-4f84-a81b-d62e5135c470:group-79D04D37DD1E changes to CANDIDATE, lastRpcTime:5100, electionTimeout:5084ms
2019-08-20 15:32:09,338 INFO  impl.RoleInfo (RoleInfo.java:shutdownFollowerState(121)) - f1640d0e-af93-4f84-a81b-d62e5135c470: shutdown FollowerState
2019-08-20 15:32:09,338 INFO  impl.RaftServerImpl (RaftServerImpl.java:setRole(171)) - f1640d0e-af93-4f84-a81b-d62e5135c470:group-79D04D37DD1E changes role from FOLLOWER to CANDIDATE at term 0 for changeToCandidate
2019-08-20 15:32:09,341 INFO  impl.RoleInfo (RoleInfo.java:updateAndGet(143)) - f1640d0e-af93-4f84-a81b-d62e5135c470: start LeaderElection
2019-08-20 15:32:09,350 INFO  impl.LeaderElection (LeaderElection.java:askForVotes(181)) - f1640d0e-af93-4f84-a81b-d62e5135c470:group-79D04D37DD1E:LeaderElection9: begin an election at term 1 for -1: [83587b57-23c3-472d-a9db-c66327d21260:192.168.5.175:44905, f1640d0e-af93-4f84-a81b-d62e5135c470:192.168.5.175:37991, 68a06dc7-23c8-4ea6-8753-852ac4572228:192.168.5.175:36868], old=null
2019-08-20 15:32:09,367 INFO  impl.FollowerState (FollowerState.java:run(106)) - 68a06dc7-23c8-4ea6-8753-852ac4572228:group-79D04D37DD1E changes to CANDIDATE, lastRpcTime:5129, electionTimeout:5112ms
2019-08-20 15:32:09,368 INFO  impl.RoleInfo (RoleInfo.java:shutdownFollowerState(121)) - 68a06dc7-23c8-4ea6-8753-852ac4572228: shutdown FollowerState
2019-08-20 15:32:09,369 INFO  impl.RaftServerImpl (RaftServerImpl.java:setRole(171)) - 68a06dc7-23c8-4ea6-8753-852ac4572228:group-79D04D37DD1E changes role from FOLLOWER to CANDIDATE at term 0 for changeToCandidate
2019-08-20 15:32:09,369 INFO  impl.RaftServerImpl (RaftServerImpl.java:setRole(171)) - 83587b57-23c3-472d-a9db-c66327d21260:group-79D04D37DD1E changes role from FOLLOWER to FOLLOWER at term 1 for recognizeCandidate:f1640d0e-af93-4f84-a81b-d62e5135c470
2019-08-20 15:32:09,369 INFO  impl.RoleInfo (RoleInfo.java:updateAndGet(143)) - 68a06dc7-23c8-4ea6-8753-852ac4572228: start LeaderElection
2019-08-20 15:32:09,369 INFO  impl.RoleInfo (RoleInfo.java:shutdownFollowerState(121)) - 83587b57-23c3-472d-a9db-c66327d21260: shutdown FollowerState
2019-08-20 15:32:09,369 INFO  impl.RoleInfo (RoleInfo.java:updateAndGet(143)) - 83587b57-23c3-472d-a9db-c66327d21260: start FollowerState
2019-08-20 15:32:09,369 INFO  impl.RaftServerImpl (RaftServerImpl.java:setRole(171)) - 68a06dc7-23c8-4ea6-8753-852ac4572228:group-79D04D37DD1E changes role from CANDIDATE to FOLLOWER at term 1 for recognizeCandidate:f1640d0e-af93-4f84-a81b-d62e5135c470
2019-08-20 15:32:09,369 INFO  impl.FollowerState (FollowerState.java:run(114)) - 83587b57-23c3-472d-a9db-c66327d21260: FollowerState was interrupted: java.lang.InterruptedException: sleep interrupted
2019-08-20 15:32:09,371 INFO  impl.RoleInfo (RoleInfo.java:shutdownLeaderElection(134)) - 68a06dc7-23c8-4ea6-8753-852ac4572228: shutdown LeaderElection
2019-08-20 15:32:09,373 INFO  impl.RoleInfo (RoleInfo.java:updateAndGet(143)) - 68a06dc7-23c8-4ea6-8753-852ac4572228: start FollowerState
2019-08-20 15:32:09,379 INFO  impl.RaftServerImpl (ServerState.java:setRaftConf(361)) - add14dfc-372b-471a-b721-7c60032bca35:group-67E3133C841A set configuration 0: [add14dfc-372b-471a-b721-7c60032bca35:192.168.5.175:42877, 355e8bf2-f896-46b6-975e-86d7b5057142:192.168.5.175:35523, 0737f457-24f0-4bf4-893e-7f10574b9869:192.168.5.175:33459], old=null at 0
2019-08-20 15:32:09,379 INFO  impl.RaftServerImpl (ServerState.java:setRaftConf(361)) - 0737f457-24f0-4bf4-893e-7f10574b9869:group-67E3133C841A set configuration 0: [add14dfc-372b-471a-b721-7c60032bca35:192.168.5.175:42877, 355e8bf2-f896-46b6-975e-86d7b5057142:192.168.5.175:35523, 0737f457-24f0-4bf4-893e-7f10574b9869:192.168.5.175:33459], old=null at 0
2019-08-20 15:32:09,379 INFO  segmented.SegmentedRaftLogWorker (SegmentedRaftLogWorker.java:startLogSegment(380)) - add14dfc-372b-471a-b721-7c60032bca35-SegmentedRaftLogWorker:Storage Directory /workdir/hadoop-ozone/integration-test/target/test-dir/MiniOzoneClusterImpl-4e28bd16-aa40-4c06-8f2f-cbc92a7b77d1/datanode-2/data/ratis/c0fd81d3-3f56-4584-854d-67e3133c841a: Starting segment from index:0
2019-08-20 15:32:09,379 INFO  segmented.SegmentedRaftLogWorker (SegmentedRaftLogWorker.java:startLogSegment(380)) - 0737f457-24f0-4bf4-893e-7f10574b9869-SegmentedRaftLogWorker:Storage Directory /workdir/hadoop-ozone/integration-test/target/test-dir/MiniOzoneClusterImpl-4e28bd16-aa40-4c06-8f2f-cbc92a7b77d1/datanode-5/data/ratis/c0fd81d3-3f56-4584-854d-67e3133c841a: Starting segment from index:0
2019-08-20 15:32:09,412 INFO  impl.LeaderElection (LeaderElection.java:askForVotes(181)) - 68a06dc7-23c8-4ea6-8753-852ac4572228:group-79D04D37DD1E:LeaderElection10: begin an election at term 2 for -1: [83587b57-23c3-472d-a9db-c66327d21260:192.168.5.175:44905, f1640d0e-af93-4f84-a81b-d62e5135c470:192.168.5.175:37991, 68a06dc7-23c8-4ea6-8753-852ac4572228:192.168.5.175:36868], old=null
2019-08-20 15:32:09,414 INFO  segmented.SegmentedRaftLogWorker (SegmentedRaftLogWorker.java:execute(569)) - 0737f457-24f0-4bf4-893e-7f10574b9869-SegmentedRaftLogWorker:Storage Directory /workdir/hadoop-ozone/integration-test/target/test-dir/MiniOzoneClusterImpl-4e28bd16-aa40-4c06-8f2f-cbc92a7b77d1/datanode-5/data/ratis/c0fd81d3-3f56-4584-854d-67e3133c841a: created new log segment /workdir/hadoop-ozone/integration-test/target/test-dir/MiniOzoneClusterImpl-4e28bd16-aa40-4c06-8f2f-cbc92a7b77d1/datanode-5/data/ratis/c0fd81d3-3f56-4584-854d-67e3133c841a/current/log_inprogress_0
2019-08-20 15:32:09,414 INFO  segmented.SegmentedRaftLogWorker (SegmentedRaftLogWorker.java:execute(569)) - add14dfc-372b-471a-b721-7c60032bca35-SegmentedRaftLogWorker:Storage Directory /workdir/hadoop-ozone/integration-test/target/test-dir/MiniOzoneClusterImpl-4e28bd16-aa40-4c06-8f2f-cbc92a7b77d1/datanode-2/data/ratis/c0fd81d3-3f56-4584-854d-67e3133c841a: created new log segment /workdir/hadoop-ozone/integration-test/target/test-dir/MiniOzoneClusterImpl-4e28bd16-aa40-4c06-8f2f-cbc92a7b77d1/datanode-2/data/ratis/c0fd81d3-3f56-4584-854d-67e3133c841a/current/log_inprogress_0
2019-08-20 15:32:09,414 INFO  impl.LeaderElection (LeaderElection.java:logAndReturn(56)) - 68a06dc7-23c8-4ea6-8753-852ac4572228:group-79D04D37DD1E:LeaderElection10: Election REJECTED; received 0 response(s) [] and 0 exception(s); 68a06dc7-23c8-4ea6-8753-852ac4572228:t2, leader=null, voted=68a06dc7-23c8-4ea6-8753-852ac4572228, raftlog=68a06dc7-23c8-4ea6-8753-852ac4572228-SegmentedRaftLog:OPENED:c-1,f-1,i0, conf=-1: [83587b57-23c3-472d-a9db-c66327d21260:192.168.5.175:44905, f1640d0e-af93-4f84-a81b-d62e5135c470:192.168.5.175:37991, 68a06dc7-23c8-4ea6-8753-852ac4572228:192.168.5.175:36868], old=null
2019-08-20 15:32:09,418 INFO  impl.LeaderElection (LeaderElection.java:logAndReturn(56)) - f1640d0e-af93-4f84-a81b-d62e5135c470:group-79D04D37DD1E:LeaderElection9: Election PASSED; received 2 response(s) [f1640d0e-af93-4f84-a81b-d62e5135c470<-83587b57-23c3-472d-a9db-c66327d21260#0:OK-t1, f1640d0e-af93-4f84-a81b-d62e5135c470<-68a06dc7-23c8-4ea6-8753-852ac4572228#0:FAIL-t1] and 0 exception(s); f1640d0e-af93-4f84-a81b-d62e5135c470:t1, leader=null, voted=f1640d0e-af93-4f84-a81b-d62e5135c470, raftlog=f1640d0e-af93-4f84-a81b-d62e5135c470-SegmentedRaftLog:OPENED:c-1,f-1,i0, conf=-1: [83587b57-23c3-472d-a9db-c66327d21260:192.168.5.175:44905, f1640d0e-af93-4f84-a81b-d62e5135c470:192.168.5.175:37991, 68a06dc7-23c8-4ea6-8753-852ac4572228:192.168.5.175:36868], old=null
2019-08-20 15:32:09,420 INFO  impl.RoleInfo (RoleInfo.java:shutdownLeaderElection(134)) - f1640d0e-af93-4f84-a81b-d62e5135c470: shutdown LeaderElection
2019-08-20 15:32:09,421 INFO  impl.RaftServerImpl (RaftServerImpl.java:setRole(171)) - f1640d0e-af93-4f84-a81b-d62e5135c470:group-79D04D37DD1E changes role from CANDIDATE to LEADER at term 1 for changeToLeader
2019-08-20 15:32:09,422 INFO  impl.RaftServerImpl (ServerState.java:setLeader(263)) - f1640d0e-af93-4f84-a81b-d62e5135c470:group-79D04D37DD1E change Leader from null to f1640d0e-af93-4f84-a81b-d62e5135c470 at term 1 for becomeLeader, leader elected after 5195ms
2019-08-20 15:32:09,423 INFO  server.RaftServerConfigKeys (ConfUtils.java:logGet(43)) - raft.server.staging.catchup.gap = 1000 (default)
2019-08-20 15:32:09,424 INFO  server.RaftServerConfigKeys (ConfUtils.java:logGet(43)) - raft.server.rpc.sleep.time = 25ms (default)
2019-08-20 15:32:09,424 INFO  server.RaftServerConfigKeys (ConfUtils.java:logGet(43)) - raft.server.write.element-limit = 4096 (default)
2019-08-20 15:32:09,424 INFO  server.RaftServerConfigKeys (ConfUtils.java:logGet(43)) - raft.server.watch.timeout = 10s (default)
2019-08-20 15:32:09,424 INFO  server.RaftServerConfigKeys (ConfUtils.java:logGet(43)) - raft.server.watch.timeout.denomination = 1s (default)
2019-08-20 15:32:09,424 INFO  server.RaftServerConfigKeys (ConfUtils.java:logGet(43)) - raft.server.watch.element-limit = 65536 (default)
2019-08-20 15:32:09,424 INFO  server.RaftServerConfigKeys (ConfUtils.java:logGet(43)) - raft.server.log.appender.snapshot.chunk.size.max = 16MB (=16777216) (default)
2019-08-20 15:32:09,425 INFO  server.RaftServerConfigKeys (ConfUtils.java:logGet(43)) - raft.server.log.appender.buffer.byte-limit = 33554432 (custom)
2019-08-20 15:32:09,425 INFO  server.RaftServerConfigKeys (ConfUtils.java:logGet(43)) - raft.server.log.appender.buffer.element-limit = 1 (custom)
2019-08-20 15:32:09,425 INFO  grpc.GrpcConfigKeys$Server (ConfUtils.java:logGet(43)) - raft.grpc.server.leader.outstanding.appends.max = 128 (default)
2019-08-20 15:32:09,425 INFO  server.RaftServerConfigKeys (ConfUtils.java:logGet(43)) - raft.server.rpc.request.timeout = 3000ms (default)
2019-08-20 15:32:09,425 INFO  server.RaftServerConfigKeys (ConfUtils.java:logGet(43)) - raft.server.log.appender.install.snapshot.enabled = false (custom)
2019-08-20 15:32:09,425 INFO  server.RaftServerConfigKeys (ConfUtils.java:logGet(43)) - raft.server.log.appender.snapshot.chunk.size.max = 16MB (=16777216) (default)
2019-08-20 15:32:09,426 INFO  server.RaftServerConfigKeys (ConfUtils.java:logGet(43)) - raft.server.log.appender.buffer.byte-limit = 33554432 (custom)
2019-08-20 15:32:09,426 INFO  server.RaftServerConfigKeys (ConfUtils.java:logGet(43)) - raft.server.log.appender.buffer.element-limit = 1 (custom)
2019-08-20 15:32:09,426 INFO  grpc.GrpcConfigKeys$Server (ConfUtils.java:logGet(43)) - raft.grpc.server.leader.outstanding.appends.max = 128 (default)
2019-08-20 15:32:09,426 INFO  server.RaftServerConfigKeys (ConfUtils.java:logGet(43)) - raft.server.rpc.request.timeout = 3000ms (default)
2019-08-20 15:32:09,426 INFO  server.RaftServerConfigKeys (ConfUtils.java:logGet(43)) - raft.server.log.appender.install.snapshot.enabled = false (custom)
2019-08-20 15:32:09,426 INFO  impl.RoleInfo (RoleInfo.java:updateAndGet(143)) - f1640d0e-af93-4f84-a81b-d62e5135c470: start LeaderState
2019-08-20 15:32:09,427 INFO  segmented.SegmentedRaftLogWorker (SegmentedRaftLogWorker.java:startLogSegment(380)) - f1640d0e-af93-4f84-a81b-d62e5135c470-SegmentedRaftLogWorker:Storage Directory /workdir/hadoop-ozone/integration-test/target/test-dir/MiniOzoneClusterImpl-4e28bd16-aa40-4c06-8f2f-cbc92a7b77d1/datanode-0/data/ratis/42fc173d-a841-4921-b3bc-79d04d37dd1e: Starting segment from index:0
2019-08-20 15:32:09,433 INFO  impl.RaftServerImpl (RaftServerImpl.java:setRole(171)) - 83587b57-23c3-472d-a9db-c66327d21260:group-79D04D37DD1E changes role from FOLLOWER to FOLLOWER at term 2 for recognizeCandidate:68a06dc7-23c8-4ea6-8753-852ac4572228
2019-08-20 15:32:09,433 INFO  impl.RaftServerImpl (ServerState.java:setRaftConf(361)) - f1640d0e-af93-4f84-a81b-d62e5135c470:group-79D04D37DD1E set configuration 0: [83587b57-23c3-472d-a9db-c66327d21260:192.168.5.175:44905, f1640d0e-af93-4f84-a81b-d62e5135c470:192.168.5.175:37991, 68a06dc7-23c8-4ea6-8753-852ac4572228:192.168.5.175:36868], old=null at 0
2019-08-20 15:32:09,462 INFO  impl.RoleInfo (RoleInfo.java:shutdownFollowerState(121)) - 83587b57-23c3-472d-a9db-c66327d21260: shutdown FollowerState
2019-08-20 15:32:09,464 INFO  impl.RaftServerImpl (ServerState.java:setLeader(263)) - f1640d0e-af93-4f84-a81b-d62e5135c470:group-79D04D37DD1E change Leader from f1640d0e-af93-4f84-a81b-d62e5135c470 to null at term 2 for updateCurrentTerm
2019-08-20 15:32:09,464 INFO  impl.FollowerState (FollowerState.java:run(114)) - 83587b57-23c3-472d-a9db-c66327d21260: FollowerState was interrupted: java.lang.InterruptedException: sleep interrupted
2019-08-20 15:32:09,464 INFO  impl.RoleInfo (RoleInfo.java:updateAndGet(143)) - 83587b57-23c3-472d-a9db-c66327d21260: start FollowerState
2019-08-20 15:32:09,464 INFO  impl.RaftServerImpl (RaftServerImpl.java:setRole(171)) - f1640d0e-af93-4f84-a81b-d62e5135c470:group-79D04D37DD1E changes role from LEADER to FOLLOWER at term 2 for recognizeCandidate:68a06dc7-23c8-4ea6-8753-852ac4572228
2019-08-20 15:32:09,467 INFO  impl.RoleInfo (RoleInfo.java:shutdownLeaderState(104)) - f1640d0e-af93-4f84-a81b-d62e5135c470: shutdown LeaderState
2019-08-20 15:32:09,471 WARN  server.GrpcLogAppender (GrpcLogAppender.java:mayWait(143)) - GrpcLogAppender(f1640d0e-af93-4f84-a81b-d62e5135c470->68a06dc7-23c8-4ea6-8753-852ac4572228): Wait interrupted by java.lang.InterruptedException
2019-08-20 15:32:09,471 INFO  impl.PendingRequests (PendingRequests.java:sendNotLeaderResponses(202)) - f1640d0e-af93-4f84-a81b-d62e5135c470-PendingRequests: sendNotLeaderResponses
2019-08-20 15:32:09,471 WARN  server.GrpcLogAppender (GrpcLogAppender.java:mayWait(143)) - GrpcLogAppender(f1640d0e-af93-4f84-a81b-d62e5135c470->83587b57-23c3-472d-a9db-c66327d21260): Wait interrupted by java.lang.InterruptedException
2019-08-20 15:32:09,478 INFO  server.GrpcServerProtocolService (GrpcServerProtocolService.java:onCompleted(104)) - 68a06dc7-23c8-4ea6-8753-852ac4572228: appendEntries completed
2019-08-20 15:32:09,480 INFO  impl.RoleInfo (RoleInfo.java:updateAndGet(143)) - f1640d0e-af93-4f84-a81b-d62e5135c470: start FollowerState
2019-08-20 15:32:09,499 INFO  segmented.SegmentedRaftLogWorker (SegmentedRaftLogWorker.java:execute(569)) - f1640d0e-af93-4f84-a81b-d62e5135c470-SegmentedRaftLogWorker:Storage Directory /workdir/hadoop-ozone/integration-test/target/test-dir/MiniOzoneClusterImpl-4e28bd16-aa40-4c06-8f2f-cbc92a7b77d1/datanode-0/data/ratis/42fc173d-a841-4921-b3bc-79d04d37dd1e: created new log segment /workdir/hadoop-ozone/integration-test/target/test-dir/MiniOzoneClusterImpl-4e28bd16-aa40-4c06-8f2f-cbc92a7b77d1/datanode-0/data/ratis/42fc173d-a841-4921-b3bc-79d04d37dd1e/current/log_inprogress_0
2019-08-20 15:32:09,501 INFO  server.GrpcLogAppender (GrpcLogAppender.java:onCompleted(292)) - f1640d0e-af93-4f84-a81b-d62e5135c470->68a06dc7-23c8-4ea6-8753-852ac4572228: follower responses appendEntries COMPLETED
2019-08-20 15:32:09,504 INFO  server.GrpcServerProtocolService (GrpcServerProtocolService.java:onCompleted(104)) - 83587b57-23c3-472d-a9db-c66327d21260: appendEntries completed
2019-08-20 15:32:09,515 INFO  impl.FollowerInfo (FollowerInfo.java:lambda$new$0(50)) - f1640d0e-af93-4f84-a81b-d62e5135c470->68a06dc7-23c8-4ea6-8753-852ac4572228: nextIndex: updateUnconditionally 0 -> 0
2019-08-20 15:32:09,526 INFO  server.GrpcLogAppender (GrpcLogAppender.java:onCompleted(292)) - f1640d0e-af93-4f84-a81b-d62e5135c470->83587b57-23c3-472d-a9db-c66327d21260: follower responses appendEntries COMPLETED
2019-08-20 15:32:09,528 INFO  impl.FollowerInfo (FollowerInfo.java:lambda$new$0(50)) - f1640d0e-af93-4f84-a81b-d62e5135c470->83587b57-23c3-472d-a9db-c66327d21260: nextIndex: updateUnconditionally 0 -> 0
2019-08-20 15:32:09,618 INFO  client.GrpcClientProtocolClient (GrpcClientProtocolClient.java:onNext(255)) - client-E22C7E5C1505->68a06dc7-23c8-4ea6-8753-852ac4572228: receive RaftClientReply:client-E22C7E5C1505->68a06dc7-23c8-4ea6-8753-852ac4572228@group-79D04D37DD1E, cid=13, FAILED org.apache.ratis.protocol.NotLeaderException: Server 68a06dc7-23c8-4ea6-8753-852ac4572228 is not the leader (null). Request must be sent to leader., logIndex=0, commits[68a06dc7-23c8-4ea6-8753-852ac4572228:c-1]
2019-08-20 15:32:10,640 INFO  client.GrpcClientProtocolClient (GrpcClientProtocolClient.java:onNext(255)) - client-E22C7E5C1505->83587b57-23c3-472d-a9db-c66327d21260: receive RaftClientReply:client-E22C7E5C1505->83587b57-23c3-472d-a9db-c66327d21260@group-79D04D37DD1E, cid=13, FAILED org.apache.ratis.protocol.NotLeaderException: Server 83587b57-23c3-472d-a9db-c66327d21260 is not the leader (null). Request must be sent to leader., logIndex=0, commits[83587b57-23c3-472d-a9db-c66327d21260:c-1]
2019-08-20 15:32:11,672 INFO  client.GrpcClientProtocolClient (GrpcClientProtocolClient.java:onNext(255)) - client-E22C7E5C1505->68a06dc7-23c8-4ea6-8753-852ac4572228: receive RaftClientReply:client-E22C7E5C1505->68a06dc7-23c8-4ea6-8753-852ac4572228@group-79D04D37DD1E, cid=13, FAILED org.apache.ratis.protocol.NotLeaderException: Server 68a06dc7-23c8-4ea6-8753-852ac4572228 is not the leader (null). Request must be sent to leader., logIndex=0, commits[68a06dc7-23c8-4ea6-8753-852ac4572228:c-1]
2019-08-20 15:32:12,694 INFO  client.GrpcClientProtocolClient (GrpcClientProtocolClient.java:onNext(255)) - client-E22C7E5C1505->83587b57-23c3-472d-a9db-c66327d21260: receive RaftClientReply:client-E22C7E5C1505->83587b57-23c3-472d-a9db-c66327d21260@group-79D04D37DD1E, cid=13, FAILED org.apache.ratis.protocol.NotLeaderException: Server 83587b57-23c3-472d-a9db-c66327d21260 is not the leader (null). Request must be sent to leader., logIndex=0, commits[83587b57-23c3-472d-a9db-c66327d21260:c-1]
2019-08-20 15:32:13,714 INFO  client.GrpcClientProtocolClient (GrpcClientProtocolClient.java:onNext(255)) - client-E22C7E5C1505->f1640d0e-af93-4f84-a81b-d62e5135c470: receive RaftClientReply:client-E22C7E5C1505->f1640d0e-af93-4f84-a81b-d62e5135c470@group-79D04D37DD1E, cid=13, FAILED org.apache.ratis.protocol.NotLeaderException: Server f1640d0e-af93-4f84-a81b-d62e5135c470 is not the leader (null). Request must be sent to leader., logIndex=0, commits[f1640d0e-af93-4f84-a81b-d62e5135c470:c-1, 83587b57-23c3-472d-a9db-c66327d21260:c-1, 68a06dc7-23c8-4ea6-8753-852ac4572228:c-1]
2019-08-20 15:32:14,541 INFO  impl.FollowerState (FollowerState.java:run(106)) - 68a06dc7-23c8-4ea6-8753-852ac4572228:group-79D04D37DD1E changes to CANDIDATE, lastRpcTime:5168, electionTimeout:5168ms
2019-08-20 15:32:14,542 INFO  impl.RoleInfo (RoleInfo.java:shutdownFollowerState(121)) - 68a06dc7-23c8-4ea6-8753-852ac4572228: shutdown FollowerState
2019-08-20 15:32:14,542 INFO  impl.RaftServerImpl (RaftServerImpl.java:setRole(171)) - 68a06dc7-23c8-4ea6-8753-852ac4572228:group-79D04D37DD1E changes role from FOLLOWER to CANDIDATE at term 2 for changeToCandidate
2019-08-20 15:32:14,542 INFO  impl.RoleInfo (RoleInfo.java:updateAndGet(143)) - 68a06dc7-23c8-4ea6-8753-852ac4572228: start LeaderElection
2019-08-20 15:32:14,560 INFO  impl.LeaderElection (LeaderElection.java:askForVotes(181)) - 68a06dc7-23c8-4ea6-8753-852ac4572228:group-79D04D37DD1E:LeaderElection11: begin an election at term 3 for -1: [83587b57-23c3-472d-a9db-c66327d21260:192.168.5.175:44905, f1640d0e-af93-4f84-a81b-d62e5135c470:192.168.5.175:37991, 68a06dc7-23c8-4ea6-8753-852ac4572228:192.168.5.175:36868], old=null
2019-08-20 15:32:14,568 INFO  impl.RaftServerImpl (RaftServerImpl.java:setRole(171)) - 83587b57-23c3-472d-a9db-c66327d21260:group-79D04D37DD1E changes role from FOLLOWER to FOLLOWER at term 3 for recognizeCandidate:68a06dc7-23c8-4ea6-8753-852ac4572228
2019-08-20 15:32:14,568 INFO  impl.RaftServerImpl (RaftServerImpl.java:setRole(171)) - f1640d0e-af93-4f84-a81b-d62e5135c470:group-79D04D37DD1E changes role from FOLLOWER to FOLLOWER at term 3 for recognizeCandidate:68a06dc7-23c8-4ea6-8753-852ac4572228
2019-08-20 15:32:14,568 INFO  impl.RoleInfo (RoleInfo.java:shutdownFollowerState(121)) - 83587b57-23c3-472d-a9db-c66327d21260: shutdown FollowerState
2019-08-20 15:32:14,568 INFO  impl.RoleInfo (RoleInfo.java:shutdownFollowerState(121)) - f1640d0e-af93-4f84-a81b-d62e5135c470: shutdown FollowerState
2019-08-20 15:32:14,569 INFO  impl.FollowerState (FollowerState.java:run(114)) - 83587b57-23c3-472d-a9db-c66327d21260: FollowerState was interrupted: java.lang.InterruptedException: sleep interrupted
2019-08-20 15:32:14,569 INFO  impl.RoleInfo (RoleInfo.java:updateAndGet(143)) - 83587b57-23c3-472d-a9db-c66327d21260: start FollowerState
2019-08-20 15:32:14,571 INFO  impl.FollowerState (FollowerState.java:run(114)) - f1640d0e-af93-4f84-a81b-d62e5135c470: FollowerState was interrupted: java.lang.InterruptedException: sleep interrupted
2019-08-20 15:32:14,569 INFO  impl.RoleInfo (RoleInfo.java:updateAndGet(143)) - f1640d0e-af93-4f84-a81b-d62e5135c470: start FollowerState
2019-08-20 15:32:14,589 INFO  impl.LeaderElection (LeaderElection.java:logAndReturn(56)) - 68a06dc7-23c8-4ea6-8753-852ac4572228:group-79D04D37DD1E:LeaderElection11: Election PASSED; received 2 response(s) [68a06dc7-23c8-4ea6-8753-852ac4572228<-83587b57-23c3-472d-a9db-c66327d21260#0:OK-t3, 68a06dc7-23c8-4ea6-8753-852ac4572228<-f1640d0e-af93-4f84-a81b-d62e5135c470#0:FAIL-t3] and 0 exception(s); 68a06dc7-23c8-4ea6-8753-852ac4572228:t3, leader=null, voted=68a06dc7-23c8-4ea6-8753-852ac4572228, raftlog=68a06dc7-23c8-4ea6-8753-852ac4572228-SegmentedRaftLog:OPENED:c-1,f-1,i0, conf=-1: [83587b57-23c3-472d-a9db-c66327d21260:192.168.5.175:44905, f1640d0e-af93-4f84-a81b-d62e5135c470:192.168.5.175:37991, 68a06dc7-23c8-4ea6-8753-852ac4572228:192.168.5.175:36868], old=null
2019-08-20 15:32:14,589 INFO  impl.RoleInfo (RoleInfo.java:shutdownLeaderElection(134)) - 68a06dc7-23c8-4ea6-8753-852ac4572228: shutdown LeaderElection
2019-08-20 15:32:14,598 INFO  impl.RaftServerImpl (RaftServerImpl.java:setRole(171)) - 68a06dc7-23c8-4ea6-8753-852ac4572228:group-79D04D37DD1E changes role from CANDIDATE to LEADER at term 3 for changeToLeader
2019-08-20 15:32:14,598 INFO  impl.RaftServerImpl (ServerState.java:setLeader(263)) - 68a06dc7-23c8-4ea6-8753-852ac4572228:group-79D04D37DD1E change Leader from null to 68a06dc7-23c8-4ea6-8753-852ac4572228 at term 3 for becomeLeader, leader elected after 10373ms
2019-08-20 15:32:14,598 INFO  server.RaftServerConfigKeys (ConfUtils.java:logGet(43)) - raft.server.staging.catchup.gap = 1000 (default)
2019-08-20 15:32:14,598 INFO  server.RaftServerConfigKeys (ConfUtils.java:logGet(43)) - raft.server.rpc.sleep.time = 25ms (default)
2019-08-20 15:32:14,599 INFO  server.RaftServerConfigKeys (ConfUtils.java:logGet(43)) - raft.server.write.element-limit = 4096 (default)
2019-08-20 15:32:14,599 INFO  server.RaftServerConfigKeys (ConfUtils.java:logGet(43)) - raft.server.watch.timeout = 10s (default)
2019-08-20 15:32:14,599 INFO  server.RaftServerConfigKeys (ConfUtils.java:logGet(43)) - raft.server.watch.timeout.denomination = 1s (default)
2019-08-20 15:32:14,599 INFO  server.RaftServerConfigKeys (ConfUtils.java:logGet(43)) - raft.server.watch.element-limit = 65536 (default)
2019-08-20 15:32:14,599 INFO  server.RaftServerConfigKeys (ConfUtils.java:logGet(43)) - raft.server.log.appender.snapshot.chunk.size.max = 16MB (=16777216) (default)
2019-08-20 15:32:14,600 INFO  server.RaftServerConfigKeys (ConfUtils.java:logGet(43)) - raft.server.log.appender.buffer.byte-limit = 33554432 (custom)
2019-08-20 15:32:14,600 INFO  server.RaftServerConfigKeys (ConfUtils.java:logGet(43)) - raft.server.log.appender.buffer.element-limit = 1 (custom)
2019-08-20 15:32:14,600 INFO  grpc.GrpcConfigKeys$Server (ConfUtils.java:logGet(43)) - raft.grpc.server.leader.outstanding.appends.max = 128 (default)
2019-08-20 15:32:14,600 INFO  server.RaftServerConfigKeys (ConfUtils.java:logGet(43)) - raft.server.rpc.request.timeout = 3000ms (default)
2019-08-20 15:32:14,600 INFO  server.RaftServerConfigKeys (ConfUtils.java:logGet(43)) - raft.server.log.appender.install.snapshot.enabled = false (custom)
2019-08-20 15:32:14,600 INFO  server.RaftServerConfigKeys (ConfUtils.java:logGet(43)) - raft.server.log.appender.snapshot.chunk.size.max = 16MB (=16777216) (default)
2019-08-20 15:32:14,600 INFO  server.RaftServerConfigKeys (ConfUtils.java:logGet(43)) - raft.server.log.appender.buffer.byte-limit = 33554432 (custom)
2019-08-20 15:32:14,601 INFO  server.RaftServerConfigKeys (ConfUtils.java:logGet(43)) - raft.server.log.appender.buffer.element-limit = 1 (custom)
2019-08-20 15:32:14,601 INFO  grpc.GrpcConfigKeys$Server (ConfUtils.java:logGet(43)) - raft.grpc.server.leader.outstanding.appends.max = 128 (default)
2019-08-20 15:32:14,601 INFO  server.RaftServerConfigKeys (ConfUtils.java:logGet(43)) - raft.server.rpc.request.timeout = 3000ms (default)
2019-08-20 15:32:14,601 INFO  server.RaftServerConfigKeys (ConfUtils.java:logGet(43)) - raft.server.log.appender.install.snapshot.enabled = false (custom)
2019-08-20 15:32:14,602 INFO  impl.RoleInfo (RoleInfo.java:updateAndGet(143)) - 68a06dc7-23c8-4ea6-8753-852ac4572228: start LeaderState
2019-08-20 15:32:14,602 INFO  segmented.SegmentedRaftLogWorker (SegmentedRaftLogWorker.java:startLogSegment(380)) - 68a06dc7-23c8-4ea6-8753-852ac4572228-SegmentedRaftLogWorker:Storage Directory /workdir/hadoop-ozone/integration-test/target/test-dir/MiniOzoneClusterImpl-4e28bd16-aa40-4c06-8f2f-cbc92a7b77d1/datanode-3/data/ratis/42fc173d-a841-4921-b3bc-79d04d37dd1e: Starting segment from index:0
2019-08-20 15:32:14,603 INFO  impl.RaftServerImpl (ServerState.java:setRaftConf(361)) - 68a06dc7-23c8-4ea6-8753-852ac4572228:group-79D04D37DD1E set configuration 0: [83587b57-23c3-472d-a9db-c66327d21260:192.168.5.175:44905, f1640d0e-af93-4f84-a81b-d62e5135c470:192.168.5.175:37991, 68a06dc7-23c8-4ea6-8753-852ac4572228:192.168.5.175:36868], old=null at 0
2019-08-20 15:32:14,605 INFO  impl.RaftServerImpl (ServerState.java:setLeader(263)) - f1640d0e-af93-4f84-a81b-d62e5135c470:group-79D04D37DD1E change Leader from null to 68a06dc7-23c8-4ea6-8753-852ac4572228 at term 3 for appendEntries, leader elected after 5140ms
2019-08-20 15:32:14,626 INFO  impl.RaftServerImpl (ServerState.java:setLeader(263)) - 83587b57-23c3-472d-a9db-c66327d21260:group-79D04D37DD1E change Leader from null to 68a06dc7-23c8-4ea6-8753-852ac4572228 at term 3 for appendEntries, leader elected after 10401ms
2019-08-20 15:32:14,629 INFO  impl.RaftServerImpl (ServerState.java:setRaftConf(361)) - f1640d0e-af93-4f84-a81b-d62e5135c470:group-79D04D37DD1E set configuration 0: [83587b57-23c3-472d-a9db-c66327d21260:192.168.5.175:44905, f1640d0e-af93-4f84-a81b-d62e5135c470:192.168.5.175:37991, 68a06dc7-23c8-4ea6-8753-852ac4572228:192.168.5.175:36868], old=null at 0
2019-08-20 15:32:14,629 INFO  impl.RaftServerImpl (ServerState.java:setRaftConf(361)) - 83587b57-23c3-472d-a9db-c66327d21260:group-79D04D37DD1E set configuration 0: [83587b57-23c3-472d-a9db-c66327d21260:192.168.5.175:44905, f1640d0e-af93-4f84-a81b-d62e5135c470:192.168.5.175:37991, 68a06dc7-23c8-4ea6-8753-852ac4572228:192.168.5.175:36868], old=null at 0
2019-08-20 15:32:14,629 INFO  segmented.SegmentedRaftLogWorker (SegmentedRaftLogWorker.java:startLogSegment(380)) - 83587b57-23c3-472d-a9db-c66327d21260-SegmentedRaftLogWorker:Storage Directory /workdir/hadoop-ozone/integration-test/target/test-dir/MiniOzoneClusterImpl-4e28bd16-aa40-4c06-8f2f-cbc92a7b77d1/datanode-6/data/ratis/42fc173d-a841-4921-b3bc-79d04d37dd1e: Starting segment from index:0
2019-08-20 15:32:14,632 INFO  segmented.SegmentedRaftLogWorker (SegmentedRaftLogWorker.java:truncate(396)) - f1640d0e-af93-4f84-a81b-d62e5135c470-SegmentedRaftLogWorker:Storage Directory /workdir/hadoop-ozone/integration-test/target/test-dir/MiniOzoneClusterImpl-4e28bd16-aa40-4c06-8f2f-cbc92a7b77d1/datanode-0/data/ratis/42fc173d-a841-4921-b3bc-79d04d37dd1e: Truncating segments toTruncate: null
  toDelete: [(0, 0) isOpen? true, length=0, newEndIndex=-1], start index 0
2019-08-20 15:32:14,632 INFO  segmented.SegmentedRaftLogWorker (SegmentedRaftLogWorker.java:startLogSegment(380)) - f1640d0e-af93-4f84-a81b-d62e5135c470-SegmentedRaftLogWorker:Storage Directory /workdir/hadoop-ozone/integration-test/target/test-dir/MiniOzoneClusterImpl-4e28bd16-aa40-4c06-8f2f-cbc92a7b77d1/datanode-0/data/ratis/42fc173d-a841-4921-b3bc-79d04d37dd1e: Starting segment from index:0
2019-08-20 15:32:14,633 INFO  segmented.SegmentedRaftLogWorker (SegmentedRaftLogWorker.java:execute(633)) - f1640d0e-af93-4f84-a81b-d62e5135c470-SegmentedRaftLogWorker:Storage Directory /workdir/hadoop-ozone/integration-test/target/test-dir/MiniOzoneClusterImpl-4e28bd16-aa40-4c06-8f2f-cbc92a7b77d1/datanode-0/data/ratis/42fc173d-a841-4921-b3bc-79d04d37dd1e: Deleted log file /workdir/hadoop-ozone/integration-test/target/test-dir/MiniOzoneClusterImpl-4e28bd16-aa40-4c06-8f2f-cbc92a7b77d1/datanode-0/data/ratis/42fc173d-a841-4921-b3bc-79d04d37dd1e/current/log_inprogress_0
2019-08-20 15:32:14,634 INFO  segmented.SegmentedRaftLogWorker (SegmentedRaftLogWorker.java:lambda$new$0(132)) - f1640d0e-af93-4f84-a81b-d62e5135c470-SegmentedRaftLogWorker:Storage Directory /workdir/hadoop-ozone/integration-test/target/test-dir/MiniOzoneClusterImpl-4e28bd16-aa40-4c06-8f2f-cbc92a7b77d1/datanode-0/data/ratis/42fc173d-a841-4921-b3bc-79d04d37dd1e: flushIndex: setUnconditionally 0 -> -1
2019-08-20 15:32:14,639 INFO  segmented.SegmentedRaftLogWorker (SegmentedRaftLogWorker.java:execute(569)) - 68a06dc7-23c8-4ea6-8753-852ac4572228-SegmentedRaftLogWorker:Storage Directory /workdir/hadoop-ozone/integration-test/target/test-dir/MiniOzoneClusterImpl-4e28bd16-aa40-4c06-8f2f-cbc92a7b77d1/datanode-3/data/ratis/42fc173d-a841-4921-b3bc-79d04d37dd1e: created new log segment /workdir/hadoop-ozone/integration-test/target/test-dir/MiniOzoneClusterImpl-4e28bd16-aa40-4c06-8f2f-cbc92a7b77d1/datanode-3/data/ratis/42fc173d-a841-4921-b3bc-79d04d37dd1e/current/log_inprogress_0
2019-08-20 15:32:14,675 INFO  segmented.SegmentedRaftLogWorker (SegmentedRaftLogWorker.java:execute(569)) - f1640d0e-af93-4f84-a81b-d62e5135c470-SegmentedRaftLogWorker:Storage Directory /workdir/hadoop-ozone/integration-test/target/test-dir/MiniOzoneClusterImpl-4e28bd16-aa40-4c06-8f2f-cbc92a7b77d1/datanode-0/data/ratis/42fc173d-a841-4921-b3bc-79d04d37dd1e: created new log segment /workdir/hadoop-ozone/integration-test/target/test-dir/MiniOzoneClusterImpl-4e28bd16-aa40-4c06-8f2f-cbc92a7b77d1/datanode-0/data/ratis/42fc173d-a841-4921-b3bc-79d04d37dd1e/current/log_inprogress_0
2019-08-20 15:32:14,675 INFO  segmented.SegmentedRaftLogWorker (SegmentedRaftLogWorker.java:execute(569)) - 83587b57-23c3-472d-a9db-c66327d21260-SegmentedRaftLogWorker:Storage Directory /workdir/hadoop-ozone/integration-test/target/test-dir/MiniOzoneClusterImpl-4e28bd16-aa40-4c06-8f2f-cbc92a7b77d1/datanode-6/data/ratis/42fc173d-a841-4921-b3bc-79d04d37dd1e: created new log segment /workdir/hadoop-ozone/integration-test/target/test-dir/MiniOzoneClusterImpl-4e28bd16-aa40-4c06-8f2f-cbc92a7b77d1/datanode-6/data/ratis/42fc173d-a841-4921-b3bc-79d04d37dd1e/current/log_inprogress_0
2019-08-20 15:32:14,737 INFO  client.GrpcClientProtocolClient (GrpcClientProtocolClient.java:onNext(255)) - client-E22C7E5C1505->83587b57-23c3-472d-a9db-c66327d21260: receive RaftClientReply:client-E22C7E5C1505->83587b57-23c3-472d-a9db-c66327d21260@group-79D04D37DD1E, cid=13, FAILED org.apache.ratis.protocol.NotLeaderException: Server 83587b57-23c3-472d-a9db-c66327d21260 is not the leader (68a06dc7-23c8-4ea6-8753-852ac4572228:192.168.5.175:36868). Request must be sent to leader., logIndex=0, commits[83587b57-23c3-472d-a9db-c66327d21260:c-1, f1640d0e-af93-4f84-a81b-d62e5135c470:c-1, 68a06dc7-23c8-4ea6-8753-852ac4572228:c-1]
2019-08-20 15:32:14,985 INFO  client.GrpcClientProtocolClient (GrpcClientProtocolClient.java:onNext(255)) - client-E22C7E5C1505->68a06dc7-23c8-4ea6-8753-852ac4572228: receive RaftClientReply:client-E22C7E5C1505->68a06dc7-23c8-4ea6-8753-852ac4572228@group-79D04D37DD1E, cid=13, SUCCESS, logIndex=1, commits[68a06dc7-23c8-4ea6-8753-852ac4572228:c1, 83587b57-23c3-472d-a9db-c66327d21260:c0, f1640d0e-af93-4f84-a81b-d62e5135c470:c0]
2019-08-20 15:32:15,010 INFO  client.GrpcClientProtocolClient (GrpcClientProtocolClient.java:onNext(255)) - client-E22C7E5C1505->68a06dc7-23c8-4ea6-8753-852ac4572228: receive RaftClientReply:client-E22C7E5C1505->68a06dc7-23c8-4ea6-8753-852ac4572228@group-79D04D37DD1E, cid=14, SUCCESS, logIndex=3, commits[68a06dc7-23c8-4ea6-8753-852ac4572228:c3, 83587b57-23c3-472d-a9db-c66327d21260:c2, f1640d0e-af93-4f84-a81b-d62e5135c470:c2]
2019-08-20 15:32:15,107 INFO  client.GrpcClientProtocolClient (GrpcClientProtocolClient.java:onNext(255)) - client-E22C7E5C1505->68a06dc7-23c8-4ea6-8753-852ac4572228: receive RaftClientReply:client-E22C7E5C1505->68a06dc7-23c8-4ea6-8753-852ac4572228@group-79D04D37DD1E, cid=15, SUCCESS, logIndex=5, commits[68a06dc7-23c8-4ea6-8753-852ac4572228:c12, 83587b57-23c3-472d-a9db-c66327d21260:c8, f1640d0e-af93-4f84-a81b-d62e5135c470:c8]
2019-08-20 15:32:15,113 INFO  client.GrpcClientProtocolClient (GrpcClientProtocolClient.java:onNext(255)) - client-E22C7E5C1505->68a06dc7-23c8-4ea6-8753-852ac4572228: receive RaftClientReply:client-E22C7E5C1505->68a06dc7-23c8-4ea6-8753-852ac4572228@group-79D04D37DD1E, cid=16, SUCCESS, logIndex=6, commits[68a06dc7-23c8-4ea6-8753-852ac4572228:c12, 83587b57-23c3-472d-a9db-c66327d21260:c8, f1640d0e-af93-4f84-a81b-d62e5135c470:c8]
2019-08-20 15:32:15,116 INFO  client.GrpcClientProtocolClient (GrpcClientProtocolClient.java:onNext(255)) - client-E22C7E5C1505->68a06dc7-23c8-4ea6-8753-852ac4572228: receive RaftClientReply:client-E22C7E5C1505->68a06dc7-23c8-4ea6-8753-852ac4572228@group-79D04D37DD1E, cid=17, SUCCESS, logIndex=7, commits[68a06dc7-23c8-4ea6-8753-852ac4572228:c12, 83587b57-23c3-472d-a9db-c66327d21260:c8, f1640d0e-af93-4f84-a81b-d62e5135c470:c8]
2019-08-20 15:32:15,172 INFO  client.GrpcClientProtocolClient (GrpcClientProtocolClient.java:onNext(255)) - client-E22C7E5C1505->68a06dc7-23c8-4ea6-8753-852ac4572228: receive RaftClientReply:client-E22C7E5C1505->68a06dc7-23c8-4ea6-8753-852ac4572228@group-79D04D37DD1E, cid=18, SUCCESS, logIndex=8, commits[68a06dc7-23c8-4ea6-8753-852ac4572228:c12, 83587b57-23c3-472d-a9db-c66327d21260:c8, f1640d0e-af93-4f84-a81b-d62e5135c470:c8]
2019-08-20 15:32:15,210 INFO  client.GrpcClientProtocolClient (GrpcClientProtocolClient.java:onNext(255)) - client-E22C7E5C1505->68a06dc7-23c8-4ea6-8753-852ac4572228: receive RaftClientReply:client-E22C7E5C1505->68a06dc7-23c8-4ea6-8753-852ac4572228@group-79D04D37DD1E, cid=19, SUCCESS, logIndex=13, commits[68a06dc7-23c8-4ea6-8753-852ac4572228:c14, 83587b57-23c3-472d-a9db-c66327d21260:c12, f1640d0e-af93-4f84-a81b-d62e5135c470:c12]
2019-08-20 15:32:15,212 INFO  client.GrpcClientProtocolClient (GrpcClientProtocolClient.java:onNext(255)) - client-E22C7E5C1505->68a06dc7-23c8-4ea6-8753-852ac4572228: receive RaftClientReply:client-E22C7E5C1505->68a06dc7-23c8-4ea6-8753-852ac4572228@group-79D04D37DD1E, cid=20, SUCCESS, logIndex=14, commits[68a06dc7-23c8-4ea6-8753-852ac4572228:c14, 83587b57-23c3-472d-a9db-c66327d21260:c12, f1640d0e-af93-4f84-a81b-d62e5135c470:c12]
2019-08-20 15:32:15,235 INFO  client.GrpcClientProtocolClient (GrpcClientProtocolClient.java:onNext(255)) - client-E22C7E5C1505->68a06dc7-23c8-4ea6-8753-852ac4572228: receive RaftClientReply:client-E22C7E5C1505->68a06dc7-23c8-4ea6-8753-852ac4572228@group-79D04D37DD1E, cid=21, SUCCESS, logIndex=0, commits[68a06dc7-23c8-4ea6-8753-852ac4572228:c16, 83587b57-23c3-472d-a9db-c66327d21260:c14, f1640d0e-af93-4f84-a81b-d62e5135c470:c14]
2019-08-20 15:32:15,236 INFO  datanode.ObjectStoreHandler (ObjectStoreHandler.java:close(155)) - Closing ObjectStoreHandler.
2019-08-20 15:32:15,237 INFO  ozone.HddsDatanodeService (HddsDatanodeService.java:stop(451)) - Stopped plug-in org.apache.hadoop.ozone.web.OzoneHddsDatanodeService@240a2619
2019-08-20 15:32:15,962 INFO  statemachine.DatanodeStateMachine (DatanodeStateMachine.java:lambda$startDaemon$0(350)) - Ozone container server started.
2019-08-20 15:32:20,041 INFO  node.StaleNodeHandler (StaleNodeHandler.java:onMessage(58)) - Datanode 83587b57-23c3-472d-a9db-c66327d21260{ip: 192.168.5.175, host: pr-hdds-1879-mp8vb-189615265, networkLocation: /default-rack, certSerialId: null} moved to stale state. Finalizing its pipelines [PipelineID=42fc173d-a841-4921-b3bc-79d04d37dd1e, PipelineID=ec741b70-6097-4644-bec5-44aca7fed1f7]
2019-08-20 15:32:20,041 INFO  pipeline.SCMPipelineManager (SCMPipelineManager.java:finalizeAndDestroyPipeline(309)) - destroying pipeline:Pipeline[ Id: 42fc173d-a841-4921-b3bc-79d04d37dd1e, Nodes: 83587b57-23c3-472d-a9db-c66327d21260{ip: 192.168.5.175, host: pr-hdds-1879-mp8vb-189615265, networkLocation: /default-rack, certSerialId: null}f1640d0e-af93-4f84-a81b-d62e5135c470{ip: 192.168.5.175, host: pr-hdds-1879-mp8vb-189615265, networkLocation: /default-rack, certSerialId: null}68a06dc7-23c8-4ea6-8753-852ac4572228{ip: 192.168.5.175, host: pr-hdds-1879-mp8vb-189615265, networkLocation: /default-rack, certSerialId: null}, Type:RATIS, Factor:THREE, State:OPEN]
2019-08-20 15:32:20,042 INFO  pipeline.PipelineStateManager (PipelineStateManager.java:finalizePipeline(123)) - Pipeline Pipeline[ Id: 42fc173d-a841-4921-b3bc-79d04d37dd1e, Nodes: 83587b57-23c3-472d-a9db-c66327d21260{ip: 192.168.5.175, host: pr-hdds-1879-mp8vb-189615265, networkLocation: /default-rack, certSerialId: null}f1640d0e-af93-4f84-a81b-d62e5135c470{ip: 192.168.5.175, host: pr-hdds-1879-mp8vb-189615265, networkLocation: /default-rack, certSerialId: null}68a06dc7-23c8-4ea6-8753-852ac4572228{ip: 192.168.5.175, host: pr-hdds-1879-mp8vb-189615265, networkLocation: /default-rack, certSerialId: null}, Type:RATIS, Factor:THREE, State:CLOSED] moved to CLOSED state
2019-08-20 15:32:20,043 INFO  container.CloseContainerEventHandler (CloseContainerEventHandler.java:onMessage(61)) - Close container Event triggered for container : #1
2019-08-20 15:32:20,046 INFO  pipeline.SCMPipelineManager (SCMPipelineManager.java:finalizeAndDestroyPipeline(309)) - destroying pipeline:Pipeline[ Id: ec741b70-6097-4644-bec5-44aca7fed1f7, Nodes: 83587b57-23c3-472d-a9db-c66327d21260{ip: 192.168.5.175, host: pr-hdds-1879-mp8vb-189615265, networkLocation: /default-rack, certSerialId: null}, Type:RATIS, Factor:ONE, State:OPEN]
2019-08-20 15:32:20,048 INFO  pipeline.PipelineStateManager (PipelineStateManager.java:finalizePipeline(123)) - Pipeline Pipeline[ Id: ec741b70-6097-4644-bec5-44aca7fed1f7, Nodes: 83587b57-23c3-472d-a9db-c66327d21260{ip: 192.168.5.175, host: pr-hdds-1879-mp8vb-189615265, networkLocation: /default-rack, certSerialId: null}, Type:RATIS, Factor:ONE, State:CLOSED] moved to CLOSED state
2019-08-20 15:32:20,239 INFO  ozoneimpl.OzoneContainer (OzoneContainer.java:stop(199)) - Attempting to stop container services.
2019-08-20 15:32:20,239 INFO  impl.RaftServerProxy (RaftServerProxy.java:lambda$close$4(314)) - 83587b57-23c3-472d-a9db-c66327d21260: close
2019-08-20 15:32:20,241 INFO  impl.RaftServerImpl (RaftServerImpl.java:lambda$shutdown$3(245)) - 83587b57-23c3-472d-a9db-c66327d21260: shutdown group-79D04D37DD1E
2019-08-20 15:32:20,241 INFO  util.JmxRegister (JmxRegister.java:unregister(73)) - Successfully un-registered JMX Bean with object name Ratis:service=RaftServer,group=group-79D04D37DD1E,id=83587b57-23c3-472d-a9db-c66327d21260
2019-08-20 15:32:20,241 INFO  impl.RoleInfo (RoleInfo.java:shutdownFollowerState(121)) - 83587b57-23c3-472d-a9db-c66327d21260: shutdown FollowerState
2019-08-20 15:32:20,242 INFO  impl.StateMachineUpdater (StateMachineUpdater.java:stopAndJoin(115)) - StateMachineUpdater:83587b57-23c3-472d-a9db-c66327d21260:group-79D04D37DD1E: set stopIndex = 16
2019-08-20 15:32:20,242 INFO  ratis.ContainerStateMachine (ContainerStateMachine.java:takeSnapshot(272)) - group-79D04D37DD1E: Taking a snapshot at:(t:3, i:14) file /workdir/hadoop-ozone/integration-test/target/test-dir/MiniOzoneClusterImpl-4e28bd16-aa40-4c06-8f2f-cbc92a7b77d1/datanode-6/data/ratis/42fc173d-a841-4921-b3bc-79d04d37dd1e/sm/snapshot.3_14
2019-08-20 15:32:20,242 INFO  impl.FollowerState (FollowerState.java:run(114)) - 83587b57-23c3-472d-a9db-c66327d21260: FollowerState was interrupted: java.lang.InterruptedException: sleep interrupted
2019-08-20 15:32:20,268 INFO  ratis.ContainerStateMachine (ContainerStateMachine.java:takeSnapshot(283)) - group-79D04D37DD1E: Finished taking a snapshot at:(t:3, i:14) file:/workdir/hadoop-ozone/integration-test/target/test-dir/MiniOzoneClusterImpl-4e28bd16-aa40-4c06-8f2f-cbc92a7b77d1/datanode-6/data/ratis/42fc173d-a841-4921-b3bc-79d04d37dd1e/sm/snapshot.3_14 time:26
2019-08-20 15:32:20,268 INFO  impl.StateMachineUpdater (StateMachineUpdater.java:takeSnapshot(242)) - StateMachineUpdater:83587b57-23c3-472d-a9db-c66327d21260:group-79D04D37DD1E: Took a snapshot at index 14
2019-08-20 15:32:20,270 INFO  impl.StateMachineUpdater (StateMachineUpdater.java:lambda$new$0(80)) - StateMachineUpdater:83587b57-23c3-472d-a9db-c66327d21260:group-79D04D37DD1E: snapshotIndex: updateIncreasingly -1 -> 14
2019-08-20 15:32:20,274 INFO  impl.RaftServerImpl (ServerState.java:close(394)) - 83587b57-23c3-472d-a9db-c66327d21260:group-79D04D37DD1E closes. The last applied log index is 16
2019-08-20 15:32:20,276 INFO  segmented.SegmentedRaftLogWorker (SegmentedRaftLogWorker.java:run(313)) - 83587b57-23c3-472d-a9db-c66327d21260-SegmentedRaftLogWorker:Storage Directory /workdir/hadoop-ozone/integration-test/target/test-dir/MiniOzoneClusterImpl-4e28bd16-aa40-4c06-8f2f-cbc92a7b77d1/datanode-6/data/ratis/42fc173d-a841-4921-b3bc-79d04d37dd1e was interrupted, exiting. There are 0 tasks remaining in the queue.
2019-08-20 15:32:20,277 INFO  segmented.SegmentedRaftLogWorker (SegmentedRaftLogWorker.java:close(228)) - 83587b57-23c3-472d-a9db-c66327d21260-SegmentedRaftLogWorker:Storage Directory /workdir/hadoop-ozone/integration-test/target/test-dir/MiniOzoneClusterImpl-4e28bd16-aa40-4c06-8f2f-cbc92a7b77d1/datanode-6/data/ratis/42fc173d-a841-4921-b3bc-79d04d37dd1e close()
2019-08-20 15:32:20,280 INFO  impl.RaftServerImpl (RaftServerImpl.java:lambda$shutdown$3(245)) - 83587b57-23c3-472d-a9db-c66327d21260: shutdown group-44ACA7FED1F7
2019-08-20 15:32:20,280 INFO  util.JmxRegister (JmxRegister.java:unregister(73)) - Successfully un-registered JMX Bean with object name Ratis:service=RaftServer,group=group-44ACA7FED1F7,id=83587b57-23c3-472d-a9db-c66327d21260
2019-08-20 15:32:20,280 INFO  impl.RoleInfo (RoleInfo.java:shutdownLeaderState(104)) - 83587b57-23c3-472d-a9db-c66327d21260: shutdown LeaderState
2019-08-20 15:32:20,281 INFO  impl.PendingRequests (PendingRequests.java:sendNotLeaderResponses(202)) - 83587b57-23c3-472d-a9db-c66327d21260-PendingRequests: sendNotLeaderResponses
2019-08-20 15:32:20,281 INFO  impl.StateMachineUpdater (StateMachineUpdater.java:stopAndJoin(115)) - StateMachineUpdater:83587b57-23c3-472d-a9db-c66327d21260:group-44ACA7FED1F7: set stopIndex = 0
2019-08-20 15:32:20,281 INFO  impl.RaftServerImpl (ServerState.java:close(394)) - 83587b57-23c3-472d-a9db-c66327d21260:group-44ACA7FED1F7 closes. The last applied log index is 0
2019-08-20 15:32:20,282 INFO  segmented.SegmentedRaftLogWorker (SegmentedRaftLogWorker.java:run(313)) - 83587b57-23c3-472d-a9db-c66327d21260-SegmentedRaftLogWorker:Storage Directory /workdir/hadoop-ozone/integration-test/target/test-dir/MiniOzoneClusterImpl-4e28bd16-aa40-4c06-8f2f-cbc92a7b77d1/datanode-6/data/ratis/ec741b70-6097-4644-bec5-44aca7fed1f7 was interrupted, exiting. There are 0 tasks remaining in the queue.
2019-08-20 15:32:20,283 INFO  segmented.SegmentedRaftLogWorker (SegmentedRaftLogWorker.java:close(228)) - 83587b57-23c3-472d-a9db-c66327d21260-SegmentedRaftLogWorker:Storage Directory /workdir/hadoop-ozone/integration-test/target/test-dir/MiniOzoneClusterImpl-4e28bd16-aa40-4c06-8f2f-cbc92a7b77d1/datanode-6/data/ratis/ec741b70-6097-4644-bec5-44aca7fed1f7 close()
2019-08-20 15:32:20,286 INFO  server.GrpcService (GrpcService.java:closeImpl(155)) - 83587b57-23c3-472d-a9db-c66327d21260: shutdown server with port 44905 now
2019-08-20 15:32:20,291 INFO  server.GrpcService (GrpcService.java:closeImpl(163)) - 83587b57-23c3-472d-a9db-c66327d21260: shutdown server with port 44905 successfully
2019-08-20 15:32:20,291 WARN  server.GrpcServerProtocolService (LogUtils.java:warn(134)) - 83587b57-23c3-472d-a9db-c66327d21260: appendEntries onError: org.apache.ratis.thirdparty.io.grpc.StatusRuntimeException: CANCELLED: cancelled before receiving half close
2019-08-20 15:32:20,294 INFO  utils.BackgroundService (BackgroundService.java:shutdown(148)) - Shutting down service BlockDeletingService
2019-08-20 15:32:20,295 WARN  server.GrpcLogAppender (LogUtils.java:warn(134)) - 68a06dc7-23c8-4ea6-8753-852ac4572228->83587b57-23c3-472d-a9db-c66327d21260: Failed appendEntries: org.apache.ratis.thirdparty.io.grpc.StatusRuntimeException: CANCELLED: HTTP/2 error code: CANCEL
Received Rst Stream
2019-08-20 15:32:20,295 WARN  fs.CachingGetSpaceUsed (CachingGetSpaceUsed.java:run(183)) - Thread Interrupted waiting to refresh disk information: sleep interrupted
2019-08-20 15:32:20,297 INFO  impl.FollowerInfo (FollowerInfo.java:lambda$new$0(50)) - 68a06dc7-23c8-4ea6-8753-852ac4572228->83587b57-23c3-472d-a9db-c66327d21260: nextIndex: updateUnconditionally 17 -> 16
2019-08-20 15:32:20,316 INFO  statemachine.DatanodeStateMachine (DatanodeStateMachine.java:stopDaemon(395)) - Ozone container server stopped.
2019-08-20 15:32:20,320 INFO  handler.ContextHandler (ContextHandler.java:doStop(910)) - Stopped o.e.j.w.WebAppContext@4ae8fb2a{/,null,UNAVAILABLE}{/hddsDatanode}
2019-08-20 15:32:20,324 INFO  server.AbstractConnector (AbstractConnector.java:doStop(318)) - Stopped ServerConnector@54326e9{HTTP/1.1,[http/1.1]}{0.0.0.0:0}
2019-08-20 15:32:20,324 INFO  handler.ContextHandler (ContextHandler.java:doStop(910)) - Stopped o.e.j.s.ServletContextHandler@48567727{/static,jar:file:/home/user/.m2/repository/org/apache/hadoop/hadoop-hdds-container-service/0.5.0-SNAPSHOT/hadoop-hdds-container-service-0.5.0-SNAPSHOT.jar!/webapps/static,UNAVAILABLE}
2019-08-20 15:32:20,325 INFO  handler.ContextHandler (ContextHandler.java:doStop(910)) - Stopped o.e.j.s.ServletContextHandler@6afbe6a1{/logs,file:///workdir/hadoop-ozone/integration-test/target/log,UNAVAILABLE}
2019-08-20 15:32:20,326 INFO  datanode.ObjectStoreHandler (ObjectStoreHandler.java:close(155)) - Closing ObjectStoreHandler.
2019-08-20 15:32:20,326 INFO  ozone.HddsDatanodeService (HddsDatanodeService.java:stop(451)) - Stopped plug-in org.apache.hadoop.ozone.web.OzoneHddsDatanodeService@3f9b7fe1
2019-08-20 15:32:20,963 INFO  statemachine.DatanodeStateMachine (DatanodeStateMachine.java:lambda$startDaemon$0(350)) - Ozone container server started.
2019-08-20 15:32:22,749 WARN  server.GrpcLogAppender (LogUtils.java:warn(134)) - 68a06dc7-23c8-4ea6-8753-852ac4572228->83587b57-23c3-472d-a9db-c66327d21260: Failed appendEntries: org.apache.ratis.thirdparty.io.grpc.StatusRuntimeException: UNAVAILABLE: io exception
2019-08-20 15:32:22,751 INFO  impl.FollowerInfo (FollowerInfo.java:lambda$new$0(50)) - 68a06dc7-23c8-4ea6-8753-852ac4572228->83587b57-23c3-472d-a9db-c66327d21260: nextIndex: updateUnconditionally 16 -> 15
2019-08-20 15:32:22,925 WARN  server.GrpcLogAppender (LogUtils.java:warn(134)) - 68a06dc7-23c8-4ea6-8753-852ac4572228->83587b57-23c3-472d-a9db-c66327d21260: Failed appendEntries: org.apache.ratis.thirdparty.io.grpc.StatusRuntimeException: UNAVAILABLE: io exception
2019-08-20 15:32:22,926 INFO  impl.FollowerInfo (FollowerInfo.java:lambda$new$0(50)) - 68a06dc7-23c8-4ea6-8753-852ac4572228->83587b57-23c3-472d-a9db-c66327d21260: nextIndex: updateUnconditionally 16 -> 15
2019-08-20 15:32:22,938 WARN  server.GrpcLogAppender (LogUtils.java:warn(134)) - 68a06dc7-23c8-4ea6-8753-852ac4572228->83587b57-23c3-472d-a9db-c66327d21260: Failed appendEntries: org.apache.ratis.thirdparty.io.grpc.StatusRuntimeException: UNAVAILABLE: io exception
2019-08-20 15:32:22,941 INFO  impl.FollowerInfo (FollowerInfo.java:lambda$new$0(50)) - 68a06dc7-23c8-4ea6-8753-852ac4572228->83587b57-23c3-472d-a9db-c66327d21260: nextIndex: updateUnconditionally 16 -> 15
2019-08-20 15:32:22,953 WARN  server.GrpcLogAppender (LogUtils.java:warn(134)) - 68a06dc7-23c8-4ea6-8753-852ac4572228->83587b57-23c3-472d-a9db-c66327d21260: Failed appendEntries: org.apache.ratis.thirdparty.io.grpc.StatusRuntimeException: UNAVAILABLE: io exception
2019-08-20 15:32:22,955 INFO  impl.FollowerInfo (FollowerInfo.java:lambda$new$0(50)) - 68a06dc7-23c8-4ea6-8753-852ac4572228->83587b57-23c3-472d-a9db-c66327d21260: nextIndex: updateUnconditionally 16 -> 15
2019-08-20 15:32:22,980 INFO  interfaces.Container (KeyValueContainer.java:compactDB(356)) - Container 1 is closed with bcsId 14.
2019-08-20 15:32:22,984 INFO  container.IncrementalContainerReportHandler (AbstractContainerReportHandler.java:updateContainerState(176)) - Moving container #1 to CLOSED state, datanode 68a06dc7-23c8-4ea6-8753-852ac4572228{ip: 192.168.5.175, host: pr-hdds-1879-mp8vb-189615265, networkLocation: /default-rack, certSerialId: null} reported CLOSED replica.
2019-08-20 15:32:22,998 INFO  interfaces.Container (KeyValueContainer.java:compactDB(356)) - Container 1 is closed with bcsId 14.
2019-08-20 15:32:25,050 INFO  node.StaleNodeHandler (StaleNodeHandler.java:onMessage(58)) - Datanode f1640d0e-af93-4f84-a81b-d62e5135c470{ip: 192.168.5.175, host: pr-hdds-1879-mp8vb-189615265, networkLocation: /default-rack, certSerialId: null} moved to stale state. Finalizing its pipelines [PipelineID=42fc173d-a841-4921-b3bc-79d04d37dd1e, PipelineID=d8406a1e-94ff-4735-ab60-8cde37ef3fdb]
2019-08-20 15:32:25,050 INFO  pipeline.SCMPipelineManager (SCMPipelineManager.java:finalizeAndDestroyPipeline(309)) - destroying pipeline:Pipeline[ Id: 42fc173d-a841-4921-b3bc-79d04d37dd1e, Nodes: 83587b57-23c3-472d-a9db-c66327d21260{ip: 192.168.5.175, host: pr-hdds-1879-mp8vb-189615265, networkLocation: /default-rack, certSerialId: null}f1640d0e-af93-4f84-a81b-d62e5135c470{ip: 192.168.5.175, host: pr-hdds-1879-mp8vb-189615265, networkLocation: /default-rack, certSerialId: null}68a06dc7-23c8-4ea6-8753-852ac4572228{ip: 192.168.5.175, host: pr-hdds-1879-mp8vb-189615265, networkLocation: /default-rack, certSerialId: null}, Type:RATIS, Factor:THREE, State:CLOSED]
2019-08-20 15:32:25,050 INFO  pipeline.SCMPipelineManager (SCMPipelineManager.java:finalizeAndDestroyPipeline(309)) - destroying pipeline:Pipeline[ Id: d8406a1e-94ff-4735-ab60-8cde37ef3fdb, Nodes: f1640d0e-af93-4f84-a81b-d62e5135c470{ip: 192.168.5.175, host: pr-hdds-1879-mp8vb-189615265, networkLocation: /default-rack, certSerialId: null}, Type:RATIS, Factor:ONE, State:OPEN]
2019-08-20 15:32:25,051 INFO  pipeline.PipelineStateManager (PipelineStateManager.java:finalizePipeline(123)) - Pipeline Pipeline[ Id: d8406a1e-94ff-4735-ab60-8cde37ef3fdb, Nodes: f1640d0e-af93-4f84-a81b-d62e5135c470{ip: 192.168.5.175, host: pr-hdds-1879-mp8vb-189615265, networkLocation: /default-rack, certSerialId: null}, Type:RATIS, Factor:ONE, State:CLOSED] moved to CLOSED state
2019-08-20 15:32:25,327 INFO  ozoneimpl.OzoneContainer (OzoneContainer.java:stop(199)) - Attempting to stop container services.
2019-08-20 15:32:25,331 INFO  impl.RaftServerProxy (RaftServerProxy.java:lambda$close$4(314)) - f1640d0e-af93-4f84-a81b-d62e5135c470: close
2019-08-20 15:32:25,331 INFO  impl.RaftServerImpl (RaftServerImpl.java:lambda$shutdown$3(245)) - f1640d0e-af93-4f84-a81b-d62e5135c470: shutdown group-79D04D37DD1E
2019-08-20 15:32:25,332 INFO  impl.RaftServerImpl (RaftServerImpl.java:lambda$shutdown$3(245)) - f1640d0e-af93-4f84-a81b-d62e5135c470: shutdown group-8CDE37EF3FDB
2019-08-20 15:32:25,332 INFO  util.JmxRegister (JmxRegister.java:unregister(73)) - Successfully un-registered JMX Bean with object name Ratis:service=RaftServer,group=group-79D04D37DD1E,id=f1640d0e-af93-4f84-a81b-d62e5135c470
2019-08-20 15:32:25,332 INFO  util.JmxRegister (JmxRegister.java:unregister(73)) - Successfully un-registered JMX Bean with object name Ratis:service=RaftServer,group=group-8CDE37EF3FDB,id=f1640d0e-af93-4f84-a81b-d62e5135c470
2019-08-20 15:32:25,332 INFO  impl.RoleInfo (RoleInfo.java:shutdownFollowerState(121)) - f1640d0e-af93-4f84-a81b-d62e5135c470: shutdown FollowerState
2019-08-20 15:32:25,332 INFO  impl.RoleInfo (RoleInfo.java:shutdownLeaderState(104)) - f1640d0e-af93-4f84-a81b-d62e5135c470: shutdown LeaderState
2019-08-20 15:32:25,333 INFO  impl.StateMachineUpdater (StateMachineUpdater.java:stopAndJoin(115)) - StateMachineUpdater:f1640d0e-af93-4f84-a81b-d62e5135c470:group-79D04D37DD1E: set stopIndex = 17
2019-08-20 15:32:25,333 INFO  impl.FollowerState (FollowerState.java:run(114)) - f1640d0e-af93-4f84-a81b-d62e5135c470: FollowerState was interrupted: java.lang.InterruptedException: sleep interrupted
2019-08-20 15:32:25,333 INFO  impl.PendingRequests (PendingRequests.java:sendNotLeaderResponses(202)) - f1640d0e-af93-4f84-a81b-d62e5135c470-PendingRequests: sendNotLeaderResponses
2019-08-20 15:32:25,333 INFO  ratis.ContainerStateMachine (ContainerStateMachine.java:takeSnapshot(272)) - group-79D04D37DD1E: Taking a snapshot at:(t:3, i:17) file /workdir/hadoop-ozone/integration-test/target/test-dir/MiniOzoneClusterImpl-4e28bd16-aa40-4c06-8f2f-cbc92a7b77d1/datanode-0/data/ratis/42fc173d-a841-4921-b3bc-79d04d37dd1e/sm/snapshot.3_17
2019-08-20 15:32:25,336 INFO  impl.StateMachineUpdater (StateMachineUpdater.java:stopAndJoin(115)) - StateMachineUpdater:f1640d0e-af93-4f84-a81b-d62e5135c470:group-8CDE37EF3FDB: set stopIndex = 0
2019-08-20 15:32:25,337 INFO  impl.RaftServerImpl (ServerState.java:close(394)) - f1640d0e-af93-4f84-a81b-d62e5135c470:group-8CDE37EF3FDB closes. The last applied log index is 0
2019-08-20 15:32:25,337 INFO  segmented.SegmentedRaftLogWorker (SegmentedRaftLogWorker.java:run(313)) - f1640d0e-af93-4f84-a81b-d62e5135c470-SegmentedRaftLogWorker:Storage Directory /workdir/hadoop-ozone/integration-test/target/test-dir/MiniOzoneClusterImpl-4e28bd16-aa40-4c06-8f2f-cbc92a7b77d1/datanode-0/data/ratis/d8406a1e-94ff-4735-ab60-8cde37ef3fdb was interrupted, exiting. There are 0 tasks remaining in the queue.
2019-08-20 15:32:25,339 INFO  segmented.SegmentedRaftLogWorker (SegmentedRaftLogWorker.java:close(228)) - f1640d0e-af93-4f84-a81b-d62e5135c470-SegmentedRaftLogWorker:Storage Directory /workdir/hadoop-ozone/integration-test/target/test-dir/MiniOzoneClusterImpl-4e28bd16-aa40-4c06-8f2f-cbc92a7b77d1/datanode-0/data/ratis/d8406a1e-94ff-4735-ab60-8cde37ef3fdb close()
2019-08-20 15:32:25,346 INFO  ratis.ContainerStateMachine (ContainerStateMachine.java:takeSnapshot(283)) - group-79D04D37DD1E: Finished taking a snapshot at:(t:3, i:17) file:/workdir/hadoop-ozone/integration-test/target/test-dir/MiniOzoneClusterImpl-4e28bd16-aa40-4c06-8f2f-cbc92a7b77d1/datanode-0/data/ratis/42fc173d-a841-4921-b3bc-79d04d37dd1e/sm/snapshot.3_17 time:14
2019-08-20 15:32:25,346 INFO  impl.StateMachineUpdater (StateMachineUpdater.java:takeSnapshot(242)) - StateMachineUpdater:f1640d0e-af93-4f84-a81b-d62e5135c470:group-79D04D37DD1E: Took a snapshot at index 17
2019-08-20 15:32:25,346 INFO  impl.StateMachineUpdater (StateMachineUpdater.java:lambda$new$0(80)) - StateMachineUpdater:f1640d0e-af93-4f84-a81b-d62e5135c470:group-79D04D37DD1E: snapshotIndex: updateIncreasingly -1 -> 17
2019-08-20 15:32:25,347 INFO  impl.RaftServerImpl (ServerState.java:close(394)) - f1640d0e-af93-4f84-a81b-d62e5135c470:group-79D04D37DD1E closes. The last applied log index is 17
2019-08-20 15:32:25,347 INFO  segmented.SegmentedRaftLogWorker (SegmentedRaftLogWorker.java:run(313)) - f1640d0e-af93-4f84-a81b-d62e5135c470-SegmentedRaftLogWorker:Storage Directory /workdir/hadoop-ozone/integration-test/target/test-dir/MiniOzoneClusterImpl-4e28bd16-aa40-4c06-8f2f-cbc92a7b77d1/datanode-0/data/ratis/42fc173d-a841-4921-b3bc-79d04d37dd1e was interrupted, exiting. There are 0 tasks remaining in the queue.
2019-08-20 15:32:25,349 INFO  segmented.SegmentedRaftLogWorker (SegmentedRaftLogWorker.java:close(228)) - f1640d0e-af93-4f84-a81b-d62e5135c470-SegmentedRaftLogWorker:Storage Directory /workdir/hadoop-ozone/integration-test/target/test-dir/MiniOzoneClusterImpl-4e28bd16-aa40-4c06-8f2f-cbc92a7b77d1/datanode-0/data/ratis/42fc173d-a841-4921-b3bc-79d04d37dd1e close()
2019-08-20 15:32:25,351 INFO  server.GrpcService (GrpcService.java:closeImpl(155)) - f1640d0e-af93-4f84-a81b-d62e5135c470: shutdown server with port 37991 now
2019-08-20 15:32:25,352 WARN  server.GrpcServerProtocolService (LogUtils.java:warn(134)) - f1640d0e-af93-4f84-a81b-d62e5135c470: appendEntries onError: org.apache.ratis.thirdparty.io.grpc.StatusRuntimeException: CANCELLED: cancelled before receiving half close
2019-08-20 15:32:25,353 INFO  server.GrpcService (GrpcService.java:closeImpl(163)) - f1640d0e-af93-4f84-a81b-d62e5135c470: shutdown server with port 37991 successfully
2019-08-20 15:32:25,354 WARN  server.GrpcLogAppender (LogUtils.java:warn(134)) - 68a06dc7-23c8-4ea6-8753-852ac4572228->f1640d0e-af93-4f84-a81b-d62e5135c470: Failed appendEntries: org.apache.ratis.thirdparty.io.grpc.StatusRuntimeException: CANCELLED: HTTP/2 error code: CANCEL
Received Rst Stream
2019-08-20 15:32:25,356 INFO  impl.FollowerInfo (FollowerInfo.java:lambda$new$0(50)) - 68a06dc7-23c8-4ea6-8753-852ac4572228->f1640d0e-af93-4f84-a81b-d62e5135c470: nextIndex: updateUnconditionally 19 -> 18
2019-08-20 15:32:25,356 INFO  utils.BackgroundService (BackgroundService.java:shutdown(148)) - Shutting down service BlockDeletingService
2019-08-20 15:32:25,357 WARN  fs.CachingGetSpaceUsed (CachingGetSpaceUsed.java:run(183)) - Thread Interrupted waiting to refresh disk information: sleep interrupted
2019-08-20 15:32:25,379 INFO  statemachine.DatanodeStateMachine (DatanodeStateMachine.java:stopDaemon(395)) - Ozone container server stopped.
2019-08-20 15:32:25,380 INFO  handler.ContextHandler (ContextHandler.java:doStop(910)) - Stopped o.e.j.w.WebAppContext@1bc0d349{/,null,UNAVAILABLE}{/hddsDatanode}
2019-08-20 15:32:25,381 INFO  server.AbstractConnector (AbstractConnector.java:doStop(318)) - Stopped ServerConnector@644ded04{HTTP/1.1,[http/1.1]}{0.0.0.0:0}
2019-08-20 15:32:25,381 INFO  handler.ContextHandler (ContextHandler.java:doStop(910)) - Stopped o.e.j.s.ServletContextHandler@1a865273{/static,jar:file:/home/user/.m2/repository/org/apache/hadoop/hadoop-hdds-container-service/0.5.0-SNAPSHOT/hadoop-hdds-container-service-0.5.0-SNAPSHOT.jar!/webapps/static,UNAVAILABLE}
2019-08-20 15:32:25,381 INFO  handler.ContextHandler (ContextHandler.java:doStop(910)) - Stopped o.e.j.s.ServletContextHandler@312b34e3{/logs,file:///workdir/hadoop-ozone/integration-test/target/log,UNAVAILABLE}
15:32:25.387 [grpc-default-executor-2] ERROR DNAudit - user=null | ip=null | op=WRITE_CHUNK {blockData=conID: 1 locID: 102650027987501057 bcsId: 14} | ret=FAILURE
org.apache.hadoop.hdds.scm.container.common.helpers.ContainerNotOpenException: Container 1 in CLOSED state
	at org.apache.hadoop.ozone.container.common.impl.HddsDispatcher.validateContainerCommand(HddsDispatcher.java:408) ~[hadoop-hdds-container-service-0.5.0-SNAPSHOT.jar:?]
	at org.apache.hadoop.ozone.container.common.transport.server.ratis.ContainerStateMachine.startTransaction(ContainerStateMachine.java:298) ~[hadoop-hdds-container-service-0.5.0-SNAPSHOT.jar:?]
	at org.apache.ratis.server.impl.RaftServerImpl.submitClientRequestAsync(RaftServerImpl.java:566) ~[ratis-server-0.4.0-2337318-SNAPSHOT.jar:0.4.0-2337318-SNAPSHOT]
	at org.apache.ratis.server.impl.RaftServerProxy.lambda$submitClientRequestAsync$7(RaftServerProxy.java:333) ~[ratis-server-0.4.0-2337318-SNAPSHOT.jar:0.4.0-2337318-SNAPSHOT]
	at org.apache.ratis.server.impl.RaftServerProxy.lambda$null$5(RaftServerProxy.java:328) ~[ratis-server-0.4.0-2337318-SNAPSHOT.jar:0.4.0-2337318-SNAPSHOT]
	at org.apache.ratis.util.JavaUtils.callAsUnchecked(JavaUtils.java:109) ~[ratis-common-0.4.0-2337318-SNAPSHOT.jar:0.4.0-2337318-SNAPSHOT]
	at org.apache.ratis.server.impl.RaftServerProxy.lambda$submitRequest$6(RaftServerProxy.java:328) ~[ratis-server-0.4.0-2337318-SNAPSHOT.jar:0.4.0-2337318-SNAPSHOT]
	at java.util.concurrent.CompletableFuture.uniComposeStage(CompletableFuture.java:981) ~[?:1.8.0_212]
	at java.util.concurrent.CompletableFuture.thenCompose(CompletableFuture.java:2124) ~[?:1.8.0_212]
	at org.apache.ratis.server.impl.RaftServerProxy.submitRequest(RaftServerProxy.java:327) ~[ratis-server-0.4.0-2337318-SNAPSHOT.jar:0.4.0-2337318-SNAPSHOT]
	at org.apache.ratis.server.impl.RaftServerProxy.submitClientRequestAsync(RaftServerProxy.java:333) ~[ratis-server-0.4.0-2337318-SNAPSHOT.jar:0.4.0-2337318-SNAPSHOT]
	at org.apache.ratis.grpc.client.GrpcClientProtocolService$RequestStreamObserver.processClientRequest(GrpcClientProtocolService.java:220) ~[ratis-grpc-0.4.0-2337318-SNAPSHOT.jar:0.4.0-2337318-SNAPSHOT]
	at org.apache.ratis.grpc.client.GrpcClientProtocolService$OrderedRequestStreamObserver.processClientRequest(GrpcClientProtocolService.java:326) ~[ratis-grpc-0.4.0-2337318-SNAPSHOT.jar:0.4.0-2337318-SNAPSHOT]
	at org.apache.ratis.util.SlidingWindow$Server.processRequestsFromHead(SlidingWindow.java:429) [ratis-common-0.4.0-2337318-SNAPSHOT.jar:0.4.0-2337318-SNAPSHOT]
	at org.apache.ratis.util.SlidingWindow$Server.receivedRequest(SlidingWindow.java:421) [ratis-common-0.4.0-2337318-SNAPSHOT.jar:0.4.0-2337318-SNAPSHOT]
	at org.apache.ratis.grpc.client.GrpcClientProtocolService$OrderedRequestStreamObserver.processClientRequest(GrpcClientProtocolService.java:345) [ratis-grpc-0.4.0-2337318-SNAPSHOT.jar:0.4.0-2337318-SNAPSHOT]
	at org.apache.ratis.grpc.client.GrpcClientProtocolService$RequestStreamObserver.onNext(GrpcClientProtocolService.java:240) [ratis-grpc-0.4.0-2337318-SNAPSHOT.jar:0.4.0-2337318-SNAPSHOT]
	at org.apache.ratis.grpc.client.GrpcClientProtocolService$RequestStreamObserver.onNext(GrpcClientProtocolService.java:168) [ratis-grpc-0.4.0-2337318-SNAPSHOT.jar:0.4.0-2337318-SNAPSHOT]
	at org.apache.ratis.thirdparty.io.grpc.stub.ServerCalls$StreamingServerCallHandler$StreamingServerCallListener.onMessage(ServerCalls.java:248) [ratis-thirdparty-misc-0.2.0.jar:0.2.0]
	at org.apache.ratis.thirdparty.io.grpc.internal.ServerCallImpl$ServerStreamListenerImpl.messagesAvailable(ServerCallImpl.java:263) [ratis-thirdparty-misc-0.2.0.jar:0.2.0]
	at org.apache.ratis.thirdparty.io.grpc.internal.ServerImpl$JumpToApplicationThreadServerStreamListener$1MessagesAvailable.runInContext(ServerImpl.java:686) [ratis-thirdparty-misc-0.2.0.jar:0.2.0]
	at org.apache.ratis.thirdparty.io.grpc.internal.ContextRunnable.run(ContextRunnable.java:37) [ratis-thirdparty-misc-0.2.0.jar:0.2.0]
	at org.apache.ratis.thirdparty.io.grpc.internal.SerializingExecutor.run(SerializingExecutor.java:123) [ratis-thirdparty-misc-0.2.0.jar:0.2.0]
	at java.util.concurrent.ThreadPoolExecutor.runWorker(ThreadPoolExecutor.java:1149) [?:1.8.0_212]
	at java.util.concurrent.ThreadPoolExecutor$Worker.run(ThreadPoolExecutor.java:624) [?:1.8.0_212]
	at java.lang.Thread.run(Thread.java:748) [?:1.8.0_212]
15:32:25.416 [grpc-default-executor-2] ERROR DNAudit - user=null | ip=null | op=WRITE_CHUNK {blockData=conID: 1 locID: 102650027987501057 bcsId: 14} | ret=FAILURE
org.apache.hadoop.hdds.scm.container.common.helpers.ContainerNotOpenException: Container 1 in CLOSED state
	at org.apache.hadoop.ozone.container.common.impl.HddsDispatcher.validateContainerCommand(HddsDispatcher.java:408) ~[hadoop-hdds-container-service-0.5.0-SNAPSHOT.jar:?]
	at org.apache.hadoop.ozone.container.common.transport.server.ratis.ContainerStateMachine.startTransaction(ContainerStateMachine.java:298) ~[hadoop-hdds-container-service-0.5.0-SNAPSHOT.jar:?]
	at org.apache.ratis.server.impl.RaftServerImpl.submitClientRequestAsync(RaftServerImpl.java:566) ~[ratis-server-0.4.0-2337318-SNAPSHOT.jar:0.4.0-2337318-SNAPSHOT]
	at org.apache.ratis.server.impl.RaftServerProxy.lambda$submitClientRequestAsync$7(RaftServerProxy.java:333) ~[ratis-server-0.4.0-2337318-SNAPSHOT.jar:0.4.0-2337318-SNAPSHOT]
	at org.apache.ratis.server.impl.RaftServerProxy.lambda$null$5(RaftServerProxy.java:328) ~[ratis-server-0.4.0-2337318-SNAPSHOT.jar:0.4.0-2337318-SNAPSHOT]
	at org.apache.ratis.util.JavaUtils.callAsUnchecked(JavaUtils.java:109) ~[ratis-common-0.4.0-2337318-SNAPSHOT.jar:0.4.0-2337318-SNAPSHOT]
	at org.apache.ratis.server.impl.RaftServerProxy.lambda$submitRequest$6(RaftServerProxy.java:328) ~[ratis-server-0.4.0-2337318-SNAPSHOT.jar:0.4.0-2337318-SNAPSHOT]
	at java.util.concurrent.CompletableFuture.uniComposeStage(CompletableFuture.java:981) ~[?:1.8.0_212]
	at java.util.concurrent.CompletableFuture.thenCompose(CompletableFuture.java:2124) ~[?:1.8.0_212]
	at org.apache.ratis.server.impl.RaftServerProxy.submitRequest(RaftServerProxy.java:327) ~[ratis-server-0.4.0-2337318-SNAPSHOT.jar:0.4.0-2337318-SNAPSHOT]
	at org.apache.ratis.server.impl.RaftServerProxy.submitClientRequestAsync(RaftServerProxy.java:333) ~[ratis-server-0.4.0-2337318-SNAPSHOT.jar:0.4.0-2337318-SNAPSHOT]
	at org.apache.ratis.grpc.client.GrpcClientProtocolService$RequestStreamObserver.processClientRequest(GrpcClientProtocolService.java:220) ~[ratis-grpc-0.4.0-2337318-SNAPSHOT.jar:0.4.0-2337318-SNAPSHOT]
	at org.apache.ratis.grpc.client.GrpcClientProtocolService$OrderedRequestStreamObserver.processClientRequest(GrpcClientProtocolService.java:326) ~[ratis-grpc-0.4.0-2337318-SNAPSHOT.jar:0.4.0-2337318-SNAPSHOT]
	at org.apache.ratis.util.SlidingWindow$Server.processRequestsFromHead(SlidingWindow.java:429) [ratis-common-0.4.0-2337318-SNAPSHOT.jar:0.4.0-2337318-SNAPSHOT]
	at org.apache.ratis.util.SlidingWindow$Server.receivedRequest(SlidingWindow.java:421) [ratis-common-0.4.0-2337318-SNAPSHOT.jar:0.4.0-2337318-SNAPSHOT]
	at org.apache.ratis.grpc.client.GrpcClientProtocolService$OrderedRequestStreamObserver.processClientRequest(GrpcClientProtocolService.java:345) [ratis-grpc-0.4.0-2337318-SNAPSHOT.jar:0.4.0-2337318-SNAPSHOT]
	at org.apache.ratis.grpc.client.GrpcClientProtocolService$RequestStreamObserver.onNext(GrpcClientProtocolService.java:240) [ratis-grpc-0.4.0-2337318-SNAPSHOT.jar:0.4.0-2337318-SNAPSHOT]
	at org.apache.ratis.grpc.client.GrpcClientProtocolService$RequestStreamObserver.onNext(GrpcClientProtocolService.java:168) [ratis-grpc-0.4.0-2337318-SNAPSHOT.jar:0.4.0-2337318-SNAPSHOT]
	at org.apache.ratis.thirdparty.io.grpc.stub.ServerCalls$StreamingServerCallHandler$StreamingServerCallListener.onMessage(ServerCalls.java:248) [ratis-thirdparty-misc-0.2.0.jar:0.2.0]
	at org.apache.ratis.thirdparty.io.grpc.internal.ServerCallImpl$ServerStreamListenerImpl.messagesAvailable(ServerCallImpl.java:263) [ratis-thirdparty-misc-0.2.0.jar:0.2.0]
	at org.apache.ratis.thirdparty.io.grpc.internal.ServerImpl$JumpToApplicationThreadServerStreamListener$1MessagesAvailable.runInContext(ServerImpl.java:686) [ratis-thirdparty-misc-0.2.0.jar:0.2.0]
	at org.apache.ratis.thirdparty.io.grpc.internal.ContextRunnable.run(ContextRunnable.java:37) [ratis-thirdparty-misc-0.2.0.jar:0.2.0]
	at org.apache.ratis.thirdparty.io.grpc.internal.SerializingExecutor.run(SerializingExecutor.java:123) [ratis-thirdparty-misc-0.2.0.jar:0.2.0]
	at java.util.concurrent.ThreadPoolExecutor.runWorker(ThreadPoolExecutor.java:1149) [?:1.8.0_212]
	at java.util.concurrent.ThreadPoolExecutor$Worker.run(ThreadPoolExecutor.java:624) [?:1.8.0_212]
	at java.lang.Thread.run(Thread.java:748) [?:1.8.0_212]
15:32:25.424 [grpc-default-executor-2] ERROR DNAudit - user=null | ip=null | op=PUT_BLOCK {blockData=[blockId=conID: 1 locID: 102650027987501057 bcsId: 0,size=650]} | ret=FAILURE
org.apache.hadoop.hdds.scm.container.common.helpers.ContainerNotOpenException: Container 1 in CLOSED state
	at org.apache.hadoop.ozone.container.common.impl.HddsDispatcher.validateContainerCommand(HddsDispatcher.java:408) ~[hadoop-hdds-container-service-0.5.0-SNAPSHOT.jar:?]
	at org.apache.hadoop.ozone.container.common.transport.server.ratis.ContainerStateMachine.startTransaction(ContainerStateMachine.java:298) ~[hadoop-hdds-container-service-0.5.0-SNAPSHOT.jar:?]
	at org.apache.ratis.server.impl.RaftServerImpl.submitClientRequestAsync(RaftServerImpl.java:566) ~[ratis-server-0.4.0-2337318-SNAPSHOT.jar:0.4.0-2337318-SNAPSHOT]
	at org.apache.ratis.server.impl.RaftServerProxy.lambda$submitClientRequestAsync$7(RaftServerProxy.java:333) ~[ratis-server-0.4.0-2337318-SNAPSHOT.jar:0.4.0-2337318-SNAPSHOT]
	at org.apache.ratis.server.impl.RaftServerProxy.lambda$null$5(RaftServerProxy.java:328) ~[ratis-server-0.4.0-2337318-SNAPSHOT.jar:0.4.0-2337318-SNAPSHOT]
	at org.apache.ratis.util.JavaUtils.callAsUnchecked(JavaUtils.java:109) ~[ratis-common-0.4.0-2337318-SNAPSHOT.jar:0.4.0-2337318-SNAPSHOT]
	at org.apache.ratis.server.impl.RaftServerProxy.lambda$submitRequest$6(RaftServerProxy.java:328) ~[ratis-server-0.4.0-2337318-SNAPSHOT.jar:0.4.0-2337318-SNAPSHOT]
	at java.util.concurrent.CompletableFuture.uniComposeStage(CompletableFuture.java:981) ~[?:1.8.0_212]
	at java.util.concurrent.CompletableFuture.thenCompose(CompletableFuture.java:2124) ~[?:1.8.0_212]
	at org.apache.ratis.server.impl.RaftServerProxy.submitRequest(RaftServerProxy.java:327) ~[ratis-server-0.4.0-2337318-SNAPSHOT.jar:0.4.0-2337318-SNAPSHOT]
	at org.apache.ratis.server.impl.RaftServerProxy.submitClientRequestAsync(RaftServerProxy.java:333) ~[ratis-server-0.4.0-2337318-SNAPSHOT.jar:0.4.0-2337318-SNAPSHOT]
	at org.apache.ratis.grpc.client.GrpcClientProtocolService$RequestStreamObserver.processClientRequest(GrpcClientProtocolService.java:220) ~[ratis-grpc-0.4.0-2337318-SNAPSHOT.jar:0.4.0-2337318-SNAPSHOT]
	at org.apache.ratis.grpc.client.GrpcClientProtocolService$OrderedRequestStreamObserver.processClientRequest(GrpcClientProtocolService.java:326) ~[ratis-grpc-0.4.0-2337318-SNAPSHOT.jar:0.4.0-2337318-SNAPSHOT]
	at org.apache.ratis.util.SlidingWindow$Server.processRequestsFromHead(SlidingWindow.java:429) [ratis-common-0.4.0-2337318-SNAPSHOT.jar:0.4.0-2337318-SNAPSHOT]
	at org.apache.ratis.util.SlidingWindow$Server.receivedRequest(SlidingWindow.java:421) [ratis-common-0.4.0-2337318-SNAPSHOT.jar:0.4.0-2337318-SNAPSHOT]
	at org.apache.ratis.grpc.client.GrpcClientProtocolService$OrderedRequestStreamObserver.processClientRequest(GrpcClientProtocolService.java:345) [ratis-grpc-0.4.0-2337318-SNAPSHOT.jar:0.4.0-2337318-SNAPSHOT]
	at org.apache.ratis.grpc.client.GrpcClientProtocolService$RequestStreamObserver.onNext(GrpcClientProtocolService.java:240) [ratis-grpc-0.4.0-2337318-SNAPSHOT.jar:0.4.0-2337318-SNAPSHOT]
	at org.apache.ratis.grpc.client.GrpcClientProtocolService$RequestStreamObserver.onNext(GrpcClientProtocolService.java:168) [ratis-grpc-0.4.0-2337318-SNAPSHOT.jar:0.4.0-2337318-SNAPSHOT]
	at org.apache.ratis.thirdparty.io.grpc.stub.ServerCalls$StreamingServerCallHandler$StreamingServerCallListener.onMessage(ServerCalls.java:248) [ratis-thirdparty-misc-0.2.0.jar:0.2.0]
	at org.apache.ratis.thirdparty.io.grpc.internal.ServerCallImpl$ServerStreamListenerImpl.messagesAvailable(ServerCallImpl.java:263) [ratis-thirdparty-misc-0.2.0.jar:0.2.0]
	at org.apache.ratis.thirdparty.io.grpc.internal.ServerImpl$JumpToApplicationThreadServerStreamListener$1MessagesAvailable.runInContext(ServerImpl.java:686) [ratis-thirdparty-misc-0.2.0.jar:0.2.0]
	at org.apache.ratis.thirdparty.io.grpc.internal.ContextRunnable.run(ContextRunnable.java:37) [ratis-thirdparty-misc-0.2.0.jar:0.2.0]
	at org.apache.ratis.thirdparty.io.grpc.internal.SerializingExecutor.run(SerializingExecutor.java:123) [ratis-thirdparty-misc-0.2.0.jar:0.2.0]
	at java.util.concurrent.ThreadPoolExecutor.runWorker(ThreadPoolExecutor.java:1149) [?:1.8.0_212]
	at java.util.concurrent.ThreadPoolExecutor$Worker.run(ThreadPoolExecutor.java:624) [?:1.8.0_212]
	at java.lang.Thread.run(Thread.java:748) [?:1.8.0_212]
2019-08-20 15:32:25,429 INFO  client.GrpcClientProtocolClient (GrpcClientProtocolClient.java:onNext(255)) - client-E22C7E5C1505->68a06dc7-23c8-4ea6-8753-852ac4572228: receive RaftClientReply:client-E22C7E5C1505->68a06dc7-23c8-4ea6-8753-852ac4572228@group-79D04D37DD1E, cid=22, FAILED org.apache.ratis.protocol.StateMachineException: org.apache.hadoop.hdds.scm.container.common.helpers.ContainerNotOpenException from Server 68a06dc7-23c8-4ea6-8753-852ac4572228: Container 1 in CLOSED state, logIndex=0, commits[68a06dc7-23c8-4ea6-8753-852ac4572228:c18, 83587b57-23c3-472d-a9db-c66327d21260:c16, f1640d0e-af93-4f84-a81b-d62e5135c470:c17]
15:32:25.429 [grpc-default-executor-2] ERROR DNAudit - user=null | ip=null | op=WRITE_CHUNK {blockData=conID: 1 locID: 102650027987501057 bcsId: 14} | ret=FAILURE
org.apache.hadoop.hdds.scm.container.common.helpers.ContainerNotOpenException: Container 1 in CLOSED state
	at org.apache.hadoop.ozone.container.common.impl.HddsDispatcher.validateContainerCommand(HddsDispatcher.java:408) ~[hadoop-hdds-container-service-0.5.0-SNAPSHOT.jar:?]
	at org.apache.hadoop.ozone.container.common.transport.server.ratis.ContainerStateMachine.startTransaction(ContainerStateMachine.java:298) ~[hadoop-hdds-container-service-0.5.0-SNAPSHOT.jar:?]
	at org.apache.ratis.server.impl.RaftServerImpl.submitClientRequestAsync(RaftServerImpl.java:566) ~[ratis-server-0.4.0-2337318-SNAPSHOT.jar:0.4.0-2337318-SNAPSHOT]
	at org.apache.ratis.server.impl.RaftServerProxy.lambda$submitClientRequestAsync$7(RaftServerProxy.java:333) ~[ratis-server-0.4.0-2337318-SNAPSHOT.jar:0.4.0-2337318-SNAPSHOT]
	at org.apache.ratis.server.impl.RaftServerProxy.lambda$null$5(RaftServerProxy.java:328) ~[ratis-server-0.4.0-2337318-SNAPSHOT.jar:0.4.0-2337318-SNAPSHOT]
	at org.apache.ratis.util.JavaUtils.callAsUnchecked(JavaUtils.java:109) ~[ratis-common-0.4.0-2337318-SNAPSHOT.jar:0.4.0-2337318-SNAPSHOT]
	at org.apache.ratis.server.impl.RaftServerProxy.lambda$submitRequest$6(RaftServerProxy.java:328) ~[ratis-server-0.4.0-2337318-SNAPSHOT.jar:0.4.0-2337318-SNAPSHOT]
	at java.util.concurrent.CompletableFuture.uniComposeStage(CompletableFuture.java:981) ~[?:1.8.0_212]
	at java.util.concurrent.CompletableFuture.thenCompose(CompletableFuture.java:2124) ~[?:1.8.0_212]
	at org.apache.ratis.server.impl.RaftServerProxy.submitRequest(RaftServerProxy.java:327) ~[ratis-server-0.4.0-2337318-SNAPSHOT.jar:0.4.0-2337318-SNAPSHOT]
	at org.apache.ratis.server.impl.RaftServerProxy.submitClientRequestAsync(RaftServerProxy.java:333) ~[ratis-server-0.4.0-2337318-SNAPSHOT.jar:0.4.0-2337318-SNAPSHOT]
	at org.apache.ratis.grpc.client.GrpcClientProtocolService$RequestStreamObserver.processClientRequest(GrpcClientProtocolService.java:220) ~[ratis-grpc-0.4.0-2337318-SNAPSHOT.jar:0.4.0-2337318-SNAPSHOT]
	at org.apache.ratis.grpc.client.GrpcClientProtocolService$OrderedRequestStreamObserver.processClientRequest(GrpcClientProtocolService.java:326) ~[ratis-grpc-0.4.0-2337318-SNAPSHOT.jar:0.4.0-2337318-SNAPSHOT]
	at org.apache.ratis.util.SlidingWindow$Server.processRequestsFromHead(SlidingWindow.java:429) [ratis-common-0.4.0-2337318-SNAPSHOT.jar:0.4.0-2337318-SNAPSHOT]
	at org.apache.ratis.util.SlidingWindow$Server.receivedRequest(SlidingWindow.java:421) [ratis-common-0.4.0-2337318-SNAPSHOT.jar:0.4.0-2337318-SNAPSHOT]
	at org.apache.ratis.grpc.client.GrpcClientProtocolService$OrderedRequestStreamObserver.processClientRequest(GrpcClientProtocolService.java:345) [ratis-grpc-0.4.0-2337318-SNAPSHOT.jar:0.4.0-2337318-SNAPSHOT]
	at org.apache.ratis.grpc.client.GrpcClientProtocolService$RequestStreamObserver.onNext(GrpcClientProtocolService.java:240) [ratis-grpc-0.4.0-2337318-SNAPSHOT.jar:0.4.0-2337318-SNAPSHOT]
	at org.apache.ratis.grpc.client.GrpcClientProtocolService$RequestStreamObserver.onNext(GrpcClientProtocolService.java:168) [ratis-grpc-0.4.0-2337318-SNAPSHOT.jar:0.4.0-2337318-SNAPSHOT]
	at org.apache.ratis.thirdparty.io.grpc.stub.ServerCalls$StreamingServerCallHandler$StreamingServerCallListener.onMessage(ServerCalls.java:248) [ratis-thirdparty-misc-0.2.0.jar:0.2.0]
	at org.apache.ratis.thirdparty.io.grpc.internal.ServerCallImpl$ServerStreamListenerImpl.messagesAvailable(ServerCallImpl.java:263) [ratis-thirdparty-misc-0.2.0.jar:0.2.0]
	at org.apache.ratis.thirdparty.io.grpc.internal.ServerImpl$JumpToApplicationThreadServerStreamListener$1MessagesAvailable.runInContext(ServerImpl.java:686) [ratis-thirdparty-misc-0.2.0.jar:0.2.0]
	at org.apache.ratis.thirdparty.io.grpc.internal.ContextRunnable.run(ContextRunnable.java:37) [ratis-thirdparty-misc-0.2.0.jar:0.2.0]
	at org.apache.ratis.thirdparty.io.grpc.internal.SerializingExecutor.run(SerializingExecutor.java:123) [ratis-thirdparty-misc-0.2.0.jar:0.2.0]
	at java.util.concurrent.ThreadPoolExecutor.runWorker(ThreadPoolExecutor.java:1149) [?:1.8.0_212]
	at java.util.concurrent.ThreadPoolExecutor$Worker.run(ThreadPoolExecutor.java:624) [?:1.8.0_212]
	at java.lang.Thread.run(Thread.java:748) [?:1.8.0_212]
2019-08-20 15:32:25,434 INFO  client.GrpcClientProtocolClient (GrpcClientProtocolClient.java:onNext(255)) - client-E22C7E5C1505->68a06dc7-23c8-4ea6-8753-852ac4572228: receive RaftClientReply:client-E22C7E5C1505->68a06dc7-23c8-4ea6-8753-852ac4572228@group-79D04D37DD1E, cid=23, FAILED org.apache.ratis.protocol.StateMachineException: org.apache.hadoop.hdds.scm.container.common.helpers.ContainerNotOpenException from Server 68a06dc7-23c8-4ea6-8753-852ac4572228: Container 1 in CLOSED state, logIndex=0, commits[68a06dc7-23c8-4ea6-8753-852ac4572228:c18, 83587b57-23c3-472d-a9db-c66327d21260:c16, f1640d0e-af93-4f84-a81b-d62e5135c470:c17]
2019-08-20 15:32:25,436 INFO  client.GrpcClientProtocolClient (GrpcClientProtocolClient.java:onNext(255)) - client-E22C7E5C1505->68a06dc7-23c8-4ea6-8753-852ac4572228: receive RaftClientReply:client-E22C7E5C1505->68a06dc7-23c8-4ea6-8753-852ac4572228@group-79D04D37DD1E, cid=24, FAILED org.apache.ratis.protocol.StateMachineException: org.apache.hadoop.hdds.scm.container.common.helpers.ContainerNotOpenException from Server 68a06dc7-23c8-4ea6-8753-852ac4572228: Container 1 in CLOSED state, logIndex=0, commits[68a06dc7-23c8-4ea6-8753-852ac4572228:c18, 83587b57-23c3-472d-a9db-c66327d21260:c16, f1640d0e-af93-4f84-a81b-d62e5135c470:c17]
15:32:25.436 [grpc-default-executor-2] ERROR DNAudit - user=null | ip=null | op=WRITE_CHUNK {blockData=conID: 1 locID: 102650027987501057 bcsId: 14} | ret=FAILURE
org.apache.hadoop.hdds.scm.container.common.helpers.ContainerNotOpenException: Container 1 in CLOSED state
	at org.apache.hadoop.ozone.container.common.impl.HddsDispatcher.validateContainerCommand(HddsDispatcher.java:408) ~[hadoop-hdds-container-service-0.5.0-SNAPSHOT.jar:?]
	at org.apache.hadoop.ozone.container.common.transport.server.ratis.ContainerStateMachine.startTransaction(ContainerStateMachine.java:298) ~[hadoop-hdds-container-service-0.5.0-SNAPSHOT.jar:?]
	at org.apache.ratis.server.impl.RaftServerImpl.submitClientRequestAsync(RaftServerImpl.java:566) ~[ratis-server-0.4.0-2337318-SNAPSHOT.jar:0.4.0-2337318-SNAPSHOT]
	at org.apache.ratis.server.impl.RaftServerProxy.lambda$submitClientRequestAsync$7(RaftServerProxy.java:333) ~[ratis-server-0.4.0-2337318-SNAPSHOT.jar:0.4.0-2337318-SNAPSHOT]
	at org.apache.ratis.server.impl.RaftServerProxy.lambda$null$5(RaftServerProxy.java:328) ~[ratis-server-0.4.0-2337318-SNAPSHOT.jar:0.4.0-2337318-SNAPSHOT]
	at org.apache.ratis.util.JavaUtils.callAsUnchecked(JavaUtils.java:109) ~[ratis-common-0.4.0-2337318-SNAPSHOT.jar:0.4.0-2337318-SNAPSHOT]
	at org.apache.ratis.server.impl.RaftServerProxy.lambda$submitRequest$6(RaftServerProxy.java:328) ~[ratis-server-0.4.0-2337318-SNAPSHOT.jar:0.4.0-2337318-SNAPSHOT]
	at java.util.concurrent.CompletableFuture.uniComposeStage(CompletableFuture.java:981) ~[?:1.8.0_212]
	at java.util.concurrent.CompletableFuture.thenCompose(CompletableFuture.java:2124) ~[?:1.8.0_212]
	at org.apache.ratis.server.impl.RaftServerProxy.submitRequest(RaftServerProxy.java:327) ~[ratis-server-0.4.0-2337318-SNAPSHOT.jar:0.4.0-2337318-SNAPSHOT]
	at org.apache.ratis.server.impl.RaftServerProxy.submitClientRequestAsync(RaftServerProxy.java:333) ~[ratis-server-0.4.0-2337318-SNAPSHOT.jar:0.4.0-2337318-SNAPSHOT]
	at org.apache.ratis.grpc.client.GrpcClientProtocolService$RequestStreamObserver.processClientRequest(GrpcClientProtocolService.java:220) ~[ratis-grpc-0.4.0-2337318-SNAPSHOT.jar:0.4.0-2337318-SNAPSHOT]
	at org.apache.ratis.grpc.client.GrpcClientProtocolService$OrderedRequestStreamObserver.processClientRequest(GrpcClientProtocolService.java:326) ~[ratis-grpc-0.4.0-2337318-SNAPSHOT.jar:0.4.0-2337318-SNAPSHOT]
	at org.apache.ratis.util.SlidingWindow$Server.processRequestsFromHead(SlidingWindow.java:429) [ratis-common-0.4.0-2337318-SNAPSHOT.jar:0.4.0-2337318-SNAPSHOT]
	at org.apache.ratis.util.SlidingWindow$Server.receivedRequest(SlidingWindow.java:421) [ratis-common-0.4.0-2337318-SNAPSHOT.jar:0.4.0-2337318-SNAPSHOT]
	at org.apache.ratis.grpc.client.GrpcClientProtocolService$OrderedRequestStreamObserver.processClientRequest(GrpcClientProtocolService.java:345) [ratis-grpc-0.4.0-2337318-SNAPSHOT.jar:0.4.0-2337318-SNAPSHOT]
	at org.apache.ratis.grpc.client.GrpcClientProtocolService$RequestStreamObserver.onNext(GrpcClientProtocolService.java:240) [ratis-grpc-0.4.0-2337318-SNAPSHOT.jar:0.4.0-2337318-SNAPSHOT]
	at org.apache.ratis.grpc.client.GrpcClientProtocolService$RequestStreamObserver.onNext(GrpcClientProtocolService.java:168) [ratis-grpc-0.4.0-2337318-SNAPSHOT.jar:0.4.0-2337318-SNAPSHOT]
	at org.apache.ratis.thirdparty.io.grpc.stub.ServerCalls$StreamingServerCallHandler$StreamingServerCallListener.onMessage(ServerCalls.java:248) [ratis-thirdparty-misc-0.2.0.jar:0.2.0]
	at org.apache.ratis.thirdparty.io.grpc.internal.ServerCallImpl$ServerStreamListenerImpl.messagesAvailable(ServerCallImpl.java:263) [ratis-thirdparty-misc-0.2.0.jar:0.2.0]
	at org.apache.ratis.thirdparty.io.grpc.internal.ServerImpl$JumpToApplicationThreadServerStreamListener$1MessagesAvailable.runInContext(ServerImpl.java:686) [ratis-thirdparty-misc-0.2.0.jar:0.2.0]
	at org.apache.ratis.thirdparty.io.grpc.internal.ContextRunnable.run(ContextRunnable.java:37) [ratis-thirdparty-misc-0.2.0.jar:0.2.0]
	at org.apache.ratis.thirdparty.io.grpc.internal.SerializingExecutor.run(SerializingExecutor.java:123) [ratis-thirdparty-misc-0.2.0.jar:0.2.0]
	at java.util.concurrent.ThreadPoolExecutor.runWorker(ThreadPoolExecutor.java:1149) [?:1.8.0_212]
	at java.util.concurrent.ThreadPoolExecutor$Worker.run(ThreadPoolExecutor.java:624) [?:1.8.0_212]
	at java.lang.Thread.run(Thread.java:748) [?:1.8.0_212]
2019-08-20 15:32:25,441 INFO  client.GrpcClientProtocolClient (GrpcClientProtocolClient.java:onNext(255)) - client-E22C7E5C1505->68a06dc7-23c8-4ea6-8753-852ac4572228: receive RaftClientReply:client-E22C7E5C1505->68a06dc7-23c8-4ea6-8753-852ac4572228@group-79D04D37DD1E, cid=25, FAILED org.apache.ratis.protocol.StateMachineException: org.apache.hadoop.hdds.scm.container.common.helpers.ContainerNotOpenException from Server 68a06dc7-23c8-4ea6-8753-852ac4572228: Container 1 in CLOSED state, logIndex=0, commits[68a06dc7-23c8-4ea6-8753-852ac4572228:c18, 83587b57-23c3-472d-a9db-c66327d21260:c16, f1640d0e-af93-4f84-a81b-d62e5135c470:c17]
15:32:25.443 [grpc-default-executor-2] ERROR DNAudit - user=null | ip=null | op=PUT_BLOCK {blockData=[blockId=conID: 1 locID: 102650027987501057 bcsId: 0,size=800]} | ret=FAILURE
org.apache.hadoop.hdds.scm.container.common.helpers.ContainerNotOpenException: Container 1 in CLOSED state
	at org.apache.hadoop.ozone.container.common.impl.HddsDispatcher.validateContainerCommand(HddsDispatcher.java:408) ~[hadoop-hdds-container-service-0.5.0-SNAPSHOT.jar:?]
	at org.apache.hadoop.ozone.container.common.transport.server.ratis.ContainerStateMachine.startTransaction(ContainerStateMachine.java:298) ~[hadoop-hdds-container-service-0.5.0-SNAPSHOT.jar:?]
	at org.apache.ratis.server.impl.RaftServerImpl.submitClientRequestAsync(RaftServerImpl.java:566) ~[ratis-server-0.4.0-2337318-SNAPSHOT.jar:0.4.0-2337318-SNAPSHOT]
	at org.apache.ratis.server.impl.RaftServerProxy.lambda$submitClientRequestAsync$7(RaftServerProxy.java:333) ~[ratis-server-0.4.0-2337318-SNAPSHOT.jar:0.4.0-2337318-SNAPSHOT]
	at org.apache.ratis.server.impl.RaftServerProxy.lambda$null$5(RaftServerProxy.java:328) ~[ratis-server-0.4.0-2337318-SNAPSHOT.jar:0.4.0-2337318-SNAPSHOT]
	at org.apache.ratis.util.JavaUtils.callAsUnchecked(JavaUtils.java:109) ~[ratis-common-0.4.0-2337318-SNAPSHOT.jar:0.4.0-2337318-SNAPSHOT]
	at org.apache.ratis.server.impl.RaftServerProxy.lambda$submitRequest$6(RaftServerProxy.java:328) ~[ratis-server-0.4.0-2337318-SNAPSHOT.jar:0.4.0-2337318-SNAPSHOT]
	at java.util.concurrent.CompletableFuture.uniComposeStage(CompletableFuture.java:981) ~[?:1.8.0_212]
	at java.util.concurrent.CompletableFuture.thenCompose(CompletableFuture.java:2124) ~[?:1.8.0_212]
	at org.apache.ratis.server.impl.RaftServerProxy.submitRequest(RaftServerProxy.java:327) ~[ratis-server-0.4.0-2337318-SNAPSHOT.jar:0.4.0-2337318-SNAPSHOT]
	at org.apache.ratis.server.impl.RaftServerProxy.submitClientRequestAsync(RaftServerProxy.java:333) ~[ratis-server-0.4.0-2337318-SNAPSHOT.jar:0.4.0-2337318-SNAPSHOT]
	at org.apache.ratis.grpc.client.GrpcClientProtocolService$RequestStreamObserver.processClientRequest(GrpcClientProtocolService.java:220) ~[ratis-grpc-0.4.0-2337318-SNAPSHOT.jar:0.4.0-2337318-SNAPSHOT]
	at org.apache.ratis.grpc.client.GrpcClientProtocolService$OrderedRequestStreamObserver.processClientRequest(GrpcClientProtocolService.java:326) ~[ratis-grpc-0.4.0-2337318-SNAPSHOT.jar:0.4.0-2337318-SNAPSHOT]
	at org.apache.ratis.util.SlidingWindow$Server.processRequestsFromHead(SlidingWindow.java:429) [ratis-common-0.4.0-2337318-SNAPSHOT.jar:0.4.0-2337318-SNAPSHOT]
	at org.apache.ratis.util.SlidingWindow$Server.receivedRequest(SlidingWindow.java:421) [ratis-common-0.4.0-2337318-SNAPSHOT.jar:0.4.0-2337318-SNAPSHOT]
	at org.apache.ratis.grpc.client.GrpcClientProtocolService$OrderedRequestStreamObserver.processClientRequest(GrpcClientProtocolService.java:345) [ratis-grpc-0.4.0-2337318-SNAPSHOT.jar:0.4.0-2337318-SNAPSHOT]
	at org.apache.ratis.grpc.client.GrpcClientProtocolService$RequestStreamObserver.onNext(GrpcClientProtocolService.java:240) [ratis-grpc-0.4.0-2337318-SNAPSHOT.jar:0.4.0-2337318-SNAPSHOT]
	at org.apache.ratis.grpc.client.GrpcClientProtocolService$RequestStreamObserver.onNext(GrpcClientProtocolService.java:168) [ratis-grpc-0.4.0-2337318-SNAPSHOT.jar:0.4.0-2337318-SNAPSHOT]
	at org.apache.ratis.thirdparty.io.grpc.stub.ServerCalls$StreamingServerCallHandler$StreamingServerCallListener.onMessage(ServerCalls.java:248) [ratis-thirdparty-misc-0.2.0.jar:0.2.0]
	at org.apache.ratis.thirdparty.io.grpc.internal.ServerCallImpl$ServerStreamListenerImpl.messagesAvailable(ServerCallImpl.java:263) [ratis-thirdparty-misc-0.2.0.jar:0.2.0]
	at org.apache.ratis.thirdparty.io.grpc.internal.ServerImpl$JumpToApplicationThreadServerStreamListener$1MessagesAvailable.runInContext(ServerImpl.java:686) [ratis-thirdparty-misc-0.2.0.jar:0.2.0]
	at org.apache.ratis.thirdparty.io.grpc.internal.ContextRunnable.run(ContextRunnable.java:37) [ratis-thirdparty-misc-0.2.0.jar:0.2.0]
	at org.apache.ratis.thirdparty.io.grpc.internal.SerializingExecutor.run(SerializingExecutor.java:123) [ratis-thirdparty-misc-0.2.0.jar:0.2.0]
	at java.util.concurrent.ThreadPoolExecutor.runWorker(ThreadPoolExecutor.java:1149) [?:1.8.0_212]
	at java.util.concurrent.ThreadPoolExecutor$Worker.run(ThreadPoolExecutor.java:624) [?:1.8.0_212]
	at java.lang.Thread.run(Thread.java:748) [?:1.8.0_212]
2019-08-20 15:32:25,444 INFO  client.GrpcClientProtocolClient (GrpcClientProtocolClient.java:onNext(255)) - client-E22C7E5C1505->68a06dc7-23c8-4ea6-8753-852ac4572228: receive RaftClientReply:client-E22C7E5C1505->68a06dc7-23c8-4ea6-8753-852ac4572228@group-79D04D37DD1E, cid=26, FAILED org.apache.ratis.protocol.StateMachineException: org.apache.hadoop.hdds.scm.container.common.helpers.ContainerNotOpenException from Server 68a06dc7-23c8-4ea6-8753-852ac4572228: Container 1 in CLOSED state, logIndex=0, commits[68a06dc7-23c8-4ea6-8753-852ac4572228:c18, 83587b57-23c3-472d-a9db-c66327d21260:c16, f1640d0e-af93-4f84-a81b-d62e5135c470:c17]
2019-08-20 15:32:25,449 INFO  client.GrpcClientProtocolClient (GrpcClientProtocolClient.java:onNext(255)) - client-E22C7E5C1505->68a06dc7-23c8-4ea6-8753-852ac4572228: receive RaftClientReply:client-E22C7E5C1505->68a06dc7-23c8-4ea6-8753-852ac4572228@group-79D04D37DD1E, cid=27, FAILED org.apache.ratis.protocol.StateMachineException: org.apache.hadoop.hdds.scm.container.common.helpers.ContainerNotOpenException from Server 68a06dc7-23c8-4ea6-8753-852ac4572228: Container 1 in CLOSED state, logIndex=0, commits[68a06dc7-23c8-4ea6-8753-852ac4572228:c18, 83587b57-23c3-472d-a9db-c66327d21260:c16, f1640d0e-af93-4f84-a81b-d62e5135c470:c17]
2019-08-20 15:32:25,458 WARN  server.GrpcLogAppender (LogUtils.java:warn(134)) - 68a06dc7-23c8-4ea6-8753-852ac4572228->f1640d0e-af93-4f84-a81b-d62e5135c470: Failed appendEntries: org.apache.ratis.thirdparty.io.grpc.StatusRuntimeException: UNAVAILABLE: io exception
2019-08-20 15:32:25,459 WARN  server.GrpcLogAppender (LogUtils.java:warn(134)) - 68a06dc7-23c8-4ea6-8753-852ac4572228->83587b57-23c3-472d-a9db-c66327d21260: Failed appendEntries: org.apache.ratis.thirdparty.io.grpc.StatusRuntimeException: UNAVAILABLE: io exception
2019-08-20 15:32:25,467 INFO  impl.FollowerInfo (FollowerInfo.java:lambda$new$0(50)) - 68a06dc7-23c8-4ea6-8753-852ac4572228->f1640d0e-af93-4f84-a81b-d62e5135c470: nextIndex: updateUnconditionally 18 -> 17
2019-08-20 15:32:25,467 INFO  impl.FollowerInfo (FollowerInfo.java:lambda$new$0(50)) - 68a06dc7-23c8-4ea6-8753-852ac4572228->83587b57-23c3-472d-a9db-c66327d21260: nextIndex: updateUnconditionally 15 -> 14
2019-08-20 15:32:25,649 INFO  client.GrpcClientProtocolClient (GrpcClientProtocolClient.java:onNext(255)) - client-90220250FA48->355e8bf2-f896-46b6-975e-86d7b5057142: receive RaftClientReply:client-90220250FA48->355e8bf2-f896-46b6-975e-86d7b5057142@group-67E3133C841A, cid=28, SUCCESS, logIndex=1, commits[355e8bf2-f896-46b6-975e-86d7b5057142:c1, add14dfc-372b-471a-b721-7c60032bca35:c0, 0737f457-24f0-4bf4-893e-7f10574b9869:c0]
2019-08-20 15:32:25,670 INFO  client.GrpcClientProtocolClient (GrpcClientProtocolClient.java:onNext(255)) - client-90220250FA48->355e8bf2-f896-46b6-975e-86d7b5057142: receive RaftClientReply:client-90220250FA48->355e8bf2-f896-46b6-975e-86d7b5057142@group-67E3133C841A, cid=29, SUCCESS, logIndex=3, commits[355e8bf2-f896-46b6-975e-86d7b5057142:c4, add14dfc-372b-471a-b721-7c60032bca35:c2, 0737f457-24f0-4bf4-893e-7f10574b9869:c2]
2019-08-20 15:32:25,711 INFO  client.GrpcClientProtocolClient (GrpcClientProtocolClient.java:onNext(255)) - client-90220250FA48->355e8bf2-f896-46b6-975e-86d7b5057142: receive RaftClientReply:client-90220250FA48->355e8bf2-f896-46b6-975e-86d7b5057142@group-67E3133C841A, cid=30, SUCCESS, logIndex=4, commits[355e8bf2-f896-46b6-975e-86d7b5057142:c12, add14dfc-372b-471a-b721-7c60032bca35:c7, 0737f457-24f0-4bf4-893e-7f10574b9869:c7]
2019-08-20 15:32:25,711 INFO  client.GrpcClientProtocolClient (GrpcClientProtocolClient.java:onNext(255)) - client-90220250FA48->355e8bf2-f896-46b6-975e-86d7b5057142: receive RaftClientReply:client-90220250FA48->355e8bf2-f896-46b6-975e-86d7b5057142@group-67E3133C841A, cid=31, SUCCESS, logIndex=5, commits[355e8bf2-f896-46b6-975e-86d7b5057142:c12, add14dfc-372b-471a-b721-7c60032bca35:c7, 0737f457-24f0-4bf4-893e-7f10574b9869:c7]
2019-08-20 15:32:25,712 INFO  client.GrpcClientProtocolClient (GrpcClientProtocolClient.java:onNext(255)) - client-90220250FA48->355e8bf2-f896-46b6-975e-86d7b5057142: receive RaftClientReply:client-90220250FA48->355e8bf2-f896-46b6-975e-86d7b5057142@group-67E3133C841A, cid=32, SUCCESS, logIndex=6, commits[355e8bf2-f896-46b6-975e-86d7b5057142:c12, add14dfc-372b-471a-b721-7c60032bca35:c7, 0737f457-24f0-4bf4-893e-7f10574b9869:c7]
2019-08-20 15:32:25,804 INFO  client.GrpcClientProtocolClient (GrpcClientProtocolClient.java:onNext(255)) - client-90220250FA48->355e8bf2-f896-46b6-975e-86d7b5057142: receive RaftClientReply:client-90220250FA48->355e8bf2-f896-46b6-975e-86d7b5057142@group-67E3133C841A, cid=33, SUCCESS, logIndex=7, commits[355e8bf2-f896-46b6-975e-86d7b5057142:c12, add14dfc-372b-471a-b721-7c60032bca35:c7, 0737f457-24f0-4bf4-893e-7f10574b9869:c7]
2019-08-20 15:32:25,820 INFO  client.GrpcClientProtocolClient (GrpcClientProtocolClient.java:onNext(255)) - client-90220250FA48->355e8bf2-f896-46b6-975e-86d7b5057142: receive RaftClientReply:client-90220250FA48->355e8bf2-f896-46b6-975e-86d7b5057142@group-67E3133C841A, cid=34, SUCCESS, logIndex=13, commits[355e8bf2-f896-46b6-975e-86d7b5057142:c14, add14dfc-372b-471a-b721-7c60032bca35:c12, 0737f457-24f0-4bf4-893e-7f10574b9869:c12]
2019-08-20 15:32:25,821 INFO  client.GrpcClientProtocolClient (GrpcClientProtocolClient.java:onNext(255)) - client-90220250FA48->355e8bf2-f896-46b6-975e-86d7b5057142: receive RaftClientReply:client-90220250FA48->355e8bf2-f896-46b6-975e-86d7b5057142@group-67E3133C841A, cid=35, SUCCESS, logIndex=14, commits[355e8bf2-f896-46b6-975e-86d7b5057142:c14, add14dfc-372b-471a-b721-7c60032bca35:c12, 0737f457-24f0-4bf4-893e-7f10574b9869:c12]
2019-08-20 15:32:25,830 INFO  client.GrpcClientProtocolClient (GrpcClientProtocolClient.java:onNext(255)) - client-90220250FA48->355e8bf2-f896-46b6-975e-86d7b5057142: receive RaftClientReply:client-90220250FA48->355e8bf2-f896-46b6-975e-86d7b5057142@group-67E3133C841A, cid=36, SUCCESS, logIndex=0, commits[355e8bf2-f896-46b6-975e-86d7b5057142:c15, add14dfc-372b-471a-b721-7c60032bca35:c14, 0737f457-24f0-4bf4-893e-7f10574b9869:c14]
2019-08-20 15:32:25,831 INFO  ozone.MiniOzoneClusterImpl (MiniOzoneClusterImpl.java:shutdown(321)) - Shutting down the Mini Ozone Cluster
2019-08-20 15:32:25,831 INFO  ozone.MiniOzoneClusterImpl (MiniOzoneClusterImpl.java:stop(336)) - Stopping the Mini Ozone Cluster
2019-08-20 15:32:25,831 INFO  ozone.MiniOzoneClusterImpl (MiniOzoneClusterImpl.java:stop(338)) - Stopping the OzoneManager
2019-08-20 15:32:25,831 INFO  ipc.Server (Server.java:stop(3082)) - Stopping server on 36980
2019-08-20 15:32:25,837 INFO  ipc.Server (Server.java:run(1185)) - Stopping IPC Server listener on 36980
2019-08-20 15:32:25,838 INFO  ratis.OzoneManagerDoubleBuffer (OzoneManagerDoubleBuffer.java:stop(248)) - Stopping OMDoubleBuffer flush thread
2019-08-20 15:32:25,840 INFO  ipc.Server (Server.java:run(1319)) - Stopping IPC Server Responder
2019-08-20 15:32:25,843 INFO  ratis.OzoneManagerDoubleBuffer (OzoneManagerDoubleBuffer.java:flushTransactions(191)) - OMDoubleBuffer flush thread OMDoubleBufferFlushThread is interrupted and will exit. OMDoubleBufferFlushThread
2019-08-20 15:32:25,851 INFO  utils.BackgroundService (BackgroundService.java:shutdown(148)) - Shutting down service KeyDeletingService
2019-08-20 15:32:25,860 INFO  handler.ContextHandler (ContextHandler.java:doStop(910)) - Stopped o.e.j.w.WebAppContext@4bff2185{/,null,UNAVAILABLE}{/ozoneManager}
2019-08-20 15:32:25,861 INFO  server.AbstractConnector (AbstractConnector.java:doStop(318)) - Stopped ServerConnector@5c20ffa8{HTTP/1.1,[http/1.1]}{0.0.0.0:0}
2019-08-20 15:32:25,861 INFO  handler.ContextHandler (ContextHandler.java:doStop(910)) - Stopped o.e.j.s.ServletContextHandler@34cf5a97{/static,file:///workdir/hadoop-ozone/integration-test/target/test-classes/webapps/static,UNAVAILABLE}
2019-08-20 15:32:25,862 INFO  handler.ContextHandler (ContextHandler.java:doStop(910)) - Stopped o.e.j.s.ServletContextHandler@4482469c{/logs,file:///workdir/hadoop-ozone/integration-test/target/log,UNAVAILABLE}
2019-08-20 15:32:25,877 INFO  ozone.MiniOzoneClusterImpl (MiniOzoneClusterImpl.java:stop(344)) - Shutting the HddsDatanodes
2019-08-20 15:32:25,877 INFO  datanode.ObjectStoreHandler (ObjectStoreHandler.java:close(155)) - Closing ObjectStoreHandler.
2019-08-20 15:32:25,878 INFO  datanode.ObjectStoreHandler (ObjectStoreHandler.java:close(155)) - Closing ObjectStoreHandler.
2019-08-20 15:32:25,879 INFO  ozone.HddsDatanodeService (HddsDatanodeService.java:stop(451)) - Stopped plug-in org.apache.hadoop.ozone.web.OzoneHddsDatanodeService@58a7dc4
2019-08-20 15:32:25,879 INFO  ozone.HddsDatanodeService (HddsDatanodeService.java:stop(451)) - Stopped plug-in org.apache.hadoop.ozone.web.OzoneHddsDatanodeService@510689af
2019-08-20 15:32:26,182 INFO  statemachine.DatanodeStateMachine (DatanodeStateMachine.java:lambda$startDaemon$0(350)) - Ozone container server started.
2019-08-20 15:32:26,628 INFO  statemachine.DatanodeStateMachine (DatanodeStateMachine.java:lambda$startDaemon$0(350)) - Ozone container server started.
2019-08-20 15:32:27,955 WARN  server.GrpcLogAppender (LogUtils.java:warn(134)) - 68a06dc7-23c8-4ea6-8753-852ac4572228->f1640d0e-af93-4f84-a81b-d62e5135c470: Failed appendEntries: org.apache.ratis.thirdparty.io.grpc.StatusRuntimeException: UNAVAILABLE: io exception
2019-08-20 15:32:27,957 INFO  impl.FollowerInfo (FollowerInfo.java:lambda$new$0(50)) - 68a06dc7-23c8-4ea6-8753-852ac4572228->f1640d0e-af93-4f84-a81b-d62e5135c470: nextIndex: updateUnconditionally 17 -> 16
2019-08-20 15:32:27,965 WARN  server.GrpcLogAppender (LogUtils.java:warn(134)) - 68a06dc7-23c8-4ea6-8753-852ac4572228->83587b57-23c3-472d-a9db-c66327d21260: Failed appendEntries: org.apache.ratis.thirdparty.io.grpc.StatusRuntimeException: UNAVAILABLE: io exception
2019-08-20 15:32:27,966 INFO  impl.FollowerInfo (FollowerInfo.java:lambda$new$0(50)) - 68a06dc7-23c8-4ea6-8753-852ac4572228->83587b57-23c3-472d-a9db-c66327d21260: nextIndex: updateUnconditionally 14 -> 13
2019-08-20 15:32:30,261 INFO  node.StaleNodeHandler (StaleNodeHandler.java:onMessage(58)) - Datanode fba1c820-9e7e-4e1f-a170-cb4ae6d3abd6{ip: 192.168.5.175, host: pr-hdds-1879-mp8vb-189615265, networkLocation: /default-rack, certSerialId: null} moved to stale state. Finalizing its pipelines [PipelineID=ac176bcc-8e89-464b-92bc-ed12c6665a82]
2019-08-20 15:32:30,261 INFO  pipeline.SCMPipelineManager (SCMPipelineManager.java:finalizeAndDestroyPipeline(309)) - destroying pipeline:Pipeline[ Id: ac176bcc-8e89-464b-92bc-ed12c6665a82, Nodes: fba1c820-9e7e-4e1f-a170-cb4ae6d3abd6{ip: 192.168.5.175, host: pr-hdds-1879-mp8vb-189615265, networkLocation: /default-rack, certSerialId: null}, Type:RATIS, Factor:ONE, State:OPEN]
2019-08-20 15:32:30,261 INFO  pipeline.PipelineStateManager (PipelineStateManager.java:finalizePipeline(123)) - Pipeline Pipeline[ Id: ac176bcc-8e89-464b-92bc-ed12c6665a82, Nodes: fba1c820-9e7e-4e1f-a170-cb4ae6d3abd6{ip: 192.168.5.175, host: pr-hdds-1879-mp8vb-189615265, networkLocation: /default-rack, certSerialId: null}, Type:RATIS, Factor:ONE, State:CLOSED] moved to CLOSED state
2019-08-20 15:32:30,456 WARN  server.GrpcLogAppender (LogUtils.java:warn(134)) - 68a06dc7-23c8-4ea6-8753-852ac4572228->f1640d0e-af93-4f84-a81b-d62e5135c470: Failed appendEntries: org.apache.ratis.thirdparty.io.grpc.StatusRuntimeException: UNAVAILABLE: io exception
2019-08-20 15:32:30,459 INFO  impl.FollowerInfo (FollowerInfo.java:lambda$new$0(50)) - 68a06dc7-23c8-4ea6-8753-852ac4572228->f1640d0e-af93-4f84-a81b-d62e5135c470: nextIndex: updateUnconditionally 16 -> 15
2019-08-20 15:32:30,466 WARN  server.GrpcLogAppender (LogUtils.java:warn(134)) - 68a06dc7-23c8-4ea6-8753-852ac4572228->83587b57-23c3-472d-a9db-c66327d21260: Failed appendEntries: org.apache.ratis.thirdparty.io.grpc.StatusRuntimeException: UNAVAILABLE: io exception
2019-08-20 15:32:30,468 INFO  impl.FollowerInfo (FollowerInfo.java:lambda$new$0(50)) - 68a06dc7-23c8-4ea6-8753-852ac4572228->83587b57-23c3-472d-a9db-c66327d21260: nextIndex: updateUnconditionally 13 -> 12
2019-08-20 15:32:30,662 INFO  node.StaleNodeHandler (StaleNodeHandler.java:onMessage(58)) - Datanode 355e8bf2-f896-46b6-975e-86d7b5057142{ip: 192.168.5.175, host: pr-hdds-1879-mp8vb-189615265, networkLocation: /default-rack, certSerialId: null} moved to stale state. Finalizing its pipelines [PipelineID=655a01ce-4460-49b3-ba73-c96a1348f7c4, PipelineID=c0fd81d3-3f56-4584-854d-67e3133c841a]
2019-08-20 15:32:30,662 INFO  pipeline.SCMPipelineManager (SCMPipelineManager.java:finalizeAndDestroyPipeline(309)) - destroying pipeline:Pipeline[ Id: 655a01ce-4460-49b3-ba73-c96a1348f7c4, Nodes: 355e8bf2-f896-46b6-975e-86d7b5057142{ip: 192.168.5.175, host: pr-hdds-1879-mp8vb-189615265, networkLocation: /default-rack, certSerialId: null}, Type:RATIS, Factor:ONE, State:OPEN]
2019-08-20 15:32:30,662 INFO  pipeline.PipelineStateManager (PipelineStateManager.java:finalizePipeline(123)) - Pipeline Pipeline[ Id: 655a01ce-4460-49b3-ba73-c96a1348f7c4, Nodes: 355e8bf2-f896-46b6-975e-86d7b5057142{ip: 192.168.5.175, host: pr-hdds-1879-mp8vb-189615265, networkLocation: /default-rack, certSerialId: null}, Type:RATIS, Factor:ONE, State:CLOSED] moved to CLOSED state
2019-08-20 15:32:30,662 INFO  pipeline.SCMPipelineManager (SCMPipelineManager.java:finalizeAndDestroyPipeline(309)) - destroying pipeline:Pipeline[ Id: c0fd81d3-3f56-4584-854d-67e3133c841a, Nodes: 355e8bf2-f896-46b6-975e-86d7b5057142{ip: 192.168.5.175, host: pr-hdds-1879-mp8vb-189615265, networkLocation: /default-rack, certSerialId: null}add14dfc-372b-471a-b721-7c60032bca35{ip: 192.168.5.175, host: pr-hdds-1879-mp8vb-189615265, networkLocation: /default-rack, certSerialId: null}0737f457-24f0-4bf4-893e-7f10574b9869{ip: 192.168.5.175, host: pr-hdds-1879-mp8vb-189615265, networkLocation: /default-rack, certSerialId: null}, Type:RATIS, Factor:THREE, State:OPEN]
2019-08-20 15:32:30,662 INFO  pipeline.PipelineStateManager (PipelineStateManager.java:finalizePipeline(123)) - Pipeline Pipeline[ Id: c0fd81d3-3f56-4584-854d-67e3133c841a, Nodes: 355e8bf2-f896-46b6-975e-86d7b5057142{ip: 192.168.5.175, host: pr-hdds-1879-mp8vb-189615265, networkLocation: /default-rack, certSerialId: null}add14dfc-372b-471a-b721-7c60032bca35{ip: 192.168.5.175, host: pr-hdds-1879-mp8vb-189615265, networkLocation: /default-rack, certSerialId: null}0737f457-24f0-4bf4-893e-7f10574b9869{ip: 192.168.5.175, host: pr-hdds-1879-mp8vb-189615265, networkLocation: /default-rack, certSerialId: null}, Type:RATIS, Factor:THREE, State:CLOSED] moved to CLOSED state
2019-08-20 15:32:30,663 INFO  container.CloseContainerEventHandler (CloseContainerEventHandler.java:onMessage(61)) - Close container Event triggered for container : #2
2019-08-20 15:32:30,881 INFO  ozoneimpl.OzoneContainer (OzoneContainer.java:stop(199)) - Attempting to stop container services.
2019-08-20 15:32:30,881 INFO  ozoneimpl.OzoneContainer (OzoneContainer.java:stop(199)) - Attempting to stop container services.
2019-08-20 15:32:30,881 INFO  impl.RaftServerProxy (RaftServerProxy.java:lambda$close$4(314)) - 355e8bf2-f896-46b6-975e-86d7b5057142: close
2019-08-20 15:32:30,882 INFO  impl.RaftServerProxy (RaftServerProxy.java:lambda$close$4(314)) - fba1c820-9e7e-4e1f-a170-cb4ae6d3abd6: close
2019-08-20 15:32:30,882 INFO  impl.RaftServerImpl (RaftServerImpl.java:lambda$shutdown$3(245)) - 355e8bf2-f896-46b6-975e-86d7b5057142: shutdown group-C96A1348F7C4
2019-08-20 15:32:30,882 INFO  impl.RaftServerImpl (RaftServerImpl.java:lambda$shutdown$3(245)) - fba1c820-9e7e-4e1f-a170-cb4ae6d3abd6: shutdown group-ED12C6665A82
2019-08-20 15:32:30,882 INFO  util.JmxRegister (JmxRegister.java:unregister(73)) - Successfully un-registered JMX Bean with object name Ratis:service=RaftServer,group=group-C96A1348F7C4,id=355e8bf2-f896-46b6-975e-86d7b5057142
2019-08-20 15:32:30,883 INFO  util.JmxRegister (JmxRegister.java:unregister(73)) - Successfully un-registered JMX Bean with object name Ratis:service=RaftServer,group=group-ED12C6665A82,id=fba1c820-9e7e-4e1f-a170-cb4ae6d3abd6
2019-08-20 15:32:30,883 INFO  impl.RoleInfo (RoleInfo.java:shutdownLeaderState(104)) - 355e8bf2-f896-46b6-975e-86d7b5057142: shutdown LeaderState
2019-08-20 15:32:30,884 INFO  impl.RoleInfo (RoleInfo.java:shutdownLeaderState(104)) - fba1c820-9e7e-4e1f-a170-cb4ae6d3abd6: shutdown LeaderState
2019-08-20 15:32:30,884 INFO  impl.PendingRequests (PendingRequests.java:sendNotLeaderResponses(202)) - 355e8bf2-f896-46b6-975e-86d7b5057142-PendingRequests: sendNotLeaderResponses
2019-08-20 15:32:30,885 INFO  impl.PendingRequests (PendingRequests.java:sendNotLeaderResponses(202)) - fba1c820-9e7e-4e1f-a170-cb4ae6d3abd6-PendingRequests: sendNotLeaderResponses
2019-08-20 15:32:30,885 INFO  impl.StateMachineUpdater (StateMachineUpdater.java:stopAndJoin(115)) - StateMachineUpdater:355e8bf2-f896-46b6-975e-86d7b5057142:group-C96A1348F7C4: set stopIndex = 0
2019-08-20 15:32:30,885 INFO  impl.StateMachineUpdater (StateMachineUpdater.java:stopAndJoin(115)) - StateMachineUpdater:fba1c820-9e7e-4e1f-a170-cb4ae6d3abd6:group-ED12C6665A82: set stopIndex = 0
2019-08-20 15:32:30,885 INFO  impl.RaftServerImpl (ServerState.java:close(394)) - 355e8bf2-f896-46b6-975e-86d7b5057142:group-C96A1348F7C4 closes. The last applied log index is 0
2019-08-20 15:32:30,886 INFO  impl.RaftServerImpl (ServerState.java:close(394)) - fba1c820-9e7e-4e1f-a170-cb4ae6d3abd6:group-ED12C6665A82 closes. The last applied log index is 0
2019-08-20 15:32:30,886 INFO  segmented.SegmentedRaftLogWorker (SegmentedRaftLogWorker.java:run(313)) - 355e8bf2-f896-46b6-975e-86d7b5057142-SegmentedRaftLogWorker:Storage Directory /workdir/hadoop-ozone/integration-test/target/test-dir/MiniOzoneClusterImpl-4e28bd16-aa40-4c06-8f2f-cbc92a7b77d1/datanode-1/data/ratis/655a01ce-4460-49b3-ba73-c96a1348f7c4 was interrupted, exiting. There are 0 tasks remaining in the queue.
2019-08-20 15:32:30,887 INFO  segmented.SegmentedRaftLogWorker (SegmentedRaftLogWorker.java:run(313)) - fba1c820-9e7e-4e1f-a170-cb4ae6d3abd6-SegmentedRaftLogWorker:Storage Directory /workdir/hadoop-ozone/integration-test/target/test-dir/MiniOzoneClusterImpl-4e28bd16-aa40-4c06-8f2f-cbc92a7b77d1/datanode-4/data/ratis/ac176bcc-8e89-464b-92bc-ed12c6665a82 was interrupted, exiting. There are 0 tasks remaining in the queue.
2019-08-20 15:32:30,888 INFO  segmented.SegmentedRaftLogWorker (SegmentedRaftLogWorker.java:close(228)) - 355e8bf2-f896-46b6-975e-86d7b5057142-SegmentedRaftLogWorker:Storage Directory /workdir/hadoop-ozone/integration-test/target/test-dir/MiniOzoneClusterImpl-4e28bd16-aa40-4c06-8f2f-cbc92a7b77d1/datanode-1/data/ratis/655a01ce-4460-49b3-ba73-c96a1348f7c4 close()
2019-08-20 15:32:30,889 INFO  segmented.SegmentedRaftLogWorker (SegmentedRaftLogWorker.java:close(228)) - fba1c820-9e7e-4e1f-a170-cb4ae6d3abd6-SegmentedRaftLogWorker:Storage Directory /workdir/hadoop-ozone/integration-test/target/test-dir/MiniOzoneClusterImpl-4e28bd16-aa40-4c06-8f2f-cbc92a7b77d1/datanode-4/data/ratis/ac176bcc-8e89-464b-92bc-ed12c6665a82 close()
2019-08-20 15:32:30,891 INFO  impl.RaftServerImpl (RaftServerImpl.java:lambda$shutdown$3(245)) - 355e8bf2-f896-46b6-975e-86d7b5057142: shutdown group-67E3133C841A
2019-08-20 15:32:30,893 INFO  server.GrpcService (GrpcService.java:closeImpl(155)) - fba1c820-9e7e-4e1f-a170-cb4ae6d3abd6: shutdown server with port 35368 now
2019-08-20 15:32:30,894 INFO  util.JmxRegister (JmxRegister.java:unregister(73)) - Successfully un-registered JMX Bean with object name Ratis:service=RaftServer,group=group-67E3133C841A,id=355e8bf2-f896-46b6-975e-86d7b5057142
2019-08-20 15:32:30,894 INFO  impl.RoleInfo (RoleInfo.java:shutdownLeaderState(104)) - 355e8bf2-f896-46b6-975e-86d7b5057142: shutdown LeaderState
2019-08-20 15:32:30,895 INFO  server.GrpcService (GrpcService.java:closeImpl(163)) - fba1c820-9e7e-4e1f-a170-cb4ae6d3abd6: shutdown server with port 35368 successfully
2019-08-20 15:32:30,897 WARN  server.GrpcLogAppender (GrpcLogAppender.java:mayWait(143)) - GrpcLogAppender(355e8bf2-f896-46b6-975e-86d7b5057142->0737f457-24f0-4bf4-893e-7f10574b9869): Wait interrupted by java.lang.InterruptedException
2019-08-20 15:32:30,897 WARN  server.GrpcLogAppender (GrpcLogAppender.java:mayWait(143)) - GrpcLogAppender(355e8bf2-f896-46b6-975e-86d7b5057142->add14dfc-372b-471a-b721-7c60032bca35): Wait interrupted by java.lang.InterruptedException
2019-08-20 15:32:30,897 INFO  impl.PendingRequests (PendingRequests.java:sendNotLeaderResponses(202)) - 355e8bf2-f896-46b6-975e-86d7b5057142-PendingRequests: sendNotLeaderResponses
2019-08-20 15:32:30,898 INFO  server.GrpcServerProtocolService (GrpcServerProtocolService.java:onCompleted(104)) - add14dfc-372b-471a-b721-7c60032bca35: appendEntries completed
2019-08-20 15:32:30,898 INFO  server.GrpcServerProtocolService (GrpcServerProtocolService.java:onCompleted(104)) - 0737f457-24f0-4bf4-893e-7f10574b9869: appendEntries completed
2019-08-20 15:32:30,899 INFO  server.GrpcLogAppender (GrpcLogAppender.java:onCompleted(292)) - 355e8bf2-f896-46b6-975e-86d7b5057142->0737f457-24f0-4bf4-893e-7f10574b9869: follower responses appendEntries COMPLETED
2019-08-20 15:32:30,899 INFO  server.GrpcLogAppender (GrpcLogAppender.java:onCompleted(292)) - 355e8bf2-f896-46b6-975e-86d7b5057142->add14dfc-372b-471a-b721-7c60032bca35: follower responses appendEntries COMPLETED
2019-08-20 15:32:30,899 INFO  impl.FollowerInfo (FollowerInfo.java:lambda$new$0(50)) - 355e8bf2-f896-46b6-975e-86d7b5057142->0737f457-24f0-4bf4-893e-7f10574b9869: nextIndex: updateUnconditionally 17 -> 16
2019-08-20 15:32:30,899 INFO  impl.FollowerInfo (FollowerInfo.java:lambda$new$0(50)) - 355e8bf2-f896-46b6-975e-86d7b5057142->add14dfc-372b-471a-b721-7c60032bca35: nextIndex: updateUnconditionally 17 -> 16
2019-08-20 15:32:30,902 INFO  impl.StateMachineUpdater (StateMachineUpdater.java:stopAndJoin(115)) - StateMachineUpdater:355e8bf2-f896-46b6-975e-86d7b5057142:group-67E3133C841A: set stopIndex = 16
2019-08-20 15:32:30,902 INFO  ratis.ContainerStateMachine (ContainerStateMachine.java:takeSnapshot(272)) - group-67E3133C841A: Taking a snapshot at:(t:1, i:14) file /workdir/hadoop-ozone/integration-test/target/test-dir/MiniOzoneClusterImpl-4e28bd16-aa40-4c06-8f2f-cbc92a7b77d1/datanode-1/data/ratis/c0fd81d3-3f56-4584-854d-67e3133c841a/sm/snapshot.1_14
2019-08-20 15:32:30,906 INFO  utils.BackgroundService (BackgroundService.java:shutdown(148)) - Shutting down service BlockDeletingService
2019-08-20 15:32:30,909 WARN  fs.CachingGetSpaceUsed (CachingGetSpaceUsed.java:run(183)) - Thread Interrupted waiting to refresh disk information: sleep interrupted
2019-08-20 15:32:30,917 INFO  ratis.ContainerStateMachine (ContainerStateMachine.java:takeSnapshot(283)) - group-67E3133C841A: Finished taking a snapshot at:(t:1, i:14) file:/workdir/hadoop-ozone/integration-test/target/test-dir/MiniOzoneClusterImpl-4e28bd16-aa40-4c06-8f2f-cbc92a7b77d1/datanode-1/data/ratis/c0fd81d3-3f56-4584-854d-67e3133c841a/sm/snapshot.1_14 time:15
2019-08-20 15:32:30,917 INFO  impl.StateMachineUpdater (StateMachineUpdater.java:takeSnapshot(242)) - StateMachineUpdater:355e8bf2-f896-46b6-975e-86d7b5057142:group-67E3133C841A: Took a snapshot at index 14
2019-08-20 15:32:30,917 INFO  impl.StateMachineUpdater (StateMachineUpdater.java:lambda$new$0(80)) - StateMachineUpdater:355e8bf2-f896-46b6-975e-86d7b5057142:group-67E3133C841A: snapshotIndex: updateIncreasingly -1 -> 14
2019-08-20 15:32:30,917 INFO  impl.RaftServerImpl (ServerState.java:close(394)) - 355e8bf2-f896-46b6-975e-86d7b5057142:group-67E3133C841A closes. The last applied log index is 16
2019-08-20 15:32:30,918 INFO  segmented.SegmentedRaftLogWorker (SegmentedRaftLogWorker.java:run(313)) - 355e8bf2-f896-46b6-975e-86d7b5057142-SegmentedRaftLogWorker:Storage Directory /workdir/hadoop-ozone/integration-test/target/test-dir/MiniOzoneClusterImpl-4e28bd16-aa40-4c06-8f2f-cbc92a7b77d1/datanode-1/data/ratis/c0fd81d3-3f56-4584-854d-67e3133c841a was interrupted, exiting. There are 0 tasks remaining in the queue.
2019-08-20 15:32:30,919 INFO  segmented.SegmentedRaftLogWorker (SegmentedRaftLogWorker.java:close(228)) - 355e8bf2-f896-46b6-975e-86d7b5057142-SegmentedRaftLogWorker:Storage Directory /workdir/hadoop-ozone/integration-test/target/test-dir/MiniOzoneClusterImpl-4e28bd16-aa40-4c06-8f2f-cbc92a7b77d1/datanode-1/data/ratis/c0fd81d3-3f56-4584-854d-67e3133c841a close()
2019-08-20 15:32:30,921 INFO  server.GrpcService (GrpcService.java:closeImpl(155)) - 355e8bf2-f896-46b6-975e-86d7b5057142: shutdown server with port 35523 now
2019-08-20 15:32:30,923 INFO  server.GrpcService (GrpcService.java:closeImpl(163)) - 355e8bf2-f896-46b6-975e-86d7b5057142: shutdown server with port 35523 successfully
2019-08-20 15:32:30,924 WARN  client.GrpcClientProtocolService (LogUtils.java:warn(134)) - 1-UnorderedRequestStreamObserver1: onError: org.apache.ratis.thirdparty.io.grpc.StatusRuntimeException: CANCELLED: cancelled before receiving half close
2019-08-20 15:32:30,928 INFO  utils.BackgroundService (BackgroundService.java:shutdown(148)) - Shutting down service BlockDeletingService
2019-08-20 15:32:30,934 WARN  fs.CachingGetSpaceUsed (CachingGetSpaceUsed.java:run(183)) - Thread Interrupted waiting to refresh disk information: sleep interrupted
2019-08-20 15:32:30,936 INFO  statemachine.DatanodeStateMachine (DatanodeStateMachine.java:stopDaemon(395)) - Ozone container server stopped.
2019-08-20 15:32:30,937 INFO  handler.ContextHandler (ContextHandler.java:doStop(910)) - Stopped o.e.j.w.WebAppContext@53314f76{/,null,UNAVAILABLE}{/hddsDatanode}
2019-08-20 15:32:30,938 INFO  server.AbstractConnector (AbstractConnector.java:doStop(318)) - Stopped ServerConnector@62a6674f{HTTP/1.1,[http/1.1]}{0.0.0.0:0}
2019-08-20 15:32:30,938 INFO  handler.ContextHandler (ContextHandler.java:doStop(910)) - Stopped o.e.j.s.ServletContextHandler@49a38b1{/static,jar:file:/home/user/.m2/repository/org/apache/hadoop/hadoop-hdds-container-service/0.5.0-SNAPSHOT/hadoop-hdds-container-service-0.5.0-SNAPSHOT.jar!/webapps/static,UNAVAILABLE}
2019-08-20 15:32:30,938 INFO  handler.ContextHandler (ContextHandler.java:doStop(910)) - Stopped o.e.j.s.ServletContextHandler@6d7ad0f5{/logs,file:///workdir/hadoop-ozone/integration-test/target/log,UNAVAILABLE}
2019-08-20 15:32:30,939 INFO  datanode.ObjectStoreHandler (ObjectStoreHandler.java:close(155)) - Closing ObjectStoreHandler.
2019-08-20 15:32:30,940 INFO  ozone.HddsDatanodeService (HddsDatanodeService.java:stop(451)) - Stopped plug-in org.apache.hadoop.ozone.web.OzoneHddsDatanodeService@508ad266
2019-08-20 15:32:30,950 INFO  statemachine.DatanodeStateMachine (DatanodeStateMachine.java:stopDaemon(395)) - Ozone container server stopped.
2019-08-20 15:32:30,953 INFO  handler.ContextHandler (ContextHandler.java:doStop(910)) - Stopped o.e.j.w.WebAppContext@36c7cbe1{/,null,UNAVAILABLE}{/hddsDatanode}
2019-08-20 15:32:30,953 INFO  server.AbstractConnector (AbstractConnector.java:doStop(318)) - Stopped ServerConnector@1ac6dd3d{HTTP/1.1,[http/1.1]}{0.0.0.0:0}
2019-08-20 15:32:30,954 INFO  handler.ContextHandler (ContextHandler.java:doStop(910)) - Stopped o.e.j.s.ServletContextHandler@198536f6{/static,jar:file:/home/user/.m2/repository/org/apache/hadoop/hadoop-hdds-container-service/0.5.0-SNAPSHOT/hadoop-hdds-container-service-0.5.0-SNAPSHOT.jar!/webapps/static,UNAVAILABLE}
2019-08-20 15:32:30,955 INFO  handler.ContextHandler (ContextHandler.java:doStop(910)) - Stopped o.e.j.s.ServletContextHandler@388c519{/logs,file:///workdir/hadoop-ozone/integration-test/target/log,UNAVAILABLE}
2019-08-20 15:32:30,956 INFO  datanode.ObjectStoreHandler (ObjectStoreHandler.java:close(155)) - Closing ObjectStoreHandler.
2019-08-20 15:32:30,957 INFO  ozone.HddsDatanodeService (HddsDatanodeService.java:stop(451)) - Stopped plug-in org.apache.hadoop.ozone.web.OzoneHddsDatanodeService@5b733ef7
2019-08-20 15:32:30,981 INFO  statemachine.DatanodeStateMachine (DatanodeStateMachine.java:lambda$startDaemon$0(350)) - Ozone container server started.
2019-08-20 15:32:31,628 INFO  statemachine.DatanodeStateMachine (DatanodeStateMachine.java:lambda$startDaemon$0(350)) - Ozone container server started.
2019-08-20 15:32:32,957 WARN  server.GrpcLogAppender (LogUtils.java:warn(134)) - 68a06dc7-23c8-4ea6-8753-852ac4572228->f1640d0e-af93-4f84-a81b-d62e5135c470: Failed appendEntries: org.apache.ratis.thirdparty.io.grpc.StatusRuntimeException: UNAVAILABLE: io exception
2019-08-20 15:32:32,959 INFO  impl.FollowerInfo (FollowerInfo.java:lambda$new$0(50)) - 68a06dc7-23c8-4ea6-8753-852ac4572228->f1640d0e-af93-4f84-a81b-d62e5135c470: nextIndex: updateUnconditionally 15 -> 14
2019-08-20 15:32:32,967 WARN  server.GrpcLogAppender (LogUtils.java:warn(134)) - 68a06dc7-23c8-4ea6-8753-852ac4572228->83587b57-23c3-472d-a9db-c66327d21260: Failed appendEntries: org.apache.ratis.thirdparty.io.grpc.StatusRuntimeException: UNAVAILABLE: io exception
2019-08-20 15:32:32,968 INFO  impl.FollowerInfo (FollowerInfo.java:lambda$new$0(50)) - 68a06dc7-23c8-4ea6-8753-852ac4572228->83587b57-23c3-472d-a9db-c66327d21260: nextIndex: updateUnconditionally 12 -> 11
2019-08-20 15:32:35,069 INFO  node.StaleNodeHandler (StaleNodeHandler.java:onMessage(58)) - Datanode 68a06dc7-23c8-4ea6-8753-852ac4572228{ip: 192.168.5.175, host: pr-hdds-1879-mp8vb-189615265, networkLocation: /default-rack, certSerialId: null} moved to stale state. Finalizing its pipelines [PipelineID=42fc173d-a841-4921-b3bc-79d04d37dd1e, PipelineID=f44366cc-a48b-4008-a9ee-f72ae8b6a302]
2019-08-20 15:32:35,069 INFO  pipeline.SCMPipelineManager (SCMPipelineManager.java:finalizeAndDestroyPipeline(309)) - destroying pipeline:Pipeline[ Id: 42fc173d-a841-4921-b3bc-79d04d37dd1e, Nodes: 83587b57-23c3-472d-a9db-c66327d21260{ip: 192.168.5.175, host: pr-hdds-1879-mp8vb-189615265, networkLocation: /default-rack, certSerialId: null}f1640d0e-af93-4f84-a81b-d62e5135c470{ip: 192.168.5.175, host: pr-hdds-1879-mp8vb-189615265, networkLocation: /default-rack, certSerialId: null}68a06dc7-23c8-4ea6-8753-852ac4572228{ip: 192.168.5.175, host: pr-hdds-1879-mp8vb-189615265, networkLocation: /default-rack, certSerialId: null}, Type:RATIS, Factor:THREE, State:CLOSED]
2019-08-20 15:32:35,070 INFO  pipeline.SCMPipelineManager (SCMPipelineManager.java:finalizeAndDestroyPipeline(309)) - destroying pipeline:Pipeline[ Id: f44366cc-a48b-4008-a9ee-f72ae8b6a302, Nodes: 68a06dc7-23c8-4ea6-8753-852ac4572228{ip: 192.168.5.175, host: pr-hdds-1879-mp8vb-189615265, networkLocation: /default-rack, certSerialId: null}, Type:RATIS, Factor:ONE, State:OPEN]
2019-08-20 15:32:35,070 INFO  pipeline.PipelineStateManager (PipelineStateManager.java:finalizePipeline(123)) - Pipeline Pipeline[ Id: f44366cc-a48b-4008-a9ee-f72ae8b6a302, Nodes: 68a06dc7-23c8-4ea6-8753-852ac4572228{ip: 192.168.5.175, host: pr-hdds-1879-mp8vb-189615265, networkLocation: /default-rack, certSerialId: null}, Type:RATIS, Factor:ONE, State:CLOSED] moved to CLOSED state
2019-08-20 15:32:35,459 WARN  server.GrpcLogAppender (LogUtils.java:warn(134)) - 68a06dc7-23c8-4ea6-8753-852ac4572228->f1640d0e-af93-4f84-a81b-d62e5135c470: Failed appendEntries: org.apache.ratis.thirdparty.io.grpc.StatusRuntimeException: UNAVAILABLE: io exception
2019-08-20 15:32:35,462 INFO  impl.FollowerInfo (FollowerInfo.java:lambda$new$0(50)) - 68a06dc7-23c8-4ea6-8753-852ac4572228->f1640d0e-af93-4f84-a81b-d62e5135c470: nextIndex: updateUnconditionally 14 -> 13
2019-08-20 15:32:35,469 WARN  server.GrpcLogAppender (LogUtils.java:warn(134)) - 68a06dc7-23c8-4ea6-8753-852ac4572228->83587b57-23c3-472d-a9db-c66327d21260: Failed appendEntries: org.apache.ratis.thirdparty.io.grpc.StatusRuntimeException: UNAVAILABLE: io exception
2019-08-20 15:32:35,471 INFO  impl.FollowerInfo (FollowerInfo.java:lambda$new$0(50)) - 68a06dc7-23c8-4ea6-8753-852ac4572228->83587b57-23c3-472d-a9db-c66327d21260: nextIndex: updateUnconditionally 11 -> 10
2019-08-20 15:32:35,671 INFO  node.StaleNodeHandler (StaleNodeHandler.java:onMessage(58)) - Datanode add14dfc-372b-471a-b721-7c60032bca35{ip: 192.168.5.175, host: pr-hdds-1879-mp8vb-189615265, networkLocation: /default-rack, certSerialId: null} moved to stale state. Finalizing its pipelines [PipelineID=c0fd81d3-3f56-4584-854d-67e3133c841a, PipelineID=f8e6cb11-2404-4300-a7ba-044192a3831e]
2019-08-20 15:32:35,672 INFO  pipeline.SCMPipelineManager (SCMPipelineManager.java:finalizeAndDestroyPipeline(309)) - destroying pipeline:Pipeline[ Id: c0fd81d3-3f56-4584-854d-67e3133c841a, Nodes: 355e8bf2-f896-46b6-975e-86d7b5057142{ip: 192.168.5.175, host: pr-hdds-1879-mp8vb-189615265, networkLocation: /default-rack, certSerialId: null}add14dfc-372b-471a-b721-7c60032bca35{ip: 192.168.5.175, host: pr-hdds-1879-mp8vb-189615265, networkLocation: /default-rack, certSerialId: null}0737f457-24f0-4bf4-893e-7f10574b9869{ip: 192.168.5.175, host: pr-hdds-1879-mp8vb-189615265, networkLocation: /default-rack, certSerialId: null}, Type:RATIS, Factor:THREE, State:CLOSED]
2019-08-20 15:32:35,672 INFO  pipeline.SCMPipelineManager (SCMPipelineManager.java:finalizeAndDestroyPipeline(309)) - destroying pipeline:Pipeline[ Id: f8e6cb11-2404-4300-a7ba-044192a3831e, Nodes: add14dfc-372b-471a-b721-7c60032bca35{ip: 192.168.5.175, host: pr-hdds-1879-mp8vb-189615265, networkLocation: /default-rack, certSerialId: null}, Type:RATIS, Factor:ONE, State:OPEN]
2019-08-20 15:32:35,672 INFO  pipeline.PipelineStateManager (PipelineStateManager.java:finalizePipeline(123)) - Pipeline Pipeline[ Id: f8e6cb11-2404-4300-a7ba-044192a3831e, Nodes: add14dfc-372b-471a-b721-7c60032bca35{ip: 192.168.5.175, host: pr-hdds-1879-mp8vb-189615265, networkLocation: /default-rack, certSerialId: null}, Type:RATIS, Factor:ONE, State:CLOSED] moved to CLOSED state
2019-08-20 15:32:35,941 INFO  ozoneimpl.OzoneContainer (OzoneContainer.java:stop(199)) - Attempting to stop container services.
2019-08-20 15:32:35,941 INFO  impl.RaftServerProxy (RaftServerProxy.java:lambda$close$4(314)) - 68a06dc7-23c8-4ea6-8753-852ac4572228: close
2019-08-20 15:32:35,942 INFO  impl.RaftServerImpl (RaftServerImpl.java:lambda$shutdown$3(245)) - 68a06dc7-23c8-4ea6-8753-852ac4572228: shutdown group-79D04D37DD1E
2019-08-20 15:32:35,942 INFO  util.JmxRegister (JmxRegister.java:unregister(73)) - Successfully un-registered JMX Bean with object name Ratis:service=RaftServer,group=group-79D04D37DD1E,id=68a06dc7-23c8-4ea6-8753-852ac4572228
2019-08-20 15:32:35,943 INFO  impl.RoleInfo (RoleInfo.java:shutdownLeaderState(104)) - 68a06dc7-23c8-4ea6-8753-852ac4572228: shutdown LeaderState
2019-08-20 15:32:35,946 WARN  server.GrpcLogAppender (GrpcLogAppender.java:mayWait(143)) - GrpcLogAppender(68a06dc7-23c8-4ea6-8753-852ac4572228->83587b57-23c3-472d-a9db-c66327d21260): Wait interrupted by java.lang.InterruptedException
2019-08-20 15:32:35,946 WARN  server.GrpcLogAppender (GrpcLogAppender.java:mayWait(143)) - GrpcLogAppender(68a06dc7-23c8-4ea6-8753-852ac4572228->f1640d0e-af93-4f84-a81b-d62e5135c470): Wait interrupted by java.lang.InterruptedException
2019-08-20 15:32:35,946 INFO  impl.PendingRequests (PendingRequests.java:sendNotLeaderResponses(202)) - 68a06dc7-23c8-4ea6-8753-852ac4572228-PendingRequests: sendNotLeaderResponses
2019-08-20 15:32:35,950 INFO  impl.StateMachineUpdater (StateMachineUpdater.java:stopAndJoin(115)) - StateMachineUpdater:68a06dc7-23c8-4ea6-8753-852ac4572228:group-79D04D37DD1E: set stopIndex = 18
2019-08-20 15:32:35,951 INFO  ratis.ContainerStateMachine (ContainerStateMachine.java:takeSnapshot(272)) - group-79D04D37DD1E: Taking a snapshot at:(t:3, i:18) file /workdir/hadoop-ozone/integration-test/target/test-dir/MiniOzoneClusterImpl-4e28bd16-aa40-4c06-8f2f-cbc92a7b77d1/datanode-3/data/ratis/42fc173d-a841-4921-b3bc-79d04d37dd1e/sm/snapshot.3_18
2019-08-20 15:32:35,957 INFO  ozoneimpl.OzoneContainer (OzoneContainer.java:stop(199)) - Attempting to stop container services.
2019-08-20 15:32:35,958 INFO  impl.RaftServerProxy (RaftServerProxy.java:lambda$close$4(314)) - add14dfc-372b-471a-b721-7c60032bca35: close
2019-08-20 15:32:35,958 INFO  impl.RaftServerImpl (RaftServerImpl.java:lambda$shutdown$3(245)) - add14dfc-372b-471a-b721-7c60032bca35: shutdown group-67E3133C841A
2019-08-20 15:32:35,958 INFO  util.JmxRegister (JmxRegister.java:unregister(73)) - Successfully un-registered JMX Bean with object name Ratis:service=RaftServer,group=group-67E3133C841A,id=add14dfc-372b-471a-b721-7c60032bca35
2019-08-20 15:32:35,959 INFO  impl.RoleInfo (RoleInfo.java:shutdownFollowerState(121)) - add14dfc-372b-471a-b721-7c60032bca35: shutdown FollowerState
2019-08-20 15:32:35,959 INFO  impl.StateMachineUpdater (StateMachineUpdater.java:stopAndJoin(115)) - StateMachineUpdater:add14dfc-372b-471a-b721-7c60032bca35:group-67E3133C841A: set stopIndex = 16
2019-08-20 15:32:35,959 INFO  ratis.ContainerStateMachine (ContainerStateMachine.java:takeSnapshot(272)) - group-67E3133C841A: Taking a snapshot at:(t:1, i:14) file /workdir/hadoop-ozone/integration-test/target/test-dir/MiniOzoneClusterImpl-4e28bd16-aa40-4c06-8f2f-cbc92a7b77d1/datanode-2/data/ratis/c0fd81d3-3f56-4584-854d-67e3133c841a/sm/snapshot.1_14
2019-08-20 15:32:35,959 INFO  impl.FollowerState (FollowerState.java:run(114)) - add14dfc-372b-471a-b721-7c60032bca35: FollowerState was interrupted: java.lang.InterruptedException: sleep interrupted
2019-08-20 15:32:35,965 INFO  ratis.ContainerStateMachine (ContainerStateMachine.java:takeSnapshot(283)) - group-79D04D37DD1E: Finished taking a snapshot at:(t:3, i:18) file:/workdir/hadoop-ozone/integration-test/target/test-dir/MiniOzoneClusterImpl-4e28bd16-aa40-4c06-8f2f-cbc92a7b77d1/datanode-3/data/ratis/42fc173d-a841-4921-b3bc-79d04d37dd1e/sm/snapshot.3_18 time:14
2019-08-20 15:32:35,965 INFO  impl.StateMachineUpdater (StateMachineUpdater.java:takeSnapshot(242)) - StateMachineUpdater:68a06dc7-23c8-4ea6-8753-852ac4572228:group-79D04D37DD1E: Took a snapshot at index 18
2019-08-20 15:32:35,965 INFO  impl.StateMachineUpdater (StateMachineUpdater.java:lambda$new$0(80)) - StateMachineUpdater:68a06dc7-23c8-4ea6-8753-852ac4572228:group-79D04D37DD1E: snapshotIndex: updateIncreasingly -1 -> 18
2019-08-20 15:32:35,965 INFO  impl.RaftServerImpl (ServerState.java:close(394)) - 68a06dc7-23c8-4ea6-8753-852ac4572228:group-79D04D37DD1E closes. The last applied log index is 18
2019-08-20 15:32:35,966 INFO  ratis.ContainerStateMachine (ContainerStateMachine.java:takeSnapshot(283)) - group-67E3133C841A: Finished taking a snapshot at:(t:1, i:14) file:/workdir/hadoop-ozone/integration-test/target/test-dir/MiniOzoneClusterImpl-4e28bd16-aa40-4c06-8f2f-cbc92a7b77d1/datanode-2/data/ratis/c0fd81d3-3f56-4584-854d-67e3133c841a/sm/snapshot.1_14 time:7
2019-08-20 15:32:35,966 INFO  impl.StateMachineUpdater (StateMachineUpdater.java:takeSnapshot(242)) - StateMachineUpdater:add14dfc-372b-471a-b721-7c60032bca35:group-67E3133C841A: Took a snapshot at index 14
2019-08-20 15:32:35,966 INFO  segmented.SegmentedRaftLogWorker (SegmentedRaftLogWorker.java:run(313)) - 68a06dc7-23c8-4ea6-8753-852ac4572228-SegmentedRaftLogWorker:Storage Directory /workdir/hadoop-ozone/integration-test/target/test-dir/MiniOzoneClusterImpl-4e28bd16-aa40-4c06-8f2f-cbc92a7b77d1/datanode-3/data/ratis/42fc173d-a841-4921-b3bc-79d04d37dd1e was interrupted, exiting. There are 0 tasks remaining in the queue.
2019-08-20 15:32:35,966 INFO  impl.StateMachineUpdater (StateMachineUpdater.java:lambda$new$0(80)) - StateMachineUpdater:add14dfc-372b-471a-b721-7c60032bca35:group-67E3133C841A: snapshotIndex: updateIncreasingly -1 -> 14
2019-08-20 15:32:35,967 INFO  segmented.SegmentedRaftLogWorker (SegmentedRaftLogWorker.java:close(228)) - 68a06dc7-23c8-4ea6-8753-852ac4572228-SegmentedRaftLogWorker:Storage Directory /workdir/hadoop-ozone/integration-test/target/test-dir/MiniOzoneClusterImpl-4e28bd16-aa40-4c06-8f2f-cbc92a7b77d1/datanode-3/data/ratis/42fc173d-a841-4921-b3bc-79d04d37dd1e close()
2019-08-20 15:32:35,967 INFO  impl.RaftServerImpl (ServerState.java:close(394)) - add14dfc-372b-471a-b721-7c60032bca35:group-67E3133C841A closes. The last applied log index is 16
2019-08-20 15:32:35,969 INFO  impl.RaftServerImpl (RaftServerImpl.java:lambda$shutdown$3(245)) - 68a06dc7-23c8-4ea6-8753-852ac4572228: shutdown group-F72AE8B6A302
2019-08-20 15:32:35,969 INFO  segmented.SegmentedRaftLogWorker (SegmentedRaftLogWorker.java:run(313)) - add14dfc-372b-471a-b721-7c60032bca35-SegmentedRaftLogWorker:Storage Directory /workdir/hadoop-ozone/integration-test/target/test-dir/MiniOzoneClusterImpl-4e28bd16-aa40-4c06-8f2f-cbc92a7b77d1/datanode-2/data/ratis/c0fd81d3-3f56-4584-854d-67e3133c841a was interrupted, exiting. There are 0 tasks remaining in the queue.
2019-08-20 15:32:35,970 INFO  util.JmxRegister (JmxRegister.java:unregister(73)) - Successfully un-registered JMX Bean with object name Ratis:service=RaftServer,group=group-F72AE8B6A302,id=68a06dc7-23c8-4ea6-8753-852ac4572228
2019-08-20 15:32:35,971 INFO  segmented.SegmentedRaftLogWorker (SegmentedRaftLogWorker.java:close(228)) - add14dfc-372b-471a-b721-7c60032bca35-SegmentedRaftLogWorker:Storage Directory /workdir/hadoop-ozone/integration-test/target/test-dir/MiniOzoneClusterImpl-4e28bd16-aa40-4c06-8f2f-cbc92a7b77d1/datanode-2/data/ratis/c0fd81d3-3f56-4584-854d-67e3133c841a close()
2019-08-20 15:32:35,971 INFO  impl.RoleInfo (RoleInfo.java:shutdownLeaderState(104)) - 68a06dc7-23c8-4ea6-8753-852ac4572228: shutdown LeaderState
2019-08-20 15:32:35,973 INFO  impl.RaftServerImpl (RaftServerImpl.java:lambda$shutdown$3(245)) - add14dfc-372b-471a-b721-7c60032bca35: shutdown group-044192A3831E
2019-08-20 15:32:35,974 INFO  impl.PendingRequests (PendingRequests.java:sendNotLeaderResponses(202)) - 68a06dc7-23c8-4ea6-8753-852ac4572228-PendingRequests: sendNotLeaderResponses
2019-08-20 15:32:35,974 INFO  util.JmxRegister (JmxRegister.java:unregister(73)) - Successfully un-registered JMX Bean with object name Ratis:service=RaftServer,group=group-044192A3831E,id=add14dfc-372b-471a-b721-7c60032bca35
2019-08-20 15:32:35,974 INFO  impl.StateMachineUpdater (StateMachineUpdater.java:stopAndJoin(115)) - StateMachineUpdater:68a06dc7-23c8-4ea6-8753-852ac4572228:group-F72AE8B6A302: set stopIndex = 0
2019-08-20 15:32:35,974 INFO  impl.RoleInfo (RoleInfo.java:shutdownLeaderState(104)) - add14dfc-372b-471a-b721-7c60032bca35: shutdown LeaderState
2019-08-20 15:32:35,975 INFO  impl.RaftServerImpl (ServerState.java:close(394)) - 68a06dc7-23c8-4ea6-8753-852ac4572228:group-F72AE8B6A302 closes. The last applied log index is 0
2019-08-20 15:32:35,975 INFO  impl.PendingRequests (PendingRequests.java:sendNotLeaderResponses(202)) - add14dfc-372b-471a-b721-7c60032bca35-PendingRequests: sendNotLeaderResponses
2019-08-20 15:32:35,976 INFO  segmented.SegmentedRaftLogWorker (SegmentedRaftLogWorker.java:run(313)) - 68a06dc7-23c8-4ea6-8753-852ac4572228-SegmentedRaftLogWorker:Storage Directory /workdir/hadoop-ozone/integration-test/target/test-dir/MiniOzoneClusterImpl-4e28bd16-aa40-4c06-8f2f-cbc92a7b77d1/datanode-3/data/ratis/f44366cc-a48b-4008-a9ee-f72ae8b6a302 was interrupted, exiting. There are 0 tasks remaining in the queue.
2019-08-20 15:32:35,976 INFO  impl.StateMachineUpdater (StateMachineUpdater.java:stopAndJoin(115)) - StateMachineUpdater:add14dfc-372b-471a-b721-7c60032bca35:group-044192A3831E: set stopIndex = 0
2019-08-20 15:32:35,977 INFO  segmented.SegmentedRaftLogWorker (SegmentedRaftLogWorker.java:close(228)) - 68a06dc7-23c8-4ea6-8753-852ac4572228-SegmentedRaftLogWorker:Storage Directory /workdir/hadoop-ozone/integration-test/target/test-dir/MiniOzoneClusterImpl-4e28bd16-aa40-4c06-8f2f-cbc92a7b77d1/datanode-3/data/ratis/f44366cc-a48b-4008-a9ee-f72ae8b6a302 close()
2019-08-20 15:32:35,977 INFO  impl.RaftServerImpl (ServerState.java:close(394)) - add14dfc-372b-471a-b721-7c60032bca35:group-044192A3831E closes. The last applied log index is 0
2019-08-20 15:32:35,981 INFO  server.GrpcService (GrpcService.java:closeImpl(155)) - 68a06dc7-23c8-4ea6-8753-852ac4572228: shutdown server with port 36868 now
2019-08-20 15:32:35,981 INFO  segmented.SegmentedRaftLogWorker (SegmentedRaftLogWorker.java:run(313)) - add14dfc-372b-471a-b721-7c60032bca35-SegmentedRaftLogWorker:Storage Directory /workdir/hadoop-ozone/integration-test/target/test-dir/MiniOzoneClusterImpl-4e28bd16-aa40-4c06-8f2f-cbc92a7b77d1/datanode-2/data/ratis/f8e6cb11-2404-4300-a7ba-044192a3831e was interrupted, exiting. There are 0 tasks remaining in the queue.
2019-08-20 15:32:35,982 INFO  segmented.SegmentedRaftLogWorker (SegmentedRaftLogWorker.java:close(228)) - add14dfc-372b-471a-b721-7c60032bca35-SegmentedRaftLogWorker:Storage Directory /workdir/hadoop-ozone/integration-test/target/test-dir/MiniOzoneClusterImpl-4e28bd16-aa40-4c06-8f2f-cbc92a7b77d1/datanode-2/data/ratis/f8e6cb11-2404-4300-a7ba-044192a3831e close()
2019-08-20 15:32:35,983 INFO  server.GrpcService (GrpcService.java:closeImpl(155)) - add14dfc-372b-471a-b721-7c60032bca35: shutdown server with port 42877 now
2019-08-20 15:32:35,984 WARN  client.GrpcClientProtocolService (LogUtils.java:warn(134)) - 4-UnorderedRequestStreamObserver4: onError: org.apache.ratis.thirdparty.io.grpc.StatusRuntimeException: CANCELLED: cancelled before receiving half close
2019-08-20 15:32:35,984 INFO  server.GrpcService (GrpcService.java:closeImpl(163)) - add14dfc-372b-471a-b721-7c60032bca35: shutdown server with port 42877 successfully
2019-08-20 15:32:35,984 INFO  server.GrpcService (GrpcService.java:closeImpl(163)) - 68a06dc7-23c8-4ea6-8753-852ac4572228: shutdown server with port 36868 successfully
2019-08-20 15:32:35,986 INFO  utils.BackgroundService (BackgroundService.java:shutdown(148)) - Shutting down service BlockDeletingService
2019-08-20 15:32:35,988 WARN  fs.CachingGetSpaceUsed (CachingGetSpaceUsed.java:run(183)) - Thread Interrupted waiting to refresh disk information: sleep interrupted
2019-08-20 15:32:35,993 INFO  utils.BackgroundService (BackgroundService.java:shutdown(148)) - Shutting down service BlockDeletingService
2019-08-20 15:32:35,997 WARN  fs.CachingGetSpaceUsed (CachingGetSpaceUsed.java:run(183)) - Thread Interrupted waiting to refresh disk information: sleep interrupted
2019-08-20 15:32:36,007 INFO  statemachine.DatanodeStateMachine (DatanodeStateMachine.java:stopDaemon(395)) - Ozone container server stopped.
2019-08-20 15:32:36,010 INFO  handler.ContextHandler (ContextHandler.java:doStop(910)) - Stopped o.e.j.w.WebAppContext@27960b1e{/,null,UNAVAILABLE}{/hddsDatanode}
2019-08-20 15:32:36,011 INFO  server.AbstractConnector (AbstractConnector.java:doStop(318)) - Stopped ServerConnector@643ba1ed{HTTP/1.1,[http/1.1]}{0.0.0.0:0}
2019-08-20 15:32:36,012 INFO  handler.ContextHandler (ContextHandler.java:doStop(910)) - Stopped o.e.j.s.ServletContextHandler@1ef31f71{/static,jar:file:/home/user/.m2/repository/org/apache/hadoop/hadoop-hdds-container-service/0.5.0-SNAPSHOT/hadoop-hdds-container-service-0.5.0-SNAPSHOT.jar!/webapps/static,UNAVAILABLE}
2019-08-20 15:32:36,013 INFO  handler.ContextHandler (ContextHandler.java:doStop(910)) - Stopped o.e.j.s.ServletContextHandler@6637a365{/logs,file:///workdir/hadoop-ozone/integration-test/target/log,UNAVAILABLE}
2019-08-20 15:32:36,015 INFO  datanode.ObjectStoreHandler (ObjectStoreHandler.java:close(155)) - Closing ObjectStoreHandler.
2019-08-20 15:32:36,015 INFO  ozone.HddsDatanodeService (HddsDatanodeService.java:stop(451)) - Stopped plug-in org.apache.hadoop.ozone.web.OzoneHddsDatanodeService@426c0486
2019-08-20 15:32:36,024 INFO  statemachine.DatanodeStateMachine (DatanodeStateMachine.java:stopDaemon(395)) - Ozone container server stopped.
2019-08-20 15:32:36,026 INFO  handler.ContextHandler (ContextHandler.java:doStop(910)) - Stopped o.e.j.w.WebAppContext@5d1d9d73{/,null,UNAVAILABLE}{/hddsDatanode}
2019-08-20 15:32:36,026 INFO  server.AbstractConnector (AbstractConnector.java:doStop(318)) - Stopped ServerConnector@b30a50d{HTTP/1.1,[http/1.1]}{0.0.0.0:0}
2019-08-20 15:32:36,027 INFO  handler.ContextHandler (ContextHandler.java:doStop(910)) - Stopped o.e.j.s.ServletContextHandler@58a765ce{/static,jar:file:/home/user/.m2/repository/org/apache/hadoop/hadoop-hdds-container-service/0.5.0-SNAPSHOT/hadoop-hdds-container-service-0.5.0-SNAPSHOT.jar!/webapps/static,UNAVAILABLE}
2019-08-20 15:32:36,027 INFO  handler.ContextHandler (ContextHandler.java:doStop(910)) - Stopped o.e.j.s.ServletContextHandler@3b435211{/logs,file:///workdir/hadoop-ozone/integration-test/target/log,UNAVAILABLE}
2019-08-20 15:32:36,644 INFO  statemachine.DatanodeStateMachine (DatanodeStateMachine.java:lambda$startDaemon$0(350)) - Ozone container server started.
2019-08-20 15:32:39,668 INFO  impl.FollowerState (FollowerState.java:run(106)) - 0737f457-24f0-4bf4-893e-7f10574b9869:group-67E3133C841A changes to CANDIDATE, lastRpcTime:8835, electionTimeout:5065ms
2019-08-20 15:32:39,668 INFO  impl.RoleInfo (RoleInfo.java:shutdownFollowerState(121)) - 0737f457-24f0-4bf4-893e-7f10574b9869: shutdown FollowerState
2019-08-20 15:32:39,669 INFO  impl.RaftServerImpl (RaftServerImpl.java:setRole(171)) - 0737f457-24f0-4bf4-893e-7f10574b9869:group-67E3133C841A changes role from FOLLOWER to CANDIDATE at term 1 for changeToCandidate
2019-08-20 15:32:39,669 INFO  impl.RoleInfo (RoleInfo.java:updateAndGet(143)) - 0737f457-24f0-4bf4-893e-7f10574b9869: start LeaderElection
2019-08-20 15:32:39,669 INFO  impl.RaftServerImpl (ServerState.java:setLeader(263)) - 0737f457-24f0-4bf4-893e-7f10574b9869:group-67E3133C841A change Leader from 355e8bf2-f896-46b6-975e-86d7b5057142 to null at term 1 for initElection
2019-08-20 15:32:39,685 INFO  impl.LeaderElection (LeaderElection.java:askForVotes(181)) - 0737f457-24f0-4bf4-893e-7f10574b9869:group-67E3133C841A:LeaderElection12: begin an election at term 2 for 0: [add14dfc-372b-471a-b721-7c60032bca35:192.168.5.175:42877, 355e8bf2-f896-46b6-975e-86d7b5057142:192.168.5.175:35523, 0737f457-24f0-4bf4-893e-7f10574b9869:192.168.5.175:33459], old=null
2019-08-20 15:32:39,693 INFO  impl.LeaderElection (LogUtils.java:infoOrTrace(149)) - 0737f457-24f0-4bf4-893e-7f10574b9869:group-67E3133C841A:LeaderElection12 got exception when requesting votes: {}
java.util.concurrent.ExecutionException: org.apache.ratis.thirdparty.io.grpc.StatusRuntimeException: UNAVAILABLE: io exception
	at java.util.concurrent.FutureTask.report(FutureTask.java:122)
	at java.util.concurrent.FutureTask.get(FutureTask.java:192)
	at org.apache.ratis.server.impl.LeaderElection.waitForResults(LeaderElection.java:262)
	at org.apache.ratis.server.impl.LeaderElection.askForVotes(LeaderElection.java:200)
	at org.apache.ratis.server.impl.LeaderElection.run(LeaderElection.java:130)
	at java.lang.Thread.run(Thread.java:748)
Caused by: org.apache.ratis.thirdparty.io.grpc.StatusRuntimeException: UNAVAILABLE: io exception
	at org.apache.ratis.thirdparty.io.grpc.stub.ClientCalls.toStatusRuntimeException(ClientCalls.java:233)
	at org.apache.ratis.thirdparty.io.grpc.stub.ClientCalls.getUnchecked(ClientCalls.java:214)
	at org.apache.ratis.thirdparty.io.grpc.stub.ClientCalls.blockingUnaryCall(ClientCalls.java:139)
	at org.apache.ratis.proto.grpc.RaftServerProtocolServiceGrpc$RaftServerProtocolServiceBlockingStub.requestVote(RaftServerProtocolServiceGrpc.java:265)
	at org.apache.ratis.grpc.server.GrpcServerProtocolClient.requestVote(GrpcServerProtocolClient.java:83)
	at org.apache.ratis.grpc.server.GrpcService.requestVote(GrpcService.java:195)
	at org.apache.ratis.server.impl.LeaderElection.lambda$submitRequests$1(LeaderElection.java:237)
	at java.util.concurrent.FutureTask.run(FutureTask.java:266)
	at java.util.concurrent.Executors$RunnableAdapter.call(Executors.java:511)
	at java.util.concurrent.FutureTask.run(FutureTask.java:266)
	at java.util.concurrent.ThreadPoolExecutor.runWorker(ThreadPoolExecutor.java:1149)
	at java.util.concurrent.ThreadPoolExecutor$Worker.run(ThreadPoolExecutor.java:624)
	... 1 more
Caused by: org.apache.ratis.thirdparty.io.netty.channel.AbstractChannel$AnnotatedConnectException: Connection refused: /192.168.5.175:42877
	at sun.nio.ch.SocketChannelImpl.checkConnect(Native Method)
	at sun.nio.ch.SocketChannelImpl.finishConnect(SocketChannelImpl.java:717)
	at org.apache.ratis.thirdparty.io.netty.channel.socket.nio.NioSocketChannel.doFinishConnect(NioSocketChannel.java:327)
	at org.apache.ratis.thirdparty.io.netty.channel.nio.AbstractNioChannel$AbstractNioUnsafe.finishConnect(AbstractNioChannel.java:340)
	at org.apache.ratis.thirdparty.io.netty.channel.nio.NioEventLoop.processSelectedKey(NioEventLoop.java:632)
	at org.apache.ratis.thirdparty.io.netty.channel.nio.NioEventLoop.processSelectedKeysOptimized(NioEventLoop.java:579)
	at org.apache.ratis.thirdparty.io.netty.channel.nio.NioEventLoop.processSelectedKeys(NioEventLoop.java:496)
	at org.apache.ratis.thirdparty.io.netty.channel.nio.NioEventLoop.run(NioEventLoop.java:458)
	at org.apache.ratis.thirdparty.io.netty.util.concurrent.SingleThreadEventExecutor$5.run(SingleThreadEventExecutor.java:897)
	at org.apache.ratis.thirdparty.io.netty.util.concurrent.FastThreadLocalRunnable.run(FastThreadLocalRunnable.java:30)
	... 1 more
Caused by: java.net.ConnectException: Connection refused
	... 11 more
2019-08-20 15:32:39,699 INFO  impl.LeaderElection (LogUtils.java:infoOrTrace(149)) - 0737f457-24f0-4bf4-893e-7f10574b9869:group-67E3133C841A:LeaderElection12 got exception when requesting votes: {}
java.util.concurrent.ExecutionException: org.apache.ratis.thirdparty.io.grpc.StatusRuntimeException: UNAVAILABLE: io exception
	at java.util.concurrent.FutureTask.report(FutureTask.java:122)
	at java.util.concurrent.FutureTask.get(FutureTask.java:192)
	at org.apache.ratis.server.impl.LeaderElection.waitForResults(LeaderElection.java:262)
	at org.apache.ratis.server.impl.LeaderElection.askForVotes(LeaderElection.java:200)
	at org.apache.ratis.server.impl.LeaderElection.run(LeaderElection.java:130)
	at java.lang.Thread.run(Thread.java:748)
Caused by: org.apache.ratis.thirdparty.io.grpc.StatusRuntimeException: UNAVAILABLE: io exception
	at org.apache.ratis.thirdparty.io.grpc.stub.ClientCalls.toStatusRuntimeException(ClientCalls.java:233)
	at org.apache.ratis.thirdparty.io.grpc.stub.ClientCalls.getUnchecked(ClientCalls.java:214)
	at org.apache.ratis.thirdparty.io.grpc.stub.ClientCalls.blockingUnaryCall(ClientCalls.java:139)
	at org.apache.ratis.proto.grpc.RaftServerProtocolServiceGrpc$RaftServerProtocolServiceBlockingStub.requestVote(RaftServerProtocolServiceGrpc.java:265)
	at org.apache.ratis.grpc.server.GrpcServerProtocolClient.requestVote(GrpcServerProtocolClient.java:83)
	at org.apache.ratis.grpc.server.GrpcService.requestVote(GrpcService.java:195)
	at org.apache.ratis.server.impl.LeaderElection.lambda$submitRequests$1(LeaderElection.java:237)
	at java.util.concurrent.FutureTask.run(FutureTask.java:266)
	at java.util.concurrent.Executors$RunnableAdapter.call(Executors.java:511)
	at java.util.concurrent.FutureTask.run(FutureTask.java:266)
	at java.util.concurrent.ThreadPoolExecutor.runWorker(ThreadPoolExecutor.java:1149)
	at java.util.concurrent.ThreadPoolExecutor$Worker.run(ThreadPoolExecutor.java:624)
	... 1 more
Caused by: org.apache.ratis.thirdparty.io.netty.channel.AbstractChannel$AnnotatedConnectException: Connection refused: /192.168.5.175:35523
	at sun.nio.ch.SocketChannelImpl.checkConnect(Native Method)
	at sun.nio.ch.SocketChannelImpl.finishConnect(SocketChannelImpl.java:717)
	at org.apache.ratis.thirdparty.io.netty.channel.socket.nio.NioSocketChannel.doFinishConnect(NioSocketChannel.java:327)
	at org.apache.ratis.thirdparty.io.netty.channel.nio.AbstractNioChannel$AbstractNioUnsafe.finishConnect(AbstractNioChannel.java:340)
	at org.apache.ratis.thirdparty.io.netty.channel.nio.NioEventLoop.processSelectedKey(NioEventLoop.java:632)
	at org.apache.ratis.thirdparty.io.netty.channel.nio.NioEventLoop.processSelectedKeysOptimized(NioEventLoop.java:579)
	at org.apache.ratis.thirdparty.io.netty.channel.nio.NioEventLoop.processSelectedKeys(NioEventLoop.java:496)
	at org.apache.ratis.thirdparty.io.netty.channel.nio.NioEventLoop.run(NioEventLoop.java:458)
	at org.apache.ratis.thirdparty.io.netty.util.concurrent.SingleThreadEventExecutor$5.run(SingleThreadEventExecutor.java:897)
	at org.apache.ratis.thirdparty.io.netty.util.concurrent.FastThreadLocalRunnable.run(FastThreadLocalRunnable.java:30)
	... 1 more
Caused by: java.net.ConnectException: Connection refused
	... 11 more
2019-08-20 15:32:39,701 INFO  impl.LeaderElection (LeaderElection.java:logAndReturn(56)) - 0737f457-24f0-4bf4-893e-7f10574b9869:group-67E3133C841A:LeaderElection12: Election REJECTED; received 0 response(s) [] and 2 exception(s); 0737f457-24f0-4bf4-893e-7f10574b9869:t2, leader=null, voted=0737f457-24f0-4bf4-893e-7f10574b9869, raftlog=0737f457-24f0-4bf4-893e-7f10574b9869-SegmentedRaftLog:OPENED:c16,f16,i16, conf=0: [add14dfc-372b-471a-b721-7c60032bca35:192.168.5.175:42877, 355e8bf2-f896-46b6-975e-86d7b5057142:192.168.5.175:35523, 0737f457-24f0-4bf4-893e-7f10574b9869:192.168.5.175:33459], old=null
2019-08-20 15:32:39,702 INFO  impl.LeaderElection (LogUtils.java:infoOrTrace(149)) -   Exception 0: {}
java.util.concurrent.ExecutionException: org.apache.ratis.thirdparty.io.grpc.StatusRuntimeException: UNAVAILABLE: io exception
	at java.util.concurrent.FutureTask.report(FutureTask.java:122)
	at java.util.concurrent.FutureTask.get(FutureTask.java:192)
	at org.apache.ratis.server.impl.LeaderElection.waitForResults(LeaderElection.java:262)
	at org.apache.ratis.server.impl.LeaderElection.askForVotes(LeaderElection.java:200)
	at org.apache.ratis.server.impl.LeaderElection.run(LeaderElection.java:130)
	at java.lang.Thread.run(Thread.java:748)
Caused by: org.apache.ratis.thirdparty.io.grpc.StatusRuntimeException: UNAVAILABLE: io exception
	at org.apache.ratis.thirdparty.io.grpc.stub.ClientCalls.toStatusRuntimeException(ClientCalls.java:233)
	at org.apache.ratis.thirdparty.io.grpc.stub.ClientCalls.getUnchecked(ClientCalls.java:214)
	at org.apache.ratis.thirdparty.io.grpc.stub.ClientCalls.blockingUnaryCall(ClientCalls.java:139)
	at org.apache.ratis.proto.grpc.RaftServerProtocolServiceGrpc$RaftServerProtocolServiceBlockingStub.requestVote(RaftServerProtocolServiceGrpc.java:265)
	at org.apache.ratis.grpc.server.GrpcServerProtocolClient.requestVote(GrpcServerProtocolClient.java:83)
	at org.apache.ratis.grpc.server.GrpcService.requestVote(GrpcService.java:195)
	at org.apache.ratis.server.impl.LeaderElection.lambda$submitRequests$1(LeaderElection.java:237)
	at java.util.concurrent.FutureTask.run(FutureTask.java:266)
	at java.util.concurrent.Executors$RunnableAdapter.call(Executors.java:511)
	at java.util.concurrent.FutureTask.run(FutureTask.java:266)
	at java.util.concurrent.ThreadPoolExecutor.runWorker(ThreadPoolExecutor.java:1149)
	at java.util.concurrent.ThreadPoolExecutor$Worker.run(ThreadPoolExecutor.java:624)
	... 1 more
Caused by: org.apache.ratis.thirdparty.io.netty.channel.AbstractChannel$AnnotatedConnectException: Connection refused: /192.168.5.175:42877
	at sun.nio.ch.SocketChannelImpl.checkConnect(Native Method)
	at sun.nio.ch.SocketChannelImpl.finishConnect(SocketChannelImpl.java:717)
	at org.apache.ratis.thirdparty.io.netty.channel.socket.nio.NioSocketChannel.doFinishConnect(NioSocketChannel.java:327)
	at org.apache.ratis.thirdparty.io.netty.channel.nio.AbstractNioChannel$AbstractNioUnsafe.finishConnect(AbstractNioChannel.java:340)
	at org.apache.ratis.thirdparty.io.netty.channel.nio.NioEventLoop.processSelectedKey(NioEventLoop.java:632)
	at org.apache.ratis.thirdparty.io.netty.channel.nio.NioEventLoop.processSelectedKeysOptimized(NioEventLoop.java:579)
	at org.apache.ratis.thirdparty.io.netty.channel.nio.NioEventLoop.processSelectedKeys(NioEventLoop.java:496)
	at org.apache.ratis.thirdparty.io.netty.channel.nio.NioEventLoop.run(NioEventLoop.java:458)
	at org.apache.ratis.thirdparty.io.netty.util.concurrent.SingleThreadEventExecutor$5.run(SingleThreadEventExecutor.java:897)
	at org.apache.ratis.thirdparty.io.netty.util.concurrent.FastThreadLocalRunnable.run(FastThreadLocalRunnable.java:30)
	... 1 more
Caused by: java.net.ConnectException: Connection refused
	... 11 more
2019-08-20 15:32:39,703 INFO  impl.LeaderElection (LogUtils.java:infoOrTrace(149)) -   Exception 1: {}
java.util.concurrent.ExecutionException: org.apache.ratis.thirdparty.io.grpc.StatusRuntimeException: UNAVAILABLE: io exception
	at java.util.concurrent.FutureTask.report(FutureTask.java:122)
	at java.util.concurrent.FutureTask.get(FutureTask.java:192)
	at org.apache.ratis.server.impl.LeaderElection.waitForResults(LeaderElection.java:262)
	at org.apache.ratis.server.impl.LeaderElection.askForVotes(LeaderElection.java:200)
	at org.apache.ratis.server.impl.LeaderElection.run(LeaderElection.java:130)
	at java.lang.Thread.run(Thread.java:748)
Caused by: org.apache.ratis.thirdparty.io.grpc.StatusRuntimeException: UNAVAILABLE: io exception
	at org.apache.ratis.thirdparty.io.grpc.stub.ClientCalls.toStatusRuntimeException(ClientCalls.java:233)
	at org.apache.ratis.thirdparty.io.grpc.stub.ClientCalls.getUnchecked(ClientCalls.java:214)
	at org.apache.ratis.thirdparty.io.grpc.stub.ClientCalls.blockingUnaryCall(ClientCalls.java:139)
	at org.apache.ratis.proto.grpc.RaftServerProtocolServiceGrpc$RaftServerProtocolServiceBlockingStub.requestVote(RaftServerProtocolServiceGrpc.java:265)
	at org.apache.ratis.grpc.server.GrpcServerProtocolClient.requestVote(GrpcServerProtocolClient.java:83)
	at org.apache.ratis.grpc.server.GrpcService.requestVote(GrpcService.java:195)
	at org.apache.ratis.server.impl.LeaderElection.lambda$submitRequests$1(LeaderElection.java:237)
	at java.util.concurrent.FutureTask.run(FutureTask.java:266)
	at java.util.concurrent.Executors$RunnableAdapter.call(Executors.java:511)
	at java.util.concurrent.FutureTask.run(FutureTask.java:266)
	at java.util.concurrent.ThreadPoolExecutor.runWorker(ThreadPoolExecutor.java:1149)
	at java.util.concurrent.ThreadPoolExecutor$Worker.run(ThreadPoolExecutor.java:624)
	... 1 more
Caused by: org.apache.ratis.thirdparty.io.netty.channel.AbstractChannel$AnnotatedConnectException: Connection refused: /192.168.5.175:35523
	at sun.nio.ch.SocketChannelImpl.checkConnect(Native Method)
	at sun.nio.ch.SocketChannelImpl.finishConnect(SocketChannelImpl.java:717)
	at org.apache.ratis.thirdparty.io.netty.channel.socket.nio.NioSocketChannel.doFinishConnect(NioSocketChannel.java:327)
	at org.apache.ratis.thirdparty.io.netty.channel.nio.AbstractNioChannel$AbstractNioUnsafe.finishConnect(AbstractNioChannel.java:340)
	at org.apache.ratis.thirdparty.io.netty.channel.nio.NioEventLoop.processSelectedKey(NioEventLoop.java:632)
	at org.apache.ratis.thirdparty.io.netty.channel.nio.NioEventLoop.processSelectedKeysOptimized(NioEventLoop.java:579)
	at org.apache.ratis.thirdparty.io.netty.channel.nio.NioEventLoop.processSelectedKeys(NioEventLoop.java:496)
	at org.apache.ratis.thirdparty.io.netty.channel.nio.NioEventLoop.run(NioEventLoop.java:458)
	at org.apache.ratis.thirdparty.io.netty.util.concurrent.SingleThreadEventExecutor$5.run(SingleThreadEventExecutor.java:897)
	at org.apache.ratis.thirdparty.io.netty.util.concurrent.FastThreadLocalRunnable.run(FastThreadLocalRunnable.java:30)
	... 1 more
Caused by: java.net.ConnectException: Connection refused
	... 11 more
2019-08-20 15:32:39,704 INFO  impl.RaftServerImpl (RaftServerImpl.java:setRole(171)) - 0737f457-24f0-4bf4-893e-7f10574b9869:group-67E3133C841A changes role from CANDIDATE to FOLLOWER at term 2 for DISCOVERED_A_NEW_TERM
2019-08-20 15:32:39,705 INFO  impl.RoleInfo (RoleInfo.java:shutdownLeaderElection(134)) - 0737f457-24f0-4bf4-893e-7f10574b9869: shutdown LeaderElection
2019-08-20 15:32:39,705 INFO  impl.RoleInfo (RoleInfo.java:updateAndGet(143)) - 0737f457-24f0-4bf4-893e-7f10574b9869: start FollowerState
2019-08-20 15:32:40,682 INFO  node.StaleNodeHandler (StaleNodeHandler.java:onMessage(58)) - Datanode 0737f457-24f0-4bf4-893e-7f10574b9869{ip: 192.168.5.175, host: pr-hdds-1879-mp8vb-189615265, networkLocation: /default-rack, certSerialId: null} moved to stale state. Finalizing its pipelines [PipelineID=c0fd81d3-3f56-4584-854d-67e3133c841a, PipelineID=bafc8f57-41d9-455d-bc5d-ffcecf4ccd4d]
2019-08-20 15:32:40,683 INFO  pipeline.SCMPipelineManager (SCMPipelineManager.java:finalizeAndDestroyPipeline(309)) - destroying pipeline:Pipeline[ Id: c0fd81d3-3f56-4584-854d-67e3133c841a, Nodes: 355e8bf2-f896-46b6-975e-86d7b5057142{ip: 192.168.5.175, host: pr-hdds-1879-mp8vb-189615265, networkLocation: /default-rack, certSerialId: null}add14dfc-372b-471a-b721-7c60032bca35{ip: 192.168.5.175, host: pr-hdds-1879-mp8vb-189615265, networkLocation: /default-rack, certSerialId: null}0737f457-24f0-4bf4-893e-7f10574b9869{ip: 192.168.5.175, host: pr-hdds-1879-mp8vb-189615265, networkLocation: /default-rack, certSerialId: null}, Type:RATIS, Factor:THREE, State:CLOSED]
2019-08-20 15:32:40,683 INFO  pipeline.SCMPipelineManager (SCMPipelineManager.java:finalizeAndDestroyPipeline(309)) - destroying pipeline:Pipeline[ Id: bafc8f57-41d9-455d-bc5d-ffcecf4ccd4d, Nodes: 0737f457-24f0-4bf4-893e-7f10574b9869{ip: 192.168.5.175, host: pr-hdds-1879-mp8vb-189615265, networkLocation: /default-rack, certSerialId: null}, Type:RATIS, Factor:ONE, State:OPEN]
2019-08-20 15:32:40,683 INFO  pipeline.PipelineStateManager (PipelineStateManager.java:finalizePipeline(123)) - Pipeline Pipeline[ Id: bafc8f57-41d9-455d-bc5d-ffcecf4ccd4d, Nodes: 0737f457-24f0-4bf4-893e-7f10574b9869{ip: 192.168.5.175, host: pr-hdds-1879-mp8vb-189615265, networkLocation: /default-rack, certSerialId: null}, Type:RATIS, Factor:ONE, State:CLOSED] moved to CLOSED state
2019-08-20 15:32:41,016 INFO  ozoneimpl.OzoneContainer (OzoneContainer.java:stop(199)) - Attempting to stop container services.
2019-08-20 15:32:41,017 INFO  impl.RaftServerProxy (RaftServerProxy.java:lambda$close$4(314)) - 0737f457-24f0-4bf4-893e-7f10574b9869: close
2019-08-20 15:32:41,017 INFO  impl.RaftServerImpl (RaftServerImpl.java:lambda$shutdown$3(245)) - 0737f457-24f0-4bf4-893e-7f10574b9869: shutdown group-67E3133C841A
2019-08-20 15:32:41,018 INFO  util.JmxRegister (JmxRegister.java:unregister(73)) - Successfully un-registered JMX Bean with object name Ratis:service=RaftServer,group=group-67E3133C841A,id=0737f457-24f0-4bf4-893e-7f10574b9869
2019-08-20 15:32:41,018 INFO  impl.RoleInfo (RoleInfo.java:shutdownFollowerState(121)) - 0737f457-24f0-4bf4-893e-7f10574b9869: shutdown FollowerState
2019-08-20 15:32:41,018 INFO  impl.StateMachineUpdater (StateMachineUpdater.java:stopAndJoin(115)) - StateMachineUpdater:0737f457-24f0-4bf4-893e-7f10574b9869:group-67E3133C841A: set stopIndex = 16
2019-08-20 15:32:41,018 INFO  impl.FollowerState (FollowerState.java:run(114)) - 0737f457-24f0-4bf4-893e-7f10574b9869: FollowerState was interrupted: java.lang.InterruptedException: sleep interrupted
2019-08-20 15:32:41,018 INFO  ratis.ContainerStateMachine (ContainerStateMachine.java:takeSnapshot(272)) - group-67E3133C841A: Taking a snapshot at:(t:1, i:14) file /workdir/hadoop-ozone/integration-test/target/test-dir/MiniOzoneClusterImpl-4e28bd16-aa40-4c06-8f2f-cbc92a7b77d1/datanode-5/data/ratis/c0fd81d3-3f56-4584-854d-67e3133c841a/sm/snapshot.1_14
2019-08-20 15:32:41,063 INFO  ratis.ContainerStateMachine (ContainerStateMachine.java:takeSnapshot(283)) - group-67E3133C841A: Finished taking a snapshot at:(t:1, i:14) file:/workdir/hadoop-ozone/integration-test/target/test-dir/MiniOzoneClusterImpl-4e28bd16-aa40-4c06-8f2f-cbc92a7b77d1/datanode-5/data/ratis/c0fd81d3-3f56-4584-854d-67e3133c841a/sm/snapshot.1_14 time:45
2019-08-20 15:32:41,063 INFO  impl.StateMachineUpdater (StateMachineUpdater.java:takeSnapshot(242)) - StateMachineUpdater:0737f457-24f0-4bf4-893e-7f10574b9869:group-67E3133C841A: Took a snapshot at index 14
2019-08-20 15:32:41,063 INFO  impl.StateMachineUpdater (StateMachineUpdater.java:lambda$new$0(80)) - StateMachineUpdater:0737f457-24f0-4bf4-893e-7f10574b9869:group-67E3133C841A: snapshotIndex: updateIncreasingly -1 -> 14
2019-08-20 15:32:41,064 INFO  impl.RaftServerImpl (ServerState.java:close(394)) - 0737f457-24f0-4bf4-893e-7f10574b9869:group-67E3133C841A closes. The last applied log index is 16
2019-08-20 15:32:41,064 INFO  segmented.SegmentedRaftLogWorker (SegmentedRaftLogWorker.java:run(313)) - 0737f457-24f0-4bf4-893e-7f10574b9869-SegmentedRaftLogWorker:Storage Directory /workdir/hadoop-ozone/integration-test/target/test-dir/MiniOzoneClusterImpl-4e28bd16-aa40-4c06-8f2f-cbc92a7b77d1/datanode-5/data/ratis/c0fd81d3-3f56-4584-854d-67e3133c841a was interrupted, exiting. There are 0 tasks remaining in the queue.
2019-08-20 15:32:41,065 INFO  segmented.SegmentedRaftLogWorker (SegmentedRaftLogWorker.java:close(228)) - 0737f457-24f0-4bf4-893e-7f10574b9869-SegmentedRaftLogWorker:Storage Directory /workdir/hadoop-ozone/integration-test/target/test-dir/MiniOzoneClusterImpl-4e28bd16-aa40-4c06-8f2f-cbc92a7b77d1/datanode-5/data/ratis/c0fd81d3-3f56-4584-854d-67e3133c841a close()
2019-08-20 15:32:41,066 INFO  impl.RaftServerImpl (RaftServerImpl.java:lambda$shutdown$3(245)) - 0737f457-24f0-4bf4-893e-7f10574b9869: shutdown group-FFCECF4CCD4D
2019-08-20 15:32:41,067 INFO  util.JmxRegister (JmxRegister.java:unregister(73)) - Successfully un-registered JMX Bean with object name Ratis:service=RaftServer,group=group-FFCECF4CCD4D,id=0737f457-24f0-4bf4-893e-7f10574b9869
2019-08-20 15:32:41,067 INFO  impl.RoleInfo (RoleInfo.java:shutdownLeaderState(104)) - 0737f457-24f0-4bf4-893e-7f10574b9869: shutdown LeaderState
2019-08-20 15:32:41,067 INFO  impl.PendingRequests (PendingRequests.java:sendNotLeaderResponses(202)) - 0737f457-24f0-4bf4-893e-7f10574b9869-PendingRequests: sendNotLeaderResponses
2019-08-20 15:32:41,068 INFO  impl.StateMachineUpdater (StateMachineUpdater.java:stopAndJoin(115)) - StateMachineUpdater:0737f457-24f0-4bf4-893e-7f10574b9869:group-FFCECF4CCD4D: set stopIndex = 0
2019-08-20 15:32:41,068 INFO  impl.RaftServerImpl (ServerState.java:close(394)) - 0737f457-24f0-4bf4-893e-7f10574b9869:group-FFCECF4CCD4D closes. The last applied log index is 0
2019-08-20 15:32:41,068 INFO  segmented.SegmentedRaftLogWorker (SegmentedRaftLogWorker.java:run(313)) - 0737f457-24f0-4bf4-893e-7f10574b9869-SegmentedRaftLogWorker:Storage Directory /workdir/hadoop-ozone/integration-test/target/test-dir/MiniOzoneClusterImpl-4e28bd16-aa40-4c06-8f2f-cbc92a7b77d1/datanode-5/data/ratis/bafc8f57-41d9-455d-bc5d-ffcecf4ccd4d was interrupted, exiting. There are 0 tasks remaining in the queue.
2019-08-20 15:32:41,069 INFO  segmented.SegmentedRaftLogWorker (SegmentedRaftLogWorker.java:close(228)) - 0737f457-24f0-4bf4-893e-7f10574b9869-SegmentedRaftLogWorker:Storage Directory /workdir/hadoop-ozone/integration-test/target/test-dir/MiniOzoneClusterImpl-4e28bd16-aa40-4c06-8f2f-cbc92a7b77d1/datanode-5/data/ratis/bafc8f57-41d9-455d-bc5d-ffcecf4ccd4d close()
2019-08-20 15:32:41,070 INFO  server.GrpcService (GrpcService.java:closeImpl(155)) - 0737f457-24f0-4bf4-893e-7f10574b9869: shutdown server with port 33459 now
2019-08-20 15:32:41,072 INFO  server.GrpcService (GrpcService.java:closeImpl(163)) - 0737f457-24f0-4bf4-893e-7f10574b9869: shutdown server with port 33459 successfully
2019-08-20 15:32:41,078 INFO  utils.BackgroundService (BackgroundService.java:shutdown(148)) - Shutting down service BlockDeletingService
2019-08-20 15:32:41,082 WARN  fs.CachingGetSpaceUsed (CachingGetSpaceUsed.java:run(183)) - Thread Interrupted waiting to refresh disk information: sleep interrupted
2019-08-20 15:32:41,103 INFO  statemachine.DatanodeStateMachine (DatanodeStateMachine.java:stopDaemon(395)) - Ozone container server stopped.
2019-08-20 15:32:41,108 INFO  handler.ContextHandler (ContextHandler.java:doStop(910)) - Stopped o.e.j.w.WebAppContext@1ecf0ac6{/,null,UNAVAILABLE}{/hddsDatanode}
2019-08-20 15:32:41,109 INFO  server.AbstractConnector (AbstractConnector.java:doStop(318)) - Stopped ServerConnector@458031da{HTTP/1.1,[http/1.1]}{0.0.0.0:0}
2019-08-20 15:32:41,110 INFO  handler.ContextHandler (ContextHandler.java:doStop(910)) - Stopped o.e.j.s.ServletContextHandler@19a5b637{/static,jar:file:/home/user/.m2/repository/org/apache/hadoop/hadoop-hdds-container-service/0.5.0-SNAPSHOT/hadoop-hdds-container-service-0.5.0-SNAPSHOT.jar!/webapps/static,UNAVAILABLE}
2019-08-20 15:32:41,112 INFO  handler.ContextHandler (ContextHandler.java:doStop(910)) - Stopped o.e.j.s.ServletContextHandler@70be89ec{/logs,file:///workdir/hadoop-ozone/integration-test/target/log,UNAVAILABLE}
2019-08-20 15:32:41,113 INFO  ozone.MiniOzoneClusterImpl (MiniOzoneClusterImpl.java:stop(353)) - Stopping the StorageContainerManager
2019-08-20 15:32:41,113 INFO  server.StorageContainerManager (StorageContainerManager.java:stop(796)) - Stopping Replication Manager Service.
2019-08-20 15:32:41,114 INFO  container.ReplicationManager (ReplicationManager.java:stop(187)) - Stopping Replication Monitor Thread.
2019-08-20 15:32:41,114 INFO  server.StorageContainerManager (StorageContainerManager.java:stop(803)) - Stopping Lease Manager of the command watchers
2019-08-20 15:32:41,114 INFO  server.StorageContainerManager (StorageContainerManager.java:stop(810)) - Stopping datanode service RPC server
2019-08-20 15:32:41,114 INFO  server.SCMDatanodeProtocolServer (SCMDatanodeProtocolServer.java:stop(367)) - Stopping the RPC server for DataNodes
2019-08-20 15:32:41,115 INFO  ipc.Server (Server.java:stop(3082)) - Stopping server on 39310
2019-08-20 15:32:41,117 INFO  ipc.Server (Server.java:run(1319)) - Stopping IPC Server Responder
2019-08-20 15:32:41,117 INFO  ipc.Server (Server.java:run(1185)) - Stopping IPC Server listener on 39310
2019-08-20 15:32:41,183 WARN  node.NodeStateManager (NodeStateManager.java:scheduleNextHealthCheck(631)) - Current Thread is interrupted, shutting down HB processing thread for Node Manager.
2019-08-20 15:32:41,183 INFO  server.StorageContainerManager (StorageContainerManager.java:stop(818)) - Stopping block service RPC server
2019-08-20 15:32:41,184 INFO  server.SCMBlockProtocolServer (SCMBlockProtocolServer.java:stop(148)) - Stopping the RPC server for Block Protocol
2019-08-20 15:32:41,184 INFO  ipc.Server (Server.java:stop(3082)) - Stopping server on 46567
2019-08-20 15:32:41,185 INFO  server.StorageContainerManager (StorageContainerManager.java:stop(825)) - Stopping the StorageContainerLocationProtocol RPC server
2019-08-20 15:32:41,185 INFO  ipc.Server (Server.java:run(1185)) - Stopping IPC Server listener on 46567
2019-08-20 15:32:41,186 INFO  server.SCMClientProtocolServer (SCMClientProtocolServer.java:stop(159)) - Stopping the RPC server for Client Protocol
2019-08-20 15:32:41,187 INFO  ipc.Server (Server.java:stop(3082)) - Stopping server on 43602
2019-08-20 15:32:41,187 INFO  ipc.Server (Server.java:run(1319)) - Stopping IPC Server Responder
2019-08-20 15:32:41,189 INFO  ipc.Server (Server.java:run(1185)) - Stopping IPC Server listener on 43602
2019-08-20 15:32:41,189 INFO  server.StorageContainerManager (StorageContainerManager.java:stop(832)) - Stopping Storage Container Manager HTTP server.
2019-08-20 15:32:41,189 INFO  ipc.Server (Server.java:run(1319)) - Stopping IPC Server Responder
2019-08-20 15:32:41,190 INFO  handler.ContextHandler (ContextHandler.java:doStop(910)) - Stopped o.e.j.w.WebAppContext@72f46e16{/,null,UNAVAILABLE}{/scm}
2019-08-20 15:32:41,191 INFO  server.AbstractConnector (AbstractConnector.java:doStop(318)) - Stopped ServerConnector@77307458{HTTP/1.1,[http/1.1]}{0.0.0.0:0}
2019-08-20 15:32:41,192 INFO  handler.ContextHandler (ContextHandler.java:doStop(910)) - Stopped o.e.j.s.ServletContextHandler@222eb8aa{/static,file:///workdir/hadoop-ozone/integration-test/target/test-classes/webapps/static,UNAVAILABLE}
2019-08-20 15:32:41,192 INFO  handler.ContextHandler (ContextHandler.java:doStop(910)) - Stopped o.e.j.s.ServletContextHandler@495b0487{/logs,file:///workdir/hadoop-ozone/integration-test/target/log,UNAVAILABLE}
2019-08-20 15:32:41,194 INFO  server.StorageContainerManager (StorageContainerManager.java:stop(843)) - Stopping Block Manager Service.
2019-08-20 15:32:41,194 INFO  utils.BackgroundService (BackgroundService.java:shutdown(148)) - Shutting down service SCMBlockDeletingService
2019-08-20 15:32:41,195 INFO  utils.BackgroundService (BackgroundService.java:shutdown(148)) - Shutting down service SCMBlockDeletingService
2019-08-20 15:32:41,196 INFO  server.StorageContainerManager (StorageContainerManager.java:stop(865)) - Stopping SCM Event Queue.
2019-08-20 15:32:41,208 INFO  impl.MetricsSystemImpl (MetricsSystemImpl.java:stop(210)) - Stopping XceiverClientMetrics metrics system...
2019-08-20 15:32:41,216 INFO  impl.MetricsSystemImpl (MetricsSystemImpl.java:stop(216)) - XceiverClientMetrics metrics system stopped.
]]></system-out>
    <system-err><![CDATA[ERROR StatusLogger No Log4j 2 configuration file found. Using default configuration (logging only errors to the console), or user programmatically provided configurations. Set system property 'log4j2.debug' to show Log4j 2 internal initialization logging. See https://logging.apache.org/log4j/2.x/manual/configuration.html for instructions on how to configure Log4j 2
Aug 20, 2019 3:31:57 PM com.sun.jersey.server.impl.application.WebApplicationImpl _initiate
INFO: Initiating Jersey application, version 'Jersey: 1.19 02/11/2015 03:25 AM'
Aug 20, 2019 3:31:58 PM com.sun.jersey.server.impl.application.WebApplicationImpl _initiate
INFO: Initiating Jersey application, version 'Jersey: 1.19 02/11/2015 03:25 AM'
Aug 20, 2019 3:31:58 PM com.sun.jersey.server.impl.application.WebApplicationImpl _initiate
INFO: Initiating Jersey application, version 'Jersey: 1.19 02/11/2015 03:25 AM'
Aug 20, 2019 3:31:58 PM com.sun.jersey.server.impl.application.WebApplicationImpl _initiate
INFO: Initiating Jersey application, version 'Jersey: 1.19 02/11/2015 03:25 AM'
Aug 20, 2019 3:31:59 PM com.sun.jersey.server.impl.application.WebApplicationImpl _initiate
INFO: Initiating Jersey application, version 'Jersey: 1.19 02/11/2015 03:25 AM'
Aug 20, 2019 3:31:59 PM com.sun.jersey.server.impl.application.WebApplicationImpl _initiate
INFO: Initiating Jersey application, version 'Jersey: 1.19 02/11/2015 03:25 AM'
Aug 20, 2019 3:31:59 PM com.sun.jersey.server.impl.application.WebApplicationImpl _initiate
INFO: Initiating Jersey application, version 'Jersey: 1.19 02/11/2015 03:25 AM'
]]></system-err>
  </testcase>
  <testcase name="testDatanodeFailureWithPreAllocation" classname="org.apache.hadoop.ozone.client.rpc.TestBlockOutputStreamWithFailures" time="225.957"/>
  <testcase name="testDatanodeFailureWithSingleNodeRatis" classname="org.apache.hadoop.ozone.client.rpc.TestBlockOutputStreamWithFailures" time="224.952"/>
  <testcase name="testWatchForCommitWithSingleNodeRatis" classname="org.apache.hadoop.ozone.client.rpc.TestBlockOutputStreamWithFailures" time="35.803"/>
  <testcase name="testWatchForCommitDatanodeFailure" classname="org.apache.hadoop.ozone.client.rpc.TestBlockOutputStreamWithFailures" time="43.066">
    <failure message="expected:&lt;2&gt; but was:&lt;3&gt;" type="java.lang.AssertionError"><![CDATA[java.lang.AssertionError: expected:<2> but was:<3>
	at org.junit.Assert.fail(Assert.java:88)
	at org.junit.Assert.failNotEquals(Assert.java:743)
	at org.junit.Assert.assertEquals(Assert.java:118)
	at org.junit.Assert.assertEquals(Assert.java:555)
	at org.junit.Assert.assertEquals(Assert.java:542)
	at org.apache.hadoop.ozone.client.rpc.TestBlockOutputStreamWithFailures.testWatchForCommitDatanodeFailure(TestBlockOutputStreamWithFailures.java:366)
	at sun.reflect.NativeMethodAccessorImpl.invoke0(Native Method)
	at sun.reflect.NativeMethodAccessorImpl.invoke(NativeMethodAccessorImpl.java:62)
	at sun.reflect.DelegatingMethodAccessorImpl.invoke(DelegatingMethodAccessorImpl.java:43)
	at java.lang.reflect.Method.invoke(Method.java:498)
	at org.junit.runners.model.FrameworkMethod$1.runReflectiveCall(FrameworkMethod.java:47)
	at org.junit.internal.runners.model.ReflectiveCallable.run(ReflectiveCallable.java:12)
	at org.junit.runners.model.FrameworkMethod.invokeExplosively(FrameworkMethod.java:44)
	at org.junit.internal.runners.statements.InvokeMethod.evaluate(InvokeMethod.java:17)
	at org.junit.internal.runners.statements.RunBefores.evaluate(RunBefores.java:26)
	at org.junit.internal.runners.statements.RunAfters.evaluate(RunAfters.java:27)
	at org.junit.runners.ParentRunner.runLeaf(ParentRunner.java:271)
	at org.junit.runners.BlockJUnit4ClassRunner.runChild(BlockJUnit4ClassRunner.java:70)
	at org.junit.runners.BlockJUnit4ClassRunner.runChild(BlockJUnit4ClassRunner.java:50)
	at org.junit.runners.ParentRunner$3.run(ParentRunner.java:238)
	at org.junit.runners.ParentRunner$1.schedule(ParentRunner.java:63)
	at org.junit.runners.ParentRunner.runChildren(ParentRunner.java:236)
	at org.junit.runners.ParentRunner.access$000(ParentRunner.java:53)
	at org.junit.runners.ParentRunner$2.evaluate(ParentRunner.java:229)
	at org.junit.runners.ParentRunner.run(ParentRunner.java:309)
	at org.apache.maven.surefire.junit4.JUnit4Provider.execute(JUnit4Provider.java:365)
	at org.apache.maven.surefire.junit4.JUnit4Provider.executeWithRerun(JUnit4Provider.java:273)
	at org.apache.maven.surefire.junit4.JUnit4Provider.executeTestSet(JUnit4Provider.java:238)
	at org.apache.maven.surefire.junit4.JUnit4Provider.invoke(JUnit4Provider.java:159)
	at org.apache.maven.surefire.booter.ForkedBooter.invokeProviderInSameClassLoader(ForkedBooter.java:384)
	at org.apache.maven.surefire.booter.ForkedBooter.runSuitesInProcess(ForkedBooter.java:345)
	at org.apache.maven.surefire.booter.ForkedBooter.execute(ForkedBooter.java:126)
	at org.apache.maven.surefire.booter.ForkedBooter.main(ForkedBooter.java:418)
]]></failure>
    <system-out><![CDATA[2019-08-20 15:40:48,010 WARN  server.ServerUtils (ServerUtils.java:getScmDbDir(145)) - ozone.scm.db.dirs is not configured. We recommend adding this setting. Falling back to ozone.metadata.dirs instead.
2019-08-20 15:40:48,022 WARN  server.ServerUtils (ServerUtils.java:getScmDbDir(145)) - ozone.scm.db.dirs is not configured. We recommend adding this setting. Falling back to ozone.metadata.dirs instead.
2019-08-20 15:40:48,022 WARN  server.ServerUtils (ServerUtils.java:getScmDbDir(145)) - ozone.scm.db.dirs is not configured. We recommend adding this setting. Falling back to ozone.metadata.dirs instead.
2019-08-20 15:40:48,023 INFO  db.DBStoreBuilder (DBStoreBuilder.java:addTable(110)) - using custom profile for table: deletedBlocks
2019-08-20 15:40:48,023 INFO  db.DBStoreBuilder (DBStoreBuilder.java:processTables(161)) - Using default column profile:DBProfile.DISK for Table:deletedBlocks
2019-08-20 15:40:48,023 INFO  db.DBStoreBuilder (DBStoreBuilder.java:addTable(110)) - using custom profile for table: validCerts
2019-08-20 15:40:48,023 INFO  db.DBStoreBuilder (DBStoreBuilder.java:processTables(161)) - Using default column profile:DBProfile.DISK for Table:validCerts
2019-08-20 15:40:48,024 INFO  db.DBStoreBuilder (DBStoreBuilder.java:addTable(110)) - using custom profile for table: revokedCerts
2019-08-20 15:40:48,024 INFO  db.DBStoreBuilder (DBStoreBuilder.java:processTables(161)) - Using default column profile:DBProfile.DISK for Table:revokedCerts
2019-08-20 15:40:48,024 INFO  db.DBStoreBuilder (DBStoreBuilder.java:addTable(110)) - using custom profile for table: default
2019-08-20 15:40:48,025 INFO  db.DBStoreBuilder (DBStoreBuilder.java:processTables(167)) - Using default column profile:DBProfile.DISK for Table:default
2019-08-20 15:40:48,025 INFO  db.DBStoreBuilder (DBStoreBuilder.java:getDbProfile(198)) - Using default options. DBProfile.DISK
2019-08-20 15:40:48,177 INFO  net.NodeSchemaLoader (NodeSchemaLoader.java:loadSchemaFromFile(125)) - Loading file from sun.misc.CompoundEnumeration@5b395ee
2019-08-20 15:40:48,177 INFO  net.NodeSchemaLoader (NodeSchemaLoader.java:loadSchema(171)) - Loading network topology layer schema file
2019-08-20 15:40:48,183 INFO  node.SCMNodeManager (SCMNodeManager.java:<init>(121)) - Entering startup safe mode.
2019-08-20 15:40:48,184 WARN  server.ServerUtils (ServerUtils.java:getScmDbDir(145)) - ozone.scm.db.dirs is not configured. We recommend adding this setting. Falling back to ozone.metadata.dirs instead.
2019-08-20 15:40:48,235 INFO  pipeline.SCMPipelineManager (SCMPipelineManager.java:initializePipelineState(126)) - No pipeline exists in current db
2019-08-20 15:40:48,236 WARN  server.ServerUtils (ServerUtils.java:getScmDbDir(145)) - ozone.scm.db.dirs is not configured. We recommend adding this setting. Falling back to ozone.metadata.dirs instead.
2019-08-20 15:40:48,286 WARN  events.EventQueue (EventQueue.java:fireEvent(175)) - No event handler registered for event TypedEvent{payloadType=SafeModeStatus, name='SafeModeStatus'}
2019-08-20 15:40:48,287 INFO  ipc.CallQueueManager (CallQueueManager.java:<init>(84)) - Using callQueue: class java.util.concurrent.LinkedBlockingQueue, queueCapacity: 2000, scheduler: class org.apache.hadoop.ipc.DefaultRpcScheduler, ipcBackoff: false.
2019-08-20 15:40:48,288 INFO  ipc.Server (Server.java:run(1074)) - Starting Socket Reader #1 for port 34159
2019-08-20 15:40:48,290 INFO  ipc.CallQueueManager (CallQueueManager.java:<init>(84)) - Using callQueue: class java.util.concurrent.LinkedBlockingQueue, queueCapacity: 2000, scheduler: class org.apache.hadoop.ipc.DefaultRpcScheduler, ipcBackoff: false.
2019-08-20 15:40:48,291 INFO  ipc.Server (Server.java:run(1074)) - Starting Socket Reader #1 for port 45681
2019-08-20 15:40:48,292 INFO  ipc.CallQueueManager (CallQueueManager.java:<init>(84)) - Using callQueue: class java.util.concurrent.LinkedBlockingQueue, queueCapacity: 2000, scheduler: class org.apache.hadoop.ipc.DefaultRpcScheduler, ipcBackoff: false.
2019-08-20 15:40:48,293 INFO  ipc.Server (Server.java:run(1074)) - Starting Socket Reader #1 for port 37250
2019-08-20 15:40:48,296 INFO  hdfs.DFSUtil (DFSUtil.java:httpServerTemplateForNNAndJN(1641)) - Starting Web-server for scm at: http://0.0.0.0:0
2019-08-20 15:40:48,299 INFO  server.AuthenticationFilter (AuthenticationFilter.java:constructSecretProvider(240)) - Unable to initialize FileSignerSecretProvider, falling back to use random secrets.
2019-08-20 15:40:48,300 WARN  http.HttpRequestLog (HttpRequestLog.java:getRequestLog(97)) - Jetty request log can only be enabled using Log4j
2019-08-20 15:40:48,303 INFO  http.HttpServer2 (HttpServer2.java:addGlobalFilter(975)) - Added global filter 'safety' (class=org.apache.hadoop.http.HttpServer2$QuotingInputFilter)
2019-08-20 15:40:48,303 INFO  http.HttpServer2 (HttpServer2.java:addFilter(948)) - Added filter static_user_filter (class=org.apache.hadoop.http.lib.StaticUserWebFilter$StaticUserFilter) to context scm
2019-08-20 15:40:48,304 INFO  http.HttpServer2 (HttpServer2.java:addFilter(958)) - Added filter static_user_filter (class=org.apache.hadoop.http.lib.StaticUserWebFilter$StaticUserFilter) to context static
2019-08-20 15:40:48,304 INFO  http.HttpServer2 (HttpServer2.java:addFilter(958)) - Added filter static_user_filter (class=org.apache.hadoop.http.lib.StaticUserWebFilter$StaticUserFilter) to context logs
2019-08-20 15:40:48,306 INFO  server.StorageContainerManager (StorageContainerManager.java:start(758)) - StorageContainerLocationProtocol RPC server is listening at /0.0.0.0:37250
2019-08-20 15:40:48,309 WARN  impl.MetricsConfig (MetricsConfig.java:loadFirst(134)) - Cannot locate configuration: tried hadoop-metrics2-storagecontainermanager.properties,hadoop-metrics2.properties
2019-08-20 15:40:48,311 INFO  impl.MetricsSystemImpl (MetricsSystemImpl.java:startTimer(374)) - Scheduled Metric snapshot period at 10 second(s).
2019-08-20 15:40:48,311 INFO  impl.MetricsSystemImpl (MetricsSystemImpl.java:start(191)) - StorageContainerManager metrics system started
2019-08-20 15:40:48,396 INFO  server.SCMClientProtocolServer (SCMClientProtocolServer.java:start(151)) - RPC server for Client  is listening at /0.0.0.0:37250
2019-08-20 15:40:48,396 INFO  ipc.Server (Server.java:run(1153)) - IPC Server listener on 37250: starting
2019-08-20 15:40:48,396 INFO  ipc.Server (Server.java:run(1314)) - IPC Server Responder: starting
2019-08-20 15:40:48,399 INFO  server.StorageContainerManager (StorageContainerManager.java:start(768)) - ScmBlockLocationProtocol RPC server is listening at /0.0.0.0:45681
2019-08-20 15:40:48,399 INFO  server.SCMBlockProtocolServer (SCMBlockProtocolServer.java:start(140)) - RPC server for Block Protocol is listening at /0.0.0.0:45681
2019-08-20 15:40:48,399 INFO  ipc.Server (Server.java:run(1314)) - IPC Server Responder: starting
2019-08-20 15:40:48,399 INFO  ipc.Server (Server.java:run(1153)) - IPC Server listener on 45681: starting
2019-08-20 15:40:48,402 INFO  server.StorageContainerManager (StorageContainerManager.java:start(772)) - ScmDatanodeProtocl RPC server is listening at /0.0.0.0:34159
2019-08-20 15:40:48,402 INFO  server.SCMDatanodeProtocolServer (SCMDatanodeProtocolServer.java:start(191)) - RPC server for DataNodes is listening at /0.0.0.0:34159
2019-08-20 15:40:48,402 INFO  ipc.Server (Server.java:run(1314)) - IPC Server Responder: starting
2019-08-20 15:40:48,402 INFO  ipc.Server (Server.java:run(1153)) - IPC Server listener on 34159: starting
2019-08-20 15:40:48,405 INFO  http.HttpServer2 (HttpServer2.java:bindListener(1191)) - Jetty bound to port 35881
2019-08-20 15:40:48,405 INFO  server.Server (Server.java:doStart(351)) - jetty-9.3.24.v20180605, build timestamp: 2018-06-05T17:11:56Z, git hash: 84205aa28f11a4f31f2a3b86d1bba2cc8ab69827
2019-08-20 15:40:48,406 INFO  handler.ContextHandler (ContextHandler.java:doStart(781)) - Started o.e.j.s.ServletContextHandler@33319df0{/logs,file:///workdir/hadoop-ozone/integration-test/target/log,AVAILABLE}
2019-08-20 15:40:48,407 INFO  handler.ContextHandler (ContextHandler.java:doStart(781)) - Started o.e.j.s.ServletContextHandler@7d453075{/static,file:///workdir/hadoop-ozone/integration-test/target/test-classes/webapps/static,AVAILABLE}
2019-08-20 15:40:48,410 INFO  handler.ContextHandler (ContextHandler.java:doStart(781)) - Started o.e.j.w.WebAppContext@6c96dc5c{/,file:///workdir/hadoop-ozone/integration-test/target/test-classes/webapps/scm/,AVAILABLE}{/scm}
2019-08-20 15:40:48,411 INFO  server.AbstractConnector (AbstractConnector.java:doStart(278)) - Started ServerConnector@61b6f287{HTTP/1.1,[http/1.1]}{0.0.0.0:35881}
2019-08-20 15:40:48,411 INFO  server.Server (Server.java:doStart(419)) - Started @536265ms
2019-08-20 15:40:48,412 INFO  server.BaseHttpServer (BaseHttpServer.java:updateConnectorAddress(213)) - HTTP server of SCM is listening at http://0.0.0.0:35881
2019-08-20 15:40:48,413 WARN  server.ServerUtils (ServerUtils.java:getDBPath(222)) - ozone.om.db.dirs is not configured. We recommend adding this setting. Falling back to ozone.metadata.dirs instead.
2019-08-20 15:40:48,413 INFO  util.JvmPauseMonitor (JvmPauseMonitor.java:run(188)) - Starting JVM pause monitor
2019-08-20 15:40:48,427 WARN  server.ServerUtils (ServerUtils.java:getDBPath(222)) - ozone.om.db.dirs is not configured. We recommend adding this setting. Falling back to ozone.metadata.dirs instead.
2019-08-20 15:40:48,427 WARN  server.ServerUtils (ServerUtils.java:getDBPath(222)) - ozone.om.db.dirs is not configured. We recommend adding this setting. Falling back to ozone.metadata.dirs instead.
2019-08-20 15:40:48,427 INFO  om.OzoneManager (OzoneManager.java:setOMNodeDetails(647)) - OM Service ID is not set. Setting it to the default ID: omServiceIdDefault
2019-08-20 15:40:48,428 INFO  om.OzoneManager (OzoneManager.java:setOMNodeDetails(653)) - OM Node ID is not set. Setting it to the OmStorage's OmID: aaba63f9-525c-402f-9a81-480da2e28868
2019-08-20 15:40:48,428 INFO  om.OzoneManager (OzoneManager.java:loadOMHAConfigs(604)) - Found matching OM address with OMServiceId: null, OMNodeId: null, RPC Address: localhost:0 and Ratis port: 9872
2019-08-20 15:40:48,433 WARN  server.ServerUtils (ServerUtils.java:getDBPath(222)) - ozone.om.db.dirs is not configured. We recommend adding this setting. Falling back to ozone.metadata.dirs instead.
2019-08-20 15:40:48,433 INFO  db.DBStoreBuilder (DBStoreBuilder.java:addTable(110)) - using custom profile for table: userTable
2019-08-20 15:40:48,433 INFO  db.DBStoreBuilder (DBStoreBuilder.java:processTables(161)) - Using default column profile:DBProfile.DISK for Table:userTable
2019-08-20 15:40:48,434 INFO  db.DBStoreBuilder (DBStoreBuilder.java:addTable(110)) - using custom profile for table: volumeTable
2019-08-20 15:40:48,434 INFO  db.DBStoreBuilder (DBStoreBuilder.java:processTables(161)) - Using default column profile:DBProfile.DISK for Table:volumeTable
2019-08-20 15:40:48,434 INFO  db.DBStoreBuilder (DBStoreBuilder.java:addTable(110)) - using custom profile for table: bucketTable
2019-08-20 15:40:48,434 INFO  db.DBStoreBuilder (DBStoreBuilder.java:processTables(161)) - Using default column profile:DBProfile.DISK for Table:bucketTable
2019-08-20 15:40:48,434 INFO  db.DBStoreBuilder (DBStoreBuilder.java:addTable(110)) - using custom profile for table: keyTable
2019-08-20 15:40:48,434 INFO  db.DBStoreBuilder (DBStoreBuilder.java:processTables(161)) - Using default column profile:DBProfile.DISK for Table:keyTable
2019-08-20 15:40:48,435 INFO  db.DBStoreBuilder (DBStoreBuilder.java:addTable(110)) - using custom profile for table: deletedTable
2019-08-20 15:40:48,435 INFO  db.DBStoreBuilder (DBStoreBuilder.java:processTables(161)) - Using default column profile:DBProfile.DISK for Table:deletedTable
2019-08-20 15:40:48,435 INFO  db.DBStoreBuilder (DBStoreBuilder.java:addTable(110)) - using custom profile for table: openKeyTable
2019-08-20 15:40:48,435 INFO  db.DBStoreBuilder (DBStoreBuilder.java:processTables(161)) - Using default column profile:DBProfile.DISK for Table:openKeyTable
2019-08-20 15:40:48,435 INFO  db.DBStoreBuilder (DBStoreBuilder.java:addTable(110)) - using custom profile for table: s3Table
2019-08-20 15:40:48,435 INFO  db.DBStoreBuilder (DBStoreBuilder.java:processTables(161)) - Using default column profile:DBProfile.DISK for Table:s3Table
2019-08-20 15:40:48,435 INFO  db.DBStoreBuilder (DBStoreBuilder.java:addTable(110)) - using custom profile for table: multipartInfoTable
2019-08-20 15:40:48,436 INFO  db.DBStoreBuilder (DBStoreBuilder.java:processTables(161)) - Using default column profile:DBProfile.DISK for Table:multipartInfoTable
2019-08-20 15:40:48,436 INFO  db.DBStoreBuilder (DBStoreBuilder.java:addTable(110)) - using custom profile for table: dTokenTable
2019-08-20 15:40:48,436 INFO  db.DBStoreBuilder (DBStoreBuilder.java:processTables(161)) - Using default column profile:DBProfile.DISK for Table:dTokenTable
2019-08-20 15:40:48,436 INFO  db.DBStoreBuilder (DBStoreBuilder.java:addTable(110)) - using custom profile for table: s3SecretTable
2019-08-20 15:40:48,436 INFO  db.DBStoreBuilder (DBStoreBuilder.java:processTables(161)) - Using default column profile:DBProfile.DISK for Table:s3SecretTable
2019-08-20 15:40:48,436 INFO  db.DBStoreBuilder (DBStoreBuilder.java:addTable(110)) - using custom profile for table: prefixTable
2019-08-20 15:40:48,436 INFO  db.DBStoreBuilder (DBStoreBuilder.java:processTables(161)) - Using default column profile:DBProfile.DISK for Table:prefixTable
2019-08-20 15:40:48,437 INFO  db.DBStoreBuilder (DBStoreBuilder.java:addTable(110)) - using custom profile for table: default
2019-08-20 15:40:48,437 INFO  db.DBStoreBuilder (DBStoreBuilder.java:processTables(167)) - Using default column profile:DBProfile.DISK for Table:default
2019-08-20 15:40:48,437 INFO  db.DBStoreBuilder (DBStoreBuilder.java:getDbProfile(198)) - Using default options. DBProfile.DISK
2019-08-20 15:40:48,912 INFO  ipc.CallQueueManager (CallQueueManager.java:<init>(84)) - Using callQueue: class java.util.concurrent.LinkedBlockingQueue, queueCapacity: 2000, scheduler: class org.apache.hadoop.ipc.DefaultRpcScheduler, ipcBackoff: false.
2019-08-20 15:40:48,913 INFO  ipc.Server (Server.java:run(1074)) - Starting Socket Reader #1 for port 39117
2019-08-20 15:40:48,925 INFO  om.OzoneManager (OzoneManager.java:start(1258)) - OzoneManager RPC server is listening at localhost/127.0.0.1:39117
2019-08-20 15:40:48,925 INFO  impl.MetricsSystemImpl (MetricsSystemImpl.java:init(158)) - OzoneManager metrics system started (again)
2019-08-20 15:40:48,926 INFO  ipc.Server (Server.java:run(1314)) - IPC Server Responder: starting
2019-08-20 15:40:48,927 INFO  ipc.Server (Server.java:run(1153)) - IPC Server listener on 39117: starting
2019-08-20 15:40:48,931 INFO  hdfs.DFSUtil (DFSUtil.java:httpServerTemplateForNNAndJN(1641)) - Starting Web-server for ozoneManager at: http://0.0.0.0:0
2019-08-20 15:40:48,934 INFO  server.AuthenticationFilter (AuthenticationFilter.java:constructSecretProvider(240)) - Unable to initialize FileSignerSecretProvider, falling back to use random secrets.
2019-08-20 15:40:48,935 WARN  http.HttpRequestLog (HttpRequestLog.java:getRequestLog(97)) - Jetty request log can only be enabled using Log4j
2019-08-20 15:40:48,938 INFO  http.HttpServer2 (HttpServer2.java:addGlobalFilter(975)) - Added global filter 'safety' (class=org.apache.hadoop.http.HttpServer2$QuotingInputFilter)
2019-08-20 15:40:48,939 INFO  http.HttpServer2 (HttpServer2.java:addFilter(948)) - Added filter static_user_filter (class=org.apache.hadoop.http.lib.StaticUserWebFilter$StaticUserFilter) to context ozoneManager
2019-08-20 15:40:48,939 INFO  http.HttpServer2 (HttpServer2.java:addFilter(958)) - Added filter static_user_filter (class=org.apache.hadoop.http.lib.StaticUserWebFilter$StaticUserFilter) to context static
2019-08-20 15:40:48,939 INFO  http.HttpServer2 (HttpServer2.java:addFilter(958)) - Added filter static_user_filter (class=org.apache.hadoop.http.lib.StaticUserWebFilter$StaticUserFilter) to context logs
2019-08-20 15:40:48,940 INFO  http.HttpServer2 (HttpServer2.java:bindListener(1191)) - Jetty bound to port 45635
2019-08-20 15:40:48,941 INFO  server.Server (Server.java:doStart(351)) - jetty-9.3.24.v20180605, build timestamp: 2018-06-05T17:11:56Z, git hash: 84205aa28f11a4f31f2a3b86d1bba2cc8ab69827
2019-08-20 15:40:48,943 INFO  handler.ContextHandler (ContextHandler.java:doStart(781)) - Started o.e.j.s.ServletContextHandler@1abf38d1{/logs,file:///workdir/hadoop-ozone/integration-test/target/log,AVAILABLE}
2019-08-20 15:40:48,944 INFO  handler.ContextHandler (ContextHandler.java:doStart(781)) - Started o.e.j.s.ServletContextHandler@4af0ae2c{/static,file:///workdir/hadoop-ozone/integration-test/target/test-classes/webapps/static,AVAILABLE}
2019-08-20 15:40:48,950 INFO  handler.ContextHandler (ContextHandler.java:doStart(781)) - Started o.e.j.w.WebAppContext@5e1535e0{/,file:///workdir/hadoop-ozone/integration-test/target/test-classes/webapps/ozoneManager/,AVAILABLE}{/ozoneManager}
2019-08-20 15:40:48,951 INFO  server.AbstractConnector (AbstractConnector.java:doStart(278)) - Started ServerConnector@6c27be1d{HTTP/1.1,[http/1.1]}{0.0.0.0:45635}
2019-08-20 15:40:48,952 INFO  server.Server (Server.java:doStart(419)) - Started @536806ms
2019-08-20 15:40:48,953 INFO  server.BaseHttpServer (BaseHttpServer.java:updateConnectorAddress(213)) - HTTP server of OZONEMANAGER is listening at http://0.0.0.0:45635
2019-08-20 15:40:48,971 INFO  impl.MetricsSystemImpl (MetricsSystemImpl.java:init(158)) - HddsDatanode metrics system started (again)
2019-08-20 15:40:48,973 INFO  ozone.HddsDatanodeService (HddsDatanodeService.java:start(184)) - HddsDatanodeService host:pr-hdds-1879-mp8vb-189615265 ip:192.168.5.175
2019-08-20 15:40:48,983 INFO  volume.HddsVolume (HddsVolume.java:<init>(176)) - Creating Volume: /workdir/hadoop-ozone/integration-test/target/test-dir/MiniOzoneClusterImpl-8fb5653b-ece0-45be-97ea-ae3ba8059339/datanode-0/data/containers/hdds of  storage type : DISK and capacity : 1482555576320
2019-08-20 15:40:48,983 INFO  volume.VolumeSet (VolumeSet.java:initializeVolumeSet(170)) - Added Volume : /workdir/hadoop-ozone/integration-test/target/test-dir/MiniOzoneClusterImpl-8fb5653b-ece0-45be-97ea-ae3ba8059339/datanode-0/data/containers/hdds to VolumeSet
2019-08-20 15:40:48,983 INFO  volume.ThrottledAsyncChecker (ThrottledAsyncChecker.java:schedule(140)) - Scheduling a check for org.apache.hadoop.ozone.container.common.volume.HddsVolume@5b2c9a69
2019-08-20 15:40:48,984 INFO  volume.HddsVolumeChecker (HddsVolumeChecker.java:checkAllVolumes(203)) - Scheduled health check for volume org.apache.hadoop.ozone.container.common.volume.HddsVolume@5b2c9a69
2019-08-20 15:40:48,998 INFO  impl.RaftServerProxy (ConfUtils.java:logGet(43)) - raft.rpc.type = GRPC (default)
2019-08-20 15:40:48,998 INFO  grpc.GrpcFactory (GrpcFactory.java:checkPooledByteBufAllocatorUseCacheForAllThreads(45)) - PERFORMANCE WARNING: useCacheForAllThreads is true that may cause Netty to create a lot garbage objects and, as a result, trigger GC.
	It is recommended to disable useCacheForAllThreads by setting -Dorg.apache.ratis.thirdparty.io.netty.allocator.useCacheForAllThreads=false in command line.
2019-08-20 15:40:48,998 INFO  grpc.GrpcConfigKeys$Server (ConfUtils.java:logGet(43)) - raft.grpc.server.port = 0 (default)
2019-08-20 15:40:48,999 INFO  server.GrpcService (ConfUtils.java:logGet(43)) - raft.grpc.message.size.max = 33570816 (custom)
2019-08-20 15:40:48,999 INFO  server.RaftServerConfigKeys (ConfUtils.java:logGet(43)) - raft.server.log.appender.buffer.byte-limit = 33554432 (custom)
2019-08-20 15:40:48,999 INFO  server.GrpcService (ConfUtils.java:logGet(43)) - raft.grpc.flow.control.window = 1MB (=1048576) (default)
2019-08-20 15:40:48,999 INFO  server.RaftServerConfigKeys (ConfUtils.java:logGet(43)) - raft.server.rpc.request.timeout = 3000ms (default)
2019-08-20 15:40:49,000 INFO  server.RaftServerConfigKeys (ConfUtils.java:logGet(43)) - raft.server.storage.dir = [/workdir/hadoop-ozone/integration-test/target/test-dir/MiniOzoneClusterImpl-8fb5653b-ece0-45be-97ea-ae3ba8059339/datanode-0/data/ratis] (custom)
2019-08-20 15:40:49,000 INFO  replication.SimpleContainerDownloader (SimpleContainerDownloader.java:<init>(72)) - Starting container downloader service to copy containers to replicate.
2019-08-20 15:40:49,001 INFO  hdfs.DFSUtil (DFSUtil.java:httpServerTemplateForNNAndJN(1641)) - Starting Web-server for hddsDatanode at: http://0.0.0.0:0
2019-08-20 15:40:49,003 INFO  server.AuthenticationFilter (AuthenticationFilter.java:constructSecretProvider(240)) - Unable to initialize FileSignerSecretProvider, falling back to use random secrets.
2019-08-20 15:40:49,003 WARN  http.HttpRequestLog (HttpRequestLog.java:getRequestLog(97)) - Jetty request log can only be enabled using Log4j
2019-08-20 15:40:49,004 INFO  http.HttpServer2 (HttpServer2.java:addGlobalFilter(975)) - Added global filter 'safety' (class=org.apache.hadoop.http.HttpServer2$QuotingInputFilter)
2019-08-20 15:40:49,005 INFO  http.HttpServer2 (HttpServer2.java:addFilter(948)) - Added filter static_user_filter (class=org.apache.hadoop.http.lib.StaticUserWebFilter$StaticUserFilter) to context hddsDatanode
2019-08-20 15:40:49,005 INFO  http.HttpServer2 (HttpServer2.java:addFilter(958)) - Added filter static_user_filter (class=org.apache.hadoop.http.lib.StaticUserWebFilter$StaticUserFilter) to context static
2019-08-20 15:40:49,005 INFO  http.HttpServer2 (HttpServer2.java:addFilter(958)) - Added filter static_user_filter (class=org.apache.hadoop.http.lib.StaticUserWebFilter$StaticUserFilter) to context logs
2019-08-20 15:40:49,006 INFO  http.HttpServer2 (HttpServer2.java:bindListener(1191)) - Jetty bound to port 36898
2019-08-20 15:40:49,006 INFO  server.Server (Server.java:doStart(351)) - jetty-9.3.24.v20180605, build timestamp: 2018-06-05T17:11:56Z, git hash: 84205aa28f11a4f31f2a3b86d1bba2cc8ab69827
2019-08-20 15:40:49,007 INFO  handler.ContextHandler (ContextHandler.java:doStart(781)) - Started o.e.j.s.ServletContextHandler@5bb7fc38{/logs,file:///workdir/hadoop-ozone/integration-test/target/log,AVAILABLE}
2019-08-20 15:40:49,008 INFO  handler.ContextHandler (ContextHandler.java:doStart(781)) - Started o.e.j.s.ServletContextHandler@17e31657{/static,jar:file:/home/user/.m2/repository/org/apache/hadoop/hadoop-hdds-container-service/0.5.0-SNAPSHOT/hadoop-hdds-container-service-0.5.0-SNAPSHOT.jar!/webapps/static,AVAILABLE}
2019-08-20 15:40:49,042 INFO  handler.ContextHandler (ContextHandler.java:doStart(781)) - Started o.e.j.w.WebAppContext@7c290246{/,file:///tmp/jetty-0.0.0.0-36898-hddsDatanode-_-any-6636071689257151316.dir/webapp/,AVAILABLE}{/hddsDatanode}
2019-08-20 15:40:49,042 INFO  server.AbstractConnector (AbstractConnector.java:doStart(278)) - Started ServerConnector@3021e31{HTTP/1.1,[http/1.1]}{0.0.0.0:36898}
2019-08-20 15:40:49,043 INFO  server.Server (Server.java:doStart(419)) - Started @536898ms
2019-08-20 15:40:49,044 INFO  server.BaseHttpServer (BaseHttpServer.java:updateConnectorAddress(213)) - HTTP server of HDDSDATANODE is listening at http://0.0.0.0:36898
2019-08-20 15:40:49,168 INFO  ozone.HddsDatanodeService (HddsDatanodeService.java:startPlugins(395)) - Started plug-in org.apache.hadoop.ozone.web.OzoneHddsDatanodeService@661d49d1
2019-08-20 15:40:49,168 INFO  impl.MetricsSystemImpl (MetricsSystemImpl.java:init(158)) - HddsDatanode metrics system started (again)
2019-08-20 15:40:49,171 INFO  ozone.HddsDatanodeService (HddsDatanodeService.java:start(184)) - HddsDatanodeService host:pr-hdds-1879-mp8vb-189615265 ip:192.168.5.175
2019-08-20 15:40:49,171 INFO  util.JvmPauseMonitor (JvmPauseMonitor.java:run(188)) - Starting JVM pause monitor
2019-08-20 15:40:49,173 INFO  datanode.InitDatanodeState (InitDatanodeState.java:persistContainerDatanodeDetails(140)) - DatanodeDetails is persisted to /workdir/hadoop-ozone/integration-test/target/test-dir/MiniOzoneClusterImpl-8fb5653b-ece0-45be-97ea-ae3ba8059339/datanode-0/meta/datanode.id
2019-08-20 15:40:49,180 INFO  volume.HddsVolume (HddsVolume.java:<init>(176)) - Creating Volume: /workdir/hadoop-ozone/integration-test/target/test-dir/MiniOzoneClusterImpl-8fb5653b-ece0-45be-97ea-ae3ba8059339/datanode-1/data/containers/hdds of  storage type : DISK and capacity : 1482555576320
2019-08-20 15:40:49,181 INFO  volume.VolumeSet (VolumeSet.java:initializeVolumeSet(170)) - Added Volume : /workdir/hadoop-ozone/integration-test/target/test-dir/MiniOzoneClusterImpl-8fb5653b-ece0-45be-97ea-ae3ba8059339/datanode-1/data/containers/hdds to VolumeSet
2019-08-20 15:40:49,181 INFO  volume.ThrottledAsyncChecker (ThrottledAsyncChecker.java:schedule(140)) - Scheduling a check for org.apache.hadoop.ozone.container.common.volume.HddsVolume@66ca8882
2019-08-20 15:40:49,181 INFO  volume.HddsVolumeChecker (HddsVolumeChecker.java:checkAllVolumes(203)) - Scheduled health check for volume org.apache.hadoop.ozone.container.common.volume.HddsVolume@66ca8882
2019-08-20 15:40:49,195 INFO  impl.RaftServerProxy (ConfUtils.java:logGet(43)) - raft.rpc.type = GRPC (default)
2019-08-20 15:40:49,195 INFO  grpc.GrpcFactory (GrpcFactory.java:checkPooledByteBufAllocatorUseCacheForAllThreads(45)) - PERFORMANCE WARNING: useCacheForAllThreads is true that may cause Netty to create a lot garbage objects and, as a result, trigger GC.
	It is recommended to disable useCacheForAllThreads by setting -Dorg.apache.ratis.thirdparty.io.netty.allocator.useCacheForAllThreads=false in command line.
2019-08-20 15:40:49,195 INFO  grpc.GrpcConfigKeys$Server (ConfUtils.java:logGet(43)) - raft.grpc.server.port = 0 (default)
2019-08-20 15:40:49,195 INFO  server.GrpcService (ConfUtils.java:logGet(43)) - raft.grpc.message.size.max = 33570816 (custom)
2019-08-20 15:40:49,195 INFO  server.RaftServerConfigKeys (ConfUtils.java:logGet(43)) - raft.server.log.appender.buffer.byte-limit = 33554432 (custom)
2019-08-20 15:40:49,196 INFO  server.GrpcService (ConfUtils.java:logGet(43)) - raft.grpc.flow.control.window = 1MB (=1048576) (default)
2019-08-20 15:40:49,196 INFO  server.RaftServerConfigKeys (ConfUtils.java:logGet(43)) - raft.server.rpc.request.timeout = 3000ms (default)
2019-08-20 15:40:49,196 INFO  server.RaftServerConfigKeys (ConfUtils.java:logGet(43)) - raft.server.storage.dir = [/workdir/hadoop-ozone/integration-test/target/test-dir/MiniOzoneClusterImpl-8fb5653b-ece0-45be-97ea-ae3ba8059339/datanode-1/data/ratis] (custom)
2019-08-20 15:40:49,197 INFO  replication.SimpleContainerDownloader (SimpleContainerDownloader.java:<init>(72)) - Starting container downloader service to copy containers to replicate.
2019-08-20 15:40:49,198 INFO  hdfs.DFSUtil (DFSUtil.java:httpServerTemplateForNNAndJN(1641)) - Starting Web-server for hddsDatanode at: http://0.0.0.0:0
2019-08-20 15:40:49,199 INFO  server.AuthenticationFilter (AuthenticationFilter.java:constructSecretProvider(240)) - Unable to initialize FileSignerSecretProvider, falling back to use random secrets.
2019-08-20 15:40:49,199 WARN  http.HttpRequestLog (HttpRequestLog.java:getRequestLog(97)) - Jetty request log can only be enabled using Log4j
2019-08-20 15:40:49,200 INFO  http.HttpServer2 (HttpServer2.java:addGlobalFilter(975)) - Added global filter 'safety' (class=org.apache.hadoop.http.HttpServer2$QuotingInputFilter)
2019-08-20 15:40:49,201 INFO  http.HttpServer2 (HttpServer2.java:addFilter(948)) - Added filter static_user_filter (class=org.apache.hadoop.http.lib.StaticUserWebFilter$StaticUserFilter) to context hddsDatanode
2019-08-20 15:40:49,201 INFO  http.HttpServer2 (HttpServer2.java:addFilter(958)) - Added filter static_user_filter (class=org.apache.hadoop.http.lib.StaticUserWebFilter$StaticUserFilter) to context logs
2019-08-20 15:40:49,201 INFO  http.HttpServer2 (HttpServer2.java:addFilter(958)) - Added filter static_user_filter (class=org.apache.hadoop.http.lib.StaticUserWebFilter$StaticUserFilter) to context static
2019-08-20 15:40:49,202 INFO  http.HttpServer2 (HttpServer2.java:bindListener(1191)) - Jetty bound to port 46716
2019-08-20 15:40:49,202 INFO  server.Server (Server.java:doStart(351)) - jetty-9.3.24.v20180605, build timestamp: 2018-06-05T17:11:56Z, git hash: 84205aa28f11a4f31f2a3b86d1bba2cc8ab69827
2019-08-20 15:40:49,203 INFO  handler.ContextHandler (ContextHandler.java:doStart(781)) - Started o.e.j.s.ServletContextHandler@179cdf4f{/logs,file:///workdir/hadoop-ozone/integration-test/target/log,AVAILABLE}
2019-08-20 15:40:49,203 INFO  handler.ContextHandler (ContextHandler.java:doStart(781)) - Started o.e.j.s.ServletContextHandler@480d3c40{/static,jar:file:/home/user/.m2/repository/org/apache/hadoop/hadoop-hdds-container-service/0.5.0-SNAPSHOT/hadoop-hdds-container-service-0.5.0-SNAPSHOT.jar!/webapps/static,AVAILABLE}
2019-08-20 15:40:49,230 INFO  handler.ContextHandler (ContextHandler.java:doStart(781)) - Started o.e.j.w.WebAppContext@20183e2d{/,file:///tmp/jetty-0.0.0.0-46716-hddsDatanode-_-any-4756086914058073140.dir/webapp/,AVAILABLE}{/hddsDatanode}
2019-08-20 15:40:49,231 INFO  server.AbstractConnector (AbstractConnector.java:doStart(278)) - Started ServerConnector@6203f10f{HTTP/1.1,[http/1.1]}{0.0.0.0:46716}
2019-08-20 15:40:49,232 INFO  server.Server (Server.java:doStart(419)) - Started @537086ms
2019-08-20 15:40:49,233 INFO  server.BaseHttpServer (BaseHttpServer.java:updateConnectorAddress(213)) - HTTP server of HDDSDATANODE is listening at http://0.0.0.0:46716
2019-08-20 15:40:49,352 INFO  ozone.HddsDatanodeService (HddsDatanodeService.java:startPlugins(395)) - Started plug-in org.apache.hadoop.ozone.web.OzoneHddsDatanodeService@5c21b22e
2019-08-20 15:40:49,352 INFO  impl.MetricsSystemImpl (MetricsSystemImpl.java:init(158)) - HddsDatanode metrics system started (again)
2019-08-20 15:40:49,355 INFO  util.JvmPauseMonitor (JvmPauseMonitor.java:run(188)) - Starting JVM pause monitor
2019-08-20 15:40:49,355 INFO  ozone.HddsDatanodeService (HddsDatanodeService.java:start(184)) - HddsDatanodeService host:pr-hdds-1879-mp8vb-189615265 ip:192.168.5.175
2019-08-20 15:40:49,356 INFO  datanode.InitDatanodeState (InitDatanodeState.java:persistContainerDatanodeDetails(140)) - DatanodeDetails is persisted to /workdir/hadoop-ozone/integration-test/target/test-dir/MiniOzoneClusterImpl-8fb5653b-ece0-45be-97ea-ae3ba8059339/datanode-1/meta/datanode.id
2019-08-20 15:40:49,365 INFO  volume.HddsVolume (HddsVolume.java:<init>(176)) - Creating Volume: /workdir/hadoop-ozone/integration-test/target/test-dir/MiniOzoneClusterImpl-8fb5653b-ece0-45be-97ea-ae3ba8059339/datanode-2/data/containers/hdds of  storage type : DISK and capacity : 1482555576320
2019-08-20 15:40:49,366 INFO  volume.VolumeSet (VolumeSet.java:initializeVolumeSet(170)) - Added Volume : /workdir/hadoop-ozone/integration-test/target/test-dir/MiniOzoneClusterImpl-8fb5653b-ece0-45be-97ea-ae3ba8059339/datanode-2/data/containers/hdds to VolumeSet
2019-08-20 15:40:49,366 INFO  volume.ThrottledAsyncChecker (ThrottledAsyncChecker.java:schedule(140)) - Scheduling a check for org.apache.hadoop.ozone.container.common.volume.HddsVolume@476a38d9
2019-08-20 15:40:49,366 INFO  volume.HddsVolumeChecker (HddsVolumeChecker.java:checkAllVolumes(203)) - Scheduled health check for volume org.apache.hadoop.ozone.container.common.volume.HddsVolume@476a38d9
2019-08-20 15:40:49,381 INFO  impl.RaftServerProxy (ConfUtils.java:logGet(43)) - raft.rpc.type = GRPC (default)
2019-08-20 15:40:49,381 INFO  grpc.GrpcFactory (GrpcFactory.java:checkPooledByteBufAllocatorUseCacheForAllThreads(45)) - PERFORMANCE WARNING: useCacheForAllThreads is true that may cause Netty to create a lot garbage objects and, as a result, trigger GC.
	It is recommended to disable useCacheForAllThreads by setting -Dorg.apache.ratis.thirdparty.io.netty.allocator.useCacheForAllThreads=false in command line.
2019-08-20 15:40:49,381 INFO  grpc.GrpcConfigKeys$Server (ConfUtils.java:logGet(43)) - raft.grpc.server.port = 0 (default)
2019-08-20 15:40:49,382 INFO  server.GrpcService (ConfUtils.java:logGet(43)) - raft.grpc.message.size.max = 33570816 (custom)
2019-08-20 15:40:49,382 INFO  server.RaftServerConfigKeys (ConfUtils.java:logGet(43)) - raft.server.log.appender.buffer.byte-limit = 33554432 (custom)
2019-08-20 15:40:49,382 INFO  server.GrpcService (ConfUtils.java:logGet(43)) - raft.grpc.flow.control.window = 1MB (=1048576) (default)
2019-08-20 15:40:49,382 INFO  server.RaftServerConfigKeys (ConfUtils.java:logGet(43)) - raft.server.rpc.request.timeout = 3000ms (default)
2019-08-20 15:40:49,383 INFO  server.RaftServerConfigKeys (ConfUtils.java:logGet(43)) - raft.server.storage.dir = [/workdir/hadoop-ozone/integration-test/target/test-dir/MiniOzoneClusterImpl-8fb5653b-ece0-45be-97ea-ae3ba8059339/datanode-2/data/ratis] (custom)
2019-08-20 15:40:49,383 INFO  replication.SimpleContainerDownloader (SimpleContainerDownloader.java:<init>(72)) - Starting container downloader service to copy containers to replicate.
2019-08-20 15:40:49,384 INFO  hdfs.DFSUtil (DFSUtil.java:httpServerTemplateForNNAndJN(1641)) - Starting Web-server for hddsDatanode at: http://0.0.0.0:0
2019-08-20 15:40:49,386 INFO  server.AuthenticationFilter (AuthenticationFilter.java:constructSecretProvider(240)) - Unable to initialize FileSignerSecretProvider, falling back to use random secrets.
2019-08-20 15:40:49,387 WARN  http.HttpRequestLog (HttpRequestLog.java:getRequestLog(97)) - Jetty request log can only be enabled using Log4j
2019-08-20 15:40:49,388 INFO  http.HttpServer2 (HttpServer2.java:addGlobalFilter(975)) - Added global filter 'safety' (class=org.apache.hadoop.http.HttpServer2$QuotingInputFilter)
2019-08-20 15:40:49,389 INFO  http.HttpServer2 (HttpServer2.java:addFilter(948)) - Added filter static_user_filter (class=org.apache.hadoop.http.lib.StaticUserWebFilter$StaticUserFilter) to context hddsDatanode
2019-08-20 15:40:49,389 INFO  http.HttpServer2 (HttpServer2.java:addFilter(958)) - Added filter static_user_filter (class=org.apache.hadoop.http.lib.StaticUserWebFilter$StaticUserFilter) to context logs
2019-08-20 15:40:49,390 INFO  http.HttpServer2 (HttpServer2.java:addFilter(958)) - Added filter static_user_filter (class=org.apache.hadoop.http.lib.StaticUserWebFilter$StaticUserFilter) to context static
2019-08-20 15:40:49,390 INFO  http.HttpServer2 (HttpServer2.java:bindListener(1191)) - Jetty bound to port 45403
2019-08-20 15:40:49,391 INFO  server.Server (Server.java:doStart(351)) - jetty-9.3.24.v20180605, build timestamp: 2018-06-05T17:11:56Z, git hash: 84205aa28f11a4f31f2a3b86d1bba2cc8ab69827
2019-08-20 15:40:49,392 INFO  handler.ContextHandler (ContextHandler.java:doStart(781)) - Started o.e.j.s.ServletContextHandler@1018552d{/logs,file:///workdir/hadoop-ozone/integration-test/target/log,AVAILABLE}
2019-08-20 15:40:49,393 INFO  handler.ContextHandler (ContextHandler.java:doStart(781)) - Started o.e.j.s.ServletContextHandler@2d2afbdf{/static,jar:file:/home/user/.m2/repository/org/apache/hadoop/hadoop-hdds-container-service/0.5.0-SNAPSHOT/hadoop-hdds-container-service-0.5.0-SNAPSHOT.jar!/webapps/static,AVAILABLE}
2019-08-20 15:40:49,458 INFO  handler.ContextHandler (ContextHandler.java:doStart(781)) - Started o.e.j.w.WebAppContext@1c61f9bf{/,file:///tmp/jetty-0.0.0.0-45403-hddsDatanode-_-any-6359054047768784539.dir/webapp/,AVAILABLE}{/hddsDatanode}
2019-08-20 15:40:49,459 INFO  server.AbstractConnector (AbstractConnector.java:doStart(278)) - Started ServerConnector@42365c82{HTTP/1.1,[http/1.1]}{0.0.0.0:45403}
2019-08-20 15:40:49,461 INFO  server.Server (Server.java:doStart(419)) - Started @537315ms
2019-08-20 15:40:49,462 INFO  server.BaseHttpServer (BaseHttpServer.java:updateConnectorAddress(213)) - HTTP server of HDDSDATANODE is listening at http://0.0.0.0:45403
2019-08-20 15:40:49,613 INFO  ozone.HddsDatanodeService (HddsDatanodeService.java:startPlugins(395)) - Started plug-in org.apache.hadoop.ozone.web.OzoneHddsDatanodeService@44046b0d
2019-08-20 15:40:49,613 INFO  impl.MetricsSystemImpl (MetricsSystemImpl.java:init(158)) - HddsDatanode metrics system started (again)
2019-08-20 15:40:49,616 INFO  util.JvmPauseMonitor (JvmPauseMonitor.java:run(188)) - Starting JVM pause monitor
2019-08-20 15:40:49,616 INFO  ozone.HddsDatanodeService (HddsDatanodeService.java:start(184)) - HddsDatanodeService host:pr-hdds-1879-mp8vb-189615265 ip:192.168.5.175
2019-08-20 15:40:49,617 INFO  datanode.InitDatanodeState (InitDatanodeState.java:persistContainerDatanodeDetails(140)) - DatanodeDetails is persisted to /workdir/hadoop-ozone/integration-test/target/test-dir/MiniOzoneClusterImpl-8fb5653b-ece0-45be-97ea-ae3ba8059339/datanode-2/meta/datanode.id
2019-08-20 15:40:49,625 INFO  volume.HddsVolume (HddsVolume.java:<init>(176)) - Creating Volume: /workdir/hadoop-ozone/integration-test/target/test-dir/MiniOzoneClusterImpl-8fb5653b-ece0-45be-97ea-ae3ba8059339/datanode-3/data/containers/hdds of  storage type : DISK and capacity : 1482555576320
2019-08-20 15:40:49,625 INFO  volume.VolumeSet (VolumeSet.java:initializeVolumeSet(170)) - Added Volume : /workdir/hadoop-ozone/integration-test/target/test-dir/MiniOzoneClusterImpl-8fb5653b-ece0-45be-97ea-ae3ba8059339/datanode-3/data/containers/hdds to VolumeSet
2019-08-20 15:40:49,625 INFO  volume.ThrottledAsyncChecker (ThrottledAsyncChecker.java:schedule(140)) - Scheduling a check for org.apache.hadoop.ozone.container.common.volume.HddsVolume@4f50e974
2019-08-20 15:40:49,626 INFO  volume.HddsVolumeChecker (HddsVolumeChecker.java:checkAllVolumes(203)) - Scheduled health check for volume org.apache.hadoop.ozone.container.common.volume.HddsVolume@4f50e974
2019-08-20 15:40:49,641 INFO  impl.RaftServerProxy (ConfUtils.java:logGet(43)) - raft.rpc.type = GRPC (default)
2019-08-20 15:40:49,641 INFO  grpc.GrpcFactory (GrpcFactory.java:checkPooledByteBufAllocatorUseCacheForAllThreads(45)) - PERFORMANCE WARNING: useCacheForAllThreads is true that may cause Netty to create a lot garbage objects and, as a result, trigger GC.
	It is recommended to disable useCacheForAllThreads by setting -Dorg.apache.ratis.thirdparty.io.netty.allocator.useCacheForAllThreads=false in command line.
2019-08-20 15:40:49,642 INFO  grpc.GrpcConfigKeys$Server (ConfUtils.java:logGet(43)) - raft.grpc.server.port = 0 (default)
2019-08-20 15:40:49,642 INFO  server.GrpcService (ConfUtils.java:logGet(43)) - raft.grpc.message.size.max = 33570816 (custom)
2019-08-20 15:40:49,642 INFO  server.RaftServerConfigKeys (ConfUtils.java:logGet(43)) - raft.server.log.appender.buffer.byte-limit = 33554432 (custom)
2019-08-20 15:40:49,642 INFO  server.GrpcService (ConfUtils.java:logGet(43)) - raft.grpc.flow.control.window = 1MB (=1048576) (default)
2019-08-20 15:40:49,642 INFO  server.RaftServerConfigKeys (ConfUtils.java:logGet(43)) - raft.server.rpc.request.timeout = 3000ms (default)
2019-08-20 15:40:49,643 INFO  server.RaftServerConfigKeys (ConfUtils.java:logGet(43)) - raft.server.storage.dir = [/workdir/hadoop-ozone/integration-test/target/test-dir/MiniOzoneClusterImpl-8fb5653b-ece0-45be-97ea-ae3ba8059339/datanode-3/data/ratis] (custom)
2019-08-20 15:40:49,643 INFO  replication.SimpleContainerDownloader (SimpleContainerDownloader.java:<init>(72)) - Starting container downloader service to copy containers to replicate.
2019-08-20 15:40:49,644 INFO  hdfs.DFSUtil (DFSUtil.java:httpServerTemplateForNNAndJN(1641)) - Starting Web-server for hddsDatanode at: http://0.0.0.0:0
2019-08-20 15:40:49,645 INFO  server.AuthenticationFilter (AuthenticationFilter.java:constructSecretProvider(240)) - Unable to initialize FileSignerSecretProvider, falling back to use random secrets.
2019-08-20 15:40:49,646 WARN  http.HttpRequestLog (HttpRequestLog.java:getRequestLog(97)) - Jetty request log can only be enabled using Log4j
2019-08-20 15:40:49,647 INFO  http.HttpServer2 (HttpServer2.java:addGlobalFilter(975)) - Added global filter 'safety' (class=org.apache.hadoop.http.HttpServer2$QuotingInputFilter)
2019-08-20 15:40:49,647 INFO  http.HttpServer2 (HttpServer2.java:addFilter(948)) - Added filter static_user_filter (class=org.apache.hadoop.http.lib.StaticUserWebFilter$StaticUserFilter) to context hddsDatanode
2019-08-20 15:40:49,648 INFO  http.HttpServer2 (HttpServer2.java:addFilter(958)) - Added filter static_user_filter (class=org.apache.hadoop.http.lib.StaticUserWebFilter$StaticUserFilter) to context static
2019-08-20 15:40:49,648 INFO  http.HttpServer2 (HttpServer2.java:addFilter(958)) - Added filter static_user_filter (class=org.apache.hadoop.http.lib.StaticUserWebFilter$StaticUserFilter) to context logs
2019-08-20 15:40:49,648 INFO  http.HttpServer2 (HttpServer2.java:bindListener(1191)) - Jetty bound to port 33909
2019-08-20 15:40:49,648 INFO  server.Server (Server.java:doStart(351)) - jetty-9.3.24.v20180605, build timestamp: 2018-06-05T17:11:56Z, git hash: 84205aa28f11a4f31f2a3b86d1bba2cc8ab69827
2019-08-20 15:40:49,650 INFO  handler.ContextHandler (ContextHandler.java:doStart(781)) - Started o.e.j.s.ServletContextHandler@8947a4b{/logs,file:///workdir/hadoop-ozone/integration-test/target/log,AVAILABLE}
2019-08-20 15:40:49,650 INFO  handler.ContextHandler (ContextHandler.java:doStart(781)) - Started o.e.j.s.ServletContextHandler@31d64d0f{/static,jar:file:/home/user/.m2/repository/org/apache/hadoop/hadoop-hdds-container-service/0.5.0-SNAPSHOT/hadoop-hdds-container-service-0.5.0-SNAPSHOT.jar!/webapps/static,AVAILABLE}
2019-08-20 15:40:49,677 INFO  handler.ContextHandler (ContextHandler.java:doStart(781)) - Started o.e.j.w.WebAppContext@70720b78{/,file:///tmp/jetty-0.0.0.0-33909-hddsDatanode-_-any-2041621861225131703.dir/webapp/,AVAILABLE}{/hddsDatanode}
2019-08-20 15:40:49,677 INFO  server.AbstractConnector (AbstractConnector.java:doStart(278)) - Started ServerConnector@628f642d{HTTP/1.1,[http/1.1]}{0.0.0.0:33909}
2019-08-20 15:40:49,679 INFO  server.Server (Server.java:doStart(419)) - Started @537533ms
2019-08-20 15:40:49,680 INFO  server.BaseHttpServer (BaseHttpServer.java:updateConnectorAddress(213)) - HTTP server of HDDSDATANODE is listening at http://0.0.0.0:33909
2019-08-20 15:40:50,067 INFO  ozone.HddsDatanodeService (HddsDatanodeService.java:startPlugins(395)) - Started plug-in org.apache.hadoop.ozone.web.OzoneHddsDatanodeService@4a0dd851
2019-08-20 15:40:50,068 INFO  impl.MetricsSystemImpl (MetricsSystemImpl.java:init(158)) - HddsDatanode metrics system started (again)
2019-08-20 15:40:50,071 INFO  util.JvmPauseMonitor (JvmPauseMonitor.java:run(188)) - Starting JVM pause monitor
2019-08-20 15:40:50,072 INFO  ozone.HddsDatanodeService (HddsDatanodeService.java:start(184)) - HddsDatanodeService host:pr-hdds-1879-mp8vb-189615265 ip:192.168.5.175
2019-08-20 15:40:50,073 INFO  datanode.InitDatanodeState (InitDatanodeState.java:persistContainerDatanodeDetails(140)) - DatanodeDetails is persisted to /workdir/hadoop-ozone/integration-test/target/test-dir/MiniOzoneClusterImpl-8fb5653b-ece0-45be-97ea-ae3ba8059339/datanode-3/meta/datanode.id
2019-08-20 15:40:50,081 INFO  volume.HddsVolume (HddsVolume.java:<init>(176)) - Creating Volume: /workdir/hadoop-ozone/integration-test/target/test-dir/MiniOzoneClusterImpl-8fb5653b-ece0-45be-97ea-ae3ba8059339/datanode-4/data/containers/hdds of  storage type : DISK and capacity : 1482555576320
2019-08-20 15:40:50,081 INFO  volume.VolumeSet (VolumeSet.java:initializeVolumeSet(170)) - Added Volume : /workdir/hadoop-ozone/integration-test/target/test-dir/MiniOzoneClusterImpl-8fb5653b-ece0-45be-97ea-ae3ba8059339/datanode-4/data/containers/hdds to VolumeSet
2019-08-20 15:40:50,082 INFO  volume.ThrottledAsyncChecker (ThrottledAsyncChecker.java:schedule(140)) - Scheduling a check for org.apache.hadoop.ozone.container.common.volume.HddsVolume@2360ebe2
2019-08-20 15:40:50,082 INFO  volume.HddsVolumeChecker (HddsVolumeChecker.java:checkAllVolumes(203)) - Scheduled health check for volume org.apache.hadoop.ozone.container.common.volume.HddsVolume@2360ebe2
2019-08-20 15:40:50,095 INFO  impl.RaftServerProxy (ConfUtils.java:logGet(43)) - raft.rpc.type = GRPC (default)
2019-08-20 15:40:50,096 INFO  grpc.GrpcFactory (GrpcFactory.java:checkPooledByteBufAllocatorUseCacheForAllThreads(45)) - PERFORMANCE WARNING: useCacheForAllThreads is true that may cause Netty to create a lot garbage objects and, as a result, trigger GC.
	It is recommended to disable useCacheForAllThreads by setting -Dorg.apache.ratis.thirdparty.io.netty.allocator.useCacheForAllThreads=false in command line.
2019-08-20 15:40:50,096 INFO  grpc.GrpcConfigKeys$Server (ConfUtils.java:logGet(43)) - raft.grpc.server.port = 0 (default)
2019-08-20 15:40:50,096 INFO  server.GrpcService (ConfUtils.java:logGet(43)) - raft.grpc.message.size.max = 33570816 (custom)
2019-08-20 15:40:50,096 INFO  server.RaftServerConfigKeys (ConfUtils.java:logGet(43)) - raft.server.log.appender.buffer.byte-limit = 33554432 (custom)
2019-08-20 15:40:50,097 INFO  server.GrpcService (ConfUtils.java:logGet(43)) - raft.grpc.flow.control.window = 1MB (=1048576) (default)
2019-08-20 15:40:50,097 INFO  server.RaftServerConfigKeys (ConfUtils.java:logGet(43)) - raft.server.rpc.request.timeout = 3000ms (default)
2019-08-20 15:40:50,097 INFO  server.RaftServerConfigKeys (ConfUtils.java:logGet(43)) - raft.server.storage.dir = [/workdir/hadoop-ozone/integration-test/target/test-dir/MiniOzoneClusterImpl-8fb5653b-ece0-45be-97ea-ae3ba8059339/datanode-4/data/ratis] (custom)
2019-08-20 15:40:50,098 INFO  replication.SimpleContainerDownloader (SimpleContainerDownloader.java:<init>(72)) - Starting container downloader service to copy containers to replicate.
2019-08-20 15:40:50,099 INFO  hdfs.DFSUtil (DFSUtil.java:httpServerTemplateForNNAndJN(1641)) - Starting Web-server for hddsDatanode at: http://0.0.0.0:0
2019-08-20 15:40:50,101 INFO  server.AuthenticationFilter (AuthenticationFilter.java:constructSecretProvider(240)) - Unable to initialize FileSignerSecretProvider, falling back to use random secrets.
2019-08-20 15:40:50,101 WARN  http.HttpRequestLog (HttpRequestLog.java:getRequestLog(97)) - Jetty request log can only be enabled using Log4j
2019-08-20 15:40:50,104 INFO  http.HttpServer2 (HttpServer2.java:addGlobalFilter(975)) - Added global filter 'safety' (class=org.apache.hadoop.http.HttpServer2$QuotingInputFilter)
2019-08-20 15:40:50,105 INFO  http.HttpServer2 (HttpServer2.java:addFilter(948)) - Added filter static_user_filter (class=org.apache.hadoop.http.lib.StaticUserWebFilter$StaticUserFilter) to context hddsDatanode
2019-08-20 15:40:50,105 INFO  http.HttpServer2 (HttpServer2.java:addFilter(958)) - Added filter static_user_filter (class=org.apache.hadoop.http.lib.StaticUserWebFilter$StaticUserFilter) to context static
2019-08-20 15:40:50,106 INFO  http.HttpServer2 (HttpServer2.java:addFilter(958)) - Added filter static_user_filter (class=org.apache.hadoop.http.lib.StaticUserWebFilter$StaticUserFilter) to context logs
2019-08-20 15:40:50,106 INFO  http.HttpServer2 (HttpServer2.java:bindListener(1191)) - Jetty bound to port 38097
2019-08-20 15:40:50,107 INFO  server.Server (Server.java:doStart(351)) - jetty-9.3.24.v20180605, build timestamp: 2018-06-05T17:11:56Z, git hash: 84205aa28f11a4f31f2a3b86d1bba2cc8ab69827
2019-08-20 15:40:50,109 INFO  handler.ContextHandler (ContextHandler.java:doStart(781)) - Started o.e.j.s.ServletContextHandler@558fa64a{/logs,file:///workdir/hadoop-ozone/integration-test/target/log,AVAILABLE}
2019-08-20 15:40:50,109 INFO  handler.ContextHandler (ContextHandler.java:doStart(781)) - Started o.e.j.s.ServletContextHandler@68d1f4e2{/static,jar:file:/home/user/.m2/repository/org/apache/hadoop/hadoop-hdds-container-service/0.5.0-SNAPSHOT/hadoop-hdds-container-service-0.5.0-SNAPSHOT.jar!/webapps/static,AVAILABLE}
2019-08-20 15:40:50,146 INFO  handler.ContextHandler (ContextHandler.java:doStart(781)) - Started o.e.j.w.WebAppContext@61f18997{/,file:///tmp/jetty-0.0.0.0-38097-hddsDatanode-_-any-2420524116307793610.dir/webapp/,AVAILABLE}{/hddsDatanode}
2019-08-20 15:40:50,147 INFO  server.AbstractConnector (AbstractConnector.java:doStart(278)) - Started ServerConnector@55448710{HTTP/1.1,[http/1.1]}{0.0.0.0:38097}
2019-08-20 15:40:50,149 INFO  server.Server (Server.java:doStart(419)) - Started @538004ms
2019-08-20 15:40:50,150 INFO  server.BaseHttpServer (BaseHttpServer.java:updateConnectorAddress(213)) - HTTP server of HDDSDATANODE is listening at http://0.0.0.0:38097
2019-08-20 15:40:50,284 INFO  ozone.HddsDatanodeService (HddsDatanodeService.java:startPlugins(395)) - Started plug-in org.apache.hadoop.ozone.web.OzoneHddsDatanodeService@5e2abb58
2019-08-20 15:40:50,285 INFO  impl.MetricsSystemImpl (MetricsSystemImpl.java:init(158)) - HddsDatanode metrics system started (again)
2019-08-20 15:40:50,288 INFO  util.JvmPauseMonitor (JvmPauseMonitor.java:run(188)) - Starting JVM pause monitor
2019-08-20 15:40:50,288 INFO  ozone.HddsDatanodeService (HddsDatanodeService.java:start(184)) - HddsDatanodeService host:pr-hdds-1879-mp8vb-189615265 ip:192.168.5.175
2019-08-20 15:40:50,289 INFO  datanode.InitDatanodeState (InitDatanodeState.java:persistContainerDatanodeDetails(140)) - DatanodeDetails is persisted to /workdir/hadoop-ozone/integration-test/target/test-dir/MiniOzoneClusterImpl-8fb5653b-ece0-45be-97ea-ae3ba8059339/datanode-4/meta/datanode.id
2019-08-20 15:40:50,298 INFO  volume.HddsVolume (HddsVolume.java:<init>(176)) - Creating Volume: /workdir/hadoop-ozone/integration-test/target/test-dir/MiniOzoneClusterImpl-8fb5653b-ece0-45be-97ea-ae3ba8059339/datanode-5/data/containers/hdds of  storage type : DISK and capacity : 1482555576320
2019-08-20 15:40:50,298 INFO  volume.VolumeSet (VolumeSet.java:initializeVolumeSet(170)) - Added Volume : /workdir/hadoop-ozone/integration-test/target/test-dir/MiniOzoneClusterImpl-8fb5653b-ece0-45be-97ea-ae3ba8059339/datanode-5/data/containers/hdds to VolumeSet
2019-08-20 15:40:50,298 INFO  volume.ThrottledAsyncChecker (ThrottledAsyncChecker.java:schedule(140)) - Scheduling a check for org.apache.hadoop.ozone.container.common.volume.HddsVolume@54aacbc7
2019-08-20 15:40:50,299 INFO  volume.HddsVolumeChecker (HddsVolumeChecker.java:checkAllVolumes(203)) - Scheduled health check for volume org.apache.hadoop.ozone.container.common.volume.HddsVolume@54aacbc7
2019-08-20 15:40:50,316 INFO  impl.RaftServerProxy (ConfUtils.java:logGet(43)) - raft.rpc.type = GRPC (default)
2019-08-20 15:40:50,316 INFO  grpc.GrpcFactory (GrpcFactory.java:checkPooledByteBufAllocatorUseCacheForAllThreads(45)) - PERFORMANCE WARNING: useCacheForAllThreads is true that may cause Netty to create a lot garbage objects and, as a result, trigger GC.
	It is recommended to disable useCacheForAllThreads by setting -Dorg.apache.ratis.thirdparty.io.netty.allocator.useCacheForAllThreads=false in command line.
2019-08-20 15:40:50,316 INFO  grpc.GrpcConfigKeys$Server (ConfUtils.java:logGet(43)) - raft.grpc.server.port = 0 (default)
2019-08-20 15:40:50,316 INFO  server.GrpcService (ConfUtils.java:logGet(43)) - raft.grpc.message.size.max = 33570816 (custom)
2019-08-20 15:40:50,317 INFO  server.RaftServerConfigKeys (ConfUtils.java:logGet(43)) - raft.server.log.appender.buffer.byte-limit = 33554432 (custom)
2019-08-20 15:40:50,317 INFO  server.GrpcService (ConfUtils.java:logGet(43)) - raft.grpc.flow.control.window = 1MB (=1048576) (default)
2019-08-20 15:40:50,317 INFO  server.RaftServerConfigKeys (ConfUtils.java:logGet(43)) - raft.server.rpc.request.timeout = 3000ms (default)
2019-08-20 15:40:50,317 INFO  server.RaftServerConfigKeys (ConfUtils.java:logGet(43)) - raft.server.storage.dir = [/workdir/hadoop-ozone/integration-test/target/test-dir/MiniOzoneClusterImpl-8fb5653b-ece0-45be-97ea-ae3ba8059339/datanode-5/data/ratis] (custom)
2019-08-20 15:40:50,318 INFO  replication.SimpleContainerDownloader (SimpleContainerDownloader.java:<init>(72)) - Starting container downloader service to copy containers to replicate.
2019-08-20 15:40:50,319 INFO  hdfs.DFSUtil (DFSUtil.java:httpServerTemplateForNNAndJN(1641)) - Starting Web-server for hddsDatanode at: http://0.0.0.0:0
2019-08-20 15:40:50,320 INFO  server.AuthenticationFilter (AuthenticationFilter.java:constructSecretProvider(240)) - Unable to initialize FileSignerSecretProvider, falling back to use random secrets.
2019-08-20 15:40:50,320 WARN  http.HttpRequestLog (HttpRequestLog.java:getRequestLog(97)) - Jetty request log can only be enabled using Log4j
2019-08-20 15:40:50,321 INFO  http.HttpServer2 (HttpServer2.java:addGlobalFilter(975)) - Added global filter 'safety' (class=org.apache.hadoop.http.HttpServer2$QuotingInputFilter)
2019-08-20 15:40:50,324 INFO  http.HttpServer2 (HttpServer2.java:addFilter(948)) - Added filter static_user_filter (class=org.apache.hadoop.http.lib.StaticUserWebFilter$StaticUserFilter) to context hddsDatanode
2019-08-20 15:40:50,324 INFO  http.HttpServer2 (HttpServer2.java:addFilter(958)) - Added filter static_user_filter (class=org.apache.hadoop.http.lib.StaticUserWebFilter$StaticUserFilter) to context static
2019-08-20 15:40:50,324 INFO  http.HttpServer2 (HttpServer2.java:addFilter(958)) - Added filter static_user_filter (class=org.apache.hadoop.http.lib.StaticUserWebFilter$StaticUserFilter) to context logs
2019-08-20 15:40:50,325 INFO  http.HttpServer2 (HttpServer2.java:bindListener(1191)) - Jetty bound to port 45510
2019-08-20 15:40:50,325 INFO  server.Server (Server.java:doStart(351)) - jetty-9.3.24.v20180605, build timestamp: 2018-06-05T17:11:56Z, git hash: 84205aa28f11a4f31f2a3b86d1bba2cc8ab69827
2019-08-20 15:40:50,327 INFO  handler.ContextHandler (ContextHandler.java:doStart(781)) - Started o.e.j.s.ServletContextHandler@7b7268db{/logs,file:///workdir/hadoop-ozone/integration-test/target/log,AVAILABLE}
2019-08-20 15:40:50,327 INFO  handler.ContextHandler (ContextHandler.java:doStart(781)) - Started o.e.j.s.ServletContextHandler@b257072{/static,jar:file:/home/user/.m2/repository/org/apache/hadoop/hadoop-hdds-container-service/0.5.0-SNAPSHOT/hadoop-hdds-container-service-0.5.0-SNAPSHOT.jar!/webapps/static,AVAILABLE}
2019-08-20 15:40:50,354 INFO  handler.ContextHandler (ContextHandler.java:doStart(781)) - Started o.e.j.w.WebAppContext@d4962bd{/,file:///tmp/jetty-0.0.0.0-45510-hddsDatanode-_-any-631927403630245845.dir/webapp/,AVAILABLE}{/hddsDatanode}
2019-08-20 15:40:50,355 INFO  server.AbstractConnector (AbstractConnector.java:doStart(278)) - Started ServerConnector@76fa3dd8{HTTP/1.1,[http/1.1]}{0.0.0.0:45510}
2019-08-20 15:40:50,360 INFO  server.Server (Server.java:doStart(419)) - Started @538214ms
2019-08-20 15:40:50,360 INFO  server.BaseHttpServer (BaseHttpServer.java:updateConnectorAddress(213)) - HTTP server of HDDSDATANODE is listening at http://0.0.0.0:45510
2019-08-20 15:40:50,479 INFO  ozone.HddsDatanodeService (HddsDatanodeService.java:startPlugins(395)) - Started plug-in org.apache.hadoop.ozone.web.OzoneHddsDatanodeService@452d4bb2
2019-08-20 15:40:50,479 INFO  impl.MetricsSystemImpl (MetricsSystemImpl.java:init(158)) - HddsDatanode metrics system started (again)
2019-08-20 15:40:50,483 INFO  util.JvmPauseMonitor (JvmPauseMonitor.java:run(188)) - Starting JVM pause monitor
2019-08-20 15:40:50,483 INFO  ozone.HddsDatanodeService (HddsDatanodeService.java:start(184)) - HddsDatanodeService host:pr-hdds-1879-mp8vb-189615265 ip:192.168.5.175
2019-08-20 15:40:50,485 INFO  datanode.InitDatanodeState (InitDatanodeState.java:persistContainerDatanodeDetails(140)) - DatanodeDetails is persisted to /workdir/hadoop-ozone/integration-test/target/test-dir/MiniOzoneClusterImpl-8fb5653b-ece0-45be-97ea-ae3ba8059339/datanode-5/meta/datanode.id
2019-08-20 15:40:50,494 INFO  volume.HddsVolume (HddsVolume.java:<init>(176)) - Creating Volume: /workdir/hadoop-ozone/integration-test/target/test-dir/MiniOzoneClusterImpl-8fb5653b-ece0-45be-97ea-ae3ba8059339/datanode-6/data/containers/hdds of  storage type : DISK and capacity : 1482555576320
2019-08-20 15:40:50,494 INFO  volume.VolumeSet (VolumeSet.java:initializeVolumeSet(170)) - Added Volume : /workdir/hadoop-ozone/integration-test/target/test-dir/MiniOzoneClusterImpl-8fb5653b-ece0-45be-97ea-ae3ba8059339/datanode-6/data/containers/hdds to VolumeSet
2019-08-20 15:40:50,494 INFO  volume.ThrottledAsyncChecker (ThrottledAsyncChecker.java:schedule(140)) - Scheduling a check for org.apache.hadoop.ozone.container.common.volume.HddsVolume@7294c9fe
2019-08-20 15:40:50,495 INFO  volume.HddsVolumeChecker (HddsVolumeChecker.java:checkAllVolumes(203)) - Scheduled health check for volume org.apache.hadoop.ozone.container.common.volume.HddsVolume@7294c9fe
2019-08-20 15:40:50,512 INFO  impl.RaftServerProxy (ConfUtils.java:logGet(43)) - raft.rpc.type = GRPC (default)
2019-08-20 15:40:50,512 INFO  grpc.GrpcFactory (GrpcFactory.java:checkPooledByteBufAllocatorUseCacheForAllThreads(45)) - PERFORMANCE WARNING: useCacheForAllThreads is true that may cause Netty to create a lot garbage objects and, as a result, trigger GC.
	It is recommended to disable useCacheForAllThreads by setting -Dorg.apache.ratis.thirdparty.io.netty.allocator.useCacheForAllThreads=false in command line.
2019-08-20 15:40:50,513 INFO  grpc.GrpcConfigKeys$Server (ConfUtils.java:logGet(43)) - raft.grpc.server.port = 0 (default)
2019-08-20 15:40:50,513 INFO  server.GrpcService (ConfUtils.java:logGet(43)) - raft.grpc.message.size.max = 33570816 (custom)
2019-08-20 15:40:50,513 INFO  server.RaftServerConfigKeys (ConfUtils.java:logGet(43)) - raft.server.log.appender.buffer.byte-limit = 33554432 (custom)
2019-08-20 15:40:50,513 INFO  server.GrpcService (ConfUtils.java:logGet(43)) - raft.grpc.flow.control.window = 1MB (=1048576) (default)
2019-08-20 15:40:50,513 INFO  server.RaftServerConfigKeys (ConfUtils.java:logGet(43)) - raft.server.rpc.request.timeout = 3000ms (default)
2019-08-20 15:40:50,514 INFO  server.RaftServerConfigKeys (ConfUtils.java:logGet(43)) - raft.server.storage.dir = [/workdir/hadoop-ozone/integration-test/target/test-dir/MiniOzoneClusterImpl-8fb5653b-ece0-45be-97ea-ae3ba8059339/datanode-6/data/ratis] (custom)
2019-08-20 15:40:50,515 INFO  replication.SimpleContainerDownloader (SimpleContainerDownloader.java:<init>(72)) - Starting container downloader service to copy containers to replicate.
2019-08-20 15:40:50,516 INFO  hdfs.DFSUtil (DFSUtil.java:httpServerTemplateForNNAndJN(1641)) - Starting Web-server for hddsDatanode at: http://0.0.0.0:0
2019-08-20 15:40:50,517 INFO  server.AuthenticationFilter (AuthenticationFilter.java:constructSecretProvider(240)) - Unable to initialize FileSignerSecretProvider, falling back to use random secrets.
2019-08-20 15:40:50,518 WARN  http.HttpRequestLog (HttpRequestLog.java:getRequestLog(97)) - Jetty request log can only be enabled using Log4j
2019-08-20 15:40:50,519 INFO  http.HttpServer2 (HttpServer2.java:addGlobalFilter(975)) - Added global filter 'safety' (class=org.apache.hadoop.http.HttpServer2$QuotingInputFilter)
2019-08-20 15:40:50,520 INFO  http.HttpServer2 (HttpServer2.java:addFilter(948)) - Added filter static_user_filter (class=org.apache.hadoop.http.lib.StaticUserWebFilter$StaticUserFilter) to context hddsDatanode
2019-08-20 15:40:50,520 INFO  http.HttpServer2 (HttpServer2.java:addFilter(958)) - Added filter static_user_filter (class=org.apache.hadoop.http.lib.StaticUserWebFilter$StaticUserFilter) to context static
2019-08-20 15:40:50,520 INFO  http.HttpServer2 (HttpServer2.java:addFilter(958)) - Added filter static_user_filter (class=org.apache.hadoop.http.lib.StaticUserWebFilter$StaticUserFilter) to context logs
2019-08-20 15:40:50,521 INFO  http.HttpServer2 (HttpServer2.java:bindListener(1191)) - Jetty bound to port 40757
2019-08-20 15:40:50,521 INFO  server.Server (Server.java:doStart(351)) - jetty-9.3.24.v20180605, build timestamp: 2018-06-05T17:11:56Z, git hash: 84205aa28f11a4f31f2a3b86d1bba2cc8ab69827
2019-08-20 15:40:50,523 INFO  handler.ContextHandler (ContextHandler.java:doStart(781)) - Started o.e.j.s.ServletContextHandler@17d3bf09{/logs,file:///workdir/hadoop-ozone/integration-test/target/log,AVAILABLE}
2019-08-20 15:40:50,523 INFO  handler.ContextHandler (ContextHandler.java:doStart(781)) - Started o.e.j.s.ServletContextHandler@2cb95c6c{/static,jar:file:/home/user/.m2/repository/org/apache/hadoop/hadoop-hdds-container-service/0.5.0-SNAPSHOT/hadoop-hdds-container-service-0.5.0-SNAPSHOT.jar!/webapps/static,AVAILABLE}
2019-08-20 15:40:50,550 INFO  handler.ContextHandler (ContextHandler.java:doStart(781)) - Started o.e.j.w.WebAppContext@148c571c{/,file:///tmp/jetty-0.0.0.0-40757-hddsDatanode-_-any-906788258942406978.dir/webapp/,AVAILABLE}{/hddsDatanode}
2019-08-20 15:40:50,551 INFO  server.AbstractConnector (AbstractConnector.java:doStart(278)) - Started ServerConnector@545e200b{HTTP/1.1,[http/1.1]}{0.0.0.0:40757}
2019-08-20 15:40:50,551 INFO  server.Server (Server.java:doStart(419)) - Started @538405ms
2019-08-20 15:40:50,558 INFO  server.BaseHttpServer (BaseHttpServer.java:updateConnectorAddress(213)) - HTTP server of HDDSDATANODE is listening at http://0.0.0.0:40757
2019-08-20 15:40:50,673 INFO  ozone.HddsDatanodeService (HddsDatanodeService.java:startPlugins(395)) - Started plug-in org.apache.hadoop.ozone.web.OzoneHddsDatanodeService@55c901b2
2019-08-20 15:40:50,673 INFO  ozone.MiniOzoneClusterImpl (MiniOzoneClusterImpl.java:lambda$waitForClusterToBeReady$0(142)) - Waiting for cluster to be ready. Got 0 of 7 DN Heartbeats.
2019-08-20 15:40:50,675 INFO  util.JvmPauseMonitor (JvmPauseMonitor.java:run(188)) - Starting JVM pause monitor
2019-08-20 15:40:50,677 INFO  datanode.InitDatanodeState (InitDatanodeState.java:persistContainerDatanodeDetails(140)) - DatanodeDetails is persisted to /workdir/hadoop-ozone/integration-test/target/test-dir/MiniOzoneClusterImpl-8fb5653b-ece0-45be-97ea-ae3ba8059339/datanode-6/meta/datanode.id
2019-08-20 15:40:51,201 INFO  ozoneimpl.OzoneContainer (OzoneContainer.java:start(186)) - Attempting to start container services.
2019-08-20 15:40:51,201 INFO  ozoneimpl.OzoneContainer (OzoneContainer.java:startContainerScrub(160)) - Background container scrubber has been disabled by hdds.containerscrub.enabled
2019-08-20 15:40:51,201 INFO  ratis.XceiverServerRatis (XceiverServerRatis.java:start(404)) - Starting XceiverServerRatis d57c8d47-402b-46aa-8b70-da25b48a70c2 at port 0
2019-08-20 15:40:51,210 INFO  impl.RaftServerProxy (RaftServerProxy.java:lambda$start$3(299)) - d57c8d47-402b-46aa-8b70-da25b48a70c2: start RPC server
2019-08-20 15:40:51,213 INFO  server.GrpcService (GrpcService.java:startImpl(149)) - d57c8d47-402b-46aa-8b70-da25b48a70c2: GrpcService started, listening on 0.0.0.0/0.0.0.0:37229
2019-08-20 15:40:51,213 INFO  ratis.XceiverServerRatis (XceiverServerRatis.java:start(414)) - XceiverServerRatis d57c8d47-402b-46aa-8b70-da25b48a70c2 is started using port 37229
2019-08-20 15:40:51,213 INFO  server.XceiverServerGrpc (XceiverServerGrpc.java:start(161)) - XceiverServerGrpc d57c8d47-402b-46aa-8b70-da25b48a70c2 is started using port 41133
2019-08-20 15:40:51,373 INFO  ozoneimpl.OzoneContainer (OzoneContainer.java:start(186)) - Attempting to start container services.
2019-08-20 15:40:51,373 INFO  ozoneimpl.OzoneContainer (OzoneContainer.java:startContainerScrub(160)) - Background container scrubber has been disabled by hdds.containerscrub.enabled
2019-08-20 15:40:51,374 INFO  ratis.XceiverServerRatis (XceiverServerRatis.java:start(404)) - Starting XceiverServerRatis 41326633-e7c0-4b56-8531-f737bb1d6b82 at port 0
2019-08-20 15:40:51,382 INFO  impl.RaftServerProxy (RaftServerProxy.java:lambda$start$3(299)) - 41326633-e7c0-4b56-8531-f737bb1d6b82: start RPC server
2019-08-20 15:40:51,383 INFO  server.GrpcService (GrpcService.java:startImpl(149)) - 41326633-e7c0-4b56-8531-f737bb1d6b82: GrpcService started, listening on 0.0.0.0/0.0.0.0:33150
2019-08-20 15:40:51,383 INFO  ratis.XceiverServerRatis (XceiverServerRatis.java:start(414)) - XceiverServerRatis 41326633-e7c0-4b56-8531-f737bb1d6b82 is started using port 33150
2019-08-20 15:40:51,386 INFO  server.XceiverServerGrpc (XceiverServerGrpc.java:start(161)) - XceiverServerGrpc 41326633-e7c0-4b56-8531-f737bb1d6b82 is started using port 36478
2019-08-20 15:40:51,644 INFO  ozoneimpl.OzoneContainer (OzoneContainer.java:start(186)) - Attempting to start container services.
2019-08-20 15:40:51,645 INFO  ozoneimpl.OzoneContainer (OzoneContainer.java:startContainerScrub(160)) - Background container scrubber has been disabled by hdds.containerscrub.enabled
2019-08-20 15:40:51,645 INFO  ratis.XceiverServerRatis (XceiverServerRatis.java:start(404)) - Starting XceiverServerRatis d6bfb2d3-2a38-4016-a856-377fc512a5f4 at port 0
2019-08-20 15:40:51,654 INFO  impl.RaftServerProxy (RaftServerProxy.java:lambda$start$3(299)) - d6bfb2d3-2a38-4016-a856-377fc512a5f4: start RPC server
2019-08-20 15:40:51,655 INFO  server.GrpcService (GrpcService.java:startImpl(149)) - d6bfb2d3-2a38-4016-a856-377fc512a5f4: GrpcService started, listening on 0.0.0.0/0.0.0.0:33668
2019-08-20 15:40:51,655 INFO  ratis.XceiverServerRatis (XceiverServerRatis.java:start(414)) - XceiverServerRatis d6bfb2d3-2a38-4016-a856-377fc512a5f4 is started using port 33668
2019-08-20 15:40:51,655 INFO  server.XceiverServerGrpc (XceiverServerGrpc.java:start(161)) - XceiverServerGrpc d6bfb2d3-2a38-4016-a856-377fc512a5f4 is started using port 35356
2019-08-20 15:40:51,674 INFO  ozone.MiniOzoneClusterImpl (MiniOzoneClusterImpl.java:lambda$waitForClusterToBeReady$0(142)) - Waiting for cluster to be ready. Got 0 of 7 DN Heartbeats.
2019-08-20 15:40:52,086 INFO  ozoneimpl.OzoneContainer (OzoneContainer.java:start(186)) - Attempting to start container services.
2019-08-20 15:40:52,086 INFO  ozoneimpl.OzoneContainer (OzoneContainer.java:startContainerScrub(160)) - Background container scrubber has been disabled by hdds.containerscrub.enabled
2019-08-20 15:40:52,087 INFO  ratis.XceiverServerRatis (XceiverServerRatis.java:start(404)) - Starting XceiverServerRatis dfd4cced-2b14-4d89-9dc7-4c182850c80d at port 0
2019-08-20 15:40:52,097 INFO  impl.RaftServerProxy (RaftServerProxy.java:lambda$start$3(299)) - dfd4cced-2b14-4d89-9dc7-4c182850c80d: start RPC server
2019-08-20 15:40:52,100 INFO  server.GrpcService (GrpcService.java:startImpl(149)) - dfd4cced-2b14-4d89-9dc7-4c182850c80d: GrpcService started, listening on 0.0.0.0/0.0.0.0:43581
2019-08-20 15:40:52,100 INFO  ratis.XceiverServerRatis (XceiverServerRatis.java:start(414)) - XceiverServerRatis dfd4cced-2b14-4d89-9dc7-4c182850c80d is started using port 43581
2019-08-20 15:40:52,101 INFO  server.XceiverServerGrpc (XceiverServerGrpc.java:start(161)) - XceiverServerGrpc dfd4cced-2b14-4d89-9dc7-4c182850c80d is started using port 46262
2019-08-20 15:40:52,300 INFO  ozoneimpl.OzoneContainer (OzoneContainer.java:start(186)) - Attempting to start container services.
2019-08-20 15:40:52,301 INFO  ozoneimpl.OzoneContainer (OzoneContainer.java:startContainerScrub(160)) - Background container scrubber has been disabled by hdds.containerscrub.enabled
2019-08-20 15:40:52,301 INFO  ratis.XceiverServerRatis (XceiverServerRatis.java:start(404)) - Starting XceiverServerRatis d03af9c2-82e7-4b8a-975e-d2d5cc7f3820 at port 0
2019-08-20 15:40:52,310 INFO  impl.RaftServerProxy (RaftServerProxy.java:lambda$start$3(299)) - d03af9c2-82e7-4b8a-975e-d2d5cc7f3820: start RPC server
2019-08-20 15:40:52,311 INFO  server.GrpcService (GrpcService.java:startImpl(149)) - d03af9c2-82e7-4b8a-975e-d2d5cc7f3820: GrpcService started, listening on 0.0.0.0/0.0.0.0:41356
2019-08-20 15:40:52,311 INFO  ratis.XceiverServerRatis (XceiverServerRatis.java:start(414)) - XceiverServerRatis d03af9c2-82e7-4b8a-975e-d2d5cc7f3820 is started using port 41356
2019-08-20 15:40:52,312 INFO  server.XceiverServerGrpc (XceiverServerGrpc.java:start(161)) - XceiverServerGrpc d03af9c2-82e7-4b8a-975e-d2d5cc7f3820 is started using port 35295
2019-08-20 15:40:52,498 INFO  ozoneimpl.OzoneContainer (OzoneContainer.java:start(186)) - Attempting to start container services.
2019-08-20 15:40:52,498 INFO  ozoneimpl.OzoneContainer (OzoneContainer.java:startContainerScrub(160)) - Background container scrubber has been disabled by hdds.containerscrub.enabled
2019-08-20 15:40:52,498 INFO  ratis.XceiverServerRatis (XceiverServerRatis.java:start(404)) - Starting XceiverServerRatis 925c8107-01d8-4d67-809b-d528e269a812 at port 0
2019-08-20 15:40:52,506 INFO  impl.RaftServerProxy (RaftServerProxy.java:lambda$start$3(299)) - 925c8107-01d8-4d67-809b-d528e269a812: start RPC server
2019-08-20 15:40:52,507 INFO  server.GrpcService (GrpcService.java:startImpl(149)) - 925c8107-01d8-4d67-809b-d528e269a812: GrpcService started, listening on 0.0.0.0/0.0.0.0:41731
2019-08-20 15:40:52,507 INFO  ratis.XceiverServerRatis (XceiverServerRatis.java:start(414)) - XceiverServerRatis 925c8107-01d8-4d67-809b-d528e269a812 is started using port 41731
2019-08-20 15:40:52,508 INFO  server.XceiverServerGrpc (XceiverServerGrpc.java:start(161)) - XceiverServerGrpc 925c8107-01d8-4d67-809b-d528e269a812 is started using port 36623
2019-08-20 15:40:52,674 INFO  ozone.MiniOzoneClusterImpl (MiniOzoneClusterImpl.java:lambda$waitForClusterToBeReady$0(142)) - Waiting for cluster to be ready. Got 0 of 7 DN Heartbeats.
2019-08-20 15:40:52,690 INFO  ozoneimpl.OzoneContainer (OzoneContainer.java:start(186)) - Attempting to start container services.
2019-08-20 15:40:52,690 INFO  ozoneimpl.OzoneContainer (OzoneContainer.java:startContainerScrub(160)) - Background container scrubber has been disabled by hdds.containerscrub.enabled
2019-08-20 15:40:52,690 INFO  ratis.XceiverServerRatis (XceiverServerRatis.java:start(404)) - Starting XceiverServerRatis 928a4c93-037b-4b78-a0b2-8ba76bf1098b at port 0
2019-08-20 15:40:52,700 INFO  impl.RaftServerProxy (RaftServerProxy.java:lambda$start$3(299)) - 928a4c93-037b-4b78-a0b2-8ba76bf1098b: start RPC server
2019-08-20 15:40:52,701 INFO  server.GrpcService (GrpcService.java:startImpl(149)) - 928a4c93-037b-4b78-a0b2-8ba76bf1098b: GrpcService started, listening on 0.0.0.0/0.0.0.0:43251
2019-08-20 15:40:52,701 INFO  ratis.XceiverServerRatis (XceiverServerRatis.java:start(414)) - XceiverServerRatis 928a4c93-037b-4b78-a0b2-8ba76bf1098b is started using port 43251
2019-08-20 15:40:52,702 INFO  server.XceiverServerGrpc (XceiverServerGrpc.java:start(161)) - XceiverServerGrpc 928a4c93-037b-4b78-a0b2-8ba76bf1098b is started using port 41532
2019-08-20 15:40:53,178 INFO  net.NetworkTopology (NetworkTopologyImpl.java:add(110)) - Added a new node: /default-rack/d57c8d47-402b-46aa-8b70-da25b48a70c2
2019-08-20 15:40:53,181 INFO  node.SCMNodeManager (SCMNodeManager.java:register(273)) - Registered Data node : d57c8d47-402b-46aa-8b70-da25b48a70c2{ip: 192.168.5.175, host: pr-hdds-1879-mp8vb-189615265, networkLocation: /default-rack, certSerialId: null}
2019-08-20 15:40:53,182 INFO  safemode.SCMSafeModeManager (DataNodeSafeModeRule.java:process(71)) - SCM in safe mode. 1 DataNodes registered, 1 required.
2019-08-20 15:40:53,185 INFO  safemode.SCMSafeModeManager (SCMSafeModeManager.java:validateSafeModeExitRules(177)) - ScmSafeModeManager, all rules are successfully validated
2019-08-20 15:40:53,185 INFO  safemode.SCMSafeModeManager (SCMSafeModeManager.java:exitSafeMode(193)) - SCM exiting safe mode.
2019-08-20 15:40:53,206 INFO  impl.RaftServerProxy (RaftServerProxy.java:addNew(89)) - d57c8d47-402b-46aa-8b70-da25b48a70c2: addNew group-46ED660DAB8A:[d57c8d47-402b-46aa-8b70-da25b48a70c2:192.168.5.175:37229] returns group-46ED660DAB8A:java.util.concurrent.CompletableFuture@650ea44a[Not completed]
2019-08-20 15:40:53,208 INFO  impl.RaftServerImpl (RaftServerImpl.java:<init>(93)) - d57c8d47-402b-46aa-8b70-da25b48a70c2: new RaftServerImpl for group-46ED660DAB8A:[d57c8d47-402b-46aa-8b70-da25b48a70c2:192.168.5.175:37229] with ContainerStateMachine:uninitialized
2019-08-20 15:40:53,208 INFO  server.RaftServerConfigKeys (ConfUtils.java:logGet(43)) - raft.server.rpc.timeout.min = 5s (custom)
2019-08-20 15:40:53,208 INFO  server.RaftServerConfigKeys (ConfUtils.java:logGet(43)) - raft.server.rpc.timeout.max = 5200ms (custom)
2019-08-20 15:40:53,208 INFO  server.RaftServerConfigKeys (ConfUtils.java:logGet(43)) - raft.server.rpcslowness.timeout = 120s (custom)
2019-08-20 15:40:53,208 INFO  server.RaftServerConfigKeys (ConfUtils.java:logGet(43)) - raft.server.sleep.deviation.threshold = 300 (default)
2019-08-20 15:40:53,209 INFO  server.RaftServerConfigKeys (ConfUtils.java:logGet(43)) - raft.server.log.appender.install.snapshot.enabled = false (custom)
2019-08-20 15:40:53,209 INFO  impl.RaftServerImpl (ServerState.java:<init>(105)) - d57c8d47-402b-46aa-8b70-da25b48a70c2:group-46ED660DAB8A ConfigurationManager, init=-1: [d57c8d47-402b-46aa-8b70-da25b48a70c2:192.168.5.175:37229], old=null, confs=<EMPTY_MAP>
2019-08-20 15:40:53,209 INFO  server.RaftServerConfigKeys (ConfUtils.java:logGet(43)) - raft.server.storage.dir = [/workdir/hadoop-ozone/integration-test/target/test-dir/MiniOzoneClusterImpl-8fb5653b-ece0-45be-97ea-ae3ba8059339/datanode-0/data/ratis] (custom)
2019-08-20 15:40:53,210 INFO  storage.RaftStorageDirectory (RaftStorageDirectory.java:analyzeStorage(246)) - The storage directory /workdir/hadoop-ozone/integration-test/target/test-dir/MiniOzoneClusterImpl-8fb5653b-ece0-45be-97ea-ae3ba8059339/datanode-0/data/ratis/ae681a6d-ceab-4ba6-b525-46ed660dab8a does not exist. Creating ...
2019-08-20 15:40:53,223 INFO  storage.RaftStorageDirectory (RaftStorageDirectory.java:tryLock(328)) - Lock on /workdir/hadoop-ozone/integration-test/target/test-dir/MiniOzoneClusterImpl-8fb5653b-ece0-45be-97ea-ae3ba8059339/datanode-0/data/ratis/ae681a6d-ceab-4ba6-b525-46ed660dab8a/in_use.lock acquired by nodename 29188@pr-hdds-1879-mp8vb-189615265
2019-08-20 15:40:53,236 INFO  storage.RaftStorage (RaftStorage.java:format(72)) - Storage directory /workdir/hadoop-ozone/integration-test/target/test-dir/MiniOzoneClusterImpl-8fb5653b-ece0-45be-97ea-ae3ba8059339/datanode-0/data/ratis/ae681a6d-ceab-4ba6-b525-46ed660dab8a has been successfully formatted.
2019-08-20 15:40:53,236 INFO  ratis.ContainerStateMachine (ContainerStateMachine.java:loadSnapshot(223)) - group-46ED660DAB8A: The snapshot info is null. Setting the last applied indexto:(t:0, i:~)
2019-08-20 15:40:53,236 INFO  server.RaftServerConfigKeys (ConfUtils.java:logGet(43)) - raft.server.leader.election.timeout = 120s (custom)
2019-08-20 15:40:53,237 INFO  server.RaftServerConfigKeys (ConfUtils.java:logGet(43)) - raft.server.log.use.memory = false (default)
2019-08-20 15:40:53,237 INFO  server.RaftServerConfigKeys (ConfUtils.java:logGet(43)) - raft.server.log.purge.gap = 1000000000 (custom)
2019-08-20 15:40:53,237 INFO  server.RaftServerConfigKeys (ConfUtils.java:logGet(43)) - raft.server.log.appender.buffer.byte-limit = 33554432 (custom)
2019-08-20 15:40:53,237 INFO  server.RaftServerConfigKeys (ConfUtils.java:logGet(43)) - raft.server.log.segment.size.max = 1048576 (custom)
2019-08-20 15:40:53,237 INFO  server.RaftServerConfigKeys (ConfUtils.java:logGet(43)) - raft.server.log.segment.cache.num.max = 2 (custom)
2019-08-20 15:40:53,238 INFO  segmented.SegmentedRaftLogWorker (SegmentedRaftLogWorker.java:<init>(172)) - new d57c8d47-402b-46aa-8b70-da25b48a70c2-SegmentedRaftLogWorker:Storage Directory /workdir/hadoop-ozone/integration-test/target/test-dir/MiniOzoneClusterImpl-8fb5653b-ece0-45be-97ea-ae3ba8059339/datanode-0/data/ratis/ae681a6d-ceab-4ba6-b525-46ed660dab8a for RaftStorage:Storage Directory /workdir/hadoop-ozone/integration-test/target/test-dir/MiniOzoneClusterImpl-8fb5653b-ece0-45be-97ea-ae3ba8059339/datanode-0/data/ratis/ae681a6d-ceab-4ba6-b525-46ed660dab8a
2019-08-20 15:40:53,238 INFO  server.RaftServerConfigKeys (ConfUtils.java:logGet(43)) - raft.server.log.queue.byte-limit = 2147483647 (custom)
2019-08-20 15:40:53,238 INFO  server.RaftServerConfigKeys (ConfUtils.java:logGet(43)) - raft.server.log.queue.element-limit = 1024 (custom)
2019-08-20 15:40:53,239 INFO  server.RaftServerConfigKeys (ConfUtils.java:logGet(43)) - raft.server.log.segment.size.max = 1048576 (custom)
2019-08-20 15:40:53,239 INFO  server.RaftServerConfigKeys (ConfUtils.java:logGet(43)) - raft.server.log.preallocated.size = 16384 (custom)
2019-08-20 15:40:53,239 INFO  server.RaftServerConfigKeys (ConfUtils.java:logGet(43)) - raft.server.log.write.buffer.size = 33554432 (custom)
2019-08-20 15:40:53,239 INFO  server.RaftServerConfigKeys (ConfUtils.java:logGet(43)) - raft.server.log.force.sync.num = 128 (default)
2019-08-20 15:40:53,239 INFO  server.RaftServerConfigKeys (ConfUtils.java:logGet(43)) - raft.server.log.statemachine.data.sync = true (default)
2019-08-20 15:40:53,239 INFO  server.RaftServerConfigKeys (ConfUtils.java:logGet(43)) - raft.server.log.statemachine.data.sync.timeout = 10s (default)
2019-08-20 15:40:53,239 INFO  server.RaftServerConfigKeys (ConfUtils.java:logGet(43)) - raft.server.log.statemachine.data.sync.timeout.retry = -1 (default)
2019-08-20 15:40:53,240 INFO  server.RaftServerConfigKeys (ConfUtils.java:logGet(43)) - raft.server.log.statemachine.data.caching.enabled = true (custom)
2019-08-20 15:40:53,240 INFO  segmented.SegmentedRaftLogWorker (SegmentedRaftLogWorker.java:lambda$new$0(132)) - d57c8d47-402b-46aa-8b70-da25b48a70c2-SegmentedRaftLogWorker:Storage Directory /workdir/hadoop-ozone/integration-test/target/test-dir/MiniOzoneClusterImpl-8fb5653b-ece0-45be-97ea-ae3ba8059339/datanode-0/data/ratis/ae681a6d-ceab-4ba6-b525-46ed660dab8a: flushIndex: setUnconditionally 0 -> -1
2019-08-20 15:40:53,241 INFO  server.RaftServerConfigKeys (ConfUtils.java:logGet(43)) - raft.server.snapshot.auto.trigger.enabled = true (custom)
2019-08-20 15:40:53,241 INFO  server.RaftServerConfigKeys (ConfUtils.java:logGet(43)) - raft.server.snapshot.auto.trigger.threshold = 10000 (custom)
2019-08-20 15:40:53,241 INFO  server.RaftServerConfigKeys (ConfUtils.java:logGet(43)) - raft.server.retrycache.expirytime = 600000ms (custom)
2019-08-20 15:40:53,241 INFO  impl.RaftServerImpl (RaftServerImpl.java:start(180)) - d57c8d47-402b-46aa-8b70-da25b48a70c2: start group-46ED660DAB8A
2019-08-20 15:40:53,242 INFO  impl.RaftServerImpl (RaftServerImpl.java:setRole(171)) - d57c8d47-402b-46aa-8b70-da25b48a70c2:group-46ED660DAB8A changes role from null to FOLLOWER at term 0 for startAsFollower
2019-08-20 15:40:53,242 INFO  impl.RoleInfo (RoleInfo.java:updateAndGet(143)) - d57c8d47-402b-46aa-8b70-da25b48a70c2: start FollowerState
2019-08-20 15:40:53,243 INFO  util.JmxRegister (JmxRegister.java:tryRegister(44)) - Successfully registered JMX Bean with object name Ratis:service=RaftServer,group=group-46ED660DAB8A,id=d57c8d47-402b-46aa-8b70-da25b48a70c2
2019-08-20 15:40:53,247 INFO  pipeline.PipelineStateManager (PipelineStateManager.java:addPipeline(56)) - Created pipeline Pipeline[ Id: ae681a6d-ceab-4ba6-b525-46ed660dab8a, Nodes: d57c8d47-402b-46aa-8b70-da25b48a70c2{ip: 192.168.5.175, host: pr-hdds-1879-mp8vb-189615265, networkLocation: /default-rack, certSerialId: null}, Type:RATIS, Factor:ONE, State:OPEN]
2019-08-20 15:40:53,358 INFO  net.NetworkTopology (NetworkTopologyImpl.java:add(110)) - Added a new node: /default-rack/41326633-e7c0-4b56-8531-f737bb1d6b82
2019-08-20 15:40:53,358 INFO  node.SCMNodeManager (SCMNodeManager.java:register(273)) - Registered Data node : 41326633-e7c0-4b56-8531-f737bb1d6b82{ip: 192.168.5.175, host: pr-hdds-1879-mp8vb-189615265, networkLocation: /default-rack, certSerialId: null}
2019-08-20 15:40:53,365 INFO  impl.RaftServerProxy (RaftServerProxy.java:addNew(89)) - 41326633-e7c0-4b56-8531-f737bb1d6b82: addNew group-5926763B527B:[41326633-e7c0-4b56-8531-f737bb1d6b82:192.168.5.175:33150] returns group-5926763B527B:java.util.concurrent.CompletableFuture@32cefb97[Not completed]
2019-08-20 15:40:53,367 INFO  impl.RaftServerImpl (RaftServerImpl.java:<init>(93)) - 41326633-e7c0-4b56-8531-f737bb1d6b82: new RaftServerImpl for group-5926763B527B:[41326633-e7c0-4b56-8531-f737bb1d6b82:192.168.5.175:33150] with ContainerStateMachine:uninitialized
2019-08-20 15:40:53,367 INFO  server.RaftServerConfigKeys (ConfUtils.java:logGet(43)) - raft.server.rpc.timeout.min = 5s (custom)
2019-08-20 15:40:53,368 INFO  server.RaftServerConfigKeys (ConfUtils.java:logGet(43)) - raft.server.rpc.timeout.max = 5200ms (custom)
2019-08-20 15:40:53,368 INFO  server.RaftServerConfigKeys (ConfUtils.java:logGet(43)) - raft.server.rpcslowness.timeout = 120s (custom)
2019-08-20 15:40:53,368 INFO  server.RaftServerConfigKeys (ConfUtils.java:logGet(43)) - raft.server.sleep.deviation.threshold = 300 (default)
2019-08-20 15:40:53,368 INFO  server.RaftServerConfigKeys (ConfUtils.java:logGet(43)) - raft.server.log.appender.install.snapshot.enabled = false (custom)
2019-08-20 15:40:53,368 INFO  impl.RaftServerImpl (ServerState.java:<init>(105)) - 41326633-e7c0-4b56-8531-f737bb1d6b82:group-5926763B527B ConfigurationManager, init=-1: [41326633-e7c0-4b56-8531-f737bb1d6b82:192.168.5.175:33150], old=null, confs=<EMPTY_MAP>
2019-08-20 15:40:53,368 INFO  server.RaftServerConfigKeys (ConfUtils.java:logGet(43)) - raft.server.storage.dir = [/workdir/hadoop-ozone/integration-test/target/test-dir/MiniOzoneClusterImpl-8fb5653b-ece0-45be-97ea-ae3ba8059339/datanode-1/data/ratis] (custom)
2019-08-20 15:40:53,369 INFO  storage.RaftStorageDirectory (RaftStorageDirectory.java:analyzeStorage(246)) - The storage directory /workdir/hadoop-ozone/integration-test/target/test-dir/MiniOzoneClusterImpl-8fb5653b-ece0-45be-97ea-ae3ba8059339/datanode-1/data/ratis/97e0169e-ae60-40fa-ada6-5926763b527b does not exist. Creating ...
2019-08-20 15:40:53,382 INFO  storage.RaftStorageDirectory (RaftStorageDirectory.java:tryLock(328)) - Lock on /workdir/hadoop-ozone/integration-test/target/test-dir/MiniOzoneClusterImpl-8fb5653b-ece0-45be-97ea-ae3ba8059339/datanode-1/data/ratis/97e0169e-ae60-40fa-ada6-5926763b527b/in_use.lock acquired by nodename 29188@pr-hdds-1879-mp8vb-189615265
2019-08-20 15:40:53,395 INFO  storage.RaftStorage (RaftStorage.java:format(72)) - Storage directory /workdir/hadoop-ozone/integration-test/target/test-dir/MiniOzoneClusterImpl-8fb5653b-ece0-45be-97ea-ae3ba8059339/datanode-1/data/ratis/97e0169e-ae60-40fa-ada6-5926763b527b has been successfully formatted.
2019-08-20 15:40:53,396 INFO  ratis.ContainerStateMachine (ContainerStateMachine.java:loadSnapshot(223)) - group-5926763B527B: The snapshot info is null. Setting the last applied indexto:(t:0, i:~)
2019-08-20 15:40:53,396 INFO  server.RaftServerConfigKeys (ConfUtils.java:logGet(43)) - raft.server.leader.election.timeout = 120s (custom)
2019-08-20 15:40:53,396 INFO  server.RaftServerConfigKeys (ConfUtils.java:logGet(43)) - raft.server.log.use.memory = false (default)
2019-08-20 15:40:53,396 INFO  server.RaftServerConfigKeys (ConfUtils.java:logGet(43)) - raft.server.log.purge.gap = 1000000000 (custom)
2019-08-20 15:40:53,396 INFO  server.RaftServerConfigKeys (ConfUtils.java:logGet(43)) - raft.server.log.appender.buffer.byte-limit = 33554432 (custom)
2019-08-20 15:40:53,397 INFO  server.RaftServerConfigKeys (ConfUtils.java:logGet(43)) - raft.server.log.segment.size.max = 1048576 (custom)
2019-08-20 15:40:53,397 INFO  server.RaftServerConfigKeys (ConfUtils.java:logGet(43)) - raft.server.log.segment.cache.num.max = 2 (custom)
2019-08-20 15:40:53,397 INFO  segmented.SegmentedRaftLogWorker (SegmentedRaftLogWorker.java:<init>(172)) - new 41326633-e7c0-4b56-8531-f737bb1d6b82-SegmentedRaftLogWorker:Storage Directory /workdir/hadoop-ozone/integration-test/target/test-dir/MiniOzoneClusterImpl-8fb5653b-ece0-45be-97ea-ae3ba8059339/datanode-1/data/ratis/97e0169e-ae60-40fa-ada6-5926763b527b for RaftStorage:Storage Directory /workdir/hadoop-ozone/integration-test/target/test-dir/MiniOzoneClusterImpl-8fb5653b-ece0-45be-97ea-ae3ba8059339/datanode-1/data/ratis/97e0169e-ae60-40fa-ada6-5926763b527b
2019-08-20 15:40:53,397 INFO  server.RaftServerConfigKeys (ConfUtils.java:logGet(43)) - raft.server.log.queue.byte-limit = 2147483647 (custom)
2019-08-20 15:40:53,397 INFO  server.RaftServerConfigKeys (ConfUtils.java:logGet(43)) - raft.server.log.queue.element-limit = 1024 (custom)
2019-08-20 15:40:53,398 INFO  server.RaftServerConfigKeys (ConfUtils.java:logGet(43)) - raft.server.log.segment.size.max = 1048576 (custom)
2019-08-20 15:40:53,398 INFO  server.RaftServerConfigKeys (ConfUtils.java:logGet(43)) - raft.server.log.preallocated.size = 16384 (custom)
2019-08-20 15:40:53,398 INFO  server.RaftServerConfigKeys (ConfUtils.java:logGet(43)) - raft.server.log.write.buffer.size = 33554432 (custom)
2019-08-20 15:40:53,398 INFO  server.RaftServerConfigKeys (ConfUtils.java:logGet(43)) - raft.server.log.force.sync.num = 128 (default)
2019-08-20 15:40:53,398 INFO  server.RaftServerConfigKeys (ConfUtils.java:logGet(43)) - raft.server.log.statemachine.data.sync = true (default)
2019-08-20 15:40:53,398 INFO  server.RaftServerConfigKeys (ConfUtils.java:logGet(43)) - raft.server.log.statemachine.data.sync.timeout = 10s (default)
2019-08-20 15:40:53,399 INFO  server.RaftServerConfigKeys (ConfUtils.java:logGet(43)) - raft.server.log.statemachine.data.sync.timeout.retry = -1 (default)
2019-08-20 15:40:53,399 INFO  server.RaftServerConfigKeys (ConfUtils.java:logGet(43)) - raft.server.log.statemachine.data.caching.enabled = true (custom)
2019-08-20 15:40:53,399 INFO  segmented.SegmentedRaftLogWorker (SegmentedRaftLogWorker.java:lambda$new$0(132)) - 41326633-e7c0-4b56-8531-f737bb1d6b82-SegmentedRaftLogWorker:Storage Directory /workdir/hadoop-ozone/integration-test/target/test-dir/MiniOzoneClusterImpl-8fb5653b-ece0-45be-97ea-ae3ba8059339/datanode-1/data/ratis/97e0169e-ae60-40fa-ada6-5926763b527b: flushIndex: setUnconditionally 0 -> -1
2019-08-20 15:40:53,400 INFO  server.RaftServerConfigKeys (ConfUtils.java:logGet(43)) - raft.server.snapshot.auto.trigger.enabled = true (custom)
2019-08-20 15:40:53,400 INFO  server.RaftServerConfigKeys (ConfUtils.java:logGet(43)) - raft.server.snapshot.auto.trigger.threshold = 10000 (custom)
2019-08-20 15:40:53,400 INFO  server.RaftServerConfigKeys (ConfUtils.java:logGet(43)) - raft.server.retrycache.expirytime = 600000ms (custom)
2019-08-20 15:40:53,400 INFO  impl.RaftServerImpl (RaftServerImpl.java:start(180)) - 41326633-e7c0-4b56-8531-f737bb1d6b82: start group-5926763B527B
2019-08-20 15:40:53,401 INFO  impl.RaftServerImpl (RaftServerImpl.java:setRole(171)) - 41326633-e7c0-4b56-8531-f737bb1d6b82:group-5926763B527B changes role from null to FOLLOWER at term 0 for startAsFollower
2019-08-20 15:40:53,401 INFO  impl.RoleInfo (RoleInfo.java:updateAndGet(143)) - 41326633-e7c0-4b56-8531-f737bb1d6b82: start FollowerState
2019-08-20 15:40:53,401 INFO  util.JmxRegister (JmxRegister.java:tryRegister(44)) - Successfully registered JMX Bean with object name Ratis:service=RaftServer,group=group-5926763B527B,id=41326633-e7c0-4b56-8531-f737bb1d6b82
2019-08-20 15:40:53,404 INFO  pipeline.PipelineStateManager (PipelineStateManager.java:addPipeline(56)) - Created pipeline Pipeline[ Id: 97e0169e-ae60-40fa-ada6-5926763b527b, Nodes: 41326633-e7c0-4b56-8531-f737bb1d6b82{ip: 192.168.5.175, host: pr-hdds-1879-mp8vb-189615265, networkLocation: /default-rack, certSerialId: null}, Type:RATIS, Factor:ONE, State:OPEN]
2019-08-20 15:40:53,619 INFO  net.NetworkTopology (NetworkTopologyImpl.java:add(110)) - Added a new node: /default-rack/d6bfb2d3-2a38-4016-a856-377fc512a5f4
2019-08-20 15:40:53,619 INFO  node.SCMNodeManager (SCMNodeManager.java:register(273)) - Registered Data node : d6bfb2d3-2a38-4016-a856-377fc512a5f4{ip: 192.168.5.175, host: pr-hdds-1879-mp8vb-189615265, networkLocation: /default-rack, certSerialId: null}
2019-08-20 15:40:53,628 INFO  impl.RaftServerProxy (RaftServerProxy.java:addNew(89)) - d6bfb2d3-2a38-4016-a856-377fc512a5f4: addNew group-5C5D252B522C:[d6bfb2d3-2a38-4016-a856-377fc512a5f4:192.168.5.175:33668] returns group-5C5D252B522C:java.util.concurrent.CompletableFuture@1d31270a[Not completed]
2019-08-20 15:40:53,630 INFO  impl.RaftServerImpl (RaftServerImpl.java:<init>(93)) - d6bfb2d3-2a38-4016-a856-377fc512a5f4: new RaftServerImpl for group-5C5D252B522C:[d6bfb2d3-2a38-4016-a856-377fc512a5f4:192.168.5.175:33668] with ContainerStateMachine:uninitialized
2019-08-20 15:40:53,630 INFO  server.RaftServerConfigKeys (ConfUtils.java:logGet(43)) - raft.server.rpc.timeout.min = 5s (custom)
2019-08-20 15:40:53,630 INFO  server.RaftServerConfigKeys (ConfUtils.java:logGet(43)) - raft.server.rpc.timeout.max = 5200ms (custom)
2019-08-20 15:40:53,630 INFO  server.RaftServerConfigKeys (ConfUtils.java:logGet(43)) - raft.server.rpcslowness.timeout = 120s (custom)
2019-08-20 15:40:53,630 INFO  server.RaftServerConfigKeys (ConfUtils.java:logGet(43)) - raft.server.sleep.deviation.threshold = 300 (default)
2019-08-20 15:40:53,631 INFO  server.RaftServerConfigKeys (ConfUtils.java:logGet(43)) - raft.server.log.appender.install.snapshot.enabled = false (custom)
2019-08-20 15:40:53,631 INFO  impl.RaftServerImpl (ServerState.java:<init>(105)) - d6bfb2d3-2a38-4016-a856-377fc512a5f4:group-5C5D252B522C ConfigurationManager, init=-1: [d6bfb2d3-2a38-4016-a856-377fc512a5f4:192.168.5.175:33668], old=null, confs=<EMPTY_MAP>
2019-08-20 15:40:53,631 INFO  server.RaftServerConfigKeys (ConfUtils.java:logGet(43)) - raft.server.storage.dir = [/workdir/hadoop-ozone/integration-test/target/test-dir/MiniOzoneClusterImpl-8fb5653b-ece0-45be-97ea-ae3ba8059339/datanode-2/data/ratis] (custom)
2019-08-20 15:40:53,631 INFO  storage.RaftStorageDirectory (RaftStorageDirectory.java:analyzeStorage(246)) - The storage directory /workdir/hadoop-ozone/integration-test/target/test-dir/MiniOzoneClusterImpl-8fb5653b-ece0-45be-97ea-ae3ba8059339/datanode-2/data/ratis/117e3495-055f-4c2b-bd9c-5c5d252b522c does not exist. Creating ...
2019-08-20 15:40:53,645 INFO  storage.RaftStorageDirectory (RaftStorageDirectory.java:tryLock(328)) - Lock on /workdir/hadoop-ozone/integration-test/target/test-dir/MiniOzoneClusterImpl-8fb5653b-ece0-45be-97ea-ae3ba8059339/datanode-2/data/ratis/117e3495-055f-4c2b-bd9c-5c5d252b522c/in_use.lock acquired by nodename 29188@pr-hdds-1879-mp8vb-189615265
2019-08-20 15:40:53,658 INFO  storage.RaftStorage (RaftStorage.java:format(72)) - Storage directory /workdir/hadoop-ozone/integration-test/target/test-dir/MiniOzoneClusterImpl-8fb5653b-ece0-45be-97ea-ae3ba8059339/datanode-2/data/ratis/117e3495-055f-4c2b-bd9c-5c5d252b522c has been successfully formatted.
2019-08-20 15:40:53,659 INFO  ratis.ContainerStateMachine (ContainerStateMachine.java:loadSnapshot(223)) - group-5C5D252B522C: The snapshot info is null. Setting the last applied indexto:(t:0, i:~)
2019-08-20 15:40:53,659 INFO  server.RaftServerConfigKeys (ConfUtils.java:logGet(43)) - raft.server.leader.election.timeout = 120s (custom)
2019-08-20 15:40:53,659 INFO  server.RaftServerConfigKeys (ConfUtils.java:logGet(43)) - raft.server.log.use.memory = false (default)
2019-08-20 15:40:53,660 INFO  server.RaftServerConfigKeys (ConfUtils.java:logGet(43)) - raft.server.log.purge.gap = 1000000000 (custom)
2019-08-20 15:40:53,660 INFO  server.RaftServerConfigKeys (ConfUtils.java:logGet(43)) - raft.server.log.appender.buffer.byte-limit = 33554432 (custom)
2019-08-20 15:40:53,660 INFO  server.RaftServerConfigKeys (ConfUtils.java:logGet(43)) - raft.server.log.segment.size.max = 1048576 (custom)
2019-08-20 15:40:53,660 INFO  server.RaftServerConfigKeys (ConfUtils.java:logGet(43)) - raft.server.log.segment.cache.num.max = 2 (custom)
2019-08-20 15:40:53,660 INFO  segmented.SegmentedRaftLogWorker (SegmentedRaftLogWorker.java:<init>(172)) - new d6bfb2d3-2a38-4016-a856-377fc512a5f4-SegmentedRaftLogWorker:Storage Directory /workdir/hadoop-ozone/integration-test/target/test-dir/MiniOzoneClusterImpl-8fb5653b-ece0-45be-97ea-ae3ba8059339/datanode-2/data/ratis/117e3495-055f-4c2b-bd9c-5c5d252b522c for RaftStorage:Storage Directory /workdir/hadoop-ozone/integration-test/target/test-dir/MiniOzoneClusterImpl-8fb5653b-ece0-45be-97ea-ae3ba8059339/datanode-2/data/ratis/117e3495-055f-4c2b-bd9c-5c5d252b522c
2019-08-20 15:40:53,660 INFO  server.RaftServerConfigKeys (ConfUtils.java:logGet(43)) - raft.server.log.queue.byte-limit = 2147483647 (custom)
2019-08-20 15:40:53,661 INFO  server.RaftServerConfigKeys (ConfUtils.java:logGet(43)) - raft.server.log.queue.element-limit = 1024 (custom)
2019-08-20 15:40:53,661 INFO  server.RaftServerConfigKeys (ConfUtils.java:logGet(43)) - raft.server.log.segment.size.max = 1048576 (custom)
2019-08-20 15:40:53,661 INFO  server.RaftServerConfigKeys (ConfUtils.java:logGet(43)) - raft.server.log.preallocated.size = 16384 (custom)
2019-08-20 15:40:53,661 INFO  server.RaftServerConfigKeys (ConfUtils.java:logGet(43)) - raft.server.log.write.buffer.size = 33554432 (custom)
2019-08-20 15:40:53,661 INFO  server.RaftServerConfigKeys (ConfUtils.java:logGet(43)) - raft.server.log.force.sync.num = 128 (default)
2019-08-20 15:40:53,661 INFO  server.RaftServerConfigKeys (ConfUtils.java:logGet(43)) - raft.server.log.statemachine.data.sync = true (default)
2019-08-20 15:40:53,661 INFO  server.RaftServerConfigKeys (ConfUtils.java:logGet(43)) - raft.server.log.statemachine.data.sync.timeout = 10s (default)
2019-08-20 15:40:53,662 INFO  server.RaftServerConfigKeys (ConfUtils.java:logGet(43)) - raft.server.log.statemachine.data.sync.timeout.retry = -1 (default)
2019-08-20 15:40:53,662 INFO  server.RaftServerConfigKeys (ConfUtils.java:logGet(43)) - raft.server.log.statemachine.data.caching.enabled = true (custom)
2019-08-20 15:40:53,662 INFO  segmented.SegmentedRaftLogWorker (SegmentedRaftLogWorker.java:lambda$new$0(132)) - d6bfb2d3-2a38-4016-a856-377fc512a5f4-SegmentedRaftLogWorker:Storage Directory /workdir/hadoop-ozone/integration-test/target/test-dir/MiniOzoneClusterImpl-8fb5653b-ece0-45be-97ea-ae3ba8059339/datanode-2/data/ratis/117e3495-055f-4c2b-bd9c-5c5d252b522c: flushIndex: setUnconditionally 0 -> -1
2019-08-20 15:40:53,663 INFO  server.RaftServerConfigKeys (ConfUtils.java:logGet(43)) - raft.server.snapshot.auto.trigger.enabled = true (custom)
2019-08-20 15:40:53,663 INFO  server.RaftServerConfigKeys (ConfUtils.java:logGet(43)) - raft.server.snapshot.auto.trigger.threshold = 10000 (custom)
2019-08-20 15:40:53,663 INFO  server.RaftServerConfigKeys (ConfUtils.java:logGet(43)) - raft.server.retrycache.expirytime = 600000ms (custom)
2019-08-20 15:40:53,663 INFO  impl.RaftServerImpl (RaftServerImpl.java:start(180)) - d6bfb2d3-2a38-4016-a856-377fc512a5f4: start group-5C5D252B522C
2019-08-20 15:40:53,663 INFO  impl.RaftServerImpl (RaftServerImpl.java:setRole(171)) - d6bfb2d3-2a38-4016-a856-377fc512a5f4:group-5C5D252B522C changes role from null to FOLLOWER at term 0 for startAsFollower
2019-08-20 15:40:53,663 INFO  impl.RoleInfo (RoleInfo.java:updateAndGet(143)) - d6bfb2d3-2a38-4016-a856-377fc512a5f4: start FollowerState
2019-08-20 15:40:53,664 INFO  util.JmxRegister (JmxRegister.java:tryRegister(44)) - Successfully registered JMX Bean with object name Ratis:service=RaftServer,group=group-5C5D252B522C,id=d6bfb2d3-2a38-4016-a856-377fc512a5f4
2019-08-20 15:40:53,666 INFO  pipeline.PipelineStateManager (PipelineStateManager.java:addPipeline(56)) - Created pipeline Pipeline[ Id: 117e3495-055f-4c2b-bd9c-5c5d252b522c, Nodes: d6bfb2d3-2a38-4016-a856-377fc512a5f4{ip: 192.168.5.175, host: pr-hdds-1879-mp8vb-189615265, networkLocation: /default-rack, certSerialId: null}, Type:RATIS, Factor:ONE, State:OPEN]
2019-08-20 15:40:53,677 INFO  ozone.MiniOzoneClusterImpl (MiniOzoneClusterImpl.java:lambda$waitForClusterToBeReady$0(142)) - Waiting for cluster to be ready. Got 3 of 7 DN Heartbeats.
2019-08-20 15:40:53,685 INFO  impl.RaftServerProxy (RaftServerProxy.java:addNew(89)) - d6bfb2d3-2a38-4016-a856-377fc512a5f4: addNew group-B5CD9A9575FB:[d6bfb2d3-2a38-4016-a856-377fc512a5f4:192.168.5.175:33668, 41326633-e7c0-4b56-8531-f737bb1d6b82:192.168.5.175:33150, d57c8d47-402b-46aa-8b70-da25b48a70c2:192.168.5.175:37229] returns group-B5CD9A9575FB:java.util.concurrent.CompletableFuture@5967c395[Not completed]
2019-08-20 15:40:53,685 INFO  impl.RaftServerProxy (RaftServerProxy.java:addNew(89)) - 41326633-e7c0-4b56-8531-f737bb1d6b82: addNew group-B5CD9A9575FB:[d6bfb2d3-2a38-4016-a856-377fc512a5f4:192.168.5.175:33668, 41326633-e7c0-4b56-8531-f737bb1d6b82:192.168.5.175:33150, d57c8d47-402b-46aa-8b70-da25b48a70c2:192.168.5.175:37229] returns group-B5CD9A9575FB:java.util.concurrent.CompletableFuture@6b0c82a1[Not completed]
2019-08-20 15:40:53,685 INFO  impl.RaftServerProxy (RaftServerProxy.java:addNew(89)) - d57c8d47-402b-46aa-8b70-da25b48a70c2: addNew group-B5CD9A9575FB:[d6bfb2d3-2a38-4016-a856-377fc512a5f4:192.168.5.175:33668, 41326633-e7c0-4b56-8531-f737bb1d6b82:192.168.5.175:33150, d57c8d47-402b-46aa-8b70-da25b48a70c2:192.168.5.175:37229] returns group-B5CD9A9575FB:java.util.concurrent.CompletableFuture@12bf9354[Not completed]
2019-08-20 15:40:53,687 INFO  impl.RaftServerImpl (RaftServerImpl.java:<init>(93)) - d6bfb2d3-2a38-4016-a856-377fc512a5f4: new RaftServerImpl for group-B5CD9A9575FB:[d6bfb2d3-2a38-4016-a856-377fc512a5f4:192.168.5.175:33668, 41326633-e7c0-4b56-8531-f737bb1d6b82:192.168.5.175:33150, d57c8d47-402b-46aa-8b70-da25b48a70c2:192.168.5.175:37229] with ContainerStateMachine:uninitialized
2019-08-20 15:40:53,687 INFO  server.RaftServerConfigKeys (ConfUtils.java:logGet(43)) - raft.server.rpc.timeout.min = 5s (custom)
2019-08-20 15:40:53,687 INFO  server.RaftServerConfigKeys (ConfUtils.java:logGet(43)) - raft.server.rpc.timeout.max = 5200ms (custom)
2019-08-20 15:40:53,687 INFO  server.RaftServerConfigKeys (ConfUtils.java:logGet(43)) - raft.server.rpcslowness.timeout = 120s (custom)
2019-08-20 15:40:53,687 INFO  server.RaftServerConfigKeys (ConfUtils.java:logGet(43)) - raft.server.sleep.deviation.threshold = 300 (default)
2019-08-20 15:40:53,687 INFO  impl.RaftServerImpl (RaftServerImpl.java:<init>(93)) - d57c8d47-402b-46aa-8b70-da25b48a70c2: new RaftServerImpl for group-B5CD9A9575FB:[d6bfb2d3-2a38-4016-a856-377fc512a5f4:192.168.5.175:33668, 41326633-e7c0-4b56-8531-f737bb1d6b82:192.168.5.175:33150, d57c8d47-402b-46aa-8b70-da25b48a70c2:192.168.5.175:37229] with ContainerStateMachine:uninitialized
2019-08-20 15:40:53,687 INFO  server.RaftServerConfigKeys (ConfUtils.java:logGet(43)) - raft.server.log.appender.install.snapshot.enabled = false (custom)
2019-08-20 15:40:53,688 INFO  server.RaftServerConfigKeys (ConfUtils.java:logGet(43)) - raft.server.rpc.timeout.min = 5s (custom)
2019-08-20 15:40:53,688 INFO  impl.RaftServerImpl (ServerState.java:<init>(105)) - d6bfb2d3-2a38-4016-a856-377fc512a5f4:group-B5CD9A9575FB ConfigurationManager, init=-1: [d6bfb2d3-2a38-4016-a856-377fc512a5f4:192.168.5.175:33668, 41326633-e7c0-4b56-8531-f737bb1d6b82:192.168.5.175:33150, d57c8d47-402b-46aa-8b70-da25b48a70c2:192.168.5.175:37229], old=null, confs=<EMPTY_MAP>
2019-08-20 15:40:53,688 INFO  impl.RaftServerImpl (RaftServerImpl.java:<init>(93)) - 41326633-e7c0-4b56-8531-f737bb1d6b82: new RaftServerImpl for group-B5CD9A9575FB:[d6bfb2d3-2a38-4016-a856-377fc512a5f4:192.168.5.175:33668, 41326633-e7c0-4b56-8531-f737bb1d6b82:192.168.5.175:33150, d57c8d47-402b-46aa-8b70-da25b48a70c2:192.168.5.175:37229] with ContainerStateMachine:uninitialized
2019-08-20 15:40:53,688 INFO  server.RaftServerConfigKeys (ConfUtils.java:logGet(43)) - raft.server.storage.dir = [/workdir/hadoop-ozone/integration-test/target/test-dir/MiniOzoneClusterImpl-8fb5653b-ece0-45be-97ea-ae3ba8059339/datanode-2/data/ratis] (custom)
2019-08-20 15:40:53,688 INFO  server.RaftServerConfigKeys (ConfUtils.java:logGet(43)) - raft.server.rpc.timeout.max = 5200ms (custom)
2019-08-20 15:40:53,688 INFO  server.RaftServerConfigKeys (ConfUtils.java:logGet(43)) - raft.server.rpc.timeout.min = 5s (custom)
2019-08-20 15:40:53,688 INFO  server.RaftServerConfigKeys (ConfUtils.java:logGet(43)) - raft.server.rpcslowness.timeout = 120s (custom)
2019-08-20 15:40:53,689 INFO  storage.RaftStorageDirectory (RaftStorageDirectory.java:analyzeStorage(246)) - The storage directory /workdir/hadoop-ozone/integration-test/target/test-dir/MiniOzoneClusterImpl-8fb5653b-ece0-45be-97ea-ae3ba8059339/datanode-2/data/ratis/c396ed94-c790-4573-ab7d-b5cd9a9575fb does not exist. Creating ...
2019-08-20 15:40:53,689 INFO  server.RaftServerConfigKeys (ConfUtils.java:logGet(43)) - raft.server.rpc.timeout.max = 5200ms (custom)
2019-08-20 15:40:53,689 INFO  server.RaftServerConfigKeys (ConfUtils.java:logGet(43)) - raft.server.sleep.deviation.threshold = 300 (default)
2019-08-20 15:40:53,689 INFO  server.RaftServerConfigKeys (ConfUtils.java:logGet(43)) - raft.server.rpcslowness.timeout = 120s (custom)
2019-08-20 15:40:53,689 INFO  server.RaftServerConfigKeys (ConfUtils.java:logGet(43)) - raft.server.log.appender.install.snapshot.enabled = false (custom)
2019-08-20 15:40:53,689 INFO  server.RaftServerConfigKeys (ConfUtils.java:logGet(43)) - raft.server.sleep.deviation.threshold = 300 (default)
2019-08-20 15:40:53,689 INFO  impl.RaftServerImpl (ServerState.java:<init>(105)) - d57c8d47-402b-46aa-8b70-da25b48a70c2:group-B5CD9A9575FB ConfigurationManager, init=-1: [d6bfb2d3-2a38-4016-a856-377fc512a5f4:192.168.5.175:33668, 41326633-e7c0-4b56-8531-f737bb1d6b82:192.168.5.175:33150, d57c8d47-402b-46aa-8b70-da25b48a70c2:192.168.5.175:37229], old=null, confs=<EMPTY_MAP>
2019-08-20 15:40:53,690 INFO  server.RaftServerConfigKeys (ConfUtils.java:logGet(43)) - raft.server.log.appender.install.snapshot.enabled = false (custom)
2019-08-20 15:40:53,690 INFO  server.RaftServerConfigKeys (ConfUtils.java:logGet(43)) - raft.server.storage.dir = [/workdir/hadoop-ozone/integration-test/target/test-dir/MiniOzoneClusterImpl-8fb5653b-ece0-45be-97ea-ae3ba8059339/datanode-0/data/ratis] (custom)
2019-08-20 15:40:53,690 INFO  impl.RaftServerImpl (ServerState.java:<init>(105)) - 41326633-e7c0-4b56-8531-f737bb1d6b82:group-B5CD9A9575FB ConfigurationManager, init=-1: [d6bfb2d3-2a38-4016-a856-377fc512a5f4:192.168.5.175:33668, 41326633-e7c0-4b56-8531-f737bb1d6b82:192.168.5.175:33150, d57c8d47-402b-46aa-8b70-da25b48a70c2:192.168.5.175:37229], old=null, confs=<EMPTY_MAP>
2019-08-20 15:40:53,690 INFO  server.RaftServerConfigKeys (ConfUtils.java:logGet(43)) - raft.server.storage.dir = [/workdir/hadoop-ozone/integration-test/target/test-dir/MiniOzoneClusterImpl-8fb5653b-ece0-45be-97ea-ae3ba8059339/datanode-1/data/ratis] (custom)
2019-08-20 15:40:53,690 INFO  storage.RaftStorageDirectory (RaftStorageDirectory.java:analyzeStorage(246)) - The storage directory /workdir/hadoop-ozone/integration-test/target/test-dir/MiniOzoneClusterImpl-8fb5653b-ece0-45be-97ea-ae3ba8059339/datanode-0/data/ratis/c396ed94-c790-4573-ab7d-b5cd9a9575fb does not exist. Creating ...
2019-08-20 15:40:53,690 INFO  storage.RaftStorageDirectory (RaftStorageDirectory.java:analyzeStorage(246)) - The storage directory /workdir/hadoop-ozone/integration-test/target/test-dir/MiniOzoneClusterImpl-8fb5653b-ece0-45be-97ea-ae3ba8059339/datanode-1/data/ratis/c396ed94-c790-4573-ab7d-b5cd9a9575fb does not exist. Creating ...
2019-08-20 15:40:53,703 INFO  storage.RaftStorageDirectory (RaftStorageDirectory.java:tryLock(328)) - Lock on /workdir/hadoop-ozone/integration-test/target/test-dir/MiniOzoneClusterImpl-8fb5653b-ece0-45be-97ea-ae3ba8059339/datanode-0/data/ratis/c396ed94-c790-4573-ab7d-b5cd9a9575fb/in_use.lock acquired by nodename 29188@pr-hdds-1879-mp8vb-189615265
2019-08-20 15:40:53,703 INFO  storage.RaftStorageDirectory (RaftStorageDirectory.java:tryLock(328)) - Lock on /workdir/hadoop-ozone/integration-test/target/test-dir/MiniOzoneClusterImpl-8fb5653b-ece0-45be-97ea-ae3ba8059339/datanode-1/data/ratis/c396ed94-c790-4573-ab7d-b5cd9a9575fb/in_use.lock acquired by nodename 29188@pr-hdds-1879-mp8vb-189615265
2019-08-20 15:40:53,703 INFO  storage.RaftStorageDirectory (RaftStorageDirectory.java:tryLock(328)) - Lock on /workdir/hadoop-ozone/integration-test/target/test-dir/MiniOzoneClusterImpl-8fb5653b-ece0-45be-97ea-ae3ba8059339/datanode-2/data/ratis/c396ed94-c790-4573-ab7d-b5cd9a9575fb/in_use.lock acquired by nodename 29188@pr-hdds-1879-mp8vb-189615265
2019-08-20 15:40:53,717 INFO  storage.RaftStorage (RaftStorage.java:format(72)) - Storage directory /workdir/hadoop-ozone/integration-test/target/test-dir/MiniOzoneClusterImpl-8fb5653b-ece0-45be-97ea-ae3ba8059339/datanode-0/data/ratis/c396ed94-c790-4573-ab7d-b5cd9a9575fb has been successfully formatted.
2019-08-20 15:40:53,717 INFO  storage.RaftStorage (RaftStorage.java:format(72)) - Storage directory /workdir/hadoop-ozone/integration-test/target/test-dir/MiniOzoneClusterImpl-8fb5653b-ece0-45be-97ea-ae3ba8059339/datanode-2/data/ratis/c396ed94-c790-4573-ab7d-b5cd9a9575fb has been successfully formatted.
2019-08-20 15:40:53,717 INFO  ratis.ContainerStateMachine (ContainerStateMachine.java:loadSnapshot(223)) - group-B5CD9A9575FB: The snapshot info is null. Setting the last applied indexto:(t:0, i:~)
2019-08-20 15:40:53,717 INFO  ratis.ContainerStateMachine (ContainerStateMachine.java:loadSnapshot(223)) - group-B5CD9A9575FB: The snapshot info is null. Setting the last applied indexto:(t:0, i:~)
2019-08-20 15:40:53,717 INFO  storage.RaftStorage (RaftStorage.java:format(72)) - Storage directory /workdir/hadoop-ozone/integration-test/target/test-dir/MiniOzoneClusterImpl-8fb5653b-ece0-45be-97ea-ae3ba8059339/datanode-1/data/ratis/c396ed94-c790-4573-ab7d-b5cd9a9575fb has been successfully formatted.
2019-08-20 15:40:53,718 INFO  server.RaftServerConfigKeys (ConfUtils.java:logGet(43)) - raft.server.leader.election.timeout = 120s (custom)
2019-08-20 15:40:53,718 INFO  ratis.ContainerStateMachine (ContainerStateMachine.java:loadSnapshot(223)) - group-B5CD9A9575FB: The snapshot info is null. Setting the last applied indexto:(t:0, i:~)
2019-08-20 15:40:53,717 INFO  server.RaftServerConfigKeys (ConfUtils.java:logGet(43)) - raft.server.leader.election.timeout = 120s (custom)
2019-08-20 15:40:53,718 INFO  server.RaftServerConfigKeys (ConfUtils.java:logGet(43)) - raft.server.leader.election.timeout = 120s (custom)
2019-08-20 15:40:53,718 INFO  server.RaftServerConfigKeys (ConfUtils.java:logGet(43)) - raft.server.log.use.memory = false (default)
2019-08-20 15:40:53,718 INFO  server.RaftServerConfigKeys (ConfUtils.java:logGet(43)) - raft.server.log.use.memory = false (default)
2019-08-20 15:40:53,719 INFO  server.RaftServerConfigKeys (ConfUtils.java:logGet(43)) - raft.server.log.purge.gap = 1000000000 (custom)
2019-08-20 15:40:53,718 INFO  server.RaftServerConfigKeys (ConfUtils.java:logGet(43)) - raft.server.log.use.memory = false (default)
2019-08-20 15:40:53,719 INFO  server.RaftServerConfigKeys (ConfUtils.java:logGet(43)) - raft.server.log.appender.buffer.byte-limit = 33554432 (custom)
2019-08-20 15:40:53,719 INFO  server.RaftServerConfigKeys (ConfUtils.java:logGet(43)) - raft.server.log.purge.gap = 1000000000 (custom)
2019-08-20 15:40:53,719 INFO  server.RaftServerConfigKeys (ConfUtils.java:logGet(43)) - raft.server.log.segment.size.max = 1048576 (custom)
2019-08-20 15:40:53,719 INFO  server.RaftServerConfigKeys (ConfUtils.java:logGet(43)) - raft.server.log.purge.gap = 1000000000 (custom)
2019-08-20 15:40:53,720 INFO  server.RaftServerConfigKeys (ConfUtils.java:logGet(43)) - raft.server.log.segment.cache.num.max = 2 (custom)
2019-08-20 15:40:53,719 INFO  server.RaftServerConfigKeys (ConfUtils.java:logGet(43)) - raft.server.log.appender.buffer.byte-limit = 33554432 (custom)
2019-08-20 15:40:53,720 INFO  segmented.SegmentedRaftLogWorker (SegmentedRaftLogWorker.java:<init>(172)) - new 41326633-e7c0-4b56-8531-f737bb1d6b82-SegmentedRaftLogWorker:Storage Directory /workdir/hadoop-ozone/integration-test/target/test-dir/MiniOzoneClusterImpl-8fb5653b-ece0-45be-97ea-ae3ba8059339/datanode-1/data/ratis/c396ed94-c790-4573-ab7d-b5cd9a9575fb for RaftStorage:Storage Directory /workdir/hadoop-ozone/integration-test/target/test-dir/MiniOzoneClusterImpl-8fb5653b-ece0-45be-97ea-ae3ba8059339/datanode-1/data/ratis/c396ed94-c790-4573-ab7d-b5cd9a9575fb
2019-08-20 15:40:53,720 INFO  server.RaftServerConfigKeys (ConfUtils.java:logGet(43)) - raft.server.log.appender.buffer.byte-limit = 33554432 (custom)
2019-08-20 15:40:53,720 INFO  server.RaftServerConfigKeys (ConfUtils.java:logGet(43)) - raft.server.log.queue.byte-limit = 2147483647 (custom)
2019-08-20 15:40:53,720 INFO  server.RaftServerConfigKeys (ConfUtils.java:logGet(43)) - raft.server.log.segment.size.max = 1048576 (custom)
2019-08-20 15:40:53,721 INFO  server.RaftServerConfigKeys (ConfUtils.java:logGet(43)) - raft.server.log.queue.element-limit = 1024 (custom)
2019-08-20 15:40:53,721 INFO  server.RaftServerConfigKeys (ConfUtils.java:logGet(43)) - raft.server.log.segment.size.max = 1048576 (custom)
2019-08-20 15:40:53,721 INFO  server.RaftServerConfigKeys (ConfUtils.java:logGet(43)) - raft.server.log.segment.size.max = 1048576 (custom)
2019-08-20 15:40:53,721 INFO  server.RaftServerConfigKeys (ConfUtils.java:logGet(43)) - raft.server.log.segment.cache.num.max = 2 (custom)
2019-08-20 15:40:53,721 INFO  server.RaftServerConfigKeys (ConfUtils.java:logGet(43)) - raft.server.log.preallocated.size = 16384 (custom)
2019-08-20 15:40:53,721 INFO  server.RaftServerConfigKeys (ConfUtils.java:logGet(43)) - raft.server.log.segment.cache.num.max = 2 (custom)
2019-08-20 15:40:53,722 INFO  server.RaftServerConfigKeys (ConfUtils.java:logGet(43)) - raft.server.log.write.buffer.size = 33554432 (custom)
2019-08-20 15:40:53,722 INFO  server.RaftServerConfigKeys (ConfUtils.java:logGet(43)) - raft.server.log.force.sync.num = 128 (default)
2019-08-20 15:40:53,722 INFO  segmented.SegmentedRaftLogWorker (SegmentedRaftLogWorker.java:<init>(172)) - new d6bfb2d3-2a38-4016-a856-377fc512a5f4-SegmentedRaftLogWorker:Storage Directory /workdir/hadoop-ozone/integration-test/target/test-dir/MiniOzoneClusterImpl-8fb5653b-ece0-45be-97ea-ae3ba8059339/datanode-2/data/ratis/c396ed94-c790-4573-ab7d-b5cd9a9575fb for RaftStorage:Storage Directory /workdir/hadoop-ozone/integration-test/target/test-dir/MiniOzoneClusterImpl-8fb5653b-ece0-45be-97ea-ae3ba8059339/datanode-2/data/ratis/c396ed94-c790-4573-ab7d-b5cd9a9575fb
2019-08-20 15:40:53,722 INFO  server.RaftServerConfigKeys (ConfUtils.java:logGet(43)) - raft.server.log.statemachine.data.sync = true (default)
2019-08-20 15:40:53,722 INFO  segmented.SegmentedRaftLogWorker (SegmentedRaftLogWorker.java:<init>(172)) - new d57c8d47-402b-46aa-8b70-da25b48a70c2-SegmentedRaftLogWorker:Storage Directory /workdir/hadoop-ozone/integration-test/target/test-dir/MiniOzoneClusterImpl-8fb5653b-ece0-45be-97ea-ae3ba8059339/datanode-0/data/ratis/c396ed94-c790-4573-ab7d-b5cd9a9575fb for RaftStorage:Storage Directory /workdir/hadoop-ozone/integration-test/target/test-dir/MiniOzoneClusterImpl-8fb5653b-ece0-45be-97ea-ae3ba8059339/datanode-0/data/ratis/c396ed94-c790-4573-ab7d-b5cd9a9575fb
2019-08-20 15:40:53,723 INFO  server.RaftServerConfigKeys (ConfUtils.java:logGet(43)) - raft.server.log.statemachine.data.sync.timeout = 10s (default)
2019-08-20 15:40:53,723 INFO  server.RaftServerConfigKeys (ConfUtils.java:logGet(43)) - raft.server.log.statemachine.data.sync.timeout.retry = -1 (default)
2019-08-20 15:40:53,722 INFO  server.RaftServerConfigKeys (ConfUtils.java:logGet(43)) - raft.server.log.queue.byte-limit = 2147483647 (custom)
2019-08-20 15:40:53,723 INFO  server.RaftServerConfigKeys (ConfUtils.java:logGet(43)) - raft.server.log.statemachine.data.caching.enabled = true (custom)
2019-08-20 15:40:53,723 INFO  server.RaftServerConfigKeys (ConfUtils.java:logGet(43)) - raft.server.log.queue.byte-limit = 2147483647 (custom)
2019-08-20 15:40:53,723 INFO  server.RaftServerConfigKeys (ConfUtils.java:logGet(43)) - raft.server.log.queue.element-limit = 1024 (custom)
2019-08-20 15:40:53,724 INFO  server.RaftServerConfigKeys (ConfUtils.java:logGet(43)) - raft.server.log.queue.element-limit = 1024 (custom)
2019-08-20 15:40:53,724 INFO  segmented.SegmentedRaftLogWorker (SegmentedRaftLogWorker.java:lambda$new$0(132)) - 41326633-e7c0-4b56-8531-f737bb1d6b82-SegmentedRaftLogWorker:Storage Directory /workdir/hadoop-ozone/integration-test/target/test-dir/MiniOzoneClusterImpl-8fb5653b-ece0-45be-97ea-ae3ba8059339/datanode-1/data/ratis/c396ed94-c790-4573-ab7d-b5cd9a9575fb: flushIndex: setUnconditionally 0 -> -1
2019-08-20 15:40:53,724 INFO  server.RaftServerConfigKeys (ConfUtils.java:logGet(43)) - raft.server.log.segment.size.max = 1048576 (custom)
2019-08-20 15:40:53,724 INFO  server.RaftServerConfigKeys (ConfUtils.java:logGet(43)) - raft.server.log.segment.size.max = 1048576 (custom)
2019-08-20 15:40:53,725 INFO  server.RaftServerConfigKeys (ConfUtils.java:logGet(43)) - raft.server.snapshot.auto.trigger.enabled = true (custom)
2019-08-20 15:40:53,725 INFO  server.RaftServerConfigKeys (ConfUtils.java:logGet(43)) - raft.server.snapshot.auto.trigger.threshold = 10000 (custom)
2019-08-20 15:40:53,724 INFO  server.RaftServerConfigKeys (ConfUtils.java:logGet(43)) - raft.server.log.preallocated.size = 16384 (custom)
2019-08-20 15:40:53,725 INFO  server.RaftServerConfigKeys (ConfUtils.java:logGet(43)) - raft.server.retrycache.expirytime = 600000ms (custom)
2019-08-20 15:40:53,725 INFO  server.RaftServerConfigKeys (ConfUtils.java:logGet(43)) - raft.server.log.preallocated.size = 16384 (custom)
2019-08-20 15:40:53,725 INFO  impl.RaftServerImpl (RaftServerImpl.java:start(180)) - 41326633-e7c0-4b56-8531-f737bb1d6b82: start group-B5CD9A9575FB
2019-08-20 15:40:53,726 INFO  impl.RaftServerImpl (RaftServerImpl.java:setRole(171)) - 41326633-e7c0-4b56-8531-f737bb1d6b82:group-B5CD9A9575FB changes role from null to FOLLOWER at term 0 for startAsFollower
2019-08-20 15:40:53,725 INFO  server.RaftServerConfigKeys (ConfUtils.java:logGet(43)) - raft.server.log.write.buffer.size = 33554432 (custom)
2019-08-20 15:40:53,726 INFO  impl.RoleInfo (RoleInfo.java:updateAndGet(143)) - 41326633-e7c0-4b56-8531-f737bb1d6b82: start FollowerState
2019-08-20 15:40:53,726 INFO  server.RaftServerConfigKeys (ConfUtils.java:logGet(43)) - raft.server.log.write.buffer.size = 33554432 (custom)
2019-08-20 15:40:53,726 INFO  server.RaftServerConfigKeys (ConfUtils.java:logGet(43)) - raft.server.log.force.sync.num = 128 (default)
2019-08-20 15:40:53,737 INFO  util.JmxRegister (JmxRegister.java:tryRegister(44)) - Successfully registered JMX Bean with object name Ratis:service=RaftServer,group=group-B5CD9A9575FB,id=41326633-e7c0-4b56-8531-f737bb1d6b82
2019-08-20 15:40:53,726 INFO  server.RaftServerConfigKeys (ConfUtils.java:logGet(43)) - raft.server.log.force.sync.num = 128 (default)
2019-08-20 15:40:53,737 INFO  server.RaftServerConfigKeys (ConfUtils.java:logGet(43)) - raft.server.log.statemachine.data.sync = true (default)
2019-08-20 15:40:53,737 INFO  server.RaftServerConfigKeys (ConfUtils.java:logGet(43)) - raft.server.log.statemachine.data.sync = true (default)
2019-08-20 15:40:53,745 INFO  server.RaftServerConfigKeys (ConfUtils.java:logGet(43)) - raft.server.log.statemachine.data.sync.timeout = 10s (default)
2019-08-20 15:40:53,745 INFO  server.RaftServerConfigKeys (ConfUtils.java:logGet(43)) - raft.server.log.statemachine.data.sync.timeout.retry = -1 (default)
2019-08-20 15:40:53,745 INFO  server.RaftServerConfigKeys (ConfUtils.java:logGet(43)) - raft.server.log.statemachine.data.sync.timeout = 10s (default)
2019-08-20 15:40:53,746 INFO  server.RaftServerConfigKeys (ConfUtils.java:logGet(43)) - raft.server.log.statemachine.data.caching.enabled = true (custom)
2019-08-20 15:40:53,746 INFO  server.RaftServerConfigKeys (ConfUtils.java:logGet(43)) - raft.server.log.statemachine.data.sync.timeout.retry = -1 (default)
2019-08-20 15:40:53,746 INFO  server.RaftServerConfigKeys (ConfUtils.java:logGet(43)) - raft.server.log.statemachine.data.caching.enabled = true (custom)
2019-08-20 15:40:53,746 INFO  segmented.SegmentedRaftLogWorker (SegmentedRaftLogWorker.java:lambda$new$0(132)) - d6bfb2d3-2a38-4016-a856-377fc512a5f4-SegmentedRaftLogWorker:Storage Directory /workdir/hadoop-ozone/integration-test/target/test-dir/MiniOzoneClusterImpl-8fb5653b-ece0-45be-97ea-ae3ba8059339/datanode-2/data/ratis/c396ed94-c790-4573-ab7d-b5cd9a9575fb: flushIndex: setUnconditionally 0 -> -1
2019-08-20 15:40:53,747 INFO  server.RaftServerConfigKeys (ConfUtils.java:logGet(43)) - raft.server.snapshot.auto.trigger.enabled = true (custom)
2019-08-20 15:40:53,747 INFO  server.RaftServerConfigKeys (ConfUtils.java:logGet(43)) - raft.server.snapshot.auto.trigger.threshold = 10000 (custom)
2019-08-20 15:40:53,747 INFO  server.RaftServerConfigKeys (ConfUtils.java:logGet(43)) - raft.server.retrycache.expirytime = 600000ms (custom)
2019-08-20 15:40:53,748 INFO  impl.RaftServerImpl (RaftServerImpl.java:start(180)) - d6bfb2d3-2a38-4016-a856-377fc512a5f4: start group-B5CD9A9575FB
2019-08-20 15:40:53,748 INFO  segmented.SegmentedRaftLogWorker (SegmentedRaftLogWorker.java:lambda$new$0(132)) - d57c8d47-402b-46aa-8b70-da25b48a70c2-SegmentedRaftLogWorker:Storage Directory /workdir/hadoop-ozone/integration-test/target/test-dir/MiniOzoneClusterImpl-8fb5653b-ece0-45be-97ea-ae3ba8059339/datanode-0/data/ratis/c396ed94-c790-4573-ab7d-b5cd9a9575fb: flushIndex: setUnconditionally 0 -> -1
2019-08-20 15:40:53,748 INFO  impl.RaftServerImpl (RaftServerImpl.java:setRole(171)) - d6bfb2d3-2a38-4016-a856-377fc512a5f4:group-B5CD9A9575FB changes role from null to FOLLOWER at term 0 for startAsFollower
2019-08-20 15:40:53,748 INFO  impl.RoleInfo (RoleInfo.java:updateAndGet(143)) - d6bfb2d3-2a38-4016-a856-377fc512a5f4: start FollowerState
2019-08-20 15:40:53,748 INFO  server.RaftServerConfigKeys (ConfUtils.java:logGet(43)) - raft.server.snapshot.auto.trigger.enabled = true (custom)
2019-08-20 15:40:53,748 INFO  server.RaftServerConfigKeys (ConfUtils.java:logGet(43)) - raft.server.snapshot.auto.trigger.threshold = 10000 (custom)
2019-08-20 15:40:53,748 INFO  server.RaftServerConfigKeys (ConfUtils.java:logGet(43)) - raft.server.retrycache.expirytime = 600000ms (custom)
2019-08-20 15:40:53,749 INFO  util.JmxRegister (JmxRegister.java:tryRegister(44)) - Successfully registered JMX Bean with object name Ratis:service=RaftServer,group=group-B5CD9A9575FB,id=d6bfb2d3-2a38-4016-a856-377fc512a5f4
2019-08-20 15:40:53,749 INFO  impl.RaftServerImpl (RaftServerImpl.java:start(180)) - d57c8d47-402b-46aa-8b70-da25b48a70c2: start group-B5CD9A9575FB
2019-08-20 15:40:53,749 INFO  impl.RaftServerImpl (RaftServerImpl.java:setRole(171)) - d57c8d47-402b-46aa-8b70-da25b48a70c2:group-B5CD9A9575FB changes role from null to FOLLOWER at term 0 for startAsFollower
2019-08-20 15:40:53,749 INFO  impl.RoleInfo (RoleInfo.java:updateAndGet(143)) - d57c8d47-402b-46aa-8b70-da25b48a70c2: start FollowerState
2019-08-20 15:40:53,750 INFO  util.JmxRegister (JmxRegister.java:tryRegister(44)) - Successfully registered JMX Bean with object name Ratis:service=RaftServer,group=group-B5CD9A9575FB,id=d57c8d47-402b-46aa-8b70-da25b48a70c2
2019-08-20 15:40:53,752 INFO  pipeline.PipelineStateManager (PipelineStateManager.java:addPipeline(56)) - Created pipeline Pipeline[ Id: c396ed94-c790-4573-ab7d-b5cd9a9575fb, Nodes: d57c8d47-402b-46aa-8b70-da25b48a70c2{ip: 192.168.5.175, host: pr-hdds-1879-mp8vb-189615265, networkLocation: /default-rack, certSerialId: null}d6bfb2d3-2a38-4016-a856-377fc512a5f4{ip: 192.168.5.175, host: pr-hdds-1879-mp8vb-189615265, networkLocation: /default-rack, certSerialId: null}41326633-e7c0-4b56-8531-f737bb1d6b82{ip: 192.168.5.175, host: pr-hdds-1879-mp8vb-189615265, networkLocation: /default-rack, certSerialId: null}, Type:RATIS, Factor:THREE, State:OPEN]
2019-08-20 15:40:54,073 INFO  net.NetworkTopology (NetworkTopologyImpl.java:add(110)) - Added a new node: /default-rack/dfd4cced-2b14-4d89-9dc7-4c182850c80d
2019-08-20 15:40:54,073 INFO  node.SCMNodeManager (SCMNodeManager.java:register(273)) - Registered Data node : dfd4cced-2b14-4d89-9dc7-4c182850c80d{ip: 192.168.5.175, host: pr-hdds-1879-mp8vb-189615265, networkLocation: /default-rack, certSerialId: null}
2019-08-20 15:40:54,082 INFO  impl.RaftServerProxy (RaftServerProxy.java:addNew(89)) - dfd4cced-2b14-4d89-9dc7-4c182850c80d: addNew group-0443617761CA:[dfd4cced-2b14-4d89-9dc7-4c182850c80d:192.168.5.175:43581] returns group-0443617761CA:java.util.concurrent.CompletableFuture@27efefe5[Not completed]
2019-08-20 15:40:54,084 INFO  impl.RaftServerImpl (RaftServerImpl.java:<init>(93)) - dfd4cced-2b14-4d89-9dc7-4c182850c80d: new RaftServerImpl for group-0443617761CA:[dfd4cced-2b14-4d89-9dc7-4c182850c80d:192.168.5.175:43581] with ContainerStateMachine:uninitialized
2019-08-20 15:40:54,084 INFO  server.RaftServerConfigKeys (ConfUtils.java:logGet(43)) - raft.server.rpc.timeout.min = 5s (custom)
2019-08-20 15:40:54,084 INFO  server.RaftServerConfigKeys (ConfUtils.java:logGet(43)) - raft.server.rpc.timeout.max = 5200ms (custom)
2019-08-20 15:40:54,084 INFO  server.RaftServerConfigKeys (ConfUtils.java:logGet(43)) - raft.server.rpcslowness.timeout = 120s (custom)
2019-08-20 15:40:54,084 INFO  server.RaftServerConfigKeys (ConfUtils.java:logGet(43)) - raft.server.sleep.deviation.threshold = 300 (default)
2019-08-20 15:40:54,084 INFO  server.RaftServerConfigKeys (ConfUtils.java:logGet(43)) - raft.server.log.appender.install.snapshot.enabled = false (custom)
2019-08-20 15:40:54,085 INFO  impl.RaftServerImpl (ServerState.java:<init>(105)) - dfd4cced-2b14-4d89-9dc7-4c182850c80d:group-0443617761CA ConfigurationManager, init=-1: [dfd4cced-2b14-4d89-9dc7-4c182850c80d:192.168.5.175:43581], old=null, confs=<EMPTY_MAP>
2019-08-20 15:40:54,085 INFO  server.RaftServerConfigKeys (ConfUtils.java:logGet(43)) - raft.server.storage.dir = [/workdir/hadoop-ozone/integration-test/target/test-dir/MiniOzoneClusterImpl-8fb5653b-ece0-45be-97ea-ae3ba8059339/datanode-3/data/ratis] (custom)
2019-08-20 15:40:54,085 INFO  storage.RaftStorageDirectory (RaftStorageDirectory.java:analyzeStorage(246)) - The storage directory /workdir/hadoop-ozone/integration-test/target/test-dir/MiniOzoneClusterImpl-8fb5653b-ece0-45be-97ea-ae3ba8059339/datanode-3/data/ratis/6bf148cf-4ea7-4696-9db9-0443617761ca does not exist. Creating ...
2019-08-20 15:40:54,099 INFO  storage.RaftStorageDirectory (RaftStorageDirectory.java:tryLock(328)) - Lock on /workdir/hadoop-ozone/integration-test/target/test-dir/MiniOzoneClusterImpl-8fb5653b-ece0-45be-97ea-ae3ba8059339/datanode-3/data/ratis/6bf148cf-4ea7-4696-9db9-0443617761ca/in_use.lock acquired by nodename 29188@pr-hdds-1879-mp8vb-189615265
2019-08-20 15:40:54,112 INFO  storage.RaftStorage (RaftStorage.java:format(72)) - Storage directory /workdir/hadoop-ozone/integration-test/target/test-dir/MiniOzoneClusterImpl-8fb5653b-ece0-45be-97ea-ae3ba8059339/datanode-3/data/ratis/6bf148cf-4ea7-4696-9db9-0443617761ca has been successfully formatted.
2019-08-20 15:40:54,112 INFO  ratis.ContainerStateMachine (ContainerStateMachine.java:loadSnapshot(223)) - group-0443617761CA: The snapshot info is null. Setting the last applied indexto:(t:0, i:~)
2019-08-20 15:40:54,113 INFO  server.RaftServerConfigKeys (ConfUtils.java:logGet(43)) - raft.server.leader.election.timeout = 120s (custom)
2019-08-20 15:40:54,113 INFO  server.RaftServerConfigKeys (ConfUtils.java:logGet(43)) - raft.server.log.use.memory = false (default)
2019-08-20 15:40:54,113 INFO  server.RaftServerConfigKeys (ConfUtils.java:logGet(43)) - raft.server.log.purge.gap = 1000000000 (custom)
2019-08-20 15:40:54,113 INFO  server.RaftServerConfigKeys (ConfUtils.java:logGet(43)) - raft.server.log.appender.buffer.byte-limit = 33554432 (custom)
2019-08-20 15:40:54,113 INFO  server.RaftServerConfigKeys (ConfUtils.java:logGet(43)) - raft.server.log.segment.size.max = 1048576 (custom)
2019-08-20 15:40:54,113 INFO  server.RaftServerConfigKeys (ConfUtils.java:logGet(43)) - raft.server.log.segment.cache.num.max = 2 (custom)
2019-08-20 15:40:54,113 INFO  segmented.SegmentedRaftLogWorker (SegmentedRaftLogWorker.java:<init>(172)) - new dfd4cced-2b14-4d89-9dc7-4c182850c80d-SegmentedRaftLogWorker:Storage Directory /workdir/hadoop-ozone/integration-test/target/test-dir/MiniOzoneClusterImpl-8fb5653b-ece0-45be-97ea-ae3ba8059339/datanode-3/data/ratis/6bf148cf-4ea7-4696-9db9-0443617761ca for RaftStorage:Storage Directory /workdir/hadoop-ozone/integration-test/target/test-dir/MiniOzoneClusterImpl-8fb5653b-ece0-45be-97ea-ae3ba8059339/datanode-3/data/ratis/6bf148cf-4ea7-4696-9db9-0443617761ca
2019-08-20 15:40:54,113 INFO  server.RaftServerConfigKeys (ConfUtils.java:logGet(43)) - raft.server.log.queue.byte-limit = 2147483647 (custom)
2019-08-20 15:40:54,114 INFO  server.RaftServerConfigKeys (ConfUtils.java:logGet(43)) - raft.server.log.queue.element-limit = 1024 (custom)
2019-08-20 15:40:54,114 INFO  server.RaftServerConfigKeys (ConfUtils.java:logGet(43)) - raft.server.log.segment.size.max = 1048576 (custom)
2019-08-20 15:40:54,114 INFO  server.RaftServerConfigKeys (ConfUtils.java:logGet(43)) - raft.server.log.preallocated.size = 16384 (custom)
2019-08-20 15:40:54,114 INFO  server.RaftServerConfigKeys (ConfUtils.java:logGet(43)) - raft.server.log.write.buffer.size = 33554432 (custom)
2019-08-20 15:40:54,114 INFO  server.RaftServerConfigKeys (ConfUtils.java:logGet(43)) - raft.server.log.force.sync.num = 128 (default)
2019-08-20 15:40:54,114 INFO  server.RaftServerConfigKeys (ConfUtils.java:logGet(43)) - raft.server.log.statemachine.data.sync = true (default)
2019-08-20 15:40:54,114 INFO  server.RaftServerConfigKeys (ConfUtils.java:logGet(43)) - raft.server.log.statemachine.data.sync.timeout = 10s (default)
2019-08-20 15:40:54,115 INFO  server.RaftServerConfigKeys (ConfUtils.java:logGet(43)) - raft.server.log.statemachine.data.sync.timeout.retry = -1 (default)
2019-08-20 15:40:54,115 INFO  server.RaftServerConfigKeys (ConfUtils.java:logGet(43)) - raft.server.log.statemachine.data.caching.enabled = true (custom)
2019-08-20 15:40:54,115 INFO  segmented.SegmentedRaftLogWorker (SegmentedRaftLogWorker.java:lambda$new$0(132)) - dfd4cced-2b14-4d89-9dc7-4c182850c80d-SegmentedRaftLogWorker:Storage Directory /workdir/hadoop-ozone/integration-test/target/test-dir/MiniOzoneClusterImpl-8fb5653b-ece0-45be-97ea-ae3ba8059339/datanode-3/data/ratis/6bf148cf-4ea7-4696-9db9-0443617761ca: flushIndex: setUnconditionally 0 -> -1
2019-08-20 15:40:54,116 INFO  server.RaftServerConfigKeys (ConfUtils.java:logGet(43)) - raft.server.snapshot.auto.trigger.enabled = true (custom)
2019-08-20 15:40:54,116 INFO  server.RaftServerConfigKeys (ConfUtils.java:logGet(43)) - raft.server.snapshot.auto.trigger.threshold = 10000 (custom)
2019-08-20 15:40:54,116 INFO  server.RaftServerConfigKeys (ConfUtils.java:logGet(43)) - raft.server.retrycache.expirytime = 600000ms (custom)
2019-08-20 15:40:54,116 INFO  impl.RaftServerImpl (RaftServerImpl.java:start(180)) - dfd4cced-2b14-4d89-9dc7-4c182850c80d: start group-0443617761CA
2019-08-20 15:40:54,116 INFO  impl.RaftServerImpl (RaftServerImpl.java:setRole(171)) - dfd4cced-2b14-4d89-9dc7-4c182850c80d:group-0443617761CA changes role from null to FOLLOWER at term 0 for startAsFollower
2019-08-20 15:40:54,116 INFO  impl.RoleInfo (RoleInfo.java:updateAndGet(143)) - dfd4cced-2b14-4d89-9dc7-4c182850c80d: start FollowerState
2019-08-20 15:40:54,117 INFO  util.JmxRegister (JmxRegister.java:tryRegister(44)) - Successfully registered JMX Bean with object name Ratis:service=RaftServer,group=group-0443617761CA,id=dfd4cced-2b14-4d89-9dc7-4c182850c80d
2019-08-20 15:40:54,119 INFO  pipeline.PipelineStateManager (PipelineStateManager.java:addPipeline(56)) - Created pipeline Pipeline[ Id: 6bf148cf-4ea7-4696-9db9-0443617761ca, Nodes: dfd4cced-2b14-4d89-9dc7-4c182850c80d{ip: 192.168.5.175, host: pr-hdds-1879-mp8vb-189615265, networkLocation: /default-rack, certSerialId: null}, Type:RATIS, Factor:ONE, State:OPEN]
2019-08-20 15:40:54,289 INFO  net.NetworkTopology (NetworkTopologyImpl.java:add(110)) - Added a new node: /default-rack/d03af9c2-82e7-4b8a-975e-d2d5cc7f3820
2019-08-20 15:40:54,290 INFO  node.SCMNodeManager (SCMNodeManager.java:register(273)) - Registered Data node : d03af9c2-82e7-4b8a-975e-d2d5cc7f3820{ip: 192.168.5.175, host: pr-hdds-1879-mp8vb-189615265, networkLocation: /default-rack, certSerialId: null}
2019-08-20 15:40:54,297 INFO  impl.RaftServerProxy (RaftServerProxy.java:addNew(89)) - d03af9c2-82e7-4b8a-975e-d2d5cc7f3820: addNew group-B5BDB23BC289:[d03af9c2-82e7-4b8a-975e-d2d5cc7f3820:192.168.5.175:41356] returns group-B5BDB23BC289:java.util.concurrent.CompletableFuture@16ffdde0[Not completed]
2019-08-20 15:40:54,298 INFO  impl.RaftServerImpl (RaftServerImpl.java:<init>(93)) - d03af9c2-82e7-4b8a-975e-d2d5cc7f3820: new RaftServerImpl for group-B5BDB23BC289:[d03af9c2-82e7-4b8a-975e-d2d5cc7f3820:192.168.5.175:41356] with ContainerStateMachine:uninitialized
2019-08-20 15:40:54,299 INFO  server.RaftServerConfigKeys (ConfUtils.java:logGet(43)) - raft.server.rpc.timeout.min = 5s (custom)
2019-08-20 15:40:54,299 INFO  server.RaftServerConfigKeys (ConfUtils.java:logGet(43)) - raft.server.rpc.timeout.max = 5200ms (custom)
2019-08-20 15:40:54,299 INFO  server.RaftServerConfigKeys (ConfUtils.java:logGet(43)) - raft.server.rpcslowness.timeout = 120s (custom)
2019-08-20 15:40:54,299 INFO  server.RaftServerConfigKeys (ConfUtils.java:logGet(43)) - raft.server.sleep.deviation.threshold = 300 (default)
2019-08-20 15:40:54,299 INFO  server.RaftServerConfigKeys (ConfUtils.java:logGet(43)) - raft.server.log.appender.install.snapshot.enabled = false (custom)
2019-08-20 15:40:54,300 INFO  impl.RaftServerImpl (ServerState.java:<init>(105)) - d03af9c2-82e7-4b8a-975e-d2d5cc7f3820:group-B5BDB23BC289 ConfigurationManager, init=-1: [d03af9c2-82e7-4b8a-975e-d2d5cc7f3820:192.168.5.175:41356], old=null, confs=<EMPTY_MAP>
2019-08-20 15:40:54,300 INFO  server.RaftServerConfigKeys (ConfUtils.java:logGet(43)) - raft.server.storage.dir = [/workdir/hadoop-ozone/integration-test/target/test-dir/MiniOzoneClusterImpl-8fb5653b-ece0-45be-97ea-ae3ba8059339/datanode-4/data/ratis] (custom)
2019-08-20 15:40:54,300 INFO  storage.RaftStorageDirectory (RaftStorageDirectory.java:analyzeStorage(246)) - The storage directory /workdir/hadoop-ozone/integration-test/target/test-dir/MiniOzoneClusterImpl-8fb5653b-ece0-45be-97ea-ae3ba8059339/datanode-4/data/ratis/e72212fc-e62f-4ae6-a118-b5bdb23bc289 does not exist. Creating ...
2019-08-20 15:40:54,313 INFO  storage.RaftStorageDirectory (RaftStorageDirectory.java:tryLock(328)) - Lock on /workdir/hadoop-ozone/integration-test/target/test-dir/MiniOzoneClusterImpl-8fb5653b-ece0-45be-97ea-ae3ba8059339/datanode-4/data/ratis/e72212fc-e62f-4ae6-a118-b5bdb23bc289/in_use.lock acquired by nodename 29188@pr-hdds-1879-mp8vb-189615265
2019-08-20 15:40:54,328 INFO  storage.RaftStorage (RaftStorage.java:format(72)) - Storage directory /workdir/hadoop-ozone/integration-test/target/test-dir/MiniOzoneClusterImpl-8fb5653b-ece0-45be-97ea-ae3ba8059339/datanode-4/data/ratis/e72212fc-e62f-4ae6-a118-b5bdb23bc289 has been successfully formatted.
2019-08-20 15:40:54,328 INFO  ratis.ContainerStateMachine (ContainerStateMachine.java:loadSnapshot(223)) - group-B5BDB23BC289: The snapshot info is null. Setting the last applied indexto:(t:0, i:~)
2019-08-20 15:40:54,328 INFO  server.RaftServerConfigKeys (ConfUtils.java:logGet(43)) - raft.server.leader.election.timeout = 120s (custom)
2019-08-20 15:40:54,329 INFO  server.RaftServerConfigKeys (ConfUtils.java:logGet(43)) - raft.server.log.use.memory = false (default)
2019-08-20 15:40:54,329 INFO  server.RaftServerConfigKeys (ConfUtils.java:logGet(43)) - raft.server.log.purge.gap = 1000000000 (custom)
2019-08-20 15:40:54,329 INFO  server.RaftServerConfigKeys (ConfUtils.java:logGet(43)) - raft.server.log.appender.buffer.byte-limit = 33554432 (custom)
2019-08-20 15:40:54,329 INFO  server.RaftServerConfigKeys (ConfUtils.java:logGet(43)) - raft.server.log.segment.size.max = 1048576 (custom)
2019-08-20 15:40:54,329 INFO  server.RaftServerConfigKeys (ConfUtils.java:logGet(43)) - raft.server.log.segment.cache.num.max = 2 (custom)
2019-08-20 15:40:54,329 INFO  segmented.SegmentedRaftLogWorker (SegmentedRaftLogWorker.java:<init>(172)) - new d03af9c2-82e7-4b8a-975e-d2d5cc7f3820-SegmentedRaftLogWorker:Storage Directory /workdir/hadoop-ozone/integration-test/target/test-dir/MiniOzoneClusterImpl-8fb5653b-ece0-45be-97ea-ae3ba8059339/datanode-4/data/ratis/e72212fc-e62f-4ae6-a118-b5bdb23bc289 for RaftStorage:Storage Directory /workdir/hadoop-ozone/integration-test/target/test-dir/MiniOzoneClusterImpl-8fb5653b-ece0-45be-97ea-ae3ba8059339/datanode-4/data/ratis/e72212fc-e62f-4ae6-a118-b5bdb23bc289
2019-08-20 15:40:54,330 INFO  server.RaftServerConfigKeys (ConfUtils.java:logGet(43)) - raft.server.log.queue.byte-limit = 2147483647 (custom)
2019-08-20 15:40:54,330 INFO  server.RaftServerConfigKeys (ConfUtils.java:logGet(43)) - raft.server.log.queue.element-limit = 1024 (custom)
2019-08-20 15:40:54,330 INFO  server.RaftServerConfigKeys (ConfUtils.java:logGet(43)) - raft.server.log.segment.size.max = 1048576 (custom)
2019-08-20 15:40:54,330 INFO  server.RaftServerConfigKeys (ConfUtils.java:logGet(43)) - raft.server.log.preallocated.size = 16384 (custom)
2019-08-20 15:40:54,330 INFO  server.RaftServerConfigKeys (ConfUtils.java:logGet(43)) - raft.server.log.write.buffer.size = 33554432 (custom)
2019-08-20 15:40:54,330 INFO  server.RaftServerConfigKeys (ConfUtils.java:logGet(43)) - raft.server.log.force.sync.num = 128 (default)
2019-08-20 15:40:54,331 INFO  server.RaftServerConfigKeys (ConfUtils.java:logGet(43)) - raft.server.log.statemachine.data.sync = true (default)
2019-08-20 15:40:54,331 INFO  server.RaftServerConfigKeys (ConfUtils.java:logGet(43)) - raft.server.log.statemachine.data.sync.timeout = 10s (default)
2019-08-20 15:40:54,331 INFO  server.RaftServerConfigKeys (ConfUtils.java:logGet(43)) - raft.server.log.statemachine.data.sync.timeout.retry = -1 (default)
2019-08-20 15:40:54,331 INFO  server.RaftServerConfigKeys (ConfUtils.java:logGet(43)) - raft.server.log.statemachine.data.caching.enabled = true (custom)
2019-08-20 15:40:54,331 INFO  segmented.SegmentedRaftLogWorker (SegmentedRaftLogWorker.java:lambda$new$0(132)) - d03af9c2-82e7-4b8a-975e-d2d5cc7f3820-SegmentedRaftLogWorker:Storage Directory /workdir/hadoop-ozone/integration-test/target/test-dir/MiniOzoneClusterImpl-8fb5653b-ece0-45be-97ea-ae3ba8059339/datanode-4/data/ratis/e72212fc-e62f-4ae6-a118-b5bdb23bc289: flushIndex: setUnconditionally 0 -> -1
2019-08-20 15:40:54,332 INFO  server.RaftServerConfigKeys (ConfUtils.java:logGet(43)) - raft.server.snapshot.auto.trigger.enabled = true (custom)
2019-08-20 15:40:54,332 INFO  server.RaftServerConfigKeys (ConfUtils.java:logGet(43)) - raft.server.snapshot.auto.trigger.threshold = 10000 (custom)
2019-08-20 15:40:54,332 INFO  server.RaftServerConfigKeys (ConfUtils.java:logGet(43)) - raft.server.retrycache.expirytime = 600000ms (custom)
2019-08-20 15:40:54,332 INFO  impl.RaftServerImpl (RaftServerImpl.java:start(180)) - d03af9c2-82e7-4b8a-975e-d2d5cc7f3820: start group-B5BDB23BC289
2019-08-20 15:40:54,332 INFO  impl.RaftServerImpl (RaftServerImpl.java:setRole(171)) - d03af9c2-82e7-4b8a-975e-d2d5cc7f3820:group-B5BDB23BC289 changes role from null to FOLLOWER at term 0 for startAsFollower
2019-08-20 15:40:54,333 INFO  impl.RoleInfo (RoleInfo.java:updateAndGet(143)) - d03af9c2-82e7-4b8a-975e-d2d5cc7f3820: start FollowerState
2019-08-20 15:40:54,333 INFO  util.JmxRegister (JmxRegister.java:tryRegister(44)) - Successfully registered JMX Bean with object name Ratis:service=RaftServer,group=group-B5BDB23BC289,id=d03af9c2-82e7-4b8a-975e-d2d5cc7f3820
2019-08-20 15:40:54,335 INFO  pipeline.PipelineStateManager (PipelineStateManager.java:addPipeline(56)) - Created pipeline Pipeline[ Id: e72212fc-e62f-4ae6-a118-b5bdb23bc289, Nodes: d03af9c2-82e7-4b8a-975e-d2d5cc7f3820{ip: 192.168.5.175, host: pr-hdds-1879-mp8vb-189615265, networkLocation: /default-rack, certSerialId: null}, Type:RATIS, Factor:ONE, State:OPEN]
2019-08-20 15:40:54,484 INFO  net.NetworkTopology (NetworkTopologyImpl.java:add(110)) - Added a new node: /default-rack/925c8107-01d8-4d67-809b-d528e269a812
2019-08-20 15:40:54,484 INFO  node.SCMNodeManager (SCMNodeManager.java:register(273)) - Registered Data node : 925c8107-01d8-4d67-809b-d528e269a812{ip: 192.168.5.175, host: pr-hdds-1879-mp8vb-189615265, networkLocation: /default-rack, certSerialId: null}
2019-08-20 15:40:54,493 INFO  impl.RaftServerProxy (RaftServerProxy.java:addNew(89)) - 925c8107-01d8-4d67-809b-d528e269a812: addNew group-62A34EBACD97:[925c8107-01d8-4d67-809b-d528e269a812:192.168.5.175:41731] returns group-62A34EBACD97:java.util.concurrent.CompletableFuture@6ab5f21f[Not completed]
2019-08-20 15:40:54,493 INFO  impl.RaftServerImpl (RaftServerImpl.java:<init>(93)) - 925c8107-01d8-4d67-809b-d528e269a812: new RaftServerImpl for group-62A34EBACD97:[925c8107-01d8-4d67-809b-d528e269a812:192.168.5.175:41731] with ContainerStateMachine:uninitialized
2019-08-20 15:40:54,494 INFO  server.RaftServerConfigKeys (ConfUtils.java:logGet(43)) - raft.server.rpc.timeout.min = 5s (custom)
2019-08-20 15:40:54,494 INFO  server.RaftServerConfigKeys (ConfUtils.java:logGet(43)) - raft.server.rpc.timeout.max = 5200ms (custom)
2019-08-20 15:40:54,494 INFO  server.RaftServerConfigKeys (ConfUtils.java:logGet(43)) - raft.server.rpcslowness.timeout = 120s (custom)
2019-08-20 15:40:54,494 INFO  server.RaftServerConfigKeys (ConfUtils.java:logGet(43)) - raft.server.sleep.deviation.threshold = 300 (default)
2019-08-20 15:40:54,494 INFO  server.RaftServerConfigKeys (ConfUtils.java:logGet(43)) - raft.server.log.appender.install.snapshot.enabled = false (custom)
2019-08-20 15:40:54,494 INFO  impl.RaftServerImpl (ServerState.java:<init>(105)) - 925c8107-01d8-4d67-809b-d528e269a812:group-62A34EBACD97 ConfigurationManager, init=-1: [925c8107-01d8-4d67-809b-d528e269a812:192.168.5.175:41731], old=null, confs=<EMPTY_MAP>
2019-08-20 15:40:54,494 INFO  server.RaftServerConfigKeys (ConfUtils.java:logGet(43)) - raft.server.storage.dir = [/workdir/hadoop-ozone/integration-test/target/test-dir/MiniOzoneClusterImpl-8fb5653b-ece0-45be-97ea-ae3ba8059339/datanode-5/data/ratis] (custom)
2019-08-20 15:40:54,495 INFO  storage.RaftStorageDirectory (RaftStorageDirectory.java:analyzeStorage(246)) - The storage directory /workdir/hadoop-ozone/integration-test/target/test-dir/MiniOzoneClusterImpl-8fb5653b-ece0-45be-97ea-ae3ba8059339/datanode-5/data/ratis/82676267-18ac-448c-ac24-62a34ebacd97 does not exist. Creating ...
2019-08-20 15:40:54,507 INFO  storage.RaftStorageDirectory (RaftStorageDirectory.java:tryLock(328)) - Lock on /workdir/hadoop-ozone/integration-test/target/test-dir/MiniOzoneClusterImpl-8fb5653b-ece0-45be-97ea-ae3ba8059339/datanode-5/data/ratis/82676267-18ac-448c-ac24-62a34ebacd97/in_use.lock acquired by nodename 29188@pr-hdds-1879-mp8vb-189615265
2019-08-20 15:40:54,520 INFO  storage.RaftStorage (RaftStorage.java:format(72)) - Storage directory /workdir/hadoop-ozone/integration-test/target/test-dir/MiniOzoneClusterImpl-8fb5653b-ece0-45be-97ea-ae3ba8059339/datanode-5/data/ratis/82676267-18ac-448c-ac24-62a34ebacd97 has been successfully formatted.
2019-08-20 15:40:54,520 INFO  ratis.ContainerStateMachine (ContainerStateMachine.java:loadSnapshot(223)) - group-62A34EBACD97: The snapshot info is null. Setting the last applied indexto:(t:0, i:~)
2019-08-20 15:40:54,520 INFO  server.RaftServerConfigKeys (ConfUtils.java:logGet(43)) - raft.server.leader.election.timeout = 120s (custom)
2019-08-20 15:40:54,520 INFO  server.RaftServerConfigKeys (ConfUtils.java:logGet(43)) - raft.server.log.use.memory = false (default)
2019-08-20 15:40:54,520 INFO  server.RaftServerConfigKeys (ConfUtils.java:logGet(43)) - raft.server.log.purge.gap = 1000000000 (custom)
2019-08-20 15:40:54,520 INFO  server.RaftServerConfigKeys (ConfUtils.java:logGet(43)) - raft.server.log.appender.buffer.byte-limit = 33554432 (custom)
2019-08-20 15:40:54,520 INFO  server.RaftServerConfigKeys (ConfUtils.java:logGet(43)) - raft.server.log.segment.size.max = 1048576 (custom)
2019-08-20 15:40:54,521 INFO  server.RaftServerConfigKeys (ConfUtils.java:logGet(43)) - raft.server.log.segment.cache.num.max = 2 (custom)
2019-08-20 15:40:54,521 INFO  segmented.SegmentedRaftLogWorker (SegmentedRaftLogWorker.java:<init>(172)) - new 925c8107-01d8-4d67-809b-d528e269a812-SegmentedRaftLogWorker:Storage Directory /workdir/hadoop-ozone/integration-test/target/test-dir/MiniOzoneClusterImpl-8fb5653b-ece0-45be-97ea-ae3ba8059339/datanode-5/data/ratis/82676267-18ac-448c-ac24-62a34ebacd97 for RaftStorage:Storage Directory /workdir/hadoop-ozone/integration-test/target/test-dir/MiniOzoneClusterImpl-8fb5653b-ece0-45be-97ea-ae3ba8059339/datanode-5/data/ratis/82676267-18ac-448c-ac24-62a34ebacd97
2019-08-20 15:40:54,521 INFO  server.RaftServerConfigKeys (ConfUtils.java:logGet(43)) - raft.server.log.queue.byte-limit = 2147483647 (custom)
2019-08-20 15:40:54,521 INFO  server.RaftServerConfigKeys (ConfUtils.java:logGet(43)) - raft.server.log.queue.element-limit = 1024 (custom)
2019-08-20 15:40:54,521 INFO  server.RaftServerConfigKeys (ConfUtils.java:logGet(43)) - raft.server.log.segment.size.max = 1048576 (custom)
2019-08-20 15:40:54,521 INFO  server.RaftServerConfigKeys (ConfUtils.java:logGet(43)) - raft.server.log.preallocated.size = 16384 (custom)
2019-08-20 15:40:54,521 INFO  server.RaftServerConfigKeys (ConfUtils.java:logGet(43)) - raft.server.log.write.buffer.size = 33554432 (custom)
2019-08-20 15:40:54,521 INFO  server.RaftServerConfigKeys (ConfUtils.java:logGet(43)) - raft.server.log.force.sync.num = 128 (default)
2019-08-20 15:40:54,521 INFO  server.RaftServerConfigKeys (ConfUtils.java:logGet(43)) - raft.server.log.statemachine.data.sync = true (default)
2019-08-20 15:40:54,521 INFO  server.RaftServerConfigKeys (ConfUtils.java:logGet(43)) - raft.server.log.statemachine.data.sync.timeout = 10s (default)
2019-08-20 15:40:54,522 INFO  server.RaftServerConfigKeys (ConfUtils.java:logGet(43)) - raft.server.log.statemachine.data.sync.timeout.retry = -1 (default)
2019-08-20 15:40:54,522 INFO  server.RaftServerConfigKeys (ConfUtils.java:logGet(43)) - raft.server.log.statemachine.data.caching.enabled = true (custom)
2019-08-20 15:40:54,522 INFO  segmented.SegmentedRaftLogWorker (SegmentedRaftLogWorker.java:lambda$new$0(132)) - 925c8107-01d8-4d67-809b-d528e269a812-SegmentedRaftLogWorker:Storage Directory /workdir/hadoop-ozone/integration-test/target/test-dir/MiniOzoneClusterImpl-8fb5653b-ece0-45be-97ea-ae3ba8059339/datanode-5/data/ratis/82676267-18ac-448c-ac24-62a34ebacd97: flushIndex: setUnconditionally 0 -> -1
2019-08-20 15:40:54,522 INFO  server.RaftServerConfigKeys (ConfUtils.java:logGet(43)) - raft.server.snapshot.auto.trigger.enabled = true (custom)
2019-08-20 15:40:54,522 INFO  server.RaftServerConfigKeys (ConfUtils.java:logGet(43)) - raft.server.snapshot.auto.trigger.threshold = 10000 (custom)
2019-08-20 15:40:54,522 INFO  server.RaftServerConfigKeys (ConfUtils.java:logGet(43)) - raft.server.retrycache.expirytime = 600000ms (custom)
2019-08-20 15:40:54,523 INFO  impl.RaftServerImpl (RaftServerImpl.java:start(180)) - 925c8107-01d8-4d67-809b-d528e269a812: start group-62A34EBACD97
2019-08-20 15:40:54,523 INFO  impl.RaftServerImpl (RaftServerImpl.java:setRole(171)) - 925c8107-01d8-4d67-809b-d528e269a812:group-62A34EBACD97 changes role from null to FOLLOWER at term 0 for startAsFollower
2019-08-20 15:40:54,523 INFO  impl.RoleInfo (RoleInfo.java:updateAndGet(143)) - 925c8107-01d8-4d67-809b-d528e269a812: start FollowerState
2019-08-20 15:40:54,523 INFO  util.JmxRegister (JmxRegister.java:tryRegister(44)) - Successfully registered JMX Bean with object name Ratis:service=RaftServer,group=group-62A34EBACD97,id=925c8107-01d8-4d67-809b-d528e269a812
2019-08-20 15:40:54,525 INFO  pipeline.PipelineStateManager (PipelineStateManager.java:addPipeline(56)) - Created pipeline Pipeline[ Id: 82676267-18ac-448c-ac24-62a34ebacd97, Nodes: 925c8107-01d8-4d67-809b-d528e269a812{ip: 192.168.5.175, host: pr-hdds-1879-mp8vb-189615265, networkLocation: /default-rack, certSerialId: null}, Type:RATIS, Factor:ONE, State:OPEN]
2019-08-20 15:40:54,539 INFO  impl.RaftServerProxy (RaftServerProxy.java:addNew(89)) - 925c8107-01d8-4d67-809b-d528e269a812: addNew group-9B61E7D8BE4E:[d03af9c2-82e7-4b8a-975e-d2d5cc7f3820:192.168.5.175:41356, 925c8107-01d8-4d67-809b-d528e269a812:192.168.5.175:41731, dfd4cced-2b14-4d89-9dc7-4c182850c80d:192.168.5.175:43581] returns group-9B61E7D8BE4E:java.util.concurrent.CompletableFuture@7048b540[Not completed]
2019-08-20 15:40:54,539 INFO  impl.RaftServerProxy (RaftServerProxy.java:addNew(89)) - dfd4cced-2b14-4d89-9dc7-4c182850c80d: addNew group-9B61E7D8BE4E:[d03af9c2-82e7-4b8a-975e-d2d5cc7f3820:192.168.5.175:41356, 925c8107-01d8-4d67-809b-d528e269a812:192.168.5.175:41731, dfd4cced-2b14-4d89-9dc7-4c182850c80d:192.168.5.175:43581] returns group-9B61E7D8BE4E:java.util.concurrent.CompletableFuture@7b9cd01[Not completed]
2019-08-20 15:40:54,539 INFO  impl.RaftServerProxy (RaftServerProxy.java:addNew(89)) - d03af9c2-82e7-4b8a-975e-d2d5cc7f3820: addNew group-9B61E7D8BE4E:[d03af9c2-82e7-4b8a-975e-d2d5cc7f3820:192.168.5.175:41356, 925c8107-01d8-4d67-809b-d528e269a812:192.168.5.175:41731, dfd4cced-2b14-4d89-9dc7-4c182850c80d:192.168.5.175:43581] returns group-9B61E7D8BE4E:java.util.concurrent.CompletableFuture@70da50e9[Not completed]
2019-08-20 15:40:54,540 INFO  impl.RaftServerImpl (RaftServerImpl.java:<init>(93)) - 925c8107-01d8-4d67-809b-d528e269a812: new RaftServerImpl for group-9B61E7D8BE4E:[d03af9c2-82e7-4b8a-975e-d2d5cc7f3820:192.168.5.175:41356, 925c8107-01d8-4d67-809b-d528e269a812:192.168.5.175:41731, dfd4cced-2b14-4d89-9dc7-4c182850c80d:192.168.5.175:43581] with ContainerStateMachine:uninitialized
2019-08-20 15:40:54,540 INFO  server.RaftServerConfigKeys (ConfUtils.java:logGet(43)) - raft.server.rpc.timeout.min = 5s (custom)
2019-08-20 15:40:54,540 INFO  server.RaftServerConfigKeys (ConfUtils.java:logGet(43)) - raft.server.rpc.timeout.max = 5200ms (custom)
2019-08-20 15:40:54,540 INFO  server.RaftServerConfigKeys (ConfUtils.java:logGet(43)) - raft.server.rpcslowness.timeout = 120s (custom)
2019-08-20 15:40:54,540 INFO  server.RaftServerConfigKeys (ConfUtils.java:logGet(43)) - raft.server.sleep.deviation.threshold = 300 (default)
2019-08-20 15:40:54,540 INFO  server.RaftServerConfigKeys (ConfUtils.java:logGet(43)) - raft.server.log.appender.install.snapshot.enabled = false (custom)
2019-08-20 15:40:54,540 INFO  impl.RaftServerImpl (ServerState.java:<init>(105)) - 925c8107-01d8-4d67-809b-d528e269a812:group-9B61E7D8BE4E ConfigurationManager, init=-1: [d03af9c2-82e7-4b8a-975e-d2d5cc7f3820:192.168.5.175:41356, 925c8107-01d8-4d67-809b-d528e269a812:192.168.5.175:41731, dfd4cced-2b14-4d89-9dc7-4c182850c80d:192.168.5.175:43581], old=null, confs=<EMPTY_MAP>
2019-08-20 15:40:54,540 INFO  impl.RaftServerImpl (RaftServerImpl.java:<init>(93)) - d03af9c2-82e7-4b8a-975e-d2d5cc7f3820: new RaftServerImpl for group-9B61E7D8BE4E:[d03af9c2-82e7-4b8a-975e-d2d5cc7f3820:192.168.5.175:41356, 925c8107-01d8-4d67-809b-d528e269a812:192.168.5.175:41731, dfd4cced-2b14-4d89-9dc7-4c182850c80d:192.168.5.175:43581] with ContainerStateMachine:uninitialized
2019-08-20 15:40:54,540 INFO  server.RaftServerConfigKeys (ConfUtils.java:logGet(43)) - raft.server.storage.dir = [/workdir/hadoop-ozone/integration-test/target/test-dir/MiniOzoneClusterImpl-8fb5653b-ece0-45be-97ea-ae3ba8059339/datanode-5/data/ratis] (custom)
2019-08-20 15:40:54,540 INFO  server.RaftServerConfigKeys (ConfUtils.java:logGet(43)) - raft.server.rpc.timeout.min = 5s (custom)
2019-08-20 15:40:54,541 INFO  impl.RaftServerImpl (RaftServerImpl.java:<init>(93)) - dfd4cced-2b14-4d89-9dc7-4c182850c80d: new RaftServerImpl for group-9B61E7D8BE4E:[d03af9c2-82e7-4b8a-975e-d2d5cc7f3820:192.168.5.175:41356, 925c8107-01d8-4d67-809b-d528e269a812:192.168.5.175:41731, dfd4cced-2b14-4d89-9dc7-4c182850c80d:192.168.5.175:43581] with ContainerStateMachine:uninitialized
2019-08-20 15:40:54,541 INFO  server.RaftServerConfigKeys (ConfUtils.java:logGet(43)) - raft.server.rpc.timeout.max = 5200ms (custom)
2019-08-20 15:40:54,541 INFO  storage.RaftStorageDirectory (RaftStorageDirectory.java:analyzeStorage(246)) - The storage directory /workdir/hadoop-ozone/integration-test/target/test-dir/MiniOzoneClusterImpl-8fb5653b-ece0-45be-97ea-ae3ba8059339/datanode-5/data/ratis/4eca0a1d-d2d2-4d59-b139-9b61e7d8be4e does not exist. Creating ...
2019-08-20 15:40:54,541 INFO  server.RaftServerConfigKeys (ConfUtils.java:logGet(43)) - raft.server.rpcslowness.timeout = 120s (custom)
2019-08-20 15:40:54,541 INFO  server.RaftServerConfigKeys (ConfUtils.java:logGet(43)) - raft.server.sleep.deviation.threshold = 300 (default)
2019-08-20 15:40:54,541 INFO  server.RaftServerConfigKeys (ConfUtils.java:logGet(43)) - raft.server.rpc.timeout.min = 5s (custom)
2019-08-20 15:40:54,541 INFO  server.RaftServerConfigKeys (ConfUtils.java:logGet(43)) - raft.server.log.appender.install.snapshot.enabled = false (custom)
2019-08-20 15:40:54,541 INFO  server.RaftServerConfigKeys (ConfUtils.java:logGet(43)) - raft.server.rpc.timeout.max = 5200ms (custom)
2019-08-20 15:40:54,542 INFO  impl.RaftServerImpl (ServerState.java:<init>(105)) - d03af9c2-82e7-4b8a-975e-d2d5cc7f3820:group-9B61E7D8BE4E ConfigurationManager, init=-1: [d03af9c2-82e7-4b8a-975e-d2d5cc7f3820:192.168.5.175:41356, 925c8107-01d8-4d67-809b-d528e269a812:192.168.5.175:41731, dfd4cced-2b14-4d89-9dc7-4c182850c80d:192.168.5.175:43581], old=null, confs=<EMPTY_MAP>
2019-08-20 15:40:54,542 INFO  server.RaftServerConfigKeys (ConfUtils.java:logGet(43)) - raft.server.rpcslowness.timeout = 120s (custom)
2019-08-20 15:40:54,542 INFO  server.RaftServerConfigKeys (ConfUtils.java:logGet(43)) - raft.server.storage.dir = [/workdir/hadoop-ozone/integration-test/target/test-dir/MiniOzoneClusterImpl-8fb5653b-ece0-45be-97ea-ae3ba8059339/datanode-4/data/ratis] (custom)
2019-08-20 15:40:54,542 INFO  server.RaftServerConfigKeys (ConfUtils.java:logGet(43)) - raft.server.sleep.deviation.threshold = 300 (default)
2019-08-20 15:40:54,542 INFO  server.RaftServerConfigKeys (ConfUtils.java:logGet(43)) - raft.server.log.appender.install.snapshot.enabled = false (custom)
2019-08-20 15:40:54,542 INFO  impl.RaftServerImpl (ServerState.java:<init>(105)) - dfd4cced-2b14-4d89-9dc7-4c182850c80d:group-9B61E7D8BE4E ConfigurationManager, init=-1: [d03af9c2-82e7-4b8a-975e-d2d5cc7f3820:192.168.5.175:41356, 925c8107-01d8-4d67-809b-d528e269a812:192.168.5.175:41731, dfd4cced-2b14-4d89-9dc7-4c182850c80d:192.168.5.175:43581], old=null, confs=<EMPTY_MAP>
2019-08-20 15:40:54,542 INFO  storage.RaftStorageDirectory (RaftStorageDirectory.java:analyzeStorage(246)) - The storage directory /workdir/hadoop-ozone/integration-test/target/test-dir/MiniOzoneClusterImpl-8fb5653b-ece0-45be-97ea-ae3ba8059339/datanode-4/data/ratis/4eca0a1d-d2d2-4d59-b139-9b61e7d8be4e does not exist. Creating ...
2019-08-20 15:40:54,542 INFO  server.RaftServerConfigKeys (ConfUtils.java:logGet(43)) - raft.server.storage.dir = [/workdir/hadoop-ozone/integration-test/target/test-dir/MiniOzoneClusterImpl-8fb5653b-ece0-45be-97ea-ae3ba8059339/datanode-3/data/ratis] (custom)
2019-08-20 15:40:54,543 INFO  storage.RaftStorageDirectory (RaftStorageDirectory.java:analyzeStorage(246)) - The storage directory /workdir/hadoop-ozone/integration-test/target/test-dir/MiniOzoneClusterImpl-8fb5653b-ece0-45be-97ea-ae3ba8059339/datanode-3/data/ratis/4eca0a1d-d2d2-4d59-b139-9b61e7d8be4e does not exist. Creating ...
2019-08-20 15:40:54,554 INFO  storage.RaftStorageDirectory (RaftStorageDirectory.java:tryLock(328)) - Lock on /workdir/hadoop-ozone/integration-test/target/test-dir/MiniOzoneClusterImpl-8fb5653b-ece0-45be-97ea-ae3ba8059339/datanode-5/data/ratis/4eca0a1d-d2d2-4d59-b139-9b61e7d8be4e/in_use.lock acquired by nodename 29188@pr-hdds-1879-mp8vb-189615265
2019-08-20 15:40:54,554 INFO  storage.RaftStorageDirectory (RaftStorageDirectory.java:tryLock(328)) - Lock on /workdir/hadoop-ozone/integration-test/target/test-dir/MiniOzoneClusterImpl-8fb5653b-ece0-45be-97ea-ae3ba8059339/datanode-3/data/ratis/4eca0a1d-d2d2-4d59-b139-9b61e7d8be4e/in_use.lock acquired by nodename 29188@pr-hdds-1879-mp8vb-189615265
2019-08-20 15:40:54,554 INFO  storage.RaftStorageDirectory (RaftStorageDirectory.java:tryLock(328)) - Lock on /workdir/hadoop-ozone/integration-test/target/test-dir/MiniOzoneClusterImpl-8fb5653b-ece0-45be-97ea-ae3ba8059339/datanode-4/data/ratis/4eca0a1d-d2d2-4d59-b139-9b61e7d8be4e/in_use.lock acquired by nodename 29188@pr-hdds-1879-mp8vb-189615265
2019-08-20 15:40:54,567 INFO  storage.RaftStorage (RaftStorage.java:format(72)) - Storage directory /workdir/hadoop-ozone/integration-test/target/test-dir/MiniOzoneClusterImpl-8fb5653b-ece0-45be-97ea-ae3ba8059339/datanode-5/data/ratis/4eca0a1d-d2d2-4d59-b139-9b61e7d8be4e has been successfully formatted.
2019-08-20 15:40:54,567 INFO  storage.RaftStorage (RaftStorage.java:format(72)) - Storage directory /workdir/hadoop-ozone/integration-test/target/test-dir/MiniOzoneClusterImpl-8fb5653b-ece0-45be-97ea-ae3ba8059339/datanode-4/data/ratis/4eca0a1d-d2d2-4d59-b139-9b61e7d8be4e has been successfully formatted.
2019-08-20 15:40:54,567 INFO  storage.RaftStorage (RaftStorage.java:format(72)) - Storage directory /workdir/hadoop-ozone/integration-test/target/test-dir/MiniOzoneClusterImpl-8fb5653b-ece0-45be-97ea-ae3ba8059339/datanode-3/data/ratis/4eca0a1d-d2d2-4d59-b139-9b61e7d8be4e has been successfully formatted.
2019-08-20 15:40:54,567 INFO  ratis.ContainerStateMachine (ContainerStateMachine.java:loadSnapshot(223)) - group-9B61E7D8BE4E: The snapshot info is null. Setting the last applied indexto:(t:0, i:~)
2019-08-20 15:40:54,568 INFO  ratis.ContainerStateMachine (ContainerStateMachine.java:loadSnapshot(223)) - group-9B61E7D8BE4E: The snapshot info is null. Setting the last applied indexto:(t:0, i:~)
2019-08-20 15:40:54,568 INFO  ratis.ContainerStateMachine (ContainerStateMachine.java:loadSnapshot(223)) - group-9B61E7D8BE4E: The snapshot info is null. Setting the last applied indexto:(t:0, i:~)
2019-08-20 15:40:54,568 INFO  server.RaftServerConfigKeys (ConfUtils.java:logGet(43)) - raft.server.leader.election.timeout = 120s (custom)
2019-08-20 15:40:54,568 INFO  server.RaftServerConfigKeys (ConfUtils.java:logGet(43)) - raft.server.leader.election.timeout = 120s (custom)
2019-08-20 15:40:54,568 INFO  server.RaftServerConfigKeys (ConfUtils.java:logGet(43)) - raft.server.leader.election.timeout = 120s (custom)
2019-08-20 15:40:54,568 INFO  server.RaftServerConfigKeys (ConfUtils.java:logGet(43)) - raft.server.log.use.memory = false (default)
2019-08-20 15:40:54,568 INFO  server.RaftServerConfigKeys (ConfUtils.java:logGet(43)) - raft.server.log.use.memory = false (default)
2019-08-20 15:40:54,569 INFO  server.RaftServerConfigKeys (ConfUtils.java:logGet(43)) - raft.server.log.purge.gap = 1000000000 (custom)
2019-08-20 15:40:54,568 INFO  server.RaftServerConfigKeys (ConfUtils.java:logGet(43)) - raft.server.log.use.memory = false (default)
2019-08-20 15:40:54,569 INFO  server.RaftServerConfigKeys (ConfUtils.java:logGet(43)) - raft.server.log.appender.buffer.byte-limit = 33554432 (custom)
2019-08-20 15:40:54,569 INFO  server.RaftServerConfigKeys (ConfUtils.java:logGet(43)) - raft.server.log.purge.gap = 1000000000 (custom)
2019-08-20 15:40:54,569 INFO  server.RaftServerConfigKeys (ConfUtils.java:logGet(43)) - raft.server.log.segment.size.max = 1048576 (custom)
2019-08-20 15:40:54,569 INFO  server.RaftServerConfigKeys (ConfUtils.java:logGet(43)) - raft.server.log.segment.cache.num.max = 2 (custom)
2019-08-20 15:40:54,569 INFO  server.RaftServerConfigKeys (ConfUtils.java:logGet(43)) - raft.server.log.purge.gap = 1000000000 (custom)
2019-08-20 15:40:54,569 INFO  segmented.SegmentedRaftLogWorker (SegmentedRaftLogWorker.java:<init>(172)) - new dfd4cced-2b14-4d89-9dc7-4c182850c80d-SegmentedRaftLogWorker:Storage Directory /workdir/hadoop-ozone/integration-test/target/test-dir/MiniOzoneClusterImpl-8fb5653b-ece0-45be-97ea-ae3ba8059339/datanode-3/data/ratis/4eca0a1d-d2d2-4d59-b139-9b61e7d8be4e for RaftStorage:Storage Directory /workdir/hadoop-ozone/integration-test/target/test-dir/MiniOzoneClusterImpl-8fb5653b-ece0-45be-97ea-ae3ba8059339/datanode-3/data/ratis/4eca0a1d-d2d2-4d59-b139-9b61e7d8be4e
2019-08-20 15:40:54,569 INFO  server.RaftServerConfigKeys (ConfUtils.java:logGet(43)) - raft.server.log.appender.buffer.byte-limit = 33554432 (custom)
2019-08-20 15:40:54,570 INFO  server.RaftServerConfigKeys (ConfUtils.java:logGet(43)) - raft.server.log.queue.byte-limit = 2147483647 (custom)
2019-08-20 15:40:54,570 INFO  server.RaftServerConfigKeys (ConfUtils.java:logGet(43)) - raft.server.log.queue.element-limit = 1024 (custom)
2019-08-20 15:40:54,570 INFO  server.RaftServerConfigKeys (ConfUtils.java:logGet(43)) - raft.server.log.appender.buffer.byte-limit = 33554432 (custom)
2019-08-20 15:40:54,570 INFO  server.RaftServerConfigKeys (ConfUtils.java:logGet(43)) - raft.server.log.segment.size.max = 1048576 (custom)
2019-08-20 15:40:54,570 INFO  server.RaftServerConfigKeys (ConfUtils.java:logGet(43)) - raft.server.log.preallocated.size = 16384 (custom)
2019-08-20 15:40:54,570 INFO  server.RaftServerConfigKeys (ConfUtils.java:logGet(43)) - raft.server.log.segment.size.max = 1048576 (custom)
2019-08-20 15:40:54,571 INFO  server.RaftServerConfigKeys (ConfUtils.java:logGet(43)) - raft.server.log.write.buffer.size = 33554432 (custom)
2019-08-20 15:40:54,570 INFO  server.RaftServerConfigKeys (ConfUtils.java:logGet(43)) - raft.server.log.segment.size.max = 1048576 (custom)
2019-08-20 15:40:54,571 INFO  server.RaftServerConfigKeys (ConfUtils.java:logGet(43)) - raft.server.log.force.sync.num = 128 (default)
2019-08-20 15:40:54,571 INFO  server.RaftServerConfigKeys (ConfUtils.java:logGet(43)) - raft.server.log.segment.cache.num.max = 2 (custom)
2019-08-20 15:40:54,571 INFO  server.RaftServerConfigKeys (ConfUtils.java:logGet(43)) - raft.server.log.statemachine.data.sync = true (default)
2019-08-20 15:40:54,571 INFO  server.RaftServerConfigKeys (ConfUtils.java:logGet(43)) - raft.server.log.statemachine.data.sync.timeout = 10s (default)
2019-08-20 15:40:54,571 INFO  server.RaftServerConfigKeys (ConfUtils.java:logGet(43)) - raft.server.log.segment.cache.num.max = 2 (custom)
2019-08-20 15:40:54,572 INFO  server.RaftServerConfigKeys (ConfUtils.java:logGet(43)) - raft.server.log.statemachine.data.sync.timeout.retry = -1 (default)
2019-08-20 15:40:54,571 INFO  segmented.SegmentedRaftLogWorker (SegmentedRaftLogWorker.java:<init>(172)) - new 925c8107-01d8-4d67-809b-d528e269a812-SegmentedRaftLogWorker:Storage Directory /workdir/hadoop-ozone/integration-test/target/test-dir/MiniOzoneClusterImpl-8fb5653b-ece0-45be-97ea-ae3ba8059339/datanode-5/data/ratis/4eca0a1d-d2d2-4d59-b139-9b61e7d8be4e for RaftStorage:Storage Directory /workdir/hadoop-ozone/integration-test/target/test-dir/MiniOzoneClusterImpl-8fb5653b-ece0-45be-97ea-ae3ba8059339/datanode-5/data/ratis/4eca0a1d-d2d2-4d59-b139-9b61e7d8be4e
2019-08-20 15:40:54,572 INFO  server.RaftServerConfigKeys (ConfUtils.java:logGet(43)) - raft.server.log.statemachine.data.caching.enabled = true (custom)
2019-08-20 15:40:54,572 INFO  segmented.SegmentedRaftLogWorker (SegmentedRaftLogWorker.java:<init>(172)) - new d03af9c2-82e7-4b8a-975e-d2d5cc7f3820-SegmentedRaftLogWorker:Storage Directory /workdir/hadoop-ozone/integration-test/target/test-dir/MiniOzoneClusterImpl-8fb5653b-ece0-45be-97ea-ae3ba8059339/datanode-4/data/ratis/4eca0a1d-d2d2-4d59-b139-9b61e7d8be4e for RaftStorage:Storage Directory /workdir/hadoop-ozone/integration-test/target/test-dir/MiniOzoneClusterImpl-8fb5653b-ece0-45be-97ea-ae3ba8059339/datanode-4/data/ratis/4eca0a1d-d2d2-4d59-b139-9b61e7d8be4e
2019-08-20 15:40:54,572 INFO  server.RaftServerConfigKeys (ConfUtils.java:logGet(43)) - raft.server.log.queue.byte-limit = 2147483647 (custom)
2019-08-20 15:40:54,572 INFO  segmented.SegmentedRaftLogWorker (SegmentedRaftLogWorker.java:lambda$new$0(132)) - dfd4cced-2b14-4d89-9dc7-4c182850c80d-SegmentedRaftLogWorker:Storage Directory /workdir/hadoop-ozone/integration-test/target/test-dir/MiniOzoneClusterImpl-8fb5653b-ece0-45be-97ea-ae3ba8059339/datanode-3/data/ratis/4eca0a1d-d2d2-4d59-b139-9b61e7d8be4e: flushIndex: setUnconditionally 0 -> -1
2019-08-20 15:40:54,572 INFO  server.RaftServerConfigKeys (ConfUtils.java:logGet(43)) - raft.server.log.queue.byte-limit = 2147483647 (custom)
2019-08-20 15:40:54,573 INFO  server.RaftServerConfigKeys (ConfUtils.java:logGet(43)) - raft.server.log.queue.element-limit = 1024 (custom)
2019-08-20 15:40:54,572 INFO  server.RaftServerConfigKeys (ConfUtils.java:logGet(43)) - raft.server.log.queue.element-limit = 1024 (custom)
2019-08-20 15:40:54,573 INFO  server.RaftServerConfigKeys (ConfUtils.java:logGet(43)) - raft.server.log.segment.size.max = 1048576 (custom)
2019-08-20 15:40:54,573 INFO  server.RaftServerConfigKeys (ConfUtils.java:logGet(43)) - raft.server.snapshot.auto.trigger.enabled = true (custom)
2019-08-20 15:40:54,573 INFO  server.RaftServerConfigKeys (ConfUtils.java:logGet(43)) - raft.server.log.preallocated.size = 16384 (custom)
2019-08-20 15:40:54,573 INFO  server.RaftServerConfigKeys (ConfUtils.java:logGet(43)) - raft.server.log.write.buffer.size = 33554432 (custom)
2019-08-20 15:40:54,573 INFO  server.RaftServerConfigKeys (ConfUtils.java:logGet(43)) - raft.server.log.segment.size.max = 1048576 (custom)
2019-08-20 15:40:54,573 INFO  server.RaftServerConfigKeys (ConfUtils.java:logGet(43)) - raft.server.log.force.sync.num = 128 (default)
2019-08-20 15:40:54,573 INFO  server.RaftServerConfigKeys (ConfUtils.java:logGet(43)) - raft.server.snapshot.auto.trigger.threshold = 10000 (custom)
2019-08-20 15:40:54,574 INFO  server.RaftServerConfigKeys (ConfUtils.java:logGet(43)) - raft.server.log.statemachine.data.sync = true (default)
2019-08-20 15:40:54,573 INFO  server.RaftServerConfigKeys (ConfUtils.java:logGet(43)) - raft.server.log.preallocated.size = 16384 (custom)
2019-08-20 15:40:54,574 INFO  server.RaftServerConfigKeys (ConfUtils.java:logGet(43)) - raft.server.log.statemachine.data.sync.timeout = 10s (default)
2019-08-20 15:40:54,574 INFO  server.RaftServerConfigKeys (ConfUtils.java:logGet(43)) - raft.server.retrycache.expirytime = 600000ms (custom)
2019-08-20 15:40:54,574 INFO  server.RaftServerConfigKeys (ConfUtils.java:logGet(43)) - raft.server.log.statemachine.data.sync.timeout.retry = -1 (default)
2019-08-20 15:40:54,574 INFO  server.RaftServerConfigKeys (ConfUtils.java:logGet(43)) - raft.server.log.write.buffer.size = 33554432 (custom)
2019-08-20 15:40:54,575 INFO  server.RaftServerConfigKeys (ConfUtils.java:logGet(43)) - raft.server.log.statemachine.data.caching.enabled = true (custom)
2019-08-20 15:40:54,574 INFO  impl.RaftServerImpl (RaftServerImpl.java:start(180)) - dfd4cced-2b14-4d89-9dc7-4c182850c80d: start group-9B61E7D8BE4E
2019-08-20 15:40:54,575 INFO  server.RaftServerConfigKeys (ConfUtils.java:logGet(43)) - raft.server.log.force.sync.num = 128 (default)
2019-08-20 15:40:54,575 INFO  segmented.SegmentedRaftLogWorker (SegmentedRaftLogWorker.java:lambda$new$0(132)) - d03af9c2-82e7-4b8a-975e-d2d5cc7f3820-SegmentedRaftLogWorker:Storage Directory /workdir/hadoop-ozone/integration-test/target/test-dir/MiniOzoneClusterImpl-8fb5653b-ece0-45be-97ea-ae3ba8059339/datanode-4/data/ratis/4eca0a1d-d2d2-4d59-b139-9b61e7d8be4e: flushIndex: setUnconditionally 0 -> -1
2019-08-20 15:40:54,575 INFO  impl.RaftServerImpl (RaftServerImpl.java:setRole(171)) - dfd4cced-2b14-4d89-9dc7-4c182850c80d:group-9B61E7D8BE4E changes role from null to FOLLOWER at term 0 for startAsFollower
2019-08-20 15:40:54,575 INFO  server.RaftServerConfigKeys (ConfUtils.java:logGet(43)) - raft.server.log.statemachine.data.sync = true (default)
2019-08-20 15:40:54,575 INFO  server.RaftServerConfigKeys (ConfUtils.java:logGet(43)) - raft.server.snapshot.auto.trigger.enabled = true (custom)
2019-08-20 15:40:54,575 INFO  impl.RoleInfo (RoleInfo.java:updateAndGet(143)) - dfd4cced-2b14-4d89-9dc7-4c182850c80d: start FollowerState
2019-08-20 15:40:54,575 INFO  server.RaftServerConfigKeys (ConfUtils.java:logGet(43)) - raft.server.snapshot.auto.trigger.threshold = 10000 (custom)
2019-08-20 15:40:54,575 INFO  server.RaftServerConfigKeys (ConfUtils.java:logGet(43)) - raft.server.log.statemachine.data.sync.timeout = 10s (default)
2019-08-20 15:40:54,576 INFO  server.RaftServerConfigKeys (ConfUtils.java:logGet(43)) - raft.server.retrycache.expirytime = 600000ms (custom)
2019-08-20 15:40:54,576 INFO  util.JmxRegister (JmxRegister.java:tryRegister(44)) - Successfully registered JMX Bean with object name Ratis:service=RaftServer,group=group-9B61E7D8BE4E,id=dfd4cced-2b14-4d89-9dc7-4c182850c80d
2019-08-20 15:40:54,576 INFO  server.RaftServerConfigKeys (ConfUtils.java:logGet(43)) - raft.server.log.statemachine.data.sync.timeout.retry = -1 (default)
2019-08-20 15:40:54,576 INFO  impl.RaftServerImpl (RaftServerImpl.java:start(180)) - d03af9c2-82e7-4b8a-975e-d2d5cc7f3820: start group-9B61E7D8BE4E
2019-08-20 15:40:54,576 INFO  server.RaftServerConfigKeys (ConfUtils.java:logGet(43)) - raft.server.log.statemachine.data.caching.enabled = true (custom)
2019-08-20 15:40:54,576 INFO  impl.RaftServerImpl (RaftServerImpl.java:setRole(171)) - d03af9c2-82e7-4b8a-975e-d2d5cc7f3820:group-9B61E7D8BE4E changes role from null to FOLLOWER at term 0 for startAsFollower
2019-08-20 15:40:54,577 INFO  segmented.SegmentedRaftLogWorker (SegmentedRaftLogWorker.java:lambda$new$0(132)) - 925c8107-01d8-4d67-809b-d528e269a812-SegmentedRaftLogWorker:Storage Directory /workdir/hadoop-ozone/integration-test/target/test-dir/MiniOzoneClusterImpl-8fb5653b-ece0-45be-97ea-ae3ba8059339/datanode-5/data/ratis/4eca0a1d-d2d2-4d59-b139-9b61e7d8be4e: flushIndex: setUnconditionally 0 -> -1
2019-08-20 15:40:54,577 INFO  impl.RoleInfo (RoleInfo.java:updateAndGet(143)) - d03af9c2-82e7-4b8a-975e-d2d5cc7f3820: start FollowerState
2019-08-20 15:40:54,577 INFO  server.RaftServerConfigKeys (ConfUtils.java:logGet(43)) - raft.server.snapshot.auto.trigger.enabled = true (custom)
2019-08-20 15:40:54,577 INFO  server.RaftServerConfigKeys (ConfUtils.java:logGet(43)) - raft.server.snapshot.auto.trigger.threshold = 10000 (custom)
2019-08-20 15:40:54,577 INFO  server.RaftServerConfigKeys (ConfUtils.java:logGet(43)) - raft.server.retrycache.expirytime = 600000ms (custom)
2019-08-20 15:40:54,577 INFO  impl.RaftServerImpl (RaftServerImpl.java:start(180)) - 925c8107-01d8-4d67-809b-d528e269a812: start group-9B61E7D8BE4E
2019-08-20 15:40:54,577 INFO  util.JmxRegister (JmxRegister.java:tryRegister(44)) - Successfully registered JMX Bean with object name Ratis:service=RaftServer,group=group-9B61E7D8BE4E,id=d03af9c2-82e7-4b8a-975e-d2d5cc7f3820
2019-08-20 15:40:54,577 INFO  impl.RaftServerImpl (RaftServerImpl.java:setRole(171)) - 925c8107-01d8-4d67-809b-d528e269a812:group-9B61E7D8BE4E changes role from null to FOLLOWER at term 0 for startAsFollower
2019-08-20 15:40:54,577 INFO  impl.RoleInfo (RoleInfo.java:updateAndGet(143)) - 925c8107-01d8-4d67-809b-d528e269a812: start FollowerState
2019-08-20 15:40:54,578 INFO  util.JmxRegister (JmxRegister.java:tryRegister(44)) - Successfully registered JMX Bean with object name Ratis:service=RaftServer,group=group-9B61E7D8BE4E,id=925c8107-01d8-4d67-809b-d528e269a812
2019-08-20 15:40:54,580 INFO  pipeline.PipelineStateManager (PipelineStateManager.java:addPipeline(56)) - Created pipeline Pipeline[ Id: 4eca0a1d-d2d2-4d59-b139-9b61e7d8be4e, Nodes: d03af9c2-82e7-4b8a-975e-d2d5cc7f3820{ip: 192.168.5.175, host: pr-hdds-1879-mp8vb-189615265, networkLocation: /default-rack, certSerialId: null}dfd4cced-2b14-4d89-9dc7-4c182850c80d{ip: 192.168.5.175, host: pr-hdds-1879-mp8vb-189615265, networkLocation: /default-rack, certSerialId: null}925c8107-01d8-4d67-809b-d528e269a812{ip: 192.168.5.175, host: pr-hdds-1879-mp8vb-189615265, networkLocation: /default-rack, certSerialId: null}, Type:RATIS, Factor:THREE, State:OPEN]
2019-08-20 15:40:54,676 INFO  net.NetworkTopology (NetworkTopologyImpl.java:add(110)) - Added a new node: /default-rack/928a4c93-037b-4b78-a0b2-8ba76bf1098b
2019-08-20 15:40:54,677 INFO  node.SCMNodeManager (SCMNodeManager.java:register(273)) - Registered Data node : 928a4c93-037b-4b78-a0b2-8ba76bf1098b{ip: 192.168.5.175, host: pr-hdds-1879-mp8vb-189615265, networkLocation: /default-rack, certSerialId: null}
2019-08-20 15:40:54,680 INFO  ozone.MiniOzoneClusterImpl (MiniOzoneClusterImpl.java:lambda$waitForClusterToBeReady$0(142)) - Cluster is ready. Got 7 of 7 DN Heartbeats.
2019-08-20 15:40:54,692 INFO  impl.RaftServerProxy (RaftServerProxy.java:addNew(89)) - 928a4c93-037b-4b78-a0b2-8ba76bf1098b: addNew group-469CEE329122:[928a4c93-037b-4b78-a0b2-8ba76bf1098b:192.168.5.175:43251] returns group-469CEE329122:java.util.concurrent.CompletableFuture@190e0906[Not completed]
2019-08-20 15:40:54,696 INFO  impl.RaftServerImpl (RaftServerImpl.java:<init>(93)) - 928a4c93-037b-4b78-a0b2-8ba76bf1098b: new RaftServerImpl for group-469CEE329122:[928a4c93-037b-4b78-a0b2-8ba76bf1098b:192.168.5.175:43251] with ContainerStateMachine:uninitialized
2019-08-20 15:40:54,696 INFO  server.RaftServerConfigKeys (ConfUtils.java:logGet(43)) - raft.server.rpc.timeout.min = 5s (custom)
2019-08-20 15:40:54,696 INFO  server.RaftServerConfigKeys (ConfUtils.java:logGet(43)) - raft.server.rpc.timeout.max = 5200ms (custom)
2019-08-20 15:40:54,696 INFO  server.RaftServerConfigKeys (ConfUtils.java:logGet(43)) - raft.server.rpcslowness.timeout = 120s (custom)
2019-08-20 15:40:54,710 INFO  server.RaftServerConfigKeys (ConfUtils.java:logGet(43)) - raft.server.sleep.deviation.threshold = 300 (default)
2019-08-20 15:40:54,710 INFO  server.RaftServerConfigKeys (ConfUtils.java:logGet(43)) - raft.server.log.appender.install.snapshot.enabled = false (custom)
2019-08-20 15:40:54,710 INFO  impl.RaftServerImpl (ServerState.java:<init>(105)) - 928a4c93-037b-4b78-a0b2-8ba76bf1098b:group-469CEE329122 ConfigurationManager, init=-1: [928a4c93-037b-4b78-a0b2-8ba76bf1098b:192.168.5.175:43251], old=null, confs=<EMPTY_MAP>
2019-08-20 15:40:54,711 INFO  server.RaftServerConfigKeys (ConfUtils.java:logGet(43)) - raft.server.storage.dir = [/workdir/hadoop-ozone/integration-test/target/test-dir/MiniOzoneClusterImpl-8fb5653b-ece0-45be-97ea-ae3ba8059339/datanode-6/data/ratis] (custom)
2019-08-20 15:40:54,711 INFO  storage.RaftStorageDirectory (RaftStorageDirectory.java:analyzeStorage(246)) - The storage directory /workdir/hadoop-ozone/integration-test/target/test-dir/MiniOzoneClusterImpl-8fb5653b-ece0-45be-97ea-ae3ba8059339/datanode-6/data/ratis/792c80af-d497-4e48-87b3-469cee329122 does not exist. Creating ...
2019-08-20 15:40:54,717 INFO  rpc.RpcClient (RpcClient.java:createVolume(288)) - Creating Volume: testblockoutputstream, with jenkins1000 as owner.
2019-08-20 15:40:54,721 INFO  storage.RaftStorageDirectory (RaftStorageDirectory.java:tryLock(328)) - Lock on /workdir/hadoop-ozone/integration-test/target/test-dir/MiniOzoneClusterImpl-8fb5653b-ece0-45be-97ea-ae3ba8059339/datanode-6/data/ratis/792c80af-d497-4e48-87b3-469cee329122/in_use.lock acquired by nodename 29188@pr-hdds-1879-mp8vb-189615265
2019-08-20 15:40:54,730 INFO  rpc.RpcClient (RpcClient.java:createBucket(425)) - Creating Bucket: testblockoutputstream/testblockoutputstream, with Versioning false and Storage Type set to DISK and Encryption set to false 
2019-08-20 15:40:54,734 INFO  storage.RaftStorage (RaftStorage.java:format(72)) - Storage directory /workdir/hadoop-ozone/integration-test/target/test-dir/MiniOzoneClusterImpl-8fb5653b-ece0-45be-97ea-ae3ba8059339/datanode-6/data/ratis/792c80af-d497-4e48-87b3-469cee329122 has been successfully formatted.
2019-08-20 15:40:54,734 INFO  ratis.ContainerStateMachine (ContainerStateMachine.java:loadSnapshot(223)) - group-469CEE329122: The snapshot info is null. Setting the last applied indexto:(t:0, i:~)
2019-08-20 15:40:54,734 INFO  server.RaftServerConfigKeys (ConfUtils.java:logGet(43)) - raft.server.leader.election.timeout = 120s (custom)
2019-08-20 15:40:54,734 INFO  server.RaftServerConfigKeys (ConfUtils.java:logGet(43)) - raft.server.log.use.memory = false (default)
2019-08-20 15:40:54,735 INFO  server.RaftServerConfigKeys (ConfUtils.java:logGet(43)) - raft.server.log.purge.gap = 1000000000 (custom)
2019-08-20 15:40:54,735 INFO  server.RaftServerConfigKeys (ConfUtils.java:logGet(43)) - raft.server.log.appender.buffer.byte-limit = 33554432 (custom)
2019-08-20 15:40:54,735 INFO  server.RaftServerConfigKeys (ConfUtils.java:logGet(43)) - raft.server.log.segment.size.max = 1048576 (custom)
2019-08-20 15:40:54,735 INFO  server.RaftServerConfigKeys (ConfUtils.java:logGet(43)) - raft.server.log.segment.cache.num.max = 2 (custom)
2019-08-20 15:40:54,735 INFO  segmented.SegmentedRaftLogWorker (SegmentedRaftLogWorker.java:<init>(172)) - new 928a4c93-037b-4b78-a0b2-8ba76bf1098b-SegmentedRaftLogWorker:Storage Directory /workdir/hadoop-ozone/integration-test/target/test-dir/MiniOzoneClusterImpl-8fb5653b-ece0-45be-97ea-ae3ba8059339/datanode-6/data/ratis/792c80af-d497-4e48-87b3-469cee329122 for RaftStorage:Storage Directory /workdir/hadoop-ozone/integration-test/target/test-dir/MiniOzoneClusterImpl-8fb5653b-ece0-45be-97ea-ae3ba8059339/datanode-6/data/ratis/792c80af-d497-4e48-87b3-469cee329122
2019-08-20 15:40:54,735 INFO  server.RaftServerConfigKeys (ConfUtils.java:logGet(43)) - raft.server.log.queue.byte-limit = 2147483647 (custom)
2019-08-20 15:40:54,735 INFO  server.RaftServerConfigKeys (ConfUtils.java:logGet(43)) - raft.server.log.queue.element-limit = 1024 (custom)
2019-08-20 15:40:54,735 INFO  server.RaftServerConfigKeys (ConfUtils.java:logGet(43)) - raft.server.log.segment.size.max = 1048576 (custom)
2019-08-20 15:40:54,736 INFO  server.RaftServerConfigKeys (ConfUtils.java:logGet(43)) - raft.server.log.preallocated.size = 16384 (custom)
2019-08-20 15:40:54,736 INFO  server.RaftServerConfigKeys (ConfUtils.java:logGet(43)) - raft.server.log.write.buffer.size = 33554432 (custom)
2019-08-20 15:40:54,736 INFO  server.RaftServerConfigKeys (ConfUtils.java:logGet(43)) - raft.server.log.force.sync.num = 128 (default)
2019-08-20 15:40:54,736 INFO  server.RaftServerConfigKeys (ConfUtils.java:logGet(43)) - raft.server.log.statemachine.data.sync = true (default)
2019-08-20 15:40:54,736 INFO  server.RaftServerConfigKeys (ConfUtils.java:logGet(43)) - raft.server.log.statemachine.data.sync.timeout = 10s (default)
2019-08-20 15:40:54,736 INFO  server.RaftServerConfigKeys (ConfUtils.java:logGet(43)) - raft.server.log.statemachine.data.sync.timeout.retry = -1 (default)
2019-08-20 15:40:54,736 INFO  server.RaftServerConfigKeys (ConfUtils.java:logGet(43)) - raft.server.log.statemachine.data.caching.enabled = true (custom)
2019-08-20 15:40:54,736 INFO  segmented.SegmentedRaftLogWorker (SegmentedRaftLogWorker.java:lambda$new$0(132)) - 928a4c93-037b-4b78-a0b2-8ba76bf1098b-SegmentedRaftLogWorker:Storage Directory /workdir/hadoop-ozone/integration-test/target/test-dir/MiniOzoneClusterImpl-8fb5653b-ece0-45be-97ea-ae3ba8059339/datanode-6/data/ratis/792c80af-d497-4e48-87b3-469cee329122: flushIndex: setUnconditionally 0 -> -1
2019-08-20 15:40:54,737 INFO  server.RaftServerConfigKeys (ConfUtils.java:logGet(43)) - raft.server.snapshot.auto.trigger.enabled = true (custom)
2019-08-20 15:40:54,737 INFO  server.RaftServerConfigKeys (ConfUtils.java:logGet(43)) - raft.server.snapshot.auto.trigger.threshold = 10000 (custom)
2019-08-20 15:40:54,737 INFO  server.RaftServerConfigKeys (ConfUtils.java:logGet(43)) - raft.server.retrycache.expirytime = 600000ms (custom)
2019-08-20 15:40:54,737 INFO  impl.RaftServerImpl (RaftServerImpl.java:start(180)) - 928a4c93-037b-4b78-a0b2-8ba76bf1098b: start group-469CEE329122
2019-08-20 15:40:54,737 INFO  impl.RaftServerImpl (RaftServerImpl.java:setRole(171)) - 928a4c93-037b-4b78-a0b2-8ba76bf1098b:group-469CEE329122 changes role from null to FOLLOWER at term 0 for startAsFollower
2019-08-20 15:40:54,737 INFO  impl.RoleInfo (RoleInfo.java:updateAndGet(143)) - 928a4c93-037b-4b78-a0b2-8ba76bf1098b: start FollowerState
2019-08-20 15:40:54,737 INFO  util.JmxRegister (JmxRegister.java:tryRegister(44)) - Successfully registered JMX Bean with object name Ratis:service=RaftServer,group=group-469CEE329122,id=928a4c93-037b-4b78-a0b2-8ba76bf1098b
2019-08-20 15:40:54,740 INFO  pipeline.PipelineStateManager (PipelineStateManager.java:addPipeline(56)) - Created pipeline Pipeline[ Id: 792c80af-d497-4e48-87b3-469cee329122, Nodes: 928a4c93-037b-4b78-a0b2-8ba76bf1098b{ip: 192.168.5.175, host: pr-hdds-1879-mp8vb-189615265, networkLocation: /default-rack, certSerialId: null}, Type:RATIS, Factor:ONE, State:OPEN]
2019-08-20 15:40:54,758 INFO  client.GrpcClientProtocolClient (GrpcClientProtocolClient.java:onNext(255)) - client-D3DB7009A4D9->d03af9c2-82e7-4b8a-975e-d2d5cc7f3820: receive RaftClientReply:client-D3DB7009A4D9->d03af9c2-82e7-4b8a-975e-d2d5cc7f3820@group-9B61E7D8BE4E, cid=175, FAILED org.apache.ratis.protocol.NotLeaderException: Server d03af9c2-82e7-4b8a-975e-d2d5cc7f3820 is not the leader (null). Request must be sent to leader., logIndex=0, commits[d03af9c2-82e7-4b8a-975e-d2d5cc7f3820:c-1]
2019-08-20 15:40:55,773 INFO  client.GrpcClientProtocolClient (GrpcClientProtocolClient.java:onNext(255)) - client-D3DB7009A4D9->dfd4cced-2b14-4d89-9dc7-4c182850c80d: receive RaftClientReply:client-D3DB7009A4D9->dfd4cced-2b14-4d89-9dc7-4c182850c80d@group-9B61E7D8BE4E, cid=175, FAILED org.apache.ratis.protocol.NotLeaderException: Server dfd4cced-2b14-4d89-9dc7-4c182850c80d is not the leader (null). Request must be sent to leader., logIndex=0, commits[dfd4cced-2b14-4d89-9dc7-4c182850c80d:c-1]
2019-08-20 15:40:56,187 INFO  container.ReplicationManager (ReplicationManager.java:start(155)) - Starting Replication Monitor Thread.
2019-08-20 15:40:56,190 INFO  container.ReplicationManager (ReplicationManager.java:run(207)) - Replication Monitor Thread took 0 milliseconds for processing 1 containers.
2019-08-20 15:40:56,782 INFO  client.GrpcClientProtocolClient (GrpcClientProtocolClient.java:onNext(255)) - client-D3DB7009A4D9->925c8107-01d8-4d67-809b-d528e269a812: receive RaftClientReply:client-D3DB7009A4D9->925c8107-01d8-4d67-809b-d528e269a812@group-9B61E7D8BE4E, cid=175, FAILED org.apache.ratis.protocol.NotLeaderException: Server 925c8107-01d8-4d67-809b-d528e269a812 is not the leader (null). Request must be sent to leader., logIndex=0, commits[925c8107-01d8-4d67-809b-d528e269a812:c-1]
2019-08-20 15:40:57,793 INFO  client.GrpcClientProtocolClient (GrpcClientProtocolClient.java:onNext(255)) - client-D3DB7009A4D9->dfd4cced-2b14-4d89-9dc7-4c182850c80d: receive RaftClientReply:client-D3DB7009A4D9->dfd4cced-2b14-4d89-9dc7-4c182850c80d@group-9B61E7D8BE4E, cid=175, FAILED org.apache.ratis.protocol.NotLeaderException: Server dfd4cced-2b14-4d89-9dc7-4c182850c80d is not the leader (null). Request must be sent to leader., logIndex=0, commits[dfd4cced-2b14-4d89-9dc7-4c182850c80d:c-1]
2019-08-20 15:40:58,265 INFO  impl.FollowerState (FollowerState.java:run(106)) - d57c8d47-402b-46aa-8b70-da25b48a70c2:group-46ED660DAB8A changes to CANDIDATE, lastRpcTime:5023, electionTimeout:5023ms
2019-08-20 15:40:58,266 INFO  impl.RoleInfo (RoleInfo.java:shutdownFollowerState(121)) - d57c8d47-402b-46aa-8b70-da25b48a70c2: shutdown FollowerState
2019-08-20 15:40:58,266 INFO  impl.RaftServerImpl (RaftServerImpl.java:setRole(171)) - d57c8d47-402b-46aa-8b70-da25b48a70c2:group-46ED660DAB8A changes role from FOLLOWER to CANDIDATE at term 0 for changeToCandidate
2019-08-20 15:40:58,266 INFO  impl.RoleInfo (RoleInfo.java:updateAndGet(143)) - d57c8d47-402b-46aa-8b70-da25b48a70c2: start LeaderElection
2019-08-20 15:40:58,299 INFO  impl.LeaderElection (LeaderElection.java:askForVotes(181)) - d57c8d47-402b-46aa-8b70-da25b48a70c2:group-46ED660DAB8A:LeaderElection62: begin an election at term 1 for -1: [d57c8d47-402b-46aa-8b70-da25b48a70c2:192.168.5.175:37229], old=null
2019-08-20 15:40:58,299 INFO  impl.RoleInfo (RoleInfo.java:shutdownLeaderElection(134)) - d57c8d47-402b-46aa-8b70-da25b48a70c2: shutdown LeaderElection
2019-08-20 15:40:58,299 INFO  impl.RaftServerImpl (RaftServerImpl.java:setRole(171)) - d57c8d47-402b-46aa-8b70-da25b48a70c2:group-46ED660DAB8A changes role from CANDIDATE to LEADER at term 1 for changeToLeader
2019-08-20 15:40:58,299 INFO  impl.RaftServerImpl (ServerState.java:setLeader(263)) - d57c8d47-402b-46aa-8b70-da25b48a70c2:group-46ED660DAB8A change Leader from null to d57c8d47-402b-46aa-8b70-da25b48a70c2 at term 1 for becomeLeader, leader elected after 5062ms
2019-08-20 15:40:58,299 INFO  server.RaftServerConfigKeys (ConfUtils.java:logGet(43)) - raft.server.staging.catchup.gap = 1000 (default)
2019-08-20 15:40:58,299 INFO  server.RaftServerConfigKeys (ConfUtils.java:logGet(43)) - raft.server.rpc.sleep.time = 25ms (default)
2019-08-20 15:40:58,299 INFO  server.RaftServerConfigKeys (ConfUtils.java:logGet(43)) - raft.server.write.element-limit = 4096 (default)
2019-08-20 15:40:58,300 INFO  server.RaftServerConfigKeys (ConfUtils.java:logGet(43)) - raft.server.watch.timeout = 10s (default)
2019-08-20 15:40:58,300 INFO  server.RaftServerConfigKeys (ConfUtils.java:logGet(43)) - raft.server.watch.timeout.denomination = 1s (default)
2019-08-20 15:40:58,300 INFO  server.RaftServerConfigKeys (ConfUtils.java:logGet(43)) - raft.server.watch.element-limit = 65536 (default)
2019-08-20 15:40:58,300 INFO  impl.RoleInfo (RoleInfo.java:updateAndGet(143)) - d57c8d47-402b-46aa-8b70-da25b48a70c2: start LeaderState
2019-08-20 15:40:58,300 INFO  segmented.SegmentedRaftLogWorker (SegmentedRaftLogWorker.java:startLogSegment(380)) - d57c8d47-402b-46aa-8b70-da25b48a70c2-SegmentedRaftLogWorker:Storage Directory /workdir/hadoop-ozone/integration-test/target/test-dir/MiniOzoneClusterImpl-8fb5653b-ece0-45be-97ea-ae3ba8059339/datanode-0/data/ratis/ae681a6d-ceab-4ba6-b525-46ed660dab8a: Starting segment from index:0
2019-08-20 15:40:58,301 INFO  impl.RaftServerImpl (ServerState.java:setRaftConf(361)) - d57c8d47-402b-46aa-8b70-da25b48a70c2:group-46ED660DAB8A set configuration 0: [d57c8d47-402b-46aa-8b70-da25b48a70c2:192.168.5.175:37229], old=null at 0
2019-08-20 15:40:58,351 INFO  segmented.SegmentedRaftLogWorker (SegmentedRaftLogWorker.java:execute(569)) - d57c8d47-402b-46aa-8b70-da25b48a70c2-SegmentedRaftLogWorker:Storage Directory /workdir/hadoop-ozone/integration-test/target/test-dir/MiniOzoneClusterImpl-8fb5653b-ece0-45be-97ea-ae3ba8059339/datanode-0/data/ratis/ae681a6d-ceab-4ba6-b525-46ed660dab8a: created new log segment /workdir/hadoop-ozone/integration-test/target/test-dir/MiniOzoneClusterImpl-8fb5653b-ece0-45be-97ea-ae3ba8059339/datanode-0/data/ratis/ae681a6d-ceab-4ba6-b525-46ed660dab8a/current/log_inprogress_0
2019-08-20 15:40:58,407 INFO  impl.FollowerState (FollowerState.java:run(106)) - 41326633-e7c0-4b56-8531-f737bb1d6b82:group-5926763B527B changes to CANDIDATE, lastRpcTime:5006, electionTimeout:5006ms
2019-08-20 15:40:58,408 INFO  impl.RoleInfo (RoleInfo.java:shutdownFollowerState(121)) - 41326633-e7c0-4b56-8531-f737bb1d6b82: shutdown FollowerState
2019-08-20 15:40:58,408 INFO  impl.RaftServerImpl (RaftServerImpl.java:setRole(171)) - 41326633-e7c0-4b56-8531-f737bb1d6b82:group-5926763B527B changes role from FOLLOWER to CANDIDATE at term 0 for changeToCandidate
2019-08-20 15:40:58,408 INFO  impl.RoleInfo (RoleInfo.java:updateAndGet(143)) - 41326633-e7c0-4b56-8531-f737bb1d6b82: start LeaderElection
2019-08-20 15:40:58,427 INFO  impl.LeaderElection (LeaderElection.java:askForVotes(181)) - 41326633-e7c0-4b56-8531-f737bb1d6b82:group-5926763B527B:LeaderElection63: begin an election at term 1 for -1: [41326633-e7c0-4b56-8531-f737bb1d6b82:192.168.5.175:33150], old=null
2019-08-20 15:40:58,427 INFO  impl.RoleInfo (RoleInfo.java:shutdownLeaderElection(134)) - 41326633-e7c0-4b56-8531-f737bb1d6b82: shutdown LeaderElection
2019-08-20 15:40:58,427 INFO  impl.RaftServerImpl (RaftServerImpl.java:setRole(171)) - 41326633-e7c0-4b56-8531-f737bb1d6b82:group-5926763B527B changes role from CANDIDATE to LEADER at term 1 for changeToLeader
2019-08-20 15:40:58,427 INFO  impl.RaftServerImpl (ServerState.java:setLeader(263)) - 41326633-e7c0-4b56-8531-f737bb1d6b82:group-5926763B527B change Leader from null to 41326633-e7c0-4b56-8531-f737bb1d6b82 at term 1 for becomeLeader, leader elected after 5030ms
2019-08-20 15:40:58,427 INFO  server.RaftServerConfigKeys (ConfUtils.java:logGet(43)) - raft.server.staging.catchup.gap = 1000 (default)
2019-08-20 15:40:58,427 INFO  server.RaftServerConfigKeys (ConfUtils.java:logGet(43)) - raft.server.rpc.sleep.time = 25ms (default)
2019-08-20 15:40:58,427 INFO  server.RaftServerConfigKeys (ConfUtils.java:logGet(43)) - raft.server.write.element-limit = 4096 (default)
2019-08-20 15:40:58,427 INFO  server.RaftServerConfigKeys (ConfUtils.java:logGet(43)) - raft.server.watch.timeout = 10s (default)
2019-08-20 15:40:58,427 INFO  server.RaftServerConfigKeys (ConfUtils.java:logGet(43)) - raft.server.watch.timeout.denomination = 1s (default)
2019-08-20 15:40:58,428 INFO  server.RaftServerConfigKeys (ConfUtils.java:logGet(43)) - raft.server.watch.element-limit = 65536 (default)
2019-08-20 15:40:58,428 INFO  impl.RoleInfo (RoleInfo.java:updateAndGet(143)) - 41326633-e7c0-4b56-8531-f737bb1d6b82: start LeaderState
2019-08-20 15:40:58,428 INFO  segmented.SegmentedRaftLogWorker (SegmentedRaftLogWorker.java:startLogSegment(380)) - 41326633-e7c0-4b56-8531-f737bb1d6b82-SegmentedRaftLogWorker:Storage Directory /workdir/hadoop-ozone/integration-test/target/test-dir/MiniOzoneClusterImpl-8fb5653b-ece0-45be-97ea-ae3ba8059339/datanode-1/data/ratis/97e0169e-ae60-40fa-ada6-5926763b527b: Starting segment from index:0
2019-08-20 15:40:58,429 INFO  impl.RaftServerImpl (ServerState.java:setRaftConf(361)) - 41326633-e7c0-4b56-8531-f737bb1d6b82:group-5926763B527B set configuration 0: [41326633-e7c0-4b56-8531-f737bb1d6b82:192.168.5.175:33150], old=null at 0
2019-08-20 15:40:58,473 INFO  segmented.SegmentedRaftLogWorker (SegmentedRaftLogWorker.java:execute(569)) - 41326633-e7c0-4b56-8531-f737bb1d6b82-SegmentedRaftLogWorker:Storage Directory /workdir/hadoop-ozone/integration-test/target/test-dir/MiniOzoneClusterImpl-8fb5653b-ece0-45be-97ea-ae3ba8059339/datanode-1/data/ratis/97e0169e-ae60-40fa-ada6-5926763b527b: created new log segment /workdir/hadoop-ozone/integration-test/target/test-dir/MiniOzoneClusterImpl-8fb5653b-ece0-45be-97ea-ae3ba8059339/datanode-1/data/ratis/97e0169e-ae60-40fa-ada6-5926763b527b/current/log_inprogress_0
2019-08-20 15:40:58,764 INFO  impl.FollowerState (FollowerState.java:run(106)) - d6bfb2d3-2a38-4016-a856-377fc512a5f4:group-B5CD9A9575FB changes to CANDIDATE, lastRpcTime:5015, electionTimeout:5015ms
2019-08-20 15:40:58,764 INFO  impl.RoleInfo (RoleInfo.java:shutdownFollowerState(121)) - d6bfb2d3-2a38-4016-a856-377fc512a5f4: shutdown FollowerState
2019-08-20 15:40:58,764 INFO  impl.RaftServerImpl (RaftServerImpl.java:setRole(171)) - d6bfb2d3-2a38-4016-a856-377fc512a5f4:group-B5CD9A9575FB changes role from FOLLOWER to CANDIDATE at term 0 for changeToCandidate
2019-08-20 15:40:58,764 INFO  impl.RoleInfo (RoleInfo.java:updateAndGet(143)) - d6bfb2d3-2a38-4016-a856-377fc512a5f4: start LeaderElection
2019-08-20 15:40:58,785 INFO  impl.FollowerState (FollowerState.java:run(106)) - d6bfb2d3-2a38-4016-a856-377fc512a5f4:group-5C5D252B522C changes to CANDIDATE, lastRpcTime:5121, electionTimeout:5121ms
2019-08-20 15:40:58,785 INFO  impl.RoleInfo (RoleInfo.java:shutdownFollowerState(121)) - d6bfb2d3-2a38-4016-a856-377fc512a5f4: shutdown FollowerState
2019-08-20 15:40:58,785 INFO  impl.RaftServerImpl (RaftServerImpl.java:setRole(171)) - d6bfb2d3-2a38-4016-a856-377fc512a5f4:group-5C5D252B522C changes role from FOLLOWER to CANDIDATE at term 0 for changeToCandidate
2019-08-20 15:40:58,785 INFO  impl.RoleInfo (RoleInfo.java:updateAndGet(143)) - d6bfb2d3-2a38-4016-a856-377fc512a5f4: start LeaderElection
2019-08-20 15:40:58,800 INFO  impl.LeaderElection (LeaderElection.java:askForVotes(181)) - d6bfb2d3-2a38-4016-a856-377fc512a5f4:group-5C5D252B522C:LeaderElection65: begin an election at term 1 for -1: [d6bfb2d3-2a38-4016-a856-377fc512a5f4:192.168.5.175:33668], old=null
2019-08-20 15:40:58,800 INFO  impl.LeaderElection (LeaderElection.java:askForVotes(181)) - d6bfb2d3-2a38-4016-a856-377fc512a5f4:group-B5CD9A9575FB:LeaderElection64: begin an election at term 1 for -1: [d6bfb2d3-2a38-4016-a856-377fc512a5f4:192.168.5.175:33668, 41326633-e7c0-4b56-8531-f737bb1d6b82:192.168.5.175:33150, d57c8d47-402b-46aa-8b70-da25b48a70c2:192.168.5.175:37229], old=null
2019-08-20 15:40:58,800 INFO  impl.RoleInfo (RoleInfo.java:shutdownLeaderElection(134)) - d6bfb2d3-2a38-4016-a856-377fc512a5f4: shutdown LeaderElection
2019-08-20 15:40:58,800 INFO  client.GrpcClientProtocolClient (GrpcClientProtocolClient.java:onNext(255)) - client-D3DB7009A4D9->925c8107-01d8-4d67-809b-d528e269a812: receive RaftClientReply:client-D3DB7009A4D9->925c8107-01d8-4d67-809b-d528e269a812@group-9B61E7D8BE4E, cid=175, FAILED org.apache.ratis.protocol.NotLeaderException: Server 925c8107-01d8-4d67-809b-d528e269a812 is not the leader (null). Request must be sent to leader., logIndex=0, commits[925c8107-01d8-4d67-809b-d528e269a812:c-1]
2019-08-20 15:40:58,800 INFO  impl.RaftServerImpl (RaftServerImpl.java:setRole(171)) - d6bfb2d3-2a38-4016-a856-377fc512a5f4:group-5C5D252B522C changes role from CANDIDATE to LEADER at term 1 for changeToLeader
2019-08-20 15:40:58,801 INFO  impl.RaftServerImpl (ServerState.java:setLeader(263)) - d6bfb2d3-2a38-4016-a856-377fc512a5f4:group-5C5D252B522C change Leader from null to d6bfb2d3-2a38-4016-a856-377fc512a5f4 at term 1 for becomeLeader, leader elected after 5141ms
2019-08-20 15:40:58,801 INFO  server.RaftServerConfigKeys (ConfUtils.java:logGet(43)) - raft.server.staging.catchup.gap = 1000 (default)
2019-08-20 15:40:58,801 INFO  server.RaftServerConfigKeys (ConfUtils.java:logGet(43)) - raft.server.rpc.sleep.time = 25ms (default)
2019-08-20 15:40:58,803 INFO  server.RaftServerConfigKeys (ConfUtils.java:logGet(43)) - raft.server.write.element-limit = 4096 (default)
2019-08-20 15:40:58,803 INFO  server.RaftServerConfigKeys (ConfUtils.java:logGet(43)) - raft.server.watch.timeout = 10s (default)
2019-08-20 15:40:58,803 INFO  server.RaftServerConfigKeys (ConfUtils.java:logGet(43)) - raft.server.watch.timeout.denomination = 1s (default)
2019-08-20 15:40:58,803 INFO  server.RaftServerConfigKeys (ConfUtils.java:logGet(43)) - raft.server.watch.element-limit = 65536 (default)
2019-08-20 15:40:58,803 INFO  impl.RoleInfo (RoleInfo.java:updateAndGet(143)) - d6bfb2d3-2a38-4016-a856-377fc512a5f4: start LeaderState
2019-08-20 15:40:58,803 INFO  segmented.SegmentedRaftLogWorker (SegmentedRaftLogWorker.java:startLogSegment(380)) - d6bfb2d3-2a38-4016-a856-377fc512a5f4-SegmentedRaftLogWorker:Storage Directory /workdir/hadoop-ozone/integration-test/target/test-dir/MiniOzoneClusterImpl-8fb5653b-ece0-45be-97ea-ae3ba8059339/datanode-2/data/ratis/117e3495-055f-4c2b-bd9c-5c5d252b522c: Starting segment from index:0
2019-08-20 15:40:58,805 INFO  impl.RaftServerImpl (ServerState.java:setRaftConf(361)) - d6bfb2d3-2a38-4016-a856-377fc512a5f4:group-5C5D252B522C set configuration 0: [d6bfb2d3-2a38-4016-a856-377fc512a5f4:192.168.5.175:33668], old=null at 0
2019-08-20 15:40:58,808 INFO  impl.RaftServerImpl (RaftServerImpl.java:setRole(171)) - 41326633-e7c0-4b56-8531-f737bb1d6b82:group-B5CD9A9575FB changes role from FOLLOWER to FOLLOWER at term 1 for recognizeCandidate:d6bfb2d3-2a38-4016-a856-377fc512a5f4
2019-08-20 15:40:58,808 INFO  impl.RaftServerImpl (RaftServerImpl.java:setRole(171)) - d57c8d47-402b-46aa-8b70-da25b48a70c2:group-B5CD9A9575FB changes role from FOLLOWER to FOLLOWER at term 1 for recognizeCandidate:d6bfb2d3-2a38-4016-a856-377fc512a5f4
2019-08-20 15:40:58,808 INFO  impl.RoleInfo (RoleInfo.java:shutdownFollowerState(121)) - 41326633-e7c0-4b56-8531-f737bb1d6b82: shutdown FollowerState
2019-08-20 15:40:58,809 INFO  impl.RoleInfo (RoleInfo.java:shutdownFollowerState(121)) - d57c8d47-402b-46aa-8b70-da25b48a70c2: shutdown FollowerState
2019-08-20 15:40:58,809 INFO  impl.FollowerState (FollowerState.java:run(114)) - 41326633-e7c0-4b56-8531-f737bb1d6b82: FollowerState was interrupted: java.lang.InterruptedException: sleep interrupted
2019-08-20 15:40:58,809 INFO  impl.RoleInfo (RoleInfo.java:updateAndGet(143)) - 41326633-e7c0-4b56-8531-f737bb1d6b82: start FollowerState
2019-08-20 15:40:58,809 INFO  impl.FollowerState (FollowerState.java:run(114)) - d57c8d47-402b-46aa-8b70-da25b48a70c2: FollowerState was interrupted: java.lang.InterruptedException: sleep interrupted
2019-08-20 15:40:58,809 INFO  impl.RoleInfo (RoleInfo.java:updateAndGet(143)) - d57c8d47-402b-46aa-8b70-da25b48a70c2: start FollowerState
2019-08-20 15:40:58,852 INFO  segmented.SegmentedRaftLogWorker (SegmentedRaftLogWorker.java:execute(569)) - d6bfb2d3-2a38-4016-a856-377fc512a5f4-SegmentedRaftLogWorker:Storage Directory /workdir/hadoop-ozone/integration-test/target/test-dir/MiniOzoneClusterImpl-8fb5653b-ece0-45be-97ea-ae3ba8059339/datanode-2/data/ratis/117e3495-055f-4c2b-bd9c-5c5d252b522c: created new log segment /workdir/hadoop-ozone/integration-test/target/test-dir/MiniOzoneClusterImpl-8fb5653b-ece0-45be-97ea-ae3ba8059339/datanode-2/data/ratis/117e3495-055f-4c2b-bd9c-5c5d252b522c/current/log_inprogress_0
2019-08-20 15:40:58,852 INFO  impl.LeaderElection (LeaderElection.java:logAndReturn(56)) - d6bfb2d3-2a38-4016-a856-377fc512a5f4:group-B5CD9A9575FB:LeaderElection64: Election PASSED; received 1 response(s) [d6bfb2d3-2a38-4016-a856-377fc512a5f4<-41326633-e7c0-4b56-8531-f737bb1d6b82#0:OK-t1] and 0 exception(s); d6bfb2d3-2a38-4016-a856-377fc512a5f4:t1, leader=null, voted=d6bfb2d3-2a38-4016-a856-377fc512a5f4, raftlog=d6bfb2d3-2a38-4016-a856-377fc512a5f4-SegmentedRaftLog:OPENED:c-1,f-1,i0, conf=-1: [d6bfb2d3-2a38-4016-a856-377fc512a5f4:192.168.5.175:33668, 41326633-e7c0-4b56-8531-f737bb1d6b82:192.168.5.175:33150, d57c8d47-402b-46aa-8b70-da25b48a70c2:192.168.5.175:37229], old=null
2019-08-20 15:40:58,853 INFO  impl.RoleInfo (RoleInfo.java:shutdownLeaderElection(134)) - d6bfb2d3-2a38-4016-a856-377fc512a5f4: shutdown LeaderElection
2019-08-20 15:40:58,853 INFO  impl.RaftServerImpl (RaftServerImpl.java:setRole(171)) - d6bfb2d3-2a38-4016-a856-377fc512a5f4:group-B5CD9A9575FB changes role from CANDIDATE to LEADER at term 1 for changeToLeader
2019-08-20 15:40:58,853 INFO  impl.RaftServerImpl (ServerState.java:setLeader(263)) - d6bfb2d3-2a38-4016-a856-377fc512a5f4:group-B5CD9A9575FB change Leader from null to d6bfb2d3-2a38-4016-a856-377fc512a5f4 at term 1 for becomeLeader, leader elected after 5135ms
2019-08-20 15:40:58,853 INFO  server.RaftServerConfigKeys (ConfUtils.java:logGet(43)) - raft.server.staging.catchup.gap = 1000 (default)
2019-08-20 15:40:58,853 INFO  server.RaftServerConfigKeys (ConfUtils.java:logGet(43)) - raft.server.rpc.sleep.time = 25ms (default)
2019-08-20 15:40:58,853 INFO  server.RaftServerConfigKeys (ConfUtils.java:logGet(43)) - raft.server.write.element-limit = 4096 (default)
2019-08-20 15:40:58,853 INFO  server.RaftServerConfigKeys (ConfUtils.java:logGet(43)) - raft.server.watch.timeout = 10s (default)
2019-08-20 15:40:58,853 INFO  server.RaftServerConfigKeys (ConfUtils.java:logGet(43)) - raft.server.watch.timeout.denomination = 1s (default)
2019-08-20 15:40:58,853 INFO  server.RaftServerConfigKeys (ConfUtils.java:logGet(43)) - raft.server.watch.element-limit = 65536 (default)
2019-08-20 15:40:58,854 INFO  server.RaftServerConfigKeys (ConfUtils.java:logGet(43)) - raft.server.log.appender.snapshot.chunk.size.max = 16MB (=16777216) (default)
2019-08-20 15:40:58,854 INFO  server.RaftServerConfigKeys (ConfUtils.java:logGet(43)) - raft.server.log.appender.buffer.byte-limit = 33554432 (custom)
2019-08-20 15:40:58,854 INFO  server.RaftServerConfigKeys (ConfUtils.java:logGet(43)) - raft.server.log.appender.buffer.element-limit = 1 (custom)
2019-08-20 15:40:58,854 INFO  grpc.GrpcConfigKeys$Server (ConfUtils.java:logGet(43)) - raft.grpc.server.leader.outstanding.appends.max = 128 (default)
2019-08-20 15:40:58,854 INFO  server.RaftServerConfigKeys (ConfUtils.java:logGet(43)) - raft.server.rpc.request.timeout = 3000ms (default)
2019-08-20 15:40:58,854 INFO  server.RaftServerConfigKeys (ConfUtils.java:logGet(43)) - raft.server.log.appender.install.snapshot.enabled = false (custom)
2019-08-20 15:40:58,855 INFO  server.RaftServerConfigKeys (ConfUtils.java:logGet(43)) - raft.server.log.appender.snapshot.chunk.size.max = 16MB (=16777216) (default)
2019-08-20 15:40:58,855 INFO  server.RaftServerConfigKeys (ConfUtils.java:logGet(43)) - raft.server.log.appender.buffer.byte-limit = 33554432 (custom)
2019-08-20 15:40:58,855 INFO  server.RaftServerConfigKeys (ConfUtils.java:logGet(43)) - raft.server.log.appender.buffer.element-limit = 1 (custom)
2019-08-20 15:40:58,855 INFO  grpc.GrpcConfigKeys$Server (ConfUtils.java:logGet(43)) - raft.grpc.server.leader.outstanding.appends.max = 128 (default)
2019-08-20 15:40:58,855 INFO  server.RaftServerConfigKeys (ConfUtils.java:logGet(43)) - raft.server.rpc.request.timeout = 3000ms (default)
2019-08-20 15:40:58,855 INFO  server.RaftServerConfigKeys (ConfUtils.java:logGet(43)) - raft.server.log.appender.install.snapshot.enabled = false (custom)
2019-08-20 15:40:58,855 INFO  impl.RoleInfo (RoleInfo.java:updateAndGet(143)) - d6bfb2d3-2a38-4016-a856-377fc512a5f4: start LeaderState
2019-08-20 15:40:58,855 INFO  segmented.SegmentedRaftLogWorker (SegmentedRaftLogWorker.java:startLogSegment(380)) - d6bfb2d3-2a38-4016-a856-377fc512a5f4-SegmentedRaftLogWorker:Storage Directory /workdir/hadoop-ozone/integration-test/target/test-dir/MiniOzoneClusterImpl-8fb5653b-ece0-45be-97ea-ae3ba8059339/datanode-2/data/ratis/c396ed94-c790-4573-ab7d-b5cd9a9575fb: Starting segment from index:0
2019-08-20 15:40:58,856 INFO  impl.RaftServerImpl (ServerState.java:setRaftConf(361)) - d6bfb2d3-2a38-4016-a856-377fc512a5f4:group-B5CD9A9575FB set configuration 0: [d6bfb2d3-2a38-4016-a856-377fc512a5f4:192.168.5.175:33668, 41326633-e7c0-4b56-8531-f737bb1d6b82:192.168.5.175:33150, d57c8d47-402b-46aa-8b70-da25b48a70c2:192.168.5.175:37229], old=null at 0
2019-08-20 15:40:58,892 INFO  impl.RaftServerImpl (ServerState.java:setLeader(263)) - 41326633-e7c0-4b56-8531-f737bb1d6b82:group-B5CD9A9575FB change Leader from null to d6bfb2d3-2a38-4016-a856-377fc512a5f4 at term 1 for appendEntries, leader elected after 5173ms
2019-08-20 15:40:58,892 INFO  impl.RaftServerImpl (ServerState.java:setLeader(263)) - d57c8d47-402b-46aa-8b70-da25b48a70c2:group-B5CD9A9575FB change Leader from null to d6bfb2d3-2a38-4016-a856-377fc512a5f4 at term 1 for appendEntries, leader elected after 5174ms
2019-08-20 15:40:58,903 INFO  segmented.SegmentedRaftLogWorker (SegmentedRaftLogWorker.java:execute(569)) - d6bfb2d3-2a38-4016-a856-377fc512a5f4-SegmentedRaftLogWorker:Storage Directory /workdir/hadoop-ozone/integration-test/target/test-dir/MiniOzoneClusterImpl-8fb5653b-ece0-45be-97ea-ae3ba8059339/datanode-2/data/ratis/c396ed94-c790-4573-ab7d-b5cd9a9575fb: created new log segment /workdir/hadoop-ozone/integration-test/target/test-dir/MiniOzoneClusterImpl-8fb5653b-ece0-45be-97ea-ae3ba8059339/datanode-2/data/ratis/c396ed94-c790-4573-ab7d-b5cd9a9575fb/current/log_inprogress_0
2019-08-20 15:40:58,908 INFO  impl.RaftServerImpl (ServerState.java:setRaftConf(361)) - 41326633-e7c0-4b56-8531-f737bb1d6b82:group-B5CD9A9575FB set configuration 0: [d6bfb2d3-2a38-4016-a856-377fc512a5f4:192.168.5.175:33668, 41326633-e7c0-4b56-8531-f737bb1d6b82:192.168.5.175:33150, d57c8d47-402b-46aa-8b70-da25b48a70c2:192.168.5.175:37229], old=null at 0
2019-08-20 15:40:58,908 INFO  impl.RaftServerImpl (ServerState.java:setRaftConf(361)) - d57c8d47-402b-46aa-8b70-da25b48a70c2:group-B5CD9A9575FB set configuration 0: [d6bfb2d3-2a38-4016-a856-377fc512a5f4:192.168.5.175:33668, 41326633-e7c0-4b56-8531-f737bb1d6b82:192.168.5.175:33150, d57c8d47-402b-46aa-8b70-da25b48a70c2:192.168.5.175:37229], old=null at 0
2019-08-20 15:40:58,908 INFO  segmented.SegmentedRaftLogWorker (SegmentedRaftLogWorker.java:startLogSegment(380)) - 41326633-e7c0-4b56-8531-f737bb1d6b82-SegmentedRaftLogWorker:Storage Directory /workdir/hadoop-ozone/integration-test/target/test-dir/MiniOzoneClusterImpl-8fb5653b-ece0-45be-97ea-ae3ba8059339/datanode-1/data/ratis/c396ed94-c790-4573-ab7d-b5cd9a9575fb: Starting segment from index:0
2019-08-20 15:40:58,908 INFO  segmented.SegmentedRaftLogWorker (SegmentedRaftLogWorker.java:startLogSegment(380)) - d57c8d47-402b-46aa-8b70-da25b48a70c2-SegmentedRaftLogWorker:Storage Directory /workdir/hadoop-ozone/integration-test/target/test-dir/MiniOzoneClusterImpl-8fb5653b-ece0-45be-97ea-ae3ba8059339/datanode-0/data/ratis/c396ed94-c790-4573-ab7d-b5cd9a9575fb: Starting segment from index:0
2019-08-20 15:40:58,953 INFO  segmented.SegmentedRaftLogWorker (SegmentedRaftLogWorker.java:execute(569)) - 41326633-e7c0-4b56-8531-f737bb1d6b82-SegmentedRaftLogWorker:Storage Directory /workdir/hadoop-ozone/integration-test/target/test-dir/MiniOzoneClusterImpl-8fb5653b-ece0-45be-97ea-ae3ba8059339/datanode-1/data/ratis/c396ed94-c790-4573-ab7d-b5cd9a9575fb: created new log segment /workdir/hadoop-ozone/integration-test/target/test-dir/MiniOzoneClusterImpl-8fb5653b-ece0-45be-97ea-ae3ba8059339/datanode-1/data/ratis/c396ed94-c790-4573-ab7d-b5cd9a9575fb/current/log_inprogress_0
2019-08-20 15:40:58,953 INFO  segmented.SegmentedRaftLogWorker (SegmentedRaftLogWorker.java:execute(569)) - d57c8d47-402b-46aa-8b70-da25b48a70c2-SegmentedRaftLogWorker:Storage Directory /workdir/hadoop-ozone/integration-test/target/test-dir/MiniOzoneClusterImpl-8fb5653b-ece0-45be-97ea-ae3ba8059339/datanode-0/data/ratis/c396ed94-c790-4573-ab7d-b5cd9a9575fb: created new log segment /workdir/hadoop-ozone/integration-test/target/test-dir/MiniOzoneClusterImpl-8fb5653b-ece0-45be-97ea-ae3ba8059339/datanode-0/data/ratis/c396ed94-c790-4573-ab7d-b5cd9a9575fb/current/log_inprogress_0
2019-08-20 15:40:59,289 INFO  impl.FollowerState (FollowerState.java:run(106)) - dfd4cced-2b14-4d89-9dc7-4c182850c80d:group-0443617761CA changes to CANDIDATE, lastRpcTime:5172, electionTimeout:5172ms
2019-08-20 15:40:59,289 INFO  impl.RoleInfo (RoleInfo.java:shutdownFollowerState(121)) - dfd4cced-2b14-4d89-9dc7-4c182850c80d: shutdown FollowerState
2019-08-20 15:40:59,289 INFO  impl.RaftServerImpl (RaftServerImpl.java:setRole(171)) - dfd4cced-2b14-4d89-9dc7-4c182850c80d:group-0443617761CA changes role from FOLLOWER to CANDIDATE at term 0 for changeToCandidate
2019-08-20 15:40:59,289 INFO  impl.RoleInfo (RoleInfo.java:updateAndGet(143)) - dfd4cced-2b14-4d89-9dc7-4c182850c80d: start LeaderElection
2019-08-20 15:40:59,307 INFO  impl.LeaderElection (LeaderElection.java:askForVotes(181)) - dfd4cced-2b14-4d89-9dc7-4c182850c80d:group-0443617761CA:LeaderElection66: begin an election at term 1 for -1: [dfd4cced-2b14-4d89-9dc7-4c182850c80d:192.168.5.175:43581], old=null
2019-08-20 15:40:59,308 INFO  impl.RoleInfo (RoleInfo.java:shutdownLeaderElection(134)) - dfd4cced-2b14-4d89-9dc7-4c182850c80d: shutdown LeaderElection
2019-08-20 15:40:59,308 INFO  impl.RaftServerImpl (RaftServerImpl.java:setRole(171)) - dfd4cced-2b14-4d89-9dc7-4c182850c80d:group-0443617761CA changes role from CANDIDATE to LEADER at term 1 for changeToLeader
2019-08-20 15:40:59,308 INFO  impl.RaftServerImpl (ServerState.java:setLeader(263)) - dfd4cced-2b14-4d89-9dc7-4c182850c80d:group-0443617761CA change Leader from null to dfd4cced-2b14-4d89-9dc7-4c182850c80d at term 1 for becomeLeader, leader elected after 5195ms
2019-08-20 15:40:59,308 INFO  server.RaftServerConfigKeys (ConfUtils.java:logGet(43)) - raft.server.staging.catchup.gap = 1000 (default)
2019-08-20 15:40:59,308 INFO  server.RaftServerConfigKeys (ConfUtils.java:logGet(43)) - raft.server.rpc.sleep.time = 25ms (default)
2019-08-20 15:40:59,308 INFO  server.RaftServerConfigKeys (ConfUtils.java:logGet(43)) - raft.server.write.element-limit = 4096 (default)
2019-08-20 15:40:59,308 INFO  server.RaftServerConfigKeys (ConfUtils.java:logGet(43)) - raft.server.watch.timeout = 10s (default)
2019-08-20 15:40:59,308 INFO  server.RaftServerConfigKeys (ConfUtils.java:logGet(43)) - raft.server.watch.timeout.denomination = 1s (default)
2019-08-20 15:40:59,308 INFO  server.RaftServerConfigKeys (ConfUtils.java:logGet(43)) - raft.server.watch.element-limit = 65536 (default)
2019-08-20 15:40:59,309 INFO  impl.RoleInfo (RoleInfo.java:updateAndGet(143)) - dfd4cced-2b14-4d89-9dc7-4c182850c80d: start LeaderState
2019-08-20 15:40:59,309 INFO  segmented.SegmentedRaftLogWorker (SegmentedRaftLogWorker.java:startLogSegment(380)) - dfd4cced-2b14-4d89-9dc7-4c182850c80d-SegmentedRaftLogWorker:Storage Directory /workdir/hadoop-ozone/integration-test/target/test-dir/MiniOzoneClusterImpl-8fb5653b-ece0-45be-97ea-ae3ba8059339/datanode-3/data/ratis/6bf148cf-4ea7-4696-9db9-0443617761ca: Starting segment from index:0
2019-08-20 15:40:59,309 INFO  impl.RaftServerImpl (ServerState.java:setRaftConf(361)) - dfd4cced-2b14-4d89-9dc7-4c182850c80d:group-0443617761CA set configuration 0: [dfd4cced-2b14-4d89-9dc7-4c182850c80d:192.168.5.175:43581], old=null at 0
2019-08-20 15:40:59,355 INFO  segmented.SegmentedRaftLogWorker (SegmentedRaftLogWorker.java:execute(569)) - dfd4cced-2b14-4d89-9dc7-4c182850c80d-SegmentedRaftLogWorker:Storage Directory /workdir/hadoop-ozone/integration-test/target/test-dir/MiniOzoneClusterImpl-8fb5653b-ece0-45be-97ea-ae3ba8059339/datanode-3/data/ratis/6bf148cf-4ea7-4696-9db9-0443617761ca: created new log segment /workdir/hadoop-ozone/integration-test/target/test-dir/MiniOzoneClusterImpl-8fb5653b-ece0-45be-97ea-ae3ba8059339/datanode-3/data/ratis/6bf148cf-4ea7-4696-9db9-0443617761ca/current/log_inprogress_0
2019-08-20 15:40:59,377 INFO  impl.FollowerState (FollowerState.java:run(106)) - d03af9c2-82e7-4b8a-975e-d2d5cc7f3820:group-B5BDB23BC289 changes to CANDIDATE, lastRpcTime:5044, electionTimeout:5044ms
2019-08-20 15:40:59,377 INFO  impl.RoleInfo (RoleInfo.java:shutdownFollowerState(121)) - d03af9c2-82e7-4b8a-975e-d2d5cc7f3820: shutdown FollowerState
2019-08-20 15:40:59,377 INFO  impl.RaftServerImpl (RaftServerImpl.java:setRole(171)) - d03af9c2-82e7-4b8a-975e-d2d5cc7f3820:group-B5BDB23BC289 changes role from FOLLOWER to CANDIDATE at term 0 for changeToCandidate
2019-08-20 15:40:59,378 INFO  impl.RoleInfo (RoleInfo.java:updateAndGet(143)) - d03af9c2-82e7-4b8a-975e-d2d5cc7f3820: start LeaderElection
2019-08-20 15:40:59,394 INFO  impl.LeaderElection (LeaderElection.java:askForVotes(181)) - d03af9c2-82e7-4b8a-975e-d2d5cc7f3820:group-B5BDB23BC289:LeaderElection67: begin an election at term 1 for -1: [d03af9c2-82e7-4b8a-975e-d2d5cc7f3820:192.168.5.175:41356], old=null
2019-08-20 15:40:59,394 INFO  impl.RoleInfo (RoleInfo.java:shutdownLeaderElection(134)) - d03af9c2-82e7-4b8a-975e-d2d5cc7f3820: shutdown LeaderElection
2019-08-20 15:40:59,395 INFO  impl.RaftServerImpl (RaftServerImpl.java:setRole(171)) - d03af9c2-82e7-4b8a-975e-d2d5cc7f3820:group-B5BDB23BC289 changes role from CANDIDATE to LEADER at term 1 for changeToLeader
2019-08-20 15:40:59,395 INFO  impl.RaftServerImpl (ServerState.java:setLeader(263)) - d03af9c2-82e7-4b8a-975e-d2d5cc7f3820:group-B5BDB23BC289 change Leader from null to d03af9c2-82e7-4b8a-975e-d2d5cc7f3820 at term 1 for becomeLeader, leader elected after 5066ms
2019-08-20 15:40:59,395 INFO  server.RaftServerConfigKeys (ConfUtils.java:logGet(43)) - raft.server.staging.catchup.gap = 1000 (default)
2019-08-20 15:40:59,395 INFO  server.RaftServerConfigKeys (ConfUtils.java:logGet(43)) - raft.server.rpc.sleep.time = 25ms (default)
2019-08-20 15:40:59,395 INFO  server.RaftServerConfigKeys (ConfUtils.java:logGet(43)) - raft.server.write.element-limit = 4096 (default)
2019-08-20 15:40:59,395 INFO  server.RaftServerConfigKeys (ConfUtils.java:logGet(43)) - raft.server.watch.timeout = 10s (default)
2019-08-20 15:40:59,395 INFO  server.RaftServerConfigKeys (ConfUtils.java:logGet(43)) - raft.server.watch.timeout.denomination = 1s (default)
2019-08-20 15:40:59,395 INFO  server.RaftServerConfigKeys (ConfUtils.java:logGet(43)) - raft.server.watch.element-limit = 65536 (default)
2019-08-20 15:40:59,395 INFO  impl.RoleInfo (RoleInfo.java:updateAndGet(143)) - d03af9c2-82e7-4b8a-975e-d2d5cc7f3820: start LeaderState
2019-08-20 15:40:59,396 INFO  segmented.SegmentedRaftLogWorker (SegmentedRaftLogWorker.java:startLogSegment(380)) - d03af9c2-82e7-4b8a-975e-d2d5cc7f3820-SegmentedRaftLogWorker:Storage Directory /workdir/hadoop-ozone/integration-test/target/test-dir/MiniOzoneClusterImpl-8fb5653b-ece0-45be-97ea-ae3ba8059339/datanode-4/data/ratis/e72212fc-e62f-4ae6-a118-b5bdb23bc289: Starting segment from index:0
2019-08-20 15:40:59,396 INFO  impl.RaftServerImpl (ServerState.java:setRaftConf(361)) - d03af9c2-82e7-4b8a-975e-d2d5cc7f3820:group-B5BDB23BC289 set configuration 0: [d03af9c2-82e7-4b8a-975e-d2d5cc7f3820:192.168.5.175:41356], old=null at 0
2019-08-20 15:40:59,446 INFO  segmented.SegmentedRaftLogWorker (SegmentedRaftLogWorker.java:execute(569)) - d03af9c2-82e7-4b8a-975e-d2d5cc7f3820-SegmentedRaftLogWorker:Storage Directory /workdir/hadoop-ozone/integration-test/target/test-dir/MiniOzoneClusterImpl-8fb5653b-ece0-45be-97ea-ae3ba8059339/datanode-4/data/ratis/e72212fc-e62f-4ae6-a118-b5bdb23bc289: created new log segment /workdir/hadoop-ozone/integration-test/target/test-dir/MiniOzoneClusterImpl-8fb5653b-ece0-45be-97ea-ae3ba8059339/datanode-4/data/ratis/e72212fc-e62f-4ae6-a118-b5bdb23bc289/current/log_inprogress_0
2019-08-20 15:40:59,602 INFO  impl.FollowerState (FollowerState.java:run(106)) - dfd4cced-2b14-4d89-9dc7-4c182850c80d:group-9B61E7D8BE4E changes to CANDIDATE, lastRpcTime:5026, electionTimeout:5026ms
2019-08-20 15:40:59,602 INFO  impl.RoleInfo (RoleInfo.java:shutdownFollowerState(121)) - dfd4cced-2b14-4d89-9dc7-4c182850c80d: shutdown FollowerState
2019-08-20 15:40:59,602 INFO  impl.RaftServerImpl (RaftServerImpl.java:setRole(171)) - dfd4cced-2b14-4d89-9dc7-4c182850c80d:group-9B61E7D8BE4E changes role from FOLLOWER to CANDIDATE at term 0 for changeToCandidate
2019-08-20 15:40:59,602 INFO  impl.RoleInfo (RoleInfo.java:updateAndGet(143)) - dfd4cced-2b14-4d89-9dc7-4c182850c80d: start LeaderElection
2019-08-20 15:40:59,612 INFO  impl.FollowerState (FollowerState.java:run(106)) - d03af9c2-82e7-4b8a-975e-d2d5cc7f3820:group-9B61E7D8BE4E changes to CANDIDATE, lastRpcTime:5035, electionTimeout:5035ms
2019-08-20 15:40:59,612 INFO  impl.RoleInfo (RoleInfo.java:shutdownFollowerState(121)) - d03af9c2-82e7-4b8a-975e-d2d5cc7f3820: shutdown FollowerState
2019-08-20 15:40:59,613 INFO  impl.RaftServerImpl (RaftServerImpl.java:setRole(171)) - d03af9c2-82e7-4b8a-975e-d2d5cc7f3820:group-9B61E7D8BE4E changes role from FOLLOWER to CANDIDATE at term 0 for changeToCandidate
2019-08-20 15:40:59,613 INFO  impl.RoleInfo (RoleInfo.java:updateAndGet(143)) - d03af9c2-82e7-4b8a-975e-d2d5cc7f3820: start LeaderElection
2019-08-20 15:40:59,623 INFO  impl.LeaderElection (LeaderElection.java:askForVotes(181)) - dfd4cced-2b14-4d89-9dc7-4c182850c80d:group-9B61E7D8BE4E:LeaderElection68: begin an election at term 1 for -1: [d03af9c2-82e7-4b8a-975e-d2d5cc7f3820:192.168.5.175:41356, 925c8107-01d8-4d67-809b-d528e269a812:192.168.5.175:41731, dfd4cced-2b14-4d89-9dc7-4c182850c80d:192.168.5.175:43581], old=null
2019-08-20 15:40:59,623 INFO  impl.LeaderElection (LeaderElection.java:askForVotes(181)) - d03af9c2-82e7-4b8a-975e-d2d5cc7f3820:group-9B61E7D8BE4E:LeaderElection69: begin an election at term 1 for -1: [d03af9c2-82e7-4b8a-975e-d2d5cc7f3820:192.168.5.175:41356, 925c8107-01d8-4d67-809b-d528e269a812:192.168.5.175:41731, dfd4cced-2b14-4d89-9dc7-4c182850c80d:192.168.5.175:43581], old=null
2019-08-20 15:40:59,628 INFO  impl.RaftServerImpl (RaftServerImpl.java:setRole(171)) - 925c8107-01d8-4d67-809b-d528e269a812:group-9B61E7D8BE4E changes role from FOLLOWER to FOLLOWER at term 1 for recognizeCandidate:d03af9c2-82e7-4b8a-975e-d2d5cc7f3820
2019-08-20 15:40:59,628 INFO  impl.RoleInfo (RoleInfo.java:shutdownFollowerState(121)) - 925c8107-01d8-4d67-809b-d528e269a812: shutdown FollowerState
2019-08-20 15:40:59,628 INFO  impl.RoleInfo (RoleInfo.java:updateAndGet(143)) - 925c8107-01d8-4d67-809b-d528e269a812: start FollowerState
2019-08-20 15:40:59,628 INFO  impl.FollowerState (FollowerState.java:run(114)) - 925c8107-01d8-4d67-809b-d528e269a812: FollowerState was interrupted: java.lang.InterruptedException: sleep interrupted
2019-08-20 15:40:59,643 INFO  impl.LeaderElection (LeaderElection.java:logAndReturn(56)) - d03af9c2-82e7-4b8a-975e-d2d5cc7f3820:group-9B61E7D8BE4E:LeaderElection69: Election PASSED; received 2 response(s) [d03af9c2-82e7-4b8a-975e-d2d5cc7f3820<-925c8107-01d8-4d67-809b-d528e269a812#0:OK-t1, d03af9c2-82e7-4b8a-975e-d2d5cc7f3820<-dfd4cced-2b14-4d89-9dc7-4c182850c80d#0:FAIL-t1] and 0 exception(s); d03af9c2-82e7-4b8a-975e-d2d5cc7f3820:t1, leader=null, voted=d03af9c2-82e7-4b8a-975e-d2d5cc7f3820, raftlog=d03af9c2-82e7-4b8a-975e-d2d5cc7f3820-SegmentedRaftLog:OPENED:c-1,f-1,i0, conf=-1: [d03af9c2-82e7-4b8a-975e-d2d5cc7f3820:192.168.5.175:41356, 925c8107-01d8-4d67-809b-d528e269a812:192.168.5.175:41731, dfd4cced-2b14-4d89-9dc7-4c182850c80d:192.168.5.175:43581], old=null
2019-08-20 15:40:59,643 INFO  impl.LeaderElection (LeaderElection.java:logAndReturn(56)) - dfd4cced-2b14-4d89-9dc7-4c182850c80d:group-9B61E7D8BE4E:LeaderElection68: Election REJECTED; received 2 response(s) [dfd4cced-2b14-4d89-9dc7-4c182850c80d<-d03af9c2-82e7-4b8a-975e-d2d5cc7f3820#0:FAIL-t1, dfd4cced-2b14-4d89-9dc7-4c182850c80d<-925c8107-01d8-4d67-809b-d528e269a812#0:FAIL-t1] and 0 exception(s); dfd4cced-2b14-4d89-9dc7-4c182850c80d:t1, leader=null, voted=dfd4cced-2b14-4d89-9dc7-4c182850c80d, raftlog=dfd4cced-2b14-4d89-9dc7-4c182850c80d-SegmentedRaftLog:OPENED:c-1,f-1,i0, conf=-1: [d03af9c2-82e7-4b8a-975e-d2d5cc7f3820:192.168.5.175:41356, 925c8107-01d8-4d67-809b-d528e269a812:192.168.5.175:41731, dfd4cced-2b14-4d89-9dc7-4c182850c80d:192.168.5.175:43581], old=null
2019-08-20 15:40:59,643 INFO  impl.RoleInfo (RoleInfo.java:shutdownLeaderElection(134)) - d03af9c2-82e7-4b8a-975e-d2d5cc7f3820: shutdown LeaderElection
2019-08-20 15:40:59,643 INFO  impl.RaftServerImpl (RaftServerImpl.java:setRole(171)) - dfd4cced-2b14-4d89-9dc7-4c182850c80d:group-9B61E7D8BE4E changes role from CANDIDATE to FOLLOWER at term 1 for DISCOVERED_A_NEW_TERM
2019-08-20 15:40:59,643 INFO  impl.RaftServerImpl (RaftServerImpl.java:setRole(171)) - d03af9c2-82e7-4b8a-975e-d2d5cc7f3820:group-9B61E7D8BE4E changes role from CANDIDATE to LEADER at term 1 for changeToLeader
2019-08-20 15:40:59,643 INFO  impl.RoleInfo (RoleInfo.java:shutdownLeaderElection(134)) - dfd4cced-2b14-4d89-9dc7-4c182850c80d: shutdown LeaderElection
2019-08-20 15:40:59,643 INFO  impl.RaftServerImpl (ServerState.java:setLeader(263)) - d03af9c2-82e7-4b8a-975e-d2d5cc7f3820:group-9B61E7D8BE4E change Leader from null to d03af9c2-82e7-4b8a-975e-d2d5cc7f3820 at term 1 for becomeLeader, leader elected after 5075ms
2019-08-20 15:40:59,644 INFO  impl.RoleInfo (RoleInfo.java:updateAndGet(143)) - dfd4cced-2b14-4d89-9dc7-4c182850c80d: start FollowerState
2019-08-20 15:40:59,644 INFO  server.RaftServerConfigKeys (ConfUtils.java:logGet(43)) - raft.server.staging.catchup.gap = 1000 (default)
2019-08-20 15:40:59,644 INFO  server.RaftServerConfigKeys (ConfUtils.java:logGet(43)) - raft.server.rpc.sleep.time = 25ms (default)
2019-08-20 15:40:59,644 INFO  server.RaftServerConfigKeys (ConfUtils.java:logGet(43)) - raft.server.write.element-limit = 4096 (default)
2019-08-20 15:40:59,644 INFO  server.RaftServerConfigKeys (ConfUtils.java:logGet(43)) - raft.server.watch.timeout = 10s (default)
2019-08-20 15:40:59,644 INFO  server.RaftServerConfigKeys (ConfUtils.java:logGet(43)) - raft.server.watch.timeout.denomination = 1s (default)
2019-08-20 15:40:59,644 INFO  server.RaftServerConfigKeys (ConfUtils.java:logGet(43)) - raft.server.watch.element-limit = 65536 (default)
2019-08-20 15:40:59,645 INFO  server.RaftServerConfigKeys (ConfUtils.java:logGet(43)) - raft.server.log.appender.snapshot.chunk.size.max = 16MB (=16777216) (default)
2019-08-20 15:40:59,645 INFO  server.RaftServerConfigKeys (ConfUtils.java:logGet(43)) - raft.server.log.appender.buffer.byte-limit = 33554432 (custom)
2019-08-20 15:40:59,645 INFO  server.RaftServerConfigKeys (ConfUtils.java:logGet(43)) - raft.server.log.appender.buffer.element-limit = 1 (custom)
2019-08-20 15:40:59,646 INFO  grpc.GrpcConfigKeys$Server (ConfUtils.java:logGet(43)) - raft.grpc.server.leader.outstanding.appends.max = 128 (default)
2019-08-20 15:40:59,646 INFO  server.RaftServerConfigKeys (ConfUtils.java:logGet(43)) - raft.server.rpc.request.timeout = 3000ms (default)
2019-08-20 15:40:59,646 INFO  server.RaftServerConfigKeys (ConfUtils.java:logGet(43)) - raft.server.log.appender.install.snapshot.enabled = false (custom)
2019-08-20 15:40:59,646 INFO  server.RaftServerConfigKeys (ConfUtils.java:logGet(43)) - raft.server.log.appender.snapshot.chunk.size.max = 16MB (=16777216) (default)
2019-08-20 15:40:59,646 INFO  server.RaftServerConfigKeys (ConfUtils.java:logGet(43)) - raft.server.log.appender.buffer.byte-limit = 33554432 (custom)
2019-08-20 15:40:59,646 INFO  server.RaftServerConfigKeys (ConfUtils.java:logGet(43)) - raft.server.log.appender.buffer.element-limit = 1 (custom)
2019-08-20 15:40:59,647 INFO  grpc.GrpcConfigKeys$Server (ConfUtils.java:logGet(43)) - raft.grpc.server.leader.outstanding.appends.max = 128 (default)
2019-08-20 15:40:59,647 INFO  server.RaftServerConfigKeys (ConfUtils.java:logGet(43)) - raft.server.rpc.request.timeout = 3000ms (default)
2019-08-20 15:40:59,647 INFO  server.RaftServerConfigKeys (ConfUtils.java:logGet(43)) - raft.server.log.appender.install.snapshot.enabled = false (custom)
2019-08-20 15:40:59,647 INFO  impl.RoleInfo (RoleInfo.java:updateAndGet(143)) - d03af9c2-82e7-4b8a-975e-d2d5cc7f3820: start LeaderState
2019-08-20 15:40:59,647 INFO  segmented.SegmentedRaftLogWorker (SegmentedRaftLogWorker.java:startLogSegment(380)) - d03af9c2-82e7-4b8a-975e-d2d5cc7f3820-SegmentedRaftLogWorker:Storage Directory /workdir/hadoop-ozone/integration-test/target/test-dir/MiniOzoneClusterImpl-8fb5653b-ece0-45be-97ea-ae3ba8059339/datanode-4/data/ratis/4eca0a1d-d2d2-4d59-b139-9b61e7d8be4e: Starting segment from index:0
2019-08-20 15:40:59,648 INFO  impl.RaftServerImpl (ServerState.java:setRaftConf(361)) - d03af9c2-82e7-4b8a-975e-d2d5cc7f3820:group-9B61E7D8BE4E set configuration 0: [d03af9c2-82e7-4b8a-975e-d2d5cc7f3820:192.168.5.175:41356, 925c8107-01d8-4d67-809b-d528e269a812:192.168.5.175:41731, dfd4cced-2b14-4d89-9dc7-4c182850c80d:192.168.5.175:43581], old=null at 0
2019-08-20 15:40:59,650 INFO  impl.RaftServerImpl (ServerState.java:setLeader(263)) - 925c8107-01d8-4d67-809b-d528e269a812:group-9B61E7D8BE4E change Leader from null to d03af9c2-82e7-4b8a-975e-d2d5cc7f3820 at term 1 for appendEntries, leader elected after 5081ms
2019-08-20 15:40:59,650 INFO  impl.RaftServerImpl (ServerState.java:setLeader(263)) - dfd4cced-2b14-4d89-9dc7-4c182850c80d:group-9B61E7D8BE4E change Leader from null to d03af9c2-82e7-4b8a-975e-d2d5cc7f3820 at term 1 for appendEntries, leader elected after 5081ms
2019-08-20 15:40:59,652 INFO  impl.RaftServerImpl (ServerState.java:setRaftConf(361)) - 925c8107-01d8-4d67-809b-d528e269a812:group-9B61E7D8BE4E set configuration 0: [d03af9c2-82e7-4b8a-975e-d2d5cc7f3820:192.168.5.175:41356, 925c8107-01d8-4d67-809b-d528e269a812:192.168.5.175:41731, dfd4cced-2b14-4d89-9dc7-4c182850c80d:192.168.5.175:43581], old=null at 0
2019-08-20 15:40:59,652 INFO  segmented.SegmentedRaftLogWorker (SegmentedRaftLogWorker.java:startLogSegment(380)) - 925c8107-01d8-4d67-809b-d528e269a812-SegmentedRaftLogWorker:Storage Directory /workdir/hadoop-ozone/integration-test/target/test-dir/MiniOzoneClusterImpl-8fb5653b-ece0-45be-97ea-ae3ba8059339/datanode-5/data/ratis/4eca0a1d-d2d2-4d59-b139-9b61e7d8be4e: Starting segment from index:0
2019-08-20 15:40:59,652 INFO  impl.RaftServerImpl (ServerState.java:setRaftConf(361)) - dfd4cced-2b14-4d89-9dc7-4c182850c80d:group-9B61E7D8BE4E set configuration 0: [d03af9c2-82e7-4b8a-975e-d2d5cc7f3820:192.168.5.175:41356, 925c8107-01d8-4d67-809b-d528e269a812:192.168.5.175:41731, dfd4cced-2b14-4d89-9dc7-4c182850c80d:192.168.5.175:43581], old=null at 0
2019-08-20 15:40:59,652 INFO  segmented.SegmentedRaftLogWorker (SegmentedRaftLogWorker.java:startLogSegment(380)) - dfd4cced-2b14-4d89-9dc7-4c182850c80d-SegmentedRaftLogWorker:Storage Directory /workdir/hadoop-ozone/integration-test/target/test-dir/MiniOzoneClusterImpl-8fb5653b-ece0-45be-97ea-ae3ba8059339/datanode-3/data/ratis/4eca0a1d-d2d2-4d59-b139-9b61e7d8be4e: Starting segment from index:0
2019-08-20 15:40:59,660 INFO  impl.FollowerState (FollowerState.java:run(106)) - 925c8107-01d8-4d67-809b-d528e269a812:group-62A34EBACD97 changes to CANDIDATE, lastRpcTime:5137, electionTimeout:5137ms
2019-08-20 15:40:59,660 INFO  impl.RoleInfo (RoleInfo.java:shutdownFollowerState(121)) - 925c8107-01d8-4d67-809b-d528e269a812: shutdown FollowerState
2019-08-20 15:40:59,660 INFO  impl.RaftServerImpl (RaftServerImpl.java:setRole(171)) - 925c8107-01d8-4d67-809b-d528e269a812:group-62A34EBACD97 changes role from FOLLOWER to CANDIDATE at term 0 for changeToCandidate
2019-08-20 15:40:59,660 INFO  impl.RoleInfo (RoleInfo.java:updateAndGet(143)) - 925c8107-01d8-4d67-809b-d528e269a812: start LeaderElection
2019-08-20 15:40:59,716 INFO  segmented.SegmentedRaftLogWorker (SegmentedRaftLogWorker.java:execute(569)) - dfd4cced-2b14-4d89-9dc7-4c182850c80d-SegmentedRaftLogWorker:Storage Directory /workdir/hadoop-ozone/integration-test/target/test-dir/MiniOzoneClusterImpl-8fb5653b-ece0-45be-97ea-ae3ba8059339/datanode-3/data/ratis/4eca0a1d-d2d2-4d59-b139-9b61e7d8be4e: created new log segment /workdir/hadoop-ozone/integration-test/target/test-dir/MiniOzoneClusterImpl-8fb5653b-ece0-45be-97ea-ae3ba8059339/datanode-3/data/ratis/4eca0a1d-d2d2-4d59-b139-9b61e7d8be4e/current/log_inprogress_0
2019-08-20 15:40:59,716 INFO  impl.LeaderElection (LeaderElection.java:askForVotes(181)) - 925c8107-01d8-4d67-809b-d528e269a812:group-62A34EBACD97:LeaderElection70: begin an election at term 1 for -1: [925c8107-01d8-4d67-809b-d528e269a812:192.168.5.175:41731], old=null
2019-08-20 15:40:59,716 INFO  segmented.SegmentedRaftLogWorker (SegmentedRaftLogWorker.java:execute(569)) - 925c8107-01d8-4d67-809b-d528e269a812-SegmentedRaftLogWorker:Storage Directory /workdir/hadoop-ozone/integration-test/target/test-dir/MiniOzoneClusterImpl-8fb5653b-ece0-45be-97ea-ae3ba8059339/datanode-5/data/ratis/4eca0a1d-d2d2-4d59-b139-9b61e7d8be4e: created new log segment /workdir/hadoop-ozone/integration-test/target/test-dir/MiniOzoneClusterImpl-8fb5653b-ece0-45be-97ea-ae3ba8059339/datanode-5/data/ratis/4eca0a1d-d2d2-4d59-b139-9b61e7d8be4e/current/log_inprogress_0
2019-08-20 15:40:59,716 INFO  segmented.SegmentedRaftLogWorker (SegmentedRaftLogWorker.java:execute(569)) - d03af9c2-82e7-4b8a-975e-d2d5cc7f3820-SegmentedRaftLogWorker:Storage Directory /workdir/hadoop-ozone/integration-test/target/test-dir/MiniOzoneClusterImpl-8fb5653b-ece0-45be-97ea-ae3ba8059339/datanode-4/data/ratis/4eca0a1d-d2d2-4d59-b139-9b61e7d8be4e: created new log segment /workdir/hadoop-ozone/integration-test/target/test-dir/MiniOzoneClusterImpl-8fb5653b-ece0-45be-97ea-ae3ba8059339/datanode-4/data/ratis/4eca0a1d-d2d2-4d59-b139-9b61e7d8be4e/current/log_inprogress_0
2019-08-20 15:40:59,716 INFO  impl.RoleInfo (RoleInfo.java:shutdownLeaderElection(134)) - 925c8107-01d8-4d67-809b-d528e269a812: shutdown LeaderElection
2019-08-20 15:40:59,717 INFO  impl.RaftServerImpl (RaftServerImpl.java:setRole(171)) - 925c8107-01d8-4d67-809b-d528e269a812:group-62A34EBACD97 changes role from CANDIDATE to LEADER at term 1 for changeToLeader
2019-08-20 15:40:59,717 INFO  impl.RaftServerImpl (ServerState.java:setLeader(263)) - 925c8107-01d8-4d67-809b-d528e269a812:group-62A34EBACD97 change Leader from null to 925c8107-01d8-4d67-809b-d528e269a812 at term 1 for becomeLeader, leader elected after 5196ms
2019-08-20 15:40:59,717 INFO  server.RaftServerConfigKeys (ConfUtils.java:logGet(43)) - raft.server.staging.catchup.gap = 1000 (default)
2019-08-20 15:40:59,717 INFO  server.RaftServerConfigKeys (ConfUtils.java:logGet(43)) - raft.server.rpc.sleep.time = 25ms (default)
2019-08-20 15:40:59,717 INFO  server.RaftServerConfigKeys (ConfUtils.java:logGet(43)) - raft.server.write.element-limit = 4096 (default)
2019-08-20 15:40:59,717 INFO  server.RaftServerConfigKeys (ConfUtils.java:logGet(43)) - raft.server.watch.timeout = 10s (default)
2019-08-20 15:40:59,717 INFO  server.RaftServerConfigKeys (ConfUtils.java:logGet(43)) - raft.server.watch.timeout.denomination = 1s (default)
2019-08-20 15:40:59,718 INFO  server.RaftServerConfigKeys (ConfUtils.java:logGet(43)) - raft.server.watch.element-limit = 65536 (default)
2019-08-20 15:40:59,718 INFO  impl.RoleInfo (RoleInfo.java:updateAndGet(143)) - 925c8107-01d8-4d67-809b-d528e269a812: start LeaderState
2019-08-20 15:40:59,718 INFO  segmented.SegmentedRaftLogWorker (SegmentedRaftLogWorker.java:startLogSegment(380)) - 925c8107-01d8-4d67-809b-d528e269a812-SegmentedRaftLogWorker:Storage Directory /workdir/hadoop-ozone/integration-test/target/test-dir/MiniOzoneClusterImpl-8fb5653b-ece0-45be-97ea-ae3ba8059339/datanode-5/data/ratis/82676267-18ac-448c-ac24-62a34ebacd97: Starting segment from index:0
2019-08-20 15:40:59,719 INFO  impl.RaftServerImpl (ServerState.java:setRaftConf(361)) - 925c8107-01d8-4d67-809b-d528e269a812:group-62A34EBACD97 set configuration 0: [925c8107-01d8-4d67-809b-d528e269a812:192.168.5.175:41731], old=null at 0
2019-08-20 15:40:59,765 INFO  segmented.SegmentedRaftLogWorker (SegmentedRaftLogWorker.java:execute(569)) - 925c8107-01d8-4d67-809b-d528e269a812-SegmentedRaftLogWorker:Storage Directory /workdir/hadoop-ozone/integration-test/target/test-dir/MiniOzoneClusterImpl-8fb5653b-ece0-45be-97ea-ae3ba8059339/datanode-5/data/ratis/82676267-18ac-448c-ac24-62a34ebacd97: created new log segment /workdir/hadoop-ozone/integration-test/target/test-dir/MiniOzoneClusterImpl-8fb5653b-ece0-45be-97ea-ae3ba8059339/datanode-5/data/ratis/82676267-18ac-448c-ac24-62a34ebacd97/current/log_inprogress_0
2019-08-20 15:40:59,776 INFO  impl.FollowerState (FollowerState.java:run(106)) - 928a4c93-037b-4b78-a0b2-8ba76bf1098b:group-469CEE329122 changes to CANDIDATE, lastRpcTime:5038, electionTimeout:5038ms
2019-08-20 15:40:59,776 INFO  impl.RoleInfo (RoleInfo.java:shutdownFollowerState(121)) - 928a4c93-037b-4b78-a0b2-8ba76bf1098b: shutdown FollowerState
2019-08-20 15:40:59,776 INFO  impl.RaftServerImpl (RaftServerImpl.java:setRole(171)) - 928a4c93-037b-4b78-a0b2-8ba76bf1098b:group-469CEE329122 changes role from FOLLOWER to CANDIDATE at term 0 for changeToCandidate
2019-08-20 15:40:59,776 INFO  impl.RoleInfo (RoleInfo.java:updateAndGet(143)) - 928a4c93-037b-4b78-a0b2-8ba76bf1098b: start LeaderElection
2019-08-20 15:40:59,795 INFO  impl.LeaderElection (LeaderElection.java:askForVotes(181)) - 928a4c93-037b-4b78-a0b2-8ba76bf1098b:group-469CEE329122:LeaderElection71: begin an election at term 1 for -1: [928a4c93-037b-4b78-a0b2-8ba76bf1098b:192.168.5.175:43251], old=null
2019-08-20 15:40:59,795 INFO  impl.RoleInfo (RoleInfo.java:shutdownLeaderElection(134)) - 928a4c93-037b-4b78-a0b2-8ba76bf1098b: shutdown LeaderElection
2019-08-20 15:40:59,795 INFO  impl.RaftServerImpl (RaftServerImpl.java:setRole(171)) - 928a4c93-037b-4b78-a0b2-8ba76bf1098b:group-469CEE329122 changes role from CANDIDATE to LEADER at term 1 for changeToLeader
2019-08-20 15:40:59,795 INFO  impl.RaftServerImpl (ServerState.java:setLeader(263)) - 928a4c93-037b-4b78-a0b2-8ba76bf1098b:group-469CEE329122 change Leader from null to 928a4c93-037b-4b78-a0b2-8ba76bf1098b at term 1 for becomeLeader, leader elected after 5060ms
2019-08-20 15:40:59,795 INFO  server.RaftServerConfigKeys (ConfUtils.java:logGet(43)) - raft.server.staging.catchup.gap = 1000 (default)
2019-08-20 15:40:59,796 INFO  server.RaftServerConfigKeys (ConfUtils.java:logGet(43)) - raft.server.rpc.sleep.time = 25ms (default)
2019-08-20 15:40:59,796 INFO  server.RaftServerConfigKeys (ConfUtils.java:logGet(43)) - raft.server.write.element-limit = 4096 (default)
2019-08-20 15:40:59,796 INFO  server.RaftServerConfigKeys (ConfUtils.java:logGet(43)) - raft.server.watch.timeout = 10s (default)
2019-08-20 15:40:59,796 INFO  server.RaftServerConfigKeys (ConfUtils.java:logGet(43)) - raft.server.watch.timeout.denomination = 1s (default)
2019-08-20 15:40:59,796 INFO  server.RaftServerConfigKeys (ConfUtils.java:logGet(43)) - raft.server.watch.element-limit = 65536 (default)
2019-08-20 15:40:59,796 INFO  impl.RoleInfo (RoleInfo.java:updateAndGet(143)) - 928a4c93-037b-4b78-a0b2-8ba76bf1098b: start LeaderState
2019-08-20 15:40:59,797 INFO  segmented.SegmentedRaftLogWorker (SegmentedRaftLogWorker.java:startLogSegment(380)) - 928a4c93-037b-4b78-a0b2-8ba76bf1098b-SegmentedRaftLogWorker:Storage Directory /workdir/hadoop-ozone/integration-test/target/test-dir/MiniOzoneClusterImpl-8fb5653b-ece0-45be-97ea-ae3ba8059339/datanode-6/data/ratis/792c80af-d497-4e48-87b3-469cee329122: Starting segment from index:0
2019-08-20 15:40:59,797 INFO  impl.RaftServerImpl (ServerState.java:setRaftConf(361)) - 928a4c93-037b-4b78-a0b2-8ba76bf1098b:group-469CEE329122 set configuration 0: [928a4c93-037b-4b78-a0b2-8ba76bf1098b:192.168.5.175:43251], old=null at 0
2019-08-20 15:40:59,851 INFO  segmented.SegmentedRaftLogWorker (SegmentedRaftLogWorker.java:execute(569)) - 928a4c93-037b-4b78-a0b2-8ba76bf1098b-SegmentedRaftLogWorker:Storage Directory /workdir/hadoop-ozone/integration-test/target/test-dir/MiniOzoneClusterImpl-8fb5653b-ece0-45be-97ea-ae3ba8059339/datanode-6/data/ratis/792c80af-d497-4e48-87b3-469cee329122: created new log segment /workdir/hadoop-ozone/integration-test/target/test-dir/MiniOzoneClusterImpl-8fb5653b-ece0-45be-97ea-ae3ba8059339/datanode-6/data/ratis/792c80af-d497-4e48-87b3-469cee329122/current/log_inprogress_0
2019-08-20 15:40:59,959 INFO  client.GrpcClientProtocolClient (GrpcClientProtocolClient.java:onNext(255)) - client-D3DB7009A4D9->d03af9c2-82e7-4b8a-975e-d2d5cc7f3820: receive RaftClientReply:client-D3DB7009A4D9->d03af9c2-82e7-4b8a-975e-d2d5cc7f3820@group-9B61E7D8BE4E, cid=175, SUCCESS, logIndex=1, commits[d03af9c2-82e7-4b8a-975e-d2d5cc7f3820:c1, 925c8107-01d8-4d67-809b-d528e269a812:c0, dfd4cced-2b14-4d89-9dc7-4c182850c80d:c-1]
2019-08-20 15:40:59,986 INFO  client.GrpcClientProtocolClient (GrpcClientProtocolClient.java:onNext(255)) - client-D3DB7009A4D9->d03af9c2-82e7-4b8a-975e-d2d5cc7f3820: receive RaftClientReply:client-D3DB7009A4D9->d03af9c2-82e7-4b8a-975e-d2d5cc7f3820@group-9B61E7D8BE4E, cid=176, SUCCESS, logIndex=3, commits[d03af9c2-82e7-4b8a-975e-d2d5cc7f3820:c5, 925c8107-01d8-4d67-809b-d528e269a812:c2, dfd4cced-2b14-4d89-9dc7-4c182850c80d:c2]
2019-08-20 15:41:00,030 INFO  client.GrpcClientProtocolClient (GrpcClientProtocolClient.java:onNext(255)) - client-D3DB7009A4D9->d03af9c2-82e7-4b8a-975e-d2d5cc7f3820: receive RaftClientReply:client-D3DB7009A4D9->d03af9c2-82e7-4b8a-975e-d2d5cc7f3820@group-9B61E7D8BE4E, cid=177, SUCCESS, logIndex=4, commits[d03af9c2-82e7-4b8a-975e-d2d5cc7f3820:c12, 925c8107-01d8-4d67-809b-d528e269a812:c7, dfd4cced-2b14-4d89-9dc7-4c182850c80d:c7]
2019-08-20 15:41:00,031 INFO  client.GrpcClientProtocolClient (GrpcClientProtocolClient.java:onNext(255)) - client-D3DB7009A4D9->d03af9c2-82e7-4b8a-975e-d2d5cc7f3820: receive RaftClientReply:client-D3DB7009A4D9->d03af9c2-82e7-4b8a-975e-d2d5cc7f3820@group-9B61E7D8BE4E, cid=178, SUCCESS, logIndex=5, commits[d03af9c2-82e7-4b8a-975e-d2d5cc7f3820:c12, 925c8107-01d8-4d67-809b-d528e269a812:c7, dfd4cced-2b14-4d89-9dc7-4c182850c80d:c7]
2019-08-20 15:41:00,031 INFO  client.GrpcClientProtocolClient (GrpcClientProtocolClient.java:onNext(255)) - client-D3DB7009A4D9->d03af9c2-82e7-4b8a-975e-d2d5cc7f3820: receive RaftClientReply:client-D3DB7009A4D9->d03af9c2-82e7-4b8a-975e-d2d5cc7f3820@group-9B61E7D8BE4E, cid=179, SUCCESS, logIndex=6, commits[d03af9c2-82e7-4b8a-975e-d2d5cc7f3820:c12, 925c8107-01d8-4d67-809b-d528e269a812:c7, dfd4cced-2b14-4d89-9dc7-4c182850c80d:c7]
2019-08-20 15:41:00,106 INFO  client.GrpcClientProtocolClient (GrpcClientProtocolClient.java:onNext(255)) - client-D3DB7009A4D9->d03af9c2-82e7-4b8a-975e-d2d5cc7f3820: receive RaftClientReply:client-D3DB7009A4D9->d03af9c2-82e7-4b8a-975e-d2d5cc7f3820@group-9B61E7D8BE4E, cid=180, SUCCESS, logIndex=7, commits[d03af9c2-82e7-4b8a-975e-d2d5cc7f3820:c12, 925c8107-01d8-4d67-809b-d528e269a812:c7, dfd4cced-2b14-4d89-9dc7-4c182850c80d:c7]
2019-08-20 15:41:00,115 INFO  client.GrpcClientProtocolClient (GrpcClientProtocolClient.java:onNext(255)) - client-D3DB7009A4D9->d03af9c2-82e7-4b8a-975e-d2d5cc7f3820: receive RaftClientReply:client-D3DB7009A4D9->d03af9c2-82e7-4b8a-975e-d2d5cc7f3820@group-9B61E7D8BE4E, cid=181, SUCCESS, logIndex=13, commits[d03af9c2-82e7-4b8a-975e-d2d5cc7f3820:c14, 925c8107-01d8-4d67-809b-d528e269a812:c12, dfd4cced-2b14-4d89-9dc7-4c182850c80d:c12]
2019-08-20 15:41:00,115 INFO  client.GrpcClientProtocolClient (GrpcClientProtocolClient.java:onNext(255)) - client-D3DB7009A4D9->d03af9c2-82e7-4b8a-975e-d2d5cc7f3820: receive RaftClientReply:client-D3DB7009A4D9->d03af9c2-82e7-4b8a-975e-d2d5cc7f3820@group-9B61E7D8BE4E, cid=182, SUCCESS, logIndex=14, commits[d03af9c2-82e7-4b8a-975e-d2d5cc7f3820:c14, 925c8107-01d8-4d67-809b-d528e269a812:c12, dfd4cced-2b14-4d89-9dc7-4c182850c80d:c12]
2019-08-20 15:41:00,121 INFO  client.GrpcClientProtocolClient (GrpcClientProtocolClient.java:onNext(255)) - client-D3DB7009A4D9->d03af9c2-82e7-4b8a-975e-d2d5cc7f3820: receive RaftClientReply:client-D3DB7009A4D9->d03af9c2-82e7-4b8a-975e-d2d5cc7f3820@group-9B61E7D8BE4E, cid=183, SUCCESS, logIndex=0, commits[d03af9c2-82e7-4b8a-975e-d2d5cc7f3820:c15, 925c8107-01d8-4d67-809b-d528e269a812:c14, dfd4cced-2b14-4d89-9dc7-4c182850c80d:c14]
2019-08-20 15:41:00,122 INFO  datanode.ObjectStoreHandler (ObjectStoreHandler.java:close(155)) - Closing ObjectStoreHandler.
2019-08-20 15:41:00,122 INFO  ozone.HddsDatanodeService (HddsDatanodeService.java:stop(451)) - Stopped plug-in org.apache.hadoop.ozone.web.OzoneHddsDatanodeService@5e2abb58
2019-08-20 15:41:00,931 INFO  statemachine.DatanodeStateMachine (DatanodeStateMachine.java:lambda$startDaemon$0(350)) - Ozone container server started.
2019-08-20 15:41:04,944 INFO  node.StaleNodeHandler (StaleNodeHandler.java:onMessage(58)) - Datanode d03af9c2-82e7-4b8a-975e-d2d5cc7f3820{ip: 192.168.5.175, host: pr-hdds-1879-mp8vb-189615265, networkLocation: /default-rack, certSerialId: null} moved to stale state. Finalizing its pipelines [PipelineID=e72212fc-e62f-4ae6-a118-b5bdb23bc289, PipelineID=4eca0a1d-d2d2-4d59-b139-9b61e7d8be4e]
2019-08-20 15:41:04,945 INFO  pipeline.SCMPipelineManager (SCMPipelineManager.java:finalizeAndDestroyPipeline(309)) - destroying pipeline:Pipeline[ Id: e72212fc-e62f-4ae6-a118-b5bdb23bc289, Nodes: d03af9c2-82e7-4b8a-975e-d2d5cc7f3820{ip: 192.168.5.175, host: pr-hdds-1879-mp8vb-189615265, networkLocation: /default-rack, certSerialId: null}, Type:RATIS, Factor:ONE, State:OPEN]
2019-08-20 15:41:04,945 INFO  pipeline.PipelineStateManager (PipelineStateManager.java:finalizePipeline(123)) - Pipeline Pipeline[ Id: e72212fc-e62f-4ae6-a118-b5bdb23bc289, Nodes: d03af9c2-82e7-4b8a-975e-d2d5cc7f3820{ip: 192.168.5.175, host: pr-hdds-1879-mp8vb-189615265, networkLocation: /default-rack, certSerialId: null}, Type:RATIS, Factor:ONE, State:CLOSED] moved to CLOSED state
2019-08-20 15:41:04,945 INFO  pipeline.SCMPipelineManager (SCMPipelineManager.java:finalizeAndDestroyPipeline(309)) - destroying pipeline:Pipeline[ Id: 4eca0a1d-d2d2-4d59-b139-9b61e7d8be4e, Nodes: d03af9c2-82e7-4b8a-975e-d2d5cc7f3820{ip: 192.168.5.175, host: pr-hdds-1879-mp8vb-189615265, networkLocation: /default-rack, certSerialId: null}dfd4cced-2b14-4d89-9dc7-4c182850c80d{ip: 192.168.5.175, host: pr-hdds-1879-mp8vb-189615265, networkLocation: /default-rack, certSerialId: null}925c8107-01d8-4d67-809b-d528e269a812{ip: 192.168.5.175, host: pr-hdds-1879-mp8vb-189615265, networkLocation: /default-rack, certSerialId: null}, Type:RATIS, Factor:THREE, State:OPEN]
2019-08-20 15:41:04,945 INFO  pipeline.PipelineStateManager (PipelineStateManager.java:finalizePipeline(123)) - Pipeline Pipeline[ Id: 4eca0a1d-d2d2-4d59-b139-9b61e7d8be4e, Nodes: d03af9c2-82e7-4b8a-975e-d2d5cc7f3820{ip: 192.168.5.175, host: pr-hdds-1879-mp8vb-189615265, networkLocation: /default-rack, certSerialId: null}dfd4cced-2b14-4d89-9dc7-4c182850c80d{ip: 192.168.5.175, host: pr-hdds-1879-mp8vb-189615265, networkLocation: /default-rack, certSerialId: null}925c8107-01d8-4d67-809b-d528e269a812{ip: 192.168.5.175, host: pr-hdds-1879-mp8vb-189615265, networkLocation: /default-rack, certSerialId: null}, Type:RATIS, Factor:THREE, State:CLOSED] moved to CLOSED state
2019-08-20 15:41:04,945 INFO  container.CloseContainerEventHandler (CloseContainerEventHandler.java:onMessage(61)) - Close container Event triggered for container : #1
2019-08-20 15:41:05,124 INFO  ozoneimpl.OzoneContainer (OzoneContainer.java:stop(199)) - Attempting to stop container services.
2019-08-20 15:41:05,124 INFO  impl.RaftServerProxy (RaftServerProxy.java:lambda$close$4(314)) - d03af9c2-82e7-4b8a-975e-d2d5cc7f3820: close
2019-08-20 15:41:05,125 INFO  impl.RaftServerImpl (RaftServerImpl.java:lambda$shutdown$3(245)) - d03af9c2-82e7-4b8a-975e-d2d5cc7f3820: shutdown group-B5BDB23BC289
2019-08-20 15:41:05,125 INFO  util.JmxRegister (JmxRegister.java:unregister(73)) - Successfully un-registered JMX Bean with object name Ratis:service=RaftServer,group=group-B5BDB23BC289,id=d03af9c2-82e7-4b8a-975e-d2d5cc7f3820
2019-08-20 15:41:05,125 INFO  impl.RoleInfo (RoleInfo.java:shutdownLeaderState(104)) - d03af9c2-82e7-4b8a-975e-d2d5cc7f3820: shutdown LeaderState
2019-08-20 15:41:05,126 INFO  impl.PendingRequests (PendingRequests.java:sendNotLeaderResponses(202)) - d03af9c2-82e7-4b8a-975e-d2d5cc7f3820-PendingRequests: sendNotLeaderResponses
2019-08-20 15:41:05,126 INFO  impl.StateMachineUpdater (StateMachineUpdater.java:stopAndJoin(115)) - StateMachineUpdater:d03af9c2-82e7-4b8a-975e-d2d5cc7f3820:group-B5BDB23BC289: set stopIndex = 0
2019-08-20 15:41:05,126 INFO  impl.RaftServerImpl (ServerState.java:close(394)) - d03af9c2-82e7-4b8a-975e-d2d5cc7f3820:group-B5BDB23BC289 closes. The last applied log index is 0
2019-08-20 15:41:05,127 INFO  segmented.SegmentedRaftLogWorker (SegmentedRaftLogWorker.java:run(313)) - d03af9c2-82e7-4b8a-975e-d2d5cc7f3820-SegmentedRaftLogWorker:Storage Directory /workdir/hadoop-ozone/integration-test/target/test-dir/MiniOzoneClusterImpl-8fb5653b-ece0-45be-97ea-ae3ba8059339/datanode-4/data/ratis/e72212fc-e62f-4ae6-a118-b5bdb23bc289 was interrupted, exiting. There are 0 tasks remaining in the queue.
2019-08-20 15:41:05,129 INFO  segmented.SegmentedRaftLogWorker (SegmentedRaftLogWorker.java:close(228)) - d03af9c2-82e7-4b8a-975e-d2d5cc7f3820-SegmentedRaftLogWorker:Storage Directory /workdir/hadoop-ozone/integration-test/target/test-dir/MiniOzoneClusterImpl-8fb5653b-ece0-45be-97ea-ae3ba8059339/datanode-4/data/ratis/e72212fc-e62f-4ae6-a118-b5bdb23bc289 close()
2019-08-20 15:41:05,132 INFO  impl.RaftServerImpl (RaftServerImpl.java:lambda$shutdown$3(245)) - d03af9c2-82e7-4b8a-975e-d2d5cc7f3820: shutdown group-9B61E7D8BE4E
2019-08-20 15:41:05,132 INFO  util.JmxRegister (JmxRegister.java:unregister(73)) - Successfully un-registered JMX Bean with object name Ratis:service=RaftServer,group=group-9B61E7D8BE4E,id=d03af9c2-82e7-4b8a-975e-d2d5cc7f3820
2019-08-20 15:41:05,132 INFO  impl.RoleInfo (RoleInfo.java:shutdownLeaderState(104)) - d03af9c2-82e7-4b8a-975e-d2d5cc7f3820: shutdown LeaderState
2019-08-20 15:41:05,135 INFO  impl.PendingRequests (PendingRequests.java:sendNotLeaderResponses(202)) - d03af9c2-82e7-4b8a-975e-d2d5cc7f3820-PendingRequests: sendNotLeaderResponses
2019-08-20 15:41:05,135 WARN  server.GrpcLogAppender (GrpcLogAppender.java:mayWait(143)) - GrpcLogAppender(d03af9c2-82e7-4b8a-975e-d2d5cc7f3820->925c8107-01d8-4d67-809b-d528e269a812): Wait interrupted by java.lang.InterruptedException
2019-08-20 15:41:05,135 WARN  server.GrpcLogAppender (GrpcLogAppender.java:mayWait(143)) - GrpcLogAppender(d03af9c2-82e7-4b8a-975e-d2d5cc7f3820->dfd4cced-2b14-4d89-9dc7-4c182850c80d): Wait interrupted by java.lang.InterruptedException
2019-08-20 15:41:05,136 INFO  impl.StateMachineUpdater (StateMachineUpdater.java:stopAndJoin(115)) - StateMachineUpdater:d03af9c2-82e7-4b8a-975e-d2d5cc7f3820:group-9B61E7D8BE4E: set stopIndex = 16
2019-08-20 15:41:05,137 INFO  server.GrpcServerProtocolService (GrpcServerProtocolService.java:onCompleted(104)) - 925c8107-01d8-4d67-809b-d528e269a812: appendEntries completed
2019-08-20 15:41:05,136 INFO  ratis.ContainerStateMachine (ContainerStateMachine.java:takeSnapshot(272)) - group-9B61E7D8BE4E: Taking a snapshot at:(t:1, i:14) file /workdir/hadoop-ozone/integration-test/target/test-dir/MiniOzoneClusterImpl-8fb5653b-ece0-45be-97ea-ae3ba8059339/datanode-4/data/ratis/4eca0a1d-d2d2-4d59-b139-9b61e7d8be4e/sm/snapshot.1_14
2019-08-20 15:41:05,137 INFO  server.GrpcLogAppender (GrpcLogAppender.java:onCompleted(292)) - d03af9c2-82e7-4b8a-975e-d2d5cc7f3820->925c8107-01d8-4d67-809b-d528e269a812: follower responses appendEntries COMPLETED
2019-08-20 15:41:05,138 INFO  impl.FollowerInfo (FollowerInfo.java:lambda$new$0(50)) - d03af9c2-82e7-4b8a-975e-d2d5cc7f3820->925c8107-01d8-4d67-809b-d528e269a812: nextIndex: updateUnconditionally 17 -> 16
2019-08-20 15:41:05,138 INFO  server.GrpcServerProtocolService (GrpcServerProtocolService.java:onCompleted(104)) - dfd4cced-2b14-4d89-9dc7-4c182850c80d: appendEntries completed
2019-08-20 15:41:05,139 INFO  server.GrpcLogAppender (GrpcLogAppender.java:onCompleted(292)) - d03af9c2-82e7-4b8a-975e-d2d5cc7f3820->dfd4cced-2b14-4d89-9dc7-4c182850c80d: follower responses appendEntries COMPLETED
2019-08-20 15:41:05,139 INFO  impl.FollowerInfo (FollowerInfo.java:lambda$new$0(50)) - d03af9c2-82e7-4b8a-975e-d2d5cc7f3820->dfd4cced-2b14-4d89-9dc7-4c182850c80d: nextIndex: updateUnconditionally 17 -> 16
2019-08-20 15:41:05,150 INFO  ratis.ContainerStateMachine (ContainerStateMachine.java:takeSnapshot(283)) - group-9B61E7D8BE4E: Finished taking a snapshot at:(t:1, i:14) file:/workdir/hadoop-ozone/integration-test/target/test-dir/MiniOzoneClusterImpl-8fb5653b-ece0-45be-97ea-ae3ba8059339/datanode-4/data/ratis/4eca0a1d-d2d2-4d59-b139-9b61e7d8be4e/sm/snapshot.1_14 time:14
2019-08-20 15:41:05,151 INFO  impl.StateMachineUpdater (StateMachineUpdater.java:takeSnapshot(242)) - StateMachineUpdater:d03af9c2-82e7-4b8a-975e-d2d5cc7f3820:group-9B61E7D8BE4E: Took a snapshot at index 14
2019-08-20 15:41:05,151 INFO  impl.StateMachineUpdater (StateMachineUpdater.java:lambda$new$0(80)) - StateMachineUpdater:d03af9c2-82e7-4b8a-975e-d2d5cc7f3820:group-9B61E7D8BE4E: snapshotIndex: updateIncreasingly -1 -> 14
2019-08-20 15:41:05,151 INFO  impl.RaftServerImpl (ServerState.java:close(394)) - d03af9c2-82e7-4b8a-975e-d2d5cc7f3820:group-9B61E7D8BE4E closes. The last applied log index is 16
2019-08-20 15:41:05,151 INFO  segmented.SegmentedRaftLogWorker (SegmentedRaftLogWorker.java:run(313)) - d03af9c2-82e7-4b8a-975e-d2d5cc7f3820-SegmentedRaftLogWorker:Storage Directory /workdir/hadoop-ozone/integration-test/target/test-dir/MiniOzoneClusterImpl-8fb5653b-ece0-45be-97ea-ae3ba8059339/datanode-4/data/ratis/4eca0a1d-d2d2-4d59-b139-9b61e7d8be4e was interrupted, exiting. There are 0 tasks remaining in the queue.
2019-08-20 15:41:05,154 INFO  segmented.SegmentedRaftLogWorker (SegmentedRaftLogWorker.java:close(228)) - d03af9c2-82e7-4b8a-975e-d2d5cc7f3820-SegmentedRaftLogWorker:Storage Directory /workdir/hadoop-ozone/integration-test/target/test-dir/MiniOzoneClusterImpl-8fb5653b-ece0-45be-97ea-ae3ba8059339/datanode-4/data/ratis/4eca0a1d-d2d2-4d59-b139-9b61e7d8be4e close()
2019-08-20 15:41:05,157 INFO  server.GrpcService (GrpcService.java:closeImpl(155)) - d03af9c2-82e7-4b8a-975e-d2d5cc7f3820: shutdown server with port 41356 now
2019-08-20 15:41:05,158 WARN  client.GrpcClientProtocolService (LogUtils.java:warn(134)) - 2-UnorderedRequestStreamObserver2: onError: org.apache.ratis.thirdparty.io.grpc.StatusRuntimeException: CANCELLED: cancelled before receiving half close
2019-08-20 15:41:05,160 INFO  server.GrpcService (GrpcService.java:closeImpl(163)) - d03af9c2-82e7-4b8a-975e-d2d5cc7f3820: shutdown server with port 41356 successfully
2019-08-20 15:41:05,161 INFO  utils.BackgroundService (BackgroundService.java:shutdown(148)) - Shutting down service BlockDeletingService
2019-08-20 15:41:05,164 WARN  fs.CachingGetSpaceUsed (CachingGetSpaceUsed.java:run(183)) - Thread Interrupted waiting to refresh disk information: sleep interrupted
2019-08-20 15:41:05,177 INFO  statemachine.DatanodeStateMachine (DatanodeStateMachine.java:stopDaemon(395)) - Ozone container server stopped.
2019-08-20 15:41:05,178 INFO  handler.ContextHandler (ContextHandler.java:doStop(910)) - Stopped o.e.j.w.WebAppContext@61f18997{/,null,UNAVAILABLE}{/hddsDatanode}
2019-08-20 15:41:05,179 INFO  server.AbstractConnector (AbstractConnector.java:doStop(318)) - Stopped ServerConnector@55448710{HTTP/1.1,[http/1.1]}{0.0.0.0:0}
2019-08-20 15:41:05,179 INFO  handler.ContextHandler (ContextHandler.java:doStop(910)) - Stopped o.e.j.s.ServletContextHandler@68d1f4e2{/static,jar:file:/home/user/.m2/repository/org/apache/hadoop/hadoop-hdds-container-service/0.5.0-SNAPSHOT/hadoop-hdds-container-service-0.5.0-SNAPSHOT.jar!/webapps/static,UNAVAILABLE}
2019-08-20 15:41:05,179 INFO  handler.ContextHandler (ContextHandler.java:doStop(910)) - Stopped o.e.j.s.ServletContextHandler@558fa64a{/logs,file:///workdir/hadoop-ozone/integration-test/target/log,UNAVAILABLE}
2019-08-20 15:41:07,191 INFO  client.GrpcClientProtocolClient (GrpcClientProtocolClient.java:onNext(255)) - client-D3DB7009A4D9->dfd4cced-2b14-4d89-9dc7-4c182850c80d: receive RaftClientReply:client-D3DB7009A4D9->dfd4cced-2b14-4d89-9dc7-4c182850c80d@group-9B61E7D8BE4E, cid=184, FAILED org.apache.ratis.protocol.NotLeaderException: Server dfd4cced-2b14-4d89-9dc7-4c182850c80d is not the leader (d03af9c2-82e7-4b8a-975e-d2d5cc7f3820:192.168.5.175:41356). Request must be sent to leader., logIndex=0, commits[dfd4cced-2b14-4d89-9dc7-4c182850c80d:c16, d03af9c2-82e7-4b8a-975e-d2d5cc7f3820:c16, 925c8107-01d8-4d67-809b-d528e269a812:c16]
2019-08-20 15:41:08,204 INFO  client.GrpcClientProtocolClient (GrpcClientProtocolClient.java:onNext(255)) - client-D3DB7009A4D9->925c8107-01d8-4d67-809b-d528e269a812: receive RaftClientReply:client-D3DB7009A4D9->925c8107-01d8-4d67-809b-d528e269a812@group-9B61E7D8BE4E, cid=184, FAILED org.apache.ratis.protocol.NotLeaderException: Server 925c8107-01d8-4d67-809b-d528e269a812 is not the leader (d03af9c2-82e7-4b8a-975e-d2d5cc7f3820:192.168.5.175:41356). Request must be sent to leader., logIndex=0, commits[925c8107-01d8-4d67-809b-d528e269a812:c16, d03af9c2-82e7-4b8a-975e-d2d5cc7f3820:c16, dfd4cced-2b14-4d89-9dc7-4c182850c80d:c16]
2019-08-20 15:41:09,214 INFO  client.GrpcClientProtocolClient (GrpcClientProtocolClient.java:onNext(255)) - client-D3DB7009A4D9->925c8107-01d8-4d67-809b-d528e269a812: receive RaftClientReply:client-D3DB7009A4D9->925c8107-01d8-4d67-809b-d528e269a812@group-9B61E7D8BE4E, cid=184, FAILED org.apache.ratis.protocol.NotLeaderException: Server 925c8107-01d8-4d67-809b-d528e269a812 is not the leader (d03af9c2-82e7-4b8a-975e-d2d5cc7f3820:192.168.5.175:41356). Request must be sent to leader., logIndex=0, commits[925c8107-01d8-4d67-809b-d528e269a812:c16, d03af9c2-82e7-4b8a-975e-d2d5cc7f3820:c16, dfd4cced-2b14-4d89-9dc7-4c182850c80d:c16]
2019-08-20 15:41:10,224 INFO  client.GrpcClientProtocolClient (GrpcClientProtocolClient.java:onNext(255)) - client-D3DB7009A4D9->925c8107-01d8-4d67-809b-d528e269a812: receive RaftClientReply:client-D3DB7009A4D9->925c8107-01d8-4d67-809b-d528e269a812@group-9B61E7D8BE4E, cid=184, FAILED org.apache.ratis.protocol.NotLeaderException: Server 925c8107-01d8-4d67-809b-d528e269a812 is not the leader (d03af9c2-82e7-4b8a-975e-d2d5cc7f3820:192.168.5.175:41356). Request must be sent to leader., logIndex=0, commits[925c8107-01d8-4d67-809b-d528e269a812:c16, d03af9c2-82e7-4b8a-975e-d2d5cc7f3820:c16, dfd4cced-2b14-4d89-9dc7-4c182850c80d:c16]
2019-08-20 15:41:11,235 INFO  client.GrpcClientProtocolClient (GrpcClientProtocolClient.java:onNext(255)) - client-D3DB7009A4D9->dfd4cced-2b14-4d89-9dc7-4c182850c80d: receive RaftClientReply:client-D3DB7009A4D9->dfd4cced-2b14-4d89-9dc7-4c182850c80d@group-9B61E7D8BE4E, cid=184, FAILED org.apache.ratis.protocol.NotLeaderException: Server dfd4cced-2b14-4d89-9dc7-4c182850c80d is not the leader (d03af9c2-82e7-4b8a-975e-d2d5cc7f3820:192.168.5.175:41356). Request must be sent to leader., logIndex=0, commits[dfd4cced-2b14-4d89-9dc7-4c182850c80d:c16, d03af9c2-82e7-4b8a-975e-d2d5cc7f3820:c16, 925c8107-01d8-4d67-809b-d528e269a812:c16]
2019-08-20 15:41:12,249 INFO  client.GrpcClientProtocolClient (GrpcClientProtocolClient.java:onNext(255)) - client-D3DB7009A4D9->dfd4cced-2b14-4d89-9dc7-4c182850c80d: receive RaftClientReply:client-D3DB7009A4D9->dfd4cced-2b14-4d89-9dc7-4c182850c80d@group-9B61E7D8BE4E, cid=184, FAILED org.apache.ratis.protocol.NotLeaderException: Server dfd4cced-2b14-4d89-9dc7-4c182850c80d is not the leader (d03af9c2-82e7-4b8a-975e-d2d5cc7f3820:192.168.5.175:41356). Request must be sent to leader., logIndex=0, commits[dfd4cced-2b14-4d89-9dc7-4c182850c80d:c16, d03af9c2-82e7-4b8a-975e-d2d5cc7f3820:c16, 925c8107-01d8-4d67-809b-d528e269a812:c16]
2019-08-20 15:41:13,262 INFO  client.GrpcClientProtocolClient (GrpcClientProtocolClient.java:onNext(255)) - client-D3DB7009A4D9->925c8107-01d8-4d67-809b-d528e269a812: receive RaftClientReply:client-D3DB7009A4D9->925c8107-01d8-4d67-809b-d528e269a812@group-9B61E7D8BE4E, cid=184, FAILED org.apache.ratis.protocol.NotLeaderException: Server 925c8107-01d8-4d67-809b-d528e269a812 is not the leader (d03af9c2-82e7-4b8a-975e-d2d5cc7f3820:192.168.5.175:41356). Request must be sent to leader., logIndex=0, commits[925c8107-01d8-4d67-809b-d528e269a812:c16, d03af9c2-82e7-4b8a-975e-d2d5cc7f3820:c16, dfd4cced-2b14-4d89-9dc7-4c182850c80d:c16]
2019-08-20 15:41:14,275 INFO  client.GrpcClientProtocolClient (GrpcClientProtocolClient.java:onNext(255)) - client-D3DB7009A4D9->925c8107-01d8-4d67-809b-d528e269a812: receive RaftClientReply:client-D3DB7009A4D9->925c8107-01d8-4d67-809b-d528e269a812@group-9B61E7D8BE4E, cid=184, FAILED org.apache.ratis.protocol.NotLeaderException: Server 925c8107-01d8-4d67-809b-d528e269a812 is not the leader (d03af9c2-82e7-4b8a-975e-d2d5cc7f3820:192.168.5.175:41356). Request must be sent to leader., logIndex=0, commits[925c8107-01d8-4d67-809b-d528e269a812:c16, d03af9c2-82e7-4b8a-975e-d2d5cc7f3820:c16, dfd4cced-2b14-4d89-9dc7-4c182850c80d:c16]
2019-08-20 15:41:14,852 INFO  impl.FollowerState (FollowerState.java:run(106)) - 925c8107-01d8-4d67-809b-d528e269a812:group-9B61E7D8BE4E changes to CANDIDATE, lastRpcTime:9727, electionTimeout:5092ms
2019-08-20 15:41:14,853 INFO  impl.RoleInfo (RoleInfo.java:shutdownFollowerState(121)) - 925c8107-01d8-4d67-809b-d528e269a812: shutdown FollowerState
2019-08-20 15:41:14,853 INFO  impl.RaftServerImpl (RaftServerImpl.java:setRole(171)) - 925c8107-01d8-4d67-809b-d528e269a812:group-9B61E7D8BE4E changes role from FOLLOWER to CANDIDATE at term 1 for changeToCandidate
2019-08-20 15:41:14,853 INFO  impl.RoleInfo (RoleInfo.java:updateAndGet(143)) - 925c8107-01d8-4d67-809b-d528e269a812: start LeaderElection
2019-08-20 15:41:14,856 INFO  impl.RaftServerImpl (ServerState.java:setLeader(263)) - 925c8107-01d8-4d67-809b-d528e269a812:group-9B61E7D8BE4E change Leader from d03af9c2-82e7-4b8a-975e-d2d5cc7f3820 to null at term 1 for initElection
2019-08-20 15:41:14,871 INFO  impl.LeaderElection (LeaderElection.java:askForVotes(181)) - 925c8107-01d8-4d67-809b-d528e269a812:group-9B61E7D8BE4E:LeaderElection72: begin an election at term 2 for 0: [d03af9c2-82e7-4b8a-975e-d2d5cc7f3820:192.168.5.175:41356, 925c8107-01d8-4d67-809b-d528e269a812:192.168.5.175:41731, dfd4cced-2b14-4d89-9dc7-4c182850c80d:192.168.5.175:43581], old=null
2019-08-20 15:41:14,873 INFO  impl.LeaderElection (LogUtils.java:infoOrTrace(149)) - 925c8107-01d8-4d67-809b-d528e269a812:group-9B61E7D8BE4E:LeaderElection72 got exception when requesting votes: {}
java.util.concurrent.ExecutionException: org.apache.ratis.thirdparty.io.grpc.StatusRuntimeException: UNAVAILABLE: io exception
	at java.util.concurrent.FutureTask.report(FutureTask.java:122)
	at java.util.concurrent.FutureTask.get(FutureTask.java:192)
	at org.apache.ratis.server.impl.LeaderElection.waitForResults(LeaderElection.java:262)
	at org.apache.ratis.server.impl.LeaderElection.askForVotes(LeaderElection.java:200)
	at org.apache.ratis.server.impl.LeaderElection.run(LeaderElection.java:130)
	at java.lang.Thread.run(Thread.java:748)
Caused by: org.apache.ratis.thirdparty.io.grpc.StatusRuntimeException: UNAVAILABLE: io exception
	at org.apache.ratis.thirdparty.io.grpc.stub.ClientCalls.toStatusRuntimeException(ClientCalls.java:233)
	at org.apache.ratis.thirdparty.io.grpc.stub.ClientCalls.getUnchecked(ClientCalls.java:214)
	at org.apache.ratis.thirdparty.io.grpc.stub.ClientCalls.blockingUnaryCall(ClientCalls.java:139)
	at org.apache.ratis.proto.grpc.RaftServerProtocolServiceGrpc$RaftServerProtocolServiceBlockingStub.requestVote(RaftServerProtocolServiceGrpc.java:265)
	at org.apache.ratis.grpc.server.GrpcServerProtocolClient.requestVote(GrpcServerProtocolClient.java:83)
	at org.apache.ratis.grpc.server.GrpcService.requestVote(GrpcService.java:195)
	at org.apache.ratis.server.impl.LeaderElection.lambda$submitRequests$1(LeaderElection.java:237)
	at java.util.concurrent.FutureTask.run(FutureTask.java:266)
	at java.util.concurrent.Executors$RunnableAdapter.call(Executors.java:511)
	at java.util.concurrent.FutureTask.run(FutureTask.java:266)
	at java.util.concurrent.ThreadPoolExecutor.runWorker(ThreadPoolExecutor.java:1149)
	at java.util.concurrent.ThreadPoolExecutor$Worker.run(ThreadPoolExecutor.java:624)
	... 1 more
Caused by: org.apache.ratis.thirdparty.io.netty.channel.AbstractChannel$AnnotatedConnectException: Connection refused: /192.168.5.175:41356
	at sun.nio.ch.SocketChannelImpl.checkConnect(Native Method)
	at sun.nio.ch.SocketChannelImpl.finishConnect(SocketChannelImpl.java:717)
	at org.apache.ratis.thirdparty.io.netty.channel.socket.nio.NioSocketChannel.doFinishConnect(NioSocketChannel.java:327)
	at org.apache.ratis.thirdparty.io.netty.channel.nio.AbstractNioChannel$AbstractNioUnsafe.finishConnect(AbstractNioChannel.java:340)
	at org.apache.ratis.thirdparty.io.netty.channel.nio.NioEventLoop.processSelectedKey(NioEventLoop.java:632)
	at org.apache.ratis.thirdparty.io.netty.channel.nio.NioEventLoop.processSelectedKeysOptimized(NioEventLoop.java:579)
	at org.apache.ratis.thirdparty.io.netty.channel.nio.NioEventLoop.processSelectedKeys(NioEventLoop.java:496)
	at org.apache.ratis.thirdparty.io.netty.channel.nio.NioEventLoop.run(NioEventLoop.java:458)
	at org.apache.ratis.thirdparty.io.netty.util.concurrent.SingleThreadEventExecutor$5.run(SingleThreadEventExecutor.java:897)
	at org.apache.ratis.thirdparty.io.netty.util.concurrent.FastThreadLocalRunnable.run(FastThreadLocalRunnable.java:30)
	... 1 more
Caused by: java.net.ConnectException: Connection refused
	... 11 more
2019-08-20 15:41:14,877 INFO  impl.RaftServerImpl (ServerState.java:setLeader(263)) - dfd4cced-2b14-4d89-9dc7-4c182850c80d:group-9B61E7D8BE4E change Leader from d03af9c2-82e7-4b8a-975e-d2d5cc7f3820 to null at term 2 for updateCurrentTerm
2019-08-20 15:41:14,877 INFO  impl.RaftServerImpl (RaftServerImpl.java:setRole(171)) - dfd4cced-2b14-4d89-9dc7-4c182850c80d:group-9B61E7D8BE4E changes role from FOLLOWER to FOLLOWER at term 2 for recognizeCandidate:925c8107-01d8-4d67-809b-d528e269a812
2019-08-20 15:41:14,878 INFO  impl.RoleInfo (RoleInfo.java:shutdownFollowerState(121)) - dfd4cced-2b14-4d89-9dc7-4c182850c80d: shutdown FollowerState
2019-08-20 15:41:14,878 INFO  impl.RoleInfo (RoleInfo.java:updateAndGet(143)) - dfd4cced-2b14-4d89-9dc7-4c182850c80d: start FollowerState
2019-08-20 15:41:14,878 INFO  impl.FollowerState (FollowerState.java:run(114)) - dfd4cced-2b14-4d89-9dc7-4c182850c80d: FollowerState was interrupted: java.lang.InterruptedException: sleep interrupted
2019-08-20 15:41:14,894 INFO  impl.LeaderElection (LeaderElection.java:logAndReturn(56)) - 925c8107-01d8-4d67-809b-d528e269a812:group-9B61E7D8BE4E:LeaderElection72: Election PASSED; received 1 response(s) [925c8107-01d8-4d67-809b-d528e269a812<-dfd4cced-2b14-4d89-9dc7-4c182850c80d#0:OK-t2] and 1 exception(s); 925c8107-01d8-4d67-809b-d528e269a812:t2, leader=null, voted=925c8107-01d8-4d67-809b-d528e269a812, raftlog=925c8107-01d8-4d67-809b-d528e269a812-SegmentedRaftLog:OPENED:c16,f16,i16, conf=0: [d03af9c2-82e7-4b8a-975e-d2d5cc7f3820:192.168.5.175:41356, 925c8107-01d8-4d67-809b-d528e269a812:192.168.5.175:41731, dfd4cced-2b14-4d89-9dc7-4c182850c80d:192.168.5.175:43581], old=null
2019-08-20 15:41:14,895 INFO  impl.LeaderElection (LogUtils.java:infoOrTrace(149)) -   Exception 0: {}
java.util.concurrent.ExecutionException: org.apache.ratis.thirdparty.io.grpc.StatusRuntimeException: UNAVAILABLE: io exception
	at java.util.concurrent.FutureTask.report(FutureTask.java:122)
	at java.util.concurrent.FutureTask.get(FutureTask.java:192)
	at org.apache.ratis.server.impl.LeaderElection.waitForResults(LeaderElection.java:262)
	at org.apache.ratis.server.impl.LeaderElection.askForVotes(LeaderElection.java:200)
	at org.apache.ratis.server.impl.LeaderElection.run(LeaderElection.java:130)
	at java.lang.Thread.run(Thread.java:748)
Caused by: org.apache.ratis.thirdparty.io.grpc.StatusRuntimeException: UNAVAILABLE: io exception
	at org.apache.ratis.thirdparty.io.grpc.stub.ClientCalls.toStatusRuntimeException(ClientCalls.java:233)
	at org.apache.ratis.thirdparty.io.grpc.stub.ClientCalls.getUnchecked(ClientCalls.java:214)
	at org.apache.ratis.thirdparty.io.grpc.stub.ClientCalls.blockingUnaryCall(ClientCalls.java:139)
	at org.apache.ratis.proto.grpc.RaftServerProtocolServiceGrpc$RaftServerProtocolServiceBlockingStub.requestVote(RaftServerProtocolServiceGrpc.java:265)
	at org.apache.ratis.grpc.server.GrpcServerProtocolClient.requestVote(GrpcServerProtocolClient.java:83)
	at org.apache.ratis.grpc.server.GrpcService.requestVote(GrpcService.java:195)
	at org.apache.ratis.server.impl.LeaderElection.lambda$submitRequests$1(LeaderElection.java:237)
	at java.util.concurrent.FutureTask.run(FutureTask.java:266)
	at java.util.concurrent.Executors$RunnableAdapter.call(Executors.java:511)
	at java.util.concurrent.FutureTask.run(FutureTask.java:266)
	at java.util.concurrent.ThreadPoolExecutor.runWorker(ThreadPoolExecutor.java:1149)
	at java.util.concurrent.ThreadPoolExecutor$Worker.run(ThreadPoolExecutor.java:624)
	... 1 more
Caused by: org.apache.ratis.thirdparty.io.netty.channel.AbstractChannel$AnnotatedConnectException: Connection refused: /192.168.5.175:41356
	at sun.nio.ch.SocketChannelImpl.checkConnect(Native Method)
	at sun.nio.ch.SocketChannelImpl.finishConnect(SocketChannelImpl.java:717)
	at org.apache.ratis.thirdparty.io.netty.channel.socket.nio.NioSocketChannel.doFinishConnect(NioSocketChannel.java:327)
	at org.apache.ratis.thirdparty.io.netty.channel.nio.AbstractNioChannel$AbstractNioUnsafe.finishConnect(AbstractNioChannel.java:340)
	at org.apache.ratis.thirdparty.io.netty.channel.nio.NioEventLoop.processSelectedKey(NioEventLoop.java:632)
	at org.apache.ratis.thirdparty.io.netty.channel.nio.NioEventLoop.processSelectedKeysOptimized(NioEventLoop.java:579)
	at org.apache.ratis.thirdparty.io.netty.channel.nio.NioEventLoop.processSelectedKeys(NioEventLoop.java:496)
	at org.apache.ratis.thirdparty.io.netty.channel.nio.NioEventLoop.run(NioEventLoop.java:458)
	at org.apache.ratis.thirdparty.io.netty.util.concurrent.SingleThreadEventExecutor$5.run(SingleThreadEventExecutor.java:897)
	at org.apache.ratis.thirdparty.io.netty.util.concurrent.FastThreadLocalRunnable.run(FastThreadLocalRunnable.java:30)
	... 1 more
Caused by: java.net.ConnectException: Connection refused
	... 11 more
2019-08-20 15:41:14,895 INFO  impl.RoleInfo (RoleInfo.java:shutdownLeaderElection(134)) - 925c8107-01d8-4d67-809b-d528e269a812: shutdown LeaderElection
2019-08-20 15:41:14,895 INFO  impl.RaftServerImpl (RaftServerImpl.java:setRole(171)) - 925c8107-01d8-4d67-809b-d528e269a812:group-9B61E7D8BE4E changes role from CANDIDATE to LEADER at term 2 for changeToLeader
2019-08-20 15:41:14,895 INFO  impl.RaftServerImpl (ServerState.java:setLeader(263)) - 925c8107-01d8-4d67-809b-d528e269a812:group-9B61E7D8BE4E change Leader from null to 925c8107-01d8-4d67-809b-d528e269a812 at term 2 for becomeLeader, leader elected after 38ms
2019-08-20 15:41:14,895 INFO  server.RaftServerConfigKeys (ConfUtils.java:logGet(43)) - raft.server.staging.catchup.gap = 1000 (default)
2019-08-20 15:41:14,895 INFO  server.RaftServerConfigKeys (ConfUtils.java:logGet(43)) - raft.server.rpc.sleep.time = 25ms (default)
2019-08-20 15:41:14,896 INFO  server.RaftServerConfigKeys (ConfUtils.java:logGet(43)) - raft.server.write.element-limit = 4096 (default)
2019-08-20 15:41:14,896 INFO  server.RaftServerConfigKeys (ConfUtils.java:logGet(43)) - raft.server.watch.timeout = 10s (default)
2019-08-20 15:41:14,896 INFO  server.RaftServerConfigKeys (ConfUtils.java:logGet(43)) - raft.server.watch.timeout.denomination = 1s (default)
2019-08-20 15:41:14,896 INFO  server.RaftServerConfigKeys (ConfUtils.java:logGet(43)) - raft.server.watch.element-limit = 65536 (default)
2019-08-20 15:41:14,896 INFO  server.RaftServerConfigKeys (ConfUtils.java:logGet(43)) - raft.server.log.appender.snapshot.chunk.size.max = 16MB (=16777216) (default)
2019-08-20 15:41:14,896 INFO  server.RaftServerConfigKeys (ConfUtils.java:logGet(43)) - raft.server.log.appender.buffer.byte-limit = 33554432 (custom)
2019-08-20 15:41:14,897 INFO  server.RaftServerConfigKeys (ConfUtils.java:logGet(43)) - raft.server.log.appender.buffer.element-limit = 1 (custom)
2019-08-20 15:41:14,897 INFO  grpc.GrpcConfigKeys$Server (ConfUtils.java:logGet(43)) - raft.grpc.server.leader.outstanding.appends.max = 128 (default)
2019-08-20 15:41:14,897 INFO  server.RaftServerConfigKeys (ConfUtils.java:logGet(43)) - raft.server.rpc.request.timeout = 3000ms (default)
2019-08-20 15:41:14,897 INFO  server.RaftServerConfigKeys (ConfUtils.java:logGet(43)) - raft.server.log.appender.install.snapshot.enabled = false (custom)
2019-08-20 15:41:14,897 INFO  server.RaftServerConfigKeys (ConfUtils.java:logGet(43)) - raft.server.log.appender.snapshot.chunk.size.max = 16MB (=16777216) (default)
2019-08-20 15:41:14,898 INFO  server.RaftServerConfigKeys (ConfUtils.java:logGet(43)) - raft.server.log.appender.buffer.byte-limit = 33554432 (custom)
2019-08-20 15:41:14,898 INFO  server.RaftServerConfigKeys (ConfUtils.java:logGet(43)) - raft.server.log.appender.buffer.element-limit = 1 (custom)
2019-08-20 15:41:14,898 INFO  grpc.GrpcConfigKeys$Server (ConfUtils.java:logGet(43)) - raft.grpc.server.leader.outstanding.appends.max = 128 (default)
2019-08-20 15:41:14,898 INFO  server.RaftServerConfigKeys (ConfUtils.java:logGet(43)) - raft.server.rpc.request.timeout = 3000ms (default)
2019-08-20 15:41:14,898 INFO  server.RaftServerConfigKeys (ConfUtils.java:logGet(43)) - raft.server.log.appender.install.snapshot.enabled = false (custom)
2019-08-20 15:41:14,898 INFO  impl.RoleInfo (RoleInfo.java:updateAndGet(143)) - 925c8107-01d8-4d67-809b-d528e269a812: start LeaderState
2019-08-20 15:41:14,899 INFO  segmented.SegmentedRaftLogWorker (SegmentedRaftLogWorker.java:rollLogSegment(385)) - 925c8107-01d8-4d67-809b-d528e269a812-SegmentedRaftLogWorker:Storage Directory /workdir/hadoop-ozone/integration-test/target/test-dir/MiniOzoneClusterImpl-8fb5653b-ece0-45be-97ea-ae3ba8059339/datanode-5/data/ratis/4eca0a1d-d2d2-4d59-b139-9b61e7d8be4e: Rolling segment log-0_16 to index:16
2019-08-20 15:41:14,899 INFO  segmented.SegmentedRaftLogWorker (SegmentedRaftLogWorker.java:execute(526)) - 925c8107-01d8-4d67-809b-d528e269a812-SegmentedRaftLogWorker:Storage Directory /workdir/hadoop-ozone/integration-test/target/test-dir/MiniOzoneClusterImpl-8fb5653b-ece0-45be-97ea-ae3ba8059339/datanode-5/data/ratis/4eca0a1d-d2d2-4d59-b139-9b61e7d8be4e: Rolled log segment from /workdir/hadoop-ozone/integration-test/target/test-dir/MiniOzoneClusterImpl-8fb5653b-ece0-45be-97ea-ae3ba8059339/datanode-5/data/ratis/4eca0a1d-d2d2-4d59-b139-9b61e7d8be4e/current/log_inprogress_0 to /workdir/hadoop-ozone/integration-test/target/test-dir/MiniOzoneClusterImpl-8fb5653b-ece0-45be-97ea-ae3ba8059339/datanode-5/data/ratis/4eca0a1d-d2d2-4d59-b139-9b61e7d8be4e/current/log_0-16
2019-08-20 15:41:14,900 INFO  impl.RaftServerImpl (ServerState.java:setRaftConf(361)) - 925c8107-01d8-4d67-809b-d528e269a812:group-9B61E7D8BE4E set configuration 17: [d03af9c2-82e7-4b8a-975e-d2d5cc7f3820:192.168.5.175:41356, 925c8107-01d8-4d67-809b-d528e269a812:192.168.5.175:41731, dfd4cced-2b14-4d89-9dc7-4c182850c80d:192.168.5.175:43581], old=null at 17
2019-08-20 15:41:14,900 WARN  server.GrpcLogAppender (LogUtils.java:warn(134)) - 925c8107-01d8-4d67-809b-d528e269a812->d03af9c2-82e7-4b8a-975e-d2d5cc7f3820: Failed appendEntries: org.apache.ratis.thirdparty.io.grpc.StatusRuntimeException: UNAVAILABLE: io exception
2019-08-20 15:41:14,900 INFO  impl.FollowerInfo (FollowerInfo.java:lambda$new$0(50)) - 925c8107-01d8-4d67-809b-d528e269a812->d03af9c2-82e7-4b8a-975e-d2d5cc7f3820: nextIndex: updateUnconditionally 17 -> 1
2019-08-20 15:41:14,901 INFO  impl.RaftServerImpl (ServerState.java:setLeader(263)) - dfd4cced-2b14-4d89-9dc7-4c182850c80d:group-9B61E7D8BE4E change Leader from null to 925c8107-01d8-4d67-809b-d528e269a812 at term 2 for appendEntries, leader elected after 23ms
2019-08-20 15:41:14,902 INFO  impl.RaftServerImpl (ServerState.java:setRaftConf(361)) - dfd4cced-2b14-4d89-9dc7-4c182850c80d:group-9B61E7D8BE4E set configuration 17: [d03af9c2-82e7-4b8a-975e-d2d5cc7f3820:192.168.5.175:41356, 925c8107-01d8-4d67-809b-d528e269a812:192.168.5.175:41731, dfd4cced-2b14-4d89-9dc7-4c182850c80d:192.168.5.175:43581], old=null at 17
2019-08-20 15:41:14,903 INFO  segmented.SegmentedRaftLogWorker (SegmentedRaftLogWorker.java:rollLogSegment(385)) - dfd4cced-2b14-4d89-9dc7-4c182850c80d-SegmentedRaftLogWorker:Storage Directory /workdir/hadoop-ozone/integration-test/target/test-dir/MiniOzoneClusterImpl-8fb5653b-ece0-45be-97ea-ae3ba8059339/datanode-3/data/ratis/4eca0a1d-d2d2-4d59-b139-9b61e7d8be4e: Rolling segment log-0_16 to index:16
2019-08-20 15:41:14,903 INFO  segmented.SegmentedRaftLogWorker (SegmentedRaftLogWorker.java:execute(526)) - dfd4cced-2b14-4d89-9dc7-4c182850c80d-SegmentedRaftLogWorker:Storage Directory /workdir/hadoop-ozone/integration-test/target/test-dir/MiniOzoneClusterImpl-8fb5653b-ece0-45be-97ea-ae3ba8059339/datanode-3/data/ratis/4eca0a1d-d2d2-4d59-b139-9b61e7d8be4e: Rolled log segment from /workdir/hadoop-ozone/integration-test/target/test-dir/MiniOzoneClusterImpl-8fb5653b-ece0-45be-97ea-ae3ba8059339/datanode-3/data/ratis/4eca0a1d-d2d2-4d59-b139-9b61e7d8be4e/current/log_inprogress_0 to /workdir/hadoop-ozone/integration-test/target/test-dir/MiniOzoneClusterImpl-8fb5653b-ece0-45be-97ea-ae3ba8059339/datanode-3/data/ratis/4eca0a1d-d2d2-4d59-b139-9b61e7d8be4e/current/log_0-16
2019-08-20 15:41:14,952 INFO  segmented.SegmentedRaftLogWorker (SegmentedRaftLogWorker.java:execute(569)) - dfd4cced-2b14-4d89-9dc7-4c182850c80d-SegmentedRaftLogWorker:Storage Directory /workdir/hadoop-ozone/integration-test/target/test-dir/MiniOzoneClusterImpl-8fb5653b-ece0-45be-97ea-ae3ba8059339/datanode-3/data/ratis/4eca0a1d-d2d2-4d59-b139-9b61e7d8be4e: created new log segment /workdir/hadoop-ozone/integration-test/target/test-dir/MiniOzoneClusterImpl-8fb5653b-ece0-45be-97ea-ae3ba8059339/datanode-3/data/ratis/4eca0a1d-d2d2-4d59-b139-9b61e7d8be4e/current/log_inprogress_17
2019-08-20 15:41:14,952 INFO  segmented.SegmentedRaftLogWorker (SegmentedRaftLogWorker.java:execute(569)) - 925c8107-01d8-4d67-809b-d528e269a812-SegmentedRaftLogWorker:Storage Directory /workdir/hadoop-ozone/integration-test/target/test-dir/MiniOzoneClusterImpl-8fb5653b-ece0-45be-97ea-ae3ba8059339/datanode-5/data/ratis/4eca0a1d-d2d2-4d59-b139-9b61e7d8be4e: created new log segment /workdir/hadoop-ozone/integration-test/target/test-dir/MiniOzoneClusterImpl-8fb5653b-ece0-45be-97ea-ae3ba8059339/datanode-5/data/ratis/4eca0a1d-d2d2-4d59-b139-9b61e7d8be4e/current/log_inprogress_17
2019-08-20 15:41:14,967 WARN  server.GrpcLogAppender (LogUtils.java:warn(134)) - 925c8107-01d8-4d67-809b-d528e269a812->d03af9c2-82e7-4b8a-975e-d2d5cc7f3820: Failed appendEntries: org.apache.ratis.thirdparty.io.grpc.StatusRuntimeException: UNAVAILABLE: io exception
2019-08-20 15:41:14,967 INFO  impl.FollowerInfo (FollowerInfo.java:lambda$new$0(50)) - 925c8107-01d8-4d67-809b-d528e269a812->d03af9c2-82e7-4b8a-975e-d2d5cc7f3820: nextIndex: updateUnconditionally 2 -> 1
2019-08-20 15:41:14,969 WARN  server.GrpcLogAppender (LogUtils.java:warn(134)) - 925c8107-01d8-4d67-809b-d528e269a812->d03af9c2-82e7-4b8a-975e-d2d5cc7f3820: Failed appendEntries: org.apache.ratis.thirdparty.io.grpc.StatusRuntimeException: UNAVAILABLE: io exception
2019-08-20 15:41:14,970 INFO  impl.FollowerInfo (FollowerInfo.java:lambda$new$0(50)) - 925c8107-01d8-4d67-809b-d528e269a812->d03af9c2-82e7-4b8a-975e-d2d5cc7f3820: nextIndex: updateUnconditionally 2 -> 1
2019-08-20 15:41:15,296 INFO  client.GrpcClientProtocolClient (GrpcClientProtocolClient.java:onNext(255)) - client-D3DB7009A4D9->dfd4cced-2b14-4d89-9dc7-4c182850c80d: receive RaftClientReply:client-D3DB7009A4D9->dfd4cced-2b14-4d89-9dc7-4c182850c80d@group-9B61E7D8BE4E, cid=184, FAILED org.apache.ratis.protocol.NotLeaderException: Server dfd4cced-2b14-4d89-9dc7-4c182850c80d is not the leader (925c8107-01d8-4d67-809b-d528e269a812:192.168.5.175:41731). Request must be sent to leader., logIndex=0, commits[dfd4cced-2b14-4d89-9dc7-4c182850c80d:c17, d03af9c2-82e7-4b8a-975e-d2d5cc7f3820:c16, 925c8107-01d8-4d67-809b-d528e269a812:c17]
15:41:15.306 [grpc-default-executor-3] ERROR DNAudit - user=null | ip=null | op=WRITE_CHUNK {blockData=conID: 1 locID: 102650062749237262 bcsId: 14} | ret=FAILURE
org.apache.hadoop.hdds.scm.container.common.helpers.ContainerNotOpenException: Container 1 in CLOSING state
	at org.apache.hadoop.ozone.container.common.impl.HddsDispatcher.validateContainerCommand(HddsDispatcher.java:408) ~[hadoop-hdds-container-service-0.5.0-SNAPSHOT.jar:?]
	at org.apache.hadoop.ozone.container.common.transport.server.ratis.ContainerStateMachine.startTransaction(ContainerStateMachine.java:298) ~[hadoop-hdds-container-service-0.5.0-SNAPSHOT.jar:?]
	at org.apache.ratis.server.impl.RaftServerImpl.submitClientRequestAsync(RaftServerImpl.java:566) ~[ratis-server-0.4.0-2337318-SNAPSHOT.jar:0.4.0-2337318-SNAPSHOT]
	at org.apache.ratis.server.impl.RaftServerProxy.lambda$submitClientRequestAsync$7(RaftServerProxy.java:333) ~[ratis-server-0.4.0-2337318-SNAPSHOT.jar:0.4.0-2337318-SNAPSHOT]
	at org.apache.ratis.server.impl.RaftServerProxy.lambda$null$5(RaftServerProxy.java:328) ~[ratis-server-0.4.0-2337318-SNAPSHOT.jar:0.4.0-2337318-SNAPSHOT]
	at org.apache.ratis.util.JavaUtils.callAsUnchecked(JavaUtils.java:109) ~[ratis-common-0.4.0-2337318-SNAPSHOT.jar:0.4.0-2337318-SNAPSHOT]
	at org.apache.ratis.server.impl.RaftServerProxy.lambda$submitRequest$6(RaftServerProxy.java:328) ~[ratis-server-0.4.0-2337318-SNAPSHOT.jar:0.4.0-2337318-SNAPSHOT]
	at java.util.concurrent.CompletableFuture.uniComposeStage(CompletableFuture.java:981) ~[?:1.8.0_212]
	at java.util.concurrent.CompletableFuture.thenCompose(CompletableFuture.java:2124) ~[?:1.8.0_212]
	at org.apache.ratis.server.impl.RaftServerProxy.submitRequest(RaftServerProxy.java:327) ~[ratis-server-0.4.0-2337318-SNAPSHOT.jar:0.4.0-2337318-SNAPSHOT]
	at org.apache.ratis.server.impl.RaftServerProxy.submitClientRequestAsync(RaftServerProxy.java:333) ~[ratis-server-0.4.0-2337318-SNAPSHOT.jar:0.4.0-2337318-SNAPSHOT]
	at org.apache.ratis.grpc.client.GrpcClientProtocolService$RequestStreamObserver.processClientRequest(GrpcClientProtocolService.java:220) ~[ratis-grpc-0.4.0-2337318-SNAPSHOT.jar:0.4.0-2337318-SNAPSHOT]
	at org.apache.ratis.grpc.client.GrpcClientProtocolService$OrderedRequestStreamObserver.processClientRequest(GrpcClientProtocolService.java:326) ~[ratis-grpc-0.4.0-2337318-SNAPSHOT.jar:0.4.0-2337318-SNAPSHOT]
	at org.apache.ratis.util.SlidingWindow$Server.processRequestsFromHead(SlidingWindow.java:429) [ratis-common-0.4.0-2337318-SNAPSHOT.jar:0.4.0-2337318-SNAPSHOT]
	at org.apache.ratis.util.SlidingWindow$Server.receivedRequest(SlidingWindow.java:421) [ratis-common-0.4.0-2337318-SNAPSHOT.jar:0.4.0-2337318-SNAPSHOT]
	at org.apache.ratis.grpc.client.GrpcClientProtocolService$OrderedRequestStreamObserver.processClientRequest(GrpcClientProtocolService.java:345) [ratis-grpc-0.4.0-2337318-SNAPSHOT.jar:0.4.0-2337318-SNAPSHOT]
	at org.apache.ratis.grpc.client.GrpcClientProtocolService$RequestStreamObserver.onNext(GrpcClientProtocolService.java:240) [ratis-grpc-0.4.0-2337318-SNAPSHOT.jar:0.4.0-2337318-SNAPSHOT]
	at org.apache.ratis.grpc.client.GrpcClientProtocolService$RequestStreamObserver.onNext(GrpcClientProtocolService.java:168) [ratis-grpc-0.4.0-2337318-SNAPSHOT.jar:0.4.0-2337318-SNAPSHOT]
	at org.apache.ratis.thirdparty.io.grpc.stub.ServerCalls$StreamingServerCallHandler$StreamingServerCallListener.onMessage(ServerCalls.java:248) [ratis-thirdparty-misc-0.2.0.jar:0.2.0]
	at org.apache.ratis.thirdparty.io.grpc.internal.ServerCallImpl$ServerStreamListenerImpl.messagesAvailable(ServerCallImpl.java:263) [ratis-thirdparty-misc-0.2.0.jar:0.2.0]
	at org.apache.ratis.thirdparty.io.grpc.internal.ServerImpl$JumpToApplicationThreadServerStreamListener$1MessagesAvailable.runInContext(ServerImpl.java:686) [ratis-thirdparty-misc-0.2.0.jar:0.2.0]
	at org.apache.ratis.thirdparty.io.grpc.internal.ContextRunnable.run(ContextRunnable.java:37) [ratis-thirdparty-misc-0.2.0.jar:0.2.0]
	at org.apache.ratis.thirdparty.io.grpc.internal.SerializingExecutor.run(SerializingExecutor.java:123) [ratis-thirdparty-misc-0.2.0.jar:0.2.0]
	at java.util.concurrent.ThreadPoolExecutor.runWorker(ThreadPoolExecutor.java:1149) [?:1.8.0_212]
	at java.util.concurrent.ThreadPoolExecutor$Worker.run(ThreadPoolExecutor.java:624) [?:1.8.0_212]
	at java.lang.Thread.run(Thread.java:748) [?:1.8.0_212]
2019-08-20 15:41:15,316 INFO  client.GrpcClientProtocolClient (GrpcClientProtocolClient.java:onNext(255)) - client-D3DB7009A4D9->925c8107-01d8-4d67-809b-d528e269a812: receive RaftClientReply:client-D3DB7009A4D9->925c8107-01d8-4d67-809b-d528e269a812@group-9B61E7D8BE4E, cid=184, FAILED org.apache.ratis.protocol.StateMachineException: org.apache.hadoop.hdds.scm.container.common.helpers.ContainerNotOpenException from Server 925c8107-01d8-4d67-809b-d528e269a812: Container 1 in CLOSING state, logIndex=0, commits[925c8107-01d8-4d67-809b-d528e269a812:c18, d03af9c2-82e7-4b8a-975e-d2d5cc7f3820:c16, dfd4cced-2b14-4d89-9dc7-4c182850c80d:c17]
15:41:15.317 [grpc-default-executor-6] ERROR DNAudit - user=null | ip=null | op=WRITE_CHUNK {blockData=conID: 1 locID: 102650062749237262 bcsId: 14} | ret=FAILURE
org.apache.hadoop.hdds.scm.container.common.helpers.ContainerNotOpenException: Container 1 in CLOSING state
	at org.apache.hadoop.ozone.container.common.impl.HddsDispatcher.validateContainerCommand(HddsDispatcher.java:408) ~[hadoop-hdds-container-service-0.5.0-SNAPSHOT.jar:?]
	at org.apache.hadoop.ozone.container.common.transport.server.ratis.ContainerStateMachine.startTransaction(ContainerStateMachine.java:298) ~[hadoop-hdds-container-service-0.5.0-SNAPSHOT.jar:?]
	at org.apache.ratis.server.impl.RaftServerImpl.submitClientRequestAsync(RaftServerImpl.java:566) ~[ratis-server-0.4.0-2337318-SNAPSHOT.jar:0.4.0-2337318-SNAPSHOT]
	at org.apache.ratis.server.impl.RaftServerProxy.lambda$submitClientRequestAsync$7(RaftServerProxy.java:333) ~[ratis-server-0.4.0-2337318-SNAPSHOT.jar:0.4.0-2337318-SNAPSHOT]
	at org.apache.ratis.server.impl.RaftServerProxy.lambda$null$5(RaftServerProxy.java:328) ~[ratis-server-0.4.0-2337318-SNAPSHOT.jar:0.4.0-2337318-SNAPSHOT]
	at org.apache.ratis.util.JavaUtils.callAsUnchecked(JavaUtils.java:109) ~[ratis-common-0.4.0-2337318-SNAPSHOT.jar:0.4.0-2337318-SNAPSHOT]
	at org.apache.ratis.server.impl.RaftServerProxy.lambda$submitRequest$6(RaftServerProxy.java:328) ~[ratis-server-0.4.0-2337318-SNAPSHOT.jar:0.4.0-2337318-SNAPSHOT]
	at java.util.concurrent.CompletableFuture.uniComposeStage(CompletableFuture.java:981) ~[?:1.8.0_212]
	at java.util.concurrent.CompletableFuture.thenCompose(CompletableFuture.java:2124) ~[?:1.8.0_212]
	at org.apache.ratis.server.impl.RaftServerProxy.submitRequest(RaftServerProxy.java:327) ~[ratis-server-0.4.0-2337318-SNAPSHOT.jar:0.4.0-2337318-SNAPSHOT]
	at org.apache.ratis.server.impl.RaftServerProxy.submitClientRequestAsync(RaftServerProxy.java:333) ~[ratis-server-0.4.0-2337318-SNAPSHOT.jar:0.4.0-2337318-SNAPSHOT]
	at org.apache.ratis.grpc.client.GrpcClientProtocolService$RequestStreamObserver.processClientRequest(GrpcClientProtocolService.java:220) ~[ratis-grpc-0.4.0-2337318-SNAPSHOT.jar:0.4.0-2337318-SNAPSHOT]
	at org.apache.ratis.grpc.client.GrpcClientProtocolService$OrderedRequestStreamObserver.processClientRequest(GrpcClientProtocolService.java:326) ~[ratis-grpc-0.4.0-2337318-SNAPSHOT.jar:0.4.0-2337318-SNAPSHOT]
	at org.apache.ratis.util.SlidingWindow$Server.processRequestsFromHead(SlidingWindow.java:429) [ratis-common-0.4.0-2337318-SNAPSHOT.jar:0.4.0-2337318-SNAPSHOT]
	at org.apache.ratis.util.SlidingWindow$Server.receivedRequest(SlidingWindow.java:421) [ratis-common-0.4.0-2337318-SNAPSHOT.jar:0.4.0-2337318-SNAPSHOT]
	at org.apache.ratis.grpc.client.GrpcClientProtocolService$OrderedRequestStreamObserver.processClientRequest(GrpcClientProtocolService.java:345) [ratis-grpc-0.4.0-2337318-SNAPSHOT.jar:0.4.0-2337318-SNAPSHOT]
	at org.apache.ratis.grpc.client.GrpcClientProtocolService$RequestStreamObserver.onNext(GrpcClientProtocolService.java:240) [ratis-grpc-0.4.0-2337318-SNAPSHOT.jar:0.4.0-2337318-SNAPSHOT]
	at org.apache.ratis.grpc.client.GrpcClientProtocolService$RequestStreamObserver.onNext(GrpcClientProtocolService.java:168) [ratis-grpc-0.4.0-2337318-SNAPSHOT.jar:0.4.0-2337318-SNAPSHOT]
	at org.apache.ratis.thirdparty.io.grpc.stub.ServerCalls$StreamingServerCallHandler$StreamingServerCallListener.onMessage(ServerCalls.java:248) [ratis-thirdparty-misc-0.2.0.jar:0.2.0]
	at org.apache.ratis.thirdparty.io.grpc.internal.ServerCallImpl$ServerStreamListenerImpl.messagesAvailable(ServerCallImpl.java:263) [ratis-thirdparty-misc-0.2.0.jar:0.2.0]
	at org.apache.ratis.thirdparty.io.grpc.internal.ServerImpl$JumpToApplicationThreadServerStreamListener$1MessagesAvailable.runInContext(ServerImpl.java:686) [ratis-thirdparty-misc-0.2.0.jar:0.2.0]
	at org.apache.ratis.thirdparty.io.grpc.internal.ContextRunnable.run(ContextRunnable.java:37) [ratis-thirdparty-misc-0.2.0.jar:0.2.0]
	at org.apache.ratis.thirdparty.io.grpc.internal.SerializingExecutor.run(SerializingExecutor.java:123) [ratis-thirdparty-misc-0.2.0.jar:0.2.0]
	at java.util.concurrent.ThreadPoolExecutor.runWorker(ThreadPoolExecutor.java:1149) [?:1.8.0_212]
	at java.util.concurrent.ThreadPoolExecutor$Worker.run(ThreadPoolExecutor.java:624) [?:1.8.0_212]
	at java.lang.Thread.run(Thread.java:748) [?:1.8.0_212]
15:41:15.325 [grpc-default-executor-6] ERROR DNAudit - user=null | ip=null | op=PUT_BLOCK {blockData=[blockId=conID: 1 locID: 102650062749237262 bcsId: 0,size=650]} | ret=FAILURE
org.apache.hadoop.hdds.scm.container.common.helpers.ContainerNotOpenException: Container 1 in CLOSING state
	at org.apache.hadoop.ozone.container.common.impl.HddsDispatcher.validateContainerCommand(HddsDispatcher.java:408) ~[hadoop-hdds-container-service-0.5.0-SNAPSHOT.jar:?]
	at org.apache.hadoop.ozone.container.common.transport.server.ratis.ContainerStateMachine.startTransaction(ContainerStateMachine.java:298) ~[hadoop-hdds-container-service-0.5.0-SNAPSHOT.jar:?]
	at org.apache.ratis.server.impl.RaftServerImpl.submitClientRequestAsync(RaftServerImpl.java:566) ~[ratis-server-0.4.0-2337318-SNAPSHOT.jar:0.4.0-2337318-SNAPSHOT]
	at org.apache.ratis.server.impl.RaftServerProxy.lambda$submitClientRequestAsync$7(RaftServerProxy.java:333) ~[ratis-server-0.4.0-2337318-SNAPSHOT.jar:0.4.0-2337318-SNAPSHOT]
	at org.apache.ratis.server.impl.RaftServerProxy.lambda$null$5(RaftServerProxy.java:328) ~[ratis-server-0.4.0-2337318-SNAPSHOT.jar:0.4.0-2337318-SNAPSHOT]
	at org.apache.ratis.util.JavaUtils.callAsUnchecked(JavaUtils.java:109) ~[ratis-common-0.4.0-2337318-SNAPSHOT.jar:0.4.0-2337318-SNAPSHOT]
	at org.apache.ratis.server.impl.RaftServerProxy.lambda$submitRequest$6(RaftServerProxy.java:328) ~[ratis-server-0.4.0-2337318-SNAPSHOT.jar:0.4.0-2337318-SNAPSHOT]
	at java.util.concurrent.CompletableFuture.uniComposeStage(CompletableFuture.java:981) ~[?:1.8.0_212]
	at java.util.concurrent.CompletableFuture.thenCompose(CompletableFuture.java:2124) ~[?:1.8.0_212]
	at org.apache.ratis.server.impl.RaftServerProxy.submitRequest(RaftServerProxy.java:327) ~[ratis-server-0.4.0-2337318-SNAPSHOT.jar:0.4.0-2337318-SNAPSHOT]
	at org.apache.ratis.server.impl.RaftServerProxy.submitClientRequestAsync(RaftServerProxy.java:333) ~[ratis-server-0.4.0-2337318-SNAPSHOT.jar:0.4.0-2337318-SNAPSHOT]
	at org.apache.ratis.grpc.client.GrpcClientProtocolService$RequestStreamObserver.processClientRequest(GrpcClientProtocolService.java:220) ~[ratis-grpc-0.4.0-2337318-SNAPSHOT.jar:0.4.0-2337318-SNAPSHOT]
	at org.apache.ratis.grpc.client.GrpcClientProtocolService$OrderedRequestStreamObserver.processClientRequest(GrpcClientProtocolService.java:326) ~[ratis-grpc-0.4.0-2337318-SNAPSHOT.jar:0.4.0-2337318-SNAPSHOT]
	at org.apache.ratis.util.SlidingWindow$Server.processRequestsFromHead(SlidingWindow.java:429) [ratis-common-0.4.0-2337318-SNAPSHOT.jar:0.4.0-2337318-SNAPSHOT]
	at org.apache.ratis.util.SlidingWindow$Server.receivedRequest(SlidingWindow.java:421) [ratis-common-0.4.0-2337318-SNAPSHOT.jar:0.4.0-2337318-SNAPSHOT]
	at org.apache.ratis.grpc.client.GrpcClientProtocolService$OrderedRequestStreamObserver.processClientRequest(GrpcClientProtocolService.java:345) [ratis-grpc-0.4.0-2337318-SNAPSHOT.jar:0.4.0-2337318-SNAPSHOT]
	at org.apache.ratis.grpc.client.GrpcClientProtocolService$RequestStreamObserver.onNext(GrpcClientProtocolService.java:240) [ratis-grpc-0.4.0-2337318-SNAPSHOT.jar:0.4.0-2337318-SNAPSHOT]
	at org.apache.ratis.grpc.client.GrpcClientProtocolService$RequestStreamObserver.onNext(GrpcClientProtocolService.java:168) [ratis-grpc-0.4.0-2337318-SNAPSHOT.jar:0.4.0-2337318-SNAPSHOT]
	at org.apache.ratis.thirdparty.io.grpc.stub.ServerCalls$StreamingServerCallHandler$StreamingServerCallListener.onMessage(ServerCalls.java:248) [ratis-thirdparty-misc-0.2.0.jar:0.2.0]
	at org.apache.ratis.thirdparty.io.grpc.internal.ServerCallImpl$ServerStreamListenerImpl.messagesAvailable(ServerCallImpl.java:263) [ratis-thirdparty-misc-0.2.0.jar:0.2.0]
	at org.apache.ratis.thirdparty.io.grpc.internal.ServerImpl$JumpToApplicationThreadServerStreamListener$1MessagesAvailable.runInContext(ServerImpl.java:686) [ratis-thirdparty-misc-0.2.0.jar:0.2.0]
	at org.apache.ratis.thirdparty.io.grpc.internal.ContextRunnable.run(ContextRunnable.java:37) [ratis-thirdparty-misc-0.2.0.jar:0.2.0]
	at org.apache.ratis.thirdparty.io.grpc.internal.SerializingExecutor.run(SerializingExecutor.java:123) [ratis-thirdparty-misc-0.2.0.jar:0.2.0]
	at java.util.concurrent.ThreadPoolExecutor.runWorker(ThreadPoolExecutor.java:1149) [?:1.8.0_212]
	at java.util.concurrent.ThreadPoolExecutor$Worker.run(ThreadPoolExecutor.java:624) [?:1.8.0_212]
	at java.lang.Thread.run(Thread.java:748) [?:1.8.0_212]
2019-08-20 15:41:15,325 INFO  client.GrpcClientProtocolClient (GrpcClientProtocolClient.java:onNext(255)) - client-D3DB7009A4D9->925c8107-01d8-4d67-809b-d528e269a812: receive RaftClientReply:client-D3DB7009A4D9->925c8107-01d8-4d67-809b-d528e269a812@group-9B61E7D8BE4E, cid=185, FAILED org.apache.ratis.protocol.StateMachineException: org.apache.hadoop.hdds.scm.container.common.helpers.ContainerNotOpenException from Server 925c8107-01d8-4d67-809b-d528e269a812: Container 1 in CLOSING state, logIndex=0, commits[925c8107-01d8-4d67-809b-d528e269a812:c18, d03af9c2-82e7-4b8a-975e-d2d5cc7f3820:c16, dfd4cced-2b14-4d89-9dc7-4c182850c80d:c17]
15:41:15.329 [grpc-default-executor-6] ERROR DNAudit - user=null | ip=null | op=WRITE_CHUNK {blockData=conID: 1 locID: 102650062749237262 bcsId: 14} | ret=FAILURE
org.apache.hadoop.hdds.scm.container.common.helpers.ContainerNotOpenException: Container 1 in CLOSING state
	at org.apache.hadoop.ozone.container.common.impl.HddsDispatcher.validateContainerCommand(HddsDispatcher.java:408) ~[hadoop-hdds-container-service-0.5.0-SNAPSHOT.jar:?]
	at org.apache.hadoop.ozone.container.common.transport.server.ratis.ContainerStateMachine.startTransaction(ContainerStateMachine.java:298) ~[hadoop-hdds-container-service-0.5.0-SNAPSHOT.jar:?]
	at org.apache.ratis.server.impl.RaftServerImpl.submitClientRequestAsync(RaftServerImpl.java:566) ~[ratis-server-0.4.0-2337318-SNAPSHOT.jar:0.4.0-2337318-SNAPSHOT]
	at org.apache.ratis.server.impl.RaftServerProxy.lambda$submitClientRequestAsync$7(RaftServerProxy.java:333) ~[ratis-server-0.4.0-2337318-SNAPSHOT.jar:0.4.0-2337318-SNAPSHOT]
	at org.apache.ratis.server.impl.RaftServerProxy.lambda$null$5(RaftServerProxy.java:328) ~[ratis-server-0.4.0-2337318-SNAPSHOT.jar:0.4.0-2337318-SNAPSHOT]
	at org.apache.ratis.util.JavaUtils.callAsUnchecked(JavaUtils.java:109) ~[ratis-common-0.4.0-2337318-SNAPSHOT.jar:0.4.0-2337318-SNAPSHOT]
	at org.apache.ratis.server.impl.RaftServerProxy.lambda$submitRequest$6(RaftServerProxy.java:328) ~[ratis-server-0.4.0-2337318-SNAPSHOT.jar:0.4.0-2337318-SNAPSHOT]
	at java.util.concurrent.CompletableFuture.uniComposeStage(CompletableFuture.java:981) ~[?:1.8.0_212]
	at java.util.concurrent.CompletableFuture.thenCompose(CompletableFuture.java:2124) ~[?:1.8.0_212]
	at org.apache.ratis.server.impl.RaftServerProxy.submitRequest(RaftServerProxy.java:327) ~[ratis-server-0.4.0-2337318-SNAPSHOT.jar:0.4.0-2337318-SNAPSHOT]
	at org.apache.ratis.server.impl.RaftServerProxy.submitClientRequestAsync(RaftServerProxy.java:333) ~[ratis-server-0.4.0-2337318-SNAPSHOT.jar:0.4.0-2337318-SNAPSHOT]
	at org.apache.ratis.grpc.client.GrpcClientProtocolService$RequestStreamObserver.processClientRequest(GrpcClientProtocolService.java:220) ~[ratis-grpc-0.4.0-2337318-SNAPSHOT.jar:0.4.0-2337318-SNAPSHOT]
	at org.apache.ratis.grpc.client.GrpcClientProtocolService$OrderedRequestStreamObserver.processClientRequest(GrpcClientProtocolService.java:326) ~[ratis-grpc-0.4.0-2337318-SNAPSHOT.jar:0.4.0-2337318-SNAPSHOT]
	at org.apache.ratis.util.SlidingWindow$Server.processRequestsFromHead(SlidingWindow.java:429) [ratis-common-0.4.0-2337318-SNAPSHOT.jar:0.4.0-2337318-SNAPSHOT]
	at org.apache.ratis.util.SlidingWindow$Server.receivedRequest(SlidingWindow.java:421) [ratis-common-0.4.0-2337318-SNAPSHOT.jar:0.4.0-2337318-SNAPSHOT]
	at org.apache.ratis.grpc.client.GrpcClientProtocolService$OrderedRequestStreamObserver.processClientRequest(GrpcClientProtocolService.java:345) [ratis-grpc-0.4.0-2337318-SNAPSHOT.jar:0.4.0-2337318-SNAPSHOT]
	at org.apache.ratis.grpc.client.GrpcClientProtocolService$RequestStreamObserver.onNext(GrpcClientProtocolService.java:240) [ratis-grpc-0.4.0-2337318-SNAPSHOT.jar:0.4.0-2337318-SNAPSHOT]
	at org.apache.ratis.grpc.client.GrpcClientProtocolService$RequestStreamObserver.onNext(GrpcClientProtocolService.java:168) [ratis-grpc-0.4.0-2337318-SNAPSHOT.jar:0.4.0-2337318-SNAPSHOT]
	at org.apache.ratis.thirdparty.io.grpc.stub.ServerCalls$StreamingServerCallHandler$StreamingServerCallListener.onMessage(ServerCalls.java:248) [ratis-thirdparty-misc-0.2.0.jar:0.2.0]
	at org.apache.ratis.thirdparty.io.grpc.internal.ServerCallImpl$ServerStreamListenerImpl.messagesAvailable(ServerCallImpl.java:263) [ratis-thirdparty-misc-0.2.0.jar:0.2.0]
	at org.apache.ratis.thirdparty.io.grpc.internal.ServerImpl$JumpToApplicationThreadServerStreamListener$1MessagesAvailable.runInContext(ServerImpl.java:686) [ratis-thirdparty-misc-0.2.0.jar:0.2.0]
	at org.apache.ratis.thirdparty.io.grpc.internal.ContextRunnable.run(ContextRunnable.java:37) [ratis-thirdparty-misc-0.2.0.jar:0.2.0]
	at org.apache.ratis.thirdparty.io.grpc.internal.SerializingExecutor.run(SerializingExecutor.java:123) [ratis-thirdparty-misc-0.2.0.jar:0.2.0]
	at java.util.concurrent.ThreadPoolExecutor.runWorker(ThreadPoolExecutor.java:1149) [?:1.8.0_212]
	at java.util.concurrent.ThreadPoolExecutor$Worker.run(ThreadPoolExecutor.java:624) [?:1.8.0_212]
	at java.lang.Thread.run(Thread.java:748) [?:1.8.0_212]
2019-08-20 15:41:15,330 INFO  client.GrpcClientProtocolClient (GrpcClientProtocolClient.java:onNext(255)) - client-D3DB7009A4D9->925c8107-01d8-4d67-809b-d528e269a812: receive RaftClientReply:client-D3DB7009A4D9->925c8107-01d8-4d67-809b-d528e269a812@group-9B61E7D8BE4E, cid=186, FAILED org.apache.ratis.protocol.StateMachineException: org.apache.hadoop.hdds.scm.container.common.helpers.ContainerNotOpenException from Server 925c8107-01d8-4d67-809b-d528e269a812: Container 1 in CLOSING state, logIndex=0, commits[925c8107-01d8-4d67-809b-d528e269a812:c18, d03af9c2-82e7-4b8a-975e-d2d5cc7f3820:c16, dfd4cced-2b14-4d89-9dc7-4c182850c80d:c17]
15:41:15.334 [grpc-default-executor-6] ERROR DNAudit - user=null | ip=null | op=WRITE_CHUNK {blockData=conID: 1 locID: 102650062749237262 bcsId: 14} | ret=FAILURE
org.apache.hadoop.hdds.scm.container.common.helpers.ContainerNotOpenException: Container 1 in CLOSING state
	at org.apache.hadoop.ozone.container.common.impl.HddsDispatcher.validateContainerCommand(HddsDispatcher.java:408) ~[hadoop-hdds-container-service-0.5.0-SNAPSHOT.jar:?]
	at org.apache.hadoop.ozone.container.common.transport.server.ratis.ContainerStateMachine.startTransaction(ContainerStateMachine.java:298) ~[hadoop-hdds-container-service-0.5.0-SNAPSHOT.jar:?]
	at org.apache.ratis.server.impl.RaftServerImpl.submitClientRequestAsync(RaftServerImpl.java:566) ~[ratis-server-0.4.0-2337318-SNAPSHOT.jar:0.4.0-2337318-SNAPSHOT]
	at org.apache.ratis.server.impl.RaftServerProxy.lambda$submitClientRequestAsync$7(RaftServerProxy.java:333) ~[ratis-server-0.4.0-2337318-SNAPSHOT.jar:0.4.0-2337318-SNAPSHOT]
	at org.apache.ratis.server.impl.RaftServerProxy.lambda$null$5(RaftServerProxy.java:328) ~[ratis-server-0.4.0-2337318-SNAPSHOT.jar:0.4.0-2337318-SNAPSHOT]
	at org.apache.ratis.util.JavaUtils.callAsUnchecked(JavaUtils.java:109) ~[ratis-common-0.4.0-2337318-SNAPSHOT.jar:0.4.0-2337318-SNAPSHOT]
	at org.apache.ratis.server.impl.RaftServerProxy.lambda$submitRequest$6(RaftServerProxy.java:328) ~[ratis-server-0.4.0-2337318-SNAPSHOT.jar:0.4.0-2337318-SNAPSHOT]
	at java.util.concurrent.CompletableFuture.uniComposeStage(CompletableFuture.java:981) ~[?:1.8.0_212]
	at java.util.concurrent.CompletableFuture.thenCompose(CompletableFuture.java:2124) ~[?:1.8.0_212]
	at org.apache.ratis.server.impl.RaftServerProxy.submitRequest(RaftServerProxy.java:327) ~[ratis-server-0.4.0-2337318-SNAPSHOT.jar:0.4.0-2337318-SNAPSHOT]
	at org.apache.ratis.server.impl.RaftServerProxy.submitClientRequestAsync(RaftServerProxy.java:333) ~[ratis-server-0.4.0-2337318-SNAPSHOT.jar:0.4.0-2337318-SNAPSHOT]
	at org.apache.ratis.grpc.client.GrpcClientProtocolService$RequestStreamObserver.processClientRequest(GrpcClientProtocolService.java:220) ~[ratis-grpc-0.4.0-2337318-SNAPSHOT.jar:0.4.0-2337318-SNAPSHOT]
	at org.apache.ratis.grpc.client.GrpcClientProtocolService$OrderedRequestStreamObserver.processClientRequest(GrpcClientProtocolService.java:326) ~[ratis-grpc-0.4.0-2337318-SNAPSHOT.jar:0.4.0-2337318-SNAPSHOT]
	at org.apache.ratis.util.SlidingWindow$Server.processRequestsFromHead(SlidingWindow.java:429) [ratis-common-0.4.0-2337318-SNAPSHOT.jar:0.4.0-2337318-SNAPSHOT]
	at org.apache.ratis.util.SlidingWindow$Server.receivedRequest(SlidingWindow.java:421) [ratis-common-0.4.0-2337318-SNAPSHOT.jar:0.4.0-2337318-SNAPSHOT]
	at org.apache.ratis.grpc.client.GrpcClientProtocolService$OrderedRequestStreamObserver.processClientRequest(GrpcClientProtocolService.java:345) [ratis-grpc-0.4.0-2337318-SNAPSHOT.jar:0.4.0-2337318-SNAPSHOT]
	at org.apache.ratis.grpc.client.GrpcClientProtocolService$RequestStreamObserver.onNext(GrpcClientProtocolService.java:240) [ratis-grpc-0.4.0-2337318-SNAPSHOT.jar:0.4.0-2337318-SNAPSHOT]
	at org.apache.ratis.grpc.client.GrpcClientProtocolService$RequestStreamObserver.onNext(GrpcClientProtocolService.java:168) [ratis-grpc-0.4.0-2337318-SNAPSHOT.jar:0.4.0-2337318-SNAPSHOT]
	at org.apache.ratis.thirdparty.io.grpc.stub.ServerCalls$StreamingServerCallHandler$StreamingServerCallListener.onMessage(ServerCalls.java:248) [ratis-thirdparty-misc-0.2.0.jar:0.2.0]
	at org.apache.ratis.thirdparty.io.grpc.internal.ServerCallImpl$ServerStreamListenerImpl.messagesAvailable(ServerCallImpl.java:263) [ratis-thirdparty-misc-0.2.0.jar:0.2.0]
	at org.apache.ratis.thirdparty.io.grpc.internal.ServerImpl$JumpToApplicationThreadServerStreamListener$1MessagesAvailable.runInContext(ServerImpl.java:686) [ratis-thirdparty-misc-0.2.0.jar:0.2.0]
	at org.apache.ratis.thirdparty.io.grpc.internal.ContextRunnable.run(ContextRunnable.java:37) [ratis-thirdparty-misc-0.2.0.jar:0.2.0]
	at org.apache.ratis.thirdparty.io.grpc.internal.SerializingExecutor.run(SerializingExecutor.java:123) [ratis-thirdparty-misc-0.2.0.jar:0.2.0]
	at java.util.concurrent.ThreadPoolExecutor.runWorker(ThreadPoolExecutor.java:1149) [?:1.8.0_212]
	at java.util.concurrent.ThreadPoolExecutor$Worker.run(ThreadPoolExecutor.java:624) [?:1.8.0_212]
	at java.lang.Thread.run(Thread.java:748) [?:1.8.0_212]
2019-08-20 15:41:15,338 INFO  client.GrpcClientProtocolClient (GrpcClientProtocolClient.java:onNext(255)) - client-D3DB7009A4D9->925c8107-01d8-4d67-809b-d528e269a812: receive RaftClientReply:client-D3DB7009A4D9->925c8107-01d8-4d67-809b-d528e269a812@group-9B61E7D8BE4E, cid=187, FAILED org.apache.ratis.protocol.StateMachineException: org.apache.hadoop.hdds.scm.container.common.helpers.ContainerNotOpenException from Server 925c8107-01d8-4d67-809b-d528e269a812: Container 1 in CLOSING state, logIndex=0, commits[925c8107-01d8-4d67-809b-d528e269a812:c18, d03af9c2-82e7-4b8a-975e-d2d5cc7f3820:c16, dfd4cced-2b14-4d89-9dc7-4c182850c80d:c17]
2019-08-20 15:41:15,340 INFO  client.GrpcClientProtocolClient (GrpcClientProtocolClient.java:onNext(255)) - client-D3DB7009A4D9->925c8107-01d8-4d67-809b-d528e269a812: receive RaftClientReply:client-D3DB7009A4D9->925c8107-01d8-4d67-809b-d528e269a812@group-9B61E7D8BE4E, cid=188, FAILED org.apache.ratis.protocol.StateMachineException: org.apache.hadoop.hdds.scm.container.common.helpers.ContainerNotOpenException from Server 925c8107-01d8-4d67-809b-d528e269a812: Container 1 in CLOSING state, logIndex=0, commits[925c8107-01d8-4d67-809b-d528e269a812:c18, d03af9c2-82e7-4b8a-975e-d2d5cc7f3820:c16, dfd4cced-2b14-4d89-9dc7-4c182850c80d:c17]
15:41:15.339 [grpc-default-executor-6] ERROR DNAudit - user=null | ip=null | op=PUT_BLOCK {blockData=[blockId=conID: 1 locID: 102650062749237262 bcsId: 0,size=800]} | ret=FAILURE
org.apache.hadoop.hdds.scm.container.common.helpers.ContainerNotOpenException: Container 1 in CLOSING state
	at org.apache.hadoop.ozone.container.common.impl.HddsDispatcher.validateContainerCommand(HddsDispatcher.java:408) ~[hadoop-hdds-container-service-0.5.0-SNAPSHOT.jar:?]
	at org.apache.hadoop.ozone.container.common.transport.server.ratis.ContainerStateMachine.startTransaction(ContainerStateMachine.java:298) ~[hadoop-hdds-container-service-0.5.0-SNAPSHOT.jar:?]
	at org.apache.ratis.server.impl.RaftServerImpl.submitClientRequestAsync(RaftServerImpl.java:566) ~[ratis-server-0.4.0-2337318-SNAPSHOT.jar:0.4.0-2337318-SNAPSHOT]
	at org.apache.ratis.server.impl.RaftServerProxy.lambda$submitClientRequestAsync$7(RaftServerProxy.java:333) ~[ratis-server-0.4.0-2337318-SNAPSHOT.jar:0.4.0-2337318-SNAPSHOT]
	at org.apache.ratis.server.impl.RaftServerProxy.lambda$null$5(RaftServerProxy.java:328) ~[ratis-server-0.4.0-2337318-SNAPSHOT.jar:0.4.0-2337318-SNAPSHOT]
	at org.apache.ratis.util.JavaUtils.callAsUnchecked(JavaUtils.java:109) ~[ratis-common-0.4.0-2337318-SNAPSHOT.jar:0.4.0-2337318-SNAPSHOT]
	at org.apache.ratis.server.impl.RaftServerProxy.lambda$submitRequest$6(RaftServerProxy.java:328) ~[ratis-server-0.4.0-2337318-SNAPSHOT.jar:0.4.0-2337318-SNAPSHOT]
	at java.util.concurrent.CompletableFuture.uniComposeStage(CompletableFuture.java:981) ~[?:1.8.0_212]
	at java.util.concurrent.CompletableFuture.thenCompose(CompletableFuture.java:2124) ~[?:1.8.0_212]
	at org.apache.ratis.server.impl.RaftServerProxy.submitRequest(RaftServerProxy.java:327) ~[ratis-server-0.4.0-2337318-SNAPSHOT.jar:0.4.0-2337318-SNAPSHOT]
	at org.apache.ratis.server.impl.RaftServerProxy.submitClientRequestAsync(RaftServerProxy.java:333) ~[ratis-server-0.4.0-2337318-SNAPSHOT.jar:0.4.0-2337318-SNAPSHOT]
	at org.apache.ratis.grpc.client.GrpcClientProtocolService$RequestStreamObserver.processClientRequest(GrpcClientProtocolService.java:220) ~[ratis-grpc-0.4.0-2337318-SNAPSHOT.jar:0.4.0-2337318-SNAPSHOT]
	at org.apache.ratis.grpc.client.GrpcClientProtocolService$OrderedRequestStreamObserver.processClientRequest(GrpcClientProtocolService.java:326) ~[ratis-grpc-0.4.0-2337318-SNAPSHOT.jar:0.4.0-2337318-SNAPSHOT]
	at org.apache.ratis.util.SlidingWindow$Server.processRequestsFromHead(SlidingWindow.java:429) [ratis-common-0.4.0-2337318-SNAPSHOT.jar:0.4.0-2337318-SNAPSHOT]
	at org.apache.ratis.util.SlidingWindow$Server.receivedRequest(SlidingWindow.java:421) [ratis-common-0.4.0-2337318-SNAPSHOT.jar:0.4.0-2337318-SNAPSHOT]
	at org.apache.ratis.grpc.client.GrpcClientProtocolService$OrderedRequestStreamObserver.processClientRequest(GrpcClientProtocolService.java:345) [ratis-grpc-0.4.0-2337318-SNAPSHOT.jar:0.4.0-2337318-SNAPSHOT]
	at org.apache.ratis.grpc.client.GrpcClientProtocolService$RequestStreamObserver.onNext(GrpcClientProtocolService.java:240) [ratis-grpc-0.4.0-2337318-SNAPSHOT.jar:0.4.0-2337318-SNAPSHOT]
	at org.apache.ratis.grpc.client.GrpcClientProtocolService$RequestStreamObserver.onNext(GrpcClientProtocolService.java:168) [ratis-grpc-0.4.0-2337318-SNAPSHOT.jar:0.4.0-2337318-SNAPSHOT]
	at org.apache.ratis.thirdparty.io.grpc.stub.ServerCalls$StreamingServerCallHandler$StreamingServerCallListener.onMessage(ServerCalls.java:248) [ratis-thirdparty-misc-0.2.0.jar:0.2.0]
	at org.apache.ratis.thirdparty.io.grpc.internal.ServerCallImpl$ServerStreamListenerImpl.messagesAvailable(ServerCallImpl.java:263) [ratis-thirdparty-misc-0.2.0.jar:0.2.0]
	at org.apache.ratis.thirdparty.io.grpc.internal.ServerImpl$JumpToApplicationThreadServerStreamListener$1MessagesAvailable.runInContext(ServerImpl.java:686) [ratis-thirdparty-misc-0.2.0.jar:0.2.0]
	at org.apache.ratis.thirdparty.io.grpc.internal.ContextRunnable.run(ContextRunnable.java:37) [ratis-thirdparty-misc-0.2.0.jar:0.2.0]
	at org.apache.ratis.thirdparty.io.grpc.internal.SerializingExecutor.run(SerializingExecutor.java:123) [ratis-thirdparty-misc-0.2.0.jar:0.2.0]
	at java.util.concurrent.ThreadPoolExecutor.runWorker(ThreadPoolExecutor.java:1149) [?:1.8.0_212]
	at java.util.concurrent.ThreadPoolExecutor$Worker.run(ThreadPoolExecutor.java:624) [?:1.8.0_212]
	at java.lang.Thread.run(Thread.java:748) [?:1.8.0_212]
2019-08-20 15:41:15,349 INFO  client.GrpcClientProtocolClient (GrpcClientProtocolClient.java:onNext(255)) - client-D3DB7009A4D9->925c8107-01d8-4d67-809b-d528e269a812: receive RaftClientReply:client-D3DB7009A4D9->925c8107-01d8-4d67-809b-d528e269a812@group-9B61E7D8BE4E, cid=189, FAILED org.apache.ratis.protocol.StateMachineException: org.apache.hadoop.hdds.scm.container.common.helpers.ContainerNotOpenException from Server 925c8107-01d8-4d67-809b-d528e269a812: Container 1 in CLOSING state, logIndex=0, commits[925c8107-01d8-4d67-809b-d528e269a812:c18, d03af9c2-82e7-4b8a-975e-d2d5cc7f3820:c16, dfd4cced-2b14-4d89-9dc7-4c182850c80d:c17]
2019-08-20 15:41:15,382 INFO  client.GrpcClientProtocolClient (GrpcClientProtocolClient.java:onNext(255)) - client-A28782384172->d57c8d47-402b-46aa-8b70-da25b48a70c2: receive RaftClientReply:client-A28782384172->d57c8d47-402b-46aa-8b70-da25b48a70c2@group-B5CD9A9575FB, cid=190, FAILED org.apache.ratis.protocol.NotLeaderException: Server d57c8d47-402b-46aa-8b70-da25b48a70c2 is not the leader (d6bfb2d3-2a38-4016-a856-377fc512a5f4:192.168.5.175:33668). Request must be sent to leader., logIndex=0, commits[d57c8d47-402b-46aa-8b70-da25b48a70c2:c0, d6bfb2d3-2a38-4016-a856-377fc512a5f4:c0, 41326633-e7c0-4b56-8531-f737bb1d6b82:c0]
2019-08-20 15:41:15,520 INFO  client.GrpcClientProtocolClient (GrpcClientProtocolClient.java:onNext(255)) - client-A28782384172->d6bfb2d3-2a38-4016-a856-377fc512a5f4: receive RaftClientReply:client-A28782384172->d6bfb2d3-2a38-4016-a856-377fc512a5f4@group-B5CD9A9575FB, cid=190, SUCCESS, logIndex=1, commits[d6bfb2d3-2a38-4016-a856-377fc512a5f4:c1, 41326633-e7c0-4b56-8531-f737bb1d6b82:c0, d57c8d47-402b-46aa-8b70-da25b48a70c2:c0]
2019-08-20 15:41:15,531 INFO  client.GrpcClientProtocolClient (GrpcClientProtocolClient.java:onNext(255)) - client-A28782384172->d6bfb2d3-2a38-4016-a856-377fc512a5f4: receive RaftClientReply:client-A28782384172->d6bfb2d3-2a38-4016-a856-377fc512a5f4@group-B5CD9A9575FB, cid=191, SUCCESS, logIndex=3, commits[d6bfb2d3-2a38-4016-a856-377fc512a5f4:c3, 41326633-e7c0-4b56-8531-f737bb1d6b82:c1, d57c8d47-402b-46aa-8b70-da25b48a70c2:c1]
2019-08-20 15:41:15,571 INFO  client.GrpcClientProtocolClient (GrpcClientProtocolClient.java:onNext(255)) - client-A28782384172->d6bfb2d3-2a38-4016-a856-377fc512a5f4: receive RaftClientReply:client-A28782384172->d6bfb2d3-2a38-4016-a856-377fc512a5f4@group-B5CD9A9575FB, cid=192, SUCCESS, logIndex=4, commits[d6bfb2d3-2a38-4016-a856-377fc512a5f4:c12, 41326633-e7c0-4b56-8531-f737bb1d6b82:c7, d57c8d47-402b-46aa-8b70-da25b48a70c2:c7]
2019-08-20 15:41:15,571 INFO  client.GrpcClientProtocolClient (GrpcClientProtocolClient.java:onNext(255)) - client-A28782384172->d6bfb2d3-2a38-4016-a856-377fc512a5f4: receive RaftClientReply:client-A28782384172->d6bfb2d3-2a38-4016-a856-377fc512a5f4@group-B5CD9A9575FB, cid=193, SUCCESS, logIndex=5, commits[d6bfb2d3-2a38-4016-a856-377fc512a5f4:c12, 41326633-e7c0-4b56-8531-f737bb1d6b82:c7, d57c8d47-402b-46aa-8b70-da25b48a70c2:c7]
2019-08-20 15:41:15,572 INFO  client.GrpcClientProtocolClient (GrpcClientProtocolClient.java:onNext(255)) - client-A28782384172->d6bfb2d3-2a38-4016-a856-377fc512a5f4: receive RaftClientReply:client-A28782384172->d6bfb2d3-2a38-4016-a856-377fc512a5f4@group-B5CD9A9575FB, cid=194, SUCCESS, logIndex=6, commits[d6bfb2d3-2a38-4016-a856-377fc512a5f4:c12, 41326633-e7c0-4b56-8531-f737bb1d6b82:c7, d57c8d47-402b-46aa-8b70-da25b48a70c2:c7]
2019-08-20 15:41:15,637 INFO  client.GrpcClientProtocolClient (GrpcClientProtocolClient.java:onNext(255)) - client-A28782384172->d6bfb2d3-2a38-4016-a856-377fc512a5f4: receive RaftClientReply:client-A28782384172->d6bfb2d3-2a38-4016-a856-377fc512a5f4@group-B5CD9A9575FB, cid=195, SUCCESS, logIndex=7, commits[d6bfb2d3-2a38-4016-a856-377fc512a5f4:c12, 41326633-e7c0-4b56-8531-f737bb1d6b82:c7, d57c8d47-402b-46aa-8b70-da25b48a70c2:c7]
2019-08-20 15:41:15,651 INFO  client.GrpcClientProtocolClient (GrpcClientProtocolClient.java:onNext(255)) - client-A28782384172->d6bfb2d3-2a38-4016-a856-377fc512a5f4: receive RaftClientReply:client-A28782384172->d6bfb2d3-2a38-4016-a856-377fc512a5f4@group-B5CD9A9575FB, cid=196, SUCCESS, logIndex=13, commits[d6bfb2d3-2a38-4016-a856-377fc512a5f4:c13, 41326633-e7c0-4b56-8531-f737bb1d6b82:c12, d57c8d47-402b-46aa-8b70-da25b48a70c2:c7]
2019-08-20 15:41:15,653 INFO  client.GrpcClientProtocolClient (GrpcClientProtocolClient.java:onNext(255)) - client-A28782384172->d6bfb2d3-2a38-4016-a856-377fc512a5f4: receive RaftClientReply:client-A28782384172->d6bfb2d3-2a38-4016-a856-377fc512a5f4@group-B5CD9A9575FB, cid=197, SUCCESS, logIndex=14, commits[d6bfb2d3-2a38-4016-a856-377fc512a5f4:c15, 41326633-e7c0-4b56-8531-f737bb1d6b82:c13, d57c8d47-402b-46aa-8b70-da25b48a70c2:c13]
2019-08-20 15:41:15,657 INFO  client.GrpcClientProtocolClient (GrpcClientProtocolClient.java:onNext(255)) - client-A28782384172->d6bfb2d3-2a38-4016-a856-377fc512a5f4: receive RaftClientReply:client-A28782384172->d6bfb2d3-2a38-4016-a856-377fc512a5f4@group-B5CD9A9575FB, cid=198, SUCCESS, logIndex=0, commits[d6bfb2d3-2a38-4016-a856-377fc512a5f4:c16, 41326633-e7c0-4b56-8531-f737bb1d6b82:c14, d57c8d47-402b-46aa-8b70-da25b48a70c2:c14]
2019-08-20 15:41:15,658 INFO  ozone.MiniOzoneClusterImpl (MiniOzoneClusterImpl.java:shutdown(321)) - Shutting down the Mini Ozone Cluster
2019-08-20 15:41:15,659 INFO  ozone.MiniOzoneClusterImpl (MiniOzoneClusterImpl.java:stop(336)) - Stopping the Mini Ozone Cluster
2019-08-20 15:41:15,659 INFO  ozone.MiniOzoneClusterImpl (MiniOzoneClusterImpl.java:stop(338)) - Stopping the OzoneManager
2019-08-20 15:41:15,659 INFO  ipc.Server (Server.java:stop(3082)) - Stopping server on 39117
2019-08-20 15:41:15,670 INFO  ipc.Server (Server.java:run(1185)) - Stopping IPC Server listener on 39117
2019-08-20 15:41:15,670 INFO  ipc.Server (Server.java:run(1319)) - Stopping IPC Server Responder
2019-08-20 15:41:15,670 INFO  ratis.OzoneManagerDoubleBuffer (OzoneManagerDoubleBuffer.java:stop(248)) - Stopping OMDoubleBuffer flush thread
2019-08-20 15:41:15,685 INFO  ratis.OzoneManagerDoubleBuffer (OzoneManagerDoubleBuffer.java:flushTransactions(191)) - OMDoubleBuffer flush thread OMDoubleBufferFlushThread is interrupted and will exit. OMDoubleBufferFlushThread
2019-08-20 15:41:15,691 INFO  utils.BackgroundService (BackgroundService.java:shutdown(148)) - Shutting down service KeyDeletingService
2019-08-20 15:41:15,692 INFO  handler.ContextHandler (ContextHandler.java:doStop(910)) - Stopped o.e.j.w.WebAppContext@5e1535e0{/,null,UNAVAILABLE}{/ozoneManager}
2019-08-20 15:41:15,693 INFO  server.AbstractConnector (AbstractConnector.java:doStop(318)) - Stopped ServerConnector@6c27be1d{HTTP/1.1,[http/1.1]}{0.0.0.0:0}
2019-08-20 15:41:15,693 INFO  handler.ContextHandler (ContextHandler.java:doStop(910)) - Stopped o.e.j.s.ServletContextHandler@4af0ae2c{/static,file:///workdir/hadoop-ozone/integration-test/target/test-classes/webapps/static,UNAVAILABLE}
2019-08-20 15:41:15,693 INFO  handler.ContextHandler (ContextHandler.java:doStop(910)) - Stopped o.e.j.s.ServletContextHandler@1abf38d1{/logs,file:///workdir/hadoop-ozone/integration-test/target/log,UNAVAILABLE}
2019-08-20 15:41:15,696 INFO  ozone.MiniOzoneClusterImpl (MiniOzoneClusterImpl.java:stop(344)) - Shutting the HddsDatanodes
2019-08-20 15:41:15,696 INFO  datanode.ObjectStoreHandler (ObjectStoreHandler.java:close(155)) - Closing ObjectStoreHandler.
2019-08-20 15:41:15,696 INFO  datanode.ObjectStoreHandler (ObjectStoreHandler.java:close(155)) - Closing ObjectStoreHandler.
2019-08-20 15:41:15,696 INFO  ozone.HddsDatanodeService (HddsDatanodeService.java:stop(451)) - Stopped plug-in org.apache.hadoop.ozone.web.OzoneHddsDatanodeService@4a0dd851
2019-08-20 15:41:15,697 INFO  ozone.HddsDatanodeService (HddsDatanodeService.java:stop(451)) - Stopped plug-in org.apache.hadoop.ozone.web.OzoneHddsDatanodeService@5c21b22e
2019-08-20 15:41:15,966 INFO  statemachine.DatanodeStateMachine (DatanodeStateMachine.java:lambda$startDaemon$0(350)) - Ozone container server started.
2019-08-20 15:41:16,498 INFO  statemachine.DatanodeStateMachine (DatanodeStateMachine.java:lambda$startDaemon$0(350)) - Ozone container server started.
2019-08-20 15:41:17,471 WARN  server.GrpcLogAppender (LogUtils.java:warn(134)) - 925c8107-01d8-4d67-809b-d528e269a812->d03af9c2-82e7-4b8a-975e-d2d5cc7f3820: Failed appendEntries: org.apache.ratis.thirdparty.io.grpc.StatusRuntimeException: UNAVAILABLE: io exception
2019-08-20 15:41:17,471 INFO  impl.FollowerInfo (FollowerInfo.java:lambda$new$0(50)) - 925c8107-01d8-4d67-809b-d528e269a812->d03af9c2-82e7-4b8a-975e-d2d5cc7f3820: nextIndex: updateUnconditionally 1 -> 0
2019-08-20 15:41:19,972 WARN  server.GrpcLogAppender (LogUtils.java:warn(134)) - 925c8107-01d8-4d67-809b-d528e269a812->d03af9c2-82e7-4b8a-975e-d2d5cc7f3820: Failed appendEntries: org.apache.ratis.thirdparty.io.grpc.StatusRuntimeException: UNAVAILABLE: io exception
2019-08-20 15:41:19,972 INFO  impl.FollowerInfo (FollowerInfo.java:lambda$new$0(50)) - 925c8107-01d8-4d67-809b-d528e269a812->d03af9c2-82e7-4b8a-975e-d2d5cc7f3820: nextIndex: updateUnconditionally 0 -> 0
2019-08-20 15:41:20,067 INFO  node.StaleNodeHandler (StaleNodeHandler.java:onMessage(58)) - Datanode dfd4cced-2b14-4d89-9dc7-4c182850c80d{ip: 192.168.5.175, host: pr-hdds-1879-mp8vb-189615265, networkLocation: /default-rack, certSerialId: null} moved to stale state. Finalizing its pipelines [PipelineID=4eca0a1d-d2d2-4d59-b139-9b61e7d8be4e, PipelineID=6bf148cf-4ea7-4696-9db9-0443617761ca]
2019-08-20 15:41:20,067 INFO  pipeline.SCMPipelineManager (SCMPipelineManager.java:finalizeAndDestroyPipeline(309)) - destroying pipeline:Pipeline[ Id: 4eca0a1d-d2d2-4d59-b139-9b61e7d8be4e, Nodes: d03af9c2-82e7-4b8a-975e-d2d5cc7f3820{ip: 192.168.5.175, host: pr-hdds-1879-mp8vb-189615265, networkLocation: /default-rack, certSerialId: null}dfd4cced-2b14-4d89-9dc7-4c182850c80d{ip: 192.168.5.175, host: pr-hdds-1879-mp8vb-189615265, networkLocation: /default-rack, certSerialId: null}925c8107-01d8-4d67-809b-d528e269a812{ip: 192.168.5.175, host: pr-hdds-1879-mp8vb-189615265, networkLocation: /default-rack, certSerialId: null}, Type:RATIS, Factor:THREE, State:CLOSED]
2019-08-20 15:41:20,067 INFO  pipeline.SCMPipelineManager (SCMPipelineManager.java:finalizeAndDestroyPipeline(309)) - destroying pipeline:Pipeline[ Id: 6bf148cf-4ea7-4696-9db9-0443617761ca, Nodes: dfd4cced-2b14-4d89-9dc7-4c182850c80d{ip: 192.168.5.175, host: pr-hdds-1879-mp8vb-189615265, networkLocation: /default-rack, certSerialId: null}, Type:RATIS, Factor:ONE, State:OPEN]
2019-08-20 15:41:20,068 INFO  pipeline.PipelineStateManager (PipelineStateManager.java:finalizePipeline(123)) - Pipeline Pipeline[ Id: 6bf148cf-4ea7-4696-9db9-0443617761ca, Nodes: dfd4cced-2b14-4d89-9dc7-4c182850c80d{ip: 192.168.5.175, host: pr-hdds-1879-mp8vb-189615265, networkLocation: /default-rack, certSerialId: null}, Type:RATIS, Factor:ONE, State:CLOSED] moved to CLOSED state
2019-08-20 15:41:20,568 INFO  node.StaleNodeHandler (StaleNodeHandler.java:onMessage(58)) - Datanode 41326633-e7c0-4b56-8531-f737bb1d6b82{ip: 192.168.5.175, host: pr-hdds-1879-mp8vb-189615265, networkLocation: /default-rack, certSerialId: null} moved to stale state. Finalizing its pipelines [PipelineID=97e0169e-ae60-40fa-ada6-5926763b527b, PipelineID=c396ed94-c790-4573-ab7d-b5cd9a9575fb]
2019-08-20 15:41:20,568 INFO  pipeline.SCMPipelineManager (SCMPipelineManager.java:finalizeAndDestroyPipeline(309)) - destroying pipeline:Pipeline[ Id: 97e0169e-ae60-40fa-ada6-5926763b527b, Nodes: 41326633-e7c0-4b56-8531-f737bb1d6b82{ip: 192.168.5.175, host: pr-hdds-1879-mp8vb-189615265, networkLocation: /default-rack, certSerialId: null}, Type:RATIS, Factor:ONE, State:OPEN]
2019-08-20 15:41:20,568 INFO  pipeline.PipelineStateManager (PipelineStateManager.java:finalizePipeline(123)) - Pipeline Pipeline[ Id: 97e0169e-ae60-40fa-ada6-5926763b527b, Nodes: 41326633-e7c0-4b56-8531-f737bb1d6b82{ip: 192.168.5.175, host: pr-hdds-1879-mp8vb-189615265, networkLocation: /default-rack, certSerialId: null}, Type:RATIS, Factor:ONE, State:CLOSED] moved to CLOSED state
2019-08-20 15:41:20,569 INFO  pipeline.SCMPipelineManager (SCMPipelineManager.java:finalizeAndDestroyPipeline(309)) - destroying pipeline:Pipeline[ Id: c396ed94-c790-4573-ab7d-b5cd9a9575fb, Nodes: d57c8d47-402b-46aa-8b70-da25b48a70c2{ip: 192.168.5.175, host: pr-hdds-1879-mp8vb-189615265, networkLocation: /default-rack, certSerialId: null}d6bfb2d3-2a38-4016-a856-377fc512a5f4{ip: 192.168.5.175, host: pr-hdds-1879-mp8vb-189615265, networkLocation: /default-rack, certSerialId: null}41326633-e7c0-4b56-8531-f737bb1d6b82{ip: 192.168.5.175, host: pr-hdds-1879-mp8vb-189615265, networkLocation: /default-rack, certSerialId: null}, Type:RATIS, Factor:THREE, State:OPEN]
2019-08-20 15:41:20,569 INFO  pipeline.PipelineStateManager (PipelineStateManager.java:finalizePipeline(123)) - Pipeline Pipeline[ Id: c396ed94-c790-4573-ab7d-b5cd9a9575fb, Nodes: d57c8d47-402b-46aa-8b70-da25b48a70c2{ip: 192.168.5.175, host: pr-hdds-1879-mp8vb-189615265, networkLocation: /default-rack, certSerialId: null}d6bfb2d3-2a38-4016-a856-377fc512a5f4{ip: 192.168.5.175, host: pr-hdds-1879-mp8vb-189615265, networkLocation: /default-rack, certSerialId: null}41326633-e7c0-4b56-8531-f737bb1d6b82{ip: 192.168.5.175, host: pr-hdds-1879-mp8vb-189615265, networkLocation: /default-rack, certSerialId: null}, Type:RATIS, Factor:THREE, State:CLOSED] moved to CLOSED state
2019-08-20 15:41:20,569 INFO  container.CloseContainerEventHandler (CloseContainerEventHandler.java:onMessage(61)) - Close container Event triggered for container : #2
2019-08-20 15:41:20,697 INFO  ozoneimpl.OzoneContainer (OzoneContainer.java:stop(199)) - Attempting to stop container services.
2019-08-20 15:41:20,697 INFO  ozoneimpl.OzoneContainer (OzoneContainer.java:stop(199)) - Attempting to stop container services.
2019-08-20 15:41:20,698 INFO  impl.RaftServerProxy (RaftServerProxy.java:lambda$close$4(314)) - dfd4cced-2b14-4d89-9dc7-4c182850c80d: close
2019-08-20 15:41:20,698 INFO  impl.RaftServerProxy (RaftServerProxy.java:lambda$close$4(314)) - 41326633-e7c0-4b56-8531-f737bb1d6b82: close
2019-08-20 15:41:20,698 INFO  impl.RaftServerImpl (RaftServerImpl.java:lambda$shutdown$3(245)) - dfd4cced-2b14-4d89-9dc7-4c182850c80d: shutdown group-9B61E7D8BE4E
2019-08-20 15:41:20,698 INFO  impl.RaftServerImpl (RaftServerImpl.java:lambda$shutdown$3(245)) - 41326633-e7c0-4b56-8531-f737bb1d6b82: shutdown group-5926763B527B
2019-08-20 15:41:20,699 INFO  util.JmxRegister (JmxRegister.java:unregister(73)) - Successfully un-registered JMX Bean with object name Ratis:service=RaftServer,group=group-9B61E7D8BE4E,id=dfd4cced-2b14-4d89-9dc7-4c182850c80d
2019-08-20 15:41:20,699 INFO  impl.RoleInfo (RoleInfo.java:shutdownFollowerState(121)) - dfd4cced-2b14-4d89-9dc7-4c182850c80d: shutdown FollowerState
2019-08-20 15:41:20,699 INFO  util.JmxRegister (JmxRegister.java:unregister(73)) - Successfully un-registered JMX Bean with object name Ratis:service=RaftServer,group=group-5926763B527B,id=41326633-e7c0-4b56-8531-f737bb1d6b82
2019-08-20 15:41:20,700 INFO  ratis.ContainerStateMachine (ContainerStateMachine.java:takeSnapshot(272)) - group-9B61E7D8BE4E: Taking a snapshot at:(t:1, i:14) file /workdir/hadoop-ozone/integration-test/target/test-dir/MiniOzoneClusterImpl-8fb5653b-ece0-45be-97ea-ae3ba8059339/datanode-3/data/ratis/4eca0a1d-d2d2-4d59-b139-9b61e7d8be4e/sm/snapshot.1_14
2019-08-20 15:41:20,700 INFO  impl.FollowerState (FollowerState.java:run(114)) - dfd4cced-2b14-4d89-9dc7-4c182850c80d: FollowerState was interrupted: java.lang.InterruptedException: sleep interrupted
2019-08-20 15:41:20,700 INFO  impl.StateMachineUpdater (StateMachineUpdater.java:stopAndJoin(115)) - StateMachineUpdater:dfd4cced-2b14-4d89-9dc7-4c182850c80d:group-9B61E7D8BE4E: set stopIndex = 18
2019-08-20 15:41:20,700 INFO  impl.RoleInfo (RoleInfo.java:shutdownLeaderState(104)) - 41326633-e7c0-4b56-8531-f737bb1d6b82: shutdown LeaderState
2019-08-20 15:41:20,705 INFO  impl.PendingRequests (PendingRequests.java:sendNotLeaderResponses(202)) - 41326633-e7c0-4b56-8531-f737bb1d6b82-PendingRequests: sendNotLeaderResponses
2019-08-20 15:41:20,705 INFO  impl.StateMachineUpdater (StateMachineUpdater.java:stopAndJoin(115)) - StateMachineUpdater:41326633-e7c0-4b56-8531-f737bb1d6b82:group-5926763B527B: set stopIndex = 0
2019-08-20 15:41:20,705 INFO  impl.RaftServerImpl (ServerState.java:close(394)) - 41326633-e7c0-4b56-8531-f737bb1d6b82:group-5926763B527B closes. The last applied log index is 0
2019-08-20 15:41:20,706 INFO  segmented.SegmentedRaftLogWorker (SegmentedRaftLogWorker.java:run(313)) - 41326633-e7c0-4b56-8531-f737bb1d6b82-SegmentedRaftLogWorker:Storage Directory /workdir/hadoop-ozone/integration-test/target/test-dir/MiniOzoneClusterImpl-8fb5653b-ece0-45be-97ea-ae3ba8059339/datanode-1/data/ratis/97e0169e-ae60-40fa-ada6-5926763b527b was interrupted, exiting. There are 0 tasks remaining in the queue.
2019-08-20 15:41:20,708 INFO  segmented.SegmentedRaftLogWorker (SegmentedRaftLogWorker.java:close(228)) - 41326633-e7c0-4b56-8531-f737bb1d6b82-SegmentedRaftLogWorker:Storage Directory /workdir/hadoop-ozone/integration-test/target/test-dir/MiniOzoneClusterImpl-8fb5653b-ece0-45be-97ea-ae3ba8059339/datanode-1/data/ratis/97e0169e-ae60-40fa-ada6-5926763b527b close()
2019-08-20 15:41:20,712 INFO  impl.RaftServerImpl (RaftServerImpl.java:lambda$shutdown$3(245)) - 41326633-e7c0-4b56-8531-f737bb1d6b82: shutdown group-B5CD9A9575FB
2019-08-20 15:41:20,712 INFO  util.JmxRegister (JmxRegister.java:unregister(73)) - Successfully un-registered JMX Bean with object name Ratis:service=RaftServer,group=group-B5CD9A9575FB,id=41326633-e7c0-4b56-8531-f737bb1d6b82
2019-08-20 15:41:20,713 INFO  impl.RoleInfo (RoleInfo.java:shutdownFollowerState(121)) - 41326633-e7c0-4b56-8531-f737bb1d6b82: shutdown FollowerState
2019-08-20 15:41:20,713 INFO  impl.StateMachineUpdater (StateMachineUpdater.java:stopAndJoin(115)) - StateMachineUpdater:41326633-e7c0-4b56-8531-f737bb1d6b82:group-B5CD9A9575FB: set stopIndex = 16
2019-08-20 15:41:20,713 INFO  impl.FollowerState (FollowerState.java:run(114)) - 41326633-e7c0-4b56-8531-f737bb1d6b82: FollowerState was interrupted: java.lang.InterruptedException: sleep interrupted
2019-08-20 15:41:20,713 INFO  ratis.ContainerStateMachine (ContainerStateMachine.java:takeSnapshot(272)) - group-B5CD9A9575FB: Taking a snapshot at:(t:1, i:14) file /workdir/hadoop-ozone/integration-test/target/test-dir/MiniOzoneClusterImpl-8fb5653b-ece0-45be-97ea-ae3ba8059339/datanode-1/data/ratis/c396ed94-c790-4573-ab7d-b5cd9a9575fb/sm/snapshot.1_14
2019-08-20 15:41:20,717 INFO  ratis.ContainerStateMachine (ContainerStateMachine.java:takeSnapshot(283)) - group-9B61E7D8BE4E: Finished taking a snapshot at:(t:1, i:14) file:/workdir/hadoop-ozone/integration-test/target/test-dir/MiniOzoneClusterImpl-8fb5653b-ece0-45be-97ea-ae3ba8059339/datanode-3/data/ratis/4eca0a1d-d2d2-4d59-b139-9b61e7d8be4e/sm/snapshot.1_14 time:17
2019-08-20 15:41:20,717 INFO  impl.StateMachineUpdater (StateMachineUpdater.java:takeSnapshot(242)) - StateMachineUpdater:dfd4cced-2b14-4d89-9dc7-4c182850c80d:group-9B61E7D8BE4E: Took a snapshot at index 14
2019-08-20 15:41:20,717 INFO  impl.StateMachineUpdater (StateMachineUpdater.java:lambda$new$0(80)) - StateMachineUpdater:dfd4cced-2b14-4d89-9dc7-4c182850c80d:group-9B61E7D8BE4E: snapshotIndex: updateIncreasingly -1 -> 14
2019-08-20 15:41:20,717 INFO  impl.RaftServerImpl (ServerState.java:close(394)) - dfd4cced-2b14-4d89-9dc7-4c182850c80d:group-9B61E7D8BE4E closes. The last applied log index is 18
2019-08-20 15:41:20,718 INFO  segmented.SegmentedRaftLogWorker (SegmentedRaftLogWorker.java:run(313)) - dfd4cced-2b14-4d89-9dc7-4c182850c80d-SegmentedRaftLogWorker:Storage Directory /workdir/hadoop-ozone/integration-test/target/test-dir/MiniOzoneClusterImpl-8fb5653b-ece0-45be-97ea-ae3ba8059339/datanode-3/data/ratis/4eca0a1d-d2d2-4d59-b139-9b61e7d8be4e was interrupted, exiting. There are 0 tasks remaining in the queue.
2019-08-20 15:41:20,720 INFO  ratis.ContainerStateMachine (ContainerStateMachine.java:takeSnapshot(283)) - group-B5CD9A9575FB: Finished taking a snapshot at:(t:1, i:14) file:/workdir/hadoop-ozone/integration-test/target/test-dir/MiniOzoneClusterImpl-8fb5653b-ece0-45be-97ea-ae3ba8059339/datanode-1/data/ratis/c396ed94-c790-4573-ab7d-b5cd9a9575fb/sm/snapshot.1_14 time:7
2019-08-20 15:41:20,720 INFO  segmented.SegmentedRaftLogWorker (SegmentedRaftLogWorker.java:close(228)) - dfd4cced-2b14-4d89-9dc7-4c182850c80d-SegmentedRaftLogWorker:Storage Directory /workdir/hadoop-ozone/integration-test/target/test-dir/MiniOzoneClusterImpl-8fb5653b-ece0-45be-97ea-ae3ba8059339/datanode-3/data/ratis/4eca0a1d-d2d2-4d59-b139-9b61e7d8be4e close()
2019-08-20 15:41:20,720 INFO  impl.StateMachineUpdater (StateMachineUpdater.java:takeSnapshot(242)) - StateMachineUpdater:41326633-e7c0-4b56-8531-f737bb1d6b82:group-B5CD9A9575FB: Took a snapshot at index 14
2019-08-20 15:41:20,724 INFO  impl.RaftServerImpl (RaftServerImpl.java:lambda$shutdown$3(245)) - dfd4cced-2b14-4d89-9dc7-4c182850c80d: shutdown group-0443617761CA
2019-08-20 15:41:20,724 INFO  impl.StateMachineUpdater (StateMachineUpdater.java:lambda$new$0(80)) - StateMachineUpdater:41326633-e7c0-4b56-8531-f737bb1d6b82:group-B5CD9A9575FB: snapshotIndex: updateIncreasingly -1 -> 14
2019-08-20 15:41:20,725 INFO  util.JmxRegister (JmxRegister.java:unregister(73)) - Successfully un-registered JMX Bean with object name Ratis:service=RaftServer,group=group-0443617761CA,id=dfd4cced-2b14-4d89-9dc7-4c182850c80d
2019-08-20 15:41:20,725 INFO  impl.RaftServerImpl (ServerState.java:close(394)) - 41326633-e7c0-4b56-8531-f737bb1d6b82:group-B5CD9A9575FB closes. The last applied log index is 16
2019-08-20 15:41:20,725 INFO  impl.RoleInfo (RoleInfo.java:shutdownLeaderState(104)) - dfd4cced-2b14-4d89-9dc7-4c182850c80d: shutdown LeaderState
2019-08-20 15:41:20,726 INFO  segmented.SegmentedRaftLogWorker (SegmentedRaftLogWorker.java:run(313)) - 41326633-e7c0-4b56-8531-f737bb1d6b82-SegmentedRaftLogWorker:Storage Directory /workdir/hadoop-ozone/integration-test/target/test-dir/MiniOzoneClusterImpl-8fb5653b-ece0-45be-97ea-ae3ba8059339/datanode-1/data/ratis/c396ed94-c790-4573-ab7d-b5cd9a9575fb was interrupted, exiting. There are 0 tasks remaining in the queue.
2019-08-20 15:41:20,726 INFO  impl.PendingRequests (PendingRequests.java:sendNotLeaderResponses(202)) - dfd4cced-2b14-4d89-9dc7-4c182850c80d-PendingRequests: sendNotLeaderResponses
2019-08-20 15:41:20,728 INFO  segmented.SegmentedRaftLogWorker (SegmentedRaftLogWorker.java:close(228)) - 41326633-e7c0-4b56-8531-f737bb1d6b82-SegmentedRaftLogWorker:Storage Directory /workdir/hadoop-ozone/integration-test/target/test-dir/MiniOzoneClusterImpl-8fb5653b-ece0-45be-97ea-ae3ba8059339/datanode-1/data/ratis/c396ed94-c790-4573-ab7d-b5cd9a9575fb close()
2019-08-20 15:41:20,728 INFO  impl.StateMachineUpdater (StateMachineUpdater.java:stopAndJoin(115)) - StateMachineUpdater:dfd4cced-2b14-4d89-9dc7-4c182850c80d:group-0443617761CA: set stopIndex = 0
2019-08-20 15:41:20,733 INFO  server.GrpcService (GrpcService.java:closeImpl(155)) - 41326633-e7c0-4b56-8531-f737bb1d6b82: shutdown server with port 33150 now
2019-08-20 15:41:20,733 INFO  impl.RaftServerImpl (ServerState.java:close(394)) - dfd4cced-2b14-4d89-9dc7-4c182850c80d:group-0443617761CA closes. The last applied log index is 0
2019-08-20 15:41:20,734 INFO  segmented.SegmentedRaftLogWorker (SegmentedRaftLogWorker.java:run(313)) - dfd4cced-2b14-4d89-9dc7-4c182850c80d-SegmentedRaftLogWorker:Storage Directory /workdir/hadoop-ozone/integration-test/target/test-dir/MiniOzoneClusterImpl-8fb5653b-ece0-45be-97ea-ae3ba8059339/datanode-3/data/ratis/6bf148cf-4ea7-4696-9db9-0443617761ca was interrupted, exiting. There are 0 tasks remaining in the queue.
2019-08-20 15:41:20,734 WARN  server.GrpcServerProtocolService (LogUtils.java:warn(134)) - 41326633-e7c0-4b56-8531-f737bb1d6b82: appendEntries onError: org.apache.ratis.thirdparty.io.grpc.StatusRuntimeException: CANCELLED: cancelled before receiving half close
2019-08-20 15:41:20,736 INFO  segmented.SegmentedRaftLogWorker (SegmentedRaftLogWorker.java:close(228)) - dfd4cced-2b14-4d89-9dc7-4c182850c80d-SegmentedRaftLogWorker:Storage Directory /workdir/hadoop-ozone/integration-test/target/test-dir/MiniOzoneClusterImpl-8fb5653b-ece0-45be-97ea-ae3ba8059339/datanode-3/data/ratis/6bf148cf-4ea7-4696-9db9-0443617761ca close()
2019-08-20 15:41:20,736 WARN  server.GrpcLogAppender (LogUtils.java:warn(134)) - d6bfb2d3-2a38-4016-a856-377fc512a5f4->41326633-e7c0-4b56-8531-f737bb1d6b82: Failed appendEntries: org.apache.ratis.thirdparty.io.grpc.StatusRuntimeException: CANCELLED: HTTP/2 error code: CANCEL
Received Rst Stream
2019-08-20 15:41:20,736 INFO  server.GrpcService (GrpcService.java:closeImpl(163)) - 41326633-e7c0-4b56-8531-f737bb1d6b82: shutdown server with port 33150 successfully
2019-08-20 15:41:20,741 INFO  impl.FollowerInfo (FollowerInfo.java:lambda$new$0(50)) - d6bfb2d3-2a38-4016-a856-377fc512a5f4->41326633-e7c0-4b56-8531-f737bb1d6b82: nextIndex: updateUnconditionally 17 -> 16
2019-08-20 15:41:20,740 INFO  server.GrpcService (GrpcService.java:closeImpl(155)) - dfd4cced-2b14-4d89-9dc7-4c182850c80d: shutdown server with port 43581 now
2019-08-20 15:41:20,742 INFO  server.GrpcService (GrpcService.java:closeImpl(163)) - dfd4cced-2b14-4d89-9dc7-4c182850c80d: shutdown server with port 43581 successfully
2019-08-20 15:41:20,743 WARN  server.GrpcLogAppender (LogUtils.java:warn(134)) - 925c8107-01d8-4d67-809b-d528e269a812->dfd4cced-2b14-4d89-9dc7-4c182850c80d: Failed appendEntries: org.apache.ratis.thirdparty.io.grpc.StatusRuntimeException: CANCELLED: HTTP/2 error code: CANCEL
Received Rst Stream
2019-08-20 15:41:20,743 WARN  server.GrpcServerProtocolService (LogUtils.java:warn(134)) - dfd4cced-2b14-4d89-9dc7-4c182850c80d: appendEntries onError: org.apache.ratis.thirdparty.io.grpc.StatusRuntimeException: CANCELLED: cancelled before receiving half close
2019-08-20 15:41:20,743 INFO  impl.FollowerInfo (FollowerInfo.java:lambda$new$0(50)) - 925c8107-01d8-4d67-809b-d528e269a812->dfd4cced-2b14-4d89-9dc7-4c182850c80d: nextIndex: updateUnconditionally 19 -> 18
2019-08-20 15:41:20,745 INFO  utils.BackgroundService (BackgroundService.java:shutdown(148)) - Shutting down service BlockDeletingService
2019-08-20 15:41:20,745 INFO  utils.BackgroundService (BackgroundService.java:shutdown(148)) - Shutting down service BlockDeletingService
2019-08-20 15:41:20,748 WARN  fs.CachingGetSpaceUsed (CachingGetSpaceUsed.java:run(183)) - Thread Interrupted waiting to refresh disk information: sleep interrupted
2019-08-20 15:41:20,748 WARN  fs.CachingGetSpaceUsed (CachingGetSpaceUsed.java:run(183)) - Thread Interrupted waiting to refresh disk information: sleep interrupted
2019-08-20 15:41:20,769 INFO  statemachine.DatanodeStateMachine (DatanodeStateMachine.java:stopDaemon(395)) - Ozone container server stopped.
2019-08-20 15:41:20,771 INFO  statemachine.DatanodeStateMachine (DatanodeStateMachine.java:stopDaemon(395)) - Ozone container server stopped.
2019-08-20 15:41:20,774 INFO  handler.ContextHandler (ContextHandler.java:doStop(910)) - Stopped o.e.j.w.WebAppContext@70720b78{/,null,UNAVAILABLE}{/hddsDatanode}
2019-08-20 15:41:20,776 INFO  handler.ContextHandler (ContextHandler.java:doStop(910)) - Stopped o.e.j.w.WebAppContext@20183e2d{/,null,UNAVAILABLE}{/hddsDatanode}
2019-08-20 15:41:20,777 INFO  server.AbstractConnector (AbstractConnector.java:doStop(318)) - Stopped ServerConnector@628f642d{HTTP/1.1,[http/1.1]}{0.0.0.0:0}
2019-08-20 15:41:20,777 INFO  server.AbstractConnector (AbstractConnector.java:doStop(318)) - Stopped ServerConnector@6203f10f{HTTP/1.1,[http/1.1]}{0.0.0.0:0}
2019-08-20 15:41:20,777 INFO  handler.ContextHandler (ContextHandler.java:doStop(910)) - Stopped o.e.j.s.ServletContextHandler@31d64d0f{/static,jar:file:/home/user/.m2/repository/org/apache/hadoop/hadoop-hdds-container-service/0.5.0-SNAPSHOT/hadoop-hdds-container-service-0.5.0-SNAPSHOT.jar!/webapps/static,UNAVAILABLE}
2019-08-20 15:41:20,779 INFO  handler.ContextHandler (ContextHandler.java:doStop(910)) - Stopped o.e.j.s.ServletContextHandler@480d3c40{/static,jar:file:/home/user/.m2/repository/org/apache/hadoop/hadoop-hdds-container-service/0.5.0-SNAPSHOT/hadoop-hdds-container-service-0.5.0-SNAPSHOT.jar!/webapps/static,UNAVAILABLE}
2019-08-20 15:41:20,779 INFO  handler.ContextHandler (ContextHandler.java:doStop(910)) - Stopped o.e.j.s.ServletContextHandler@8947a4b{/logs,file:///workdir/hadoop-ozone/integration-test/target/log,UNAVAILABLE}
2019-08-20 15:41:20,781 INFO  handler.ContextHandler (ContextHandler.java:doStop(910)) - Stopped o.e.j.s.ServletContextHandler@179cdf4f{/logs,file:///workdir/hadoop-ozone/integration-test/target/log,UNAVAILABLE}
2019-08-20 15:41:20,782 INFO  datanode.ObjectStoreHandler (ObjectStoreHandler.java:close(155)) - Closing ObjectStoreHandler.
2019-08-20 15:41:20,782 INFO  datanode.ObjectStoreHandler (ObjectStoreHandler.java:close(155)) - Closing ObjectStoreHandler.
2019-08-20 15:41:20,783 INFO  ozone.HddsDatanodeService (HddsDatanodeService.java:stop(451)) - Stopped plug-in org.apache.hadoop.ozone.web.OzoneHddsDatanodeService@44046b0d
2019-08-20 15:41:20,783 INFO  ozone.HddsDatanodeService (HddsDatanodeService.java:stop(451)) - Stopped plug-in org.apache.hadoop.ozone.web.OzoneHddsDatanodeService@55c901b2
2019-08-20 15:41:21,498 INFO  statemachine.DatanodeStateMachine (DatanodeStateMachine.java:lambda$startDaemon$0(350)) - Ozone container server started.
2019-08-20 15:41:21,705 INFO  statemachine.DatanodeStateMachine (DatanodeStateMachine.java:lambda$startDaemon$0(350)) - Ozone container server started.
2019-08-20 15:41:22,472 WARN  server.GrpcLogAppender (LogUtils.java:warn(134)) - 925c8107-01d8-4d67-809b-d528e269a812->d03af9c2-82e7-4b8a-975e-d2d5cc7f3820: Failed appendEntries: org.apache.ratis.thirdparty.io.grpc.StatusRuntimeException: UNAVAILABLE: io exception
2019-08-20 15:41:22,472 INFO  impl.FollowerInfo (FollowerInfo.java:lambda$new$0(50)) - 925c8107-01d8-4d67-809b-d528e269a812->d03af9c2-82e7-4b8a-975e-d2d5cc7f3820: nextIndex: updateUnconditionally 0 -> 0
2019-08-20 15:41:22,474 WARN  server.GrpcLogAppender (LogUtils.java:warn(134)) - 925c8107-01d8-4d67-809b-d528e269a812->dfd4cced-2b14-4d89-9dc7-4c182850c80d: Failed appendEntries: org.apache.ratis.thirdparty.io.grpc.StatusRuntimeException: UNAVAILABLE: io exception
2019-08-20 15:41:22,475 INFO  impl.FollowerInfo (FollowerInfo.java:lambda$new$0(50)) - 925c8107-01d8-4d67-809b-d528e269a812->dfd4cced-2b14-4d89-9dc7-4c182850c80d: nextIndex: updateUnconditionally 18 -> 17
2019-08-20 15:41:23,161 WARN  server.GrpcLogAppender (LogUtils.java:warn(134)) - d6bfb2d3-2a38-4016-a856-377fc512a5f4->41326633-e7c0-4b56-8531-f737bb1d6b82: Failed appendEntries: org.apache.ratis.thirdparty.io.grpc.StatusRuntimeException: UNAVAILABLE: io exception
2019-08-20 15:41:23,161 INFO  impl.FollowerInfo (FollowerInfo.java:lambda$new$0(50)) - d6bfb2d3-2a38-4016-a856-377fc512a5f4->41326633-e7c0-4b56-8531-f737bb1d6b82: nextIndex: updateUnconditionally 16 -> 15
2019-08-20 15:41:24,973 WARN  server.GrpcLogAppender (LogUtils.java:warn(134)) - 925c8107-01d8-4d67-809b-d528e269a812->d03af9c2-82e7-4b8a-975e-d2d5cc7f3820: Failed appendEntries: org.apache.ratis.thirdparty.io.grpc.StatusRuntimeException: UNAVAILABLE: io exception
2019-08-20 15:41:24,973 INFO  impl.FollowerInfo (FollowerInfo.java:lambda$new$0(50)) - 925c8107-01d8-4d67-809b-d528e269a812->d03af9c2-82e7-4b8a-975e-d2d5cc7f3820: nextIndex: updateUnconditionally 0 -> 0
2019-08-20 15:41:24,975 WARN  server.GrpcLogAppender (LogUtils.java:warn(134)) - 925c8107-01d8-4d67-809b-d528e269a812->dfd4cced-2b14-4d89-9dc7-4c182850c80d: Failed appendEntries: org.apache.ratis.thirdparty.io.grpc.StatusRuntimeException: UNAVAILABLE: io exception
2019-08-20 15:41:24,975 INFO  impl.FollowerInfo (FollowerInfo.java:lambda$new$0(50)) - 925c8107-01d8-4d67-809b-d528e269a812->dfd4cced-2b14-4d89-9dc7-4c182850c80d: nextIndex: updateUnconditionally 17 -> 16
2019-08-20 15:41:25,574 INFO  node.StaleNodeHandler (StaleNodeHandler.java:onMessage(58)) - Datanode d6bfb2d3-2a38-4016-a856-377fc512a5f4{ip: 192.168.5.175, host: pr-hdds-1879-mp8vb-189615265, networkLocation: /default-rack, certSerialId: null} moved to stale state. Finalizing its pipelines [PipelineID=117e3495-055f-4c2b-bd9c-5c5d252b522c, PipelineID=c396ed94-c790-4573-ab7d-b5cd9a9575fb]
2019-08-20 15:41:25,574 INFO  pipeline.SCMPipelineManager (SCMPipelineManager.java:finalizeAndDestroyPipeline(309)) - destroying pipeline:Pipeline[ Id: 117e3495-055f-4c2b-bd9c-5c5d252b522c, Nodes: d6bfb2d3-2a38-4016-a856-377fc512a5f4{ip: 192.168.5.175, host: pr-hdds-1879-mp8vb-189615265, networkLocation: /default-rack, certSerialId: null}, Type:RATIS, Factor:ONE, State:OPEN]
2019-08-20 15:41:25,574 INFO  pipeline.PipelineStateManager (PipelineStateManager.java:finalizePipeline(123)) - Pipeline Pipeline[ Id: 117e3495-055f-4c2b-bd9c-5c5d252b522c, Nodes: d6bfb2d3-2a38-4016-a856-377fc512a5f4{ip: 192.168.5.175, host: pr-hdds-1879-mp8vb-189615265, networkLocation: /default-rack, certSerialId: null}, Type:RATIS, Factor:ONE, State:CLOSED] moved to CLOSED state
2019-08-20 15:41:25,575 INFO  pipeline.SCMPipelineManager (SCMPipelineManager.java:finalizeAndDestroyPipeline(309)) - destroying pipeline:Pipeline[ Id: c396ed94-c790-4573-ab7d-b5cd9a9575fb, Nodes: d57c8d47-402b-46aa-8b70-da25b48a70c2{ip: 192.168.5.175, host: pr-hdds-1879-mp8vb-189615265, networkLocation: /default-rack, certSerialId: null}d6bfb2d3-2a38-4016-a856-377fc512a5f4{ip: 192.168.5.175, host: pr-hdds-1879-mp8vb-189615265, networkLocation: /default-rack, certSerialId: null}41326633-e7c0-4b56-8531-f737bb1d6b82{ip: 192.168.5.175, host: pr-hdds-1879-mp8vb-189615265, networkLocation: /default-rack, certSerialId: null}, Type:RATIS, Factor:THREE, State:CLOSED]
2019-08-20 15:41:25,661 WARN  server.GrpcLogAppender (LogUtils.java:warn(134)) - d6bfb2d3-2a38-4016-a856-377fc512a5f4->41326633-e7c0-4b56-8531-f737bb1d6b82: Failed appendEntries: org.apache.ratis.thirdparty.io.grpc.StatusRuntimeException: UNAVAILABLE: io exception
2019-08-20 15:41:25,661 INFO  impl.FollowerInfo (FollowerInfo.java:lambda$new$0(50)) - d6bfb2d3-2a38-4016-a856-377fc512a5f4->41326633-e7c0-4b56-8531-f737bb1d6b82: nextIndex: updateUnconditionally 15 -> 14
2019-08-20 15:41:25,774 INFO  node.StaleNodeHandler (StaleNodeHandler.java:onMessage(58)) - Datanode 928a4c93-037b-4b78-a0b2-8ba76bf1098b{ip: 192.168.5.175, host: pr-hdds-1879-mp8vb-189615265, networkLocation: /default-rack, certSerialId: null} moved to stale state. Finalizing its pipelines [PipelineID=792c80af-d497-4e48-87b3-469cee329122]
2019-08-20 15:41:25,775 INFO  pipeline.SCMPipelineManager (SCMPipelineManager.java:finalizeAndDestroyPipeline(309)) - destroying pipeline:Pipeline[ Id: 792c80af-d497-4e48-87b3-469cee329122, Nodes: 928a4c93-037b-4b78-a0b2-8ba76bf1098b{ip: 192.168.5.175, host: pr-hdds-1879-mp8vb-189615265, networkLocation: /default-rack, certSerialId: null}, Type:RATIS, Factor:ONE, State:OPEN]
2019-08-20 15:41:25,775 INFO  pipeline.PipelineStateManager (PipelineStateManager.java:finalizePipeline(123)) - Pipeline Pipeline[ Id: 792c80af-d497-4e48-87b3-469cee329122, Nodes: 928a4c93-037b-4b78-a0b2-8ba76bf1098b{ip: 192.168.5.175, host: pr-hdds-1879-mp8vb-189615265, networkLocation: /default-rack, certSerialId: null}, Type:RATIS, Factor:ONE, State:CLOSED] moved to CLOSED state
2019-08-20 15:41:25,784 INFO  ozoneimpl.OzoneContainer (OzoneContainer.java:stop(199)) - Attempting to stop container services.
2019-08-20 15:41:25,784 INFO  ozoneimpl.OzoneContainer (OzoneContainer.java:stop(199)) - Attempting to stop container services.
2019-08-20 15:41:25,784 INFO  impl.RaftServerProxy (RaftServerProxy.java:lambda$close$4(314)) - 928a4c93-037b-4b78-a0b2-8ba76bf1098b: close
2019-08-20 15:41:25,784 INFO  impl.RaftServerProxy (RaftServerProxy.java:lambda$close$4(314)) - d6bfb2d3-2a38-4016-a856-377fc512a5f4: close
2019-08-20 15:41:25,785 INFO  impl.RaftServerImpl (RaftServerImpl.java:lambda$shutdown$3(245)) - 928a4c93-037b-4b78-a0b2-8ba76bf1098b: shutdown group-469CEE329122
2019-08-20 15:41:25,785 INFO  impl.RaftServerImpl (RaftServerImpl.java:lambda$shutdown$3(245)) - d6bfb2d3-2a38-4016-a856-377fc512a5f4: shutdown group-5C5D252B522C
2019-08-20 15:41:25,786 INFO  util.JmxRegister (JmxRegister.java:unregister(73)) - Successfully un-registered JMX Bean with object name Ratis:service=RaftServer,group=group-469CEE329122,id=928a4c93-037b-4b78-a0b2-8ba76bf1098b
2019-08-20 15:41:25,786 INFO  util.JmxRegister (JmxRegister.java:unregister(73)) - Successfully un-registered JMX Bean with object name Ratis:service=RaftServer,group=group-5C5D252B522C,id=d6bfb2d3-2a38-4016-a856-377fc512a5f4
2019-08-20 15:41:25,786 INFO  impl.RoleInfo (RoleInfo.java:shutdownLeaderState(104)) - 928a4c93-037b-4b78-a0b2-8ba76bf1098b: shutdown LeaderState
2019-08-20 15:41:25,787 INFO  impl.RoleInfo (RoleInfo.java:shutdownLeaderState(104)) - d6bfb2d3-2a38-4016-a856-377fc512a5f4: shutdown LeaderState
2019-08-20 15:41:25,787 INFO  impl.PendingRequests (PendingRequests.java:sendNotLeaderResponses(202)) - 928a4c93-037b-4b78-a0b2-8ba76bf1098b-PendingRequests: sendNotLeaderResponses
2019-08-20 15:41:25,788 INFO  impl.PendingRequests (PendingRequests.java:sendNotLeaderResponses(202)) - d6bfb2d3-2a38-4016-a856-377fc512a5f4-PendingRequests: sendNotLeaderResponses
2019-08-20 15:41:25,788 INFO  impl.StateMachineUpdater (StateMachineUpdater.java:stopAndJoin(115)) - StateMachineUpdater:928a4c93-037b-4b78-a0b2-8ba76bf1098b:group-469CEE329122: set stopIndex = 0
2019-08-20 15:41:25,788 INFO  impl.StateMachineUpdater (StateMachineUpdater.java:stopAndJoin(115)) - StateMachineUpdater:d6bfb2d3-2a38-4016-a856-377fc512a5f4:group-5C5D252B522C: set stopIndex = 0
2019-08-20 15:41:25,789 INFO  impl.RaftServerImpl (ServerState.java:close(394)) - 928a4c93-037b-4b78-a0b2-8ba76bf1098b:group-469CEE329122 closes. The last applied log index is 0
2019-08-20 15:41:25,789 INFO  impl.RaftServerImpl (ServerState.java:close(394)) - d6bfb2d3-2a38-4016-a856-377fc512a5f4:group-5C5D252B522C closes. The last applied log index is 0
2019-08-20 15:41:25,790 INFO  segmented.SegmentedRaftLogWorker (SegmentedRaftLogWorker.java:run(313)) - 928a4c93-037b-4b78-a0b2-8ba76bf1098b-SegmentedRaftLogWorker:Storage Directory /workdir/hadoop-ozone/integration-test/target/test-dir/MiniOzoneClusterImpl-8fb5653b-ece0-45be-97ea-ae3ba8059339/datanode-6/data/ratis/792c80af-d497-4e48-87b3-469cee329122 was interrupted, exiting. There are 0 tasks remaining in the queue.
2019-08-20 15:41:25,790 INFO  segmented.SegmentedRaftLogWorker (SegmentedRaftLogWorker.java:run(313)) - d6bfb2d3-2a38-4016-a856-377fc512a5f4-SegmentedRaftLogWorker:Storage Directory /workdir/hadoop-ozone/integration-test/target/test-dir/MiniOzoneClusterImpl-8fb5653b-ece0-45be-97ea-ae3ba8059339/datanode-2/data/ratis/117e3495-055f-4c2b-bd9c-5c5d252b522c was interrupted, exiting. There are 0 tasks remaining in the queue.
2019-08-20 15:41:25,794 INFO  segmented.SegmentedRaftLogWorker (SegmentedRaftLogWorker.java:close(228)) - 928a4c93-037b-4b78-a0b2-8ba76bf1098b-SegmentedRaftLogWorker:Storage Directory /workdir/hadoop-ozone/integration-test/target/test-dir/MiniOzoneClusterImpl-8fb5653b-ece0-45be-97ea-ae3ba8059339/datanode-6/data/ratis/792c80af-d497-4e48-87b3-469cee329122 close()
2019-08-20 15:41:25,794 INFO  segmented.SegmentedRaftLogWorker (SegmentedRaftLogWorker.java:close(228)) - d6bfb2d3-2a38-4016-a856-377fc512a5f4-SegmentedRaftLogWorker:Storage Directory /workdir/hadoop-ozone/integration-test/target/test-dir/MiniOzoneClusterImpl-8fb5653b-ece0-45be-97ea-ae3ba8059339/datanode-2/data/ratis/117e3495-055f-4c2b-bd9c-5c5d252b522c close()
2019-08-20 15:41:25,798 INFO  server.GrpcService (GrpcService.java:closeImpl(155)) - 928a4c93-037b-4b78-a0b2-8ba76bf1098b: shutdown server with port 43251 now
2019-08-20 15:41:25,801 INFO  impl.RaftServerImpl (RaftServerImpl.java:lambda$shutdown$3(245)) - d6bfb2d3-2a38-4016-a856-377fc512a5f4: shutdown group-B5CD9A9575FB
2019-08-20 15:41:25,809 INFO  server.GrpcService (GrpcService.java:closeImpl(163)) - 928a4c93-037b-4b78-a0b2-8ba76bf1098b: shutdown server with port 43251 successfully
2019-08-20 15:41:25,810 INFO  util.JmxRegister (JmxRegister.java:unregister(73)) - Successfully un-registered JMX Bean with object name Ratis:service=RaftServer,group=group-B5CD9A9575FB,id=d6bfb2d3-2a38-4016-a856-377fc512a5f4
2019-08-20 15:41:25,810 INFO  impl.RoleInfo (RoleInfo.java:shutdownLeaderState(104)) - d6bfb2d3-2a38-4016-a856-377fc512a5f4: shutdown LeaderState
2019-08-20 15:41:25,814 WARN  server.GrpcLogAppender (GrpcLogAppender.java:mayWait(143)) - GrpcLogAppender(d6bfb2d3-2a38-4016-a856-377fc512a5f4->41326633-e7c0-4b56-8531-f737bb1d6b82): Wait interrupted by java.lang.InterruptedException
2019-08-20 15:41:25,814 WARN  server.GrpcLogAppender (GrpcLogAppender.java:mayWait(143)) - GrpcLogAppender(d6bfb2d3-2a38-4016-a856-377fc512a5f4->d57c8d47-402b-46aa-8b70-da25b48a70c2): Wait interrupted by java.lang.InterruptedException
2019-08-20 15:41:25,814 INFO  utils.BackgroundService (BackgroundService.java:shutdown(148)) - Shutting down service BlockDeletingService
2019-08-20 15:41:25,815 INFO  server.GrpcServerProtocolService (GrpcServerProtocolService.java:onCompleted(104)) - d57c8d47-402b-46aa-8b70-da25b48a70c2: appendEntries completed
2019-08-20 15:41:25,814 INFO  impl.PendingRequests (PendingRequests.java:sendNotLeaderResponses(202)) - d6bfb2d3-2a38-4016-a856-377fc512a5f4-PendingRequests: sendNotLeaderResponses
2019-08-20 15:41:25,816 INFO  server.GrpcLogAppender (GrpcLogAppender.java:onCompleted(292)) - d6bfb2d3-2a38-4016-a856-377fc512a5f4->d57c8d47-402b-46aa-8b70-da25b48a70c2: follower responses appendEntries COMPLETED
2019-08-20 15:41:25,819 INFO  impl.StateMachineUpdater (StateMachineUpdater.java:stopAndJoin(115)) - StateMachineUpdater:d6bfb2d3-2a38-4016-a856-377fc512a5f4:group-B5CD9A9575FB: set stopIndex = 16
2019-08-20 15:41:25,819 WARN  fs.CachingGetSpaceUsed (CachingGetSpaceUsed.java:run(183)) - Thread Interrupted waiting to refresh disk information: sleep interrupted
2019-08-20 15:41:25,819 INFO  impl.FollowerInfo (FollowerInfo.java:lambda$new$0(50)) - d6bfb2d3-2a38-4016-a856-377fc512a5f4->d57c8d47-402b-46aa-8b70-da25b48a70c2: nextIndex: updateUnconditionally 17 -> 16
2019-08-20 15:41:25,819 INFO  ratis.ContainerStateMachine (ContainerStateMachine.java:takeSnapshot(272)) - group-B5CD9A9575FB: Taking a snapshot at:(t:1, i:15) file /workdir/hadoop-ozone/integration-test/target/test-dir/MiniOzoneClusterImpl-8fb5653b-ece0-45be-97ea-ae3ba8059339/datanode-2/data/ratis/c396ed94-c790-4573-ab7d-b5cd9a9575fb/sm/snapshot.1_15
2019-08-20 15:41:25,832 INFO  ratis.ContainerStateMachine (ContainerStateMachine.java:takeSnapshot(283)) - group-B5CD9A9575FB: Finished taking a snapshot at:(t:1, i:15) file:/workdir/hadoop-ozone/integration-test/target/test-dir/MiniOzoneClusterImpl-8fb5653b-ece0-45be-97ea-ae3ba8059339/datanode-2/data/ratis/c396ed94-c790-4573-ab7d-b5cd9a9575fb/sm/snapshot.1_15 time:13
2019-08-20 15:41:25,832 INFO  impl.StateMachineUpdater (StateMachineUpdater.java:takeSnapshot(242)) - StateMachineUpdater:d6bfb2d3-2a38-4016-a856-377fc512a5f4:group-B5CD9A9575FB: Took a snapshot at index 15
2019-08-20 15:41:25,832 INFO  impl.StateMachineUpdater (StateMachineUpdater.java:lambda$new$0(80)) - StateMachineUpdater:d6bfb2d3-2a38-4016-a856-377fc512a5f4:group-B5CD9A9575FB: snapshotIndex: updateIncreasingly -1 -> 15
2019-08-20 15:41:25,832 INFO  impl.RaftServerImpl (ServerState.java:close(394)) - d6bfb2d3-2a38-4016-a856-377fc512a5f4:group-B5CD9A9575FB closes. The last applied log index is 16
2019-08-20 15:41:25,833 INFO  segmented.SegmentedRaftLogWorker (SegmentedRaftLogWorker.java:run(313)) - d6bfb2d3-2a38-4016-a856-377fc512a5f4-SegmentedRaftLogWorker:Storage Directory /workdir/hadoop-ozone/integration-test/target/test-dir/MiniOzoneClusterImpl-8fb5653b-ece0-45be-97ea-ae3ba8059339/datanode-2/data/ratis/c396ed94-c790-4573-ab7d-b5cd9a9575fb was interrupted, exiting. There are 0 tasks remaining in the queue.
2019-08-20 15:41:25,835 INFO  segmented.SegmentedRaftLogWorker (SegmentedRaftLogWorker.java:close(228)) - d6bfb2d3-2a38-4016-a856-377fc512a5f4-SegmentedRaftLogWorker:Storage Directory /workdir/hadoop-ozone/integration-test/target/test-dir/MiniOzoneClusterImpl-8fb5653b-ece0-45be-97ea-ae3ba8059339/datanode-2/data/ratis/c396ed94-c790-4573-ab7d-b5cd9a9575fb close()
2019-08-20 15:41:25,838 INFO  server.GrpcService (GrpcService.java:closeImpl(155)) - d6bfb2d3-2a38-4016-a856-377fc512a5f4: shutdown server with port 33668 now
2019-08-20 15:41:25,839 WARN  client.GrpcClientProtocolService (LogUtils.java:warn(134)) - 1-UnorderedRequestStreamObserver1: onError: org.apache.ratis.thirdparty.io.grpc.StatusRuntimeException: CANCELLED: cancelled before receiving half close
2019-08-20 15:41:25,839 INFO  server.GrpcService (GrpcService.java:closeImpl(163)) - d6bfb2d3-2a38-4016-a856-377fc512a5f4: shutdown server with port 33668 successfully
2019-08-20 15:41:25,840 INFO  utils.BackgroundService (BackgroundService.java:shutdown(148)) - Shutting down service BlockDeletingService
2019-08-20 15:41:25,841 WARN  fs.CachingGetSpaceUsed (CachingGetSpaceUsed.java:run(183)) - Thread Interrupted waiting to refresh disk information: sleep interrupted
2019-08-20 15:41:25,849 INFO  statemachine.DatanodeStateMachine (DatanodeStateMachine.java:stopDaemon(395)) - Ozone container server stopped.
2019-08-20 15:41:25,850 INFO  handler.ContextHandler (ContextHandler.java:doStop(910)) - Stopped o.e.j.w.WebAppContext@148c571c{/,null,UNAVAILABLE}{/hddsDatanode}
2019-08-20 15:41:25,852 INFO  server.AbstractConnector (AbstractConnector.java:doStop(318)) - Stopped ServerConnector@545e200b{HTTP/1.1,[http/1.1]}{0.0.0.0:0}
2019-08-20 15:41:25,852 INFO  handler.ContextHandler (ContextHandler.java:doStop(910)) - Stopped o.e.j.s.ServletContextHandler@2cb95c6c{/static,jar:file:/home/user/.m2/repository/org/apache/hadoop/hadoop-hdds-container-service/0.5.0-SNAPSHOT/hadoop-hdds-container-service-0.5.0-SNAPSHOT.jar!/webapps/static,UNAVAILABLE}
2019-08-20 15:41:25,853 INFO  handler.ContextHandler (ContextHandler.java:doStop(910)) - Stopped o.e.j.s.ServletContextHandler@17d3bf09{/logs,file:///workdir/hadoop-ozone/integration-test/target/log,UNAVAILABLE}
2019-08-20 15:41:25,855 INFO  datanode.ObjectStoreHandler (ObjectStoreHandler.java:close(155)) - Closing ObjectStoreHandler.
2019-08-20 15:41:25,855 INFO  ozone.HddsDatanodeService (HddsDatanodeService.java:stop(451)) - Stopped plug-in org.apache.hadoop.ozone.web.OzoneHddsDatanodeService@452d4bb2
2019-08-20 15:41:25,866 INFO  statemachine.DatanodeStateMachine (DatanodeStateMachine.java:stopDaemon(395)) - Ozone container server stopped.
2019-08-20 15:41:25,870 INFO  handler.ContextHandler (ContextHandler.java:doStop(910)) - Stopped o.e.j.w.WebAppContext@1c61f9bf{/,null,UNAVAILABLE}{/hddsDatanode}
2019-08-20 15:41:25,871 INFO  server.AbstractConnector (AbstractConnector.java:doStop(318)) - Stopped ServerConnector@42365c82{HTTP/1.1,[http/1.1]}{0.0.0.0:0}
2019-08-20 15:41:25,872 INFO  handler.ContextHandler (ContextHandler.java:doStop(910)) - Stopped o.e.j.s.ServletContextHandler@2d2afbdf{/static,jar:file:/home/user/.m2/repository/org/apache/hadoop/hadoop-hdds-container-service/0.5.0-SNAPSHOT/hadoop-hdds-container-service-0.5.0-SNAPSHOT.jar!/webapps/static,UNAVAILABLE}
2019-08-20 15:41:25,873 INFO  handler.ContextHandler (ContextHandler.java:doStop(910)) - Stopped o.e.j.s.ServletContextHandler@1018552d{/logs,file:///workdir/hadoop-ozone/integration-test/target/log,UNAVAILABLE}
2019-08-20 15:41:25,874 INFO  datanode.ObjectStoreHandler (ObjectStoreHandler.java:close(155)) - Closing ObjectStoreHandler.
2019-08-20 15:41:25,874 INFO  ozone.HddsDatanodeService (HddsDatanodeService.java:stop(451)) - Stopped plug-in org.apache.hadoop.ozone.web.OzoneHddsDatanodeService@661d49d1
2019-08-20 15:41:25,946 INFO  statemachine.DatanodeStateMachine (DatanodeStateMachine.java:lambda$startDaemon$0(350)) - Ozone container server started.
2019-08-20 15:41:26,513 INFO  statemachine.DatanodeStateMachine (DatanodeStateMachine.java:lambda$startDaemon$0(350)) - Ozone container server started.
2019-08-20 15:41:27,473 WARN  server.GrpcLogAppender (LogUtils.java:warn(134)) - 925c8107-01d8-4d67-809b-d528e269a812->d03af9c2-82e7-4b8a-975e-d2d5cc7f3820: Failed appendEntries: org.apache.ratis.thirdparty.io.grpc.StatusRuntimeException: UNAVAILABLE: io exception
2019-08-20 15:41:27,473 INFO  impl.FollowerInfo (FollowerInfo.java:lambda$new$0(50)) - 925c8107-01d8-4d67-809b-d528e269a812->d03af9c2-82e7-4b8a-975e-d2d5cc7f3820: nextIndex: updateUnconditionally 0 -> 0
2019-08-20 15:41:27,475 WARN  server.GrpcLogAppender (LogUtils.java:warn(134)) - 925c8107-01d8-4d67-809b-d528e269a812->dfd4cced-2b14-4d89-9dc7-4c182850c80d: Failed appendEntries: org.apache.ratis.thirdparty.io.grpc.StatusRuntimeException: UNAVAILABLE: io exception
2019-08-20 15:41:27,475 INFO  impl.FollowerInfo (FollowerInfo.java:lambda$new$0(50)) - 925c8107-01d8-4d67-809b-d528e269a812->dfd4cced-2b14-4d89-9dc7-4c182850c80d: nextIndex: updateUnconditionally 16 -> 15
2019-08-20 15:41:29,974 WARN  server.GrpcLogAppender (LogUtils.java:warn(134)) - 925c8107-01d8-4d67-809b-d528e269a812->d03af9c2-82e7-4b8a-975e-d2d5cc7f3820: Failed appendEntries: org.apache.ratis.thirdparty.io.grpc.StatusRuntimeException: UNAVAILABLE: io exception
2019-08-20 15:41:29,974 INFO  impl.FollowerInfo (FollowerInfo.java:lambda$new$0(50)) - 925c8107-01d8-4d67-809b-d528e269a812->d03af9c2-82e7-4b8a-975e-d2d5cc7f3820: nextIndex: updateUnconditionally 0 -> 0
2019-08-20 15:41:29,976 WARN  server.GrpcLogAppender (LogUtils.java:warn(134)) - 925c8107-01d8-4d67-809b-d528e269a812->dfd4cced-2b14-4d89-9dc7-4c182850c80d: Failed appendEntries: org.apache.ratis.thirdparty.io.grpc.StatusRuntimeException: UNAVAILABLE: io exception
2019-08-20 15:41:29,976 INFO  impl.FollowerInfo (FollowerInfo.java:lambda$new$0(50)) - 925c8107-01d8-4d67-809b-d528e269a812->dfd4cced-2b14-4d89-9dc7-4c182850c80d: nextIndex: updateUnconditionally 15 -> 14
2019-08-20 15:41:29,979 INFO  node.StaleNodeHandler (StaleNodeHandler.java:onMessage(58)) - Datanode 925c8107-01d8-4d67-809b-d528e269a812{ip: 192.168.5.175, host: pr-hdds-1879-mp8vb-189615265, networkLocation: /default-rack, certSerialId: null} moved to stale state. Finalizing its pipelines [PipelineID=4eca0a1d-d2d2-4d59-b139-9b61e7d8be4e, PipelineID=82676267-18ac-448c-ac24-62a34ebacd97]
2019-08-20 15:41:29,980 INFO  pipeline.SCMPipelineManager (SCMPipelineManager.java:finalizeAndDestroyPipeline(309)) - destroying pipeline:Pipeline[ Id: 4eca0a1d-d2d2-4d59-b139-9b61e7d8be4e, Nodes: d03af9c2-82e7-4b8a-975e-d2d5cc7f3820{ip: 192.168.5.175, host: pr-hdds-1879-mp8vb-189615265, networkLocation: /default-rack, certSerialId: null}dfd4cced-2b14-4d89-9dc7-4c182850c80d{ip: 192.168.5.175, host: pr-hdds-1879-mp8vb-189615265, networkLocation: /default-rack, certSerialId: null}925c8107-01d8-4d67-809b-d528e269a812{ip: 192.168.5.175, host: pr-hdds-1879-mp8vb-189615265, networkLocation: /default-rack, certSerialId: null}, Type:RATIS, Factor:THREE, State:CLOSED]
2019-08-20 15:41:29,980 INFO  pipeline.SCMPipelineManager (SCMPipelineManager.java:finalizeAndDestroyPipeline(309)) - destroying pipeline:Pipeline[ Id: 82676267-18ac-448c-ac24-62a34ebacd97, Nodes: 925c8107-01d8-4d67-809b-d528e269a812{ip: 192.168.5.175, host: pr-hdds-1879-mp8vb-189615265, networkLocation: /default-rack, certSerialId: null}, Type:RATIS, Factor:ONE, State:OPEN]
2019-08-20 15:41:29,980 INFO  pipeline.PipelineStateManager (PipelineStateManager.java:finalizePipeline(123)) - Pipeline Pipeline[ Id: 82676267-18ac-448c-ac24-62a34ebacd97, Nodes: 925c8107-01d8-4d67-809b-d528e269a812{ip: 192.168.5.175, host: pr-hdds-1879-mp8vb-189615265, networkLocation: /default-rack, certSerialId: null}, Type:RATIS, Factor:ONE, State:CLOSED] moved to CLOSED state
2019-08-20 15:41:30,580 INFO  node.StaleNodeHandler (StaleNodeHandler.java:onMessage(58)) - Datanode d57c8d47-402b-46aa-8b70-da25b48a70c2{ip: 192.168.5.175, host: pr-hdds-1879-mp8vb-189615265, networkLocation: /default-rack, certSerialId: null} moved to stale state. Finalizing its pipelines [PipelineID=ae681a6d-ceab-4ba6-b525-46ed660dab8a, PipelineID=c396ed94-c790-4573-ab7d-b5cd9a9575fb]
2019-08-20 15:41:30,580 INFO  pipeline.SCMPipelineManager (SCMPipelineManager.java:finalizeAndDestroyPipeline(309)) - destroying pipeline:Pipeline[ Id: ae681a6d-ceab-4ba6-b525-46ed660dab8a, Nodes: d57c8d47-402b-46aa-8b70-da25b48a70c2{ip: 192.168.5.175, host: pr-hdds-1879-mp8vb-189615265, networkLocation: /default-rack, certSerialId: null}, Type:RATIS, Factor:ONE, State:OPEN]
2019-08-20 15:41:30,581 INFO  pipeline.PipelineStateManager (PipelineStateManager.java:finalizePipeline(123)) - Pipeline Pipeline[ Id: ae681a6d-ceab-4ba6-b525-46ed660dab8a, Nodes: d57c8d47-402b-46aa-8b70-da25b48a70c2{ip: 192.168.5.175, host: pr-hdds-1879-mp8vb-189615265, networkLocation: /default-rack, certSerialId: null}, Type:RATIS, Factor:ONE, State:CLOSED] moved to CLOSED state
2019-08-20 15:41:30,581 INFO  pipeline.SCMPipelineManager (SCMPipelineManager.java:finalizeAndDestroyPipeline(309)) - destroying pipeline:Pipeline[ Id: c396ed94-c790-4573-ab7d-b5cd9a9575fb, Nodes: d57c8d47-402b-46aa-8b70-da25b48a70c2{ip: 192.168.5.175, host: pr-hdds-1879-mp8vb-189615265, networkLocation: /default-rack, certSerialId: null}d6bfb2d3-2a38-4016-a856-377fc512a5f4{ip: 192.168.5.175, host: pr-hdds-1879-mp8vb-189615265, networkLocation: /default-rack, certSerialId: null}41326633-e7c0-4b56-8531-f737bb1d6b82{ip: 192.168.5.175, host: pr-hdds-1879-mp8vb-189615265, networkLocation: /default-rack, certSerialId: null}, Type:RATIS, Factor:THREE, State:CLOSED]
2019-08-20 15:41:30,856 INFO  ozoneimpl.OzoneContainer (OzoneContainer.java:stop(199)) - Attempting to stop container services.
2019-08-20 15:41:30,856 INFO  impl.RaftServerProxy (RaftServerProxy.java:lambda$close$4(314)) - 925c8107-01d8-4d67-809b-d528e269a812: close
2019-08-20 15:41:30,857 INFO  impl.RaftServerImpl (RaftServerImpl.java:lambda$shutdown$3(245)) - 925c8107-01d8-4d67-809b-d528e269a812: shutdown group-9B61E7D8BE4E
2019-08-20 15:41:30,857 INFO  util.JmxRegister (JmxRegister.java:unregister(73)) - Successfully un-registered JMX Bean with object name Ratis:service=RaftServer,group=group-9B61E7D8BE4E,id=925c8107-01d8-4d67-809b-d528e269a812
2019-08-20 15:41:30,857 INFO  impl.RoleInfo (RoleInfo.java:shutdownLeaderState(104)) - 925c8107-01d8-4d67-809b-d528e269a812: shutdown LeaderState
2019-08-20 15:41:30,860 INFO  impl.PendingRequests (PendingRequests.java:sendNotLeaderResponses(202)) - 925c8107-01d8-4d67-809b-d528e269a812-PendingRequests: sendNotLeaderResponses
2019-08-20 15:41:30,860 WARN  server.GrpcLogAppender (GrpcLogAppender.java:mayWait(143)) - GrpcLogAppender(925c8107-01d8-4d67-809b-d528e269a812->d03af9c2-82e7-4b8a-975e-d2d5cc7f3820): Wait interrupted by java.lang.InterruptedException
2019-08-20 15:41:30,862 INFO  impl.StateMachineUpdater (StateMachineUpdater.java:stopAndJoin(115)) - StateMachineUpdater:925c8107-01d8-4d67-809b-d528e269a812:group-9B61E7D8BE4E: set stopIndex = 18
2019-08-20 15:41:30,860 WARN  server.GrpcLogAppender (GrpcLogAppender.java:mayWait(143)) - GrpcLogAppender(925c8107-01d8-4d67-809b-d528e269a812->dfd4cced-2b14-4d89-9dc7-4c182850c80d): Wait interrupted by java.lang.InterruptedException
2019-08-20 15:41:30,862 INFO  ratis.ContainerStateMachine (ContainerStateMachine.java:takeSnapshot(272)) - group-9B61E7D8BE4E: Taking a snapshot at:(t:1, i:14) file /workdir/hadoop-ozone/integration-test/target/test-dir/MiniOzoneClusterImpl-8fb5653b-ece0-45be-97ea-ae3ba8059339/datanode-5/data/ratis/4eca0a1d-d2d2-4d59-b139-9b61e7d8be4e/sm/snapshot.1_14
2019-08-20 15:41:30,875 INFO  ozoneimpl.OzoneContainer (OzoneContainer.java:stop(199)) - Attempting to stop container services.
2019-08-20 15:41:30,875 INFO  impl.RaftServerProxy (RaftServerProxy.java:lambda$close$4(314)) - d57c8d47-402b-46aa-8b70-da25b48a70c2: close
2019-08-20 15:41:30,875 INFO  impl.RaftServerImpl (RaftServerImpl.java:lambda$shutdown$3(245)) - d57c8d47-402b-46aa-8b70-da25b48a70c2: shutdown group-46ED660DAB8A
2019-08-20 15:41:30,876 INFO  ratis.ContainerStateMachine (ContainerStateMachine.java:takeSnapshot(283)) - group-9B61E7D8BE4E: Finished taking a snapshot at:(t:1, i:14) file:/workdir/hadoop-ozone/integration-test/target/test-dir/MiniOzoneClusterImpl-8fb5653b-ece0-45be-97ea-ae3ba8059339/datanode-5/data/ratis/4eca0a1d-d2d2-4d59-b139-9b61e7d8be4e/sm/snapshot.1_14 time:13
2019-08-20 15:41:30,876 INFO  util.JmxRegister (JmxRegister.java:unregister(73)) - Successfully un-registered JMX Bean with object name Ratis:service=RaftServer,group=group-46ED660DAB8A,id=d57c8d47-402b-46aa-8b70-da25b48a70c2
2019-08-20 15:41:30,876 INFO  impl.StateMachineUpdater (StateMachineUpdater.java:takeSnapshot(242)) - StateMachineUpdater:925c8107-01d8-4d67-809b-d528e269a812:group-9B61E7D8BE4E: Took a snapshot at index 14
2019-08-20 15:41:30,876 INFO  impl.RoleInfo (RoleInfo.java:shutdownLeaderState(104)) - d57c8d47-402b-46aa-8b70-da25b48a70c2: shutdown LeaderState
2019-08-20 15:41:30,876 INFO  impl.StateMachineUpdater (StateMachineUpdater.java:lambda$new$0(80)) - StateMachineUpdater:925c8107-01d8-4d67-809b-d528e269a812:group-9B61E7D8BE4E: snapshotIndex: updateIncreasingly -1 -> 14
2019-08-20 15:41:30,876 INFO  impl.PendingRequests (PendingRequests.java:sendNotLeaderResponses(202)) - d57c8d47-402b-46aa-8b70-da25b48a70c2-PendingRequests: sendNotLeaderResponses
2019-08-20 15:41:30,876 INFO  impl.RaftServerImpl (ServerState.java:close(394)) - 925c8107-01d8-4d67-809b-d528e269a812:group-9B61E7D8BE4E closes. The last applied log index is 18
2019-08-20 15:41:30,877 INFO  impl.StateMachineUpdater (StateMachineUpdater.java:stopAndJoin(115)) - StateMachineUpdater:d57c8d47-402b-46aa-8b70-da25b48a70c2:group-46ED660DAB8A: set stopIndex = 0
2019-08-20 15:41:30,877 INFO  segmented.SegmentedRaftLogWorker (SegmentedRaftLogWorker.java:run(313)) - 925c8107-01d8-4d67-809b-d528e269a812-SegmentedRaftLogWorker:Storage Directory /workdir/hadoop-ozone/integration-test/target/test-dir/MiniOzoneClusterImpl-8fb5653b-ece0-45be-97ea-ae3ba8059339/datanode-5/data/ratis/4eca0a1d-d2d2-4d59-b139-9b61e7d8be4e was interrupted, exiting. There are 0 tasks remaining in the queue.
2019-08-20 15:41:30,877 INFO  impl.RaftServerImpl (ServerState.java:close(394)) - d57c8d47-402b-46aa-8b70-da25b48a70c2:group-46ED660DAB8A closes. The last applied log index is 0
2019-08-20 15:41:30,882 INFO  segmented.SegmentedRaftLogWorker (SegmentedRaftLogWorker.java:close(228)) - 925c8107-01d8-4d67-809b-d528e269a812-SegmentedRaftLogWorker:Storage Directory /workdir/hadoop-ozone/integration-test/target/test-dir/MiniOzoneClusterImpl-8fb5653b-ece0-45be-97ea-ae3ba8059339/datanode-5/data/ratis/4eca0a1d-d2d2-4d59-b139-9b61e7d8be4e close()
2019-08-20 15:41:30,883 INFO  segmented.SegmentedRaftLogWorker (SegmentedRaftLogWorker.java:run(313)) - d57c8d47-402b-46aa-8b70-da25b48a70c2-SegmentedRaftLogWorker:Storage Directory /workdir/hadoop-ozone/integration-test/target/test-dir/MiniOzoneClusterImpl-8fb5653b-ece0-45be-97ea-ae3ba8059339/datanode-0/data/ratis/ae681a6d-ceab-4ba6-b525-46ed660dab8a was interrupted, exiting. There are 0 tasks remaining in the queue.
2019-08-20 15:41:30,884 INFO  impl.RaftServerImpl (RaftServerImpl.java:lambda$shutdown$3(245)) - 925c8107-01d8-4d67-809b-d528e269a812: shutdown group-62A34EBACD97
2019-08-20 15:41:30,884 INFO  segmented.SegmentedRaftLogWorker (SegmentedRaftLogWorker.java:close(228)) - d57c8d47-402b-46aa-8b70-da25b48a70c2-SegmentedRaftLogWorker:Storage Directory /workdir/hadoop-ozone/integration-test/target/test-dir/MiniOzoneClusterImpl-8fb5653b-ece0-45be-97ea-ae3ba8059339/datanode-0/data/ratis/ae681a6d-ceab-4ba6-b525-46ed660dab8a close()
2019-08-20 15:41:30,884 INFO  util.JmxRegister (JmxRegister.java:unregister(73)) - Successfully un-registered JMX Bean with object name Ratis:service=RaftServer,group=group-62A34EBACD97,id=925c8107-01d8-4d67-809b-d528e269a812
2019-08-20 15:41:30,885 INFO  impl.RaftServerImpl (RaftServerImpl.java:lambda$shutdown$3(245)) - d57c8d47-402b-46aa-8b70-da25b48a70c2: shutdown group-B5CD9A9575FB
2019-08-20 15:41:30,885 INFO  impl.RoleInfo (RoleInfo.java:shutdownLeaderState(104)) - 925c8107-01d8-4d67-809b-d528e269a812: shutdown LeaderState
2019-08-20 15:41:30,886 INFO  util.JmxRegister (JmxRegister.java:unregister(73)) - Successfully un-registered JMX Bean with object name Ratis:service=RaftServer,group=group-B5CD9A9575FB,id=d57c8d47-402b-46aa-8b70-da25b48a70c2
2019-08-20 15:41:30,886 INFO  impl.PendingRequests (PendingRequests.java:sendNotLeaderResponses(202)) - 925c8107-01d8-4d67-809b-d528e269a812-PendingRequests: sendNotLeaderResponses
2019-08-20 15:41:30,886 INFO  impl.RoleInfo (RoleInfo.java:shutdownFollowerState(121)) - d57c8d47-402b-46aa-8b70-da25b48a70c2: shutdown FollowerState
2019-08-20 15:41:30,886 INFO  impl.StateMachineUpdater (StateMachineUpdater.java:stopAndJoin(115)) - StateMachineUpdater:925c8107-01d8-4d67-809b-d528e269a812:group-62A34EBACD97: set stopIndex = 0
2019-08-20 15:41:30,886 INFO  ratis.ContainerStateMachine (ContainerStateMachine.java:takeSnapshot(272)) - group-B5CD9A9575FB: Taking a snapshot at:(t:1, i:14) file /workdir/hadoop-ozone/integration-test/target/test-dir/MiniOzoneClusterImpl-8fb5653b-ece0-45be-97ea-ae3ba8059339/datanode-0/data/ratis/c396ed94-c790-4573-ab7d-b5cd9a9575fb/sm/snapshot.1_14
2019-08-20 15:41:30,886 INFO  impl.FollowerState (FollowerState.java:run(114)) - d57c8d47-402b-46aa-8b70-da25b48a70c2: FollowerState was interrupted: java.lang.InterruptedException: sleep interrupted
2019-08-20 15:41:30,886 INFO  impl.StateMachineUpdater (StateMachineUpdater.java:stopAndJoin(115)) - StateMachineUpdater:d57c8d47-402b-46aa-8b70-da25b48a70c2:group-B5CD9A9575FB: set stopIndex = 16
2019-08-20 15:41:30,887 INFO  impl.RaftServerImpl (ServerState.java:close(394)) - 925c8107-01d8-4d67-809b-d528e269a812:group-62A34EBACD97 closes. The last applied log index is 0
2019-08-20 15:41:30,888 INFO  segmented.SegmentedRaftLogWorker (SegmentedRaftLogWorker.java:run(313)) - 925c8107-01d8-4d67-809b-d528e269a812-SegmentedRaftLogWorker:Storage Directory /workdir/hadoop-ozone/integration-test/target/test-dir/MiniOzoneClusterImpl-8fb5653b-ece0-45be-97ea-ae3ba8059339/datanode-5/data/ratis/82676267-18ac-448c-ac24-62a34ebacd97 was interrupted, exiting. There are 0 tasks remaining in the queue.
2019-08-20 15:41:30,889 INFO  segmented.SegmentedRaftLogWorker (SegmentedRaftLogWorker.java:close(228)) - 925c8107-01d8-4d67-809b-d528e269a812-SegmentedRaftLogWorker:Storage Directory /workdir/hadoop-ozone/integration-test/target/test-dir/MiniOzoneClusterImpl-8fb5653b-ece0-45be-97ea-ae3ba8059339/datanode-5/data/ratis/82676267-18ac-448c-ac24-62a34ebacd97 close()
2019-08-20 15:41:30,890 INFO  server.GrpcService (GrpcService.java:closeImpl(155)) - 925c8107-01d8-4d67-809b-d528e269a812: shutdown server with port 41731 now
2019-08-20 15:41:30,890 INFO  server.GrpcService (GrpcService.java:closeImpl(163)) - 925c8107-01d8-4d67-809b-d528e269a812: shutdown server with port 41731 successfully
2019-08-20 15:41:30,891 INFO  utils.BackgroundService (BackgroundService.java:shutdown(148)) - Shutting down service BlockDeletingService
2019-08-20 15:41:30,893 WARN  fs.CachingGetSpaceUsed (CachingGetSpaceUsed.java:run(183)) - Thread Interrupted waiting to refresh disk information: sleep interrupted
2019-08-20 15:41:30,902 INFO  ratis.ContainerStateMachine (ContainerStateMachine.java:takeSnapshot(283)) - group-B5CD9A9575FB: Finished taking a snapshot at:(t:1, i:14) file:/workdir/hadoop-ozone/integration-test/target/test-dir/MiniOzoneClusterImpl-8fb5653b-ece0-45be-97ea-ae3ba8059339/datanode-0/data/ratis/c396ed94-c790-4573-ab7d-b5cd9a9575fb/sm/snapshot.1_14 time:15
2019-08-20 15:41:30,902 INFO  impl.StateMachineUpdater (StateMachineUpdater.java:takeSnapshot(242)) - StateMachineUpdater:d57c8d47-402b-46aa-8b70-da25b48a70c2:group-B5CD9A9575FB: Took a snapshot at index 14
2019-08-20 15:41:30,902 INFO  impl.StateMachineUpdater (StateMachineUpdater.java:lambda$new$0(80)) - StateMachineUpdater:d57c8d47-402b-46aa-8b70-da25b48a70c2:group-B5CD9A9575FB: snapshotIndex: updateIncreasingly -1 -> 14
2019-08-20 15:41:30,902 INFO  impl.RaftServerImpl (ServerState.java:close(394)) - d57c8d47-402b-46aa-8b70-da25b48a70c2:group-B5CD9A9575FB closes. The last applied log index is 16
2019-08-20 15:41:30,902 INFO  segmented.SegmentedRaftLogWorker (SegmentedRaftLogWorker.java:run(313)) - d57c8d47-402b-46aa-8b70-da25b48a70c2-SegmentedRaftLogWorker:Storage Directory /workdir/hadoop-ozone/integration-test/target/test-dir/MiniOzoneClusterImpl-8fb5653b-ece0-45be-97ea-ae3ba8059339/datanode-0/data/ratis/c396ed94-c790-4573-ab7d-b5cd9a9575fb was interrupted, exiting. There are 0 tasks remaining in the queue.
2019-08-20 15:41:30,903 INFO  segmented.SegmentedRaftLogWorker (SegmentedRaftLogWorker.java:close(228)) - d57c8d47-402b-46aa-8b70-da25b48a70c2-SegmentedRaftLogWorker:Storage Directory /workdir/hadoop-ozone/integration-test/target/test-dir/MiniOzoneClusterImpl-8fb5653b-ece0-45be-97ea-ae3ba8059339/datanode-0/data/ratis/c396ed94-c790-4573-ab7d-b5cd9a9575fb close()
2019-08-20 15:41:30,904 INFO  server.GrpcService (GrpcService.java:closeImpl(155)) - d57c8d47-402b-46aa-8b70-da25b48a70c2: shutdown server with port 37229 now
2019-08-20 15:41:30,904 INFO  server.GrpcService (GrpcService.java:closeImpl(163)) - d57c8d47-402b-46aa-8b70-da25b48a70c2: shutdown server with port 37229 successfully
2019-08-20 15:41:30,905 INFO  utils.BackgroundService (BackgroundService.java:shutdown(148)) - Shutting down service BlockDeletingService
2019-08-20 15:41:30,908 WARN  fs.CachingGetSpaceUsed (CachingGetSpaceUsed.java:run(183)) - Thread Interrupted waiting to refresh disk information: sleep interrupted
2019-08-20 15:41:30,910 INFO  statemachine.DatanodeStateMachine (DatanodeStateMachine.java:stopDaemon(395)) - Ozone container server stopped.
2019-08-20 15:41:30,911 INFO  handler.ContextHandler (ContextHandler.java:doStop(910)) - Stopped o.e.j.w.WebAppContext@d4962bd{/,null,UNAVAILABLE}{/hddsDatanode}
2019-08-20 15:41:30,912 INFO  server.AbstractConnector (AbstractConnector.java:doStop(318)) - Stopped ServerConnector@76fa3dd8{HTTP/1.1,[http/1.1]}{0.0.0.0:0}
2019-08-20 15:41:30,912 INFO  handler.ContextHandler (ContextHandler.java:doStop(910)) - Stopped o.e.j.s.ServletContextHandler@b257072{/static,jar:file:/home/user/.m2/repository/org/apache/hadoop/hadoop-hdds-container-service/0.5.0-SNAPSHOT/hadoop-hdds-container-service-0.5.0-SNAPSHOT.jar!/webapps/static,UNAVAILABLE}
2019-08-20 15:41:30,912 INFO  handler.ContextHandler (ContextHandler.java:doStop(910)) - Stopped o.e.j.s.ServletContextHandler@7b7268db{/logs,file:///workdir/hadoop-ozone/integration-test/target/log,UNAVAILABLE}
2019-08-20 15:41:30,921 INFO  statemachine.DatanodeStateMachine (DatanodeStateMachine.java:stopDaemon(395)) - Ozone container server stopped.
2019-08-20 15:41:30,923 INFO  handler.ContextHandler (ContextHandler.java:doStop(910)) - Stopped o.e.j.w.WebAppContext@7c290246{/,null,UNAVAILABLE}{/hddsDatanode}
2019-08-20 15:41:30,923 INFO  server.AbstractConnector (AbstractConnector.java:doStop(318)) - Stopped ServerConnector@3021e31{HTTP/1.1,[http/1.1]}{0.0.0.0:0}
2019-08-20 15:41:30,924 INFO  handler.ContextHandler (ContextHandler.java:doStop(910)) - Stopped o.e.j.s.ServletContextHandler@17e31657{/static,jar:file:/home/user/.m2/repository/org/apache/hadoop/hadoop-hdds-container-service/0.5.0-SNAPSHOT/hadoop-hdds-container-service-0.5.0-SNAPSHOT.jar!/webapps/static,UNAVAILABLE}
2019-08-20 15:41:30,925 INFO  handler.ContextHandler (ContextHandler.java:doStop(910)) - Stopped o.e.j.s.ServletContextHandler@5bb7fc38{/logs,file:///workdir/hadoop-ozone/integration-test/target/log,UNAVAILABLE}
2019-08-20 15:41:30,925 INFO  ozone.MiniOzoneClusterImpl (MiniOzoneClusterImpl.java:stop(353)) - Stopping the StorageContainerManager
2019-08-20 15:41:30,925 INFO  server.StorageContainerManager (StorageContainerManager.java:stop(796)) - Stopping Replication Manager Service.
2019-08-20 15:41:30,925 INFO  container.ReplicationManager (ReplicationManager.java:stop(187)) - Stopping Replication Monitor Thread.
2019-08-20 15:41:30,926 INFO  server.StorageContainerManager (StorageContainerManager.java:stop(803)) - Stopping Lease Manager of the command watchers
2019-08-20 15:41:30,926 INFO  server.StorageContainerManager (StorageContainerManager.java:stop(810)) - Stopping datanode service RPC server
2019-08-20 15:41:30,926 INFO  server.SCMDatanodeProtocolServer (SCMDatanodeProtocolServer.java:stop(367)) - Stopping the RPC server for DataNodes
2019-08-20 15:41:30,926 INFO  ipc.Server (Server.java:stop(3082)) - Stopping server on 34159
2019-08-20 15:41:30,927 INFO  ipc.Server (Server.java:run(1185)) - Stopping IPC Server listener on 34159
2019-08-20 15:41:30,928 INFO  ipc.Server (Server.java:run(1319)) - Stopping IPC Server Responder
2019-08-20 15:41:30,982 WARN  node.NodeStateManager (NodeStateManager.java:scheduleNextHealthCheck(631)) - Current Thread is interrupted, shutting down HB processing thread for Node Manager.
2019-08-20 15:41:30,983 INFO  server.StorageContainerManager (StorageContainerManager.java:stop(818)) - Stopping block service RPC server
2019-08-20 15:41:30,983 INFO  server.SCMBlockProtocolServer (SCMBlockProtocolServer.java:stop(148)) - Stopping the RPC server for Block Protocol
2019-08-20 15:41:30,983 INFO  ipc.Server (Server.java:stop(3082)) - Stopping server on 45681
2019-08-20 15:41:30,984 INFO  ipc.Server (Server.java:run(1185)) - Stopping IPC Server listener on 45681
2019-08-20 15:41:30,984 INFO  server.StorageContainerManager (StorageContainerManager.java:stop(825)) - Stopping the StorageContainerLocationProtocol RPC server
2019-08-20 15:41:30,984 INFO  server.SCMClientProtocolServer (SCMClientProtocolServer.java:stop(159)) - Stopping the RPC server for Client Protocol
2019-08-20 15:41:30,985 INFO  ipc.Server (Server.java:stop(3082)) - Stopping server on 37250
2019-08-20 15:41:30,985 INFO  ipc.Server (Server.java:run(1319)) - Stopping IPC Server Responder
2019-08-20 15:41:30,986 INFO  ipc.Server (Server.java:run(1185)) - Stopping IPC Server listener on 37250
2019-08-20 15:41:30,986 INFO  server.StorageContainerManager (StorageContainerManager.java:stop(832)) - Stopping Storage Container Manager HTTP server.
2019-08-20 15:41:30,987 INFO  ipc.Server (Server.java:run(1319)) - Stopping IPC Server Responder
2019-08-20 15:41:30,988 INFO  handler.ContextHandler (ContextHandler.java:doStop(910)) - Stopped o.e.j.w.WebAppContext@6c96dc5c{/,null,UNAVAILABLE}{/scm}
2019-08-20 15:41:30,989 INFO  server.AbstractConnector (AbstractConnector.java:doStop(318)) - Stopped ServerConnector@61b6f287{HTTP/1.1,[http/1.1]}{0.0.0.0:0}
2019-08-20 15:41:30,989 INFO  handler.ContextHandler (ContextHandler.java:doStop(910)) - Stopped o.e.j.s.ServletContextHandler@7d453075{/static,file:///workdir/hadoop-ozone/integration-test/target/test-classes/webapps/static,UNAVAILABLE}
2019-08-20 15:41:30,989 INFO  handler.ContextHandler (ContextHandler.java:doStop(910)) - Stopped o.e.j.s.ServletContextHandler@33319df0{/logs,file:///workdir/hadoop-ozone/integration-test/target/log,UNAVAILABLE}
2019-08-20 15:41:30,990 INFO  server.StorageContainerManager (StorageContainerManager.java:stop(843)) - Stopping Block Manager Service.
2019-08-20 15:41:30,990 INFO  utils.BackgroundService (BackgroundService.java:shutdown(148)) - Shutting down service SCMBlockDeletingService
2019-08-20 15:41:30,990 INFO  utils.BackgroundService (BackgroundService.java:shutdown(148)) - Shutting down service SCMBlockDeletingService
2019-08-20 15:41:30,991 INFO  server.StorageContainerManager (StorageContainerManager.java:stop(865)) - Stopping SCM Event Queue.
2019-08-20 15:41:30,994 INFO  impl.MetricsSystemImpl (MetricsSystemImpl.java:stop(210)) - Stopping HddsDatanode metrics system...
2019-08-20 15:41:31,000 INFO  impl.MetricsSystemImpl (MetricsSystemImpl.java:stop(216)) - HddsDatanode metrics system stopped.
]]></system-out>
    <system-err><![CDATA[Aug 20, 2019 3:40:49 PM com.sun.jersey.server.impl.application.WebApplicationImpl _initiate
INFO: Initiating Jersey application, version 'Jersey: 1.19 02/11/2015 03:25 AM'
Aug 20, 2019 3:40:49 PM com.sun.jersey.server.impl.application.WebApplicationImpl _initiate
INFO: Initiating Jersey application, version 'Jersey: 1.19 02/11/2015 03:25 AM'
Aug 20, 2019 3:40:49 PM com.sun.jersey.server.impl.application.WebApplicationImpl _initiate
INFO: Initiating Jersey application, version 'Jersey: 1.19 02/11/2015 03:25 AM'
Aug 20, 2019 3:40:49 PM com.sun.jersey.server.impl.application.WebApplicationImpl _initiate
INFO: Initiating Jersey application, version 'Jersey: 1.19 02/11/2015 03:25 AM'
Aug 20, 2019 3:40:50 PM com.sun.jersey.server.impl.application.WebApplicationImpl _initiate
INFO: Initiating Jersey application, version 'Jersey: 1.19 02/11/2015 03:25 AM'
Aug 20, 2019 3:40:50 PM com.sun.jersey.server.impl.application.WebApplicationImpl _initiate
INFO: Initiating Jersey application, version 'Jersey: 1.19 02/11/2015 03:25 AM'
Aug 20, 2019 3:40:50 PM com.sun.jersey.server.impl.application.WebApplicationImpl _initiate
INFO: Initiating Jersey application, version 'Jersey: 1.19 02/11/2015 03:25 AM'
Aug 20, 2019 3:40:53 PM org.apache.ratis.thirdparty.io.grpc.internal.ManagedChannelOrphanWrapper$ManagedChannelReference cleanQueue
SEVERE: *~*~*~ Channel ManagedChannelImpl{logId=2652, target=192.168.5.175:44516} was not shutdown properly!!! ~*~*~*
    Make sure to call shutdown()/shutdownNow() and wait until awaitTermination() returns true.
java.lang.RuntimeException: ManagedChannel allocation site
	at org.apache.ratis.thirdparty.io.grpc.internal.ManagedChannelOrphanWrapper$ManagedChannelReference.<init>(ManagedChannelOrphanWrapper.java:103)
	at org.apache.ratis.thirdparty.io.grpc.internal.ManagedChannelOrphanWrapper.<init>(ManagedChannelOrphanWrapper.java:53)
	at org.apache.ratis.thirdparty.io.grpc.internal.ManagedChannelOrphanWrapper.<init>(ManagedChannelOrphanWrapper.java:44)
	at org.apache.ratis.thirdparty.io.grpc.internal.AbstractManagedChannelImplBuilder.build(AbstractManagedChannelImplBuilder.java:411)
	at org.apache.hadoop.hdds.scm.XceiverClientGrpc.connectToDatanode(XceiverClientGrpc.java:174)
	at org.apache.hadoop.hdds.scm.XceiverClientGrpc.reconnect(XceiverClientGrpc.java:422)
	at org.apache.hadoop.hdds.scm.XceiverClientGrpc.sendCommandAsync(XceiverClientGrpc.java:371)
	at org.apache.hadoop.hdds.scm.XceiverClientGrpc.sendCommandWithRetry(XceiverClientGrpc.java:284)
	at org.apache.hadoop.hdds.scm.XceiverClientGrpc.sendCommandWithTraceIDAndRetry(XceiverClientGrpc.java:250)
	at org.apache.hadoop.hdds.scm.XceiverClientGrpc.sendCommand(XceiverClientGrpc.java:233)
	at org.apache.hadoop.hdds.scm.storage.ContainerProtocolCalls.getBlock(ContainerProtocolCalls.java:118)
	at org.apache.hadoop.hdds.scm.storage.BlockInputStream.getChunkInfos(BlockInputStream.java:167)
	at org.apache.hadoop.hdds.scm.storage.BlockInputStream.initialize(BlockInputStream.java:118)
	at org.apache.hadoop.hdds.scm.storage.BlockInputStream.read(BlockInputStream.java:222)
	at org.apache.hadoop.ozone.client.io.KeyInputStream.read(KeyInputStream.java:171)
	at org.apache.hadoop.ozone.client.io.OzoneInputStream.read(OzoneInputStream.java:47)
	at java.io.InputStream.read(InputStream.java:101)
	at org.apache.hadoop.ozone.container.ContainerTestHelper.validateData(ContainerTestHelper.java:709)
	at org.apache.hadoop.ozone.client.rpc.TestBlockOutputStreamWithFailures.validateData(TestBlockOutputStreamWithFailures.java:1212)
	at org.apache.hadoop.ozone.client.rpc.TestBlockOutputStreamWithFailures.testWatchForCommitWithSingleNodeRatis(TestBlockOutputStreamWithFailures.java:914)
	at sun.reflect.NativeMethodAccessorImpl.invoke0(Native Method)
	at sun.reflect.NativeMethodAccessorImpl.invoke(NativeMethodAccessorImpl.java:62)
	at sun.reflect.DelegatingMethodAccessorImpl.invoke(DelegatingMethodAccessorImpl.java:43)
	at java.lang.reflect.Method.invoke(Method.java:498)
	at org.junit.runners.model.FrameworkMethod$1.runReflectiveCall(FrameworkMethod.java:47)
	at org.junit.internal.runners.model.ReflectiveCallable.run(ReflectiveCallable.java:12)
	at org.junit.runners.model.FrameworkMethod.invokeExplosively(FrameworkMethod.java:44)
	at org.junit.internal.runners.statements.InvokeMethod.evaluate(InvokeMethod.java:17)
	at org.junit.internal.runners.statements.RunBefores.evaluate(RunBefores.java:26)
	at org.junit.internal.runners.statements.RunAfters.evaluate(RunAfters.java:27)
	at org.junit.runners.ParentRunner.runLeaf(ParentRunner.java:271)
	at org.junit.runners.BlockJUnit4ClassRunner.runChild(BlockJUnit4ClassRunner.java:70)
	at org.junit.runners.BlockJUnit4ClassRunner.runChild(BlockJUnit4ClassRunner.java:50)
	at org.junit.runners.ParentRunner$3.run(ParentRunner.java:238)
	at org.junit.runners.ParentRunner$1.schedule(ParentRunner.java:63)
	at org.junit.runners.ParentRunner.runChildren(ParentRunner.java:236)
	at org.junit.runners.ParentRunner.access$000(ParentRunner.java:53)
	at org.junit.runners.ParentRunner$2.evaluate(ParentRunner.java:229)
	at org.junit.runners.ParentRunner.run(ParentRunner.java:309)
	at org.apache.maven.surefire.junit4.JUnit4Provider.execute(JUnit4Provider.java:365)
	at org.apache.maven.surefire.junit4.JUnit4Provider.executeWithRerun(JUnit4Provider.java:273)
	at org.apache.maven.surefire.junit4.JUnit4Provider.executeTestSet(JUnit4Provider.java:238)
	at org.apache.maven.surefire.junit4.JUnit4Provider.invoke(JUnit4Provider.java:159)
	at org.apache.maven.surefire.booter.ForkedBooter.invokeProviderInSameClassLoader(ForkedBooter.java:384)
	at org.apache.maven.surefire.booter.ForkedBooter.runSuitesInProcess(ForkedBooter.java:345)
	at org.apache.maven.surefire.booter.ForkedBooter.execute(ForkedBooter.java:126)
	at org.apache.maven.surefire.booter.ForkedBooter.main(ForkedBooter.java:418)

Aug 20, 2019 3:40:53 PM org.apache.ratis.thirdparty.io.grpc.internal.ManagedChannelOrphanWrapper$ManagedChannelReference cleanQueue
SEVERE: *~*~*~ Channel ManagedChannelImpl{logId=2642, target=192.168.5.175:38341} was not shutdown properly!!! ~*~*~*
    Make sure to call shutdown()/shutdownNow() and wait until awaitTermination() returns true.
java.lang.RuntimeException: ManagedChannel allocation site
	at org.apache.ratis.thirdparty.io.grpc.internal.ManagedChannelOrphanWrapper$ManagedChannelReference.<init>(ManagedChannelOrphanWrapper.java:103)
	at org.apache.ratis.thirdparty.io.grpc.internal.ManagedChannelOrphanWrapper.<init>(ManagedChannelOrphanWrapper.java:53)
	at org.apache.ratis.thirdparty.io.grpc.internal.ManagedChannelOrphanWrapper.<init>(ManagedChannelOrphanWrapper.java:44)
	at org.apache.ratis.thirdparty.io.grpc.internal.AbstractManagedChannelImplBuilder.build(AbstractManagedChannelImplBuilder.java:411)
	at org.apache.ratis.grpc.client.GrpcClientProtocolClient.<init>(GrpcClientProtocolClient.java:119)
	at org.apache.ratis.grpc.client.GrpcClientRpc.lambda$new$0(GrpcClientRpc.java:55)
	at org.apache.ratis.util.PeerProxyMap$PeerAndProxy.lambda$getProxy$0(PeerProxyMap.java:61)
	at org.apache.ratis.util.LifeCycle.startAndTransition(LifeCycle.java:202)
	at org.apache.ratis.util.PeerProxyMap$PeerAndProxy.getProxy(PeerProxyMap.java:60)
	at org.apache.ratis.util.PeerProxyMap.getProxy(PeerProxyMap.java:107)
	at org.apache.ratis.grpc.client.GrpcClientRpc.sendRequestAsync(GrpcClientRpc.java:66)
	at org.apache.ratis.client.impl.OrderedAsync.sendRequest(OrderedAsync.java:208)
	at org.apache.ratis.client.impl.OrderedAsync.sendRequestWithRetry(OrderedAsync.java:169)
	at org.apache.ratis.util.SlidingWindow$Client.sendOrDelayRequest(SlidingWindow.java:278)
	at org.apache.ratis.util.SlidingWindow$Client.retry(SlidingWindow.java:294)
	at org.apache.ratis.client.impl.OrderedAsync.lambda$scheduleWithTimeout$7(OrderedAsync.java:195)
	at org.apache.ratis.util.TimeoutScheduler.lambda$onTimeout$0(TimeoutScheduler.java:85)
	at org.apache.ratis.util.TimeoutScheduler.lambda$onTimeout$1(TimeoutScheduler.java:104)
	at org.apache.ratis.util.LogUtils.runAndLog(LogUtils.java:50)
	at org.apache.ratis.util.LogUtils$1.run(LogUtils.java:91)
	at java.util.concurrent.Executors$RunnableAdapter.call(Executors.java:511)
	at java.util.concurrent.FutureTask.run(FutureTask.java:266)
	at java.util.concurrent.ScheduledThreadPoolExecutor$ScheduledFutureTask.access$201(ScheduledThreadPoolExecutor.java:180)
	at java.util.concurrent.ScheduledThreadPoolExecutor$ScheduledFutureTask.run(ScheduledThreadPoolExecutor.java:293)
	at java.util.concurrent.ThreadPoolExecutor.runWorker(ThreadPoolExecutor.java:1149)
	at java.util.concurrent.ThreadPoolExecutor$Worker.run(ThreadPoolExecutor.java:624)
	at java.lang.Thread.run(Thread.java:748)

Aug 20, 2019 3:40:53 PM org.apache.ratis.thirdparty.io.grpc.internal.ManagedChannelOrphanWrapper$ManagedChannelReference cleanQueue
SEVERE: *~*~*~ Channel ManagedChannelImpl{logId=2647, target=192.168.5.175:44516} was not shutdown properly!!! ~*~*~*
    Make sure to call shutdown()/shutdownNow() and wait until awaitTermination() returns true.
java.lang.RuntimeException: ManagedChannel allocation site
	at org.apache.ratis.thirdparty.io.grpc.internal.ManagedChannelOrphanWrapper$ManagedChannelReference.<init>(ManagedChannelOrphanWrapper.java:103)
	at org.apache.ratis.thirdparty.io.grpc.internal.ManagedChannelOrphanWrapper.<init>(ManagedChannelOrphanWrapper.java:53)
	at org.apache.ratis.thirdparty.io.grpc.internal.ManagedChannelOrphanWrapper.<init>(ManagedChannelOrphanWrapper.java:44)
	at org.apache.ratis.thirdparty.io.grpc.internal.AbstractManagedChannelImplBuilder.build(AbstractManagedChannelImplBuilder.java:411)
	at org.apache.hadoop.hdds.scm.XceiverClientGrpc.connectToDatanode(XceiverClientGrpc.java:174)
	at org.apache.hadoop.hdds.scm.XceiverClientGrpc.reconnect(XceiverClientGrpc.java:422)
	at org.apache.hadoop.hdds.scm.XceiverClientGrpc.sendCommandAsync(XceiverClientGrpc.java:371)
	at org.apache.hadoop.hdds.scm.XceiverClientGrpc.sendCommandWithRetry(XceiverClientGrpc.java:284)
	at org.apache.hadoop.hdds.scm.XceiverClientGrpc.sendCommandWithTraceIDAndRetry(XceiverClientGrpc.java:250)
	at org.apache.hadoop.hdds.scm.XceiverClientGrpc.sendCommand(XceiverClientGrpc.java:233)
	at org.apache.hadoop.hdds.scm.storage.ContainerProtocolCalls.getBlock(ContainerProtocolCalls.java:118)
	at org.apache.hadoop.hdds.scm.storage.BlockInputStream.getChunkInfos(BlockInputStream.java:167)
	at org.apache.hadoop.hdds.scm.storage.BlockInputStream.initialize(BlockInputStream.java:118)
	at org.apache.hadoop.hdds.scm.storage.BlockInputStream.read(BlockInputStream.java:222)
	at org.apache.hadoop.ozone.client.io.KeyInputStream.read(KeyInputStream.java:171)
	at org.apache.hadoop.ozone.client.io.OzoneInputStream.read(OzoneInputStream.java:47)
	at java.io.InputStream.read(InputStream.java:101)
	at org.apache.hadoop.ozone.container.ContainerTestHelper.validateData(ContainerTestHelper.java:709)
	at org.apache.hadoop.ozone.client.rpc.TestBlockOutputStreamWithFailures.validateData(TestBlockOutputStreamWithFailures.java:1212)
	at org.apache.hadoop.ozone.client.rpc.TestBlockOutputStreamWithFailures.testWatchForCommitWithSingleNodeRatis(TestBlockOutputStreamWithFailures.java:914)
	at sun.reflect.NativeMethodAccessorImpl.invoke0(Native Method)
	at sun.reflect.NativeMethodAccessorImpl.invoke(NativeMethodAccessorImpl.java:62)
	at sun.reflect.DelegatingMethodAccessorImpl.invoke(DelegatingMethodAccessorImpl.java:43)
	at java.lang.reflect.Method.invoke(Method.java:498)
	at org.junit.runners.model.FrameworkMethod$1.runReflectiveCall(FrameworkMethod.java:47)
	at org.junit.internal.runners.model.ReflectiveCallable.run(ReflectiveCallable.java:12)
	at org.junit.runners.model.FrameworkMethod.invokeExplosively(FrameworkMethod.java:44)
	at org.junit.internal.runners.statements.InvokeMethod.evaluate(InvokeMethod.java:17)
	at org.junit.internal.runners.statements.RunBefores.evaluate(RunBefores.java:26)
	at org.junit.internal.runners.statements.RunAfters.evaluate(RunAfters.java:27)
	at org.junit.runners.ParentRunner.runLeaf(ParentRunner.java:271)
	at org.junit.runners.BlockJUnit4ClassRunner.runChild(BlockJUnit4ClassRunner.java:70)
	at org.junit.runners.BlockJUnit4ClassRunner.runChild(BlockJUnit4ClassRunner.java:50)
	at org.junit.runners.ParentRunner$3.run(ParentRunner.java:238)
	at org.junit.runners.ParentRunner$1.schedule(ParentRunner.java:63)
	at org.junit.runners.ParentRunner.runChildren(ParentRunner.java:236)
	at org.junit.runners.ParentRunner.access$000(ParentRunner.java:53)
	at org.junit.runners.ParentRunner$2.evaluate(ParentRunner.java:229)
	at org.junit.runners.ParentRunner.run(ParentRunner.java:309)
	at org.apache.maven.surefire.junit4.JUnit4Provider.execute(JUnit4Provider.java:365)
	at org.apache.maven.surefire.junit4.JUnit4Provider.executeWithRerun(JUnit4Provider.java:273)
	at org.apache.maven.surefire.junit4.JUnit4Provider.executeTestSet(JUnit4Provider.java:238)
	at org.apache.maven.surefire.junit4.JUnit4Provider.invoke(JUnit4Provider.java:159)
	at org.apache.maven.surefire.booter.ForkedBooter.invokeProviderInSameClassLoader(ForkedBooter.java:384)
	at org.apache.maven.surefire.booter.ForkedBooter.runSuitesInProcess(ForkedBooter.java:345)
	at org.apache.maven.surefire.booter.ForkedBooter.execute(ForkedBooter.java:126)
	at org.apache.maven.surefire.booter.ForkedBooter.main(ForkedBooter.java:418)

]]></system-err>
  </testcase>
  <testcase name="testFailureWithPrimeSizedData" classname="org.apache.hadoop.ozone.client.rpc.TestBlockOutputStreamWithFailures" time="34.826"/>
  <testcase name="testWatchForCommitWithCloseContainerException" classname="org.apache.hadoop.ozone.client.rpc.TestBlockOutputStreamWithFailures" time="76.268"/>
  <testcase name="testExceptionDuringClose" classname="org.apache.hadoop.ozone.client.rpc.TestBlockOutputStreamWithFailures" time="34.566"/>
</testsuite>