<?xml version="1.0" encoding="UTF-8"?>
<testsuite xmlns:xsi="http://www.w3.org/2001/XMLSchema-instance" xsi:noNamespaceSchemaLocation="https://maven.apache.org/surefire/maven-surefire-plugin/xsd/surefire-test-report.xsd" name="org.apache.hadoop.ozone.client.rpc.TestMultiBlockWritesWithDnFailures" time="35.239" tests="1" errors="1" skipped="0" failures="0">
  <properties>
    <property name="awt.toolkit" value="sun.awt.X11.XToolkit"/>
    <property name="file.encoding.pkg" value="sun.io"/>
    <property name="java.specification.version" value="1.8"/>
    <property name="sun.cpu.isalist" value=""/>
    <property name="sun.jnu.encoding" value="UTF-8"/>
    <property name="java.class.path" value="/workdir/hadoop-ozone/integration-test/target/test-classes:/workdir/hadoop-ozone/integration-test/target/classes:/home/user/.m2/repository/org/apache/hadoop/hadoop-ozone-common/0.5.0-SNAPSHOT/hadoop-ozone-common-0.5.0-SNAPSHOT.jar:/home/user/.m2/repository/org/apache/commons/commons-compress/1.4.1/commons-compress-1.4.1.jar:/home/user/.m2/repository/org/tukaani/xz/1.0/xz-1.0.jar:/home/user/.m2/repository/org/apache/hadoop/hadoop-common/3.2.0/hadoop-common-3.2.0.jar:/home/user/.m2/repository/org/apache/hadoop/hadoop-hdfs/3.2.0/hadoop-hdfs-3.2.0.jar:/home/user/.m2/repository/org/apache/hadoop/hadoop-hdfs-client/3.2.0/hadoop-hdfs-client-3.2.0.jar:/home/user/.m2/repository/com/fasterxml/jackson/core/jackson-annotations/2.9.5/jackson-annotations-2.9.5.jar:/home/user/.m2/repository/org/apache/hadoop/hadoop-hdds-common/0.5.0-SNAPSHOT/hadoop-hdds-common-0.5.0-SNAPSHOT.jar:/home/user/.m2/repository/javax/annotation/javax.annotation-api/1.2/javax.annotation-api-1.2.jar:/home/user/.m2/repository/org/apache/ratis/ratis-server/0.4.0-2337318-SNAPSHOT/ratis-server-0.4.0-2337318-SNAPSHOT.jar:/home/user/.m2/repository/org/apache/ratis/ratis-thirdparty-misc/0.2.0/ratis-thirdparty-misc-0.2.0.jar:/home/user/.m2/repository/org/apache/ratis/ratis-proto/0.4.0-2337318-SNAPSHOT/ratis-proto-0.4.0-2337318-SNAPSHOT.jar:/home/user/.m2/repository/org/apache/ratis/ratis-common/0.4.0-2337318-SNAPSHOT/ratis-common-0.4.0-2337318-SNAPSHOT.jar:/home/user/.m2/repository/org/apache/ratis/ratis-client/0.4.0-2337318-SNAPSHOT/ratis-client-0.4.0-2337318-SNAPSHOT.jar:/home/user/.m2/repository/org/apache/ratis/ratis-metrics/0.4.0-2337318-SNAPSHOT/ratis-metrics-0.4.0-2337318-SNAPSHOT.jar:/home/user/.m2/repository/org/apache/ratis/ratis-netty/0.4.0-2337318-SNAPSHOT/ratis-netty-0.4.0-2337318-SNAPSHOT.jar:/home/user/.m2/repository/org/apache/ratis/ratis-grpc/0.4.0-2337318-SNAPSHOT/ratis-grpc-0.4.0-2337318-SNAPSHOT.jar:/home/user/.m2/repository/org/rocksdb/rocksdbjni/6.0.1/rocksdbjni-6.0.1.jar:/home/user/.m2/repository/org/apache/logging/log4j/log4j-api/2.11.0/log4j-api-2.11.0.jar:/home/user/.m2/repository/org/apache/logging/log4j/log4j-core/2.11.0/log4j-core-2.11.0.jar:/home/user/.m2/repository/com/lmax/disruptor/3.4.2/disruptor-3.4.2.jar:/home/user/.m2/repository/org/apache/commons/commons-pool2/2.6.0/commons-pool2-2.6.0.jar:/home/user/.m2/repository/org/bouncycastle/bcpkix-jdk15on/1.60/bcpkix-jdk15on-1.60.jar:/home/user/.m2/repository/commons-validator/commons-validator/1.6/commons-validator-1.6.jar:/home/user/.m2/repository/commons-digester/commons-digester/1.8.1/commons-digester-1.8.1.jar:/home/user/.m2/repository/io/jaegertracing/jaeger-client/0.33.1/jaeger-client-0.33.1.jar:/home/user/.m2/repository/io/jaegertracing/jaeger-thrift/0.33.1/jaeger-thrift-0.33.1.jar:/home/user/.m2/repository/org/apache/thrift/libthrift/0.11.0/libthrift-0.11.0.jar:/home/user/.m2/repository/com/squareup/okhttp3/okhttp/3.9.0/okhttp-3.9.0.jar:/home/user/.m2/repository/com/squareup/okio/okio/1.13.0/okio-1.13.0.jar:/home/user/.m2/repository/io/jaegertracing/jaeger-core/0.33.1/jaeger-core-0.33.1.jar:/home/user/.m2/repository/io/jaegertracing/jaeger-tracerresolver/0.33.1/jaeger-tracerresolver-0.33.1.jar:/home/user/.m2/repository/io/opentracing/contrib/opentracing-tracerresolver/0.1.5/opentracing-tracerresolver-0.1.5.jar:/home/user/.m2/repository/io/opentracing/opentracing-util/0.31.0/opentracing-util-0.31.0.jar:/home/user/.m2/repository/io/opentracing/opentracing-api/0.31.0/opentracing-api-0.31.0.jar:/home/user/.m2/repository/io/opentracing/opentracing-noop/0.31.0/opentracing-noop-0.31.0.jar:/home/user/.m2/repository/org/apache/hadoop/hadoop-hdds-server-framework/0.5.0-SNAPSHOT/hadoop-hdds-server-framework-0.5.0-SNAPSHOT.jar:/home/user/.m2/repository/org/apache/hadoop/hadoop-hdds-container-service/0.5.0-SNAPSHOT/hadoop-hdds-container-service-0.5.0-SNAPSHOT.jar:/home/user/.m2/repository/org/apache/hadoop/hadoop-hdds-client/0.5.0-SNAPSHOT/hadoop-hdds-client-0.5.0-SNAPSHOT.jar:/home/user/.m2/repository/org/apache/hadoop/hadoop-hdds-tools/0.5.0-SNAPSHOT/hadoop-hdds-tools-0.5.0-SNAPSHOT.jar:/home/user/.m2/repository/org/apache/hadoop/hadoop-hdds-server-scm/0.5.0-SNAPSHOT/hadoop-hdds-server-scm-0.5.0-SNAPSHOT.jar:/home/user/.m2/repository/org/apache/hadoop/hadoop-hdds-docs/0.5.0-SNAPSHOT/hadoop-hdds-docs-0.5.0-SNAPSHOT.jar:/home/user/.m2/repository/io/dropwizard/metrics/metrics-core/3.2.4/metrics-core-3.2.4.jar:/home/user/.m2/repository/org/hamcrest/hamcrest-all/1.3/hamcrest-all-1.3.jar:/home/user/.m2/repository/org/bouncycastle/bcprov-jdk15on/1.60/bcprov-jdk15on-1.60.jar:/home/user/.m2/repository/info/picocli/picocli/3.9.6/picocli-3.9.6.jar:/home/user/.m2/repository/com/google/protobuf/protobuf-java/2.5.0/protobuf-java-2.5.0.jar:/home/user/.m2/repository/com/google/guava/guava/11.0.2/guava-11.0.2.jar:/home/user/.m2/repository/org/apache/hadoop/hadoop-ozone-ozone-manager/0.5.0-SNAPSHOT/hadoop-ozone-ozone-manager-0.5.0-SNAPSHOT.jar:/home/user/.m2/repository/org/apache/hadoop/hadoop-minikdc/3.2.0/hadoop-minikdc-3.2.0.jar:/home/user/.m2/repository/commons-io/commons-io/2.5/commons-io-2.5.jar:/home/user/.m2/repository/org/apache/kerby/kerb-simplekdc/1.0.1/kerb-simplekdc-1.0.1.jar:/home/user/.m2/repository/org/apache/kerby/kerb-client/1.0.1/kerb-client-1.0.1.jar:/home/user/.m2/repository/org/apache/kerby/kerby-config/1.0.1/kerby-config-1.0.1.jar:/home/user/.m2/repository/org/apache/kerby/kerb-core/1.0.1/kerb-core-1.0.1.jar:/home/user/.m2/repository/org/apache/kerby/kerby-pkix/1.0.1/kerby-pkix-1.0.1.jar:/home/user/.m2/repository/org/apache/kerby/kerby-asn1/1.0.1/kerby-asn1-1.0.1.jar:/home/user/.m2/repository/org/apache/kerby/kerby-util/1.0.1/kerby-util-1.0.1.jar:/home/user/.m2/repository/org/apache/kerby/kerb-common/1.0.1/kerb-common-1.0.1.jar:/home/user/.m2/repository/org/apache/kerby/kerb-crypto/1.0.1/kerb-crypto-1.0.1.jar:/home/user/.m2/repository/org/apache/kerby/kerb-util/1.0.1/kerb-util-1.0.1.jar:/home/user/.m2/repository/org/apache/kerby/token-provider/1.0.1/token-provider-1.0.1.jar:/home/user/.m2/repository/org/apache/kerby/kerb-admin/1.0.1/kerb-admin-1.0.1.jar:/home/user/.m2/repository/org/apache/kerby/kerb-server/1.0.1/kerb-server-1.0.1.jar:/home/user/.m2/repository/org/apache/kerby/kerb-identity/1.0.1/kerb-identity-1.0.1.jar:/home/user/.m2/repository/org/apache/kerby/kerby-xdr/1.0.1/kerby-xdr-1.0.1.jar:/home/user/.m2/repository/org/slf4j/slf4j-log4j12/1.7.25/slf4j-log4j12-1.7.25.jar:/home/user/.m2/repository/org/apache/hadoop/hadoop-ozone-objectstore-service/0.5.0-SNAPSHOT/hadoop-ozone-objectstore-service-0.5.0-SNAPSHOT.jar:/home/user/.m2/repository/org/apache/hadoop/hadoop-ozone-s3gateway/0.5.0-SNAPSHOT/hadoop-ozone-s3gateway-0.5.0-SNAPSHOT.jar:/home/user/.m2/repository/org/jboss/weld/servlet/weld-servlet/2.4.7.Final/weld-servlet-2.4.7.Final.jar:/home/user/.m2/repository/org/glassfish/jersey/containers/jersey-container-servlet-core/2.27/jersey-container-servlet-core-2.27.jar:/home/user/.m2/repository/org/glassfish/hk2/external/javax.inject/2.5.0-b42/javax.inject-2.5.0-b42.jar:/home/user/.m2/repository/org/glassfish/jersey/core/jersey-common/2.27/jersey-common-2.27.jar:/home/user/.m2/repository/org/glassfish/hk2/osgi-resource-locator/1.0.1/osgi-resource-locator-1.0.1.jar:/home/user/.m2/repository/javax/ws/rs/javax.ws.rs-api/2.1/javax.ws.rs-api-2.1.jar:/home/user/.m2/repository/org/glassfish/jersey/ext/cdi/jersey-cdi1x/2.27/jersey-cdi1x-2.27.jar:/home/user/.m2/repository/org/glassfish/jersey/inject/jersey-hk2/2.27/jersey-hk2-2.27.jar:/home/user/.m2/repository/org/glassfish/hk2/hk2-locator/2.5.0-b42/hk2-locator-2.5.0-b42.jar:/home/user/.m2/repository/org/javassist/javassist/3.22.0-CR2/javassist-3.22.0-CR2.jar:/home/user/.m2/repository/org/glassfish/hk2/hk2-api/2.5.0/hk2-api-2.5.0.jar:/home/user/.m2/repository/org/glassfish/hk2/external/jakarta.inject/2.5.0/jakarta.inject-2.5.0.jar:/home/user/.m2/repository/org/glassfish/hk2/hk2-utils/2.5.0/hk2-utils-2.5.0.jar:/home/user/.m2/repository/jakarta/annotation/jakarta.annotation-api/1.3.4/jakarta.annotation-api-1.3.4.jar:/home/user/.m2/repository/org/glassfish/hk2/external/aopalliance-repackaged/2.5.0/aopalliance-repackaged-2.5.0.jar:/home/user/.m2/repository/com/fasterxml/jackson/dataformat/jackson-dataformat-xml/2.9.0/jackson-dataformat-xml-2.9.0.jar:/home/user/.m2/repository/com/fasterxml/jackson/core/jackson-core/2.9.5/jackson-core-2.9.5.jar:/home/user/.m2/repository/com/fasterxml/jackson/module/jackson-module-jaxb-annotations/2.9.5/jackson-module-jaxb-annotations-2.9.5.jar:/home/user/.m2/repository/javax/enterprise/cdi-api/1.2/cdi-api-1.2.jar:/home/user/.m2/repository/javax/el/javax.el-api/3.0.0/javax.el-api-3.0.0.jar:/home/user/.m2/repository/javax/interceptor/javax.interceptor-api/1.2/javax.interceptor-api-1.2.jar:/home/user/.m2/repository/javax/inject/javax.inject/1/javax.inject-1.jar:/home/user/.m2/repository/com/sun/xml/bind/jaxb-impl/2.3.0.1/jaxb-impl-2.3.0.1.jar:/home/user/.m2/repository/com/sun/xml/bind/jaxb-core/2.3.0.1/jaxb-core-2.3.0.1.jar:/home/user/.m2/repository/javax/xml/bind/jaxb-api/2.3.0/jaxb-api-2.3.0.jar:/home/user/.m2/repository/javax/activation/activation/1.1.1/activation-1.1.1.jar:/home/user/.m2/repository/org/apache/hadoop/hadoop-ozone-csi/0.5.0-SNAPSHOT/hadoop-ozone-csi-0.5.0-SNAPSHOT.jar:/home/user/.m2/repository/com/google/protobuf/protobuf-java-util/3.5.1/protobuf-java-util-3.5.1.jar:/home/user/.m2/repository/org/apache/hadoop/hadoop-hdds-config/0.5.0-SNAPSHOT/hadoop-hdds-config-0.5.0-SNAPSHOT.jar:/home/user/.m2/repository/io/grpc/grpc-netty/1.17.1/grpc-netty-1.17.1.jar:/home/user/.m2/repository/io/grpc/grpc-core/1.17.1/grpc-core-1.17.1.jar:/home/user/.m2/repository/io/grpc/grpc-context/1.17.1/grpc-context-1.17.1.jar:/home/user/.m2/repository/com/google/errorprone/error_prone_annotations/2.2.0/error_prone_annotations-2.2.0.jar:/home/user/.m2/repository/org/codehaus/mojo/animal-sniffer-annotations/1.17/animal-sniffer-annotations-1.17.jar:/home/user/.m2/repository/io/opencensus/opencensus-api/0.17.0/opencensus-api-0.17.0.jar:/home/user/.m2/repository/io/opencensus/opencensus-contrib-grpc-metrics/0.17.0/opencensus-contrib-grpc-metrics-0.17.0.jar:/home/user/.m2/repository/io/netty/netty-codec-http2/4.1.30.Final/netty-codec-http2-4.1.30.Final.jar:/home/user/.m2/repository/io/netty/netty-codec-http/4.1.30.Final/netty-codec-http-4.1.30.Final.jar:/home/user/.m2/repository/io/netty/netty-codec/4.1.30.Final/netty-codec-4.1.30.Final.jar:/home/user/.m2/repository/io/netty/netty-handler/4.1.30.Final/netty-handler-4.1.30.Final.jar:/home/user/.m2/repository/io/netty/netty-handler-proxy/4.1.30.Final/netty-handler-proxy-4.1.30.Final.jar:/home/user/.m2/repository/io/netty/netty-codec-socks/4.1.30.Final/netty-codec-socks-4.1.30.Final.jar:/home/user/.m2/repository/io/netty/netty-transport-native-epoll/4.1.30.Final/netty-transport-native-epoll-4.1.30.Final.jar:/home/user/.m2/repository/io/netty/netty-common/4.1.30.Final/netty-common-4.1.30.Final.jar:/home/user/.m2/repository/io/netty/netty-buffer/4.1.30.Final/netty-buffer-4.1.30.Final.jar:/home/user/.m2/repository/io/netty/netty-transport/4.1.30.Final/netty-transport-4.1.30.Final.jar:/home/user/.m2/repository/io/netty/netty-resolver/4.1.30.Final/netty-resolver-4.1.30.Final.jar:/home/user/.m2/repository/io/netty/netty-transport-native-unix-common/4.1.30.Final/netty-transport-native-unix-common-4.1.30.Final.jar:/home/user/.m2/repository/io/grpc/grpc-protobuf/1.17.1/grpc-protobuf-1.17.1.jar:/home/user/.m2/repository/com/google/api/grpc/proto-google-common-protos/1.0.0/proto-google-common-protos-1.0.0.jar:/home/user/.m2/repository/io/grpc/grpc-protobuf-lite/1.17.1/grpc-protobuf-lite-1.17.1.jar:/home/user/.m2/repository/io/grpc/grpc-stub/1.17.1/grpc-stub-1.17.1.jar:/home/user/.m2/repository/org/apache/hadoop/hadoop-ozone-recon/0.5.0-SNAPSHOT/hadoop-ozone-recon-0.5.0-SNAPSHOT.jar:/home/user/.m2/repository/org/apache/hadoop/hadoop-ozone-reconcodegen/0.5.0-SNAPSHOT/hadoop-ozone-reconcodegen-0.5.0-SNAPSHOT.jar:/home/user/.m2/repository/com/google/inject/extensions/guice-multibindings/4.0/guice-multibindings-4.0.jar:/home/user/.m2/repository/com/google/inject/guice/4.0/guice-4.0.jar:/home/user/.m2/repository/aopalliance/aopalliance/1.0/aopalliance-1.0.jar:/home/user/.m2/repository/com/google/inject/extensions/guice-servlet/4.0/guice-servlet-4.0.jar:/home/user/.m2/repository/org/glassfish/jersey/containers/jersey-container-servlet/2.27/jersey-container-servlet-2.27.jar:/home/user/.m2/repository/org/glassfish/hk2/guice-bridge/2.5.0/guice-bridge-2.5.0.jar:/home/user/.m2/repository/org/glassfish/jersey/core/jersey-server/2.27/jersey-server-2.27.jar:/home/user/.m2/repository/org/glassfish/jersey/core/jersey-client/2.27/jersey-client-2.27.jar:/home/user/.m2/repository/org/glassfish/jersey/media/jersey-media-jaxb/2.27/jersey-media-jaxb-2.27.jar:/home/user/.m2/repository/javax/validation/validation-api/1.1.0.Final/validation-api-1.1.0.Final.jar:/home/user/.m2/repository/org/glassfish/jersey/media/jersey-media-json-jackson/2.27/jersey-media-json-jackson-2.27.jar:/home/user/.m2/repository/org/glassfish/jersey/ext/jersey-entity-filtering/2.27/jersey-entity-filtering-2.27.jar:/home/user/.m2/repository/com/google/inject/extensions/guice-assistedinject/4.0/guice-assistedinject-4.0.jar:/home/user/.m2/repository/org/jooq/jooq/3.11.10/jooq-3.11.10.jar:/home/user/.m2/repository/org/jooq/jooq-meta/3.11.10/jooq-meta-3.11.10.jar:/home/user/.m2/repository/org/jooq/jooq-codegen/3.11.10/jooq-codegen-3.11.10.jar:/home/user/.m2/repository/com/jolbox/bonecp/0.8.0.RELEASE/bonecp-0.8.0.RELEASE.jar:/home/user/.m2/repository/org/xerial/sqlite-jdbc/3.25.2/sqlite-jdbc-3.25.2.jar:/home/user/.m2/repository/org/springframework/spring-jdbc/5.1.3.RELEASE/spring-jdbc-5.1.3.RELEASE.jar:/home/user/.m2/repository/org/springframework/spring-beans/5.1.3.RELEASE/spring-beans-5.1.3.RELEASE.jar:/home/user/.m2/repository/org/springframework/spring-core/5.1.3.RELEASE/spring-core-5.1.3.RELEASE.jar:/home/user/.m2/repository/org/springframework/spring-jcl/5.1.3.RELEASE/spring-jcl-5.1.3.RELEASE.jar:/home/user/.m2/repository/org/springframework/spring-tx/5.1.3.RELEASE/spring-tx-5.1.3.RELEASE.jar:/home/user/.m2/repository/org/apache/hadoop/hadoop-ozone-client/0.5.0-SNAPSHOT/hadoop-ozone-client-0.5.0-SNAPSHOT.jar:/home/user/.m2/repository/commons-lang/commons-lang/2.6/commons-lang-2.6.jar:/home/user/.m2/repository/org/apache/hadoop/hadoop-ozone-ozone-manager/0.5.0-SNAPSHOT/hadoop-ozone-ozone-manager-0.5.0-SNAPSHOT-tests.jar:/home/user/.m2/repository/junit/junit/4.11/junit-4.11.jar:/home/user/.m2/repository/org/hamcrest/hamcrest-core/1.3/hamcrest-core-1.3.jar:/home/user/.m2/repository/org/openjdk/jmh/jmh-core/1.19/jmh-core-1.19.jar:/home/user/.m2/repository/net/sf/jopt-simple/jopt-simple/4.6/jopt-simple-4.6.jar:/home/user/.m2/repository/org/apache/commons/commons-math3/3.1.1/commons-math3-3.1.1.jar:/home/user/.m2/repository/org/openjdk/jmh/jmh-generator-annprocess/1.19/jmh-generator-annprocess-1.19.jar:/home/user/.m2/repository/org/mockito/mockito-all/1.8.5/mockito-all-1.8.5.jar:/home/user/.m2/repository/org/apache/hadoop/hadoop-kms/3.2.0/hadoop-kms-3.2.0.jar:/home/user/.m2/repository/org/apache/hadoop/hadoop-auth/3.2.0/hadoop-auth-3.2.0.jar:/home/user/.m2/repository/com/nimbusds/nimbus-jose-jwt/4.41.1/nimbus-jose-jwt-4.41.1.jar:/home/user/.m2/repository/com/github/stephenc/jcip/jcip-annotations/1.0-1/jcip-annotations-1.0-1.jar:/home/user/.m2/repository/net/minidev/json-smart/2.3/json-smart-2.3.jar:/home/user/.m2/repository/net/minidev/accessors-smart/1.2/accessors-smart-1.2.jar:/home/user/.m2/repository/org/ow2/asm/asm/5.0.4/asm-5.0.4.jar:/home/user/.m2/repository/org/apache/curator/curator-framework/2.12.0/curator-framework-2.12.0.jar:/home/user/.m2/repository/com/sun/jersey/jersey-core/1.19/jersey-core-1.19.jar:/home/user/.m2/repository/javax/ws/rs/jsr311-api/1.1.1/jsr311-api-1.1.1.jar:/home/user/.m2/repository/com/sun/jersey/jersey-server/1.19/jersey-server-1.19.jar:/home/user/.m2/repository/javax/servlet/javax.servlet-api/3.1.0/javax.servlet-api-3.1.0.jar:/home/user/.m2/repository/org/eclipse/jetty/jetty-server/9.3.24.v20180605/jetty-server-9.3.24.v20180605.jar:/home/user/.m2/repository/org/eclipse/jetty/jetty-http/9.3.24.v20180605/jetty-http-9.3.24.v20180605.jar:/home/user/.m2/repository/org/eclipse/jetty/jetty-io/9.3.24.v20180605/jetty-io-9.3.24.v20180605.jar:/home/user/.m2/repository/org/eclipse/jetty/jetty-webapp/9.3.24.v20180605/jetty-webapp-9.3.24.v20180605.jar:/home/user/.m2/repository/org/eclipse/jetty/jetty-xml/9.3.24.v20180605/jetty-xml-9.3.24.v20180605.jar:/home/user/.m2/repository/log4j/log4j/1.2.17/log4j-1.2.17.jar:/home/user/.m2/repository/org/slf4j/slf4j-api/1.7.25/slf4j-api-1.7.25.jar:/home/user/.m2/repository/org/slf4j/jul-to-slf4j/1.7.25/jul-to-slf4j-1.7.25.jar:/home/user/.m2/repository/org/eclipse/jetty/jetty-util/9.3.24.v20180605/jetty-util-9.3.24.v20180605.jar:/home/user/.m2/repository/com/fasterxml/jackson/core/jackson-databind/2.9.5/jackson-databind-2.9.5.jar:/home/user/.m2/repository/org/apache/hadoop/hadoop-kms/3.2.0/hadoop-kms-3.2.0-tests.jar:/home/user/.m2/repository/org/apache/hadoop/hadoop-hdds-server-scm/0.5.0-SNAPSHOT/hadoop-hdds-server-scm-0.5.0-SNAPSHOT-tests.jar:/home/user/.m2/repository/org/apache/hadoop/hadoop-hdds-container-service/0.5.0-SNAPSHOT/hadoop-hdds-container-service-0.5.0-SNAPSHOT-tests.jar:/home/user/.m2/repository/org/yaml/snakeyaml/1.16/snakeyaml-1.16.jar:/home/user/.m2/repository/org/apache/hadoop/hadoop-common/3.2.0/hadoop-common-3.2.0-tests.jar:/home/user/.m2/repository/org/apache/hadoop/hadoop-annotations/3.2.0/hadoop-annotations-3.2.0.jar:/usr/lib/jvm/java-1.8-openjdk/jre/../lib/tools.jar:/home/user/.m2/repository/commons-cli/commons-cli/1.2/commons-cli-1.2.jar:/home/user/.m2/repository/org/apache/httpcomponents/httpclient/4.5.2/httpclient-4.5.2.jar:/home/user/.m2/repository/org/apache/httpcomponents/httpcore/4.4.4/httpcore-4.4.4.jar:/home/user/.m2/repository/commons-codec/commons-codec/1.11/commons-codec-1.11.jar:/home/user/.m2/repository/commons-net/commons-net/3.6/commons-net-3.6.jar:/home/user/.m2/repository/commons-collections/commons-collections/3.2.2/commons-collections-3.2.2.jar:/home/user/.m2/repository/org/eclipse/jetty/jetty-servlet/9.3.24.v20180605/jetty-servlet-9.3.24.v20180605.jar:/home/user/.m2/repository/org/eclipse/jetty/jetty-security/9.3.24.v20180605/jetty-security-9.3.24.v20180605.jar:/home/user/.m2/repository/javax/servlet/jsp/jsp-api/2.1/jsp-api-2.1.jar:/home/user/.m2/repository/com/sun/jersey/jersey-servlet/1.19/jersey-servlet-1.19.jar:/home/user/.m2/repository/com/sun/jersey/jersey-json/1.19/jersey-json-1.19.jar:/home/user/.m2/repository/org/codehaus/jettison/jettison/1.1/jettison-1.1.jar:/home/user/.m2/repository/org/codehaus/jackson/jackson-core-asl/1.9.13/jackson-core-asl-1.9.13.jar:/home/user/.m2/repository/org/codehaus/jackson/jackson-mapper-asl/1.9.13/jackson-mapper-asl-1.9.13.jar:/home/user/.m2/repository/org/codehaus/jackson/jackson-jaxrs/1.9.13/jackson-jaxrs-1.9.13.jar:/home/user/.m2/repository/org/codehaus/jackson/jackson-xc/1.9.13/jackson-xc-1.9.13.jar:/home/user/.m2/repository/commons-logging/commons-logging/1.1.3/commons-logging-1.1.3.jar:/home/user/.m2/repository/commons-beanutils/commons-beanutils/1.9.3/commons-beanutils-1.9.3.jar:/home/user/.m2/repository/org/apache/commons/commons-configuration2/2.1.1/commons-configuration2-2.1.1.jar:/home/user/.m2/repository/org/apache/commons/commons-lang3/3.7/commons-lang3-3.7.jar:/home/user/.m2/repository/org/apache/commons/commons-text/1.4/commons-text-1.4.jar:/home/user/.m2/repository/org/apache/avro/avro/1.7.7/avro-1.7.7.jar:/home/user/.m2/repository/com/thoughtworks/paranamer/paranamer/2.3/paranamer-2.3.jar:/home/user/.m2/repository/org/xerial/snappy/snappy-java/1.0.5/snappy-java-1.0.5.jar:/home/user/.m2/repository/com/google/re2j/re2j/1.1/re2j-1.1.jar:/home/user/.m2/repository/com/google/code/gson/gson/2.2.4/gson-2.2.4.jar:/home/user/.m2/repository/com/jcraft/jsch/0.1.54/jsch-0.1.54.jar:/home/user/.m2/repository/org/apache/curator/curator-client/2.12.0/curator-client-2.12.0.jar:/home/user/.m2/repository/org/apache/curator/curator-recipes/2.12.0/curator-recipes-2.12.0.jar:/home/user/.m2/repository/com/google/code/findbugs/jsr305/3.0.0/jsr305-3.0.0.jar:/home/user/.m2/repository/org/apache/htrace/htrace-core4/4.1.0-incubating/htrace-core4-4.1.0-incubating.jar:/home/user/.m2/repository/org/apache/zookeeper/zookeeper/3.4.13/zookeeper-3.4.13.jar:/home/user/.m2/repository/org/apache/yetus/audience-annotations/0.5.0/audience-annotations-0.5.0.jar:/home/user/.m2/repository/org/codehaus/woodstox/stax2-api/3.1.4/stax2-api-3.1.4.jar:/home/user/.m2/repository/com/fasterxml/woodstox/woodstox-core/5.0.3/woodstox-core-5.0.3.jar:/home/user/.m2/repository/dnsjava/dnsjava/2.1.7/dnsjava-2.1.7.jar:/home/user/.m2/repository/org/apache/hadoop/hadoop-hdfs/3.2.0/hadoop-hdfs-3.2.0-tests.jar:/home/user/.m2/repository/org/eclipse/jetty/jetty-util-ajax/9.3.24.v20180605/jetty-util-ajax-9.3.24.v20180605.jar:/home/user/.m2/repository/commons-daemon/commons-daemon/1.0.13/commons-daemon-1.0.13.jar:/home/user/.m2/repository/io/netty/netty/3.10.5.Final/netty-3.10.5.Final.jar:/home/user/.m2/repository/io/netty/netty-all/4.0.52.Final/netty-all-4.0.52.Final.jar:/home/user/.m2/repository/org/fusesource/leveldbjni/leveldbjni-all/1.8/leveldbjni-all-1.8.jar:"/>
    <property name="java.vm.vendor" value="IcedTea"/>
    <property name="sun.arch.data.model" value="64"/>
    <property name="test.build.dir" value="/workdir/hadoop-ozone/integration-test/target/test-dir"/>
    <property name="test.cache.data" value=""/>
    <property name="java.vendor.url" value="https://icedtea.classpath.org"/>
    <property name="user.timezone" value=""/>
    <property name="java.vm.specification.version" value="1.8"/>
    <property name="os.name" value="Linux"/>
    <property name="test.build.data" value="/workdir/hadoop-ozone/integration-test/target/test-dir"/>
    <property name="user.country" value="US"/>
    <property name="sun.java.launcher" value="SUN_STANDARD"/>
    <property name="sun.boot.library.path" value="/usr/lib/jvm/java-1.8-openjdk/jre/lib/amd64"/>
    <property name="sun.java.command" value="/workdir/hadoop-ozone/integration-test/target/surefire/surefirebooter4887586077329532734.jar /workdir/hadoop-ozone/integration-test/target/surefire 2019-08-20T15-13-53_354-jvmRun1 surefire6439008909800037456tmp surefire_292613033324910420024tmp"/>
    <property name="surefire.test.class.path" value="/workdir/hadoop-ozone/integration-test/target/test-classes:/workdir/hadoop-ozone/integration-test/target/classes:/home/user/.m2/repository/org/apache/hadoop/hadoop-ozone-common/0.5.0-SNAPSHOT/hadoop-ozone-common-0.5.0-SNAPSHOT.jar:/home/user/.m2/repository/org/apache/commons/commons-compress/1.4.1/commons-compress-1.4.1.jar:/home/user/.m2/repository/org/tukaani/xz/1.0/xz-1.0.jar:/home/user/.m2/repository/org/apache/hadoop/hadoop-common/3.2.0/hadoop-common-3.2.0.jar:/home/user/.m2/repository/org/apache/hadoop/hadoop-hdfs/3.2.0/hadoop-hdfs-3.2.0.jar:/home/user/.m2/repository/org/apache/hadoop/hadoop-hdfs-client/3.2.0/hadoop-hdfs-client-3.2.0.jar:/home/user/.m2/repository/com/fasterxml/jackson/core/jackson-annotations/2.9.5/jackson-annotations-2.9.5.jar:/home/user/.m2/repository/org/apache/hadoop/hadoop-hdds-common/0.5.0-SNAPSHOT/hadoop-hdds-common-0.5.0-SNAPSHOT.jar:/home/user/.m2/repository/javax/annotation/javax.annotation-api/1.2/javax.annotation-api-1.2.jar:/home/user/.m2/repository/org/apache/ratis/ratis-server/0.4.0-2337318-SNAPSHOT/ratis-server-0.4.0-2337318-SNAPSHOT.jar:/home/user/.m2/repository/org/apache/ratis/ratis-thirdparty-misc/0.2.0/ratis-thirdparty-misc-0.2.0.jar:/home/user/.m2/repository/org/apache/ratis/ratis-proto/0.4.0-2337318-SNAPSHOT/ratis-proto-0.4.0-2337318-SNAPSHOT.jar:/home/user/.m2/repository/org/apache/ratis/ratis-common/0.4.0-2337318-SNAPSHOT/ratis-common-0.4.0-2337318-SNAPSHOT.jar:/home/user/.m2/repository/org/apache/ratis/ratis-client/0.4.0-2337318-SNAPSHOT/ratis-client-0.4.0-2337318-SNAPSHOT.jar:/home/user/.m2/repository/org/apache/ratis/ratis-metrics/0.4.0-2337318-SNAPSHOT/ratis-metrics-0.4.0-2337318-SNAPSHOT.jar:/home/user/.m2/repository/org/apache/ratis/ratis-netty/0.4.0-2337318-SNAPSHOT/ratis-netty-0.4.0-2337318-SNAPSHOT.jar:/home/user/.m2/repository/org/apache/ratis/ratis-grpc/0.4.0-2337318-SNAPSHOT/ratis-grpc-0.4.0-2337318-SNAPSHOT.jar:/home/user/.m2/repository/org/rocksdb/rocksdbjni/6.0.1/rocksdbjni-6.0.1.jar:/home/user/.m2/repository/org/apache/logging/log4j/log4j-api/2.11.0/log4j-api-2.11.0.jar:/home/user/.m2/repository/org/apache/logging/log4j/log4j-core/2.11.0/log4j-core-2.11.0.jar:/home/user/.m2/repository/com/lmax/disruptor/3.4.2/disruptor-3.4.2.jar:/home/user/.m2/repository/org/apache/commons/commons-pool2/2.6.0/commons-pool2-2.6.0.jar:/home/user/.m2/repository/org/bouncycastle/bcpkix-jdk15on/1.60/bcpkix-jdk15on-1.60.jar:/home/user/.m2/repository/commons-validator/commons-validator/1.6/commons-validator-1.6.jar:/home/user/.m2/repository/commons-digester/commons-digester/1.8.1/commons-digester-1.8.1.jar:/home/user/.m2/repository/io/jaegertracing/jaeger-client/0.33.1/jaeger-client-0.33.1.jar:/home/user/.m2/repository/io/jaegertracing/jaeger-thrift/0.33.1/jaeger-thrift-0.33.1.jar:/home/user/.m2/repository/org/apache/thrift/libthrift/0.11.0/libthrift-0.11.0.jar:/home/user/.m2/repository/com/squareup/okhttp3/okhttp/3.9.0/okhttp-3.9.0.jar:/home/user/.m2/repository/com/squareup/okio/okio/1.13.0/okio-1.13.0.jar:/home/user/.m2/repository/io/jaegertracing/jaeger-core/0.33.1/jaeger-core-0.33.1.jar:/home/user/.m2/repository/io/jaegertracing/jaeger-tracerresolver/0.33.1/jaeger-tracerresolver-0.33.1.jar:/home/user/.m2/repository/io/opentracing/contrib/opentracing-tracerresolver/0.1.5/opentracing-tracerresolver-0.1.5.jar:/home/user/.m2/repository/io/opentracing/opentracing-util/0.31.0/opentracing-util-0.31.0.jar:/home/user/.m2/repository/io/opentracing/opentracing-api/0.31.0/opentracing-api-0.31.0.jar:/home/user/.m2/repository/io/opentracing/opentracing-noop/0.31.0/opentracing-noop-0.31.0.jar:/home/user/.m2/repository/org/apache/hadoop/hadoop-hdds-server-framework/0.5.0-SNAPSHOT/hadoop-hdds-server-framework-0.5.0-SNAPSHOT.jar:/home/user/.m2/repository/org/apache/hadoop/hadoop-hdds-container-service/0.5.0-SNAPSHOT/hadoop-hdds-container-service-0.5.0-SNAPSHOT.jar:/home/user/.m2/repository/org/apache/hadoop/hadoop-hdds-client/0.5.0-SNAPSHOT/hadoop-hdds-client-0.5.0-SNAPSHOT.jar:/home/user/.m2/repository/org/apache/hadoop/hadoop-hdds-tools/0.5.0-SNAPSHOT/hadoop-hdds-tools-0.5.0-SNAPSHOT.jar:/home/user/.m2/repository/org/apache/hadoop/hadoop-hdds-server-scm/0.5.0-SNAPSHOT/hadoop-hdds-server-scm-0.5.0-SNAPSHOT.jar:/home/user/.m2/repository/org/apache/hadoop/hadoop-hdds-docs/0.5.0-SNAPSHOT/hadoop-hdds-docs-0.5.0-SNAPSHOT.jar:/home/user/.m2/repository/io/dropwizard/metrics/metrics-core/3.2.4/metrics-core-3.2.4.jar:/home/user/.m2/repository/org/hamcrest/hamcrest-all/1.3/hamcrest-all-1.3.jar:/home/user/.m2/repository/org/bouncycastle/bcprov-jdk15on/1.60/bcprov-jdk15on-1.60.jar:/home/user/.m2/repository/info/picocli/picocli/3.9.6/picocli-3.9.6.jar:/home/user/.m2/repository/com/google/protobuf/protobuf-java/2.5.0/protobuf-java-2.5.0.jar:/home/user/.m2/repository/com/google/guava/guava/11.0.2/guava-11.0.2.jar:/home/user/.m2/repository/org/apache/hadoop/hadoop-ozone-ozone-manager/0.5.0-SNAPSHOT/hadoop-ozone-ozone-manager-0.5.0-SNAPSHOT.jar:/home/user/.m2/repository/org/apache/hadoop/hadoop-minikdc/3.2.0/hadoop-minikdc-3.2.0.jar:/home/user/.m2/repository/commons-io/commons-io/2.5/commons-io-2.5.jar:/home/user/.m2/repository/org/apache/kerby/kerb-simplekdc/1.0.1/kerb-simplekdc-1.0.1.jar:/home/user/.m2/repository/org/apache/kerby/kerb-client/1.0.1/kerb-client-1.0.1.jar:/home/user/.m2/repository/org/apache/kerby/kerby-config/1.0.1/kerby-config-1.0.1.jar:/home/user/.m2/repository/org/apache/kerby/kerb-core/1.0.1/kerb-core-1.0.1.jar:/home/user/.m2/repository/org/apache/kerby/kerby-pkix/1.0.1/kerby-pkix-1.0.1.jar:/home/user/.m2/repository/org/apache/kerby/kerby-asn1/1.0.1/kerby-asn1-1.0.1.jar:/home/user/.m2/repository/org/apache/kerby/kerby-util/1.0.1/kerby-util-1.0.1.jar:/home/user/.m2/repository/org/apache/kerby/kerb-common/1.0.1/kerb-common-1.0.1.jar:/home/user/.m2/repository/org/apache/kerby/kerb-crypto/1.0.1/kerb-crypto-1.0.1.jar:/home/user/.m2/repository/org/apache/kerby/kerb-util/1.0.1/kerb-util-1.0.1.jar:/home/user/.m2/repository/org/apache/kerby/token-provider/1.0.1/token-provider-1.0.1.jar:/home/user/.m2/repository/org/apache/kerby/kerb-admin/1.0.1/kerb-admin-1.0.1.jar:/home/user/.m2/repository/org/apache/kerby/kerb-server/1.0.1/kerb-server-1.0.1.jar:/home/user/.m2/repository/org/apache/kerby/kerb-identity/1.0.1/kerb-identity-1.0.1.jar:/home/user/.m2/repository/org/apache/kerby/kerby-xdr/1.0.1/kerby-xdr-1.0.1.jar:/home/user/.m2/repository/org/slf4j/slf4j-log4j12/1.7.25/slf4j-log4j12-1.7.25.jar:/home/user/.m2/repository/org/apache/hadoop/hadoop-ozone-objectstore-service/0.5.0-SNAPSHOT/hadoop-ozone-objectstore-service-0.5.0-SNAPSHOT.jar:/home/user/.m2/repository/org/apache/hadoop/hadoop-ozone-s3gateway/0.5.0-SNAPSHOT/hadoop-ozone-s3gateway-0.5.0-SNAPSHOT.jar:/home/user/.m2/repository/org/jboss/weld/servlet/weld-servlet/2.4.7.Final/weld-servlet-2.4.7.Final.jar:/home/user/.m2/repository/org/glassfish/jersey/containers/jersey-container-servlet-core/2.27/jersey-container-servlet-core-2.27.jar:/home/user/.m2/repository/org/glassfish/hk2/external/javax.inject/2.5.0-b42/javax.inject-2.5.0-b42.jar:/home/user/.m2/repository/org/glassfish/jersey/core/jersey-common/2.27/jersey-common-2.27.jar:/home/user/.m2/repository/org/glassfish/hk2/osgi-resource-locator/1.0.1/osgi-resource-locator-1.0.1.jar:/home/user/.m2/repository/javax/ws/rs/javax.ws.rs-api/2.1/javax.ws.rs-api-2.1.jar:/home/user/.m2/repository/org/glassfish/jersey/ext/cdi/jersey-cdi1x/2.27/jersey-cdi1x-2.27.jar:/home/user/.m2/repository/org/glassfish/jersey/inject/jersey-hk2/2.27/jersey-hk2-2.27.jar:/home/user/.m2/repository/org/glassfish/hk2/hk2-locator/2.5.0-b42/hk2-locator-2.5.0-b42.jar:/home/user/.m2/repository/org/javassist/javassist/3.22.0-CR2/javassist-3.22.0-CR2.jar:/home/user/.m2/repository/org/glassfish/hk2/hk2-api/2.5.0/hk2-api-2.5.0.jar:/home/user/.m2/repository/org/glassfish/hk2/external/jakarta.inject/2.5.0/jakarta.inject-2.5.0.jar:/home/user/.m2/repository/org/glassfish/hk2/hk2-utils/2.5.0/hk2-utils-2.5.0.jar:/home/user/.m2/repository/jakarta/annotation/jakarta.annotation-api/1.3.4/jakarta.annotation-api-1.3.4.jar:/home/user/.m2/repository/org/glassfish/hk2/external/aopalliance-repackaged/2.5.0/aopalliance-repackaged-2.5.0.jar:/home/user/.m2/repository/com/fasterxml/jackson/dataformat/jackson-dataformat-xml/2.9.0/jackson-dataformat-xml-2.9.0.jar:/home/user/.m2/repository/com/fasterxml/jackson/core/jackson-core/2.9.5/jackson-core-2.9.5.jar:/home/user/.m2/repository/com/fasterxml/jackson/module/jackson-module-jaxb-annotations/2.9.5/jackson-module-jaxb-annotations-2.9.5.jar:/home/user/.m2/repository/javax/enterprise/cdi-api/1.2/cdi-api-1.2.jar:/home/user/.m2/repository/javax/el/javax.el-api/3.0.0/javax.el-api-3.0.0.jar:/home/user/.m2/repository/javax/interceptor/javax.interceptor-api/1.2/javax.interceptor-api-1.2.jar:/home/user/.m2/repository/javax/inject/javax.inject/1/javax.inject-1.jar:/home/user/.m2/repository/com/sun/xml/bind/jaxb-impl/2.3.0.1/jaxb-impl-2.3.0.1.jar:/home/user/.m2/repository/com/sun/xml/bind/jaxb-core/2.3.0.1/jaxb-core-2.3.0.1.jar:/home/user/.m2/repository/javax/xml/bind/jaxb-api/2.3.0/jaxb-api-2.3.0.jar:/home/user/.m2/repository/javax/activation/activation/1.1.1/activation-1.1.1.jar:/home/user/.m2/repository/org/apache/hadoop/hadoop-ozone-csi/0.5.0-SNAPSHOT/hadoop-ozone-csi-0.5.0-SNAPSHOT.jar:/home/user/.m2/repository/com/google/protobuf/protobuf-java-util/3.5.1/protobuf-java-util-3.5.1.jar:/home/user/.m2/repository/org/apache/hadoop/hadoop-hdds-config/0.5.0-SNAPSHOT/hadoop-hdds-config-0.5.0-SNAPSHOT.jar:/home/user/.m2/repository/io/grpc/grpc-netty/1.17.1/grpc-netty-1.17.1.jar:/home/user/.m2/repository/io/grpc/grpc-core/1.17.1/grpc-core-1.17.1.jar:/home/user/.m2/repository/io/grpc/grpc-context/1.17.1/grpc-context-1.17.1.jar:/home/user/.m2/repository/com/google/errorprone/error_prone_annotations/2.2.0/error_prone_annotations-2.2.0.jar:/home/user/.m2/repository/org/codehaus/mojo/animal-sniffer-annotations/1.17/animal-sniffer-annotations-1.17.jar:/home/user/.m2/repository/io/opencensus/opencensus-api/0.17.0/opencensus-api-0.17.0.jar:/home/user/.m2/repository/io/opencensus/opencensus-contrib-grpc-metrics/0.17.0/opencensus-contrib-grpc-metrics-0.17.0.jar:/home/user/.m2/repository/io/netty/netty-codec-http2/4.1.30.Final/netty-codec-http2-4.1.30.Final.jar:/home/user/.m2/repository/io/netty/netty-codec-http/4.1.30.Final/netty-codec-http-4.1.30.Final.jar:/home/user/.m2/repository/io/netty/netty-codec/4.1.30.Final/netty-codec-4.1.30.Final.jar:/home/user/.m2/repository/io/netty/netty-handler/4.1.30.Final/netty-handler-4.1.30.Final.jar:/home/user/.m2/repository/io/netty/netty-handler-proxy/4.1.30.Final/netty-handler-proxy-4.1.30.Final.jar:/home/user/.m2/repository/io/netty/netty-codec-socks/4.1.30.Final/netty-codec-socks-4.1.30.Final.jar:/home/user/.m2/repository/io/netty/netty-transport-native-epoll/4.1.30.Final/netty-transport-native-epoll-4.1.30.Final.jar:/home/user/.m2/repository/io/netty/netty-common/4.1.30.Final/netty-common-4.1.30.Final.jar:/home/user/.m2/repository/io/netty/netty-buffer/4.1.30.Final/netty-buffer-4.1.30.Final.jar:/home/user/.m2/repository/io/netty/netty-transport/4.1.30.Final/netty-transport-4.1.30.Final.jar:/home/user/.m2/repository/io/netty/netty-resolver/4.1.30.Final/netty-resolver-4.1.30.Final.jar:/home/user/.m2/repository/io/netty/netty-transport-native-unix-common/4.1.30.Final/netty-transport-native-unix-common-4.1.30.Final.jar:/home/user/.m2/repository/io/grpc/grpc-protobuf/1.17.1/grpc-protobuf-1.17.1.jar:/home/user/.m2/repository/com/google/api/grpc/proto-google-common-protos/1.0.0/proto-google-common-protos-1.0.0.jar:/home/user/.m2/repository/io/grpc/grpc-protobuf-lite/1.17.1/grpc-protobuf-lite-1.17.1.jar:/home/user/.m2/repository/io/grpc/grpc-stub/1.17.1/grpc-stub-1.17.1.jar:/home/user/.m2/repository/org/apache/hadoop/hadoop-ozone-recon/0.5.0-SNAPSHOT/hadoop-ozone-recon-0.5.0-SNAPSHOT.jar:/home/user/.m2/repository/org/apache/hadoop/hadoop-ozone-reconcodegen/0.5.0-SNAPSHOT/hadoop-ozone-reconcodegen-0.5.0-SNAPSHOT.jar:/home/user/.m2/repository/com/google/inject/extensions/guice-multibindings/4.0/guice-multibindings-4.0.jar:/home/user/.m2/repository/com/google/inject/guice/4.0/guice-4.0.jar:/home/user/.m2/repository/aopalliance/aopalliance/1.0/aopalliance-1.0.jar:/home/user/.m2/repository/com/google/inject/extensions/guice-servlet/4.0/guice-servlet-4.0.jar:/home/user/.m2/repository/org/glassfish/jersey/containers/jersey-container-servlet/2.27/jersey-container-servlet-2.27.jar:/home/user/.m2/repository/org/glassfish/hk2/guice-bridge/2.5.0/guice-bridge-2.5.0.jar:/home/user/.m2/repository/org/glassfish/jersey/core/jersey-server/2.27/jersey-server-2.27.jar:/home/user/.m2/repository/org/glassfish/jersey/core/jersey-client/2.27/jersey-client-2.27.jar:/home/user/.m2/repository/org/glassfish/jersey/media/jersey-media-jaxb/2.27/jersey-media-jaxb-2.27.jar:/home/user/.m2/repository/javax/validation/validation-api/1.1.0.Final/validation-api-1.1.0.Final.jar:/home/user/.m2/repository/org/glassfish/jersey/media/jersey-media-json-jackson/2.27/jersey-media-json-jackson-2.27.jar:/home/user/.m2/repository/org/glassfish/jersey/ext/jersey-entity-filtering/2.27/jersey-entity-filtering-2.27.jar:/home/user/.m2/repository/com/google/inject/extensions/guice-assistedinject/4.0/guice-assistedinject-4.0.jar:/home/user/.m2/repository/org/jooq/jooq/3.11.10/jooq-3.11.10.jar:/home/user/.m2/repository/org/jooq/jooq-meta/3.11.10/jooq-meta-3.11.10.jar:/home/user/.m2/repository/org/jooq/jooq-codegen/3.11.10/jooq-codegen-3.11.10.jar:/home/user/.m2/repository/com/jolbox/bonecp/0.8.0.RELEASE/bonecp-0.8.0.RELEASE.jar:/home/user/.m2/repository/org/xerial/sqlite-jdbc/3.25.2/sqlite-jdbc-3.25.2.jar:/home/user/.m2/repository/org/springframework/spring-jdbc/5.1.3.RELEASE/spring-jdbc-5.1.3.RELEASE.jar:/home/user/.m2/repository/org/springframework/spring-beans/5.1.3.RELEASE/spring-beans-5.1.3.RELEASE.jar:/home/user/.m2/repository/org/springframework/spring-core/5.1.3.RELEASE/spring-core-5.1.3.RELEASE.jar:/home/user/.m2/repository/org/springframework/spring-jcl/5.1.3.RELEASE/spring-jcl-5.1.3.RELEASE.jar:/home/user/.m2/repository/org/springframework/spring-tx/5.1.3.RELEASE/spring-tx-5.1.3.RELEASE.jar:/home/user/.m2/repository/org/apache/hadoop/hadoop-ozone-client/0.5.0-SNAPSHOT/hadoop-ozone-client-0.5.0-SNAPSHOT.jar:/home/user/.m2/repository/commons-lang/commons-lang/2.6/commons-lang-2.6.jar:/home/user/.m2/repository/org/apache/hadoop/hadoop-ozone-ozone-manager/0.5.0-SNAPSHOT/hadoop-ozone-ozone-manager-0.5.0-SNAPSHOT-tests.jar:/home/user/.m2/repository/junit/junit/4.11/junit-4.11.jar:/home/user/.m2/repository/org/hamcrest/hamcrest-core/1.3/hamcrest-core-1.3.jar:/home/user/.m2/repository/org/openjdk/jmh/jmh-core/1.19/jmh-core-1.19.jar:/home/user/.m2/repository/net/sf/jopt-simple/jopt-simple/4.6/jopt-simple-4.6.jar:/home/user/.m2/repository/org/apache/commons/commons-math3/3.1.1/commons-math3-3.1.1.jar:/home/user/.m2/repository/org/openjdk/jmh/jmh-generator-annprocess/1.19/jmh-generator-annprocess-1.19.jar:/home/user/.m2/repository/org/mockito/mockito-all/1.8.5/mockito-all-1.8.5.jar:/home/user/.m2/repository/org/apache/hadoop/hadoop-kms/3.2.0/hadoop-kms-3.2.0.jar:/home/user/.m2/repository/org/apache/hadoop/hadoop-auth/3.2.0/hadoop-auth-3.2.0.jar:/home/user/.m2/repository/com/nimbusds/nimbus-jose-jwt/4.41.1/nimbus-jose-jwt-4.41.1.jar:/home/user/.m2/repository/com/github/stephenc/jcip/jcip-annotations/1.0-1/jcip-annotations-1.0-1.jar:/home/user/.m2/repository/net/minidev/json-smart/2.3/json-smart-2.3.jar:/home/user/.m2/repository/net/minidev/accessors-smart/1.2/accessors-smart-1.2.jar:/home/user/.m2/repository/org/ow2/asm/asm/5.0.4/asm-5.0.4.jar:/home/user/.m2/repository/org/apache/curator/curator-framework/2.12.0/curator-framework-2.12.0.jar:/home/user/.m2/repository/com/sun/jersey/jersey-core/1.19/jersey-core-1.19.jar:/home/user/.m2/repository/javax/ws/rs/jsr311-api/1.1.1/jsr311-api-1.1.1.jar:/home/user/.m2/repository/com/sun/jersey/jersey-server/1.19/jersey-server-1.19.jar:/home/user/.m2/repository/javax/servlet/javax.servlet-api/3.1.0/javax.servlet-api-3.1.0.jar:/home/user/.m2/repository/org/eclipse/jetty/jetty-server/9.3.24.v20180605/jetty-server-9.3.24.v20180605.jar:/home/user/.m2/repository/org/eclipse/jetty/jetty-http/9.3.24.v20180605/jetty-http-9.3.24.v20180605.jar:/home/user/.m2/repository/org/eclipse/jetty/jetty-io/9.3.24.v20180605/jetty-io-9.3.24.v20180605.jar:/home/user/.m2/repository/org/eclipse/jetty/jetty-webapp/9.3.24.v20180605/jetty-webapp-9.3.24.v20180605.jar:/home/user/.m2/repository/org/eclipse/jetty/jetty-xml/9.3.24.v20180605/jetty-xml-9.3.24.v20180605.jar:/home/user/.m2/repository/log4j/log4j/1.2.17/log4j-1.2.17.jar:/home/user/.m2/repository/org/slf4j/slf4j-api/1.7.25/slf4j-api-1.7.25.jar:/home/user/.m2/repository/org/slf4j/jul-to-slf4j/1.7.25/jul-to-slf4j-1.7.25.jar:/home/user/.m2/repository/org/eclipse/jetty/jetty-util/9.3.24.v20180605/jetty-util-9.3.24.v20180605.jar:/home/user/.m2/repository/com/fasterxml/jackson/core/jackson-databind/2.9.5/jackson-databind-2.9.5.jar:/home/user/.m2/repository/org/apache/hadoop/hadoop-kms/3.2.0/hadoop-kms-3.2.0-tests.jar:/home/user/.m2/repository/org/apache/hadoop/hadoop-hdds-server-scm/0.5.0-SNAPSHOT/hadoop-hdds-server-scm-0.5.0-SNAPSHOT-tests.jar:/home/user/.m2/repository/org/apache/hadoop/hadoop-hdds-container-service/0.5.0-SNAPSHOT/hadoop-hdds-container-service-0.5.0-SNAPSHOT-tests.jar:/home/user/.m2/repository/org/yaml/snakeyaml/1.16/snakeyaml-1.16.jar:/home/user/.m2/repository/org/apache/hadoop/hadoop-common/3.2.0/hadoop-common-3.2.0-tests.jar:/home/user/.m2/repository/org/apache/hadoop/hadoop-annotations/3.2.0/hadoop-annotations-3.2.0.jar:/usr/lib/jvm/java-1.8-openjdk/jre/../lib/tools.jar:/home/user/.m2/repository/commons-cli/commons-cli/1.2/commons-cli-1.2.jar:/home/user/.m2/repository/org/apache/httpcomponents/httpclient/4.5.2/httpclient-4.5.2.jar:/home/user/.m2/repository/org/apache/httpcomponents/httpcore/4.4.4/httpcore-4.4.4.jar:/home/user/.m2/repository/commons-codec/commons-codec/1.11/commons-codec-1.11.jar:/home/user/.m2/repository/commons-net/commons-net/3.6/commons-net-3.6.jar:/home/user/.m2/repository/commons-collections/commons-collections/3.2.2/commons-collections-3.2.2.jar:/home/user/.m2/repository/org/eclipse/jetty/jetty-servlet/9.3.24.v20180605/jetty-servlet-9.3.24.v20180605.jar:/home/user/.m2/repository/org/eclipse/jetty/jetty-security/9.3.24.v20180605/jetty-security-9.3.24.v20180605.jar:/home/user/.m2/repository/javax/servlet/jsp/jsp-api/2.1/jsp-api-2.1.jar:/home/user/.m2/repository/com/sun/jersey/jersey-servlet/1.19/jersey-servlet-1.19.jar:/home/user/.m2/repository/com/sun/jersey/jersey-json/1.19/jersey-json-1.19.jar:/home/user/.m2/repository/org/codehaus/jettison/jettison/1.1/jettison-1.1.jar:/home/user/.m2/repository/org/codehaus/jackson/jackson-core-asl/1.9.13/jackson-core-asl-1.9.13.jar:/home/user/.m2/repository/org/codehaus/jackson/jackson-mapper-asl/1.9.13/jackson-mapper-asl-1.9.13.jar:/home/user/.m2/repository/org/codehaus/jackson/jackson-jaxrs/1.9.13/jackson-jaxrs-1.9.13.jar:/home/user/.m2/repository/org/codehaus/jackson/jackson-xc/1.9.13/jackson-xc-1.9.13.jar:/home/user/.m2/repository/commons-logging/commons-logging/1.1.3/commons-logging-1.1.3.jar:/home/user/.m2/repository/commons-beanutils/commons-beanutils/1.9.3/commons-beanutils-1.9.3.jar:/home/user/.m2/repository/org/apache/commons/commons-configuration2/2.1.1/commons-configuration2-2.1.1.jar:/home/user/.m2/repository/org/apache/commons/commons-lang3/3.7/commons-lang3-3.7.jar:/home/user/.m2/repository/org/apache/commons/commons-text/1.4/commons-text-1.4.jar:/home/user/.m2/repository/org/apache/avro/avro/1.7.7/avro-1.7.7.jar:/home/user/.m2/repository/com/thoughtworks/paranamer/paranamer/2.3/paranamer-2.3.jar:/home/user/.m2/repository/org/xerial/snappy/snappy-java/1.0.5/snappy-java-1.0.5.jar:/home/user/.m2/repository/com/google/re2j/re2j/1.1/re2j-1.1.jar:/home/user/.m2/repository/com/google/code/gson/gson/2.2.4/gson-2.2.4.jar:/home/user/.m2/repository/com/jcraft/jsch/0.1.54/jsch-0.1.54.jar:/home/user/.m2/repository/org/apache/curator/curator-client/2.12.0/curator-client-2.12.0.jar:/home/user/.m2/repository/org/apache/curator/curator-recipes/2.12.0/curator-recipes-2.12.0.jar:/home/user/.m2/repository/com/google/code/findbugs/jsr305/3.0.0/jsr305-3.0.0.jar:/home/user/.m2/repository/org/apache/htrace/htrace-core4/4.1.0-incubating/htrace-core4-4.1.0-incubating.jar:/home/user/.m2/repository/org/apache/zookeeper/zookeeper/3.4.13/zookeeper-3.4.13.jar:/home/user/.m2/repository/org/apache/yetus/audience-annotations/0.5.0/audience-annotations-0.5.0.jar:/home/user/.m2/repository/org/codehaus/woodstox/stax2-api/3.1.4/stax2-api-3.1.4.jar:/home/user/.m2/repository/com/fasterxml/woodstox/woodstox-core/5.0.3/woodstox-core-5.0.3.jar:/home/user/.m2/repository/dnsjava/dnsjava/2.1.7/dnsjava-2.1.7.jar:/home/user/.m2/repository/org/apache/hadoop/hadoop-hdfs/3.2.0/hadoop-hdfs-3.2.0-tests.jar:/home/user/.m2/repository/org/eclipse/jetty/jetty-util-ajax/9.3.24.v20180605/jetty-util-ajax-9.3.24.v20180605.jar:/home/user/.m2/repository/commons-daemon/commons-daemon/1.0.13/commons-daemon-1.0.13.jar:/home/user/.m2/repository/io/netty/netty/3.10.5.Final/netty-3.10.5.Final.jar:/home/user/.m2/repository/io/netty/netty-all/4.0.52.Final/netty-all-4.0.52.Final.jar:/home/user/.m2/repository/org/fusesource/leveldbjni/leveldbjni-all/1.8/leveldbjni-all-1.8.jar:"/>
    <property name="sun.cpu.endian" value="little"/>
    <property name="user.home" value="/home/user"/>
    <property name="user.language" value="en"/>
    <property name="java.specification.vendor" value="Oracle Corporation"/>
    <property name="java.home" value="/usr/lib/jvm/java-1.8-openjdk/jre"/>
    <property name="java.security.krb5.conf" value="/workdir/hadoop-ozone/integration-test/target/test-classes/krb5.conf"/>
    <property name="basedir" value="/workdir/hadoop-ozone/integration-test"/>
    <property name="file.separator" value="/"/>
    <property name="line.separator" value="&#10;"/>
    <property name="java.vm.specification.vendor" value="Oracle Corporation"/>
    <property name="java.specification.name" value="Java Platform API Specification"/>
    <property name="java.awt.graphicsenv" value="sun.awt.X11GraphicsEnvironment"/>
    <property name="surefire.real.class.path" value="/workdir/hadoop-ozone/integration-test/target/surefire/surefirebooter4887586077329532734.jar"/>
    <property name="hadoop.log.dir" value="/workdir/hadoop-ozone/integration-test/target/log"/>
    <property name="sun.boot.class.path" value="/usr/lib/jvm/java-1.8-openjdk/jre/lib/resources.jar:/usr/lib/jvm/java-1.8-openjdk/jre/lib/rt.jar:/usr/lib/jvm/java-1.8-openjdk/jre/lib/sunrsasign.jar:/usr/lib/jvm/java-1.8-openjdk/jre/lib/jsse.jar:/usr/lib/jvm/java-1.8-openjdk/jre/lib/jce.jar:/usr/lib/jvm/java-1.8-openjdk/jre/lib/charsets.jar:/usr/lib/jvm/java-1.8-openjdk/jre/lib/jfr.jar:/usr/lib/jvm/java-1.8-openjdk/jre/classes"/>
    <property name="sun.management.compiler" value="HotSpot 64-Bit Tiered Compilers"/>
    <property name="java.runtime.version" value="1.8.0_212-b04"/>
    <property name="java.net.preferIPv4Stack" value="true"/>
    <property name="user.name" value="jenkins1000"/>
    <property name="path.separator" value=":"/>
    <property name="java.security.egd" value="file:///dev/urandom"/>
    <property name="os.version" value="3.10.0-957.12.2.el7.x86_64"/>
    <property name="java.endorsed.dirs" value="/usr/lib/jvm/java-1.8-openjdk/jre/lib/endorsed"/>
    <property name="java.runtime.name" value="OpenJDK Runtime Environment"/>
    <property name="file.encoding" value="UTF-8"/>
    <property name="java.vm.name" value="OpenJDK 64-Bit Server VM"/>
    <property name="test.build.webapps" value=""/>
    <property name="localRepository" value="/home/user/.m2/repository"/>
    <property name="java.vendor.url.bug" value="https://icedtea.classpath.org/bugzilla"/>
    <property name="java.io.tmpdir" value="/tmp"/>
    <property name="require.test.libhadoop" value=""/>
    <property name="java.version" value="1.8.0_212"/>
    <property name="user.dir" value="/workdir/hadoop-ozone/integration-test"/>
    <property name="os.arch" value="amd64"/>
    <property name="java.vm.specification.name" value="Java Virtual Machine Specification"/>
    <property name="test.build.classes" value="/workdir/hadoop-ozone/integration-test/target/test-classes"/>
    <property name="java.awt.printerjob" value="sun.print.PSPrinterJob"/>
    <property name="sun.os.patch.level" value="unknown"/>
    <property name="hadoop.tmp.dir" value="/workdir/hadoop-ozone/integration-test/target/tmp"/>
    <property name="java.library.path" value="/usr/lib/jvm/java-1.8-openjdk/jre/lib/amd64/server:/usr/lib/jvm/java-1.8-openjdk/jre/lib/amd64:/usr/lib/jvm/java-1.8-openjdk/jre/../lib/amd64:/workdir/hadoop-ozone/integration-test/target/native/target/usr/local/lib:/workdir/hadoop-ozone/integration-test/../../hadoop-common-project/hadoop-common/target/native/target/usr/local/lib:/usr/java/packages/lib/amd64:/usr/lib64:/lib64:/lib:/usr/lib"/>
    <property name="java.vm.info" value="mixed mode"/>
    <property name="java.vendor" value="IcedTea"/>
    <property name="java.vm.version" value="25.212-b04"/>
    <property name="java.ext.dirs" value="/usr/lib/jvm/java-1.8-openjdk/jre/lib/ext:/usr/java/packages/lib/ext"/>
    <property name="sun.io.unicode.encoding" value="UnicodeLittle"/>
    <property name="java.class.version" value="52.0"/>
  </properties>
  <testcase name="testMultiBlockWritesWithDnFailures" classname="org.apache.hadoop.ozone.client.rpc.TestMultiBlockWritesWithDnFailures" time="35.175">
    <error message="Allocated 0 blocks. Requested 1 blocks" type="INTERNAL_ERROR org.apache.hadoop.ozone.om.exceptions.OMException">INTERNAL_ERROR org.apache.hadoop.ozone.om.exceptions.OMException: Allocated 0 blocks. Requested 1 blocks
	at org.apache.hadoop.ozone.om.protocolPB.OzoneManagerProtocolClientSideTranslatorPB.handleError(OzoneManagerProtocolClientSideTranslatorPB.java:720)
	at org.apache.hadoop.ozone.om.protocolPB.OzoneManagerProtocolClientSideTranslatorPB.allocateBlock(OzoneManagerProtocolClientSideTranslatorPB.java:752)
	at org.apache.hadoop.ozone.client.io.BlockOutputStreamEntryPool.allocateNewBlock(BlockOutputStreamEntryPool.java:248)
	at org.apache.hadoop.ozone.client.io.BlockOutputStreamEntryPool.allocateBlockIfNeeded(BlockOutputStreamEntryPool.java:296)
	at org.apache.hadoop.ozone.client.io.KeyOutputStream.handleWrite(KeyOutputStream.java:201)
	at org.apache.hadoop.ozone.client.io.KeyOutputStream.handleRetry(KeyOutputStream.java:376)
	at org.apache.hadoop.ozone.client.io.KeyOutputStream.handleException(KeyOutputStream.java:325)
	at org.apache.hadoop.ozone.client.io.KeyOutputStream.handleWrite(KeyOutputStream.java:231)
	at org.apache.hadoop.ozone.client.io.KeyOutputStream.write(KeyOutputStream.java:193)
	at org.apache.hadoop.ozone.client.io.OzoneOutputStream.write(OzoneOutputStream.java:49)
	at java.io.OutputStream.write(OutputStream.java:75)
	at org.apache.hadoop.ozone.client.rpc.TestMultiBlockWritesWithDnFailures.testMultiBlockWritesWithDnFailures(TestMultiBlockWritesWithDnFailures.java:144)
	at sun.reflect.NativeMethodAccessorImpl.invoke0(Native Method)
	at sun.reflect.NativeMethodAccessorImpl.invoke(NativeMethodAccessorImpl.java:62)
	at sun.reflect.DelegatingMethodAccessorImpl.invoke(DelegatingMethodAccessorImpl.java:43)
	at java.lang.reflect.Method.invoke(Method.java:498)
	at org.junit.runners.model.FrameworkMethod$1.runReflectiveCall(FrameworkMethod.java:47)
	at org.junit.internal.runners.model.ReflectiveCallable.run(ReflectiveCallable.java:12)
	at org.junit.runners.model.FrameworkMethod.invokeExplosively(FrameworkMethod.java:44)
	at org.junit.internal.runners.statements.InvokeMethod.evaluate(InvokeMethod.java:17)
	at org.junit.runners.ParentRunner.runLeaf(ParentRunner.java:271)
	at org.junit.runners.BlockJUnit4ClassRunner.runChild(BlockJUnit4ClassRunner.java:70)
	at org.junit.runners.BlockJUnit4ClassRunner.runChild(BlockJUnit4ClassRunner.java:50)
	at org.junit.runners.ParentRunner$3.run(ParentRunner.java:238)
	at org.junit.runners.ParentRunner$1.schedule(ParentRunner.java:63)
	at org.junit.runners.ParentRunner.runChildren(ParentRunner.java:236)
	at org.junit.runners.ParentRunner.access$000(ParentRunner.java:53)
	at org.junit.runners.ParentRunner$2.evaluate(ParentRunner.java:229)
	at org.junit.runners.ParentRunner.run(ParentRunner.java:309)
	at org.apache.maven.surefire.junit4.JUnit4Provider.execute(JUnit4Provider.java:365)
	at org.apache.maven.surefire.junit4.JUnit4Provider.executeWithRerun(JUnit4Provider.java:273)
	at org.apache.maven.surefire.junit4.JUnit4Provider.executeTestSet(JUnit4Provider.java:238)
	at org.apache.maven.surefire.junit4.JUnit4Provider.invoke(JUnit4Provider.java:159)
	at org.apache.maven.surefire.booter.ForkedBooter.invokeProviderInSameClassLoader(ForkedBooter.java:384)
	at org.apache.maven.surefire.booter.ForkedBooter.runSuitesInProcess(ForkedBooter.java:345)
	at org.apache.maven.surefire.booter.ForkedBooter.execute(ForkedBooter.java:126)
	at org.apache.maven.surefire.booter.ForkedBooter.main(ForkedBooter.java:418)
</error>
    <system-out><![CDATA[2019-08-20 15:53:53,533 WARN  server.ServerUtils (ServerUtils.java:getScmDbDir(145)) - ozone.scm.db.dirs is not configured. We recommend adding this setting. Falling back to ozone.metadata.dirs instead.
2019-08-20 15:53:53,700 WARN  server.ServerUtils (ServerUtils.java:getScmDbDir(145)) - ozone.scm.db.dirs is not configured. We recommend adding this setting. Falling back to ozone.metadata.dirs instead.
2019-08-20 15:53:53,704 WARN  server.ServerUtils (ServerUtils.java:getScmDbDir(145)) - ozone.scm.db.dirs is not configured. We recommend adding this setting. Falling back to ozone.metadata.dirs instead.
2019-08-20 15:53:53,724 INFO  util.log (Log.java:initialized(192)) - Logging initialized @931ms
2019-08-20 15:53:53,846 INFO  db.DBStoreBuilder (DBStoreBuilder.java:addTable(110)) - using custom profile for table: deletedBlocks
2019-08-20 15:53:53,846 INFO  db.DBStoreBuilder (DBStoreBuilder.java:processTables(161)) - Using default column profile:DBProfile.DISK for Table:deletedBlocks
2019-08-20 15:53:53,847 INFO  db.DBStoreBuilder (DBStoreBuilder.java:addTable(110)) - using custom profile for table: validCerts
2019-08-20 15:53:53,847 INFO  db.DBStoreBuilder (DBStoreBuilder.java:processTables(161)) - Using default column profile:DBProfile.DISK for Table:validCerts
2019-08-20 15:53:53,847 INFO  db.DBStoreBuilder (DBStoreBuilder.java:addTable(110)) - using custom profile for table: revokedCerts
2019-08-20 15:53:53,848 INFO  db.DBStoreBuilder (DBStoreBuilder.java:processTables(161)) - Using default column profile:DBProfile.DISK for Table:revokedCerts
2019-08-20 15:53:53,862 INFO  db.DBStoreBuilder (DBStoreBuilder.java:addTable(110)) - using custom profile for table: default
2019-08-20 15:53:53,862 INFO  db.DBStoreBuilder (DBStoreBuilder.java:processTables(167)) - Using default column profile:DBProfile.DISK for Table:default
2019-08-20 15:53:53,863 INFO  db.DBStoreBuilder (DBStoreBuilder.java:getDbProfile(198)) - Using default options. DBProfile.DISK
2019-08-20 15:53:54,062 INFO  net.NodeSchemaLoader (NodeSchemaLoader.java:loadSchemaFromFile(125)) - Loading file from sun.misc.CompoundEnumeration@393671df
2019-08-20 15:53:54,065 INFO  net.NodeSchemaLoader (NodeSchemaLoader.java:loadSchema(171)) - Loading network topology layer schema file
2019-08-20 15:53:54,142 INFO  node.SCMNodeManager (SCMNodeManager.java:<init>(121)) - Entering startup safe mode.
2019-08-20 15:53:54,230 WARN  server.ServerUtils (ServerUtils.java:getScmDbDir(145)) - ozone.scm.db.dirs is not configured. We recommend adding this setting. Falling back to ozone.metadata.dirs instead.
2019-08-20 15:53:54,288 INFO  pipeline.SCMPipelineManager (SCMPipelineManager.java:initializePipelineState(126)) - No pipeline exists in current db
2019-08-20 15:53:54,290 WARN  server.ServerUtils (ServerUtils.java:getScmDbDir(145)) - ozone.scm.db.dirs is not configured. We recommend adding this setting. Falling back to ozone.metadata.dirs instead.
2019-08-20 15:53:54,416 WARN  events.EventQueue (EventQueue.java:fireEvent(175)) - No event handler registered for event TypedEvent{payloadType=SafeModeStatus, name='SafeModeStatus'}
2019-08-20 15:53:54,877 INFO  ipc.CallQueueManager (CallQueueManager.java:<init>(84)) - Using callQueue: class java.util.concurrent.LinkedBlockingQueue, queueCapacity: 2000, scheduler: class org.apache.hadoop.ipc.DefaultRpcScheduler, ipcBackoff: false.
2019-08-20 15:53:54,907 INFO  ipc.Server (Server.java:run(1074)) - Starting Socket Reader #1 for port 43118
2019-08-20 15:53:54,933 INFO  ipc.CallQueueManager (CallQueueManager.java:<init>(84)) - Using callQueue: class java.util.concurrent.LinkedBlockingQueue, queueCapacity: 2000, scheduler: class org.apache.hadoop.ipc.DefaultRpcScheduler, ipcBackoff: false.
2019-08-20 15:53:54,934 INFO  ipc.Server (Server.java:run(1074)) - Starting Socket Reader #1 for port 39433
2019-08-20 15:53:54,942 INFO  ipc.CallQueueManager (CallQueueManager.java:<init>(84)) - Using callQueue: class java.util.concurrent.LinkedBlockingQueue, queueCapacity: 2000, scheduler: class org.apache.hadoop.ipc.DefaultRpcScheduler, ipcBackoff: false.
2019-08-20 15:53:54,942 INFO  ipc.Server (Server.java:run(1074)) - Starting Socket Reader #1 for port 39394
2019-08-20 15:53:55,082 INFO  hdfs.DFSUtil (DFSUtil.java:httpServerTemplateForNNAndJN(1641)) - Starting Web-server for scm at: http://0.0.0.0:0
2019-08-20 15:53:55,241 INFO  server.AuthenticationFilter (AuthenticationFilter.java:constructSecretProvider(240)) - Unable to initialize FileSignerSecretProvider, falling back to use random secrets.
2019-08-20 15:53:55,255 WARN  http.HttpRequestLog (HttpRequestLog.java:getRequestLog(97)) - Jetty request log can only be enabled using Log4j
2019-08-20 15:53:55,267 INFO  http.HttpServer2 (HttpServer2.java:addGlobalFilter(975)) - Added global filter 'safety' (class=org.apache.hadoop.http.HttpServer2$QuotingInputFilter)
2019-08-20 15:53:55,272 INFO  http.HttpServer2 (HttpServer2.java:addFilter(948)) - Added filter static_user_filter (class=org.apache.hadoop.http.lib.StaticUserWebFilter$StaticUserFilter) to context scm
2019-08-20 15:53:55,272 INFO  http.HttpServer2 (HttpServer2.java:addFilter(958)) - Added filter static_user_filter (class=org.apache.hadoop.http.lib.StaticUserWebFilter$StaticUserFilter) to context static
2019-08-20 15:53:55,273 INFO  http.HttpServer2 (HttpServer2.java:addFilter(958)) - Added filter static_user_filter (class=org.apache.hadoop.http.lib.StaticUserWebFilter$StaticUserFilter) to context logs
2019-08-20 15:53:55,315 INFO  server.StorageContainerManager (StorageContainerManager.java:start(758)) - StorageContainerLocationProtocol RPC server is listening at /0.0.0.0:39394
2019-08-20 15:53:55,384 WARN  impl.MetricsConfig (MetricsConfig.java:loadFirst(134)) - Cannot locate configuration: tried hadoop-metrics2-storagecontainermanager.properties,hadoop-metrics2.properties
2019-08-20 15:53:55,397 INFO  impl.MetricsSystemImpl (MetricsSystemImpl.java:startTimer(374)) - Scheduled Metric snapshot period at 10 second(s).
2019-08-20 15:53:55,398 INFO  impl.MetricsSystemImpl (MetricsSystemImpl.java:start(191)) - StorageContainerManager metrics system started
2019-08-20 15:53:55,632 INFO  server.SCMClientProtocolServer (SCMClientProtocolServer.java:start(151)) - RPC server for Client  is listening at /0.0.0.0:39394
2019-08-20 15:53:55,633 INFO  ipc.Server (Server.java:run(1314)) - IPC Server Responder: starting
2019-08-20 15:53:55,633 INFO  ipc.Server (Server.java:run(1153)) - IPC Server listener on 39394: starting
2019-08-20 15:53:55,635 INFO  server.StorageContainerManager (StorageContainerManager.java:start(768)) - ScmBlockLocationProtocol RPC server is listening at /0.0.0.0:39433
2019-08-20 15:53:55,636 INFO  server.SCMBlockProtocolServer (SCMBlockProtocolServer.java:start(140)) - RPC server for Block Protocol is listening at /0.0.0.0:39433
2019-08-20 15:53:55,636 INFO  ipc.Server (Server.java:run(1314)) - IPC Server Responder: starting
2019-08-20 15:53:55,636 INFO  ipc.Server (Server.java:run(1153)) - IPC Server listener on 39433: starting
2019-08-20 15:53:55,639 INFO  server.StorageContainerManager (StorageContainerManager.java:start(772)) - ScmDatanodeProtocl RPC server is listening at /0.0.0.0:43118
2019-08-20 15:53:55,639 INFO  server.SCMDatanodeProtocolServer (SCMDatanodeProtocolServer.java:start(191)) - RPC server for DataNodes is listening at /0.0.0.0:43118
2019-08-20 15:53:55,640 INFO  ipc.Server (Server.java:run(1314)) - IPC Server Responder: starting
2019-08-20 15:53:55,640 INFO  ipc.Server (Server.java:run(1153)) - IPC Server listener on 43118: starting
2019-08-20 15:53:55,644 INFO  http.HttpServer2 (HttpServer2.java:bindListener(1191)) - Jetty bound to port 46242
2019-08-20 15:53:55,647 INFO  server.Server (Server.java:doStart(351)) - jetty-9.3.24.v20180605, build timestamp: 2018-06-05T17:11:56Z, git hash: 84205aa28f11a4f31f2a3b86d1bba2cc8ab69827
2019-08-20 15:53:55,697 INFO  handler.ContextHandler (ContextHandler.java:doStart(781)) - Started o.e.j.s.ServletContextHandler@79d94571{/logs,file:///workdir/hadoop-ozone/integration-test/target/log,AVAILABLE}
2019-08-20 15:53:55,698 INFO  handler.ContextHandler (ContextHandler.java:doStart(781)) - Started o.e.j.s.ServletContextHandler@3212a8d7{/static,file:///workdir/hadoop-ozone/integration-test/target/test-classes/webapps/static,AVAILABLE}
2019-08-20 15:53:55,735 INFO  handler.ContextHandler (ContextHandler.java:doStart(781)) - Started o.e.j.w.WebAppContext@4a3e3e8b{/,file:///workdir/hadoop-ozone/integration-test/target/test-classes/webapps/scm/,AVAILABLE}{/scm}
2019-08-20 15:53:55,741 INFO  server.AbstractConnector (AbstractConnector.java:doStart(278)) - Started ServerConnector@6e9319f{HTTP/1.1,[http/1.1]}{0.0.0.0:46242}
2019-08-20 15:53:55,741 INFO  server.Server (Server.java:doStart(419)) - Started @2948ms
2019-08-20 15:53:55,742 INFO  server.BaseHttpServer (BaseHttpServer.java:updateConnectorAddress(213)) - HTTP server of SCM is listening at http://0.0.0.0:46242
2019-08-20 15:53:55,748 INFO  util.JvmPauseMonitor (JvmPauseMonitor.java:run(188)) - Starting JVM pause monitor
2019-08-20 15:53:55,751 WARN  server.ServerUtils (ServerUtils.java:getDBPath(222)) - ozone.om.db.dirs is not configured. We recommend adding this setting. Falling back to ozone.metadata.dirs instead.
2019-08-20 15:53:55,858 WARN  server.ServerUtils (ServerUtils.java:getDBPath(222)) - ozone.om.db.dirs is not configured. We recommend adding this setting. Falling back to ozone.metadata.dirs instead.
2019-08-20 15:53:55,859 WARN  server.ServerUtils (ServerUtils.java:getDBPath(222)) - ozone.om.db.dirs is not configured. We recommend adding this setting. Falling back to ozone.metadata.dirs instead.
2019-08-20 15:53:55,860 INFO  om.OzoneManager (OzoneManager.java:setOMNodeDetails(647)) - OM Service ID is not set. Setting it to the default ID: omServiceIdDefault
2019-08-20 15:53:55,860 INFO  om.OzoneManager (OzoneManager.java:setOMNodeDetails(653)) - OM Node ID is not set. Setting it to the OmStorage's OmID: 5d32fc4b-0173-40a5-92a0-53a5e8bf3843
2019-08-20 15:53:55,861 INFO  om.OzoneManager (OzoneManager.java:loadOMHAConfigs(604)) - Found matching OM address with OMServiceId: null, OMNodeId: null, RPC Address: localhost:0 and Ratis port: 9872
2019-08-20 15:53:56,579 WARN  server.ServerUtils (ServerUtils.java:getDBPath(222)) - ozone.om.db.dirs is not configured. We recommend adding this setting. Falling back to ozone.metadata.dirs instead.
2019-08-20 15:53:56,586 INFO  db.DBStoreBuilder (DBStoreBuilder.java:addTable(110)) - using custom profile for table: userTable
2019-08-20 15:53:56,586 INFO  db.DBStoreBuilder (DBStoreBuilder.java:processTables(161)) - Using default column profile:DBProfile.DISK for Table:userTable
2019-08-20 15:53:56,586 INFO  db.DBStoreBuilder (DBStoreBuilder.java:addTable(110)) - using custom profile for table: volumeTable
2019-08-20 15:53:56,586 INFO  db.DBStoreBuilder (DBStoreBuilder.java:processTables(161)) - Using default column profile:DBProfile.DISK for Table:volumeTable
2019-08-20 15:53:56,587 INFO  db.DBStoreBuilder (DBStoreBuilder.java:addTable(110)) - using custom profile for table: bucketTable
2019-08-20 15:53:56,587 INFO  db.DBStoreBuilder (DBStoreBuilder.java:processTables(161)) - Using default column profile:DBProfile.DISK for Table:bucketTable
2019-08-20 15:53:56,587 INFO  db.DBStoreBuilder (DBStoreBuilder.java:addTable(110)) - using custom profile for table: keyTable
2019-08-20 15:53:56,587 INFO  db.DBStoreBuilder (DBStoreBuilder.java:processTables(161)) - Using default column profile:DBProfile.DISK for Table:keyTable
2019-08-20 15:53:56,588 INFO  db.DBStoreBuilder (DBStoreBuilder.java:addTable(110)) - using custom profile for table: deletedTable
2019-08-20 15:53:56,588 INFO  db.DBStoreBuilder (DBStoreBuilder.java:processTables(161)) - Using default column profile:DBProfile.DISK for Table:deletedTable
2019-08-20 15:53:56,588 INFO  db.DBStoreBuilder (DBStoreBuilder.java:addTable(110)) - using custom profile for table: openKeyTable
2019-08-20 15:53:56,588 INFO  db.DBStoreBuilder (DBStoreBuilder.java:processTables(161)) - Using default column profile:DBProfile.DISK for Table:openKeyTable
2019-08-20 15:53:56,589 INFO  db.DBStoreBuilder (DBStoreBuilder.java:addTable(110)) - using custom profile for table: s3Table
2019-08-20 15:53:56,589 INFO  db.DBStoreBuilder (DBStoreBuilder.java:processTables(161)) - Using default column profile:DBProfile.DISK for Table:s3Table
2019-08-20 15:53:56,589 INFO  db.DBStoreBuilder (DBStoreBuilder.java:addTable(110)) - using custom profile for table: multipartInfoTable
2019-08-20 15:53:56,589 INFO  db.DBStoreBuilder (DBStoreBuilder.java:processTables(161)) - Using default column profile:DBProfile.DISK for Table:multipartInfoTable
2019-08-20 15:53:56,590 INFO  db.DBStoreBuilder (DBStoreBuilder.java:addTable(110)) - using custom profile for table: dTokenTable
2019-08-20 15:53:56,590 INFO  db.DBStoreBuilder (DBStoreBuilder.java:processTables(161)) - Using default column profile:DBProfile.DISK for Table:dTokenTable
2019-08-20 15:53:56,590 INFO  db.DBStoreBuilder (DBStoreBuilder.java:addTable(110)) - using custom profile for table: s3SecretTable
2019-08-20 15:53:56,590 INFO  db.DBStoreBuilder (DBStoreBuilder.java:processTables(161)) - Using default column profile:DBProfile.DISK for Table:s3SecretTable
2019-08-20 15:53:56,591 INFO  db.DBStoreBuilder (DBStoreBuilder.java:addTable(110)) - using custom profile for table: prefixTable
2019-08-20 15:53:56,591 INFO  db.DBStoreBuilder (DBStoreBuilder.java:processTables(161)) - Using default column profile:DBProfile.DISK for Table:prefixTable
2019-08-20 15:53:56,591 INFO  db.DBStoreBuilder (DBStoreBuilder.java:addTable(110)) - using custom profile for table: default
2019-08-20 15:53:56,591 INFO  db.DBStoreBuilder (DBStoreBuilder.java:processTables(167)) - Using default column profile:DBProfile.DISK for Table:default
2019-08-20 15:53:56,592 INFO  db.DBStoreBuilder (DBStoreBuilder.java:getDbProfile(198)) - Using default options. DBProfile.DISK
2019-08-20 15:53:57,023 INFO  ipc.CallQueueManager (CallQueueManager.java:<init>(84)) - Using callQueue: class java.util.concurrent.LinkedBlockingQueue, queueCapacity: 2000, scheduler: class org.apache.hadoop.ipc.DefaultRpcScheduler, ipcBackoff: false.
2019-08-20 15:53:57,024 INFO  ipc.Server (Server.java:run(1074)) - Starting Socket Reader #1 for port 42027
2019-08-20 15:53:57,043 INFO  om.OzoneManager (OzoneManager.java:start(1258)) - OzoneManager RPC server is listening at localhost/127.0.0.1:42027
2019-08-20 15:53:57,044 INFO  impl.MetricsSystemImpl (MetricsSystemImpl.java:init(158)) - OzoneManager metrics system started (again)
2019-08-20 15:53:57,046 INFO  ipc.Server (Server.java:run(1314)) - IPC Server Responder: starting
2019-08-20 15:53:57,046 INFO  ipc.Server (Server.java:run(1153)) - IPC Server listener on 42027: starting
2019-08-20 15:53:57,057 INFO  hdfs.DFSUtil (DFSUtil.java:httpServerTemplateForNNAndJN(1641)) - Starting Web-server for ozoneManager at: http://0.0.0.0:0
2019-08-20 15:53:57,059 INFO  server.AuthenticationFilter (AuthenticationFilter.java:constructSecretProvider(240)) - Unable to initialize FileSignerSecretProvider, falling back to use random secrets.
2019-08-20 15:53:57,059 WARN  http.HttpRequestLog (HttpRequestLog.java:getRequestLog(97)) - Jetty request log can only be enabled using Log4j
2019-08-20 15:53:57,061 INFO  http.HttpServer2 (HttpServer2.java:addGlobalFilter(975)) - Added global filter 'safety' (class=org.apache.hadoop.http.HttpServer2$QuotingInputFilter)
2019-08-20 15:53:57,062 INFO  http.HttpServer2 (HttpServer2.java:addFilter(948)) - Added filter static_user_filter (class=org.apache.hadoop.http.lib.StaticUserWebFilter$StaticUserFilter) to context ozoneManager
2019-08-20 15:53:57,062 INFO  http.HttpServer2 (HttpServer2.java:addFilter(958)) - Added filter static_user_filter (class=org.apache.hadoop.http.lib.StaticUserWebFilter$StaticUserFilter) to context static
2019-08-20 15:53:57,062 INFO  http.HttpServer2 (HttpServer2.java:addFilter(958)) - Added filter static_user_filter (class=org.apache.hadoop.http.lib.StaticUserWebFilter$StaticUserFilter) to context logs
2019-08-20 15:53:57,065 INFO  http.HttpServer2 (HttpServer2.java:bindListener(1191)) - Jetty bound to port 35347
2019-08-20 15:53:57,065 INFO  server.Server (Server.java:doStart(351)) - jetty-9.3.24.v20180605, build timestamp: 2018-06-05T17:11:56Z, git hash: 84205aa28f11a4f31f2a3b86d1bba2cc8ab69827
2019-08-20 15:53:57,067 INFO  handler.ContextHandler (ContextHandler.java:doStart(781)) - Started o.e.j.s.ServletContextHandler@7c28c1{/logs,file:///workdir/hadoop-ozone/integration-test/target/log,AVAILABLE}
2019-08-20 15:53:57,067 INFO  handler.ContextHandler (ContextHandler.java:doStart(781)) - Started o.e.j.s.ServletContextHandler@67ec8477{/static,file:///workdir/hadoop-ozone/integration-test/target/test-classes/webapps/static,AVAILABLE}
2019-08-20 15:53:57,072 INFO  handler.ContextHandler (ContextHandler.java:doStart(781)) - Started o.e.j.w.WebAppContext@1dab9dd6{/,file:///workdir/hadoop-ozone/integration-test/target/test-classes/webapps/ozoneManager/,AVAILABLE}{/ozoneManager}
2019-08-20 15:53:57,073 INFO  server.AbstractConnector (AbstractConnector.java:doStart(278)) - Started ServerConnector@247667dd{HTTP/1.1,[http/1.1]}{0.0.0.0:35347}
2019-08-20 15:53:57,074 INFO  server.Server (Server.java:doStart(419)) - Started @4280ms
2019-08-20 15:53:57,075 INFO  server.BaseHttpServer (BaseHttpServer.java:updateConnectorAddress(213)) - HTTP server of OZONEMANAGER is listening at http://0.0.0.0:35347
2019-08-20 15:53:57,388 INFO  impl.MetricsSystemImpl (MetricsSystemImpl.java:init(158)) - HddsDatanode metrics system started (again)
2019-08-20 15:53:57,488 INFO  ozone.HddsDatanodeService (HddsDatanodeService.java:start(184)) - HddsDatanodeService host:pr-hdds-1879-mp8vb-189615265 ip:192.168.5.175
2019-08-20 15:53:57,521 INFO  volume.HddsVolume (HddsVolume.java:<init>(176)) - Creating Volume: /workdir/hadoop-ozone/integration-test/target/test-dir/MiniOzoneClusterImpl-802bd29e-af6e-48ad-aaa5-d32a5604ae37/datanode-0/data/containers/hdds of  storage type : DISK and capacity : 1482555576320
2019-08-20 15:53:57,523 INFO  volume.VolumeSet (VolumeSet.java:initializeVolumeSet(170)) - Added Volume : /workdir/hadoop-ozone/integration-test/target/test-dir/MiniOzoneClusterImpl-802bd29e-af6e-48ad-aaa5-d32a5604ae37/datanode-0/data/containers/hdds to VolumeSet
2019-08-20 15:53:57,526 INFO  volume.ThrottledAsyncChecker (ThrottledAsyncChecker.java:schedule(140)) - Scheduling a check for org.apache.hadoop.ozone.container.common.volume.HddsVolume@35088e87
2019-08-20 15:53:57,543 INFO  volume.HddsVolumeChecker (HddsVolumeChecker.java:checkAllVolumes(203)) - Scheduled health check for volume org.apache.hadoop.ozone.container.common.volume.HddsVolume@35088e87
2019-08-20 15:53:57,674 INFO  impl.RaftServerProxy (ConfUtils.java:logGet(43)) - raft.rpc.type = GRPC (default)
2019-08-20 15:53:57,735 INFO  grpc.GrpcFactory (GrpcFactory.java:checkPooledByteBufAllocatorUseCacheForAllThreads(45)) - PERFORMANCE WARNING: useCacheForAllThreads is true that may cause Netty to create a lot garbage objects and, as a result, trigger GC.
	It is recommended to disable useCacheForAllThreads by setting -Dorg.apache.ratis.thirdparty.io.netty.allocator.useCacheForAllThreads=false in command line.
2019-08-20 15:53:57,739 INFO  grpc.GrpcConfigKeys$Server (ConfUtils.java:logGet(43)) - raft.grpc.server.port = 0 (default)
2019-08-20 15:53:57,740 INFO  server.GrpcService (ConfUtils.java:logGet(43)) - raft.grpc.message.size.max = 33570816 (custom)
2019-08-20 15:53:57,742 INFO  server.RaftServerConfigKeys (ConfUtils.java:logGet(43)) - raft.server.log.appender.buffer.byte-limit = 33554432 (custom)
2019-08-20 15:53:57,742 INFO  server.GrpcService (ConfUtils.java:logGet(43)) - raft.grpc.flow.control.window = 1MB (=1048576) (default)
2019-08-20 15:53:57,743 INFO  server.RaftServerConfigKeys (ConfUtils.java:logGet(43)) - raft.server.rpc.request.timeout = 3000ms (default)
2019-08-20 15:53:57,895 INFO  server.RaftServerConfigKeys (ConfUtils.java:logGet(43)) - raft.server.storage.dir = [/workdir/hadoop-ozone/integration-test/target/test-dir/MiniOzoneClusterImpl-802bd29e-af6e-48ad-aaa5-d32a5604ae37/datanode-0/data/ratis] (custom)
2019-08-20 15:53:57,938 INFO  replication.SimpleContainerDownloader (SimpleContainerDownloader.java:<init>(72)) - Starting container downloader service to copy containers to replicate.
2019-08-20 15:53:57,957 INFO  hdfs.DFSUtil (DFSUtil.java:httpServerTemplateForNNAndJN(1641)) - Starting Web-server for hddsDatanode at: http://0.0.0.0:0
2019-08-20 15:53:57,959 INFO  server.AuthenticationFilter (AuthenticationFilter.java:constructSecretProvider(240)) - Unable to initialize FileSignerSecretProvider, falling back to use random secrets.
2019-08-20 15:53:57,960 WARN  http.HttpRequestLog (HttpRequestLog.java:getRequestLog(97)) - Jetty request log can only be enabled using Log4j
2019-08-20 15:53:57,963 INFO  http.HttpServer2 (HttpServer2.java:addGlobalFilter(975)) - Added global filter 'safety' (class=org.apache.hadoop.http.HttpServer2$QuotingInputFilter)
2019-08-20 15:53:57,964 INFO  http.HttpServer2 (HttpServer2.java:addFilter(948)) - Added filter static_user_filter (class=org.apache.hadoop.http.lib.StaticUserWebFilter$StaticUserFilter) to context hddsDatanode
2019-08-20 15:53:57,964 INFO  http.HttpServer2 (HttpServer2.java:addFilter(958)) - Added filter static_user_filter (class=org.apache.hadoop.http.lib.StaticUserWebFilter$StaticUserFilter) to context logs
2019-08-20 15:53:57,965 INFO  http.HttpServer2 (HttpServer2.java:addFilter(958)) - Added filter static_user_filter (class=org.apache.hadoop.http.lib.StaticUserWebFilter$StaticUserFilter) to context static
2019-08-20 15:53:57,966 INFO  http.HttpServer2 (HttpServer2.java:bindListener(1191)) - Jetty bound to port 46466
2019-08-20 15:53:57,967 INFO  server.Server (Server.java:doStart(351)) - jetty-9.3.24.v20180605, build timestamp: 2018-06-05T17:11:56Z, git hash: 84205aa28f11a4f31f2a3b86d1bba2cc8ab69827
2019-08-20 15:53:57,969 INFO  handler.ContextHandler (ContextHandler.java:doStart(781)) - Started o.e.j.s.ServletContextHandler@7efd28bd{/logs,file:///workdir/hadoop-ozone/integration-test/target/log,AVAILABLE}
2019-08-20 15:53:57,970 INFO  handler.ContextHandler (ContextHandler.java:doStart(781)) - Started o.e.j.s.ServletContextHandler@7718a40f{/static,jar:file:/home/user/.m2/repository/org/apache/hadoop/hadoop-hdds-container-service/0.5.0-SNAPSHOT/hadoop-hdds-container-service-0.5.0-SNAPSHOT.jar!/webapps/static,AVAILABLE}
2019-08-20 15:53:58,005 INFO  handler.ContextHandler (ContextHandler.java:doStart(781)) - Started o.e.j.w.WebAppContext@33899f7a{/,file:///tmp/jetty-0.0.0.0-46466-hddsDatanode-_-any-7622679253634535441.dir/webapp/,AVAILABLE}{/hddsDatanode}
2019-08-20 15:53:58,007 INFO  server.AbstractConnector (AbstractConnector.java:doStart(278)) - Started ServerConnector@7899de11{HTTP/1.1,[http/1.1]}{0.0.0.0:46466}
2019-08-20 15:53:58,007 INFO  server.Server (Server.java:doStart(419)) - Started @5214ms
2019-08-20 15:53:58,008 INFO  server.BaseHttpServer (BaseHttpServer.java:updateConnectorAddress(213)) - HTTP server of HDDSDATANODE is listening at http://0.0.0.0:46466
2019-08-20 15:53:59,114 INFO  ozone.HddsDatanodeService (HddsDatanodeService.java:startPlugins(395)) - Started plug-in org.apache.hadoop.ozone.web.OzoneHddsDatanodeService@796d33eb
2019-08-20 15:53:59,116 INFO  impl.MetricsSystemImpl (MetricsSystemImpl.java:init(158)) - HddsDatanode metrics system started (again)
2019-08-20 15:53:59,119 INFO  ozone.HddsDatanodeService (HddsDatanodeService.java:start(184)) - HddsDatanodeService host:pr-hdds-1879-mp8vb-189615265 ip:192.168.5.175
2019-08-20 15:53:59,122 INFO  util.JvmPauseMonitor (JvmPauseMonitor.java:run(188)) - Starting JVM pause monitor
2019-08-20 15:53:59,128 INFO  volume.HddsVolume (HddsVolume.java:<init>(176)) - Creating Volume: /workdir/hadoop-ozone/integration-test/target/test-dir/MiniOzoneClusterImpl-802bd29e-af6e-48ad-aaa5-d32a5604ae37/datanode-1/data/containers/hdds of  storage type : DISK and capacity : 1482555576320
2019-08-20 15:53:59,129 INFO  volume.VolumeSet (VolumeSet.java:initializeVolumeSet(170)) - Added Volume : /workdir/hadoop-ozone/integration-test/target/test-dir/MiniOzoneClusterImpl-802bd29e-af6e-48ad-aaa5-d32a5604ae37/datanode-1/data/containers/hdds to VolumeSet
2019-08-20 15:53:59,129 INFO  volume.ThrottledAsyncChecker (ThrottledAsyncChecker.java:schedule(140)) - Scheduling a check for org.apache.hadoop.ozone.container.common.volume.HddsVolume@4bf80c29
2019-08-20 15:53:59,130 INFO  volume.HddsVolumeChecker (HddsVolumeChecker.java:checkAllVolumes(203)) - Scheduled health check for volume org.apache.hadoop.ozone.container.common.volume.HddsVolume@4bf80c29
2019-08-20 15:53:59,147 INFO  impl.RaftServerProxy (ConfUtils.java:logGet(43)) - raft.rpc.type = GRPC (default)
2019-08-20 15:53:59,147 INFO  grpc.GrpcFactory (GrpcFactory.java:checkPooledByteBufAllocatorUseCacheForAllThreads(45)) - PERFORMANCE WARNING: useCacheForAllThreads is true that may cause Netty to create a lot garbage objects and, as a result, trigger GC.
	It is recommended to disable useCacheForAllThreads by setting -Dorg.apache.ratis.thirdparty.io.netty.allocator.useCacheForAllThreads=false in command line.
2019-08-20 15:53:59,147 INFO  grpc.GrpcConfigKeys$Server (ConfUtils.java:logGet(43)) - raft.grpc.server.port = 0 (default)
2019-08-20 15:53:59,147 INFO  server.GrpcService (ConfUtils.java:logGet(43)) - raft.grpc.message.size.max = 33570816 (custom)
2019-08-20 15:53:59,148 INFO  server.RaftServerConfigKeys (ConfUtils.java:logGet(43)) - raft.server.log.appender.buffer.byte-limit = 33554432 (custom)
2019-08-20 15:53:59,148 INFO  server.GrpcService (ConfUtils.java:logGet(43)) - raft.grpc.flow.control.window = 1MB (=1048576) (default)
2019-08-20 15:53:59,148 INFO  server.RaftServerConfigKeys (ConfUtils.java:logGet(43)) - raft.server.rpc.request.timeout = 3000ms (default)
2019-08-20 15:53:59,149 INFO  server.RaftServerConfigKeys (ConfUtils.java:logGet(43)) - raft.server.storage.dir = [/workdir/hadoop-ozone/integration-test/target/test-dir/MiniOzoneClusterImpl-802bd29e-af6e-48ad-aaa5-d32a5604ae37/datanode-1/data/ratis] (custom)
2019-08-20 15:53:59,149 INFO  replication.SimpleContainerDownloader (SimpleContainerDownloader.java:<init>(72)) - Starting container downloader service to copy containers to replicate.
2019-08-20 15:53:59,151 INFO  hdfs.DFSUtil (DFSUtil.java:httpServerTemplateForNNAndJN(1641)) - Starting Web-server for hddsDatanode at: http://0.0.0.0:0
2019-08-20 15:53:59,155 INFO  server.AuthenticationFilter (AuthenticationFilter.java:constructSecretProvider(240)) - Unable to initialize FileSignerSecretProvider, falling back to use random secrets.
2019-08-20 15:53:59,156 WARN  http.HttpRequestLog (HttpRequestLog.java:getRequestLog(97)) - Jetty request log can only be enabled using Log4j
2019-08-20 15:53:59,159 INFO  http.HttpServer2 (HttpServer2.java:addGlobalFilter(975)) - Added global filter 'safety' (class=org.apache.hadoop.http.HttpServer2$QuotingInputFilter)
2019-08-20 15:53:59,160 INFO  http.HttpServer2 (HttpServer2.java:addFilter(948)) - Added filter static_user_filter (class=org.apache.hadoop.http.lib.StaticUserWebFilter$StaticUserFilter) to context hddsDatanode
2019-08-20 15:53:59,160 INFO  http.HttpServer2 (HttpServer2.java:addFilter(958)) - Added filter static_user_filter (class=org.apache.hadoop.http.lib.StaticUserWebFilter$StaticUserFilter) to context static
2019-08-20 15:53:59,160 INFO  http.HttpServer2 (HttpServer2.java:addFilter(958)) - Added filter static_user_filter (class=org.apache.hadoop.http.lib.StaticUserWebFilter$StaticUserFilter) to context logs
2019-08-20 15:53:59,161 INFO  http.HttpServer2 (HttpServer2.java:bindListener(1191)) - Jetty bound to port 42229
2019-08-20 15:53:59,162 INFO  server.Server (Server.java:doStart(351)) - jetty-9.3.24.v20180605, build timestamp: 2018-06-05T17:11:56Z, git hash: 84205aa28f11a4f31f2a3b86d1bba2cc8ab69827
2019-08-20 15:53:59,166 INFO  handler.ContextHandler (ContextHandler.java:doStart(781)) - Started o.e.j.s.ServletContextHandler@7b53b1ad{/logs,file:///workdir/hadoop-ozone/integration-test/target/log,AVAILABLE}
2019-08-20 15:53:59,167 INFO  handler.ContextHandler (ContextHandler.java:doStart(781)) - Started o.e.j.s.ServletContextHandler@388c519{/static,jar:file:/home/user/.m2/repository/org/apache/hadoop/hadoop-hdds-container-service/0.5.0-SNAPSHOT/hadoop-hdds-container-service-0.5.0-SNAPSHOT.jar!/webapps/static,AVAILABLE}
2019-08-20 15:53:59,209 INFO  handler.ContextHandler (ContextHandler.java:doStart(781)) - Started o.e.j.w.WebAppContext@4cc01c7f{/,file:///tmp/jetty-0.0.0.0-42229-hddsDatanode-_-any-6062418126133366854.dir/webapp/,AVAILABLE}{/hddsDatanode}
2019-08-20 15:53:59,210 INFO  server.AbstractConnector (AbstractConnector.java:doStart(278)) - Started ServerConnector@2a50b32d{HTTP/1.1,[http/1.1]}{0.0.0.0:42229}
2019-08-20 15:53:59,211 INFO  server.Server (Server.java:doStart(419)) - Started @6418ms
2019-08-20 15:53:59,212 INFO  server.BaseHttpServer (BaseHttpServer.java:updateConnectorAddress(213)) - HTTP server of HDDSDATANODE is listening at http://0.0.0.0:42229
2019-08-20 15:53:59,237 INFO  datanode.InitDatanodeState (InitDatanodeState.java:persistContainerDatanodeDetails(140)) - DatanodeDetails is persisted to /workdir/hadoop-ozone/integration-test/target/test-dir/MiniOzoneClusterImpl-802bd29e-af6e-48ad-aaa5-d32a5604ae37/datanode-0/meta/datanode.id
2019-08-20 15:53:59,400 INFO  ozone.HddsDatanodeService (HddsDatanodeService.java:startPlugins(395)) - Started plug-in org.apache.hadoop.ozone.web.OzoneHddsDatanodeService@382dc417
2019-08-20 15:53:59,401 INFO  impl.MetricsSystemImpl (MetricsSystemImpl.java:init(158)) - HddsDatanode metrics system started (again)
2019-08-20 15:53:59,404 INFO  ozone.HddsDatanodeService (HddsDatanodeService.java:start(184)) - HddsDatanodeService host:pr-hdds-1879-mp8vb-189615265 ip:192.168.5.175
2019-08-20 15:53:59,404 INFO  util.JvmPauseMonitor (JvmPauseMonitor.java:run(188)) - Starting JVM pause monitor
2019-08-20 15:53:59,412 INFO  volume.HddsVolume (HddsVolume.java:<init>(176)) - Creating Volume: /workdir/hadoop-ozone/integration-test/target/test-dir/MiniOzoneClusterImpl-802bd29e-af6e-48ad-aaa5-d32a5604ae37/datanode-2/data/containers/hdds of  storage type : DISK and capacity : 1482555576320
2019-08-20 15:53:59,412 INFO  volume.VolumeSet (VolumeSet.java:initializeVolumeSet(170)) - Added Volume : /workdir/hadoop-ozone/integration-test/target/test-dir/MiniOzoneClusterImpl-802bd29e-af6e-48ad-aaa5-d32a5604ae37/datanode-2/data/containers/hdds to VolumeSet
2019-08-20 15:53:59,412 INFO  volume.ThrottledAsyncChecker (ThrottledAsyncChecker.java:schedule(140)) - Scheduling a check for org.apache.hadoop.ozone.container.common.volume.HddsVolume@7cfb0c4c
2019-08-20 15:53:59,413 INFO  volume.HddsVolumeChecker (HddsVolumeChecker.java:checkAllVolumes(203)) - Scheduled health check for volume org.apache.hadoop.ozone.container.common.volume.HddsVolume@7cfb0c4c
2019-08-20 15:53:59,413 INFO  datanode.InitDatanodeState (InitDatanodeState.java:persistContainerDatanodeDetails(140)) - DatanodeDetails is persisted to /workdir/hadoop-ozone/integration-test/target/test-dir/MiniOzoneClusterImpl-802bd29e-af6e-48ad-aaa5-d32a5604ae37/datanode-1/meta/datanode.id
2019-08-20 15:53:59,428 INFO  impl.RaftServerProxy (ConfUtils.java:logGet(43)) - raft.rpc.type = GRPC (default)
2019-08-20 15:53:59,429 INFO  grpc.GrpcFactory (GrpcFactory.java:checkPooledByteBufAllocatorUseCacheForAllThreads(45)) - PERFORMANCE WARNING: useCacheForAllThreads is true that may cause Netty to create a lot garbage objects and, as a result, trigger GC.
	It is recommended to disable useCacheForAllThreads by setting -Dorg.apache.ratis.thirdparty.io.netty.allocator.useCacheForAllThreads=false in command line.
2019-08-20 15:53:59,429 INFO  grpc.GrpcConfigKeys$Server (ConfUtils.java:logGet(43)) - raft.grpc.server.port = 0 (default)
2019-08-20 15:53:59,429 INFO  server.GrpcService (ConfUtils.java:logGet(43)) - raft.grpc.message.size.max = 33570816 (custom)
2019-08-20 15:53:59,429 INFO  server.RaftServerConfigKeys (ConfUtils.java:logGet(43)) - raft.server.log.appender.buffer.byte-limit = 33554432 (custom)
2019-08-20 15:53:59,430 INFO  server.GrpcService (ConfUtils.java:logGet(43)) - raft.grpc.flow.control.window = 1MB (=1048576) (default)
2019-08-20 15:53:59,430 INFO  server.RaftServerConfigKeys (ConfUtils.java:logGet(43)) - raft.server.rpc.request.timeout = 3000ms (default)
2019-08-20 15:53:59,431 INFO  server.RaftServerConfigKeys (ConfUtils.java:logGet(43)) - raft.server.storage.dir = [/workdir/hadoop-ozone/integration-test/target/test-dir/MiniOzoneClusterImpl-802bd29e-af6e-48ad-aaa5-d32a5604ae37/datanode-2/data/ratis] (custom)
2019-08-20 15:53:59,431 INFO  replication.SimpleContainerDownloader (SimpleContainerDownloader.java:<init>(72)) - Starting container downloader service to copy containers to replicate.
2019-08-20 15:53:59,433 INFO  hdfs.DFSUtil (DFSUtil.java:httpServerTemplateForNNAndJN(1641)) - Starting Web-server for hddsDatanode at: http://0.0.0.0:0
2019-08-20 15:53:59,435 INFO  server.AuthenticationFilter (AuthenticationFilter.java:constructSecretProvider(240)) - Unable to initialize FileSignerSecretProvider, falling back to use random secrets.
2019-08-20 15:53:59,435 WARN  http.HttpRequestLog (HttpRequestLog.java:getRequestLog(97)) - Jetty request log can only be enabled using Log4j
2019-08-20 15:53:59,437 INFO  http.HttpServer2 (HttpServer2.java:addGlobalFilter(975)) - Added global filter 'safety' (class=org.apache.hadoop.http.HttpServer2$QuotingInputFilter)
2019-08-20 15:53:59,438 INFO  http.HttpServer2 (HttpServer2.java:addFilter(948)) - Added filter static_user_filter (class=org.apache.hadoop.http.lib.StaticUserWebFilter$StaticUserFilter) to context hddsDatanode
2019-08-20 15:53:59,439 INFO  http.HttpServer2 (HttpServer2.java:addFilter(958)) - Added filter static_user_filter (class=org.apache.hadoop.http.lib.StaticUserWebFilter$StaticUserFilter) to context logs
2019-08-20 15:53:59,439 INFO  http.HttpServer2 (HttpServer2.java:addFilter(958)) - Added filter static_user_filter (class=org.apache.hadoop.http.lib.StaticUserWebFilter$StaticUserFilter) to context static
2019-08-20 15:53:59,440 INFO  http.HttpServer2 (HttpServer2.java:bindListener(1191)) - Jetty bound to port 44468
2019-08-20 15:53:59,440 INFO  server.Server (Server.java:doStart(351)) - jetty-9.3.24.v20180605, build timestamp: 2018-06-05T17:11:56Z, git hash: 84205aa28f11a4f31f2a3b86d1bba2cc8ab69827
2019-08-20 15:53:59,443 INFO  handler.ContextHandler (ContextHandler.java:doStart(781)) - Started o.e.j.s.ServletContextHandler@15d3793b{/logs,file:///workdir/hadoop-ozone/integration-test/target/log,AVAILABLE}
2019-08-20 15:53:59,443 INFO  handler.ContextHandler (ContextHandler.java:doStart(781)) - Started o.e.j.s.ServletContextHandler@1213ffbc{/static,jar:file:/home/user/.m2/repository/org/apache/hadoop/hadoop-hdds-container-service/0.5.0-SNAPSHOT/hadoop-hdds-container-service-0.5.0-SNAPSHOT.jar!/webapps/static,AVAILABLE}
2019-08-20 15:53:59,486 INFO  handler.ContextHandler (ContextHandler.java:doStart(781)) - Started o.e.j.w.WebAppContext@587c5c1{/,file:///tmp/jetty-0.0.0.0-44468-hddsDatanode-_-any-7772189577471054152.dir/webapp/,AVAILABLE}{/hddsDatanode}
2019-08-20 15:53:59,487 INFO  server.AbstractConnector (AbstractConnector.java:doStart(278)) - Started ServerConnector@528c8c1{HTTP/1.1,[http/1.1]}{0.0.0.0:44468}
2019-08-20 15:53:59,488 INFO  server.Server (Server.java:doStart(419)) - Started @6695ms
2019-08-20 15:53:59,490 INFO  server.BaseHttpServer (BaseHttpServer.java:updateConnectorAddress(213)) - HTTP server of HDDSDATANODE is listening at http://0.0.0.0:44468
2019-08-20 15:53:59,660 INFO  ozone.HddsDatanodeService (HddsDatanodeService.java:startPlugins(395)) - Started plug-in org.apache.hadoop.ozone.web.OzoneHddsDatanodeService@20a24edf
2019-08-20 15:53:59,661 INFO  impl.MetricsSystemImpl (MetricsSystemImpl.java:init(158)) - HddsDatanode metrics system started (again)
2019-08-20 15:53:59,664 INFO  util.JvmPauseMonitor (JvmPauseMonitor.java:run(188)) - Starting JVM pause monitor
2019-08-20 15:53:59,664 INFO  ozone.HddsDatanodeService (HddsDatanodeService.java:start(184)) - HddsDatanodeService host:pr-hdds-1879-mp8vb-189615265 ip:192.168.5.175
2019-08-20 15:53:59,667 INFO  datanode.InitDatanodeState (InitDatanodeState.java:persistContainerDatanodeDetails(140)) - DatanodeDetails is persisted to /workdir/hadoop-ozone/integration-test/target/test-dir/MiniOzoneClusterImpl-802bd29e-af6e-48ad-aaa5-d32a5604ae37/datanode-2/meta/datanode.id
2019-08-20 15:53:59,673 INFO  volume.HddsVolume (HddsVolume.java:<init>(176)) - Creating Volume: /workdir/hadoop-ozone/integration-test/target/test-dir/MiniOzoneClusterImpl-802bd29e-af6e-48ad-aaa5-d32a5604ae37/datanode-3/data/containers/hdds of  storage type : DISK and capacity : 1482555576320
2019-08-20 15:53:59,674 INFO  volume.VolumeSet (VolumeSet.java:initializeVolumeSet(170)) - Added Volume : /workdir/hadoop-ozone/integration-test/target/test-dir/MiniOzoneClusterImpl-802bd29e-af6e-48ad-aaa5-d32a5604ae37/datanode-3/data/containers/hdds to VolumeSet
2019-08-20 15:53:59,674 INFO  volume.ThrottledAsyncChecker (ThrottledAsyncChecker.java:schedule(140)) - Scheduling a check for org.apache.hadoop.ozone.container.common.volume.HddsVolume@5b29ab61
2019-08-20 15:53:59,676 INFO  volume.HddsVolumeChecker (HddsVolumeChecker.java:checkAllVolumes(203)) - Scheduled health check for volume org.apache.hadoop.ozone.container.common.volume.HddsVolume@5b29ab61
2019-08-20 15:53:59,699 INFO  impl.RaftServerProxy (ConfUtils.java:logGet(43)) - raft.rpc.type = GRPC (default)
2019-08-20 15:53:59,700 INFO  grpc.GrpcFactory (GrpcFactory.java:checkPooledByteBufAllocatorUseCacheForAllThreads(45)) - PERFORMANCE WARNING: useCacheForAllThreads is true that may cause Netty to create a lot garbage objects and, as a result, trigger GC.
	It is recommended to disable useCacheForAllThreads by setting -Dorg.apache.ratis.thirdparty.io.netty.allocator.useCacheForAllThreads=false in command line.
2019-08-20 15:53:59,700 INFO  grpc.GrpcConfigKeys$Server (ConfUtils.java:logGet(43)) - raft.grpc.server.port = 0 (default)
2019-08-20 15:53:59,700 INFO  server.GrpcService (ConfUtils.java:logGet(43)) - raft.grpc.message.size.max = 33570816 (custom)
2019-08-20 15:53:59,701 INFO  server.RaftServerConfigKeys (ConfUtils.java:logGet(43)) - raft.server.log.appender.buffer.byte-limit = 33554432 (custom)
2019-08-20 15:53:59,701 INFO  server.GrpcService (ConfUtils.java:logGet(43)) - raft.grpc.flow.control.window = 1MB (=1048576) (default)
2019-08-20 15:53:59,701 INFO  server.RaftServerConfigKeys (ConfUtils.java:logGet(43)) - raft.server.rpc.request.timeout = 3000ms (default)
2019-08-20 15:53:59,702 INFO  server.RaftServerConfigKeys (ConfUtils.java:logGet(43)) - raft.server.storage.dir = [/workdir/hadoop-ozone/integration-test/target/test-dir/MiniOzoneClusterImpl-802bd29e-af6e-48ad-aaa5-d32a5604ae37/datanode-3/data/ratis] (custom)
2019-08-20 15:53:59,703 INFO  replication.SimpleContainerDownloader (SimpleContainerDownloader.java:<init>(72)) - Starting container downloader service to copy containers to replicate.
2019-08-20 15:53:59,705 INFO  hdfs.DFSUtil (DFSUtil.java:httpServerTemplateForNNAndJN(1641)) - Starting Web-server for hddsDatanode at: http://0.0.0.0:0
2019-08-20 15:53:59,707 INFO  server.AuthenticationFilter (AuthenticationFilter.java:constructSecretProvider(240)) - Unable to initialize FileSignerSecretProvider, falling back to use random secrets.
2019-08-20 15:53:59,708 WARN  http.HttpRequestLog (HttpRequestLog.java:getRequestLog(97)) - Jetty request log can only be enabled using Log4j
2019-08-20 15:53:59,710 INFO  http.HttpServer2 (HttpServer2.java:addGlobalFilter(975)) - Added global filter 'safety' (class=org.apache.hadoop.http.HttpServer2$QuotingInputFilter)
2019-08-20 15:53:59,711 INFO  http.HttpServer2 (HttpServer2.java:addFilter(948)) - Added filter static_user_filter (class=org.apache.hadoop.http.lib.StaticUserWebFilter$StaticUserFilter) to context hddsDatanode
2019-08-20 15:53:59,711 INFO  http.HttpServer2 (HttpServer2.java:addFilter(958)) - Added filter static_user_filter (class=org.apache.hadoop.http.lib.StaticUserWebFilter$StaticUserFilter) to context static
2019-08-20 15:53:59,712 INFO  http.HttpServer2 (HttpServer2.java:addFilter(958)) - Added filter static_user_filter (class=org.apache.hadoop.http.lib.StaticUserWebFilter$StaticUserFilter) to context logs
2019-08-20 15:53:59,712 INFO  http.HttpServer2 (HttpServer2.java:bindListener(1191)) - Jetty bound to port 35578
2019-08-20 15:53:59,713 INFO  server.Server (Server.java:doStart(351)) - jetty-9.3.24.v20180605, build timestamp: 2018-06-05T17:11:56Z, git hash: 84205aa28f11a4f31f2a3b86d1bba2cc8ab69827
2019-08-20 15:53:59,717 INFO  handler.ContextHandler (ContextHandler.java:doStart(781)) - Started o.e.j.s.ServletContextHandler@8fcc534{/logs,file:///workdir/hadoop-ozone/integration-test/target/log,AVAILABLE}
2019-08-20 15:53:59,718 INFO  handler.ContextHandler (ContextHandler.java:doStart(781)) - Started o.e.j.s.ServletContextHandler@3b435211{/static,jar:file:/home/user/.m2/repository/org/apache/hadoop/hadoop-hdds-container-service/0.5.0-SNAPSHOT/hadoop-hdds-container-service-0.5.0-SNAPSHOT.jar!/webapps/static,AVAILABLE}
2019-08-20 15:53:59,753 INFO  handler.ContextHandler (ContextHandler.java:doStart(781)) - Started o.e.j.w.WebAppContext@2faa55bb{/,file:///tmp/jetty-0.0.0.0-35578-hddsDatanode-_-any-955218052059933328.dir/webapp/,AVAILABLE}{/hddsDatanode}
2019-08-20 15:53:59,753 INFO  server.AbstractConnector (AbstractConnector.java:doStart(278)) - Started ServerConnector@501957bf{HTTP/1.1,[http/1.1]}{0.0.0.0:35578}
2019-08-20 15:53:59,754 INFO  server.Server (Server.java:doStart(419)) - Started @6961ms
2019-08-20 15:53:59,755 INFO  server.BaseHttpServer (BaseHttpServer.java:updateConnectorAddress(213)) - HTTP server of HDDSDATANODE is listening at http://0.0.0.0:35578
2019-08-20 15:53:59,934 INFO  ozone.HddsDatanodeService (HddsDatanodeService.java:startPlugins(395)) - Started plug-in org.apache.hadoop.ozone.web.OzoneHddsDatanodeService@538a2f0e
2019-08-20 15:53:59,935 INFO  impl.MetricsSystemImpl (MetricsSystemImpl.java:init(158)) - HddsDatanode metrics system started (again)
2019-08-20 15:53:59,938 INFO  util.JvmPauseMonitor (JvmPauseMonitor.java:run(188)) - Starting JVM pause monitor
2019-08-20 15:53:59,939 INFO  ozone.HddsDatanodeService (HddsDatanodeService.java:start(184)) - HddsDatanodeService host:pr-hdds-1879-mp8vb-189615265 ip:192.168.5.175
2019-08-20 15:53:59,941 INFO  datanode.InitDatanodeState (InitDatanodeState.java:persistContainerDatanodeDetails(140)) - DatanodeDetails is persisted to /workdir/hadoop-ozone/integration-test/target/test-dir/MiniOzoneClusterImpl-802bd29e-af6e-48ad-aaa5-d32a5604ae37/datanode-3/meta/datanode.id
2019-08-20 15:53:59,947 INFO  volume.HddsVolume (HddsVolume.java:<init>(176)) - Creating Volume: /workdir/hadoop-ozone/integration-test/target/test-dir/MiniOzoneClusterImpl-802bd29e-af6e-48ad-aaa5-d32a5604ae37/datanode-4/data/containers/hdds of  storage type : DISK and capacity : 1482555576320
2019-08-20 15:53:59,947 INFO  volume.VolumeSet (VolumeSet.java:initializeVolumeSet(170)) - Added Volume : /workdir/hadoop-ozone/integration-test/target/test-dir/MiniOzoneClusterImpl-802bd29e-af6e-48ad-aaa5-d32a5604ae37/datanode-4/data/containers/hdds to VolumeSet
2019-08-20 15:53:59,947 INFO  volume.ThrottledAsyncChecker (ThrottledAsyncChecker.java:schedule(140)) - Scheduling a check for org.apache.hadoop.ozone.container.common.volume.HddsVolume@42c12b3e
2019-08-20 15:53:59,948 INFO  volume.HddsVolumeChecker (HddsVolumeChecker.java:checkAllVolumes(203)) - Scheduled health check for volume org.apache.hadoop.ozone.container.common.volume.HddsVolume@42c12b3e
2019-08-20 15:53:59,963 INFO  impl.RaftServerProxy (ConfUtils.java:logGet(43)) - raft.rpc.type = GRPC (default)
2019-08-20 15:53:59,963 INFO  grpc.GrpcFactory (GrpcFactory.java:checkPooledByteBufAllocatorUseCacheForAllThreads(45)) - PERFORMANCE WARNING: useCacheForAllThreads is true that may cause Netty to create a lot garbage objects and, as a result, trigger GC.
	It is recommended to disable useCacheForAllThreads by setting -Dorg.apache.ratis.thirdparty.io.netty.allocator.useCacheForAllThreads=false in command line.
2019-08-20 15:53:59,964 INFO  grpc.GrpcConfigKeys$Server (ConfUtils.java:logGet(43)) - raft.grpc.server.port = 0 (default)
2019-08-20 15:53:59,964 INFO  server.GrpcService (ConfUtils.java:logGet(43)) - raft.grpc.message.size.max = 33570816 (custom)
2019-08-20 15:53:59,964 INFO  server.RaftServerConfigKeys (ConfUtils.java:logGet(43)) - raft.server.log.appender.buffer.byte-limit = 33554432 (custom)
2019-08-20 15:53:59,964 INFO  server.GrpcService (ConfUtils.java:logGet(43)) - raft.grpc.flow.control.window = 1MB (=1048576) (default)
2019-08-20 15:53:59,965 INFO  server.RaftServerConfigKeys (ConfUtils.java:logGet(43)) - raft.server.rpc.request.timeout = 3000ms (default)
2019-08-20 15:53:59,965 INFO  server.RaftServerConfigKeys (ConfUtils.java:logGet(43)) - raft.server.storage.dir = [/workdir/hadoop-ozone/integration-test/target/test-dir/MiniOzoneClusterImpl-802bd29e-af6e-48ad-aaa5-d32a5604ae37/datanode-4/data/ratis] (custom)
2019-08-20 15:53:59,966 INFO  replication.SimpleContainerDownloader (SimpleContainerDownloader.java:<init>(72)) - Starting container downloader service to copy containers to replicate.
2019-08-20 15:53:59,967 INFO  hdfs.DFSUtil (DFSUtil.java:httpServerTemplateForNNAndJN(1641)) - Starting Web-server for hddsDatanode at: http://0.0.0.0:0
2019-08-20 15:53:59,969 INFO  server.AuthenticationFilter (AuthenticationFilter.java:constructSecretProvider(240)) - Unable to initialize FileSignerSecretProvider, falling back to use random secrets.
2019-08-20 15:53:59,969 WARN  http.HttpRequestLog (HttpRequestLog.java:getRequestLog(97)) - Jetty request log can only be enabled using Log4j
2019-08-20 15:53:59,971 INFO  http.HttpServer2 (HttpServer2.java:addGlobalFilter(975)) - Added global filter 'safety' (class=org.apache.hadoop.http.HttpServer2$QuotingInputFilter)
2019-08-20 15:53:59,972 INFO  http.HttpServer2 (HttpServer2.java:addFilter(948)) - Added filter static_user_filter (class=org.apache.hadoop.http.lib.StaticUserWebFilter$StaticUserFilter) to context hddsDatanode
2019-08-20 15:53:59,972 INFO  http.HttpServer2 (HttpServer2.java:addFilter(958)) - Added filter static_user_filter (class=org.apache.hadoop.http.lib.StaticUserWebFilter$StaticUserFilter) to context static
2019-08-20 15:53:59,972 INFO  http.HttpServer2 (HttpServer2.java:addFilter(958)) - Added filter static_user_filter (class=org.apache.hadoop.http.lib.StaticUserWebFilter$StaticUserFilter) to context logs
2019-08-20 15:53:59,973 INFO  http.HttpServer2 (HttpServer2.java:bindListener(1191)) - Jetty bound to port 45328
2019-08-20 15:53:59,973 INFO  server.Server (Server.java:doStart(351)) - jetty-9.3.24.v20180605, build timestamp: 2018-06-05T17:11:56Z, git hash: 84205aa28f11a4f31f2a3b86d1bba2cc8ab69827
2019-08-20 15:53:59,975 INFO  handler.ContextHandler (ContextHandler.java:doStart(781)) - Started o.e.j.s.ServletContextHandler@bbb6f0{/logs,file:///workdir/hadoop-ozone/integration-test/target/log,AVAILABLE}
2019-08-20 15:53:59,975 INFO  handler.ContextHandler (ContextHandler.java:doStart(781)) - Started o.e.j.s.ServletContextHandler@2bd8f7db{/static,jar:file:/home/user/.m2/repository/org/apache/hadoop/hadoop-hdds-container-service/0.5.0-SNAPSHOT/hadoop-hdds-container-service-0.5.0-SNAPSHOT.jar!/webapps/static,AVAILABLE}
2019-08-20 15:54:00,004 INFO  handler.ContextHandler (ContextHandler.java:doStart(781)) - Started o.e.j.w.WebAppContext@17c4dc5b{/,file:///tmp/jetty-0.0.0.0-45328-hddsDatanode-_-any-18689562634249596.dir/webapp/,AVAILABLE}{/hddsDatanode}
2019-08-20 15:54:00,006 INFO  server.AbstractConnector (AbstractConnector.java:doStart(278)) - Started ServerConnector@6b0f266e{HTTP/1.1,[http/1.1]}{0.0.0.0:45328}
2019-08-20 15:54:00,006 INFO  server.Server (Server.java:doStart(419)) - Started @7213ms
2019-08-20 15:54:00,007 INFO  server.BaseHttpServer (BaseHttpServer.java:updateConnectorAddress(213)) - HTTP server of HDDSDATANODE is listening at http://0.0.0.0:45328
2019-08-20 15:54:00,150 INFO  ozone.HddsDatanodeService (HddsDatanodeService.java:startPlugins(395)) - Started plug-in org.apache.hadoop.ozone.web.OzoneHddsDatanodeService@70c29356
2019-08-20 15:54:00,150 INFO  impl.MetricsSystemImpl (MetricsSystemImpl.java:init(158)) - HddsDatanode metrics system started (again)
2019-08-20 15:54:00,154 INFO  util.JvmPauseMonitor (JvmPauseMonitor.java:run(188)) - Starting JVM pause monitor
2019-08-20 15:54:00,155 INFO  ozone.HddsDatanodeService (HddsDatanodeService.java:start(184)) - HddsDatanodeService host:pr-hdds-1879-mp8vb-189615265 ip:192.168.5.175
2019-08-20 15:54:00,157 INFO  datanode.InitDatanodeState (InitDatanodeState.java:persistContainerDatanodeDetails(140)) - DatanodeDetails is persisted to /workdir/hadoop-ozone/integration-test/target/test-dir/MiniOzoneClusterImpl-802bd29e-af6e-48ad-aaa5-d32a5604ae37/datanode-4/meta/datanode.id
2019-08-20 15:54:00,163 INFO  volume.HddsVolume (HddsVolume.java:<init>(176)) - Creating Volume: /workdir/hadoop-ozone/integration-test/target/test-dir/MiniOzoneClusterImpl-802bd29e-af6e-48ad-aaa5-d32a5604ae37/datanode-5/data/containers/hdds of  storage type : DISK and capacity : 1482555576320
2019-08-20 15:54:00,164 INFO  volume.VolumeSet (VolumeSet.java:initializeVolumeSet(170)) - Added Volume : /workdir/hadoop-ozone/integration-test/target/test-dir/MiniOzoneClusterImpl-802bd29e-af6e-48ad-aaa5-d32a5604ae37/datanode-5/data/containers/hdds to VolumeSet
2019-08-20 15:54:00,164 INFO  volume.ThrottledAsyncChecker (ThrottledAsyncChecker.java:schedule(140)) - Scheduling a check for org.apache.hadoop.ozone.container.common.volume.HddsVolume@3f048c86
2019-08-20 15:54:00,165 INFO  volume.HddsVolumeChecker (HddsVolumeChecker.java:checkAllVolumes(203)) - Scheduled health check for volume org.apache.hadoop.ozone.container.common.volume.HddsVolume@3f048c86
2019-08-20 15:54:00,180 INFO  impl.RaftServerProxy (ConfUtils.java:logGet(43)) - raft.rpc.type = GRPC (default)
2019-08-20 15:54:00,180 INFO  grpc.GrpcFactory (GrpcFactory.java:checkPooledByteBufAllocatorUseCacheForAllThreads(45)) - PERFORMANCE WARNING: useCacheForAllThreads is true that may cause Netty to create a lot garbage objects and, as a result, trigger GC.
	It is recommended to disable useCacheForAllThreads by setting -Dorg.apache.ratis.thirdparty.io.netty.allocator.useCacheForAllThreads=false in command line.
2019-08-20 15:54:00,180 INFO  grpc.GrpcConfigKeys$Server (ConfUtils.java:logGet(43)) - raft.grpc.server.port = 0 (default)
2019-08-20 15:54:00,181 INFO  server.GrpcService (ConfUtils.java:logGet(43)) - raft.grpc.message.size.max = 33570816 (custom)
2019-08-20 15:54:00,181 INFO  server.RaftServerConfigKeys (ConfUtils.java:logGet(43)) - raft.server.log.appender.buffer.byte-limit = 33554432 (custom)
2019-08-20 15:54:00,181 INFO  server.GrpcService (ConfUtils.java:logGet(43)) - raft.grpc.flow.control.window = 1MB (=1048576) (default)
2019-08-20 15:54:00,181 INFO  server.RaftServerConfigKeys (ConfUtils.java:logGet(43)) - raft.server.rpc.request.timeout = 3000ms (default)
2019-08-20 15:54:00,182 INFO  server.RaftServerConfigKeys (ConfUtils.java:logGet(43)) - raft.server.storage.dir = [/workdir/hadoop-ozone/integration-test/target/test-dir/MiniOzoneClusterImpl-802bd29e-af6e-48ad-aaa5-d32a5604ae37/datanode-5/data/ratis] (custom)
2019-08-20 15:54:00,183 INFO  replication.SimpleContainerDownloader (SimpleContainerDownloader.java:<init>(72)) - Starting container downloader service to copy containers to replicate.
2019-08-20 15:54:00,184 INFO  hdfs.DFSUtil (DFSUtil.java:httpServerTemplateForNNAndJN(1641)) - Starting Web-server for hddsDatanode at: http://0.0.0.0:0
2019-08-20 15:54:00,186 INFO  server.AuthenticationFilter (AuthenticationFilter.java:constructSecretProvider(240)) - Unable to initialize FileSignerSecretProvider, falling back to use random secrets.
2019-08-20 15:54:00,187 WARN  http.HttpRequestLog (HttpRequestLog.java:getRequestLog(97)) - Jetty request log can only be enabled using Log4j
2019-08-20 15:54:00,189 INFO  http.HttpServer2 (HttpServer2.java:addGlobalFilter(975)) - Added global filter 'safety' (class=org.apache.hadoop.http.HttpServer2$QuotingInputFilter)
2019-08-20 15:54:00,190 INFO  http.HttpServer2 (HttpServer2.java:addFilter(948)) - Added filter static_user_filter (class=org.apache.hadoop.http.lib.StaticUserWebFilter$StaticUserFilter) to context hddsDatanode
2019-08-20 15:54:00,190 INFO  http.HttpServer2 (HttpServer2.java:addFilter(958)) - Added filter static_user_filter (class=org.apache.hadoop.http.lib.StaticUserWebFilter$StaticUserFilter) to context static
2019-08-20 15:54:00,190 INFO  http.HttpServer2 (HttpServer2.java:addFilter(958)) - Added filter static_user_filter (class=org.apache.hadoop.http.lib.StaticUserWebFilter$StaticUserFilter) to context logs
2019-08-20 15:54:00,191 INFO  http.HttpServer2 (HttpServer2.java:bindListener(1191)) - Jetty bound to port 42563
2019-08-20 15:54:00,191 INFO  server.Server (Server.java:doStart(351)) - jetty-9.3.24.v20180605, build timestamp: 2018-06-05T17:11:56Z, git hash: 84205aa28f11a4f31f2a3b86d1bba2cc8ab69827
2019-08-20 15:54:00,194 INFO  handler.ContextHandler (ContextHandler.java:doStart(781)) - Started o.e.j.s.ServletContextHandler@6b42e36d{/logs,file:///workdir/hadoop-ozone/integration-test/target/log,AVAILABLE}
2019-08-20 15:54:00,195 INFO  handler.ContextHandler (ContextHandler.java:doStart(781)) - Started o.e.j.s.ServletContextHandler@79195c22{/static,jar:file:/home/user/.m2/repository/org/apache/hadoop/hadoop-hdds-container-service/0.5.0-SNAPSHOT/hadoop-hdds-container-service-0.5.0-SNAPSHOT.jar!/webapps/static,AVAILABLE}
2019-08-20 15:54:00,233 INFO  handler.ContextHandler (ContextHandler.java:doStart(781)) - Started o.e.j.w.WebAppContext@6f3bd37f{/,file:///tmp/jetty-0.0.0.0-42563-hddsDatanode-_-any-7755066313048713605.dir/webapp/,AVAILABLE}{/hddsDatanode}
2019-08-20 15:54:00,233 INFO  server.AbstractConnector (AbstractConnector.java:doStart(278)) - Started ServerConnector@403364e9{HTTP/1.1,[http/1.1]}{0.0.0.0:42563}
2019-08-20 15:54:00,235 INFO  server.Server (Server.java:doStart(419)) - Started @7441ms
2019-08-20 15:54:00,236 INFO  server.BaseHttpServer (BaseHttpServer.java:updateConnectorAddress(213)) - HTTP server of HDDSDATANODE is listening at http://0.0.0.0:42563
2019-08-20 15:54:00,375 INFO  ozone.HddsDatanodeService (HddsDatanodeService.java:startPlugins(395)) - Started plug-in org.apache.hadoop.ozone.web.OzoneHddsDatanodeService@18cf5c52
2019-08-20 15:54:00,378 INFO  ozone.MiniOzoneClusterImpl (MiniOzoneClusterImpl.java:lambda$waitForClusterToBeReady$0(142)) - Waiting for cluster to be ready. Got 0 of 6 DN Heartbeats.
2019-08-20 15:54:00,379 INFO  util.JvmPauseMonitor (JvmPauseMonitor.java:run(188)) - Starting JVM pause monitor
2019-08-20 15:54:00,382 INFO  datanode.InitDatanodeState (InitDatanodeState.java:persistContainerDatanodeDetails(140)) - DatanodeDetails is persisted to /workdir/hadoop-ozone/integration-test/target/test-dir/MiniOzoneClusterImpl-802bd29e-af6e-48ad-aaa5-d32a5604ae37/datanode-5/meta/datanode.id
2019-08-20 15:54:01,169 INFO  ozoneimpl.OzoneContainer (OzoneContainer.java:start(186)) - Attempting to start container services.
2019-08-20 15:54:01,171 INFO  ozoneimpl.OzoneContainer (OzoneContainer.java:startContainerScrub(160)) - Background container scrubber has been disabled by hdds.containerscrub.enabled
2019-08-20 15:54:01,171 INFO  ratis.XceiverServerRatis (XceiverServerRatis.java:start(404)) - Starting XceiverServerRatis 473c2a47-62d9-46f1-876c-6c914ae7ad5a at port 0
2019-08-20 15:54:01,285 INFO  impl.RaftServerProxy (RaftServerProxy.java:lambda$start$3(299)) - 473c2a47-62d9-46f1-876c-6c914ae7ad5a: start RPC server
2019-08-20 15:54:01,378 INFO  ozone.MiniOzoneClusterImpl (MiniOzoneClusterImpl.java:lambda$waitForClusterToBeReady$0(142)) - Waiting for cluster to be ready. Got 0 of 6 DN Heartbeats.
2019-08-20 15:54:01,421 INFO  ozoneimpl.OzoneContainer (OzoneContainer.java:start(186)) - Attempting to start container services.
2019-08-20 15:54:01,424 INFO  ozoneimpl.OzoneContainer (OzoneContainer.java:startContainerScrub(160)) - Background container scrubber has been disabled by hdds.containerscrub.enabled
2019-08-20 15:54:01,425 INFO  ratis.XceiverServerRatis (XceiverServerRatis.java:start(404)) - Starting XceiverServerRatis c79acb33-54d1-498f-8257-7f472001ece8 at port 0
2019-08-20 15:54:01,427 INFO  server.GrpcService (GrpcService.java:startImpl(149)) - 473c2a47-62d9-46f1-876c-6c914ae7ad5a: GrpcService started, listening on 0.0.0.0/0.0.0.0:43061
2019-08-20 15:54:01,428 INFO  ratis.XceiverServerRatis (XceiverServerRatis.java:start(414)) - XceiverServerRatis 473c2a47-62d9-46f1-876c-6c914ae7ad5a is started using port 43061
2019-08-20 15:54:01,430 INFO  server.XceiverServerGrpc (XceiverServerGrpc.java:start(161)) - XceiverServerGrpc 473c2a47-62d9-46f1-876c-6c914ae7ad5a is started using port 39310
2019-08-20 15:54:01,435 INFO  impl.RaftServerProxy (RaftServerProxy.java:lambda$start$3(299)) - c79acb33-54d1-498f-8257-7f472001ece8: start RPC server
2019-08-20 15:54:01,439 INFO  server.GrpcService (GrpcService.java:startImpl(149)) - c79acb33-54d1-498f-8257-7f472001ece8: GrpcService started, listening on 0.0.0.0/0.0.0.0:40613
2019-08-20 15:54:01,439 INFO  ratis.XceiverServerRatis (XceiverServerRatis.java:start(414)) - XceiverServerRatis c79acb33-54d1-498f-8257-7f472001ece8 is started using port 40613
2019-08-20 15:54:01,442 INFO  server.XceiverServerGrpc (XceiverServerGrpc.java:start(161)) - XceiverServerGrpc c79acb33-54d1-498f-8257-7f472001ece8 is started using port 40660
2019-08-20 15:54:01,680 INFO  ozoneimpl.OzoneContainer (OzoneContainer.java:start(186)) - Attempting to start container services.
2019-08-20 15:54:01,682 INFO  ozoneimpl.OzoneContainer (OzoneContainer.java:startContainerScrub(160)) - Background container scrubber has been disabled by hdds.containerscrub.enabled
2019-08-20 15:54:01,682 INFO  ratis.XceiverServerRatis (XceiverServerRatis.java:start(404)) - Starting XceiverServerRatis 87a44177-3edb-4a60-8a47-052096579d6b at port 0
2019-08-20 15:54:01,688 INFO  impl.RaftServerProxy (RaftServerProxy.java:lambda$start$3(299)) - 87a44177-3edb-4a60-8a47-052096579d6b: start RPC server
2019-08-20 15:54:01,691 INFO  server.GrpcService (GrpcService.java:startImpl(149)) - 87a44177-3edb-4a60-8a47-052096579d6b: GrpcService started, listening on 0.0.0.0/0.0.0.0:46164
2019-08-20 15:54:01,692 INFO  ratis.XceiverServerRatis (XceiverServerRatis.java:start(414)) - XceiverServerRatis 87a44177-3edb-4a60-8a47-052096579d6b is started using port 46164
2019-08-20 15:54:01,694 INFO  server.XceiverServerGrpc (XceiverServerGrpc.java:start(161)) - XceiverServerGrpc 87a44177-3edb-4a60-8a47-052096579d6b is started using port 45730
2019-08-20 15:54:01,957 INFO  ozoneimpl.OzoneContainer (OzoneContainer.java:start(186)) - Attempting to start container services.
2019-08-20 15:54:01,968 INFO  ozoneimpl.OzoneContainer (OzoneContainer.java:startContainerScrub(160)) - Background container scrubber has been disabled by hdds.containerscrub.enabled
2019-08-20 15:54:01,968 INFO  ratis.XceiverServerRatis (XceiverServerRatis.java:start(404)) - Starting XceiverServerRatis 9efa53fa-81aa-4347-9787-785a8fac9bb8 at port 0
2019-08-20 15:54:01,978 INFO  impl.RaftServerProxy (RaftServerProxy.java:lambda$start$3(299)) - 9efa53fa-81aa-4347-9787-785a8fac9bb8: start RPC server
2019-08-20 15:54:01,982 INFO  server.GrpcService (GrpcService.java:startImpl(149)) - 9efa53fa-81aa-4347-9787-785a8fac9bb8: GrpcService started, listening on 0.0.0.0/0.0.0.0:46169
2019-08-20 15:54:01,982 INFO  ratis.XceiverServerRatis (XceiverServerRatis.java:start(414)) - XceiverServerRatis 9efa53fa-81aa-4347-9787-785a8fac9bb8 is started using port 46169
2019-08-20 15:54:01,985 INFO  server.XceiverServerGrpc (XceiverServerGrpc.java:start(161)) - XceiverServerGrpc 9efa53fa-81aa-4347-9787-785a8fac9bb8 is started using port 37520
2019-08-20 15:54:02,173 INFO  ozoneimpl.OzoneContainer (OzoneContainer.java:start(186)) - Attempting to start container services.
2019-08-20 15:54:02,173 INFO  ozoneimpl.OzoneContainer (OzoneContainer.java:startContainerScrub(160)) - Background container scrubber has been disabled by hdds.containerscrub.enabled
2019-08-20 15:54:02,173 INFO  ratis.XceiverServerRatis (XceiverServerRatis.java:start(404)) - Starting XceiverServerRatis 3cdf5db5-634a-499e-9c82-270b7e626451 at port 0
2019-08-20 15:54:02,180 INFO  impl.RaftServerProxy (RaftServerProxy.java:lambda$start$3(299)) - 3cdf5db5-634a-499e-9c82-270b7e626451: start RPC server
2019-08-20 15:54:02,184 INFO  server.GrpcService (GrpcService.java:startImpl(149)) - 3cdf5db5-634a-499e-9c82-270b7e626451: GrpcService started, listening on 0.0.0.0/0.0.0.0:43895
2019-08-20 15:54:02,185 INFO  ratis.XceiverServerRatis (XceiverServerRatis.java:start(414)) - XceiverServerRatis 3cdf5db5-634a-499e-9c82-270b7e626451 is started using port 43895
2019-08-20 15:54:02,188 INFO  server.XceiverServerGrpc (XceiverServerGrpc.java:start(161)) - XceiverServerGrpc 3cdf5db5-634a-499e-9c82-270b7e626451 is started using port 40030
2019-08-20 15:54:02,379 INFO  ozone.MiniOzoneClusterImpl (MiniOzoneClusterImpl.java:lambda$waitForClusterToBeReady$0(142)) - Waiting for cluster to be ready. Got 0 of 6 DN Heartbeats.
2019-08-20 15:54:02,396 INFO  ozoneimpl.OzoneContainer (OzoneContainer.java:start(186)) - Attempting to start container services.
2019-08-20 15:54:02,397 INFO  ozoneimpl.OzoneContainer (OzoneContainer.java:startContainerScrub(160)) - Background container scrubber has been disabled by hdds.containerscrub.enabled
2019-08-20 15:54:02,397 INFO  ratis.XceiverServerRatis (XceiverServerRatis.java:start(404)) - Starting XceiverServerRatis 5ca31ecd-36ff-4b76-99e6-15ea25204cb4 at port 0
2019-08-20 15:54:02,403 INFO  impl.RaftServerProxy (RaftServerProxy.java:lambda$start$3(299)) - 5ca31ecd-36ff-4b76-99e6-15ea25204cb4: start RPC server
2019-08-20 15:54:02,407 INFO  server.GrpcService (GrpcService.java:startImpl(149)) - 5ca31ecd-36ff-4b76-99e6-15ea25204cb4: GrpcService started, listening on 0.0.0.0/0.0.0.0:45910
2019-08-20 15:54:02,407 INFO  ratis.XceiverServerRatis (XceiverServerRatis.java:start(414)) - XceiverServerRatis 5ca31ecd-36ff-4b76-99e6-15ea25204cb4 is started using port 45910
2019-08-20 15:54:02,412 INFO  server.XceiverServerGrpc (XceiverServerGrpc.java:start(161)) - XceiverServerGrpc 5ca31ecd-36ff-4b76-99e6-15ea25204cb4 is started using port 42568
2019-08-20 15:54:03,162 INFO  net.NetworkTopology (NetworkTopologyImpl.java:add(110)) - Added a new node: /default-rack/473c2a47-62d9-46f1-876c-6c914ae7ad5a
2019-08-20 15:54:03,162 INFO  node.SCMNodeManager (SCMNodeManager.java:register(273)) - Registered Data node : 473c2a47-62d9-46f1-876c-6c914ae7ad5a{ip: 192.168.5.175, host: pr-hdds-1879-mp8vb-189615265, networkLocation: /default-rack, certSerialId: null}
2019-08-20 15:54:03,167 INFO  safemode.SCMSafeModeManager (DataNodeSafeModeRule.java:process(71)) - SCM in safe mode. 1 DataNodes registered, 1 required.
2019-08-20 15:54:03,168 INFO  safemode.SCMSafeModeManager (SCMSafeModeManager.java:validateSafeModeExitRules(177)) - ScmSafeModeManager, all rules are successfully validated
2019-08-20 15:54:03,168 INFO  safemode.SCMSafeModeManager (SCMSafeModeManager.java:exitSafeMode(193)) - SCM exiting safe mode.
2019-08-20 15:54:03,380 INFO  ozone.MiniOzoneClusterImpl (MiniOzoneClusterImpl.java:lambda$waitForClusterToBeReady$0(142)) - Waiting for cluster to be ready. Got 1 of 6 DN Heartbeats.
2019-08-20 15:54:03,411 INFO  net.NetworkTopology (NetworkTopologyImpl.java:add(110)) - Added a new node: /default-rack/c79acb33-54d1-498f-8257-7f472001ece8
2019-08-20 15:54:03,412 INFO  node.SCMNodeManager (SCMNodeManager.java:register(273)) - Registered Data node : c79acb33-54d1-498f-8257-7f472001ece8{ip: 192.168.5.175, host: pr-hdds-1879-mp8vb-189615265, networkLocation: /default-rack, certSerialId: null}
2019-08-20 15:54:03,666 INFO  net.NetworkTopology (NetworkTopologyImpl.java:add(110)) - Added a new node: /default-rack/87a44177-3edb-4a60-8a47-052096579d6b
2019-08-20 15:54:03,667 INFO  node.SCMNodeManager (SCMNodeManager.java:register(273)) - Registered Data node : 87a44177-3edb-4a60-8a47-052096579d6b{ip: 192.168.5.175, host: pr-hdds-1879-mp8vb-189615265, networkLocation: /default-rack, certSerialId: null}
2019-08-20 15:54:03,719 INFO  impl.RaftServerProxy (RaftServerProxy.java:addNew(89)) - 473c2a47-62d9-46f1-876c-6c914ae7ad5a: addNew group-632D521E82D4:[473c2a47-62d9-46f1-876c-6c914ae7ad5a:192.168.5.175:43061] returns group-632D521E82D4:java.util.concurrent.CompletableFuture@2330aa89[Not completed]
2019-08-20 15:54:04,019 INFO  net.NetworkTopology (NetworkTopologyImpl.java:add(110)) - Added a new node: /default-rack/9efa53fa-81aa-4347-9787-785a8fac9bb8
2019-08-20 15:54:04,019 INFO  node.SCMNodeManager (SCMNodeManager.java:register(273)) - Registered Data node : 9efa53fa-81aa-4347-9787-785a8fac9bb8{ip: 192.168.5.175, host: pr-hdds-1879-mp8vb-189615265, networkLocation: /default-rack, certSerialId: null}
2019-08-20 15:54:04,021 INFO  impl.RaftServerImpl (RaftServerImpl.java:<init>(93)) - 473c2a47-62d9-46f1-876c-6c914ae7ad5a: new RaftServerImpl for group-632D521E82D4:[473c2a47-62d9-46f1-876c-6c914ae7ad5a:192.168.5.175:43061] with ContainerStateMachine:uninitialized
2019-08-20 15:54:04,023 INFO  server.RaftServerConfigKeys (ConfUtils.java:logGet(43)) - raft.server.rpc.timeout.min = 5s (custom)
2019-08-20 15:54:04,024 INFO  server.RaftServerConfigKeys (ConfUtils.java:logGet(43)) - raft.server.rpc.timeout.max = 5200ms (custom)
2019-08-20 15:54:04,024 INFO  server.RaftServerConfigKeys (ConfUtils.java:logGet(43)) - raft.server.rpcslowness.timeout = 120s (custom)
2019-08-20 15:54:04,025 INFO  server.RaftServerConfigKeys (ConfUtils.java:logGet(43)) - raft.server.sleep.deviation.threshold = 300 (default)
2019-08-20 15:54:04,025 INFO  server.RaftServerConfigKeys (ConfUtils.java:logGet(43)) - raft.server.log.appender.install.snapshot.enabled = false (custom)
2019-08-20 15:54:04,032 INFO  impl.RaftServerImpl (ServerState.java:<init>(105)) - 473c2a47-62d9-46f1-876c-6c914ae7ad5a:group-632D521E82D4 ConfigurationManager, init=-1: [473c2a47-62d9-46f1-876c-6c914ae7ad5a:192.168.5.175:43061], old=null, confs=<EMPTY_MAP>
2019-08-20 15:54:04,032 INFO  server.RaftServerConfigKeys (ConfUtils.java:logGet(43)) - raft.server.storage.dir = [/workdir/hadoop-ozone/integration-test/target/test-dir/MiniOzoneClusterImpl-802bd29e-af6e-48ad-aaa5-d32a5604ae37/datanode-0/data/ratis] (custom)
2019-08-20 15:54:04,038 INFO  storage.RaftStorageDirectory (RaftStorageDirectory.java:analyzeStorage(246)) - The storage directory /workdir/hadoop-ozone/integration-test/target/test-dir/MiniOzoneClusterImpl-802bd29e-af6e-48ad-aaa5-d32a5604ae37/datanode-0/data/ratis/3bc0704d-588c-4ba7-8129-632d521e82d4 does not exist. Creating ...
2019-08-20 15:54:04,054 INFO  storage.RaftStorageDirectory (RaftStorageDirectory.java:tryLock(328)) - Lock on /workdir/hadoop-ozone/integration-test/target/test-dir/MiniOzoneClusterImpl-802bd29e-af6e-48ad-aaa5-d32a5604ae37/datanode-0/data/ratis/3bc0704d-588c-4ba7-8129-632d521e82d4/in_use.lock acquired by nodename 30790@pr-hdds-1879-mp8vb-189615265
2019-08-20 15:54:04,067 INFO  storage.RaftStorage (RaftStorage.java:format(72)) - Storage directory /workdir/hadoop-ozone/integration-test/target/test-dir/MiniOzoneClusterImpl-802bd29e-af6e-48ad-aaa5-d32a5604ae37/datanode-0/data/ratis/3bc0704d-588c-4ba7-8129-632d521e82d4 has been successfully formatted.
2019-08-20 15:54:04,069 INFO  ratis.ContainerStateMachine (ContainerStateMachine.java:loadSnapshot(223)) - group-632D521E82D4: The snapshot info is null. Setting the last applied indexto:(t:0, i:~)
2019-08-20 15:54:04,070 INFO  server.RaftServerConfigKeys (ConfUtils.java:logGet(43)) - raft.server.leader.election.timeout = 120s (custom)
2019-08-20 15:54:04,072 INFO  server.RaftServerConfigKeys (ConfUtils.java:logGet(43)) - raft.server.log.use.memory = false (default)
2019-08-20 15:54:04,076 INFO  server.RaftServerConfigKeys (ConfUtils.java:logGet(43)) - raft.server.log.purge.gap = 1000000000 (custom)
2019-08-20 15:54:04,076 INFO  server.RaftServerConfigKeys (ConfUtils.java:logGet(43)) - raft.server.log.appender.buffer.byte-limit = 33554432 (custom)
2019-08-20 15:54:04,078 INFO  server.RaftServerConfigKeys (ConfUtils.java:logGet(43)) - raft.server.log.segment.size.max = 1048576 (custom)
2019-08-20 15:54:04,082 INFO  server.RaftServerConfigKeys (ConfUtils.java:logGet(43)) - raft.server.log.segment.cache.num.max = 2 (custom)
2019-08-20 15:54:04,087 INFO  segmented.SegmentedRaftLogWorker (SegmentedRaftLogWorker.java:<init>(172)) - new 473c2a47-62d9-46f1-876c-6c914ae7ad5a-SegmentedRaftLogWorker:Storage Directory /workdir/hadoop-ozone/integration-test/target/test-dir/MiniOzoneClusterImpl-802bd29e-af6e-48ad-aaa5-d32a5604ae37/datanode-0/data/ratis/3bc0704d-588c-4ba7-8129-632d521e82d4 for RaftStorage:Storage Directory /workdir/hadoop-ozone/integration-test/target/test-dir/MiniOzoneClusterImpl-802bd29e-af6e-48ad-aaa5-d32a5604ae37/datanode-0/data/ratis/3bc0704d-588c-4ba7-8129-632d521e82d4
2019-08-20 15:54:04,097 INFO  server.RaftServerConfigKeys (ConfUtils.java:logGet(43)) - raft.server.log.queue.byte-limit = 2147483647 (custom)
2019-08-20 15:54:04,098 INFO  server.RaftServerConfigKeys (ConfUtils.java:logGet(43)) - raft.server.log.queue.element-limit = 1024 (custom)
2019-08-20 15:54:04,102 INFO  server.RaftServerConfigKeys (ConfUtils.java:logGet(43)) - raft.server.log.segment.size.max = 1048576 (custom)
2019-08-20 15:54:04,103 INFO  server.RaftServerConfigKeys (ConfUtils.java:logGet(43)) - raft.server.log.preallocated.size = 16384 (custom)
2019-08-20 15:54:04,103 INFO  server.RaftServerConfigKeys (ConfUtils.java:logGet(43)) - raft.server.log.write.buffer.size = 33554432 (custom)
2019-08-20 15:54:04,104 INFO  server.RaftServerConfigKeys (ConfUtils.java:logGet(43)) - raft.server.log.force.sync.num = 128 (default)
2019-08-20 15:54:04,105 INFO  server.RaftServerConfigKeys (ConfUtils.java:logGet(43)) - raft.server.log.statemachine.data.sync = true (default)
2019-08-20 15:54:04,105 INFO  server.RaftServerConfigKeys (ConfUtils.java:logGet(43)) - raft.server.log.statemachine.data.sync.timeout = 10s (default)
2019-08-20 15:54:04,105 INFO  server.RaftServerConfigKeys (ConfUtils.java:logGet(43)) - raft.server.log.statemachine.data.sync.timeout.retry = -1 (default)
2019-08-20 15:54:04,113 INFO  server.RaftServerConfigKeys (ConfUtils.java:logGet(43)) - raft.server.log.statemachine.data.caching.enabled = true (custom)
2019-08-20 15:54:04,117 INFO  segmented.SegmentedRaftLogWorker (SegmentedRaftLogWorker.java:lambda$new$0(132)) - 473c2a47-62d9-46f1-876c-6c914ae7ad5a-SegmentedRaftLogWorker:Storage Directory /workdir/hadoop-ozone/integration-test/target/test-dir/MiniOzoneClusterImpl-802bd29e-af6e-48ad-aaa5-d32a5604ae37/datanode-0/data/ratis/3bc0704d-588c-4ba7-8129-632d521e82d4: flushIndex: setUnconditionally 0 -> -1
2019-08-20 15:54:04,121 INFO  server.RaftServerConfigKeys (ConfUtils.java:logGet(43)) - raft.server.snapshot.auto.trigger.enabled = true (custom)
2019-08-20 15:54:04,122 INFO  server.RaftServerConfigKeys (ConfUtils.java:logGet(43)) - raft.server.snapshot.auto.trigger.threshold = 10000 (custom)
2019-08-20 15:54:04,122 INFO  server.RaftServerConfigKeys (ConfUtils.java:logGet(43)) - raft.server.retrycache.expirytime = 600000ms (custom)
2019-08-20 15:54:04,142 INFO  impl.RaftServerImpl (RaftServerImpl.java:start(180)) - 473c2a47-62d9-46f1-876c-6c914ae7ad5a: start group-632D521E82D4
2019-08-20 15:54:04,143 INFO  impl.RaftServerImpl (RaftServerImpl.java:setRole(171)) - 473c2a47-62d9-46f1-876c-6c914ae7ad5a:group-632D521E82D4 changes role from null to FOLLOWER at term 0 for startAsFollower
2019-08-20 15:54:04,144 INFO  impl.RoleInfo (RoleInfo.java:updateAndGet(143)) - 473c2a47-62d9-46f1-876c-6c914ae7ad5a: start FollowerState
2019-08-20 15:54:04,146 INFO  util.JmxRegister (JmxRegister.java:tryRegister(44)) - Successfully registered JMX Bean with object name Ratis:service=RaftServer,group=group-632D521E82D4,id=473c2a47-62d9-46f1-876c-6c914ae7ad5a
2019-08-20 15:54:04,158 INFO  net.NetworkTopology (NetworkTopologyImpl.java:add(110)) - Added a new node: /default-rack/3cdf5db5-634a-499e-9c82-270b7e626451
2019-08-20 15:54:04,159 INFO  node.SCMNodeManager (SCMNodeManager.java:register(273)) - Registered Data node : 3cdf5db5-634a-499e-9c82-270b7e626451{ip: 192.168.5.175, host: pr-hdds-1879-mp8vb-189615265, networkLocation: /default-rack, certSerialId: null}
2019-08-20 15:54:04,201 INFO  pipeline.PipelineStateManager (PipelineStateManager.java:addPipeline(56)) - Created pipeline Pipeline[ Id: 3bc0704d-588c-4ba7-8129-632d521e82d4, Nodes: 473c2a47-62d9-46f1-876c-6c914ae7ad5a{ip: 192.168.5.175, host: pr-hdds-1879-mp8vb-189615265, networkLocation: /default-rack, certSerialId: null}, Type:RATIS, Factor:ONE, State:OPEN]
2019-08-20 15:54:04,226 INFO  impl.RaftServerProxy (RaftServerProxy.java:addNew(89)) - 87a44177-3edb-4a60-8a47-052096579d6b: addNew group-32AFEBECAA94:[87a44177-3edb-4a60-8a47-052096579d6b:192.168.5.175:46164] returns group-32AFEBECAA94:java.util.concurrent.CompletableFuture@53d0a258[Not completed]
2019-08-20 15:54:04,262 INFO  impl.RaftServerImpl (RaftServerImpl.java:<init>(93)) - 87a44177-3edb-4a60-8a47-052096579d6b: new RaftServerImpl for group-32AFEBECAA94:[87a44177-3edb-4a60-8a47-052096579d6b:192.168.5.175:46164] with ContainerStateMachine:uninitialized
2019-08-20 15:54:04,263 INFO  server.RaftServerConfigKeys (ConfUtils.java:logGet(43)) - raft.server.rpc.timeout.min = 5s (custom)
2019-08-20 15:54:04,263 INFO  server.RaftServerConfigKeys (ConfUtils.java:logGet(43)) - raft.server.rpc.timeout.max = 5200ms (custom)
2019-08-20 15:54:04,263 INFO  server.RaftServerConfigKeys (ConfUtils.java:logGet(43)) - raft.server.rpcslowness.timeout = 120s (custom)
2019-08-20 15:54:04,263 INFO  server.RaftServerConfigKeys (ConfUtils.java:logGet(43)) - raft.server.sleep.deviation.threshold = 300 (default)
2019-08-20 15:54:04,264 INFO  server.RaftServerConfigKeys (ConfUtils.java:logGet(43)) - raft.server.log.appender.install.snapshot.enabled = false (custom)
2019-08-20 15:54:04,264 INFO  impl.RaftServerImpl (ServerState.java:<init>(105)) - 87a44177-3edb-4a60-8a47-052096579d6b:group-32AFEBECAA94 ConfigurationManager, init=-1: [87a44177-3edb-4a60-8a47-052096579d6b:192.168.5.175:46164], old=null, confs=<EMPTY_MAP>
2019-08-20 15:54:04,264 INFO  server.RaftServerConfigKeys (ConfUtils.java:logGet(43)) - raft.server.storage.dir = [/workdir/hadoop-ozone/integration-test/target/test-dir/MiniOzoneClusterImpl-802bd29e-af6e-48ad-aaa5-d32a5604ae37/datanode-2/data/ratis] (custom)
2019-08-20 15:54:04,264 INFO  storage.RaftStorageDirectory (RaftStorageDirectory.java:analyzeStorage(246)) - The storage directory /workdir/hadoop-ozone/integration-test/target/test-dir/MiniOzoneClusterImpl-802bd29e-af6e-48ad-aaa5-d32a5604ae37/datanode-2/data/ratis/46f2720f-5a55-4320-9e74-32afebecaa94 does not exist. Creating ...
2019-08-20 15:54:04,278 INFO  storage.RaftStorageDirectory (RaftStorageDirectory.java:tryLock(328)) - Lock on /workdir/hadoop-ozone/integration-test/target/test-dir/MiniOzoneClusterImpl-802bd29e-af6e-48ad-aaa5-d32a5604ae37/datanode-2/data/ratis/46f2720f-5a55-4320-9e74-32afebecaa94/in_use.lock acquired by nodename 30790@pr-hdds-1879-mp8vb-189615265
2019-08-20 15:54:04,291 INFO  storage.RaftStorage (RaftStorage.java:format(72)) - Storage directory /workdir/hadoop-ozone/integration-test/target/test-dir/MiniOzoneClusterImpl-802bd29e-af6e-48ad-aaa5-d32a5604ae37/datanode-2/data/ratis/46f2720f-5a55-4320-9e74-32afebecaa94 has been successfully formatted.
2019-08-20 15:54:04,292 INFO  ratis.ContainerStateMachine (ContainerStateMachine.java:loadSnapshot(223)) - group-32AFEBECAA94: The snapshot info is null. Setting the last applied indexto:(t:0, i:~)
2019-08-20 15:54:04,293 INFO  server.RaftServerConfigKeys (ConfUtils.java:logGet(43)) - raft.server.leader.election.timeout = 120s (custom)
2019-08-20 15:54:04,293 INFO  server.RaftServerConfigKeys (ConfUtils.java:logGet(43)) - raft.server.log.use.memory = false (default)
2019-08-20 15:54:04,294 INFO  server.RaftServerConfigKeys (ConfUtils.java:logGet(43)) - raft.server.log.purge.gap = 1000000000 (custom)
2019-08-20 15:54:04,294 INFO  server.RaftServerConfigKeys (ConfUtils.java:logGet(43)) - raft.server.log.appender.buffer.byte-limit = 33554432 (custom)
2019-08-20 15:54:04,294 INFO  server.RaftServerConfigKeys (ConfUtils.java:logGet(43)) - raft.server.log.segment.size.max = 1048576 (custom)
2019-08-20 15:54:04,294 INFO  server.RaftServerConfigKeys (ConfUtils.java:logGet(43)) - raft.server.log.segment.cache.num.max = 2 (custom)
2019-08-20 15:54:04,294 INFO  segmented.SegmentedRaftLogWorker (SegmentedRaftLogWorker.java:<init>(172)) - new 87a44177-3edb-4a60-8a47-052096579d6b-SegmentedRaftLogWorker:Storage Directory /workdir/hadoop-ozone/integration-test/target/test-dir/MiniOzoneClusterImpl-802bd29e-af6e-48ad-aaa5-d32a5604ae37/datanode-2/data/ratis/46f2720f-5a55-4320-9e74-32afebecaa94 for RaftStorage:Storage Directory /workdir/hadoop-ozone/integration-test/target/test-dir/MiniOzoneClusterImpl-802bd29e-af6e-48ad-aaa5-d32a5604ae37/datanode-2/data/ratis/46f2720f-5a55-4320-9e74-32afebecaa94
2019-08-20 15:54:04,295 INFO  server.RaftServerConfigKeys (ConfUtils.java:logGet(43)) - raft.server.log.queue.byte-limit = 2147483647 (custom)
2019-08-20 15:54:04,295 INFO  server.RaftServerConfigKeys (ConfUtils.java:logGet(43)) - raft.server.log.queue.element-limit = 1024 (custom)
2019-08-20 15:54:04,296 INFO  server.RaftServerConfigKeys (ConfUtils.java:logGet(43)) - raft.server.log.segment.size.max = 1048576 (custom)
2019-08-20 15:54:04,296 INFO  server.RaftServerConfigKeys (ConfUtils.java:logGet(43)) - raft.server.log.preallocated.size = 16384 (custom)
2019-08-20 15:54:04,296 INFO  server.RaftServerConfigKeys (ConfUtils.java:logGet(43)) - raft.server.log.write.buffer.size = 33554432 (custom)
2019-08-20 15:54:04,296 INFO  server.RaftServerConfigKeys (ConfUtils.java:logGet(43)) - raft.server.log.force.sync.num = 128 (default)
2019-08-20 15:54:04,296 INFO  server.RaftServerConfigKeys (ConfUtils.java:logGet(43)) - raft.server.log.statemachine.data.sync = true (default)
2019-08-20 15:54:04,296 INFO  server.RaftServerConfigKeys (ConfUtils.java:logGet(43)) - raft.server.log.statemachine.data.sync.timeout = 10s (default)
2019-08-20 15:54:04,296 INFO  server.RaftServerConfigKeys (ConfUtils.java:logGet(43)) - raft.server.log.statemachine.data.sync.timeout.retry = -1 (default)
2019-08-20 15:54:04,297 INFO  server.RaftServerConfigKeys (ConfUtils.java:logGet(43)) - raft.server.log.statemachine.data.caching.enabled = true (custom)
2019-08-20 15:54:04,297 INFO  segmented.SegmentedRaftLogWorker (SegmentedRaftLogWorker.java:lambda$new$0(132)) - 87a44177-3edb-4a60-8a47-052096579d6b-SegmentedRaftLogWorker:Storage Directory /workdir/hadoop-ozone/integration-test/target/test-dir/MiniOzoneClusterImpl-802bd29e-af6e-48ad-aaa5-d32a5604ae37/datanode-2/data/ratis/46f2720f-5a55-4320-9e74-32afebecaa94: flushIndex: setUnconditionally 0 -> -1
2019-08-20 15:54:04,297 INFO  server.RaftServerConfigKeys (ConfUtils.java:logGet(43)) - raft.server.snapshot.auto.trigger.enabled = true (custom)
2019-08-20 15:54:04,297 INFO  server.RaftServerConfigKeys (ConfUtils.java:logGet(43)) - raft.server.snapshot.auto.trigger.threshold = 10000 (custom)
2019-08-20 15:54:04,298 INFO  server.RaftServerConfigKeys (ConfUtils.java:logGet(43)) - raft.server.retrycache.expirytime = 600000ms (custom)
2019-08-20 15:54:04,298 INFO  impl.RaftServerImpl (RaftServerImpl.java:start(180)) - 87a44177-3edb-4a60-8a47-052096579d6b: start group-32AFEBECAA94
2019-08-20 15:54:04,298 INFO  impl.RaftServerImpl (RaftServerImpl.java:setRole(171)) - 87a44177-3edb-4a60-8a47-052096579d6b:group-32AFEBECAA94 changes role from null to FOLLOWER at term 0 for startAsFollower
2019-08-20 15:54:04,298 INFO  impl.RoleInfo (RoleInfo.java:updateAndGet(143)) - 87a44177-3edb-4a60-8a47-052096579d6b: start FollowerState
2019-08-20 15:54:04,300 INFO  util.JmxRegister (JmxRegister.java:tryRegister(44)) - Successfully registered JMX Bean with object name Ratis:service=RaftServer,group=group-32AFEBECAA94,id=87a44177-3edb-4a60-8a47-052096579d6b
2019-08-20 15:54:04,314 INFO  pipeline.PipelineStateManager (PipelineStateManager.java:addPipeline(56)) - Created pipeline Pipeline[ Id: 46f2720f-5a55-4320-9e74-32afebecaa94, Nodes: 87a44177-3edb-4a60-8a47-052096579d6b{ip: 192.168.5.175, host: pr-hdds-1879-mp8vb-189615265, networkLocation: /default-rack, certSerialId: null}, Type:RATIS, Factor:ONE, State:OPEN]
2019-08-20 15:54:04,334 INFO  impl.RaftServerProxy (RaftServerProxy.java:addNew(89)) - 9efa53fa-81aa-4347-9787-785a8fac9bb8: addNew group-69357E47C45A:[9efa53fa-81aa-4347-9787-785a8fac9bb8:192.168.5.175:46169] returns group-69357E47C45A:java.util.concurrent.CompletableFuture@679ddb77[Not completed]
2019-08-20 15:54:04,342 INFO  impl.RaftServerImpl (RaftServerImpl.java:<init>(93)) - 9efa53fa-81aa-4347-9787-785a8fac9bb8: new RaftServerImpl for group-69357E47C45A:[9efa53fa-81aa-4347-9787-785a8fac9bb8:192.168.5.175:46169] with ContainerStateMachine:uninitialized
2019-08-20 15:54:04,342 INFO  server.RaftServerConfigKeys (ConfUtils.java:logGet(43)) - raft.server.rpc.timeout.min = 5s (custom)
2019-08-20 15:54:04,342 INFO  server.RaftServerConfigKeys (ConfUtils.java:logGet(43)) - raft.server.rpc.timeout.max = 5200ms (custom)
2019-08-20 15:54:04,342 INFO  server.RaftServerConfigKeys (ConfUtils.java:logGet(43)) - raft.server.rpcslowness.timeout = 120s (custom)
2019-08-20 15:54:04,342 INFO  server.RaftServerConfigKeys (ConfUtils.java:logGet(43)) - raft.server.sleep.deviation.threshold = 300 (default)
2019-08-20 15:54:04,342 INFO  server.RaftServerConfigKeys (ConfUtils.java:logGet(43)) - raft.server.log.appender.install.snapshot.enabled = false (custom)
2019-08-20 15:54:04,343 INFO  impl.RaftServerImpl (ServerState.java:<init>(105)) - 9efa53fa-81aa-4347-9787-785a8fac9bb8:group-69357E47C45A ConfigurationManager, init=-1: [9efa53fa-81aa-4347-9787-785a8fac9bb8:192.168.5.175:46169], old=null, confs=<EMPTY_MAP>
2019-08-20 15:54:04,343 INFO  server.RaftServerConfigKeys (ConfUtils.java:logGet(43)) - raft.server.storage.dir = [/workdir/hadoop-ozone/integration-test/target/test-dir/MiniOzoneClusterImpl-802bd29e-af6e-48ad-aaa5-d32a5604ae37/datanode-3/data/ratis] (custom)
2019-08-20 15:54:04,343 INFO  storage.RaftStorageDirectory (RaftStorageDirectory.java:analyzeStorage(246)) - The storage directory /workdir/hadoop-ozone/integration-test/target/test-dir/MiniOzoneClusterImpl-802bd29e-af6e-48ad-aaa5-d32a5604ae37/datanode-3/data/ratis/42691de8-8a46-4b56-bb27-69357e47c45a does not exist. Creating ...
2019-08-20 15:54:04,360 INFO  storage.RaftStorageDirectory (RaftStorageDirectory.java:tryLock(328)) - Lock on /workdir/hadoop-ozone/integration-test/target/test-dir/MiniOzoneClusterImpl-802bd29e-af6e-48ad-aaa5-d32a5604ae37/datanode-3/data/ratis/42691de8-8a46-4b56-bb27-69357e47c45a/in_use.lock acquired by nodename 30790@pr-hdds-1879-mp8vb-189615265
2019-08-20 15:54:04,375 INFO  storage.RaftStorage (RaftStorage.java:format(72)) - Storage directory /workdir/hadoop-ozone/integration-test/target/test-dir/MiniOzoneClusterImpl-802bd29e-af6e-48ad-aaa5-d32a5604ae37/datanode-3/data/ratis/42691de8-8a46-4b56-bb27-69357e47c45a has been successfully formatted.
2019-08-20 15:54:04,375 INFO  ratis.ContainerStateMachine (ContainerStateMachine.java:loadSnapshot(223)) - group-69357E47C45A: The snapshot info is null. Setting the last applied indexto:(t:0, i:~)
2019-08-20 15:54:04,376 INFO  server.RaftServerConfigKeys (ConfUtils.java:logGet(43)) - raft.server.leader.election.timeout = 120s (custom)
2019-08-20 15:54:04,378 INFO  server.RaftServerConfigKeys (ConfUtils.java:logGet(43)) - raft.server.log.use.memory = false (default)
2019-08-20 15:54:04,378 INFO  server.RaftServerConfigKeys (ConfUtils.java:logGet(43)) - raft.server.log.purge.gap = 1000000000 (custom)
2019-08-20 15:54:04,378 INFO  server.RaftServerConfigKeys (ConfUtils.java:logGet(43)) - raft.server.log.appender.buffer.byte-limit = 33554432 (custom)
2019-08-20 15:54:04,378 INFO  server.RaftServerConfigKeys (ConfUtils.java:logGet(43)) - raft.server.log.segment.size.max = 1048576 (custom)
2019-08-20 15:54:04,378 INFO  server.RaftServerConfigKeys (ConfUtils.java:logGet(43)) - raft.server.log.segment.cache.num.max = 2 (custom)
2019-08-20 15:54:04,379 INFO  segmented.SegmentedRaftLogWorker (SegmentedRaftLogWorker.java:<init>(172)) - new 9efa53fa-81aa-4347-9787-785a8fac9bb8-SegmentedRaftLogWorker:Storage Directory /workdir/hadoop-ozone/integration-test/target/test-dir/MiniOzoneClusterImpl-802bd29e-af6e-48ad-aaa5-d32a5604ae37/datanode-3/data/ratis/42691de8-8a46-4b56-bb27-69357e47c45a for RaftStorage:Storage Directory /workdir/hadoop-ozone/integration-test/target/test-dir/MiniOzoneClusterImpl-802bd29e-af6e-48ad-aaa5-d32a5604ae37/datanode-3/data/ratis/42691de8-8a46-4b56-bb27-69357e47c45a
2019-08-20 15:54:04,379 INFO  server.RaftServerConfigKeys (ConfUtils.java:logGet(43)) - raft.server.log.queue.byte-limit = 2147483647 (custom)
2019-08-20 15:54:04,379 INFO  server.RaftServerConfigKeys (ConfUtils.java:logGet(43)) - raft.server.log.queue.element-limit = 1024 (custom)
2019-08-20 15:54:04,379 INFO  server.RaftServerConfigKeys (ConfUtils.java:logGet(43)) - raft.server.log.segment.size.max = 1048576 (custom)
2019-08-20 15:54:04,379 INFO  server.RaftServerConfigKeys (ConfUtils.java:logGet(43)) - raft.server.log.preallocated.size = 16384 (custom)
2019-08-20 15:54:04,379 INFO  server.RaftServerConfigKeys (ConfUtils.java:logGet(43)) - raft.server.log.write.buffer.size = 33554432 (custom)
2019-08-20 15:54:04,379 INFO  server.RaftServerConfigKeys (ConfUtils.java:logGet(43)) - raft.server.log.force.sync.num = 128 (default)
2019-08-20 15:54:04,380 INFO  server.RaftServerConfigKeys (ConfUtils.java:logGet(43)) - raft.server.log.statemachine.data.sync = true (default)
2019-08-20 15:54:04,380 INFO  server.RaftServerConfigKeys (ConfUtils.java:logGet(43)) - raft.server.log.statemachine.data.sync.timeout = 10s (default)
2019-08-20 15:54:04,380 INFO  server.RaftServerConfigKeys (ConfUtils.java:logGet(43)) - raft.server.log.statemachine.data.sync.timeout.retry = -1 (default)
2019-08-20 15:54:04,381 INFO  ozone.MiniOzoneClusterImpl (MiniOzoneClusterImpl.java:lambda$waitForClusterToBeReady$0(142)) - Waiting for cluster to be ready. Got 5 of 6 DN Heartbeats.
2019-08-20 15:54:04,382 INFO  server.RaftServerConfigKeys (ConfUtils.java:logGet(43)) - raft.server.log.statemachine.data.caching.enabled = true (custom)
2019-08-20 15:54:04,383 INFO  segmented.SegmentedRaftLogWorker (SegmentedRaftLogWorker.java:lambda$new$0(132)) - 9efa53fa-81aa-4347-9787-785a8fac9bb8-SegmentedRaftLogWorker:Storage Directory /workdir/hadoop-ozone/integration-test/target/test-dir/MiniOzoneClusterImpl-802bd29e-af6e-48ad-aaa5-d32a5604ae37/datanode-3/data/ratis/42691de8-8a46-4b56-bb27-69357e47c45a: flushIndex: setUnconditionally 0 -> -1
2019-08-20 15:54:04,383 INFO  net.NetworkTopology (NetworkTopologyImpl.java:add(110)) - Added a new node: /default-rack/5ca31ecd-36ff-4b76-99e6-15ea25204cb4
2019-08-20 15:54:04,383 INFO  node.SCMNodeManager (SCMNodeManager.java:register(273)) - Registered Data node : 5ca31ecd-36ff-4b76-99e6-15ea25204cb4{ip: 192.168.5.175, host: pr-hdds-1879-mp8vb-189615265, networkLocation: /default-rack, certSerialId: null}
2019-08-20 15:54:04,383 INFO  server.RaftServerConfigKeys (ConfUtils.java:logGet(43)) - raft.server.snapshot.auto.trigger.enabled = true (custom)
2019-08-20 15:54:04,383 INFO  server.RaftServerConfigKeys (ConfUtils.java:logGet(43)) - raft.server.snapshot.auto.trigger.threshold = 10000 (custom)
2019-08-20 15:54:04,384 INFO  server.RaftServerConfigKeys (ConfUtils.java:logGet(43)) - raft.server.retrycache.expirytime = 600000ms (custom)
2019-08-20 15:54:04,384 INFO  impl.RaftServerImpl (RaftServerImpl.java:start(180)) - 9efa53fa-81aa-4347-9787-785a8fac9bb8: start group-69357E47C45A
2019-08-20 15:54:04,384 INFO  impl.RaftServerImpl (RaftServerImpl.java:setRole(171)) - 9efa53fa-81aa-4347-9787-785a8fac9bb8:group-69357E47C45A changes role from null to FOLLOWER at term 0 for startAsFollower
2019-08-20 15:54:04,384 INFO  impl.RoleInfo (RoleInfo.java:updateAndGet(143)) - 9efa53fa-81aa-4347-9787-785a8fac9bb8: start FollowerState
2019-08-20 15:54:04,385 INFO  util.JmxRegister (JmxRegister.java:tryRegister(44)) - Successfully registered JMX Bean with object name Ratis:service=RaftServer,group=group-69357E47C45A,id=9efa53fa-81aa-4347-9787-785a8fac9bb8
2019-08-20 15:54:04,395 INFO  pipeline.PipelineStateManager (PipelineStateManager.java:addPipeline(56)) - Created pipeline Pipeline[ Id: 42691de8-8a46-4b56-bb27-69357e47c45a, Nodes: 9efa53fa-81aa-4347-9787-785a8fac9bb8{ip: 192.168.5.175, host: pr-hdds-1879-mp8vb-189615265, networkLocation: /default-rack, certSerialId: null}, Type:RATIS, Factor:ONE, State:OPEN]
2019-08-20 15:54:04,415 INFO  impl.RaftServerProxy (RaftServerProxy.java:addNew(89)) - 3cdf5db5-634a-499e-9c82-270b7e626451: addNew group-01100526C214:[3cdf5db5-634a-499e-9c82-270b7e626451:192.168.5.175:43895] returns group-01100526C214:java.util.concurrent.CompletableFuture@4ec547df[Not completed]
2019-08-20 15:54:04,419 INFO  impl.RaftServerImpl (RaftServerImpl.java:<init>(93)) - 3cdf5db5-634a-499e-9c82-270b7e626451: new RaftServerImpl for group-01100526C214:[3cdf5db5-634a-499e-9c82-270b7e626451:192.168.5.175:43895] with ContainerStateMachine:uninitialized
2019-08-20 15:54:04,419 INFO  server.RaftServerConfigKeys (ConfUtils.java:logGet(43)) - raft.server.rpc.timeout.min = 5s (custom)
2019-08-20 15:54:04,419 INFO  server.RaftServerConfigKeys (ConfUtils.java:logGet(43)) - raft.server.rpc.timeout.max = 5200ms (custom)
2019-08-20 15:54:04,419 INFO  server.RaftServerConfigKeys (ConfUtils.java:logGet(43)) - raft.server.rpcslowness.timeout = 120s (custom)
2019-08-20 15:54:04,419 INFO  server.RaftServerConfigKeys (ConfUtils.java:logGet(43)) - raft.server.sleep.deviation.threshold = 300 (default)
2019-08-20 15:54:04,419 INFO  server.RaftServerConfigKeys (ConfUtils.java:logGet(43)) - raft.server.log.appender.install.snapshot.enabled = false (custom)
2019-08-20 15:54:04,419 INFO  impl.RaftServerImpl (ServerState.java:<init>(105)) - 3cdf5db5-634a-499e-9c82-270b7e626451:group-01100526C214 ConfigurationManager, init=-1: [3cdf5db5-634a-499e-9c82-270b7e626451:192.168.5.175:43895], old=null, confs=<EMPTY_MAP>
2019-08-20 15:54:04,420 INFO  server.RaftServerConfigKeys (ConfUtils.java:logGet(43)) - raft.server.storage.dir = [/workdir/hadoop-ozone/integration-test/target/test-dir/MiniOzoneClusterImpl-802bd29e-af6e-48ad-aaa5-d32a5604ae37/datanode-4/data/ratis] (custom)
2019-08-20 15:54:04,420 INFO  storage.RaftStorageDirectory (RaftStorageDirectory.java:analyzeStorage(246)) - The storage directory /workdir/hadoop-ozone/integration-test/target/test-dir/MiniOzoneClusterImpl-802bd29e-af6e-48ad-aaa5-d32a5604ae37/datanode-4/data/ratis/8cb4d63c-e84c-4c5a-aba4-01100526c214 does not exist. Creating ...
2019-08-20 15:54:04,433 INFO  storage.RaftStorageDirectory (RaftStorageDirectory.java:tryLock(328)) - Lock on /workdir/hadoop-ozone/integration-test/target/test-dir/MiniOzoneClusterImpl-802bd29e-af6e-48ad-aaa5-d32a5604ae37/datanode-4/data/ratis/8cb4d63c-e84c-4c5a-aba4-01100526c214/in_use.lock acquired by nodename 30790@pr-hdds-1879-mp8vb-189615265
2019-08-20 15:54:04,456 INFO  storage.RaftStorage (RaftStorage.java:format(72)) - Storage directory /workdir/hadoop-ozone/integration-test/target/test-dir/MiniOzoneClusterImpl-802bd29e-af6e-48ad-aaa5-d32a5604ae37/datanode-4/data/ratis/8cb4d63c-e84c-4c5a-aba4-01100526c214 has been successfully formatted.
2019-08-20 15:54:04,456 INFO  ratis.ContainerStateMachine (ContainerStateMachine.java:loadSnapshot(223)) - group-01100526C214: The snapshot info is null. Setting the last applied indexto:(t:0, i:~)
2019-08-20 15:54:04,456 INFO  server.RaftServerConfigKeys (ConfUtils.java:logGet(43)) - raft.server.leader.election.timeout = 120s (custom)
2019-08-20 15:54:04,456 INFO  server.RaftServerConfigKeys (ConfUtils.java:logGet(43)) - raft.server.log.use.memory = false (default)
2019-08-20 15:54:04,457 INFO  server.RaftServerConfigKeys (ConfUtils.java:logGet(43)) - raft.server.log.purge.gap = 1000000000 (custom)
2019-08-20 15:54:04,457 INFO  server.RaftServerConfigKeys (ConfUtils.java:logGet(43)) - raft.server.log.appender.buffer.byte-limit = 33554432 (custom)
2019-08-20 15:54:04,457 INFO  server.RaftServerConfigKeys (ConfUtils.java:logGet(43)) - raft.server.log.segment.size.max = 1048576 (custom)
2019-08-20 15:54:04,457 INFO  server.RaftServerConfigKeys (ConfUtils.java:logGet(43)) - raft.server.log.segment.cache.num.max = 2 (custom)
2019-08-20 15:54:04,457 INFO  segmented.SegmentedRaftLogWorker (SegmentedRaftLogWorker.java:<init>(172)) - new 3cdf5db5-634a-499e-9c82-270b7e626451-SegmentedRaftLogWorker:Storage Directory /workdir/hadoop-ozone/integration-test/target/test-dir/MiniOzoneClusterImpl-802bd29e-af6e-48ad-aaa5-d32a5604ae37/datanode-4/data/ratis/8cb4d63c-e84c-4c5a-aba4-01100526c214 for RaftStorage:Storage Directory /workdir/hadoop-ozone/integration-test/target/test-dir/MiniOzoneClusterImpl-802bd29e-af6e-48ad-aaa5-d32a5604ae37/datanode-4/data/ratis/8cb4d63c-e84c-4c5a-aba4-01100526c214
2019-08-20 15:54:04,457 INFO  server.RaftServerConfigKeys (ConfUtils.java:logGet(43)) - raft.server.log.queue.byte-limit = 2147483647 (custom)
2019-08-20 15:54:04,458 INFO  server.RaftServerConfigKeys (ConfUtils.java:logGet(43)) - raft.server.log.queue.element-limit = 1024 (custom)
2019-08-20 15:54:04,458 INFO  server.RaftServerConfigKeys (ConfUtils.java:logGet(43)) - raft.server.log.segment.size.max = 1048576 (custom)
2019-08-20 15:54:04,458 INFO  server.RaftServerConfigKeys (ConfUtils.java:logGet(43)) - raft.server.log.preallocated.size = 16384 (custom)
2019-08-20 15:54:04,458 INFO  server.RaftServerConfigKeys (ConfUtils.java:logGet(43)) - raft.server.log.write.buffer.size = 33554432 (custom)
2019-08-20 15:54:04,458 INFO  server.RaftServerConfigKeys (ConfUtils.java:logGet(43)) - raft.server.log.force.sync.num = 128 (default)
2019-08-20 15:54:04,459 INFO  server.RaftServerConfigKeys (ConfUtils.java:logGet(43)) - raft.server.log.statemachine.data.sync = true (default)
2019-08-20 15:54:04,459 INFO  server.RaftServerConfigKeys (ConfUtils.java:logGet(43)) - raft.server.log.statemachine.data.sync.timeout = 10s (default)
2019-08-20 15:54:04,459 INFO  server.RaftServerConfigKeys (ConfUtils.java:logGet(43)) - raft.server.log.statemachine.data.sync.timeout.retry = -1 (default)
2019-08-20 15:54:04,459 INFO  server.RaftServerConfigKeys (ConfUtils.java:logGet(43)) - raft.server.log.statemachine.data.caching.enabled = true (custom)
2019-08-20 15:54:04,459 INFO  segmented.SegmentedRaftLogWorker (SegmentedRaftLogWorker.java:lambda$new$0(132)) - 3cdf5db5-634a-499e-9c82-270b7e626451-SegmentedRaftLogWorker:Storage Directory /workdir/hadoop-ozone/integration-test/target/test-dir/MiniOzoneClusterImpl-802bd29e-af6e-48ad-aaa5-d32a5604ae37/datanode-4/data/ratis/8cb4d63c-e84c-4c5a-aba4-01100526c214: flushIndex: setUnconditionally 0 -> -1
2019-08-20 15:54:04,460 INFO  server.RaftServerConfigKeys (ConfUtils.java:logGet(43)) - raft.server.snapshot.auto.trigger.enabled = true (custom)
2019-08-20 15:54:04,460 INFO  server.RaftServerConfigKeys (ConfUtils.java:logGet(43)) - raft.server.snapshot.auto.trigger.threshold = 10000 (custom)
2019-08-20 15:54:04,460 INFO  server.RaftServerConfigKeys (ConfUtils.java:logGet(43)) - raft.server.retrycache.expirytime = 600000ms (custom)
2019-08-20 15:54:04,460 INFO  impl.RaftServerImpl (RaftServerImpl.java:start(180)) - 3cdf5db5-634a-499e-9c82-270b7e626451: start group-01100526C214
2019-08-20 15:54:04,460 INFO  impl.RaftServerImpl (RaftServerImpl.java:setRole(171)) - 3cdf5db5-634a-499e-9c82-270b7e626451:group-01100526C214 changes role from null to FOLLOWER at term 0 for startAsFollower
2019-08-20 15:54:04,461 INFO  impl.RoleInfo (RoleInfo.java:updateAndGet(143)) - 3cdf5db5-634a-499e-9c82-270b7e626451: start FollowerState
2019-08-20 15:54:04,462 INFO  util.JmxRegister (JmxRegister.java:tryRegister(44)) - Successfully registered JMX Bean with object name Ratis:service=RaftServer,group=group-01100526C214,id=3cdf5db5-634a-499e-9c82-270b7e626451
2019-08-20 15:54:04,472 INFO  pipeline.PipelineStateManager (PipelineStateManager.java:addPipeline(56)) - Created pipeline Pipeline[ Id: 8cb4d63c-e84c-4c5a-aba4-01100526c214, Nodes: 3cdf5db5-634a-499e-9c82-270b7e626451{ip: 192.168.5.175, host: pr-hdds-1879-mp8vb-189615265, networkLocation: /default-rack, certSerialId: null}, Type:RATIS, Factor:ONE, State:OPEN]
2019-08-20 15:54:04,488 INFO  impl.RaftServerProxy (RaftServerProxy.java:addNew(89)) - c79acb33-54d1-498f-8257-7f472001ece8: addNew group-E2C2F87AB95A:[c79acb33-54d1-498f-8257-7f472001ece8:192.168.5.175:40613] returns group-E2C2F87AB95A:java.util.concurrent.CompletableFuture@6105d7c2[Not completed]
2019-08-20 15:54:04,490 INFO  impl.RaftServerImpl (RaftServerImpl.java:<init>(93)) - c79acb33-54d1-498f-8257-7f472001ece8: new RaftServerImpl for group-E2C2F87AB95A:[c79acb33-54d1-498f-8257-7f472001ece8:192.168.5.175:40613] with ContainerStateMachine:uninitialized
2019-08-20 15:54:04,491 INFO  server.RaftServerConfigKeys (ConfUtils.java:logGet(43)) - raft.server.rpc.timeout.min = 5s (custom)
2019-08-20 15:54:04,491 INFO  server.RaftServerConfigKeys (ConfUtils.java:logGet(43)) - raft.server.rpc.timeout.max = 5200ms (custom)
2019-08-20 15:54:04,491 INFO  server.RaftServerConfigKeys (ConfUtils.java:logGet(43)) - raft.server.rpcslowness.timeout = 120s (custom)
2019-08-20 15:54:04,492 INFO  server.RaftServerConfigKeys (ConfUtils.java:logGet(43)) - raft.server.sleep.deviation.threshold = 300 (default)
2019-08-20 15:54:04,492 INFO  server.RaftServerConfigKeys (ConfUtils.java:logGet(43)) - raft.server.log.appender.install.snapshot.enabled = false (custom)
2019-08-20 15:54:04,492 INFO  impl.RaftServerImpl (ServerState.java:<init>(105)) - c79acb33-54d1-498f-8257-7f472001ece8:group-E2C2F87AB95A ConfigurationManager, init=-1: [c79acb33-54d1-498f-8257-7f472001ece8:192.168.5.175:40613], old=null, confs=<EMPTY_MAP>
2019-08-20 15:54:04,492 INFO  server.RaftServerConfigKeys (ConfUtils.java:logGet(43)) - raft.server.storage.dir = [/workdir/hadoop-ozone/integration-test/target/test-dir/MiniOzoneClusterImpl-802bd29e-af6e-48ad-aaa5-d32a5604ae37/datanode-1/data/ratis] (custom)
2019-08-20 15:54:04,493 INFO  storage.RaftStorageDirectory (RaftStorageDirectory.java:analyzeStorage(246)) - The storage directory /workdir/hadoop-ozone/integration-test/target/test-dir/MiniOzoneClusterImpl-802bd29e-af6e-48ad-aaa5-d32a5604ae37/datanode-1/data/ratis/8d550594-3625-4d4c-8bb2-e2c2f87ab95a does not exist. Creating ...
2019-08-20 15:54:04,506 INFO  storage.RaftStorageDirectory (RaftStorageDirectory.java:tryLock(328)) - Lock on /workdir/hadoop-ozone/integration-test/target/test-dir/MiniOzoneClusterImpl-802bd29e-af6e-48ad-aaa5-d32a5604ae37/datanode-1/data/ratis/8d550594-3625-4d4c-8bb2-e2c2f87ab95a/in_use.lock acquired by nodename 30790@pr-hdds-1879-mp8vb-189615265
2019-08-20 15:54:04,519 INFO  storage.RaftStorage (RaftStorage.java:format(72)) - Storage directory /workdir/hadoop-ozone/integration-test/target/test-dir/MiniOzoneClusterImpl-802bd29e-af6e-48ad-aaa5-d32a5604ae37/datanode-1/data/ratis/8d550594-3625-4d4c-8bb2-e2c2f87ab95a has been successfully formatted.
2019-08-20 15:54:04,520 INFO  ratis.ContainerStateMachine (ContainerStateMachine.java:loadSnapshot(223)) - group-E2C2F87AB95A: The snapshot info is null. Setting the last applied indexto:(t:0, i:~)
2019-08-20 15:54:04,520 INFO  server.RaftServerConfigKeys (ConfUtils.java:logGet(43)) - raft.server.leader.election.timeout = 120s (custom)
2019-08-20 15:54:04,520 INFO  server.RaftServerConfigKeys (ConfUtils.java:logGet(43)) - raft.server.log.use.memory = false (default)
2019-08-20 15:54:04,520 INFO  server.RaftServerConfigKeys (ConfUtils.java:logGet(43)) - raft.server.log.purge.gap = 1000000000 (custom)
2019-08-20 15:54:04,521 INFO  server.RaftServerConfigKeys (ConfUtils.java:logGet(43)) - raft.server.log.appender.buffer.byte-limit = 33554432 (custom)
2019-08-20 15:54:04,521 INFO  server.RaftServerConfigKeys (ConfUtils.java:logGet(43)) - raft.server.log.segment.size.max = 1048576 (custom)
2019-08-20 15:54:04,521 INFO  server.RaftServerConfigKeys (ConfUtils.java:logGet(43)) - raft.server.log.segment.cache.num.max = 2 (custom)
2019-08-20 15:54:04,521 INFO  segmented.SegmentedRaftLogWorker (SegmentedRaftLogWorker.java:<init>(172)) - new c79acb33-54d1-498f-8257-7f472001ece8-SegmentedRaftLogWorker:Storage Directory /workdir/hadoop-ozone/integration-test/target/test-dir/MiniOzoneClusterImpl-802bd29e-af6e-48ad-aaa5-d32a5604ae37/datanode-1/data/ratis/8d550594-3625-4d4c-8bb2-e2c2f87ab95a for RaftStorage:Storage Directory /workdir/hadoop-ozone/integration-test/target/test-dir/MiniOzoneClusterImpl-802bd29e-af6e-48ad-aaa5-d32a5604ae37/datanode-1/data/ratis/8d550594-3625-4d4c-8bb2-e2c2f87ab95a
2019-08-20 15:54:04,522 INFO  server.RaftServerConfigKeys (ConfUtils.java:logGet(43)) - raft.server.log.queue.byte-limit = 2147483647 (custom)
2019-08-20 15:54:04,522 INFO  server.RaftServerConfigKeys (ConfUtils.java:logGet(43)) - raft.server.log.queue.element-limit = 1024 (custom)
2019-08-20 15:54:04,522 INFO  server.RaftServerConfigKeys (ConfUtils.java:logGet(43)) - raft.server.log.segment.size.max = 1048576 (custom)
2019-08-20 15:54:04,522 INFO  server.RaftServerConfigKeys (ConfUtils.java:logGet(43)) - raft.server.log.preallocated.size = 16384 (custom)
2019-08-20 15:54:04,523 INFO  server.RaftServerConfigKeys (ConfUtils.java:logGet(43)) - raft.server.log.write.buffer.size = 33554432 (custom)
2019-08-20 15:54:04,523 INFO  server.RaftServerConfigKeys (ConfUtils.java:logGet(43)) - raft.server.log.force.sync.num = 128 (default)
2019-08-20 15:54:04,523 INFO  server.RaftServerConfigKeys (ConfUtils.java:logGet(43)) - raft.server.log.statemachine.data.sync = true (default)
2019-08-20 15:54:04,523 INFO  server.RaftServerConfigKeys (ConfUtils.java:logGet(43)) - raft.server.log.statemachine.data.sync.timeout = 10s (default)
2019-08-20 15:54:04,523 INFO  server.RaftServerConfigKeys (ConfUtils.java:logGet(43)) - raft.server.log.statemachine.data.sync.timeout.retry = -1 (default)
2019-08-20 15:54:04,524 INFO  server.RaftServerConfigKeys (ConfUtils.java:logGet(43)) - raft.server.log.statemachine.data.caching.enabled = true (custom)
2019-08-20 15:54:04,524 INFO  segmented.SegmentedRaftLogWorker (SegmentedRaftLogWorker.java:lambda$new$0(132)) - c79acb33-54d1-498f-8257-7f472001ece8-SegmentedRaftLogWorker:Storage Directory /workdir/hadoop-ozone/integration-test/target/test-dir/MiniOzoneClusterImpl-802bd29e-af6e-48ad-aaa5-d32a5604ae37/datanode-1/data/ratis/8d550594-3625-4d4c-8bb2-e2c2f87ab95a: flushIndex: setUnconditionally 0 -> -1
2019-08-20 15:54:04,525 INFO  server.RaftServerConfigKeys (ConfUtils.java:logGet(43)) - raft.server.snapshot.auto.trigger.enabled = true (custom)
2019-08-20 15:54:04,525 INFO  server.RaftServerConfigKeys (ConfUtils.java:logGet(43)) - raft.server.snapshot.auto.trigger.threshold = 10000 (custom)
2019-08-20 15:54:04,525 INFO  server.RaftServerConfigKeys (ConfUtils.java:logGet(43)) - raft.server.retrycache.expirytime = 600000ms (custom)
2019-08-20 15:54:04,525 INFO  impl.RaftServerImpl (RaftServerImpl.java:start(180)) - c79acb33-54d1-498f-8257-7f472001ece8: start group-E2C2F87AB95A
2019-08-20 15:54:04,526 INFO  impl.RaftServerImpl (RaftServerImpl.java:setRole(171)) - c79acb33-54d1-498f-8257-7f472001ece8:group-E2C2F87AB95A changes role from null to FOLLOWER at term 0 for startAsFollower
2019-08-20 15:54:04,526 INFO  impl.RoleInfo (RoleInfo.java:updateAndGet(143)) - c79acb33-54d1-498f-8257-7f472001ece8: start FollowerState
2019-08-20 15:54:04,526 INFO  util.JmxRegister (JmxRegister.java:tryRegister(44)) - Successfully registered JMX Bean with object name Ratis:service=RaftServer,group=group-E2C2F87AB95A,id=c79acb33-54d1-498f-8257-7f472001ece8
2019-08-20 15:54:04,540 INFO  pipeline.PipelineStateManager (PipelineStateManager.java:addPipeline(56)) - Created pipeline Pipeline[ Id: 8d550594-3625-4d4c-8bb2-e2c2f87ab95a, Nodes: c79acb33-54d1-498f-8257-7f472001ece8{ip: 192.168.5.175, host: pr-hdds-1879-mp8vb-189615265, networkLocation: /default-rack, certSerialId: null}, Type:RATIS, Factor:ONE, State:OPEN]
2019-08-20 15:54:04,567 INFO  impl.RaftServerProxy (RaftServerProxy.java:addNew(89)) - 5ca31ecd-36ff-4b76-99e6-15ea25204cb4: addNew group-4FE205D4D764:[5ca31ecd-36ff-4b76-99e6-15ea25204cb4:192.168.5.175:45910] returns group-4FE205D4D764:java.util.concurrent.CompletableFuture@e017639[Not completed]
2019-08-20 15:54:04,572 INFO  impl.RaftServerImpl (RaftServerImpl.java:<init>(93)) - 5ca31ecd-36ff-4b76-99e6-15ea25204cb4: new RaftServerImpl for group-4FE205D4D764:[5ca31ecd-36ff-4b76-99e6-15ea25204cb4:192.168.5.175:45910] with ContainerStateMachine:uninitialized
2019-08-20 15:54:04,572 INFO  server.RaftServerConfigKeys (ConfUtils.java:logGet(43)) - raft.server.rpc.timeout.min = 5s (custom)
2019-08-20 15:54:04,572 INFO  server.RaftServerConfigKeys (ConfUtils.java:logGet(43)) - raft.server.rpc.timeout.max = 5200ms (custom)
2019-08-20 15:54:04,572 INFO  server.RaftServerConfigKeys (ConfUtils.java:logGet(43)) - raft.server.rpcslowness.timeout = 120s (custom)
2019-08-20 15:54:04,573 INFO  server.RaftServerConfigKeys (ConfUtils.java:logGet(43)) - raft.server.sleep.deviation.threshold = 300 (default)
2019-08-20 15:54:04,573 INFO  server.RaftServerConfigKeys (ConfUtils.java:logGet(43)) - raft.server.log.appender.install.snapshot.enabled = false (custom)
2019-08-20 15:54:04,573 INFO  impl.RaftServerImpl (ServerState.java:<init>(105)) - 5ca31ecd-36ff-4b76-99e6-15ea25204cb4:group-4FE205D4D764 ConfigurationManager, init=-1: [5ca31ecd-36ff-4b76-99e6-15ea25204cb4:192.168.5.175:45910], old=null, confs=<EMPTY_MAP>
2019-08-20 15:54:04,573 INFO  server.RaftServerConfigKeys (ConfUtils.java:logGet(43)) - raft.server.storage.dir = [/workdir/hadoop-ozone/integration-test/target/test-dir/MiniOzoneClusterImpl-802bd29e-af6e-48ad-aaa5-d32a5604ae37/datanode-5/data/ratis] (custom)
2019-08-20 15:54:04,573 INFO  storage.RaftStorageDirectory (RaftStorageDirectory.java:analyzeStorage(246)) - The storage directory /workdir/hadoop-ozone/integration-test/target/test-dir/MiniOzoneClusterImpl-802bd29e-af6e-48ad-aaa5-d32a5604ae37/datanode-5/data/ratis/adcaae65-0cb2-47b9-84ea-4fe205d4d764 does not exist. Creating ...
2019-08-20 15:54:04,586 INFO  storage.RaftStorageDirectory (RaftStorageDirectory.java:tryLock(328)) - Lock on /workdir/hadoop-ozone/integration-test/target/test-dir/MiniOzoneClusterImpl-802bd29e-af6e-48ad-aaa5-d32a5604ae37/datanode-5/data/ratis/adcaae65-0cb2-47b9-84ea-4fe205d4d764/in_use.lock acquired by nodename 30790@pr-hdds-1879-mp8vb-189615265
2019-08-20 15:54:04,605 INFO  storage.RaftStorage (RaftStorage.java:format(72)) - Storage directory /workdir/hadoop-ozone/integration-test/target/test-dir/MiniOzoneClusterImpl-802bd29e-af6e-48ad-aaa5-d32a5604ae37/datanode-5/data/ratis/adcaae65-0cb2-47b9-84ea-4fe205d4d764 has been successfully formatted.
2019-08-20 15:54:04,605 INFO  ratis.ContainerStateMachine (ContainerStateMachine.java:loadSnapshot(223)) - group-4FE205D4D764: The snapshot info is null. Setting the last applied indexto:(t:0, i:~)
2019-08-20 15:54:04,605 INFO  server.RaftServerConfigKeys (ConfUtils.java:logGet(43)) - raft.server.leader.election.timeout = 120s (custom)
2019-08-20 15:54:04,605 INFO  server.RaftServerConfigKeys (ConfUtils.java:logGet(43)) - raft.server.log.use.memory = false (default)
2019-08-20 15:54:04,605 INFO  server.RaftServerConfigKeys (ConfUtils.java:logGet(43)) - raft.server.log.purge.gap = 1000000000 (custom)
2019-08-20 15:54:04,606 INFO  server.RaftServerConfigKeys (ConfUtils.java:logGet(43)) - raft.server.log.appender.buffer.byte-limit = 33554432 (custom)
2019-08-20 15:54:04,606 INFO  server.RaftServerConfigKeys (ConfUtils.java:logGet(43)) - raft.server.log.segment.size.max = 1048576 (custom)
2019-08-20 15:54:04,606 INFO  server.RaftServerConfigKeys (ConfUtils.java:logGet(43)) - raft.server.log.segment.cache.num.max = 2 (custom)
2019-08-20 15:54:04,606 INFO  segmented.SegmentedRaftLogWorker (SegmentedRaftLogWorker.java:<init>(172)) - new 5ca31ecd-36ff-4b76-99e6-15ea25204cb4-SegmentedRaftLogWorker:Storage Directory /workdir/hadoop-ozone/integration-test/target/test-dir/MiniOzoneClusterImpl-802bd29e-af6e-48ad-aaa5-d32a5604ae37/datanode-5/data/ratis/adcaae65-0cb2-47b9-84ea-4fe205d4d764 for RaftStorage:Storage Directory /workdir/hadoop-ozone/integration-test/target/test-dir/MiniOzoneClusterImpl-802bd29e-af6e-48ad-aaa5-d32a5604ae37/datanode-5/data/ratis/adcaae65-0cb2-47b9-84ea-4fe205d4d764
2019-08-20 15:54:04,606 INFO  server.RaftServerConfigKeys (ConfUtils.java:logGet(43)) - raft.server.log.queue.byte-limit = 2147483647 (custom)
2019-08-20 15:54:04,606 INFO  server.RaftServerConfigKeys (ConfUtils.java:logGet(43)) - raft.server.log.queue.element-limit = 1024 (custom)
2019-08-20 15:54:04,607 INFO  server.RaftServerConfigKeys (ConfUtils.java:logGet(43)) - raft.server.log.segment.size.max = 1048576 (custom)
2019-08-20 15:54:04,607 INFO  server.RaftServerConfigKeys (ConfUtils.java:logGet(43)) - raft.server.log.preallocated.size = 16384 (custom)
2019-08-20 15:54:04,607 INFO  server.RaftServerConfigKeys (ConfUtils.java:logGet(43)) - raft.server.log.write.buffer.size = 33554432 (custom)
2019-08-20 15:54:04,607 INFO  server.RaftServerConfigKeys (ConfUtils.java:logGet(43)) - raft.server.log.force.sync.num = 128 (default)
2019-08-20 15:54:04,607 INFO  server.RaftServerConfigKeys (ConfUtils.java:logGet(43)) - raft.server.log.statemachine.data.sync = true (default)
2019-08-20 15:54:04,607 INFO  server.RaftServerConfigKeys (ConfUtils.java:logGet(43)) - raft.server.log.statemachine.data.sync.timeout = 10s (default)
2019-08-20 15:54:04,608 INFO  server.RaftServerConfigKeys (ConfUtils.java:logGet(43)) - raft.server.log.statemachine.data.sync.timeout.retry = -1 (default)
2019-08-20 15:54:04,608 INFO  server.RaftServerConfigKeys (ConfUtils.java:logGet(43)) - raft.server.log.statemachine.data.caching.enabled = true (custom)
2019-08-20 15:54:04,608 INFO  segmented.SegmentedRaftLogWorker (SegmentedRaftLogWorker.java:lambda$new$0(132)) - 5ca31ecd-36ff-4b76-99e6-15ea25204cb4-SegmentedRaftLogWorker:Storage Directory /workdir/hadoop-ozone/integration-test/target/test-dir/MiniOzoneClusterImpl-802bd29e-af6e-48ad-aaa5-d32a5604ae37/datanode-5/data/ratis/adcaae65-0cb2-47b9-84ea-4fe205d4d764: flushIndex: setUnconditionally 0 -> -1
2019-08-20 15:54:04,609 INFO  server.RaftServerConfigKeys (ConfUtils.java:logGet(43)) - raft.server.snapshot.auto.trigger.enabled = true (custom)
2019-08-20 15:54:04,609 INFO  server.RaftServerConfigKeys (ConfUtils.java:logGet(43)) - raft.server.snapshot.auto.trigger.threshold = 10000 (custom)
2019-08-20 15:54:04,609 INFO  server.RaftServerConfigKeys (ConfUtils.java:logGet(43)) - raft.server.retrycache.expirytime = 600000ms (custom)
2019-08-20 15:54:04,609 INFO  impl.RaftServerImpl (RaftServerImpl.java:start(180)) - 5ca31ecd-36ff-4b76-99e6-15ea25204cb4: start group-4FE205D4D764
2019-08-20 15:54:04,609 INFO  impl.RaftServerImpl (RaftServerImpl.java:setRole(171)) - 5ca31ecd-36ff-4b76-99e6-15ea25204cb4:group-4FE205D4D764 changes role from null to FOLLOWER at term 0 for startAsFollower
2019-08-20 15:54:04,609 INFO  impl.RoleInfo (RoleInfo.java:updateAndGet(143)) - 5ca31ecd-36ff-4b76-99e6-15ea25204cb4: start FollowerState
2019-08-20 15:54:04,610 INFO  util.JmxRegister (JmxRegister.java:tryRegister(44)) - Successfully registered JMX Bean with object name Ratis:service=RaftServer,group=group-4FE205D4D764,id=5ca31ecd-36ff-4b76-99e6-15ea25204cb4
2019-08-20 15:54:04,622 INFO  pipeline.PipelineStateManager (PipelineStateManager.java:addPipeline(56)) - Created pipeline Pipeline[ Id: adcaae65-0cb2-47b9-84ea-4fe205d4d764, Nodes: 5ca31ecd-36ff-4b76-99e6-15ea25204cb4{ip: 192.168.5.175, host: pr-hdds-1879-mp8vb-189615265, networkLocation: /default-rack, certSerialId: null}, Type:RATIS, Factor:ONE, State:OPEN]
2019-08-20 15:54:04,664 INFO  impl.RaftServerProxy (RaftServerProxy.java:addNew(89)) - 9efa53fa-81aa-4347-9787-785a8fac9bb8: addNew group-A39E09E04CB6:[87a44177-3edb-4a60-8a47-052096579d6b:192.168.5.175:46164, 9efa53fa-81aa-4347-9787-785a8fac9bb8:192.168.5.175:46169, 473c2a47-62d9-46f1-876c-6c914ae7ad5a:192.168.5.175:43061] returns group-A39E09E04CB6:java.util.concurrent.CompletableFuture@56dbad3e[Not completed]
2019-08-20 15:54:04,664 INFO  impl.RaftServerProxy (RaftServerProxy.java:addNew(89)) - 473c2a47-62d9-46f1-876c-6c914ae7ad5a: addNew group-A39E09E04CB6:[87a44177-3edb-4a60-8a47-052096579d6b:192.168.5.175:46164, 9efa53fa-81aa-4347-9787-785a8fac9bb8:192.168.5.175:46169, 473c2a47-62d9-46f1-876c-6c914ae7ad5a:192.168.5.175:43061] returns group-A39E09E04CB6:java.util.concurrent.CompletableFuture@10426acf[Not completed]
2019-08-20 15:54:04,664 INFO  impl.RaftServerProxy (RaftServerProxy.java:addNew(89)) - 87a44177-3edb-4a60-8a47-052096579d6b: addNew group-A39E09E04CB6:[87a44177-3edb-4a60-8a47-052096579d6b:192.168.5.175:46164, 9efa53fa-81aa-4347-9787-785a8fac9bb8:192.168.5.175:46169, 473c2a47-62d9-46f1-876c-6c914ae7ad5a:192.168.5.175:43061] returns group-A39E09E04CB6:java.util.concurrent.CompletableFuture@31d68cb9[Not completed]
2019-08-20 15:54:04,667 INFO  impl.RaftServerImpl (RaftServerImpl.java:<init>(93)) - 9efa53fa-81aa-4347-9787-785a8fac9bb8: new RaftServerImpl for group-A39E09E04CB6:[87a44177-3edb-4a60-8a47-052096579d6b:192.168.5.175:46164, 9efa53fa-81aa-4347-9787-785a8fac9bb8:192.168.5.175:46169, 473c2a47-62d9-46f1-876c-6c914ae7ad5a:192.168.5.175:43061] with ContainerStateMachine:uninitialized
2019-08-20 15:54:04,667 INFO  server.RaftServerConfigKeys (ConfUtils.java:logGet(43)) - raft.server.rpc.timeout.min = 5s (custom)
2019-08-20 15:54:04,667 INFO  server.RaftServerConfigKeys (ConfUtils.java:logGet(43)) - raft.server.rpc.timeout.max = 5200ms (custom)
2019-08-20 15:54:04,667 INFO  server.RaftServerConfigKeys (ConfUtils.java:logGet(43)) - raft.server.rpcslowness.timeout = 120s (custom)
2019-08-20 15:54:04,667 INFO  server.RaftServerConfigKeys (ConfUtils.java:logGet(43)) - raft.server.sleep.deviation.threshold = 300 (default)
2019-08-20 15:54:04,668 INFO  impl.RaftServerImpl (RaftServerImpl.java:<init>(93)) - 473c2a47-62d9-46f1-876c-6c914ae7ad5a: new RaftServerImpl for group-A39E09E04CB6:[87a44177-3edb-4a60-8a47-052096579d6b:192.168.5.175:46164, 9efa53fa-81aa-4347-9787-785a8fac9bb8:192.168.5.175:46169, 473c2a47-62d9-46f1-876c-6c914ae7ad5a:192.168.5.175:43061] with ContainerStateMachine:uninitialized
2019-08-20 15:54:04,668 INFO  server.RaftServerConfigKeys (ConfUtils.java:logGet(43)) - raft.server.log.appender.install.snapshot.enabled = false (custom)
2019-08-20 15:54:04,668 INFO  server.RaftServerConfigKeys (ConfUtils.java:logGet(43)) - raft.server.rpc.timeout.min = 5s (custom)
2019-08-20 15:54:04,668 INFO  impl.RaftServerImpl (ServerState.java:<init>(105)) - 9efa53fa-81aa-4347-9787-785a8fac9bb8:group-A39E09E04CB6 ConfigurationManager, init=-1: [87a44177-3edb-4a60-8a47-052096579d6b:192.168.5.175:46164, 9efa53fa-81aa-4347-9787-785a8fac9bb8:192.168.5.175:46169, 473c2a47-62d9-46f1-876c-6c914ae7ad5a:192.168.5.175:43061], old=null, confs=<EMPTY_MAP>
2019-08-20 15:54:04,668 INFO  server.RaftServerConfigKeys (ConfUtils.java:logGet(43)) - raft.server.rpc.timeout.max = 5200ms (custom)
2019-08-20 15:54:04,668 INFO  impl.RaftServerImpl (RaftServerImpl.java:<init>(93)) - 87a44177-3edb-4a60-8a47-052096579d6b: new RaftServerImpl for group-A39E09E04CB6:[87a44177-3edb-4a60-8a47-052096579d6b:192.168.5.175:46164, 9efa53fa-81aa-4347-9787-785a8fac9bb8:192.168.5.175:46169, 473c2a47-62d9-46f1-876c-6c914ae7ad5a:192.168.5.175:43061] with ContainerStateMachine:uninitialized
2019-08-20 15:54:04,668 INFO  server.RaftServerConfigKeys (ConfUtils.java:logGet(43)) - raft.server.storage.dir = [/workdir/hadoop-ozone/integration-test/target/test-dir/MiniOzoneClusterImpl-802bd29e-af6e-48ad-aaa5-d32a5604ae37/datanode-3/data/ratis] (custom)
2019-08-20 15:54:04,668 INFO  server.RaftServerConfigKeys (ConfUtils.java:logGet(43)) - raft.server.rpcslowness.timeout = 120s (custom)
2019-08-20 15:54:04,668 INFO  server.RaftServerConfigKeys (ConfUtils.java:logGet(43)) - raft.server.rpc.timeout.min = 5s (custom)
2019-08-20 15:54:04,669 INFO  server.RaftServerConfigKeys (ConfUtils.java:logGet(43)) - raft.server.sleep.deviation.threshold = 300 (default)
2019-08-20 15:54:04,669 INFO  server.RaftServerConfigKeys (ConfUtils.java:logGet(43)) - raft.server.rpc.timeout.max = 5200ms (custom)
2019-08-20 15:54:04,669 INFO  server.RaftServerConfigKeys (ConfUtils.java:logGet(43)) - raft.server.log.appender.install.snapshot.enabled = false (custom)
2019-08-20 15:54:04,669 INFO  storage.RaftStorageDirectory (RaftStorageDirectory.java:analyzeStorage(246)) - The storage directory /workdir/hadoop-ozone/integration-test/target/test-dir/MiniOzoneClusterImpl-802bd29e-af6e-48ad-aaa5-d32a5604ae37/datanode-3/data/ratis/faa6948a-36eb-4c76-8101-a39e09e04cb6 does not exist. Creating ...
2019-08-20 15:54:04,669 INFO  server.RaftServerConfigKeys (ConfUtils.java:logGet(43)) - raft.server.rpcslowness.timeout = 120s (custom)
2019-08-20 15:54:04,669 INFO  impl.RaftServerImpl (ServerState.java:<init>(105)) - 473c2a47-62d9-46f1-876c-6c914ae7ad5a:group-A39E09E04CB6 ConfigurationManager, init=-1: [87a44177-3edb-4a60-8a47-052096579d6b:192.168.5.175:46164, 9efa53fa-81aa-4347-9787-785a8fac9bb8:192.168.5.175:46169, 473c2a47-62d9-46f1-876c-6c914ae7ad5a:192.168.5.175:43061], old=null, confs=<EMPTY_MAP>
2019-08-20 15:54:04,669 INFO  server.RaftServerConfigKeys (ConfUtils.java:logGet(43)) - raft.server.sleep.deviation.threshold = 300 (default)
2019-08-20 15:54:04,669 INFO  server.RaftServerConfigKeys (ConfUtils.java:logGet(43)) - raft.server.log.appender.install.snapshot.enabled = false (custom)
2019-08-20 15:54:04,670 INFO  server.RaftServerConfigKeys (ConfUtils.java:logGet(43)) - raft.server.storage.dir = [/workdir/hadoop-ozone/integration-test/target/test-dir/MiniOzoneClusterImpl-802bd29e-af6e-48ad-aaa5-d32a5604ae37/datanode-0/data/ratis] (custom)
2019-08-20 15:54:04,670 INFO  impl.RaftServerImpl (ServerState.java:<init>(105)) - 87a44177-3edb-4a60-8a47-052096579d6b:group-A39E09E04CB6 ConfigurationManager, init=-1: [87a44177-3edb-4a60-8a47-052096579d6b:192.168.5.175:46164, 9efa53fa-81aa-4347-9787-785a8fac9bb8:192.168.5.175:46169, 473c2a47-62d9-46f1-876c-6c914ae7ad5a:192.168.5.175:43061], old=null, confs=<EMPTY_MAP>
2019-08-20 15:54:04,670 INFO  server.RaftServerConfigKeys (ConfUtils.java:logGet(43)) - raft.server.storage.dir = [/workdir/hadoop-ozone/integration-test/target/test-dir/MiniOzoneClusterImpl-802bd29e-af6e-48ad-aaa5-d32a5604ae37/datanode-2/data/ratis] (custom)
2019-08-20 15:54:04,670 INFO  storage.RaftStorageDirectory (RaftStorageDirectory.java:analyzeStorage(246)) - The storage directory /workdir/hadoop-ozone/integration-test/target/test-dir/MiniOzoneClusterImpl-802bd29e-af6e-48ad-aaa5-d32a5604ae37/datanode-0/data/ratis/faa6948a-36eb-4c76-8101-a39e09e04cb6 does not exist. Creating ...
2019-08-20 15:54:04,670 INFO  storage.RaftStorageDirectory (RaftStorageDirectory.java:analyzeStorage(246)) - The storage directory /workdir/hadoop-ozone/integration-test/target/test-dir/MiniOzoneClusterImpl-802bd29e-af6e-48ad-aaa5-d32a5604ae37/datanode-2/data/ratis/faa6948a-36eb-4c76-8101-a39e09e04cb6 does not exist. Creating ...
2019-08-20 15:54:04,683 INFO  storage.RaftStorageDirectory (RaftStorageDirectory.java:tryLock(328)) - Lock on /workdir/hadoop-ozone/integration-test/target/test-dir/MiniOzoneClusterImpl-802bd29e-af6e-48ad-aaa5-d32a5604ae37/datanode-2/data/ratis/faa6948a-36eb-4c76-8101-a39e09e04cb6/in_use.lock acquired by nodename 30790@pr-hdds-1879-mp8vb-189615265
2019-08-20 15:54:04,683 INFO  storage.RaftStorageDirectory (RaftStorageDirectory.java:tryLock(328)) - Lock on /workdir/hadoop-ozone/integration-test/target/test-dir/MiniOzoneClusterImpl-802bd29e-af6e-48ad-aaa5-d32a5604ae37/datanode-3/data/ratis/faa6948a-36eb-4c76-8101-a39e09e04cb6/in_use.lock acquired by nodename 30790@pr-hdds-1879-mp8vb-189615265
2019-08-20 15:54:04,683 INFO  storage.RaftStorageDirectory (RaftStorageDirectory.java:tryLock(328)) - Lock on /workdir/hadoop-ozone/integration-test/target/test-dir/MiniOzoneClusterImpl-802bd29e-af6e-48ad-aaa5-d32a5604ae37/datanode-0/data/ratis/faa6948a-36eb-4c76-8101-a39e09e04cb6/in_use.lock acquired by nodename 30790@pr-hdds-1879-mp8vb-189615265
2019-08-20 15:54:04,697 INFO  storage.RaftStorage (RaftStorage.java:format(72)) - Storage directory /workdir/hadoop-ozone/integration-test/target/test-dir/MiniOzoneClusterImpl-802bd29e-af6e-48ad-aaa5-d32a5604ae37/datanode-3/data/ratis/faa6948a-36eb-4c76-8101-a39e09e04cb6 has been successfully formatted.
2019-08-20 15:54:04,697 INFO  storage.RaftStorage (RaftStorage.java:format(72)) - Storage directory /workdir/hadoop-ozone/integration-test/target/test-dir/MiniOzoneClusterImpl-802bd29e-af6e-48ad-aaa5-d32a5604ae37/datanode-2/data/ratis/faa6948a-36eb-4c76-8101-a39e09e04cb6 has been successfully formatted.
2019-08-20 15:54:04,697 INFO  storage.RaftStorage (RaftStorage.java:format(72)) - Storage directory /workdir/hadoop-ozone/integration-test/target/test-dir/MiniOzoneClusterImpl-802bd29e-af6e-48ad-aaa5-d32a5604ae37/datanode-0/data/ratis/faa6948a-36eb-4c76-8101-a39e09e04cb6 has been successfully formatted.
2019-08-20 15:54:04,698 INFO  ratis.ContainerStateMachine (ContainerStateMachine.java:loadSnapshot(223)) - group-A39E09E04CB6: The snapshot info is null. Setting the last applied indexto:(t:0, i:~)
2019-08-20 15:54:04,698 INFO  ratis.ContainerStateMachine (ContainerStateMachine.java:loadSnapshot(223)) - group-A39E09E04CB6: The snapshot info is null. Setting the last applied indexto:(t:0, i:~)
2019-08-20 15:54:04,698 INFO  server.RaftServerConfigKeys (ConfUtils.java:logGet(43)) - raft.server.leader.election.timeout = 120s (custom)
2019-08-20 15:54:04,698 INFO  ratis.ContainerStateMachine (ContainerStateMachine.java:loadSnapshot(223)) - group-A39E09E04CB6: The snapshot info is null. Setting the last applied indexto:(t:0, i:~)
2019-08-20 15:54:04,698 INFO  server.RaftServerConfigKeys (ConfUtils.java:logGet(43)) - raft.server.log.use.memory = false (default)
2019-08-20 15:54:04,698 INFO  server.RaftServerConfigKeys (ConfUtils.java:logGet(43)) - raft.server.leader.election.timeout = 120s (custom)
2019-08-20 15:54:04,698 INFO  server.RaftServerConfigKeys (ConfUtils.java:logGet(43)) - raft.server.log.purge.gap = 1000000000 (custom)
2019-08-20 15:54:04,698 INFO  server.RaftServerConfigKeys (ConfUtils.java:logGet(43)) - raft.server.leader.election.timeout = 120s (custom)
2019-08-20 15:54:04,698 INFO  server.RaftServerConfigKeys (ConfUtils.java:logGet(43)) - raft.server.log.appender.buffer.byte-limit = 33554432 (custom)
2019-08-20 15:54:04,698 INFO  server.RaftServerConfigKeys (ConfUtils.java:logGet(43)) - raft.server.log.use.memory = false (default)
2019-08-20 15:54:04,699 INFO  server.RaftServerConfigKeys (ConfUtils.java:logGet(43)) - raft.server.log.segment.size.max = 1048576 (custom)
2019-08-20 15:54:04,699 INFO  server.RaftServerConfigKeys (ConfUtils.java:logGet(43)) - raft.server.log.use.memory = false (default)
2019-08-20 15:54:04,699 INFO  server.RaftServerConfigKeys (ConfUtils.java:logGet(43)) - raft.server.log.segment.cache.num.max = 2 (custom)
2019-08-20 15:54:04,699 INFO  server.RaftServerConfigKeys (ConfUtils.java:logGet(43)) - raft.server.log.purge.gap = 1000000000 (custom)
2019-08-20 15:54:04,699 INFO  segmented.SegmentedRaftLogWorker (SegmentedRaftLogWorker.java:<init>(172)) - new 9efa53fa-81aa-4347-9787-785a8fac9bb8-SegmentedRaftLogWorker:Storage Directory /workdir/hadoop-ozone/integration-test/target/test-dir/MiniOzoneClusterImpl-802bd29e-af6e-48ad-aaa5-d32a5604ae37/datanode-3/data/ratis/faa6948a-36eb-4c76-8101-a39e09e04cb6 for RaftStorage:Storage Directory /workdir/hadoop-ozone/integration-test/target/test-dir/MiniOzoneClusterImpl-802bd29e-af6e-48ad-aaa5-d32a5604ae37/datanode-3/data/ratis/faa6948a-36eb-4c76-8101-a39e09e04cb6
2019-08-20 15:54:04,699 INFO  server.RaftServerConfigKeys (ConfUtils.java:logGet(43)) - raft.server.log.purge.gap = 1000000000 (custom)
2019-08-20 15:54:04,699 INFO  server.RaftServerConfigKeys (ConfUtils.java:logGet(43)) - raft.server.log.queue.byte-limit = 2147483647 (custom)
2019-08-20 15:54:04,699 INFO  server.RaftServerConfigKeys (ConfUtils.java:logGet(43)) - raft.server.log.appender.buffer.byte-limit = 33554432 (custom)
2019-08-20 15:54:04,702 INFO  server.RaftServerConfigKeys (ConfUtils.java:logGet(43)) - raft.server.log.queue.element-limit = 1024 (custom)
2019-08-20 15:54:04,699 INFO  server.RaftServerConfigKeys (ConfUtils.java:logGet(43)) - raft.server.log.appender.buffer.byte-limit = 33554432 (custom)
2019-08-20 15:54:04,702 INFO  server.RaftServerConfigKeys (ConfUtils.java:logGet(43)) - raft.server.log.segment.size.max = 1048576 (custom)
2019-08-20 15:54:04,702 INFO  server.RaftServerConfigKeys (ConfUtils.java:logGet(43)) - raft.server.log.segment.size.max = 1048576 (custom)
2019-08-20 15:54:04,702 INFO  server.RaftServerConfigKeys (ConfUtils.java:logGet(43)) - raft.server.log.preallocated.size = 16384 (custom)
2019-08-20 15:54:04,702 INFO  server.RaftServerConfigKeys (ConfUtils.java:logGet(43)) - raft.server.log.segment.size.max = 1048576 (custom)
2019-08-20 15:54:04,702 INFO  server.RaftServerConfigKeys (ConfUtils.java:logGet(43)) - raft.server.log.write.buffer.size = 33554432 (custom)
2019-08-20 15:54:04,702 INFO  server.RaftServerConfigKeys (ConfUtils.java:logGet(43)) - raft.server.log.segment.cache.num.max = 2 (custom)
2019-08-20 15:54:04,702 INFO  server.RaftServerConfigKeys (ConfUtils.java:logGet(43)) - raft.server.log.force.sync.num = 128 (default)
2019-08-20 15:54:04,702 INFO  server.RaftServerConfigKeys (ConfUtils.java:logGet(43)) - raft.server.log.segment.cache.num.max = 2 (custom)
2019-08-20 15:54:04,703 INFO  server.RaftServerConfigKeys (ConfUtils.java:logGet(43)) - raft.server.log.statemachine.data.sync = true (default)
2019-08-20 15:54:04,703 INFO  segmented.SegmentedRaftLogWorker (SegmentedRaftLogWorker.java:<init>(172)) - new 87a44177-3edb-4a60-8a47-052096579d6b-SegmentedRaftLogWorker:Storage Directory /workdir/hadoop-ozone/integration-test/target/test-dir/MiniOzoneClusterImpl-802bd29e-af6e-48ad-aaa5-d32a5604ae37/datanode-2/data/ratis/faa6948a-36eb-4c76-8101-a39e09e04cb6 for RaftStorage:Storage Directory /workdir/hadoop-ozone/integration-test/target/test-dir/MiniOzoneClusterImpl-802bd29e-af6e-48ad-aaa5-d32a5604ae37/datanode-2/data/ratis/faa6948a-36eb-4c76-8101-a39e09e04cb6
2019-08-20 15:54:04,703 INFO  server.RaftServerConfigKeys (ConfUtils.java:logGet(43)) - raft.server.log.statemachine.data.sync.timeout = 10s (default)
2019-08-20 15:54:04,703 INFO  segmented.SegmentedRaftLogWorker (SegmentedRaftLogWorker.java:<init>(172)) - new 473c2a47-62d9-46f1-876c-6c914ae7ad5a-SegmentedRaftLogWorker:Storage Directory /workdir/hadoop-ozone/integration-test/target/test-dir/MiniOzoneClusterImpl-802bd29e-af6e-48ad-aaa5-d32a5604ae37/datanode-0/data/ratis/faa6948a-36eb-4c76-8101-a39e09e04cb6 for RaftStorage:Storage Directory /workdir/hadoop-ozone/integration-test/target/test-dir/MiniOzoneClusterImpl-802bd29e-af6e-48ad-aaa5-d32a5604ae37/datanode-0/data/ratis/faa6948a-36eb-4c76-8101-a39e09e04cb6
2019-08-20 15:54:04,704 INFO  server.RaftServerConfigKeys (ConfUtils.java:logGet(43)) - raft.server.log.statemachine.data.sync.timeout.retry = -1 (default)
2019-08-20 15:54:04,703 INFO  server.RaftServerConfigKeys (ConfUtils.java:logGet(43)) - raft.server.log.queue.byte-limit = 2147483647 (custom)
2019-08-20 15:54:04,705 INFO  server.RaftServerConfigKeys (ConfUtils.java:logGet(43)) - raft.server.log.statemachine.data.caching.enabled = true (custom)
2019-08-20 15:54:04,704 INFO  server.RaftServerConfigKeys (ConfUtils.java:logGet(43)) - raft.server.log.queue.byte-limit = 2147483647 (custom)
2019-08-20 15:54:04,705 INFO  server.RaftServerConfigKeys (ConfUtils.java:logGet(43)) - raft.server.log.queue.element-limit = 1024 (custom)
2019-08-20 15:54:04,706 INFO  segmented.SegmentedRaftLogWorker (SegmentedRaftLogWorker.java:lambda$new$0(132)) - 9efa53fa-81aa-4347-9787-785a8fac9bb8-SegmentedRaftLogWorker:Storage Directory /workdir/hadoop-ozone/integration-test/target/test-dir/MiniOzoneClusterImpl-802bd29e-af6e-48ad-aaa5-d32a5604ae37/datanode-3/data/ratis/faa6948a-36eb-4c76-8101-a39e09e04cb6: flushIndex: setUnconditionally 0 -> -1
2019-08-20 15:54:04,706 INFO  server.RaftServerConfigKeys (ConfUtils.java:logGet(43)) - raft.server.log.segment.size.max = 1048576 (custom)
2019-08-20 15:54:04,706 INFO  server.RaftServerConfigKeys (ConfUtils.java:logGet(43)) - raft.server.log.queue.element-limit = 1024 (custom)
2019-08-20 15:54:04,706 INFO  server.RaftServerConfigKeys (ConfUtils.java:logGet(43)) - raft.server.snapshot.auto.trigger.enabled = true (custom)
2019-08-20 15:54:04,706 INFO  server.RaftServerConfigKeys (ConfUtils.java:logGet(43)) - raft.server.log.preallocated.size = 16384 (custom)
2019-08-20 15:54:04,706 INFO  server.RaftServerConfigKeys (ConfUtils.java:logGet(43)) - raft.server.snapshot.auto.trigger.threshold = 10000 (custom)
2019-08-20 15:54:04,706 INFO  server.RaftServerConfigKeys (ConfUtils.java:logGet(43)) - raft.server.log.segment.size.max = 1048576 (custom)
2019-08-20 15:54:04,707 INFO  server.RaftServerConfigKeys (ConfUtils.java:logGet(43)) - raft.server.retrycache.expirytime = 600000ms (custom)
2019-08-20 15:54:04,706 INFO  server.RaftServerConfigKeys (ConfUtils.java:logGet(43)) - raft.server.log.write.buffer.size = 33554432 (custom)
2019-08-20 15:54:04,707 INFO  server.RaftServerConfigKeys (ConfUtils.java:logGet(43)) - raft.server.log.preallocated.size = 16384 (custom)
2019-08-20 15:54:04,707 INFO  server.RaftServerConfigKeys (ConfUtils.java:logGet(43)) - raft.server.log.force.sync.num = 128 (default)
2019-08-20 15:54:04,707 INFO  impl.RaftServerImpl (RaftServerImpl.java:start(180)) - 9efa53fa-81aa-4347-9787-785a8fac9bb8: start group-A39E09E04CB6
2019-08-20 15:54:04,707 INFO  server.RaftServerConfigKeys (ConfUtils.java:logGet(43)) - raft.server.log.statemachine.data.sync = true (default)
2019-08-20 15:54:04,707 INFO  server.RaftServerConfigKeys (ConfUtils.java:logGet(43)) - raft.server.log.write.buffer.size = 33554432 (custom)
2019-08-20 15:54:04,707 INFO  server.RaftServerConfigKeys (ConfUtils.java:logGet(43)) - raft.server.log.statemachine.data.sync.timeout = 10s (default)
2019-08-20 15:54:04,707 INFO  impl.RaftServerImpl (RaftServerImpl.java:setRole(171)) - 9efa53fa-81aa-4347-9787-785a8fac9bb8:group-A39E09E04CB6 changes role from null to FOLLOWER at term 0 for startAsFollower
2019-08-20 15:54:04,707 INFO  server.RaftServerConfigKeys (ConfUtils.java:logGet(43)) - raft.server.log.statemachine.data.sync.timeout.retry = -1 (default)
2019-08-20 15:54:04,707 INFO  server.RaftServerConfigKeys (ConfUtils.java:logGet(43)) - raft.server.log.force.sync.num = 128 (default)
2019-08-20 15:54:04,708 INFO  server.RaftServerConfigKeys (ConfUtils.java:logGet(43)) - raft.server.log.statemachine.data.caching.enabled = true (custom)
2019-08-20 15:54:04,707 INFO  impl.RoleInfo (RoleInfo.java:updateAndGet(143)) - 9efa53fa-81aa-4347-9787-785a8fac9bb8: start FollowerState
2019-08-20 15:54:04,708 INFO  server.RaftServerConfigKeys (ConfUtils.java:logGet(43)) - raft.server.log.statemachine.data.sync = true (default)
2019-08-20 15:54:04,708 INFO  segmented.SegmentedRaftLogWorker (SegmentedRaftLogWorker.java:lambda$new$0(132)) - 87a44177-3edb-4a60-8a47-052096579d6b-SegmentedRaftLogWorker:Storage Directory /workdir/hadoop-ozone/integration-test/target/test-dir/MiniOzoneClusterImpl-802bd29e-af6e-48ad-aaa5-d32a5604ae37/datanode-2/data/ratis/faa6948a-36eb-4c76-8101-a39e09e04cb6: flushIndex: setUnconditionally 0 -> -1
2019-08-20 15:54:04,708 INFO  server.RaftServerConfigKeys (ConfUtils.java:logGet(43)) - raft.server.log.statemachine.data.sync.timeout = 10s (default)
2019-08-20 15:54:04,708 INFO  server.RaftServerConfigKeys (ConfUtils.java:logGet(43)) - raft.server.log.statemachine.data.sync.timeout.retry = -1 (default)
2019-08-20 15:54:04,708 INFO  server.RaftServerConfigKeys (ConfUtils.java:logGet(43)) - raft.server.snapshot.auto.trigger.enabled = true (custom)
2019-08-20 15:54:04,708 INFO  util.JmxRegister (JmxRegister.java:tryRegister(44)) - Successfully registered JMX Bean with object name Ratis:service=RaftServer,group=group-A39E09E04CB6,id=9efa53fa-81aa-4347-9787-785a8fac9bb8
2019-08-20 15:54:04,708 INFO  server.RaftServerConfigKeys (ConfUtils.java:logGet(43)) - raft.server.snapshot.auto.trigger.threshold = 10000 (custom)
2019-08-20 15:54:04,708 INFO  server.RaftServerConfigKeys (ConfUtils.java:logGet(43)) - raft.server.log.statemachine.data.caching.enabled = true (custom)
2019-08-20 15:54:04,709 INFO  server.RaftServerConfigKeys (ConfUtils.java:logGet(43)) - raft.server.retrycache.expirytime = 600000ms (custom)
2019-08-20 15:54:04,709 INFO  segmented.SegmentedRaftLogWorker (SegmentedRaftLogWorker.java:lambda$new$0(132)) - 473c2a47-62d9-46f1-876c-6c914ae7ad5a-SegmentedRaftLogWorker:Storage Directory /workdir/hadoop-ozone/integration-test/target/test-dir/MiniOzoneClusterImpl-802bd29e-af6e-48ad-aaa5-d32a5604ae37/datanode-0/data/ratis/faa6948a-36eb-4c76-8101-a39e09e04cb6: flushIndex: setUnconditionally 0 -> -1
2019-08-20 15:54:04,709 INFO  impl.RaftServerImpl (RaftServerImpl.java:start(180)) - 87a44177-3edb-4a60-8a47-052096579d6b: start group-A39E09E04CB6
2019-08-20 15:54:04,709 INFO  impl.RaftServerImpl (RaftServerImpl.java:setRole(171)) - 87a44177-3edb-4a60-8a47-052096579d6b:group-A39E09E04CB6 changes role from null to FOLLOWER at term 0 for startAsFollower
2019-08-20 15:54:04,709 INFO  server.RaftServerConfigKeys (ConfUtils.java:logGet(43)) - raft.server.snapshot.auto.trigger.enabled = true (custom)
2019-08-20 15:54:04,709 INFO  impl.RoleInfo (RoleInfo.java:updateAndGet(143)) - 87a44177-3edb-4a60-8a47-052096579d6b: start FollowerState
2019-08-20 15:54:04,709 INFO  server.RaftServerConfigKeys (ConfUtils.java:logGet(43)) - raft.server.snapshot.auto.trigger.threshold = 10000 (custom)
2019-08-20 15:54:04,709 INFO  server.RaftServerConfigKeys (ConfUtils.java:logGet(43)) - raft.server.retrycache.expirytime = 600000ms (custom)
2019-08-20 15:54:04,709 INFO  util.JmxRegister (JmxRegister.java:tryRegister(44)) - Successfully registered JMX Bean with object name Ratis:service=RaftServer,group=group-A39E09E04CB6,id=87a44177-3edb-4a60-8a47-052096579d6b
2019-08-20 15:54:04,710 INFO  impl.RaftServerImpl (RaftServerImpl.java:start(180)) - 473c2a47-62d9-46f1-876c-6c914ae7ad5a: start group-A39E09E04CB6
2019-08-20 15:54:04,710 INFO  impl.RaftServerImpl (RaftServerImpl.java:setRole(171)) - 473c2a47-62d9-46f1-876c-6c914ae7ad5a:group-A39E09E04CB6 changes role from null to FOLLOWER at term 0 for startAsFollower
2019-08-20 15:54:04,711 INFO  impl.RoleInfo (RoleInfo.java:updateAndGet(143)) - 473c2a47-62d9-46f1-876c-6c914ae7ad5a: start FollowerState
2019-08-20 15:54:04,711 INFO  util.JmxRegister (JmxRegister.java:tryRegister(44)) - Successfully registered JMX Bean with object name Ratis:service=RaftServer,group=group-A39E09E04CB6,id=473c2a47-62d9-46f1-876c-6c914ae7ad5a
2019-08-20 15:54:04,729 INFO  pipeline.PipelineStateManager (PipelineStateManager.java:addPipeline(56)) - Created pipeline Pipeline[ Id: faa6948a-36eb-4c76-8101-a39e09e04cb6, Nodes: 473c2a47-62d9-46f1-876c-6c914ae7ad5a{ip: 192.168.5.175, host: pr-hdds-1879-mp8vb-189615265, networkLocation: /default-rack, certSerialId: null}87a44177-3edb-4a60-8a47-052096579d6b{ip: 192.168.5.175, host: pr-hdds-1879-mp8vb-189615265, networkLocation: /default-rack, certSerialId: null}9efa53fa-81aa-4347-9787-785a8fac9bb8{ip: 192.168.5.175, host: pr-hdds-1879-mp8vb-189615265, networkLocation: /default-rack, certSerialId: null}, Type:RATIS, Factor:THREE, State:OPEN]
2019-08-20 15:54:04,748 INFO  impl.RaftServerProxy (RaftServerProxy.java:addNew(89)) - c79acb33-54d1-498f-8257-7f472001ece8: addNew group-F7494D511093:[c79acb33-54d1-498f-8257-7f472001ece8:192.168.5.175:40613, 5ca31ecd-36ff-4b76-99e6-15ea25204cb4:192.168.5.175:45910, 3cdf5db5-634a-499e-9c82-270b7e626451:192.168.5.175:43895] returns group-F7494D511093:java.util.concurrent.CompletableFuture@3808b51b[Not completed]
2019-08-20 15:54:04,751 INFO  impl.RaftServerProxy (RaftServerProxy.java:addNew(89)) - 5ca31ecd-36ff-4b76-99e6-15ea25204cb4: addNew group-F7494D511093:[c79acb33-54d1-498f-8257-7f472001ece8:192.168.5.175:40613, 5ca31ecd-36ff-4b76-99e6-15ea25204cb4:192.168.5.175:45910, 3cdf5db5-634a-499e-9c82-270b7e626451:192.168.5.175:43895] returns group-F7494D511093:java.util.concurrent.CompletableFuture@45ead328[Not completed]
2019-08-20 15:54:04,753 INFO  impl.RaftServerProxy (RaftServerProxy.java:addNew(89)) - 3cdf5db5-634a-499e-9c82-270b7e626451: addNew group-F7494D511093:[c79acb33-54d1-498f-8257-7f472001ece8:192.168.5.175:40613, 5ca31ecd-36ff-4b76-99e6-15ea25204cb4:192.168.5.175:45910, 3cdf5db5-634a-499e-9c82-270b7e626451:192.168.5.175:43895] returns group-F7494D511093:java.util.concurrent.CompletableFuture@40dc3c68[Not completed]
2019-08-20 15:54:04,753 INFO  impl.RaftServerImpl (RaftServerImpl.java:<init>(93)) - c79acb33-54d1-498f-8257-7f472001ece8: new RaftServerImpl for group-F7494D511093:[c79acb33-54d1-498f-8257-7f472001ece8:192.168.5.175:40613, 5ca31ecd-36ff-4b76-99e6-15ea25204cb4:192.168.5.175:45910, 3cdf5db5-634a-499e-9c82-270b7e626451:192.168.5.175:43895] with ContainerStateMachine:uninitialized
2019-08-20 15:54:04,755 INFO  server.RaftServerConfigKeys (ConfUtils.java:logGet(43)) - raft.server.rpc.timeout.min = 5s (custom)
2019-08-20 15:54:04,755 INFO  server.RaftServerConfigKeys (ConfUtils.java:logGet(43)) - raft.server.rpc.timeout.max = 5200ms (custom)
2019-08-20 15:54:04,755 INFO  server.RaftServerConfigKeys (ConfUtils.java:logGet(43)) - raft.server.rpcslowness.timeout = 120s (custom)
2019-08-20 15:54:04,755 INFO  server.RaftServerConfigKeys (ConfUtils.java:logGet(43)) - raft.server.sleep.deviation.threshold = 300 (default)
2019-08-20 15:54:04,756 INFO  impl.RaftServerImpl (RaftServerImpl.java:<init>(93)) - 5ca31ecd-36ff-4b76-99e6-15ea25204cb4: new RaftServerImpl for group-F7494D511093:[c79acb33-54d1-498f-8257-7f472001ece8:192.168.5.175:40613, 5ca31ecd-36ff-4b76-99e6-15ea25204cb4:192.168.5.175:45910, 3cdf5db5-634a-499e-9c82-270b7e626451:192.168.5.175:43895] with ContainerStateMachine:uninitialized
2019-08-20 15:54:04,756 INFO  server.RaftServerConfigKeys (ConfUtils.java:logGet(43)) - raft.server.log.appender.install.snapshot.enabled = false (custom)
2019-08-20 15:54:04,756 INFO  server.RaftServerConfigKeys (ConfUtils.java:logGet(43)) - raft.server.rpc.timeout.min = 5s (custom)
2019-08-20 15:54:04,756 INFO  impl.RaftServerImpl (ServerState.java:<init>(105)) - c79acb33-54d1-498f-8257-7f472001ece8:group-F7494D511093 ConfigurationManager, init=-1: [c79acb33-54d1-498f-8257-7f472001ece8:192.168.5.175:40613, 5ca31ecd-36ff-4b76-99e6-15ea25204cb4:192.168.5.175:45910, 3cdf5db5-634a-499e-9c82-270b7e626451:192.168.5.175:43895], old=null, confs=<EMPTY_MAP>
2019-08-20 15:54:04,756 INFO  impl.RaftServerImpl (RaftServerImpl.java:<init>(93)) - 3cdf5db5-634a-499e-9c82-270b7e626451: new RaftServerImpl for group-F7494D511093:[c79acb33-54d1-498f-8257-7f472001ece8:192.168.5.175:40613, 5ca31ecd-36ff-4b76-99e6-15ea25204cb4:192.168.5.175:45910, 3cdf5db5-634a-499e-9c82-270b7e626451:192.168.5.175:43895] with ContainerStateMachine:uninitialized
2019-08-20 15:54:04,756 INFO  server.RaftServerConfigKeys (ConfUtils.java:logGet(43)) - raft.server.rpc.timeout.max = 5200ms (custom)
2019-08-20 15:54:04,756 INFO  server.RaftServerConfigKeys (ConfUtils.java:logGet(43)) - raft.server.storage.dir = [/workdir/hadoop-ozone/integration-test/target/test-dir/MiniOzoneClusterImpl-802bd29e-af6e-48ad-aaa5-d32a5604ae37/datanode-1/data/ratis] (custom)
2019-08-20 15:54:04,756 INFO  server.RaftServerConfigKeys (ConfUtils.java:logGet(43)) - raft.server.rpc.timeout.min = 5s (custom)
2019-08-20 15:54:04,756 INFO  server.RaftServerConfigKeys (ConfUtils.java:logGet(43)) - raft.server.rpcslowness.timeout = 120s (custom)
2019-08-20 15:54:04,757 INFO  server.RaftServerConfigKeys (ConfUtils.java:logGet(43)) - raft.server.rpc.timeout.max = 5200ms (custom)
2019-08-20 15:54:04,757 INFO  server.RaftServerConfigKeys (ConfUtils.java:logGet(43)) - raft.server.sleep.deviation.threshold = 300 (default)
2019-08-20 15:54:04,757 INFO  storage.RaftStorageDirectory (RaftStorageDirectory.java:analyzeStorage(246)) - The storage directory /workdir/hadoop-ozone/integration-test/target/test-dir/MiniOzoneClusterImpl-802bd29e-af6e-48ad-aaa5-d32a5604ae37/datanode-1/data/ratis/7617b306-71d9-446a-975c-f7494d511093 does not exist. Creating ...
2019-08-20 15:54:04,757 INFO  server.RaftServerConfigKeys (ConfUtils.java:logGet(43)) - raft.server.rpcslowness.timeout = 120s (custom)
2019-08-20 15:54:04,757 INFO  server.RaftServerConfigKeys (ConfUtils.java:logGet(43)) - raft.server.log.appender.install.snapshot.enabled = false (custom)
2019-08-20 15:54:04,757 INFO  server.RaftServerConfigKeys (ConfUtils.java:logGet(43)) - raft.server.sleep.deviation.threshold = 300 (default)
2019-08-20 15:54:04,757 INFO  impl.RaftServerImpl (ServerState.java:<init>(105)) - 5ca31ecd-36ff-4b76-99e6-15ea25204cb4:group-F7494D511093 ConfigurationManager, init=-1: [c79acb33-54d1-498f-8257-7f472001ece8:192.168.5.175:40613, 5ca31ecd-36ff-4b76-99e6-15ea25204cb4:192.168.5.175:45910, 3cdf5db5-634a-499e-9c82-270b7e626451:192.168.5.175:43895], old=null, confs=<EMPTY_MAP>
2019-08-20 15:54:04,757 INFO  server.RaftServerConfigKeys (ConfUtils.java:logGet(43)) - raft.server.log.appender.install.snapshot.enabled = false (custom)
2019-08-20 15:54:04,758 INFO  server.RaftServerConfigKeys (ConfUtils.java:logGet(43)) - raft.server.storage.dir = [/workdir/hadoop-ozone/integration-test/target/test-dir/MiniOzoneClusterImpl-802bd29e-af6e-48ad-aaa5-d32a5604ae37/datanode-5/data/ratis] (custom)
2019-08-20 15:54:04,758 INFO  impl.RaftServerImpl (ServerState.java:<init>(105)) - 3cdf5db5-634a-499e-9c82-270b7e626451:group-F7494D511093 ConfigurationManager, init=-1: [c79acb33-54d1-498f-8257-7f472001ece8:192.168.5.175:40613, 5ca31ecd-36ff-4b76-99e6-15ea25204cb4:192.168.5.175:45910, 3cdf5db5-634a-499e-9c82-270b7e626451:192.168.5.175:43895], old=null, confs=<EMPTY_MAP>
2019-08-20 15:54:04,758 INFO  server.RaftServerConfigKeys (ConfUtils.java:logGet(43)) - raft.server.storage.dir = [/workdir/hadoop-ozone/integration-test/target/test-dir/MiniOzoneClusterImpl-802bd29e-af6e-48ad-aaa5-d32a5604ae37/datanode-4/data/ratis] (custom)
2019-08-20 15:54:04,758 INFO  storage.RaftStorageDirectory (RaftStorageDirectory.java:analyzeStorage(246)) - The storage directory /workdir/hadoop-ozone/integration-test/target/test-dir/MiniOzoneClusterImpl-802bd29e-af6e-48ad-aaa5-d32a5604ae37/datanode-5/data/ratis/7617b306-71d9-446a-975c-f7494d511093 does not exist. Creating ...
2019-08-20 15:54:04,758 INFO  storage.RaftStorageDirectory (RaftStorageDirectory.java:analyzeStorage(246)) - The storage directory /workdir/hadoop-ozone/integration-test/target/test-dir/MiniOzoneClusterImpl-802bd29e-af6e-48ad-aaa5-d32a5604ae37/datanode-4/data/ratis/7617b306-71d9-446a-975c-f7494d511093 does not exist. Creating ...
2019-08-20 15:54:04,771 INFO  storage.RaftStorageDirectory (RaftStorageDirectory.java:tryLock(328)) - Lock on /workdir/hadoop-ozone/integration-test/target/test-dir/MiniOzoneClusterImpl-802bd29e-af6e-48ad-aaa5-d32a5604ae37/datanode-4/data/ratis/7617b306-71d9-446a-975c-f7494d511093/in_use.lock acquired by nodename 30790@pr-hdds-1879-mp8vb-189615265
2019-08-20 15:54:04,771 INFO  storage.RaftStorageDirectory (RaftStorageDirectory.java:tryLock(328)) - Lock on /workdir/hadoop-ozone/integration-test/target/test-dir/MiniOzoneClusterImpl-802bd29e-af6e-48ad-aaa5-d32a5604ae37/datanode-1/data/ratis/7617b306-71d9-446a-975c-f7494d511093/in_use.lock acquired by nodename 30790@pr-hdds-1879-mp8vb-189615265
2019-08-20 15:54:04,771 INFO  storage.RaftStorageDirectory (RaftStorageDirectory.java:tryLock(328)) - Lock on /workdir/hadoop-ozone/integration-test/target/test-dir/MiniOzoneClusterImpl-802bd29e-af6e-48ad-aaa5-d32a5604ae37/datanode-5/data/ratis/7617b306-71d9-446a-975c-f7494d511093/in_use.lock acquired by nodename 30790@pr-hdds-1879-mp8vb-189615265
2019-08-20 15:54:04,785 INFO  storage.RaftStorage (RaftStorage.java:format(72)) - Storage directory /workdir/hadoop-ozone/integration-test/target/test-dir/MiniOzoneClusterImpl-802bd29e-af6e-48ad-aaa5-d32a5604ae37/datanode-5/data/ratis/7617b306-71d9-446a-975c-f7494d511093 has been successfully formatted.
2019-08-20 15:54:04,785 INFO  storage.RaftStorage (RaftStorage.java:format(72)) - Storage directory /workdir/hadoop-ozone/integration-test/target/test-dir/MiniOzoneClusterImpl-802bd29e-af6e-48ad-aaa5-d32a5604ae37/datanode-1/data/ratis/7617b306-71d9-446a-975c-f7494d511093 has been successfully formatted.
2019-08-20 15:54:04,785 INFO  storage.RaftStorage (RaftStorage.java:format(72)) - Storage directory /workdir/hadoop-ozone/integration-test/target/test-dir/MiniOzoneClusterImpl-802bd29e-af6e-48ad-aaa5-d32a5604ae37/datanode-4/data/ratis/7617b306-71d9-446a-975c-f7494d511093 has been successfully formatted.
2019-08-20 15:54:04,785 INFO  ratis.ContainerStateMachine (ContainerStateMachine.java:loadSnapshot(223)) - group-F7494D511093: The snapshot info is null. Setting the last applied indexto:(t:0, i:~)
2019-08-20 15:54:04,786 INFO  ratis.ContainerStateMachine (ContainerStateMachine.java:loadSnapshot(223)) - group-F7494D511093: The snapshot info is null. Setting the last applied indexto:(t:0, i:~)
2019-08-20 15:54:04,786 INFO  ratis.ContainerStateMachine (ContainerStateMachine.java:loadSnapshot(223)) - group-F7494D511093: The snapshot info is null. Setting the last applied indexto:(t:0, i:~)
2019-08-20 15:54:04,786 INFO  server.RaftServerConfigKeys (ConfUtils.java:logGet(43)) - raft.server.leader.election.timeout = 120s (custom)
2019-08-20 15:54:04,786 INFO  server.RaftServerConfigKeys (ConfUtils.java:logGet(43)) - raft.server.leader.election.timeout = 120s (custom)
2019-08-20 15:54:04,786 INFO  server.RaftServerConfigKeys (ConfUtils.java:logGet(43)) - raft.server.log.use.memory = false (default)
2019-08-20 15:54:04,786 INFO  server.RaftServerConfigKeys (ConfUtils.java:logGet(43)) - raft.server.leader.election.timeout = 120s (custom)
2019-08-20 15:54:04,787 INFO  server.RaftServerConfigKeys (ConfUtils.java:logGet(43)) - raft.server.log.purge.gap = 1000000000 (custom)
2019-08-20 15:54:04,786 INFO  server.RaftServerConfigKeys (ConfUtils.java:logGet(43)) - raft.server.log.use.memory = false (default)
2019-08-20 15:54:04,787 INFO  server.RaftServerConfigKeys (ConfUtils.java:logGet(43)) - raft.server.log.appender.buffer.byte-limit = 33554432 (custom)
2019-08-20 15:54:04,787 INFO  server.RaftServerConfigKeys (ConfUtils.java:logGet(43)) - raft.server.log.use.memory = false (default)
2019-08-20 15:54:04,788 INFO  server.RaftServerConfigKeys (ConfUtils.java:logGet(43)) - raft.server.log.segment.size.max = 1048576 (custom)
2019-08-20 15:54:04,787 INFO  server.RaftServerConfigKeys (ConfUtils.java:logGet(43)) - raft.server.log.purge.gap = 1000000000 (custom)
2019-08-20 15:54:04,788 INFO  server.RaftServerConfigKeys (ConfUtils.java:logGet(43)) - raft.server.log.segment.cache.num.max = 2 (custom)
2019-08-20 15:54:04,788 INFO  server.RaftServerConfigKeys (ConfUtils.java:logGet(43)) - raft.server.log.purge.gap = 1000000000 (custom)
2019-08-20 15:54:04,788 INFO  segmented.SegmentedRaftLogWorker (SegmentedRaftLogWorker.java:<init>(172)) - new c79acb33-54d1-498f-8257-7f472001ece8-SegmentedRaftLogWorker:Storage Directory /workdir/hadoop-ozone/integration-test/target/test-dir/MiniOzoneClusterImpl-802bd29e-af6e-48ad-aaa5-d32a5604ae37/datanode-1/data/ratis/7617b306-71d9-446a-975c-f7494d511093 for RaftStorage:Storage Directory /workdir/hadoop-ozone/integration-test/target/test-dir/MiniOzoneClusterImpl-802bd29e-af6e-48ad-aaa5-d32a5604ae37/datanode-1/data/ratis/7617b306-71d9-446a-975c-f7494d511093
2019-08-20 15:54:04,788 INFO  server.RaftServerConfigKeys (ConfUtils.java:logGet(43)) - raft.server.log.appender.buffer.byte-limit = 33554432 (custom)
2019-08-20 15:54:04,789 INFO  server.RaftServerConfigKeys (ConfUtils.java:logGet(43)) - raft.server.log.queue.byte-limit = 2147483647 (custom)
2019-08-20 15:54:04,788 INFO  server.RaftServerConfigKeys (ConfUtils.java:logGet(43)) - raft.server.log.appender.buffer.byte-limit = 33554432 (custom)
2019-08-20 15:54:04,791 INFO  server.RaftServerConfigKeys (ConfUtils.java:logGet(43)) - raft.server.log.queue.element-limit = 1024 (custom)
2019-08-20 15:54:04,789 INFO  server.RaftServerConfigKeys (ConfUtils.java:logGet(43)) - raft.server.log.segment.size.max = 1048576 (custom)
2019-08-20 15:54:04,791 INFO  server.RaftServerConfigKeys (ConfUtils.java:logGet(43)) - raft.server.log.segment.size.max = 1048576 (custom)
2019-08-20 15:54:04,791 INFO  server.RaftServerConfigKeys (ConfUtils.java:logGet(43)) - raft.server.log.segment.size.max = 1048576 (custom)
2019-08-20 15:54:04,791 INFO  server.RaftServerConfigKeys (ConfUtils.java:logGet(43)) - raft.server.log.preallocated.size = 16384 (custom)
2019-08-20 15:54:04,791 INFO  server.RaftServerConfigKeys (ConfUtils.java:logGet(43)) - raft.server.log.segment.cache.num.max = 2 (custom)
2019-08-20 15:54:04,792 INFO  server.RaftServerConfigKeys (ConfUtils.java:logGet(43)) - raft.server.log.write.buffer.size = 33554432 (custom)
2019-08-20 15:54:04,792 INFO  server.RaftServerConfigKeys (ConfUtils.java:logGet(43)) - raft.server.log.segment.cache.num.max = 2 (custom)
2019-08-20 15:54:04,792 INFO  server.RaftServerConfigKeys (ConfUtils.java:logGet(43)) - raft.server.log.force.sync.num = 128 (default)
2019-08-20 15:54:04,792 INFO  segmented.SegmentedRaftLogWorker (SegmentedRaftLogWorker.java:<init>(172)) - new 5ca31ecd-36ff-4b76-99e6-15ea25204cb4-SegmentedRaftLogWorker:Storage Directory /workdir/hadoop-ozone/integration-test/target/test-dir/MiniOzoneClusterImpl-802bd29e-af6e-48ad-aaa5-d32a5604ae37/datanode-5/data/ratis/7617b306-71d9-446a-975c-f7494d511093 for RaftStorage:Storage Directory /workdir/hadoop-ozone/integration-test/target/test-dir/MiniOzoneClusterImpl-802bd29e-af6e-48ad-aaa5-d32a5604ae37/datanode-5/data/ratis/7617b306-71d9-446a-975c-f7494d511093
2019-08-20 15:54:04,792 INFO  server.RaftServerConfigKeys (ConfUtils.java:logGet(43)) - raft.server.log.statemachine.data.sync = true (default)
2019-08-20 15:54:04,792 INFO  segmented.SegmentedRaftLogWorker (SegmentedRaftLogWorker.java:<init>(172)) - new 3cdf5db5-634a-499e-9c82-270b7e626451-SegmentedRaftLogWorker:Storage Directory /workdir/hadoop-ozone/integration-test/target/test-dir/MiniOzoneClusterImpl-802bd29e-af6e-48ad-aaa5-d32a5604ae37/datanode-4/data/ratis/7617b306-71d9-446a-975c-f7494d511093 for RaftStorage:Storage Directory /workdir/hadoop-ozone/integration-test/target/test-dir/MiniOzoneClusterImpl-802bd29e-af6e-48ad-aaa5-d32a5604ae37/datanode-4/data/ratis/7617b306-71d9-446a-975c-f7494d511093
2019-08-20 15:54:04,794 INFO  server.RaftServerConfigKeys (ConfUtils.java:logGet(43)) - raft.server.log.statemachine.data.sync.timeout = 10s (default)
2019-08-20 15:54:04,792 INFO  server.RaftServerConfigKeys (ConfUtils.java:logGet(43)) - raft.server.log.queue.byte-limit = 2147483647 (custom)
2019-08-20 15:54:04,794 INFO  server.RaftServerConfigKeys (ConfUtils.java:logGet(43)) - raft.server.log.statemachine.data.sync.timeout.retry = -1 (default)
2019-08-20 15:54:04,794 INFO  server.RaftServerConfigKeys (ConfUtils.java:logGet(43)) - raft.server.log.queue.byte-limit = 2147483647 (custom)
2019-08-20 15:54:04,796 INFO  server.RaftServerConfigKeys (ConfUtils.java:logGet(43)) - raft.server.log.statemachine.data.caching.enabled = true (custom)
2019-08-20 15:54:04,796 INFO  server.RaftServerConfigKeys (ConfUtils.java:logGet(43)) - raft.server.log.queue.element-limit = 1024 (custom)
2019-08-20 15:54:04,796 INFO  server.RaftServerConfigKeys (ConfUtils.java:logGet(43)) - raft.server.log.queue.element-limit = 1024 (custom)
2019-08-20 15:54:04,796 INFO  segmented.SegmentedRaftLogWorker (SegmentedRaftLogWorker.java:lambda$new$0(132)) - c79acb33-54d1-498f-8257-7f472001ece8-SegmentedRaftLogWorker:Storage Directory /workdir/hadoop-ozone/integration-test/target/test-dir/MiniOzoneClusterImpl-802bd29e-af6e-48ad-aaa5-d32a5604ae37/datanode-1/data/ratis/7617b306-71d9-446a-975c-f7494d511093: flushIndex: setUnconditionally 0 -> -1
2019-08-20 15:54:04,796 INFO  server.RaftServerConfigKeys (ConfUtils.java:logGet(43)) - raft.server.log.segment.size.max = 1048576 (custom)
2019-08-20 15:54:04,796 INFO  server.RaftServerConfigKeys (ConfUtils.java:logGet(43)) - raft.server.log.segment.size.max = 1048576 (custom)
2019-08-20 15:54:04,797 INFO  server.RaftServerConfigKeys (ConfUtils.java:logGet(43)) - raft.server.snapshot.auto.trigger.enabled = true (custom)
2019-08-20 15:54:04,797 INFO  server.RaftServerConfigKeys (ConfUtils.java:logGet(43)) - raft.server.log.preallocated.size = 16384 (custom)
2019-08-20 15:54:04,797 INFO  server.RaftServerConfigKeys (ConfUtils.java:logGet(43)) - raft.server.snapshot.auto.trigger.threshold = 10000 (custom)
2019-08-20 15:54:04,797 INFO  server.RaftServerConfigKeys (ConfUtils.java:logGet(43)) - raft.server.log.preallocated.size = 16384 (custom)
2019-08-20 15:54:04,797 INFO  server.RaftServerConfigKeys (ConfUtils.java:logGet(43)) - raft.server.log.write.buffer.size = 33554432 (custom)
2019-08-20 15:54:04,797 INFO  server.RaftServerConfigKeys (ConfUtils.java:logGet(43)) - raft.server.log.write.buffer.size = 33554432 (custom)
2019-08-20 15:54:04,797 INFO  server.RaftServerConfigKeys (ConfUtils.java:logGet(43)) - raft.server.retrycache.expirytime = 600000ms (custom)
2019-08-20 15:54:04,798 INFO  server.RaftServerConfigKeys (ConfUtils.java:logGet(43)) - raft.server.log.force.sync.num = 128 (default)
2019-08-20 15:54:04,797 INFO  server.RaftServerConfigKeys (ConfUtils.java:logGet(43)) - raft.server.log.force.sync.num = 128 (default)
2019-08-20 15:54:04,798 INFO  server.RaftServerConfigKeys (ConfUtils.java:logGet(43)) - raft.server.log.statemachine.data.sync = true (default)
2019-08-20 15:54:04,798 INFO  impl.RaftServerImpl (RaftServerImpl.java:start(180)) - c79acb33-54d1-498f-8257-7f472001ece8: start group-F7494D511093
2019-08-20 15:54:04,798 INFO  server.RaftServerConfigKeys (ConfUtils.java:logGet(43)) - raft.server.log.statemachine.data.sync.timeout = 10s (default)
2019-08-20 15:54:04,798 INFO  server.RaftServerConfigKeys (ConfUtils.java:logGet(43)) - raft.server.log.statemachine.data.sync = true (default)
2019-08-20 15:54:04,798 INFO  server.RaftServerConfigKeys (ConfUtils.java:logGet(43)) - raft.server.log.statemachine.data.sync.timeout.retry = -1 (default)
2019-08-20 15:54:04,798 INFO  impl.RaftServerImpl (RaftServerImpl.java:setRole(171)) - c79acb33-54d1-498f-8257-7f472001ece8:group-F7494D511093 changes role from null to FOLLOWER at term 0 for startAsFollower
2019-08-20 15:54:04,799 INFO  server.RaftServerConfigKeys (ConfUtils.java:logGet(43)) - raft.server.log.statemachine.data.caching.enabled = true (custom)
2019-08-20 15:54:04,799 INFO  server.RaftServerConfigKeys (ConfUtils.java:logGet(43)) - raft.server.log.statemachine.data.sync.timeout = 10s (default)
2019-08-20 15:54:04,799 INFO  impl.RoleInfo (RoleInfo.java:updateAndGet(143)) - c79acb33-54d1-498f-8257-7f472001ece8: start FollowerState
2019-08-20 15:54:04,799 INFO  server.RaftServerConfigKeys (ConfUtils.java:logGet(43)) - raft.server.log.statemachine.data.sync.timeout.retry = -1 (default)
2019-08-20 15:54:04,799 INFO  segmented.SegmentedRaftLogWorker (SegmentedRaftLogWorker.java:lambda$new$0(132)) - 3cdf5db5-634a-499e-9c82-270b7e626451-SegmentedRaftLogWorker:Storage Directory /workdir/hadoop-ozone/integration-test/target/test-dir/MiniOzoneClusterImpl-802bd29e-af6e-48ad-aaa5-d32a5604ae37/datanode-4/data/ratis/7617b306-71d9-446a-975c-f7494d511093: flushIndex: setUnconditionally 0 -> -1
2019-08-20 15:54:04,800 INFO  server.RaftServerConfigKeys (ConfUtils.java:logGet(43)) - raft.server.log.statemachine.data.caching.enabled = true (custom)
2019-08-20 15:54:04,800 INFO  server.RaftServerConfigKeys (ConfUtils.java:logGet(43)) - raft.server.snapshot.auto.trigger.enabled = true (custom)
2019-08-20 15:54:04,800 INFO  util.JmxRegister (JmxRegister.java:tryRegister(44)) - Successfully registered JMX Bean with object name Ratis:service=RaftServer,group=group-F7494D511093,id=c79acb33-54d1-498f-8257-7f472001ece8
2019-08-20 15:54:04,800 INFO  segmented.SegmentedRaftLogWorker (SegmentedRaftLogWorker.java:lambda$new$0(132)) - 5ca31ecd-36ff-4b76-99e6-15ea25204cb4-SegmentedRaftLogWorker:Storage Directory /workdir/hadoop-ozone/integration-test/target/test-dir/MiniOzoneClusterImpl-802bd29e-af6e-48ad-aaa5-d32a5604ae37/datanode-5/data/ratis/7617b306-71d9-446a-975c-f7494d511093: flushIndex: setUnconditionally 0 -> -1
2019-08-20 15:54:04,800 INFO  server.RaftServerConfigKeys (ConfUtils.java:logGet(43)) - raft.server.snapshot.auto.trigger.threshold = 10000 (custom)
2019-08-20 15:54:04,800 INFO  server.RaftServerConfigKeys (ConfUtils.java:logGet(43)) - raft.server.snapshot.auto.trigger.enabled = true (custom)
2019-08-20 15:54:04,800 INFO  server.RaftServerConfigKeys (ConfUtils.java:logGet(43)) - raft.server.retrycache.expirytime = 600000ms (custom)
2019-08-20 15:54:04,801 INFO  server.RaftServerConfigKeys (ConfUtils.java:logGet(43)) - raft.server.snapshot.auto.trigger.threshold = 10000 (custom)
2019-08-20 15:54:04,801 INFO  impl.RaftServerImpl (RaftServerImpl.java:start(180)) - 3cdf5db5-634a-499e-9c82-270b7e626451: start group-F7494D511093
2019-08-20 15:54:04,801 INFO  server.RaftServerConfigKeys (ConfUtils.java:logGet(43)) - raft.server.retrycache.expirytime = 600000ms (custom)
2019-08-20 15:54:04,801 INFO  impl.RaftServerImpl (RaftServerImpl.java:setRole(171)) - 3cdf5db5-634a-499e-9c82-270b7e626451:group-F7494D511093 changes role from null to FOLLOWER at term 0 for startAsFollower
2019-08-20 15:54:04,801 INFO  impl.RaftServerImpl (RaftServerImpl.java:start(180)) - 5ca31ecd-36ff-4b76-99e6-15ea25204cb4: start group-F7494D511093
2019-08-20 15:54:04,801 INFO  impl.RoleInfo (RoleInfo.java:updateAndGet(143)) - 3cdf5db5-634a-499e-9c82-270b7e626451: start FollowerState
2019-08-20 15:54:04,801 INFO  impl.RaftServerImpl (RaftServerImpl.java:setRole(171)) - 5ca31ecd-36ff-4b76-99e6-15ea25204cb4:group-F7494D511093 changes role from null to FOLLOWER at term 0 for startAsFollower
2019-08-20 15:54:04,801 INFO  impl.RoleInfo (RoleInfo.java:updateAndGet(143)) - 5ca31ecd-36ff-4b76-99e6-15ea25204cb4: start FollowerState
2019-08-20 15:54:04,801 INFO  util.JmxRegister (JmxRegister.java:tryRegister(44)) - Successfully registered JMX Bean with object name Ratis:service=RaftServer,group=group-F7494D511093,id=3cdf5db5-634a-499e-9c82-270b7e626451
2019-08-20 15:54:04,802 INFO  util.JmxRegister (JmxRegister.java:tryRegister(44)) - Successfully registered JMX Bean with object name Ratis:service=RaftServer,group=group-F7494D511093,id=5ca31ecd-36ff-4b76-99e6-15ea25204cb4
2019-08-20 15:54:04,821 INFO  pipeline.PipelineStateManager (PipelineStateManager.java:addPipeline(56)) - Created pipeline Pipeline[ Id: 7617b306-71d9-446a-975c-f7494d511093, Nodes: 3cdf5db5-634a-499e-9c82-270b7e626451{ip: 192.168.5.175, host: pr-hdds-1879-mp8vb-189615265, networkLocation: /default-rack, certSerialId: null}c79acb33-54d1-498f-8257-7f472001ece8{ip: 192.168.5.175, host: pr-hdds-1879-mp8vb-189615265, networkLocation: /default-rack, certSerialId: null}5ca31ecd-36ff-4b76-99e6-15ea25204cb4{ip: 192.168.5.175, host: pr-hdds-1879-mp8vb-189615265, networkLocation: /default-rack, certSerialId: null}, Type:RATIS, Factor:THREE, State:OPEN]
2019-08-20 15:54:05,382 INFO  ozone.MiniOzoneClusterImpl (MiniOzoneClusterImpl.java:lambda$waitForClusterToBeReady$0(142)) - Cluster is ready. Got 6 of 6 DN Heartbeats.
2019-08-20 15:54:05,734 INFO  rpc.RpcClient (RpcClient.java:createVolume(288)) - Creating Volume: datanodefailurehandlingtest, with jenkins1000 as owner.
2019-08-20 15:54:05,766 INFO  rpc.RpcClient (RpcClient.java:createBucket(425)) - Creating Bucket: datanodefailurehandlingtest/datanodefailurehandlingtest, with Versioning false and Storage Type set to DISK and Encryption set to false 
2019-08-20 15:54:06,003 INFO  impl.MetricsSystemImpl (MetricsSystemImpl.java:init(158)) - XceiverClientMetrics metrics system started (again)
2019-08-20 15:54:06,130 INFO  client.GrpcClientProtocolClient (GrpcClientProtocolClient.java:onNext(255)) - client-C8195093E043->473c2a47-62d9-46f1-876c-6c914ae7ad5a: receive RaftClientReply:client-C8195093E043->473c2a47-62d9-46f1-876c-6c914ae7ad5a@group-A39E09E04CB6, cid=12, FAILED org.apache.ratis.protocol.NotLeaderException: Server 473c2a47-62d9-46f1-876c-6c914ae7ad5a is not the leader (null). Request must be sent to leader., logIndex=0, commits[473c2a47-62d9-46f1-876c-6c914ae7ad5a:c-1]
2019-08-20 15:54:06,170 INFO  container.ReplicationManager (ReplicationManager.java:start(155)) - Starting Replication Monitor Thread.
2019-08-20 15:54:06,174 INFO  container.ReplicationManager (ReplicationManager.java:run(207)) - Replication Monitor Thread took 4 milliseconds for processing 1 containers.
2019-08-20 15:54:07,194 INFO  client.GrpcClientProtocolClient (GrpcClientProtocolClient.java:onNext(255)) - client-C8195093E043->9efa53fa-81aa-4347-9787-785a8fac9bb8: receive RaftClientReply:client-C8195093E043->9efa53fa-81aa-4347-9787-785a8fac9bb8@group-A39E09E04CB6, cid=12, FAILED org.apache.ratis.protocol.NotLeaderException: Server 9efa53fa-81aa-4347-9787-785a8fac9bb8 is not the leader (null). Request must be sent to leader., logIndex=0, commits[9efa53fa-81aa-4347-9787-785a8fac9bb8:c-1]
2019-08-20 15:54:08,236 INFO  client.GrpcClientProtocolClient (GrpcClientProtocolClient.java:onNext(255)) - client-C8195093E043->87a44177-3edb-4a60-8a47-052096579d6b: receive RaftClientReply:client-C8195093E043->87a44177-3edb-4a60-8a47-052096579d6b@group-A39E09E04CB6, cid=12, FAILED org.apache.ratis.protocol.NotLeaderException: Server 87a44177-3edb-4a60-8a47-052096579d6b is not the leader (null). Request must be sent to leader., logIndex=0, commits[87a44177-3edb-4a60-8a47-052096579d6b:c-1]
2019-08-20 15:54:09,264 INFO  client.GrpcClientProtocolClient (GrpcClientProtocolClient.java:onNext(255)) - client-C8195093E043->9efa53fa-81aa-4347-9787-785a8fac9bb8: receive RaftClientReply:client-C8195093E043->9efa53fa-81aa-4347-9787-785a8fac9bb8@group-A39E09E04CB6, cid=12, FAILED org.apache.ratis.protocol.NotLeaderException: Server 9efa53fa-81aa-4347-9787-785a8fac9bb8 is not the leader (null). Request must be sent to leader., logIndex=0, commits[9efa53fa-81aa-4347-9787-785a8fac9bb8:c-1]
2019-08-20 15:54:09,324 INFO  impl.FollowerState (FollowerState.java:run(106)) - 473c2a47-62d9-46f1-876c-6c914ae7ad5a:group-632D521E82D4 changes to CANDIDATE, lastRpcTime:5180, electionTimeout:5179ms
2019-08-20 15:54:09,324 INFO  impl.RoleInfo (RoleInfo.java:shutdownFollowerState(121)) - 473c2a47-62d9-46f1-876c-6c914ae7ad5a: shutdown FollowerState
2019-08-20 15:54:09,324 INFO  impl.RaftServerImpl (RaftServerImpl.java:setRole(171)) - 473c2a47-62d9-46f1-876c-6c914ae7ad5a:group-632D521E82D4 changes role from FOLLOWER to CANDIDATE at term 0 for changeToCandidate
2019-08-20 15:54:09,331 INFO  impl.RoleInfo (RoleInfo.java:updateAndGet(143)) - 473c2a47-62d9-46f1-876c-6c914ae7ad5a: start LeaderElection
2019-08-20 15:54:09,350 INFO  impl.LeaderElection (LeaderElection.java:askForVotes(181)) - 473c2a47-62d9-46f1-876c-6c914ae7ad5a:group-632D521E82D4:LeaderElection1: begin an election at term 1 for -1: [473c2a47-62d9-46f1-876c-6c914ae7ad5a:192.168.5.175:43061], old=null
2019-08-20 15:54:09,352 INFO  impl.RoleInfo (RoleInfo.java:shutdownLeaderElection(134)) - 473c2a47-62d9-46f1-876c-6c914ae7ad5a: shutdown LeaderElection
2019-08-20 15:54:09,353 INFO  impl.RaftServerImpl (RaftServerImpl.java:setRole(171)) - 473c2a47-62d9-46f1-876c-6c914ae7ad5a:group-632D521E82D4 changes role from CANDIDATE to LEADER at term 1 for changeToLeader
2019-08-20 15:54:09,353 INFO  impl.RaftServerImpl (ServerState.java:setLeader(263)) - 473c2a47-62d9-46f1-876c-6c914ae7ad5a:group-632D521E82D4 change Leader from null to 473c2a47-62d9-46f1-876c-6c914ae7ad5a at term 1 for becomeLeader, leader elected after 5283ms
2019-08-20 15:54:09,363 INFO  server.RaftServerConfigKeys (ConfUtils.java:logGet(43)) - raft.server.staging.catchup.gap = 1000 (default)
2019-08-20 15:54:09,364 INFO  server.RaftServerConfigKeys (ConfUtils.java:logGet(43)) - raft.server.rpc.sleep.time = 25ms (default)
2019-08-20 15:54:09,367 INFO  server.RaftServerConfigKeys (ConfUtils.java:logGet(43)) - raft.server.write.element-limit = 4096 (default)
2019-08-20 15:54:09,371 INFO  server.RaftServerConfigKeys (ConfUtils.java:logGet(43)) - raft.server.watch.timeout = 10s (default)
2019-08-20 15:54:09,371 INFO  server.RaftServerConfigKeys (ConfUtils.java:logGet(43)) - raft.server.watch.timeout.denomination = 1s (default)
2019-08-20 15:54:09,372 INFO  server.RaftServerConfigKeys (ConfUtils.java:logGet(43)) - raft.server.watch.element-limit = 65536 (default)
2019-08-20 15:54:09,383 INFO  impl.RoleInfo (RoleInfo.java:updateAndGet(143)) - 473c2a47-62d9-46f1-876c-6c914ae7ad5a: start LeaderState
2019-08-20 15:54:09,413 INFO  segmented.SegmentedRaftLogWorker (SegmentedRaftLogWorker.java:startLogSegment(380)) - 473c2a47-62d9-46f1-876c-6c914ae7ad5a-SegmentedRaftLogWorker:Storage Directory /workdir/hadoop-ozone/integration-test/target/test-dir/MiniOzoneClusterImpl-802bd29e-af6e-48ad-aaa5-d32a5604ae37/datanode-0/data/ratis/3bc0704d-588c-4ba7-8129-632d521e82d4: Starting segment from index:0
2019-08-20 15:54:09,425 INFO  impl.RaftServerImpl (ServerState.java:setRaftConf(361)) - 473c2a47-62d9-46f1-876c-6c914ae7ad5a:group-632D521E82D4 set configuration 0: [473c2a47-62d9-46f1-876c-6c914ae7ad5a:192.168.5.175:43061], old=null at 0
2019-08-20 15:54:09,450 INFO  impl.FollowerState (FollowerState.java:run(106)) - 9efa53fa-81aa-4347-9787-785a8fac9bb8:group-69357E47C45A changes to CANDIDATE, lastRpcTime:5062, electionTimeout:5057ms
2019-08-20 15:54:09,456 INFO  impl.FollowerState (FollowerState.java:run(106)) - 87a44177-3edb-4a60-8a47-052096579d6b:group-32AFEBECAA94 changes to CANDIDATE, lastRpcTime:5157, electionTimeout:5155ms
2019-08-20 15:54:09,456 INFO  impl.RoleInfo (RoleInfo.java:shutdownFollowerState(121)) - 9efa53fa-81aa-4347-9787-785a8fac9bb8: shutdown FollowerState
2019-08-20 15:54:09,456 INFO  impl.RoleInfo (RoleInfo.java:shutdownFollowerState(121)) - 87a44177-3edb-4a60-8a47-052096579d6b: shutdown FollowerState
2019-08-20 15:54:09,456 INFO  impl.RaftServerImpl (RaftServerImpl.java:setRole(171)) - 9efa53fa-81aa-4347-9787-785a8fac9bb8:group-69357E47C45A changes role from FOLLOWER to CANDIDATE at term 0 for changeToCandidate
2019-08-20 15:54:09,456 INFO  impl.RaftServerImpl (RaftServerImpl.java:setRole(171)) - 87a44177-3edb-4a60-8a47-052096579d6b:group-32AFEBECAA94 changes role from FOLLOWER to CANDIDATE at term 0 for changeToCandidate
2019-08-20 15:54:09,456 INFO  impl.RoleInfo (RoleInfo.java:updateAndGet(143)) - 9efa53fa-81aa-4347-9787-785a8fac9bb8: start LeaderElection
2019-08-20 15:54:09,457 INFO  impl.RoleInfo (RoleInfo.java:updateAndGet(143)) - 87a44177-3edb-4a60-8a47-052096579d6b: start LeaderElection
2019-08-20 15:54:09,476 INFO  impl.LeaderElection (LeaderElection.java:askForVotes(181)) - 9efa53fa-81aa-4347-9787-785a8fac9bb8:group-69357E47C45A:LeaderElection2: begin an election at term 1 for -1: [9efa53fa-81aa-4347-9787-785a8fac9bb8:192.168.5.175:46169], old=null
2019-08-20 15:54:09,476 INFO  impl.LeaderElection (LeaderElection.java:askForVotes(181)) - 87a44177-3edb-4a60-8a47-052096579d6b:group-32AFEBECAA94:LeaderElection3: begin an election at term 1 for -1: [87a44177-3edb-4a60-8a47-052096579d6b:192.168.5.175:46164], old=null
2019-08-20 15:54:09,478 INFO  impl.RoleInfo (RoleInfo.java:shutdownLeaderElection(134)) - 9efa53fa-81aa-4347-9787-785a8fac9bb8: shutdown LeaderElection
2019-08-20 15:54:09,478 INFO  impl.RoleInfo (RoleInfo.java:shutdownLeaderElection(134)) - 87a44177-3edb-4a60-8a47-052096579d6b: shutdown LeaderElection
2019-08-20 15:54:09,478 INFO  impl.RaftServerImpl (RaftServerImpl.java:setRole(171)) - 9efa53fa-81aa-4347-9787-785a8fac9bb8:group-69357E47C45A changes role from CANDIDATE to LEADER at term 1 for changeToLeader
2019-08-20 15:54:09,478 INFO  impl.RaftServerImpl (RaftServerImpl.java:setRole(171)) - 87a44177-3edb-4a60-8a47-052096579d6b:group-32AFEBECAA94 changes role from CANDIDATE to LEADER at term 1 for changeToLeader
2019-08-20 15:54:09,478 INFO  impl.RaftServerImpl (ServerState.java:setLeader(263)) - 9efa53fa-81aa-4347-9787-785a8fac9bb8:group-69357E47C45A change Leader from null to 9efa53fa-81aa-4347-9787-785a8fac9bb8 at term 1 for becomeLeader, leader elected after 5102ms
2019-08-20 15:54:09,478 INFO  impl.RaftServerImpl (ServerState.java:setLeader(263)) - 87a44177-3edb-4a60-8a47-052096579d6b:group-32AFEBECAA94 change Leader from null to 87a44177-3edb-4a60-8a47-052096579d6b at term 1 for becomeLeader, leader elected after 5185ms
2019-08-20 15:54:09,480 INFO  server.RaftServerConfigKeys (ConfUtils.java:logGet(43)) - raft.server.staging.catchup.gap = 1000 (default)
2019-08-20 15:54:09,480 INFO  server.RaftServerConfigKeys (ConfUtils.java:logGet(43)) - raft.server.staging.catchup.gap = 1000 (default)
2019-08-20 15:54:09,480 INFO  server.RaftServerConfigKeys (ConfUtils.java:logGet(43)) - raft.server.rpc.sleep.time = 25ms (default)
2019-08-20 15:54:09,481 INFO  server.RaftServerConfigKeys (ConfUtils.java:logGet(43)) - raft.server.rpc.sleep.time = 25ms (default)
2019-08-20 15:54:09,481 INFO  server.RaftServerConfigKeys (ConfUtils.java:logGet(43)) - raft.server.write.element-limit = 4096 (default)
2019-08-20 15:54:09,481 INFO  server.RaftServerConfigKeys (ConfUtils.java:logGet(43)) - raft.server.write.element-limit = 4096 (default)
2019-08-20 15:54:09,481 INFO  server.RaftServerConfigKeys (ConfUtils.java:logGet(43)) - raft.server.watch.timeout = 10s (default)
2019-08-20 15:54:09,481 INFO  server.RaftServerConfigKeys (ConfUtils.java:logGet(43)) - raft.server.watch.timeout = 10s (default)
2019-08-20 15:54:09,481 INFO  server.RaftServerConfigKeys (ConfUtils.java:logGet(43)) - raft.server.watch.timeout.denomination = 1s (default)
2019-08-20 15:54:09,481 INFO  server.RaftServerConfigKeys (ConfUtils.java:logGet(43)) - raft.server.watch.timeout.denomination = 1s (default)
2019-08-20 15:54:09,481 INFO  server.RaftServerConfigKeys (ConfUtils.java:logGet(43)) - raft.server.watch.element-limit = 65536 (default)
2019-08-20 15:54:09,481 INFO  server.RaftServerConfigKeys (ConfUtils.java:logGet(43)) - raft.server.watch.element-limit = 65536 (default)
2019-08-20 15:54:09,482 INFO  impl.RoleInfo (RoleInfo.java:updateAndGet(143)) - 9efa53fa-81aa-4347-9787-785a8fac9bb8: start LeaderState
2019-08-20 15:54:09,482 INFO  impl.RoleInfo (RoleInfo.java:updateAndGet(143)) - 87a44177-3edb-4a60-8a47-052096579d6b: start LeaderState
2019-08-20 15:54:09,482 INFO  segmented.SegmentedRaftLogWorker (SegmentedRaftLogWorker.java:startLogSegment(380)) - 9efa53fa-81aa-4347-9787-785a8fac9bb8-SegmentedRaftLogWorker:Storage Directory /workdir/hadoop-ozone/integration-test/target/test-dir/MiniOzoneClusterImpl-802bd29e-af6e-48ad-aaa5-d32a5604ae37/datanode-3/data/ratis/42691de8-8a46-4b56-bb27-69357e47c45a: Starting segment from index:0
2019-08-20 15:54:09,482 INFO  segmented.SegmentedRaftLogWorker (SegmentedRaftLogWorker.java:startLogSegment(380)) - 87a44177-3edb-4a60-8a47-052096579d6b-SegmentedRaftLogWorker:Storage Directory /workdir/hadoop-ozone/integration-test/target/test-dir/MiniOzoneClusterImpl-802bd29e-af6e-48ad-aaa5-d32a5604ae37/datanode-2/data/ratis/46f2720f-5a55-4320-9e74-32afebecaa94: Starting segment from index:0
2019-08-20 15:54:09,482 INFO  impl.RaftServerImpl (ServerState.java:setRaftConf(361)) - 9efa53fa-81aa-4347-9787-785a8fac9bb8:group-69357E47C45A set configuration 0: [9efa53fa-81aa-4347-9787-785a8fac9bb8:192.168.5.175:46169], old=null at 0
2019-08-20 15:54:09,482 INFO  impl.RaftServerImpl (ServerState.java:setRaftConf(361)) - 87a44177-3edb-4a60-8a47-052096579d6b:group-32AFEBECAA94 set configuration 0: [87a44177-3edb-4a60-8a47-052096579d6b:192.168.5.175:46164], old=null at 0
2019-08-20 15:54:09,503 INFO  impl.FollowerState (FollowerState.java:run(106)) - 3cdf5db5-634a-499e-9c82-270b7e626451:group-01100526C214 changes to CANDIDATE, lastRpcTime:5042, electionTimeout:5041ms
2019-08-20 15:54:09,503 INFO  impl.RoleInfo (RoleInfo.java:shutdownFollowerState(121)) - 3cdf5db5-634a-499e-9c82-270b7e626451: shutdown FollowerState
2019-08-20 15:54:09,503 INFO  impl.RaftServerImpl (RaftServerImpl.java:setRole(171)) - 3cdf5db5-634a-499e-9c82-270b7e626451:group-01100526C214 changes role from FOLLOWER to CANDIDATE at term 0 for changeToCandidate
2019-08-20 15:54:09,503 INFO  impl.RoleInfo (RoleInfo.java:updateAndGet(143)) - 3cdf5db5-634a-499e-9c82-270b7e626451: start LeaderElection
2019-08-20 15:54:09,520 INFO  impl.LeaderElection (LeaderElection.java:askForVotes(181)) - 3cdf5db5-634a-499e-9c82-270b7e626451:group-01100526C214:LeaderElection4: begin an election at term 1 for -1: [3cdf5db5-634a-499e-9c82-270b7e626451:192.168.5.175:43895], old=null
2019-08-20 15:54:09,520 INFO  impl.RoleInfo (RoleInfo.java:shutdownLeaderElection(134)) - 3cdf5db5-634a-499e-9c82-270b7e626451: shutdown LeaderElection
2019-08-20 15:54:09,520 INFO  impl.RaftServerImpl (RaftServerImpl.java:setRole(171)) - 3cdf5db5-634a-499e-9c82-270b7e626451:group-01100526C214 changes role from CANDIDATE to LEADER at term 1 for changeToLeader
2019-08-20 15:54:09,520 INFO  impl.RaftServerImpl (ServerState.java:setLeader(263)) - 3cdf5db5-634a-499e-9c82-270b7e626451:group-01100526C214 change Leader from null to 3cdf5db5-634a-499e-9c82-270b7e626451 at term 1 for becomeLeader, leader elected after 5064ms
2019-08-20 15:54:09,522 INFO  server.RaftServerConfigKeys (ConfUtils.java:logGet(43)) - raft.server.staging.catchup.gap = 1000 (default)
2019-08-20 15:54:09,522 INFO  server.RaftServerConfigKeys (ConfUtils.java:logGet(43)) - raft.server.rpc.sleep.time = 25ms (default)
2019-08-20 15:54:09,522 INFO  server.RaftServerConfigKeys (ConfUtils.java:logGet(43)) - raft.server.write.element-limit = 4096 (default)
2019-08-20 15:54:09,523 INFO  server.RaftServerConfigKeys (ConfUtils.java:logGet(43)) - raft.server.watch.timeout = 10s (default)
2019-08-20 15:54:09,523 INFO  server.RaftServerConfigKeys (ConfUtils.java:logGet(43)) - raft.server.watch.timeout.denomination = 1s (default)
2019-08-20 15:54:09,523 INFO  server.RaftServerConfigKeys (ConfUtils.java:logGet(43)) - raft.server.watch.element-limit = 65536 (default)
2019-08-20 15:54:09,523 INFO  impl.RoleInfo (RoleInfo.java:updateAndGet(143)) - 3cdf5db5-634a-499e-9c82-270b7e626451: start LeaderState
2019-08-20 15:54:09,524 INFO  segmented.SegmentedRaftLogWorker (SegmentedRaftLogWorker.java:startLogSegment(380)) - 3cdf5db5-634a-499e-9c82-270b7e626451-SegmentedRaftLogWorker:Storage Directory /workdir/hadoop-ozone/integration-test/target/test-dir/MiniOzoneClusterImpl-802bd29e-af6e-48ad-aaa5-d32a5604ae37/datanode-4/data/ratis/8cb4d63c-e84c-4c5a-aba4-01100526c214: Starting segment from index:0
2019-08-20 15:54:09,524 INFO  impl.RaftServerImpl (ServerState.java:setRaftConf(361)) - 3cdf5db5-634a-499e-9c82-270b7e626451:group-01100526C214 set configuration 0: [3cdf5db5-634a-499e-9c82-270b7e626451:192.168.5.175:43895], old=null at 0
2019-08-20 15:54:09,620 INFO  segmented.SegmentedRaftLogWorker (SegmentedRaftLogWorker.java:execute(569)) - 473c2a47-62d9-46f1-876c-6c914ae7ad5a-SegmentedRaftLogWorker:Storage Directory /workdir/hadoop-ozone/integration-test/target/test-dir/MiniOzoneClusterImpl-802bd29e-af6e-48ad-aaa5-d32a5604ae37/datanode-0/data/ratis/3bc0704d-588c-4ba7-8129-632d521e82d4: created new log segment /workdir/hadoop-ozone/integration-test/target/test-dir/MiniOzoneClusterImpl-802bd29e-af6e-48ad-aaa5-d32a5604ae37/datanode-0/data/ratis/3bc0704d-588c-4ba7-8129-632d521e82d4/current/log_inprogress_0
2019-08-20 15:54:09,620 INFO  segmented.SegmentedRaftLogWorker (SegmentedRaftLogWorker.java:execute(569)) - 87a44177-3edb-4a60-8a47-052096579d6b-SegmentedRaftLogWorker:Storage Directory /workdir/hadoop-ozone/integration-test/target/test-dir/MiniOzoneClusterImpl-802bd29e-af6e-48ad-aaa5-d32a5604ae37/datanode-2/data/ratis/46f2720f-5a55-4320-9e74-32afebecaa94: created new log segment /workdir/hadoop-ozone/integration-test/target/test-dir/MiniOzoneClusterImpl-802bd29e-af6e-48ad-aaa5-d32a5604ae37/datanode-2/data/ratis/46f2720f-5a55-4320-9e74-32afebecaa94/current/log_inprogress_0
2019-08-20 15:54:09,620 INFO  segmented.SegmentedRaftLogWorker (SegmentedRaftLogWorker.java:execute(569)) - 9efa53fa-81aa-4347-9787-785a8fac9bb8-SegmentedRaftLogWorker:Storage Directory /workdir/hadoop-ozone/integration-test/target/test-dir/MiniOzoneClusterImpl-802bd29e-af6e-48ad-aaa5-d32a5604ae37/datanode-3/data/ratis/42691de8-8a46-4b56-bb27-69357e47c45a: created new log segment /workdir/hadoop-ozone/integration-test/target/test-dir/MiniOzoneClusterImpl-802bd29e-af6e-48ad-aaa5-d32a5604ae37/datanode-3/data/ratis/42691de8-8a46-4b56-bb27-69357e47c45a/current/log_inprogress_0
2019-08-20 15:54:09,620 INFO  segmented.SegmentedRaftLogWorker (SegmentedRaftLogWorker.java:execute(569)) - 3cdf5db5-634a-499e-9c82-270b7e626451-SegmentedRaftLogWorker:Storage Directory /workdir/hadoop-ozone/integration-test/target/test-dir/MiniOzoneClusterImpl-802bd29e-af6e-48ad-aaa5-d32a5604ae37/datanode-4/data/ratis/8cb4d63c-e84c-4c5a-aba4-01100526c214: created new log segment /workdir/hadoop-ozone/integration-test/target/test-dir/MiniOzoneClusterImpl-802bd29e-af6e-48ad-aaa5-d32a5604ae37/datanode-4/data/ratis/8cb4d63c-e84c-4c5a-aba4-01100526c214/current/log_inprogress_0
2019-08-20 15:54:09,641 INFO  impl.FollowerState (FollowerState.java:run(106)) - c79acb33-54d1-498f-8257-7f472001ece8:group-E2C2F87AB95A changes to CANDIDATE, lastRpcTime:5115, electionTimeout:5115ms
2019-08-20 15:54:09,644 INFO  impl.RoleInfo (RoleInfo.java:shutdownFollowerState(121)) - c79acb33-54d1-498f-8257-7f472001ece8: shutdown FollowerState
2019-08-20 15:54:09,644 INFO  impl.RaftServerImpl (RaftServerImpl.java:setRole(171)) - c79acb33-54d1-498f-8257-7f472001ece8:group-E2C2F87AB95A changes role from FOLLOWER to CANDIDATE at term 0 for changeToCandidate
2019-08-20 15:54:09,644 INFO  impl.RoleInfo (RoleInfo.java:updateAndGet(143)) - c79acb33-54d1-498f-8257-7f472001ece8: start LeaderElection
2019-08-20 15:54:09,649 INFO  impl.FollowerState (FollowerState.java:run(106)) - 5ca31ecd-36ff-4b76-99e6-15ea25204cb4:group-4FE205D4D764 changes to CANDIDATE, lastRpcTime:5039, electionTimeout:5038ms
2019-08-20 15:54:09,651 INFO  impl.RoleInfo (RoleInfo.java:shutdownFollowerState(121)) - 5ca31ecd-36ff-4b76-99e6-15ea25204cb4: shutdown FollowerState
2019-08-20 15:54:09,651 INFO  impl.RaftServerImpl (RaftServerImpl.java:setRole(171)) - 5ca31ecd-36ff-4b76-99e6-15ea25204cb4:group-4FE205D4D764 changes role from FOLLOWER to CANDIDATE at term 0 for changeToCandidate
2019-08-20 15:54:09,651 INFO  impl.RoleInfo (RoleInfo.java:updateAndGet(143)) - 5ca31ecd-36ff-4b76-99e6-15ea25204cb4: start LeaderElection
2019-08-20 15:54:09,655 INFO  impl.LeaderElection (LeaderElection.java:askForVotes(181)) - c79acb33-54d1-498f-8257-7f472001ece8:group-E2C2F87AB95A:LeaderElection5: begin an election at term 1 for -1: [c79acb33-54d1-498f-8257-7f472001ece8:192.168.5.175:40613], old=null
2019-08-20 15:54:09,655 INFO  impl.RoleInfo (RoleInfo.java:shutdownLeaderElection(134)) - c79acb33-54d1-498f-8257-7f472001ece8: shutdown LeaderElection
2019-08-20 15:54:09,655 INFO  impl.RaftServerImpl (RaftServerImpl.java:setRole(171)) - c79acb33-54d1-498f-8257-7f472001ece8:group-E2C2F87AB95A changes role from CANDIDATE to LEADER at term 1 for changeToLeader
2019-08-20 15:54:09,655 INFO  impl.RaftServerImpl (ServerState.java:setLeader(263)) - c79acb33-54d1-498f-8257-7f472001ece8:group-E2C2F87AB95A change Leader from null to c79acb33-54d1-498f-8257-7f472001ece8 at term 1 for becomeLeader, leader elected after 5135ms
2019-08-20 15:54:09,657 INFO  server.RaftServerConfigKeys (ConfUtils.java:logGet(43)) - raft.server.staging.catchup.gap = 1000 (default)
2019-08-20 15:54:09,657 INFO  server.RaftServerConfigKeys (ConfUtils.java:logGet(43)) - raft.server.rpc.sleep.time = 25ms (default)
2019-08-20 15:54:09,657 INFO  server.RaftServerConfigKeys (ConfUtils.java:logGet(43)) - raft.server.write.element-limit = 4096 (default)
2019-08-20 15:54:09,657 INFO  server.RaftServerConfigKeys (ConfUtils.java:logGet(43)) - raft.server.watch.timeout = 10s (default)
2019-08-20 15:54:09,657 INFO  server.RaftServerConfigKeys (ConfUtils.java:logGet(43)) - raft.server.watch.timeout.denomination = 1s (default)
2019-08-20 15:54:09,657 INFO  server.RaftServerConfigKeys (ConfUtils.java:logGet(43)) - raft.server.watch.element-limit = 65536 (default)
2019-08-20 15:54:09,657 INFO  impl.RoleInfo (RoleInfo.java:updateAndGet(143)) - c79acb33-54d1-498f-8257-7f472001ece8: start LeaderState
2019-08-20 15:54:09,658 INFO  segmented.SegmentedRaftLogWorker (SegmentedRaftLogWorker.java:startLogSegment(380)) - c79acb33-54d1-498f-8257-7f472001ece8-SegmentedRaftLogWorker:Storage Directory /workdir/hadoop-ozone/integration-test/target/test-dir/MiniOzoneClusterImpl-802bd29e-af6e-48ad-aaa5-d32a5604ae37/datanode-1/data/ratis/8d550594-3625-4d4c-8bb2-e2c2f87ab95a: Starting segment from index:0
2019-08-20 15:54:09,658 INFO  impl.RaftServerImpl (ServerState.java:setRaftConf(361)) - c79acb33-54d1-498f-8257-7f472001ece8:group-E2C2F87AB95A set configuration 0: [c79acb33-54d1-498f-8257-7f472001ece8:192.168.5.175:40613], old=null at 0
2019-08-20 15:54:09,690 INFO  impl.LeaderElection (LeaderElection.java:askForVotes(181)) - 5ca31ecd-36ff-4b76-99e6-15ea25204cb4:group-4FE205D4D764:LeaderElection6: begin an election at term 1 for -1: [5ca31ecd-36ff-4b76-99e6-15ea25204cb4:192.168.5.175:45910], old=null
2019-08-20 15:54:09,690 INFO  impl.RoleInfo (RoleInfo.java:shutdownLeaderElection(134)) - 5ca31ecd-36ff-4b76-99e6-15ea25204cb4: shutdown LeaderElection
2019-08-20 15:54:09,690 INFO  impl.RaftServerImpl (RaftServerImpl.java:setRole(171)) - 5ca31ecd-36ff-4b76-99e6-15ea25204cb4:group-4FE205D4D764 changes role from CANDIDATE to LEADER at term 1 for changeToLeader
2019-08-20 15:54:09,690 INFO  impl.RaftServerImpl (ServerState.java:setLeader(263)) - 5ca31ecd-36ff-4b76-99e6-15ea25204cb4:group-4FE205D4D764 change Leader from null to 5ca31ecd-36ff-4b76-99e6-15ea25204cb4 at term 1 for becomeLeader, leader elected after 5085ms
2019-08-20 15:54:09,692 INFO  server.RaftServerConfigKeys (ConfUtils.java:logGet(43)) - raft.server.staging.catchup.gap = 1000 (default)
2019-08-20 15:54:09,692 INFO  server.RaftServerConfigKeys (ConfUtils.java:logGet(43)) - raft.server.rpc.sleep.time = 25ms (default)
2019-08-20 15:54:09,692 INFO  server.RaftServerConfigKeys (ConfUtils.java:logGet(43)) - raft.server.write.element-limit = 4096 (default)
2019-08-20 15:54:09,692 INFO  server.RaftServerConfigKeys (ConfUtils.java:logGet(43)) - raft.server.watch.timeout = 10s (default)
2019-08-20 15:54:09,692 INFO  server.RaftServerConfigKeys (ConfUtils.java:logGet(43)) - raft.server.watch.timeout.denomination = 1s (default)
2019-08-20 15:54:09,692 INFO  server.RaftServerConfigKeys (ConfUtils.java:logGet(43)) - raft.server.watch.element-limit = 65536 (default)
2019-08-20 15:54:09,692 INFO  impl.RoleInfo (RoleInfo.java:updateAndGet(143)) - 5ca31ecd-36ff-4b76-99e6-15ea25204cb4: start LeaderState
2019-08-20 15:54:09,693 INFO  segmented.SegmentedRaftLogWorker (SegmentedRaftLogWorker.java:startLogSegment(380)) - 5ca31ecd-36ff-4b76-99e6-15ea25204cb4-SegmentedRaftLogWorker:Storage Directory /workdir/hadoop-ozone/integration-test/target/test-dir/MiniOzoneClusterImpl-802bd29e-af6e-48ad-aaa5-d32a5604ae37/datanode-5/data/ratis/adcaae65-0cb2-47b9-84ea-4fe205d4d764: Starting segment from index:0
2019-08-20 15:54:09,693 INFO  impl.RaftServerImpl (ServerState.java:setRaftConf(361)) - 5ca31ecd-36ff-4b76-99e6-15ea25204cb4:group-4FE205D4D764 set configuration 0: [5ca31ecd-36ff-4b76-99e6-15ea25204cb4:192.168.5.175:45910], old=null at 0
2019-08-20 15:54:09,695 INFO  segmented.SegmentedRaftLogWorker (SegmentedRaftLogWorker.java:execute(569)) - c79acb33-54d1-498f-8257-7f472001ece8-SegmentedRaftLogWorker:Storage Directory /workdir/hadoop-ozone/integration-test/target/test-dir/MiniOzoneClusterImpl-802bd29e-af6e-48ad-aaa5-d32a5604ae37/datanode-1/data/ratis/8d550594-3625-4d4c-8bb2-e2c2f87ab95a: created new log segment /workdir/hadoop-ozone/integration-test/target/test-dir/MiniOzoneClusterImpl-802bd29e-af6e-48ad-aaa5-d32a5604ae37/datanode-1/data/ratis/8d550594-3625-4d4c-8bb2-e2c2f87ab95a/current/log_inprogress_0
2019-08-20 15:54:09,738 INFO  segmented.SegmentedRaftLogWorker (SegmentedRaftLogWorker.java:execute(569)) - 5ca31ecd-36ff-4b76-99e6-15ea25204cb4-SegmentedRaftLogWorker:Storage Directory /workdir/hadoop-ozone/integration-test/target/test-dir/MiniOzoneClusterImpl-802bd29e-af6e-48ad-aaa5-d32a5604ae37/datanode-5/data/ratis/adcaae65-0cb2-47b9-84ea-4fe205d4d764: created new log segment /workdir/hadoop-ozone/integration-test/target/test-dir/MiniOzoneClusterImpl-802bd29e-af6e-48ad-aaa5-d32a5604ae37/datanode-5/data/ratis/adcaae65-0cb2-47b9-84ea-4fe205d4d764/current/log_inprogress_0
2019-08-20 15:54:09,810 INFO  impl.FollowerState (FollowerState.java:run(106)) - 87a44177-3edb-4a60-8a47-052096579d6b:group-A39E09E04CB6 changes to CANDIDATE, lastRpcTime:5100, electionTimeout:5100ms
2019-08-20 15:54:09,812 INFO  impl.RoleInfo (RoleInfo.java:shutdownFollowerState(121)) - 87a44177-3edb-4a60-8a47-052096579d6b: shutdown FollowerState
2019-08-20 15:54:09,813 INFO  impl.RaftServerImpl (RaftServerImpl.java:setRole(171)) - 87a44177-3edb-4a60-8a47-052096579d6b:group-A39E09E04CB6 changes role from FOLLOWER to CANDIDATE at term 0 for changeToCandidate
2019-08-20 15:54:09,813 INFO  impl.RoleInfo (RoleInfo.java:updateAndGet(143)) - 87a44177-3edb-4a60-8a47-052096579d6b: start LeaderElection
2019-08-20 15:54:09,816 INFO  impl.FollowerState (FollowerState.java:run(106)) - 9efa53fa-81aa-4347-9787-785a8fac9bb8:group-A39E09E04CB6 changes to CANDIDATE, lastRpcTime:5107, electionTimeout:5106ms
2019-08-20 15:54:09,823 INFO  impl.RoleInfo (RoleInfo.java:shutdownFollowerState(121)) - 9efa53fa-81aa-4347-9787-785a8fac9bb8: shutdown FollowerState
2019-08-20 15:54:09,823 INFO  impl.RaftServerImpl (RaftServerImpl.java:setRole(171)) - 9efa53fa-81aa-4347-9787-785a8fac9bb8:group-A39E09E04CB6 changes role from FOLLOWER to CANDIDATE at term 0 for changeToCandidate
2019-08-20 15:54:09,823 INFO  impl.RoleInfo (RoleInfo.java:updateAndGet(143)) - 9efa53fa-81aa-4347-9787-785a8fac9bb8: start LeaderElection
2019-08-20 15:54:09,829 INFO  impl.LeaderElection (LeaderElection.java:askForVotes(181)) - 9efa53fa-81aa-4347-9787-785a8fac9bb8:group-A39E09E04CB6:LeaderElection8: begin an election at term 1 for -1: [87a44177-3edb-4a60-8a47-052096579d6b:192.168.5.175:46164, 9efa53fa-81aa-4347-9787-785a8fac9bb8:192.168.5.175:46169, 473c2a47-62d9-46f1-876c-6c914ae7ad5a:192.168.5.175:43061], old=null
2019-08-20 15:54:09,829 INFO  impl.LeaderElection (LeaderElection.java:askForVotes(181)) - 87a44177-3edb-4a60-8a47-052096579d6b:group-A39E09E04CB6:LeaderElection7: begin an election at term 1 for -1: [87a44177-3edb-4a60-8a47-052096579d6b:192.168.5.175:46164, 9efa53fa-81aa-4347-9787-785a8fac9bb8:192.168.5.175:46169, 473c2a47-62d9-46f1-876c-6c914ae7ad5a:192.168.5.175:43061], old=null
2019-08-20 15:54:09,833 INFO  impl.FollowerState (FollowerState.java:run(106)) - 3cdf5db5-634a-499e-9c82-270b7e626451:group-F7494D511093 changes to CANDIDATE, lastRpcTime:5031, electionTimeout:5031ms
2019-08-20 15:54:09,833 INFO  impl.RoleInfo (RoleInfo.java:shutdownFollowerState(121)) - 3cdf5db5-634a-499e-9c82-270b7e626451: shutdown FollowerState
2019-08-20 15:54:09,833 INFO  impl.RaftServerImpl (RaftServerImpl.java:setRole(171)) - 3cdf5db5-634a-499e-9c82-270b7e626451:group-F7494D511093 changes role from FOLLOWER to CANDIDATE at term 0 for changeToCandidate
2019-08-20 15:54:09,833 INFO  impl.RoleInfo (RoleInfo.java:updateAndGet(143)) - 3cdf5db5-634a-499e-9c82-270b7e626451: start LeaderElection
2019-08-20 15:54:09,844 INFO  impl.LeaderElection (LeaderElection.java:askForVotes(181)) - 3cdf5db5-634a-499e-9c82-270b7e626451:group-F7494D511093:LeaderElection9: begin an election at term 1 for -1: [c79acb33-54d1-498f-8257-7f472001ece8:192.168.5.175:40613, 5ca31ecd-36ff-4b76-99e6-15ea25204cb4:192.168.5.175:45910, 3cdf5db5-634a-499e-9c82-270b7e626451:192.168.5.175:43895], old=null
2019-08-20 15:54:09,847 INFO  impl.FollowerState (FollowerState.java:run(106)) - 473c2a47-62d9-46f1-876c-6c914ae7ad5a:group-A39E09E04CB6 changes to CANDIDATE, lastRpcTime:5137, electionTimeout:5135ms
2019-08-20 15:54:09,848 INFO  impl.RoleInfo (RoleInfo.java:shutdownFollowerState(121)) - 473c2a47-62d9-46f1-876c-6c914ae7ad5a: shutdown FollowerState
2019-08-20 15:54:09,848 INFO  impl.RaftServerImpl (RaftServerImpl.java:setRole(171)) - 473c2a47-62d9-46f1-876c-6c914ae7ad5a:group-A39E09E04CB6 changes role from FOLLOWER to CANDIDATE at term 0 for changeToCandidate
2019-08-20 15:54:09,848 INFO  impl.RoleInfo (RoleInfo.java:updateAndGet(143)) - 473c2a47-62d9-46f1-876c-6c914ae7ad5a: start LeaderElection
2019-08-20 15:54:09,867 INFO  impl.LeaderElection (LeaderElection.java:askForVotes(181)) - 473c2a47-62d9-46f1-876c-6c914ae7ad5a:group-A39E09E04CB6:LeaderElection10: begin an election at term 1 for -1: [87a44177-3edb-4a60-8a47-052096579d6b:192.168.5.175:46164, 9efa53fa-81aa-4347-9787-785a8fac9bb8:192.168.5.175:46169, 473c2a47-62d9-46f1-876c-6c914ae7ad5a:192.168.5.175:43061], old=null
2019-08-20 15:54:09,879 INFO  impl.RaftServerImpl (RaftServerImpl.java:setRole(171)) - c79acb33-54d1-498f-8257-7f472001ece8:group-F7494D511093 changes role from FOLLOWER to FOLLOWER at term 1 for recognizeCandidate:3cdf5db5-634a-499e-9c82-270b7e626451
2019-08-20 15:54:09,880 INFO  impl.RoleInfo (RoleInfo.java:shutdownFollowerState(121)) - c79acb33-54d1-498f-8257-7f472001ece8: shutdown FollowerState
2019-08-20 15:54:09,886 INFO  impl.RoleInfo (RoleInfo.java:updateAndGet(143)) - c79acb33-54d1-498f-8257-7f472001ece8: start FollowerState
2019-08-20 15:54:09,887 INFO  impl.FollowerState (FollowerState.java:run(114)) - c79acb33-54d1-498f-8257-7f472001ece8: FollowerState was interrupted: java.lang.InterruptedException: sleep interrupted
2019-08-20 15:54:09,893 INFO  impl.RaftServerImpl (RaftServerImpl.java:setRole(171)) - 5ca31ecd-36ff-4b76-99e6-15ea25204cb4:group-F7494D511093 changes role from FOLLOWER to FOLLOWER at term 1 for recognizeCandidate:3cdf5db5-634a-499e-9c82-270b7e626451
2019-08-20 15:54:09,893 INFO  impl.RoleInfo (RoleInfo.java:shutdownFollowerState(121)) - 5ca31ecd-36ff-4b76-99e6-15ea25204cb4: shutdown FollowerState
2019-08-20 15:54:09,894 INFO  impl.RoleInfo (RoleInfo.java:updateAndGet(143)) - 5ca31ecd-36ff-4b76-99e6-15ea25204cb4: start FollowerState
2019-08-20 15:54:09,896 INFO  impl.FollowerState (FollowerState.java:run(114)) - 5ca31ecd-36ff-4b76-99e6-15ea25204cb4: FollowerState was interrupted: java.lang.InterruptedException: sleep interrupted
2019-08-20 15:54:09,909 INFO  impl.LeaderElection (LeaderElection.java:logAndReturn(56)) - 87a44177-3edb-4a60-8a47-052096579d6b:group-A39E09E04CB6:LeaderElection7: Election REJECTED; received 2 response(s) [87a44177-3edb-4a60-8a47-052096579d6b<-9efa53fa-81aa-4347-9787-785a8fac9bb8#0:FAIL-t1, 87a44177-3edb-4a60-8a47-052096579d6b<-473c2a47-62d9-46f1-876c-6c914ae7ad5a#0:FAIL-t1] and 0 exception(s); 87a44177-3edb-4a60-8a47-052096579d6b:t1, leader=null, voted=87a44177-3edb-4a60-8a47-052096579d6b, raftlog=87a44177-3edb-4a60-8a47-052096579d6b-SegmentedRaftLog:OPENED:c-1,f-1,i0, conf=-1: [87a44177-3edb-4a60-8a47-052096579d6b:192.168.5.175:46164, 9efa53fa-81aa-4347-9787-785a8fac9bb8:192.168.5.175:46169, 473c2a47-62d9-46f1-876c-6c914ae7ad5a:192.168.5.175:43061], old=null
2019-08-20 15:54:09,917 INFO  impl.RaftServerImpl (RaftServerImpl.java:setRole(171)) - 87a44177-3edb-4a60-8a47-052096579d6b:group-A39E09E04CB6 changes role from CANDIDATE to FOLLOWER at term 1 for DISCOVERED_A_NEW_TERM
2019-08-20 15:54:09,918 INFO  impl.RoleInfo (RoleInfo.java:shutdownLeaderElection(134)) - 87a44177-3edb-4a60-8a47-052096579d6b: shutdown LeaderElection
2019-08-20 15:54:09,922 INFO  impl.RoleInfo (RoleInfo.java:updateAndGet(143)) - 87a44177-3edb-4a60-8a47-052096579d6b: start FollowerState
2019-08-20 15:54:09,922 INFO  impl.LeaderElection (LeaderElection.java:logAndReturn(56)) - 9efa53fa-81aa-4347-9787-785a8fac9bb8:group-A39E09E04CB6:LeaderElection8: Election REJECTED; received 2 response(s) [9efa53fa-81aa-4347-9787-785a8fac9bb8<-87a44177-3edb-4a60-8a47-052096579d6b#0:FAIL-t1, 9efa53fa-81aa-4347-9787-785a8fac9bb8<-473c2a47-62d9-46f1-876c-6c914ae7ad5a#0:FAIL-t1] and 0 exception(s); 9efa53fa-81aa-4347-9787-785a8fac9bb8:t1, leader=null, voted=9efa53fa-81aa-4347-9787-785a8fac9bb8, raftlog=9efa53fa-81aa-4347-9787-785a8fac9bb8-SegmentedRaftLog:OPENED:c-1,f-1,i0, conf=-1: [87a44177-3edb-4a60-8a47-052096579d6b:192.168.5.175:46164, 9efa53fa-81aa-4347-9787-785a8fac9bb8:192.168.5.175:46169, 473c2a47-62d9-46f1-876c-6c914ae7ad5a:192.168.5.175:43061], old=null
2019-08-20 15:54:09,924 INFO  impl.RaftServerImpl (RaftServerImpl.java:setRole(171)) - 9efa53fa-81aa-4347-9787-785a8fac9bb8:group-A39E09E04CB6 changes role from CANDIDATE to FOLLOWER at term 1 for DISCOVERED_A_NEW_TERM
2019-08-20 15:54:09,926 INFO  impl.RoleInfo (RoleInfo.java:shutdownLeaderElection(134)) - 9efa53fa-81aa-4347-9787-785a8fac9bb8: shutdown LeaderElection
2019-08-20 15:54:09,928 INFO  impl.RoleInfo (RoleInfo.java:updateAndGet(143)) - 9efa53fa-81aa-4347-9787-785a8fac9bb8: start FollowerState
2019-08-20 15:54:09,929 INFO  impl.LeaderElection (LeaderElection.java:logAndReturn(56)) - 3cdf5db5-634a-499e-9c82-270b7e626451:group-F7494D511093:LeaderElection9: Election PASSED; received 1 response(s) [3cdf5db5-634a-499e-9c82-270b7e626451<-5ca31ecd-36ff-4b76-99e6-15ea25204cb4#0:OK-t1] and 0 exception(s); 3cdf5db5-634a-499e-9c82-270b7e626451:t1, leader=null, voted=3cdf5db5-634a-499e-9c82-270b7e626451, raftlog=3cdf5db5-634a-499e-9c82-270b7e626451-SegmentedRaftLog:OPENED:c-1,f-1,i0, conf=-1: [c79acb33-54d1-498f-8257-7f472001ece8:192.168.5.175:40613, 5ca31ecd-36ff-4b76-99e6-15ea25204cb4:192.168.5.175:45910, 3cdf5db5-634a-499e-9c82-270b7e626451:192.168.5.175:43895], old=null
2019-08-20 15:54:09,932 INFO  impl.RoleInfo (RoleInfo.java:shutdownLeaderElection(134)) - 3cdf5db5-634a-499e-9c82-270b7e626451: shutdown LeaderElection
2019-08-20 15:54:09,934 INFO  impl.RaftServerImpl (RaftServerImpl.java:setRole(171)) - 3cdf5db5-634a-499e-9c82-270b7e626451:group-F7494D511093 changes role from CANDIDATE to LEADER at term 1 for changeToLeader
2019-08-20 15:54:09,934 INFO  impl.RaftServerImpl (ServerState.java:setLeader(263)) - 3cdf5db5-634a-499e-9c82-270b7e626451:group-F7494D511093 change Leader from null to 3cdf5db5-634a-499e-9c82-270b7e626451 at term 1 for becomeLeader, leader elected after 5147ms
2019-08-20 15:54:09,936 INFO  server.RaftServerConfigKeys (ConfUtils.java:logGet(43)) - raft.server.staging.catchup.gap = 1000 (default)
2019-08-20 15:54:09,936 INFO  server.RaftServerConfigKeys (ConfUtils.java:logGet(43)) - raft.server.rpc.sleep.time = 25ms (default)
2019-08-20 15:54:09,936 INFO  server.RaftServerConfigKeys (ConfUtils.java:logGet(43)) - raft.server.write.element-limit = 4096 (default)
2019-08-20 15:54:09,936 INFO  server.RaftServerConfigKeys (ConfUtils.java:logGet(43)) - raft.server.watch.timeout = 10s (default)
2019-08-20 15:54:09,936 INFO  server.RaftServerConfigKeys (ConfUtils.java:logGet(43)) - raft.server.watch.timeout.denomination = 1s (default)
2019-08-20 15:54:09,936 INFO  server.RaftServerConfigKeys (ConfUtils.java:logGet(43)) - raft.server.watch.element-limit = 65536 (default)
2019-08-20 15:54:09,937 INFO  impl.LeaderElection (LeaderElection.java:logAndReturn(56)) - 473c2a47-62d9-46f1-876c-6c914ae7ad5a:group-A39E09E04CB6:LeaderElection10: Election REJECTED; received 2 response(s) [473c2a47-62d9-46f1-876c-6c914ae7ad5a<-87a44177-3edb-4a60-8a47-052096579d6b#0:FAIL-t1, 473c2a47-62d9-46f1-876c-6c914ae7ad5a<-9efa53fa-81aa-4347-9787-785a8fac9bb8#0:FAIL-t1] and 0 exception(s); 473c2a47-62d9-46f1-876c-6c914ae7ad5a:t1, leader=null, voted=473c2a47-62d9-46f1-876c-6c914ae7ad5a, raftlog=473c2a47-62d9-46f1-876c-6c914ae7ad5a-SegmentedRaftLog:OPENED:c-1,f-1,i0, conf=-1: [87a44177-3edb-4a60-8a47-052096579d6b:192.168.5.175:46164, 9efa53fa-81aa-4347-9787-785a8fac9bb8:192.168.5.175:46169, 473c2a47-62d9-46f1-876c-6c914ae7ad5a:192.168.5.175:43061], old=null
2019-08-20 15:54:09,939 INFO  impl.RaftServerImpl (RaftServerImpl.java:setRole(171)) - 473c2a47-62d9-46f1-876c-6c914ae7ad5a:group-A39E09E04CB6 changes role from CANDIDATE to FOLLOWER at term 1 for DISCOVERED_A_NEW_TERM
2019-08-20 15:54:09,940 INFO  impl.RoleInfo (RoleInfo.java:shutdownLeaderElection(134)) - 473c2a47-62d9-46f1-876c-6c914ae7ad5a: shutdown LeaderElection
2019-08-20 15:54:09,941 INFO  impl.RoleInfo (RoleInfo.java:updateAndGet(143)) - 473c2a47-62d9-46f1-876c-6c914ae7ad5a: start FollowerState
2019-08-20 15:54:09,944 INFO  server.RaftServerConfigKeys (ConfUtils.java:logGet(43)) - raft.server.log.appender.snapshot.chunk.size.max = 16MB (=16777216) (default)
2019-08-20 15:54:09,945 INFO  server.RaftServerConfigKeys (ConfUtils.java:logGet(43)) - raft.server.log.appender.buffer.byte-limit = 33554432 (custom)
2019-08-20 15:54:09,946 INFO  server.RaftServerConfigKeys (ConfUtils.java:logGet(43)) - raft.server.log.appender.buffer.element-limit = 1 (custom)
2019-08-20 15:54:09,948 INFO  grpc.GrpcConfigKeys$Server (ConfUtils.java:logGet(43)) - raft.grpc.server.leader.outstanding.appends.max = 128 (default)
2019-08-20 15:54:09,950 INFO  server.RaftServerConfigKeys (ConfUtils.java:logGet(43)) - raft.server.rpc.request.timeout = 3000ms (default)
2019-08-20 15:54:09,950 INFO  server.RaftServerConfigKeys (ConfUtils.java:logGet(43)) - raft.server.log.appender.install.snapshot.enabled = false (custom)
2019-08-20 15:54:09,950 INFO  server.RaftServerConfigKeys (ConfUtils.java:logGet(43)) - raft.server.log.appender.snapshot.chunk.size.max = 16MB (=16777216) (default)
2019-08-20 15:54:09,951 INFO  server.RaftServerConfigKeys (ConfUtils.java:logGet(43)) - raft.server.log.appender.buffer.byte-limit = 33554432 (custom)
2019-08-20 15:54:09,951 INFO  server.RaftServerConfigKeys (ConfUtils.java:logGet(43)) - raft.server.log.appender.buffer.element-limit = 1 (custom)
2019-08-20 15:54:09,951 INFO  grpc.GrpcConfigKeys$Server (ConfUtils.java:logGet(43)) - raft.grpc.server.leader.outstanding.appends.max = 128 (default)
2019-08-20 15:54:09,951 INFO  server.RaftServerConfigKeys (ConfUtils.java:logGet(43)) - raft.server.rpc.request.timeout = 3000ms (default)
2019-08-20 15:54:09,951 INFO  server.RaftServerConfigKeys (ConfUtils.java:logGet(43)) - raft.server.log.appender.install.snapshot.enabled = false (custom)
2019-08-20 15:54:09,952 INFO  impl.RoleInfo (RoleInfo.java:updateAndGet(143)) - 3cdf5db5-634a-499e-9c82-270b7e626451: start LeaderState
2019-08-20 15:54:09,953 INFO  segmented.SegmentedRaftLogWorker (SegmentedRaftLogWorker.java:startLogSegment(380)) - 3cdf5db5-634a-499e-9c82-270b7e626451-SegmentedRaftLogWorker:Storage Directory /workdir/hadoop-ozone/integration-test/target/test-dir/MiniOzoneClusterImpl-802bd29e-af6e-48ad-aaa5-d32a5604ae37/datanode-4/data/ratis/7617b306-71d9-446a-975c-f7494d511093: Starting segment from index:0
2019-08-20 15:54:09,954 INFO  impl.RaftServerImpl (ServerState.java:setRaftConf(361)) - 3cdf5db5-634a-499e-9c82-270b7e626451:group-F7494D511093 set configuration 0: [c79acb33-54d1-498f-8257-7f472001ece8:192.168.5.175:40613, 5ca31ecd-36ff-4b76-99e6-15ea25204cb4:192.168.5.175:45910, 3cdf5db5-634a-499e-9c82-270b7e626451:192.168.5.175:43895], old=null at 0
2019-08-20 15:54:09,994 INFO  segmented.SegmentedRaftLogWorker (SegmentedRaftLogWorker.java:execute(569)) - 3cdf5db5-634a-499e-9c82-270b7e626451-SegmentedRaftLogWorker:Storage Directory /workdir/hadoop-ozone/integration-test/target/test-dir/MiniOzoneClusterImpl-802bd29e-af6e-48ad-aaa5-d32a5604ae37/datanode-4/data/ratis/7617b306-71d9-446a-975c-f7494d511093: created new log segment /workdir/hadoop-ozone/integration-test/target/test-dir/MiniOzoneClusterImpl-802bd29e-af6e-48ad-aaa5-d32a5604ae37/datanode-4/data/ratis/7617b306-71d9-446a-975c-f7494d511093/current/log_inprogress_0
2019-08-20 15:54:09,999 INFO  impl.RaftServerImpl (ServerState.java:setLeader(263)) - c79acb33-54d1-498f-8257-7f472001ece8:group-F7494D511093 change Leader from null to 3cdf5db5-634a-499e-9c82-270b7e626451 at term 1 for appendEntries, leader elected after 5212ms
2019-08-20 15:54:10,000 INFO  impl.RaftServerImpl (ServerState.java:setLeader(263)) - 5ca31ecd-36ff-4b76-99e6-15ea25204cb4:group-F7494D511093 change Leader from null to 3cdf5db5-634a-499e-9c82-270b7e626451 at term 1 for appendEntries, leader elected after 5214ms
2019-08-20 15:54:10,033 INFO  impl.RaftServerImpl (ServerState.java:setRaftConf(361)) - c79acb33-54d1-498f-8257-7f472001ece8:group-F7494D511093 set configuration 0: [c79acb33-54d1-498f-8257-7f472001ece8:192.168.5.175:40613, 5ca31ecd-36ff-4b76-99e6-15ea25204cb4:192.168.5.175:45910, 3cdf5db5-634a-499e-9c82-270b7e626451:192.168.5.175:43895], old=null at 0
2019-08-20 15:54:10,033 INFO  impl.RaftServerImpl (ServerState.java:setRaftConf(361)) - 5ca31ecd-36ff-4b76-99e6-15ea25204cb4:group-F7494D511093 set configuration 0: [c79acb33-54d1-498f-8257-7f472001ece8:192.168.5.175:40613, 5ca31ecd-36ff-4b76-99e6-15ea25204cb4:192.168.5.175:45910, 3cdf5db5-634a-499e-9c82-270b7e626451:192.168.5.175:43895], old=null at 0
2019-08-20 15:54:10,034 INFO  segmented.SegmentedRaftLogWorker (SegmentedRaftLogWorker.java:startLogSegment(380)) - c79acb33-54d1-498f-8257-7f472001ece8-SegmentedRaftLogWorker:Storage Directory /workdir/hadoop-ozone/integration-test/target/test-dir/MiniOzoneClusterImpl-802bd29e-af6e-48ad-aaa5-d32a5604ae37/datanode-1/data/ratis/7617b306-71d9-446a-975c-f7494d511093: Starting segment from index:0
2019-08-20 15:54:10,034 INFO  segmented.SegmentedRaftLogWorker (SegmentedRaftLogWorker.java:startLogSegment(380)) - 5ca31ecd-36ff-4b76-99e6-15ea25204cb4-SegmentedRaftLogWorker:Storage Directory /workdir/hadoop-ozone/integration-test/target/test-dir/MiniOzoneClusterImpl-802bd29e-af6e-48ad-aaa5-d32a5604ae37/datanode-5/data/ratis/7617b306-71d9-446a-975c-f7494d511093: Starting segment from index:0
2019-08-20 15:54:10,070 INFO  segmented.SegmentedRaftLogWorker (SegmentedRaftLogWorker.java:execute(569)) - 5ca31ecd-36ff-4b76-99e6-15ea25204cb4-SegmentedRaftLogWorker:Storage Directory /workdir/hadoop-ozone/integration-test/target/test-dir/MiniOzoneClusterImpl-802bd29e-af6e-48ad-aaa5-d32a5604ae37/datanode-5/data/ratis/7617b306-71d9-446a-975c-f7494d511093: created new log segment /workdir/hadoop-ozone/integration-test/target/test-dir/MiniOzoneClusterImpl-802bd29e-af6e-48ad-aaa5-d32a5604ae37/datanode-5/data/ratis/7617b306-71d9-446a-975c-f7494d511093/current/log_inprogress_0
2019-08-20 15:54:10,070 INFO  segmented.SegmentedRaftLogWorker (SegmentedRaftLogWorker.java:execute(569)) - c79acb33-54d1-498f-8257-7f472001ece8-SegmentedRaftLogWorker:Storage Directory /workdir/hadoop-ozone/integration-test/target/test-dir/MiniOzoneClusterImpl-802bd29e-af6e-48ad-aaa5-d32a5604ae37/datanode-1/data/ratis/7617b306-71d9-446a-975c-f7494d511093: created new log segment /workdir/hadoop-ozone/integration-test/target/test-dir/MiniOzoneClusterImpl-802bd29e-af6e-48ad-aaa5-d32a5604ae37/datanode-1/data/ratis/7617b306-71d9-446a-975c-f7494d511093/current/log_inprogress_0
2019-08-20 15:54:10,308 INFO  client.GrpcClientProtocolClient (GrpcClientProtocolClient.java:onNext(255)) - client-C8195093E043->473c2a47-62d9-46f1-876c-6c914ae7ad5a: receive RaftClientReply:client-C8195093E043->473c2a47-62d9-46f1-876c-6c914ae7ad5a@group-A39E09E04CB6, cid=12, FAILED org.apache.ratis.protocol.NotLeaderException: Server 473c2a47-62d9-46f1-876c-6c914ae7ad5a is not the leader (null). Request must be sent to leader., logIndex=0, commits[473c2a47-62d9-46f1-876c-6c914ae7ad5a:c-1]
2019-08-20 15:54:10,327 WARN  io.KeyOutputStream (KeyOutputStream.java:handleException(276)) - Encountered exception java.io.IOException: Unexpected Storage Container Exception: java.util.concurrent.CompletionException: java.util.concurrent.CompletionException: org.apache.ratis.protocol.RaftRetryFailureException: Failed RaftClientRequest:client-C8195093E043->473c2a47-62d9-46f1-876c-6c914ae7ad5a@group-A39E09E04CB6, cid=12, seq=1*, RW, org.apache.hadoop.hdds.scm.XceiverClientRatis$$Lambda$316/207514021@1a528ea3 for 5 attempts with RetryLimited(maxAttempts=5, sleepTime=1000ms) on the pipeline Pipeline[ Id: faa6948a-36eb-4c76-8101-a39e09e04cb6, Nodes: 473c2a47-62d9-46f1-876c-6c914ae7ad5a{ip: 192.168.5.175, host: pr-hdds-1879-mp8vb-189615265, networkLocation: /default-rack, certSerialId: null}87a44177-3edb-4a60-8a47-052096579d6b{ip: 192.168.5.175, host: pr-hdds-1879-mp8vb-189615265, networkLocation: /default-rack, certSerialId: null}9efa53fa-81aa-4347-9787-785a8fac9bb8{ip: 192.168.5.175, host: pr-hdds-1879-mp8vb-189615265, networkLocation: /default-rack, certSerialId: null}, Type:RATIS, Factor:THREE, State:OPEN]. The last committed block length is 0, uncommitted data length is 2097152 retry count 0
2019-08-20 15:54:10,668 INFO  client.GrpcClientProtocolClient (GrpcClientProtocolClient.java:onNext(255)) - client-DCCC7DA09C57->3cdf5db5-634a-499e-9c82-270b7e626451: receive RaftClientReply:client-DCCC7DA09C57->3cdf5db5-634a-499e-9c82-270b7e626451@group-F7494D511093, cid=16, SUCCESS, logIndex=1, commits[3cdf5db5-634a-499e-9c82-270b7e626451:c1, c79acb33-54d1-498f-8257-7f472001ece8:c0, 5ca31ecd-36ff-4b76-99e6-15ea25204cb4:c0]
2019-08-20 15:54:10,787 INFO  client.GrpcClientProtocolClient (GrpcClientProtocolClient.java:onNext(255)) - client-DCCC7DA09C57->3cdf5db5-634a-499e-9c82-270b7e626451: receive RaftClientReply:client-DCCC7DA09C57->3cdf5db5-634a-499e-9c82-270b7e626451@group-F7494D511093, cid=17, SUCCESS, logIndex=3, commits[3cdf5db5-634a-499e-9c82-270b7e626451:c8, c79acb33-54d1-498f-8257-7f472001ece8:c6, 5ca31ecd-36ff-4b76-99e6-15ea25204cb4:c6]
2019-08-20 15:54:10,794 INFO  client.GrpcClientProtocolClient (GrpcClientProtocolClient.java:onNext(255)) - client-DCCC7DA09C57->3cdf5db5-634a-499e-9c82-270b7e626451: receive RaftClientReply:client-DCCC7DA09C57->3cdf5db5-634a-499e-9c82-270b7e626451@group-F7494D511093, cid=18, SUCCESS, logIndex=4, commits[3cdf5db5-634a-499e-9c82-270b7e626451:c8, c79acb33-54d1-498f-8257-7f472001ece8:c6, 5ca31ecd-36ff-4b76-99e6-15ea25204cb4:c6]
2019-08-20 15:54:10,857 INFO  client.GrpcClientProtocolClient (GrpcClientProtocolClient.java:onNext(255)) - client-DCCC7DA09C57->3cdf5db5-634a-499e-9c82-270b7e626451: receive RaftClientReply:client-DCCC7DA09C57->3cdf5db5-634a-499e-9c82-270b7e626451@group-F7494D511093, cid=19, SUCCESS, logIndex=5, commits[3cdf5db5-634a-499e-9c82-270b7e626451:c8, c79acb33-54d1-498f-8257-7f472001ece8:c6, 5ca31ecd-36ff-4b76-99e6-15ea25204cb4:c6]
2019-08-20 15:54:10,909 INFO  client.GrpcClientProtocolClient (GrpcClientProtocolClient.java:onNext(255)) - client-DCCC7DA09C57->3cdf5db5-634a-499e-9c82-270b7e626451: receive RaftClientReply:client-DCCC7DA09C57->3cdf5db5-634a-499e-9c82-270b7e626451@group-F7494D511093, cid=20, SUCCESS, logIndex=9, commits[3cdf5db5-634a-499e-9c82-270b7e626451:c11, c79acb33-54d1-498f-8257-7f472001ece8:c8, 5ca31ecd-36ff-4b76-99e6-15ea25204cb4:c8]
2019-08-20 15:54:10,912 INFO  client.GrpcClientProtocolClient (GrpcClientProtocolClient.java:onNext(255)) - client-DCCC7DA09C57->3cdf5db5-634a-499e-9c82-270b7e626451: receive RaftClientReply:client-DCCC7DA09C57->3cdf5db5-634a-499e-9c82-270b7e626451@group-F7494D511093, cid=21, SUCCESS, logIndex=10, commits[3cdf5db5-634a-499e-9c82-270b7e626451:c12, c79acb33-54d1-498f-8257-7f472001ece8:c8, 5ca31ecd-36ff-4b76-99e6-15ea25204cb4:c8]
2019-08-20 15:54:10,916 INFO  client.GrpcClientProtocolClient (GrpcClientProtocolClient.java:onNext(255)) - client-DCCC7DA09C57->3cdf5db5-634a-499e-9c82-270b7e626451: receive RaftClientReply:client-DCCC7DA09C57->3cdf5db5-634a-499e-9c82-270b7e626451@group-F7494D511093, cid=22, SUCCESS, logIndex=11, commits[3cdf5db5-634a-499e-9c82-270b7e626451:c12, c79acb33-54d1-498f-8257-7f472001ece8:c9, 5ca31ecd-36ff-4b76-99e6-15ea25204cb4:c8]
2019-08-20 15:54:10,918 INFO  client.GrpcClientProtocolClient (GrpcClientProtocolClient.java:onNext(255)) - client-DCCC7DA09C57->3cdf5db5-634a-499e-9c82-270b7e626451: receive RaftClientReply:client-DCCC7DA09C57->3cdf5db5-634a-499e-9c82-270b7e626451@group-F7494D511093, cid=23, SUCCESS, logIndex=12, commits[3cdf5db5-634a-499e-9c82-270b7e626451:c13, c79acb33-54d1-498f-8257-7f472001ece8:c9, 5ca31ecd-36ff-4b76-99e6-15ea25204cb4:c8]
2019-08-20 15:54:10,938 INFO  client.GrpcClientProtocolClient (GrpcClientProtocolClient.java:onNext(255)) - client-DCCC7DA09C57->3cdf5db5-634a-499e-9c82-270b7e626451: receive RaftClientReply:client-DCCC7DA09C57->3cdf5db5-634a-499e-9c82-270b7e626451@group-F7494D511093, cid=24, SUCCESS, logIndex=0, commits[3cdf5db5-634a-499e-9c82-270b7e626451:c16, c79acb33-54d1-498f-8257-7f472001ece8:c12, 5ca31ecd-36ff-4b76-99e6-15ea25204cb4:c12]
2019-08-20 15:54:10,943 INFO  client.GrpcClientProtocolClient (GrpcClientProtocolClient.java:onNext(255)) - client-DCCC7DA09C57->3cdf5db5-634a-499e-9c82-270b7e626451: receive RaftClientReply:client-DCCC7DA09C57->3cdf5db5-634a-499e-9c82-270b7e626451@group-F7494D511093, cid=25, SUCCESS, logIndex=0, commits[3cdf5db5-634a-499e-9c82-270b7e626451:c16, c79acb33-54d1-498f-8257-7f472001ece8:c12, 5ca31ecd-36ff-4b76-99e6-15ea25204cb4:c12]
2019-08-20 15:54:10,955 INFO  datanode.ObjectStoreHandler (ObjectStoreHandler.java:close(155)) - Closing ObjectStoreHandler.
2019-08-20 15:54:10,956 INFO  ozone.HddsDatanodeService (HddsDatanodeService.java:stop(451)) - Stopped plug-in org.apache.hadoop.ozone.web.OzoneHddsDatanodeService@70c29356
2019-08-20 15:54:11,051 INFO  statemachine.DatanodeStateMachine (DatanodeStateMachine.java:lambda$startDaemon$0(350)) - Ozone container server started.
2019-08-20 15:54:11,072 INFO  client.GrpcClientProtocolClient (GrpcClientProtocolClient.java:onNext(255)) - client-DCCC7DA09C57->3cdf5db5-634a-499e-9c82-270b7e626451: receive RaftClientReply:client-DCCC7DA09C57->3cdf5db5-634a-499e-9c82-270b7e626451@group-F7494D511093, cid=26, SUCCESS, logIndex=17, commits[3cdf5db5-634a-499e-9c82-270b7e626451:c18, c79acb33-54d1-498f-8257-7f472001ece8:c16, 5ca31ecd-36ff-4b76-99e6-15ea25204cb4:c12]
2019-08-20 15:54:11,102 INFO  client.GrpcClientProtocolClient (GrpcClientProtocolClient.java:onNext(255)) - client-DCCC7DA09C57->3cdf5db5-634a-499e-9c82-270b7e626451: receive RaftClientReply:client-DCCC7DA09C57->3cdf5db5-634a-499e-9c82-270b7e626451@group-F7494D511093, cid=27, SUCCESS, logIndex=18, commits[3cdf5db5-634a-499e-9c82-270b7e626451:c20, c79acb33-54d1-498f-8257-7f472001ece8:c18, 5ca31ecd-36ff-4b76-99e6-15ea25204cb4:c18]
2019-08-20 15:54:14,944 INFO  impl.FollowerState (FollowerState.java:run(106)) - 473c2a47-62d9-46f1-876c-6c914ae7ad5a:group-A39E09E04CB6 changes to CANDIDATE, lastRpcTime:5003, electionTimeout:5001ms
2019-08-20 15:54:14,944 INFO  impl.RoleInfo (RoleInfo.java:shutdownFollowerState(121)) - 473c2a47-62d9-46f1-876c-6c914ae7ad5a: shutdown FollowerState
2019-08-20 15:54:14,944 INFO  impl.RaftServerImpl (RaftServerImpl.java:setRole(171)) - 473c2a47-62d9-46f1-876c-6c914ae7ad5a:group-A39E09E04CB6 changes role from FOLLOWER to CANDIDATE at term 1 for changeToCandidate
2019-08-20 15:54:14,945 INFO  impl.RoleInfo (RoleInfo.java:updateAndGet(143)) - 473c2a47-62d9-46f1-876c-6c914ae7ad5a: start LeaderElection
2019-08-20 15:54:14,963 INFO  impl.LeaderElection (LeaderElection.java:askForVotes(181)) - 473c2a47-62d9-46f1-876c-6c914ae7ad5a:group-A39E09E04CB6:LeaderElection11: begin an election at term 2 for -1: [87a44177-3edb-4a60-8a47-052096579d6b:192.168.5.175:46164, 9efa53fa-81aa-4347-9787-785a8fac9bb8:192.168.5.175:46169, 473c2a47-62d9-46f1-876c-6c914ae7ad5a:192.168.5.175:43061], old=null
2019-08-20 15:54:14,970 INFO  impl.RaftServerImpl (RaftServerImpl.java:setRole(171)) - 9efa53fa-81aa-4347-9787-785a8fac9bb8:group-A39E09E04CB6 changes role from FOLLOWER to FOLLOWER at term 2 for recognizeCandidate:473c2a47-62d9-46f1-876c-6c914ae7ad5a
2019-08-20 15:54:14,970 INFO  impl.RaftServerImpl (RaftServerImpl.java:setRole(171)) - 87a44177-3edb-4a60-8a47-052096579d6b:group-A39E09E04CB6 changes role from FOLLOWER to FOLLOWER at term 2 for recognizeCandidate:473c2a47-62d9-46f1-876c-6c914ae7ad5a
2019-08-20 15:54:14,971 INFO  impl.RoleInfo (RoleInfo.java:shutdownFollowerState(121)) - 9efa53fa-81aa-4347-9787-785a8fac9bb8: shutdown FollowerState
2019-08-20 15:54:14,971 INFO  impl.RoleInfo (RoleInfo.java:shutdownFollowerState(121)) - 87a44177-3edb-4a60-8a47-052096579d6b: shutdown FollowerState
2019-08-20 15:54:14,971 INFO  impl.RoleInfo (RoleInfo.java:updateAndGet(143)) - 9efa53fa-81aa-4347-9787-785a8fac9bb8: start FollowerState
2019-08-20 15:54:14,971 INFO  impl.RoleInfo (RoleInfo.java:updateAndGet(143)) - 87a44177-3edb-4a60-8a47-052096579d6b: start FollowerState
2019-08-20 15:54:14,972 INFO  impl.FollowerState (FollowerState.java:run(114)) - 87a44177-3edb-4a60-8a47-052096579d6b: FollowerState was interrupted: java.lang.InterruptedException: sleep interrupted
2019-08-20 15:54:14,971 INFO  impl.FollowerState (FollowerState.java:run(114)) - 9efa53fa-81aa-4347-9787-785a8fac9bb8: FollowerState was interrupted: java.lang.InterruptedException: sleep interrupted
2019-08-20 15:54:14,992 INFO  impl.LeaderElection (LeaderElection.java:logAndReturn(56)) - 473c2a47-62d9-46f1-876c-6c914ae7ad5a:group-A39E09E04CB6:LeaderElection11: Election PASSED; received 1 response(s) [473c2a47-62d9-46f1-876c-6c914ae7ad5a<-9efa53fa-81aa-4347-9787-785a8fac9bb8#0:OK-t2] and 0 exception(s); 473c2a47-62d9-46f1-876c-6c914ae7ad5a:t2, leader=null, voted=473c2a47-62d9-46f1-876c-6c914ae7ad5a, raftlog=473c2a47-62d9-46f1-876c-6c914ae7ad5a-SegmentedRaftLog:OPENED:c-1,f-1,i0, conf=-1: [87a44177-3edb-4a60-8a47-052096579d6b:192.168.5.175:46164, 9efa53fa-81aa-4347-9787-785a8fac9bb8:192.168.5.175:46169, 473c2a47-62d9-46f1-876c-6c914ae7ad5a:192.168.5.175:43061], old=null
2019-08-20 15:54:14,992 INFO  impl.RoleInfo (RoleInfo.java:shutdownLeaderElection(134)) - 473c2a47-62d9-46f1-876c-6c914ae7ad5a: shutdown LeaderElection
2019-08-20 15:54:15,006 INFO  impl.RaftServerImpl (RaftServerImpl.java:setRole(171)) - 473c2a47-62d9-46f1-876c-6c914ae7ad5a:group-A39E09E04CB6 changes role from CANDIDATE to LEADER at term 2 for changeToLeader
2019-08-20 15:54:15,006 INFO  impl.RaftServerImpl (ServerState.java:setLeader(263)) - 473c2a47-62d9-46f1-876c-6c914ae7ad5a:group-A39E09E04CB6 change Leader from null to 473c2a47-62d9-46f1-876c-6c914ae7ad5a at term 2 for becomeLeader, leader elected after 10307ms
2019-08-20 15:54:15,006 INFO  server.RaftServerConfigKeys (ConfUtils.java:logGet(43)) - raft.server.staging.catchup.gap = 1000 (default)
2019-08-20 15:54:15,006 INFO  server.RaftServerConfigKeys (ConfUtils.java:logGet(43)) - raft.server.rpc.sleep.time = 25ms (default)
2019-08-20 15:54:15,007 INFO  server.RaftServerConfigKeys (ConfUtils.java:logGet(43)) - raft.server.write.element-limit = 4096 (default)
2019-08-20 15:54:15,007 INFO  server.RaftServerConfigKeys (ConfUtils.java:logGet(43)) - raft.server.watch.timeout = 10s (default)
2019-08-20 15:54:15,007 INFO  server.RaftServerConfigKeys (ConfUtils.java:logGet(43)) - raft.server.watch.timeout.denomination = 1s (default)
2019-08-20 15:54:15,007 INFO  server.RaftServerConfigKeys (ConfUtils.java:logGet(43)) - raft.server.watch.element-limit = 65536 (default)
2019-08-20 15:54:15,008 INFO  server.RaftServerConfigKeys (ConfUtils.java:logGet(43)) - raft.server.log.appender.snapshot.chunk.size.max = 16MB (=16777216) (default)
2019-08-20 15:54:15,008 INFO  server.RaftServerConfigKeys (ConfUtils.java:logGet(43)) - raft.server.log.appender.buffer.byte-limit = 33554432 (custom)
2019-08-20 15:54:15,008 INFO  server.RaftServerConfigKeys (ConfUtils.java:logGet(43)) - raft.server.log.appender.buffer.element-limit = 1 (custom)
2019-08-20 15:54:15,009 INFO  grpc.GrpcConfigKeys$Server (ConfUtils.java:logGet(43)) - raft.grpc.server.leader.outstanding.appends.max = 128 (default)
2019-08-20 15:54:15,009 INFO  server.RaftServerConfigKeys (ConfUtils.java:logGet(43)) - raft.server.rpc.request.timeout = 3000ms (default)
2019-08-20 15:54:15,009 INFO  server.RaftServerConfigKeys (ConfUtils.java:logGet(43)) - raft.server.log.appender.install.snapshot.enabled = false (custom)
2019-08-20 15:54:15,009 INFO  server.RaftServerConfigKeys (ConfUtils.java:logGet(43)) - raft.server.log.appender.snapshot.chunk.size.max = 16MB (=16777216) (default)
2019-08-20 15:54:15,009 INFO  server.RaftServerConfigKeys (ConfUtils.java:logGet(43)) - raft.server.log.appender.buffer.byte-limit = 33554432 (custom)
2019-08-20 15:54:15,010 INFO  server.RaftServerConfigKeys (ConfUtils.java:logGet(43)) - raft.server.log.appender.buffer.element-limit = 1 (custom)
2019-08-20 15:54:15,010 INFO  grpc.GrpcConfigKeys$Server (ConfUtils.java:logGet(43)) - raft.grpc.server.leader.outstanding.appends.max = 128 (default)
2019-08-20 15:54:15,010 INFO  server.RaftServerConfigKeys (ConfUtils.java:logGet(43)) - raft.server.rpc.request.timeout = 3000ms (default)
2019-08-20 15:54:15,010 INFO  server.RaftServerConfigKeys (ConfUtils.java:logGet(43)) - raft.server.log.appender.install.snapshot.enabled = false (custom)
2019-08-20 15:54:15,011 INFO  impl.RoleInfo (RoleInfo.java:updateAndGet(143)) - 473c2a47-62d9-46f1-876c-6c914ae7ad5a: start LeaderState
2019-08-20 15:54:15,011 INFO  segmented.SegmentedRaftLogWorker (SegmentedRaftLogWorker.java:startLogSegment(380)) - 473c2a47-62d9-46f1-876c-6c914ae7ad5a-SegmentedRaftLogWorker:Storage Directory /workdir/hadoop-ozone/integration-test/target/test-dir/MiniOzoneClusterImpl-802bd29e-af6e-48ad-aaa5-d32a5604ae37/datanode-0/data/ratis/faa6948a-36eb-4c76-8101-a39e09e04cb6: Starting segment from index:0
2019-08-20 15:54:15,013 INFO  impl.RaftServerImpl (ServerState.java:setRaftConf(361)) - 473c2a47-62d9-46f1-876c-6c914ae7ad5a:group-A39E09E04CB6 set configuration 0: [87a44177-3edb-4a60-8a47-052096579d6b:192.168.5.175:46164, 9efa53fa-81aa-4347-9787-785a8fac9bb8:192.168.5.175:46169, 473c2a47-62d9-46f1-876c-6c914ae7ad5a:192.168.5.175:43061], old=null at 0
2019-08-20 15:54:15,015 INFO  impl.RaftServerImpl (ServerState.java:setLeader(263)) - 87a44177-3edb-4a60-8a47-052096579d6b:group-A39E09E04CB6 change Leader from null to 473c2a47-62d9-46f1-876c-6c914ae7ad5a at term 2 for appendEntries, leader elected after 10317ms
2019-08-20 15:54:15,015 INFO  impl.RaftServerImpl (ServerState.java:setLeader(263)) - 9efa53fa-81aa-4347-9787-785a8fac9bb8:group-A39E09E04CB6 change Leader from null to 473c2a47-62d9-46f1-876c-6c914ae7ad5a at term 2 for appendEntries, leader elected after 10317ms
2019-08-20 15:54:15,049 INFO  impl.RaftServerImpl (ServerState.java:setRaftConf(361)) - 87a44177-3edb-4a60-8a47-052096579d6b:group-A39E09E04CB6 set configuration 0: [87a44177-3edb-4a60-8a47-052096579d6b:192.168.5.175:46164, 9efa53fa-81aa-4347-9787-785a8fac9bb8:192.168.5.175:46169, 473c2a47-62d9-46f1-876c-6c914ae7ad5a:192.168.5.175:43061], old=null at 0
2019-08-20 15:54:15,050 INFO  segmented.SegmentedRaftLogWorker (SegmentedRaftLogWorker.java:startLogSegment(380)) - 87a44177-3edb-4a60-8a47-052096579d6b-SegmentedRaftLogWorker:Storage Directory /workdir/hadoop-ozone/integration-test/target/test-dir/MiniOzoneClusterImpl-802bd29e-af6e-48ad-aaa5-d32a5604ae37/datanode-2/data/ratis/faa6948a-36eb-4c76-8101-a39e09e04cb6: Starting segment from index:0
2019-08-20 15:54:15,050 INFO  impl.RaftServerImpl (ServerState.java:setRaftConf(361)) - 9efa53fa-81aa-4347-9787-785a8fac9bb8:group-A39E09E04CB6 set configuration 0: [87a44177-3edb-4a60-8a47-052096579d6b:192.168.5.175:46164, 9efa53fa-81aa-4347-9787-785a8fac9bb8:192.168.5.175:46169, 473c2a47-62d9-46f1-876c-6c914ae7ad5a:192.168.5.175:43061], old=null at 0
2019-08-20 15:54:15,050 INFO  segmented.SegmentedRaftLogWorker (SegmentedRaftLogWorker.java:startLogSegment(380)) - 9efa53fa-81aa-4347-9787-785a8fac9bb8-SegmentedRaftLogWorker:Storage Directory /workdir/hadoop-ozone/integration-test/target/test-dir/MiniOzoneClusterImpl-802bd29e-af6e-48ad-aaa5-d32a5604ae37/datanode-3/data/ratis/faa6948a-36eb-4c76-8101-a39e09e04cb6: Starting segment from index:0
2019-08-20 15:54:15,058 INFO  segmented.SegmentedRaftLogWorker (SegmentedRaftLogWorker.java:execute(569)) - 473c2a47-62d9-46f1-876c-6c914ae7ad5a-SegmentedRaftLogWorker:Storage Directory /workdir/hadoop-ozone/integration-test/target/test-dir/MiniOzoneClusterImpl-802bd29e-af6e-48ad-aaa5-d32a5604ae37/datanode-0/data/ratis/faa6948a-36eb-4c76-8101-a39e09e04cb6: created new log segment /workdir/hadoop-ozone/integration-test/target/test-dir/MiniOzoneClusterImpl-802bd29e-af6e-48ad-aaa5-d32a5604ae37/datanode-0/data/ratis/faa6948a-36eb-4c76-8101-a39e09e04cb6/current/log_inprogress_0
2019-08-20 15:54:15,103 INFO  segmented.SegmentedRaftLogWorker (SegmentedRaftLogWorker.java:execute(569)) - 87a44177-3edb-4a60-8a47-052096579d6b-SegmentedRaftLogWorker:Storage Directory /workdir/hadoop-ozone/integration-test/target/test-dir/MiniOzoneClusterImpl-802bd29e-af6e-48ad-aaa5-d32a5604ae37/datanode-2/data/ratis/faa6948a-36eb-4c76-8101-a39e09e04cb6: created new log segment /workdir/hadoop-ozone/integration-test/target/test-dir/MiniOzoneClusterImpl-802bd29e-af6e-48ad-aaa5-d32a5604ae37/datanode-2/data/ratis/faa6948a-36eb-4c76-8101-a39e09e04cb6/current/log_inprogress_0
2019-08-20 15:54:15,103 INFO  segmented.SegmentedRaftLogWorker (SegmentedRaftLogWorker.java:execute(569)) - 9efa53fa-81aa-4347-9787-785a8fac9bb8-SegmentedRaftLogWorker:Storage Directory /workdir/hadoop-ozone/integration-test/target/test-dir/MiniOzoneClusterImpl-802bd29e-af6e-48ad-aaa5-d32a5604ae37/datanode-3/data/ratis/faa6948a-36eb-4c76-8101-a39e09e04cb6: created new log segment /workdir/hadoop-ozone/integration-test/target/test-dir/MiniOzoneClusterImpl-802bd29e-af6e-48ad-aaa5-d32a5604ae37/datanode-3/data/ratis/faa6948a-36eb-4c76-8101-a39e09e04cb6/current/log_inprogress_0
2019-08-20 15:54:15,968 INFO  ozoneimpl.OzoneContainer (OzoneContainer.java:stop(199)) - Attempting to stop container services.
2019-08-20 15:54:15,972 INFO  impl.RaftServerProxy (RaftServerProxy.java:lambda$close$4(314)) - 3cdf5db5-634a-499e-9c82-270b7e626451: close
2019-08-20 15:54:15,974 INFO  impl.RaftServerImpl (RaftServerImpl.java:lambda$shutdown$3(245)) - 3cdf5db5-634a-499e-9c82-270b7e626451: shutdown group-F7494D511093
2019-08-20 15:54:15,974 INFO  impl.RaftServerImpl (RaftServerImpl.java:lambda$shutdown$3(245)) - 3cdf5db5-634a-499e-9c82-270b7e626451: shutdown group-01100526C214
2019-08-20 15:54:15,977 INFO  util.JmxRegister (JmxRegister.java:unregister(73)) - Successfully un-registered JMX Bean with object name Ratis:service=RaftServer,group=group-F7494D511093,id=3cdf5db5-634a-499e-9c82-270b7e626451
2019-08-20 15:54:15,977 INFO  util.JmxRegister (JmxRegister.java:unregister(73)) - Successfully un-registered JMX Bean with object name Ratis:service=RaftServer,group=group-01100526C214,id=3cdf5db5-634a-499e-9c82-270b7e626451
2019-08-20 15:54:15,977 INFO  impl.RoleInfo (RoleInfo.java:shutdownLeaderState(104)) - 3cdf5db5-634a-499e-9c82-270b7e626451: shutdown LeaderState
2019-08-20 15:54:15,978 INFO  impl.RoleInfo (RoleInfo.java:shutdownLeaderState(104)) - 3cdf5db5-634a-499e-9c82-270b7e626451: shutdown LeaderState
2019-08-20 15:54:15,982 INFO  impl.PendingRequests (PendingRequests.java:sendNotLeaderResponses(202)) - 3cdf5db5-634a-499e-9c82-270b7e626451-PendingRequests: sendNotLeaderResponses
2019-08-20 15:54:15,984 WARN  server.GrpcLogAppender (GrpcLogAppender.java:mayWait(143)) - GrpcLogAppender(3cdf5db5-634a-499e-9c82-270b7e626451->5ca31ecd-36ff-4b76-99e6-15ea25204cb4): Wait interrupted by java.lang.InterruptedException
2019-08-20 15:54:15,984 WARN  server.GrpcLogAppender (GrpcLogAppender.java:mayWait(143)) - GrpcLogAppender(3cdf5db5-634a-499e-9c82-270b7e626451->c79acb33-54d1-498f-8257-7f472001ece8): Wait interrupted by java.lang.InterruptedException
2019-08-20 15:54:15,982 INFO  impl.PendingRequests (PendingRequests.java:sendNotLeaderResponses(202)) - 3cdf5db5-634a-499e-9c82-270b7e626451-PendingRequests: sendNotLeaderResponses
2019-08-20 15:54:15,996 INFO  server.GrpcServerProtocolService (GrpcServerProtocolService.java:onCompleted(104)) - c79acb33-54d1-498f-8257-7f472001ece8: appendEntries completed
2019-08-20 15:54:15,996 INFO  server.GrpcServerProtocolService (GrpcServerProtocolService.java:onCompleted(104)) - 5ca31ecd-36ff-4b76-99e6-15ea25204cb4: appendEntries completed
2019-08-20 15:54:16,002 INFO  impl.StateMachineUpdater (StateMachineUpdater.java:stopAndJoin(115)) - StateMachineUpdater:3cdf5db5-634a-499e-9c82-270b7e626451:group-01100526C214: set stopIndex = 0
2019-08-20 15:54:16,002 INFO  impl.StateMachineUpdater (StateMachineUpdater.java:stopAndJoin(115)) - StateMachineUpdater:3cdf5db5-634a-499e-9c82-270b7e626451:group-F7494D511093: set stopIndex = 20
2019-08-20 15:54:16,006 INFO  impl.RaftServerImpl (ServerState.java:close(394)) - 3cdf5db5-634a-499e-9c82-270b7e626451:group-01100526C214 closes. The last applied log index is 0
2019-08-20 15:54:16,006 INFO  ratis.ContainerStateMachine (ContainerStateMachine.java:takeSnapshot(272)) - group-F7494D511093: Taking a snapshot at:(t:1, i:20) file /workdir/hadoop-ozone/integration-test/target/test-dir/MiniOzoneClusterImpl-802bd29e-af6e-48ad-aaa5-d32a5604ae37/datanode-4/data/ratis/7617b306-71d9-446a-975c-f7494d511093/sm/snapshot.1_20
2019-08-20 15:54:16,009 INFO  server.GrpcLogAppender (GrpcLogAppender.java:onCompleted(292)) - 3cdf5db5-634a-499e-9c82-270b7e626451->5ca31ecd-36ff-4b76-99e6-15ea25204cb4: follower responses appendEntries COMPLETED
2019-08-20 15:54:16,007 INFO  server.GrpcLogAppender (GrpcLogAppender.java:onCompleted(292)) - 3cdf5db5-634a-499e-9c82-270b7e626451->c79acb33-54d1-498f-8257-7f472001ece8: follower responses appendEntries COMPLETED
2019-08-20 15:54:16,019 INFO  impl.FollowerInfo (FollowerInfo.java:lambda$new$0(50)) - 3cdf5db5-634a-499e-9c82-270b7e626451->c79acb33-54d1-498f-8257-7f472001ece8: nextIndex: updateUnconditionally 21 -> 20
2019-08-20 15:54:16,019 INFO  impl.FollowerInfo (FollowerInfo.java:lambda$new$0(50)) - 3cdf5db5-634a-499e-9c82-270b7e626451->5ca31ecd-36ff-4b76-99e6-15ea25204cb4: nextIndex: updateUnconditionally 21 -> 20
2019-08-20 15:54:16,023 INFO  segmented.SegmentedRaftLogWorker (SegmentedRaftLogWorker.java:run(313)) - 3cdf5db5-634a-499e-9c82-270b7e626451-SegmentedRaftLogWorker:Storage Directory /workdir/hadoop-ozone/integration-test/target/test-dir/MiniOzoneClusterImpl-802bd29e-af6e-48ad-aaa5-d32a5604ae37/datanode-4/data/ratis/8cb4d63c-e84c-4c5a-aba4-01100526c214 was interrupted, exiting. There are 0 tasks remaining in the queue.
2019-08-20 15:54:16,026 INFO  segmented.SegmentedRaftLogWorker (SegmentedRaftLogWorker.java:close(228)) - 3cdf5db5-634a-499e-9c82-270b7e626451-SegmentedRaftLogWorker:Storage Directory /workdir/hadoop-ozone/integration-test/target/test-dir/MiniOzoneClusterImpl-802bd29e-af6e-48ad-aaa5-d32a5604ae37/datanode-4/data/ratis/8cb4d63c-e84c-4c5a-aba4-01100526c214 close()
2019-08-20 15:54:16,052 INFO  ratis.ContainerStateMachine (ContainerStateMachine.java:takeSnapshot(283)) - group-F7494D511093: Finished taking a snapshot at:(t:1, i:20) file:/workdir/hadoop-ozone/integration-test/target/test-dir/MiniOzoneClusterImpl-802bd29e-af6e-48ad-aaa5-d32a5604ae37/datanode-4/data/ratis/7617b306-71d9-446a-975c-f7494d511093/sm/snapshot.1_20 time:48
2019-08-20 15:54:16,052 INFO  impl.StateMachineUpdater (StateMachineUpdater.java:takeSnapshot(242)) - StateMachineUpdater:3cdf5db5-634a-499e-9c82-270b7e626451:group-F7494D511093: Took a snapshot at index 20
2019-08-20 15:54:16,053 INFO  impl.StateMachineUpdater (StateMachineUpdater.java:lambda$new$0(80)) - StateMachineUpdater:3cdf5db5-634a-499e-9c82-270b7e626451:group-F7494D511093: snapshotIndex: updateIncreasingly -1 -> 20
2019-08-20 15:54:16,059 INFO  impl.RaftServerImpl (ServerState.java:close(394)) - 3cdf5db5-634a-499e-9c82-270b7e626451:group-F7494D511093 closes. The last applied log index is 20
2019-08-20 15:54:16,059 INFO  segmented.SegmentedRaftLogWorker (SegmentedRaftLogWorker.java:run(313)) - 3cdf5db5-634a-499e-9c82-270b7e626451-SegmentedRaftLogWorker:Storage Directory /workdir/hadoop-ozone/integration-test/target/test-dir/MiniOzoneClusterImpl-802bd29e-af6e-48ad-aaa5-d32a5604ae37/datanode-4/data/ratis/7617b306-71d9-446a-975c-f7494d511093 was interrupted, exiting. There are 0 tasks remaining in the queue.
2019-08-20 15:54:16,061 INFO  segmented.SegmentedRaftLogWorker (SegmentedRaftLogWorker.java:close(228)) - 3cdf5db5-634a-499e-9c82-270b7e626451-SegmentedRaftLogWorker:Storage Directory /workdir/hadoop-ozone/integration-test/target/test-dir/MiniOzoneClusterImpl-802bd29e-af6e-48ad-aaa5-d32a5604ae37/datanode-4/data/ratis/7617b306-71d9-446a-975c-f7494d511093 close()
2019-08-20 15:54:16,065 INFO  server.GrpcService (GrpcService.java:closeImpl(155)) - 3cdf5db5-634a-499e-9c82-270b7e626451: shutdown server with port 43895 now
2019-08-20 15:54:16,073 INFO  server.GrpcService (GrpcService.java:closeImpl(163)) - 3cdf5db5-634a-499e-9c82-270b7e626451: shutdown server with port 43895 successfully
2019-08-20 15:54:16,073 WARN  client.GrpcClientProtocolService (LogUtils.java:warn(134)) - 1-UnorderedRequestStreamObserver1: onError: org.apache.ratis.thirdparty.io.grpc.StatusRuntimeException: CANCELLED: cancelled before receiving half close
2019-08-20 15:54:16,077 INFO  utils.BackgroundService (BackgroundService.java:shutdown(148)) - Shutting down service BlockDeletingService
2019-08-20 15:54:16,078 WARN  fs.CachingGetSpaceUsed (CachingGetSpaceUsed.java:run(183)) - Thread Interrupted waiting to refresh disk information: sleep interrupted
2019-08-20 15:54:16,100 INFO  statemachine.DatanodeStateMachine (DatanodeStateMachine.java:stopDaemon(395)) - Ozone container server stopped.
2019-08-20 15:54:16,103 INFO  handler.ContextHandler (ContextHandler.java:doStop(910)) - Stopped o.e.j.w.WebAppContext@17c4dc5b{/,null,UNAVAILABLE}{/hddsDatanode}
2019-08-20 15:54:16,109 INFO  server.AbstractConnector (AbstractConnector.java:doStop(318)) - Stopped ServerConnector@6b0f266e{HTTP/1.1,[http/1.1]}{0.0.0.0:0}
2019-08-20 15:54:16,109 INFO  handler.ContextHandler (ContextHandler.java:doStop(910)) - Stopped o.e.j.s.ServletContextHandler@2bd8f7db{/static,jar:file:/home/user/.m2/repository/org/apache/hadoop/hadoop-hdds-container-service/0.5.0-SNAPSHOT/hadoop-hdds-container-service-0.5.0-SNAPSHOT.jar!/webapps/static,UNAVAILABLE}
2019-08-20 15:54:16,109 INFO  handler.ContextHandler (ContextHandler.java:doStop(910)) - Stopped o.e.j.s.ServletContextHandler@bbb6f0{/logs,file:///workdir/hadoop-ozone/integration-test/target/log,UNAVAILABLE}
2019-08-20 15:54:16,111 INFO  datanode.ObjectStoreHandler (ObjectStoreHandler.java:close(155)) - Closing ObjectStoreHandler.
2019-08-20 15:54:16,111 INFO  ozone.HddsDatanodeService (HddsDatanodeService.java:stop(451)) - Stopped plug-in org.apache.hadoop.ozone.web.OzoneHddsDatanodeService@382dc417
2019-08-20 15:54:17,056 INFO  statemachine.DatanodeStateMachine (DatanodeStateMachine.java:lambda$startDaemon$0(350)) - Ozone container server started.
2019-08-20 15:54:20,037 INFO  impl.FollowerState (FollowerState.java:run(106)) - 5ca31ecd-36ff-4b76-99e6-15ea25204cb4:group-F7494D511093 changes to CANDIDATE, lastRpcTime:6454, electionTimeout:5029ms
2019-08-20 15:54:20,038 INFO  impl.RoleInfo (RoleInfo.java:shutdownFollowerState(121)) - 5ca31ecd-36ff-4b76-99e6-15ea25204cb4: shutdown FollowerState
2019-08-20 15:54:20,038 INFO  impl.RaftServerImpl (RaftServerImpl.java:setRole(171)) - 5ca31ecd-36ff-4b76-99e6-15ea25204cb4:group-F7494D511093 changes role from FOLLOWER to CANDIDATE at term 1 for changeToCandidate
2019-08-20 15:54:20,038 INFO  impl.RoleInfo (RoleInfo.java:updateAndGet(143)) - 5ca31ecd-36ff-4b76-99e6-15ea25204cb4: start LeaderElection
2019-08-20 15:54:20,040 INFO  impl.RaftServerImpl (ServerState.java:setLeader(263)) - 5ca31ecd-36ff-4b76-99e6-15ea25204cb4:group-F7494D511093 change Leader from 3cdf5db5-634a-499e-9c82-270b7e626451 to null at term 1 for initElection
2019-08-20 15:54:20,055 INFO  impl.LeaderElection (LeaderElection.java:askForVotes(181)) - 5ca31ecd-36ff-4b76-99e6-15ea25204cb4:group-F7494D511093:LeaderElection12: begin an election at term 2 for 0: [c79acb33-54d1-498f-8257-7f472001ece8:192.168.5.175:40613, 5ca31ecd-36ff-4b76-99e6-15ea25204cb4:192.168.5.175:45910, 3cdf5db5-634a-499e-9c82-270b7e626451:192.168.5.175:43895], old=null
2019-08-20 15:54:20,066 INFO  impl.RaftServerImpl (ServerState.java:setLeader(263)) - c79acb33-54d1-498f-8257-7f472001ece8:group-F7494D511093 change Leader from 3cdf5db5-634a-499e-9c82-270b7e626451 to null at term 2 for updateCurrentTerm
2019-08-20 15:54:20,067 INFO  impl.RaftServerImpl (RaftServerImpl.java:setRole(171)) - c79acb33-54d1-498f-8257-7f472001ece8:group-F7494D511093 changes role from FOLLOWER to FOLLOWER at term 2 for recognizeCandidate:5ca31ecd-36ff-4b76-99e6-15ea25204cb4
2019-08-20 15:54:20,067 INFO  impl.RoleInfo (RoleInfo.java:shutdownFollowerState(121)) - c79acb33-54d1-498f-8257-7f472001ece8: shutdown FollowerState
2019-08-20 15:54:20,067 INFO  impl.FollowerState (FollowerState.java:run(114)) - c79acb33-54d1-498f-8257-7f472001ece8: FollowerState was interrupted: java.lang.InterruptedException: sleep interrupted
2019-08-20 15:54:20,067 INFO  impl.RoleInfo (RoleInfo.java:updateAndGet(143)) - c79acb33-54d1-498f-8257-7f472001ece8: start FollowerState
2019-08-20 15:54:20,073 INFO  impl.LeaderElection (LogUtils.java:infoOrTrace(149)) - 5ca31ecd-36ff-4b76-99e6-15ea25204cb4:group-F7494D511093:LeaderElection12 got exception when requesting votes: {}
java.util.concurrent.ExecutionException: org.apache.ratis.thirdparty.io.grpc.StatusRuntimeException: UNAVAILABLE: io exception
	at java.util.concurrent.FutureTask.report(FutureTask.java:122)
	at java.util.concurrent.FutureTask.get(FutureTask.java:192)
	at org.apache.ratis.server.impl.LeaderElection.waitForResults(LeaderElection.java:262)
	at org.apache.ratis.server.impl.LeaderElection.askForVotes(LeaderElection.java:200)
	at org.apache.ratis.server.impl.LeaderElection.run(LeaderElection.java:130)
	at java.lang.Thread.run(Thread.java:748)
Caused by: org.apache.ratis.thirdparty.io.grpc.StatusRuntimeException: UNAVAILABLE: io exception
	at org.apache.ratis.thirdparty.io.grpc.stub.ClientCalls.toStatusRuntimeException(ClientCalls.java:233)
	at org.apache.ratis.thirdparty.io.grpc.stub.ClientCalls.getUnchecked(ClientCalls.java:214)
	at org.apache.ratis.thirdparty.io.grpc.stub.ClientCalls.blockingUnaryCall(ClientCalls.java:139)
	at org.apache.ratis.proto.grpc.RaftServerProtocolServiceGrpc$RaftServerProtocolServiceBlockingStub.requestVote(RaftServerProtocolServiceGrpc.java:265)
	at org.apache.ratis.grpc.server.GrpcServerProtocolClient.requestVote(GrpcServerProtocolClient.java:83)
	at org.apache.ratis.grpc.server.GrpcService.requestVote(GrpcService.java:195)
	at org.apache.ratis.server.impl.LeaderElection.lambda$submitRequests$1(LeaderElection.java:237)
	at java.util.concurrent.FutureTask.run(FutureTask.java:266)
	at java.util.concurrent.Executors$RunnableAdapter.call(Executors.java:511)
	at java.util.concurrent.FutureTask.run(FutureTask.java:266)
	at java.util.concurrent.ThreadPoolExecutor.runWorker(ThreadPoolExecutor.java:1149)
	at java.util.concurrent.ThreadPoolExecutor$Worker.run(ThreadPoolExecutor.java:624)
	... 1 more
Caused by: org.apache.ratis.thirdparty.io.netty.channel.AbstractChannel$AnnotatedConnectException: Connection refused: /192.168.5.175:43895
	at sun.nio.ch.SocketChannelImpl.checkConnect(Native Method)
	at sun.nio.ch.SocketChannelImpl.finishConnect(SocketChannelImpl.java:717)
	at org.apache.ratis.thirdparty.io.netty.channel.socket.nio.NioSocketChannel.doFinishConnect(NioSocketChannel.java:327)
	at org.apache.ratis.thirdparty.io.netty.channel.nio.AbstractNioChannel$AbstractNioUnsafe.finishConnect(AbstractNioChannel.java:340)
	at org.apache.ratis.thirdparty.io.netty.channel.nio.NioEventLoop.processSelectedKey(NioEventLoop.java:632)
	at org.apache.ratis.thirdparty.io.netty.channel.nio.NioEventLoop.processSelectedKeysOptimized(NioEventLoop.java:579)
	at org.apache.ratis.thirdparty.io.netty.channel.nio.NioEventLoop.processSelectedKeys(NioEventLoop.java:496)
	at org.apache.ratis.thirdparty.io.netty.channel.nio.NioEventLoop.run(NioEventLoop.java:458)
	at org.apache.ratis.thirdparty.io.netty.util.concurrent.SingleThreadEventExecutor$5.run(SingleThreadEventExecutor.java:897)
	at org.apache.ratis.thirdparty.io.netty.util.concurrent.FastThreadLocalRunnable.run(FastThreadLocalRunnable.java:30)
	... 1 more
Caused by: java.net.ConnectException: Connection refused
	... 11 more
2019-08-20 15:54:20,084 INFO  impl.LeaderElection (LeaderElection.java:logAndReturn(56)) - 5ca31ecd-36ff-4b76-99e6-15ea25204cb4:group-F7494D511093:LeaderElection12: Election PASSED; received 1 response(s) [5ca31ecd-36ff-4b76-99e6-15ea25204cb4<-c79acb33-54d1-498f-8257-7f472001ece8#0:OK-t2] and 1 exception(s); 5ca31ecd-36ff-4b76-99e6-15ea25204cb4:t2, leader=null, voted=5ca31ecd-36ff-4b76-99e6-15ea25204cb4, raftlog=5ca31ecd-36ff-4b76-99e6-15ea25204cb4-SegmentedRaftLog:OPENED:c20,f20,i20, conf=0: [c79acb33-54d1-498f-8257-7f472001ece8:192.168.5.175:40613, 5ca31ecd-36ff-4b76-99e6-15ea25204cb4:192.168.5.175:45910, 3cdf5db5-634a-499e-9c82-270b7e626451:192.168.5.175:43895], old=null
2019-08-20 15:54:20,085 INFO  impl.LeaderElection (LogUtils.java:infoOrTrace(149)) -   Exception 0: {}
java.util.concurrent.ExecutionException: org.apache.ratis.thirdparty.io.grpc.StatusRuntimeException: UNAVAILABLE: io exception
	at java.util.concurrent.FutureTask.report(FutureTask.java:122)
	at java.util.concurrent.FutureTask.get(FutureTask.java:192)
	at org.apache.ratis.server.impl.LeaderElection.waitForResults(LeaderElection.java:262)
	at org.apache.ratis.server.impl.LeaderElection.askForVotes(LeaderElection.java:200)
	at org.apache.ratis.server.impl.LeaderElection.run(LeaderElection.java:130)
	at java.lang.Thread.run(Thread.java:748)
Caused by: org.apache.ratis.thirdparty.io.grpc.StatusRuntimeException: UNAVAILABLE: io exception
	at org.apache.ratis.thirdparty.io.grpc.stub.ClientCalls.toStatusRuntimeException(ClientCalls.java:233)
	at org.apache.ratis.thirdparty.io.grpc.stub.ClientCalls.getUnchecked(ClientCalls.java:214)
	at org.apache.ratis.thirdparty.io.grpc.stub.ClientCalls.blockingUnaryCall(ClientCalls.java:139)
	at org.apache.ratis.proto.grpc.RaftServerProtocolServiceGrpc$RaftServerProtocolServiceBlockingStub.requestVote(RaftServerProtocolServiceGrpc.java:265)
	at org.apache.ratis.grpc.server.GrpcServerProtocolClient.requestVote(GrpcServerProtocolClient.java:83)
	at org.apache.ratis.grpc.server.GrpcService.requestVote(GrpcService.java:195)
	at org.apache.ratis.server.impl.LeaderElection.lambda$submitRequests$1(LeaderElection.java:237)
	at java.util.concurrent.FutureTask.run(FutureTask.java:266)
	at java.util.concurrent.Executors$RunnableAdapter.call(Executors.java:511)
	at java.util.concurrent.FutureTask.run(FutureTask.java:266)
	at java.util.concurrent.ThreadPoolExecutor.runWorker(ThreadPoolExecutor.java:1149)
	at java.util.concurrent.ThreadPoolExecutor$Worker.run(ThreadPoolExecutor.java:624)
	... 1 more
Caused by: org.apache.ratis.thirdparty.io.netty.channel.AbstractChannel$AnnotatedConnectException: Connection refused: /192.168.5.175:43895
	at sun.nio.ch.SocketChannelImpl.checkConnect(Native Method)
	at sun.nio.ch.SocketChannelImpl.finishConnect(SocketChannelImpl.java:717)
	at org.apache.ratis.thirdparty.io.netty.channel.socket.nio.NioSocketChannel.doFinishConnect(NioSocketChannel.java:327)
	at org.apache.ratis.thirdparty.io.netty.channel.nio.AbstractNioChannel$AbstractNioUnsafe.finishConnect(AbstractNioChannel.java:340)
	at org.apache.ratis.thirdparty.io.netty.channel.nio.NioEventLoop.processSelectedKey(NioEventLoop.java:632)
	at org.apache.ratis.thirdparty.io.netty.channel.nio.NioEventLoop.processSelectedKeysOptimized(NioEventLoop.java:579)
	at org.apache.ratis.thirdparty.io.netty.channel.nio.NioEventLoop.processSelectedKeys(NioEventLoop.java:496)
	at org.apache.ratis.thirdparty.io.netty.channel.nio.NioEventLoop.run(NioEventLoop.java:458)
	at org.apache.ratis.thirdparty.io.netty.util.concurrent.SingleThreadEventExecutor$5.run(SingleThreadEventExecutor.java:897)
	at org.apache.ratis.thirdparty.io.netty.util.concurrent.FastThreadLocalRunnable.run(FastThreadLocalRunnable.java:30)
	... 1 more
Caused by: java.net.ConnectException: Connection refused
	... 11 more
2019-08-20 15:54:20,085 INFO  impl.RoleInfo (RoleInfo.java:shutdownLeaderElection(134)) - 5ca31ecd-36ff-4b76-99e6-15ea25204cb4: shutdown LeaderElection
2019-08-20 15:54:20,085 INFO  impl.RaftServerImpl (RaftServerImpl.java:setRole(171)) - 5ca31ecd-36ff-4b76-99e6-15ea25204cb4:group-F7494D511093 changes role from CANDIDATE to LEADER at term 2 for changeToLeader
2019-08-20 15:54:20,087 INFO  impl.RaftServerImpl (ServerState.java:setLeader(263)) - 5ca31ecd-36ff-4b76-99e6-15ea25204cb4:group-F7494D511093 change Leader from null to 5ca31ecd-36ff-4b76-99e6-15ea25204cb4 at term 2 for becomeLeader, leader elected after 46ms
2019-08-20 15:54:20,087 INFO  server.RaftServerConfigKeys (ConfUtils.java:logGet(43)) - raft.server.staging.catchup.gap = 1000 (default)
2019-08-20 15:54:20,087 INFO  server.RaftServerConfigKeys (ConfUtils.java:logGet(43)) - raft.server.rpc.sleep.time = 25ms (default)
2019-08-20 15:54:20,087 INFO  server.RaftServerConfigKeys (ConfUtils.java:logGet(43)) - raft.server.write.element-limit = 4096 (default)
2019-08-20 15:54:20,087 INFO  server.RaftServerConfigKeys (ConfUtils.java:logGet(43)) - raft.server.watch.timeout = 10s (default)
2019-08-20 15:54:20,087 INFO  server.RaftServerConfigKeys (ConfUtils.java:logGet(43)) - raft.server.watch.timeout.denomination = 1s (default)
2019-08-20 15:54:20,087 INFO  server.RaftServerConfigKeys (ConfUtils.java:logGet(43)) - raft.server.watch.element-limit = 65536 (default)
2019-08-20 15:54:20,088 INFO  server.RaftServerConfigKeys (ConfUtils.java:logGet(43)) - raft.server.log.appender.snapshot.chunk.size.max = 16MB (=16777216) (default)
2019-08-20 15:54:20,088 INFO  server.RaftServerConfigKeys (ConfUtils.java:logGet(43)) - raft.server.log.appender.buffer.byte-limit = 33554432 (custom)
2019-08-20 15:54:20,088 INFO  server.RaftServerConfigKeys (ConfUtils.java:logGet(43)) - raft.server.log.appender.buffer.element-limit = 1 (custom)
2019-08-20 15:54:20,088 INFO  grpc.GrpcConfigKeys$Server (ConfUtils.java:logGet(43)) - raft.grpc.server.leader.outstanding.appends.max = 128 (default)
2019-08-20 15:54:20,088 INFO  server.RaftServerConfigKeys (ConfUtils.java:logGet(43)) - raft.server.rpc.request.timeout = 3000ms (default)
2019-08-20 15:54:20,088 INFO  server.RaftServerConfigKeys (ConfUtils.java:logGet(43)) - raft.server.log.appender.install.snapshot.enabled = false (custom)
2019-08-20 15:54:20,089 INFO  server.RaftServerConfigKeys (ConfUtils.java:logGet(43)) - raft.server.log.appender.snapshot.chunk.size.max = 16MB (=16777216) (default)
2019-08-20 15:54:20,089 INFO  server.RaftServerConfigKeys (ConfUtils.java:logGet(43)) - raft.server.log.appender.buffer.byte-limit = 33554432 (custom)
2019-08-20 15:54:20,089 INFO  server.RaftServerConfigKeys (ConfUtils.java:logGet(43)) - raft.server.log.appender.buffer.element-limit = 1 (custom)
2019-08-20 15:54:20,089 INFO  grpc.GrpcConfigKeys$Server (ConfUtils.java:logGet(43)) - raft.grpc.server.leader.outstanding.appends.max = 128 (default)
2019-08-20 15:54:20,089 INFO  server.RaftServerConfigKeys (ConfUtils.java:logGet(43)) - raft.server.rpc.request.timeout = 3000ms (default)
2019-08-20 15:54:20,089 INFO  server.RaftServerConfigKeys (ConfUtils.java:logGet(43)) - raft.server.log.appender.install.snapshot.enabled = false (custom)
2019-08-20 15:54:20,090 INFO  impl.RoleInfo (RoleInfo.java:updateAndGet(143)) - 5ca31ecd-36ff-4b76-99e6-15ea25204cb4: start LeaderState
2019-08-20 15:54:20,090 INFO  segmented.SegmentedRaftLogWorker (SegmentedRaftLogWorker.java:rollLogSegment(385)) - 5ca31ecd-36ff-4b76-99e6-15ea25204cb4-SegmentedRaftLogWorker:Storage Directory /workdir/hadoop-ozone/integration-test/target/test-dir/MiniOzoneClusterImpl-802bd29e-af6e-48ad-aaa5-d32a5604ae37/datanode-5/data/ratis/7617b306-71d9-446a-975c-f7494d511093: Rolling segment log-0_20 to index:20
2019-08-20 15:54:20,092 INFO  impl.RaftServerImpl (ServerState.java:setRaftConf(361)) - 5ca31ecd-36ff-4b76-99e6-15ea25204cb4:group-F7494D511093 set configuration 21: [c79acb33-54d1-498f-8257-7f472001ece8:192.168.5.175:40613, 5ca31ecd-36ff-4b76-99e6-15ea25204cb4:192.168.5.175:45910, 3cdf5db5-634a-499e-9c82-270b7e626451:192.168.5.175:43895], old=null at 21
2019-08-20 15:54:20,092 INFO  segmented.SegmentedRaftLogWorker (SegmentedRaftLogWorker.java:execute(526)) - 5ca31ecd-36ff-4b76-99e6-15ea25204cb4-SegmentedRaftLogWorker:Storage Directory /workdir/hadoop-ozone/integration-test/target/test-dir/MiniOzoneClusterImpl-802bd29e-af6e-48ad-aaa5-d32a5604ae37/datanode-5/data/ratis/7617b306-71d9-446a-975c-f7494d511093: Rolled log segment from /workdir/hadoop-ozone/integration-test/target/test-dir/MiniOzoneClusterImpl-802bd29e-af6e-48ad-aaa5-d32a5604ae37/datanode-5/data/ratis/7617b306-71d9-446a-975c-f7494d511093/current/log_inprogress_0 to /workdir/hadoop-ozone/integration-test/target/test-dir/MiniOzoneClusterImpl-802bd29e-af6e-48ad-aaa5-d32a5604ae37/datanode-5/data/ratis/7617b306-71d9-446a-975c-f7494d511093/current/log_0-20
2019-08-20 15:54:20,094 WARN  server.GrpcLogAppender (LogUtils.java:warn(134)) - 5ca31ecd-36ff-4b76-99e6-15ea25204cb4->3cdf5db5-634a-499e-9c82-270b7e626451: Failed appendEntries: org.apache.ratis.thirdparty.io.grpc.StatusRuntimeException: UNAVAILABLE: io exception
2019-08-20 15:54:20,122 INFO  impl.FollowerInfo (FollowerInfo.java:lambda$new$0(50)) - 5ca31ecd-36ff-4b76-99e6-15ea25204cb4->3cdf5db5-634a-499e-9c82-270b7e626451: nextIndex: updateUnconditionally 21 -> 1
2019-08-20 15:54:20,122 INFO  impl.RaftServerImpl (ServerState.java:setLeader(263)) - c79acb33-54d1-498f-8257-7f472001ece8:group-F7494D511093 change Leader from null to 5ca31ecd-36ff-4b76-99e6-15ea25204cb4 at term 2 for appendEntries, leader elected after 55ms
2019-08-20 15:54:20,134 INFO  impl.RaftServerImpl (ServerState.java:setRaftConf(361)) - c79acb33-54d1-498f-8257-7f472001ece8:group-F7494D511093 set configuration 21: [c79acb33-54d1-498f-8257-7f472001ece8:192.168.5.175:40613, 5ca31ecd-36ff-4b76-99e6-15ea25204cb4:192.168.5.175:45910, 3cdf5db5-634a-499e-9c82-270b7e626451:192.168.5.175:43895], old=null at 21
2019-08-20 15:54:20,134 INFO  segmented.SegmentedRaftLogWorker (SegmentedRaftLogWorker.java:rollLogSegment(385)) - c79acb33-54d1-498f-8257-7f472001ece8-SegmentedRaftLogWorker:Storage Directory /workdir/hadoop-ozone/integration-test/target/test-dir/MiniOzoneClusterImpl-802bd29e-af6e-48ad-aaa5-d32a5604ae37/datanode-1/data/ratis/7617b306-71d9-446a-975c-f7494d511093: Rolling segment log-0_20 to index:20
2019-08-20 15:54:20,134 INFO  segmented.SegmentedRaftLogWorker (SegmentedRaftLogWorker.java:execute(569)) - 5ca31ecd-36ff-4b76-99e6-15ea25204cb4-SegmentedRaftLogWorker:Storage Directory /workdir/hadoop-ozone/integration-test/target/test-dir/MiniOzoneClusterImpl-802bd29e-af6e-48ad-aaa5-d32a5604ae37/datanode-5/data/ratis/7617b306-71d9-446a-975c-f7494d511093: created new log segment /workdir/hadoop-ozone/integration-test/target/test-dir/MiniOzoneClusterImpl-802bd29e-af6e-48ad-aaa5-d32a5604ae37/datanode-5/data/ratis/7617b306-71d9-446a-975c-f7494d511093/current/log_inprogress_21
2019-08-20 15:54:20,135 INFO  segmented.SegmentedRaftLogWorker (SegmentedRaftLogWorker.java:execute(526)) - c79acb33-54d1-498f-8257-7f472001ece8-SegmentedRaftLogWorker:Storage Directory /workdir/hadoop-ozone/integration-test/target/test-dir/MiniOzoneClusterImpl-802bd29e-af6e-48ad-aaa5-d32a5604ae37/datanode-1/data/ratis/7617b306-71d9-446a-975c-f7494d511093: Rolled log segment from /workdir/hadoop-ozone/integration-test/target/test-dir/MiniOzoneClusterImpl-802bd29e-af6e-48ad-aaa5-d32a5604ae37/datanode-1/data/ratis/7617b306-71d9-446a-975c-f7494d511093/current/log_inprogress_0 to /workdir/hadoop-ozone/integration-test/target/test-dir/MiniOzoneClusterImpl-802bd29e-af6e-48ad-aaa5-d32a5604ae37/datanode-1/data/ratis/7617b306-71d9-446a-975c-f7494d511093/current/log_0-20
2019-08-20 15:54:20,179 INFO  segmented.SegmentedRaftLogWorker (SegmentedRaftLogWorker.java:execute(569)) - c79acb33-54d1-498f-8257-7f472001ece8-SegmentedRaftLogWorker:Storage Directory /workdir/hadoop-ozone/integration-test/target/test-dir/MiniOzoneClusterImpl-802bd29e-af6e-48ad-aaa5-d32a5604ae37/datanode-1/data/ratis/7617b306-71d9-446a-975c-f7494d511093: created new log segment /workdir/hadoop-ozone/integration-test/target/test-dir/MiniOzoneClusterImpl-802bd29e-af6e-48ad-aaa5-d32a5604ae37/datanode-1/data/ratis/7617b306-71d9-446a-975c-f7494d511093/current/log_inprogress_21
2019-08-20 15:54:20,219 WARN  server.GrpcLogAppender (LogUtils.java:warn(134)) - 5ca31ecd-36ff-4b76-99e6-15ea25204cb4->3cdf5db5-634a-499e-9c82-270b7e626451: Failed appendEntries: org.apache.ratis.thirdparty.io.grpc.StatusRuntimeException: UNAVAILABLE: io exception
2019-08-20 15:54:20,223 INFO  impl.FollowerInfo (FollowerInfo.java:lambda$new$0(50)) - 5ca31ecd-36ff-4b76-99e6-15ea25204cb4->3cdf5db5-634a-499e-9c82-270b7e626451: nextIndex: updateUnconditionally 2 -> 1
2019-08-20 15:54:21,112 INFO  ozoneimpl.OzoneContainer (OzoneContainer.java:stop(199)) - Attempting to stop container services.
2019-08-20 15:54:21,115 INFO  impl.RaftServerProxy (RaftServerProxy.java:lambda$close$4(314)) - c79acb33-54d1-498f-8257-7f472001ece8: close
2019-08-20 15:54:21,116 INFO  impl.RaftServerImpl (RaftServerImpl.java:lambda$shutdown$3(245)) - c79acb33-54d1-498f-8257-7f472001ece8: shutdown group-F7494D511093
2019-08-20 15:54:21,116 INFO  impl.RaftServerImpl (RaftServerImpl.java:lambda$shutdown$3(245)) - c79acb33-54d1-498f-8257-7f472001ece8: shutdown group-E2C2F87AB95A
2019-08-20 15:54:21,116 INFO  util.JmxRegister (JmxRegister.java:unregister(73)) - Successfully un-registered JMX Bean with object name Ratis:service=RaftServer,group=group-F7494D511093,id=c79acb33-54d1-498f-8257-7f472001ece8
2019-08-20 15:54:21,117 INFO  util.JmxRegister (JmxRegister.java:unregister(73)) - Successfully un-registered JMX Bean with object name Ratis:service=RaftServer,group=group-E2C2F87AB95A,id=c79acb33-54d1-498f-8257-7f472001ece8
2019-08-20 15:54:21,117 INFO  impl.RoleInfo (RoleInfo.java:shutdownFollowerState(121)) - c79acb33-54d1-498f-8257-7f472001ece8: shutdown FollowerState
2019-08-20 15:54:21,117 INFO  impl.RoleInfo (RoleInfo.java:shutdownLeaderState(104)) - c79acb33-54d1-498f-8257-7f472001ece8: shutdown LeaderState
2019-08-20 15:54:21,117 INFO  impl.StateMachineUpdater (StateMachineUpdater.java:stopAndJoin(115)) - StateMachineUpdater:c79acb33-54d1-498f-8257-7f472001ece8:group-F7494D511093: set stopIndex = 21
2019-08-20 15:54:21,118 INFO  impl.FollowerState (FollowerState.java:run(114)) - c79acb33-54d1-498f-8257-7f472001ece8: FollowerState was interrupted: java.lang.InterruptedException: sleep interrupted
2019-08-20 15:54:21,118 INFO  ratis.ContainerStateMachine (ContainerStateMachine.java:takeSnapshot(272)) - group-F7494D511093: Taking a snapshot at:(t:1, i:18) file /workdir/hadoop-ozone/integration-test/target/test-dir/MiniOzoneClusterImpl-802bd29e-af6e-48ad-aaa5-d32a5604ae37/datanode-1/data/ratis/7617b306-71d9-446a-975c-f7494d511093/sm/snapshot.1_18
2019-08-20 15:54:21,118 INFO  impl.PendingRequests (PendingRequests.java:sendNotLeaderResponses(202)) - c79acb33-54d1-498f-8257-7f472001ece8-PendingRequests: sendNotLeaderResponses
2019-08-20 15:54:21,119 INFO  impl.StateMachineUpdater (StateMachineUpdater.java:stopAndJoin(115)) - StateMachineUpdater:c79acb33-54d1-498f-8257-7f472001ece8:group-E2C2F87AB95A: set stopIndex = 0
2019-08-20 15:54:21,120 INFO  impl.RaftServerImpl (ServerState.java:close(394)) - c79acb33-54d1-498f-8257-7f472001ece8:group-E2C2F87AB95A closes. The last applied log index is 0
2019-08-20 15:54:21,120 INFO  segmented.SegmentedRaftLogWorker (SegmentedRaftLogWorker.java:run(313)) - c79acb33-54d1-498f-8257-7f472001ece8-SegmentedRaftLogWorker:Storage Directory /workdir/hadoop-ozone/integration-test/target/test-dir/MiniOzoneClusterImpl-802bd29e-af6e-48ad-aaa5-d32a5604ae37/datanode-1/data/ratis/8d550594-3625-4d4c-8bb2-e2c2f87ab95a was interrupted, exiting. There are 0 tasks remaining in the queue.
2019-08-20 15:54:21,121 INFO  segmented.SegmentedRaftLogWorker (SegmentedRaftLogWorker.java:close(228)) - c79acb33-54d1-498f-8257-7f472001ece8-SegmentedRaftLogWorker:Storage Directory /workdir/hadoop-ozone/integration-test/target/test-dir/MiniOzoneClusterImpl-802bd29e-af6e-48ad-aaa5-d32a5604ae37/datanode-1/data/ratis/8d550594-3625-4d4c-8bb2-e2c2f87ab95a close()
2019-08-20 15:54:21,133 INFO  ratis.ContainerStateMachine (ContainerStateMachine.java:takeSnapshot(283)) - group-F7494D511093: Finished taking a snapshot at:(t:1, i:18) file:/workdir/hadoop-ozone/integration-test/target/test-dir/MiniOzoneClusterImpl-802bd29e-af6e-48ad-aaa5-d32a5604ae37/datanode-1/data/ratis/7617b306-71d9-446a-975c-f7494d511093/sm/snapshot.1_18 time:16
2019-08-20 15:54:21,133 INFO  impl.StateMachineUpdater (StateMachineUpdater.java:takeSnapshot(242)) - StateMachineUpdater:c79acb33-54d1-498f-8257-7f472001ece8:group-F7494D511093: Took a snapshot at index 18
2019-08-20 15:54:21,133 INFO  impl.StateMachineUpdater (StateMachineUpdater.java:lambda$new$0(80)) - StateMachineUpdater:c79acb33-54d1-498f-8257-7f472001ece8:group-F7494D511093: snapshotIndex: updateIncreasingly -1 -> 18
2019-08-20 15:54:21,134 INFO  impl.RaftServerImpl (ServerState.java:close(394)) - c79acb33-54d1-498f-8257-7f472001ece8:group-F7494D511093 closes. The last applied log index is 21
2019-08-20 15:54:21,134 INFO  segmented.SegmentedRaftLogWorker (SegmentedRaftLogWorker.java:run(313)) - c79acb33-54d1-498f-8257-7f472001ece8-SegmentedRaftLogWorker:Storage Directory /workdir/hadoop-ozone/integration-test/target/test-dir/MiniOzoneClusterImpl-802bd29e-af6e-48ad-aaa5-d32a5604ae37/datanode-1/data/ratis/7617b306-71d9-446a-975c-f7494d511093 was interrupted, exiting. There are 0 tasks remaining in the queue.
2019-08-20 15:54:21,135 INFO  segmented.SegmentedRaftLogWorker (SegmentedRaftLogWorker.java:close(228)) - c79acb33-54d1-498f-8257-7f472001ece8-SegmentedRaftLogWorker:Storage Directory /workdir/hadoop-ozone/integration-test/target/test-dir/MiniOzoneClusterImpl-802bd29e-af6e-48ad-aaa5-d32a5604ae37/datanode-1/data/ratis/7617b306-71d9-446a-975c-f7494d511093 close()
2019-08-20 15:54:21,138 INFO  server.GrpcService (GrpcService.java:closeImpl(155)) - c79acb33-54d1-498f-8257-7f472001ece8: shutdown server with port 40613 now
2019-08-20 15:54:21,139 INFO  server.GrpcService (GrpcService.java:closeImpl(163)) - c79acb33-54d1-498f-8257-7f472001ece8: shutdown server with port 40613 successfully
2019-08-20 15:54:21,139 WARN  server.GrpcLogAppender (LogUtils.java:warn(134)) - 5ca31ecd-36ff-4b76-99e6-15ea25204cb4->c79acb33-54d1-498f-8257-7f472001ece8: Failed appendEntries: org.apache.ratis.thirdparty.io.grpc.StatusRuntimeException: CANCELLED: HTTP/2 error code: CANCEL
Received Rst Stream
2019-08-20 15:54:21,139 WARN  server.GrpcServerProtocolService (LogUtils.java:warn(134)) - c79acb33-54d1-498f-8257-7f472001ece8: appendEntries onError: org.apache.ratis.thirdparty.io.grpc.StatusRuntimeException: CANCELLED: cancelled before receiving half close
2019-08-20 15:54:21,143 INFO  impl.FollowerInfo (FollowerInfo.java:lambda$new$0(50)) - 5ca31ecd-36ff-4b76-99e6-15ea25204cb4->c79acb33-54d1-498f-8257-7f472001ece8: nextIndex: updateUnconditionally 23 -> 22
2019-08-20 15:54:21,143 INFO  utils.BackgroundService (BackgroundService.java:shutdown(148)) - Shutting down service BlockDeletingService
2019-08-20 15:54:21,144 WARN  fs.CachingGetSpaceUsed (CachingGetSpaceUsed.java:run(183)) - Thread Interrupted waiting to refresh disk information: sleep interrupted
2019-08-20 15:54:21,164 INFO  statemachine.DatanodeStateMachine (DatanodeStateMachine.java:stopDaemon(395)) - Ozone container server stopped.
2019-08-20 15:54:21,165 INFO  handler.ContextHandler (ContextHandler.java:doStop(910)) - Stopped o.e.j.w.WebAppContext@4cc01c7f{/,null,UNAVAILABLE}{/hddsDatanode}
2019-08-20 15:54:21,165 INFO  server.AbstractConnector (AbstractConnector.java:doStop(318)) - Stopped ServerConnector@2a50b32d{HTTP/1.1,[http/1.1]}{0.0.0.0:0}
2019-08-20 15:54:21,166 INFO  handler.ContextHandler (ContextHandler.java:doStop(910)) - Stopped o.e.j.s.ServletContextHandler@388c519{/static,jar:file:/home/user/.m2/repository/org/apache/hadoop/hadoop-hdds-container-service/0.5.0-SNAPSHOT/hadoop-hdds-container-service-0.5.0-SNAPSHOT.jar!/webapps/static,UNAVAILABLE}
2019-08-20 15:54:21,166 INFO  handler.ContextHandler (ContextHandler.java:doStop(910)) - Stopped o.e.j.s.ServletContextHandler@7b53b1ad{/logs,file:///workdir/hadoop-ozone/integration-test/target/log,UNAVAILABLE}
2019-08-20 15:54:22,703 WARN  server.GrpcLogAppender (LogUtils.java:warn(134)) - 5ca31ecd-36ff-4b76-99e6-15ea25204cb4->c79acb33-54d1-498f-8257-7f472001ece8: Failed appendEntries: org.apache.ratis.thirdparty.io.grpc.StatusRuntimeException: UNAVAILABLE: io exception
2019-08-20 15:54:22,705 INFO  impl.FollowerInfo (FollowerInfo.java:lambda$new$0(50)) - 5ca31ecd-36ff-4b76-99e6-15ea25204cb4->c79acb33-54d1-498f-8257-7f472001ece8: nextIndex: updateUnconditionally 22 -> 21
2019-08-20 15:54:22,720 WARN  server.GrpcLogAppender (LogUtils.java:warn(134)) - 5ca31ecd-36ff-4b76-99e6-15ea25204cb4->3cdf5db5-634a-499e-9c82-270b7e626451: Failed appendEntries: org.apache.ratis.thirdparty.io.grpc.StatusRuntimeException: UNAVAILABLE: io exception
2019-08-20 15:54:22,722 INFO  impl.FollowerInfo (FollowerInfo.java:lambda$new$0(50)) - 5ca31ecd-36ff-4b76-99e6-15ea25204cb4->3cdf5db5-634a-499e-9c82-270b7e626451: nextIndex: updateUnconditionally 1 -> 0
2019-08-20 15:54:23,234 WARN  server.GrpcLogAppender (LogUtils.java:warn(134)) - 5ca31ecd-36ff-4b76-99e6-15ea25204cb4->3cdf5db5-634a-499e-9c82-270b7e626451: Failed appendEntries: org.apache.ratis.thirdparty.io.grpc.StatusRuntimeException: UNAVAILABLE: io exception
2019-08-20 15:54:23,234 WARN  server.GrpcLogAppender (LogUtils.java:warn(134)) - 5ca31ecd-36ff-4b76-99e6-15ea25204cb4->c79acb33-54d1-498f-8257-7f472001ece8: Failed appendEntries: org.apache.ratis.thirdparty.io.grpc.StatusRuntimeException: UNAVAILABLE: io exception
2019-08-20 15:54:23,241 INFO  impl.FollowerInfo (FollowerInfo.java:lambda$new$0(50)) - 5ca31ecd-36ff-4b76-99e6-15ea25204cb4->3cdf5db5-634a-499e-9c82-270b7e626451: nextIndex: updateUnconditionally 1 -> 0
2019-08-20 15:54:23,241 INFO  impl.FollowerInfo (FollowerInfo.java:lambda$new$0(50)) - 5ca31ecd-36ff-4b76-99e6-15ea25204cb4->c79acb33-54d1-498f-8257-7f472001ece8: nextIndex: updateUnconditionally 22 -> 21
2019-08-20 15:54:25,737 WARN  server.GrpcLogAppender (LogUtils.java:warn(134)) - 5ca31ecd-36ff-4b76-99e6-15ea25204cb4->c79acb33-54d1-498f-8257-7f472001ece8: Failed appendEntries: org.apache.ratis.thirdparty.io.grpc.StatusRuntimeException: UNAVAILABLE: io exception
2019-08-20 15:54:25,737 WARN  server.GrpcLogAppender (LogUtils.java:warn(134)) - 5ca31ecd-36ff-4b76-99e6-15ea25204cb4->3cdf5db5-634a-499e-9c82-270b7e626451: Failed appendEntries: org.apache.ratis.thirdparty.io.grpc.StatusRuntimeException: UNAVAILABLE: io exception
2019-08-20 15:54:25,740 INFO  impl.FollowerInfo (FollowerInfo.java:lambda$new$0(50)) - 5ca31ecd-36ff-4b76-99e6-15ea25204cb4->c79acb33-54d1-498f-8257-7f472001ece8: nextIndex: updateUnconditionally 21 -> 20
2019-08-20 15:54:25,740 INFO  impl.FollowerInfo (FollowerInfo.java:lambda$new$0(50)) - 5ca31ecd-36ff-4b76-99e6-15ea25204cb4->3cdf5db5-634a-499e-9c82-270b7e626451: nextIndex: updateUnconditionally 0 -> 0
2019-08-20 15:54:28,242 WARN  server.GrpcLogAppender (LogUtils.java:warn(134)) - 5ca31ecd-36ff-4b76-99e6-15ea25204cb4->c79acb33-54d1-498f-8257-7f472001ece8: Failed appendEntries: org.apache.ratis.thirdparty.io.grpc.StatusRuntimeException: UNAVAILABLE: io exception
2019-08-20 15:54:28,242 WARN  server.GrpcLogAppender (LogUtils.java:warn(134)) - 5ca31ecd-36ff-4b76-99e6-15ea25204cb4->3cdf5db5-634a-499e-9c82-270b7e626451: Failed appendEntries: org.apache.ratis.thirdparty.io.grpc.StatusRuntimeException: UNAVAILABLE: io exception
2019-08-20 15:54:28,254 INFO  impl.FollowerInfo (FollowerInfo.java:lambda$new$0(50)) - 5ca31ecd-36ff-4b76-99e6-15ea25204cb4->c79acb33-54d1-498f-8257-7f472001ece8: nextIndex: updateUnconditionally 20 -> 19
2019-08-20 15:54:28,254 INFO  impl.FollowerInfo (FollowerInfo.java:lambda$new$0(50)) - 5ca31ecd-36ff-4b76-99e6-15ea25204cb4->3cdf5db5-634a-499e-9c82-270b7e626451: nextIndex: updateUnconditionally 0 -> 0
2019-08-20 15:54:28,295 WARN  io.KeyOutputStream (KeyOutputStream.java:handleException(276)) - Encountered exception java.io.IOException: Unexpected Storage Container Exception: java.util.concurrent.CompletionException: java.util.concurrent.CompletionException: org.apache.ratis.protocol.RaftRetryFailureException: Failed RaftClientRequest:client-DCCC7DA09C57->c79acb33-54d1-498f-8257-7f472001ece8@group-F7494D511093, cid=28, seq=11*, RW, org.apache.hadoop.hdds.scm.XceiverClientRatis$$Lambda$316/207514021@8e6300c for 5 attempts with RetryLimited(maxAttempts=5, sleepTime=1000ms) on the pipeline Pipeline[ Id: 7617b306-71d9-446a-975c-f7494d511093, Nodes: 3cdf5db5-634a-499e-9c82-270b7e626451{ip: 192.168.5.175, host: pr-hdds-1879-mp8vb-189615265, networkLocation: /default-rack, certSerialId: null}c79acb33-54d1-498f-8257-7f472001ece8{ip: 192.168.5.175, host: pr-hdds-1879-mp8vb-189615265, networkLocation: /default-rack, certSerialId: null}5ca31ecd-36ff-4b76-99e6-15ea25204cb4{ip: 192.168.5.175, host: pr-hdds-1879-mp8vb-189615265, networkLocation: /default-rack, certSerialId: null}, Type:RATIS, Factor:THREE, State:OPEN]. The last committed block length is 1048576, uncommitted data length is 1048576 retry count 0
2019-08-20 15:54:28,321 WARN  block.BlockManagerImpl (BlockManagerImpl.java:allocateBlock(192)) - Pipeline creation failed for type:RATIS factor:THREE. Retrying get pipelines call once.
org.apache.hadoop.hdds.scm.pipeline.InsufficientDatanodesException: Cannot create pipeline of factor 3 using 0 nodes.
	at org.apache.hadoop.hdds.scm.pipeline.RatisPipelineProvider.create(RatisPipelineProvider.java:151)
	at org.apache.hadoop.hdds.scm.pipeline.PipelineFactory.create(PipelineFactory.java:57)
	at org.apache.hadoop.hdds.scm.pipeline.SCMPipelineManager.createPipeline(SCMPipelineManager.java:149)
	at org.apache.hadoop.hdds.scm.block.BlockManagerImpl.allocateBlock(BlockManagerImpl.java:190)
	at org.apache.hadoop.hdds.scm.server.SCMBlockProtocolServer.allocateBlock(SCMBlockProtocolServer.java:175)
	at org.apache.hadoop.ozone.protocolPB.ScmBlockLocationProtocolServerSideTranslatorPB.allocateScmBlock(ScmBlockLocationProtocolServerSideTranslatorPB.java:153)
	at org.apache.hadoop.ozone.protocolPB.ScmBlockLocationProtocolServerSideTranslatorPB.send(ScmBlockLocationProtocolServerSideTranslatorPB.java:112)
	at org.apache.hadoop.hdds.protocol.proto.ScmBlockLocationProtocolProtos$ScmBlockLocationProtocolService$2.callBlockingMethod(ScmBlockLocationProtocolProtos.java:13157)
	at org.apache.hadoop.ipc.ProtobufRpcEngine$Server$ProtoBufRpcInvoker.call(ProtobufRpcEngine.java:524)
	at org.apache.hadoop.ipc.RPC$Server.call(RPC.java:1025)
	at org.apache.hadoop.ipc.Server$RpcCall.run(Server.java:876)
	at org.apache.hadoop.ipc.Server$RpcCall.run(Server.java:822)
	at java.security.AccessController.doPrivileged(Native Method)
	at javax.security.auth.Subject.doAs(Subject.java:422)
	at org.apache.hadoop.security.UserGroupInformation.doAs(UserGroupInformation.java:1730)
	at org.apache.hadoop.ipc.Server$Handler.run(Server.java:2682)
2019-08-20 15:54:28,323 INFO  block.BlockManagerImpl (BlockManagerImpl.java:allocateBlock(198)) - Could not find available pipeline of type:RATIS and factor:THREE even after retrying
2019-08-20 15:54:28,323 ERROR block.BlockManagerImpl (BlockManagerImpl.java:allocateBlock(222)) - Unable to allocate a block for the size: 4194304, type: RATIS, factor: THREE
15:54:28.328 [IPC Server handler 0 on 42027] ERROR OMAudit - user=jenkins1000 | ip=127.0.0.1 | op=ALLOCATE_BLOCK {volume=datanodefailurehandlingtest, bucket=datanodefailurehandlingtest, key=ratis3, dataSize=0, replicationType=null, replicationFactor=null, keyLocationInfo=null, clientID=102650114592735232} | ret=FAILURE
org.apache.hadoop.hdds.scm.exceptions.SCMException: Allocated 0 blocks. Requested 1 blocks
	at org.apache.hadoop.hdds.scm.protocolPB.ScmBlockLocationProtocolClientSideTranslatorPB.handleError(ScmBlockLocationProtocolClientSideTranslatorPB.java:118) ~[hadoop-hdds-common-0.5.0-SNAPSHOT.jar:?]
	at org.apache.hadoop.hdds.scm.protocolPB.ScmBlockLocationProtocolClientSideTranslatorPB.allocateBlock(ScmBlockLocationProtocolClientSideTranslatorPB.java:156) ~[hadoop-hdds-common-0.5.0-SNAPSHOT.jar:?]
	at sun.reflect.NativeMethodAccessorImpl.invoke0(Native Method) ~[?:1.8.0_212]
	at sun.reflect.NativeMethodAccessorImpl.invoke(NativeMethodAccessorImpl.java:62) ~[?:1.8.0_212]
	at sun.reflect.DelegatingMethodAccessorImpl.invoke(DelegatingMethodAccessorImpl.java:43) ~[?:1.8.0_212]
	at java.lang.reflect.Method.invoke(Method.java:498) ~[?:1.8.0_212]
	at org.apache.hadoop.hdds.tracing.TraceAllMethod.invoke(TraceAllMethod.java:66) ~[hadoop-hdds-common-0.5.0-SNAPSHOT.jar:?]
	at com.sun.proxy.$Proxy25.allocateBlock(Unknown Source) ~[?:?]
	at org.apache.hadoop.ozone.om.KeyManagerImpl.allocateBlock(KeyManagerImpl.java:333) ~[hadoop-ozone-ozone-manager-0.5.0-SNAPSHOT.jar:?]
	at org.apache.hadoop.ozone.om.KeyManagerImpl.allocateBlock(KeyManagerImpl.java:304) ~[hadoop-ozone-ozone-manager-0.5.0-SNAPSHOT.jar:?]
	at org.apache.hadoop.ozone.om.OzoneManager.allocateBlock(OzoneManager.java:2297) [hadoop-ozone-ozone-manager-0.5.0-SNAPSHOT.jar:?]
	at org.apache.hadoop.ozone.protocolPB.OzoneManagerRequestHandler.allocateBlock(OzoneManagerRequestHandler.java:740) [hadoop-ozone-ozone-manager-0.5.0-SNAPSHOT.jar:?]
	at org.apache.hadoop.ozone.protocolPB.OzoneManagerRequestHandler.handle(OzoneManagerRequestHandler.java:243) [hadoop-ozone-ozone-manager-0.5.0-SNAPSHOT.jar:?]
	at org.apache.hadoop.ozone.protocolPB.OzoneManagerProtocolServerSideTranslatorPB.submitRequestDirectlyToOM(OzoneManagerProtocolServerSideTranslatorPB.java:200) [hadoop-ozone-ozone-manager-0.5.0-SNAPSHOT.jar:?]
	at org.apache.hadoop.ozone.protocolPB.OzoneManagerProtocolServerSideTranslatorPB.submitRequest(OzoneManagerProtocolServerSideTranslatorPB.java:118) [hadoop-ozone-ozone-manager-0.5.0-SNAPSHOT.jar:?]
	at org.apache.hadoop.ozone.protocol.proto.OzoneManagerProtocolProtos$OzoneManagerService$2.callBlockingMethod(OzoneManagerProtocolProtos.java) [hadoop-ozone-common-0.5.0-SNAPSHOT.jar:?]
	at org.apache.hadoop.ipc.ProtobufRpcEngine$Server$ProtoBufRpcInvoker.call(ProtobufRpcEngine.java:524) [hadoop-common-3.2.0.jar:?]
	at org.apache.hadoop.ipc.RPC$Server.call(RPC.java:1025) [hadoop-common-3.2.0.jar:?]
	at org.apache.hadoop.ipc.Server$RpcCall.run(Server.java:876) [hadoop-common-3.2.0.jar:?]
	at org.apache.hadoop.ipc.Server$RpcCall.run(Server.java:822) [hadoop-common-3.2.0.jar:?]
	at java.security.AccessController.doPrivileged(Native Method) [?:1.8.0_212]
	at javax.security.auth.Subject.doAs(Subject.java:422) [?:1.8.0_212]
	at org.apache.hadoop.security.UserGroupInformation.doAs(UserGroupInformation.java:1730) [hadoop-common-3.2.0.jar:?]
	at org.apache.hadoop.ipc.Server$Handler.run(Server.java:2682) [hadoop-common-3.2.0.jar:?]
2019-08-20 15:54:28,345 ERROR io.BlockOutputStreamEntryPool (BlockOutputStreamEntryPool.java:allocateBlockIfNeeded(299)) - Try to allocate more blocks for write failed, already allocated 0 blocks for this write.
INTERNAL_ERROR org.apache.hadoop.ozone.om.exceptions.OMException: Allocated 0 blocks. Requested 1 blocks
	at org.apache.hadoop.ozone.om.protocolPB.OzoneManagerProtocolClientSideTranslatorPB.handleError(OzoneManagerProtocolClientSideTranslatorPB.java:720)
	at org.apache.hadoop.ozone.om.protocolPB.OzoneManagerProtocolClientSideTranslatorPB.allocateBlock(OzoneManagerProtocolClientSideTranslatorPB.java:752)
	at org.apache.hadoop.ozone.client.io.BlockOutputStreamEntryPool.allocateNewBlock(BlockOutputStreamEntryPool.java:248)
	at org.apache.hadoop.ozone.client.io.BlockOutputStreamEntryPool.allocateBlockIfNeeded(BlockOutputStreamEntryPool.java:296)
	at org.apache.hadoop.ozone.client.io.KeyOutputStream.handleWrite(KeyOutputStream.java:201)
	at org.apache.hadoop.ozone.client.io.KeyOutputStream.handleRetry(KeyOutputStream.java:376)
	at org.apache.hadoop.ozone.client.io.KeyOutputStream.handleException(KeyOutputStream.java:325)
	at org.apache.hadoop.ozone.client.io.KeyOutputStream.handleWrite(KeyOutputStream.java:231)
	at org.apache.hadoop.ozone.client.io.KeyOutputStream.write(KeyOutputStream.java:193)
	at org.apache.hadoop.ozone.client.io.OzoneOutputStream.write(OzoneOutputStream.java:49)
	at java.io.OutputStream.write(OutputStream.java:75)
	at org.apache.hadoop.ozone.client.rpc.TestMultiBlockWritesWithDnFailures.testMultiBlockWritesWithDnFailures(TestMultiBlockWritesWithDnFailures.java:144)
	at sun.reflect.NativeMethodAccessorImpl.invoke0(Native Method)
	at sun.reflect.NativeMethodAccessorImpl.invoke(NativeMethodAccessorImpl.java:62)
	at sun.reflect.DelegatingMethodAccessorImpl.invoke(DelegatingMethodAccessorImpl.java:43)
	at java.lang.reflect.Method.invoke(Method.java:498)
	at org.junit.runners.model.FrameworkMethod$1.runReflectiveCall(FrameworkMethod.java:47)
	at org.junit.internal.runners.model.ReflectiveCallable.run(ReflectiveCallable.java:12)
	at org.junit.runners.model.FrameworkMethod.invokeExplosively(FrameworkMethod.java:44)
	at org.junit.internal.runners.statements.InvokeMethod.evaluate(InvokeMethod.java:17)
	at org.junit.runners.ParentRunner.runLeaf(ParentRunner.java:271)
	at org.junit.runners.BlockJUnit4ClassRunner.runChild(BlockJUnit4ClassRunner.java:70)
	at org.junit.runners.BlockJUnit4ClassRunner.runChild(BlockJUnit4ClassRunner.java:50)
	at org.junit.runners.ParentRunner$3.run(ParentRunner.java:238)
	at org.junit.runners.ParentRunner$1.schedule(ParentRunner.java:63)
	at org.junit.runners.ParentRunner.runChildren(ParentRunner.java:236)
	at org.junit.runners.ParentRunner.access$000(ParentRunner.java:53)
	at org.junit.runners.ParentRunner$2.evaluate(ParentRunner.java:229)
	at org.junit.runners.ParentRunner.run(ParentRunner.java:309)
	at org.apache.maven.surefire.junit4.JUnit4Provider.execute(JUnit4Provider.java:365)
	at org.apache.maven.surefire.junit4.JUnit4Provider.executeWithRerun(JUnit4Provider.java:273)
	at org.apache.maven.surefire.junit4.JUnit4Provider.executeTestSet(JUnit4Provider.java:238)
	at org.apache.maven.surefire.junit4.JUnit4Provider.invoke(JUnit4Provider.java:159)
	at org.apache.maven.surefire.booter.ForkedBooter.invokeProviderInSameClassLoader(ForkedBooter.java:384)
	at org.apache.maven.surefire.booter.ForkedBooter.runSuitesInProcess(ForkedBooter.java:345)
	at org.apache.maven.surefire.booter.ForkedBooter.execute(ForkedBooter.java:126)
	at org.apache.maven.surefire.booter.ForkedBooter.main(ForkedBooter.java:418)
]]></system-out>
    <system-err><![CDATA[ERROR StatusLogger No Log4j 2 configuration file found. Using default configuration (logging only errors to the console), or user programmatically provided configurations. Set system property 'log4j2.debug' to show Log4j 2 internal initialization logging. See https://logging.apache.org/log4j/2.x/manual/configuration.html for instructions on how to configure Log4j 2
Aug 20, 2019 3:53:58 PM com.sun.jersey.server.impl.application.WebApplicationImpl _initiate
INFO: Initiating Jersey application, version 'Jersey: 1.19 02/11/2015 03:25 AM'
Aug 20, 2019 3:53:59 PM com.sun.jersey.server.impl.application.WebApplicationImpl _initiate
INFO: Initiating Jersey application, version 'Jersey: 1.19 02/11/2015 03:25 AM'
Aug 20, 2019 3:53:59 PM com.sun.jersey.server.impl.application.WebApplicationImpl _initiate
INFO: Initiating Jersey application, version 'Jersey: 1.19 02/11/2015 03:25 AM'
Aug 20, 2019 3:53:59 PM com.sun.jersey.server.impl.application.WebApplicationImpl _initiate
INFO: Initiating Jersey application, version 'Jersey: 1.19 02/11/2015 03:25 AM'
Aug 20, 2019 3:54:00 PM com.sun.jersey.server.impl.application.WebApplicationImpl _initiate
INFO: Initiating Jersey application, version 'Jersey: 1.19 02/11/2015 03:25 AM'
Aug 20, 2019 3:54:00 PM com.sun.jersey.server.impl.application.WebApplicationImpl _initiate
INFO: Initiating Jersey application, version 'Jersey: 1.19 02/11/2015 03:25 AM'
]]></system-err>
  </testcase>
</testsuite>