<?xml version="1.0" encoding="UTF-8"?>
<testsuite xmlns:xsi="http://www.w3.org/2001/XMLSchema-instance" xsi:noNamespaceSchemaLocation="https://maven.apache.org/surefire/maven-surefire-plugin/xsd/surefire-test-report.xsd" name="org.apache.hadoop.ozone.client.rpc.TestCloseContainerHandlingByClient" time="63.416" tests="8" errors="6" skipped="1" failures="0">
  <properties>
    <property name="awt.toolkit" value="sun.awt.X11.XToolkit"/>
    <property name="file.encoding.pkg" value="sun.io"/>
    <property name="java.specification.version" value="1.8"/>
    <property name="sun.cpu.isalist" value=""/>
    <property name="sun.jnu.encoding" value="UTF-8"/>
    <property name="java.class.path" value="/tmp/workdir/hadoop-ozone/integration-test/target/test-classes:/tmp/workdir/hadoop-ozone/integration-test/target/classes:/home/user/.m2/repository/org/apache/hadoop/hadoop-ozone-common/0.5.0-SNAPSHOT/hadoop-ozone-common-0.5.0-SNAPSHOT.jar:/home/user/.m2/repository/org/apache/commons/commons-compress/1.4.1/commons-compress-1.4.1.jar:/home/user/.m2/repository/org/tukaani/xz/1.0/xz-1.0.jar:/home/user/.m2/repository/org/apache/hadoop/hadoop-common/3.2.0/hadoop-common-3.2.0.jar:/home/user/.m2/repository/org/apache/hadoop/hadoop-hdfs/3.2.0/hadoop-hdfs-3.2.0.jar:/home/user/.m2/repository/org/apache/hadoop/hadoop-hdfs-client/3.2.0/hadoop-hdfs-client-3.2.0.jar:/home/user/.m2/repository/com/fasterxml/jackson/core/jackson-annotations/2.9.5/jackson-annotations-2.9.5.jar:/home/user/.m2/repository/org/apache/hadoop/hadoop-hdds-common/0.5.0-SNAPSHOT/hadoop-hdds-common-0.5.0-SNAPSHOT.jar:/home/user/.m2/repository/javax/annotation/javax.annotation-api/1.2/javax.annotation-api-1.2.jar:/home/user/.m2/repository/org/apache/ratis/ratis-server/0.4.0-2337318-SNAPSHOT/ratis-server-0.4.0-2337318-SNAPSHOT.jar:/home/user/.m2/repository/org/apache/ratis/ratis-thirdparty-misc/0.2.0/ratis-thirdparty-misc-0.2.0.jar:/home/user/.m2/repository/org/apache/ratis/ratis-proto/0.4.0-2337318-SNAPSHOT/ratis-proto-0.4.0-2337318-SNAPSHOT.jar:/home/user/.m2/repository/org/apache/ratis/ratis-common/0.4.0-2337318-SNAPSHOT/ratis-common-0.4.0-2337318-SNAPSHOT.jar:/home/user/.m2/repository/org/apache/ratis/ratis-client/0.4.0-2337318-SNAPSHOT/ratis-client-0.4.0-2337318-SNAPSHOT.jar:/home/user/.m2/repository/org/apache/ratis/ratis-metrics/0.4.0-2337318-SNAPSHOT/ratis-metrics-0.4.0-2337318-SNAPSHOT.jar:/home/user/.m2/repository/org/apache/ratis/ratis-netty/0.4.0-2337318-SNAPSHOT/ratis-netty-0.4.0-2337318-SNAPSHOT.jar:/home/user/.m2/repository/org/apache/ratis/ratis-grpc/0.4.0-2337318-SNAPSHOT/ratis-grpc-0.4.0-2337318-SNAPSHOT.jar:/home/user/.m2/repository/org/rocksdb/rocksdbjni/6.0.1/rocksdbjni-6.0.1.jar:/home/user/.m2/repository/org/apache/logging/log4j/log4j-api/2.11.0/log4j-api-2.11.0.jar:/home/user/.m2/repository/org/apache/logging/log4j/log4j-core/2.11.0/log4j-core-2.11.0.jar:/home/user/.m2/repository/com/lmax/disruptor/3.4.2/disruptor-3.4.2.jar:/home/user/.m2/repository/org/apache/commons/commons-pool2/2.6.0/commons-pool2-2.6.0.jar:/home/user/.m2/repository/org/bouncycastle/bcpkix-jdk15on/1.60/bcpkix-jdk15on-1.60.jar:/home/user/.m2/repository/commons-validator/commons-validator/1.6/commons-validator-1.6.jar:/home/user/.m2/repository/commons-digester/commons-digester/1.8.1/commons-digester-1.8.1.jar:/home/user/.m2/repository/io/jaegertracing/jaeger-client/0.33.1/jaeger-client-0.33.1.jar:/home/user/.m2/repository/io/jaegertracing/jaeger-thrift/0.33.1/jaeger-thrift-0.33.1.jar:/home/user/.m2/repository/org/apache/thrift/libthrift/0.11.0/libthrift-0.11.0.jar:/home/user/.m2/repository/com/squareup/okhttp3/okhttp/3.9.0/okhttp-3.9.0.jar:/home/user/.m2/repository/com/squareup/okio/okio/1.13.0/okio-1.13.0.jar:/home/user/.m2/repository/io/jaegertracing/jaeger-core/0.33.1/jaeger-core-0.33.1.jar:/home/user/.m2/repository/io/jaegertracing/jaeger-tracerresolver/0.33.1/jaeger-tracerresolver-0.33.1.jar:/home/user/.m2/repository/io/opentracing/contrib/opentracing-tracerresolver/0.1.5/opentracing-tracerresolver-0.1.5.jar:/home/user/.m2/repository/io/opentracing/opentracing-util/0.31.0/opentracing-util-0.31.0.jar:/home/user/.m2/repository/io/opentracing/opentracing-api/0.31.0/opentracing-api-0.31.0.jar:/home/user/.m2/repository/io/opentracing/opentracing-noop/0.31.0/opentracing-noop-0.31.0.jar:/home/user/.m2/repository/org/apache/hadoop/hadoop-hdds-server-framework/0.5.0-SNAPSHOT/hadoop-hdds-server-framework-0.5.0-SNAPSHOT.jar:/home/user/.m2/repository/org/apache/hadoop/hadoop-hdds-container-service/0.5.0-SNAPSHOT/hadoop-hdds-container-service-0.5.0-SNAPSHOT.jar:/home/user/.m2/repository/org/apache/hadoop/hadoop-hdds-client/0.5.0-SNAPSHOT/hadoop-hdds-client-0.5.0-SNAPSHOT.jar:/home/user/.m2/repository/org/apache/hadoop/hadoop-hdds-tools/0.5.0-SNAPSHOT/hadoop-hdds-tools-0.5.0-SNAPSHOT.jar:/home/user/.m2/repository/org/apache/hadoop/hadoop-hdds-server-scm/0.5.0-SNAPSHOT/hadoop-hdds-server-scm-0.5.0-SNAPSHOT.jar:/home/user/.m2/repository/org/apache/hadoop/hadoop-hdds-docs/0.5.0-SNAPSHOT/hadoop-hdds-docs-0.5.0-SNAPSHOT.jar:/home/user/.m2/repository/io/dropwizard/metrics/metrics-core/3.2.4/metrics-core-3.2.4.jar:/home/user/.m2/repository/org/hamcrest/hamcrest-all/1.3/hamcrest-all-1.3.jar:/home/user/.m2/repository/org/bouncycastle/bcprov-jdk15on/1.60/bcprov-jdk15on-1.60.jar:/home/user/.m2/repository/info/picocli/picocli/3.9.6/picocli-3.9.6.jar:/home/user/.m2/repository/com/google/protobuf/protobuf-java/2.5.0/protobuf-java-2.5.0.jar:/home/user/.m2/repository/com/google/guava/guava/11.0.2/guava-11.0.2.jar:/home/user/.m2/repository/org/apache/hadoop/hadoop-ozone-ozone-manager/0.5.0-SNAPSHOT/hadoop-ozone-ozone-manager-0.5.0-SNAPSHOT.jar:/home/user/.m2/repository/org/apache/hadoop/hadoop-minikdc/3.2.0/hadoop-minikdc-3.2.0.jar:/home/user/.m2/repository/commons-io/commons-io/2.5/commons-io-2.5.jar:/home/user/.m2/repository/org/apache/kerby/kerb-simplekdc/1.0.1/kerb-simplekdc-1.0.1.jar:/home/user/.m2/repository/org/apache/kerby/kerb-client/1.0.1/kerb-client-1.0.1.jar:/home/user/.m2/repository/org/apache/kerby/kerby-config/1.0.1/kerby-config-1.0.1.jar:/home/user/.m2/repository/org/apache/kerby/kerb-core/1.0.1/kerb-core-1.0.1.jar:/home/user/.m2/repository/org/apache/kerby/kerby-pkix/1.0.1/kerby-pkix-1.0.1.jar:/home/user/.m2/repository/org/apache/kerby/kerby-asn1/1.0.1/kerby-asn1-1.0.1.jar:/home/user/.m2/repository/org/apache/kerby/kerby-util/1.0.1/kerby-util-1.0.1.jar:/home/user/.m2/repository/org/apache/kerby/kerb-common/1.0.1/kerb-common-1.0.1.jar:/home/user/.m2/repository/org/apache/kerby/kerb-crypto/1.0.1/kerb-crypto-1.0.1.jar:/home/user/.m2/repository/org/apache/kerby/kerb-util/1.0.1/kerb-util-1.0.1.jar:/home/user/.m2/repository/org/apache/kerby/token-provider/1.0.1/token-provider-1.0.1.jar:/home/user/.m2/repository/org/apache/kerby/kerb-admin/1.0.1/kerb-admin-1.0.1.jar:/home/user/.m2/repository/org/apache/kerby/kerb-server/1.0.1/kerb-server-1.0.1.jar:/home/user/.m2/repository/org/apache/kerby/kerb-identity/1.0.1/kerb-identity-1.0.1.jar:/home/user/.m2/repository/org/apache/kerby/kerby-xdr/1.0.1/kerby-xdr-1.0.1.jar:/home/user/.m2/repository/org/slf4j/slf4j-log4j12/1.7.25/slf4j-log4j12-1.7.25.jar:/home/user/.m2/repository/org/apache/hadoop/hadoop-ozone-objectstore-service/0.5.0-SNAPSHOT/hadoop-ozone-objectstore-service-0.5.0-SNAPSHOT.jar:/home/user/.m2/repository/org/apache/hadoop/hadoop-ozone-s3gateway/0.5.0-SNAPSHOT/hadoop-ozone-s3gateway-0.5.0-SNAPSHOT.jar:/home/user/.m2/repository/org/jboss/weld/servlet/weld-servlet/2.4.7.Final/weld-servlet-2.4.7.Final.jar:/home/user/.m2/repository/org/glassfish/jersey/containers/jersey-container-servlet-core/2.27/jersey-container-servlet-core-2.27.jar:/home/user/.m2/repository/org/glassfish/hk2/external/javax.inject/2.5.0-b42/javax.inject-2.5.0-b42.jar:/home/user/.m2/repository/org/glassfish/jersey/core/jersey-common/2.27/jersey-common-2.27.jar:/home/user/.m2/repository/org/glassfish/hk2/osgi-resource-locator/1.0.1/osgi-resource-locator-1.0.1.jar:/home/user/.m2/repository/javax/ws/rs/javax.ws.rs-api/2.1/javax.ws.rs-api-2.1.jar:/home/user/.m2/repository/org/glassfish/jersey/ext/cdi/jersey-cdi1x/2.27/jersey-cdi1x-2.27.jar:/home/user/.m2/repository/org/glassfish/jersey/inject/jersey-hk2/2.27/jersey-hk2-2.27.jar:/home/user/.m2/repository/org/glassfish/hk2/hk2-locator/2.5.0-b42/hk2-locator-2.5.0-b42.jar:/home/user/.m2/repository/org/javassist/javassist/3.22.0-CR2/javassist-3.22.0-CR2.jar:/home/user/.m2/repository/org/glassfish/hk2/hk2-api/2.5.0/hk2-api-2.5.0.jar:/home/user/.m2/repository/org/glassfish/hk2/external/jakarta.inject/2.5.0/jakarta.inject-2.5.0.jar:/home/user/.m2/repository/org/glassfish/hk2/hk2-utils/2.5.0/hk2-utils-2.5.0.jar:/home/user/.m2/repository/jakarta/annotation/jakarta.annotation-api/1.3.4/jakarta.annotation-api-1.3.4.jar:/home/user/.m2/repository/org/glassfish/hk2/external/aopalliance-repackaged/2.5.0/aopalliance-repackaged-2.5.0.jar:/home/user/.m2/repository/com/fasterxml/jackson/dataformat/jackson-dataformat-xml/2.9.0/jackson-dataformat-xml-2.9.0.jar:/home/user/.m2/repository/com/fasterxml/jackson/core/jackson-core/2.9.5/jackson-core-2.9.5.jar:/home/user/.m2/repository/com/fasterxml/jackson/module/jackson-module-jaxb-annotations/2.9.5/jackson-module-jaxb-annotations-2.9.5.jar:/home/user/.m2/repository/javax/enterprise/cdi-api/1.2/cdi-api-1.2.jar:/home/user/.m2/repository/javax/el/javax.el-api/3.0.0/javax.el-api-3.0.0.jar:/home/user/.m2/repository/javax/interceptor/javax.interceptor-api/1.2/javax.interceptor-api-1.2.jar:/home/user/.m2/repository/javax/inject/javax.inject/1/javax.inject-1.jar:/home/user/.m2/repository/com/sun/xml/bind/jaxb-impl/2.3.0.1/jaxb-impl-2.3.0.1.jar:/home/user/.m2/repository/com/sun/xml/bind/jaxb-core/2.3.0.1/jaxb-core-2.3.0.1.jar:/home/user/.m2/repository/javax/xml/bind/jaxb-api/2.3.0/jaxb-api-2.3.0.jar:/home/user/.m2/repository/javax/activation/activation/1.1.1/activation-1.1.1.jar:/home/user/.m2/repository/org/apache/hadoop/hadoop-ozone-csi/0.5.0-SNAPSHOT/hadoop-ozone-csi-0.5.0-SNAPSHOT.jar:/home/user/.m2/repository/com/google/protobuf/protobuf-java-util/3.5.1/protobuf-java-util-3.5.1.jar:/home/user/.m2/repository/org/apache/hadoop/hadoop-hdds-config/0.5.0-SNAPSHOT/hadoop-hdds-config-0.5.0-SNAPSHOT.jar:/home/user/.m2/repository/io/grpc/grpc-netty/1.17.1/grpc-netty-1.17.1.jar:/home/user/.m2/repository/io/grpc/grpc-core/1.17.1/grpc-core-1.17.1.jar:/home/user/.m2/repository/io/grpc/grpc-context/1.17.1/grpc-context-1.17.1.jar:/home/user/.m2/repository/com/google/errorprone/error_prone_annotations/2.2.0/error_prone_annotations-2.2.0.jar:/home/user/.m2/repository/org/codehaus/mojo/animal-sniffer-annotations/1.17/animal-sniffer-annotations-1.17.jar:/home/user/.m2/repository/io/opencensus/opencensus-api/0.17.0/opencensus-api-0.17.0.jar:/home/user/.m2/repository/io/opencensus/opencensus-contrib-grpc-metrics/0.17.0/opencensus-contrib-grpc-metrics-0.17.0.jar:/home/user/.m2/repository/io/netty/netty-codec-http2/4.1.30.Final/netty-codec-http2-4.1.30.Final.jar:/home/user/.m2/repository/io/netty/netty-codec-http/4.1.30.Final/netty-codec-http-4.1.30.Final.jar:/home/user/.m2/repository/io/netty/netty-codec/4.1.30.Final/netty-codec-4.1.30.Final.jar:/home/user/.m2/repository/io/netty/netty-handler/4.1.30.Final/netty-handler-4.1.30.Final.jar:/home/user/.m2/repository/io/netty/netty-handler-proxy/4.1.30.Final/netty-handler-proxy-4.1.30.Final.jar:/home/user/.m2/repository/io/netty/netty-codec-socks/4.1.30.Final/netty-codec-socks-4.1.30.Final.jar:/home/user/.m2/repository/io/netty/netty-transport-native-epoll/4.1.30.Final/netty-transport-native-epoll-4.1.30.Final.jar:/home/user/.m2/repository/io/netty/netty-common/4.1.30.Final/netty-common-4.1.30.Final.jar:/home/user/.m2/repository/io/netty/netty-buffer/4.1.30.Final/netty-buffer-4.1.30.Final.jar:/home/user/.m2/repository/io/netty/netty-transport/4.1.30.Final/netty-transport-4.1.30.Final.jar:/home/user/.m2/repository/io/netty/netty-resolver/4.1.30.Final/netty-resolver-4.1.30.Final.jar:/home/user/.m2/repository/io/netty/netty-transport-native-unix-common/4.1.30.Final/netty-transport-native-unix-common-4.1.30.Final.jar:/home/user/.m2/repository/io/grpc/grpc-protobuf/1.17.1/grpc-protobuf-1.17.1.jar:/home/user/.m2/repository/com/google/api/grpc/proto-google-common-protos/1.0.0/proto-google-common-protos-1.0.0.jar:/home/user/.m2/repository/io/grpc/grpc-protobuf-lite/1.17.1/grpc-protobuf-lite-1.17.1.jar:/home/user/.m2/repository/io/grpc/grpc-stub/1.17.1/grpc-stub-1.17.1.jar:/home/user/.m2/repository/org/apache/hadoop/hadoop-ozone-recon/0.5.0-SNAPSHOT/hadoop-ozone-recon-0.5.0-SNAPSHOT.jar:/home/user/.m2/repository/org/apache/hadoop/hadoop-ozone-reconcodegen/0.5.0-SNAPSHOT/hadoop-ozone-reconcodegen-0.5.0-SNAPSHOT.jar:/home/user/.m2/repository/com/google/inject/extensions/guice-multibindings/4.0/guice-multibindings-4.0.jar:/home/user/.m2/repository/com/google/inject/guice/4.0/guice-4.0.jar:/home/user/.m2/repository/aopalliance/aopalliance/1.0/aopalliance-1.0.jar:/home/user/.m2/repository/com/google/inject/extensions/guice-servlet/4.0/guice-servlet-4.0.jar:/home/user/.m2/repository/org/glassfish/jersey/containers/jersey-container-servlet/2.27/jersey-container-servlet-2.27.jar:/home/user/.m2/repository/org/glassfish/hk2/guice-bridge/2.5.0/guice-bridge-2.5.0.jar:/home/user/.m2/repository/org/glassfish/jersey/core/jersey-server/2.27/jersey-server-2.27.jar:/home/user/.m2/repository/org/glassfish/jersey/core/jersey-client/2.27/jersey-client-2.27.jar:/home/user/.m2/repository/org/glassfish/jersey/media/jersey-media-jaxb/2.27/jersey-media-jaxb-2.27.jar:/home/user/.m2/repository/javax/validation/validation-api/1.1.0.Final/validation-api-1.1.0.Final.jar:/home/user/.m2/repository/org/glassfish/jersey/media/jersey-media-json-jackson/2.27/jersey-media-json-jackson-2.27.jar:/home/user/.m2/repository/org/glassfish/jersey/ext/jersey-entity-filtering/2.27/jersey-entity-filtering-2.27.jar:/home/user/.m2/repository/com/google/inject/extensions/guice-assistedinject/4.0/guice-assistedinject-4.0.jar:/home/user/.m2/repository/org/jooq/jooq/3.11.10/jooq-3.11.10.jar:/home/user/.m2/repository/org/jooq/jooq-meta/3.11.10/jooq-meta-3.11.10.jar:/home/user/.m2/repository/org/jooq/jooq-codegen/3.11.10/jooq-codegen-3.11.10.jar:/home/user/.m2/repository/com/jolbox/bonecp/0.8.0.RELEASE/bonecp-0.8.0.RELEASE.jar:/home/user/.m2/repository/org/xerial/sqlite-jdbc/3.25.2/sqlite-jdbc-3.25.2.jar:/home/user/.m2/repository/org/springframework/spring-jdbc/5.1.3.RELEASE/spring-jdbc-5.1.3.RELEASE.jar:/home/user/.m2/repository/org/springframework/spring-beans/5.1.3.RELEASE/spring-beans-5.1.3.RELEASE.jar:/home/user/.m2/repository/org/springframework/spring-core/5.1.3.RELEASE/spring-core-5.1.3.RELEASE.jar:/home/user/.m2/repository/org/springframework/spring-jcl/5.1.3.RELEASE/spring-jcl-5.1.3.RELEASE.jar:/home/user/.m2/repository/org/springframework/spring-tx/5.1.3.RELEASE/spring-tx-5.1.3.RELEASE.jar:/home/user/.m2/repository/org/apache/hadoop/hadoop-ozone-client/0.5.0-SNAPSHOT/hadoop-ozone-client-0.5.0-SNAPSHOT.jar:/home/user/.m2/repository/commons-lang/commons-lang/2.6/commons-lang-2.6.jar:/home/user/.m2/repository/org/apache/hadoop/hadoop-ozone-ozone-manager/0.5.0-SNAPSHOT/hadoop-ozone-ozone-manager-0.5.0-SNAPSHOT-tests.jar:/home/user/.m2/repository/junit/junit/4.11/junit-4.11.jar:/home/user/.m2/repository/org/hamcrest/hamcrest-core/1.3/hamcrest-core-1.3.jar:/home/user/.m2/repository/org/openjdk/jmh/jmh-core/1.19/jmh-core-1.19.jar:/home/user/.m2/repository/net/sf/jopt-simple/jopt-simple/4.6/jopt-simple-4.6.jar:/home/user/.m2/repository/org/apache/commons/commons-math3/3.1.1/commons-math3-3.1.1.jar:/home/user/.m2/repository/org/openjdk/jmh/jmh-generator-annprocess/1.19/jmh-generator-annprocess-1.19.jar:/home/user/.m2/repository/org/mockito/mockito-all/1.8.5/mockito-all-1.8.5.jar:/home/user/.m2/repository/org/apache/hadoop/hadoop-kms/3.2.0/hadoop-kms-3.2.0.jar:/home/user/.m2/repository/org/apache/hadoop/hadoop-auth/3.2.0/hadoop-auth-3.2.0.jar:/home/user/.m2/repository/com/nimbusds/nimbus-jose-jwt/4.41.1/nimbus-jose-jwt-4.41.1.jar:/home/user/.m2/repository/com/github/stephenc/jcip/jcip-annotations/1.0-1/jcip-annotations-1.0-1.jar:/home/user/.m2/repository/net/minidev/json-smart/2.3/json-smart-2.3.jar:/home/user/.m2/repository/net/minidev/accessors-smart/1.2/accessors-smart-1.2.jar:/home/user/.m2/repository/org/ow2/asm/asm/5.0.4/asm-5.0.4.jar:/home/user/.m2/repository/org/apache/curator/curator-framework/2.12.0/curator-framework-2.12.0.jar:/home/user/.m2/repository/com/sun/jersey/jersey-core/1.19/jersey-core-1.19.jar:/home/user/.m2/repository/javax/ws/rs/jsr311-api/1.1.1/jsr311-api-1.1.1.jar:/home/user/.m2/repository/com/sun/jersey/jersey-server/1.19/jersey-server-1.19.jar:/home/user/.m2/repository/javax/servlet/javax.servlet-api/3.1.0/javax.servlet-api-3.1.0.jar:/home/user/.m2/repository/org/eclipse/jetty/jetty-server/9.3.24.v20180605/jetty-server-9.3.24.v20180605.jar:/home/user/.m2/repository/org/eclipse/jetty/jetty-http/9.3.24.v20180605/jetty-http-9.3.24.v20180605.jar:/home/user/.m2/repository/org/eclipse/jetty/jetty-io/9.3.24.v20180605/jetty-io-9.3.24.v20180605.jar:/home/user/.m2/repository/org/eclipse/jetty/jetty-webapp/9.3.24.v20180605/jetty-webapp-9.3.24.v20180605.jar:/home/user/.m2/repository/org/eclipse/jetty/jetty-xml/9.3.24.v20180605/jetty-xml-9.3.24.v20180605.jar:/home/user/.m2/repository/log4j/log4j/1.2.17/log4j-1.2.17.jar:/home/user/.m2/repository/org/slf4j/slf4j-api/1.7.25/slf4j-api-1.7.25.jar:/home/user/.m2/repository/org/slf4j/jul-to-slf4j/1.7.25/jul-to-slf4j-1.7.25.jar:/home/user/.m2/repository/org/eclipse/jetty/jetty-util/9.3.24.v20180605/jetty-util-9.3.24.v20180605.jar:/home/user/.m2/repository/com/fasterxml/jackson/core/jackson-databind/2.9.5/jackson-databind-2.9.5.jar:/home/user/.m2/repository/org/apache/hadoop/hadoop-kms/3.2.0/hadoop-kms-3.2.0-tests.jar:/home/user/.m2/repository/org/apache/hadoop/hadoop-hdds-server-scm/0.5.0-SNAPSHOT/hadoop-hdds-server-scm-0.5.0-SNAPSHOT-tests.jar:/home/user/.m2/repository/org/apache/hadoop/hadoop-hdds-container-service/0.5.0-SNAPSHOT/hadoop-hdds-container-service-0.5.0-SNAPSHOT-tests.jar:/home/user/.m2/repository/org/yaml/snakeyaml/1.16/snakeyaml-1.16.jar:/home/user/.m2/repository/org/apache/hadoop/hadoop-common/3.2.0/hadoop-common-3.2.0-tests.jar:/home/user/.m2/repository/org/apache/hadoop/hadoop-annotations/3.2.0/hadoop-annotations-3.2.0.jar:/usr/lib/jvm/java-1.8-openjdk/jre/../lib/tools.jar:/home/user/.m2/repository/commons-cli/commons-cli/1.2/commons-cli-1.2.jar:/home/user/.m2/repository/org/apache/httpcomponents/httpclient/4.5.2/httpclient-4.5.2.jar:/home/user/.m2/repository/org/apache/httpcomponents/httpcore/4.4.4/httpcore-4.4.4.jar:/home/user/.m2/repository/commons-codec/commons-codec/1.11/commons-codec-1.11.jar:/home/user/.m2/repository/commons-net/commons-net/3.6/commons-net-3.6.jar:/home/user/.m2/repository/commons-collections/commons-collections/3.2.2/commons-collections-3.2.2.jar:/home/user/.m2/repository/org/eclipse/jetty/jetty-servlet/9.3.24.v20180605/jetty-servlet-9.3.24.v20180605.jar:/home/user/.m2/repository/org/eclipse/jetty/jetty-security/9.3.24.v20180605/jetty-security-9.3.24.v20180605.jar:/home/user/.m2/repository/javax/servlet/jsp/jsp-api/2.1/jsp-api-2.1.jar:/home/user/.m2/repository/com/sun/jersey/jersey-servlet/1.19/jersey-servlet-1.19.jar:/home/user/.m2/repository/com/sun/jersey/jersey-json/1.19/jersey-json-1.19.jar:/home/user/.m2/repository/org/codehaus/jettison/jettison/1.1/jettison-1.1.jar:/home/user/.m2/repository/org/codehaus/jackson/jackson-core-asl/1.9.13/jackson-core-asl-1.9.13.jar:/home/user/.m2/repository/org/codehaus/jackson/jackson-mapper-asl/1.9.13/jackson-mapper-asl-1.9.13.jar:/home/user/.m2/repository/org/codehaus/jackson/jackson-jaxrs/1.9.13/jackson-jaxrs-1.9.13.jar:/home/user/.m2/repository/org/codehaus/jackson/jackson-xc/1.9.13/jackson-xc-1.9.13.jar:/home/user/.m2/repository/commons-logging/commons-logging/1.1.3/commons-logging-1.1.3.jar:/home/user/.m2/repository/commons-beanutils/commons-beanutils/1.9.3/commons-beanutils-1.9.3.jar:/home/user/.m2/repository/org/apache/commons/commons-configuration2/2.1.1/commons-configuration2-2.1.1.jar:/home/user/.m2/repository/org/apache/commons/commons-lang3/3.7/commons-lang3-3.7.jar:/home/user/.m2/repository/org/apache/commons/commons-text/1.4/commons-text-1.4.jar:/home/user/.m2/repository/org/apache/avro/avro/1.7.7/avro-1.7.7.jar:/home/user/.m2/repository/com/thoughtworks/paranamer/paranamer/2.3/paranamer-2.3.jar:/home/user/.m2/repository/org/xerial/snappy/snappy-java/1.0.5/snappy-java-1.0.5.jar:/home/user/.m2/repository/com/google/re2j/re2j/1.1/re2j-1.1.jar:/home/user/.m2/repository/com/google/code/gson/gson/2.2.4/gson-2.2.4.jar:/home/user/.m2/repository/com/jcraft/jsch/0.1.54/jsch-0.1.54.jar:/home/user/.m2/repository/org/apache/curator/curator-client/2.12.0/curator-client-2.12.0.jar:/home/user/.m2/repository/org/apache/curator/curator-recipes/2.12.0/curator-recipes-2.12.0.jar:/home/user/.m2/repository/com/google/code/findbugs/jsr305/3.0.0/jsr305-3.0.0.jar:/home/user/.m2/repository/org/apache/htrace/htrace-core4/4.1.0-incubating/htrace-core4-4.1.0-incubating.jar:/home/user/.m2/repository/org/apache/zookeeper/zookeeper/3.4.13/zookeeper-3.4.13.jar:/home/user/.m2/repository/org/apache/yetus/audience-annotations/0.5.0/audience-annotations-0.5.0.jar:/home/user/.m2/repository/org/codehaus/woodstox/stax2-api/3.1.4/stax2-api-3.1.4.jar:/home/user/.m2/repository/com/fasterxml/woodstox/woodstox-core/5.0.3/woodstox-core-5.0.3.jar:/home/user/.m2/repository/dnsjava/dnsjava/2.1.7/dnsjava-2.1.7.jar:/home/user/.m2/repository/org/apache/hadoop/hadoop-hdfs/3.2.0/hadoop-hdfs-3.2.0-tests.jar:/home/user/.m2/repository/org/eclipse/jetty/jetty-util-ajax/9.3.24.v20180605/jetty-util-ajax-9.3.24.v20180605.jar:/home/user/.m2/repository/commons-daemon/commons-daemon/1.0.13/commons-daemon-1.0.13.jar:/home/user/.m2/repository/io/netty/netty/3.10.5.Final/netty-3.10.5.Final.jar:/home/user/.m2/repository/io/netty/netty-all/4.0.52.Final/netty-all-4.0.52.Final.jar:/home/user/.m2/repository/org/fusesource/leveldbjni/leveldbjni-all/1.8/leveldbjni-all-1.8.jar:"/>
    <property name="java.vm.vendor" value="IcedTea"/>
    <property name="sun.arch.data.model" value="64"/>
    <property name="test.build.dir" value="/tmp/workdir/hadoop-ozone/integration-test/target/test-dir"/>
    <property name="test.cache.data" value=""/>
    <property name="java.vendor.url" value="https://icedtea.classpath.org"/>
    <property name="user.timezone" value=""/>
    <property name="java.vm.specification.version" value="1.8"/>
    <property name="os.name" value="Linux"/>
    <property name="test.build.data" value="/tmp/workdir/hadoop-ozone/integration-test/target/test-dir"/>
    <property name="user.country" value="US"/>
    <property name="sun.java.launcher" value="SUN_STANDARD"/>
    <property name="sun.boot.library.path" value="/usr/lib/jvm/java-1.8-openjdk/jre/lib/amd64"/>
    <property name="sun.java.command" value="/tmp/workdir/hadoop-ozone/integration-test/target/surefire/surefirebooter1955782408594353388.jar /tmp/workdir/hadoop-ozone/integration-test/target/surefire 2019-07-14T00-11-12_381-jvmRun1 surefire709108743922996325tmp surefire_491820669218832874860tmp"/>
    <property name="surefire.test.class.path" value="/tmp/workdir/hadoop-ozone/integration-test/target/test-classes:/tmp/workdir/hadoop-ozone/integration-test/target/classes:/home/user/.m2/repository/org/apache/hadoop/hadoop-ozone-common/0.5.0-SNAPSHOT/hadoop-ozone-common-0.5.0-SNAPSHOT.jar:/home/user/.m2/repository/org/apache/commons/commons-compress/1.4.1/commons-compress-1.4.1.jar:/home/user/.m2/repository/org/tukaani/xz/1.0/xz-1.0.jar:/home/user/.m2/repository/org/apache/hadoop/hadoop-common/3.2.0/hadoop-common-3.2.0.jar:/home/user/.m2/repository/org/apache/hadoop/hadoop-hdfs/3.2.0/hadoop-hdfs-3.2.0.jar:/home/user/.m2/repository/org/apache/hadoop/hadoop-hdfs-client/3.2.0/hadoop-hdfs-client-3.2.0.jar:/home/user/.m2/repository/com/fasterxml/jackson/core/jackson-annotations/2.9.5/jackson-annotations-2.9.5.jar:/home/user/.m2/repository/org/apache/hadoop/hadoop-hdds-common/0.5.0-SNAPSHOT/hadoop-hdds-common-0.5.0-SNAPSHOT.jar:/home/user/.m2/repository/javax/annotation/javax.annotation-api/1.2/javax.annotation-api-1.2.jar:/home/user/.m2/repository/org/apache/ratis/ratis-server/0.4.0-2337318-SNAPSHOT/ratis-server-0.4.0-2337318-SNAPSHOT.jar:/home/user/.m2/repository/org/apache/ratis/ratis-thirdparty-misc/0.2.0/ratis-thirdparty-misc-0.2.0.jar:/home/user/.m2/repository/org/apache/ratis/ratis-proto/0.4.0-2337318-SNAPSHOT/ratis-proto-0.4.0-2337318-SNAPSHOT.jar:/home/user/.m2/repository/org/apache/ratis/ratis-common/0.4.0-2337318-SNAPSHOT/ratis-common-0.4.0-2337318-SNAPSHOT.jar:/home/user/.m2/repository/org/apache/ratis/ratis-client/0.4.0-2337318-SNAPSHOT/ratis-client-0.4.0-2337318-SNAPSHOT.jar:/home/user/.m2/repository/org/apache/ratis/ratis-metrics/0.4.0-2337318-SNAPSHOT/ratis-metrics-0.4.0-2337318-SNAPSHOT.jar:/home/user/.m2/repository/org/apache/ratis/ratis-netty/0.4.0-2337318-SNAPSHOT/ratis-netty-0.4.0-2337318-SNAPSHOT.jar:/home/user/.m2/repository/org/apache/ratis/ratis-grpc/0.4.0-2337318-SNAPSHOT/ratis-grpc-0.4.0-2337318-SNAPSHOT.jar:/home/user/.m2/repository/org/rocksdb/rocksdbjni/6.0.1/rocksdbjni-6.0.1.jar:/home/user/.m2/repository/org/apache/logging/log4j/log4j-api/2.11.0/log4j-api-2.11.0.jar:/home/user/.m2/repository/org/apache/logging/log4j/log4j-core/2.11.0/log4j-core-2.11.0.jar:/home/user/.m2/repository/com/lmax/disruptor/3.4.2/disruptor-3.4.2.jar:/home/user/.m2/repository/org/apache/commons/commons-pool2/2.6.0/commons-pool2-2.6.0.jar:/home/user/.m2/repository/org/bouncycastle/bcpkix-jdk15on/1.60/bcpkix-jdk15on-1.60.jar:/home/user/.m2/repository/commons-validator/commons-validator/1.6/commons-validator-1.6.jar:/home/user/.m2/repository/commons-digester/commons-digester/1.8.1/commons-digester-1.8.1.jar:/home/user/.m2/repository/io/jaegertracing/jaeger-client/0.33.1/jaeger-client-0.33.1.jar:/home/user/.m2/repository/io/jaegertracing/jaeger-thrift/0.33.1/jaeger-thrift-0.33.1.jar:/home/user/.m2/repository/org/apache/thrift/libthrift/0.11.0/libthrift-0.11.0.jar:/home/user/.m2/repository/com/squareup/okhttp3/okhttp/3.9.0/okhttp-3.9.0.jar:/home/user/.m2/repository/com/squareup/okio/okio/1.13.0/okio-1.13.0.jar:/home/user/.m2/repository/io/jaegertracing/jaeger-core/0.33.1/jaeger-core-0.33.1.jar:/home/user/.m2/repository/io/jaegertracing/jaeger-tracerresolver/0.33.1/jaeger-tracerresolver-0.33.1.jar:/home/user/.m2/repository/io/opentracing/contrib/opentracing-tracerresolver/0.1.5/opentracing-tracerresolver-0.1.5.jar:/home/user/.m2/repository/io/opentracing/opentracing-util/0.31.0/opentracing-util-0.31.0.jar:/home/user/.m2/repository/io/opentracing/opentracing-api/0.31.0/opentracing-api-0.31.0.jar:/home/user/.m2/repository/io/opentracing/opentracing-noop/0.31.0/opentracing-noop-0.31.0.jar:/home/user/.m2/repository/org/apache/hadoop/hadoop-hdds-server-framework/0.5.0-SNAPSHOT/hadoop-hdds-server-framework-0.5.0-SNAPSHOT.jar:/home/user/.m2/repository/org/apache/hadoop/hadoop-hdds-container-service/0.5.0-SNAPSHOT/hadoop-hdds-container-service-0.5.0-SNAPSHOT.jar:/home/user/.m2/repository/org/apache/hadoop/hadoop-hdds-client/0.5.0-SNAPSHOT/hadoop-hdds-client-0.5.0-SNAPSHOT.jar:/home/user/.m2/repository/org/apache/hadoop/hadoop-hdds-tools/0.5.0-SNAPSHOT/hadoop-hdds-tools-0.5.0-SNAPSHOT.jar:/home/user/.m2/repository/org/apache/hadoop/hadoop-hdds-server-scm/0.5.0-SNAPSHOT/hadoop-hdds-server-scm-0.5.0-SNAPSHOT.jar:/home/user/.m2/repository/org/apache/hadoop/hadoop-hdds-docs/0.5.0-SNAPSHOT/hadoop-hdds-docs-0.5.0-SNAPSHOT.jar:/home/user/.m2/repository/io/dropwizard/metrics/metrics-core/3.2.4/metrics-core-3.2.4.jar:/home/user/.m2/repository/org/hamcrest/hamcrest-all/1.3/hamcrest-all-1.3.jar:/home/user/.m2/repository/org/bouncycastle/bcprov-jdk15on/1.60/bcprov-jdk15on-1.60.jar:/home/user/.m2/repository/info/picocli/picocli/3.9.6/picocli-3.9.6.jar:/home/user/.m2/repository/com/google/protobuf/protobuf-java/2.5.0/protobuf-java-2.5.0.jar:/home/user/.m2/repository/com/google/guava/guava/11.0.2/guava-11.0.2.jar:/home/user/.m2/repository/org/apache/hadoop/hadoop-ozone-ozone-manager/0.5.0-SNAPSHOT/hadoop-ozone-ozone-manager-0.5.0-SNAPSHOT.jar:/home/user/.m2/repository/org/apache/hadoop/hadoop-minikdc/3.2.0/hadoop-minikdc-3.2.0.jar:/home/user/.m2/repository/commons-io/commons-io/2.5/commons-io-2.5.jar:/home/user/.m2/repository/org/apache/kerby/kerb-simplekdc/1.0.1/kerb-simplekdc-1.0.1.jar:/home/user/.m2/repository/org/apache/kerby/kerb-client/1.0.1/kerb-client-1.0.1.jar:/home/user/.m2/repository/org/apache/kerby/kerby-config/1.0.1/kerby-config-1.0.1.jar:/home/user/.m2/repository/org/apache/kerby/kerb-core/1.0.1/kerb-core-1.0.1.jar:/home/user/.m2/repository/org/apache/kerby/kerby-pkix/1.0.1/kerby-pkix-1.0.1.jar:/home/user/.m2/repository/org/apache/kerby/kerby-asn1/1.0.1/kerby-asn1-1.0.1.jar:/home/user/.m2/repository/org/apache/kerby/kerby-util/1.0.1/kerby-util-1.0.1.jar:/home/user/.m2/repository/org/apache/kerby/kerb-common/1.0.1/kerb-common-1.0.1.jar:/home/user/.m2/repository/org/apache/kerby/kerb-crypto/1.0.1/kerb-crypto-1.0.1.jar:/home/user/.m2/repository/org/apache/kerby/kerb-util/1.0.1/kerb-util-1.0.1.jar:/home/user/.m2/repository/org/apache/kerby/token-provider/1.0.1/token-provider-1.0.1.jar:/home/user/.m2/repository/org/apache/kerby/kerb-admin/1.0.1/kerb-admin-1.0.1.jar:/home/user/.m2/repository/org/apache/kerby/kerb-server/1.0.1/kerb-server-1.0.1.jar:/home/user/.m2/repository/org/apache/kerby/kerb-identity/1.0.1/kerb-identity-1.0.1.jar:/home/user/.m2/repository/org/apache/kerby/kerby-xdr/1.0.1/kerby-xdr-1.0.1.jar:/home/user/.m2/repository/org/slf4j/slf4j-log4j12/1.7.25/slf4j-log4j12-1.7.25.jar:/home/user/.m2/repository/org/apache/hadoop/hadoop-ozone-objectstore-service/0.5.0-SNAPSHOT/hadoop-ozone-objectstore-service-0.5.0-SNAPSHOT.jar:/home/user/.m2/repository/org/apache/hadoop/hadoop-ozone-s3gateway/0.5.0-SNAPSHOT/hadoop-ozone-s3gateway-0.5.0-SNAPSHOT.jar:/home/user/.m2/repository/org/jboss/weld/servlet/weld-servlet/2.4.7.Final/weld-servlet-2.4.7.Final.jar:/home/user/.m2/repository/org/glassfish/jersey/containers/jersey-container-servlet-core/2.27/jersey-container-servlet-core-2.27.jar:/home/user/.m2/repository/org/glassfish/hk2/external/javax.inject/2.5.0-b42/javax.inject-2.5.0-b42.jar:/home/user/.m2/repository/org/glassfish/jersey/core/jersey-common/2.27/jersey-common-2.27.jar:/home/user/.m2/repository/org/glassfish/hk2/osgi-resource-locator/1.0.1/osgi-resource-locator-1.0.1.jar:/home/user/.m2/repository/javax/ws/rs/javax.ws.rs-api/2.1/javax.ws.rs-api-2.1.jar:/home/user/.m2/repository/org/glassfish/jersey/ext/cdi/jersey-cdi1x/2.27/jersey-cdi1x-2.27.jar:/home/user/.m2/repository/org/glassfish/jersey/inject/jersey-hk2/2.27/jersey-hk2-2.27.jar:/home/user/.m2/repository/org/glassfish/hk2/hk2-locator/2.5.0-b42/hk2-locator-2.5.0-b42.jar:/home/user/.m2/repository/org/javassist/javassist/3.22.0-CR2/javassist-3.22.0-CR2.jar:/home/user/.m2/repository/org/glassfish/hk2/hk2-api/2.5.0/hk2-api-2.5.0.jar:/home/user/.m2/repository/org/glassfish/hk2/external/jakarta.inject/2.5.0/jakarta.inject-2.5.0.jar:/home/user/.m2/repository/org/glassfish/hk2/hk2-utils/2.5.0/hk2-utils-2.5.0.jar:/home/user/.m2/repository/jakarta/annotation/jakarta.annotation-api/1.3.4/jakarta.annotation-api-1.3.4.jar:/home/user/.m2/repository/org/glassfish/hk2/external/aopalliance-repackaged/2.5.0/aopalliance-repackaged-2.5.0.jar:/home/user/.m2/repository/com/fasterxml/jackson/dataformat/jackson-dataformat-xml/2.9.0/jackson-dataformat-xml-2.9.0.jar:/home/user/.m2/repository/com/fasterxml/jackson/core/jackson-core/2.9.5/jackson-core-2.9.5.jar:/home/user/.m2/repository/com/fasterxml/jackson/module/jackson-module-jaxb-annotations/2.9.5/jackson-module-jaxb-annotations-2.9.5.jar:/home/user/.m2/repository/javax/enterprise/cdi-api/1.2/cdi-api-1.2.jar:/home/user/.m2/repository/javax/el/javax.el-api/3.0.0/javax.el-api-3.0.0.jar:/home/user/.m2/repository/javax/interceptor/javax.interceptor-api/1.2/javax.interceptor-api-1.2.jar:/home/user/.m2/repository/javax/inject/javax.inject/1/javax.inject-1.jar:/home/user/.m2/repository/com/sun/xml/bind/jaxb-impl/2.3.0.1/jaxb-impl-2.3.0.1.jar:/home/user/.m2/repository/com/sun/xml/bind/jaxb-core/2.3.0.1/jaxb-core-2.3.0.1.jar:/home/user/.m2/repository/javax/xml/bind/jaxb-api/2.3.0/jaxb-api-2.3.0.jar:/home/user/.m2/repository/javax/activation/activation/1.1.1/activation-1.1.1.jar:/home/user/.m2/repository/org/apache/hadoop/hadoop-ozone-csi/0.5.0-SNAPSHOT/hadoop-ozone-csi-0.5.0-SNAPSHOT.jar:/home/user/.m2/repository/com/google/protobuf/protobuf-java-util/3.5.1/protobuf-java-util-3.5.1.jar:/home/user/.m2/repository/org/apache/hadoop/hadoop-hdds-config/0.5.0-SNAPSHOT/hadoop-hdds-config-0.5.0-SNAPSHOT.jar:/home/user/.m2/repository/io/grpc/grpc-netty/1.17.1/grpc-netty-1.17.1.jar:/home/user/.m2/repository/io/grpc/grpc-core/1.17.1/grpc-core-1.17.1.jar:/home/user/.m2/repository/io/grpc/grpc-context/1.17.1/grpc-context-1.17.1.jar:/home/user/.m2/repository/com/google/errorprone/error_prone_annotations/2.2.0/error_prone_annotations-2.2.0.jar:/home/user/.m2/repository/org/codehaus/mojo/animal-sniffer-annotations/1.17/animal-sniffer-annotations-1.17.jar:/home/user/.m2/repository/io/opencensus/opencensus-api/0.17.0/opencensus-api-0.17.0.jar:/home/user/.m2/repository/io/opencensus/opencensus-contrib-grpc-metrics/0.17.0/opencensus-contrib-grpc-metrics-0.17.0.jar:/home/user/.m2/repository/io/netty/netty-codec-http2/4.1.30.Final/netty-codec-http2-4.1.30.Final.jar:/home/user/.m2/repository/io/netty/netty-codec-http/4.1.30.Final/netty-codec-http-4.1.30.Final.jar:/home/user/.m2/repository/io/netty/netty-codec/4.1.30.Final/netty-codec-4.1.30.Final.jar:/home/user/.m2/repository/io/netty/netty-handler/4.1.30.Final/netty-handler-4.1.30.Final.jar:/home/user/.m2/repository/io/netty/netty-handler-proxy/4.1.30.Final/netty-handler-proxy-4.1.30.Final.jar:/home/user/.m2/repository/io/netty/netty-codec-socks/4.1.30.Final/netty-codec-socks-4.1.30.Final.jar:/home/user/.m2/repository/io/netty/netty-transport-native-epoll/4.1.30.Final/netty-transport-native-epoll-4.1.30.Final.jar:/home/user/.m2/repository/io/netty/netty-common/4.1.30.Final/netty-common-4.1.30.Final.jar:/home/user/.m2/repository/io/netty/netty-buffer/4.1.30.Final/netty-buffer-4.1.30.Final.jar:/home/user/.m2/repository/io/netty/netty-transport/4.1.30.Final/netty-transport-4.1.30.Final.jar:/home/user/.m2/repository/io/netty/netty-resolver/4.1.30.Final/netty-resolver-4.1.30.Final.jar:/home/user/.m2/repository/io/netty/netty-transport-native-unix-common/4.1.30.Final/netty-transport-native-unix-common-4.1.30.Final.jar:/home/user/.m2/repository/io/grpc/grpc-protobuf/1.17.1/grpc-protobuf-1.17.1.jar:/home/user/.m2/repository/com/google/api/grpc/proto-google-common-protos/1.0.0/proto-google-common-protos-1.0.0.jar:/home/user/.m2/repository/io/grpc/grpc-protobuf-lite/1.17.1/grpc-protobuf-lite-1.17.1.jar:/home/user/.m2/repository/io/grpc/grpc-stub/1.17.1/grpc-stub-1.17.1.jar:/home/user/.m2/repository/org/apache/hadoop/hadoop-ozone-recon/0.5.0-SNAPSHOT/hadoop-ozone-recon-0.5.0-SNAPSHOT.jar:/home/user/.m2/repository/org/apache/hadoop/hadoop-ozone-reconcodegen/0.5.0-SNAPSHOT/hadoop-ozone-reconcodegen-0.5.0-SNAPSHOT.jar:/home/user/.m2/repository/com/google/inject/extensions/guice-multibindings/4.0/guice-multibindings-4.0.jar:/home/user/.m2/repository/com/google/inject/guice/4.0/guice-4.0.jar:/home/user/.m2/repository/aopalliance/aopalliance/1.0/aopalliance-1.0.jar:/home/user/.m2/repository/com/google/inject/extensions/guice-servlet/4.0/guice-servlet-4.0.jar:/home/user/.m2/repository/org/glassfish/jersey/containers/jersey-container-servlet/2.27/jersey-container-servlet-2.27.jar:/home/user/.m2/repository/org/glassfish/hk2/guice-bridge/2.5.0/guice-bridge-2.5.0.jar:/home/user/.m2/repository/org/glassfish/jersey/core/jersey-server/2.27/jersey-server-2.27.jar:/home/user/.m2/repository/org/glassfish/jersey/core/jersey-client/2.27/jersey-client-2.27.jar:/home/user/.m2/repository/org/glassfish/jersey/media/jersey-media-jaxb/2.27/jersey-media-jaxb-2.27.jar:/home/user/.m2/repository/javax/validation/validation-api/1.1.0.Final/validation-api-1.1.0.Final.jar:/home/user/.m2/repository/org/glassfish/jersey/media/jersey-media-json-jackson/2.27/jersey-media-json-jackson-2.27.jar:/home/user/.m2/repository/org/glassfish/jersey/ext/jersey-entity-filtering/2.27/jersey-entity-filtering-2.27.jar:/home/user/.m2/repository/com/google/inject/extensions/guice-assistedinject/4.0/guice-assistedinject-4.0.jar:/home/user/.m2/repository/org/jooq/jooq/3.11.10/jooq-3.11.10.jar:/home/user/.m2/repository/org/jooq/jooq-meta/3.11.10/jooq-meta-3.11.10.jar:/home/user/.m2/repository/org/jooq/jooq-codegen/3.11.10/jooq-codegen-3.11.10.jar:/home/user/.m2/repository/com/jolbox/bonecp/0.8.0.RELEASE/bonecp-0.8.0.RELEASE.jar:/home/user/.m2/repository/org/xerial/sqlite-jdbc/3.25.2/sqlite-jdbc-3.25.2.jar:/home/user/.m2/repository/org/springframework/spring-jdbc/5.1.3.RELEASE/spring-jdbc-5.1.3.RELEASE.jar:/home/user/.m2/repository/org/springframework/spring-beans/5.1.3.RELEASE/spring-beans-5.1.3.RELEASE.jar:/home/user/.m2/repository/org/springframework/spring-core/5.1.3.RELEASE/spring-core-5.1.3.RELEASE.jar:/home/user/.m2/repository/org/springframework/spring-jcl/5.1.3.RELEASE/spring-jcl-5.1.3.RELEASE.jar:/home/user/.m2/repository/org/springframework/spring-tx/5.1.3.RELEASE/spring-tx-5.1.3.RELEASE.jar:/home/user/.m2/repository/org/apache/hadoop/hadoop-ozone-client/0.5.0-SNAPSHOT/hadoop-ozone-client-0.5.0-SNAPSHOT.jar:/home/user/.m2/repository/commons-lang/commons-lang/2.6/commons-lang-2.6.jar:/home/user/.m2/repository/org/apache/hadoop/hadoop-ozone-ozone-manager/0.5.0-SNAPSHOT/hadoop-ozone-ozone-manager-0.5.0-SNAPSHOT-tests.jar:/home/user/.m2/repository/junit/junit/4.11/junit-4.11.jar:/home/user/.m2/repository/org/hamcrest/hamcrest-core/1.3/hamcrest-core-1.3.jar:/home/user/.m2/repository/org/openjdk/jmh/jmh-core/1.19/jmh-core-1.19.jar:/home/user/.m2/repository/net/sf/jopt-simple/jopt-simple/4.6/jopt-simple-4.6.jar:/home/user/.m2/repository/org/apache/commons/commons-math3/3.1.1/commons-math3-3.1.1.jar:/home/user/.m2/repository/org/openjdk/jmh/jmh-generator-annprocess/1.19/jmh-generator-annprocess-1.19.jar:/home/user/.m2/repository/org/mockito/mockito-all/1.8.5/mockito-all-1.8.5.jar:/home/user/.m2/repository/org/apache/hadoop/hadoop-kms/3.2.0/hadoop-kms-3.2.0.jar:/home/user/.m2/repository/org/apache/hadoop/hadoop-auth/3.2.0/hadoop-auth-3.2.0.jar:/home/user/.m2/repository/com/nimbusds/nimbus-jose-jwt/4.41.1/nimbus-jose-jwt-4.41.1.jar:/home/user/.m2/repository/com/github/stephenc/jcip/jcip-annotations/1.0-1/jcip-annotations-1.0-1.jar:/home/user/.m2/repository/net/minidev/json-smart/2.3/json-smart-2.3.jar:/home/user/.m2/repository/net/minidev/accessors-smart/1.2/accessors-smart-1.2.jar:/home/user/.m2/repository/org/ow2/asm/asm/5.0.4/asm-5.0.4.jar:/home/user/.m2/repository/org/apache/curator/curator-framework/2.12.0/curator-framework-2.12.0.jar:/home/user/.m2/repository/com/sun/jersey/jersey-core/1.19/jersey-core-1.19.jar:/home/user/.m2/repository/javax/ws/rs/jsr311-api/1.1.1/jsr311-api-1.1.1.jar:/home/user/.m2/repository/com/sun/jersey/jersey-server/1.19/jersey-server-1.19.jar:/home/user/.m2/repository/javax/servlet/javax.servlet-api/3.1.0/javax.servlet-api-3.1.0.jar:/home/user/.m2/repository/org/eclipse/jetty/jetty-server/9.3.24.v20180605/jetty-server-9.3.24.v20180605.jar:/home/user/.m2/repository/org/eclipse/jetty/jetty-http/9.3.24.v20180605/jetty-http-9.3.24.v20180605.jar:/home/user/.m2/repository/org/eclipse/jetty/jetty-io/9.3.24.v20180605/jetty-io-9.3.24.v20180605.jar:/home/user/.m2/repository/org/eclipse/jetty/jetty-webapp/9.3.24.v20180605/jetty-webapp-9.3.24.v20180605.jar:/home/user/.m2/repository/org/eclipse/jetty/jetty-xml/9.3.24.v20180605/jetty-xml-9.3.24.v20180605.jar:/home/user/.m2/repository/log4j/log4j/1.2.17/log4j-1.2.17.jar:/home/user/.m2/repository/org/slf4j/slf4j-api/1.7.25/slf4j-api-1.7.25.jar:/home/user/.m2/repository/org/slf4j/jul-to-slf4j/1.7.25/jul-to-slf4j-1.7.25.jar:/home/user/.m2/repository/org/eclipse/jetty/jetty-util/9.3.24.v20180605/jetty-util-9.3.24.v20180605.jar:/home/user/.m2/repository/com/fasterxml/jackson/core/jackson-databind/2.9.5/jackson-databind-2.9.5.jar:/home/user/.m2/repository/org/apache/hadoop/hadoop-kms/3.2.0/hadoop-kms-3.2.0-tests.jar:/home/user/.m2/repository/org/apache/hadoop/hadoop-hdds-server-scm/0.5.0-SNAPSHOT/hadoop-hdds-server-scm-0.5.0-SNAPSHOT-tests.jar:/home/user/.m2/repository/org/apache/hadoop/hadoop-hdds-container-service/0.5.0-SNAPSHOT/hadoop-hdds-container-service-0.5.0-SNAPSHOT-tests.jar:/home/user/.m2/repository/org/yaml/snakeyaml/1.16/snakeyaml-1.16.jar:/home/user/.m2/repository/org/apache/hadoop/hadoop-common/3.2.0/hadoop-common-3.2.0-tests.jar:/home/user/.m2/repository/org/apache/hadoop/hadoop-annotations/3.2.0/hadoop-annotations-3.2.0.jar:/usr/lib/jvm/java-1.8-openjdk/jre/../lib/tools.jar:/home/user/.m2/repository/commons-cli/commons-cli/1.2/commons-cli-1.2.jar:/home/user/.m2/repository/org/apache/httpcomponents/httpclient/4.5.2/httpclient-4.5.2.jar:/home/user/.m2/repository/org/apache/httpcomponents/httpcore/4.4.4/httpcore-4.4.4.jar:/home/user/.m2/repository/commons-codec/commons-codec/1.11/commons-codec-1.11.jar:/home/user/.m2/repository/commons-net/commons-net/3.6/commons-net-3.6.jar:/home/user/.m2/repository/commons-collections/commons-collections/3.2.2/commons-collections-3.2.2.jar:/home/user/.m2/repository/org/eclipse/jetty/jetty-servlet/9.3.24.v20180605/jetty-servlet-9.3.24.v20180605.jar:/home/user/.m2/repository/org/eclipse/jetty/jetty-security/9.3.24.v20180605/jetty-security-9.3.24.v20180605.jar:/home/user/.m2/repository/javax/servlet/jsp/jsp-api/2.1/jsp-api-2.1.jar:/home/user/.m2/repository/com/sun/jersey/jersey-servlet/1.19/jersey-servlet-1.19.jar:/home/user/.m2/repository/com/sun/jersey/jersey-json/1.19/jersey-json-1.19.jar:/home/user/.m2/repository/org/codehaus/jettison/jettison/1.1/jettison-1.1.jar:/home/user/.m2/repository/org/codehaus/jackson/jackson-core-asl/1.9.13/jackson-core-asl-1.9.13.jar:/home/user/.m2/repository/org/codehaus/jackson/jackson-mapper-asl/1.9.13/jackson-mapper-asl-1.9.13.jar:/home/user/.m2/repository/org/codehaus/jackson/jackson-jaxrs/1.9.13/jackson-jaxrs-1.9.13.jar:/home/user/.m2/repository/org/codehaus/jackson/jackson-xc/1.9.13/jackson-xc-1.9.13.jar:/home/user/.m2/repository/commons-logging/commons-logging/1.1.3/commons-logging-1.1.3.jar:/home/user/.m2/repository/commons-beanutils/commons-beanutils/1.9.3/commons-beanutils-1.9.3.jar:/home/user/.m2/repository/org/apache/commons/commons-configuration2/2.1.1/commons-configuration2-2.1.1.jar:/home/user/.m2/repository/org/apache/commons/commons-lang3/3.7/commons-lang3-3.7.jar:/home/user/.m2/repository/org/apache/commons/commons-text/1.4/commons-text-1.4.jar:/home/user/.m2/repository/org/apache/avro/avro/1.7.7/avro-1.7.7.jar:/home/user/.m2/repository/com/thoughtworks/paranamer/paranamer/2.3/paranamer-2.3.jar:/home/user/.m2/repository/org/xerial/snappy/snappy-java/1.0.5/snappy-java-1.0.5.jar:/home/user/.m2/repository/com/google/re2j/re2j/1.1/re2j-1.1.jar:/home/user/.m2/repository/com/google/code/gson/gson/2.2.4/gson-2.2.4.jar:/home/user/.m2/repository/com/jcraft/jsch/0.1.54/jsch-0.1.54.jar:/home/user/.m2/repository/org/apache/curator/curator-client/2.12.0/curator-client-2.12.0.jar:/home/user/.m2/repository/org/apache/curator/curator-recipes/2.12.0/curator-recipes-2.12.0.jar:/home/user/.m2/repository/com/google/code/findbugs/jsr305/3.0.0/jsr305-3.0.0.jar:/home/user/.m2/repository/org/apache/htrace/htrace-core4/4.1.0-incubating/htrace-core4-4.1.0-incubating.jar:/home/user/.m2/repository/org/apache/zookeeper/zookeeper/3.4.13/zookeeper-3.4.13.jar:/home/user/.m2/repository/org/apache/yetus/audience-annotations/0.5.0/audience-annotations-0.5.0.jar:/home/user/.m2/repository/org/codehaus/woodstox/stax2-api/3.1.4/stax2-api-3.1.4.jar:/home/user/.m2/repository/com/fasterxml/woodstox/woodstox-core/5.0.3/woodstox-core-5.0.3.jar:/home/user/.m2/repository/dnsjava/dnsjava/2.1.7/dnsjava-2.1.7.jar:/home/user/.m2/repository/org/apache/hadoop/hadoop-hdfs/3.2.0/hadoop-hdfs-3.2.0-tests.jar:/home/user/.m2/repository/org/eclipse/jetty/jetty-util-ajax/9.3.24.v20180605/jetty-util-ajax-9.3.24.v20180605.jar:/home/user/.m2/repository/commons-daemon/commons-daemon/1.0.13/commons-daemon-1.0.13.jar:/home/user/.m2/repository/io/netty/netty/3.10.5.Final/netty-3.10.5.Final.jar:/home/user/.m2/repository/io/netty/netty-all/4.0.52.Final/netty-all-4.0.52.Final.jar:/home/user/.m2/repository/org/fusesource/leveldbjni/leveldbjni-all/1.8/leveldbjni-all-1.8.jar:"/>
    <property name="sun.cpu.endian" value="little"/>
    <property name="user.home" value="/home/user"/>
    <property name="user.language" value="en"/>
    <property name="java.specification.vendor" value="Oracle Corporation"/>
    <property name="java.home" value="/usr/lib/jvm/java-1.8-openjdk/jre"/>
    <property name="java.security.krb5.conf" value="/tmp/workdir/hadoop-ozone/integration-test/target/test-classes/krb5.conf"/>
    <property name="basedir" value="/tmp/workdir/hadoop-ozone/integration-test"/>
    <property name="file.separator" value="/"/>
    <property name="line.separator" value="&#10;"/>
    <property name="java.vm.specification.vendor" value="Oracle Corporation"/>
    <property name="java.specification.name" value="Java Platform API Specification"/>
    <property name="java.awt.graphicsenv" value="sun.awt.X11GraphicsEnvironment"/>
    <property name="surefire.real.class.path" value="/tmp/workdir/hadoop-ozone/integration-test/target/surefire/surefirebooter1955782408594353388.jar"/>
    <property name="hadoop.log.dir" value="/tmp/workdir/hadoop-ozone/integration-test/target/log"/>
    <property name="sun.boot.class.path" value="/usr/lib/jvm/java-1.8-openjdk/jre/lib/resources.jar:/usr/lib/jvm/java-1.8-openjdk/jre/lib/rt.jar:/usr/lib/jvm/java-1.8-openjdk/jre/lib/sunrsasign.jar:/usr/lib/jvm/java-1.8-openjdk/jre/lib/jsse.jar:/usr/lib/jvm/java-1.8-openjdk/jre/lib/jce.jar:/usr/lib/jvm/java-1.8-openjdk/jre/lib/charsets.jar:/usr/lib/jvm/java-1.8-openjdk/jre/lib/jfr.jar:/usr/lib/jvm/java-1.8-openjdk/jre/classes"/>
    <property name="sun.management.compiler" value="HotSpot 64-Bit Tiered Compilers"/>
    <property name="java.runtime.version" value="1.8.0_212-b04"/>
    <property name="java.net.preferIPv4Stack" value="true"/>
    <property name="user.name" value="jenkins1000"/>
    <property name="path.separator" value=":"/>
    <property name="java.security.egd" value="file:///dev/urandom"/>
    <property name="os.version" value="3.10.0-957.12.2.el7.x86_64"/>
    <property name="java.endorsed.dirs" value="/usr/lib/jvm/java-1.8-openjdk/jre/lib/endorsed"/>
    <property name="java.runtime.name" value="OpenJDK Runtime Environment"/>
    <property name="file.encoding" value="UTF-8"/>
    <property name="java.vm.name" value="OpenJDK 64-Bit Server VM"/>
    <property name="test.build.webapps" value=""/>
    <property name="localRepository" value="/home/user/.m2/repository"/>
    <property name="java.vendor.url.bug" value="https://icedtea.classpath.org/bugzilla"/>
    <property name="java.io.tmpdir" value="/tmp"/>
    <property name="require.test.libhadoop" value=""/>
    <property name="java.version" value="1.8.0_212"/>
    <property name="user.dir" value="/tmp/workdir/hadoop-ozone/integration-test"/>
    <property name="os.arch" value="amd64"/>
    <property name="java.vm.specification.name" value="Java Virtual Machine Specification"/>
    <property name="test.build.classes" value="/tmp/workdir/hadoop-ozone/integration-test/target/test-classes"/>
    <property name="java.awt.printerjob" value="sun.print.PSPrinterJob"/>
    <property name="sun.os.patch.level" value="unknown"/>
    <property name="hadoop.tmp.dir" value="/tmp/workdir/hadoop-ozone/integration-test/target/tmp"/>
    <property name="java.library.path" value="/usr/lib/jvm/java-1.8-openjdk/jre/lib/amd64/server:/usr/lib/jvm/java-1.8-openjdk/jre/lib/amd64:/usr/lib/jvm/java-1.8-openjdk/jre/../lib/amd64:/tmp/workdir/hadoop-ozone/integration-test/target/native/target/usr/local/lib:/tmp/workdir/hadoop-ozone/integration-test/../../hadoop-common-project/hadoop-common/target/native/target/usr/local/lib:/usr/java/packages/lib/amd64:/usr/lib64:/lib64:/lib:/usr/lib"/>
    <property name="java.vm.info" value="mixed mode"/>
    <property name="java.vendor" value="IcedTea"/>
    <property name="java.vm.version" value="25.212-b04"/>
    <property name="java.ext.dirs" value="/usr/lib/jvm/java-1.8-openjdk/jre/lib/ext:/usr/java/packages/lib/ext"/>
    <property name="sun.io.unicode.encoding" value="UnicodeLittle"/>
    <property name="java.class.version" value="52.0"/>
  </properties>
  <testcase name="testBlockWriteViaRatis" classname="org.apache.hadoop.ozone.client.rpc.TestCloseContainerHandlingByClient" time="7.349">
    <error type="java.lang.IllegalArgumentException">java.lang.IllegalArgumentException
	at com.google.common.base.Preconditions.checkArgument(Preconditions.java:72)
	at org.apache.hadoop.hdds.scm.XceiverClientManager.acquireClient(XceiverClientManager.java:150)
	at org.apache.hadoop.hdds.scm.XceiverClientManager.acquireClientForReadData(XceiverClientManager.java:143)
	at org.apache.hadoop.hdds.scm.storage.BlockInputStream.getChunkInfos(BlockInputStream.java:154)
	at org.apache.hadoop.hdds.scm.storage.BlockInputStream.initialize(BlockInputStream.java:118)
	at org.apache.hadoop.hdds.scm.storage.BlockInputStream.read(BlockInputStream.java:222)
	at org.apache.hadoop.ozone.client.io.KeyInputStream.read(KeyInputStream.java:171)
	at org.apache.hadoop.ozone.client.io.OzoneInputStream.read(OzoneInputStream.java:47)
	at java.io.InputStream.read(InputStream.java:101)
	at org.apache.hadoop.ozone.container.ContainerTestHelper.validateData(ContainerTestHelper.java:709)
	at org.apache.hadoop.ozone.client.rpc.TestCloseContainerHandlingByClient.validateData(TestCloseContainerHandlingByClient.java:401)
	at org.apache.hadoop.ozone.client.rpc.TestCloseContainerHandlingByClient.testBlockWriteViaRatis(TestCloseContainerHandlingByClient.java:433)
	at sun.reflect.NativeMethodAccessorImpl.invoke0(Native Method)
	at sun.reflect.NativeMethodAccessorImpl.invoke(NativeMethodAccessorImpl.java:62)
	at sun.reflect.DelegatingMethodAccessorImpl.invoke(DelegatingMethodAccessorImpl.java:43)
	at java.lang.reflect.Method.invoke(Method.java:498)
	at org.junit.runners.model.FrameworkMethod$1.runReflectiveCall(FrameworkMethod.java:47)
	at org.junit.internal.runners.model.ReflectiveCallable.run(ReflectiveCallable.java:12)
	at org.junit.runners.model.FrameworkMethod.invokeExplosively(FrameworkMethod.java:44)
	at org.junit.internal.runners.statements.InvokeMethod.evaluate(InvokeMethod.java:17)
	at org.junit.runners.ParentRunner.runLeaf(ParentRunner.java:271)
	at org.junit.runners.BlockJUnit4ClassRunner.runChild(BlockJUnit4ClassRunner.java:70)
	at org.junit.runners.BlockJUnit4ClassRunner.runChild(BlockJUnit4ClassRunner.java:50)
	at org.junit.runners.ParentRunner$3.run(ParentRunner.java:238)
	at org.junit.runners.ParentRunner$1.schedule(ParentRunner.java:63)
	at org.junit.runners.ParentRunner.runChildren(ParentRunner.java:236)
	at org.junit.runners.ParentRunner.access$000(ParentRunner.java:53)
	at org.junit.runners.ParentRunner$2.evaluate(ParentRunner.java:229)
	at org.junit.internal.runners.statements.RunBefores.evaluate(RunBefores.java:26)
	at org.junit.internal.runners.statements.RunAfters.evaluate(RunAfters.java:27)
	at org.junit.runners.ParentRunner.run(ParentRunner.java:309)
	at org.apache.maven.surefire.junit4.JUnit4Provider.execute(JUnit4Provider.java:365)
	at org.apache.maven.surefire.junit4.JUnit4Provider.executeWithRerun(JUnit4Provider.java:273)
	at org.apache.maven.surefire.junit4.JUnit4Provider.executeTestSet(JUnit4Provider.java:238)
	at org.apache.maven.surefire.junit4.JUnit4Provider.invoke(JUnit4Provider.java:159)
	at org.apache.maven.surefire.booter.ForkedBooter.invokeProviderInSameClassLoader(ForkedBooter.java:384)
	at org.apache.maven.surefire.booter.ForkedBooter.runSuitesInProcess(ForkedBooter.java:345)
	at org.apache.maven.surefire.booter.ForkedBooter.execute(ForkedBooter.java:126)
	at org.apache.maven.surefire.booter.ForkedBooter.main(ForkedBooter.java:418)
</error>
    <system-out><![CDATA[2019-07-14 00:59:10,077 WARN  server.ServerUtils (ServerUtils.java:getScmDbDir(145)) - ozone.scm.db.dirs is not configured. We recommend adding this setting. Falling back to ozone.metadata.dirs instead.
2019-07-14 00:59:10,182 WARN  server.ServerUtils (ServerUtils.java:getScmDbDir(145)) - ozone.scm.db.dirs is not configured. We recommend adding this setting. Falling back to ozone.metadata.dirs instead.
2019-07-14 00:59:10,184 WARN  server.ServerUtils (ServerUtils.java:getScmDbDir(145)) - ozone.scm.db.dirs is not configured. We recommend adding this setting. Falling back to ozone.metadata.dirs instead.
2019-07-14 00:59:10,197 INFO  util.log (Log.java:initialized(192)) - Logging initialized @834ms
2019-07-14 00:59:10,276 INFO  db.DBStoreBuilder (DBStoreBuilder.java:addTable(110)) - using custom profile for table: deletedBlocks
2019-07-14 00:59:10,277 INFO  db.DBStoreBuilder (DBStoreBuilder.java:processTables(161)) - Using default column profile:DBProfile.DISK for Table:deletedBlocks
2019-07-14 00:59:10,277 INFO  db.DBStoreBuilder (DBStoreBuilder.java:addTable(110)) - using custom profile for table: validCerts
2019-07-14 00:59:10,277 INFO  db.DBStoreBuilder (DBStoreBuilder.java:processTables(161)) - Using default column profile:DBProfile.DISK for Table:validCerts
2019-07-14 00:59:10,278 INFO  db.DBStoreBuilder (DBStoreBuilder.java:addTable(110)) - using custom profile for table: revokedCerts
2019-07-14 00:59:10,278 INFO  db.DBStoreBuilder (DBStoreBuilder.java:processTables(161)) - Using default column profile:DBProfile.DISK for Table:revokedCerts
2019-07-14 00:59:10,288 INFO  db.DBStoreBuilder (DBStoreBuilder.java:addTable(110)) - using custom profile for table: default
2019-07-14 00:59:10,288 INFO  db.DBStoreBuilder (DBStoreBuilder.java:processTables(167)) - Using default column profile:DBProfile.DISK for Table:default
2019-07-14 00:59:10,289 INFO  db.DBStoreBuilder (DBStoreBuilder.java:getDbProfile(198)) - Using default options. DBProfile.DISK
2019-07-14 00:59:10,515 INFO  net.NodeSchemaLoader (NodeSchemaLoader.java:loadSchemaFromFile(125)) - Loading file from sun.misc.CompoundEnumeration@291ae
2019-07-14 00:59:10,517 INFO  net.NodeSchemaLoader (NodeSchemaLoader.java:loadSchema(171)) - Loading network topology layer schema file
2019-07-14 00:59:10,601 INFO  node.SCMNodeManager (SCMNodeManager.java:<init>(119)) - Entering startup safe mode.
2019-07-14 00:59:10,685 WARN  server.ServerUtils (ServerUtils.java:getScmDbDir(145)) - ozone.scm.db.dirs is not configured. We recommend adding this setting. Falling back to ozone.metadata.dirs instead.
2019-07-14 00:59:10,733 INFO  pipeline.SCMPipelineManager (SCMPipelineManager.java:initializePipelineState(126)) - No pipeline exists in current db
2019-07-14 00:59:10,735 WARN  server.ServerUtils (ServerUtils.java:getScmDbDir(145)) - ozone.scm.db.dirs is not configured. We recommend adding this setting. Falling back to ozone.metadata.dirs instead.
2019-07-14 00:59:10,829 WARN  events.EventQueue (EventQueue.java:fireEvent(175)) - No event handler registered for event TypedEvent{payloadType=SafeModeStatus, name='SafeModeStatus'}
2019-07-14 00:59:11,154 INFO  ipc.CallQueueManager (CallQueueManager.java:<init>(84)) - Using callQueue: class java.util.concurrent.LinkedBlockingQueue, queueCapacity: 2000, scheduler: class org.apache.hadoop.ipc.DefaultRpcScheduler, ipcBackoff: false.
2019-07-14 00:59:11,181 INFO  ipc.Server (Server.java:run(1074)) - Starting Socket Reader #1 for port 43567
2019-07-14 00:59:11,204 INFO  ipc.CallQueueManager (CallQueueManager.java:<init>(84)) - Using callQueue: class java.util.concurrent.LinkedBlockingQueue, queueCapacity: 2000, scheduler: class org.apache.hadoop.ipc.DefaultRpcScheduler, ipcBackoff: false.
2019-07-14 00:59:11,206 INFO  ipc.Server (Server.java:run(1074)) - Starting Socket Reader #1 for port 39723
2019-07-14 00:59:11,212 INFO  ipc.CallQueueManager (CallQueueManager.java:<init>(84)) - Using callQueue: class java.util.concurrent.LinkedBlockingQueue, queueCapacity: 2000, scheduler: class org.apache.hadoop.ipc.DefaultRpcScheduler, ipcBackoff: false.
2019-07-14 00:59:11,213 INFO  ipc.Server (Server.java:run(1074)) - Starting Socket Reader #1 for port 36519
2019-07-14 00:59:11,360 INFO  hdfs.DFSUtil (DFSUtil.java:httpServerTemplateForNNAndJN(1641)) - Starting Web-server for scm at: http://0.0.0.0:0
2019-07-14 00:59:11,515 INFO  server.AuthenticationFilter (AuthenticationFilter.java:constructSecretProvider(240)) - Unable to initialize FileSignerSecretProvider, falling back to use random secrets.
2019-07-14 00:59:11,522 WARN  http.HttpRequestLog (HttpRequestLog.java:getRequestLog(97)) - Jetty request log can only be enabled using Log4j
2019-07-14 00:59:11,528 INFO  http.HttpServer2 (HttpServer2.java:addGlobalFilter(975)) - Added global filter 'safety' (class=org.apache.hadoop.http.HttpServer2$QuotingInputFilter)
2019-07-14 00:59:11,530 INFO  http.HttpServer2 (HttpServer2.java:addFilter(948)) - Added filter static_user_filter (class=org.apache.hadoop.http.lib.StaticUserWebFilter$StaticUserFilter) to context scm
2019-07-14 00:59:11,531 INFO  http.HttpServer2 (HttpServer2.java:addFilter(958)) - Added filter static_user_filter (class=org.apache.hadoop.http.lib.StaticUserWebFilter$StaticUserFilter) to context static
2019-07-14 00:59:11,531 INFO  http.HttpServer2 (HttpServer2.java:addFilter(958)) - Added filter static_user_filter (class=org.apache.hadoop.http.lib.StaticUserWebFilter$StaticUserFilter) to context logs
2019-07-14 00:59:11,553 INFO  server.StorageContainerManager (StorageContainerManager.java:start(759)) - StorageContainerLocationProtocol RPC server is listening at /0.0.0.0:36519
2019-07-14 00:59:11,599 WARN  impl.MetricsConfig (MetricsConfig.java:loadFirst(134)) - Cannot locate configuration: tried hadoop-metrics2-storagecontainermanager.properties,hadoop-metrics2.properties
2019-07-14 00:59:11,609 INFO  impl.MetricsSystemImpl (MetricsSystemImpl.java:startTimer(374)) - Scheduled Metric snapshot period at 10 second(s).
2019-07-14 00:59:11,609 INFO  impl.MetricsSystemImpl (MetricsSystemImpl.java:start(191)) - StorageContainerManager metrics system started
2019-07-14 00:59:11,773 INFO  server.SCMClientProtocolServer (SCMClientProtocolServer.java:start(149)) - RPC server for Client  is listening at /0.0.0.0:36519
2019-07-14 00:59:11,774 INFO  ipc.Server (Server.java:run(1314)) - IPC Server Responder: starting
2019-07-14 00:59:11,774 INFO  ipc.Server (Server.java:run(1153)) - IPC Server listener on 36519: starting
2019-07-14 00:59:11,778 INFO  server.StorageContainerManager (StorageContainerManager.java:start(768)) - ScmBlockLocationProtocol RPC server is listening at /0.0.0.0:39723
2019-07-14 00:59:11,778 INFO  server.SCMBlockProtocolServer (SCMBlockProtocolServer.java:start(140)) - RPC server for Block Protocol is listening at /0.0.0.0:39723
2019-07-14 00:59:11,778 INFO  ipc.Server (Server.java:run(1314)) - IPC Server Responder: starting
2019-07-14 00:59:11,778 INFO  ipc.Server (Server.java:run(1153)) - IPC Server listener on 39723: starting
2019-07-14 00:59:11,783 INFO  server.StorageContainerManager (StorageContainerManager.java:start(772)) - ScmDatanodeProtocl RPC server is listening at /0.0.0.0:43567
2019-07-14 00:59:11,783 INFO  server.SCMDatanodeProtocolServer (SCMDatanodeProtocolServer.java:start(191)) - RPC server for DataNodes is listening at /0.0.0.0:43567
2019-07-14 00:59:11,785 INFO  ipc.Server (Server.java:run(1314)) - IPC Server Responder: starting
2019-07-14 00:59:11,785 INFO  ipc.Server (Server.java:run(1153)) - IPC Server listener on 43567: starting
2019-07-14 00:59:11,796 INFO  http.HttpServer2 (HttpServer2.java:bindListener(1191)) - Jetty bound to port 43343
2019-07-14 00:59:11,797 INFO  server.Server (Server.java:doStart(351)) - jetty-9.3.24.v20180605, build timestamp: 2018-06-05T17:11:56Z, git hash: 84205aa28f11a4f31f2a3b86d1bba2cc8ab69827
2019-07-14 00:59:11,829 INFO  handler.ContextHandler (ContextHandler.java:doStart(781)) - Started o.e.j.s.ServletContextHandler@15dcfae7{/logs,file:///tmp/workdir/hadoop-ozone/integration-test/target/log,AVAILABLE}
2019-07-14 00:59:11,830 INFO  handler.ContextHandler (ContextHandler.java:doStart(781)) - Started o.e.j.s.ServletContextHandler@1e636ea3{/static,file:///tmp/workdir/hadoop-ozone/integration-test/target/test-classes/webapps/static,AVAILABLE}
2019-07-14 00:59:11,856 INFO  handler.ContextHandler (ContextHandler.java:doStart(781)) - Started o.e.j.w.WebAppContext@3f23a3a0{/,file:///tmp/workdir/hadoop-ozone/integration-test/target/test-classes/webapps/scm/,AVAILABLE}{/scm}
2019-07-14 00:59:11,860 INFO  server.AbstractConnector (AbstractConnector.java:doStart(278)) - Started ServerConnector@6c6357f9{HTTP/1.1,[http/1.1]}{0.0.0.0:43343}
2019-07-14 00:59:11,860 INFO  server.Server (Server.java:doStart(419)) - Started @2497ms
2019-07-14 00:59:11,861 INFO  server.BaseHttpServer (BaseHttpServer.java:updateConnectorAddress(207)) - HTTP server of SCM is listening at http://0.0.0.0:43343
2019-07-14 00:59:11,867 INFO  util.JvmPauseMonitor (JvmPauseMonitor.java:run(188)) - Starting JVM pause monitor
2019-07-14 00:59:11,868 WARN  server.ServerUtils (ServerUtils.java:getDBPath(222)) - ozone.om.db.dirs is not configured. We recommend adding this setting. Falling back to ozone.metadata.dirs instead.
2019-07-14 00:59:11,947 WARN  server.ServerUtils (ServerUtils.java:getDBPath(222)) - ozone.om.db.dirs is not configured. We recommend adding this setting. Falling back to ozone.metadata.dirs instead.
2019-07-14 00:59:11,948 INFO  om.OzoneManager (OzoneManager.java:setOMNodeDetails(630)) - OM Service ID is not set. Setting it to the default ID: omServiceIdDefault
2019-07-14 00:59:11,948 INFO  om.OzoneManager (OzoneManager.java:setOMNodeDetails(636)) - OM Node ID is not set. Setting it to the OmStorage's OmID: addf5cdc-3a98-4dab-b397-f03f21ec1f60
2019-07-14 00:59:11,949 INFO  om.OzoneManager (OzoneManager.java:loadOMHAConfigs(587)) - Found matching OM address with OMServiceId: null, OMNodeId: null, RPC Address: localhost:0 and Ratis port: 9872
2019-07-14 00:59:12,183 WARN  server.ServerUtils (ServerUtils.java:getDBPath(222)) - ozone.om.db.dirs is not configured. We recommend adding this setting. Falling back to ozone.metadata.dirs instead.
2019-07-14 00:59:12,193 INFO  db.DBStoreBuilder (DBStoreBuilder.java:addTable(110)) - using custom profile for table: userTable
2019-07-14 00:59:12,194 INFO  db.DBStoreBuilder (DBStoreBuilder.java:processTables(161)) - Using default column profile:DBProfile.DISK for Table:userTable
2019-07-14 00:59:12,194 INFO  db.DBStoreBuilder (DBStoreBuilder.java:addTable(110)) - using custom profile for table: volumeTable
2019-07-14 00:59:12,194 INFO  db.DBStoreBuilder (DBStoreBuilder.java:processTables(161)) - Using default column profile:DBProfile.DISK for Table:volumeTable
2019-07-14 00:59:12,195 INFO  db.DBStoreBuilder (DBStoreBuilder.java:addTable(110)) - using custom profile for table: bucketTable
2019-07-14 00:59:12,195 INFO  db.DBStoreBuilder (DBStoreBuilder.java:processTables(161)) - Using default column profile:DBProfile.DISK for Table:bucketTable
2019-07-14 00:59:12,196 INFO  db.DBStoreBuilder (DBStoreBuilder.java:addTable(110)) - using custom profile for table: keyTable
2019-07-14 00:59:12,196 INFO  db.DBStoreBuilder (DBStoreBuilder.java:processTables(161)) - Using default column profile:DBProfile.DISK for Table:keyTable
2019-07-14 00:59:12,196 INFO  db.DBStoreBuilder (DBStoreBuilder.java:addTable(110)) - using custom profile for table: deletedTable
2019-07-14 00:59:12,197 INFO  db.DBStoreBuilder (DBStoreBuilder.java:processTables(161)) - Using default column profile:DBProfile.DISK for Table:deletedTable
2019-07-14 00:59:12,197 INFO  db.DBStoreBuilder (DBStoreBuilder.java:addTable(110)) - using custom profile for table: openKeyTable
2019-07-14 00:59:12,197 INFO  db.DBStoreBuilder (DBStoreBuilder.java:processTables(161)) - Using default column profile:DBProfile.DISK for Table:openKeyTable
2019-07-14 00:59:12,198 INFO  db.DBStoreBuilder (DBStoreBuilder.java:addTable(110)) - using custom profile for table: s3Table
2019-07-14 00:59:12,198 INFO  db.DBStoreBuilder (DBStoreBuilder.java:processTables(161)) - Using default column profile:DBProfile.DISK for Table:s3Table
2019-07-14 00:59:12,198 INFO  db.DBStoreBuilder (DBStoreBuilder.java:addTable(110)) - using custom profile for table: multipartInfoTable
2019-07-14 00:59:12,199 INFO  db.DBStoreBuilder (DBStoreBuilder.java:processTables(161)) - Using default column profile:DBProfile.DISK for Table:multipartInfoTable
2019-07-14 00:59:12,199 INFO  db.DBStoreBuilder (DBStoreBuilder.java:addTable(110)) - using custom profile for table: dTokenTable
2019-07-14 00:59:12,199 INFO  db.DBStoreBuilder (DBStoreBuilder.java:processTables(161)) - Using default column profile:DBProfile.DISK for Table:dTokenTable
2019-07-14 00:59:12,200 INFO  db.DBStoreBuilder (DBStoreBuilder.java:addTable(110)) - using custom profile for table: s3SecretTable
2019-07-14 00:59:12,200 INFO  db.DBStoreBuilder (DBStoreBuilder.java:processTables(161)) - Using default column profile:DBProfile.DISK for Table:s3SecretTable
2019-07-14 00:59:12,200 INFO  db.DBStoreBuilder (DBStoreBuilder.java:addTable(110)) - using custom profile for table: prefixTable
2019-07-14 00:59:12,201 INFO  db.DBStoreBuilder (DBStoreBuilder.java:processTables(161)) - Using default column profile:DBProfile.DISK for Table:prefixTable
2019-07-14 00:59:12,201 INFO  db.DBStoreBuilder (DBStoreBuilder.java:addTable(110)) - using custom profile for table: default
2019-07-14 00:59:12,201 INFO  db.DBStoreBuilder (DBStoreBuilder.java:processTables(167)) - Using default column profile:DBProfile.DISK for Table:default
2019-07-14 00:59:12,202 INFO  db.DBStoreBuilder (DBStoreBuilder.java:getDbProfile(198)) - Using default options. DBProfile.DISK
2019-07-14 00:59:13,136 INFO  ipc.CallQueueManager (CallQueueManager.java:<init>(84)) - Using callQueue: class java.util.concurrent.LinkedBlockingQueue, queueCapacity: 2000, scheduler: class org.apache.hadoop.ipc.DefaultRpcScheduler, ipcBackoff: false.
2019-07-14 00:59:13,138 INFO  ipc.Server (Server.java:run(1074)) - Starting Socket Reader #1 for port 43329
2019-07-14 00:59:13,165 WARN  server.ServerUtils (ServerUtils.java:getDBPath(222)) - ozone.om.db.dirs is not configured. We recommend adding this setting. Falling back to ozone.metadata.dirs instead.
2019-07-14 00:59:13,166 INFO  om.OzoneManager (OzoneManager.java:start(1228)) - OzoneManager RPC server is listening at localhost/127.0.0.1:43329
2019-07-14 00:59:13,166 INFO  impl.MetricsSystemImpl (MetricsSystemImpl.java:init(158)) - OzoneManager metrics system started (again)
2019-07-14 00:59:13,168 INFO  ipc.Server (Server.java:run(1314)) - IPC Server Responder: starting
2019-07-14 00:59:13,168 INFO  ipc.Server (Server.java:run(1153)) - IPC Server listener on 43329: starting
2019-07-14 00:59:13,182 INFO  hdfs.DFSUtil (DFSUtil.java:httpServerTemplateForNNAndJN(1641)) - Starting Web-server for ozoneManager at: http://0.0.0.0:0
2019-07-14 00:59:13,185 INFO  server.AuthenticationFilter (AuthenticationFilter.java:constructSecretProvider(240)) - Unable to initialize FileSignerSecretProvider, falling back to use random secrets.
2019-07-14 00:59:13,186 WARN  http.HttpRequestLog (HttpRequestLog.java:getRequestLog(97)) - Jetty request log can only be enabled using Log4j
2019-07-14 00:59:13,189 INFO  http.HttpServer2 (HttpServer2.java:addGlobalFilter(975)) - Added global filter 'safety' (class=org.apache.hadoop.http.HttpServer2$QuotingInputFilter)
2019-07-14 00:59:13,191 INFO  http.HttpServer2 (HttpServer2.java:addFilter(948)) - Added filter static_user_filter (class=org.apache.hadoop.http.lib.StaticUserWebFilter$StaticUserFilter) to context ozoneManager
2019-07-14 00:59:13,191 INFO  http.HttpServer2 (HttpServer2.java:addFilter(958)) - Added filter static_user_filter (class=org.apache.hadoop.http.lib.StaticUserWebFilter$StaticUserFilter) to context static
2019-07-14 00:59:13,192 INFO  http.HttpServer2 (HttpServer2.java:addFilter(958)) - Added filter static_user_filter (class=org.apache.hadoop.http.lib.StaticUserWebFilter$StaticUserFilter) to context logs
2019-07-14 00:59:13,195 INFO  http.HttpServer2 (HttpServer2.java:bindListener(1191)) - Jetty bound to port 35505
2019-07-14 00:59:13,196 INFO  server.Server (Server.java:doStart(351)) - jetty-9.3.24.v20180605, build timestamp: 2018-06-05T17:11:56Z, git hash: 84205aa28f11a4f31f2a3b86d1bba2cc8ab69827
2019-07-14 00:59:13,198 INFO  handler.ContextHandler (ContextHandler.java:doStart(781)) - Started o.e.j.s.ServletContextHandler@301d8120{/logs,file:///tmp/workdir/hadoop-ozone/integration-test/target/log,AVAILABLE}
2019-07-14 00:59:13,199 INFO  handler.ContextHandler (ContextHandler.java:doStart(781)) - Started o.e.j.s.ServletContextHandler@72458efc{/static,file:///tmp/workdir/hadoop-ozone/integration-test/target/test-classes/webapps/static,AVAILABLE}
2019-07-14 00:59:13,207 INFO  handler.ContextHandler (ContextHandler.java:doStart(781)) - Started o.e.j.w.WebAppContext@6a84bc2a{/,file:///tmp/workdir/hadoop-ozone/integration-test/target/test-classes/webapps/ozoneManager/,AVAILABLE}{/ozoneManager}
2019-07-14 00:59:13,208 INFO  server.AbstractConnector (AbstractConnector.java:doStart(278)) - Started ServerConnector@5183d589{HTTP/1.1,[http/1.1]}{0.0.0.0:35505}
2019-07-14 00:59:13,208 INFO  server.Server (Server.java:doStart(419)) - Started @3846ms
2019-07-14 00:59:13,210 INFO  server.BaseHttpServer (BaseHttpServer.java:updateConnectorAddress(207)) - HTTP server of OZONEMANAGER is listening at http://0.0.0.0:35505
2019-07-14 00:59:13,559 INFO  impl.MetricsSystemImpl (MetricsSystemImpl.java:init(158)) - HddsDatanode metrics system started (again)
2019-07-14 00:59:13,645 INFO  ozone.HddsDatanodeService (HddsDatanodeService.java:start(185)) - HddsDatanodeService host:trunk-nightly-sxkq5-3320257302 ip:192.168.157.230
2019-07-14 00:59:13,681 INFO  volume.HddsVolume (HddsVolume.java:<init>(176)) - Creating Volume: /tmp/workdir/hadoop-ozone/integration-test/target/test-dir/MiniOzoneClusterImpl-764387f4-9493-4923-bec4-d2ba5b458308/datanode-0/data/containers/hdds of  storage type : DISK and capacity : 52710309888
2019-07-14 00:59:13,683 INFO  volume.VolumeSet (VolumeSet.java:initializeVolumeSet(170)) - Added Volume : /tmp/workdir/hadoop-ozone/integration-test/target/test-dir/MiniOzoneClusterImpl-764387f4-9493-4923-bec4-d2ba5b458308/datanode-0/data/containers/hdds to VolumeSet
2019-07-14 00:59:13,688 INFO  volume.ThrottledAsyncChecker (ThrottledAsyncChecker.java:schedule(140)) - Scheduling a check for org.apache.hadoop.ozone.container.common.volume.HddsVolume@451f87af
2019-07-14 00:59:13,713 INFO  volume.HddsVolumeChecker (HddsVolumeChecker.java:checkAllVolumes(203)) - Scheduled health check for volume org.apache.hadoop.ozone.container.common.volume.HddsVolume@451f87af
2019-07-14 00:59:13,843 INFO  impl.RaftServerProxy (ConfUtils.java:logGet(43)) - raft.rpc.type = GRPC (default)
2019-07-14 00:59:13,908 INFO  grpc.GrpcFactory (GrpcFactory.java:checkPooledByteBufAllocatorUseCacheForAllThreads(45)) - PERFORMANCE WARNING: useCacheForAllThreads is true that may cause Netty to create a lot garbage objects and, as a result, trigger GC.
	It is recommended to disable useCacheForAllThreads by setting -Dorg.apache.ratis.thirdparty.io.netty.allocator.useCacheForAllThreads=false in command line.
2019-07-14 00:59:13,912 INFO  grpc.GrpcConfigKeys$Server (ConfUtils.java:logGet(43)) - raft.grpc.server.port = 0 (default)
2019-07-14 00:59:13,913 INFO  server.GrpcService (ConfUtils.java:logGet(43)) - raft.grpc.message.size.max = 33570816 (custom)
2019-07-14 00:59:13,914 INFO  server.RaftServerConfigKeys (ConfUtils.java:logGet(43)) - raft.server.log.appender.buffer.byte-limit = 33554432 (custom)
2019-07-14 00:59:13,915 INFO  server.GrpcService (ConfUtils.java:logGet(43)) - raft.grpc.flow.control.window = 1MB (=1048576) (default)
2019-07-14 00:59:13,916 INFO  server.RaftServerConfigKeys (ConfUtils.java:logGet(43)) - raft.server.rpc.request.timeout = 3000ms (default)
2019-07-14 00:59:14,101 INFO  server.RaftServerConfigKeys (ConfUtils.java:logGet(43)) - raft.server.storage.dir = [/tmp/workdir/hadoop-ozone/integration-test/target/test-dir/MiniOzoneClusterImpl-764387f4-9493-4923-bec4-d2ba5b458308/datanode-0/data/ratis] (custom)
2019-07-14 00:59:14,136 INFO  replication.SimpleContainerDownloader (SimpleContainerDownloader.java:<init>(72)) - Starting container downloader service to copy containers to replicate.
2019-07-14 00:59:14,149 INFO  hdfs.DFSUtil (DFSUtil.java:httpServerTemplateForNNAndJN(1641)) - Starting Web-server for hddsDatanode at: http://0.0.0.0:0
2019-07-14 00:59:14,152 INFO  server.AuthenticationFilter (AuthenticationFilter.java:constructSecretProvider(240)) - Unable to initialize FileSignerSecretProvider, falling back to use random secrets.
2019-07-14 00:59:14,153 WARN  http.HttpRequestLog (HttpRequestLog.java:getRequestLog(97)) - Jetty request log can only be enabled using Log4j
2019-07-14 00:59:14,155 INFO  http.HttpServer2 (HttpServer2.java:addGlobalFilter(975)) - Added global filter 'safety' (class=org.apache.hadoop.http.HttpServer2$QuotingInputFilter)
2019-07-14 00:59:14,157 INFO  http.HttpServer2 (HttpServer2.java:addFilter(948)) - Added filter static_user_filter (class=org.apache.hadoop.http.lib.StaticUserWebFilter$StaticUserFilter) to context hddsDatanode
2019-07-14 00:59:14,157 INFO  http.HttpServer2 (HttpServer2.java:addFilter(958)) - Added filter static_user_filter (class=org.apache.hadoop.http.lib.StaticUserWebFilter$StaticUserFilter) to context static
2019-07-14 00:59:14,157 INFO  http.HttpServer2 (HttpServer2.java:addFilter(958)) - Added filter static_user_filter (class=org.apache.hadoop.http.lib.StaticUserWebFilter$StaticUserFilter) to context logs
2019-07-14 00:59:14,159 INFO  http.HttpServer2 (HttpServer2.java:bindListener(1191)) - Jetty bound to port 44868
2019-07-14 00:59:14,159 INFO  server.Server (Server.java:doStart(351)) - jetty-9.3.24.v20180605, build timestamp: 2018-06-05T17:11:56Z, git hash: 84205aa28f11a4f31f2a3b86d1bba2cc8ab69827
2019-07-14 00:59:14,162 INFO  handler.ContextHandler (ContextHandler.java:doStart(781)) - Started o.e.j.s.ServletContextHandler@21c815e4{/logs,file:///tmp/workdir/hadoop-ozone/integration-test/target/log,AVAILABLE}
2019-07-14 00:59:14,163 INFO  handler.ContextHandler (ContextHandler.java:doStart(781)) - Started o.e.j.s.ServletContextHandler@2a331b46{/static,jar:file:/home/user/.m2/repository/org/apache/hadoop/hadoop-hdds-container-service/0.5.0-SNAPSHOT/hadoop-hdds-container-service-0.5.0-SNAPSHOT.jar!/webapps/static,AVAILABLE}
2019-07-14 00:59:14,210 INFO  handler.ContextHandler (ContextHandler.java:doStart(781)) - Started o.e.j.w.WebAppContext@113e13f9{/,file:///tmp/jetty-0.0.0.0-44868-hddsDatanode-_-any-8289132146664647006.dir/webapp/,AVAILABLE}{/hddsDatanode}
2019-07-14 00:59:14,211 INFO  server.AbstractConnector (AbstractConnector.java:doStart(278)) - Started ServerConnector@1c7f96b1{HTTP/1.1,[http/1.1]}{0.0.0.0:44868}
2019-07-14 00:59:14,211 INFO  server.Server (Server.java:doStart(419)) - Started @4848ms
2019-07-14 00:59:14,213 INFO  server.BaseHttpServer (BaseHttpServer.java:updateConnectorAddress(207)) - HTTP server of HDDSDATANODE is listening at http://0.0.0.0:44868
2019-07-14 00:59:15,432 INFO  ozone.HddsDatanodeService (HddsDatanodeService.java:startPlugins(396)) - Started plug-in org.apache.hadoop.ozone.web.OzoneHddsDatanodeService@5f61371d
2019-07-14 00:59:15,433 INFO  impl.MetricsSystemImpl (MetricsSystemImpl.java:init(158)) - HddsDatanode metrics system started (again)
2019-07-14 00:59:15,434 INFO  ozone.HddsDatanodeService (HddsDatanodeService.java:start(185)) - HddsDatanodeService host:trunk-nightly-sxkq5-3320257302 ip:192.168.157.230
2019-07-14 00:59:15,440 INFO  util.JvmPauseMonitor (JvmPauseMonitor.java:run(188)) - Starting JVM pause monitor
2019-07-14 00:59:15,445 INFO  volume.HddsVolume (HddsVolume.java:<init>(176)) - Creating Volume: /tmp/workdir/hadoop-ozone/integration-test/target/test-dir/MiniOzoneClusterImpl-764387f4-9493-4923-bec4-d2ba5b458308/datanode-1/data/containers/hdds of  storage type : DISK and capacity : 52710309888
2019-07-14 00:59:15,445 INFO  volume.VolumeSet (VolumeSet.java:initializeVolumeSet(170)) - Added Volume : /tmp/workdir/hadoop-ozone/integration-test/target/test-dir/MiniOzoneClusterImpl-764387f4-9493-4923-bec4-d2ba5b458308/datanode-1/data/containers/hdds to VolumeSet
2019-07-14 00:59:15,447 INFO  volume.ThrottledAsyncChecker (ThrottledAsyncChecker.java:schedule(140)) - Scheduling a check for org.apache.hadoop.ozone.container.common.volume.HddsVolume@45292ec1
2019-07-14 00:59:15,448 INFO  volume.HddsVolumeChecker (HddsVolumeChecker.java:checkAllVolumes(203)) - Scheduled health check for volume org.apache.hadoop.ozone.container.common.volume.HddsVolume@45292ec1
2019-07-14 00:59:15,487 INFO  impl.RaftServerProxy (ConfUtils.java:logGet(43)) - raft.rpc.type = GRPC (default)
2019-07-14 00:59:15,488 INFO  grpc.GrpcFactory (GrpcFactory.java:checkPooledByteBufAllocatorUseCacheForAllThreads(45)) - PERFORMANCE WARNING: useCacheForAllThreads is true that may cause Netty to create a lot garbage objects and, as a result, trigger GC.
	It is recommended to disable useCacheForAllThreads by setting -Dorg.apache.ratis.thirdparty.io.netty.allocator.useCacheForAllThreads=false in command line.
2019-07-14 00:59:15,488 INFO  grpc.GrpcConfigKeys$Server (ConfUtils.java:logGet(43)) - raft.grpc.server.port = 0 (default)
2019-07-14 00:59:15,489 INFO  server.GrpcService (ConfUtils.java:logGet(43)) - raft.grpc.message.size.max = 33570816 (custom)
2019-07-14 00:59:15,489 INFO  server.RaftServerConfigKeys (ConfUtils.java:logGet(43)) - raft.server.log.appender.buffer.byte-limit = 33554432 (custom)
2019-07-14 00:59:15,489 INFO  server.GrpcService (ConfUtils.java:logGet(43)) - raft.grpc.flow.control.window = 1MB (=1048576) (default)
2019-07-14 00:59:15,490 INFO  server.RaftServerConfigKeys (ConfUtils.java:logGet(43)) - raft.server.rpc.request.timeout = 3000ms (default)
2019-07-14 00:59:15,492 INFO  server.RaftServerConfigKeys (ConfUtils.java:logGet(43)) - raft.server.storage.dir = [/tmp/workdir/hadoop-ozone/integration-test/target/test-dir/MiniOzoneClusterImpl-764387f4-9493-4923-bec4-d2ba5b458308/datanode-1/data/ratis] (custom)
2019-07-14 00:59:15,493 INFO  replication.SimpleContainerDownloader (SimpleContainerDownloader.java:<init>(72)) - Starting container downloader service to copy containers to replicate.
2019-07-14 00:59:15,495 INFO  hdfs.DFSUtil (DFSUtil.java:httpServerTemplateForNNAndJN(1641)) - Starting Web-server for hddsDatanode at: http://0.0.0.0:0
2019-07-14 00:59:15,497 INFO  server.AuthenticationFilter (AuthenticationFilter.java:constructSecretProvider(240)) - Unable to initialize FileSignerSecretProvider, falling back to use random secrets.
2019-07-14 00:59:15,498 WARN  http.HttpRequestLog (HttpRequestLog.java:getRequestLog(97)) - Jetty request log can only be enabled using Log4j
2019-07-14 00:59:15,500 INFO  http.HttpServer2 (HttpServer2.java:addGlobalFilter(975)) - Added global filter 'safety' (class=org.apache.hadoop.http.HttpServer2$QuotingInputFilter)
2019-07-14 00:59:15,501 INFO  http.HttpServer2 (HttpServer2.java:addFilter(948)) - Added filter static_user_filter (class=org.apache.hadoop.http.lib.StaticUserWebFilter$StaticUserFilter) to context hddsDatanode
2019-07-14 00:59:15,501 INFO  http.HttpServer2 (HttpServer2.java:addFilter(958)) - Added filter static_user_filter (class=org.apache.hadoop.http.lib.StaticUserWebFilter$StaticUserFilter) to context logs
2019-07-14 00:59:15,502 INFO  http.HttpServer2 (HttpServer2.java:addFilter(958)) - Added filter static_user_filter (class=org.apache.hadoop.http.lib.StaticUserWebFilter$StaticUserFilter) to context static
2019-07-14 00:59:15,503 INFO  http.HttpServer2 (HttpServer2.java:bindListener(1191)) - Jetty bound to port 41551
2019-07-14 00:59:15,503 INFO  server.Server (Server.java:doStart(351)) - jetty-9.3.24.v20180605, build timestamp: 2018-06-05T17:11:56Z, git hash: 84205aa28f11a4f31f2a3b86d1bba2cc8ab69827
2019-07-14 00:59:15,505 INFO  handler.ContextHandler (ContextHandler.java:doStart(781)) - Started o.e.j.s.ServletContextHandler@570ba13{/logs,file:///tmp/workdir/hadoop-ozone/integration-test/target/log,AVAILABLE}
2019-07-14 00:59:15,506 INFO  handler.ContextHandler (ContextHandler.java:doStart(781)) - Started o.e.j.s.ServletContextHandler@525b1b70{/static,jar:file:/home/user/.m2/repository/org/apache/hadoop/hadoop-hdds-container-service/0.5.0-SNAPSHOT/hadoop-hdds-container-service-0.5.0-SNAPSHOT.jar!/webapps/static,AVAILABLE}
2019-07-14 00:59:15,541 INFO  handler.ContextHandler (ContextHandler.java:doStart(781)) - Started o.e.j.w.WebAppContext@902fdbe{/,file:///tmp/jetty-0.0.0.0-41551-hddsDatanode-_-any-4938792578184382740.dir/webapp/,AVAILABLE}{/hddsDatanode}
2019-07-14 00:59:15,543 INFO  server.AbstractConnector (AbstractConnector.java:doStart(278)) - Started ServerConnector@796d33eb{HTTP/1.1,[http/1.1]}{0.0.0.0:41551}
2019-07-14 00:59:15,543 INFO  server.Server (Server.java:doStart(419)) - Started @6180ms
2019-07-14 00:59:15,545 INFO  server.BaseHttpServer (BaseHttpServer.java:updateConnectorAddress(207)) - HTTP server of HDDSDATANODE is listening at http://0.0.0.0:41551
2019-07-14 00:59:15,580 INFO  datanode.InitDatanodeState (InitDatanodeState.java:persistContainerDatanodeDetails(140)) - DatanodeDetails is persisted to /tmp/workdir/hadoop-ozone/integration-test/target/test-dir/MiniOzoneClusterImpl-764387f4-9493-4923-bec4-d2ba5b458308/datanode-0/meta/datanode.id
2019-07-14 00:59:15,677 INFO  ozone.HddsDatanodeService (HddsDatanodeService.java:startPlugins(396)) - Started plug-in org.apache.hadoop.ozone.web.OzoneHddsDatanodeService@1e98b788
2019-07-14 00:59:15,677 INFO  impl.MetricsSystemImpl (MetricsSystemImpl.java:init(158)) - HddsDatanode metrics system started (again)
2019-07-14 00:59:15,679 INFO  ozone.HddsDatanodeService (HddsDatanodeService.java:start(185)) - HddsDatanodeService host:trunk-nightly-sxkq5-3320257302 ip:192.168.157.230
2019-07-14 00:59:15,681 INFO  util.JvmPauseMonitor (JvmPauseMonitor.java:run(188)) - Starting JVM pause monitor
2019-07-14 00:59:15,688 INFO  volume.HddsVolume (HddsVolume.java:<init>(176)) - Creating Volume: /tmp/workdir/hadoop-ozone/integration-test/target/test-dir/MiniOzoneClusterImpl-764387f4-9493-4923-bec4-d2ba5b458308/datanode-2/data/containers/hdds of  storage type : DISK and capacity : 52710309888
2019-07-14 00:59:15,689 INFO  volume.VolumeSet (VolumeSet.java:initializeVolumeSet(170)) - Added Volume : /tmp/workdir/hadoop-ozone/integration-test/target/test-dir/MiniOzoneClusterImpl-764387f4-9493-4923-bec4-d2ba5b458308/datanode-2/data/containers/hdds to VolumeSet
2019-07-14 00:59:15,689 INFO  volume.ThrottledAsyncChecker (ThrottledAsyncChecker.java:schedule(140)) - Scheduling a check for org.apache.hadoop.ozone.container.common.volume.HddsVolume@10f477e2
2019-07-14 00:59:15,690 INFO  volume.HddsVolumeChecker (HddsVolumeChecker.java:checkAllVolumes(203)) - Scheduled health check for volume org.apache.hadoop.ozone.container.common.volume.HddsVolume@10f477e2
2019-07-14 00:59:15,691 INFO  datanode.InitDatanodeState (InitDatanodeState.java:persistContainerDatanodeDetails(140)) - DatanodeDetails is persisted to /tmp/workdir/hadoop-ozone/integration-test/target/test-dir/MiniOzoneClusterImpl-764387f4-9493-4923-bec4-d2ba5b458308/datanode-1/meta/datanode.id
2019-07-14 00:59:15,704 INFO  impl.RaftServerProxy (ConfUtils.java:logGet(43)) - raft.rpc.type = GRPC (default)
2019-07-14 00:59:15,704 INFO  grpc.GrpcFactory (GrpcFactory.java:checkPooledByteBufAllocatorUseCacheForAllThreads(45)) - PERFORMANCE WARNING: useCacheForAllThreads is true that may cause Netty to create a lot garbage objects and, as a result, trigger GC.
	It is recommended to disable useCacheForAllThreads by setting -Dorg.apache.ratis.thirdparty.io.netty.allocator.useCacheForAllThreads=false in command line.
2019-07-14 00:59:15,704 INFO  grpc.GrpcConfigKeys$Server (ConfUtils.java:logGet(43)) - raft.grpc.server.port = 0 (default)
2019-07-14 00:59:15,704 INFO  server.GrpcService (ConfUtils.java:logGet(43)) - raft.grpc.message.size.max = 33570816 (custom)
2019-07-14 00:59:15,705 INFO  server.RaftServerConfigKeys (ConfUtils.java:logGet(43)) - raft.server.log.appender.buffer.byte-limit = 33554432 (custom)
2019-07-14 00:59:15,705 INFO  server.GrpcService (ConfUtils.java:logGet(43)) - raft.grpc.flow.control.window = 1MB (=1048576) (default)
2019-07-14 00:59:15,705 INFO  server.RaftServerConfigKeys (ConfUtils.java:logGet(43)) - raft.server.rpc.request.timeout = 3000ms (default)
2019-07-14 00:59:15,706 INFO  server.RaftServerConfigKeys (ConfUtils.java:logGet(43)) - raft.server.storage.dir = [/tmp/workdir/hadoop-ozone/integration-test/target/test-dir/MiniOzoneClusterImpl-764387f4-9493-4923-bec4-d2ba5b458308/datanode-2/data/ratis] (custom)
2019-07-14 00:59:15,707 INFO  replication.SimpleContainerDownloader (SimpleContainerDownloader.java:<init>(72)) - Starting container downloader service to copy containers to replicate.
2019-07-14 00:59:15,708 INFO  hdfs.DFSUtil (DFSUtil.java:httpServerTemplateForNNAndJN(1641)) - Starting Web-server for hddsDatanode at: http://0.0.0.0:0
2019-07-14 00:59:15,709 INFO  server.AuthenticationFilter (AuthenticationFilter.java:constructSecretProvider(240)) - Unable to initialize FileSignerSecretProvider, falling back to use random secrets.
2019-07-14 00:59:15,709 WARN  http.HttpRequestLog (HttpRequestLog.java:getRequestLog(97)) - Jetty request log can only be enabled using Log4j
2019-07-14 00:59:15,710 INFO  http.HttpServer2 (HttpServer2.java:addGlobalFilter(975)) - Added global filter 'safety' (class=org.apache.hadoop.http.HttpServer2$QuotingInputFilter)
2019-07-14 00:59:15,711 INFO  http.HttpServer2 (HttpServer2.java:addFilter(948)) - Added filter static_user_filter (class=org.apache.hadoop.http.lib.StaticUserWebFilter$StaticUserFilter) to context hddsDatanode
2019-07-14 00:59:15,711 INFO  http.HttpServer2 (HttpServer2.java:addFilter(958)) - Added filter static_user_filter (class=org.apache.hadoop.http.lib.StaticUserWebFilter$StaticUserFilter) to context logs
2019-07-14 00:59:15,711 INFO  http.HttpServer2 (HttpServer2.java:addFilter(958)) - Added filter static_user_filter (class=org.apache.hadoop.http.lib.StaticUserWebFilter$StaticUserFilter) to context static
2019-07-14 00:59:15,712 INFO  http.HttpServer2 (HttpServer2.java:bindListener(1191)) - Jetty bound to port 34281
2019-07-14 00:59:15,712 INFO  server.Server (Server.java:doStart(351)) - jetty-9.3.24.v20180605, build timestamp: 2018-06-05T17:11:56Z, git hash: 84205aa28f11a4f31f2a3b86d1bba2cc8ab69827
2019-07-14 00:59:15,715 INFO  handler.ContextHandler (ContextHandler.java:doStart(781)) - Started o.e.j.s.ServletContextHandler@27b337bb{/logs,file:///tmp/workdir/hadoop-ozone/integration-test/target/log,AVAILABLE}
2019-07-14 00:59:15,716 INFO  handler.ContextHandler (ContextHandler.java:doStart(781)) - Started o.e.j.s.ServletContextHandler@5c18d6d4{/static,jar:file:/home/user/.m2/repository/org/apache/hadoop/hadoop-hdds-container-service/0.5.0-SNAPSHOT/hadoop-hdds-container-service-0.5.0-SNAPSHOT.jar!/webapps/static,AVAILABLE}
2019-07-14 00:59:15,743 INFO  handler.ContextHandler (ContextHandler.java:doStart(781)) - Started o.e.j.w.WebAppContext@1ab14636{/,file:///tmp/jetty-0.0.0.0-34281-hddsDatanode-_-any-8274912172990852272.dir/webapp/,AVAILABLE}{/hddsDatanode}
2019-07-14 00:59:15,744 INFO  server.AbstractConnector (AbstractConnector.java:doStart(278)) - Started ServerConnector@16b3c905{HTTP/1.1,[http/1.1]}{0.0.0.0:34281}
2019-07-14 00:59:15,745 INFO  server.Server (Server.java:doStart(419)) - Started @6382ms
2019-07-14 00:59:15,746 INFO  server.BaseHttpServer (BaseHttpServer.java:updateConnectorAddress(207)) - HTTP server of HDDSDATANODE is listening at http://0.0.0.0:34281
2019-07-14 00:59:15,869 INFO  ozone.HddsDatanodeService (HddsDatanodeService.java:startPlugins(396)) - Started plug-in org.apache.hadoop.ozone.web.OzoneHddsDatanodeService@30922f8d
2019-07-14 00:59:15,870 INFO  impl.MetricsSystemImpl (MetricsSystemImpl.java:init(158)) - HddsDatanode metrics system started (again)
2019-07-14 00:59:15,871 INFO  ozone.HddsDatanodeService (HddsDatanodeService.java:start(185)) - HddsDatanodeService host:trunk-nightly-sxkq5-3320257302 ip:192.168.157.230
2019-07-14 00:59:15,873 INFO  util.JvmPauseMonitor (JvmPauseMonitor.java:run(188)) - Starting JVM pause monitor
2019-07-14 00:59:15,876 INFO  datanode.InitDatanodeState (InitDatanodeState.java:persistContainerDatanodeDetails(140)) - DatanodeDetails is persisted to /tmp/workdir/hadoop-ozone/integration-test/target/test-dir/MiniOzoneClusterImpl-764387f4-9493-4923-bec4-d2ba5b458308/datanode-2/meta/datanode.id
2019-07-14 00:59:15,879 INFO  volume.HddsVolume (HddsVolume.java:<init>(176)) - Creating Volume: /tmp/workdir/hadoop-ozone/integration-test/target/test-dir/MiniOzoneClusterImpl-764387f4-9493-4923-bec4-d2ba5b458308/datanode-3/data/containers/hdds of  storage type : DISK and capacity : 52710309888
2019-07-14 00:59:15,881 INFO  volume.VolumeSet (VolumeSet.java:initializeVolumeSet(170)) - Added Volume : /tmp/workdir/hadoop-ozone/integration-test/target/test-dir/MiniOzoneClusterImpl-764387f4-9493-4923-bec4-d2ba5b458308/datanode-3/data/containers/hdds to VolumeSet
2019-07-14 00:59:15,881 INFO  volume.ThrottledAsyncChecker (ThrottledAsyncChecker.java:schedule(140)) - Scheduling a check for org.apache.hadoop.ozone.container.common.volume.HddsVolume@45d56062
2019-07-14 00:59:15,881 INFO  volume.HddsVolumeChecker (HddsVolumeChecker.java:checkAllVolumes(203)) - Scheduled health check for volume org.apache.hadoop.ozone.container.common.volume.HddsVolume@45d56062
2019-07-14 00:59:15,896 INFO  impl.RaftServerProxy (ConfUtils.java:logGet(43)) - raft.rpc.type = GRPC (default)
2019-07-14 00:59:15,896 INFO  grpc.GrpcFactory (GrpcFactory.java:checkPooledByteBufAllocatorUseCacheForAllThreads(45)) - PERFORMANCE WARNING: useCacheForAllThreads is true that may cause Netty to create a lot garbage objects and, as a result, trigger GC.
	It is recommended to disable useCacheForAllThreads by setting -Dorg.apache.ratis.thirdparty.io.netty.allocator.useCacheForAllThreads=false in command line.
2019-07-14 00:59:15,896 INFO  grpc.GrpcConfigKeys$Server (ConfUtils.java:logGet(43)) - raft.grpc.server.port = 0 (default)
2019-07-14 00:59:15,896 INFO  server.GrpcService (ConfUtils.java:logGet(43)) - raft.grpc.message.size.max = 33570816 (custom)
2019-07-14 00:59:15,896 INFO  server.RaftServerConfigKeys (ConfUtils.java:logGet(43)) - raft.server.log.appender.buffer.byte-limit = 33554432 (custom)
2019-07-14 00:59:15,897 INFO  server.GrpcService (ConfUtils.java:logGet(43)) - raft.grpc.flow.control.window = 1MB (=1048576) (default)
2019-07-14 00:59:15,897 INFO  server.RaftServerConfigKeys (ConfUtils.java:logGet(43)) - raft.server.rpc.request.timeout = 3000ms (default)
2019-07-14 00:59:15,897 INFO  server.RaftServerConfigKeys (ConfUtils.java:logGet(43)) - raft.server.storage.dir = [/tmp/workdir/hadoop-ozone/integration-test/target/test-dir/MiniOzoneClusterImpl-764387f4-9493-4923-bec4-d2ba5b458308/datanode-3/data/ratis] (custom)
2019-07-14 00:59:15,898 INFO  replication.SimpleContainerDownloader (SimpleContainerDownloader.java:<init>(72)) - Starting container downloader service to copy containers to replicate.
2019-07-14 00:59:15,899 INFO  hdfs.DFSUtil (DFSUtil.java:httpServerTemplateForNNAndJN(1641)) - Starting Web-server for hddsDatanode at: http://0.0.0.0:0
2019-07-14 00:59:15,900 INFO  server.AuthenticationFilter (AuthenticationFilter.java:constructSecretProvider(240)) - Unable to initialize FileSignerSecretProvider, falling back to use random secrets.
2019-07-14 00:59:15,900 WARN  http.HttpRequestLog (HttpRequestLog.java:getRequestLog(97)) - Jetty request log can only be enabled using Log4j
2019-07-14 00:59:15,902 INFO  http.HttpServer2 (HttpServer2.java:addGlobalFilter(975)) - Added global filter 'safety' (class=org.apache.hadoop.http.HttpServer2$QuotingInputFilter)
2019-07-14 00:59:15,902 INFO  http.HttpServer2 (HttpServer2.java:addFilter(948)) - Added filter static_user_filter (class=org.apache.hadoop.http.lib.StaticUserWebFilter$StaticUserFilter) to context hddsDatanode
2019-07-14 00:59:15,902 INFO  http.HttpServer2 (HttpServer2.java:addFilter(958)) - Added filter static_user_filter (class=org.apache.hadoop.http.lib.StaticUserWebFilter$StaticUserFilter) to context static
2019-07-14 00:59:15,902 INFO  http.HttpServer2 (HttpServer2.java:addFilter(958)) - Added filter static_user_filter (class=org.apache.hadoop.http.lib.StaticUserWebFilter$StaticUserFilter) to context logs
2019-07-14 00:59:15,903 INFO  http.HttpServer2 (HttpServer2.java:bindListener(1191)) - Jetty bound to port 44957
2019-07-14 00:59:15,903 INFO  server.Server (Server.java:doStart(351)) - jetty-9.3.24.v20180605, build timestamp: 2018-06-05T17:11:56Z, git hash: 84205aa28f11a4f31f2a3b86d1bba2cc8ab69827
2019-07-14 00:59:15,905 INFO  handler.ContextHandler (ContextHandler.java:doStart(781)) - Started o.e.j.s.ServletContextHandler@4f081b5d{/logs,file:///tmp/workdir/hadoop-ozone/integration-test/target/log,AVAILABLE}
2019-07-14 00:59:15,906 INFO  handler.ContextHandler (ContextHandler.java:doStart(781)) - Started o.e.j.s.ServletContextHandler@740a0d5e{/static,jar:file:/home/user/.m2/repository/org/apache/hadoop/hadoop-hdds-container-service/0.5.0-SNAPSHOT/hadoop-hdds-container-service-0.5.0-SNAPSHOT.jar!/webapps/static,AVAILABLE}
2019-07-14 00:59:15,933 INFO  handler.ContextHandler (ContextHandler.java:doStart(781)) - Started o.e.j.w.WebAppContext@4ae2e781{/,file:///tmp/jetty-0.0.0.0-44957-hddsDatanode-_-any-4480418886821560063.dir/webapp/,AVAILABLE}{/hddsDatanode}
2019-07-14 00:59:15,933 INFO  server.AbstractConnector (AbstractConnector.java:doStart(278)) - Started ServerConnector@339f3a55{HTTP/1.1,[http/1.1]}{0.0.0.0:44957}
2019-07-14 00:59:15,934 INFO  server.Server (Server.java:doStart(419)) - Started @6572ms
2019-07-14 00:59:15,935 INFO  server.BaseHttpServer (BaseHttpServer.java:updateConnectorAddress(207)) - HTTP server of HDDSDATANODE is listening at http://0.0.0.0:44957
2019-07-14 00:59:16,054 INFO  ozone.HddsDatanodeService (HddsDatanodeService.java:startPlugins(396)) - Started plug-in org.apache.hadoop.ozone.web.OzoneHddsDatanodeService@15605d83
2019-07-14 00:59:16,055 INFO  impl.MetricsSystemImpl (MetricsSystemImpl.java:init(158)) - HddsDatanode metrics system started (again)
2019-07-14 00:59:16,056 INFO  ozone.HddsDatanodeService (HddsDatanodeService.java:start(185)) - HddsDatanodeService host:trunk-nightly-sxkq5-3320257302 ip:192.168.157.230
2019-07-14 00:59:16,058 INFO  util.JvmPauseMonitor (JvmPauseMonitor.java:run(188)) - Starting JVM pause monitor
2019-07-14 00:59:16,061 INFO  datanode.InitDatanodeState (InitDatanodeState.java:persistContainerDatanodeDetails(140)) - DatanodeDetails is persisted to /tmp/workdir/hadoop-ozone/integration-test/target/test-dir/MiniOzoneClusterImpl-764387f4-9493-4923-bec4-d2ba5b458308/datanode-3/meta/datanode.id
2019-07-14 00:59:16,066 INFO  volume.HddsVolume (HddsVolume.java:<init>(176)) - Creating Volume: /tmp/workdir/hadoop-ozone/integration-test/target/test-dir/MiniOzoneClusterImpl-764387f4-9493-4923-bec4-d2ba5b458308/datanode-4/data/containers/hdds of  storage type : DISK and capacity : 52710309888
2019-07-14 00:59:16,066 INFO  volume.VolumeSet (VolumeSet.java:initializeVolumeSet(170)) - Added Volume : /tmp/workdir/hadoop-ozone/integration-test/target/test-dir/MiniOzoneClusterImpl-764387f4-9493-4923-bec4-d2ba5b458308/datanode-4/data/containers/hdds to VolumeSet
2019-07-14 00:59:16,066 INFO  volume.ThrottledAsyncChecker (ThrottledAsyncChecker.java:schedule(140)) - Scheduling a check for org.apache.hadoop.ozone.container.common.volume.HddsVolume@6da54910
2019-07-14 00:59:16,068 INFO  volume.HddsVolumeChecker (HddsVolumeChecker.java:checkAllVolumes(203)) - Scheduled health check for volume org.apache.hadoop.ozone.container.common.volume.HddsVolume@6da54910
2019-07-14 00:59:16,082 INFO  impl.RaftServerProxy (ConfUtils.java:logGet(43)) - raft.rpc.type = GRPC (default)
2019-07-14 00:59:16,082 INFO  grpc.GrpcFactory (GrpcFactory.java:checkPooledByteBufAllocatorUseCacheForAllThreads(45)) - PERFORMANCE WARNING: useCacheForAllThreads is true that may cause Netty to create a lot garbage objects and, as a result, trigger GC.
	It is recommended to disable useCacheForAllThreads by setting -Dorg.apache.ratis.thirdparty.io.netty.allocator.useCacheForAllThreads=false in command line.
2019-07-14 00:59:16,082 INFO  grpc.GrpcConfigKeys$Server (ConfUtils.java:logGet(43)) - raft.grpc.server.port = 0 (default)
2019-07-14 00:59:16,082 INFO  server.GrpcService (ConfUtils.java:logGet(43)) - raft.grpc.message.size.max = 33570816 (custom)
2019-07-14 00:59:16,082 INFO  server.RaftServerConfigKeys (ConfUtils.java:logGet(43)) - raft.server.log.appender.buffer.byte-limit = 33554432 (custom)
2019-07-14 00:59:16,083 INFO  server.GrpcService (ConfUtils.java:logGet(43)) - raft.grpc.flow.control.window = 1MB (=1048576) (default)
2019-07-14 00:59:16,083 INFO  server.RaftServerConfigKeys (ConfUtils.java:logGet(43)) - raft.server.rpc.request.timeout = 3000ms (default)
2019-07-14 00:59:16,083 INFO  server.RaftServerConfigKeys (ConfUtils.java:logGet(43)) - raft.server.storage.dir = [/tmp/workdir/hadoop-ozone/integration-test/target/test-dir/MiniOzoneClusterImpl-764387f4-9493-4923-bec4-d2ba5b458308/datanode-4/data/ratis] (custom)
2019-07-14 00:59:16,084 INFO  replication.SimpleContainerDownloader (SimpleContainerDownloader.java:<init>(72)) - Starting container downloader service to copy containers to replicate.
2019-07-14 00:59:16,085 INFO  hdfs.DFSUtil (DFSUtil.java:httpServerTemplateForNNAndJN(1641)) - Starting Web-server for hddsDatanode at: http://0.0.0.0:0
2019-07-14 00:59:16,086 INFO  server.AuthenticationFilter (AuthenticationFilter.java:constructSecretProvider(240)) - Unable to initialize FileSignerSecretProvider, falling back to use random secrets.
2019-07-14 00:59:16,087 WARN  http.HttpRequestLog (HttpRequestLog.java:getRequestLog(97)) - Jetty request log can only be enabled using Log4j
2019-07-14 00:59:16,088 INFO  http.HttpServer2 (HttpServer2.java:addGlobalFilter(975)) - Added global filter 'safety' (class=org.apache.hadoop.http.HttpServer2$QuotingInputFilter)
2019-07-14 00:59:16,088 INFO  http.HttpServer2 (HttpServer2.java:addFilter(948)) - Added filter static_user_filter (class=org.apache.hadoop.http.lib.StaticUserWebFilter$StaticUserFilter) to context hddsDatanode
2019-07-14 00:59:16,089 INFO  http.HttpServer2 (HttpServer2.java:addFilter(958)) - Added filter static_user_filter (class=org.apache.hadoop.http.lib.StaticUserWebFilter$StaticUserFilter) to context logs
2019-07-14 00:59:16,089 INFO  http.HttpServer2 (HttpServer2.java:addFilter(958)) - Added filter static_user_filter (class=org.apache.hadoop.http.lib.StaticUserWebFilter$StaticUserFilter) to context static
2019-07-14 00:59:16,089 INFO  http.HttpServer2 (HttpServer2.java:bindListener(1191)) - Jetty bound to port 35307
2019-07-14 00:59:16,090 INFO  server.Server (Server.java:doStart(351)) - jetty-9.3.24.v20180605, build timestamp: 2018-06-05T17:11:56Z, git hash: 84205aa28f11a4f31f2a3b86d1bba2cc8ab69827
2019-07-14 00:59:16,094 INFO  handler.ContextHandler (ContextHandler.java:doStart(781)) - Started o.e.j.s.ServletContextHandler@640d604{/logs,file:///tmp/workdir/hadoop-ozone/integration-test/target/log,AVAILABLE}
2019-07-14 00:59:16,094 INFO  handler.ContextHandler (ContextHandler.java:doStart(781)) - Started o.e.j.s.ServletContextHandler@5438fa43{/static,jar:file:/home/user/.m2/repository/org/apache/hadoop/hadoop-hdds-container-service/0.5.0-SNAPSHOT/hadoop-hdds-container-service-0.5.0-SNAPSHOT.jar!/webapps/static,AVAILABLE}
2019-07-14 00:59:16,122 INFO  handler.ContextHandler (ContextHandler.java:doStart(781)) - Started o.e.j.w.WebAppContext@de77146{/,file:///tmp/jetty-0.0.0.0-35307-hddsDatanode-_-any-1343901829081173201.dir/webapp/,AVAILABLE}{/hddsDatanode}
2019-07-14 00:59:16,122 INFO  server.AbstractConnector (AbstractConnector.java:doStart(278)) - Started ServerConnector@691567ea{HTTP/1.1,[http/1.1]}{0.0.0.0:35307}
2019-07-14 00:59:16,123 INFO  server.Server (Server.java:doStart(419)) - Started @6761ms
2019-07-14 00:59:16,124 INFO  server.BaseHttpServer (BaseHttpServer.java:updateConnectorAddress(207)) - HTTP server of HDDSDATANODE is listening at http://0.0.0.0:35307
2019-07-14 00:59:16,240 INFO  ozone.HddsDatanodeService (HddsDatanodeService.java:startPlugins(396)) - Started plug-in org.apache.hadoop.ozone.web.OzoneHddsDatanodeService@2365ea38
2019-07-14 00:59:16,240 INFO  impl.MetricsSystemImpl (MetricsSystemImpl.java:init(158)) - HddsDatanode metrics system started (again)
2019-07-14 00:59:16,242 INFO  ozone.HddsDatanodeService (HddsDatanodeService.java:start(185)) - HddsDatanodeService host:trunk-nightly-sxkq5-3320257302 ip:192.168.157.230
2019-07-14 00:59:16,244 INFO  util.JvmPauseMonitor (JvmPauseMonitor.java:run(188)) - Starting JVM pause monitor
2019-07-14 00:59:16,246 INFO  datanode.InitDatanodeState (InitDatanodeState.java:persistContainerDatanodeDetails(140)) - DatanodeDetails is persisted to /tmp/workdir/hadoop-ozone/integration-test/target/test-dir/MiniOzoneClusterImpl-764387f4-9493-4923-bec4-d2ba5b458308/datanode-4/meta/datanode.id
2019-07-14 00:59:16,251 INFO  volume.HddsVolume (HddsVolume.java:<init>(176)) - Creating Volume: /tmp/workdir/hadoop-ozone/integration-test/target/test-dir/MiniOzoneClusterImpl-764387f4-9493-4923-bec4-d2ba5b458308/datanode-5/data/containers/hdds of  storage type : DISK and capacity : 52710309888
2019-07-14 00:59:16,252 INFO  volume.VolumeSet (VolumeSet.java:initializeVolumeSet(170)) - Added Volume : /tmp/workdir/hadoop-ozone/integration-test/target/test-dir/MiniOzoneClusterImpl-764387f4-9493-4923-bec4-d2ba5b458308/datanode-5/data/containers/hdds to VolumeSet
2019-07-14 00:59:16,252 INFO  volume.ThrottledAsyncChecker (ThrottledAsyncChecker.java:schedule(140)) - Scheduling a check for org.apache.hadoop.ozone.container.common.volume.HddsVolume@7781263c
2019-07-14 00:59:16,252 INFO  volume.HddsVolumeChecker (HddsVolumeChecker.java:checkAllVolumes(203)) - Scheduled health check for volume org.apache.hadoop.ozone.container.common.volume.HddsVolume@7781263c
2019-07-14 00:59:16,267 INFO  impl.RaftServerProxy (ConfUtils.java:logGet(43)) - raft.rpc.type = GRPC (default)
2019-07-14 00:59:16,267 INFO  grpc.GrpcFactory (GrpcFactory.java:checkPooledByteBufAllocatorUseCacheForAllThreads(45)) - PERFORMANCE WARNING: useCacheForAllThreads is true that may cause Netty to create a lot garbage objects and, as a result, trigger GC.
	It is recommended to disable useCacheForAllThreads by setting -Dorg.apache.ratis.thirdparty.io.netty.allocator.useCacheForAllThreads=false in command line.
2019-07-14 00:59:16,267 INFO  grpc.GrpcConfigKeys$Server (ConfUtils.java:logGet(43)) - raft.grpc.server.port = 0 (default)
2019-07-14 00:59:16,267 INFO  server.GrpcService (ConfUtils.java:logGet(43)) - raft.grpc.message.size.max = 33570816 (custom)
2019-07-14 00:59:16,268 INFO  server.RaftServerConfigKeys (ConfUtils.java:logGet(43)) - raft.server.log.appender.buffer.byte-limit = 33554432 (custom)
2019-07-14 00:59:16,268 INFO  server.GrpcService (ConfUtils.java:logGet(43)) - raft.grpc.flow.control.window = 1MB (=1048576) (default)
2019-07-14 00:59:16,268 INFO  server.RaftServerConfigKeys (ConfUtils.java:logGet(43)) - raft.server.rpc.request.timeout = 3000ms (default)
2019-07-14 00:59:16,269 INFO  server.RaftServerConfigKeys (ConfUtils.java:logGet(43)) - raft.server.storage.dir = [/tmp/workdir/hadoop-ozone/integration-test/target/test-dir/MiniOzoneClusterImpl-764387f4-9493-4923-bec4-d2ba5b458308/datanode-5/data/ratis] (custom)
2019-07-14 00:59:16,269 INFO  replication.SimpleContainerDownloader (SimpleContainerDownloader.java:<init>(72)) - Starting container downloader service to copy containers to replicate.
2019-07-14 00:59:16,270 INFO  hdfs.DFSUtil (DFSUtil.java:httpServerTemplateForNNAndJN(1641)) - Starting Web-server for hddsDatanode at: http://0.0.0.0:0
2019-07-14 00:59:16,271 INFO  server.AuthenticationFilter (AuthenticationFilter.java:constructSecretProvider(240)) - Unable to initialize FileSignerSecretProvider, falling back to use random secrets.
2019-07-14 00:59:16,272 WARN  http.HttpRequestLog (HttpRequestLog.java:getRequestLog(97)) - Jetty request log can only be enabled using Log4j
2019-07-14 00:59:16,274 INFO  http.HttpServer2 (HttpServer2.java:addGlobalFilter(975)) - Added global filter 'safety' (class=org.apache.hadoop.http.HttpServer2$QuotingInputFilter)
2019-07-14 00:59:16,274 INFO  http.HttpServer2 (HttpServer2.java:addFilter(948)) - Added filter static_user_filter (class=org.apache.hadoop.http.lib.StaticUserWebFilter$StaticUserFilter) to context hddsDatanode
2019-07-14 00:59:16,274 INFO  http.HttpServer2 (HttpServer2.java:addFilter(958)) - Added filter static_user_filter (class=org.apache.hadoop.http.lib.StaticUserWebFilter$StaticUserFilter) to context logs
2019-07-14 00:59:16,274 INFO  http.HttpServer2 (HttpServer2.java:addFilter(958)) - Added filter static_user_filter (class=org.apache.hadoop.http.lib.StaticUserWebFilter$StaticUserFilter) to context static
2019-07-14 00:59:16,275 INFO  http.HttpServer2 (HttpServer2.java:bindListener(1191)) - Jetty bound to port 34119
2019-07-14 00:59:16,275 INFO  server.Server (Server.java:doStart(351)) - jetty-9.3.24.v20180605, build timestamp: 2018-06-05T17:11:56Z, git hash: 84205aa28f11a4f31f2a3b86d1bba2cc8ab69827
2019-07-14 00:59:16,278 INFO  handler.ContextHandler (ContextHandler.java:doStart(781)) - Started o.e.j.s.ServletContextHandler@325162e9{/logs,file:///tmp/workdir/hadoop-ozone/integration-test/target/log,AVAILABLE}
2019-07-14 00:59:16,278 INFO  handler.ContextHandler (ContextHandler.java:doStart(781)) - Started o.e.j.s.ServletContextHandler@5c448ef{/static,jar:file:/home/user/.m2/repository/org/apache/hadoop/hadoop-hdds-container-service/0.5.0-SNAPSHOT/hadoop-hdds-container-service-0.5.0-SNAPSHOT.jar!/webapps/static,AVAILABLE}
2019-07-14 00:59:16,307 INFO  handler.ContextHandler (ContextHandler.java:doStart(781)) - Started o.e.j.w.WebAppContext@377dfb8d{/,file:///tmp/jetty-0.0.0.0-34119-hddsDatanode-_-any-9006332681858189355.dir/webapp/,AVAILABLE}{/hddsDatanode}
2019-07-14 00:59:16,309 INFO  server.AbstractConnector (AbstractConnector.java:doStart(278)) - Started ServerConnector@42a0786f{HTTP/1.1,[http/1.1]}{0.0.0.0:34119}
2019-07-14 00:59:16,309 INFO  server.Server (Server.java:doStart(419)) - Started @6946ms
2019-07-14 00:59:16,310 INFO  server.BaseHttpServer (BaseHttpServer.java:updateConnectorAddress(207)) - HTTP server of HDDSDATANODE is listening at http://0.0.0.0:34119
2019-07-14 00:59:16,434 INFO  ozone.HddsDatanodeService (HddsDatanodeService.java:startPlugins(396)) - Started plug-in org.apache.hadoop.ozone.web.OzoneHddsDatanodeService@165614f5
2019-07-14 00:59:16,434 INFO  impl.MetricsSystemImpl (MetricsSystemImpl.java:init(158)) - HddsDatanode metrics system started (again)
2019-07-14 00:59:16,436 INFO  ozone.HddsDatanodeService (HddsDatanodeService.java:start(185)) - HddsDatanodeService host:trunk-nightly-sxkq5-3320257302 ip:192.168.157.230
2019-07-14 00:59:16,438 INFO  util.JvmPauseMonitor (JvmPauseMonitor.java:run(188)) - Starting JVM pause monitor
2019-07-14 00:59:16,441 INFO  datanode.InitDatanodeState (InitDatanodeState.java:persistContainerDatanodeDetails(140)) - DatanodeDetails is persisted to /tmp/workdir/hadoop-ozone/integration-test/target/test-dir/MiniOzoneClusterImpl-764387f4-9493-4923-bec4-d2ba5b458308/datanode-5/meta/datanode.id
2019-07-14 00:59:16,444 INFO  volume.HddsVolume (HddsVolume.java:<init>(176)) - Creating Volume: /tmp/workdir/hadoop-ozone/integration-test/target/test-dir/MiniOzoneClusterImpl-764387f4-9493-4923-bec4-d2ba5b458308/datanode-6/data/containers/hdds of  storage type : DISK and capacity : 52710309888
2019-07-14 00:59:16,445 INFO  volume.VolumeSet (VolumeSet.java:initializeVolumeSet(170)) - Added Volume : /tmp/workdir/hadoop-ozone/integration-test/target/test-dir/MiniOzoneClusterImpl-764387f4-9493-4923-bec4-d2ba5b458308/datanode-6/data/containers/hdds to VolumeSet
2019-07-14 00:59:16,445 INFO  volume.ThrottledAsyncChecker (ThrottledAsyncChecker.java:schedule(140)) - Scheduling a check for org.apache.hadoop.ozone.container.common.volume.HddsVolume@103c97ff
2019-07-14 00:59:16,446 INFO  volume.HddsVolumeChecker (HddsVolumeChecker.java:checkAllVolumes(203)) - Scheduled health check for volume org.apache.hadoop.ozone.container.common.volume.HddsVolume@103c97ff
2019-07-14 00:59:16,461 INFO  impl.RaftServerProxy (ConfUtils.java:logGet(43)) - raft.rpc.type = GRPC (default)
2019-07-14 00:59:16,461 INFO  grpc.GrpcFactory (GrpcFactory.java:checkPooledByteBufAllocatorUseCacheForAllThreads(45)) - PERFORMANCE WARNING: useCacheForAllThreads is true that may cause Netty to create a lot garbage objects and, as a result, trigger GC.
	It is recommended to disable useCacheForAllThreads by setting -Dorg.apache.ratis.thirdparty.io.netty.allocator.useCacheForAllThreads=false in command line.
2019-07-14 00:59:16,461 INFO  grpc.GrpcConfigKeys$Server (ConfUtils.java:logGet(43)) - raft.grpc.server.port = 0 (default)
2019-07-14 00:59:16,461 INFO  server.GrpcService (ConfUtils.java:logGet(43)) - raft.grpc.message.size.max = 33570816 (custom)
2019-07-14 00:59:16,461 INFO  server.RaftServerConfigKeys (ConfUtils.java:logGet(43)) - raft.server.log.appender.buffer.byte-limit = 33554432 (custom)
2019-07-14 00:59:16,462 INFO  server.GrpcService (ConfUtils.java:logGet(43)) - raft.grpc.flow.control.window = 1MB (=1048576) (default)
2019-07-14 00:59:16,462 INFO  server.RaftServerConfigKeys (ConfUtils.java:logGet(43)) - raft.server.rpc.request.timeout = 3000ms (default)
2019-07-14 00:59:16,462 INFO  server.RaftServerConfigKeys (ConfUtils.java:logGet(43)) - raft.server.storage.dir = [/tmp/workdir/hadoop-ozone/integration-test/target/test-dir/MiniOzoneClusterImpl-764387f4-9493-4923-bec4-d2ba5b458308/datanode-6/data/ratis] (custom)
2019-07-14 00:59:16,463 INFO  replication.SimpleContainerDownloader (SimpleContainerDownloader.java:<init>(72)) - Starting container downloader service to copy containers to replicate.
2019-07-14 00:59:16,464 INFO  hdfs.DFSUtil (DFSUtil.java:httpServerTemplateForNNAndJN(1641)) - Starting Web-server for hddsDatanode at: http://0.0.0.0:0
2019-07-14 00:59:16,465 INFO  server.AuthenticationFilter (AuthenticationFilter.java:constructSecretProvider(240)) - Unable to initialize FileSignerSecretProvider, falling back to use random secrets.
2019-07-14 00:59:16,465 WARN  http.HttpRequestLog (HttpRequestLog.java:getRequestLog(97)) - Jetty request log can only be enabled using Log4j
2019-07-14 00:59:16,467 INFO  http.HttpServer2 (HttpServer2.java:addGlobalFilter(975)) - Added global filter 'safety' (class=org.apache.hadoop.http.HttpServer2$QuotingInputFilter)
2019-07-14 00:59:16,467 INFO  http.HttpServer2 (HttpServer2.java:addFilter(948)) - Added filter static_user_filter (class=org.apache.hadoop.http.lib.StaticUserWebFilter$StaticUserFilter) to context hddsDatanode
2019-07-14 00:59:16,467 INFO  http.HttpServer2 (HttpServer2.java:addFilter(958)) - Added filter static_user_filter (class=org.apache.hadoop.http.lib.StaticUserWebFilter$StaticUserFilter) to context logs
2019-07-14 00:59:16,467 INFO  http.HttpServer2 (HttpServer2.java:addFilter(958)) - Added filter static_user_filter (class=org.apache.hadoop.http.lib.StaticUserWebFilter$StaticUserFilter) to context static
2019-07-14 00:59:16,468 INFO  http.HttpServer2 (HttpServer2.java:bindListener(1191)) - Jetty bound to port 33915
2019-07-14 00:59:16,468 INFO  server.Server (Server.java:doStart(351)) - jetty-9.3.24.v20180605, build timestamp: 2018-06-05T17:11:56Z, git hash: 84205aa28f11a4f31f2a3b86d1bba2cc8ab69827
2019-07-14 00:59:16,470 INFO  handler.ContextHandler (ContextHandler.java:doStart(781)) - Started o.e.j.s.ServletContextHandler@35fa450f{/logs,file:///tmp/workdir/hadoop-ozone/integration-test/target/log,AVAILABLE}
2019-07-14 00:59:16,471 INFO  handler.ContextHandler (ContextHandler.java:doStart(781)) - Started o.e.j.s.ServletContextHandler@9b3be1c{/static,jar:file:/home/user/.m2/repository/org/apache/hadoop/hadoop-hdds-container-service/0.5.0-SNAPSHOT/hadoop-hdds-container-service-0.5.0-SNAPSHOT.jar!/webapps/static,AVAILABLE}
2019-07-14 00:59:16,498 INFO  handler.ContextHandler (ContextHandler.java:doStart(781)) - Started o.e.j.w.WebAppContext@4c7d7430{/,file:///tmp/jetty-0.0.0.0-33915-hddsDatanode-_-any-2474195901271289117.dir/webapp/,AVAILABLE}{/hddsDatanode}
2019-07-14 00:59:16,499 INFO  server.AbstractConnector (AbstractConnector.java:doStart(278)) - Started ServerConnector@4ea1aa52{HTTP/1.1,[http/1.1]}{0.0.0.0:33915}
2019-07-14 00:59:16,499 INFO  server.Server (Server.java:doStart(419)) - Started @7137ms
2019-07-14 00:59:16,500 INFO  server.BaseHttpServer (BaseHttpServer.java:updateConnectorAddress(207)) - HTTP server of HDDSDATANODE is listening at http://0.0.0.0:33915
2019-07-14 00:59:16,727 INFO  ozone.HddsDatanodeService (HddsDatanodeService.java:startPlugins(396)) - Started plug-in org.apache.hadoop.ozone.web.OzoneHddsDatanodeService@da09250
2019-07-14 00:59:16,729 INFO  ozone.MiniOzoneClusterImpl (MiniOzoneClusterImpl.java:lambda$waitForClusterToBeReady$0(142)) - Waiting for cluster to be ready. Got 0 of 7 DN Heartbeats.
2019-07-14 00:59:16,730 INFO  util.JvmPauseMonitor (JvmPauseMonitor.java:run(188)) - Starting JVM pause monitor
2019-07-14 00:59:16,733 INFO  datanode.InitDatanodeState (InitDatanodeState.java:persistContainerDatanodeDetails(140)) - DatanodeDetails is persisted to /tmp/workdir/hadoop-ozone/integration-test/target/test-dir/MiniOzoneClusterImpl-764387f4-9493-4923-bec4-d2ba5b458308/datanode-6/meta/datanode.id
2019-07-14 00:59:17,495 INFO  ozoneimpl.OzoneContainer (OzoneContainer.java:start(186)) - Attempting to start container services.
2019-07-14 00:59:17,497 INFO  ozoneimpl.OzoneContainer (OzoneContainer.java:startContainerScrub(160)) - Background container scrubber has been disabled by hdds.containerscrub.enabled
2019-07-14 00:59:17,497 INFO  ratis.XceiverServerRatis (XceiverServerRatis.java:start(418)) - Starting XceiverServerRatis 7eca1d56-b308-4dc8-ae9d-c28d2a691562 at port 0
2019-07-14 00:59:17,521 INFO  impl.RaftServerProxy (RaftServerProxy.java:lambda$start$3(299)) - 7eca1d56-b308-4dc8-ae9d-c28d2a691562: start RPC server
2019-07-14 00:59:17,658 INFO  server.GrpcService (GrpcService.java:startImpl(149)) - 7eca1d56-b308-4dc8-ae9d-c28d2a691562: GrpcService started, listening on 0.0.0.0/0.0.0.0:44016
2019-07-14 00:59:17,659 INFO  ratis.XceiverServerRatis (XceiverServerRatis.java:start(428)) - XceiverServerRatis 7eca1d56-b308-4dc8-ae9d-c28d2a691562 is started using port 44016
2019-07-14 00:59:17,661 INFO  server.XceiverServerGrpc (XceiverServerGrpc.java:start(161)) - XceiverServerGrpc 7eca1d56-b308-4dc8-ae9d-c28d2a691562 is started using port 38050
2019-07-14 00:59:17,696 INFO  ozoneimpl.OzoneContainer (OzoneContainer.java:start(186)) - Attempting to start container services.
2019-07-14 00:59:17,699 INFO  ozoneimpl.OzoneContainer (OzoneContainer.java:startContainerScrub(160)) - Background container scrubber has been disabled by hdds.containerscrub.enabled
2019-07-14 00:59:17,699 INFO  ratis.XceiverServerRatis (XceiverServerRatis.java:start(418)) - Starting XceiverServerRatis 12747988-162c-47d6-83a7-23159ad274b9 at port 0
2019-07-14 00:59:17,707 INFO  impl.RaftServerProxy (RaftServerProxy.java:lambda$start$3(299)) - 12747988-162c-47d6-83a7-23159ad274b9: start RPC server
2019-07-14 00:59:17,710 INFO  server.GrpcService (GrpcService.java:startImpl(149)) - 12747988-162c-47d6-83a7-23159ad274b9: GrpcService started, listening on 0.0.0.0/0.0.0.0:33168
2019-07-14 00:59:17,710 INFO  ratis.XceiverServerRatis (XceiverServerRatis.java:start(428)) - XceiverServerRatis 12747988-162c-47d6-83a7-23159ad274b9 is started using port 33168
2019-07-14 00:59:17,713 INFO  server.XceiverServerGrpc (XceiverServerGrpc.java:start(161)) - XceiverServerGrpc 12747988-162c-47d6-83a7-23159ad274b9 is started using port 43148
2019-07-14 00:59:17,730 INFO  ozone.MiniOzoneClusterImpl (MiniOzoneClusterImpl.java:lambda$waitForClusterToBeReady$0(142)) - Waiting for cluster to be ready. Got 0 of 7 DN Heartbeats.
2019-07-14 00:59:17,889 INFO  ozoneimpl.OzoneContainer (OzoneContainer.java:start(186)) - Attempting to start container services.
2019-07-14 00:59:17,891 INFO  ozoneimpl.OzoneContainer (OzoneContainer.java:startContainerScrub(160)) - Background container scrubber has been disabled by hdds.containerscrub.enabled
2019-07-14 00:59:17,891 INFO  ratis.XceiverServerRatis (XceiverServerRatis.java:start(418)) - Starting XceiverServerRatis 452c6e63-a49e-4e87-b905-0b21e6eecd9f at port 0
2019-07-14 00:59:17,900 INFO  impl.RaftServerProxy (RaftServerProxy.java:lambda$start$3(299)) - 452c6e63-a49e-4e87-b905-0b21e6eecd9f: start RPC server
2019-07-14 00:59:17,903 INFO  server.GrpcService (GrpcService.java:startImpl(149)) - 452c6e63-a49e-4e87-b905-0b21e6eecd9f: GrpcService started, listening on 0.0.0.0/0.0.0.0:38506
2019-07-14 00:59:17,904 INFO  ratis.XceiverServerRatis (XceiverServerRatis.java:start(428)) - XceiverServerRatis 452c6e63-a49e-4e87-b905-0b21e6eecd9f is started using port 38506
2019-07-14 00:59:17,906 INFO  server.XceiverServerGrpc (XceiverServerGrpc.java:start(161)) - XceiverServerGrpc 452c6e63-a49e-4e87-b905-0b21e6eecd9f is started using port 45375
2019-07-14 00:59:18,073 INFO  ozoneimpl.OzoneContainer (OzoneContainer.java:start(186)) - Attempting to start container services.
2019-07-14 00:59:18,078 INFO  ozoneimpl.OzoneContainer (OzoneContainer.java:startContainerScrub(160)) - Background container scrubber has been disabled by hdds.containerscrub.enabled
2019-07-14 00:59:18,078 INFO  ratis.XceiverServerRatis (XceiverServerRatis.java:start(418)) - Starting XceiverServerRatis 2a42f5c7-f7b3-41ce-8fa1-309ec562414f at port 0
2019-07-14 00:59:18,086 INFO  impl.RaftServerProxy (RaftServerProxy.java:lambda$start$3(299)) - 2a42f5c7-f7b3-41ce-8fa1-309ec562414f: start RPC server
2019-07-14 00:59:18,089 INFO  server.GrpcService (GrpcService.java:startImpl(149)) - 2a42f5c7-f7b3-41ce-8fa1-309ec562414f: GrpcService started, listening on 0.0.0.0/0.0.0.0:40199
2019-07-14 00:59:18,089 INFO  ratis.XceiverServerRatis (XceiverServerRatis.java:start(428)) - XceiverServerRatis 2a42f5c7-f7b3-41ce-8fa1-309ec562414f is started using port 40199
2019-07-14 00:59:18,091 INFO  server.XceiverServerGrpc (XceiverServerGrpc.java:start(161)) - XceiverServerGrpc 2a42f5c7-f7b3-41ce-8fa1-309ec562414f is started using port 33584
2019-07-14 00:59:18,260 INFO  ozoneimpl.OzoneContainer (OzoneContainer.java:start(186)) - Attempting to start container services.
2019-07-14 00:59:18,260 INFO  ozoneimpl.OzoneContainer (OzoneContainer.java:startContainerScrub(160)) - Background container scrubber has been disabled by hdds.containerscrub.enabled
2019-07-14 00:59:18,260 INFO  ratis.XceiverServerRatis (XceiverServerRatis.java:start(418)) - Starting XceiverServerRatis 4f59f924-1d30-4041-a3c6-040de151e2c2 at port 0
2019-07-14 00:59:18,271 INFO  impl.RaftServerProxy (RaftServerProxy.java:lambda$start$3(299)) - 4f59f924-1d30-4041-a3c6-040de151e2c2: start RPC server
2019-07-14 00:59:18,276 INFO  server.GrpcService (GrpcService.java:startImpl(149)) - 4f59f924-1d30-4041-a3c6-040de151e2c2: GrpcService started, listening on 0.0.0.0/0.0.0.0:45403
2019-07-14 00:59:18,276 INFO  ratis.XceiverServerRatis (XceiverServerRatis.java:start(428)) - XceiverServerRatis 4f59f924-1d30-4041-a3c6-040de151e2c2 is started using port 45403
2019-07-14 00:59:18,279 INFO  server.XceiverServerGrpc (XceiverServerGrpc.java:start(161)) - XceiverServerGrpc 4f59f924-1d30-4041-a3c6-040de151e2c2 is started using port 42063
2019-07-14 00:59:18,455 INFO  ozoneimpl.OzoneContainer (OzoneContainer.java:start(186)) - Attempting to start container services.
2019-07-14 00:59:18,455 INFO  ozoneimpl.OzoneContainer (OzoneContainer.java:startContainerScrub(160)) - Background container scrubber has been disabled by hdds.containerscrub.enabled
2019-07-14 00:59:18,455 INFO  ratis.XceiverServerRatis (XceiverServerRatis.java:start(418)) - Starting XceiverServerRatis bbdbccfa-f1e7-44a4-8bfd-ac399083e39c at port 0
2019-07-14 00:59:18,463 INFO  impl.RaftServerProxy (RaftServerProxy.java:lambda$start$3(299)) - bbdbccfa-f1e7-44a4-8bfd-ac399083e39c: start RPC server
2019-07-14 00:59:18,467 INFO  server.GrpcService (GrpcService.java:startImpl(149)) - bbdbccfa-f1e7-44a4-8bfd-ac399083e39c: GrpcService started, listening on 0.0.0.0/0.0.0.0:42664
2019-07-14 00:59:18,467 INFO  ratis.XceiverServerRatis (XceiverServerRatis.java:start(428)) - XceiverServerRatis bbdbccfa-f1e7-44a4-8bfd-ac399083e39c is started using port 42664
2019-07-14 00:59:18,471 INFO  server.XceiverServerGrpc (XceiverServerGrpc.java:start(161)) - XceiverServerGrpc bbdbccfa-f1e7-44a4-8bfd-ac399083e39c is started using port 34572
2019-07-14 00:59:18,730 INFO  ozone.MiniOzoneClusterImpl (MiniOzoneClusterImpl.java:lambda$waitForClusterToBeReady$0(142)) - Waiting for cluster to be ready. Got 0 of 7 DN Heartbeats.
2019-07-14 00:59:18,748 INFO  ozoneimpl.OzoneContainer (OzoneContainer.java:start(186)) - Attempting to start container services.
2019-07-14 00:59:18,749 INFO  ozoneimpl.OzoneContainer (OzoneContainer.java:startContainerScrub(160)) - Background container scrubber has been disabled by hdds.containerscrub.enabled
2019-07-14 00:59:18,749 INFO  ratis.XceiverServerRatis (XceiverServerRatis.java:start(418)) - Starting XceiverServerRatis d5464623-c0e3-4c98-be34-d1b326a869c9 at port 0
2019-07-14 00:59:18,758 INFO  impl.RaftServerProxy (RaftServerProxy.java:lambda$start$3(299)) - d5464623-c0e3-4c98-be34-d1b326a869c9: start RPC server
2019-07-14 00:59:18,763 INFO  server.GrpcService (GrpcService.java:startImpl(149)) - d5464623-c0e3-4c98-be34-d1b326a869c9: GrpcService started, listening on 0.0.0.0/0.0.0.0:40587
2019-07-14 00:59:18,763 INFO  ratis.XceiverServerRatis (XceiverServerRatis.java:start(428)) - XceiverServerRatis d5464623-c0e3-4c98-be34-d1b326a869c9 is started using port 40587
2019-07-14 00:59:18,767 INFO  server.XceiverServerGrpc (XceiverServerGrpc.java:start(161)) - XceiverServerGrpc d5464623-c0e3-4c98-be34-d1b326a869c9 is started using port 35646
2019-07-14 00:59:19,487 INFO  net.NetworkTopology (NetworkTopologyImpl.java:add(110)) - Added a new node: /default-rack/192.168.157.230
2019-07-14 00:59:19,487 INFO  node.SCMNodeManager (SCMNodeManager.java:register(269)) - Registered Data node : 7eca1d56-b308-4dc8-ae9d-c28d2a691562{ip: 192.168.157.230, host: trunk-nightly-sxkq5-3320257302, networkLocation: /default-rack, certSerialId: null}
2019-07-14 00:59:19,493 INFO  safemode.SCMSafeModeManager (DataNodeSafeModeRule.java:process(71)) - SCM in safe mode. 1 DataNodes registered, 1 required.
2019-07-14 00:59:19,493 INFO  safemode.SCMSafeModeManager (SCMSafeModeManager.java:validateSafeModeExitRules(177)) - ScmSafeModeManager, all rules are successfully validated
2019-07-14 00:59:19,494 INFO  safemode.SCMSafeModeManager (SCMSafeModeManager.java:exitSafeMode(193)) - SCM exiting safe mode.
2019-07-14 00:59:19,686 INFO  node.SCMNodeManager (SCMNodeManager.java:register(269)) - Registered Data node : 12747988-162c-47d6-83a7-23159ad274b9{ip: 192.168.157.230, host: trunk-nightly-sxkq5-3320257302, networkLocation: /default-rack, certSerialId: null}
2019-07-14 00:59:19,732 INFO  ozone.MiniOzoneClusterImpl (MiniOzoneClusterImpl.java:lambda$waitForClusterToBeReady$0(142)) - Waiting for cluster to be ready. Got 2 of 7 DN Heartbeats.
2019-07-14 00:59:19,876 INFO  node.SCMNodeManager (SCMNodeManager.java:register(269)) - Registered Data node : 452c6e63-a49e-4e87-b905-0b21e6eecd9f{ip: 192.168.157.230, host: trunk-nightly-sxkq5-3320257302, networkLocation: /default-rack, certSerialId: null}
2019-07-14 00:59:20,389 INFO  node.SCMNodeManager (SCMNodeManager.java:register(269)) - Registered Data node : 4f59f924-1d30-4041-a3c6-040de151e2c2{ip: 192.168.157.230, host: trunk-nightly-sxkq5-3320257302, networkLocation: /default-rack, certSerialId: null}
2019-07-14 00:59:20,389 INFO  node.SCMNodeManager (SCMNodeManager.java:register(269)) - Registered Data node : 2a42f5c7-f7b3-41ce-8fa1-309ec562414f{ip: 192.168.157.230, host: trunk-nightly-sxkq5-3320257302, networkLocation: /default-rack, certSerialId: null}
2019-07-14 00:59:20,412 INFO  impl.RaftServerProxy (RaftServerProxy.java:addNew(89)) - 7eca1d56-b308-4dc8-ae9d-c28d2a691562: addNew group-08D6DAFEA2FC:[7eca1d56-b308-4dc8-ae9d-c28d2a691562:192.168.157.230:44016] returns group-08D6DAFEA2FC:java.util.concurrent.CompletableFuture@3223eed6[Not completed]
2019-07-14 00:59:20,434 INFO  impl.RaftServerImpl (RaftServerImpl.java:<init>(93)) - 7eca1d56-b308-4dc8-ae9d-c28d2a691562: new RaftServerImpl for group-08D6DAFEA2FC:[7eca1d56-b308-4dc8-ae9d-c28d2a691562:192.168.157.230:44016] with ContainerStateMachine:uninitialized
2019-07-14 00:59:20,437 INFO  server.RaftServerConfigKeys (ConfUtils.java:logGet(43)) - raft.server.rpc.timeout.min = 5s (custom)
2019-07-14 00:59:20,438 INFO  server.RaftServerConfigKeys (ConfUtils.java:logGet(43)) - raft.server.rpc.timeout.max = 5200ms (custom)
2019-07-14 00:59:20,439 INFO  server.RaftServerConfigKeys (ConfUtils.java:logGet(43)) - raft.server.rpcslowness.timeout = 120s (custom)
2019-07-14 00:59:20,441 INFO  server.RaftServerConfigKeys (ConfUtils.java:logGet(43)) - raft.server.sleep.deviation.threshold = 300 (default)
2019-07-14 00:59:20,441 INFO  node.SCMNodeManager (SCMNodeManager.java:register(269)) - Registered Data node : bbdbccfa-f1e7-44a4-8bfd-ac399083e39c{ip: 192.168.157.230, host: trunk-nightly-sxkq5-3320257302, networkLocation: /default-rack, certSerialId: null}
2019-07-14 00:59:20,442 INFO  server.RaftServerConfigKeys (ConfUtils.java:logGet(43)) - raft.server.log.appender.install.snapshot.enabled = false (custom)
2019-07-14 00:59:20,452 INFO  impl.RaftServerImpl (ServerState.java:<init>(105)) - 7eca1d56-b308-4dc8-ae9d-c28d2a691562:group-08D6DAFEA2FC ConfigurationManager, init=-1: [7eca1d56-b308-4dc8-ae9d-c28d2a691562:192.168.157.230:44016], old=null, confs=<EMPTY_MAP>
2019-07-14 00:59:20,452 INFO  server.RaftServerConfigKeys (ConfUtils.java:logGet(43)) - raft.server.storage.dir = [/tmp/workdir/hadoop-ozone/integration-test/target/test-dir/MiniOzoneClusterImpl-764387f4-9493-4923-bec4-d2ba5b458308/datanode-0/data/ratis] (custom)
2019-07-14 00:59:20,461 INFO  storage.RaftStorageDirectory (RaftStorageDirectory.java:analyzeStorage(246)) - The storage directory /tmp/workdir/hadoop-ozone/integration-test/target/test-dir/MiniOzoneClusterImpl-764387f4-9493-4923-bec4-d2ba5b458308/datanode-0/data/ratis/e1f54d4e-2c6b-4755-8ecf-08d6dafea2fc does not exist. Creating ...
2019-07-14 00:59:20,480 INFO  storage.RaftStorageDirectory (RaftStorageDirectory.java:tryLock(328)) - Lock on /tmp/workdir/hadoop-ozone/integration-test/target/test-dir/MiniOzoneClusterImpl-764387f4-9493-4923-bec4-d2ba5b458308/datanode-0/data/ratis/e1f54d4e-2c6b-4755-8ecf-08d6dafea2fc/in_use.lock acquired by nodename 22387@trunk-nightly-sxkq5-3320257302
2019-07-14 00:59:20,495 INFO  storage.RaftStorage (RaftStorage.java:format(72)) - Storage directory /tmp/workdir/hadoop-ozone/integration-test/target/test-dir/MiniOzoneClusterImpl-764387f4-9493-4923-bec4-d2ba5b458308/datanode-0/data/ratis/e1f54d4e-2c6b-4755-8ecf-08d6dafea2fc has been successfully formatted.
2019-07-14 00:59:20,497 INFO  ratis.ContainerStateMachine (ContainerStateMachine.java:loadSnapshot(200)) - The snapshot info is null.Setting the last applied index to:(t:0, i:~)
2019-07-14 00:59:20,498 INFO  server.RaftServerConfigKeys (ConfUtils.java:logGet(43)) - raft.server.leader.election.timeout = 120s (custom)
2019-07-14 00:59:20,500 INFO  server.RaftServerConfigKeys (ConfUtils.java:logGet(43)) - raft.server.log.use.memory = false (default)
2019-07-14 00:59:20,506 INFO  server.RaftServerConfigKeys (ConfUtils.java:logGet(43)) - raft.server.log.purge.gap = 1000000000 (custom)
2019-07-14 00:59:20,506 INFO  server.RaftServerConfigKeys (ConfUtils.java:logGet(43)) - raft.server.log.appender.buffer.byte-limit = 33554432 (custom)
2019-07-14 00:59:20,508 INFO  server.RaftServerConfigKeys (ConfUtils.java:logGet(43)) - raft.server.log.segment.size.max = 1048576 (custom)
2019-07-14 00:59:20,513 INFO  server.RaftServerConfigKeys (ConfUtils.java:logGet(43)) - raft.server.log.segment.cache.num.max = 2 (custom)
2019-07-14 00:59:20,519 INFO  segmented.SegmentedRaftLogWorker (SegmentedRaftLogWorker.java:<init>(172)) - new 7eca1d56-b308-4dc8-ae9d-c28d2a691562-SegmentedRaftLogWorker:Storage Directory /tmp/workdir/hadoop-ozone/integration-test/target/test-dir/MiniOzoneClusterImpl-764387f4-9493-4923-bec4-d2ba5b458308/datanode-0/data/ratis/e1f54d4e-2c6b-4755-8ecf-08d6dafea2fc for RaftStorage:Storage Directory /tmp/workdir/hadoop-ozone/integration-test/target/test-dir/MiniOzoneClusterImpl-764387f4-9493-4923-bec4-d2ba5b458308/datanode-0/data/ratis/e1f54d4e-2c6b-4755-8ecf-08d6dafea2fc
2019-07-14 00:59:20,531 INFO  server.RaftServerConfigKeys (ConfUtils.java:logGet(43)) - raft.server.log.queue.byte-limit = 2147483647 (custom)
2019-07-14 00:59:20,531 INFO  server.RaftServerConfigKeys (ConfUtils.java:logGet(43)) - raft.server.log.queue.element-limit = 1024 (custom)
2019-07-14 00:59:20,536 INFO  server.RaftServerConfigKeys (ConfUtils.java:logGet(43)) - raft.server.log.segment.size.max = 1048576 (custom)
2019-07-14 00:59:20,537 INFO  server.RaftServerConfigKeys (ConfUtils.java:logGet(43)) - raft.server.log.preallocated.size = 16384 (custom)
2019-07-14 00:59:20,537 INFO  server.RaftServerConfigKeys (ConfUtils.java:logGet(43)) - raft.server.log.write.buffer.size = 33554432 (custom)
2019-07-14 00:59:20,537 INFO  server.RaftServerConfigKeys (ConfUtils.java:logGet(43)) - raft.server.log.force.sync.num = 128 (default)
2019-07-14 00:59:20,538 INFO  server.RaftServerConfigKeys (ConfUtils.java:logGet(43)) - raft.server.log.statemachine.data.sync = true (default)
2019-07-14 00:59:20,539 INFO  server.RaftServerConfigKeys (ConfUtils.java:logGet(43)) - raft.server.log.statemachine.data.sync.timeout = 10s (default)
2019-07-14 00:59:20,539 INFO  server.RaftServerConfigKeys (ConfUtils.java:logGet(43)) - raft.server.log.statemachine.data.sync.timeout.retry = -1 (default)
2019-07-14 00:59:20,547 INFO  server.RaftServerConfigKeys (ConfUtils.java:logGet(43)) - raft.server.log.statemachine.data.caching.enabled = true (custom)
2019-07-14 00:59:20,552 INFO  segmented.SegmentedRaftLogWorker (SegmentedRaftLogWorker.java:lambda$new$0(132)) - 7eca1d56-b308-4dc8-ae9d-c28d2a691562-SegmentedRaftLogWorker:Storage Directory /tmp/workdir/hadoop-ozone/integration-test/target/test-dir/MiniOzoneClusterImpl-764387f4-9493-4923-bec4-d2ba5b458308/datanode-0/data/ratis/e1f54d4e-2c6b-4755-8ecf-08d6dafea2fc: flushIndex: setUnconditionally 0 -> -1
2019-07-14 00:59:20,556 INFO  server.RaftServerConfigKeys (ConfUtils.java:logGet(43)) - raft.server.snapshot.auto.trigger.enabled = true (custom)
2019-07-14 00:59:20,556 INFO  server.RaftServerConfigKeys (ConfUtils.java:logGet(43)) - raft.server.snapshot.auto.trigger.threshold = 10000 (custom)
2019-07-14 00:59:20,557 INFO  server.RaftServerConfigKeys (ConfUtils.java:logGet(43)) - raft.server.retrycache.expirytime = 600000ms (custom)
2019-07-14 00:59:20,576 INFO  impl.RaftServerImpl (RaftServerImpl.java:start(180)) - 7eca1d56-b308-4dc8-ae9d-c28d2a691562: start group-08D6DAFEA2FC
2019-07-14 00:59:20,577 INFO  impl.RaftServerImpl (RaftServerImpl.java:setRole(171)) - 7eca1d56-b308-4dc8-ae9d-c28d2a691562:group-08D6DAFEA2FC changes role from null to FOLLOWER at term 0 for startAsFollower
2019-07-14 00:59:20,578 INFO  impl.RoleInfo (RoleInfo.java:updateAndGet(143)) - 7eca1d56-b308-4dc8-ae9d-c28d2a691562: start FollowerState
2019-07-14 00:59:20,579 INFO  util.JmxRegister (JmxRegister.java:tryRegister(44)) - Successfully registered JMX Bean with object name Ratis:service=RaftServer,group=group-08D6DAFEA2FC,id=7eca1d56-b308-4dc8-ae9d-c28d2a691562
2019-07-14 00:59:20,636 INFO  pipeline.PipelineStateManager (PipelineStateManager.java:addPipeline(56)) - Created pipeline Pipeline[ Id: e1f54d4e-2c6b-4755-8ecf-08d6dafea2fc, Nodes: 7eca1d56-b308-4dc8-ae9d-c28d2a691562{ip: 192.168.157.230, host: trunk-nightly-sxkq5-3320257302, networkLocation: /default-rack, certSerialId: null}, Type:RATIS, Factor:ONE, State:OPEN]
2019-07-14 00:59:20,667 INFO  impl.RaftServerProxy (RaftServerProxy.java:addNew(89)) - 452c6e63-a49e-4e87-b905-0b21e6eecd9f: addNew group-C908EAA6EC24:[452c6e63-a49e-4e87-b905-0b21e6eecd9f:192.168.157.230:38506] returns group-C908EAA6EC24:java.util.concurrent.CompletableFuture@5afd63f7[Not completed]
2019-07-14 00:59:20,725 INFO  impl.RaftServerImpl (RaftServerImpl.java:<init>(93)) - 452c6e63-a49e-4e87-b905-0b21e6eecd9f: new RaftServerImpl for group-C908EAA6EC24:[452c6e63-a49e-4e87-b905-0b21e6eecd9f:192.168.157.230:38506] with ContainerStateMachine:uninitialized
2019-07-14 00:59:20,727 INFO  server.RaftServerConfigKeys (ConfUtils.java:logGet(43)) - raft.server.rpc.timeout.min = 5s (custom)
2019-07-14 00:59:20,727 INFO  server.RaftServerConfigKeys (ConfUtils.java:logGet(43)) - raft.server.rpc.timeout.max = 5200ms (custom)
2019-07-14 00:59:20,727 INFO  server.RaftServerConfigKeys (ConfUtils.java:logGet(43)) - raft.server.rpcslowness.timeout = 120s (custom)
2019-07-14 00:59:20,727 INFO  server.RaftServerConfigKeys (ConfUtils.java:logGet(43)) - raft.server.sleep.deviation.threshold = 300 (default)
2019-07-14 00:59:20,727 INFO  server.RaftServerConfigKeys (ConfUtils.java:logGet(43)) - raft.server.log.appender.install.snapshot.enabled = false (custom)
2019-07-14 00:59:20,728 INFO  impl.RaftServerImpl (ServerState.java:<init>(105)) - 452c6e63-a49e-4e87-b905-0b21e6eecd9f:group-C908EAA6EC24 ConfigurationManager, init=-1: [452c6e63-a49e-4e87-b905-0b21e6eecd9f:192.168.157.230:38506], old=null, confs=<EMPTY_MAP>
2019-07-14 00:59:20,728 INFO  server.RaftServerConfigKeys (ConfUtils.java:logGet(43)) - raft.server.storage.dir = [/tmp/workdir/hadoop-ozone/integration-test/target/test-dir/MiniOzoneClusterImpl-764387f4-9493-4923-bec4-d2ba5b458308/datanode-2/data/ratis] (custom)
2019-07-14 00:59:20,728 INFO  storage.RaftStorageDirectory (RaftStorageDirectory.java:analyzeStorage(246)) - The storage directory /tmp/workdir/hadoop-ozone/integration-test/target/test-dir/MiniOzoneClusterImpl-764387f4-9493-4923-bec4-d2ba5b458308/datanode-2/data/ratis/e10fe842-5bf0-4c32-9b3f-c908eaa6ec24 does not exist. Creating ...
2019-07-14 00:59:20,733 INFO  ozone.MiniOzoneClusterImpl (MiniOzoneClusterImpl.java:lambda$waitForClusterToBeReady$0(142)) - Waiting for cluster to be ready. Got 6 of 7 DN Heartbeats.
2019-07-14 00:59:20,734 INFO  node.SCMNodeManager (SCMNodeManager.java:register(269)) - Registered Data node : d5464623-c0e3-4c98-be34-d1b326a869c9{ip: 192.168.157.230, host: trunk-nightly-sxkq5-3320257302, networkLocation: /default-rack, certSerialId: null}
2019-07-14 00:59:20,743 INFO  storage.RaftStorageDirectory (RaftStorageDirectory.java:tryLock(328)) - Lock on /tmp/workdir/hadoop-ozone/integration-test/target/test-dir/MiniOzoneClusterImpl-764387f4-9493-4923-bec4-d2ba5b458308/datanode-2/data/ratis/e10fe842-5bf0-4c32-9b3f-c908eaa6ec24/in_use.lock acquired by nodename 22387@trunk-nightly-sxkq5-3320257302
2019-07-14 00:59:20,773 INFO  storage.RaftStorage (RaftStorage.java:format(72)) - Storage directory /tmp/workdir/hadoop-ozone/integration-test/target/test-dir/MiniOzoneClusterImpl-764387f4-9493-4923-bec4-d2ba5b458308/datanode-2/data/ratis/e10fe842-5bf0-4c32-9b3f-c908eaa6ec24 has been successfully formatted.
2019-07-14 00:59:20,775 INFO  ratis.ContainerStateMachine (ContainerStateMachine.java:loadSnapshot(200)) - The snapshot info is null.Setting the last applied index to:(t:0, i:~)
2019-07-14 00:59:20,777 INFO  server.RaftServerConfigKeys (ConfUtils.java:logGet(43)) - raft.server.leader.election.timeout = 120s (custom)
2019-07-14 00:59:20,777 INFO  server.RaftServerConfigKeys (ConfUtils.java:logGet(43)) - raft.server.log.use.memory = false (default)
2019-07-14 00:59:20,778 INFO  server.RaftServerConfigKeys (ConfUtils.java:logGet(43)) - raft.server.log.purge.gap = 1000000000 (custom)
2019-07-14 00:59:20,778 INFO  server.RaftServerConfigKeys (ConfUtils.java:logGet(43)) - raft.server.log.appender.buffer.byte-limit = 33554432 (custom)
2019-07-14 00:59:20,778 INFO  server.RaftServerConfigKeys (ConfUtils.java:logGet(43)) - raft.server.log.segment.size.max = 1048576 (custom)
2019-07-14 00:59:20,778 INFO  server.RaftServerConfigKeys (ConfUtils.java:logGet(43)) - raft.server.log.segment.cache.num.max = 2 (custom)
2019-07-14 00:59:20,779 INFO  segmented.SegmentedRaftLogWorker (SegmentedRaftLogWorker.java:<init>(172)) - new 452c6e63-a49e-4e87-b905-0b21e6eecd9f-SegmentedRaftLogWorker:Storage Directory /tmp/workdir/hadoop-ozone/integration-test/target/test-dir/MiniOzoneClusterImpl-764387f4-9493-4923-bec4-d2ba5b458308/datanode-2/data/ratis/e10fe842-5bf0-4c32-9b3f-c908eaa6ec24 for RaftStorage:Storage Directory /tmp/workdir/hadoop-ozone/integration-test/target/test-dir/MiniOzoneClusterImpl-764387f4-9493-4923-bec4-d2ba5b458308/datanode-2/data/ratis/e10fe842-5bf0-4c32-9b3f-c908eaa6ec24
2019-07-14 00:59:20,781 INFO  server.RaftServerConfigKeys (ConfUtils.java:logGet(43)) - raft.server.log.queue.byte-limit = 2147483647 (custom)
2019-07-14 00:59:20,781 INFO  server.RaftServerConfigKeys (ConfUtils.java:logGet(43)) - raft.server.log.queue.element-limit = 1024 (custom)
2019-07-14 00:59:20,781 INFO  server.RaftServerConfigKeys (ConfUtils.java:logGet(43)) - raft.server.log.segment.size.max = 1048576 (custom)
2019-07-14 00:59:20,782 INFO  server.RaftServerConfigKeys (ConfUtils.java:logGet(43)) - raft.server.log.preallocated.size = 16384 (custom)
2019-07-14 00:59:20,782 INFO  server.RaftServerConfigKeys (ConfUtils.java:logGet(43)) - raft.server.log.write.buffer.size = 33554432 (custom)
2019-07-14 00:59:20,782 INFO  server.RaftServerConfigKeys (ConfUtils.java:logGet(43)) - raft.server.log.force.sync.num = 128 (default)
2019-07-14 00:59:20,782 INFO  server.RaftServerConfigKeys (ConfUtils.java:logGet(43)) - raft.server.log.statemachine.data.sync = true (default)
2019-07-14 00:59:20,783 INFO  server.RaftServerConfigKeys (ConfUtils.java:logGet(43)) - raft.server.log.statemachine.data.sync.timeout = 10s (default)
2019-07-14 00:59:20,783 INFO  server.RaftServerConfigKeys (ConfUtils.java:logGet(43)) - raft.server.log.statemachine.data.sync.timeout.retry = -1 (default)
2019-07-14 00:59:20,783 INFO  server.RaftServerConfigKeys (ConfUtils.java:logGet(43)) - raft.server.log.statemachine.data.caching.enabled = true (custom)
2019-07-14 00:59:20,784 INFO  segmented.SegmentedRaftLogWorker (SegmentedRaftLogWorker.java:lambda$new$0(132)) - 452c6e63-a49e-4e87-b905-0b21e6eecd9f-SegmentedRaftLogWorker:Storage Directory /tmp/workdir/hadoop-ozone/integration-test/target/test-dir/MiniOzoneClusterImpl-764387f4-9493-4923-bec4-d2ba5b458308/datanode-2/data/ratis/e10fe842-5bf0-4c32-9b3f-c908eaa6ec24: flushIndex: setUnconditionally 0 -> -1
2019-07-14 00:59:20,784 INFO  server.RaftServerConfigKeys (ConfUtils.java:logGet(43)) - raft.server.snapshot.auto.trigger.enabled = true (custom)
2019-07-14 00:59:20,784 INFO  server.RaftServerConfigKeys (ConfUtils.java:logGet(43)) - raft.server.snapshot.auto.trigger.threshold = 10000 (custom)
2019-07-14 00:59:20,785 INFO  server.RaftServerConfigKeys (ConfUtils.java:logGet(43)) - raft.server.retrycache.expirytime = 600000ms (custom)
2019-07-14 00:59:20,785 INFO  impl.RaftServerImpl (RaftServerImpl.java:start(180)) - 452c6e63-a49e-4e87-b905-0b21e6eecd9f: start group-C908EAA6EC24
2019-07-14 00:59:20,785 INFO  impl.RaftServerImpl (RaftServerImpl.java:setRole(171)) - 452c6e63-a49e-4e87-b905-0b21e6eecd9f:group-C908EAA6EC24 changes role from null to FOLLOWER at term 0 for startAsFollower
2019-07-14 00:59:20,785 INFO  impl.RoleInfo (RoleInfo.java:updateAndGet(143)) - 452c6e63-a49e-4e87-b905-0b21e6eecd9f: start FollowerState
2019-07-14 00:59:20,788 INFO  util.JmxRegister (JmxRegister.java:tryRegister(44)) - Successfully registered JMX Bean with object name Ratis:service=RaftServer,group=group-C908EAA6EC24,id=452c6e63-a49e-4e87-b905-0b21e6eecd9f
2019-07-14 00:59:20,807 INFO  pipeline.PipelineStateManager (PipelineStateManager.java:addPipeline(56)) - Created pipeline Pipeline[ Id: e10fe842-5bf0-4c32-9b3f-c908eaa6ec24, Nodes: 452c6e63-a49e-4e87-b905-0b21e6eecd9f{ip: 192.168.157.230, host: trunk-nightly-sxkq5-3320257302, networkLocation: /default-rack, certSerialId: null}, Type:RATIS, Factor:ONE, State:OPEN]
2019-07-14 00:59:20,839 INFO  impl.RaftServerProxy (RaftServerProxy.java:addNew(89)) - 4f59f924-1d30-4041-a3c6-040de151e2c2: addNew group-DFF2E16EB5EF:[4f59f924-1d30-4041-a3c6-040de151e2c2:192.168.157.230:45403] returns group-DFF2E16EB5EF:java.util.concurrent.CompletableFuture@4e63c08e[Not completed]
2019-07-14 00:59:20,851 INFO  impl.RaftServerImpl (RaftServerImpl.java:<init>(93)) - 4f59f924-1d30-4041-a3c6-040de151e2c2: new RaftServerImpl for group-DFF2E16EB5EF:[4f59f924-1d30-4041-a3c6-040de151e2c2:192.168.157.230:45403] with ContainerStateMachine:uninitialized
2019-07-14 00:59:20,852 INFO  server.RaftServerConfigKeys (ConfUtils.java:logGet(43)) - raft.server.rpc.timeout.min = 5s (custom)
2019-07-14 00:59:20,852 INFO  server.RaftServerConfigKeys (ConfUtils.java:logGet(43)) - raft.server.rpc.timeout.max = 5200ms (custom)
2019-07-14 00:59:20,852 INFO  server.RaftServerConfigKeys (ConfUtils.java:logGet(43)) - raft.server.rpcslowness.timeout = 120s (custom)
2019-07-14 00:59:20,852 INFO  server.RaftServerConfigKeys (ConfUtils.java:logGet(43)) - raft.server.sleep.deviation.threshold = 300 (default)
2019-07-14 00:59:20,852 INFO  server.RaftServerConfigKeys (ConfUtils.java:logGet(43)) - raft.server.log.appender.install.snapshot.enabled = false (custom)
2019-07-14 00:59:20,853 INFO  impl.RaftServerImpl (ServerState.java:<init>(105)) - 4f59f924-1d30-4041-a3c6-040de151e2c2:group-DFF2E16EB5EF ConfigurationManager, init=-1: [4f59f924-1d30-4041-a3c6-040de151e2c2:192.168.157.230:45403], old=null, confs=<EMPTY_MAP>
2019-07-14 00:59:20,853 INFO  server.RaftServerConfigKeys (ConfUtils.java:logGet(43)) - raft.server.storage.dir = [/tmp/workdir/hadoop-ozone/integration-test/target/test-dir/MiniOzoneClusterImpl-764387f4-9493-4923-bec4-d2ba5b458308/datanode-4/data/ratis] (custom)
2019-07-14 00:59:20,853 INFO  storage.RaftStorageDirectory (RaftStorageDirectory.java:analyzeStorage(246)) - The storage directory /tmp/workdir/hadoop-ozone/integration-test/target/test-dir/MiniOzoneClusterImpl-764387f4-9493-4923-bec4-d2ba5b458308/datanode-4/data/ratis/cfe6a226-d0c3-4d5d-8101-dff2e16eb5ef does not exist. Creating ...
2019-07-14 00:59:20,866 INFO  storage.RaftStorageDirectory (RaftStorageDirectory.java:tryLock(328)) - Lock on /tmp/workdir/hadoop-ozone/integration-test/target/test-dir/MiniOzoneClusterImpl-764387f4-9493-4923-bec4-d2ba5b458308/datanode-4/data/ratis/cfe6a226-d0c3-4d5d-8101-dff2e16eb5ef/in_use.lock acquired by nodename 22387@trunk-nightly-sxkq5-3320257302
2019-07-14 00:59:20,886 INFO  storage.RaftStorage (RaftStorage.java:format(72)) - Storage directory /tmp/workdir/hadoop-ozone/integration-test/target/test-dir/MiniOzoneClusterImpl-764387f4-9493-4923-bec4-d2ba5b458308/datanode-4/data/ratis/cfe6a226-d0c3-4d5d-8101-dff2e16eb5ef has been successfully formatted.
2019-07-14 00:59:20,887 INFO  ratis.ContainerStateMachine (ContainerStateMachine.java:loadSnapshot(200)) - The snapshot info is null.Setting the last applied index to:(t:0, i:~)
2019-07-14 00:59:20,887 INFO  server.RaftServerConfigKeys (ConfUtils.java:logGet(43)) - raft.server.leader.election.timeout = 120s (custom)
2019-07-14 00:59:20,887 INFO  server.RaftServerConfigKeys (ConfUtils.java:logGet(43)) - raft.server.log.use.memory = false (default)
2019-07-14 00:59:20,887 INFO  server.RaftServerConfigKeys (ConfUtils.java:logGet(43)) - raft.server.log.purge.gap = 1000000000 (custom)
2019-07-14 00:59:20,887 INFO  server.RaftServerConfigKeys (ConfUtils.java:logGet(43)) - raft.server.log.appender.buffer.byte-limit = 33554432 (custom)
2019-07-14 00:59:20,888 INFO  server.RaftServerConfigKeys (ConfUtils.java:logGet(43)) - raft.server.log.segment.size.max = 1048576 (custom)
2019-07-14 00:59:20,888 INFO  server.RaftServerConfigKeys (ConfUtils.java:logGet(43)) - raft.server.log.segment.cache.num.max = 2 (custom)
2019-07-14 00:59:20,888 INFO  segmented.SegmentedRaftLogWorker (SegmentedRaftLogWorker.java:<init>(172)) - new 4f59f924-1d30-4041-a3c6-040de151e2c2-SegmentedRaftLogWorker:Storage Directory /tmp/workdir/hadoop-ozone/integration-test/target/test-dir/MiniOzoneClusterImpl-764387f4-9493-4923-bec4-d2ba5b458308/datanode-4/data/ratis/cfe6a226-d0c3-4d5d-8101-dff2e16eb5ef for RaftStorage:Storage Directory /tmp/workdir/hadoop-ozone/integration-test/target/test-dir/MiniOzoneClusterImpl-764387f4-9493-4923-bec4-d2ba5b458308/datanode-4/data/ratis/cfe6a226-d0c3-4d5d-8101-dff2e16eb5ef
2019-07-14 00:59:20,888 INFO  server.RaftServerConfigKeys (ConfUtils.java:logGet(43)) - raft.server.log.queue.byte-limit = 2147483647 (custom)
2019-07-14 00:59:20,888 INFO  server.RaftServerConfigKeys (ConfUtils.java:logGet(43)) - raft.server.log.queue.element-limit = 1024 (custom)
2019-07-14 00:59:20,889 INFO  server.RaftServerConfigKeys (ConfUtils.java:logGet(43)) - raft.server.log.segment.size.max = 1048576 (custom)
2019-07-14 00:59:20,889 INFO  server.RaftServerConfigKeys (ConfUtils.java:logGet(43)) - raft.server.log.preallocated.size = 16384 (custom)
2019-07-14 00:59:20,889 INFO  server.RaftServerConfigKeys (ConfUtils.java:logGet(43)) - raft.server.log.write.buffer.size = 33554432 (custom)
2019-07-14 00:59:20,889 INFO  server.RaftServerConfigKeys (ConfUtils.java:logGet(43)) - raft.server.log.force.sync.num = 128 (default)
2019-07-14 00:59:20,890 INFO  server.RaftServerConfigKeys (ConfUtils.java:logGet(43)) - raft.server.log.statemachine.data.sync = true (default)
2019-07-14 00:59:20,890 INFO  server.RaftServerConfigKeys (ConfUtils.java:logGet(43)) - raft.server.log.statemachine.data.sync.timeout = 10s (default)
2019-07-14 00:59:20,890 INFO  server.RaftServerConfigKeys (ConfUtils.java:logGet(43)) - raft.server.log.statemachine.data.sync.timeout.retry = -1 (default)
2019-07-14 00:59:20,891 INFO  server.RaftServerConfigKeys (ConfUtils.java:logGet(43)) - raft.server.log.statemachine.data.caching.enabled = true (custom)
2019-07-14 00:59:20,891 INFO  segmented.SegmentedRaftLogWorker (SegmentedRaftLogWorker.java:lambda$new$0(132)) - 4f59f924-1d30-4041-a3c6-040de151e2c2-SegmentedRaftLogWorker:Storage Directory /tmp/workdir/hadoop-ozone/integration-test/target/test-dir/MiniOzoneClusterImpl-764387f4-9493-4923-bec4-d2ba5b458308/datanode-4/data/ratis/cfe6a226-d0c3-4d5d-8101-dff2e16eb5ef: flushIndex: setUnconditionally 0 -> -1
2019-07-14 00:59:20,892 INFO  server.RaftServerConfigKeys (ConfUtils.java:logGet(43)) - raft.server.snapshot.auto.trigger.enabled = true (custom)
2019-07-14 00:59:20,892 INFO  server.RaftServerConfigKeys (ConfUtils.java:logGet(43)) - raft.server.snapshot.auto.trigger.threshold = 10000 (custom)
2019-07-14 00:59:20,892 INFO  server.RaftServerConfigKeys (ConfUtils.java:logGet(43)) - raft.server.retrycache.expirytime = 600000ms (custom)
2019-07-14 00:59:20,892 INFO  impl.RaftServerImpl (RaftServerImpl.java:start(180)) - 4f59f924-1d30-4041-a3c6-040de151e2c2: start group-DFF2E16EB5EF
2019-07-14 00:59:20,893 INFO  impl.RaftServerImpl (RaftServerImpl.java:setRole(171)) - 4f59f924-1d30-4041-a3c6-040de151e2c2:group-DFF2E16EB5EF changes role from null to FOLLOWER at term 0 for startAsFollower
2019-07-14 00:59:20,893 INFO  impl.RoleInfo (RoleInfo.java:updateAndGet(143)) - 4f59f924-1d30-4041-a3c6-040de151e2c2: start FollowerState
2019-07-14 00:59:20,893 INFO  util.JmxRegister (JmxRegister.java:tryRegister(44)) - Successfully registered JMX Bean with object name Ratis:service=RaftServer,group=group-DFF2E16EB5EF,id=4f59f924-1d30-4041-a3c6-040de151e2c2
2019-07-14 00:59:20,907 INFO  pipeline.PipelineStateManager (PipelineStateManager.java:addPipeline(56)) - Created pipeline Pipeline[ Id: cfe6a226-d0c3-4d5d-8101-dff2e16eb5ef, Nodes: 4f59f924-1d30-4041-a3c6-040de151e2c2{ip: 192.168.157.230, host: trunk-nightly-sxkq5-3320257302, networkLocation: /default-rack, certSerialId: null}, Type:RATIS, Factor:ONE, State:OPEN]
2019-07-14 00:59:20,934 INFO  impl.RaftServerProxy (RaftServerProxy.java:addNew(89)) - d5464623-c0e3-4c98-be34-d1b326a869c9: addNew group-033355162CD4:[d5464623-c0e3-4c98-be34-d1b326a869c9:192.168.157.230:40587] returns group-033355162CD4:java.util.concurrent.CompletableFuture@7a37f0ab[Not completed]
2019-07-14 00:59:20,935 INFO  impl.RaftServerImpl (RaftServerImpl.java:<init>(93)) - d5464623-c0e3-4c98-be34-d1b326a869c9: new RaftServerImpl for group-033355162CD4:[d5464623-c0e3-4c98-be34-d1b326a869c9:192.168.157.230:40587] with ContainerStateMachine:uninitialized
2019-07-14 00:59:20,936 INFO  server.RaftServerConfigKeys (ConfUtils.java:logGet(43)) - raft.server.rpc.timeout.min = 5s (custom)
2019-07-14 00:59:20,936 INFO  server.RaftServerConfigKeys (ConfUtils.java:logGet(43)) - raft.server.rpc.timeout.max = 5200ms (custom)
2019-07-14 00:59:20,936 INFO  server.RaftServerConfigKeys (ConfUtils.java:logGet(43)) - raft.server.rpcslowness.timeout = 120s (custom)
2019-07-14 00:59:20,936 INFO  server.RaftServerConfigKeys (ConfUtils.java:logGet(43)) - raft.server.sleep.deviation.threshold = 300 (default)
2019-07-14 00:59:20,936 INFO  server.RaftServerConfigKeys (ConfUtils.java:logGet(43)) - raft.server.log.appender.install.snapshot.enabled = false (custom)
2019-07-14 00:59:20,936 INFO  impl.RaftServerImpl (ServerState.java:<init>(105)) - d5464623-c0e3-4c98-be34-d1b326a869c9:group-033355162CD4 ConfigurationManager, init=-1: [d5464623-c0e3-4c98-be34-d1b326a869c9:192.168.157.230:40587], old=null, confs=<EMPTY_MAP>
2019-07-14 00:59:20,937 INFO  server.RaftServerConfigKeys (ConfUtils.java:logGet(43)) - raft.server.storage.dir = [/tmp/workdir/hadoop-ozone/integration-test/target/test-dir/MiniOzoneClusterImpl-764387f4-9493-4923-bec4-d2ba5b458308/datanode-6/data/ratis] (custom)
2019-07-14 00:59:20,937 INFO  storage.RaftStorageDirectory (RaftStorageDirectory.java:analyzeStorage(246)) - The storage directory /tmp/workdir/hadoop-ozone/integration-test/target/test-dir/MiniOzoneClusterImpl-764387f4-9493-4923-bec4-d2ba5b458308/datanode-6/data/ratis/7f8ad136-9161-435c-bf88-033355162cd4 does not exist. Creating ...
2019-07-14 00:59:20,949 INFO  storage.RaftStorageDirectory (RaftStorageDirectory.java:tryLock(328)) - Lock on /tmp/workdir/hadoop-ozone/integration-test/target/test-dir/MiniOzoneClusterImpl-764387f4-9493-4923-bec4-d2ba5b458308/datanode-6/data/ratis/7f8ad136-9161-435c-bf88-033355162cd4/in_use.lock acquired by nodename 22387@trunk-nightly-sxkq5-3320257302
2019-07-14 00:59:20,963 INFO  storage.RaftStorage (RaftStorage.java:format(72)) - Storage directory /tmp/workdir/hadoop-ozone/integration-test/target/test-dir/MiniOzoneClusterImpl-764387f4-9493-4923-bec4-d2ba5b458308/datanode-6/data/ratis/7f8ad136-9161-435c-bf88-033355162cd4 has been successfully formatted.
2019-07-14 00:59:20,963 INFO  ratis.ContainerStateMachine (ContainerStateMachine.java:loadSnapshot(200)) - The snapshot info is null.Setting the last applied index to:(t:0, i:~)
2019-07-14 00:59:20,963 INFO  server.RaftServerConfigKeys (ConfUtils.java:logGet(43)) - raft.server.leader.election.timeout = 120s (custom)
2019-07-14 00:59:20,963 INFO  server.RaftServerConfigKeys (ConfUtils.java:logGet(43)) - raft.server.log.use.memory = false (default)
2019-07-14 00:59:20,964 INFO  server.RaftServerConfigKeys (ConfUtils.java:logGet(43)) - raft.server.log.purge.gap = 1000000000 (custom)
2019-07-14 00:59:20,964 INFO  server.RaftServerConfigKeys (ConfUtils.java:logGet(43)) - raft.server.log.appender.buffer.byte-limit = 33554432 (custom)
2019-07-14 00:59:20,964 INFO  server.RaftServerConfigKeys (ConfUtils.java:logGet(43)) - raft.server.log.segment.size.max = 1048576 (custom)
2019-07-14 00:59:20,964 INFO  server.RaftServerConfigKeys (ConfUtils.java:logGet(43)) - raft.server.log.segment.cache.num.max = 2 (custom)
2019-07-14 00:59:20,964 INFO  segmented.SegmentedRaftLogWorker (SegmentedRaftLogWorker.java:<init>(172)) - new d5464623-c0e3-4c98-be34-d1b326a869c9-SegmentedRaftLogWorker:Storage Directory /tmp/workdir/hadoop-ozone/integration-test/target/test-dir/MiniOzoneClusterImpl-764387f4-9493-4923-bec4-d2ba5b458308/datanode-6/data/ratis/7f8ad136-9161-435c-bf88-033355162cd4 for RaftStorage:Storage Directory /tmp/workdir/hadoop-ozone/integration-test/target/test-dir/MiniOzoneClusterImpl-764387f4-9493-4923-bec4-d2ba5b458308/datanode-6/data/ratis/7f8ad136-9161-435c-bf88-033355162cd4
2019-07-14 00:59:20,965 INFO  server.RaftServerConfigKeys (ConfUtils.java:logGet(43)) - raft.server.log.queue.byte-limit = 2147483647 (custom)
2019-07-14 00:59:20,965 INFO  server.RaftServerConfigKeys (ConfUtils.java:logGet(43)) - raft.server.log.queue.element-limit = 1024 (custom)
2019-07-14 00:59:20,965 INFO  server.RaftServerConfigKeys (ConfUtils.java:logGet(43)) - raft.server.log.segment.size.max = 1048576 (custom)
2019-07-14 00:59:20,965 INFO  server.RaftServerConfigKeys (ConfUtils.java:logGet(43)) - raft.server.log.preallocated.size = 16384 (custom)
2019-07-14 00:59:20,965 INFO  server.RaftServerConfigKeys (ConfUtils.java:logGet(43)) - raft.server.log.write.buffer.size = 33554432 (custom)
2019-07-14 00:59:20,966 INFO  server.RaftServerConfigKeys (ConfUtils.java:logGet(43)) - raft.server.log.force.sync.num = 128 (default)
2019-07-14 00:59:20,966 INFO  server.RaftServerConfigKeys (ConfUtils.java:logGet(43)) - raft.server.log.statemachine.data.sync = true (default)
2019-07-14 00:59:20,966 INFO  server.RaftServerConfigKeys (ConfUtils.java:logGet(43)) - raft.server.log.statemachine.data.sync.timeout = 10s (default)
2019-07-14 00:59:20,966 INFO  server.RaftServerConfigKeys (ConfUtils.java:logGet(43)) - raft.server.log.statemachine.data.sync.timeout.retry = -1 (default)
2019-07-14 00:59:20,967 INFO  server.RaftServerConfigKeys (ConfUtils.java:logGet(43)) - raft.server.log.statemachine.data.caching.enabled = true (custom)
2019-07-14 00:59:20,967 INFO  segmented.SegmentedRaftLogWorker (SegmentedRaftLogWorker.java:lambda$new$0(132)) - d5464623-c0e3-4c98-be34-d1b326a869c9-SegmentedRaftLogWorker:Storage Directory /tmp/workdir/hadoop-ozone/integration-test/target/test-dir/MiniOzoneClusterImpl-764387f4-9493-4923-bec4-d2ba5b458308/datanode-6/data/ratis/7f8ad136-9161-435c-bf88-033355162cd4: flushIndex: setUnconditionally 0 -> -1
2019-07-14 00:59:20,967 INFO  server.RaftServerConfigKeys (ConfUtils.java:logGet(43)) - raft.server.snapshot.auto.trigger.enabled = true (custom)
2019-07-14 00:59:20,967 INFO  server.RaftServerConfigKeys (ConfUtils.java:logGet(43)) - raft.server.snapshot.auto.trigger.threshold = 10000 (custom)
2019-07-14 00:59:20,968 INFO  server.RaftServerConfigKeys (ConfUtils.java:logGet(43)) - raft.server.retrycache.expirytime = 600000ms (custom)
2019-07-14 00:59:20,968 INFO  impl.RaftServerImpl (RaftServerImpl.java:start(180)) - d5464623-c0e3-4c98-be34-d1b326a869c9: start group-033355162CD4
2019-07-14 00:59:20,968 INFO  impl.RaftServerImpl (RaftServerImpl.java:setRole(171)) - d5464623-c0e3-4c98-be34-d1b326a869c9:group-033355162CD4 changes role from null to FOLLOWER at term 0 for startAsFollower
2019-07-14 00:59:20,968 INFO  impl.RoleInfo (RoleInfo.java:updateAndGet(143)) - d5464623-c0e3-4c98-be34-d1b326a869c9: start FollowerState
2019-07-14 00:59:20,969 INFO  util.JmxRegister (JmxRegister.java:tryRegister(44)) - Successfully registered JMX Bean with object name Ratis:service=RaftServer,group=group-033355162CD4,id=d5464623-c0e3-4c98-be34-d1b326a869c9
2019-07-14 00:59:20,984 INFO  pipeline.PipelineStateManager (PipelineStateManager.java:addPipeline(56)) - Created pipeline Pipeline[ Id: 7f8ad136-9161-435c-bf88-033355162cd4, Nodes: d5464623-c0e3-4c98-be34-d1b326a869c9{ip: 192.168.157.230, host: trunk-nightly-sxkq5-3320257302, networkLocation: /default-rack, certSerialId: null}, Type:RATIS, Factor:ONE, State:OPEN]
2019-07-14 00:59:21,011 INFO  impl.RaftServerProxy (RaftServerProxy.java:addNew(89)) - bbdbccfa-f1e7-44a4-8bfd-ac399083e39c: addNew group-C691BADA2DA7:[bbdbccfa-f1e7-44a4-8bfd-ac399083e39c:192.168.157.230:42664] returns group-C691BADA2DA7:java.util.concurrent.CompletableFuture@1cfca921[Not completed]
2019-07-14 00:59:21,012 INFO  impl.RaftServerImpl (RaftServerImpl.java:<init>(93)) - bbdbccfa-f1e7-44a4-8bfd-ac399083e39c: new RaftServerImpl for group-C691BADA2DA7:[bbdbccfa-f1e7-44a4-8bfd-ac399083e39c:192.168.157.230:42664] with ContainerStateMachine:uninitialized
2019-07-14 00:59:21,012 INFO  server.RaftServerConfigKeys (ConfUtils.java:logGet(43)) - raft.server.rpc.timeout.min = 5s (custom)
2019-07-14 00:59:21,012 INFO  server.RaftServerConfigKeys (ConfUtils.java:logGet(43)) - raft.server.rpc.timeout.max = 5200ms (custom)
2019-07-14 00:59:21,012 INFO  server.RaftServerConfigKeys (ConfUtils.java:logGet(43)) - raft.server.rpcslowness.timeout = 120s (custom)
2019-07-14 00:59:21,012 INFO  server.RaftServerConfigKeys (ConfUtils.java:logGet(43)) - raft.server.sleep.deviation.threshold = 300 (default)
2019-07-14 00:59:21,013 INFO  server.RaftServerConfigKeys (ConfUtils.java:logGet(43)) - raft.server.log.appender.install.snapshot.enabled = false (custom)
2019-07-14 00:59:21,013 INFO  impl.RaftServerImpl (ServerState.java:<init>(105)) - bbdbccfa-f1e7-44a4-8bfd-ac399083e39c:group-C691BADA2DA7 ConfigurationManager, init=-1: [bbdbccfa-f1e7-44a4-8bfd-ac399083e39c:192.168.157.230:42664], old=null, confs=<EMPTY_MAP>
2019-07-14 00:59:21,013 INFO  server.RaftServerConfigKeys (ConfUtils.java:logGet(43)) - raft.server.storage.dir = [/tmp/workdir/hadoop-ozone/integration-test/target/test-dir/MiniOzoneClusterImpl-764387f4-9493-4923-bec4-d2ba5b458308/datanode-5/data/ratis] (custom)
2019-07-14 00:59:21,013 INFO  storage.RaftStorageDirectory (RaftStorageDirectory.java:analyzeStorage(246)) - The storage directory /tmp/workdir/hadoop-ozone/integration-test/target/test-dir/MiniOzoneClusterImpl-764387f4-9493-4923-bec4-d2ba5b458308/datanode-5/data/ratis/d223944d-37f6-49c9-8d93-c691bada2da7 does not exist. Creating ...
2019-07-14 00:59:21,035 INFO  storage.RaftStorageDirectory (RaftStorageDirectory.java:tryLock(328)) - Lock on /tmp/workdir/hadoop-ozone/integration-test/target/test-dir/MiniOzoneClusterImpl-764387f4-9493-4923-bec4-d2ba5b458308/datanode-5/data/ratis/d223944d-37f6-49c9-8d93-c691bada2da7/in_use.lock acquired by nodename 22387@trunk-nightly-sxkq5-3320257302
2019-07-14 00:59:21,063 INFO  storage.RaftStorage (RaftStorage.java:format(72)) - Storage directory /tmp/workdir/hadoop-ozone/integration-test/target/test-dir/MiniOzoneClusterImpl-764387f4-9493-4923-bec4-d2ba5b458308/datanode-5/data/ratis/d223944d-37f6-49c9-8d93-c691bada2da7 has been successfully formatted.
2019-07-14 00:59:21,064 INFO  ratis.ContainerStateMachine (ContainerStateMachine.java:loadSnapshot(200)) - The snapshot info is null.Setting the last applied index to:(t:0, i:~)
2019-07-14 00:59:21,064 INFO  server.RaftServerConfigKeys (ConfUtils.java:logGet(43)) - raft.server.leader.election.timeout = 120s (custom)
2019-07-14 00:59:21,064 INFO  server.RaftServerConfigKeys (ConfUtils.java:logGet(43)) - raft.server.log.use.memory = false (default)
2019-07-14 00:59:21,064 INFO  server.RaftServerConfigKeys (ConfUtils.java:logGet(43)) - raft.server.log.purge.gap = 1000000000 (custom)
2019-07-14 00:59:21,064 INFO  server.RaftServerConfigKeys (ConfUtils.java:logGet(43)) - raft.server.log.appender.buffer.byte-limit = 33554432 (custom)
2019-07-14 00:59:21,065 INFO  server.RaftServerConfigKeys (ConfUtils.java:logGet(43)) - raft.server.log.segment.size.max = 1048576 (custom)
2019-07-14 00:59:21,065 INFO  server.RaftServerConfigKeys (ConfUtils.java:logGet(43)) - raft.server.log.segment.cache.num.max = 2 (custom)
2019-07-14 00:59:21,065 INFO  segmented.SegmentedRaftLogWorker (SegmentedRaftLogWorker.java:<init>(172)) - new bbdbccfa-f1e7-44a4-8bfd-ac399083e39c-SegmentedRaftLogWorker:Storage Directory /tmp/workdir/hadoop-ozone/integration-test/target/test-dir/MiniOzoneClusterImpl-764387f4-9493-4923-bec4-d2ba5b458308/datanode-5/data/ratis/d223944d-37f6-49c9-8d93-c691bada2da7 for RaftStorage:Storage Directory /tmp/workdir/hadoop-ozone/integration-test/target/test-dir/MiniOzoneClusterImpl-764387f4-9493-4923-bec4-d2ba5b458308/datanode-5/data/ratis/d223944d-37f6-49c9-8d93-c691bada2da7
2019-07-14 00:59:21,065 INFO  server.RaftServerConfigKeys (ConfUtils.java:logGet(43)) - raft.server.log.queue.byte-limit = 2147483647 (custom)
2019-07-14 00:59:21,065 INFO  server.RaftServerConfigKeys (ConfUtils.java:logGet(43)) - raft.server.log.queue.element-limit = 1024 (custom)
2019-07-14 00:59:21,066 INFO  server.RaftServerConfigKeys (ConfUtils.java:logGet(43)) - raft.server.log.segment.size.max = 1048576 (custom)
2019-07-14 00:59:21,066 INFO  server.RaftServerConfigKeys (ConfUtils.java:logGet(43)) - raft.server.log.preallocated.size = 16384 (custom)
2019-07-14 00:59:21,066 INFO  server.RaftServerConfigKeys (ConfUtils.java:logGet(43)) - raft.server.log.write.buffer.size = 33554432 (custom)
2019-07-14 00:59:21,066 INFO  server.RaftServerConfigKeys (ConfUtils.java:logGet(43)) - raft.server.log.force.sync.num = 128 (default)
2019-07-14 00:59:21,066 INFO  server.RaftServerConfigKeys (ConfUtils.java:logGet(43)) - raft.server.log.statemachine.data.sync = true (default)
2019-07-14 00:59:21,067 INFO  server.RaftServerConfigKeys (ConfUtils.java:logGet(43)) - raft.server.log.statemachine.data.sync.timeout = 10s (default)
2019-07-14 00:59:21,067 INFO  server.RaftServerConfigKeys (ConfUtils.java:logGet(43)) - raft.server.log.statemachine.data.sync.timeout.retry = -1 (default)
2019-07-14 00:59:21,067 INFO  server.RaftServerConfigKeys (ConfUtils.java:logGet(43)) - raft.server.log.statemachine.data.caching.enabled = true (custom)
2019-07-14 00:59:21,067 INFO  segmented.SegmentedRaftLogWorker (SegmentedRaftLogWorker.java:lambda$new$0(132)) - bbdbccfa-f1e7-44a4-8bfd-ac399083e39c-SegmentedRaftLogWorker:Storage Directory /tmp/workdir/hadoop-ozone/integration-test/target/test-dir/MiniOzoneClusterImpl-764387f4-9493-4923-bec4-d2ba5b458308/datanode-5/data/ratis/d223944d-37f6-49c9-8d93-c691bada2da7: flushIndex: setUnconditionally 0 -> -1
2019-07-14 00:59:21,068 INFO  server.RaftServerConfigKeys (ConfUtils.java:logGet(43)) - raft.server.snapshot.auto.trigger.enabled = true (custom)
2019-07-14 00:59:21,068 INFO  server.RaftServerConfigKeys (ConfUtils.java:logGet(43)) - raft.server.snapshot.auto.trigger.threshold = 10000 (custom)
2019-07-14 00:59:21,068 INFO  server.RaftServerConfigKeys (ConfUtils.java:logGet(43)) - raft.server.retrycache.expirytime = 600000ms (custom)
2019-07-14 00:59:21,068 INFO  impl.RaftServerImpl (RaftServerImpl.java:start(180)) - bbdbccfa-f1e7-44a4-8bfd-ac399083e39c: start group-C691BADA2DA7
2019-07-14 00:59:21,069 INFO  impl.RaftServerImpl (RaftServerImpl.java:setRole(171)) - bbdbccfa-f1e7-44a4-8bfd-ac399083e39c:group-C691BADA2DA7 changes role from null to FOLLOWER at term 0 for startAsFollower
2019-07-14 00:59:21,069 INFO  impl.RoleInfo (RoleInfo.java:updateAndGet(143)) - bbdbccfa-f1e7-44a4-8bfd-ac399083e39c: start FollowerState
2019-07-14 00:59:21,069 INFO  util.JmxRegister (JmxRegister.java:tryRegister(44)) - Successfully registered JMX Bean with object name Ratis:service=RaftServer,group=group-C691BADA2DA7,id=bbdbccfa-f1e7-44a4-8bfd-ac399083e39c
2019-07-14 00:59:21,085 INFO  pipeline.PipelineStateManager (PipelineStateManager.java:addPipeline(56)) - Created pipeline Pipeline[ Id: d223944d-37f6-49c9-8d93-c691bada2da7, Nodes: bbdbccfa-f1e7-44a4-8bfd-ac399083e39c{ip: 192.168.157.230, host: trunk-nightly-sxkq5-3320257302, networkLocation: /default-rack, certSerialId: null}, Type:RATIS, Factor:ONE, State:OPEN]
2019-07-14 00:59:21,115 INFO  impl.RaftServerProxy (RaftServerProxy.java:addNew(89)) - 2a42f5c7-f7b3-41ce-8fa1-309ec562414f: addNew group-64D2922694CD:[2a42f5c7-f7b3-41ce-8fa1-309ec562414f:192.168.157.230:40199] returns group-64D2922694CD:java.util.concurrent.CompletableFuture@7c501db8[Not completed]
2019-07-14 00:59:21,117 INFO  impl.RaftServerImpl (RaftServerImpl.java:<init>(93)) - 2a42f5c7-f7b3-41ce-8fa1-309ec562414f: new RaftServerImpl for group-64D2922694CD:[2a42f5c7-f7b3-41ce-8fa1-309ec562414f:192.168.157.230:40199] with ContainerStateMachine:uninitialized
2019-07-14 00:59:21,117 INFO  server.RaftServerConfigKeys (ConfUtils.java:logGet(43)) - raft.server.rpc.timeout.min = 5s (custom)
2019-07-14 00:59:21,117 INFO  server.RaftServerConfigKeys (ConfUtils.java:logGet(43)) - raft.server.rpc.timeout.max = 5200ms (custom)
2019-07-14 00:59:21,117 INFO  server.RaftServerConfigKeys (ConfUtils.java:logGet(43)) - raft.server.rpcslowness.timeout = 120s (custom)
2019-07-14 00:59:21,117 INFO  server.RaftServerConfigKeys (ConfUtils.java:logGet(43)) - raft.server.sleep.deviation.threshold = 300 (default)
2019-07-14 00:59:21,117 INFO  server.RaftServerConfigKeys (ConfUtils.java:logGet(43)) - raft.server.log.appender.install.snapshot.enabled = false (custom)
2019-07-14 00:59:21,118 INFO  impl.RaftServerImpl (ServerState.java:<init>(105)) - 2a42f5c7-f7b3-41ce-8fa1-309ec562414f:group-64D2922694CD ConfigurationManager, init=-1: [2a42f5c7-f7b3-41ce-8fa1-309ec562414f:192.168.157.230:40199], old=null, confs=<EMPTY_MAP>
2019-07-14 00:59:21,118 INFO  server.RaftServerConfigKeys (ConfUtils.java:logGet(43)) - raft.server.storage.dir = [/tmp/workdir/hadoop-ozone/integration-test/target/test-dir/MiniOzoneClusterImpl-764387f4-9493-4923-bec4-d2ba5b458308/datanode-3/data/ratis] (custom)
2019-07-14 00:59:21,118 INFO  storage.RaftStorageDirectory (RaftStorageDirectory.java:analyzeStorage(246)) - The storage directory /tmp/workdir/hadoop-ozone/integration-test/target/test-dir/MiniOzoneClusterImpl-764387f4-9493-4923-bec4-d2ba5b458308/datanode-3/data/ratis/6a1f4fe3-46e0-471f-a412-64d2922694cd does not exist. Creating ...
2019-07-14 00:59:21,131 INFO  storage.RaftStorageDirectory (RaftStorageDirectory.java:tryLock(328)) - Lock on /tmp/workdir/hadoop-ozone/integration-test/target/test-dir/MiniOzoneClusterImpl-764387f4-9493-4923-bec4-d2ba5b458308/datanode-3/data/ratis/6a1f4fe3-46e0-471f-a412-64d2922694cd/in_use.lock acquired by nodename 22387@trunk-nightly-sxkq5-3320257302
2019-07-14 00:59:21,144 INFO  storage.RaftStorage (RaftStorage.java:format(72)) - Storage directory /tmp/workdir/hadoop-ozone/integration-test/target/test-dir/MiniOzoneClusterImpl-764387f4-9493-4923-bec4-d2ba5b458308/datanode-3/data/ratis/6a1f4fe3-46e0-471f-a412-64d2922694cd has been successfully formatted.
2019-07-14 00:59:21,145 INFO  ratis.ContainerStateMachine (ContainerStateMachine.java:loadSnapshot(200)) - The snapshot info is null.Setting the last applied index to:(t:0, i:~)
2019-07-14 00:59:21,145 INFO  server.RaftServerConfigKeys (ConfUtils.java:logGet(43)) - raft.server.leader.election.timeout = 120s (custom)
2019-07-14 00:59:21,145 INFO  server.RaftServerConfigKeys (ConfUtils.java:logGet(43)) - raft.server.log.use.memory = false (default)
2019-07-14 00:59:21,145 INFO  server.RaftServerConfigKeys (ConfUtils.java:logGet(43)) - raft.server.log.purge.gap = 1000000000 (custom)
2019-07-14 00:59:21,145 INFO  server.RaftServerConfigKeys (ConfUtils.java:logGet(43)) - raft.server.log.appender.buffer.byte-limit = 33554432 (custom)
2019-07-14 00:59:21,146 INFO  server.RaftServerConfigKeys (ConfUtils.java:logGet(43)) - raft.server.log.segment.size.max = 1048576 (custom)
2019-07-14 00:59:21,146 INFO  server.RaftServerConfigKeys (ConfUtils.java:logGet(43)) - raft.server.log.segment.cache.num.max = 2 (custom)
2019-07-14 00:59:21,146 INFO  segmented.SegmentedRaftLogWorker (SegmentedRaftLogWorker.java:<init>(172)) - new 2a42f5c7-f7b3-41ce-8fa1-309ec562414f-SegmentedRaftLogWorker:Storage Directory /tmp/workdir/hadoop-ozone/integration-test/target/test-dir/MiniOzoneClusterImpl-764387f4-9493-4923-bec4-d2ba5b458308/datanode-3/data/ratis/6a1f4fe3-46e0-471f-a412-64d2922694cd for RaftStorage:Storage Directory /tmp/workdir/hadoop-ozone/integration-test/target/test-dir/MiniOzoneClusterImpl-764387f4-9493-4923-bec4-d2ba5b458308/datanode-3/data/ratis/6a1f4fe3-46e0-471f-a412-64d2922694cd
2019-07-14 00:59:21,146 INFO  server.RaftServerConfigKeys (ConfUtils.java:logGet(43)) - raft.server.log.queue.byte-limit = 2147483647 (custom)
2019-07-14 00:59:21,146 INFO  server.RaftServerConfigKeys (ConfUtils.java:logGet(43)) - raft.server.log.queue.element-limit = 1024 (custom)
2019-07-14 00:59:21,147 INFO  server.RaftServerConfigKeys (ConfUtils.java:logGet(43)) - raft.server.log.segment.size.max = 1048576 (custom)
2019-07-14 00:59:21,147 INFO  server.RaftServerConfigKeys (ConfUtils.java:logGet(43)) - raft.server.log.preallocated.size = 16384 (custom)
2019-07-14 00:59:21,147 INFO  server.RaftServerConfigKeys (ConfUtils.java:logGet(43)) - raft.server.log.write.buffer.size = 33554432 (custom)
2019-07-14 00:59:21,147 INFO  server.RaftServerConfigKeys (ConfUtils.java:logGet(43)) - raft.server.log.force.sync.num = 128 (default)
2019-07-14 00:59:21,148 INFO  server.RaftServerConfigKeys (ConfUtils.java:logGet(43)) - raft.server.log.statemachine.data.sync = true (default)
2019-07-14 00:59:21,148 INFO  server.RaftServerConfigKeys (ConfUtils.java:logGet(43)) - raft.server.log.statemachine.data.sync.timeout = 10s (default)
2019-07-14 00:59:21,148 INFO  server.RaftServerConfigKeys (ConfUtils.java:logGet(43)) - raft.server.log.statemachine.data.sync.timeout.retry = -1 (default)
2019-07-14 00:59:21,148 INFO  server.RaftServerConfigKeys (ConfUtils.java:logGet(43)) - raft.server.log.statemachine.data.caching.enabled = true (custom)
2019-07-14 00:59:21,149 INFO  segmented.SegmentedRaftLogWorker (SegmentedRaftLogWorker.java:lambda$new$0(132)) - 2a42f5c7-f7b3-41ce-8fa1-309ec562414f-SegmentedRaftLogWorker:Storage Directory /tmp/workdir/hadoop-ozone/integration-test/target/test-dir/MiniOzoneClusterImpl-764387f4-9493-4923-bec4-d2ba5b458308/datanode-3/data/ratis/6a1f4fe3-46e0-471f-a412-64d2922694cd: flushIndex: setUnconditionally 0 -> -1
2019-07-14 00:59:21,149 INFO  server.RaftServerConfigKeys (ConfUtils.java:logGet(43)) - raft.server.snapshot.auto.trigger.enabled = true (custom)
2019-07-14 00:59:21,150 INFO  server.RaftServerConfigKeys (ConfUtils.java:logGet(43)) - raft.server.snapshot.auto.trigger.threshold = 10000 (custom)
2019-07-14 00:59:21,150 INFO  server.RaftServerConfigKeys (ConfUtils.java:logGet(43)) - raft.server.retrycache.expirytime = 600000ms (custom)
2019-07-14 00:59:21,150 INFO  impl.RaftServerImpl (RaftServerImpl.java:start(180)) - 2a42f5c7-f7b3-41ce-8fa1-309ec562414f: start group-64D2922694CD
2019-07-14 00:59:21,150 INFO  impl.RaftServerImpl (RaftServerImpl.java:setRole(171)) - 2a42f5c7-f7b3-41ce-8fa1-309ec562414f:group-64D2922694CD changes role from null to FOLLOWER at term 0 for startAsFollower
2019-07-14 00:59:21,150 INFO  impl.RoleInfo (RoleInfo.java:updateAndGet(143)) - 2a42f5c7-f7b3-41ce-8fa1-309ec562414f: start FollowerState
2019-07-14 00:59:21,151 INFO  util.JmxRegister (JmxRegister.java:tryRegister(44)) - Successfully registered JMX Bean with object name Ratis:service=RaftServer,group=group-64D2922694CD,id=2a42f5c7-f7b3-41ce-8fa1-309ec562414f
2019-07-14 00:59:21,165 INFO  pipeline.PipelineStateManager (PipelineStateManager.java:addPipeline(56)) - Created pipeline Pipeline[ Id: 6a1f4fe3-46e0-471f-a412-64d2922694cd, Nodes: 2a42f5c7-f7b3-41ce-8fa1-309ec562414f{ip: 192.168.157.230, host: trunk-nightly-sxkq5-3320257302, networkLocation: /default-rack, certSerialId: null}, Type:RATIS, Factor:ONE, State:OPEN]
2019-07-14 00:59:21,186 INFO  impl.RaftServerProxy (RaftServerProxy.java:addNew(89)) - 12747988-162c-47d6-83a7-23159ad274b9: addNew group-B9B8799D14F6:[12747988-162c-47d6-83a7-23159ad274b9:192.168.157.230:33168] returns group-B9B8799D14F6:java.util.concurrent.CompletableFuture@45dbec8c[Not completed]
2019-07-14 00:59:21,188 INFO  impl.RaftServerImpl (RaftServerImpl.java:<init>(93)) - 12747988-162c-47d6-83a7-23159ad274b9: new RaftServerImpl for group-B9B8799D14F6:[12747988-162c-47d6-83a7-23159ad274b9:192.168.157.230:33168] with ContainerStateMachine:uninitialized
2019-07-14 00:59:21,188 INFO  server.RaftServerConfigKeys (ConfUtils.java:logGet(43)) - raft.server.rpc.timeout.min = 5s (custom)
2019-07-14 00:59:21,188 INFO  server.RaftServerConfigKeys (ConfUtils.java:logGet(43)) - raft.server.rpc.timeout.max = 5200ms (custom)
2019-07-14 00:59:21,188 INFO  server.RaftServerConfigKeys (ConfUtils.java:logGet(43)) - raft.server.rpcslowness.timeout = 120s (custom)
2019-07-14 00:59:21,188 INFO  server.RaftServerConfigKeys (ConfUtils.java:logGet(43)) - raft.server.sleep.deviation.threshold = 300 (default)
2019-07-14 00:59:21,188 INFO  server.RaftServerConfigKeys (ConfUtils.java:logGet(43)) - raft.server.log.appender.install.snapshot.enabled = false (custom)
2019-07-14 00:59:21,189 INFO  impl.RaftServerImpl (ServerState.java:<init>(105)) - 12747988-162c-47d6-83a7-23159ad274b9:group-B9B8799D14F6 ConfigurationManager, init=-1: [12747988-162c-47d6-83a7-23159ad274b9:192.168.157.230:33168], old=null, confs=<EMPTY_MAP>
2019-07-14 00:59:21,189 INFO  server.RaftServerConfigKeys (ConfUtils.java:logGet(43)) - raft.server.storage.dir = [/tmp/workdir/hadoop-ozone/integration-test/target/test-dir/MiniOzoneClusterImpl-764387f4-9493-4923-bec4-d2ba5b458308/datanode-1/data/ratis] (custom)
2019-07-14 00:59:21,189 INFO  storage.RaftStorageDirectory (RaftStorageDirectory.java:analyzeStorage(246)) - The storage directory /tmp/workdir/hadoop-ozone/integration-test/target/test-dir/MiniOzoneClusterImpl-764387f4-9493-4923-bec4-d2ba5b458308/datanode-1/data/ratis/5df99981-48e1-4e81-999e-b9b8799d14f6 does not exist. Creating ...
2019-07-14 00:59:21,202 INFO  storage.RaftStorageDirectory (RaftStorageDirectory.java:tryLock(328)) - Lock on /tmp/workdir/hadoop-ozone/integration-test/target/test-dir/MiniOzoneClusterImpl-764387f4-9493-4923-bec4-d2ba5b458308/datanode-1/data/ratis/5df99981-48e1-4e81-999e-b9b8799d14f6/in_use.lock acquired by nodename 22387@trunk-nightly-sxkq5-3320257302
2019-07-14 00:59:21,215 INFO  storage.RaftStorage (RaftStorage.java:format(72)) - Storage directory /tmp/workdir/hadoop-ozone/integration-test/target/test-dir/MiniOzoneClusterImpl-764387f4-9493-4923-bec4-d2ba5b458308/datanode-1/data/ratis/5df99981-48e1-4e81-999e-b9b8799d14f6 has been successfully formatted.
2019-07-14 00:59:21,215 INFO  ratis.ContainerStateMachine (ContainerStateMachine.java:loadSnapshot(200)) - The snapshot info is null.Setting the last applied index to:(t:0, i:~)
2019-07-14 00:59:21,215 INFO  server.RaftServerConfigKeys (ConfUtils.java:logGet(43)) - raft.server.leader.election.timeout = 120s (custom)
2019-07-14 00:59:21,215 INFO  server.RaftServerConfigKeys (ConfUtils.java:logGet(43)) - raft.server.log.use.memory = false (default)
2019-07-14 00:59:21,216 INFO  server.RaftServerConfigKeys (ConfUtils.java:logGet(43)) - raft.server.log.purge.gap = 1000000000 (custom)
2019-07-14 00:59:21,216 INFO  server.RaftServerConfigKeys (ConfUtils.java:logGet(43)) - raft.server.log.appender.buffer.byte-limit = 33554432 (custom)
2019-07-14 00:59:21,216 INFO  server.RaftServerConfigKeys (ConfUtils.java:logGet(43)) - raft.server.log.segment.size.max = 1048576 (custom)
2019-07-14 00:59:21,216 INFO  server.RaftServerConfigKeys (ConfUtils.java:logGet(43)) - raft.server.log.segment.cache.num.max = 2 (custom)
2019-07-14 00:59:21,216 INFO  segmented.SegmentedRaftLogWorker (SegmentedRaftLogWorker.java:<init>(172)) - new 12747988-162c-47d6-83a7-23159ad274b9-SegmentedRaftLogWorker:Storage Directory /tmp/workdir/hadoop-ozone/integration-test/target/test-dir/MiniOzoneClusterImpl-764387f4-9493-4923-bec4-d2ba5b458308/datanode-1/data/ratis/5df99981-48e1-4e81-999e-b9b8799d14f6 for RaftStorage:Storage Directory /tmp/workdir/hadoop-ozone/integration-test/target/test-dir/MiniOzoneClusterImpl-764387f4-9493-4923-bec4-d2ba5b458308/datanode-1/data/ratis/5df99981-48e1-4e81-999e-b9b8799d14f6
2019-07-14 00:59:21,216 INFO  server.RaftServerConfigKeys (ConfUtils.java:logGet(43)) - raft.server.log.queue.byte-limit = 2147483647 (custom)
2019-07-14 00:59:21,217 INFO  server.RaftServerConfigKeys (ConfUtils.java:logGet(43)) - raft.server.log.queue.element-limit = 1024 (custom)
2019-07-14 00:59:21,217 INFO  server.RaftServerConfigKeys (ConfUtils.java:logGet(43)) - raft.server.log.segment.size.max = 1048576 (custom)
2019-07-14 00:59:21,217 INFO  server.RaftServerConfigKeys (ConfUtils.java:logGet(43)) - raft.server.log.preallocated.size = 16384 (custom)
2019-07-14 00:59:21,217 INFO  server.RaftServerConfigKeys (ConfUtils.java:logGet(43)) - raft.server.log.write.buffer.size = 33554432 (custom)
2019-07-14 00:59:21,217 INFO  server.RaftServerConfigKeys (ConfUtils.java:logGet(43)) - raft.server.log.force.sync.num = 128 (default)
2019-07-14 00:59:21,218 INFO  server.RaftServerConfigKeys (ConfUtils.java:logGet(43)) - raft.server.log.statemachine.data.sync = true (default)
2019-07-14 00:59:21,218 INFO  server.RaftServerConfigKeys (ConfUtils.java:logGet(43)) - raft.server.log.statemachine.data.sync.timeout = 10s (default)
2019-07-14 00:59:21,218 INFO  server.RaftServerConfigKeys (ConfUtils.java:logGet(43)) - raft.server.log.statemachine.data.sync.timeout.retry = -1 (default)
2019-07-14 00:59:21,218 INFO  server.RaftServerConfigKeys (ConfUtils.java:logGet(43)) - raft.server.log.statemachine.data.caching.enabled = true (custom)
2019-07-14 00:59:21,219 INFO  segmented.SegmentedRaftLogWorker (SegmentedRaftLogWorker.java:lambda$new$0(132)) - 12747988-162c-47d6-83a7-23159ad274b9-SegmentedRaftLogWorker:Storage Directory /tmp/workdir/hadoop-ozone/integration-test/target/test-dir/MiniOzoneClusterImpl-764387f4-9493-4923-bec4-d2ba5b458308/datanode-1/data/ratis/5df99981-48e1-4e81-999e-b9b8799d14f6: flushIndex: setUnconditionally 0 -> -1
2019-07-14 00:59:21,219 INFO  server.RaftServerConfigKeys (ConfUtils.java:logGet(43)) - raft.server.snapshot.auto.trigger.enabled = true (custom)
2019-07-14 00:59:21,219 INFO  server.RaftServerConfigKeys (ConfUtils.java:logGet(43)) - raft.server.snapshot.auto.trigger.threshold = 10000 (custom)
2019-07-14 00:59:21,219 INFO  server.RaftServerConfigKeys (ConfUtils.java:logGet(43)) - raft.server.retrycache.expirytime = 600000ms (custom)
2019-07-14 00:59:21,220 INFO  impl.RaftServerImpl (RaftServerImpl.java:start(180)) - 12747988-162c-47d6-83a7-23159ad274b9: start group-B9B8799D14F6
2019-07-14 00:59:21,220 INFO  impl.RaftServerImpl (RaftServerImpl.java:setRole(171)) - 12747988-162c-47d6-83a7-23159ad274b9:group-B9B8799D14F6 changes role from null to FOLLOWER at term 0 for startAsFollower
2019-07-14 00:59:21,220 INFO  impl.RoleInfo (RoleInfo.java:updateAndGet(143)) - 12747988-162c-47d6-83a7-23159ad274b9: start FollowerState
2019-07-14 00:59:21,221 INFO  util.JmxRegister (JmxRegister.java:tryRegister(44)) - Successfully registered JMX Bean with object name Ratis:service=RaftServer,group=group-B9B8799D14F6,id=12747988-162c-47d6-83a7-23159ad274b9
2019-07-14 00:59:21,240 INFO  pipeline.PipelineStateManager (PipelineStateManager.java:addPipeline(56)) - Created pipeline Pipeline[ Id: 5df99981-48e1-4e81-999e-b9b8799d14f6, Nodes: 12747988-162c-47d6-83a7-23159ad274b9{ip: 192.168.157.230, host: trunk-nightly-sxkq5-3320257302, networkLocation: /default-rack, certSerialId: null}, Type:RATIS, Factor:ONE, State:OPEN]
2019-07-14 00:59:21,278 INFO  impl.RaftServerProxy (RaftServerProxy.java:addNew(89)) - 452c6e63-a49e-4e87-b905-0b21e6eecd9f: addNew group-BA79B928D33D:[452c6e63-a49e-4e87-b905-0b21e6eecd9f:192.168.157.230:38506, 4f59f924-1d30-4041-a3c6-040de151e2c2:192.168.157.230:45403, 7eca1d56-b308-4dc8-ae9d-c28d2a691562:192.168.157.230:44016] returns group-BA79B928D33D:java.util.concurrent.CompletableFuture@46d15bd5[Not completed]
2019-07-14 00:59:21,281 INFO  impl.RaftServerProxy (RaftServerProxy.java:addNew(89)) - 4f59f924-1d30-4041-a3c6-040de151e2c2: addNew group-BA79B928D33D:[452c6e63-a49e-4e87-b905-0b21e6eecd9f:192.168.157.230:38506, 4f59f924-1d30-4041-a3c6-040de151e2c2:192.168.157.230:45403, 7eca1d56-b308-4dc8-ae9d-c28d2a691562:192.168.157.230:44016] returns group-BA79B928D33D:java.util.concurrent.CompletableFuture@12dbebd2[Not completed]
2019-07-14 00:59:21,282 INFO  impl.RaftServerImpl (RaftServerImpl.java:<init>(93)) - 452c6e63-a49e-4e87-b905-0b21e6eecd9f: new RaftServerImpl for group-BA79B928D33D:[452c6e63-a49e-4e87-b905-0b21e6eecd9f:192.168.157.230:38506, 4f59f924-1d30-4041-a3c6-040de151e2c2:192.168.157.230:45403, 7eca1d56-b308-4dc8-ae9d-c28d2a691562:192.168.157.230:44016] with ContainerStateMachine:uninitialized
2019-07-14 00:59:21,283 INFO  server.RaftServerConfigKeys (ConfUtils.java:logGet(43)) - raft.server.rpc.timeout.min = 5s (custom)
2019-07-14 00:59:21,283 INFO  server.RaftServerConfigKeys (ConfUtils.java:logGet(43)) - raft.server.rpc.timeout.max = 5200ms (custom)
2019-07-14 00:59:21,283 INFO  server.RaftServerConfigKeys (ConfUtils.java:logGet(43)) - raft.server.rpcslowness.timeout = 120s (custom)
2019-07-14 00:59:21,283 INFO  server.RaftServerConfigKeys (ConfUtils.java:logGet(43)) - raft.server.sleep.deviation.threshold = 300 (default)
2019-07-14 00:59:21,283 INFO  server.RaftServerConfigKeys (ConfUtils.java:logGet(43)) - raft.server.log.appender.install.snapshot.enabled = false (custom)
2019-07-14 00:59:21,283 INFO  impl.RaftServerImpl (ServerState.java:<init>(105)) - 452c6e63-a49e-4e87-b905-0b21e6eecd9f:group-BA79B928D33D ConfigurationManager, init=-1: [452c6e63-a49e-4e87-b905-0b21e6eecd9f:192.168.157.230:38506, 4f59f924-1d30-4041-a3c6-040de151e2c2:192.168.157.230:45403, 7eca1d56-b308-4dc8-ae9d-c28d2a691562:192.168.157.230:44016], old=null, confs=<EMPTY_MAP>
2019-07-14 00:59:21,284 INFO  impl.RaftServerImpl (RaftServerImpl.java:<init>(93)) - 4f59f924-1d30-4041-a3c6-040de151e2c2: new RaftServerImpl for group-BA79B928D33D:[452c6e63-a49e-4e87-b905-0b21e6eecd9f:192.168.157.230:38506, 4f59f924-1d30-4041-a3c6-040de151e2c2:192.168.157.230:45403, 7eca1d56-b308-4dc8-ae9d-c28d2a691562:192.168.157.230:44016] with ContainerStateMachine:uninitialized
2019-07-14 00:59:21,284 INFO  server.RaftServerConfigKeys (ConfUtils.java:logGet(43)) - raft.server.storage.dir = [/tmp/workdir/hadoop-ozone/integration-test/target/test-dir/MiniOzoneClusterImpl-764387f4-9493-4923-bec4-d2ba5b458308/datanode-2/data/ratis] (custom)
2019-07-14 00:59:21,284 INFO  server.RaftServerConfigKeys (ConfUtils.java:logGet(43)) - raft.server.rpc.timeout.min = 5s (custom)
2019-07-14 00:59:21,284 INFO  server.RaftServerConfigKeys (ConfUtils.java:logGet(43)) - raft.server.rpc.timeout.max = 5200ms (custom)
2019-07-14 00:59:21,284 INFO  storage.RaftStorageDirectory (RaftStorageDirectory.java:analyzeStorage(246)) - The storage directory /tmp/workdir/hadoop-ozone/integration-test/target/test-dir/MiniOzoneClusterImpl-764387f4-9493-4923-bec4-d2ba5b458308/datanode-2/data/ratis/4b63ee52-1634-4402-8eee-ba79b928d33d does not exist. Creating ...
2019-07-14 00:59:21,285 INFO  server.RaftServerConfigKeys (ConfUtils.java:logGet(43)) - raft.server.rpcslowness.timeout = 120s (custom)
2019-07-14 00:59:21,285 INFO  server.RaftServerConfigKeys (ConfUtils.java:logGet(43)) - raft.server.sleep.deviation.threshold = 300 (default)
2019-07-14 00:59:21,285 INFO  server.RaftServerConfigKeys (ConfUtils.java:logGet(43)) - raft.server.log.appender.install.snapshot.enabled = false (custom)
2019-07-14 00:59:21,287 INFO  impl.RaftServerImpl (ServerState.java:<init>(105)) - 4f59f924-1d30-4041-a3c6-040de151e2c2:group-BA79B928D33D ConfigurationManager, init=-1: [452c6e63-a49e-4e87-b905-0b21e6eecd9f:192.168.157.230:38506, 4f59f924-1d30-4041-a3c6-040de151e2c2:192.168.157.230:45403, 7eca1d56-b308-4dc8-ae9d-c28d2a691562:192.168.157.230:44016], old=null, confs=<EMPTY_MAP>
2019-07-14 00:59:21,287 INFO  server.RaftServerConfigKeys (ConfUtils.java:logGet(43)) - raft.server.storage.dir = [/tmp/workdir/hadoop-ozone/integration-test/target/test-dir/MiniOzoneClusterImpl-764387f4-9493-4923-bec4-d2ba5b458308/datanode-4/data/ratis] (custom)
2019-07-14 00:59:21,287 INFO  impl.RaftServerProxy (RaftServerProxy.java:addNew(89)) - 7eca1d56-b308-4dc8-ae9d-c28d2a691562: addNew group-BA79B928D33D:[452c6e63-a49e-4e87-b905-0b21e6eecd9f:192.168.157.230:38506, 4f59f924-1d30-4041-a3c6-040de151e2c2:192.168.157.230:45403, 7eca1d56-b308-4dc8-ae9d-c28d2a691562:192.168.157.230:44016] returns group-BA79B928D33D:java.util.concurrent.CompletableFuture@77ddbb46[Not completed]
2019-07-14 00:59:21,287 INFO  storage.RaftStorageDirectory (RaftStorageDirectory.java:analyzeStorage(246)) - The storage directory /tmp/workdir/hadoop-ozone/integration-test/target/test-dir/MiniOzoneClusterImpl-764387f4-9493-4923-bec4-d2ba5b458308/datanode-4/data/ratis/4b63ee52-1634-4402-8eee-ba79b928d33d does not exist. Creating ...
2019-07-14 00:59:21,289 INFO  impl.RaftServerImpl (RaftServerImpl.java:<init>(93)) - 7eca1d56-b308-4dc8-ae9d-c28d2a691562: new RaftServerImpl for group-BA79B928D33D:[452c6e63-a49e-4e87-b905-0b21e6eecd9f:192.168.157.230:38506, 4f59f924-1d30-4041-a3c6-040de151e2c2:192.168.157.230:45403, 7eca1d56-b308-4dc8-ae9d-c28d2a691562:192.168.157.230:44016] with ContainerStateMachine:uninitialized
2019-07-14 00:59:21,289 INFO  server.RaftServerConfigKeys (ConfUtils.java:logGet(43)) - raft.server.rpc.timeout.min = 5s (custom)
2019-07-14 00:59:21,289 INFO  server.RaftServerConfigKeys (ConfUtils.java:logGet(43)) - raft.server.rpc.timeout.max = 5200ms (custom)
2019-07-14 00:59:21,289 INFO  server.RaftServerConfigKeys (ConfUtils.java:logGet(43)) - raft.server.rpcslowness.timeout = 120s (custom)
2019-07-14 00:59:21,289 INFO  server.RaftServerConfigKeys (ConfUtils.java:logGet(43)) - raft.server.sleep.deviation.threshold = 300 (default)
2019-07-14 00:59:21,290 INFO  server.RaftServerConfigKeys (ConfUtils.java:logGet(43)) - raft.server.log.appender.install.snapshot.enabled = false (custom)
2019-07-14 00:59:21,290 INFO  impl.RaftServerImpl (ServerState.java:<init>(105)) - 7eca1d56-b308-4dc8-ae9d-c28d2a691562:group-BA79B928D33D ConfigurationManager, init=-1: [452c6e63-a49e-4e87-b905-0b21e6eecd9f:192.168.157.230:38506, 4f59f924-1d30-4041-a3c6-040de151e2c2:192.168.157.230:45403, 7eca1d56-b308-4dc8-ae9d-c28d2a691562:192.168.157.230:44016], old=null, confs=<EMPTY_MAP>
2019-07-14 00:59:21,290 INFO  server.RaftServerConfigKeys (ConfUtils.java:logGet(43)) - raft.server.storage.dir = [/tmp/workdir/hadoop-ozone/integration-test/target/test-dir/MiniOzoneClusterImpl-764387f4-9493-4923-bec4-d2ba5b458308/datanode-0/data/ratis] (custom)
2019-07-14 00:59:21,290 INFO  storage.RaftStorageDirectory (RaftStorageDirectory.java:analyzeStorage(246)) - The storage directory /tmp/workdir/hadoop-ozone/integration-test/target/test-dir/MiniOzoneClusterImpl-764387f4-9493-4923-bec4-d2ba5b458308/datanode-0/data/ratis/4b63ee52-1634-4402-8eee-ba79b928d33d does not exist. Creating ...
2019-07-14 00:59:21,300 INFO  storage.RaftStorageDirectory (RaftStorageDirectory.java:tryLock(328)) - Lock on /tmp/workdir/hadoop-ozone/integration-test/target/test-dir/MiniOzoneClusterImpl-764387f4-9493-4923-bec4-d2ba5b458308/datanode-0/data/ratis/4b63ee52-1634-4402-8eee-ba79b928d33d/in_use.lock acquired by nodename 22387@trunk-nightly-sxkq5-3320257302
2019-07-14 00:59:21,300 INFO  storage.RaftStorageDirectory (RaftStorageDirectory.java:tryLock(328)) - Lock on /tmp/workdir/hadoop-ozone/integration-test/target/test-dir/MiniOzoneClusterImpl-764387f4-9493-4923-bec4-d2ba5b458308/datanode-4/data/ratis/4b63ee52-1634-4402-8eee-ba79b928d33d/in_use.lock acquired by nodename 22387@trunk-nightly-sxkq5-3320257302
2019-07-14 00:59:21,300 INFO  storage.RaftStorageDirectory (RaftStorageDirectory.java:tryLock(328)) - Lock on /tmp/workdir/hadoop-ozone/integration-test/target/test-dir/MiniOzoneClusterImpl-764387f4-9493-4923-bec4-d2ba5b458308/datanode-2/data/ratis/4b63ee52-1634-4402-8eee-ba79b928d33d/in_use.lock acquired by nodename 22387@trunk-nightly-sxkq5-3320257302
2019-07-14 00:59:21,333 INFO  storage.RaftStorage (RaftStorage.java:format(72)) - Storage directory /tmp/workdir/hadoop-ozone/integration-test/target/test-dir/MiniOzoneClusterImpl-764387f4-9493-4923-bec4-d2ba5b458308/datanode-4/data/ratis/4b63ee52-1634-4402-8eee-ba79b928d33d has been successfully formatted.
2019-07-14 00:59:21,333 INFO  storage.RaftStorage (RaftStorage.java:format(72)) - Storage directory /tmp/workdir/hadoop-ozone/integration-test/target/test-dir/MiniOzoneClusterImpl-764387f4-9493-4923-bec4-d2ba5b458308/datanode-0/data/ratis/4b63ee52-1634-4402-8eee-ba79b928d33d has been successfully formatted.
2019-07-14 00:59:21,333 INFO  ratis.ContainerStateMachine (ContainerStateMachine.java:loadSnapshot(200)) - The snapshot info is null.Setting the last applied index to:(t:0, i:~)
2019-07-14 00:59:21,333 INFO  ratis.ContainerStateMachine (ContainerStateMachine.java:loadSnapshot(200)) - The snapshot info is null.Setting the last applied index to:(t:0, i:~)
2019-07-14 00:59:21,333 INFO  storage.RaftStorage (RaftStorage.java:format(72)) - Storage directory /tmp/workdir/hadoop-ozone/integration-test/target/test-dir/MiniOzoneClusterImpl-764387f4-9493-4923-bec4-d2ba5b458308/datanode-2/data/ratis/4b63ee52-1634-4402-8eee-ba79b928d33d has been successfully formatted.
2019-07-14 00:59:21,334 INFO  server.RaftServerConfigKeys (ConfUtils.java:logGet(43)) - raft.server.leader.election.timeout = 120s (custom)
2019-07-14 00:59:21,333 INFO  server.RaftServerConfigKeys (ConfUtils.java:logGet(43)) - raft.server.leader.election.timeout = 120s (custom)
2019-07-14 00:59:21,334 INFO  server.RaftServerConfigKeys (ConfUtils.java:logGet(43)) - raft.server.log.use.memory = false (default)
2019-07-14 00:59:21,334 INFO  ratis.ContainerStateMachine (ContainerStateMachine.java:loadSnapshot(200)) - The snapshot info is null.Setting the last applied index to:(t:0, i:~)
2019-07-14 00:59:21,334 INFO  server.RaftServerConfigKeys (ConfUtils.java:logGet(43)) - raft.server.log.purge.gap = 1000000000 (custom)
2019-07-14 00:59:21,334 INFO  server.RaftServerConfigKeys (ConfUtils.java:logGet(43)) - raft.server.log.use.memory = false (default)
2019-07-14 00:59:21,335 INFO  server.RaftServerConfigKeys (ConfUtils.java:logGet(43)) - raft.server.log.appender.buffer.byte-limit = 33554432 (custom)
2019-07-14 00:59:21,334 INFO  server.RaftServerConfigKeys (ConfUtils.java:logGet(43)) - raft.server.leader.election.timeout = 120s (custom)
2019-07-14 00:59:21,335 INFO  server.RaftServerConfigKeys (ConfUtils.java:logGet(43)) - raft.server.log.segment.size.max = 1048576 (custom)
2019-07-14 00:59:21,335 INFO  server.RaftServerConfigKeys (ConfUtils.java:logGet(43)) - raft.server.log.purge.gap = 1000000000 (custom)
2019-07-14 00:59:21,335 INFO  server.RaftServerConfigKeys (ConfUtils.java:logGet(43)) - raft.server.log.segment.cache.num.max = 2 (custom)
2019-07-14 00:59:21,335 INFO  server.RaftServerConfigKeys (ConfUtils.java:logGet(43)) - raft.server.log.use.memory = false (default)
2019-07-14 00:59:21,336 INFO  segmented.SegmentedRaftLogWorker (SegmentedRaftLogWorker.java:<init>(172)) - new 7eca1d56-b308-4dc8-ae9d-c28d2a691562-SegmentedRaftLogWorker:Storage Directory /tmp/workdir/hadoop-ozone/integration-test/target/test-dir/MiniOzoneClusterImpl-764387f4-9493-4923-bec4-d2ba5b458308/datanode-0/data/ratis/4b63ee52-1634-4402-8eee-ba79b928d33d for RaftStorage:Storage Directory /tmp/workdir/hadoop-ozone/integration-test/target/test-dir/MiniOzoneClusterImpl-764387f4-9493-4923-bec4-d2ba5b458308/datanode-0/data/ratis/4b63ee52-1634-4402-8eee-ba79b928d33d
2019-07-14 00:59:21,336 INFO  server.RaftServerConfigKeys (ConfUtils.java:logGet(43)) - raft.server.log.appender.buffer.byte-limit = 33554432 (custom)
2019-07-14 00:59:21,336 INFO  server.RaftServerConfigKeys (ConfUtils.java:logGet(43)) - raft.server.log.queue.byte-limit = 2147483647 (custom)
2019-07-14 00:59:21,336 INFO  server.RaftServerConfigKeys (ConfUtils.java:logGet(43)) - raft.server.log.purge.gap = 1000000000 (custom)
2019-07-14 00:59:21,338 INFO  server.RaftServerConfigKeys (ConfUtils.java:logGet(43)) - raft.server.log.queue.element-limit = 1024 (custom)
2019-07-14 00:59:21,338 INFO  server.RaftServerConfigKeys (ConfUtils.java:logGet(43)) - raft.server.log.segment.size.max = 1048576 (custom)
2019-07-14 00:59:21,339 INFO  server.RaftServerConfigKeys (ConfUtils.java:logGet(43)) - raft.server.log.segment.size.max = 1048576 (custom)
2019-07-14 00:59:21,339 INFO  server.RaftServerConfigKeys (ConfUtils.java:logGet(43)) - raft.server.log.appender.buffer.byte-limit = 33554432 (custom)
2019-07-14 00:59:21,339 INFO  server.RaftServerConfigKeys (ConfUtils.java:logGet(43)) - raft.server.log.preallocated.size = 16384 (custom)
2019-07-14 00:59:21,339 INFO  server.RaftServerConfigKeys (ConfUtils.java:logGet(43)) - raft.server.log.segment.cache.num.max = 2 (custom)
2019-07-14 00:59:21,339 INFO  server.RaftServerConfigKeys (ConfUtils.java:logGet(43)) - raft.server.log.write.buffer.size = 33554432 (custom)
2019-07-14 00:59:21,339 INFO  server.RaftServerConfigKeys (ConfUtils.java:logGet(43)) - raft.server.log.segment.size.max = 1048576 (custom)
2019-07-14 00:59:21,340 INFO  server.RaftServerConfigKeys (ConfUtils.java:logGet(43)) - raft.server.log.force.sync.num = 128 (default)
2019-07-14 00:59:21,340 INFO  server.RaftServerConfigKeys (ConfUtils.java:logGet(43)) - raft.server.log.statemachine.data.sync = true (default)
2019-07-14 00:59:21,340 INFO  segmented.SegmentedRaftLogWorker (SegmentedRaftLogWorker.java:<init>(172)) - new 4f59f924-1d30-4041-a3c6-040de151e2c2-SegmentedRaftLogWorker:Storage Directory /tmp/workdir/hadoop-ozone/integration-test/target/test-dir/MiniOzoneClusterImpl-764387f4-9493-4923-bec4-d2ba5b458308/datanode-4/data/ratis/4b63ee52-1634-4402-8eee-ba79b928d33d for RaftStorage:Storage Directory /tmp/workdir/hadoop-ozone/integration-test/target/test-dir/MiniOzoneClusterImpl-764387f4-9493-4923-bec4-d2ba5b458308/datanode-4/data/ratis/4b63ee52-1634-4402-8eee-ba79b928d33d
2019-07-14 00:59:21,340 INFO  server.RaftServerConfigKeys (ConfUtils.java:logGet(43)) - raft.server.log.statemachine.data.sync.timeout = 10s (default)
2019-07-14 00:59:21,340 INFO  server.RaftServerConfigKeys (ConfUtils.java:logGet(43)) - raft.server.log.segment.cache.num.max = 2 (custom)
2019-07-14 00:59:21,341 INFO  server.RaftServerConfigKeys (ConfUtils.java:logGet(43)) - raft.server.log.statemachine.data.sync.timeout.retry = -1 (default)
2019-07-14 00:59:21,341 INFO  server.RaftServerConfigKeys (ConfUtils.java:logGet(43)) - raft.server.log.queue.byte-limit = 2147483647 (custom)
2019-07-14 00:59:21,343 INFO  server.RaftServerConfigKeys (ConfUtils.java:logGet(43)) - raft.server.log.statemachine.data.caching.enabled = true (custom)
2019-07-14 00:59:21,343 INFO  segmented.SegmentedRaftLogWorker (SegmentedRaftLogWorker.java:<init>(172)) - new 452c6e63-a49e-4e87-b905-0b21e6eecd9f-SegmentedRaftLogWorker:Storage Directory /tmp/workdir/hadoop-ozone/integration-test/target/test-dir/MiniOzoneClusterImpl-764387f4-9493-4923-bec4-d2ba5b458308/datanode-2/data/ratis/4b63ee52-1634-4402-8eee-ba79b928d33d for RaftStorage:Storage Directory /tmp/workdir/hadoop-ozone/integration-test/target/test-dir/MiniOzoneClusterImpl-764387f4-9493-4923-bec4-d2ba5b458308/datanode-2/data/ratis/4b63ee52-1634-4402-8eee-ba79b928d33d
2019-07-14 00:59:21,343 INFO  server.RaftServerConfigKeys (ConfUtils.java:logGet(43)) - raft.server.log.queue.element-limit = 1024 (custom)
2019-07-14 00:59:21,344 INFO  segmented.SegmentedRaftLogWorker (SegmentedRaftLogWorker.java:lambda$new$0(132)) - 7eca1d56-b308-4dc8-ae9d-c28d2a691562-SegmentedRaftLogWorker:Storage Directory /tmp/workdir/hadoop-ozone/integration-test/target/test-dir/MiniOzoneClusterImpl-764387f4-9493-4923-bec4-d2ba5b458308/datanode-0/data/ratis/4b63ee52-1634-4402-8eee-ba79b928d33d: flushIndex: setUnconditionally 0 -> -1
2019-07-14 00:59:21,344 INFO  server.RaftServerConfigKeys (ConfUtils.java:logGet(43)) - raft.server.log.queue.byte-limit = 2147483647 (custom)
2019-07-14 00:59:21,346 INFO  server.RaftServerConfigKeys (ConfUtils.java:logGet(43)) - raft.server.log.segment.size.max = 1048576 (custom)
2019-07-14 00:59:21,346 INFO  server.RaftServerConfigKeys (ConfUtils.java:logGet(43)) - raft.server.log.queue.element-limit = 1024 (custom)
2019-07-14 00:59:21,346 INFO  server.RaftServerConfigKeys (ConfUtils.java:logGet(43)) - raft.server.snapshot.auto.trigger.enabled = true (custom)
2019-07-14 00:59:21,347 INFO  server.RaftServerConfigKeys (ConfUtils.java:logGet(43)) - raft.server.log.segment.size.max = 1048576 (custom)
2019-07-14 00:59:21,347 INFO  server.RaftServerConfigKeys (ConfUtils.java:logGet(43)) - raft.server.log.preallocated.size = 16384 (custom)
2019-07-14 00:59:21,347 INFO  server.RaftServerConfigKeys (ConfUtils.java:logGet(43)) - raft.server.log.preallocated.size = 16384 (custom)
2019-07-14 00:59:21,347 INFO  server.RaftServerConfigKeys (ConfUtils.java:logGet(43)) - raft.server.snapshot.auto.trigger.threshold = 10000 (custom)
2019-07-14 00:59:21,347 INFO  server.RaftServerConfigKeys (ConfUtils.java:logGet(43)) - raft.server.log.write.buffer.size = 33554432 (custom)
2019-07-14 00:59:21,347 INFO  server.RaftServerConfigKeys (ConfUtils.java:logGet(43)) - raft.server.log.write.buffer.size = 33554432 (custom)
2019-07-14 00:59:21,348 INFO  server.RaftServerConfigKeys (ConfUtils.java:logGet(43)) - raft.server.log.force.sync.num = 128 (default)
2019-07-14 00:59:21,348 INFO  server.RaftServerConfigKeys (ConfUtils.java:logGet(43)) - raft.server.retrycache.expirytime = 600000ms (custom)
2019-07-14 00:59:21,348 INFO  server.RaftServerConfigKeys (ConfUtils.java:logGet(43)) - raft.server.log.statemachine.data.sync = true (default)
2019-07-14 00:59:21,348 INFO  impl.RaftServerImpl (RaftServerImpl.java:start(180)) - 7eca1d56-b308-4dc8-ae9d-c28d2a691562: start group-BA79B928D33D
2019-07-14 00:59:21,348 INFO  server.RaftServerConfigKeys (ConfUtils.java:logGet(43)) - raft.server.log.force.sync.num = 128 (default)
2019-07-14 00:59:21,349 INFO  impl.RaftServerImpl (RaftServerImpl.java:setRole(171)) - 7eca1d56-b308-4dc8-ae9d-c28d2a691562:group-BA79B928D33D changes role from null to FOLLOWER at term 0 for startAsFollower
2019-07-14 00:59:21,349 INFO  server.RaftServerConfigKeys (ConfUtils.java:logGet(43)) - raft.server.log.statemachine.data.sync.timeout = 10s (default)
2019-07-14 00:59:21,349 INFO  impl.RoleInfo (RoleInfo.java:updateAndGet(143)) - 7eca1d56-b308-4dc8-ae9d-c28d2a691562: start FollowerState
2019-07-14 00:59:21,349 INFO  server.RaftServerConfigKeys (ConfUtils.java:logGet(43)) - raft.server.log.statemachine.data.sync = true (default)
2019-07-14 00:59:21,349 INFO  server.RaftServerConfigKeys (ConfUtils.java:logGet(43)) - raft.server.log.statemachine.data.sync.timeout.retry = -1 (default)
2019-07-14 00:59:21,350 INFO  server.RaftServerConfigKeys (ConfUtils.java:logGet(43)) - raft.server.log.statemachine.data.sync.timeout = 10s (default)
2019-07-14 00:59:21,350 INFO  server.RaftServerConfigKeys (ConfUtils.java:logGet(43)) - raft.server.log.statemachine.data.caching.enabled = true (custom)
2019-07-14 00:59:21,350 INFO  util.JmxRegister (JmxRegister.java:tryRegister(44)) - Successfully registered JMX Bean with object name Ratis:service=RaftServer,group=group-BA79B928D33D,id=7eca1d56-b308-4dc8-ae9d-c28d2a691562
2019-07-14 00:59:21,350 INFO  server.RaftServerConfigKeys (ConfUtils.java:logGet(43)) - raft.server.log.statemachine.data.sync.timeout.retry = -1 (default)
2019-07-14 00:59:21,350 INFO  segmented.SegmentedRaftLogWorker (SegmentedRaftLogWorker.java:lambda$new$0(132)) - 452c6e63-a49e-4e87-b905-0b21e6eecd9f-SegmentedRaftLogWorker:Storage Directory /tmp/workdir/hadoop-ozone/integration-test/target/test-dir/MiniOzoneClusterImpl-764387f4-9493-4923-bec4-d2ba5b458308/datanode-2/data/ratis/4b63ee52-1634-4402-8eee-ba79b928d33d: flushIndex: setUnconditionally 0 -> -1
2019-07-14 00:59:21,351 INFO  server.RaftServerConfigKeys (ConfUtils.java:logGet(43)) - raft.server.log.statemachine.data.caching.enabled = true (custom)
2019-07-14 00:59:21,351 INFO  server.RaftServerConfigKeys (ConfUtils.java:logGet(43)) - raft.server.snapshot.auto.trigger.enabled = true (custom)
2019-07-14 00:59:21,351 INFO  server.RaftServerConfigKeys (ConfUtils.java:logGet(43)) - raft.server.snapshot.auto.trigger.threshold = 10000 (custom)
2019-07-14 00:59:21,351 INFO  segmented.SegmentedRaftLogWorker (SegmentedRaftLogWorker.java:lambda$new$0(132)) - 4f59f924-1d30-4041-a3c6-040de151e2c2-SegmentedRaftLogWorker:Storage Directory /tmp/workdir/hadoop-ozone/integration-test/target/test-dir/MiniOzoneClusterImpl-764387f4-9493-4923-bec4-d2ba5b458308/datanode-4/data/ratis/4b63ee52-1634-4402-8eee-ba79b928d33d: flushIndex: setUnconditionally 0 -> -1
2019-07-14 00:59:21,351 INFO  server.RaftServerConfigKeys (ConfUtils.java:logGet(43)) - raft.server.retrycache.expirytime = 600000ms (custom)
2019-07-14 00:59:21,352 INFO  impl.RaftServerImpl (RaftServerImpl.java:start(180)) - 452c6e63-a49e-4e87-b905-0b21e6eecd9f: start group-BA79B928D33D
2019-07-14 00:59:21,352 INFO  server.RaftServerConfigKeys (ConfUtils.java:logGet(43)) - raft.server.snapshot.auto.trigger.enabled = true (custom)
2019-07-14 00:59:21,352 INFO  impl.RaftServerImpl (RaftServerImpl.java:setRole(171)) - 452c6e63-a49e-4e87-b905-0b21e6eecd9f:group-BA79B928D33D changes role from null to FOLLOWER at term 0 for startAsFollower
2019-07-14 00:59:21,352 INFO  server.RaftServerConfigKeys (ConfUtils.java:logGet(43)) - raft.server.snapshot.auto.trigger.threshold = 10000 (custom)
2019-07-14 00:59:21,352 INFO  impl.RoleInfo (RoleInfo.java:updateAndGet(143)) - 452c6e63-a49e-4e87-b905-0b21e6eecd9f: start FollowerState
2019-07-14 00:59:21,352 INFO  server.RaftServerConfigKeys (ConfUtils.java:logGet(43)) - raft.server.retrycache.expirytime = 600000ms (custom)
2019-07-14 00:59:21,355 INFO  impl.RaftServerImpl (RaftServerImpl.java:start(180)) - 4f59f924-1d30-4041-a3c6-040de151e2c2: start group-BA79B928D33D
2019-07-14 00:59:21,355 INFO  util.JmxRegister (JmxRegister.java:tryRegister(44)) - Successfully registered JMX Bean with object name Ratis:service=RaftServer,group=group-BA79B928D33D,id=452c6e63-a49e-4e87-b905-0b21e6eecd9f
2019-07-14 00:59:21,355 INFO  impl.RaftServerImpl (RaftServerImpl.java:setRole(171)) - 4f59f924-1d30-4041-a3c6-040de151e2c2:group-BA79B928D33D changes role from null to FOLLOWER at term 0 for startAsFollower
2019-07-14 00:59:21,357 INFO  impl.RoleInfo (RoleInfo.java:updateAndGet(143)) - 4f59f924-1d30-4041-a3c6-040de151e2c2: start FollowerState
2019-07-14 00:59:21,360 INFO  util.JmxRegister (JmxRegister.java:tryRegister(44)) - Successfully registered JMX Bean with object name Ratis:service=RaftServer,group=group-BA79B928D33D,id=4f59f924-1d30-4041-a3c6-040de151e2c2
2019-07-14 00:59:21,380 INFO  pipeline.PipelineStateManager (PipelineStateManager.java:addPipeline(56)) - Created pipeline Pipeline[ Id: 4b63ee52-1634-4402-8eee-ba79b928d33d, Nodes: 452c6e63-a49e-4e87-b905-0b21e6eecd9f{ip: 192.168.157.230, host: trunk-nightly-sxkq5-3320257302, networkLocation: /default-rack, certSerialId: null}4f59f924-1d30-4041-a3c6-040de151e2c2{ip: 192.168.157.230, host: trunk-nightly-sxkq5-3320257302, networkLocation: /default-rack, certSerialId: null}7eca1d56-b308-4dc8-ae9d-c28d2a691562{ip: 192.168.157.230, host: trunk-nightly-sxkq5-3320257302, networkLocation: /default-rack, certSerialId: null}, Type:RATIS, Factor:THREE, State:OPEN]
2019-07-14 00:59:21,423 INFO  impl.RaftServerProxy (RaftServerProxy.java:addNew(89)) - 2a42f5c7-f7b3-41ce-8fa1-309ec562414f: addNew group-C56B407F6E85:[bbdbccfa-f1e7-44a4-8bfd-ac399083e39c:192.168.157.230:42664, 2a42f5c7-f7b3-41ce-8fa1-309ec562414f:192.168.157.230:40199, d5464623-c0e3-4c98-be34-d1b326a869c9:192.168.157.230:40587] returns group-C56B407F6E85:java.util.concurrent.CompletableFuture@75d17835[Not completed]
2019-07-14 00:59:21,423 INFO  impl.RaftServerProxy (RaftServerProxy.java:addNew(89)) - bbdbccfa-f1e7-44a4-8bfd-ac399083e39c: addNew group-C56B407F6E85:[bbdbccfa-f1e7-44a4-8bfd-ac399083e39c:192.168.157.230:42664, 2a42f5c7-f7b3-41ce-8fa1-309ec562414f:192.168.157.230:40199, d5464623-c0e3-4c98-be34-d1b326a869c9:192.168.157.230:40587] returns group-C56B407F6E85:java.util.concurrent.CompletableFuture@4d3915ff[Not completed]
2019-07-14 00:59:21,427 INFO  impl.RaftServerProxy (RaftServerProxy.java:addNew(89)) - d5464623-c0e3-4c98-be34-d1b326a869c9: addNew group-C56B407F6E85:[bbdbccfa-f1e7-44a4-8bfd-ac399083e39c:192.168.157.230:42664, 2a42f5c7-f7b3-41ce-8fa1-309ec562414f:192.168.157.230:40199, d5464623-c0e3-4c98-be34-d1b326a869c9:192.168.157.230:40587] returns group-C56B407F6E85:java.util.concurrent.CompletableFuture@49069880[Not completed]
2019-07-14 00:59:21,428 INFO  impl.RaftServerImpl (RaftServerImpl.java:<init>(93)) - 2a42f5c7-f7b3-41ce-8fa1-309ec562414f: new RaftServerImpl for group-C56B407F6E85:[bbdbccfa-f1e7-44a4-8bfd-ac399083e39c:192.168.157.230:42664, 2a42f5c7-f7b3-41ce-8fa1-309ec562414f:192.168.157.230:40199, d5464623-c0e3-4c98-be34-d1b326a869c9:192.168.157.230:40587] with ContainerStateMachine:uninitialized
2019-07-14 00:59:21,428 INFO  server.RaftServerConfigKeys (ConfUtils.java:logGet(43)) - raft.server.rpc.timeout.min = 5s (custom)
2019-07-14 00:59:21,428 INFO  server.RaftServerConfigKeys (ConfUtils.java:logGet(43)) - raft.server.rpc.timeout.max = 5200ms (custom)
2019-07-14 00:59:21,428 INFO  server.RaftServerConfigKeys (ConfUtils.java:logGet(43)) - raft.server.rpcslowness.timeout = 120s (custom)
2019-07-14 00:59:21,429 INFO  server.RaftServerConfigKeys (ConfUtils.java:logGet(43)) - raft.server.sleep.deviation.threshold = 300 (default)
2019-07-14 00:59:21,429 INFO  server.RaftServerConfigKeys (ConfUtils.java:logGet(43)) - raft.server.log.appender.install.snapshot.enabled = false (custom)
2019-07-14 00:59:21,429 INFO  impl.RaftServerImpl (ServerState.java:<init>(105)) - 2a42f5c7-f7b3-41ce-8fa1-309ec562414f:group-C56B407F6E85 ConfigurationManager, init=-1: [bbdbccfa-f1e7-44a4-8bfd-ac399083e39c:192.168.157.230:42664, 2a42f5c7-f7b3-41ce-8fa1-309ec562414f:192.168.157.230:40199, d5464623-c0e3-4c98-be34-d1b326a869c9:192.168.157.230:40587], old=null, confs=<EMPTY_MAP>
2019-07-14 00:59:21,429 INFO  impl.RaftServerImpl (RaftServerImpl.java:<init>(93)) - d5464623-c0e3-4c98-be34-d1b326a869c9: new RaftServerImpl for group-C56B407F6E85:[bbdbccfa-f1e7-44a4-8bfd-ac399083e39c:192.168.157.230:42664, 2a42f5c7-f7b3-41ce-8fa1-309ec562414f:192.168.157.230:40199, d5464623-c0e3-4c98-be34-d1b326a869c9:192.168.157.230:40587] with ContainerStateMachine:uninitialized
2019-07-14 00:59:21,429 INFO  server.RaftServerConfigKeys (ConfUtils.java:logGet(43)) - raft.server.storage.dir = [/tmp/workdir/hadoop-ozone/integration-test/target/test-dir/MiniOzoneClusterImpl-764387f4-9493-4923-bec4-d2ba5b458308/datanode-3/data/ratis] (custom)
2019-07-14 00:59:21,429 INFO  server.RaftServerConfigKeys (ConfUtils.java:logGet(43)) - raft.server.rpc.timeout.min = 5s (custom)
2019-07-14 00:59:21,430 INFO  server.RaftServerConfigKeys (ConfUtils.java:logGet(43)) - raft.server.rpc.timeout.max = 5200ms (custom)
2019-07-14 00:59:21,430 INFO  impl.RaftServerImpl (RaftServerImpl.java:<init>(93)) - bbdbccfa-f1e7-44a4-8bfd-ac399083e39c: new RaftServerImpl for group-C56B407F6E85:[bbdbccfa-f1e7-44a4-8bfd-ac399083e39c:192.168.157.230:42664, 2a42f5c7-f7b3-41ce-8fa1-309ec562414f:192.168.157.230:40199, d5464623-c0e3-4c98-be34-d1b326a869c9:192.168.157.230:40587] with ContainerStateMachine:uninitialized
2019-07-14 00:59:21,430 INFO  server.RaftServerConfigKeys (ConfUtils.java:logGet(43)) - raft.server.rpcslowness.timeout = 120s (custom)
2019-07-14 00:59:21,430 INFO  storage.RaftStorageDirectory (RaftStorageDirectory.java:analyzeStorage(246)) - The storage directory /tmp/workdir/hadoop-ozone/integration-test/target/test-dir/MiniOzoneClusterImpl-764387f4-9493-4923-bec4-d2ba5b458308/datanode-3/data/ratis/a6aaa2f3-cba6-41bb-9237-c56b407f6e85 does not exist. Creating ...
2019-07-14 00:59:21,430 INFO  server.RaftServerConfigKeys (ConfUtils.java:logGet(43)) - raft.server.sleep.deviation.threshold = 300 (default)
2019-07-14 00:59:21,430 INFO  server.RaftServerConfigKeys (ConfUtils.java:logGet(43)) - raft.server.rpc.timeout.min = 5s (custom)
2019-07-14 00:59:21,431 INFO  server.RaftServerConfigKeys (ConfUtils.java:logGet(43)) - raft.server.log.appender.install.snapshot.enabled = false (custom)
2019-07-14 00:59:21,431 INFO  server.RaftServerConfigKeys (ConfUtils.java:logGet(43)) - raft.server.rpc.timeout.max = 5200ms (custom)
2019-07-14 00:59:21,431 INFO  impl.RaftServerImpl (ServerState.java:<init>(105)) - d5464623-c0e3-4c98-be34-d1b326a869c9:group-C56B407F6E85 ConfigurationManager, init=-1: [bbdbccfa-f1e7-44a4-8bfd-ac399083e39c:192.168.157.230:42664, 2a42f5c7-f7b3-41ce-8fa1-309ec562414f:192.168.157.230:40199, d5464623-c0e3-4c98-be34-d1b326a869c9:192.168.157.230:40587], old=null, confs=<EMPTY_MAP>
2019-07-14 00:59:21,431 INFO  server.RaftServerConfigKeys (ConfUtils.java:logGet(43)) - raft.server.rpcslowness.timeout = 120s (custom)
2019-07-14 00:59:21,432 INFO  server.RaftServerConfigKeys (ConfUtils.java:logGet(43)) - raft.server.sleep.deviation.threshold = 300 (default)
2019-07-14 00:59:21,432 INFO  server.RaftServerConfigKeys (ConfUtils.java:logGet(43)) - raft.server.storage.dir = [/tmp/workdir/hadoop-ozone/integration-test/target/test-dir/MiniOzoneClusterImpl-764387f4-9493-4923-bec4-d2ba5b458308/datanode-6/data/ratis] (custom)
2019-07-14 00:59:21,432 INFO  server.RaftServerConfigKeys (ConfUtils.java:logGet(43)) - raft.server.log.appender.install.snapshot.enabled = false (custom)
2019-07-14 00:59:21,433 INFO  impl.RaftServerImpl (ServerState.java:<init>(105)) - bbdbccfa-f1e7-44a4-8bfd-ac399083e39c:group-C56B407F6E85 ConfigurationManager, init=-1: [bbdbccfa-f1e7-44a4-8bfd-ac399083e39c:192.168.157.230:42664, 2a42f5c7-f7b3-41ce-8fa1-309ec562414f:192.168.157.230:40199, d5464623-c0e3-4c98-be34-d1b326a869c9:192.168.157.230:40587], old=null, confs=<EMPTY_MAP>
2019-07-14 00:59:21,433 INFO  server.RaftServerConfigKeys (ConfUtils.java:logGet(43)) - raft.server.storage.dir = [/tmp/workdir/hadoop-ozone/integration-test/target/test-dir/MiniOzoneClusterImpl-764387f4-9493-4923-bec4-d2ba5b458308/datanode-5/data/ratis] (custom)
2019-07-14 00:59:21,434 INFO  storage.RaftStorageDirectory (RaftStorageDirectory.java:analyzeStorage(246)) - The storage directory /tmp/workdir/hadoop-ozone/integration-test/target/test-dir/MiniOzoneClusterImpl-764387f4-9493-4923-bec4-d2ba5b458308/datanode-5/data/ratis/a6aaa2f3-cba6-41bb-9237-c56b407f6e85 does not exist. Creating ...
2019-07-14 00:59:21,434 INFO  storage.RaftStorageDirectory (RaftStorageDirectory.java:analyzeStorage(246)) - The storage directory /tmp/workdir/hadoop-ozone/integration-test/target/test-dir/MiniOzoneClusterImpl-764387f4-9493-4923-bec4-d2ba5b458308/datanode-6/data/ratis/a6aaa2f3-cba6-41bb-9237-c56b407f6e85 does not exist. Creating ...
2019-07-14 00:59:21,444 INFO  storage.RaftStorageDirectory (RaftStorageDirectory.java:tryLock(328)) - Lock on /tmp/workdir/hadoop-ozone/integration-test/target/test-dir/MiniOzoneClusterImpl-764387f4-9493-4923-bec4-d2ba5b458308/datanode-5/data/ratis/a6aaa2f3-cba6-41bb-9237-c56b407f6e85/in_use.lock acquired by nodename 22387@trunk-nightly-sxkq5-3320257302
2019-07-14 00:59:21,444 INFO  storage.RaftStorageDirectory (RaftStorageDirectory.java:tryLock(328)) - Lock on /tmp/workdir/hadoop-ozone/integration-test/target/test-dir/MiniOzoneClusterImpl-764387f4-9493-4923-bec4-d2ba5b458308/datanode-3/data/ratis/a6aaa2f3-cba6-41bb-9237-c56b407f6e85/in_use.lock acquired by nodename 22387@trunk-nightly-sxkq5-3320257302
2019-07-14 00:59:21,444 INFO  storage.RaftStorageDirectory (RaftStorageDirectory.java:tryLock(328)) - Lock on /tmp/workdir/hadoop-ozone/integration-test/target/test-dir/MiniOzoneClusterImpl-764387f4-9493-4923-bec4-d2ba5b458308/datanode-6/data/ratis/a6aaa2f3-cba6-41bb-9237-c56b407f6e85/in_use.lock acquired by nodename 22387@trunk-nightly-sxkq5-3320257302
2019-07-14 00:59:21,462 INFO  storage.RaftStorage (RaftStorage.java:format(72)) - Storage directory /tmp/workdir/hadoop-ozone/integration-test/target/test-dir/MiniOzoneClusterImpl-764387f4-9493-4923-bec4-d2ba5b458308/datanode-3/data/ratis/a6aaa2f3-cba6-41bb-9237-c56b407f6e85 has been successfully formatted.
2019-07-14 00:59:21,462 INFO  storage.RaftStorage (RaftStorage.java:format(72)) - Storage directory /tmp/workdir/hadoop-ozone/integration-test/target/test-dir/MiniOzoneClusterImpl-764387f4-9493-4923-bec4-d2ba5b458308/datanode-5/data/ratis/a6aaa2f3-cba6-41bb-9237-c56b407f6e85 has been successfully formatted.
2019-07-14 00:59:21,462 INFO  storage.RaftStorage (RaftStorage.java:format(72)) - Storage directory /tmp/workdir/hadoop-ozone/integration-test/target/test-dir/MiniOzoneClusterImpl-764387f4-9493-4923-bec4-d2ba5b458308/datanode-6/data/ratis/a6aaa2f3-cba6-41bb-9237-c56b407f6e85 has been successfully formatted.
2019-07-14 00:59:21,463 INFO  ratis.ContainerStateMachine (ContainerStateMachine.java:loadSnapshot(200)) - The snapshot info is null.Setting the last applied index to:(t:0, i:~)
2019-07-14 00:59:21,463 INFO  ratis.ContainerStateMachine (ContainerStateMachine.java:loadSnapshot(200)) - The snapshot info is null.Setting the last applied index to:(t:0, i:~)
2019-07-14 00:59:21,463 INFO  ratis.ContainerStateMachine (ContainerStateMachine.java:loadSnapshot(200)) - The snapshot info is null.Setting the last applied index to:(t:0, i:~)
2019-07-14 00:59:21,463 INFO  server.RaftServerConfigKeys (ConfUtils.java:logGet(43)) - raft.server.leader.election.timeout = 120s (custom)
2019-07-14 00:59:21,463 INFO  server.RaftServerConfigKeys (ConfUtils.java:logGet(43)) - raft.server.leader.election.timeout = 120s (custom)
2019-07-14 00:59:21,464 INFO  server.RaftServerConfigKeys (ConfUtils.java:logGet(43)) - raft.server.log.use.memory = false (default)
2019-07-14 00:59:21,464 INFO  server.RaftServerConfigKeys (ConfUtils.java:logGet(43)) - raft.server.leader.election.timeout = 120s (custom)
2019-07-14 00:59:21,464 INFO  server.RaftServerConfigKeys (ConfUtils.java:logGet(43)) - raft.server.log.use.memory = false (default)
2019-07-14 00:59:21,464 INFO  server.RaftServerConfigKeys (ConfUtils.java:logGet(43)) - raft.server.log.purge.gap = 1000000000 (custom)
2019-07-14 00:59:21,464 INFO  server.RaftServerConfigKeys (ConfUtils.java:logGet(43)) - raft.server.log.use.memory = false (default)
2019-07-14 00:59:21,464 INFO  server.RaftServerConfigKeys (ConfUtils.java:logGet(43)) - raft.server.log.appender.buffer.byte-limit = 33554432 (custom)
2019-07-14 00:59:21,464 INFO  server.RaftServerConfigKeys (ConfUtils.java:logGet(43)) - raft.server.log.purge.gap = 1000000000 (custom)
2019-07-14 00:59:21,465 INFO  server.RaftServerConfigKeys (ConfUtils.java:logGet(43)) - raft.server.log.segment.size.max = 1048576 (custom)
2019-07-14 00:59:21,465 INFO  server.RaftServerConfigKeys (ConfUtils.java:logGet(43)) - raft.server.log.purge.gap = 1000000000 (custom)
2019-07-14 00:59:21,465 INFO  server.RaftServerConfigKeys (ConfUtils.java:logGet(43)) - raft.server.log.segment.cache.num.max = 2 (custom)
2019-07-14 00:59:21,465 INFO  server.RaftServerConfigKeys (ConfUtils.java:logGet(43)) - raft.server.log.appender.buffer.byte-limit = 33554432 (custom)
2019-07-14 00:59:21,466 INFO  segmented.SegmentedRaftLogWorker (SegmentedRaftLogWorker.java:<init>(172)) - new d5464623-c0e3-4c98-be34-d1b326a869c9-SegmentedRaftLogWorker:Storage Directory /tmp/workdir/hadoop-ozone/integration-test/target/test-dir/MiniOzoneClusterImpl-764387f4-9493-4923-bec4-d2ba5b458308/datanode-6/data/ratis/a6aaa2f3-cba6-41bb-9237-c56b407f6e85 for RaftStorage:Storage Directory /tmp/workdir/hadoop-ozone/integration-test/target/test-dir/MiniOzoneClusterImpl-764387f4-9493-4923-bec4-d2ba5b458308/datanode-6/data/ratis/a6aaa2f3-cba6-41bb-9237-c56b407f6e85
2019-07-14 00:59:21,465 INFO  server.RaftServerConfigKeys (ConfUtils.java:logGet(43)) - raft.server.log.appender.buffer.byte-limit = 33554432 (custom)
2019-07-14 00:59:21,466 INFO  server.RaftServerConfigKeys (ConfUtils.java:logGet(43)) - raft.server.log.queue.byte-limit = 2147483647 (custom)
2019-07-14 00:59:21,466 INFO  server.RaftServerConfigKeys (ConfUtils.java:logGet(43)) - raft.server.log.segment.size.max = 1048576 (custom)
2019-07-14 00:59:21,467 INFO  server.RaftServerConfigKeys (ConfUtils.java:logGet(43)) - raft.server.log.queue.element-limit = 1024 (custom)
2019-07-14 00:59:21,467 INFO  server.RaftServerConfigKeys (ConfUtils.java:logGet(43)) - raft.server.log.segment.size.max = 1048576 (custom)
2019-07-14 00:59:21,468 INFO  server.RaftServerConfigKeys (ConfUtils.java:logGet(43)) - raft.server.log.segment.size.max = 1048576 (custom)
2019-07-14 00:59:21,468 INFO  server.RaftServerConfigKeys (ConfUtils.java:logGet(43)) - raft.server.log.segment.cache.num.max = 2 (custom)
2019-07-14 00:59:21,468 INFO  server.RaftServerConfigKeys (ConfUtils.java:logGet(43)) - raft.server.log.preallocated.size = 16384 (custom)
2019-07-14 00:59:21,468 INFO  server.RaftServerConfigKeys (ConfUtils.java:logGet(43)) - raft.server.log.segment.cache.num.max = 2 (custom)
2019-07-14 00:59:21,468 INFO  server.RaftServerConfigKeys (ConfUtils.java:logGet(43)) - raft.server.log.write.buffer.size = 33554432 (custom)
2019-07-14 00:59:21,468 INFO  segmented.SegmentedRaftLogWorker (SegmentedRaftLogWorker.java:<init>(172)) - new 2a42f5c7-f7b3-41ce-8fa1-309ec562414f-SegmentedRaftLogWorker:Storage Directory /tmp/workdir/hadoop-ozone/integration-test/target/test-dir/MiniOzoneClusterImpl-764387f4-9493-4923-bec4-d2ba5b458308/datanode-3/data/ratis/a6aaa2f3-cba6-41bb-9237-c56b407f6e85 for RaftStorage:Storage Directory /tmp/workdir/hadoop-ozone/integration-test/target/test-dir/MiniOzoneClusterImpl-764387f4-9493-4923-bec4-d2ba5b458308/datanode-3/data/ratis/a6aaa2f3-cba6-41bb-9237-c56b407f6e85
2019-07-14 00:59:21,469 INFO  server.RaftServerConfigKeys (ConfUtils.java:logGet(43)) - raft.server.log.force.sync.num = 128 (default)
2019-07-14 00:59:21,469 INFO  segmented.SegmentedRaftLogWorker (SegmentedRaftLogWorker.java:<init>(172)) - new bbdbccfa-f1e7-44a4-8bfd-ac399083e39c-SegmentedRaftLogWorker:Storage Directory /tmp/workdir/hadoop-ozone/integration-test/target/test-dir/MiniOzoneClusterImpl-764387f4-9493-4923-bec4-d2ba5b458308/datanode-5/data/ratis/a6aaa2f3-cba6-41bb-9237-c56b407f6e85 for RaftStorage:Storage Directory /tmp/workdir/hadoop-ozone/integration-test/target/test-dir/MiniOzoneClusterImpl-764387f4-9493-4923-bec4-d2ba5b458308/datanode-5/data/ratis/a6aaa2f3-cba6-41bb-9237-c56b407f6e85
2019-07-14 00:59:21,470 INFO  server.RaftServerConfigKeys (ConfUtils.java:logGet(43)) - raft.server.log.statemachine.data.sync = true (default)
2019-07-14 00:59:21,469 INFO  server.RaftServerConfigKeys (ConfUtils.java:logGet(43)) - raft.server.log.queue.byte-limit = 2147483647 (custom)
2019-07-14 00:59:21,471 INFO  server.RaftServerConfigKeys (ConfUtils.java:logGet(43)) - raft.server.log.statemachine.data.sync.timeout = 10s (default)
2019-07-14 00:59:21,470 INFO  server.RaftServerConfigKeys (ConfUtils.java:logGet(43)) - raft.server.log.queue.byte-limit = 2147483647 (custom)
2019-07-14 00:59:21,472 INFO  server.RaftServerConfigKeys (ConfUtils.java:logGet(43)) - raft.server.log.statemachine.data.sync.timeout.retry = -1 (default)
2019-07-14 00:59:21,472 INFO  server.RaftServerConfigKeys (ConfUtils.java:logGet(43)) - raft.server.log.queue.element-limit = 1024 (custom)
2019-07-14 00:59:21,473 INFO  server.RaftServerConfigKeys (ConfUtils.java:logGet(43)) - raft.server.log.statemachine.data.caching.enabled = true (custom)
2019-07-14 00:59:21,473 INFO  server.RaftServerConfigKeys (ConfUtils.java:logGet(43)) - raft.server.log.queue.element-limit = 1024 (custom)
2019-07-14 00:59:21,473 INFO  server.RaftServerConfigKeys (ConfUtils.java:logGet(43)) - raft.server.log.segment.size.max = 1048576 (custom)
2019-07-14 00:59:21,474 INFO  segmented.SegmentedRaftLogWorker (SegmentedRaftLogWorker.java:lambda$new$0(132)) - d5464623-c0e3-4c98-be34-d1b326a869c9-SegmentedRaftLogWorker:Storage Directory /tmp/workdir/hadoop-ozone/integration-test/target/test-dir/MiniOzoneClusterImpl-764387f4-9493-4923-bec4-d2ba5b458308/datanode-6/data/ratis/a6aaa2f3-cba6-41bb-9237-c56b407f6e85: flushIndex: setUnconditionally 0 -> -1
2019-07-14 00:59:21,474 INFO  server.RaftServerConfigKeys (ConfUtils.java:logGet(43)) - raft.server.log.segment.size.max = 1048576 (custom)
2019-07-14 00:59:21,474 INFO  server.RaftServerConfigKeys (ConfUtils.java:logGet(43)) - raft.server.log.preallocated.size = 16384 (custom)
2019-07-14 00:59:21,474 INFO  server.RaftServerConfigKeys (ConfUtils.java:logGet(43)) - raft.server.snapshot.auto.trigger.enabled = true (custom)
2019-07-14 00:59:21,474 INFO  server.RaftServerConfigKeys (ConfUtils.java:logGet(43)) - raft.server.log.preallocated.size = 16384 (custom)
2019-07-14 00:59:21,475 INFO  server.RaftServerConfigKeys (ConfUtils.java:logGet(43)) - raft.server.snapshot.auto.trigger.threshold = 10000 (custom)
2019-07-14 00:59:21,474 INFO  server.RaftServerConfigKeys (ConfUtils.java:logGet(43)) - raft.server.log.write.buffer.size = 33554432 (custom)
2019-07-14 00:59:21,475 INFO  server.RaftServerConfigKeys (ConfUtils.java:logGet(43)) - raft.server.retrycache.expirytime = 600000ms (custom)
2019-07-14 00:59:21,475 INFO  server.RaftServerConfigKeys (ConfUtils.java:logGet(43)) - raft.server.log.write.buffer.size = 33554432 (custom)
2019-07-14 00:59:21,475 INFO  server.RaftServerConfigKeys (ConfUtils.java:logGet(43)) - raft.server.log.force.sync.num = 128 (default)
2019-07-14 00:59:21,475 INFO  server.RaftServerConfigKeys (ConfUtils.java:logGet(43)) - raft.server.log.force.sync.num = 128 (default)
2019-07-14 00:59:21,476 INFO  impl.RaftServerImpl (RaftServerImpl.java:start(180)) - d5464623-c0e3-4c98-be34-d1b326a869c9: start group-C56B407F6E85
2019-07-14 00:59:21,476 INFO  server.RaftServerConfigKeys (ConfUtils.java:logGet(43)) - raft.server.log.statemachine.data.sync = true (default)
2019-07-14 00:59:21,476 INFO  impl.RaftServerImpl (RaftServerImpl.java:setRole(171)) - d5464623-c0e3-4c98-be34-d1b326a869c9:group-C56B407F6E85 changes role from null to FOLLOWER at term 0 for startAsFollower
2019-07-14 00:59:21,476 INFO  server.RaftServerConfigKeys (ConfUtils.java:logGet(43)) - raft.server.log.statemachine.data.sync = true (default)
2019-07-14 00:59:21,476 INFO  impl.RoleInfo (RoleInfo.java:updateAndGet(143)) - d5464623-c0e3-4c98-be34-d1b326a869c9: start FollowerState
2019-07-14 00:59:21,476 INFO  server.RaftServerConfigKeys (ConfUtils.java:logGet(43)) - raft.server.log.statemachine.data.sync.timeout = 10s (default)
2019-07-14 00:59:21,477 INFO  server.RaftServerConfigKeys (ConfUtils.java:logGet(43)) - raft.server.log.statemachine.data.sync.timeout = 10s (default)
2019-07-14 00:59:21,477 INFO  util.JmxRegister (JmxRegister.java:tryRegister(44)) - Successfully registered JMX Bean with object name Ratis:service=RaftServer,group=group-C56B407F6E85,id=d5464623-c0e3-4c98-be34-d1b326a869c9
2019-07-14 00:59:21,477 INFO  server.RaftServerConfigKeys (ConfUtils.java:logGet(43)) - raft.server.log.statemachine.data.sync.timeout.retry = -1 (default)
2019-07-14 00:59:21,477 INFO  server.RaftServerConfigKeys (ConfUtils.java:logGet(43)) - raft.server.log.statemachine.data.sync.timeout.retry = -1 (default)
2019-07-14 00:59:21,478 INFO  server.RaftServerConfigKeys (ConfUtils.java:logGet(43)) - raft.server.log.statemachine.data.caching.enabled = true (custom)
2019-07-14 00:59:21,478 INFO  server.RaftServerConfigKeys (ConfUtils.java:logGet(43)) - raft.server.log.statemachine.data.caching.enabled = true (custom)
2019-07-14 00:59:21,478 INFO  segmented.SegmentedRaftLogWorker (SegmentedRaftLogWorker.java:lambda$new$0(132)) - 2a42f5c7-f7b3-41ce-8fa1-309ec562414f-SegmentedRaftLogWorker:Storage Directory /tmp/workdir/hadoop-ozone/integration-test/target/test-dir/MiniOzoneClusterImpl-764387f4-9493-4923-bec4-d2ba5b458308/datanode-3/data/ratis/a6aaa2f3-cba6-41bb-9237-c56b407f6e85: flushIndex: setUnconditionally 0 -> -1
2019-07-14 00:59:21,478 INFO  segmented.SegmentedRaftLogWorker (SegmentedRaftLogWorker.java:lambda$new$0(132)) - bbdbccfa-f1e7-44a4-8bfd-ac399083e39c-SegmentedRaftLogWorker:Storage Directory /tmp/workdir/hadoop-ozone/integration-test/target/test-dir/MiniOzoneClusterImpl-764387f4-9493-4923-bec4-d2ba5b458308/datanode-5/data/ratis/a6aaa2f3-cba6-41bb-9237-c56b407f6e85: flushIndex: setUnconditionally 0 -> -1
2019-07-14 00:59:21,478 INFO  server.RaftServerConfigKeys (ConfUtils.java:logGet(43)) - raft.server.snapshot.auto.trigger.enabled = true (custom)
2019-07-14 00:59:21,479 INFO  server.RaftServerConfigKeys (ConfUtils.java:logGet(43)) - raft.server.snapshot.auto.trigger.threshold = 10000 (custom)
2019-07-14 00:59:21,479 INFO  server.RaftServerConfigKeys (ConfUtils.java:logGet(43)) - raft.server.snapshot.auto.trigger.enabled = true (custom)
2019-07-14 00:59:21,479 INFO  server.RaftServerConfigKeys (ConfUtils.java:logGet(43)) - raft.server.retrycache.expirytime = 600000ms (custom)
2019-07-14 00:59:21,479 INFO  server.RaftServerConfigKeys (ConfUtils.java:logGet(43)) - raft.server.snapshot.auto.trigger.threshold = 10000 (custom)
2019-07-14 00:59:21,479 INFO  impl.RaftServerImpl (RaftServerImpl.java:start(180)) - 2a42f5c7-f7b3-41ce-8fa1-309ec562414f: start group-C56B407F6E85
2019-07-14 00:59:21,479 INFO  server.RaftServerConfigKeys (ConfUtils.java:logGet(43)) - raft.server.retrycache.expirytime = 600000ms (custom)
2019-07-14 00:59:21,479 INFO  impl.RaftServerImpl (RaftServerImpl.java:setRole(171)) - 2a42f5c7-f7b3-41ce-8fa1-309ec562414f:group-C56B407F6E85 changes role from null to FOLLOWER at term 0 for startAsFollower
2019-07-14 00:59:21,480 INFO  impl.RaftServerImpl (RaftServerImpl.java:start(180)) - bbdbccfa-f1e7-44a4-8bfd-ac399083e39c: start group-C56B407F6E85
2019-07-14 00:59:21,480 INFO  impl.RoleInfo (RoleInfo.java:updateAndGet(143)) - 2a42f5c7-f7b3-41ce-8fa1-309ec562414f: start FollowerState
2019-07-14 00:59:21,480 INFO  impl.RaftServerImpl (RaftServerImpl.java:setRole(171)) - bbdbccfa-f1e7-44a4-8bfd-ac399083e39c:group-C56B407F6E85 changes role from null to FOLLOWER at term 0 for startAsFollower
2019-07-14 00:59:21,480 INFO  impl.RoleInfo (RoleInfo.java:updateAndGet(143)) - bbdbccfa-f1e7-44a4-8bfd-ac399083e39c: start FollowerState
2019-07-14 00:59:21,480 INFO  util.JmxRegister (JmxRegister.java:tryRegister(44)) - Successfully registered JMX Bean with object name Ratis:service=RaftServer,group=group-C56B407F6E85,id=2a42f5c7-f7b3-41ce-8fa1-309ec562414f
2019-07-14 00:59:21,481 INFO  util.JmxRegister (JmxRegister.java:tryRegister(44)) - Successfully registered JMX Bean with object name Ratis:service=RaftServer,group=group-C56B407F6E85,id=bbdbccfa-f1e7-44a4-8bfd-ac399083e39c
2019-07-14 00:59:21,502 INFO  pipeline.PipelineStateManager (PipelineStateManager.java:addPipeline(56)) - Created pipeline Pipeline[ Id: a6aaa2f3-cba6-41bb-9237-c56b407f6e85, Nodes: d5464623-c0e3-4c98-be34-d1b326a869c9{ip: 192.168.157.230, host: trunk-nightly-sxkq5-3320257302, networkLocation: /default-rack, certSerialId: null}bbdbccfa-f1e7-44a4-8bfd-ac399083e39c{ip: 192.168.157.230, host: trunk-nightly-sxkq5-3320257302, networkLocation: /default-rack, certSerialId: null}2a42f5c7-f7b3-41ce-8fa1-309ec562414f{ip: 192.168.157.230, host: trunk-nightly-sxkq5-3320257302, networkLocation: /default-rack, certSerialId: null}, Type:RATIS, Factor:THREE, State:OPEN]
2019-07-14 00:59:21,734 INFO  ozone.MiniOzoneClusterImpl (MiniOzoneClusterImpl.java:lambda$waitForClusterToBeReady$0(142)) - Cluster is ready. Got 7 of 7 DN Heartbeats.
2019-07-14 00:59:22,094 INFO  rpc.RpcClient (RpcClient.java:createVolume(287)) - Creating Volume: closecontainerexceptionhandlingtest, with jenkins1000 as owner.
2019-07-14 00:59:22,152 INFO  rpc.RpcClient (RpcClient.java:createBucket(424)) - Creating Bucket: closecontainerexceptionhandlingtest/closecontainerexceptionhandlingtest, with Versioning false and Storage Type set to DISK and Encryption set to false 
2019-07-14 00:59:22,497 INFO  container.ReplicationManager (ReplicationManager.java:start(155)) - Starting Replication Monitor Thread.
2019-07-14 00:59:22,501 INFO  container.ReplicationManager (ReplicationManager.java:run(207)) - Replication Monitor Thread took 0 milliseconds for processing 1 containers.
2019-07-14 00:59:22,507 INFO  client.GrpcClientProtocolClient (GrpcClientProtocolClient.java:onNext(255)) - client-0BB0B700E90E->d5464623-c0e3-4c98-be34-d1b326a869c9: receive RaftClientReply:client-0BB0B700E90E->d5464623-c0e3-4c98-be34-d1b326a869c9@group-C56B407F6E85, cid=13, FAILED org.apache.ratis.protocol.NotLeaderException: Server d5464623-c0e3-4c98-be34-d1b326a869c9 is not the leader (null). Request must be sent to leader., logIndex=0, commits[d5464623-c0e3-4c98-be34-d1b326a869c9:c-1]
2019-07-14 00:59:23,567 INFO  client.GrpcClientProtocolClient (GrpcClientProtocolClient.java:onNext(255)) - client-0BB0B700E90E->2a42f5c7-f7b3-41ce-8fa1-309ec562414f: receive RaftClientReply:client-0BB0B700E90E->2a42f5c7-f7b3-41ce-8fa1-309ec562414f@group-C56B407F6E85, cid=13, FAILED org.apache.ratis.protocol.NotLeaderException: Server 2a42f5c7-f7b3-41ce-8fa1-309ec562414f is not the leader (null). Request must be sent to leader., logIndex=0, commits[2a42f5c7-f7b3-41ce-8fa1-309ec562414f:c-1]
2019-07-14 00:59:24,609 INFO  client.GrpcClientProtocolClient (GrpcClientProtocolClient.java:onNext(255)) - client-0BB0B700E90E->bbdbccfa-f1e7-44a4-8bfd-ac399083e39c: receive RaftClientReply:client-0BB0B700E90E->bbdbccfa-f1e7-44a4-8bfd-ac399083e39c@group-C56B407F6E85, cid=13, FAILED org.apache.ratis.protocol.NotLeaderException: Server bbdbccfa-f1e7-44a4-8bfd-ac399083e39c is not the leader (null). Request must be sent to leader., logIndex=0, commits[bbdbccfa-f1e7-44a4-8bfd-ac399083e39c:c-1]
2019-07-14 00:59:25,627 INFO  impl.FollowerState (FollowerState.java:run(106)) - 7eca1d56-b308-4dc8-ae9d-c28d2a691562:group-08D6DAFEA2FC changes to CANDIDATE, lastRpcTime:5049, electionTimeout:5048ms
2019-07-14 00:59:25,627 INFO  impl.RoleInfo (RoleInfo.java:shutdownFollowerState(121)) - 7eca1d56-b308-4dc8-ae9d-c28d2a691562: shutdown FollowerState
2019-07-14 00:59:25,627 INFO  impl.RaftServerImpl (RaftServerImpl.java:setRole(171)) - 7eca1d56-b308-4dc8-ae9d-c28d2a691562:group-08D6DAFEA2FC changes role from FOLLOWER to CANDIDATE at term 0 for changeToCandidate
2019-07-14 00:59:25,635 INFO  impl.RoleInfo (RoleInfo.java:updateAndGet(143)) - 7eca1d56-b308-4dc8-ae9d-c28d2a691562: start LeaderElection
2019-07-14 00:59:25,657 INFO  client.GrpcClientProtocolClient (GrpcClientProtocolClient.java:onNext(255)) - client-0BB0B700E90E->2a42f5c7-f7b3-41ce-8fa1-309ec562414f: receive RaftClientReply:client-0BB0B700E90E->2a42f5c7-f7b3-41ce-8fa1-309ec562414f@group-C56B407F6E85, cid=13, FAILED org.apache.ratis.protocol.NotLeaderException: Server 2a42f5c7-f7b3-41ce-8fa1-309ec562414f is not the leader (null). Request must be sent to leader., logIndex=0, commits[2a42f5c7-f7b3-41ce-8fa1-309ec562414f:c-1]
2019-07-14 00:59:25,751 INFO  impl.LeaderElection (LeaderElection.java:askForVotes(181)) - 7eca1d56-b308-4dc8-ae9d-c28d2a691562:group-08D6DAFEA2FC:LeaderElection1: begin an election at term 1 for -1: [7eca1d56-b308-4dc8-ae9d-c28d2a691562:192.168.157.230:44016], old=null
2019-07-14 00:59:25,753 INFO  impl.RoleInfo (RoleInfo.java:shutdownLeaderElection(134)) - 7eca1d56-b308-4dc8-ae9d-c28d2a691562: shutdown LeaderElection
2019-07-14 00:59:25,754 INFO  impl.RaftServerImpl (RaftServerImpl.java:setRole(171)) - 7eca1d56-b308-4dc8-ae9d-c28d2a691562:group-08D6DAFEA2FC changes role from CANDIDATE to LEADER at term 1 for changeToLeader
2019-07-14 00:59:25,754 INFO  impl.RaftServerImpl (ServerState.java:setLeader(263)) - 7eca1d56-b308-4dc8-ae9d-c28d2a691562:group-08D6DAFEA2FC change Leader from null to 7eca1d56-b308-4dc8-ae9d-c28d2a691562 at term 1 for becomeLeader, leader elected after 5256ms
2019-07-14 00:59:25,764 INFO  server.RaftServerConfigKeys (ConfUtils.java:logGet(43)) - raft.server.staging.catchup.gap = 1000 (default)
2019-07-14 00:59:25,765 INFO  server.RaftServerConfigKeys (ConfUtils.java:logGet(43)) - raft.server.rpc.sleep.time = 25ms (default)
2019-07-14 00:59:25,768 INFO  server.RaftServerConfigKeys (ConfUtils.java:logGet(43)) - raft.server.write.element-limit = 4096 (default)
2019-07-14 00:59:25,771 INFO  server.RaftServerConfigKeys (ConfUtils.java:logGet(43)) - raft.server.watch.timeout = 10s (default)
2019-07-14 00:59:25,771 INFO  server.RaftServerConfigKeys (ConfUtils.java:logGet(43)) - raft.server.watch.timeout.denomination = 1s (default)
2019-07-14 00:59:25,772 INFO  server.RaftServerConfigKeys (ConfUtils.java:logGet(43)) - raft.server.watch.element-limit = 65536 (default)
2019-07-14 00:59:25,782 INFO  impl.RoleInfo (RoleInfo.java:updateAndGet(143)) - 7eca1d56-b308-4dc8-ae9d-c28d2a691562: start LeaderState
2019-07-14 00:59:25,808 INFO  impl.FollowerState (FollowerState.java:run(106)) - 452c6e63-a49e-4e87-b905-0b21e6eecd9f:group-C908EAA6EC24 changes to CANDIDATE, lastRpcTime:5022, electionTimeout:5020ms
2019-07-14 00:59:25,810 INFO  impl.RoleInfo (RoleInfo.java:shutdownFollowerState(121)) - 452c6e63-a49e-4e87-b905-0b21e6eecd9f: shutdown FollowerState
2019-07-14 00:59:25,810 INFO  impl.RaftServerImpl (RaftServerImpl.java:setRole(171)) - 452c6e63-a49e-4e87-b905-0b21e6eecd9f:group-C908EAA6EC24 changes role from FOLLOWER to CANDIDATE at term 0 for changeToCandidate
2019-07-14 00:59:25,810 INFO  impl.RoleInfo (RoleInfo.java:updateAndGet(143)) - 452c6e63-a49e-4e87-b905-0b21e6eecd9f: start LeaderElection
2019-07-14 00:59:25,817 INFO  segmented.SegmentedRaftLogWorker (SegmentedRaftLogWorker.java:startLogSegment(380)) - 7eca1d56-b308-4dc8-ae9d-c28d2a691562-SegmentedRaftLogWorker:Storage Directory /tmp/workdir/hadoop-ozone/integration-test/target/test-dir/MiniOzoneClusterImpl-764387f4-9493-4923-bec4-d2ba5b458308/datanode-0/data/ratis/e1f54d4e-2c6b-4755-8ecf-08d6dafea2fc: Starting segment from index:0
2019-07-14 00:59:25,823 INFO  impl.LeaderElection (LeaderElection.java:askForVotes(181)) - 452c6e63-a49e-4e87-b905-0b21e6eecd9f:group-C908EAA6EC24:LeaderElection2: begin an election at term 1 for -1: [452c6e63-a49e-4e87-b905-0b21e6eecd9f:192.168.157.230:38506], old=null
2019-07-14 00:59:25,825 INFO  impl.RoleInfo (RoleInfo.java:shutdownLeaderElection(134)) - 452c6e63-a49e-4e87-b905-0b21e6eecd9f: shutdown LeaderElection
2019-07-14 00:59:25,825 INFO  impl.RaftServerImpl (RaftServerImpl.java:setRole(171)) - 452c6e63-a49e-4e87-b905-0b21e6eecd9f:group-C908EAA6EC24 changes role from CANDIDATE to LEADER at term 1 for changeToLeader
2019-07-14 00:59:25,825 INFO  impl.RaftServerImpl (ServerState.java:setLeader(263)) - 452c6e63-a49e-4e87-b905-0b21e6eecd9f:group-C908EAA6EC24 change Leader from null to 452c6e63-a49e-4e87-b905-0b21e6eecd9f at term 1 for becomeLeader, leader elected after 5048ms
2019-07-14 00:59:25,827 INFO  server.RaftServerConfigKeys (ConfUtils.java:logGet(43)) - raft.server.staging.catchup.gap = 1000 (default)
2019-07-14 00:59:25,828 INFO  server.RaftServerConfigKeys (ConfUtils.java:logGet(43)) - raft.server.rpc.sleep.time = 25ms (default)
2019-07-14 00:59:25,828 INFO  server.RaftServerConfigKeys (ConfUtils.java:logGet(43)) - raft.server.write.element-limit = 4096 (default)
2019-07-14 00:59:25,828 INFO  server.RaftServerConfigKeys (ConfUtils.java:logGet(43)) - raft.server.watch.timeout = 10s (default)
2019-07-14 00:59:25,828 INFO  server.RaftServerConfigKeys (ConfUtils.java:logGet(43)) - raft.server.watch.timeout.denomination = 1s (default)
2019-07-14 00:59:25,828 INFO  server.RaftServerConfigKeys (ConfUtils.java:logGet(43)) - raft.server.watch.element-limit = 65536 (default)
2019-07-14 00:59:25,829 INFO  impl.RoleInfo (RoleInfo.java:updateAndGet(143)) - 452c6e63-a49e-4e87-b905-0b21e6eecd9f: start LeaderState
2019-07-14 00:59:25,829 INFO  segmented.SegmentedRaftLogWorker (SegmentedRaftLogWorker.java:startLogSegment(380)) - 452c6e63-a49e-4e87-b905-0b21e6eecd9f-SegmentedRaftLogWorker:Storage Directory /tmp/workdir/hadoop-ozone/integration-test/target/test-dir/MiniOzoneClusterImpl-764387f4-9493-4923-bec4-d2ba5b458308/datanode-2/data/ratis/e10fe842-5bf0-4c32-9b3f-c908eaa6ec24: Starting segment from index:0
2019-07-14 00:59:25,832 INFO  impl.RaftServerImpl (ServerState.java:setRaftConf(361)) - 7eca1d56-b308-4dc8-ae9d-c28d2a691562:group-08D6DAFEA2FC set configuration 0: [7eca1d56-b308-4dc8-ae9d-c28d2a691562:192.168.157.230:44016], old=null at 0
2019-07-14 00:59:25,832 INFO  impl.RaftServerImpl (ServerState.java:setRaftConf(361)) - 452c6e63-a49e-4e87-b905-0b21e6eecd9f:group-C908EAA6EC24 set configuration 0: [452c6e63-a49e-4e87-b905-0b21e6eecd9f:192.168.157.230:38506], old=null at 0
2019-07-14 00:59:25,923 INFO  impl.FollowerState (FollowerState.java:run(106)) - 4f59f924-1d30-4041-a3c6-040de151e2c2:group-DFF2E16EB5EF changes to CANDIDATE, lastRpcTime:5030, electionTimeout:5030ms
2019-07-14 00:59:25,924 INFO  impl.RoleInfo (RoleInfo.java:shutdownFollowerState(121)) - 4f59f924-1d30-4041-a3c6-040de151e2c2: shutdown FollowerState
2019-07-14 00:59:25,924 INFO  impl.RaftServerImpl (RaftServerImpl.java:setRole(171)) - 4f59f924-1d30-4041-a3c6-040de151e2c2:group-DFF2E16EB5EF changes role from FOLLOWER to CANDIDATE at term 0 for changeToCandidate
2019-07-14 00:59:25,924 INFO  impl.RoleInfo (RoleInfo.java:updateAndGet(143)) - 4f59f924-1d30-4041-a3c6-040de151e2c2: start LeaderElection
2019-07-14 00:59:25,939 INFO  impl.LeaderElection (LeaderElection.java:askForVotes(181)) - 4f59f924-1d30-4041-a3c6-040de151e2c2:group-DFF2E16EB5EF:LeaderElection3: begin an election at term 1 for -1: [4f59f924-1d30-4041-a3c6-040de151e2c2:192.168.157.230:45403], old=null
2019-07-14 00:59:25,939 INFO  impl.RoleInfo (RoleInfo.java:shutdownLeaderElection(134)) - 4f59f924-1d30-4041-a3c6-040de151e2c2: shutdown LeaderElection
2019-07-14 00:59:25,939 INFO  impl.RaftServerImpl (RaftServerImpl.java:setRole(171)) - 4f59f924-1d30-4041-a3c6-040de151e2c2:group-DFF2E16EB5EF changes role from CANDIDATE to LEADER at term 1 for changeToLeader
2019-07-14 00:59:25,940 INFO  impl.RaftServerImpl (ServerState.java:setLeader(263)) - 4f59f924-1d30-4041-a3c6-040de151e2c2:group-DFF2E16EB5EF change Leader from null to 4f59f924-1d30-4041-a3c6-040de151e2c2 at term 1 for becomeLeader, leader elected after 5052ms
2019-07-14 00:59:25,942 INFO  server.RaftServerConfigKeys (ConfUtils.java:logGet(43)) - raft.server.staging.catchup.gap = 1000 (default)
2019-07-14 00:59:25,942 INFO  server.RaftServerConfigKeys (ConfUtils.java:logGet(43)) - raft.server.rpc.sleep.time = 25ms (default)
2019-07-14 00:59:25,942 INFO  server.RaftServerConfigKeys (ConfUtils.java:logGet(43)) - raft.server.write.element-limit = 4096 (default)
2019-07-14 00:59:25,942 INFO  server.RaftServerConfigKeys (ConfUtils.java:logGet(43)) - raft.server.watch.timeout = 10s (default)
2019-07-14 00:59:25,942 INFO  server.RaftServerConfigKeys (ConfUtils.java:logGet(43)) - raft.server.watch.timeout.denomination = 1s (default)
2019-07-14 00:59:25,942 INFO  server.RaftServerConfigKeys (ConfUtils.java:logGet(43)) - raft.server.watch.element-limit = 65536 (default)
2019-07-14 00:59:25,943 INFO  impl.RoleInfo (RoleInfo.java:updateAndGet(143)) - 4f59f924-1d30-4041-a3c6-040de151e2c2: start LeaderState
2019-07-14 00:59:25,943 INFO  segmented.SegmentedRaftLogWorker (SegmentedRaftLogWorker.java:startLogSegment(380)) - 4f59f924-1d30-4041-a3c6-040de151e2c2-SegmentedRaftLogWorker:Storage Directory /tmp/workdir/hadoop-ozone/integration-test/target/test-dir/MiniOzoneClusterImpl-764387f4-9493-4923-bec4-d2ba5b458308/datanode-4/data/ratis/cfe6a226-d0c3-4d5d-8101-dff2e16eb5ef: Starting segment from index:0
2019-07-14 00:59:25,944 INFO  impl.RaftServerImpl (ServerState.java:setRaftConf(361)) - 4f59f924-1d30-4041-a3c6-040de151e2c2:group-DFF2E16EB5EF set configuration 0: [4f59f924-1d30-4041-a3c6-040de151e2c2:192.168.157.230:45403], old=null at 0
2019-07-14 00:59:26,008 INFO  impl.FollowerState (FollowerState.java:run(106)) - d5464623-c0e3-4c98-be34-d1b326a869c9:group-033355162CD4 changes to CANDIDATE, lastRpcTime:5039, electionTimeout:5039ms
2019-07-14 00:59:26,009 INFO  impl.RoleInfo (RoleInfo.java:shutdownFollowerState(121)) - d5464623-c0e3-4c98-be34-d1b326a869c9: shutdown FollowerState
2019-07-14 00:59:26,009 INFO  impl.RaftServerImpl (RaftServerImpl.java:setRole(171)) - d5464623-c0e3-4c98-be34-d1b326a869c9:group-033355162CD4 changes role from FOLLOWER to CANDIDATE at term 0 for changeToCandidate
2019-07-14 00:59:26,009 INFO  impl.RoleInfo (RoleInfo.java:updateAndGet(143)) - d5464623-c0e3-4c98-be34-d1b326a869c9: start LeaderElection
2019-07-14 00:59:26,036 INFO  segmented.SegmentedRaftLogWorker (SegmentedRaftLogWorker.java:execute(569)) - 452c6e63-a49e-4e87-b905-0b21e6eecd9f-SegmentedRaftLogWorker:Storage Directory /tmp/workdir/hadoop-ozone/integration-test/target/test-dir/MiniOzoneClusterImpl-764387f4-9493-4923-bec4-d2ba5b458308/datanode-2/data/ratis/e10fe842-5bf0-4c32-9b3f-c908eaa6ec24: created new log segment /tmp/workdir/hadoop-ozone/integration-test/target/test-dir/MiniOzoneClusterImpl-764387f4-9493-4923-bec4-d2ba5b458308/datanode-2/data/ratis/e10fe842-5bf0-4c32-9b3f-c908eaa6ec24/current/log_inprogress_0
2019-07-14 00:59:26,037 INFO  impl.LeaderElection (LeaderElection.java:askForVotes(181)) - d5464623-c0e3-4c98-be34-d1b326a869c9:group-033355162CD4:LeaderElection4: begin an election at term 1 for -1: [d5464623-c0e3-4c98-be34-d1b326a869c9:192.168.157.230:40587], old=null
2019-07-14 00:59:26,036 INFO  segmented.SegmentedRaftLogWorker (SegmentedRaftLogWorker.java:execute(569)) - 7eca1d56-b308-4dc8-ae9d-c28d2a691562-SegmentedRaftLogWorker:Storage Directory /tmp/workdir/hadoop-ozone/integration-test/target/test-dir/MiniOzoneClusterImpl-764387f4-9493-4923-bec4-d2ba5b458308/datanode-0/data/ratis/e1f54d4e-2c6b-4755-8ecf-08d6dafea2fc: created new log segment /tmp/workdir/hadoop-ozone/integration-test/target/test-dir/MiniOzoneClusterImpl-764387f4-9493-4923-bec4-d2ba5b458308/datanode-0/data/ratis/e1f54d4e-2c6b-4755-8ecf-08d6dafea2fc/current/log_inprogress_0
2019-07-14 00:59:26,036 INFO  segmented.SegmentedRaftLogWorker (SegmentedRaftLogWorker.java:execute(569)) - 4f59f924-1d30-4041-a3c6-040de151e2c2-SegmentedRaftLogWorker:Storage Directory /tmp/workdir/hadoop-ozone/integration-test/target/test-dir/MiniOzoneClusterImpl-764387f4-9493-4923-bec4-d2ba5b458308/datanode-4/data/ratis/cfe6a226-d0c3-4d5d-8101-dff2e16eb5ef: created new log segment /tmp/workdir/hadoop-ozone/integration-test/target/test-dir/MiniOzoneClusterImpl-764387f4-9493-4923-bec4-d2ba5b458308/datanode-4/data/ratis/cfe6a226-d0c3-4d5d-8101-dff2e16eb5ef/current/log_inprogress_0
2019-07-14 00:59:26,039 INFO  impl.RoleInfo (RoleInfo.java:shutdownLeaderElection(134)) - d5464623-c0e3-4c98-be34-d1b326a869c9: shutdown LeaderElection
2019-07-14 00:59:26,041 INFO  impl.RaftServerImpl (RaftServerImpl.java:setRole(171)) - d5464623-c0e3-4c98-be34-d1b326a869c9:group-033355162CD4 changes role from CANDIDATE to LEADER at term 1 for changeToLeader
2019-07-14 00:59:26,041 INFO  impl.RaftServerImpl (ServerState.java:setLeader(263)) - d5464623-c0e3-4c98-be34-d1b326a869c9:group-033355162CD4 change Leader from null to d5464623-c0e3-4c98-be34-d1b326a869c9 at term 1 for becomeLeader, leader elected after 5077ms
2019-07-14 00:59:26,044 INFO  server.RaftServerConfigKeys (ConfUtils.java:logGet(43)) - raft.server.staging.catchup.gap = 1000 (default)
2019-07-14 00:59:26,045 INFO  server.RaftServerConfigKeys (ConfUtils.java:logGet(43)) - raft.server.rpc.sleep.time = 25ms (default)
2019-07-14 00:59:26,045 INFO  server.RaftServerConfigKeys (ConfUtils.java:logGet(43)) - raft.server.write.element-limit = 4096 (default)
2019-07-14 00:59:26,045 INFO  server.RaftServerConfigKeys (ConfUtils.java:logGet(43)) - raft.server.watch.timeout = 10s (default)
2019-07-14 00:59:26,045 INFO  server.RaftServerConfigKeys (ConfUtils.java:logGet(43)) - raft.server.watch.timeout.denomination = 1s (default)
2019-07-14 00:59:26,045 INFO  server.RaftServerConfigKeys (ConfUtils.java:logGet(43)) - raft.server.watch.element-limit = 65536 (default)
2019-07-14 00:59:26,046 INFO  impl.RoleInfo (RoleInfo.java:updateAndGet(143)) - d5464623-c0e3-4c98-be34-d1b326a869c9: start LeaderState
2019-07-14 00:59:26,046 INFO  segmented.SegmentedRaftLogWorker (SegmentedRaftLogWorker.java:startLogSegment(380)) - d5464623-c0e3-4c98-be34-d1b326a869c9-SegmentedRaftLogWorker:Storage Directory /tmp/workdir/hadoop-ozone/integration-test/target/test-dir/MiniOzoneClusterImpl-764387f4-9493-4923-bec4-d2ba5b458308/datanode-6/data/ratis/7f8ad136-9161-435c-bf88-033355162cd4: Starting segment from index:0
2019-07-14 00:59:26,046 INFO  impl.RaftServerImpl (ServerState.java:setRaftConf(361)) - d5464623-c0e3-4c98-be34-d1b326a869c9:group-033355162CD4 set configuration 0: [d5464623-c0e3-4c98-be34-d1b326a869c9:192.168.157.230:40587], old=null at 0
2019-07-14 00:59:26,069 INFO  segmented.SegmentedRaftLogWorker (SegmentedRaftLogWorker.java:execute(569)) - d5464623-c0e3-4c98-be34-d1b326a869c9-SegmentedRaftLogWorker:Storage Directory /tmp/workdir/hadoop-ozone/integration-test/target/test-dir/MiniOzoneClusterImpl-764387f4-9493-4923-bec4-d2ba5b458308/datanode-6/data/ratis/7f8ad136-9161-435c-bf88-033355162cd4: created new log segment /tmp/workdir/hadoop-ozone/integration-test/target/test-dir/MiniOzoneClusterImpl-764387f4-9493-4923-bec4-d2ba5b458308/datanode-6/data/ratis/7f8ad136-9161-435c-bf88-033355162cd4/current/log_inprogress_0
2019-07-14 00:59:26,156 INFO  impl.FollowerState (FollowerState.java:run(106)) - 2a42f5c7-f7b3-41ce-8fa1-309ec562414f:group-64D2922694CD changes to CANDIDATE, lastRpcTime:5005, electionTimeout:5005ms
2019-07-14 00:59:26,156 INFO  impl.RoleInfo (RoleInfo.java:shutdownFollowerState(121)) - 2a42f5c7-f7b3-41ce-8fa1-309ec562414f: shutdown FollowerState
2019-07-14 00:59:26,156 INFO  impl.RaftServerImpl (RaftServerImpl.java:setRole(171)) - 2a42f5c7-f7b3-41ce-8fa1-309ec562414f:group-64D2922694CD changes role from FOLLOWER to CANDIDATE at term 0 for changeToCandidate
2019-07-14 00:59:26,157 INFO  impl.RoleInfo (RoleInfo.java:updateAndGet(143)) - 2a42f5c7-f7b3-41ce-8fa1-309ec562414f: start LeaderElection
2019-07-14 00:59:26,174 INFO  impl.LeaderElection (LeaderElection.java:askForVotes(181)) - 2a42f5c7-f7b3-41ce-8fa1-309ec562414f:group-64D2922694CD:LeaderElection5: begin an election at term 1 for -1: [2a42f5c7-f7b3-41ce-8fa1-309ec562414f:192.168.157.230:40199], old=null
2019-07-14 00:59:26,176 INFO  impl.RoleInfo (RoleInfo.java:shutdownLeaderElection(134)) - 2a42f5c7-f7b3-41ce-8fa1-309ec562414f: shutdown LeaderElection
2019-07-14 00:59:26,176 INFO  impl.RaftServerImpl (RaftServerImpl.java:setRole(171)) - 2a42f5c7-f7b3-41ce-8fa1-309ec562414f:group-64D2922694CD changes role from CANDIDATE to LEADER at term 1 for changeToLeader
2019-07-14 00:59:26,176 INFO  impl.RaftServerImpl (ServerState.java:setLeader(263)) - 2a42f5c7-f7b3-41ce-8fa1-309ec562414f:group-64D2922694CD change Leader from null to 2a42f5c7-f7b3-41ce-8fa1-309ec562414f at term 1 for becomeLeader, leader elected after 5031ms
2019-07-14 00:59:26,178 INFO  server.RaftServerConfigKeys (ConfUtils.java:logGet(43)) - raft.server.staging.catchup.gap = 1000 (default)
2019-07-14 00:59:26,178 INFO  server.RaftServerConfigKeys (ConfUtils.java:logGet(43)) - raft.server.rpc.sleep.time = 25ms (default)
2019-07-14 00:59:26,178 INFO  server.RaftServerConfigKeys (ConfUtils.java:logGet(43)) - raft.server.write.element-limit = 4096 (default)
2019-07-14 00:59:26,178 INFO  server.RaftServerConfigKeys (ConfUtils.java:logGet(43)) - raft.server.watch.timeout = 10s (default)
2019-07-14 00:59:26,178 INFO  server.RaftServerConfigKeys (ConfUtils.java:logGet(43)) - raft.server.watch.timeout.denomination = 1s (default)
2019-07-14 00:59:26,179 INFO  server.RaftServerConfigKeys (ConfUtils.java:logGet(43)) - raft.server.watch.element-limit = 65536 (default)
2019-07-14 00:59:26,179 INFO  impl.RoleInfo (RoleInfo.java:updateAndGet(143)) - 2a42f5c7-f7b3-41ce-8fa1-309ec562414f: start LeaderState
2019-07-14 00:59:26,179 INFO  segmented.SegmentedRaftLogWorker (SegmentedRaftLogWorker.java:startLogSegment(380)) - 2a42f5c7-f7b3-41ce-8fa1-309ec562414f-SegmentedRaftLogWorker:Storage Directory /tmp/workdir/hadoop-ozone/integration-test/target/test-dir/MiniOzoneClusterImpl-764387f4-9493-4923-bec4-d2ba5b458308/datanode-3/data/ratis/6a1f4fe3-46e0-471f-a412-64d2922694cd: Starting segment from index:0
2019-07-14 00:59:26,180 INFO  impl.RaftServerImpl (ServerState.java:setRaftConf(361)) - 2a42f5c7-f7b3-41ce-8fa1-309ec562414f:group-64D2922694CD set configuration 0: [2a42f5c7-f7b3-41ce-8fa1-309ec562414f:192.168.157.230:40199], old=null at 0
2019-07-14 00:59:26,212 INFO  segmented.SegmentedRaftLogWorker (SegmentedRaftLogWorker.java:execute(569)) - 2a42f5c7-f7b3-41ce-8fa1-309ec562414f-SegmentedRaftLogWorker:Storage Directory /tmp/workdir/hadoop-ozone/integration-test/target/test-dir/MiniOzoneClusterImpl-764387f4-9493-4923-bec4-d2ba5b458308/datanode-3/data/ratis/6a1f4fe3-46e0-471f-a412-64d2922694cd: created new log segment /tmp/workdir/hadoop-ozone/integration-test/target/test-dir/MiniOzoneClusterImpl-764387f4-9493-4923-bec4-d2ba5b458308/datanode-3/data/ratis/6a1f4fe3-46e0-471f-a412-64d2922694cd/current/log_inprogress_0
2019-07-14 00:59:26,223 INFO  impl.FollowerState (FollowerState.java:run(106)) - bbdbccfa-f1e7-44a4-8bfd-ac399083e39c:group-C691BADA2DA7 changes to CANDIDATE, lastRpcTime:5154, electionTimeout:5154ms
2019-07-14 00:59:26,224 INFO  impl.RoleInfo (RoleInfo.java:shutdownFollowerState(121)) - bbdbccfa-f1e7-44a4-8bfd-ac399083e39c: shutdown FollowerState
2019-07-14 00:59:26,224 INFO  impl.RaftServerImpl (RaftServerImpl.java:setRole(171)) - bbdbccfa-f1e7-44a4-8bfd-ac399083e39c:group-C691BADA2DA7 changes role from FOLLOWER to CANDIDATE at term 0 for changeToCandidate
2019-07-14 00:59:26,224 INFO  impl.RoleInfo (RoleInfo.java:updateAndGet(143)) - bbdbccfa-f1e7-44a4-8bfd-ac399083e39c: start LeaderElection
2019-07-14 00:59:26,245 INFO  impl.LeaderElection (LeaderElection.java:askForVotes(181)) - bbdbccfa-f1e7-44a4-8bfd-ac399083e39c:group-C691BADA2DA7:LeaderElection6: begin an election at term 1 for -1: [bbdbccfa-f1e7-44a4-8bfd-ac399083e39c:192.168.157.230:42664], old=null
2019-07-14 00:59:26,254 INFO  impl.RoleInfo (RoleInfo.java:shutdownLeaderElection(134)) - bbdbccfa-f1e7-44a4-8bfd-ac399083e39c: shutdown LeaderElection
2019-07-14 00:59:26,254 INFO  impl.RaftServerImpl (RaftServerImpl.java:setRole(171)) - bbdbccfa-f1e7-44a4-8bfd-ac399083e39c:group-C691BADA2DA7 changes role from CANDIDATE to LEADER at term 1 for changeToLeader
2019-07-14 00:59:26,254 INFO  impl.RaftServerImpl (ServerState.java:setLeader(263)) - bbdbccfa-f1e7-44a4-8bfd-ac399083e39c:group-C691BADA2DA7 change Leader from null to bbdbccfa-f1e7-44a4-8bfd-ac399083e39c at term 1 for becomeLeader, leader elected after 5189ms
2019-07-14 00:59:26,256 INFO  server.RaftServerConfigKeys (ConfUtils.java:logGet(43)) - raft.server.staging.catchup.gap = 1000 (default)
2019-07-14 00:59:26,256 INFO  server.RaftServerConfigKeys (ConfUtils.java:logGet(43)) - raft.server.rpc.sleep.time = 25ms (default)
2019-07-14 00:59:26,257 INFO  server.RaftServerConfigKeys (ConfUtils.java:logGet(43)) - raft.server.write.element-limit = 4096 (default)
2019-07-14 00:59:26,257 INFO  server.RaftServerConfigKeys (ConfUtils.java:logGet(43)) - raft.server.watch.timeout = 10s (default)
2019-07-14 00:59:26,257 INFO  server.RaftServerConfigKeys (ConfUtils.java:logGet(43)) - raft.server.watch.timeout.denomination = 1s (default)
2019-07-14 00:59:26,257 INFO  server.RaftServerConfigKeys (ConfUtils.java:logGet(43)) - raft.server.watch.element-limit = 65536 (default)
2019-07-14 00:59:26,257 INFO  impl.RoleInfo (RoleInfo.java:updateAndGet(143)) - bbdbccfa-f1e7-44a4-8bfd-ac399083e39c: start LeaderState
2019-07-14 00:59:26,258 INFO  segmented.SegmentedRaftLogWorker (SegmentedRaftLogWorker.java:startLogSegment(380)) - bbdbccfa-f1e7-44a4-8bfd-ac399083e39c-SegmentedRaftLogWorker:Storage Directory /tmp/workdir/hadoop-ozone/integration-test/target/test-dir/MiniOzoneClusterImpl-764387f4-9493-4923-bec4-d2ba5b458308/datanode-5/data/ratis/d223944d-37f6-49c9-8d93-c691bada2da7: Starting segment from index:0
2019-07-14 00:59:26,258 INFO  impl.RaftServerImpl (ServerState.java:setRaftConf(361)) - bbdbccfa-f1e7-44a4-8bfd-ac399083e39c:group-C691BADA2DA7 set configuration 0: [bbdbccfa-f1e7-44a4-8bfd-ac399083e39c:192.168.157.230:42664], old=null at 0
2019-07-14 00:59:26,279 INFO  impl.FollowerState (FollowerState.java:run(106)) - 12747988-162c-47d6-83a7-23159ad274b9:group-B9B8799D14F6 changes to CANDIDATE, lastRpcTime:5059, electionTimeout:5058ms
2019-07-14 00:59:26,281 INFO  impl.RoleInfo (RoleInfo.java:shutdownFollowerState(121)) - 12747988-162c-47d6-83a7-23159ad274b9: shutdown FollowerState
2019-07-14 00:59:26,281 INFO  impl.RaftServerImpl (RaftServerImpl.java:setRole(171)) - 12747988-162c-47d6-83a7-23159ad274b9:group-B9B8799D14F6 changes role from FOLLOWER to CANDIDATE at term 0 for changeToCandidate
2019-07-14 00:59:26,282 INFO  impl.RoleInfo (RoleInfo.java:updateAndGet(143)) - 12747988-162c-47d6-83a7-23159ad274b9: start LeaderElection
2019-07-14 00:59:26,292 INFO  segmented.SegmentedRaftLogWorker (SegmentedRaftLogWorker.java:execute(569)) - bbdbccfa-f1e7-44a4-8bfd-ac399083e39c-SegmentedRaftLogWorker:Storage Directory /tmp/workdir/hadoop-ozone/integration-test/target/test-dir/MiniOzoneClusterImpl-764387f4-9493-4923-bec4-d2ba5b458308/datanode-5/data/ratis/d223944d-37f6-49c9-8d93-c691bada2da7: created new log segment /tmp/workdir/hadoop-ozone/integration-test/target/test-dir/MiniOzoneClusterImpl-764387f4-9493-4923-bec4-d2ba5b458308/datanode-5/data/ratis/d223944d-37f6-49c9-8d93-c691bada2da7/current/log_inprogress_0
2019-07-14 00:59:26,292 INFO  impl.LeaderElection (LeaderElection.java:askForVotes(181)) - 12747988-162c-47d6-83a7-23159ad274b9:group-B9B8799D14F6:LeaderElection7: begin an election at term 1 for -1: [12747988-162c-47d6-83a7-23159ad274b9:192.168.157.230:33168], old=null
2019-07-14 00:59:26,292 INFO  impl.RoleInfo (RoleInfo.java:shutdownLeaderElection(134)) - 12747988-162c-47d6-83a7-23159ad274b9: shutdown LeaderElection
2019-07-14 00:59:26,292 INFO  impl.RaftServerImpl (RaftServerImpl.java:setRole(171)) - 12747988-162c-47d6-83a7-23159ad274b9:group-B9B8799D14F6 changes role from CANDIDATE to LEADER at term 1 for changeToLeader
2019-07-14 00:59:26,292 INFO  impl.RaftServerImpl (ServerState.java:setLeader(263)) - 12747988-162c-47d6-83a7-23159ad274b9:group-B9B8799D14F6 change Leader from null to 12747988-162c-47d6-83a7-23159ad274b9 at term 1 for becomeLeader, leader elected after 5077ms
2019-07-14 00:59:26,294 INFO  server.RaftServerConfigKeys (ConfUtils.java:logGet(43)) - raft.server.staging.catchup.gap = 1000 (default)
2019-07-14 00:59:26,295 INFO  server.RaftServerConfigKeys (ConfUtils.java:logGet(43)) - raft.server.rpc.sleep.time = 25ms (default)
2019-07-14 00:59:26,295 INFO  server.RaftServerConfigKeys (ConfUtils.java:logGet(43)) - raft.server.write.element-limit = 4096 (default)
2019-07-14 00:59:26,295 INFO  server.RaftServerConfigKeys (ConfUtils.java:logGet(43)) - raft.server.watch.timeout = 10s (default)
2019-07-14 00:59:26,295 INFO  server.RaftServerConfigKeys (ConfUtils.java:logGet(43)) - raft.server.watch.timeout.denomination = 1s (default)
2019-07-14 00:59:26,295 INFO  server.RaftServerConfigKeys (ConfUtils.java:logGet(43)) - raft.server.watch.element-limit = 65536 (default)
2019-07-14 00:59:26,296 INFO  impl.RoleInfo (RoleInfo.java:updateAndGet(143)) - 12747988-162c-47d6-83a7-23159ad274b9: start LeaderState
2019-07-14 00:59:26,296 INFO  segmented.SegmentedRaftLogWorker (SegmentedRaftLogWorker.java:startLogSegment(380)) - 12747988-162c-47d6-83a7-23159ad274b9-SegmentedRaftLogWorker:Storage Directory /tmp/workdir/hadoop-ozone/integration-test/target/test-dir/MiniOzoneClusterImpl-764387f4-9493-4923-bec4-d2ba5b458308/datanode-1/data/ratis/5df99981-48e1-4e81-999e-b9b8799d14f6: Starting segment from index:0
2019-07-14 00:59:26,297 INFO  impl.RaftServerImpl (ServerState.java:setRaftConf(361)) - 12747988-162c-47d6-83a7-23159ad274b9:group-B9B8799D14F6 set configuration 0: [12747988-162c-47d6-83a7-23159ad274b9:192.168.157.230:33168], old=null at 0
2019-07-14 00:59:26,330 INFO  segmented.SegmentedRaftLogWorker (SegmentedRaftLogWorker.java:execute(569)) - 12747988-162c-47d6-83a7-23159ad274b9-SegmentedRaftLogWorker:Storage Directory /tmp/workdir/hadoop-ozone/integration-test/target/test-dir/MiniOzoneClusterImpl-764387f4-9493-4923-bec4-d2ba5b458308/datanode-1/data/ratis/5df99981-48e1-4e81-999e-b9b8799d14f6: created new log segment /tmp/workdir/hadoop-ozone/integration-test/target/test-dir/MiniOzoneClusterImpl-764387f4-9493-4923-bec4-d2ba5b458308/datanode-1/data/ratis/5df99981-48e1-4e81-999e-b9b8799d14f6/current/log_inprogress_0
2019-07-14 00:59:26,353 INFO  impl.FollowerState (FollowerState.java:run(106)) - 7eca1d56-b308-4dc8-ae9d-c28d2a691562:group-BA79B928D33D changes to CANDIDATE, lastRpcTime:5003, electionTimeout:5003ms
2019-07-14 00:59:26,353 INFO  impl.RoleInfo (RoleInfo.java:shutdownFollowerState(121)) - 7eca1d56-b308-4dc8-ae9d-c28d2a691562: shutdown FollowerState
2019-07-14 00:59:26,353 INFO  impl.RaftServerImpl (RaftServerImpl.java:setRole(171)) - 7eca1d56-b308-4dc8-ae9d-c28d2a691562:group-BA79B928D33D changes role from FOLLOWER to CANDIDATE at term 0 for changeToCandidate
2019-07-14 00:59:26,353 INFO  impl.RoleInfo (RoleInfo.java:updateAndGet(143)) - 7eca1d56-b308-4dc8-ae9d-c28d2a691562: start LeaderElection
2019-07-14 00:59:26,368 INFO  impl.FollowerState (FollowerState.java:run(106)) - 4f59f924-1d30-4041-a3c6-040de151e2c2:group-BA79B928D33D changes to CANDIDATE, lastRpcTime:5010, electionTimeout:5008ms
2019-07-14 00:59:26,370 INFO  impl.RoleInfo (RoleInfo.java:shutdownFollowerState(121)) - 4f59f924-1d30-4041-a3c6-040de151e2c2: shutdown FollowerState
2019-07-14 00:59:26,370 INFO  impl.RaftServerImpl (RaftServerImpl.java:setRole(171)) - 4f59f924-1d30-4041-a3c6-040de151e2c2:group-BA79B928D33D changes role from FOLLOWER to CANDIDATE at term 0 for changeToCandidate
2019-07-14 00:59:26,370 INFO  impl.RoleInfo (RoleInfo.java:updateAndGet(143)) - 4f59f924-1d30-4041-a3c6-040de151e2c2: start LeaderElection
2019-07-14 00:59:26,376 INFO  impl.LeaderElection (LeaderElection.java:askForVotes(181)) - 7eca1d56-b308-4dc8-ae9d-c28d2a691562:group-BA79B928D33D:LeaderElection8: begin an election at term 1 for -1: [452c6e63-a49e-4e87-b905-0b21e6eecd9f:192.168.157.230:38506, 4f59f924-1d30-4041-a3c6-040de151e2c2:192.168.157.230:45403, 7eca1d56-b308-4dc8-ae9d-c28d2a691562:192.168.157.230:44016], old=null
2019-07-14 00:59:26,389 INFO  impl.LeaderElection (LeaderElection.java:askForVotes(181)) - 4f59f924-1d30-4041-a3c6-040de151e2c2:group-BA79B928D33D:LeaderElection9: begin an election at term 1 for -1: [452c6e63-a49e-4e87-b905-0b21e6eecd9f:192.168.157.230:38506, 4f59f924-1d30-4041-a3c6-040de151e2c2:192.168.157.230:45403, 7eca1d56-b308-4dc8-ae9d-c28d2a691562:192.168.157.230:44016], old=null
2019-07-14 00:59:26,424 INFO  impl.RaftServerImpl (RaftServerImpl.java:setRole(171)) - 452c6e63-a49e-4e87-b905-0b21e6eecd9f:group-BA79B928D33D changes role from FOLLOWER to FOLLOWER at term 1 for recognizeCandidate:7eca1d56-b308-4dc8-ae9d-c28d2a691562
2019-07-14 00:59:26,424 INFO  impl.RoleInfo (RoleInfo.java:shutdownFollowerState(121)) - 452c6e63-a49e-4e87-b905-0b21e6eecd9f: shutdown FollowerState
2019-07-14 00:59:26,427 INFO  impl.RoleInfo (RoleInfo.java:updateAndGet(143)) - 452c6e63-a49e-4e87-b905-0b21e6eecd9f: start FollowerState
2019-07-14 00:59:26,427 INFO  impl.FollowerState (FollowerState.java:run(114)) - 452c6e63-a49e-4e87-b905-0b21e6eecd9f: FollowerState was interrupted: java.lang.InterruptedException: sleep interrupted
2019-07-14 00:59:26,461 INFO  impl.LeaderElection (LeaderElection.java:logAndReturn(56)) - 4f59f924-1d30-4041-a3c6-040de151e2c2:group-BA79B928D33D:LeaderElection9: Election REJECTED; received 2 response(s) [4f59f924-1d30-4041-a3c6-040de151e2c2<-452c6e63-a49e-4e87-b905-0b21e6eecd9f#0:FAIL-t1, 4f59f924-1d30-4041-a3c6-040de151e2c2<-7eca1d56-b308-4dc8-ae9d-c28d2a691562#0:FAIL-t1] and 0 exception(s); 4f59f924-1d30-4041-a3c6-040de151e2c2:t1, leader=null, voted=4f59f924-1d30-4041-a3c6-040de151e2c2, raftlog=4f59f924-1d30-4041-a3c6-040de151e2c2-SegmentedRaftLog:OPENED:c-1,f-1,i0, conf=-1: [452c6e63-a49e-4e87-b905-0b21e6eecd9f:192.168.157.230:38506, 4f59f924-1d30-4041-a3c6-040de151e2c2:192.168.157.230:45403, 7eca1d56-b308-4dc8-ae9d-c28d2a691562:192.168.157.230:44016], old=null
2019-07-14 00:59:26,461 INFO  impl.LeaderElection (LeaderElection.java:logAndReturn(56)) - 7eca1d56-b308-4dc8-ae9d-c28d2a691562:group-BA79B928D33D:LeaderElection8: Election PASSED; received 2 response(s) [7eca1d56-b308-4dc8-ae9d-c28d2a691562<-452c6e63-a49e-4e87-b905-0b21e6eecd9f#0:OK-t1, 7eca1d56-b308-4dc8-ae9d-c28d2a691562<-4f59f924-1d30-4041-a3c6-040de151e2c2#0:FAIL-t1] and 0 exception(s); 7eca1d56-b308-4dc8-ae9d-c28d2a691562:t1, leader=null, voted=7eca1d56-b308-4dc8-ae9d-c28d2a691562, raftlog=7eca1d56-b308-4dc8-ae9d-c28d2a691562-SegmentedRaftLog:OPENED:c-1,f-1,i0, conf=-1: [452c6e63-a49e-4e87-b905-0b21e6eecd9f:192.168.157.230:38506, 4f59f924-1d30-4041-a3c6-040de151e2c2:192.168.157.230:45403, 7eca1d56-b308-4dc8-ae9d-c28d2a691562:192.168.157.230:44016], old=null
2019-07-14 00:59:26,461 INFO  impl.RaftServerImpl (RaftServerImpl.java:setRole(171)) - 4f59f924-1d30-4041-a3c6-040de151e2c2:group-BA79B928D33D changes role from CANDIDATE to FOLLOWER at term 1 for DISCOVERED_A_NEW_TERM
2019-07-14 00:59:26,461 INFO  impl.RoleInfo (RoleInfo.java:shutdownLeaderElection(134)) - 7eca1d56-b308-4dc8-ae9d-c28d2a691562: shutdown LeaderElection
2019-07-14 00:59:26,467 INFO  impl.RoleInfo (RoleInfo.java:shutdownLeaderElection(134)) - 4f59f924-1d30-4041-a3c6-040de151e2c2: shutdown LeaderElection
2019-07-14 00:59:26,469 INFO  impl.RaftServerImpl (RaftServerImpl.java:setRole(171)) - 7eca1d56-b308-4dc8-ae9d-c28d2a691562:group-BA79B928D33D changes role from CANDIDATE to LEADER at term 1 for changeToLeader
2019-07-14 00:59:26,473 INFO  impl.RoleInfo (RoleInfo.java:updateAndGet(143)) - 4f59f924-1d30-4041-a3c6-040de151e2c2: start FollowerState
2019-07-14 00:59:26,473 INFO  impl.RaftServerImpl (ServerState.java:setLeader(263)) - 7eca1d56-b308-4dc8-ae9d-c28d2a691562:group-BA79B928D33D change Leader from null to 7eca1d56-b308-4dc8-ae9d-c28d2a691562 at term 1 for becomeLeader, leader elected after 5139ms
2019-07-14 00:59:26,475 INFO  server.RaftServerConfigKeys (ConfUtils.java:logGet(43)) - raft.server.staging.catchup.gap = 1000 (default)
2019-07-14 00:59:26,475 INFO  server.RaftServerConfigKeys (ConfUtils.java:logGet(43)) - raft.server.rpc.sleep.time = 25ms (default)
2019-07-14 00:59:26,476 INFO  server.RaftServerConfigKeys (ConfUtils.java:logGet(43)) - raft.server.write.element-limit = 4096 (default)
2019-07-14 00:59:26,476 INFO  server.RaftServerConfigKeys (ConfUtils.java:logGet(43)) - raft.server.watch.timeout = 10s (default)
2019-07-14 00:59:26,476 INFO  server.RaftServerConfigKeys (ConfUtils.java:logGet(43)) - raft.server.watch.timeout.denomination = 1s (default)
2019-07-14 00:59:26,476 INFO  server.RaftServerConfigKeys (ConfUtils.java:logGet(43)) - raft.server.watch.element-limit = 65536 (default)
2019-07-14 00:59:26,479 INFO  server.RaftServerConfigKeys (ConfUtils.java:logGet(43)) - raft.server.log.appender.snapshot.chunk.size.max = 16MB (=16777216) (default)
2019-07-14 00:59:26,480 INFO  server.RaftServerConfigKeys (ConfUtils.java:logGet(43)) - raft.server.log.appender.buffer.byte-limit = 33554432 (custom)
2019-07-14 00:59:26,480 INFO  server.RaftServerConfigKeys (ConfUtils.java:logGet(43)) - raft.server.log.appender.buffer.element-limit = 1 (custom)
2019-07-14 00:59:26,484 INFO  grpc.GrpcConfigKeys$Server (ConfUtils.java:logGet(43)) - raft.grpc.server.leader.outstanding.appends.max = 128 (default)
2019-07-14 00:59:26,486 INFO  server.RaftServerConfigKeys (ConfUtils.java:logGet(43)) - raft.server.rpc.request.timeout = 3000ms (default)
2019-07-14 00:59:26,487 INFO  server.RaftServerConfigKeys (ConfUtils.java:logGet(43)) - raft.server.log.appender.install.snapshot.enabled = false (custom)
2019-07-14 00:59:26,487 INFO  server.RaftServerConfigKeys (ConfUtils.java:logGet(43)) - raft.server.log.appender.snapshot.chunk.size.max = 16MB (=16777216) (default)
2019-07-14 00:59:26,487 INFO  server.RaftServerConfigKeys (ConfUtils.java:logGet(43)) - raft.server.log.appender.buffer.byte-limit = 33554432 (custom)
2019-07-14 00:59:26,487 INFO  server.RaftServerConfigKeys (ConfUtils.java:logGet(43)) - raft.server.log.appender.buffer.element-limit = 1 (custom)
2019-07-14 00:59:26,488 INFO  grpc.GrpcConfigKeys$Server (ConfUtils.java:logGet(43)) - raft.grpc.server.leader.outstanding.appends.max = 128 (default)
2019-07-14 00:59:26,488 INFO  server.RaftServerConfigKeys (ConfUtils.java:logGet(43)) - raft.server.rpc.request.timeout = 3000ms (default)
2019-07-14 00:59:26,488 INFO  server.RaftServerConfigKeys (ConfUtils.java:logGet(43)) - raft.server.log.appender.install.snapshot.enabled = false (custom)
2019-07-14 00:59:26,490 INFO  impl.RoleInfo (RoleInfo.java:updateAndGet(143)) - 7eca1d56-b308-4dc8-ae9d-c28d2a691562: start LeaderState
2019-07-14 00:59:26,490 INFO  segmented.SegmentedRaftLogWorker (SegmentedRaftLogWorker.java:startLogSegment(380)) - 7eca1d56-b308-4dc8-ae9d-c28d2a691562-SegmentedRaftLogWorker:Storage Directory /tmp/workdir/hadoop-ozone/integration-test/target/test-dir/MiniOzoneClusterImpl-764387f4-9493-4923-bec4-d2ba5b458308/datanode-0/data/ratis/4b63ee52-1634-4402-8eee-ba79b928d33d: Starting segment from index:0
2019-07-14 00:59:26,491 INFO  impl.RaftServerImpl (ServerState.java:setRaftConf(361)) - 7eca1d56-b308-4dc8-ae9d-c28d2a691562:group-BA79B928D33D set configuration 0: [452c6e63-a49e-4e87-b905-0b21e6eecd9f:192.168.157.230:38506, 4f59f924-1d30-4041-a3c6-040de151e2c2:192.168.157.230:45403, 7eca1d56-b308-4dc8-ae9d-c28d2a691562:192.168.157.230:44016], old=null at 0
2019-07-14 00:59:26,509 INFO  impl.FollowerState (FollowerState.java:run(106)) - 2a42f5c7-f7b3-41ce-8fa1-309ec562414f:group-C56B407F6E85 changes to CANDIDATE, lastRpcTime:5029, electionTimeout:5026ms
2019-07-14 00:59:26,509 INFO  impl.RoleInfo (RoleInfo.java:shutdownFollowerState(121)) - 2a42f5c7-f7b3-41ce-8fa1-309ec562414f: shutdown FollowerState
2019-07-14 00:59:26,510 INFO  impl.RaftServerImpl (RaftServerImpl.java:setRole(171)) - 2a42f5c7-f7b3-41ce-8fa1-309ec562414f:group-C56B407F6E85 changes role from FOLLOWER to CANDIDATE at term 0 for changeToCandidate
2019-07-14 00:59:26,510 INFO  impl.RoleInfo (RoleInfo.java:updateAndGet(143)) - 2a42f5c7-f7b3-41ce-8fa1-309ec562414f: start LeaderElection
2019-07-14 00:59:26,522 INFO  segmented.SegmentedRaftLogWorker (SegmentedRaftLogWorker.java:execute(569)) - 7eca1d56-b308-4dc8-ae9d-c28d2a691562-SegmentedRaftLogWorker:Storage Directory /tmp/workdir/hadoop-ozone/integration-test/target/test-dir/MiniOzoneClusterImpl-764387f4-9493-4923-bec4-d2ba5b458308/datanode-0/data/ratis/4b63ee52-1634-4402-8eee-ba79b928d33d: created new log segment /tmp/workdir/hadoop-ozone/integration-test/target/test-dir/MiniOzoneClusterImpl-764387f4-9493-4923-bec4-d2ba5b458308/datanode-0/data/ratis/4b63ee52-1634-4402-8eee-ba79b928d33d/current/log_inprogress_0
2019-07-14 00:59:26,522 INFO  impl.LeaderElection (LeaderElection.java:askForVotes(181)) - 2a42f5c7-f7b3-41ce-8fa1-309ec562414f:group-C56B407F6E85:LeaderElection10: begin an election at term 1 for -1: [bbdbccfa-f1e7-44a4-8bfd-ac399083e39c:192.168.157.230:42664, 2a42f5c7-f7b3-41ce-8fa1-309ec562414f:192.168.157.230:40199, d5464623-c0e3-4c98-be34-d1b326a869c9:192.168.157.230:40587], old=null
2019-07-14 00:59:26,543 INFO  impl.RaftServerImpl (RaftServerImpl.java:setRole(171)) - bbdbccfa-f1e7-44a4-8bfd-ac399083e39c:group-C56B407F6E85 changes role from FOLLOWER to FOLLOWER at term 1 for recognizeCandidate:2a42f5c7-f7b3-41ce-8fa1-309ec562414f
2019-07-14 00:59:26,545 INFO  impl.RoleInfo (RoleInfo.java:shutdownFollowerState(121)) - bbdbccfa-f1e7-44a4-8bfd-ac399083e39c: shutdown FollowerState
2019-07-14 00:59:26,547 INFO  impl.RaftServerImpl (RaftServerImpl.java:setRole(171)) - d5464623-c0e3-4c98-be34-d1b326a869c9:group-C56B407F6E85 changes role from FOLLOWER to FOLLOWER at term 1 for recognizeCandidate:2a42f5c7-f7b3-41ce-8fa1-309ec562414f
2019-07-14 00:59:26,547 INFO  impl.FollowerState (FollowerState.java:run(114)) - bbdbccfa-f1e7-44a4-8bfd-ac399083e39c: FollowerState was interrupted: java.lang.InterruptedException: sleep interrupted
2019-07-14 00:59:26,547 INFO  impl.RoleInfo (RoleInfo.java:updateAndGet(143)) - bbdbccfa-f1e7-44a4-8bfd-ac399083e39c: start FollowerState
2019-07-14 00:59:26,547 INFO  impl.RoleInfo (RoleInfo.java:shutdownFollowerState(121)) - d5464623-c0e3-4c98-be34-d1b326a869c9: shutdown FollowerState
2019-07-14 00:59:26,549 INFO  impl.FollowerState (FollowerState.java:run(114)) - d5464623-c0e3-4c98-be34-d1b326a869c9: FollowerState was interrupted: java.lang.InterruptedException: sleep interrupted
2019-07-14 00:59:26,549 INFO  impl.RoleInfo (RoleInfo.java:updateAndGet(143)) - d5464623-c0e3-4c98-be34-d1b326a869c9: start FollowerState
2019-07-14 00:59:26,554 INFO  impl.RaftServerImpl (ServerState.java:setLeader(263)) - 452c6e63-a49e-4e87-b905-0b21e6eecd9f:group-BA79B928D33D change Leader from null to 7eca1d56-b308-4dc8-ae9d-c28d2a691562 at term 1 for appendEntries, leader elected after 5219ms
2019-07-14 00:59:26,554 INFO  impl.RaftServerImpl (ServerState.java:setLeader(263)) - 4f59f924-1d30-4041-a3c6-040de151e2c2:group-BA79B928D33D change Leader from null to 7eca1d56-b308-4dc8-ae9d-c28d2a691562 at term 1 for appendEntries, leader elected after 5220ms
2019-07-14 00:59:26,572 INFO  impl.LeaderElection (LeaderElection.java:logAndReturn(56)) - 2a42f5c7-f7b3-41ce-8fa1-309ec562414f:group-C56B407F6E85:LeaderElection10: Election PASSED; received 1 response(s) [2a42f5c7-f7b3-41ce-8fa1-309ec562414f<-bbdbccfa-f1e7-44a4-8bfd-ac399083e39c#0:OK-t1] and 0 exception(s); 2a42f5c7-f7b3-41ce-8fa1-309ec562414f:t1, leader=null, voted=2a42f5c7-f7b3-41ce-8fa1-309ec562414f, raftlog=2a42f5c7-f7b3-41ce-8fa1-309ec562414f-SegmentedRaftLog:OPENED:c-1,f-1,i0, conf=-1: [bbdbccfa-f1e7-44a4-8bfd-ac399083e39c:192.168.157.230:42664, 2a42f5c7-f7b3-41ce-8fa1-309ec562414f:192.168.157.230:40199, d5464623-c0e3-4c98-be34-d1b326a869c9:192.168.157.230:40587], old=null
2019-07-14 00:59:26,572 INFO  impl.RoleInfo (RoleInfo.java:shutdownLeaderElection(134)) - 2a42f5c7-f7b3-41ce-8fa1-309ec562414f: shutdown LeaderElection
2019-07-14 00:59:26,572 INFO  impl.RaftServerImpl (RaftServerImpl.java:setRole(171)) - 2a42f5c7-f7b3-41ce-8fa1-309ec562414f:group-C56B407F6E85 changes role from CANDIDATE to LEADER at term 1 for changeToLeader
2019-07-14 00:59:26,575 INFO  impl.RaftServerImpl (ServerState.java:setLeader(263)) - 2a42f5c7-f7b3-41ce-8fa1-309ec562414f:group-C56B407F6E85 change Leader from null to 2a42f5c7-f7b3-41ce-8fa1-309ec562414f at term 1 for becomeLeader, leader elected after 5111ms
2019-07-14 00:59:26,575 INFO  server.RaftServerConfigKeys (ConfUtils.java:logGet(43)) - raft.server.staging.catchup.gap = 1000 (default)
2019-07-14 00:59:26,575 INFO  server.RaftServerConfigKeys (ConfUtils.java:logGet(43)) - raft.server.rpc.sleep.time = 25ms (default)
2019-07-14 00:59:26,575 INFO  server.RaftServerConfigKeys (ConfUtils.java:logGet(43)) - raft.server.write.element-limit = 4096 (default)
2019-07-14 00:59:26,575 INFO  server.RaftServerConfigKeys (ConfUtils.java:logGet(43)) - raft.server.watch.timeout = 10s (default)
2019-07-14 00:59:26,576 INFO  server.RaftServerConfigKeys (ConfUtils.java:logGet(43)) - raft.server.watch.timeout.denomination = 1s (default)
2019-07-14 00:59:26,576 INFO  server.RaftServerConfigKeys (ConfUtils.java:logGet(43)) - raft.server.watch.element-limit = 65536 (default)
2019-07-14 00:59:26,576 INFO  server.RaftServerConfigKeys (ConfUtils.java:logGet(43)) - raft.server.log.appender.snapshot.chunk.size.max = 16MB (=16777216) (default)
2019-07-14 00:59:26,576 INFO  server.RaftServerConfigKeys (ConfUtils.java:logGet(43)) - raft.server.log.appender.buffer.byte-limit = 33554432 (custom)
2019-07-14 00:59:26,577 INFO  server.RaftServerConfigKeys (ConfUtils.java:logGet(43)) - raft.server.log.appender.buffer.element-limit = 1 (custom)
2019-07-14 00:59:26,577 INFO  grpc.GrpcConfigKeys$Server (ConfUtils.java:logGet(43)) - raft.grpc.server.leader.outstanding.appends.max = 128 (default)
2019-07-14 00:59:26,577 INFO  server.RaftServerConfigKeys (ConfUtils.java:logGet(43)) - raft.server.rpc.request.timeout = 3000ms (default)
2019-07-14 00:59:26,577 INFO  server.RaftServerConfigKeys (ConfUtils.java:logGet(43)) - raft.server.log.appender.install.snapshot.enabled = false (custom)
2019-07-14 00:59:26,578 INFO  server.RaftServerConfigKeys (ConfUtils.java:logGet(43)) - raft.server.log.appender.snapshot.chunk.size.max = 16MB (=16777216) (default)
2019-07-14 00:59:26,578 INFO  server.RaftServerConfigKeys (ConfUtils.java:logGet(43)) - raft.server.log.appender.buffer.byte-limit = 33554432 (custom)
2019-07-14 00:59:26,578 INFO  server.RaftServerConfigKeys (ConfUtils.java:logGet(43)) - raft.server.log.appender.buffer.element-limit = 1 (custom)
2019-07-14 00:59:26,578 INFO  grpc.GrpcConfigKeys$Server (ConfUtils.java:logGet(43)) - raft.grpc.server.leader.outstanding.appends.max = 128 (default)
2019-07-14 00:59:26,578 INFO  server.RaftServerConfigKeys (ConfUtils.java:logGet(43)) - raft.server.rpc.request.timeout = 3000ms (default)
2019-07-14 00:59:26,579 INFO  server.RaftServerConfigKeys (ConfUtils.java:logGet(43)) - raft.server.log.appender.install.snapshot.enabled = false (custom)
2019-07-14 00:59:26,579 INFO  impl.RoleInfo (RoleInfo.java:updateAndGet(143)) - 2a42f5c7-f7b3-41ce-8fa1-309ec562414f: start LeaderState
2019-07-14 00:59:26,579 INFO  segmented.SegmentedRaftLogWorker (SegmentedRaftLogWorker.java:startLogSegment(380)) - 2a42f5c7-f7b3-41ce-8fa1-309ec562414f-SegmentedRaftLogWorker:Storage Directory /tmp/workdir/hadoop-ozone/integration-test/target/test-dir/MiniOzoneClusterImpl-764387f4-9493-4923-bec4-d2ba5b458308/datanode-3/data/ratis/a6aaa2f3-cba6-41bb-9237-c56b407f6e85: Starting segment from index:0
2019-07-14 00:59:26,580 INFO  impl.RaftServerImpl (ServerState.java:setRaftConf(361)) - 2a42f5c7-f7b3-41ce-8fa1-309ec562414f:group-C56B407F6E85 set configuration 0: [bbdbccfa-f1e7-44a4-8bfd-ac399083e39c:192.168.157.230:42664, 2a42f5c7-f7b3-41ce-8fa1-309ec562414f:192.168.157.230:40199, d5464623-c0e3-4c98-be34-d1b326a869c9:192.168.157.230:40587], old=null at 0
2019-07-14 00:59:26,608 INFO  impl.RaftServerImpl (ServerState.java:setLeader(263)) - bbdbccfa-f1e7-44a4-8bfd-ac399083e39c:group-C56B407F6E85 change Leader from null to 2a42f5c7-f7b3-41ce-8fa1-309ec562414f at term 1 for appendEntries, leader elected after 5144ms
2019-07-14 00:59:26,608 INFO  impl.RaftServerImpl (ServerState.java:setLeader(263)) - d5464623-c0e3-4c98-be34-d1b326a869c9:group-C56B407F6E85 change Leader from null to 2a42f5c7-f7b3-41ce-8fa1-309ec562414f at term 1 for appendEntries, leader elected after 5145ms
2019-07-14 00:59:26,611 INFO  segmented.SegmentedRaftLogWorker (SegmentedRaftLogWorker.java:execute(569)) - 2a42f5c7-f7b3-41ce-8fa1-309ec562414f-SegmentedRaftLogWorker:Storage Directory /tmp/workdir/hadoop-ozone/integration-test/target/test-dir/MiniOzoneClusterImpl-764387f4-9493-4923-bec4-d2ba5b458308/datanode-3/data/ratis/a6aaa2f3-cba6-41bb-9237-c56b407f6e85: created new log segment /tmp/workdir/hadoop-ozone/integration-test/target/test-dir/MiniOzoneClusterImpl-764387f4-9493-4923-bec4-d2ba5b458308/datanode-3/data/ratis/a6aaa2f3-cba6-41bb-9237-c56b407f6e85/current/log_inprogress_0
2019-07-14 00:59:26,620 INFO  impl.RaftServerImpl (ServerState.java:setRaftConf(361)) - bbdbccfa-f1e7-44a4-8bfd-ac399083e39c:group-C56B407F6E85 set configuration 0: [bbdbccfa-f1e7-44a4-8bfd-ac399083e39c:192.168.157.230:42664, 2a42f5c7-f7b3-41ce-8fa1-309ec562414f:192.168.157.230:40199, d5464623-c0e3-4c98-be34-d1b326a869c9:192.168.157.230:40587], old=null at 0
2019-07-14 00:59:26,620 INFO  impl.RaftServerImpl (ServerState.java:setRaftConf(361)) - d5464623-c0e3-4c98-be34-d1b326a869c9:group-C56B407F6E85 set configuration 0: [bbdbccfa-f1e7-44a4-8bfd-ac399083e39c:192.168.157.230:42664, 2a42f5c7-f7b3-41ce-8fa1-309ec562414f:192.168.157.230:40199, d5464623-c0e3-4c98-be34-d1b326a869c9:192.168.157.230:40587], old=null at 0
2019-07-14 00:59:26,620 INFO  impl.RaftServerImpl (ServerState.java:setRaftConf(361)) - 4f59f924-1d30-4041-a3c6-040de151e2c2:group-BA79B928D33D set configuration 0: [452c6e63-a49e-4e87-b905-0b21e6eecd9f:192.168.157.230:38506, 4f59f924-1d30-4041-a3c6-040de151e2c2:192.168.157.230:45403, 7eca1d56-b308-4dc8-ae9d-c28d2a691562:192.168.157.230:44016], old=null at 0
2019-07-14 00:59:26,620 INFO  impl.RaftServerImpl (ServerState.java:setRaftConf(361)) - 452c6e63-a49e-4e87-b905-0b21e6eecd9f:group-BA79B928D33D set configuration 0: [452c6e63-a49e-4e87-b905-0b21e6eecd9f:192.168.157.230:38506, 4f59f924-1d30-4041-a3c6-040de151e2c2:192.168.157.230:45403, 7eca1d56-b308-4dc8-ae9d-c28d2a691562:192.168.157.230:44016], old=null at 0
2019-07-14 00:59:26,622 INFO  segmented.SegmentedRaftLogWorker (SegmentedRaftLogWorker.java:startLogSegment(380)) - 4f59f924-1d30-4041-a3c6-040de151e2c2-SegmentedRaftLogWorker:Storage Directory /tmp/workdir/hadoop-ozone/integration-test/target/test-dir/MiniOzoneClusterImpl-764387f4-9493-4923-bec4-d2ba5b458308/datanode-4/data/ratis/4b63ee52-1634-4402-8eee-ba79b928d33d: Starting segment from index:0
2019-07-14 00:59:26,622 INFO  segmented.SegmentedRaftLogWorker (SegmentedRaftLogWorker.java:startLogSegment(380)) - d5464623-c0e3-4c98-be34-d1b326a869c9-SegmentedRaftLogWorker:Storage Directory /tmp/workdir/hadoop-ozone/integration-test/target/test-dir/MiniOzoneClusterImpl-764387f4-9493-4923-bec4-d2ba5b458308/datanode-6/data/ratis/a6aaa2f3-cba6-41bb-9237-c56b407f6e85: Starting segment from index:0
2019-07-14 00:59:26,622 INFO  segmented.SegmentedRaftLogWorker (SegmentedRaftLogWorker.java:startLogSegment(380)) - bbdbccfa-f1e7-44a4-8bfd-ac399083e39c-SegmentedRaftLogWorker:Storage Directory /tmp/workdir/hadoop-ozone/integration-test/target/test-dir/MiniOzoneClusterImpl-764387f4-9493-4923-bec4-d2ba5b458308/datanode-5/data/ratis/a6aaa2f3-cba6-41bb-9237-c56b407f6e85: Starting segment from index:0
2019-07-14 00:59:26,623 INFO  segmented.SegmentedRaftLogWorker (SegmentedRaftLogWorker.java:startLogSegment(380)) - 452c6e63-a49e-4e87-b905-0b21e6eecd9f-SegmentedRaftLogWorker:Storage Directory /tmp/workdir/hadoop-ozone/integration-test/target/test-dir/MiniOzoneClusterImpl-764387f4-9493-4923-bec4-d2ba5b458308/datanode-2/data/ratis/4b63ee52-1634-4402-8eee-ba79b928d33d: Starting segment from index:0
2019-07-14 00:59:26,653 INFO  segmented.SegmentedRaftLogWorker (SegmentedRaftLogWorker.java:execute(569)) - 4f59f924-1d30-4041-a3c6-040de151e2c2-SegmentedRaftLogWorker:Storage Directory /tmp/workdir/hadoop-ozone/integration-test/target/test-dir/MiniOzoneClusterImpl-764387f4-9493-4923-bec4-d2ba5b458308/datanode-4/data/ratis/4b63ee52-1634-4402-8eee-ba79b928d33d: created new log segment /tmp/workdir/hadoop-ozone/integration-test/target/test-dir/MiniOzoneClusterImpl-764387f4-9493-4923-bec4-d2ba5b458308/datanode-4/data/ratis/4b63ee52-1634-4402-8eee-ba79b928d33d/current/log_inprogress_0
2019-07-14 00:59:26,653 INFO  segmented.SegmentedRaftLogWorker (SegmentedRaftLogWorker.java:execute(569)) - 452c6e63-a49e-4e87-b905-0b21e6eecd9f-SegmentedRaftLogWorker:Storage Directory /tmp/workdir/hadoop-ozone/integration-test/target/test-dir/MiniOzoneClusterImpl-764387f4-9493-4923-bec4-d2ba5b458308/datanode-2/data/ratis/4b63ee52-1634-4402-8eee-ba79b928d33d: created new log segment /tmp/workdir/hadoop-ozone/integration-test/target/test-dir/MiniOzoneClusterImpl-764387f4-9493-4923-bec4-d2ba5b458308/datanode-2/data/ratis/4b63ee52-1634-4402-8eee-ba79b928d33d/current/log_inprogress_0
2019-07-14 00:59:26,668 INFO  segmented.SegmentedRaftLogWorker (SegmentedRaftLogWorker.java:execute(569)) - d5464623-c0e3-4c98-be34-d1b326a869c9-SegmentedRaftLogWorker:Storage Directory /tmp/workdir/hadoop-ozone/integration-test/target/test-dir/MiniOzoneClusterImpl-764387f4-9493-4923-bec4-d2ba5b458308/datanode-6/data/ratis/a6aaa2f3-cba6-41bb-9237-c56b407f6e85: created new log segment /tmp/workdir/hadoop-ozone/integration-test/target/test-dir/MiniOzoneClusterImpl-764387f4-9493-4923-bec4-d2ba5b458308/datanode-6/data/ratis/a6aaa2f3-cba6-41bb-9237-c56b407f6e85/current/log_inprogress_0
2019-07-14 00:59:26,668 INFO  segmented.SegmentedRaftLogWorker (SegmentedRaftLogWorker.java:execute(569)) - bbdbccfa-f1e7-44a4-8bfd-ac399083e39c-SegmentedRaftLogWorker:Storage Directory /tmp/workdir/hadoop-ozone/integration-test/target/test-dir/MiniOzoneClusterImpl-764387f4-9493-4923-bec4-d2ba5b458308/datanode-5/data/ratis/a6aaa2f3-cba6-41bb-9237-c56b407f6e85: created new log segment /tmp/workdir/hadoop-ozone/integration-test/target/test-dir/MiniOzoneClusterImpl-764387f4-9493-4923-bec4-d2ba5b458308/datanode-5/data/ratis/a6aaa2f3-cba6-41bb-9237-c56b407f6e85/current/log_inprogress_0
2019-07-14 00:59:26,691 INFO  client.GrpcClientProtocolClient (GrpcClientProtocolClient.java:onNext(255)) - client-0BB0B700E90E->d5464623-c0e3-4c98-be34-d1b326a869c9: receive RaftClientReply:client-0BB0B700E90E->d5464623-c0e3-4c98-be34-d1b326a869c9@group-C56B407F6E85, cid=13, FAILED org.apache.ratis.protocol.NotLeaderException: Server d5464623-c0e3-4c98-be34-d1b326a869c9 is not the leader (2a42f5c7-f7b3-41ce-8fa1-309ec562414f:192.168.157.230:40199). Request must be sent to leader., logIndex=0, commits[d5464623-c0e3-4c98-be34-d1b326a869c9:c-1, bbdbccfa-f1e7-44a4-8bfd-ac399083e39c:c-1, 2a42f5c7-f7b3-41ce-8fa1-309ec562414f:c-1]
2019-07-14 00:59:26,946 INFO  client.GrpcClientProtocolClient (GrpcClientProtocolClient.java:onNext(255)) - client-0BB0B700E90E->2a42f5c7-f7b3-41ce-8fa1-309ec562414f: receive RaftClientReply:client-0BB0B700E90E->2a42f5c7-f7b3-41ce-8fa1-309ec562414f@group-C56B407F6E85, cid=13, SUCCESS, logIndex=1, commits[2a42f5c7-f7b3-41ce-8fa1-309ec562414f:c1, bbdbccfa-f1e7-44a4-8bfd-ac399083e39c:c0, d5464623-c0e3-4c98-be34-d1b326a869c9:c0]
2019-07-14 00:59:27,010 INFO  container.CloseContainerEventHandler (CloseContainerEventHandler.java:onMessage(61)) - Close container Event triggered for container : #1
2019-07-14 00:59:27,015 INFO  container.CloseContainerEventHandler (CloseContainerEventHandler.java:onMessage(61)) - Close container Event triggered for container : #1
2019-07-14 00:59:27,015 INFO  container.CloseContainerEventHandler (CloseContainerEventHandler.java:onMessage(61)) - Close container Event triggered for container : #1
2019-07-14 00:59:27,071 INFO  client.GrpcClientProtocolClient (GrpcClientProtocolClient.java:onNext(255)) - client-0BB0B700E90E->2a42f5c7-f7b3-41ce-8fa1-309ec562414f: receive RaftClientReply:client-0BB0B700E90E->2a42f5c7-f7b3-41ce-8fa1-309ec562414f@group-C56B407F6E85, cid=14, SUCCESS, logIndex=3, commits[2a42f5c7-f7b3-41ce-8fa1-309ec562414f:c4, bbdbccfa-f1e7-44a4-8bfd-ac399083e39c:c3, d5464623-c0e3-4c98-be34-d1b326a869c9:c3]
2019-07-14 00:59:28,940 INFO  interfaces.Container (KeyValueContainer.java:compactDB(356)) - Container 1 is closed with bcsId 3.
2019-07-14 00:59:28,962 INFO  interfaces.Container (KeyValueContainer.java:compactDB(356)) - Container 1 is closed with bcsId 3.
2019-07-14 00:59:28,975 INFO  interfaces.Container (KeyValueContainer.java:compactDB(356)) - Container 1 is closed with bcsId 3.
00:59:29.036 [grpc-default-executor-3] ERROR DNAudit - user=null | ip=null | op=WRITE_CHUNK {blockData=conID: 1 locID: 102437090905948161 bcsId: 3} | ret=FAILURE
org.apache.hadoop.hdds.scm.container.common.helpers.ContainerNotOpenException: Container 1 in CLOSED state
	at org.apache.hadoop.ozone.container.common.impl.HddsDispatcher.validateContainerCommand(HddsDispatcher.java:408) ~[hadoop-hdds-container-service-0.5.0-SNAPSHOT.jar:?]
	at org.apache.hadoop.ozone.container.common.transport.server.ratis.ContainerStateMachine.startTransaction(ContainerStateMachine.java:271) ~[hadoop-hdds-container-service-0.5.0-SNAPSHOT.jar:?]
	at org.apache.ratis.server.impl.RaftServerImpl.submitClientRequestAsync(RaftServerImpl.java:566) ~[ratis-server-0.4.0-2337318-SNAPSHOT.jar:0.4.0-2337318-SNAPSHOT]
	at org.apache.ratis.server.impl.RaftServerProxy.lambda$submitClientRequestAsync$7(RaftServerProxy.java:333) ~[ratis-server-0.4.0-2337318-SNAPSHOT.jar:0.4.0-2337318-SNAPSHOT]
	at org.apache.ratis.server.impl.RaftServerProxy.lambda$null$5(RaftServerProxy.java:328) ~[ratis-server-0.4.0-2337318-SNAPSHOT.jar:0.4.0-2337318-SNAPSHOT]
	at org.apache.ratis.util.JavaUtils.callAsUnchecked(JavaUtils.java:109) ~[ratis-common-0.4.0-2337318-SNAPSHOT.jar:0.4.0-2337318-SNAPSHOT]
	at org.apache.ratis.server.impl.RaftServerProxy.lambda$submitRequest$6(RaftServerProxy.java:328) ~[ratis-server-0.4.0-2337318-SNAPSHOT.jar:0.4.0-2337318-SNAPSHOT]
	at java.util.concurrent.CompletableFuture.uniComposeStage(CompletableFuture.java:981) ~[?:1.8.0_212]
	at java.util.concurrent.CompletableFuture.thenCompose(CompletableFuture.java:2124) ~[?:1.8.0_212]
	at org.apache.ratis.server.impl.RaftServerProxy.submitRequest(RaftServerProxy.java:327) ~[ratis-server-0.4.0-2337318-SNAPSHOT.jar:0.4.0-2337318-SNAPSHOT]
	at org.apache.ratis.server.impl.RaftServerProxy.submitClientRequestAsync(RaftServerProxy.java:333) ~[ratis-server-0.4.0-2337318-SNAPSHOT.jar:0.4.0-2337318-SNAPSHOT]
	at org.apache.ratis.grpc.client.GrpcClientProtocolService$RequestStreamObserver.processClientRequest(GrpcClientProtocolService.java:220) ~[ratis-grpc-0.4.0-2337318-SNAPSHOT.jar:0.4.0-2337318-SNAPSHOT]
	at org.apache.ratis.grpc.client.GrpcClientProtocolService$OrderedRequestStreamObserver.processClientRequest(GrpcClientProtocolService.java:326) ~[ratis-grpc-0.4.0-2337318-SNAPSHOT.jar:0.4.0-2337318-SNAPSHOT]
	at org.apache.ratis.util.SlidingWindow$Server.processRequestsFromHead(SlidingWindow.java:429) [ratis-common-0.4.0-2337318-SNAPSHOT.jar:0.4.0-2337318-SNAPSHOT]
	at org.apache.ratis.util.SlidingWindow$Server.receivedRequest(SlidingWindow.java:421) [ratis-common-0.4.0-2337318-SNAPSHOT.jar:0.4.0-2337318-SNAPSHOT]
	at org.apache.ratis.grpc.client.GrpcClientProtocolService$OrderedRequestStreamObserver.processClientRequest(GrpcClientProtocolService.java:345) [ratis-grpc-0.4.0-2337318-SNAPSHOT.jar:0.4.0-2337318-SNAPSHOT]
	at org.apache.ratis.grpc.client.GrpcClientProtocolService$RequestStreamObserver.onNext(GrpcClientProtocolService.java:240) [ratis-grpc-0.4.0-2337318-SNAPSHOT.jar:0.4.0-2337318-SNAPSHOT]
	at org.apache.ratis.grpc.client.GrpcClientProtocolService$RequestStreamObserver.onNext(GrpcClientProtocolService.java:168) [ratis-grpc-0.4.0-2337318-SNAPSHOT.jar:0.4.0-2337318-SNAPSHOT]
	at org.apache.ratis.thirdparty.io.grpc.stub.ServerCalls$StreamingServerCallHandler$StreamingServerCallListener.onMessage(ServerCalls.java:248) [ratis-thirdparty-misc-0.2.0.jar:0.2.0]
	at org.apache.ratis.thirdparty.io.grpc.internal.ServerCallImpl$ServerStreamListenerImpl.messagesAvailable(ServerCallImpl.java:263) [ratis-thirdparty-misc-0.2.0.jar:0.2.0]
	at org.apache.ratis.thirdparty.io.grpc.internal.ServerImpl$JumpToApplicationThreadServerStreamListener$1MessagesAvailable.runInContext(ServerImpl.java:686) [ratis-thirdparty-misc-0.2.0.jar:0.2.0]
	at org.apache.ratis.thirdparty.io.grpc.internal.ContextRunnable.run(ContextRunnable.java:37) [ratis-thirdparty-misc-0.2.0.jar:0.2.0]
	at org.apache.ratis.thirdparty.io.grpc.internal.SerializingExecutor.run(SerializingExecutor.java:123) [ratis-thirdparty-misc-0.2.0.jar:0.2.0]
	at java.util.concurrent.ThreadPoolExecutor.runWorker(ThreadPoolExecutor.java:1149) [?:1.8.0_212]
	at java.util.concurrent.ThreadPoolExecutor$Worker.run(ThreadPoolExecutor.java:624) [?:1.8.0_212]
	at java.lang.Thread.run(Thread.java:748) [?:1.8.0_212]
00:59:29.082 [grpc-default-executor-3] ERROR DNAudit - user=null | ip=null | op=PUT_BLOCK {blockData=[blockId=conID: 1 locID: 102437090905948161 bcsId: 0,size=2097152]} | ret=FAILURE
org.apache.hadoop.hdds.scm.container.common.helpers.ContainerNotOpenException: Container 1 in CLOSED state
	at org.apache.hadoop.ozone.container.common.impl.HddsDispatcher.validateContainerCommand(HddsDispatcher.java:408) ~[hadoop-hdds-container-service-0.5.0-SNAPSHOT.jar:?]
	at org.apache.hadoop.ozone.container.common.transport.server.ratis.ContainerStateMachine.startTransaction(ContainerStateMachine.java:271) ~[hadoop-hdds-container-service-0.5.0-SNAPSHOT.jar:?]
	at org.apache.ratis.server.impl.RaftServerImpl.submitClientRequestAsync(RaftServerImpl.java:566) ~[ratis-server-0.4.0-2337318-SNAPSHOT.jar:0.4.0-2337318-SNAPSHOT]
	at org.apache.ratis.server.impl.RaftServerProxy.lambda$submitClientRequestAsync$7(RaftServerProxy.java:333) ~[ratis-server-0.4.0-2337318-SNAPSHOT.jar:0.4.0-2337318-SNAPSHOT]
	at org.apache.ratis.server.impl.RaftServerProxy.lambda$null$5(RaftServerProxy.java:328) ~[ratis-server-0.4.0-2337318-SNAPSHOT.jar:0.4.0-2337318-SNAPSHOT]
	at org.apache.ratis.util.JavaUtils.callAsUnchecked(JavaUtils.java:109) ~[ratis-common-0.4.0-2337318-SNAPSHOT.jar:0.4.0-2337318-SNAPSHOT]
	at org.apache.ratis.server.impl.RaftServerProxy.lambda$submitRequest$6(RaftServerProxy.java:328) ~[ratis-server-0.4.0-2337318-SNAPSHOT.jar:0.4.0-2337318-SNAPSHOT]
	at java.util.concurrent.CompletableFuture.uniComposeStage(CompletableFuture.java:981) ~[?:1.8.0_212]
	at java.util.concurrent.CompletableFuture.thenCompose(CompletableFuture.java:2124) ~[?:1.8.0_212]
	at org.apache.ratis.server.impl.RaftServerProxy.submitRequest(RaftServerProxy.java:327) ~[ratis-server-0.4.0-2337318-SNAPSHOT.jar:0.4.0-2337318-SNAPSHOT]
	at org.apache.ratis.server.impl.RaftServerProxy.submitClientRequestAsync(RaftServerProxy.java:333) ~[ratis-server-0.4.0-2337318-SNAPSHOT.jar:0.4.0-2337318-SNAPSHOT]
	at org.apache.ratis.grpc.client.GrpcClientProtocolService$RequestStreamObserver.processClientRequest(GrpcClientProtocolService.java:220) ~[ratis-grpc-0.4.0-2337318-SNAPSHOT.jar:0.4.0-2337318-SNAPSHOT]
	at org.apache.ratis.grpc.client.GrpcClientProtocolService$OrderedRequestStreamObserver.processClientRequest(GrpcClientProtocolService.java:326) ~[ratis-grpc-0.4.0-2337318-SNAPSHOT.jar:0.4.0-2337318-SNAPSHOT]
	at org.apache.ratis.util.SlidingWindow$Server.processRequestsFromHead(SlidingWindow.java:429) [ratis-common-0.4.0-2337318-SNAPSHOT.jar:0.4.0-2337318-SNAPSHOT]
	at org.apache.ratis.util.SlidingWindow$Server.receivedRequest(SlidingWindow.java:421) [ratis-common-0.4.0-2337318-SNAPSHOT.jar:0.4.0-2337318-SNAPSHOT]
	at org.apache.ratis.grpc.client.GrpcClientProtocolService$OrderedRequestStreamObserver.processClientRequest(GrpcClientProtocolService.java:345) [ratis-grpc-0.4.0-2337318-SNAPSHOT.jar:0.4.0-2337318-SNAPSHOT]
	at org.apache.ratis.grpc.client.GrpcClientProtocolService$RequestStreamObserver.onNext(GrpcClientProtocolService.java:240) [ratis-grpc-0.4.0-2337318-SNAPSHOT.jar:0.4.0-2337318-SNAPSHOT]
	at org.apache.ratis.grpc.client.GrpcClientProtocolService$RequestStreamObserver.onNext(GrpcClientProtocolService.java:168) [ratis-grpc-0.4.0-2337318-SNAPSHOT.jar:0.4.0-2337318-SNAPSHOT]
	at org.apache.ratis.thirdparty.io.grpc.stub.ServerCalls$StreamingServerCallHandler$StreamingServerCallListener.onMessage(ServerCalls.java:248) [ratis-thirdparty-misc-0.2.0.jar:0.2.0]
	at org.apache.ratis.thirdparty.io.grpc.internal.ServerCallImpl$ServerStreamListenerImpl.messagesAvailable(ServerCallImpl.java:263) [ratis-thirdparty-misc-0.2.0.jar:0.2.0]
	at org.apache.ratis.thirdparty.io.grpc.internal.ServerImpl$JumpToApplicationThreadServerStreamListener$1MessagesAvailable.runInContext(ServerImpl.java:686) [ratis-thirdparty-misc-0.2.0.jar:0.2.0]
	at org.apache.ratis.thirdparty.io.grpc.internal.ContextRunnable.run(ContextRunnable.java:37) [ratis-thirdparty-misc-0.2.0.jar:0.2.0]
	at org.apache.ratis.thirdparty.io.grpc.internal.SerializingExecutor.run(SerializingExecutor.java:123) [ratis-thirdparty-misc-0.2.0.jar:0.2.0]
	at java.util.concurrent.ThreadPoolExecutor.runWorker(ThreadPoolExecutor.java:1149) [?:1.8.0_212]
	at java.util.concurrent.ThreadPoolExecutor$Worker.run(ThreadPoolExecutor.java:624) [?:1.8.0_212]
	at java.lang.Thread.run(Thread.java:748) [?:1.8.0_212]
2019-07-14 00:59:29,095 INFO  client.GrpcClientProtocolClient (GrpcClientProtocolClient.java:onNext(255)) - client-0BB0B700E90E->2a42f5c7-f7b3-41ce-8fa1-309ec562414f: receive RaftClientReply:client-0BB0B700E90E->2a42f5c7-f7b3-41ce-8fa1-309ec562414f@group-C56B407F6E85, cid=15, FAILED org.apache.ratis.protocol.StateMachineException: org.apache.hadoop.hdds.scm.container.common.helpers.ContainerNotOpenException from Server 2a42f5c7-f7b3-41ce-8fa1-309ec562414f: Container 1 in CLOSED state, logIndex=0, commits[2a42f5c7-f7b3-41ce-8fa1-309ec562414f:c6, bbdbccfa-f1e7-44a4-8bfd-ac399083e39c:c5, d5464623-c0e3-4c98-be34-d1b326a869c9:c5]
2019-07-14 00:59:29,098 INFO  client.GrpcClientProtocolClient (GrpcClientProtocolClient.java:onNext(255)) - client-0BB0B700E90E->2a42f5c7-f7b3-41ce-8fa1-309ec562414f: receive RaftClientReply:client-0BB0B700E90E->2a42f5c7-f7b3-41ce-8fa1-309ec562414f@group-C56B407F6E85, cid=16, FAILED org.apache.ratis.protocol.StateMachineException: org.apache.hadoop.hdds.scm.container.common.helpers.ContainerNotOpenException from Server 2a42f5c7-f7b3-41ce-8fa1-309ec562414f: Container 1 in CLOSED state, logIndex=0, commits[2a42f5c7-f7b3-41ce-8fa1-309ec562414f:c6, bbdbccfa-f1e7-44a4-8bfd-ac399083e39c:c5, d5464623-c0e3-4c98-be34-d1b326a869c9:c5]
2019-07-14 00:59:29,270 INFO  client.GrpcClientProtocolClient (GrpcClientProtocolClient.java:onNext(255)) - client-0BB0B700E90E->2a42f5c7-f7b3-41ce-8fa1-309ec562414f: receive RaftClientReply:client-0BB0B700E90E->2a42f5c7-f7b3-41ce-8fa1-309ec562414f@group-C56B407F6E85, cid=17, SUCCESS, logIndex=7, commits[2a42f5c7-f7b3-41ce-8fa1-309ec562414f:c9, bbdbccfa-f1e7-44a4-8bfd-ac399083e39c:c6, d5464623-c0e3-4c98-be34-d1b326a869c9:c6]
2019-07-14 00:59:29,328 INFO  client.GrpcClientProtocolClient (GrpcClientProtocolClient.java:onNext(255)) - client-0BB0B700E90E->2a42f5c7-f7b3-41ce-8fa1-309ec562414f: receive RaftClientReply:client-0BB0B700E90E->2a42f5c7-f7b3-41ce-8fa1-309ec562414f@group-C56B407F6E85, cid=18, SUCCESS, logIndex=8, commits[2a42f5c7-f7b3-41ce-8fa1-309ec562414f:c14, bbdbccfa-f1e7-44a4-8bfd-ac399083e39c:c10, d5464623-c0e3-4c98-be34-d1b326a869c9:c10]
2019-07-14 00:59:29,333 INFO  client.GrpcClientProtocolClient (GrpcClientProtocolClient.java:onNext(255)) - client-0BB0B700E90E->2a42f5c7-f7b3-41ce-8fa1-309ec562414f: receive RaftClientReply:client-0BB0B700E90E->2a42f5c7-f7b3-41ce-8fa1-309ec562414f@group-C56B407F6E85, cid=19, SUCCESS, logIndex=9, commits[2a42f5c7-f7b3-41ce-8fa1-309ec562414f:c14, bbdbccfa-f1e7-44a4-8bfd-ac399083e39c:c10, d5464623-c0e3-4c98-be34-d1b326a869c9:c10]
2019-07-14 00:59:29,407 INFO  client.GrpcClientProtocolClient (GrpcClientProtocolClient.java:onNext(255)) - client-0BB0B700E90E->2a42f5c7-f7b3-41ce-8fa1-309ec562414f: receive RaftClientReply:client-0BB0B700E90E->2a42f5c7-f7b3-41ce-8fa1-309ec562414f@group-C56B407F6E85, cid=20, SUCCESS, logIndex=10, commits[2a42f5c7-f7b3-41ce-8fa1-309ec562414f:c14, bbdbccfa-f1e7-44a4-8bfd-ac399083e39c:c10, d5464623-c0e3-4c98-be34-d1b326a869c9:c10]
2019-07-14 00:59:29,496 INFO  pipeline.Pipeline (Pipeline.java:getProtobufMessage(195)) - Serialize pipeline PipelineID=a6aaa2f3-cba6-41bb-9237-c56b407f6e85 with nodesInOrder{ }
2019-07-14 00:59:29,498 INFO  pipeline.Pipeline (Pipeline.java:build(342)) - Deserialize nodesInOrder [d5464623-c0e3-4c98-be34-d1b326a869c9{ip: 192.168.157.230, host: trunk-nightly-sxkq5-3320257302, networkLocation: /default-rack, certSerialId: null}, d5464623-c0e3-4c98-be34-d1b326a869c9{ip: 192.168.157.230, host: trunk-nightly-sxkq5-3320257302, networkLocation: /default-rack, certSerialId: null}, d5464623-c0e3-4c98-be34-d1b326a869c9{ip: 192.168.157.230, host: trunk-nightly-sxkq5-3320257302, networkLocation: /default-rack, certSerialId: null}] in pipeline PipelineID=a6aaa2f3-cba6-41bb-9237-c56b407f6e85
]]></system-out>
    <system-err><![CDATA[ERROR StatusLogger No Log4j 2 configuration file found. Using default configuration (logging only errors to the console), or user programmatically provided configurations. Set system property 'log4j2.debug' to show Log4j 2 internal initialization logging. See https://logging.apache.org/log4j/2.x/manual/configuration.html for instructions on how to configure Log4j 2
Jul 14, 2019 12:59:14 AM com.sun.jersey.server.impl.application.WebApplicationImpl _initiate
INFO: Initiating Jersey application, version 'Jersey: 1.19 02/11/2015 03:25 AM'
Jul 14, 2019 12:59:15 AM com.sun.jersey.server.impl.application.WebApplicationImpl _initiate
INFO: Initiating Jersey application, version 'Jersey: 1.19 02/11/2015 03:25 AM'
Jul 14, 2019 12:59:15 AM com.sun.jersey.server.impl.application.WebApplicationImpl _initiate
INFO: Initiating Jersey application, version 'Jersey: 1.19 02/11/2015 03:25 AM'
Jul 14, 2019 12:59:15 AM com.sun.jersey.server.impl.application.WebApplicationImpl _initiate
INFO: Initiating Jersey application, version 'Jersey: 1.19 02/11/2015 03:25 AM'
Jul 14, 2019 12:59:16 AM com.sun.jersey.server.impl.application.WebApplicationImpl _initiate
INFO: Initiating Jersey application, version 'Jersey: 1.19 02/11/2015 03:25 AM'
Jul 14, 2019 12:59:16 AM com.sun.jersey.server.impl.application.WebApplicationImpl _initiate
INFO: Initiating Jersey application, version 'Jersey: 1.19 02/11/2015 03:25 AM'
Jul 14, 2019 12:59:16 AM com.sun.jersey.server.impl.application.WebApplicationImpl _initiate
INFO: Initiating Jersey application, version 'Jersey: 1.19 02/11/2015 03:25 AM'
]]></system-err>
  </testcase>
  <testcase name="testBlockWritesWithFlushAndClose" classname="org.apache.hadoop.ozone.client.rpc.TestCloseContainerHandlingByClient" time="2.975">
    <error type="java.lang.IllegalArgumentException">java.lang.IllegalArgumentException
	at com.google.common.base.Preconditions.checkArgument(Preconditions.java:72)
	at org.apache.hadoop.hdds.scm.XceiverClientManager.acquireClient(XceiverClientManager.java:150)
	at org.apache.hadoop.hdds.scm.XceiverClientManager.acquireClientForReadData(XceiverClientManager.java:143)
	at org.apache.hadoop.hdds.scm.storage.BlockInputStream.getChunkInfos(BlockInputStream.java:154)
	at org.apache.hadoop.hdds.scm.storage.BlockInputStream.initialize(BlockInputStream.java:118)
	at org.apache.hadoop.hdds.scm.storage.BlockInputStream.read(BlockInputStream.java:222)
	at org.apache.hadoop.ozone.client.io.KeyInputStream.read(KeyInputStream.java:171)
	at org.apache.hadoop.ozone.client.io.OzoneInputStream.read(OzoneInputStream.java:47)
	at java.io.InputStream.read(InputStream.java:101)
	at org.apache.hadoop.ozone.container.ContainerTestHelper.validateData(ContainerTestHelper.java:709)
	at org.apache.hadoop.ozone.client.rpc.TestCloseContainerHandlingByClient.validateData(TestCloseContainerHandlingByClient.java:401)
	at org.apache.hadoop.ozone.client.rpc.TestCloseContainerHandlingByClient.testBlockWritesWithFlushAndClose(TestCloseContainerHandlingByClient.java:150)
	at sun.reflect.NativeMethodAccessorImpl.invoke0(Native Method)
	at sun.reflect.NativeMethodAccessorImpl.invoke(NativeMethodAccessorImpl.java:62)
	at sun.reflect.DelegatingMethodAccessorImpl.invoke(DelegatingMethodAccessorImpl.java:43)
	at java.lang.reflect.Method.invoke(Method.java:498)
	at org.junit.runners.model.FrameworkMethod$1.runReflectiveCall(FrameworkMethod.java:47)
	at org.junit.internal.runners.model.ReflectiveCallable.run(ReflectiveCallable.java:12)
	at org.junit.runners.model.FrameworkMethod.invokeExplosively(FrameworkMethod.java:44)
	at org.junit.internal.runners.statements.InvokeMethod.evaluate(InvokeMethod.java:17)
	at org.junit.runners.ParentRunner.runLeaf(ParentRunner.java:271)
	at org.junit.runners.BlockJUnit4ClassRunner.runChild(BlockJUnit4ClassRunner.java:70)
	at org.junit.runners.BlockJUnit4ClassRunner.runChild(BlockJUnit4ClassRunner.java:50)
	at org.junit.runners.ParentRunner$3.run(ParentRunner.java:238)
	at org.junit.runners.ParentRunner$1.schedule(ParentRunner.java:63)
	at org.junit.runners.ParentRunner.runChildren(ParentRunner.java:236)
	at org.junit.runners.ParentRunner.access$000(ParentRunner.java:53)
	at org.junit.runners.ParentRunner$2.evaluate(ParentRunner.java:229)
	at org.junit.internal.runners.statements.RunBefores.evaluate(RunBefores.java:26)
	at org.junit.internal.runners.statements.RunAfters.evaluate(RunAfters.java:27)
	at org.junit.runners.ParentRunner.run(ParentRunner.java:309)
	at org.apache.maven.surefire.junit4.JUnit4Provider.execute(JUnit4Provider.java:365)
	at org.apache.maven.surefire.junit4.JUnit4Provider.executeWithRerun(JUnit4Provider.java:273)
	at org.apache.maven.surefire.junit4.JUnit4Provider.executeTestSet(JUnit4Provider.java:238)
	at org.apache.maven.surefire.junit4.JUnit4Provider.invoke(JUnit4Provider.java:159)
	at org.apache.maven.surefire.booter.ForkedBooter.invokeProviderInSameClassLoader(ForkedBooter.java:384)
	at org.apache.maven.surefire.booter.ForkedBooter.runSuitesInProcess(ForkedBooter.java:345)
	at org.apache.maven.surefire.booter.ForkedBooter.execute(ForkedBooter.java:126)
	at org.apache.maven.surefire.booter.ForkedBooter.main(ForkedBooter.java:418)
</error>
    <system-out><![CDATA[2019-07-14 00:59:29,612 INFO  client.GrpcClientProtocolClient (GrpcClientProtocolClient.java:onNext(255)) - client-B57E21B937F0->452c6e63-a49e-4e87-b905-0b21e6eecd9f: receive RaftClientReply:client-B57E21B937F0->452c6e63-a49e-4e87-b905-0b21e6eecd9f@group-BA79B928D33D, cid=21, FAILED org.apache.ratis.protocol.NotLeaderException: Server 452c6e63-a49e-4e87-b905-0b21e6eecd9f is not the leader (7eca1d56-b308-4dc8-ae9d-c28d2a691562:192.168.157.230:44016). Request must be sent to leader., logIndex=0, commits[452c6e63-a49e-4e87-b905-0b21e6eecd9f:c0, 4f59f924-1d30-4041-a3c6-040de151e2c2:c0, 7eca1d56-b308-4dc8-ae9d-c28d2a691562:c0]
2019-07-14 00:59:29,797 INFO  client.GrpcClientProtocolClient (GrpcClientProtocolClient.java:onNext(255)) - client-B57E21B937F0->7eca1d56-b308-4dc8-ae9d-c28d2a691562: receive RaftClientReply:client-B57E21B937F0->7eca1d56-b308-4dc8-ae9d-c28d2a691562@group-BA79B928D33D, cid=21, SUCCESS, logIndex=1, commits[7eca1d56-b308-4dc8-ae9d-c28d2a691562:c1, 452c6e63-a49e-4e87-b905-0b21e6eecd9f:c0, 4f59f924-1d30-4041-a3c6-040de151e2c2:c0]
2019-07-14 00:59:29,881 INFO  client.GrpcClientProtocolClient (GrpcClientProtocolClient.java:onNext(255)) - client-B57E21B937F0->7eca1d56-b308-4dc8-ae9d-c28d2a691562: receive RaftClientReply:client-B57E21B937F0->7eca1d56-b308-4dc8-ae9d-c28d2a691562@group-BA79B928D33D, cid=22, SUCCESS, logIndex=3, commits[7eca1d56-b308-4dc8-ae9d-c28d2a691562:c4, 452c6e63-a49e-4e87-b905-0b21e6eecd9f:c3, 4f59f924-1d30-4041-a3c6-040de151e2c2:c3]
2019-07-14 00:59:30,097 INFO  container.CloseContainerEventHandler (CloseContainerEventHandler.java:onMessage(61)) - Close container Event triggered for container : #3
2019-07-14 00:59:30,099 INFO  container.CloseContainerEventHandler (CloseContainerEventHandler.java:onMessage(61)) - Close container Event triggered for container : #3
2019-07-14 00:59:30,100 INFO  container.CloseContainerEventHandler (CloseContainerEventHandler.java:onMessage(61)) - Close container Event triggered for container : #3
2019-07-14 00:59:31,808 INFO  interfaces.Container (KeyValueContainer.java:compactDB(356)) - Container 3 is closed with bcsId 3.
2019-07-14 00:59:31,826 INFO  interfaces.Container (KeyValueContainer.java:compactDB(356)) - Container 3 is closed with bcsId 3.
2019-07-14 00:59:31,827 INFO  interfaces.Container (KeyValueContainer.java:compactDB(356)) - Container 3 is closed with bcsId 3.
00:59:32.110 [grpc-default-executor-2] ERROR DNAudit - user=null | ip=null | op=WRITE_CHUNK {blockData=conID: 3 locID: 102437091382722564 bcsId: 3} | ret=FAILURE
org.apache.hadoop.hdds.scm.container.common.helpers.ContainerNotOpenException: Container 3 in CLOSED state
	at org.apache.hadoop.ozone.container.common.impl.HddsDispatcher.validateContainerCommand(HddsDispatcher.java:408) ~[hadoop-hdds-container-service-0.5.0-SNAPSHOT.jar:?]
	at org.apache.hadoop.ozone.container.common.transport.server.ratis.ContainerStateMachine.startTransaction(ContainerStateMachine.java:271) ~[hadoop-hdds-container-service-0.5.0-SNAPSHOT.jar:?]
	at org.apache.ratis.server.impl.RaftServerImpl.submitClientRequestAsync(RaftServerImpl.java:566) ~[ratis-server-0.4.0-2337318-SNAPSHOT.jar:0.4.0-2337318-SNAPSHOT]
	at org.apache.ratis.server.impl.RaftServerProxy.lambda$submitClientRequestAsync$7(RaftServerProxy.java:333) ~[ratis-server-0.4.0-2337318-SNAPSHOT.jar:0.4.0-2337318-SNAPSHOT]
	at org.apache.ratis.server.impl.RaftServerProxy.lambda$null$5(RaftServerProxy.java:328) ~[ratis-server-0.4.0-2337318-SNAPSHOT.jar:0.4.0-2337318-SNAPSHOT]
	at org.apache.ratis.util.JavaUtils.callAsUnchecked(JavaUtils.java:109) ~[ratis-common-0.4.0-2337318-SNAPSHOT.jar:0.4.0-2337318-SNAPSHOT]
	at org.apache.ratis.server.impl.RaftServerProxy.lambda$submitRequest$6(RaftServerProxy.java:328) ~[ratis-server-0.4.0-2337318-SNAPSHOT.jar:0.4.0-2337318-SNAPSHOT]
	at java.util.concurrent.CompletableFuture.uniComposeStage(CompletableFuture.java:981) ~[?:1.8.0_212]
	at java.util.concurrent.CompletableFuture.thenCompose(CompletableFuture.java:2124) ~[?:1.8.0_212]
	at org.apache.ratis.server.impl.RaftServerProxy.submitRequest(RaftServerProxy.java:327) ~[ratis-server-0.4.0-2337318-SNAPSHOT.jar:0.4.0-2337318-SNAPSHOT]
	at org.apache.ratis.server.impl.RaftServerProxy.submitClientRequestAsync(RaftServerProxy.java:333) ~[ratis-server-0.4.0-2337318-SNAPSHOT.jar:0.4.0-2337318-SNAPSHOT]
	at org.apache.ratis.grpc.client.GrpcClientProtocolService$RequestStreamObserver.processClientRequest(GrpcClientProtocolService.java:220) ~[ratis-grpc-0.4.0-2337318-SNAPSHOT.jar:0.4.0-2337318-SNAPSHOT]
	at org.apache.ratis.grpc.client.GrpcClientProtocolService$OrderedRequestStreamObserver.processClientRequest(GrpcClientProtocolService.java:326) ~[ratis-grpc-0.4.0-2337318-SNAPSHOT.jar:0.4.0-2337318-SNAPSHOT]
	at org.apache.ratis.util.SlidingWindow$Server.processRequestsFromHead(SlidingWindow.java:429) [ratis-common-0.4.0-2337318-SNAPSHOT.jar:0.4.0-2337318-SNAPSHOT]
	at org.apache.ratis.util.SlidingWindow$Server.receivedRequest(SlidingWindow.java:421) [ratis-common-0.4.0-2337318-SNAPSHOT.jar:0.4.0-2337318-SNAPSHOT]
	at org.apache.ratis.grpc.client.GrpcClientProtocolService$OrderedRequestStreamObserver.processClientRequest(GrpcClientProtocolService.java:345) [ratis-grpc-0.4.0-2337318-SNAPSHOT.jar:0.4.0-2337318-SNAPSHOT]
	at org.apache.ratis.grpc.client.GrpcClientProtocolService$RequestStreamObserver.onNext(GrpcClientProtocolService.java:240) [ratis-grpc-0.4.0-2337318-SNAPSHOT.jar:0.4.0-2337318-SNAPSHOT]
	at org.apache.ratis.grpc.client.GrpcClientProtocolService$RequestStreamObserver.onNext(GrpcClientProtocolService.java:168) [ratis-grpc-0.4.0-2337318-SNAPSHOT.jar:0.4.0-2337318-SNAPSHOT]
	at org.apache.ratis.thirdparty.io.grpc.stub.ServerCalls$StreamingServerCallHandler$StreamingServerCallListener.onMessage(ServerCalls.java:248) [ratis-thirdparty-misc-0.2.0.jar:0.2.0]
	at org.apache.ratis.thirdparty.io.grpc.internal.ServerCallImpl$ServerStreamListenerImpl.messagesAvailable(ServerCallImpl.java:263) [ratis-thirdparty-misc-0.2.0.jar:0.2.0]
	at org.apache.ratis.thirdparty.io.grpc.internal.ServerImpl$JumpToApplicationThreadServerStreamListener$1MessagesAvailable.runInContext(ServerImpl.java:686) [ratis-thirdparty-misc-0.2.0.jar:0.2.0]
	at org.apache.ratis.thirdparty.io.grpc.internal.ContextRunnable.run(ContextRunnable.java:37) [ratis-thirdparty-misc-0.2.0.jar:0.2.0]
	at org.apache.ratis.thirdparty.io.grpc.internal.SerializingExecutor.run(SerializingExecutor.java:123) [ratis-thirdparty-misc-0.2.0.jar:0.2.0]
	at java.util.concurrent.ThreadPoolExecutor.runWorker(ThreadPoolExecutor.java:1149) [?:1.8.0_212]
	at java.util.concurrent.ThreadPoolExecutor$Worker.run(ThreadPoolExecutor.java:624) [?:1.8.0_212]
	at java.lang.Thread.run(Thread.java:748) [?:1.8.0_212]
00:59:32.120 [grpc-default-executor-2] ERROR DNAudit - user=null | ip=null | op=PUT_BLOCK {blockData=[blockId=conID: 3 locID: 102437091382722564 bcsId: 0,size=2097152]} | ret=FAILURE
org.apache.hadoop.hdds.scm.container.common.helpers.ContainerNotOpenException: Container 3 in CLOSED state
	at org.apache.hadoop.ozone.container.common.impl.HddsDispatcher.validateContainerCommand(HddsDispatcher.java:408) ~[hadoop-hdds-container-service-0.5.0-SNAPSHOT.jar:?]
	at org.apache.hadoop.ozone.container.common.transport.server.ratis.ContainerStateMachine.startTransaction(ContainerStateMachine.java:271) ~[hadoop-hdds-container-service-0.5.0-SNAPSHOT.jar:?]
	at org.apache.ratis.server.impl.RaftServerImpl.submitClientRequestAsync(RaftServerImpl.java:566) ~[ratis-server-0.4.0-2337318-SNAPSHOT.jar:0.4.0-2337318-SNAPSHOT]
	at org.apache.ratis.server.impl.RaftServerProxy.lambda$submitClientRequestAsync$7(RaftServerProxy.java:333) ~[ratis-server-0.4.0-2337318-SNAPSHOT.jar:0.4.0-2337318-SNAPSHOT]
	at org.apache.ratis.server.impl.RaftServerProxy.lambda$null$5(RaftServerProxy.java:328) ~[ratis-server-0.4.0-2337318-SNAPSHOT.jar:0.4.0-2337318-SNAPSHOT]
	at org.apache.ratis.util.JavaUtils.callAsUnchecked(JavaUtils.java:109) ~[ratis-common-0.4.0-2337318-SNAPSHOT.jar:0.4.0-2337318-SNAPSHOT]
	at org.apache.ratis.server.impl.RaftServerProxy.lambda$submitRequest$6(RaftServerProxy.java:328) ~[ratis-server-0.4.0-2337318-SNAPSHOT.jar:0.4.0-2337318-SNAPSHOT]
	at java.util.concurrent.CompletableFuture.uniComposeStage(CompletableFuture.java:981) ~[?:1.8.0_212]
	at java.util.concurrent.CompletableFuture.thenCompose(CompletableFuture.java:2124) ~[?:1.8.0_212]
	at org.apache.ratis.server.impl.RaftServerProxy.submitRequest(RaftServerProxy.java:327) ~[ratis-server-0.4.0-2337318-SNAPSHOT.jar:0.4.0-2337318-SNAPSHOT]
	at org.apache.ratis.server.impl.RaftServerProxy.submitClientRequestAsync(RaftServerProxy.java:333) ~[ratis-server-0.4.0-2337318-SNAPSHOT.jar:0.4.0-2337318-SNAPSHOT]
	at org.apache.ratis.grpc.client.GrpcClientProtocolService$RequestStreamObserver.processClientRequest(GrpcClientProtocolService.java:220) ~[ratis-grpc-0.4.0-2337318-SNAPSHOT.jar:0.4.0-2337318-SNAPSHOT]
	at org.apache.ratis.grpc.client.GrpcClientProtocolService$OrderedRequestStreamObserver.processClientRequest(GrpcClientProtocolService.java:326) ~[ratis-grpc-0.4.0-2337318-SNAPSHOT.jar:0.4.0-2337318-SNAPSHOT]
	at org.apache.ratis.util.SlidingWindow$Server.processRequestsFromHead(SlidingWindow.java:429) [ratis-common-0.4.0-2337318-SNAPSHOT.jar:0.4.0-2337318-SNAPSHOT]
	at org.apache.ratis.util.SlidingWindow$Server.receivedRequest(SlidingWindow.java:421) [ratis-common-0.4.0-2337318-SNAPSHOT.jar:0.4.0-2337318-SNAPSHOT]
	at org.apache.ratis.grpc.client.GrpcClientProtocolService$OrderedRequestStreamObserver.processClientRequest(GrpcClientProtocolService.java:345) [ratis-grpc-0.4.0-2337318-SNAPSHOT.jar:0.4.0-2337318-SNAPSHOT]
	at org.apache.ratis.grpc.client.GrpcClientProtocolService$RequestStreamObserver.onNext(GrpcClientProtocolService.java:240) [ratis-grpc-0.4.0-2337318-SNAPSHOT.jar:0.4.0-2337318-SNAPSHOT]
	at org.apache.ratis.grpc.client.GrpcClientProtocolService$RequestStreamObserver.onNext(GrpcClientProtocolService.java:168) [ratis-grpc-0.4.0-2337318-SNAPSHOT.jar:0.4.0-2337318-SNAPSHOT]
	at org.apache.ratis.thirdparty.io.grpc.stub.ServerCalls$StreamingServerCallHandler$StreamingServerCallListener.onMessage(ServerCalls.java:248) [ratis-thirdparty-misc-0.2.0.jar:0.2.0]
	at org.apache.ratis.thirdparty.io.grpc.internal.ServerCallImpl$ServerStreamListenerImpl.messagesAvailable(ServerCallImpl.java:263) [ratis-thirdparty-misc-0.2.0.jar:0.2.0]
	at org.apache.ratis.thirdparty.io.grpc.internal.ServerImpl$JumpToApplicationThreadServerStreamListener$1MessagesAvailable.runInContext(ServerImpl.java:686) [ratis-thirdparty-misc-0.2.0.jar:0.2.0]
	at org.apache.ratis.thirdparty.io.grpc.internal.ContextRunnable.run(ContextRunnable.java:37) [ratis-thirdparty-misc-0.2.0.jar:0.2.0]
	at org.apache.ratis.thirdparty.io.grpc.internal.SerializingExecutor.run(SerializingExecutor.java:123) [ratis-thirdparty-misc-0.2.0.jar:0.2.0]
	at java.util.concurrent.ThreadPoolExecutor.runWorker(ThreadPoolExecutor.java:1149) [?:1.8.0_212]
	at java.util.concurrent.ThreadPoolExecutor$Worker.run(ThreadPoolExecutor.java:624) [?:1.8.0_212]
	at java.lang.Thread.run(Thread.java:748) [?:1.8.0_212]
2019-07-14 00:59:32,126 INFO  client.GrpcClientProtocolClient (GrpcClientProtocolClient.java:onNext(255)) - client-B57E21B937F0->7eca1d56-b308-4dc8-ae9d-c28d2a691562: receive RaftClientReply:client-B57E21B937F0->7eca1d56-b308-4dc8-ae9d-c28d2a691562@group-BA79B928D33D, cid=23, FAILED org.apache.ratis.protocol.StateMachineException: org.apache.hadoop.hdds.scm.container.common.helpers.ContainerNotOpenException from Server 7eca1d56-b308-4dc8-ae9d-c28d2a691562: Container 3 in CLOSED state, logIndex=0, commits[7eca1d56-b308-4dc8-ae9d-c28d2a691562:c6, 452c6e63-a49e-4e87-b905-0b21e6eecd9f:c5, 4f59f924-1d30-4041-a3c6-040de151e2c2:c5]
2019-07-14 00:59:32,130 INFO  client.GrpcClientProtocolClient (GrpcClientProtocolClient.java:onNext(255)) - client-B57E21B937F0->7eca1d56-b308-4dc8-ae9d-c28d2a691562: receive RaftClientReply:client-B57E21B937F0->7eca1d56-b308-4dc8-ae9d-c28d2a691562@group-BA79B928D33D, cid=24, FAILED org.apache.ratis.protocol.StateMachineException: org.apache.hadoop.hdds.scm.container.common.helpers.ContainerNotOpenException from Server 7eca1d56-b308-4dc8-ae9d-c28d2a691562: Container 3 in CLOSED state, logIndex=0, commits[7eca1d56-b308-4dc8-ae9d-c28d2a691562:c6, 452c6e63-a49e-4e87-b905-0b21e6eecd9f:c5, 4f59f924-1d30-4041-a3c6-040de151e2c2:c5]
2019-07-14 00:59:32,284 INFO  client.GrpcClientProtocolClient (GrpcClientProtocolClient.java:onNext(255)) - client-0BB0B700E90E->2a42f5c7-f7b3-41ce-8fa1-309ec562414f: receive RaftClientReply:client-0BB0B700E90E->2a42f5c7-f7b3-41ce-8fa1-309ec562414f@group-C56B407F6E85, cid=25, SUCCESS, logIndex=15, commits[2a42f5c7-f7b3-41ce-8fa1-309ec562414f:c18, bbdbccfa-f1e7-44a4-8bfd-ac399083e39c:c14, d5464623-c0e3-4c98-be34-d1b326a869c9:c14]
2019-07-14 00:59:32,330 INFO  client.GrpcClientProtocolClient (GrpcClientProtocolClient.java:onNext(255)) - client-0BB0B700E90E->2a42f5c7-f7b3-41ce-8fa1-309ec562414f: receive RaftClientReply:client-0BB0B700E90E->2a42f5c7-f7b3-41ce-8fa1-309ec562414f@group-C56B407F6E85, cid=26, SUCCESS, logIndex=16, commits[2a42f5c7-f7b3-41ce-8fa1-309ec562414f:c19, bbdbccfa-f1e7-44a4-8bfd-ac399083e39c:c18, d5464623-c0e3-4c98-be34-d1b326a869c9:c18]
2019-07-14 00:59:32,331 INFO  client.GrpcClientProtocolClient (GrpcClientProtocolClient.java:onNext(255)) - client-0BB0B700E90E->2a42f5c7-f7b3-41ce-8fa1-309ec562414f: receive RaftClientReply:client-0BB0B700E90E->2a42f5c7-f7b3-41ce-8fa1-309ec562414f@group-C56B407F6E85, cid=27, SUCCESS, logIndex=17, commits[2a42f5c7-f7b3-41ce-8fa1-309ec562414f:c19, bbdbccfa-f1e7-44a4-8bfd-ac399083e39c:c18, d5464623-c0e3-4c98-be34-d1b326a869c9:c18]
2019-07-14 00:59:32,449 INFO  client.GrpcClientProtocolClient (GrpcClientProtocolClient.java:onNext(255)) - client-0BB0B700E90E->2a42f5c7-f7b3-41ce-8fa1-309ec562414f: receive RaftClientReply:client-0BB0B700E90E->2a42f5c7-f7b3-41ce-8fa1-309ec562414f@group-C56B407F6E85, cid=28, SUCCESS, logIndex=18, commits[2a42f5c7-f7b3-41ce-8fa1-309ec562414f:c19, bbdbccfa-f1e7-44a4-8bfd-ac399083e39c:c18, d5464623-c0e3-4c98-be34-d1b326a869c9:c18]
2019-07-14 00:59:32,492 INFO  pipeline.Pipeline (Pipeline.java:getProtobufMessage(195)) - Serialize pipeline PipelineID=a6aaa2f3-cba6-41bb-9237-c56b407f6e85 with nodesInOrder{ }
2019-07-14 00:59:32,498 INFO  pipeline.Pipeline (Pipeline.java:build(342)) - Deserialize nodesInOrder [d5464623-c0e3-4c98-be34-d1b326a869c9{ip: 192.168.157.230, host: trunk-nightly-sxkq5-3320257302, networkLocation: /default-rack, certSerialId: null}, d5464623-c0e3-4c98-be34-d1b326a869c9{ip: 192.168.157.230, host: trunk-nightly-sxkq5-3320257302, networkLocation: /default-rack, certSerialId: null}, d5464623-c0e3-4c98-be34-d1b326a869c9{ip: 192.168.157.230, host: trunk-nightly-sxkq5-3320257302, networkLocation: /default-rack, certSerialId: null}] in pipeline PipelineID=a6aaa2f3-cba6-41bb-9237-c56b407f6e85
]]></system-out>
  </testcase>
  <testcase name="testBlockWritesCloseConsistency" classname="org.apache.hadoop.ozone.client.rpc.TestCloseContainerHandlingByClient" time="1.806">
    <error type="java.lang.IllegalArgumentException">java.lang.IllegalArgumentException
	at com.google.common.base.Preconditions.checkArgument(Preconditions.java:72)
	at org.apache.hadoop.hdds.scm.XceiverClientManager.acquireClient(XceiverClientManager.java:150)
	at org.apache.hadoop.hdds.scm.XceiverClientManager.acquireClientForReadData(XceiverClientManager.java:143)
	at org.apache.hadoop.hdds.scm.storage.BlockInputStream.getChunkInfos(BlockInputStream.java:154)
	at org.apache.hadoop.hdds.scm.storage.BlockInputStream.initialize(BlockInputStream.java:118)
	at org.apache.hadoop.hdds.scm.storage.BlockInputStream.read(BlockInputStream.java:222)
	at org.apache.hadoop.ozone.client.io.KeyInputStream.read(KeyInputStream.java:171)
	at org.apache.hadoop.ozone.client.io.OzoneInputStream.read(OzoneInputStream.java:47)
	at java.io.InputStream.read(InputStream.java:101)
	at org.apache.hadoop.ozone.container.ContainerTestHelper.validateData(ContainerTestHelper.java:709)
	at org.apache.hadoop.ozone.client.rpc.TestCloseContainerHandlingByClient.validateData(TestCloseContainerHandlingByClient.java:401)
	at org.apache.hadoop.ozone.client.rpc.TestCloseContainerHandlingByClient.testBlockWritesCloseConsistency(TestCloseContainerHandlingByClient.java:178)
	at sun.reflect.NativeMethodAccessorImpl.invoke0(Native Method)
	at sun.reflect.NativeMethodAccessorImpl.invoke(NativeMethodAccessorImpl.java:62)
	at sun.reflect.DelegatingMethodAccessorImpl.invoke(DelegatingMethodAccessorImpl.java:43)
	at java.lang.reflect.Method.invoke(Method.java:498)
	at org.junit.runners.model.FrameworkMethod$1.runReflectiveCall(FrameworkMethod.java:47)
	at org.junit.internal.runners.model.ReflectiveCallable.run(ReflectiveCallable.java:12)
	at org.junit.runners.model.FrameworkMethod.invokeExplosively(FrameworkMethod.java:44)
	at org.junit.internal.runners.statements.InvokeMethod.evaluate(InvokeMethod.java:17)
	at org.junit.runners.ParentRunner.runLeaf(ParentRunner.java:271)
	at org.junit.runners.BlockJUnit4ClassRunner.runChild(BlockJUnit4ClassRunner.java:70)
	at org.junit.runners.BlockJUnit4ClassRunner.runChild(BlockJUnit4ClassRunner.java:50)
	at org.junit.runners.ParentRunner$3.run(ParentRunner.java:238)
	at org.junit.runners.ParentRunner$1.schedule(ParentRunner.java:63)
	at org.junit.runners.ParentRunner.runChildren(ParentRunner.java:236)
	at org.junit.runners.ParentRunner.access$000(ParentRunner.java:53)
	at org.junit.runners.ParentRunner$2.evaluate(ParentRunner.java:229)
	at org.junit.internal.runners.statements.RunBefores.evaluate(RunBefores.java:26)
	at org.junit.internal.runners.statements.RunAfters.evaluate(RunAfters.java:27)
	at org.junit.runners.ParentRunner.run(ParentRunner.java:309)
	at org.apache.maven.surefire.junit4.JUnit4Provider.execute(JUnit4Provider.java:365)
	at org.apache.maven.surefire.junit4.JUnit4Provider.executeWithRerun(JUnit4Provider.java:273)
	at org.apache.maven.surefire.junit4.JUnit4Provider.executeTestSet(JUnit4Provider.java:238)
	at org.apache.maven.surefire.junit4.JUnit4Provider.invoke(JUnit4Provider.java:159)
	at org.apache.maven.surefire.booter.ForkedBooter.invokeProviderInSameClassLoader(ForkedBooter.java:384)
	at org.apache.maven.surefire.booter.ForkedBooter.runSuitesInProcess(ForkedBooter.java:345)
	at org.apache.maven.surefire.booter.ForkedBooter.execute(ForkedBooter.java:126)
	at org.apache.maven.surefire.booter.ForkedBooter.main(ForkedBooter.java:418)
</error>
    <system-out><![CDATA[2019-07-14 00:59:32,680 INFO  client.GrpcClientProtocolClient (GrpcClientProtocolClient.java:onNext(255)) - client-B57E21B937F0->7eca1d56-b308-4dc8-ae9d-c28d2a691562: receive RaftClientReply:client-B57E21B937F0->7eca1d56-b308-4dc8-ae9d-c28d2a691562@group-BA79B928D33D, cid=29, SUCCESS, logIndex=7, commits[7eca1d56-b308-4dc8-ae9d-c28d2a691562:c8, 452c6e63-a49e-4e87-b905-0b21e6eecd9f:c6, 4f59f924-1d30-4041-a3c6-040de151e2c2:c5]
2019-07-14 00:59:32,723 INFO  client.GrpcClientProtocolClient (GrpcClientProtocolClient.java:onNext(255)) - client-B57E21B937F0->7eca1d56-b308-4dc8-ae9d-c28d2a691562: receive RaftClientReply:client-B57E21B937F0->7eca1d56-b308-4dc8-ae9d-c28d2a691562@group-BA79B928D33D, cid=30, SUCCESS, logIndex=8, commits[7eca1d56-b308-4dc8-ae9d-c28d2a691562:c10, 452c6e63-a49e-4e87-b905-0b21e6eecd9f:c8, 4f59f924-1d30-4041-a3c6-040de151e2c2:c8]
2019-07-14 00:59:33,045 INFO  container.CloseContainerEventHandler (CloseContainerEventHandler.java:onMessage(61)) - Close container Event triggered for container : #5
2019-07-14 00:59:33,048 INFO  container.CloseContainerEventHandler (CloseContainerEventHandler.java:onMessage(61)) - Close container Event triggered for container : #5
2019-07-14 00:59:33,049 INFO  container.CloseContainerEventHandler (CloseContainerEventHandler.java:onMessage(61)) - Close container Event triggered for container : #5
2019-07-14 00:59:33,876 INFO  interfaces.Container (KeyValueContainer.java:compactDB(356)) - Container 5 is closed with bcsId 8.
2019-07-14 00:59:33,894 INFO  interfaces.Container (KeyValueContainer.java:compactDB(356)) - Container 5 is closed with bcsId 8.
2019-07-14 00:59:33,897 INFO  interfaces.Container (KeyValueContainer.java:compactDB(356)) - Container 5 is closed with bcsId 8.
00:59:34.052 [grpc-default-executor-3] ERROR DNAudit - user=null | ip=null | op=WRITE_CHUNK {blockData=conID: 5 locID: 102437091576315911 bcsId: 8} | ret=FAILURE
org.apache.hadoop.hdds.scm.container.common.helpers.ContainerNotOpenException: Container 5 in CLOSED state
	at org.apache.hadoop.ozone.container.common.impl.HddsDispatcher.validateContainerCommand(HddsDispatcher.java:408) ~[hadoop-hdds-container-service-0.5.0-SNAPSHOT.jar:?]
	at org.apache.hadoop.ozone.container.common.transport.server.ratis.ContainerStateMachine.startTransaction(ContainerStateMachine.java:271) ~[hadoop-hdds-container-service-0.5.0-SNAPSHOT.jar:?]
	at org.apache.ratis.server.impl.RaftServerImpl.submitClientRequestAsync(RaftServerImpl.java:566) ~[ratis-server-0.4.0-2337318-SNAPSHOT.jar:0.4.0-2337318-SNAPSHOT]
	at org.apache.ratis.server.impl.RaftServerProxy.lambda$submitClientRequestAsync$7(RaftServerProxy.java:333) ~[ratis-server-0.4.0-2337318-SNAPSHOT.jar:0.4.0-2337318-SNAPSHOT]
	at org.apache.ratis.server.impl.RaftServerProxy.lambda$null$5(RaftServerProxy.java:328) ~[ratis-server-0.4.0-2337318-SNAPSHOT.jar:0.4.0-2337318-SNAPSHOT]
	at org.apache.ratis.util.JavaUtils.callAsUnchecked(JavaUtils.java:109) ~[ratis-common-0.4.0-2337318-SNAPSHOT.jar:0.4.0-2337318-SNAPSHOT]
	at org.apache.ratis.server.impl.RaftServerProxy.lambda$submitRequest$6(RaftServerProxy.java:328) ~[ratis-server-0.4.0-2337318-SNAPSHOT.jar:0.4.0-2337318-SNAPSHOT]
	at java.util.concurrent.CompletableFuture.uniComposeStage(CompletableFuture.java:981) ~[?:1.8.0_212]
	at java.util.concurrent.CompletableFuture.thenCompose(CompletableFuture.java:2124) ~[?:1.8.0_212]
	at org.apache.ratis.server.impl.RaftServerProxy.submitRequest(RaftServerProxy.java:327) ~[ratis-server-0.4.0-2337318-SNAPSHOT.jar:0.4.0-2337318-SNAPSHOT]
	at org.apache.ratis.server.impl.RaftServerProxy.submitClientRequestAsync(RaftServerProxy.java:333) ~[ratis-server-0.4.0-2337318-SNAPSHOT.jar:0.4.0-2337318-SNAPSHOT]
	at org.apache.ratis.grpc.client.GrpcClientProtocolService$RequestStreamObserver.processClientRequest(GrpcClientProtocolService.java:220) ~[ratis-grpc-0.4.0-2337318-SNAPSHOT.jar:0.4.0-2337318-SNAPSHOT]
	at org.apache.ratis.grpc.client.GrpcClientProtocolService$OrderedRequestStreamObserver.processClientRequest(GrpcClientProtocolService.java:326) ~[ratis-grpc-0.4.0-2337318-SNAPSHOT.jar:0.4.0-2337318-SNAPSHOT]
	at org.apache.ratis.util.SlidingWindow$Server.processRequestsFromHead(SlidingWindow.java:429) [ratis-common-0.4.0-2337318-SNAPSHOT.jar:0.4.0-2337318-SNAPSHOT]
	at org.apache.ratis.util.SlidingWindow$Server.receivedRequest(SlidingWindow.java:421) [ratis-common-0.4.0-2337318-SNAPSHOT.jar:0.4.0-2337318-SNAPSHOT]
	at org.apache.ratis.grpc.client.GrpcClientProtocolService$OrderedRequestStreamObserver.processClientRequest(GrpcClientProtocolService.java:345) [ratis-grpc-0.4.0-2337318-SNAPSHOT.jar:0.4.0-2337318-SNAPSHOT]
	at org.apache.ratis.grpc.client.GrpcClientProtocolService$RequestStreamObserver.onNext(GrpcClientProtocolService.java:240) [ratis-grpc-0.4.0-2337318-SNAPSHOT.jar:0.4.0-2337318-SNAPSHOT]
	at org.apache.ratis.grpc.client.GrpcClientProtocolService$RequestStreamObserver.onNext(GrpcClientProtocolService.java:168) [ratis-grpc-0.4.0-2337318-SNAPSHOT.jar:0.4.0-2337318-SNAPSHOT]
	at org.apache.ratis.thirdparty.io.grpc.stub.ServerCalls$StreamingServerCallHandler$StreamingServerCallListener.onMessage(ServerCalls.java:248) [ratis-thirdparty-misc-0.2.0.jar:0.2.0]
	at org.apache.ratis.thirdparty.io.grpc.internal.ServerCallImpl$ServerStreamListenerImpl.messagesAvailable(ServerCallImpl.java:263) [ratis-thirdparty-misc-0.2.0.jar:0.2.0]
	at org.apache.ratis.thirdparty.io.grpc.internal.ServerImpl$JumpToApplicationThreadServerStreamListener$1MessagesAvailable.runInContext(ServerImpl.java:686) [ratis-thirdparty-misc-0.2.0.jar:0.2.0]
	at org.apache.ratis.thirdparty.io.grpc.internal.ContextRunnable.run(ContextRunnable.java:37) [ratis-thirdparty-misc-0.2.0.jar:0.2.0]
	at org.apache.ratis.thirdparty.io.grpc.internal.SerializingExecutor.run(SerializingExecutor.java:123) [ratis-thirdparty-misc-0.2.0.jar:0.2.0]
	at java.util.concurrent.ThreadPoolExecutor.runWorker(ThreadPoolExecutor.java:1149) [?:1.8.0_212]
	at java.util.concurrent.ThreadPoolExecutor$Worker.run(ThreadPoolExecutor.java:624) [?:1.8.0_212]
	at java.lang.Thread.run(Thread.java:748) [?:1.8.0_212]
00:59:34.061 [grpc-default-executor-3] ERROR DNAudit - user=null | ip=null | op=PUT_BLOCK {blockData=[blockId=conID: 5 locID: 102437091576315911 bcsId: 0,size=1572864]} | ret=FAILURE
org.apache.hadoop.hdds.scm.container.common.helpers.ContainerNotOpenException: Container 5 in CLOSED state
	at org.apache.hadoop.ozone.container.common.impl.HddsDispatcher.validateContainerCommand(HddsDispatcher.java:408) ~[hadoop-hdds-container-service-0.5.0-SNAPSHOT.jar:?]
	at org.apache.hadoop.ozone.container.common.transport.server.ratis.ContainerStateMachine.startTransaction(ContainerStateMachine.java:271) ~[hadoop-hdds-container-service-0.5.0-SNAPSHOT.jar:?]
	at org.apache.ratis.server.impl.RaftServerImpl.submitClientRequestAsync(RaftServerImpl.java:566) ~[ratis-server-0.4.0-2337318-SNAPSHOT.jar:0.4.0-2337318-SNAPSHOT]
	at org.apache.ratis.server.impl.RaftServerProxy.lambda$submitClientRequestAsync$7(RaftServerProxy.java:333) ~[ratis-server-0.4.0-2337318-SNAPSHOT.jar:0.4.0-2337318-SNAPSHOT]
	at org.apache.ratis.server.impl.RaftServerProxy.lambda$null$5(RaftServerProxy.java:328) ~[ratis-server-0.4.0-2337318-SNAPSHOT.jar:0.4.0-2337318-SNAPSHOT]
	at org.apache.ratis.util.JavaUtils.callAsUnchecked(JavaUtils.java:109) ~[ratis-common-0.4.0-2337318-SNAPSHOT.jar:0.4.0-2337318-SNAPSHOT]
	at org.apache.ratis.server.impl.RaftServerProxy.lambda$submitRequest$6(RaftServerProxy.java:328) ~[ratis-server-0.4.0-2337318-SNAPSHOT.jar:0.4.0-2337318-SNAPSHOT]
	at java.util.concurrent.CompletableFuture.uniComposeStage(CompletableFuture.java:981) ~[?:1.8.0_212]
	at java.util.concurrent.CompletableFuture.thenCompose(CompletableFuture.java:2124) ~[?:1.8.0_212]
	at org.apache.ratis.server.impl.RaftServerProxy.submitRequest(RaftServerProxy.java:327) ~[ratis-server-0.4.0-2337318-SNAPSHOT.jar:0.4.0-2337318-SNAPSHOT]
	at org.apache.ratis.server.impl.RaftServerProxy.submitClientRequestAsync(RaftServerProxy.java:333) ~[ratis-server-0.4.0-2337318-SNAPSHOT.jar:0.4.0-2337318-SNAPSHOT]
	at org.apache.ratis.grpc.client.GrpcClientProtocolService$RequestStreamObserver.processClientRequest(GrpcClientProtocolService.java:220) ~[ratis-grpc-0.4.0-2337318-SNAPSHOT.jar:0.4.0-2337318-SNAPSHOT]
	at org.apache.ratis.grpc.client.GrpcClientProtocolService$OrderedRequestStreamObserver.processClientRequest(GrpcClientProtocolService.java:326) ~[ratis-grpc-0.4.0-2337318-SNAPSHOT.jar:0.4.0-2337318-SNAPSHOT]
	at org.apache.ratis.util.SlidingWindow$Server.processRequestsFromHead(SlidingWindow.java:429) [ratis-common-0.4.0-2337318-SNAPSHOT.jar:0.4.0-2337318-SNAPSHOT]
	at org.apache.ratis.util.SlidingWindow$Server.receivedRequest(SlidingWindow.java:421) [ratis-common-0.4.0-2337318-SNAPSHOT.jar:0.4.0-2337318-SNAPSHOT]
	at org.apache.ratis.grpc.client.GrpcClientProtocolService$OrderedRequestStreamObserver.processClientRequest(GrpcClientProtocolService.java:345) [ratis-grpc-0.4.0-2337318-SNAPSHOT.jar:0.4.0-2337318-SNAPSHOT]
	at org.apache.ratis.grpc.client.GrpcClientProtocolService$RequestStreamObserver.onNext(GrpcClientProtocolService.java:240) [ratis-grpc-0.4.0-2337318-SNAPSHOT.jar:0.4.0-2337318-SNAPSHOT]
	at org.apache.ratis.grpc.client.GrpcClientProtocolService$RequestStreamObserver.onNext(GrpcClientProtocolService.java:168) [ratis-grpc-0.4.0-2337318-SNAPSHOT.jar:0.4.0-2337318-SNAPSHOT]
	at org.apache.ratis.thirdparty.io.grpc.stub.ServerCalls$StreamingServerCallHandler$StreamingServerCallListener.onMessage(ServerCalls.java:248) [ratis-thirdparty-misc-0.2.0.jar:0.2.0]
	at org.apache.ratis.thirdparty.io.grpc.internal.ServerCallImpl$ServerStreamListenerImpl.messagesAvailable(ServerCallImpl.java:263) [ratis-thirdparty-misc-0.2.0.jar:0.2.0]
	at org.apache.ratis.thirdparty.io.grpc.internal.ServerImpl$JumpToApplicationThreadServerStreamListener$1MessagesAvailable.runInContext(ServerImpl.java:686) [ratis-thirdparty-misc-0.2.0.jar:0.2.0]
	at org.apache.ratis.thirdparty.io.grpc.internal.ContextRunnable.run(ContextRunnable.java:37) [ratis-thirdparty-misc-0.2.0.jar:0.2.0]
	at org.apache.ratis.thirdparty.io.grpc.internal.SerializingExecutor.run(SerializingExecutor.java:123) [ratis-thirdparty-misc-0.2.0.jar:0.2.0]
	at java.util.concurrent.ThreadPoolExecutor.runWorker(ThreadPoolExecutor.java:1149) [?:1.8.0_212]
	at java.util.concurrent.ThreadPoolExecutor$Worker.run(ThreadPoolExecutor.java:624) [?:1.8.0_212]
	at java.lang.Thread.run(Thread.java:748) [?:1.8.0_212]
2019-07-14 00:59:34,068 INFO  client.GrpcClientProtocolClient (GrpcClientProtocolClient.java:onNext(255)) - client-B57E21B937F0->7eca1d56-b308-4dc8-ae9d-c28d2a691562: receive RaftClientReply:client-B57E21B937F0->7eca1d56-b308-4dc8-ae9d-c28d2a691562@group-BA79B928D33D, cid=31, FAILED org.apache.ratis.protocol.StateMachineException: org.apache.hadoop.hdds.scm.container.common.helpers.ContainerNotOpenException from Server 7eca1d56-b308-4dc8-ae9d-c28d2a691562: Container 5 in CLOSED state, logIndex=0, commits[7eca1d56-b308-4dc8-ae9d-c28d2a691562:c12, 452c6e63-a49e-4e87-b905-0b21e6eecd9f:c11, 4f59f924-1d30-4041-a3c6-040de151e2c2:c11]
2019-07-14 00:59:34,071 INFO  client.GrpcClientProtocolClient (GrpcClientProtocolClient.java:onNext(255)) - client-B57E21B937F0->7eca1d56-b308-4dc8-ae9d-c28d2a691562: receive RaftClientReply:client-B57E21B937F0->7eca1d56-b308-4dc8-ae9d-c28d2a691562@group-BA79B928D33D, cid=32, FAILED org.apache.ratis.protocol.StateMachineException: org.apache.hadoop.hdds.scm.container.common.helpers.ContainerNotOpenException from Server 7eca1d56-b308-4dc8-ae9d-c28d2a691562: Container 5 in CLOSED state, logIndex=0, commits[7eca1d56-b308-4dc8-ae9d-c28d2a691562:c12, 452c6e63-a49e-4e87-b905-0b21e6eecd9f:c11, 4f59f924-1d30-4041-a3c6-040de151e2c2:c11]
2019-07-14 00:59:34,233 INFO  client.GrpcClientProtocolClient (GrpcClientProtocolClient.java:onNext(255)) - client-0BB0B700E90E->2a42f5c7-f7b3-41ce-8fa1-309ec562414f: receive RaftClientReply:client-0BB0B700E90E->2a42f5c7-f7b3-41ce-8fa1-309ec562414f@group-C56B407F6E85, cid=33, SUCCESS, logIndex=20, commits[2a42f5c7-f7b3-41ce-8fa1-309ec562414f:c21, bbdbccfa-f1e7-44a4-8bfd-ac399083e39c:c19, d5464623-c0e3-4c98-be34-d1b326a869c9:c19]
2019-07-14 00:59:34,278 INFO  client.GrpcClientProtocolClient (GrpcClientProtocolClient.java:onNext(255)) - client-0BB0B700E90E->2a42f5c7-f7b3-41ce-8fa1-309ec562414f: receive RaftClientReply:client-0BB0B700E90E->2a42f5c7-f7b3-41ce-8fa1-309ec562414f@group-C56B407F6E85, cid=34, SUCCESS, logIndex=21, commits[2a42f5c7-f7b3-41ce-8fa1-309ec562414f:c23, bbdbccfa-f1e7-44a4-8bfd-ac399083e39c:c21, d5464623-c0e3-4c98-be34-d1b326a869c9:c21]
2019-07-14 00:59:34,304 INFO  pipeline.Pipeline (Pipeline.java:getProtobufMessage(195)) - Serialize pipeline PipelineID=a6aaa2f3-cba6-41bb-9237-c56b407f6e85 with nodesInOrder{ }
2019-07-14 00:59:34,305 INFO  pipeline.Pipeline (Pipeline.java:build(342)) - Deserialize nodesInOrder [d5464623-c0e3-4c98-be34-d1b326a869c9{ip: 192.168.157.230, host: trunk-nightly-sxkq5-3320257302, networkLocation: /default-rack, certSerialId: null}, d5464623-c0e3-4c98-be34-d1b326a869c9{ip: 192.168.157.230, host: trunk-nightly-sxkq5-3320257302, networkLocation: /default-rack, certSerialId: null}, d5464623-c0e3-4c98-be34-d1b326a869c9{ip: 192.168.157.230, host: trunk-nightly-sxkq5-3320257302, networkLocation: /default-rack, certSerialId: null}] in pipeline PipelineID=a6aaa2f3-cba6-41bb-9237-c56b407f6e85
]]></system-out>
  </testcase>
  <testcase name="testMultiBlockWrites" classname="org.apache.hadoop.ozone.client.rpc.TestCloseContainerHandlingByClient" time="7.063"/>
  <testcase name="testBlockWrites" classname="org.apache.hadoop.ozone.client.rpc.TestCloseContainerHandlingByClient" time="2.9">
    <error type="java.lang.IllegalArgumentException">java.lang.IllegalArgumentException
	at com.google.common.base.Preconditions.checkArgument(Preconditions.java:72)
	at org.apache.hadoop.hdds.scm.XceiverClientManager.acquireClient(XceiverClientManager.java:150)
	at org.apache.hadoop.hdds.scm.XceiverClientManager.acquireClientForReadData(XceiverClientManager.java:143)
	at org.apache.hadoop.hdds.scm.storage.BlockInputStream.getChunkInfos(BlockInputStream.java:154)
	at org.apache.hadoop.hdds.scm.storage.BlockInputStream.initialize(BlockInputStream.java:118)
	at org.apache.hadoop.hdds.scm.storage.BlockInputStream.read(BlockInputStream.java:222)
	at org.apache.hadoop.ozone.client.io.KeyInputStream.read(KeyInputStream.java:171)
	at org.apache.hadoop.ozone.client.io.OzoneInputStream.read(OzoneInputStream.java:47)
	at java.io.InputStream.read(InputStream.java:101)
	at org.apache.hadoop.ozone.container.ContainerTestHelper.validateData(ContainerTestHelper.java:709)
	at org.apache.hadoop.ozone.client.rpc.TestCloseContainerHandlingByClient.validateData(TestCloseContainerHandlingByClient.java:401)
	at org.apache.hadoop.ozone.client.rpc.TestCloseContainerHandlingByClient.testBlockWrites(TestCloseContainerHandlingByClient.java:471)
	at sun.reflect.NativeMethodAccessorImpl.invoke0(Native Method)
	at sun.reflect.NativeMethodAccessorImpl.invoke(NativeMethodAccessorImpl.java:62)
	at sun.reflect.DelegatingMethodAccessorImpl.invoke(DelegatingMethodAccessorImpl.java:43)
	at java.lang.reflect.Method.invoke(Method.java:498)
	at org.junit.runners.model.FrameworkMethod$1.runReflectiveCall(FrameworkMethod.java:47)
	at org.junit.internal.runners.model.ReflectiveCallable.run(ReflectiveCallable.java:12)
	at org.junit.runners.model.FrameworkMethod.invokeExplosively(FrameworkMethod.java:44)
	at org.junit.internal.runners.statements.InvokeMethod.evaluate(InvokeMethod.java:17)
	at org.junit.runners.ParentRunner.runLeaf(ParentRunner.java:271)
	at org.junit.runners.BlockJUnit4ClassRunner.runChild(BlockJUnit4ClassRunner.java:70)
	at org.junit.runners.BlockJUnit4ClassRunner.runChild(BlockJUnit4ClassRunner.java:50)
	at org.junit.runners.ParentRunner$3.run(ParentRunner.java:238)
	at org.junit.runners.ParentRunner$1.schedule(ParentRunner.java:63)
	at org.junit.runners.ParentRunner.runChildren(ParentRunner.java:236)
	at org.junit.runners.ParentRunner.access$000(ParentRunner.java:53)
	at org.junit.runners.ParentRunner$2.evaluate(ParentRunner.java:229)
	at org.junit.internal.runners.statements.RunBefores.evaluate(RunBefores.java:26)
	at org.junit.internal.runners.statements.RunAfters.evaluate(RunAfters.java:27)
	at org.junit.runners.ParentRunner.run(ParentRunner.java:309)
	at org.apache.maven.surefire.junit4.JUnit4Provider.execute(JUnit4Provider.java:365)
	at org.apache.maven.surefire.junit4.JUnit4Provider.executeWithRerun(JUnit4Provider.java:273)
	at org.apache.maven.surefire.junit4.JUnit4Provider.executeTestSet(JUnit4Provider.java:238)
	at org.apache.maven.surefire.junit4.JUnit4Provider.invoke(JUnit4Provider.java:159)
	at org.apache.maven.surefire.booter.ForkedBooter.invokeProviderInSameClassLoader(ForkedBooter.java:384)
	at org.apache.maven.surefire.booter.ForkedBooter.runSuitesInProcess(ForkedBooter.java:345)
	at org.apache.maven.surefire.booter.ForkedBooter.execute(ForkedBooter.java:126)
	at org.apache.maven.surefire.booter.ForkedBooter.main(ForkedBooter.java:418)
</error>
    <system-out><![CDATA[2019-07-14 00:59:41,518 INFO  client.GrpcClientProtocolClient (GrpcClientProtocolClient.java:onNext(255)) - client-B57E21B937F0->7eca1d56-b308-4dc8-ae9d-c28d2a691562: receive RaftClientReply:client-B57E21B937F0->7eca1d56-b308-4dc8-ae9d-c28d2a691562@group-BA79B928D33D, cid=74, SUCCESS, logIndex=47, commits[7eca1d56-b308-4dc8-ae9d-c28d2a691562:c50, 452c6e63-a49e-4e87-b905-0b21e6eecd9f:c46, 4f59f924-1d30-4041-a3c6-040de151e2c2:c46]
2019-07-14 00:59:41,580 INFO  client.GrpcClientProtocolClient (GrpcClientProtocolClient.java:onNext(255)) - client-B57E21B937F0->7eca1d56-b308-4dc8-ae9d-c28d2a691562: receive RaftClientReply:client-B57E21B937F0->7eca1d56-b308-4dc8-ae9d-c28d2a691562@group-BA79B928D33D, cid=75, SUCCESS, logIndex=48, commits[7eca1d56-b308-4dc8-ae9d-c28d2a691562:c53, 452c6e63-a49e-4e87-b905-0b21e6eecd9f:c50, 4f59f924-1d30-4041-a3c6-040de151e2c2:c50]
2019-07-14 00:59:41,581 INFO  client.GrpcClientProtocolClient (GrpcClientProtocolClient.java:onNext(255)) - client-B57E21B937F0->7eca1d56-b308-4dc8-ae9d-c28d2a691562: receive RaftClientReply:client-B57E21B937F0->7eca1d56-b308-4dc8-ae9d-c28d2a691562@group-BA79B928D33D, cid=76, SUCCESS, logIndex=49, commits[7eca1d56-b308-4dc8-ae9d-c28d2a691562:c53, 452c6e63-a49e-4e87-b905-0b21e6eecd9f:c50, 4f59f924-1d30-4041-a3c6-040de151e2c2:c50]
2019-07-14 00:59:41,691 INFO  client.GrpcClientProtocolClient (GrpcClientProtocolClient.java:onNext(255)) - client-B57E21B937F0->7eca1d56-b308-4dc8-ae9d-c28d2a691562: receive RaftClientReply:client-B57E21B937F0->7eca1d56-b308-4dc8-ae9d-c28d2a691562@group-BA79B928D33D, cid=77, SUCCESS, logIndex=50, commits[7eca1d56-b308-4dc8-ae9d-c28d2a691562:c53, 452c6e63-a49e-4e87-b905-0b21e6eecd9f:c50, 4f59f924-1d30-4041-a3c6-040de151e2c2:c50]
2019-07-14 00:59:41,692 INFO  container.CloseContainerEventHandler (CloseContainerEventHandler.java:onMessage(61)) - Close container Event triggered for container : #9
2019-07-14 00:59:41,693 INFO  container.CloseContainerEventHandler (CloseContainerEventHandler.java:onMessage(61)) - Close container Event triggered for container : #9
2019-07-14 00:59:41,693 INFO  container.CloseContainerEventHandler (CloseContainerEventHandler.java:onMessage(61)) - Close container Event triggered for container : #9
2019-07-14 00:59:43,567 INFO  interfaces.Container (KeyValueContainer.java:compactDB(356)) - Container 9 is closed with bcsId 50.
2019-07-14 00:59:43,584 INFO  interfaces.Container (KeyValueContainer.java:compactDB(356)) - Container 9 is closed with bcsId 50.
2019-07-14 00:59:43,586 INFO  interfaces.Container (KeyValueContainer.java:compactDB(356)) - Container 9 is closed with bcsId 50.
00:59:43.754 [grpc-default-executor-0] ERROR DNAudit - user=null | ip=null | op=WRITE_CHUNK {blockData=conID: 9 locID: 102437092157685775 bcsId: 50} | ret=FAILURE
org.apache.hadoop.hdds.scm.container.common.helpers.ContainerNotOpenException: Container 9 in CLOSED state
	at org.apache.hadoop.ozone.container.common.impl.HddsDispatcher.validateContainerCommand(HddsDispatcher.java:408) ~[hadoop-hdds-container-service-0.5.0-SNAPSHOT.jar:?]
	at org.apache.hadoop.ozone.container.common.transport.server.ratis.ContainerStateMachine.startTransaction(ContainerStateMachine.java:271) ~[hadoop-hdds-container-service-0.5.0-SNAPSHOT.jar:?]
	at org.apache.ratis.server.impl.RaftServerImpl.submitClientRequestAsync(RaftServerImpl.java:566) ~[ratis-server-0.4.0-2337318-SNAPSHOT.jar:0.4.0-2337318-SNAPSHOT]
	at org.apache.ratis.server.impl.RaftServerProxy.lambda$submitClientRequestAsync$7(RaftServerProxy.java:333) ~[ratis-server-0.4.0-2337318-SNAPSHOT.jar:0.4.0-2337318-SNAPSHOT]
	at org.apache.ratis.server.impl.RaftServerProxy.lambda$null$5(RaftServerProxy.java:328) ~[ratis-server-0.4.0-2337318-SNAPSHOT.jar:0.4.0-2337318-SNAPSHOT]
	at org.apache.ratis.util.JavaUtils.callAsUnchecked(JavaUtils.java:109) ~[ratis-common-0.4.0-2337318-SNAPSHOT.jar:0.4.0-2337318-SNAPSHOT]
	at org.apache.ratis.server.impl.RaftServerProxy.lambda$submitRequest$6(RaftServerProxy.java:328) ~[ratis-server-0.4.0-2337318-SNAPSHOT.jar:0.4.0-2337318-SNAPSHOT]
	at java.util.concurrent.CompletableFuture.uniComposeStage(CompletableFuture.java:981) ~[?:1.8.0_212]
	at java.util.concurrent.CompletableFuture.thenCompose(CompletableFuture.java:2124) ~[?:1.8.0_212]
	at org.apache.ratis.server.impl.RaftServerProxy.submitRequest(RaftServerProxy.java:327) ~[ratis-server-0.4.0-2337318-SNAPSHOT.jar:0.4.0-2337318-SNAPSHOT]
	at org.apache.ratis.server.impl.RaftServerProxy.submitClientRequestAsync(RaftServerProxy.java:333) ~[ratis-server-0.4.0-2337318-SNAPSHOT.jar:0.4.0-2337318-SNAPSHOT]
	at org.apache.ratis.grpc.client.GrpcClientProtocolService$RequestStreamObserver.processClientRequest(GrpcClientProtocolService.java:220) ~[ratis-grpc-0.4.0-2337318-SNAPSHOT.jar:0.4.0-2337318-SNAPSHOT]
	at org.apache.ratis.grpc.client.GrpcClientProtocolService$OrderedRequestStreamObserver.processClientRequest(GrpcClientProtocolService.java:326) ~[ratis-grpc-0.4.0-2337318-SNAPSHOT.jar:0.4.0-2337318-SNAPSHOT]
	at org.apache.ratis.util.SlidingWindow$Server.processRequestsFromHead(SlidingWindow.java:429) [ratis-common-0.4.0-2337318-SNAPSHOT.jar:0.4.0-2337318-SNAPSHOT]
	at org.apache.ratis.util.SlidingWindow$Server.receivedRequest(SlidingWindow.java:421) [ratis-common-0.4.0-2337318-SNAPSHOT.jar:0.4.0-2337318-SNAPSHOT]
	at org.apache.ratis.grpc.client.GrpcClientProtocolService$OrderedRequestStreamObserver.processClientRequest(GrpcClientProtocolService.java:345) [ratis-grpc-0.4.0-2337318-SNAPSHOT.jar:0.4.0-2337318-SNAPSHOT]
	at org.apache.ratis.grpc.client.GrpcClientProtocolService$RequestStreamObserver.onNext(GrpcClientProtocolService.java:240) [ratis-grpc-0.4.0-2337318-SNAPSHOT.jar:0.4.0-2337318-SNAPSHOT]
	at org.apache.ratis.grpc.client.GrpcClientProtocolService$RequestStreamObserver.onNext(GrpcClientProtocolService.java:168) [ratis-grpc-0.4.0-2337318-SNAPSHOT.jar:0.4.0-2337318-SNAPSHOT]
	at org.apache.ratis.thirdparty.io.grpc.stub.ServerCalls$StreamingServerCallHandler$StreamingServerCallListener.onMessage(ServerCalls.java:248) [ratis-thirdparty-misc-0.2.0.jar:0.2.0]
	at org.apache.ratis.thirdparty.io.grpc.internal.ServerCallImpl$ServerStreamListenerImpl.messagesAvailable(ServerCallImpl.java:263) [ratis-thirdparty-misc-0.2.0.jar:0.2.0]
	at org.apache.ratis.thirdparty.io.grpc.internal.ServerImpl$JumpToApplicationThreadServerStreamListener$1MessagesAvailable.runInContext(ServerImpl.java:686) [ratis-thirdparty-misc-0.2.0.jar:0.2.0]
	at org.apache.ratis.thirdparty.io.grpc.internal.ContextRunnable.run(ContextRunnable.java:37) [ratis-thirdparty-misc-0.2.0.jar:0.2.0]
	at org.apache.ratis.thirdparty.io.grpc.internal.SerializingExecutor.run(SerializingExecutor.java:123) [ratis-thirdparty-misc-0.2.0.jar:0.2.0]
	at java.util.concurrent.ThreadPoolExecutor.runWorker(ThreadPoolExecutor.java:1149) [?:1.8.0_212]
	at java.util.concurrent.ThreadPoolExecutor$Worker.run(ThreadPoolExecutor.java:624) [?:1.8.0_212]
	at java.lang.Thread.run(Thread.java:748) [?:1.8.0_212]
00:59:43.765 [grpc-default-executor-0] ERROR DNAudit - user=null | ip=null | op=PUT_BLOCK {blockData=[blockId=conID: 9 locID: 102437092157685775 bcsId: 0,size=3145728]} | ret=FAILURE
org.apache.hadoop.hdds.scm.container.common.helpers.ContainerNotOpenException: Container 9 in CLOSED state
	at org.apache.hadoop.ozone.container.common.impl.HddsDispatcher.validateContainerCommand(HddsDispatcher.java:408) ~[hadoop-hdds-container-service-0.5.0-SNAPSHOT.jar:?]
	at org.apache.hadoop.ozone.container.common.transport.server.ratis.ContainerStateMachine.startTransaction(ContainerStateMachine.java:271) ~[hadoop-hdds-container-service-0.5.0-SNAPSHOT.jar:?]
	at org.apache.ratis.server.impl.RaftServerImpl.submitClientRequestAsync(RaftServerImpl.java:566) ~[ratis-server-0.4.0-2337318-SNAPSHOT.jar:0.4.0-2337318-SNAPSHOT]
	at org.apache.ratis.server.impl.RaftServerProxy.lambda$submitClientRequestAsync$7(RaftServerProxy.java:333) ~[ratis-server-0.4.0-2337318-SNAPSHOT.jar:0.4.0-2337318-SNAPSHOT]
	at org.apache.ratis.server.impl.RaftServerProxy.lambda$null$5(RaftServerProxy.java:328) ~[ratis-server-0.4.0-2337318-SNAPSHOT.jar:0.4.0-2337318-SNAPSHOT]
	at org.apache.ratis.util.JavaUtils.callAsUnchecked(JavaUtils.java:109) ~[ratis-common-0.4.0-2337318-SNAPSHOT.jar:0.4.0-2337318-SNAPSHOT]
	at org.apache.ratis.server.impl.RaftServerProxy.lambda$submitRequest$6(RaftServerProxy.java:328) ~[ratis-server-0.4.0-2337318-SNAPSHOT.jar:0.4.0-2337318-SNAPSHOT]
	at java.util.concurrent.CompletableFuture.uniComposeStage(CompletableFuture.java:981) ~[?:1.8.0_212]
	at java.util.concurrent.CompletableFuture.thenCompose(CompletableFuture.java:2124) ~[?:1.8.0_212]
	at org.apache.ratis.server.impl.RaftServerProxy.submitRequest(RaftServerProxy.java:327) ~[ratis-server-0.4.0-2337318-SNAPSHOT.jar:0.4.0-2337318-SNAPSHOT]
	at org.apache.ratis.server.impl.RaftServerProxy.submitClientRequestAsync(RaftServerProxy.java:333) ~[ratis-server-0.4.0-2337318-SNAPSHOT.jar:0.4.0-2337318-SNAPSHOT]
	at org.apache.ratis.grpc.client.GrpcClientProtocolService$RequestStreamObserver.processClientRequest(GrpcClientProtocolService.java:220) ~[ratis-grpc-0.4.0-2337318-SNAPSHOT.jar:0.4.0-2337318-SNAPSHOT]
	at org.apache.ratis.grpc.client.GrpcClientProtocolService$OrderedRequestStreamObserver.processClientRequest(GrpcClientProtocolService.java:326) ~[ratis-grpc-0.4.0-2337318-SNAPSHOT.jar:0.4.0-2337318-SNAPSHOT]
	at org.apache.ratis.util.SlidingWindow$Server.processRequestsFromHead(SlidingWindow.java:429) [ratis-common-0.4.0-2337318-SNAPSHOT.jar:0.4.0-2337318-SNAPSHOT]
	at org.apache.ratis.util.SlidingWindow$Server.receivedRequest(SlidingWindow.java:421) [ratis-common-0.4.0-2337318-SNAPSHOT.jar:0.4.0-2337318-SNAPSHOT]
	at org.apache.ratis.grpc.client.GrpcClientProtocolService$OrderedRequestStreamObserver.processClientRequest(GrpcClientProtocolService.java:345) [ratis-grpc-0.4.0-2337318-SNAPSHOT.jar:0.4.0-2337318-SNAPSHOT]
	at org.apache.ratis.grpc.client.GrpcClientProtocolService$RequestStreamObserver.onNext(GrpcClientProtocolService.java:240) [ratis-grpc-0.4.0-2337318-SNAPSHOT.jar:0.4.0-2337318-SNAPSHOT]
	at org.apache.ratis.grpc.client.GrpcClientProtocolService$RequestStreamObserver.onNext(GrpcClientProtocolService.java:168) [ratis-grpc-0.4.0-2337318-SNAPSHOT.jar:0.4.0-2337318-SNAPSHOT]
	at org.apache.ratis.thirdparty.io.grpc.stub.ServerCalls$StreamingServerCallHandler$StreamingServerCallListener.onMessage(ServerCalls.java:248) [ratis-thirdparty-misc-0.2.0.jar:0.2.0]
	at org.apache.ratis.thirdparty.io.grpc.internal.ServerCallImpl$ServerStreamListenerImpl.messagesAvailable(ServerCallImpl.java:263) [ratis-thirdparty-misc-0.2.0.jar:0.2.0]
	at org.apache.ratis.thirdparty.io.grpc.internal.ServerImpl$JumpToApplicationThreadServerStreamListener$1MessagesAvailable.runInContext(ServerImpl.java:686) [ratis-thirdparty-misc-0.2.0.jar:0.2.0]
	at org.apache.ratis.thirdparty.io.grpc.internal.ContextRunnable.run(ContextRunnable.java:37) [ratis-thirdparty-misc-0.2.0.jar:0.2.0]
	at org.apache.ratis.thirdparty.io.grpc.internal.SerializingExecutor.run(SerializingExecutor.java:123) [ratis-thirdparty-misc-0.2.0.jar:0.2.0]
	at java.util.concurrent.ThreadPoolExecutor.runWorker(ThreadPoolExecutor.java:1149) [?:1.8.0_212]
	at java.util.concurrent.ThreadPoolExecutor$Worker.run(ThreadPoolExecutor.java:624) [?:1.8.0_212]
	at java.lang.Thread.run(Thread.java:748) [?:1.8.0_212]
2019-07-14 00:59:43,766 INFO  client.GrpcClientProtocolClient (GrpcClientProtocolClient.java:onNext(255)) - client-B57E21B937F0->7eca1d56-b308-4dc8-ae9d-c28d2a691562: receive RaftClientReply:client-B57E21B937F0->7eca1d56-b308-4dc8-ae9d-c28d2a691562@group-BA79B928D33D, cid=78, FAILED org.apache.ratis.protocol.StateMachineException: org.apache.hadoop.hdds.scm.container.common.helpers.ContainerNotOpenException from Server 7eca1d56-b308-4dc8-ae9d-c28d2a691562: Container 9 in CLOSED state, logIndex=0, commits[7eca1d56-b308-4dc8-ae9d-c28d2a691562:c55, 452c6e63-a49e-4e87-b905-0b21e6eecd9f:c54, 4f59f924-1d30-4041-a3c6-040de151e2c2:c54]
2019-07-14 00:59:43,773 INFO  client.GrpcClientProtocolClient (GrpcClientProtocolClient.java:onNext(255)) - client-B57E21B937F0->7eca1d56-b308-4dc8-ae9d-c28d2a691562: receive RaftClientReply:client-B57E21B937F0->7eca1d56-b308-4dc8-ae9d-c28d2a691562@group-BA79B928D33D, cid=79, FAILED org.apache.ratis.protocol.StateMachineException: org.apache.hadoop.hdds.scm.container.common.helpers.ContainerNotOpenException from Server 7eca1d56-b308-4dc8-ae9d-c28d2a691562: Container 9 in CLOSED state, logIndex=0, commits[7eca1d56-b308-4dc8-ae9d-c28d2a691562:c55, 452c6e63-a49e-4e87-b905-0b21e6eecd9f:c54, 4f59f924-1d30-4041-a3c6-040de151e2c2:c54]
00:59:43.774 [grpc-default-executor-3] ERROR DNAudit - user=null | ip=null | op=WRITE_CHUNK {blockData=conID: 9 locID: 102437092157685775 bcsId: 50} | ret=FAILURE
org.apache.hadoop.hdds.scm.container.common.helpers.ContainerNotOpenException: Container 9 in CLOSED state
	at org.apache.hadoop.ozone.container.common.impl.HddsDispatcher.validateContainerCommand(HddsDispatcher.java:408) ~[hadoop-hdds-container-service-0.5.0-SNAPSHOT.jar:?]
	at org.apache.hadoop.ozone.container.common.transport.server.ratis.ContainerStateMachine.startTransaction(ContainerStateMachine.java:271) ~[hadoop-hdds-container-service-0.5.0-SNAPSHOT.jar:?]
	at org.apache.ratis.server.impl.RaftServerImpl.submitClientRequestAsync(RaftServerImpl.java:566) ~[ratis-server-0.4.0-2337318-SNAPSHOT.jar:0.4.0-2337318-SNAPSHOT]
	at org.apache.ratis.server.impl.RaftServerProxy.lambda$submitClientRequestAsync$7(RaftServerProxy.java:333) ~[ratis-server-0.4.0-2337318-SNAPSHOT.jar:0.4.0-2337318-SNAPSHOT]
	at org.apache.ratis.server.impl.RaftServerProxy.lambda$null$5(RaftServerProxy.java:328) ~[ratis-server-0.4.0-2337318-SNAPSHOT.jar:0.4.0-2337318-SNAPSHOT]
	at org.apache.ratis.util.JavaUtils.callAsUnchecked(JavaUtils.java:109) ~[ratis-common-0.4.0-2337318-SNAPSHOT.jar:0.4.0-2337318-SNAPSHOT]
	at org.apache.ratis.server.impl.RaftServerProxy.lambda$submitRequest$6(RaftServerProxy.java:328) ~[ratis-server-0.4.0-2337318-SNAPSHOT.jar:0.4.0-2337318-SNAPSHOT]
	at java.util.concurrent.CompletableFuture.uniComposeStage(CompletableFuture.java:981) ~[?:1.8.0_212]
	at java.util.concurrent.CompletableFuture.thenCompose(CompletableFuture.java:2124) ~[?:1.8.0_212]
	at org.apache.ratis.server.impl.RaftServerProxy.submitRequest(RaftServerProxy.java:327) ~[ratis-server-0.4.0-2337318-SNAPSHOT.jar:0.4.0-2337318-SNAPSHOT]
	at org.apache.ratis.server.impl.RaftServerProxy.submitClientRequestAsync(RaftServerProxy.java:333) ~[ratis-server-0.4.0-2337318-SNAPSHOT.jar:0.4.0-2337318-SNAPSHOT]
	at org.apache.ratis.grpc.client.GrpcClientProtocolService$RequestStreamObserver.processClientRequest(GrpcClientProtocolService.java:220) ~[ratis-grpc-0.4.0-2337318-SNAPSHOT.jar:0.4.0-2337318-SNAPSHOT]
	at org.apache.ratis.grpc.client.GrpcClientProtocolService$OrderedRequestStreamObserver.processClientRequest(GrpcClientProtocolService.java:326) ~[ratis-grpc-0.4.0-2337318-SNAPSHOT.jar:0.4.0-2337318-SNAPSHOT]
	at org.apache.ratis.util.SlidingWindow$Server.processRequestsFromHead(SlidingWindow.java:429) [ratis-common-0.4.0-2337318-SNAPSHOT.jar:0.4.0-2337318-SNAPSHOT]
	at org.apache.ratis.util.SlidingWindow$Server.receivedRequest(SlidingWindow.java:421) [ratis-common-0.4.0-2337318-SNAPSHOT.jar:0.4.0-2337318-SNAPSHOT]
	at org.apache.ratis.grpc.client.GrpcClientProtocolService$OrderedRequestStreamObserver.processClientRequest(GrpcClientProtocolService.java:345) [ratis-grpc-0.4.0-2337318-SNAPSHOT.jar:0.4.0-2337318-SNAPSHOT]
	at org.apache.ratis.grpc.client.GrpcClientProtocolService$RequestStreamObserver.onNext(GrpcClientProtocolService.java:240) [ratis-grpc-0.4.0-2337318-SNAPSHOT.jar:0.4.0-2337318-SNAPSHOT]
	at org.apache.ratis.grpc.client.GrpcClientProtocolService$RequestStreamObserver.onNext(GrpcClientProtocolService.java:168) [ratis-grpc-0.4.0-2337318-SNAPSHOT.jar:0.4.0-2337318-SNAPSHOT]
	at org.apache.ratis.thirdparty.io.grpc.stub.ServerCalls$StreamingServerCallHandler$StreamingServerCallListener.onMessage(ServerCalls.java:248) [ratis-thirdparty-misc-0.2.0.jar:0.2.0]
	at org.apache.ratis.thirdparty.io.grpc.internal.ServerCallImpl$ServerStreamListenerImpl.messagesAvailable(ServerCallImpl.java:263) [ratis-thirdparty-misc-0.2.0.jar:0.2.0]
	at org.apache.ratis.thirdparty.io.grpc.internal.ServerImpl$JumpToApplicationThreadServerStreamListener$1MessagesAvailable.runInContext(ServerImpl.java:686) [ratis-thirdparty-misc-0.2.0.jar:0.2.0]
	at org.apache.ratis.thirdparty.io.grpc.internal.ContextRunnable.run(ContextRunnable.java:37) [ratis-thirdparty-misc-0.2.0.jar:0.2.0]
	at org.apache.ratis.thirdparty.io.grpc.internal.SerializingExecutor.run(SerializingExecutor.java:123) [ratis-thirdparty-misc-0.2.0.jar:0.2.0]
	at java.util.concurrent.ThreadPoolExecutor.runWorker(ThreadPoolExecutor.java:1149) [?:1.8.0_212]
	at java.util.concurrent.ThreadPoolExecutor$Worker.run(ThreadPoolExecutor.java:624) [?:1.8.0_212]
	at java.lang.Thread.run(Thread.java:748) [?:1.8.0_212]
00:59:43.782 [grpc-default-executor-3] ERROR DNAudit - user=null | ip=null | op=PUT_BLOCK {blockData=[blockId=conID: 9 locID: 102437092157685775 bcsId: 0,size=4194304]} | ret=FAILURE
org.apache.hadoop.hdds.scm.container.common.helpers.ContainerNotOpenException: Container 9 in CLOSED state
	at org.apache.hadoop.ozone.container.common.impl.HddsDispatcher.validateContainerCommand(HddsDispatcher.java:408) ~[hadoop-hdds-container-service-0.5.0-SNAPSHOT.jar:?]
	at org.apache.hadoop.ozone.container.common.transport.server.ratis.ContainerStateMachine.startTransaction(ContainerStateMachine.java:271) ~[hadoop-hdds-container-service-0.5.0-SNAPSHOT.jar:?]
	at org.apache.ratis.server.impl.RaftServerImpl.submitClientRequestAsync(RaftServerImpl.java:566) ~[ratis-server-0.4.0-2337318-SNAPSHOT.jar:0.4.0-2337318-SNAPSHOT]
	at org.apache.ratis.server.impl.RaftServerProxy.lambda$submitClientRequestAsync$7(RaftServerProxy.java:333) ~[ratis-server-0.4.0-2337318-SNAPSHOT.jar:0.4.0-2337318-SNAPSHOT]
	at org.apache.ratis.server.impl.RaftServerProxy.lambda$null$5(RaftServerProxy.java:328) ~[ratis-server-0.4.0-2337318-SNAPSHOT.jar:0.4.0-2337318-SNAPSHOT]
	at org.apache.ratis.util.JavaUtils.callAsUnchecked(JavaUtils.java:109) ~[ratis-common-0.4.0-2337318-SNAPSHOT.jar:0.4.0-2337318-SNAPSHOT]
	at org.apache.ratis.server.impl.RaftServerProxy.lambda$submitRequest$6(RaftServerProxy.java:328) ~[ratis-server-0.4.0-2337318-SNAPSHOT.jar:0.4.0-2337318-SNAPSHOT]
	at java.util.concurrent.CompletableFuture.uniComposeStage(CompletableFuture.java:981) ~[?:1.8.0_212]
	at java.util.concurrent.CompletableFuture.thenCompose(CompletableFuture.java:2124) ~[?:1.8.0_212]
	at org.apache.ratis.server.impl.RaftServerProxy.submitRequest(RaftServerProxy.java:327) ~[ratis-server-0.4.0-2337318-SNAPSHOT.jar:0.4.0-2337318-SNAPSHOT]
	at org.apache.ratis.server.impl.RaftServerProxy.submitClientRequestAsync(RaftServerProxy.java:333) ~[ratis-server-0.4.0-2337318-SNAPSHOT.jar:0.4.0-2337318-SNAPSHOT]
	at org.apache.ratis.grpc.client.GrpcClientProtocolService$RequestStreamObserver.processClientRequest(GrpcClientProtocolService.java:220) ~[ratis-grpc-0.4.0-2337318-SNAPSHOT.jar:0.4.0-2337318-SNAPSHOT]
	at org.apache.ratis.grpc.client.GrpcClientProtocolService$OrderedRequestStreamObserver.processClientRequest(GrpcClientProtocolService.java:326) ~[ratis-grpc-0.4.0-2337318-SNAPSHOT.jar:0.4.0-2337318-SNAPSHOT]
	at org.apache.ratis.util.SlidingWindow$Server.processRequestsFromHead(SlidingWindow.java:429) [ratis-common-0.4.0-2337318-SNAPSHOT.jar:0.4.0-2337318-SNAPSHOT]
	at org.apache.ratis.util.SlidingWindow$Server.receivedRequest(SlidingWindow.java:421) [ratis-common-0.4.0-2337318-SNAPSHOT.jar:0.4.0-2337318-SNAPSHOT]
	at org.apache.ratis.grpc.client.GrpcClientProtocolService$OrderedRequestStreamObserver.processClientRequest(GrpcClientProtocolService.java:345) [ratis-grpc-0.4.0-2337318-SNAPSHOT.jar:0.4.0-2337318-SNAPSHOT]
	at org.apache.ratis.grpc.client.GrpcClientProtocolService$RequestStreamObserver.onNext(GrpcClientProtocolService.java:240) [ratis-grpc-0.4.0-2337318-SNAPSHOT.jar:0.4.0-2337318-SNAPSHOT]
	at org.apache.ratis.grpc.client.GrpcClientProtocolService$RequestStreamObserver.onNext(GrpcClientProtocolService.java:168) [ratis-grpc-0.4.0-2337318-SNAPSHOT.jar:0.4.0-2337318-SNAPSHOT]
	at org.apache.ratis.thirdparty.io.grpc.stub.ServerCalls$StreamingServerCallHandler$StreamingServerCallListener.onMessage(ServerCalls.java:248) [ratis-thirdparty-misc-0.2.0.jar:0.2.0]
	at org.apache.ratis.thirdparty.io.grpc.internal.ServerCallImpl$ServerStreamListenerImpl.messagesAvailable(ServerCallImpl.java:263) [ratis-thirdparty-misc-0.2.0.jar:0.2.0]
	at org.apache.ratis.thirdparty.io.grpc.internal.ServerImpl$JumpToApplicationThreadServerStreamListener$1MessagesAvailable.runInContext(ServerImpl.java:686) [ratis-thirdparty-misc-0.2.0.jar:0.2.0]
	at org.apache.ratis.thirdparty.io.grpc.internal.ContextRunnable.run(ContextRunnable.java:37) [ratis-thirdparty-misc-0.2.0.jar:0.2.0]
	at org.apache.ratis.thirdparty.io.grpc.internal.SerializingExecutor.run(SerializingExecutor.java:123) [ratis-thirdparty-misc-0.2.0.jar:0.2.0]
	at java.util.concurrent.ThreadPoolExecutor.runWorker(ThreadPoolExecutor.java:1149) [?:1.8.0_212]
	at java.util.concurrent.ThreadPoolExecutor$Worker.run(ThreadPoolExecutor.java:624) [?:1.8.0_212]
	at java.lang.Thread.run(Thread.java:748) [?:1.8.0_212]
2019-07-14 00:59:43,783 INFO  client.GrpcClientProtocolClient (GrpcClientProtocolClient.java:onNext(255)) - client-B57E21B937F0->7eca1d56-b308-4dc8-ae9d-c28d2a691562: receive RaftClientReply:client-B57E21B937F0->7eca1d56-b308-4dc8-ae9d-c28d2a691562@group-BA79B928D33D, cid=80, FAILED org.apache.ratis.protocol.StateMachineException: org.apache.hadoop.hdds.scm.container.common.helpers.ContainerNotOpenException from Server 7eca1d56-b308-4dc8-ae9d-c28d2a691562: Container 9 in CLOSED state, logIndex=0, commits[7eca1d56-b308-4dc8-ae9d-c28d2a691562:c55, 452c6e63-a49e-4e87-b905-0b21e6eecd9f:c54, 4f59f924-1d30-4041-a3c6-040de151e2c2:c54]
2019-07-14 00:59:43,790 INFO  client.GrpcClientProtocolClient (GrpcClientProtocolClient.java:onNext(255)) - client-B57E21B937F0->7eca1d56-b308-4dc8-ae9d-c28d2a691562: receive RaftClientReply:client-B57E21B937F0->7eca1d56-b308-4dc8-ae9d-c28d2a691562@group-BA79B928D33D, cid=81, FAILED org.apache.ratis.protocol.StateMachineException: org.apache.hadoop.hdds.scm.container.common.helpers.ContainerNotOpenException from Server 7eca1d56-b308-4dc8-ae9d-c28d2a691562: Container 9 in CLOSED state, logIndex=0, commits[7eca1d56-b308-4dc8-ae9d-c28d2a691562:c55, 452c6e63-a49e-4e87-b905-0b21e6eecd9f:c54, 4f59f924-1d30-4041-a3c6-040de151e2c2:c54]
2019-07-14 00:59:43,942 INFO  client.GrpcClientProtocolClient (GrpcClientProtocolClient.java:onNext(255)) - client-B57E21B937F0->7eca1d56-b308-4dc8-ae9d-c28d2a691562: receive RaftClientReply:client-B57E21B937F0->7eca1d56-b308-4dc8-ae9d-c28d2a691562@group-BA79B928D33D, cid=82, SUCCESS, logIndex=56, commits[7eca1d56-b308-4dc8-ae9d-c28d2a691562:c59, 452c6e63-a49e-4e87-b905-0b21e6eecd9f:c55, 4f59f924-1d30-4041-a3c6-040de151e2c2:c55]
2019-07-14 00:59:43,991 INFO  client.GrpcClientProtocolClient (GrpcClientProtocolClient.java:onNext(255)) - client-B57E21B937F0->7eca1d56-b308-4dc8-ae9d-c28d2a691562: receive RaftClientReply:client-B57E21B937F0->7eca1d56-b308-4dc8-ae9d-c28d2a691562@group-BA79B928D33D, cid=83, SUCCESS, logIndex=57, commits[7eca1d56-b308-4dc8-ae9d-c28d2a691562:c63, 452c6e63-a49e-4e87-b905-0b21e6eecd9f:c59, 4f59f924-1d30-4041-a3c6-040de151e2c2:c59]
2019-07-14 00:59:43,992 INFO  client.GrpcClientProtocolClient (GrpcClientProtocolClient.java:onNext(255)) - client-B57E21B937F0->7eca1d56-b308-4dc8-ae9d-c28d2a691562: receive RaftClientReply:client-B57E21B937F0->7eca1d56-b308-4dc8-ae9d-c28d2a691562@group-BA79B928D33D, cid=84, SUCCESS, logIndex=58, commits[7eca1d56-b308-4dc8-ae9d-c28d2a691562:c63, 452c6e63-a49e-4e87-b905-0b21e6eecd9f:c59, 4f59f924-1d30-4041-a3c6-040de151e2c2:c59]
2019-07-14 00:59:44,080 INFO  client.GrpcClientProtocolClient (GrpcClientProtocolClient.java:onNext(255)) - client-B57E21B937F0->7eca1d56-b308-4dc8-ae9d-c28d2a691562: receive RaftClientReply:client-B57E21B937F0->7eca1d56-b308-4dc8-ae9d-c28d2a691562@group-BA79B928D33D, cid=85, SUCCESS, logIndex=59, commits[7eca1d56-b308-4dc8-ae9d-c28d2a691562:c63, 452c6e63-a49e-4e87-b905-0b21e6eecd9f:c59, 4f59f924-1d30-4041-a3c6-040de151e2c2:c59]
2019-07-14 00:59:44,107 INFO  client.GrpcClientProtocolClient (GrpcClientProtocolClient.java:onNext(255)) - client-B57E21B937F0->7eca1d56-b308-4dc8-ae9d-c28d2a691562: receive RaftClientReply:client-B57E21B937F0->7eca1d56-b308-4dc8-ae9d-c28d2a691562@group-BA79B928D33D, cid=86, SUCCESS, logIndex=64, commits[7eca1d56-b308-4dc8-ae9d-c28d2a691562:c65, 452c6e63-a49e-4e87-b905-0b21e6eecd9f:c63, 4f59f924-1d30-4041-a3c6-040de151e2c2:c63]
2019-07-14 00:59:44,107 INFO  client.GrpcClientProtocolClient (GrpcClientProtocolClient.java:onNext(255)) - client-B57E21B937F0->7eca1d56-b308-4dc8-ae9d-c28d2a691562: receive RaftClientReply:client-B57E21B937F0->7eca1d56-b308-4dc8-ae9d-c28d2a691562@group-BA79B928D33D, cid=87, SUCCESS, logIndex=65, commits[7eca1d56-b308-4dc8-ae9d-c28d2a691562:c65, 452c6e63-a49e-4e87-b905-0b21e6eecd9f:c63, 4f59f924-1d30-4041-a3c6-040de151e2c2:c63]
2019-07-14 00:59:44,118 INFO  client.GrpcClientProtocolClient (GrpcClientProtocolClient.java:onNext(255)) - client-B57E21B937F0->7eca1d56-b308-4dc8-ae9d-c28d2a691562: receive RaftClientReply:client-B57E21B937F0->7eca1d56-b308-4dc8-ae9d-c28d2a691562@group-BA79B928D33D, cid=88, SUCCESS, logIndex=0, commits[7eca1d56-b308-4dc8-ae9d-c28d2a691562:c66, 452c6e63-a49e-4e87-b905-0b21e6eecd9f:c65, 4f59f924-1d30-4041-a3c6-040de151e2c2:c65]
2019-07-14 00:59:44,267 INFO  pipeline.Pipeline (Pipeline.java:getProtobufMessage(195)) - Serialize pipeline PipelineID=4b63ee52-1634-4402-8eee-ba79b928d33d with nodesInOrder{ }
]]></system-out>
  </testcase>
  <testcase name="testMultiBlockWrites2" classname="org.apache.hadoop.ozone.client.rpc.TestCloseContainerHandlingByClient" time="3.68">
    <error type="java.lang.IllegalArgumentException">java.lang.IllegalArgumentException
	at com.google.common.base.Preconditions.checkArgument(Preconditions.java:72)
	at org.apache.hadoop.hdds.scm.XceiverClientManager.acquireClient(XceiverClientManager.java:150)
	at org.apache.hadoop.hdds.scm.XceiverClientManager.acquireClientForReadData(XceiverClientManager.java:143)
	at org.apache.hadoop.hdds.scm.storage.BlockInputStream.getChunkInfos(BlockInputStream.java:154)
	at org.apache.hadoop.hdds.scm.storage.BlockInputStream.initialize(BlockInputStream.java:118)
	at org.apache.hadoop.hdds.scm.storage.BlockInputStream.read(BlockInputStream.java:222)
	at org.apache.hadoop.ozone.client.io.KeyInputStream.read(KeyInputStream.java:171)
	at org.apache.hadoop.ozone.client.io.OzoneInputStream.read(OzoneInputStream.java:47)
	at java.io.InputStream.read(InputStream.java:101)
	at org.apache.hadoop.ozone.container.ContainerTestHelper.validateData(ContainerTestHelper.java:709)
	at org.apache.hadoop.ozone.client.rpc.TestCloseContainerHandlingByClient.validateData(TestCloseContainerHandlingByClient.java:401)
	at org.apache.hadoop.ozone.client.rpc.TestCloseContainerHandlingByClient.testMultiBlockWrites2(TestCloseContainerHandlingByClient.java:281)
	at sun.reflect.NativeMethodAccessorImpl.invoke0(Native Method)
	at sun.reflect.NativeMethodAccessorImpl.invoke(NativeMethodAccessorImpl.java:62)
	at sun.reflect.DelegatingMethodAccessorImpl.invoke(DelegatingMethodAccessorImpl.java:43)
	at java.lang.reflect.Method.invoke(Method.java:498)
	at org.junit.runners.model.FrameworkMethod$1.runReflectiveCall(FrameworkMethod.java:47)
	at org.junit.internal.runners.model.ReflectiveCallable.run(ReflectiveCallable.java:12)
	at org.junit.runners.model.FrameworkMethod.invokeExplosively(FrameworkMethod.java:44)
	at org.junit.internal.runners.statements.InvokeMethod.evaluate(InvokeMethod.java:17)
	at org.junit.runners.ParentRunner.runLeaf(ParentRunner.java:271)
	at org.junit.runners.BlockJUnit4ClassRunner.runChild(BlockJUnit4ClassRunner.java:70)
	at org.junit.runners.BlockJUnit4ClassRunner.runChild(BlockJUnit4ClassRunner.java:50)
	at org.junit.runners.ParentRunner$3.run(ParentRunner.java:238)
	at org.junit.runners.ParentRunner$1.schedule(ParentRunner.java:63)
	at org.junit.runners.ParentRunner.runChildren(ParentRunner.java:236)
	at org.junit.runners.ParentRunner.access$000(ParentRunner.java:53)
	at org.junit.runners.ParentRunner$2.evaluate(ParentRunner.java:229)
	at org.junit.internal.runners.statements.RunBefores.evaluate(RunBefores.java:26)
	at org.junit.internal.runners.statements.RunAfters.evaluate(RunAfters.java:27)
	at org.junit.runners.ParentRunner.run(ParentRunner.java:309)
	at org.apache.maven.surefire.junit4.JUnit4Provider.execute(JUnit4Provider.java:365)
	at org.apache.maven.surefire.junit4.JUnit4Provider.executeWithRerun(JUnit4Provider.java:273)
	at org.apache.maven.surefire.junit4.JUnit4Provider.executeTestSet(JUnit4Provider.java:238)
	at org.apache.maven.surefire.junit4.JUnit4Provider.invoke(JUnit4Provider.java:159)
	at org.apache.maven.surefire.booter.ForkedBooter.invokeProviderInSameClassLoader(ForkedBooter.java:384)
	at org.apache.maven.surefire.booter.ForkedBooter.runSuitesInProcess(ForkedBooter.java:345)
	at org.apache.maven.surefire.booter.ForkedBooter.execute(ForkedBooter.java:126)
	at org.apache.maven.surefire.booter.ForkedBooter.main(ForkedBooter.java:418)
</error>
    <system-out><![CDATA[2019-07-14 00:59:44,525 INFO  client.GrpcClientProtocolClient (GrpcClientProtocolClient.java:onNext(255)) - client-0BB0B700E90E->2a42f5c7-f7b3-41ce-8fa1-309ec562414f: receive RaftClientReply:client-0BB0B700E90E->2a42f5c7-f7b3-41ce-8fa1-309ec562414f@group-C56B407F6E85, cid=89, SUCCESS, logIndex=59, commits[2a42f5c7-f7b3-41ce-8fa1-309ec562414f:c60, bbdbccfa-f1e7-44a4-8bfd-ac399083e39c:c58, d5464623-c0e3-4c98-be34-d1b326a869c9:c58]
2019-07-14 00:59:44,565 INFO  client.GrpcClientProtocolClient (GrpcClientProtocolClient.java:onNext(255)) - client-0BB0B700E90E->2a42f5c7-f7b3-41ce-8fa1-309ec562414f: receive RaftClientReply:client-0BB0B700E90E->2a42f5c7-f7b3-41ce-8fa1-309ec562414f@group-C56B407F6E85, cid=90, SUCCESS, logIndex=60, commits[2a42f5c7-f7b3-41ce-8fa1-309ec562414f:c65, bbdbccfa-f1e7-44a4-8bfd-ac399083e39c:c62, d5464623-c0e3-4c98-be34-d1b326a869c9:c62]
2019-07-14 00:59:44,566 INFO  client.GrpcClientProtocolClient (GrpcClientProtocolClient.java:onNext(255)) - client-0BB0B700E90E->2a42f5c7-f7b3-41ce-8fa1-309ec562414f: receive RaftClientReply:client-0BB0B700E90E->2a42f5c7-f7b3-41ce-8fa1-309ec562414f@group-C56B407F6E85, cid=91, SUCCESS, logIndex=61, commits[2a42f5c7-f7b3-41ce-8fa1-309ec562414f:c65, bbdbccfa-f1e7-44a4-8bfd-ac399083e39c:c62, d5464623-c0e3-4c98-be34-d1b326a869c9:c62]
2019-07-14 00:59:44,672 INFO  client.GrpcClientProtocolClient (GrpcClientProtocolClient.java:onNext(255)) - client-0BB0B700E90E->2a42f5c7-f7b3-41ce-8fa1-309ec562414f: receive RaftClientReply:client-0BB0B700E90E->2a42f5c7-f7b3-41ce-8fa1-309ec562414f@group-C56B407F6E85, cid=92, SUCCESS, logIndex=62, commits[2a42f5c7-f7b3-41ce-8fa1-309ec562414f:c65, bbdbccfa-f1e7-44a4-8bfd-ac399083e39c:c62, d5464623-c0e3-4c98-be34-d1b326a869c9:c62]
2019-07-14 00:59:44,698 INFO  client.GrpcClientProtocolClient (GrpcClientProtocolClient.java:onNext(255)) - client-0BB0B700E90E->2a42f5c7-f7b3-41ce-8fa1-309ec562414f: receive RaftClientReply:client-0BB0B700E90E->2a42f5c7-f7b3-41ce-8fa1-309ec562414f@group-C56B407F6E85, cid=93, SUCCESS, logIndex=66, commits[2a42f5c7-f7b3-41ce-8fa1-309ec562414f:c67, bbdbccfa-f1e7-44a4-8bfd-ac399083e39c:c65, d5464623-c0e3-4c98-be34-d1b326a869c9:c65]
2019-07-14 00:59:44,700 INFO  client.GrpcClientProtocolClient (GrpcClientProtocolClient.java:onNext(255)) - client-0BB0B700E90E->2a42f5c7-f7b3-41ce-8fa1-309ec562414f: receive RaftClientReply:client-0BB0B700E90E->2a42f5c7-f7b3-41ce-8fa1-309ec562414f@group-C56B407F6E85, cid=94, SUCCESS, logIndex=67, commits[2a42f5c7-f7b3-41ce-8fa1-309ec562414f:c69, bbdbccfa-f1e7-44a4-8bfd-ac399083e39c:c65, d5464623-c0e3-4c98-be34-d1b326a869c9:c65]
2019-07-14 00:59:44,700 INFO  client.GrpcClientProtocolClient (GrpcClientProtocolClient.java:onNext(255)) - client-0BB0B700E90E->2a42f5c7-f7b3-41ce-8fa1-309ec562414f: receive RaftClientReply:client-0BB0B700E90E->2a42f5c7-f7b3-41ce-8fa1-309ec562414f@group-C56B407F6E85, cid=95, SUCCESS, logIndex=68, commits[2a42f5c7-f7b3-41ce-8fa1-309ec562414f:c69, bbdbccfa-f1e7-44a4-8bfd-ac399083e39c:c65, d5464623-c0e3-4c98-be34-d1b326a869c9:c67]
2019-07-14 00:59:44,702 INFO  client.GrpcClientProtocolClient (GrpcClientProtocolClient.java:onNext(255)) - client-0BB0B700E90E->2a42f5c7-f7b3-41ce-8fa1-309ec562414f: receive RaftClientReply:client-0BB0B700E90E->2a42f5c7-f7b3-41ce-8fa1-309ec562414f@group-C56B407F6E85, cid=96, SUCCESS, logIndex=69, commits[2a42f5c7-f7b3-41ce-8fa1-309ec562414f:c70, bbdbccfa-f1e7-44a4-8bfd-ac399083e39c:c67, d5464623-c0e3-4c98-be34-d1b326a869c9:c67]
2019-07-14 00:59:44,704 INFO  client.GrpcClientProtocolClient (GrpcClientProtocolClient.java:onNext(255)) - client-0BB0B700E90E->2a42f5c7-f7b3-41ce-8fa1-309ec562414f: receive RaftClientReply:client-0BB0B700E90E->2a42f5c7-f7b3-41ce-8fa1-309ec562414f@group-C56B407F6E85, cid=97, SUCCESS, logIndex=0, commits[2a42f5c7-f7b3-41ce-8fa1-309ec562414f:c73, bbdbccfa-f1e7-44a4-8bfd-ac399083e39c:c69, d5464623-c0e3-4c98-be34-d1b326a869c9:c69]
2019-07-14 00:59:44,832 INFO  client.GrpcClientProtocolClient (GrpcClientProtocolClient.java:onNext(255)) - client-0BB0B700E90E->2a42f5c7-f7b3-41ce-8fa1-309ec562414f: receive RaftClientReply:client-0BB0B700E90E->2a42f5c7-f7b3-41ce-8fa1-309ec562414f@group-C56B407F6E85, cid=98, SUCCESS, logIndex=74, commits[2a42f5c7-f7b3-41ce-8fa1-309ec562414f:c76, bbdbccfa-f1e7-44a4-8bfd-ac399083e39c:c73, d5464623-c0e3-4c98-be34-d1b326a869c9:c73]
2019-07-14 00:59:44,884 INFO  client.GrpcClientProtocolClient (GrpcClientProtocolClient.java:onNext(255)) - client-0BB0B700E90E->2a42f5c7-f7b3-41ce-8fa1-309ec562414f: receive RaftClientReply:client-0BB0B700E90E->2a42f5c7-f7b3-41ce-8fa1-309ec562414f@group-C56B407F6E85, cid=99, SUCCESS, logIndex=75, commits[2a42f5c7-f7b3-41ce-8fa1-309ec562414f:c81, bbdbccfa-f1e7-44a4-8bfd-ac399083e39c:c77, d5464623-c0e3-4c98-be34-d1b326a869c9:c77]
2019-07-14 00:59:44,885 INFO  client.GrpcClientProtocolClient (GrpcClientProtocolClient.java:onNext(255)) - client-0BB0B700E90E->2a42f5c7-f7b3-41ce-8fa1-309ec562414f: receive RaftClientReply:client-0BB0B700E90E->2a42f5c7-f7b3-41ce-8fa1-309ec562414f@group-C56B407F6E85, cid=100, SUCCESS, logIndex=76, commits[2a42f5c7-f7b3-41ce-8fa1-309ec562414f:c81, bbdbccfa-f1e7-44a4-8bfd-ac399083e39c:c77, d5464623-c0e3-4c98-be34-d1b326a869c9:c77]
2019-07-14 00:59:45,025 INFO  client.GrpcClientProtocolClient (GrpcClientProtocolClient.java:onNext(255)) - client-0BB0B700E90E->2a42f5c7-f7b3-41ce-8fa1-309ec562414f: receive RaftClientReply:client-0BB0B700E90E->2a42f5c7-f7b3-41ce-8fa1-309ec562414f@group-C56B407F6E85, cid=101, SUCCESS, logIndex=77, commits[2a42f5c7-f7b3-41ce-8fa1-309ec562414f:c81, bbdbccfa-f1e7-44a4-8bfd-ac399083e39c:c77, d5464623-c0e3-4c98-be34-d1b326a869c9:c77]
2019-07-14 00:59:45,053 INFO  client.GrpcClientProtocolClient (GrpcClientProtocolClient.java:onNext(255)) - client-0BB0B700E90E->2a42f5c7-f7b3-41ce-8fa1-309ec562414f: receive RaftClientReply:client-0BB0B700E90E->2a42f5c7-f7b3-41ce-8fa1-309ec562414f@group-C56B407F6E85, cid=102, SUCCESS, logIndex=82, commits[2a42f5c7-f7b3-41ce-8fa1-309ec562414f:c84, bbdbccfa-f1e7-44a4-8bfd-ac399083e39c:c81, d5464623-c0e3-4c98-be34-d1b326a869c9:c81]
2019-07-14 00:59:45,054 INFO  client.GrpcClientProtocolClient (GrpcClientProtocolClient.java:onNext(255)) - client-0BB0B700E90E->2a42f5c7-f7b3-41ce-8fa1-309ec562414f: receive RaftClientReply:client-0BB0B700E90E->2a42f5c7-f7b3-41ce-8fa1-309ec562414f@group-C56B407F6E85, cid=103, SUCCESS, logIndex=83, commits[2a42f5c7-f7b3-41ce-8fa1-309ec562414f:c85, bbdbccfa-f1e7-44a4-8bfd-ac399083e39c:c81, d5464623-c0e3-4c98-be34-d1b326a869c9:c81]
2019-07-14 00:59:45,055 INFO  client.GrpcClientProtocolClient (GrpcClientProtocolClient.java:onNext(255)) - client-0BB0B700E90E->2a42f5c7-f7b3-41ce-8fa1-309ec562414f: receive RaftClientReply:client-0BB0B700E90E->2a42f5c7-f7b3-41ce-8fa1-309ec562414f@group-C56B407F6E85, cid=104, SUCCESS, logIndex=84, commits[2a42f5c7-f7b3-41ce-8fa1-309ec562414f:c85, bbdbccfa-f1e7-44a4-8bfd-ac399083e39c:c81, d5464623-c0e3-4c98-be34-d1b326a869c9:c81]
2019-07-14 00:59:45,056 INFO  client.GrpcClientProtocolClient (GrpcClientProtocolClient.java:onNext(255)) - client-0BB0B700E90E->2a42f5c7-f7b3-41ce-8fa1-309ec562414f: receive RaftClientReply:client-0BB0B700E90E->2a42f5c7-f7b3-41ce-8fa1-309ec562414f@group-C56B407F6E85, cid=105, SUCCESS, logIndex=85, commits[2a42f5c7-f7b3-41ce-8fa1-309ec562414f:c86, bbdbccfa-f1e7-44a4-8bfd-ac399083e39c:c83, d5464623-c0e3-4c98-be34-d1b326a869c9:c83]
2019-07-14 00:59:45,059 INFO  client.GrpcClientProtocolClient (GrpcClientProtocolClient.java:onNext(255)) - client-0BB0B700E90E->2a42f5c7-f7b3-41ce-8fa1-309ec562414f: receive RaftClientReply:client-0BB0B700E90E->2a42f5c7-f7b3-41ce-8fa1-309ec562414f@group-C56B407F6E85, cid=106, SUCCESS, logIndex=0, commits[2a42f5c7-f7b3-41ce-8fa1-309ec562414f:c89, bbdbccfa-f1e7-44a4-8bfd-ac399083e39c:c85, d5464623-c0e3-4c98-be34-d1b326a869c9:c85]
2019-07-14 00:59:45,234 INFO  client.GrpcClientProtocolClient (GrpcClientProtocolClient.java:onNext(255)) - client-B57E21B937F0->7eca1d56-b308-4dc8-ae9d-c28d2a691562: receive RaftClientReply:client-B57E21B937F0->7eca1d56-b308-4dc8-ae9d-c28d2a691562@group-BA79B928D33D, cid=107, SUCCESS, logIndex=68, commits[7eca1d56-b308-4dc8-ae9d-c28d2a691562:c69, 452c6e63-a49e-4e87-b905-0b21e6eecd9f:c67, 4f59f924-1d30-4041-a3c6-040de151e2c2:c67]
2019-07-14 00:59:45,289 INFO  client.GrpcClientProtocolClient (GrpcClientProtocolClient.java:onNext(255)) - client-B57E21B937F0->7eca1d56-b308-4dc8-ae9d-c28d2a691562: receive RaftClientReply:client-B57E21B937F0->7eca1d56-b308-4dc8-ae9d-c28d2a691562@group-BA79B928D33D, cid=108, SUCCESS, logIndex=69, commits[7eca1d56-b308-4dc8-ae9d-c28d2a691562:c71, 452c6e63-a49e-4e87-b905-0b21e6eecd9f:c69, 4f59f924-1d30-4041-a3c6-040de151e2c2:c69]
2019-07-14 00:59:45,342 INFO  client.GrpcClientProtocolClient (GrpcClientProtocolClient.java:onNext(255)) - client-B57E21B937F0->7eca1d56-b308-4dc8-ae9d-c28d2a691562: receive RaftClientReply:client-B57E21B937F0->7eca1d56-b308-4dc8-ae9d-c28d2a691562@group-BA79B928D33D, cid=109, SUCCESS, logIndex=72, commits[7eca1d56-b308-4dc8-ae9d-c28d2a691562:c73, 452c6e63-a49e-4e87-b905-0b21e6eecd9f:c71, 4f59f924-1d30-4041-a3c6-040de151e2c2:c71]
2019-07-14 00:59:45,432 INFO  client.GrpcClientProtocolClient (GrpcClientProtocolClient.java:onNext(255)) - client-B57E21B937F0->7eca1d56-b308-4dc8-ae9d-c28d2a691562: receive RaftClientReply:client-B57E21B937F0->7eca1d56-b308-4dc8-ae9d-c28d2a691562@group-BA79B928D33D, cid=110, SUCCESS, logIndex=73, commits[7eca1d56-b308-4dc8-ae9d-c28d2a691562:c75, 452c6e63-a49e-4e87-b905-0b21e6eecd9f:c73, 4f59f924-1d30-4041-a3c6-040de151e2c2:c73]
2019-07-14 00:59:45,443 INFO  container.CloseContainerEventHandler (CloseContainerEventHandler.java:onMessage(61)) - Close container Event triggered for container : #11
2019-07-14 00:59:45,444 INFO  container.CloseContainerEventHandler (CloseContainerEventHandler.java:onMessage(61)) - Close container Event triggered for container : #11
2019-07-14 00:59:45,444 INFO  container.CloseContainerEventHandler (CloseContainerEventHandler.java:onMessage(61)) - Close container Event triggered for container : #11
2019-07-14 00:59:45,444 INFO  container.CloseContainerEventHandler (CloseContainerEventHandler.java:onMessage(61)) - Close container Event triggered for container : #12
2019-07-14 00:59:45,444 INFO  container.CloseContainerEventHandler (CloseContainerEventHandler.java:onMessage(61)) - Close container Event triggered for container : #12
2019-07-14 00:59:45,445 INFO  container.CloseContainerEventHandler (CloseContainerEventHandler.java:onMessage(61)) - Close container Event triggered for container : #12
2019-07-14 00:59:45,445 INFO  container.CloseContainerEventHandler (CloseContainerEventHandler.java:onMessage(61)) - Close container Event triggered for container : #13
2019-07-14 00:59:45,445 INFO  container.CloseContainerEventHandler (CloseContainerEventHandler.java:onMessage(61)) - Close container Event triggered for container : #13
2019-07-14 00:59:45,445 INFO  container.CloseContainerEventHandler (CloseContainerEventHandler.java:onMessage(61)) - Close container Event triggered for container : #13
2019-07-14 00:59:46,437 INFO  interfaces.Container (KeyValueContainer.java:compactDB(356)) - Container 11 is closed with bcsId 69.
2019-07-14 00:59:46,461 INFO  interfaces.Container (KeyValueContainer.java:compactDB(356)) - Container 11 is closed with bcsId 69.
2019-07-14 00:59:46,465 INFO  interfaces.Container (KeyValueContainer.java:compactDB(356)) - Container 11 is closed with bcsId 69.
2019-07-14 00:59:46,524 INFO  interfaces.Container (KeyValueContainer.java:compactDB(356)) - Container 12 is closed with bcsId 85.
2019-07-14 00:59:46,557 INFO  interfaces.Container (KeyValueContainer.java:compactDB(356)) - Container 12 is closed with bcsId 85.
2019-07-14 00:59:46,557 INFO  interfaces.Container (KeyValueContainer.java:compactDB(356)) - Container 12 is closed with bcsId 85.
2019-07-14 00:59:47,305 INFO  interfaces.Container (KeyValueContainer.java:compactDB(356)) - Container 13 is closed with bcsId 73.
2019-07-14 00:59:47,328 INFO  interfaces.Container (KeyValueContainer.java:compactDB(356)) - Container 13 is closed with bcsId 73.
2019-07-14 00:59:47,346 INFO  interfaces.Container (KeyValueContainer.java:compactDB(356)) - Container 13 is closed with bcsId 73.
00:59:47.448 [grpc-default-executor-1] ERROR DNAudit - user=null | ip=null | op=WRITE_CHUNK {blockData=conID: 13 locID: 102437092398137364 bcsId: 73} | ret=FAILURE
org.apache.hadoop.hdds.scm.container.common.helpers.ContainerNotOpenException: Container 13 in CLOSED state
	at org.apache.hadoop.ozone.container.common.impl.HddsDispatcher.validateContainerCommand(HddsDispatcher.java:408) ~[hadoop-hdds-container-service-0.5.0-SNAPSHOT.jar:?]
	at org.apache.hadoop.ozone.container.common.transport.server.ratis.ContainerStateMachine.startTransaction(ContainerStateMachine.java:271) ~[hadoop-hdds-container-service-0.5.0-SNAPSHOT.jar:?]
	at org.apache.ratis.server.impl.RaftServerImpl.submitClientRequestAsync(RaftServerImpl.java:566) ~[ratis-server-0.4.0-2337318-SNAPSHOT.jar:0.4.0-2337318-SNAPSHOT]
	at org.apache.ratis.server.impl.RaftServerProxy.lambda$submitClientRequestAsync$7(RaftServerProxy.java:333) ~[ratis-server-0.4.0-2337318-SNAPSHOT.jar:0.4.0-2337318-SNAPSHOT]
	at org.apache.ratis.server.impl.RaftServerProxy.lambda$null$5(RaftServerProxy.java:328) ~[ratis-server-0.4.0-2337318-SNAPSHOT.jar:0.4.0-2337318-SNAPSHOT]
	at org.apache.ratis.util.JavaUtils.callAsUnchecked(JavaUtils.java:109) ~[ratis-common-0.4.0-2337318-SNAPSHOT.jar:0.4.0-2337318-SNAPSHOT]
	at org.apache.ratis.server.impl.RaftServerProxy.lambda$submitRequest$6(RaftServerProxy.java:328) ~[ratis-server-0.4.0-2337318-SNAPSHOT.jar:0.4.0-2337318-SNAPSHOT]
	at java.util.concurrent.CompletableFuture.uniComposeStage(CompletableFuture.java:981) ~[?:1.8.0_212]
	at java.util.concurrent.CompletableFuture.thenCompose(CompletableFuture.java:2124) ~[?:1.8.0_212]
	at org.apache.ratis.server.impl.RaftServerProxy.submitRequest(RaftServerProxy.java:327) ~[ratis-server-0.4.0-2337318-SNAPSHOT.jar:0.4.0-2337318-SNAPSHOT]
	at org.apache.ratis.server.impl.RaftServerProxy.submitClientRequestAsync(RaftServerProxy.java:333) ~[ratis-server-0.4.0-2337318-SNAPSHOT.jar:0.4.0-2337318-SNAPSHOT]
	at org.apache.ratis.grpc.client.GrpcClientProtocolService$RequestStreamObserver.processClientRequest(GrpcClientProtocolService.java:220) ~[ratis-grpc-0.4.0-2337318-SNAPSHOT.jar:0.4.0-2337318-SNAPSHOT]
	at org.apache.ratis.grpc.client.GrpcClientProtocolService$OrderedRequestStreamObserver.processClientRequest(GrpcClientProtocolService.java:326) ~[ratis-grpc-0.4.0-2337318-SNAPSHOT.jar:0.4.0-2337318-SNAPSHOT]
	at org.apache.ratis.util.SlidingWindow$Server.processRequestsFromHead(SlidingWindow.java:429) [ratis-common-0.4.0-2337318-SNAPSHOT.jar:0.4.0-2337318-SNAPSHOT]
	at org.apache.ratis.util.SlidingWindow$Server.receivedRequest(SlidingWindow.java:421) [ratis-common-0.4.0-2337318-SNAPSHOT.jar:0.4.0-2337318-SNAPSHOT]
	at org.apache.ratis.grpc.client.GrpcClientProtocolService$OrderedRequestStreamObserver.processClientRequest(GrpcClientProtocolService.java:345) [ratis-grpc-0.4.0-2337318-SNAPSHOT.jar:0.4.0-2337318-SNAPSHOT]
	at org.apache.ratis.grpc.client.GrpcClientProtocolService$RequestStreamObserver.onNext(GrpcClientProtocolService.java:240) [ratis-grpc-0.4.0-2337318-SNAPSHOT.jar:0.4.0-2337318-SNAPSHOT]
	at org.apache.ratis.grpc.client.GrpcClientProtocolService$RequestStreamObserver.onNext(GrpcClientProtocolService.java:168) [ratis-grpc-0.4.0-2337318-SNAPSHOT.jar:0.4.0-2337318-SNAPSHOT]
	at org.apache.ratis.thirdparty.io.grpc.stub.ServerCalls$StreamingServerCallHandler$StreamingServerCallListener.onMessage(ServerCalls.java:248) [ratis-thirdparty-misc-0.2.0.jar:0.2.0]
	at org.apache.ratis.thirdparty.io.grpc.internal.ServerCallImpl$ServerStreamListenerImpl.messagesAvailable(ServerCallImpl.java:263) [ratis-thirdparty-misc-0.2.0.jar:0.2.0]
	at org.apache.ratis.thirdparty.io.grpc.internal.ServerImpl$JumpToApplicationThreadServerStreamListener$1MessagesAvailable.runInContext(ServerImpl.java:686) [ratis-thirdparty-misc-0.2.0.jar:0.2.0]
	at org.apache.ratis.thirdparty.io.grpc.internal.ContextRunnable.run(ContextRunnable.java:37) [ratis-thirdparty-misc-0.2.0.jar:0.2.0]
	at org.apache.ratis.thirdparty.io.grpc.internal.SerializingExecutor.run(SerializingExecutor.java:123) [ratis-thirdparty-misc-0.2.0.jar:0.2.0]
	at java.util.concurrent.ThreadPoolExecutor.runWorker(ThreadPoolExecutor.java:1149) [?:1.8.0_212]
	at java.util.concurrent.ThreadPoolExecutor$Worker.run(ThreadPoolExecutor.java:624) [?:1.8.0_212]
	at java.lang.Thread.run(Thread.java:748) [?:1.8.0_212]
00:59:47.456 [grpc-default-executor-1] ERROR DNAudit - user=null | ip=null | op=PUT_BLOCK {blockData=[blockId=conID: 13 locID: 102437092398137364 bcsId: 0,size=2621440]} | ret=FAILURE
org.apache.hadoop.hdds.scm.container.common.helpers.ContainerNotOpenException: Container 13 in CLOSED state
	at org.apache.hadoop.ozone.container.common.impl.HddsDispatcher.validateContainerCommand(HddsDispatcher.java:408) ~[hadoop-hdds-container-service-0.5.0-SNAPSHOT.jar:?]
	at org.apache.hadoop.ozone.container.common.transport.server.ratis.ContainerStateMachine.startTransaction(ContainerStateMachine.java:271) ~[hadoop-hdds-container-service-0.5.0-SNAPSHOT.jar:?]
	at org.apache.ratis.server.impl.RaftServerImpl.submitClientRequestAsync(RaftServerImpl.java:566) ~[ratis-server-0.4.0-2337318-SNAPSHOT.jar:0.4.0-2337318-SNAPSHOT]
	at org.apache.ratis.server.impl.RaftServerProxy.lambda$submitClientRequestAsync$7(RaftServerProxy.java:333) ~[ratis-server-0.4.0-2337318-SNAPSHOT.jar:0.4.0-2337318-SNAPSHOT]
	at org.apache.ratis.server.impl.RaftServerProxy.lambda$null$5(RaftServerProxy.java:328) ~[ratis-server-0.4.0-2337318-SNAPSHOT.jar:0.4.0-2337318-SNAPSHOT]
	at org.apache.ratis.util.JavaUtils.callAsUnchecked(JavaUtils.java:109) ~[ratis-common-0.4.0-2337318-SNAPSHOT.jar:0.4.0-2337318-SNAPSHOT]
	at org.apache.ratis.server.impl.RaftServerProxy.lambda$submitRequest$6(RaftServerProxy.java:328) ~[ratis-server-0.4.0-2337318-SNAPSHOT.jar:0.4.0-2337318-SNAPSHOT]
	at java.util.concurrent.CompletableFuture.uniComposeStage(CompletableFuture.java:981) ~[?:1.8.0_212]
	at java.util.concurrent.CompletableFuture.thenCompose(CompletableFuture.java:2124) ~[?:1.8.0_212]
	at org.apache.ratis.server.impl.RaftServerProxy.submitRequest(RaftServerProxy.java:327) ~[ratis-server-0.4.0-2337318-SNAPSHOT.jar:0.4.0-2337318-SNAPSHOT]
	at org.apache.ratis.server.impl.RaftServerProxy.submitClientRequestAsync(RaftServerProxy.java:333) ~[ratis-server-0.4.0-2337318-SNAPSHOT.jar:0.4.0-2337318-SNAPSHOT]
	at org.apache.ratis.grpc.client.GrpcClientProtocolService$RequestStreamObserver.processClientRequest(GrpcClientProtocolService.java:220) ~[ratis-grpc-0.4.0-2337318-SNAPSHOT.jar:0.4.0-2337318-SNAPSHOT]
	at org.apache.ratis.grpc.client.GrpcClientProtocolService$OrderedRequestStreamObserver.processClientRequest(GrpcClientProtocolService.java:326) ~[ratis-grpc-0.4.0-2337318-SNAPSHOT.jar:0.4.0-2337318-SNAPSHOT]
	at org.apache.ratis.util.SlidingWindow$Server.processRequestsFromHead(SlidingWindow.java:429) [ratis-common-0.4.0-2337318-SNAPSHOT.jar:0.4.0-2337318-SNAPSHOT]
	at org.apache.ratis.util.SlidingWindow$Server.receivedRequest(SlidingWindow.java:421) [ratis-common-0.4.0-2337318-SNAPSHOT.jar:0.4.0-2337318-SNAPSHOT]
	at org.apache.ratis.grpc.client.GrpcClientProtocolService$OrderedRequestStreamObserver.processClientRequest(GrpcClientProtocolService.java:345) [ratis-grpc-0.4.0-2337318-SNAPSHOT.jar:0.4.0-2337318-SNAPSHOT]
	at org.apache.ratis.grpc.client.GrpcClientProtocolService$RequestStreamObserver.onNext(GrpcClientProtocolService.java:240) [ratis-grpc-0.4.0-2337318-SNAPSHOT.jar:0.4.0-2337318-SNAPSHOT]
	at org.apache.ratis.grpc.client.GrpcClientProtocolService$RequestStreamObserver.onNext(GrpcClientProtocolService.java:168) [ratis-grpc-0.4.0-2337318-SNAPSHOT.jar:0.4.0-2337318-SNAPSHOT]
	at org.apache.ratis.thirdparty.io.grpc.stub.ServerCalls$StreamingServerCallHandler$StreamingServerCallListener.onMessage(ServerCalls.java:248) [ratis-thirdparty-misc-0.2.0.jar:0.2.0]
	at org.apache.ratis.thirdparty.io.grpc.internal.ServerCallImpl$ServerStreamListenerImpl.messagesAvailable(ServerCallImpl.java:263) [ratis-thirdparty-misc-0.2.0.jar:0.2.0]
	at org.apache.ratis.thirdparty.io.grpc.internal.ServerImpl$JumpToApplicationThreadServerStreamListener$1MessagesAvailable.runInContext(ServerImpl.java:686) [ratis-thirdparty-misc-0.2.0.jar:0.2.0]
	at org.apache.ratis.thirdparty.io.grpc.internal.ContextRunnable.run(ContextRunnable.java:37) [ratis-thirdparty-misc-0.2.0.jar:0.2.0]
	at org.apache.ratis.thirdparty.io.grpc.internal.SerializingExecutor.run(SerializingExecutor.java:123) [ratis-thirdparty-misc-0.2.0.jar:0.2.0]
	at java.util.concurrent.ThreadPoolExecutor.runWorker(ThreadPoolExecutor.java:1149) [?:1.8.0_212]
	at java.util.concurrent.ThreadPoolExecutor$Worker.run(ThreadPoolExecutor.java:624) [?:1.8.0_212]
	at java.lang.Thread.run(Thread.java:748) [?:1.8.0_212]
2019-07-14 00:59:47,457 INFO  client.GrpcClientProtocolClient (GrpcClientProtocolClient.java:onNext(255)) - client-B57E21B937F0->7eca1d56-b308-4dc8-ae9d-c28d2a691562: receive RaftClientReply:client-B57E21B937F0->7eca1d56-b308-4dc8-ae9d-c28d2a691562@group-BA79B928D33D, cid=111, FAILED org.apache.ratis.protocol.StateMachineException: org.apache.hadoop.hdds.scm.container.common.helpers.ContainerNotOpenException from Server 7eca1d56-b308-4dc8-ae9d-c28d2a691562: Container 13 in CLOSED state, logIndex=0, commits[7eca1d56-b308-4dc8-ae9d-c28d2a691562:c77, 452c6e63-a49e-4e87-b905-0b21e6eecd9f:c76, 4f59f924-1d30-4041-a3c6-040de151e2c2:c76]
2019-07-14 00:59:47,464 INFO  client.GrpcClientProtocolClient (GrpcClientProtocolClient.java:onNext(255)) - client-B57E21B937F0->7eca1d56-b308-4dc8-ae9d-c28d2a691562: receive RaftClientReply:client-B57E21B937F0->7eca1d56-b308-4dc8-ae9d-c28d2a691562@group-BA79B928D33D, cid=112, FAILED org.apache.ratis.protocol.StateMachineException: org.apache.hadoop.hdds.scm.container.common.helpers.ContainerNotOpenException from Server 7eca1d56-b308-4dc8-ae9d-c28d2a691562: Container 13 in CLOSED state, logIndex=0, commits[7eca1d56-b308-4dc8-ae9d-c28d2a691562:c77, 452c6e63-a49e-4e87-b905-0b21e6eecd9f:c76, 4f59f924-1d30-4041-a3c6-040de151e2c2:c76]
2019-07-14 00:59:47,683 INFO  client.GrpcClientProtocolClient (GrpcClientProtocolClient.java:onNext(255)) - client-0BB0B700E90E->2a42f5c7-f7b3-41ce-8fa1-309ec562414f: receive RaftClientReply:client-0BB0B700E90E->2a42f5c7-f7b3-41ce-8fa1-309ec562414f@group-C56B407F6E85, cid=113, SUCCESS, logIndex=94, commits[2a42f5c7-f7b3-41ce-8fa1-309ec562414f:c95, bbdbccfa-f1e7-44a4-8bfd-ac399083e39c:c93, d5464623-c0e3-4c98-be34-d1b326a869c9:c93]
2019-07-14 00:59:47,764 INFO  client.GrpcClientProtocolClient (GrpcClientProtocolClient.java:onNext(255)) - client-0BB0B700E90E->2a42f5c7-f7b3-41ce-8fa1-309ec562414f: receive RaftClientReply:client-0BB0B700E90E->2a42f5c7-f7b3-41ce-8fa1-309ec562414f@group-C56B407F6E85, cid=114, SUCCESS, logIndex=95, commits[2a42f5c7-f7b3-41ce-8fa1-309ec562414f:c97, bbdbccfa-f1e7-44a4-8bfd-ac399083e39c:c95, d5464623-c0e3-4c98-be34-d1b326a869c9:c95]
2019-07-14 00:59:47,946 INFO  pipeline.Pipeline (Pipeline.java:getProtobufMessage(195)) - Serialize pipeline PipelineID=a6aaa2f3-cba6-41bb-9237-c56b407f6e85 with nodesInOrder{ }
2019-07-14 00:59:47,948 INFO  pipeline.Pipeline (Pipeline.java:build(342)) - Deserialize nodesInOrder [d5464623-c0e3-4c98-be34-d1b326a869c9{ip: 192.168.157.230, host: trunk-nightly-sxkq5-3320257302, networkLocation: /default-rack, certSerialId: null}, d5464623-c0e3-4c98-be34-d1b326a869c9{ip: 192.168.157.230, host: trunk-nightly-sxkq5-3320257302, networkLocation: /default-rack, certSerialId: null}, d5464623-c0e3-4c98-be34-d1b326a869c9{ip: 192.168.157.230, host: trunk-nightly-sxkq5-3320257302, networkLocation: /default-rack, certSerialId: null}] in pipeline PipelineID=a6aaa2f3-cba6-41bb-9237-c56b407f6e85
]]></system-out>
  </testcase>
  <testcase name="testMultiBlockWrites3" classname="org.apache.hadoop.ozone.client.rpc.TestCloseContainerHandlingByClient" time="3.758">
    <error type="java.lang.IllegalArgumentException">java.lang.IllegalArgumentException
	at com.google.common.base.Preconditions.checkArgument(Preconditions.java:72)
	at org.apache.hadoop.hdds.scm.XceiverClientManager.acquireClient(XceiverClientManager.java:150)
	at org.apache.hadoop.hdds.scm.XceiverClientManager.acquireClientForReadData(XceiverClientManager.java:143)
	at org.apache.hadoop.hdds.scm.storage.BlockInputStream.getChunkInfos(BlockInputStream.java:154)
	at org.apache.hadoop.hdds.scm.storage.BlockInputStream.initialize(BlockInputStream.java:118)
	at org.apache.hadoop.hdds.scm.storage.BlockInputStream.read(BlockInputStream.java:222)
	at org.apache.hadoop.ozone.client.io.KeyInputStream.read(KeyInputStream.java:171)
	at org.apache.hadoop.ozone.client.io.OzoneInputStream.read(OzoneInputStream.java:47)
	at java.io.InputStream.read(InputStream.java:101)
	at org.apache.hadoop.ozone.client.rpc.TestCloseContainerHandlingByClient.testMultiBlockWrites3(TestCloseContainerHandlingByClient.java:325)
	at sun.reflect.NativeMethodAccessorImpl.invoke0(Native Method)
	at sun.reflect.NativeMethodAccessorImpl.invoke(NativeMethodAccessorImpl.java:62)
	at sun.reflect.DelegatingMethodAccessorImpl.invoke(DelegatingMethodAccessorImpl.java:43)
	at java.lang.reflect.Method.invoke(Method.java:498)
	at org.junit.runners.model.FrameworkMethod$1.runReflectiveCall(FrameworkMethod.java:47)
	at org.junit.internal.runners.model.ReflectiveCallable.run(ReflectiveCallable.java:12)
	at org.junit.runners.model.FrameworkMethod.invokeExplosively(FrameworkMethod.java:44)
	at org.junit.internal.runners.statements.InvokeMethod.evaluate(InvokeMethod.java:17)
	at org.junit.runners.ParentRunner.runLeaf(ParentRunner.java:271)
	at org.junit.runners.BlockJUnit4ClassRunner.runChild(BlockJUnit4ClassRunner.java:70)
	at org.junit.runners.BlockJUnit4ClassRunner.runChild(BlockJUnit4ClassRunner.java:50)
	at org.junit.runners.ParentRunner$3.run(ParentRunner.java:238)
	at org.junit.runners.ParentRunner$1.schedule(ParentRunner.java:63)
	at org.junit.runners.ParentRunner.runChildren(ParentRunner.java:236)
	at org.junit.runners.ParentRunner.access$000(ParentRunner.java:53)
	at org.junit.runners.ParentRunner$2.evaluate(ParentRunner.java:229)
	at org.junit.internal.runners.statements.RunBefores.evaluate(RunBefores.java:26)
	at org.junit.internal.runners.statements.RunAfters.evaluate(RunAfters.java:27)
	at org.junit.runners.ParentRunner.run(ParentRunner.java:309)
	at org.apache.maven.surefire.junit4.JUnit4Provider.execute(JUnit4Provider.java:365)
	at org.apache.maven.surefire.junit4.JUnit4Provider.executeWithRerun(JUnit4Provider.java:273)
	at org.apache.maven.surefire.junit4.JUnit4Provider.executeTestSet(JUnit4Provider.java:238)
	at org.apache.maven.surefire.junit4.JUnit4Provider.invoke(JUnit4Provider.java:159)
	at org.apache.maven.surefire.booter.ForkedBooter.invokeProviderInSameClassLoader(ForkedBooter.java:384)
	at org.apache.maven.surefire.booter.ForkedBooter.runSuitesInProcess(ForkedBooter.java:345)
	at org.apache.maven.surefire.booter.ForkedBooter.execute(ForkedBooter.java:126)
	at org.apache.maven.surefire.booter.ForkedBooter.main(ForkedBooter.java:418)
</error>
    <system-out><![CDATA[2019-07-14 00:59:48,306 INFO  client.GrpcClientProtocolClient (GrpcClientProtocolClient.java:onNext(255)) - client-B57E21B937F0->7eca1d56-b308-4dc8-ae9d-c28d2a691562: receive RaftClientReply:client-B57E21B937F0->7eca1d56-b308-4dc8-ae9d-c28d2a691562@group-BA79B928D33D, cid=115, SUCCESS, logIndex=78, commits[7eca1d56-b308-4dc8-ae9d-c28d2a691562:c81, 452c6e63-a49e-4e87-b905-0b21e6eecd9f:c76, 4f59f924-1d30-4041-a3c6-040de151e2c2:c77]
2019-07-14 00:59:48,370 INFO  client.GrpcClientProtocolClient (GrpcClientProtocolClient.java:onNext(255)) - client-B57E21B937F0->7eca1d56-b308-4dc8-ae9d-c28d2a691562: receive RaftClientReply:client-B57E21B937F0->7eca1d56-b308-4dc8-ae9d-c28d2a691562@group-BA79B928D33D, cid=116, SUCCESS, logIndex=79, commits[7eca1d56-b308-4dc8-ae9d-c28d2a691562:c82, 452c6e63-a49e-4e87-b905-0b21e6eecd9f:c81, 4f59f924-1d30-4041-a3c6-040de151e2c2:c81]
2019-07-14 00:59:48,371 INFO  client.GrpcClientProtocolClient (GrpcClientProtocolClient.java:onNext(255)) - client-B57E21B937F0->7eca1d56-b308-4dc8-ae9d-c28d2a691562: receive RaftClientReply:client-B57E21B937F0->7eca1d56-b308-4dc8-ae9d-c28d2a691562@group-BA79B928D33D, cid=117, SUCCESS, logIndex=80, commits[7eca1d56-b308-4dc8-ae9d-c28d2a691562:c82, 452c6e63-a49e-4e87-b905-0b21e6eecd9f:c81, 4f59f924-1d30-4041-a3c6-040de151e2c2:c81]
2019-07-14 00:59:48,517 INFO  client.GrpcClientProtocolClient (GrpcClientProtocolClient.java:onNext(255)) - client-B57E21B937F0->7eca1d56-b308-4dc8-ae9d-c28d2a691562: receive RaftClientReply:client-B57E21B937F0->7eca1d56-b308-4dc8-ae9d-c28d2a691562@group-BA79B928D33D, cid=118, SUCCESS, logIndex=81, commits[7eca1d56-b308-4dc8-ae9d-c28d2a691562:c82, 452c6e63-a49e-4e87-b905-0b21e6eecd9f:c81, 4f59f924-1d30-4041-a3c6-040de151e2c2:c81]
2019-07-14 00:59:48,547 INFO  client.GrpcClientProtocolClient (GrpcClientProtocolClient.java:onNext(255)) - client-B57E21B937F0->7eca1d56-b308-4dc8-ae9d-c28d2a691562: receive RaftClientReply:client-B57E21B937F0->7eca1d56-b308-4dc8-ae9d-c28d2a691562@group-BA79B928D33D, cid=119, SUCCESS, logIndex=83, commits[7eca1d56-b308-4dc8-ae9d-c28d2a691562:c84, 452c6e63-a49e-4e87-b905-0b21e6eecd9f:c82, 4f59f924-1d30-4041-a3c6-040de151e2c2:c82]
2019-07-14 00:59:48,548 INFO  client.GrpcClientProtocolClient (GrpcClientProtocolClient.java:onNext(255)) - client-B57E21B937F0->7eca1d56-b308-4dc8-ae9d-c28d2a691562: receive RaftClientReply:client-B57E21B937F0->7eca1d56-b308-4dc8-ae9d-c28d2a691562@group-BA79B928D33D, cid=120, SUCCESS, logIndex=84, commits[7eca1d56-b308-4dc8-ae9d-c28d2a691562:c84, 452c6e63-a49e-4e87-b905-0b21e6eecd9f:c82, 4f59f924-1d30-4041-a3c6-040de151e2c2:c82]
2019-07-14 00:59:48,557 INFO  client.GrpcClientProtocolClient (GrpcClientProtocolClient.java:onNext(255)) - client-B57E21B937F0->7eca1d56-b308-4dc8-ae9d-c28d2a691562: receive RaftClientReply:client-B57E21B937F0->7eca1d56-b308-4dc8-ae9d-c28d2a691562@group-BA79B928D33D, cid=121, SUCCESS, logIndex=85, commits[7eca1d56-b308-4dc8-ae9d-c28d2a691562:c86, 452c6e63-a49e-4e87-b905-0b21e6eecd9f:c82, 4f59f924-1d30-4041-a3c6-040de151e2c2:c82]
2019-07-14 00:59:48,558 INFO  client.GrpcClientProtocolClient (GrpcClientProtocolClient.java:onNext(255)) - client-B57E21B937F0->7eca1d56-b308-4dc8-ae9d-c28d2a691562: receive RaftClientReply:client-B57E21B937F0->7eca1d56-b308-4dc8-ae9d-c28d2a691562@group-BA79B928D33D, cid=122, SUCCESS, logIndex=86, commits[7eca1d56-b308-4dc8-ae9d-c28d2a691562:c86, 452c6e63-a49e-4e87-b905-0b21e6eecd9f:c82, 4f59f924-1d30-4041-a3c6-040de151e2c2:c82]
2019-07-14 00:59:48,573 INFO  client.GrpcClientProtocolClient (GrpcClientProtocolClient.java:onNext(255)) - client-B57E21B937F0->7eca1d56-b308-4dc8-ae9d-c28d2a691562: receive RaftClientReply:client-B57E21B937F0->7eca1d56-b308-4dc8-ae9d-c28d2a691562@group-BA79B928D33D, cid=123, SUCCESS, logIndex=0, commits[7eca1d56-b308-4dc8-ae9d-c28d2a691562:c88, 452c6e63-a49e-4e87-b905-0b21e6eecd9f:c86, 4f59f924-1d30-4041-a3c6-040de151e2c2:c84]
2019-07-14 00:59:48,576 INFO  client.GrpcClientProtocolClient (GrpcClientProtocolClient.java:onNext(255)) - client-B57E21B937F0->7eca1d56-b308-4dc8-ae9d-c28d2a691562: receive RaftClientReply:client-B57E21B937F0->7eca1d56-b308-4dc8-ae9d-c28d2a691562@group-BA79B928D33D, cid=124, SUCCESS, logIndex=0, commits[7eca1d56-b308-4dc8-ae9d-c28d2a691562:c88, 452c6e63-a49e-4e87-b905-0b21e6eecd9f:c86, 4f59f924-1d30-4041-a3c6-040de151e2c2:c86]
2019-07-14 00:59:48,754 INFO  client.GrpcClientProtocolClient (GrpcClientProtocolClient.java:onNext(255)) - client-0BB0B700E90E->2a42f5c7-f7b3-41ce-8fa1-309ec562414f: receive RaftClientReply:client-0BB0B700E90E->2a42f5c7-f7b3-41ce-8fa1-309ec562414f@group-C56B407F6E85, cid=125, SUCCESS, logIndex=98, commits[2a42f5c7-f7b3-41ce-8fa1-309ec562414f:c101, bbdbccfa-f1e7-44a4-8bfd-ac399083e39c:c97, d5464623-c0e3-4c98-be34-d1b326a869c9:c97]
2019-07-14 00:59:48,832 INFO  client.GrpcClientProtocolClient (GrpcClientProtocolClient.java:onNext(255)) - client-0BB0B700E90E->2a42f5c7-f7b3-41ce-8fa1-309ec562414f: receive RaftClientReply:client-0BB0B700E90E->2a42f5c7-f7b3-41ce-8fa1-309ec562414f@group-C56B407F6E85, cid=126, SUCCESS, logIndex=99, commits[2a42f5c7-f7b3-41ce-8fa1-309ec562414f:c105, bbdbccfa-f1e7-44a4-8bfd-ac399083e39c:c101, d5464623-c0e3-4c98-be34-d1b326a869c9:c101]
2019-07-14 00:59:48,833 INFO  client.GrpcClientProtocolClient (GrpcClientProtocolClient.java:onNext(255)) - client-0BB0B700E90E->2a42f5c7-f7b3-41ce-8fa1-309ec562414f: receive RaftClientReply:client-0BB0B700E90E->2a42f5c7-f7b3-41ce-8fa1-309ec562414f@group-C56B407F6E85, cid=127, SUCCESS, logIndex=100, commits[2a42f5c7-f7b3-41ce-8fa1-309ec562414f:c105, bbdbccfa-f1e7-44a4-8bfd-ac399083e39c:c101, d5464623-c0e3-4c98-be34-d1b326a869c9:c101]
2019-07-14 00:59:49,014 INFO  client.GrpcClientProtocolClient (GrpcClientProtocolClient.java:onNext(255)) - client-0BB0B700E90E->2a42f5c7-f7b3-41ce-8fa1-309ec562414f: receive RaftClientReply:client-0BB0B700E90E->2a42f5c7-f7b3-41ce-8fa1-309ec562414f@group-C56B407F6E85, cid=128, SUCCESS, logIndex=101, commits[2a42f5c7-f7b3-41ce-8fa1-309ec562414f:c105, bbdbccfa-f1e7-44a4-8bfd-ac399083e39c:c101, d5464623-c0e3-4c98-be34-d1b326a869c9:c101]
2019-07-14 00:59:49,044 INFO  client.GrpcClientProtocolClient (GrpcClientProtocolClient.java:onNext(255)) - client-0BB0B700E90E->2a42f5c7-f7b3-41ce-8fa1-309ec562414f: receive RaftClientReply:client-0BB0B700E90E->2a42f5c7-f7b3-41ce-8fa1-309ec562414f@group-C56B407F6E85, cid=129, SUCCESS, logIndex=106, commits[2a42f5c7-f7b3-41ce-8fa1-309ec562414f:c109, bbdbccfa-f1e7-44a4-8bfd-ac399083e39c:c105, d5464623-c0e3-4c98-be34-d1b326a869c9:c105]
2019-07-14 00:59:49,045 INFO  client.GrpcClientProtocolClient (GrpcClientProtocolClient.java:onNext(255)) - client-0BB0B700E90E->2a42f5c7-f7b3-41ce-8fa1-309ec562414f: receive RaftClientReply:client-0BB0B700E90E->2a42f5c7-f7b3-41ce-8fa1-309ec562414f@group-C56B407F6E85, cid=130, SUCCESS, logIndex=107, commits[2a42f5c7-f7b3-41ce-8fa1-309ec562414f:c109, bbdbccfa-f1e7-44a4-8bfd-ac399083e39c:c105, d5464623-c0e3-4c98-be34-d1b326a869c9:c105]
2019-07-14 00:59:49,045 INFO  client.GrpcClientProtocolClient (GrpcClientProtocolClient.java:onNext(255)) - client-0BB0B700E90E->2a42f5c7-f7b3-41ce-8fa1-309ec562414f: receive RaftClientReply:client-0BB0B700E90E->2a42f5c7-f7b3-41ce-8fa1-309ec562414f@group-C56B407F6E85, cid=131, SUCCESS, logIndex=108, commits[2a42f5c7-f7b3-41ce-8fa1-309ec562414f:c109, bbdbccfa-f1e7-44a4-8bfd-ac399083e39c:c105, d5464623-c0e3-4c98-be34-d1b326a869c9:c105]
2019-07-14 00:59:49,046 INFO  client.GrpcClientProtocolClient (GrpcClientProtocolClient.java:onNext(255)) - client-0BB0B700E90E->2a42f5c7-f7b3-41ce-8fa1-309ec562414f: receive RaftClientReply:client-0BB0B700E90E->2a42f5c7-f7b3-41ce-8fa1-309ec562414f@group-C56B407F6E85, cid=132, SUCCESS, logIndex=109, commits[2a42f5c7-f7b3-41ce-8fa1-309ec562414f:c109, bbdbccfa-f1e7-44a4-8bfd-ac399083e39c:c105, d5464623-c0e3-4c98-be34-d1b326a869c9:c105]
2019-07-14 00:59:49,058 INFO  client.GrpcClientProtocolClient (GrpcClientProtocolClient.java:onNext(255)) - client-0BB0B700E90E->2a42f5c7-f7b3-41ce-8fa1-309ec562414f: receive RaftClientReply:client-0BB0B700E90E->2a42f5c7-f7b3-41ce-8fa1-309ec562414f@group-C56B407F6E85, cid=133, SUCCESS, logIndex=0, commits[2a42f5c7-f7b3-41ce-8fa1-309ec562414f:c111, bbdbccfa-f1e7-44a4-8bfd-ac399083e39c:c107, d5464623-c0e3-4c98-be34-d1b326a869c9:c107]
2019-07-14 00:59:49,061 INFO  client.GrpcClientProtocolClient (GrpcClientProtocolClient.java:onNext(255)) - client-0BB0B700E90E->2a42f5c7-f7b3-41ce-8fa1-309ec562414f: receive RaftClientReply:client-0BB0B700E90E->2a42f5c7-f7b3-41ce-8fa1-309ec562414f@group-C56B407F6E85, cid=134, SUCCESS, logIndex=0, commits[2a42f5c7-f7b3-41ce-8fa1-309ec562414f:c113, bbdbccfa-f1e7-44a4-8bfd-ac399083e39c:c109, d5464623-c0e3-4c98-be34-d1b326a869c9:c109]
2019-07-14 00:59:49,091 INFO  client.GrpcClientProtocolClient (GrpcClientProtocolClient.java:onNext(255)) - client-B57E21B937F0->7eca1d56-b308-4dc8-ae9d-c28d2a691562: receive RaftClientReply:client-B57E21B937F0->7eca1d56-b308-4dc8-ae9d-c28d2a691562@group-BA79B928D33D, cid=135, SUCCESS, logIndex=90, commits[7eca1d56-b308-4dc8-ae9d-c28d2a691562:c91, 452c6e63-a49e-4e87-b905-0b21e6eecd9f:c89, 4f59f924-1d30-4041-a3c6-040de151e2c2:c89]
2019-07-14 00:59:49,091 INFO  client.GrpcClientProtocolClient (GrpcClientProtocolClient.java:onNext(255)) - client-B57E21B937F0->7eca1d56-b308-4dc8-ae9d-c28d2a691562: receive RaftClientReply:client-B57E21B937F0->7eca1d56-b308-4dc8-ae9d-c28d2a691562@group-BA79B928D33D, cid=136, SUCCESS, logIndex=91, commits[7eca1d56-b308-4dc8-ae9d-c28d2a691562:c93, 452c6e63-a49e-4e87-b905-0b21e6eecd9f:c89, 4f59f924-1d30-4041-a3c6-040de151e2c2:c89]
2019-07-14 00:59:49,092 INFO  client.GrpcClientProtocolClient (GrpcClientProtocolClient.java:onNext(255)) - client-B57E21B937F0->7eca1d56-b308-4dc8-ae9d-c28d2a691562: receive RaftClientReply:client-B57E21B937F0->7eca1d56-b308-4dc8-ae9d-c28d2a691562@group-BA79B928D33D, cid=137, SUCCESS, logIndex=92, commits[7eca1d56-b308-4dc8-ae9d-c28d2a691562:c93, 452c6e63-a49e-4e87-b905-0b21e6eecd9f:c89, 4f59f924-1d30-4041-a3c6-040de151e2c2:c89]
2019-07-14 00:59:49,093 INFO  client.GrpcClientProtocolClient (GrpcClientProtocolClient.java:onNext(255)) - client-B57E21B937F0->7eca1d56-b308-4dc8-ae9d-c28d2a691562: receive RaftClientReply:client-B57E21B937F0->7eca1d56-b308-4dc8-ae9d-c28d2a691562@group-BA79B928D33D, cid=138, SUCCESS, logIndex=93, commits[7eca1d56-b308-4dc8-ae9d-c28d2a691562:c93, 452c6e63-a49e-4e87-b905-0b21e6eecd9f:c89, 4f59f924-1d30-4041-a3c6-040de151e2c2:c89]
2019-07-14 00:59:49,117 INFO  client.GrpcClientProtocolClient (GrpcClientProtocolClient.java:onNext(255)) - client-B57E21B937F0->7eca1d56-b308-4dc8-ae9d-c28d2a691562: receive RaftClientReply:client-B57E21B937F0->7eca1d56-b308-4dc8-ae9d-c28d2a691562@group-BA79B928D33D, cid=139, SUCCESS, logIndex=0, commits[7eca1d56-b308-4dc8-ae9d-c28d2a691562:c94, 452c6e63-a49e-4e87-b905-0b21e6eecd9f:c91, 4f59f924-1d30-4041-a3c6-040de151e2c2:c91]
2019-07-14 00:59:49,141 INFO  client.GrpcClientProtocolClient (GrpcClientProtocolClient.java:onNext(255)) - client-B57E21B937F0->7eca1d56-b308-4dc8-ae9d-c28d2a691562: receive RaftClientReply:client-B57E21B937F0->7eca1d56-b308-4dc8-ae9d-c28d2a691562@group-BA79B928D33D, cid=140, SUCCESS, logIndex=98, commits[7eca1d56-b308-4dc8-ae9d-c28d2a691562:c99, 452c6e63-a49e-4e87-b905-0b21e6eecd9f:c97, 4f59f924-1d30-4041-a3c6-040de151e2c2:c97]
2019-07-14 00:59:49,141 INFO  client.GrpcClientProtocolClient (GrpcClientProtocolClient.java:onNext(255)) - client-B57E21B937F0->7eca1d56-b308-4dc8-ae9d-c28d2a691562: receive RaftClientReply:client-B57E21B937F0->7eca1d56-b308-4dc8-ae9d-c28d2a691562@group-BA79B928D33D, cid=141, SUCCESS, logIndex=99, commits[7eca1d56-b308-4dc8-ae9d-c28d2a691562:c99, 452c6e63-a49e-4e87-b905-0b21e6eecd9f:c97, 4f59f924-1d30-4041-a3c6-040de151e2c2:c97]
2019-07-14 00:59:49,167 INFO  client.GrpcClientProtocolClient (GrpcClientProtocolClient.java:onNext(255)) - client-B57E21B937F0->7eca1d56-b308-4dc8-ae9d-c28d2a691562: receive RaftClientReply:client-B57E21B937F0->7eca1d56-b308-4dc8-ae9d-c28d2a691562@group-BA79B928D33D, cid=142, SUCCESS, logIndex=102, commits[7eca1d56-b308-4dc8-ae9d-c28d2a691562:c103, 452c6e63-a49e-4e87-b905-0b21e6eecd9f:c99, 4f59f924-1d30-4041-a3c6-040de151e2c2:c99]
2019-07-14 00:59:49,168 INFO  client.GrpcClientProtocolClient (GrpcClientProtocolClient.java:onNext(255)) - client-B57E21B937F0->7eca1d56-b308-4dc8-ae9d-c28d2a691562: receive RaftClientReply:client-B57E21B937F0->7eca1d56-b308-4dc8-ae9d-c28d2a691562@group-BA79B928D33D, cid=143, SUCCESS, logIndex=103, commits[7eca1d56-b308-4dc8-ae9d-c28d2a691562:c103, 452c6e63-a49e-4e87-b905-0b21e6eecd9f:c99, 4f59f924-1d30-4041-a3c6-040de151e2c2:c99]
2019-07-14 00:59:49,193 INFO  client.GrpcClientProtocolClient (GrpcClientProtocolClient.java:onNext(255)) - client-B57E21B937F0->7eca1d56-b308-4dc8-ae9d-c28d2a691562: receive RaftClientReply:client-B57E21B937F0->7eca1d56-b308-4dc8-ae9d-c28d2a691562@group-BA79B928D33D, cid=144, SUCCESS, logIndex=0, commits[7eca1d56-b308-4dc8-ae9d-c28d2a691562:c105, 452c6e63-a49e-4e87-b905-0b21e6eecd9f:c103, 4f59f924-1d30-4041-a3c6-040de151e2c2:c103]
2019-07-14 00:59:49,196 INFO  container.CloseContainerEventHandler (CloseContainerEventHandler.java:onMessage(61)) - Close container Event triggered for container : #15
2019-07-14 00:59:49,197 INFO  container.CloseContainerEventHandler (CloseContainerEventHandler.java:onMessage(61)) - Close container Event triggered for container : #15
2019-07-14 00:59:49,197 INFO  container.CloseContainerEventHandler (CloseContainerEventHandler.java:onMessage(61)) - Close container Event triggered for container : #15
2019-07-14 00:59:49,197 INFO  container.CloseContainerEventHandler (CloseContainerEventHandler.java:onMessage(61)) - Close container Event triggered for container : #16
2019-07-14 00:59:49,198 INFO  container.CloseContainerEventHandler (CloseContainerEventHandler.java:onMessage(61)) - Close container Event triggered for container : #16
2019-07-14 00:59:49,198 INFO  container.CloseContainerEventHandler (CloseContainerEventHandler.java:onMessage(61)) - Close container Event triggered for container : #16
2019-07-14 00:59:49,198 INFO  container.CloseContainerEventHandler (CloseContainerEventHandler.java:onMessage(61)) - Close container Event triggered for container : #8
2019-07-14 00:59:49,198 INFO  container.CloseContainerEventHandler (CloseContainerEventHandler.java:onMessage(61)) - Close container Event triggered for container : #8
2019-07-14 00:59:49,198 INFO  container.CloseContainerEventHandler (CloseContainerEventHandler.java:onMessage(61)) - Close container Event triggered for container : #8
2019-07-14 00:59:49,199 INFO  container.CloseContainerEventHandler (CloseContainerEventHandler.java:onMessage(61)) - Close container Event triggered for container : #10
2019-07-14 00:59:49,199 INFO  container.CloseContainerEventHandler (CloseContainerEventHandler.java:onMessage(61)) - Close container Event triggered for container : #10
2019-07-14 00:59:49,199 INFO  container.CloseContainerEventHandler (CloseContainerEventHandler.java:onMessage(61)) - Close container Event triggered for container : #10
2019-07-14 00:59:49,216 INFO  client.GrpcClientProtocolClient (GrpcClientProtocolClient.java:onNext(255)) - client-B57E21B937F0->7eca1d56-b308-4dc8-ae9d-c28d2a691562: receive RaftClientReply:client-B57E21B937F0->7eca1d56-b308-4dc8-ae9d-c28d2a691562@group-BA79B928D33D, cid=145, SUCCESS, logIndex=106, commits[7eca1d56-b308-4dc8-ae9d-c28d2a691562:c107, 452c6e63-a49e-4e87-b905-0b21e6eecd9f:c105, 4f59f924-1d30-4041-a3c6-040de151e2c2:c105]
2019-07-14 00:59:49,217 INFO  client.GrpcClientProtocolClient (GrpcClientProtocolClient.java:onNext(255)) - client-B57E21B937F0->7eca1d56-b308-4dc8-ae9d-c28d2a691562: receive RaftClientReply:client-B57E21B937F0->7eca1d56-b308-4dc8-ae9d-c28d2a691562@group-BA79B928D33D, cid=146, SUCCESS, logIndex=107, commits[7eca1d56-b308-4dc8-ae9d-c28d2a691562:c107, 452c6e63-a49e-4e87-b905-0b21e6eecd9f:c105, 4f59f924-1d30-4041-a3c6-040de151e2c2:c105]
2019-07-14 00:59:49,372 INFO  interfaces.Container (KeyValueContainer.java:compactDB(356)) - Container 15 is closed with bcsId 86.
2019-07-14 00:59:49,390 INFO  interfaces.Container (KeyValueContainer.java:compactDB(356)) - Container 15 is closed with bcsId 86.
2019-07-14 00:59:49,390 INFO  interfaces.Container (KeyValueContainer.java:compactDB(356)) - Container 15 is closed with bcsId 86.
2019-07-14 00:59:49,442 INFO  interfaces.Container (KeyValueContainer.java:compactDB(356)) - Container 8 is closed with bcsId 103.
2019-07-14 00:59:49,463 INFO  interfaces.Container (KeyValueContainer.java:compactDB(356)) - Container 8 is closed with bcsId 103.
2019-07-14 00:59:49,480 INFO  interfaces.Container (KeyValueContainer.java:compactDB(356)) - Container 8 is closed with bcsId 103.
2019-07-14 00:59:49,517 INFO  interfaces.Container (KeyValueContainer.java:compactDB(356)) - Container 10 is closed with bcsId 107.
2019-07-14 00:59:49,522 INFO  interfaces.Container (KeyValueContainer.java:compactDB(356)) - Container 10 is closed with bcsId 107.
2019-07-14 00:59:49,532 INFO  interfaces.Container (KeyValueContainer.java:compactDB(356)) - Container 10 is closed with bcsId 107.
2019-07-14 00:59:50,808 INFO  interfaces.Container (KeyValueContainer.java:compactDB(356)) - Container 16 is closed with bcsId 109.
2019-07-14 00:59:50,812 INFO  interfaces.Container (KeyValueContainer.java:compactDB(356)) - Container 16 is closed with bcsId 109.
2019-07-14 00:59:50,825 INFO  interfaces.Container (KeyValueContainer.java:compactDB(356)) - Container 16 is closed with bcsId 109.
00:59:51.204 [grpc-default-executor-1] ERROR DNAudit - user=null | ip=null | op=WRITE_CHUNK {blockData=conID: 10 locID: 102437092586815514 bcsId: 107} | ret=FAILURE
org.apache.hadoop.hdds.scm.container.common.helpers.ContainerNotOpenException: Container 10 in CLOSED state
	at org.apache.hadoop.ozone.container.common.impl.HddsDispatcher.validateContainerCommand(HddsDispatcher.java:408) ~[hadoop-hdds-container-service-0.5.0-SNAPSHOT.jar:?]
	at org.apache.hadoop.ozone.container.common.transport.server.ratis.ContainerStateMachine.startTransaction(ContainerStateMachine.java:271) ~[hadoop-hdds-container-service-0.5.0-SNAPSHOT.jar:?]
	at org.apache.ratis.server.impl.RaftServerImpl.submitClientRequestAsync(RaftServerImpl.java:566) ~[ratis-server-0.4.0-2337318-SNAPSHOT.jar:0.4.0-2337318-SNAPSHOT]
	at org.apache.ratis.server.impl.RaftServerProxy.lambda$submitClientRequestAsync$7(RaftServerProxy.java:333) ~[ratis-server-0.4.0-2337318-SNAPSHOT.jar:0.4.0-2337318-SNAPSHOT]
	at org.apache.ratis.server.impl.RaftServerProxy.lambda$null$5(RaftServerProxy.java:328) ~[ratis-server-0.4.0-2337318-SNAPSHOT.jar:0.4.0-2337318-SNAPSHOT]
	at org.apache.ratis.util.JavaUtils.callAsUnchecked(JavaUtils.java:109) ~[ratis-common-0.4.0-2337318-SNAPSHOT.jar:0.4.0-2337318-SNAPSHOT]
	at org.apache.ratis.server.impl.RaftServerProxy.lambda$submitRequest$6(RaftServerProxy.java:328) ~[ratis-server-0.4.0-2337318-SNAPSHOT.jar:0.4.0-2337318-SNAPSHOT]
	at java.util.concurrent.CompletableFuture.uniComposeStage(CompletableFuture.java:981) ~[?:1.8.0_212]
	at java.util.concurrent.CompletableFuture.thenCompose(CompletableFuture.java:2124) ~[?:1.8.0_212]
	at org.apache.ratis.server.impl.RaftServerProxy.submitRequest(RaftServerProxy.java:327) ~[ratis-server-0.4.0-2337318-SNAPSHOT.jar:0.4.0-2337318-SNAPSHOT]
	at org.apache.ratis.server.impl.RaftServerProxy.submitClientRequestAsync(RaftServerProxy.java:333) ~[ratis-server-0.4.0-2337318-SNAPSHOT.jar:0.4.0-2337318-SNAPSHOT]
	at org.apache.ratis.grpc.client.GrpcClientProtocolService$RequestStreamObserver.processClientRequest(GrpcClientProtocolService.java:220) ~[ratis-grpc-0.4.0-2337318-SNAPSHOT.jar:0.4.0-2337318-SNAPSHOT]
	at org.apache.ratis.grpc.client.GrpcClientProtocolService$OrderedRequestStreamObserver.processClientRequest(GrpcClientProtocolService.java:326) ~[ratis-grpc-0.4.0-2337318-SNAPSHOT.jar:0.4.0-2337318-SNAPSHOT]
	at org.apache.ratis.util.SlidingWindow$Server.processRequestsFromHead(SlidingWindow.java:429) [ratis-common-0.4.0-2337318-SNAPSHOT.jar:0.4.0-2337318-SNAPSHOT]
	at org.apache.ratis.util.SlidingWindow$Server.receivedRequest(SlidingWindow.java:421) [ratis-common-0.4.0-2337318-SNAPSHOT.jar:0.4.0-2337318-SNAPSHOT]
	at org.apache.ratis.grpc.client.GrpcClientProtocolService$OrderedRequestStreamObserver.processClientRequest(GrpcClientProtocolService.java:345) [ratis-grpc-0.4.0-2337318-SNAPSHOT.jar:0.4.0-2337318-SNAPSHOT]
	at org.apache.ratis.grpc.client.GrpcClientProtocolService$RequestStreamObserver.onNext(GrpcClientProtocolService.java:240) [ratis-grpc-0.4.0-2337318-SNAPSHOT.jar:0.4.0-2337318-SNAPSHOT]
	at org.apache.ratis.grpc.client.GrpcClientProtocolService$RequestStreamObserver.onNext(GrpcClientProtocolService.java:168) [ratis-grpc-0.4.0-2337318-SNAPSHOT.jar:0.4.0-2337318-SNAPSHOT]
	at org.apache.ratis.thirdparty.io.grpc.stub.ServerCalls$StreamingServerCallHandler$StreamingServerCallListener.onMessage(ServerCalls.java:248) [ratis-thirdparty-misc-0.2.0.jar:0.2.0]
	at org.apache.ratis.thirdparty.io.grpc.internal.ServerCallImpl$ServerStreamListenerImpl.messagesAvailable(ServerCallImpl.java:263) [ratis-thirdparty-misc-0.2.0.jar:0.2.0]
	at org.apache.ratis.thirdparty.io.grpc.internal.ServerImpl$JumpToApplicationThreadServerStreamListener$1MessagesAvailable.runInContext(ServerImpl.java:686) [ratis-thirdparty-misc-0.2.0.jar:0.2.0]
	at org.apache.ratis.thirdparty.io.grpc.internal.ContextRunnable.run(ContextRunnable.java:37) [ratis-thirdparty-misc-0.2.0.jar:0.2.0]
	at org.apache.ratis.thirdparty.io.grpc.internal.SerializingExecutor.run(SerializingExecutor.java:123) [ratis-thirdparty-misc-0.2.0.jar:0.2.0]
	at java.util.concurrent.ThreadPoolExecutor.runWorker(ThreadPoolExecutor.java:1149) [?:1.8.0_212]
	at java.util.concurrent.ThreadPoolExecutor$Worker.run(ThreadPoolExecutor.java:624) [?:1.8.0_212]
	at java.lang.Thread.run(Thread.java:748) [?:1.8.0_212]
00:59:51.213 [grpc-default-executor-1] ERROR DNAudit - user=null | ip=null | op=PUT_BLOCK {blockData=[blockId=conID: 10 locID: 102437092586815514 bcsId: 0,size=2097152]} | ret=FAILURE
org.apache.hadoop.hdds.scm.container.common.helpers.ContainerNotOpenException: Container 10 in CLOSED state
	at org.apache.hadoop.ozone.container.common.impl.HddsDispatcher.validateContainerCommand(HddsDispatcher.java:408) ~[hadoop-hdds-container-service-0.5.0-SNAPSHOT.jar:?]
	at org.apache.hadoop.ozone.container.common.transport.server.ratis.ContainerStateMachine.startTransaction(ContainerStateMachine.java:271) ~[hadoop-hdds-container-service-0.5.0-SNAPSHOT.jar:?]
	at org.apache.ratis.server.impl.RaftServerImpl.submitClientRequestAsync(RaftServerImpl.java:566) ~[ratis-server-0.4.0-2337318-SNAPSHOT.jar:0.4.0-2337318-SNAPSHOT]
	at org.apache.ratis.server.impl.RaftServerProxy.lambda$submitClientRequestAsync$7(RaftServerProxy.java:333) ~[ratis-server-0.4.0-2337318-SNAPSHOT.jar:0.4.0-2337318-SNAPSHOT]
	at org.apache.ratis.server.impl.RaftServerProxy.lambda$null$5(RaftServerProxy.java:328) ~[ratis-server-0.4.0-2337318-SNAPSHOT.jar:0.4.0-2337318-SNAPSHOT]
	at org.apache.ratis.util.JavaUtils.callAsUnchecked(JavaUtils.java:109) ~[ratis-common-0.4.0-2337318-SNAPSHOT.jar:0.4.0-2337318-SNAPSHOT]
	at org.apache.ratis.server.impl.RaftServerProxy.lambda$submitRequest$6(RaftServerProxy.java:328) ~[ratis-server-0.4.0-2337318-SNAPSHOT.jar:0.4.0-2337318-SNAPSHOT]
	at java.util.concurrent.CompletableFuture.uniComposeStage(CompletableFuture.java:981) ~[?:1.8.0_212]
	at java.util.concurrent.CompletableFuture.thenCompose(CompletableFuture.java:2124) ~[?:1.8.0_212]
	at org.apache.ratis.server.impl.RaftServerProxy.submitRequest(RaftServerProxy.java:327) ~[ratis-server-0.4.0-2337318-SNAPSHOT.jar:0.4.0-2337318-SNAPSHOT]
	at org.apache.ratis.server.impl.RaftServerProxy.submitClientRequestAsync(RaftServerProxy.java:333) ~[ratis-server-0.4.0-2337318-SNAPSHOT.jar:0.4.0-2337318-SNAPSHOT]
	at org.apache.ratis.grpc.client.GrpcClientProtocolService$RequestStreamObserver.processClientRequest(GrpcClientProtocolService.java:220) ~[ratis-grpc-0.4.0-2337318-SNAPSHOT.jar:0.4.0-2337318-SNAPSHOT]
	at org.apache.ratis.grpc.client.GrpcClientProtocolService$OrderedRequestStreamObserver.processClientRequest(GrpcClientProtocolService.java:326) ~[ratis-grpc-0.4.0-2337318-SNAPSHOT.jar:0.4.0-2337318-SNAPSHOT]
	at org.apache.ratis.util.SlidingWindow$Server.processRequestsFromHead(SlidingWindow.java:429) [ratis-common-0.4.0-2337318-SNAPSHOT.jar:0.4.0-2337318-SNAPSHOT]
	at org.apache.ratis.util.SlidingWindow$Server.receivedRequest(SlidingWindow.java:421) [ratis-common-0.4.0-2337318-SNAPSHOT.jar:0.4.0-2337318-SNAPSHOT]
	at org.apache.ratis.grpc.client.GrpcClientProtocolService$OrderedRequestStreamObserver.processClientRequest(GrpcClientProtocolService.java:345) [ratis-grpc-0.4.0-2337318-SNAPSHOT.jar:0.4.0-2337318-SNAPSHOT]
	at org.apache.ratis.grpc.client.GrpcClientProtocolService$RequestStreamObserver.onNext(GrpcClientProtocolService.java:240) [ratis-grpc-0.4.0-2337318-SNAPSHOT.jar:0.4.0-2337318-SNAPSHOT]
	at org.apache.ratis.grpc.client.GrpcClientProtocolService$RequestStreamObserver.onNext(GrpcClientProtocolService.java:168) [ratis-grpc-0.4.0-2337318-SNAPSHOT.jar:0.4.0-2337318-SNAPSHOT]
	at org.apache.ratis.thirdparty.io.grpc.stub.ServerCalls$StreamingServerCallHandler$StreamingServerCallListener.onMessage(ServerCalls.java:248) [ratis-thirdparty-misc-0.2.0.jar:0.2.0]
	at org.apache.ratis.thirdparty.io.grpc.internal.ServerCallImpl$ServerStreamListenerImpl.messagesAvailable(ServerCallImpl.java:263) [ratis-thirdparty-misc-0.2.0.jar:0.2.0]
	at org.apache.ratis.thirdparty.io.grpc.internal.ServerImpl$JumpToApplicationThreadServerStreamListener$1MessagesAvailable.runInContext(ServerImpl.java:686) [ratis-thirdparty-misc-0.2.0.jar:0.2.0]
	at org.apache.ratis.thirdparty.io.grpc.internal.ContextRunnable.run(ContextRunnable.java:37) [ratis-thirdparty-misc-0.2.0.jar:0.2.0]
	at org.apache.ratis.thirdparty.io.grpc.internal.SerializingExecutor.run(SerializingExecutor.java:123) [ratis-thirdparty-misc-0.2.0.jar:0.2.0]
	at java.util.concurrent.ThreadPoolExecutor.runWorker(ThreadPoolExecutor.java:1149) [?:1.8.0_212]
	at java.util.concurrent.ThreadPoolExecutor$Worker.run(ThreadPoolExecutor.java:624) [?:1.8.0_212]
	at java.lang.Thread.run(Thread.java:748) [?:1.8.0_212]
2019-07-14 00:59:51,214 INFO  client.GrpcClientProtocolClient (GrpcClientProtocolClient.java:onNext(255)) - client-B57E21B937F0->7eca1d56-b308-4dc8-ae9d-c28d2a691562: receive RaftClientReply:client-B57E21B937F0->7eca1d56-b308-4dc8-ae9d-c28d2a691562@group-BA79B928D33D, cid=147, FAILED org.apache.ratis.protocol.StateMachineException: org.apache.hadoop.hdds.scm.container.common.helpers.ContainerNotOpenException from Server 7eca1d56-b308-4dc8-ae9d-c28d2a691562: Container 10 in CLOSED state, logIndex=0, commits[7eca1d56-b308-4dc8-ae9d-c28d2a691562:c115, 452c6e63-a49e-4e87-b905-0b21e6eecd9f:c114, 4f59f924-1d30-4041-a3c6-040de151e2c2:c114]
2019-07-14 00:59:51,221 INFO  client.GrpcClientProtocolClient (GrpcClientProtocolClient.java:onNext(255)) - client-B57E21B937F0->7eca1d56-b308-4dc8-ae9d-c28d2a691562: receive RaftClientReply:client-B57E21B937F0->7eca1d56-b308-4dc8-ae9d-c28d2a691562@group-BA79B928D33D, cid=148, FAILED org.apache.ratis.protocol.StateMachineException: org.apache.hadoop.hdds.scm.container.common.helpers.ContainerNotOpenException from Server 7eca1d56-b308-4dc8-ae9d-c28d2a691562: Container 10 in CLOSED state, logIndex=0, commits[7eca1d56-b308-4dc8-ae9d-c28d2a691562:c115, 452c6e63-a49e-4e87-b905-0b21e6eecd9f:c114, 4f59f924-1d30-4041-a3c6-040de151e2c2:c114]
2019-07-14 00:59:51,405 INFO  client.GrpcClientProtocolClient (GrpcClientProtocolClient.java:onNext(255)) - client-B57E21B937F0->7eca1d56-b308-4dc8-ae9d-c28d2a691562: receive RaftClientReply:client-B57E21B937F0->7eca1d56-b308-4dc8-ae9d-c28d2a691562@group-BA79B928D33D, cid=149, SUCCESS, logIndex=116, commits[7eca1d56-b308-4dc8-ae9d-c28d2a691562:c118, 452c6e63-a49e-4e87-b905-0b21e6eecd9f:c115, 4f59f924-1d30-4041-a3c6-040de151e2c2:c115]
2019-07-14 00:59:51,493 INFO  client.GrpcClientProtocolClient (GrpcClientProtocolClient.java:onNext(255)) - client-B57E21B937F0->7eca1d56-b308-4dc8-ae9d-c28d2a691562: receive RaftClientReply:client-B57E21B937F0->7eca1d56-b308-4dc8-ae9d-c28d2a691562@group-BA79B928D33D, cid=150, SUCCESS, logIndex=117, commits[7eca1d56-b308-4dc8-ae9d-c28d2a691562:c123, 452c6e63-a49e-4e87-b905-0b21e6eecd9f:c119, 4f59f924-1d30-4041-a3c6-040de151e2c2:c119]
2019-07-14 00:59:51,494 INFO  client.GrpcClientProtocolClient (GrpcClientProtocolClient.java:onNext(255)) - client-B57E21B937F0->7eca1d56-b308-4dc8-ae9d-c28d2a691562: receive RaftClientReply:client-B57E21B937F0->7eca1d56-b308-4dc8-ae9d-c28d2a691562@group-BA79B928D33D, cid=151, SUCCESS, logIndex=118, commits[7eca1d56-b308-4dc8-ae9d-c28d2a691562:c123, 452c6e63-a49e-4e87-b905-0b21e6eecd9f:c119, 4f59f924-1d30-4041-a3c6-040de151e2c2:c119]
2019-07-14 00:59:51,634 INFO  client.GrpcClientProtocolClient (GrpcClientProtocolClient.java:onNext(255)) - client-B57E21B937F0->7eca1d56-b308-4dc8-ae9d-c28d2a691562: receive RaftClientReply:client-B57E21B937F0->7eca1d56-b308-4dc8-ae9d-c28d2a691562@group-BA79B928D33D, cid=152, SUCCESS, logIndex=119, commits[7eca1d56-b308-4dc8-ae9d-c28d2a691562:c123, 452c6e63-a49e-4e87-b905-0b21e6eecd9f:c119, 4f59f924-1d30-4041-a3c6-040de151e2c2:c119]
2019-07-14 00:59:51,661 INFO  client.GrpcClientProtocolClient (GrpcClientProtocolClient.java:onNext(255)) - client-B57E21B937F0->7eca1d56-b308-4dc8-ae9d-c28d2a691562: receive RaftClientReply:client-B57E21B937F0->7eca1d56-b308-4dc8-ae9d-c28d2a691562@group-BA79B928D33D, cid=153, SUCCESS, logIndex=124, commits[7eca1d56-b308-4dc8-ae9d-c28d2a691562:c125, 452c6e63-a49e-4e87-b905-0b21e6eecd9f:c123, 4f59f924-1d30-4041-a3c6-040de151e2c2:c123]
2019-07-14 00:59:51,662 INFO  client.GrpcClientProtocolClient (GrpcClientProtocolClient.java:onNext(255)) - client-B57E21B937F0->7eca1d56-b308-4dc8-ae9d-c28d2a691562: receive RaftClientReply:client-B57E21B937F0->7eca1d56-b308-4dc8-ae9d-c28d2a691562@group-BA79B928D33D, cid=154, SUCCESS, logIndex=125, commits[7eca1d56-b308-4dc8-ae9d-c28d2a691562:c127, 452c6e63-a49e-4e87-b905-0b21e6eecd9f:c123, 4f59f924-1d30-4041-a3c6-040de151e2c2:c123]
2019-07-14 00:59:51,663 INFO  client.GrpcClientProtocolClient (GrpcClientProtocolClient.java:onNext(255)) - client-B57E21B937F0->7eca1d56-b308-4dc8-ae9d-c28d2a691562: receive RaftClientReply:client-B57E21B937F0->7eca1d56-b308-4dc8-ae9d-c28d2a691562@group-BA79B928D33D, cid=155, SUCCESS, logIndex=126, commits[7eca1d56-b308-4dc8-ae9d-c28d2a691562:c127, 452c6e63-a49e-4e87-b905-0b21e6eecd9f:c123, 4f59f924-1d30-4041-a3c6-040de151e2c2:c123]
2019-07-14 00:59:51,663 INFO  client.GrpcClientProtocolClient (GrpcClientProtocolClient.java:onNext(255)) - client-B57E21B937F0->7eca1d56-b308-4dc8-ae9d-c28d2a691562: receive RaftClientReply:client-B57E21B937F0->7eca1d56-b308-4dc8-ae9d-c28d2a691562@group-BA79B928D33D, cid=156, SUCCESS, logIndex=127, commits[7eca1d56-b308-4dc8-ae9d-c28d2a691562:c127, 452c6e63-a49e-4e87-b905-0b21e6eecd9f:c123, 4f59f924-1d30-4041-a3c6-040de151e2c2:c123]
2019-07-14 00:59:51,676 INFO  client.GrpcClientProtocolClient (GrpcClientProtocolClient.java:onNext(255)) - client-B57E21B937F0->7eca1d56-b308-4dc8-ae9d-c28d2a691562: receive RaftClientReply:client-B57E21B937F0->7eca1d56-b308-4dc8-ae9d-c28d2a691562@group-BA79B928D33D, cid=157, SUCCESS, logIndex=0, commits[7eca1d56-b308-4dc8-ae9d-c28d2a691562:c129, 452c6e63-a49e-4e87-b905-0b21e6eecd9f:c125, 4f59f924-1d30-4041-a3c6-040de151e2c2:c125]
2019-07-14 00:59:51,678 INFO  client.GrpcClientProtocolClient (GrpcClientProtocolClient.java:onNext(255)) - client-B57E21B937F0->7eca1d56-b308-4dc8-ae9d-c28d2a691562: receive RaftClientReply:client-B57E21B937F0->7eca1d56-b308-4dc8-ae9d-c28d2a691562@group-BA79B928D33D, cid=158, SUCCESS, logIndex=0, commits[7eca1d56-b308-4dc8-ae9d-c28d2a691562:c131, 452c6e63-a49e-4e87-b905-0b21e6eecd9f:c127, 4f59f924-1d30-4041-a3c6-040de151e2c2:c127]
2019-07-14 00:59:51,702 INFO  pipeline.Pipeline (Pipeline.java:getProtobufMessage(195)) - Serialize pipeline PipelineID=4b63ee52-1634-4402-8eee-ba79b928d33d with nodesInOrder{ }
]]></system-out>
  </testcase>
  <testcase name="testDiscardPreallocatedBlocks" classname="org.apache.hadoop.ozone.client.rpc.TestCloseContainerHandlingByClient" time="0">
    <skipped/>
  </testcase>
</testsuite>