<?xml version="1.0" encoding="UTF-8"?>
<testsuite xmlns:xsi="http://www.w3.org/2001/XMLSchema-instance" xsi:noNamespaceSchemaLocation="https://maven.apache.org/surefire/maven-surefire-plugin/xsd/surefire-test-report.xsd" name="org.apache.hadoop.ozone.client.rpc.TestOzoneClientRetriesOnException" time="85.305" tests="2" errors="1" skipped="0" failures="0">
  <properties>
    <property name="awt.toolkit" value="sun.awt.X11.XToolkit"/>
    <property name="file.encoding.pkg" value="sun.io"/>
    <property name="java.specification.version" value="1.8"/>
    <property name="sun.cpu.isalist" value=""/>
    <property name="sun.jnu.encoding" value="UTF-8"/>
    <property name="java.class.path" value="/tmp/workdir/hadoop-ozone/integration-test/target/test-classes:/tmp/workdir/hadoop-ozone/integration-test/target/classes:/home/user/.m2/repository/org/apache/hadoop/hadoop-ozone-common/0.5.0-SNAPSHOT/hadoop-ozone-common-0.5.0-SNAPSHOT.jar:/home/user/.m2/repository/org/apache/commons/commons-compress/1.4.1/commons-compress-1.4.1.jar:/home/user/.m2/repository/org/tukaani/xz/1.0/xz-1.0.jar:/home/user/.m2/repository/org/apache/hadoop/hadoop-common/3.2.0/hadoop-common-3.2.0.jar:/home/user/.m2/repository/org/apache/hadoop/hadoop-hdfs/3.2.0/hadoop-hdfs-3.2.0.jar:/home/user/.m2/repository/org/apache/hadoop/hadoop-hdfs-client/3.2.0/hadoop-hdfs-client-3.2.0.jar:/home/user/.m2/repository/com/fasterxml/jackson/core/jackson-annotations/2.9.5/jackson-annotations-2.9.5.jar:/home/user/.m2/repository/org/apache/hadoop/hadoop-hdds-common/0.5.0-SNAPSHOT/hadoop-hdds-common-0.5.0-SNAPSHOT.jar:/home/user/.m2/repository/javax/annotation/javax.annotation-api/1.2/javax.annotation-api-1.2.jar:/home/user/.m2/repository/org/apache/ratis/ratis-server/0.4.0-2337318-SNAPSHOT/ratis-server-0.4.0-2337318-SNAPSHOT.jar:/home/user/.m2/repository/org/apache/ratis/ratis-thirdparty-misc/0.2.0/ratis-thirdparty-misc-0.2.0.jar:/home/user/.m2/repository/org/apache/ratis/ratis-proto/0.4.0-2337318-SNAPSHOT/ratis-proto-0.4.0-2337318-SNAPSHOT.jar:/home/user/.m2/repository/org/apache/ratis/ratis-common/0.4.0-2337318-SNAPSHOT/ratis-common-0.4.0-2337318-SNAPSHOT.jar:/home/user/.m2/repository/org/apache/ratis/ratis-client/0.4.0-2337318-SNAPSHOT/ratis-client-0.4.0-2337318-SNAPSHOT.jar:/home/user/.m2/repository/org/apache/ratis/ratis-metrics/0.4.0-2337318-SNAPSHOT/ratis-metrics-0.4.0-2337318-SNAPSHOT.jar:/home/user/.m2/repository/org/apache/ratis/ratis-netty/0.4.0-2337318-SNAPSHOT/ratis-netty-0.4.0-2337318-SNAPSHOT.jar:/home/user/.m2/repository/org/apache/ratis/ratis-grpc/0.4.0-2337318-SNAPSHOT/ratis-grpc-0.4.0-2337318-SNAPSHOT.jar:/home/user/.m2/repository/org/rocksdb/rocksdbjni/6.0.1/rocksdbjni-6.0.1.jar:/home/user/.m2/repository/org/apache/logging/log4j/log4j-api/2.11.0/log4j-api-2.11.0.jar:/home/user/.m2/repository/org/apache/logging/log4j/log4j-core/2.11.0/log4j-core-2.11.0.jar:/home/user/.m2/repository/com/lmax/disruptor/3.4.2/disruptor-3.4.2.jar:/home/user/.m2/repository/org/apache/commons/commons-pool2/2.6.0/commons-pool2-2.6.0.jar:/home/user/.m2/repository/org/bouncycastle/bcpkix-jdk15on/1.60/bcpkix-jdk15on-1.60.jar:/home/user/.m2/repository/commons-validator/commons-validator/1.6/commons-validator-1.6.jar:/home/user/.m2/repository/commons-digester/commons-digester/1.8.1/commons-digester-1.8.1.jar:/home/user/.m2/repository/io/jaegertracing/jaeger-client/0.33.1/jaeger-client-0.33.1.jar:/home/user/.m2/repository/io/jaegertracing/jaeger-thrift/0.33.1/jaeger-thrift-0.33.1.jar:/home/user/.m2/repository/org/apache/thrift/libthrift/0.11.0/libthrift-0.11.0.jar:/home/user/.m2/repository/com/squareup/okhttp3/okhttp/3.9.0/okhttp-3.9.0.jar:/home/user/.m2/repository/com/squareup/okio/okio/1.13.0/okio-1.13.0.jar:/home/user/.m2/repository/io/jaegertracing/jaeger-core/0.33.1/jaeger-core-0.33.1.jar:/home/user/.m2/repository/io/jaegertracing/jaeger-tracerresolver/0.33.1/jaeger-tracerresolver-0.33.1.jar:/home/user/.m2/repository/io/opentracing/contrib/opentracing-tracerresolver/0.1.5/opentracing-tracerresolver-0.1.5.jar:/home/user/.m2/repository/io/opentracing/opentracing-util/0.31.0/opentracing-util-0.31.0.jar:/home/user/.m2/repository/io/opentracing/opentracing-api/0.31.0/opentracing-api-0.31.0.jar:/home/user/.m2/repository/io/opentracing/opentracing-noop/0.31.0/opentracing-noop-0.31.0.jar:/home/user/.m2/repository/org/apache/hadoop/hadoop-hdds-server-framework/0.5.0-SNAPSHOT/hadoop-hdds-server-framework-0.5.0-SNAPSHOT.jar:/home/user/.m2/repository/org/apache/hadoop/hadoop-hdds-container-service/0.5.0-SNAPSHOT/hadoop-hdds-container-service-0.5.0-SNAPSHOT.jar:/home/user/.m2/repository/org/apache/hadoop/hadoop-hdds-client/0.5.0-SNAPSHOT/hadoop-hdds-client-0.5.0-SNAPSHOT.jar:/home/user/.m2/repository/org/apache/hadoop/hadoop-hdds-tools/0.5.0-SNAPSHOT/hadoop-hdds-tools-0.5.0-SNAPSHOT.jar:/home/user/.m2/repository/org/apache/hadoop/hadoop-hdds-server-scm/0.5.0-SNAPSHOT/hadoop-hdds-server-scm-0.5.0-SNAPSHOT.jar:/home/user/.m2/repository/org/apache/hadoop/hadoop-hdds-docs/0.5.0-SNAPSHOT/hadoop-hdds-docs-0.5.0-SNAPSHOT.jar:/home/user/.m2/repository/io/dropwizard/metrics/metrics-core/3.2.4/metrics-core-3.2.4.jar:/home/user/.m2/repository/org/hamcrest/hamcrest-all/1.3/hamcrest-all-1.3.jar:/home/user/.m2/repository/org/bouncycastle/bcprov-jdk15on/1.60/bcprov-jdk15on-1.60.jar:/home/user/.m2/repository/info/picocli/picocli/3.9.6/picocli-3.9.6.jar:/home/user/.m2/repository/com/google/protobuf/protobuf-java/2.5.0/protobuf-java-2.5.0.jar:/home/user/.m2/repository/com/google/guava/guava/11.0.2/guava-11.0.2.jar:/home/user/.m2/repository/org/apache/hadoop/hadoop-ozone-ozone-manager/0.5.0-SNAPSHOT/hadoop-ozone-ozone-manager-0.5.0-SNAPSHOT.jar:/home/user/.m2/repository/org/apache/hadoop/hadoop-minikdc/3.2.0/hadoop-minikdc-3.2.0.jar:/home/user/.m2/repository/commons-io/commons-io/2.5/commons-io-2.5.jar:/home/user/.m2/repository/org/apache/kerby/kerb-simplekdc/1.0.1/kerb-simplekdc-1.0.1.jar:/home/user/.m2/repository/org/apache/kerby/kerb-client/1.0.1/kerb-client-1.0.1.jar:/home/user/.m2/repository/org/apache/kerby/kerby-config/1.0.1/kerby-config-1.0.1.jar:/home/user/.m2/repository/org/apache/kerby/kerb-core/1.0.1/kerb-core-1.0.1.jar:/home/user/.m2/repository/org/apache/kerby/kerby-pkix/1.0.1/kerby-pkix-1.0.1.jar:/home/user/.m2/repository/org/apache/kerby/kerby-asn1/1.0.1/kerby-asn1-1.0.1.jar:/home/user/.m2/repository/org/apache/kerby/kerby-util/1.0.1/kerby-util-1.0.1.jar:/home/user/.m2/repository/org/apache/kerby/kerb-common/1.0.1/kerb-common-1.0.1.jar:/home/user/.m2/repository/org/apache/kerby/kerb-crypto/1.0.1/kerb-crypto-1.0.1.jar:/home/user/.m2/repository/org/apache/kerby/kerb-util/1.0.1/kerb-util-1.0.1.jar:/home/user/.m2/repository/org/apache/kerby/token-provider/1.0.1/token-provider-1.0.1.jar:/home/user/.m2/repository/org/apache/kerby/kerb-admin/1.0.1/kerb-admin-1.0.1.jar:/home/user/.m2/repository/org/apache/kerby/kerb-server/1.0.1/kerb-server-1.0.1.jar:/home/user/.m2/repository/org/apache/kerby/kerb-identity/1.0.1/kerb-identity-1.0.1.jar:/home/user/.m2/repository/org/apache/kerby/kerby-xdr/1.0.1/kerby-xdr-1.0.1.jar:/home/user/.m2/repository/org/slf4j/slf4j-log4j12/1.7.25/slf4j-log4j12-1.7.25.jar:/home/user/.m2/repository/org/apache/hadoop/hadoop-ozone-objectstore-service/0.5.0-SNAPSHOT/hadoop-ozone-objectstore-service-0.5.0-SNAPSHOT.jar:/home/user/.m2/repository/org/apache/hadoop/hadoop-ozone-s3gateway/0.5.0-SNAPSHOT/hadoop-ozone-s3gateway-0.5.0-SNAPSHOT.jar:/home/user/.m2/repository/org/jboss/weld/servlet/weld-servlet/2.4.7.Final/weld-servlet-2.4.7.Final.jar:/home/user/.m2/repository/org/glassfish/jersey/containers/jersey-container-servlet-core/2.27/jersey-container-servlet-core-2.27.jar:/home/user/.m2/repository/org/glassfish/hk2/external/javax.inject/2.5.0-b42/javax.inject-2.5.0-b42.jar:/home/user/.m2/repository/org/glassfish/jersey/core/jersey-common/2.27/jersey-common-2.27.jar:/home/user/.m2/repository/org/glassfish/hk2/osgi-resource-locator/1.0.1/osgi-resource-locator-1.0.1.jar:/home/user/.m2/repository/javax/ws/rs/javax.ws.rs-api/2.1/javax.ws.rs-api-2.1.jar:/home/user/.m2/repository/org/glassfish/jersey/ext/cdi/jersey-cdi1x/2.27/jersey-cdi1x-2.27.jar:/home/user/.m2/repository/org/glassfish/jersey/inject/jersey-hk2/2.27/jersey-hk2-2.27.jar:/home/user/.m2/repository/org/glassfish/hk2/hk2-locator/2.5.0-b42/hk2-locator-2.5.0-b42.jar:/home/user/.m2/repository/org/javassist/javassist/3.22.0-CR2/javassist-3.22.0-CR2.jar:/home/user/.m2/repository/org/glassfish/hk2/hk2-api/2.5.0/hk2-api-2.5.0.jar:/home/user/.m2/repository/org/glassfish/hk2/external/jakarta.inject/2.5.0/jakarta.inject-2.5.0.jar:/home/user/.m2/repository/org/glassfish/hk2/hk2-utils/2.5.0/hk2-utils-2.5.0.jar:/home/user/.m2/repository/jakarta/annotation/jakarta.annotation-api/1.3.4/jakarta.annotation-api-1.3.4.jar:/home/user/.m2/repository/org/glassfish/hk2/external/aopalliance-repackaged/2.5.0/aopalliance-repackaged-2.5.0.jar:/home/user/.m2/repository/com/fasterxml/jackson/dataformat/jackson-dataformat-xml/2.9.0/jackson-dataformat-xml-2.9.0.jar:/home/user/.m2/repository/com/fasterxml/jackson/core/jackson-core/2.9.5/jackson-core-2.9.5.jar:/home/user/.m2/repository/com/fasterxml/jackson/module/jackson-module-jaxb-annotations/2.9.5/jackson-module-jaxb-annotations-2.9.5.jar:/home/user/.m2/repository/javax/enterprise/cdi-api/1.2/cdi-api-1.2.jar:/home/user/.m2/repository/javax/el/javax.el-api/3.0.0/javax.el-api-3.0.0.jar:/home/user/.m2/repository/javax/interceptor/javax.interceptor-api/1.2/javax.interceptor-api-1.2.jar:/home/user/.m2/repository/javax/inject/javax.inject/1/javax.inject-1.jar:/home/user/.m2/repository/com/sun/xml/bind/jaxb-impl/2.3.0.1/jaxb-impl-2.3.0.1.jar:/home/user/.m2/repository/com/sun/xml/bind/jaxb-core/2.3.0.1/jaxb-core-2.3.0.1.jar:/home/user/.m2/repository/javax/xml/bind/jaxb-api/2.3.0/jaxb-api-2.3.0.jar:/home/user/.m2/repository/javax/activation/activation/1.1.1/activation-1.1.1.jar:/home/user/.m2/repository/org/apache/hadoop/hadoop-ozone-csi/0.5.0-SNAPSHOT/hadoop-ozone-csi-0.5.0-SNAPSHOT.jar:/home/user/.m2/repository/com/google/protobuf/protobuf-java-util/3.5.1/protobuf-java-util-3.5.1.jar:/home/user/.m2/repository/org/apache/hadoop/hadoop-hdds-config/0.5.0-SNAPSHOT/hadoop-hdds-config-0.5.0-SNAPSHOT.jar:/home/user/.m2/repository/io/grpc/grpc-netty/1.17.1/grpc-netty-1.17.1.jar:/home/user/.m2/repository/io/grpc/grpc-core/1.17.1/grpc-core-1.17.1.jar:/home/user/.m2/repository/io/grpc/grpc-context/1.17.1/grpc-context-1.17.1.jar:/home/user/.m2/repository/com/google/errorprone/error_prone_annotations/2.2.0/error_prone_annotations-2.2.0.jar:/home/user/.m2/repository/org/codehaus/mojo/animal-sniffer-annotations/1.17/animal-sniffer-annotations-1.17.jar:/home/user/.m2/repository/io/opencensus/opencensus-api/0.17.0/opencensus-api-0.17.0.jar:/home/user/.m2/repository/io/opencensus/opencensus-contrib-grpc-metrics/0.17.0/opencensus-contrib-grpc-metrics-0.17.0.jar:/home/user/.m2/repository/io/netty/netty-codec-http2/4.1.30.Final/netty-codec-http2-4.1.30.Final.jar:/home/user/.m2/repository/io/netty/netty-codec-http/4.1.30.Final/netty-codec-http-4.1.30.Final.jar:/home/user/.m2/repository/io/netty/netty-codec/4.1.30.Final/netty-codec-4.1.30.Final.jar:/home/user/.m2/repository/io/netty/netty-handler/4.1.30.Final/netty-handler-4.1.30.Final.jar:/home/user/.m2/repository/io/netty/netty-handler-proxy/4.1.30.Final/netty-handler-proxy-4.1.30.Final.jar:/home/user/.m2/repository/io/netty/netty-codec-socks/4.1.30.Final/netty-codec-socks-4.1.30.Final.jar:/home/user/.m2/repository/io/netty/netty-transport-native-epoll/4.1.30.Final/netty-transport-native-epoll-4.1.30.Final.jar:/home/user/.m2/repository/io/netty/netty-common/4.1.30.Final/netty-common-4.1.30.Final.jar:/home/user/.m2/repository/io/netty/netty-buffer/4.1.30.Final/netty-buffer-4.1.30.Final.jar:/home/user/.m2/repository/io/netty/netty-transport/4.1.30.Final/netty-transport-4.1.30.Final.jar:/home/user/.m2/repository/io/netty/netty-resolver/4.1.30.Final/netty-resolver-4.1.30.Final.jar:/home/user/.m2/repository/io/netty/netty-transport-native-unix-common/4.1.30.Final/netty-transport-native-unix-common-4.1.30.Final.jar:/home/user/.m2/repository/io/grpc/grpc-protobuf/1.17.1/grpc-protobuf-1.17.1.jar:/home/user/.m2/repository/com/google/api/grpc/proto-google-common-protos/1.0.0/proto-google-common-protos-1.0.0.jar:/home/user/.m2/repository/io/grpc/grpc-protobuf-lite/1.17.1/grpc-protobuf-lite-1.17.1.jar:/home/user/.m2/repository/io/grpc/grpc-stub/1.17.1/grpc-stub-1.17.1.jar:/home/user/.m2/repository/org/apache/hadoop/hadoop-ozone-recon/0.5.0-SNAPSHOT/hadoop-ozone-recon-0.5.0-SNAPSHOT.jar:/home/user/.m2/repository/org/apache/hadoop/hadoop-ozone-reconcodegen/0.5.0-SNAPSHOT/hadoop-ozone-reconcodegen-0.5.0-SNAPSHOT.jar:/home/user/.m2/repository/com/google/inject/extensions/guice-multibindings/4.0/guice-multibindings-4.0.jar:/home/user/.m2/repository/com/google/inject/guice/4.0/guice-4.0.jar:/home/user/.m2/repository/aopalliance/aopalliance/1.0/aopalliance-1.0.jar:/home/user/.m2/repository/com/google/inject/extensions/guice-servlet/4.0/guice-servlet-4.0.jar:/home/user/.m2/repository/org/glassfish/jersey/containers/jersey-container-servlet/2.27/jersey-container-servlet-2.27.jar:/home/user/.m2/repository/org/glassfish/hk2/guice-bridge/2.5.0/guice-bridge-2.5.0.jar:/home/user/.m2/repository/org/glassfish/jersey/core/jersey-server/2.27/jersey-server-2.27.jar:/home/user/.m2/repository/org/glassfish/jersey/core/jersey-client/2.27/jersey-client-2.27.jar:/home/user/.m2/repository/org/glassfish/jersey/media/jersey-media-jaxb/2.27/jersey-media-jaxb-2.27.jar:/home/user/.m2/repository/javax/validation/validation-api/1.1.0.Final/validation-api-1.1.0.Final.jar:/home/user/.m2/repository/org/glassfish/jersey/media/jersey-media-json-jackson/2.27/jersey-media-json-jackson-2.27.jar:/home/user/.m2/repository/org/glassfish/jersey/ext/jersey-entity-filtering/2.27/jersey-entity-filtering-2.27.jar:/home/user/.m2/repository/com/google/inject/extensions/guice-assistedinject/4.0/guice-assistedinject-4.0.jar:/home/user/.m2/repository/org/jooq/jooq/3.11.10/jooq-3.11.10.jar:/home/user/.m2/repository/org/jooq/jooq-meta/3.11.10/jooq-meta-3.11.10.jar:/home/user/.m2/repository/org/jooq/jooq-codegen/3.11.10/jooq-codegen-3.11.10.jar:/home/user/.m2/repository/com/jolbox/bonecp/0.8.0.RELEASE/bonecp-0.8.0.RELEASE.jar:/home/user/.m2/repository/org/xerial/sqlite-jdbc/3.25.2/sqlite-jdbc-3.25.2.jar:/home/user/.m2/repository/org/springframework/spring-jdbc/5.1.3.RELEASE/spring-jdbc-5.1.3.RELEASE.jar:/home/user/.m2/repository/org/springframework/spring-beans/5.1.3.RELEASE/spring-beans-5.1.3.RELEASE.jar:/home/user/.m2/repository/org/springframework/spring-core/5.1.3.RELEASE/spring-core-5.1.3.RELEASE.jar:/home/user/.m2/repository/org/springframework/spring-jcl/5.1.3.RELEASE/spring-jcl-5.1.3.RELEASE.jar:/home/user/.m2/repository/org/springframework/spring-tx/5.1.3.RELEASE/spring-tx-5.1.3.RELEASE.jar:/home/user/.m2/repository/org/apache/hadoop/hadoop-ozone-client/0.5.0-SNAPSHOT/hadoop-ozone-client-0.5.0-SNAPSHOT.jar:/home/user/.m2/repository/commons-lang/commons-lang/2.6/commons-lang-2.6.jar:/home/user/.m2/repository/org/apache/hadoop/hadoop-ozone-ozone-manager/0.5.0-SNAPSHOT/hadoop-ozone-ozone-manager-0.5.0-SNAPSHOT-tests.jar:/home/user/.m2/repository/junit/junit/4.11/junit-4.11.jar:/home/user/.m2/repository/org/hamcrest/hamcrest-core/1.3/hamcrest-core-1.3.jar:/home/user/.m2/repository/org/openjdk/jmh/jmh-core/1.19/jmh-core-1.19.jar:/home/user/.m2/repository/net/sf/jopt-simple/jopt-simple/4.6/jopt-simple-4.6.jar:/home/user/.m2/repository/org/apache/commons/commons-math3/3.1.1/commons-math3-3.1.1.jar:/home/user/.m2/repository/org/openjdk/jmh/jmh-generator-annprocess/1.19/jmh-generator-annprocess-1.19.jar:/home/user/.m2/repository/org/mockito/mockito-all/1.8.5/mockito-all-1.8.5.jar:/home/user/.m2/repository/org/apache/hadoop/hadoop-kms/3.2.0/hadoop-kms-3.2.0.jar:/home/user/.m2/repository/org/apache/hadoop/hadoop-auth/3.2.0/hadoop-auth-3.2.0.jar:/home/user/.m2/repository/com/nimbusds/nimbus-jose-jwt/4.41.1/nimbus-jose-jwt-4.41.1.jar:/home/user/.m2/repository/com/github/stephenc/jcip/jcip-annotations/1.0-1/jcip-annotations-1.0-1.jar:/home/user/.m2/repository/net/minidev/json-smart/2.3/json-smart-2.3.jar:/home/user/.m2/repository/net/minidev/accessors-smart/1.2/accessors-smart-1.2.jar:/home/user/.m2/repository/org/ow2/asm/asm/5.0.4/asm-5.0.4.jar:/home/user/.m2/repository/org/apache/curator/curator-framework/2.12.0/curator-framework-2.12.0.jar:/home/user/.m2/repository/com/sun/jersey/jersey-core/1.19/jersey-core-1.19.jar:/home/user/.m2/repository/javax/ws/rs/jsr311-api/1.1.1/jsr311-api-1.1.1.jar:/home/user/.m2/repository/com/sun/jersey/jersey-server/1.19/jersey-server-1.19.jar:/home/user/.m2/repository/javax/servlet/javax.servlet-api/3.1.0/javax.servlet-api-3.1.0.jar:/home/user/.m2/repository/org/eclipse/jetty/jetty-server/9.3.24.v20180605/jetty-server-9.3.24.v20180605.jar:/home/user/.m2/repository/org/eclipse/jetty/jetty-http/9.3.24.v20180605/jetty-http-9.3.24.v20180605.jar:/home/user/.m2/repository/org/eclipse/jetty/jetty-io/9.3.24.v20180605/jetty-io-9.3.24.v20180605.jar:/home/user/.m2/repository/org/eclipse/jetty/jetty-webapp/9.3.24.v20180605/jetty-webapp-9.3.24.v20180605.jar:/home/user/.m2/repository/org/eclipse/jetty/jetty-xml/9.3.24.v20180605/jetty-xml-9.3.24.v20180605.jar:/home/user/.m2/repository/log4j/log4j/1.2.17/log4j-1.2.17.jar:/home/user/.m2/repository/org/slf4j/slf4j-api/1.7.25/slf4j-api-1.7.25.jar:/home/user/.m2/repository/org/slf4j/jul-to-slf4j/1.7.25/jul-to-slf4j-1.7.25.jar:/home/user/.m2/repository/org/eclipse/jetty/jetty-util/9.3.24.v20180605/jetty-util-9.3.24.v20180605.jar:/home/user/.m2/repository/com/fasterxml/jackson/core/jackson-databind/2.9.5/jackson-databind-2.9.5.jar:/home/user/.m2/repository/org/apache/hadoop/hadoop-kms/3.2.0/hadoop-kms-3.2.0-tests.jar:/home/user/.m2/repository/org/apache/hadoop/hadoop-hdds-server-scm/0.5.0-SNAPSHOT/hadoop-hdds-server-scm-0.5.0-SNAPSHOT-tests.jar:/home/user/.m2/repository/org/apache/hadoop/hadoop-hdds-container-service/0.5.0-SNAPSHOT/hadoop-hdds-container-service-0.5.0-SNAPSHOT-tests.jar:/home/user/.m2/repository/org/yaml/snakeyaml/1.16/snakeyaml-1.16.jar:/home/user/.m2/repository/org/apache/hadoop/hadoop-common/3.2.0/hadoop-common-3.2.0-tests.jar:/home/user/.m2/repository/org/apache/hadoop/hadoop-annotations/3.2.0/hadoop-annotations-3.2.0.jar:/usr/lib/jvm/java-1.8-openjdk/jre/../lib/tools.jar:/home/user/.m2/repository/commons-cli/commons-cli/1.2/commons-cli-1.2.jar:/home/user/.m2/repository/org/apache/httpcomponents/httpclient/4.5.2/httpclient-4.5.2.jar:/home/user/.m2/repository/org/apache/httpcomponents/httpcore/4.4.4/httpcore-4.4.4.jar:/home/user/.m2/repository/commons-codec/commons-codec/1.11/commons-codec-1.11.jar:/home/user/.m2/repository/commons-net/commons-net/3.6/commons-net-3.6.jar:/home/user/.m2/repository/commons-collections/commons-collections/3.2.2/commons-collections-3.2.2.jar:/home/user/.m2/repository/org/eclipse/jetty/jetty-servlet/9.3.24.v20180605/jetty-servlet-9.3.24.v20180605.jar:/home/user/.m2/repository/org/eclipse/jetty/jetty-security/9.3.24.v20180605/jetty-security-9.3.24.v20180605.jar:/home/user/.m2/repository/javax/servlet/jsp/jsp-api/2.1/jsp-api-2.1.jar:/home/user/.m2/repository/com/sun/jersey/jersey-servlet/1.19/jersey-servlet-1.19.jar:/home/user/.m2/repository/com/sun/jersey/jersey-json/1.19/jersey-json-1.19.jar:/home/user/.m2/repository/org/codehaus/jettison/jettison/1.1/jettison-1.1.jar:/home/user/.m2/repository/org/codehaus/jackson/jackson-core-asl/1.9.13/jackson-core-asl-1.9.13.jar:/home/user/.m2/repository/org/codehaus/jackson/jackson-mapper-asl/1.9.13/jackson-mapper-asl-1.9.13.jar:/home/user/.m2/repository/org/codehaus/jackson/jackson-jaxrs/1.9.13/jackson-jaxrs-1.9.13.jar:/home/user/.m2/repository/org/codehaus/jackson/jackson-xc/1.9.13/jackson-xc-1.9.13.jar:/home/user/.m2/repository/commons-logging/commons-logging/1.1.3/commons-logging-1.1.3.jar:/home/user/.m2/repository/commons-beanutils/commons-beanutils/1.9.3/commons-beanutils-1.9.3.jar:/home/user/.m2/repository/org/apache/commons/commons-configuration2/2.1.1/commons-configuration2-2.1.1.jar:/home/user/.m2/repository/org/apache/commons/commons-lang3/3.7/commons-lang3-3.7.jar:/home/user/.m2/repository/org/apache/commons/commons-text/1.4/commons-text-1.4.jar:/home/user/.m2/repository/org/apache/avro/avro/1.7.7/avro-1.7.7.jar:/home/user/.m2/repository/com/thoughtworks/paranamer/paranamer/2.3/paranamer-2.3.jar:/home/user/.m2/repository/org/xerial/snappy/snappy-java/1.0.5/snappy-java-1.0.5.jar:/home/user/.m2/repository/com/google/re2j/re2j/1.1/re2j-1.1.jar:/home/user/.m2/repository/com/google/code/gson/gson/2.2.4/gson-2.2.4.jar:/home/user/.m2/repository/com/jcraft/jsch/0.1.54/jsch-0.1.54.jar:/home/user/.m2/repository/org/apache/curator/curator-client/2.12.0/curator-client-2.12.0.jar:/home/user/.m2/repository/org/apache/curator/curator-recipes/2.12.0/curator-recipes-2.12.0.jar:/home/user/.m2/repository/com/google/code/findbugs/jsr305/3.0.0/jsr305-3.0.0.jar:/home/user/.m2/repository/org/apache/htrace/htrace-core4/4.1.0-incubating/htrace-core4-4.1.0-incubating.jar:/home/user/.m2/repository/org/apache/zookeeper/zookeeper/3.4.13/zookeeper-3.4.13.jar:/home/user/.m2/repository/org/apache/yetus/audience-annotations/0.5.0/audience-annotations-0.5.0.jar:/home/user/.m2/repository/org/codehaus/woodstox/stax2-api/3.1.4/stax2-api-3.1.4.jar:/home/user/.m2/repository/com/fasterxml/woodstox/woodstox-core/5.0.3/woodstox-core-5.0.3.jar:/home/user/.m2/repository/dnsjava/dnsjava/2.1.7/dnsjava-2.1.7.jar:/home/user/.m2/repository/org/apache/hadoop/hadoop-hdfs/3.2.0/hadoop-hdfs-3.2.0-tests.jar:/home/user/.m2/repository/org/eclipse/jetty/jetty-util-ajax/9.3.24.v20180605/jetty-util-ajax-9.3.24.v20180605.jar:/home/user/.m2/repository/commons-daemon/commons-daemon/1.0.13/commons-daemon-1.0.13.jar:/home/user/.m2/repository/io/netty/netty/3.10.5.Final/netty-3.10.5.Final.jar:/home/user/.m2/repository/io/netty/netty-all/4.0.52.Final/netty-all-4.0.52.Final.jar:/home/user/.m2/repository/org/fusesource/leveldbjni/leveldbjni-all/1.8/leveldbjni-all-1.8.jar:"/>
    <property name="java.vm.vendor" value="IcedTea"/>
    <property name="sun.arch.data.model" value="64"/>
    <property name="test.build.dir" value="/tmp/workdir/hadoop-ozone/integration-test/target/test-dir"/>
    <property name="test.cache.data" value=""/>
    <property name="java.vendor.url" value="https://icedtea.classpath.org"/>
    <property name="user.timezone" value=""/>
    <property name="java.vm.specification.version" value="1.8"/>
    <property name="os.name" value="Linux"/>
    <property name="test.build.data" value="/tmp/workdir/hadoop-ozone/integration-test/target/test-dir"/>
    <property name="user.country" value="US"/>
    <property name="sun.java.launcher" value="SUN_STANDARD"/>
    <property name="sun.boot.library.path" value="/usr/lib/jvm/java-1.8-openjdk/jre/lib/amd64"/>
    <property name="sun.java.command" value="/tmp/workdir/hadoop-ozone/integration-test/target/surefire/surefirebooter9183402781508717342.jar /tmp/workdir/hadoop-ozone/integration-test/target/surefire 2019-07-14T00-11-12_381-jvmRun1 surefire3675792403601443194tmp surefire_403611128027401024883tmp"/>
    <property name="surefire.test.class.path" value="/tmp/workdir/hadoop-ozone/integration-test/target/test-classes:/tmp/workdir/hadoop-ozone/integration-test/target/classes:/home/user/.m2/repository/org/apache/hadoop/hadoop-ozone-common/0.5.0-SNAPSHOT/hadoop-ozone-common-0.5.0-SNAPSHOT.jar:/home/user/.m2/repository/org/apache/commons/commons-compress/1.4.1/commons-compress-1.4.1.jar:/home/user/.m2/repository/org/tukaani/xz/1.0/xz-1.0.jar:/home/user/.m2/repository/org/apache/hadoop/hadoop-common/3.2.0/hadoop-common-3.2.0.jar:/home/user/.m2/repository/org/apache/hadoop/hadoop-hdfs/3.2.0/hadoop-hdfs-3.2.0.jar:/home/user/.m2/repository/org/apache/hadoop/hadoop-hdfs-client/3.2.0/hadoop-hdfs-client-3.2.0.jar:/home/user/.m2/repository/com/fasterxml/jackson/core/jackson-annotations/2.9.5/jackson-annotations-2.9.5.jar:/home/user/.m2/repository/org/apache/hadoop/hadoop-hdds-common/0.5.0-SNAPSHOT/hadoop-hdds-common-0.5.0-SNAPSHOT.jar:/home/user/.m2/repository/javax/annotation/javax.annotation-api/1.2/javax.annotation-api-1.2.jar:/home/user/.m2/repository/org/apache/ratis/ratis-server/0.4.0-2337318-SNAPSHOT/ratis-server-0.4.0-2337318-SNAPSHOT.jar:/home/user/.m2/repository/org/apache/ratis/ratis-thirdparty-misc/0.2.0/ratis-thirdparty-misc-0.2.0.jar:/home/user/.m2/repository/org/apache/ratis/ratis-proto/0.4.0-2337318-SNAPSHOT/ratis-proto-0.4.0-2337318-SNAPSHOT.jar:/home/user/.m2/repository/org/apache/ratis/ratis-common/0.4.0-2337318-SNAPSHOT/ratis-common-0.4.0-2337318-SNAPSHOT.jar:/home/user/.m2/repository/org/apache/ratis/ratis-client/0.4.0-2337318-SNAPSHOT/ratis-client-0.4.0-2337318-SNAPSHOT.jar:/home/user/.m2/repository/org/apache/ratis/ratis-metrics/0.4.0-2337318-SNAPSHOT/ratis-metrics-0.4.0-2337318-SNAPSHOT.jar:/home/user/.m2/repository/org/apache/ratis/ratis-netty/0.4.0-2337318-SNAPSHOT/ratis-netty-0.4.0-2337318-SNAPSHOT.jar:/home/user/.m2/repository/org/apache/ratis/ratis-grpc/0.4.0-2337318-SNAPSHOT/ratis-grpc-0.4.0-2337318-SNAPSHOT.jar:/home/user/.m2/repository/org/rocksdb/rocksdbjni/6.0.1/rocksdbjni-6.0.1.jar:/home/user/.m2/repository/org/apache/logging/log4j/log4j-api/2.11.0/log4j-api-2.11.0.jar:/home/user/.m2/repository/org/apache/logging/log4j/log4j-core/2.11.0/log4j-core-2.11.0.jar:/home/user/.m2/repository/com/lmax/disruptor/3.4.2/disruptor-3.4.2.jar:/home/user/.m2/repository/org/apache/commons/commons-pool2/2.6.0/commons-pool2-2.6.0.jar:/home/user/.m2/repository/org/bouncycastle/bcpkix-jdk15on/1.60/bcpkix-jdk15on-1.60.jar:/home/user/.m2/repository/commons-validator/commons-validator/1.6/commons-validator-1.6.jar:/home/user/.m2/repository/commons-digester/commons-digester/1.8.1/commons-digester-1.8.1.jar:/home/user/.m2/repository/io/jaegertracing/jaeger-client/0.33.1/jaeger-client-0.33.1.jar:/home/user/.m2/repository/io/jaegertracing/jaeger-thrift/0.33.1/jaeger-thrift-0.33.1.jar:/home/user/.m2/repository/org/apache/thrift/libthrift/0.11.0/libthrift-0.11.0.jar:/home/user/.m2/repository/com/squareup/okhttp3/okhttp/3.9.0/okhttp-3.9.0.jar:/home/user/.m2/repository/com/squareup/okio/okio/1.13.0/okio-1.13.0.jar:/home/user/.m2/repository/io/jaegertracing/jaeger-core/0.33.1/jaeger-core-0.33.1.jar:/home/user/.m2/repository/io/jaegertracing/jaeger-tracerresolver/0.33.1/jaeger-tracerresolver-0.33.1.jar:/home/user/.m2/repository/io/opentracing/contrib/opentracing-tracerresolver/0.1.5/opentracing-tracerresolver-0.1.5.jar:/home/user/.m2/repository/io/opentracing/opentracing-util/0.31.0/opentracing-util-0.31.0.jar:/home/user/.m2/repository/io/opentracing/opentracing-api/0.31.0/opentracing-api-0.31.0.jar:/home/user/.m2/repository/io/opentracing/opentracing-noop/0.31.0/opentracing-noop-0.31.0.jar:/home/user/.m2/repository/org/apache/hadoop/hadoop-hdds-server-framework/0.5.0-SNAPSHOT/hadoop-hdds-server-framework-0.5.0-SNAPSHOT.jar:/home/user/.m2/repository/org/apache/hadoop/hadoop-hdds-container-service/0.5.0-SNAPSHOT/hadoop-hdds-container-service-0.5.0-SNAPSHOT.jar:/home/user/.m2/repository/org/apache/hadoop/hadoop-hdds-client/0.5.0-SNAPSHOT/hadoop-hdds-client-0.5.0-SNAPSHOT.jar:/home/user/.m2/repository/org/apache/hadoop/hadoop-hdds-tools/0.5.0-SNAPSHOT/hadoop-hdds-tools-0.5.0-SNAPSHOT.jar:/home/user/.m2/repository/org/apache/hadoop/hadoop-hdds-server-scm/0.5.0-SNAPSHOT/hadoop-hdds-server-scm-0.5.0-SNAPSHOT.jar:/home/user/.m2/repository/org/apache/hadoop/hadoop-hdds-docs/0.5.0-SNAPSHOT/hadoop-hdds-docs-0.5.0-SNAPSHOT.jar:/home/user/.m2/repository/io/dropwizard/metrics/metrics-core/3.2.4/metrics-core-3.2.4.jar:/home/user/.m2/repository/org/hamcrest/hamcrest-all/1.3/hamcrest-all-1.3.jar:/home/user/.m2/repository/org/bouncycastle/bcprov-jdk15on/1.60/bcprov-jdk15on-1.60.jar:/home/user/.m2/repository/info/picocli/picocli/3.9.6/picocli-3.9.6.jar:/home/user/.m2/repository/com/google/protobuf/protobuf-java/2.5.0/protobuf-java-2.5.0.jar:/home/user/.m2/repository/com/google/guava/guava/11.0.2/guava-11.0.2.jar:/home/user/.m2/repository/org/apache/hadoop/hadoop-ozone-ozone-manager/0.5.0-SNAPSHOT/hadoop-ozone-ozone-manager-0.5.0-SNAPSHOT.jar:/home/user/.m2/repository/org/apache/hadoop/hadoop-minikdc/3.2.0/hadoop-minikdc-3.2.0.jar:/home/user/.m2/repository/commons-io/commons-io/2.5/commons-io-2.5.jar:/home/user/.m2/repository/org/apache/kerby/kerb-simplekdc/1.0.1/kerb-simplekdc-1.0.1.jar:/home/user/.m2/repository/org/apache/kerby/kerb-client/1.0.1/kerb-client-1.0.1.jar:/home/user/.m2/repository/org/apache/kerby/kerby-config/1.0.1/kerby-config-1.0.1.jar:/home/user/.m2/repository/org/apache/kerby/kerb-core/1.0.1/kerb-core-1.0.1.jar:/home/user/.m2/repository/org/apache/kerby/kerby-pkix/1.0.1/kerby-pkix-1.0.1.jar:/home/user/.m2/repository/org/apache/kerby/kerby-asn1/1.0.1/kerby-asn1-1.0.1.jar:/home/user/.m2/repository/org/apache/kerby/kerby-util/1.0.1/kerby-util-1.0.1.jar:/home/user/.m2/repository/org/apache/kerby/kerb-common/1.0.1/kerb-common-1.0.1.jar:/home/user/.m2/repository/org/apache/kerby/kerb-crypto/1.0.1/kerb-crypto-1.0.1.jar:/home/user/.m2/repository/org/apache/kerby/kerb-util/1.0.1/kerb-util-1.0.1.jar:/home/user/.m2/repository/org/apache/kerby/token-provider/1.0.1/token-provider-1.0.1.jar:/home/user/.m2/repository/org/apache/kerby/kerb-admin/1.0.1/kerb-admin-1.0.1.jar:/home/user/.m2/repository/org/apache/kerby/kerb-server/1.0.1/kerb-server-1.0.1.jar:/home/user/.m2/repository/org/apache/kerby/kerb-identity/1.0.1/kerb-identity-1.0.1.jar:/home/user/.m2/repository/org/apache/kerby/kerby-xdr/1.0.1/kerby-xdr-1.0.1.jar:/home/user/.m2/repository/org/slf4j/slf4j-log4j12/1.7.25/slf4j-log4j12-1.7.25.jar:/home/user/.m2/repository/org/apache/hadoop/hadoop-ozone-objectstore-service/0.5.0-SNAPSHOT/hadoop-ozone-objectstore-service-0.5.0-SNAPSHOT.jar:/home/user/.m2/repository/org/apache/hadoop/hadoop-ozone-s3gateway/0.5.0-SNAPSHOT/hadoop-ozone-s3gateway-0.5.0-SNAPSHOT.jar:/home/user/.m2/repository/org/jboss/weld/servlet/weld-servlet/2.4.7.Final/weld-servlet-2.4.7.Final.jar:/home/user/.m2/repository/org/glassfish/jersey/containers/jersey-container-servlet-core/2.27/jersey-container-servlet-core-2.27.jar:/home/user/.m2/repository/org/glassfish/hk2/external/javax.inject/2.5.0-b42/javax.inject-2.5.0-b42.jar:/home/user/.m2/repository/org/glassfish/jersey/core/jersey-common/2.27/jersey-common-2.27.jar:/home/user/.m2/repository/org/glassfish/hk2/osgi-resource-locator/1.0.1/osgi-resource-locator-1.0.1.jar:/home/user/.m2/repository/javax/ws/rs/javax.ws.rs-api/2.1/javax.ws.rs-api-2.1.jar:/home/user/.m2/repository/org/glassfish/jersey/ext/cdi/jersey-cdi1x/2.27/jersey-cdi1x-2.27.jar:/home/user/.m2/repository/org/glassfish/jersey/inject/jersey-hk2/2.27/jersey-hk2-2.27.jar:/home/user/.m2/repository/org/glassfish/hk2/hk2-locator/2.5.0-b42/hk2-locator-2.5.0-b42.jar:/home/user/.m2/repository/org/javassist/javassist/3.22.0-CR2/javassist-3.22.0-CR2.jar:/home/user/.m2/repository/org/glassfish/hk2/hk2-api/2.5.0/hk2-api-2.5.0.jar:/home/user/.m2/repository/org/glassfish/hk2/external/jakarta.inject/2.5.0/jakarta.inject-2.5.0.jar:/home/user/.m2/repository/org/glassfish/hk2/hk2-utils/2.5.0/hk2-utils-2.5.0.jar:/home/user/.m2/repository/jakarta/annotation/jakarta.annotation-api/1.3.4/jakarta.annotation-api-1.3.4.jar:/home/user/.m2/repository/org/glassfish/hk2/external/aopalliance-repackaged/2.5.0/aopalliance-repackaged-2.5.0.jar:/home/user/.m2/repository/com/fasterxml/jackson/dataformat/jackson-dataformat-xml/2.9.0/jackson-dataformat-xml-2.9.0.jar:/home/user/.m2/repository/com/fasterxml/jackson/core/jackson-core/2.9.5/jackson-core-2.9.5.jar:/home/user/.m2/repository/com/fasterxml/jackson/module/jackson-module-jaxb-annotations/2.9.5/jackson-module-jaxb-annotations-2.9.5.jar:/home/user/.m2/repository/javax/enterprise/cdi-api/1.2/cdi-api-1.2.jar:/home/user/.m2/repository/javax/el/javax.el-api/3.0.0/javax.el-api-3.0.0.jar:/home/user/.m2/repository/javax/interceptor/javax.interceptor-api/1.2/javax.interceptor-api-1.2.jar:/home/user/.m2/repository/javax/inject/javax.inject/1/javax.inject-1.jar:/home/user/.m2/repository/com/sun/xml/bind/jaxb-impl/2.3.0.1/jaxb-impl-2.3.0.1.jar:/home/user/.m2/repository/com/sun/xml/bind/jaxb-core/2.3.0.1/jaxb-core-2.3.0.1.jar:/home/user/.m2/repository/javax/xml/bind/jaxb-api/2.3.0/jaxb-api-2.3.0.jar:/home/user/.m2/repository/javax/activation/activation/1.1.1/activation-1.1.1.jar:/home/user/.m2/repository/org/apache/hadoop/hadoop-ozone-csi/0.5.0-SNAPSHOT/hadoop-ozone-csi-0.5.0-SNAPSHOT.jar:/home/user/.m2/repository/com/google/protobuf/protobuf-java-util/3.5.1/protobuf-java-util-3.5.1.jar:/home/user/.m2/repository/org/apache/hadoop/hadoop-hdds-config/0.5.0-SNAPSHOT/hadoop-hdds-config-0.5.0-SNAPSHOT.jar:/home/user/.m2/repository/io/grpc/grpc-netty/1.17.1/grpc-netty-1.17.1.jar:/home/user/.m2/repository/io/grpc/grpc-core/1.17.1/grpc-core-1.17.1.jar:/home/user/.m2/repository/io/grpc/grpc-context/1.17.1/grpc-context-1.17.1.jar:/home/user/.m2/repository/com/google/errorprone/error_prone_annotations/2.2.0/error_prone_annotations-2.2.0.jar:/home/user/.m2/repository/org/codehaus/mojo/animal-sniffer-annotations/1.17/animal-sniffer-annotations-1.17.jar:/home/user/.m2/repository/io/opencensus/opencensus-api/0.17.0/opencensus-api-0.17.0.jar:/home/user/.m2/repository/io/opencensus/opencensus-contrib-grpc-metrics/0.17.0/opencensus-contrib-grpc-metrics-0.17.0.jar:/home/user/.m2/repository/io/netty/netty-codec-http2/4.1.30.Final/netty-codec-http2-4.1.30.Final.jar:/home/user/.m2/repository/io/netty/netty-codec-http/4.1.30.Final/netty-codec-http-4.1.30.Final.jar:/home/user/.m2/repository/io/netty/netty-codec/4.1.30.Final/netty-codec-4.1.30.Final.jar:/home/user/.m2/repository/io/netty/netty-handler/4.1.30.Final/netty-handler-4.1.30.Final.jar:/home/user/.m2/repository/io/netty/netty-handler-proxy/4.1.30.Final/netty-handler-proxy-4.1.30.Final.jar:/home/user/.m2/repository/io/netty/netty-codec-socks/4.1.30.Final/netty-codec-socks-4.1.30.Final.jar:/home/user/.m2/repository/io/netty/netty-transport-native-epoll/4.1.30.Final/netty-transport-native-epoll-4.1.30.Final.jar:/home/user/.m2/repository/io/netty/netty-common/4.1.30.Final/netty-common-4.1.30.Final.jar:/home/user/.m2/repository/io/netty/netty-buffer/4.1.30.Final/netty-buffer-4.1.30.Final.jar:/home/user/.m2/repository/io/netty/netty-transport/4.1.30.Final/netty-transport-4.1.30.Final.jar:/home/user/.m2/repository/io/netty/netty-resolver/4.1.30.Final/netty-resolver-4.1.30.Final.jar:/home/user/.m2/repository/io/netty/netty-transport-native-unix-common/4.1.30.Final/netty-transport-native-unix-common-4.1.30.Final.jar:/home/user/.m2/repository/io/grpc/grpc-protobuf/1.17.1/grpc-protobuf-1.17.1.jar:/home/user/.m2/repository/com/google/api/grpc/proto-google-common-protos/1.0.0/proto-google-common-protos-1.0.0.jar:/home/user/.m2/repository/io/grpc/grpc-protobuf-lite/1.17.1/grpc-protobuf-lite-1.17.1.jar:/home/user/.m2/repository/io/grpc/grpc-stub/1.17.1/grpc-stub-1.17.1.jar:/home/user/.m2/repository/org/apache/hadoop/hadoop-ozone-recon/0.5.0-SNAPSHOT/hadoop-ozone-recon-0.5.0-SNAPSHOT.jar:/home/user/.m2/repository/org/apache/hadoop/hadoop-ozone-reconcodegen/0.5.0-SNAPSHOT/hadoop-ozone-reconcodegen-0.5.0-SNAPSHOT.jar:/home/user/.m2/repository/com/google/inject/extensions/guice-multibindings/4.0/guice-multibindings-4.0.jar:/home/user/.m2/repository/com/google/inject/guice/4.0/guice-4.0.jar:/home/user/.m2/repository/aopalliance/aopalliance/1.0/aopalliance-1.0.jar:/home/user/.m2/repository/com/google/inject/extensions/guice-servlet/4.0/guice-servlet-4.0.jar:/home/user/.m2/repository/org/glassfish/jersey/containers/jersey-container-servlet/2.27/jersey-container-servlet-2.27.jar:/home/user/.m2/repository/org/glassfish/hk2/guice-bridge/2.5.0/guice-bridge-2.5.0.jar:/home/user/.m2/repository/org/glassfish/jersey/core/jersey-server/2.27/jersey-server-2.27.jar:/home/user/.m2/repository/org/glassfish/jersey/core/jersey-client/2.27/jersey-client-2.27.jar:/home/user/.m2/repository/org/glassfish/jersey/media/jersey-media-jaxb/2.27/jersey-media-jaxb-2.27.jar:/home/user/.m2/repository/javax/validation/validation-api/1.1.0.Final/validation-api-1.1.0.Final.jar:/home/user/.m2/repository/org/glassfish/jersey/media/jersey-media-json-jackson/2.27/jersey-media-json-jackson-2.27.jar:/home/user/.m2/repository/org/glassfish/jersey/ext/jersey-entity-filtering/2.27/jersey-entity-filtering-2.27.jar:/home/user/.m2/repository/com/google/inject/extensions/guice-assistedinject/4.0/guice-assistedinject-4.0.jar:/home/user/.m2/repository/org/jooq/jooq/3.11.10/jooq-3.11.10.jar:/home/user/.m2/repository/org/jooq/jooq-meta/3.11.10/jooq-meta-3.11.10.jar:/home/user/.m2/repository/org/jooq/jooq-codegen/3.11.10/jooq-codegen-3.11.10.jar:/home/user/.m2/repository/com/jolbox/bonecp/0.8.0.RELEASE/bonecp-0.8.0.RELEASE.jar:/home/user/.m2/repository/org/xerial/sqlite-jdbc/3.25.2/sqlite-jdbc-3.25.2.jar:/home/user/.m2/repository/org/springframework/spring-jdbc/5.1.3.RELEASE/spring-jdbc-5.1.3.RELEASE.jar:/home/user/.m2/repository/org/springframework/spring-beans/5.1.3.RELEASE/spring-beans-5.1.3.RELEASE.jar:/home/user/.m2/repository/org/springframework/spring-core/5.1.3.RELEASE/spring-core-5.1.3.RELEASE.jar:/home/user/.m2/repository/org/springframework/spring-jcl/5.1.3.RELEASE/spring-jcl-5.1.3.RELEASE.jar:/home/user/.m2/repository/org/springframework/spring-tx/5.1.3.RELEASE/spring-tx-5.1.3.RELEASE.jar:/home/user/.m2/repository/org/apache/hadoop/hadoop-ozone-client/0.5.0-SNAPSHOT/hadoop-ozone-client-0.5.0-SNAPSHOT.jar:/home/user/.m2/repository/commons-lang/commons-lang/2.6/commons-lang-2.6.jar:/home/user/.m2/repository/org/apache/hadoop/hadoop-ozone-ozone-manager/0.5.0-SNAPSHOT/hadoop-ozone-ozone-manager-0.5.0-SNAPSHOT-tests.jar:/home/user/.m2/repository/junit/junit/4.11/junit-4.11.jar:/home/user/.m2/repository/org/hamcrest/hamcrest-core/1.3/hamcrest-core-1.3.jar:/home/user/.m2/repository/org/openjdk/jmh/jmh-core/1.19/jmh-core-1.19.jar:/home/user/.m2/repository/net/sf/jopt-simple/jopt-simple/4.6/jopt-simple-4.6.jar:/home/user/.m2/repository/org/apache/commons/commons-math3/3.1.1/commons-math3-3.1.1.jar:/home/user/.m2/repository/org/openjdk/jmh/jmh-generator-annprocess/1.19/jmh-generator-annprocess-1.19.jar:/home/user/.m2/repository/org/mockito/mockito-all/1.8.5/mockito-all-1.8.5.jar:/home/user/.m2/repository/org/apache/hadoop/hadoop-kms/3.2.0/hadoop-kms-3.2.0.jar:/home/user/.m2/repository/org/apache/hadoop/hadoop-auth/3.2.0/hadoop-auth-3.2.0.jar:/home/user/.m2/repository/com/nimbusds/nimbus-jose-jwt/4.41.1/nimbus-jose-jwt-4.41.1.jar:/home/user/.m2/repository/com/github/stephenc/jcip/jcip-annotations/1.0-1/jcip-annotations-1.0-1.jar:/home/user/.m2/repository/net/minidev/json-smart/2.3/json-smart-2.3.jar:/home/user/.m2/repository/net/minidev/accessors-smart/1.2/accessors-smart-1.2.jar:/home/user/.m2/repository/org/ow2/asm/asm/5.0.4/asm-5.0.4.jar:/home/user/.m2/repository/org/apache/curator/curator-framework/2.12.0/curator-framework-2.12.0.jar:/home/user/.m2/repository/com/sun/jersey/jersey-core/1.19/jersey-core-1.19.jar:/home/user/.m2/repository/javax/ws/rs/jsr311-api/1.1.1/jsr311-api-1.1.1.jar:/home/user/.m2/repository/com/sun/jersey/jersey-server/1.19/jersey-server-1.19.jar:/home/user/.m2/repository/javax/servlet/javax.servlet-api/3.1.0/javax.servlet-api-3.1.0.jar:/home/user/.m2/repository/org/eclipse/jetty/jetty-server/9.3.24.v20180605/jetty-server-9.3.24.v20180605.jar:/home/user/.m2/repository/org/eclipse/jetty/jetty-http/9.3.24.v20180605/jetty-http-9.3.24.v20180605.jar:/home/user/.m2/repository/org/eclipse/jetty/jetty-io/9.3.24.v20180605/jetty-io-9.3.24.v20180605.jar:/home/user/.m2/repository/org/eclipse/jetty/jetty-webapp/9.3.24.v20180605/jetty-webapp-9.3.24.v20180605.jar:/home/user/.m2/repository/org/eclipse/jetty/jetty-xml/9.3.24.v20180605/jetty-xml-9.3.24.v20180605.jar:/home/user/.m2/repository/log4j/log4j/1.2.17/log4j-1.2.17.jar:/home/user/.m2/repository/org/slf4j/slf4j-api/1.7.25/slf4j-api-1.7.25.jar:/home/user/.m2/repository/org/slf4j/jul-to-slf4j/1.7.25/jul-to-slf4j-1.7.25.jar:/home/user/.m2/repository/org/eclipse/jetty/jetty-util/9.3.24.v20180605/jetty-util-9.3.24.v20180605.jar:/home/user/.m2/repository/com/fasterxml/jackson/core/jackson-databind/2.9.5/jackson-databind-2.9.5.jar:/home/user/.m2/repository/org/apache/hadoop/hadoop-kms/3.2.0/hadoop-kms-3.2.0-tests.jar:/home/user/.m2/repository/org/apache/hadoop/hadoop-hdds-server-scm/0.5.0-SNAPSHOT/hadoop-hdds-server-scm-0.5.0-SNAPSHOT-tests.jar:/home/user/.m2/repository/org/apache/hadoop/hadoop-hdds-container-service/0.5.0-SNAPSHOT/hadoop-hdds-container-service-0.5.0-SNAPSHOT-tests.jar:/home/user/.m2/repository/org/yaml/snakeyaml/1.16/snakeyaml-1.16.jar:/home/user/.m2/repository/org/apache/hadoop/hadoop-common/3.2.0/hadoop-common-3.2.0-tests.jar:/home/user/.m2/repository/org/apache/hadoop/hadoop-annotations/3.2.0/hadoop-annotations-3.2.0.jar:/usr/lib/jvm/java-1.8-openjdk/jre/../lib/tools.jar:/home/user/.m2/repository/commons-cli/commons-cli/1.2/commons-cli-1.2.jar:/home/user/.m2/repository/org/apache/httpcomponents/httpclient/4.5.2/httpclient-4.5.2.jar:/home/user/.m2/repository/org/apache/httpcomponents/httpcore/4.4.4/httpcore-4.4.4.jar:/home/user/.m2/repository/commons-codec/commons-codec/1.11/commons-codec-1.11.jar:/home/user/.m2/repository/commons-net/commons-net/3.6/commons-net-3.6.jar:/home/user/.m2/repository/commons-collections/commons-collections/3.2.2/commons-collections-3.2.2.jar:/home/user/.m2/repository/org/eclipse/jetty/jetty-servlet/9.3.24.v20180605/jetty-servlet-9.3.24.v20180605.jar:/home/user/.m2/repository/org/eclipse/jetty/jetty-security/9.3.24.v20180605/jetty-security-9.3.24.v20180605.jar:/home/user/.m2/repository/javax/servlet/jsp/jsp-api/2.1/jsp-api-2.1.jar:/home/user/.m2/repository/com/sun/jersey/jersey-servlet/1.19/jersey-servlet-1.19.jar:/home/user/.m2/repository/com/sun/jersey/jersey-json/1.19/jersey-json-1.19.jar:/home/user/.m2/repository/org/codehaus/jettison/jettison/1.1/jettison-1.1.jar:/home/user/.m2/repository/org/codehaus/jackson/jackson-core-asl/1.9.13/jackson-core-asl-1.9.13.jar:/home/user/.m2/repository/org/codehaus/jackson/jackson-mapper-asl/1.9.13/jackson-mapper-asl-1.9.13.jar:/home/user/.m2/repository/org/codehaus/jackson/jackson-jaxrs/1.9.13/jackson-jaxrs-1.9.13.jar:/home/user/.m2/repository/org/codehaus/jackson/jackson-xc/1.9.13/jackson-xc-1.9.13.jar:/home/user/.m2/repository/commons-logging/commons-logging/1.1.3/commons-logging-1.1.3.jar:/home/user/.m2/repository/commons-beanutils/commons-beanutils/1.9.3/commons-beanutils-1.9.3.jar:/home/user/.m2/repository/org/apache/commons/commons-configuration2/2.1.1/commons-configuration2-2.1.1.jar:/home/user/.m2/repository/org/apache/commons/commons-lang3/3.7/commons-lang3-3.7.jar:/home/user/.m2/repository/org/apache/commons/commons-text/1.4/commons-text-1.4.jar:/home/user/.m2/repository/org/apache/avro/avro/1.7.7/avro-1.7.7.jar:/home/user/.m2/repository/com/thoughtworks/paranamer/paranamer/2.3/paranamer-2.3.jar:/home/user/.m2/repository/org/xerial/snappy/snappy-java/1.0.5/snappy-java-1.0.5.jar:/home/user/.m2/repository/com/google/re2j/re2j/1.1/re2j-1.1.jar:/home/user/.m2/repository/com/google/code/gson/gson/2.2.4/gson-2.2.4.jar:/home/user/.m2/repository/com/jcraft/jsch/0.1.54/jsch-0.1.54.jar:/home/user/.m2/repository/org/apache/curator/curator-client/2.12.0/curator-client-2.12.0.jar:/home/user/.m2/repository/org/apache/curator/curator-recipes/2.12.0/curator-recipes-2.12.0.jar:/home/user/.m2/repository/com/google/code/findbugs/jsr305/3.0.0/jsr305-3.0.0.jar:/home/user/.m2/repository/org/apache/htrace/htrace-core4/4.1.0-incubating/htrace-core4-4.1.0-incubating.jar:/home/user/.m2/repository/org/apache/zookeeper/zookeeper/3.4.13/zookeeper-3.4.13.jar:/home/user/.m2/repository/org/apache/yetus/audience-annotations/0.5.0/audience-annotations-0.5.0.jar:/home/user/.m2/repository/org/codehaus/woodstox/stax2-api/3.1.4/stax2-api-3.1.4.jar:/home/user/.m2/repository/com/fasterxml/woodstox/woodstox-core/5.0.3/woodstox-core-5.0.3.jar:/home/user/.m2/repository/dnsjava/dnsjava/2.1.7/dnsjava-2.1.7.jar:/home/user/.m2/repository/org/apache/hadoop/hadoop-hdfs/3.2.0/hadoop-hdfs-3.2.0-tests.jar:/home/user/.m2/repository/org/eclipse/jetty/jetty-util-ajax/9.3.24.v20180605/jetty-util-ajax-9.3.24.v20180605.jar:/home/user/.m2/repository/commons-daemon/commons-daemon/1.0.13/commons-daemon-1.0.13.jar:/home/user/.m2/repository/io/netty/netty/3.10.5.Final/netty-3.10.5.Final.jar:/home/user/.m2/repository/io/netty/netty-all/4.0.52.Final/netty-all-4.0.52.Final.jar:/home/user/.m2/repository/org/fusesource/leveldbjni/leveldbjni-all/1.8/leveldbjni-all-1.8.jar:"/>
    <property name="sun.cpu.endian" value="little"/>
    <property name="user.home" value="/home/user"/>
    <property name="user.language" value="en"/>
    <property name="java.specification.vendor" value="Oracle Corporation"/>
    <property name="java.home" value="/usr/lib/jvm/java-1.8-openjdk/jre"/>
    <property name="java.security.krb5.conf" value="/tmp/workdir/hadoop-ozone/integration-test/target/test-classes/krb5.conf"/>
    <property name="basedir" value="/tmp/workdir/hadoop-ozone/integration-test"/>
    <property name="file.separator" value="/"/>
    <property name="line.separator" value="&#10;"/>
    <property name="java.vm.specification.vendor" value="Oracle Corporation"/>
    <property name="java.specification.name" value="Java Platform API Specification"/>
    <property name="java.awt.graphicsenv" value="sun.awt.X11GraphicsEnvironment"/>
    <property name="surefire.real.class.path" value="/tmp/workdir/hadoop-ozone/integration-test/target/surefire/surefirebooter9183402781508717342.jar"/>
    <property name="hadoop.log.dir" value="/tmp/workdir/hadoop-ozone/integration-test/target/log"/>
    <property name="sun.boot.class.path" value="/usr/lib/jvm/java-1.8-openjdk/jre/lib/resources.jar:/usr/lib/jvm/java-1.8-openjdk/jre/lib/rt.jar:/usr/lib/jvm/java-1.8-openjdk/jre/lib/sunrsasign.jar:/usr/lib/jvm/java-1.8-openjdk/jre/lib/jsse.jar:/usr/lib/jvm/java-1.8-openjdk/jre/lib/jce.jar:/usr/lib/jvm/java-1.8-openjdk/jre/lib/charsets.jar:/usr/lib/jvm/java-1.8-openjdk/jre/lib/jfr.jar:/usr/lib/jvm/java-1.8-openjdk/jre/classes"/>
    <property name="sun.management.compiler" value="HotSpot 64-Bit Tiered Compilers"/>
    <property name="java.runtime.version" value="1.8.0_212-b04"/>
    <property name="java.net.preferIPv4Stack" value="true"/>
    <property name="user.name" value="jenkins1000"/>
    <property name="path.separator" value=":"/>
    <property name="java.security.egd" value="file:///dev/urandom"/>
    <property name="os.version" value="3.10.0-957.12.2.el7.x86_64"/>
    <property name="java.endorsed.dirs" value="/usr/lib/jvm/java-1.8-openjdk/jre/lib/endorsed"/>
    <property name="java.runtime.name" value="OpenJDK Runtime Environment"/>
    <property name="file.encoding" value="UTF-8"/>
    <property name="java.vm.name" value="OpenJDK 64-Bit Server VM"/>
    <property name="test.build.webapps" value=""/>
    <property name="localRepository" value="/home/user/.m2/repository"/>
    <property name="java.vendor.url.bug" value="https://icedtea.classpath.org/bugzilla"/>
    <property name="java.io.tmpdir" value="/tmp"/>
    <property name="require.test.libhadoop" value=""/>
    <property name="java.version" value="1.8.0_212"/>
    <property name="user.dir" value="/tmp/workdir/hadoop-ozone/integration-test"/>
    <property name="os.arch" value="amd64"/>
    <property name="java.vm.specification.name" value="Java Virtual Machine Specification"/>
    <property name="test.build.classes" value="/tmp/workdir/hadoop-ozone/integration-test/target/test-classes"/>
    <property name="java.awt.printerjob" value="sun.print.PSPrinterJob"/>
    <property name="sun.os.patch.level" value="unknown"/>
    <property name="hadoop.tmp.dir" value="/tmp/workdir/hadoop-ozone/integration-test/target/tmp"/>
    <property name="java.library.path" value="/usr/lib/jvm/java-1.8-openjdk/jre/lib/amd64/server:/usr/lib/jvm/java-1.8-openjdk/jre/lib/amd64:/usr/lib/jvm/java-1.8-openjdk/jre/../lib/amd64:/tmp/workdir/hadoop-ozone/integration-test/target/native/target/usr/local/lib:/tmp/workdir/hadoop-ozone/integration-test/../../hadoop-common-project/hadoop-common/target/native/target/usr/local/lib:/usr/java/packages/lib/amd64:/usr/lib64:/lib64:/lib:/usr/lib"/>
    <property name="java.vm.info" value="mixed mode"/>
    <property name="java.vendor" value="IcedTea"/>
    <property name="java.vm.version" value="25.212-b04"/>
    <property name="java.ext.dirs" value="/usr/lib/jvm/java-1.8-openjdk/jre/lib/ext:/usr/java/packages/lib/ext"/>
    <property name="sun.io.unicode.encoding" value="UnicodeLittle"/>
    <property name="java.class.version" value="52.0"/>
  </properties>
  <testcase name="testGroupMismatchExceptionHandling" classname="org.apache.hadoop.ozone.client.rpc.TestOzoneClientRetriesOnException" time="44.834">
    <error type="java.lang.IllegalArgumentException">java.lang.IllegalArgumentException
	at com.google.common.base.Preconditions.checkArgument(Preconditions.java:72)
	at org.apache.hadoop.hdds.scm.XceiverClientManager.acquireClient(XceiverClientManager.java:150)
	at org.apache.hadoop.hdds.scm.XceiverClientManager.acquireClientForReadData(XceiverClientManager.java:143)
	at org.apache.hadoop.hdds.scm.storage.BlockInputStream.getChunkInfos(BlockInputStream.java:154)
	at org.apache.hadoop.hdds.scm.storage.BlockInputStream.initialize(BlockInputStream.java:118)
	at org.apache.hadoop.hdds.scm.storage.BlockInputStream.read(BlockInputStream.java:222)
	at org.apache.hadoop.ozone.client.io.KeyInputStream.read(KeyInputStream.java:171)
	at org.apache.hadoop.ozone.client.io.OzoneInputStream.read(OzoneInputStream.java:47)
	at java.io.InputStream.read(InputStream.java:101)
	at org.apache.hadoop.ozone.container.ContainerTestHelper.validateData(ContainerTestHelper.java:709)
	at org.apache.hadoop.ozone.client.rpc.TestOzoneClientRetriesOnException.validateData(TestOzoneClientRetriesOnException.java:231)
	at org.apache.hadoop.ozone.client.rpc.TestOzoneClientRetriesOnException.testGroupMismatchExceptionHandling(TestOzoneClientRetriesOnException.java:160)
	at sun.reflect.NativeMethodAccessorImpl.invoke0(Native Method)
	at sun.reflect.NativeMethodAccessorImpl.invoke(NativeMethodAccessorImpl.java:62)
	at sun.reflect.DelegatingMethodAccessorImpl.invoke(DelegatingMethodAccessorImpl.java:43)
	at java.lang.reflect.Method.invoke(Method.java:498)
	at org.junit.runners.model.FrameworkMethod$1.runReflectiveCall(FrameworkMethod.java:47)
	at org.junit.internal.runners.model.ReflectiveCallable.run(ReflectiveCallable.java:12)
	at org.junit.runners.model.FrameworkMethod.invokeExplosively(FrameworkMethod.java:44)
	at org.junit.internal.runners.statements.InvokeMethod.evaluate(InvokeMethod.java:17)
	at org.junit.internal.runners.statements.RunBefores.evaluate(RunBefores.java:26)
	at org.junit.internal.runners.statements.RunAfters.evaluate(RunAfters.java:27)
	at org.junit.runners.ParentRunner.runLeaf(ParentRunner.java:271)
	at org.junit.runners.BlockJUnit4ClassRunner.runChild(BlockJUnit4ClassRunner.java:70)
	at org.junit.runners.BlockJUnit4ClassRunner.runChild(BlockJUnit4ClassRunner.java:50)
	at org.junit.runners.ParentRunner$3.run(ParentRunner.java:238)
	at org.junit.runners.ParentRunner$1.schedule(ParentRunner.java:63)
	at org.junit.runners.ParentRunner.runChildren(ParentRunner.java:236)
	at org.junit.runners.ParentRunner.access$000(ParentRunner.java:53)
	at org.junit.runners.ParentRunner$2.evaluate(ParentRunner.java:229)
	at org.junit.runners.ParentRunner.run(ParentRunner.java:309)
	at org.apache.maven.surefire.junit4.JUnit4Provider.execute(JUnit4Provider.java:365)
	at org.apache.maven.surefire.junit4.JUnit4Provider.executeWithRerun(JUnit4Provider.java:273)
	at org.apache.maven.surefire.junit4.JUnit4Provider.executeTestSet(JUnit4Provider.java:238)
	at org.apache.maven.surefire.junit4.JUnit4Provider.invoke(JUnit4Provider.java:159)
	at org.apache.maven.surefire.booter.ForkedBooter.invokeProviderInSameClassLoader(ForkedBooter.java:384)
	at org.apache.maven.surefire.booter.ForkedBooter.runSuitesInProcess(ForkedBooter.java:345)
	at org.apache.maven.surefire.booter.ForkedBooter.execute(ForkedBooter.java:126)
	at org.apache.maven.surefire.booter.ForkedBooter.main(ForkedBooter.java:418)
</error>
    <system-out><![CDATA[2019-07-14 00:44:44,592 WARN  server.ServerUtils (ServerUtils.java:getScmDbDir(145)) - ozone.scm.db.dirs is not configured. We recommend adding this setting. Falling back to ozone.metadata.dirs instead.
2019-07-14 00:44:44,711 WARN  server.ServerUtils (ServerUtils.java:getScmDbDir(145)) - ozone.scm.db.dirs is not configured. We recommend adding this setting. Falling back to ozone.metadata.dirs instead.
2019-07-14 00:44:44,715 WARN  server.ServerUtils (ServerUtils.java:getScmDbDir(145)) - ozone.scm.db.dirs is not configured. We recommend adding this setting. Falling back to ozone.metadata.dirs instead.
2019-07-14 00:44:44,733 INFO  util.log (Log.java:initialized(192)) - Logging initialized @852ms
2019-07-14 00:44:44,858 INFO  db.DBStoreBuilder (DBStoreBuilder.java:addTable(110)) - using custom profile for table: deletedBlocks
2019-07-14 00:44:44,859 INFO  db.DBStoreBuilder (DBStoreBuilder.java:processTables(161)) - Using default column profile:DBProfile.DISK for Table:deletedBlocks
2019-07-14 00:44:44,859 INFO  db.DBStoreBuilder (DBStoreBuilder.java:addTable(110)) - using custom profile for table: validCerts
2019-07-14 00:44:44,859 INFO  db.DBStoreBuilder (DBStoreBuilder.java:processTables(161)) - Using default column profile:DBProfile.DISK for Table:validCerts
2019-07-14 00:44:44,860 INFO  db.DBStoreBuilder (DBStoreBuilder.java:addTable(110)) - using custom profile for table: revokedCerts
2019-07-14 00:44:44,860 INFO  db.DBStoreBuilder (DBStoreBuilder.java:processTables(161)) - Using default column profile:DBProfile.DISK for Table:revokedCerts
2019-07-14 00:44:44,871 INFO  db.DBStoreBuilder (DBStoreBuilder.java:addTable(110)) - using custom profile for table: default
2019-07-14 00:44:44,872 INFO  db.DBStoreBuilder (DBStoreBuilder.java:processTables(167)) - Using default column profile:DBProfile.DISK for Table:default
2019-07-14 00:44:44,873 INFO  db.DBStoreBuilder (DBStoreBuilder.java:getDbProfile(198)) - Using default options. DBProfile.DISK
2019-07-14 00:44:45,068 INFO  net.NodeSchemaLoader (NodeSchemaLoader.java:loadSchemaFromFile(125)) - Loading file from sun.misc.CompoundEnumeration@20ce78ec
2019-07-14 00:44:45,071 INFO  net.NodeSchemaLoader (NodeSchemaLoader.java:loadSchema(171)) - Loading network topology layer schema file
2019-07-14 00:44:45,170 WARN  server.ServerUtils (ServerUtils.java:sanitizeUserArgs(70)) - ozone.scm.stale.node.interval value = 300000 is larger than max = 100000 based on the key value of ozone.scm.heartbeat.thread.interval, reset to the max value 100000.
2019-07-14 00:44:45,173 WARN  server.ServerUtils (ServerUtils.java:sanitizeUserArgs(70)) - ozone.scm.stale.node.interval value = 300000 is larger than max = 100000 based on the key value of ozone.scm.heartbeat.thread.interval, reset to the max value 100000.
2019-07-14 00:44:45,176 INFO  node.SCMNodeManager (SCMNodeManager.java:<init>(119)) - Entering startup safe mode.
2019-07-14 00:44:45,273 WARN  server.ServerUtils (ServerUtils.java:getScmDbDir(145)) - ozone.scm.db.dirs is not configured. We recommend adding this setting. Falling back to ozone.metadata.dirs instead.
2019-07-14 00:44:45,336 INFO  pipeline.SCMPipelineManager (SCMPipelineManager.java:initializePipelineState(126)) - No pipeline exists in current db
2019-07-14 00:44:45,339 WARN  server.ServerUtils (ServerUtils.java:getScmDbDir(145)) - ozone.scm.db.dirs is not configured. We recommend adding this setting. Falling back to ozone.metadata.dirs instead.
2019-07-14 00:44:45,459 WARN  events.EventQueue (EventQueue.java:fireEvent(175)) - No event handler registered for event TypedEvent{payloadType=SafeModeStatus, name='SafeModeStatus'}
2019-07-14 00:44:45,812 INFO  ipc.CallQueueManager (CallQueueManager.java:<init>(84)) - Using callQueue: class java.util.concurrent.LinkedBlockingQueue, queueCapacity: 2000, scheduler: class org.apache.hadoop.ipc.DefaultRpcScheduler, ipcBackoff: false.
2019-07-14 00:44:45,840 INFO  ipc.Server (Server.java:run(1074)) - Starting Socket Reader #1 for port 41045
2019-07-14 00:44:45,864 INFO  ipc.CallQueueManager (CallQueueManager.java:<init>(84)) - Using callQueue: class java.util.concurrent.LinkedBlockingQueue, queueCapacity: 2000, scheduler: class org.apache.hadoop.ipc.DefaultRpcScheduler, ipcBackoff: false.
2019-07-14 00:44:45,865 INFO  ipc.Server (Server.java:run(1074)) - Starting Socket Reader #1 for port 33962
2019-07-14 00:44:45,871 INFO  ipc.CallQueueManager (CallQueueManager.java:<init>(84)) - Using callQueue: class java.util.concurrent.LinkedBlockingQueue, queueCapacity: 2000, scheduler: class org.apache.hadoop.ipc.DefaultRpcScheduler, ipcBackoff: false.
2019-07-14 00:44:45,872 INFO  ipc.Server (Server.java:run(1074)) - Starting Socket Reader #1 for port 42701
2019-07-14 00:44:46,010 INFO  hdfs.DFSUtil (DFSUtil.java:httpServerTemplateForNNAndJN(1641)) - Starting Web-server for scm at: http://0.0.0.0:0
2019-07-14 00:44:46,162 INFO  server.AuthenticationFilter (AuthenticationFilter.java:constructSecretProvider(240)) - Unable to initialize FileSignerSecretProvider, falling back to use random secrets.
2019-07-14 00:44:46,168 WARN  http.HttpRequestLog (HttpRequestLog.java:getRequestLog(97)) - Jetty request log can only be enabled using Log4j
2019-07-14 00:44:46,174 INFO  http.HttpServer2 (HttpServer2.java:addGlobalFilter(975)) - Added global filter 'safety' (class=org.apache.hadoop.http.HttpServer2$QuotingInputFilter)
2019-07-14 00:44:46,176 INFO  http.HttpServer2 (HttpServer2.java:addFilter(948)) - Added filter static_user_filter (class=org.apache.hadoop.http.lib.StaticUserWebFilter$StaticUserFilter) to context scm
2019-07-14 00:44:46,177 INFO  http.HttpServer2 (HttpServer2.java:addFilter(958)) - Added filter static_user_filter (class=org.apache.hadoop.http.lib.StaticUserWebFilter$StaticUserFilter) to context static
2019-07-14 00:44:46,177 INFO  http.HttpServer2 (HttpServer2.java:addFilter(958)) - Added filter static_user_filter (class=org.apache.hadoop.http.lib.StaticUserWebFilter$StaticUserFilter) to context logs
2019-07-14 00:44:46,199 INFO  server.StorageContainerManager (StorageContainerManager.java:start(759)) - StorageContainerLocationProtocol RPC server is listening at /0.0.0.0:42701
2019-07-14 00:44:46,244 WARN  impl.MetricsConfig (MetricsConfig.java:loadFirst(134)) - Cannot locate configuration: tried hadoop-metrics2-storagecontainermanager.properties,hadoop-metrics2.properties
2019-07-14 00:44:46,254 INFO  impl.MetricsSystemImpl (MetricsSystemImpl.java:startTimer(374)) - Scheduled Metric snapshot period at 10 second(s).
2019-07-14 00:44:46,254 INFO  impl.MetricsSystemImpl (MetricsSystemImpl.java:start(191)) - StorageContainerManager metrics system started
2019-07-14 00:44:46,428 INFO  server.SCMClientProtocolServer (SCMClientProtocolServer.java:start(149)) - RPC server for Client  is listening at /0.0.0.0:42701
2019-07-14 00:44:46,429 INFO  ipc.Server (Server.java:run(1314)) - IPC Server Responder: starting
2019-07-14 00:44:46,429 INFO  ipc.Server (Server.java:run(1153)) - IPC Server listener on 42701: starting
2019-07-14 00:44:46,433 INFO  server.StorageContainerManager (StorageContainerManager.java:start(768)) - ScmBlockLocationProtocol RPC server is listening at /0.0.0.0:33962
2019-07-14 00:44:46,433 INFO  server.SCMBlockProtocolServer (SCMBlockProtocolServer.java:start(140)) - RPC server for Block Protocol is listening at /0.0.0.0:33962
2019-07-14 00:44:46,434 INFO  ipc.Server (Server.java:run(1153)) - IPC Server listener on 33962: starting
2019-07-14 00:44:46,434 INFO  ipc.Server (Server.java:run(1314)) - IPC Server Responder: starting
2019-07-14 00:44:46,441 INFO  server.StorageContainerManager (StorageContainerManager.java:start(772)) - ScmDatanodeProtocl RPC server is listening at /0.0.0.0:41045
2019-07-14 00:44:46,441 INFO  server.SCMDatanodeProtocolServer (SCMDatanodeProtocolServer.java:start(191)) - RPC server for DataNodes is listening at /0.0.0.0:41045
2019-07-14 00:44:46,442 INFO  ipc.Server (Server.java:run(1314)) - IPC Server Responder: starting
2019-07-14 00:44:46,443 INFO  ipc.Server (Server.java:run(1153)) - IPC Server listener on 41045: starting
2019-07-14 00:44:46,453 INFO  http.HttpServer2 (HttpServer2.java:bindListener(1191)) - Jetty bound to port 40635
2019-07-14 00:44:46,454 INFO  server.Server (Server.java:doStart(351)) - jetty-9.3.24.v20180605, build timestamp: 2018-06-05T17:11:56Z, git hash: 84205aa28f11a4f31f2a3b86d1bba2cc8ab69827
2019-07-14 00:44:46,486 INFO  handler.ContextHandler (ContextHandler.java:doStart(781)) - Started o.e.j.s.ServletContextHandler@635572a7{/logs,file:///tmp/workdir/hadoop-ozone/integration-test/target/log,AVAILABLE}
2019-07-14 00:44:46,486 INFO  handler.ContextHandler (ContextHandler.java:doStart(781)) - Started o.e.j.s.ServletContextHandler@4dd02341{/static,file:///tmp/workdir/hadoop-ozone/integration-test/target/test-classes/webapps/static,AVAILABLE}
2019-07-14 00:44:46,511 INFO  handler.ContextHandler (ContextHandler.java:doStart(781)) - Started o.e.j.w.WebAppContext@6fff253c{/,file:///tmp/workdir/hadoop-ozone/integration-test/target/test-classes/webapps/scm/,AVAILABLE}{/scm}
2019-07-14 00:44:46,515 INFO  server.AbstractConnector (AbstractConnector.java:doStart(278)) - Started ServerConnector@7c041b41{HTTP/1.1,[http/1.1]}{0.0.0.0:40635}
2019-07-14 00:44:46,515 INFO  server.Server (Server.java:doStart(419)) - Started @2634ms
2019-07-14 00:44:46,517 INFO  server.BaseHttpServer (BaseHttpServer.java:updateConnectorAddress(207)) - HTTP server of SCM is listening at http://0.0.0.0:40635
2019-07-14 00:44:46,523 INFO  util.JvmPauseMonitor (JvmPauseMonitor.java:run(188)) - Starting JVM pause monitor
2019-07-14 00:44:46,524 WARN  server.ServerUtils (ServerUtils.java:getDBPath(222)) - ozone.om.db.dirs is not configured. We recommend adding this setting. Falling back to ozone.metadata.dirs instead.
2019-07-14 00:44:46,613 WARN  server.ServerUtils (ServerUtils.java:getDBPath(222)) - ozone.om.db.dirs is not configured. We recommend adding this setting. Falling back to ozone.metadata.dirs instead.
2019-07-14 00:44:46,613 INFO  om.OzoneManager (OzoneManager.java:setOMNodeDetails(630)) - OM Service ID is not set. Setting it to the default ID: omServiceIdDefault
2019-07-14 00:44:46,614 INFO  om.OzoneManager (OzoneManager.java:setOMNodeDetails(636)) - OM Node ID is not set. Setting it to the OmStorage's OmID: 3c99f6cc-2e58-494d-9cfb-0423f56e5d4b
2019-07-14 00:44:46,614 INFO  om.OzoneManager (OzoneManager.java:loadOMHAConfigs(587)) - Found matching OM address with OMServiceId: null, OMNodeId: null, RPC Address: localhost:0 and Ratis port: 9872
2019-07-14 00:44:46,848 WARN  server.ServerUtils (ServerUtils.java:getDBPath(222)) - ozone.om.db.dirs is not configured. We recommend adding this setting. Falling back to ozone.metadata.dirs instead.
2019-07-14 00:44:46,859 INFO  db.DBStoreBuilder (DBStoreBuilder.java:addTable(110)) - using custom profile for table: userTable
2019-07-14 00:44:46,860 INFO  db.DBStoreBuilder (DBStoreBuilder.java:processTables(161)) - Using default column profile:DBProfile.DISK for Table:userTable
2019-07-14 00:44:46,860 INFO  db.DBStoreBuilder (DBStoreBuilder.java:addTable(110)) - using custom profile for table: volumeTable
2019-07-14 00:44:46,860 INFO  db.DBStoreBuilder (DBStoreBuilder.java:processTables(161)) - Using default column profile:DBProfile.DISK for Table:volumeTable
2019-07-14 00:44:46,861 INFO  db.DBStoreBuilder (DBStoreBuilder.java:addTable(110)) - using custom profile for table: bucketTable
2019-07-14 00:44:46,861 INFO  db.DBStoreBuilder (DBStoreBuilder.java:processTables(161)) - Using default column profile:DBProfile.DISK for Table:bucketTable
2019-07-14 00:44:46,862 INFO  db.DBStoreBuilder (DBStoreBuilder.java:addTable(110)) - using custom profile for table: keyTable
2019-07-14 00:44:46,862 INFO  db.DBStoreBuilder (DBStoreBuilder.java:processTables(161)) - Using default column profile:DBProfile.DISK for Table:keyTable
2019-07-14 00:44:46,862 INFO  db.DBStoreBuilder (DBStoreBuilder.java:addTable(110)) - using custom profile for table: deletedTable
2019-07-14 00:44:46,863 INFO  db.DBStoreBuilder (DBStoreBuilder.java:processTables(161)) - Using default column profile:DBProfile.DISK for Table:deletedTable
2019-07-14 00:44:46,863 INFO  db.DBStoreBuilder (DBStoreBuilder.java:addTable(110)) - using custom profile for table: openKeyTable
2019-07-14 00:44:46,863 INFO  db.DBStoreBuilder (DBStoreBuilder.java:processTables(161)) - Using default column profile:DBProfile.DISK for Table:openKeyTable
2019-07-14 00:44:46,864 INFO  db.DBStoreBuilder (DBStoreBuilder.java:addTable(110)) - using custom profile for table: s3Table
2019-07-14 00:44:46,864 INFO  db.DBStoreBuilder (DBStoreBuilder.java:processTables(161)) - Using default column profile:DBProfile.DISK for Table:s3Table
2019-07-14 00:44:46,864 INFO  db.DBStoreBuilder (DBStoreBuilder.java:addTable(110)) - using custom profile for table: multipartInfoTable
2019-07-14 00:44:46,865 INFO  db.DBStoreBuilder (DBStoreBuilder.java:processTables(161)) - Using default column profile:DBProfile.DISK for Table:multipartInfoTable
2019-07-14 00:44:46,865 INFO  db.DBStoreBuilder (DBStoreBuilder.java:addTable(110)) - using custom profile for table: dTokenTable
2019-07-14 00:44:46,865 INFO  db.DBStoreBuilder (DBStoreBuilder.java:processTables(161)) - Using default column profile:DBProfile.DISK for Table:dTokenTable
2019-07-14 00:44:46,866 INFO  db.DBStoreBuilder (DBStoreBuilder.java:addTable(110)) - using custom profile for table: s3SecretTable
2019-07-14 00:44:46,866 INFO  db.DBStoreBuilder (DBStoreBuilder.java:processTables(161)) - Using default column profile:DBProfile.DISK for Table:s3SecretTable
2019-07-14 00:44:46,867 INFO  db.DBStoreBuilder (DBStoreBuilder.java:addTable(110)) - using custom profile for table: prefixTable
2019-07-14 00:44:46,867 INFO  db.DBStoreBuilder (DBStoreBuilder.java:processTables(161)) - Using default column profile:DBProfile.DISK for Table:prefixTable
2019-07-14 00:44:46,867 INFO  db.DBStoreBuilder (DBStoreBuilder.java:addTable(110)) - using custom profile for table: default
2019-07-14 00:44:46,868 INFO  db.DBStoreBuilder (DBStoreBuilder.java:processTables(167)) - Using default column profile:DBProfile.DISK for Table:default
2019-07-14 00:44:46,868 INFO  db.DBStoreBuilder (DBStoreBuilder.java:getDbProfile(198)) - Using default options. DBProfile.DISK
2019-07-14 00:44:47,803 INFO  ipc.CallQueueManager (CallQueueManager.java:<init>(84)) - Using callQueue: class java.util.concurrent.LinkedBlockingQueue, queueCapacity: 2000, scheduler: class org.apache.hadoop.ipc.DefaultRpcScheduler, ipcBackoff: false.
2019-07-14 00:44:47,804 INFO  ipc.Server (Server.java:run(1074)) - Starting Socket Reader #1 for port 35619
2019-07-14 00:44:47,831 WARN  server.ServerUtils (ServerUtils.java:getDBPath(222)) - ozone.om.db.dirs is not configured. We recommend adding this setting. Falling back to ozone.metadata.dirs instead.
2019-07-14 00:44:47,831 INFO  om.OzoneManager (OzoneManager.java:start(1228)) - OzoneManager RPC server is listening at localhost/127.0.0.1:35619
2019-07-14 00:44:47,832 INFO  impl.MetricsSystemImpl (MetricsSystemImpl.java:init(158)) - OzoneManager metrics system started (again)
2019-07-14 00:44:47,834 INFO  ipc.Server (Server.java:run(1314)) - IPC Server Responder: starting
2019-07-14 00:44:47,834 INFO  ipc.Server (Server.java:run(1153)) - IPC Server listener on 35619: starting
2019-07-14 00:44:47,846 INFO  hdfs.DFSUtil (DFSUtil.java:httpServerTemplateForNNAndJN(1641)) - Starting Web-server for ozoneManager at: http://0.0.0.0:0
2019-07-14 00:44:47,848 INFO  server.AuthenticationFilter (AuthenticationFilter.java:constructSecretProvider(240)) - Unable to initialize FileSignerSecretProvider, falling back to use random secrets.
2019-07-14 00:44:47,849 WARN  http.HttpRequestLog (HttpRequestLog.java:getRequestLog(97)) - Jetty request log can only be enabled using Log4j
2019-07-14 00:44:47,851 INFO  http.HttpServer2 (HttpServer2.java:addGlobalFilter(975)) - Added global filter 'safety' (class=org.apache.hadoop.http.HttpServer2$QuotingInputFilter)
2019-07-14 00:44:47,852 INFO  http.HttpServer2 (HttpServer2.java:addFilter(948)) - Added filter static_user_filter (class=org.apache.hadoop.http.lib.StaticUserWebFilter$StaticUserFilter) to context ozoneManager
2019-07-14 00:44:47,852 INFO  http.HttpServer2 (HttpServer2.java:addFilter(958)) - Added filter static_user_filter (class=org.apache.hadoop.http.lib.StaticUserWebFilter$StaticUserFilter) to context static
2019-07-14 00:44:47,852 INFO  http.HttpServer2 (HttpServer2.java:addFilter(958)) - Added filter static_user_filter (class=org.apache.hadoop.http.lib.StaticUserWebFilter$StaticUserFilter) to context logs
2019-07-14 00:44:47,854 INFO  http.HttpServer2 (HttpServer2.java:bindListener(1191)) - Jetty bound to port 40638
2019-07-14 00:44:47,854 INFO  server.Server (Server.java:doStart(351)) - jetty-9.3.24.v20180605, build timestamp: 2018-06-05T17:11:56Z, git hash: 84205aa28f11a4f31f2a3b86d1bba2cc8ab69827
2019-07-14 00:44:47,856 INFO  handler.ContextHandler (ContextHandler.java:doStart(781)) - Started o.e.j.s.ServletContextHandler@2d0bfb24{/logs,file:///tmp/workdir/hadoop-ozone/integration-test/target/log,AVAILABLE}
2019-07-14 00:44:47,857 INFO  handler.ContextHandler (ContextHandler.java:doStart(781)) - Started o.e.j.s.ServletContextHandler@7b44b63d{/static,file:///tmp/workdir/hadoop-ozone/integration-test/target/test-classes/webapps/static,AVAILABLE}
2019-07-14 00:44:47,862 INFO  handler.ContextHandler (ContextHandler.java:doStart(781)) - Started o.e.j.w.WebAppContext@3e9803c2{/,file:///tmp/workdir/hadoop-ozone/integration-test/target/test-classes/webapps/ozoneManager/,AVAILABLE}{/ozoneManager}
2019-07-14 00:44:47,862 INFO  server.AbstractConnector (AbstractConnector.java:doStart(278)) - Started ServerConnector@4525d1d3{HTTP/1.1,[http/1.1]}{0.0.0.0:40638}
2019-07-14 00:44:47,863 INFO  server.Server (Server.java:doStart(419)) - Started @3981ms
2019-07-14 00:44:47,863 INFO  server.BaseHttpServer (BaseHttpServer.java:updateConnectorAddress(207)) - HTTP server of OZONEMANAGER is listening at http://0.0.0.0:40638
2019-07-14 00:44:48,174 INFO  impl.MetricsSystemImpl (MetricsSystemImpl.java:init(158)) - HddsDatanode metrics system started (again)
2019-07-14 00:44:48,260 INFO  ozone.HddsDatanodeService (HddsDatanodeService.java:start(185)) - HddsDatanodeService host:trunk-nightly-sxkq5-3320257302 ip:192.168.157.230
2019-07-14 00:44:48,293 INFO  volume.HddsVolume (HddsVolume.java:<init>(176)) - Creating Volume: /tmp/workdir/hadoop-ozone/integration-test/target/test-dir/MiniOzoneClusterImpl-9ec94e0c-450e-4dd1-984a-a0d71f418af7/datanode-0/data/containers/hdds of  storage type : DISK and capacity : 52710309888
2019-07-14 00:44:48,295 INFO  volume.VolumeSet (VolumeSet.java:initializeVolumeSet(170)) - Added Volume : /tmp/workdir/hadoop-ozone/integration-test/target/test-dir/MiniOzoneClusterImpl-9ec94e0c-450e-4dd1-984a-a0d71f418af7/datanode-0/data/containers/hdds to VolumeSet
2019-07-14 00:44:48,297 INFO  volume.ThrottledAsyncChecker (ThrottledAsyncChecker.java:schedule(140)) - Scheduling a check for org.apache.hadoop.ozone.container.common.volume.HddsVolume@59546cfe
2019-07-14 00:44:48,317 INFO  volume.HddsVolumeChecker (HddsVolumeChecker.java:checkAllVolumes(203)) - Scheduled health check for volume org.apache.hadoop.ozone.container.common.volume.HddsVolume@59546cfe
2019-07-14 00:44:48,428 INFO  impl.RaftServerProxy (ConfUtils.java:logGet(43)) - raft.rpc.type = GRPC (default)
2019-07-14 00:44:48,492 INFO  grpc.GrpcFactory (GrpcFactory.java:checkPooledByteBufAllocatorUseCacheForAllThreads(45)) - PERFORMANCE WARNING: useCacheForAllThreads is true that may cause Netty to create a lot garbage objects and, as a result, trigger GC.
	It is recommended to disable useCacheForAllThreads by setting -Dorg.apache.ratis.thirdparty.io.netty.allocator.useCacheForAllThreads=false in command line.
2019-07-14 00:44:48,496 INFO  grpc.GrpcConfigKeys$Server (ConfUtils.java:logGet(43)) - raft.grpc.server.port = 0 (default)
2019-07-14 00:44:48,497 INFO  server.GrpcService (ConfUtils.java:logGet(43)) - raft.grpc.message.size.max = 33570816 (custom)
2019-07-14 00:44:48,499 INFO  server.RaftServerConfigKeys (ConfUtils.java:logGet(43)) - raft.server.log.appender.buffer.byte-limit = 33554432 (custom)
2019-07-14 00:44:48,499 INFO  server.GrpcService (ConfUtils.java:logGet(43)) - raft.grpc.flow.control.window = 1MB (=1048576) (default)
2019-07-14 00:44:48,500 INFO  server.RaftServerConfigKeys (ConfUtils.java:logGet(43)) - raft.server.rpc.request.timeout = 3000ms (default)
2019-07-14 00:44:48,655 INFO  server.RaftServerConfigKeys (ConfUtils.java:logGet(43)) - raft.server.storage.dir = [/tmp/workdir/hadoop-ozone/integration-test/target/test-dir/MiniOzoneClusterImpl-9ec94e0c-450e-4dd1-984a-a0d71f418af7/datanode-0/data/ratis] (custom)
2019-07-14 00:44:48,691 INFO  replication.SimpleContainerDownloader (SimpleContainerDownloader.java:<init>(72)) - Starting container downloader service to copy containers to replicate.
2019-07-14 00:44:48,703 INFO  hdfs.DFSUtil (DFSUtil.java:httpServerTemplateForNNAndJN(1641)) - Starting Web-server for hddsDatanode at: http://0.0.0.0:0
2019-07-14 00:44:48,705 INFO  server.AuthenticationFilter (AuthenticationFilter.java:constructSecretProvider(240)) - Unable to initialize FileSignerSecretProvider, falling back to use random secrets.
2019-07-14 00:44:48,706 WARN  http.HttpRequestLog (HttpRequestLog.java:getRequestLog(97)) - Jetty request log can only be enabled using Log4j
2019-07-14 00:44:48,707 INFO  http.HttpServer2 (HttpServer2.java:addGlobalFilter(975)) - Added global filter 'safety' (class=org.apache.hadoop.http.HttpServer2$QuotingInputFilter)
2019-07-14 00:44:48,708 INFO  http.HttpServer2 (HttpServer2.java:addFilter(948)) - Added filter static_user_filter (class=org.apache.hadoop.http.lib.StaticUserWebFilter$StaticUserFilter) to context hddsDatanode
2019-07-14 00:44:48,708 INFO  http.HttpServer2 (HttpServer2.java:addFilter(958)) - Added filter static_user_filter (class=org.apache.hadoop.http.lib.StaticUserWebFilter$StaticUserFilter) to context static
2019-07-14 00:44:48,708 INFO  http.HttpServer2 (HttpServer2.java:addFilter(958)) - Added filter static_user_filter (class=org.apache.hadoop.http.lib.StaticUserWebFilter$StaticUserFilter) to context logs
2019-07-14 00:44:48,709 INFO  http.HttpServer2 (HttpServer2.java:bindListener(1191)) - Jetty bound to port 46038
2019-07-14 00:44:48,709 INFO  server.Server (Server.java:doStart(351)) - jetty-9.3.24.v20180605, build timestamp: 2018-06-05T17:11:56Z, git hash: 84205aa28f11a4f31f2a3b86d1bba2cc8ab69827
2019-07-14 00:44:48,711 INFO  handler.ContextHandler (ContextHandler.java:doStart(781)) - Started o.e.j.s.ServletContextHandler@36cc9385{/logs,file:///tmp/workdir/hadoop-ozone/integration-test/target/log,AVAILABLE}
2019-07-14 00:44:48,712 INFO  handler.ContextHandler (ContextHandler.java:doStart(781)) - Started o.e.j.s.ServletContextHandler@7915bca3{/static,jar:file:/home/user/.m2/repository/org/apache/hadoop/hadoop-hdds-container-service/0.5.0-SNAPSHOT/hadoop-hdds-container-service-0.5.0-SNAPSHOT.jar!/webapps/static,AVAILABLE}
2019-07-14 00:44:48,744 INFO  handler.ContextHandler (ContextHandler.java:doStart(781)) - Started o.e.j.w.WebAppContext@37e0292a{/,file:///tmp/jetty-0.0.0.0-46038-hddsDatanode-_-any-4640536530244395917.dir/webapp/,AVAILABLE}{/hddsDatanode}
2019-07-14 00:44:48,744 INFO  server.AbstractConnector (AbstractConnector.java:doStart(278)) - Started ServerConnector@4af70944{HTTP/1.1,[http/1.1]}{0.0.0.0:46038}
2019-07-14 00:44:48,745 INFO  server.Server (Server.java:doStart(419)) - Started @4864ms
2019-07-14 00:44:48,746 INFO  server.BaseHttpServer (BaseHttpServer.java:updateConnectorAddress(207)) - HTTP server of HDDSDATANODE is listening at http://0.0.0.0:46038
2019-07-14 00:44:49,865 INFO  ozone.HddsDatanodeService (HddsDatanodeService.java:startPlugins(396)) - Started plug-in org.apache.hadoop.ozone.web.OzoneHddsDatanodeService@b4732dc
2019-07-14 00:44:49,868 INFO  impl.MetricsSystemImpl (MetricsSystemImpl.java:init(158)) - HddsDatanode metrics system started (again)
2019-07-14 00:44:49,869 INFO  ozone.HddsDatanodeService (HddsDatanodeService.java:start(185)) - HddsDatanodeService host:trunk-nightly-sxkq5-3320257302 ip:192.168.157.230
2019-07-14 00:44:49,877 INFO  util.JvmPauseMonitor (JvmPauseMonitor.java:run(188)) - Starting JVM pause monitor
2019-07-14 00:44:49,883 INFO  volume.HddsVolume (HddsVolume.java:<init>(176)) - Creating Volume: /tmp/workdir/hadoop-ozone/integration-test/target/test-dir/MiniOzoneClusterImpl-9ec94e0c-450e-4dd1-984a-a0d71f418af7/datanode-1/data/containers/hdds of  storage type : DISK and capacity : 52710309888
2019-07-14 00:44:49,883 INFO  volume.VolumeSet (VolumeSet.java:initializeVolumeSet(170)) - Added Volume : /tmp/workdir/hadoop-ozone/integration-test/target/test-dir/MiniOzoneClusterImpl-9ec94e0c-450e-4dd1-984a-a0d71f418af7/datanode-1/data/containers/hdds to VolumeSet
2019-07-14 00:44:49,884 INFO  volume.ThrottledAsyncChecker (ThrottledAsyncChecker.java:schedule(140)) - Scheduling a check for org.apache.hadoop.ozone.container.common.volume.HddsVolume@778a1250
2019-07-14 00:44:49,884 INFO  volume.HddsVolumeChecker (HddsVolumeChecker.java:checkAllVolumes(203)) - Scheduled health check for volume org.apache.hadoop.ozone.container.common.volume.HddsVolume@778a1250
2019-07-14 00:44:49,909 INFO  impl.RaftServerProxy (ConfUtils.java:logGet(43)) - raft.rpc.type = GRPC (default)
2019-07-14 00:44:49,909 INFO  grpc.GrpcFactory (GrpcFactory.java:checkPooledByteBufAllocatorUseCacheForAllThreads(45)) - PERFORMANCE WARNING: useCacheForAllThreads is true that may cause Netty to create a lot garbage objects and, as a result, trigger GC.
	It is recommended to disable useCacheForAllThreads by setting -Dorg.apache.ratis.thirdparty.io.netty.allocator.useCacheForAllThreads=false in command line.
2019-07-14 00:44:49,910 INFO  grpc.GrpcConfigKeys$Server (ConfUtils.java:logGet(43)) - raft.grpc.server.port = 0 (default)
2019-07-14 00:44:49,910 INFO  server.GrpcService (ConfUtils.java:logGet(43)) - raft.grpc.message.size.max = 33570816 (custom)
2019-07-14 00:44:49,910 INFO  server.RaftServerConfigKeys (ConfUtils.java:logGet(43)) - raft.server.log.appender.buffer.byte-limit = 33554432 (custom)
2019-07-14 00:44:49,911 INFO  server.GrpcService (ConfUtils.java:logGet(43)) - raft.grpc.flow.control.window = 1MB (=1048576) (default)
2019-07-14 00:44:49,911 INFO  server.RaftServerConfigKeys (ConfUtils.java:logGet(43)) - raft.server.rpc.request.timeout = 3000ms (default)
2019-07-14 00:44:49,912 INFO  server.RaftServerConfigKeys (ConfUtils.java:logGet(43)) - raft.server.storage.dir = [/tmp/workdir/hadoop-ozone/integration-test/target/test-dir/MiniOzoneClusterImpl-9ec94e0c-450e-4dd1-984a-a0d71f418af7/datanode-1/data/ratis] (custom)
2019-07-14 00:44:49,913 INFO  replication.SimpleContainerDownloader (SimpleContainerDownloader.java:<init>(72)) - Starting container downloader service to copy containers to replicate.
2019-07-14 00:44:49,915 INFO  hdfs.DFSUtil (DFSUtil.java:httpServerTemplateForNNAndJN(1641)) - Starting Web-server for hddsDatanode at: http://0.0.0.0:0
2019-07-14 00:44:49,917 INFO  server.AuthenticationFilter (AuthenticationFilter.java:constructSecretProvider(240)) - Unable to initialize FileSignerSecretProvider, falling back to use random secrets.
2019-07-14 00:44:49,918 WARN  http.HttpRequestLog (HttpRequestLog.java:getRequestLog(97)) - Jetty request log can only be enabled using Log4j
2019-07-14 00:44:49,920 INFO  http.HttpServer2 (HttpServer2.java:addGlobalFilter(975)) - Added global filter 'safety' (class=org.apache.hadoop.http.HttpServer2$QuotingInputFilter)
2019-07-14 00:44:49,920 INFO  http.HttpServer2 (HttpServer2.java:addFilter(948)) - Added filter static_user_filter (class=org.apache.hadoop.http.lib.StaticUserWebFilter$StaticUserFilter) to context hddsDatanode
2019-07-14 00:44:49,921 INFO  http.HttpServer2 (HttpServer2.java:addFilter(958)) - Added filter static_user_filter (class=org.apache.hadoop.http.lib.StaticUserWebFilter$StaticUserFilter) to context static
2019-07-14 00:44:49,921 INFO  http.HttpServer2 (HttpServer2.java:addFilter(958)) - Added filter static_user_filter (class=org.apache.hadoop.http.lib.StaticUserWebFilter$StaticUserFilter) to context logs
2019-07-14 00:44:49,922 INFO  http.HttpServer2 (HttpServer2.java:bindListener(1191)) - Jetty bound to port 46784
2019-07-14 00:44:49,922 INFO  server.Server (Server.java:doStart(351)) - jetty-9.3.24.v20180605, build timestamp: 2018-06-05T17:11:56Z, git hash: 84205aa28f11a4f31f2a3b86d1bba2cc8ab69827
2019-07-14 00:44:49,924 INFO  handler.ContextHandler (ContextHandler.java:doStart(781)) - Started o.e.j.s.ServletContextHandler@359066bc{/logs,file:///tmp/workdir/hadoop-ozone/integration-test/target/log,AVAILABLE}
2019-07-14 00:44:49,925 INFO  handler.ContextHandler (ContextHandler.java:doStart(781)) - Started o.e.j.s.ServletContextHandler@364fd4ae{/static,jar:file:/home/user/.m2/repository/org/apache/hadoop/hadoop-hdds-container-service/0.5.0-SNAPSHOT/hadoop-hdds-container-service-0.5.0-SNAPSHOT.jar!/webapps/static,AVAILABLE}
2019-07-14 00:44:49,956 INFO  handler.ContextHandler (ContextHandler.java:doStart(781)) - Started o.e.j.w.WebAppContext@2e1eb85f{/,file:///tmp/jetty-0.0.0.0-46784-hddsDatanode-_-any-2355062253021089012.dir/webapp/,AVAILABLE}{/hddsDatanode}
2019-07-14 00:44:49,957 INFO  server.AbstractConnector (AbstractConnector.java:doStart(278)) - Started ServerConnector@ea7a4c3{HTTP/1.1,[http/1.1]}{0.0.0.0:46784}
2019-07-14 00:44:49,959 INFO  server.Server (Server.java:doStart(419)) - Started @6078ms
2019-07-14 00:44:49,960 INFO  server.BaseHttpServer (BaseHttpServer.java:updateConnectorAddress(207)) - HTTP server of HDDSDATANODE is listening at http://0.0.0.0:46784
2019-07-14 00:44:49,995 INFO  datanode.InitDatanodeState (InitDatanodeState.java:persistContainerDatanodeDetails(140)) - DatanodeDetails is persisted to /tmp/workdir/hadoop-ozone/integration-test/target/test-dir/MiniOzoneClusterImpl-9ec94e0c-450e-4dd1-984a-a0d71f418af7/datanode-0/meta/datanode.id
2019-07-14 00:44:50,149 INFO  ozone.HddsDatanodeService (HddsDatanodeService.java:startPlugins(396)) - Started plug-in org.apache.hadoop.ozone.web.OzoneHddsDatanodeService@5729b410
2019-07-14 00:44:50,149 INFO  impl.MetricsSystemImpl (MetricsSystemImpl.java:init(158)) - HddsDatanode metrics system started (again)
2019-07-14 00:44:50,150 INFO  ozone.HddsDatanodeService (HddsDatanodeService.java:start(185)) - HddsDatanodeService host:trunk-nightly-sxkq5-3320257302 ip:192.168.157.230
2019-07-14 00:44:50,152 INFO  util.JvmPauseMonitor (JvmPauseMonitor.java:run(188)) - Starting JVM pause monitor
2019-07-14 00:44:50,161 INFO  volume.HddsVolume (HddsVolume.java:<init>(176)) - Creating Volume: /tmp/workdir/hadoop-ozone/integration-test/target/test-dir/MiniOzoneClusterImpl-9ec94e0c-450e-4dd1-984a-a0d71f418af7/datanode-2/data/containers/hdds of  storage type : DISK and capacity : 52710309888
2019-07-14 00:44:50,161 INFO  volume.VolumeSet (VolumeSet.java:initializeVolumeSet(170)) - Added Volume : /tmp/workdir/hadoop-ozone/integration-test/target/test-dir/MiniOzoneClusterImpl-9ec94e0c-450e-4dd1-984a-a0d71f418af7/datanode-2/data/containers/hdds to VolumeSet
2019-07-14 00:44:50,161 INFO  datanode.InitDatanodeState (InitDatanodeState.java:persistContainerDatanodeDetails(140)) - DatanodeDetails is persisted to /tmp/workdir/hadoop-ozone/integration-test/target/test-dir/MiniOzoneClusterImpl-9ec94e0c-450e-4dd1-984a-a0d71f418af7/datanode-1/meta/datanode.id
2019-07-14 00:44:50,162 INFO  volume.ThrottledAsyncChecker (ThrottledAsyncChecker.java:schedule(140)) - Scheduling a check for org.apache.hadoop.ozone.container.common.volume.HddsVolume@52b959df
2019-07-14 00:44:50,163 INFO  volume.HddsVolumeChecker (HddsVolumeChecker.java:checkAllVolumes(203)) - Scheduled health check for volume org.apache.hadoop.ozone.container.common.volume.HddsVolume@52b959df
2019-07-14 00:44:50,177 INFO  impl.RaftServerProxy (ConfUtils.java:logGet(43)) - raft.rpc.type = GRPC (default)
2019-07-14 00:44:50,177 INFO  grpc.GrpcFactory (GrpcFactory.java:checkPooledByteBufAllocatorUseCacheForAllThreads(45)) - PERFORMANCE WARNING: useCacheForAllThreads is true that may cause Netty to create a lot garbage objects and, as a result, trigger GC.
	It is recommended to disable useCacheForAllThreads by setting -Dorg.apache.ratis.thirdparty.io.netty.allocator.useCacheForAllThreads=false in command line.
2019-07-14 00:44:50,177 INFO  grpc.GrpcConfigKeys$Server (ConfUtils.java:logGet(43)) - raft.grpc.server.port = 0 (default)
2019-07-14 00:44:50,177 INFO  server.GrpcService (ConfUtils.java:logGet(43)) - raft.grpc.message.size.max = 33570816 (custom)
2019-07-14 00:44:50,178 INFO  server.RaftServerConfigKeys (ConfUtils.java:logGet(43)) - raft.server.log.appender.buffer.byte-limit = 33554432 (custom)
2019-07-14 00:44:50,178 INFO  server.GrpcService (ConfUtils.java:logGet(43)) - raft.grpc.flow.control.window = 1MB (=1048576) (default)
2019-07-14 00:44:50,178 INFO  server.RaftServerConfigKeys (ConfUtils.java:logGet(43)) - raft.server.rpc.request.timeout = 3000ms (default)
2019-07-14 00:44:50,179 INFO  server.RaftServerConfigKeys (ConfUtils.java:logGet(43)) - raft.server.storage.dir = [/tmp/workdir/hadoop-ozone/integration-test/target/test-dir/MiniOzoneClusterImpl-9ec94e0c-450e-4dd1-984a-a0d71f418af7/datanode-2/data/ratis] (custom)
2019-07-14 00:44:50,180 INFO  replication.SimpleContainerDownloader (SimpleContainerDownloader.java:<init>(72)) - Starting container downloader service to copy containers to replicate.
2019-07-14 00:44:50,181 INFO  hdfs.DFSUtil (DFSUtil.java:httpServerTemplateForNNAndJN(1641)) - Starting Web-server for hddsDatanode at: http://0.0.0.0:0
2019-07-14 00:44:50,183 INFO  server.AuthenticationFilter (AuthenticationFilter.java:constructSecretProvider(240)) - Unable to initialize FileSignerSecretProvider, falling back to use random secrets.
2019-07-14 00:44:50,184 WARN  http.HttpRequestLog (HttpRequestLog.java:getRequestLog(97)) - Jetty request log can only be enabled using Log4j
2019-07-14 00:44:50,186 INFO  http.HttpServer2 (HttpServer2.java:addGlobalFilter(975)) - Added global filter 'safety' (class=org.apache.hadoop.http.HttpServer2$QuotingInputFilter)
2019-07-14 00:44:50,187 INFO  http.HttpServer2 (HttpServer2.java:addFilter(948)) - Added filter static_user_filter (class=org.apache.hadoop.http.lib.StaticUserWebFilter$StaticUserFilter) to context hddsDatanode
2019-07-14 00:44:50,187 INFO  http.HttpServer2 (HttpServer2.java:addFilter(958)) - Added filter static_user_filter (class=org.apache.hadoop.http.lib.StaticUserWebFilter$StaticUserFilter) to context static
2019-07-14 00:44:50,187 INFO  http.HttpServer2 (HttpServer2.java:addFilter(958)) - Added filter static_user_filter (class=org.apache.hadoop.http.lib.StaticUserWebFilter$StaticUserFilter) to context logs
2019-07-14 00:44:50,189 INFO  http.HttpServer2 (HttpServer2.java:bindListener(1191)) - Jetty bound to port 35164
2019-07-14 00:44:50,189 INFO  server.Server (Server.java:doStart(351)) - jetty-9.3.24.v20180605, build timestamp: 2018-06-05T17:11:56Z, git hash: 84205aa28f11a4f31f2a3b86d1bba2cc8ab69827
2019-07-14 00:44:50,193 INFO  handler.ContextHandler (ContextHandler.java:doStart(781)) - Started o.e.j.s.ServletContextHandler@631c6d11{/logs,file:///tmp/workdir/hadoop-ozone/integration-test/target/log,AVAILABLE}
2019-07-14 00:44:50,194 INFO  handler.ContextHandler (ContextHandler.java:doStart(781)) - Started o.e.j.s.ServletContextHandler@62ade015{/static,jar:file:/home/user/.m2/repository/org/apache/hadoop/hadoop-hdds-container-service/0.5.0-SNAPSHOT/hadoop-hdds-container-service-0.5.0-SNAPSHOT.jar!/webapps/static,AVAILABLE}
2019-07-14 00:44:50,238 INFO  handler.ContextHandler (ContextHandler.java:doStart(781)) - Started o.e.j.w.WebAppContext@7197b07f{/,file:///tmp/jetty-0.0.0.0-35164-hddsDatanode-_-any-7467101380993592495.dir/webapp/,AVAILABLE}{/hddsDatanode}
2019-07-14 00:44:50,238 INFO  server.AbstractConnector (AbstractConnector.java:doStart(278)) - Started ServerConnector@1f10fec6{HTTP/1.1,[http/1.1]}{0.0.0.0:35164}
2019-07-14 00:44:50,239 INFO  server.Server (Server.java:doStart(419)) - Started @6358ms
2019-07-14 00:44:50,241 INFO  server.BaseHttpServer (BaseHttpServer.java:updateConnectorAddress(207)) - HTTP server of HDDSDATANODE is listening at http://0.0.0.0:35164
2019-07-14 00:44:50,397 INFO  ozone.HddsDatanodeService (HddsDatanodeService.java:startPlugins(396)) - Started plug-in org.apache.hadoop.ozone.web.OzoneHddsDatanodeService@7436364d
2019-07-14 00:44:50,398 INFO  impl.MetricsSystemImpl (MetricsSystemImpl.java:init(158)) - HddsDatanode metrics system started (again)
2019-07-14 00:44:50,399 INFO  ozone.HddsDatanodeService (HddsDatanodeService.java:start(185)) - HddsDatanodeService host:trunk-nightly-sxkq5-3320257302 ip:192.168.157.230
2019-07-14 00:44:50,401 INFO  util.JvmPauseMonitor (JvmPauseMonitor.java:run(188)) - Starting JVM pause monitor
2019-07-14 00:44:50,405 INFO  datanode.InitDatanodeState (InitDatanodeState.java:persistContainerDatanodeDetails(140)) - DatanodeDetails is persisted to /tmp/workdir/hadoop-ozone/integration-test/target/test-dir/MiniOzoneClusterImpl-9ec94e0c-450e-4dd1-984a-a0d71f418af7/datanode-2/meta/datanode.id
2019-07-14 00:44:50,409 INFO  volume.HddsVolume (HddsVolume.java:<init>(176)) - Creating Volume: /tmp/workdir/hadoop-ozone/integration-test/target/test-dir/MiniOzoneClusterImpl-9ec94e0c-450e-4dd1-984a-a0d71f418af7/datanode-3/data/containers/hdds of  storage type : DISK and capacity : 52710309888
2019-07-14 00:44:50,410 INFO  volume.VolumeSet (VolumeSet.java:initializeVolumeSet(170)) - Added Volume : /tmp/workdir/hadoop-ozone/integration-test/target/test-dir/MiniOzoneClusterImpl-9ec94e0c-450e-4dd1-984a-a0d71f418af7/datanode-3/data/containers/hdds to VolumeSet
2019-07-14 00:44:50,410 INFO  volume.ThrottledAsyncChecker (ThrottledAsyncChecker.java:schedule(140)) - Scheduling a check for org.apache.hadoop.ozone.container.common.volume.HddsVolume@517704
2019-07-14 00:44:50,411 INFO  volume.HddsVolumeChecker (HddsVolumeChecker.java:checkAllVolumes(203)) - Scheduled health check for volume org.apache.hadoop.ozone.container.common.volume.HddsVolume@517704
2019-07-14 00:44:50,433 INFO  impl.RaftServerProxy (ConfUtils.java:logGet(43)) - raft.rpc.type = GRPC (default)
2019-07-14 00:44:50,434 INFO  grpc.GrpcFactory (GrpcFactory.java:checkPooledByteBufAllocatorUseCacheForAllThreads(45)) - PERFORMANCE WARNING: useCacheForAllThreads is true that may cause Netty to create a lot garbage objects and, as a result, trigger GC.
	It is recommended to disable useCacheForAllThreads by setting -Dorg.apache.ratis.thirdparty.io.netty.allocator.useCacheForAllThreads=false in command line.
2019-07-14 00:44:50,434 INFO  grpc.GrpcConfigKeys$Server (ConfUtils.java:logGet(43)) - raft.grpc.server.port = 0 (default)
2019-07-14 00:44:50,435 INFO  server.GrpcService (ConfUtils.java:logGet(43)) - raft.grpc.message.size.max = 33570816 (custom)
2019-07-14 00:44:50,435 INFO  server.RaftServerConfigKeys (ConfUtils.java:logGet(43)) - raft.server.log.appender.buffer.byte-limit = 33554432 (custom)
2019-07-14 00:44:50,435 INFO  server.GrpcService (ConfUtils.java:logGet(43)) - raft.grpc.flow.control.window = 1MB (=1048576) (default)
2019-07-14 00:44:50,436 INFO  server.RaftServerConfigKeys (ConfUtils.java:logGet(43)) - raft.server.rpc.request.timeout = 3000ms (default)
2019-07-14 00:44:50,437 INFO  server.RaftServerConfigKeys (ConfUtils.java:logGet(43)) - raft.server.storage.dir = [/tmp/workdir/hadoop-ozone/integration-test/target/test-dir/MiniOzoneClusterImpl-9ec94e0c-450e-4dd1-984a-a0d71f418af7/datanode-3/data/ratis] (custom)
2019-07-14 00:44:50,437 INFO  replication.SimpleContainerDownloader (SimpleContainerDownloader.java:<init>(72)) - Starting container downloader service to copy containers to replicate.
2019-07-14 00:44:50,439 INFO  hdfs.DFSUtil (DFSUtil.java:httpServerTemplateForNNAndJN(1641)) - Starting Web-server for hddsDatanode at: http://0.0.0.0:0
2019-07-14 00:44:50,441 INFO  server.AuthenticationFilter (AuthenticationFilter.java:constructSecretProvider(240)) - Unable to initialize FileSignerSecretProvider, falling back to use random secrets.
2019-07-14 00:44:50,442 WARN  http.HttpRequestLog (HttpRequestLog.java:getRequestLog(97)) - Jetty request log can only be enabled using Log4j
2019-07-14 00:44:50,444 INFO  http.HttpServer2 (HttpServer2.java:addGlobalFilter(975)) - Added global filter 'safety' (class=org.apache.hadoop.http.HttpServer2$QuotingInputFilter)
2019-07-14 00:44:50,445 INFO  http.HttpServer2 (HttpServer2.java:addFilter(948)) - Added filter static_user_filter (class=org.apache.hadoop.http.lib.StaticUserWebFilter$StaticUserFilter) to context hddsDatanode
2019-07-14 00:44:50,445 INFO  http.HttpServer2 (HttpServer2.java:addFilter(958)) - Added filter static_user_filter (class=org.apache.hadoop.http.lib.StaticUserWebFilter$StaticUserFilter) to context static
2019-07-14 00:44:50,446 INFO  http.HttpServer2 (HttpServer2.java:addFilter(958)) - Added filter static_user_filter (class=org.apache.hadoop.http.lib.StaticUserWebFilter$StaticUserFilter) to context logs
2019-07-14 00:44:50,447 INFO  http.HttpServer2 (HttpServer2.java:bindListener(1191)) - Jetty bound to port 36815
2019-07-14 00:44:50,447 INFO  server.Server (Server.java:doStart(351)) - jetty-9.3.24.v20180605, build timestamp: 2018-06-05T17:11:56Z, git hash: 84205aa28f11a4f31f2a3b86d1bba2cc8ab69827
2019-07-14 00:44:50,451 INFO  handler.ContextHandler (ContextHandler.java:doStart(781)) - Started o.e.j.s.ServletContextHandler@1e30db85{/logs,file:///tmp/workdir/hadoop-ozone/integration-test/target/log,AVAILABLE}
2019-07-14 00:44:50,452 INFO  handler.ContextHandler (ContextHandler.java:doStart(781)) - Started o.e.j.s.ServletContextHandler@cc9ef8d{/static,jar:file:/home/user/.m2/repository/org/apache/hadoop/hadoop-hdds-container-service/0.5.0-SNAPSHOT/hadoop-hdds-container-service-0.5.0-SNAPSHOT.jar!/webapps/static,AVAILABLE}
2019-07-14 00:44:50,494 INFO  handler.ContextHandler (ContextHandler.java:doStart(781)) - Started o.e.j.w.WebAppContext@6a2d867d{/,file:///tmp/jetty-0.0.0.0-36815-hddsDatanode-_-any-1573494824613596900.dir/webapp/,AVAILABLE}{/hddsDatanode}
2019-07-14 00:44:50,495 INFO  server.AbstractConnector (AbstractConnector.java:doStart(278)) - Started ServerConnector@73bb1337{HTTP/1.1,[http/1.1]}{0.0.0.0:36815}
2019-07-14 00:44:50,496 INFO  server.Server (Server.java:doStart(419)) - Started @6615ms
2019-07-14 00:44:50,498 INFO  server.BaseHttpServer (BaseHttpServer.java:updateConnectorAddress(207)) - HTTP server of HDDSDATANODE is listening at http://0.0.0.0:36815
2019-07-14 00:44:50,649 INFO  ozone.HddsDatanodeService (HddsDatanodeService.java:startPlugins(396)) - Started plug-in org.apache.hadoop.ozone.web.OzoneHddsDatanodeService@65da01f4
2019-07-14 00:44:50,649 INFO  impl.MetricsSystemImpl (MetricsSystemImpl.java:init(158)) - HddsDatanode metrics system started (again)
2019-07-14 00:44:50,651 INFO  ozone.HddsDatanodeService (HddsDatanodeService.java:start(185)) - HddsDatanodeService host:trunk-nightly-sxkq5-3320257302 ip:192.168.157.230
2019-07-14 00:44:50,653 INFO  util.JvmPauseMonitor (JvmPauseMonitor.java:run(188)) - Starting JVM pause monitor
2019-07-14 00:44:50,657 INFO  datanode.InitDatanodeState (InitDatanodeState.java:persistContainerDatanodeDetails(140)) - DatanodeDetails is persisted to /tmp/workdir/hadoop-ozone/integration-test/target/test-dir/MiniOzoneClusterImpl-9ec94e0c-450e-4dd1-984a-a0d71f418af7/datanode-3/meta/datanode.id
2019-07-14 00:44:50,662 INFO  volume.HddsVolume (HddsVolume.java:<init>(176)) - Creating Volume: /tmp/workdir/hadoop-ozone/integration-test/target/test-dir/MiniOzoneClusterImpl-9ec94e0c-450e-4dd1-984a-a0d71f418af7/datanode-4/data/containers/hdds of  storage type : DISK and capacity : 52710309888
2019-07-14 00:44:50,662 INFO  volume.VolumeSet (VolumeSet.java:initializeVolumeSet(170)) - Added Volume : /tmp/workdir/hadoop-ozone/integration-test/target/test-dir/MiniOzoneClusterImpl-9ec94e0c-450e-4dd1-984a-a0d71f418af7/datanode-4/data/containers/hdds to VolumeSet
2019-07-14 00:44:50,663 INFO  volume.ThrottledAsyncChecker (ThrottledAsyncChecker.java:schedule(140)) - Scheduling a check for org.apache.hadoop.ozone.container.common.volume.HddsVolume@6b2fdffc
2019-07-14 00:44:50,663 INFO  volume.HddsVolumeChecker (HddsVolumeChecker.java:checkAllVolumes(203)) - Scheduled health check for volume org.apache.hadoop.ozone.container.common.volume.HddsVolume@6b2fdffc
2019-07-14 00:44:50,677 INFO  impl.RaftServerProxy (ConfUtils.java:logGet(43)) - raft.rpc.type = GRPC (default)
2019-07-14 00:44:50,678 INFO  grpc.GrpcFactory (GrpcFactory.java:checkPooledByteBufAllocatorUseCacheForAllThreads(45)) - PERFORMANCE WARNING: useCacheForAllThreads is true that may cause Netty to create a lot garbage objects and, as a result, trigger GC.
	It is recommended to disable useCacheForAllThreads by setting -Dorg.apache.ratis.thirdparty.io.netty.allocator.useCacheForAllThreads=false in command line.
2019-07-14 00:44:50,678 INFO  grpc.GrpcConfigKeys$Server (ConfUtils.java:logGet(43)) - raft.grpc.server.port = 0 (default)
2019-07-14 00:44:50,678 INFO  server.GrpcService (ConfUtils.java:logGet(43)) - raft.grpc.message.size.max = 33570816 (custom)
2019-07-14 00:44:50,678 INFO  server.RaftServerConfigKeys (ConfUtils.java:logGet(43)) - raft.server.log.appender.buffer.byte-limit = 33554432 (custom)
2019-07-14 00:44:50,678 INFO  server.GrpcService (ConfUtils.java:logGet(43)) - raft.grpc.flow.control.window = 1MB (=1048576) (default)
2019-07-14 00:44:50,679 INFO  server.RaftServerConfigKeys (ConfUtils.java:logGet(43)) - raft.server.rpc.request.timeout = 3000ms (default)
2019-07-14 00:44:50,679 INFO  server.RaftServerConfigKeys (ConfUtils.java:logGet(43)) - raft.server.storage.dir = [/tmp/workdir/hadoop-ozone/integration-test/target/test-dir/MiniOzoneClusterImpl-9ec94e0c-450e-4dd1-984a-a0d71f418af7/datanode-4/data/ratis] (custom)
2019-07-14 00:44:50,680 INFO  replication.SimpleContainerDownloader (SimpleContainerDownloader.java:<init>(72)) - Starting container downloader service to copy containers to replicate.
2019-07-14 00:44:50,681 INFO  hdfs.DFSUtil (DFSUtil.java:httpServerTemplateForNNAndJN(1641)) - Starting Web-server for hddsDatanode at: http://0.0.0.0:0
2019-07-14 00:44:50,682 INFO  server.AuthenticationFilter (AuthenticationFilter.java:constructSecretProvider(240)) - Unable to initialize FileSignerSecretProvider, falling back to use random secrets.
2019-07-14 00:44:50,683 WARN  http.HttpRequestLog (HttpRequestLog.java:getRequestLog(97)) - Jetty request log can only be enabled using Log4j
2019-07-14 00:44:50,684 INFO  http.HttpServer2 (HttpServer2.java:addGlobalFilter(975)) - Added global filter 'safety' (class=org.apache.hadoop.http.HttpServer2$QuotingInputFilter)
2019-07-14 00:44:50,685 INFO  http.HttpServer2 (HttpServer2.java:addFilter(948)) - Added filter static_user_filter (class=org.apache.hadoop.http.lib.StaticUserWebFilter$StaticUserFilter) to context hddsDatanode
2019-07-14 00:44:50,685 INFO  http.HttpServer2 (HttpServer2.java:addFilter(958)) - Added filter static_user_filter (class=org.apache.hadoop.http.lib.StaticUserWebFilter$StaticUserFilter) to context logs
2019-07-14 00:44:50,685 INFO  http.HttpServer2 (HttpServer2.java:addFilter(958)) - Added filter static_user_filter (class=org.apache.hadoop.http.lib.StaticUserWebFilter$StaticUserFilter) to context static
2019-07-14 00:44:50,686 INFO  http.HttpServer2 (HttpServer2.java:bindListener(1191)) - Jetty bound to port 39294
2019-07-14 00:44:50,686 INFO  server.Server (Server.java:doStart(351)) - jetty-9.3.24.v20180605, build timestamp: 2018-06-05T17:11:56Z, git hash: 84205aa28f11a4f31f2a3b86d1bba2cc8ab69827
2019-07-14 00:44:50,691 INFO  handler.ContextHandler (ContextHandler.java:doStart(781)) - Started o.e.j.s.ServletContextHandler@615db358{/logs,file:///tmp/workdir/hadoop-ozone/integration-test/target/log,AVAILABLE}
2019-07-14 00:44:50,691 INFO  handler.ContextHandler (ContextHandler.java:doStart(781)) - Started o.e.j.s.ServletContextHandler@5fef0c19{/static,jar:file:/home/user/.m2/repository/org/apache/hadoop/hadoop-hdds-container-service/0.5.0-SNAPSHOT/hadoop-hdds-container-service-0.5.0-SNAPSHOT.jar!/webapps/static,AVAILABLE}
2019-07-14 00:44:50,719 INFO  handler.ContextHandler (ContextHandler.java:doStart(781)) - Started o.e.j.w.WebAppContext@367d34c0{/,file:///tmp/jetty-0.0.0.0-39294-hddsDatanode-_-any-2854764673906034726.dir/webapp/,AVAILABLE}{/hddsDatanode}
2019-07-14 00:44:50,719 INFO  server.AbstractConnector (AbstractConnector.java:doStart(278)) - Started ServerConnector@4ce25e47{HTTP/1.1,[http/1.1]}{0.0.0.0:39294}
2019-07-14 00:44:50,720 INFO  server.Server (Server.java:doStart(419)) - Started @6839ms
2019-07-14 00:44:50,721 INFO  server.BaseHttpServer (BaseHttpServer.java:updateConnectorAddress(207)) - HTTP server of HDDSDATANODE is listening at http://0.0.0.0:39294
2019-07-14 00:44:50,846 INFO  ozone.HddsDatanodeService (HddsDatanodeService.java:startPlugins(396)) - Started plug-in org.apache.hadoop.ozone.web.OzoneHddsDatanodeService@15d236fd
2019-07-14 00:44:50,847 INFO  impl.MetricsSystemImpl (MetricsSystemImpl.java:init(158)) - HddsDatanode metrics system started (again)
2019-07-14 00:44:50,849 INFO  ozone.HddsDatanodeService (HddsDatanodeService.java:start(185)) - HddsDatanodeService host:trunk-nightly-sxkq5-3320257302 ip:192.168.157.230
2019-07-14 00:44:50,851 INFO  util.JvmPauseMonitor (JvmPauseMonitor.java:run(188)) - Starting JVM pause monitor
2019-07-14 00:44:50,853 INFO  datanode.InitDatanodeState (InitDatanodeState.java:persistContainerDatanodeDetails(140)) - DatanodeDetails is persisted to /tmp/workdir/hadoop-ozone/integration-test/target/test-dir/MiniOzoneClusterImpl-9ec94e0c-450e-4dd1-984a-a0d71f418af7/datanode-4/meta/datanode.id
2019-07-14 00:44:50,857 INFO  volume.HddsVolume (HddsVolume.java:<init>(176)) - Creating Volume: /tmp/workdir/hadoop-ozone/integration-test/target/test-dir/MiniOzoneClusterImpl-9ec94e0c-450e-4dd1-984a-a0d71f418af7/datanode-5/data/containers/hdds of  storage type : DISK and capacity : 52710309888
2019-07-14 00:44:50,858 INFO  volume.VolumeSet (VolumeSet.java:initializeVolumeSet(170)) - Added Volume : /tmp/workdir/hadoop-ozone/integration-test/target/test-dir/MiniOzoneClusterImpl-9ec94e0c-450e-4dd1-984a-a0d71f418af7/datanode-5/data/containers/hdds to VolumeSet
2019-07-14 00:44:50,858 INFO  volume.ThrottledAsyncChecker (ThrottledAsyncChecker.java:schedule(140)) - Scheduling a check for org.apache.hadoop.ozone.container.common.volume.HddsVolume@33eb0d4
2019-07-14 00:44:50,858 INFO  volume.HddsVolumeChecker (HddsVolumeChecker.java:checkAllVolumes(203)) - Scheduled health check for volume org.apache.hadoop.ozone.container.common.volume.HddsVolume@33eb0d4
2019-07-14 00:44:50,874 INFO  impl.RaftServerProxy (ConfUtils.java:logGet(43)) - raft.rpc.type = GRPC (default)
2019-07-14 00:44:50,874 INFO  grpc.GrpcFactory (GrpcFactory.java:checkPooledByteBufAllocatorUseCacheForAllThreads(45)) - PERFORMANCE WARNING: useCacheForAllThreads is true that may cause Netty to create a lot garbage objects and, as a result, trigger GC.
	It is recommended to disable useCacheForAllThreads by setting -Dorg.apache.ratis.thirdparty.io.netty.allocator.useCacheForAllThreads=false in command line.
2019-07-14 00:44:50,874 INFO  grpc.GrpcConfigKeys$Server (ConfUtils.java:logGet(43)) - raft.grpc.server.port = 0 (default)
2019-07-14 00:44:50,874 INFO  server.GrpcService (ConfUtils.java:logGet(43)) - raft.grpc.message.size.max = 33570816 (custom)
2019-07-14 00:44:50,875 INFO  server.RaftServerConfigKeys (ConfUtils.java:logGet(43)) - raft.server.log.appender.buffer.byte-limit = 33554432 (custom)
2019-07-14 00:44:50,875 INFO  server.GrpcService (ConfUtils.java:logGet(43)) - raft.grpc.flow.control.window = 1MB (=1048576) (default)
2019-07-14 00:44:50,875 INFO  server.RaftServerConfigKeys (ConfUtils.java:logGet(43)) - raft.server.rpc.request.timeout = 3000ms (default)
2019-07-14 00:44:50,876 INFO  server.RaftServerConfigKeys (ConfUtils.java:logGet(43)) - raft.server.storage.dir = [/tmp/workdir/hadoop-ozone/integration-test/target/test-dir/MiniOzoneClusterImpl-9ec94e0c-450e-4dd1-984a-a0d71f418af7/datanode-5/data/ratis] (custom)
2019-07-14 00:44:50,876 INFO  replication.SimpleContainerDownloader (SimpleContainerDownloader.java:<init>(72)) - Starting container downloader service to copy containers to replicate.
2019-07-14 00:44:50,877 INFO  hdfs.DFSUtil (DFSUtil.java:httpServerTemplateForNNAndJN(1641)) - Starting Web-server for hddsDatanode at: http://0.0.0.0:0
2019-07-14 00:44:50,879 INFO  server.AuthenticationFilter (AuthenticationFilter.java:constructSecretProvider(240)) - Unable to initialize FileSignerSecretProvider, falling back to use random secrets.
2019-07-14 00:44:50,879 WARN  http.HttpRequestLog (HttpRequestLog.java:getRequestLog(97)) - Jetty request log can only be enabled using Log4j
2019-07-14 00:44:50,880 INFO  http.HttpServer2 (HttpServer2.java:addGlobalFilter(975)) - Added global filter 'safety' (class=org.apache.hadoop.http.HttpServer2$QuotingInputFilter)
2019-07-14 00:44:50,881 INFO  http.HttpServer2 (HttpServer2.java:addFilter(948)) - Added filter static_user_filter (class=org.apache.hadoop.http.lib.StaticUserWebFilter$StaticUserFilter) to context hddsDatanode
2019-07-14 00:44:50,881 INFO  http.HttpServer2 (HttpServer2.java:addFilter(958)) - Added filter static_user_filter (class=org.apache.hadoop.http.lib.StaticUserWebFilter$StaticUserFilter) to context static
2019-07-14 00:44:50,881 INFO  http.HttpServer2 (HttpServer2.java:addFilter(958)) - Added filter static_user_filter (class=org.apache.hadoop.http.lib.StaticUserWebFilter$StaticUserFilter) to context logs
2019-07-14 00:44:50,882 INFO  http.HttpServer2 (HttpServer2.java:bindListener(1191)) - Jetty bound to port 35958
2019-07-14 00:44:50,882 INFO  server.Server (Server.java:doStart(351)) - jetty-9.3.24.v20180605, build timestamp: 2018-06-05T17:11:56Z, git hash: 84205aa28f11a4f31f2a3b86d1bba2cc8ab69827
2019-07-14 00:44:50,885 INFO  handler.ContextHandler (ContextHandler.java:doStart(781)) - Started o.e.j.s.ServletContextHandler@6885ed19{/logs,file:///tmp/workdir/hadoop-ozone/integration-test/target/log,AVAILABLE}
2019-07-14 00:44:50,885 INFO  handler.ContextHandler (ContextHandler.java:doStart(781)) - Started o.e.j.s.ServletContextHandler@2d4a3e13{/static,jar:file:/home/user/.m2/repository/org/apache/hadoop/hadoop-hdds-container-service/0.5.0-SNAPSHOT/hadoop-hdds-container-service-0.5.0-SNAPSHOT.jar!/webapps/static,AVAILABLE}
2019-07-14 00:44:50,913 INFO  handler.ContextHandler (ContextHandler.java:doStart(781)) - Started o.e.j.w.WebAppContext@561f9d92{/,file:///tmp/jetty-0.0.0.0-35958-hddsDatanode-_-any-6939397671183824071.dir/webapp/,AVAILABLE}{/hddsDatanode}
2019-07-14 00:44:50,914 INFO  server.AbstractConnector (AbstractConnector.java:doStart(278)) - Started ServerConnector@1c84d80a{HTTP/1.1,[http/1.1]}{0.0.0.0:35958}
2019-07-14 00:44:50,915 INFO  server.Server (Server.java:doStart(419)) - Started @7033ms
2019-07-14 00:44:50,916 INFO  server.BaseHttpServer (BaseHttpServer.java:updateConnectorAddress(207)) - HTTP server of HDDSDATANODE is listening at http://0.0.0.0:35958
2019-07-14 00:44:51,032 INFO  ozone.HddsDatanodeService (HddsDatanodeService.java:startPlugins(396)) - Started plug-in org.apache.hadoop.ozone.web.OzoneHddsDatanodeService@16f15ae9
2019-07-14 00:44:51,032 INFO  impl.MetricsSystemImpl (MetricsSystemImpl.java:init(158)) - HddsDatanode metrics system started (again)
2019-07-14 00:44:51,034 INFO  ozone.HddsDatanodeService (HddsDatanodeService.java:start(185)) - HddsDatanodeService host:trunk-nightly-sxkq5-3320257302 ip:192.168.157.230
2019-07-14 00:44:51,035 INFO  util.JvmPauseMonitor (JvmPauseMonitor.java:run(188)) - Starting JVM pause monitor
2019-07-14 00:44:51,038 INFO  datanode.InitDatanodeState (InitDatanodeState.java:persistContainerDatanodeDetails(140)) - DatanodeDetails is persisted to /tmp/workdir/hadoop-ozone/integration-test/target/test-dir/MiniOzoneClusterImpl-9ec94e0c-450e-4dd1-984a-a0d71f418af7/datanode-5/meta/datanode.id
2019-07-14 00:44:51,080 INFO  volume.HddsVolume (HddsVolume.java:<init>(176)) - Creating Volume: /tmp/workdir/hadoop-ozone/integration-test/target/test-dir/MiniOzoneClusterImpl-9ec94e0c-450e-4dd1-984a-a0d71f418af7/datanode-6/data/containers/hdds of  storage type : DISK and capacity : 52710309888
2019-07-14 00:44:51,080 INFO  volume.VolumeSet (VolumeSet.java:initializeVolumeSet(170)) - Added Volume : /tmp/workdir/hadoop-ozone/integration-test/target/test-dir/MiniOzoneClusterImpl-9ec94e0c-450e-4dd1-984a-a0d71f418af7/datanode-6/data/containers/hdds to VolumeSet
2019-07-14 00:44:51,081 INFO  volume.ThrottledAsyncChecker (ThrottledAsyncChecker.java:schedule(140)) - Scheduling a check for org.apache.hadoop.ozone.container.common.volume.HddsVolume@2b79c8ff
2019-07-14 00:44:51,082 INFO  volume.HddsVolumeChecker (HddsVolumeChecker.java:checkAllVolumes(203)) - Scheduled health check for volume org.apache.hadoop.ozone.container.common.volume.HddsVolume@2b79c8ff
2019-07-14 00:44:51,124 INFO  impl.RaftServerProxy (ConfUtils.java:logGet(43)) - raft.rpc.type = GRPC (default)
2019-07-14 00:44:51,124 INFO  grpc.GrpcFactory (GrpcFactory.java:checkPooledByteBufAllocatorUseCacheForAllThreads(45)) - PERFORMANCE WARNING: useCacheForAllThreads is true that may cause Netty to create a lot garbage objects and, as a result, trigger GC.
	It is recommended to disable useCacheForAllThreads by setting -Dorg.apache.ratis.thirdparty.io.netty.allocator.useCacheForAllThreads=false in command line.
2019-07-14 00:44:51,125 INFO  grpc.GrpcConfigKeys$Server (ConfUtils.java:logGet(43)) - raft.grpc.server.port = 0 (default)
2019-07-14 00:44:51,125 INFO  server.GrpcService (ConfUtils.java:logGet(43)) - raft.grpc.message.size.max = 33570816 (custom)
2019-07-14 00:44:51,125 INFO  server.RaftServerConfigKeys (ConfUtils.java:logGet(43)) - raft.server.log.appender.buffer.byte-limit = 33554432 (custom)
2019-07-14 00:44:51,126 INFO  server.GrpcService (ConfUtils.java:logGet(43)) - raft.grpc.flow.control.window = 1MB (=1048576) (default)
2019-07-14 00:44:51,126 INFO  server.RaftServerConfigKeys (ConfUtils.java:logGet(43)) - raft.server.rpc.request.timeout = 3000ms (default)
2019-07-14 00:44:51,127 INFO  server.RaftServerConfigKeys (ConfUtils.java:logGet(43)) - raft.server.storage.dir = [/tmp/workdir/hadoop-ozone/integration-test/target/test-dir/MiniOzoneClusterImpl-9ec94e0c-450e-4dd1-984a-a0d71f418af7/datanode-6/data/ratis] (custom)
2019-07-14 00:44:51,127 INFO  replication.SimpleContainerDownloader (SimpleContainerDownloader.java:<init>(72)) - Starting container downloader service to copy containers to replicate.
2019-07-14 00:44:51,129 INFO  hdfs.DFSUtil (DFSUtil.java:httpServerTemplateForNNAndJN(1641)) - Starting Web-server for hddsDatanode at: http://0.0.0.0:0
2019-07-14 00:44:51,131 INFO  server.AuthenticationFilter (AuthenticationFilter.java:constructSecretProvider(240)) - Unable to initialize FileSignerSecretProvider, falling back to use random secrets.
2019-07-14 00:44:51,131 WARN  http.HttpRequestLog (HttpRequestLog.java:getRequestLog(97)) - Jetty request log can only be enabled using Log4j
2019-07-14 00:44:51,133 INFO  http.HttpServer2 (HttpServer2.java:addGlobalFilter(975)) - Added global filter 'safety' (class=org.apache.hadoop.http.HttpServer2$QuotingInputFilter)
2019-07-14 00:44:51,134 INFO  http.HttpServer2 (HttpServer2.java:addFilter(948)) - Added filter static_user_filter (class=org.apache.hadoop.http.lib.StaticUserWebFilter$StaticUserFilter) to context hddsDatanode
2019-07-14 00:44:51,134 INFO  http.HttpServer2 (HttpServer2.java:addFilter(958)) - Added filter static_user_filter (class=org.apache.hadoop.http.lib.StaticUserWebFilter$StaticUserFilter) to context logs
2019-07-14 00:44:51,134 INFO  http.HttpServer2 (HttpServer2.java:addFilter(958)) - Added filter static_user_filter (class=org.apache.hadoop.http.lib.StaticUserWebFilter$StaticUserFilter) to context static
2019-07-14 00:44:51,135 INFO  http.HttpServer2 (HttpServer2.java:bindListener(1191)) - Jetty bound to port 43347
2019-07-14 00:44:51,135 INFO  server.Server (Server.java:doStart(351)) - jetty-9.3.24.v20180605, build timestamp: 2018-06-05T17:11:56Z, git hash: 84205aa28f11a4f31f2a3b86d1bba2cc8ab69827
2019-07-14 00:44:51,137 INFO  handler.ContextHandler (ContextHandler.java:doStart(781)) - Started o.e.j.s.ServletContextHandler@6568f998{/logs,file:///tmp/workdir/hadoop-ozone/integration-test/target/log,AVAILABLE}
2019-07-14 00:44:51,138 INFO  handler.ContextHandler (ContextHandler.java:doStart(781)) - Started o.e.j.s.ServletContextHandler@782fd504{/static,jar:file:/home/user/.m2/repository/org/apache/hadoop/hadoop-hdds-container-service/0.5.0-SNAPSHOT/hadoop-hdds-container-service-0.5.0-SNAPSHOT.jar!/webapps/static,AVAILABLE}
2019-07-14 00:44:51,175 INFO  handler.ContextHandler (ContextHandler.java:doStart(781)) - Started o.e.j.w.WebAppContext@418f0534{/,file:///tmp/jetty-0.0.0.0-43347-hddsDatanode-_-any-8089560297035429829.dir/webapp/,AVAILABLE}{/hddsDatanode}
2019-07-14 00:44:51,176 INFO  server.AbstractConnector (AbstractConnector.java:doStart(278)) - Started ServerConnector@3dfd7eaa{HTTP/1.1,[http/1.1]}{0.0.0.0:43347}
2019-07-14 00:44:51,177 INFO  server.Server (Server.java:doStart(419)) - Started @7296ms
2019-07-14 00:44:51,178 INFO  server.BaseHttpServer (BaseHttpServer.java:updateConnectorAddress(207)) - HTTP server of HDDSDATANODE is listening at http://0.0.0.0:43347
2019-07-14 00:44:51,299 INFO  ozone.HddsDatanodeService (HddsDatanodeService.java:startPlugins(396)) - Started plug-in org.apache.hadoop.ozone.web.OzoneHddsDatanodeService@28e7bb31
2019-07-14 00:44:51,302 INFO  ozone.MiniOzoneClusterImpl (MiniOzoneClusterImpl.java:lambda$waitForClusterToBeReady$0(142)) - Waiting for cluster to be ready. Got 0 of 7 DN Heartbeats.
2019-07-14 00:44:51,303 INFO  util.JvmPauseMonitor (JvmPauseMonitor.java:run(188)) - Starting JVM pause monitor
2019-07-14 00:44:51,305 INFO  datanode.InitDatanodeState (InitDatanodeState.java:persistContainerDatanodeDetails(140)) - DatanodeDetails is persisted to /tmp/workdir/hadoop-ozone/integration-test/target/test-dir/MiniOzoneClusterImpl-9ec94e0c-450e-4dd1-984a-a0d71f418af7/datanode-6/meta/datanode.id
2019-07-14 00:44:51,936 INFO  ozoneimpl.OzoneContainer (OzoneContainer.java:start(186)) - Attempting to start container services.
2019-07-14 00:44:51,938 INFO  ozoneimpl.OzoneContainer (OzoneContainer.java:startContainerScrub(160)) - Background container scrubber has been disabled by hdds.containerscrub.enabled
2019-07-14 00:44:51,938 INFO  ratis.XceiverServerRatis (XceiverServerRatis.java:start(418)) - Starting XceiverServerRatis 3dae385e-6267-41e3-b75e-2f59c3d5ae61 at port 0
2019-07-14 00:44:51,961 INFO  impl.RaftServerProxy (RaftServerProxy.java:lambda$start$3(299)) - 3dae385e-6267-41e3-b75e-2f59c3d5ae61: start RPC server
2019-07-14 00:44:52,089 INFO  server.GrpcService (GrpcService.java:startImpl(149)) - 3dae385e-6267-41e3-b75e-2f59c3d5ae61: GrpcService started, listening on 0.0.0.0/0.0.0.0:42426
2019-07-14 00:44:52,091 INFO  ratis.XceiverServerRatis (XceiverServerRatis.java:start(428)) - XceiverServerRatis 3dae385e-6267-41e3-b75e-2f59c3d5ae61 is started using port 42426
2019-07-14 00:44:52,093 INFO  server.XceiverServerGrpc (XceiverServerGrpc.java:start(161)) - XceiverServerGrpc 3dae385e-6267-41e3-b75e-2f59c3d5ae61 is started using port 42352
2019-07-14 00:44:52,170 INFO  ozoneimpl.OzoneContainer (OzoneContainer.java:start(186)) - Attempting to start container services.
2019-07-14 00:44:52,173 INFO  ozoneimpl.OzoneContainer (OzoneContainer.java:startContainerScrub(160)) - Background container scrubber has been disabled by hdds.containerscrub.enabled
2019-07-14 00:44:52,173 INFO  ratis.XceiverServerRatis (XceiverServerRatis.java:start(418)) - Starting XceiverServerRatis 9a33bc45-9b26-45b5-95ca-43aeeb6454e9 at port 0
2019-07-14 00:44:52,182 INFO  impl.RaftServerProxy (RaftServerProxy.java:lambda$start$3(299)) - 9a33bc45-9b26-45b5-95ca-43aeeb6454e9: start RPC server
2019-07-14 00:44:52,186 INFO  server.GrpcService (GrpcService.java:startImpl(149)) - 9a33bc45-9b26-45b5-95ca-43aeeb6454e9: GrpcService started, listening on 0.0.0.0/0.0.0.0:39161
2019-07-14 00:44:52,187 INFO  ratis.XceiverServerRatis (XceiverServerRatis.java:start(428)) - XceiverServerRatis 9a33bc45-9b26-45b5-95ca-43aeeb6454e9 is started using port 39161
2019-07-14 00:44:52,190 INFO  server.XceiverServerGrpc (XceiverServerGrpc.java:start(161)) - XceiverServerGrpc 9a33bc45-9b26-45b5-95ca-43aeeb6454e9 is started using port 39247
2019-07-14 00:44:52,302 INFO  ozone.MiniOzoneClusterImpl (MiniOzoneClusterImpl.java:lambda$waitForClusterToBeReady$0(142)) - Waiting for cluster to be ready. Got 0 of 7 DN Heartbeats.
2019-07-14 00:44:52,419 INFO  ozoneimpl.OzoneContainer (OzoneContainer.java:start(186)) - Attempting to start container services.
2019-07-14 00:44:52,421 INFO  ozoneimpl.OzoneContainer (OzoneContainer.java:startContainerScrub(160)) - Background container scrubber has been disabled by hdds.containerscrub.enabled
2019-07-14 00:44:52,421 INFO  ratis.XceiverServerRatis (XceiverServerRatis.java:start(418)) - Starting XceiverServerRatis 506685dc-188a-4fda-80b3-5cfd988a5ff6 at port 0
2019-07-14 00:44:52,431 INFO  impl.RaftServerProxy (RaftServerProxy.java:lambda$start$3(299)) - 506685dc-188a-4fda-80b3-5cfd988a5ff6: start RPC server
2019-07-14 00:44:52,435 INFO  server.GrpcService (GrpcService.java:startImpl(149)) - 506685dc-188a-4fda-80b3-5cfd988a5ff6: GrpcService started, listening on 0.0.0.0/0.0.0.0:41816
2019-07-14 00:44:52,435 INFO  ratis.XceiverServerRatis (XceiverServerRatis.java:start(428)) - XceiverServerRatis 506685dc-188a-4fda-80b3-5cfd988a5ff6 is started using port 41816
2019-07-14 00:44:52,438 INFO  server.XceiverServerGrpc (XceiverServerGrpc.java:start(161)) - XceiverServerGrpc 506685dc-188a-4fda-80b3-5cfd988a5ff6 is started using port 32879
2019-07-14 00:44:52,669 INFO  ozoneimpl.OzoneContainer (OzoneContainer.java:start(186)) - Attempting to start container services.
2019-07-14 00:44:52,676 INFO  ozoneimpl.OzoneContainer (OzoneContainer.java:startContainerScrub(160)) - Background container scrubber has been disabled by hdds.containerscrub.enabled
2019-07-14 00:44:52,676 INFO  ratis.XceiverServerRatis (XceiverServerRatis.java:start(418)) - Starting XceiverServerRatis 848b32c1-d13e-4445-99ad-9e1b3960d4ad at port 0
2019-07-14 00:44:52,687 INFO  impl.RaftServerProxy (RaftServerProxy.java:lambda$start$3(299)) - 848b32c1-d13e-4445-99ad-9e1b3960d4ad: start RPC server
2019-07-14 00:44:52,690 INFO  server.GrpcService (GrpcService.java:startImpl(149)) - 848b32c1-d13e-4445-99ad-9e1b3960d4ad: GrpcService started, listening on 0.0.0.0/0.0.0.0:40554
2019-07-14 00:44:52,691 INFO  ratis.XceiverServerRatis (XceiverServerRatis.java:start(428)) - XceiverServerRatis 848b32c1-d13e-4445-99ad-9e1b3960d4ad is started using port 40554
2019-07-14 00:44:52,694 INFO  server.XceiverServerGrpc (XceiverServerGrpc.java:start(161)) - XceiverServerGrpc 848b32c1-d13e-4445-99ad-9e1b3960d4ad is started using port 39647
2019-07-14 00:44:52,868 INFO  ozoneimpl.OzoneContainer (OzoneContainer.java:start(186)) - Attempting to start container services.
2019-07-14 00:44:52,868 INFO  ozoneimpl.OzoneContainer (OzoneContainer.java:startContainerScrub(160)) - Background container scrubber has been disabled by hdds.containerscrub.enabled
2019-07-14 00:44:52,868 INFO  ratis.XceiverServerRatis (XceiverServerRatis.java:start(418)) - Starting XceiverServerRatis 16e41bcf-d4c6-45ef-9434-e9ed1f38239a at port 0
2019-07-14 00:44:52,880 INFO  impl.RaftServerProxy (RaftServerProxy.java:lambda$start$3(299)) - 16e41bcf-d4c6-45ef-9434-e9ed1f38239a: start RPC server
2019-07-14 00:44:52,884 INFO  server.GrpcService (GrpcService.java:startImpl(149)) - 16e41bcf-d4c6-45ef-9434-e9ed1f38239a: GrpcService started, listening on 0.0.0.0/0.0.0.0:36114
2019-07-14 00:44:52,884 INFO  ratis.XceiverServerRatis (XceiverServerRatis.java:start(428)) - XceiverServerRatis 16e41bcf-d4c6-45ef-9434-e9ed1f38239a is started using port 36114
2019-07-14 00:44:52,887 INFO  server.XceiverServerGrpc (XceiverServerGrpc.java:start(161)) - XceiverServerGrpc 16e41bcf-d4c6-45ef-9434-e9ed1f38239a is started using port 38492
2019-07-14 00:44:53,052 INFO  ozoneimpl.OzoneContainer (OzoneContainer.java:start(186)) - Attempting to start container services.
2019-07-14 00:44:53,053 INFO  ozoneimpl.OzoneContainer (OzoneContainer.java:startContainerScrub(160)) - Background container scrubber has been disabled by hdds.containerscrub.enabled
2019-07-14 00:44:53,053 INFO  ratis.XceiverServerRatis (XceiverServerRatis.java:start(418)) - Starting XceiverServerRatis ce14ab2b-e9f0-4db2-a2f1-d9363a5f59fb at port 0
2019-07-14 00:44:53,064 INFO  impl.RaftServerProxy (RaftServerProxy.java:lambda$start$3(299)) - ce14ab2b-e9f0-4db2-a2f1-d9363a5f59fb: start RPC server
2019-07-14 00:44:53,068 INFO  server.GrpcService (GrpcService.java:startImpl(149)) - ce14ab2b-e9f0-4db2-a2f1-d9363a5f59fb: GrpcService started, listening on 0.0.0.0/0.0.0.0:36953
2019-07-14 00:44:53,069 INFO  ratis.XceiverServerRatis (XceiverServerRatis.java:start(428)) - XceiverServerRatis ce14ab2b-e9f0-4db2-a2f1-d9363a5f59fb is started using port 36953
2019-07-14 00:44:53,072 INFO  server.XceiverServerGrpc (XceiverServerGrpc.java:start(161)) - XceiverServerGrpc ce14ab2b-e9f0-4db2-a2f1-d9363a5f59fb is started using port 35402
2019-07-14 00:44:53,303 INFO  ozone.MiniOzoneClusterImpl (MiniOzoneClusterImpl.java:lambda$waitForClusterToBeReady$0(142)) - Waiting for cluster to be ready. Got 0 of 7 DN Heartbeats.
2019-07-14 00:44:53,320 INFO  ozoneimpl.OzoneContainer (OzoneContainer.java:start(186)) - Attempting to start container services.
2019-07-14 00:44:53,320 INFO  ozoneimpl.OzoneContainer (OzoneContainer.java:startContainerScrub(160)) - Background container scrubber has been disabled by hdds.containerscrub.enabled
2019-07-14 00:44:53,320 INFO  ratis.XceiverServerRatis (XceiverServerRatis.java:start(418)) - Starting XceiverServerRatis 8d84ade6-f7de-47b8-9370-abe99a0ad98a at port 0
2019-07-14 00:44:53,331 INFO  impl.RaftServerProxy (RaftServerProxy.java:lambda$start$3(299)) - 8d84ade6-f7de-47b8-9370-abe99a0ad98a: start RPC server
2019-07-14 00:44:53,335 INFO  server.GrpcService (GrpcService.java:startImpl(149)) - 8d84ade6-f7de-47b8-9370-abe99a0ad98a: GrpcService started, listening on 0.0.0.0/0.0.0.0:34242
2019-07-14 00:44:53,336 INFO  ratis.XceiverServerRatis (XceiverServerRatis.java:start(428)) - XceiverServerRatis 8d84ade6-f7de-47b8-9370-abe99a0ad98a is started using port 34242
2019-07-14 00:44:53,340 INFO  server.XceiverServerGrpc (XceiverServerGrpc.java:start(161)) - XceiverServerGrpc 8d84ade6-f7de-47b8-9370-abe99a0ad98a is started using port 41681
2019-07-14 00:44:53,925 INFO  net.NetworkTopology (NetworkTopologyImpl.java:add(110)) - Added a new node: /default-rack/192.168.157.230
2019-07-14 00:44:53,926 INFO  node.SCMNodeManager (SCMNodeManager.java:register(269)) - Registered Data node : 3dae385e-6267-41e3-b75e-2f59c3d5ae61{ip: 192.168.157.230, host: trunk-nightly-sxkq5-3320257302, networkLocation: /default-rack, certSerialId: null}
2019-07-14 00:44:53,934 INFO  safemode.SCMSafeModeManager (DataNodeSafeModeRule.java:process(71)) - SCM in safe mode. 1 DataNodes registered, 1 required.
2019-07-14 00:44:53,934 INFO  safemode.SCMSafeModeManager (SCMSafeModeManager.java:validateSafeModeExitRules(177)) - ScmSafeModeManager, all rules are successfully validated
2019-07-14 00:44:53,934 INFO  safemode.SCMSafeModeManager (SCMSafeModeManager.java:exitSafeMode(193)) - SCM exiting safe mode.
2019-07-14 00:44:54,159 INFO  node.SCMNodeManager (SCMNodeManager.java:register(269)) - Registered Data node : 9a33bc45-9b26-45b5-95ca-43aeeb6454e9{ip: 192.168.157.230, host: trunk-nightly-sxkq5-3320257302, networkLocation: /default-rack, certSerialId: null}
2019-07-14 00:44:54,305 INFO  ozone.MiniOzoneClusterImpl (MiniOzoneClusterImpl.java:lambda$waitForClusterToBeReady$0(142)) - Waiting for cluster to be ready. Got 2 of 7 DN Heartbeats.
2019-07-14 00:44:54,406 INFO  node.SCMNodeManager (SCMNodeManager.java:register(269)) - Registered Data node : 506685dc-188a-4fda-80b3-5cfd988a5ff6{ip: 192.168.157.230, host: trunk-nightly-sxkq5-3320257302, networkLocation: /default-rack, certSerialId: null}
2019-07-14 00:44:54,919 INFO  node.SCMNodeManager (SCMNodeManager.java:register(269)) - Registered Data node : 16e41bcf-d4c6-45ef-9434-e9ed1f38239a{ip: 192.168.157.230, host: trunk-nightly-sxkq5-3320257302, networkLocation: /default-rack, certSerialId: null}
2019-07-14 00:44:54,920 INFO  node.SCMNodeManager (SCMNodeManager.java:register(269)) - Registered Data node : 848b32c1-d13e-4445-99ad-9e1b3960d4ad{ip: 192.168.157.230, host: trunk-nightly-sxkq5-3320257302, networkLocation: /default-rack, certSerialId: null}
2019-07-14 00:44:54,943 INFO  impl.RaftServerProxy (RaftServerProxy.java:addNew(89)) - 3dae385e-6267-41e3-b75e-2f59c3d5ae61: addNew group-0A3A00822943:[3dae385e-6267-41e3-b75e-2f59c3d5ae61:192.168.157.230:42426] returns group-0A3A00822943:java.util.concurrent.CompletableFuture@16efdd3f[Not completed]
2019-07-14 00:44:54,963 INFO  impl.RaftServerImpl (RaftServerImpl.java:<init>(93)) - 3dae385e-6267-41e3-b75e-2f59c3d5ae61: new RaftServerImpl for group-0A3A00822943:[3dae385e-6267-41e3-b75e-2f59c3d5ae61:192.168.157.230:42426] with ContainerStateMachine:uninitialized
2019-07-14 00:44:54,965 INFO  server.RaftServerConfigKeys (ConfUtils.java:logGet(43)) - raft.server.rpc.timeout.min = 5s (custom)
2019-07-14 00:44:54,967 INFO  server.RaftServerConfigKeys (ConfUtils.java:logGet(43)) - raft.server.rpc.timeout.max = 5200ms (custom)
2019-07-14 00:44:54,967 INFO  server.RaftServerConfigKeys (ConfUtils.java:logGet(43)) - raft.server.rpcslowness.timeout = 120s (custom)
2019-07-14 00:44:54,968 INFO  server.RaftServerConfigKeys (ConfUtils.java:logGet(43)) - raft.server.sleep.deviation.threshold = 300 (default)
2019-07-14 00:44:54,969 INFO  server.RaftServerConfigKeys (ConfUtils.java:logGet(43)) - raft.server.log.appender.install.snapshot.enabled = false (custom)
2019-07-14 00:44:54,980 INFO  impl.RaftServerImpl (ServerState.java:<init>(105)) - 3dae385e-6267-41e3-b75e-2f59c3d5ae61:group-0A3A00822943 ConfigurationManager, init=-1: [3dae385e-6267-41e3-b75e-2f59c3d5ae61:192.168.157.230:42426], old=null, confs=<EMPTY_MAP>
2019-07-14 00:44:54,980 INFO  server.RaftServerConfigKeys (ConfUtils.java:logGet(43)) - raft.server.storage.dir = [/tmp/workdir/hadoop-ozone/integration-test/target/test-dir/MiniOzoneClusterImpl-9ec94e0c-450e-4dd1-984a-a0d71f418af7/datanode-0/data/ratis] (custom)
2019-07-14 00:44:54,990 INFO  storage.RaftStorageDirectory (RaftStorageDirectory.java:analyzeStorage(246)) - The storage directory /tmp/workdir/hadoop-ozone/integration-test/target/test-dir/MiniOzoneClusterImpl-9ec94e0c-450e-4dd1-984a-a0d71f418af7/datanode-0/data/ratis/2a5eb7bb-cc93-4b98-878f-0a3a00822943 does not exist. Creating ...
2019-07-14 00:44:55,009 INFO  storage.RaftStorageDirectory (RaftStorageDirectory.java:tryLock(328)) - Lock on /tmp/workdir/hadoop-ozone/integration-test/target/test-dir/MiniOzoneClusterImpl-9ec94e0c-450e-4dd1-984a-a0d71f418af7/datanode-0/data/ratis/2a5eb7bb-cc93-4b98-878f-0a3a00822943/in_use.lock acquired by nodename 24808@trunk-nightly-sxkq5-3320257302
2019-07-14 00:44:55,024 INFO  storage.RaftStorage (RaftStorage.java:format(72)) - Storage directory /tmp/workdir/hadoop-ozone/integration-test/target/test-dir/MiniOzoneClusterImpl-9ec94e0c-450e-4dd1-984a-a0d71f418af7/datanode-0/data/ratis/2a5eb7bb-cc93-4b98-878f-0a3a00822943 has been successfully formatted.
2019-07-14 00:44:55,027 INFO  ratis.ContainerStateMachine (ContainerStateMachine.java:loadSnapshot(200)) - The snapshot info is null.Setting the last applied index to:(t:0, i:~)
2019-07-14 00:44:55,027 INFO  server.RaftServerConfigKeys (ConfUtils.java:logGet(43)) - raft.server.leader.election.timeout = 120s (custom)
2019-07-14 00:44:55,030 INFO  server.RaftServerConfigKeys (ConfUtils.java:logGet(43)) - raft.server.log.use.memory = false (default)
2019-07-14 00:44:55,039 INFO  server.RaftServerConfigKeys (ConfUtils.java:logGet(43)) - raft.server.log.purge.gap = 1000000000 (custom)
2019-07-14 00:44:55,039 INFO  server.RaftServerConfigKeys (ConfUtils.java:logGet(43)) - raft.server.log.appender.buffer.byte-limit = 33554432 (custom)
2019-07-14 00:44:55,039 INFO  node.SCMNodeManager (SCMNodeManager.java:register(269)) - Registered Data node : ce14ab2b-e9f0-4db2-a2f1-d9363a5f59fb{ip: 192.168.157.230, host: trunk-nightly-sxkq5-3320257302, networkLocation: /default-rack, certSerialId: null}
2019-07-14 00:44:55,041 INFO  server.RaftServerConfigKeys (ConfUtils.java:logGet(43)) - raft.server.log.segment.size.max = 1048576 (custom)
2019-07-14 00:44:55,046 INFO  server.RaftServerConfigKeys (ConfUtils.java:logGet(43)) - raft.server.log.segment.cache.num.max = 2 (custom)
2019-07-14 00:44:55,053 INFO  segmented.SegmentedRaftLogWorker (SegmentedRaftLogWorker.java:<init>(172)) - new 3dae385e-6267-41e3-b75e-2f59c3d5ae61-SegmentedRaftLogWorker:Storage Directory /tmp/workdir/hadoop-ozone/integration-test/target/test-dir/MiniOzoneClusterImpl-9ec94e0c-450e-4dd1-984a-a0d71f418af7/datanode-0/data/ratis/2a5eb7bb-cc93-4b98-878f-0a3a00822943 for RaftStorage:Storage Directory /tmp/workdir/hadoop-ozone/integration-test/target/test-dir/MiniOzoneClusterImpl-9ec94e0c-450e-4dd1-984a-a0d71f418af7/datanode-0/data/ratis/2a5eb7bb-cc93-4b98-878f-0a3a00822943
2019-07-14 00:44:55,067 INFO  server.RaftServerConfigKeys (ConfUtils.java:logGet(43)) - raft.server.log.queue.byte-limit = 2147483647 (custom)
2019-07-14 00:44:55,067 INFO  server.RaftServerConfigKeys (ConfUtils.java:logGet(43)) - raft.server.log.queue.element-limit = 1024 (custom)
2019-07-14 00:44:55,072 INFO  server.RaftServerConfigKeys (ConfUtils.java:logGet(43)) - raft.server.log.segment.size.max = 1048576 (custom)
2019-07-14 00:44:55,073 INFO  server.RaftServerConfigKeys (ConfUtils.java:logGet(43)) - raft.server.log.preallocated.size = 16384 (custom)
2019-07-14 00:44:55,073 INFO  server.RaftServerConfigKeys (ConfUtils.java:logGet(43)) - raft.server.log.write.buffer.size = 33554432 (custom)
2019-07-14 00:44:55,074 INFO  server.RaftServerConfigKeys (ConfUtils.java:logGet(43)) - raft.server.log.force.sync.num = 128 (default)
2019-07-14 00:44:55,075 INFO  server.RaftServerConfigKeys (ConfUtils.java:logGet(43)) - raft.server.log.statemachine.data.sync = true (default)
2019-07-14 00:44:55,075 INFO  server.RaftServerConfigKeys (ConfUtils.java:logGet(43)) - raft.server.log.statemachine.data.sync.timeout = 10s (default)
2019-07-14 00:44:55,076 INFO  server.RaftServerConfigKeys (ConfUtils.java:logGet(43)) - raft.server.log.statemachine.data.sync.timeout.retry = -1 (default)
2019-07-14 00:44:55,085 INFO  server.RaftServerConfigKeys (ConfUtils.java:logGet(43)) - raft.server.log.statemachine.data.caching.enabled = true (custom)
2019-07-14 00:44:55,090 INFO  segmented.SegmentedRaftLogWorker (SegmentedRaftLogWorker.java:lambda$new$0(132)) - 3dae385e-6267-41e3-b75e-2f59c3d5ae61-SegmentedRaftLogWorker:Storage Directory /tmp/workdir/hadoop-ozone/integration-test/target/test-dir/MiniOzoneClusterImpl-9ec94e0c-450e-4dd1-984a-a0d71f418af7/datanode-0/data/ratis/2a5eb7bb-cc93-4b98-878f-0a3a00822943: flushIndex: setUnconditionally 0 -> -1
2019-07-14 00:44:55,094 INFO  server.RaftServerConfigKeys (ConfUtils.java:logGet(43)) - raft.server.snapshot.auto.trigger.enabled = true (custom)
2019-07-14 00:44:55,095 INFO  server.RaftServerConfigKeys (ConfUtils.java:logGet(43)) - raft.server.snapshot.auto.trigger.threshold = 10000 (custom)
2019-07-14 00:44:55,095 INFO  server.RaftServerConfigKeys (ConfUtils.java:logGet(43)) - raft.server.retrycache.expirytime = 600000ms (custom)
2019-07-14 00:44:55,116 INFO  impl.RaftServerImpl (RaftServerImpl.java:start(180)) - 3dae385e-6267-41e3-b75e-2f59c3d5ae61: start group-0A3A00822943
2019-07-14 00:44:55,117 INFO  impl.RaftServerImpl (RaftServerImpl.java:setRole(171)) - 3dae385e-6267-41e3-b75e-2f59c3d5ae61:group-0A3A00822943 changes role from null to FOLLOWER at term 0 for startAsFollower
2019-07-14 00:44:55,118 INFO  impl.RoleInfo (RoleInfo.java:updateAndGet(143)) - 3dae385e-6267-41e3-b75e-2f59c3d5ae61: start FollowerState
2019-07-14 00:44:55,119 INFO  util.JmxRegister (JmxRegister.java:tryRegister(44)) - Successfully registered JMX Bean with object name Ratis:service=RaftServer,group=group-0A3A00822943,id=3dae385e-6267-41e3-b75e-2f59c3d5ae61
2019-07-14 00:44:55,181 INFO  pipeline.PipelineStateManager (PipelineStateManager.java:addPipeline(56)) - Created pipeline Pipeline[ Id: 2a5eb7bb-cc93-4b98-878f-0a3a00822943, Nodes: 3dae385e-6267-41e3-b75e-2f59c3d5ae61{ip: 192.168.157.230, host: trunk-nightly-sxkq5-3320257302, networkLocation: /default-rack, certSerialId: null}, Type:RATIS, Factor:ONE, State:OPEN]
2019-07-14 00:44:55,216 INFO  impl.RaftServerProxy (RaftServerProxy.java:addNew(89)) - 506685dc-188a-4fda-80b3-5cfd988a5ff6: addNew group-B20F1E681A25:[506685dc-188a-4fda-80b3-5cfd988a5ff6:192.168.157.230:41816] returns group-B20F1E681A25:java.util.concurrent.CompletableFuture@7b5c946d[Not completed]
2019-07-14 00:44:55,270 INFO  impl.RaftServerImpl (RaftServerImpl.java:<init>(93)) - 506685dc-188a-4fda-80b3-5cfd988a5ff6: new RaftServerImpl for group-B20F1E681A25:[506685dc-188a-4fda-80b3-5cfd988a5ff6:192.168.157.230:41816] with ContainerStateMachine:uninitialized
2019-07-14 00:44:55,271 INFO  server.RaftServerConfigKeys (ConfUtils.java:logGet(43)) - raft.server.rpc.timeout.min = 5s (custom)
2019-07-14 00:44:55,271 INFO  server.RaftServerConfigKeys (ConfUtils.java:logGet(43)) - raft.server.rpc.timeout.max = 5200ms (custom)
2019-07-14 00:44:55,271 INFO  server.RaftServerConfigKeys (ConfUtils.java:logGet(43)) - raft.server.rpcslowness.timeout = 120s (custom)
2019-07-14 00:44:55,272 INFO  server.RaftServerConfigKeys (ConfUtils.java:logGet(43)) - raft.server.sleep.deviation.threshold = 300 (default)
2019-07-14 00:44:55,272 INFO  server.RaftServerConfigKeys (ConfUtils.java:logGet(43)) - raft.server.log.appender.install.snapshot.enabled = false (custom)
2019-07-14 00:44:55,272 INFO  impl.RaftServerImpl (ServerState.java:<init>(105)) - 506685dc-188a-4fda-80b3-5cfd988a5ff6:group-B20F1E681A25 ConfigurationManager, init=-1: [506685dc-188a-4fda-80b3-5cfd988a5ff6:192.168.157.230:41816], old=null, confs=<EMPTY_MAP>
2019-07-14 00:44:55,272 INFO  server.RaftServerConfigKeys (ConfUtils.java:logGet(43)) - raft.server.storage.dir = [/tmp/workdir/hadoop-ozone/integration-test/target/test-dir/MiniOzoneClusterImpl-9ec94e0c-450e-4dd1-984a-a0d71f418af7/datanode-2/data/ratis] (custom)
2019-07-14 00:44:55,272 INFO  storage.RaftStorageDirectory (RaftStorageDirectory.java:analyzeStorage(246)) - The storage directory /tmp/workdir/hadoop-ozone/integration-test/target/test-dir/MiniOzoneClusterImpl-9ec94e0c-450e-4dd1-984a-a0d71f418af7/datanode-2/data/ratis/eb5e4030-7df0-4384-8ef1-b20f1e681a25 does not exist. Creating ...
2019-07-14 00:44:55,293 INFO  storage.RaftStorageDirectory (RaftStorageDirectory.java:tryLock(328)) - Lock on /tmp/workdir/hadoop-ozone/integration-test/target/test-dir/MiniOzoneClusterImpl-9ec94e0c-450e-4dd1-984a-a0d71f418af7/datanode-2/data/ratis/eb5e4030-7df0-4384-8ef1-b20f1e681a25/in_use.lock acquired by nodename 24808@trunk-nightly-sxkq5-3320257302
2019-07-14 00:44:55,306 INFO  node.SCMNodeManager (SCMNodeManager.java:register(269)) - Registered Data node : 8d84ade6-f7de-47b8-9370-abe99a0ad98a{ip: 192.168.157.230, host: trunk-nightly-sxkq5-3320257302, networkLocation: /default-rack, certSerialId: null}
2019-07-14 00:44:55,307 INFO  storage.RaftStorage (RaftStorage.java:format(72)) - Storage directory /tmp/workdir/hadoop-ozone/integration-test/target/test-dir/MiniOzoneClusterImpl-9ec94e0c-450e-4dd1-984a-a0d71f418af7/datanode-2/data/ratis/eb5e4030-7df0-4384-8ef1-b20f1e681a25 has been successfully formatted.
2019-07-14 00:44:55,309 INFO  ratis.ContainerStateMachine (ContainerStateMachine.java:loadSnapshot(200)) - The snapshot info is null.Setting the last applied index to:(t:0, i:~)
2019-07-14 00:44:55,310 INFO  ozone.MiniOzoneClusterImpl (MiniOzoneClusterImpl.java:lambda$waitForClusterToBeReady$0(142)) - Cluster is ready. Got 7 of 7 DN Heartbeats.
2019-07-14 00:44:55,310 INFO  server.RaftServerConfigKeys (ConfUtils.java:logGet(43)) - raft.server.leader.election.timeout = 120s (custom)
2019-07-14 00:44:55,311 INFO  server.RaftServerConfigKeys (ConfUtils.java:logGet(43)) - raft.server.log.use.memory = false (default)
2019-07-14 00:44:55,311 INFO  server.RaftServerConfigKeys (ConfUtils.java:logGet(43)) - raft.server.log.purge.gap = 1000000000 (custom)
2019-07-14 00:44:55,311 INFO  server.RaftServerConfigKeys (ConfUtils.java:logGet(43)) - raft.server.log.appender.buffer.byte-limit = 33554432 (custom)
2019-07-14 00:44:55,311 INFO  server.RaftServerConfigKeys (ConfUtils.java:logGet(43)) - raft.server.log.segment.size.max = 1048576 (custom)
2019-07-14 00:44:55,311 INFO  server.RaftServerConfigKeys (ConfUtils.java:logGet(43)) - raft.server.log.segment.cache.num.max = 2 (custom)
2019-07-14 00:44:55,311 INFO  segmented.SegmentedRaftLogWorker (SegmentedRaftLogWorker.java:<init>(172)) - new 506685dc-188a-4fda-80b3-5cfd988a5ff6-SegmentedRaftLogWorker:Storage Directory /tmp/workdir/hadoop-ozone/integration-test/target/test-dir/MiniOzoneClusterImpl-9ec94e0c-450e-4dd1-984a-a0d71f418af7/datanode-2/data/ratis/eb5e4030-7df0-4384-8ef1-b20f1e681a25 for RaftStorage:Storage Directory /tmp/workdir/hadoop-ozone/integration-test/target/test-dir/MiniOzoneClusterImpl-9ec94e0c-450e-4dd1-984a-a0d71f418af7/datanode-2/data/ratis/eb5e4030-7df0-4384-8ef1-b20f1e681a25
2019-07-14 00:44:55,313 INFO  server.RaftServerConfigKeys (ConfUtils.java:logGet(43)) - raft.server.log.queue.byte-limit = 2147483647 (custom)
2019-07-14 00:44:55,313 INFO  server.RaftServerConfigKeys (ConfUtils.java:logGet(43)) - raft.server.log.queue.element-limit = 1024 (custom)
2019-07-14 00:44:55,314 INFO  server.RaftServerConfigKeys (ConfUtils.java:logGet(43)) - raft.server.log.segment.size.max = 1048576 (custom)
2019-07-14 00:44:55,314 INFO  server.RaftServerConfigKeys (ConfUtils.java:logGet(43)) - raft.server.log.preallocated.size = 16384 (custom)
2019-07-14 00:44:55,314 INFO  server.RaftServerConfigKeys (ConfUtils.java:logGet(43)) - raft.server.log.write.buffer.size = 33554432 (custom)
2019-07-14 00:44:55,314 INFO  server.RaftServerConfigKeys (ConfUtils.java:logGet(43)) - raft.server.log.force.sync.num = 128 (default)
2019-07-14 00:44:55,314 INFO  server.RaftServerConfigKeys (ConfUtils.java:logGet(43)) - raft.server.log.statemachine.data.sync = true (default)
2019-07-14 00:44:55,314 INFO  server.RaftServerConfigKeys (ConfUtils.java:logGet(43)) - raft.server.log.statemachine.data.sync.timeout = 10s (default)
2019-07-14 00:44:55,314 INFO  server.RaftServerConfigKeys (ConfUtils.java:logGet(43)) - raft.server.log.statemachine.data.sync.timeout.retry = -1 (default)
2019-07-14 00:44:55,315 INFO  server.RaftServerConfigKeys (ConfUtils.java:logGet(43)) - raft.server.log.statemachine.data.caching.enabled = true (custom)
2019-07-14 00:44:55,315 INFO  segmented.SegmentedRaftLogWorker (SegmentedRaftLogWorker.java:lambda$new$0(132)) - 506685dc-188a-4fda-80b3-5cfd988a5ff6-SegmentedRaftLogWorker:Storage Directory /tmp/workdir/hadoop-ozone/integration-test/target/test-dir/MiniOzoneClusterImpl-9ec94e0c-450e-4dd1-984a-a0d71f418af7/datanode-2/data/ratis/eb5e4030-7df0-4384-8ef1-b20f1e681a25: flushIndex: setUnconditionally 0 -> -1
2019-07-14 00:44:55,315 INFO  server.RaftServerConfigKeys (ConfUtils.java:logGet(43)) - raft.server.snapshot.auto.trigger.enabled = true (custom)
2019-07-14 00:44:55,315 INFO  server.RaftServerConfigKeys (ConfUtils.java:logGet(43)) - raft.server.snapshot.auto.trigger.threshold = 10000 (custom)
2019-07-14 00:44:55,316 INFO  server.RaftServerConfigKeys (ConfUtils.java:logGet(43)) - raft.server.retrycache.expirytime = 600000ms (custom)
2019-07-14 00:44:55,316 INFO  impl.RaftServerImpl (RaftServerImpl.java:start(180)) - 506685dc-188a-4fda-80b3-5cfd988a5ff6: start group-B20F1E681A25
2019-07-14 00:44:55,316 INFO  impl.RaftServerImpl (RaftServerImpl.java:setRole(171)) - 506685dc-188a-4fda-80b3-5cfd988a5ff6:group-B20F1E681A25 changes role from null to FOLLOWER at term 0 for startAsFollower
2019-07-14 00:44:55,316 INFO  impl.RoleInfo (RoleInfo.java:updateAndGet(143)) - 506685dc-188a-4fda-80b3-5cfd988a5ff6: start FollowerState
2019-07-14 00:44:55,318 INFO  util.JmxRegister (JmxRegister.java:tryRegister(44)) - Successfully registered JMX Bean with object name Ratis:service=RaftServer,group=group-B20F1E681A25,id=506685dc-188a-4fda-80b3-5cfd988a5ff6
2019-07-14 00:44:55,337 INFO  pipeline.PipelineStateManager (PipelineStateManager.java:addPipeline(56)) - Created pipeline Pipeline[ Id: eb5e4030-7df0-4384-8ef1-b20f1e681a25, Nodes: 506685dc-188a-4fda-80b3-5cfd988a5ff6{ip: 192.168.157.230, host: trunk-nightly-sxkq5-3320257302, networkLocation: /default-rack, certSerialId: null}, Type:RATIS, Factor:ONE, State:OPEN]
2019-07-14 00:44:55,384 INFO  impl.RaftServerProxy (RaftServerProxy.java:addNew(89)) - 16e41bcf-d4c6-45ef-9434-e9ed1f38239a: addNew group-A7E3B2F74E77:[16e41bcf-d4c6-45ef-9434-e9ed1f38239a:192.168.157.230:36114] returns group-A7E3B2F74E77:java.util.concurrent.CompletableFuture@7c452a08[Not completed]
2019-07-14 00:44:55,405 INFO  impl.RaftServerImpl (RaftServerImpl.java:<init>(93)) - 16e41bcf-d4c6-45ef-9434-e9ed1f38239a: new RaftServerImpl for group-A7E3B2F74E77:[16e41bcf-d4c6-45ef-9434-e9ed1f38239a:192.168.157.230:36114] with ContainerStateMachine:uninitialized
2019-07-14 00:44:55,405 INFO  server.RaftServerConfigKeys (ConfUtils.java:logGet(43)) - raft.server.rpc.timeout.min = 5s (custom)
2019-07-14 00:44:55,406 INFO  server.RaftServerConfigKeys (ConfUtils.java:logGet(43)) - raft.server.rpc.timeout.max = 5200ms (custom)
2019-07-14 00:44:55,406 INFO  server.RaftServerConfigKeys (ConfUtils.java:logGet(43)) - raft.server.rpcslowness.timeout = 120s (custom)
2019-07-14 00:44:55,406 INFO  server.RaftServerConfigKeys (ConfUtils.java:logGet(43)) - raft.server.sleep.deviation.threshold = 300 (default)
2019-07-14 00:44:55,406 INFO  server.RaftServerConfigKeys (ConfUtils.java:logGet(43)) - raft.server.log.appender.install.snapshot.enabled = false (custom)
2019-07-14 00:44:55,406 INFO  impl.RaftServerImpl (ServerState.java:<init>(105)) - 16e41bcf-d4c6-45ef-9434-e9ed1f38239a:group-A7E3B2F74E77 ConfigurationManager, init=-1: [16e41bcf-d4c6-45ef-9434-e9ed1f38239a:192.168.157.230:36114], old=null, confs=<EMPTY_MAP>
2019-07-14 00:44:55,407 INFO  server.RaftServerConfigKeys (ConfUtils.java:logGet(43)) - raft.server.storage.dir = [/tmp/workdir/hadoop-ozone/integration-test/target/test-dir/MiniOzoneClusterImpl-9ec94e0c-450e-4dd1-984a-a0d71f418af7/datanode-4/data/ratis] (custom)
2019-07-14 00:44:55,407 INFO  storage.RaftStorageDirectory (RaftStorageDirectory.java:analyzeStorage(246)) - The storage directory /tmp/workdir/hadoop-ozone/integration-test/target/test-dir/MiniOzoneClusterImpl-9ec94e0c-450e-4dd1-984a-a0d71f418af7/datanode-4/data/ratis/94123216-5d51-47d5-bb91-a7e3b2f74e77 does not exist. Creating ...
2019-07-14 00:44:55,420 INFO  storage.RaftStorageDirectory (RaftStorageDirectory.java:tryLock(328)) - Lock on /tmp/workdir/hadoop-ozone/integration-test/target/test-dir/MiniOzoneClusterImpl-9ec94e0c-450e-4dd1-984a-a0d71f418af7/datanode-4/data/ratis/94123216-5d51-47d5-bb91-a7e3b2f74e77/in_use.lock acquired by nodename 24808@trunk-nightly-sxkq5-3320257302
2019-07-14 00:44:55,433 INFO  storage.RaftStorage (RaftStorage.java:format(72)) - Storage directory /tmp/workdir/hadoop-ozone/integration-test/target/test-dir/MiniOzoneClusterImpl-9ec94e0c-450e-4dd1-984a-a0d71f418af7/datanode-4/data/ratis/94123216-5d51-47d5-bb91-a7e3b2f74e77 has been successfully formatted.
2019-07-14 00:44:55,434 INFO  ratis.ContainerStateMachine (ContainerStateMachine.java:loadSnapshot(200)) - The snapshot info is null.Setting the last applied index to:(t:0, i:~)
2019-07-14 00:44:55,434 INFO  server.RaftServerConfigKeys (ConfUtils.java:logGet(43)) - raft.server.leader.election.timeout = 120s (custom)
2019-07-14 00:44:55,434 INFO  server.RaftServerConfigKeys (ConfUtils.java:logGet(43)) - raft.server.log.use.memory = false (default)
2019-07-14 00:44:55,434 INFO  server.RaftServerConfigKeys (ConfUtils.java:logGet(43)) - raft.server.log.purge.gap = 1000000000 (custom)
2019-07-14 00:44:55,434 INFO  server.RaftServerConfigKeys (ConfUtils.java:logGet(43)) - raft.server.log.appender.buffer.byte-limit = 33554432 (custom)
2019-07-14 00:44:55,435 INFO  server.RaftServerConfigKeys (ConfUtils.java:logGet(43)) - raft.server.log.segment.size.max = 1048576 (custom)
2019-07-14 00:44:55,435 INFO  server.RaftServerConfigKeys (ConfUtils.java:logGet(43)) - raft.server.log.segment.cache.num.max = 2 (custom)
2019-07-14 00:44:55,435 INFO  segmented.SegmentedRaftLogWorker (SegmentedRaftLogWorker.java:<init>(172)) - new 16e41bcf-d4c6-45ef-9434-e9ed1f38239a-SegmentedRaftLogWorker:Storage Directory /tmp/workdir/hadoop-ozone/integration-test/target/test-dir/MiniOzoneClusterImpl-9ec94e0c-450e-4dd1-984a-a0d71f418af7/datanode-4/data/ratis/94123216-5d51-47d5-bb91-a7e3b2f74e77 for RaftStorage:Storage Directory /tmp/workdir/hadoop-ozone/integration-test/target/test-dir/MiniOzoneClusterImpl-9ec94e0c-450e-4dd1-984a-a0d71f418af7/datanode-4/data/ratis/94123216-5d51-47d5-bb91-a7e3b2f74e77
2019-07-14 00:44:55,435 INFO  server.RaftServerConfigKeys (ConfUtils.java:logGet(43)) - raft.server.log.queue.byte-limit = 2147483647 (custom)
2019-07-14 00:44:55,436 INFO  server.RaftServerConfigKeys (ConfUtils.java:logGet(43)) - raft.server.log.queue.element-limit = 1024 (custom)
2019-07-14 00:44:55,436 INFO  server.RaftServerConfigKeys (ConfUtils.java:logGet(43)) - raft.server.log.segment.size.max = 1048576 (custom)
2019-07-14 00:44:55,436 INFO  server.RaftServerConfigKeys (ConfUtils.java:logGet(43)) - raft.server.log.preallocated.size = 16384 (custom)
2019-07-14 00:44:55,436 INFO  server.RaftServerConfigKeys (ConfUtils.java:logGet(43)) - raft.server.log.write.buffer.size = 33554432 (custom)
2019-07-14 00:44:55,436 INFO  server.RaftServerConfigKeys (ConfUtils.java:logGet(43)) - raft.server.log.force.sync.num = 128 (default)
2019-07-14 00:44:55,437 INFO  server.RaftServerConfigKeys (ConfUtils.java:logGet(43)) - raft.server.log.statemachine.data.sync = true (default)
2019-07-14 00:44:55,437 INFO  server.RaftServerConfigKeys (ConfUtils.java:logGet(43)) - raft.server.log.statemachine.data.sync.timeout = 10s (default)
2019-07-14 00:44:55,437 INFO  server.RaftServerConfigKeys (ConfUtils.java:logGet(43)) - raft.server.log.statemachine.data.sync.timeout.retry = -1 (default)
2019-07-14 00:44:55,437 INFO  server.RaftServerConfigKeys (ConfUtils.java:logGet(43)) - raft.server.log.statemachine.data.caching.enabled = true (custom)
2019-07-14 00:44:55,438 INFO  segmented.SegmentedRaftLogWorker (SegmentedRaftLogWorker.java:lambda$new$0(132)) - 16e41bcf-d4c6-45ef-9434-e9ed1f38239a-SegmentedRaftLogWorker:Storage Directory /tmp/workdir/hadoop-ozone/integration-test/target/test-dir/MiniOzoneClusterImpl-9ec94e0c-450e-4dd1-984a-a0d71f418af7/datanode-4/data/ratis/94123216-5d51-47d5-bb91-a7e3b2f74e77: flushIndex: setUnconditionally 0 -> -1
2019-07-14 00:44:55,438 INFO  server.RaftServerConfigKeys (ConfUtils.java:logGet(43)) - raft.server.snapshot.auto.trigger.enabled = true (custom)
2019-07-14 00:44:55,438 INFO  server.RaftServerConfigKeys (ConfUtils.java:logGet(43)) - raft.server.snapshot.auto.trigger.threshold = 10000 (custom)
2019-07-14 00:44:55,439 INFO  server.RaftServerConfigKeys (ConfUtils.java:logGet(43)) - raft.server.retrycache.expirytime = 600000ms (custom)
2019-07-14 00:44:55,439 INFO  impl.RaftServerImpl (RaftServerImpl.java:start(180)) - 16e41bcf-d4c6-45ef-9434-e9ed1f38239a: start group-A7E3B2F74E77
2019-07-14 00:44:55,439 INFO  impl.RaftServerImpl (RaftServerImpl.java:setRole(171)) - 16e41bcf-d4c6-45ef-9434-e9ed1f38239a:group-A7E3B2F74E77 changes role from null to FOLLOWER at term 0 for startAsFollower
2019-07-14 00:44:55,439 INFO  impl.RoleInfo (RoleInfo.java:updateAndGet(143)) - 16e41bcf-d4c6-45ef-9434-e9ed1f38239a: start FollowerState
2019-07-14 00:44:55,440 INFO  util.JmxRegister (JmxRegister.java:tryRegister(44)) - Successfully registered JMX Bean with object name Ratis:service=RaftServer,group=group-A7E3B2F74E77,id=16e41bcf-d4c6-45ef-9434-e9ed1f38239a
2019-07-14 00:44:55,454 INFO  pipeline.PipelineStateManager (PipelineStateManager.java:addPipeline(56)) - Created pipeline Pipeline[ Id: 94123216-5d51-47d5-bb91-a7e3b2f74e77, Nodes: 16e41bcf-d4c6-45ef-9434-e9ed1f38239a{ip: 192.168.157.230, host: trunk-nightly-sxkq5-3320257302, networkLocation: /default-rack, certSerialId: null}, Type:RATIS, Factor:ONE, State:OPEN]
2019-07-14 00:44:55,481 INFO  impl.RaftServerProxy (RaftServerProxy.java:addNew(89)) - 848b32c1-d13e-4445-99ad-9e1b3960d4ad: addNew group-D3752B520083:[848b32c1-d13e-4445-99ad-9e1b3960d4ad:192.168.157.230:40554] returns group-D3752B520083:java.util.concurrent.CompletableFuture@7c19112f[Not completed]
2019-07-14 00:44:55,484 INFO  impl.RaftServerImpl (RaftServerImpl.java:<init>(93)) - 848b32c1-d13e-4445-99ad-9e1b3960d4ad: new RaftServerImpl for group-D3752B520083:[848b32c1-d13e-4445-99ad-9e1b3960d4ad:192.168.157.230:40554] with ContainerStateMachine:uninitialized
2019-07-14 00:44:55,485 INFO  server.RaftServerConfigKeys (ConfUtils.java:logGet(43)) - raft.server.rpc.timeout.min = 5s (custom)
2019-07-14 00:44:55,485 INFO  server.RaftServerConfigKeys (ConfUtils.java:logGet(43)) - raft.server.rpc.timeout.max = 5200ms (custom)
2019-07-14 00:44:55,485 INFO  server.RaftServerConfigKeys (ConfUtils.java:logGet(43)) - raft.server.rpcslowness.timeout = 120s (custom)
2019-07-14 00:44:55,485 INFO  server.RaftServerConfigKeys (ConfUtils.java:logGet(43)) - raft.server.sleep.deviation.threshold = 300 (default)
2019-07-14 00:44:55,485 INFO  server.RaftServerConfigKeys (ConfUtils.java:logGet(43)) - raft.server.log.appender.install.snapshot.enabled = false (custom)
2019-07-14 00:44:55,486 INFO  impl.RaftServerImpl (ServerState.java:<init>(105)) - 848b32c1-d13e-4445-99ad-9e1b3960d4ad:group-D3752B520083 ConfigurationManager, init=-1: [848b32c1-d13e-4445-99ad-9e1b3960d4ad:192.168.157.230:40554], old=null, confs=<EMPTY_MAP>
2019-07-14 00:44:55,486 INFO  server.RaftServerConfigKeys (ConfUtils.java:logGet(43)) - raft.server.storage.dir = [/tmp/workdir/hadoop-ozone/integration-test/target/test-dir/MiniOzoneClusterImpl-9ec94e0c-450e-4dd1-984a-a0d71f418af7/datanode-3/data/ratis] (custom)
2019-07-14 00:44:55,486 INFO  storage.RaftStorageDirectory (RaftStorageDirectory.java:analyzeStorage(246)) - The storage directory /tmp/workdir/hadoop-ozone/integration-test/target/test-dir/MiniOzoneClusterImpl-9ec94e0c-450e-4dd1-984a-a0d71f418af7/datanode-3/data/ratis/c7827916-251a-4756-b0e3-d3752b520083 does not exist. Creating ...
2019-07-14 00:44:55,499 INFO  storage.RaftStorageDirectory (RaftStorageDirectory.java:tryLock(328)) - Lock on /tmp/workdir/hadoop-ozone/integration-test/target/test-dir/MiniOzoneClusterImpl-9ec94e0c-450e-4dd1-984a-a0d71f418af7/datanode-3/data/ratis/c7827916-251a-4756-b0e3-d3752b520083/in_use.lock acquired by nodename 24808@trunk-nightly-sxkq5-3320257302
2019-07-14 00:44:55,512 INFO  storage.RaftStorage (RaftStorage.java:format(72)) - Storage directory /tmp/workdir/hadoop-ozone/integration-test/target/test-dir/MiniOzoneClusterImpl-9ec94e0c-450e-4dd1-984a-a0d71f418af7/datanode-3/data/ratis/c7827916-251a-4756-b0e3-d3752b520083 has been successfully formatted.
2019-07-14 00:44:55,512 INFO  ratis.ContainerStateMachine (ContainerStateMachine.java:loadSnapshot(200)) - The snapshot info is null.Setting the last applied index to:(t:0, i:~)
2019-07-14 00:44:55,512 INFO  server.RaftServerConfigKeys (ConfUtils.java:logGet(43)) - raft.server.leader.election.timeout = 120s (custom)
2019-07-14 00:44:55,512 INFO  server.RaftServerConfigKeys (ConfUtils.java:logGet(43)) - raft.server.log.use.memory = false (default)
2019-07-14 00:44:55,513 INFO  server.RaftServerConfigKeys (ConfUtils.java:logGet(43)) - raft.server.log.purge.gap = 1000000000 (custom)
2019-07-14 00:44:55,513 INFO  server.RaftServerConfigKeys (ConfUtils.java:logGet(43)) - raft.server.log.appender.buffer.byte-limit = 33554432 (custom)
2019-07-14 00:44:55,513 INFO  server.RaftServerConfigKeys (ConfUtils.java:logGet(43)) - raft.server.log.segment.size.max = 1048576 (custom)
2019-07-14 00:44:55,513 INFO  server.RaftServerConfigKeys (ConfUtils.java:logGet(43)) - raft.server.log.segment.cache.num.max = 2 (custom)
2019-07-14 00:44:55,513 INFO  segmented.SegmentedRaftLogWorker (SegmentedRaftLogWorker.java:<init>(172)) - new 848b32c1-d13e-4445-99ad-9e1b3960d4ad-SegmentedRaftLogWorker:Storage Directory /tmp/workdir/hadoop-ozone/integration-test/target/test-dir/MiniOzoneClusterImpl-9ec94e0c-450e-4dd1-984a-a0d71f418af7/datanode-3/data/ratis/c7827916-251a-4756-b0e3-d3752b520083 for RaftStorage:Storage Directory /tmp/workdir/hadoop-ozone/integration-test/target/test-dir/MiniOzoneClusterImpl-9ec94e0c-450e-4dd1-984a-a0d71f418af7/datanode-3/data/ratis/c7827916-251a-4756-b0e3-d3752b520083
2019-07-14 00:44:55,514 INFO  server.RaftServerConfigKeys (ConfUtils.java:logGet(43)) - raft.server.log.queue.byte-limit = 2147483647 (custom)
2019-07-14 00:44:55,514 INFO  server.RaftServerConfigKeys (ConfUtils.java:logGet(43)) - raft.server.log.queue.element-limit = 1024 (custom)
2019-07-14 00:44:55,514 INFO  server.RaftServerConfigKeys (ConfUtils.java:logGet(43)) - raft.server.log.segment.size.max = 1048576 (custom)
2019-07-14 00:44:55,514 INFO  server.RaftServerConfigKeys (ConfUtils.java:logGet(43)) - raft.server.log.preallocated.size = 16384 (custom)
2019-07-14 00:44:55,514 INFO  server.RaftServerConfigKeys (ConfUtils.java:logGet(43)) - raft.server.log.write.buffer.size = 33554432 (custom)
2019-07-14 00:44:55,515 INFO  server.RaftServerConfigKeys (ConfUtils.java:logGet(43)) - raft.server.log.force.sync.num = 128 (default)
2019-07-14 00:44:55,515 INFO  server.RaftServerConfigKeys (ConfUtils.java:logGet(43)) - raft.server.log.statemachine.data.sync = true (default)
2019-07-14 00:44:55,515 INFO  server.RaftServerConfigKeys (ConfUtils.java:logGet(43)) - raft.server.log.statemachine.data.sync.timeout = 10s (default)
2019-07-14 00:44:55,515 INFO  server.RaftServerConfigKeys (ConfUtils.java:logGet(43)) - raft.server.log.statemachine.data.sync.timeout.retry = -1 (default)
2019-07-14 00:44:55,515 INFO  server.RaftServerConfigKeys (ConfUtils.java:logGet(43)) - raft.server.log.statemachine.data.caching.enabled = true (custom)
2019-07-14 00:44:55,516 INFO  segmented.SegmentedRaftLogWorker (SegmentedRaftLogWorker.java:lambda$new$0(132)) - 848b32c1-d13e-4445-99ad-9e1b3960d4ad-SegmentedRaftLogWorker:Storage Directory /tmp/workdir/hadoop-ozone/integration-test/target/test-dir/MiniOzoneClusterImpl-9ec94e0c-450e-4dd1-984a-a0d71f418af7/datanode-3/data/ratis/c7827916-251a-4756-b0e3-d3752b520083: flushIndex: setUnconditionally 0 -> -1
2019-07-14 00:44:55,516 INFO  server.RaftServerConfigKeys (ConfUtils.java:logGet(43)) - raft.server.snapshot.auto.trigger.enabled = true (custom)
2019-07-14 00:44:55,516 INFO  server.RaftServerConfigKeys (ConfUtils.java:logGet(43)) - raft.server.snapshot.auto.trigger.threshold = 10000 (custom)
2019-07-14 00:44:55,517 INFO  server.RaftServerConfigKeys (ConfUtils.java:logGet(43)) - raft.server.retrycache.expirytime = 600000ms (custom)
2019-07-14 00:44:55,517 INFO  impl.RaftServerImpl (RaftServerImpl.java:start(180)) - 848b32c1-d13e-4445-99ad-9e1b3960d4ad: start group-D3752B520083
2019-07-14 00:44:55,517 INFO  impl.RaftServerImpl (RaftServerImpl.java:setRole(171)) - 848b32c1-d13e-4445-99ad-9e1b3960d4ad:group-D3752B520083 changes role from null to FOLLOWER at term 0 for startAsFollower
2019-07-14 00:44:55,517 INFO  impl.RoleInfo (RoleInfo.java:updateAndGet(143)) - 848b32c1-d13e-4445-99ad-9e1b3960d4ad: start FollowerState
2019-07-14 00:44:55,518 INFO  util.JmxRegister (JmxRegister.java:tryRegister(44)) - Successfully registered JMX Bean with object name Ratis:service=RaftServer,group=group-D3752B520083,id=848b32c1-d13e-4445-99ad-9e1b3960d4ad
2019-07-14 00:44:55,534 INFO  pipeline.PipelineStateManager (PipelineStateManager.java:addPipeline(56)) - Created pipeline Pipeline[ Id: c7827916-251a-4756-b0e3-d3752b520083, Nodes: 848b32c1-d13e-4445-99ad-9e1b3960d4ad{ip: 192.168.157.230, host: trunk-nightly-sxkq5-3320257302, networkLocation: /default-rack, certSerialId: null}, Type:RATIS, Factor:ONE, State:OPEN]
2019-07-14 00:44:55,562 INFO  impl.RaftServerProxy (RaftServerProxy.java:addNew(89)) - 9a33bc45-9b26-45b5-95ca-43aeeb6454e9: addNew group-836B508CBD10:[9a33bc45-9b26-45b5-95ca-43aeeb6454e9:192.168.157.230:39161] returns group-836B508CBD10:java.util.concurrent.CompletableFuture@2c536c1a[Not completed]
2019-07-14 00:44:55,564 INFO  impl.RaftServerImpl (RaftServerImpl.java:<init>(93)) - 9a33bc45-9b26-45b5-95ca-43aeeb6454e9: new RaftServerImpl for group-836B508CBD10:[9a33bc45-9b26-45b5-95ca-43aeeb6454e9:192.168.157.230:39161] with ContainerStateMachine:uninitialized
2019-07-14 00:44:55,565 INFO  server.RaftServerConfigKeys (ConfUtils.java:logGet(43)) - raft.server.rpc.timeout.min = 5s (custom)
2019-07-14 00:44:55,565 INFO  server.RaftServerConfigKeys (ConfUtils.java:logGet(43)) - raft.server.rpc.timeout.max = 5200ms (custom)
2019-07-14 00:44:55,565 INFO  server.RaftServerConfigKeys (ConfUtils.java:logGet(43)) - raft.server.rpcslowness.timeout = 120s (custom)
2019-07-14 00:44:55,565 INFO  server.RaftServerConfigKeys (ConfUtils.java:logGet(43)) - raft.server.sleep.deviation.threshold = 300 (default)
2019-07-14 00:44:55,565 INFO  server.RaftServerConfigKeys (ConfUtils.java:logGet(43)) - raft.server.log.appender.install.snapshot.enabled = false (custom)
2019-07-14 00:44:55,566 INFO  impl.RaftServerImpl (ServerState.java:<init>(105)) - 9a33bc45-9b26-45b5-95ca-43aeeb6454e9:group-836B508CBD10 ConfigurationManager, init=-1: [9a33bc45-9b26-45b5-95ca-43aeeb6454e9:192.168.157.230:39161], old=null, confs=<EMPTY_MAP>
2019-07-14 00:44:55,566 INFO  server.RaftServerConfigKeys (ConfUtils.java:logGet(43)) - raft.server.storage.dir = [/tmp/workdir/hadoop-ozone/integration-test/target/test-dir/MiniOzoneClusterImpl-9ec94e0c-450e-4dd1-984a-a0d71f418af7/datanode-1/data/ratis] (custom)
2019-07-14 00:44:55,566 INFO  storage.RaftStorageDirectory (RaftStorageDirectory.java:analyzeStorage(246)) - The storage directory /tmp/workdir/hadoop-ozone/integration-test/target/test-dir/MiniOzoneClusterImpl-9ec94e0c-450e-4dd1-984a-a0d71f418af7/datanode-1/data/ratis/992bba16-f28a-4efa-af0b-836b508cbd10 does not exist. Creating ...
2019-07-14 00:44:55,580 INFO  storage.RaftStorageDirectory (RaftStorageDirectory.java:tryLock(328)) - Lock on /tmp/workdir/hadoop-ozone/integration-test/target/test-dir/MiniOzoneClusterImpl-9ec94e0c-450e-4dd1-984a-a0d71f418af7/datanode-1/data/ratis/992bba16-f28a-4efa-af0b-836b508cbd10/in_use.lock acquired by nodename 24808@trunk-nightly-sxkq5-3320257302
2019-07-14 00:44:55,602 INFO  storage.RaftStorage (RaftStorage.java:format(72)) - Storage directory /tmp/workdir/hadoop-ozone/integration-test/target/test-dir/MiniOzoneClusterImpl-9ec94e0c-450e-4dd1-984a-a0d71f418af7/datanode-1/data/ratis/992bba16-f28a-4efa-af0b-836b508cbd10 has been successfully formatted.
2019-07-14 00:44:55,602 INFO  ratis.ContainerStateMachine (ContainerStateMachine.java:loadSnapshot(200)) - The snapshot info is null.Setting the last applied index to:(t:0, i:~)
2019-07-14 00:44:55,602 INFO  server.RaftServerConfigKeys (ConfUtils.java:logGet(43)) - raft.server.leader.election.timeout = 120s (custom)
2019-07-14 00:44:55,602 INFO  server.RaftServerConfigKeys (ConfUtils.java:logGet(43)) - raft.server.log.use.memory = false (default)
2019-07-14 00:44:55,602 INFO  server.RaftServerConfigKeys (ConfUtils.java:logGet(43)) - raft.server.log.purge.gap = 1000000000 (custom)
2019-07-14 00:44:55,603 INFO  server.RaftServerConfigKeys (ConfUtils.java:logGet(43)) - raft.server.log.appender.buffer.byte-limit = 33554432 (custom)
2019-07-14 00:44:55,603 INFO  server.RaftServerConfigKeys (ConfUtils.java:logGet(43)) - raft.server.log.segment.size.max = 1048576 (custom)
2019-07-14 00:44:55,603 INFO  server.RaftServerConfigKeys (ConfUtils.java:logGet(43)) - raft.server.log.segment.cache.num.max = 2 (custom)
2019-07-14 00:44:55,603 INFO  segmented.SegmentedRaftLogWorker (SegmentedRaftLogWorker.java:<init>(172)) - new 9a33bc45-9b26-45b5-95ca-43aeeb6454e9-SegmentedRaftLogWorker:Storage Directory /tmp/workdir/hadoop-ozone/integration-test/target/test-dir/MiniOzoneClusterImpl-9ec94e0c-450e-4dd1-984a-a0d71f418af7/datanode-1/data/ratis/992bba16-f28a-4efa-af0b-836b508cbd10 for RaftStorage:Storage Directory /tmp/workdir/hadoop-ozone/integration-test/target/test-dir/MiniOzoneClusterImpl-9ec94e0c-450e-4dd1-984a-a0d71f418af7/datanode-1/data/ratis/992bba16-f28a-4efa-af0b-836b508cbd10
2019-07-14 00:44:55,603 INFO  server.RaftServerConfigKeys (ConfUtils.java:logGet(43)) - raft.server.log.queue.byte-limit = 2147483647 (custom)
2019-07-14 00:44:55,604 INFO  server.RaftServerConfigKeys (ConfUtils.java:logGet(43)) - raft.server.log.queue.element-limit = 1024 (custom)
2019-07-14 00:44:55,604 INFO  server.RaftServerConfigKeys (ConfUtils.java:logGet(43)) - raft.server.log.segment.size.max = 1048576 (custom)
2019-07-14 00:44:55,604 INFO  server.RaftServerConfigKeys (ConfUtils.java:logGet(43)) - raft.server.log.preallocated.size = 16384 (custom)
2019-07-14 00:44:55,604 INFO  server.RaftServerConfigKeys (ConfUtils.java:logGet(43)) - raft.server.log.write.buffer.size = 33554432 (custom)
2019-07-14 00:44:55,604 INFO  server.RaftServerConfigKeys (ConfUtils.java:logGet(43)) - raft.server.log.force.sync.num = 128 (default)
2019-07-14 00:44:55,605 INFO  server.RaftServerConfigKeys (ConfUtils.java:logGet(43)) - raft.server.log.statemachine.data.sync = true (default)
2019-07-14 00:44:55,605 INFO  server.RaftServerConfigKeys (ConfUtils.java:logGet(43)) - raft.server.log.statemachine.data.sync.timeout = 10s (default)
2019-07-14 00:44:55,605 INFO  server.RaftServerConfigKeys (ConfUtils.java:logGet(43)) - raft.server.log.statemachine.data.sync.timeout.retry = -1 (default)
2019-07-14 00:44:55,605 INFO  server.RaftServerConfigKeys (ConfUtils.java:logGet(43)) - raft.server.log.statemachine.data.caching.enabled = true (custom)
2019-07-14 00:44:55,606 INFO  segmented.SegmentedRaftLogWorker (SegmentedRaftLogWorker.java:lambda$new$0(132)) - 9a33bc45-9b26-45b5-95ca-43aeeb6454e9-SegmentedRaftLogWorker:Storage Directory /tmp/workdir/hadoop-ozone/integration-test/target/test-dir/MiniOzoneClusterImpl-9ec94e0c-450e-4dd1-984a-a0d71f418af7/datanode-1/data/ratis/992bba16-f28a-4efa-af0b-836b508cbd10: flushIndex: setUnconditionally 0 -> -1
2019-07-14 00:44:55,606 INFO  server.RaftServerConfigKeys (ConfUtils.java:logGet(43)) - raft.server.snapshot.auto.trigger.enabled = true (custom)
2019-07-14 00:44:55,606 INFO  server.RaftServerConfigKeys (ConfUtils.java:logGet(43)) - raft.server.snapshot.auto.trigger.threshold = 10000 (custom)
2019-07-14 00:44:55,607 INFO  server.RaftServerConfigKeys (ConfUtils.java:logGet(43)) - raft.server.retrycache.expirytime = 600000ms (custom)
2019-07-14 00:44:55,607 INFO  impl.RaftServerImpl (RaftServerImpl.java:start(180)) - 9a33bc45-9b26-45b5-95ca-43aeeb6454e9: start group-836B508CBD10
2019-07-14 00:44:55,607 INFO  impl.RaftServerImpl (RaftServerImpl.java:setRole(171)) - 9a33bc45-9b26-45b5-95ca-43aeeb6454e9:group-836B508CBD10 changes role from null to FOLLOWER at term 0 for startAsFollower
2019-07-14 00:44:55,607 INFO  impl.RoleInfo (RoleInfo.java:updateAndGet(143)) - 9a33bc45-9b26-45b5-95ca-43aeeb6454e9: start FollowerState
2019-07-14 00:44:55,608 INFO  util.JmxRegister (JmxRegister.java:tryRegister(44)) - Successfully registered JMX Bean with object name Ratis:service=RaftServer,group=group-836B508CBD10,id=9a33bc45-9b26-45b5-95ca-43aeeb6454e9
2019-07-14 00:44:55,623 INFO  pipeline.PipelineStateManager (PipelineStateManager.java:addPipeline(56)) - Created pipeline Pipeline[ Id: 992bba16-f28a-4efa-af0b-836b508cbd10, Nodes: 9a33bc45-9b26-45b5-95ca-43aeeb6454e9{ip: 192.168.157.230, host: trunk-nightly-sxkq5-3320257302, networkLocation: /default-rack, certSerialId: null}, Type:RATIS, Factor:ONE, State:OPEN]
2019-07-14 00:44:55,654 INFO  impl.RaftServerProxy (RaftServerProxy.java:addNew(89)) - 8d84ade6-f7de-47b8-9370-abe99a0ad98a: addNew group-0B17EE41AE4B:[8d84ade6-f7de-47b8-9370-abe99a0ad98a:192.168.157.230:34242] returns group-0B17EE41AE4B:java.util.concurrent.CompletableFuture@2f6b391a[Not completed]
2019-07-14 00:44:55,656 INFO  impl.RaftServerImpl (RaftServerImpl.java:<init>(93)) - 8d84ade6-f7de-47b8-9370-abe99a0ad98a: new RaftServerImpl for group-0B17EE41AE4B:[8d84ade6-f7de-47b8-9370-abe99a0ad98a:192.168.157.230:34242] with ContainerStateMachine:uninitialized
2019-07-14 00:44:55,656 INFO  server.RaftServerConfigKeys (ConfUtils.java:logGet(43)) - raft.server.rpc.timeout.min = 5s (custom)
2019-07-14 00:44:55,656 INFO  server.RaftServerConfigKeys (ConfUtils.java:logGet(43)) - raft.server.rpc.timeout.max = 5200ms (custom)
2019-07-14 00:44:55,657 INFO  server.RaftServerConfigKeys (ConfUtils.java:logGet(43)) - raft.server.rpcslowness.timeout = 120s (custom)
2019-07-14 00:44:55,657 INFO  server.RaftServerConfigKeys (ConfUtils.java:logGet(43)) - raft.server.sleep.deviation.threshold = 300 (default)
2019-07-14 00:44:55,657 INFO  server.RaftServerConfigKeys (ConfUtils.java:logGet(43)) - raft.server.log.appender.install.snapshot.enabled = false (custom)
2019-07-14 00:44:55,657 INFO  impl.RaftServerImpl (ServerState.java:<init>(105)) - 8d84ade6-f7de-47b8-9370-abe99a0ad98a:group-0B17EE41AE4B ConfigurationManager, init=-1: [8d84ade6-f7de-47b8-9370-abe99a0ad98a:192.168.157.230:34242], old=null, confs=<EMPTY_MAP>
2019-07-14 00:44:55,658 INFO  server.RaftServerConfigKeys (ConfUtils.java:logGet(43)) - raft.server.storage.dir = [/tmp/workdir/hadoop-ozone/integration-test/target/test-dir/MiniOzoneClusterImpl-9ec94e0c-450e-4dd1-984a-a0d71f418af7/datanode-6/data/ratis] (custom)
2019-07-14 00:44:55,658 INFO  storage.RaftStorageDirectory (RaftStorageDirectory.java:analyzeStorage(246)) - The storage directory /tmp/workdir/hadoop-ozone/integration-test/target/test-dir/MiniOzoneClusterImpl-9ec94e0c-450e-4dd1-984a-a0d71f418af7/datanode-6/data/ratis/9e854c9f-7478-4c90-b403-0b17ee41ae4b does not exist. Creating ...
2019-07-14 00:44:55,672 INFO  storage.RaftStorageDirectory (RaftStorageDirectory.java:tryLock(328)) - Lock on /tmp/workdir/hadoop-ozone/integration-test/target/test-dir/MiniOzoneClusterImpl-9ec94e0c-450e-4dd1-984a-a0d71f418af7/datanode-6/data/ratis/9e854c9f-7478-4c90-b403-0b17ee41ae4b/in_use.lock acquired by nodename 24808@trunk-nightly-sxkq5-3320257302
2019-07-14 00:44:55,685 INFO  storage.RaftStorage (RaftStorage.java:format(72)) - Storage directory /tmp/workdir/hadoop-ozone/integration-test/target/test-dir/MiniOzoneClusterImpl-9ec94e0c-450e-4dd1-984a-a0d71f418af7/datanode-6/data/ratis/9e854c9f-7478-4c90-b403-0b17ee41ae4b has been successfully formatted.
2019-07-14 00:44:55,685 INFO  ratis.ContainerStateMachine (ContainerStateMachine.java:loadSnapshot(200)) - The snapshot info is null.Setting the last applied index to:(t:0, i:~)
2019-07-14 00:44:55,686 INFO  server.RaftServerConfigKeys (ConfUtils.java:logGet(43)) - raft.server.leader.election.timeout = 120s (custom)
2019-07-14 00:44:55,686 INFO  server.RaftServerConfigKeys (ConfUtils.java:logGet(43)) - raft.server.log.use.memory = false (default)
2019-07-14 00:44:55,686 INFO  server.RaftServerConfigKeys (ConfUtils.java:logGet(43)) - raft.server.log.purge.gap = 1000000000 (custom)
2019-07-14 00:44:55,686 INFO  server.RaftServerConfigKeys (ConfUtils.java:logGet(43)) - raft.server.log.appender.buffer.byte-limit = 33554432 (custom)
2019-07-14 00:44:55,686 INFO  server.RaftServerConfigKeys (ConfUtils.java:logGet(43)) - raft.server.log.segment.size.max = 1048576 (custom)
2019-07-14 00:44:55,687 INFO  server.RaftServerConfigKeys (ConfUtils.java:logGet(43)) - raft.server.log.segment.cache.num.max = 2 (custom)
2019-07-14 00:44:55,687 INFO  segmented.SegmentedRaftLogWorker (SegmentedRaftLogWorker.java:<init>(172)) - new 8d84ade6-f7de-47b8-9370-abe99a0ad98a-SegmentedRaftLogWorker:Storage Directory /tmp/workdir/hadoop-ozone/integration-test/target/test-dir/MiniOzoneClusterImpl-9ec94e0c-450e-4dd1-984a-a0d71f418af7/datanode-6/data/ratis/9e854c9f-7478-4c90-b403-0b17ee41ae4b for RaftStorage:Storage Directory /tmp/workdir/hadoop-ozone/integration-test/target/test-dir/MiniOzoneClusterImpl-9ec94e0c-450e-4dd1-984a-a0d71f418af7/datanode-6/data/ratis/9e854c9f-7478-4c90-b403-0b17ee41ae4b
2019-07-14 00:44:55,687 INFO  server.RaftServerConfigKeys (ConfUtils.java:logGet(43)) - raft.server.log.queue.byte-limit = 2147483647 (custom)
2019-07-14 00:44:55,687 INFO  server.RaftServerConfigKeys (ConfUtils.java:logGet(43)) - raft.server.log.queue.element-limit = 1024 (custom)
2019-07-14 00:44:55,688 INFO  server.RaftServerConfigKeys (ConfUtils.java:logGet(43)) - raft.server.log.segment.size.max = 1048576 (custom)
2019-07-14 00:44:55,688 INFO  server.RaftServerConfigKeys (ConfUtils.java:logGet(43)) - raft.server.log.preallocated.size = 16384 (custom)
2019-07-14 00:44:55,688 INFO  server.RaftServerConfigKeys (ConfUtils.java:logGet(43)) - raft.server.log.write.buffer.size = 33554432 (custom)
2019-07-14 00:44:55,688 INFO  server.RaftServerConfigKeys (ConfUtils.java:logGet(43)) - raft.server.log.force.sync.num = 128 (default)
2019-07-14 00:44:55,688 INFO  server.RaftServerConfigKeys (ConfUtils.java:logGet(43)) - raft.server.log.statemachine.data.sync = true (default)
2019-07-14 00:44:55,689 INFO  server.RaftServerConfigKeys (ConfUtils.java:logGet(43)) - raft.server.log.statemachine.data.sync.timeout = 10s (default)
2019-07-14 00:44:55,689 INFO  server.RaftServerConfigKeys (ConfUtils.java:logGet(43)) - raft.server.log.statemachine.data.sync.timeout.retry = -1 (default)
2019-07-14 00:44:55,689 INFO  server.RaftServerConfigKeys (ConfUtils.java:logGet(43)) - raft.server.log.statemachine.data.caching.enabled = true (custom)
2019-07-14 00:44:55,690 INFO  segmented.SegmentedRaftLogWorker (SegmentedRaftLogWorker.java:lambda$new$0(132)) - 8d84ade6-f7de-47b8-9370-abe99a0ad98a-SegmentedRaftLogWorker:Storage Directory /tmp/workdir/hadoop-ozone/integration-test/target/test-dir/MiniOzoneClusterImpl-9ec94e0c-450e-4dd1-984a-a0d71f418af7/datanode-6/data/ratis/9e854c9f-7478-4c90-b403-0b17ee41ae4b: flushIndex: setUnconditionally 0 -> -1
2019-07-14 00:44:55,690 INFO  server.RaftServerConfigKeys (ConfUtils.java:logGet(43)) - raft.server.snapshot.auto.trigger.enabled = true (custom)
2019-07-14 00:44:55,690 INFO  server.RaftServerConfigKeys (ConfUtils.java:logGet(43)) - raft.server.snapshot.auto.trigger.threshold = 10000 (custom)
2019-07-14 00:44:55,691 INFO  server.RaftServerConfigKeys (ConfUtils.java:logGet(43)) - raft.server.retrycache.expirytime = 600000ms (custom)
2019-07-14 00:44:55,691 INFO  impl.RaftServerImpl (RaftServerImpl.java:start(180)) - 8d84ade6-f7de-47b8-9370-abe99a0ad98a: start group-0B17EE41AE4B
2019-07-14 00:44:55,691 INFO  impl.RaftServerImpl (RaftServerImpl.java:setRole(171)) - 8d84ade6-f7de-47b8-9370-abe99a0ad98a:group-0B17EE41AE4B changes role from null to FOLLOWER at term 0 for startAsFollower
2019-07-14 00:44:55,691 INFO  impl.RoleInfo (RoleInfo.java:updateAndGet(143)) - 8d84ade6-f7de-47b8-9370-abe99a0ad98a: start FollowerState
2019-07-14 00:44:55,692 INFO  util.JmxRegister (JmxRegister.java:tryRegister(44)) - Successfully registered JMX Bean with object name Ratis:service=RaftServer,group=group-0B17EE41AE4B,id=8d84ade6-f7de-47b8-9370-abe99a0ad98a
2019-07-14 00:44:55,705 INFO  pipeline.PipelineStateManager (PipelineStateManager.java:addPipeline(56)) - Created pipeline Pipeline[ Id: 9e854c9f-7478-4c90-b403-0b17ee41ae4b, Nodes: 8d84ade6-f7de-47b8-9370-abe99a0ad98a{ip: 192.168.157.230, host: trunk-nightly-sxkq5-3320257302, networkLocation: /default-rack, certSerialId: null}, Type:RATIS, Factor:ONE, State:OPEN]
2019-07-14 00:44:55,723 INFO  impl.RaftServerProxy (RaftServerProxy.java:addNew(89)) - ce14ab2b-e9f0-4db2-a2f1-d9363a5f59fb: addNew group-E31E8B3CCA0D:[ce14ab2b-e9f0-4db2-a2f1-d9363a5f59fb:192.168.157.230:36953] returns group-E31E8B3CCA0D:java.util.concurrent.CompletableFuture@50bcf1d7[Not completed]
2019-07-14 00:44:55,725 INFO  impl.RaftServerImpl (RaftServerImpl.java:<init>(93)) - ce14ab2b-e9f0-4db2-a2f1-d9363a5f59fb: new RaftServerImpl for group-E31E8B3CCA0D:[ce14ab2b-e9f0-4db2-a2f1-d9363a5f59fb:192.168.157.230:36953] with ContainerStateMachine:uninitialized
2019-07-14 00:44:55,725 INFO  server.RaftServerConfigKeys (ConfUtils.java:logGet(43)) - raft.server.rpc.timeout.min = 5s (custom)
2019-07-14 00:44:55,726 INFO  server.RaftServerConfigKeys (ConfUtils.java:logGet(43)) - raft.server.rpc.timeout.max = 5200ms (custom)
2019-07-14 00:44:55,726 INFO  server.RaftServerConfigKeys (ConfUtils.java:logGet(43)) - raft.server.rpcslowness.timeout = 120s (custom)
2019-07-14 00:44:55,726 INFO  server.RaftServerConfigKeys (ConfUtils.java:logGet(43)) - raft.server.sleep.deviation.threshold = 300 (default)
2019-07-14 00:44:55,726 INFO  server.RaftServerConfigKeys (ConfUtils.java:logGet(43)) - raft.server.log.appender.install.snapshot.enabled = false (custom)
2019-07-14 00:44:55,726 INFO  impl.RaftServerImpl (ServerState.java:<init>(105)) - ce14ab2b-e9f0-4db2-a2f1-d9363a5f59fb:group-E31E8B3CCA0D ConfigurationManager, init=-1: [ce14ab2b-e9f0-4db2-a2f1-d9363a5f59fb:192.168.157.230:36953], old=null, confs=<EMPTY_MAP>
2019-07-14 00:44:55,727 INFO  server.RaftServerConfigKeys (ConfUtils.java:logGet(43)) - raft.server.storage.dir = [/tmp/workdir/hadoop-ozone/integration-test/target/test-dir/MiniOzoneClusterImpl-9ec94e0c-450e-4dd1-984a-a0d71f418af7/datanode-5/data/ratis] (custom)
2019-07-14 00:44:55,727 INFO  storage.RaftStorageDirectory (RaftStorageDirectory.java:analyzeStorage(246)) - The storage directory /tmp/workdir/hadoop-ozone/integration-test/target/test-dir/MiniOzoneClusterImpl-9ec94e0c-450e-4dd1-984a-a0d71f418af7/datanode-5/data/ratis/6be43ac1-de82-4381-b385-e31e8b3cca0d does not exist. Creating ...
2019-07-14 00:44:55,739 INFO  storage.RaftStorageDirectory (RaftStorageDirectory.java:tryLock(328)) - Lock on /tmp/workdir/hadoop-ozone/integration-test/target/test-dir/MiniOzoneClusterImpl-9ec94e0c-450e-4dd1-984a-a0d71f418af7/datanode-5/data/ratis/6be43ac1-de82-4381-b385-e31e8b3cca0d/in_use.lock acquired by nodename 24808@trunk-nightly-sxkq5-3320257302
2019-07-14 00:44:55,754 INFO  storage.RaftStorage (RaftStorage.java:format(72)) - Storage directory /tmp/workdir/hadoop-ozone/integration-test/target/test-dir/MiniOzoneClusterImpl-9ec94e0c-450e-4dd1-984a-a0d71f418af7/datanode-5/data/ratis/6be43ac1-de82-4381-b385-e31e8b3cca0d has been successfully formatted.
2019-07-14 00:44:55,754 INFO  ratis.ContainerStateMachine (ContainerStateMachine.java:loadSnapshot(200)) - The snapshot info is null.Setting the last applied index to:(t:0, i:~)
2019-07-14 00:44:55,754 INFO  server.RaftServerConfigKeys (ConfUtils.java:logGet(43)) - raft.server.leader.election.timeout = 120s (custom)
2019-07-14 00:44:55,754 INFO  server.RaftServerConfigKeys (ConfUtils.java:logGet(43)) - raft.server.log.use.memory = false (default)
2019-07-14 00:44:55,754 INFO  server.RaftServerConfigKeys (ConfUtils.java:logGet(43)) - raft.server.log.purge.gap = 1000000000 (custom)
2019-07-14 00:44:55,754 INFO  server.RaftServerConfigKeys (ConfUtils.java:logGet(43)) - raft.server.log.appender.buffer.byte-limit = 33554432 (custom)
2019-07-14 00:44:55,755 INFO  server.RaftServerConfigKeys (ConfUtils.java:logGet(43)) - raft.server.log.segment.size.max = 1048576 (custom)
2019-07-14 00:44:55,755 INFO  server.RaftServerConfigKeys (ConfUtils.java:logGet(43)) - raft.server.log.segment.cache.num.max = 2 (custom)
2019-07-14 00:44:55,755 INFO  segmented.SegmentedRaftLogWorker (SegmentedRaftLogWorker.java:<init>(172)) - new ce14ab2b-e9f0-4db2-a2f1-d9363a5f59fb-SegmentedRaftLogWorker:Storage Directory /tmp/workdir/hadoop-ozone/integration-test/target/test-dir/MiniOzoneClusterImpl-9ec94e0c-450e-4dd1-984a-a0d71f418af7/datanode-5/data/ratis/6be43ac1-de82-4381-b385-e31e8b3cca0d for RaftStorage:Storage Directory /tmp/workdir/hadoop-ozone/integration-test/target/test-dir/MiniOzoneClusterImpl-9ec94e0c-450e-4dd1-984a-a0d71f418af7/datanode-5/data/ratis/6be43ac1-de82-4381-b385-e31e8b3cca0d
2019-07-14 00:44:55,755 INFO  server.RaftServerConfigKeys (ConfUtils.java:logGet(43)) - raft.server.log.queue.byte-limit = 2147483647 (custom)
2019-07-14 00:44:55,755 INFO  server.RaftServerConfigKeys (ConfUtils.java:logGet(43)) - raft.server.log.queue.element-limit = 1024 (custom)
2019-07-14 00:44:55,755 INFO  server.RaftServerConfigKeys (ConfUtils.java:logGet(43)) - raft.server.log.segment.size.max = 1048576 (custom)
2019-07-14 00:44:55,755 INFO  server.RaftServerConfigKeys (ConfUtils.java:logGet(43)) - raft.server.log.preallocated.size = 16384 (custom)
2019-07-14 00:44:55,756 INFO  server.RaftServerConfigKeys (ConfUtils.java:logGet(43)) - raft.server.log.write.buffer.size = 33554432 (custom)
2019-07-14 00:44:55,756 INFO  server.RaftServerConfigKeys (ConfUtils.java:logGet(43)) - raft.server.log.force.sync.num = 128 (default)
2019-07-14 00:44:55,756 INFO  server.RaftServerConfigKeys (ConfUtils.java:logGet(43)) - raft.server.log.statemachine.data.sync = true (default)
2019-07-14 00:44:55,756 INFO  server.RaftServerConfigKeys (ConfUtils.java:logGet(43)) - raft.server.log.statemachine.data.sync.timeout = 10s (default)
2019-07-14 00:44:55,756 INFO  server.RaftServerConfigKeys (ConfUtils.java:logGet(43)) - raft.server.log.statemachine.data.sync.timeout.retry = -1 (default)
2019-07-14 00:44:55,756 INFO  server.RaftServerConfigKeys (ConfUtils.java:logGet(43)) - raft.server.log.statemachine.data.caching.enabled = true (custom)
2019-07-14 00:44:55,757 INFO  segmented.SegmentedRaftLogWorker (SegmentedRaftLogWorker.java:lambda$new$0(132)) - ce14ab2b-e9f0-4db2-a2f1-d9363a5f59fb-SegmentedRaftLogWorker:Storage Directory /tmp/workdir/hadoop-ozone/integration-test/target/test-dir/MiniOzoneClusterImpl-9ec94e0c-450e-4dd1-984a-a0d71f418af7/datanode-5/data/ratis/6be43ac1-de82-4381-b385-e31e8b3cca0d: flushIndex: setUnconditionally 0 -> -1
2019-07-14 00:44:55,757 INFO  server.RaftServerConfigKeys (ConfUtils.java:logGet(43)) - raft.server.snapshot.auto.trigger.enabled = true (custom)
2019-07-14 00:44:55,757 INFO  server.RaftServerConfigKeys (ConfUtils.java:logGet(43)) - raft.server.snapshot.auto.trigger.threshold = 10000 (custom)
2019-07-14 00:44:55,757 INFO  server.RaftServerConfigKeys (ConfUtils.java:logGet(43)) - raft.server.retrycache.expirytime = 600000ms (custom)
2019-07-14 00:44:55,758 INFO  impl.RaftServerImpl (RaftServerImpl.java:start(180)) - ce14ab2b-e9f0-4db2-a2f1-d9363a5f59fb: start group-E31E8B3CCA0D
2019-07-14 00:44:55,758 INFO  impl.RaftServerImpl (RaftServerImpl.java:setRole(171)) - ce14ab2b-e9f0-4db2-a2f1-d9363a5f59fb:group-E31E8B3CCA0D changes role from null to FOLLOWER at term 0 for startAsFollower
2019-07-14 00:44:55,758 INFO  impl.RoleInfo (RoleInfo.java:updateAndGet(143)) - ce14ab2b-e9f0-4db2-a2f1-d9363a5f59fb: start FollowerState
2019-07-14 00:44:55,758 INFO  util.JmxRegister (JmxRegister.java:tryRegister(44)) - Successfully registered JMX Bean with object name Ratis:service=RaftServer,group=group-E31E8B3CCA0D,id=ce14ab2b-e9f0-4db2-a2f1-d9363a5f59fb
2019-07-14 00:44:55,772 INFO  pipeline.PipelineStateManager (PipelineStateManager.java:addPipeline(56)) - Created pipeline Pipeline[ Id: 6be43ac1-de82-4381-b385-e31e8b3cca0d, Nodes: ce14ab2b-e9f0-4db2-a2f1-d9363a5f59fb{ip: 192.168.157.230, host: trunk-nightly-sxkq5-3320257302, networkLocation: /default-rack, certSerialId: null}, Type:RATIS, Factor:ONE, State:OPEN]
2019-07-14 00:44:55,810 INFO  impl.RaftServerProxy (RaftServerProxy.java:addNew(89)) - 506685dc-188a-4fda-80b3-5cfd988a5ff6: addNew group-8EC2A62E8276:[506685dc-188a-4fda-80b3-5cfd988a5ff6:192.168.157.230:41816, 16e41bcf-d4c6-45ef-9434-e9ed1f38239a:192.168.157.230:36114, 3dae385e-6267-41e3-b75e-2f59c3d5ae61:192.168.157.230:42426] returns group-8EC2A62E8276:java.util.concurrent.CompletableFuture@2c2175e0[Not completed]
2019-07-14 00:44:55,810 INFO  impl.RaftServerProxy (RaftServerProxy.java:addNew(89)) - 3dae385e-6267-41e3-b75e-2f59c3d5ae61: addNew group-8EC2A62E8276:[506685dc-188a-4fda-80b3-5cfd988a5ff6:192.168.157.230:41816, 16e41bcf-d4c6-45ef-9434-e9ed1f38239a:192.168.157.230:36114, 3dae385e-6267-41e3-b75e-2f59c3d5ae61:192.168.157.230:42426] returns group-8EC2A62E8276:java.util.concurrent.CompletableFuture@6c077c17[Not completed]
2019-07-14 00:44:55,810 INFO  impl.RaftServerProxy (RaftServerProxy.java:addNew(89)) - 16e41bcf-d4c6-45ef-9434-e9ed1f38239a: addNew group-8EC2A62E8276:[506685dc-188a-4fda-80b3-5cfd988a5ff6:192.168.157.230:41816, 16e41bcf-d4c6-45ef-9434-e9ed1f38239a:192.168.157.230:36114, 3dae385e-6267-41e3-b75e-2f59c3d5ae61:192.168.157.230:42426] returns group-8EC2A62E8276:java.util.concurrent.CompletableFuture@3a05e419[Not completed]
2019-07-14 00:44:55,812 INFO  impl.RaftServerImpl (RaftServerImpl.java:<init>(93)) - 506685dc-188a-4fda-80b3-5cfd988a5ff6: new RaftServerImpl for group-8EC2A62E8276:[506685dc-188a-4fda-80b3-5cfd988a5ff6:192.168.157.230:41816, 16e41bcf-d4c6-45ef-9434-e9ed1f38239a:192.168.157.230:36114, 3dae385e-6267-41e3-b75e-2f59c3d5ae61:192.168.157.230:42426] with ContainerStateMachine:uninitialized
2019-07-14 00:44:55,812 INFO  server.RaftServerConfigKeys (ConfUtils.java:logGet(43)) - raft.server.rpc.timeout.min = 5s (custom)
2019-07-14 00:44:55,812 INFO  server.RaftServerConfigKeys (ConfUtils.java:logGet(43)) - raft.server.rpc.timeout.max = 5200ms (custom)
2019-07-14 00:44:55,812 INFO  server.RaftServerConfigKeys (ConfUtils.java:logGet(43)) - raft.server.rpcslowness.timeout = 120s (custom)
2019-07-14 00:44:55,813 INFO  server.RaftServerConfigKeys (ConfUtils.java:logGet(43)) - raft.server.sleep.deviation.threshold = 300 (default)
2019-07-14 00:44:55,813 INFO  server.RaftServerConfigKeys (ConfUtils.java:logGet(43)) - raft.server.log.appender.install.snapshot.enabled = false (custom)
2019-07-14 00:44:55,813 INFO  impl.RaftServerImpl (RaftServerImpl.java:<init>(93)) - 16e41bcf-d4c6-45ef-9434-e9ed1f38239a: new RaftServerImpl for group-8EC2A62E8276:[506685dc-188a-4fda-80b3-5cfd988a5ff6:192.168.157.230:41816, 16e41bcf-d4c6-45ef-9434-e9ed1f38239a:192.168.157.230:36114, 3dae385e-6267-41e3-b75e-2f59c3d5ae61:192.168.157.230:42426] with ContainerStateMachine:uninitialized
2019-07-14 00:44:55,813 INFO  impl.RaftServerImpl (ServerState.java:<init>(105)) - 506685dc-188a-4fda-80b3-5cfd988a5ff6:group-8EC2A62E8276 ConfigurationManager, init=-1: [506685dc-188a-4fda-80b3-5cfd988a5ff6:192.168.157.230:41816, 16e41bcf-d4c6-45ef-9434-e9ed1f38239a:192.168.157.230:36114, 3dae385e-6267-41e3-b75e-2f59c3d5ae61:192.168.157.230:42426], old=null, confs=<EMPTY_MAP>
2019-07-14 00:44:55,813 INFO  server.RaftServerConfigKeys (ConfUtils.java:logGet(43)) - raft.server.rpc.timeout.min = 5s (custom)
2019-07-14 00:44:55,813 INFO  server.RaftServerConfigKeys (ConfUtils.java:logGet(43)) - raft.server.storage.dir = [/tmp/workdir/hadoop-ozone/integration-test/target/test-dir/MiniOzoneClusterImpl-9ec94e0c-450e-4dd1-984a-a0d71f418af7/datanode-2/data/ratis] (custom)
2019-07-14 00:44:55,814 INFO  server.RaftServerConfigKeys (ConfUtils.java:logGet(43)) - raft.server.rpc.timeout.max = 5200ms (custom)
2019-07-14 00:44:55,814 INFO  server.RaftServerConfigKeys (ConfUtils.java:logGet(43)) - raft.server.rpcslowness.timeout = 120s (custom)
2019-07-14 00:44:55,814 INFO  storage.RaftStorageDirectory (RaftStorageDirectory.java:analyzeStorage(246)) - The storage directory /tmp/workdir/hadoop-ozone/integration-test/target/test-dir/MiniOzoneClusterImpl-9ec94e0c-450e-4dd1-984a-a0d71f418af7/datanode-2/data/ratis/087ea731-58b4-4d75-8c27-8ec2a62e8276 does not exist. Creating ...
2019-07-14 00:44:55,814 INFO  server.RaftServerConfigKeys (ConfUtils.java:logGet(43)) - raft.server.sleep.deviation.threshold = 300 (default)
2019-07-14 00:44:55,814 INFO  impl.RaftServerImpl (RaftServerImpl.java:<init>(93)) - 3dae385e-6267-41e3-b75e-2f59c3d5ae61: new RaftServerImpl for group-8EC2A62E8276:[506685dc-188a-4fda-80b3-5cfd988a5ff6:192.168.157.230:41816, 16e41bcf-d4c6-45ef-9434-e9ed1f38239a:192.168.157.230:36114, 3dae385e-6267-41e3-b75e-2f59c3d5ae61:192.168.157.230:42426] with ContainerStateMachine:uninitialized
2019-07-14 00:44:55,815 INFO  server.RaftServerConfigKeys (ConfUtils.java:logGet(43)) - raft.server.log.appender.install.snapshot.enabled = false (custom)
2019-07-14 00:44:55,815 INFO  server.RaftServerConfigKeys (ConfUtils.java:logGet(43)) - raft.server.rpc.timeout.min = 5s (custom)
2019-07-14 00:44:55,815 INFO  impl.RaftServerImpl (ServerState.java:<init>(105)) - 16e41bcf-d4c6-45ef-9434-e9ed1f38239a:group-8EC2A62E8276 ConfigurationManager, init=-1: [506685dc-188a-4fda-80b3-5cfd988a5ff6:192.168.157.230:41816, 16e41bcf-d4c6-45ef-9434-e9ed1f38239a:192.168.157.230:36114, 3dae385e-6267-41e3-b75e-2f59c3d5ae61:192.168.157.230:42426], old=null, confs=<EMPTY_MAP>
2019-07-14 00:44:55,815 INFO  server.RaftServerConfigKeys (ConfUtils.java:logGet(43)) - raft.server.rpc.timeout.max = 5200ms (custom)
2019-07-14 00:44:55,816 INFO  server.RaftServerConfigKeys (ConfUtils.java:logGet(43)) - raft.server.storage.dir = [/tmp/workdir/hadoop-ozone/integration-test/target/test-dir/MiniOzoneClusterImpl-9ec94e0c-450e-4dd1-984a-a0d71f418af7/datanode-4/data/ratis] (custom)
2019-07-14 00:44:55,816 INFO  server.RaftServerConfigKeys (ConfUtils.java:logGet(43)) - raft.server.rpcslowness.timeout = 120s (custom)
2019-07-14 00:44:55,816 INFO  server.RaftServerConfigKeys (ConfUtils.java:logGet(43)) - raft.server.sleep.deviation.threshold = 300 (default)
2019-07-14 00:44:55,816 INFO  storage.RaftStorageDirectory (RaftStorageDirectory.java:analyzeStorage(246)) - The storage directory /tmp/workdir/hadoop-ozone/integration-test/target/test-dir/MiniOzoneClusterImpl-9ec94e0c-450e-4dd1-984a-a0d71f418af7/datanode-4/data/ratis/087ea731-58b4-4d75-8c27-8ec2a62e8276 does not exist. Creating ...
2019-07-14 00:44:55,816 INFO  server.RaftServerConfigKeys (ConfUtils.java:logGet(43)) - raft.server.log.appender.install.snapshot.enabled = false (custom)
2019-07-14 00:44:55,817 INFO  impl.RaftServerImpl (ServerState.java:<init>(105)) - 3dae385e-6267-41e3-b75e-2f59c3d5ae61:group-8EC2A62E8276 ConfigurationManager, init=-1: [506685dc-188a-4fda-80b3-5cfd988a5ff6:192.168.157.230:41816, 16e41bcf-d4c6-45ef-9434-e9ed1f38239a:192.168.157.230:36114, 3dae385e-6267-41e3-b75e-2f59c3d5ae61:192.168.157.230:42426], old=null, confs=<EMPTY_MAP>
2019-07-14 00:44:55,817 INFO  server.RaftServerConfigKeys (ConfUtils.java:logGet(43)) - raft.server.storage.dir = [/tmp/workdir/hadoop-ozone/integration-test/target/test-dir/MiniOzoneClusterImpl-9ec94e0c-450e-4dd1-984a-a0d71f418af7/datanode-0/data/ratis] (custom)
2019-07-14 00:44:55,818 INFO  storage.RaftStorageDirectory (RaftStorageDirectory.java:analyzeStorage(246)) - The storage directory /tmp/workdir/hadoop-ozone/integration-test/target/test-dir/MiniOzoneClusterImpl-9ec94e0c-450e-4dd1-984a-a0d71f418af7/datanode-0/data/ratis/087ea731-58b4-4d75-8c27-8ec2a62e8276 does not exist. Creating ...
2019-07-14 00:44:55,828 INFO  storage.RaftStorageDirectory (RaftStorageDirectory.java:tryLock(328)) - Lock on /tmp/workdir/hadoop-ozone/integration-test/target/test-dir/MiniOzoneClusterImpl-9ec94e0c-450e-4dd1-984a-a0d71f418af7/datanode-0/data/ratis/087ea731-58b4-4d75-8c27-8ec2a62e8276/in_use.lock acquired by nodename 24808@trunk-nightly-sxkq5-3320257302
2019-07-14 00:44:55,828 INFO  storage.RaftStorageDirectory (RaftStorageDirectory.java:tryLock(328)) - Lock on /tmp/workdir/hadoop-ozone/integration-test/target/test-dir/MiniOzoneClusterImpl-9ec94e0c-450e-4dd1-984a-a0d71f418af7/datanode-2/data/ratis/087ea731-58b4-4d75-8c27-8ec2a62e8276/in_use.lock acquired by nodename 24808@trunk-nightly-sxkq5-3320257302
2019-07-14 00:44:55,828 INFO  storage.RaftStorageDirectory (RaftStorageDirectory.java:tryLock(328)) - Lock on /tmp/workdir/hadoop-ozone/integration-test/target/test-dir/MiniOzoneClusterImpl-9ec94e0c-450e-4dd1-984a-a0d71f418af7/datanode-4/data/ratis/087ea731-58b4-4d75-8c27-8ec2a62e8276/in_use.lock acquired by nodename 24808@trunk-nightly-sxkq5-3320257302
2019-07-14 00:44:55,843 INFO  rpc.RpcClient (RpcClient.java:createVolume(287)) - Creating Volume: testblockoutputstreamwithretries, with jenkins1000 as owner.
2019-07-14 00:44:55,850 INFO  storage.RaftStorage (RaftStorage.java:format(72)) - Storage directory /tmp/workdir/hadoop-ozone/integration-test/target/test-dir/MiniOzoneClusterImpl-9ec94e0c-450e-4dd1-984a-a0d71f418af7/datanode-4/data/ratis/087ea731-58b4-4d75-8c27-8ec2a62e8276 has been successfully formatted.
2019-07-14 00:44:55,850 INFO  storage.RaftStorage (RaftStorage.java:format(72)) - Storage directory /tmp/workdir/hadoop-ozone/integration-test/target/test-dir/MiniOzoneClusterImpl-9ec94e0c-450e-4dd1-984a-a0d71f418af7/datanode-0/data/ratis/087ea731-58b4-4d75-8c27-8ec2a62e8276 has been successfully formatted.
2019-07-14 00:44:55,850 INFO  storage.RaftStorage (RaftStorage.java:format(72)) - Storage directory /tmp/workdir/hadoop-ozone/integration-test/target/test-dir/MiniOzoneClusterImpl-9ec94e0c-450e-4dd1-984a-a0d71f418af7/datanode-2/data/ratis/087ea731-58b4-4d75-8c27-8ec2a62e8276 has been successfully formatted.
2019-07-14 00:44:55,850 INFO  ratis.ContainerStateMachine (ContainerStateMachine.java:loadSnapshot(200)) - The snapshot info is null.Setting the last applied index to:(t:0, i:~)
2019-07-14 00:44:55,850 INFO  ratis.ContainerStateMachine (ContainerStateMachine.java:loadSnapshot(200)) - The snapshot info is null.Setting the last applied index to:(t:0, i:~)
2019-07-14 00:44:55,851 INFO  ratis.ContainerStateMachine (ContainerStateMachine.java:loadSnapshot(200)) - The snapshot info is null.Setting the last applied index to:(t:0, i:~)
2019-07-14 00:44:55,851 INFO  server.RaftServerConfigKeys (ConfUtils.java:logGet(43)) - raft.server.leader.election.timeout = 120s (custom)
2019-07-14 00:44:55,851 INFO  server.RaftServerConfigKeys (ConfUtils.java:logGet(43)) - raft.server.leader.election.timeout = 120s (custom)
2019-07-14 00:44:55,851 INFO  server.RaftServerConfigKeys (ConfUtils.java:logGet(43)) - raft.server.leader.election.timeout = 120s (custom)
2019-07-14 00:44:55,851 INFO  server.RaftServerConfigKeys (ConfUtils.java:logGet(43)) - raft.server.log.use.memory = false (default)
2019-07-14 00:44:55,851 INFO  server.RaftServerConfigKeys (ConfUtils.java:logGet(43)) - raft.server.log.use.memory = false (default)
2019-07-14 00:44:55,852 INFO  server.RaftServerConfigKeys (ConfUtils.java:logGet(43)) - raft.server.log.purge.gap = 1000000000 (custom)
2019-07-14 00:44:55,851 INFO  server.RaftServerConfigKeys (ConfUtils.java:logGet(43)) - raft.server.log.use.memory = false (default)
2019-07-14 00:44:55,852 INFO  server.RaftServerConfigKeys (ConfUtils.java:logGet(43)) - raft.server.log.appender.buffer.byte-limit = 33554432 (custom)
2019-07-14 00:44:55,852 INFO  server.RaftServerConfigKeys (ConfUtils.java:logGet(43)) - raft.server.log.purge.gap = 1000000000 (custom)
2019-07-14 00:44:55,852 INFO  server.RaftServerConfigKeys (ConfUtils.java:logGet(43)) - raft.server.log.segment.size.max = 1048576 (custom)
2019-07-14 00:44:55,852 INFO  server.RaftServerConfigKeys (ConfUtils.java:logGet(43)) - raft.server.log.purge.gap = 1000000000 (custom)
2019-07-14 00:44:55,853 INFO  server.RaftServerConfigKeys (ConfUtils.java:logGet(43)) - raft.server.log.segment.cache.num.max = 2 (custom)
2019-07-14 00:44:55,852 INFO  server.RaftServerConfigKeys (ConfUtils.java:logGet(43)) - raft.server.log.appender.buffer.byte-limit = 33554432 (custom)
2019-07-14 00:44:55,853 INFO  segmented.SegmentedRaftLogWorker (SegmentedRaftLogWorker.java:<init>(172)) - new 506685dc-188a-4fda-80b3-5cfd988a5ff6-SegmentedRaftLogWorker:Storage Directory /tmp/workdir/hadoop-ozone/integration-test/target/test-dir/MiniOzoneClusterImpl-9ec94e0c-450e-4dd1-984a-a0d71f418af7/datanode-2/data/ratis/087ea731-58b4-4d75-8c27-8ec2a62e8276 for RaftStorage:Storage Directory /tmp/workdir/hadoop-ozone/integration-test/target/test-dir/MiniOzoneClusterImpl-9ec94e0c-450e-4dd1-984a-a0d71f418af7/datanode-2/data/ratis/087ea731-58b4-4d75-8c27-8ec2a62e8276
2019-07-14 00:44:55,853 INFO  server.RaftServerConfigKeys (ConfUtils.java:logGet(43)) - raft.server.log.appender.buffer.byte-limit = 33554432 (custom)
2019-07-14 00:44:55,853 INFO  server.RaftServerConfigKeys (ConfUtils.java:logGet(43)) - raft.server.log.queue.byte-limit = 2147483647 (custom)
2019-07-14 00:44:55,853 INFO  server.RaftServerConfigKeys (ConfUtils.java:logGet(43)) - raft.server.log.segment.size.max = 1048576 (custom)
2019-07-14 00:44:55,855 INFO  server.RaftServerConfigKeys (ConfUtils.java:logGet(43)) - raft.server.log.queue.element-limit = 1024 (custom)
2019-07-14 00:44:55,855 INFO  server.RaftServerConfigKeys (ConfUtils.java:logGet(43)) - raft.server.log.segment.size.max = 1048576 (custom)
2019-07-14 00:44:55,856 INFO  server.RaftServerConfigKeys (ConfUtils.java:logGet(43)) - raft.server.log.segment.size.max = 1048576 (custom)
2019-07-14 00:44:55,855 INFO  server.RaftServerConfigKeys (ConfUtils.java:logGet(43)) - raft.server.log.segment.cache.num.max = 2 (custom)
2019-07-14 00:44:55,856 INFO  server.RaftServerConfigKeys (ConfUtils.java:logGet(43)) - raft.server.log.preallocated.size = 16384 (custom)
2019-07-14 00:44:55,856 INFO  server.RaftServerConfigKeys (ConfUtils.java:logGet(43)) - raft.server.log.segment.cache.num.max = 2 (custom)
2019-07-14 00:44:55,856 INFO  server.RaftServerConfigKeys (ConfUtils.java:logGet(43)) - raft.server.log.write.buffer.size = 33554432 (custom)
2019-07-14 00:44:55,856 INFO  segmented.SegmentedRaftLogWorker (SegmentedRaftLogWorker.java:<init>(172)) - new 3dae385e-6267-41e3-b75e-2f59c3d5ae61-SegmentedRaftLogWorker:Storage Directory /tmp/workdir/hadoop-ozone/integration-test/target/test-dir/MiniOzoneClusterImpl-9ec94e0c-450e-4dd1-984a-a0d71f418af7/datanode-0/data/ratis/087ea731-58b4-4d75-8c27-8ec2a62e8276 for RaftStorage:Storage Directory /tmp/workdir/hadoop-ozone/integration-test/target/test-dir/MiniOzoneClusterImpl-9ec94e0c-450e-4dd1-984a-a0d71f418af7/datanode-0/data/ratis/087ea731-58b4-4d75-8c27-8ec2a62e8276
2019-07-14 00:44:55,857 INFO  server.RaftServerConfigKeys (ConfUtils.java:logGet(43)) - raft.server.log.force.sync.num = 128 (default)
2019-07-14 00:44:55,856 INFO  segmented.SegmentedRaftLogWorker (SegmentedRaftLogWorker.java:<init>(172)) - new 16e41bcf-d4c6-45ef-9434-e9ed1f38239a-SegmentedRaftLogWorker:Storage Directory /tmp/workdir/hadoop-ozone/integration-test/target/test-dir/MiniOzoneClusterImpl-9ec94e0c-450e-4dd1-984a-a0d71f418af7/datanode-4/data/ratis/087ea731-58b4-4d75-8c27-8ec2a62e8276 for RaftStorage:Storage Directory /tmp/workdir/hadoop-ozone/integration-test/target/test-dir/MiniOzoneClusterImpl-9ec94e0c-450e-4dd1-984a-a0d71f418af7/datanode-4/data/ratis/087ea731-58b4-4d75-8c27-8ec2a62e8276
2019-07-14 00:44:55,857 INFO  server.RaftServerConfigKeys (ConfUtils.java:logGet(43)) - raft.server.log.statemachine.data.sync = true (default)
2019-07-14 00:44:55,857 INFO  server.RaftServerConfigKeys (ConfUtils.java:logGet(43)) - raft.server.log.queue.byte-limit = 2147483647 (custom)
2019-07-14 00:44:55,861 INFO  server.RaftServerConfigKeys (ConfUtils.java:logGet(43)) - raft.server.log.statemachine.data.sync.timeout = 10s (default)
2019-07-14 00:44:55,859 INFO  server.RaftServerConfigKeys (ConfUtils.java:logGet(43)) - raft.server.log.queue.byte-limit = 2147483647 (custom)
2019-07-14 00:44:55,861 INFO  server.RaftServerConfigKeys (ConfUtils.java:logGet(43)) - raft.server.log.statemachine.data.sync.timeout.retry = -1 (default)
2019-07-14 00:44:55,861 INFO  server.RaftServerConfigKeys (ConfUtils.java:logGet(43)) - raft.server.log.queue.element-limit = 1024 (custom)
2019-07-14 00:44:55,861 INFO  server.RaftServerConfigKeys (ConfUtils.java:logGet(43)) - raft.server.log.queue.element-limit = 1024 (custom)
2019-07-14 00:44:55,862 INFO  server.RaftServerConfigKeys (ConfUtils.java:logGet(43)) - raft.server.log.segment.size.max = 1048576 (custom)
2019-07-14 00:44:55,862 INFO  server.RaftServerConfigKeys (ConfUtils.java:logGet(43)) - raft.server.log.statemachine.data.caching.enabled = true (custom)
2019-07-14 00:44:55,862 INFO  server.RaftServerConfigKeys (ConfUtils.java:logGet(43)) - raft.server.log.preallocated.size = 16384 (custom)
2019-07-14 00:44:55,862 INFO  server.RaftServerConfigKeys (ConfUtils.java:logGet(43)) - raft.server.log.write.buffer.size = 33554432 (custom)
2019-07-14 00:44:55,862 INFO  server.RaftServerConfigKeys (ConfUtils.java:logGet(43)) - raft.server.log.segment.size.max = 1048576 (custom)
2019-07-14 00:44:55,862 INFO  server.RaftServerConfigKeys (ConfUtils.java:logGet(43)) - raft.server.log.force.sync.num = 128 (default)
2019-07-14 00:44:55,862 INFO  segmented.SegmentedRaftLogWorker (SegmentedRaftLogWorker.java:lambda$new$0(132)) - 506685dc-188a-4fda-80b3-5cfd988a5ff6-SegmentedRaftLogWorker:Storage Directory /tmp/workdir/hadoop-ozone/integration-test/target/test-dir/MiniOzoneClusterImpl-9ec94e0c-450e-4dd1-984a-a0d71f418af7/datanode-2/data/ratis/087ea731-58b4-4d75-8c27-8ec2a62e8276: flushIndex: setUnconditionally 0 -> -1
2019-07-14 00:44:55,863 INFO  server.RaftServerConfigKeys (ConfUtils.java:logGet(43)) - raft.server.log.statemachine.data.sync = true (default)
2019-07-14 00:44:55,863 INFO  server.RaftServerConfigKeys (ConfUtils.java:logGet(43)) - raft.server.log.preallocated.size = 16384 (custom)
2019-07-14 00:44:55,863 INFO  server.RaftServerConfigKeys (ConfUtils.java:logGet(43)) - raft.server.snapshot.auto.trigger.enabled = true (custom)
2019-07-14 00:44:55,863 INFO  server.RaftServerConfigKeys (ConfUtils.java:logGet(43)) - raft.server.log.statemachine.data.sync.timeout = 10s (default)
2019-07-14 00:44:55,863 INFO  server.RaftServerConfigKeys (ConfUtils.java:logGet(43)) - raft.server.snapshot.auto.trigger.threshold = 10000 (custom)
2019-07-14 00:44:55,863 INFO  server.RaftServerConfigKeys (ConfUtils.java:logGet(43)) - raft.server.log.write.buffer.size = 33554432 (custom)
2019-07-14 00:44:55,864 INFO  server.RaftServerConfigKeys (ConfUtils.java:logGet(43)) - raft.server.retrycache.expirytime = 600000ms (custom)
2019-07-14 00:44:55,863 INFO  server.RaftServerConfigKeys (ConfUtils.java:logGet(43)) - raft.server.log.statemachine.data.sync.timeout.retry = -1 (default)
2019-07-14 00:44:55,864 INFO  impl.RaftServerImpl (RaftServerImpl.java:start(180)) - 506685dc-188a-4fda-80b3-5cfd988a5ff6: start group-8EC2A62E8276
2019-07-14 00:44:55,864 INFO  server.RaftServerConfigKeys (ConfUtils.java:logGet(43)) - raft.server.log.force.sync.num = 128 (default)
2019-07-14 00:44:55,864 INFO  impl.RaftServerImpl (RaftServerImpl.java:setRole(171)) - 506685dc-188a-4fda-80b3-5cfd988a5ff6:group-8EC2A62E8276 changes role from null to FOLLOWER at term 0 for startAsFollower
2019-07-14 00:44:55,864 INFO  server.RaftServerConfigKeys (ConfUtils.java:logGet(43)) - raft.server.log.statemachine.data.caching.enabled = true (custom)
2019-07-14 00:44:55,865 INFO  impl.RoleInfo (RoleInfo.java:updateAndGet(143)) - 506685dc-188a-4fda-80b3-5cfd988a5ff6: start FollowerState
2019-07-14 00:44:55,864 INFO  server.RaftServerConfigKeys (ConfUtils.java:logGet(43)) - raft.server.log.statemachine.data.sync = true (default)
2019-07-14 00:44:55,865 INFO  segmented.SegmentedRaftLogWorker (SegmentedRaftLogWorker.java:lambda$new$0(132)) - 3dae385e-6267-41e3-b75e-2f59c3d5ae61-SegmentedRaftLogWorker:Storage Directory /tmp/workdir/hadoop-ozone/integration-test/target/test-dir/MiniOzoneClusterImpl-9ec94e0c-450e-4dd1-984a-a0d71f418af7/datanode-0/data/ratis/087ea731-58b4-4d75-8c27-8ec2a62e8276: flushIndex: setUnconditionally 0 -> -1
2019-07-14 00:44:55,865 INFO  server.RaftServerConfigKeys (ConfUtils.java:logGet(43)) - raft.server.log.statemachine.data.sync.timeout = 10s (default)
2019-07-14 00:44:55,865 INFO  server.RaftServerConfigKeys (ConfUtils.java:logGet(43)) - raft.server.snapshot.auto.trigger.enabled = true (custom)
2019-07-14 00:44:55,865 INFO  util.JmxRegister (JmxRegister.java:tryRegister(44)) - Successfully registered JMX Bean with object name Ratis:service=RaftServer,group=group-8EC2A62E8276,id=506685dc-188a-4fda-80b3-5cfd988a5ff6
2019-07-14 00:44:55,865 INFO  server.RaftServerConfigKeys (ConfUtils.java:logGet(43)) - raft.server.snapshot.auto.trigger.threshold = 10000 (custom)
2019-07-14 00:44:55,865 INFO  server.RaftServerConfigKeys (ConfUtils.java:logGet(43)) - raft.server.log.statemachine.data.sync.timeout.retry = -1 (default)
2019-07-14 00:44:55,866 INFO  server.RaftServerConfigKeys (ConfUtils.java:logGet(43)) - raft.server.retrycache.expirytime = 600000ms (custom)
2019-07-14 00:44:55,866 INFO  impl.RaftServerImpl (RaftServerImpl.java:start(180)) - 3dae385e-6267-41e3-b75e-2f59c3d5ae61: start group-8EC2A62E8276
2019-07-14 00:44:55,866 INFO  server.RaftServerConfigKeys (ConfUtils.java:logGet(43)) - raft.server.log.statemachine.data.caching.enabled = true (custom)
2019-07-14 00:44:55,866 INFO  impl.RaftServerImpl (RaftServerImpl.java:setRole(171)) - 3dae385e-6267-41e3-b75e-2f59c3d5ae61:group-8EC2A62E8276 changes role from null to FOLLOWER at term 0 for startAsFollower
2019-07-14 00:44:55,867 INFO  impl.RoleInfo (RoleInfo.java:updateAndGet(143)) - 3dae385e-6267-41e3-b75e-2f59c3d5ae61: start FollowerState
2019-07-14 00:44:55,867 INFO  segmented.SegmentedRaftLogWorker (SegmentedRaftLogWorker.java:lambda$new$0(132)) - 16e41bcf-d4c6-45ef-9434-e9ed1f38239a-SegmentedRaftLogWorker:Storage Directory /tmp/workdir/hadoop-ozone/integration-test/target/test-dir/MiniOzoneClusterImpl-9ec94e0c-450e-4dd1-984a-a0d71f418af7/datanode-4/data/ratis/087ea731-58b4-4d75-8c27-8ec2a62e8276: flushIndex: setUnconditionally 0 -> -1
2019-07-14 00:44:55,867 INFO  util.JmxRegister (JmxRegister.java:tryRegister(44)) - Successfully registered JMX Bean with object name Ratis:service=RaftServer,group=group-8EC2A62E8276,id=3dae385e-6267-41e3-b75e-2f59c3d5ae61
2019-07-14 00:44:55,867 INFO  server.RaftServerConfigKeys (ConfUtils.java:logGet(43)) - raft.server.snapshot.auto.trigger.enabled = true (custom)
2019-07-14 00:44:55,867 INFO  server.RaftServerConfigKeys (ConfUtils.java:logGet(43)) - raft.server.snapshot.auto.trigger.threshold = 10000 (custom)
2019-07-14 00:44:55,867 INFO  server.RaftServerConfigKeys (ConfUtils.java:logGet(43)) - raft.server.retrycache.expirytime = 600000ms (custom)
2019-07-14 00:44:55,868 INFO  impl.RaftServerImpl (RaftServerImpl.java:start(180)) - 16e41bcf-d4c6-45ef-9434-e9ed1f38239a: start group-8EC2A62E8276
2019-07-14 00:44:55,868 INFO  impl.RaftServerImpl (RaftServerImpl.java:setRole(171)) - 16e41bcf-d4c6-45ef-9434-e9ed1f38239a:group-8EC2A62E8276 changes role from null to FOLLOWER at term 0 for startAsFollower
2019-07-14 00:44:55,868 INFO  impl.RoleInfo (RoleInfo.java:updateAndGet(143)) - 16e41bcf-d4c6-45ef-9434-e9ed1f38239a: start FollowerState
2019-07-14 00:44:55,870 INFO  util.JmxRegister (JmxRegister.java:tryRegister(44)) - Successfully registered JMX Bean with object name Ratis:service=RaftServer,group=group-8EC2A62E8276,id=16e41bcf-d4c6-45ef-9434-e9ed1f38239a
2019-07-14 00:44:55,896 INFO  pipeline.PipelineStateManager (PipelineStateManager.java:addPipeline(56)) - Created pipeline Pipeline[ Id: 087ea731-58b4-4d75-8c27-8ec2a62e8276, Nodes: 3dae385e-6267-41e3-b75e-2f59c3d5ae61{ip: 192.168.157.230, host: trunk-nightly-sxkq5-3320257302, networkLocation: /default-rack, certSerialId: null}506685dc-188a-4fda-80b3-5cfd988a5ff6{ip: 192.168.157.230, host: trunk-nightly-sxkq5-3320257302, networkLocation: /default-rack, certSerialId: null}16e41bcf-d4c6-45ef-9434-e9ed1f38239a{ip: 192.168.157.230, host: trunk-nightly-sxkq5-3320257302, networkLocation: /default-rack, certSerialId: null}, Type:RATIS, Factor:THREE, State:OPEN]
2019-07-14 00:44:55,930 INFO  rpc.RpcClient (RpcClient.java:createBucket(424)) - Creating Bucket: testblockoutputstreamwithretries/testblockoutputstreamwithretries, with Versioning false and Storage Type set to DISK and Encryption set to false 
2019-07-14 00:44:55,937 INFO  impl.RaftServerProxy (RaftServerProxy.java:addNew(89)) - 8d84ade6-f7de-47b8-9370-abe99a0ad98a: addNew group-2270EE281D7E:[9a33bc45-9b26-45b5-95ca-43aeeb6454e9:192.168.157.230:39161, 848b32c1-d13e-4445-99ad-9e1b3960d4ad:192.168.157.230:40554, 8d84ade6-f7de-47b8-9370-abe99a0ad98a:192.168.157.230:34242] returns group-2270EE281D7E:java.util.concurrent.CompletableFuture@2d3a762c[Not completed]
2019-07-14 00:44:55,937 INFO  impl.RaftServerProxy (RaftServerProxy.java:addNew(89)) - 848b32c1-d13e-4445-99ad-9e1b3960d4ad: addNew group-2270EE281D7E:[9a33bc45-9b26-45b5-95ca-43aeeb6454e9:192.168.157.230:39161, 848b32c1-d13e-4445-99ad-9e1b3960d4ad:192.168.157.230:40554, 8d84ade6-f7de-47b8-9370-abe99a0ad98a:192.168.157.230:34242] returns group-2270EE281D7E:java.util.concurrent.CompletableFuture@30fd8f69[Not completed]
2019-07-14 00:44:55,939 INFO  impl.RaftServerProxy (RaftServerProxy.java:addNew(89)) - 9a33bc45-9b26-45b5-95ca-43aeeb6454e9: addNew group-2270EE281D7E:[9a33bc45-9b26-45b5-95ca-43aeeb6454e9:192.168.157.230:39161, 848b32c1-d13e-4445-99ad-9e1b3960d4ad:192.168.157.230:40554, 8d84ade6-f7de-47b8-9370-abe99a0ad98a:192.168.157.230:34242] returns group-2270EE281D7E:java.util.concurrent.CompletableFuture@7c06314e[Not completed]
2019-07-14 00:44:55,941 INFO  impl.RaftServerImpl (RaftServerImpl.java:<init>(93)) - 8d84ade6-f7de-47b8-9370-abe99a0ad98a: new RaftServerImpl for group-2270EE281D7E:[9a33bc45-9b26-45b5-95ca-43aeeb6454e9:192.168.157.230:39161, 848b32c1-d13e-4445-99ad-9e1b3960d4ad:192.168.157.230:40554, 8d84ade6-f7de-47b8-9370-abe99a0ad98a:192.168.157.230:34242] with ContainerStateMachine:uninitialized
2019-07-14 00:44:55,941 INFO  server.RaftServerConfigKeys (ConfUtils.java:logGet(43)) - raft.server.rpc.timeout.min = 5s (custom)
2019-07-14 00:44:55,941 INFO  server.RaftServerConfigKeys (ConfUtils.java:logGet(43)) - raft.server.rpc.timeout.max = 5200ms (custom)
2019-07-14 00:44:55,941 INFO  server.RaftServerConfigKeys (ConfUtils.java:logGet(43)) - raft.server.rpcslowness.timeout = 120s (custom)
2019-07-14 00:44:55,941 INFO  server.RaftServerConfigKeys (ConfUtils.java:logGet(43)) - raft.server.sleep.deviation.threshold = 300 (default)
2019-07-14 00:44:55,941 INFO  server.RaftServerConfigKeys (ConfUtils.java:logGet(43)) - raft.server.log.appender.install.snapshot.enabled = false (custom)
2019-07-14 00:44:55,941 INFO  impl.RaftServerImpl (RaftServerImpl.java:<init>(93)) - 848b32c1-d13e-4445-99ad-9e1b3960d4ad: new RaftServerImpl for group-2270EE281D7E:[9a33bc45-9b26-45b5-95ca-43aeeb6454e9:192.168.157.230:39161, 848b32c1-d13e-4445-99ad-9e1b3960d4ad:192.168.157.230:40554, 8d84ade6-f7de-47b8-9370-abe99a0ad98a:192.168.157.230:34242] with ContainerStateMachine:uninitialized
2019-07-14 00:44:55,942 INFO  impl.RaftServerImpl (ServerState.java:<init>(105)) - 8d84ade6-f7de-47b8-9370-abe99a0ad98a:group-2270EE281D7E ConfigurationManager, init=-1: [9a33bc45-9b26-45b5-95ca-43aeeb6454e9:192.168.157.230:39161, 848b32c1-d13e-4445-99ad-9e1b3960d4ad:192.168.157.230:40554, 8d84ade6-f7de-47b8-9370-abe99a0ad98a:192.168.157.230:34242], old=null, confs=<EMPTY_MAP>
2019-07-14 00:44:55,942 INFO  server.RaftServerConfigKeys (ConfUtils.java:logGet(43)) - raft.server.rpc.timeout.min = 5s (custom)
2019-07-14 00:44:55,942 INFO  server.RaftServerConfigKeys (ConfUtils.java:logGet(43)) - raft.server.storage.dir = [/tmp/workdir/hadoop-ozone/integration-test/target/test-dir/MiniOzoneClusterImpl-9ec94e0c-450e-4dd1-984a-a0d71f418af7/datanode-6/data/ratis] (custom)
2019-07-14 00:44:55,942 INFO  server.RaftServerConfigKeys (ConfUtils.java:logGet(43)) - raft.server.rpc.timeout.max = 5200ms (custom)
2019-07-14 00:44:55,942 INFO  impl.RaftServerImpl (RaftServerImpl.java:<init>(93)) - 9a33bc45-9b26-45b5-95ca-43aeeb6454e9: new RaftServerImpl for group-2270EE281D7E:[9a33bc45-9b26-45b5-95ca-43aeeb6454e9:192.168.157.230:39161, 848b32c1-d13e-4445-99ad-9e1b3960d4ad:192.168.157.230:40554, 8d84ade6-f7de-47b8-9370-abe99a0ad98a:192.168.157.230:34242] with ContainerStateMachine:uninitialized
2019-07-14 00:44:55,942 INFO  server.RaftServerConfigKeys (ConfUtils.java:logGet(43)) - raft.server.rpcslowness.timeout = 120s (custom)
2019-07-14 00:44:55,942 INFO  storage.RaftStorageDirectory (RaftStorageDirectory.java:analyzeStorage(246)) - The storage directory /tmp/workdir/hadoop-ozone/integration-test/target/test-dir/MiniOzoneClusterImpl-9ec94e0c-450e-4dd1-984a-a0d71f418af7/datanode-6/data/ratis/06e6b231-4478-4817-a5cf-2270ee281d7e does not exist. Creating ...
2019-07-14 00:44:55,942 INFO  server.RaftServerConfigKeys (ConfUtils.java:logGet(43)) - raft.server.rpc.timeout.min = 5s (custom)
2019-07-14 00:44:55,943 INFO  server.RaftServerConfigKeys (ConfUtils.java:logGet(43)) - raft.server.sleep.deviation.threshold = 300 (default)
2019-07-14 00:44:55,943 INFO  server.RaftServerConfigKeys (ConfUtils.java:logGet(43)) - raft.server.rpc.timeout.max = 5200ms (custom)
2019-07-14 00:44:55,943 INFO  server.RaftServerConfigKeys (ConfUtils.java:logGet(43)) - raft.server.log.appender.install.snapshot.enabled = false (custom)
2019-07-14 00:44:55,943 INFO  server.RaftServerConfigKeys (ConfUtils.java:logGet(43)) - raft.server.rpcslowness.timeout = 120s (custom)
2019-07-14 00:44:55,943 INFO  impl.RaftServerImpl (ServerState.java:<init>(105)) - 848b32c1-d13e-4445-99ad-9e1b3960d4ad:group-2270EE281D7E ConfigurationManager, init=-1: [9a33bc45-9b26-45b5-95ca-43aeeb6454e9:192.168.157.230:39161, 848b32c1-d13e-4445-99ad-9e1b3960d4ad:192.168.157.230:40554, 8d84ade6-f7de-47b8-9370-abe99a0ad98a:192.168.157.230:34242], old=null, confs=<EMPTY_MAP>
2019-07-14 00:44:55,943 INFO  server.RaftServerConfigKeys (ConfUtils.java:logGet(43)) - raft.server.sleep.deviation.threshold = 300 (default)
2019-07-14 00:44:55,944 INFO  server.RaftServerConfigKeys (ConfUtils.java:logGet(43)) - raft.server.storage.dir = [/tmp/workdir/hadoop-ozone/integration-test/target/test-dir/MiniOzoneClusterImpl-9ec94e0c-450e-4dd1-984a-a0d71f418af7/datanode-3/data/ratis] (custom)
2019-07-14 00:44:55,944 INFO  server.RaftServerConfigKeys (ConfUtils.java:logGet(43)) - raft.server.log.appender.install.snapshot.enabled = false (custom)
2019-07-14 00:44:55,944 INFO  impl.RaftServerImpl (ServerState.java:<init>(105)) - 9a33bc45-9b26-45b5-95ca-43aeeb6454e9:group-2270EE281D7E ConfigurationManager, init=-1: [9a33bc45-9b26-45b5-95ca-43aeeb6454e9:192.168.157.230:39161, 848b32c1-d13e-4445-99ad-9e1b3960d4ad:192.168.157.230:40554, 8d84ade6-f7de-47b8-9370-abe99a0ad98a:192.168.157.230:34242], old=null, confs=<EMPTY_MAP>
2019-07-14 00:44:55,944 INFO  storage.RaftStorageDirectory (RaftStorageDirectory.java:analyzeStorage(246)) - The storage directory /tmp/workdir/hadoop-ozone/integration-test/target/test-dir/MiniOzoneClusterImpl-9ec94e0c-450e-4dd1-984a-a0d71f418af7/datanode-3/data/ratis/06e6b231-4478-4817-a5cf-2270ee281d7e does not exist. Creating ...
2019-07-14 00:44:55,944 INFO  server.RaftServerConfigKeys (ConfUtils.java:logGet(43)) - raft.server.storage.dir = [/tmp/workdir/hadoop-ozone/integration-test/target/test-dir/MiniOzoneClusterImpl-9ec94e0c-450e-4dd1-984a-a0d71f418af7/datanode-1/data/ratis] (custom)
2019-07-14 00:44:55,944 INFO  storage.RaftStorageDirectory (RaftStorageDirectory.java:analyzeStorage(246)) - The storage directory /tmp/workdir/hadoop-ozone/integration-test/target/test-dir/MiniOzoneClusterImpl-9ec94e0c-450e-4dd1-984a-a0d71f418af7/datanode-1/data/ratis/06e6b231-4478-4817-a5cf-2270ee281d7e does not exist. Creating ...
2019-07-14 00:44:55,957 INFO  storage.RaftStorageDirectory (RaftStorageDirectory.java:tryLock(328)) - Lock on /tmp/workdir/hadoop-ozone/integration-test/target/test-dir/MiniOzoneClusterImpl-9ec94e0c-450e-4dd1-984a-a0d71f418af7/datanode-3/data/ratis/06e6b231-4478-4817-a5cf-2270ee281d7e/in_use.lock acquired by nodename 24808@trunk-nightly-sxkq5-3320257302
2019-07-14 00:44:55,957 INFO  storage.RaftStorageDirectory (RaftStorageDirectory.java:tryLock(328)) - Lock on /tmp/workdir/hadoop-ozone/integration-test/target/test-dir/MiniOzoneClusterImpl-9ec94e0c-450e-4dd1-984a-a0d71f418af7/datanode-6/data/ratis/06e6b231-4478-4817-a5cf-2270ee281d7e/in_use.lock acquired by nodename 24808@trunk-nightly-sxkq5-3320257302
2019-07-14 00:44:55,957 INFO  storage.RaftStorageDirectory (RaftStorageDirectory.java:tryLock(328)) - Lock on /tmp/workdir/hadoop-ozone/integration-test/target/test-dir/MiniOzoneClusterImpl-9ec94e0c-450e-4dd1-984a-a0d71f418af7/datanode-1/data/ratis/06e6b231-4478-4817-a5cf-2270ee281d7e/in_use.lock acquired by nodename 24808@trunk-nightly-sxkq5-3320257302
2019-07-14 00:44:55,970 INFO  storage.RaftStorage (RaftStorage.java:format(72)) - Storage directory /tmp/workdir/hadoop-ozone/integration-test/target/test-dir/MiniOzoneClusterImpl-9ec94e0c-450e-4dd1-984a-a0d71f418af7/datanode-1/data/ratis/06e6b231-4478-4817-a5cf-2270ee281d7e has been successfully formatted.
2019-07-14 00:44:55,970 INFO  storage.RaftStorage (RaftStorage.java:format(72)) - Storage directory /tmp/workdir/hadoop-ozone/integration-test/target/test-dir/MiniOzoneClusterImpl-9ec94e0c-450e-4dd1-984a-a0d71f418af7/datanode-6/data/ratis/06e6b231-4478-4817-a5cf-2270ee281d7e has been successfully formatted.
2019-07-14 00:44:55,970 INFO  storage.RaftStorage (RaftStorage.java:format(72)) - Storage directory /tmp/workdir/hadoop-ozone/integration-test/target/test-dir/MiniOzoneClusterImpl-9ec94e0c-450e-4dd1-984a-a0d71f418af7/datanode-3/data/ratis/06e6b231-4478-4817-a5cf-2270ee281d7e has been successfully formatted.
2019-07-14 00:44:55,971 INFO  ratis.ContainerStateMachine (ContainerStateMachine.java:loadSnapshot(200)) - The snapshot info is null.Setting the last applied index to:(t:0, i:~)
2019-07-14 00:44:55,971 INFO  ratis.ContainerStateMachine (ContainerStateMachine.java:loadSnapshot(200)) - The snapshot info is null.Setting the last applied index to:(t:0, i:~)
2019-07-14 00:44:55,971 INFO  server.RaftServerConfigKeys (ConfUtils.java:logGet(43)) - raft.server.leader.election.timeout = 120s (custom)
2019-07-14 00:44:55,971 INFO  ratis.ContainerStateMachine (ContainerStateMachine.java:loadSnapshot(200)) - The snapshot info is null.Setting the last applied index to:(t:0, i:~)
2019-07-14 00:44:55,971 INFO  server.RaftServerConfigKeys (ConfUtils.java:logGet(43)) - raft.server.log.use.memory = false (default)
2019-07-14 00:44:55,971 INFO  server.RaftServerConfigKeys (ConfUtils.java:logGet(43)) - raft.server.leader.election.timeout = 120s (custom)
2019-07-14 00:44:55,972 INFO  server.RaftServerConfigKeys (ConfUtils.java:logGet(43)) - raft.server.log.purge.gap = 1000000000 (custom)
2019-07-14 00:44:55,971 INFO  server.RaftServerConfigKeys (ConfUtils.java:logGet(43)) - raft.server.leader.election.timeout = 120s (custom)
2019-07-14 00:44:55,972 INFO  server.RaftServerConfigKeys (ConfUtils.java:logGet(43)) - raft.server.log.appender.buffer.byte-limit = 33554432 (custom)
2019-07-14 00:44:55,972 INFO  server.RaftServerConfigKeys (ConfUtils.java:logGet(43)) - raft.server.log.use.memory = false (default)
2019-07-14 00:44:55,972 INFO  server.RaftServerConfigKeys (ConfUtils.java:logGet(43)) - raft.server.log.segment.size.max = 1048576 (custom)
2019-07-14 00:44:55,972 INFO  server.RaftServerConfigKeys (ConfUtils.java:logGet(43)) - raft.server.log.use.memory = false (default)
2019-07-14 00:44:55,972 INFO  server.RaftServerConfigKeys (ConfUtils.java:logGet(43)) - raft.server.log.segment.cache.num.max = 2 (custom)
2019-07-14 00:44:55,972 INFO  server.RaftServerConfigKeys (ConfUtils.java:logGet(43)) - raft.server.log.purge.gap = 1000000000 (custom)
2019-07-14 00:44:55,974 INFO  segmented.SegmentedRaftLogWorker (SegmentedRaftLogWorker.java:<init>(172)) - new 9a33bc45-9b26-45b5-95ca-43aeeb6454e9-SegmentedRaftLogWorker:Storage Directory /tmp/workdir/hadoop-ozone/integration-test/target/test-dir/MiniOzoneClusterImpl-9ec94e0c-450e-4dd1-984a-a0d71f418af7/datanode-1/data/ratis/06e6b231-4478-4817-a5cf-2270ee281d7e for RaftStorage:Storage Directory /tmp/workdir/hadoop-ozone/integration-test/target/test-dir/MiniOzoneClusterImpl-9ec94e0c-450e-4dd1-984a-a0d71f418af7/datanode-1/data/ratis/06e6b231-4478-4817-a5cf-2270ee281d7e
2019-07-14 00:44:55,973 INFO  server.RaftServerConfigKeys (ConfUtils.java:logGet(43)) - raft.server.log.purge.gap = 1000000000 (custom)
2019-07-14 00:44:55,975 INFO  server.RaftServerConfigKeys (ConfUtils.java:logGet(43)) - raft.server.log.queue.byte-limit = 2147483647 (custom)
2019-07-14 00:44:55,975 INFO  server.RaftServerConfigKeys (ConfUtils.java:logGet(43)) - raft.server.log.appender.buffer.byte-limit = 33554432 (custom)
2019-07-14 00:44:55,977 INFO  server.RaftServerConfigKeys (ConfUtils.java:logGet(43)) - raft.server.log.queue.element-limit = 1024 (custom)
2019-07-14 00:44:55,975 INFO  server.RaftServerConfigKeys (ConfUtils.java:logGet(43)) - raft.server.log.appender.buffer.byte-limit = 33554432 (custom)
2019-07-14 00:44:55,977 INFO  server.RaftServerConfigKeys (ConfUtils.java:logGet(43)) - raft.server.log.segment.size.max = 1048576 (custom)
2019-07-14 00:44:55,977 INFO  server.RaftServerConfigKeys (ConfUtils.java:logGet(43)) - raft.server.log.segment.size.max = 1048576 (custom)
2019-07-14 00:44:55,978 INFO  server.RaftServerConfigKeys (ConfUtils.java:logGet(43)) - raft.server.log.preallocated.size = 16384 (custom)
2019-07-14 00:44:55,978 INFO  server.RaftServerConfigKeys (ConfUtils.java:logGet(43)) - raft.server.log.segment.size.max = 1048576 (custom)
2019-07-14 00:44:55,978 INFO  server.RaftServerConfigKeys (ConfUtils.java:logGet(43)) - raft.server.log.write.buffer.size = 33554432 (custom)
2019-07-14 00:44:55,978 INFO  server.RaftServerConfigKeys (ConfUtils.java:logGet(43)) - raft.server.log.segment.cache.num.max = 2 (custom)
2019-07-14 00:44:55,978 INFO  server.RaftServerConfigKeys (ConfUtils.java:logGet(43)) - raft.server.log.force.sync.num = 128 (default)
2019-07-14 00:44:55,978 INFO  server.RaftServerConfigKeys (ConfUtils.java:logGet(43)) - raft.server.log.segment.cache.num.max = 2 (custom)
2019-07-14 00:44:55,979 INFO  server.RaftServerConfigKeys (ConfUtils.java:logGet(43)) - raft.server.log.statemachine.data.sync = true (default)
2019-07-14 00:44:55,978 INFO  segmented.SegmentedRaftLogWorker (SegmentedRaftLogWorker.java:<init>(172)) - new 8d84ade6-f7de-47b8-9370-abe99a0ad98a-SegmentedRaftLogWorker:Storage Directory /tmp/workdir/hadoop-ozone/integration-test/target/test-dir/MiniOzoneClusterImpl-9ec94e0c-450e-4dd1-984a-a0d71f418af7/datanode-6/data/ratis/06e6b231-4478-4817-a5cf-2270ee281d7e for RaftStorage:Storage Directory /tmp/workdir/hadoop-ozone/integration-test/target/test-dir/MiniOzoneClusterImpl-9ec94e0c-450e-4dd1-984a-a0d71f418af7/datanode-6/data/ratis/06e6b231-4478-4817-a5cf-2270ee281d7e
2019-07-14 00:44:55,979 INFO  server.RaftServerConfigKeys (ConfUtils.java:logGet(43)) - raft.server.log.statemachine.data.sync.timeout = 10s (default)
2019-07-14 00:44:55,979 INFO  segmented.SegmentedRaftLogWorker (SegmentedRaftLogWorker.java:<init>(172)) - new 848b32c1-d13e-4445-99ad-9e1b3960d4ad-SegmentedRaftLogWorker:Storage Directory /tmp/workdir/hadoop-ozone/integration-test/target/test-dir/MiniOzoneClusterImpl-9ec94e0c-450e-4dd1-984a-a0d71f418af7/datanode-3/data/ratis/06e6b231-4478-4817-a5cf-2270ee281d7e for RaftStorage:Storage Directory /tmp/workdir/hadoop-ozone/integration-test/target/test-dir/MiniOzoneClusterImpl-9ec94e0c-450e-4dd1-984a-a0d71f418af7/datanode-3/data/ratis/06e6b231-4478-4817-a5cf-2270ee281d7e
2019-07-14 00:44:55,979 INFO  server.RaftServerConfigKeys (ConfUtils.java:logGet(43)) - raft.server.log.statemachine.data.sync.timeout.retry = -1 (default)
2019-07-14 00:44:55,979 INFO  server.RaftServerConfigKeys (ConfUtils.java:logGet(43)) - raft.server.log.queue.byte-limit = 2147483647 (custom)
2019-07-14 00:44:55,981 INFO  server.RaftServerConfigKeys (ConfUtils.java:logGet(43)) - raft.server.log.queue.byte-limit = 2147483647 (custom)
2019-07-14 00:44:55,983 INFO  server.RaftServerConfigKeys (ConfUtils.java:logGet(43)) - raft.server.log.statemachine.data.caching.enabled = true (custom)
2019-07-14 00:44:55,983 INFO  server.RaftServerConfigKeys (ConfUtils.java:logGet(43)) - raft.server.log.queue.element-limit = 1024 (custom)
2019-07-14 00:44:55,984 INFO  server.RaftServerConfigKeys (ConfUtils.java:logGet(43)) - raft.server.log.queue.element-limit = 1024 (custom)
2019-07-14 00:44:55,985 INFO  segmented.SegmentedRaftLogWorker (SegmentedRaftLogWorker.java:lambda$new$0(132)) - 9a33bc45-9b26-45b5-95ca-43aeeb6454e9-SegmentedRaftLogWorker:Storage Directory /tmp/workdir/hadoop-ozone/integration-test/target/test-dir/MiniOzoneClusterImpl-9ec94e0c-450e-4dd1-984a-a0d71f418af7/datanode-1/data/ratis/06e6b231-4478-4817-a5cf-2270ee281d7e: flushIndex: setUnconditionally 0 -> -1
2019-07-14 00:44:55,985 INFO  server.RaftServerConfigKeys (ConfUtils.java:logGet(43)) - raft.server.log.segment.size.max = 1048576 (custom)
2019-07-14 00:44:55,986 INFO  server.RaftServerConfigKeys (ConfUtils.java:logGet(43)) - raft.server.log.segment.size.max = 1048576 (custom)
2019-07-14 00:44:55,986 INFO  server.RaftServerConfigKeys (ConfUtils.java:logGet(43)) - raft.server.snapshot.auto.trigger.enabled = true (custom)
2019-07-14 00:44:55,986 INFO  server.RaftServerConfigKeys (ConfUtils.java:logGet(43)) - raft.server.log.preallocated.size = 16384 (custom)
2019-07-14 00:44:55,986 INFO  server.RaftServerConfigKeys (ConfUtils.java:logGet(43)) - raft.server.snapshot.auto.trigger.threshold = 10000 (custom)
2019-07-14 00:44:55,986 INFO  server.RaftServerConfigKeys (ConfUtils.java:logGet(43)) - raft.server.log.preallocated.size = 16384 (custom)
2019-07-14 00:44:55,986 INFO  server.RaftServerConfigKeys (ConfUtils.java:logGet(43)) - raft.server.retrycache.expirytime = 600000ms (custom)
2019-07-14 00:44:55,986 INFO  server.RaftServerConfigKeys (ConfUtils.java:logGet(43)) - raft.server.log.write.buffer.size = 33554432 (custom)
2019-07-14 00:44:55,987 INFO  impl.RaftServerImpl (RaftServerImpl.java:start(180)) - 9a33bc45-9b26-45b5-95ca-43aeeb6454e9: start group-2270EE281D7E
2019-07-14 00:44:55,986 INFO  server.RaftServerConfigKeys (ConfUtils.java:logGet(43)) - raft.server.log.write.buffer.size = 33554432 (custom)
2019-07-14 00:44:55,987 INFO  impl.RaftServerImpl (RaftServerImpl.java:setRole(171)) - 9a33bc45-9b26-45b5-95ca-43aeeb6454e9:group-2270EE281D7E changes role from null to FOLLOWER at term 0 for startAsFollower
2019-07-14 00:44:55,987 INFO  server.RaftServerConfigKeys (ConfUtils.java:logGet(43)) - raft.server.log.force.sync.num = 128 (default)
2019-07-14 00:44:55,987 INFO  impl.RoleInfo (RoleInfo.java:updateAndGet(143)) - 9a33bc45-9b26-45b5-95ca-43aeeb6454e9: start FollowerState
2019-07-14 00:44:55,987 INFO  server.RaftServerConfigKeys (ConfUtils.java:logGet(43)) - raft.server.log.force.sync.num = 128 (default)
2019-07-14 00:44:55,987 INFO  server.RaftServerConfigKeys (ConfUtils.java:logGet(43)) - raft.server.log.statemachine.data.sync = true (default)
2019-07-14 00:44:55,987 INFO  server.RaftServerConfigKeys (ConfUtils.java:logGet(43)) - raft.server.log.statemachine.data.sync = true (default)
2019-07-14 00:44:55,988 INFO  server.RaftServerConfigKeys (ConfUtils.java:logGet(43)) - raft.server.log.statemachine.data.sync.timeout = 10s (default)
2019-07-14 00:44:55,988 INFO  server.RaftServerConfigKeys (ConfUtils.java:logGet(43)) - raft.server.log.statemachine.data.sync.timeout = 10s (default)
2019-07-14 00:44:55,988 INFO  util.JmxRegister (JmxRegister.java:tryRegister(44)) - Successfully registered JMX Bean with object name Ratis:service=RaftServer,group=group-2270EE281D7E,id=9a33bc45-9b26-45b5-95ca-43aeeb6454e9
2019-07-14 00:44:55,988 INFO  server.RaftServerConfigKeys (ConfUtils.java:logGet(43)) - raft.server.log.statemachine.data.sync.timeout.retry = -1 (default)
2019-07-14 00:44:55,988 INFO  server.RaftServerConfigKeys (ConfUtils.java:logGet(43)) - raft.server.log.statemachine.data.sync.timeout.retry = -1 (default)
2019-07-14 00:44:55,988 INFO  server.RaftServerConfigKeys (ConfUtils.java:logGet(43)) - raft.server.log.statemachine.data.caching.enabled = true (custom)
2019-07-14 00:44:55,989 INFO  server.RaftServerConfigKeys (ConfUtils.java:logGet(43)) - raft.server.log.statemachine.data.caching.enabled = true (custom)
2019-07-14 00:44:55,989 INFO  segmented.SegmentedRaftLogWorker (SegmentedRaftLogWorker.java:lambda$new$0(132)) - 848b32c1-d13e-4445-99ad-9e1b3960d4ad-SegmentedRaftLogWorker:Storage Directory /tmp/workdir/hadoop-ozone/integration-test/target/test-dir/MiniOzoneClusterImpl-9ec94e0c-450e-4dd1-984a-a0d71f418af7/datanode-3/data/ratis/06e6b231-4478-4817-a5cf-2270ee281d7e: flushIndex: setUnconditionally 0 -> -1
2019-07-14 00:44:55,989 INFO  segmented.SegmentedRaftLogWorker (SegmentedRaftLogWorker.java:lambda$new$0(132)) - 8d84ade6-f7de-47b8-9370-abe99a0ad98a-SegmentedRaftLogWorker:Storage Directory /tmp/workdir/hadoop-ozone/integration-test/target/test-dir/MiniOzoneClusterImpl-9ec94e0c-450e-4dd1-984a-a0d71f418af7/datanode-6/data/ratis/06e6b231-4478-4817-a5cf-2270ee281d7e: flushIndex: setUnconditionally 0 -> -1
2019-07-14 00:44:55,989 INFO  server.RaftServerConfigKeys (ConfUtils.java:logGet(43)) - raft.server.snapshot.auto.trigger.enabled = true (custom)
2019-07-14 00:44:55,989 INFO  server.RaftServerConfigKeys (ConfUtils.java:logGet(43)) - raft.server.snapshot.auto.trigger.enabled = true (custom)
2019-07-14 00:44:55,989 INFO  server.RaftServerConfigKeys (ConfUtils.java:logGet(43)) - raft.server.snapshot.auto.trigger.threshold = 10000 (custom)
2019-07-14 00:44:55,989 INFO  server.RaftServerConfigKeys (ConfUtils.java:logGet(43)) - raft.server.snapshot.auto.trigger.threshold = 10000 (custom)
2019-07-14 00:44:55,989 INFO  server.RaftServerConfigKeys (ConfUtils.java:logGet(43)) - raft.server.retrycache.expirytime = 600000ms (custom)
2019-07-14 00:44:55,990 INFO  server.RaftServerConfigKeys (ConfUtils.java:logGet(43)) - raft.server.retrycache.expirytime = 600000ms (custom)
2019-07-14 00:44:55,990 INFO  impl.RaftServerImpl (RaftServerImpl.java:start(180)) - 848b32c1-d13e-4445-99ad-9e1b3960d4ad: start group-2270EE281D7E
2019-07-14 00:44:55,991 INFO  impl.RaftServerImpl (RaftServerImpl.java:start(180)) - 8d84ade6-f7de-47b8-9370-abe99a0ad98a: start group-2270EE281D7E
2019-07-14 00:44:55,991 INFO  impl.RaftServerImpl (RaftServerImpl.java:setRole(171)) - 848b32c1-d13e-4445-99ad-9e1b3960d4ad:group-2270EE281D7E changes role from null to FOLLOWER at term 0 for startAsFollower
2019-07-14 00:44:55,991 INFO  impl.RaftServerImpl (RaftServerImpl.java:setRole(171)) - 8d84ade6-f7de-47b8-9370-abe99a0ad98a:group-2270EE281D7E changes role from null to FOLLOWER at term 0 for startAsFollower
2019-07-14 00:44:55,991 INFO  impl.RoleInfo (RoleInfo.java:updateAndGet(143)) - 848b32c1-d13e-4445-99ad-9e1b3960d4ad: start FollowerState
2019-07-14 00:44:55,992 INFO  impl.RoleInfo (RoleInfo.java:updateAndGet(143)) - 8d84ade6-f7de-47b8-9370-abe99a0ad98a: start FollowerState
2019-07-14 00:44:55,992 INFO  util.JmxRegister (JmxRegister.java:tryRegister(44)) - Successfully registered JMX Bean with object name Ratis:service=RaftServer,group=group-2270EE281D7E,id=848b32c1-d13e-4445-99ad-9e1b3960d4ad
2019-07-14 00:44:55,992 INFO  util.JmxRegister (JmxRegister.java:tryRegister(44)) - Successfully registered JMX Bean with object name Ratis:service=RaftServer,group=group-2270EE281D7E,id=8d84ade6-f7de-47b8-9370-abe99a0ad98a
2019-07-14 00:44:56,014 INFO  pipeline.PipelineStateManager (PipelineStateManager.java:addPipeline(56)) - Created pipeline Pipeline[ Id: 06e6b231-4478-4817-a5cf-2270ee281d7e, Nodes: 848b32c1-d13e-4445-99ad-9e1b3960d4ad{ip: 192.168.157.230, host: trunk-nightly-sxkq5-3320257302, networkLocation: /default-rack, certSerialId: null}9a33bc45-9b26-45b5-95ca-43aeeb6454e9{ip: 192.168.157.230, host: trunk-nightly-sxkq5-3320257302, networkLocation: /default-rack, certSerialId: null}8d84ade6-f7de-47b8-9370-abe99a0ad98a{ip: 192.168.157.230, host: trunk-nightly-sxkq5-3320257302, networkLocation: /default-rack, certSerialId: null}, Type:RATIS, Factor:THREE, State:OPEN]
2019-07-14 00:44:56,248 INFO  client.GrpcClientProtocolClient (GrpcClientProtocolClient.java:onNext(255)) - client-B08041F20DDE->3dae385e-6267-41e3-b75e-2f59c3d5ae61: receive RaftClientReply:client-B08041F20DDE->3dae385e-6267-41e3-b75e-2f59c3d5ae61@group-8EC2A62E8276, cid=13, FAILED org.apache.ratis.protocol.NotLeaderException: Server 3dae385e-6267-41e3-b75e-2f59c3d5ae61 is not the leader (null). Request must be sent to leader., logIndex=0, commits[3dae385e-6267-41e3-b75e-2f59c3d5ae61:c-1]
2019-07-14 00:44:56,937 INFO  container.ReplicationManager (ReplicationManager.java:start(155)) - Starting Replication Monitor Thread.
2019-07-14 00:44:56,944 INFO  container.ReplicationManager (ReplicationManager.java:run(207)) - Replication Monitor Thread took 4 milliseconds for processing 1 containers.
2019-07-14 00:44:57,294 INFO  client.GrpcClientProtocolClient (GrpcClientProtocolClient.java:onNext(255)) - client-B08041F20DDE->16e41bcf-d4c6-45ef-9434-e9ed1f38239a: receive RaftClientReply:client-B08041F20DDE->16e41bcf-d4c6-45ef-9434-e9ed1f38239a@group-8EC2A62E8276, cid=13, FAILED org.apache.ratis.protocol.NotLeaderException: Server 16e41bcf-d4c6-45ef-9434-e9ed1f38239a is not the leader (null). Request must be sent to leader., logIndex=0, commits[16e41bcf-d4c6-45ef-9434-e9ed1f38239a:c-1]
2019-07-14 00:44:58,337 INFO  client.GrpcClientProtocolClient (GrpcClientProtocolClient.java:onNext(255)) - client-B08041F20DDE->3dae385e-6267-41e3-b75e-2f59c3d5ae61: receive RaftClientReply:client-B08041F20DDE->3dae385e-6267-41e3-b75e-2f59c3d5ae61@group-8EC2A62E8276, cid=13, FAILED org.apache.ratis.protocol.NotLeaderException: Server 3dae385e-6267-41e3-b75e-2f59c3d5ae61 is not the leader (null). Request must be sent to leader., logIndex=0, commits[3dae385e-6267-41e3-b75e-2f59c3d5ae61:c-1]
2019-07-14 00:44:59,360 INFO  client.GrpcClientProtocolClient (GrpcClientProtocolClient.java:onNext(255)) - client-B08041F20DDE->16e41bcf-d4c6-45ef-9434-e9ed1f38239a: receive RaftClientReply:client-B08041F20DDE->16e41bcf-d4c6-45ef-9434-e9ed1f38239a@group-8EC2A62E8276, cid=13, FAILED org.apache.ratis.protocol.NotLeaderException: Server 16e41bcf-d4c6-45ef-9434-e9ed1f38239a is not the leader (null). Request must be sent to leader., logIndex=0, commits[16e41bcf-d4c6-45ef-9434-e9ed1f38239a:c-1]
2019-07-14 00:45:00,157 INFO  impl.FollowerState (FollowerState.java:run(106)) - 3dae385e-6267-41e3-b75e-2f59c3d5ae61:group-0A3A00822943 changes to CANDIDATE, lastRpcTime:5040, electionTimeout:5039ms
2019-07-14 00:45:00,158 INFO  impl.RoleInfo (RoleInfo.java:shutdownFollowerState(121)) - 3dae385e-6267-41e3-b75e-2f59c3d5ae61: shutdown FollowerState
2019-07-14 00:45:00,158 INFO  impl.RaftServerImpl (RaftServerImpl.java:setRole(171)) - 3dae385e-6267-41e3-b75e-2f59c3d5ae61:group-0A3A00822943 changes role from FOLLOWER to CANDIDATE at term 0 for changeToCandidate
2019-07-14 00:45:00,167 INFO  impl.RoleInfo (RoleInfo.java:updateAndGet(143)) - 3dae385e-6267-41e3-b75e-2f59c3d5ae61: start LeaderElection
2019-07-14 00:45:00,189 INFO  impl.LeaderElection (LeaderElection.java:askForVotes(181)) - 3dae385e-6267-41e3-b75e-2f59c3d5ae61:group-0A3A00822943:LeaderElection1: begin an election at term 1 for -1: [3dae385e-6267-41e3-b75e-2f59c3d5ae61:192.168.157.230:42426], old=null
2019-07-14 00:45:00,191 INFO  impl.RoleInfo (RoleInfo.java:shutdownLeaderElection(134)) - 3dae385e-6267-41e3-b75e-2f59c3d5ae61: shutdown LeaderElection
2019-07-14 00:45:00,192 INFO  impl.RaftServerImpl (RaftServerImpl.java:setRole(171)) - 3dae385e-6267-41e3-b75e-2f59c3d5ae61:group-0A3A00822943 changes role from CANDIDATE to LEADER at term 1 for changeToLeader
2019-07-14 00:45:00,192 INFO  impl.RaftServerImpl (ServerState.java:setLeader(263)) - 3dae385e-6267-41e3-b75e-2f59c3d5ae61:group-0A3A00822943 change Leader from null to 3dae385e-6267-41e3-b75e-2f59c3d5ae61 at term 1 for becomeLeader, leader elected after 5164ms
2019-07-14 00:45:00,202 INFO  server.RaftServerConfigKeys (ConfUtils.java:logGet(43)) - raft.server.staging.catchup.gap = 1000 (default)
2019-07-14 00:45:00,202 INFO  server.RaftServerConfigKeys (ConfUtils.java:logGet(43)) - raft.server.rpc.sleep.time = 25ms (default)
2019-07-14 00:45:00,206 INFO  server.RaftServerConfigKeys (ConfUtils.java:logGet(43)) - raft.server.write.element-limit = 4096 (default)
2019-07-14 00:45:00,209 INFO  server.RaftServerConfigKeys (ConfUtils.java:logGet(43)) - raft.server.watch.timeout = 10s (default)
2019-07-14 00:45:00,209 INFO  server.RaftServerConfigKeys (ConfUtils.java:logGet(43)) - raft.server.watch.timeout.denomination = 1s (default)
2019-07-14 00:45:00,211 INFO  server.RaftServerConfigKeys (ConfUtils.java:logGet(43)) - raft.server.watch.element-limit = 65536 (default)
2019-07-14 00:45:00,221 INFO  impl.RoleInfo (RoleInfo.java:updateAndGet(143)) - 3dae385e-6267-41e3-b75e-2f59c3d5ae61: start LeaderState
2019-07-14 00:45:00,248 INFO  segmented.SegmentedRaftLogWorker (SegmentedRaftLogWorker.java:startLogSegment(380)) - 3dae385e-6267-41e3-b75e-2f59c3d5ae61-SegmentedRaftLogWorker:Storage Directory /tmp/workdir/hadoop-ozone/integration-test/target/test-dir/MiniOzoneClusterImpl-9ec94e0c-450e-4dd1-984a-a0d71f418af7/datanode-0/data/ratis/2a5eb7bb-cc93-4b98-878f-0a3a00822943: Starting segment from index:0
2019-07-14 00:45:00,257 INFO  impl.RaftServerImpl (ServerState.java:setRaftConf(361)) - 3dae385e-6267-41e3-b75e-2f59c3d5ae61:group-0A3A00822943 set configuration 0: [3dae385e-6267-41e3-b75e-2f59c3d5ae61:192.168.157.230:42426], old=null at 0
2019-07-14 00:45:00,384 INFO  client.GrpcClientProtocolClient (GrpcClientProtocolClient.java:onNext(255)) - client-B08041F20DDE->3dae385e-6267-41e3-b75e-2f59c3d5ae61: receive RaftClientReply:client-B08041F20DDE->3dae385e-6267-41e3-b75e-2f59c3d5ae61@group-8EC2A62E8276, cid=13, FAILED org.apache.ratis.protocol.NotLeaderException: Server 3dae385e-6267-41e3-b75e-2f59c3d5ae61 is not the leader (null). Request must be sent to leader., logIndex=0, commits[3dae385e-6267-41e3-b75e-2f59c3d5ae61:c-1]
2019-07-14 00:45:00,460 INFO  segmented.SegmentedRaftLogWorker (SegmentedRaftLogWorker.java:execute(569)) - 3dae385e-6267-41e3-b75e-2f59c3d5ae61-SegmentedRaftLogWorker:Storage Directory /tmp/workdir/hadoop-ozone/integration-test/target/test-dir/MiniOzoneClusterImpl-9ec94e0c-450e-4dd1-984a-a0d71f418af7/datanode-0/data/ratis/2a5eb7bb-cc93-4b98-878f-0a3a00822943: created new log segment /tmp/workdir/hadoop-ozone/integration-test/target/test-dir/MiniOzoneClusterImpl-9ec94e0c-450e-4dd1-984a-a0d71f418af7/datanode-0/data/ratis/2a5eb7bb-cc93-4b98-878f-0a3a00822943/current/log_inprogress_0
2019-07-14 00:45:00,470 INFO  impl.FollowerState (FollowerState.java:run(106)) - 506685dc-188a-4fda-80b3-5cfd988a5ff6:group-B20F1E681A25 changes to CANDIDATE, lastRpcTime:5154, electionTimeout:5150ms
2019-07-14 00:45:00,472 INFO  impl.RoleInfo (RoleInfo.java:shutdownFollowerState(121)) - 506685dc-188a-4fda-80b3-5cfd988a5ff6: shutdown FollowerState
2019-07-14 00:45:00,472 INFO  impl.RaftServerImpl (RaftServerImpl.java:setRole(171)) - 506685dc-188a-4fda-80b3-5cfd988a5ff6:group-B20F1E681A25 changes role from FOLLOWER to CANDIDATE at term 0 for changeToCandidate
2019-07-14 00:45:00,473 INFO  impl.RoleInfo (RoleInfo.java:updateAndGet(143)) - 506685dc-188a-4fda-80b3-5cfd988a5ff6: start LeaderElection
2019-07-14 00:45:00,500 INFO  impl.FollowerState (FollowerState.java:run(106)) - 16e41bcf-d4c6-45ef-9434-e9ed1f38239a:group-A7E3B2F74E77 changes to CANDIDATE, lastRpcTime:5060, electionTimeout:5053ms
2019-07-14 00:45:00,493 INFO  impl.LeaderElection (LeaderElection.java:askForVotes(181)) - 506685dc-188a-4fda-80b3-5cfd988a5ff6:group-B20F1E681A25:LeaderElection2: begin an election at term 1 for -1: [506685dc-188a-4fda-80b3-5cfd988a5ff6:192.168.157.230:41816], old=null
2019-07-14 00:45:00,504 INFO  impl.RoleInfo (RoleInfo.java:shutdownFollowerState(121)) - 16e41bcf-d4c6-45ef-9434-e9ed1f38239a: shutdown FollowerState
2019-07-14 00:45:00,504 INFO  impl.RoleInfo (RoleInfo.java:shutdownLeaderElection(134)) - 506685dc-188a-4fda-80b3-5cfd988a5ff6: shutdown LeaderElection
2019-07-14 00:45:00,504 INFO  impl.RaftServerImpl (RaftServerImpl.java:setRole(171)) - 16e41bcf-d4c6-45ef-9434-e9ed1f38239a:group-A7E3B2F74E77 changes role from FOLLOWER to CANDIDATE at term 0 for changeToCandidate
2019-07-14 00:45:00,504 INFO  impl.RaftServerImpl (RaftServerImpl.java:setRole(171)) - 506685dc-188a-4fda-80b3-5cfd988a5ff6:group-B20F1E681A25 changes role from CANDIDATE to LEADER at term 1 for changeToLeader
2019-07-14 00:45:00,505 INFO  impl.RaftServerImpl (ServerState.java:setLeader(263)) - 506685dc-188a-4fda-80b3-5cfd988a5ff6:group-B20F1E681A25 change Leader from null to 506685dc-188a-4fda-80b3-5cfd988a5ff6 at term 1 for becomeLeader, leader elected after 5194ms
2019-07-14 00:45:00,505 INFO  impl.RoleInfo (RoleInfo.java:updateAndGet(143)) - 16e41bcf-d4c6-45ef-9434-e9ed1f38239a: start LeaderElection
2019-07-14 00:45:00,506 INFO  server.RaftServerConfigKeys (ConfUtils.java:logGet(43)) - raft.server.staging.catchup.gap = 1000 (default)
2019-07-14 00:45:00,507 INFO  server.RaftServerConfigKeys (ConfUtils.java:logGet(43)) - raft.server.rpc.sleep.time = 25ms (default)
2019-07-14 00:45:00,512 INFO  server.RaftServerConfigKeys (ConfUtils.java:logGet(43)) - raft.server.write.element-limit = 4096 (default)
2019-07-14 00:45:00,512 INFO  server.RaftServerConfigKeys (ConfUtils.java:logGet(43)) - raft.server.watch.timeout = 10s (default)
2019-07-14 00:45:00,512 INFO  server.RaftServerConfigKeys (ConfUtils.java:logGet(43)) - raft.server.watch.timeout.denomination = 1s (default)
2019-07-14 00:45:00,512 INFO  server.RaftServerConfigKeys (ConfUtils.java:logGet(43)) - raft.server.watch.element-limit = 65536 (default)
2019-07-14 00:45:00,513 INFO  impl.RoleInfo (RoleInfo.java:updateAndGet(143)) - 506685dc-188a-4fda-80b3-5cfd988a5ff6: start LeaderState
2019-07-14 00:45:00,513 INFO  segmented.SegmentedRaftLogWorker (SegmentedRaftLogWorker.java:startLogSegment(380)) - 506685dc-188a-4fda-80b3-5cfd988a5ff6-SegmentedRaftLogWorker:Storage Directory /tmp/workdir/hadoop-ozone/integration-test/target/test-dir/MiniOzoneClusterImpl-9ec94e0c-450e-4dd1-984a-a0d71f418af7/datanode-2/data/ratis/eb5e4030-7df0-4384-8ef1-b20f1e681a25: Starting segment from index:0
2019-07-14 00:45:00,514 INFO  impl.RaftServerImpl (ServerState.java:setRaftConf(361)) - 506685dc-188a-4fda-80b3-5cfd988a5ff6:group-B20F1E681A25 set configuration 0: [506685dc-188a-4fda-80b3-5cfd988a5ff6:192.168.157.230:41816], old=null at 0
2019-07-14 00:45:00,531 INFO  impl.LeaderElection (LeaderElection.java:askForVotes(181)) - 16e41bcf-d4c6-45ef-9434-e9ed1f38239a:group-A7E3B2F74E77:LeaderElection3: begin an election at term 1 for -1: [16e41bcf-d4c6-45ef-9434-e9ed1f38239a:192.168.157.230:36114], old=null
2019-07-14 00:45:00,531 INFO  impl.RoleInfo (RoleInfo.java:shutdownLeaderElection(134)) - 16e41bcf-d4c6-45ef-9434-e9ed1f38239a: shutdown LeaderElection
2019-07-14 00:45:00,531 INFO  impl.RaftServerImpl (RaftServerImpl.java:setRole(171)) - 16e41bcf-d4c6-45ef-9434-e9ed1f38239a:group-A7E3B2F74E77 changes role from CANDIDATE to LEADER at term 1 for changeToLeader
2019-07-14 00:45:00,532 INFO  impl.RaftServerImpl (ServerState.java:setLeader(263)) - 16e41bcf-d4c6-45ef-9434-e9ed1f38239a:group-A7E3B2F74E77 change Leader from null to 16e41bcf-d4c6-45ef-9434-e9ed1f38239a at term 1 for becomeLeader, leader elected after 5097ms
2019-07-14 00:45:00,533 INFO  server.RaftServerConfigKeys (ConfUtils.java:logGet(43)) - raft.server.staging.catchup.gap = 1000 (default)
2019-07-14 00:45:00,533 INFO  server.RaftServerConfigKeys (ConfUtils.java:logGet(43)) - raft.server.rpc.sleep.time = 25ms (default)
2019-07-14 00:45:00,534 INFO  server.RaftServerConfigKeys (ConfUtils.java:logGet(43)) - raft.server.write.element-limit = 4096 (default)
2019-07-14 00:45:00,534 INFO  server.RaftServerConfigKeys (ConfUtils.java:logGet(43)) - raft.server.watch.timeout = 10s (default)
2019-07-14 00:45:00,534 INFO  server.RaftServerConfigKeys (ConfUtils.java:logGet(43)) - raft.server.watch.timeout.denomination = 1s (default)
2019-07-14 00:45:00,534 INFO  server.RaftServerConfigKeys (ConfUtils.java:logGet(43)) - raft.server.watch.element-limit = 65536 (default)
2019-07-14 00:45:00,534 INFO  impl.RoleInfo (RoleInfo.java:updateAndGet(143)) - 16e41bcf-d4c6-45ef-9434-e9ed1f38239a: start LeaderState
2019-07-14 00:45:00,535 INFO  segmented.SegmentedRaftLogWorker (SegmentedRaftLogWorker.java:startLogSegment(380)) - 16e41bcf-d4c6-45ef-9434-e9ed1f38239a-SegmentedRaftLogWorker:Storage Directory /tmp/workdir/hadoop-ozone/integration-test/target/test-dir/MiniOzoneClusterImpl-9ec94e0c-450e-4dd1-984a-a0d71f418af7/datanode-4/data/ratis/94123216-5d51-47d5-bb91-a7e3b2f74e77: Starting segment from index:0
2019-07-14 00:45:00,536 INFO  impl.RaftServerImpl (ServerState.java:setRaftConf(361)) - 16e41bcf-d4c6-45ef-9434-e9ed1f38239a:group-A7E3B2F74E77 set configuration 0: [16e41bcf-d4c6-45ef-9434-e9ed1f38239a:192.168.157.230:36114], old=null at 0
2019-07-14 00:45:00,555 INFO  segmented.SegmentedRaftLogWorker (SegmentedRaftLogWorker.java:execute(569)) - 506685dc-188a-4fda-80b3-5cfd988a5ff6-SegmentedRaftLogWorker:Storage Directory /tmp/workdir/hadoop-ozone/integration-test/target/test-dir/MiniOzoneClusterImpl-9ec94e0c-450e-4dd1-984a-a0d71f418af7/datanode-2/data/ratis/eb5e4030-7df0-4384-8ef1-b20f1e681a25: created new log segment /tmp/workdir/hadoop-ozone/integration-test/target/test-dir/MiniOzoneClusterImpl-9ec94e0c-450e-4dd1-984a-a0d71f418af7/datanode-2/data/ratis/eb5e4030-7df0-4384-8ef1-b20f1e681a25/current/log_inprogress_0
2019-07-14 00:45:00,568 INFO  segmented.SegmentedRaftLogWorker (SegmentedRaftLogWorker.java:execute(569)) - 16e41bcf-d4c6-45ef-9434-e9ed1f38239a-SegmentedRaftLogWorker:Storage Directory /tmp/workdir/hadoop-ozone/integration-test/target/test-dir/MiniOzoneClusterImpl-9ec94e0c-450e-4dd1-984a-a0d71f418af7/datanode-4/data/ratis/94123216-5d51-47d5-bb91-a7e3b2f74e77: created new log segment /tmp/workdir/hadoop-ozone/integration-test/target/test-dir/MiniOzoneClusterImpl-9ec94e0c-450e-4dd1-984a-a0d71f418af7/datanode-4/data/ratis/94123216-5d51-47d5-bb91-a7e3b2f74e77/current/log_inprogress_0
2019-07-14 00:45:00,574 INFO  impl.FollowerState (FollowerState.java:run(106)) - 848b32c1-d13e-4445-99ad-9e1b3960d4ad:group-D3752B520083 changes to CANDIDATE, lastRpcTime:5055, electionTimeout:5054ms
2019-07-14 00:45:00,579 INFO  impl.RoleInfo (RoleInfo.java:shutdownFollowerState(121)) - 848b32c1-d13e-4445-99ad-9e1b3960d4ad: shutdown FollowerState
2019-07-14 00:45:00,579 INFO  impl.RaftServerImpl (RaftServerImpl.java:setRole(171)) - 848b32c1-d13e-4445-99ad-9e1b3960d4ad:group-D3752B520083 changes role from FOLLOWER to CANDIDATE at term 0 for changeToCandidate
2019-07-14 00:45:00,580 INFO  impl.RoleInfo (RoleInfo.java:updateAndGet(143)) - 848b32c1-d13e-4445-99ad-9e1b3960d4ad: start LeaderElection
2019-07-14 00:45:00,600 INFO  impl.LeaderElection (LeaderElection.java:askForVotes(181)) - 848b32c1-d13e-4445-99ad-9e1b3960d4ad:group-D3752B520083:LeaderElection4: begin an election at term 1 for -1: [848b32c1-d13e-4445-99ad-9e1b3960d4ad:192.168.157.230:40554], old=null
2019-07-14 00:45:00,602 INFO  impl.RoleInfo (RoleInfo.java:shutdownLeaderElection(134)) - 848b32c1-d13e-4445-99ad-9e1b3960d4ad: shutdown LeaderElection
2019-07-14 00:45:00,602 INFO  impl.RaftServerImpl (RaftServerImpl.java:setRole(171)) - 848b32c1-d13e-4445-99ad-9e1b3960d4ad:group-D3752B520083 changes role from CANDIDATE to LEADER at term 1 for changeToLeader
2019-07-14 00:45:00,602 INFO  impl.RaftServerImpl (ServerState.java:setLeader(263)) - 848b32c1-d13e-4445-99ad-9e1b3960d4ad:group-D3752B520083 change Leader from null to 848b32c1-d13e-4445-99ad-9e1b3960d4ad at term 1 for becomeLeader, leader elected after 5090ms
2019-07-14 00:45:00,604 INFO  server.RaftServerConfigKeys (ConfUtils.java:logGet(43)) - raft.server.staging.catchup.gap = 1000 (default)
2019-07-14 00:45:00,604 INFO  server.RaftServerConfigKeys (ConfUtils.java:logGet(43)) - raft.server.rpc.sleep.time = 25ms (default)
2019-07-14 00:45:00,604 INFO  server.RaftServerConfigKeys (ConfUtils.java:logGet(43)) - raft.server.write.element-limit = 4096 (default)
2019-07-14 00:45:00,604 INFO  server.RaftServerConfigKeys (ConfUtils.java:logGet(43)) - raft.server.watch.timeout = 10s (default)
2019-07-14 00:45:00,604 INFO  server.RaftServerConfigKeys (ConfUtils.java:logGet(43)) - raft.server.watch.timeout.denomination = 1s (default)
2019-07-14 00:45:00,605 INFO  server.RaftServerConfigKeys (ConfUtils.java:logGet(43)) - raft.server.watch.element-limit = 65536 (default)
2019-07-14 00:45:00,605 INFO  impl.RoleInfo (RoleInfo.java:updateAndGet(143)) - 848b32c1-d13e-4445-99ad-9e1b3960d4ad: start LeaderState
2019-07-14 00:45:00,605 INFO  segmented.SegmentedRaftLogWorker (SegmentedRaftLogWorker.java:startLogSegment(380)) - 848b32c1-d13e-4445-99ad-9e1b3960d4ad-SegmentedRaftLogWorker:Storage Directory /tmp/workdir/hadoop-ozone/integration-test/target/test-dir/MiniOzoneClusterImpl-9ec94e0c-450e-4dd1-984a-a0d71f418af7/datanode-3/data/ratis/c7827916-251a-4756-b0e3-d3752b520083: Starting segment from index:0
2019-07-14 00:45:00,606 INFO  impl.RaftServerImpl (ServerState.java:setRaftConf(361)) - 848b32c1-d13e-4445-99ad-9e1b3960d4ad:group-D3752B520083 set configuration 0: [848b32c1-d13e-4445-99ad-9e1b3960d4ad:192.168.157.230:40554], old=null at 0
2019-07-14 00:45:00,640 INFO  segmented.SegmentedRaftLogWorker (SegmentedRaftLogWorker.java:execute(569)) - 848b32c1-d13e-4445-99ad-9e1b3960d4ad-SegmentedRaftLogWorker:Storage Directory /tmp/workdir/hadoop-ozone/integration-test/target/test-dir/MiniOzoneClusterImpl-9ec94e0c-450e-4dd1-984a-a0d71f418af7/datanode-3/data/ratis/c7827916-251a-4756-b0e3-d3752b520083: created new log segment /tmp/workdir/hadoop-ozone/integration-test/target/test-dir/MiniOzoneClusterImpl-9ec94e0c-450e-4dd1-984a-a0d71f418af7/datanode-3/data/ratis/c7827916-251a-4756-b0e3-d3752b520083/current/log_inprogress_0
2019-07-14 00:45:00,722 INFO  impl.FollowerState (FollowerState.java:run(106)) - 9a33bc45-9b26-45b5-95ca-43aeeb6454e9:group-836B508CBD10 changes to CANDIDATE, lastRpcTime:5114, electionTimeout:5114ms
2019-07-14 00:45:00,722 INFO  impl.RoleInfo (RoleInfo.java:shutdownFollowerState(121)) - 9a33bc45-9b26-45b5-95ca-43aeeb6454e9: shutdown FollowerState
2019-07-14 00:45:00,722 INFO  impl.RaftServerImpl (RaftServerImpl.java:setRole(171)) - 9a33bc45-9b26-45b5-95ca-43aeeb6454e9:group-836B508CBD10 changes role from FOLLOWER to CANDIDATE at term 0 for changeToCandidate
2019-07-14 00:45:00,722 INFO  impl.RoleInfo (RoleInfo.java:updateAndGet(143)) - 9a33bc45-9b26-45b5-95ca-43aeeb6454e9: start LeaderElection
2019-07-14 00:45:00,742 INFO  impl.LeaderElection (LeaderElection.java:askForVotes(181)) - 9a33bc45-9b26-45b5-95ca-43aeeb6454e9:group-836B508CBD10:LeaderElection5: begin an election at term 1 for -1: [9a33bc45-9b26-45b5-95ca-43aeeb6454e9:192.168.157.230:39161], old=null
2019-07-14 00:45:00,744 INFO  impl.RoleInfo (RoleInfo.java:shutdownLeaderElection(134)) - 9a33bc45-9b26-45b5-95ca-43aeeb6454e9: shutdown LeaderElection
2019-07-14 00:45:00,745 INFO  impl.RaftServerImpl (RaftServerImpl.java:setRole(171)) - 9a33bc45-9b26-45b5-95ca-43aeeb6454e9:group-836B508CBD10 changes role from CANDIDATE to LEADER at term 1 for changeToLeader
2019-07-14 00:45:00,745 INFO  impl.RaftServerImpl (ServerState.java:setLeader(263)) - 9a33bc45-9b26-45b5-95ca-43aeeb6454e9:group-836B508CBD10 change Leader from null to 9a33bc45-9b26-45b5-95ca-43aeeb6454e9 at term 1 for becomeLeader, leader elected after 5142ms
2019-07-14 00:45:00,747 INFO  server.RaftServerConfigKeys (ConfUtils.java:logGet(43)) - raft.server.staging.catchup.gap = 1000 (default)
2019-07-14 00:45:00,747 INFO  server.RaftServerConfigKeys (ConfUtils.java:logGet(43)) - raft.server.rpc.sleep.time = 25ms (default)
2019-07-14 00:45:00,747 INFO  server.RaftServerConfigKeys (ConfUtils.java:logGet(43)) - raft.server.write.element-limit = 4096 (default)
2019-07-14 00:45:00,749 INFO  server.RaftServerConfigKeys (ConfUtils.java:logGet(43)) - raft.server.watch.timeout = 10s (default)
2019-07-14 00:45:00,749 INFO  server.RaftServerConfigKeys (ConfUtils.java:logGet(43)) - raft.server.watch.timeout.denomination = 1s (default)
2019-07-14 00:45:00,749 INFO  server.RaftServerConfigKeys (ConfUtils.java:logGet(43)) - raft.server.watch.element-limit = 65536 (default)
2019-07-14 00:45:00,749 INFO  impl.RoleInfo (RoleInfo.java:updateAndGet(143)) - 9a33bc45-9b26-45b5-95ca-43aeeb6454e9: start LeaderState
2019-07-14 00:45:00,750 INFO  segmented.SegmentedRaftLogWorker (SegmentedRaftLogWorker.java:startLogSegment(380)) - 9a33bc45-9b26-45b5-95ca-43aeeb6454e9-SegmentedRaftLogWorker:Storage Directory /tmp/workdir/hadoop-ozone/integration-test/target/test-dir/MiniOzoneClusterImpl-9ec94e0c-450e-4dd1-984a-a0d71f418af7/datanode-1/data/ratis/992bba16-f28a-4efa-af0b-836b508cbd10: Starting segment from index:0
2019-07-14 00:45:00,750 INFO  impl.RaftServerImpl (ServerState.java:setRaftConf(361)) - 9a33bc45-9b26-45b5-95ca-43aeeb6454e9:group-836B508CBD10 set configuration 0: [9a33bc45-9b26-45b5-95ca-43aeeb6454e9:192.168.157.230:39161], old=null at 0
2019-07-14 00:45:00,783 INFO  segmented.SegmentedRaftLogWorker (SegmentedRaftLogWorker.java:execute(569)) - 9a33bc45-9b26-45b5-95ca-43aeeb6454e9-SegmentedRaftLogWorker:Storage Directory /tmp/workdir/hadoop-ozone/integration-test/target/test-dir/MiniOzoneClusterImpl-9ec94e0c-450e-4dd1-984a-a0d71f418af7/datanode-1/data/ratis/992bba16-f28a-4efa-af0b-836b508cbd10: created new log segment /tmp/workdir/hadoop-ozone/integration-test/target/test-dir/MiniOzoneClusterImpl-9ec94e0c-450e-4dd1-984a-a0d71f418af7/datanode-1/data/ratis/992bba16-f28a-4efa-af0b-836b508cbd10/current/log_inprogress_0
2019-07-14 00:45:00,814 INFO  impl.FollowerState (FollowerState.java:run(106)) - ce14ab2b-e9f0-4db2-a2f1-d9363a5f59fb:group-E31E8B3CCA0D changes to CANDIDATE, lastRpcTime:5056, electionTimeout:5056ms
2019-07-14 00:45:00,815 INFO  impl.RoleInfo (RoleInfo.java:shutdownFollowerState(121)) - ce14ab2b-e9f0-4db2-a2f1-d9363a5f59fb: shutdown FollowerState
2019-07-14 00:45:00,815 INFO  impl.RaftServerImpl (RaftServerImpl.java:setRole(171)) - ce14ab2b-e9f0-4db2-a2f1-d9363a5f59fb:group-E31E8B3CCA0D changes role from FOLLOWER to CANDIDATE at term 0 for changeToCandidate
2019-07-14 00:45:00,815 INFO  impl.RoleInfo (RoleInfo.java:updateAndGet(143)) - ce14ab2b-e9f0-4db2-a2f1-d9363a5f59fb: start LeaderElection
2019-07-14 00:45:00,834 INFO  impl.LeaderElection (LeaderElection.java:askForVotes(181)) - ce14ab2b-e9f0-4db2-a2f1-d9363a5f59fb:group-E31E8B3CCA0D:LeaderElection6: begin an election at term 1 for -1: [ce14ab2b-e9f0-4db2-a2f1-d9363a5f59fb:192.168.157.230:36953], old=null
2019-07-14 00:45:00,845 INFO  impl.RoleInfo (RoleInfo.java:shutdownLeaderElection(134)) - ce14ab2b-e9f0-4db2-a2f1-d9363a5f59fb: shutdown LeaderElection
2019-07-14 00:45:00,846 INFO  impl.RaftServerImpl (RaftServerImpl.java:setRole(171)) - ce14ab2b-e9f0-4db2-a2f1-d9363a5f59fb:group-E31E8B3CCA0D changes role from CANDIDATE to LEADER at term 1 for changeToLeader
2019-07-14 00:45:00,846 INFO  impl.RaftServerImpl (ServerState.java:setLeader(263)) - ce14ab2b-e9f0-4db2-a2f1-d9363a5f59fb:group-E31E8B3CCA0D change Leader from null to ce14ab2b-e9f0-4db2-a2f1-d9363a5f59fb at term 1 for becomeLeader, leader elected after 5091ms
2019-07-14 00:45:00,848 INFO  server.RaftServerConfigKeys (ConfUtils.java:logGet(43)) - raft.server.staging.catchup.gap = 1000 (default)
2019-07-14 00:45:00,849 INFO  server.RaftServerConfigKeys (ConfUtils.java:logGet(43)) - raft.server.rpc.sleep.time = 25ms (default)
2019-07-14 00:45:00,849 INFO  server.RaftServerConfigKeys (ConfUtils.java:logGet(43)) - raft.server.write.element-limit = 4096 (default)
2019-07-14 00:45:00,849 INFO  server.RaftServerConfigKeys (ConfUtils.java:logGet(43)) - raft.server.watch.timeout = 10s (default)
2019-07-14 00:45:00,849 INFO  server.RaftServerConfigKeys (ConfUtils.java:logGet(43)) - raft.server.watch.timeout.denomination = 1s (default)
2019-07-14 00:45:00,849 INFO  server.RaftServerConfigKeys (ConfUtils.java:logGet(43)) - raft.server.watch.element-limit = 65536 (default)
2019-07-14 00:45:00,850 INFO  impl.RoleInfo (RoleInfo.java:updateAndGet(143)) - ce14ab2b-e9f0-4db2-a2f1-d9363a5f59fb: start LeaderState
2019-07-14 00:45:00,850 INFO  segmented.SegmentedRaftLogWorker (SegmentedRaftLogWorker.java:startLogSegment(380)) - ce14ab2b-e9f0-4db2-a2f1-d9363a5f59fb-SegmentedRaftLogWorker:Storage Directory /tmp/workdir/hadoop-ozone/integration-test/target/test-dir/MiniOzoneClusterImpl-9ec94e0c-450e-4dd1-984a-a0d71f418af7/datanode-5/data/ratis/6be43ac1-de82-4381-b385-e31e8b3cca0d: Starting segment from index:0
2019-07-14 00:45:00,851 INFO  impl.RaftServerImpl (ServerState.java:setRaftConf(361)) - ce14ab2b-e9f0-4db2-a2f1-d9363a5f59fb:group-E31E8B3CCA0D set configuration 0: [ce14ab2b-e9f0-4db2-a2f1-d9363a5f59fb:192.168.157.230:36953], old=null at 0
2019-07-14 00:45:00,872 INFO  impl.FollowerState (FollowerState.java:run(106)) - 8d84ade6-f7de-47b8-9370-abe99a0ad98a:group-0B17EE41AE4B changes to CANDIDATE, lastRpcTime:5180, electionTimeout:5172ms
2019-07-14 00:45:00,874 INFO  impl.RoleInfo (RoleInfo.java:shutdownFollowerState(121)) - 8d84ade6-f7de-47b8-9370-abe99a0ad98a: shutdown FollowerState
2019-07-14 00:45:00,874 INFO  impl.RaftServerImpl (RaftServerImpl.java:setRole(171)) - 8d84ade6-f7de-47b8-9370-abe99a0ad98a:group-0B17EE41AE4B changes role from FOLLOWER to CANDIDATE at term 0 for changeToCandidate
2019-07-14 00:45:00,874 INFO  impl.RoleInfo (RoleInfo.java:updateAndGet(143)) - 8d84ade6-f7de-47b8-9370-abe99a0ad98a: start LeaderElection
2019-07-14 00:45:00,881 INFO  impl.FollowerState (FollowerState.java:run(106)) - 506685dc-188a-4fda-80b3-5cfd988a5ff6:group-8EC2A62E8276 changes to CANDIDATE, lastRpcTime:5016, electionTimeout:5016ms
2019-07-14 00:45:00,882 INFO  impl.RoleInfo (RoleInfo.java:shutdownFollowerState(121)) - 506685dc-188a-4fda-80b3-5cfd988a5ff6: shutdown FollowerState
2019-07-14 00:45:00,882 INFO  impl.RaftServerImpl (RaftServerImpl.java:setRole(171)) - 506685dc-188a-4fda-80b3-5cfd988a5ff6:group-8EC2A62E8276 changes role from FOLLOWER to CANDIDATE at term 0 for changeToCandidate
2019-07-14 00:45:00,882 INFO  impl.RoleInfo (RoleInfo.java:updateAndGet(143)) - 506685dc-188a-4fda-80b3-5cfd988a5ff6: start LeaderElection
2019-07-14 00:45:00,887 INFO  segmented.SegmentedRaftLogWorker (SegmentedRaftLogWorker.java:execute(569)) - ce14ab2b-e9f0-4db2-a2f1-d9363a5f59fb-SegmentedRaftLogWorker:Storage Directory /tmp/workdir/hadoop-ozone/integration-test/target/test-dir/MiniOzoneClusterImpl-9ec94e0c-450e-4dd1-984a-a0d71f418af7/datanode-5/data/ratis/6be43ac1-de82-4381-b385-e31e8b3cca0d: created new log segment /tmp/workdir/hadoop-ozone/integration-test/target/test-dir/MiniOzoneClusterImpl-9ec94e0c-450e-4dd1-984a-a0d71f418af7/datanode-5/data/ratis/6be43ac1-de82-4381-b385-e31e8b3cca0d/current/log_inprogress_0
2019-07-14 00:45:00,887 INFO  impl.LeaderElection (LeaderElection.java:askForVotes(181)) - 8d84ade6-f7de-47b8-9370-abe99a0ad98a:group-0B17EE41AE4B:LeaderElection7: begin an election at term 1 for -1: [8d84ade6-f7de-47b8-9370-abe99a0ad98a:192.168.157.230:34242], old=null
2019-07-14 00:45:00,887 INFO  impl.RoleInfo (RoleInfo.java:shutdownLeaderElection(134)) - 8d84ade6-f7de-47b8-9370-abe99a0ad98a: shutdown LeaderElection
2019-07-14 00:45:00,888 INFO  impl.RaftServerImpl (RaftServerImpl.java:setRole(171)) - 8d84ade6-f7de-47b8-9370-abe99a0ad98a:group-0B17EE41AE4B changes role from CANDIDATE to LEADER at term 1 for changeToLeader
2019-07-14 00:45:00,888 INFO  impl.RaftServerImpl (ServerState.java:setLeader(263)) - 8d84ade6-f7de-47b8-9370-abe99a0ad98a:group-0B17EE41AE4B change Leader from null to 8d84ade6-f7de-47b8-9370-abe99a0ad98a at term 1 for becomeLeader, leader elected after 5202ms
2019-07-14 00:45:00,890 INFO  server.RaftServerConfigKeys (ConfUtils.java:logGet(43)) - raft.server.staging.catchup.gap = 1000 (default)
2019-07-14 00:45:00,890 INFO  server.RaftServerConfigKeys (ConfUtils.java:logGet(43)) - raft.server.rpc.sleep.time = 25ms (default)
2019-07-14 00:45:00,890 INFO  server.RaftServerConfigKeys (ConfUtils.java:logGet(43)) - raft.server.write.element-limit = 4096 (default)
2019-07-14 00:45:00,890 INFO  server.RaftServerConfigKeys (ConfUtils.java:logGet(43)) - raft.server.watch.timeout = 10s (default)
2019-07-14 00:45:00,891 INFO  server.RaftServerConfigKeys (ConfUtils.java:logGet(43)) - raft.server.watch.timeout.denomination = 1s (default)
2019-07-14 00:45:00,891 INFO  server.RaftServerConfigKeys (ConfUtils.java:logGet(43)) - raft.server.watch.element-limit = 65536 (default)
2019-07-14 00:45:00,891 INFO  impl.RoleInfo (RoleInfo.java:updateAndGet(143)) - 8d84ade6-f7de-47b8-9370-abe99a0ad98a: start LeaderState
2019-07-14 00:45:00,891 INFO  impl.LeaderElection (LeaderElection.java:askForVotes(181)) - 506685dc-188a-4fda-80b3-5cfd988a5ff6:group-8EC2A62E8276:LeaderElection8: begin an election at term 1 for -1: [506685dc-188a-4fda-80b3-5cfd988a5ff6:192.168.157.230:41816, 16e41bcf-d4c6-45ef-9434-e9ed1f38239a:192.168.157.230:36114, 3dae385e-6267-41e3-b75e-2f59c3d5ae61:192.168.157.230:42426], old=null
2019-07-14 00:45:00,891 INFO  segmented.SegmentedRaftLogWorker (SegmentedRaftLogWorker.java:startLogSegment(380)) - 8d84ade6-f7de-47b8-9370-abe99a0ad98a-SegmentedRaftLogWorker:Storage Directory /tmp/workdir/hadoop-ozone/integration-test/target/test-dir/MiniOzoneClusterImpl-9ec94e0c-450e-4dd1-984a-a0d71f418af7/datanode-6/data/ratis/9e854c9f-7478-4c90-b403-0b17ee41ae4b: Starting segment from index:0
2019-07-14 00:45:00,894 INFO  impl.RaftServerImpl (ServerState.java:setRaftConf(361)) - 8d84ade6-f7de-47b8-9370-abe99a0ad98a:group-0B17EE41AE4B set configuration 0: [8d84ade6-f7de-47b8-9370-abe99a0ad98a:192.168.157.230:34242], old=null at 0
2019-07-14 00:45:00,936 INFO  segmented.SegmentedRaftLogWorker (SegmentedRaftLogWorker.java:execute(569)) - 8d84ade6-f7de-47b8-9370-abe99a0ad98a-SegmentedRaftLogWorker:Storage Directory /tmp/workdir/hadoop-ozone/integration-test/target/test-dir/MiniOzoneClusterImpl-9ec94e0c-450e-4dd1-984a-a0d71f418af7/datanode-6/data/ratis/9e854c9f-7478-4c90-b403-0b17ee41ae4b: created new log segment /tmp/workdir/hadoop-ozone/integration-test/target/test-dir/MiniOzoneClusterImpl-9ec94e0c-450e-4dd1-984a-a0d71f418af7/datanode-6/data/ratis/9e854c9f-7478-4c90-b403-0b17ee41ae4b/current/log_inprogress_0
2019-07-14 00:45:00,950 INFO  impl.RaftServerImpl (RaftServerImpl.java:setRole(171)) - 3dae385e-6267-41e3-b75e-2f59c3d5ae61:group-8EC2A62E8276 changes role from FOLLOWER to FOLLOWER at term 1 for recognizeCandidate:506685dc-188a-4fda-80b3-5cfd988a5ff6
2019-07-14 00:45:00,950 INFO  impl.RaftServerImpl (RaftServerImpl.java:setRole(171)) - 16e41bcf-d4c6-45ef-9434-e9ed1f38239a:group-8EC2A62E8276 changes role from FOLLOWER to FOLLOWER at term 1 for recognizeCandidate:506685dc-188a-4fda-80b3-5cfd988a5ff6
2019-07-14 00:45:00,950 INFO  impl.RoleInfo (RoleInfo.java:shutdownFollowerState(121)) - 3dae385e-6267-41e3-b75e-2f59c3d5ae61: shutdown FollowerState
2019-07-14 00:45:00,952 INFO  impl.RoleInfo (RoleInfo.java:shutdownFollowerState(121)) - 16e41bcf-d4c6-45ef-9434-e9ed1f38239a: shutdown FollowerState
2019-07-14 00:45:00,952 INFO  impl.RoleInfo (RoleInfo.java:updateAndGet(143)) - 3dae385e-6267-41e3-b75e-2f59c3d5ae61: start FollowerState
2019-07-14 00:45:00,952 INFO  impl.FollowerState (FollowerState.java:run(114)) - 16e41bcf-d4c6-45ef-9434-e9ed1f38239a: FollowerState was interrupted: java.lang.InterruptedException: sleep interrupted
2019-07-14 00:45:00,952 INFO  impl.RoleInfo (RoleInfo.java:updateAndGet(143)) - 16e41bcf-d4c6-45ef-9434-e9ed1f38239a: start FollowerState
2019-07-14 00:45:00,952 INFO  impl.FollowerState (FollowerState.java:run(114)) - 3dae385e-6267-41e3-b75e-2f59c3d5ae61: FollowerState was interrupted: java.lang.InterruptedException: sleep interrupted
2019-07-14 00:45:00,988 INFO  impl.LeaderElection (LeaderElection.java:logAndReturn(56)) - 506685dc-188a-4fda-80b3-5cfd988a5ff6:group-8EC2A62E8276:LeaderElection8: Election PASSED; received 1 response(s) [506685dc-188a-4fda-80b3-5cfd988a5ff6<-3dae385e-6267-41e3-b75e-2f59c3d5ae61#0:OK-t1] and 0 exception(s); 506685dc-188a-4fda-80b3-5cfd988a5ff6:t1, leader=null, voted=506685dc-188a-4fda-80b3-5cfd988a5ff6, raftlog=506685dc-188a-4fda-80b3-5cfd988a5ff6-SegmentedRaftLog:OPENED:c-1,f-1,i0, conf=-1: [506685dc-188a-4fda-80b3-5cfd988a5ff6:192.168.157.230:41816, 16e41bcf-d4c6-45ef-9434-e9ed1f38239a:192.168.157.230:36114, 3dae385e-6267-41e3-b75e-2f59c3d5ae61:192.168.157.230:42426], old=null
2019-07-14 00:45:00,988 INFO  impl.RoleInfo (RoleInfo.java:shutdownLeaderElection(134)) - 506685dc-188a-4fda-80b3-5cfd988a5ff6: shutdown LeaderElection
2019-07-14 00:45:00,988 INFO  impl.RaftServerImpl (RaftServerImpl.java:setRole(171)) - 506685dc-188a-4fda-80b3-5cfd988a5ff6:group-8EC2A62E8276 changes role from CANDIDATE to LEADER at term 1 for changeToLeader
2019-07-14 00:45:00,993 INFO  impl.RaftServerImpl (ServerState.java:setLeader(263)) - 506685dc-188a-4fda-80b3-5cfd988a5ff6:group-8EC2A62E8276 change Leader from null to 506685dc-188a-4fda-80b3-5cfd988a5ff6 at term 1 for becomeLeader, leader elected after 5141ms
2019-07-14 00:45:00,993 INFO  server.RaftServerConfigKeys (ConfUtils.java:logGet(43)) - raft.server.staging.catchup.gap = 1000 (default)
2019-07-14 00:45:00,993 INFO  server.RaftServerConfigKeys (ConfUtils.java:logGet(43)) - raft.server.rpc.sleep.time = 25ms (default)
2019-07-14 00:45:00,993 INFO  server.RaftServerConfigKeys (ConfUtils.java:logGet(43)) - raft.server.write.element-limit = 4096 (default)
2019-07-14 00:45:00,993 INFO  server.RaftServerConfigKeys (ConfUtils.java:logGet(43)) - raft.server.watch.timeout = 10s (default)
2019-07-14 00:45:00,994 INFO  server.RaftServerConfigKeys (ConfUtils.java:logGet(43)) - raft.server.watch.timeout.denomination = 1s (default)
2019-07-14 00:45:00,994 INFO  server.RaftServerConfigKeys (ConfUtils.java:logGet(43)) - raft.server.watch.element-limit = 65536 (default)
2019-07-14 00:45:00,997 INFO  server.RaftServerConfigKeys (ConfUtils.java:logGet(43)) - raft.server.log.appender.snapshot.chunk.size.max = 16MB (=16777216) (default)
2019-07-14 00:45:00,997 INFO  server.RaftServerConfigKeys (ConfUtils.java:logGet(43)) - raft.server.log.appender.buffer.byte-limit = 33554432 (custom)
2019-07-14 00:45:00,998 INFO  server.RaftServerConfigKeys (ConfUtils.java:logGet(43)) - raft.server.log.appender.buffer.element-limit = 1 (custom)
2019-07-14 00:45:01,002 INFO  impl.FollowerState (FollowerState.java:run(106)) - 9a33bc45-9b26-45b5-95ca-43aeeb6454e9:group-2270EE281D7E changes to CANDIDATE, lastRpcTime:5014, electionTimeout:5014ms
2019-07-14 00:45:01,004 INFO  grpc.GrpcConfigKeys$Server (ConfUtils.java:logGet(43)) - raft.grpc.server.leader.outstanding.appends.max = 128 (default)
2019-07-14 00:45:01,006 INFO  impl.RoleInfo (RoleInfo.java:shutdownFollowerState(121)) - 9a33bc45-9b26-45b5-95ca-43aeeb6454e9: shutdown FollowerState
2019-07-14 00:45:01,006 INFO  server.RaftServerConfigKeys (ConfUtils.java:logGet(43)) - raft.server.rpc.request.timeout = 3000ms (default)
2019-07-14 00:45:01,006 INFO  impl.RaftServerImpl (RaftServerImpl.java:setRole(171)) - 9a33bc45-9b26-45b5-95ca-43aeeb6454e9:group-2270EE281D7E changes role from FOLLOWER to CANDIDATE at term 0 for changeToCandidate
2019-07-14 00:45:01,006 INFO  server.RaftServerConfigKeys (ConfUtils.java:logGet(43)) - raft.server.log.appender.install.snapshot.enabled = false (custom)
2019-07-14 00:45:01,007 INFO  impl.RoleInfo (RoleInfo.java:updateAndGet(143)) - 9a33bc45-9b26-45b5-95ca-43aeeb6454e9: start LeaderElection
2019-07-14 00:45:01,007 INFO  server.RaftServerConfigKeys (ConfUtils.java:logGet(43)) - raft.server.log.appender.snapshot.chunk.size.max = 16MB (=16777216) (default)
2019-07-14 00:45:01,007 INFO  server.RaftServerConfigKeys (ConfUtils.java:logGet(43)) - raft.server.log.appender.buffer.byte-limit = 33554432 (custom)
2019-07-14 00:45:01,013 INFO  server.RaftServerConfigKeys (ConfUtils.java:logGet(43)) - raft.server.log.appender.buffer.element-limit = 1 (custom)
2019-07-14 00:45:01,013 INFO  grpc.GrpcConfigKeys$Server (ConfUtils.java:logGet(43)) - raft.grpc.server.leader.outstanding.appends.max = 128 (default)
2019-07-14 00:45:01,013 INFO  server.RaftServerConfigKeys (ConfUtils.java:logGet(43)) - raft.server.rpc.request.timeout = 3000ms (default)
2019-07-14 00:45:01,013 INFO  server.RaftServerConfigKeys (ConfUtils.java:logGet(43)) - raft.server.log.appender.install.snapshot.enabled = false (custom)
2019-07-14 00:45:01,015 INFO  impl.RoleInfo (RoleInfo.java:updateAndGet(143)) - 506685dc-188a-4fda-80b3-5cfd988a5ff6: start LeaderState
2019-07-14 00:45:01,016 INFO  segmented.SegmentedRaftLogWorker (SegmentedRaftLogWorker.java:startLogSegment(380)) - 506685dc-188a-4fda-80b3-5cfd988a5ff6-SegmentedRaftLogWorker:Storage Directory /tmp/workdir/hadoop-ozone/integration-test/target/test-dir/MiniOzoneClusterImpl-9ec94e0c-450e-4dd1-984a-a0d71f418af7/datanode-2/data/ratis/087ea731-58b4-4d75-8c27-8ec2a62e8276: Starting segment from index:0
2019-07-14 00:45:01,017 INFO  impl.RaftServerImpl (ServerState.java:setRaftConf(361)) - 506685dc-188a-4fda-80b3-5cfd988a5ff6:group-8EC2A62E8276 set configuration 0: [506685dc-188a-4fda-80b3-5cfd988a5ff6:192.168.157.230:41816, 16e41bcf-d4c6-45ef-9434-e9ed1f38239a:192.168.157.230:36114, 3dae385e-6267-41e3-b75e-2f59c3d5ae61:192.168.157.230:42426], old=null at 0
2019-07-14 00:45:01,036 INFO  impl.LeaderElection (LeaderElection.java:askForVotes(181)) - 9a33bc45-9b26-45b5-95ca-43aeeb6454e9:group-2270EE281D7E:LeaderElection9: begin an election at term 1 for -1: [9a33bc45-9b26-45b5-95ca-43aeeb6454e9:192.168.157.230:39161, 848b32c1-d13e-4445-99ad-9e1b3960d4ad:192.168.157.230:40554, 8d84ade6-f7de-47b8-9370-abe99a0ad98a:192.168.157.230:34242], old=null
2019-07-14 00:45:01,049 INFO  segmented.SegmentedRaftLogWorker (SegmentedRaftLogWorker.java:execute(569)) - 506685dc-188a-4fda-80b3-5cfd988a5ff6-SegmentedRaftLogWorker:Storage Directory /tmp/workdir/hadoop-ozone/integration-test/target/test-dir/MiniOzoneClusterImpl-9ec94e0c-450e-4dd1-984a-a0d71f418af7/datanode-2/data/ratis/087ea731-58b4-4d75-8c27-8ec2a62e8276: created new log segment /tmp/workdir/hadoop-ozone/integration-test/target/test-dir/MiniOzoneClusterImpl-9ec94e0c-450e-4dd1-984a-a0d71f418af7/datanode-2/data/ratis/087ea731-58b4-4d75-8c27-8ec2a62e8276/current/log_inprogress_0
2019-07-14 00:45:01,049 INFO  impl.FollowerState (FollowerState.java:run(106)) - 8d84ade6-f7de-47b8-9370-abe99a0ad98a:group-2270EE281D7E changes to CANDIDATE, lastRpcTime:5057, electionTimeout:5054ms
2019-07-14 00:45:01,049 INFO  impl.RoleInfo (RoleInfo.java:shutdownFollowerState(121)) - 8d84ade6-f7de-47b8-9370-abe99a0ad98a: shutdown FollowerState
2019-07-14 00:45:01,049 INFO  impl.RaftServerImpl (RaftServerImpl.java:setRole(171)) - 8d84ade6-f7de-47b8-9370-abe99a0ad98a:group-2270EE281D7E changes role from FOLLOWER to CANDIDATE at term 0 for changeToCandidate
2019-07-14 00:45:01,050 INFO  impl.RoleInfo (RoleInfo.java:updateAndGet(143)) - 8d84ade6-f7de-47b8-9370-abe99a0ad98a: start LeaderElection
2019-07-14 00:45:01,074 INFO  impl.RaftServerImpl (RaftServerImpl.java:setRole(171)) - 848b32c1-d13e-4445-99ad-9e1b3960d4ad:group-2270EE281D7E changes role from FOLLOWER to FOLLOWER at term 1 for recognizeCandidate:9a33bc45-9b26-45b5-95ca-43aeeb6454e9
2019-07-14 00:45:01,076 INFO  impl.RoleInfo (RoleInfo.java:shutdownFollowerState(121)) - 848b32c1-d13e-4445-99ad-9e1b3960d4ad: shutdown FollowerState
2019-07-14 00:45:01,077 INFO  impl.LeaderElection (LeaderElection.java:askForVotes(181)) - 8d84ade6-f7de-47b8-9370-abe99a0ad98a:group-2270EE281D7E:LeaderElection10: begin an election at term 1 for -1: [9a33bc45-9b26-45b5-95ca-43aeeb6454e9:192.168.157.230:39161, 848b32c1-d13e-4445-99ad-9e1b3960d4ad:192.168.157.230:40554, 8d84ade6-f7de-47b8-9370-abe99a0ad98a:192.168.157.230:34242], old=null
2019-07-14 00:45:01,077 INFO  impl.FollowerState (FollowerState.java:run(114)) - 848b32c1-d13e-4445-99ad-9e1b3960d4ad: FollowerState was interrupted: java.lang.InterruptedException: sleep interrupted
2019-07-14 00:45:01,079 INFO  impl.RoleInfo (RoleInfo.java:updateAndGet(143)) - 848b32c1-d13e-4445-99ad-9e1b3960d4ad: start FollowerState
2019-07-14 00:45:01,101 INFO  impl.RaftServerImpl (ServerState.java:setLeader(263)) - 3dae385e-6267-41e3-b75e-2f59c3d5ae61:group-8EC2A62E8276 change Leader from null to 506685dc-188a-4fda-80b3-5cfd988a5ff6 at term 1 for appendEntries, leader elected after 5250ms
2019-07-14 00:45:01,101 INFO  impl.RaftServerImpl (ServerState.java:setLeader(263)) - 16e41bcf-d4c6-45ef-9434-e9ed1f38239a:group-8EC2A62E8276 change Leader from null to 506685dc-188a-4fda-80b3-5cfd988a5ff6 at term 1 for appendEntries, leader elected after 5250ms
2019-07-14 00:45:01,108 INFO  impl.LeaderElection (LeaderElection.java:logAndReturn(56)) - 9a33bc45-9b26-45b5-95ca-43aeeb6454e9:group-2270EE281D7E:LeaderElection9: Election PASSED; received 2 response(s) [9a33bc45-9b26-45b5-95ca-43aeeb6454e9<-848b32c1-d13e-4445-99ad-9e1b3960d4ad#0:OK-t1, 9a33bc45-9b26-45b5-95ca-43aeeb6454e9<-8d84ade6-f7de-47b8-9370-abe99a0ad98a#0:FAIL-t1] and 0 exception(s); 9a33bc45-9b26-45b5-95ca-43aeeb6454e9:t1, leader=null, voted=9a33bc45-9b26-45b5-95ca-43aeeb6454e9, raftlog=9a33bc45-9b26-45b5-95ca-43aeeb6454e9-SegmentedRaftLog:OPENED:c-1,f-1,i0, conf=-1: [9a33bc45-9b26-45b5-95ca-43aeeb6454e9:192.168.157.230:39161, 848b32c1-d13e-4445-99ad-9e1b3960d4ad:192.168.157.230:40554, 8d84ade6-f7de-47b8-9370-abe99a0ad98a:192.168.157.230:34242], old=null
2019-07-14 00:45:01,111 INFO  impl.RoleInfo (RoleInfo.java:shutdownLeaderElection(134)) - 9a33bc45-9b26-45b5-95ca-43aeeb6454e9: shutdown LeaderElection
2019-07-14 00:45:01,116 INFO  impl.RaftServerImpl (RaftServerImpl.java:setRole(171)) - 9a33bc45-9b26-45b5-95ca-43aeeb6454e9:group-2270EE281D7E changes role from CANDIDATE to LEADER at term 1 for changeToLeader
2019-07-14 00:45:01,120 INFO  impl.RaftServerImpl (ServerState.java:setLeader(263)) - 9a33bc45-9b26-45b5-95ca-43aeeb6454e9:group-2270EE281D7E change Leader from null to 9a33bc45-9b26-45b5-95ca-43aeeb6454e9 at term 1 for becomeLeader, leader elected after 5148ms
2019-07-14 00:45:01,120 INFO  server.RaftServerConfigKeys (ConfUtils.java:logGet(43)) - raft.server.staging.catchup.gap = 1000 (default)
2019-07-14 00:45:01,124 INFO  server.RaftServerConfigKeys (ConfUtils.java:logGet(43)) - raft.server.rpc.sleep.time = 25ms (default)
2019-07-14 00:45:01,126 INFO  server.RaftServerConfigKeys (ConfUtils.java:logGet(43)) - raft.server.write.element-limit = 4096 (default)
2019-07-14 00:45:01,127 INFO  server.RaftServerConfigKeys (ConfUtils.java:logGet(43)) - raft.server.watch.timeout = 10s (default)
2019-07-14 00:45:01,127 INFO  server.RaftServerConfigKeys (ConfUtils.java:logGet(43)) - raft.server.watch.timeout.denomination = 1s (default)
2019-07-14 00:45:01,127 INFO  server.RaftServerConfigKeys (ConfUtils.java:logGet(43)) - raft.server.watch.element-limit = 65536 (default)
2019-07-14 00:45:01,128 INFO  server.RaftServerConfigKeys (ConfUtils.java:logGet(43)) - raft.server.log.appender.snapshot.chunk.size.max = 16MB (=16777216) (default)
2019-07-14 00:45:01,128 INFO  server.RaftServerConfigKeys (ConfUtils.java:logGet(43)) - raft.server.log.appender.buffer.byte-limit = 33554432 (custom)
2019-07-14 00:45:01,130 INFO  server.RaftServerConfigKeys (ConfUtils.java:logGet(43)) - raft.server.log.appender.buffer.element-limit = 1 (custom)
2019-07-14 00:45:01,130 INFO  grpc.GrpcConfigKeys$Server (ConfUtils.java:logGet(43)) - raft.grpc.server.leader.outstanding.appends.max = 128 (default)
2019-07-14 00:45:01,131 INFO  impl.LeaderElection (LeaderElection.java:logAndReturn(56)) - 8d84ade6-f7de-47b8-9370-abe99a0ad98a:group-2270EE281D7E:LeaderElection10: Election REJECTED; received 2 response(s) [8d84ade6-f7de-47b8-9370-abe99a0ad98a<-9a33bc45-9b26-45b5-95ca-43aeeb6454e9#0:FAIL-t1, 8d84ade6-f7de-47b8-9370-abe99a0ad98a<-848b32c1-d13e-4445-99ad-9e1b3960d4ad#0:FAIL-t1] and 0 exception(s); 8d84ade6-f7de-47b8-9370-abe99a0ad98a:t1, leader=null, voted=8d84ade6-f7de-47b8-9370-abe99a0ad98a, raftlog=8d84ade6-f7de-47b8-9370-abe99a0ad98a-SegmentedRaftLog:OPENED:c-1,f-1,i0, conf=-1: [9a33bc45-9b26-45b5-95ca-43aeeb6454e9:192.168.157.230:39161, 848b32c1-d13e-4445-99ad-9e1b3960d4ad:192.168.157.230:40554, 8d84ade6-f7de-47b8-9370-abe99a0ad98a:192.168.157.230:34242], old=null
2019-07-14 00:45:01,131 INFO  server.RaftServerConfigKeys (ConfUtils.java:logGet(43)) - raft.server.rpc.request.timeout = 3000ms (default)
2019-07-14 00:45:01,132 INFO  impl.RaftServerImpl (RaftServerImpl.java:setRole(171)) - 8d84ade6-f7de-47b8-9370-abe99a0ad98a:group-2270EE281D7E changes role from CANDIDATE to FOLLOWER at term 1 for DISCOVERED_A_NEW_TERM
2019-07-14 00:45:01,135 INFO  impl.RoleInfo (RoleInfo.java:shutdownLeaderElection(134)) - 8d84ade6-f7de-47b8-9370-abe99a0ad98a: shutdown LeaderElection
2019-07-14 00:45:01,133 INFO  server.RaftServerConfigKeys (ConfUtils.java:logGet(43)) - raft.server.log.appender.install.snapshot.enabled = false (custom)
2019-07-14 00:45:01,135 INFO  impl.RoleInfo (RoleInfo.java:updateAndGet(143)) - 8d84ade6-f7de-47b8-9370-abe99a0ad98a: start FollowerState
2019-07-14 00:45:01,135 INFO  server.RaftServerConfigKeys (ConfUtils.java:logGet(43)) - raft.server.log.appender.snapshot.chunk.size.max = 16MB (=16777216) (default)
2019-07-14 00:45:01,136 INFO  server.RaftServerConfigKeys (ConfUtils.java:logGet(43)) - raft.server.log.appender.buffer.byte-limit = 33554432 (custom)
2019-07-14 00:45:01,138 INFO  server.RaftServerConfigKeys (ConfUtils.java:logGet(43)) - raft.server.log.appender.buffer.element-limit = 1 (custom)
2019-07-14 00:45:01,138 INFO  grpc.GrpcConfigKeys$Server (ConfUtils.java:logGet(43)) - raft.grpc.server.leader.outstanding.appends.max = 128 (default)
2019-07-14 00:45:01,138 INFO  server.RaftServerConfigKeys (ConfUtils.java:logGet(43)) - raft.server.rpc.request.timeout = 3000ms (default)
2019-07-14 00:45:01,139 INFO  server.RaftServerConfigKeys (ConfUtils.java:logGet(43)) - raft.server.log.appender.install.snapshot.enabled = false (custom)
2019-07-14 00:45:01,139 INFO  impl.RoleInfo (RoleInfo.java:updateAndGet(143)) - 9a33bc45-9b26-45b5-95ca-43aeeb6454e9: start LeaderState
2019-07-14 00:45:01,139 INFO  segmented.SegmentedRaftLogWorker (SegmentedRaftLogWorker.java:startLogSegment(380)) - 9a33bc45-9b26-45b5-95ca-43aeeb6454e9-SegmentedRaftLogWorker:Storage Directory /tmp/workdir/hadoop-ozone/integration-test/target/test-dir/MiniOzoneClusterImpl-9ec94e0c-450e-4dd1-984a-a0d71f418af7/datanode-1/data/ratis/06e6b231-4478-4817-a5cf-2270ee281d7e: Starting segment from index:0
2019-07-14 00:45:01,140 INFO  impl.RaftServerImpl (ServerState.java:setRaftConf(361)) - 9a33bc45-9b26-45b5-95ca-43aeeb6454e9:group-2270EE281D7E set configuration 0: [9a33bc45-9b26-45b5-95ca-43aeeb6454e9:192.168.157.230:39161, 848b32c1-d13e-4445-99ad-9e1b3960d4ad:192.168.157.230:40554, 8d84ade6-f7de-47b8-9370-abe99a0ad98a:192.168.157.230:34242], old=null at 0
2019-07-14 00:45:01,168 INFO  impl.RaftServerImpl (ServerState.java:setLeader(263)) - 848b32c1-d13e-4445-99ad-9e1b3960d4ad:group-2270EE281D7E change Leader from null to 9a33bc45-9b26-45b5-95ca-43aeeb6454e9 at term 1 for appendEntries, leader elected after 5196ms
2019-07-14 00:45:01,168 INFO  impl.RaftServerImpl (ServerState.java:setLeader(263)) - 8d84ade6-f7de-47b8-9370-abe99a0ad98a:group-2270EE281D7E change Leader from null to 9a33bc45-9b26-45b5-95ca-43aeeb6454e9 at term 1 for appendEntries, leader elected after 5197ms
2019-07-14 00:45:01,171 INFO  segmented.SegmentedRaftLogWorker (SegmentedRaftLogWorker.java:execute(569)) - 9a33bc45-9b26-45b5-95ca-43aeeb6454e9-SegmentedRaftLogWorker:Storage Directory /tmp/workdir/hadoop-ozone/integration-test/target/test-dir/MiniOzoneClusterImpl-9ec94e0c-450e-4dd1-984a-a0d71f418af7/datanode-1/data/ratis/06e6b231-4478-4817-a5cf-2270ee281d7e: created new log segment /tmp/workdir/hadoop-ozone/integration-test/target/test-dir/MiniOzoneClusterImpl-9ec94e0c-450e-4dd1-984a-a0d71f418af7/datanode-1/data/ratis/06e6b231-4478-4817-a5cf-2270ee281d7e/current/log_inprogress_0
2019-07-14 00:45:01,178 INFO  impl.RaftServerImpl (ServerState.java:setRaftConf(361)) - 3dae385e-6267-41e3-b75e-2f59c3d5ae61:group-8EC2A62E8276 set configuration 0: [506685dc-188a-4fda-80b3-5cfd988a5ff6:192.168.157.230:41816, 16e41bcf-d4c6-45ef-9434-e9ed1f38239a:192.168.157.230:36114, 3dae385e-6267-41e3-b75e-2f59c3d5ae61:192.168.157.230:42426], old=null at 0
2019-07-14 00:45:01,178 INFO  impl.RaftServerImpl (ServerState.java:setRaftConf(361)) - 16e41bcf-d4c6-45ef-9434-e9ed1f38239a:group-8EC2A62E8276 set configuration 0: [506685dc-188a-4fda-80b3-5cfd988a5ff6:192.168.157.230:41816, 16e41bcf-d4c6-45ef-9434-e9ed1f38239a:192.168.157.230:36114, 3dae385e-6267-41e3-b75e-2f59c3d5ae61:192.168.157.230:42426], old=null at 0
2019-07-14 00:45:01,180 INFO  impl.RaftServerImpl (ServerState.java:setRaftConf(361)) - 848b32c1-d13e-4445-99ad-9e1b3960d4ad:group-2270EE281D7E set configuration 0: [9a33bc45-9b26-45b5-95ca-43aeeb6454e9:192.168.157.230:39161, 848b32c1-d13e-4445-99ad-9e1b3960d4ad:192.168.157.230:40554, 8d84ade6-f7de-47b8-9370-abe99a0ad98a:192.168.157.230:34242], old=null at 0
2019-07-14 00:45:01,180 INFO  segmented.SegmentedRaftLogWorker (SegmentedRaftLogWorker.java:startLogSegment(380)) - 3dae385e-6267-41e3-b75e-2f59c3d5ae61-SegmentedRaftLogWorker:Storage Directory /tmp/workdir/hadoop-ozone/integration-test/target/test-dir/MiniOzoneClusterImpl-9ec94e0c-450e-4dd1-984a-a0d71f418af7/datanode-0/data/ratis/087ea731-58b4-4d75-8c27-8ec2a62e8276: Starting segment from index:0
2019-07-14 00:45:01,178 INFO  impl.RaftServerImpl (ServerState.java:setRaftConf(361)) - 8d84ade6-f7de-47b8-9370-abe99a0ad98a:group-2270EE281D7E set configuration 0: [9a33bc45-9b26-45b5-95ca-43aeeb6454e9:192.168.157.230:39161, 848b32c1-d13e-4445-99ad-9e1b3960d4ad:192.168.157.230:40554, 8d84ade6-f7de-47b8-9370-abe99a0ad98a:192.168.157.230:34242], old=null at 0
2019-07-14 00:45:01,180 INFO  segmented.SegmentedRaftLogWorker (SegmentedRaftLogWorker.java:startLogSegment(380)) - 848b32c1-d13e-4445-99ad-9e1b3960d4ad-SegmentedRaftLogWorker:Storage Directory /tmp/workdir/hadoop-ozone/integration-test/target/test-dir/MiniOzoneClusterImpl-9ec94e0c-450e-4dd1-984a-a0d71f418af7/datanode-3/data/ratis/06e6b231-4478-4817-a5cf-2270ee281d7e: Starting segment from index:0
2019-07-14 00:45:01,180 INFO  segmented.SegmentedRaftLogWorker (SegmentedRaftLogWorker.java:startLogSegment(380)) - 16e41bcf-d4c6-45ef-9434-e9ed1f38239a-SegmentedRaftLogWorker:Storage Directory /tmp/workdir/hadoop-ozone/integration-test/target/test-dir/MiniOzoneClusterImpl-9ec94e0c-450e-4dd1-984a-a0d71f418af7/datanode-4/data/ratis/087ea731-58b4-4d75-8c27-8ec2a62e8276: Starting segment from index:0
2019-07-14 00:45:01,180 INFO  segmented.SegmentedRaftLogWorker (SegmentedRaftLogWorker.java:startLogSegment(380)) - 8d84ade6-f7de-47b8-9370-abe99a0ad98a-SegmentedRaftLogWorker:Storage Directory /tmp/workdir/hadoop-ozone/integration-test/target/test-dir/MiniOzoneClusterImpl-9ec94e0c-450e-4dd1-984a-a0d71f418af7/datanode-6/data/ratis/06e6b231-4478-4817-a5cf-2270ee281d7e: Starting segment from index:0
2019-07-14 00:45:01,210 INFO  segmented.SegmentedRaftLogWorker (SegmentedRaftLogWorker.java:execute(569)) - 8d84ade6-f7de-47b8-9370-abe99a0ad98a-SegmentedRaftLogWorker:Storage Directory /tmp/workdir/hadoop-ozone/integration-test/target/test-dir/MiniOzoneClusterImpl-9ec94e0c-450e-4dd1-984a-a0d71f418af7/datanode-6/data/ratis/06e6b231-4478-4817-a5cf-2270ee281d7e: created new log segment /tmp/workdir/hadoop-ozone/integration-test/target/test-dir/MiniOzoneClusterImpl-9ec94e0c-450e-4dd1-984a-a0d71f418af7/datanode-6/data/ratis/06e6b231-4478-4817-a5cf-2270ee281d7e/current/log_inprogress_0
2019-07-14 00:45:01,210 INFO  segmented.SegmentedRaftLogWorker (SegmentedRaftLogWorker.java:execute(569)) - 3dae385e-6267-41e3-b75e-2f59c3d5ae61-SegmentedRaftLogWorker:Storage Directory /tmp/workdir/hadoop-ozone/integration-test/target/test-dir/MiniOzoneClusterImpl-9ec94e0c-450e-4dd1-984a-a0d71f418af7/datanode-0/data/ratis/087ea731-58b4-4d75-8c27-8ec2a62e8276: created new log segment /tmp/workdir/hadoop-ozone/integration-test/target/test-dir/MiniOzoneClusterImpl-9ec94e0c-450e-4dd1-984a-a0d71f418af7/datanode-0/data/ratis/087ea731-58b4-4d75-8c27-8ec2a62e8276/current/log_inprogress_0
2019-07-14 00:45:01,223 INFO  segmented.SegmentedRaftLogWorker (SegmentedRaftLogWorker.java:execute(569)) - 848b32c1-d13e-4445-99ad-9e1b3960d4ad-SegmentedRaftLogWorker:Storage Directory /tmp/workdir/hadoop-ozone/integration-test/target/test-dir/MiniOzoneClusterImpl-9ec94e0c-450e-4dd1-984a-a0d71f418af7/datanode-3/data/ratis/06e6b231-4478-4817-a5cf-2270ee281d7e: created new log segment /tmp/workdir/hadoop-ozone/integration-test/target/test-dir/MiniOzoneClusterImpl-9ec94e0c-450e-4dd1-984a-a0d71f418af7/datanode-3/data/ratis/06e6b231-4478-4817-a5cf-2270ee281d7e/current/log_inprogress_0
2019-07-14 00:45:01,223 INFO  segmented.SegmentedRaftLogWorker (SegmentedRaftLogWorker.java:execute(569)) - 16e41bcf-d4c6-45ef-9434-e9ed1f38239a-SegmentedRaftLogWorker:Storage Directory /tmp/workdir/hadoop-ozone/integration-test/target/test-dir/MiniOzoneClusterImpl-9ec94e0c-450e-4dd1-984a-a0d71f418af7/datanode-4/data/ratis/087ea731-58b4-4d75-8c27-8ec2a62e8276: created new log segment /tmp/workdir/hadoop-ozone/integration-test/target/test-dir/MiniOzoneClusterImpl-9ec94e0c-450e-4dd1-984a-a0d71f418af7/datanode-4/data/ratis/087ea731-58b4-4d75-8c27-8ec2a62e8276/current/log_inprogress_0
2019-07-14 00:45:01,408 INFO  client.GrpcClientProtocolClient (GrpcClientProtocolClient.java:onNext(255)) - client-B08041F20DDE->16e41bcf-d4c6-45ef-9434-e9ed1f38239a: receive RaftClientReply:client-B08041F20DDE->16e41bcf-d4c6-45ef-9434-e9ed1f38239a@group-8EC2A62E8276, cid=13, FAILED org.apache.ratis.protocol.NotLeaderException: Server 16e41bcf-d4c6-45ef-9434-e9ed1f38239a is not the leader (506685dc-188a-4fda-80b3-5cfd988a5ff6:192.168.157.230:41816). Request must be sent to leader., logIndex=0, commits[16e41bcf-d4c6-45ef-9434-e9ed1f38239a:c0, 506685dc-188a-4fda-80b3-5cfd988a5ff6:c0, 3dae385e-6267-41e3-b75e-2f59c3d5ae61:c-1]
2019-07-14 00:45:01,717 INFO  client.GrpcClientProtocolClient (GrpcClientProtocolClient.java:onNext(255)) - client-B08041F20DDE->506685dc-188a-4fda-80b3-5cfd988a5ff6: receive RaftClientReply:client-B08041F20DDE->506685dc-188a-4fda-80b3-5cfd988a5ff6@group-8EC2A62E8276, cid=13, SUCCESS, logIndex=1, commits[506685dc-188a-4fda-80b3-5cfd988a5ff6:c1, 16e41bcf-d4c6-45ef-9434-e9ed1f38239a:c0, 3dae385e-6267-41e3-b75e-2f59c3d5ae61:c0]
2019-07-14 00:45:01,757 INFO  client.GrpcClientProtocolClient (GrpcClientProtocolClient.java:onNext(255)) - client-B08041F20DDE->506685dc-188a-4fda-80b3-5cfd988a5ff6: receive RaftClientReply:client-B08041F20DDE->506685dc-188a-4fda-80b3-5cfd988a5ff6@group-8EC2A62E8276, cid=14, SUCCESS, logIndex=3, commits[506685dc-188a-4fda-80b3-5cfd988a5ff6:c4, 16e41bcf-d4c6-45ef-9434-e9ed1f38239a:c2, 3dae385e-6267-41e3-b75e-2f59c3d5ae61:c2]
2019-07-14 00:45:01,838 INFO  client.GrpcClientProtocolClient (GrpcClientProtocolClient.java:onNext(255)) - client-B08041F20DDE->506685dc-188a-4fda-80b3-5cfd988a5ff6: receive RaftClientReply:client-B08041F20DDE->506685dc-188a-4fda-80b3-5cfd988a5ff6@group-8EC2A62E8276, cid=15, SUCCESS, logIndex=4, commits[506685dc-188a-4fda-80b3-5cfd988a5ff6:c12, 16e41bcf-d4c6-45ef-9434-e9ed1f38239a:c8, 3dae385e-6267-41e3-b75e-2f59c3d5ae61:c8]
2019-07-14 00:45:01,841 INFO  client.GrpcClientProtocolClient (GrpcClientProtocolClient.java:onNext(255)) - client-B08041F20DDE->506685dc-188a-4fda-80b3-5cfd988a5ff6: receive RaftClientReply:client-B08041F20DDE->506685dc-188a-4fda-80b3-5cfd988a5ff6@group-8EC2A62E8276, cid=16, SUCCESS, logIndex=5, commits[506685dc-188a-4fda-80b3-5cfd988a5ff6:c12, 16e41bcf-d4c6-45ef-9434-e9ed1f38239a:c8, 3dae385e-6267-41e3-b75e-2f59c3d5ae61:c8]
2019-07-14 00:45:01,842 INFO  client.GrpcClientProtocolClient (GrpcClientProtocolClient.java:onNext(255)) - client-B08041F20DDE->506685dc-188a-4fda-80b3-5cfd988a5ff6: receive RaftClientReply:client-B08041F20DDE->506685dc-188a-4fda-80b3-5cfd988a5ff6@group-8EC2A62E8276, cid=17, SUCCESS, logIndex=6, commits[506685dc-188a-4fda-80b3-5cfd988a5ff6:c12, 16e41bcf-d4c6-45ef-9434-e9ed1f38239a:c8, 3dae385e-6267-41e3-b75e-2f59c3d5ae61:c8]
2019-07-14 00:45:01,950 INFO  client.GrpcClientProtocolClient (GrpcClientProtocolClient.java:onNext(255)) - client-B08041F20DDE->506685dc-188a-4fda-80b3-5cfd988a5ff6: receive RaftClientReply:client-B08041F20DDE->506685dc-188a-4fda-80b3-5cfd988a5ff6@group-8EC2A62E8276, cid=18, SUCCESS, logIndex=7, commits[506685dc-188a-4fda-80b3-5cfd988a5ff6:c12, 16e41bcf-d4c6-45ef-9434-e9ed1f38239a:c8, 3dae385e-6267-41e3-b75e-2f59c3d5ae61:c8]
2019-07-14 00:45:01,959 INFO  pipeline.SCMPipelineManager (SCMPipelineManager.java:finalizeAndDestroyPipeline(309)) - destroying pipeline:Pipeline[ Id: 087ea731-58b4-4d75-8c27-8ec2a62e8276, Nodes: 3dae385e-6267-41e3-b75e-2f59c3d5ae61{ip: 192.168.157.230, host: trunk-nightly-sxkq5-3320257302, networkLocation: /default-rack, certSerialId: null}506685dc-188a-4fda-80b3-5cfd988a5ff6{ip: 192.168.157.230, host: trunk-nightly-sxkq5-3320257302, networkLocation: /default-rack, certSerialId: null}16e41bcf-d4c6-45ef-9434-e9ed1f38239a{ip: 192.168.157.230, host: trunk-nightly-sxkq5-3320257302, networkLocation: /default-rack, certSerialId: null}, Type:RATIS, Factor:THREE, State:OPEN]
2019-07-14 00:45:01,961 INFO  pipeline.PipelineStateManager (PipelineStateManager.java:finalizePipeline(123)) - Pipeline Pipeline[ Id: 087ea731-58b4-4d75-8c27-8ec2a62e8276, Nodes: 3dae385e-6267-41e3-b75e-2f59c3d5ae61{ip: 192.168.157.230, host: trunk-nightly-sxkq5-3320257302, networkLocation: /default-rack, certSerialId: null}506685dc-188a-4fda-80b3-5cfd988a5ff6{ip: 192.168.157.230, host: trunk-nightly-sxkq5-3320257302, networkLocation: /default-rack, certSerialId: null}16e41bcf-d4c6-45ef-9434-e9ed1f38239a{ip: 192.168.157.230, host: trunk-nightly-sxkq5-3320257302, networkLocation: /default-rack, certSerialId: null}, Type:RATIS, Factor:THREE, State:CLOSED] moved to CLOSED state
2019-07-14 00:45:01,962 INFO  container.CloseContainerEventHandler (CloseContainerEventHandler.java:onMessage(61)) - Close container Event triggered for container : #1
2019-07-14 00:45:01,981 INFO  impl.RaftServerProxy (RaftServerProxy.java:remove(95)) - 3dae385e-6267-41e3-b75e-2f59c3d5ae61: remove FOLLOWER group-8EC2A62E8276 3dae385e-6267-41e3-b75e-2f59c3d5ae61:t1, leader=506685dc-188a-4fda-80b3-5cfd988a5ff6, voted=506685dc-188a-4fda-80b3-5cfd988a5ff6, raftlog=3dae385e-6267-41e3-b75e-2f59c3d5ae61-SegmentedRaftLog:OPENED:c8,f12,i12, conf=0: [506685dc-188a-4fda-80b3-5cfd988a5ff6:192.168.157.230:41816, 16e41bcf-d4c6-45ef-9434-e9ed1f38239a:192.168.157.230:36114, 3dae385e-6267-41e3-b75e-2f59c3d5ae61:192.168.157.230:42426], old=null RUNNING
2019-07-14 00:45:01,985 INFO  impl.RaftServerImpl (RaftServerImpl.java:lambda$shutdown$3(245)) - 3dae385e-6267-41e3-b75e-2f59c3d5ae61: shutdown group-8EC2A62E8276
2019-07-14 00:45:01,986 INFO  util.JmxRegister (JmxRegister.java:unregister(73)) - Successfully un-registered JMX Bean with object name Ratis:service=RaftServer,group=group-8EC2A62E8276,id=3dae385e-6267-41e3-b75e-2f59c3d5ae61
2019-07-14 00:45:01,986 INFO  impl.RoleInfo (RoleInfo.java:shutdownFollowerState(121)) - 3dae385e-6267-41e3-b75e-2f59c3d5ae61: shutdown FollowerState
2019-07-14 00:45:01,987 INFO  impl.StateMachineUpdater (StateMachineUpdater.java:stopAndJoin(115)) - StateMachineUpdater:3dae385e-6267-41e3-b75e-2f59c3d5ae61:group-8EC2A62E8276: set stopIndex = 8
2019-07-14 00:45:01,987 INFO  impl.FollowerState (FollowerState.java:run(114)) - 3dae385e-6267-41e3-b75e-2f59c3d5ae61: FollowerState was interrupted: java.lang.InterruptedException: sleep interrupted
2019-07-14 00:45:01,987 INFO  ratis.ContainerStateMachine (ContainerStateMachine.java:takeSnapshot(246)) - Taking snapshot at termIndex:(t:1, i:8)
2019-07-14 00:45:01,991 INFO  ratis.ContainerStateMachine (ContainerStateMachine.java:takeSnapshot(250)) - Taking a snapshot to file /tmp/workdir/hadoop-ozone/integration-test/target/test-dir/MiniOzoneClusterImpl-9ec94e0c-450e-4dd1-984a-a0d71f418af7/datanode-0/data/ratis/087ea731-58b4-4d75-8c27-8ec2a62e8276/sm/snapshot.1_8
2019-07-14 00:45:02,003 INFO  impl.StateMachineUpdater (StateMachineUpdater.java:takeSnapshot(242)) - StateMachineUpdater:3dae385e-6267-41e3-b75e-2f59c3d5ae61:group-8EC2A62E8276: Took a snapshot at index 8
2019-07-14 00:45:02,005 INFO  impl.StateMachineUpdater (StateMachineUpdater.java:lambda$new$0(80)) - StateMachineUpdater:3dae385e-6267-41e3-b75e-2f59c3d5ae61:group-8EC2A62E8276: snapshotIndex: updateIncreasingly -1 -> 8
2019-07-14 00:45:02,010 INFO  impl.RaftServerImpl (ServerState.java:close(394)) - 3dae385e-6267-41e3-b75e-2f59c3d5ae61:group-8EC2A62E8276 closes. The last applied log index is 8
2019-07-14 00:45:02,012 INFO  segmented.SegmentedRaftLogWorker (SegmentedRaftLogWorker.java:run(313)) - 3dae385e-6267-41e3-b75e-2f59c3d5ae61-SegmentedRaftLogWorker:Storage Directory /tmp/workdir/hadoop-ozone/integration-test/target/test-dir/MiniOzoneClusterImpl-9ec94e0c-450e-4dd1-984a-a0d71f418af7/datanode-0/data/ratis/087ea731-58b4-4d75-8c27-8ec2a62e8276 was interrupted, exiting. There are 0 tasks remaining in the queue.
2019-07-14 00:45:02,016 INFO  segmented.SegmentedRaftLogWorker (SegmentedRaftLogWorker.java:close(228)) - 3dae385e-6267-41e3-b75e-2f59c3d5ae61-SegmentedRaftLogWorker:Storage Directory /tmp/workdir/hadoop-ozone/integration-test/target/test-dir/MiniOzoneClusterImpl-9ec94e0c-450e-4dd1-984a-a0d71f418af7/datanode-0/data/ratis/087ea731-58b4-4d75-8c27-8ec2a62e8276 close()
2019-07-14 00:45:02,040 INFO  impl.RaftServerProxy (RaftServerProxy.java:remove(95)) - 506685dc-188a-4fda-80b3-5cfd988a5ff6: remove   LEADER group-8EC2A62E8276 506685dc-188a-4fda-80b3-5cfd988a5ff6:t1, leader=506685dc-188a-4fda-80b3-5cfd988a5ff6, voted=506685dc-188a-4fda-80b3-5cfd988a5ff6, raftlog=506685dc-188a-4fda-80b3-5cfd988a5ff6-SegmentedRaftLog:OPENED:c12,f12,i12, conf=0: [506685dc-188a-4fda-80b3-5cfd988a5ff6:192.168.157.230:41816, 16e41bcf-d4c6-45ef-9434-e9ed1f38239a:192.168.157.230:36114, 3dae385e-6267-41e3-b75e-2f59c3d5ae61:192.168.157.230:42426], old=null RUNNING
2019-07-14 00:45:02,040 INFO  impl.RaftServerImpl (RaftServerImpl.java:lambda$shutdown$3(245)) - 506685dc-188a-4fda-80b3-5cfd988a5ff6: shutdown group-8EC2A62E8276
2019-07-14 00:45:02,040 INFO  util.JmxRegister (JmxRegister.java:unregister(73)) - Successfully un-registered JMX Bean with object name Ratis:service=RaftServer,group=group-8EC2A62E8276,id=506685dc-188a-4fda-80b3-5cfd988a5ff6
2019-07-14 00:45:02,041 INFO  impl.RoleInfo (RoleInfo.java:shutdownLeaderState(104)) - 506685dc-188a-4fda-80b3-5cfd988a5ff6: shutdown LeaderState
2019-07-14 00:45:02,045 INFO  impl.PendingRequests (PendingRequests.java:sendNotLeaderResponses(202)) - 506685dc-188a-4fda-80b3-5cfd988a5ff6-PendingRequests: sendNotLeaderResponses
2019-07-14 00:45:02,045 WARN  server.GrpcLogAppender (GrpcLogAppender.java:mayWait(143)) - GrpcLogAppender(506685dc-188a-4fda-80b3-5cfd988a5ff6->3dae385e-6267-41e3-b75e-2f59c3d5ae61): Wait interrupted by java.lang.InterruptedException
2019-07-14 00:45:02,045 WARN  server.GrpcLogAppender (GrpcLogAppender.java:mayWait(143)) - GrpcLogAppender(506685dc-188a-4fda-80b3-5cfd988a5ff6->16e41bcf-d4c6-45ef-9434-e9ed1f38239a): Wait interrupted by java.lang.InterruptedException
2019-07-14 00:45:02,059 INFO  server.GrpcServerProtocolService (GrpcServerProtocolService.java:onCompleted(104)) - 16e41bcf-d4c6-45ef-9434-e9ed1f38239a: appendEntries completed
2019-07-14 00:45:02,059 INFO  server.GrpcServerProtocolService (GrpcServerProtocolService.java:onCompleted(104)) - 3dae385e-6267-41e3-b75e-2f59c3d5ae61: appendEntries completed
2019-07-14 00:45:02,063 INFO  server.GrpcLogAppender (GrpcLogAppender.java:onCompleted(292)) - 506685dc-188a-4fda-80b3-5cfd988a5ff6->16e41bcf-d4c6-45ef-9434-e9ed1f38239a: follower responses appendEntries COMPLETED
2019-07-14 00:45:02,065 INFO  server.GrpcLogAppender (GrpcLogAppender.java:onCompleted(292)) - 506685dc-188a-4fda-80b3-5cfd988a5ff6->3dae385e-6267-41e3-b75e-2f59c3d5ae61: follower responses appendEntries COMPLETED
2019-07-14 00:45:02,071 INFO  impl.FollowerInfo (FollowerInfo.java:lambda$new$0(50)) - 506685dc-188a-4fda-80b3-5cfd988a5ff6->3dae385e-6267-41e3-b75e-2f59c3d5ae61: nextIndex: updateUnconditionally 13 -> 12
2019-07-14 00:45:02,071 INFO  impl.FollowerInfo (FollowerInfo.java:lambda$new$0(50)) - 506685dc-188a-4fda-80b3-5cfd988a5ff6->16e41bcf-d4c6-45ef-9434-e9ed1f38239a: nextIndex: updateUnconditionally 13 -> 12
2019-07-14 00:45:02,077 INFO  impl.StateMachineUpdater (StateMachineUpdater.java:stopAndJoin(115)) - StateMachineUpdater:506685dc-188a-4fda-80b3-5cfd988a5ff6:group-8EC2A62E8276: set stopIndex = 12
2019-07-14 00:45:02,077 INFO  ratis.ContainerStateMachine (ContainerStateMachine.java:takeSnapshot(246)) - Taking snapshot at termIndex:(t:1, i:12)
2019-07-14 00:45:02,083 INFO  ratis.ContainerStateMachine (ContainerStateMachine.java:takeSnapshot(250)) - Taking a snapshot to file /tmp/workdir/hadoop-ozone/integration-test/target/test-dir/MiniOzoneClusterImpl-9ec94e0c-450e-4dd1-984a-a0d71f418af7/datanode-2/data/ratis/087ea731-58b4-4d75-8c27-8ec2a62e8276/sm/snapshot.1_12
2019-07-14 00:45:02,084 INFO  impl.StateMachineUpdater (StateMachineUpdater.java:takeSnapshot(242)) - StateMachineUpdater:506685dc-188a-4fda-80b3-5cfd988a5ff6:group-8EC2A62E8276: Took a snapshot at index 12
2019-07-14 00:45:02,084 INFO  impl.StateMachineUpdater (StateMachineUpdater.java:lambda$new$0(80)) - StateMachineUpdater:506685dc-188a-4fda-80b3-5cfd988a5ff6:group-8EC2A62E8276: snapshotIndex: updateIncreasingly -1 -> 12
2019-07-14 00:45:02,086 INFO  impl.RaftServerImpl (ServerState.java:close(394)) - 506685dc-188a-4fda-80b3-5cfd988a5ff6:group-8EC2A62E8276 closes. The last applied log index is 12
2019-07-14 00:45:02,086 INFO  segmented.SegmentedRaftLogWorker (SegmentedRaftLogWorker.java:run(313)) - 506685dc-188a-4fda-80b3-5cfd988a5ff6-SegmentedRaftLogWorker:Storage Directory /tmp/workdir/hadoop-ozone/integration-test/target/test-dir/MiniOzoneClusterImpl-9ec94e0c-450e-4dd1-984a-a0d71f418af7/datanode-2/data/ratis/087ea731-58b4-4d75-8c27-8ec2a62e8276 was interrupted, exiting. There are 0 tasks remaining in the queue.
2019-07-14 00:45:02,088 INFO  segmented.SegmentedRaftLogWorker (SegmentedRaftLogWorker.java:close(228)) - 506685dc-188a-4fda-80b3-5cfd988a5ff6-SegmentedRaftLogWorker:Storage Directory /tmp/workdir/hadoop-ozone/integration-test/target/test-dir/MiniOzoneClusterImpl-9ec94e0c-450e-4dd1-984a-a0d71f418af7/datanode-2/data/ratis/087ea731-58b4-4d75-8c27-8ec2a62e8276 close()
2019-07-14 00:45:02,104 INFO  impl.RaftServerProxy (RaftServerProxy.java:remove(95)) - 16e41bcf-d4c6-45ef-9434-e9ed1f38239a: remove FOLLOWER group-8EC2A62E8276 16e41bcf-d4c6-45ef-9434-e9ed1f38239a:t1, leader=506685dc-188a-4fda-80b3-5cfd988a5ff6, voted=506685dc-188a-4fda-80b3-5cfd988a5ff6, raftlog=16e41bcf-d4c6-45ef-9434-e9ed1f38239a-SegmentedRaftLog:OPENED:c8,f12,i12, conf=0: [506685dc-188a-4fda-80b3-5cfd988a5ff6:192.168.157.230:41816, 16e41bcf-d4c6-45ef-9434-e9ed1f38239a:192.168.157.230:36114, 3dae385e-6267-41e3-b75e-2f59c3d5ae61:192.168.157.230:42426], old=null RUNNING
2019-07-14 00:45:02,105 INFO  impl.RaftServerImpl (RaftServerImpl.java:lambda$shutdown$3(245)) - 16e41bcf-d4c6-45ef-9434-e9ed1f38239a: shutdown group-8EC2A62E8276
2019-07-14 00:45:02,105 INFO  util.JmxRegister (JmxRegister.java:unregister(73)) - Successfully un-registered JMX Bean with object name Ratis:service=RaftServer,group=group-8EC2A62E8276,id=16e41bcf-d4c6-45ef-9434-e9ed1f38239a
2019-07-14 00:45:02,105 INFO  impl.RoleInfo (RoleInfo.java:shutdownFollowerState(121)) - 16e41bcf-d4c6-45ef-9434-e9ed1f38239a: shutdown FollowerState
2019-07-14 00:45:02,105 INFO  impl.StateMachineUpdater (StateMachineUpdater.java:stopAndJoin(115)) - StateMachineUpdater:16e41bcf-d4c6-45ef-9434-e9ed1f38239a:group-8EC2A62E8276: set stopIndex = 8
2019-07-14 00:45:02,106 INFO  ratis.ContainerStateMachine (ContainerStateMachine.java:takeSnapshot(246)) - Taking snapshot at termIndex:(t:1, i:8)
2019-07-14 00:45:02,107 INFO  ratis.ContainerStateMachine (ContainerStateMachine.java:takeSnapshot(250)) - Taking a snapshot to file /tmp/workdir/hadoop-ozone/integration-test/target/test-dir/MiniOzoneClusterImpl-9ec94e0c-450e-4dd1-984a-a0d71f418af7/datanode-4/data/ratis/087ea731-58b4-4d75-8c27-8ec2a62e8276/sm/snapshot.1_8
2019-07-14 00:45:02,106 INFO  impl.FollowerState (FollowerState.java:run(114)) - 16e41bcf-d4c6-45ef-9434-e9ed1f38239a: FollowerState was interrupted: java.lang.InterruptedException: sleep interrupted
2019-07-14 00:45:02,109 INFO  impl.StateMachineUpdater (StateMachineUpdater.java:takeSnapshot(242)) - StateMachineUpdater:16e41bcf-d4c6-45ef-9434-e9ed1f38239a:group-8EC2A62E8276: Took a snapshot at index 8
2019-07-14 00:45:02,109 INFO  impl.StateMachineUpdater (StateMachineUpdater.java:lambda$new$0(80)) - StateMachineUpdater:16e41bcf-d4c6-45ef-9434-e9ed1f38239a:group-8EC2A62E8276: snapshotIndex: updateIncreasingly -1 -> 8
2019-07-14 00:45:02,109 INFO  impl.RaftServerImpl (ServerState.java:close(394)) - 16e41bcf-d4c6-45ef-9434-e9ed1f38239a:group-8EC2A62E8276 closes. The last applied log index is 8
2019-07-14 00:45:02,110 INFO  segmented.SegmentedRaftLogWorker (SegmentedRaftLogWorker.java:run(313)) - 16e41bcf-d4c6-45ef-9434-e9ed1f38239a-SegmentedRaftLogWorker:Storage Directory /tmp/workdir/hadoop-ozone/integration-test/target/test-dir/MiniOzoneClusterImpl-9ec94e0c-450e-4dd1-984a-a0d71f418af7/datanode-4/data/ratis/087ea731-58b4-4d75-8c27-8ec2a62e8276 was interrupted, exiting. There are 0 tasks remaining in the queue.
2019-07-14 00:45:02,111 INFO  segmented.SegmentedRaftLogWorker (SegmentedRaftLogWorker.java:close(228)) - 16e41bcf-d4c6-45ef-9434-e9ed1f38239a-SegmentedRaftLogWorker:Storage Directory /tmp/workdir/hadoop-ozone/integration-test/target/test-dir/MiniOzoneClusterImpl-9ec94e0c-450e-4dd1-984a-a0d71f418af7/datanode-4/data/ratis/087ea731-58b4-4d75-8c27-8ec2a62e8276 close()
2019-07-14 00:45:02,119 INFO  pipeline.PipelineStateManager (PipelineStateManager.java:removePipeline(108)) - Pipeline Pipeline[ Id: 087ea731-58b4-4d75-8c27-8ec2a62e8276, Nodes: 3dae385e-6267-41e3-b75e-2f59c3d5ae61{ip: 192.168.157.230, host: trunk-nightly-sxkq5-3320257302, networkLocation: /default-rack, certSerialId: null}506685dc-188a-4fda-80b3-5cfd988a5ff6{ip: 192.168.157.230, host: trunk-nightly-sxkq5-3320257302, networkLocation: /default-rack, certSerialId: null}16e41bcf-d4c6-45ef-9434-e9ed1f38239a{ip: 192.168.157.230, host: trunk-nightly-sxkq5-3320257302, networkLocation: /default-rack, certSerialId: null}, Type:RATIS, Factor:THREE, State:CLOSED] removed from db
2019-07-14 00:45:02,122 INFO  ratis.XceiverServerRatis (XceiverServerRatis.java:getPipelineIds(614)) - pipeline id PipelineID=2a5eb7bb-cc93-4b98-878f-0a3a00822943
2019-07-14 00:45:02,123 INFO  ratis.XceiverServerRatis (XceiverServerRatis.java:getPipelineIds(614)) - pipeline id PipelineID=eb5e4030-7df0-4384-8ef1-b20f1e681a25
2019-07-14 00:45:02,124 INFO  ratis.XceiverServerRatis (XceiverServerRatis.java:getPipelineIds(614)) - pipeline id PipelineID=94123216-5d51-47d5-bb91-a7e3b2f74e77
2019-07-14 00:45:02,142 INFO  impl.RaftServerProxy (RaftServerProxy.java:addNew(89)) - 506685dc-188a-4fda-80b3-5cfd988a5ff6: addNew group-A5932F55D2F5:[506685dc-188a-4fda-80b3-5cfd988a5ff6:192.168.157.230:41816, 16e41bcf-d4c6-45ef-9434-e9ed1f38239a:192.168.157.230:36114, 3dae385e-6267-41e3-b75e-2f59c3d5ae61:192.168.157.230:42426] returns group-A5932F55D2F5:java.util.concurrent.CompletableFuture@d46451c[Not completed]
2019-07-14 00:45:02,144 INFO  impl.RaftServerProxy (RaftServerProxy.java:addNew(89)) - 3dae385e-6267-41e3-b75e-2f59c3d5ae61: addNew group-A5932F55D2F5:[506685dc-188a-4fda-80b3-5cfd988a5ff6:192.168.157.230:41816, 16e41bcf-d4c6-45ef-9434-e9ed1f38239a:192.168.157.230:36114, 3dae385e-6267-41e3-b75e-2f59c3d5ae61:192.168.157.230:42426] returns group-A5932F55D2F5:java.util.concurrent.CompletableFuture@5a6e9534[Not completed]
2019-07-14 00:45:02,146 INFO  impl.RaftServerProxy (RaftServerProxy.java:addNew(89)) - 16e41bcf-d4c6-45ef-9434-e9ed1f38239a: addNew group-A5932F55D2F5:[506685dc-188a-4fda-80b3-5cfd988a5ff6:192.168.157.230:41816, 16e41bcf-d4c6-45ef-9434-e9ed1f38239a:192.168.157.230:36114, 3dae385e-6267-41e3-b75e-2f59c3d5ae61:192.168.157.230:42426] returns group-A5932F55D2F5:java.util.concurrent.CompletableFuture@6fc4a2cd[Not completed]
2019-07-14 00:45:02,147 INFO  impl.RaftServerImpl (RaftServerImpl.java:<init>(93)) - 506685dc-188a-4fda-80b3-5cfd988a5ff6: new RaftServerImpl for group-A5932F55D2F5:[506685dc-188a-4fda-80b3-5cfd988a5ff6:192.168.157.230:41816, 16e41bcf-d4c6-45ef-9434-e9ed1f38239a:192.168.157.230:36114, 3dae385e-6267-41e3-b75e-2f59c3d5ae61:192.168.157.230:42426] with ContainerStateMachine:uninitialized
2019-07-14 00:45:02,147 INFO  server.RaftServerConfigKeys (ConfUtils.java:logGet(43)) - raft.server.rpc.timeout.min = 5s (custom)
2019-07-14 00:45:02,147 INFO  server.RaftServerConfigKeys (ConfUtils.java:logGet(43)) - raft.server.rpc.timeout.max = 5200ms (custom)
2019-07-14 00:45:02,147 INFO  server.RaftServerConfigKeys (ConfUtils.java:logGet(43)) - raft.server.rpcslowness.timeout = 120s (custom)
2019-07-14 00:45:02,147 INFO  server.RaftServerConfigKeys (ConfUtils.java:logGet(43)) - raft.server.sleep.deviation.threshold = 300 (default)
2019-07-14 00:45:02,148 INFO  impl.RaftServerImpl (RaftServerImpl.java:<init>(93)) - 16e41bcf-d4c6-45ef-9434-e9ed1f38239a: new RaftServerImpl for group-A5932F55D2F5:[506685dc-188a-4fda-80b3-5cfd988a5ff6:192.168.157.230:41816, 16e41bcf-d4c6-45ef-9434-e9ed1f38239a:192.168.157.230:36114, 3dae385e-6267-41e3-b75e-2f59c3d5ae61:192.168.157.230:42426] with ContainerStateMachine:uninitialized
2019-07-14 00:45:02,148 INFO  server.RaftServerConfigKeys (ConfUtils.java:logGet(43)) - raft.server.log.appender.install.snapshot.enabled = false (custom)
2019-07-14 00:45:02,148 INFO  server.RaftServerConfigKeys (ConfUtils.java:logGet(43)) - raft.server.rpc.timeout.min = 5s (custom)
2019-07-14 00:45:02,148 INFO  impl.RaftServerImpl (ServerState.java:<init>(105)) - 506685dc-188a-4fda-80b3-5cfd988a5ff6:group-A5932F55D2F5 ConfigurationManager, init=-1: [506685dc-188a-4fda-80b3-5cfd988a5ff6:192.168.157.230:41816, 16e41bcf-d4c6-45ef-9434-e9ed1f38239a:192.168.157.230:36114, 3dae385e-6267-41e3-b75e-2f59c3d5ae61:192.168.157.230:42426], old=null, confs=<EMPTY_MAP>
2019-07-14 00:45:02,148 INFO  server.RaftServerConfigKeys (ConfUtils.java:logGet(43)) - raft.server.rpc.timeout.max = 5200ms (custom)
2019-07-14 00:45:02,148 INFO  server.RaftServerConfigKeys (ConfUtils.java:logGet(43)) - raft.server.rpcslowness.timeout = 120s (custom)
2019-07-14 00:45:02,148 INFO  server.RaftServerConfigKeys (ConfUtils.java:logGet(43)) - raft.server.storage.dir = [/tmp/workdir/hadoop-ozone/integration-test/target/test-dir/MiniOzoneClusterImpl-9ec94e0c-450e-4dd1-984a-a0d71f418af7/datanode-2/data/ratis] (custom)
2019-07-14 00:45:02,149 INFO  server.RaftServerConfigKeys (ConfUtils.java:logGet(43)) - raft.server.sleep.deviation.threshold = 300 (default)
2019-07-14 00:45:02,149 INFO  impl.RaftServerImpl (RaftServerImpl.java:<init>(93)) - 3dae385e-6267-41e3-b75e-2f59c3d5ae61: new RaftServerImpl for group-A5932F55D2F5:[506685dc-188a-4fda-80b3-5cfd988a5ff6:192.168.157.230:41816, 16e41bcf-d4c6-45ef-9434-e9ed1f38239a:192.168.157.230:36114, 3dae385e-6267-41e3-b75e-2f59c3d5ae61:192.168.157.230:42426] with ContainerStateMachine:uninitialized
2019-07-14 00:45:02,149 INFO  server.RaftServerConfigKeys (ConfUtils.java:logGet(43)) - raft.server.log.appender.install.snapshot.enabled = false (custom)
2019-07-14 00:45:02,149 INFO  server.RaftServerConfigKeys (ConfUtils.java:logGet(43)) - raft.server.rpc.timeout.min = 5s (custom)
2019-07-14 00:45:02,149 INFO  storage.RaftStorageDirectory (RaftStorageDirectory.java:analyzeStorage(246)) - The storage directory /tmp/workdir/hadoop-ozone/integration-test/target/test-dir/MiniOzoneClusterImpl-9ec94e0c-450e-4dd1-984a-a0d71f418af7/datanode-2/data/ratis/eed69731-e826-4d1f-ad89-a5932f55d2f5 does not exist. Creating ...
2019-07-14 00:45:02,149 INFO  server.RaftServerConfigKeys (ConfUtils.java:logGet(43)) - raft.server.rpc.timeout.max = 5200ms (custom)
2019-07-14 00:45:02,149 INFO  impl.RaftServerImpl (ServerState.java:<init>(105)) - 16e41bcf-d4c6-45ef-9434-e9ed1f38239a:group-A5932F55D2F5 ConfigurationManager, init=-1: [506685dc-188a-4fda-80b3-5cfd988a5ff6:192.168.157.230:41816, 16e41bcf-d4c6-45ef-9434-e9ed1f38239a:192.168.157.230:36114, 3dae385e-6267-41e3-b75e-2f59c3d5ae61:192.168.157.230:42426], old=null, confs=<EMPTY_MAP>
2019-07-14 00:45:02,150 INFO  server.RaftServerConfigKeys (ConfUtils.java:logGet(43)) - raft.server.rpcslowness.timeout = 120s (custom)
2019-07-14 00:45:02,150 INFO  server.RaftServerConfigKeys (ConfUtils.java:logGet(43)) - raft.server.storage.dir = [/tmp/workdir/hadoop-ozone/integration-test/target/test-dir/MiniOzoneClusterImpl-9ec94e0c-450e-4dd1-984a-a0d71f418af7/datanode-4/data/ratis] (custom)
2019-07-14 00:45:02,150 INFO  server.RaftServerConfigKeys (ConfUtils.java:logGet(43)) - raft.server.sleep.deviation.threshold = 300 (default)
2019-07-14 00:45:02,150 INFO  server.RaftServerConfigKeys (ConfUtils.java:logGet(43)) - raft.server.log.appender.install.snapshot.enabled = false (custom)
2019-07-14 00:45:02,150 INFO  storage.RaftStorageDirectory (RaftStorageDirectory.java:analyzeStorage(246)) - The storage directory /tmp/workdir/hadoop-ozone/integration-test/target/test-dir/MiniOzoneClusterImpl-9ec94e0c-450e-4dd1-984a-a0d71f418af7/datanode-4/data/ratis/eed69731-e826-4d1f-ad89-a5932f55d2f5 does not exist. Creating ...
2019-07-14 00:45:02,150 INFO  impl.RaftServerImpl (ServerState.java:<init>(105)) - 3dae385e-6267-41e3-b75e-2f59c3d5ae61:group-A5932F55D2F5 ConfigurationManager, init=-1: [506685dc-188a-4fda-80b3-5cfd988a5ff6:192.168.157.230:41816, 16e41bcf-d4c6-45ef-9434-e9ed1f38239a:192.168.157.230:36114, 3dae385e-6267-41e3-b75e-2f59c3d5ae61:192.168.157.230:42426], old=null, confs=<EMPTY_MAP>
2019-07-14 00:45:02,151 INFO  server.RaftServerConfigKeys (ConfUtils.java:logGet(43)) - raft.server.storage.dir = [/tmp/workdir/hadoop-ozone/integration-test/target/test-dir/MiniOzoneClusterImpl-9ec94e0c-450e-4dd1-984a-a0d71f418af7/datanode-0/data/ratis] (custom)
2019-07-14 00:45:02,151 INFO  storage.RaftStorageDirectory (RaftStorageDirectory.java:analyzeStorage(246)) - The storage directory /tmp/workdir/hadoop-ozone/integration-test/target/test-dir/MiniOzoneClusterImpl-9ec94e0c-450e-4dd1-984a-a0d71f418af7/datanode-0/data/ratis/eed69731-e826-4d1f-ad89-a5932f55d2f5 does not exist. Creating ...
2019-07-14 00:45:02,176 INFO  storage.RaftStorageDirectory (RaftStorageDirectory.java:tryLock(328)) - Lock on /tmp/workdir/hadoop-ozone/integration-test/target/test-dir/MiniOzoneClusterImpl-9ec94e0c-450e-4dd1-984a-a0d71f418af7/datanode-4/data/ratis/eed69731-e826-4d1f-ad89-a5932f55d2f5/in_use.lock acquired by nodename 24808@trunk-nightly-sxkq5-3320257302
2019-07-14 00:45:02,176 INFO  storage.RaftStorageDirectory (RaftStorageDirectory.java:tryLock(328)) - Lock on /tmp/workdir/hadoop-ozone/integration-test/target/test-dir/MiniOzoneClusterImpl-9ec94e0c-450e-4dd1-984a-a0d71f418af7/datanode-2/data/ratis/eed69731-e826-4d1f-ad89-a5932f55d2f5/in_use.lock acquired by nodename 24808@trunk-nightly-sxkq5-3320257302
2019-07-14 00:45:02,176 INFO  storage.RaftStorageDirectory (RaftStorageDirectory.java:tryLock(328)) - Lock on /tmp/workdir/hadoop-ozone/integration-test/target/test-dir/MiniOzoneClusterImpl-9ec94e0c-450e-4dd1-984a-a0d71f418af7/datanode-0/data/ratis/eed69731-e826-4d1f-ad89-a5932f55d2f5/in_use.lock acquired by nodename 24808@trunk-nightly-sxkq5-3320257302
2019-07-14 00:45:02,190 INFO  storage.RaftStorage (RaftStorage.java:format(72)) - Storage directory /tmp/workdir/hadoop-ozone/integration-test/target/test-dir/MiniOzoneClusterImpl-9ec94e0c-450e-4dd1-984a-a0d71f418af7/datanode-4/data/ratis/eed69731-e826-4d1f-ad89-a5932f55d2f5 has been successfully formatted.
2019-07-14 00:45:02,190 INFO  storage.RaftStorage (RaftStorage.java:format(72)) - Storage directory /tmp/workdir/hadoop-ozone/integration-test/target/test-dir/MiniOzoneClusterImpl-9ec94e0c-450e-4dd1-984a-a0d71f418af7/datanode-2/data/ratis/eed69731-e826-4d1f-ad89-a5932f55d2f5 has been successfully formatted.
2019-07-14 00:45:02,190 INFO  ratis.ContainerStateMachine (ContainerStateMachine.java:loadSnapshot(200)) - The snapshot info is null.Setting the last applied index to:(t:0, i:~)
2019-07-14 00:45:02,190 INFO  storage.RaftStorage (RaftStorage.java:format(72)) - Storage directory /tmp/workdir/hadoop-ozone/integration-test/target/test-dir/MiniOzoneClusterImpl-9ec94e0c-450e-4dd1-984a-a0d71f418af7/datanode-0/data/ratis/eed69731-e826-4d1f-ad89-a5932f55d2f5 has been successfully formatted.
2019-07-14 00:45:02,190 INFO  server.RaftServerConfigKeys (ConfUtils.java:logGet(43)) - raft.server.leader.election.timeout = 120s (custom)
2019-07-14 00:45:02,190 INFO  ratis.ContainerStateMachine (ContainerStateMachine.java:loadSnapshot(200)) - The snapshot info is null.Setting the last applied index to:(t:0, i:~)
2019-07-14 00:45:02,191 INFO  ratis.ContainerStateMachine (ContainerStateMachine.java:loadSnapshot(200)) - The snapshot info is null.Setting the last applied index to:(t:0, i:~)
2019-07-14 00:45:02,191 INFO  server.RaftServerConfigKeys (ConfUtils.java:logGet(43)) - raft.server.log.use.memory = false (default)
2019-07-14 00:45:02,191 INFO  server.RaftServerConfigKeys (ConfUtils.java:logGet(43)) - raft.server.leader.election.timeout = 120s (custom)
2019-07-14 00:45:02,191 INFO  server.RaftServerConfigKeys (ConfUtils.java:logGet(43)) - raft.server.leader.election.timeout = 120s (custom)
2019-07-14 00:45:02,191 INFO  server.RaftServerConfigKeys (ConfUtils.java:logGet(43)) - raft.server.log.use.memory = false (default)
2019-07-14 00:45:02,191 INFO  server.RaftServerConfigKeys (ConfUtils.java:logGet(43)) - raft.server.log.purge.gap = 1000000000 (custom)
2019-07-14 00:45:02,191 INFO  server.RaftServerConfigKeys (ConfUtils.java:logGet(43)) - raft.server.log.purge.gap = 1000000000 (custom)
2019-07-14 00:45:02,191 INFO  server.RaftServerConfigKeys (ConfUtils.java:logGet(43)) - raft.server.log.use.memory = false (default)
2019-07-14 00:45:02,192 INFO  server.RaftServerConfigKeys (ConfUtils.java:logGet(43)) - raft.server.log.appender.buffer.byte-limit = 33554432 (custom)
2019-07-14 00:45:02,192 INFO  server.RaftServerConfigKeys (ConfUtils.java:logGet(43)) - raft.server.log.appender.buffer.byte-limit = 33554432 (custom)
2019-07-14 00:45:02,192 INFO  server.RaftServerConfigKeys (ConfUtils.java:logGet(43)) - raft.server.log.segment.size.max = 1048576 (custom)
2019-07-14 00:45:02,192 INFO  server.RaftServerConfigKeys (ConfUtils.java:logGet(43)) - raft.server.log.purge.gap = 1000000000 (custom)
2019-07-14 00:45:02,193 INFO  server.RaftServerConfigKeys (ConfUtils.java:logGet(43)) - raft.server.log.segment.cache.num.max = 2 (custom)
2019-07-14 00:45:02,192 INFO  server.RaftServerConfigKeys (ConfUtils.java:logGet(43)) - raft.server.log.segment.size.max = 1048576 (custom)
2019-07-14 00:45:02,193 INFO  segmented.SegmentedRaftLogWorker (SegmentedRaftLogWorker.java:<init>(172)) - new 3dae385e-6267-41e3-b75e-2f59c3d5ae61-SegmentedRaftLogWorker:Storage Directory /tmp/workdir/hadoop-ozone/integration-test/target/test-dir/MiniOzoneClusterImpl-9ec94e0c-450e-4dd1-984a-a0d71f418af7/datanode-0/data/ratis/eed69731-e826-4d1f-ad89-a5932f55d2f5 for RaftStorage:Storage Directory /tmp/workdir/hadoop-ozone/integration-test/target/test-dir/MiniOzoneClusterImpl-9ec94e0c-450e-4dd1-984a-a0d71f418af7/datanode-0/data/ratis/eed69731-e826-4d1f-ad89-a5932f55d2f5
2019-07-14 00:45:02,193 INFO  server.RaftServerConfigKeys (ConfUtils.java:logGet(43)) - raft.server.log.appender.buffer.byte-limit = 33554432 (custom)
2019-07-14 00:45:02,193 INFO  server.RaftServerConfigKeys (ConfUtils.java:logGet(43)) - raft.server.log.queue.byte-limit = 2147483647 (custom)
2019-07-14 00:45:02,193 INFO  server.RaftServerConfigKeys (ConfUtils.java:logGet(43)) - raft.server.log.segment.cache.num.max = 2 (custom)
2019-07-14 00:45:02,203 INFO  server.RaftServerConfigKeys (ConfUtils.java:logGet(43)) - raft.server.log.queue.element-limit = 1024 (custom)
2019-07-14 00:45:02,202 INFO  server.RaftServerConfigKeys (ConfUtils.java:logGet(43)) - raft.server.log.segment.size.max = 1048576 (custom)
2019-07-14 00:45:02,203 INFO  server.RaftServerConfigKeys (ConfUtils.java:logGet(43)) - raft.server.log.segment.size.max = 1048576 (custom)
2019-07-14 00:45:02,203 INFO  segmented.SegmentedRaftLogWorker (SegmentedRaftLogWorker.java:<init>(172)) - new 16e41bcf-d4c6-45ef-9434-e9ed1f38239a-SegmentedRaftLogWorker:Storage Directory /tmp/workdir/hadoop-ozone/integration-test/target/test-dir/MiniOzoneClusterImpl-9ec94e0c-450e-4dd1-984a-a0d71f418af7/datanode-4/data/ratis/eed69731-e826-4d1f-ad89-a5932f55d2f5 for RaftStorage:Storage Directory /tmp/workdir/hadoop-ozone/integration-test/target/test-dir/MiniOzoneClusterImpl-9ec94e0c-450e-4dd1-984a-a0d71f418af7/datanode-4/data/ratis/eed69731-e826-4d1f-ad89-a5932f55d2f5
2019-07-14 00:45:02,204 INFO  server.RaftServerConfigKeys (ConfUtils.java:logGet(43)) - raft.server.log.preallocated.size = 16384 (custom)
2019-07-14 00:45:02,204 INFO  server.RaftServerConfigKeys (ConfUtils.java:logGet(43)) - raft.server.log.write.buffer.size = 33554432 (custom)
2019-07-14 00:45:02,203 INFO  server.RaftServerConfigKeys (ConfUtils.java:logGet(43)) - raft.server.log.segment.cache.num.max = 2 (custom)
2019-07-14 00:45:02,204 INFO  server.RaftServerConfigKeys (ConfUtils.java:logGet(43)) - raft.server.log.force.sync.num = 128 (default)
2019-07-14 00:45:02,204 INFO  server.RaftServerConfigKeys (ConfUtils.java:logGet(43)) - raft.server.log.queue.byte-limit = 2147483647 (custom)
2019-07-14 00:45:02,204 INFO  server.RaftServerConfigKeys (ConfUtils.java:logGet(43)) - raft.server.log.statemachine.data.sync = true (default)
2019-07-14 00:45:02,204 INFO  segmented.SegmentedRaftLogWorker (SegmentedRaftLogWorker.java:<init>(172)) - new 506685dc-188a-4fda-80b3-5cfd988a5ff6-SegmentedRaftLogWorker:Storage Directory /tmp/workdir/hadoop-ozone/integration-test/target/test-dir/MiniOzoneClusterImpl-9ec94e0c-450e-4dd1-984a-a0d71f418af7/datanode-2/data/ratis/eed69731-e826-4d1f-ad89-a5932f55d2f5 for RaftStorage:Storage Directory /tmp/workdir/hadoop-ozone/integration-test/target/test-dir/MiniOzoneClusterImpl-9ec94e0c-450e-4dd1-984a-a0d71f418af7/datanode-2/data/ratis/eed69731-e826-4d1f-ad89-a5932f55d2f5
2019-07-14 00:45:02,205 INFO  server.RaftServerConfigKeys (ConfUtils.java:logGet(43)) - raft.server.log.statemachine.data.sync.timeout = 10s (default)
2019-07-14 00:45:02,205 INFO  server.RaftServerConfigKeys (ConfUtils.java:logGet(43)) - raft.server.log.queue.element-limit = 1024 (custom)
2019-07-14 00:45:02,205 INFO  server.RaftServerConfigKeys (ConfUtils.java:logGet(43)) - raft.server.log.statemachine.data.sync.timeout.retry = -1 (default)
2019-07-14 00:45:02,205 INFO  server.RaftServerConfigKeys (ConfUtils.java:logGet(43)) - raft.server.log.queue.byte-limit = 2147483647 (custom)
2019-07-14 00:45:02,206 INFO  server.RaftServerConfigKeys (ConfUtils.java:logGet(43)) - raft.server.log.statemachine.data.caching.enabled = true (custom)
2019-07-14 00:45:02,205 INFO  server.RaftServerConfigKeys (ConfUtils.java:logGet(43)) - raft.server.log.segment.size.max = 1048576 (custom)
2019-07-14 00:45:02,206 INFO  server.RaftServerConfigKeys (ConfUtils.java:logGet(43)) - raft.server.log.queue.element-limit = 1024 (custom)
2019-07-14 00:45:02,206 INFO  segmented.SegmentedRaftLogWorker (SegmentedRaftLogWorker.java:lambda$new$0(132)) - 3dae385e-6267-41e3-b75e-2f59c3d5ae61-SegmentedRaftLogWorker:Storage Directory /tmp/workdir/hadoop-ozone/integration-test/target/test-dir/MiniOzoneClusterImpl-9ec94e0c-450e-4dd1-984a-a0d71f418af7/datanode-0/data/ratis/eed69731-e826-4d1f-ad89-a5932f55d2f5: flushIndex: setUnconditionally 0 -> -1
2019-07-14 00:45:02,206 INFO  server.RaftServerConfigKeys (ConfUtils.java:logGet(43)) - raft.server.log.preallocated.size = 16384 (custom)
2019-07-14 00:45:02,206 INFO  server.RaftServerConfigKeys (ConfUtils.java:logGet(43)) - raft.server.log.segment.size.max = 1048576 (custom)
2019-07-14 00:45:02,207 INFO  server.RaftServerConfigKeys (ConfUtils.java:logGet(43)) - raft.server.snapshot.auto.trigger.enabled = true (custom)
2019-07-14 00:45:02,207 INFO  server.RaftServerConfigKeys (ConfUtils.java:logGet(43)) - raft.server.log.write.buffer.size = 33554432 (custom)
2019-07-14 00:45:02,207 INFO  server.RaftServerConfigKeys (ConfUtils.java:logGet(43)) - raft.server.snapshot.auto.trigger.threshold = 10000 (custom)
2019-07-14 00:45:02,207 INFO  server.RaftServerConfigKeys (ConfUtils.java:logGet(43)) - raft.server.log.preallocated.size = 16384 (custom)
2019-07-14 00:45:02,207 INFO  server.RaftServerConfigKeys (ConfUtils.java:logGet(43)) - raft.server.retrycache.expirytime = 600000ms (custom)
2019-07-14 00:45:02,207 INFO  server.RaftServerConfigKeys (ConfUtils.java:logGet(43)) - raft.server.log.force.sync.num = 128 (default)
2019-07-14 00:45:02,208 INFO  impl.RaftServerImpl (RaftServerImpl.java:start(180)) - 3dae385e-6267-41e3-b75e-2f59c3d5ae61: start group-A5932F55D2F5
2019-07-14 00:45:02,208 INFO  impl.RaftServerImpl (RaftServerImpl.java:setRole(171)) - 3dae385e-6267-41e3-b75e-2f59c3d5ae61:group-A5932F55D2F5 changes role from null to FOLLOWER at term 0 for startAsFollower
2019-07-14 00:45:02,207 INFO  server.RaftServerConfigKeys (ConfUtils.java:logGet(43)) - raft.server.log.write.buffer.size = 33554432 (custom)
2019-07-14 00:45:02,208 INFO  impl.RoleInfo (RoleInfo.java:updateAndGet(143)) - 3dae385e-6267-41e3-b75e-2f59c3d5ae61: start FollowerState
2019-07-14 00:45:02,208 INFO  server.RaftServerConfigKeys (ConfUtils.java:logGet(43)) - raft.server.log.statemachine.data.sync = true (default)
2019-07-14 00:45:02,208 INFO  server.RaftServerConfigKeys (ConfUtils.java:logGet(43)) - raft.server.log.force.sync.num = 128 (default)
2019-07-14 00:45:02,209 INFO  server.RaftServerConfigKeys (ConfUtils.java:logGet(43)) - raft.server.log.statemachine.data.sync.timeout = 10s (default)
2019-07-14 00:45:02,209 INFO  util.JmxRegister (JmxRegister.java:tryRegister(44)) - Successfully registered JMX Bean with object name Ratis:service=RaftServer,group=group-A5932F55D2F5,id=3dae385e-6267-41e3-b75e-2f59c3d5ae61
2019-07-14 00:45:02,209 INFO  server.RaftServerConfigKeys (ConfUtils.java:logGet(43)) - raft.server.log.statemachine.data.sync = true (default)
2019-07-14 00:45:02,209 INFO  server.RaftServerConfigKeys (ConfUtils.java:logGet(43)) - raft.server.log.statemachine.data.sync.timeout.retry = -1 (default)
2019-07-14 00:45:02,209 INFO  server.RaftServerConfigKeys (ConfUtils.java:logGet(43)) - raft.server.log.statemachine.data.sync.timeout = 10s (default)
2019-07-14 00:45:02,210 INFO  server.RaftServerConfigKeys (ConfUtils.java:logGet(43)) - raft.server.log.statemachine.data.caching.enabled = true (custom)
2019-07-14 00:45:02,210 INFO  server.RaftServerConfigKeys (ConfUtils.java:logGet(43)) - raft.server.log.statemachine.data.sync.timeout.retry = -1 (default)
2019-07-14 00:45:02,210 INFO  segmented.SegmentedRaftLogWorker (SegmentedRaftLogWorker.java:lambda$new$0(132)) - 16e41bcf-d4c6-45ef-9434-e9ed1f38239a-SegmentedRaftLogWorker:Storage Directory /tmp/workdir/hadoop-ozone/integration-test/target/test-dir/MiniOzoneClusterImpl-9ec94e0c-450e-4dd1-984a-a0d71f418af7/datanode-4/data/ratis/eed69731-e826-4d1f-ad89-a5932f55d2f5: flushIndex: setUnconditionally 0 -> -1
2019-07-14 00:45:02,210 INFO  server.RaftServerConfigKeys (ConfUtils.java:logGet(43)) - raft.server.log.statemachine.data.caching.enabled = true (custom)
2019-07-14 00:45:02,211 INFO  server.RaftServerConfigKeys (ConfUtils.java:logGet(43)) - raft.server.snapshot.auto.trigger.enabled = true (custom)
2019-07-14 00:45:02,211 INFO  server.RaftServerConfigKeys (ConfUtils.java:logGet(43)) - raft.server.snapshot.auto.trigger.threshold = 10000 (custom)
2019-07-14 00:45:02,211 INFO  segmented.SegmentedRaftLogWorker (SegmentedRaftLogWorker.java:lambda$new$0(132)) - 506685dc-188a-4fda-80b3-5cfd988a5ff6-SegmentedRaftLogWorker:Storage Directory /tmp/workdir/hadoop-ozone/integration-test/target/test-dir/MiniOzoneClusterImpl-9ec94e0c-450e-4dd1-984a-a0d71f418af7/datanode-2/data/ratis/eed69731-e826-4d1f-ad89-a5932f55d2f5: flushIndex: setUnconditionally 0 -> -1
2019-07-14 00:45:02,211 INFO  server.RaftServerConfigKeys (ConfUtils.java:logGet(43)) - raft.server.retrycache.expirytime = 600000ms (custom)
2019-07-14 00:45:02,211 INFO  server.RaftServerConfigKeys (ConfUtils.java:logGet(43)) - raft.server.snapshot.auto.trigger.enabled = true (custom)
2019-07-14 00:45:02,214 INFO  server.RaftServerConfigKeys (ConfUtils.java:logGet(43)) - raft.server.snapshot.auto.trigger.threshold = 10000 (custom)
2019-07-14 00:45:02,214 INFO  impl.RaftServerImpl (RaftServerImpl.java:start(180)) - 16e41bcf-d4c6-45ef-9434-e9ed1f38239a: start group-A5932F55D2F5
2019-07-14 00:45:02,214 INFO  server.RaftServerConfigKeys (ConfUtils.java:logGet(43)) - raft.server.retrycache.expirytime = 600000ms (custom)
2019-07-14 00:45:02,214 INFO  impl.RaftServerImpl (RaftServerImpl.java:setRole(171)) - 16e41bcf-d4c6-45ef-9434-e9ed1f38239a:group-A5932F55D2F5 changes role from null to FOLLOWER at term 0 for startAsFollower
2019-07-14 00:45:02,214 INFO  impl.RaftServerImpl (RaftServerImpl.java:start(180)) - 506685dc-188a-4fda-80b3-5cfd988a5ff6: start group-A5932F55D2F5
2019-07-14 00:45:02,214 INFO  impl.RoleInfo (RoleInfo.java:updateAndGet(143)) - 16e41bcf-d4c6-45ef-9434-e9ed1f38239a: start FollowerState
2019-07-14 00:45:02,214 INFO  impl.RaftServerImpl (RaftServerImpl.java:setRole(171)) - 506685dc-188a-4fda-80b3-5cfd988a5ff6:group-A5932F55D2F5 changes role from null to FOLLOWER at term 0 for startAsFollower
2019-07-14 00:45:02,215 INFO  impl.RoleInfo (RoleInfo.java:updateAndGet(143)) - 506685dc-188a-4fda-80b3-5cfd988a5ff6: start FollowerState
2019-07-14 00:45:02,215 INFO  util.JmxRegister (JmxRegister.java:tryRegister(44)) - Successfully registered JMX Bean with object name Ratis:service=RaftServer,group=group-A5932F55D2F5,id=16e41bcf-d4c6-45ef-9434-e9ed1f38239a
2019-07-14 00:45:02,215 INFO  util.JmxRegister (JmxRegister.java:tryRegister(44)) - Successfully registered JMX Bean with object name Ratis:service=RaftServer,group=group-A5932F55D2F5,id=506685dc-188a-4fda-80b3-5cfd988a5ff6
2019-07-14 00:45:02,222 INFO  pipeline.PipelineStateManager (PipelineStateManager.java:addPipeline(56)) - Created pipeline Pipeline[ Id: eed69731-e826-4d1f-ad89-a5932f55d2f5, Nodes: 3dae385e-6267-41e3-b75e-2f59c3d5ae61{ip: 192.168.157.230, host: trunk-nightly-sxkq5-3320257302, networkLocation: /default-rack, certSerialId: null}506685dc-188a-4fda-80b3-5cfd988a5ff6{ip: 192.168.157.230, host: trunk-nightly-sxkq5-3320257302, networkLocation: /default-rack, certSerialId: null}16e41bcf-d4c6-45ef-9434-e9ed1f38239a{ip: 192.168.157.230, host: trunk-nightly-sxkq5-3320257302, networkLocation: /default-rack, certSerialId: null}, Type:RATIS, Factor:THREE, State:OPEN]
2019-07-14 00:45:03,232 WARN  io.KeyOutputStream (KeyOutputStream.java:handleException(276)) - Encountered exception java.io.IOException: Unexpected Storage Container Exception: java.util.concurrent.CompletionException: java.util.concurrent.CompletionException: org.apache.ratis.protocol.GroupMismatchException: 506685dc-188a-4fda-80b3-5cfd988a5ff6: group-8EC2A62E8276 not found. on the pipeline Pipeline[ Id: 087ea731-58b4-4d75-8c27-8ec2a62e8276, Nodes: 3dae385e-6267-41e3-b75e-2f59c3d5ae61{ip: 192.168.157.230, host: trunk-nightly-sxkq5-3320257302, networkLocation: /default-rack, certSerialId: null}506685dc-188a-4fda-80b3-5cfd988a5ff6{ip: 192.168.157.230, host: trunk-nightly-sxkq5-3320257302, networkLocation: /default-rack, certSerialId: null}16e41bcf-d4c6-45ef-9434-e9ed1f38239a{ip: 192.168.157.230, host: trunk-nightly-sxkq5-3320257302, networkLocation: /default-rack, certSerialId: null}, Type:RATIS, Factor:THREE, State:OPEN]. The last committed block length is 400, uncommitted data length is 50 retry count 0
2019-07-14 00:45:03,269 INFO  client.GrpcClientProtocolClient (GrpcClientProtocolClient.java:onNext(255)) - client-CF9A62F17838->3dae385e-6267-41e3-b75e-2f59c3d5ae61: receive RaftClientReply:client-CF9A62F17838->3dae385e-6267-41e3-b75e-2f59c3d5ae61@group-A5932F55D2F5, cid=27, FAILED org.apache.ratis.protocol.NotLeaderException: Server 3dae385e-6267-41e3-b75e-2f59c3d5ae61 is not the leader (null). Request must be sent to leader., logIndex=0, commits[3dae385e-6267-41e3-b75e-2f59c3d5ae61:c-1]
2019-07-14 00:45:04,301 INFO  client.GrpcClientProtocolClient (GrpcClientProtocolClient.java:onNext(255)) - client-CF9A62F17838->506685dc-188a-4fda-80b3-5cfd988a5ff6: receive RaftClientReply:client-CF9A62F17838->506685dc-188a-4fda-80b3-5cfd988a5ff6@group-A5932F55D2F5, cid=27, FAILED org.apache.ratis.protocol.NotLeaderException: Server 506685dc-188a-4fda-80b3-5cfd988a5ff6 is not the leader (null). Request must be sent to leader., logIndex=0, commits[506685dc-188a-4fda-80b3-5cfd988a5ff6:c-1]
2019-07-14 00:45:05,327 INFO  client.GrpcClientProtocolClient (GrpcClientProtocolClient.java:onNext(255)) - client-CF9A62F17838->16e41bcf-d4c6-45ef-9434-e9ed1f38239a: receive RaftClientReply:client-CF9A62F17838->16e41bcf-d4c6-45ef-9434-e9ed1f38239a@group-A5932F55D2F5, cid=27, FAILED org.apache.ratis.protocol.NotLeaderException: Server 16e41bcf-d4c6-45ef-9434-e9ed1f38239a is not the leader (null). Request must be sent to leader., logIndex=0, commits[16e41bcf-d4c6-45ef-9434-e9ed1f38239a:c-1]
2019-07-14 00:45:06,349 INFO  client.GrpcClientProtocolClient (GrpcClientProtocolClient.java:onNext(255)) - client-CF9A62F17838->506685dc-188a-4fda-80b3-5cfd988a5ff6: receive RaftClientReply:client-CF9A62F17838->506685dc-188a-4fda-80b3-5cfd988a5ff6@group-A5932F55D2F5, cid=27, FAILED org.apache.ratis.protocol.NotLeaderException: Server 506685dc-188a-4fda-80b3-5cfd988a5ff6 is not the leader (null). Request must be sent to leader., logIndex=0, commits[506685dc-188a-4fda-80b3-5cfd988a5ff6:c-1]
2019-07-14 00:45:07,295 INFO  impl.FollowerState (FollowerState.java:run(106)) - 506685dc-188a-4fda-80b3-5cfd988a5ff6:group-A5932F55D2F5 changes to CANDIDATE, lastRpcTime:5080, electionTimeout:5080ms
2019-07-14 00:45:07,296 INFO  impl.RoleInfo (RoleInfo.java:shutdownFollowerState(121)) - 506685dc-188a-4fda-80b3-5cfd988a5ff6: shutdown FollowerState
2019-07-14 00:45:07,296 INFO  impl.RaftServerImpl (RaftServerImpl.java:setRole(171)) - 506685dc-188a-4fda-80b3-5cfd988a5ff6:group-A5932F55D2F5 changes role from FOLLOWER to CANDIDATE at term 0 for changeToCandidate
2019-07-14 00:45:07,296 INFO  impl.RoleInfo (RoleInfo.java:updateAndGet(143)) - 506685dc-188a-4fda-80b3-5cfd988a5ff6: start LeaderElection
2019-07-14 00:45:07,314 INFO  impl.LeaderElection (LeaderElection.java:askForVotes(181)) - 506685dc-188a-4fda-80b3-5cfd988a5ff6:group-A5932F55D2F5:LeaderElection11: begin an election at term 1 for -1: [506685dc-188a-4fda-80b3-5cfd988a5ff6:192.168.157.230:41816, 16e41bcf-d4c6-45ef-9434-e9ed1f38239a:192.168.157.230:36114, 3dae385e-6267-41e3-b75e-2f59c3d5ae61:192.168.157.230:42426], old=null
2019-07-14 00:45:07,338 INFO  impl.RaftServerImpl (RaftServerImpl.java:setRole(171)) - 16e41bcf-d4c6-45ef-9434-e9ed1f38239a:group-A5932F55D2F5 changes role from FOLLOWER to FOLLOWER at term 1 for recognizeCandidate:506685dc-188a-4fda-80b3-5cfd988a5ff6
2019-07-14 00:45:07,338 INFO  impl.RaftServerImpl (RaftServerImpl.java:setRole(171)) - 3dae385e-6267-41e3-b75e-2f59c3d5ae61:group-A5932F55D2F5 changes role from FOLLOWER to FOLLOWER at term 1 for recognizeCandidate:506685dc-188a-4fda-80b3-5cfd988a5ff6
2019-07-14 00:45:07,338 INFO  impl.RoleInfo (RoleInfo.java:shutdownFollowerState(121)) - 16e41bcf-d4c6-45ef-9434-e9ed1f38239a: shutdown FollowerState
2019-07-14 00:45:07,338 INFO  impl.RoleInfo (RoleInfo.java:shutdownFollowerState(121)) - 3dae385e-6267-41e3-b75e-2f59c3d5ae61: shutdown FollowerState
2019-07-14 00:45:07,339 INFO  impl.RoleInfo (RoleInfo.java:updateAndGet(143)) - 16e41bcf-d4c6-45ef-9434-e9ed1f38239a: start FollowerState
2019-07-14 00:45:07,339 INFO  impl.RoleInfo (RoleInfo.java:updateAndGet(143)) - 3dae385e-6267-41e3-b75e-2f59c3d5ae61: start FollowerState
2019-07-14 00:45:07,339 INFO  impl.FollowerState (FollowerState.java:run(114)) - 3dae385e-6267-41e3-b75e-2f59c3d5ae61: FollowerState was interrupted: java.lang.InterruptedException: sleep interrupted
2019-07-14 00:45:07,339 INFO  impl.FollowerState (FollowerState.java:run(114)) - 16e41bcf-d4c6-45ef-9434-e9ed1f38239a: FollowerState was interrupted: java.lang.InterruptedException: sleep interrupted
2019-07-14 00:45:07,371 INFO  impl.LeaderElection (LeaderElection.java:logAndReturn(56)) - 506685dc-188a-4fda-80b3-5cfd988a5ff6:group-A5932F55D2F5:LeaderElection11: Election PASSED; received 1 response(s) [506685dc-188a-4fda-80b3-5cfd988a5ff6<-3dae385e-6267-41e3-b75e-2f59c3d5ae61#0:OK-t1] and 0 exception(s); 506685dc-188a-4fda-80b3-5cfd988a5ff6:t1, leader=null, voted=506685dc-188a-4fda-80b3-5cfd988a5ff6, raftlog=506685dc-188a-4fda-80b3-5cfd988a5ff6-SegmentedRaftLog:OPENED:c-1,f-1,i0, conf=-1: [506685dc-188a-4fda-80b3-5cfd988a5ff6:192.168.157.230:41816, 16e41bcf-d4c6-45ef-9434-e9ed1f38239a:192.168.157.230:36114, 3dae385e-6267-41e3-b75e-2f59c3d5ae61:192.168.157.230:42426], old=null
2019-07-14 00:45:07,372 INFO  impl.RoleInfo (RoleInfo.java:shutdownLeaderElection(134)) - 506685dc-188a-4fda-80b3-5cfd988a5ff6: shutdown LeaderElection
2019-07-14 00:45:07,374 INFO  impl.RaftServerImpl (RaftServerImpl.java:setRole(171)) - 506685dc-188a-4fda-80b3-5cfd988a5ff6:group-A5932F55D2F5 changes role from CANDIDATE to LEADER at term 1 for changeToLeader
2019-07-14 00:45:07,374 INFO  impl.RaftServerImpl (ServerState.java:setLeader(263)) - 506685dc-188a-4fda-80b3-5cfd988a5ff6:group-A5932F55D2F5 change Leader from null to 506685dc-188a-4fda-80b3-5cfd988a5ff6 at term 1 for becomeLeader, leader elected after 5183ms
2019-07-14 00:45:07,375 INFO  server.RaftServerConfigKeys (ConfUtils.java:logGet(43)) - raft.server.staging.catchup.gap = 1000 (default)
2019-07-14 00:45:07,375 INFO  server.RaftServerConfigKeys (ConfUtils.java:logGet(43)) - raft.server.rpc.sleep.time = 25ms (default)
2019-07-14 00:45:07,375 INFO  server.RaftServerConfigKeys (ConfUtils.java:logGet(43)) - raft.server.write.element-limit = 4096 (default)
2019-07-14 00:45:07,376 INFO  server.RaftServerConfigKeys (ConfUtils.java:logGet(43)) - raft.server.watch.timeout = 10s (default)
2019-07-14 00:45:07,376 INFO  server.RaftServerConfigKeys (ConfUtils.java:logGet(43)) - raft.server.watch.timeout.denomination = 1s (default)
2019-07-14 00:45:07,376 INFO  server.RaftServerConfigKeys (ConfUtils.java:logGet(43)) - raft.server.watch.element-limit = 65536 (default)
2019-07-14 00:45:07,377 INFO  server.RaftServerConfigKeys (ConfUtils.java:logGet(43)) - raft.server.log.appender.snapshot.chunk.size.max = 16MB (=16777216) (default)
2019-07-14 00:45:07,377 INFO  server.RaftServerConfigKeys (ConfUtils.java:logGet(43)) - raft.server.log.appender.buffer.byte-limit = 33554432 (custom)
2019-07-14 00:45:07,377 INFO  server.RaftServerConfigKeys (ConfUtils.java:logGet(43)) - raft.server.log.appender.buffer.element-limit = 1 (custom)
2019-07-14 00:45:07,380 INFO  grpc.GrpcConfigKeys$Server (ConfUtils.java:logGet(43)) - raft.grpc.server.leader.outstanding.appends.max = 128 (default)
2019-07-14 00:45:07,380 INFO  server.RaftServerConfigKeys (ConfUtils.java:logGet(43)) - raft.server.rpc.request.timeout = 3000ms (default)
2019-07-14 00:45:07,380 INFO  server.RaftServerConfigKeys (ConfUtils.java:logGet(43)) - raft.server.log.appender.install.snapshot.enabled = false (custom)
2019-07-14 00:45:07,381 INFO  server.RaftServerConfigKeys (ConfUtils.java:logGet(43)) - raft.server.log.appender.snapshot.chunk.size.max = 16MB (=16777216) (default)
2019-07-14 00:45:07,390 INFO  server.RaftServerConfigKeys (ConfUtils.java:logGet(43)) - raft.server.log.appender.buffer.byte-limit = 33554432 (custom)
2019-07-14 00:45:07,390 INFO  server.RaftServerConfigKeys (ConfUtils.java:logGet(43)) - raft.server.log.appender.buffer.element-limit = 1 (custom)
2019-07-14 00:45:07,390 INFO  grpc.GrpcConfigKeys$Server (ConfUtils.java:logGet(43)) - raft.grpc.server.leader.outstanding.appends.max = 128 (default)
2019-07-14 00:45:07,390 INFO  server.RaftServerConfigKeys (ConfUtils.java:logGet(43)) - raft.server.rpc.request.timeout = 3000ms (default)
2019-07-14 00:45:07,391 INFO  server.RaftServerConfigKeys (ConfUtils.java:logGet(43)) - raft.server.log.appender.install.snapshot.enabled = false (custom)
2019-07-14 00:45:07,391 INFO  client.GrpcClientProtocolClient (GrpcClientProtocolClient.java:onNext(255)) - client-CF9A62F17838->3dae385e-6267-41e3-b75e-2f59c3d5ae61: receive RaftClientReply:client-CF9A62F17838->3dae385e-6267-41e3-b75e-2f59c3d5ae61@group-A5932F55D2F5, cid=27, FAILED org.apache.ratis.protocol.NotLeaderException: Server 3dae385e-6267-41e3-b75e-2f59c3d5ae61 is not the leader (null). Request must be sent to leader., logIndex=0, commits[3dae385e-6267-41e3-b75e-2f59c3d5ae61:c-1]
2019-07-14 00:45:07,391 INFO  impl.RoleInfo (RoleInfo.java:updateAndGet(143)) - 506685dc-188a-4fda-80b3-5cfd988a5ff6: start LeaderState
2019-07-14 00:45:07,398 INFO  segmented.SegmentedRaftLogWorker (SegmentedRaftLogWorker.java:startLogSegment(380)) - 506685dc-188a-4fda-80b3-5cfd988a5ff6-SegmentedRaftLogWorker:Storage Directory /tmp/workdir/hadoop-ozone/integration-test/target/test-dir/MiniOzoneClusterImpl-9ec94e0c-450e-4dd1-984a-a0d71f418af7/datanode-2/data/ratis/eed69731-e826-4d1f-ad89-a5932f55d2f5: Starting segment from index:0
2019-07-14 00:45:07,403 INFO  impl.RaftServerImpl (ServerState.java:setRaftConf(361)) - 506685dc-188a-4fda-80b3-5cfd988a5ff6:group-A5932F55D2F5 set configuration 0: [506685dc-188a-4fda-80b3-5cfd988a5ff6:192.168.157.230:41816, 16e41bcf-d4c6-45ef-9434-e9ed1f38239a:192.168.157.230:36114, 3dae385e-6267-41e3-b75e-2f59c3d5ae61:192.168.157.230:42426], old=null at 0
2019-07-14 00:45:07,431 INFO  impl.RaftServerImpl (ServerState.java:setLeader(263)) - 3dae385e-6267-41e3-b75e-2f59c3d5ae61:group-A5932F55D2F5 change Leader from null to 506685dc-188a-4fda-80b3-5cfd988a5ff6 at term 1 for appendEntries, leader elected after 5240ms
2019-07-14 00:45:07,431 INFO  impl.RaftServerImpl (ServerState.java:setLeader(263)) - 16e41bcf-d4c6-45ef-9434-e9ed1f38239a:group-A5932F55D2F5 change Leader from null to 506685dc-188a-4fda-80b3-5cfd988a5ff6 at term 1 for appendEntries, leader elected after 5240ms
2019-07-14 00:45:07,438 INFO  impl.RaftServerImpl (ServerState.java:setRaftConf(361)) - 16e41bcf-d4c6-45ef-9434-e9ed1f38239a:group-A5932F55D2F5 set configuration 0: [506685dc-188a-4fda-80b3-5cfd988a5ff6:192.168.157.230:41816, 16e41bcf-d4c6-45ef-9434-e9ed1f38239a:192.168.157.230:36114, 3dae385e-6267-41e3-b75e-2f59c3d5ae61:192.168.157.230:42426], old=null at 0
2019-07-14 00:45:07,438 INFO  impl.RaftServerImpl (ServerState.java:setRaftConf(361)) - 3dae385e-6267-41e3-b75e-2f59c3d5ae61:group-A5932F55D2F5 set configuration 0: [506685dc-188a-4fda-80b3-5cfd988a5ff6:192.168.157.230:41816, 16e41bcf-d4c6-45ef-9434-e9ed1f38239a:192.168.157.230:36114, 3dae385e-6267-41e3-b75e-2f59c3d5ae61:192.168.157.230:42426], old=null at 0
2019-07-14 00:45:07,438 INFO  segmented.SegmentedRaftLogWorker (SegmentedRaftLogWorker.java:execute(569)) - 506685dc-188a-4fda-80b3-5cfd988a5ff6-SegmentedRaftLogWorker:Storage Directory /tmp/workdir/hadoop-ozone/integration-test/target/test-dir/MiniOzoneClusterImpl-9ec94e0c-450e-4dd1-984a-a0d71f418af7/datanode-2/data/ratis/eed69731-e826-4d1f-ad89-a5932f55d2f5: created new log segment /tmp/workdir/hadoop-ozone/integration-test/target/test-dir/MiniOzoneClusterImpl-9ec94e0c-450e-4dd1-984a-a0d71f418af7/datanode-2/data/ratis/eed69731-e826-4d1f-ad89-a5932f55d2f5/current/log_inprogress_0
2019-07-14 00:45:07,438 INFO  segmented.SegmentedRaftLogWorker (SegmentedRaftLogWorker.java:startLogSegment(380)) - 16e41bcf-d4c6-45ef-9434-e9ed1f38239a-SegmentedRaftLogWorker:Storage Directory /tmp/workdir/hadoop-ozone/integration-test/target/test-dir/MiniOzoneClusterImpl-9ec94e0c-450e-4dd1-984a-a0d71f418af7/datanode-4/data/ratis/eed69731-e826-4d1f-ad89-a5932f55d2f5: Starting segment from index:0
2019-07-14 00:45:07,438 INFO  segmented.SegmentedRaftLogWorker (SegmentedRaftLogWorker.java:startLogSegment(380)) - 3dae385e-6267-41e3-b75e-2f59c3d5ae61-SegmentedRaftLogWorker:Storage Directory /tmp/workdir/hadoop-ozone/integration-test/target/test-dir/MiniOzoneClusterImpl-9ec94e0c-450e-4dd1-984a-a0d71f418af7/datanode-0/data/ratis/eed69731-e826-4d1f-ad89-a5932f55d2f5: Starting segment from index:0
2019-07-14 00:45:07,474 INFO  segmented.SegmentedRaftLogWorker (SegmentedRaftLogWorker.java:execute(569)) - 3dae385e-6267-41e3-b75e-2f59c3d5ae61-SegmentedRaftLogWorker:Storage Directory /tmp/workdir/hadoop-ozone/integration-test/target/test-dir/MiniOzoneClusterImpl-9ec94e0c-450e-4dd1-984a-a0d71f418af7/datanode-0/data/ratis/eed69731-e826-4d1f-ad89-a5932f55d2f5: created new log segment /tmp/workdir/hadoop-ozone/integration-test/target/test-dir/MiniOzoneClusterImpl-9ec94e0c-450e-4dd1-984a-a0d71f418af7/datanode-0/data/ratis/eed69731-e826-4d1f-ad89-a5932f55d2f5/current/log_inprogress_0
2019-07-14 00:45:07,474 INFO  segmented.SegmentedRaftLogWorker (SegmentedRaftLogWorker.java:execute(569)) - 16e41bcf-d4c6-45ef-9434-e9ed1f38239a-SegmentedRaftLogWorker:Storage Directory /tmp/workdir/hadoop-ozone/integration-test/target/test-dir/MiniOzoneClusterImpl-9ec94e0c-450e-4dd1-984a-a0d71f418af7/datanode-4/data/ratis/eed69731-e826-4d1f-ad89-a5932f55d2f5: created new log segment /tmp/workdir/hadoop-ozone/integration-test/target/test-dir/MiniOzoneClusterImpl-9ec94e0c-450e-4dd1-984a-a0d71f418af7/datanode-4/data/ratis/eed69731-e826-4d1f-ad89-a5932f55d2f5/current/log_inprogress_0
2019-07-14 00:45:08,410 INFO  client.GrpcClientProtocolClient (GrpcClientProtocolClient.java:onNext(255)) - client-CF9A62F17838->16e41bcf-d4c6-45ef-9434-e9ed1f38239a: receive RaftClientReply:client-CF9A62F17838->16e41bcf-d4c6-45ef-9434-e9ed1f38239a@group-A5932F55D2F5, cid=27, FAILED org.apache.ratis.protocol.NotLeaderException: Server 16e41bcf-d4c6-45ef-9434-e9ed1f38239a is not the leader (506685dc-188a-4fda-80b3-5cfd988a5ff6:192.168.157.230:41816). Request must be sent to leader., logIndex=0, commits[16e41bcf-d4c6-45ef-9434-e9ed1f38239a:c-1, 506685dc-188a-4fda-80b3-5cfd988a5ff6:c-1, 3dae385e-6267-41e3-b75e-2f59c3d5ae61:c-1]
2019-07-14 00:45:08,587 INFO  client.GrpcClientProtocolClient (GrpcClientProtocolClient.java:onNext(255)) - client-CF9A62F17838->506685dc-188a-4fda-80b3-5cfd988a5ff6: receive RaftClientReply:client-CF9A62F17838->506685dc-188a-4fda-80b3-5cfd988a5ff6@group-A5932F55D2F5, cid=27, SUCCESS, logIndex=1, commits[506685dc-188a-4fda-80b3-5cfd988a5ff6:c1, 16e41bcf-d4c6-45ef-9434-e9ed1f38239a:c0, 3dae385e-6267-41e3-b75e-2f59c3d5ae61:c0]
2019-07-14 00:45:08,661 INFO  client.GrpcClientProtocolClient (GrpcClientProtocolClient.java:onNext(255)) - client-CF9A62F17838->506685dc-188a-4fda-80b3-5cfd988a5ff6: receive RaftClientReply:client-CF9A62F17838->506685dc-188a-4fda-80b3-5cfd988a5ff6@group-A5932F55D2F5, cid=28, SUCCESS, logIndex=3, commits[506685dc-188a-4fda-80b3-5cfd988a5ff6:c4, 16e41bcf-d4c6-45ef-9434-e9ed1f38239a:c3, 3dae385e-6267-41e3-b75e-2f59c3d5ae61:c3]
2019-07-14 00:45:08,732 INFO  pipeline.Pipeline (Pipeline.java:getProtobufMessage(195)) - Serialize pipeline PipelineID=eed69731-e826-4d1f-ad89-a5932f55d2f5 with nodesInOrder{ }
2019-07-14 00:45:08,738 INFO  ozone.MiniOzoneClusterImpl (MiniOzoneClusterImpl.java:shutdown(321)) - Shutting down the Mini Ozone Cluster
2019-07-14 00:45:08,739 INFO  ozone.MiniOzoneClusterImpl (MiniOzoneClusterImpl.java:stop(336)) - Stopping the Mini Ozone Cluster
2019-07-14 00:45:08,739 INFO  ozone.MiniOzoneClusterImpl (MiniOzoneClusterImpl.java:stop(338)) - Stopping the OzoneManager
2019-07-14 00:45:08,739 INFO  ipc.Server (Server.java:stop(3082)) - Stopping server on 35619
2019-07-14 00:45:08,741 INFO  ipc.Server (Server.java:run(1185)) - Stopping IPC Server listener on 35619
2019-07-14 00:45:08,741 INFO  utils.BackgroundService (BackgroundService.java:shutdown(148)) - Shutting down service KeyDeletingService
2019-07-14 00:45:08,742 INFO  ipc.Server (Server.java:run(1319)) - Stopping IPC Server Responder
2019-07-14 00:45:08,747 INFO  handler.ContextHandler (ContextHandler.java:doStop(910)) - Stopped o.e.j.w.WebAppContext@3e9803c2{/,null,UNAVAILABLE}{/ozoneManager}
2019-07-14 00:45:08,754 INFO  server.AbstractConnector (AbstractConnector.java:doStop(318)) - Stopped ServerConnector@4525d1d3{HTTP/1.1,[http/1.1]}{0.0.0.0:0}
2019-07-14 00:45:08,754 INFO  handler.ContextHandler (ContextHandler.java:doStop(910)) - Stopped o.e.j.s.ServletContextHandler@7b44b63d{/static,file:///tmp/workdir/hadoop-ozone/integration-test/target/test-classes/webapps/static,UNAVAILABLE}
2019-07-14 00:45:08,755 INFO  handler.ContextHandler (ContextHandler.java:doStop(910)) - Stopped o.e.j.s.ServletContextHandler@2d0bfb24{/logs,file:///tmp/workdir/hadoop-ozone/integration-test/target/log,UNAVAILABLE}
2019-07-14 00:45:08,760 INFO  ozone.MiniOzoneClusterImpl (MiniOzoneClusterImpl.java:stop(344)) - Shutting the HddsDatanodes
2019-07-14 00:45:08,761 INFO  datanode.ObjectStoreHandler (ObjectStoreHandler.java:close(155)) - Closing ObjectStoreHandler.
2019-07-14 00:45:08,761 INFO  datanode.ObjectStoreHandler (ObjectStoreHandler.java:close(155)) - Closing ObjectStoreHandler.
2019-07-14 00:45:08,764 INFO  ozone.HddsDatanodeService (HddsDatanodeService.java:stop(452)) - Stopped plug-in org.apache.hadoop.ozone.web.OzoneHddsDatanodeService@15d236fd
2019-07-14 00:45:08,764 INFO  ozone.HddsDatanodeService (HddsDatanodeService.java:stop(452)) - Stopped plug-in org.apache.hadoop.ozone.web.OzoneHddsDatanodeService@5729b410
2019-07-14 00:45:09,159 INFO  statemachine.DatanodeStateMachine (DatanodeStateMachine.java:lambda$startDaemon$0(350)) - Ozone container server started.
2019-07-14 00:45:09,564 INFO  statemachine.DatanodeStateMachine (DatanodeStateMachine.java:lambda$startDaemon$0(350)) - Ozone container server started.
2019-07-14 00:45:13,766 INFO  ozoneimpl.OzoneContainer (OzoneContainer.java:stop(199)) - Attempting to stop container services.
2019-07-14 00:45:13,766 INFO  ozoneimpl.OzoneContainer (OzoneContainer.java:stop(199)) - Attempting to stop container services.
2019-07-14 00:45:13,768 INFO  impl.RaftServerProxy (RaftServerProxy.java:lambda$close$4(314)) - 16e41bcf-d4c6-45ef-9434-e9ed1f38239a: close
2019-07-14 00:45:13,768 INFO  impl.RaftServerProxy (RaftServerProxy.java:lambda$close$4(314)) - 9a33bc45-9b26-45b5-95ca-43aeeb6454e9: close
2019-07-14 00:45:13,769 INFO  impl.RaftServerImpl (RaftServerImpl.java:lambda$shutdown$3(245)) - 16e41bcf-d4c6-45ef-9434-e9ed1f38239a: shutdown group-A7E3B2F74E77
2019-07-14 00:45:13,769 INFO  impl.RaftServerImpl (RaftServerImpl.java:lambda$shutdown$3(245)) - 9a33bc45-9b26-45b5-95ca-43aeeb6454e9: shutdown group-836B508CBD10
2019-07-14 00:45:13,769 INFO  util.JmxRegister (JmxRegister.java:unregister(73)) - Successfully un-registered JMX Bean with object name Ratis:service=RaftServer,group=group-A7E3B2F74E77,id=16e41bcf-d4c6-45ef-9434-e9ed1f38239a
2019-07-14 00:45:13,770 INFO  impl.RoleInfo (RoleInfo.java:shutdownLeaderState(104)) - 16e41bcf-d4c6-45ef-9434-e9ed1f38239a: shutdown LeaderState
2019-07-14 00:45:13,770 INFO  util.JmxRegister (JmxRegister.java:unregister(73)) - Successfully un-registered JMX Bean with object name Ratis:service=RaftServer,group=group-836B508CBD10,id=9a33bc45-9b26-45b5-95ca-43aeeb6454e9
2019-07-14 00:45:13,771 INFO  impl.PendingRequests (PendingRequests.java:sendNotLeaderResponses(202)) - 16e41bcf-d4c6-45ef-9434-e9ed1f38239a-PendingRequests: sendNotLeaderResponses
2019-07-14 00:45:13,771 INFO  impl.RoleInfo (RoleInfo.java:shutdownLeaderState(104)) - 9a33bc45-9b26-45b5-95ca-43aeeb6454e9: shutdown LeaderState
2019-07-14 00:45:13,771 INFO  impl.StateMachineUpdater (StateMachineUpdater.java:stopAndJoin(115)) - StateMachineUpdater:16e41bcf-d4c6-45ef-9434-e9ed1f38239a:group-A7E3B2F74E77: set stopIndex = 0
2019-07-14 00:45:13,772 INFO  impl.PendingRequests (PendingRequests.java:sendNotLeaderResponses(202)) - 9a33bc45-9b26-45b5-95ca-43aeeb6454e9-PendingRequests: sendNotLeaderResponses
2019-07-14 00:45:13,772 INFO  ratis.ContainerStateMachine (ContainerStateMachine.java:takeSnapshot(246)) - Taking snapshot at termIndex:(t:0, i:~)
2019-07-14 00:45:13,775 INFO  impl.StateMachineUpdater (StateMachineUpdater.java:stopAndJoin(115)) - StateMachineUpdater:9a33bc45-9b26-45b5-95ca-43aeeb6454e9:group-836B508CBD10: set stopIndex = 0
2019-07-14 00:45:13,775 INFO  impl.RaftServerImpl (ServerState.java:close(394)) - 16e41bcf-d4c6-45ef-9434-e9ed1f38239a:group-A7E3B2F74E77 closes. The last applied log index is 0
2019-07-14 00:45:13,775 INFO  ratis.ContainerStateMachine (ContainerStateMachine.java:takeSnapshot(246)) - Taking snapshot at termIndex:(t:0, i:~)
2019-07-14 00:45:13,776 INFO  segmented.SegmentedRaftLogWorker (SegmentedRaftLogWorker.java:run(313)) - 16e41bcf-d4c6-45ef-9434-e9ed1f38239a-SegmentedRaftLogWorker:Storage Directory /tmp/workdir/hadoop-ozone/integration-test/target/test-dir/MiniOzoneClusterImpl-9ec94e0c-450e-4dd1-984a-a0d71f418af7/datanode-4/data/ratis/94123216-5d51-47d5-bb91-a7e3b2f74e77 was interrupted, exiting. There are 0 tasks remaining in the queue.
2019-07-14 00:45:13,776 INFO  impl.RaftServerImpl (ServerState.java:close(394)) - 9a33bc45-9b26-45b5-95ca-43aeeb6454e9:group-836B508CBD10 closes. The last applied log index is 0
2019-07-14 00:45:13,778 INFO  segmented.SegmentedRaftLogWorker (SegmentedRaftLogWorker.java:run(313)) - 9a33bc45-9b26-45b5-95ca-43aeeb6454e9-SegmentedRaftLogWorker:Storage Directory /tmp/workdir/hadoop-ozone/integration-test/target/test-dir/MiniOzoneClusterImpl-9ec94e0c-450e-4dd1-984a-a0d71f418af7/datanode-1/data/ratis/992bba16-f28a-4efa-af0b-836b508cbd10 was interrupted, exiting. There are 0 tasks remaining in the queue.
2019-07-14 00:45:13,782 INFO  segmented.SegmentedRaftLogWorker (SegmentedRaftLogWorker.java:close(228)) - 9a33bc45-9b26-45b5-95ca-43aeeb6454e9-SegmentedRaftLogWorker:Storage Directory /tmp/workdir/hadoop-ozone/integration-test/target/test-dir/MiniOzoneClusterImpl-9ec94e0c-450e-4dd1-984a-a0d71f418af7/datanode-1/data/ratis/992bba16-f28a-4efa-af0b-836b508cbd10 close()
2019-07-14 00:45:13,782 INFO  segmented.SegmentedRaftLogWorker (SegmentedRaftLogWorker.java:close(228)) - 16e41bcf-d4c6-45ef-9434-e9ed1f38239a-SegmentedRaftLogWorker:Storage Directory /tmp/workdir/hadoop-ozone/integration-test/target/test-dir/MiniOzoneClusterImpl-9ec94e0c-450e-4dd1-984a-a0d71f418af7/datanode-4/data/ratis/94123216-5d51-47d5-bb91-a7e3b2f74e77 close()
2019-07-14 00:45:13,786 INFO  impl.RaftServerImpl (RaftServerImpl.java:lambda$shutdown$3(245)) - 9a33bc45-9b26-45b5-95ca-43aeeb6454e9: shutdown group-2270EE281D7E
2019-07-14 00:45:13,790 INFO  impl.RaftServerImpl (RaftServerImpl.java:lambda$shutdown$3(245)) - 16e41bcf-d4c6-45ef-9434-e9ed1f38239a: shutdown group-A5932F55D2F5
2019-07-14 00:45:13,791 INFO  util.JmxRegister (JmxRegister.java:unregister(73)) - Successfully un-registered JMX Bean with object name Ratis:service=RaftServer,group=group-2270EE281D7E,id=9a33bc45-9b26-45b5-95ca-43aeeb6454e9
2019-07-14 00:45:13,791 INFO  util.JmxRegister (JmxRegister.java:unregister(73)) - Successfully un-registered JMX Bean with object name Ratis:service=RaftServer,group=group-A5932F55D2F5,id=16e41bcf-d4c6-45ef-9434-e9ed1f38239a
2019-07-14 00:45:13,792 INFO  impl.RoleInfo (RoleInfo.java:shutdownFollowerState(121)) - 16e41bcf-d4c6-45ef-9434-e9ed1f38239a: shutdown FollowerState
2019-07-14 00:45:13,791 INFO  impl.RoleInfo (RoleInfo.java:shutdownLeaderState(104)) - 9a33bc45-9b26-45b5-95ca-43aeeb6454e9: shutdown LeaderState
2019-07-14 00:45:13,792 INFO  ratis.ContainerStateMachine (ContainerStateMachine.java:takeSnapshot(246)) - Taking snapshot at termIndex:(t:1, i:3)
2019-07-14 00:45:13,796 INFO  impl.PendingRequests (PendingRequests.java:sendNotLeaderResponses(202)) - 9a33bc45-9b26-45b5-95ca-43aeeb6454e9-PendingRequests: sendNotLeaderResponses
2019-07-14 00:45:13,792 INFO  impl.FollowerState (FollowerState.java:run(114)) - 16e41bcf-d4c6-45ef-9434-e9ed1f38239a: FollowerState was interrupted: java.lang.InterruptedException: sleep interrupted
2019-07-14 00:45:13,792 INFO  impl.StateMachineUpdater (StateMachineUpdater.java:stopAndJoin(115)) - StateMachineUpdater:16e41bcf-d4c6-45ef-9434-e9ed1f38239a:group-A5932F55D2F5: set stopIndex = 4
2019-07-14 00:45:13,799 INFO  ratis.ContainerStateMachine (ContainerStateMachine.java:takeSnapshot(246)) - Taking snapshot at termIndex:(t:0, i:~)
2019-07-14 00:45:13,797 INFO  impl.StateMachineUpdater (StateMachineUpdater.java:stopAndJoin(115)) - StateMachineUpdater:9a33bc45-9b26-45b5-95ca-43aeeb6454e9:group-2270EE281D7E: set stopIndex = 0
2019-07-14 00:45:13,796 INFO  ratis.ContainerStateMachine (ContainerStateMachine.java:takeSnapshot(250)) - Taking a snapshot to file /tmp/workdir/hadoop-ozone/integration-test/target/test-dir/MiniOzoneClusterImpl-9ec94e0c-450e-4dd1-984a-a0d71f418af7/datanode-4/data/ratis/eed69731-e826-4d1f-ad89-a5932f55d2f5/sm/snapshot.1_3
2019-07-14 00:45:13,796 WARN  server.GrpcLogAppender (GrpcLogAppender.java:mayWait(143)) - GrpcLogAppender(9a33bc45-9b26-45b5-95ca-43aeeb6454e9->848b32c1-d13e-4445-99ad-9e1b3960d4ad): Wait interrupted by java.lang.InterruptedException
2019-07-14 00:45:13,796 WARN  server.GrpcLogAppender (GrpcLogAppender.java:mayWait(143)) - GrpcLogAppender(9a33bc45-9b26-45b5-95ca-43aeeb6454e9->8d84ade6-f7de-47b8-9370-abe99a0ad98a): Wait interrupted by java.lang.InterruptedException
2019-07-14 00:45:13,802 INFO  impl.RaftServerImpl (ServerState.java:close(394)) - 9a33bc45-9b26-45b5-95ca-43aeeb6454e9:group-2270EE281D7E closes. The last applied log index is 0
2019-07-14 00:45:13,803 INFO  server.GrpcServerProtocolService (GrpcServerProtocolService.java:onCompleted(104)) - 848b32c1-d13e-4445-99ad-9e1b3960d4ad: appendEntries completed
2019-07-14 00:45:13,803 INFO  segmented.SegmentedRaftLogWorker (SegmentedRaftLogWorker.java:run(313)) - 9a33bc45-9b26-45b5-95ca-43aeeb6454e9-SegmentedRaftLogWorker:Storage Directory /tmp/workdir/hadoop-ozone/integration-test/target/test-dir/MiniOzoneClusterImpl-9ec94e0c-450e-4dd1-984a-a0d71f418af7/datanode-1/data/ratis/06e6b231-4478-4817-a5cf-2270ee281d7e was interrupted, exiting. There are 0 tasks remaining in the queue.
2019-07-14 00:45:13,803 INFO  impl.StateMachineUpdater (StateMachineUpdater.java:takeSnapshot(242)) - StateMachineUpdater:16e41bcf-d4c6-45ef-9434-e9ed1f38239a:group-A5932F55D2F5: Took a snapshot at index 3
2019-07-14 00:45:13,806 INFO  segmented.SegmentedRaftLogWorker (SegmentedRaftLogWorker.java:close(228)) - 9a33bc45-9b26-45b5-95ca-43aeeb6454e9-SegmentedRaftLogWorker:Storage Directory /tmp/workdir/hadoop-ozone/integration-test/target/test-dir/MiniOzoneClusterImpl-9ec94e0c-450e-4dd1-984a-a0d71f418af7/datanode-1/data/ratis/06e6b231-4478-4817-a5cf-2270ee281d7e close()
2019-07-14 00:45:13,803 INFO  server.GrpcServerProtocolService (GrpcServerProtocolService.java:onCompleted(104)) - 8d84ade6-f7de-47b8-9370-abe99a0ad98a: appendEntries completed
2019-07-14 00:45:13,806 INFO  impl.StateMachineUpdater (StateMachineUpdater.java:lambda$new$0(80)) - StateMachineUpdater:16e41bcf-d4c6-45ef-9434-e9ed1f38239a:group-A5932F55D2F5: snapshotIndex: updateIncreasingly -1 -> 3
2019-07-14 00:45:13,811 INFO  server.GrpcLogAppender (GrpcLogAppender.java:onCompleted(292)) - 9a33bc45-9b26-45b5-95ca-43aeeb6454e9->848b32c1-d13e-4445-99ad-9e1b3960d4ad: follower responses appendEntries COMPLETED
2019-07-14 00:45:13,811 INFO  server.GrpcService (GrpcService.java:closeImpl(155)) - 9a33bc45-9b26-45b5-95ca-43aeeb6454e9: shutdown server with port 39161 now
2019-07-14 00:45:13,811 INFO  impl.RaftServerImpl (ServerState.java:close(394)) - 16e41bcf-d4c6-45ef-9434-e9ed1f38239a:group-A5932F55D2F5 closes. The last applied log index is 4
2019-07-14 00:45:13,814 INFO  server.GrpcLogAppender (GrpcLogAppender.java:onCompleted(292)) - 9a33bc45-9b26-45b5-95ca-43aeeb6454e9->8d84ade6-f7de-47b8-9370-abe99a0ad98a: follower responses appendEntries COMPLETED
2019-07-14 00:45:13,814 INFO  impl.FollowerInfo (FollowerInfo.java:lambda$new$0(50)) - 9a33bc45-9b26-45b5-95ca-43aeeb6454e9->848b32c1-d13e-4445-99ad-9e1b3960d4ad: nextIndex: updateUnconditionally 1 -> 0
2019-07-14 00:45:13,817 INFO  impl.FollowerInfo (FollowerInfo.java:lambda$new$0(50)) - 9a33bc45-9b26-45b5-95ca-43aeeb6454e9->8d84ade6-f7de-47b8-9370-abe99a0ad98a: nextIndex: updateUnconditionally 1 -> 0
2019-07-14 00:45:13,814 INFO  segmented.SegmentedRaftLogWorker (SegmentedRaftLogWorker.java:run(313)) - 16e41bcf-d4c6-45ef-9434-e9ed1f38239a-SegmentedRaftLogWorker:Storage Directory /tmp/workdir/hadoop-ozone/integration-test/target/test-dir/MiniOzoneClusterImpl-9ec94e0c-450e-4dd1-984a-a0d71f418af7/datanode-4/data/ratis/eed69731-e826-4d1f-ad89-a5932f55d2f5 was interrupted, exiting. There are 0 tasks remaining in the queue.
2019-07-14 00:45:13,819 INFO  segmented.SegmentedRaftLogWorker (SegmentedRaftLogWorker.java:close(228)) - 16e41bcf-d4c6-45ef-9434-e9ed1f38239a-SegmentedRaftLogWorker:Storage Directory /tmp/workdir/hadoop-ozone/integration-test/target/test-dir/MiniOzoneClusterImpl-9ec94e0c-450e-4dd1-984a-a0d71f418af7/datanode-4/data/ratis/eed69731-e826-4d1f-ad89-a5932f55d2f5 close()
2019-07-14 00:45:13,823 INFO  server.GrpcService (GrpcService.java:closeImpl(155)) - 16e41bcf-d4c6-45ef-9434-e9ed1f38239a: shutdown server with port 36114 now
2019-07-14 00:45:13,824 INFO  server.GrpcService (GrpcService.java:closeImpl(163)) - 9a33bc45-9b26-45b5-95ca-43aeeb6454e9: shutdown server with port 39161 successfully
2019-07-14 00:45:13,827 INFO  server.GrpcService (GrpcService.java:closeImpl(163)) - 16e41bcf-d4c6-45ef-9434-e9ed1f38239a: shutdown server with port 36114 successfully
2019-07-14 00:45:13,827 WARN  server.GrpcServerProtocolService (LogUtils.java:warn(134)) - 16e41bcf-d4c6-45ef-9434-e9ed1f38239a: appendEntries onError: org.apache.ratis.thirdparty.io.grpc.StatusRuntimeException: CANCELLED: cancelled before receiving half close
2019-07-14 00:45:13,827 INFO  utils.BackgroundService (BackgroundService.java:shutdown(148)) - Shutting down service BlockDeletingService
2019-07-14 00:45:13,830 WARN  server.GrpcLogAppender (LogUtils.java:warn(134)) - 506685dc-188a-4fda-80b3-5cfd988a5ff6->16e41bcf-d4c6-45ef-9434-e9ed1f38239a: Failed appendEntries: org.apache.ratis.thirdparty.io.grpc.StatusRuntimeException: CANCELLED: HTTP/2 error code: CANCEL
Received Rst Stream
2019-07-14 00:45:13,833 INFO  impl.FollowerInfo (FollowerInfo.java:lambda$new$0(50)) - 506685dc-188a-4fda-80b3-5cfd988a5ff6->16e41bcf-d4c6-45ef-9434-e9ed1f38239a: nextIndex: updateUnconditionally 5 -> 4
2019-07-14 00:45:13,834 WARN  fs.CachingGetSpaceUsed (CachingGetSpaceUsed.java:run(183)) - Thread Interrupted waiting to refresh disk information: sleep interrupted
2019-07-14 00:45:13,843 INFO  utils.BackgroundService (BackgroundService.java:shutdown(148)) - Shutting down service BlockDeletingService
2019-07-14 00:45:13,845 WARN  fs.CachingGetSpaceUsed (CachingGetSpaceUsed.java:run(183)) - Thread Interrupted waiting to refresh disk information: sleep interrupted
2019-07-14 00:45:13,866 INFO  statemachine.DatanodeStateMachine (DatanodeStateMachine.java:stopDaemon(395)) - Ozone container server stopped.
2019-07-14 00:45:13,869 INFO  statemachine.DatanodeStateMachine (DatanodeStateMachine.java:stopDaemon(395)) - Ozone container server stopped.
2019-07-14 00:45:13,873 INFO  handler.ContextHandler (ContextHandler.java:doStop(910)) - Stopped o.e.j.w.WebAppContext@367d34c0{/,null,UNAVAILABLE}{/hddsDatanode}
2019-07-14 00:45:13,875 INFO  handler.ContextHandler (ContextHandler.java:doStop(910)) - Stopped o.e.j.w.WebAppContext@2e1eb85f{/,null,UNAVAILABLE}{/hddsDatanode}
2019-07-14 00:45:13,875 INFO  server.AbstractConnector (AbstractConnector.java:doStop(318)) - Stopped ServerConnector@4ce25e47{HTTP/1.1,[http/1.1]}{0.0.0.0:0}
2019-07-14 00:45:13,876 INFO  handler.ContextHandler (ContextHandler.java:doStop(910)) - Stopped o.e.j.s.ServletContextHandler@5fef0c19{/static,jar:file:/home/user/.m2/repository/org/apache/hadoop/hadoop-hdds-container-service/0.5.0-SNAPSHOT/hadoop-hdds-container-service-0.5.0-SNAPSHOT.jar!/webapps/static,UNAVAILABLE}
2019-07-14 00:45:13,876 INFO  handler.ContextHandler (ContextHandler.java:doStop(910)) - Stopped o.e.j.s.ServletContextHandler@615db358{/logs,file:///tmp/workdir/hadoop-ozone/integration-test/target/log,UNAVAILABLE}
2019-07-14 00:45:13,877 INFO  server.AbstractConnector (AbstractConnector.java:doStop(318)) - Stopped ServerConnector@ea7a4c3{HTTP/1.1,[http/1.1]}{0.0.0.0:0}
2019-07-14 00:45:13,877 INFO  datanode.ObjectStoreHandler (ObjectStoreHandler.java:close(155)) - Closing ObjectStoreHandler.
2019-07-14 00:45:13,879 INFO  handler.ContextHandler (ContextHandler.java:doStop(910)) - Stopped o.e.j.s.ServletContextHandler@364fd4ae{/static,jar:file:/home/user/.m2/repository/org/apache/hadoop/hadoop-hdds-container-service/0.5.0-SNAPSHOT/hadoop-hdds-container-service-0.5.0-SNAPSHOT.jar!/webapps/static,UNAVAILABLE}
2019-07-14 00:45:13,879 INFO  ozone.HddsDatanodeService (HddsDatanodeService.java:stop(452)) - Stopped plug-in org.apache.hadoop.ozone.web.OzoneHddsDatanodeService@65da01f4
2019-07-14 00:45:13,881 INFO  handler.ContextHandler (ContextHandler.java:doStop(910)) - Stopped o.e.j.s.ServletContextHandler@359066bc{/logs,file:///tmp/workdir/hadoop-ozone/integration-test/target/log,UNAVAILABLE}
2019-07-14 00:45:13,882 INFO  datanode.ObjectStoreHandler (ObjectStoreHandler.java:close(155)) - Closing ObjectStoreHandler.
2019-07-14 00:45:13,882 INFO  ozone.HddsDatanodeService (HddsDatanodeService.java:stop(452)) - Stopped plug-in org.apache.hadoop.ozone.web.OzoneHddsDatanodeService@7436364d
2019-07-14 00:45:13,887 INFO  statemachine.DatanodeStateMachine (DatanodeStateMachine.java:lambda$startDaemon$0(350)) - Ozone container server started.
2019-07-14 00:45:14,564 INFO  statemachine.DatanodeStateMachine (DatanodeStateMachine.java:lambda$startDaemon$0(350)) - Ozone container server started.
2019-07-14 00:45:16,153 WARN  server.GrpcLogAppender (LogUtils.java:warn(134)) - 506685dc-188a-4fda-80b3-5cfd988a5ff6->16e41bcf-d4c6-45ef-9434-e9ed1f38239a: Failed appendEntries: org.apache.ratis.thirdparty.io.grpc.StatusRuntimeException: UNAVAILABLE: io exception
2019-07-14 00:45:16,156 INFO  impl.FollowerInfo (FollowerInfo.java:lambda$new$0(50)) - 506685dc-188a-4fda-80b3-5cfd988a5ff6->16e41bcf-d4c6-45ef-9434-e9ed1f38239a: nextIndex: updateUnconditionally 4 -> 3
2019-07-14 00:45:18,644 WARN  server.GrpcLogAppender (LogUtils.java:warn(134)) - 506685dc-188a-4fda-80b3-5cfd988a5ff6->16e41bcf-d4c6-45ef-9434-e9ed1f38239a: Failed appendEntries: org.apache.ratis.thirdparty.io.grpc.StatusRuntimeException: UNAVAILABLE: io exception
2019-07-14 00:45:18,654 INFO  impl.FollowerInfo (FollowerInfo.java:lambda$new$0(50)) - 506685dc-188a-4fda-80b3-5cfd988a5ff6->16e41bcf-d4c6-45ef-9434-e9ed1f38239a: nextIndex: updateUnconditionally 3 -> 2
2019-07-14 00:45:18,882 INFO  ozoneimpl.OzoneContainer (OzoneContainer.java:stop(199)) - Attempting to stop container services.
2019-07-14 00:45:18,882 INFO  impl.RaftServerProxy (RaftServerProxy.java:lambda$close$4(314)) - 848b32c1-d13e-4445-99ad-9e1b3960d4ad: close
2019-07-14 00:45:18,883 INFO  impl.RaftServerImpl (RaftServerImpl.java:lambda$shutdown$3(245)) - 848b32c1-d13e-4445-99ad-9e1b3960d4ad: shutdown group-2270EE281D7E
2019-07-14 00:45:18,883 INFO  ozoneimpl.OzoneContainer (OzoneContainer.java:stop(199)) - Attempting to stop container services.
2019-07-14 00:45:18,883 INFO  util.JmxRegister (JmxRegister.java:unregister(73)) - Successfully un-registered JMX Bean with object name Ratis:service=RaftServer,group=group-2270EE281D7E,id=848b32c1-d13e-4445-99ad-9e1b3960d4ad
2019-07-14 00:45:18,884 INFO  impl.RaftServerProxy (RaftServerProxy.java:lambda$close$4(314)) - 506685dc-188a-4fda-80b3-5cfd988a5ff6: close
2019-07-14 00:45:18,884 INFO  impl.RoleInfo (RoleInfo.java:shutdownFollowerState(121)) - 848b32c1-d13e-4445-99ad-9e1b3960d4ad: shutdown FollowerState
2019-07-14 00:45:18,884 INFO  impl.RaftServerImpl (RaftServerImpl.java:lambda$shutdown$3(245)) - 506685dc-188a-4fda-80b3-5cfd988a5ff6: shutdown group-A5932F55D2F5
2019-07-14 00:45:18,885 INFO  impl.StateMachineUpdater (StateMachineUpdater.java:stopAndJoin(115)) - StateMachineUpdater:848b32c1-d13e-4445-99ad-9e1b3960d4ad:group-2270EE281D7E: set stopIndex = 0
2019-07-14 00:45:18,886 INFO  ratis.ContainerStateMachine (ContainerStateMachine.java:takeSnapshot(246)) - Taking snapshot at termIndex:(t:0, i:~)
2019-07-14 00:45:18,885 INFO  util.JmxRegister (JmxRegister.java:unregister(73)) - Successfully un-registered JMX Bean with object name Ratis:service=RaftServer,group=group-A5932F55D2F5,id=506685dc-188a-4fda-80b3-5cfd988a5ff6
2019-07-14 00:45:18,886 INFO  impl.RoleInfo (RoleInfo.java:shutdownLeaderState(104)) - 506685dc-188a-4fda-80b3-5cfd988a5ff6: shutdown LeaderState
2019-07-14 00:45:18,885 INFO  impl.FollowerState (FollowerState.java:run(114)) - 848b32c1-d13e-4445-99ad-9e1b3960d4ad: FollowerState was interrupted: java.lang.InterruptedException: sleep interrupted
2019-07-14 00:45:18,891 WARN  server.GrpcLogAppender (GrpcLogAppender.java:mayWait(143)) - GrpcLogAppender(506685dc-188a-4fda-80b3-5cfd988a5ff6->16e41bcf-d4c6-45ef-9434-e9ed1f38239a): Wait interrupted by java.lang.InterruptedException
2019-07-14 00:45:18,891 WARN  server.GrpcLogAppender (GrpcLogAppender.java:mayWait(143)) - GrpcLogAppender(506685dc-188a-4fda-80b3-5cfd988a5ff6->3dae385e-6267-41e3-b75e-2f59c3d5ae61): Wait interrupted by java.lang.InterruptedException
2019-07-14 00:45:18,891 INFO  impl.PendingRequests (PendingRequests.java:sendNotLeaderResponses(202)) - 506685dc-188a-4fda-80b3-5cfd988a5ff6-PendingRequests: sendNotLeaderResponses
2019-07-14 00:45:18,886 INFO  impl.RaftServerImpl (ServerState.java:close(394)) - 848b32c1-d13e-4445-99ad-9e1b3960d4ad:group-2270EE281D7E closes. The last applied log index is 0
2019-07-14 00:45:18,907 INFO  ratis.ContainerStateMachine (ContainerStateMachine.java:takeSnapshot(246)) - Taking snapshot at termIndex:(t:1, i:4)
2019-07-14 00:45:18,907 INFO  impl.StateMachineUpdater (StateMachineUpdater.java:stopAndJoin(115)) - StateMachineUpdater:506685dc-188a-4fda-80b3-5cfd988a5ff6:group-A5932F55D2F5: set stopIndex = 4
2019-07-14 00:45:18,907 INFO  server.GrpcServerProtocolService (GrpcServerProtocolService.java:onCompleted(104)) - 3dae385e-6267-41e3-b75e-2f59c3d5ae61: appendEntries completed
2019-07-14 00:45:18,907 INFO  ratis.ContainerStateMachine (ContainerStateMachine.java:takeSnapshot(250)) - Taking a snapshot to file /tmp/workdir/hadoop-ozone/integration-test/target/test-dir/MiniOzoneClusterImpl-9ec94e0c-450e-4dd1-984a-a0d71f418af7/datanode-2/data/ratis/eed69731-e826-4d1f-ad89-a5932f55d2f5/sm/snapshot.1_4
2019-07-14 00:45:18,907 INFO  segmented.SegmentedRaftLogWorker (SegmentedRaftLogWorker.java:run(313)) - 848b32c1-d13e-4445-99ad-9e1b3960d4ad-SegmentedRaftLogWorker:Storage Directory /tmp/workdir/hadoop-ozone/integration-test/target/test-dir/MiniOzoneClusterImpl-9ec94e0c-450e-4dd1-984a-a0d71f418af7/datanode-3/data/ratis/06e6b231-4478-4817-a5cf-2270ee281d7e was interrupted, exiting. There are 0 tasks remaining in the queue.
2019-07-14 00:45:18,912 INFO  segmented.SegmentedRaftLogWorker (SegmentedRaftLogWorker.java:close(228)) - 848b32c1-d13e-4445-99ad-9e1b3960d4ad-SegmentedRaftLogWorker:Storage Directory /tmp/workdir/hadoop-ozone/integration-test/target/test-dir/MiniOzoneClusterImpl-9ec94e0c-450e-4dd1-984a-a0d71f418af7/datanode-3/data/ratis/06e6b231-4478-4817-a5cf-2270ee281d7e close()
2019-07-14 00:45:18,912 INFO  impl.StateMachineUpdater (StateMachineUpdater.java:takeSnapshot(242)) - StateMachineUpdater:506685dc-188a-4fda-80b3-5cfd988a5ff6:group-A5932F55D2F5: Took a snapshot at index 4
2019-07-14 00:45:18,916 INFO  impl.RaftServerImpl (RaftServerImpl.java:lambda$shutdown$3(245)) - 848b32c1-d13e-4445-99ad-9e1b3960d4ad: shutdown group-D3752B520083
2019-07-14 00:45:18,912 INFO  server.GrpcLogAppender (GrpcLogAppender.java:onCompleted(292)) - 506685dc-188a-4fda-80b3-5cfd988a5ff6->3dae385e-6267-41e3-b75e-2f59c3d5ae61: follower responses appendEntries COMPLETED
2019-07-14 00:45:18,916 INFO  util.JmxRegister (JmxRegister.java:unregister(73)) - Successfully un-registered JMX Bean with object name Ratis:service=RaftServer,group=group-D3752B520083,id=848b32c1-d13e-4445-99ad-9e1b3960d4ad
2019-07-14 00:45:18,916 INFO  impl.StateMachineUpdater (StateMachineUpdater.java:lambda$new$0(80)) - StateMachineUpdater:506685dc-188a-4fda-80b3-5cfd988a5ff6:group-A5932F55D2F5: snapshotIndex: updateIncreasingly -1 -> 4
2019-07-14 00:45:18,917 INFO  impl.RoleInfo (RoleInfo.java:shutdownLeaderState(104)) - 848b32c1-d13e-4445-99ad-9e1b3960d4ad: shutdown LeaderState
2019-07-14 00:45:18,917 INFO  impl.RaftServerImpl (ServerState.java:close(394)) - 506685dc-188a-4fda-80b3-5cfd988a5ff6:group-A5932F55D2F5 closes. The last applied log index is 4
2019-07-14 00:45:18,917 INFO  impl.FollowerInfo (FollowerInfo.java:lambda$new$0(50)) - 506685dc-188a-4fda-80b3-5cfd988a5ff6->3dae385e-6267-41e3-b75e-2f59c3d5ae61: nextIndex: updateUnconditionally 5 -> 4
2019-07-14 00:45:18,918 INFO  segmented.SegmentedRaftLogWorker (SegmentedRaftLogWorker.java:run(313)) - 506685dc-188a-4fda-80b3-5cfd988a5ff6-SegmentedRaftLogWorker:Storage Directory /tmp/workdir/hadoop-ozone/integration-test/target/test-dir/MiniOzoneClusterImpl-9ec94e0c-450e-4dd1-984a-a0d71f418af7/datanode-2/data/ratis/eed69731-e826-4d1f-ad89-a5932f55d2f5 was interrupted, exiting. There are 0 tasks remaining in the queue.
2019-07-14 00:45:18,917 INFO  impl.PendingRequests (PendingRequests.java:sendNotLeaderResponses(202)) - 848b32c1-d13e-4445-99ad-9e1b3960d4ad-PendingRequests: sendNotLeaderResponses
2019-07-14 00:45:18,920 INFO  segmented.SegmentedRaftLogWorker (SegmentedRaftLogWorker.java:close(228)) - 506685dc-188a-4fda-80b3-5cfd988a5ff6-SegmentedRaftLogWorker:Storage Directory /tmp/workdir/hadoop-ozone/integration-test/target/test-dir/MiniOzoneClusterImpl-9ec94e0c-450e-4dd1-984a-a0d71f418af7/datanode-2/data/ratis/eed69731-e826-4d1f-ad89-a5932f55d2f5 close()
2019-07-14 00:45:18,922 INFO  impl.StateMachineUpdater (StateMachineUpdater.java:stopAndJoin(115)) - StateMachineUpdater:848b32c1-d13e-4445-99ad-9e1b3960d4ad:group-D3752B520083: set stopIndex = 0
2019-07-14 00:45:18,924 INFO  impl.RaftServerImpl (RaftServerImpl.java:lambda$shutdown$3(245)) - 506685dc-188a-4fda-80b3-5cfd988a5ff6: shutdown group-B20F1E681A25
2019-07-14 00:45:18,924 INFO  ratis.ContainerStateMachine (ContainerStateMachine.java:takeSnapshot(246)) - Taking snapshot at termIndex:(t:0, i:~)
2019-07-14 00:45:18,925 INFO  util.JmxRegister (JmxRegister.java:unregister(73)) - Successfully un-registered JMX Bean with object name Ratis:service=RaftServer,group=group-B20F1E681A25,id=506685dc-188a-4fda-80b3-5cfd988a5ff6
2019-07-14 00:45:18,925 INFO  impl.RaftServerImpl (ServerState.java:close(394)) - 848b32c1-d13e-4445-99ad-9e1b3960d4ad:group-D3752B520083 closes. The last applied log index is 0
2019-07-14 00:45:18,925 INFO  impl.RoleInfo (RoleInfo.java:shutdownLeaderState(104)) - 506685dc-188a-4fda-80b3-5cfd988a5ff6: shutdown LeaderState
2019-07-14 00:45:18,926 INFO  segmented.SegmentedRaftLogWorker (SegmentedRaftLogWorker.java:run(313)) - 848b32c1-d13e-4445-99ad-9e1b3960d4ad-SegmentedRaftLogWorker:Storage Directory /tmp/workdir/hadoop-ozone/integration-test/target/test-dir/MiniOzoneClusterImpl-9ec94e0c-450e-4dd1-984a-a0d71f418af7/datanode-3/data/ratis/c7827916-251a-4756-b0e3-d3752b520083 was interrupted, exiting. There are 0 tasks remaining in the queue.
2019-07-14 00:45:18,926 INFO  impl.PendingRequests (PendingRequests.java:sendNotLeaderResponses(202)) - 506685dc-188a-4fda-80b3-5cfd988a5ff6-PendingRequests: sendNotLeaderResponses
2019-07-14 00:45:18,928 INFO  segmented.SegmentedRaftLogWorker (SegmentedRaftLogWorker.java:close(228)) - 848b32c1-d13e-4445-99ad-9e1b3960d4ad-SegmentedRaftLogWorker:Storage Directory /tmp/workdir/hadoop-ozone/integration-test/target/test-dir/MiniOzoneClusterImpl-9ec94e0c-450e-4dd1-984a-a0d71f418af7/datanode-3/data/ratis/c7827916-251a-4756-b0e3-d3752b520083 close()
2019-07-14 00:45:18,928 INFO  impl.StateMachineUpdater (StateMachineUpdater.java:stopAndJoin(115)) - StateMachineUpdater:506685dc-188a-4fda-80b3-5cfd988a5ff6:group-B20F1E681A25: set stopIndex = 0
2019-07-14 00:45:18,936 INFO  server.GrpcService (GrpcService.java:closeImpl(155)) - 848b32c1-d13e-4445-99ad-9e1b3960d4ad: shutdown server with port 40554 now
2019-07-14 00:45:18,936 INFO  ratis.ContainerStateMachine (ContainerStateMachine.java:takeSnapshot(246)) - Taking snapshot at termIndex:(t:0, i:~)
2019-07-14 00:45:18,938 INFO  impl.RaftServerImpl (ServerState.java:close(394)) - 506685dc-188a-4fda-80b3-5cfd988a5ff6:group-B20F1E681A25 closes. The last applied log index is 0
2019-07-14 00:45:18,938 INFO  server.GrpcService (GrpcService.java:closeImpl(163)) - 848b32c1-d13e-4445-99ad-9e1b3960d4ad: shutdown server with port 40554 successfully
2019-07-14 00:45:18,938 INFO  segmented.SegmentedRaftLogWorker (SegmentedRaftLogWorker.java:run(313)) - 506685dc-188a-4fda-80b3-5cfd988a5ff6-SegmentedRaftLogWorker:Storage Directory /tmp/workdir/hadoop-ozone/integration-test/target/test-dir/MiniOzoneClusterImpl-9ec94e0c-450e-4dd1-984a-a0d71f418af7/datanode-2/data/ratis/eb5e4030-7df0-4384-8ef1-b20f1e681a25 was interrupted, exiting. There are 0 tasks remaining in the queue.
2019-07-14 00:45:18,939 INFO  segmented.SegmentedRaftLogWorker (SegmentedRaftLogWorker.java:close(228)) - 506685dc-188a-4fda-80b3-5cfd988a5ff6-SegmentedRaftLogWorker:Storage Directory /tmp/workdir/hadoop-ozone/integration-test/target/test-dir/MiniOzoneClusterImpl-9ec94e0c-450e-4dd1-984a-a0d71f418af7/datanode-2/data/ratis/eb5e4030-7df0-4384-8ef1-b20f1e681a25 close()
2019-07-14 00:45:18,943 INFO  server.GrpcService (GrpcService.java:closeImpl(155)) - 506685dc-188a-4fda-80b3-5cfd988a5ff6: shutdown server with port 41816 now
2019-07-14 00:45:18,943 INFO  utils.BackgroundService (BackgroundService.java:shutdown(148)) - Shutting down service BlockDeletingService
2019-07-14 00:45:18,944 INFO  server.GrpcService (GrpcService.java:closeImpl(163)) - 506685dc-188a-4fda-80b3-5cfd988a5ff6: shutdown server with port 41816 successfully
2019-07-14 00:45:18,945 WARN  fs.CachingGetSpaceUsed (CachingGetSpaceUsed.java:run(183)) - Thread Interrupted waiting to refresh disk information: sleep interrupted
2019-07-14 00:45:18,948 INFO  utils.BackgroundService (BackgroundService.java:shutdown(148)) - Shutting down service BlockDeletingService
2019-07-14 00:45:18,949 WARN  fs.CachingGetSpaceUsed (CachingGetSpaceUsed.java:run(183)) - Thread Interrupted waiting to refresh disk information: sleep interrupted
2019-07-14 00:45:18,966 INFO  statemachine.DatanodeStateMachine (DatanodeStateMachine.java:stopDaemon(395)) - Ozone container server stopped.
2019-07-14 00:45:18,967 INFO  handler.ContextHandler (ContextHandler.java:doStop(910)) - Stopped o.e.j.w.WebAppContext@6a2d867d{/,null,UNAVAILABLE}{/hddsDatanode}
2019-07-14 00:45:18,968 INFO  server.AbstractConnector (AbstractConnector.java:doStop(318)) - Stopped ServerConnector@73bb1337{HTTP/1.1,[http/1.1]}{0.0.0.0:0}
2019-07-14 00:45:18,968 INFO  handler.ContextHandler (ContextHandler.java:doStop(910)) - Stopped o.e.j.s.ServletContextHandler@cc9ef8d{/static,jar:file:/home/user/.m2/repository/org/apache/hadoop/hadoop-hdds-container-service/0.5.0-SNAPSHOT/hadoop-hdds-container-service-0.5.0-SNAPSHOT.jar!/webapps/static,UNAVAILABLE}
2019-07-14 00:45:18,969 INFO  handler.ContextHandler (ContextHandler.java:doStop(910)) - Stopped o.e.j.s.ServletContextHandler@1e30db85{/logs,file:///tmp/workdir/hadoop-ozone/integration-test/target/log,UNAVAILABLE}
2019-07-14 00:45:18,970 INFO  datanode.ObjectStoreHandler (ObjectStoreHandler.java:close(155)) - Closing ObjectStoreHandler.
2019-07-14 00:45:18,970 INFO  ozone.HddsDatanodeService (HddsDatanodeService.java:stop(452)) - Stopped plug-in org.apache.hadoop.ozone.web.OzoneHddsDatanodeService@28e7bb31
2019-07-14 00:45:18,977 INFO  statemachine.DatanodeStateMachine (DatanodeStateMachine.java:stopDaemon(395)) - Ozone container server stopped.
2019-07-14 00:45:18,981 INFO  handler.ContextHandler (ContextHandler.java:doStop(910)) - Stopped o.e.j.w.WebAppContext@7197b07f{/,null,UNAVAILABLE}{/hddsDatanode}
2019-07-14 00:45:18,982 INFO  server.AbstractConnector (AbstractConnector.java:doStop(318)) - Stopped ServerConnector@1f10fec6{HTTP/1.1,[http/1.1]}{0.0.0.0:0}
2019-07-14 00:45:18,984 INFO  handler.ContextHandler (ContextHandler.java:doStop(910)) - Stopped o.e.j.s.ServletContextHandler@62ade015{/static,jar:file:/home/user/.m2/repository/org/apache/hadoop/hadoop-hdds-container-service/0.5.0-SNAPSHOT/hadoop-hdds-container-service-0.5.0-SNAPSHOT.jar!/webapps/static,UNAVAILABLE}
2019-07-14 00:45:18,985 INFO  handler.ContextHandler (ContextHandler.java:doStop(910)) - Stopped o.e.j.s.ServletContextHandler@631c6d11{/logs,file:///tmp/workdir/hadoop-ozone/integration-test/target/log,UNAVAILABLE}
2019-07-14 00:45:18,986 INFO  datanode.ObjectStoreHandler (ObjectStoreHandler.java:close(155)) - Closing ObjectStoreHandler.
2019-07-14 00:45:18,987 INFO  ozone.HddsDatanodeService (HddsDatanodeService.java:stop(452)) - Stopped plug-in org.apache.hadoop.ozone.web.OzoneHddsDatanodeService@b4732dc
2019-07-14 00:45:19,305 INFO  statemachine.DatanodeStateMachine (DatanodeStateMachine.java:lambda$startDaemon$0(350)) - Ozone container server started.
2019-07-14 00:45:19,564 INFO  statemachine.DatanodeStateMachine (DatanodeStateMachine.java:lambda$startDaemon$0(350)) - Ozone container server started.
2019-07-14 00:45:21,471 INFO  impl.FollowerState (FollowerState.java:run(106)) - 8d84ade6-f7de-47b8-9370-abe99a0ad98a:group-2270EE281D7E changes to CANDIDATE, lastRpcTime:7721, electionTimeout:5172ms
2019-07-14 00:45:21,471 INFO  impl.RoleInfo (RoleInfo.java:shutdownFollowerState(121)) - 8d84ade6-f7de-47b8-9370-abe99a0ad98a: shutdown FollowerState
2019-07-14 00:45:21,471 INFO  impl.RaftServerImpl (RaftServerImpl.java:setRole(171)) - 8d84ade6-f7de-47b8-9370-abe99a0ad98a:group-2270EE281D7E changes role from FOLLOWER to CANDIDATE at term 1 for changeToCandidate
2019-07-14 00:45:21,472 INFO  impl.RoleInfo (RoleInfo.java:updateAndGet(143)) - 8d84ade6-f7de-47b8-9370-abe99a0ad98a: start LeaderElection
2019-07-14 00:45:21,472 INFO  impl.RaftServerImpl (ServerState.java:setLeader(263)) - 8d84ade6-f7de-47b8-9370-abe99a0ad98a:group-2270EE281D7E change Leader from 9a33bc45-9b26-45b5-95ca-43aeeb6454e9 to null at term 1 for initElection
2019-07-14 00:45:21,488 INFO  impl.LeaderElection (LeaderElection.java:askForVotes(181)) - 8d84ade6-f7de-47b8-9370-abe99a0ad98a:group-2270EE281D7E:LeaderElection12: begin an election at term 2 for 0: [9a33bc45-9b26-45b5-95ca-43aeeb6454e9:192.168.157.230:39161, 848b32c1-d13e-4445-99ad-9e1b3960d4ad:192.168.157.230:40554, 8d84ade6-f7de-47b8-9370-abe99a0ad98a:192.168.157.230:34242], old=null
2019-07-14 00:45:21,496 INFO  impl.LeaderElection (LogUtils.java:infoOrTrace(149)) - 8d84ade6-f7de-47b8-9370-abe99a0ad98a:group-2270EE281D7E:LeaderElection12 got exception when requesting votes: {}
java.util.concurrent.ExecutionException: org.apache.ratis.thirdparty.io.grpc.StatusRuntimeException: UNAVAILABLE: io exception
	at java.util.concurrent.FutureTask.report(FutureTask.java:122)
	at java.util.concurrent.FutureTask.get(FutureTask.java:192)
	at org.apache.ratis.server.impl.LeaderElection.waitForResults(LeaderElection.java:262)
	at org.apache.ratis.server.impl.LeaderElection.askForVotes(LeaderElection.java:200)
	at org.apache.ratis.server.impl.LeaderElection.run(LeaderElection.java:130)
	at java.lang.Thread.run(Thread.java:748)
Caused by: org.apache.ratis.thirdparty.io.grpc.StatusRuntimeException: UNAVAILABLE: io exception
	at org.apache.ratis.thirdparty.io.grpc.stub.ClientCalls.toStatusRuntimeException(ClientCalls.java:233)
	at org.apache.ratis.thirdparty.io.grpc.stub.ClientCalls.getUnchecked(ClientCalls.java:214)
	at org.apache.ratis.thirdparty.io.grpc.stub.ClientCalls.blockingUnaryCall(ClientCalls.java:139)
	at org.apache.ratis.proto.grpc.RaftServerProtocolServiceGrpc$RaftServerProtocolServiceBlockingStub.requestVote(RaftServerProtocolServiceGrpc.java:265)
	at org.apache.ratis.grpc.server.GrpcServerProtocolClient.requestVote(GrpcServerProtocolClient.java:83)
	at org.apache.ratis.grpc.server.GrpcService.requestVote(GrpcService.java:195)
	at org.apache.ratis.server.impl.LeaderElection.lambda$submitRequests$1(LeaderElection.java:237)
	at java.util.concurrent.FutureTask.run(FutureTask.java:266)
	at java.util.concurrent.Executors$RunnableAdapter.call(Executors.java:511)
	at java.util.concurrent.FutureTask.run(FutureTask.java:266)
	at java.util.concurrent.ThreadPoolExecutor.runWorker(ThreadPoolExecutor.java:1149)
	at java.util.concurrent.ThreadPoolExecutor$Worker.run(ThreadPoolExecutor.java:624)
	... 1 more
Caused by: org.apache.ratis.thirdparty.io.netty.channel.AbstractChannel$AnnotatedConnectException: Connection refused: /192.168.157.230:39161
	at sun.nio.ch.SocketChannelImpl.checkConnect(Native Method)
	at sun.nio.ch.SocketChannelImpl.finishConnect(SocketChannelImpl.java:717)
	at org.apache.ratis.thirdparty.io.netty.channel.socket.nio.NioSocketChannel.doFinishConnect(NioSocketChannel.java:327)
	at org.apache.ratis.thirdparty.io.netty.channel.nio.AbstractNioChannel$AbstractNioUnsafe.finishConnect(AbstractNioChannel.java:340)
	at org.apache.ratis.thirdparty.io.netty.channel.nio.NioEventLoop.processSelectedKey(NioEventLoop.java:632)
	at org.apache.ratis.thirdparty.io.netty.channel.nio.NioEventLoop.processSelectedKeysOptimized(NioEventLoop.java:579)
	at org.apache.ratis.thirdparty.io.netty.channel.nio.NioEventLoop.processSelectedKeys(NioEventLoop.java:496)
	at org.apache.ratis.thirdparty.io.netty.channel.nio.NioEventLoop.run(NioEventLoop.java:458)
	at org.apache.ratis.thirdparty.io.netty.util.concurrent.SingleThreadEventExecutor$5.run(SingleThreadEventExecutor.java:897)
	at org.apache.ratis.thirdparty.io.netty.util.concurrent.FastThreadLocalRunnable.run(FastThreadLocalRunnable.java:30)
	... 1 more
Caused by: java.net.ConnectException: Connection refused
	... 11 more
2019-07-14 00:45:21,501 INFO  impl.LeaderElection (LogUtils.java:infoOrTrace(149)) - 8d84ade6-f7de-47b8-9370-abe99a0ad98a:group-2270EE281D7E:LeaderElection12 got exception when requesting votes: {}
java.util.concurrent.ExecutionException: org.apache.ratis.thirdparty.io.grpc.StatusRuntimeException: UNAVAILABLE: io exception
	at java.util.concurrent.FutureTask.report(FutureTask.java:122)
	at java.util.concurrent.FutureTask.get(FutureTask.java:192)
	at org.apache.ratis.server.impl.LeaderElection.waitForResults(LeaderElection.java:262)
	at org.apache.ratis.server.impl.LeaderElection.askForVotes(LeaderElection.java:200)
	at org.apache.ratis.server.impl.LeaderElection.run(LeaderElection.java:130)
	at java.lang.Thread.run(Thread.java:748)
Caused by: org.apache.ratis.thirdparty.io.grpc.StatusRuntimeException: UNAVAILABLE: io exception
	at org.apache.ratis.thirdparty.io.grpc.stub.ClientCalls.toStatusRuntimeException(ClientCalls.java:233)
	at org.apache.ratis.thirdparty.io.grpc.stub.ClientCalls.getUnchecked(ClientCalls.java:214)
	at org.apache.ratis.thirdparty.io.grpc.stub.ClientCalls.blockingUnaryCall(ClientCalls.java:139)
	at org.apache.ratis.proto.grpc.RaftServerProtocolServiceGrpc$RaftServerProtocolServiceBlockingStub.requestVote(RaftServerProtocolServiceGrpc.java:265)
	at org.apache.ratis.grpc.server.GrpcServerProtocolClient.requestVote(GrpcServerProtocolClient.java:83)
	at org.apache.ratis.grpc.server.GrpcService.requestVote(GrpcService.java:195)
	at org.apache.ratis.server.impl.LeaderElection.lambda$submitRequests$1(LeaderElection.java:237)
	at java.util.concurrent.FutureTask.run(FutureTask.java:266)
	at java.util.concurrent.Executors$RunnableAdapter.call(Executors.java:511)
	at java.util.concurrent.FutureTask.run(FutureTask.java:266)
	at java.util.concurrent.ThreadPoolExecutor.runWorker(ThreadPoolExecutor.java:1149)
	at java.util.concurrent.ThreadPoolExecutor$Worker.run(ThreadPoolExecutor.java:624)
	... 1 more
Caused by: org.apache.ratis.thirdparty.io.netty.channel.AbstractChannel$AnnotatedConnectException: Connection refused: /192.168.157.230:40554
	at sun.nio.ch.SocketChannelImpl.checkConnect(Native Method)
	at sun.nio.ch.SocketChannelImpl.finishConnect(SocketChannelImpl.java:717)
	at org.apache.ratis.thirdparty.io.netty.channel.socket.nio.NioSocketChannel.doFinishConnect(NioSocketChannel.java:327)
	at org.apache.ratis.thirdparty.io.netty.channel.nio.AbstractNioChannel$AbstractNioUnsafe.finishConnect(AbstractNioChannel.java:340)
	at org.apache.ratis.thirdparty.io.netty.channel.nio.NioEventLoop.processSelectedKey(NioEventLoop.java:632)
	at org.apache.ratis.thirdparty.io.netty.channel.nio.NioEventLoop.processSelectedKeysOptimized(NioEventLoop.java:579)
	at org.apache.ratis.thirdparty.io.netty.channel.nio.NioEventLoop.processSelectedKeys(NioEventLoop.java:496)
	at org.apache.ratis.thirdparty.io.netty.channel.nio.NioEventLoop.run(NioEventLoop.java:458)
	at org.apache.ratis.thirdparty.io.netty.util.concurrent.SingleThreadEventExecutor$5.run(SingleThreadEventExecutor.java:897)
	at org.apache.ratis.thirdparty.io.netty.util.concurrent.FastThreadLocalRunnable.run(FastThreadLocalRunnable.java:30)
	... 1 more
Caused by: java.net.ConnectException: Connection refused
	... 11 more
2019-07-14 00:45:21,503 INFO  impl.LeaderElection (LeaderElection.java:logAndReturn(56)) - 8d84ade6-f7de-47b8-9370-abe99a0ad98a:group-2270EE281D7E:LeaderElection12: Election REJECTED; received 0 response(s) [] and 2 exception(s); 8d84ade6-f7de-47b8-9370-abe99a0ad98a:t2, leader=null, voted=8d84ade6-f7de-47b8-9370-abe99a0ad98a, raftlog=8d84ade6-f7de-47b8-9370-abe99a0ad98a-SegmentedRaftLog:OPENED:c0,f0,i0, conf=0: [9a33bc45-9b26-45b5-95ca-43aeeb6454e9:192.168.157.230:39161, 848b32c1-d13e-4445-99ad-9e1b3960d4ad:192.168.157.230:40554, 8d84ade6-f7de-47b8-9370-abe99a0ad98a:192.168.157.230:34242], old=null
2019-07-14 00:45:21,503 INFO  impl.LeaderElection (LogUtils.java:infoOrTrace(149)) -   Exception 0: {}
java.util.concurrent.ExecutionException: org.apache.ratis.thirdparty.io.grpc.StatusRuntimeException: UNAVAILABLE: io exception
	at java.util.concurrent.FutureTask.report(FutureTask.java:122)
	at java.util.concurrent.FutureTask.get(FutureTask.java:192)
	at org.apache.ratis.server.impl.LeaderElection.waitForResults(LeaderElection.java:262)
	at org.apache.ratis.server.impl.LeaderElection.askForVotes(LeaderElection.java:200)
	at org.apache.ratis.server.impl.LeaderElection.run(LeaderElection.java:130)
	at java.lang.Thread.run(Thread.java:748)
Caused by: org.apache.ratis.thirdparty.io.grpc.StatusRuntimeException: UNAVAILABLE: io exception
	at org.apache.ratis.thirdparty.io.grpc.stub.ClientCalls.toStatusRuntimeException(ClientCalls.java:233)
	at org.apache.ratis.thirdparty.io.grpc.stub.ClientCalls.getUnchecked(ClientCalls.java:214)
	at org.apache.ratis.thirdparty.io.grpc.stub.ClientCalls.blockingUnaryCall(ClientCalls.java:139)
	at org.apache.ratis.proto.grpc.RaftServerProtocolServiceGrpc$RaftServerProtocolServiceBlockingStub.requestVote(RaftServerProtocolServiceGrpc.java:265)
	at org.apache.ratis.grpc.server.GrpcServerProtocolClient.requestVote(GrpcServerProtocolClient.java:83)
	at org.apache.ratis.grpc.server.GrpcService.requestVote(GrpcService.java:195)
	at org.apache.ratis.server.impl.LeaderElection.lambda$submitRequests$1(LeaderElection.java:237)
	at java.util.concurrent.FutureTask.run(FutureTask.java:266)
	at java.util.concurrent.Executors$RunnableAdapter.call(Executors.java:511)
	at java.util.concurrent.FutureTask.run(FutureTask.java:266)
	at java.util.concurrent.ThreadPoolExecutor.runWorker(ThreadPoolExecutor.java:1149)
	at java.util.concurrent.ThreadPoolExecutor$Worker.run(ThreadPoolExecutor.java:624)
	... 1 more
Caused by: org.apache.ratis.thirdparty.io.netty.channel.AbstractChannel$AnnotatedConnectException: Connection refused: /192.168.157.230:39161
	at sun.nio.ch.SocketChannelImpl.checkConnect(Native Method)
	at sun.nio.ch.SocketChannelImpl.finishConnect(SocketChannelImpl.java:717)
	at org.apache.ratis.thirdparty.io.netty.channel.socket.nio.NioSocketChannel.doFinishConnect(NioSocketChannel.java:327)
	at org.apache.ratis.thirdparty.io.netty.channel.nio.AbstractNioChannel$AbstractNioUnsafe.finishConnect(AbstractNioChannel.java:340)
	at org.apache.ratis.thirdparty.io.netty.channel.nio.NioEventLoop.processSelectedKey(NioEventLoop.java:632)
	at org.apache.ratis.thirdparty.io.netty.channel.nio.NioEventLoop.processSelectedKeysOptimized(NioEventLoop.java:579)
	at org.apache.ratis.thirdparty.io.netty.channel.nio.NioEventLoop.processSelectedKeys(NioEventLoop.java:496)
	at org.apache.ratis.thirdparty.io.netty.channel.nio.NioEventLoop.run(NioEventLoop.java:458)
	at org.apache.ratis.thirdparty.io.netty.util.concurrent.SingleThreadEventExecutor$5.run(SingleThreadEventExecutor.java:897)
	at org.apache.ratis.thirdparty.io.netty.util.concurrent.FastThreadLocalRunnable.run(FastThreadLocalRunnable.java:30)
	... 1 more
Caused by: java.net.ConnectException: Connection refused
	... 11 more
2019-07-14 00:45:21,504 INFO  impl.LeaderElection (LogUtils.java:infoOrTrace(149)) -   Exception 1: {}
java.util.concurrent.ExecutionException: org.apache.ratis.thirdparty.io.grpc.StatusRuntimeException: UNAVAILABLE: io exception
	at java.util.concurrent.FutureTask.report(FutureTask.java:122)
	at java.util.concurrent.FutureTask.get(FutureTask.java:192)
	at org.apache.ratis.server.impl.LeaderElection.waitForResults(LeaderElection.java:262)
	at org.apache.ratis.server.impl.LeaderElection.askForVotes(LeaderElection.java:200)
	at org.apache.ratis.server.impl.LeaderElection.run(LeaderElection.java:130)
	at java.lang.Thread.run(Thread.java:748)
Caused by: org.apache.ratis.thirdparty.io.grpc.StatusRuntimeException: UNAVAILABLE: io exception
	at org.apache.ratis.thirdparty.io.grpc.stub.ClientCalls.toStatusRuntimeException(ClientCalls.java:233)
	at org.apache.ratis.thirdparty.io.grpc.stub.ClientCalls.getUnchecked(ClientCalls.java:214)
	at org.apache.ratis.thirdparty.io.grpc.stub.ClientCalls.blockingUnaryCall(ClientCalls.java:139)
	at org.apache.ratis.proto.grpc.RaftServerProtocolServiceGrpc$RaftServerProtocolServiceBlockingStub.requestVote(RaftServerProtocolServiceGrpc.java:265)
	at org.apache.ratis.grpc.server.GrpcServerProtocolClient.requestVote(GrpcServerProtocolClient.java:83)
	at org.apache.ratis.grpc.server.GrpcService.requestVote(GrpcService.java:195)
	at org.apache.ratis.server.impl.LeaderElection.lambda$submitRequests$1(LeaderElection.java:237)
	at java.util.concurrent.FutureTask.run(FutureTask.java:266)
	at java.util.concurrent.Executors$RunnableAdapter.call(Executors.java:511)
	at java.util.concurrent.FutureTask.run(FutureTask.java:266)
	at java.util.concurrent.ThreadPoolExecutor.runWorker(ThreadPoolExecutor.java:1149)
	at java.util.concurrent.ThreadPoolExecutor$Worker.run(ThreadPoolExecutor.java:624)
	... 1 more
Caused by: org.apache.ratis.thirdparty.io.netty.channel.AbstractChannel$AnnotatedConnectException: Connection refused: /192.168.157.230:40554
	at sun.nio.ch.SocketChannelImpl.checkConnect(Native Method)
	at sun.nio.ch.SocketChannelImpl.finishConnect(SocketChannelImpl.java:717)
	at org.apache.ratis.thirdparty.io.netty.channel.socket.nio.NioSocketChannel.doFinishConnect(NioSocketChannel.java:327)
	at org.apache.ratis.thirdparty.io.netty.channel.nio.AbstractNioChannel$AbstractNioUnsafe.finishConnect(AbstractNioChannel.java:340)
	at org.apache.ratis.thirdparty.io.netty.channel.nio.NioEventLoop.processSelectedKey(NioEventLoop.java:632)
	at org.apache.ratis.thirdparty.io.netty.channel.nio.NioEventLoop.processSelectedKeysOptimized(NioEventLoop.java:579)
	at org.apache.ratis.thirdparty.io.netty.channel.nio.NioEventLoop.processSelectedKeys(NioEventLoop.java:496)
	at org.apache.ratis.thirdparty.io.netty.channel.nio.NioEventLoop.run(NioEventLoop.java:458)
	at org.apache.ratis.thirdparty.io.netty.util.concurrent.SingleThreadEventExecutor$5.run(SingleThreadEventExecutor.java:897)
	at org.apache.ratis.thirdparty.io.netty.util.concurrent.FastThreadLocalRunnable.run(FastThreadLocalRunnable.java:30)
	... 1 more
Caused by: java.net.ConnectException: Connection refused
	... 11 more
2019-07-14 00:45:21,504 INFO  impl.RaftServerImpl (RaftServerImpl.java:setRole(171)) - 8d84ade6-f7de-47b8-9370-abe99a0ad98a:group-2270EE281D7E changes role from CANDIDATE to FOLLOWER at term 2 for DISCOVERED_A_NEW_TERM
2019-07-14 00:45:21,505 INFO  impl.RoleInfo (RoleInfo.java:shutdownLeaderElection(134)) - 8d84ade6-f7de-47b8-9370-abe99a0ad98a: shutdown LeaderElection
2019-07-14 00:45:21,506 INFO  impl.RoleInfo (RoleInfo.java:updateAndGet(143)) - 8d84ade6-f7de-47b8-9370-abe99a0ad98a: start FollowerState
2019-07-14 00:45:23,971 INFO  ozoneimpl.OzoneContainer (OzoneContainer.java:stop(199)) - Attempting to stop container services.
2019-07-14 00:45:23,972 INFO  impl.RaftServerProxy (RaftServerProxy.java:lambda$close$4(314)) - 8d84ade6-f7de-47b8-9370-abe99a0ad98a: close
2019-07-14 00:45:23,973 INFO  impl.RaftServerImpl (RaftServerImpl.java:lambda$shutdown$3(245)) - 8d84ade6-f7de-47b8-9370-abe99a0ad98a: shutdown group-2270EE281D7E
2019-07-14 00:45:23,973 INFO  util.JmxRegister (JmxRegister.java:unregister(73)) - Successfully un-registered JMX Bean with object name Ratis:service=RaftServer,group=group-2270EE281D7E,id=8d84ade6-f7de-47b8-9370-abe99a0ad98a
2019-07-14 00:45:23,974 INFO  impl.RoleInfo (RoleInfo.java:shutdownFollowerState(121)) - 8d84ade6-f7de-47b8-9370-abe99a0ad98a: shutdown FollowerState
2019-07-14 00:45:23,974 INFO  impl.StateMachineUpdater (StateMachineUpdater.java:stopAndJoin(115)) - StateMachineUpdater:8d84ade6-f7de-47b8-9370-abe99a0ad98a:group-2270EE281D7E: set stopIndex = 0
2019-07-14 00:45:23,975 INFO  ratis.ContainerStateMachine (ContainerStateMachine.java:takeSnapshot(246)) - Taking snapshot at termIndex:(t:0, i:~)
2019-07-14 00:45:23,975 INFO  impl.FollowerState (FollowerState.java:run(114)) - 8d84ade6-f7de-47b8-9370-abe99a0ad98a: FollowerState was interrupted: java.lang.InterruptedException: sleep interrupted
2019-07-14 00:45:23,975 INFO  impl.RaftServerImpl (ServerState.java:close(394)) - 8d84ade6-f7de-47b8-9370-abe99a0ad98a:group-2270EE281D7E closes. The last applied log index is 0
2019-07-14 00:45:23,978 INFO  segmented.SegmentedRaftLogWorker (SegmentedRaftLogWorker.java:run(313)) - 8d84ade6-f7de-47b8-9370-abe99a0ad98a-SegmentedRaftLogWorker:Storage Directory /tmp/workdir/hadoop-ozone/integration-test/target/test-dir/MiniOzoneClusterImpl-9ec94e0c-450e-4dd1-984a-a0d71f418af7/datanode-6/data/ratis/06e6b231-4478-4817-a5cf-2270ee281d7e was interrupted, exiting. There are 0 tasks remaining in the queue.
2019-07-14 00:45:23,978 INFO  segmented.SegmentedRaftLogWorker (SegmentedRaftLogWorker.java:close(228)) - 8d84ade6-f7de-47b8-9370-abe99a0ad98a-SegmentedRaftLogWorker:Storage Directory /tmp/workdir/hadoop-ozone/integration-test/target/test-dir/MiniOzoneClusterImpl-9ec94e0c-450e-4dd1-984a-a0d71f418af7/datanode-6/data/ratis/06e6b231-4478-4817-a5cf-2270ee281d7e close()
2019-07-14 00:45:23,980 INFO  impl.RaftServerImpl (RaftServerImpl.java:lambda$shutdown$3(245)) - 8d84ade6-f7de-47b8-9370-abe99a0ad98a: shutdown group-0B17EE41AE4B
2019-07-14 00:45:23,981 INFO  util.JmxRegister (JmxRegister.java:unregister(73)) - Successfully un-registered JMX Bean with object name Ratis:service=RaftServer,group=group-0B17EE41AE4B,id=8d84ade6-f7de-47b8-9370-abe99a0ad98a
2019-07-14 00:45:23,981 INFO  impl.RoleInfo (RoleInfo.java:shutdownLeaderState(104)) - 8d84ade6-f7de-47b8-9370-abe99a0ad98a: shutdown LeaderState
2019-07-14 00:45:23,982 INFO  impl.PendingRequests (PendingRequests.java:sendNotLeaderResponses(202)) - 8d84ade6-f7de-47b8-9370-abe99a0ad98a-PendingRequests: sendNotLeaderResponses
2019-07-14 00:45:23,982 INFO  impl.StateMachineUpdater (StateMachineUpdater.java:stopAndJoin(115)) - StateMachineUpdater:8d84ade6-f7de-47b8-9370-abe99a0ad98a:group-0B17EE41AE4B: set stopIndex = 0
2019-07-14 00:45:23,983 INFO  ratis.ContainerStateMachine (ContainerStateMachine.java:takeSnapshot(246)) - Taking snapshot at termIndex:(t:0, i:~)
2019-07-14 00:45:23,983 INFO  impl.RaftServerImpl (ServerState.java:close(394)) - 8d84ade6-f7de-47b8-9370-abe99a0ad98a:group-0B17EE41AE4B closes. The last applied log index is 0
2019-07-14 00:45:23,984 INFO  segmented.SegmentedRaftLogWorker (SegmentedRaftLogWorker.java:run(313)) - 8d84ade6-f7de-47b8-9370-abe99a0ad98a-SegmentedRaftLogWorker:Storage Directory /tmp/workdir/hadoop-ozone/integration-test/target/test-dir/MiniOzoneClusterImpl-9ec94e0c-450e-4dd1-984a-a0d71f418af7/datanode-6/data/ratis/9e854c9f-7478-4c90-b403-0b17ee41ae4b was interrupted, exiting. There are 0 tasks remaining in the queue.
2019-07-14 00:45:23,984 INFO  segmented.SegmentedRaftLogWorker (SegmentedRaftLogWorker.java:close(228)) - 8d84ade6-f7de-47b8-9370-abe99a0ad98a-SegmentedRaftLogWorker:Storage Directory /tmp/workdir/hadoop-ozone/integration-test/target/test-dir/MiniOzoneClusterImpl-9ec94e0c-450e-4dd1-984a-a0d71f418af7/datanode-6/data/ratis/9e854c9f-7478-4c90-b403-0b17ee41ae4b close()
2019-07-14 00:45:23,986 INFO  server.GrpcService (GrpcService.java:closeImpl(155)) - 8d84ade6-f7de-47b8-9370-abe99a0ad98a: shutdown server with port 34242 now
2019-07-14 00:45:23,987 INFO  server.GrpcService (GrpcService.java:closeImpl(163)) - 8d84ade6-f7de-47b8-9370-abe99a0ad98a: shutdown server with port 34242 successfully
2019-07-14 00:45:23,988 INFO  ozoneimpl.OzoneContainer (OzoneContainer.java:stop(199)) - Attempting to stop container services.
2019-07-14 00:45:23,989 INFO  impl.RaftServerProxy (RaftServerProxy.java:lambda$close$4(314)) - 3dae385e-6267-41e3-b75e-2f59c3d5ae61: close
2019-07-14 00:45:23,989 INFO  impl.RaftServerImpl (RaftServerImpl.java:lambda$shutdown$3(245)) - 3dae385e-6267-41e3-b75e-2f59c3d5ae61: shutdown group-A5932F55D2F5
2019-07-14 00:45:23,990 INFO  util.JmxRegister (JmxRegister.java:unregister(73)) - Successfully un-registered JMX Bean with object name Ratis:service=RaftServer,group=group-A5932F55D2F5,id=3dae385e-6267-41e3-b75e-2f59c3d5ae61
2019-07-14 00:45:23,990 INFO  impl.RoleInfo (RoleInfo.java:shutdownFollowerState(121)) - 3dae385e-6267-41e3-b75e-2f59c3d5ae61: shutdown FollowerState
2019-07-14 00:45:23,990 INFO  impl.StateMachineUpdater (StateMachineUpdater.java:stopAndJoin(115)) - StateMachineUpdater:3dae385e-6267-41e3-b75e-2f59c3d5ae61:group-A5932F55D2F5: set stopIndex = 4
2019-07-14 00:45:23,991 INFO  impl.FollowerState (FollowerState.java:run(114)) - 3dae385e-6267-41e3-b75e-2f59c3d5ae61: FollowerState was interrupted: java.lang.InterruptedException: sleep interrupted
2019-07-14 00:45:23,991 INFO  ratis.ContainerStateMachine (ContainerStateMachine.java:takeSnapshot(246)) - Taking snapshot at termIndex:(t:1, i:3)
2019-07-14 00:45:23,997 INFO  ratis.ContainerStateMachine (ContainerStateMachine.java:takeSnapshot(250)) - Taking a snapshot to file /tmp/workdir/hadoop-ozone/integration-test/target/test-dir/MiniOzoneClusterImpl-9ec94e0c-450e-4dd1-984a-a0d71f418af7/datanode-0/data/ratis/eed69731-e826-4d1f-ad89-a5932f55d2f5/sm/snapshot.1_3
2019-07-14 00:45:23,998 INFO  impl.StateMachineUpdater (StateMachineUpdater.java:takeSnapshot(242)) - StateMachineUpdater:3dae385e-6267-41e3-b75e-2f59c3d5ae61:group-A5932F55D2F5: Took a snapshot at index 3
2019-07-14 00:45:23,998 INFO  impl.StateMachineUpdater (StateMachineUpdater.java:lambda$new$0(80)) - StateMachineUpdater:3dae385e-6267-41e3-b75e-2f59c3d5ae61:group-A5932F55D2F5: snapshotIndex: updateIncreasingly -1 -> 3
2019-07-14 00:45:24,000 INFO  impl.RaftServerImpl (ServerState.java:close(394)) - 3dae385e-6267-41e3-b75e-2f59c3d5ae61:group-A5932F55D2F5 closes. The last applied log index is 4
2019-07-14 00:45:24,000 INFO  segmented.SegmentedRaftLogWorker (SegmentedRaftLogWorker.java:run(313)) - 3dae385e-6267-41e3-b75e-2f59c3d5ae61-SegmentedRaftLogWorker:Storage Directory /tmp/workdir/hadoop-ozone/integration-test/target/test-dir/MiniOzoneClusterImpl-9ec94e0c-450e-4dd1-984a-a0d71f418af7/datanode-0/data/ratis/eed69731-e826-4d1f-ad89-a5932f55d2f5 was interrupted, exiting. There are 0 tasks remaining in the queue.
2019-07-14 00:45:24,001 INFO  segmented.SegmentedRaftLogWorker (SegmentedRaftLogWorker.java:close(228)) - 3dae385e-6267-41e3-b75e-2f59c3d5ae61-SegmentedRaftLogWorker:Storage Directory /tmp/workdir/hadoop-ozone/integration-test/target/test-dir/MiniOzoneClusterImpl-9ec94e0c-450e-4dd1-984a-a0d71f418af7/datanode-0/data/ratis/eed69731-e826-4d1f-ad89-a5932f55d2f5 close()
2019-07-14 00:45:24,005 INFO  utils.BackgroundService (BackgroundService.java:shutdown(148)) - Shutting down service BlockDeletingService
2019-07-14 00:45:24,005 INFO  impl.RaftServerImpl (RaftServerImpl.java:lambda$shutdown$3(245)) - 3dae385e-6267-41e3-b75e-2f59c3d5ae61: shutdown group-0A3A00822943
2019-07-14 00:45:24,006 INFO  util.JmxRegister (JmxRegister.java:unregister(73)) - Successfully un-registered JMX Bean with object name Ratis:service=RaftServer,group=group-0A3A00822943,id=3dae385e-6267-41e3-b75e-2f59c3d5ae61
2019-07-14 00:45:24,006 INFO  impl.RoleInfo (RoleInfo.java:shutdownLeaderState(104)) - 3dae385e-6267-41e3-b75e-2f59c3d5ae61: shutdown LeaderState
2019-07-14 00:45:24,006 INFO  impl.PendingRequests (PendingRequests.java:sendNotLeaderResponses(202)) - 3dae385e-6267-41e3-b75e-2f59c3d5ae61-PendingRequests: sendNotLeaderResponses
2019-07-14 00:45:24,008 INFO  impl.StateMachineUpdater (StateMachineUpdater.java:stopAndJoin(115)) - StateMachineUpdater:3dae385e-6267-41e3-b75e-2f59c3d5ae61:group-0A3A00822943: set stopIndex = 0
2019-07-14 00:45:24,010 INFO  ratis.ContainerStateMachine (ContainerStateMachine.java:takeSnapshot(246)) - Taking snapshot at termIndex:(t:0, i:~)
2019-07-14 00:45:24,010 WARN  fs.CachingGetSpaceUsed (CachingGetSpaceUsed.java:run(183)) - Thread Interrupted waiting to refresh disk information: sleep interrupted
2019-07-14 00:45:24,010 INFO  impl.RaftServerImpl (ServerState.java:close(394)) - 3dae385e-6267-41e3-b75e-2f59c3d5ae61:group-0A3A00822943 closes. The last applied log index is 0
2019-07-14 00:45:24,011 INFO  segmented.SegmentedRaftLogWorker (SegmentedRaftLogWorker.java:run(313)) - 3dae385e-6267-41e3-b75e-2f59c3d5ae61-SegmentedRaftLogWorker:Storage Directory /tmp/workdir/hadoop-ozone/integration-test/target/test-dir/MiniOzoneClusterImpl-9ec94e0c-450e-4dd1-984a-a0d71f418af7/datanode-0/data/ratis/2a5eb7bb-cc93-4b98-878f-0a3a00822943 was interrupted, exiting. There are 0 tasks remaining in the queue.
2019-07-14 00:45:24,011 INFO  segmented.SegmentedRaftLogWorker (SegmentedRaftLogWorker.java:close(228)) - 3dae385e-6267-41e3-b75e-2f59c3d5ae61-SegmentedRaftLogWorker:Storage Directory /tmp/workdir/hadoop-ozone/integration-test/target/test-dir/MiniOzoneClusterImpl-9ec94e0c-450e-4dd1-984a-a0d71f418af7/datanode-0/data/ratis/2a5eb7bb-cc93-4b98-878f-0a3a00822943 close()
2019-07-14 00:45:24,013 INFO  server.GrpcService (GrpcService.java:closeImpl(155)) - 3dae385e-6267-41e3-b75e-2f59c3d5ae61: shutdown server with port 42426 now
2019-07-14 00:45:24,013 INFO  server.GrpcService (GrpcService.java:closeImpl(163)) - 3dae385e-6267-41e3-b75e-2f59c3d5ae61: shutdown server with port 42426 successfully
2019-07-14 00:45:24,019 INFO  utils.BackgroundService (BackgroundService.java:shutdown(148)) - Shutting down service BlockDeletingService
2019-07-14 00:45:24,023 WARN  fs.CachingGetSpaceUsed (CachingGetSpaceUsed.java:run(183)) - Thread Interrupted waiting to refresh disk information: sleep interrupted
2019-07-14 00:45:24,033 INFO  statemachine.DatanodeStateMachine (DatanodeStateMachine.java:stopDaemon(395)) - Ozone container server stopped.
2019-07-14 00:45:24,034 INFO  handler.ContextHandler (ContextHandler.java:doStop(910)) - Stopped o.e.j.w.WebAppContext@418f0534{/,null,UNAVAILABLE}{/hddsDatanode}
2019-07-14 00:45:24,035 INFO  server.AbstractConnector (AbstractConnector.java:doStop(318)) - Stopped ServerConnector@3dfd7eaa{HTTP/1.1,[http/1.1]}{0.0.0.0:0}
2019-07-14 00:45:24,036 INFO  handler.ContextHandler (ContextHandler.java:doStop(910)) - Stopped o.e.j.s.ServletContextHandler@782fd504{/static,jar:file:/home/user/.m2/repository/org/apache/hadoop/hadoop-hdds-container-service/0.5.0-SNAPSHOT/hadoop-hdds-container-service-0.5.0-SNAPSHOT.jar!/webapps/static,UNAVAILABLE}
2019-07-14 00:45:24,036 INFO  handler.ContextHandler (ContextHandler.java:doStop(910)) - Stopped o.e.j.s.ServletContextHandler@6568f998{/logs,file:///tmp/workdir/hadoop-ozone/integration-test/target/log,UNAVAILABLE}
2019-07-14 00:45:24,038 INFO  datanode.ObjectStoreHandler (ObjectStoreHandler.java:close(155)) - Closing ObjectStoreHandler.
2019-07-14 00:45:24,039 INFO  ozone.HddsDatanodeService (HddsDatanodeService.java:stop(452)) - Stopped plug-in org.apache.hadoop.ozone.web.OzoneHddsDatanodeService@16f15ae9
2019-07-14 00:45:24,042 INFO  statemachine.DatanodeStateMachine (DatanodeStateMachine.java:stopDaemon(395)) - Ozone container server stopped.
2019-07-14 00:45:24,043 INFO  statemachine.DatanodeStateMachine (DatanodeStateMachine.java:lambda$startDaemon$0(350)) - Ozone container server started.
2019-07-14 00:45:24,046 INFO  handler.ContextHandler (ContextHandler.java:doStop(910)) - Stopped o.e.j.w.WebAppContext@37e0292a{/,null,UNAVAILABLE}{/hddsDatanode}
2019-07-14 00:45:24,047 INFO  server.AbstractConnector (AbstractConnector.java:doStop(318)) - Stopped ServerConnector@4af70944{HTTP/1.1,[http/1.1]}{0.0.0.0:0}
2019-07-14 00:45:24,048 INFO  handler.ContextHandler (ContextHandler.java:doStop(910)) - Stopped o.e.j.s.ServletContextHandler@7915bca3{/static,jar:file:/home/user/.m2/repository/org/apache/hadoop/hadoop-hdds-container-service/0.5.0-SNAPSHOT/hadoop-hdds-container-service-0.5.0-SNAPSHOT.jar!/webapps/static,UNAVAILABLE}
2019-07-14 00:45:24,049 INFO  handler.ContextHandler (ContextHandler.java:doStop(910)) - Stopped o.e.j.s.ServletContextHandler@36cc9385{/logs,file:///tmp/workdir/hadoop-ozone/integration-test/target/log,UNAVAILABLE}
2019-07-14 00:45:29,039 INFO  ozoneimpl.OzoneContainer (OzoneContainer.java:stop(199)) - Attempting to stop container services.
2019-07-14 00:45:29,040 INFO  impl.RaftServerProxy (RaftServerProxy.java:lambda$close$4(314)) - ce14ab2b-e9f0-4db2-a2f1-d9363a5f59fb: close
2019-07-14 00:45:29,041 INFO  impl.RaftServerImpl (RaftServerImpl.java:lambda$shutdown$3(245)) - ce14ab2b-e9f0-4db2-a2f1-d9363a5f59fb: shutdown group-E31E8B3CCA0D
2019-07-14 00:45:29,041 INFO  util.JmxRegister (JmxRegister.java:unregister(73)) - Successfully un-registered JMX Bean with object name Ratis:service=RaftServer,group=group-E31E8B3CCA0D,id=ce14ab2b-e9f0-4db2-a2f1-d9363a5f59fb
2019-07-14 00:45:29,042 INFO  impl.RoleInfo (RoleInfo.java:shutdownLeaderState(104)) - ce14ab2b-e9f0-4db2-a2f1-d9363a5f59fb: shutdown LeaderState
2019-07-14 00:45:29,042 INFO  impl.PendingRequests (PendingRequests.java:sendNotLeaderResponses(202)) - ce14ab2b-e9f0-4db2-a2f1-d9363a5f59fb-PendingRequests: sendNotLeaderResponses
2019-07-14 00:45:29,043 INFO  impl.StateMachineUpdater (StateMachineUpdater.java:stopAndJoin(115)) - StateMachineUpdater:ce14ab2b-e9f0-4db2-a2f1-d9363a5f59fb:group-E31E8B3CCA0D: set stopIndex = 0
2019-07-14 00:45:29,043 INFO  ratis.ContainerStateMachine (ContainerStateMachine.java:takeSnapshot(246)) - Taking snapshot at termIndex:(t:0, i:~)
2019-07-14 00:45:29,044 INFO  impl.RaftServerImpl (ServerState.java:close(394)) - ce14ab2b-e9f0-4db2-a2f1-d9363a5f59fb:group-E31E8B3CCA0D closes. The last applied log index is 0
2019-07-14 00:45:29,045 INFO  segmented.SegmentedRaftLogWorker (SegmentedRaftLogWorker.java:run(313)) - ce14ab2b-e9f0-4db2-a2f1-d9363a5f59fb-SegmentedRaftLogWorker:Storage Directory /tmp/workdir/hadoop-ozone/integration-test/target/test-dir/MiniOzoneClusterImpl-9ec94e0c-450e-4dd1-984a-a0d71f418af7/datanode-5/data/ratis/6be43ac1-de82-4381-b385-e31e8b3cca0d was interrupted, exiting. There are 0 tasks remaining in the queue.
2019-07-14 00:45:29,045 INFO  segmented.SegmentedRaftLogWorker (SegmentedRaftLogWorker.java:close(228)) - ce14ab2b-e9f0-4db2-a2f1-d9363a5f59fb-SegmentedRaftLogWorker:Storage Directory /tmp/workdir/hadoop-ozone/integration-test/target/test-dir/MiniOzoneClusterImpl-9ec94e0c-450e-4dd1-984a-a0d71f418af7/datanode-5/data/ratis/6be43ac1-de82-4381-b385-e31e8b3cca0d close()
2019-07-14 00:45:29,047 INFO  server.GrpcService (GrpcService.java:closeImpl(155)) - ce14ab2b-e9f0-4db2-a2f1-d9363a5f59fb: shutdown server with port 36953 now
2019-07-14 00:45:29,049 INFO  server.GrpcService (GrpcService.java:closeImpl(163)) - ce14ab2b-e9f0-4db2-a2f1-d9363a5f59fb: shutdown server with port 36953 successfully
2019-07-14 00:45:29,050 INFO  utils.BackgroundService (BackgroundService.java:shutdown(148)) - Shutting down service BlockDeletingService
2019-07-14 00:45:29,053 WARN  fs.CachingGetSpaceUsed (CachingGetSpaceUsed.java:run(183)) - Thread Interrupted waiting to refresh disk information: sleep interrupted
2019-07-14 00:45:29,082 INFO  statemachine.DatanodeStateMachine (DatanodeStateMachine.java:stopDaemon(395)) - Ozone container server stopped.
2019-07-14 00:45:29,084 INFO  handler.ContextHandler (ContextHandler.java:doStop(910)) - Stopped o.e.j.w.WebAppContext@561f9d92{/,null,UNAVAILABLE}{/hddsDatanode}
2019-07-14 00:45:29,085 INFO  server.AbstractConnector (AbstractConnector.java:doStop(318)) - Stopped ServerConnector@1c84d80a{HTTP/1.1,[http/1.1]}{0.0.0.0:0}
2019-07-14 00:45:29,086 INFO  handler.ContextHandler (ContextHandler.java:doStop(910)) - Stopped o.e.j.s.ServletContextHandler@2d4a3e13{/static,jar:file:/home/user/.m2/repository/org/apache/hadoop/hadoop-hdds-container-service/0.5.0-SNAPSHOT/hadoop-hdds-container-service-0.5.0-SNAPSHOT.jar!/webapps/static,UNAVAILABLE}
2019-07-14 00:45:29,087 INFO  handler.ContextHandler (ContextHandler.java:doStop(910)) - Stopped o.e.j.s.ServletContextHandler@6885ed19{/logs,file:///tmp/workdir/hadoop-ozone/integration-test/target/log,UNAVAILABLE}
2019-07-14 00:45:29,089 INFO  ozone.MiniOzoneClusterImpl (MiniOzoneClusterImpl.java:stop(353)) - Stopping the StorageContainerManager
2019-07-14 00:45:29,089 INFO  server.StorageContainerManager (StorageContainerManager.java:stop(796)) - Stopping Replication Manager Service.
2019-07-14 00:45:29,090 INFO  container.ReplicationManager (ReplicationManager.java:stop(187)) - Stopping Replication Monitor Thread.
2019-07-14 00:45:29,090 INFO  server.StorageContainerManager (StorageContainerManager.java:stop(803)) - Stopping Lease Manager of the command watchers
2019-07-14 00:45:29,090 INFO  server.StorageContainerManager (StorageContainerManager.java:stop(810)) - Stopping datanode service RPC server
2019-07-14 00:45:29,091 INFO  server.SCMDatanodeProtocolServer (SCMDatanodeProtocolServer.java:stop(375)) - Stopping the RPC server for DataNodes
2019-07-14 00:45:29,091 INFO  ipc.Server (Server.java:stop(3082)) - Stopping server on 41045
2019-07-14 00:45:29,094 INFO  ipc.Server (Server.java:run(1185)) - Stopping IPC Server listener on 41045
2019-07-14 00:45:29,096 INFO  ipc.Server (Server.java:run(1319)) - Stopping IPC Server Responder
2019-07-14 00:45:29,183 WARN  node.NodeStateManager (NodeStateManager.java:scheduleNextHealthCheck(631)) - Current Thread is interrupted, shutting down HB processing thread for Node Manager.
2019-07-14 00:45:29,183 INFO  server.StorageContainerManager (StorageContainerManager.java:stop(818)) - Stopping block service RPC server
2019-07-14 00:45:29,183 INFO  server.SCMBlockProtocolServer (SCMBlockProtocolServer.java:stop(148)) - Stopping the RPC server for Block Protocol
2019-07-14 00:45:29,183 INFO  ipc.Server (Server.java:stop(3082)) - Stopping server on 33962
2019-07-14 00:45:29,185 INFO  server.StorageContainerManager (StorageContainerManager.java:stop(825)) - Stopping the StorageContainerLocationProtocol RPC server
2019-07-14 00:45:29,185 INFO  server.SCMClientProtocolServer (SCMClientProtocolServer.java:stop(157)) - Stopping the RPC server for Client Protocol
2019-07-14 00:45:29,186 INFO  ipc.Server (Server.java:stop(3082)) - Stopping server on 42701
2019-07-14 00:45:29,186 INFO  ipc.Server (Server.java:run(1185)) - Stopping IPC Server listener on 33962
2019-07-14 00:45:29,187 INFO  ipc.Server (Server.java:run(1185)) - Stopping IPC Server listener on 42701
2019-07-14 00:45:29,188 INFO  server.StorageContainerManager (StorageContainerManager.java:stop(832)) - Stopping Storage Container Manager HTTP server.
2019-07-14 00:45:29,189 INFO  ipc.Server (Server.java:run(1319)) - Stopping IPC Server Responder
2019-07-14 00:45:29,189 INFO  ipc.Server (Server.java:run(1319)) - Stopping IPC Server Responder
2019-07-14 00:45:29,189 INFO  handler.ContextHandler (ContextHandler.java:doStop(910)) - Stopped o.e.j.w.WebAppContext@6fff253c{/,null,UNAVAILABLE}{/scm}
2019-07-14 00:45:29,190 INFO  server.AbstractConnector (AbstractConnector.java:doStop(318)) - Stopped ServerConnector@7c041b41{HTTP/1.1,[http/1.1]}{0.0.0.0:0}
2019-07-14 00:45:29,191 INFO  handler.ContextHandler (ContextHandler.java:doStop(910)) - Stopped o.e.j.s.ServletContextHandler@4dd02341{/static,file:///tmp/workdir/hadoop-ozone/integration-test/target/test-classes/webapps/static,UNAVAILABLE}
2019-07-14 00:45:29,191 INFO  handler.ContextHandler (ContextHandler.java:doStop(910)) - Stopped o.e.j.s.ServletContextHandler@635572a7{/logs,file:///tmp/workdir/hadoop-ozone/integration-test/target/log,UNAVAILABLE}
2019-07-14 00:45:29,193 INFO  server.StorageContainerManager (StorageContainerManager.java:stop(843)) - Stopping Block Manager Service.
2019-07-14 00:45:29,193 INFO  utils.BackgroundService (BackgroundService.java:shutdown(148)) - Shutting down service SCMBlockDeletingService
2019-07-14 00:45:29,194 INFO  utils.BackgroundService (BackgroundService.java:shutdown(148)) - Shutting down service SCMBlockDeletingService
2019-07-14 00:45:29,195 INFO  server.StorageContainerManager (StorageContainerManager.java:stop(865)) - Stopping SCM Event Queue.
2019-07-14 00:45:29,203 INFO  impl.MetricsSystemImpl (MetricsSystemImpl.java:stop(210)) - Stopping HddsDatanode metrics system...
2019-07-14 00:45:29,212 INFO  impl.MetricsSystemImpl (MetricsSystemImpl.java:stop(216)) - HddsDatanode metrics system stopped.
]]></system-out>
    <system-err><![CDATA[ERROR StatusLogger No Log4j 2 configuration file found. Using default configuration (logging only errors to the console), or user programmatically provided configurations. Set system property 'log4j2.debug' to show Log4j 2 internal initialization logging. See https://logging.apache.org/log4j/2.x/manual/configuration.html for instructions on how to configure Log4j 2
Jul 14, 2019 12:44:48 AM com.sun.jersey.server.impl.application.WebApplicationImpl _initiate
INFO: Initiating Jersey application, version 'Jersey: 1.19 02/11/2015 03:25 AM'
Jul 14, 2019 12:44:49 AM com.sun.jersey.server.impl.application.WebApplicationImpl _initiate
INFO: Initiating Jersey application, version 'Jersey: 1.19 02/11/2015 03:25 AM'
Jul 14, 2019 12:44:50 AM com.sun.jersey.server.impl.application.WebApplicationImpl _initiate
INFO: Initiating Jersey application, version 'Jersey: 1.19 02/11/2015 03:25 AM'
Jul 14, 2019 12:44:50 AM com.sun.jersey.server.impl.application.WebApplicationImpl _initiate
INFO: Initiating Jersey application, version 'Jersey: 1.19 02/11/2015 03:25 AM'
Jul 14, 2019 12:44:50 AM com.sun.jersey.server.impl.application.WebApplicationImpl _initiate
INFO: Initiating Jersey application, version 'Jersey: 1.19 02/11/2015 03:25 AM'
Jul 14, 2019 12:44:50 AM com.sun.jersey.server.impl.application.WebApplicationImpl _initiate
INFO: Initiating Jersey application, version 'Jersey: 1.19 02/11/2015 03:25 AM'
Jul 14, 2019 12:44:51 AM com.sun.jersey.server.impl.application.WebApplicationImpl _initiate
INFO: Initiating Jersey application, version 'Jersey: 1.19 02/11/2015 03:25 AM'
]]></system-err>
  </testcase>
  <testcase name="testMaxRetriesByOzoneClient" classname="org.apache.hadoop.ozone.client.rpc.TestOzoneClientRetriesOnException" time="40.24"/>
</testsuite>