<?xml version="1.0" encoding="UTF-8"?>
<testsuite xmlns:xsi="http://www.w3.org/2001/XMLSchema-instance" xsi:noNamespaceSchemaLocation="https://maven.apache.org/surefire/maven-surefire-plugin/xsd/surefire-test-report.xsd" name="org.apache.hadoop.ozone.client.rpc.TestReadRetries" time="49.544" tests="1" errors="1" skipped="0" failures="0">
  <properties>
    <property name="awt.toolkit" value="sun.awt.X11.XToolkit"/>
    <property name="file.encoding.pkg" value="sun.io"/>
    <property name="java.specification.version" value="1.8"/>
    <property name="sun.cpu.isalist" value=""/>
    <property name="sun.jnu.encoding" value="UTF-8"/>
    <property name="java.class.path" value="/tmp/workdir/hadoop-ozone/integration-test/target/test-classes:/tmp/workdir/hadoop-ozone/integration-test/target/classes:/home/user/.m2/repository/org/apache/hadoop/hadoop-ozone-common/0.5.0-SNAPSHOT/hadoop-ozone-common-0.5.0-SNAPSHOT.jar:/home/user/.m2/repository/org/apache/commons/commons-compress/1.4.1/commons-compress-1.4.1.jar:/home/user/.m2/repository/org/tukaani/xz/1.0/xz-1.0.jar:/home/user/.m2/repository/org/apache/hadoop/hadoop-common/3.2.0/hadoop-common-3.2.0.jar:/home/user/.m2/repository/org/apache/hadoop/hadoop-hdfs/3.2.0/hadoop-hdfs-3.2.0.jar:/home/user/.m2/repository/org/apache/hadoop/hadoop-hdfs-client/3.2.0/hadoop-hdfs-client-3.2.0.jar:/home/user/.m2/repository/com/fasterxml/jackson/core/jackson-annotations/2.9.5/jackson-annotations-2.9.5.jar:/home/user/.m2/repository/org/apache/hadoop/hadoop-hdds-common/0.5.0-SNAPSHOT/hadoop-hdds-common-0.5.0-SNAPSHOT.jar:/home/user/.m2/repository/javax/annotation/javax.annotation-api/1.2/javax.annotation-api-1.2.jar:/home/user/.m2/repository/org/apache/ratis/ratis-server/0.4.0-2337318-SNAPSHOT/ratis-server-0.4.0-2337318-SNAPSHOT.jar:/home/user/.m2/repository/org/apache/ratis/ratis-thirdparty-misc/0.2.0/ratis-thirdparty-misc-0.2.0.jar:/home/user/.m2/repository/org/apache/ratis/ratis-proto/0.4.0-2337318-SNAPSHOT/ratis-proto-0.4.0-2337318-SNAPSHOT.jar:/home/user/.m2/repository/org/apache/ratis/ratis-common/0.4.0-2337318-SNAPSHOT/ratis-common-0.4.0-2337318-SNAPSHOT.jar:/home/user/.m2/repository/org/apache/ratis/ratis-client/0.4.0-2337318-SNAPSHOT/ratis-client-0.4.0-2337318-SNAPSHOT.jar:/home/user/.m2/repository/org/apache/ratis/ratis-metrics/0.4.0-2337318-SNAPSHOT/ratis-metrics-0.4.0-2337318-SNAPSHOT.jar:/home/user/.m2/repository/org/apache/ratis/ratis-netty/0.4.0-2337318-SNAPSHOT/ratis-netty-0.4.0-2337318-SNAPSHOT.jar:/home/user/.m2/repository/org/apache/ratis/ratis-grpc/0.4.0-2337318-SNAPSHOT/ratis-grpc-0.4.0-2337318-SNAPSHOT.jar:/home/user/.m2/repository/org/rocksdb/rocksdbjni/6.0.1/rocksdbjni-6.0.1.jar:/home/user/.m2/repository/org/apache/logging/log4j/log4j-api/2.11.0/log4j-api-2.11.0.jar:/home/user/.m2/repository/org/apache/logging/log4j/log4j-core/2.11.0/log4j-core-2.11.0.jar:/home/user/.m2/repository/com/lmax/disruptor/3.4.2/disruptor-3.4.2.jar:/home/user/.m2/repository/org/apache/commons/commons-pool2/2.6.0/commons-pool2-2.6.0.jar:/home/user/.m2/repository/org/bouncycastle/bcpkix-jdk15on/1.60/bcpkix-jdk15on-1.60.jar:/home/user/.m2/repository/commons-validator/commons-validator/1.6/commons-validator-1.6.jar:/home/user/.m2/repository/commons-digester/commons-digester/1.8.1/commons-digester-1.8.1.jar:/home/user/.m2/repository/io/jaegertracing/jaeger-client/0.33.1/jaeger-client-0.33.1.jar:/home/user/.m2/repository/io/jaegertracing/jaeger-thrift/0.33.1/jaeger-thrift-0.33.1.jar:/home/user/.m2/repository/org/apache/thrift/libthrift/0.11.0/libthrift-0.11.0.jar:/home/user/.m2/repository/com/squareup/okhttp3/okhttp/3.9.0/okhttp-3.9.0.jar:/home/user/.m2/repository/com/squareup/okio/okio/1.13.0/okio-1.13.0.jar:/home/user/.m2/repository/io/jaegertracing/jaeger-core/0.33.1/jaeger-core-0.33.1.jar:/home/user/.m2/repository/io/jaegertracing/jaeger-tracerresolver/0.33.1/jaeger-tracerresolver-0.33.1.jar:/home/user/.m2/repository/io/opentracing/contrib/opentracing-tracerresolver/0.1.5/opentracing-tracerresolver-0.1.5.jar:/home/user/.m2/repository/io/opentracing/opentracing-util/0.31.0/opentracing-util-0.31.0.jar:/home/user/.m2/repository/io/opentracing/opentracing-api/0.31.0/opentracing-api-0.31.0.jar:/home/user/.m2/repository/io/opentracing/opentracing-noop/0.31.0/opentracing-noop-0.31.0.jar:/home/user/.m2/repository/org/apache/hadoop/hadoop-hdds-server-framework/0.5.0-SNAPSHOT/hadoop-hdds-server-framework-0.5.0-SNAPSHOT.jar:/home/user/.m2/repository/org/apache/hadoop/hadoop-hdds-container-service/0.5.0-SNAPSHOT/hadoop-hdds-container-service-0.5.0-SNAPSHOT.jar:/home/user/.m2/repository/org/apache/hadoop/hadoop-hdds-client/0.5.0-SNAPSHOT/hadoop-hdds-client-0.5.0-SNAPSHOT.jar:/home/user/.m2/repository/org/apache/hadoop/hadoop-hdds-tools/0.5.0-SNAPSHOT/hadoop-hdds-tools-0.5.0-SNAPSHOT.jar:/home/user/.m2/repository/org/apache/hadoop/hadoop-hdds-server-scm/0.5.0-SNAPSHOT/hadoop-hdds-server-scm-0.5.0-SNAPSHOT.jar:/home/user/.m2/repository/org/apache/hadoop/hadoop-hdds-docs/0.5.0-SNAPSHOT/hadoop-hdds-docs-0.5.0-SNAPSHOT.jar:/home/user/.m2/repository/io/dropwizard/metrics/metrics-core/3.2.4/metrics-core-3.2.4.jar:/home/user/.m2/repository/org/hamcrest/hamcrest-all/1.3/hamcrest-all-1.3.jar:/home/user/.m2/repository/org/bouncycastle/bcprov-jdk15on/1.60/bcprov-jdk15on-1.60.jar:/home/user/.m2/repository/info/picocli/picocli/3.9.6/picocli-3.9.6.jar:/home/user/.m2/repository/com/google/protobuf/protobuf-java/2.5.0/protobuf-java-2.5.0.jar:/home/user/.m2/repository/com/google/guava/guava/11.0.2/guava-11.0.2.jar:/home/user/.m2/repository/org/apache/hadoop/hadoop-ozone-ozone-manager/0.5.0-SNAPSHOT/hadoop-ozone-ozone-manager-0.5.0-SNAPSHOT.jar:/home/user/.m2/repository/org/apache/hadoop/hadoop-minikdc/3.2.0/hadoop-minikdc-3.2.0.jar:/home/user/.m2/repository/commons-io/commons-io/2.5/commons-io-2.5.jar:/home/user/.m2/repository/org/apache/kerby/kerb-simplekdc/1.0.1/kerb-simplekdc-1.0.1.jar:/home/user/.m2/repository/org/apache/kerby/kerb-client/1.0.1/kerb-client-1.0.1.jar:/home/user/.m2/repository/org/apache/kerby/kerby-config/1.0.1/kerby-config-1.0.1.jar:/home/user/.m2/repository/org/apache/kerby/kerb-core/1.0.1/kerb-core-1.0.1.jar:/home/user/.m2/repository/org/apache/kerby/kerby-pkix/1.0.1/kerby-pkix-1.0.1.jar:/home/user/.m2/repository/org/apache/kerby/kerby-asn1/1.0.1/kerby-asn1-1.0.1.jar:/home/user/.m2/repository/org/apache/kerby/kerby-util/1.0.1/kerby-util-1.0.1.jar:/home/user/.m2/repository/org/apache/kerby/kerb-common/1.0.1/kerb-common-1.0.1.jar:/home/user/.m2/repository/org/apache/kerby/kerb-crypto/1.0.1/kerb-crypto-1.0.1.jar:/home/user/.m2/repository/org/apache/kerby/kerb-util/1.0.1/kerb-util-1.0.1.jar:/home/user/.m2/repository/org/apache/kerby/token-provider/1.0.1/token-provider-1.0.1.jar:/home/user/.m2/repository/org/apache/kerby/kerb-admin/1.0.1/kerb-admin-1.0.1.jar:/home/user/.m2/repository/org/apache/kerby/kerb-server/1.0.1/kerb-server-1.0.1.jar:/home/user/.m2/repository/org/apache/kerby/kerb-identity/1.0.1/kerb-identity-1.0.1.jar:/home/user/.m2/repository/org/apache/kerby/kerby-xdr/1.0.1/kerby-xdr-1.0.1.jar:/home/user/.m2/repository/org/slf4j/slf4j-log4j12/1.7.25/slf4j-log4j12-1.7.25.jar:/home/user/.m2/repository/org/apache/hadoop/hadoop-ozone-objectstore-service/0.5.0-SNAPSHOT/hadoop-ozone-objectstore-service-0.5.0-SNAPSHOT.jar:/home/user/.m2/repository/org/apache/hadoop/hadoop-ozone-s3gateway/0.5.0-SNAPSHOT/hadoop-ozone-s3gateway-0.5.0-SNAPSHOT.jar:/home/user/.m2/repository/org/jboss/weld/servlet/weld-servlet/2.4.7.Final/weld-servlet-2.4.7.Final.jar:/home/user/.m2/repository/org/glassfish/jersey/containers/jersey-container-servlet-core/2.27/jersey-container-servlet-core-2.27.jar:/home/user/.m2/repository/org/glassfish/hk2/external/javax.inject/2.5.0-b42/javax.inject-2.5.0-b42.jar:/home/user/.m2/repository/org/glassfish/jersey/core/jersey-common/2.27/jersey-common-2.27.jar:/home/user/.m2/repository/org/glassfish/hk2/osgi-resource-locator/1.0.1/osgi-resource-locator-1.0.1.jar:/home/user/.m2/repository/javax/ws/rs/javax.ws.rs-api/2.1/javax.ws.rs-api-2.1.jar:/home/user/.m2/repository/org/glassfish/jersey/ext/cdi/jersey-cdi1x/2.27/jersey-cdi1x-2.27.jar:/home/user/.m2/repository/org/glassfish/jersey/inject/jersey-hk2/2.27/jersey-hk2-2.27.jar:/home/user/.m2/repository/org/glassfish/hk2/hk2-locator/2.5.0-b42/hk2-locator-2.5.0-b42.jar:/home/user/.m2/repository/org/javassist/javassist/3.22.0-CR2/javassist-3.22.0-CR2.jar:/home/user/.m2/repository/org/glassfish/hk2/hk2-api/2.5.0/hk2-api-2.5.0.jar:/home/user/.m2/repository/org/glassfish/hk2/external/jakarta.inject/2.5.0/jakarta.inject-2.5.0.jar:/home/user/.m2/repository/org/glassfish/hk2/hk2-utils/2.5.0/hk2-utils-2.5.0.jar:/home/user/.m2/repository/jakarta/annotation/jakarta.annotation-api/1.3.4/jakarta.annotation-api-1.3.4.jar:/home/user/.m2/repository/org/glassfish/hk2/external/aopalliance-repackaged/2.5.0/aopalliance-repackaged-2.5.0.jar:/home/user/.m2/repository/com/fasterxml/jackson/dataformat/jackson-dataformat-xml/2.9.0/jackson-dataformat-xml-2.9.0.jar:/home/user/.m2/repository/com/fasterxml/jackson/core/jackson-core/2.9.5/jackson-core-2.9.5.jar:/home/user/.m2/repository/com/fasterxml/jackson/module/jackson-module-jaxb-annotations/2.9.5/jackson-module-jaxb-annotations-2.9.5.jar:/home/user/.m2/repository/javax/enterprise/cdi-api/1.2/cdi-api-1.2.jar:/home/user/.m2/repository/javax/el/javax.el-api/3.0.0/javax.el-api-3.0.0.jar:/home/user/.m2/repository/javax/interceptor/javax.interceptor-api/1.2/javax.interceptor-api-1.2.jar:/home/user/.m2/repository/javax/inject/javax.inject/1/javax.inject-1.jar:/home/user/.m2/repository/com/sun/xml/bind/jaxb-impl/2.3.0.1/jaxb-impl-2.3.0.1.jar:/home/user/.m2/repository/com/sun/xml/bind/jaxb-core/2.3.0.1/jaxb-core-2.3.0.1.jar:/home/user/.m2/repository/javax/xml/bind/jaxb-api/2.3.0/jaxb-api-2.3.0.jar:/home/user/.m2/repository/javax/activation/activation/1.1.1/activation-1.1.1.jar:/home/user/.m2/repository/org/apache/hadoop/hadoop-ozone-csi/0.5.0-SNAPSHOT/hadoop-ozone-csi-0.5.0-SNAPSHOT.jar:/home/user/.m2/repository/com/google/protobuf/protobuf-java-util/3.5.1/protobuf-java-util-3.5.1.jar:/home/user/.m2/repository/org/apache/hadoop/hadoop-hdds-config/0.5.0-SNAPSHOT/hadoop-hdds-config-0.5.0-SNAPSHOT.jar:/home/user/.m2/repository/io/grpc/grpc-netty/1.17.1/grpc-netty-1.17.1.jar:/home/user/.m2/repository/io/grpc/grpc-core/1.17.1/grpc-core-1.17.1.jar:/home/user/.m2/repository/io/grpc/grpc-context/1.17.1/grpc-context-1.17.1.jar:/home/user/.m2/repository/com/google/errorprone/error_prone_annotations/2.2.0/error_prone_annotations-2.2.0.jar:/home/user/.m2/repository/org/codehaus/mojo/animal-sniffer-annotations/1.17/animal-sniffer-annotations-1.17.jar:/home/user/.m2/repository/io/opencensus/opencensus-api/0.17.0/opencensus-api-0.17.0.jar:/home/user/.m2/repository/io/opencensus/opencensus-contrib-grpc-metrics/0.17.0/opencensus-contrib-grpc-metrics-0.17.0.jar:/home/user/.m2/repository/io/netty/netty-codec-http2/4.1.30.Final/netty-codec-http2-4.1.30.Final.jar:/home/user/.m2/repository/io/netty/netty-codec-http/4.1.30.Final/netty-codec-http-4.1.30.Final.jar:/home/user/.m2/repository/io/netty/netty-codec/4.1.30.Final/netty-codec-4.1.30.Final.jar:/home/user/.m2/repository/io/netty/netty-handler/4.1.30.Final/netty-handler-4.1.30.Final.jar:/home/user/.m2/repository/io/netty/netty-handler-proxy/4.1.30.Final/netty-handler-proxy-4.1.30.Final.jar:/home/user/.m2/repository/io/netty/netty-codec-socks/4.1.30.Final/netty-codec-socks-4.1.30.Final.jar:/home/user/.m2/repository/io/netty/netty-transport-native-epoll/4.1.30.Final/netty-transport-native-epoll-4.1.30.Final.jar:/home/user/.m2/repository/io/netty/netty-common/4.1.30.Final/netty-common-4.1.30.Final.jar:/home/user/.m2/repository/io/netty/netty-buffer/4.1.30.Final/netty-buffer-4.1.30.Final.jar:/home/user/.m2/repository/io/netty/netty-transport/4.1.30.Final/netty-transport-4.1.30.Final.jar:/home/user/.m2/repository/io/netty/netty-resolver/4.1.30.Final/netty-resolver-4.1.30.Final.jar:/home/user/.m2/repository/io/netty/netty-transport-native-unix-common/4.1.30.Final/netty-transport-native-unix-common-4.1.30.Final.jar:/home/user/.m2/repository/io/grpc/grpc-protobuf/1.17.1/grpc-protobuf-1.17.1.jar:/home/user/.m2/repository/com/google/api/grpc/proto-google-common-protos/1.0.0/proto-google-common-protos-1.0.0.jar:/home/user/.m2/repository/io/grpc/grpc-protobuf-lite/1.17.1/grpc-protobuf-lite-1.17.1.jar:/home/user/.m2/repository/io/grpc/grpc-stub/1.17.1/grpc-stub-1.17.1.jar:/home/user/.m2/repository/org/apache/hadoop/hadoop-ozone-recon/0.5.0-SNAPSHOT/hadoop-ozone-recon-0.5.0-SNAPSHOT.jar:/home/user/.m2/repository/org/apache/hadoop/hadoop-ozone-reconcodegen/0.5.0-SNAPSHOT/hadoop-ozone-reconcodegen-0.5.0-SNAPSHOT.jar:/home/user/.m2/repository/com/google/inject/extensions/guice-multibindings/4.0/guice-multibindings-4.0.jar:/home/user/.m2/repository/com/google/inject/guice/4.0/guice-4.0.jar:/home/user/.m2/repository/aopalliance/aopalliance/1.0/aopalliance-1.0.jar:/home/user/.m2/repository/com/google/inject/extensions/guice-servlet/4.0/guice-servlet-4.0.jar:/home/user/.m2/repository/org/glassfish/jersey/containers/jersey-container-servlet/2.27/jersey-container-servlet-2.27.jar:/home/user/.m2/repository/org/glassfish/hk2/guice-bridge/2.5.0/guice-bridge-2.5.0.jar:/home/user/.m2/repository/org/glassfish/jersey/core/jersey-server/2.27/jersey-server-2.27.jar:/home/user/.m2/repository/org/glassfish/jersey/core/jersey-client/2.27/jersey-client-2.27.jar:/home/user/.m2/repository/org/glassfish/jersey/media/jersey-media-jaxb/2.27/jersey-media-jaxb-2.27.jar:/home/user/.m2/repository/javax/validation/validation-api/1.1.0.Final/validation-api-1.1.0.Final.jar:/home/user/.m2/repository/org/glassfish/jersey/media/jersey-media-json-jackson/2.27/jersey-media-json-jackson-2.27.jar:/home/user/.m2/repository/org/glassfish/jersey/ext/jersey-entity-filtering/2.27/jersey-entity-filtering-2.27.jar:/home/user/.m2/repository/com/google/inject/extensions/guice-assistedinject/4.0/guice-assistedinject-4.0.jar:/home/user/.m2/repository/org/jooq/jooq/3.11.10/jooq-3.11.10.jar:/home/user/.m2/repository/org/jooq/jooq-meta/3.11.10/jooq-meta-3.11.10.jar:/home/user/.m2/repository/org/jooq/jooq-codegen/3.11.10/jooq-codegen-3.11.10.jar:/home/user/.m2/repository/com/jolbox/bonecp/0.8.0.RELEASE/bonecp-0.8.0.RELEASE.jar:/home/user/.m2/repository/org/xerial/sqlite-jdbc/3.25.2/sqlite-jdbc-3.25.2.jar:/home/user/.m2/repository/org/springframework/spring-jdbc/5.1.3.RELEASE/spring-jdbc-5.1.3.RELEASE.jar:/home/user/.m2/repository/org/springframework/spring-beans/5.1.3.RELEASE/spring-beans-5.1.3.RELEASE.jar:/home/user/.m2/repository/org/springframework/spring-core/5.1.3.RELEASE/spring-core-5.1.3.RELEASE.jar:/home/user/.m2/repository/org/springframework/spring-jcl/5.1.3.RELEASE/spring-jcl-5.1.3.RELEASE.jar:/home/user/.m2/repository/org/springframework/spring-tx/5.1.3.RELEASE/spring-tx-5.1.3.RELEASE.jar:/home/user/.m2/repository/org/apache/hadoop/hadoop-ozone-client/0.5.0-SNAPSHOT/hadoop-ozone-client-0.5.0-SNAPSHOT.jar:/home/user/.m2/repository/commons-lang/commons-lang/2.6/commons-lang-2.6.jar:/home/user/.m2/repository/org/apache/hadoop/hadoop-ozone-ozone-manager/0.5.0-SNAPSHOT/hadoop-ozone-ozone-manager-0.5.0-SNAPSHOT-tests.jar:/home/user/.m2/repository/junit/junit/4.11/junit-4.11.jar:/home/user/.m2/repository/org/hamcrest/hamcrest-core/1.3/hamcrest-core-1.3.jar:/home/user/.m2/repository/org/openjdk/jmh/jmh-core/1.19/jmh-core-1.19.jar:/home/user/.m2/repository/net/sf/jopt-simple/jopt-simple/4.6/jopt-simple-4.6.jar:/home/user/.m2/repository/org/apache/commons/commons-math3/3.1.1/commons-math3-3.1.1.jar:/home/user/.m2/repository/org/openjdk/jmh/jmh-generator-annprocess/1.19/jmh-generator-annprocess-1.19.jar:/home/user/.m2/repository/org/mockito/mockito-all/1.8.5/mockito-all-1.8.5.jar:/home/user/.m2/repository/org/apache/hadoop/hadoop-kms/3.2.0/hadoop-kms-3.2.0.jar:/home/user/.m2/repository/org/apache/hadoop/hadoop-auth/3.2.0/hadoop-auth-3.2.0.jar:/home/user/.m2/repository/com/nimbusds/nimbus-jose-jwt/4.41.1/nimbus-jose-jwt-4.41.1.jar:/home/user/.m2/repository/com/github/stephenc/jcip/jcip-annotations/1.0-1/jcip-annotations-1.0-1.jar:/home/user/.m2/repository/net/minidev/json-smart/2.3/json-smart-2.3.jar:/home/user/.m2/repository/net/minidev/accessors-smart/1.2/accessors-smart-1.2.jar:/home/user/.m2/repository/org/ow2/asm/asm/5.0.4/asm-5.0.4.jar:/home/user/.m2/repository/org/apache/curator/curator-framework/2.12.0/curator-framework-2.12.0.jar:/home/user/.m2/repository/com/sun/jersey/jersey-core/1.19/jersey-core-1.19.jar:/home/user/.m2/repository/javax/ws/rs/jsr311-api/1.1.1/jsr311-api-1.1.1.jar:/home/user/.m2/repository/com/sun/jersey/jersey-server/1.19/jersey-server-1.19.jar:/home/user/.m2/repository/javax/servlet/javax.servlet-api/3.1.0/javax.servlet-api-3.1.0.jar:/home/user/.m2/repository/org/eclipse/jetty/jetty-server/9.3.24.v20180605/jetty-server-9.3.24.v20180605.jar:/home/user/.m2/repository/org/eclipse/jetty/jetty-http/9.3.24.v20180605/jetty-http-9.3.24.v20180605.jar:/home/user/.m2/repository/org/eclipse/jetty/jetty-io/9.3.24.v20180605/jetty-io-9.3.24.v20180605.jar:/home/user/.m2/repository/org/eclipse/jetty/jetty-webapp/9.3.24.v20180605/jetty-webapp-9.3.24.v20180605.jar:/home/user/.m2/repository/org/eclipse/jetty/jetty-xml/9.3.24.v20180605/jetty-xml-9.3.24.v20180605.jar:/home/user/.m2/repository/log4j/log4j/1.2.17/log4j-1.2.17.jar:/home/user/.m2/repository/org/slf4j/slf4j-api/1.7.25/slf4j-api-1.7.25.jar:/home/user/.m2/repository/org/slf4j/jul-to-slf4j/1.7.25/jul-to-slf4j-1.7.25.jar:/home/user/.m2/repository/org/eclipse/jetty/jetty-util/9.3.24.v20180605/jetty-util-9.3.24.v20180605.jar:/home/user/.m2/repository/com/fasterxml/jackson/core/jackson-databind/2.9.5/jackson-databind-2.9.5.jar:/home/user/.m2/repository/org/apache/hadoop/hadoop-kms/3.2.0/hadoop-kms-3.2.0-tests.jar:/home/user/.m2/repository/org/apache/hadoop/hadoop-hdds-server-scm/0.5.0-SNAPSHOT/hadoop-hdds-server-scm-0.5.0-SNAPSHOT-tests.jar:/home/user/.m2/repository/org/apache/hadoop/hadoop-hdds-container-service/0.5.0-SNAPSHOT/hadoop-hdds-container-service-0.5.0-SNAPSHOT-tests.jar:/home/user/.m2/repository/org/yaml/snakeyaml/1.16/snakeyaml-1.16.jar:/home/user/.m2/repository/org/apache/hadoop/hadoop-common/3.2.0/hadoop-common-3.2.0-tests.jar:/home/user/.m2/repository/org/apache/hadoop/hadoop-annotations/3.2.0/hadoop-annotations-3.2.0.jar:/usr/lib/jvm/java-1.8-openjdk/jre/../lib/tools.jar:/home/user/.m2/repository/commons-cli/commons-cli/1.2/commons-cli-1.2.jar:/home/user/.m2/repository/org/apache/httpcomponents/httpclient/4.5.2/httpclient-4.5.2.jar:/home/user/.m2/repository/org/apache/httpcomponents/httpcore/4.4.4/httpcore-4.4.4.jar:/home/user/.m2/repository/commons-codec/commons-codec/1.11/commons-codec-1.11.jar:/home/user/.m2/repository/commons-net/commons-net/3.6/commons-net-3.6.jar:/home/user/.m2/repository/commons-collections/commons-collections/3.2.2/commons-collections-3.2.2.jar:/home/user/.m2/repository/org/eclipse/jetty/jetty-servlet/9.3.24.v20180605/jetty-servlet-9.3.24.v20180605.jar:/home/user/.m2/repository/org/eclipse/jetty/jetty-security/9.3.24.v20180605/jetty-security-9.3.24.v20180605.jar:/home/user/.m2/repository/javax/servlet/jsp/jsp-api/2.1/jsp-api-2.1.jar:/home/user/.m2/repository/com/sun/jersey/jersey-servlet/1.19/jersey-servlet-1.19.jar:/home/user/.m2/repository/com/sun/jersey/jersey-json/1.19/jersey-json-1.19.jar:/home/user/.m2/repository/org/codehaus/jettison/jettison/1.1/jettison-1.1.jar:/home/user/.m2/repository/org/codehaus/jackson/jackson-core-asl/1.9.13/jackson-core-asl-1.9.13.jar:/home/user/.m2/repository/org/codehaus/jackson/jackson-mapper-asl/1.9.13/jackson-mapper-asl-1.9.13.jar:/home/user/.m2/repository/org/codehaus/jackson/jackson-jaxrs/1.9.13/jackson-jaxrs-1.9.13.jar:/home/user/.m2/repository/org/codehaus/jackson/jackson-xc/1.9.13/jackson-xc-1.9.13.jar:/home/user/.m2/repository/commons-logging/commons-logging/1.1.3/commons-logging-1.1.3.jar:/home/user/.m2/repository/commons-beanutils/commons-beanutils/1.9.3/commons-beanutils-1.9.3.jar:/home/user/.m2/repository/org/apache/commons/commons-configuration2/2.1.1/commons-configuration2-2.1.1.jar:/home/user/.m2/repository/org/apache/commons/commons-lang3/3.7/commons-lang3-3.7.jar:/home/user/.m2/repository/org/apache/commons/commons-text/1.4/commons-text-1.4.jar:/home/user/.m2/repository/org/apache/avro/avro/1.7.7/avro-1.7.7.jar:/home/user/.m2/repository/com/thoughtworks/paranamer/paranamer/2.3/paranamer-2.3.jar:/home/user/.m2/repository/org/xerial/snappy/snappy-java/1.0.5/snappy-java-1.0.5.jar:/home/user/.m2/repository/com/google/re2j/re2j/1.1/re2j-1.1.jar:/home/user/.m2/repository/com/google/code/gson/gson/2.2.4/gson-2.2.4.jar:/home/user/.m2/repository/com/jcraft/jsch/0.1.54/jsch-0.1.54.jar:/home/user/.m2/repository/org/apache/curator/curator-client/2.12.0/curator-client-2.12.0.jar:/home/user/.m2/repository/org/apache/curator/curator-recipes/2.12.0/curator-recipes-2.12.0.jar:/home/user/.m2/repository/com/google/code/findbugs/jsr305/3.0.0/jsr305-3.0.0.jar:/home/user/.m2/repository/org/apache/htrace/htrace-core4/4.1.0-incubating/htrace-core4-4.1.0-incubating.jar:/home/user/.m2/repository/org/apache/zookeeper/zookeeper/3.4.13/zookeeper-3.4.13.jar:/home/user/.m2/repository/org/apache/yetus/audience-annotations/0.5.0/audience-annotations-0.5.0.jar:/home/user/.m2/repository/org/codehaus/woodstox/stax2-api/3.1.4/stax2-api-3.1.4.jar:/home/user/.m2/repository/com/fasterxml/woodstox/woodstox-core/5.0.3/woodstox-core-5.0.3.jar:/home/user/.m2/repository/dnsjava/dnsjava/2.1.7/dnsjava-2.1.7.jar:/home/user/.m2/repository/org/apache/hadoop/hadoop-hdfs/3.2.0/hadoop-hdfs-3.2.0-tests.jar:/home/user/.m2/repository/org/eclipse/jetty/jetty-util-ajax/9.3.24.v20180605/jetty-util-ajax-9.3.24.v20180605.jar:/home/user/.m2/repository/commons-daemon/commons-daemon/1.0.13/commons-daemon-1.0.13.jar:/home/user/.m2/repository/io/netty/netty/3.10.5.Final/netty-3.10.5.Final.jar:/home/user/.m2/repository/io/netty/netty-all/4.0.52.Final/netty-all-4.0.52.Final.jar:/home/user/.m2/repository/org/fusesource/leveldbjni/leveldbjni-all/1.8/leveldbjni-all-1.8.jar:"/>
    <property name="java.vm.vendor" value="IcedTea"/>
    <property name="sun.arch.data.model" value="64"/>
    <property name="test.build.dir" value="/tmp/workdir/hadoop-ozone/integration-test/target/test-dir"/>
    <property name="test.cache.data" value=""/>
    <property name="java.vendor.url" value="https://icedtea.classpath.org"/>
    <property name="user.timezone" value=""/>
    <property name="java.vm.specification.version" value="1.8"/>
    <property name="os.name" value="Linux"/>
    <property name="test.build.data" value="/tmp/workdir/hadoop-ozone/integration-test/target/test-dir"/>
    <property name="user.country" value="US"/>
    <property name="sun.java.launcher" value="SUN_STANDARD"/>
    <property name="sun.boot.library.path" value="/usr/lib/jvm/java-1.8-openjdk/jre/lib/amd64"/>
    <property name="sun.java.command" value="/tmp/workdir/hadoop-ozone/integration-test/target/surefire/surefirebooter499988239026252926.jar /tmp/workdir/hadoop-ozone/integration-test/target/surefire 2019-07-14T00-11-12_381-jvmRun1 surefire4431639062416012954tmp surefire_538378784673552001743tmp"/>
    <property name="surefire.test.class.path" value="/tmp/workdir/hadoop-ozone/integration-test/target/test-classes:/tmp/workdir/hadoop-ozone/integration-test/target/classes:/home/user/.m2/repository/org/apache/hadoop/hadoop-ozone-common/0.5.0-SNAPSHOT/hadoop-ozone-common-0.5.0-SNAPSHOT.jar:/home/user/.m2/repository/org/apache/commons/commons-compress/1.4.1/commons-compress-1.4.1.jar:/home/user/.m2/repository/org/tukaani/xz/1.0/xz-1.0.jar:/home/user/.m2/repository/org/apache/hadoop/hadoop-common/3.2.0/hadoop-common-3.2.0.jar:/home/user/.m2/repository/org/apache/hadoop/hadoop-hdfs/3.2.0/hadoop-hdfs-3.2.0.jar:/home/user/.m2/repository/org/apache/hadoop/hadoop-hdfs-client/3.2.0/hadoop-hdfs-client-3.2.0.jar:/home/user/.m2/repository/com/fasterxml/jackson/core/jackson-annotations/2.9.5/jackson-annotations-2.9.5.jar:/home/user/.m2/repository/org/apache/hadoop/hadoop-hdds-common/0.5.0-SNAPSHOT/hadoop-hdds-common-0.5.0-SNAPSHOT.jar:/home/user/.m2/repository/javax/annotation/javax.annotation-api/1.2/javax.annotation-api-1.2.jar:/home/user/.m2/repository/org/apache/ratis/ratis-server/0.4.0-2337318-SNAPSHOT/ratis-server-0.4.0-2337318-SNAPSHOT.jar:/home/user/.m2/repository/org/apache/ratis/ratis-thirdparty-misc/0.2.0/ratis-thirdparty-misc-0.2.0.jar:/home/user/.m2/repository/org/apache/ratis/ratis-proto/0.4.0-2337318-SNAPSHOT/ratis-proto-0.4.0-2337318-SNAPSHOT.jar:/home/user/.m2/repository/org/apache/ratis/ratis-common/0.4.0-2337318-SNAPSHOT/ratis-common-0.4.0-2337318-SNAPSHOT.jar:/home/user/.m2/repository/org/apache/ratis/ratis-client/0.4.0-2337318-SNAPSHOT/ratis-client-0.4.0-2337318-SNAPSHOT.jar:/home/user/.m2/repository/org/apache/ratis/ratis-metrics/0.4.0-2337318-SNAPSHOT/ratis-metrics-0.4.0-2337318-SNAPSHOT.jar:/home/user/.m2/repository/org/apache/ratis/ratis-netty/0.4.0-2337318-SNAPSHOT/ratis-netty-0.4.0-2337318-SNAPSHOT.jar:/home/user/.m2/repository/org/apache/ratis/ratis-grpc/0.4.0-2337318-SNAPSHOT/ratis-grpc-0.4.0-2337318-SNAPSHOT.jar:/home/user/.m2/repository/org/rocksdb/rocksdbjni/6.0.1/rocksdbjni-6.0.1.jar:/home/user/.m2/repository/org/apache/logging/log4j/log4j-api/2.11.0/log4j-api-2.11.0.jar:/home/user/.m2/repository/org/apache/logging/log4j/log4j-core/2.11.0/log4j-core-2.11.0.jar:/home/user/.m2/repository/com/lmax/disruptor/3.4.2/disruptor-3.4.2.jar:/home/user/.m2/repository/org/apache/commons/commons-pool2/2.6.0/commons-pool2-2.6.0.jar:/home/user/.m2/repository/org/bouncycastle/bcpkix-jdk15on/1.60/bcpkix-jdk15on-1.60.jar:/home/user/.m2/repository/commons-validator/commons-validator/1.6/commons-validator-1.6.jar:/home/user/.m2/repository/commons-digester/commons-digester/1.8.1/commons-digester-1.8.1.jar:/home/user/.m2/repository/io/jaegertracing/jaeger-client/0.33.1/jaeger-client-0.33.1.jar:/home/user/.m2/repository/io/jaegertracing/jaeger-thrift/0.33.1/jaeger-thrift-0.33.1.jar:/home/user/.m2/repository/org/apache/thrift/libthrift/0.11.0/libthrift-0.11.0.jar:/home/user/.m2/repository/com/squareup/okhttp3/okhttp/3.9.0/okhttp-3.9.0.jar:/home/user/.m2/repository/com/squareup/okio/okio/1.13.0/okio-1.13.0.jar:/home/user/.m2/repository/io/jaegertracing/jaeger-core/0.33.1/jaeger-core-0.33.1.jar:/home/user/.m2/repository/io/jaegertracing/jaeger-tracerresolver/0.33.1/jaeger-tracerresolver-0.33.1.jar:/home/user/.m2/repository/io/opentracing/contrib/opentracing-tracerresolver/0.1.5/opentracing-tracerresolver-0.1.5.jar:/home/user/.m2/repository/io/opentracing/opentracing-util/0.31.0/opentracing-util-0.31.0.jar:/home/user/.m2/repository/io/opentracing/opentracing-api/0.31.0/opentracing-api-0.31.0.jar:/home/user/.m2/repository/io/opentracing/opentracing-noop/0.31.0/opentracing-noop-0.31.0.jar:/home/user/.m2/repository/org/apache/hadoop/hadoop-hdds-server-framework/0.5.0-SNAPSHOT/hadoop-hdds-server-framework-0.5.0-SNAPSHOT.jar:/home/user/.m2/repository/org/apache/hadoop/hadoop-hdds-container-service/0.5.0-SNAPSHOT/hadoop-hdds-container-service-0.5.0-SNAPSHOT.jar:/home/user/.m2/repository/org/apache/hadoop/hadoop-hdds-client/0.5.0-SNAPSHOT/hadoop-hdds-client-0.5.0-SNAPSHOT.jar:/home/user/.m2/repository/org/apache/hadoop/hadoop-hdds-tools/0.5.0-SNAPSHOT/hadoop-hdds-tools-0.5.0-SNAPSHOT.jar:/home/user/.m2/repository/org/apache/hadoop/hadoop-hdds-server-scm/0.5.0-SNAPSHOT/hadoop-hdds-server-scm-0.5.0-SNAPSHOT.jar:/home/user/.m2/repository/org/apache/hadoop/hadoop-hdds-docs/0.5.0-SNAPSHOT/hadoop-hdds-docs-0.5.0-SNAPSHOT.jar:/home/user/.m2/repository/io/dropwizard/metrics/metrics-core/3.2.4/metrics-core-3.2.4.jar:/home/user/.m2/repository/org/hamcrest/hamcrest-all/1.3/hamcrest-all-1.3.jar:/home/user/.m2/repository/org/bouncycastle/bcprov-jdk15on/1.60/bcprov-jdk15on-1.60.jar:/home/user/.m2/repository/info/picocli/picocli/3.9.6/picocli-3.9.6.jar:/home/user/.m2/repository/com/google/protobuf/protobuf-java/2.5.0/protobuf-java-2.5.0.jar:/home/user/.m2/repository/com/google/guava/guava/11.0.2/guava-11.0.2.jar:/home/user/.m2/repository/org/apache/hadoop/hadoop-ozone-ozone-manager/0.5.0-SNAPSHOT/hadoop-ozone-ozone-manager-0.5.0-SNAPSHOT.jar:/home/user/.m2/repository/org/apache/hadoop/hadoop-minikdc/3.2.0/hadoop-minikdc-3.2.0.jar:/home/user/.m2/repository/commons-io/commons-io/2.5/commons-io-2.5.jar:/home/user/.m2/repository/org/apache/kerby/kerb-simplekdc/1.0.1/kerb-simplekdc-1.0.1.jar:/home/user/.m2/repository/org/apache/kerby/kerb-client/1.0.1/kerb-client-1.0.1.jar:/home/user/.m2/repository/org/apache/kerby/kerby-config/1.0.1/kerby-config-1.0.1.jar:/home/user/.m2/repository/org/apache/kerby/kerb-core/1.0.1/kerb-core-1.0.1.jar:/home/user/.m2/repository/org/apache/kerby/kerby-pkix/1.0.1/kerby-pkix-1.0.1.jar:/home/user/.m2/repository/org/apache/kerby/kerby-asn1/1.0.1/kerby-asn1-1.0.1.jar:/home/user/.m2/repository/org/apache/kerby/kerby-util/1.0.1/kerby-util-1.0.1.jar:/home/user/.m2/repository/org/apache/kerby/kerb-common/1.0.1/kerb-common-1.0.1.jar:/home/user/.m2/repository/org/apache/kerby/kerb-crypto/1.0.1/kerb-crypto-1.0.1.jar:/home/user/.m2/repository/org/apache/kerby/kerb-util/1.0.1/kerb-util-1.0.1.jar:/home/user/.m2/repository/org/apache/kerby/token-provider/1.0.1/token-provider-1.0.1.jar:/home/user/.m2/repository/org/apache/kerby/kerb-admin/1.0.1/kerb-admin-1.0.1.jar:/home/user/.m2/repository/org/apache/kerby/kerb-server/1.0.1/kerb-server-1.0.1.jar:/home/user/.m2/repository/org/apache/kerby/kerb-identity/1.0.1/kerb-identity-1.0.1.jar:/home/user/.m2/repository/org/apache/kerby/kerby-xdr/1.0.1/kerby-xdr-1.0.1.jar:/home/user/.m2/repository/org/slf4j/slf4j-log4j12/1.7.25/slf4j-log4j12-1.7.25.jar:/home/user/.m2/repository/org/apache/hadoop/hadoop-ozone-objectstore-service/0.5.0-SNAPSHOT/hadoop-ozone-objectstore-service-0.5.0-SNAPSHOT.jar:/home/user/.m2/repository/org/apache/hadoop/hadoop-ozone-s3gateway/0.5.0-SNAPSHOT/hadoop-ozone-s3gateway-0.5.0-SNAPSHOT.jar:/home/user/.m2/repository/org/jboss/weld/servlet/weld-servlet/2.4.7.Final/weld-servlet-2.4.7.Final.jar:/home/user/.m2/repository/org/glassfish/jersey/containers/jersey-container-servlet-core/2.27/jersey-container-servlet-core-2.27.jar:/home/user/.m2/repository/org/glassfish/hk2/external/javax.inject/2.5.0-b42/javax.inject-2.5.0-b42.jar:/home/user/.m2/repository/org/glassfish/jersey/core/jersey-common/2.27/jersey-common-2.27.jar:/home/user/.m2/repository/org/glassfish/hk2/osgi-resource-locator/1.0.1/osgi-resource-locator-1.0.1.jar:/home/user/.m2/repository/javax/ws/rs/javax.ws.rs-api/2.1/javax.ws.rs-api-2.1.jar:/home/user/.m2/repository/org/glassfish/jersey/ext/cdi/jersey-cdi1x/2.27/jersey-cdi1x-2.27.jar:/home/user/.m2/repository/org/glassfish/jersey/inject/jersey-hk2/2.27/jersey-hk2-2.27.jar:/home/user/.m2/repository/org/glassfish/hk2/hk2-locator/2.5.0-b42/hk2-locator-2.5.0-b42.jar:/home/user/.m2/repository/org/javassist/javassist/3.22.0-CR2/javassist-3.22.0-CR2.jar:/home/user/.m2/repository/org/glassfish/hk2/hk2-api/2.5.0/hk2-api-2.5.0.jar:/home/user/.m2/repository/org/glassfish/hk2/external/jakarta.inject/2.5.0/jakarta.inject-2.5.0.jar:/home/user/.m2/repository/org/glassfish/hk2/hk2-utils/2.5.0/hk2-utils-2.5.0.jar:/home/user/.m2/repository/jakarta/annotation/jakarta.annotation-api/1.3.4/jakarta.annotation-api-1.3.4.jar:/home/user/.m2/repository/org/glassfish/hk2/external/aopalliance-repackaged/2.5.0/aopalliance-repackaged-2.5.0.jar:/home/user/.m2/repository/com/fasterxml/jackson/dataformat/jackson-dataformat-xml/2.9.0/jackson-dataformat-xml-2.9.0.jar:/home/user/.m2/repository/com/fasterxml/jackson/core/jackson-core/2.9.5/jackson-core-2.9.5.jar:/home/user/.m2/repository/com/fasterxml/jackson/module/jackson-module-jaxb-annotations/2.9.5/jackson-module-jaxb-annotations-2.9.5.jar:/home/user/.m2/repository/javax/enterprise/cdi-api/1.2/cdi-api-1.2.jar:/home/user/.m2/repository/javax/el/javax.el-api/3.0.0/javax.el-api-3.0.0.jar:/home/user/.m2/repository/javax/interceptor/javax.interceptor-api/1.2/javax.interceptor-api-1.2.jar:/home/user/.m2/repository/javax/inject/javax.inject/1/javax.inject-1.jar:/home/user/.m2/repository/com/sun/xml/bind/jaxb-impl/2.3.0.1/jaxb-impl-2.3.0.1.jar:/home/user/.m2/repository/com/sun/xml/bind/jaxb-core/2.3.0.1/jaxb-core-2.3.0.1.jar:/home/user/.m2/repository/javax/xml/bind/jaxb-api/2.3.0/jaxb-api-2.3.0.jar:/home/user/.m2/repository/javax/activation/activation/1.1.1/activation-1.1.1.jar:/home/user/.m2/repository/org/apache/hadoop/hadoop-ozone-csi/0.5.0-SNAPSHOT/hadoop-ozone-csi-0.5.0-SNAPSHOT.jar:/home/user/.m2/repository/com/google/protobuf/protobuf-java-util/3.5.1/protobuf-java-util-3.5.1.jar:/home/user/.m2/repository/org/apache/hadoop/hadoop-hdds-config/0.5.0-SNAPSHOT/hadoop-hdds-config-0.5.0-SNAPSHOT.jar:/home/user/.m2/repository/io/grpc/grpc-netty/1.17.1/grpc-netty-1.17.1.jar:/home/user/.m2/repository/io/grpc/grpc-core/1.17.1/grpc-core-1.17.1.jar:/home/user/.m2/repository/io/grpc/grpc-context/1.17.1/grpc-context-1.17.1.jar:/home/user/.m2/repository/com/google/errorprone/error_prone_annotations/2.2.0/error_prone_annotations-2.2.0.jar:/home/user/.m2/repository/org/codehaus/mojo/animal-sniffer-annotations/1.17/animal-sniffer-annotations-1.17.jar:/home/user/.m2/repository/io/opencensus/opencensus-api/0.17.0/opencensus-api-0.17.0.jar:/home/user/.m2/repository/io/opencensus/opencensus-contrib-grpc-metrics/0.17.0/opencensus-contrib-grpc-metrics-0.17.0.jar:/home/user/.m2/repository/io/netty/netty-codec-http2/4.1.30.Final/netty-codec-http2-4.1.30.Final.jar:/home/user/.m2/repository/io/netty/netty-codec-http/4.1.30.Final/netty-codec-http-4.1.30.Final.jar:/home/user/.m2/repository/io/netty/netty-codec/4.1.30.Final/netty-codec-4.1.30.Final.jar:/home/user/.m2/repository/io/netty/netty-handler/4.1.30.Final/netty-handler-4.1.30.Final.jar:/home/user/.m2/repository/io/netty/netty-handler-proxy/4.1.30.Final/netty-handler-proxy-4.1.30.Final.jar:/home/user/.m2/repository/io/netty/netty-codec-socks/4.1.30.Final/netty-codec-socks-4.1.30.Final.jar:/home/user/.m2/repository/io/netty/netty-transport-native-epoll/4.1.30.Final/netty-transport-native-epoll-4.1.30.Final.jar:/home/user/.m2/repository/io/netty/netty-common/4.1.30.Final/netty-common-4.1.30.Final.jar:/home/user/.m2/repository/io/netty/netty-buffer/4.1.30.Final/netty-buffer-4.1.30.Final.jar:/home/user/.m2/repository/io/netty/netty-transport/4.1.30.Final/netty-transport-4.1.30.Final.jar:/home/user/.m2/repository/io/netty/netty-resolver/4.1.30.Final/netty-resolver-4.1.30.Final.jar:/home/user/.m2/repository/io/netty/netty-transport-native-unix-common/4.1.30.Final/netty-transport-native-unix-common-4.1.30.Final.jar:/home/user/.m2/repository/io/grpc/grpc-protobuf/1.17.1/grpc-protobuf-1.17.1.jar:/home/user/.m2/repository/com/google/api/grpc/proto-google-common-protos/1.0.0/proto-google-common-protos-1.0.0.jar:/home/user/.m2/repository/io/grpc/grpc-protobuf-lite/1.17.1/grpc-protobuf-lite-1.17.1.jar:/home/user/.m2/repository/io/grpc/grpc-stub/1.17.1/grpc-stub-1.17.1.jar:/home/user/.m2/repository/org/apache/hadoop/hadoop-ozone-recon/0.5.0-SNAPSHOT/hadoop-ozone-recon-0.5.0-SNAPSHOT.jar:/home/user/.m2/repository/org/apache/hadoop/hadoop-ozone-reconcodegen/0.5.0-SNAPSHOT/hadoop-ozone-reconcodegen-0.5.0-SNAPSHOT.jar:/home/user/.m2/repository/com/google/inject/extensions/guice-multibindings/4.0/guice-multibindings-4.0.jar:/home/user/.m2/repository/com/google/inject/guice/4.0/guice-4.0.jar:/home/user/.m2/repository/aopalliance/aopalliance/1.0/aopalliance-1.0.jar:/home/user/.m2/repository/com/google/inject/extensions/guice-servlet/4.0/guice-servlet-4.0.jar:/home/user/.m2/repository/org/glassfish/jersey/containers/jersey-container-servlet/2.27/jersey-container-servlet-2.27.jar:/home/user/.m2/repository/org/glassfish/hk2/guice-bridge/2.5.0/guice-bridge-2.5.0.jar:/home/user/.m2/repository/org/glassfish/jersey/core/jersey-server/2.27/jersey-server-2.27.jar:/home/user/.m2/repository/org/glassfish/jersey/core/jersey-client/2.27/jersey-client-2.27.jar:/home/user/.m2/repository/org/glassfish/jersey/media/jersey-media-jaxb/2.27/jersey-media-jaxb-2.27.jar:/home/user/.m2/repository/javax/validation/validation-api/1.1.0.Final/validation-api-1.1.0.Final.jar:/home/user/.m2/repository/org/glassfish/jersey/media/jersey-media-json-jackson/2.27/jersey-media-json-jackson-2.27.jar:/home/user/.m2/repository/org/glassfish/jersey/ext/jersey-entity-filtering/2.27/jersey-entity-filtering-2.27.jar:/home/user/.m2/repository/com/google/inject/extensions/guice-assistedinject/4.0/guice-assistedinject-4.0.jar:/home/user/.m2/repository/org/jooq/jooq/3.11.10/jooq-3.11.10.jar:/home/user/.m2/repository/org/jooq/jooq-meta/3.11.10/jooq-meta-3.11.10.jar:/home/user/.m2/repository/org/jooq/jooq-codegen/3.11.10/jooq-codegen-3.11.10.jar:/home/user/.m2/repository/com/jolbox/bonecp/0.8.0.RELEASE/bonecp-0.8.0.RELEASE.jar:/home/user/.m2/repository/org/xerial/sqlite-jdbc/3.25.2/sqlite-jdbc-3.25.2.jar:/home/user/.m2/repository/org/springframework/spring-jdbc/5.1.3.RELEASE/spring-jdbc-5.1.3.RELEASE.jar:/home/user/.m2/repository/org/springframework/spring-beans/5.1.3.RELEASE/spring-beans-5.1.3.RELEASE.jar:/home/user/.m2/repository/org/springframework/spring-core/5.1.3.RELEASE/spring-core-5.1.3.RELEASE.jar:/home/user/.m2/repository/org/springframework/spring-jcl/5.1.3.RELEASE/spring-jcl-5.1.3.RELEASE.jar:/home/user/.m2/repository/org/springframework/spring-tx/5.1.3.RELEASE/spring-tx-5.1.3.RELEASE.jar:/home/user/.m2/repository/org/apache/hadoop/hadoop-ozone-client/0.5.0-SNAPSHOT/hadoop-ozone-client-0.5.0-SNAPSHOT.jar:/home/user/.m2/repository/commons-lang/commons-lang/2.6/commons-lang-2.6.jar:/home/user/.m2/repository/org/apache/hadoop/hadoop-ozone-ozone-manager/0.5.0-SNAPSHOT/hadoop-ozone-ozone-manager-0.5.0-SNAPSHOT-tests.jar:/home/user/.m2/repository/junit/junit/4.11/junit-4.11.jar:/home/user/.m2/repository/org/hamcrest/hamcrest-core/1.3/hamcrest-core-1.3.jar:/home/user/.m2/repository/org/openjdk/jmh/jmh-core/1.19/jmh-core-1.19.jar:/home/user/.m2/repository/net/sf/jopt-simple/jopt-simple/4.6/jopt-simple-4.6.jar:/home/user/.m2/repository/org/apache/commons/commons-math3/3.1.1/commons-math3-3.1.1.jar:/home/user/.m2/repository/org/openjdk/jmh/jmh-generator-annprocess/1.19/jmh-generator-annprocess-1.19.jar:/home/user/.m2/repository/org/mockito/mockito-all/1.8.5/mockito-all-1.8.5.jar:/home/user/.m2/repository/org/apache/hadoop/hadoop-kms/3.2.0/hadoop-kms-3.2.0.jar:/home/user/.m2/repository/org/apache/hadoop/hadoop-auth/3.2.0/hadoop-auth-3.2.0.jar:/home/user/.m2/repository/com/nimbusds/nimbus-jose-jwt/4.41.1/nimbus-jose-jwt-4.41.1.jar:/home/user/.m2/repository/com/github/stephenc/jcip/jcip-annotations/1.0-1/jcip-annotations-1.0-1.jar:/home/user/.m2/repository/net/minidev/json-smart/2.3/json-smart-2.3.jar:/home/user/.m2/repository/net/minidev/accessors-smart/1.2/accessors-smart-1.2.jar:/home/user/.m2/repository/org/ow2/asm/asm/5.0.4/asm-5.0.4.jar:/home/user/.m2/repository/org/apache/curator/curator-framework/2.12.0/curator-framework-2.12.0.jar:/home/user/.m2/repository/com/sun/jersey/jersey-core/1.19/jersey-core-1.19.jar:/home/user/.m2/repository/javax/ws/rs/jsr311-api/1.1.1/jsr311-api-1.1.1.jar:/home/user/.m2/repository/com/sun/jersey/jersey-server/1.19/jersey-server-1.19.jar:/home/user/.m2/repository/javax/servlet/javax.servlet-api/3.1.0/javax.servlet-api-3.1.0.jar:/home/user/.m2/repository/org/eclipse/jetty/jetty-server/9.3.24.v20180605/jetty-server-9.3.24.v20180605.jar:/home/user/.m2/repository/org/eclipse/jetty/jetty-http/9.3.24.v20180605/jetty-http-9.3.24.v20180605.jar:/home/user/.m2/repository/org/eclipse/jetty/jetty-io/9.3.24.v20180605/jetty-io-9.3.24.v20180605.jar:/home/user/.m2/repository/org/eclipse/jetty/jetty-webapp/9.3.24.v20180605/jetty-webapp-9.3.24.v20180605.jar:/home/user/.m2/repository/org/eclipse/jetty/jetty-xml/9.3.24.v20180605/jetty-xml-9.3.24.v20180605.jar:/home/user/.m2/repository/log4j/log4j/1.2.17/log4j-1.2.17.jar:/home/user/.m2/repository/org/slf4j/slf4j-api/1.7.25/slf4j-api-1.7.25.jar:/home/user/.m2/repository/org/slf4j/jul-to-slf4j/1.7.25/jul-to-slf4j-1.7.25.jar:/home/user/.m2/repository/org/eclipse/jetty/jetty-util/9.3.24.v20180605/jetty-util-9.3.24.v20180605.jar:/home/user/.m2/repository/com/fasterxml/jackson/core/jackson-databind/2.9.5/jackson-databind-2.9.5.jar:/home/user/.m2/repository/org/apache/hadoop/hadoop-kms/3.2.0/hadoop-kms-3.2.0-tests.jar:/home/user/.m2/repository/org/apache/hadoop/hadoop-hdds-server-scm/0.5.0-SNAPSHOT/hadoop-hdds-server-scm-0.5.0-SNAPSHOT-tests.jar:/home/user/.m2/repository/org/apache/hadoop/hadoop-hdds-container-service/0.5.0-SNAPSHOT/hadoop-hdds-container-service-0.5.0-SNAPSHOT-tests.jar:/home/user/.m2/repository/org/yaml/snakeyaml/1.16/snakeyaml-1.16.jar:/home/user/.m2/repository/org/apache/hadoop/hadoop-common/3.2.0/hadoop-common-3.2.0-tests.jar:/home/user/.m2/repository/org/apache/hadoop/hadoop-annotations/3.2.0/hadoop-annotations-3.2.0.jar:/usr/lib/jvm/java-1.8-openjdk/jre/../lib/tools.jar:/home/user/.m2/repository/commons-cli/commons-cli/1.2/commons-cli-1.2.jar:/home/user/.m2/repository/org/apache/httpcomponents/httpclient/4.5.2/httpclient-4.5.2.jar:/home/user/.m2/repository/org/apache/httpcomponents/httpcore/4.4.4/httpcore-4.4.4.jar:/home/user/.m2/repository/commons-codec/commons-codec/1.11/commons-codec-1.11.jar:/home/user/.m2/repository/commons-net/commons-net/3.6/commons-net-3.6.jar:/home/user/.m2/repository/commons-collections/commons-collections/3.2.2/commons-collections-3.2.2.jar:/home/user/.m2/repository/org/eclipse/jetty/jetty-servlet/9.3.24.v20180605/jetty-servlet-9.3.24.v20180605.jar:/home/user/.m2/repository/org/eclipse/jetty/jetty-security/9.3.24.v20180605/jetty-security-9.3.24.v20180605.jar:/home/user/.m2/repository/javax/servlet/jsp/jsp-api/2.1/jsp-api-2.1.jar:/home/user/.m2/repository/com/sun/jersey/jersey-servlet/1.19/jersey-servlet-1.19.jar:/home/user/.m2/repository/com/sun/jersey/jersey-json/1.19/jersey-json-1.19.jar:/home/user/.m2/repository/org/codehaus/jettison/jettison/1.1/jettison-1.1.jar:/home/user/.m2/repository/org/codehaus/jackson/jackson-core-asl/1.9.13/jackson-core-asl-1.9.13.jar:/home/user/.m2/repository/org/codehaus/jackson/jackson-mapper-asl/1.9.13/jackson-mapper-asl-1.9.13.jar:/home/user/.m2/repository/org/codehaus/jackson/jackson-jaxrs/1.9.13/jackson-jaxrs-1.9.13.jar:/home/user/.m2/repository/org/codehaus/jackson/jackson-xc/1.9.13/jackson-xc-1.9.13.jar:/home/user/.m2/repository/commons-logging/commons-logging/1.1.3/commons-logging-1.1.3.jar:/home/user/.m2/repository/commons-beanutils/commons-beanutils/1.9.3/commons-beanutils-1.9.3.jar:/home/user/.m2/repository/org/apache/commons/commons-configuration2/2.1.1/commons-configuration2-2.1.1.jar:/home/user/.m2/repository/org/apache/commons/commons-lang3/3.7/commons-lang3-3.7.jar:/home/user/.m2/repository/org/apache/commons/commons-text/1.4/commons-text-1.4.jar:/home/user/.m2/repository/org/apache/avro/avro/1.7.7/avro-1.7.7.jar:/home/user/.m2/repository/com/thoughtworks/paranamer/paranamer/2.3/paranamer-2.3.jar:/home/user/.m2/repository/org/xerial/snappy/snappy-java/1.0.5/snappy-java-1.0.5.jar:/home/user/.m2/repository/com/google/re2j/re2j/1.1/re2j-1.1.jar:/home/user/.m2/repository/com/google/code/gson/gson/2.2.4/gson-2.2.4.jar:/home/user/.m2/repository/com/jcraft/jsch/0.1.54/jsch-0.1.54.jar:/home/user/.m2/repository/org/apache/curator/curator-client/2.12.0/curator-client-2.12.0.jar:/home/user/.m2/repository/org/apache/curator/curator-recipes/2.12.0/curator-recipes-2.12.0.jar:/home/user/.m2/repository/com/google/code/findbugs/jsr305/3.0.0/jsr305-3.0.0.jar:/home/user/.m2/repository/org/apache/htrace/htrace-core4/4.1.0-incubating/htrace-core4-4.1.0-incubating.jar:/home/user/.m2/repository/org/apache/zookeeper/zookeeper/3.4.13/zookeeper-3.4.13.jar:/home/user/.m2/repository/org/apache/yetus/audience-annotations/0.5.0/audience-annotations-0.5.0.jar:/home/user/.m2/repository/org/codehaus/woodstox/stax2-api/3.1.4/stax2-api-3.1.4.jar:/home/user/.m2/repository/com/fasterxml/woodstox/woodstox-core/5.0.3/woodstox-core-5.0.3.jar:/home/user/.m2/repository/dnsjava/dnsjava/2.1.7/dnsjava-2.1.7.jar:/home/user/.m2/repository/org/apache/hadoop/hadoop-hdfs/3.2.0/hadoop-hdfs-3.2.0-tests.jar:/home/user/.m2/repository/org/eclipse/jetty/jetty-util-ajax/9.3.24.v20180605/jetty-util-ajax-9.3.24.v20180605.jar:/home/user/.m2/repository/commons-daemon/commons-daemon/1.0.13/commons-daemon-1.0.13.jar:/home/user/.m2/repository/io/netty/netty/3.10.5.Final/netty-3.10.5.Final.jar:/home/user/.m2/repository/io/netty/netty-all/4.0.52.Final/netty-all-4.0.52.Final.jar:/home/user/.m2/repository/org/fusesource/leveldbjni/leveldbjni-all/1.8/leveldbjni-all-1.8.jar:"/>
    <property name="sun.cpu.endian" value="little"/>
    <property name="user.home" value="/home/user"/>
    <property name="user.language" value="en"/>
    <property name="java.specification.vendor" value="Oracle Corporation"/>
    <property name="java.home" value="/usr/lib/jvm/java-1.8-openjdk/jre"/>
    <property name="java.security.krb5.conf" value="/tmp/workdir/hadoop-ozone/integration-test/target/test-classes/krb5.conf"/>
    <property name="basedir" value="/tmp/workdir/hadoop-ozone/integration-test"/>
    <property name="file.separator" value="/"/>
    <property name="line.separator" value="&#10;"/>
    <property name="java.vm.specification.vendor" value="Oracle Corporation"/>
    <property name="java.specification.name" value="Java Platform API Specification"/>
    <property name="java.awt.graphicsenv" value="sun.awt.X11GraphicsEnvironment"/>
    <property name="surefire.real.class.path" value="/tmp/workdir/hadoop-ozone/integration-test/target/surefire/surefirebooter499988239026252926.jar"/>
    <property name="hadoop.log.dir" value="/tmp/workdir/hadoop-ozone/integration-test/target/log"/>
    <property name="sun.boot.class.path" value="/usr/lib/jvm/java-1.8-openjdk/jre/lib/resources.jar:/usr/lib/jvm/java-1.8-openjdk/jre/lib/rt.jar:/usr/lib/jvm/java-1.8-openjdk/jre/lib/sunrsasign.jar:/usr/lib/jvm/java-1.8-openjdk/jre/lib/jsse.jar:/usr/lib/jvm/java-1.8-openjdk/jre/lib/jce.jar:/usr/lib/jvm/java-1.8-openjdk/jre/lib/charsets.jar:/usr/lib/jvm/java-1.8-openjdk/jre/lib/jfr.jar:/usr/lib/jvm/java-1.8-openjdk/jre/classes"/>
    <property name="sun.management.compiler" value="HotSpot 64-Bit Tiered Compilers"/>
    <property name="java.runtime.version" value="1.8.0_212-b04"/>
    <property name="java.net.preferIPv4Stack" value="true"/>
    <property name="user.name" value="jenkins1000"/>
    <property name="path.separator" value=":"/>
    <property name="java.security.egd" value="file:///dev/urandom"/>
    <property name="os.version" value="3.10.0-957.12.2.el7.x86_64"/>
    <property name="java.endorsed.dirs" value="/usr/lib/jvm/java-1.8-openjdk/jre/lib/endorsed"/>
    <property name="java.runtime.name" value="OpenJDK Runtime Environment"/>
    <property name="file.encoding" value="UTF-8"/>
    <property name="java.vm.name" value="OpenJDK 64-Bit Server VM"/>
    <property name="test.build.webapps" value=""/>
    <property name="localRepository" value="/home/user/.m2/repository"/>
    <property name="java.vendor.url.bug" value="https://icedtea.classpath.org/bugzilla"/>
    <property name="java.io.tmpdir" value="/tmp"/>
    <property name="require.test.libhadoop" value=""/>
    <property name="java.version" value="1.8.0_212"/>
    <property name="user.dir" value="/tmp/workdir/hadoop-ozone/integration-test"/>
    <property name="os.arch" value="amd64"/>
    <property name="java.vm.specification.name" value="Java Virtual Machine Specification"/>
    <property name="test.build.classes" value="/tmp/workdir/hadoop-ozone/integration-test/target/test-classes"/>
    <property name="java.awt.printerjob" value="sun.print.PSPrinterJob"/>
    <property name="sun.os.patch.level" value="unknown"/>
    <property name="hadoop.tmp.dir" value="/tmp/workdir/hadoop-ozone/integration-test/target/tmp"/>
    <property name="java.library.path" value="/usr/lib/jvm/java-1.8-openjdk/jre/lib/amd64/server:/usr/lib/jvm/java-1.8-openjdk/jre/lib/amd64:/usr/lib/jvm/java-1.8-openjdk/jre/../lib/amd64:/tmp/workdir/hadoop-ozone/integration-test/target/native/target/usr/local/lib:/tmp/workdir/hadoop-ozone/integration-test/../../hadoop-common-project/hadoop-common/target/native/target/usr/local/lib:/usr/java/packages/lib/amd64:/usr/lib64:/lib64:/lib:/usr/lib"/>
    <property name="java.vm.info" value="mixed mode"/>
    <property name="java.vendor" value="IcedTea"/>
    <property name="java.vm.version" value="25.212-b04"/>
    <property name="java.ext.dirs" value="/usr/lib/jvm/java-1.8-openjdk/jre/lib/ext:/usr/java/packages/lib/ext"/>
    <property name="sun.io.unicode.encoding" value="UnicodeLittle"/>
    <property name="java.class.version" value="52.0"/>
  </properties>
  <testcase name="testPutKeyAndGetKeyThreeNodes" classname="org.apache.hadoop.ozone.client.rpc.TestReadRetries" time="11.558">
    <error message="Unexpected OzoneException: java.io.IOException: java.util.concurrent.ExecutionException: org.apache.ratis.thirdparty.io.grpc.StatusRuntimeException: UNAVAILABLE: io exception" type="java.io.IOException">java.io.IOException: Unexpected OzoneException: java.io.IOException: java.util.concurrent.ExecutionException: org.apache.ratis.thirdparty.io.grpc.StatusRuntimeException: UNAVAILABLE: io exception
	at org.apache.hadoop.hdds.scm.storage.ChunkInputStream.readChunk(ChunkInputStream.java:342)
	at org.apache.hadoop.hdds.scm.storage.ChunkInputStream.readChunkFromContainer(ChunkInputStream.java:307)
	at org.apache.hadoop.hdds.scm.storage.ChunkInputStream.prepareRead(ChunkInputStream.java:259)
	at org.apache.hadoop.hdds.scm.storage.ChunkInputStream.read(ChunkInputStream.java:144)
	at org.apache.hadoop.hdds.scm.storage.BlockInputStream.read(BlockInputStream.java:239)
	at org.apache.hadoop.ozone.client.io.KeyInputStream.read(KeyInputStream.java:171)
	at org.apache.hadoop.ozone.client.io.OzoneInputStream.read(OzoneInputStream.java:47)
	at java.io.InputStream.read(InputStream.java:101)
	at org.apache.hadoop.ozone.client.rpc.TestReadRetries.readKey(TestReadRetries.java:219)
	at org.apache.hadoop.ozone.client.rpc.TestReadRetries.testPutKeyAndGetKeyThreeNodes(TestReadRetries.java:184)
	at sun.reflect.NativeMethodAccessorImpl.invoke0(Native Method)
	at sun.reflect.NativeMethodAccessorImpl.invoke(NativeMethodAccessorImpl.java:62)
	at sun.reflect.DelegatingMethodAccessorImpl.invoke(DelegatingMethodAccessorImpl.java:43)
	at java.lang.reflect.Method.invoke(Method.java:498)
	at org.junit.runners.model.FrameworkMethod$1.runReflectiveCall(FrameworkMethod.java:47)
	at org.junit.internal.runners.model.ReflectiveCallable.run(ReflectiveCallable.java:12)
	at org.junit.runners.model.FrameworkMethod.invokeExplosively(FrameworkMethod.java:44)
	at org.junit.internal.runners.statements.InvokeMethod.evaluate(InvokeMethod.java:17)
	at org.junit.rules.ExpectedException$ExpectedExceptionStatement.evaluate(ExpectedException.java:168)
	at org.junit.rules.RunRules.evaluate(RunRules.java:20)
	at org.junit.runners.ParentRunner.runLeaf(ParentRunner.java:271)
	at org.junit.runners.BlockJUnit4ClassRunner.runChild(BlockJUnit4ClassRunner.java:70)
	at org.junit.runners.BlockJUnit4ClassRunner.runChild(BlockJUnit4ClassRunner.java:50)
	at org.junit.runners.ParentRunner$3.run(ParentRunner.java:238)
	at org.junit.runners.ParentRunner$1.schedule(ParentRunner.java:63)
	at org.junit.runners.ParentRunner.runChildren(ParentRunner.java:236)
	at org.junit.runners.ParentRunner.access$000(ParentRunner.java:53)
	at org.junit.runners.ParentRunner$2.evaluate(ParentRunner.java:229)
	at org.junit.internal.runners.statements.RunBefores.evaluate(RunBefores.java:26)
	at org.junit.internal.runners.statements.RunAfters.evaluate(RunAfters.java:27)
	at org.junit.runners.ParentRunner.run(ParentRunner.java:309)
	at org.apache.maven.surefire.junit4.JUnit4Provider.execute(JUnit4Provider.java:365)
	at org.apache.maven.surefire.junit4.JUnit4Provider.executeWithRerun(JUnit4Provider.java:273)
	at org.apache.maven.surefire.junit4.JUnit4Provider.executeTestSet(JUnit4Provider.java:238)
	at org.apache.maven.surefire.junit4.JUnit4Provider.invoke(JUnit4Provider.java:159)
	at org.apache.maven.surefire.booter.ForkedBooter.invokeProviderInSameClassLoader(ForkedBooter.java:384)
	at org.apache.maven.surefire.booter.ForkedBooter.runSuitesInProcess(ForkedBooter.java:345)
	at org.apache.maven.surefire.booter.ForkedBooter.execute(ForkedBooter.java:126)
	at org.apache.maven.surefire.booter.ForkedBooter.main(ForkedBooter.java:418)
Caused by: java.io.IOException: java.util.concurrent.ExecutionException: org.apache.ratis.thirdparty.io.grpc.StatusRuntimeException: UNAVAILABLE: io exception
	at org.apache.hadoop.hdds.scm.XceiverClientGrpc.sendCommandWithRetry(XceiverClientGrpc.java:295)
	at org.apache.hadoop.hdds.scm.XceiverClientGrpc.sendCommandWithTraceIDAndRetry(XceiverClientGrpc.java:248)
	at org.apache.hadoop.hdds.scm.XceiverClientGrpc.sendCommand(XceiverClientGrpc.java:231)
	at org.apache.hadoop.hdds.scm.storage.ContainerProtocolCalls.readChunk(ContainerProtocolCalls.java:245)
	at org.apache.hadoop.hdds.scm.storage.ChunkInputStream.readChunk(ChunkInputStream.java:335)
	... 38 more
Caused by: java.util.concurrent.ExecutionException: org.apache.ratis.thirdparty.io.grpc.StatusRuntimeException: UNAVAILABLE: io exception
	at java.util.concurrent.CompletableFuture.reportGet(CompletableFuture.java:357)
	at java.util.concurrent.CompletableFuture.get(CompletableFuture.java:1895)
	at org.apache.hadoop.hdds.scm.XceiverClientGrpc.sendCommandWithRetry(XceiverClientGrpc.java:279)
	... 42 more
Caused by: org.apache.ratis.thirdparty.io.grpc.StatusRuntimeException: UNAVAILABLE: io exception
	at org.apache.ratis.thirdparty.io.grpc.Status.asRuntimeException(Status.java:526)
	at org.apache.ratis.thirdparty.io.grpc.stub.ClientCalls$StreamObserverToCallListenerAdapter.onClose(ClientCalls.java:434)
	at org.apache.ratis.thirdparty.io.grpc.PartialForwardingClientCallListener.onClose(PartialForwardingClientCallListener.java:39)
	at org.apache.ratis.thirdparty.io.grpc.ForwardingClientCallListener.onClose(ForwardingClientCallListener.java:23)
	at org.apache.ratis.thirdparty.io.grpc.ForwardingClientCallListener$SimpleForwardingClientCallListener.onClose(ForwardingClientCallListener.java:40)
	at org.apache.ratis.thirdparty.io.grpc.internal.CensusStatsModule$StatsClientInterceptor$1$1.onClose(CensusStatsModule.java:678)
	at org.apache.ratis.thirdparty.io.grpc.PartialForwardingClientCallListener.onClose(PartialForwardingClientCallListener.java:39)
	at org.apache.ratis.thirdparty.io.grpc.ForwardingClientCallListener.onClose(ForwardingClientCallListener.java:23)
	at org.apache.ratis.thirdparty.io.grpc.ForwardingClientCallListener$SimpleForwardingClientCallListener.onClose(ForwardingClientCallListener.java:40)
	at org.apache.ratis.thirdparty.io.grpc.internal.CensusTracingModule$TracingClientInterceptor$1$1.onClose(CensusTracingModule.java:397)
	at org.apache.ratis.thirdparty.io.grpc.internal.ClientCallImpl.closeObserver(ClientCallImpl.java:459)
	at org.apache.ratis.thirdparty.io.grpc.internal.ClientCallImpl.access$300(ClientCallImpl.java:63)
	at org.apache.ratis.thirdparty.io.grpc.internal.ClientCallImpl$ClientStreamListenerImpl.close(ClientCallImpl.java:546)
	at org.apache.ratis.thirdparty.io.grpc.internal.ClientCallImpl$ClientStreamListenerImpl.access$600(ClientCallImpl.java:467)
	at org.apache.ratis.thirdparty.io.grpc.internal.ClientCallImpl$ClientStreamListenerImpl$1StreamClosed.runInContext(ClientCallImpl.java:584)
	at org.apache.ratis.thirdparty.io.grpc.internal.ContextRunnable.run(ContextRunnable.java:37)
	at org.apache.ratis.thirdparty.io.grpc.internal.SerializingExecutor.run(SerializingExecutor.java:123)
	at java.util.concurrent.ThreadPoolExecutor.runWorker(ThreadPoolExecutor.java:1149)
	at java.util.concurrent.ThreadPoolExecutor$Worker.run(ThreadPoolExecutor.java:624)
	at java.lang.Thread.run(Thread.java:748)
Caused by: org.apache.ratis.thirdparty.io.netty.channel.AbstractChannel$AnnotatedConnectException: Connection refused: /192.168.157.230:44132
	at sun.nio.ch.SocketChannelImpl.checkConnect(Native Method)
	at sun.nio.ch.SocketChannelImpl.finishConnect(SocketChannelImpl.java:717)
	at org.apache.ratis.thirdparty.io.netty.channel.socket.nio.NioSocketChannel.doFinishConnect(NioSocketChannel.java:327)
	at org.apache.ratis.thirdparty.io.netty.channel.nio.AbstractNioChannel$AbstractNioUnsafe.finishConnect(AbstractNioChannel.java:340)
	at org.apache.ratis.thirdparty.io.netty.channel.nio.NioEventLoop.processSelectedKey(NioEventLoop.java:632)
	at org.apache.ratis.thirdparty.io.netty.channel.nio.NioEventLoop.processSelectedKeysOptimized(NioEventLoop.java:579)
	at org.apache.ratis.thirdparty.io.netty.channel.nio.NioEventLoop.processSelectedKeys(NioEventLoop.java:496)
	at org.apache.ratis.thirdparty.io.netty.channel.nio.NioEventLoop.run(NioEventLoop.java:458)
	at org.apache.ratis.thirdparty.io.netty.util.concurrent.SingleThreadEventExecutor$5.run(SingleThreadEventExecutor.java:897)
	at org.apache.ratis.thirdparty.io.netty.util.concurrent.FastThreadLocalRunnable.run(FastThreadLocalRunnable.java:30)
	... 1 more
Caused by: java.net.ConnectException: Connection refused
	... 11 more
</error>
    <system-out><![CDATA[2019-07-14 01:13:35,867 WARN  server.ServerUtils (ServerUtils.java:getScmDbDir(145)) - ozone.scm.db.dirs is not configured. We recommend adding this setting. Falling back to ozone.metadata.dirs instead.
2019-07-14 01:13:35,974 WARN  server.ServerUtils (ServerUtils.java:getScmDbDir(145)) - ozone.scm.db.dirs is not configured. We recommend adding this setting. Falling back to ozone.metadata.dirs instead.
2019-07-14 01:13:35,977 WARN  server.ServerUtils (ServerUtils.java:getScmDbDir(145)) - ozone.scm.db.dirs is not configured. We recommend adding this setting. Falling back to ozone.metadata.dirs instead.
2019-07-14 01:13:35,993 INFO  util.log (Log.java:initialized(192)) - Logging initialized @851ms
2019-07-14 01:13:36,094 INFO  db.DBStoreBuilder (DBStoreBuilder.java:addTable(110)) - using custom profile for table: deletedBlocks
2019-07-14 01:13:36,094 INFO  db.DBStoreBuilder (DBStoreBuilder.java:processTables(161)) - Using default column profile:DBProfile.DISK for Table:deletedBlocks
2019-07-14 01:13:36,094 INFO  db.DBStoreBuilder (DBStoreBuilder.java:addTable(110)) - using custom profile for table: validCerts
2019-07-14 01:13:36,095 INFO  db.DBStoreBuilder (DBStoreBuilder.java:processTables(161)) - Using default column profile:DBProfile.DISK for Table:validCerts
2019-07-14 01:13:36,095 INFO  db.DBStoreBuilder (DBStoreBuilder.java:addTable(110)) - using custom profile for table: revokedCerts
2019-07-14 01:13:36,095 INFO  db.DBStoreBuilder (DBStoreBuilder.java:processTables(161)) - Using default column profile:DBProfile.DISK for Table:revokedCerts
2019-07-14 01:13:36,107 INFO  db.DBStoreBuilder (DBStoreBuilder.java:addTable(110)) - using custom profile for table: default
2019-07-14 01:13:36,107 INFO  db.DBStoreBuilder (DBStoreBuilder.java:processTables(167)) - Using default column profile:DBProfile.DISK for Table:default
2019-07-14 01:13:36,108 INFO  db.DBStoreBuilder (DBStoreBuilder.java:getDbProfile(198)) - Using default options. DBProfile.DISK
2019-07-14 01:13:36,305 INFO  net.NodeSchemaLoader (NodeSchemaLoader.java:loadSchemaFromFile(125)) - Loading file from sun.misc.CompoundEnumeration@59fd97a8
2019-07-14 01:13:36,308 INFO  net.NodeSchemaLoader (NodeSchemaLoader.java:loadSchema(171)) - Loading network topology layer schema file
2019-07-14 01:13:36,393 WARN  server.ServerUtils (ServerUtils.java:sanitizeUserArgs(70)) - ozone.scm.stale.node.interval value = 300000 is larger than max = 100000 based on the key value of ozone.scm.heartbeat.thread.interval, reset to the max value 100000.
2019-07-14 01:13:36,395 WARN  server.ServerUtils (ServerUtils.java:sanitizeUserArgs(70)) - ozone.scm.stale.node.interval value = 300000 is larger than max = 100000 based on the key value of ozone.scm.heartbeat.thread.interval, reset to the max value 100000.
2019-07-14 01:13:36,397 INFO  node.SCMNodeManager (SCMNodeManager.java:<init>(119)) - Entering startup safe mode.
2019-07-14 01:13:36,480 WARN  server.ServerUtils (ServerUtils.java:getScmDbDir(145)) - ozone.scm.db.dirs is not configured. We recommend adding this setting. Falling back to ozone.metadata.dirs instead.
2019-07-14 01:13:36,541 INFO  pipeline.SCMPipelineManager (SCMPipelineManager.java:initializePipelineState(126)) - No pipeline exists in current db
2019-07-14 01:13:36,544 WARN  server.ServerUtils (ServerUtils.java:getScmDbDir(145)) - ozone.scm.db.dirs is not configured. We recommend adding this setting. Falling back to ozone.metadata.dirs instead.
2019-07-14 01:13:36,655 WARN  events.EventQueue (EventQueue.java:fireEvent(175)) - No event handler registered for event TypedEvent{payloadType=SafeModeStatus, name='SafeModeStatus'}
2019-07-14 01:13:36,985 INFO  ipc.CallQueueManager (CallQueueManager.java:<init>(84)) - Using callQueue: class java.util.concurrent.LinkedBlockingQueue, queueCapacity: 2000, scheduler: class org.apache.hadoop.ipc.DefaultRpcScheduler, ipcBackoff: false.
2019-07-14 01:13:37,011 INFO  ipc.Server (Server.java:run(1074)) - Starting Socket Reader #1 for port 36592
2019-07-14 01:13:37,035 INFO  ipc.CallQueueManager (CallQueueManager.java:<init>(84)) - Using callQueue: class java.util.concurrent.LinkedBlockingQueue, queueCapacity: 2000, scheduler: class org.apache.hadoop.ipc.DefaultRpcScheduler, ipcBackoff: false.
2019-07-14 01:13:37,036 INFO  ipc.Server (Server.java:run(1074)) - Starting Socket Reader #1 for port 39248
2019-07-14 01:13:37,042 INFO  ipc.CallQueueManager (CallQueueManager.java:<init>(84)) - Using callQueue: class java.util.concurrent.LinkedBlockingQueue, queueCapacity: 2000, scheduler: class org.apache.hadoop.ipc.DefaultRpcScheduler, ipcBackoff: false.
2019-07-14 01:13:37,043 INFO  ipc.Server (Server.java:run(1074)) - Starting Socket Reader #1 for port 39494
2019-07-14 01:13:37,162 INFO  hdfs.DFSUtil (DFSUtil.java:httpServerTemplateForNNAndJN(1641)) - Starting Web-server for scm at: http://0.0.0.0:0
2019-07-14 01:13:37,293 INFO  server.AuthenticationFilter (AuthenticationFilter.java:constructSecretProvider(240)) - Unable to initialize FileSignerSecretProvider, falling back to use random secrets.
2019-07-14 01:13:37,300 WARN  http.HttpRequestLog (HttpRequestLog.java:getRequestLog(97)) - Jetty request log can only be enabled using Log4j
2019-07-14 01:13:37,308 INFO  http.HttpServer2 (HttpServer2.java:addGlobalFilter(975)) - Added global filter 'safety' (class=org.apache.hadoop.http.HttpServer2$QuotingInputFilter)
2019-07-14 01:13:37,311 INFO  http.HttpServer2 (HttpServer2.java:addFilter(948)) - Added filter static_user_filter (class=org.apache.hadoop.http.lib.StaticUserWebFilter$StaticUserFilter) to context scm
2019-07-14 01:13:37,311 INFO  http.HttpServer2 (HttpServer2.java:addFilter(958)) - Added filter static_user_filter (class=org.apache.hadoop.http.lib.StaticUserWebFilter$StaticUserFilter) to context static
2019-07-14 01:13:37,311 INFO  http.HttpServer2 (HttpServer2.java:addFilter(958)) - Added filter static_user_filter (class=org.apache.hadoop.http.lib.StaticUserWebFilter$StaticUserFilter) to context logs
2019-07-14 01:13:37,335 INFO  server.StorageContainerManager (StorageContainerManager.java:start(759)) - StorageContainerLocationProtocol RPC server is listening at /0.0.0.0:39494
2019-07-14 01:13:37,379 WARN  impl.MetricsConfig (MetricsConfig.java:loadFirst(134)) - Cannot locate configuration: tried hadoop-metrics2-storagecontainermanager.properties,hadoop-metrics2.properties
2019-07-14 01:13:37,389 INFO  impl.MetricsSystemImpl (MetricsSystemImpl.java:startTimer(374)) - Scheduled Metric snapshot period at 10 second(s).
2019-07-14 01:13:37,390 INFO  impl.MetricsSystemImpl (MetricsSystemImpl.java:start(191)) - StorageContainerManager metrics system started
2019-07-14 01:13:37,554 INFO  server.SCMClientProtocolServer (SCMClientProtocolServer.java:start(149)) - RPC server for Client  is listening at /0.0.0.0:39494
2019-07-14 01:13:37,555 INFO  ipc.Server (Server.java:run(1314)) - IPC Server Responder: starting
2019-07-14 01:13:37,555 INFO  ipc.Server (Server.java:run(1153)) - IPC Server listener on 39494: starting
2019-07-14 01:13:37,559 INFO  server.StorageContainerManager (StorageContainerManager.java:start(768)) - ScmBlockLocationProtocol RPC server is listening at /0.0.0.0:39248
2019-07-14 01:13:37,559 INFO  server.SCMBlockProtocolServer (SCMBlockProtocolServer.java:start(140)) - RPC server for Block Protocol is listening at /0.0.0.0:39248
2019-07-14 01:13:37,560 INFO  ipc.Server (Server.java:run(1314)) - IPC Server Responder: starting
2019-07-14 01:13:37,560 INFO  ipc.Server (Server.java:run(1153)) - IPC Server listener on 39248: starting
2019-07-14 01:13:37,566 INFO  server.StorageContainerManager (StorageContainerManager.java:start(772)) - ScmDatanodeProtocl RPC server is listening at /0.0.0.0:36592
2019-07-14 01:13:37,566 INFO  server.SCMDatanodeProtocolServer (SCMDatanodeProtocolServer.java:start(191)) - RPC server for DataNodes is listening at /0.0.0.0:36592
2019-07-14 01:13:37,567 INFO  ipc.Server (Server.java:run(1314)) - IPC Server Responder: starting
2019-07-14 01:13:37,568 INFO  ipc.Server (Server.java:run(1153)) - IPC Server listener on 36592: starting
2019-07-14 01:13:37,578 INFO  http.HttpServer2 (HttpServer2.java:bindListener(1191)) - Jetty bound to port 43455
2019-07-14 01:13:37,580 INFO  server.Server (Server.java:doStart(351)) - jetty-9.3.24.v20180605, build timestamp: 2018-06-05T17:11:56Z, git hash: 84205aa28f11a4f31f2a3b86d1bba2cc8ab69827
2019-07-14 01:13:37,612 INFO  handler.ContextHandler (ContextHandler.java:doStart(781)) - Started o.e.j.s.ServletContextHandler@eda25e5{/logs,file:///tmp/workdir/hadoop-ozone/integration-test/target/log,AVAILABLE}
2019-07-14 01:13:37,613 INFO  handler.ContextHandler (ContextHandler.java:doStart(781)) - Started o.e.j.s.ServletContextHandler@623e088f{/static,file:///tmp/workdir/hadoop-ozone/integration-test/target/test-classes/webapps/static,AVAILABLE}
2019-07-14 01:13:37,638 INFO  handler.ContextHandler (ContextHandler.java:doStart(781)) - Started o.e.j.w.WebAppContext@7c041b41{/,file:///tmp/workdir/hadoop-ozone/integration-test/target/test-classes/webapps/scm/,AVAILABLE}{/scm}
2019-07-14 01:13:37,642 INFO  server.AbstractConnector (AbstractConnector.java:doStart(278)) - Started ServerConnector@664a9613{HTTP/1.1,[http/1.1]}{0.0.0.0:43455}
2019-07-14 01:13:37,642 INFO  server.Server (Server.java:doStart(419)) - Started @2499ms
2019-07-14 01:13:37,643 INFO  server.BaseHttpServer (BaseHttpServer.java:updateConnectorAddress(207)) - HTTP server of SCM is listening at http://0.0.0.0:43455
2019-07-14 01:13:37,649 INFO  util.JvmPauseMonitor (JvmPauseMonitor.java:run(188)) - Starting JVM pause monitor
2019-07-14 01:13:37,650 WARN  server.ServerUtils (ServerUtils.java:getDBPath(222)) - ozone.om.db.dirs is not configured. We recommend adding this setting. Falling back to ozone.metadata.dirs instead.
2019-07-14 01:13:37,769 WARN  server.ServerUtils (ServerUtils.java:getDBPath(222)) - ozone.om.db.dirs is not configured. We recommend adding this setting. Falling back to ozone.metadata.dirs instead.
2019-07-14 01:13:37,770 INFO  om.OzoneManager (OzoneManager.java:setOMNodeDetails(630)) - OM Service ID is not set. Setting it to the default ID: omServiceIdDefault
2019-07-14 01:13:37,771 INFO  om.OzoneManager (OzoneManager.java:setOMNodeDetails(636)) - OM Node ID is not set. Setting it to the OmStorage's OmID: f4518af3-ab66-4aaa-8460-e372f7cf16f1
2019-07-14 01:13:37,772 INFO  om.OzoneManager (OzoneManager.java:loadOMHAConfigs(587)) - Found matching OM address with OMServiceId: null, OMNodeId: null, RPC Address: localhost:0 and Ratis port: 9872
2019-07-14 01:13:38,001 WARN  server.ServerUtils (ServerUtils.java:getDBPath(222)) - ozone.om.db.dirs is not configured. We recommend adding this setting. Falling back to ozone.metadata.dirs instead.
2019-07-14 01:13:38,009 INFO  db.DBStoreBuilder (DBStoreBuilder.java:addTable(110)) - using custom profile for table: userTable
2019-07-14 01:13:38,009 INFO  db.DBStoreBuilder (DBStoreBuilder.java:processTables(161)) - Using default column profile:DBProfile.DISK for Table:userTable
2019-07-14 01:13:38,009 INFO  db.DBStoreBuilder (DBStoreBuilder.java:addTable(110)) - using custom profile for table: volumeTable
2019-07-14 01:13:38,009 INFO  db.DBStoreBuilder (DBStoreBuilder.java:processTables(161)) - Using default column profile:DBProfile.DISK for Table:volumeTable
2019-07-14 01:13:38,010 INFO  db.DBStoreBuilder (DBStoreBuilder.java:addTable(110)) - using custom profile for table: bucketTable
2019-07-14 01:13:38,010 INFO  db.DBStoreBuilder (DBStoreBuilder.java:processTables(161)) - Using default column profile:DBProfile.DISK for Table:bucketTable
2019-07-14 01:13:38,010 INFO  db.DBStoreBuilder (DBStoreBuilder.java:addTable(110)) - using custom profile for table: keyTable
2019-07-14 01:13:38,010 INFO  db.DBStoreBuilder (DBStoreBuilder.java:processTables(161)) - Using default column profile:DBProfile.DISK for Table:keyTable
2019-07-14 01:13:38,011 INFO  db.DBStoreBuilder (DBStoreBuilder.java:addTable(110)) - using custom profile for table: deletedTable
2019-07-14 01:13:38,011 INFO  db.DBStoreBuilder (DBStoreBuilder.java:processTables(161)) - Using default column profile:DBProfile.DISK for Table:deletedTable
2019-07-14 01:13:38,011 INFO  db.DBStoreBuilder (DBStoreBuilder.java:addTable(110)) - using custom profile for table: openKeyTable
2019-07-14 01:13:38,011 INFO  db.DBStoreBuilder (DBStoreBuilder.java:processTables(161)) - Using default column profile:DBProfile.DISK for Table:openKeyTable
2019-07-14 01:13:38,012 INFO  db.DBStoreBuilder (DBStoreBuilder.java:addTable(110)) - using custom profile for table: s3Table
2019-07-14 01:13:38,012 INFO  db.DBStoreBuilder (DBStoreBuilder.java:processTables(161)) - Using default column profile:DBProfile.DISK for Table:s3Table
2019-07-14 01:13:38,012 INFO  db.DBStoreBuilder (DBStoreBuilder.java:addTable(110)) - using custom profile for table: multipartInfoTable
2019-07-14 01:13:38,012 INFO  db.DBStoreBuilder (DBStoreBuilder.java:processTables(161)) - Using default column profile:DBProfile.DISK for Table:multipartInfoTable
2019-07-14 01:13:38,013 INFO  db.DBStoreBuilder (DBStoreBuilder.java:addTable(110)) - using custom profile for table: dTokenTable
2019-07-14 01:13:38,013 INFO  db.DBStoreBuilder (DBStoreBuilder.java:processTables(161)) - Using default column profile:DBProfile.DISK for Table:dTokenTable
2019-07-14 01:13:38,013 INFO  db.DBStoreBuilder (DBStoreBuilder.java:addTable(110)) - using custom profile for table: s3SecretTable
2019-07-14 01:13:38,013 INFO  db.DBStoreBuilder (DBStoreBuilder.java:processTables(161)) - Using default column profile:DBProfile.DISK for Table:s3SecretTable
2019-07-14 01:13:38,014 INFO  db.DBStoreBuilder (DBStoreBuilder.java:addTable(110)) - using custom profile for table: prefixTable
2019-07-14 01:13:38,014 INFO  db.DBStoreBuilder (DBStoreBuilder.java:processTables(161)) - Using default column profile:DBProfile.DISK for Table:prefixTable
2019-07-14 01:13:38,014 INFO  db.DBStoreBuilder (DBStoreBuilder.java:addTable(110)) - using custom profile for table: default
2019-07-14 01:13:38,014 INFO  db.DBStoreBuilder (DBStoreBuilder.java:processTables(167)) - Using default column profile:DBProfile.DISK for Table:default
2019-07-14 01:13:38,014 INFO  db.DBStoreBuilder (DBStoreBuilder.java:getDbProfile(198)) - Using default options. DBProfile.DISK
2019-07-14 01:13:38,981 INFO  ipc.CallQueueManager (CallQueueManager.java:<init>(84)) - Using callQueue: class java.util.concurrent.LinkedBlockingQueue, queueCapacity: 2000, scheduler: class org.apache.hadoop.ipc.DefaultRpcScheduler, ipcBackoff: false.
2019-07-14 01:13:38,983 INFO  ipc.Server (Server.java:run(1074)) - Starting Socket Reader #1 for port 35765
2019-07-14 01:13:39,012 WARN  server.ServerUtils (ServerUtils.java:getDBPath(222)) - ozone.om.db.dirs is not configured. We recommend adding this setting. Falling back to ozone.metadata.dirs instead.
2019-07-14 01:13:39,013 INFO  om.OzoneManager (OzoneManager.java:start(1228)) - OzoneManager RPC server is listening at localhost/127.0.0.1:35765
2019-07-14 01:13:39,013 INFO  impl.MetricsSystemImpl (MetricsSystemImpl.java:init(158)) - OzoneManager metrics system started (again)
2019-07-14 01:13:39,015 INFO  ipc.Server (Server.java:run(1314)) - IPC Server Responder: starting
2019-07-14 01:13:39,016 INFO  ipc.Server (Server.java:run(1153)) - IPC Server listener on 35765: starting
2019-07-14 01:13:39,029 INFO  hdfs.DFSUtil (DFSUtil.java:httpServerTemplateForNNAndJN(1641)) - Starting Web-server for ozoneManager at: http://0.0.0.0:0
2019-07-14 01:13:39,032 INFO  server.AuthenticationFilter (AuthenticationFilter.java:constructSecretProvider(240)) - Unable to initialize FileSignerSecretProvider, falling back to use random secrets.
2019-07-14 01:13:39,033 WARN  http.HttpRequestLog (HttpRequestLog.java:getRequestLog(97)) - Jetty request log can only be enabled using Log4j
2019-07-14 01:13:39,037 INFO  http.HttpServer2 (HttpServer2.java:addGlobalFilter(975)) - Added global filter 'safety' (class=org.apache.hadoop.http.HttpServer2$QuotingInputFilter)
2019-07-14 01:13:39,038 INFO  http.HttpServer2 (HttpServer2.java:addFilter(948)) - Added filter static_user_filter (class=org.apache.hadoop.http.lib.StaticUserWebFilter$StaticUserFilter) to context ozoneManager
2019-07-14 01:13:39,038 INFO  http.HttpServer2 (HttpServer2.java:addFilter(958)) - Added filter static_user_filter (class=org.apache.hadoop.http.lib.StaticUserWebFilter$StaticUserFilter) to context static
2019-07-14 01:13:39,039 INFO  http.HttpServer2 (HttpServer2.java:addFilter(958)) - Added filter static_user_filter (class=org.apache.hadoop.http.lib.StaticUserWebFilter$StaticUserFilter) to context logs
2019-07-14 01:13:39,042 INFO  http.HttpServer2 (HttpServer2.java:bindListener(1191)) - Jetty bound to port 37367
2019-07-14 01:13:39,042 INFO  server.Server (Server.java:doStart(351)) - jetty-9.3.24.v20180605, build timestamp: 2018-06-05T17:11:56Z, git hash: 84205aa28f11a4f31f2a3b86d1bba2cc8ab69827
2019-07-14 01:13:39,045 INFO  handler.ContextHandler (ContextHandler.java:doStart(781)) - Started o.e.j.s.ServletContextHandler@349d0836{/logs,file:///tmp/workdir/hadoop-ozone/integration-test/target/log,AVAILABLE}
2019-07-14 01:13:39,045 INFO  handler.ContextHandler (ContextHandler.java:doStart(781)) - Started o.e.j.s.ServletContextHandler@3e134896{/static,file:///tmp/workdir/hadoop-ozone/integration-test/target/test-classes/webapps/static,AVAILABLE}
2019-07-14 01:13:39,053 INFO  handler.ContextHandler (ContextHandler.java:doStart(781)) - Started o.e.j.w.WebAppContext@68e62ca4{/,file:///tmp/workdir/hadoop-ozone/integration-test/target/test-classes/webapps/ozoneManager/,AVAILABLE}{/ozoneManager}
2019-07-14 01:13:39,053 INFO  server.AbstractConnector (AbstractConnector.java:doStart(278)) - Started ServerConnector@5328a9c1{HTTP/1.1,[http/1.1]}{0.0.0.0:37367}
2019-07-14 01:13:39,054 INFO  server.Server (Server.java:doStart(419)) - Started @3911ms
2019-07-14 01:13:39,055 INFO  server.BaseHttpServer (BaseHttpServer.java:updateConnectorAddress(207)) - HTTP server of OZONEMANAGER is listening at http://0.0.0.0:37367
2019-07-14 01:13:39,420 INFO  impl.MetricsSystemImpl (MetricsSystemImpl.java:init(158)) - HddsDatanode metrics system started (again)
2019-07-14 01:13:39,540 INFO  ozone.HddsDatanodeService (HddsDatanodeService.java:start(185)) - HddsDatanodeService host:trunk-nightly-sxkq5-3320257302 ip:192.168.157.230
2019-07-14 01:13:39,591 INFO  volume.HddsVolume (HddsVolume.java:<init>(176)) - Creating Volume: /tmp/workdir/hadoop-ozone/integration-test/target/test-dir/MiniOzoneClusterImpl-b70dd109-4c8a-4825-92cf-da82a42132cf/datanode-0/data/containers/hdds of  storage type : DISK and capacity : 52710309888
2019-07-14 01:13:39,594 INFO  volume.VolumeSet (VolumeSet.java:initializeVolumeSet(170)) - Added Volume : /tmp/workdir/hadoop-ozone/integration-test/target/test-dir/MiniOzoneClusterImpl-b70dd109-4c8a-4825-92cf-da82a42132cf/datanode-0/data/containers/hdds to VolumeSet
2019-07-14 01:13:39,598 INFO  volume.ThrottledAsyncChecker (ThrottledAsyncChecker.java:schedule(140)) - Scheduling a check for org.apache.hadoop.ozone.container.common.volume.HddsVolume@57d0fc89
2019-07-14 01:13:39,622 INFO  volume.HddsVolumeChecker (HddsVolumeChecker.java:checkAllVolumes(203)) - Scheduled health check for volume org.apache.hadoop.ozone.container.common.volume.HddsVolume@57d0fc89
2019-07-14 01:13:39,750 INFO  impl.RaftServerProxy (ConfUtils.java:logGet(43)) - raft.rpc.type = GRPC (default)
2019-07-14 01:13:39,821 INFO  grpc.GrpcFactory (GrpcFactory.java:checkPooledByteBufAllocatorUseCacheForAllThreads(45)) - PERFORMANCE WARNING: useCacheForAllThreads is true that may cause Netty to create a lot garbage objects and, as a result, trigger GC.
	It is recommended to disable useCacheForAllThreads by setting -Dorg.apache.ratis.thirdparty.io.netty.allocator.useCacheForAllThreads=false in command line.
2019-07-14 01:13:39,827 INFO  grpc.GrpcConfigKeys$Server (ConfUtils.java:logGet(43)) - raft.grpc.server.port = 0 (default)
2019-07-14 01:13:39,828 INFO  server.GrpcService (ConfUtils.java:logGet(43)) - raft.grpc.message.size.max = 33570816 (custom)
2019-07-14 01:13:39,830 INFO  server.RaftServerConfigKeys (ConfUtils.java:logGet(43)) - raft.server.log.appender.buffer.byte-limit = 33554432 (custom)
2019-07-14 01:13:39,830 INFO  server.GrpcService (ConfUtils.java:logGet(43)) - raft.grpc.flow.control.window = 1MB (=1048576) (default)
2019-07-14 01:13:39,831 INFO  server.RaftServerConfigKeys (ConfUtils.java:logGet(43)) - raft.server.rpc.request.timeout = 3000ms (default)
2019-07-14 01:13:39,993 INFO  server.RaftServerConfigKeys (ConfUtils.java:logGet(43)) - raft.server.storage.dir = [/tmp/workdir/hadoop-ozone/integration-test/target/test-dir/MiniOzoneClusterImpl-b70dd109-4c8a-4825-92cf-da82a42132cf/datanode-0/data/ratis] (custom)
2019-07-14 01:13:40,030 INFO  replication.SimpleContainerDownloader (SimpleContainerDownloader.java:<init>(72)) - Starting container downloader service to copy containers to replicate.
2019-07-14 01:13:40,045 INFO  hdfs.DFSUtil (DFSUtil.java:httpServerTemplateForNNAndJN(1641)) - Starting Web-server for hddsDatanode at: http://0.0.0.0:0
2019-07-14 01:13:40,048 INFO  server.AuthenticationFilter (AuthenticationFilter.java:constructSecretProvider(240)) - Unable to initialize FileSignerSecretProvider, falling back to use random secrets.
2019-07-14 01:13:40,048 WARN  http.HttpRequestLog (HttpRequestLog.java:getRequestLog(97)) - Jetty request log can only be enabled using Log4j
2019-07-14 01:13:40,051 INFO  http.HttpServer2 (HttpServer2.java:addGlobalFilter(975)) - Added global filter 'safety' (class=org.apache.hadoop.http.HttpServer2$QuotingInputFilter)
2019-07-14 01:13:40,052 INFO  http.HttpServer2 (HttpServer2.java:addFilter(948)) - Added filter static_user_filter (class=org.apache.hadoop.http.lib.StaticUserWebFilter$StaticUserFilter) to context hddsDatanode
2019-07-14 01:13:40,052 INFO  http.HttpServer2 (HttpServer2.java:addFilter(958)) - Added filter static_user_filter (class=org.apache.hadoop.http.lib.StaticUserWebFilter$StaticUserFilter) to context logs
2019-07-14 01:13:40,052 INFO  http.HttpServer2 (HttpServer2.java:addFilter(958)) - Added filter static_user_filter (class=org.apache.hadoop.http.lib.StaticUserWebFilter$StaticUserFilter) to context static
2019-07-14 01:13:40,054 INFO  http.HttpServer2 (HttpServer2.java:bindListener(1191)) - Jetty bound to port 35591
2019-07-14 01:13:40,054 INFO  server.Server (Server.java:doStart(351)) - jetty-9.3.24.v20180605, build timestamp: 2018-06-05T17:11:56Z, git hash: 84205aa28f11a4f31f2a3b86d1bba2cc8ab69827
2019-07-14 01:13:40,056 INFO  handler.ContextHandler (ContextHandler.java:doStart(781)) - Started o.e.j.s.ServletContextHandler@1d23ff23{/logs,file:///tmp/workdir/hadoop-ozone/integration-test/target/log,AVAILABLE}
2019-07-14 01:13:40,057 INFO  handler.ContextHandler (ContextHandler.java:doStart(781)) - Started o.e.j.s.ServletContextHandler@6c9320c2{/static,jar:file:/home/user/.m2/repository/org/apache/hadoop/hadoop-hdds-container-service/0.5.0-SNAPSHOT/hadoop-hdds-container-service-0.5.0-SNAPSHOT.jar!/webapps/static,AVAILABLE}
2019-07-14 01:13:40,101 INFO  handler.ContextHandler (ContextHandler.java:doStart(781)) - Started o.e.j.w.WebAppContext@5c080ef3{/,file:///tmp/jetty-0.0.0.0-35591-hddsDatanode-_-any-2854213274890135286.dir/webapp/,AVAILABLE}{/hddsDatanode}
2019-07-14 01:13:40,102 INFO  server.AbstractConnector (AbstractConnector.java:doStart(278)) - Started ServerConnector@188cbcde{HTTP/1.1,[http/1.1]}{0.0.0.0:35591}
2019-07-14 01:13:40,103 INFO  server.Server (Server.java:doStart(419)) - Started @4961ms
2019-07-14 01:13:40,105 INFO  server.BaseHttpServer (BaseHttpServer.java:updateConnectorAddress(207)) - HTTP server of HDDSDATANODE is listening at http://0.0.0.0:35591
2019-07-14 01:13:41,316 INFO  ozone.HddsDatanodeService (HddsDatanodeService.java:startPlugins(396)) - Started plug-in org.apache.hadoop.ozone.web.OzoneHddsDatanodeService@28babeca
2019-07-14 01:13:41,319 INFO  impl.MetricsSystemImpl (MetricsSystemImpl.java:init(158)) - HddsDatanode metrics system started (again)
2019-07-14 01:13:41,319 INFO  ozone.HddsDatanodeService (HddsDatanodeService.java:start(185)) - HddsDatanodeService host:trunk-nightly-sxkq5-3320257302 ip:192.168.157.230
2019-07-14 01:13:41,327 INFO  util.JvmPauseMonitor (JvmPauseMonitor.java:run(188)) - Starting JVM pause monitor
2019-07-14 01:13:41,330 INFO  volume.HddsVolume (HddsVolume.java:<init>(176)) - Creating Volume: /tmp/workdir/hadoop-ozone/integration-test/target/test-dir/MiniOzoneClusterImpl-b70dd109-4c8a-4825-92cf-da82a42132cf/datanode-1/data/containers/hdds of  storage type : DISK and capacity : 52710309888
2019-07-14 01:13:41,332 INFO  volume.VolumeSet (VolumeSet.java:initializeVolumeSet(170)) - Added Volume : /tmp/workdir/hadoop-ozone/integration-test/target/test-dir/MiniOzoneClusterImpl-b70dd109-4c8a-4825-92cf-da82a42132cf/datanode-1/data/containers/hdds to VolumeSet
2019-07-14 01:13:41,332 INFO  volume.ThrottledAsyncChecker (ThrottledAsyncChecker.java:schedule(140)) - Scheduling a check for org.apache.hadoop.ozone.container.common.volume.HddsVolume@58833798
2019-07-14 01:13:41,334 INFO  volume.HddsVolumeChecker (HddsVolumeChecker.java:checkAllVolumes(203)) - Scheduled health check for volume org.apache.hadoop.ozone.container.common.volume.HddsVolume@58833798
2019-07-14 01:13:41,357 INFO  impl.RaftServerProxy (ConfUtils.java:logGet(43)) - raft.rpc.type = GRPC (default)
2019-07-14 01:13:41,357 INFO  grpc.GrpcFactory (GrpcFactory.java:checkPooledByteBufAllocatorUseCacheForAllThreads(45)) - PERFORMANCE WARNING: useCacheForAllThreads is true that may cause Netty to create a lot garbage objects and, as a result, trigger GC.
	It is recommended to disable useCacheForAllThreads by setting -Dorg.apache.ratis.thirdparty.io.netty.allocator.useCacheForAllThreads=false in command line.
2019-07-14 01:13:41,358 INFO  grpc.GrpcConfigKeys$Server (ConfUtils.java:logGet(43)) - raft.grpc.server.port = 0 (default)
2019-07-14 01:13:41,358 INFO  server.GrpcService (ConfUtils.java:logGet(43)) - raft.grpc.message.size.max = 33570816 (custom)
2019-07-14 01:13:41,358 INFO  server.RaftServerConfigKeys (ConfUtils.java:logGet(43)) - raft.server.log.appender.buffer.byte-limit = 33554432 (custom)
2019-07-14 01:13:41,358 INFO  server.GrpcService (ConfUtils.java:logGet(43)) - raft.grpc.flow.control.window = 1MB (=1048576) (default)
2019-07-14 01:13:41,359 INFO  server.RaftServerConfigKeys (ConfUtils.java:logGet(43)) - raft.server.rpc.request.timeout = 3000ms (default)
2019-07-14 01:13:41,360 INFO  server.RaftServerConfigKeys (ConfUtils.java:logGet(43)) - raft.server.storage.dir = [/tmp/workdir/hadoop-ozone/integration-test/target/test-dir/MiniOzoneClusterImpl-b70dd109-4c8a-4825-92cf-da82a42132cf/datanode-1/data/ratis] (custom)
2019-07-14 01:13:41,360 INFO  replication.SimpleContainerDownloader (SimpleContainerDownloader.java:<init>(72)) - Starting container downloader service to copy containers to replicate.
2019-07-14 01:13:41,362 INFO  hdfs.DFSUtil (DFSUtil.java:httpServerTemplateForNNAndJN(1641)) - Starting Web-server for hddsDatanode at: http://0.0.0.0:0
2019-07-14 01:13:41,367 INFO  server.AuthenticationFilter (AuthenticationFilter.java:constructSecretProvider(240)) - Unable to initialize FileSignerSecretProvider, falling back to use random secrets.
2019-07-14 01:13:41,369 WARN  http.HttpRequestLog (HttpRequestLog.java:getRequestLog(97)) - Jetty request log can only be enabled using Log4j
2019-07-14 01:13:41,372 INFO  http.HttpServer2 (HttpServer2.java:addGlobalFilter(975)) - Added global filter 'safety' (class=org.apache.hadoop.http.HttpServer2$QuotingInputFilter)
2019-07-14 01:13:41,372 INFO  http.HttpServer2 (HttpServer2.java:addFilter(948)) - Added filter static_user_filter (class=org.apache.hadoop.http.lib.StaticUserWebFilter$StaticUserFilter) to context hddsDatanode
2019-07-14 01:13:41,373 INFO  http.HttpServer2 (HttpServer2.java:addFilter(958)) - Added filter static_user_filter (class=org.apache.hadoop.http.lib.StaticUserWebFilter$StaticUserFilter) to context static
2019-07-14 01:13:41,373 INFO  http.HttpServer2 (HttpServer2.java:addFilter(958)) - Added filter static_user_filter (class=org.apache.hadoop.http.lib.StaticUserWebFilter$StaticUserFilter) to context logs
2019-07-14 01:13:41,375 INFO  http.HttpServer2 (HttpServer2.java:bindListener(1191)) - Jetty bound to port 40731
2019-07-14 01:13:41,375 INFO  server.Server (Server.java:doStart(351)) - jetty-9.3.24.v20180605, build timestamp: 2018-06-05T17:11:56Z, git hash: 84205aa28f11a4f31f2a3b86d1bba2cc8ab69827
2019-07-14 01:13:41,378 INFO  handler.ContextHandler (ContextHandler.java:doStart(781)) - Started o.e.j.s.ServletContextHandler@245253d8{/logs,file:///tmp/workdir/hadoop-ozone/integration-test/target/log,AVAILABLE}
2019-07-14 01:13:41,379 INFO  handler.ContextHandler (ContextHandler.java:doStart(781)) - Started o.e.j.s.ServletContextHandler@459003a0{/static,jar:file:/home/user/.m2/repository/org/apache/hadoop/hadoop-hdds-container-service/0.5.0-SNAPSHOT/hadoop-hdds-container-service-0.5.0-SNAPSHOT.jar!/webapps/static,AVAILABLE}
2019-07-14 01:13:41,420 INFO  handler.ContextHandler (ContextHandler.java:doStart(781)) - Started o.e.j.w.WebAppContext@6af5b246{/,file:///tmp/jetty-0.0.0.0-40731-hddsDatanode-_-any-8420391985567192696.dir/webapp/,AVAILABLE}{/hddsDatanode}
2019-07-14 01:13:41,421 INFO  server.AbstractConnector (AbstractConnector.java:doStart(278)) - Started ServerConnector@31723307{HTTP/1.1,[http/1.1]}{0.0.0.0:40731}
2019-07-14 01:13:41,422 INFO  server.Server (Server.java:doStart(419)) - Started @6279ms
2019-07-14 01:13:41,424 INFO  server.BaseHttpServer (BaseHttpServer.java:updateConnectorAddress(207)) - HTTP server of HDDSDATANODE is listening at http://0.0.0.0:40731
2019-07-14 01:13:41,456 INFO  datanode.InitDatanodeState (InitDatanodeState.java:persistContainerDatanodeDetails(140)) - DatanodeDetails is persisted to /tmp/workdir/hadoop-ozone/integration-test/target/test-dir/MiniOzoneClusterImpl-b70dd109-4c8a-4825-92cf-da82a42132cf/datanode-0/meta/datanode.id
2019-07-14 01:13:41,566 INFO  ozone.HddsDatanodeService (HddsDatanodeService.java:startPlugins(396)) - Started plug-in org.apache.hadoop.ozone.web.OzoneHddsDatanodeService@79627d27
2019-07-14 01:13:41,567 INFO  impl.MetricsSystemImpl (MetricsSystemImpl.java:init(158)) - HddsDatanode metrics system started (again)
2019-07-14 01:13:41,569 INFO  ozone.HddsDatanodeService (HddsDatanodeService.java:start(185)) - HddsDatanodeService host:trunk-nightly-sxkq5-3320257302 ip:192.168.157.230
2019-07-14 01:13:41,570 INFO  util.JvmPauseMonitor (JvmPauseMonitor.java:run(188)) - Starting JVM pause monitor
2019-07-14 01:13:41,583 INFO  volume.HddsVolume (HddsVolume.java:<init>(176)) - Creating Volume: /tmp/workdir/hadoop-ozone/integration-test/target/test-dir/MiniOzoneClusterImpl-b70dd109-4c8a-4825-92cf-da82a42132cf/datanode-2/data/containers/hdds of  storage type : DISK and capacity : 52710309888
2019-07-14 01:13:41,586 INFO  datanode.InitDatanodeState (InitDatanodeState.java:persistContainerDatanodeDetails(140)) - DatanodeDetails is persisted to /tmp/workdir/hadoop-ozone/integration-test/target/test-dir/MiniOzoneClusterImpl-b70dd109-4c8a-4825-92cf-da82a42132cf/datanode-1/meta/datanode.id
2019-07-14 01:13:41,586 INFO  volume.VolumeSet (VolumeSet.java:initializeVolumeSet(170)) - Added Volume : /tmp/workdir/hadoop-ozone/integration-test/target/test-dir/MiniOzoneClusterImpl-b70dd109-4c8a-4825-92cf-da82a42132cf/datanode-2/data/containers/hdds to VolumeSet
2019-07-14 01:13:41,587 INFO  volume.ThrottledAsyncChecker (ThrottledAsyncChecker.java:schedule(140)) - Scheduling a check for org.apache.hadoop.ozone.container.common.volume.HddsVolume@2a8f6e6
2019-07-14 01:13:41,588 INFO  volume.HddsVolumeChecker (HddsVolumeChecker.java:checkAllVolumes(203)) - Scheduled health check for volume org.apache.hadoop.ozone.container.common.volume.HddsVolume@2a8f6e6
2019-07-14 01:13:41,610 INFO  impl.RaftServerProxy (ConfUtils.java:logGet(43)) - raft.rpc.type = GRPC (default)
2019-07-14 01:13:41,610 INFO  grpc.GrpcFactory (GrpcFactory.java:checkPooledByteBufAllocatorUseCacheForAllThreads(45)) - PERFORMANCE WARNING: useCacheForAllThreads is true that may cause Netty to create a lot garbage objects and, as a result, trigger GC.
	It is recommended to disable useCacheForAllThreads by setting -Dorg.apache.ratis.thirdparty.io.netty.allocator.useCacheForAllThreads=false in command line.
2019-07-14 01:13:41,611 INFO  grpc.GrpcConfigKeys$Server (ConfUtils.java:logGet(43)) - raft.grpc.server.port = 0 (default)
2019-07-14 01:13:41,611 INFO  server.GrpcService (ConfUtils.java:logGet(43)) - raft.grpc.message.size.max = 33570816 (custom)
2019-07-14 01:13:41,612 INFO  server.RaftServerConfigKeys (ConfUtils.java:logGet(43)) - raft.server.log.appender.buffer.byte-limit = 33554432 (custom)
2019-07-14 01:13:41,612 INFO  server.GrpcService (ConfUtils.java:logGet(43)) - raft.grpc.flow.control.window = 1MB (=1048576) (default)
2019-07-14 01:13:41,612 INFO  server.RaftServerConfigKeys (ConfUtils.java:logGet(43)) - raft.server.rpc.request.timeout = 3000ms (default)
2019-07-14 01:13:41,613 INFO  server.RaftServerConfigKeys (ConfUtils.java:logGet(43)) - raft.server.storage.dir = [/tmp/workdir/hadoop-ozone/integration-test/target/test-dir/MiniOzoneClusterImpl-b70dd109-4c8a-4825-92cf-da82a42132cf/datanode-2/data/ratis] (custom)
2019-07-14 01:13:41,614 INFO  replication.SimpleContainerDownloader (SimpleContainerDownloader.java:<init>(72)) - Starting container downloader service to copy containers to replicate.
2019-07-14 01:13:41,616 INFO  hdfs.DFSUtil (DFSUtil.java:httpServerTemplateForNNAndJN(1641)) - Starting Web-server for hddsDatanode at: http://0.0.0.0:0
2019-07-14 01:13:41,617 INFO  server.AuthenticationFilter (AuthenticationFilter.java:constructSecretProvider(240)) - Unable to initialize FileSignerSecretProvider, falling back to use random secrets.
2019-07-14 01:13:41,618 WARN  http.HttpRequestLog (HttpRequestLog.java:getRequestLog(97)) - Jetty request log can only be enabled using Log4j
2019-07-14 01:13:41,620 INFO  http.HttpServer2 (HttpServer2.java:addGlobalFilter(975)) - Added global filter 'safety' (class=org.apache.hadoop.http.HttpServer2$QuotingInputFilter)
2019-07-14 01:13:41,620 INFO  http.HttpServer2 (HttpServer2.java:addFilter(948)) - Added filter static_user_filter (class=org.apache.hadoop.http.lib.StaticUserWebFilter$StaticUserFilter) to context hddsDatanode
2019-07-14 01:13:41,620 INFO  http.HttpServer2 (HttpServer2.java:addFilter(958)) - Added filter static_user_filter (class=org.apache.hadoop.http.lib.StaticUserWebFilter$StaticUserFilter) to context logs
2019-07-14 01:13:41,621 INFO  http.HttpServer2 (HttpServer2.java:addFilter(958)) - Added filter static_user_filter (class=org.apache.hadoop.http.lib.StaticUserWebFilter$StaticUserFilter) to context static
2019-07-14 01:13:41,621 INFO  http.HttpServer2 (HttpServer2.java:bindListener(1191)) - Jetty bound to port 34781
2019-07-14 01:13:41,622 INFO  server.Server (Server.java:doStart(351)) - jetty-9.3.24.v20180605, build timestamp: 2018-06-05T17:11:56Z, git hash: 84205aa28f11a4f31f2a3b86d1bba2cc8ab69827
2019-07-14 01:13:41,626 INFO  handler.ContextHandler (ContextHandler.java:doStart(781)) - Started o.e.j.s.ServletContextHandler@70ede57d{/logs,file:///tmp/workdir/hadoop-ozone/integration-test/target/log,AVAILABLE}
2019-07-14 01:13:41,627 INFO  handler.ContextHandler (ContextHandler.java:doStart(781)) - Started o.e.j.s.ServletContextHandler@61f377d1{/static,jar:file:/home/user/.m2/repository/org/apache/hadoop/hadoop-hdds-container-service/0.5.0-SNAPSHOT/hadoop-hdds-container-service-0.5.0-SNAPSHOT.jar!/webapps/static,AVAILABLE}
2019-07-14 01:13:41,655 INFO  handler.ContextHandler (ContextHandler.java:doStart(781)) - Started o.e.j.w.WebAppContext@30a7653e{/,file:///tmp/jetty-0.0.0.0-34781-hddsDatanode-_-any-1089044406780156024.dir/webapp/,AVAILABLE}{/hddsDatanode}
2019-07-14 01:13:41,655 INFO  server.AbstractConnector (AbstractConnector.java:doStart(278)) - Started ServerConnector@7cff3f1d{HTTP/1.1,[http/1.1]}{0.0.0.0:34781}
2019-07-14 01:13:41,656 INFO  server.Server (Server.java:doStart(419)) - Started @6514ms
2019-07-14 01:13:41,658 INFO  server.BaseHttpServer (BaseHttpServer.java:updateConnectorAddress(207)) - HTTP server of HDDSDATANODE is listening at http://0.0.0.0:34781
2019-07-14 01:13:41,788 INFO  ozone.HddsDatanodeService (HddsDatanodeService.java:startPlugins(396)) - Started plug-in org.apache.hadoop.ozone.web.OzoneHddsDatanodeService@12fcb2c3
2019-07-14 01:13:41,789 INFO  impl.MetricsSystemImpl (MetricsSystemImpl.java:init(158)) - HddsDatanode metrics system started (again)
2019-07-14 01:13:41,790 INFO  ozone.HddsDatanodeService (HddsDatanodeService.java:start(185)) - HddsDatanodeService host:trunk-nightly-sxkq5-3320257302 ip:192.168.157.230
2019-07-14 01:13:41,793 INFO  util.JvmPauseMonitor (JvmPauseMonitor.java:run(188)) - Starting JVM pause monitor
2019-07-14 01:13:41,796 INFO  datanode.InitDatanodeState (InitDatanodeState.java:persistContainerDatanodeDetails(140)) - DatanodeDetails is persisted to /tmp/workdir/hadoop-ozone/integration-test/target/test-dir/MiniOzoneClusterImpl-b70dd109-4c8a-4825-92cf-da82a42132cf/datanode-2/meta/datanode.id
2019-07-14 01:13:41,801 INFO  volume.HddsVolume (HddsVolume.java:<init>(176)) - Creating Volume: /tmp/workdir/hadoop-ozone/integration-test/target/test-dir/MiniOzoneClusterImpl-b70dd109-4c8a-4825-92cf-da82a42132cf/datanode-3/data/containers/hdds of  storage type : DISK and capacity : 52710309888
2019-07-14 01:13:41,801 INFO  volume.VolumeSet (VolumeSet.java:initializeVolumeSet(170)) - Added Volume : /tmp/workdir/hadoop-ozone/integration-test/target/test-dir/MiniOzoneClusterImpl-b70dd109-4c8a-4825-92cf-da82a42132cf/datanode-3/data/containers/hdds to VolumeSet
2019-07-14 01:13:41,801 INFO  volume.ThrottledAsyncChecker (ThrottledAsyncChecker.java:schedule(140)) - Scheduling a check for org.apache.hadoop.ozone.container.common.volume.HddsVolume@28a6e171
2019-07-14 01:13:41,802 INFO  volume.HddsVolumeChecker (HddsVolumeChecker.java:checkAllVolumes(203)) - Scheduled health check for volume org.apache.hadoop.ozone.container.common.volume.HddsVolume@28a6e171
2019-07-14 01:13:41,817 INFO  impl.RaftServerProxy (ConfUtils.java:logGet(43)) - raft.rpc.type = GRPC (default)
2019-07-14 01:13:41,817 INFO  grpc.GrpcFactory (GrpcFactory.java:checkPooledByteBufAllocatorUseCacheForAllThreads(45)) - PERFORMANCE WARNING: useCacheForAllThreads is true that may cause Netty to create a lot garbage objects and, as a result, trigger GC.
	It is recommended to disable useCacheForAllThreads by setting -Dorg.apache.ratis.thirdparty.io.netty.allocator.useCacheForAllThreads=false in command line.
2019-07-14 01:13:41,818 INFO  grpc.GrpcConfigKeys$Server (ConfUtils.java:logGet(43)) - raft.grpc.server.port = 0 (default)
2019-07-14 01:13:41,818 INFO  server.GrpcService (ConfUtils.java:logGet(43)) - raft.grpc.message.size.max = 33570816 (custom)
2019-07-14 01:13:41,818 INFO  server.RaftServerConfigKeys (ConfUtils.java:logGet(43)) - raft.server.log.appender.buffer.byte-limit = 33554432 (custom)
2019-07-14 01:13:41,818 INFO  server.GrpcService (ConfUtils.java:logGet(43)) - raft.grpc.flow.control.window = 1MB (=1048576) (default)
2019-07-14 01:13:41,818 INFO  server.RaftServerConfigKeys (ConfUtils.java:logGet(43)) - raft.server.rpc.request.timeout = 3000ms (default)
2019-07-14 01:13:41,819 INFO  server.RaftServerConfigKeys (ConfUtils.java:logGet(43)) - raft.server.storage.dir = [/tmp/workdir/hadoop-ozone/integration-test/target/test-dir/MiniOzoneClusterImpl-b70dd109-4c8a-4825-92cf-da82a42132cf/datanode-3/data/ratis] (custom)
2019-07-14 01:13:41,819 INFO  replication.SimpleContainerDownloader (SimpleContainerDownloader.java:<init>(72)) - Starting container downloader service to copy containers to replicate.
2019-07-14 01:13:41,821 INFO  hdfs.DFSUtil (DFSUtil.java:httpServerTemplateForNNAndJN(1641)) - Starting Web-server for hddsDatanode at: http://0.0.0.0:0
2019-07-14 01:13:41,822 INFO  server.AuthenticationFilter (AuthenticationFilter.java:constructSecretProvider(240)) - Unable to initialize FileSignerSecretProvider, falling back to use random secrets.
2019-07-14 01:13:41,822 WARN  http.HttpRequestLog (HttpRequestLog.java:getRequestLog(97)) - Jetty request log can only be enabled using Log4j
2019-07-14 01:13:41,824 INFO  http.HttpServer2 (HttpServer2.java:addGlobalFilter(975)) - Added global filter 'safety' (class=org.apache.hadoop.http.HttpServer2$QuotingInputFilter)
2019-07-14 01:13:41,824 INFO  http.HttpServer2 (HttpServer2.java:addFilter(948)) - Added filter static_user_filter (class=org.apache.hadoop.http.lib.StaticUserWebFilter$StaticUserFilter) to context hddsDatanode
2019-07-14 01:13:41,824 INFO  http.HttpServer2 (HttpServer2.java:addFilter(958)) - Added filter static_user_filter (class=org.apache.hadoop.http.lib.StaticUserWebFilter$StaticUserFilter) to context logs
2019-07-14 01:13:41,824 INFO  http.HttpServer2 (HttpServer2.java:addFilter(958)) - Added filter static_user_filter (class=org.apache.hadoop.http.lib.StaticUserWebFilter$StaticUserFilter) to context static
2019-07-14 01:13:41,825 INFO  http.HttpServer2 (HttpServer2.java:bindListener(1191)) - Jetty bound to port 46568
2019-07-14 01:13:41,825 INFO  server.Server (Server.java:doStart(351)) - jetty-9.3.24.v20180605, build timestamp: 2018-06-05T17:11:56Z, git hash: 84205aa28f11a4f31f2a3b86d1bba2cc8ab69827
2019-07-14 01:13:41,828 INFO  handler.ContextHandler (ContextHandler.java:doStart(781)) - Started o.e.j.s.ServletContextHandler@14b528b6{/logs,file:///tmp/workdir/hadoop-ozone/integration-test/target/log,AVAILABLE}
2019-07-14 01:13:41,828 INFO  handler.ContextHandler (ContextHandler.java:doStart(781)) - Started o.e.j.s.ServletContextHandler@6f930e0{/static,jar:file:/home/user/.m2/repository/org/apache/hadoop/hadoop-hdds-container-service/0.5.0-SNAPSHOT/hadoop-hdds-container-service-0.5.0-SNAPSHOT.jar!/webapps/static,AVAILABLE}
2019-07-14 01:13:41,856 INFO  handler.ContextHandler (ContextHandler.java:doStart(781)) - Started o.e.j.w.WebAppContext@3830b06c{/,file:///tmp/jetty-0.0.0.0-46568-hddsDatanode-_-any-5293801291116629649.dir/webapp/,AVAILABLE}{/hddsDatanode}
2019-07-14 01:13:41,856 INFO  server.AbstractConnector (AbstractConnector.java:doStart(278)) - Started ServerConnector@3e28d779{HTTP/1.1,[http/1.1]}{0.0.0.0:46568}
2019-07-14 01:13:41,857 INFO  server.Server (Server.java:doStart(419)) - Started @6715ms
2019-07-14 01:13:41,859 INFO  server.BaseHttpServer (BaseHttpServer.java:updateConnectorAddress(207)) - HTTP server of HDDSDATANODE is listening at http://0.0.0.0:46568
2019-07-14 01:13:41,989 INFO  ozone.HddsDatanodeService (HddsDatanodeService.java:startPlugins(396)) - Started plug-in org.apache.hadoop.ozone.web.OzoneHddsDatanodeService@42c0a16e
2019-07-14 01:13:41,989 INFO  impl.MetricsSystemImpl (MetricsSystemImpl.java:init(158)) - HddsDatanode metrics system started (again)
2019-07-14 01:13:41,991 INFO  ozone.HddsDatanodeService (HddsDatanodeService.java:start(185)) - HddsDatanodeService host:trunk-nightly-sxkq5-3320257302 ip:192.168.157.230
2019-07-14 01:13:41,993 INFO  util.JvmPauseMonitor (JvmPauseMonitor.java:run(188)) - Starting JVM pause monitor
2019-07-14 01:13:41,995 INFO  datanode.InitDatanodeState (InitDatanodeState.java:persistContainerDatanodeDetails(140)) - DatanodeDetails is persisted to /tmp/workdir/hadoop-ozone/integration-test/target/test-dir/MiniOzoneClusterImpl-b70dd109-4c8a-4825-92cf-da82a42132cf/datanode-3/meta/datanode.id
2019-07-14 01:13:41,999 INFO  volume.HddsVolume (HddsVolume.java:<init>(176)) - Creating Volume: /tmp/workdir/hadoop-ozone/integration-test/target/test-dir/MiniOzoneClusterImpl-b70dd109-4c8a-4825-92cf-da82a42132cf/datanode-4/data/containers/hdds of  storage type : DISK and capacity : 52710309888
2019-07-14 01:13:41,999 INFO  volume.VolumeSet (VolumeSet.java:initializeVolumeSet(170)) - Added Volume : /tmp/workdir/hadoop-ozone/integration-test/target/test-dir/MiniOzoneClusterImpl-b70dd109-4c8a-4825-92cf-da82a42132cf/datanode-4/data/containers/hdds to VolumeSet
2019-07-14 01:13:41,999 INFO  volume.ThrottledAsyncChecker (ThrottledAsyncChecker.java:schedule(140)) - Scheduling a check for org.apache.hadoop.ozone.container.common.volume.HddsVolume@76396509
2019-07-14 01:13:42,000 INFO  volume.HddsVolumeChecker (HddsVolumeChecker.java:checkAllVolumes(203)) - Scheduled health check for volume org.apache.hadoop.ozone.container.common.volume.HddsVolume@76396509
2019-07-14 01:13:42,014 INFO  impl.RaftServerProxy (ConfUtils.java:logGet(43)) - raft.rpc.type = GRPC (default)
2019-07-14 01:13:42,014 INFO  grpc.GrpcFactory (GrpcFactory.java:checkPooledByteBufAllocatorUseCacheForAllThreads(45)) - PERFORMANCE WARNING: useCacheForAllThreads is true that may cause Netty to create a lot garbage objects and, as a result, trigger GC.
	It is recommended to disable useCacheForAllThreads by setting -Dorg.apache.ratis.thirdparty.io.netty.allocator.useCacheForAllThreads=false in command line.
2019-07-14 01:13:42,015 INFO  grpc.GrpcConfigKeys$Server (ConfUtils.java:logGet(43)) - raft.grpc.server.port = 0 (default)
2019-07-14 01:13:42,015 INFO  server.GrpcService (ConfUtils.java:logGet(43)) - raft.grpc.message.size.max = 33570816 (custom)
2019-07-14 01:13:42,015 INFO  server.RaftServerConfigKeys (ConfUtils.java:logGet(43)) - raft.server.log.appender.buffer.byte-limit = 33554432 (custom)
2019-07-14 01:13:42,015 INFO  server.GrpcService (ConfUtils.java:logGet(43)) - raft.grpc.flow.control.window = 1MB (=1048576) (default)
2019-07-14 01:13:42,016 INFO  server.RaftServerConfigKeys (ConfUtils.java:logGet(43)) - raft.server.rpc.request.timeout = 3000ms (default)
2019-07-14 01:13:42,016 INFO  server.RaftServerConfigKeys (ConfUtils.java:logGet(43)) - raft.server.storage.dir = [/tmp/workdir/hadoop-ozone/integration-test/target/test-dir/MiniOzoneClusterImpl-b70dd109-4c8a-4825-92cf-da82a42132cf/datanode-4/data/ratis] (custom)
2019-07-14 01:13:42,017 INFO  replication.SimpleContainerDownloader (SimpleContainerDownloader.java:<init>(72)) - Starting container downloader service to copy containers to replicate.
2019-07-14 01:13:42,018 INFO  hdfs.DFSUtil (DFSUtil.java:httpServerTemplateForNNAndJN(1641)) - Starting Web-server for hddsDatanode at: http://0.0.0.0:0
2019-07-14 01:13:42,019 INFO  server.AuthenticationFilter (AuthenticationFilter.java:constructSecretProvider(240)) - Unable to initialize FileSignerSecretProvider, falling back to use random secrets.
2019-07-14 01:13:42,020 WARN  http.HttpRequestLog (HttpRequestLog.java:getRequestLog(97)) - Jetty request log can only be enabled using Log4j
2019-07-14 01:13:42,021 INFO  http.HttpServer2 (HttpServer2.java:addGlobalFilter(975)) - Added global filter 'safety' (class=org.apache.hadoop.http.HttpServer2$QuotingInputFilter)
2019-07-14 01:13:42,021 INFO  http.HttpServer2 (HttpServer2.java:addFilter(948)) - Added filter static_user_filter (class=org.apache.hadoop.http.lib.StaticUserWebFilter$StaticUserFilter) to context hddsDatanode
2019-07-14 01:13:42,022 INFO  http.HttpServer2 (HttpServer2.java:addFilter(958)) - Added filter static_user_filter (class=org.apache.hadoop.http.lib.StaticUserWebFilter$StaticUserFilter) to context logs
2019-07-14 01:13:42,022 INFO  http.HttpServer2 (HttpServer2.java:addFilter(958)) - Added filter static_user_filter (class=org.apache.hadoop.http.lib.StaticUserWebFilter$StaticUserFilter) to context static
2019-07-14 01:13:42,022 INFO  http.HttpServer2 (HttpServer2.java:bindListener(1191)) - Jetty bound to port 34509
2019-07-14 01:13:42,023 INFO  server.Server (Server.java:doStart(351)) - jetty-9.3.24.v20180605, build timestamp: 2018-06-05T17:11:56Z, git hash: 84205aa28f11a4f31f2a3b86d1bba2cc8ab69827
2019-07-14 01:13:42,027 INFO  handler.ContextHandler (ContextHandler.java:doStart(781)) - Started o.e.j.s.ServletContextHandler@2e6d76ba{/logs,file:///tmp/workdir/hadoop-ozone/integration-test/target/log,AVAILABLE}
2019-07-14 01:13:42,028 INFO  handler.ContextHandler (ContextHandler.java:doStart(781)) - Started o.e.j.s.ServletContextHandler@5a9840f3{/static,jar:file:/home/user/.m2/repository/org/apache/hadoop/hadoop-hdds-container-service/0.5.0-SNAPSHOT/hadoop-hdds-container-service-0.5.0-SNAPSHOT.jar!/webapps/static,AVAILABLE}
2019-07-14 01:13:42,056 INFO  handler.ContextHandler (ContextHandler.java:doStart(781)) - Started o.e.j.w.WebAppContext@350da119{/,file:///tmp/jetty-0.0.0.0-34509-hddsDatanode-_-any-8001688232794034048.dir/webapp/,AVAILABLE}{/hddsDatanode}
2019-07-14 01:13:42,056 INFO  server.AbstractConnector (AbstractConnector.java:doStart(278)) - Started ServerConnector@6a09484c{HTTP/1.1,[http/1.1]}{0.0.0.0:34509}
2019-07-14 01:13:42,057 INFO  server.Server (Server.java:doStart(419)) - Started @6914ms
2019-07-14 01:13:42,058 INFO  server.BaseHttpServer (BaseHttpServer.java:updateConnectorAddress(207)) - HTTP server of HDDSDATANODE is listening at http://0.0.0.0:34509
2019-07-14 01:13:42,195 INFO  ozone.HddsDatanodeService (HddsDatanodeService.java:startPlugins(396)) - Started plug-in org.apache.hadoop.ozone.web.OzoneHddsDatanodeService@33324c05
2019-07-14 01:13:42,196 INFO  impl.MetricsSystemImpl (MetricsSystemImpl.java:init(158)) - HddsDatanode metrics system started (again)
2019-07-14 01:13:42,198 INFO  ozone.HddsDatanodeService (HddsDatanodeService.java:start(185)) - HddsDatanodeService host:trunk-nightly-sxkq5-3320257302 ip:192.168.157.230
2019-07-14 01:13:42,200 INFO  util.JvmPauseMonitor (JvmPauseMonitor.java:run(188)) - Starting JVM pause monitor
2019-07-14 01:13:42,203 INFO  datanode.InitDatanodeState (InitDatanodeState.java:persistContainerDatanodeDetails(140)) - DatanodeDetails is persisted to /tmp/workdir/hadoop-ozone/integration-test/target/test-dir/MiniOzoneClusterImpl-b70dd109-4c8a-4825-92cf-da82a42132cf/datanode-4/meta/datanode.id
2019-07-14 01:13:42,208 INFO  volume.HddsVolume (HddsVolume.java:<init>(176)) - Creating Volume: /tmp/workdir/hadoop-ozone/integration-test/target/test-dir/MiniOzoneClusterImpl-b70dd109-4c8a-4825-92cf-da82a42132cf/datanode-5/data/containers/hdds of  storage type : DISK and capacity : 52710309888
2019-07-14 01:13:42,209 INFO  volume.VolumeSet (VolumeSet.java:initializeVolumeSet(170)) - Added Volume : /tmp/workdir/hadoop-ozone/integration-test/target/test-dir/MiniOzoneClusterImpl-b70dd109-4c8a-4825-92cf-da82a42132cf/datanode-5/data/containers/hdds to VolumeSet
2019-07-14 01:13:42,209 INFO  volume.ThrottledAsyncChecker (ThrottledAsyncChecker.java:schedule(140)) - Scheduling a check for org.apache.hadoop.ozone.container.common.volume.HddsVolume@2aea717c
2019-07-14 01:13:42,210 INFO  volume.HddsVolumeChecker (HddsVolumeChecker.java:checkAllVolumes(203)) - Scheduled health check for volume org.apache.hadoop.ozone.container.common.volume.HddsVolume@2aea717c
2019-07-14 01:13:42,230 INFO  impl.RaftServerProxy (ConfUtils.java:logGet(43)) - raft.rpc.type = GRPC (default)
2019-07-14 01:13:42,231 INFO  grpc.GrpcFactory (GrpcFactory.java:checkPooledByteBufAllocatorUseCacheForAllThreads(45)) - PERFORMANCE WARNING: useCacheForAllThreads is true that may cause Netty to create a lot garbage objects and, as a result, trigger GC.
	It is recommended to disable useCacheForAllThreads by setting -Dorg.apache.ratis.thirdparty.io.netty.allocator.useCacheForAllThreads=false in command line.
2019-07-14 01:13:42,231 INFO  grpc.GrpcConfigKeys$Server (ConfUtils.java:logGet(43)) - raft.grpc.server.port = 0 (default)
2019-07-14 01:13:42,231 INFO  server.GrpcService (ConfUtils.java:logGet(43)) - raft.grpc.message.size.max = 33570816 (custom)
2019-07-14 01:13:42,232 INFO  server.RaftServerConfigKeys (ConfUtils.java:logGet(43)) - raft.server.log.appender.buffer.byte-limit = 33554432 (custom)
2019-07-14 01:13:42,232 INFO  server.GrpcService (ConfUtils.java:logGet(43)) - raft.grpc.flow.control.window = 1MB (=1048576) (default)
2019-07-14 01:13:42,232 INFO  server.RaftServerConfigKeys (ConfUtils.java:logGet(43)) - raft.server.rpc.request.timeout = 3000ms (default)
2019-07-14 01:13:42,233 INFO  server.RaftServerConfigKeys (ConfUtils.java:logGet(43)) - raft.server.storage.dir = [/tmp/workdir/hadoop-ozone/integration-test/target/test-dir/MiniOzoneClusterImpl-b70dd109-4c8a-4825-92cf-da82a42132cf/datanode-5/data/ratis] (custom)
2019-07-14 01:13:42,234 INFO  replication.SimpleContainerDownloader (SimpleContainerDownloader.java:<init>(72)) - Starting container downloader service to copy containers to replicate.
2019-07-14 01:13:42,235 INFO  hdfs.DFSUtil (DFSUtil.java:httpServerTemplateForNNAndJN(1641)) - Starting Web-server for hddsDatanode at: http://0.0.0.0:0
2019-07-14 01:13:42,237 INFO  server.AuthenticationFilter (AuthenticationFilter.java:constructSecretProvider(240)) - Unable to initialize FileSignerSecretProvider, falling back to use random secrets.
2019-07-14 01:13:42,238 WARN  http.HttpRequestLog (HttpRequestLog.java:getRequestLog(97)) - Jetty request log can only be enabled using Log4j
2019-07-14 01:13:42,240 INFO  http.HttpServer2 (HttpServer2.java:addGlobalFilter(975)) - Added global filter 'safety' (class=org.apache.hadoop.http.HttpServer2$QuotingInputFilter)
2019-07-14 01:13:42,241 INFO  http.HttpServer2 (HttpServer2.java:addFilter(948)) - Added filter static_user_filter (class=org.apache.hadoop.http.lib.StaticUserWebFilter$StaticUserFilter) to context hddsDatanode
2019-07-14 01:13:42,241 INFO  http.HttpServer2 (HttpServer2.java:addFilter(958)) - Added filter static_user_filter (class=org.apache.hadoop.http.lib.StaticUserWebFilter$StaticUserFilter) to context logs
2019-07-14 01:13:42,242 INFO  http.HttpServer2 (HttpServer2.java:addFilter(958)) - Added filter static_user_filter (class=org.apache.hadoop.http.lib.StaticUserWebFilter$StaticUserFilter) to context static
2019-07-14 01:13:42,243 INFO  http.HttpServer2 (HttpServer2.java:bindListener(1191)) - Jetty bound to port 35658
2019-07-14 01:13:42,243 INFO  server.Server (Server.java:doStart(351)) - jetty-9.3.24.v20180605, build timestamp: 2018-06-05T17:11:56Z, git hash: 84205aa28f11a4f31f2a3b86d1bba2cc8ab69827
2019-07-14 01:13:42,246 INFO  handler.ContextHandler (ContextHandler.java:doStart(781)) - Started o.e.j.s.ServletContextHandler@4a22e4d7{/logs,file:///tmp/workdir/hadoop-ozone/integration-test/target/log,AVAILABLE}
2019-07-14 01:13:42,247 INFO  handler.ContextHandler (ContextHandler.java:doStart(781)) - Started o.e.j.s.ServletContextHandler@16681017{/static,jar:file:/home/user/.m2/repository/org/apache/hadoop/hadoop-hdds-container-service/0.5.0-SNAPSHOT/hadoop-hdds-container-service-0.5.0-SNAPSHOT.jar!/webapps/static,AVAILABLE}
2019-07-14 01:13:42,292 INFO  handler.ContextHandler (ContextHandler.java:doStart(781)) - Started o.e.j.w.WebAppContext@629075f4{/,file:///tmp/jetty-0.0.0.0-35658-hddsDatanode-_-any-382862264702871879.dir/webapp/,AVAILABLE}{/hddsDatanode}
2019-07-14 01:13:42,292 INFO  server.AbstractConnector (AbstractConnector.java:doStart(278)) - Started ServerConnector@48499739{HTTP/1.1,[http/1.1]}{0.0.0.0:35658}
2019-07-14 01:13:42,294 INFO  server.Server (Server.java:doStart(419)) - Started @7151ms
2019-07-14 01:13:42,295 INFO  server.BaseHttpServer (BaseHttpServer.java:updateConnectorAddress(207)) - HTTP server of HDDSDATANODE is listening at http://0.0.0.0:35658
2019-07-14 01:13:42,433 INFO  ozone.HddsDatanodeService (HddsDatanodeService.java:startPlugins(396)) - Started plug-in org.apache.hadoop.ozone.web.OzoneHddsDatanodeService@5c1b89ac
2019-07-14 01:13:42,433 INFO  impl.MetricsSystemImpl (MetricsSystemImpl.java:init(158)) - HddsDatanode metrics system started (again)
2019-07-14 01:13:42,435 INFO  ozone.HddsDatanodeService (HddsDatanodeService.java:start(185)) - HddsDatanodeService host:trunk-nightly-sxkq5-3320257302 ip:192.168.157.230
2019-07-14 01:13:42,437 INFO  util.JvmPauseMonitor (JvmPauseMonitor.java:run(188)) - Starting JVM pause monitor
2019-07-14 01:13:42,441 INFO  datanode.InitDatanodeState (InitDatanodeState.java:persistContainerDatanodeDetails(140)) - DatanodeDetails is persisted to /tmp/workdir/hadoop-ozone/integration-test/target/test-dir/MiniOzoneClusterImpl-b70dd109-4c8a-4825-92cf-da82a42132cf/datanode-5/meta/datanode.id
2019-07-14 01:13:42,445 INFO  volume.HddsVolume (HddsVolume.java:<init>(176)) - Creating Volume: /tmp/workdir/hadoop-ozone/integration-test/target/test-dir/MiniOzoneClusterImpl-b70dd109-4c8a-4825-92cf-da82a42132cf/datanode-6/data/containers/hdds of  storage type : DISK and capacity : 52710309888
2019-07-14 01:13:42,445 INFO  volume.VolumeSet (VolumeSet.java:initializeVolumeSet(170)) - Added Volume : /tmp/workdir/hadoop-ozone/integration-test/target/test-dir/MiniOzoneClusterImpl-b70dd109-4c8a-4825-92cf-da82a42132cf/datanode-6/data/containers/hdds to VolumeSet
2019-07-14 01:13:42,445 INFO  volume.ThrottledAsyncChecker (ThrottledAsyncChecker.java:schedule(140)) - Scheduling a check for org.apache.hadoop.ozone.container.common.volume.HddsVolume@5d14e99e
2019-07-14 01:13:42,446 INFO  volume.HddsVolumeChecker (HddsVolumeChecker.java:checkAllVolumes(203)) - Scheduled health check for volume org.apache.hadoop.ozone.container.common.volume.HddsVolume@5d14e99e
2019-07-14 01:13:42,463 INFO  impl.RaftServerProxy (ConfUtils.java:logGet(43)) - raft.rpc.type = GRPC (default)
2019-07-14 01:13:42,463 INFO  grpc.GrpcFactory (GrpcFactory.java:checkPooledByteBufAllocatorUseCacheForAllThreads(45)) - PERFORMANCE WARNING: useCacheForAllThreads is true that may cause Netty to create a lot garbage objects and, as a result, trigger GC.
	It is recommended to disable useCacheForAllThreads by setting -Dorg.apache.ratis.thirdparty.io.netty.allocator.useCacheForAllThreads=false in command line.
2019-07-14 01:13:42,463 INFO  grpc.GrpcConfigKeys$Server (ConfUtils.java:logGet(43)) - raft.grpc.server.port = 0 (default)
2019-07-14 01:13:42,464 INFO  server.GrpcService (ConfUtils.java:logGet(43)) - raft.grpc.message.size.max = 33570816 (custom)
2019-07-14 01:13:42,464 INFO  server.RaftServerConfigKeys (ConfUtils.java:logGet(43)) - raft.server.log.appender.buffer.byte-limit = 33554432 (custom)
2019-07-14 01:13:42,464 INFO  server.GrpcService (ConfUtils.java:logGet(43)) - raft.grpc.flow.control.window = 1MB (=1048576) (default)
2019-07-14 01:13:42,464 INFO  server.RaftServerConfigKeys (ConfUtils.java:logGet(43)) - raft.server.rpc.request.timeout = 3000ms (default)
2019-07-14 01:13:42,465 INFO  server.RaftServerConfigKeys (ConfUtils.java:logGet(43)) - raft.server.storage.dir = [/tmp/workdir/hadoop-ozone/integration-test/target/test-dir/MiniOzoneClusterImpl-b70dd109-4c8a-4825-92cf-da82a42132cf/datanode-6/data/ratis] (custom)
2019-07-14 01:13:42,465 INFO  replication.SimpleContainerDownloader (SimpleContainerDownloader.java:<init>(72)) - Starting container downloader service to copy containers to replicate.
2019-07-14 01:13:42,466 INFO  hdfs.DFSUtil (DFSUtil.java:httpServerTemplateForNNAndJN(1641)) - Starting Web-server for hddsDatanode at: http://0.0.0.0:0
2019-07-14 01:13:42,468 INFO  server.AuthenticationFilter (AuthenticationFilter.java:constructSecretProvider(240)) - Unable to initialize FileSignerSecretProvider, falling back to use random secrets.
2019-07-14 01:13:42,468 WARN  http.HttpRequestLog (HttpRequestLog.java:getRequestLog(97)) - Jetty request log can only be enabled using Log4j
2019-07-14 01:13:42,469 INFO  http.HttpServer2 (HttpServer2.java:addGlobalFilter(975)) - Added global filter 'safety' (class=org.apache.hadoop.http.HttpServer2$QuotingInputFilter)
2019-07-14 01:13:42,470 INFO  http.HttpServer2 (HttpServer2.java:addFilter(948)) - Added filter static_user_filter (class=org.apache.hadoop.http.lib.StaticUserWebFilter$StaticUserFilter) to context hddsDatanode
2019-07-14 01:13:42,470 INFO  http.HttpServer2 (HttpServer2.java:addFilter(958)) - Added filter static_user_filter (class=org.apache.hadoop.http.lib.StaticUserWebFilter$StaticUserFilter) to context static
2019-07-14 01:13:42,470 INFO  http.HttpServer2 (HttpServer2.java:addFilter(958)) - Added filter static_user_filter (class=org.apache.hadoop.http.lib.StaticUserWebFilter$StaticUserFilter) to context logs
2019-07-14 01:13:42,471 INFO  http.HttpServer2 (HttpServer2.java:bindListener(1191)) - Jetty bound to port 33233
2019-07-14 01:13:42,471 INFO  server.Server (Server.java:doStart(351)) - jetty-9.3.24.v20180605, build timestamp: 2018-06-05T17:11:56Z, git hash: 84205aa28f11a4f31f2a3b86d1bba2cc8ab69827
2019-07-14 01:13:42,473 INFO  handler.ContextHandler (ContextHandler.java:doStart(781)) - Started o.e.j.s.ServletContextHandler@1537c744{/logs,file:///tmp/workdir/hadoop-ozone/integration-test/target/log,AVAILABLE}
2019-07-14 01:13:42,474 INFO  handler.ContextHandler (ContextHandler.java:doStart(781)) - Started o.e.j.s.ServletContextHandler@50122012{/static,jar:file:/home/user/.m2/repository/org/apache/hadoop/hadoop-hdds-container-service/0.5.0-SNAPSHOT/hadoop-hdds-container-service-0.5.0-SNAPSHOT.jar!/webapps/static,AVAILABLE}
2019-07-14 01:13:42,501 INFO  handler.ContextHandler (ContextHandler.java:doStart(781)) - Started o.e.j.w.WebAppContext@133aacbe{/,file:///tmp/jetty-0.0.0.0-33233-hddsDatanode-_-any-2430785220361184797.dir/webapp/,AVAILABLE}{/hddsDatanode}
2019-07-14 01:13:42,502 INFO  server.AbstractConnector (AbstractConnector.java:doStart(278)) - Started ServerConnector@2aa5bd48{HTTP/1.1,[http/1.1]}{0.0.0.0:33233}
2019-07-14 01:13:42,503 INFO  server.Server (Server.java:doStart(419)) - Started @7360ms
2019-07-14 01:13:42,503 INFO  server.BaseHttpServer (BaseHttpServer.java:updateConnectorAddress(207)) - HTTP server of HDDSDATANODE is listening at http://0.0.0.0:33233
2019-07-14 01:13:42,693 INFO  ozone.HddsDatanodeService (HddsDatanodeService.java:startPlugins(396)) - Started plug-in org.apache.hadoop.ozone.web.OzoneHddsDatanodeService@733534f9
2019-07-14 01:13:42,694 INFO  impl.MetricsSystemImpl (MetricsSystemImpl.java:init(158)) - HddsDatanode metrics system started (again)
2019-07-14 01:13:42,695 INFO  ozone.HddsDatanodeService (HddsDatanodeService.java:start(185)) - HddsDatanodeService host:trunk-nightly-sxkq5-3320257302 ip:192.168.157.230
2019-07-14 01:13:42,697 INFO  util.JvmPauseMonitor (JvmPauseMonitor.java:run(188)) - Starting JVM pause monitor
2019-07-14 01:13:42,700 INFO  datanode.InitDatanodeState (InitDatanodeState.java:persistContainerDatanodeDetails(140)) - DatanodeDetails is persisted to /tmp/workdir/hadoop-ozone/integration-test/target/test-dir/MiniOzoneClusterImpl-b70dd109-4c8a-4825-92cf-da82a42132cf/datanode-6/meta/datanode.id
2019-07-14 01:13:42,707 INFO  volume.HddsVolume (HddsVolume.java:<init>(176)) - Creating Volume: /tmp/workdir/hadoop-ozone/integration-test/target/test-dir/MiniOzoneClusterImpl-b70dd109-4c8a-4825-92cf-da82a42132cf/datanode-7/data/containers/hdds of  storage type : DISK and capacity : 52710309888
2019-07-14 01:13:42,707 INFO  volume.VolumeSet (VolumeSet.java:initializeVolumeSet(170)) - Added Volume : /tmp/workdir/hadoop-ozone/integration-test/target/test-dir/MiniOzoneClusterImpl-b70dd109-4c8a-4825-92cf-da82a42132cf/datanode-7/data/containers/hdds to VolumeSet
2019-07-14 01:13:42,707 INFO  volume.ThrottledAsyncChecker (ThrottledAsyncChecker.java:schedule(140)) - Scheduling a check for org.apache.hadoop.ozone.container.common.volume.HddsVolume@2bfc2f8b
2019-07-14 01:13:42,708 INFO  volume.HddsVolumeChecker (HddsVolumeChecker.java:checkAllVolumes(203)) - Scheduled health check for volume org.apache.hadoop.ozone.container.common.volume.HddsVolume@2bfc2f8b
2019-07-14 01:13:42,721 INFO  impl.RaftServerProxy (ConfUtils.java:logGet(43)) - raft.rpc.type = GRPC (default)
2019-07-14 01:13:42,721 INFO  grpc.GrpcFactory (GrpcFactory.java:checkPooledByteBufAllocatorUseCacheForAllThreads(45)) - PERFORMANCE WARNING: useCacheForAllThreads is true that may cause Netty to create a lot garbage objects and, as a result, trigger GC.
	It is recommended to disable useCacheForAllThreads by setting -Dorg.apache.ratis.thirdparty.io.netty.allocator.useCacheForAllThreads=false in command line.
2019-07-14 01:13:42,722 INFO  grpc.GrpcConfigKeys$Server (ConfUtils.java:logGet(43)) - raft.grpc.server.port = 0 (default)
2019-07-14 01:13:42,722 INFO  server.GrpcService (ConfUtils.java:logGet(43)) - raft.grpc.message.size.max = 33570816 (custom)
2019-07-14 01:13:42,722 INFO  server.RaftServerConfigKeys (ConfUtils.java:logGet(43)) - raft.server.log.appender.buffer.byte-limit = 33554432 (custom)
2019-07-14 01:13:42,722 INFO  server.GrpcService (ConfUtils.java:logGet(43)) - raft.grpc.flow.control.window = 1MB (=1048576) (default)
2019-07-14 01:13:42,722 INFO  server.RaftServerConfigKeys (ConfUtils.java:logGet(43)) - raft.server.rpc.request.timeout = 3000ms (default)
2019-07-14 01:13:42,723 INFO  server.RaftServerConfigKeys (ConfUtils.java:logGet(43)) - raft.server.storage.dir = [/tmp/workdir/hadoop-ozone/integration-test/target/test-dir/MiniOzoneClusterImpl-b70dd109-4c8a-4825-92cf-da82a42132cf/datanode-7/data/ratis] (custom)
2019-07-14 01:13:42,723 INFO  replication.SimpleContainerDownloader (SimpleContainerDownloader.java:<init>(72)) - Starting container downloader service to copy containers to replicate.
2019-07-14 01:13:42,724 INFO  hdfs.DFSUtil (DFSUtil.java:httpServerTemplateForNNAndJN(1641)) - Starting Web-server for hddsDatanode at: http://0.0.0.0:0
2019-07-14 01:13:42,726 INFO  server.AuthenticationFilter (AuthenticationFilter.java:constructSecretProvider(240)) - Unable to initialize FileSignerSecretProvider, falling back to use random secrets.
2019-07-14 01:13:42,726 WARN  http.HttpRequestLog (HttpRequestLog.java:getRequestLog(97)) - Jetty request log can only be enabled using Log4j
2019-07-14 01:13:42,727 INFO  http.HttpServer2 (HttpServer2.java:addGlobalFilter(975)) - Added global filter 'safety' (class=org.apache.hadoop.http.HttpServer2$QuotingInputFilter)
2019-07-14 01:13:42,728 INFO  http.HttpServer2 (HttpServer2.java:addFilter(948)) - Added filter static_user_filter (class=org.apache.hadoop.http.lib.StaticUserWebFilter$StaticUserFilter) to context hddsDatanode
2019-07-14 01:13:42,728 INFO  http.HttpServer2 (HttpServer2.java:addFilter(958)) - Added filter static_user_filter (class=org.apache.hadoop.http.lib.StaticUserWebFilter$StaticUserFilter) to context logs
2019-07-14 01:13:42,728 INFO  http.HttpServer2 (HttpServer2.java:addFilter(958)) - Added filter static_user_filter (class=org.apache.hadoop.http.lib.StaticUserWebFilter$StaticUserFilter) to context static
2019-07-14 01:13:42,729 INFO  http.HttpServer2 (HttpServer2.java:bindListener(1191)) - Jetty bound to port 42500
2019-07-14 01:13:42,729 INFO  server.Server (Server.java:doStart(351)) - jetty-9.3.24.v20180605, build timestamp: 2018-06-05T17:11:56Z, git hash: 84205aa28f11a4f31f2a3b86d1bba2cc8ab69827
2019-07-14 01:13:42,730 INFO  handler.ContextHandler (ContextHandler.java:doStart(781)) - Started o.e.j.s.ServletContextHandler@f18b738{/logs,file:///tmp/workdir/hadoop-ozone/integration-test/target/log,AVAILABLE}
2019-07-14 01:13:42,731 INFO  handler.ContextHandler (ContextHandler.java:doStart(781)) - Started o.e.j.s.ServletContextHandler@aca3c85{/static,jar:file:/home/user/.m2/repository/org/apache/hadoop/hadoop-hdds-container-service/0.5.0-SNAPSHOT/hadoop-hdds-container-service-0.5.0-SNAPSHOT.jar!/webapps/static,AVAILABLE}
2019-07-14 01:13:42,758 INFO  handler.ContextHandler (ContextHandler.java:doStart(781)) - Started o.e.j.w.WebAppContext@edb83f8{/,file:///tmp/jetty-0.0.0.0-42500-hddsDatanode-_-any-2135634301922374604.dir/webapp/,AVAILABLE}{/hddsDatanode}
2019-07-14 01:13:42,758 INFO  server.AbstractConnector (AbstractConnector.java:doStart(278)) - Started ServerConnector@8b41ad{HTTP/1.1,[http/1.1]}{0.0.0.0:42500}
2019-07-14 01:13:42,759 INFO  server.Server (Server.java:doStart(419)) - Started @7617ms
2019-07-14 01:13:42,760 INFO  server.BaseHttpServer (BaseHttpServer.java:updateConnectorAddress(207)) - HTTP server of HDDSDATANODE is listening at http://0.0.0.0:42500
2019-07-14 01:13:42,873 INFO  ozone.HddsDatanodeService (HddsDatanodeService.java:startPlugins(396)) - Started plug-in org.apache.hadoop.ozone.web.OzoneHddsDatanodeService@dd737ea
2019-07-14 01:13:42,873 INFO  impl.MetricsSystemImpl (MetricsSystemImpl.java:init(158)) - HddsDatanode metrics system started (again)
2019-07-14 01:13:42,874 INFO  ozone.HddsDatanodeService (HddsDatanodeService.java:start(185)) - HddsDatanodeService host:trunk-nightly-sxkq5-3320257302 ip:192.168.157.230
2019-07-14 01:13:42,876 INFO  util.JvmPauseMonitor (JvmPauseMonitor.java:run(188)) - Starting JVM pause monitor
2019-07-14 01:13:42,878 INFO  datanode.InitDatanodeState (InitDatanodeState.java:persistContainerDatanodeDetails(140)) - DatanodeDetails is persisted to /tmp/workdir/hadoop-ozone/integration-test/target/test-dir/MiniOzoneClusterImpl-b70dd109-4c8a-4825-92cf-da82a42132cf/datanode-7/meta/datanode.id
2019-07-14 01:13:42,884 INFO  volume.HddsVolume (HddsVolume.java:<init>(176)) - Creating Volume: /tmp/workdir/hadoop-ozone/integration-test/target/test-dir/MiniOzoneClusterImpl-b70dd109-4c8a-4825-92cf-da82a42132cf/datanode-8/data/containers/hdds of  storage type : DISK and capacity : 52710309888
2019-07-14 01:13:42,884 INFO  volume.VolumeSet (VolumeSet.java:initializeVolumeSet(170)) - Added Volume : /tmp/workdir/hadoop-ozone/integration-test/target/test-dir/MiniOzoneClusterImpl-b70dd109-4c8a-4825-92cf-da82a42132cf/datanode-8/data/containers/hdds to VolumeSet
2019-07-14 01:13:42,884 INFO  volume.ThrottledAsyncChecker (ThrottledAsyncChecker.java:schedule(140)) - Scheduling a check for org.apache.hadoop.ozone.container.common.volume.HddsVolume@464ede1f
2019-07-14 01:13:42,885 INFO  volume.HddsVolumeChecker (HddsVolumeChecker.java:checkAllVolumes(203)) - Scheduled health check for volume org.apache.hadoop.ozone.container.common.volume.HddsVolume@464ede1f
2019-07-14 01:13:42,898 INFO  impl.RaftServerProxy (ConfUtils.java:logGet(43)) - raft.rpc.type = GRPC (default)
2019-07-14 01:13:42,898 INFO  grpc.GrpcFactory (GrpcFactory.java:checkPooledByteBufAllocatorUseCacheForAllThreads(45)) - PERFORMANCE WARNING: useCacheForAllThreads is true that may cause Netty to create a lot garbage objects and, as a result, trigger GC.
	It is recommended to disable useCacheForAllThreads by setting -Dorg.apache.ratis.thirdparty.io.netty.allocator.useCacheForAllThreads=false in command line.
2019-07-14 01:13:42,898 INFO  grpc.GrpcConfigKeys$Server (ConfUtils.java:logGet(43)) - raft.grpc.server.port = 0 (default)
2019-07-14 01:13:42,899 INFO  server.GrpcService (ConfUtils.java:logGet(43)) - raft.grpc.message.size.max = 33570816 (custom)
2019-07-14 01:13:42,899 INFO  server.RaftServerConfigKeys (ConfUtils.java:logGet(43)) - raft.server.log.appender.buffer.byte-limit = 33554432 (custom)
2019-07-14 01:13:42,899 INFO  server.GrpcService (ConfUtils.java:logGet(43)) - raft.grpc.flow.control.window = 1MB (=1048576) (default)
2019-07-14 01:13:42,899 INFO  server.RaftServerConfigKeys (ConfUtils.java:logGet(43)) - raft.server.rpc.request.timeout = 3000ms (default)
2019-07-14 01:13:42,900 INFO  server.RaftServerConfigKeys (ConfUtils.java:logGet(43)) - raft.server.storage.dir = [/tmp/workdir/hadoop-ozone/integration-test/target/test-dir/MiniOzoneClusterImpl-b70dd109-4c8a-4825-92cf-da82a42132cf/datanode-8/data/ratis] (custom)
2019-07-14 01:13:42,900 INFO  replication.SimpleContainerDownloader (SimpleContainerDownloader.java:<init>(72)) - Starting container downloader service to copy containers to replicate.
2019-07-14 01:13:42,901 INFO  hdfs.DFSUtil (DFSUtil.java:httpServerTemplateForNNAndJN(1641)) - Starting Web-server for hddsDatanode at: http://0.0.0.0:0
2019-07-14 01:13:42,902 INFO  server.AuthenticationFilter (AuthenticationFilter.java:constructSecretProvider(240)) - Unable to initialize FileSignerSecretProvider, falling back to use random secrets.
2019-07-14 01:13:42,903 WARN  http.HttpRequestLog (HttpRequestLog.java:getRequestLog(97)) - Jetty request log can only be enabled using Log4j
2019-07-14 01:13:42,904 INFO  http.HttpServer2 (HttpServer2.java:addGlobalFilter(975)) - Added global filter 'safety' (class=org.apache.hadoop.http.HttpServer2$QuotingInputFilter)
2019-07-14 01:13:42,904 INFO  http.HttpServer2 (HttpServer2.java:addFilter(948)) - Added filter static_user_filter (class=org.apache.hadoop.http.lib.StaticUserWebFilter$StaticUserFilter) to context hddsDatanode
2019-07-14 01:13:42,905 INFO  http.HttpServer2 (HttpServer2.java:addFilter(958)) - Added filter static_user_filter (class=org.apache.hadoop.http.lib.StaticUserWebFilter$StaticUserFilter) to context logs
2019-07-14 01:13:42,905 INFO  http.HttpServer2 (HttpServer2.java:addFilter(958)) - Added filter static_user_filter (class=org.apache.hadoop.http.lib.StaticUserWebFilter$StaticUserFilter) to context static
2019-07-14 01:13:42,905 INFO  http.HttpServer2 (HttpServer2.java:bindListener(1191)) - Jetty bound to port 46650
2019-07-14 01:13:42,906 INFO  server.Server (Server.java:doStart(351)) - jetty-9.3.24.v20180605, build timestamp: 2018-06-05T17:11:56Z, git hash: 84205aa28f11a4f31f2a3b86d1bba2cc8ab69827
2019-07-14 01:13:42,907 INFO  handler.ContextHandler (ContextHandler.java:doStart(781)) - Started o.e.j.s.ServletContextHandler@2a1e57c6{/logs,file:///tmp/workdir/hadoop-ozone/integration-test/target/log,AVAILABLE}
2019-07-14 01:13:42,908 INFO  handler.ContextHandler (ContextHandler.java:doStart(781)) - Started o.e.j.s.ServletContextHandler@6c96403e{/static,jar:file:/home/user/.m2/repository/org/apache/hadoop/hadoop-hdds-container-service/0.5.0-SNAPSHOT/hadoop-hdds-container-service-0.5.0-SNAPSHOT.jar!/webapps/static,AVAILABLE}
2019-07-14 01:13:42,935 INFO  handler.ContextHandler (ContextHandler.java:doStart(781)) - Started o.e.j.w.WebAppContext@14ed7ddf{/,file:///tmp/jetty-0.0.0.0-46650-hddsDatanode-_-any-3522161811940989028.dir/webapp/,AVAILABLE}{/hddsDatanode}
2019-07-14 01:13:42,935 INFO  server.AbstractConnector (AbstractConnector.java:doStart(278)) - Started ServerConnector@892af0e{HTTP/1.1,[http/1.1]}{0.0.0.0:46650}
2019-07-14 01:13:42,936 INFO  server.Server (Server.java:doStart(419)) - Started @7794ms
2019-07-14 01:13:42,937 INFO  server.BaseHttpServer (BaseHttpServer.java:updateConnectorAddress(207)) - HTTP server of HDDSDATANODE is listening at http://0.0.0.0:46650
2019-07-14 01:13:43,045 INFO  ozone.HddsDatanodeService (HddsDatanodeService.java:startPlugins(396)) - Started plug-in org.apache.hadoop.ozone.web.OzoneHddsDatanodeService@3335afcf
2019-07-14 01:13:43,046 INFO  impl.MetricsSystemImpl (MetricsSystemImpl.java:init(158)) - HddsDatanode metrics system started (again)
2019-07-14 01:13:43,047 INFO  ozone.HddsDatanodeService (HddsDatanodeService.java:start(185)) - HddsDatanodeService host:trunk-nightly-sxkq5-3320257302 ip:192.168.157.230
2019-07-14 01:13:43,049 INFO  util.JvmPauseMonitor (JvmPauseMonitor.java:run(188)) - Starting JVM pause monitor
2019-07-14 01:13:43,052 INFO  datanode.InitDatanodeState (InitDatanodeState.java:persistContainerDatanodeDetails(140)) - DatanodeDetails is persisted to /tmp/workdir/hadoop-ozone/integration-test/target/test-dir/MiniOzoneClusterImpl-b70dd109-4c8a-4825-92cf-da82a42132cf/datanode-8/meta/datanode.id
2019-07-14 01:13:43,058 INFO  volume.HddsVolume (HddsVolume.java:<init>(176)) - Creating Volume: /tmp/workdir/hadoop-ozone/integration-test/target/test-dir/MiniOzoneClusterImpl-b70dd109-4c8a-4825-92cf-da82a42132cf/datanode-9/data/containers/hdds of  storage type : DISK and capacity : 52710309888
2019-07-14 01:13:43,059 INFO  volume.VolumeSet (VolumeSet.java:initializeVolumeSet(170)) - Added Volume : /tmp/workdir/hadoop-ozone/integration-test/target/test-dir/MiniOzoneClusterImpl-b70dd109-4c8a-4825-92cf-da82a42132cf/datanode-9/data/containers/hdds to VolumeSet
2019-07-14 01:13:43,059 INFO  volume.ThrottledAsyncChecker (ThrottledAsyncChecker.java:schedule(140)) - Scheduling a check for org.apache.hadoop.ozone.container.common.volume.HddsVolume@58e03769
2019-07-14 01:13:43,059 INFO  volume.HddsVolumeChecker (HddsVolumeChecker.java:checkAllVolumes(203)) - Scheduled health check for volume org.apache.hadoop.ozone.container.common.volume.HddsVolume@58e03769
2019-07-14 01:13:43,073 INFO  impl.RaftServerProxy (ConfUtils.java:logGet(43)) - raft.rpc.type = GRPC (default)
2019-07-14 01:13:43,073 INFO  grpc.GrpcFactory (GrpcFactory.java:checkPooledByteBufAllocatorUseCacheForAllThreads(45)) - PERFORMANCE WARNING: useCacheForAllThreads is true that may cause Netty to create a lot garbage objects and, as a result, trigger GC.
	It is recommended to disable useCacheForAllThreads by setting -Dorg.apache.ratis.thirdparty.io.netty.allocator.useCacheForAllThreads=false in command line.
2019-07-14 01:13:43,074 INFO  grpc.GrpcConfigKeys$Server (ConfUtils.java:logGet(43)) - raft.grpc.server.port = 0 (default)
2019-07-14 01:13:43,074 INFO  server.GrpcService (ConfUtils.java:logGet(43)) - raft.grpc.message.size.max = 33570816 (custom)
2019-07-14 01:13:43,074 INFO  server.RaftServerConfigKeys (ConfUtils.java:logGet(43)) - raft.server.log.appender.buffer.byte-limit = 33554432 (custom)
2019-07-14 01:13:43,074 INFO  server.GrpcService (ConfUtils.java:logGet(43)) - raft.grpc.flow.control.window = 1MB (=1048576) (default)
2019-07-14 01:13:43,074 INFO  server.RaftServerConfigKeys (ConfUtils.java:logGet(43)) - raft.server.rpc.request.timeout = 3000ms (default)
2019-07-14 01:13:43,075 INFO  server.RaftServerConfigKeys (ConfUtils.java:logGet(43)) - raft.server.storage.dir = [/tmp/workdir/hadoop-ozone/integration-test/target/test-dir/MiniOzoneClusterImpl-b70dd109-4c8a-4825-92cf-da82a42132cf/datanode-9/data/ratis] (custom)
2019-07-14 01:13:43,075 INFO  replication.SimpleContainerDownloader (SimpleContainerDownloader.java:<init>(72)) - Starting container downloader service to copy containers to replicate.
2019-07-14 01:13:43,076 INFO  hdfs.DFSUtil (DFSUtil.java:httpServerTemplateForNNAndJN(1641)) - Starting Web-server for hddsDatanode at: http://0.0.0.0:0
2019-07-14 01:13:43,077 INFO  server.AuthenticationFilter (AuthenticationFilter.java:constructSecretProvider(240)) - Unable to initialize FileSignerSecretProvider, falling back to use random secrets.
2019-07-14 01:13:43,078 WARN  http.HttpRequestLog (HttpRequestLog.java:getRequestLog(97)) - Jetty request log can only be enabled using Log4j
2019-07-14 01:13:43,079 INFO  http.HttpServer2 (HttpServer2.java:addGlobalFilter(975)) - Added global filter 'safety' (class=org.apache.hadoop.http.HttpServer2$QuotingInputFilter)
2019-07-14 01:13:43,080 INFO  http.HttpServer2 (HttpServer2.java:addFilter(948)) - Added filter static_user_filter (class=org.apache.hadoop.http.lib.StaticUserWebFilter$StaticUserFilter) to context hddsDatanode
2019-07-14 01:13:43,080 INFO  http.HttpServer2 (HttpServer2.java:addFilter(958)) - Added filter static_user_filter (class=org.apache.hadoop.http.lib.StaticUserWebFilter$StaticUserFilter) to context logs
2019-07-14 01:13:43,080 INFO  http.HttpServer2 (HttpServer2.java:addFilter(958)) - Added filter static_user_filter (class=org.apache.hadoop.http.lib.StaticUserWebFilter$StaticUserFilter) to context static
2019-07-14 01:13:43,080 INFO  http.HttpServer2 (HttpServer2.java:bindListener(1191)) - Jetty bound to port 40689
2019-07-14 01:13:43,081 INFO  server.Server (Server.java:doStart(351)) - jetty-9.3.24.v20180605, build timestamp: 2018-06-05T17:11:56Z, git hash: 84205aa28f11a4f31f2a3b86d1bba2cc8ab69827
2019-07-14 01:13:43,082 INFO  handler.ContextHandler (ContextHandler.java:doStart(781)) - Started o.e.j.s.ServletContextHandler@40f9f60d{/logs,file:///tmp/workdir/hadoop-ozone/integration-test/target/log,AVAILABLE}
2019-07-14 01:13:43,083 INFO  handler.ContextHandler (ContextHandler.java:doStart(781)) - Started o.e.j.s.ServletContextHandler@628ba266{/static,jar:file:/home/user/.m2/repository/org/apache/hadoop/hadoop-hdds-container-service/0.5.0-SNAPSHOT/hadoop-hdds-container-service-0.5.0-SNAPSHOT.jar!/webapps/static,AVAILABLE}
2019-07-14 01:13:43,109 INFO  handler.ContextHandler (ContextHandler.java:doStart(781)) - Started o.e.j.w.WebAppContext@76af34b5{/,file:///tmp/jetty-0.0.0.0-40689-hddsDatanode-_-any-6484625496337497916.dir/webapp/,AVAILABLE}{/hddsDatanode}
2019-07-14 01:13:43,110 INFO  server.AbstractConnector (AbstractConnector.java:doStart(278)) - Started ServerConnector@3313463c{HTTP/1.1,[http/1.1]}{0.0.0.0:40689}
2019-07-14 01:13:43,111 INFO  server.Server (Server.java:doStart(419)) - Started @7968ms
2019-07-14 01:13:43,112 INFO  server.BaseHttpServer (BaseHttpServer.java:updateConnectorAddress(207)) - HTTP server of HDDSDATANODE is listening at http://0.0.0.0:40689
2019-07-14 01:13:43,219 INFO  ozone.HddsDatanodeService (HddsDatanodeService.java:startPlugins(396)) - Started plug-in org.apache.hadoop.ozone.web.OzoneHddsDatanodeService@297bd171
2019-07-14 01:13:43,222 INFO  ozone.MiniOzoneClusterImpl (MiniOzoneClusterImpl.java:lambda$waitForClusterToBeReady$0(142)) - Waiting for cluster to be ready. Got 0 of 10 DN Heartbeats.
2019-07-14 01:13:43,223 INFO  util.JvmPauseMonitor (JvmPauseMonitor.java:run(188)) - Starting JVM pause monitor
2019-07-14 01:13:43,226 INFO  datanode.InitDatanodeState (InitDatanodeState.java:persistContainerDatanodeDetails(140)) - DatanodeDetails is persisted to /tmp/workdir/hadoop-ozone/integration-test/target/test-dir/MiniOzoneClusterImpl-b70dd109-4c8a-4825-92cf-da82a42132cf/datanode-9/meta/datanode.id
2019-07-14 01:13:43,390 INFO  ozoneimpl.OzoneContainer (OzoneContainer.java:start(186)) - Attempting to start container services.
2019-07-14 01:13:43,395 INFO  ozoneimpl.OzoneContainer (OzoneContainer.java:startContainerScrub(160)) - Background container scrubber has been disabled by hdds.containerscrub.enabled
2019-07-14 01:13:43,395 INFO  ratis.XceiverServerRatis (XceiverServerRatis.java:start(418)) - Starting XceiverServerRatis a1ec0c5b-f624-44c0-a6a7-3c10e65c06c3 at port 0
2019-07-14 01:13:43,417 INFO  impl.RaftServerProxy (RaftServerProxy.java:lambda$start$3(299)) - a1ec0c5b-f624-44c0-a6a7-3c10e65c06c3: start RPC server
2019-07-14 01:13:43,545 INFO  server.GrpcService (GrpcService.java:startImpl(149)) - a1ec0c5b-f624-44c0-a6a7-3c10e65c06c3: GrpcService started, listening on 0.0.0.0/0.0.0.0:37189
2019-07-14 01:13:43,546 INFO  ratis.XceiverServerRatis (XceiverServerRatis.java:start(428)) - XceiverServerRatis a1ec0c5b-f624-44c0-a6a7-3c10e65c06c3 is started using port 37189
2019-07-14 01:13:43,549 INFO  server.XceiverServerGrpc (XceiverServerGrpc.java:start(161)) - XceiverServerGrpc a1ec0c5b-f624-44c0-a6a7-3c10e65c06c3 is started using port 45023
2019-07-14 01:13:43,586 INFO  ozoneimpl.OzoneContainer (OzoneContainer.java:start(186)) - Attempting to start container services.
2019-07-14 01:13:43,587 INFO  ozoneimpl.OzoneContainer (OzoneContainer.java:startContainerScrub(160)) - Background container scrubber has been disabled by hdds.containerscrub.enabled
2019-07-14 01:13:43,588 INFO  ratis.XceiverServerRatis (XceiverServerRatis.java:start(418)) - Starting XceiverServerRatis e4f3b87b-e2e3-4845-b52f-439ada87136d at port 0
2019-07-14 01:13:43,597 INFO  impl.RaftServerProxy (RaftServerProxy.java:lambda$start$3(299)) - e4f3b87b-e2e3-4845-b52f-439ada87136d: start RPC server
2019-07-14 01:13:43,601 INFO  server.GrpcService (GrpcService.java:startImpl(149)) - e4f3b87b-e2e3-4845-b52f-439ada87136d: GrpcService started, listening on 0.0.0.0/0.0.0.0:45517
2019-07-14 01:13:43,601 INFO  ratis.XceiverServerRatis (XceiverServerRatis.java:start(428)) - XceiverServerRatis e4f3b87b-e2e3-4845-b52f-439ada87136d is started using port 45517
2019-07-14 01:13:43,604 INFO  server.XceiverServerGrpc (XceiverServerGrpc.java:start(161)) - XceiverServerGrpc e4f3b87b-e2e3-4845-b52f-439ada87136d is started using port 38479
2019-07-14 01:13:43,810 INFO  ozoneimpl.OzoneContainer (OzoneContainer.java:start(186)) - Attempting to start container services.
2019-07-14 01:13:43,810 INFO  ozoneimpl.OzoneContainer (OzoneContainer.java:startContainerScrub(160)) - Background container scrubber has been disabled by hdds.containerscrub.enabled
2019-07-14 01:13:43,810 INFO  ratis.XceiverServerRatis (XceiverServerRatis.java:start(418)) - Starting XceiverServerRatis e50ba753-2da3-49fc-b02e-4b4c8371c5c8 at port 0
2019-07-14 01:13:43,818 INFO  impl.RaftServerProxy (RaftServerProxy.java:lambda$start$3(299)) - e50ba753-2da3-49fc-b02e-4b4c8371c5c8: start RPC server
2019-07-14 01:13:43,821 INFO  server.GrpcService (GrpcService.java:startImpl(149)) - e50ba753-2da3-49fc-b02e-4b4c8371c5c8: GrpcService started, listening on 0.0.0.0/0.0.0.0:34873
2019-07-14 01:13:43,822 INFO  ratis.XceiverServerRatis (XceiverServerRatis.java:start(428)) - XceiverServerRatis e50ba753-2da3-49fc-b02e-4b4c8371c5c8 is started using port 34873
2019-07-14 01:13:43,826 INFO  server.XceiverServerGrpc (XceiverServerGrpc.java:start(161)) - XceiverServerGrpc e50ba753-2da3-49fc-b02e-4b4c8371c5c8 is started using port 46204
2019-07-14 01:13:44,031 INFO  ozoneimpl.OzoneContainer (OzoneContainer.java:start(186)) - Attempting to start container services.
2019-07-14 01:13:44,031 INFO  ozoneimpl.OzoneContainer (OzoneContainer.java:startContainerScrub(160)) - Background container scrubber has been disabled by hdds.containerscrub.enabled
2019-07-14 01:13:44,031 INFO  ratis.XceiverServerRatis (XceiverServerRatis.java:start(418)) - Starting XceiverServerRatis 4b5e2365-0792-493b-a732-2ddb2a0a00c3 at port 0
2019-07-14 01:13:44,042 INFO  impl.RaftServerProxy (RaftServerProxy.java:lambda$start$3(299)) - 4b5e2365-0792-493b-a732-2ddb2a0a00c3: start RPC server
2019-07-14 01:13:44,048 INFO  server.GrpcService (GrpcService.java:startImpl(149)) - 4b5e2365-0792-493b-a732-2ddb2a0a00c3: GrpcService started, listening on 0.0.0.0/0.0.0.0:42558
2019-07-14 01:13:44,048 INFO  ratis.XceiverServerRatis (XceiverServerRatis.java:start(428)) - XceiverServerRatis 4b5e2365-0792-493b-a732-2ddb2a0a00c3 is started using port 42558
2019-07-14 01:13:44,052 INFO  server.XceiverServerGrpc (XceiverServerGrpc.java:start(161)) - XceiverServerGrpc 4b5e2365-0792-493b-a732-2ddb2a0a00c3 is started using port 35932
2019-07-14 01:13:44,217 INFO  ozoneimpl.OzoneContainer (OzoneContainer.java:start(186)) - Attempting to start container services.
2019-07-14 01:13:44,217 INFO  ozoneimpl.OzoneContainer (OzoneContainer.java:startContainerScrub(160)) - Background container scrubber has been disabled by hdds.containerscrub.enabled
2019-07-14 01:13:44,217 INFO  ratis.XceiverServerRatis (XceiverServerRatis.java:start(418)) - Starting XceiverServerRatis a0b17703-4af1-46b4-9f63-82cc7d3bf30b at port 0
2019-07-14 01:13:44,223 INFO  ozone.MiniOzoneClusterImpl (MiniOzoneClusterImpl.java:lambda$waitForClusterToBeReady$0(142)) - Waiting for cluster to be ready. Got 0 of 10 DN Heartbeats.
2019-07-14 01:13:44,228 INFO  impl.RaftServerProxy (RaftServerProxy.java:lambda$start$3(299)) - a0b17703-4af1-46b4-9f63-82cc7d3bf30b: start RPC server
2019-07-14 01:13:44,232 INFO  server.GrpcService (GrpcService.java:startImpl(149)) - a0b17703-4af1-46b4-9f63-82cc7d3bf30b: GrpcService started, listening on 0.0.0.0/0.0.0.0:36754
2019-07-14 01:13:44,232 INFO  ratis.XceiverServerRatis (XceiverServerRatis.java:start(428)) - XceiverServerRatis a0b17703-4af1-46b4-9f63-82cc7d3bf30b is started using port 36754
2019-07-14 01:13:44,238 INFO  server.XceiverServerGrpc (XceiverServerGrpc.java:start(161)) - XceiverServerGrpc a0b17703-4af1-46b4-9f63-82cc7d3bf30b is started using port 45841
2019-07-14 01:13:44,456 INFO  ozoneimpl.OzoneContainer (OzoneContainer.java:start(186)) - Attempting to start container services.
2019-07-14 01:13:44,456 INFO  ozoneimpl.OzoneContainer (OzoneContainer.java:startContainerScrub(160)) - Background container scrubber has been disabled by hdds.containerscrub.enabled
2019-07-14 01:13:44,456 INFO  ratis.XceiverServerRatis (XceiverServerRatis.java:start(418)) - Starting XceiverServerRatis c31e701d-5e5f-4f21-bbe2-b76f5bb62129 at port 0
2019-07-14 01:13:44,465 INFO  impl.RaftServerProxy (RaftServerProxy.java:lambda$start$3(299)) - c31e701d-5e5f-4f21-bbe2-b76f5bb62129: start RPC server
2019-07-14 01:13:44,470 INFO  server.GrpcService (GrpcService.java:startImpl(149)) - c31e701d-5e5f-4f21-bbe2-b76f5bb62129: GrpcService started, listening on 0.0.0.0/0.0.0.0:43247
2019-07-14 01:13:44,471 INFO  ratis.XceiverServerRatis (XceiverServerRatis.java:start(428)) - XceiverServerRatis c31e701d-5e5f-4f21-bbe2-b76f5bb62129 is started using port 43247
2019-07-14 01:13:44,475 INFO  server.XceiverServerGrpc (XceiverServerGrpc.java:start(161)) - XceiverServerGrpc c31e701d-5e5f-4f21-bbe2-b76f5bb62129 is started using port 43886
2019-07-14 01:13:44,715 INFO  ozoneimpl.OzoneContainer (OzoneContainer.java:start(186)) - Attempting to start container services.
2019-07-14 01:13:44,715 INFO  ozoneimpl.OzoneContainer (OzoneContainer.java:startContainerScrub(160)) - Background container scrubber has been disabled by hdds.containerscrub.enabled
2019-07-14 01:13:44,716 INFO  ratis.XceiverServerRatis (XceiverServerRatis.java:start(418)) - Starting XceiverServerRatis fb5e9d6f-50db-44c6-821d-074aef5524ac at port 0
2019-07-14 01:13:44,725 INFO  impl.RaftServerProxy (RaftServerProxy.java:lambda$start$3(299)) - fb5e9d6f-50db-44c6-821d-074aef5524ac: start RPC server
2019-07-14 01:13:44,731 INFO  server.GrpcService (GrpcService.java:startImpl(149)) - fb5e9d6f-50db-44c6-821d-074aef5524ac: GrpcService started, listening on 0.0.0.0/0.0.0.0:39011
2019-07-14 01:13:44,731 INFO  ratis.XceiverServerRatis (XceiverServerRatis.java:start(428)) - XceiverServerRatis fb5e9d6f-50db-44c6-821d-074aef5524ac is started using port 39011
2019-07-14 01:13:44,736 INFO  server.XceiverServerGrpc (XceiverServerGrpc.java:start(161)) - XceiverServerGrpc fb5e9d6f-50db-44c6-821d-074aef5524ac is started using port 32875
2019-07-14 01:13:44,893 INFO  ozoneimpl.OzoneContainer (OzoneContainer.java:start(186)) - Attempting to start container services.
2019-07-14 01:13:44,893 INFO  ozoneimpl.OzoneContainer (OzoneContainer.java:startContainerScrub(160)) - Background container scrubber has been disabled by hdds.containerscrub.enabled
2019-07-14 01:13:44,893 INFO  ratis.XceiverServerRatis (XceiverServerRatis.java:start(418)) - Starting XceiverServerRatis 73147663-acac-447a-ba79-4fa08a8cbb5c at port 0
2019-07-14 01:13:44,902 INFO  impl.RaftServerProxy (RaftServerProxy.java:lambda$start$3(299)) - 73147663-acac-447a-ba79-4fa08a8cbb5c: start RPC server
2019-07-14 01:13:44,907 INFO  server.GrpcService (GrpcService.java:startImpl(149)) - 73147663-acac-447a-ba79-4fa08a8cbb5c: GrpcService started, listening on 0.0.0.0/0.0.0.0:44759
2019-07-14 01:13:44,907 INFO  ratis.XceiverServerRatis (XceiverServerRatis.java:start(428)) - XceiverServerRatis 73147663-acac-447a-ba79-4fa08a8cbb5c is started using port 44759
2019-07-14 01:13:44,913 INFO  server.XceiverServerGrpc (XceiverServerGrpc.java:start(161)) - XceiverServerGrpc 73147663-acac-447a-ba79-4fa08a8cbb5c is started using port 43014
2019-07-14 01:13:45,067 INFO  ozoneimpl.OzoneContainer (OzoneContainer.java:start(186)) - Attempting to start container services.
2019-07-14 01:13:45,068 INFO  ozoneimpl.OzoneContainer (OzoneContainer.java:startContainerScrub(160)) - Background container scrubber has been disabled by hdds.containerscrub.enabled
2019-07-14 01:13:45,068 INFO  ratis.XceiverServerRatis (XceiverServerRatis.java:start(418)) - Starting XceiverServerRatis 7cb84e39-9597-4731-a5e7-7c957d291bd5 at port 0
2019-07-14 01:13:45,076 INFO  impl.RaftServerProxy (RaftServerProxy.java:lambda$start$3(299)) - 7cb84e39-9597-4731-a5e7-7c957d291bd5: start RPC server
2019-07-14 01:13:45,092 INFO  server.GrpcService (GrpcService.java:startImpl(149)) - 7cb84e39-9597-4731-a5e7-7c957d291bd5: GrpcService started, listening on 0.0.0.0/0.0.0.0:43330
2019-07-14 01:13:45,092 INFO  ratis.XceiverServerRatis (XceiverServerRatis.java:start(428)) - XceiverServerRatis 7cb84e39-9597-4731-a5e7-7c957d291bd5 is started using port 43330
2019-07-14 01:13:45,097 INFO  server.XceiverServerGrpc (XceiverServerGrpc.java:start(161)) - XceiverServerGrpc 7cb84e39-9597-4731-a5e7-7c957d291bd5 is started using port 38596
2019-07-14 01:13:45,225 INFO  ozone.MiniOzoneClusterImpl (MiniOzoneClusterImpl.java:lambda$waitForClusterToBeReady$0(142)) - Waiting for cluster to be ready. Got 0 of 10 DN Heartbeats.
2019-07-14 01:13:45,240 INFO  ozoneimpl.OzoneContainer (OzoneContainer.java:start(186)) - Attempting to start container services.
2019-07-14 01:13:45,240 INFO  ozoneimpl.OzoneContainer (OzoneContainer.java:startContainerScrub(160)) - Background container scrubber has been disabled by hdds.containerscrub.enabled
2019-07-14 01:13:45,240 INFO  ratis.XceiverServerRatis (XceiverServerRatis.java:start(418)) - Starting XceiverServerRatis 41eb9e48-28e2-40bf-9fbd-6a61fe28873a at port 0
2019-07-14 01:13:45,249 INFO  impl.RaftServerProxy (RaftServerProxy.java:lambda$start$3(299)) - 41eb9e48-28e2-40bf-9fbd-6a61fe28873a: start RPC server
2019-07-14 01:13:45,257 INFO  server.GrpcService (GrpcService.java:startImpl(149)) - 41eb9e48-28e2-40bf-9fbd-6a61fe28873a: GrpcService started, listening on 0.0.0.0/0.0.0.0:38252
2019-07-14 01:13:45,257 INFO  ratis.XceiverServerRatis (XceiverServerRatis.java:start(428)) - XceiverServerRatis 41eb9e48-28e2-40bf-9fbd-6a61fe28873a is started using port 38252
2019-07-14 01:13:45,284 INFO  server.XceiverServerGrpc (XceiverServerGrpc.java:start(161)) - XceiverServerGrpc 41eb9e48-28e2-40bf-9fbd-6a61fe28873a is started using port 44132
2019-07-14 01:13:45,374 INFO  net.NetworkTopology (NetworkTopologyImpl.java:add(110)) - Added a new node: /default-rack/192.168.157.230
2019-07-14 01:13:45,375 INFO  node.SCMNodeManager (SCMNodeManager.java:register(269)) - Registered Data node : a1ec0c5b-f624-44c0-a6a7-3c10e65c06c3{ip: 192.168.157.230, host: trunk-nightly-sxkq5-3320257302, networkLocation: /default-rack, certSerialId: null}
2019-07-14 01:13:45,382 INFO  safemode.SCMSafeModeManager (DataNodeSafeModeRule.java:process(71)) - SCM in safe mode. 1 DataNodes registered, 1 required.
2019-07-14 01:13:45,382 INFO  safemode.SCMSafeModeManager (SCMSafeModeManager.java:validateSafeModeExitRules(177)) - ScmSafeModeManager, all rules are successfully validated
2019-07-14 01:13:45,383 INFO  safemode.SCMSafeModeManager (SCMSafeModeManager.java:exitSafeMode(193)) - SCM exiting safe mode.
2019-07-14 01:13:45,575 INFO  node.SCMNodeManager (SCMNodeManager.java:register(269)) - Registered Data node : e4f3b87b-e2e3-4845-b52f-439ada87136d{ip: 192.168.157.230, host: trunk-nightly-sxkq5-3320257302, networkLocation: /default-rack, certSerialId: null}
2019-07-14 01:13:45,798 INFO  node.SCMNodeManager (SCMNodeManager.java:register(269)) - Registered Data node : e50ba753-2da3-49fc-b02e-4b4c8371c5c8{ip: 192.168.157.230, host: trunk-nightly-sxkq5-3320257302, networkLocation: /default-rack, certSerialId: null}
2019-07-14 01:13:45,999 INFO  node.SCMNodeManager (SCMNodeManager.java:register(269)) - Registered Data node : 4b5e2365-0792-493b-a732-2ddb2a0a00c3{ip: 192.168.157.230, host: trunk-nightly-sxkq5-3320257302, networkLocation: /default-rack, certSerialId: null}
2019-07-14 01:13:46,392 INFO  ozone.MiniOzoneClusterImpl (MiniOzoneClusterImpl.java:lambda$waitForClusterToBeReady$0(142)) - Waiting for cluster to be ready. Got 4 of 10 DN Heartbeats.
2019-07-14 01:13:46,399 INFO  node.SCMNodeManager (SCMNodeManager.java:register(269)) - Registered Data node : a0b17703-4af1-46b4-9f63-82cc7d3bf30b{ip: 192.168.157.230, host: trunk-nightly-sxkq5-3320257302, networkLocation: /default-rack, certSerialId: null}
2019-07-14 01:13:46,458 INFO  node.SCMNodeManager (SCMNodeManager.java:register(269)) - Registered Data node : c31e701d-5e5f-4f21-bbe2-b76f5bb62129{ip: 192.168.157.230, host: trunk-nightly-sxkq5-3320257302, networkLocation: /default-rack, certSerialId: null}
2019-07-14 01:13:46,551 INFO  impl.RaftServerProxy (RaftServerProxy.java:addNew(89)) - a1ec0c5b-f624-44c0-a6a7-3c10e65c06c3: addNew group-E6250951C5DD:[a1ec0c5b-f624-44c0-a6a7-3c10e65c06c3:192.168.157.230:37189] returns group-E6250951C5DD:java.util.concurrent.CompletableFuture@2682d2c1[Not completed]
2019-07-14 01:13:46,574 INFO  impl.RaftServerImpl (RaftServerImpl.java:<init>(93)) - a1ec0c5b-f624-44c0-a6a7-3c10e65c06c3: new RaftServerImpl for group-E6250951C5DD:[a1ec0c5b-f624-44c0-a6a7-3c10e65c06c3:192.168.157.230:37189] with ContainerStateMachine:uninitialized
2019-07-14 01:13:46,576 INFO  server.RaftServerConfigKeys (ConfUtils.java:logGet(43)) - raft.server.rpc.timeout.min = 5s (custom)
2019-07-14 01:13:46,578 INFO  server.RaftServerConfigKeys (ConfUtils.java:logGet(43)) - raft.server.rpc.timeout.max = 5200ms (custom)
2019-07-14 01:13:46,579 INFO  server.RaftServerConfigKeys (ConfUtils.java:logGet(43)) - raft.server.rpcslowness.timeout = 120s (custom)
2019-07-14 01:13:46,580 INFO  server.RaftServerConfigKeys (ConfUtils.java:logGet(43)) - raft.server.sleep.deviation.threshold = 300 (default)
2019-07-14 01:13:46,581 INFO  server.RaftServerConfigKeys (ConfUtils.java:logGet(43)) - raft.server.log.appender.install.snapshot.enabled = false (custom)
2019-07-14 01:13:46,591 INFO  impl.RaftServerImpl (ServerState.java:<init>(105)) - a1ec0c5b-f624-44c0-a6a7-3c10e65c06c3:group-E6250951C5DD ConfigurationManager, init=-1: [a1ec0c5b-f624-44c0-a6a7-3c10e65c06c3:192.168.157.230:37189], old=null, confs=<EMPTY_MAP>
2019-07-14 01:13:46,591 INFO  server.RaftServerConfigKeys (ConfUtils.java:logGet(43)) - raft.server.storage.dir = [/tmp/workdir/hadoop-ozone/integration-test/target/test-dir/MiniOzoneClusterImpl-b70dd109-4c8a-4825-92cf-da82a42132cf/datanode-0/data/ratis] (custom)
2019-07-14 01:13:46,601 INFO  storage.RaftStorageDirectory (RaftStorageDirectory.java:analyzeStorage(246)) - The storage directory /tmp/workdir/hadoop-ozone/integration-test/target/test-dir/MiniOzoneClusterImpl-b70dd109-4c8a-4825-92cf-da82a42132cf/datanode-0/data/ratis/a1ae3f60-8a1f-449e-9eb5-e6250951c5dd does not exist. Creating ...
2019-07-14 01:13:46,619 INFO  storage.RaftStorageDirectory (RaftStorageDirectory.java:tryLock(328)) - Lock on /tmp/workdir/hadoop-ozone/integration-test/target/test-dir/MiniOzoneClusterImpl-b70dd109-4c8a-4825-92cf-da82a42132cf/datanode-0/data/ratis/a1ae3f60-8a1f-449e-9eb5-e6250951c5dd/in_use.lock acquired by nodename 8709@trunk-nightly-sxkq5-3320257302
2019-07-14 01:13:46,635 INFO  storage.RaftStorage (RaftStorage.java:format(72)) - Storage directory /tmp/workdir/hadoop-ozone/integration-test/target/test-dir/MiniOzoneClusterImpl-b70dd109-4c8a-4825-92cf-da82a42132cf/datanode-0/data/ratis/a1ae3f60-8a1f-449e-9eb5-e6250951c5dd has been successfully formatted.
2019-07-14 01:13:46,637 INFO  ratis.ContainerStateMachine (ContainerStateMachine.java:loadSnapshot(200)) - The snapshot info is null.Setting the last applied index to:(t:0, i:~)
2019-07-14 01:13:46,638 INFO  server.RaftServerConfigKeys (ConfUtils.java:logGet(43)) - raft.server.leader.election.timeout = 120s (custom)
2019-07-14 01:13:46,640 INFO  server.RaftServerConfigKeys (ConfUtils.java:logGet(43)) - raft.server.log.use.memory = false (default)
2019-07-14 01:13:46,647 INFO  server.RaftServerConfigKeys (ConfUtils.java:logGet(43)) - raft.server.log.purge.gap = 1000000000 (custom)
2019-07-14 01:13:46,647 INFO  server.RaftServerConfigKeys (ConfUtils.java:logGet(43)) - raft.server.log.appender.buffer.byte-limit = 33554432 (custom)
2019-07-14 01:13:46,649 INFO  server.RaftServerConfigKeys (ConfUtils.java:logGet(43)) - raft.server.log.segment.size.max = 1048576 (custom)
2019-07-14 01:13:46,670 INFO  server.RaftServerConfigKeys (ConfUtils.java:logGet(43)) - raft.server.log.segment.cache.num.max = 2 (custom)
2019-07-14 01:13:46,678 INFO  segmented.SegmentedRaftLogWorker (SegmentedRaftLogWorker.java:<init>(172)) - new a1ec0c5b-f624-44c0-a6a7-3c10e65c06c3-SegmentedRaftLogWorker:Storage Directory /tmp/workdir/hadoop-ozone/integration-test/target/test-dir/MiniOzoneClusterImpl-b70dd109-4c8a-4825-92cf-da82a42132cf/datanode-0/data/ratis/a1ae3f60-8a1f-449e-9eb5-e6250951c5dd for RaftStorage:Storage Directory /tmp/workdir/hadoop-ozone/integration-test/target/test-dir/MiniOzoneClusterImpl-b70dd109-4c8a-4825-92cf-da82a42132cf/datanode-0/data/ratis/a1ae3f60-8a1f-449e-9eb5-e6250951c5dd
2019-07-14 01:13:46,696 INFO  server.RaftServerConfigKeys (ConfUtils.java:logGet(43)) - raft.server.log.queue.byte-limit = 2147483647 (custom)
2019-07-14 01:13:46,696 INFO  server.RaftServerConfigKeys (ConfUtils.java:logGet(43)) - raft.server.log.queue.element-limit = 1024 (custom)
2019-07-14 01:13:46,702 INFO  node.SCMNodeManager (SCMNodeManager.java:register(269)) - Registered Data node : fb5e9d6f-50db-44c6-821d-074aef5524ac{ip: 192.168.157.230, host: trunk-nightly-sxkq5-3320257302, networkLocation: /default-rack, certSerialId: null}
2019-07-14 01:13:46,708 INFO  server.RaftServerConfigKeys (ConfUtils.java:logGet(43)) - raft.server.log.segment.size.max = 1048576 (custom)
2019-07-14 01:13:46,708 INFO  server.RaftServerConfigKeys (ConfUtils.java:logGet(43)) - raft.server.log.preallocated.size = 16384 (custom)
2019-07-14 01:13:46,709 INFO  server.RaftServerConfigKeys (ConfUtils.java:logGet(43)) - raft.server.log.write.buffer.size = 33554432 (custom)
2019-07-14 01:13:46,710 INFO  server.RaftServerConfigKeys (ConfUtils.java:logGet(43)) - raft.server.log.force.sync.num = 128 (default)
2019-07-14 01:13:46,711 INFO  server.RaftServerConfigKeys (ConfUtils.java:logGet(43)) - raft.server.log.statemachine.data.sync = true (default)
2019-07-14 01:13:46,711 INFO  server.RaftServerConfigKeys (ConfUtils.java:logGet(43)) - raft.server.log.statemachine.data.sync.timeout = 10s (default)
2019-07-14 01:13:46,712 INFO  server.RaftServerConfigKeys (ConfUtils.java:logGet(43)) - raft.server.log.statemachine.data.sync.timeout.retry = -1 (default)
2019-07-14 01:13:46,723 INFO  server.RaftServerConfigKeys (ConfUtils.java:logGet(43)) - raft.server.log.statemachine.data.caching.enabled = true (custom)
2019-07-14 01:13:46,729 INFO  segmented.SegmentedRaftLogWorker (SegmentedRaftLogWorker.java:lambda$new$0(132)) - a1ec0c5b-f624-44c0-a6a7-3c10e65c06c3-SegmentedRaftLogWorker:Storage Directory /tmp/workdir/hadoop-ozone/integration-test/target/test-dir/MiniOzoneClusterImpl-b70dd109-4c8a-4825-92cf-da82a42132cf/datanode-0/data/ratis/a1ae3f60-8a1f-449e-9eb5-e6250951c5dd: flushIndex: setUnconditionally 0 -> -1
2019-07-14 01:13:46,734 INFO  server.RaftServerConfigKeys (ConfUtils.java:logGet(43)) - raft.server.snapshot.auto.trigger.enabled = true (custom)
2019-07-14 01:13:46,735 INFO  server.RaftServerConfigKeys (ConfUtils.java:logGet(43)) - raft.server.snapshot.auto.trigger.threshold = 10000 (custom)
2019-07-14 01:13:46,736 INFO  server.RaftServerConfigKeys (ConfUtils.java:logGet(43)) - raft.server.retrycache.expirytime = 600000ms (custom)
2019-07-14 01:13:46,760 INFO  impl.RaftServerImpl (RaftServerImpl.java:start(180)) - a1ec0c5b-f624-44c0-a6a7-3c10e65c06c3: start group-E6250951C5DD
2019-07-14 01:13:46,761 INFO  impl.RaftServerImpl (RaftServerImpl.java:setRole(171)) - a1ec0c5b-f624-44c0-a6a7-3c10e65c06c3:group-E6250951C5DD changes role from null to FOLLOWER at term 0 for startAsFollower
2019-07-14 01:13:46,762 INFO  impl.RoleInfo (RoleInfo.java:updateAndGet(143)) - a1ec0c5b-f624-44c0-a6a7-3c10e65c06c3: start FollowerState
2019-07-14 01:13:46,764 INFO  util.JmxRegister (JmxRegister.java:tryRegister(44)) - Successfully registered JMX Bean with object name Ratis:service=RaftServer,group=group-E6250951C5DD,id=a1ec0c5b-f624-44c0-a6a7-3c10e65c06c3
2019-07-14 01:13:46,836 INFO  pipeline.PipelineStateManager (PipelineStateManager.java:addPipeline(56)) - Created pipeline Pipeline[ Id: a1ae3f60-8a1f-449e-9eb5-e6250951c5dd, Nodes: a1ec0c5b-f624-44c0-a6a7-3c10e65c06c3{ip: 192.168.157.230, host: trunk-nightly-sxkq5-3320257302, networkLocation: /default-rack, certSerialId: null}, Type:RATIS, Factor:ONE, State:OPEN]
2019-07-14 01:13:46,872 INFO  impl.RaftServerProxy (RaftServerProxy.java:addNew(89)) - e4f3b87b-e2e3-4845-b52f-439ada87136d: addNew group-C54BE6BB0796:[e4f3b87b-e2e3-4845-b52f-439ada87136d:192.168.157.230:45517] returns group-C54BE6BB0796:java.util.concurrent.CompletableFuture@b485ec7[Not completed]
2019-07-14 01:13:46,949 INFO  impl.RaftServerImpl (RaftServerImpl.java:<init>(93)) - e4f3b87b-e2e3-4845-b52f-439ada87136d: new RaftServerImpl for group-C54BE6BB0796:[e4f3b87b-e2e3-4845-b52f-439ada87136d:192.168.157.230:45517] with ContainerStateMachine:uninitialized
2019-07-14 01:13:46,951 INFO  server.RaftServerConfigKeys (ConfUtils.java:logGet(43)) - raft.server.rpc.timeout.min = 5s (custom)
2019-07-14 01:13:46,951 INFO  node.SCMNodeManager (SCMNodeManager.java:register(269)) - Registered Data node : 73147663-acac-447a-ba79-4fa08a8cbb5c{ip: 192.168.157.230, host: trunk-nightly-sxkq5-3320257302, networkLocation: /default-rack, certSerialId: null}
2019-07-14 01:13:46,951 INFO  server.RaftServerConfigKeys (ConfUtils.java:logGet(43)) - raft.server.rpc.timeout.max = 5200ms (custom)
2019-07-14 01:13:46,952 INFO  server.RaftServerConfigKeys (ConfUtils.java:logGet(43)) - raft.server.rpcslowness.timeout = 120s (custom)
2019-07-14 01:13:46,952 INFO  server.RaftServerConfigKeys (ConfUtils.java:logGet(43)) - raft.server.sleep.deviation.threshold = 300 (default)
2019-07-14 01:13:46,952 INFO  server.RaftServerConfigKeys (ConfUtils.java:logGet(43)) - raft.server.log.appender.install.snapshot.enabled = false (custom)
2019-07-14 01:13:46,952 INFO  impl.RaftServerImpl (ServerState.java:<init>(105)) - e4f3b87b-e2e3-4845-b52f-439ada87136d:group-C54BE6BB0796 ConfigurationManager, init=-1: [e4f3b87b-e2e3-4845-b52f-439ada87136d:192.168.157.230:45517], old=null, confs=<EMPTY_MAP>
2019-07-14 01:13:46,952 INFO  server.RaftServerConfigKeys (ConfUtils.java:logGet(43)) - raft.server.storage.dir = [/tmp/workdir/hadoop-ozone/integration-test/target/test-dir/MiniOzoneClusterImpl-b70dd109-4c8a-4825-92cf-da82a42132cf/datanode-1/data/ratis] (custom)
2019-07-14 01:13:46,953 INFO  storage.RaftStorageDirectory (RaftStorageDirectory.java:analyzeStorage(246)) - The storage directory /tmp/workdir/hadoop-ozone/integration-test/target/test-dir/MiniOzoneClusterImpl-b70dd109-4c8a-4825-92cf-da82a42132cf/datanode-1/data/ratis/d5f2360a-d2b1-43c7-a520-c54be6bb0796 does not exist. Creating ...
2019-07-14 01:13:46,968 INFO  storage.RaftStorageDirectory (RaftStorageDirectory.java:tryLock(328)) - Lock on /tmp/workdir/hadoop-ozone/integration-test/target/test-dir/MiniOzoneClusterImpl-b70dd109-4c8a-4825-92cf-da82a42132cf/datanode-1/data/ratis/d5f2360a-d2b1-43c7-a520-c54be6bb0796/in_use.lock acquired by nodename 8709@trunk-nightly-sxkq5-3320257302
2019-07-14 01:13:46,981 INFO  storage.RaftStorage (RaftStorage.java:format(72)) - Storage directory /tmp/workdir/hadoop-ozone/integration-test/target/test-dir/MiniOzoneClusterImpl-b70dd109-4c8a-4825-92cf-da82a42132cf/datanode-1/data/ratis/d5f2360a-d2b1-43c7-a520-c54be6bb0796 has been successfully formatted.
2019-07-14 01:13:46,984 INFO  ratis.ContainerStateMachine (ContainerStateMachine.java:loadSnapshot(200)) - The snapshot info is null.Setting the last applied index to:(t:0, i:~)
2019-07-14 01:13:46,986 INFO  server.RaftServerConfigKeys (ConfUtils.java:logGet(43)) - raft.server.leader.election.timeout = 120s (custom)
2019-07-14 01:13:46,986 INFO  server.RaftServerConfigKeys (ConfUtils.java:logGet(43)) - raft.server.log.use.memory = false (default)
2019-07-14 01:13:46,987 INFO  server.RaftServerConfigKeys (ConfUtils.java:logGet(43)) - raft.server.log.purge.gap = 1000000000 (custom)
2019-07-14 01:13:46,987 INFO  server.RaftServerConfigKeys (ConfUtils.java:logGet(43)) - raft.server.log.appender.buffer.byte-limit = 33554432 (custom)
2019-07-14 01:13:46,987 INFO  server.RaftServerConfigKeys (ConfUtils.java:logGet(43)) - raft.server.log.segment.size.max = 1048576 (custom)
2019-07-14 01:13:46,987 INFO  server.RaftServerConfigKeys (ConfUtils.java:logGet(43)) - raft.server.log.segment.cache.num.max = 2 (custom)
2019-07-14 01:13:46,987 INFO  segmented.SegmentedRaftLogWorker (SegmentedRaftLogWorker.java:<init>(172)) - new e4f3b87b-e2e3-4845-b52f-439ada87136d-SegmentedRaftLogWorker:Storage Directory /tmp/workdir/hadoop-ozone/integration-test/target/test-dir/MiniOzoneClusterImpl-b70dd109-4c8a-4825-92cf-da82a42132cf/datanode-1/data/ratis/d5f2360a-d2b1-43c7-a520-c54be6bb0796 for RaftStorage:Storage Directory /tmp/workdir/hadoop-ozone/integration-test/target/test-dir/MiniOzoneClusterImpl-b70dd109-4c8a-4825-92cf-da82a42132cf/datanode-1/data/ratis/d5f2360a-d2b1-43c7-a520-c54be6bb0796
2019-07-14 01:13:46,990 INFO  server.RaftServerConfigKeys (ConfUtils.java:logGet(43)) - raft.server.log.queue.byte-limit = 2147483647 (custom)
2019-07-14 01:13:46,990 INFO  server.RaftServerConfigKeys (ConfUtils.java:logGet(43)) - raft.server.log.queue.element-limit = 1024 (custom)
2019-07-14 01:13:46,990 INFO  server.RaftServerConfigKeys (ConfUtils.java:logGet(43)) - raft.server.log.segment.size.max = 1048576 (custom)
2019-07-14 01:13:46,991 INFO  server.RaftServerConfigKeys (ConfUtils.java:logGet(43)) - raft.server.log.preallocated.size = 16384 (custom)
2019-07-14 01:13:46,991 INFO  server.RaftServerConfigKeys (ConfUtils.java:logGet(43)) - raft.server.log.write.buffer.size = 33554432 (custom)
2019-07-14 01:13:46,991 INFO  server.RaftServerConfigKeys (ConfUtils.java:logGet(43)) - raft.server.log.force.sync.num = 128 (default)
2019-07-14 01:13:46,991 INFO  server.RaftServerConfigKeys (ConfUtils.java:logGet(43)) - raft.server.log.statemachine.data.sync = true (default)
2019-07-14 01:13:46,991 INFO  server.RaftServerConfigKeys (ConfUtils.java:logGet(43)) - raft.server.log.statemachine.data.sync.timeout = 10s (default)
2019-07-14 01:13:46,991 INFO  server.RaftServerConfigKeys (ConfUtils.java:logGet(43)) - raft.server.log.statemachine.data.sync.timeout.retry = -1 (default)
2019-07-14 01:13:46,992 INFO  server.RaftServerConfigKeys (ConfUtils.java:logGet(43)) - raft.server.log.statemachine.data.caching.enabled = true (custom)
2019-07-14 01:13:46,992 INFO  segmented.SegmentedRaftLogWorker (SegmentedRaftLogWorker.java:lambda$new$0(132)) - e4f3b87b-e2e3-4845-b52f-439ada87136d-SegmentedRaftLogWorker:Storage Directory /tmp/workdir/hadoop-ozone/integration-test/target/test-dir/MiniOzoneClusterImpl-b70dd109-4c8a-4825-92cf-da82a42132cf/datanode-1/data/ratis/d5f2360a-d2b1-43c7-a520-c54be6bb0796: flushIndex: setUnconditionally 0 -> -1
2019-07-14 01:13:46,993 INFO  server.RaftServerConfigKeys (ConfUtils.java:logGet(43)) - raft.server.snapshot.auto.trigger.enabled = true (custom)
2019-07-14 01:13:46,993 INFO  server.RaftServerConfigKeys (ConfUtils.java:logGet(43)) - raft.server.snapshot.auto.trigger.threshold = 10000 (custom)
2019-07-14 01:13:46,993 INFO  server.RaftServerConfigKeys (ConfUtils.java:logGet(43)) - raft.server.retrycache.expirytime = 600000ms (custom)
2019-07-14 01:13:46,993 INFO  impl.RaftServerImpl (RaftServerImpl.java:start(180)) - e4f3b87b-e2e3-4845-b52f-439ada87136d: start group-C54BE6BB0796
2019-07-14 01:13:46,993 INFO  impl.RaftServerImpl (RaftServerImpl.java:setRole(171)) - e4f3b87b-e2e3-4845-b52f-439ada87136d:group-C54BE6BB0796 changes role from null to FOLLOWER at term 0 for startAsFollower
2019-07-14 01:13:46,994 INFO  impl.RoleInfo (RoleInfo.java:updateAndGet(143)) - e4f3b87b-e2e3-4845-b52f-439ada87136d: start FollowerState
2019-07-14 01:13:46,996 INFO  util.JmxRegister (JmxRegister.java:tryRegister(44)) - Successfully registered JMX Bean with object name Ratis:service=RaftServer,group=group-C54BE6BB0796,id=e4f3b87b-e2e3-4845-b52f-439ada87136d
2019-07-14 01:13:47,016 INFO  pipeline.PipelineStateManager (PipelineStateManager.java:addPipeline(56)) - Created pipeline Pipeline[ Id: d5f2360a-d2b1-43c7-a520-c54be6bb0796, Nodes: e4f3b87b-e2e3-4845-b52f-439ada87136d{ip: 192.168.157.230, host: trunk-nightly-sxkq5-3320257302, networkLocation: /default-rack, certSerialId: null}, Type:RATIS, Factor:ONE, State:OPEN]
2019-07-14 01:13:47,046 INFO  impl.RaftServerProxy (RaftServerProxy.java:addNew(89)) - 4b5e2365-0792-493b-a732-2ddb2a0a00c3: addNew group-F278A992CFB5:[4b5e2365-0792-493b-a732-2ddb2a0a00c3:192.168.157.230:42558] returns group-F278A992CFB5:java.util.concurrent.CompletableFuture@59edcdf5[Not completed]
2019-07-14 01:13:47,063 INFO  impl.RaftServerImpl (RaftServerImpl.java:<init>(93)) - 4b5e2365-0792-493b-a732-2ddb2a0a00c3: new RaftServerImpl for group-F278A992CFB5:[4b5e2365-0792-493b-a732-2ddb2a0a00c3:192.168.157.230:42558] with ContainerStateMachine:uninitialized
2019-07-14 01:13:47,063 INFO  server.RaftServerConfigKeys (ConfUtils.java:logGet(43)) - raft.server.rpc.timeout.min = 5s (custom)
2019-07-14 01:13:47,064 INFO  node.SCMNodeManager (SCMNodeManager.java:register(269)) - Registered Data node : 7cb84e39-9597-4731-a5e7-7c957d291bd5{ip: 192.168.157.230, host: trunk-nightly-sxkq5-3320257302, networkLocation: /default-rack, certSerialId: null}
2019-07-14 01:13:47,064 INFO  server.RaftServerConfigKeys (ConfUtils.java:logGet(43)) - raft.server.rpc.timeout.max = 5200ms (custom)
2019-07-14 01:13:47,065 INFO  server.RaftServerConfigKeys (ConfUtils.java:logGet(43)) - raft.server.rpcslowness.timeout = 120s (custom)
2019-07-14 01:13:47,065 INFO  server.RaftServerConfigKeys (ConfUtils.java:logGet(43)) - raft.server.sleep.deviation.threshold = 300 (default)
2019-07-14 01:13:47,066 INFO  server.RaftServerConfigKeys (ConfUtils.java:logGet(43)) - raft.server.log.appender.install.snapshot.enabled = false (custom)
2019-07-14 01:13:47,066 INFO  impl.RaftServerImpl (ServerState.java:<init>(105)) - 4b5e2365-0792-493b-a732-2ddb2a0a00c3:group-F278A992CFB5 ConfigurationManager, init=-1: [4b5e2365-0792-493b-a732-2ddb2a0a00c3:192.168.157.230:42558], old=null, confs=<EMPTY_MAP>
2019-07-14 01:13:47,066 INFO  server.RaftServerConfigKeys (ConfUtils.java:logGet(43)) - raft.server.storage.dir = [/tmp/workdir/hadoop-ozone/integration-test/target/test-dir/MiniOzoneClusterImpl-b70dd109-4c8a-4825-92cf-da82a42132cf/datanode-3/data/ratis] (custom)
2019-07-14 01:13:47,068 INFO  storage.RaftStorageDirectory (RaftStorageDirectory.java:analyzeStorage(246)) - The storage directory /tmp/workdir/hadoop-ozone/integration-test/target/test-dir/MiniOzoneClusterImpl-b70dd109-4c8a-4825-92cf-da82a42132cf/datanode-3/data/ratis/58f9939d-32b3-48af-9038-f278a992cfb5 does not exist. Creating ...
2019-07-14 01:13:47,081 INFO  storage.RaftStorageDirectory (RaftStorageDirectory.java:tryLock(328)) - Lock on /tmp/workdir/hadoop-ozone/integration-test/target/test-dir/MiniOzoneClusterImpl-b70dd109-4c8a-4825-92cf-da82a42132cf/datanode-3/data/ratis/58f9939d-32b3-48af-9038-f278a992cfb5/in_use.lock acquired by nodename 8709@trunk-nightly-sxkq5-3320257302
2019-07-14 01:13:47,094 INFO  storage.RaftStorage (RaftStorage.java:format(72)) - Storage directory /tmp/workdir/hadoop-ozone/integration-test/target/test-dir/MiniOzoneClusterImpl-b70dd109-4c8a-4825-92cf-da82a42132cf/datanode-3/data/ratis/58f9939d-32b3-48af-9038-f278a992cfb5 has been successfully formatted.
2019-07-14 01:13:47,095 INFO  ratis.ContainerStateMachine (ContainerStateMachine.java:loadSnapshot(200)) - The snapshot info is null.Setting the last applied index to:(t:0, i:~)
2019-07-14 01:13:47,095 INFO  server.RaftServerConfigKeys (ConfUtils.java:logGet(43)) - raft.server.leader.election.timeout = 120s (custom)
2019-07-14 01:13:47,095 INFO  server.RaftServerConfigKeys (ConfUtils.java:logGet(43)) - raft.server.log.use.memory = false (default)
2019-07-14 01:13:47,095 INFO  server.RaftServerConfigKeys (ConfUtils.java:logGet(43)) - raft.server.log.purge.gap = 1000000000 (custom)
2019-07-14 01:13:47,095 INFO  server.RaftServerConfigKeys (ConfUtils.java:logGet(43)) - raft.server.log.appender.buffer.byte-limit = 33554432 (custom)
2019-07-14 01:13:47,096 INFO  server.RaftServerConfigKeys (ConfUtils.java:logGet(43)) - raft.server.log.segment.size.max = 1048576 (custom)
2019-07-14 01:13:47,096 INFO  server.RaftServerConfigKeys (ConfUtils.java:logGet(43)) - raft.server.log.segment.cache.num.max = 2 (custom)
2019-07-14 01:13:47,096 INFO  segmented.SegmentedRaftLogWorker (SegmentedRaftLogWorker.java:<init>(172)) - new 4b5e2365-0792-493b-a732-2ddb2a0a00c3-SegmentedRaftLogWorker:Storage Directory /tmp/workdir/hadoop-ozone/integration-test/target/test-dir/MiniOzoneClusterImpl-b70dd109-4c8a-4825-92cf-da82a42132cf/datanode-3/data/ratis/58f9939d-32b3-48af-9038-f278a992cfb5 for RaftStorage:Storage Directory /tmp/workdir/hadoop-ozone/integration-test/target/test-dir/MiniOzoneClusterImpl-b70dd109-4c8a-4825-92cf-da82a42132cf/datanode-3/data/ratis/58f9939d-32b3-48af-9038-f278a992cfb5
2019-07-14 01:13:47,096 INFO  server.RaftServerConfigKeys (ConfUtils.java:logGet(43)) - raft.server.log.queue.byte-limit = 2147483647 (custom)
2019-07-14 01:13:47,096 INFO  server.RaftServerConfigKeys (ConfUtils.java:logGet(43)) - raft.server.log.queue.element-limit = 1024 (custom)
2019-07-14 01:13:47,097 INFO  server.RaftServerConfigKeys (ConfUtils.java:logGet(43)) - raft.server.log.segment.size.max = 1048576 (custom)
2019-07-14 01:13:47,097 INFO  server.RaftServerConfigKeys (ConfUtils.java:logGet(43)) - raft.server.log.preallocated.size = 16384 (custom)
2019-07-14 01:13:47,097 INFO  server.RaftServerConfigKeys (ConfUtils.java:logGet(43)) - raft.server.log.write.buffer.size = 33554432 (custom)
2019-07-14 01:13:47,097 INFO  server.RaftServerConfigKeys (ConfUtils.java:logGet(43)) - raft.server.log.force.sync.num = 128 (default)
2019-07-14 01:13:47,097 INFO  server.RaftServerConfigKeys (ConfUtils.java:logGet(43)) - raft.server.log.statemachine.data.sync = true (default)
2019-07-14 01:13:47,098 INFO  server.RaftServerConfigKeys (ConfUtils.java:logGet(43)) - raft.server.log.statemachine.data.sync.timeout = 10s (default)
2019-07-14 01:13:47,098 INFO  server.RaftServerConfigKeys (ConfUtils.java:logGet(43)) - raft.server.log.statemachine.data.sync.timeout.retry = -1 (default)
2019-07-14 01:13:47,098 INFO  server.RaftServerConfigKeys (ConfUtils.java:logGet(43)) - raft.server.log.statemachine.data.caching.enabled = true (custom)
2019-07-14 01:13:47,099 INFO  segmented.SegmentedRaftLogWorker (SegmentedRaftLogWorker.java:lambda$new$0(132)) - 4b5e2365-0792-493b-a732-2ddb2a0a00c3-SegmentedRaftLogWorker:Storage Directory /tmp/workdir/hadoop-ozone/integration-test/target/test-dir/MiniOzoneClusterImpl-b70dd109-4c8a-4825-92cf-da82a42132cf/datanode-3/data/ratis/58f9939d-32b3-48af-9038-f278a992cfb5: flushIndex: setUnconditionally 0 -> -1
2019-07-14 01:13:47,099 INFO  server.RaftServerConfigKeys (ConfUtils.java:logGet(43)) - raft.server.snapshot.auto.trigger.enabled = true (custom)
2019-07-14 01:13:47,099 INFO  server.RaftServerConfigKeys (ConfUtils.java:logGet(43)) - raft.server.snapshot.auto.trigger.threshold = 10000 (custom)
2019-07-14 01:13:47,099 INFO  server.RaftServerConfigKeys (ConfUtils.java:logGet(43)) - raft.server.retrycache.expirytime = 600000ms (custom)
2019-07-14 01:13:47,100 INFO  impl.RaftServerImpl (RaftServerImpl.java:start(180)) - 4b5e2365-0792-493b-a732-2ddb2a0a00c3: start group-F278A992CFB5
2019-07-14 01:13:47,100 INFO  impl.RaftServerImpl (RaftServerImpl.java:setRole(171)) - 4b5e2365-0792-493b-a732-2ddb2a0a00c3:group-F278A992CFB5 changes role from null to FOLLOWER at term 0 for startAsFollower
2019-07-14 01:13:47,100 INFO  impl.RoleInfo (RoleInfo.java:updateAndGet(143)) - 4b5e2365-0792-493b-a732-2ddb2a0a00c3: start FollowerState
2019-07-14 01:13:47,101 INFO  util.JmxRegister (JmxRegister.java:tryRegister(44)) - Successfully registered JMX Bean with object name Ratis:service=RaftServer,group=group-F278A992CFB5,id=4b5e2365-0792-493b-a732-2ddb2a0a00c3
2019-07-14 01:13:47,122 INFO  pipeline.PipelineStateManager (PipelineStateManager.java:addPipeline(56)) - Created pipeline Pipeline[ Id: 58f9939d-32b3-48af-9038-f278a992cfb5, Nodes: 4b5e2365-0792-493b-a732-2ddb2a0a00c3{ip: 192.168.157.230, host: trunk-nightly-sxkq5-3320257302, networkLocation: /default-rack, certSerialId: null}, Type:RATIS, Factor:ONE, State:OPEN]
2019-07-14 01:13:47,157 INFO  impl.RaftServerProxy (RaftServerProxy.java:addNew(89)) - fb5e9d6f-50db-44c6-821d-074aef5524ac: addNew group-5E90BC2B53E4:[fb5e9d6f-50db-44c6-821d-074aef5524ac:192.168.157.230:39011] returns group-5E90BC2B53E4:java.util.concurrent.CompletableFuture@478890ab[Not completed]
2019-07-14 01:13:47,159 INFO  impl.RaftServerImpl (RaftServerImpl.java:<init>(93)) - fb5e9d6f-50db-44c6-821d-074aef5524ac: new RaftServerImpl for group-5E90BC2B53E4:[fb5e9d6f-50db-44c6-821d-074aef5524ac:192.168.157.230:39011] with ContainerStateMachine:uninitialized
2019-07-14 01:13:47,159 INFO  server.RaftServerConfigKeys (ConfUtils.java:logGet(43)) - raft.server.rpc.timeout.min = 5s (custom)
2019-07-14 01:13:47,159 INFO  server.RaftServerConfigKeys (ConfUtils.java:logGet(43)) - raft.server.rpc.timeout.max = 5200ms (custom)
2019-07-14 01:13:47,160 INFO  server.RaftServerConfigKeys (ConfUtils.java:logGet(43)) - raft.server.rpcslowness.timeout = 120s (custom)
2019-07-14 01:13:47,160 INFO  server.RaftServerConfigKeys (ConfUtils.java:logGet(43)) - raft.server.sleep.deviation.threshold = 300 (default)
2019-07-14 01:13:47,160 INFO  server.RaftServerConfigKeys (ConfUtils.java:logGet(43)) - raft.server.log.appender.install.snapshot.enabled = false (custom)
2019-07-14 01:13:47,160 INFO  impl.RaftServerImpl (ServerState.java:<init>(105)) - fb5e9d6f-50db-44c6-821d-074aef5524ac:group-5E90BC2B53E4 ConfigurationManager, init=-1: [fb5e9d6f-50db-44c6-821d-074aef5524ac:192.168.157.230:39011], old=null, confs=<EMPTY_MAP>
2019-07-14 01:13:47,160 INFO  server.RaftServerConfigKeys (ConfUtils.java:logGet(43)) - raft.server.storage.dir = [/tmp/workdir/hadoop-ozone/integration-test/target/test-dir/MiniOzoneClusterImpl-b70dd109-4c8a-4825-92cf-da82a42132cf/datanode-6/data/ratis] (custom)
2019-07-14 01:13:47,161 INFO  storage.RaftStorageDirectory (RaftStorageDirectory.java:analyzeStorage(246)) - The storage directory /tmp/workdir/hadoop-ozone/integration-test/target/test-dir/MiniOzoneClusterImpl-b70dd109-4c8a-4825-92cf-da82a42132cf/datanode-6/data/ratis/7443da7f-3d6e-4bb5-905a-5e90bc2b53e4 does not exist. Creating ...
2019-07-14 01:13:47,174 INFO  storage.RaftStorageDirectory (RaftStorageDirectory.java:tryLock(328)) - Lock on /tmp/workdir/hadoop-ozone/integration-test/target/test-dir/MiniOzoneClusterImpl-b70dd109-4c8a-4825-92cf-da82a42132cf/datanode-6/data/ratis/7443da7f-3d6e-4bb5-905a-5e90bc2b53e4/in_use.lock acquired by nodename 8709@trunk-nightly-sxkq5-3320257302
2019-07-14 01:13:47,186 INFO  storage.RaftStorage (RaftStorage.java:format(72)) - Storage directory /tmp/workdir/hadoop-ozone/integration-test/target/test-dir/MiniOzoneClusterImpl-b70dd109-4c8a-4825-92cf-da82a42132cf/datanode-6/data/ratis/7443da7f-3d6e-4bb5-905a-5e90bc2b53e4 has been successfully formatted.
2019-07-14 01:13:47,187 INFO  ratis.ContainerStateMachine (ContainerStateMachine.java:loadSnapshot(200)) - The snapshot info is null.Setting the last applied index to:(t:0, i:~)
2019-07-14 01:13:47,187 INFO  server.RaftServerConfigKeys (ConfUtils.java:logGet(43)) - raft.server.leader.election.timeout = 120s (custom)
2019-07-14 01:13:47,187 INFO  server.RaftServerConfigKeys (ConfUtils.java:logGet(43)) - raft.server.log.use.memory = false (default)
2019-07-14 01:13:47,187 INFO  server.RaftServerConfigKeys (ConfUtils.java:logGet(43)) - raft.server.log.purge.gap = 1000000000 (custom)
2019-07-14 01:13:47,188 INFO  server.RaftServerConfigKeys (ConfUtils.java:logGet(43)) - raft.server.log.appender.buffer.byte-limit = 33554432 (custom)
2019-07-14 01:13:47,188 INFO  server.RaftServerConfigKeys (ConfUtils.java:logGet(43)) - raft.server.log.segment.size.max = 1048576 (custom)
2019-07-14 01:13:47,188 INFO  server.RaftServerConfigKeys (ConfUtils.java:logGet(43)) - raft.server.log.segment.cache.num.max = 2 (custom)
2019-07-14 01:13:47,188 INFO  segmented.SegmentedRaftLogWorker (SegmentedRaftLogWorker.java:<init>(172)) - new fb5e9d6f-50db-44c6-821d-074aef5524ac-SegmentedRaftLogWorker:Storage Directory /tmp/workdir/hadoop-ozone/integration-test/target/test-dir/MiniOzoneClusterImpl-b70dd109-4c8a-4825-92cf-da82a42132cf/datanode-6/data/ratis/7443da7f-3d6e-4bb5-905a-5e90bc2b53e4 for RaftStorage:Storage Directory /tmp/workdir/hadoop-ozone/integration-test/target/test-dir/MiniOzoneClusterImpl-b70dd109-4c8a-4825-92cf-da82a42132cf/datanode-6/data/ratis/7443da7f-3d6e-4bb5-905a-5e90bc2b53e4
2019-07-14 01:13:47,189 INFO  server.RaftServerConfigKeys (ConfUtils.java:logGet(43)) - raft.server.log.queue.byte-limit = 2147483647 (custom)
2019-07-14 01:13:47,189 INFO  server.RaftServerConfigKeys (ConfUtils.java:logGet(43)) - raft.server.log.queue.element-limit = 1024 (custom)
2019-07-14 01:13:47,189 INFO  server.RaftServerConfigKeys (ConfUtils.java:logGet(43)) - raft.server.log.segment.size.max = 1048576 (custom)
2019-07-14 01:13:47,189 INFO  server.RaftServerConfigKeys (ConfUtils.java:logGet(43)) - raft.server.log.preallocated.size = 16384 (custom)
2019-07-14 01:13:47,190 INFO  server.RaftServerConfigKeys (ConfUtils.java:logGet(43)) - raft.server.log.write.buffer.size = 33554432 (custom)
2019-07-14 01:13:47,190 INFO  server.RaftServerConfigKeys (ConfUtils.java:logGet(43)) - raft.server.log.force.sync.num = 128 (default)
2019-07-14 01:13:47,190 INFO  server.RaftServerConfigKeys (ConfUtils.java:logGet(43)) - raft.server.log.statemachine.data.sync = true (default)
2019-07-14 01:13:47,190 INFO  server.RaftServerConfigKeys (ConfUtils.java:logGet(43)) - raft.server.log.statemachine.data.sync.timeout = 10s (default)
2019-07-14 01:13:47,190 INFO  server.RaftServerConfigKeys (ConfUtils.java:logGet(43)) - raft.server.log.statemachine.data.sync.timeout.retry = -1 (default)
2019-07-14 01:13:47,191 INFO  server.RaftServerConfigKeys (ConfUtils.java:logGet(43)) - raft.server.log.statemachine.data.caching.enabled = true (custom)
2019-07-14 01:13:47,191 INFO  segmented.SegmentedRaftLogWorker (SegmentedRaftLogWorker.java:lambda$new$0(132)) - fb5e9d6f-50db-44c6-821d-074aef5524ac-SegmentedRaftLogWorker:Storage Directory /tmp/workdir/hadoop-ozone/integration-test/target/test-dir/MiniOzoneClusterImpl-b70dd109-4c8a-4825-92cf-da82a42132cf/datanode-6/data/ratis/7443da7f-3d6e-4bb5-905a-5e90bc2b53e4: flushIndex: setUnconditionally 0 -> -1
2019-07-14 01:13:47,192 INFO  server.RaftServerConfigKeys (ConfUtils.java:logGet(43)) - raft.server.snapshot.auto.trigger.enabled = true (custom)
2019-07-14 01:13:47,192 INFO  server.RaftServerConfigKeys (ConfUtils.java:logGet(43)) - raft.server.snapshot.auto.trigger.threshold = 10000 (custom)
2019-07-14 01:13:47,192 INFO  server.RaftServerConfigKeys (ConfUtils.java:logGet(43)) - raft.server.retrycache.expirytime = 600000ms (custom)
2019-07-14 01:13:47,192 INFO  impl.RaftServerImpl (RaftServerImpl.java:start(180)) - fb5e9d6f-50db-44c6-821d-074aef5524ac: start group-5E90BC2B53E4
2019-07-14 01:13:47,192 INFO  impl.RaftServerImpl (RaftServerImpl.java:setRole(171)) - fb5e9d6f-50db-44c6-821d-074aef5524ac:group-5E90BC2B53E4 changes role from null to FOLLOWER at term 0 for startAsFollower
2019-07-14 01:13:47,193 INFO  impl.RoleInfo (RoleInfo.java:updateAndGet(143)) - fb5e9d6f-50db-44c6-821d-074aef5524ac: start FollowerState
2019-07-14 01:13:47,193 INFO  util.JmxRegister (JmxRegister.java:tryRegister(44)) - Successfully registered JMX Bean with object name Ratis:service=RaftServer,group=group-5E90BC2B53E4,id=fb5e9d6f-50db-44c6-821d-074aef5524ac
2019-07-14 01:13:47,221 INFO  pipeline.PipelineStateManager (PipelineStateManager.java:addPipeline(56)) - Created pipeline Pipeline[ Id: 7443da7f-3d6e-4bb5-905a-5e90bc2b53e4, Nodes: fb5e9d6f-50db-44c6-821d-074aef5524ac{ip: 192.168.157.230, host: trunk-nightly-sxkq5-3320257302, networkLocation: /default-rack, certSerialId: null}, Type:RATIS, Factor:ONE, State:OPEN]
2019-07-14 01:13:47,242 INFO  node.SCMNodeManager (SCMNodeManager.java:register(269)) - Registered Data node : 41eb9e48-28e2-40bf-9fbd-6a61fe28873a{ip: 192.168.157.230, host: trunk-nightly-sxkq5-3320257302, networkLocation: /default-rack, certSerialId: null}
2019-07-14 01:13:47,260 INFO  impl.RaftServerProxy (RaftServerProxy.java:addNew(89)) - a0b17703-4af1-46b4-9f63-82cc7d3bf30b: addNew group-088337503A15:[a0b17703-4af1-46b4-9f63-82cc7d3bf30b:192.168.157.230:36754] returns group-088337503A15:java.util.concurrent.CompletableFuture@5dbc000f[Not completed]
2019-07-14 01:13:47,264 INFO  impl.RaftServerImpl (RaftServerImpl.java:<init>(93)) - a0b17703-4af1-46b4-9f63-82cc7d3bf30b: new RaftServerImpl for group-088337503A15:[a0b17703-4af1-46b4-9f63-82cc7d3bf30b:192.168.157.230:36754] with ContainerStateMachine:uninitialized
2019-07-14 01:13:47,264 INFO  server.RaftServerConfigKeys (ConfUtils.java:logGet(43)) - raft.server.rpc.timeout.min = 5s (custom)
2019-07-14 01:13:47,264 INFO  server.RaftServerConfigKeys (ConfUtils.java:logGet(43)) - raft.server.rpc.timeout.max = 5200ms (custom)
2019-07-14 01:13:47,264 INFO  server.RaftServerConfigKeys (ConfUtils.java:logGet(43)) - raft.server.rpcslowness.timeout = 120s (custom)
2019-07-14 01:13:47,264 INFO  server.RaftServerConfigKeys (ConfUtils.java:logGet(43)) - raft.server.sleep.deviation.threshold = 300 (default)
2019-07-14 01:13:47,265 INFO  server.RaftServerConfigKeys (ConfUtils.java:logGet(43)) - raft.server.log.appender.install.snapshot.enabled = false (custom)
2019-07-14 01:13:47,265 INFO  impl.RaftServerImpl (ServerState.java:<init>(105)) - a0b17703-4af1-46b4-9f63-82cc7d3bf30b:group-088337503A15 ConfigurationManager, init=-1: [a0b17703-4af1-46b4-9f63-82cc7d3bf30b:192.168.157.230:36754], old=null, confs=<EMPTY_MAP>
2019-07-14 01:13:47,265 INFO  server.RaftServerConfigKeys (ConfUtils.java:logGet(43)) - raft.server.storage.dir = [/tmp/workdir/hadoop-ozone/integration-test/target/test-dir/MiniOzoneClusterImpl-b70dd109-4c8a-4825-92cf-da82a42132cf/datanode-4/data/ratis] (custom)
2019-07-14 01:13:47,266 INFO  storage.RaftStorageDirectory (RaftStorageDirectory.java:analyzeStorage(246)) - The storage directory /tmp/workdir/hadoop-ozone/integration-test/target/test-dir/MiniOzoneClusterImpl-b70dd109-4c8a-4825-92cf-da82a42132cf/datanode-4/data/ratis/acab7123-1231-4069-8a9a-088337503a15 does not exist. Creating ...
2019-07-14 01:13:47,279 INFO  storage.RaftStorageDirectory (RaftStorageDirectory.java:tryLock(328)) - Lock on /tmp/workdir/hadoop-ozone/integration-test/target/test-dir/MiniOzoneClusterImpl-b70dd109-4c8a-4825-92cf-da82a42132cf/datanode-4/data/ratis/acab7123-1231-4069-8a9a-088337503a15/in_use.lock acquired by nodename 8709@trunk-nightly-sxkq5-3320257302
2019-07-14 01:13:47,293 INFO  storage.RaftStorage (RaftStorage.java:format(72)) - Storage directory /tmp/workdir/hadoop-ozone/integration-test/target/test-dir/MiniOzoneClusterImpl-b70dd109-4c8a-4825-92cf-da82a42132cf/datanode-4/data/ratis/acab7123-1231-4069-8a9a-088337503a15 has been successfully formatted.
2019-07-14 01:13:47,293 INFO  ratis.ContainerStateMachine (ContainerStateMachine.java:loadSnapshot(200)) - The snapshot info is null.Setting the last applied index to:(t:0, i:~)
2019-07-14 01:13:47,293 INFO  server.RaftServerConfigKeys (ConfUtils.java:logGet(43)) - raft.server.leader.election.timeout = 120s (custom)
2019-07-14 01:13:47,293 INFO  server.RaftServerConfigKeys (ConfUtils.java:logGet(43)) - raft.server.log.use.memory = false (default)
2019-07-14 01:13:47,294 INFO  server.RaftServerConfigKeys (ConfUtils.java:logGet(43)) - raft.server.log.purge.gap = 1000000000 (custom)
2019-07-14 01:13:47,294 INFO  server.RaftServerConfigKeys (ConfUtils.java:logGet(43)) - raft.server.log.appender.buffer.byte-limit = 33554432 (custom)
2019-07-14 01:13:47,294 INFO  server.RaftServerConfigKeys (ConfUtils.java:logGet(43)) - raft.server.log.segment.size.max = 1048576 (custom)
2019-07-14 01:13:47,294 INFO  server.RaftServerConfigKeys (ConfUtils.java:logGet(43)) - raft.server.log.segment.cache.num.max = 2 (custom)
2019-07-14 01:13:47,294 INFO  segmented.SegmentedRaftLogWorker (SegmentedRaftLogWorker.java:<init>(172)) - new a0b17703-4af1-46b4-9f63-82cc7d3bf30b-SegmentedRaftLogWorker:Storage Directory /tmp/workdir/hadoop-ozone/integration-test/target/test-dir/MiniOzoneClusterImpl-b70dd109-4c8a-4825-92cf-da82a42132cf/datanode-4/data/ratis/acab7123-1231-4069-8a9a-088337503a15 for RaftStorage:Storage Directory /tmp/workdir/hadoop-ozone/integration-test/target/test-dir/MiniOzoneClusterImpl-b70dd109-4c8a-4825-92cf-da82a42132cf/datanode-4/data/ratis/acab7123-1231-4069-8a9a-088337503a15
2019-07-14 01:13:47,295 INFO  server.RaftServerConfigKeys (ConfUtils.java:logGet(43)) - raft.server.log.queue.byte-limit = 2147483647 (custom)
2019-07-14 01:13:47,295 INFO  server.RaftServerConfigKeys (ConfUtils.java:logGet(43)) - raft.server.log.queue.element-limit = 1024 (custom)
2019-07-14 01:13:47,295 INFO  server.RaftServerConfigKeys (ConfUtils.java:logGet(43)) - raft.server.log.segment.size.max = 1048576 (custom)
2019-07-14 01:13:47,295 INFO  server.RaftServerConfigKeys (ConfUtils.java:logGet(43)) - raft.server.log.preallocated.size = 16384 (custom)
2019-07-14 01:13:47,296 INFO  server.RaftServerConfigKeys (ConfUtils.java:logGet(43)) - raft.server.log.write.buffer.size = 33554432 (custom)
2019-07-14 01:13:47,296 INFO  server.RaftServerConfigKeys (ConfUtils.java:logGet(43)) - raft.server.log.force.sync.num = 128 (default)
2019-07-14 01:13:47,296 INFO  server.RaftServerConfigKeys (ConfUtils.java:logGet(43)) - raft.server.log.statemachine.data.sync = true (default)
2019-07-14 01:13:47,296 INFO  server.RaftServerConfigKeys (ConfUtils.java:logGet(43)) - raft.server.log.statemachine.data.sync.timeout = 10s (default)
2019-07-14 01:13:47,296 INFO  server.RaftServerConfigKeys (ConfUtils.java:logGet(43)) - raft.server.log.statemachine.data.sync.timeout.retry = -1 (default)
2019-07-14 01:13:47,297 INFO  server.RaftServerConfigKeys (ConfUtils.java:logGet(43)) - raft.server.log.statemachine.data.caching.enabled = true (custom)
2019-07-14 01:13:47,297 INFO  segmented.SegmentedRaftLogWorker (SegmentedRaftLogWorker.java:lambda$new$0(132)) - a0b17703-4af1-46b4-9f63-82cc7d3bf30b-SegmentedRaftLogWorker:Storage Directory /tmp/workdir/hadoop-ozone/integration-test/target/test-dir/MiniOzoneClusterImpl-b70dd109-4c8a-4825-92cf-da82a42132cf/datanode-4/data/ratis/acab7123-1231-4069-8a9a-088337503a15: flushIndex: setUnconditionally 0 -> -1
2019-07-14 01:13:47,298 INFO  server.RaftServerConfigKeys (ConfUtils.java:logGet(43)) - raft.server.snapshot.auto.trigger.enabled = true (custom)
2019-07-14 01:13:47,298 INFO  server.RaftServerConfigKeys (ConfUtils.java:logGet(43)) - raft.server.snapshot.auto.trigger.threshold = 10000 (custom)
2019-07-14 01:13:47,298 INFO  server.RaftServerConfigKeys (ConfUtils.java:logGet(43)) - raft.server.retrycache.expirytime = 600000ms (custom)
2019-07-14 01:13:47,298 INFO  impl.RaftServerImpl (RaftServerImpl.java:start(180)) - a0b17703-4af1-46b4-9f63-82cc7d3bf30b: start group-088337503A15
2019-07-14 01:13:47,299 INFO  impl.RaftServerImpl (RaftServerImpl.java:setRole(171)) - a0b17703-4af1-46b4-9f63-82cc7d3bf30b:group-088337503A15 changes role from null to FOLLOWER at term 0 for startAsFollower
2019-07-14 01:13:47,299 INFO  impl.RoleInfo (RoleInfo.java:updateAndGet(143)) - a0b17703-4af1-46b4-9f63-82cc7d3bf30b: start FollowerState
2019-07-14 01:13:47,299 INFO  util.JmxRegister (JmxRegister.java:tryRegister(44)) - Successfully registered JMX Bean with object name Ratis:service=RaftServer,group=group-088337503A15,id=a0b17703-4af1-46b4-9f63-82cc7d3bf30b
2019-07-14 01:13:47,317 INFO  pipeline.PipelineStateManager (PipelineStateManager.java:addPipeline(56)) - Created pipeline Pipeline[ Id: acab7123-1231-4069-8a9a-088337503a15, Nodes: a0b17703-4af1-46b4-9f63-82cc7d3bf30b{ip: 192.168.157.230, host: trunk-nightly-sxkq5-3320257302, networkLocation: /default-rack, certSerialId: null}, Type:RATIS, Factor:ONE, State:OPEN]
2019-07-14 01:13:47,345 INFO  impl.RaftServerProxy (RaftServerProxy.java:addNew(89)) - 41eb9e48-28e2-40bf-9fbd-6a61fe28873a: addNew group-4BEC443FBFAB:[41eb9e48-28e2-40bf-9fbd-6a61fe28873a:192.168.157.230:38252] returns group-4BEC443FBFAB:java.util.concurrent.CompletableFuture@539f0cf9[Not completed]
2019-07-14 01:13:47,349 INFO  impl.RaftServerImpl (RaftServerImpl.java:<init>(93)) - 41eb9e48-28e2-40bf-9fbd-6a61fe28873a: new RaftServerImpl for group-4BEC443FBFAB:[41eb9e48-28e2-40bf-9fbd-6a61fe28873a:192.168.157.230:38252] with ContainerStateMachine:uninitialized
2019-07-14 01:13:47,349 INFO  server.RaftServerConfigKeys (ConfUtils.java:logGet(43)) - raft.server.rpc.timeout.min = 5s (custom)
2019-07-14 01:13:47,349 INFO  server.RaftServerConfigKeys (ConfUtils.java:logGet(43)) - raft.server.rpc.timeout.max = 5200ms (custom)
2019-07-14 01:13:47,350 INFO  server.RaftServerConfigKeys (ConfUtils.java:logGet(43)) - raft.server.rpcslowness.timeout = 120s (custom)
2019-07-14 01:13:47,350 INFO  server.RaftServerConfigKeys (ConfUtils.java:logGet(43)) - raft.server.sleep.deviation.threshold = 300 (default)
2019-07-14 01:13:47,350 INFO  server.RaftServerConfigKeys (ConfUtils.java:logGet(43)) - raft.server.log.appender.install.snapshot.enabled = false (custom)
2019-07-14 01:13:47,350 INFO  impl.RaftServerImpl (ServerState.java:<init>(105)) - 41eb9e48-28e2-40bf-9fbd-6a61fe28873a:group-4BEC443FBFAB ConfigurationManager, init=-1: [41eb9e48-28e2-40bf-9fbd-6a61fe28873a:192.168.157.230:38252], old=null, confs=<EMPTY_MAP>
2019-07-14 01:13:47,350 INFO  server.RaftServerConfigKeys (ConfUtils.java:logGet(43)) - raft.server.storage.dir = [/tmp/workdir/hadoop-ozone/integration-test/target/test-dir/MiniOzoneClusterImpl-b70dd109-4c8a-4825-92cf-da82a42132cf/datanode-9/data/ratis] (custom)
2019-07-14 01:13:47,351 INFO  storage.RaftStorageDirectory (RaftStorageDirectory.java:analyzeStorage(246)) - The storage directory /tmp/workdir/hadoop-ozone/integration-test/target/test-dir/MiniOzoneClusterImpl-b70dd109-4c8a-4825-92cf-da82a42132cf/datanode-9/data/ratis/1f26bc36-87dc-4ce4-a836-4bec443fbfab does not exist. Creating ...
2019-07-14 01:13:47,365 INFO  storage.RaftStorageDirectory (RaftStorageDirectory.java:tryLock(328)) - Lock on /tmp/workdir/hadoop-ozone/integration-test/target/test-dir/MiniOzoneClusterImpl-b70dd109-4c8a-4825-92cf-da82a42132cf/datanode-9/data/ratis/1f26bc36-87dc-4ce4-a836-4bec443fbfab/in_use.lock acquired by nodename 8709@trunk-nightly-sxkq5-3320257302
2019-07-14 01:13:47,378 INFO  storage.RaftStorage (RaftStorage.java:format(72)) - Storage directory /tmp/workdir/hadoop-ozone/integration-test/target/test-dir/MiniOzoneClusterImpl-b70dd109-4c8a-4825-92cf-da82a42132cf/datanode-9/data/ratis/1f26bc36-87dc-4ce4-a836-4bec443fbfab has been successfully formatted.
2019-07-14 01:13:47,378 INFO  ratis.ContainerStateMachine (ContainerStateMachine.java:loadSnapshot(200)) - The snapshot info is null.Setting the last applied index to:(t:0, i:~)
2019-07-14 01:13:47,378 INFO  server.RaftServerConfigKeys (ConfUtils.java:logGet(43)) - raft.server.leader.election.timeout = 120s (custom)
2019-07-14 01:13:47,379 INFO  server.RaftServerConfigKeys (ConfUtils.java:logGet(43)) - raft.server.log.use.memory = false (default)
2019-07-14 01:13:47,379 INFO  server.RaftServerConfigKeys (ConfUtils.java:logGet(43)) - raft.server.log.purge.gap = 1000000000 (custom)
2019-07-14 01:13:47,379 INFO  server.RaftServerConfigKeys (ConfUtils.java:logGet(43)) - raft.server.log.appender.buffer.byte-limit = 33554432 (custom)
2019-07-14 01:13:47,379 INFO  server.RaftServerConfigKeys (ConfUtils.java:logGet(43)) - raft.server.log.segment.size.max = 1048576 (custom)
2019-07-14 01:13:47,379 INFO  server.RaftServerConfigKeys (ConfUtils.java:logGet(43)) - raft.server.log.segment.cache.num.max = 2 (custom)
2019-07-14 01:13:47,379 INFO  segmented.SegmentedRaftLogWorker (SegmentedRaftLogWorker.java:<init>(172)) - new 41eb9e48-28e2-40bf-9fbd-6a61fe28873a-SegmentedRaftLogWorker:Storage Directory /tmp/workdir/hadoop-ozone/integration-test/target/test-dir/MiniOzoneClusterImpl-b70dd109-4c8a-4825-92cf-da82a42132cf/datanode-9/data/ratis/1f26bc36-87dc-4ce4-a836-4bec443fbfab for RaftStorage:Storage Directory /tmp/workdir/hadoop-ozone/integration-test/target/test-dir/MiniOzoneClusterImpl-b70dd109-4c8a-4825-92cf-da82a42132cf/datanode-9/data/ratis/1f26bc36-87dc-4ce4-a836-4bec443fbfab
2019-07-14 01:13:47,380 INFO  server.RaftServerConfigKeys (ConfUtils.java:logGet(43)) - raft.server.log.queue.byte-limit = 2147483647 (custom)
2019-07-14 01:13:47,380 INFO  server.RaftServerConfigKeys (ConfUtils.java:logGet(43)) - raft.server.log.queue.element-limit = 1024 (custom)
2019-07-14 01:13:47,380 INFO  server.RaftServerConfigKeys (ConfUtils.java:logGet(43)) - raft.server.log.segment.size.max = 1048576 (custom)
2019-07-14 01:13:47,380 INFO  server.RaftServerConfigKeys (ConfUtils.java:logGet(43)) - raft.server.log.preallocated.size = 16384 (custom)
2019-07-14 01:13:47,381 INFO  server.RaftServerConfigKeys (ConfUtils.java:logGet(43)) - raft.server.log.write.buffer.size = 33554432 (custom)
2019-07-14 01:13:47,381 INFO  server.RaftServerConfigKeys (ConfUtils.java:logGet(43)) - raft.server.log.force.sync.num = 128 (default)
2019-07-14 01:13:47,381 INFO  server.RaftServerConfigKeys (ConfUtils.java:logGet(43)) - raft.server.log.statemachine.data.sync = true (default)
2019-07-14 01:13:47,381 INFO  server.RaftServerConfigKeys (ConfUtils.java:logGet(43)) - raft.server.log.statemachine.data.sync.timeout = 10s (default)
2019-07-14 01:13:47,381 INFO  server.RaftServerConfigKeys (ConfUtils.java:logGet(43)) - raft.server.log.statemachine.data.sync.timeout.retry = -1 (default)
2019-07-14 01:13:47,382 INFO  server.RaftServerConfigKeys (ConfUtils.java:logGet(43)) - raft.server.log.statemachine.data.caching.enabled = true (custom)
2019-07-14 01:13:47,382 INFO  segmented.SegmentedRaftLogWorker (SegmentedRaftLogWorker.java:lambda$new$0(132)) - 41eb9e48-28e2-40bf-9fbd-6a61fe28873a-SegmentedRaftLogWorker:Storage Directory /tmp/workdir/hadoop-ozone/integration-test/target/test-dir/MiniOzoneClusterImpl-b70dd109-4c8a-4825-92cf-da82a42132cf/datanode-9/data/ratis/1f26bc36-87dc-4ce4-a836-4bec443fbfab: flushIndex: setUnconditionally 0 -> -1
2019-07-14 01:13:47,383 INFO  server.RaftServerConfigKeys (ConfUtils.java:logGet(43)) - raft.server.snapshot.auto.trigger.enabled = true (custom)
2019-07-14 01:13:47,383 INFO  server.RaftServerConfigKeys (ConfUtils.java:logGet(43)) - raft.server.snapshot.auto.trigger.threshold = 10000 (custom)
2019-07-14 01:13:47,383 INFO  server.RaftServerConfigKeys (ConfUtils.java:logGet(43)) - raft.server.retrycache.expirytime = 600000ms (custom)
2019-07-14 01:13:47,383 INFO  impl.RaftServerImpl (RaftServerImpl.java:start(180)) - 41eb9e48-28e2-40bf-9fbd-6a61fe28873a: start group-4BEC443FBFAB
2019-07-14 01:13:47,384 INFO  impl.RaftServerImpl (RaftServerImpl.java:setRole(171)) - 41eb9e48-28e2-40bf-9fbd-6a61fe28873a:group-4BEC443FBFAB changes role from null to FOLLOWER at term 0 for startAsFollower
2019-07-14 01:13:47,384 INFO  impl.RoleInfo (RoleInfo.java:updateAndGet(143)) - 41eb9e48-28e2-40bf-9fbd-6a61fe28873a: start FollowerState
2019-07-14 01:13:47,384 INFO  util.JmxRegister (JmxRegister.java:tryRegister(44)) - Successfully registered JMX Bean with object name Ratis:service=RaftServer,group=group-4BEC443FBFAB,id=41eb9e48-28e2-40bf-9fbd-6a61fe28873a
2019-07-14 01:13:47,399 INFO  ozone.MiniOzoneClusterImpl (MiniOzoneClusterImpl.java:lambda$waitForClusterToBeReady$0(142)) - Cluster is ready. Got 10 of 10 DN Heartbeats.
2019-07-14 01:13:47,405 INFO  pipeline.PipelineStateManager (PipelineStateManager.java:addPipeline(56)) - Created pipeline Pipeline[ Id: 1f26bc36-87dc-4ce4-a836-4bec443fbfab, Nodes: 41eb9e48-28e2-40bf-9fbd-6a61fe28873a{ip: 192.168.157.230, host: trunk-nightly-sxkq5-3320257302, networkLocation: /default-rack, certSerialId: null}, Type:RATIS, Factor:ONE, State:OPEN]
2019-07-14 01:13:47,428 INFO  impl.RaftServerProxy (RaftServerProxy.java:addNew(89)) - 73147663-acac-447a-ba79-4fa08a8cbb5c: addNew group-EC5AFBD1D554:[73147663-acac-447a-ba79-4fa08a8cbb5c:192.168.157.230:44759] returns group-EC5AFBD1D554:java.util.concurrent.CompletableFuture@32a3d5b0[Not completed]
2019-07-14 01:13:47,430 INFO  impl.RaftServerImpl (RaftServerImpl.java:<init>(93)) - 73147663-acac-447a-ba79-4fa08a8cbb5c: new RaftServerImpl for group-EC5AFBD1D554:[73147663-acac-447a-ba79-4fa08a8cbb5c:192.168.157.230:44759] with ContainerStateMachine:uninitialized
2019-07-14 01:13:47,430 INFO  server.RaftServerConfigKeys (ConfUtils.java:logGet(43)) - raft.server.rpc.timeout.min = 5s (custom)
2019-07-14 01:13:47,431 INFO  server.RaftServerConfigKeys (ConfUtils.java:logGet(43)) - raft.server.rpc.timeout.max = 5200ms (custom)
2019-07-14 01:13:47,431 INFO  server.RaftServerConfigKeys (ConfUtils.java:logGet(43)) - raft.server.rpcslowness.timeout = 120s (custom)
2019-07-14 01:13:47,431 INFO  server.RaftServerConfigKeys (ConfUtils.java:logGet(43)) - raft.server.sleep.deviation.threshold = 300 (default)
2019-07-14 01:13:47,431 INFO  server.RaftServerConfigKeys (ConfUtils.java:logGet(43)) - raft.server.log.appender.install.snapshot.enabled = false (custom)
2019-07-14 01:13:47,431 INFO  impl.RaftServerImpl (ServerState.java:<init>(105)) - 73147663-acac-447a-ba79-4fa08a8cbb5c:group-EC5AFBD1D554 ConfigurationManager, init=-1: [73147663-acac-447a-ba79-4fa08a8cbb5c:192.168.157.230:44759], old=null, confs=<EMPTY_MAP>
2019-07-14 01:13:47,432 INFO  server.RaftServerConfigKeys (ConfUtils.java:logGet(43)) - raft.server.storage.dir = [/tmp/workdir/hadoop-ozone/integration-test/target/test-dir/MiniOzoneClusterImpl-b70dd109-4c8a-4825-92cf-da82a42132cf/datanode-7/data/ratis] (custom)
2019-07-14 01:13:47,432 INFO  storage.RaftStorageDirectory (RaftStorageDirectory.java:analyzeStorage(246)) - The storage directory /tmp/workdir/hadoop-ozone/integration-test/target/test-dir/MiniOzoneClusterImpl-b70dd109-4c8a-4825-92cf-da82a42132cf/datanode-7/data/ratis/59f4d819-b329-48f6-8041-ec5afbd1d554 does not exist. Creating ...
2019-07-14 01:13:47,445 INFO  storage.RaftStorageDirectory (RaftStorageDirectory.java:tryLock(328)) - Lock on /tmp/workdir/hadoop-ozone/integration-test/target/test-dir/MiniOzoneClusterImpl-b70dd109-4c8a-4825-92cf-da82a42132cf/datanode-7/data/ratis/59f4d819-b329-48f6-8041-ec5afbd1d554/in_use.lock acquired by nodename 8709@trunk-nightly-sxkq5-3320257302
2019-07-14 01:13:47,458 INFO  storage.RaftStorage (RaftStorage.java:format(72)) - Storage directory /tmp/workdir/hadoop-ozone/integration-test/target/test-dir/MiniOzoneClusterImpl-b70dd109-4c8a-4825-92cf-da82a42132cf/datanode-7/data/ratis/59f4d819-b329-48f6-8041-ec5afbd1d554 has been successfully formatted.
2019-07-14 01:13:47,458 INFO  ratis.ContainerStateMachine (ContainerStateMachine.java:loadSnapshot(200)) - The snapshot info is null.Setting the last applied index to:(t:0, i:~)
2019-07-14 01:13:47,458 INFO  server.RaftServerConfigKeys (ConfUtils.java:logGet(43)) - raft.server.leader.election.timeout = 120s (custom)
2019-07-14 01:13:47,458 INFO  server.RaftServerConfigKeys (ConfUtils.java:logGet(43)) - raft.server.log.use.memory = false (default)
2019-07-14 01:13:47,458 INFO  server.RaftServerConfigKeys (ConfUtils.java:logGet(43)) - raft.server.log.purge.gap = 1000000000 (custom)
2019-07-14 01:13:47,458 INFO  server.RaftServerConfigKeys (ConfUtils.java:logGet(43)) - raft.server.log.appender.buffer.byte-limit = 33554432 (custom)
2019-07-14 01:13:47,459 INFO  server.RaftServerConfigKeys (ConfUtils.java:logGet(43)) - raft.server.log.segment.size.max = 1048576 (custom)
2019-07-14 01:13:47,459 INFO  server.RaftServerConfigKeys (ConfUtils.java:logGet(43)) - raft.server.log.segment.cache.num.max = 2 (custom)
2019-07-14 01:13:47,459 INFO  segmented.SegmentedRaftLogWorker (SegmentedRaftLogWorker.java:<init>(172)) - new 73147663-acac-447a-ba79-4fa08a8cbb5c-SegmentedRaftLogWorker:Storage Directory /tmp/workdir/hadoop-ozone/integration-test/target/test-dir/MiniOzoneClusterImpl-b70dd109-4c8a-4825-92cf-da82a42132cf/datanode-7/data/ratis/59f4d819-b329-48f6-8041-ec5afbd1d554 for RaftStorage:Storage Directory /tmp/workdir/hadoop-ozone/integration-test/target/test-dir/MiniOzoneClusterImpl-b70dd109-4c8a-4825-92cf-da82a42132cf/datanode-7/data/ratis/59f4d819-b329-48f6-8041-ec5afbd1d554
2019-07-14 01:13:47,459 INFO  server.RaftServerConfigKeys (ConfUtils.java:logGet(43)) - raft.server.log.queue.byte-limit = 2147483647 (custom)
2019-07-14 01:13:47,459 INFO  server.RaftServerConfigKeys (ConfUtils.java:logGet(43)) - raft.server.log.queue.element-limit = 1024 (custom)
2019-07-14 01:13:47,460 INFO  server.RaftServerConfigKeys (ConfUtils.java:logGet(43)) - raft.server.log.segment.size.max = 1048576 (custom)
2019-07-14 01:13:47,460 INFO  server.RaftServerConfigKeys (ConfUtils.java:logGet(43)) - raft.server.log.preallocated.size = 16384 (custom)
2019-07-14 01:13:47,460 INFO  server.RaftServerConfigKeys (ConfUtils.java:logGet(43)) - raft.server.log.write.buffer.size = 33554432 (custom)
2019-07-14 01:13:47,460 INFO  server.RaftServerConfigKeys (ConfUtils.java:logGet(43)) - raft.server.log.force.sync.num = 128 (default)
2019-07-14 01:13:47,460 INFO  server.RaftServerConfigKeys (ConfUtils.java:logGet(43)) - raft.server.log.statemachine.data.sync = true (default)
2019-07-14 01:13:47,460 INFO  server.RaftServerConfigKeys (ConfUtils.java:logGet(43)) - raft.server.log.statemachine.data.sync.timeout = 10s (default)
2019-07-14 01:13:47,460 INFO  server.RaftServerConfigKeys (ConfUtils.java:logGet(43)) - raft.server.log.statemachine.data.sync.timeout.retry = -1 (default)
2019-07-14 01:13:47,461 INFO  server.RaftServerConfigKeys (ConfUtils.java:logGet(43)) - raft.server.log.statemachine.data.caching.enabled = true (custom)
2019-07-14 01:13:47,461 INFO  segmented.SegmentedRaftLogWorker (SegmentedRaftLogWorker.java:lambda$new$0(132)) - 73147663-acac-447a-ba79-4fa08a8cbb5c-SegmentedRaftLogWorker:Storage Directory /tmp/workdir/hadoop-ozone/integration-test/target/test-dir/MiniOzoneClusterImpl-b70dd109-4c8a-4825-92cf-da82a42132cf/datanode-7/data/ratis/59f4d819-b329-48f6-8041-ec5afbd1d554: flushIndex: setUnconditionally 0 -> -1
2019-07-14 01:13:47,461 INFO  server.RaftServerConfigKeys (ConfUtils.java:logGet(43)) - raft.server.snapshot.auto.trigger.enabled = true (custom)
2019-07-14 01:13:47,462 INFO  server.RaftServerConfigKeys (ConfUtils.java:logGet(43)) - raft.server.snapshot.auto.trigger.threshold = 10000 (custom)
2019-07-14 01:13:47,462 INFO  server.RaftServerConfigKeys (ConfUtils.java:logGet(43)) - raft.server.retrycache.expirytime = 600000ms (custom)
2019-07-14 01:13:47,462 INFO  impl.RaftServerImpl (RaftServerImpl.java:start(180)) - 73147663-acac-447a-ba79-4fa08a8cbb5c: start group-EC5AFBD1D554
2019-07-14 01:13:47,462 INFO  impl.RaftServerImpl (RaftServerImpl.java:setRole(171)) - 73147663-acac-447a-ba79-4fa08a8cbb5c:group-EC5AFBD1D554 changes role from null to FOLLOWER at term 0 for startAsFollower
2019-07-14 01:13:47,462 INFO  impl.RoleInfo (RoleInfo.java:updateAndGet(143)) - 73147663-acac-447a-ba79-4fa08a8cbb5c: start FollowerState
2019-07-14 01:13:47,463 INFO  util.JmxRegister (JmxRegister.java:tryRegister(44)) - Successfully registered JMX Bean with object name Ratis:service=RaftServer,group=group-EC5AFBD1D554,id=73147663-acac-447a-ba79-4fa08a8cbb5c
2019-07-14 01:13:47,495 INFO  pipeline.PipelineStateManager (PipelineStateManager.java:addPipeline(56)) - Created pipeline Pipeline[ Id: 59f4d819-b329-48f6-8041-ec5afbd1d554, Nodes: 73147663-acac-447a-ba79-4fa08a8cbb5c{ip: 192.168.157.230, host: trunk-nightly-sxkq5-3320257302, networkLocation: /default-rack, certSerialId: null}, Type:RATIS, Factor:ONE, State:OPEN]
2019-07-14 01:13:47,530 INFO  impl.RaftServerProxy (RaftServerProxy.java:addNew(89)) - 7cb84e39-9597-4731-a5e7-7c957d291bd5: addNew group-A7F1ADF590E1:[7cb84e39-9597-4731-a5e7-7c957d291bd5:192.168.157.230:43330] returns group-A7F1ADF590E1:java.util.concurrent.CompletableFuture@439b9acb[Not completed]
2019-07-14 01:13:47,532 INFO  impl.RaftServerImpl (RaftServerImpl.java:<init>(93)) - 7cb84e39-9597-4731-a5e7-7c957d291bd5: new RaftServerImpl for group-A7F1ADF590E1:[7cb84e39-9597-4731-a5e7-7c957d291bd5:192.168.157.230:43330] with ContainerStateMachine:uninitialized
2019-07-14 01:13:47,532 INFO  server.RaftServerConfigKeys (ConfUtils.java:logGet(43)) - raft.server.rpc.timeout.min = 5s (custom)
2019-07-14 01:13:47,532 INFO  server.RaftServerConfigKeys (ConfUtils.java:logGet(43)) - raft.server.rpc.timeout.max = 5200ms (custom)
2019-07-14 01:13:47,533 INFO  server.RaftServerConfigKeys (ConfUtils.java:logGet(43)) - raft.server.rpcslowness.timeout = 120s (custom)
2019-07-14 01:13:47,533 INFO  server.RaftServerConfigKeys (ConfUtils.java:logGet(43)) - raft.server.sleep.deviation.threshold = 300 (default)
2019-07-14 01:13:47,533 INFO  server.RaftServerConfigKeys (ConfUtils.java:logGet(43)) - raft.server.log.appender.install.snapshot.enabled = false (custom)
2019-07-14 01:13:47,533 INFO  impl.RaftServerImpl (ServerState.java:<init>(105)) - 7cb84e39-9597-4731-a5e7-7c957d291bd5:group-A7F1ADF590E1 ConfigurationManager, init=-1: [7cb84e39-9597-4731-a5e7-7c957d291bd5:192.168.157.230:43330], old=null, confs=<EMPTY_MAP>
2019-07-14 01:13:47,533 INFO  server.RaftServerConfigKeys (ConfUtils.java:logGet(43)) - raft.server.storage.dir = [/tmp/workdir/hadoop-ozone/integration-test/target/test-dir/MiniOzoneClusterImpl-b70dd109-4c8a-4825-92cf-da82a42132cf/datanode-8/data/ratis] (custom)
2019-07-14 01:13:47,534 INFO  storage.RaftStorageDirectory (RaftStorageDirectory.java:analyzeStorage(246)) - The storage directory /tmp/workdir/hadoop-ozone/integration-test/target/test-dir/MiniOzoneClusterImpl-b70dd109-4c8a-4825-92cf-da82a42132cf/datanode-8/data/ratis/52a000e2-ca83-407c-9bc3-a7f1adf590e1 does not exist. Creating ...
2019-07-14 01:13:47,574 INFO  storage.RaftStorageDirectory (RaftStorageDirectory.java:tryLock(328)) - Lock on /tmp/workdir/hadoop-ozone/integration-test/target/test-dir/MiniOzoneClusterImpl-b70dd109-4c8a-4825-92cf-da82a42132cf/datanode-8/data/ratis/52a000e2-ca83-407c-9bc3-a7f1adf590e1/in_use.lock acquired by nodename 8709@trunk-nightly-sxkq5-3320257302
2019-07-14 01:13:47,587 INFO  storage.RaftStorage (RaftStorage.java:format(72)) - Storage directory /tmp/workdir/hadoop-ozone/integration-test/target/test-dir/MiniOzoneClusterImpl-b70dd109-4c8a-4825-92cf-da82a42132cf/datanode-8/data/ratis/52a000e2-ca83-407c-9bc3-a7f1adf590e1 has been successfully formatted.
2019-07-14 01:13:47,587 INFO  ratis.ContainerStateMachine (ContainerStateMachine.java:loadSnapshot(200)) - The snapshot info is null.Setting the last applied index to:(t:0, i:~)
2019-07-14 01:13:47,588 INFO  server.RaftServerConfigKeys (ConfUtils.java:logGet(43)) - raft.server.leader.election.timeout = 120s (custom)
2019-07-14 01:13:47,588 INFO  server.RaftServerConfigKeys (ConfUtils.java:logGet(43)) - raft.server.log.use.memory = false (default)
2019-07-14 01:13:47,588 INFO  server.RaftServerConfigKeys (ConfUtils.java:logGet(43)) - raft.server.log.purge.gap = 1000000000 (custom)
2019-07-14 01:13:47,588 INFO  server.RaftServerConfigKeys (ConfUtils.java:logGet(43)) - raft.server.log.appender.buffer.byte-limit = 33554432 (custom)
2019-07-14 01:13:47,588 INFO  server.RaftServerConfigKeys (ConfUtils.java:logGet(43)) - raft.server.log.segment.size.max = 1048576 (custom)
2019-07-14 01:13:47,589 INFO  server.RaftServerConfigKeys (ConfUtils.java:logGet(43)) - raft.server.log.segment.cache.num.max = 2 (custom)
2019-07-14 01:13:47,589 INFO  segmented.SegmentedRaftLogWorker (SegmentedRaftLogWorker.java:<init>(172)) - new 7cb84e39-9597-4731-a5e7-7c957d291bd5-SegmentedRaftLogWorker:Storage Directory /tmp/workdir/hadoop-ozone/integration-test/target/test-dir/MiniOzoneClusterImpl-b70dd109-4c8a-4825-92cf-da82a42132cf/datanode-8/data/ratis/52a000e2-ca83-407c-9bc3-a7f1adf590e1 for RaftStorage:Storage Directory /tmp/workdir/hadoop-ozone/integration-test/target/test-dir/MiniOzoneClusterImpl-b70dd109-4c8a-4825-92cf-da82a42132cf/datanode-8/data/ratis/52a000e2-ca83-407c-9bc3-a7f1adf590e1
2019-07-14 01:13:47,589 INFO  server.RaftServerConfigKeys (ConfUtils.java:logGet(43)) - raft.server.log.queue.byte-limit = 2147483647 (custom)
2019-07-14 01:13:47,589 INFO  server.RaftServerConfigKeys (ConfUtils.java:logGet(43)) - raft.server.log.queue.element-limit = 1024 (custom)
2019-07-14 01:13:47,590 INFO  server.RaftServerConfigKeys (ConfUtils.java:logGet(43)) - raft.server.log.segment.size.max = 1048576 (custom)
2019-07-14 01:13:47,590 INFO  server.RaftServerConfigKeys (ConfUtils.java:logGet(43)) - raft.server.log.preallocated.size = 16384 (custom)
2019-07-14 01:13:47,590 INFO  server.RaftServerConfigKeys (ConfUtils.java:logGet(43)) - raft.server.log.write.buffer.size = 33554432 (custom)
2019-07-14 01:13:47,590 INFO  server.RaftServerConfigKeys (ConfUtils.java:logGet(43)) - raft.server.log.force.sync.num = 128 (default)
2019-07-14 01:13:47,590 INFO  server.RaftServerConfigKeys (ConfUtils.java:logGet(43)) - raft.server.log.statemachine.data.sync = true (default)
2019-07-14 01:13:47,591 INFO  server.RaftServerConfigKeys (ConfUtils.java:logGet(43)) - raft.server.log.statemachine.data.sync.timeout = 10s (default)
2019-07-14 01:13:47,591 INFO  server.RaftServerConfigKeys (ConfUtils.java:logGet(43)) - raft.server.log.statemachine.data.sync.timeout.retry = -1 (default)
2019-07-14 01:13:47,591 INFO  server.RaftServerConfigKeys (ConfUtils.java:logGet(43)) - raft.server.log.statemachine.data.caching.enabled = true (custom)
2019-07-14 01:13:47,592 INFO  segmented.SegmentedRaftLogWorker (SegmentedRaftLogWorker.java:lambda$new$0(132)) - 7cb84e39-9597-4731-a5e7-7c957d291bd5-SegmentedRaftLogWorker:Storage Directory /tmp/workdir/hadoop-ozone/integration-test/target/test-dir/MiniOzoneClusterImpl-b70dd109-4c8a-4825-92cf-da82a42132cf/datanode-8/data/ratis/52a000e2-ca83-407c-9bc3-a7f1adf590e1: flushIndex: setUnconditionally 0 -> -1
2019-07-14 01:13:47,592 INFO  server.RaftServerConfigKeys (ConfUtils.java:logGet(43)) - raft.server.snapshot.auto.trigger.enabled = true (custom)
2019-07-14 01:13:47,592 INFO  server.RaftServerConfigKeys (ConfUtils.java:logGet(43)) - raft.server.snapshot.auto.trigger.threshold = 10000 (custom)
2019-07-14 01:13:47,592 INFO  server.RaftServerConfigKeys (ConfUtils.java:logGet(43)) - raft.server.retrycache.expirytime = 600000ms (custom)
2019-07-14 01:13:47,593 INFO  impl.RaftServerImpl (RaftServerImpl.java:start(180)) - 7cb84e39-9597-4731-a5e7-7c957d291bd5: start group-A7F1ADF590E1
2019-07-14 01:13:47,593 INFO  impl.RaftServerImpl (RaftServerImpl.java:setRole(171)) - 7cb84e39-9597-4731-a5e7-7c957d291bd5:group-A7F1ADF590E1 changes role from null to FOLLOWER at term 0 for startAsFollower
2019-07-14 01:13:47,593 INFO  impl.RoleInfo (RoleInfo.java:updateAndGet(143)) - 7cb84e39-9597-4731-a5e7-7c957d291bd5: start FollowerState
2019-07-14 01:13:47,594 INFO  util.JmxRegister (JmxRegister.java:tryRegister(44)) - Successfully registered JMX Bean with object name Ratis:service=RaftServer,group=group-A7F1ADF590E1,id=7cb84e39-9597-4731-a5e7-7c957d291bd5
2019-07-14 01:13:47,609 INFO  pipeline.PipelineStateManager (PipelineStateManager.java:addPipeline(56)) - Created pipeline Pipeline[ Id: 52a000e2-ca83-407c-9bc3-a7f1adf590e1, Nodes: 7cb84e39-9597-4731-a5e7-7c957d291bd5{ip: 192.168.157.230, host: trunk-nightly-sxkq5-3320257302, networkLocation: /default-rack, certSerialId: null}, Type:RATIS, Factor:ONE, State:OPEN]
2019-07-14 01:13:47,632 INFO  impl.RaftServerProxy (RaftServerProxy.java:addNew(89)) - e50ba753-2da3-49fc-b02e-4b4c8371c5c8: addNew group-8BFC06DE6CFC:[e50ba753-2da3-49fc-b02e-4b4c8371c5c8:192.168.157.230:34873] returns group-8BFC06DE6CFC:java.util.concurrent.CompletableFuture@2c3c5959[Not completed]
2019-07-14 01:13:47,634 INFO  impl.RaftServerImpl (RaftServerImpl.java:<init>(93)) - e50ba753-2da3-49fc-b02e-4b4c8371c5c8: new RaftServerImpl for group-8BFC06DE6CFC:[e50ba753-2da3-49fc-b02e-4b4c8371c5c8:192.168.157.230:34873] with ContainerStateMachine:uninitialized
2019-07-14 01:13:47,634 INFO  server.RaftServerConfigKeys (ConfUtils.java:logGet(43)) - raft.server.rpc.timeout.min = 5s (custom)
2019-07-14 01:13:47,634 INFO  server.RaftServerConfigKeys (ConfUtils.java:logGet(43)) - raft.server.rpc.timeout.max = 5200ms (custom)
2019-07-14 01:13:47,634 INFO  server.RaftServerConfigKeys (ConfUtils.java:logGet(43)) - raft.server.rpcslowness.timeout = 120s (custom)
2019-07-14 01:13:47,635 INFO  server.RaftServerConfigKeys (ConfUtils.java:logGet(43)) - raft.server.sleep.deviation.threshold = 300 (default)
2019-07-14 01:13:47,635 INFO  server.RaftServerConfigKeys (ConfUtils.java:logGet(43)) - raft.server.log.appender.install.snapshot.enabled = false (custom)
2019-07-14 01:13:47,635 INFO  impl.RaftServerImpl (ServerState.java:<init>(105)) - e50ba753-2da3-49fc-b02e-4b4c8371c5c8:group-8BFC06DE6CFC ConfigurationManager, init=-1: [e50ba753-2da3-49fc-b02e-4b4c8371c5c8:192.168.157.230:34873], old=null, confs=<EMPTY_MAP>
2019-07-14 01:13:47,635 INFO  server.RaftServerConfigKeys (ConfUtils.java:logGet(43)) - raft.server.storage.dir = [/tmp/workdir/hadoop-ozone/integration-test/target/test-dir/MiniOzoneClusterImpl-b70dd109-4c8a-4825-92cf-da82a42132cf/datanode-2/data/ratis] (custom)
2019-07-14 01:13:47,635 INFO  storage.RaftStorageDirectory (RaftStorageDirectory.java:analyzeStorage(246)) - The storage directory /tmp/workdir/hadoop-ozone/integration-test/target/test-dir/MiniOzoneClusterImpl-b70dd109-4c8a-4825-92cf-da82a42132cf/datanode-2/data/ratis/b8975554-830a-42b8-a4a5-8bfc06de6cfc does not exist. Creating ...
2019-07-14 01:13:47,648 INFO  storage.RaftStorageDirectory (RaftStorageDirectory.java:tryLock(328)) - Lock on /tmp/workdir/hadoop-ozone/integration-test/target/test-dir/MiniOzoneClusterImpl-b70dd109-4c8a-4825-92cf-da82a42132cf/datanode-2/data/ratis/b8975554-830a-42b8-a4a5-8bfc06de6cfc/in_use.lock acquired by nodename 8709@trunk-nightly-sxkq5-3320257302
2019-07-14 01:13:47,661 INFO  storage.RaftStorage (RaftStorage.java:format(72)) - Storage directory /tmp/workdir/hadoop-ozone/integration-test/target/test-dir/MiniOzoneClusterImpl-b70dd109-4c8a-4825-92cf-da82a42132cf/datanode-2/data/ratis/b8975554-830a-42b8-a4a5-8bfc06de6cfc has been successfully formatted.
2019-07-14 01:13:47,662 INFO  ratis.ContainerStateMachine (ContainerStateMachine.java:loadSnapshot(200)) - The snapshot info is null.Setting the last applied index to:(t:0, i:~)
2019-07-14 01:13:47,662 INFO  server.RaftServerConfigKeys (ConfUtils.java:logGet(43)) - raft.server.leader.election.timeout = 120s (custom)
2019-07-14 01:13:47,662 INFO  server.RaftServerConfigKeys (ConfUtils.java:logGet(43)) - raft.server.log.use.memory = false (default)
2019-07-14 01:13:47,662 INFO  server.RaftServerConfigKeys (ConfUtils.java:logGet(43)) - raft.server.log.purge.gap = 1000000000 (custom)
2019-07-14 01:13:47,662 INFO  server.RaftServerConfigKeys (ConfUtils.java:logGet(43)) - raft.server.log.appender.buffer.byte-limit = 33554432 (custom)
2019-07-14 01:13:47,663 INFO  server.RaftServerConfigKeys (ConfUtils.java:logGet(43)) - raft.server.log.segment.size.max = 1048576 (custom)
2019-07-14 01:13:47,663 INFO  server.RaftServerConfigKeys (ConfUtils.java:logGet(43)) - raft.server.log.segment.cache.num.max = 2 (custom)
2019-07-14 01:13:47,663 INFO  segmented.SegmentedRaftLogWorker (SegmentedRaftLogWorker.java:<init>(172)) - new e50ba753-2da3-49fc-b02e-4b4c8371c5c8-SegmentedRaftLogWorker:Storage Directory /tmp/workdir/hadoop-ozone/integration-test/target/test-dir/MiniOzoneClusterImpl-b70dd109-4c8a-4825-92cf-da82a42132cf/datanode-2/data/ratis/b8975554-830a-42b8-a4a5-8bfc06de6cfc for RaftStorage:Storage Directory /tmp/workdir/hadoop-ozone/integration-test/target/test-dir/MiniOzoneClusterImpl-b70dd109-4c8a-4825-92cf-da82a42132cf/datanode-2/data/ratis/b8975554-830a-42b8-a4a5-8bfc06de6cfc
2019-07-14 01:13:47,663 INFO  server.RaftServerConfigKeys (ConfUtils.java:logGet(43)) - raft.server.log.queue.byte-limit = 2147483647 (custom)
2019-07-14 01:13:47,663 INFO  server.RaftServerConfigKeys (ConfUtils.java:logGet(43)) - raft.server.log.queue.element-limit = 1024 (custom)
2019-07-14 01:13:47,664 INFO  server.RaftServerConfigKeys (ConfUtils.java:logGet(43)) - raft.server.log.segment.size.max = 1048576 (custom)
2019-07-14 01:13:47,664 INFO  server.RaftServerConfigKeys (ConfUtils.java:logGet(43)) - raft.server.log.preallocated.size = 16384 (custom)
2019-07-14 01:13:47,664 INFO  server.RaftServerConfigKeys (ConfUtils.java:logGet(43)) - raft.server.log.write.buffer.size = 33554432 (custom)
2019-07-14 01:13:47,664 INFO  server.RaftServerConfigKeys (ConfUtils.java:logGet(43)) - raft.server.log.force.sync.num = 128 (default)
2019-07-14 01:13:47,664 INFO  server.RaftServerConfigKeys (ConfUtils.java:logGet(43)) - raft.server.log.statemachine.data.sync = true (default)
2019-07-14 01:13:47,665 INFO  server.RaftServerConfigKeys (ConfUtils.java:logGet(43)) - raft.server.log.statemachine.data.sync.timeout = 10s (default)
2019-07-14 01:13:47,665 INFO  server.RaftServerConfigKeys (ConfUtils.java:logGet(43)) - raft.server.log.statemachine.data.sync.timeout.retry = -1 (default)
2019-07-14 01:13:47,665 INFO  server.RaftServerConfigKeys (ConfUtils.java:logGet(43)) - raft.server.log.statemachine.data.caching.enabled = true (custom)
2019-07-14 01:13:47,665 INFO  segmented.SegmentedRaftLogWorker (SegmentedRaftLogWorker.java:lambda$new$0(132)) - e50ba753-2da3-49fc-b02e-4b4c8371c5c8-SegmentedRaftLogWorker:Storage Directory /tmp/workdir/hadoop-ozone/integration-test/target/test-dir/MiniOzoneClusterImpl-b70dd109-4c8a-4825-92cf-da82a42132cf/datanode-2/data/ratis/b8975554-830a-42b8-a4a5-8bfc06de6cfc: flushIndex: setUnconditionally 0 -> -1
2019-07-14 01:13:47,666 INFO  server.RaftServerConfigKeys (ConfUtils.java:logGet(43)) - raft.server.snapshot.auto.trigger.enabled = true (custom)
2019-07-14 01:13:47,666 INFO  server.RaftServerConfigKeys (ConfUtils.java:logGet(43)) - raft.server.snapshot.auto.trigger.threshold = 10000 (custom)
2019-07-14 01:13:47,666 INFO  server.RaftServerConfigKeys (ConfUtils.java:logGet(43)) - raft.server.retrycache.expirytime = 600000ms (custom)
2019-07-14 01:13:47,666 INFO  impl.RaftServerImpl (RaftServerImpl.java:start(180)) - e50ba753-2da3-49fc-b02e-4b4c8371c5c8: start group-8BFC06DE6CFC
2019-07-14 01:13:47,667 INFO  impl.RaftServerImpl (RaftServerImpl.java:setRole(171)) - e50ba753-2da3-49fc-b02e-4b4c8371c5c8:group-8BFC06DE6CFC changes role from null to FOLLOWER at term 0 for startAsFollower
2019-07-14 01:13:47,667 INFO  impl.RoleInfo (RoleInfo.java:updateAndGet(143)) - e50ba753-2da3-49fc-b02e-4b4c8371c5c8: start FollowerState
2019-07-14 01:13:47,667 INFO  util.JmxRegister (JmxRegister.java:tryRegister(44)) - Successfully registered JMX Bean with object name Ratis:service=RaftServer,group=group-8BFC06DE6CFC,id=e50ba753-2da3-49fc-b02e-4b4c8371c5c8
2019-07-14 01:13:47,699 INFO  pipeline.PipelineStateManager (PipelineStateManager.java:addPipeline(56)) - Created pipeline Pipeline[ Id: b8975554-830a-42b8-a4a5-8bfc06de6cfc, Nodes: e50ba753-2da3-49fc-b02e-4b4c8371c5c8{ip: 192.168.157.230, host: trunk-nightly-sxkq5-3320257302, networkLocation: /default-rack, certSerialId: null}, Type:RATIS, Factor:ONE, State:OPEN]
2019-07-14 01:13:47,735 INFO  impl.RaftServerProxy (RaftServerProxy.java:addNew(89)) - c31e701d-5e5f-4f21-bbe2-b76f5bb62129: addNew group-8AF1995668DA:[c31e701d-5e5f-4f21-bbe2-b76f5bb62129:192.168.157.230:43247] returns group-8AF1995668DA:java.util.concurrent.CompletableFuture@62896fbf[Not completed]
2019-07-14 01:13:47,737 INFO  impl.RaftServerImpl (RaftServerImpl.java:<init>(93)) - c31e701d-5e5f-4f21-bbe2-b76f5bb62129: new RaftServerImpl for group-8AF1995668DA:[c31e701d-5e5f-4f21-bbe2-b76f5bb62129:192.168.157.230:43247] with ContainerStateMachine:uninitialized
2019-07-14 01:13:47,737 INFO  server.RaftServerConfigKeys (ConfUtils.java:logGet(43)) - raft.server.rpc.timeout.min = 5s (custom)
2019-07-14 01:13:47,737 INFO  server.RaftServerConfigKeys (ConfUtils.java:logGet(43)) - raft.server.rpc.timeout.max = 5200ms (custom)
2019-07-14 01:13:47,737 INFO  server.RaftServerConfigKeys (ConfUtils.java:logGet(43)) - raft.server.rpcslowness.timeout = 120s (custom)
2019-07-14 01:13:47,738 INFO  server.RaftServerConfigKeys (ConfUtils.java:logGet(43)) - raft.server.sleep.deviation.threshold = 300 (default)
2019-07-14 01:13:47,738 INFO  server.RaftServerConfigKeys (ConfUtils.java:logGet(43)) - raft.server.log.appender.install.snapshot.enabled = false (custom)
2019-07-14 01:13:47,738 INFO  impl.RaftServerImpl (ServerState.java:<init>(105)) - c31e701d-5e5f-4f21-bbe2-b76f5bb62129:group-8AF1995668DA ConfigurationManager, init=-1: [c31e701d-5e5f-4f21-bbe2-b76f5bb62129:192.168.157.230:43247], old=null, confs=<EMPTY_MAP>
2019-07-14 01:13:47,738 INFO  server.RaftServerConfigKeys (ConfUtils.java:logGet(43)) - raft.server.storage.dir = [/tmp/workdir/hadoop-ozone/integration-test/target/test-dir/MiniOzoneClusterImpl-b70dd109-4c8a-4825-92cf-da82a42132cf/datanode-5/data/ratis] (custom)
2019-07-14 01:13:47,739 INFO  storage.RaftStorageDirectory (RaftStorageDirectory.java:analyzeStorage(246)) - The storage directory /tmp/workdir/hadoop-ozone/integration-test/target/test-dir/MiniOzoneClusterImpl-b70dd109-4c8a-4825-92cf-da82a42132cf/datanode-5/data/ratis/6d7c2173-7ada-43f8-9872-8af1995668da does not exist. Creating ...
2019-07-14 01:13:47,752 INFO  storage.RaftStorageDirectory (RaftStorageDirectory.java:tryLock(328)) - Lock on /tmp/workdir/hadoop-ozone/integration-test/target/test-dir/MiniOzoneClusterImpl-b70dd109-4c8a-4825-92cf-da82a42132cf/datanode-5/data/ratis/6d7c2173-7ada-43f8-9872-8af1995668da/in_use.lock acquired by nodename 8709@trunk-nightly-sxkq5-3320257302
2019-07-14 01:13:47,772 INFO  storage.RaftStorage (RaftStorage.java:format(72)) - Storage directory /tmp/workdir/hadoop-ozone/integration-test/target/test-dir/MiniOzoneClusterImpl-b70dd109-4c8a-4825-92cf-da82a42132cf/datanode-5/data/ratis/6d7c2173-7ada-43f8-9872-8af1995668da has been successfully formatted.
2019-07-14 01:13:47,772 INFO  ratis.ContainerStateMachine (ContainerStateMachine.java:loadSnapshot(200)) - The snapshot info is null.Setting the last applied index to:(t:0, i:~)
2019-07-14 01:13:47,772 INFO  server.RaftServerConfigKeys (ConfUtils.java:logGet(43)) - raft.server.leader.election.timeout = 120s (custom)
2019-07-14 01:13:47,775 INFO  server.RaftServerConfigKeys (ConfUtils.java:logGet(43)) - raft.server.log.use.memory = false (default)
2019-07-14 01:13:47,780 INFO  server.RaftServerConfigKeys (ConfUtils.java:logGet(43)) - raft.server.log.purge.gap = 1000000000 (custom)
2019-07-14 01:13:47,780 INFO  server.RaftServerConfigKeys (ConfUtils.java:logGet(43)) - raft.server.log.appender.buffer.byte-limit = 33554432 (custom)
2019-07-14 01:13:47,780 INFO  server.RaftServerConfigKeys (ConfUtils.java:logGet(43)) - raft.server.log.segment.size.max = 1048576 (custom)
2019-07-14 01:13:47,780 INFO  server.RaftServerConfigKeys (ConfUtils.java:logGet(43)) - raft.server.log.segment.cache.num.max = 2 (custom)
2019-07-14 01:13:47,780 INFO  segmented.SegmentedRaftLogWorker (SegmentedRaftLogWorker.java:<init>(172)) - new c31e701d-5e5f-4f21-bbe2-b76f5bb62129-SegmentedRaftLogWorker:Storage Directory /tmp/workdir/hadoop-ozone/integration-test/target/test-dir/MiniOzoneClusterImpl-b70dd109-4c8a-4825-92cf-da82a42132cf/datanode-5/data/ratis/6d7c2173-7ada-43f8-9872-8af1995668da for RaftStorage:Storage Directory /tmp/workdir/hadoop-ozone/integration-test/target/test-dir/MiniOzoneClusterImpl-b70dd109-4c8a-4825-92cf-da82a42132cf/datanode-5/data/ratis/6d7c2173-7ada-43f8-9872-8af1995668da
2019-07-14 01:13:47,781 INFO  server.RaftServerConfigKeys (ConfUtils.java:logGet(43)) - raft.server.log.queue.byte-limit = 2147483647 (custom)
2019-07-14 01:13:47,781 INFO  server.RaftServerConfigKeys (ConfUtils.java:logGet(43)) - raft.server.log.queue.element-limit = 1024 (custom)
2019-07-14 01:13:47,781 INFO  server.RaftServerConfigKeys (ConfUtils.java:logGet(43)) - raft.server.log.segment.size.max = 1048576 (custom)
2019-07-14 01:13:47,781 INFO  server.RaftServerConfigKeys (ConfUtils.java:logGet(43)) - raft.server.log.preallocated.size = 16384 (custom)
2019-07-14 01:13:47,781 INFO  server.RaftServerConfigKeys (ConfUtils.java:logGet(43)) - raft.server.log.write.buffer.size = 33554432 (custom)
2019-07-14 01:13:47,781 INFO  server.RaftServerConfigKeys (ConfUtils.java:logGet(43)) - raft.server.log.force.sync.num = 128 (default)
2019-07-14 01:13:47,782 INFO  server.RaftServerConfigKeys (ConfUtils.java:logGet(43)) - raft.server.log.statemachine.data.sync = true (default)
2019-07-14 01:13:47,782 INFO  server.RaftServerConfigKeys (ConfUtils.java:logGet(43)) - raft.server.log.statemachine.data.sync.timeout = 10s (default)
2019-07-14 01:13:47,782 INFO  server.RaftServerConfigKeys (ConfUtils.java:logGet(43)) - raft.server.log.statemachine.data.sync.timeout.retry = -1 (default)
2019-07-14 01:13:47,782 INFO  server.RaftServerConfigKeys (ConfUtils.java:logGet(43)) - raft.server.log.statemachine.data.caching.enabled = true (custom)
2019-07-14 01:13:47,782 INFO  segmented.SegmentedRaftLogWorker (SegmentedRaftLogWorker.java:lambda$new$0(132)) - c31e701d-5e5f-4f21-bbe2-b76f5bb62129-SegmentedRaftLogWorker:Storage Directory /tmp/workdir/hadoop-ozone/integration-test/target/test-dir/MiniOzoneClusterImpl-b70dd109-4c8a-4825-92cf-da82a42132cf/datanode-5/data/ratis/6d7c2173-7ada-43f8-9872-8af1995668da: flushIndex: setUnconditionally 0 -> -1
2019-07-14 01:13:47,783 INFO  server.RaftServerConfigKeys (ConfUtils.java:logGet(43)) - raft.server.snapshot.auto.trigger.enabled = true (custom)
2019-07-14 01:13:47,783 INFO  server.RaftServerConfigKeys (ConfUtils.java:logGet(43)) - raft.server.snapshot.auto.trigger.threshold = 10000 (custom)
2019-07-14 01:13:47,783 INFO  server.RaftServerConfigKeys (ConfUtils.java:logGet(43)) - raft.server.retrycache.expirytime = 600000ms (custom)
2019-07-14 01:13:47,783 INFO  impl.RaftServerImpl (RaftServerImpl.java:start(180)) - c31e701d-5e5f-4f21-bbe2-b76f5bb62129: start group-8AF1995668DA
2019-07-14 01:13:47,783 INFO  impl.RaftServerImpl (RaftServerImpl.java:setRole(171)) - c31e701d-5e5f-4f21-bbe2-b76f5bb62129:group-8AF1995668DA changes role from null to FOLLOWER at term 0 for startAsFollower
2019-07-14 01:13:47,784 INFO  impl.RoleInfo (RoleInfo.java:updateAndGet(143)) - c31e701d-5e5f-4f21-bbe2-b76f5bb62129: start FollowerState
2019-07-14 01:13:47,784 INFO  util.JmxRegister (JmxRegister.java:tryRegister(44)) - Successfully registered JMX Bean with object name Ratis:service=RaftServer,group=group-8AF1995668DA,id=c31e701d-5e5f-4f21-bbe2-b76f5bb62129
2019-07-14 01:13:47,799 INFO  pipeline.PipelineStateManager (PipelineStateManager.java:addPipeline(56)) - Created pipeline Pipeline[ Id: 6d7c2173-7ada-43f8-9872-8af1995668da, Nodes: c31e701d-5e5f-4f21-bbe2-b76f5bb62129{ip: 192.168.157.230, host: trunk-nightly-sxkq5-3320257302, networkLocation: /default-rack, certSerialId: null}, Type:RATIS, Factor:ONE, State:OPEN]
2019-07-14 01:13:47,844 INFO  impl.RaftServerProxy (RaftServerProxy.java:addNew(89)) - 41eb9e48-28e2-40bf-9fbd-6a61fe28873a: addNew group-36A2F889B02B:[4b5e2365-0792-493b-a732-2ddb2a0a00c3:192.168.157.230:42558, e4f3b87b-e2e3-4845-b52f-439ada87136d:192.168.157.230:45517, 41eb9e48-28e2-40bf-9fbd-6a61fe28873a:192.168.157.230:38252] returns group-36A2F889B02B:java.util.concurrent.CompletableFuture@5fb9b2f4[Not completed]
2019-07-14 01:13:47,845 INFO  impl.RaftServerProxy (RaftServerProxy.java:addNew(89)) - e4f3b87b-e2e3-4845-b52f-439ada87136d: addNew group-36A2F889B02B:[4b5e2365-0792-493b-a732-2ddb2a0a00c3:192.168.157.230:42558, e4f3b87b-e2e3-4845-b52f-439ada87136d:192.168.157.230:45517, 41eb9e48-28e2-40bf-9fbd-6a61fe28873a:192.168.157.230:38252] returns group-36A2F889B02B:java.util.concurrent.CompletableFuture@372a27fa[Not completed]
2019-07-14 01:13:47,845 INFO  impl.RaftServerProxy (RaftServerProxy.java:addNew(89)) - 4b5e2365-0792-493b-a732-2ddb2a0a00c3: addNew group-36A2F889B02B:[4b5e2365-0792-493b-a732-2ddb2a0a00c3:192.168.157.230:42558, e4f3b87b-e2e3-4845-b52f-439ada87136d:192.168.157.230:45517, 41eb9e48-28e2-40bf-9fbd-6a61fe28873a:192.168.157.230:38252] returns group-36A2F889B02B:java.util.concurrent.CompletableFuture@4f1a0b54[Not completed]
2019-07-14 01:13:47,846 INFO  impl.RaftServerImpl (RaftServerImpl.java:<init>(93)) - 41eb9e48-28e2-40bf-9fbd-6a61fe28873a: new RaftServerImpl for group-36A2F889B02B:[4b5e2365-0792-493b-a732-2ddb2a0a00c3:192.168.157.230:42558, e4f3b87b-e2e3-4845-b52f-439ada87136d:192.168.157.230:45517, 41eb9e48-28e2-40bf-9fbd-6a61fe28873a:192.168.157.230:38252] with ContainerStateMachine:uninitialized
2019-07-14 01:13:47,846 INFO  server.RaftServerConfigKeys (ConfUtils.java:logGet(43)) - raft.server.rpc.timeout.min = 5s (custom)
2019-07-14 01:13:47,846 INFO  server.RaftServerConfigKeys (ConfUtils.java:logGet(43)) - raft.server.rpc.timeout.max = 5200ms (custom)
2019-07-14 01:13:47,846 INFO  server.RaftServerConfigKeys (ConfUtils.java:logGet(43)) - raft.server.rpcslowness.timeout = 120s (custom)
2019-07-14 01:13:47,847 INFO  server.RaftServerConfigKeys (ConfUtils.java:logGet(43)) - raft.server.sleep.deviation.threshold = 300 (default)
2019-07-14 01:13:47,847 INFO  server.RaftServerConfigKeys (ConfUtils.java:logGet(43)) - raft.server.log.appender.install.snapshot.enabled = false (custom)
2019-07-14 01:13:47,847 INFO  impl.RaftServerImpl (ServerState.java:<init>(105)) - 41eb9e48-28e2-40bf-9fbd-6a61fe28873a:group-36A2F889B02B ConfigurationManager, init=-1: [4b5e2365-0792-493b-a732-2ddb2a0a00c3:192.168.157.230:42558, e4f3b87b-e2e3-4845-b52f-439ada87136d:192.168.157.230:45517, 41eb9e48-28e2-40bf-9fbd-6a61fe28873a:192.168.157.230:38252], old=null, confs=<EMPTY_MAP>
2019-07-14 01:13:47,847 INFO  impl.RaftServerImpl (RaftServerImpl.java:<init>(93)) - 4b5e2365-0792-493b-a732-2ddb2a0a00c3: new RaftServerImpl for group-36A2F889B02B:[4b5e2365-0792-493b-a732-2ddb2a0a00c3:192.168.157.230:42558, e4f3b87b-e2e3-4845-b52f-439ada87136d:192.168.157.230:45517, 41eb9e48-28e2-40bf-9fbd-6a61fe28873a:192.168.157.230:38252] with ContainerStateMachine:uninitialized
2019-07-14 01:13:47,847 INFO  server.RaftServerConfigKeys (ConfUtils.java:logGet(43)) - raft.server.storage.dir = [/tmp/workdir/hadoop-ozone/integration-test/target/test-dir/MiniOzoneClusterImpl-b70dd109-4c8a-4825-92cf-da82a42132cf/datanode-9/data/ratis] (custom)
2019-07-14 01:13:47,847 INFO  server.RaftServerConfigKeys (ConfUtils.java:logGet(43)) - raft.server.rpc.timeout.min = 5s (custom)
2019-07-14 01:13:47,847 INFO  server.RaftServerConfigKeys (ConfUtils.java:logGet(43)) - raft.server.rpc.timeout.max = 5200ms (custom)
2019-07-14 01:13:47,848 INFO  storage.RaftStorageDirectory (RaftStorageDirectory.java:analyzeStorage(246)) - The storage directory /tmp/workdir/hadoop-ozone/integration-test/target/test-dir/MiniOzoneClusterImpl-b70dd109-4c8a-4825-92cf-da82a42132cf/datanode-9/data/ratis/0e6a2148-4b1e-412e-bc0b-36a2f889b02b does not exist. Creating ...
2019-07-14 01:13:47,848 INFO  impl.RaftServerImpl (RaftServerImpl.java:<init>(93)) - e4f3b87b-e2e3-4845-b52f-439ada87136d: new RaftServerImpl for group-36A2F889B02B:[4b5e2365-0792-493b-a732-2ddb2a0a00c3:192.168.157.230:42558, e4f3b87b-e2e3-4845-b52f-439ada87136d:192.168.157.230:45517, 41eb9e48-28e2-40bf-9fbd-6a61fe28873a:192.168.157.230:38252] with ContainerStateMachine:uninitialized
2019-07-14 01:13:47,848 INFO  server.RaftServerConfigKeys (ConfUtils.java:logGet(43)) - raft.server.rpcslowness.timeout = 120s (custom)
2019-07-14 01:13:47,848 INFO  server.RaftServerConfigKeys (ConfUtils.java:logGet(43)) - raft.server.rpc.timeout.min = 5s (custom)
2019-07-14 01:13:47,848 INFO  server.RaftServerConfigKeys (ConfUtils.java:logGet(43)) - raft.server.sleep.deviation.threshold = 300 (default)
2019-07-14 01:13:47,848 INFO  server.RaftServerConfigKeys (ConfUtils.java:logGet(43)) - raft.server.rpc.timeout.max = 5200ms (custom)
2019-07-14 01:13:47,848 INFO  server.RaftServerConfigKeys (ConfUtils.java:logGet(43)) - raft.server.log.appender.install.snapshot.enabled = false (custom)
2019-07-14 01:13:47,848 INFO  server.RaftServerConfigKeys (ConfUtils.java:logGet(43)) - raft.server.rpcslowness.timeout = 120s (custom)
2019-07-14 01:13:47,849 INFO  impl.RaftServerImpl (ServerState.java:<init>(105)) - 4b5e2365-0792-493b-a732-2ddb2a0a00c3:group-36A2F889B02B ConfigurationManager, init=-1: [4b5e2365-0792-493b-a732-2ddb2a0a00c3:192.168.157.230:42558, e4f3b87b-e2e3-4845-b52f-439ada87136d:192.168.157.230:45517, 41eb9e48-28e2-40bf-9fbd-6a61fe28873a:192.168.157.230:38252], old=null, confs=<EMPTY_MAP>
2019-07-14 01:13:47,849 INFO  server.RaftServerConfigKeys (ConfUtils.java:logGet(43)) - raft.server.sleep.deviation.threshold = 300 (default)
2019-07-14 01:13:47,849 INFO  server.RaftServerConfigKeys (ConfUtils.java:logGet(43)) - raft.server.storage.dir = [/tmp/workdir/hadoop-ozone/integration-test/target/test-dir/MiniOzoneClusterImpl-b70dd109-4c8a-4825-92cf-da82a42132cf/datanode-3/data/ratis] (custom)
2019-07-14 01:13:47,849 INFO  server.RaftServerConfigKeys (ConfUtils.java:logGet(43)) - raft.server.log.appender.install.snapshot.enabled = false (custom)
2019-07-14 01:13:47,849 INFO  impl.RaftServerImpl (ServerState.java:<init>(105)) - e4f3b87b-e2e3-4845-b52f-439ada87136d:group-36A2F889B02B ConfigurationManager, init=-1: [4b5e2365-0792-493b-a732-2ddb2a0a00c3:192.168.157.230:42558, e4f3b87b-e2e3-4845-b52f-439ada87136d:192.168.157.230:45517, 41eb9e48-28e2-40bf-9fbd-6a61fe28873a:192.168.157.230:38252], old=null, confs=<EMPTY_MAP>
2019-07-14 01:13:47,849 INFO  storage.RaftStorageDirectory (RaftStorageDirectory.java:analyzeStorage(246)) - The storage directory /tmp/workdir/hadoop-ozone/integration-test/target/test-dir/MiniOzoneClusterImpl-b70dd109-4c8a-4825-92cf-da82a42132cf/datanode-3/data/ratis/0e6a2148-4b1e-412e-bc0b-36a2f889b02b does not exist. Creating ...
2019-07-14 01:13:47,849 INFO  server.RaftServerConfigKeys (ConfUtils.java:logGet(43)) - raft.server.storage.dir = [/tmp/workdir/hadoop-ozone/integration-test/target/test-dir/MiniOzoneClusterImpl-b70dd109-4c8a-4825-92cf-da82a42132cf/datanode-1/data/ratis] (custom)
2019-07-14 01:13:47,850 INFO  storage.RaftStorageDirectory (RaftStorageDirectory.java:analyzeStorage(246)) - The storage directory /tmp/workdir/hadoop-ozone/integration-test/target/test-dir/MiniOzoneClusterImpl-b70dd109-4c8a-4825-92cf-da82a42132cf/datanode-1/data/ratis/0e6a2148-4b1e-412e-bc0b-36a2f889b02b does not exist. Creating ...
2019-07-14 01:13:47,859 INFO  storage.RaftStorageDirectory (RaftStorageDirectory.java:tryLock(328)) - Lock on /tmp/workdir/hadoop-ozone/integration-test/target/test-dir/MiniOzoneClusterImpl-b70dd109-4c8a-4825-92cf-da82a42132cf/datanode-3/data/ratis/0e6a2148-4b1e-412e-bc0b-36a2f889b02b/in_use.lock acquired by nodename 8709@trunk-nightly-sxkq5-3320257302
2019-07-14 01:13:47,859 INFO  storage.RaftStorageDirectory (RaftStorageDirectory.java:tryLock(328)) - Lock on /tmp/workdir/hadoop-ozone/integration-test/target/test-dir/MiniOzoneClusterImpl-b70dd109-4c8a-4825-92cf-da82a42132cf/datanode-1/data/ratis/0e6a2148-4b1e-412e-bc0b-36a2f889b02b/in_use.lock acquired by nodename 8709@trunk-nightly-sxkq5-3320257302
2019-07-14 01:13:47,859 INFO  storage.RaftStorageDirectory (RaftStorageDirectory.java:tryLock(328)) - Lock on /tmp/workdir/hadoop-ozone/integration-test/target/test-dir/MiniOzoneClusterImpl-b70dd109-4c8a-4825-92cf-da82a42132cf/datanode-9/data/ratis/0e6a2148-4b1e-412e-bc0b-36a2f889b02b/in_use.lock acquired by nodename 8709@trunk-nightly-sxkq5-3320257302
2019-07-14 01:13:47,869 INFO  ozone.MiniOzoneClusterImpl (MiniOzoneClusterImpl.java:getStorageContainerLocationClient(241)) - Creating StorageContainerLocationProtocol RPC client with address /0.0.0.0:39494
2019-07-14 01:13:47,873 INFO  storage.RaftStorage (RaftStorage.java:format(72)) - Storage directory /tmp/workdir/hadoop-ozone/integration-test/target/test-dir/MiniOzoneClusterImpl-b70dd109-4c8a-4825-92cf-da82a42132cf/datanode-3/data/ratis/0e6a2148-4b1e-412e-bc0b-36a2f889b02b has been successfully formatted.
2019-07-14 01:13:47,873 INFO  storage.RaftStorage (RaftStorage.java:format(72)) - Storage directory /tmp/workdir/hadoop-ozone/integration-test/target/test-dir/MiniOzoneClusterImpl-b70dd109-4c8a-4825-92cf-da82a42132cf/datanode-1/data/ratis/0e6a2148-4b1e-412e-bc0b-36a2f889b02b has been successfully formatted.
2019-07-14 01:13:47,873 INFO  ratis.ContainerStateMachine (ContainerStateMachine.java:loadSnapshot(200)) - The snapshot info is null.Setting the last applied index to:(t:0, i:~)
2019-07-14 01:13:47,873 INFO  storage.RaftStorage (RaftStorage.java:format(72)) - Storage directory /tmp/workdir/hadoop-ozone/integration-test/target/test-dir/MiniOzoneClusterImpl-b70dd109-4c8a-4825-92cf-da82a42132cf/datanode-9/data/ratis/0e6a2148-4b1e-412e-bc0b-36a2f889b02b has been successfully formatted.
2019-07-14 01:13:47,874 INFO  server.RaftServerConfigKeys (ConfUtils.java:logGet(43)) - raft.server.leader.election.timeout = 120s (custom)
2019-07-14 01:13:47,874 INFO  ratis.ContainerStateMachine (ContainerStateMachine.java:loadSnapshot(200)) - The snapshot info is null.Setting the last applied index to:(t:0, i:~)
2019-07-14 01:13:47,874 INFO  ratis.ContainerStateMachine (ContainerStateMachine.java:loadSnapshot(200)) - The snapshot info is null.Setting the last applied index to:(t:0, i:~)
2019-07-14 01:13:47,874 INFO  server.RaftServerConfigKeys (ConfUtils.java:logGet(43)) - raft.server.log.use.memory = false (default)
2019-07-14 01:13:47,874 INFO  server.RaftServerConfigKeys (ConfUtils.java:logGet(43)) - raft.server.leader.election.timeout = 120s (custom)
2019-07-14 01:13:47,874 INFO  server.RaftServerConfigKeys (ConfUtils.java:logGet(43)) - raft.server.leader.election.timeout = 120s (custom)
2019-07-14 01:13:47,875 INFO  server.RaftServerConfigKeys (ConfUtils.java:logGet(43)) - raft.server.log.use.memory = false (default)
2019-07-14 01:13:47,874 INFO  server.RaftServerConfigKeys (ConfUtils.java:logGet(43)) - raft.server.log.purge.gap = 1000000000 (custom)
2019-07-14 01:13:47,875 INFO  server.RaftServerConfigKeys (ConfUtils.java:logGet(43)) - raft.server.log.purge.gap = 1000000000 (custom)
2019-07-14 01:13:47,875 INFO  server.RaftServerConfigKeys (ConfUtils.java:logGet(43)) - raft.server.log.use.memory = false (default)
2019-07-14 01:13:47,875 INFO  server.RaftServerConfigKeys (ConfUtils.java:logGet(43)) - raft.server.log.appender.buffer.byte-limit = 33554432 (custom)
2019-07-14 01:13:47,875 INFO  server.RaftServerConfigKeys (ConfUtils.java:logGet(43)) - raft.server.log.appender.buffer.byte-limit = 33554432 (custom)
2019-07-14 01:13:47,876 INFO  server.RaftServerConfigKeys (ConfUtils.java:logGet(43)) - raft.server.log.segment.size.max = 1048576 (custom)
2019-07-14 01:13:47,876 INFO  server.RaftServerConfigKeys (ConfUtils.java:logGet(43)) - raft.server.log.purge.gap = 1000000000 (custom)
2019-07-14 01:13:47,876 INFO  server.RaftServerConfigKeys (ConfUtils.java:logGet(43)) - raft.server.log.segment.cache.num.max = 2 (custom)
2019-07-14 01:13:47,876 INFO  server.RaftServerConfigKeys (ConfUtils.java:logGet(43)) - raft.server.log.segment.size.max = 1048576 (custom)
2019-07-14 01:13:47,876 INFO  segmented.SegmentedRaftLogWorker (SegmentedRaftLogWorker.java:<init>(172)) - new 41eb9e48-28e2-40bf-9fbd-6a61fe28873a-SegmentedRaftLogWorker:Storage Directory /tmp/workdir/hadoop-ozone/integration-test/target/test-dir/MiniOzoneClusterImpl-b70dd109-4c8a-4825-92cf-da82a42132cf/datanode-9/data/ratis/0e6a2148-4b1e-412e-bc0b-36a2f889b02b for RaftStorage:Storage Directory /tmp/workdir/hadoop-ozone/integration-test/target/test-dir/MiniOzoneClusterImpl-b70dd109-4c8a-4825-92cf-da82a42132cf/datanode-9/data/ratis/0e6a2148-4b1e-412e-bc0b-36a2f889b02b
2019-07-14 01:13:47,876 INFO  server.RaftServerConfigKeys (ConfUtils.java:logGet(43)) - raft.server.log.appender.buffer.byte-limit = 33554432 (custom)
2019-07-14 01:13:47,877 INFO  server.RaftServerConfigKeys (ConfUtils.java:logGet(43)) - raft.server.log.queue.byte-limit = 2147483647 (custom)
2019-07-14 01:13:47,877 INFO  server.RaftServerConfigKeys (ConfUtils.java:logGet(43)) - raft.server.log.segment.cache.num.max = 2 (custom)
2019-07-14 01:13:47,879 INFO  server.RaftServerConfigKeys (ConfUtils.java:logGet(43)) - raft.server.log.queue.element-limit = 1024 (custom)
2019-07-14 01:13:47,877 INFO  server.RaftServerConfigKeys (ConfUtils.java:logGet(43)) - raft.server.log.segment.size.max = 1048576 (custom)
2019-07-14 01:13:47,880 INFO  server.RaftServerConfigKeys (ConfUtils.java:logGet(43)) - raft.server.log.segment.size.max = 1048576 (custom)
2019-07-14 01:13:47,879 INFO  segmented.SegmentedRaftLogWorker (SegmentedRaftLogWorker.java:<init>(172)) - new 4b5e2365-0792-493b-a732-2ddb2a0a00c3-SegmentedRaftLogWorker:Storage Directory /tmp/workdir/hadoop-ozone/integration-test/target/test-dir/MiniOzoneClusterImpl-b70dd109-4c8a-4825-92cf-da82a42132cf/datanode-3/data/ratis/0e6a2148-4b1e-412e-bc0b-36a2f889b02b for RaftStorage:Storage Directory /tmp/workdir/hadoop-ozone/integration-test/target/test-dir/MiniOzoneClusterImpl-b70dd109-4c8a-4825-92cf-da82a42132cf/datanode-3/data/ratis/0e6a2148-4b1e-412e-bc0b-36a2f889b02b
2019-07-14 01:13:47,880 INFO  server.RaftServerConfigKeys (ConfUtils.java:logGet(43)) - raft.server.log.preallocated.size = 16384 (custom)
2019-07-14 01:13:47,880 INFO  server.RaftServerConfigKeys (ConfUtils.java:logGet(43)) - raft.server.log.write.buffer.size = 33554432 (custom)
2019-07-14 01:13:47,880 INFO  server.RaftServerConfigKeys (ConfUtils.java:logGet(43)) - raft.server.log.segment.cache.num.max = 2 (custom)
2019-07-14 01:13:47,880 INFO  server.RaftServerConfigKeys (ConfUtils.java:logGet(43)) - raft.server.log.force.sync.num = 128 (default)
2019-07-14 01:13:47,880 INFO  server.RaftServerConfigKeys (ConfUtils.java:logGet(43)) - raft.server.log.queue.byte-limit = 2147483647 (custom)
2019-07-14 01:13:47,883 INFO  server.RaftServerConfigKeys (ConfUtils.java:logGet(43)) - raft.server.log.statemachine.data.sync = true (default)
2019-07-14 01:13:47,883 INFO  segmented.SegmentedRaftLogWorker (SegmentedRaftLogWorker.java:<init>(172)) - new e4f3b87b-e2e3-4845-b52f-439ada87136d-SegmentedRaftLogWorker:Storage Directory /tmp/workdir/hadoop-ozone/integration-test/target/test-dir/MiniOzoneClusterImpl-b70dd109-4c8a-4825-92cf-da82a42132cf/datanode-1/data/ratis/0e6a2148-4b1e-412e-bc0b-36a2f889b02b for RaftStorage:Storage Directory /tmp/workdir/hadoop-ozone/integration-test/target/test-dir/MiniOzoneClusterImpl-b70dd109-4c8a-4825-92cf-da82a42132cf/datanode-1/data/ratis/0e6a2148-4b1e-412e-bc0b-36a2f889b02b
2019-07-14 01:13:47,883 INFO  server.RaftServerConfigKeys (ConfUtils.java:logGet(43)) - raft.server.log.statemachine.data.sync.timeout = 10s (default)
2019-07-14 01:13:47,884 INFO  server.RaftServerConfigKeys (ConfUtils.java:logGet(43)) - raft.server.log.statemachine.data.sync.timeout.retry = -1 (default)
2019-07-14 01:13:47,883 INFO  server.RaftServerConfigKeys (ConfUtils.java:logGet(43)) - raft.server.log.queue.element-limit = 1024 (custom)
2019-07-14 01:13:47,886 INFO  server.RaftServerConfigKeys (ConfUtils.java:logGet(43)) - raft.server.log.statemachine.data.caching.enabled = true (custom)
2019-07-14 01:13:47,884 INFO  server.RaftServerConfigKeys (ConfUtils.java:logGet(43)) - raft.server.log.queue.byte-limit = 2147483647 (custom)
2019-07-14 01:13:47,886 INFO  server.RaftServerConfigKeys (ConfUtils.java:logGet(43)) - raft.server.log.segment.size.max = 1048576 (custom)
2019-07-14 01:13:47,887 INFO  segmented.SegmentedRaftLogWorker (SegmentedRaftLogWorker.java:lambda$new$0(132)) - 41eb9e48-28e2-40bf-9fbd-6a61fe28873a-SegmentedRaftLogWorker:Storage Directory /tmp/workdir/hadoop-ozone/integration-test/target/test-dir/MiniOzoneClusterImpl-b70dd109-4c8a-4825-92cf-da82a42132cf/datanode-9/data/ratis/0e6a2148-4b1e-412e-bc0b-36a2f889b02b: flushIndex: setUnconditionally 0 -> -1
2019-07-14 01:13:47,887 INFO  server.RaftServerConfigKeys (ConfUtils.java:logGet(43)) - raft.server.log.queue.element-limit = 1024 (custom)
2019-07-14 01:13:47,887 INFO  server.RaftServerConfigKeys (ConfUtils.java:logGet(43)) - raft.server.log.preallocated.size = 16384 (custom)
2019-07-14 01:13:47,887 INFO  server.RaftServerConfigKeys (ConfUtils.java:logGet(43)) - raft.server.snapshot.auto.trigger.enabled = true (custom)
2019-07-14 01:13:47,887 INFO  server.RaftServerConfigKeys (ConfUtils.java:logGet(43)) - raft.server.log.segment.size.max = 1048576 (custom)
2019-07-14 01:13:47,888 INFO  server.RaftServerConfigKeys (ConfUtils.java:logGet(43)) - raft.server.snapshot.auto.trigger.threshold = 10000 (custom)
2019-07-14 01:13:47,888 INFO  server.RaftServerConfigKeys (ConfUtils.java:logGet(43)) - raft.server.log.write.buffer.size = 33554432 (custom)
2019-07-14 01:13:47,888 INFO  server.RaftServerConfigKeys (ConfUtils.java:logGet(43)) - raft.server.retrycache.expirytime = 600000ms (custom)
2019-07-14 01:13:47,888 INFO  server.RaftServerConfigKeys (ConfUtils.java:logGet(43)) - raft.server.log.preallocated.size = 16384 (custom)
2019-07-14 01:13:47,889 INFO  impl.RaftServerImpl (RaftServerImpl.java:start(180)) - 41eb9e48-28e2-40bf-9fbd-6a61fe28873a: start group-36A2F889B02B
2019-07-14 01:13:47,889 INFO  impl.RaftServerImpl (RaftServerImpl.java:setRole(171)) - 41eb9e48-28e2-40bf-9fbd-6a61fe28873a:group-36A2F889B02B changes role from null to FOLLOWER at term 0 for startAsFollower
2019-07-14 01:13:47,888 INFO  server.RaftServerConfigKeys (ConfUtils.java:logGet(43)) - raft.server.log.force.sync.num = 128 (default)
2019-07-14 01:13:47,889 INFO  impl.RoleInfo (RoleInfo.java:updateAndGet(143)) - 41eb9e48-28e2-40bf-9fbd-6a61fe28873a: start FollowerState
2019-07-14 01:13:47,889 INFO  server.RaftServerConfigKeys (ConfUtils.java:logGet(43)) - raft.server.log.write.buffer.size = 33554432 (custom)
2019-07-14 01:13:47,889 INFO  server.RaftServerConfigKeys (ConfUtils.java:logGet(43)) - raft.server.log.statemachine.data.sync = true (default)
2019-07-14 01:13:47,889 INFO  server.RaftServerConfigKeys (ConfUtils.java:logGet(43)) - raft.server.log.force.sync.num = 128 (default)
2019-07-14 01:13:47,890 INFO  server.RaftServerConfigKeys (ConfUtils.java:logGet(43)) - raft.server.log.statemachine.data.sync.timeout = 10s (default)
2019-07-14 01:13:47,890 INFO  util.JmxRegister (JmxRegister.java:tryRegister(44)) - Successfully registered JMX Bean with object name Ratis:service=RaftServer,group=group-36A2F889B02B,id=41eb9e48-28e2-40bf-9fbd-6a61fe28873a
2019-07-14 01:13:47,890 INFO  server.RaftServerConfigKeys (ConfUtils.java:logGet(43)) - raft.server.log.statemachine.data.sync.timeout.retry = -1 (default)
2019-07-14 01:13:47,890 INFO  server.RaftServerConfigKeys (ConfUtils.java:logGet(43)) - raft.server.log.statemachine.data.sync = true (default)
2019-07-14 01:13:47,890 INFO  server.RaftServerConfigKeys (ConfUtils.java:logGet(43)) - raft.server.log.statemachine.data.caching.enabled = true (custom)
2019-07-14 01:13:47,890 INFO  server.RaftServerConfigKeys (ConfUtils.java:logGet(43)) - raft.server.log.statemachine.data.sync.timeout = 10s (default)
2019-07-14 01:13:47,891 INFO  server.RaftServerConfigKeys (ConfUtils.java:logGet(43)) - raft.server.log.statemachine.data.sync.timeout.retry = -1 (default)
2019-07-14 01:13:47,891 INFO  segmented.SegmentedRaftLogWorker (SegmentedRaftLogWorker.java:lambda$new$0(132)) - 4b5e2365-0792-493b-a732-2ddb2a0a00c3-SegmentedRaftLogWorker:Storage Directory /tmp/workdir/hadoop-ozone/integration-test/target/test-dir/MiniOzoneClusterImpl-b70dd109-4c8a-4825-92cf-da82a42132cf/datanode-3/data/ratis/0e6a2148-4b1e-412e-bc0b-36a2f889b02b: flushIndex: setUnconditionally 0 -> -1
2019-07-14 01:13:47,891 INFO  server.RaftServerConfigKeys (ConfUtils.java:logGet(43)) - raft.server.log.statemachine.data.caching.enabled = true (custom)
2019-07-14 01:13:47,891 INFO  server.RaftServerConfigKeys (ConfUtils.java:logGet(43)) - raft.server.snapshot.auto.trigger.enabled = true (custom)
2019-07-14 01:13:47,891 INFO  segmented.SegmentedRaftLogWorker (SegmentedRaftLogWorker.java:lambda$new$0(132)) - e4f3b87b-e2e3-4845-b52f-439ada87136d-SegmentedRaftLogWorker:Storage Directory /tmp/workdir/hadoop-ozone/integration-test/target/test-dir/MiniOzoneClusterImpl-b70dd109-4c8a-4825-92cf-da82a42132cf/datanode-1/data/ratis/0e6a2148-4b1e-412e-bc0b-36a2f889b02b: flushIndex: setUnconditionally 0 -> -1
2019-07-14 01:13:47,892 INFO  server.RaftServerConfigKeys (ConfUtils.java:logGet(43)) - raft.server.snapshot.auto.trigger.threshold = 10000 (custom)
2019-07-14 01:13:47,892 INFO  server.RaftServerConfigKeys (ConfUtils.java:logGet(43)) - raft.server.snapshot.auto.trigger.enabled = true (custom)
2019-07-14 01:13:47,892 INFO  server.RaftServerConfigKeys (ConfUtils.java:logGet(43)) - raft.server.retrycache.expirytime = 600000ms (custom)
2019-07-14 01:13:47,892 INFO  server.RaftServerConfigKeys (ConfUtils.java:logGet(43)) - raft.server.snapshot.auto.trigger.threshold = 10000 (custom)
2019-07-14 01:13:47,895 INFO  impl.RaftServerImpl (RaftServerImpl.java:start(180)) - 4b5e2365-0792-493b-a732-2ddb2a0a00c3: start group-36A2F889B02B
2019-07-14 01:13:47,897 INFO  server.RaftServerConfigKeys (ConfUtils.java:logGet(43)) - raft.server.retrycache.expirytime = 600000ms (custom)
2019-07-14 01:13:47,897 INFO  impl.RaftServerImpl (RaftServerImpl.java:setRole(171)) - 4b5e2365-0792-493b-a732-2ddb2a0a00c3:group-36A2F889B02B changes role from null to FOLLOWER at term 0 for startAsFollower
2019-07-14 01:13:47,897 INFO  impl.RaftServerImpl (RaftServerImpl.java:start(180)) - e4f3b87b-e2e3-4845-b52f-439ada87136d: start group-36A2F889B02B
2019-07-14 01:13:47,909 INFO  impl.RoleInfo (RoleInfo.java:updateAndGet(143)) - 4b5e2365-0792-493b-a732-2ddb2a0a00c3: start FollowerState
2019-07-14 01:13:47,909 INFO  impl.RaftServerImpl (RaftServerImpl.java:setRole(171)) - e4f3b87b-e2e3-4845-b52f-439ada87136d:group-36A2F889B02B changes role from null to FOLLOWER at term 0 for startAsFollower
2019-07-14 01:13:47,912 INFO  impl.RoleInfo (RoleInfo.java:updateAndGet(143)) - e4f3b87b-e2e3-4845-b52f-439ada87136d: start FollowerState
2019-07-14 01:13:47,913 INFO  util.JmxRegister (JmxRegister.java:tryRegister(44)) - Successfully registered JMX Bean with object name Ratis:service=RaftServer,group=group-36A2F889B02B,id=4b5e2365-0792-493b-a732-2ddb2a0a00c3
2019-07-14 01:13:47,923 INFO  util.JmxRegister (JmxRegister.java:tryRegister(44)) - Successfully registered JMX Bean with object name Ratis:service=RaftServer,group=group-36A2F889B02B,id=e4f3b87b-e2e3-4845-b52f-439ada87136d
2019-07-14 01:13:47,955 INFO  pipeline.PipelineStateManager (PipelineStateManager.java:addPipeline(56)) - Created pipeline Pipeline[ Id: 0e6a2148-4b1e-412e-bc0b-36a2f889b02b, Nodes: 41eb9e48-28e2-40bf-9fbd-6a61fe28873a{ip: 192.168.157.230, host: trunk-nightly-sxkq5-3320257302, networkLocation: /default-rack, certSerialId: null}e4f3b87b-e2e3-4845-b52f-439ada87136d{ip: 192.168.157.230, host: trunk-nightly-sxkq5-3320257302, networkLocation: /default-rack, certSerialId: null}4b5e2365-0792-493b-a732-2ddb2a0a00c3{ip: 192.168.157.230, host: trunk-nightly-sxkq5-3320257302, networkLocation: /default-rack, certSerialId: null}, Type:RATIS, Factor:THREE, State:OPEN]
2019-07-14 01:13:47,967 INFO  rpc.RpcClient (RpcClient.java:createVolume(287)) - Creating Volume: 7f1d0f0a-ca2d-4c4c-9931-bd161618a7ba, with jenkins1000 as owner.
2019-07-14 01:13:47,979 INFO  impl.RaftServerProxy (RaftServerProxy.java:addNew(89)) - a0b17703-4af1-46b4-9f63-82cc7d3bf30b: addNew group-CE75AFBAE0CC:[73147663-acac-447a-ba79-4fa08a8cbb5c:192.168.157.230:44759, a0b17703-4af1-46b4-9f63-82cc7d3bf30b:192.168.157.230:36754, fb5e9d6f-50db-44c6-821d-074aef5524ac:192.168.157.230:39011] returns group-CE75AFBAE0CC:java.util.concurrent.CompletableFuture@3957407a[Not completed]
2019-07-14 01:13:47,981 INFO  impl.RaftServerProxy (RaftServerProxy.java:addNew(89)) - fb5e9d6f-50db-44c6-821d-074aef5524ac: addNew group-CE75AFBAE0CC:[73147663-acac-447a-ba79-4fa08a8cbb5c:192.168.157.230:44759, a0b17703-4af1-46b4-9f63-82cc7d3bf30b:192.168.157.230:36754, fb5e9d6f-50db-44c6-821d-074aef5524ac:192.168.157.230:39011] returns group-CE75AFBAE0CC:java.util.concurrent.CompletableFuture@4273c955[Not completed]
2019-07-14 01:13:47,985 INFO  impl.RaftServerProxy (RaftServerProxy.java:addNew(89)) - 73147663-acac-447a-ba79-4fa08a8cbb5c: addNew group-CE75AFBAE0CC:[73147663-acac-447a-ba79-4fa08a8cbb5c:192.168.157.230:44759, a0b17703-4af1-46b4-9f63-82cc7d3bf30b:192.168.157.230:36754, fb5e9d6f-50db-44c6-821d-074aef5524ac:192.168.157.230:39011] returns group-CE75AFBAE0CC:java.util.concurrent.CompletableFuture@fea6ffd[Not completed]
2019-07-14 01:13:47,986 INFO  impl.RaftServerImpl (RaftServerImpl.java:<init>(93)) - fb5e9d6f-50db-44c6-821d-074aef5524ac: new RaftServerImpl for group-CE75AFBAE0CC:[73147663-acac-447a-ba79-4fa08a8cbb5c:192.168.157.230:44759, a0b17703-4af1-46b4-9f63-82cc7d3bf30b:192.168.157.230:36754, fb5e9d6f-50db-44c6-821d-074aef5524ac:192.168.157.230:39011] with ContainerStateMachine:uninitialized
2019-07-14 01:13:47,986 INFO  server.RaftServerConfigKeys (ConfUtils.java:logGet(43)) - raft.server.rpc.timeout.min = 5s (custom)
2019-07-14 01:13:47,987 INFO  server.RaftServerConfigKeys (ConfUtils.java:logGet(43)) - raft.server.rpc.timeout.max = 5200ms (custom)
2019-07-14 01:13:47,987 INFO  server.RaftServerConfigKeys (ConfUtils.java:logGet(43)) - raft.server.rpcslowness.timeout = 120s (custom)
2019-07-14 01:13:47,987 INFO  server.RaftServerConfigKeys (ConfUtils.java:logGet(43)) - raft.server.sleep.deviation.threshold = 300 (default)
2019-07-14 01:13:47,987 INFO  impl.RaftServerImpl (RaftServerImpl.java:<init>(93)) - 73147663-acac-447a-ba79-4fa08a8cbb5c: new RaftServerImpl for group-CE75AFBAE0CC:[73147663-acac-447a-ba79-4fa08a8cbb5c:192.168.157.230:44759, a0b17703-4af1-46b4-9f63-82cc7d3bf30b:192.168.157.230:36754, fb5e9d6f-50db-44c6-821d-074aef5524ac:192.168.157.230:39011] with ContainerStateMachine:uninitialized
2019-07-14 01:13:47,987 INFO  server.RaftServerConfigKeys (ConfUtils.java:logGet(43)) - raft.server.log.appender.install.snapshot.enabled = false (custom)
2019-07-14 01:13:47,987 INFO  server.RaftServerConfigKeys (ConfUtils.java:logGet(43)) - raft.server.rpc.timeout.min = 5s (custom)
2019-07-14 01:13:47,987 INFO  impl.RaftServerImpl (ServerState.java:<init>(105)) - fb5e9d6f-50db-44c6-821d-074aef5524ac:group-CE75AFBAE0CC ConfigurationManager, init=-1: [73147663-acac-447a-ba79-4fa08a8cbb5c:192.168.157.230:44759, a0b17703-4af1-46b4-9f63-82cc7d3bf30b:192.168.157.230:36754, fb5e9d6f-50db-44c6-821d-074aef5524ac:192.168.157.230:39011], old=null, confs=<EMPTY_MAP>
2019-07-14 01:13:47,987 INFO  server.RaftServerConfigKeys (ConfUtils.java:logGet(43)) - raft.server.rpc.timeout.max = 5200ms (custom)
2019-07-14 01:13:47,988 INFO  server.RaftServerConfigKeys (ConfUtils.java:logGet(43)) - raft.server.storage.dir = [/tmp/workdir/hadoop-ozone/integration-test/target/test-dir/MiniOzoneClusterImpl-b70dd109-4c8a-4825-92cf-da82a42132cf/datanode-6/data/ratis] (custom)
2019-07-14 01:13:47,988 INFO  server.RaftServerConfigKeys (ConfUtils.java:logGet(43)) - raft.server.rpcslowness.timeout = 120s (custom)
2019-07-14 01:13:47,988 INFO  server.RaftServerConfigKeys (ConfUtils.java:logGet(43)) - raft.server.sleep.deviation.threshold = 300 (default)
2019-07-14 01:13:47,988 INFO  server.RaftServerConfigKeys (ConfUtils.java:logGet(43)) - raft.server.log.appender.install.snapshot.enabled = false (custom)
2019-07-14 01:13:47,988 INFO  storage.RaftStorageDirectory (RaftStorageDirectory.java:analyzeStorage(246)) - The storage directory /tmp/workdir/hadoop-ozone/integration-test/target/test-dir/MiniOzoneClusterImpl-b70dd109-4c8a-4825-92cf-da82a42132cf/datanode-6/data/ratis/8160252b-6260-4456-ada8-ce75afbae0cc does not exist. Creating ...
2019-07-14 01:13:47,988 INFO  impl.RaftServerImpl (RaftServerImpl.java:<init>(93)) - a0b17703-4af1-46b4-9f63-82cc7d3bf30b: new RaftServerImpl for group-CE75AFBAE0CC:[73147663-acac-447a-ba79-4fa08a8cbb5c:192.168.157.230:44759, a0b17703-4af1-46b4-9f63-82cc7d3bf30b:192.168.157.230:36754, fb5e9d6f-50db-44c6-821d-074aef5524ac:192.168.157.230:39011] with ContainerStateMachine:uninitialized
2019-07-14 01:13:47,988 INFO  impl.RaftServerImpl (ServerState.java:<init>(105)) - 73147663-acac-447a-ba79-4fa08a8cbb5c:group-CE75AFBAE0CC ConfigurationManager, init=-1: [73147663-acac-447a-ba79-4fa08a8cbb5c:192.168.157.230:44759, a0b17703-4af1-46b4-9f63-82cc7d3bf30b:192.168.157.230:36754, fb5e9d6f-50db-44c6-821d-074aef5524ac:192.168.157.230:39011], old=null, confs=<EMPTY_MAP>
2019-07-14 01:13:47,989 INFO  server.RaftServerConfigKeys (ConfUtils.java:logGet(43)) - raft.server.rpc.timeout.min = 5s (custom)
2019-07-14 01:13:47,989 INFO  server.RaftServerConfigKeys (ConfUtils.java:logGet(43)) - raft.server.storage.dir = [/tmp/workdir/hadoop-ozone/integration-test/target/test-dir/MiniOzoneClusterImpl-b70dd109-4c8a-4825-92cf-da82a42132cf/datanode-7/data/ratis] (custom)
2019-07-14 01:13:47,989 INFO  server.RaftServerConfigKeys (ConfUtils.java:logGet(43)) - raft.server.rpc.timeout.max = 5200ms (custom)
2019-07-14 01:13:47,990 INFO  storage.RaftStorageDirectory (RaftStorageDirectory.java:analyzeStorage(246)) - The storage directory /tmp/workdir/hadoop-ozone/integration-test/target/test-dir/MiniOzoneClusterImpl-b70dd109-4c8a-4825-92cf-da82a42132cf/datanode-7/data/ratis/8160252b-6260-4456-ada8-ce75afbae0cc does not exist. Creating ...
2019-07-14 01:13:47,990 INFO  server.RaftServerConfigKeys (ConfUtils.java:logGet(43)) - raft.server.rpcslowness.timeout = 120s (custom)
2019-07-14 01:13:47,990 INFO  server.RaftServerConfigKeys (ConfUtils.java:logGet(43)) - raft.server.sleep.deviation.threshold = 300 (default)
2019-07-14 01:13:47,990 INFO  server.RaftServerConfigKeys (ConfUtils.java:logGet(43)) - raft.server.log.appender.install.snapshot.enabled = false (custom)
2019-07-14 01:13:47,990 INFO  impl.RaftServerImpl (ServerState.java:<init>(105)) - a0b17703-4af1-46b4-9f63-82cc7d3bf30b:group-CE75AFBAE0CC ConfigurationManager, init=-1: [73147663-acac-447a-ba79-4fa08a8cbb5c:192.168.157.230:44759, a0b17703-4af1-46b4-9f63-82cc7d3bf30b:192.168.157.230:36754, fb5e9d6f-50db-44c6-821d-074aef5524ac:192.168.157.230:39011], old=null, confs=<EMPTY_MAP>
2019-07-14 01:13:47,991 INFO  server.RaftServerConfigKeys (ConfUtils.java:logGet(43)) - raft.server.storage.dir = [/tmp/workdir/hadoop-ozone/integration-test/target/test-dir/MiniOzoneClusterImpl-b70dd109-4c8a-4825-92cf-da82a42132cf/datanode-4/data/ratis] (custom)
2019-07-14 01:13:47,991 INFO  storage.RaftStorageDirectory (RaftStorageDirectory.java:analyzeStorage(246)) - The storage directory /tmp/workdir/hadoop-ozone/integration-test/target/test-dir/MiniOzoneClusterImpl-b70dd109-4c8a-4825-92cf-da82a42132cf/datanode-4/data/ratis/8160252b-6260-4456-ada8-ce75afbae0cc does not exist. Creating ...
2019-07-14 01:13:48,002 INFO  storage.RaftStorageDirectory (RaftStorageDirectory.java:tryLock(328)) - Lock on /tmp/workdir/hadoop-ozone/integration-test/target/test-dir/MiniOzoneClusterImpl-b70dd109-4c8a-4825-92cf-da82a42132cf/datanode-4/data/ratis/8160252b-6260-4456-ada8-ce75afbae0cc/in_use.lock acquired by nodename 8709@trunk-nightly-sxkq5-3320257302
2019-07-14 01:13:48,002 INFO  storage.RaftStorageDirectory (RaftStorageDirectory.java:tryLock(328)) - Lock on /tmp/workdir/hadoop-ozone/integration-test/target/test-dir/MiniOzoneClusterImpl-b70dd109-4c8a-4825-92cf-da82a42132cf/datanode-6/data/ratis/8160252b-6260-4456-ada8-ce75afbae0cc/in_use.lock acquired by nodename 8709@trunk-nightly-sxkq5-3320257302
2019-07-14 01:13:48,002 INFO  storage.RaftStorageDirectory (RaftStorageDirectory.java:tryLock(328)) - Lock on /tmp/workdir/hadoop-ozone/integration-test/target/test-dir/MiniOzoneClusterImpl-b70dd109-4c8a-4825-92cf-da82a42132cf/datanode-7/data/ratis/8160252b-6260-4456-ada8-ce75afbae0cc/in_use.lock acquired by nodename 8709@trunk-nightly-sxkq5-3320257302
2019-07-14 01:13:48,017 INFO  storage.RaftStorage (RaftStorage.java:format(72)) - Storage directory /tmp/workdir/hadoop-ozone/integration-test/target/test-dir/MiniOzoneClusterImpl-b70dd109-4c8a-4825-92cf-da82a42132cf/datanode-7/data/ratis/8160252b-6260-4456-ada8-ce75afbae0cc has been successfully formatted.
2019-07-14 01:13:48,017 INFO  storage.RaftStorage (RaftStorage.java:format(72)) - Storage directory /tmp/workdir/hadoop-ozone/integration-test/target/test-dir/MiniOzoneClusterImpl-b70dd109-4c8a-4825-92cf-da82a42132cf/datanode-4/data/ratis/8160252b-6260-4456-ada8-ce75afbae0cc has been successfully formatted.
2019-07-14 01:13:48,017 INFO  storage.RaftStorage (RaftStorage.java:format(72)) - Storage directory /tmp/workdir/hadoop-ozone/integration-test/target/test-dir/MiniOzoneClusterImpl-b70dd109-4c8a-4825-92cf-da82a42132cf/datanode-6/data/ratis/8160252b-6260-4456-ada8-ce75afbae0cc has been successfully formatted.
2019-07-14 01:13:48,018 INFO  ratis.ContainerStateMachine (ContainerStateMachine.java:loadSnapshot(200)) - The snapshot info is null.Setting the last applied index to:(t:0, i:~)
2019-07-14 01:13:48,018 INFO  ratis.ContainerStateMachine (ContainerStateMachine.java:loadSnapshot(200)) - The snapshot info is null.Setting the last applied index to:(t:0, i:~)
2019-07-14 01:13:48,017 INFO  ratis.ContainerStateMachine (ContainerStateMachine.java:loadSnapshot(200)) - The snapshot info is null.Setting the last applied index to:(t:0, i:~)
2019-07-14 01:13:48,018 INFO  server.RaftServerConfigKeys (ConfUtils.java:logGet(43)) - raft.server.leader.election.timeout = 120s (custom)
2019-07-14 01:13:48,018 INFO  server.RaftServerConfigKeys (ConfUtils.java:logGet(43)) - raft.server.leader.election.timeout = 120s (custom)
2019-07-14 01:13:48,018 INFO  server.RaftServerConfigKeys (ConfUtils.java:logGet(43)) - raft.server.log.use.memory = false (default)
2019-07-14 01:13:48,018 INFO  server.RaftServerConfigKeys (ConfUtils.java:logGet(43)) - raft.server.leader.election.timeout = 120s (custom)
2019-07-14 01:13:48,019 INFO  server.RaftServerConfigKeys (ConfUtils.java:logGet(43)) - raft.server.log.purge.gap = 1000000000 (custom)
2019-07-14 01:13:48,019 INFO  server.RaftServerConfigKeys (ConfUtils.java:logGet(43)) - raft.server.log.use.memory = false (default)
2019-07-14 01:13:48,019 INFO  server.RaftServerConfigKeys (ConfUtils.java:logGet(43)) - raft.server.log.appender.buffer.byte-limit = 33554432 (custom)
2019-07-14 01:13:48,019 INFO  server.RaftServerConfigKeys (ConfUtils.java:logGet(43)) - raft.server.log.use.memory = false (default)
2019-07-14 01:13:48,019 INFO  server.RaftServerConfigKeys (ConfUtils.java:logGet(43)) - raft.server.log.segment.size.max = 1048576 (custom)
2019-07-14 01:13:48,019 INFO  server.RaftServerConfigKeys (ConfUtils.java:logGet(43)) - raft.server.log.purge.gap = 1000000000 (custom)
2019-07-14 01:13:48,020 INFO  server.RaftServerConfigKeys (ConfUtils.java:logGet(43)) - raft.server.log.segment.cache.num.max = 2 (custom)
2019-07-14 01:13:48,020 INFO  server.RaftServerConfigKeys (ConfUtils.java:logGet(43)) - raft.server.log.appender.buffer.byte-limit = 33554432 (custom)
2019-07-14 01:13:48,020 INFO  segmented.SegmentedRaftLogWorker (SegmentedRaftLogWorker.java:<init>(172)) - new fb5e9d6f-50db-44c6-821d-074aef5524ac-SegmentedRaftLogWorker:Storage Directory /tmp/workdir/hadoop-ozone/integration-test/target/test-dir/MiniOzoneClusterImpl-b70dd109-4c8a-4825-92cf-da82a42132cf/datanode-6/data/ratis/8160252b-6260-4456-ada8-ce75afbae0cc for RaftStorage:Storage Directory /tmp/workdir/hadoop-ozone/integration-test/target/test-dir/MiniOzoneClusterImpl-b70dd109-4c8a-4825-92cf-da82a42132cf/datanode-6/data/ratis/8160252b-6260-4456-ada8-ce75afbae0cc
2019-07-14 01:13:48,020 INFO  server.RaftServerConfigKeys (ConfUtils.java:logGet(43)) - raft.server.log.purge.gap = 1000000000 (custom)
2019-07-14 01:13:48,020 INFO  server.RaftServerConfigKeys (ConfUtils.java:logGet(43)) - raft.server.log.queue.byte-limit = 2147483647 (custom)
2019-07-14 01:13:48,020 INFO  server.RaftServerConfigKeys (ConfUtils.java:logGet(43)) - raft.server.log.segment.size.max = 1048576 (custom)
2019-07-14 01:13:48,022 INFO  server.RaftServerConfigKeys (ConfUtils.java:logGet(43)) - raft.server.log.queue.element-limit = 1024 (custom)
2019-07-14 01:13:48,020 INFO  server.RaftServerConfigKeys (ConfUtils.java:logGet(43)) - raft.server.log.appender.buffer.byte-limit = 33554432 (custom)
2019-07-14 01:13:48,023 INFO  server.RaftServerConfigKeys (ConfUtils.java:logGet(43)) - raft.server.log.segment.size.max = 1048576 (custom)
2019-07-14 01:13:48,023 INFO  server.RaftServerConfigKeys (ConfUtils.java:logGet(43)) - raft.server.log.segment.cache.num.max = 2 (custom)
2019-07-14 01:13:48,023 INFO  server.RaftServerConfigKeys (ConfUtils.java:logGet(43)) - raft.server.log.preallocated.size = 16384 (custom)
2019-07-14 01:13:48,023 INFO  server.RaftServerConfigKeys (ConfUtils.java:logGet(43)) - raft.server.log.segment.size.max = 1048576 (custom)
2019-07-14 01:13:48,024 INFO  server.RaftServerConfigKeys (ConfUtils.java:logGet(43)) - raft.server.log.write.buffer.size = 33554432 (custom)
2019-07-14 01:13:48,023 INFO  segmented.SegmentedRaftLogWorker (SegmentedRaftLogWorker.java:<init>(172)) - new a0b17703-4af1-46b4-9f63-82cc7d3bf30b-SegmentedRaftLogWorker:Storage Directory /tmp/workdir/hadoop-ozone/integration-test/target/test-dir/MiniOzoneClusterImpl-b70dd109-4c8a-4825-92cf-da82a42132cf/datanode-4/data/ratis/8160252b-6260-4456-ada8-ce75afbae0cc for RaftStorage:Storage Directory /tmp/workdir/hadoop-ozone/integration-test/target/test-dir/MiniOzoneClusterImpl-b70dd109-4c8a-4825-92cf-da82a42132cf/datanode-4/data/ratis/8160252b-6260-4456-ada8-ce75afbae0cc
2019-07-14 01:13:48,024 INFO  server.RaftServerConfigKeys (ConfUtils.java:logGet(43)) - raft.server.log.force.sync.num = 128 (default)
2019-07-14 01:13:48,024 INFO  server.RaftServerConfigKeys (ConfUtils.java:logGet(43)) - raft.server.log.segment.cache.num.max = 2 (custom)
2019-07-14 01:13:48,024 INFO  server.RaftServerConfigKeys (ConfUtils.java:logGet(43)) - raft.server.log.statemachine.data.sync = true (default)
2019-07-14 01:13:48,024 INFO  server.RaftServerConfigKeys (ConfUtils.java:logGet(43)) - raft.server.log.queue.byte-limit = 2147483647 (custom)
2019-07-14 01:13:48,026 INFO  rpc.RpcClient (RpcClient.java:createBucket(424)) - Creating Bucket: 7f1d0f0a-ca2d-4c4c-9931-bd161618a7ba/2374249b-3171-4cfd-b903-ff848bbf851f, with Versioning false and Storage Type set to DISK and Encryption set to false 
2019-07-14 01:13:48,026 INFO  server.RaftServerConfigKeys (ConfUtils.java:logGet(43)) - raft.server.log.statemachine.data.sync.timeout = 10s (default)
2019-07-14 01:13:48,026 INFO  segmented.SegmentedRaftLogWorker (SegmentedRaftLogWorker.java:<init>(172)) - new 73147663-acac-447a-ba79-4fa08a8cbb5c-SegmentedRaftLogWorker:Storage Directory /tmp/workdir/hadoop-ozone/integration-test/target/test-dir/MiniOzoneClusterImpl-b70dd109-4c8a-4825-92cf-da82a42132cf/datanode-7/data/ratis/8160252b-6260-4456-ada8-ce75afbae0cc for RaftStorage:Storage Directory /tmp/workdir/hadoop-ozone/integration-test/target/test-dir/MiniOzoneClusterImpl-b70dd109-4c8a-4825-92cf-da82a42132cf/datanode-7/data/ratis/8160252b-6260-4456-ada8-ce75afbae0cc
2019-07-14 01:13:48,027 INFO  server.RaftServerConfigKeys (ConfUtils.java:logGet(43)) - raft.server.log.statemachine.data.sync.timeout.retry = -1 (default)
2019-07-14 01:13:48,026 INFO  server.RaftServerConfigKeys (ConfUtils.java:logGet(43)) - raft.server.log.queue.element-limit = 1024 (custom)
2019-07-14 01:13:48,029 INFO  server.RaftServerConfigKeys (ConfUtils.java:logGet(43)) - raft.server.log.statemachine.data.caching.enabled = true (custom)
2019-07-14 01:13:48,027 INFO  server.RaftServerConfigKeys (ConfUtils.java:logGet(43)) - raft.server.log.queue.byte-limit = 2147483647 (custom)
2019-07-14 01:13:48,029 INFO  server.RaftServerConfigKeys (ConfUtils.java:logGet(43)) - raft.server.log.segment.size.max = 1048576 (custom)
2019-07-14 01:13:48,030 INFO  segmented.SegmentedRaftLogWorker (SegmentedRaftLogWorker.java:lambda$new$0(132)) - fb5e9d6f-50db-44c6-821d-074aef5524ac-SegmentedRaftLogWorker:Storage Directory /tmp/workdir/hadoop-ozone/integration-test/target/test-dir/MiniOzoneClusterImpl-b70dd109-4c8a-4825-92cf-da82a42132cf/datanode-6/data/ratis/8160252b-6260-4456-ada8-ce75afbae0cc: flushIndex: setUnconditionally 0 -> -1
2019-07-14 01:13:48,030 INFO  server.RaftServerConfigKeys (ConfUtils.java:logGet(43)) - raft.server.log.queue.element-limit = 1024 (custom)
2019-07-14 01:13:48,030 INFO  server.RaftServerConfigKeys (ConfUtils.java:logGet(43)) - raft.server.log.preallocated.size = 16384 (custom)
2019-07-14 01:13:48,030 INFO  server.RaftServerConfigKeys (ConfUtils.java:logGet(43)) - raft.server.snapshot.auto.trigger.enabled = true (custom)
2019-07-14 01:13:48,030 INFO  server.RaftServerConfigKeys (ConfUtils.java:logGet(43)) - raft.server.log.segment.size.max = 1048576 (custom)
2019-07-14 01:13:48,031 INFO  server.RaftServerConfigKeys (ConfUtils.java:logGet(43)) - raft.server.snapshot.auto.trigger.threshold = 10000 (custom)
2019-07-14 01:13:48,030 INFO  server.RaftServerConfigKeys (ConfUtils.java:logGet(43)) - raft.server.log.write.buffer.size = 33554432 (custom)
2019-07-14 01:13:48,031 INFO  server.RaftServerConfigKeys (ConfUtils.java:logGet(43)) - raft.server.retrycache.expirytime = 600000ms (custom)
2019-07-14 01:13:48,031 INFO  server.RaftServerConfigKeys (ConfUtils.java:logGet(43)) - raft.server.log.preallocated.size = 16384 (custom)
2019-07-14 01:13:48,031 INFO  impl.RaftServerImpl (RaftServerImpl.java:start(180)) - fb5e9d6f-50db-44c6-821d-074aef5524ac: start group-CE75AFBAE0CC
2019-07-14 01:13:48,031 INFO  server.RaftServerConfigKeys (ConfUtils.java:logGet(43)) - raft.server.log.force.sync.num = 128 (default)
2019-07-14 01:13:48,032 INFO  impl.RaftServerImpl (RaftServerImpl.java:setRole(171)) - fb5e9d6f-50db-44c6-821d-074aef5524ac:group-CE75AFBAE0CC changes role from null to FOLLOWER at term 0 for startAsFollower
2019-07-14 01:13:48,031 INFO  server.RaftServerConfigKeys (ConfUtils.java:logGet(43)) - raft.server.log.write.buffer.size = 33554432 (custom)
2019-07-14 01:13:48,032 INFO  impl.RoleInfo (RoleInfo.java:updateAndGet(143)) - fb5e9d6f-50db-44c6-821d-074aef5524ac: start FollowerState
2019-07-14 01:13:48,032 INFO  server.RaftServerConfigKeys (ConfUtils.java:logGet(43)) - raft.server.log.statemachine.data.sync = true (default)
2019-07-14 01:13:48,032 INFO  server.RaftServerConfigKeys (ConfUtils.java:logGet(43)) - raft.server.log.force.sync.num = 128 (default)
2019-07-14 01:13:48,032 INFO  server.RaftServerConfigKeys (ConfUtils.java:logGet(43)) - raft.server.log.statemachine.data.sync.timeout = 10s (default)
2019-07-14 01:13:48,033 INFO  server.RaftServerConfigKeys (ConfUtils.java:logGet(43)) - raft.server.log.statemachine.data.sync = true (default)
2019-07-14 01:13:48,032 INFO  util.JmxRegister (JmxRegister.java:tryRegister(44)) - Successfully registered JMX Bean with object name Ratis:service=RaftServer,group=group-CE75AFBAE0CC,id=fb5e9d6f-50db-44c6-821d-074aef5524ac
2019-07-14 01:13:48,033 INFO  server.RaftServerConfigKeys (ConfUtils.java:logGet(43)) - raft.server.log.statemachine.data.sync.timeout = 10s (default)
2019-07-14 01:13:48,033 INFO  server.RaftServerConfigKeys (ConfUtils.java:logGet(43)) - raft.server.log.statemachine.data.sync.timeout.retry = -1 (default)
2019-07-14 01:13:48,033 INFO  server.RaftServerConfigKeys (ConfUtils.java:logGet(43)) - raft.server.log.statemachine.data.sync.timeout.retry = -1 (default)
2019-07-14 01:13:48,033 INFO  server.RaftServerConfigKeys (ConfUtils.java:logGet(43)) - raft.server.log.statemachine.data.caching.enabled = true (custom)
2019-07-14 01:13:48,034 INFO  server.RaftServerConfigKeys (ConfUtils.java:logGet(43)) - raft.server.log.statemachine.data.caching.enabled = true (custom)
2019-07-14 01:13:48,034 INFO  segmented.SegmentedRaftLogWorker (SegmentedRaftLogWorker.java:lambda$new$0(132)) - a0b17703-4af1-46b4-9f63-82cc7d3bf30b-SegmentedRaftLogWorker:Storage Directory /tmp/workdir/hadoop-ozone/integration-test/target/test-dir/MiniOzoneClusterImpl-b70dd109-4c8a-4825-92cf-da82a42132cf/datanode-4/data/ratis/8160252b-6260-4456-ada8-ce75afbae0cc: flushIndex: setUnconditionally 0 -> -1
2019-07-14 01:13:48,034 INFO  segmented.SegmentedRaftLogWorker (SegmentedRaftLogWorker.java:lambda$new$0(132)) - 73147663-acac-447a-ba79-4fa08a8cbb5c-SegmentedRaftLogWorker:Storage Directory /tmp/workdir/hadoop-ozone/integration-test/target/test-dir/MiniOzoneClusterImpl-b70dd109-4c8a-4825-92cf-da82a42132cf/datanode-7/data/ratis/8160252b-6260-4456-ada8-ce75afbae0cc: flushIndex: setUnconditionally 0 -> -1
2019-07-14 01:13:48,034 INFO  server.RaftServerConfigKeys (ConfUtils.java:logGet(43)) - raft.server.snapshot.auto.trigger.enabled = true (custom)
2019-07-14 01:13:48,034 INFO  server.RaftServerConfigKeys (ConfUtils.java:logGet(43)) - raft.server.snapshot.auto.trigger.threshold = 10000 (custom)
2019-07-14 01:13:48,034 INFO  server.RaftServerConfigKeys (ConfUtils.java:logGet(43)) - raft.server.snapshot.auto.trigger.enabled = true (custom)
2019-07-14 01:13:48,035 INFO  server.RaftServerConfigKeys (ConfUtils.java:logGet(43)) - raft.server.retrycache.expirytime = 600000ms (custom)
2019-07-14 01:13:48,035 INFO  server.RaftServerConfigKeys (ConfUtils.java:logGet(43)) - raft.server.snapshot.auto.trigger.threshold = 10000 (custom)
2019-07-14 01:13:48,037 INFO  impl.RaftServerImpl (RaftServerImpl.java:start(180)) - a0b17703-4af1-46b4-9f63-82cc7d3bf30b: start group-CE75AFBAE0CC
2019-07-14 01:13:48,037 INFO  server.RaftServerConfigKeys (ConfUtils.java:logGet(43)) - raft.server.retrycache.expirytime = 600000ms (custom)
2019-07-14 01:13:48,037 INFO  impl.RaftServerImpl (RaftServerImpl.java:setRole(171)) - a0b17703-4af1-46b4-9f63-82cc7d3bf30b:group-CE75AFBAE0CC changes role from null to FOLLOWER at term 0 for startAsFollower
2019-07-14 01:13:48,045 INFO  impl.RaftServerImpl (RaftServerImpl.java:start(180)) - 73147663-acac-447a-ba79-4fa08a8cbb5c: start group-CE75AFBAE0CC
2019-07-14 01:13:48,045 INFO  impl.RoleInfo (RoleInfo.java:updateAndGet(143)) - a0b17703-4af1-46b4-9f63-82cc7d3bf30b: start FollowerState
2019-07-14 01:13:48,045 INFO  impl.RaftServerImpl (RaftServerImpl.java:setRole(171)) - 73147663-acac-447a-ba79-4fa08a8cbb5c:group-CE75AFBAE0CC changes role from null to FOLLOWER at term 0 for startAsFollower
2019-07-14 01:13:48,045 INFO  impl.RoleInfo (RoleInfo.java:updateAndGet(143)) - 73147663-acac-447a-ba79-4fa08a8cbb5c: start FollowerState
2019-07-14 01:13:48,046 INFO  util.JmxRegister (JmxRegister.java:tryRegister(44)) - Successfully registered JMX Bean with object name Ratis:service=RaftServer,group=group-CE75AFBAE0CC,id=a0b17703-4af1-46b4-9f63-82cc7d3bf30b
2019-07-14 01:13:48,048 INFO  util.JmxRegister (JmxRegister.java:tryRegister(44)) - Successfully registered JMX Bean with object name Ratis:service=RaftServer,group=group-CE75AFBAE0CC,id=73147663-acac-447a-ba79-4fa08a8cbb5c
2019-07-14 01:13:48,062 INFO  pipeline.PipelineStateManager (PipelineStateManager.java:addPipeline(56)) - Created pipeline Pipeline[ Id: 8160252b-6260-4456-ada8-ce75afbae0cc, Nodes: fb5e9d6f-50db-44c6-821d-074aef5524ac{ip: 192.168.157.230, host: trunk-nightly-sxkq5-3320257302, networkLocation: /default-rack, certSerialId: null}a0b17703-4af1-46b4-9f63-82cc7d3bf30b{ip: 192.168.157.230, host: trunk-nightly-sxkq5-3320257302, networkLocation: /default-rack, certSerialId: null}73147663-acac-447a-ba79-4fa08a8cbb5c{ip: 192.168.157.230, host: trunk-nightly-sxkq5-3320257302, networkLocation: /default-rack, certSerialId: null}, Type:RATIS, Factor:THREE, State:OPEN]
2019-07-14 01:13:48,087 INFO  impl.RaftServerProxy (RaftServerProxy.java:addNew(89)) - e50ba753-2da3-49fc-b02e-4b4c8371c5c8: addNew group-9205E730D1BD:[e50ba753-2da3-49fc-b02e-4b4c8371c5c8:192.168.157.230:34873, 7cb84e39-9597-4731-a5e7-7c957d291bd5:192.168.157.230:43330, a1ec0c5b-f624-44c0-a6a7-3c10e65c06c3:192.168.157.230:37189] returns group-9205E730D1BD:java.util.concurrent.CompletableFuture@5150901f[Not completed]
2019-07-14 01:13:48,094 INFO  impl.RaftServerProxy (RaftServerProxy.java:addNew(89)) - a1ec0c5b-f624-44c0-a6a7-3c10e65c06c3: addNew group-9205E730D1BD:[e50ba753-2da3-49fc-b02e-4b4c8371c5c8:192.168.157.230:34873, 7cb84e39-9597-4731-a5e7-7c957d291bd5:192.168.157.230:43330, a1ec0c5b-f624-44c0-a6a7-3c10e65c06c3:192.168.157.230:37189] returns group-9205E730D1BD:java.util.concurrent.CompletableFuture@2184df35[Not completed]
2019-07-14 01:13:48,094 INFO  impl.RaftServerProxy (RaftServerProxy.java:addNew(89)) - 7cb84e39-9597-4731-a5e7-7c957d291bd5: addNew group-9205E730D1BD:[e50ba753-2da3-49fc-b02e-4b4c8371c5c8:192.168.157.230:34873, 7cb84e39-9597-4731-a5e7-7c957d291bd5:192.168.157.230:43330, a1ec0c5b-f624-44c0-a6a7-3c10e65c06c3:192.168.157.230:37189] returns group-9205E730D1BD:java.util.concurrent.CompletableFuture@a0f17b9[Not completed]
2019-07-14 01:13:48,097 INFO  impl.RaftServerImpl (RaftServerImpl.java:<init>(93)) - e50ba753-2da3-49fc-b02e-4b4c8371c5c8: new RaftServerImpl for group-9205E730D1BD:[e50ba753-2da3-49fc-b02e-4b4c8371c5c8:192.168.157.230:34873, 7cb84e39-9597-4731-a5e7-7c957d291bd5:192.168.157.230:43330, a1ec0c5b-f624-44c0-a6a7-3c10e65c06c3:192.168.157.230:37189] with ContainerStateMachine:uninitialized
2019-07-14 01:13:48,098 INFO  server.RaftServerConfigKeys (ConfUtils.java:logGet(43)) - raft.server.rpc.timeout.min = 5s (custom)
2019-07-14 01:13:48,098 INFO  server.RaftServerConfigKeys (ConfUtils.java:logGet(43)) - raft.server.rpc.timeout.max = 5200ms (custom)
2019-07-14 01:13:48,098 INFO  impl.RaftServerImpl (RaftServerImpl.java:<init>(93)) - 7cb84e39-9597-4731-a5e7-7c957d291bd5: new RaftServerImpl for group-9205E730D1BD:[e50ba753-2da3-49fc-b02e-4b4c8371c5c8:192.168.157.230:34873, 7cb84e39-9597-4731-a5e7-7c957d291bd5:192.168.157.230:43330, a1ec0c5b-f624-44c0-a6a7-3c10e65c06c3:192.168.157.230:37189] with ContainerStateMachine:uninitialized
2019-07-14 01:13:48,098 INFO  server.RaftServerConfigKeys (ConfUtils.java:logGet(43)) - raft.server.rpcslowness.timeout = 120s (custom)
2019-07-14 01:13:48,098 INFO  server.RaftServerConfigKeys (ConfUtils.java:logGet(43)) - raft.server.rpc.timeout.min = 5s (custom)
2019-07-14 01:13:48,099 INFO  server.RaftServerConfigKeys (ConfUtils.java:logGet(43)) - raft.server.sleep.deviation.threshold = 300 (default)
2019-07-14 01:13:48,099 INFO  server.RaftServerConfigKeys (ConfUtils.java:logGet(43)) - raft.server.rpc.timeout.max = 5200ms (custom)
2019-07-14 01:13:48,099 INFO  server.RaftServerConfigKeys (ConfUtils.java:logGet(43)) - raft.server.log.appender.install.snapshot.enabled = false (custom)
2019-07-14 01:13:48,099 INFO  impl.RaftServerImpl (RaftServerImpl.java:<init>(93)) - a1ec0c5b-f624-44c0-a6a7-3c10e65c06c3: new RaftServerImpl for group-9205E730D1BD:[e50ba753-2da3-49fc-b02e-4b4c8371c5c8:192.168.157.230:34873, 7cb84e39-9597-4731-a5e7-7c957d291bd5:192.168.157.230:43330, a1ec0c5b-f624-44c0-a6a7-3c10e65c06c3:192.168.157.230:37189] with ContainerStateMachine:uninitialized
2019-07-14 01:13:48,099 INFO  server.RaftServerConfigKeys (ConfUtils.java:logGet(43)) - raft.server.rpcslowness.timeout = 120s (custom)
2019-07-14 01:13:48,099 INFO  server.RaftServerConfigKeys (ConfUtils.java:logGet(43)) - raft.server.rpc.timeout.min = 5s (custom)
2019-07-14 01:13:48,099 INFO  impl.RaftServerImpl (ServerState.java:<init>(105)) - e50ba753-2da3-49fc-b02e-4b4c8371c5c8:group-9205E730D1BD ConfigurationManager, init=-1: [e50ba753-2da3-49fc-b02e-4b4c8371c5c8:192.168.157.230:34873, 7cb84e39-9597-4731-a5e7-7c957d291bd5:192.168.157.230:43330, a1ec0c5b-f624-44c0-a6a7-3c10e65c06c3:192.168.157.230:37189], old=null, confs=<EMPTY_MAP>
2019-07-14 01:13:48,100 INFO  server.RaftServerConfigKeys (ConfUtils.java:logGet(43)) - raft.server.rpc.timeout.max = 5200ms (custom)
2019-07-14 01:13:48,100 INFO  server.RaftServerConfigKeys (ConfUtils.java:logGet(43)) - raft.server.sleep.deviation.threshold = 300 (default)
2019-07-14 01:13:48,100 INFO  server.RaftServerConfigKeys (ConfUtils.java:logGet(43)) - raft.server.rpcslowness.timeout = 120s (custom)
2019-07-14 01:13:48,100 INFO  server.RaftServerConfigKeys (ConfUtils.java:logGet(43)) - raft.server.storage.dir = [/tmp/workdir/hadoop-ozone/integration-test/target/test-dir/MiniOzoneClusterImpl-b70dd109-4c8a-4825-92cf-da82a42132cf/datanode-2/data/ratis] (custom)
2019-07-14 01:13:48,101 INFO  server.RaftServerConfigKeys (ConfUtils.java:logGet(43)) - raft.server.sleep.deviation.threshold = 300 (default)
2019-07-14 01:13:48,100 INFO  server.RaftServerConfigKeys (ConfUtils.java:logGet(43)) - raft.server.log.appender.install.snapshot.enabled = false (custom)
2019-07-14 01:13:48,101 INFO  server.RaftServerConfigKeys (ConfUtils.java:logGet(43)) - raft.server.log.appender.install.snapshot.enabled = false (custom)
2019-07-14 01:13:48,101 INFO  storage.RaftStorageDirectory (RaftStorageDirectory.java:analyzeStorage(246)) - The storage directory /tmp/workdir/hadoop-ozone/integration-test/target/test-dir/MiniOzoneClusterImpl-b70dd109-4c8a-4825-92cf-da82a42132cf/datanode-2/data/ratis/ff95ee01-1964-47a5-9b06-9205e730d1bd does not exist. Creating ...
2019-07-14 01:13:48,101 INFO  impl.RaftServerImpl (ServerState.java:<init>(105)) - 7cb84e39-9597-4731-a5e7-7c957d291bd5:group-9205E730D1BD ConfigurationManager, init=-1: [e50ba753-2da3-49fc-b02e-4b4c8371c5c8:192.168.157.230:34873, 7cb84e39-9597-4731-a5e7-7c957d291bd5:192.168.157.230:43330, a1ec0c5b-f624-44c0-a6a7-3c10e65c06c3:192.168.157.230:37189], old=null, confs=<EMPTY_MAP>
2019-07-14 01:13:48,101 INFO  impl.RaftServerImpl (ServerState.java:<init>(105)) - a1ec0c5b-f624-44c0-a6a7-3c10e65c06c3:group-9205E730D1BD ConfigurationManager, init=-1: [e50ba753-2da3-49fc-b02e-4b4c8371c5c8:192.168.157.230:34873, 7cb84e39-9597-4731-a5e7-7c957d291bd5:192.168.157.230:43330, a1ec0c5b-f624-44c0-a6a7-3c10e65c06c3:192.168.157.230:37189], old=null, confs=<EMPTY_MAP>
2019-07-14 01:13:48,102 INFO  server.RaftServerConfigKeys (ConfUtils.java:logGet(43)) - raft.server.storage.dir = [/tmp/workdir/hadoop-ozone/integration-test/target/test-dir/MiniOzoneClusterImpl-b70dd109-4c8a-4825-92cf-da82a42132cf/datanode-8/data/ratis] (custom)
2019-07-14 01:13:48,102 INFO  server.RaftServerConfigKeys (ConfUtils.java:logGet(43)) - raft.server.storage.dir = [/tmp/workdir/hadoop-ozone/integration-test/target/test-dir/MiniOzoneClusterImpl-b70dd109-4c8a-4825-92cf-da82a42132cf/datanode-0/data/ratis] (custom)
2019-07-14 01:13:48,102 INFO  storage.RaftStorageDirectory (RaftStorageDirectory.java:analyzeStorage(246)) - The storage directory /tmp/workdir/hadoop-ozone/integration-test/target/test-dir/MiniOzoneClusterImpl-b70dd109-4c8a-4825-92cf-da82a42132cf/datanode-8/data/ratis/ff95ee01-1964-47a5-9b06-9205e730d1bd does not exist. Creating ...
2019-07-14 01:13:48,102 INFO  storage.RaftStorageDirectory (RaftStorageDirectory.java:analyzeStorage(246)) - The storage directory /tmp/workdir/hadoop-ozone/integration-test/target/test-dir/MiniOzoneClusterImpl-b70dd109-4c8a-4825-92cf-da82a42132cf/datanode-0/data/ratis/ff95ee01-1964-47a5-9b06-9205e730d1bd does not exist. Creating ...
2019-07-14 01:13:48,115 INFO  storage.RaftStorageDirectory (RaftStorageDirectory.java:tryLock(328)) - Lock on /tmp/workdir/hadoop-ozone/integration-test/target/test-dir/MiniOzoneClusterImpl-b70dd109-4c8a-4825-92cf-da82a42132cf/datanode-8/data/ratis/ff95ee01-1964-47a5-9b06-9205e730d1bd/in_use.lock acquired by nodename 8709@trunk-nightly-sxkq5-3320257302
2019-07-14 01:13:48,115 INFO  storage.RaftStorageDirectory (RaftStorageDirectory.java:tryLock(328)) - Lock on /tmp/workdir/hadoop-ozone/integration-test/target/test-dir/MiniOzoneClusterImpl-b70dd109-4c8a-4825-92cf-da82a42132cf/datanode-2/data/ratis/ff95ee01-1964-47a5-9b06-9205e730d1bd/in_use.lock acquired by nodename 8709@trunk-nightly-sxkq5-3320257302
2019-07-14 01:13:48,115 INFO  storage.RaftStorageDirectory (RaftStorageDirectory.java:tryLock(328)) - Lock on /tmp/workdir/hadoop-ozone/integration-test/target/test-dir/MiniOzoneClusterImpl-b70dd109-4c8a-4825-92cf-da82a42132cf/datanode-0/data/ratis/ff95ee01-1964-47a5-9b06-9205e730d1bd/in_use.lock acquired by nodename 8709@trunk-nightly-sxkq5-3320257302
2019-07-14 01:13:48,134 INFO  storage.RaftStorage (RaftStorage.java:format(72)) - Storage directory /tmp/workdir/hadoop-ozone/integration-test/target/test-dir/MiniOzoneClusterImpl-b70dd109-4c8a-4825-92cf-da82a42132cf/datanode-8/data/ratis/ff95ee01-1964-47a5-9b06-9205e730d1bd has been successfully formatted.
2019-07-14 01:13:48,134 INFO  storage.RaftStorage (RaftStorage.java:format(72)) - Storage directory /tmp/workdir/hadoop-ozone/integration-test/target/test-dir/MiniOzoneClusterImpl-b70dd109-4c8a-4825-92cf-da82a42132cf/datanode-0/data/ratis/ff95ee01-1964-47a5-9b06-9205e730d1bd has been successfully formatted.
2019-07-14 01:13:48,134 INFO  storage.RaftStorage (RaftStorage.java:format(72)) - Storage directory /tmp/workdir/hadoop-ozone/integration-test/target/test-dir/MiniOzoneClusterImpl-b70dd109-4c8a-4825-92cf-da82a42132cf/datanode-2/data/ratis/ff95ee01-1964-47a5-9b06-9205e730d1bd has been successfully formatted.
2019-07-14 01:13:48,142 INFO  ratis.ContainerStateMachine (ContainerStateMachine.java:loadSnapshot(200)) - The snapshot info is null.Setting the last applied index to:(t:0, i:~)
2019-07-14 01:13:48,143 INFO  ratis.ContainerStateMachine (ContainerStateMachine.java:loadSnapshot(200)) - The snapshot info is null.Setting the last applied index to:(t:0, i:~)
2019-07-14 01:13:48,142 INFO  ratis.ContainerStateMachine (ContainerStateMachine.java:loadSnapshot(200)) - The snapshot info is null.Setting the last applied index to:(t:0, i:~)
2019-07-14 01:13:48,143 INFO  server.RaftServerConfigKeys (ConfUtils.java:logGet(43)) - raft.server.leader.election.timeout = 120s (custom)
2019-07-14 01:13:48,143 INFO  server.RaftServerConfigKeys (ConfUtils.java:logGet(43)) - raft.server.leader.election.timeout = 120s (custom)
2019-07-14 01:13:48,143 INFO  server.RaftServerConfigKeys (ConfUtils.java:logGet(43)) - raft.server.log.use.memory = false (default)
2019-07-14 01:13:48,143 INFO  server.RaftServerConfigKeys (ConfUtils.java:logGet(43)) - raft.server.leader.election.timeout = 120s (custom)
2019-07-14 01:13:48,143 INFO  server.RaftServerConfigKeys (ConfUtils.java:logGet(43)) - raft.server.log.purge.gap = 1000000000 (custom)
2019-07-14 01:13:48,143 INFO  server.RaftServerConfigKeys (ConfUtils.java:logGet(43)) - raft.server.log.use.memory = false (default)
2019-07-14 01:13:48,144 INFO  server.RaftServerConfigKeys (ConfUtils.java:logGet(43)) - raft.server.log.appender.buffer.byte-limit = 33554432 (custom)
2019-07-14 01:13:48,143 INFO  server.RaftServerConfigKeys (ConfUtils.java:logGet(43)) - raft.server.log.use.memory = false (default)
2019-07-14 01:13:48,144 INFO  server.RaftServerConfigKeys (ConfUtils.java:logGet(43)) - raft.server.log.segment.size.max = 1048576 (custom)
2019-07-14 01:13:48,144 INFO  server.RaftServerConfigKeys (ConfUtils.java:logGet(43)) - raft.server.log.purge.gap = 1000000000 (custom)
2019-07-14 01:13:48,144 INFO  server.RaftServerConfigKeys (ConfUtils.java:logGet(43)) - raft.server.log.segment.cache.num.max = 2 (custom)
2019-07-14 01:13:48,144 INFO  server.RaftServerConfigKeys (ConfUtils.java:logGet(43)) - raft.server.log.purge.gap = 1000000000 (custom)
2019-07-14 01:13:48,144 INFO  segmented.SegmentedRaftLogWorker (SegmentedRaftLogWorker.java:<init>(172)) - new e50ba753-2da3-49fc-b02e-4b4c8371c5c8-SegmentedRaftLogWorker:Storage Directory /tmp/workdir/hadoop-ozone/integration-test/target/test-dir/MiniOzoneClusterImpl-b70dd109-4c8a-4825-92cf-da82a42132cf/datanode-2/data/ratis/ff95ee01-1964-47a5-9b06-9205e730d1bd for RaftStorage:Storage Directory /tmp/workdir/hadoop-ozone/integration-test/target/test-dir/MiniOzoneClusterImpl-b70dd109-4c8a-4825-92cf-da82a42132cf/datanode-2/data/ratis/ff95ee01-1964-47a5-9b06-9205e730d1bd
2019-07-14 01:13:48,144 INFO  server.RaftServerConfigKeys (ConfUtils.java:logGet(43)) - raft.server.log.appender.buffer.byte-limit = 33554432 (custom)
2019-07-14 01:13:48,145 INFO  server.RaftServerConfigKeys (ConfUtils.java:logGet(43)) - raft.server.log.queue.byte-limit = 2147483647 (custom)
2019-07-14 01:13:48,147 INFO  server.RaftServerConfigKeys (ConfUtils.java:logGet(43)) - raft.server.log.queue.element-limit = 1024 (custom)
2019-07-14 01:13:48,145 INFO  server.RaftServerConfigKeys (ConfUtils.java:logGet(43)) - raft.server.log.appender.buffer.byte-limit = 33554432 (custom)
2019-07-14 01:13:48,147 INFO  server.RaftServerConfigKeys (ConfUtils.java:logGet(43)) - raft.server.log.segment.size.max = 1048576 (custom)
2019-07-14 01:13:48,147 INFO  server.RaftServerConfigKeys (ConfUtils.java:logGet(43)) - raft.server.log.segment.size.max = 1048576 (custom)
2019-07-14 01:13:48,148 INFO  server.RaftServerConfigKeys (ConfUtils.java:logGet(43)) - raft.server.log.preallocated.size = 16384 (custom)
2019-07-14 01:13:48,148 INFO  server.RaftServerConfigKeys (ConfUtils.java:logGet(43)) - raft.server.log.segment.size.max = 1048576 (custom)
2019-07-14 01:13:48,148 INFO  server.RaftServerConfigKeys (ConfUtils.java:logGet(43)) - raft.server.log.write.buffer.size = 33554432 (custom)
2019-07-14 01:13:48,148 INFO  server.RaftServerConfigKeys (ConfUtils.java:logGet(43)) - raft.server.log.segment.cache.num.max = 2 (custom)
2019-07-14 01:13:48,148 INFO  server.RaftServerConfigKeys (ConfUtils.java:logGet(43)) - raft.server.log.force.sync.num = 128 (default)
2019-07-14 01:13:48,148 INFO  server.RaftServerConfigKeys (ConfUtils.java:logGet(43)) - raft.server.log.segment.cache.num.max = 2 (custom)
2019-07-14 01:13:48,149 INFO  server.RaftServerConfigKeys (ConfUtils.java:logGet(43)) - raft.server.log.statemachine.data.sync = true (default)
2019-07-14 01:13:48,148 INFO  segmented.SegmentedRaftLogWorker (SegmentedRaftLogWorker.java:<init>(172)) - new 7cb84e39-9597-4731-a5e7-7c957d291bd5-SegmentedRaftLogWorker:Storage Directory /tmp/workdir/hadoop-ozone/integration-test/target/test-dir/MiniOzoneClusterImpl-b70dd109-4c8a-4825-92cf-da82a42132cf/datanode-8/data/ratis/ff95ee01-1964-47a5-9b06-9205e730d1bd for RaftStorage:Storage Directory /tmp/workdir/hadoop-ozone/integration-test/target/test-dir/MiniOzoneClusterImpl-b70dd109-4c8a-4825-92cf-da82a42132cf/datanode-8/data/ratis/ff95ee01-1964-47a5-9b06-9205e730d1bd
2019-07-14 01:13:48,149 INFO  server.RaftServerConfigKeys (ConfUtils.java:logGet(43)) - raft.server.log.statemachine.data.sync.timeout = 10s (default)
2019-07-14 01:13:48,149 INFO  segmented.SegmentedRaftLogWorker (SegmentedRaftLogWorker.java:<init>(172)) - new a1ec0c5b-f624-44c0-a6a7-3c10e65c06c3-SegmentedRaftLogWorker:Storage Directory /tmp/workdir/hadoop-ozone/integration-test/target/test-dir/MiniOzoneClusterImpl-b70dd109-4c8a-4825-92cf-da82a42132cf/datanode-0/data/ratis/ff95ee01-1964-47a5-9b06-9205e730d1bd for RaftStorage:Storage Directory /tmp/workdir/hadoop-ozone/integration-test/target/test-dir/MiniOzoneClusterImpl-b70dd109-4c8a-4825-92cf-da82a42132cf/datanode-0/data/ratis/ff95ee01-1964-47a5-9b06-9205e730d1bd
2019-07-14 01:13:48,149 INFO  server.RaftServerConfigKeys (ConfUtils.java:logGet(43)) - raft.server.log.statemachine.data.sync.timeout.retry = -1 (default)
2019-07-14 01:13:48,149 INFO  server.RaftServerConfigKeys (ConfUtils.java:logGet(43)) - raft.server.log.queue.byte-limit = 2147483647 (custom)
2019-07-14 01:13:48,162 INFO  server.RaftServerConfigKeys (ConfUtils.java:logGet(43)) - raft.server.log.statemachine.data.caching.enabled = true (custom)
2019-07-14 01:13:48,162 INFO  server.RaftServerConfigKeys (ConfUtils.java:logGet(43)) - raft.server.log.queue.byte-limit = 2147483647 (custom)
2019-07-14 01:13:48,165 INFO  segmented.SegmentedRaftLogWorker (SegmentedRaftLogWorker.java:lambda$new$0(132)) - e50ba753-2da3-49fc-b02e-4b4c8371c5c8-SegmentedRaftLogWorker:Storage Directory /tmp/workdir/hadoop-ozone/integration-test/target/test-dir/MiniOzoneClusterImpl-b70dd109-4c8a-4825-92cf-da82a42132cf/datanode-2/data/ratis/ff95ee01-1964-47a5-9b06-9205e730d1bd: flushIndex: setUnconditionally 0 -> -1
2019-07-14 01:13:48,164 INFO  server.RaftServerConfigKeys (ConfUtils.java:logGet(43)) - raft.server.log.queue.element-limit = 1024 (custom)
2019-07-14 01:13:48,165 INFO  server.RaftServerConfigKeys (ConfUtils.java:logGet(43)) - raft.server.snapshot.auto.trigger.enabled = true (custom)
2019-07-14 01:13:48,165 INFO  server.RaftServerConfigKeys (ConfUtils.java:logGet(43)) - raft.server.snapshot.auto.trigger.threshold = 10000 (custom)
2019-07-14 01:13:48,165 INFO  server.RaftServerConfigKeys (ConfUtils.java:logGet(43)) - raft.server.log.queue.element-limit = 1024 (custom)
2019-07-14 01:13:48,165 INFO  server.RaftServerConfigKeys (ConfUtils.java:logGet(43)) - raft.server.retrycache.expirytime = 600000ms (custom)
2019-07-14 01:13:48,165 INFO  server.RaftServerConfigKeys (ConfUtils.java:logGet(43)) - raft.server.log.segment.size.max = 1048576 (custom)
2019-07-14 01:13:48,166 INFO  impl.RaftServerImpl (RaftServerImpl.java:start(180)) - e50ba753-2da3-49fc-b02e-4b4c8371c5c8: start group-9205E730D1BD
2019-07-14 01:13:48,166 INFO  impl.RaftServerImpl (RaftServerImpl.java:setRole(171)) - e50ba753-2da3-49fc-b02e-4b4c8371c5c8:group-9205E730D1BD changes role from null to FOLLOWER at term 0 for startAsFollower
2019-07-14 01:13:48,165 INFO  server.RaftServerConfigKeys (ConfUtils.java:logGet(43)) - raft.server.log.segment.size.max = 1048576 (custom)
2019-07-14 01:13:48,166 INFO  impl.RoleInfo (RoleInfo.java:updateAndGet(143)) - e50ba753-2da3-49fc-b02e-4b4c8371c5c8: start FollowerState
2019-07-14 01:13:48,166 INFO  server.RaftServerConfigKeys (ConfUtils.java:logGet(43)) - raft.server.log.preallocated.size = 16384 (custom)
2019-07-14 01:13:48,166 INFO  server.RaftServerConfigKeys (ConfUtils.java:logGet(43)) - raft.server.log.preallocated.size = 16384 (custom)
2019-07-14 01:13:48,166 INFO  util.JmxRegister (JmxRegister.java:tryRegister(44)) - Successfully registered JMX Bean with object name Ratis:service=RaftServer,group=group-9205E730D1BD,id=e50ba753-2da3-49fc-b02e-4b4c8371c5c8
2019-07-14 01:13:48,166 INFO  server.RaftServerConfigKeys (ConfUtils.java:logGet(43)) - raft.server.log.write.buffer.size = 33554432 (custom)
2019-07-14 01:13:48,166 INFO  server.RaftServerConfigKeys (ConfUtils.java:logGet(43)) - raft.server.log.write.buffer.size = 33554432 (custom)
2019-07-14 01:13:48,167 INFO  server.RaftServerConfigKeys (ConfUtils.java:logGet(43)) - raft.server.log.force.sync.num = 128 (default)
2019-07-14 01:13:48,167 INFO  server.RaftServerConfigKeys (ConfUtils.java:logGet(43)) - raft.server.log.force.sync.num = 128 (default)
2019-07-14 01:13:48,167 INFO  server.RaftServerConfigKeys (ConfUtils.java:logGet(43)) - raft.server.log.statemachine.data.sync = true (default)
2019-07-14 01:13:48,167 INFO  server.RaftServerConfigKeys (ConfUtils.java:logGet(43)) - raft.server.log.statemachine.data.sync = true (default)
2019-07-14 01:13:48,167 INFO  server.RaftServerConfigKeys (ConfUtils.java:logGet(43)) - raft.server.log.statemachine.data.sync.timeout = 10s (default)
2019-07-14 01:13:48,168 INFO  server.RaftServerConfigKeys (ConfUtils.java:logGet(43)) - raft.server.log.statemachine.data.sync.timeout = 10s (default)
2019-07-14 01:13:48,168 INFO  server.RaftServerConfigKeys (ConfUtils.java:logGet(43)) - raft.server.log.statemachine.data.sync.timeout.retry = -1 (default)
2019-07-14 01:13:48,168 INFO  server.RaftServerConfigKeys (ConfUtils.java:logGet(43)) - raft.server.log.statemachine.data.sync.timeout.retry = -1 (default)
2019-07-14 01:13:48,168 INFO  server.RaftServerConfigKeys (ConfUtils.java:logGet(43)) - raft.server.log.statemachine.data.caching.enabled = true (custom)
2019-07-14 01:13:48,168 INFO  server.RaftServerConfigKeys (ConfUtils.java:logGet(43)) - raft.server.log.statemachine.data.caching.enabled = true (custom)
2019-07-14 01:13:48,171 INFO  segmented.SegmentedRaftLogWorker (SegmentedRaftLogWorker.java:lambda$new$0(132)) - 7cb84e39-9597-4731-a5e7-7c957d291bd5-SegmentedRaftLogWorker:Storage Directory /tmp/workdir/hadoop-ozone/integration-test/target/test-dir/MiniOzoneClusterImpl-b70dd109-4c8a-4825-92cf-da82a42132cf/datanode-8/data/ratis/ff95ee01-1964-47a5-9b06-9205e730d1bd: flushIndex: setUnconditionally 0 -> -1
2019-07-14 01:13:48,171 INFO  segmented.SegmentedRaftLogWorker (SegmentedRaftLogWorker.java:lambda$new$0(132)) - a1ec0c5b-f624-44c0-a6a7-3c10e65c06c3-SegmentedRaftLogWorker:Storage Directory /tmp/workdir/hadoop-ozone/integration-test/target/test-dir/MiniOzoneClusterImpl-b70dd109-4c8a-4825-92cf-da82a42132cf/datanode-0/data/ratis/ff95ee01-1964-47a5-9b06-9205e730d1bd: flushIndex: setUnconditionally 0 -> -1
2019-07-14 01:13:48,171 INFO  server.RaftServerConfigKeys (ConfUtils.java:logGet(43)) - raft.server.snapshot.auto.trigger.enabled = true (custom)
2019-07-14 01:13:48,172 INFO  server.RaftServerConfigKeys (ConfUtils.java:logGet(43)) - raft.server.snapshot.auto.trigger.threshold = 10000 (custom)
2019-07-14 01:13:48,172 INFO  server.RaftServerConfigKeys (ConfUtils.java:logGet(43)) - raft.server.snapshot.auto.trigger.enabled = true (custom)
2019-07-14 01:13:48,172 INFO  server.RaftServerConfigKeys (ConfUtils.java:logGet(43)) - raft.server.retrycache.expirytime = 600000ms (custom)
2019-07-14 01:13:48,172 INFO  server.RaftServerConfigKeys (ConfUtils.java:logGet(43)) - raft.server.snapshot.auto.trigger.threshold = 10000 (custom)
2019-07-14 01:13:48,172 INFO  impl.RaftServerImpl (RaftServerImpl.java:start(180)) - 7cb84e39-9597-4731-a5e7-7c957d291bd5: start group-9205E730D1BD
2019-07-14 01:13:48,172 INFO  server.RaftServerConfigKeys (ConfUtils.java:logGet(43)) - raft.server.retrycache.expirytime = 600000ms (custom)
2019-07-14 01:13:48,172 INFO  impl.RaftServerImpl (RaftServerImpl.java:setRole(171)) - 7cb84e39-9597-4731-a5e7-7c957d291bd5:group-9205E730D1BD changes role from null to FOLLOWER at term 0 for startAsFollower
2019-07-14 01:13:48,173 INFO  impl.RaftServerImpl (RaftServerImpl.java:start(180)) - a1ec0c5b-f624-44c0-a6a7-3c10e65c06c3: start group-9205E730D1BD
2019-07-14 01:13:48,173 INFO  impl.RoleInfo (RoleInfo.java:updateAndGet(143)) - 7cb84e39-9597-4731-a5e7-7c957d291bd5: start FollowerState
2019-07-14 01:13:48,173 INFO  impl.RaftServerImpl (RaftServerImpl.java:setRole(171)) - a1ec0c5b-f624-44c0-a6a7-3c10e65c06c3:group-9205E730D1BD changes role from null to FOLLOWER at term 0 for startAsFollower
2019-07-14 01:13:48,173 INFO  impl.RoleInfo (RoleInfo.java:updateAndGet(143)) - a1ec0c5b-f624-44c0-a6a7-3c10e65c06c3: start FollowerState
2019-07-14 01:13:48,173 INFO  util.JmxRegister (JmxRegister.java:tryRegister(44)) - Successfully registered JMX Bean with object name Ratis:service=RaftServer,group=group-9205E730D1BD,id=7cb84e39-9597-4731-a5e7-7c957d291bd5
2019-07-14 01:13:48,174 INFO  util.JmxRegister (JmxRegister.java:tryRegister(44)) - Successfully registered JMX Bean with object name Ratis:service=RaftServer,group=group-9205E730D1BD,id=a1ec0c5b-f624-44c0-a6a7-3c10e65c06c3
2019-07-14 01:13:48,182 INFO  pipeline.PipelineStateManager (PipelineStateManager.java:addPipeline(56)) - Created pipeline Pipeline[ Id: ff95ee01-1964-47a5-9b06-9205e730d1bd, Nodes: 7cb84e39-9597-4731-a5e7-7c957d291bd5{ip: 192.168.157.230, host: trunk-nightly-sxkq5-3320257302, networkLocation: /default-rack, certSerialId: null}a1ec0c5b-f624-44c0-a6a7-3c10e65c06c3{ip: 192.168.157.230, host: trunk-nightly-sxkq5-3320257302, networkLocation: /default-rack, certSerialId: null}e50ba753-2da3-49fc-b02e-4b4c8371c5c8{ip: 192.168.157.230, host: trunk-nightly-sxkq5-3320257302, networkLocation: /default-rack, certSerialId: null}, Type:RATIS, Factor:THREE, State:OPEN]
2019-07-14 01:13:48,385 INFO  container.ReplicationManager (ReplicationManager.java:start(155)) - Starting Replication Monitor Thread.
2019-07-14 01:13:48,396 INFO  container.ReplicationManager (ReplicationManager.java:run(207)) - Replication Monitor Thread took 11 milliseconds for processing 1 containers.
2019-07-14 01:13:48,427 INFO  client.GrpcClientProtocolClient (GrpcClientProtocolClient.java:onNext(255)) - client-4AA168061694->41eb9e48-28e2-40bf-9fbd-6a61fe28873a: receive RaftClientReply:client-4AA168061694->41eb9e48-28e2-40bf-9fbd-6a61fe28873a@group-36A2F889B02B, cid=19, FAILED org.apache.ratis.protocol.NotLeaderException: Server 41eb9e48-28e2-40bf-9fbd-6a61fe28873a is not the leader (null). Request must be sent to leader., logIndex=0, commits[41eb9e48-28e2-40bf-9fbd-6a61fe28873a:c-1]
2019-07-14 01:13:49,472 INFO  client.GrpcClientProtocolClient (GrpcClientProtocolClient.java:onNext(255)) - client-4AA168061694->4b5e2365-0792-493b-a732-2ddb2a0a00c3: receive RaftClientReply:client-4AA168061694->4b5e2365-0792-493b-a732-2ddb2a0a00c3@group-36A2F889B02B, cid=19, FAILED org.apache.ratis.protocol.NotLeaderException: Server 4b5e2365-0792-493b-a732-2ddb2a0a00c3 is not the leader (null). Request must be sent to leader., logIndex=0, commits[4b5e2365-0792-493b-a732-2ddb2a0a00c3:c-1]
2019-07-14 01:13:50,504 INFO  client.GrpcClientProtocolClient (GrpcClientProtocolClient.java:onNext(255)) - client-4AA168061694->41eb9e48-28e2-40bf-9fbd-6a61fe28873a: receive RaftClientReply:client-4AA168061694->41eb9e48-28e2-40bf-9fbd-6a61fe28873a@group-36A2F889B02B, cid=19, FAILED org.apache.ratis.protocol.NotLeaderException: Server 41eb9e48-28e2-40bf-9fbd-6a61fe28873a is not the leader (null). Request must be sent to leader., logIndex=0, commits[41eb9e48-28e2-40bf-9fbd-6a61fe28873a:c-1]
2019-07-14 01:13:51,535 INFO  client.GrpcClientProtocolClient (GrpcClientProtocolClient.java:onNext(255)) - client-4AA168061694->4b5e2365-0792-493b-a732-2ddb2a0a00c3: receive RaftClientReply:client-4AA168061694->4b5e2365-0792-493b-a732-2ddb2a0a00c3@group-36A2F889B02B, cid=19, FAILED org.apache.ratis.protocol.NotLeaderException: Server 4b5e2365-0792-493b-a732-2ddb2a0a00c3 is not the leader (null). Request must be sent to leader., logIndex=0, commits[4b5e2365-0792-493b-a732-2ddb2a0a00c3:c-1]
2019-07-14 01:13:51,888 INFO  impl.FollowerState (FollowerState.java:run(106)) - a1ec0c5b-f624-44c0-a6a7-3c10e65c06c3:group-E6250951C5DD changes to CANDIDATE, lastRpcTime:5126, electionTimeout:5125ms
2019-07-14 01:13:51,888 INFO  impl.RoleInfo (RoleInfo.java:shutdownFollowerState(121)) - a1ec0c5b-f624-44c0-a6a7-3c10e65c06c3: shutdown FollowerState
2019-07-14 01:13:51,888 INFO  impl.RaftServerImpl (RaftServerImpl.java:setRole(171)) - a1ec0c5b-f624-44c0-a6a7-3c10e65c06c3:group-E6250951C5DD changes role from FOLLOWER to CANDIDATE at term 0 for changeToCandidate
2019-07-14 01:13:51,897 INFO  impl.RoleInfo (RoleInfo.java:updateAndGet(143)) - a1ec0c5b-f624-44c0-a6a7-3c10e65c06c3: start LeaderElection
2019-07-14 01:13:51,921 INFO  impl.LeaderElection (LeaderElection.java:askForVotes(181)) - a1ec0c5b-f624-44c0-a6a7-3c10e65c06c3:group-E6250951C5DD:LeaderElection1: begin an election at term 1 for -1: [a1ec0c5b-f624-44c0-a6a7-3c10e65c06c3:192.168.157.230:37189], old=null
2019-07-14 01:13:51,923 INFO  impl.RoleInfo (RoleInfo.java:shutdownLeaderElection(134)) - a1ec0c5b-f624-44c0-a6a7-3c10e65c06c3: shutdown LeaderElection
2019-07-14 01:13:51,924 INFO  impl.RaftServerImpl (RaftServerImpl.java:setRole(171)) - a1ec0c5b-f624-44c0-a6a7-3c10e65c06c3:group-E6250951C5DD changes role from CANDIDATE to LEADER at term 1 for changeToLeader
2019-07-14 01:13:51,925 INFO  impl.RaftServerImpl (ServerState.java:setLeader(263)) - a1ec0c5b-f624-44c0-a6a7-3c10e65c06c3:group-E6250951C5DD change Leader from null to a1ec0c5b-f624-44c0-a6a7-3c10e65c06c3 at term 1 for becomeLeader, leader elected after 5287ms
2019-07-14 01:13:51,935 INFO  server.RaftServerConfigKeys (ConfUtils.java:logGet(43)) - raft.server.staging.catchup.gap = 1000 (default)
2019-07-14 01:13:51,935 INFO  server.RaftServerConfigKeys (ConfUtils.java:logGet(43)) - raft.server.rpc.sleep.time = 25ms (default)
2019-07-14 01:13:51,939 INFO  server.RaftServerConfigKeys (ConfUtils.java:logGet(43)) - raft.server.write.element-limit = 4096 (default)
2019-07-14 01:13:51,942 INFO  server.RaftServerConfigKeys (ConfUtils.java:logGet(43)) - raft.server.watch.timeout = 10s (default)
2019-07-14 01:13:51,943 INFO  server.RaftServerConfigKeys (ConfUtils.java:logGet(43)) - raft.server.watch.timeout.denomination = 1s (default)
2019-07-14 01:13:51,944 INFO  server.RaftServerConfigKeys (ConfUtils.java:logGet(43)) - raft.server.watch.element-limit = 65536 (default)
2019-07-14 01:13:51,956 INFO  impl.RoleInfo (RoleInfo.java:updateAndGet(143)) - a1ec0c5b-f624-44c0-a6a7-3c10e65c06c3: start LeaderState
2019-07-14 01:13:51,985 INFO  segmented.SegmentedRaftLogWorker (SegmentedRaftLogWorker.java:startLogSegment(380)) - a1ec0c5b-f624-44c0-a6a7-3c10e65c06c3-SegmentedRaftLogWorker:Storage Directory /tmp/workdir/hadoop-ozone/integration-test/target/test-dir/MiniOzoneClusterImpl-b70dd109-4c8a-4825-92cf-da82a42132cf/datanode-0/data/ratis/a1ae3f60-8a1f-449e-9eb5-e6250951c5dd: Starting segment from index:0
2019-07-14 01:13:51,999 INFO  impl.RaftServerImpl (ServerState.java:setRaftConf(361)) - a1ec0c5b-f624-44c0-a6a7-3c10e65c06c3:group-E6250951C5DD set configuration 0: [a1ec0c5b-f624-44c0-a6a7-3c10e65c06c3:192.168.157.230:37189], old=null at 0
2019-07-14 01:13:52,050 INFO  impl.FollowerState (FollowerState.java:run(106)) - e4f3b87b-e2e3-4845-b52f-439ada87136d:group-C54BE6BB0796 changes to CANDIDATE, lastRpcTime:5056, electionTimeout:5054ms
2019-07-14 01:13:52,053 INFO  impl.RoleInfo (RoleInfo.java:shutdownFollowerState(121)) - e4f3b87b-e2e3-4845-b52f-439ada87136d: shutdown FollowerState
2019-07-14 01:13:52,053 INFO  impl.RaftServerImpl (RaftServerImpl.java:setRole(171)) - e4f3b87b-e2e3-4845-b52f-439ada87136d:group-C54BE6BB0796 changes role from FOLLOWER to CANDIDATE at term 0 for changeToCandidate
2019-07-14 01:13:52,053 INFO  impl.RoleInfo (RoleInfo.java:updateAndGet(143)) - e4f3b87b-e2e3-4845-b52f-439ada87136d: start LeaderElection
2019-07-14 01:13:52,076 INFO  impl.LeaderElection (LeaderElection.java:askForVotes(181)) - e4f3b87b-e2e3-4845-b52f-439ada87136d:group-C54BE6BB0796:LeaderElection2: begin an election at term 1 for -1: [e4f3b87b-e2e3-4845-b52f-439ada87136d:192.168.157.230:45517], old=null
2019-07-14 01:13:52,076 INFO  impl.RoleInfo (RoleInfo.java:shutdownLeaderElection(134)) - e4f3b87b-e2e3-4845-b52f-439ada87136d: shutdown LeaderElection
2019-07-14 01:13:52,076 INFO  impl.RaftServerImpl (RaftServerImpl.java:setRole(171)) - e4f3b87b-e2e3-4845-b52f-439ada87136d:group-C54BE6BB0796 changes role from CANDIDATE to LEADER at term 1 for changeToLeader
2019-07-14 01:13:52,076 INFO  impl.RaftServerImpl (ServerState.java:setLeader(263)) - e4f3b87b-e2e3-4845-b52f-439ada87136d:group-C54BE6BB0796 change Leader from null to e4f3b87b-e2e3-4845-b52f-439ada87136d at term 1 for becomeLeader, leader elected after 5090ms
2019-07-14 01:13:52,079 INFO  server.RaftServerConfigKeys (ConfUtils.java:logGet(43)) - raft.server.staging.catchup.gap = 1000 (default)
2019-07-14 01:13:52,079 INFO  server.RaftServerConfigKeys (ConfUtils.java:logGet(43)) - raft.server.rpc.sleep.time = 25ms (default)
2019-07-14 01:13:52,079 INFO  server.RaftServerConfigKeys (ConfUtils.java:logGet(43)) - raft.server.write.element-limit = 4096 (default)
2019-07-14 01:13:52,080 INFO  server.RaftServerConfigKeys (ConfUtils.java:logGet(43)) - raft.server.watch.timeout = 10s (default)
2019-07-14 01:13:52,080 INFO  server.RaftServerConfigKeys (ConfUtils.java:logGet(43)) - raft.server.watch.timeout.denomination = 1s (default)
2019-07-14 01:13:52,080 INFO  server.RaftServerConfigKeys (ConfUtils.java:logGet(43)) - raft.server.watch.element-limit = 65536 (default)
2019-07-14 01:13:52,080 INFO  impl.RoleInfo (RoleInfo.java:updateAndGet(143)) - e4f3b87b-e2e3-4845-b52f-439ada87136d: start LeaderState
2019-07-14 01:13:52,081 INFO  segmented.SegmentedRaftLogWorker (SegmentedRaftLogWorker.java:startLogSegment(380)) - e4f3b87b-e2e3-4845-b52f-439ada87136d-SegmentedRaftLogWorker:Storage Directory /tmp/workdir/hadoop-ozone/integration-test/target/test-dir/MiniOzoneClusterImpl-b70dd109-4c8a-4825-92cf-da82a42132cf/datanode-1/data/ratis/d5f2360a-d2b1-43c7-a520-c54be6bb0796: Starting segment from index:0
2019-07-14 01:13:52,081 INFO  impl.RaftServerImpl (ServerState.java:setRaftConf(361)) - e4f3b87b-e2e3-4845-b52f-439ada87136d:group-C54BE6BB0796 set configuration 0: [e4f3b87b-e2e3-4845-b52f-439ada87136d:192.168.157.230:45517], old=null at 0
2019-07-14 01:13:52,167 INFO  segmented.SegmentedRaftLogWorker (SegmentedRaftLogWorker.java:execute(569)) - a1ec0c5b-f624-44c0-a6a7-3c10e65c06c3-SegmentedRaftLogWorker:Storage Directory /tmp/workdir/hadoop-ozone/integration-test/target/test-dir/MiniOzoneClusterImpl-b70dd109-4c8a-4825-92cf-da82a42132cf/datanode-0/data/ratis/a1ae3f60-8a1f-449e-9eb5-e6250951c5dd: created new log segment /tmp/workdir/hadoop-ozone/integration-test/target/test-dir/MiniOzoneClusterImpl-b70dd109-4c8a-4825-92cf-da82a42132cf/datanode-0/data/ratis/a1ae3f60-8a1f-449e-9eb5-e6250951c5dd/current/log_inprogress_0
2019-07-14 01:13:52,167 INFO  segmented.SegmentedRaftLogWorker (SegmentedRaftLogWorker.java:execute(569)) - e4f3b87b-e2e3-4845-b52f-439ada87136d-SegmentedRaftLogWorker:Storage Directory /tmp/workdir/hadoop-ozone/integration-test/target/test-dir/MiniOzoneClusterImpl-b70dd109-4c8a-4825-92cf-da82a42132cf/datanode-1/data/ratis/d5f2360a-d2b1-43c7-a520-c54be6bb0796: created new log segment /tmp/workdir/hadoop-ozone/integration-test/target/test-dir/MiniOzoneClusterImpl-b70dd109-4c8a-4825-92cf-da82a42132cf/datanode-1/data/ratis/d5f2360a-d2b1-43c7-a520-c54be6bb0796/current/log_inprogress_0
2019-07-14 01:13:52,195 INFO  impl.FollowerState (FollowerState.java:run(106)) - 4b5e2365-0792-493b-a732-2ddb2a0a00c3:group-F278A992CFB5 changes to CANDIDATE, lastRpcTime:5094, electionTimeout:5094ms
2019-07-14 01:13:52,199 INFO  impl.RoleInfo (RoleInfo.java:shutdownFollowerState(121)) - 4b5e2365-0792-493b-a732-2ddb2a0a00c3: shutdown FollowerState
2019-07-14 01:13:52,199 INFO  impl.RaftServerImpl (RaftServerImpl.java:setRole(171)) - 4b5e2365-0792-493b-a732-2ddb2a0a00c3:group-F278A992CFB5 changes role from FOLLOWER to CANDIDATE at term 0 for changeToCandidate
2019-07-14 01:13:52,199 INFO  impl.RoleInfo (RoleInfo.java:updateAndGet(143)) - 4b5e2365-0792-493b-a732-2ddb2a0a00c3: start LeaderElection
2019-07-14 01:13:52,220 INFO  impl.LeaderElection (LeaderElection.java:askForVotes(181)) - 4b5e2365-0792-493b-a732-2ddb2a0a00c3:group-F278A992CFB5:LeaderElection3: begin an election at term 1 for -1: [4b5e2365-0792-493b-a732-2ddb2a0a00c3:192.168.157.230:42558], old=null
2019-07-14 01:13:52,225 INFO  impl.RoleInfo (RoleInfo.java:shutdownLeaderElection(134)) - 4b5e2365-0792-493b-a732-2ddb2a0a00c3: shutdown LeaderElection
2019-07-14 01:13:52,225 INFO  impl.RaftServerImpl (RaftServerImpl.java:setRole(171)) - 4b5e2365-0792-493b-a732-2ddb2a0a00c3:group-F278A992CFB5 changes role from CANDIDATE to LEADER at term 1 for changeToLeader
2019-07-14 01:13:52,225 INFO  impl.RaftServerImpl (ServerState.java:setLeader(263)) - 4b5e2365-0792-493b-a732-2ddb2a0a00c3:group-F278A992CFB5 change Leader from null to 4b5e2365-0792-493b-a732-2ddb2a0a00c3 at term 1 for becomeLeader, leader elected after 5130ms
2019-07-14 01:13:52,227 INFO  server.RaftServerConfigKeys (ConfUtils.java:logGet(43)) - raft.server.staging.catchup.gap = 1000 (default)
2019-07-14 01:13:52,228 INFO  server.RaftServerConfigKeys (ConfUtils.java:logGet(43)) - raft.server.rpc.sleep.time = 25ms (default)
2019-07-14 01:13:52,228 INFO  server.RaftServerConfigKeys (ConfUtils.java:logGet(43)) - raft.server.write.element-limit = 4096 (default)
2019-07-14 01:13:52,228 INFO  server.RaftServerConfigKeys (ConfUtils.java:logGet(43)) - raft.server.watch.timeout = 10s (default)
2019-07-14 01:13:52,228 INFO  server.RaftServerConfigKeys (ConfUtils.java:logGet(43)) - raft.server.watch.timeout.denomination = 1s (default)
2019-07-14 01:13:52,228 INFO  server.RaftServerConfigKeys (ConfUtils.java:logGet(43)) - raft.server.watch.element-limit = 65536 (default)
2019-07-14 01:13:52,229 INFO  impl.RoleInfo (RoleInfo.java:updateAndGet(143)) - 4b5e2365-0792-493b-a732-2ddb2a0a00c3: start LeaderState
2019-07-14 01:13:52,229 INFO  segmented.SegmentedRaftLogWorker (SegmentedRaftLogWorker.java:startLogSegment(380)) - 4b5e2365-0792-493b-a732-2ddb2a0a00c3-SegmentedRaftLogWorker:Storage Directory /tmp/workdir/hadoop-ozone/integration-test/target/test-dir/MiniOzoneClusterImpl-b70dd109-4c8a-4825-92cf-da82a42132cf/datanode-3/data/ratis/58f9939d-32b3-48af-9038-f278a992cfb5: Starting segment from index:0
2019-07-14 01:13:52,230 INFO  impl.RaftServerImpl (ServerState.java:setRaftConf(361)) - 4b5e2365-0792-493b-a732-2ddb2a0a00c3:group-F278A992CFB5 set configuration 0: [4b5e2365-0792-493b-a732-2ddb2a0a00c3:192.168.157.230:42558], old=null at 0
2019-07-14 01:13:52,248 INFO  impl.FollowerState (FollowerState.java:run(106)) - fb5e9d6f-50db-44c6-821d-074aef5524ac:group-5E90BC2B53E4 changes to CANDIDATE, lastRpcTime:5055, electionTimeout:5051ms
2019-07-14 01:13:52,249 INFO  impl.RoleInfo (RoleInfo.java:shutdownFollowerState(121)) - fb5e9d6f-50db-44c6-821d-074aef5524ac: shutdown FollowerState
2019-07-14 01:13:52,249 INFO  impl.RaftServerImpl (RaftServerImpl.java:setRole(171)) - fb5e9d6f-50db-44c6-821d-074aef5524ac:group-5E90BC2B53E4 changes role from FOLLOWER to CANDIDATE at term 0 for changeToCandidate
2019-07-14 01:13:52,249 INFO  impl.RoleInfo (RoleInfo.java:updateAndGet(143)) - fb5e9d6f-50db-44c6-821d-074aef5524ac: start LeaderElection
2019-07-14 01:13:52,262 INFO  segmented.SegmentedRaftLogWorker (SegmentedRaftLogWorker.java:execute(569)) - 4b5e2365-0792-493b-a732-2ddb2a0a00c3-SegmentedRaftLogWorker:Storage Directory /tmp/workdir/hadoop-ozone/integration-test/target/test-dir/MiniOzoneClusterImpl-b70dd109-4c8a-4825-92cf-da82a42132cf/datanode-3/data/ratis/58f9939d-32b3-48af-9038-f278a992cfb5: created new log segment /tmp/workdir/hadoop-ozone/integration-test/target/test-dir/MiniOzoneClusterImpl-b70dd109-4c8a-4825-92cf-da82a42132cf/datanode-3/data/ratis/58f9939d-32b3-48af-9038-f278a992cfb5/current/log_inprogress_0
2019-07-14 01:13:52,262 INFO  impl.LeaderElection (LeaderElection.java:askForVotes(181)) - fb5e9d6f-50db-44c6-821d-074aef5524ac:group-5E90BC2B53E4:LeaderElection4: begin an election at term 1 for -1: [fb5e9d6f-50db-44c6-821d-074aef5524ac:192.168.157.230:39011], old=null
2019-07-14 01:13:52,262 INFO  impl.RoleInfo (RoleInfo.java:shutdownLeaderElection(134)) - fb5e9d6f-50db-44c6-821d-074aef5524ac: shutdown LeaderElection
2019-07-14 01:13:52,262 INFO  impl.RaftServerImpl (RaftServerImpl.java:setRole(171)) - fb5e9d6f-50db-44c6-821d-074aef5524ac:group-5E90BC2B53E4 changes role from CANDIDATE to LEADER at term 1 for changeToLeader
2019-07-14 01:13:52,262 INFO  impl.RaftServerImpl (ServerState.java:setLeader(263)) - fb5e9d6f-50db-44c6-821d-074aef5524ac:group-5E90BC2B53E4 change Leader from null to fb5e9d6f-50db-44c6-821d-074aef5524ac at term 1 for becomeLeader, leader elected after 5075ms
2019-07-14 01:13:52,265 INFO  server.RaftServerConfigKeys (ConfUtils.java:logGet(43)) - raft.server.staging.catchup.gap = 1000 (default)
2019-07-14 01:13:52,265 INFO  server.RaftServerConfigKeys (ConfUtils.java:logGet(43)) - raft.server.rpc.sleep.time = 25ms (default)
2019-07-14 01:13:52,265 INFO  server.RaftServerConfigKeys (ConfUtils.java:logGet(43)) - raft.server.write.element-limit = 4096 (default)
2019-07-14 01:13:52,265 INFO  server.RaftServerConfigKeys (ConfUtils.java:logGet(43)) - raft.server.watch.timeout = 10s (default)
2019-07-14 01:13:52,266 INFO  server.RaftServerConfigKeys (ConfUtils.java:logGet(43)) - raft.server.watch.timeout.denomination = 1s (default)
2019-07-14 01:13:52,266 INFO  server.RaftServerConfigKeys (ConfUtils.java:logGet(43)) - raft.server.watch.element-limit = 65536 (default)
2019-07-14 01:13:52,266 INFO  impl.RoleInfo (RoleInfo.java:updateAndGet(143)) - fb5e9d6f-50db-44c6-821d-074aef5524ac: start LeaderState
2019-07-14 01:13:52,266 INFO  segmented.SegmentedRaftLogWorker (SegmentedRaftLogWorker.java:startLogSegment(380)) - fb5e9d6f-50db-44c6-821d-074aef5524ac-SegmentedRaftLogWorker:Storage Directory /tmp/workdir/hadoop-ozone/integration-test/target/test-dir/MiniOzoneClusterImpl-b70dd109-4c8a-4825-92cf-da82a42132cf/datanode-6/data/ratis/7443da7f-3d6e-4bb5-905a-5e90bc2b53e4: Starting segment from index:0
2019-07-14 01:13:52,267 INFO  impl.RaftServerImpl (ServerState.java:setRaftConf(361)) - fb5e9d6f-50db-44c6-821d-074aef5524ac:group-5E90BC2B53E4 set configuration 0: [fb5e9d6f-50db-44c6-821d-074aef5524ac:192.168.157.230:39011], old=null at 0
2019-07-14 01:13:52,299 INFO  segmented.SegmentedRaftLogWorker (SegmentedRaftLogWorker.java:execute(569)) - fb5e9d6f-50db-44c6-821d-074aef5524ac-SegmentedRaftLogWorker:Storage Directory /tmp/workdir/hadoop-ozone/integration-test/target/test-dir/MiniOzoneClusterImpl-b70dd109-4c8a-4825-92cf-da82a42132cf/datanode-6/data/ratis/7443da7f-3d6e-4bb5-905a-5e90bc2b53e4: created new log segment /tmp/workdir/hadoop-ozone/integration-test/target/test-dir/MiniOzoneClusterImpl-b70dd109-4c8a-4825-92cf-da82a42132cf/datanode-6/data/ratis/7443da7f-3d6e-4bb5-905a-5e90bc2b53e4/current/log_inprogress_0
2019-07-14 01:13:52,365 INFO  impl.FollowerState (FollowerState.java:run(106)) - a0b17703-4af1-46b4-9f63-82cc7d3bf30b:group-088337503A15 changes to CANDIDATE, lastRpcTime:5066, electionTimeout:5066ms
2019-07-14 01:13:52,366 INFO  impl.RoleInfo (RoleInfo.java:shutdownFollowerState(121)) - a0b17703-4af1-46b4-9f63-82cc7d3bf30b: shutdown FollowerState
2019-07-14 01:13:52,366 INFO  impl.RaftServerImpl (RaftServerImpl.java:setRole(171)) - a0b17703-4af1-46b4-9f63-82cc7d3bf30b:group-088337503A15 changes role from FOLLOWER to CANDIDATE at term 0 for changeToCandidate
2019-07-14 01:13:52,366 INFO  impl.RoleInfo (RoleInfo.java:updateAndGet(143)) - a0b17703-4af1-46b4-9f63-82cc7d3bf30b: start LeaderElection
2019-07-14 01:13:52,387 INFO  impl.LeaderElection (LeaderElection.java:askForVotes(181)) - a0b17703-4af1-46b4-9f63-82cc7d3bf30b:group-088337503A15:LeaderElection5: begin an election at term 1 for -1: [a0b17703-4af1-46b4-9f63-82cc7d3bf30b:192.168.157.230:36754], old=null
2019-07-14 01:13:52,390 INFO  impl.RoleInfo (RoleInfo.java:shutdownLeaderElection(134)) - a0b17703-4af1-46b4-9f63-82cc7d3bf30b: shutdown LeaderElection
2019-07-14 01:13:52,390 INFO  impl.RaftServerImpl (RaftServerImpl.java:setRole(171)) - a0b17703-4af1-46b4-9f63-82cc7d3bf30b:group-088337503A15 changes role from CANDIDATE to LEADER at term 1 for changeToLeader
2019-07-14 01:13:52,390 INFO  impl.RaftServerImpl (ServerState.java:setLeader(263)) - a0b17703-4af1-46b4-9f63-82cc7d3bf30b:group-088337503A15 change Leader from null to a0b17703-4af1-46b4-9f63-82cc7d3bf30b at term 1 for becomeLeader, leader elected after 5097ms
2019-07-14 01:13:52,393 INFO  server.RaftServerConfigKeys (ConfUtils.java:logGet(43)) - raft.server.staging.catchup.gap = 1000 (default)
2019-07-14 01:13:52,393 INFO  server.RaftServerConfigKeys (ConfUtils.java:logGet(43)) - raft.server.rpc.sleep.time = 25ms (default)
2019-07-14 01:13:52,394 INFO  server.RaftServerConfigKeys (ConfUtils.java:logGet(43)) - raft.server.write.element-limit = 4096 (default)
2019-07-14 01:13:52,394 INFO  server.RaftServerConfigKeys (ConfUtils.java:logGet(43)) - raft.server.watch.timeout = 10s (default)
2019-07-14 01:13:52,394 INFO  server.RaftServerConfigKeys (ConfUtils.java:logGet(43)) - raft.server.watch.timeout.denomination = 1s (default)
2019-07-14 01:13:52,394 INFO  server.RaftServerConfigKeys (ConfUtils.java:logGet(43)) - raft.server.watch.element-limit = 65536 (default)
2019-07-14 01:13:52,394 INFO  impl.RoleInfo (RoleInfo.java:updateAndGet(143)) - a0b17703-4af1-46b4-9f63-82cc7d3bf30b: start LeaderState
2019-07-14 01:13:52,395 INFO  segmented.SegmentedRaftLogWorker (SegmentedRaftLogWorker.java:startLogSegment(380)) - a0b17703-4af1-46b4-9f63-82cc7d3bf30b-SegmentedRaftLogWorker:Storage Directory /tmp/workdir/hadoop-ozone/integration-test/target/test-dir/MiniOzoneClusterImpl-b70dd109-4c8a-4825-92cf-da82a42132cf/datanode-4/data/ratis/acab7123-1231-4069-8a9a-088337503a15: Starting segment from index:0
2019-07-14 01:13:52,395 INFO  impl.RaftServerImpl (ServerState.java:setRaftConf(361)) - a0b17703-4af1-46b4-9f63-82cc7d3bf30b:group-088337503A15 set configuration 0: [a0b17703-4af1-46b4-9f63-82cc7d3bf30b:192.168.157.230:36754], old=null at 0
2019-07-14 01:13:52,430 INFO  segmented.SegmentedRaftLogWorker (SegmentedRaftLogWorker.java:execute(569)) - a0b17703-4af1-46b4-9f63-82cc7d3bf30b-SegmentedRaftLogWorker:Storage Directory /tmp/workdir/hadoop-ozone/integration-test/target/test-dir/MiniOzoneClusterImpl-b70dd109-4c8a-4825-92cf-da82a42132cf/datanode-4/data/ratis/acab7123-1231-4069-8a9a-088337503a15: created new log segment /tmp/workdir/hadoop-ozone/integration-test/target/test-dir/MiniOzoneClusterImpl-b70dd109-4c8a-4825-92cf-da82a42132cf/datanode-4/data/ratis/acab7123-1231-4069-8a9a-088337503a15/current/log_inprogress_0
2019-07-14 01:13:52,520 INFO  impl.FollowerState (FollowerState.java:run(106)) - 41eb9e48-28e2-40bf-9fbd-6a61fe28873a:group-4BEC443FBFAB changes to CANDIDATE, lastRpcTime:5135, electionTimeout:5135ms
2019-07-14 01:13:52,520 INFO  impl.RoleInfo (RoleInfo.java:shutdownFollowerState(121)) - 41eb9e48-28e2-40bf-9fbd-6a61fe28873a: shutdown FollowerState
2019-07-14 01:13:52,520 INFO  impl.RaftServerImpl (RaftServerImpl.java:setRole(171)) - 41eb9e48-28e2-40bf-9fbd-6a61fe28873a:group-4BEC443FBFAB changes role from FOLLOWER to CANDIDATE at term 0 for changeToCandidate
2019-07-14 01:13:52,520 INFO  impl.RoleInfo (RoleInfo.java:updateAndGet(143)) - 41eb9e48-28e2-40bf-9fbd-6a61fe28873a: start LeaderElection
2019-07-14 01:13:52,534 INFO  impl.FollowerState (FollowerState.java:run(106)) - 73147663-acac-447a-ba79-4fa08a8cbb5c:group-EC5AFBD1D554 changes to CANDIDATE, lastRpcTime:5071, electionTimeout:5071ms
2019-07-14 01:13:52,537 INFO  impl.RoleInfo (RoleInfo.java:shutdownFollowerState(121)) - 73147663-acac-447a-ba79-4fa08a8cbb5c: shutdown FollowerState
2019-07-14 01:13:52,537 INFO  impl.RaftServerImpl (RaftServerImpl.java:setRole(171)) - 73147663-acac-447a-ba79-4fa08a8cbb5c:group-EC5AFBD1D554 changes role from FOLLOWER to CANDIDATE at term 0 for changeToCandidate
2019-07-14 01:13:52,537 INFO  impl.RoleInfo (RoleInfo.java:updateAndGet(143)) - 73147663-acac-447a-ba79-4fa08a8cbb5c: start LeaderElection
2019-07-14 01:13:52,543 INFO  impl.LeaderElection (LeaderElection.java:askForVotes(181)) - 41eb9e48-28e2-40bf-9fbd-6a61fe28873a:group-4BEC443FBFAB:LeaderElection6: begin an election at term 1 for -1: [41eb9e48-28e2-40bf-9fbd-6a61fe28873a:192.168.157.230:38252], old=null
2019-07-14 01:13:52,543 INFO  impl.RoleInfo (RoleInfo.java:shutdownLeaderElection(134)) - 41eb9e48-28e2-40bf-9fbd-6a61fe28873a: shutdown LeaderElection
2019-07-14 01:13:52,543 INFO  impl.RaftServerImpl (RaftServerImpl.java:setRole(171)) - 41eb9e48-28e2-40bf-9fbd-6a61fe28873a:group-4BEC443FBFAB changes role from CANDIDATE to LEADER at term 1 for changeToLeader
2019-07-14 01:13:52,543 INFO  impl.RaftServerImpl (ServerState.java:setLeader(263)) - 41eb9e48-28e2-40bf-9fbd-6a61fe28873a:group-4BEC443FBFAB change Leader from null to 41eb9e48-28e2-40bf-9fbd-6a61fe28873a at term 1 for becomeLeader, leader elected after 5164ms
2019-07-14 01:13:52,546 INFO  server.RaftServerConfigKeys (ConfUtils.java:logGet(43)) - raft.server.staging.catchup.gap = 1000 (default)
2019-07-14 01:13:52,546 INFO  server.RaftServerConfigKeys (ConfUtils.java:logGet(43)) - raft.server.rpc.sleep.time = 25ms (default)
2019-07-14 01:13:52,546 INFO  server.RaftServerConfigKeys (ConfUtils.java:logGet(43)) - raft.server.write.element-limit = 4096 (default)
2019-07-14 01:13:52,546 INFO  server.RaftServerConfigKeys (ConfUtils.java:logGet(43)) - raft.server.watch.timeout = 10s (default)
2019-07-14 01:13:52,546 INFO  server.RaftServerConfigKeys (ConfUtils.java:logGet(43)) - raft.server.watch.timeout.denomination = 1s (default)
2019-07-14 01:13:52,547 INFO  server.RaftServerConfigKeys (ConfUtils.java:logGet(43)) - raft.server.watch.element-limit = 65536 (default)
2019-07-14 01:13:52,547 INFO  impl.RoleInfo (RoleInfo.java:updateAndGet(143)) - 41eb9e48-28e2-40bf-9fbd-6a61fe28873a: start LeaderState
2019-07-14 01:13:52,550 INFO  segmented.SegmentedRaftLogWorker (SegmentedRaftLogWorker.java:startLogSegment(380)) - 41eb9e48-28e2-40bf-9fbd-6a61fe28873a-SegmentedRaftLogWorker:Storage Directory /tmp/workdir/hadoop-ozone/integration-test/target/test-dir/MiniOzoneClusterImpl-b70dd109-4c8a-4825-92cf-da82a42132cf/datanode-9/data/ratis/1f26bc36-87dc-4ce4-a836-4bec443fbfab: Starting segment from index:0
2019-07-14 01:13:52,551 INFO  impl.RaftServerImpl (ServerState.java:setRaftConf(361)) - 41eb9e48-28e2-40bf-9fbd-6a61fe28873a:group-4BEC443FBFAB set configuration 0: [41eb9e48-28e2-40bf-9fbd-6a61fe28873a:192.168.157.230:38252], old=null at 0
2019-07-14 01:13:52,574 INFO  impl.LeaderElection (LeaderElection.java:askForVotes(181)) - 73147663-acac-447a-ba79-4fa08a8cbb5c:group-EC5AFBD1D554:LeaderElection7: begin an election at term 1 for -1: [73147663-acac-447a-ba79-4fa08a8cbb5c:192.168.157.230:44759], old=null
2019-07-14 01:13:52,574 INFO  impl.RoleInfo (RoleInfo.java:shutdownLeaderElection(134)) - 73147663-acac-447a-ba79-4fa08a8cbb5c: shutdown LeaderElection
2019-07-14 01:13:52,575 INFO  impl.RaftServerImpl (RaftServerImpl.java:setRole(171)) - 73147663-acac-447a-ba79-4fa08a8cbb5c:group-EC5AFBD1D554 changes role from CANDIDATE to LEADER at term 1 for changeToLeader
2019-07-14 01:13:52,575 INFO  impl.RaftServerImpl (ServerState.java:setLeader(263)) - 73147663-acac-447a-ba79-4fa08a8cbb5c:group-EC5AFBD1D554 change Leader from null to 73147663-acac-447a-ba79-4fa08a8cbb5c at term 1 for becomeLeader, leader elected after 5116ms
2019-07-14 01:13:52,577 INFO  server.RaftServerConfigKeys (ConfUtils.java:logGet(43)) - raft.server.staging.catchup.gap = 1000 (default)
2019-07-14 01:13:52,577 INFO  server.RaftServerConfigKeys (ConfUtils.java:logGet(43)) - raft.server.rpc.sleep.time = 25ms (default)
2019-07-14 01:13:52,578 INFO  server.RaftServerConfigKeys (ConfUtils.java:logGet(43)) - raft.server.write.element-limit = 4096 (default)
2019-07-14 01:13:52,578 INFO  server.RaftServerConfigKeys (ConfUtils.java:logGet(43)) - raft.server.watch.timeout = 10s (default)
2019-07-14 01:13:52,578 INFO  server.RaftServerConfigKeys (ConfUtils.java:logGet(43)) - raft.server.watch.timeout.denomination = 1s (default)
2019-07-14 01:13:52,578 INFO  server.RaftServerConfigKeys (ConfUtils.java:logGet(43)) - raft.server.watch.element-limit = 65536 (default)
2019-07-14 01:13:52,579 INFO  impl.RoleInfo (RoleInfo.java:updateAndGet(143)) - 73147663-acac-447a-ba79-4fa08a8cbb5c: start LeaderState
2019-07-14 01:13:52,579 INFO  segmented.SegmentedRaftLogWorker (SegmentedRaftLogWorker.java:startLogSegment(380)) - 73147663-acac-447a-ba79-4fa08a8cbb5c-SegmentedRaftLogWorker:Storage Directory /tmp/workdir/hadoop-ozone/integration-test/target/test-dir/MiniOzoneClusterImpl-b70dd109-4c8a-4825-92cf-da82a42132cf/datanode-7/data/ratis/59f4d819-b329-48f6-8041-ec5afbd1d554: Starting segment from index:0
2019-07-14 01:13:52,579 INFO  impl.RaftServerImpl (ServerState.java:setRaftConf(361)) - 73147663-acac-447a-ba79-4fa08a8cbb5c:group-EC5AFBD1D554 set configuration 0: [73147663-acac-447a-ba79-4fa08a8cbb5c:192.168.157.230:44759], old=null at 0
2019-07-14 01:13:52,601 INFO  segmented.SegmentedRaftLogWorker (SegmentedRaftLogWorker.java:execute(569)) - 41eb9e48-28e2-40bf-9fbd-6a61fe28873a-SegmentedRaftLogWorker:Storage Directory /tmp/workdir/hadoop-ozone/integration-test/target/test-dir/MiniOzoneClusterImpl-b70dd109-4c8a-4825-92cf-da82a42132cf/datanode-9/data/ratis/1f26bc36-87dc-4ce4-a836-4bec443fbfab: created new log segment /tmp/workdir/hadoop-ozone/integration-test/target/test-dir/MiniOzoneClusterImpl-b70dd109-4c8a-4825-92cf-da82a42132cf/datanode-9/data/ratis/1f26bc36-87dc-4ce4-a836-4bec443fbfab/current/log_inprogress_0
2019-07-14 01:13:52,613 INFO  client.GrpcClientProtocolClient (GrpcClientProtocolClient.java:onNext(255)) - client-4AA168061694->41eb9e48-28e2-40bf-9fbd-6a61fe28873a: receive RaftClientReply:client-4AA168061694->41eb9e48-28e2-40bf-9fbd-6a61fe28873a@group-36A2F889B02B, cid=19, FAILED org.apache.ratis.protocol.NotLeaderException: Server 41eb9e48-28e2-40bf-9fbd-6a61fe28873a is not the leader (null). Request must be sent to leader., logIndex=0, commits[41eb9e48-28e2-40bf-9fbd-6a61fe28873a:c-1]
2019-07-14 01:13:52,616 INFO  segmented.SegmentedRaftLogWorker (SegmentedRaftLogWorker.java:execute(569)) - 73147663-acac-447a-ba79-4fa08a8cbb5c-SegmentedRaftLogWorker:Storage Directory /tmp/workdir/hadoop-ozone/integration-test/target/test-dir/MiniOzoneClusterImpl-b70dd109-4c8a-4825-92cf-da82a42132cf/datanode-7/data/ratis/59f4d819-b329-48f6-8041-ec5afbd1d554: created new log segment /tmp/workdir/hadoop-ozone/integration-test/target/test-dir/MiniOzoneClusterImpl-b70dd109-4c8a-4825-92cf-da82a42132cf/datanode-7/data/ratis/59f4d819-b329-48f6-8041-ec5afbd1d554/current/log_inprogress_0
2019-07-14 01:13:52,619 INFO  impl.FollowerState (FollowerState.java:run(106)) - 7cb84e39-9597-4731-a5e7-7c957d291bd5:group-A7F1ADF590E1 changes to CANDIDATE, lastRpcTime:5026, electionTimeout:5025ms
2019-07-14 01:13:52,619 INFO  impl.RoleInfo (RoleInfo.java:shutdownFollowerState(121)) - 7cb84e39-9597-4731-a5e7-7c957d291bd5: shutdown FollowerState
2019-07-14 01:13:52,622 INFO  impl.RaftServerImpl (RaftServerImpl.java:setRole(171)) - 7cb84e39-9597-4731-a5e7-7c957d291bd5:group-A7F1ADF590E1 changes role from FOLLOWER to CANDIDATE at term 0 for changeToCandidate
2019-07-14 01:13:52,625 INFO  impl.RoleInfo (RoleInfo.java:updateAndGet(143)) - 7cb84e39-9597-4731-a5e7-7c957d291bd5: start LeaderElection
2019-07-14 01:13:52,649 INFO  impl.LeaderElection (LeaderElection.java:askForVotes(181)) - 7cb84e39-9597-4731-a5e7-7c957d291bd5:group-A7F1ADF590E1:LeaderElection8: begin an election at term 1 for -1: [7cb84e39-9597-4731-a5e7-7c957d291bd5:192.168.157.230:43330], old=null
2019-07-14 01:13:52,652 INFO  impl.RoleInfo (RoleInfo.java:shutdownLeaderElection(134)) - 7cb84e39-9597-4731-a5e7-7c957d291bd5: shutdown LeaderElection
2019-07-14 01:13:52,652 INFO  impl.RaftServerImpl (RaftServerImpl.java:setRole(171)) - 7cb84e39-9597-4731-a5e7-7c957d291bd5:group-A7F1ADF590E1 changes role from CANDIDATE to LEADER at term 1 for changeToLeader
2019-07-14 01:13:52,652 INFO  impl.RaftServerImpl (ServerState.java:setLeader(263)) - 7cb84e39-9597-4731-a5e7-7c957d291bd5:group-A7F1ADF590E1 change Leader from null to 7cb84e39-9597-4731-a5e7-7c957d291bd5 at term 1 for becomeLeader, leader elected after 5064ms
2019-07-14 01:13:52,655 INFO  server.RaftServerConfigKeys (ConfUtils.java:logGet(43)) - raft.server.staging.catchup.gap = 1000 (default)
2019-07-14 01:13:52,655 INFO  server.RaftServerConfigKeys (ConfUtils.java:logGet(43)) - raft.server.rpc.sleep.time = 25ms (default)
2019-07-14 01:13:52,655 INFO  server.RaftServerConfigKeys (ConfUtils.java:logGet(43)) - raft.server.write.element-limit = 4096 (default)
2019-07-14 01:13:52,656 INFO  server.RaftServerConfigKeys (ConfUtils.java:logGet(43)) - raft.server.watch.timeout = 10s (default)
2019-07-14 01:13:52,656 INFO  server.RaftServerConfigKeys (ConfUtils.java:logGet(43)) - raft.server.watch.timeout.denomination = 1s (default)
2019-07-14 01:13:52,656 INFO  server.RaftServerConfigKeys (ConfUtils.java:logGet(43)) - raft.server.watch.element-limit = 65536 (default)
2019-07-14 01:13:52,656 INFO  impl.RoleInfo (RoleInfo.java:updateAndGet(143)) - 7cb84e39-9597-4731-a5e7-7c957d291bd5: start LeaderState
2019-07-14 01:13:52,657 INFO  segmented.SegmentedRaftLogWorker (SegmentedRaftLogWorker.java:startLogSegment(380)) - 7cb84e39-9597-4731-a5e7-7c957d291bd5-SegmentedRaftLogWorker:Storage Directory /tmp/workdir/hadoop-ozone/integration-test/target/test-dir/MiniOzoneClusterImpl-b70dd109-4c8a-4825-92cf-da82a42132cf/datanode-8/data/ratis/52a000e2-ca83-407c-9bc3-a7f1adf590e1: Starting segment from index:0
2019-07-14 01:13:52,657 INFO  impl.RaftServerImpl (ServerState.java:setRaftConf(361)) - 7cb84e39-9597-4731-a5e7-7c957d291bd5:group-A7F1ADF590E1 set configuration 0: [7cb84e39-9597-4731-a5e7-7c957d291bd5:192.168.157.230:43330], old=null at 0
2019-07-14 01:13:52,693 INFO  segmented.SegmentedRaftLogWorker (SegmentedRaftLogWorker.java:execute(569)) - 7cb84e39-9597-4731-a5e7-7c957d291bd5-SegmentedRaftLogWorker:Storage Directory /tmp/workdir/hadoop-ozone/integration-test/target/test-dir/MiniOzoneClusterImpl-b70dd109-4c8a-4825-92cf-da82a42132cf/datanode-8/data/ratis/52a000e2-ca83-407c-9bc3-a7f1adf590e1: created new log segment /tmp/workdir/hadoop-ozone/integration-test/target/test-dir/MiniOzoneClusterImpl-b70dd109-4c8a-4825-92cf-da82a42132cf/datanode-8/data/ratis/52a000e2-ca83-407c-9bc3-a7f1adf590e1/current/log_inprogress_0
2019-07-14 01:13:52,794 INFO  impl.FollowerState (FollowerState.java:run(106)) - e50ba753-2da3-49fc-b02e-4b4c8371c5c8:group-8BFC06DE6CFC changes to CANDIDATE, lastRpcTime:5127, electionTimeout:5127ms
2019-07-14 01:13:52,794 INFO  impl.RoleInfo (RoleInfo.java:shutdownFollowerState(121)) - e50ba753-2da3-49fc-b02e-4b4c8371c5c8: shutdown FollowerState
2019-07-14 01:13:52,795 INFO  impl.RaftServerImpl (RaftServerImpl.java:setRole(171)) - e50ba753-2da3-49fc-b02e-4b4c8371c5c8:group-8BFC06DE6CFC changes role from FOLLOWER to CANDIDATE at term 0 for changeToCandidate
2019-07-14 01:13:52,795 INFO  impl.RoleInfo (RoleInfo.java:updateAndGet(143)) - e50ba753-2da3-49fc-b02e-4b4c8371c5c8: start LeaderElection
2019-07-14 01:13:52,817 INFO  impl.LeaderElection (LeaderElection.java:askForVotes(181)) - e50ba753-2da3-49fc-b02e-4b4c8371c5c8:group-8BFC06DE6CFC:LeaderElection9: begin an election at term 1 for -1: [e50ba753-2da3-49fc-b02e-4b4c8371c5c8:192.168.157.230:34873], old=null
2019-07-14 01:13:52,820 INFO  impl.RoleInfo (RoleInfo.java:shutdownLeaderElection(134)) - e50ba753-2da3-49fc-b02e-4b4c8371c5c8: shutdown LeaderElection
2019-07-14 01:13:52,820 INFO  impl.RaftServerImpl (RaftServerImpl.java:setRole(171)) - e50ba753-2da3-49fc-b02e-4b4c8371c5c8:group-8BFC06DE6CFC changes role from CANDIDATE to LEADER at term 1 for changeToLeader
2019-07-14 01:13:52,820 INFO  impl.RaftServerImpl (ServerState.java:setLeader(263)) - e50ba753-2da3-49fc-b02e-4b4c8371c5c8:group-8BFC06DE6CFC change Leader from null to e50ba753-2da3-49fc-b02e-4b4c8371c5c8 at term 1 for becomeLeader, leader elected after 5158ms
2019-07-14 01:13:52,823 INFO  server.RaftServerConfigKeys (ConfUtils.java:logGet(43)) - raft.server.staging.catchup.gap = 1000 (default)
2019-07-14 01:13:52,823 INFO  server.RaftServerConfigKeys (ConfUtils.java:logGet(43)) - raft.server.rpc.sleep.time = 25ms (default)
2019-07-14 01:13:52,823 INFO  server.RaftServerConfigKeys (ConfUtils.java:logGet(43)) - raft.server.write.element-limit = 4096 (default)
2019-07-14 01:13:52,823 INFO  server.RaftServerConfigKeys (ConfUtils.java:logGet(43)) - raft.server.watch.timeout = 10s (default)
2019-07-14 01:13:52,824 INFO  server.RaftServerConfigKeys (ConfUtils.java:logGet(43)) - raft.server.watch.timeout.denomination = 1s (default)
2019-07-14 01:13:52,824 INFO  server.RaftServerConfigKeys (ConfUtils.java:logGet(43)) - raft.server.watch.element-limit = 65536 (default)
2019-07-14 01:13:52,824 INFO  impl.RoleInfo (RoleInfo.java:updateAndGet(143)) - e50ba753-2da3-49fc-b02e-4b4c8371c5c8: start LeaderState
2019-07-14 01:13:52,824 INFO  segmented.SegmentedRaftLogWorker (SegmentedRaftLogWorker.java:startLogSegment(380)) - e50ba753-2da3-49fc-b02e-4b4c8371c5c8-SegmentedRaftLogWorker:Storage Directory /tmp/workdir/hadoop-ozone/integration-test/target/test-dir/MiniOzoneClusterImpl-b70dd109-4c8a-4825-92cf-da82a42132cf/datanode-2/data/ratis/b8975554-830a-42b8-a4a5-8bfc06de6cfc: Starting segment from index:0
2019-07-14 01:13:52,825 INFO  impl.RaftServerImpl (ServerState.java:setRaftConf(361)) - e50ba753-2da3-49fc-b02e-4b4c8371c5c8:group-8BFC06DE6CFC set configuration 0: [e50ba753-2da3-49fc-b02e-4b4c8371c5c8:192.168.157.230:34873], old=null at 0
2019-07-14 01:13:52,859 INFO  segmented.SegmentedRaftLogWorker (SegmentedRaftLogWorker.java:execute(569)) - e50ba753-2da3-49fc-b02e-4b4c8371c5c8-SegmentedRaftLogWorker:Storage Directory /tmp/workdir/hadoop-ozone/integration-test/target/test-dir/MiniOzoneClusterImpl-b70dd109-4c8a-4825-92cf-da82a42132cf/datanode-2/data/ratis/b8975554-830a-42b8-a4a5-8bfc06de6cfc: created new log segment /tmp/workdir/hadoop-ozone/integration-test/target/test-dir/MiniOzoneClusterImpl-b70dd109-4c8a-4825-92cf-da82a42132cf/datanode-2/data/ratis/b8975554-830a-42b8-a4a5-8bfc06de6cfc/current/log_inprogress_0
2019-07-14 01:13:52,947 INFO  impl.FollowerState (FollowerState.java:run(106)) - c31e701d-5e5f-4f21-bbe2-b76f5bb62129:group-8AF1995668DA changes to CANDIDATE, lastRpcTime:5163, electionTimeout:5163ms
2019-07-14 01:13:52,947 INFO  impl.RoleInfo (RoleInfo.java:shutdownFollowerState(121)) - c31e701d-5e5f-4f21-bbe2-b76f5bb62129: shutdown FollowerState
2019-07-14 01:13:52,947 INFO  impl.RaftServerImpl (RaftServerImpl.java:setRole(171)) - c31e701d-5e5f-4f21-bbe2-b76f5bb62129:group-8AF1995668DA changes role from FOLLOWER to CANDIDATE at term 0 for changeToCandidate
2019-07-14 01:13:52,948 INFO  impl.RoleInfo (RoleInfo.java:updateAndGet(143)) - c31e701d-5e5f-4f21-bbe2-b76f5bb62129: start LeaderElection
2019-07-14 01:13:52,970 INFO  impl.LeaderElection (LeaderElection.java:askForVotes(181)) - c31e701d-5e5f-4f21-bbe2-b76f5bb62129:group-8AF1995668DA:LeaderElection10: begin an election at term 1 for -1: [c31e701d-5e5f-4f21-bbe2-b76f5bb62129:192.168.157.230:43247], old=null
2019-07-14 01:13:52,973 INFO  impl.RoleInfo (RoleInfo.java:shutdownLeaderElection(134)) - c31e701d-5e5f-4f21-bbe2-b76f5bb62129: shutdown LeaderElection
2019-07-14 01:13:52,973 INFO  impl.RaftServerImpl (RaftServerImpl.java:setRole(171)) - c31e701d-5e5f-4f21-bbe2-b76f5bb62129:group-8AF1995668DA changes role from CANDIDATE to LEADER at term 1 for changeToLeader
2019-07-14 01:13:52,973 INFO  impl.RaftServerImpl (ServerState.java:setLeader(263)) - c31e701d-5e5f-4f21-bbe2-b76f5bb62129:group-8AF1995668DA change Leader from null to c31e701d-5e5f-4f21-bbe2-b76f5bb62129 at term 1 for becomeLeader, leader elected after 5200ms
2019-07-14 01:13:52,975 INFO  server.RaftServerConfigKeys (ConfUtils.java:logGet(43)) - raft.server.staging.catchup.gap = 1000 (default)
2019-07-14 01:13:52,976 INFO  server.RaftServerConfigKeys (ConfUtils.java:logGet(43)) - raft.server.rpc.sleep.time = 25ms (default)
2019-07-14 01:13:52,976 INFO  server.RaftServerConfigKeys (ConfUtils.java:logGet(43)) - raft.server.write.element-limit = 4096 (default)
2019-07-14 01:13:52,976 INFO  server.RaftServerConfigKeys (ConfUtils.java:logGet(43)) - raft.server.watch.timeout = 10s (default)
2019-07-14 01:13:52,976 INFO  server.RaftServerConfigKeys (ConfUtils.java:logGet(43)) - raft.server.watch.timeout.denomination = 1s (default)
2019-07-14 01:13:52,976 INFO  server.RaftServerConfigKeys (ConfUtils.java:logGet(43)) - raft.server.watch.element-limit = 65536 (default)
2019-07-14 01:13:52,977 INFO  impl.RoleInfo (RoleInfo.java:updateAndGet(143)) - c31e701d-5e5f-4f21-bbe2-b76f5bb62129: start LeaderState
2019-07-14 01:13:52,977 INFO  impl.FollowerState (FollowerState.java:run(106)) - e4f3b87b-e2e3-4845-b52f-439ada87136d:group-36A2F889B02B changes to CANDIDATE, lastRpcTime:5064, electionTimeout:5064ms
2019-07-14 01:13:52,977 INFO  segmented.SegmentedRaftLogWorker (SegmentedRaftLogWorker.java:startLogSegment(380)) - c31e701d-5e5f-4f21-bbe2-b76f5bb62129-SegmentedRaftLogWorker:Storage Directory /tmp/workdir/hadoop-ozone/integration-test/target/test-dir/MiniOzoneClusterImpl-b70dd109-4c8a-4825-92cf-da82a42132cf/datanode-5/data/ratis/6d7c2173-7ada-43f8-9872-8af1995668da: Starting segment from index:0
2019-07-14 01:13:52,977 INFO  impl.RoleInfo (RoleInfo.java:shutdownFollowerState(121)) - e4f3b87b-e2e3-4845-b52f-439ada87136d: shutdown FollowerState
2019-07-14 01:13:52,977 INFO  impl.RaftServerImpl (RaftServerImpl.java:setRole(171)) - e4f3b87b-e2e3-4845-b52f-439ada87136d:group-36A2F889B02B changes role from FOLLOWER to CANDIDATE at term 0 for changeToCandidate
2019-07-14 01:13:52,978 INFO  impl.RoleInfo (RoleInfo.java:updateAndGet(143)) - e4f3b87b-e2e3-4845-b52f-439ada87136d: start LeaderElection
2019-07-14 01:13:52,978 INFO  impl.RaftServerImpl (ServerState.java:setRaftConf(361)) - c31e701d-5e5f-4f21-bbe2-b76f5bb62129:group-8AF1995668DA set configuration 0: [c31e701d-5e5f-4f21-bbe2-b76f5bb62129:192.168.157.230:43247], old=null at 0
2019-07-14 01:13:53,013 INFO  segmented.SegmentedRaftLogWorker (SegmentedRaftLogWorker.java:execute(569)) - c31e701d-5e5f-4f21-bbe2-b76f5bb62129-SegmentedRaftLogWorker:Storage Directory /tmp/workdir/hadoop-ozone/integration-test/target/test-dir/MiniOzoneClusterImpl-b70dd109-4c8a-4825-92cf-da82a42132cf/datanode-5/data/ratis/6d7c2173-7ada-43f8-9872-8af1995668da: created new log segment /tmp/workdir/hadoop-ozone/integration-test/target/test-dir/MiniOzoneClusterImpl-b70dd109-4c8a-4825-92cf-da82a42132cf/datanode-5/data/ratis/6d7c2173-7ada-43f8-9872-8af1995668da/current/log_inprogress_0
2019-07-14 01:13:53,013 INFO  impl.LeaderElection (LeaderElection.java:askForVotes(181)) - e4f3b87b-e2e3-4845-b52f-439ada87136d:group-36A2F889B02B:LeaderElection11: begin an election at term 1 for -1: [4b5e2365-0792-493b-a732-2ddb2a0a00c3:192.168.157.230:42558, e4f3b87b-e2e3-4845-b52f-439ada87136d:192.168.157.230:45517, 41eb9e48-28e2-40bf-9fbd-6a61fe28873a:192.168.157.230:38252], old=null
2019-07-14 01:13:53,040 INFO  impl.RaftServerImpl (RaftServerImpl.java:setRole(171)) - 41eb9e48-28e2-40bf-9fbd-6a61fe28873a:group-36A2F889B02B changes role from FOLLOWER to FOLLOWER at term 1 for recognizeCandidate:e4f3b87b-e2e3-4845-b52f-439ada87136d
2019-07-14 01:13:53,040 INFO  impl.RaftServerImpl (RaftServerImpl.java:setRole(171)) - 4b5e2365-0792-493b-a732-2ddb2a0a00c3:group-36A2F889B02B changes role from FOLLOWER to FOLLOWER at term 1 for recognizeCandidate:e4f3b87b-e2e3-4845-b52f-439ada87136d
2019-07-14 01:13:53,045 INFO  impl.RoleInfo (RoleInfo.java:shutdownFollowerState(121)) - 41eb9e48-28e2-40bf-9fbd-6a61fe28873a: shutdown FollowerState
2019-07-14 01:13:53,046 INFO  impl.RoleInfo (RoleInfo.java:shutdownFollowerState(121)) - 4b5e2365-0792-493b-a732-2ddb2a0a00c3: shutdown FollowerState
2019-07-14 01:13:53,046 INFO  impl.RoleInfo (RoleInfo.java:updateAndGet(143)) - 41eb9e48-28e2-40bf-9fbd-6a61fe28873a: start FollowerState
2019-07-14 01:13:53,046 INFO  impl.RoleInfo (RoleInfo.java:updateAndGet(143)) - 4b5e2365-0792-493b-a732-2ddb2a0a00c3: start FollowerState
2019-07-14 01:13:53,046 INFO  impl.FollowerState (FollowerState.java:run(114)) - 4b5e2365-0792-493b-a732-2ddb2a0a00c3: FollowerState was interrupted: java.lang.InterruptedException: sleep interrupted
2019-07-14 01:13:53,082 INFO  impl.LeaderElection (LeaderElection.java:logAndReturn(56)) - e4f3b87b-e2e3-4845-b52f-439ada87136d:group-36A2F889B02B:LeaderElection11: Election PASSED; received 1 response(s) [e4f3b87b-e2e3-4845-b52f-439ada87136d<-41eb9e48-28e2-40bf-9fbd-6a61fe28873a#0:OK-t1] and 0 exception(s); e4f3b87b-e2e3-4845-b52f-439ada87136d:t1, leader=null, voted=e4f3b87b-e2e3-4845-b52f-439ada87136d, raftlog=e4f3b87b-e2e3-4845-b52f-439ada87136d-SegmentedRaftLog:OPENED:c-1,f-1,i0, conf=-1: [4b5e2365-0792-493b-a732-2ddb2a0a00c3:192.168.157.230:42558, e4f3b87b-e2e3-4845-b52f-439ada87136d:192.168.157.230:45517, 41eb9e48-28e2-40bf-9fbd-6a61fe28873a:192.168.157.230:38252], old=null
2019-07-14 01:13:53,082 INFO  impl.RoleInfo (RoleInfo.java:shutdownLeaderElection(134)) - e4f3b87b-e2e3-4845-b52f-439ada87136d: shutdown LeaderElection
2019-07-14 01:13:53,082 INFO  impl.RaftServerImpl (RaftServerImpl.java:setRole(171)) - e4f3b87b-e2e3-4845-b52f-439ada87136d:group-36A2F889B02B changes role from CANDIDATE to LEADER at term 1 for changeToLeader
2019-07-14 01:13:53,085 INFO  impl.RaftServerImpl (ServerState.java:setLeader(263)) - e4f3b87b-e2e3-4845-b52f-439ada87136d:group-36A2F889B02B change Leader from null to e4f3b87b-e2e3-4845-b52f-439ada87136d at term 1 for becomeLeader, leader elected after 5211ms
2019-07-14 01:13:53,086 INFO  server.RaftServerConfigKeys (ConfUtils.java:logGet(43)) - raft.server.staging.catchup.gap = 1000 (default)
2019-07-14 01:13:53,086 INFO  server.RaftServerConfigKeys (ConfUtils.java:logGet(43)) - raft.server.rpc.sleep.time = 25ms (default)
2019-07-14 01:13:53,086 INFO  server.RaftServerConfigKeys (ConfUtils.java:logGet(43)) - raft.server.write.element-limit = 4096 (default)
2019-07-14 01:13:53,087 INFO  server.RaftServerConfigKeys (ConfUtils.java:logGet(43)) - raft.server.watch.timeout = 10s (default)
2019-07-14 01:13:53,087 INFO  server.RaftServerConfigKeys (ConfUtils.java:logGet(43)) - raft.server.watch.timeout.denomination = 1s (default)
2019-07-14 01:13:53,087 INFO  server.RaftServerConfigKeys (ConfUtils.java:logGet(43)) - raft.server.watch.element-limit = 65536 (default)
2019-07-14 01:13:53,091 INFO  server.RaftServerConfigKeys (ConfUtils.java:logGet(43)) - raft.server.log.appender.snapshot.chunk.size.max = 16MB (=16777216) (default)
2019-07-14 01:13:53,091 INFO  server.RaftServerConfigKeys (ConfUtils.java:logGet(43)) - raft.server.log.appender.buffer.byte-limit = 33554432 (custom)
2019-07-14 01:13:53,092 INFO  server.RaftServerConfigKeys (ConfUtils.java:logGet(43)) - raft.server.log.appender.buffer.element-limit = 1 (custom)
2019-07-14 01:13:53,096 INFO  grpc.GrpcConfigKeys$Server (ConfUtils.java:logGet(43)) - raft.grpc.server.leader.outstanding.appends.max = 128 (default)
2019-07-14 01:13:53,099 INFO  server.RaftServerConfigKeys (ConfUtils.java:logGet(43)) - raft.server.rpc.request.timeout = 3000ms (default)
2019-07-14 01:13:53,099 INFO  server.RaftServerConfigKeys (ConfUtils.java:logGet(43)) - raft.server.log.appender.install.snapshot.enabled = false (custom)
2019-07-14 01:13:53,099 INFO  server.RaftServerConfigKeys (ConfUtils.java:logGet(43)) - raft.server.log.appender.snapshot.chunk.size.max = 16MB (=16777216) (default)
2019-07-14 01:13:53,099 INFO  server.RaftServerConfigKeys (ConfUtils.java:logGet(43)) - raft.server.log.appender.buffer.byte-limit = 33554432 (custom)
2019-07-14 01:13:53,100 INFO  server.RaftServerConfigKeys (ConfUtils.java:logGet(43)) - raft.server.log.appender.buffer.element-limit = 1 (custom)
2019-07-14 01:13:53,100 INFO  grpc.GrpcConfigKeys$Server (ConfUtils.java:logGet(43)) - raft.grpc.server.leader.outstanding.appends.max = 128 (default)
2019-07-14 01:13:53,100 INFO  server.RaftServerConfigKeys (ConfUtils.java:logGet(43)) - raft.server.rpc.request.timeout = 3000ms (default)
2019-07-14 01:13:53,100 INFO  server.RaftServerConfigKeys (ConfUtils.java:logGet(43)) - raft.server.log.appender.install.snapshot.enabled = false (custom)
2019-07-14 01:13:53,102 INFO  impl.RoleInfo (RoleInfo.java:updateAndGet(143)) - e4f3b87b-e2e3-4845-b52f-439ada87136d: start LeaderState
2019-07-14 01:13:53,102 INFO  segmented.SegmentedRaftLogWorker (SegmentedRaftLogWorker.java:startLogSegment(380)) - e4f3b87b-e2e3-4845-b52f-439ada87136d-SegmentedRaftLogWorker:Storage Directory /tmp/workdir/hadoop-ozone/integration-test/target/test-dir/MiniOzoneClusterImpl-b70dd109-4c8a-4825-92cf-da82a42132cf/datanode-1/data/ratis/0e6a2148-4b1e-412e-bc0b-36a2f889b02b: Starting segment from index:0
2019-07-14 01:13:53,104 INFO  impl.RaftServerImpl (ServerState.java:setRaftConf(361)) - e4f3b87b-e2e3-4845-b52f-439ada87136d:group-36A2F889B02B set configuration 0: [4b5e2365-0792-493b-a732-2ddb2a0a00c3:192.168.157.230:42558, e4f3b87b-e2e3-4845-b52f-439ada87136d:192.168.157.230:45517, 41eb9e48-28e2-40bf-9fbd-6a61fe28873a:192.168.157.230:38252], old=null at 0
2019-07-14 01:13:53,135 INFO  impl.FollowerState (FollowerState.java:run(106)) - 73147663-acac-447a-ba79-4fa08a8cbb5c:group-CE75AFBAE0CC changes to CANDIDATE, lastRpcTime:5089, electionTimeout:5087ms
2019-07-14 01:13:53,139 INFO  segmented.SegmentedRaftLogWorker (SegmentedRaftLogWorker.java:execute(569)) - e4f3b87b-e2e3-4845-b52f-439ada87136d-SegmentedRaftLogWorker:Storage Directory /tmp/workdir/hadoop-ozone/integration-test/target/test-dir/MiniOzoneClusterImpl-b70dd109-4c8a-4825-92cf-da82a42132cf/datanode-1/data/ratis/0e6a2148-4b1e-412e-bc0b-36a2f889b02b: created new log segment /tmp/workdir/hadoop-ozone/integration-test/target/test-dir/MiniOzoneClusterImpl-b70dd109-4c8a-4825-92cf-da82a42132cf/datanode-1/data/ratis/0e6a2148-4b1e-412e-bc0b-36a2f889b02b/current/log_inprogress_0
2019-07-14 01:13:53,139 INFO  impl.RoleInfo (RoleInfo.java:shutdownFollowerState(121)) - 73147663-acac-447a-ba79-4fa08a8cbb5c: shutdown FollowerState
2019-07-14 01:13:53,139 INFO  impl.RaftServerImpl (RaftServerImpl.java:setRole(171)) - 73147663-acac-447a-ba79-4fa08a8cbb5c:group-CE75AFBAE0CC changes role from FOLLOWER to CANDIDATE at term 0 for changeToCandidate
2019-07-14 01:13:53,140 INFO  impl.RoleInfo (RoleInfo.java:updateAndGet(143)) - 73147663-acac-447a-ba79-4fa08a8cbb5c: start LeaderElection
2019-07-14 01:13:53,152 INFO  impl.LeaderElection (LeaderElection.java:askForVotes(181)) - 73147663-acac-447a-ba79-4fa08a8cbb5c:group-CE75AFBAE0CC:LeaderElection12: begin an election at term 1 for -1: [73147663-acac-447a-ba79-4fa08a8cbb5c:192.168.157.230:44759, a0b17703-4af1-46b4-9f63-82cc7d3bf30b:192.168.157.230:36754, fb5e9d6f-50db-44c6-821d-074aef5524ac:192.168.157.230:39011], old=null
2019-07-14 01:13:53,165 INFO  impl.FollowerState (FollowerState.java:run(106)) - fb5e9d6f-50db-44c6-821d-074aef5524ac:group-CE75AFBAE0CC changes to CANDIDATE, lastRpcTime:5132, electionTimeout:5132ms
2019-07-14 01:13:53,165 INFO  impl.FollowerState (FollowerState.java:run(106)) - a0b17703-4af1-46b4-9f63-82cc7d3bf30b:group-CE75AFBAE0CC changes to CANDIDATE, lastRpcTime:5119, electionTimeout:5119ms
2019-07-14 01:13:53,165 INFO  impl.RoleInfo (RoleInfo.java:shutdownFollowerState(121)) - fb5e9d6f-50db-44c6-821d-074aef5524ac: shutdown FollowerState
2019-07-14 01:13:53,165 INFO  impl.RoleInfo (RoleInfo.java:shutdownFollowerState(121)) - a0b17703-4af1-46b4-9f63-82cc7d3bf30b: shutdown FollowerState
2019-07-14 01:13:53,165 INFO  impl.RaftServerImpl (RaftServerImpl.java:setRole(171)) - fb5e9d6f-50db-44c6-821d-074aef5524ac:group-CE75AFBAE0CC changes role from FOLLOWER to CANDIDATE at term 0 for changeToCandidate
2019-07-14 01:13:53,170 INFO  impl.RaftServerImpl (RaftServerImpl.java:setRole(171)) - a0b17703-4af1-46b4-9f63-82cc7d3bf30b:group-CE75AFBAE0CC changes role from FOLLOWER to CANDIDATE at term 0 for changeToCandidate
2019-07-14 01:13:53,172 INFO  impl.RoleInfo (RoleInfo.java:updateAndGet(143)) - fb5e9d6f-50db-44c6-821d-074aef5524ac: start LeaderElection
2019-07-14 01:13:53,172 INFO  impl.RaftServerImpl (ServerState.java:setLeader(263)) - 4b5e2365-0792-493b-a732-2ddb2a0a00c3:group-36A2F889B02B change Leader from null to e4f3b87b-e2e3-4845-b52f-439ada87136d at term 1 for appendEntries, leader elected after 5298ms
2019-07-14 01:13:53,172 INFO  impl.RoleInfo (RoleInfo.java:updateAndGet(143)) - a0b17703-4af1-46b4-9f63-82cc7d3bf30b: start LeaderElection
2019-07-14 01:13:53,172 INFO  impl.RaftServerImpl (ServerState.java:setLeader(263)) - 41eb9e48-28e2-40bf-9fbd-6a61fe28873a:group-36A2F889B02B change Leader from null to e4f3b87b-e2e3-4845-b52f-439ada87136d at term 1 for appendEntries, leader elected after 5295ms
2019-07-14 01:13:53,201 INFO  impl.LeaderElection (LeaderElection.java:askForVotes(181)) - a0b17703-4af1-46b4-9f63-82cc7d3bf30b:group-CE75AFBAE0CC:LeaderElection14: begin an election at term 1 for -1: [73147663-acac-447a-ba79-4fa08a8cbb5c:192.168.157.230:44759, a0b17703-4af1-46b4-9f63-82cc7d3bf30b:192.168.157.230:36754, fb5e9d6f-50db-44c6-821d-074aef5524ac:192.168.157.230:39011], old=null
2019-07-14 01:13:53,201 INFO  impl.LeaderElection (LeaderElection.java:askForVotes(181)) - fb5e9d6f-50db-44c6-821d-074aef5524ac:group-CE75AFBAE0CC:LeaderElection13: begin an election at term 1 for -1: [73147663-acac-447a-ba79-4fa08a8cbb5c:192.168.157.230:44759, a0b17703-4af1-46b4-9f63-82cc7d3bf30b:192.168.157.230:36754, fb5e9d6f-50db-44c6-821d-074aef5524ac:192.168.157.230:39011], old=null
2019-07-14 01:13:53,218 INFO  impl.LeaderElection (LeaderElection.java:logAndReturn(56)) - 73147663-acac-447a-ba79-4fa08a8cbb5c:group-CE75AFBAE0CC:LeaderElection12: Election REJECTED; received 2 response(s) [73147663-acac-447a-ba79-4fa08a8cbb5c<-a0b17703-4af1-46b4-9f63-82cc7d3bf30b#0:FAIL-t1, 73147663-acac-447a-ba79-4fa08a8cbb5c<-fb5e9d6f-50db-44c6-821d-074aef5524ac#0:FAIL-t1] and 0 exception(s); 73147663-acac-447a-ba79-4fa08a8cbb5c:t1, leader=null, voted=73147663-acac-447a-ba79-4fa08a8cbb5c, raftlog=73147663-acac-447a-ba79-4fa08a8cbb5c-SegmentedRaftLog:OPENED:c-1,f-1,i0, conf=-1: [73147663-acac-447a-ba79-4fa08a8cbb5c:192.168.157.230:44759, a0b17703-4af1-46b4-9f63-82cc7d3bf30b:192.168.157.230:36754, fb5e9d6f-50db-44c6-821d-074aef5524ac:192.168.157.230:39011], old=null
2019-07-14 01:13:53,218 INFO  impl.RaftServerImpl (RaftServerImpl.java:setRole(171)) - 73147663-acac-447a-ba79-4fa08a8cbb5c:group-CE75AFBAE0CC changes role from CANDIDATE to FOLLOWER at term 1 for DISCOVERED_A_NEW_TERM
2019-07-14 01:13:53,220 INFO  impl.RoleInfo (RoleInfo.java:shutdownLeaderElection(134)) - 73147663-acac-447a-ba79-4fa08a8cbb5c: shutdown LeaderElection
2019-07-14 01:13:53,220 INFO  impl.RoleInfo (RoleInfo.java:updateAndGet(143)) - 73147663-acac-447a-ba79-4fa08a8cbb5c: start FollowerState
2019-07-14 01:13:53,251 INFO  impl.FollowerState (FollowerState.java:run(106)) - a1ec0c5b-f624-44c0-a6a7-3c10e65c06c3:group-9205E730D1BD changes to CANDIDATE, lastRpcTime:5077, electionTimeout:5077ms
2019-07-14 01:13:53,253 INFO  impl.RoleInfo (RoleInfo.java:shutdownFollowerState(121)) - a1ec0c5b-f624-44c0-a6a7-3c10e65c06c3: shutdown FollowerState
2019-07-14 01:13:53,254 INFO  impl.RaftServerImpl (RaftServerImpl.java:setRole(171)) - a1ec0c5b-f624-44c0-a6a7-3c10e65c06c3:group-9205E730D1BD changes role from FOLLOWER to CANDIDATE at term 0 for changeToCandidate
2019-07-14 01:13:53,254 INFO  impl.RoleInfo (RoleInfo.java:updateAndGet(143)) - a1ec0c5b-f624-44c0-a6a7-3c10e65c06c3: start LeaderElection
2019-07-14 01:13:53,254 INFO  impl.LeaderElection (LeaderElection.java:logAndReturn(56)) - a0b17703-4af1-46b4-9f63-82cc7d3bf30b:group-CE75AFBAE0CC:LeaderElection14: Election REJECTED; received 2 response(s) [a0b17703-4af1-46b4-9f63-82cc7d3bf30b<-73147663-acac-447a-ba79-4fa08a8cbb5c#0:FAIL-t1, a0b17703-4af1-46b4-9f63-82cc7d3bf30b<-fb5e9d6f-50db-44c6-821d-074aef5524ac#0:FAIL-t1] and 0 exception(s); a0b17703-4af1-46b4-9f63-82cc7d3bf30b:t1, leader=null, voted=a0b17703-4af1-46b4-9f63-82cc7d3bf30b, raftlog=a0b17703-4af1-46b4-9f63-82cc7d3bf30b-SegmentedRaftLog:OPENED:c-1,f-1,i0, conf=-1: [73147663-acac-447a-ba79-4fa08a8cbb5c:192.168.157.230:44759, a0b17703-4af1-46b4-9f63-82cc7d3bf30b:192.168.157.230:36754, fb5e9d6f-50db-44c6-821d-074aef5524ac:192.168.157.230:39011], old=null
2019-07-14 01:13:53,256 INFO  impl.RaftServerImpl (RaftServerImpl.java:setRole(171)) - a0b17703-4af1-46b4-9f63-82cc7d3bf30b:group-CE75AFBAE0CC changes role from CANDIDATE to FOLLOWER at term 1 for DISCOVERED_A_NEW_TERM
2019-07-14 01:13:53,270 INFO  impl.RoleInfo (RoleInfo.java:shutdownLeaderElection(134)) - a0b17703-4af1-46b4-9f63-82cc7d3bf30b: shutdown LeaderElection
2019-07-14 01:13:53,276 INFO  impl.RoleInfo (RoleInfo.java:updateAndGet(143)) - a0b17703-4af1-46b4-9f63-82cc7d3bf30b: start FollowerState
2019-07-14 01:13:53,279 INFO  impl.LeaderElection (LeaderElection.java:logAndReturn(56)) - fb5e9d6f-50db-44c6-821d-074aef5524ac:group-CE75AFBAE0CC:LeaderElection13: Election REJECTED; received 2 response(s) [fb5e9d6f-50db-44c6-821d-074aef5524ac<-73147663-acac-447a-ba79-4fa08a8cbb5c#0:FAIL-t1, fb5e9d6f-50db-44c6-821d-074aef5524ac<-a0b17703-4af1-46b4-9f63-82cc7d3bf30b#0:FAIL-t1] and 0 exception(s); fb5e9d6f-50db-44c6-821d-074aef5524ac:t1, leader=null, voted=fb5e9d6f-50db-44c6-821d-074aef5524ac, raftlog=fb5e9d6f-50db-44c6-821d-074aef5524ac-SegmentedRaftLog:OPENED:c-1,f-1,i0, conf=-1: [73147663-acac-447a-ba79-4fa08a8cbb5c:192.168.157.230:44759, a0b17703-4af1-46b4-9f63-82cc7d3bf30b:192.168.157.230:36754, fb5e9d6f-50db-44c6-821d-074aef5524ac:192.168.157.230:39011], old=null
2019-07-14 01:13:53,281 INFO  impl.RaftServerImpl (RaftServerImpl.java:setRole(171)) - fb5e9d6f-50db-44c6-821d-074aef5524ac:group-CE75AFBAE0CC changes role from CANDIDATE to FOLLOWER at term 1 for DISCOVERED_A_NEW_TERM
2019-07-14 01:13:53,304 INFO  impl.RoleInfo (RoleInfo.java:shutdownLeaderElection(134)) - fb5e9d6f-50db-44c6-821d-074aef5524ac: shutdown LeaderElection
2019-07-14 01:13:53,304 INFO  impl.LeaderElection (LeaderElection.java:askForVotes(181)) - a1ec0c5b-f624-44c0-a6a7-3c10e65c06c3:group-9205E730D1BD:LeaderElection15: begin an election at term 1 for -1: [e50ba753-2da3-49fc-b02e-4b4c8371c5c8:192.168.157.230:34873, 7cb84e39-9597-4731-a5e7-7c957d291bd5:192.168.157.230:43330, a1ec0c5b-f624-44c0-a6a7-3c10e65c06c3:192.168.157.230:37189], old=null
2019-07-14 01:13:53,306 INFO  impl.RoleInfo (RoleInfo.java:updateAndGet(143)) - fb5e9d6f-50db-44c6-821d-074aef5524ac: start FollowerState
2019-07-14 01:13:53,324 INFO  impl.RaftServerImpl (RaftServerImpl.java:setRole(171)) - 7cb84e39-9597-4731-a5e7-7c957d291bd5:group-9205E730D1BD changes role from FOLLOWER to FOLLOWER at term 1 for recognizeCandidate:a1ec0c5b-f624-44c0-a6a7-3c10e65c06c3
2019-07-14 01:13:53,324 INFO  impl.RaftServerImpl (RaftServerImpl.java:setRole(171)) - e50ba753-2da3-49fc-b02e-4b4c8371c5c8:group-9205E730D1BD changes role from FOLLOWER to FOLLOWER at term 1 for recognizeCandidate:a1ec0c5b-f624-44c0-a6a7-3c10e65c06c3
2019-07-14 01:13:53,325 INFO  impl.RoleInfo (RoleInfo.java:shutdownFollowerState(121)) - 7cb84e39-9597-4731-a5e7-7c957d291bd5: shutdown FollowerState
2019-07-14 01:13:53,325 INFO  impl.RoleInfo (RoleInfo.java:shutdownFollowerState(121)) - e50ba753-2da3-49fc-b02e-4b4c8371c5c8: shutdown FollowerState
2019-07-14 01:13:53,325 INFO  impl.FollowerState (FollowerState.java:run(114)) - 7cb84e39-9597-4731-a5e7-7c957d291bd5: FollowerState was interrupted: java.lang.InterruptedException: sleep interrupted
2019-07-14 01:13:53,326 INFO  impl.FollowerState (FollowerState.java:run(114)) - e50ba753-2da3-49fc-b02e-4b4c8371c5c8: FollowerState was interrupted: java.lang.InterruptedException: sleep interrupted
2019-07-14 01:13:53,325 INFO  impl.RoleInfo (RoleInfo.java:updateAndGet(143)) - 7cb84e39-9597-4731-a5e7-7c957d291bd5: start FollowerState
2019-07-14 01:13:53,326 INFO  impl.RoleInfo (RoleInfo.java:updateAndGet(143)) - e50ba753-2da3-49fc-b02e-4b4c8371c5c8: start FollowerState
2019-07-14 01:13:53,332 INFO  impl.RaftServerImpl (ServerState.java:setRaftConf(361)) - 4b5e2365-0792-493b-a732-2ddb2a0a00c3:group-36A2F889B02B set configuration 0: [4b5e2365-0792-493b-a732-2ddb2a0a00c3:192.168.157.230:42558, e4f3b87b-e2e3-4845-b52f-439ada87136d:192.168.157.230:45517, 41eb9e48-28e2-40bf-9fbd-6a61fe28873a:192.168.157.230:38252], old=null at 0
2019-07-14 01:13:53,332 INFO  impl.RaftServerImpl (ServerState.java:setRaftConf(361)) - 41eb9e48-28e2-40bf-9fbd-6a61fe28873a:group-36A2F889B02B set configuration 0: [4b5e2365-0792-493b-a732-2ddb2a0a00c3:192.168.157.230:42558, e4f3b87b-e2e3-4845-b52f-439ada87136d:192.168.157.230:45517, 41eb9e48-28e2-40bf-9fbd-6a61fe28873a:192.168.157.230:38252], old=null at 0
2019-07-14 01:13:53,332 INFO  segmented.SegmentedRaftLogWorker (SegmentedRaftLogWorker.java:startLogSegment(380)) - 4b5e2365-0792-493b-a732-2ddb2a0a00c3-SegmentedRaftLogWorker:Storage Directory /tmp/workdir/hadoop-ozone/integration-test/target/test-dir/MiniOzoneClusterImpl-b70dd109-4c8a-4825-92cf-da82a42132cf/datanode-3/data/ratis/0e6a2148-4b1e-412e-bc0b-36a2f889b02b: Starting segment from index:0
2019-07-14 01:13:53,332 INFO  segmented.SegmentedRaftLogWorker (SegmentedRaftLogWorker.java:startLogSegment(380)) - 41eb9e48-28e2-40bf-9fbd-6a61fe28873a-SegmentedRaftLogWorker:Storage Directory /tmp/workdir/hadoop-ozone/integration-test/target/test-dir/MiniOzoneClusterImpl-b70dd109-4c8a-4825-92cf-da82a42132cf/datanode-9/data/ratis/0e6a2148-4b1e-412e-bc0b-36a2f889b02b: Starting segment from index:0
2019-07-14 01:13:53,353 INFO  impl.LeaderElection (LeaderElection.java:logAndReturn(56)) - a1ec0c5b-f624-44c0-a6a7-3c10e65c06c3:group-9205E730D1BD:LeaderElection15: Election PASSED; received 1 response(s) [a1ec0c5b-f624-44c0-a6a7-3c10e65c06c3<-7cb84e39-9597-4731-a5e7-7c957d291bd5#0:OK-t1] and 0 exception(s); a1ec0c5b-f624-44c0-a6a7-3c10e65c06c3:t1, leader=null, voted=a1ec0c5b-f624-44c0-a6a7-3c10e65c06c3, raftlog=a1ec0c5b-f624-44c0-a6a7-3c10e65c06c3-SegmentedRaftLog:OPENED:c-1,f-1,i0, conf=-1: [e50ba753-2da3-49fc-b02e-4b4c8371c5c8:192.168.157.230:34873, 7cb84e39-9597-4731-a5e7-7c957d291bd5:192.168.157.230:43330, a1ec0c5b-f624-44c0-a6a7-3c10e65c06c3:192.168.157.230:37189], old=null
2019-07-14 01:13:53,354 INFO  impl.RoleInfo (RoleInfo.java:shutdownLeaderElection(134)) - a1ec0c5b-f624-44c0-a6a7-3c10e65c06c3: shutdown LeaderElection
2019-07-14 01:13:53,357 INFO  impl.RaftServerImpl (RaftServerImpl.java:setRole(171)) - a1ec0c5b-f624-44c0-a6a7-3c10e65c06c3:group-9205E730D1BD changes role from CANDIDATE to LEADER at term 1 for changeToLeader
2019-07-14 01:13:53,357 INFO  impl.RaftServerImpl (ServerState.java:setLeader(263)) - a1ec0c5b-f624-44c0-a6a7-3c10e65c06c3:group-9205E730D1BD change Leader from null to a1ec0c5b-f624-44c0-a6a7-3c10e65c06c3 at term 1 for becomeLeader, leader elected after 5213ms
2019-07-14 01:13:53,357 INFO  server.RaftServerConfigKeys (ConfUtils.java:logGet(43)) - raft.server.staging.catchup.gap = 1000 (default)
2019-07-14 01:13:53,357 INFO  server.RaftServerConfigKeys (ConfUtils.java:logGet(43)) - raft.server.rpc.sleep.time = 25ms (default)
2019-07-14 01:13:53,357 INFO  server.RaftServerConfigKeys (ConfUtils.java:logGet(43)) - raft.server.write.element-limit = 4096 (default)
2019-07-14 01:13:53,357 INFO  server.RaftServerConfigKeys (ConfUtils.java:logGet(43)) - raft.server.watch.timeout = 10s (default)
2019-07-14 01:13:53,358 INFO  server.RaftServerConfigKeys (ConfUtils.java:logGet(43)) - raft.server.watch.timeout.denomination = 1s (default)
2019-07-14 01:13:53,358 INFO  server.RaftServerConfigKeys (ConfUtils.java:logGet(43)) - raft.server.watch.element-limit = 65536 (default)
2019-07-14 01:13:53,358 INFO  server.RaftServerConfigKeys (ConfUtils.java:logGet(43)) - raft.server.log.appender.snapshot.chunk.size.max = 16MB (=16777216) (default)
2019-07-14 01:13:53,358 INFO  server.RaftServerConfigKeys (ConfUtils.java:logGet(43)) - raft.server.log.appender.buffer.byte-limit = 33554432 (custom)
2019-07-14 01:13:53,358 INFO  server.RaftServerConfigKeys (ConfUtils.java:logGet(43)) - raft.server.log.appender.buffer.element-limit = 1 (custom)
2019-07-14 01:13:53,359 INFO  grpc.GrpcConfigKeys$Server (ConfUtils.java:logGet(43)) - raft.grpc.server.leader.outstanding.appends.max = 128 (default)
2019-07-14 01:13:53,359 INFO  server.RaftServerConfigKeys (ConfUtils.java:logGet(43)) - raft.server.rpc.request.timeout = 3000ms (default)
2019-07-14 01:13:53,359 INFO  server.RaftServerConfigKeys (ConfUtils.java:logGet(43)) - raft.server.log.appender.install.snapshot.enabled = false (custom)
2019-07-14 01:13:53,359 INFO  server.RaftServerConfigKeys (ConfUtils.java:logGet(43)) - raft.server.log.appender.snapshot.chunk.size.max = 16MB (=16777216) (default)
2019-07-14 01:13:53,359 INFO  server.RaftServerConfigKeys (ConfUtils.java:logGet(43)) - raft.server.log.appender.buffer.byte-limit = 33554432 (custom)
2019-07-14 01:13:53,359 INFO  server.RaftServerConfigKeys (ConfUtils.java:logGet(43)) - raft.server.log.appender.buffer.element-limit = 1 (custom)
2019-07-14 01:13:53,360 INFO  grpc.GrpcConfigKeys$Server (ConfUtils.java:logGet(43)) - raft.grpc.server.leader.outstanding.appends.max = 128 (default)
2019-07-14 01:13:53,360 INFO  server.RaftServerConfigKeys (ConfUtils.java:logGet(43)) - raft.server.rpc.request.timeout = 3000ms (default)
2019-07-14 01:13:53,360 INFO  server.RaftServerConfigKeys (ConfUtils.java:logGet(43)) - raft.server.log.appender.install.snapshot.enabled = false (custom)
2019-07-14 01:13:53,360 INFO  impl.RoleInfo (RoleInfo.java:updateAndGet(143)) - a1ec0c5b-f624-44c0-a6a7-3c10e65c06c3: start LeaderState
2019-07-14 01:13:53,360 INFO  segmented.SegmentedRaftLogWorker (SegmentedRaftLogWorker.java:startLogSegment(380)) - a1ec0c5b-f624-44c0-a6a7-3c10e65c06c3-SegmentedRaftLogWorker:Storage Directory /tmp/workdir/hadoop-ozone/integration-test/target/test-dir/MiniOzoneClusterImpl-b70dd109-4c8a-4825-92cf-da82a42132cf/datanode-0/data/ratis/ff95ee01-1964-47a5-9b06-9205e730d1bd: Starting segment from index:0
2019-07-14 01:13:53,361 INFO  impl.RaftServerImpl (ServerState.java:setRaftConf(361)) - a1ec0c5b-f624-44c0-a6a7-3c10e65c06c3:group-9205E730D1BD set configuration 0: [e50ba753-2da3-49fc-b02e-4b4c8371c5c8:192.168.157.230:34873, 7cb84e39-9597-4731-a5e7-7c957d291bd5:192.168.157.230:43330, a1ec0c5b-f624-44c0-a6a7-3c10e65c06c3:192.168.157.230:37189], old=null at 0
2019-07-14 01:13:53,378 INFO  segmented.SegmentedRaftLogWorker (SegmentedRaftLogWorker.java:execute(569)) - 4b5e2365-0792-493b-a732-2ddb2a0a00c3-SegmentedRaftLogWorker:Storage Directory /tmp/workdir/hadoop-ozone/integration-test/target/test-dir/MiniOzoneClusterImpl-b70dd109-4c8a-4825-92cf-da82a42132cf/datanode-3/data/ratis/0e6a2148-4b1e-412e-bc0b-36a2f889b02b: created new log segment /tmp/workdir/hadoop-ozone/integration-test/target/test-dir/MiniOzoneClusterImpl-b70dd109-4c8a-4825-92cf-da82a42132cf/datanode-3/data/ratis/0e6a2148-4b1e-412e-bc0b-36a2f889b02b/current/log_inprogress_0
2019-07-14 01:13:53,381 INFO  segmented.SegmentedRaftLogWorker (SegmentedRaftLogWorker.java:execute(569)) - 41eb9e48-28e2-40bf-9fbd-6a61fe28873a-SegmentedRaftLogWorker:Storage Directory /tmp/workdir/hadoop-ozone/integration-test/target/test-dir/MiniOzoneClusterImpl-b70dd109-4c8a-4825-92cf-da82a42132cf/datanode-9/data/ratis/0e6a2148-4b1e-412e-bc0b-36a2f889b02b: created new log segment /tmp/workdir/hadoop-ozone/integration-test/target/test-dir/MiniOzoneClusterImpl-b70dd109-4c8a-4825-92cf-da82a42132cf/datanode-9/data/ratis/0e6a2148-4b1e-412e-bc0b-36a2f889b02b/current/log_inprogress_0
2019-07-14 01:13:53,386 INFO  impl.RaftServerImpl (ServerState.java:setLeader(263)) - 7cb84e39-9597-4731-a5e7-7c957d291bd5:group-9205E730D1BD change Leader from null to a1ec0c5b-f624-44c0-a6a7-3c10e65c06c3 at term 1 for appendEntries, leader elected after 5243ms
2019-07-14 01:13:53,396 INFO  segmented.SegmentedRaftLogWorker (SegmentedRaftLogWorker.java:execute(569)) - a1ec0c5b-f624-44c0-a6a7-3c10e65c06c3-SegmentedRaftLogWorker:Storage Directory /tmp/workdir/hadoop-ozone/integration-test/target/test-dir/MiniOzoneClusterImpl-b70dd109-4c8a-4825-92cf-da82a42132cf/datanode-0/data/ratis/ff95ee01-1964-47a5-9b06-9205e730d1bd: created new log segment /tmp/workdir/hadoop-ozone/integration-test/target/test-dir/MiniOzoneClusterImpl-b70dd109-4c8a-4825-92cf-da82a42132cf/datanode-0/data/ratis/ff95ee01-1964-47a5-9b06-9205e730d1bd/current/log_inprogress_0
2019-07-14 01:13:53,386 INFO  impl.RaftServerImpl (ServerState.java:setLeader(263)) - e50ba753-2da3-49fc-b02e-4b4c8371c5c8:group-9205E730D1BD change Leader from null to a1ec0c5b-f624-44c0-a6a7-3c10e65c06c3 at term 1 for appendEntries, leader elected after 5243ms
2019-07-14 01:13:53,400 INFO  impl.RaftServerImpl (ServerState.java:setRaftConf(361)) - 7cb84e39-9597-4731-a5e7-7c957d291bd5:group-9205E730D1BD set configuration 0: [e50ba753-2da3-49fc-b02e-4b4c8371c5c8:192.168.157.230:34873, 7cb84e39-9597-4731-a5e7-7c957d291bd5:192.168.157.230:43330, a1ec0c5b-f624-44c0-a6a7-3c10e65c06c3:192.168.157.230:37189], old=null at 0
2019-07-14 01:13:53,400 INFO  segmented.SegmentedRaftLogWorker (SegmentedRaftLogWorker.java:startLogSegment(380)) - 7cb84e39-9597-4731-a5e7-7c957d291bd5-SegmentedRaftLogWorker:Storage Directory /tmp/workdir/hadoop-ozone/integration-test/target/test-dir/MiniOzoneClusterImpl-b70dd109-4c8a-4825-92cf-da82a42132cf/datanode-8/data/ratis/ff95ee01-1964-47a5-9b06-9205e730d1bd: Starting segment from index:0
2019-07-14 01:13:53,401 INFO  impl.RaftServerImpl (ServerState.java:setRaftConf(361)) - e50ba753-2da3-49fc-b02e-4b4c8371c5c8:group-9205E730D1BD set configuration 0: [e50ba753-2da3-49fc-b02e-4b4c8371c5c8:192.168.157.230:34873, 7cb84e39-9597-4731-a5e7-7c957d291bd5:192.168.157.230:43330, a1ec0c5b-f624-44c0-a6a7-3c10e65c06c3:192.168.157.230:37189], old=null at 0
2019-07-14 01:13:53,401 INFO  segmented.SegmentedRaftLogWorker (SegmentedRaftLogWorker.java:startLogSegment(380)) - e50ba753-2da3-49fc-b02e-4b4c8371c5c8-SegmentedRaftLogWorker:Storage Directory /tmp/workdir/hadoop-ozone/integration-test/target/test-dir/MiniOzoneClusterImpl-b70dd109-4c8a-4825-92cf-da82a42132cf/datanode-2/data/ratis/ff95ee01-1964-47a5-9b06-9205e730d1bd: Starting segment from index:0
2019-07-14 01:13:53,428 INFO  segmented.SegmentedRaftLogWorker (SegmentedRaftLogWorker.java:execute(569)) - e50ba753-2da3-49fc-b02e-4b4c8371c5c8-SegmentedRaftLogWorker:Storage Directory /tmp/workdir/hadoop-ozone/integration-test/target/test-dir/MiniOzoneClusterImpl-b70dd109-4c8a-4825-92cf-da82a42132cf/datanode-2/data/ratis/ff95ee01-1964-47a5-9b06-9205e730d1bd: created new log segment /tmp/workdir/hadoop-ozone/integration-test/target/test-dir/MiniOzoneClusterImpl-b70dd109-4c8a-4825-92cf-da82a42132cf/datanode-2/data/ratis/ff95ee01-1964-47a5-9b06-9205e730d1bd/current/log_inprogress_0
2019-07-14 01:13:53,428 INFO  segmented.SegmentedRaftLogWorker (SegmentedRaftLogWorker.java:execute(569)) - 7cb84e39-9597-4731-a5e7-7c957d291bd5-SegmentedRaftLogWorker:Storage Directory /tmp/workdir/hadoop-ozone/integration-test/target/test-dir/MiniOzoneClusterImpl-b70dd109-4c8a-4825-92cf-da82a42132cf/datanode-8/data/ratis/ff95ee01-1964-47a5-9b06-9205e730d1bd: created new log segment /tmp/workdir/hadoop-ozone/integration-test/target/test-dir/MiniOzoneClusterImpl-b70dd109-4c8a-4825-92cf-da82a42132cf/datanode-8/data/ratis/ff95ee01-1964-47a5-9b06-9205e730d1bd/current/log_inprogress_0
2019-07-14 01:13:53,646 INFO  client.GrpcClientProtocolClient (GrpcClientProtocolClient.java:onNext(255)) - client-4AA168061694->4b5e2365-0792-493b-a732-2ddb2a0a00c3: receive RaftClientReply:client-4AA168061694->4b5e2365-0792-493b-a732-2ddb2a0a00c3@group-36A2F889B02B, cid=19, FAILED org.apache.ratis.protocol.NotLeaderException: Server 4b5e2365-0792-493b-a732-2ddb2a0a00c3 is not the leader (e4f3b87b-e2e3-4845-b52f-439ada87136d:192.168.157.230:45517). Request must be sent to leader., logIndex=0, commits[4b5e2365-0792-493b-a732-2ddb2a0a00c3:c0, e4f3b87b-e2e3-4845-b52f-439ada87136d:c0, 41eb9e48-28e2-40bf-9fbd-6a61fe28873a:c-1]
2019-07-14 01:13:53,957 INFO  client.GrpcClientProtocolClient (GrpcClientProtocolClient.java:onNext(255)) - client-4AA168061694->e4f3b87b-e2e3-4845-b52f-439ada87136d: receive RaftClientReply:client-4AA168061694->e4f3b87b-e2e3-4845-b52f-439ada87136d@group-36A2F889B02B, cid=19, SUCCESS, logIndex=1, commits[e4f3b87b-e2e3-4845-b52f-439ada87136d:c1, 4b5e2365-0792-493b-a732-2ddb2a0a00c3:c0, 41eb9e48-28e2-40bf-9fbd-6a61fe28873a:c0]
2019-07-14 01:13:54,070 INFO  client.GrpcClientProtocolClient (GrpcClientProtocolClient.java:onNext(255)) - client-4AA168061694->e4f3b87b-e2e3-4845-b52f-439ada87136d: receive RaftClientReply:client-4AA168061694->e4f3b87b-e2e3-4845-b52f-439ada87136d@group-36A2F889B02B, cid=20, SUCCESS, logIndex=3, commits[e4f3b87b-e2e3-4845-b52f-439ada87136d:c4, 4b5e2365-0792-493b-a732-2ddb2a0a00c3:c3, 41eb9e48-28e2-40bf-9fbd-6a61fe28873a:c3]
2019-07-14 01:13:54,134 INFO  pipeline.Pipeline (Pipeline.java:getProtobufMessage(195)) - Serialize pipeline PipelineID=0e6a2148-4b1e-412e-bc0b-36a2f889b02b with nodesInOrder{ }
2019-07-14 01:13:54,136 INFO  pipeline.Pipeline (Pipeline.java:build(342)) - Deserialize nodesInOrder [41eb9e48-28e2-40bf-9fbd-6a61fe28873a{ip: 192.168.157.230, host: trunk-nightly-sxkq5-3320257302, networkLocation: /default-rack, certSerialId: null}, 41eb9e48-28e2-40bf-9fbd-6a61fe28873a{ip: 192.168.157.230, host: trunk-nightly-sxkq5-3320257302, networkLocation: /default-rack, certSerialId: null}, 41eb9e48-28e2-40bf-9fbd-6a61fe28873a{ip: 192.168.157.230, host: trunk-nightly-sxkq5-3320257302, networkLocation: /default-rack, certSerialId: null}] in pipeline PipelineID=0e6a2148-4b1e-412e-bc0b-36a2f889b02b
2019-07-14 01:13:54,140 INFO  datanode.ObjectStoreHandler (ObjectStoreHandler.java:close(155)) - Closing ObjectStoreHandler.
2019-07-14 01:13:54,142 INFO  ozone.HddsDatanodeService (HddsDatanodeService.java:stop(452)) - Stopped plug-in org.apache.hadoop.ozone.web.OzoneHddsDatanodeService@297bd171
2019-07-14 01:13:54,919 INFO  statemachine.DatanodeStateMachine (DatanodeStateMachine.java:lambda$startDaemon$0(350)) - Ozone container server started.
2019-07-14 01:13:58,294 INFO  impl.FollowerState (FollowerState.java:run(106)) - a0b17703-4af1-46b4-9f63-82cc7d3bf30b:group-CE75AFBAE0CC changes to CANDIDATE, lastRpcTime:5017, electionTimeout:5015ms
2019-07-14 01:13:58,294 INFO  impl.RoleInfo (RoleInfo.java:shutdownFollowerState(121)) - a0b17703-4af1-46b4-9f63-82cc7d3bf30b: shutdown FollowerState
2019-07-14 01:13:58,294 INFO  impl.RaftServerImpl (RaftServerImpl.java:setRole(171)) - a0b17703-4af1-46b4-9f63-82cc7d3bf30b:group-CE75AFBAE0CC changes role from FOLLOWER to CANDIDATE at term 1 for changeToCandidate
2019-07-14 01:13:58,294 INFO  impl.RoleInfo (RoleInfo.java:updateAndGet(143)) - a0b17703-4af1-46b4-9f63-82cc7d3bf30b: start LeaderElection
2019-07-14 01:13:58,308 INFO  impl.FollowerState (FollowerState.java:run(106)) - 73147663-acac-447a-ba79-4fa08a8cbb5c:group-CE75AFBAE0CC changes to CANDIDATE, lastRpcTime:5087, electionTimeout:5076ms
2019-07-14 01:13:58,308 INFO  impl.RoleInfo (RoleInfo.java:shutdownFollowerState(121)) - 73147663-acac-447a-ba79-4fa08a8cbb5c: shutdown FollowerState
2019-07-14 01:13:58,308 INFO  impl.RaftServerImpl (RaftServerImpl.java:setRole(171)) - 73147663-acac-447a-ba79-4fa08a8cbb5c:group-CE75AFBAE0CC changes role from FOLLOWER to CANDIDATE at term 1 for changeToCandidate
2019-07-14 01:13:58,309 INFO  impl.RoleInfo (RoleInfo.java:updateAndGet(143)) - 73147663-acac-447a-ba79-4fa08a8cbb5c: start LeaderElection
2019-07-14 01:13:58,322 INFO  impl.FollowerState (FollowerState.java:run(106)) - fb5e9d6f-50db-44c6-821d-074aef5524ac:group-CE75AFBAE0CC changes to CANDIDATE, lastRpcTime:5015, electionTimeout:5015ms
2019-07-14 01:13:58,322 INFO  impl.RoleInfo (RoleInfo.java:shutdownFollowerState(121)) - fb5e9d6f-50db-44c6-821d-074aef5524ac: shutdown FollowerState
2019-07-14 01:13:58,322 INFO  impl.RaftServerImpl (RaftServerImpl.java:setRole(171)) - fb5e9d6f-50db-44c6-821d-074aef5524ac:group-CE75AFBAE0CC changes role from FOLLOWER to CANDIDATE at term 1 for changeToCandidate
2019-07-14 01:13:58,322 INFO  impl.RoleInfo (RoleInfo.java:updateAndGet(143)) - fb5e9d6f-50db-44c6-821d-074aef5524ac: start LeaderElection
2019-07-14 01:13:58,323 INFO  impl.LeaderElection (LeaderElection.java:askForVotes(181)) - 73147663-acac-447a-ba79-4fa08a8cbb5c:group-CE75AFBAE0CC:LeaderElection17: begin an election at term 2 for -1: [73147663-acac-447a-ba79-4fa08a8cbb5c:192.168.157.230:44759, a0b17703-4af1-46b4-9f63-82cc7d3bf30b:192.168.157.230:36754, fb5e9d6f-50db-44c6-821d-074aef5524ac:192.168.157.230:39011], old=null
2019-07-14 01:13:58,322 INFO  impl.LeaderElection (LeaderElection.java:askForVotes(181)) - a0b17703-4af1-46b4-9f63-82cc7d3bf30b:group-CE75AFBAE0CC:LeaderElection16: begin an election at term 2 for -1: [73147663-acac-447a-ba79-4fa08a8cbb5c:192.168.157.230:44759, a0b17703-4af1-46b4-9f63-82cc7d3bf30b:192.168.157.230:36754, fb5e9d6f-50db-44c6-821d-074aef5524ac:192.168.157.230:39011], old=null
2019-07-14 01:13:58,338 INFO  impl.LeaderElection (LeaderElection.java:askForVotes(181)) - fb5e9d6f-50db-44c6-821d-074aef5524ac:group-CE75AFBAE0CC:LeaderElection18: begin an election at term 2 for -1: [73147663-acac-447a-ba79-4fa08a8cbb5c:192.168.157.230:44759, a0b17703-4af1-46b4-9f63-82cc7d3bf30b:192.168.157.230:36754, fb5e9d6f-50db-44c6-821d-074aef5524ac:192.168.157.230:39011], old=null
2019-07-14 01:13:58,340 INFO  impl.LeaderElection (LeaderElection.java:logAndReturn(56)) - 73147663-acac-447a-ba79-4fa08a8cbb5c:group-CE75AFBAE0CC:LeaderElection17: Election REJECTED; received 2 response(s) [73147663-acac-447a-ba79-4fa08a8cbb5c<-a0b17703-4af1-46b4-9f63-82cc7d3bf30b#0:FAIL-t2, 73147663-acac-447a-ba79-4fa08a8cbb5c<-fb5e9d6f-50db-44c6-821d-074aef5524ac#0:FAIL-t2] and 0 exception(s); 73147663-acac-447a-ba79-4fa08a8cbb5c:t2, leader=null, voted=73147663-acac-447a-ba79-4fa08a8cbb5c, raftlog=73147663-acac-447a-ba79-4fa08a8cbb5c-SegmentedRaftLog:OPENED:c-1,f-1,i0, conf=-1: [73147663-acac-447a-ba79-4fa08a8cbb5c:192.168.157.230:44759, a0b17703-4af1-46b4-9f63-82cc7d3bf30b:192.168.157.230:36754, fb5e9d6f-50db-44c6-821d-074aef5524ac:192.168.157.230:39011], old=null
2019-07-14 01:13:58,340 INFO  impl.RaftServerImpl (RaftServerImpl.java:setRole(171)) - 73147663-acac-447a-ba79-4fa08a8cbb5c:group-CE75AFBAE0CC changes role from CANDIDATE to FOLLOWER at term 2 for DISCOVERED_A_NEW_TERM
2019-07-14 01:13:58,343 INFO  impl.RoleInfo (RoleInfo.java:shutdownLeaderElection(134)) - 73147663-acac-447a-ba79-4fa08a8cbb5c: shutdown LeaderElection
2019-07-14 01:13:58,343 INFO  impl.RoleInfo (RoleInfo.java:updateAndGet(143)) - 73147663-acac-447a-ba79-4fa08a8cbb5c: start FollowerState
2019-07-14 01:13:58,346 INFO  impl.LeaderElection (LeaderElection.java:logAndReturn(56)) - a0b17703-4af1-46b4-9f63-82cc7d3bf30b:group-CE75AFBAE0CC:LeaderElection16: Election REJECTED; received 2 response(s) [a0b17703-4af1-46b4-9f63-82cc7d3bf30b<-73147663-acac-447a-ba79-4fa08a8cbb5c#0:FAIL-t2, a0b17703-4af1-46b4-9f63-82cc7d3bf30b<-fb5e9d6f-50db-44c6-821d-074aef5524ac#0:FAIL-t2] and 0 exception(s); a0b17703-4af1-46b4-9f63-82cc7d3bf30b:t2, leader=null, voted=a0b17703-4af1-46b4-9f63-82cc7d3bf30b, raftlog=a0b17703-4af1-46b4-9f63-82cc7d3bf30b-SegmentedRaftLog:OPENED:c-1,f-1,i0, conf=-1: [73147663-acac-447a-ba79-4fa08a8cbb5c:192.168.157.230:44759, a0b17703-4af1-46b4-9f63-82cc7d3bf30b:192.168.157.230:36754, fb5e9d6f-50db-44c6-821d-074aef5524ac:192.168.157.230:39011], old=null
2019-07-14 01:13:58,349 INFO  impl.RaftServerImpl (RaftServerImpl.java:setRole(171)) - a0b17703-4af1-46b4-9f63-82cc7d3bf30b:group-CE75AFBAE0CC changes role from CANDIDATE to FOLLOWER at term 2 for DISCOVERED_A_NEW_TERM
2019-07-14 01:13:58,351 INFO  impl.RoleInfo (RoleInfo.java:shutdownLeaderElection(134)) - a0b17703-4af1-46b4-9f63-82cc7d3bf30b: shutdown LeaderElection
2019-07-14 01:13:58,355 INFO  impl.RoleInfo (RoleInfo.java:updateAndGet(143)) - a0b17703-4af1-46b4-9f63-82cc7d3bf30b: start FollowerState
2019-07-14 01:13:58,360 INFO  impl.LeaderElection (LeaderElection.java:logAndReturn(56)) - fb5e9d6f-50db-44c6-821d-074aef5524ac:group-CE75AFBAE0CC:LeaderElection18: Election REJECTED; received 2 response(s) [fb5e9d6f-50db-44c6-821d-074aef5524ac<-73147663-acac-447a-ba79-4fa08a8cbb5c#0:FAIL-t2, fb5e9d6f-50db-44c6-821d-074aef5524ac<-a0b17703-4af1-46b4-9f63-82cc7d3bf30b#0:FAIL-t2] and 0 exception(s); fb5e9d6f-50db-44c6-821d-074aef5524ac:t2, leader=null, voted=fb5e9d6f-50db-44c6-821d-074aef5524ac, raftlog=fb5e9d6f-50db-44c6-821d-074aef5524ac-SegmentedRaftLog:OPENED:c-1,f-1,i0, conf=-1: [73147663-acac-447a-ba79-4fa08a8cbb5c:192.168.157.230:44759, a0b17703-4af1-46b4-9f63-82cc7d3bf30b:192.168.157.230:36754, fb5e9d6f-50db-44c6-821d-074aef5524ac:192.168.157.230:39011], old=null
2019-07-14 01:13:58,360 INFO  impl.RaftServerImpl (RaftServerImpl.java:setRole(171)) - fb5e9d6f-50db-44c6-821d-074aef5524ac:group-CE75AFBAE0CC changes role from CANDIDATE to FOLLOWER at term 2 for DISCOVERED_A_NEW_TERM
2019-07-14 01:13:58,361 INFO  impl.RoleInfo (RoleInfo.java:shutdownLeaderElection(134)) - fb5e9d6f-50db-44c6-821d-074aef5524ac: shutdown LeaderElection
2019-07-14 01:13:58,364 INFO  impl.RoleInfo (RoleInfo.java:updateAndGet(143)) - fb5e9d6f-50db-44c6-821d-074aef5524ac: start FollowerState
2019-07-14 01:13:59,145 INFO  ozoneimpl.OzoneContainer (OzoneContainer.java:stop(199)) - Attempting to stop container services.
2019-07-14 01:13:59,146 INFO  impl.RaftServerProxy (RaftServerProxy.java:lambda$close$4(314)) - 41eb9e48-28e2-40bf-9fbd-6a61fe28873a: close
2019-07-14 01:13:59,148 INFO  impl.RaftServerImpl (RaftServerImpl.java:lambda$shutdown$3(245)) - 41eb9e48-28e2-40bf-9fbd-6a61fe28873a: shutdown group-4BEC443FBFAB
2019-07-14 01:13:59,149 INFO  impl.RaftServerImpl (RaftServerImpl.java:lambda$shutdown$3(245)) - 41eb9e48-28e2-40bf-9fbd-6a61fe28873a: shutdown group-36A2F889B02B
2019-07-14 01:13:59,149 INFO  util.JmxRegister (JmxRegister.java:unregister(73)) - Successfully un-registered JMX Bean with object name Ratis:service=RaftServer,group=group-4BEC443FBFAB,id=41eb9e48-28e2-40bf-9fbd-6a61fe28873a
2019-07-14 01:13:59,149 INFO  util.JmxRegister (JmxRegister.java:unregister(73)) - Successfully un-registered JMX Bean with object name Ratis:service=RaftServer,group=group-36A2F889B02B,id=41eb9e48-28e2-40bf-9fbd-6a61fe28873a
2019-07-14 01:13:59,150 INFO  impl.RoleInfo (RoleInfo.java:shutdownLeaderState(104)) - 41eb9e48-28e2-40bf-9fbd-6a61fe28873a: shutdown LeaderState
2019-07-14 01:13:59,150 INFO  impl.RoleInfo (RoleInfo.java:shutdownFollowerState(121)) - 41eb9e48-28e2-40bf-9fbd-6a61fe28873a: shutdown FollowerState
2019-07-14 01:13:59,150 INFO  impl.StateMachineUpdater (StateMachineUpdater.java:stopAndJoin(115)) - StateMachineUpdater:41eb9e48-28e2-40bf-9fbd-6a61fe28873a:group-36A2F889B02B: set stopIndex = 4
2019-07-14 01:13:59,151 INFO  ratis.ContainerStateMachine (ContainerStateMachine.java:takeSnapshot(246)) - Taking snapshot at termIndex:(t:1, i:3)
2019-07-14 01:13:59,150 INFO  impl.FollowerState (FollowerState.java:run(114)) - 41eb9e48-28e2-40bf-9fbd-6a61fe28873a: FollowerState was interrupted: java.lang.InterruptedException: sleep interrupted
2019-07-14 01:13:59,151 INFO  impl.PendingRequests (PendingRequests.java:sendNotLeaderResponses(202)) - 41eb9e48-28e2-40bf-9fbd-6a61fe28873a-PendingRequests: sendNotLeaderResponses
2019-07-14 01:13:59,151 INFO  ratis.ContainerStateMachine (ContainerStateMachine.java:takeSnapshot(250)) - Taking a snapshot to file /tmp/workdir/hadoop-ozone/integration-test/target/test-dir/MiniOzoneClusterImpl-b70dd109-4c8a-4825-92cf-da82a42132cf/datanode-9/data/ratis/0e6a2148-4b1e-412e-bc0b-36a2f889b02b/sm/snapshot.1_3
2019-07-14 01:13:59,154 INFO  impl.StateMachineUpdater (StateMachineUpdater.java:stopAndJoin(115)) - StateMachineUpdater:41eb9e48-28e2-40bf-9fbd-6a61fe28873a:group-4BEC443FBFAB: set stopIndex = 0
2019-07-14 01:13:59,167 INFO  ratis.ContainerStateMachine (ContainerStateMachine.java:takeSnapshot(246)) - Taking snapshot at termIndex:(t:0, i:~)
2019-07-14 01:13:59,167 INFO  impl.RaftServerImpl (ServerState.java:close(394)) - 41eb9e48-28e2-40bf-9fbd-6a61fe28873a:group-4BEC443FBFAB closes. The last applied log index is 0
2019-07-14 01:13:59,170 INFO  segmented.SegmentedRaftLogWorker (SegmentedRaftLogWorker.java:run(313)) - 41eb9e48-28e2-40bf-9fbd-6a61fe28873a-SegmentedRaftLogWorker:Storage Directory /tmp/workdir/hadoop-ozone/integration-test/target/test-dir/MiniOzoneClusterImpl-b70dd109-4c8a-4825-92cf-da82a42132cf/datanode-9/data/ratis/1f26bc36-87dc-4ce4-a836-4bec443fbfab was interrupted, exiting. There are 0 tasks remaining in the queue.
2019-07-14 01:13:59,174 INFO  segmented.SegmentedRaftLogWorker (SegmentedRaftLogWorker.java:close(228)) - 41eb9e48-28e2-40bf-9fbd-6a61fe28873a-SegmentedRaftLogWorker:Storage Directory /tmp/workdir/hadoop-ozone/integration-test/target/test-dir/MiniOzoneClusterImpl-b70dd109-4c8a-4825-92cf-da82a42132cf/datanode-9/data/ratis/1f26bc36-87dc-4ce4-a836-4bec443fbfab close()
2019-07-14 01:13:59,186 INFO  impl.StateMachineUpdater (StateMachineUpdater.java:takeSnapshot(242)) - StateMachineUpdater:41eb9e48-28e2-40bf-9fbd-6a61fe28873a:group-36A2F889B02B: Took a snapshot at index 3
2019-07-14 01:13:59,189 INFO  impl.StateMachineUpdater (StateMachineUpdater.java:lambda$new$0(80)) - StateMachineUpdater:41eb9e48-28e2-40bf-9fbd-6a61fe28873a:group-36A2F889B02B: snapshotIndex: updateIncreasingly -1 -> 3
2019-07-14 01:13:59,195 INFO  impl.RaftServerImpl (ServerState.java:close(394)) - 41eb9e48-28e2-40bf-9fbd-6a61fe28873a:group-36A2F889B02B closes. The last applied log index is 4
2019-07-14 01:13:59,195 INFO  segmented.SegmentedRaftLogWorker (SegmentedRaftLogWorker.java:run(313)) - 41eb9e48-28e2-40bf-9fbd-6a61fe28873a-SegmentedRaftLogWorker:Storage Directory /tmp/workdir/hadoop-ozone/integration-test/target/test-dir/MiniOzoneClusterImpl-b70dd109-4c8a-4825-92cf-da82a42132cf/datanode-9/data/ratis/0e6a2148-4b1e-412e-bc0b-36a2f889b02b was interrupted, exiting. There are 0 tasks remaining in the queue.
2019-07-14 01:13:59,198 INFO  segmented.SegmentedRaftLogWorker (SegmentedRaftLogWorker.java:close(228)) - 41eb9e48-28e2-40bf-9fbd-6a61fe28873a-SegmentedRaftLogWorker:Storage Directory /tmp/workdir/hadoop-ozone/integration-test/target/test-dir/MiniOzoneClusterImpl-b70dd109-4c8a-4825-92cf-da82a42132cf/datanode-9/data/ratis/0e6a2148-4b1e-412e-bc0b-36a2f889b02b close()
2019-07-14 01:13:59,204 INFO  server.GrpcService (GrpcService.java:closeImpl(155)) - 41eb9e48-28e2-40bf-9fbd-6a61fe28873a: shutdown server with port 38252 now
2019-07-14 01:13:59,221 INFO  server.GrpcService (GrpcService.java:closeImpl(163)) - 41eb9e48-28e2-40bf-9fbd-6a61fe28873a: shutdown server with port 38252 successfully
2019-07-14 01:13:59,222 WARN  server.GrpcServerProtocolService (LogUtils.java:warn(134)) - 41eb9e48-28e2-40bf-9fbd-6a61fe28873a: appendEntries onError: org.apache.ratis.thirdparty.io.grpc.StatusRuntimeException: CANCELLED: cancelled before receiving half close
2019-07-14 01:13:59,227 WARN  server.GrpcLogAppender (LogUtils.java:warn(134)) - e4f3b87b-e2e3-4845-b52f-439ada87136d->41eb9e48-28e2-40bf-9fbd-6a61fe28873a: Failed appendEntries: org.apache.ratis.thirdparty.io.grpc.StatusRuntimeException: CANCELLED: HTTP/2 error code: CANCEL
Received Rst Stream
2019-07-14 01:13:59,234 INFO  impl.FollowerInfo (FollowerInfo.java:lambda$new$0(50)) - e4f3b87b-e2e3-4845-b52f-439ada87136d->41eb9e48-28e2-40bf-9fbd-6a61fe28873a: nextIndex: updateUnconditionally 5 -> 4
2019-07-14 01:13:59,239 INFO  utils.BackgroundService (BackgroundService.java:shutdown(148)) - Shutting down service BlockDeletingService
2019-07-14 01:13:59,241 WARN  fs.CachingGetSpaceUsed (CachingGetSpaceUsed.java:run(183)) - Thread Interrupted waiting to refresh disk information: sleep interrupted
2019-07-14 01:13:59,268 INFO  statemachine.DatanodeStateMachine (DatanodeStateMachine.java:stopDaemon(395)) - Ozone container server stopped.
2019-07-14 01:13:59,272 INFO  handler.ContextHandler (ContextHandler.java:doStop(910)) - Stopped o.e.j.w.WebAppContext@76af34b5{/,null,UNAVAILABLE}{/hddsDatanode}
2019-07-14 01:13:59,278 INFO  server.AbstractConnector (AbstractConnector.java:doStop(318)) - Stopped ServerConnector@3313463c{HTTP/1.1,[http/1.1]}{0.0.0.0:0}
2019-07-14 01:13:59,279 INFO  handler.ContextHandler (ContextHandler.java:doStop(910)) - Stopped o.e.j.s.ServletContextHandler@628ba266{/static,jar:file:/home/user/.m2/repository/org/apache/hadoop/hadoop-hdds-container-service/0.5.0-SNAPSHOT/hadoop-hdds-container-service-0.5.0-SNAPSHOT.jar!/webapps/static,UNAVAILABLE}
2019-07-14 01:13:59,279 INFO  handler.ContextHandler (ContextHandler.java:doStop(910)) - Stopped o.e.j.s.ServletContextHandler@40f9f60d{/logs,file:///tmp/workdir/hadoop-ozone/integration-test/target/log,UNAVAILABLE}
2019-07-14 01:13:59,292 INFO  pipeline.Pipeline (Pipeline.java:getProtobufMessage(195)) - Serialize pipeline PipelineID=0e6a2148-4b1e-412e-bc0b-36a2f889b02b with nodesInOrder{ }
2019-07-14 01:13:59,293 INFO  pipeline.Pipeline (Pipeline.java:build(342)) - Deserialize nodesInOrder [41eb9e48-28e2-40bf-9fbd-6a61fe28873a{ip: 192.168.157.230, host: trunk-nightly-sxkq5-3320257302, networkLocation: /default-rack, certSerialId: null}, 41eb9e48-28e2-40bf-9fbd-6a61fe28873a{ip: 192.168.157.230, host: trunk-nightly-sxkq5-3320257302, networkLocation: /default-rack, certSerialId: null}, 41eb9e48-28e2-40bf-9fbd-6a61fe28873a{ip: 192.168.157.230, host: trunk-nightly-sxkq5-3320257302, networkLocation: /default-rack, certSerialId: null}] in pipeline PipelineID=0e6a2148-4b1e-412e-bc0b-36a2f889b02b
2019-07-14 01:13:59,300 INFO  pipeline.Pipeline (Pipeline.java:getProtobufMessage(195)) - Serialize pipeline PipelineID=0e6a2148-4b1e-412e-bc0b-36a2f889b02b with nodesInOrder{ }
2019-07-14 01:13:59,301 INFO  pipeline.Pipeline (Pipeline.java:build(342)) - Deserialize nodesInOrder [41eb9e48-28e2-40bf-9fbd-6a61fe28873a{ip: 192.168.157.230, host: trunk-nightly-sxkq5-3320257302, networkLocation: /default-rack, certSerialId: null}, 41eb9e48-28e2-40bf-9fbd-6a61fe28873a{ip: 192.168.157.230, host: trunk-nightly-sxkq5-3320257302, networkLocation: /default-rack, certSerialId: null}, 41eb9e48-28e2-40bf-9fbd-6a61fe28873a{ip: 192.168.157.230, host: trunk-nightly-sxkq5-3320257302, networkLocation: /default-rack, certSerialId: null}] in pipeline PipelineID=0e6a2148-4b1e-412e-bc0b-36a2f889b02b
2019-07-14 01:13:59,416 ERROR scm.XceiverClientGrpc (XceiverClientGrpc.java:sendCommandWithRetry(308)) - Failed to execute command cmdType: ReadChunk
traceID: "cdcc339047899fec:cdcc339047899fec:0:0"
containerID: 1
datanodeUuid: "41eb9e48-28e2-40bf-9fbd-6a61fe28873a"
readChunk {
  blockID {
    containerID: 1
    localID: 102437147653308417
    blockCommitSequenceId: 3
  }
  chunkData {
    chunkName: "4494129fbb25f1d12bd19e9db361584c_stream_11b2de45-40e0-49ec-af87-3db48a3df989_chunk_1"
    offset: 0
    len: 12
    checksumData {
      type: CRC32
      bytesPerChecksum: 1048576
      checksums: "\000\000\000\000\357\322\354/"
    }
  }
}
 on the pipeline PipelineID=0e6a2148-4b1e-412e-bc0b-36a2f889b02b
]]></system-out>
    <system-err><![CDATA[ERROR StatusLogger No Log4j 2 configuration file found. Using default configuration (logging only errors to the console), or user programmatically provided configurations. Set system property 'log4j2.debug' to show Log4j 2 internal initialization logging. See https://logging.apache.org/log4j/2.x/manual/configuration.html for instructions on how to configure Log4j 2
Jul 14, 2019 1:13:40 AM com.sun.jersey.server.impl.application.WebApplicationImpl _initiate
INFO: Initiating Jersey application, version 'Jersey: 1.19 02/11/2015 03:25 AM'
Jul 14, 2019 1:13:41 AM com.sun.jersey.server.impl.application.WebApplicationImpl _initiate
INFO: Initiating Jersey application, version 'Jersey: 1.19 02/11/2015 03:25 AM'
Jul 14, 2019 1:13:41 AM com.sun.jersey.server.impl.application.WebApplicationImpl _initiate
INFO: Initiating Jersey application, version 'Jersey: 1.19 02/11/2015 03:25 AM'
Jul 14, 2019 1:13:41 AM com.sun.jersey.server.impl.application.WebApplicationImpl _initiate
INFO: Initiating Jersey application, version 'Jersey: 1.19 02/11/2015 03:25 AM'
Jul 14, 2019 1:13:42 AM com.sun.jersey.server.impl.application.WebApplicationImpl _initiate
INFO: Initiating Jersey application, version 'Jersey: 1.19 02/11/2015 03:25 AM'
Jul 14, 2019 1:13:42 AM com.sun.jersey.server.impl.application.WebApplicationImpl _initiate
INFO: Initiating Jersey application, version 'Jersey: 1.19 02/11/2015 03:25 AM'
Jul 14, 2019 1:13:42 AM com.sun.jersey.server.impl.application.WebApplicationImpl _initiate
INFO: Initiating Jersey application, version 'Jersey: 1.19 02/11/2015 03:25 AM'
Jul 14, 2019 1:13:42 AM com.sun.jersey.server.impl.application.WebApplicationImpl _initiate
INFO: Initiating Jersey application, version 'Jersey: 1.19 02/11/2015 03:25 AM'
Jul 14, 2019 1:13:42 AM com.sun.jersey.server.impl.application.WebApplicationImpl _initiate
INFO: Initiating Jersey application, version 'Jersey: 1.19 02/11/2015 03:25 AM'
Jul 14, 2019 1:13:43 AM com.sun.jersey.server.impl.application.WebApplicationImpl _initiate
INFO: Initiating Jersey application, version 'Jersey: 1.19 02/11/2015 03:25 AM'
]]></system-err>
  </testcase>
</testsuite>